[{"Plan": {"Node Type": "Sort","Parallel Aware": false,"Async Capable": false,"Startup Cost": 397889.21,"Total Cost": 399077.01,"Plan Rows": 475120,"Plan Width": 71,"Actual Startup Time": 10785.011,"Actual Total Time": 10839.032,"Actual Rows": 9,"Actual Loops": 1,"Sort Key": ["orders.o_totalprice DESC", "orders.o_orderdate"],"Sort Method": "quicksort","Sort Space Used": 25,"Sort Space Type": "Memory","Plans": [{"Node Type": "Aggregate","Strategy": "Hashed","Partial Mode": "Simple","Parent Relationship": "Outer","Parallel Aware": false,"Async Capable": false,"Startup Cost": 347151.30,"Total Cost": 353090.30,"Plan Rows": 475120,"Plan Width": 71,"Actual Startup Time": 10763.855,"Actual Total Time": 10838.848,"Actual Rows": 9,"Actual Loops": 1,"Group Key": ["customer.c_custkey", "orders.o_orderkey"],"Planned Partitions": 0,"HashAgg Batches": 1,"Peak Memory Usage": 24601,"Disk Usage": 0,"Plans": [{"Node Type": "Gather","Parent Relationship": "Outer","Parallel Aware": false,"Async Capable": false,"Startup Cost": 216528.94,"Total Cost": 343587.90,"Plan Rows": 475120,"Plan Width": 44,"Actual Startup Time": 9674.071,"Actual Total Time": 10813.470,"Actual Rows": 63,"Actual Loops": 1,"Workers Planned": 3,"Workers Launched": 3,"Single Copy": false,"Plans": [{"Node Type": "Hash Join","Parent Relationship": "Outer","Parallel Aware": true,"Async Capable": false,"Join Type": "Inner","Startup Cost": 215528.94,"Total Cost": 295075.90,"Plan Rows": 153265,"Plan Width": 44,"Actual Startup Time": 10141.072,"Actual Total Time": 10312.965,"Actual Rows": 16,"Actual Loops": 4,"Inner Unique": true,"Hash Cond": "(orders.o_custkey = customer.c_custkey)","Workers": [],"Plans": [{"Node Type": "Nested Loop","Parent Relationship": "Outer","Parallel Aware": false,"Async Capable": false,"Join Type": "Inner","Startup Cost": 210537.69,"Total Cost": 289682.32,"Plan Rows": 153265,"Plan Width": 25,"Actual Startup Time": 10104.129,"Actual Total Time": 10275.947,"Actual Rows": 16,"Actual Loops": 4,"Inner Unique": false,"Workers": [],"Plans": [{"Node Type": "Hash Join","Parent Relationship": "Outer","Parallel Aware": false,"Async Capable": false,"Join Type": "Inner","Startup Cost": 210537.26,"Total Cost": 242741.13,"Plan Rows": 38308,"Plan Width": 24,"Actual Startup Time": 10104.052,"Actual Total Time": 10275.739,"Actual Rows": 2,"Actual Loops": 4,"Inner Unique": true,"Hash Cond": "(orders.o_orderkey = lineitem_1.l_orderkey)","Workers": [],"Plans": [{"Node Type": "Seq Scan","Parent Relationship": "Outer","Parallel Aware": true,"Async Capable": false,"Relation Name": "orders","Alias": "orders","Startup Cost": 0.00,"Total Cost": 30933.71,"Plan Rows": 483871,"Plan Width": 20,"Actual Startup Time": 0.007,"Actual Total Time": 53.689,"Actual Rows": 375000,"Actual Loops": 4,"Workers": []},{"Node Type": "Hash","Parent Relationship": "Inner","Parallel Aware": false,"Async Capable": false,"Startup Cost": 209052.81,"Total Cost": 209052.81,"Plan Rows": 118756,"Plan Width": 4,"Actual Startup Time": 10025.157,"Actual Total Time": 10025.166,"Actual Rows": 9,"Actual Loops": 4,"Hash Buckets": 131072,"Original Hash Buckets": 131072,"Hash Batches": 1,"Original Hash Batches": 1,"Peak Memory Usage": 1025,"Workers": [],"Plans": [{"Node Type": "Aggregate","Strategy": "Hashed","Partial Mode": "Simple","Parent Relationship": "Outer","Parallel Aware": false,"Async Capable": false,"Startup Cost": 202521.23,"Total Cost": 207865.25,"Plan Rows": 118756,"Plan Width": 4,"Actual Startup Time": 6285.839,"Actual Total Time": 10024.981,"Actual Rows": 9,"Actual Loops": 4,"Group Key": ["lineitem_1.l_orderkey"],"Filter": "(sum(lineitem_1.l_quantity) > '314'::numeric)","Planned Partitions": 0,"HashAgg Batches": 1,"Peak Memory Usage": 638993,"Disk Usage": 0,"Rows Removed by Filter": 1499991,"Workers": [{"Worker Number": 0,"HashAgg Batches": 1,"Peak Memory Usage": 638993,"Disk Usage": 0},{"Worker Number": 1,"HashAgg Batches": 1,"Peak Memory Usage": 638993,"Disk Usage": 0},{"Worker Number": 2,"HashAgg Batches": 1,"Peak Memory Usage": 638993,"Disk Usage": 0}],"Plans": [{"Node Type": "Seq Scan","Parent Relationship": "Outer","Parallel Aware": false,"Async Capable": false,"Relation Name": "lineitem","Alias": "lineitem_1","Startup Cost": 0.00,"Total Cost": 172515.15,"Plan Rows": 6001215,"Plan Width": 9,"Actual Startup Time": 0.019,"Actual Total Time": 931.752,"Actual Rows": 6001215,"Actual Loops": 4,"Workers": []}]}]}]},{"Node Type": "Index Scan","Parent Relationship": "Inner","Parallel Aware": false,"Async Capable": false,"Scan Direction": "Forward","Index Name": "idx_lineitem_orderkey","Relation Name": "lineitem","Alias": "lineitem","Startup Cost": 0.43,"Total Cost": 1.06,"Plan Rows": 17,"Plan Width": 9,"Actual Startup Time": 0.055,"Actual Total Time": 0.062,"Actual Rows": 7,"Actual Loops": 9,"Index Cond": "(l_orderkey = orders.o_orderkey)","Rows Removed by Index Recheck": 0,"Workers": []}]},{"Node Type": "Hash","Parent Relationship": "Inner","Parallel Aware": true,"Async Capable": false,"Startup Cost": 4210.00,"Total Cost": 4210.00,"Plan Rows": 62500,"Plan Width": 23,"Actual Startup Time": 36.172,"Actual Total Time": 36.190,"Actual Rows": 37500,"Actual Loops": 4,"Hash Buckets": 262144,"Original Hash Buckets": 262144,"Hash Batches": 1,"Original Hash Batches": 1,"Peak Memory Usage": 10336,"Workers": [],"Plans": [{"Node Type": "Seq Scan","Parent Relationship": "Outer","Parallel Aware": true,"Async Capable": false,"Relation Name": "customer","Alias": "customer","Startup Cost": 0.00,"Total Cost": 4210.00,"Plan Rows": 62500,"Plan Width": 23,"Actual Startup Time": 0.024,"Actual Total Time": 17.933,"Actual Rows": 37500,"Actual Loops": 4,"Workers": []}]}]}]}]}]},"Planning Time": 6.881,"Triggers": [],"Execution Time": 10893.482}]
[{"Plan": {"Node Type": "Sort","Parallel Aware": false,"Async Capable": false,"Startup Cost": 397889.21,"Total Cost": 399077.01,"Plan Rows": 475120,"Plan Width": 71,"Actual Startup Time": 10785.011,"Actual Total Time": 10839.032,"Actual Rows": 9,"Actual Loops": 1,"Sort Key": ["orders.o_totalprice DESC", "orders.o_orderdate"],"Sort Method": "quicksort","Sort Space Used": 25,"Sort Space Type": "Memory","Plans": [{"Node Type": "Aggregate","Strategy": "Hashed","Partial Mode": "Simple","Parent Relationship": "Outer","Parallel Aware": false,"Async Capable": false,"Startup Cost": 347151.30,"Total Cost": 353090.30,"Plan Rows": 475120,"Plan Width": 71,"Actual Startup Time": 10763.855,"Actual Total Time": 10838.848,"Actual Rows": 9,"Actual Loops": 1,"Group Key": ["customer.c_custkey", "orders.o_orderkey"],"Planned Partitions": 0,"HashAgg Batches": 1,"Peak Memory Usage": 24601,"Disk Usage": 0,"Plans": [{"Node Type": "Gather","Parent Relationship": "Outer","Parallel Aware": false,"Async Capable": false,"Startup Cost": 216528.94,"Total Cost": 343587.90,"Plan Rows": 475120,"Plan Width": 44,"Actual Startup Time": 9674.071,"Actual Total Time": 10813.470,"Actual Rows": 63,"Actual Loops": 1,"Workers Planned": 3,"Workers Launched": 3,"Single Copy": false,"Plans": [{"Node Type": "Hash Join","Parent Relationship": "Outer","Parallel Aware": true,"Async Capable": false,"Join Type": "Inner","Startup Cost": 215528.94,"Total Cost": 295075.90,"Plan Rows": 153265,"Plan Width": 44,"Actual Startup Time": 10141.072,"Actual Total Time": 10312.965,"Actual Rows": 16,"Actual Loops": 4,"Inner Unique": true,"Hash Cond": "(orders.o_custkey = customer.c_custkey)","Workers": [],"Plans": [{"Node Type": "Nested Loop","Parent Relationship": "Outer","Parallel Aware": false,"Async Capable": false,"Join Type": "Inner","Startup Cost": 210537.69,"Total Cost": 289682.32,"Plan Rows": 153265,"Plan Width": 25,"Actual Startup Time": 10104.129,"Actual Total Time": 10275.947,"Actual Rows": 16,"Actual Loops": 4,"Inner Unique": false,"Workers": [],"Plans": [{"Node Type": "Hash Join","Parent Relationship": "Outer","Parallel Aware": false,"Async Capable": false,"Join Type": "Inner","Startup Cost": 210537.26,"Total Cost": 242741.13,"Plan Rows": 38308,"Plan Width": 24,"Actual Startup Time": 10104.052,"Actual Total Time": 10275.739,"Actual Rows": 2,"Actual Loops": 4,"Inner Unique": true,"Hash Cond": "(orders.o_orderkey = lineitem_1.l_orderkey)","Workers": [],"Plans": [{"Node Type": "Seq Scan","Parent Relationship": "Outer","Parallel Aware": true,"Async Capable": false,"Relation Name": "orders","Alias": "orders","Startup Cost": 0.00,"Total Cost": 30933.71,"Plan Rows": 483871,"Plan Width": 20,"Actual Startup Time": 0.007,"Actual Total Time": 53.689,"Actual Rows": 375000,"Actual Loops": 4,"Workers": []},{"Node Type": "Hash","Parent Relationship": "Inner","Parallel Aware": false,"Async Capable": false,"Startup Cost": 209052.81,"Total Cost": 209052.81,"Plan Rows": 118756,"Plan Width": 4,"Actual Startup Time": 10025.157,"Actual Total Time": 10025.166,"Actual Rows": 9,"Actual Loops": 4,"Hash Buckets": 131072,"Original Hash Buckets": 131072,"Hash Batches": 1,"Original Hash Batches": 1,"Peak Memory Usage": 1025,"Workers": [],"Plans": [{"Node Type": "Aggregate","Strategy": "Hashed","Partial Mode": "Simple","Parent Relationship": "Outer","Parallel Aware": false,"Async Capable": false,"Startup Cost": 202521.23,"Total Cost": 207865.25,"Plan Rows": 118756,"Plan Width": 4,"Actual Startup Time": 6285.839,"Actual Total Time": 10024.981,"Actual Rows": 9,"Actual Loops": 4,"Group Key": ["lineitem_1.l_orderkey"],"Filter": "(sum(lineitem_1.l_quantity) > '314'::numeric)","Planned Partitions": 0,"HashAgg Batches": 1,"Peak Memory Usage": 638993,"Disk Usage": 0,"Rows Removed by Filter": 1499991,"Workers": [{"Worker Number": 0,"HashAgg Batches": 1,"Peak Memory Usage": 638993,"Disk Usage": 0},{"Worker Number": 1,"HashAgg Batches": 1,"Peak Memory Usage": 638993,"Disk Usage": 0},{"Worker Number": 2,"HashAgg Batches": 1,"Peak Memory Usage": 638993,"Disk Usage": 0}],"Plans": [{"Node Type": "Seq Scan","Parent Relationship": "Outer","Parallel Aware": false,"Async Capable": false,"Relation Name": "lineitem","Alias": "lineitem_1","Startup Cost": 0.00,"Total Cost": 172515.15,"Plan Rows": 6001215,"Plan Width": 9,"Actual Startup Time": 0.019,"Actual Total Time": 931.752,"Actual Rows": 6001215,"Actual Loops": 4,"Workers": []}]}]}]},{"Node Type": "Index Scan","Parent Relationship": "Inner","Parallel Aware": false,"Async Capable": false,"Scan Direction": "Forward","Index Name": "idx_lineitem_orderkey","Relation Name": "lineitem","Alias": "lineitem","Startup Cost": 0.43,"Total Cost": 1.06,"Plan Rows": 17,"Plan Width": 9,"Actual Startup Time": 0.055,"Actual Total Time": 0.062,"Actual Rows": 7,"Actual Loops": 9,"Index Cond": "(l_orderkey = orders.o_orderkey)","Rows Removed by Index Recheck": 0,"Workers": []}]},{"Node Type": "Hash","Parent Relationship": "Inner","Parallel Aware": true,"Async Capable": false,"Startup Cost": 4210.00,"Total Cost": 4210.00,"Plan Rows": 62500,"Plan Width": 23,"Actual Startup Time": 36.172,"Actual Total Time": 36.190,"Actual Rows": 37500,"Actual Loops": 4,"Hash Buckets": 262144,"Original Hash Buckets": 262144,"Hash Batches": 1,"Original Hash Batches": 1,"Peak Memory Usage": 10336,"Workers": [],"Plans": [{"Node Type": "Seq Scan","Parent Relationship": "Outer","Parallel Aware": true,"Async Capable": false,"Relation Name": "customer","Alias": "customer","Startup Cost": 0.00,"Total Cost": 4210.00,"Plan Rows": 62500,"Plan Width": 23,"Actual Startup Time": 0.024,"Actual Total Time": 17.933,"Actual Rows": 37500,"Actual Loops": 4,"Workers": []}]}]}]}]}]},"Planning Time": 6.881,"Triggers": [],"Execution Time": 10893.482}]
[{"Plan": {"Node Type": "Sort","Parallel Aware": false,"Async Capable": false,"Startup Cost": 397889.21,"Total Cost": 399077.01,"Plan Rows": 475120,"Plan Width": 71,"Actual Startup Time": 10785.011,"Actual Total Time": 10839.032,"Actual Rows": 9,"Actual Loops": 1,"Sort Key": ["orders.o_totalprice DESC", "orders.o_orderdate"],"Sort Method": "quicksort","Sort Space Used": 25,"Sort Space Type": "Memory","Plans": [{"Node Type": "Aggregate","Strategy": "Hashed","Partial Mode": "Simple","Parent Relationship": "Outer","Parallel Aware": false,"Async Capable": false,"Startup Cost": 347151.30,"Total Cost": 353090.30,"Plan Rows": 475120,"Plan Width": 71,"Actual Startup Time": 10763.855,"Actual Total Time": 10838.848,"Actual Rows": 9,"Actual Loops": 1,"Group Key": ["customer.c_custkey", "orders.o_orderkey"],"Planned Partitions": 0,"HashAgg Batches": 1,"Peak Memory Usage": 24601,"Disk Usage": 0,"Plans": [{"Node Type": "Gather","Parent Relationship": "Outer","Parallel Aware": false,"Async Capable": false,"Startup Cost": 216528.94,"Total Cost": 343587.90,"Plan Rows": 475120,"Plan Width": 44,"Actual Startup Time": 9674.071,"Actual Total Time": 10813.470,"Actual Rows": 63,"Actual Loops": 1,"Workers Planned": 3,"Workers Launched": 3,"Single Copy": false,"Plans": [{"Node Type": "Hash Join","Parent Relationship": "Outer","Parallel Aware": true,"Async Capable": false,"Join Type": "Inner","Startup Cost": 215528.94,"Total Cost": 295075.90,"Plan Rows": 153265,"Plan Width": 44,"Actual Startup Time": 10141.072,"Actual Total Time": 10312.965,"Actual Rows": 16,"Actual Loops": 4,"Inner Unique": true,"Hash Cond": "(orders.o_custkey = customer.c_custkey)","Workers": [],"Plans": [{"Node Type": "Nested Loop","Parent Relationship": "Outer","Parallel Aware": false,"Async Capable": false,"Join Type": "Inner","Startup Cost": 210537.69,"Total Cost": 289682.32,"Plan Rows": 153265,"Plan Width": 25,"Actual Startup Time": 10104.129,"Actual Total Time": 10275.947,"Actual Rows": 16,"Actual Loops": 4,"Inner Unique": false,"Workers": [],"Plans": [{"Node Type": "Hash Join","Parent Relationship": "Outer","Parallel Aware": false,"Async Capable": false,"Join Type": "Inner","Startup Cost": 210537.26,"Total Cost": 242741.13,"Plan Rows": 38308,"Plan Width": 24,"Actual Startup Time": 10104.052,"Actual Total Time": 10275.739,"Actual Rows": 2,"Actual Loops": 4,"Inner Unique": true,"Hash Cond": "(orders.o_orderkey = lineitem_1.l_orderkey)","Workers": [],"Plans": [{"Node Type": "Seq Scan","Parent Relationship": "Outer","Parallel Aware": true,"Async Capable": false,"Relation Name": "orders","Alias": "orders","Startup Cost": 0.00,"Total Cost": 30933.71,"Plan Rows": 483871,"Plan Width": 20,"Actual Startup Time": 0.007,"Actual Total Time": 53.689,"Actual Rows": 375000,"Actual Loops": 4,"Workers": []},{"Node Type": "Hash","Parent Relationship": "Inner","Parallel Aware": false,"Async Capable": false,"Startup Cost": 209052.81,"Total Cost": 209052.81,"Plan Rows": 118756,"Plan Width": 4,"Actual Startup Time": 10025.157,"Actual Total Time": 10025.166,"Actual Rows": 9,"Actual Loops": 4,"Hash Buckets": 131072,"Original Hash Buckets": 131072,"Hash Batches": 1,"Original Hash Batches": 1,"Peak Memory Usage": 1025,"Workers": [],"Plans": [{"Node Type": "Aggregate","Strategy": "Hashed","Partial Mode": "Simple","Parent Relationship": "Outer","Parallel Aware": false,"Async Capable": false,"Startup Cost": 202521.23,"Total Cost": 207865.25,"Plan Rows": 118756,"Plan Width": 4,"Actual Startup Time": 6285.839,"Actual Total Time": 10024.981,"Actual Rows": 9,"Actual Loops": 4,"Group Key": ["lineitem_1.l_orderkey"],"Filter": "(sum(lineitem_1.l_quantity) > '314'::numeric)","Planned Partitions": 0,"HashAgg Batches": 1,"Peak Memory Usage": 638993,"Disk Usage": 0,"Rows Removed by Filter": 1499991,"Workers": [{"Worker Number": 0,"HashAgg Batches": 1,"Peak Memory Usage": 638993,"Disk Usage": 0},{"Worker Number": 1,"HashAgg Batches": 1,"Peak Memory Usage": 638993,"Disk Usage": 0},{"Worker Number": 2,"HashAgg Batches": 1,"Peak Memory Usage": 638993,"Disk Usage": 0}],"Plans": [{"Node Type": "Seq Scan","Parent Relationship": "Outer","Parallel Aware": false,"Async Capable": false,"Relation Name": "lineitem","Alias": "lineitem_1","Startup Cost": 0.00,"Total Cost": 172515.15,"Plan Rows": 6001215,"Plan Width": 9,"Actual Startup Time": 0.019,"Actual Total Time": 931.752,"Actual Rows": 6001215,"Actual Loops": 4,"Workers": []}]}]}]},{"Node Type": "Index Scan","Parent Relationship": "Inner","Parallel Aware": false,"Async Capable": false,"Scan Direction": "Forward","Index Name": "idx_lineitem_orderkey","Relation Name": "lineitem","Alias": "lineitem","Startup Cost": 0.43,"Total Cost": 1.06,"Plan Rows": 17,"Plan Width": 9,"Actual Startup Time": 0.055,"Actual Total Time": 0.062,"Actual Rows": 7,"Actual Loops": 9,"Index Cond": "(l_orderkey = orders.o_orderkey)","Rows Removed by Index Recheck": 0,"Workers": []}]},{"Node Type": "Hash","Parent Relationship": "Inner","Parallel Aware": true,"Async Capable": false,"Startup Cost": 4210.00,"Total Cost": 4210.00,"Plan Rows": 62500,"Plan Width": 23,"Actual Startup Time": 36.172,"Actual Total Time": 36.190,"Actual Rows": 37500,"Actual Loops": 4,"Hash Buckets": 262144,"Original Hash Buckets": 262144,"Hash Batches": 1,"Original Hash Batches": 1,"Peak Memory Usage": 10336,"Workers": [],"Plans": [{"Node Type": "Seq Scan","Parent Relationship": "Outer","Parallel Aware": true,"Async Capable": false,"Relation Name": "customer","Alias": "customer","Startup Cost": 0.00,"Total Cost": 4210.00,"Plan Rows": 62500,"Plan Width": 23,"Actual Startup Time": 0.024,"Actual Total Time": 17.933,"Actual Rows": 37500,"Actual Loops": 4,"Workers": []}]}]}]}]}]},"Planning Time": 6.881,"Triggers": [],"Execution Time": 10893.482}]
[{"Plan": {"Node Type": "Sort","Parallel Aware": false,"Async Capable": false,"Startup Cost": 397889.21,"Total Cost": 399077.01,"Plan Rows": 475120,"Plan Width": 71,"Actual Startup Time": 10950.105,"Actual Total Time": 10953.954,"Actual Rows": 9,"Actual Loops": 1,"Sort Key": ["orders.o_totalprice DESC", "orders.o_orderdate"],"Sort Method": "quicksort","Sort Space Used": 25,"Sort Space Type": "Memory","Plans": [{"Node Type": "Aggregate","Strategy": "Hashed","Partial Mode": "Simple","Parent Relationship": "Outer","Parallel Aware": false,"Async Capable": false,"Startup Cost": 347151.30,"Total Cost": 353090.30,"Plan Rows": 475120,"Plan Width": 71,"Actual Startup Time": 10902.471,"Actual Total Time": 10953.715,"Actual Rows": 9,"Actual Loops": 1,"Group Key": ["customer.c_custkey", "orders.o_orderkey"],"Planned Partitions": 0,"HashAgg Batches": 1,"Peak Memory Usage": 24601,"Disk Usage": 0,"Plans": [{"Node Type": "Gather","Parent Relationship": "Outer","Parallel Aware": false,"Async Capable": false,"Startup Cost": 216528.94,"Total Cost": 343587.90,"Plan Rows": 475120,"Plan Width": 44,"Actual Startup Time": 10893.800,"Actual Total Time": 10897.693,"Actual Rows": 63,"Actual Loops": 1,"Workers Planned": 3,"Workers Launched": 3,"Single Copy": false,"Plans": [{"Node Type": "Hash Join","Parent Relationship": "Outer","Parallel Aware": true,"Async Capable": false,"Join Type": "Inner","Startup Cost": 215528.94,"Total Cost": 295075.90,"Plan Rows": 153265,"Plan Width": 44,"Actual Startup Time": 10134.253,"Actual Total Time": 10314.794,"Actual Rows": 16,"Actual Loops": 4,"Inner Unique": true,"Hash Cond": "(orders.o_custkey = customer.c_custkey)","Workers": [],"Plans": [{"Node Type": "Nested Loop","Parent Relationship": "Outer","Parallel Aware": false,"Async Capable": false,"Join Type": "Inner","Startup Cost": 210537.69,"Total Cost": 289682.32,"Plan Rows": 153265,"Plan Width": 25,"Actual Startup Time": 10099.687,"Actual Total Time": 10280.153,"Actual Rows": 16,"Actual Loops": 4,"Inner Unique": false,"Workers": [],"Plans": [{"Node Type": "Hash Join","Parent Relationship": "Outer","Parallel Aware": false,"Async Capable": false,"Join Type": "Inner","Startup Cost": 210537.26,"Total Cost": 242741.13,"Plan Rows": 38308,"Plan Width": 24,"Actual Startup Time": 10099.575,"Actual Total Time": 10279.892,"Actual Rows": 2,"Actual Loops": 4,"Inner Unique": true,"Hash Cond": "(orders.o_orderkey = lineitem_1.l_orderkey)","Workers": [],"Plans": [{"Node Type": "Seq Scan","Parent Relationship": "Outer","Parallel Aware": true,"Async Capable": false,"Relation Name": "orders","Alias": "orders","Startup Cost": 0.00,"Total Cost": 30933.71,"Plan Rows": 483871,"Plan Width": 20,"Actual Startup Time": 0.011,"Actual Total Time": 51.627,"Actual Rows": 375000,"Actual Loops": 4,"Workers": []},{"Node Type": "Hash","Parent Relationship": "Inner","Parallel Aware": false,"Async Capable": false,"Startup Cost": 209052.81,"Total Cost": 209052.81,"Plan Rows": 118756,"Plan Width": 4,"Actual Startup Time": 10016.825,"Actual Total Time": 10016.839,"Actual Rows": 9,"Actual Loops": 4,"Hash Buckets": 131072,"Original Hash Buckets": 131072,"Hash Batches": 1,"Original Hash Batches": 1,"Peak Memory Usage": 1025,"Workers": [],"Plans": [{"Node Type": "Aggregate","Strategy": "Hashed","Partial Mode": "Simple","Parent Relationship": "Outer","Parallel Aware": false,"Async Capable": false,"Startup Cost": 202521.23,"Total Cost": 207865.25,"Plan Rows": 118756,"Plan Width": 4,"Actual Startup Time": 6319.140,"Actual Total Time": 10016.671,"Actual Rows": 9,"Actual Loops": 4,"Group Key": ["lineitem_1.l_orderkey"],"Filter": "(sum(lineitem_1.l_quantity) > '315'::numeric)","Planned Partitions": 0,"HashAgg Batches": 1,"Peak Memory Usage": 638993,"Disk Usage": 0,"Rows Removed by Filter": 1499991,"Workers": [{"Worker Number": 0,"HashAgg Batches": 1,"Peak Memory Usage": 638993,"Disk Usage": 0},{"Worker Number": 1,"HashAgg Batches": 1,"Peak Memory Usage": 638993,"Disk Usage": 0},{"Worker Number": 2,"HashAgg Batches": 1,"Peak Memory Usage": 638993,"Disk Usage": 0}],"Plans": [{"Node Type": "Seq Scan","Parent Relationship": "Outer","Parallel Aware": false,"Async Capable": false,"Relation Name": "lineitem","Alias": "lineitem_1","Startup Cost": 0.00,"Total Cost": 172515.15,"Plan Rows": 6001215,"Plan Width": 9,"Actual Startup Time": 0.018,"Actual Total Time": 971.843,"Actual Rows": 6001215,"Actual Loops": 4,"Workers": []}]}]}]},{"Node Type": "Index Scan","Parent Relationship": "Inner","Parallel Aware": false,"Async Capable": false,"Scan Direction": "Forward","Index Name": "idx_lineitem_orderkey","Relation Name": "lineitem","Alias": "lineitem","Startup Cost": 0.43,"Total Cost": 1.06,"Plan Rows": 17,"Plan Width": 9,"Actual Startup Time": 0.069,"Actual Total Time": 0.079,"Actual Rows": 7,"Actual Loops": 9,"Index Cond": "(l_orderkey = orders.o_orderkey)","Rows Removed by Index Recheck": 0,"Workers": []}]},{"Node Type": "Hash","Parent Relationship": "Inner","Parallel Aware": true,"Async Capable": false,"Startup Cost": 4210.00,"Total Cost": 4210.00,"Plan Rows": 62500,"Plan Width": 23,"Actual Startup Time": 33.677,"Actual Total Time": 33.684,"Actual Rows": 37500,"Actual Loops": 4,"Hash Buckets": 262144,"Original Hash Buckets": 262144,"Hash Batches": 1,"Original Hash Batches": 1,"Peak Memory Usage": 10368,"Workers": [],"Plans": [{"Node Type": "Seq Scan","Parent Relationship": "Outer","Parallel Aware": true,"Async Capable": false,"Relation Name": "customer","Alias": "customer","Startup Cost": 0.00,"Total Cost": 4210.00,"Plan Rows": 62500,"Plan Width": 23,"Actual Startup Time": 0.019,"Actual Total Time": 16.715,"Actual Rows": 37500,"Actual Loops": 4,"Workers": []}]}]}]}]}]},"Planning Time": 6.132,"Triggers": [],"Execution Time": 11002.531}]
[{"Plan": {"Node Type": "Sort","Parallel Aware": false,"Async Capable": false,"Startup Cost": 397889.21,"Total Cost": 399077.01,"Plan Rows": 475120,"Plan Width": 71,"Actual Startup Time": 10785.011,"Actual Total Time": 10839.032,"Actual Rows": 9,"Actual Loops": 1,"Sort Key": ["orders.o_totalprice DESC", "orders.o_orderdate"],"Sort Method": "quicksort","Sort Space Used": 25,"Sort Space Type": "Memory","Plans": [{"Node Type": "Aggregate","Strategy": "Hashed","Partial Mode": "Simple","Parent Relationship": "Outer","Parallel Aware": false,"Async Capable": false,"Startup Cost": 347151.30,"Total Cost": 353090.30,"Plan Rows": 475120,"Plan Width": 71,"Actual Startup Time": 10763.855,"Actual Total Time": 10838.848,"Actual Rows": 9,"Actual Loops": 1,"Group Key": ["customer.c_custkey", "orders.o_orderkey"],"Planned Partitions": 0,"HashAgg Batches": 1,"Peak Memory Usage": 24601,"Disk Usage": 0,"Plans": [{"Node Type": "Gather","Parent Relationship": "Outer","Parallel Aware": false,"Async Capable": false,"Startup Cost": 216528.94,"Total Cost": 343587.90,"Plan Rows": 475120,"Plan Width": 44,"Actual Startup Time": 9674.071,"Actual Total Time": 10813.470,"Actual Rows": 63,"Actual Loops": 1,"Workers Planned": 3,"Workers Launched": 3,"Single Copy": false,"Plans": [{"Node Type": "Hash Join","Parent Relationship": "Outer","Parallel Aware": true,"Async Capable": false,"Join Type": "Inner","Startup Cost": 215528.94,"Total Cost": 295075.90,"Plan Rows": 153265,"Plan Width": 44,"Actual Startup Time": 10141.072,"Actual Total Time": 10312.965,"Actual Rows": 16,"Actual Loops": 4,"Inner Unique": true,"Hash Cond": "(orders.o_custkey = customer.c_custkey)","Workers": [],"Plans": [{"Node Type": "Nested Loop","Parent Relationship": "Outer","Parallel Aware": false,"Async Capable": false,"Join Type": "Inner","Startup Cost": 210537.69,"Total Cost": 289682.32,"Plan Rows": 153265,"Plan Width": 25,"Actual Startup Time": 10104.129,"Actual Total Time": 10275.947,"Actual Rows": 16,"Actual Loops": 4,"Inner Unique": false,"Workers": [],"Plans": [{"Node Type": "Hash Join","Parent Relationship": "Outer","Parallel Aware": false,"Async Capable": false,"Join Type": "Inner","Startup Cost": 210537.26,"Total Cost": 242741.13,"Plan Rows": 38308,"Plan Width": 24,"Actual Startup Time": 10104.052,"Actual Total Time": 10275.739,"Actual Rows": 2,"Actual Loops": 4,"Inner Unique": true,"Hash Cond": "(orders.o_orderkey = lineitem_1.l_orderkey)","Workers": [],"Plans": [{"Node Type": "Seq Scan","Parent Relationship": "Outer","Parallel Aware": true,"Async Capable": false,"Relation Name": "orders","Alias": "orders","Startup Cost": 0.00,"Total Cost": 30933.71,"Plan Rows": 483871,"Plan Width": 20,"Actual Startup Time": 0.007,"Actual Total Time": 53.689,"Actual Rows": 375000,"Actual Loops": 4,"Workers": []},{"Node Type": "Hash","Parent Relationship": "Inner","Parallel Aware": false,"Async Capable": false,"Startup Cost": 209052.81,"Total Cost": 209052.81,"Plan Rows": 118756,"Plan Width": 4,"Actual Startup Time": 10025.157,"Actual Total Time": 10025.166,"Actual Rows": 9,"Actual Loops": 4,"Hash Buckets": 131072,"Original Hash Buckets": 131072,"Hash Batches": 1,"Original Hash Batches": 1,"Peak Memory Usage": 1025,"Workers": [],"Plans": [{"Node Type": "Aggregate","Strategy": "Hashed","Partial Mode": "Simple","Parent Relationship": "Outer","Parallel Aware": false,"Async Capable": false,"Startup Cost": 202521.23,"Total Cost": 207865.25,"Plan Rows": 118756,"Plan Width": 4,"Actual Startup Time": 6285.839,"Actual Total Time": 10024.981,"Actual Rows": 9,"Actual Loops": 4,"Group Key": ["lineitem_1.l_orderkey"],"Filter": "(sum(lineitem_1.l_quantity) > '314'::numeric)","Planned Partitions": 0,"HashAgg Batches": 1,"Peak Memory Usage": 638993,"Disk Usage": 0,"Rows Removed by Filter": 1499991,"Workers": [{"Worker Number": 0,"HashAgg Batches": 1,"Peak Memory Usage": 638993,"Disk Usage": 0},{"Worker Number": 1,"HashAgg Batches": 1,"Peak Memory Usage": 638993,"Disk Usage": 0},{"Worker Number": 2,"HashAgg Batches": 1,"Peak Memory Usage": 638993,"Disk Usage": 0}],"Plans": [{"Node Type": "Seq Scan","Parent Relationship": "Outer","Parallel Aware": false,"Async Capable": false,"Relation Name": "lineitem","Alias": "lineitem_1","Startup Cost": 0.00,"Total Cost": 172515.15,"Plan Rows": 6001215,"Plan Width": 9,"Actual Startup Time": 0.019,"Actual Total Time": 931.752,"Actual Rows": 6001215,"Actual Loops": 4,"Workers": []}]}]}]},{"Node Type": "Index Scan","Parent Relationship": "Inner","Parallel Aware": false,"Async Capable": false,"Scan Direction": "Forward","Index Name": "idx_lineitem_orderkey","Relation Name": "lineitem","Alias": "lineitem","Startup Cost": 0.43,"Total Cost": 1.06,"Plan Rows": 17,"Plan Width": 9,"Actual Startup Time": 0.055,"Actual Total Time": 0.062,"Actual Rows": 7,"Actual Loops": 9,"Index Cond": "(l_orderkey = orders.o_orderkey)","Rows Removed by Index Recheck": 0,"Workers": []}]},{"Node Type": "Hash","Parent Relationship": "Inner","Parallel Aware": true,"Async Capable": false,"Startup Cost": 4210.00,"Total Cost": 4210.00,"Plan Rows": 62500,"Plan Width": 23,"Actual Startup Time": 36.172,"Actual Total Time": 36.190,"Actual Rows": 37500,"Actual Loops": 4,"Hash Buckets": 262144,"Original Hash Buckets": 262144,"Hash Batches": 1,"Original Hash Batches": 1,"Peak Memory Usage": 10336,"Workers": [],"Plans": [{"Node Type": "Seq Scan","Parent Relationship": "Outer","Parallel Aware": true,"Async Capable": false,"Relation Name": "customer","Alias": "customer","Startup Cost": 0.00,"Total Cost": 4210.00,"Plan Rows": 62500,"Plan Width": 23,"Actual Startup Time": 0.024,"Actual Total Time": 17.933,"Actual Rows": 37500,"Actual Loops": 4,"Workers": []}]}]}]}]}]},"Planning Time": 6.881,"Triggers": [],"Execution Time": 10893.482}]
[{"Plan": {"Node Type": "Sort","Parallel Aware": false,"Async Capable": false,"Startup Cost": 397889.21,"Total Cost": 399077.01,"Plan Rows": 475120,"Plan Width": 71,"Actual Startup Time": 10887.509,"Actual Total Time": 10908.132,"Actual Rows": 10,"Actual Loops": 1,"Sort Key": ["orders.o_totalprice DESC", "orders.o_orderdate"],"Sort Method": "quicksort","Sort Space Used": 25,"Sort Space Type": "Memory","Plans": [{"Node Type": "Aggregate","Strategy": "Hashed","Partial Mode": "Simple","Parent Relationship": "Outer","Parallel Aware": false,"Async Capable": false,"Startup Cost": 347151.30,"Total Cost": 353090.30,"Plan Rows": 475120,"Plan Width": 71,"Actual Startup Time": 10848.812,"Actual Total Time": 10907.941,"Actual Rows": 10,"Actual Loops": 1,"Group Key": ["customer.c_custkey", "orders.o_orderkey"],"Planned Partitions": 0,"HashAgg Batches": 1,"Peak Memory Usage": 24601,"Disk Usage": 0,"Plans": [{"Node Type": "Gather","Parent Relationship": "Outer","Parallel Aware": false,"Async Capable": false,"Startup Cost": 216528.94,"Total Cost": 343587.90,"Plan Rows": 475120,"Plan Width": 44,"Actual Startup Time": 10782.037,"Actual Total Time": 10858.151,"Actual Rows": 70,"Actual Loops": 1,"Workers Planned": 3,"Workers Launched": 3,"Single Copy": false,"Plans": [{"Node Type": "Hash Join","Parent Relationship": "Outer","Parallel Aware": true,"Async Capable": false,"Join Type": "Inner","Startup Cost": 215528.94,"Total Cost": 295075.90,"Plan Rows": 153265,"Plan Width": 44,"Actual Startup Time": 10180.765,"Actual Total Time": 10348.312,"Actual Rows": 18,"Actual Loops": 4,"Inner Unique": true,"Hash Cond": "(orders.o_custkey = customer.c_custkey)","Workers": [],"Plans": [{"Node Type": "Nested Loop","Parent Relationship": "Outer","Parallel Aware": false,"Async Capable": false,"Join Type": "Inner","Startup Cost": 210537.69,"Total Cost": 289682.32,"Plan Rows": 153265,"Plan Width": 25,"Actual Startup Time": 10142.809,"Actual Total Time": 10310.270,"Actual Rows": 18,"Actual Loops": 4,"Inner Unique": false,"Workers": [],"Plans": [{"Node Type": "Hash Join","Parent Relationship": "Outer","Parallel Aware": false,"Async Capable": false,"Join Type": "Inner","Startup Cost": 210537.26,"Total Cost": 242741.13,"Plan Rows": 38308,"Plan Width": 24,"Actual Startup Time": 10142.670,"Actual Total Time": 10309.991,"Actual Rows": 2,"Actual Loops": 4,"Inner Unique": true,"Hash Cond": "(orders.o_orderkey = lineitem_1.l_orderkey)","Workers": [],"Plans": [{"Node Type": "Seq Scan","Parent Relationship": "Outer","Parallel Aware": true,"Async Capable": false,"Relation Name": "orders","Alias": "orders","Startup Cost": 0.00,"Total Cost": 30933.71,"Plan Rows": 483871,"Plan Width": 20,"Actual Startup Time": 0.009,"Actual Total Time": 49.040,"Actual Rows": 375000,"Actual Loops": 4,"Workers": []},{"Node Type": "Hash","Parent Relationship": "Inner","Parallel Aware": false,"Async Capable": false,"Startup Cost": 209052.81,"Total Cost": 209052.81,"Plan Rows": 118756,"Plan Width": 4,"Actual Startup Time": 10075.163,"Actual Total Time": 10075.176,"Actual Rows": 10,"Actual Loops": 4,"Hash Buckets": 131072,"Original Hash Buckets": 131072,"Hash Batches": 1,"Original Hash Batches": 1,"Peak Memory Usage": 1025,"Workers": [],"Plans": [{"Node Type": "Aggregate","Strategy": "Hashed","Partial Mode": "Simple","Parent Relationship": "Outer","Parallel Aware": false,"Async Capable": false,"Startup Cost": 202521.23,"Total Cost": 207865.25,"Plan Rows": 118756,"Plan Width": 4,"Actual Startup Time": 6293.151,"Actual Total Time": 10074.968,"Actual Rows": 10,"Actual Loops": 4,"Group Key": ["lineitem_1.l_orderkey"],"Filter": "(sum(lineitem_1.l_quantity) > '312'::numeric)","Planned Partitions": 0,"HashAgg Batches": 1,"Peak Memory Usage": 638993,"Disk Usage": 0,"Rows Removed by Filter": 1499990,"Workers": [{"Worker Number": 0,"HashAgg Batches": 1,"Peak Memory Usage": 638993,"Disk Usage": 0},{"Worker Number": 1,"HashAgg Batches": 1,"Peak Memory Usage": 638993,"Disk Usage": 0},{"Worker Number": 2,"HashAgg Batches": 1,"Peak Memory Usage": 638993,"Disk Usage": 0}],"Plans": [{"Node Type": "Seq Scan","Parent Relationship": "Outer","Parallel Aware": false,"Async Capable": false,"Relation Name": "lineitem","Alias": "lineitem_1","Startup Cost": 0.00,"Total Cost": 172515.15,"Plan Rows": 6001215,"Plan Width": 9,"Actual Startup Time": 0.021,"Actual Total Time": 960.546,"Actual Rows": 6001215,"Actual Loops": 4,"Workers": []}]}]}]},{"Node Type": "Index Scan","Parent Relationship": "Inner","Parallel Aware": false,"Async Capable": false,"Scan Direction": "Forward","Index Name": "idx_lineitem_orderkey","Relation Name": "lineitem","Alias": "lineitem","Startup Cost": 0.43,"Total Cost": 1.06,"Plan Rows": 17,"Plan Width": 9,"Actual Startup Time": 0.072,"Actual Total Time": 0.079,"Actual Rows": 7,"Actual Loops": 10,"Index Cond": "(l_orderkey = orders.o_orderkey)","Rows Removed by Index Recheck": 0,"Workers": []}]},{"Node Type": "Hash","Parent Relationship": "Inner","Parallel Aware": true,"Async Capable": false,"Startup Cost": 4210.00,"Total Cost": 4210.00,"Plan Rows": 62500,"Plan Width": 23,"Actual Startup Time": 37.105,"Actual Total Time": 37.114,"Actual Rows": 37500,"Actual Loops": 4,"Hash Buckets": 262144,"Original Hash Buckets": 262144,"Hash Batches": 1,"Original Hash Batches": 1,"Peak Memory Usage": 10368,"Workers": [],"Plans": [{"Node Type": "Seq Scan","Parent Relationship": "Outer","Parallel Aware": true,"Async Capable": false,"Relation Name": "customer","Alias": "customer","Startup Cost": 0.00,"Total Cost": 4210.00,"Plan Rows": 62500,"Plan Width": 23,"Actual Startup Time": 0.025,"Actual Total Time": 19.726,"Actual Rows": 37500,"Actual Loops": 4,"Workers": []}]}]}]}]}]},"Planning Time": 6.715,"Triggers": [],"Execution Time": 10961.817}]
[{"Plan": {"Node Type": "Sort","Parallel Aware": false,"Async Capable": false,"Startup Cost": 397889.21,"Total Cost": 399077.01,"Plan Rows": 475120,"Plan Width": 71,"Actual Startup Time": 10345.847,"Actual Total Time": 10377.998,"Actual Rows": 9,"Actual Loops": 1,"Sort Key": ["orders.o_totalprice DESC", "orders.o_orderdate"],"Sort Method": "quicksort","Sort Space Used": 25,"Sort Space Type": "Memory","Plans": [{"Node Type": "Aggregate","Strategy": "Hashed","Partial Mode": "Simple","Parent Relationship": "Outer","Parallel Aware": false,"Async Capable": false,"Startup Cost": 347151.30,"Total Cost": 353090.30,"Plan Rows": 475120,"Plan Width": 71,"Actual Startup Time": 10329.232,"Actual Total Time": 10377.856,"Actual Rows": 9,"Actual Loops": 1,"Group Key": ["customer.c_custkey", "orders.o_orderkey"],"Planned Partitions": 0,"HashAgg Batches": 1,"Peak Memory Usage": 24601,"Disk Usage": 0,"Plans": [{"Node Type": "Gather","Parent Relationship": "Outer","Parallel Aware": false,"Async Capable": false,"Startup Cost": 216528.94,"Total Cost": 343587.90,"Plan Rows": 475120,"Plan Width": 44,"Actual Startup Time": 10053.961,"Actual Total Time": 10357.615,"Actual Rows": 63,"Actual Loops": 1,"Workers Planned": 3,"Workers Launched": 3,"Single Copy": false,"Plans": [{"Node Type": "Hash Join","Parent Relationship": "Outer","Parallel Aware": true,"Async Capable": false,"Join Type": "Inner","Startup Cost": 215528.94,"Total Cost": 295075.90,"Plan Rows": 153265,"Plan Width": 44,"Actual Startup Time": 10157.696,"Actual Total Time": 10258.651,"Actual Rows": 16,"Actual Loops": 4,"Inner Unique": true,"Hash Cond": "(orders.o_custkey = customer.c_custkey)","Workers": [],"Plans": [{"Node Type": "Nested Loop","Parent Relationship": "Outer","Parallel Aware": false,"Async Capable": false,"Join Type": "Inner","Startup Cost": 210537.69,"Total Cost": 289682.32,"Plan Rows": 153265,"Plan Width": 25,"Actual Startup Time": 10123.332,"Actual Total Time": 10224.239,"Actual Rows": 16,"Actual Loops": 4,"Inner Unique": false,"Workers": [],"Plans": [{"Node Type": "Hash Join","Parent Relationship": "Outer","Parallel Aware": false,"Async Capable": false,"Join Type": "Inner","Startup Cost": 210537.26,"Total Cost": 242741.13,"Plan Rows": 38308,"Plan Width": 24,"Actual Startup Time": 10123.186,"Actual Total Time": 10223.998,"Actual Rows": 2,"Actual Loops": 4,"Inner Unique": true,"Hash Cond": "(orders.o_orderkey = lineitem_1.l_orderkey)","Workers": [],"Plans": [{"Node Type": "Seq Scan","Parent Relationship": "Outer","Parallel Aware": true,"Async Capable": false,"Relation Name": "orders","Alias": "orders","Startup Cost": 0.00,"Total Cost": 30933.71,"Plan Rows": 483871,"Plan Width": 20,"Actual Startup Time": 0.011,"Actual Total Time": 49.852,"Actual Rows": 375000,"Actual Loops": 4,"Workers": []},{"Node Type": "Hash","Parent Relationship": "Inner","Parallel Aware": false,"Async Capable": false,"Startup Cost": 209052.81,"Total Cost": 209052.81,"Plan Rows": 118756,"Plan Width": 4,"Actual Startup Time": 10005.666,"Actual Total Time": 10005.673,"Actual Rows": 9,"Actual Loops": 4,"Hash Buckets": 131072,"Original Hash Buckets": 131072,"Hash Batches": 1,"Original Hash Batches": 1,"Peak Memory Usage": 1025,"Workers": [],"Plans": [{"Node Type": "Aggregate","Strategy": "Hashed","Partial Mode": "Simple","Parent Relationship": "Outer","Parallel Aware": false,"Async Capable": false,"Startup Cost": 202521.23,"Total Cost": 207865.25,"Plan Rows": 118756,"Plan Width": 4,"Actual Startup Time": 6310.010,"Actual Total Time": 10005.543,"Actual Rows": 9,"Actual Loops": 4,"Group Key": ["lineitem_1.l_orderkey"],"Filter": "(sum(lineitem_1.l_quantity) > '313'::numeric)","Planned Partitions": 0,"HashAgg Batches": 1,"Peak Memory Usage": 638993,"Disk Usage": 0,"Rows Removed by Filter": 1499991,"Workers": [{"Worker Number": 0,"HashAgg Batches": 1,"Peak Memory Usage": 638993,"Disk Usage": 0},{"Worker Number": 1,"HashAgg Batches": 1,"Peak Memory Usage": 638993,"Disk Usage": 0},{"Worker Number": 2,"HashAgg Batches": 1,"Peak Memory Usage": 638993,"Disk Usage": 0}],"Plans": [{"Node Type": "Seq Scan","Parent Relationship": "Outer","Parallel Aware": false,"Async Capable": false,"Relation Name": "lineitem","Alias": "lineitem_1","Startup Cost": 0.00,"Total Cost": 172515.15,"Plan Rows": 6001215,"Plan Width": 9,"Actual Startup Time": 0.020,"Actual Total Time": 994.479,"Actual Rows": 6001215,"Actual Loops": 4,"Workers": []}]}]}]},{"Node Type": "Index Scan","Parent Relationship": "Inner","Parallel Aware": false,"Async Capable": false,"Scan Direction": "Forward","Index Name": "idx_lineitem_orderkey","Relation Name": "lineitem","Alias": "lineitem","Startup Cost": 0.43,"Total Cost": 1.06,"Plan Rows": 17,"Plan Width": 9,"Actual Startup Time": 0.068,"Actual Total Time": 0.075,"Actual Rows": 7,"Actual Loops": 9,"Index Cond": "(l_orderkey = orders.o_orderkey)","Rows Removed by Index Recheck": 0,"Workers": []}]},{"Node Type": "Hash","Parent Relationship": "Inner","Parallel Aware": true,"Async Capable": false,"Startup Cost": 4210.00,"Total Cost": 4210.00,"Plan Rows": 62500,"Plan Width": 23,"Actual Startup Time": 33.578,"Actual Total Time": 33.582,"Actual Rows": 37500,"Actual Loops": 4,"Hash Buckets": 262144,"Original Hash Buckets": 262144,"Hash Batches": 1,"Original Hash Batches": 1,"Peak Memory Usage": 10336,"Workers": [],"Plans": [{"Node Type": "Seq Scan","Parent Relationship": "Outer","Parallel Aware": true,"Async Capable": false,"Relation Name": "customer","Alias": "customer","Startup Cost": 0.00,"Total Cost": 4210.00,"Plan Rows": 62500,"Plan Width": 23,"Actual Startup Time": 0.023,"Actual Total Time": 16.777,"Actual Rows": 37500,"Actual Loops": 4,"Workers": []}]}]}]}]}]},"Planning Time": 6.662,"Triggers": [],"Execution Time": 10430.266}]
[{"Plan": {"Node Type": "Sort","Parallel Aware": false,"Async Capable": false,"Startup Cost": 397889.21,"Total Cost": 399077.01,"Plan Rows": 475120,"Plan Width": 71,"Actual Startup Time": 10345.847,"Actual Total Time": 10377.998,"Actual Rows": 9,"Actual Loops": 1,"Sort Key": ["orders.o_totalprice DESC", "orders.o_orderdate"],"Sort Method": "quicksort","Sort Space Used": 25,"Sort Space Type": "Memory","Plans": [{"Node Type": "Aggregate","Strategy": "Hashed","Partial Mode": "Simple","Parent Relationship": "Outer","Parallel Aware": false,"Async Capable": false,"Startup Cost": 347151.30,"Total Cost": 353090.30,"Plan Rows": 475120,"Plan Width": 71,"Actual Startup Time": 10329.232,"Actual Total Time": 10377.856,"Actual Rows": 9,"Actual Loops": 1,"Group Key": ["customer.c_custkey", "orders.o_orderkey"],"Planned Partitions": 0,"HashAgg Batches": 1,"Peak Memory Usage": 24601,"Disk Usage": 0,"Plans": [{"Node Type": "Gather","Parent Relationship": "Outer","Parallel Aware": false,"Async Capable": false,"Startup Cost": 216528.94,"Total Cost": 343587.90,"Plan Rows": 475120,"Plan Width": 44,"Actual Startup Time": 10053.961,"Actual Total Time": 10357.615,"Actual Rows": 63,"Actual Loops": 1,"Workers Planned": 3,"Workers Launched": 3,"Single Copy": false,"Plans": [{"Node Type": "Hash Join","Parent Relationship": "Outer","Parallel Aware": true,"Async Capable": false,"Join Type": "Inner","Startup Cost": 215528.94,"Total Cost": 295075.90,"Plan Rows": 153265,"Plan Width": 44,"Actual Startup Time": 10157.696,"Actual Total Time": 10258.651,"Actual Rows": 16,"Actual Loops": 4,"Inner Unique": true,"Hash Cond": "(orders.o_custkey = customer.c_custkey)","Workers": [],"Plans": [{"Node Type": "Nested Loop","Parent Relationship": "Outer","Parallel Aware": false,"Async Capable": false,"Join Type": "Inner","Startup Cost": 210537.69,"Total Cost": 289682.32,"Plan Rows": 153265,"Plan Width": 25,"Actual Startup Time": 10123.332,"Actual Total Time": 10224.239,"Actual Rows": 16,"Actual Loops": 4,"Inner Unique": false,"Workers": [],"Plans": [{"Node Type": "Hash Join","Parent Relationship": "Outer","Parallel Aware": false,"Async Capable": false,"Join Type": "Inner","Startup Cost": 210537.26,"Total Cost": 242741.13,"Plan Rows": 38308,"Plan Width": 24,"Actual Startup Time": 10123.186,"Actual Total Time": 10223.998,"Actual Rows": 2,"Actual Loops": 4,"Inner Unique": true,"Hash Cond": "(orders.o_orderkey = lineitem_1.l_orderkey)","Workers": [],"Plans": [{"Node Type": "Seq Scan","Parent Relationship": "Outer","Parallel Aware": true,"Async Capable": false,"Relation Name": "orders","Alias": "orders","Startup Cost": 0.00,"Total Cost": 30933.71,"Plan Rows": 483871,"Plan Width": 20,"Actual Startup Time": 0.011,"Actual Total Time": 49.852,"Actual Rows": 375000,"Actual Loops": 4,"Workers": []},{"Node Type": "Hash","Parent Relationship": "Inner","Parallel Aware": false,"Async Capable": false,"Startup Cost": 209052.81,"Total Cost": 209052.81,"Plan Rows": 118756,"Plan Width": 4,"Actual Startup Time": 10005.666,"Actual Total Time": 10005.673,"Actual Rows": 9,"Actual Loops": 4,"Hash Buckets": 131072,"Original Hash Buckets": 131072,"Hash Batches": 1,"Original Hash Batches": 1,"Peak Memory Usage": 1025,"Workers": [],"Plans": [{"Node Type": "Aggregate","Strategy": "Hashed","Partial Mode": "Simple","Parent Relationship": "Outer","Parallel Aware": false,"Async Capable": false,"Startup Cost": 202521.23,"Total Cost": 207865.25,"Plan Rows": 118756,"Plan Width": 4,"Actual Startup Time": 6310.010,"Actual Total Time": 10005.543,"Actual Rows": 9,"Actual Loops": 4,"Group Key": ["lineitem_1.l_orderkey"],"Filter": "(sum(lineitem_1.l_quantity) > '313'::numeric)","Planned Partitions": 0,"HashAgg Batches": 1,"Peak Memory Usage": 638993,"Disk Usage": 0,"Rows Removed by Filter": 1499991,"Workers": [{"Worker Number": 0,"HashAgg Batches": 1,"Peak Memory Usage": 638993,"Disk Usage": 0},{"Worker Number": 1,"HashAgg Batches": 1,"Peak Memory Usage": 638993,"Disk Usage": 0},{"Worker Number": 2,"HashAgg Batches": 1,"Peak Memory Usage": 638993,"Disk Usage": 0}],"Plans": [{"Node Type": "Seq Scan","Parent Relationship": "Outer","Parallel Aware": false,"Async Capable": false,"Relation Name": "lineitem","Alias": "lineitem_1","Startup Cost": 0.00,"Total Cost": 172515.15,"Plan Rows": 6001215,"Plan Width": 9,"Actual Startup Time": 0.020,"Actual Total Time": 994.479,"Actual Rows": 6001215,"Actual Loops": 4,"Workers": []}]}]}]},{"Node Type": "Index Scan","Parent Relationship": "Inner","Parallel Aware": false,"Async Capable": false,"Scan Direction": "Forward","Index Name": "idx_lineitem_orderkey","Relation Name": "lineitem","Alias": "lineitem","Startup Cost": 0.43,"Total Cost": 1.06,"Plan Rows": 17,"Plan Width": 9,"Actual Startup Time": 0.068,"Actual Total Time": 0.075,"Actual Rows": 7,"Actual Loops": 9,"Index Cond": "(l_orderkey = orders.o_orderkey)","Rows Removed by Index Recheck": 0,"Workers": []}]},{"Node Type": "Hash","Parent Relationship": "Inner","Parallel Aware": true,"Async Capable": false,"Startup Cost": 4210.00,"Total Cost": 4210.00,"Plan Rows": 62500,"Plan Width": 23,"Actual Startup Time": 33.578,"Actual Total Time": 33.582,"Actual Rows": 37500,"Actual Loops": 4,"Hash Buckets": 262144,"Original Hash Buckets": 262144,"Hash Batches": 1,"Original Hash Batches": 1,"Peak Memory Usage": 10336,"Workers": [],"Plans": [{"Node Type": "Seq Scan","Parent Relationship": "Outer","Parallel Aware": true,"Async Capable": false,"Relation Name": "customer","Alias": "customer","Startup Cost": 0.00,"Total Cost": 4210.00,"Plan Rows": 62500,"Plan Width": 23,"Actual Startup Time": 0.023,"Actual Total Time": 16.777,"Actual Rows": 37500,"Actual Loops": 4,"Workers": []}]}]}]}]}]},"Planning Time": 6.662,"Triggers": [],"Execution Time": 10430.266}]
[{"Plan": {"Node Type": "Sort","Parallel Aware": false,"Async Capable": false,"Startup Cost": 397889.21,"Total Cost": 399077.01,"Plan Rows": 475120,"Plan Width": 71,"Actual Startup Time": 10345.847,"Actual Total Time": 10377.998,"Actual Rows": 9,"Actual Loops": 1,"Sort Key": ["orders.o_totalprice DESC", "orders.o_orderdate"],"Sort Method": "quicksort","Sort Space Used": 25,"Sort Space Type": "Memory","Plans": [{"Node Type": "Aggregate","Strategy": "Hashed","Partial Mode": "Simple","Parent Relationship": "Outer","Parallel Aware": false,"Async Capable": false,"Startup Cost": 347151.30,"Total Cost": 353090.30,"Plan Rows": 475120,"Plan Width": 71,"Actual Startup Time": 10329.232,"Actual Total Time": 10377.856,"Actual Rows": 9,"Actual Loops": 1,"Group Key": ["customer.c_custkey", "orders.o_orderkey"],"Planned Partitions": 0,"HashAgg Batches": 1,"Peak Memory Usage": 24601,"Disk Usage": 0,"Plans": [{"Node Type": "Gather","Parent Relationship": "Outer","Parallel Aware": false,"Async Capable": false,"Startup Cost": 216528.94,"Total Cost": 343587.90,"Plan Rows": 475120,"Plan Width": 44,"Actual Startup Time": 10053.961,"Actual Total Time": 10357.615,"Actual Rows": 63,"Actual Loops": 1,"Workers Planned": 3,"Workers Launched": 3,"Single Copy": false,"Plans": [{"Node Type": "Hash Join","Parent Relationship": "Outer","Parallel Aware": true,"Async Capable": false,"Join Type": "Inner","Startup Cost": 215528.94,"Total Cost": 295075.90,"Plan Rows": 153265,"Plan Width": 44,"Actual Startup Time": 10157.696,"Actual Total Time": 10258.651,"Actual Rows": 16,"Actual Loops": 4,"Inner Unique": true,"Hash Cond": "(orders.o_custkey = customer.c_custkey)","Workers": [],"Plans": [{"Node Type": "Nested Loop","Parent Relationship": "Outer","Parallel Aware": false,"Async Capable": false,"Join Type": "Inner","Startup Cost": 210537.69,"Total Cost": 289682.32,"Plan Rows": 153265,"Plan Width": 25,"Actual Startup Time": 10123.332,"Actual Total Time": 10224.239,"Actual Rows": 16,"Actual Loops": 4,"Inner Unique": false,"Workers": [],"Plans": [{"Node Type": "Hash Join","Parent Relationship": "Outer","Parallel Aware": false,"Async Capable": false,"Join Type": "Inner","Startup Cost": 210537.26,"Total Cost": 242741.13,"Plan Rows": 38308,"Plan Width": 24,"Actual Startup Time": 10123.186,"Actual Total Time": 10223.998,"Actual Rows": 2,"Actual Loops": 4,"Inner Unique": true,"Hash Cond": "(orders.o_orderkey = lineitem_1.l_orderkey)","Workers": [],"Plans": [{"Node Type": "Seq Scan","Parent Relationship": "Outer","Parallel Aware": true,"Async Capable": false,"Relation Name": "orders","Alias": "orders","Startup Cost": 0.00,"Total Cost": 30933.71,"Plan Rows": 483871,"Plan Width": 20,"Actual Startup Time": 0.011,"Actual Total Time": 49.852,"Actual Rows": 375000,"Actual Loops": 4,"Workers": []},{"Node Type": "Hash","Parent Relationship": "Inner","Parallel Aware": false,"Async Capable": false,"Startup Cost": 209052.81,"Total Cost": 209052.81,"Plan Rows": 118756,"Plan Width": 4,"Actual Startup Time": 10005.666,"Actual Total Time": 10005.673,"Actual Rows": 9,"Actual Loops": 4,"Hash Buckets": 131072,"Original Hash Buckets": 131072,"Hash Batches": 1,"Original Hash Batches": 1,"Peak Memory Usage": 1025,"Workers": [],"Plans": [{"Node Type": "Aggregate","Strategy": "Hashed","Partial Mode": "Simple","Parent Relationship": "Outer","Parallel Aware": false,"Async Capable": false,"Startup Cost": 202521.23,"Total Cost": 207865.25,"Plan Rows": 118756,"Plan Width": 4,"Actual Startup Time": 6310.010,"Actual Total Time": 10005.543,"Actual Rows": 9,"Actual Loops": 4,"Group Key": ["lineitem_1.l_orderkey"],"Filter": "(sum(lineitem_1.l_quantity) > '313'::numeric)","Planned Partitions": 0,"HashAgg Batches": 1,"Peak Memory Usage": 638993,"Disk Usage": 0,"Rows Removed by Filter": 1499991,"Workers": [{"Worker Number": 0,"HashAgg Batches": 1,"Peak Memory Usage": 638993,"Disk Usage": 0},{"Worker Number": 1,"HashAgg Batches": 1,"Peak Memory Usage": 638993,"Disk Usage": 0},{"Worker Number": 2,"HashAgg Batches": 1,"Peak Memory Usage": 638993,"Disk Usage": 0}],"Plans": [{"Node Type": "Seq Scan","Parent Relationship": "Outer","Parallel Aware": false,"Async Capable": false,"Relation Name": "lineitem","Alias": "lineitem_1","Startup Cost": 0.00,"Total Cost": 172515.15,"Plan Rows": 6001215,"Plan Width": 9,"Actual Startup Time": 0.020,"Actual Total Time": 994.479,"Actual Rows": 6001215,"Actual Loops": 4,"Workers": []}]}]}]},{"Node Type": "Index Scan","Parent Relationship": "Inner","Parallel Aware": false,"Async Capable": false,"Scan Direction": "Forward","Index Name": "idx_lineitem_orderkey","Relation Name": "lineitem","Alias": "lineitem","Startup Cost": 0.43,"Total Cost": 1.06,"Plan Rows": 17,"Plan Width": 9,"Actual Startup Time": 0.068,"Actual Total Time": 0.075,"Actual Rows": 7,"Actual Loops": 9,"Index Cond": "(l_orderkey = orders.o_orderkey)","Rows Removed by Index Recheck": 0,"Workers": []}]},{"Node Type": "Hash","Parent Relationship": "Inner","Parallel Aware": true,"Async Capable": false,"Startup Cost": 4210.00,"Total Cost": 4210.00,"Plan Rows": 62500,"Plan Width": 23,"Actual Startup Time": 33.578,"Actual Total Time": 33.582,"Actual Rows": 37500,"Actual Loops": 4,"Hash Buckets": 262144,"Original Hash Buckets": 262144,"Hash Batches": 1,"Original Hash Batches": 1,"Peak Memory Usage": 10336,"Workers": [],"Plans": [{"Node Type": "Seq Scan","Parent Relationship": "Outer","Parallel Aware": true,"Async Capable": false,"Relation Name": "customer","Alias": "customer","Startup Cost": 0.00,"Total Cost": 4210.00,"Plan Rows": 62500,"Plan Width": 23,"Actual Startup Time": 0.023,"Actual Total Time": 16.777,"Actual Rows": 37500,"Actual Loops": 4,"Workers": []}]}]}]}]}]},"Planning Time": 6.662,"Triggers": [],"Execution Time": 10430.266}]
[{"Plan": {"Node Type": "Sort","Parallel Aware": false,"Async Capable": false,"Startup Cost": 397889.21,"Total Cost": 399077.01,"Plan Rows": 475120,"Plan Width": 71,"Actual Startup Time": 10345.847,"Actual Total Time": 10377.998,"Actual Rows": 9,"Actual Loops": 1,"Sort Key": ["orders.o_totalprice DESC", "orders.o_orderdate"],"Sort Method": "quicksort","Sort Space Used": 25,"Sort Space Type": "Memory","Plans": [{"Node Type": "Aggregate","Strategy": "Hashed","Partial Mode": "Simple","Parent Relationship": "Outer","Parallel Aware": false,"Async Capable": false,"Startup Cost": 347151.30,"Total Cost": 353090.30,"Plan Rows": 475120,"Plan Width": 71,"Actual Startup Time": 10329.232,"Actual Total Time": 10377.856,"Actual Rows": 9,"Actual Loops": 1,"Group Key": ["customer.c_custkey", "orders.o_orderkey"],"Planned Partitions": 0,"HashAgg Batches": 1,"Peak Memory Usage": 24601,"Disk Usage": 0,"Plans": [{"Node Type": "Gather","Parent Relationship": "Outer","Parallel Aware": false,"Async Capable": false,"Startup Cost": 216528.94,"Total Cost": 343587.90,"Plan Rows": 475120,"Plan Width": 44,"Actual Startup Time": 10053.961,"Actual Total Time": 10357.615,"Actual Rows": 63,"Actual Loops": 1,"Workers Planned": 3,"Workers Launched": 3,"Single Copy": false,"Plans": [{"Node Type": "Hash Join","Parent Relationship": "Outer","Parallel Aware": true,"Async Capable": false,"Join Type": "Inner","Startup Cost": 215528.94,"Total Cost": 295075.90,"Plan Rows": 153265,"Plan Width": 44,"Actual Startup Time": 10157.696,"Actual Total Time": 10258.651,"Actual Rows": 16,"Actual Loops": 4,"Inner Unique": true,"Hash Cond": "(orders.o_custkey = customer.c_custkey)","Workers": [],"Plans": [{"Node Type": "Nested Loop","Parent Relationship": "Outer","Parallel Aware": false,"Async Capable": false,"Join Type": "Inner","Startup Cost": 210537.69,"Total Cost": 289682.32,"Plan Rows": 153265,"Plan Width": 25,"Actual Startup Time": 10123.332,"Actual Total Time": 10224.239,"Actual Rows": 16,"Actual Loops": 4,"Inner Unique": false,"Workers": [],"Plans": [{"Node Type": "Hash Join","Parent Relationship": "Outer","Parallel Aware": false,"Async Capable": false,"Join Type": "Inner","Startup Cost": 210537.26,"Total Cost": 242741.13,"Plan Rows": 38308,"Plan Width": 24,"Actual Startup Time": 10123.186,"Actual Total Time": 10223.998,"Actual Rows": 2,"Actual Loops": 4,"Inner Unique": true,"Hash Cond": "(orders.o_orderkey = lineitem_1.l_orderkey)","Workers": [],"Plans": [{"Node Type": "Seq Scan","Parent Relationship": "Outer","Parallel Aware": true,"Async Capable": false,"Relation Name": "orders","Alias": "orders","Startup Cost": 0.00,"Total Cost": 30933.71,"Plan Rows": 483871,"Plan Width": 20,"Actual Startup Time": 0.011,"Actual Total Time": 49.852,"Actual Rows": 375000,"Actual Loops": 4,"Workers": []},{"Node Type": "Hash","Parent Relationship": "Inner","Parallel Aware": false,"Async Capable": false,"Startup Cost": 209052.81,"Total Cost": 209052.81,"Plan Rows": 118756,"Plan Width": 4,"Actual Startup Time": 10005.666,"Actual Total Time": 10005.673,"Actual Rows": 9,"Actual Loops": 4,"Hash Buckets": 131072,"Original Hash Buckets": 131072,"Hash Batches": 1,"Original Hash Batches": 1,"Peak Memory Usage": 1025,"Workers": [],"Plans": [{"Node Type": "Aggregate","Strategy": "Hashed","Partial Mode": "Simple","Parent Relationship": "Outer","Parallel Aware": false,"Async Capable": false,"Startup Cost": 202521.23,"Total Cost": 207865.25,"Plan Rows": 118756,"Plan Width": 4,"Actual Startup Time": 6310.010,"Actual Total Time": 10005.543,"Actual Rows": 9,"Actual Loops": 4,"Group Key": ["lineitem_1.l_orderkey"],"Filter": "(sum(lineitem_1.l_quantity) > '313'::numeric)","Planned Partitions": 0,"HashAgg Batches": 1,"Peak Memory Usage": 638993,"Disk Usage": 0,"Rows Removed by Filter": 1499991,"Workers": [{"Worker Number": 0,"HashAgg Batches": 1,"Peak Memory Usage": 638993,"Disk Usage": 0},{"Worker Number": 1,"HashAgg Batches": 1,"Peak Memory Usage": 638993,"Disk Usage": 0},{"Worker Number": 2,"HashAgg Batches": 1,"Peak Memory Usage": 638993,"Disk Usage": 0}],"Plans": [{"Node Type": "Seq Scan","Parent Relationship": "Outer","Parallel Aware": false,"Async Capable": false,"Relation Name": "lineitem","Alias": "lineitem_1","Startup Cost": 0.00,"Total Cost": 172515.15,"Plan Rows": 6001215,"Plan Width": 9,"Actual Startup Time": 0.020,"Actual Total Time": 994.479,"Actual Rows": 6001215,"Actual Loops": 4,"Workers": []}]}]}]},{"Node Type": "Index Scan","Parent Relationship": "Inner","Parallel Aware": false,"Async Capable": false,"Scan Direction": "Forward","Index Name": "idx_lineitem_orderkey","Relation Name": "lineitem","Alias": "lineitem","Startup Cost": 0.43,"Total Cost": 1.06,"Plan Rows": 17,"Plan Width": 9,"Actual Startup Time": 0.068,"Actual Total Time": 0.075,"Actual Rows": 7,"Actual Loops": 9,"Index Cond": "(l_orderkey = orders.o_orderkey)","Rows Removed by Index Recheck": 0,"Workers": []}]},{"Node Type": "Hash","Parent Relationship": "Inner","Parallel Aware": true,"Async Capable": false,"Startup Cost": 4210.00,"Total Cost": 4210.00,"Plan Rows": 62500,"Plan Width": 23,"Actual Startup Time": 33.578,"Actual Total Time": 33.582,"Actual Rows": 37500,"Actual Loops": 4,"Hash Buckets": 262144,"Original Hash Buckets": 262144,"Hash Batches": 1,"Original Hash Batches": 1,"Peak Memory Usage": 10336,"Workers": [],"Plans": [{"Node Type": "Seq Scan","Parent Relationship": "Outer","Parallel Aware": true,"Async Capable": false,"Relation Name": "customer","Alias": "customer","Startup Cost": 0.00,"Total Cost": 4210.00,"Plan Rows": 62500,"Plan Width": 23,"Actual Startup Time": 0.023,"Actual Total Time": 16.777,"Actual Rows": 37500,"Actual Loops": 4,"Workers": []}]}]}]}]}]},"Planning Time": 6.662,"Triggers": [],"Execution Time": 10430.266}]
[{"Plan": {"Node Type": "Sort","Parallel Aware": false,"Async Capable": false,"Startup Cost": 397889.21,"Total Cost": 399077.01,"Plan Rows": 475120,"Plan Width": 71,"Actual Startup Time": 10950.105,"Actual Total Time": 10953.954,"Actual Rows": 9,"Actual Loops": 1,"Sort Key": ["orders.o_totalprice DESC", "orders.o_orderdate"],"Sort Method": "quicksort","Sort Space Used": 25,"Sort Space Type": "Memory","Plans": [{"Node Type": "Aggregate","Strategy": "Hashed","Partial Mode": "Simple","Parent Relationship": "Outer","Parallel Aware": false,"Async Capable": false,"Startup Cost": 347151.30,"Total Cost": 353090.30,"Plan Rows": 475120,"Plan Width": 71,"Actual Startup Time": 10902.471,"Actual Total Time": 10953.715,"Actual Rows": 9,"Actual Loops": 1,"Group Key": ["customer.c_custkey", "orders.o_orderkey"],"Planned Partitions": 0,"HashAgg Batches": 1,"Peak Memory Usage": 24601,"Disk Usage": 0,"Plans": [{"Node Type": "Gather","Parent Relationship": "Outer","Parallel Aware": false,"Async Capable": false,"Startup Cost": 216528.94,"Total Cost": 343587.90,"Plan Rows": 475120,"Plan Width": 44,"Actual Startup Time": 10893.800,"Actual Total Time": 10897.693,"Actual Rows": 63,"Actual Loops": 1,"Workers Planned": 3,"Workers Launched": 3,"Single Copy": false,"Plans": [{"Node Type": "Hash Join","Parent Relationship": "Outer","Parallel Aware": true,"Async Capable": false,"Join Type": "Inner","Startup Cost": 215528.94,"Total Cost": 295075.90,"Plan Rows": 153265,"Plan Width": 44,"Actual Startup Time": 10134.253,"Actual Total Time": 10314.794,"Actual Rows": 16,"Actual Loops": 4,"Inner Unique": true,"Hash Cond": "(orders.o_custkey = customer.c_custkey)","Workers": [],"Plans": [{"Node Type": "Nested Loop","Parent Relationship": "Outer","Parallel Aware": false,"Async Capable": false,"Join Type": "Inner","Startup Cost": 210537.69,"Total Cost": 289682.32,"Plan Rows": 153265,"Plan Width": 25,"Actual Startup Time": 10099.687,"Actual Total Time": 10280.153,"Actual Rows": 16,"Actual Loops": 4,"Inner Unique": false,"Workers": [],"Plans": [{"Node Type": "Hash Join","Parent Relationship": "Outer","Parallel Aware": false,"Async Capable": false,"Join Type": "Inner","Startup Cost": 210537.26,"Total Cost": 242741.13,"Plan Rows": 38308,"Plan Width": 24,"Actual Startup Time": 10099.575,"Actual Total Time": 10279.892,"Actual Rows": 2,"Actual Loops": 4,"Inner Unique": true,"Hash Cond": "(orders.o_orderkey = lineitem_1.l_orderkey)","Workers": [],"Plans": [{"Node Type": "Seq Scan","Parent Relationship": "Outer","Parallel Aware": true,"Async Capable": false,"Relation Name": "orders","Alias": "orders","Startup Cost": 0.00,"Total Cost": 30933.71,"Plan Rows": 483871,"Plan Width": 20,"Actual Startup Time": 0.011,"Actual Total Time": 51.627,"Actual Rows": 375000,"Actual Loops": 4,"Workers": []},{"Node Type": "Hash","Parent Relationship": "Inner","Parallel Aware": false,"Async Capable": false,"Startup Cost": 209052.81,"Total Cost": 209052.81,"Plan Rows": 118756,"Plan Width": 4,"Actual Startup Time": 10016.825,"Actual Total Time": 10016.839,"Actual Rows": 9,"Actual Loops": 4,"Hash Buckets": 131072,"Original Hash Buckets": 131072,"Hash Batches": 1,"Original Hash Batches": 1,"Peak Memory Usage": 1025,"Workers": [],"Plans": [{"Node Type": "Aggregate","Strategy": "Hashed","Partial Mode": "Simple","Parent Relationship": "Outer","Parallel Aware": false,"Async Capable": false,"Startup Cost": 202521.23,"Total Cost": 207865.25,"Plan Rows": 118756,"Plan Width": 4,"Actual Startup Time": 6319.140,"Actual Total Time": 10016.671,"Actual Rows": 9,"Actual Loops": 4,"Group Key": ["lineitem_1.l_orderkey"],"Filter": "(sum(lineitem_1.l_quantity) > '315'::numeric)","Planned Partitions": 0,"HashAgg Batches": 1,"Peak Memory Usage": 638993,"Disk Usage": 0,"Rows Removed by Filter": 1499991,"Workers": [{"Worker Number": 0,"HashAgg Batches": 1,"Peak Memory Usage": 638993,"Disk Usage": 0},{"Worker Number": 1,"HashAgg Batches": 1,"Peak Memory Usage": 638993,"Disk Usage": 0},{"Worker Number": 2,"HashAgg Batches": 1,"Peak Memory Usage": 638993,"Disk Usage": 0}],"Plans": [{"Node Type": "Seq Scan","Parent Relationship": "Outer","Parallel Aware": false,"Async Capable": false,"Relation Name": "lineitem","Alias": "lineitem_1","Startup Cost": 0.00,"Total Cost": 172515.15,"Plan Rows": 6001215,"Plan Width": 9,"Actual Startup Time": 0.018,"Actual Total Time": 971.843,"Actual Rows": 6001215,"Actual Loops": 4,"Workers": []}]}]}]},{"Node Type": "Index Scan","Parent Relationship": "Inner","Parallel Aware": false,"Async Capable": false,"Scan Direction": "Forward","Index Name": "idx_lineitem_orderkey","Relation Name": "lineitem","Alias": "lineitem","Startup Cost": 0.43,"Total Cost": 1.06,"Plan Rows": 17,"Plan Width": 9,"Actual Startup Time": 0.069,"Actual Total Time": 0.079,"Actual Rows": 7,"Actual Loops": 9,"Index Cond": "(l_orderkey = orders.o_orderkey)","Rows Removed by Index Recheck": 0,"Workers": []}]},{"Node Type": "Hash","Parent Relationship": "Inner","Parallel Aware": true,"Async Capable": false,"Startup Cost": 4210.00,"Total Cost": 4210.00,"Plan Rows": 62500,"Plan Width": 23,"Actual Startup Time": 33.677,"Actual Total Time": 33.684,"Actual Rows": 37500,"Actual Loops": 4,"Hash Buckets": 262144,"Original Hash Buckets": 262144,"Hash Batches": 1,"Original Hash Batches": 1,"Peak Memory Usage": 10368,"Workers": [],"Plans": [{"Node Type": "Seq Scan","Parent Relationship": "Outer","Parallel Aware": true,"Async Capable": false,"Relation Name": "customer","Alias": "customer","Startup Cost": 0.00,"Total Cost": 4210.00,"Plan Rows": 62500,"Plan Width": 23,"Actual Startup Time": 0.019,"Actual Total Time": 16.715,"Actual Rows": 37500,"Actual Loops": 4,"Workers": []}]}]}]}]}]},"Planning Time": 6.132,"Triggers": [],"Execution Time": 11002.531}]
[{"Plan": {"Node Type": "Sort","Parallel Aware": false,"Async Capable": false,"Startup Cost": 397889.21,"Total Cost": 399077.01,"Plan Rows": 475120,"Plan Width": 71,"Actual Startup Time": 10887.509,"Actual Total Time": 10908.132,"Actual Rows": 10,"Actual Loops": 1,"Sort Key": ["orders.o_totalprice DESC", "orders.o_orderdate"],"Sort Method": "quicksort","Sort Space Used": 25,"Sort Space Type": "Memory","Plans": [{"Node Type": "Aggregate","Strategy": "Hashed","Partial Mode": "Simple","Parent Relationship": "Outer","Parallel Aware": false,"Async Capable": false,"Startup Cost": 347151.30,"Total Cost": 353090.30,"Plan Rows": 475120,"Plan Width": 71,"Actual Startup Time": 10848.812,"Actual Total Time": 10907.941,"Actual Rows": 10,"Actual Loops": 1,"Group Key": ["customer.c_custkey", "orders.o_orderkey"],"Planned Partitions": 0,"HashAgg Batches": 1,"Peak Memory Usage": 24601,"Disk Usage": 0,"Plans": [{"Node Type": "Gather","Parent Relationship": "Outer","Parallel Aware": false,"Async Capable": false,"Startup Cost": 216528.94,"Total Cost": 343587.90,"Plan Rows": 475120,"Plan Width": 44,"Actual Startup Time": 10782.037,"Actual Total Time": 10858.151,"Actual Rows": 70,"Actual Loops": 1,"Workers Planned": 3,"Workers Launched": 3,"Single Copy": false,"Plans": [{"Node Type": "Hash Join","Parent Relationship": "Outer","Parallel Aware": true,"Async Capable": false,"Join Type": "Inner","Startup Cost": 215528.94,"Total Cost": 295075.90,"Plan Rows": 153265,"Plan Width": 44,"Actual Startup Time": 10180.765,"Actual Total Time": 10348.312,"Actual Rows": 18,"Actual Loops": 4,"Inner Unique": true,"Hash Cond": "(orders.o_custkey = customer.c_custkey)","Workers": [],"Plans": [{"Node Type": "Nested Loop","Parent Relationship": "Outer","Parallel Aware": false,"Async Capable": false,"Join Type": "Inner","Startup Cost": 210537.69,"Total Cost": 289682.32,"Plan Rows": 153265,"Plan Width": 25,"Actual Startup Time": 10142.809,"Actual Total Time": 10310.270,"Actual Rows": 18,"Actual Loops": 4,"Inner Unique": false,"Workers": [],"Plans": [{"Node Type": "Hash Join","Parent Relationship": "Outer","Parallel Aware": false,"Async Capable": false,"Join Type": "Inner","Startup Cost": 210537.26,"Total Cost": 242741.13,"Plan Rows": 38308,"Plan Width": 24,"Actual Startup Time": 10142.670,"Actual Total Time": 10309.991,"Actual Rows": 2,"Actual Loops": 4,"Inner Unique": true,"Hash Cond": "(orders.o_orderkey = lineitem_1.l_orderkey)","Workers": [],"Plans": [{"Node Type": "Seq Scan","Parent Relationship": "Outer","Parallel Aware": true,"Async Capable": false,"Relation Name": "orders","Alias": "orders","Startup Cost": 0.00,"Total Cost": 30933.71,"Plan Rows": 483871,"Plan Width": 20,"Actual Startup Time": 0.009,"Actual Total Time": 49.040,"Actual Rows": 375000,"Actual Loops": 4,"Workers": []},{"Node Type": "Hash","Parent Relationship": "Inner","Parallel Aware": false,"Async Capable": false,"Startup Cost": 209052.81,"Total Cost": 209052.81,"Plan Rows": 118756,"Plan Width": 4,"Actual Startup Time": 10075.163,"Actual Total Time": 10075.176,"Actual Rows": 10,"Actual Loops": 4,"Hash Buckets": 131072,"Original Hash Buckets": 131072,"Hash Batches": 1,"Original Hash Batches": 1,"Peak Memory Usage": 1025,"Workers": [],"Plans": [{"Node Type": "Aggregate","Strategy": "Hashed","Partial Mode": "Simple","Parent Relationship": "Outer","Parallel Aware": false,"Async Capable": false,"Startup Cost": 202521.23,"Total Cost": 207865.25,"Plan Rows": 118756,"Plan Width": 4,"Actual Startup Time": 6293.151,"Actual Total Time": 10074.968,"Actual Rows": 10,"Actual Loops": 4,"Group Key": ["lineitem_1.l_orderkey"],"Filter": "(sum(lineitem_1.l_quantity) > '312'::numeric)","Planned Partitions": 0,"HashAgg Batches": 1,"Peak Memory Usage": 638993,"Disk Usage": 0,"Rows Removed by Filter": 1499990,"Workers": [{"Worker Number": 0,"HashAgg Batches": 1,"Peak Memory Usage": 638993,"Disk Usage": 0},{"Worker Number": 1,"HashAgg Batches": 1,"Peak Memory Usage": 638993,"Disk Usage": 0},{"Worker Number": 2,"HashAgg Batches": 1,"Peak Memory Usage": 638993,"Disk Usage": 0}],"Plans": [{"Node Type": "Seq Scan","Parent Relationship": "Outer","Parallel Aware": false,"Async Capable": false,"Relation Name": "lineitem","Alias": "lineitem_1","Startup Cost": 0.00,"Total Cost": 172515.15,"Plan Rows": 6001215,"Plan Width": 9,"Actual Startup Time": 0.021,"Actual Total Time": 960.546,"Actual Rows": 6001215,"Actual Loops": 4,"Workers": []}]}]}]},{"Node Type": "Index Scan","Parent Relationship": "Inner","Parallel Aware": false,"Async Capable": false,"Scan Direction": "Forward","Index Name": "idx_lineitem_orderkey","Relation Name": "lineitem","Alias": "lineitem","Startup Cost": 0.43,"Total Cost": 1.06,"Plan Rows": 17,"Plan Width": 9,"Actual Startup Time": 0.072,"Actual Total Time": 0.079,"Actual Rows": 7,"Actual Loops": 10,"Index Cond": "(l_orderkey = orders.o_orderkey)","Rows Removed by Index Recheck": 0,"Workers": []}]},{"Node Type": "Hash","Parent Relationship": "Inner","Parallel Aware": true,"Async Capable": false,"Startup Cost": 4210.00,"Total Cost": 4210.00,"Plan Rows": 62500,"Plan Width": 23,"Actual Startup Time": 37.105,"Actual Total Time": 37.114,"Actual Rows": 37500,"Actual Loops": 4,"Hash Buckets": 262144,"Original Hash Buckets": 262144,"Hash Batches": 1,"Original Hash Batches": 1,"Peak Memory Usage": 10368,"Workers": [],"Plans": [{"Node Type": "Seq Scan","Parent Relationship": "Outer","Parallel Aware": true,"Async Capable": false,"Relation Name": "customer","Alias": "customer","Startup Cost": 0.00,"Total Cost": 4210.00,"Plan Rows": 62500,"Plan Width": 23,"Actual Startup Time": 0.025,"Actual Total Time": 19.726,"Actual Rows": 37500,"Actual Loops": 4,"Workers": []}]}]}]}]}]},"Planning Time": 6.715,"Triggers": [],"Execution Time": 10961.817}]
[{"Plan": {"Node Type": "Sort","Parallel Aware": false,"Async Capable": false,"Startup Cost": 397889.21,"Total Cost": 399077.01,"Plan Rows": 475120,"Plan Width": 71,"Actual Startup Time": 10345.847,"Actual Total Time": 10377.998,"Actual Rows": 9,"Actual Loops": 1,"Sort Key": ["orders.o_totalprice DESC", "orders.o_orderdate"],"Sort Method": "quicksort","Sort Space Used": 25,"Sort Space Type": "Memory","Plans": [{"Node Type": "Aggregate","Strategy": "Hashed","Partial Mode": "Simple","Parent Relationship": "Outer","Parallel Aware": false,"Async Capable": false,"Startup Cost": 347151.30,"Total Cost": 353090.30,"Plan Rows": 475120,"Plan Width": 71,"Actual Startup Time": 10329.232,"Actual Total Time": 10377.856,"Actual Rows": 9,"Actual Loops": 1,"Group Key": ["customer.c_custkey", "orders.o_orderkey"],"Planned Partitions": 0,"HashAgg Batches": 1,"Peak Memory Usage": 24601,"Disk Usage": 0,"Plans": [{"Node Type": "Gather","Parent Relationship": "Outer","Parallel Aware": false,"Async Capable": false,"Startup Cost": 216528.94,"Total Cost": 343587.90,"Plan Rows": 475120,"Plan Width": 44,"Actual Startup Time": 10053.961,"Actual Total Time": 10357.615,"Actual Rows": 63,"Actual Loops": 1,"Workers Planned": 3,"Workers Launched": 3,"Single Copy": false,"Plans": [{"Node Type": "Hash Join","Parent Relationship": "Outer","Parallel Aware": true,"Async Capable": false,"Join Type": "Inner","Startup Cost": 215528.94,"Total Cost": 295075.90,"Plan Rows": 153265,"Plan Width": 44,"Actual Startup Time": 10157.696,"Actual Total Time": 10258.651,"Actual Rows": 16,"Actual Loops": 4,"Inner Unique": true,"Hash Cond": "(orders.o_custkey = customer.c_custkey)","Workers": [],"Plans": [{"Node Type": "Nested Loop","Parent Relationship": "Outer","Parallel Aware": false,"Async Capable": false,"Join Type": "Inner","Startup Cost": 210537.69,"Total Cost": 289682.32,"Plan Rows": 153265,"Plan Width": 25,"Actual Startup Time": 10123.332,"Actual Total Time": 10224.239,"Actual Rows": 16,"Actual Loops": 4,"Inner Unique": false,"Workers": [],"Plans": [{"Node Type": "Hash Join","Parent Relationship": "Outer","Parallel Aware": false,"Async Capable": false,"Join Type": "Inner","Startup Cost": 210537.26,"Total Cost": 242741.13,"Plan Rows": 38308,"Plan Width": 24,"Actual Startup Time": 10123.186,"Actual Total Time": 10223.998,"Actual Rows": 2,"Actual Loops": 4,"Inner Unique": true,"Hash Cond": "(orders.o_orderkey = lineitem_1.l_orderkey)","Workers": [],"Plans": [{"Node Type": "Seq Scan","Parent Relationship": "Outer","Parallel Aware": true,"Async Capable": false,"Relation Name": "orders","Alias": "orders","Startup Cost": 0.00,"Total Cost": 30933.71,"Plan Rows": 483871,"Plan Width": 20,"Actual Startup Time": 0.011,"Actual Total Time": 49.852,"Actual Rows": 375000,"Actual Loops": 4,"Workers": []},{"Node Type": "Hash","Parent Relationship": "Inner","Parallel Aware": false,"Async Capable": false,"Startup Cost": 209052.81,"Total Cost": 209052.81,"Plan Rows": 118756,"Plan Width": 4,"Actual Startup Time": 10005.666,"Actual Total Time": 10005.673,"Actual Rows": 9,"Actual Loops": 4,"Hash Buckets": 131072,"Original Hash Buckets": 131072,"Hash Batches": 1,"Original Hash Batches": 1,"Peak Memory Usage": 1025,"Workers": [],"Plans": [{"Node Type": "Aggregate","Strategy": "Hashed","Partial Mode": "Simple","Parent Relationship": "Outer","Parallel Aware": false,"Async Capable": false,"Startup Cost": 202521.23,"Total Cost": 207865.25,"Plan Rows": 118756,"Plan Width": 4,"Actual Startup Time": 6310.010,"Actual Total Time": 10005.543,"Actual Rows": 9,"Actual Loops": 4,"Group Key": ["lineitem_1.l_orderkey"],"Filter": "(sum(lineitem_1.l_quantity) > '313'::numeric)","Planned Partitions": 0,"HashAgg Batches": 1,"Peak Memory Usage": 638993,"Disk Usage": 0,"Rows Removed by Filter": 1499991,"Workers": [{"Worker Number": 0,"HashAgg Batches": 1,"Peak Memory Usage": 638993,"Disk Usage": 0},{"Worker Number": 1,"HashAgg Batches": 1,"Peak Memory Usage": 638993,"Disk Usage": 0},{"Worker Number": 2,"HashAgg Batches": 1,"Peak Memory Usage": 638993,"Disk Usage": 0}],"Plans": [{"Node Type": "Seq Scan","Parent Relationship": "Outer","Parallel Aware": false,"Async Capable": false,"Relation Name": "lineitem","Alias": "lineitem_1","Startup Cost": 0.00,"Total Cost": 172515.15,"Plan Rows": 6001215,"Plan Width": 9,"Actual Startup Time": 0.020,"Actual Total Time": 994.479,"Actual Rows": 6001215,"Actual Loops": 4,"Workers": []}]}]}]},{"Node Type": "Index Scan","Parent Relationship": "Inner","Parallel Aware": false,"Async Capable": false,"Scan Direction": "Forward","Index Name": "idx_lineitem_orderkey","Relation Name": "lineitem","Alias": "lineitem","Startup Cost": 0.43,"Total Cost": 1.06,"Plan Rows": 17,"Plan Width": 9,"Actual Startup Time": 0.068,"Actual Total Time": 0.075,"Actual Rows": 7,"Actual Loops": 9,"Index Cond": "(l_orderkey = orders.o_orderkey)","Rows Removed by Index Recheck": 0,"Workers": []}]},{"Node Type": "Hash","Parent Relationship": "Inner","Parallel Aware": true,"Async Capable": false,"Startup Cost": 4210.00,"Total Cost": 4210.00,"Plan Rows": 62500,"Plan Width": 23,"Actual Startup Time": 33.578,"Actual Total Time": 33.582,"Actual Rows": 37500,"Actual Loops": 4,"Hash Buckets": 262144,"Original Hash Buckets": 262144,"Hash Batches": 1,"Original Hash Batches": 1,"Peak Memory Usage": 10336,"Workers": [],"Plans": [{"Node Type": "Seq Scan","Parent Relationship": "Outer","Parallel Aware": true,"Async Capable": false,"Relation Name": "customer","Alias": "customer","Startup Cost": 0.00,"Total Cost": 4210.00,"Plan Rows": 62500,"Plan Width": 23,"Actual Startup Time": 0.023,"Actual Total Time": 16.777,"Actual Rows": 37500,"Actual Loops": 4,"Workers": []}]}]}]}]}]},"Planning Time": 6.662,"Triggers": [],"Execution Time": 10430.266}]
[{"Plan": {"Node Type": "Sort","Parallel Aware": false,"Async Capable": false,"Startup Cost": 397889.21,"Total Cost": 399077.01,"Plan Rows": 475120,"Plan Width": 71,"Actual Startup Time": 10950.105,"Actual Total Time": 10953.954,"Actual Rows": 9,"Actual Loops": 1,"Sort Key": ["orders.o_totalprice DESC", "orders.o_orderdate"],"Sort Method": "quicksort","Sort Space Used": 25,"Sort Space Type": "Memory","Plans": [{"Node Type": "Aggregate","Strategy": "Hashed","Partial Mode": "Simple","Parent Relationship": "Outer","Parallel Aware": false,"Async Capable": false,"Startup Cost": 347151.30,"Total Cost": 353090.30,"Plan Rows": 475120,"Plan Width": 71,"Actual Startup Time": 10902.471,"Actual Total Time": 10953.715,"Actual Rows": 9,"Actual Loops": 1,"Group Key": ["customer.c_custkey", "orders.o_orderkey"],"Planned Partitions": 0,"HashAgg Batches": 1,"Peak Memory Usage": 24601,"Disk Usage": 0,"Plans": [{"Node Type": "Gather","Parent Relationship": "Outer","Parallel Aware": false,"Async Capable": false,"Startup Cost": 216528.94,"Total Cost": 343587.90,"Plan Rows": 475120,"Plan Width": 44,"Actual Startup Time": 10893.800,"Actual Total Time": 10897.693,"Actual Rows": 63,"Actual Loops": 1,"Workers Planned": 3,"Workers Launched": 3,"Single Copy": false,"Plans": [{"Node Type": "Hash Join","Parent Relationship": "Outer","Parallel Aware": true,"Async Capable": false,"Join Type": "Inner","Startup Cost": 215528.94,"Total Cost": 295075.90,"Plan Rows": 153265,"Plan Width": 44,"Actual Startup Time": 10134.253,"Actual Total Time": 10314.794,"Actual Rows": 16,"Actual Loops": 4,"Inner Unique": true,"Hash Cond": "(orders.o_custkey = customer.c_custkey)","Workers": [],"Plans": [{"Node Type": "Nested Loop","Parent Relationship": "Outer","Parallel Aware": false,"Async Capable": false,"Join Type": "Inner","Startup Cost": 210537.69,"Total Cost": 289682.32,"Plan Rows": 153265,"Plan Width": 25,"Actual Startup Time": 10099.687,"Actual Total Time": 10280.153,"Actual Rows": 16,"Actual Loops": 4,"Inner Unique": false,"Workers": [],"Plans": [{"Node Type": "Hash Join","Parent Relationship": "Outer","Parallel Aware": false,"Async Capable": false,"Join Type": "Inner","Startup Cost": 210537.26,"Total Cost": 242741.13,"Plan Rows": 38308,"Plan Width": 24,"Actual Startup Time": 10099.575,"Actual Total Time": 10279.892,"Actual Rows": 2,"Actual Loops": 4,"Inner Unique": true,"Hash Cond": "(orders.o_orderkey = lineitem_1.l_orderkey)","Workers": [],"Plans": [{"Node Type": "Seq Scan","Parent Relationship": "Outer","Parallel Aware": true,"Async Capable": false,"Relation Name": "orders","Alias": "orders","Startup Cost": 0.00,"Total Cost": 30933.71,"Plan Rows": 483871,"Plan Width": 20,"Actual Startup Time": 0.011,"Actual Total Time": 51.627,"Actual Rows": 375000,"Actual Loops": 4,"Workers": []},{"Node Type": "Hash","Parent Relationship": "Inner","Parallel Aware": false,"Async Capable": false,"Startup Cost": 209052.81,"Total Cost": 209052.81,"Plan Rows": 118756,"Plan Width": 4,"Actual Startup Time": 10016.825,"Actual Total Time": 10016.839,"Actual Rows": 9,"Actual Loops": 4,"Hash Buckets": 131072,"Original Hash Buckets": 131072,"Hash Batches": 1,"Original Hash Batches": 1,"Peak Memory Usage": 1025,"Workers": [],"Plans": [{"Node Type": "Aggregate","Strategy": "Hashed","Partial Mode": "Simple","Parent Relationship": "Outer","Parallel Aware": false,"Async Capable": false,"Startup Cost": 202521.23,"Total Cost": 207865.25,"Plan Rows": 118756,"Plan Width": 4,"Actual Startup Time": 6319.140,"Actual Total Time": 10016.671,"Actual Rows": 9,"Actual Loops": 4,"Group Key": ["lineitem_1.l_orderkey"],"Filter": "(sum(lineitem_1.l_quantity) > '315'::numeric)","Planned Partitions": 0,"HashAgg Batches": 1,"Peak Memory Usage": 638993,"Disk Usage": 0,"Rows Removed by Filter": 1499991,"Workers": [{"Worker Number": 0,"HashAgg Batches": 1,"Peak Memory Usage": 638993,"Disk Usage": 0},{"Worker Number": 1,"HashAgg Batches": 1,"Peak Memory Usage": 638993,"Disk Usage": 0},{"Worker Number": 2,"HashAgg Batches": 1,"Peak Memory Usage": 638993,"Disk Usage": 0}],"Plans": [{"Node Type": "Seq Scan","Parent Relationship": "Outer","Parallel Aware": false,"Async Capable": false,"Relation Name": "lineitem","Alias": "lineitem_1","Startup Cost": 0.00,"Total Cost": 172515.15,"Plan Rows": 6001215,"Plan Width": 9,"Actual Startup Time": 0.018,"Actual Total Time": 971.843,"Actual Rows": 6001215,"Actual Loops": 4,"Workers": []}]}]}]},{"Node Type": "Index Scan","Parent Relationship": "Inner","Parallel Aware": false,"Async Capable": false,"Scan Direction": "Forward","Index Name": "idx_lineitem_orderkey","Relation Name": "lineitem","Alias": "lineitem","Startup Cost": 0.43,"Total Cost": 1.06,"Plan Rows": 17,"Plan Width": 9,"Actual Startup Time": 0.069,"Actual Total Time": 0.079,"Actual Rows": 7,"Actual Loops": 9,"Index Cond": "(l_orderkey = orders.o_orderkey)","Rows Removed by Index Recheck": 0,"Workers": []}]},{"Node Type": "Hash","Parent Relationship": "Inner","Parallel Aware": true,"Async Capable": false,"Startup Cost": 4210.00,"Total Cost": 4210.00,"Plan Rows": 62500,"Plan Width": 23,"Actual Startup Time": 33.677,"Actual Total Time": 33.684,"Actual Rows": 37500,"Actual Loops": 4,"Hash Buckets": 262144,"Original Hash Buckets": 262144,"Hash Batches": 1,"Original Hash Batches": 1,"Peak Memory Usage": 10368,"Workers": [],"Plans": [{"Node Type": "Seq Scan","Parent Relationship": "Outer","Parallel Aware": true,"Async Capable": false,"Relation Name": "customer","Alias": "customer","Startup Cost": 0.00,"Total Cost": 4210.00,"Plan Rows": 62500,"Plan Width": 23,"Actual Startup Time": 0.019,"Actual Total Time": 16.715,"Actual Rows": 37500,"Actual Loops": 4,"Workers": []}]}]}]}]}]},"Planning Time": 6.132,"Triggers": [],"Execution Time": 11002.531}]
[{"Plan": {"Node Type": "Sort","Parallel Aware": false,"Async Capable": false,"Startup Cost": 397889.21,"Total Cost": 399077.01,"Plan Rows": 475120,"Plan Width": 71,"Actual Startup Time": 10785.011,"Actual Total Time": 10839.032,"Actual Rows": 9,"Actual Loops": 1,"Sort Key": ["orders.o_totalprice DESC", "orders.o_orderdate"],"Sort Method": "quicksort","Sort Space Used": 25,"Sort Space Type": "Memory","Plans": [{"Node Type": "Aggregate","Strategy": "Hashed","Partial Mode": "Simple","Parent Relationship": "Outer","Parallel Aware": false,"Async Capable": false,"Startup Cost": 347151.30,"Total Cost": 353090.30,"Plan Rows": 475120,"Plan Width": 71,"Actual Startup Time": 10763.855,"Actual Total Time": 10838.848,"Actual Rows": 9,"Actual Loops": 1,"Group Key": ["customer.c_custkey", "orders.o_orderkey"],"Planned Partitions": 0,"HashAgg Batches": 1,"Peak Memory Usage": 24601,"Disk Usage": 0,"Plans": [{"Node Type": "Gather","Parent Relationship": "Outer","Parallel Aware": false,"Async Capable": false,"Startup Cost": 216528.94,"Total Cost": 343587.90,"Plan Rows": 475120,"Plan Width": 44,"Actual Startup Time": 9674.071,"Actual Total Time": 10813.470,"Actual Rows": 63,"Actual Loops": 1,"Workers Planned": 3,"Workers Launched": 3,"Single Copy": false,"Plans": [{"Node Type": "Hash Join","Parent Relationship": "Outer","Parallel Aware": true,"Async Capable": false,"Join Type": "Inner","Startup Cost": 215528.94,"Total Cost": 295075.90,"Plan Rows": 153265,"Plan Width": 44,"Actual Startup Time": 10141.072,"Actual Total Time": 10312.965,"Actual Rows": 16,"Actual Loops": 4,"Inner Unique": true,"Hash Cond": "(orders.o_custkey = customer.c_custkey)","Workers": [],"Plans": [{"Node Type": "Nested Loop","Parent Relationship": "Outer","Parallel Aware": false,"Async Capable": false,"Join Type": "Inner","Startup Cost": 210537.69,"Total Cost": 289682.32,"Plan Rows": 153265,"Plan Width": 25,"Actual Startup Time": 10104.129,"Actual Total Time": 10275.947,"Actual Rows": 16,"Actual Loops": 4,"Inner Unique": false,"Workers": [],"Plans": [{"Node Type": "Hash Join","Parent Relationship": "Outer","Parallel Aware": false,"Async Capable": false,"Join Type": "Inner","Startup Cost": 210537.26,"Total Cost": 242741.13,"Plan Rows": 38308,"Plan Width": 24,"Actual Startup Time": 10104.052,"Actual Total Time": 10275.739,"Actual Rows": 2,"Actual Loops": 4,"Inner Unique": true,"Hash Cond": "(orders.o_orderkey = lineitem_1.l_orderkey)","Workers": [],"Plans": [{"Node Type": "Seq Scan","Parent Relationship": "Outer","Parallel Aware": true,"Async Capable": false,"Relation Name": "orders","Alias": "orders","Startup Cost": 0.00,"Total Cost": 30933.71,"Plan Rows": 483871,"Plan Width": 20,"Actual Startup Time": 0.007,"Actual Total Time": 53.689,"Actual Rows": 375000,"Actual Loops": 4,"Workers": []},{"Node Type": "Hash","Parent Relationship": "Inner","Parallel Aware": false,"Async Capable": false,"Startup Cost": 209052.81,"Total Cost": 209052.81,"Plan Rows": 118756,"Plan Width": 4,"Actual Startup Time": 10025.157,"Actual Total Time": 10025.166,"Actual Rows": 9,"Actual Loops": 4,"Hash Buckets": 131072,"Original Hash Buckets": 131072,"Hash Batches": 1,"Original Hash Batches": 1,"Peak Memory Usage": 1025,"Workers": [],"Plans": [{"Node Type": "Aggregate","Strategy": "Hashed","Partial Mode": "Simple","Parent Relationship": "Outer","Parallel Aware": false,"Async Capable": false,"Startup Cost": 202521.23,"Total Cost": 207865.25,"Plan Rows": 118756,"Plan Width": 4,"Actual Startup Time": 6285.839,"Actual Total Time": 10024.981,"Actual Rows": 9,"Actual Loops": 4,"Group Key": ["lineitem_1.l_orderkey"],"Filter": "(sum(lineitem_1.l_quantity) > '314'::numeric)","Planned Partitions": 0,"HashAgg Batches": 1,"Peak Memory Usage": 638993,"Disk Usage": 0,"Rows Removed by Filter": 1499991,"Workers": [{"Worker Number": 0,"HashAgg Batches": 1,"Peak Memory Usage": 638993,"Disk Usage": 0},{"Worker Number": 1,"HashAgg Batches": 1,"Peak Memory Usage": 638993,"Disk Usage": 0},{"Worker Number": 2,"HashAgg Batches": 1,"Peak Memory Usage": 638993,"Disk Usage": 0}],"Plans": [{"Node Type": "Seq Scan","Parent Relationship": "Outer","Parallel Aware": false,"Async Capable": false,"Relation Name": "lineitem","Alias": "lineitem_1","Startup Cost": 0.00,"Total Cost": 172515.15,"Plan Rows": 6001215,"Plan Width": 9,"Actual Startup Time": 0.019,"Actual Total Time": 931.752,"Actual Rows": 6001215,"Actual Loops": 4,"Workers": []}]}]}]},{"Node Type": "Index Scan","Parent Relationship": "Inner","Parallel Aware": false,"Async Capable": false,"Scan Direction": "Forward","Index Name": "idx_lineitem_orderkey","Relation Name": "lineitem","Alias": "lineitem","Startup Cost": 0.43,"Total Cost": 1.06,"Plan Rows": 17,"Plan Width": 9,"Actual Startup Time": 0.055,"Actual Total Time": 0.062,"Actual Rows": 7,"Actual Loops": 9,"Index Cond": "(l_orderkey = orders.o_orderkey)","Rows Removed by Index Recheck": 0,"Workers": []}]},{"Node Type": "Hash","Parent Relationship": "Inner","Parallel Aware": true,"Async Capable": false,"Startup Cost": 4210.00,"Total Cost": 4210.00,"Plan Rows": 62500,"Plan Width": 23,"Actual Startup Time": 36.172,"Actual Total Time": 36.190,"Actual Rows": 37500,"Actual Loops": 4,"Hash Buckets": 262144,"Original Hash Buckets": 262144,"Hash Batches": 1,"Original Hash Batches": 1,"Peak Memory Usage": 10336,"Workers": [],"Plans": [{"Node Type": "Seq Scan","Parent Relationship": "Outer","Parallel Aware": true,"Async Capable": false,"Relation Name": "customer","Alias": "customer","Startup Cost": 0.00,"Total Cost": 4210.00,"Plan Rows": 62500,"Plan Width": 23,"Actual Startup Time": 0.024,"Actual Total Time": 17.933,"Actual Rows": 37500,"Actual Loops": 4,"Workers": []}]}]}]}]}]},"Planning Time": 6.881,"Triggers": [],"Execution Time": 10893.482}]
[{"Plan": {"Node Type": "Sort","Parallel Aware": false,"Async Capable": false,"Startup Cost": 397889.21,"Total Cost": 399077.01,"Plan Rows": 475120,"Plan Width": 71,"Actual Startup Time": 10950.105,"Actual Total Time": 10953.954,"Actual Rows": 9,"Actual Loops": 1,"Sort Key": ["orders.o_totalprice DESC", "orders.o_orderdate"],"Sort Method": "quicksort","Sort Space Used": 25,"Sort Space Type": "Memory","Plans": [{"Node Type": "Aggregate","Strategy": "Hashed","Partial Mode": "Simple","Parent Relationship": "Outer","Parallel Aware": false,"Async Capable": false,"Startup Cost": 347151.30,"Total Cost": 353090.30,"Plan Rows": 475120,"Plan Width": 71,"Actual Startup Time": 10902.471,"Actual Total Time": 10953.715,"Actual Rows": 9,"Actual Loops": 1,"Group Key": ["customer.c_custkey", "orders.o_orderkey"],"Planned Partitions": 0,"HashAgg Batches": 1,"Peak Memory Usage": 24601,"Disk Usage": 0,"Plans": [{"Node Type": "Gather","Parent Relationship": "Outer","Parallel Aware": false,"Async Capable": false,"Startup Cost": 216528.94,"Total Cost": 343587.90,"Plan Rows": 475120,"Plan Width": 44,"Actual Startup Time": 10893.800,"Actual Total Time": 10897.693,"Actual Rows": 63,"Actual Loops": 1,"Workers Planned": 3,"Workers Launched": 3,"Single Copy": false,"Plans": [{"Node Type": "Hash Join","Parent Relationship": "Outer","Parallel Aware": true,"Async Capable": false,"Join Type": "Inner","Startup Cost": 215528.94,"Total Cost": 295075.90,"Plan Rows": 153265,"Plan Width": 44,"Actual Startup Time": 10134.253,"Actual Total Time": 10314.794,"Actual Rows": 16,"Actual Loops": 4,"Inner Unique": true,"Hash Cond": "(orders.o_custkey = customer.c_custkey)","Workers": [],"Plans": [{"Node Type": "Nested Loop","Parent Relationship": "Outer","Parallel Aware": false,"Async Capable": false,"Join Type": "Inner","Startup Cost": 210537.69,"Total Cost": 289682.32,"Plan Rows": 153265,"Plan Width": 25,"Actual Startup Time": 10099.687,"Actual Total Time": 10280.153,"Actual Rows": 16,"Actual Loops": 4,"Inner Unique": false,"Workers": [],"Plans": [{"Node Type": "Hash Join","Parent Relationship": "Outer","Parallel Aware": false,"Async Capable": false,"Join Type": "Inner","Startup Cost": 210537.26,"Total Cost": 242741.13,"Plan Rows": 38308,"Plan Width": 24,"Actual Startup Time": 10099.575,"Actual Total Time": 10279.892,"Actual Rows": 2,"Actual Loops": 4,"Inner Unique": true,"Hash Cond": "(orders.o_orderkey = lineitem_1.l_orderkey)","Workers": [],"Plans": [{"Node Type": "Seq Scan","Parent Relationship": "Outer","Parallel Aware": true,"Async Capable": false,"Relation Name": "orders","Alias": "orders","Startup Cost": 0.00,"Total Cost": 30933.71,"Plan Rows": 483871,"Plan Width": 20,"Actual Startup Time": 0.011,"Actual Total Time": 51.627,"Actual Rows": 375000,"Actual Loops": 4,"Workers": []},{"Node Type": "Hash","Parent Relationship": "Inner","Parallel Aware": false,"Async Capable": false,"Startup Cost": 209052.81,"Total Cost": 209052.81,"Plan Rows": 118756,"Plan Width": 4,"Actual Startup Time": 10016.825,"Actual Total Time": 10016.839,"Actual Rows": 9,"Actual Loops": 4,"Hash Buckets": 131072,"Original Hash Buckets": 131072,"Hash Batches": 1,"Original Hash Batches": 1,"Peak Memory Usage": 1025,"Workers": [],"Plans": [{"Node Type": "Aggregate","Strategy": "Hashed","Partial Mode": "Simple","Parent Relationship": "Outer","Parallel Aware": false,"Async Capable": false,"Startup Cost": 202521.23,"Total Cost": 207865.25,"Plan Rows": 118756,"Plan Width": 4,"Actual Startup Time": 6319.140,"Actual Total Time": 10016.671,"Actual Rows": 9,"Actual Loops": 4,"Group Key": ["lineitem_1.l_orderkey"],"Filter": "(sum(lineitem_1.l_quantity) > '315'::numeric)","Planned Partitions": 0,"HashAgg Batches": 1,"Peak Memory Usage": 638993,"Disk Usage": 0,"Rows Removed by Filter": 1499991,"Workers": [{"Worker Number": 0,"HashAgg Batches": 1,"Peak Memory Usage": 638993,"Disk Usage": 0},{"Worker Number": 1,"HashAgg Batches": 1,"Peak Memory Usage": 638993,"Disk Usage": 0},{"Worker Number": 2,"HashAgg Batches": 1,"Peak Memory Usage": 638993,"Disk Usage": 0}],"Plans": [{"Node Type": "Seq Scan","Parent Relationship": "Outer","Parallel Aware": false,"Async Capable": false,"Relation Name": "lineitem","Alias": "lineitem_1","Startup Cost": 0.00,"Total Cost": 172515.15,"Plan Rows": 6001215,"Plan Width": 9,"Actual Startup Time": 0.018,"Actual Total Time": 971.843,"Actual Rows": 6001215,"Actual Loops": 4,"Workers": []}]}]}]},{"Node Type": "Index Scan","Parent Relationship": "Inner","Parallel Aware": false,"Async Capable": false,"Scan Direction": "Forward","Index Name": "idx_lineitem_orderkey","Relation Name": "lineitem","Alias": "lineitem","Startup Cost": 0.43,"Total Cost": 1.06,"Plan Rows": 17,"Plan Width": 9,"Actual Startup Time": 0.069,"Actual Total Time": 0.079,"Actual Rows": 7,"Actual Loops": 9,"Index Cond": "(l_orderkey = orders.o_orderkey)","Rows Removed by Index Recheck": 0,"Workers": []}]},{"Node Type": "Hash","Parent Relationship": "Inner","Parallel Aware": true,"Async Capable": false,"Startup Cost": 4210.00,"Total Cost": 4210.00,"Plan Rows": 62500,"Plan Width": 23,"Actual Startup Time": 33.677,"Actual Total Time": 33.684,"Actual Rows": 37500,"Actual Loops": 4,"Hash Buckets": 262144,"Original Hash Buckets": 262144,"Hash Batches": 1,"Original Hash Batches": 1,"Peak Memory Usage": 10368,"Workers": [],"Plans": [{"Node Type": "Seq Scan","Parent Relationship": "Outer","Parallel Aware": true,"Async Capable": false,"Relation Name": "customer","Alias": "customer","Startup Cost": 0.00,"Total Cost": 4210.00,"Plan Rows": 62500,"Plan Width": 23,"Actual Startup Time": 0.019,"Actual Total Time": 16.715,"Actual Rows": 37500,"Actual Loops": 4,"Workers": []}]}]}]}]}]},"Planning Time": 6.132,"Triggers": [],"Execution Time": 11002.531}]
[{"Plan": {"Node Type": "Sort","Parallel Aware": false,"Async Capable": false,"Startup Cost": 397889.21,"Total Cost": 399077.01,"Plan Rows": 475120,"Plan Width": 71,"Actual Startup Time": 10950.105,"Actual Total Time": 10953.954,"Actual Rows": 9,"Actual Loops": 1,"Sort Key": ["orders.o_totalprice DESC", "orders.o_orderdate"],"Sort Method": "quicksort","Sort Space Used": 25,"Sort Space Type": "Memory","Plans": [{"Node Type": "Aggregate","Strategy": "Hashed","Partial Mode": "Simple","Parent Relationship": "Outer","Parallel Aware": false,"Async Capable": false,"Startup Cost": 347151.30,"Total Cost": 353090.30,"Plan Rows": 475120,"Plan Width": 71,"Actual Startup Time": 10902.471,"Actual Total Time": 10953.715,"Actual Rows": 9,"Actual Loops": 1,"Group Key": ["customer.c_custkey", "orders.o_orderkey"],"Planned Partitions": 0,"HashAgg Batches": 1,"Peak Memory Usage": 24601,"Disk Usage": 0,"Plans": [{"Node Type": "Gather","Parent Relationship": "Outer","Parallel Aware": false,"Async Capable": false,"Startup Cost": 216528.94,"Total Cost": 343587.90,"Plan Rows": 475120,"Plan Width": 44,"Actual Startup Time": 10893.800,"Actual Total Time": 10897.693,"Actual Rows": 63,"Actual Loops": 1,"Workers Planned": 3,"Workers Launched": 3,"Single Copy": false,"Plans": [{"Node Type": "Hash Join","Parent Relationship": "Outer","Parallel Aware": true,"Async Capable": false,"Join Type": "Inner","Startup Cost": 215528.94,"Total Cost": 295075.90,"Plan Rows": 153265,"Plan Width": 44,"Actual Startup Time": 10134.253,"Actual Total Time": 10314.794,"Actual Rows": 16,"Actual Loops": 4,"Inner Unique": true,"Hash Cond": "(orders.o_custkey = customer.c_custkey)","Workers": [],"Plans": [{"Node Type": "Nested Loop","Parent Relationship": "Outer","Parallel Aware": false,"Async Capable": false,"Join Type": "Inner","Startup Cost": 210537.69,"Total Cost": 289682.32,"Plan Rows": 153265,"Plan Width": 25,"Actual Startup Time": 10099.687,"Actual Total Time": 10280.153,"Actual Rows": 16,"Actual Loops": 4,"Inner Unique": false,"Workers": [],"Plans": [{"Node Type": "Hash Join","Parent Relationship": "Outer","Parallel Aware": false,"Async Capable": false,"Join Type": "Inner","Startup Cost": 210537.26,"Total Cost": 242741.13,"Plan Rows": 38308,"Plan Width": 24,"Actual Startup Time": 10099.575,"Actual Total Time": 10279.892,"Actual Rows": 2,"Actual Loops": 4,"Inner Unique": true,"Hash Cond": "(orders.o_orderkey = lineitem_1.l_orderkey)","Workers": [],"Plans": [{"Node Type": "Seq Scan","Parent Relationship": "Outer","Parallel Aware": true,"Async Capable": false,"Relation Name": "orders","Alias": "orders","Startup Cost": 0.00,"Total Cost": 30933.71,"Plan Rows": 483871,"Plan Width": 20,"Actual Startup Time": 0.011,"Actual Total Time": 51.627,"Actual Rows": 375000,"Actual Loops": 4,"Workers": []},{"Node Type": "Hash","Parent Relationship": "Inner","Parallel Aware": false,"Async Capable": false,"Startup Cost": 209052.81,"Total Cost": 209052.81,"Plan Rows": 118756,"Plan Width": 4,"Actual Startup Time": 10016.825,"Actual Total Time": 10016.839,"Actual Rows": 9,"Actual Loops": 4,"Hash Buckets": 131072,"Original Hash Buckets": 131072,"Hash Batches": 1,"Original Hash Batches": 1,"Peak Memory Usage": 1025,"Workers": [],"Plans": [{"Node Type": "Aggregate","Strategy": "Hashed","Partial Mode": "Simple","Parent Relationship": "Outer","Parallel Aware": false,"Async Capable": false,"Startup Cost": 202521.23,"Total Cost": 207865.25,"Plan Rows": 118756,"Plan Width": 4,"Actual Startup Time": 6319.140,"Actual Total Time": 10016.671,"Actual Rows": 9,"Actual Loops": 4,"Group Key": ["lineitem_1.l_orderkey"],"Filter": "(sum(lineitem_1.l_quantity) > '315'::numeric)","Planned Partitions": 0,"HashAgg Batches": 1,"Peak Memory Usage": 638993,"Disk Usage": 0,"Rows Removed by Filter": 1499991,"Workers": [{"Worker Number": 0,"HashAgg Batches": 1,"Peak Memory Usage": 638993,"Disk Usage": 0},{"Worker Number": 1,"HashAgg Batches": 1,"Peak Memory Usage": 638993,"Disk Usage": 0},{"Worker Number": 2,"HashAgg Batches": 1,"Peak Memory Usage": 638993,"Disk Usage": 0}],"Plans": [{"Node Type": "Seq Scan","Parent Relationship": "Outer","Parallel Aware": false,"Async Capable": false,"Relation Name": "lineitem","Alias": "lineitem_1","Startup Cost": 0.00,"Total Cost": 172515.15,"Plan Rows": 6001215,"Plan Width": 9,"Actual Startup Time": 0.018,"Actual Total Time": 971.843,"Actual Rows": 6001215,"Actual Loops": 4,"Workers": []}]}]}]},{"Node Type": "Index Scan","Parent Relationship": "Inner","Parallel Aware": false,"Async Capable": false,"Scan Direction": "Forward","Index Name": "idx_lineitem_orderkey","Relation Name": "lineitem","Alias": "lineitem","Startup Cost": 0.43,"Total Cost": 1.06,"Plan Rows": 17,"Plan Width": 9,"Actual Startup Time": 0.069,"Actual Total Time": 0.079,"Actual Rows": 7,"Actual Loops": 9,"Index Cond": "(l_orderkey = orders.o_orderkey)","Rows Removed by Index Recheck": 0,"Workers": []}]},{"Node Type": "Hash","Parent Relationship": "Inner","Parallel Aware": true,"Async Capable": false,"Startup Cost": 4210.00,"Total Cost": 4210.00,"Plan Rows": 62500,"Plan Width": 23,"Actual Startup Time": 33.677,"Actual Total Time": 33.684,"Actual Rows": 37500,"Actual Loops": 4,"Hash Buckets": 262144,"Original Hash Buckets": 262144,"Hash Batches": 1,"Original Hash Batches": 1,"Peak Memory Usage": 10368,"Workers": [],"Plans": [{"Node Type": "Seq Scan","Parent Relationship": "Outer","Parallel Aware": true,"Async Capable": false,"Relation Name": "customer","Alias": "customer","Startup Cost": 0.00,"Total Cost": 4210.00,"Plan Rows": 62500,"Plan Width": 23,"Actual Startup Time": 0.019,"Actual Total Time": 16.715,"Actual Rows": 37500,"Actual Loops": 4,"Workers": []}]}]}]}]}]},"Planning Time": 6.132,"Triggers": [],"Execution Time": 11002.531}]
[{"Plan": {"Node Type": "Sort","Parallel Aware": false,"Async Capable": false,"Startup Cost": 397889.21,"Total Cost": 399077.01,"Plan Rows": 475120,"Plan Width": 71,"Actual Startup Time": 10785.011,"Actual Total Time": 10839.032,"Actual Rows": 9,"Actual Loops": 1,"Sort Key": ["orders.o_totalprice DESC", "orders.o_orderdate"],"Sort Method": "quicksort","Sort Space Used": 25,"Sort Space Type": "Memory","Plans": [{"Node Type": "Aggregate","Strategy": "Hashed","Partial Mode": "Simple","Parent Relationship": "Outer","Parallel Aware": false,"Async Capable": false,"Startup Cost": 347151.30,"Total Cost": 353090.30,"Plan Rows": 475120,"Plan Width": 71,"Actual Startup Time": 10763.855,"Actual Total Time": 10838.848,"Actual Rows": 9,"Actual Loops": 1,"Group Key": ["customer.c_custkey", "orders.o_orderkey"],"Planned Partitions": 0,"HashAgg Batches": 1,"Peak Memory Usage": 24601,"Disk Usage": 0,"Plans": [{"Node Type": "Gather","Parent Relationship": "Outer","Parallel Aware": false,"Async Capable": false,"Startup Cost": 216528.94,"Total Cost": 343587.90,"Plan Rows": 475120,"Plan Width": 44,"Actual Startup Time": 9674.071,"Actual Total Time": 10813.470,"Actual Rows": 63,"Actual Loops": 1,"Workers Planned": 3,"Workers Launched": 3,"Single Copy": false,"Plans": [{"Node Type": "Hash Join","Parent Relationship": "Outer","Parallel Aware": true,"Async Capable": false,"Join Type": "Inner","Startup Cost": 215528.94,"Total Cost": 295075.90,"Plan Rows": 153265,"Plan Width": 44,"Actual Startup Time": 10141.072,"Actual Total Time": 10312.965,"Actual Rows": 16,"Actual Loops": 4,"Inner Unique": true,"Hash Cond": "(orders.o_custkey = customer.c_custkey)","Workers": [],"Plans": [{"Node Type": "Nested Loop","Parent Relationship": "Outer","Parallel Aware": false,"Async Capable": false,"Join Type": "Inner","Startup Cost": 210537.69,"Total Cost": 289682.32,"Plan Rows": 153265,"Plan Width": 25,"Actual Startup Time": 10104.129,"Actual Total Time": 10275.947,"Actual Rows": 16,"Actual Loops": 4,"Inner Unique": false,"Workers": [],"Plans": [{"Node Type": "Hash Join","Parent Relationship": "Outer","Parallel Aware": false,"Async Capable": false,"Join Type": "Inner","Startup Cost": 210537.26,"Total Cost": 242741.13,"Plan Rows": 38308,"Plan Width": 24,"Actual Startup Time": 10104.052,"Actual Total Time": 10275.739,"Actual Rows": 2,"Actual Loops": 4,"Inner Unique": true,"Hash Cond": "(orders.o_orderkey = lineitem_1.l_orderkey)","Workers": [],"Plans": [{"Node Type": "Seq Scan","Parent Relationship": "Outer","Parallel Aware": true,"Async Capable": false,"Relation Name": "orders","Alias": "orders","Startup Cost": 0.00,"Total Cost": 30933.71,"Plan Rows": 483871,"Plan Width": 20,"Actual Startup Time": 0.007,"Actual Total Time": 53.689,"Actual Rows": 375000,"Actual Loops": 4,"Workers": []},{"Node Type": "Hash","Parent Relationship": "Inner","Parallel Aware": false,"Async Capable": false,"Startup Cost": 209052.81,"Total Cost": 209052.81,"Plan Rows": 118756,"Plan Width": 4,"Actual Startup Time": 10025.157,"Actual Total Time": 10025.166,"Actual Rows": 9,"Actual Loops": 4,"Hash Buckets": 131072,"Original Hash Buckets": 131072,"Hash Batches": 1,"Original Hash Batches": 1,"Peak Memory Usage": 1025,"Workers": [],"Plans": [{"Node Type": "Aggregate","Strategy": "Hashed","Partial Mode": "Simple","Parent Relationship": "Outer","Parallel Aware": false,"Async Capable": false,"Startup Cost": 202521.23,"Total Cost": 207865.25,"Plan Rows": 118756,"Plan Width": 4,"Actual Startup Time": 6285.839,"Actual Total Time": 10024.981,"Actual Rows": 9,"Actual Loops": 4,"Group Key": ["lineitem_1.l_orderkey"],"Filter": "(sum(lineitem_1.l_quantity) > '314'::numeric)","Planned Partitions": 0,"HashAgg Batches": 1,"Peak Memory Usage": 638993,"Disk Usage": 0,"Rows Removed by Filter": 1499991,"Workers": [{"Worker Number": 0,"HashAgg Batches": 1,"Peak Memory Usage": 638993,"Disk Usage": 0},{"Worker Number": 1,"HashAgg Batches": 1,"Peak Memory Usage": 638993,"Disk Usage": 0},{"Worker Number": 2,"HashAgg Batches": 1,"Peak Memory Usage": 638993,"Disk Usage": 0}],"Plans": [{"Node Type": "Seq Scan","Parent Relationship": "Outer","Parallel Aware": false,"Async Capable": false,"Relation Name": "lineitem","Alias": "lineitem_1","Startup Cost": 0.00,"Total Cost": 172515.15,"Plan Rows": 6001215,"Plan Width": 9,"Actual Startup Time": 0.019,"Actual Total Time": 931.752,"Actual Rows": 6001215,"Actual Loops": 4,"Workers": []}]}]}]},{"Node Type": "Index Scan","Parent Relationship": "Inner","Parallel Aware": false,"Async Capable": false,"Scan Direction": "Forward","Index Name": "idx_lineitem_orderkey","Relation Name": "lineitem","Alias": "lineitem","Startup Cost": 0.43,"Total Cost": 1.06,"Plan Rows": 17,"Plan Width": 9,"Actual Startup Time": 0.055,"Actual Total Time": 0.062,"Actual Rows": 7,"Actual Loops": 9,"Index Cond": "(l_orderkey = orders.o_orderkey)","Rows Removed by Index Recheck": 0,"Workers": []}]},{"Node Type": "Hash","Parent Relationship": "Inner","Parallel Aware": true,"Async Capable": false,"Startup Cost": 4210.00,"Total Cost": 4210.00,"Plan Rows": 62500,"Plan Width": 23,"Actual Startup Time": 36.172,"Actual Total Time": 36.190,"Actual Rows": 37500,"Actual Loops": 4,"Hash Buckets": 262144,"Original Hash Buckets": 262144,"Hash Batches": 1,"Original Hash Batches": 1,"Peak Memory Usage": 10336,"Workers": [],"Plans": [{"Node Type": "Seq Scan","Parent Relationship": "Outer","Parallel Aware": true,"Async Capable": false,"Relation Name": "customer","Alias": "customer","Startup Cost": 0.00,"Total Cost": 4210.00,"Plan Rows": 62500,"Plan Width": 23,"Actual Startup Time": 0.024,"Actual Total Time": 17.933,"Actual Rows": 37500,"Actual Loops": 4,"Workers": []}]}]}]}]}]},"Planning Time": 6.881,"Triggers": [],"Execution Time": 10893.482}]
[{"Plan": {"Node Type": "Sort","Parallel Aware": false,"Async Capable": false,"Startup Cost": 397889.21,"Total Cost": 399077.01,"Plan Rows": 475120,"Plan Width": 71,"Actual Startup Time": 10345.847,"Actual Total Time": 10377.998,"Actual Rows": 9,"Actual Loops": 1,"Sort Key": ["orders.o_totalprice DESC", "orders.o_orderdate"],"Sort Method": "quicksort","Sort Space Used": 25,"Sort Space Type": "Memory","Plans": [{"Node Type": "Aggregate","Strategy": "Hashed","Partial Mode": "Simple","Parent Relationship": "Outer","Parallel Aware": false,"Async Capable": false,"Startup Cost": 347151.30,"Total Cost": 353090.30,"Plan Rows": 475120,"Plan Width": 71,"Actual Startup Time": 10329.232,"Actual Total Time": 10377.856,"Actual Rows": 9,"Actual Loops": 1,"Group Key": ["customer.c_custkey", "orders.o_orderkey"],"Planned Partitions": 0,"HashAgg Batches": 1,"Peak Memory Usage": 24601,"Disk Usage": 0,"Plans": [{"Node Type": "Gather","Parent Relationship": "Outer","Parallel Aware": false,"Async Capable": false,"Startup Cost": 216528.94,"Total Cost": 343587.90,"Plan Rows": 475120,"Plan Width": 44,"Actual Startup Time": 10053.961,"Actual Total Time": 10357.615,"Actual Rows": 63,"Actual Loops": 1,"Workers Planned": 3,"Workers Launched": 3,"Single Copy": false,"Plans": [{"Node Type": "Hash Join","Parent Relationship": "Outer","Parallel Aware": true,"Async Capable": false,"Join Type": "Inner","Startup Cost": 215528.94,"Total Cost": 295075.90,"Plan Rows": 153265,"Plan Width": 44,"Actual Startup Time": 10157.696,"Actual Total Time": 10258.651,"Actual Rows": 16,"Actual Loops": 4,"Inner Unique": true,"Hash Cond": "(orders.o_custkey = customer.c_custkey)","Workers": [],"Plans": [{"Node Type": "Nested Loop","Parent Relationship": "Outer","Parallel Aware": false,"Async Capable": false,"Join Type": "Inner","Startup Cost": 210537.69,"Total Cost": 289682.32,"Plan Rows": 153265,"Plan Width": 25,"Actual Startup Time": 10123.332,"Actual Total Time": 10224.239,"Actual Rows": 16,"Actual Loops": 4,"Inner Unique": false,"Workers": [],"Plans": [{"Node Type": "Hash Join","Parent Relationship": "Outer","Parallel Aware": false,"Async Capable": false,"Join Type": "Inner","Startup Cost": 210537.26,"Total Cost": 242741.13,"Plan Rows": 38308,"Plan Width": 24,"Actual Startup Time": 10123.186,"Actual Total Time": 10223.998,"Actual Rows": 2,"Actual Loops": 4,"Inner Unique": true,"Hash Cond": "(orders.o_orderkey = lineitem_1.l_orderkey)","Workers": [],"Plans": [{"Node Type": "Seq Scan","Parent Relationship": "Outer","Parallel Aware": true,"Async Capable": false,"Relation Name": "orders","Alias": "orders","Startup Cost": 0.00,"Total Cost": 30933.71,"Plan Rows": 483871,"Plan Width": 20,"Actual Startup Time": 0.011,"Actual Total Time": 49.852,"Actual Rows": 375000,"Actual Loops": 4,"Workers": []},{"Node Type": "Hash","Parent Relationship": "Inner","Parallel Aware": false,"Async Capable": false,"Startup Cost": 209052.81,"Total Cost": 209052.81,"Plan Rows": 118756,"Plan Width": 4,"Actual Startup Time": 10005.666,"Actual Total Time": 10005.673,"Actual Rows": 9,"Actual Loops": 4,"Hash Buckets": 131072,"Original Hash Buckets": 131072,"Hash Batches": 1,"Original Hash Batches": 1,"Peak Memory Usage": 1025,"Workers": [],"Plans": [{"Node Type": "Aggregate","Strategy": "Hashed","Partial Mode": "Simple","Parent Relationship": "Outer","Parallel Aware": false,"Async Capable": false,"Startup Cost": 202521.23,"Total Cost": 207865.25,"Plan Rows": 118756,"Plan Width": 4,"Actual Startup Time": 6310.010,"Actual Total Time": 10005.543,"Actual Rows": 9,"Actual Loops": 4,"Group Key": ["lineitem_1.l_orderkey"],"Filter": "(sum(lineitem_1.l_quantity) > '313'::numeric)","Planned Partitions": 0,"HashAgg Batches": 1,"Peak Memory Usage": 638993,"Disk Usage": 0,"Rows Removed by Filter": 1499991,"Workers": [{"Worker Number": 0,"HashAgg Batches": 1,"Peak Memory Usage": 638993,"Disk Usage": 0},{"Worker Number": 1,"HashAgg Batches": 1,"Peak Memory Usage": 638993,"Disk Usage": 0},{"Worker Number": 2,"HashAgg Batches": 1,"Peak Memory Usage": 638993,"Disk Usage": 0}],"Plans": [{"Node Type": "Seq Scan","Parent Relationship": "Outer","Parallel Aware": false,"Async Capable": false,"Relation Name": "lineitem","Alias": "lineitem_1","Startup Cost": 0.00,"Total Cost": 172515.15,"Plan Rows": 6001215,"Plan Width": 9,"Actual Startup Time": 0.020,"Actual Total Time": 994.479,"Actual Rows": 6001215,"Actual Loops": 4,"Workers": []}]}]}]},{"Node Type": "Index Scan","Parent Relationship": "Inner","Parallel Aware": false,"Async Capable": false,"Scan Direction": "Forward","Index Name": "idx_lineitem_orderkey","Relation Name": "lineitem","Alias": "lineitem","Startup Cost": 0.43,"Total Cost": 1.06,"Plan Rows": 17,"Plan Width": 9,"Actual Startup Time": 0.068,"Actual Total Time": 0.075,"Actual Rows": 7,"Actual Loops": 9,"Index Cond": "(l_orderkey = orders.o_orderkey)","Rows Removed by Index Recheck": 0,"Workers": []}]},{"Node Type": "Hash","Parent Relationship": "Inner","Parallel Aware": true,"Async Capable": false,"Startup Cost": 4210.00,"Total Cost": 4210.00,"Plan Rows": 62500,"Plan Width": 23,"Actual Startup Time": 33.578,"Actual Total Time": 33.582,"Actual Rows": 37500,"Actual Loops": 4,"Hash Buckets": 262144,"Original Hash Buckets": 262144,"Hash Batches": 1,"Original Hash Batches": 1,"Peak Memory Usage": 10336,"Workers": [],"Plans": [{"Node Type": "Seq Scan","Parent Relationship": "Outer","Parallel Aware": true,"Async Capable": false,"Relation Name": "customer","Alias": "customer","Startup Cost": 0.00,"Total Cost": 4210.00,"Plan Rows": 62500,"Plan Width": 23,"Actual Startup Time": 0.023,"Actual Total Time": 16.777,"Actual Rows": 37500,"Actual Loops": 4,"Workers": []}]}]}]}]}]},"Planning Time": 6.662,"Triggers": [],"Execution Time": 10430.266}]
[{"Plan": {"Node Type": "Sort","Parallel Aware": false,"Async Capable": false,"Startup Cost": 397889.21,"Total Cost": 399077.01,"Plan Rows": 475120,"Plan Width": 71,"Actual Startup Time": 10950.105,"Actual Total Time": 10953.954,"Actual Rows": 9,"Actual Loops": 1,"Sort Key": ["orders.o_totalprice DESC", "orders.o_orderdate"],"Sort Method": "quicksort","Sort Space Used": 25,"Sort Space Type": "Memory","Plans": [{"Node Type": "Aggregate","Strategy": "Hashed","Partial Mode": "Simple","Parent Relationship": "Outer","Parallel Aware": false,"Async Capable": false,"Startup Cost": 347151.30,"Total Cost": 353090.30,"Plan Rows": 475120,"Plan Width": 71,"Actual Startup Time": 10902.471,"Actual Total Time": 10953.715,"Actual Rows": 9,"Actual Loops": 1,"Group Key": ["customer.c_custkey", "orders.o_orderkey"],"Planned Partitions": 0,"HashAgg Batches": 1,"Peak Memory Usage": 24601,"Disk Usage": 0,"Plans": [{"Node Type": "Gather","Parent Relationship": "Outer","Parallel Aware": false,"Async Capable": false,"Startup Cost": 216528.94,"Total Cost": 343587.90,"Plan Rows": 475120,"Plan Width": 44,"Actual Startup Time": 10893.800,"Actual Total Time": 10897.693,"Actual Rows": 63,"Actual Loops": 1,"Workers Planned": 3,"Workers Launched": 3,"Single Copy": false,"Plans": [{"Node Type": "Hash Join","Parent Relationship": "Outer","Parallel Aware": true,"Async Capable": false,"Join Type": "Inner","Startup Cost": 215528.94,"Total Cost": 295075.90,"Plan Rows": 153265,"Plan Width": 44,"Actual Startup Time": 10134.253,"Actual Total Time": 10314.794,"Actual Rows": 16,"Actual Loops": 4,"Inner Unique": true,"Hash Cond": "(orders.o_custkey = customer.c_custkey)","Workers": [],"Plans": [{"Node Type": "Nested Loop","Parent Relationship": "Outer","Parallel Aware": false,"Async Capable": false,"Join Type": "Inner","Startup Cost": 210537.69,"Total Cost": 289682.32,"Plan Rows": 153265,"Plan Width": 25,"Actual Startup Time": 10099.687,"Actual Total Time": 10280.153,"Actual Rows": 16,"Actual Loops": 4,"Inner Unique": false,"Workers": [],"Plans": [{"Node Type": "Hash Join","Parent Relationship": "Outer","Parallel Aware": false,"Async Capable": false,"Join Type": "Inner","Startup Cost": 210537.26,"Total Cost": 242741.13,"Plan Rows": 38308,"Plan Width": 24,"Actual Startup Time": 10099.575,"Actual Total Time": 10279.892,"Actual Rows": 2,"Actual Loops": 4,"Inner Unique": true,"Hash Cond": "(orders.o_orderkey = lineitem_1.l_orderkey)","Workers": [],"Plans": [{"Node Type": "Seq Scan","Parent Relationship": "Outer","Parallel Aware": true,"Async Capable": false,"Relation Name": "orders","Alias": "orders","Startup Cost": 0.00,"Total Cost": 30933.71,"Plan Rows": 483871,"Plan Width": 20,"Actual Startup Time": 0.011,"Actual Total Time": 51.627,"Actual Rows": 375000,"Actual Loops": 4,"Workers": []},{"Node Type": "Hash","Parent Relationship": "Inner","Parallel Aware": false,"Async Capable": false,"Startup Cost": 209052.81,"Total Cost": 209052.81,"Plan Rows": 118756,"Plan Width": 4,"Actual Startup Time": 10016.825,"Actual Total Time": 10016.839,"Actual Rows": 9,"Actual Loops": 4,"Hash Buckets": 131072,"Original Hash Buckets": 131072,"Hash Batches": 1,"Original Hash Batches": 1,"Peak Memory Usage": 1025,"Workers": [],"Plans": [{"Node Type": "Aggregate","Strategy": "Hashed","Partial Mode": "Simple","Parent Relationship": "Outer","Parallel Aware": false,"Async Capable": false,"Startup Cost": 202521.23,"Total Cost": 207865.25,"Plan Rows": 118756,"Plan Width": 4,"Actual Startup Time": 6319.140,"Actual Total Time": 10016.671,"Actual Rows": 9,"Actual Loops": 4,"Group Key": ["lineitem_1.l_orderkey"],"Filter": "(sum(lineitem_1.l_quantity) > '315'::numeric)","Planned Partitions": 0,"HashAgg Batches": 1,"Peak Memory Usage": 638993,"Disk Usage": 0,"Rows Removed by Filter": 1499991,"Workers": [{"Worker Number": 0,"HashAgg Batches": 1,"Peak Memory Usage": 638993,"Disk Usage": 0},{"Worker Number": 1,"HashAgg Batches": 1,"Peak Memory Usage": 638993,"Disk Usage": 0},{"Worker Number": 2,"HashAgg Batches": 1,"Peak Memory Usage": 638993,"Disk Usage": 0}],"Plans": [{"Node Type": "Seq Scan","Parent Relationship": "Outer","Parallel Aware": false,"Async Capable": false,"Relation Name": "lineitem","Alias": "lineitem_1","Startup Cost": 0.00,"Total Cost": 172515.15,"Plan Rows": 6001215,"Plan Width": 9,"Actual Startup Time": 0.018,"Actual Total Time": 971.843,"Actual Rows": 6001215,"Actual Loops": 4,"Workers": []}]}]}]},{"Node Type": "Index Scan","Parent Relationship": "Inner","Parallel Aware": false,"Async Capable": false,"Scan Direction": "Forward","Index Name": "idx_lineitem_orderkey","Relation Name": "lineitem","Alias": "lineitem","Startup Cost": 0.43,"Total Cost": 1.06,"Plan Rows": 17,"Plan Width": 9,"Actual Startup Time": 0.069,"Actual Total Time": 0.079,"Actual Rows": 7,"Actual Loops": 9,"Index Cond": "(l_orderkey = orders.o_orderkey)","Rows Removed by Index Recheck": 0,"Workers": []}]},{"Node Type": "Hash","Parent Relationship": "Inner","Parallel Aware": true,"Async Capable": false,"Startup Cost": 4210.00,"Total Cost": 4210.00,"Plan Rows": 62500,"Plan Width": 23,"Actual Startup Time": 33.677,"Actual Total Time": 33.684,"Actual Rows": 37500,"Actual Loops": 4,"Hash Buckets": 262144,"Original Hash Buckets": 262144,"Hash Batches": 1,"Original Hash Batches": 1,"Peak Memory Usage": 10368,"Workers": [],"Plans": [{"Node Type": "Seq Scan","Parent Relationship": "Outer","Parallel Aware": true,"Async Capable": false,"Relation Name": "customer","Alias": "customer","Startup Cost": 0.00,"Total Cost": 4210.00,"Plan Rows": 62500,"Plan Width": 23,"Actual Startup Time": 0.019,"Actual Total Time": 16.715,"Actual Rows": 37500,"Actual Loops": 4,"Workers": []}]}]}]}]}]},"Planning Time": 6.132,"Triggers": [],"Execution Time": 11002.531}]
[{"Plan": {"Node Type": "Sort","Parallel Aware": false,"Async Capable": false,"Startup Cost": 397889.21,"Total Cost": 399077.01,"Plan Rows": 475120,"Plan Width": 71,"Actual Startup Time": 10887.509,"Actual Total Time": 10908.132,"Actual Rows": 10,"Actual Loops": 1,"Sort Key": ["orders.o_totalprice DESC", "orders.o_orderdate"],"Sort Method": "quicksort","Sort Space Used": 25,"Sort Space Type": "Memory","Plans": [{"Node Type": "Aggregate","Strategy": "Hashed","Partial Mode": "Simple","Parent Relationship": "Outer","Parallel Aware": false,"Async Capable": false,"Startup Cost": 347151.30,"Total Cost": 353090.30,"Plan Rows": 475120,"Plan Width": 71,"Actual Startup Time": 10848.812,"Actual Total Time": 10907.941,"Actual Rows": 10,"Actual Loops": 1,"Group Key": ["customer.c_custkey", "orders.o_orderkey"],"Planned Partitions": 0,"HashAgg Batches": 1,"Peak Memory Usage": 24601,"Disk Usage": 0,"Plans": [{"Node Type": "Gather","Parent Relationship": "Outer","Parallel Aware": false,"Async Capable": false,"Startup Cost": 216528.94,"Total Cost": 343587.90,"Plan Rows": 475120,"Plan Width": 44,"Actual Startup Time": 10782.037,"Actual Total Time": 10858.151,"Actual Rows": 70,"Actual Loops": 1,"Workers Planned": 3,"Workers Launched": 3,"Single Copy": false,"Plans": [{"Node Type": "Hash Join","Parent Relationship": "Outer","Parallel Aware": true,"Async Capable": false,"Join Type": "Inner","Startup Cost": 215528.94,"Total Cost": 295075.90,"Plan Rows": 153265,"Plan Width": 44,"Actual Startup Time": 10180.765,"Actual Total Time": 10348.312,"Actual Rows": 18,"Actual Loops": 4,"Inner Unique": true,"Hash Cond": "(orders.o_custkey = customer.c_custkey)","Workers": [],"Plans": [{"Node Type": "Nested Loop","Parent Relationship": "Outer","Parallel Aware": false,"Async Capable": false,"Join Type": "Inner","Startup Cost": 210537.69,"Total Cost": 289682.32,"Plan Rows": 153265,"Plan Width": 25,"Actual Startup Time": 10142.809,"Actual Total Time": 10310.270,"Actual Rows": 18,"Actual Loops": 4,"Inner Unique": false,"Workers": [],"Plans": [{"Node Type": "Hash Join","Parent Relationship": "Outer","Parallel Aware": false,"Async Capable": false,"Join Type": "Inner","Startup Cost": 210537.26,"Total Cost": 242741.13,"Plan Rows": 38308,"Plan Width": 24,"Actual Startup Time": 10142.670,"Actual Total Time": 10309.991,"Actual Rows": 2,"Actual Loops": 4,"Inner Unique": true,"Hash Cond": "(orders.o_orderkey = lineitem_1.l_orderkey)","Workers": [],"Plans": [{"Node Type": "Seq Scan","Parent Relationship": "Outer","Parallel Aware": true,"Async Capable": false,"Relation Name": "orders","Alias": "orders","Startup Cost": 0.00,"Total Cost": 30933.71,"Plan Rows": 483871,"Plan Width": 20,"Actual Startup Time": 0.009,"Actual Total Time": 49.040,"Actual Rows": 375000,"Actual Loops": 4,"Workers": []},{"Node Type": "Hash","Parent Relationship": "Inner","Parallel Aware": false,"Async Capable": false,"Startup Cost": 209052.81,"Total Cost": 209052.81,"Plan Rows": 118756,"Plan Width": 4,"Actual Startup Time": 10075.163,"Actual Total Time": 10075.176,"Actual Rows": 10,"Actual Loops": 4,"Hash Buckets": 131072,"Original Hash Buckets": 131072,"Hash Batches": 1,"Original Hash Batches": 1,"Peak Memory Usage": 1025,"Workers": [],"Plans": [{"Node Type": "Aggregate","Strategy": "Hashed","Partial Mode": "Simple","Parent Relationship": "Outer","Parallel Aware": false,"Async Capable": false,"Startup Cost": 202521.23,"Total Cost": 207865.25,"Plan Rows": 118756,"Plan Width": 4,"Actual Startup Time": 6293.151,"Actual Total Time": 10074.968,"Actual Rows": 10,"Actual Loops": 4,"Group Key": ["lineitem_1.l_orderkey"],"Filter": "(sum(lineitem_1.l_quantity) > '312'::numeric)","Planned Partitions": 0,"HashAgg Batches": 1,"Peak Memory Usage": 638993,"Disk Usage": 0,"Rows Removed by Filter": 1499990,"Workers": [{"Worker Number": 0,"HashAgg Batches": 1,"Peak Memory Usage": 638993,"Disk Usage": 0},{"Worker Number": 1,"HashAgg Batches": 1,"Peak Memory Usage": 638993,"Disk Usage": 0},{"Worker Number": 2,"HashAgg Batches": 1,"Peak Memory Usage": 638993,"Disk Usage": 0}],"Plans": [{"Node Type": "Seq Scan","Parent Relationship": "Outer","Parallel Aware": false,"Async Capable": false,"Relation Name": "lineitem","Alias": "lineitem_1","Startup Cost": 0.00,"Total Cost": 172515.15,"Plan Rows": 6001215,"Plan Width": 9,"Actual Startup Time": 0.021,"Actual Total Time": 960.546,"Actual Rows": 6001215,"Actual Loops": 4,"Workers": []}]}]}]},{"Node Type": "Index Scan","Parent Relationship": "Inner","Parallel Aware": false,"Async Capable": false,"Scan Direction": "Forward","Index Name": "idx_lineitem_orderkey","Relation Name": "lineitem","Alias": "lineitem","Startup Cost": 0.43,"Total Cost": 1.06,"Plan Rows": 17,"Plan Width": 9,"Actual Startup Time": 0.072,"Actual Total Time": 0.079,"Actual Rows": 7,"Actual Loops": 10,"Index Cond": "(l_orderkey = orders.o_orderkey)","Rows Removed by Index Recheck": 0,"Workers": []}]},{"Node Type": "Hash","Parent Relationship": "Inner","Parallel Aware": true,"Async Capable": false,"Startup Cost": 4210.00,"Total Cost": 4210.00,"Plan Rows": 62500,"Plan Width": 23,"Actual Startup Time": 37.105,"Actual Total Time": 37.114,"Actual Rows": 37500,"Actual Loops": 4,"Hash Buckets": 262144,"Original Hash Buckets": 262144,"Hash Batches": 1,"Original Hash Batches": 1,"Peak Memory Usage": 10368,"Workers": [],"Plans": [{"Node Type": "Seq Scan","Parent Relationship": "Outer","Parallel Aware": true,"Async Capable": false,"Relation Name": "customer","Alias": "customer","Startup Cost": 0.00,"Total Cost": 4210.00,"Plan Rows": 62500,"Plan Width": 23,"Actual Startup Time": 0.025,"Actual Total Time": 19.726,"Actual Rows": 37500,"Actual Loops": 4,"Workers": []}]}]}]}]}]},"Planning Time": 6.715,"Triggers": [],"Execution Time": 10961.817}]
[{"Plan": {"Node Type": "Sort","Parallel Aware": false,"Async Capable": false,"Startup Cost": 397889.21,"Total Cost": 399077.01,"Plan Rows": 475120,"Plan Width": 71,"Actual Startup Time": 10785.011,"Actual Total Time": 10839.032,"Actual Rows": 9,"Actual Loops": 1,"Sort Key": ["orders.o_totalprice DESC", "orders.o_orderdate"],"Sort Method": "quicksort","Sort Space Used": 25,"Sort Space Type": "Memory","Plans": [{"Node Type": "Aggregate","Strategy": "Hashed","Partial Mode": "Simple","Parent Relationship": "Outer","Parallel Aware": false,"Async Capable": false,"Startup Cost": 347151.30,"Total Cost": 353090.30,"Plan Rows": 475120,"Plan Width": 71,"Actual Startup Time": 10763.855,"Actual Total Time": 10838.848,"Actual Rows": 9,"Actual Loops": 1,"Group Key": ["customer.c_custkey", "orders.o_orderkey"],"Planned Partitions": 0,"HashAgg Batches": 1,"Peak Memory Usage": 24601,"Disk Usage": 0,"Plans": [{"Node Type": "Gather","Parent Relationship": "Outer","Parallel Aware": false,"Async Capable": false,"Startup Cost": 216528.94,"Total Cost": 343587.90,"Plan Rows": 475120,"Plan Width": 44,"Actual Startup Time": 9674.071,"Actual Total Time": 10813.470,"Actual Rows": 63,"Actual Loops": 1,"Workers Planned": 3,"Workers Launched": 3,"Single Copy": false,"Plans": [{"Node Type": "Hash Join","Parent Relationship": "Outer","Parallel Aware": true,"Async Capable": false,"Join Type": "Inner","Startup Cost": 215528.94,"Total Cost": 295075.90,"Plan Rows": 153265,"Plan Width": 44,"Actual Startup Time": 10141.072,"Actual Total Time": 10312.965,"Actual Rows": 16,"Actual Loops": 4,"Inner Unique": true,"Hash Cond": "(orders.o_custkey = customer.c_custkey)","Workers": [],"Plans": [{"Node Type": "Nested Loop","Parent Relationship": "Outer","Parallel Aware": false,"Async Capable": false,"Join Type": "Inner","Startup Cost": 210537.69,"Total Cost": 289682.32,"Plan Rows": 153265,"Plan Width": 25,"Actual Startup Time": 10104.129,"Actual Total Time": 10275.947,"Actual Rows": 16,"Actual Loops": 4,"Inner Unique": false,"Workers": [],"Plans": [{"Node Type": "Hash Join","Parent Relationship": "Outer","Parallel Aware": false,"Async Capable": false,"Join Type": "Inner","Startup Cost": 210537.26,"Total Cost": 242741.13,"Plan Rows": 38308,"Plan Width": 24,"Actual Startup Time": 10104.052,"Actual Total Time": 10275.739,"Actual Rows": 2,"Actual Loops": 4,"Inner Unique": true,"Hash Cond": "(orders.o_orderkey = lineitem_1.l_orderkey)","Workers": [],"Plans": [{"Node Type": "Seq Scan","Parent Relationship": "Outer","Parallel Aware": true,"Async Capable": false,"Relation Name": "orders","Alias": "orders","Startup Cost": 0.00,"Total Cost": 30933.71,"Plan Rows": 483871,"Plan Width": 20,"Actual Startup Time": 0.007,"Actual Total Time": 53.689,"Actual Rows": 375000,"Actual Loops": 4,"Workers": []},{"Node Type": "Hash","Parent Relationship": "Inner","Parallel Aware": false,"Async Capable": false,"Startup Cost": 209052.81,"Total Cost": 209052.81,"Plan Rows": 118756,"Plan Width": 4,"Actual Startup Time": 10025.157,"Actual Total Time": 10025.166,"Actual Rows": 9,"Actual Loops": 4,"Hash Buckets": 131072,"Original Hash Buckets": 131072,"Hash Batches": 1,"Original Hash Batches": 1,"Peak Memory Usage": 1025,"Workers": [],"Plans": [{"Node Type": "Aggregate","Strategy": "Hashed","Partial Mode": "Simple","Parent Relationship": "Outer","Parallel Aware": false,"Async Capable": false,"Startup Cost": 202521.23,"Total Cost": 207865.25,"Plan Rows": 118756,"Plan Width": 4,"Actual Startup Time": 6285.839,"Actual Total Time": 10024.981,"Actual Rows": 9,"Actual Loops": 4,"Group Key": ["lineitem_1.l_orderkey"],"Filter": "(sum(lineitem_1.l_quantity) > '314'::numeric)","Planned Partitions": 0,"HashAgg Batches": 1,"Peak Memory Usage": 638993,"Disk Usage": 0,"Rows Removed by Filter": 1499991,"Workers": [{"Worker Number": 0,"HashAgg Batches": 1,"Peak Memory Usage": 638993,"Disk Usage": 0},{"Worker Number": 1,"HashAgg Batches": 1,"Peak Memory Usage": 638993,"Disk Usage": 0},{"Worker Number": 2,"HashAgg Batches": 1,"Peak Memory Usage": 638993,"Disk Usage": 0}],"Plans": [{"Node Type": "Seq Scan","Parent Relationship": "Outer","Parallel Aware": false,"Async Capable": false,"Relation Name": "lineitem","Alias": "lineitem_1","Startup Cost": 0.00,"Total Cost": 172515.15,"Plan Rows": 6001215,"Plan Width": 9,"Actual Startup Time": 0.019,"Actual Total Time": 931.752,"Actual Rows": 6001215,"Actual Loops": 4,"Workers": []}]}]}]},{"Node Type": "Index Scan","Parent Relationship": "Inner","Parallel Aware": false,"Async Capable": false,"Scan Direction": "Forward","Index Name": "idx_lineitem_orderkey","Relation Name": "lineitem","Alias": "lineitem","Startup Cost": 0.43,"Total Cost": 1.06,"Plan Rows": 17,"Plan Width": 9,"Actual Startup Time": 0.055,"Actual Total Time": 0.062,"Actual Rows": 7,"Actual Loops": 9,"Index Cond": "(l_orderkey = orders.o_orderkey)","Rows Removed by Index Recheck": 0,"Workers": []}]},{"Node Type": "Hash","Parent Relationship": "Inner","Parallel Aware": true,"Async Capable": false,"Startup Cost": 4210.00,"Total Cost": 4210.00,"Plan Rows": 62500,"Plan Width": 23,"Actual Startup Time": 36.172,"Actual Total Time": 36.190,"Actual Rows": 37500,"Actual Loops": 4,"Hash Buckets": 262144,"Original Hash Buckets": 262144,"Hash Batches": 1,"Original Hash Batches": 1,"Peak Memory Usage": 10336,"Workers": [],"Plans": [{"Node Type": "Seq Scan","Parent Relationship": "Outer","Parallel Aware": true,"Async Capable": false,"Relation Name": "customer","Alias": "customer","Startup Cost": 0.00,"Total Cost": 4210.00,"Plan Rows": 62500,"Plan Width": 23,"Actual Startup Time": 0.024,"Actual Total Time": 17.933,"Actual Rows": 37500,"Actual Loops": 4,"Workers": []}]}]}]}]}]},"Planning Time": 6.881,"Triggers": [],"Execution Time": 10893.482}]
[{"Plan": {"Node Type": "Sort","Parallel Aware": false,"Async Capable": false,"Startup Cost": 397889.21,"Total Cost": 399077.01,"Plan Rows": 475120,"Plan Width": 71,"Actual Startup Time": 10345.847,"Actual Total Time": 10377.998,"Actual Rows": 9,"Actual Loops": 1,"Sort Key": ["orders.o_totalprice DESC", "orders.o_orderdate"],"Sort Method": "quicksort","Sort Space Used": 25,"Sort Space Type": "Memory","Plans": [{"Node Type": "Aggregate","Strategy": "Hashed","Partial Mode": "Simple","Parent Relationship": "Outer","Parallel Aware": false,"Async Capable": false,"Startup Cost": 347151.30,"Total Cost": 353090.30,"Plan Rows": 475120,"Plan Width": 71,"Actual Startup Time": 10329.232,"Actual Total Time": 10377.856,"Actual Rows": 9,"Actual Loops": 1,"Group Key": ["customer.c_custkey", "orders.o_orderkey"],"Planned Partitions": 0,"HashAgg Batches": 1,"Peak Memory Usage": 24601,"Disk Usage": 0,"Plans": [{"Node Type": "Gather","Parent Relationship": "Outer","Parallel Aware": false,"Async Capable": false,"Startup Cost": 216528.94,"Total Cost": 343587.90,"Plan Rows": 475120,"Plan Width": 44,"Actual Startup Time": 10053.961,"Actual Total Time": 10357.615,"Actual Rows": 63,"Actual Loops": 1,"Workers Planned": 3,"Workers Launched": 3,"Single Copy": false,"Plans": [{"Node Type": "Hash Join","Parent Relationship": "Outer","Parallel Aware": true,"Async Capable": false,"Join Type": "Inner","Startup Cost": 215528.94,"Total Cost": 295075.90,"Plan Rows": 153265,"Plan Width": 44,"Actual Startup Time": 10157.696,"Actual Total Time": 10258.651,"Actual Rows": 16,"Actual Loops": 4,"Inner Unique": true,"Hash Cond": "(orders.o_custkey = customer.c_custkey)","Workers": [],"Plans": [{"Node Type": "Nested Loop","Parent Relationship": "Outer","Parallel Aware": false,"Async Capable": false,"Join Type": "Inner","Startup Cost": 210537.69,"Total Cost": 289682.32,"Plan Rows": 153265,"Plan Width": 25,"Actual Startup Time": 10123.332,"Actual Total Time": 10224.239,"Actual Rows": 16,"Actual Loops": 4,"Inner Unique": false,"Workers": [],"Plans": [{"Node Type": "Hash Join","Parent Relationship": "Outer","Parallel Aware": false,"Async Capable": false,"Join Type": "Inner","Startup Cost": 210537.26,"Total Cost": 242741.13,"Plan Rows": 38308,"Plan Width": 24,"Actual Startup Time": 10123.186,"Actual Total Time": 10223.998,"Actual Rows": 2,"Actual Loops": 4,"Inner Unique": true,"Hash Cond": "(orders.o_orderkey = lineitem_1.l_orderkey)","Workers": [],"Plans": [{"Node Type": "Seq Scan","Parent Relationship": "Outer","Parallel Aware": true,"Async Capable": false,"Relation Name": "orders","Alias": "orders","Startup Cost": 0.00,"Total Cost": 30933.71,"Plan Rows": 483871,"Plan Width": 20,"Actual Startup Time": 0.011,"Actual Total Time": 49.852,"Actual Rows": 375000,"Actual Loops": 4,"Workers": []},{"Node Type": "Hash","Parent Relationship": "Inner","Parallel Aware": false,"Async Capable": false,"Startup Cost": 209052.81,"Total Cost": 209052.81,"Plan Rows": 118756,"Plan Width": 4,"Actual Startup Time": 10005.666,"Actual Total Time": 10005.673,"Actual Rows": 9,"Actual Loops": 4,"Hash Buckets": 131072,"Original Hash Buckets": 131072,"Hash Batches": 1,"Original Hash Batches": 1,"Peak Memory Usage": 1025,"Workers": [],"Plans": [{"Node Type": "Aggregate","Strategy": "Hashed","Partial Mode": "Simple","Parent Relationship": "Outer","Parallel Aware": false,"Async Capable": false,"Startup Cost": 202521.23,"Total Cost": 207865.25,"Plan Rows": 118756,"Plan Width": 4,"Actual Startup Time": 6310.010,"Actual Total Time": 10005.543,"Actual Rows": 9,"Actual Loops": 4,"Group Key": ["lineitem_1.l_orderkey"],"Filter": "(sum(lineitem_1.l_quantity) > '313'::numeric)","Planned Partitions": 0,"HashAgg Batches": 1,"Peak Memory Usage": 638993,"Disk Usage": 0,"Rows Removed by Filter": 1499991,"Workers": [{"Worker Number": 0,"HashAgg Batches": 1,"Peak Memory Usage": 638993,"Disk Usage": 0},{"Worker Number": 1,"HashAgg Batches": 1,"Peak Memory Usage": 638993,"Disk Usage": 0},{"Worker Number": 2,"HashAgg Batches": 1,"Peak Memory Usage": 638993,"Disk Usage": 0}],"Plans": [{"Node Type": "Seq Scan","Parent Relationship": "Outer","Parallel Aware": false,"Async Capable": false,"Relation Name": "lineitem","Alias": "lineitem_1","Startup Cost": 0.00,"Total Cost": 172515.15,"Plan Rows": 6001215,"Plan Width": 9,"Actual Startup Time": 0.020,"Actual Total Time": 994.479,"Actual Rows": 6001215,"Actual Loops": 4,"Workers": []}]}]}]},{"Node Type": "Index Scan","Parent Relationship": "Inner","Parallel Aware": false,"Async Capable": false,"Scan Direction": "Forward","Index Name": "idx_lineitem_orderkey","Relation Name": "lineitem","Alias": "lineitem","Startup Cost": 0.43,"Total Cost": 1.06,"Plan Rows": 17,"Plan Width": 9,"Actual Startup Time": 0.068,"Actual Total Time": 0.075,"Actual Rows": 7,"Actual Loops": 9,"Index Cond": "(l_orderkey = orders.o_orderkey)","Rows Removed by Index Recheck": 0,"Workers": []}]},{"Node Type": "Hash","Parent Relationship": "Inner","Parallel Aware": true,"Async Capable": false,"Startup Cost": 4210.00,"Total Cost": 4210.00,"Plan Rows": 62500,"Plan Width": 23,"Actual Startup Time": 33.578,"Actual Total Time": 33.582,"Actual Rows": 37500,"Actual Loops": 4,"Hash Buckets": 262144,"Original Hash Buckets": 262144,"Hash Batches": 1,"Original Hash Batches": 1,"Peak Memory Usage": 10336,"Workers": [],"Plans": [{"Node Type": "Seq Scan","Parent Relationship": "Outer","Parallel Aware": true,"Async Capable": false,"Relation Name": "customer","Alias": "customer","Startup Cost": 0.00,"Total Cost": 4210.00,"Plan Rows": 62500,"Plan Width": 23,"Actual Startup Time": 0.023,"Actual Total Time": 16.777,"Actual Rows": 37500,"Actual Loops": 4,"Workers": []}]}]}]}]}]},"Planning Time": 6.662,"Triggers": [],"Execution Time": 10430.266}]
[{"Plan": {"Node Type": "Sort","Parallel Aware": false,"Async Capable": false,"Startup Cost": 397889.21,"Total Cost": 399077.01,"Plan Rows": 475120,"Plan Width": 71,"Actual Startup Time": 10887.509,"Actual Total Time": 10908.132,"Actual Rows": 10,"Actual Loops": 1,"Sort Key": ["orders.o_totalprice DESC", "orders.o_orderdate"],"Sort Method": "quicksort","Sort Space Used": 25,"Sort Space Type": "Memory","Plans": [{"Node Type": "Aggregate","Strategy": "Hashed","Partial Mode": "Simple","Parent Relationship": "Outer","Parallel Aware": false,"Async Capable": false,"Startup Cost": 347151.30,"Total Cost": 353090.30,"Plan Rows": 475120,"Plan Width": 71,"Actual Startup Time": 10848.812,"Actual Total Time": 10907.941,"Actual Rows": 10,"Actual Loops": 1,"Group Key": ["customer.c_custkey", "orders.o_orderkey"],"Planned Partitions": 0,"HashAgg Batches": 1,"Peak Memory Usage": 24601,"Disk Usage": 0,"Plans": [{"Node Type": "Gather","Parent Relationship": "Outer","Parallel Aware": false,"Async Capable": false,"Startup Cost": 216528.94,"Total Cost": 343587.90,"Plan Rows": 475120,"Plan Width": 44,"Actual Startup Time": 10782.037,"Actual Total Time": 10858.151,"Actual Rows": 70,"Actual Loops": 1,"Workers Planned": 3,"Workers Launched": 3,"Single Copy": false,"Plans": [{"Node Type": "Hash Join","Parent Relationship": "Outer","Parallel Aware": true,"Async Capable": false,"Join Type": "Inner","Startup Cost": 215528.94,"Total Cost": 295075.90,"Plan Rows": 153265,"Plan Width": 44,"Actual Startup Time": 10180.765,"Actual Total Time": 10348.312,"Actual Rows": 18,"Actual Loops": 4,"Inner Unique": true,"Hash Cond": "(orders.o_custkey = customer.c_custkey)","Workers": [],"Plans": [{"Node Type": "Nested Loop","Parent Relationship": "Outer","Parallel Aware": false,"Async Capable": false,"Join Type": "Inner","Startup Cost": 210537.69,"Total Cost": 289682.32,"Plan Rows": 153265,"Plan Width": 25,"Actual Startup Time": 10142.809,"Actual Total Time": 10310.270,"Actual Rows": 18,"Actual Loops": 4,"Inner Unique": false,"Workers": [],"Plans": [{"Node Type": "Hash Join","Parent Relationship": "Outer","Parallel Aware": false,"Async Capable": false,"Join Type": "Inner","Startup Cost": 210537.26,"Total Cost": 242741.13,"Plan Rows": 38308,"Plan Width": 24,"Actual Startup Time": 10142.670,"Actual Total Time": 10309.991,"Actual Rows": 2,"Actual Loops": 4,"Inner Unique": true,"Hash Cond": "(orders.o_orderkey = lineitem_1.l_orderkey)","Workers": [],"Plans": [{"Node Type": "Seq Scan","Parent Relationship": "Outer","Parallel Aware": true,"Async Capable": false,"Relation Name": "orders","Alias": "orders","Startup Cost": 0.00,"Total Cost": 30933.71,"Plan Rows": 483871,"Plan Width": 20,"Actual Startup Time": 0.009,"Actual Total Time": 49.040,"Actual Rows": 375000,"Actual Loops": 4,"Workers": []},{"Node Type": "Hash","Parent Relationship": "Inner","Parallel Aware": false,"Async Capable": false,"Startup Cost": 209052.81,"Total Cost": 209052.81,"Plan Rows": 118756,"Plan Width": 4,"Actual Startup Time": 10075.163,"Actual Total Time": 10075.176,"Actual Rows": 10,"Actual Loops": 4,"Hash Buckets": 131072,"Original Hash Buckets": 131072,"Hash Batches": 1,"Original Hash Batches": 1,"Peak Memory Usage": 1025,"Workers": [],"Plans": [{"Node Type": "Aggregate","Strategy": "Hashed","Partial Mode": "Simple","Parent Relationship": "Outer","Parallel Aware": false,"Async Capable": false,"Startup Cost": 202521.23,"Total Cost": 207865.25,"Plan Rows": 118756,"Plan Width": 4,"Actual Startup Time": 6293.151,"Actual Total Time": 10074.968,"Actual Rows": 10,"Actual Loops": 4,"Group Key": ["lineitem_1.l_orderkey"],"Filter": "(sum(lineitem_1.l_quantity) > '312'::numeric)","Planned Partitions": 0,"HashAgg Batches": 1,"Peak Memory Usage": 638993,"Disk Usage": 0,"Rows Removed by Filter": 1499990,"Workers": [{"Worker Number": 0,"HashAgg Batches": 1,"Peak Memory Usage": 638993,"Disk Usage": 0},{"Worker Number": 1,"HashAgg Batches": 1,"Peak Memory Usage": 638993,"Disk Usage": 0},{"Worker Number": 2,"HashAgg Batches": 1,"Peak Memory Usage": 638993,"Disk Usage": 0}],"Plans": [{"Node Type": "Seq Scan","Parent Relationship": "Outer","Parallel Aware": false,"Async Capable": false,"Relation Name": "lineitem","Alias": "lineitem_1","Startup Cost": 0.00,"Total Cost": 172515.15,"Plan Rows": 6001215,"Plan Width": 9,"Actual Startup Time": 0.021,"Actual Total Time": 960.546,"Actual Rows": 6001215,"Actual Loops": 4,"Workers": []}]}]}]},{"Node Type": "Index Scan","Parent Relationship": "Inner","Parallel Aware": false,"Async Capable": false,"Scan Direction": "Forward","Index Name": "idx_lineitem_orderkey","Relation Name": "lineitem","Alias": "lineitem","Startup Cost": 0.43,"Total Cost": 1.06,"Plan Rows": 17,"Plan Width": 9,"Actual Startup Time": 0.072,"Actual Total Time": 0.079,"Actual Rows": 7,"Actual Loops": 10,"Index Cond": "(l_orderkey = orders.o_orderkey)","Rows Removed by Index Recheck": 0,"Workers": []}]},{"Node Type": "Hash","Parent Relationship": "Inner","Parallel Aware": true,"Async Capable": false,"Startup Cost": 4210.00,"Total Cost": 4210.00,"Plan Rows": 62500,"Plan Width": 23,"Actual Startup Time": 37.105,"Actual Total Time": 37.114,"Actual Rows": 37500,"Actual Loops": 4,"Hash Buckets": 262144,"Original Hash Buckets": 262144,"Hash Batches": 1,"Original Hash Batches": 1,"Peak Memory Usage": 10368,"Workers": [],"Plans": [{"Node Type": "Seq Scan","Parent Relationship": "Outer","Parallel Aware": true,"Async Capable": false,"Relation Name": "customer","Alias": "customer","Startup Cost": 0.00,"Total Cost": 4210.00,"Plan Rows": 62500,"Plan Width": 23,"Actual Startup Time": 0.025,"Actual Total Time": 19.726,"Actual Rows": 37500,"Actual Loops": 4,"Workers": []}]}]}]}]}]},"Planning Time": 6.715,"Triggers": [],"Execution Time": 10961.817}]
[{"Plan": {"Node Type": "Sort","Parallel Aware": false,"Async Capable": false,"Startup Cost": 397889.21,"Total Cost": 399077.01,"Plan Rows": 475120,"Plan Width": 71,"Actual Startup Time": 10785.011,"Actual Total Time": 10839.032,"Actual Rows": 9,"Actual Loops": 1,"Sort Key": ["orders.o_totalprice DESC", "orders.o_orderdate"],"Sort Method": "quicksort","Sort Space Used": 25,"Sort Space Type": "Memory","Plans": [{"Node Type": "Aggregate","Strategy": "Hashed","Partial Mode": "Simple","Parent Relationship": "Outer","Parallel Aware": false,"Async Capable": false,"Startup Cost": 347151.30,"Total Cost": 353090.30,"Plan Rows": 475120,"Plan Width": 71,"Actual Startup Time": 10763.855,"Actual Total Time": 10838.848,"Actual Rows": 9,"Actual Loops": 1,"Group Key": ["customer.c_custkey", "orders.o_orderkey"],"Planned Partitions": 0,"HashAgg Batches": 1,"Peak Memory Usage": 24601,"Disk Usage": 0,"Plans": [{"Node Type": "Gather","Parent Relationship": "Outer","Parallel Aware": false,"Async Capable": false,"Startup Cost": 216528.94,"Total Cost": 343587.90,"Plan Rows": 475120,"Plan Width": 44,"Actual Startup Time": 9674.071,"Actual Total Time": 10813.470,"Actual Rows": 63,"Actual Loops": 1,"Workers Planned": 3,"Workers Launched": 3,"Single Copy": false,"Plans": [{"Node Type": "Hash Join","Parent Relationship": "Outer","Parallel Aware": true,"Async Capable": false,"Join Type": "Inner","Startup Cost": 215528.94,"Total Cost": 295075.90,"Plan Rows": 153265,"Plan Width": 44,"Actual Startup Time": 10141.072,"Actual Total Time": 10312.965,"Actual Rows": 16,"Actual Loops": 4,"Inner Unique": true,"Hash Cond": "(orders.o_custkey = customer.c_custkey)","Workers": [],"Plans": [{"Node Type": "Nested Loop","Parent Relationship": "Outer","Parallel Aware": false,"Async Capable": false,"Join Type": "Inner","Startup Cost": 210537.69,"Total Cost": 289682.32,"Plan Rows": 153265,"Plan Width": 25,"Actual Startup Time": 10104.129,"Actual Total Time": 10275.947,"Actual Rows": 16,"Actual Loops": 4,"Inner Unique": false,"Workers": [],"Plans": [{"Node Type": "Hash Join","Parent Relationship": "Outer","Parallel Aware": false,"Async Capable": false,"Join Type": "Inner","Startup Cost": 210537.26,"Total Cost": 242741.13,"Plan Rows": 38308,"Plan Width": 24,"Actual Startup Time": 10104.052,"Actual Total Time": 10275.739,"Actual Rows": 2,"Actual Loops": 4,"Inner Unique": true,"Hash Cond": "(orders.o_orderkey = lineitem_1.l_orderkey)","Workers": [],"Plans": [{"Node Type": "Seq Scan","Parent Relationship": "Outer","Parallel Aware": true,"Async Capable": false,"Relation Name": "orders","Alias": "orders","Startup Cost": 0.00,"Total Cost": 30933.71,"Plan Rows": 483871,"Plan Width": 20,"Actual Startup Time": 0.007,"Actual Total Time": 53.689,"Actual Rows": 375000,"Actual Loops": 4,"Workers": []},{"Node Type": "Hash","Parent Relationship": "Inner","Parallel Aware": false,"Async Capable": false,"Startup Cost": 209052.81,"Total Cost": 209052.81,"Plan Rows": 118756,"Plan Width": 4,"Actual Startup Time": 10025.157,"Actual Total Time": 10025.166,"Actual Rows": 9,"Actual Loops": 4,"Hash Buckets": 131072,"Original Hash Buckets": 131072,"Hash Batches": 1,"Original Hash Batches": 1,"Peak Memory Usage": 1025,"Workers": [],"Plans": [{"Node Type": "Aggregate","Strategy": "Hashed","Partial Mode": "Simple","Parent Relationship": "Outer","Parallel Aware": false,"Async Capable": false,"Startup Cost": 202521.23,"Total Cost": 207865.25,"Plan Rows": 118756,"Plan Width": 4,"Actual Startup Time": 6285.839,"Actual Total Time": 10024.981,"Actual Rows": 9,"Actual Loops": 4,"Group Key": ["lineitem_1.l_orderkey"],"Filter": "(sum(lineitem_1.l_quantity) > '314'::numeric)","Planned Partitions": 0,"HashAgg Batches": 1,"Peak Memory Usage": 638993,"Disk Usage": 0,"Rows Removed by Filter": 1499991,"Workers": [{"Worker Number": 0,"HashAgg Batches": 1,"Peak Memory Usage": 638993,"Disk Usage": 0},{"Worker Number": 1,"HashAgg Batches": 1,"Peak Memory Usage": 638993,"Disk Usage": 0},{"Worker Number": 2,"HashAgg Batches": 1,"Peak Memory Usage": 638993,"Disk Usage": 0}],"Plans": [{"Node Type": "Seq Scan","Parent Relationship": "Outer","Parallel Aware": false,"Async Capable": false,"Relation Name": "lineitem","Alias": "lineitem_1","Startup Cost": 0.00,"Total Cost": 172515.15,"Plan Rows": 6001215,"Plan Width": 9,"Actual Startup Time": 0.019,"Actual Total Time": 931.752,"Actual Rows": 6001215,"Actual Loops": 4,"Workers": []}]}]}]},{"Node Type": "Index Scan","Parent Relationship": "Inner","Parallel Aware": false,"Async Capable": false,"Scan Direction": "Forward","Index Name": "idx_lineitem_orderkey","Relation Name": "lineitem","Alias": "lineitem","Startup Cost": 0.43,"Total Cost": 1.06,"Plan Rows": 17,"Plan Width": 9,"Actual Startup Time": 0.055,"Actual Total Time": 0.062,"Actual Rows": 7,"Actual Loops": 9,"Index Cond": "(l_orderkey = orders.o_orderkey)","Rows Removed by Index Recheck": 0,"Workers": []}]},{"Node Type": "Hash","Parent Relationship": "Inner","Parallel Aware": true,"Async Capable": false,"Startup Cost": 4210.00,"Total Cost": 4210.00,"Plan Rows": 62500,"Plan Width": 23,"Actual Startup Time": 36.172,"Actual Total Time": 36.190,"Actual Rows": 37500,"Actual Loops": 4,"Hash Buckets": 262144,"Original Hash Buckets": 262144,"Hash Batches": 1,"Original Hash Batches": 1,"Peak Memory Usage": 10336,"Workers": [],"Plans": [{"Node Type": "Seq Scan","Parent Relationship": "Outer","Parallel Aware": true,"Async Capable": false,"Relation Name": "customer","Alias": "customer","Startup Cost": 0.00,"Total Cost": 4210.00,"Plan Rows": 62500,"Plan Width": 23,"Actual Startup Time": 0.024,"Actual Total Time": 17.933,"Actual Rows": 37500,"Actual Loops": 4,"Workers": []}]}]}]}]}]},"Planning Time": 6.881,"Triggers": [],"Execution Time": 10893.482}]
[{"Plan": {"Node Type": "Sort","Parallel Aware": false,"Async Capable": false,"Startup Cost": 397889.21,"Total Cost": 399077.01,"Plan Rows": 475120,"Plan Width": 71,"Actual Startup Time": 10345.847,"Actual Total Time": 10377.998,"Actual Rows": 9,"Actual Loops": 1,"Sort Key": ["orders.o_totalprice DESC", "orders.o_orderdate"],"Sort Method": "quicksort","Sort Space Used": 25,"Sort Space Type": "Memory","Plans": [{"Node Type": "Aggregate","Strategy": "Hashed","Partial Mode": "Simple","Parent Relationship": "Outer","Parallel Aware": false,"Async Capable": false,"Startup Cost": 347151.30,"Total Cost": 353090.30,"Plan Rows": 475120,"Plan Width": 71,"Actual Startup Time": 10329.232,"Actual Total Time": 10377.856,"Actual Rows": 9,"Actual Loops": 1,"Group Key": ["customer.c_custkey", "orders.o_orderkey"],"Planned Partitions": 0,"HashAgg Batches": 1,"Peak Memory Usage": 24601,"Disk Usage": 0,"Plans": [{"Node Type": "Gather","Parent Relationship": "Outer","Parallel Aware": false,"Async Capable": false,"Startup Cost": 216528.94,"Total Cost": 343587.90,"Plan Rows": 475120,"Plan Width": 44,"Actual Startup Time": 10053.961,"Actual Total Time": 10357.615,"Actual Rows": 63,"Actual Loops": 1,"Workers Planned": 3,"Workers Launched": 3,"Single Copy": false,"Plans": [{"Node Type": "Hash Join","Parent Relationship": "Outer","Parallel Aware": true,"Async Capable": false,"Join Type": "Inner","Startup Cost": 215528.94,"Total Cost": 295075.90,"Plan Rows": 153265,"Plan Width": 44,"Actual Startup Time": 10157.696,"Actual Total Time": 10258.651,"Actual Rows": 16,"Actual Loops": 4,"Inner Unique": true,"Hash Cond": "(orders.o_custkey = customer.c_custkey)","Workers": [],"Plans": [{"Node Type": "Nested Loop","Parent Relationship": "Outer","Parallel Aware": false,"Async Capable": false,"Join Type": "Inner","Startup Cost": 210537.69,"Total Cost": 289682.32,"Plan Rows": 153265,"Plan Width": 25,"Actual Startup Time": 10123.332,"Actual Total Time": 10224.239,"Actual Rows": 16,"Actual Loops": 4,"Inner Unique": false,"Workers": [],"Plans": [{"Node Type": "Hash Join","Parent Relationship": "Outer","Parallel Aware": false,"Async Capable": false,"Join Type": "Inner","Startup Cost": 210537.26,"Total Cost": 242741.13,"Plan Rows": 38308,"Plan Width": 24,"Actual Startup Time": 10123.186,"Actual Total Time": 10223.998,"Actual Rows": 2,"Actual Loops": 4,"Inner Unique": true,"Hash Cond": "(orders.o_orderkey = lineitem_1.l_orderkey)","Workers": [],"Plans": [{"Node Type": "Seq Scan","Parent Relationship": "Outer","Parallel Aware": true,"Async Capable": false,"Relation Name": "orders","Alias": "orders","Startup Cost": 0.00,"Total Cost": 30933.71,"Plan Rows": 483871,"Plan Width": 20,"Actual Startup Time": 0.011,"Actual Total Time": 49.852,"Actual Rows": 375000,"Actual Loops": 4,"Workers": []},{"Node Type": "Hash","Parent Relationship": "Inner","Parallel Aware": false,"Async Capable": false,"Startup Cost": 209052.81,"Total Cost": 209052.81,"Plan Rows": 118756,"Plan Width": 4,"Actual Startup Time": 10005.666,"Actual Total Time": 10005.673,"Actual Rows": 9,"Actual Loops": 4,"Hash Buckets": 131072,"Original Hash Buckets": 131072,"Hash Batches": 1,"Original Hash Batches": 1,"Peak Memory Usage": 1025,"Workers": [],"Plans": [{"Node Type": "Aggregate","Strategy": "Hashed","Partial Mode": "Simple","Parent Relationship": "Outer","Parallel Aware": false,"Async Capable": false,"Startup Cost": 202521.23,"Total Cost": 207865.25,"Plan Rows": 118756,"Plan Width": 4,"Actual Startup Time": 6310.010,"Actual Total Time": 10005.543,"Actual Rows": 9,"Actual Loops": 4,"Group Key": ["lineitem_1.l_orderkey"],"Filter": "(sum(lineitem_1.l_quantity) > '313'::numeric)","Planned Partitions": 0,"HashAgg Batches": 1,"Peak Memory Usage": 638993,"Disk Usage": 0,"Rows Removed by Filter": 1499991,"Workers": [{"Worker Number": 0,"HashAgg Batches": 1,"Peak Memory Usage": 638993,"Disk Usage": 0},{"Worker Number": 1,"HashAgg Batches": 1,"Peak Memory Usage": 638993,"Disk Usage": 0},{"Worker Number": 2,"HashAgg Batches": 1,"Peak Memory Usage": 638993,"Disk Usage": 0}],"Plans": [{"Node Type": "Seq Scan","Parent Relationship": "Outer","Parallel Aware": false,"Async Capable": false,"Relation Name": "lineitem","Alias": "lineitem_1","Startup Cost": 0.00,"Total Cost": 172515.15,"Plan Rows": 6001215,"Plan Width": 9,"Actual Startup Time": 0.020,"Actual Total Time": 994.479,"Actual Rows": 6001215,"Actual Loops": 4,"Workers": []}]}]}]},{"Node Type": "Index Scan","Parent Relationship": "Inner","Parallel Aware": false,"Async Capable": false,"Scan Direction": "Forward","Index Name": "idx_lineitem_orderkey","Relation Name": "lineitem","Alias": "lineitem","Startup Cost": 0.43,"Total Cost": 1.06,"Plan Rows": 17,"Plan Width": 9,"Actual Startup Time": 0.068,"Actual Total Time": 0.075,"Actual Rows": 7,"Actual Loops": 9,"Index Cond": "(l_orderkey = orders.o_orderkey)","Rows Removed by Index Recheck": 0,"Workers": []}]},{"Node Type": "Hash","Parent Relationship": "Inner","Parallel Aware": true,"Async Capable": false,"Startup Cost": 4210.00,"Total Cost": 4210.00,"Plan Rows": 62500,"Plan Width": 23,"Actual Startup Time": 33.578,"Actual Total Time": 33.582,"Actual Rows": 37500,"Actual Loops": 4,"Hash Buckets": 262144,"Original Hash Buckets": 262144,"Hash Batches": 1,"Original Hash Batches": 1,"Peak Memory Usage": 10336,"Workers": [],"Plans": [{"Node Type": "Seq Scan","Parent Relationship": "Outer","Parallel Aware": true,"Async Capable": false,"Relation Name": "customer","Alias": "customer","Startup Cost": 0.00,"Total Cost": 4210.00,"Plan Rows": 62500,"Plan Width": 23,"Actual Startup Time": 0.023,"Actual Total Time": 16.777,"Actual Rows": 37500,"Actual Loops": 4,"Workers": []}]}]}]}]}]},"Planning Time": 6.662,"Triggers": [],"Execution Time": 10430.266}]
[{"Plan": {"Node Type": "Sort","Parallel Aware": false,"Async Capable": false,"Startup Cost": 397889.21,"Total Cost": 399077.01,"Plan Rows": 475120,"Plan Width": 71,"Actual Startup Time": 10345.847,"Actual Total Time": 10377.998,"Actual Rows": 9,"Actual Loops": 1,"Sort Key": ["orders.o_totalprice DESC", "orders.o_orderdate"],"Sort Method": "quicksort","Sort Space Used": 25,"Sort Space Type": "Memory","Plans": [{"Node Type": "Aggregate","Strategy": "Hashed","Partial Mode": "Simple","Parent Relationship": "Outer","Parallel Aware": false,"Async Capable": false,"Startup Cost": 347151.30,"Total Cost": 353090.30,"Plan Rows": 475120,"Plan Width": 71,"Actual Startup Time": 10329.232,"Actual Total Time": 10377.856,"Actual Rows": 9,"Actual Loops": 1,"Group Key": ["customer.c_custkey", "orders.o_orderkey"],"Planned Partitions": 0,"HashAgg Batches": 1,"Peak Memory Usage": 24601,"Disk Usage": 0,"Plans": [{"Node Type": "Gather","Parent Relationship": "Outer","Parallel Aware": false,"Async Capable": false,"Startup Cost": 216528.94,"Total Cost": 343587.90,"Plan Rows": 475120,"Plan Width": 44,"Actual Startup Time": 10053.961,"Actual Total Time": 10357.615,"Actual Rows": 63,"Actual Loops": 1,"Workers Planned": 3,"Workers Launched": 3,"Single Copy": false,"Plans": [{"Node Type": "Hash Join","Parent Relationship": "Outer","Parallel Aware": true,"Async Capable": false,"Join Type": "Inner","Startup Cost": 215528.94,"Total Cost": 295075.90,"Plan Rows": 153265,"Plan Width": 44,"Actual Startup Time": 10157.696,"Actual Total Time": 10258.651,"Actual Rows": 16,"Actual Loops": 4,"Inner Unique": true,"Hash Cond": "(orders.o_custkey = customer.c_custkey)","Workers": [],"Plans": [{"Node Type": "Nested Loop","Parent Relationship": "Outer","Parallel Aware": false,"Async Capable": false,"Join Type": "Inner","Startup Cost": 210537.69,"Total Cost": 289682.32,"Plan Rows": 153265,"Plan Width": 25,"Actual Startup Time": 10123.332,"Actual Total Time": 10224.239,"Actual Rows": 16,"Actual Loops": 4,"Inner Unique": false,"Workers": [],"Plans": [{"Node Type": "Hash Join","Parent Relationship": "Outer","Parallel Aware": false,"Async Capable": false,"Join Type": "Inner","Startup Cost": 210537.26,"Total Cost": 242741.13,"Plan Rows": 38308,"Plan Width": 24,"Actual Startup Time": 10123.186,"Actual Total Time": 10223.998,"Actual Rows": 2,"Actual Loops": 4,"Inner Unique": true,"Hash Cond": "(orders.o_orderkey = lineitem_1.l_orderkey)","Workers": [],"Plans": [{"Node Type": "Seq Scan","Parent Relationship": "Outer","Parallel Aware": true,"Async Capable": false,"Relation Name": "orders","Alias": "orders","Startup Cost": 0.00,"Total Cost": 30933.71,"Plan Rows": 483871,"Plan Width": 20,"Actual Startup Time": 0.011,"Actual Total Time": 49.852,"Actual Rows": 375000,"Actual Loops": 4,"Workers": []},{"Node Type": "Hash","Parent Relationship": "Inner","Parallel Aware": false,"Async Capable": false,"Startup Cost": 209052.81,"Total Cost": 209052.81,"Plan Rows": 118756,"Plan Width": 4,"Actual Startup Time": 10005.666,"Actual Total Time": 10005.673,"Actual Rows": 9,"Actual Loops": 4,"Hash Buckets": 131072,"Original Hash Buckets": 131072,"Hash Batches": 1,"Original Hash Batches": 1,"Peak Memory Usage": 1025,"Workers": [],"Plans": [{"Node Type": "Aggregate","Strategy": "Hashed","Partial Mode": "Simple","Parent Relationship": "Outer","Parallel Aware": false,"Async Capable": false,"Startup Cost": 202521.23,"Total Cost": 207865.25,"Plan Rows": 118756,"Plan Width": 4,"Actual Startup Time": 6310.010,"Actual Total Time": 10005.543,"Actual Rows": 9,"Actual Loops": 4,"Group Key": ["lineitem_1.l_orderkey"],"Filter": "(sum(lineitem_1.l_quantity) > '313'::numeric)","Planned Partitions": 0,"HashAgg Batches": 1,"Peak Memory Usage": 638993,"Disk Usage": 0,"Rows Removed by Filter": 1499991,"Workers": [{"Worker Number": 0,"HashAgg Batches": 1,"Peak Memory Usage": 638993,"Disk Usage": 0},{"Worker Number": 1,"HashAgg Batches": 1,"Peak Memory Usage": 638993,"Disk Usage": 0},{"Worker Number": 2,"HashAgg Batches": 1,"Peak Memory Usage": 638993,"Disk Usage": 0}],"Plans": [{"Node Type": "Seq Scan","Parent Relationship": "Outer","Parallel Aware": false,"Async Capable": false,"Relation Name": "lineitem","Alias": "lineitem_1","Startup Cost": 0.00,"Total Cost": 172515.15,"Plan Rows": 6001215,"Plan Width": 9,"Actual Startup Time": 0.020,"Actual Total Time": 994.479,"Actual Rows": 6001215,"Actual Loops": 4,"Workers": []}]}]}]},{"Node Type": "Index Scan","Parent Relationship": "Inner","Parallel Aware": false,"Async Capable": false,"Scan Direction": "Forward","Index Name": "idx_lineitem_orderkey","Relation Name": "lineitem","Alias": "lineitem","Startup Cost": 0.43,"Total Cost": 1.06,"Plan Rows": 17,"Plan Width": 9,"Actual Startup Time": 0.068,"Actual Total Time": 0.075,"Actual Rows": 7,"Actual Loops": 9,"Index Cond": "(l_orderkey = orders.o_orderkey)","Rows Removed by Index Recheck": 0,"Workers": []}]},{"Node Type": "Hash","Parent Relationship": "Inner","Parallel Aware": true,"Async Capable": false,"Startup Cost": 4210.00,"Total Cost": 4210.00,"Plan Rows": 62500,"Plan Width": 23,"Actual Startup Time": 33.578,"Actual Total Time": 33.582,"Actual Rows": 37500,"Actual Loops": 4,"Hash Buckets": 262144,"Original Hash Buckets": 262144,"Hash Batches": 1,"Original Hash Batches": 1,"Peak Memory Usage": 10336,"Workers": [],"Plans": [{"Node Type": "Seq Scan","Parent Relationship": "Outer","Parallel Aware": true,"Async Capable": false,"Relation Name": "customer","Alias": "customer","Startup Cost": 0.00,"Total Cost": 4210.00,"Plan Rows": 62500,"Plan Width": 23,"Actual Startup Time": 0.023,"Actual Total Time": 16.777,"Actual Rows": 37500,"Actual Loops": 4,"Workers": []}]}]}]}]}]},"Planning Time": 6.662,"Triggers": [],"Execution Time": 10430.266}]
[{"Plan": {"Node Type": "Sort","Parallel Aware": false,"Async Capable": false,"Startup Cost": 397889.21,"Total Cost": 399077.01,"Plan Rows": 475120,"Plan Width": 71,"Actual Startup Time": 10345.847,"Actual Total Time": 10377.998,"Actual Rows": 9,"Actual Loops": 1,"Sort Key": ["orders.o_totalprice DESC", "orders.o_orderdate"],"Sort Method": "quicksort","Sort Space Used": 25,"Sort Space Type": "Memory","Plans": [{"Node Type": "Aggregate","Strategy": "Hashed","Partial Mode": "Simple","Parent Relationship": "Outer","Parallel Aware": false,"Async Capable": false,"Startup Cost": 347151.30,"Total Cost": 353090.30,"Plan Rows": 475120,"Plan Width": 71,"Actual Startup Time": 10329.232,"Actual Total Time": 10377.856,"Actual Rows": 9,"Actual Loops": 1,"Group Key": ["customer.c_custkey", "orders.o_orderkey"],"Planned Partitions": 0,"HashAgg Batches": 1,"Peak Memory Usage": 24601,"Disk Usage": 0,"Plans": [{"Node Type": "Gather","Parent Relationship": "Outer","Parallel Aware": false,"Async Capable": false,"Startup Cost": 216528.94,"Total Cost": 343587.90,"Plan Rows": 475120,"Plan Width": 44,"Actual Startup Time": 10053.961,"Actual Total Time": 10357.615,"Actual Rows": 63,"Actual Loops": 1,"Workers Planned": 3,"Workers Launched": 3,"Single Copy": false,"Plans": [{"Node Type": "Hash Join","Parent Relationship": "Outer","Parallel Aware": true,"Async Capable": false,"Join Type": "Inner","Startup Cost": 215528.94,"Total Cost": 295075.90,"Plan Rows": 153265,"Plan Width": 44,"Actual Startup Time": 10157.696,"Actual Total Time": 10258.651,"Actual Rows": 16,"Actual Loops": 4,"Inner Unique": true,"Hash Cond": "(orders.o_custkey = customer.c_custkey)","Workers": [],"Plans": [{"Node Type": "Nested Loop","Parent Relationship": "Outer","Parallel Aware": false,"Async Capable": false,"Join Type": "Inner","Startup Cost": 210537.69,"Total Cost": 289682.32,"Plan Rows": 153265,"Plan Width": 25,"Actual Startup Time": 10123.332,"Actual Total Time": 10224.239,"Actual Rows": 16,"Actual Loops": 4,"Inner Unique": false,"Workers": [],"Plans": [{"Node Type": "Hash Join","Parent Relationship": "Outer","Parallel Aware": false,"Async Capable": false,"Join Type": "Inner","Startup Cost": 210537.26,"Total Cost": 242741.13,"Plan Rows": 38308,"Plan Width": 24,"Actual Startup Time": 10123.186,"Actual Total Time": 10223.998,"Actual Rows": 2,"Actual Loops": 4,"Inner Unique": true,"Hash Cond": "(orders.o_orderkey = lineitem_1.l_orderkey)","Workers": [],"Plans": [{"Node Type": "Seq Scan","Parent Relationship": "Outer","Parallel Aware": true,"Async Capable": false,"Relation Name": "orders","Alias": "orders","Startup Cost": 0.00,"Total Cost": 30933.71,"Plan Rows": 483871,"Plan Width": 20,"Actual Startup Time": 0.011,"Actual Total Time": 49.852,"Actual Rows": 375000,"Actual Loops": 4,"Workers": []},{"Node Type": "Hash","Parent Relationship": "Inner","Parallel Aware": false,"Async Capable": false,"Startup Cost": 209052.81,"Total Cost": 209052.81,"Plan Rows": 118756,"Plan Width": 4,"Actual Startup Time": 10005.666,"Actual Total Time": 10005.673,"Actual Rows": 9,"Actual Loops": 4,"Hash Buckets": 131072,"Original Hash Buckets": 131072,"Hash Batches": 1,"Original Hash Batches": 1,"Peak Memory Usage": 1025,"Workers": [],"Plans": [{"Node Type": "Aggregate","Strategy": "Hashed","Partial Mode": "Simple","Parent Relationship": "Outer","Parallel Aware": false,"Async Capable": false,"Startup Cost": 202521.23,"Total Cost": 207865.25,"Plan Rows": 118756,"Plan Width": 4,"Actual Startup Time": 6310.010,"Actual Total Time": 10005.543,"Actual Rows": 9,"Actual Loops": 4,"Group Key": ["lineitem_1.l_orderkey"],"Filter": "(sum(lineitem_1.l_quantity) > '313'::numeric)","Planned Partitions": 0,"HashAgg Batches": 1,"Peak Memory Usage": 638993,"Disk Usage": 0,"Rows Removed by Filter": 1499991,"Workers": [{"Worker Number": 0,"HashAgg Batches": 1,"Peak Memory Usage": 638993,"Disk Usage": 0},{"Worker Number": 1,"HashAgg Batches": 1,"Peak Memory Usage": 638993,"Disk Usage": 0},{"Worker Number": 2,"HashAgg Batches": 1,"Peak Memory Usage": 638993,"Disk Usage": 0}],"Plans": [{"Node Type": "Seq Scan","Parent Relationship": "Outer","Parallel Aware": false,"Async Capable": false,"Relation Name": "lineitem","Alias": "lineitem_1","Startup Cost": 0.00,"Total Cost": 172515.15,"Plan Rows": 6001215,"Plan Width": 9,"Actual Startup Time": 0.020,"Actual Total Time": 994.479,"Actual Rows": 6001215,"Actual Loops": 4,"Workers": []}]}]}]},{"Node Type": "Index Scan","Parent Relationship": "Inner","Parallel Aware": false,"Async Capable": false,"Scan Direction": "Forward","Index Name": "idx_lineitem_orderkey","Relation Name": "lineitem","Alias": "lineitem","Startup Cost": 0.43,"Total Cost": 1.06,"Plan Rows": 17,"Plan Width": 9,"Actual Startup Time": 0.068,"Actual Total Time": 0.075,"Actual Rows": 7,"Actual Loops": 9,"Index Cond": "(l_orderkey = orders.o_orderkey)","Rows Removed by Index Recheck": 0,"Workers": []}]},{"Node Type": "Hash","Parent Relationship": "Inner","Parallel Aware": true,"Async Capable": false,"Startup Cost": 4210.00,"Total Cost": 4210.00,"Plan Rows": 62500,"Plan Width": 23,"Actual Startup Time": 33.578,"Actual Total Time": 33.582,"Actual Rows": 37500,"Actual Loops": 4,"Hash Buckets": 262144,"Original Hash Buckets": 262144,"Hash Batches": 1,"Original Hash Batches": 1,"Peak Memory Usage": 10336,"Workers": [],"Plans": [{"Node Type": "Seq Scan","Parent Relationship": "Outer","Parallel Aware": true,"Async Capable": false,"Relation Name": "customer","Alias": "customer","Startup Cost": 0.00,"Total Cost": 4210.00,"Plan Rows": 62500,"Plan Width": 23,"Actual Startup Time": 0.023,"Actual Total Time": 16.777,"Actual Rows": 37500,"Actual Loops": 4,"Workers": []}]}]}]}]}]},"Planning Time": 6.662,"Triggers": [],"Execution Time": 10430.266}]
[{"Plan": {"Node Type": "Sort","Parallel Aware": false,"Async Capable": false,"Startup Cost": 397889.21,"Total Cost": 399077.01,"Plan Rows": 475120,"Plan Width": 71,"Actual Startup Time": 10950.105,"Actual Total Time": 10953.954,"Actual Rows": 9,"Actual Loops": 1,"Sort Key": ["orders.o_totalprice DESC", "orders.o_orderdate"],"Sort Method": "quicksort","Sort Space Used": 25,"Sort Space Type": "Memory","Plans": [{"Node Type": "Aggregate","Strategy": "Hashed","Partial Mode": "Simple","Parent Relationship": "Outer","Parallel Aware": false,"Async Capable": false,"Startup Cost": 347151.30,"Total Cost": 353090.30,"Plan Rows": 475120,"Plan Width": 71,"Actual Startup Time": 10902.471,"Actual Total Time": 10953.715,"Actual Rows": 9,"Actual Loops": 1,"Group Key": ["customer.c_custkey", "orders.o_orderkey"],"Planned Partitions": 0,"HashAgg Batches": 1,"Peak Memory Usage": 24601,"Disk Usage": 0,"Plans": [{"Node Type": "Gather","Parent Relationship": "Outer","Parallel Aware": false,"Async Capable": false,"Startup Cost": 216528.94,"Total Cost": 343587.90,"Plan Rows": 475120,"Plan Width": 44,"Actual Startup Time": 10893.800,"Actual Total Time": 10897.693,"Actual Rows": 63,"Actual Loops": 1,"Workers Planned": 3,"Workers Launched": 3,"Single Copy": false,"Plans": [{"Node Type": "Hash Join","Parent Relationship": "Outer","Parallel Aware": true,"Async Capable": false,"Join Type": "Inner","Startup Cost": 215528.94,"Total Cost": 295075.90,"Plan Rows": 153265,"Plan Width": 44,"Actual Startup Time": 10134.253,"Actual Total Time": 10314.794,"Actual Rows": 16,"Actual Loops": 4,"Inner Unique": true,"Hash Cond": "(orders.o_custkey = customer.c_custkey)","Workers": [],"Plans": [{"Node Type": "Nested Loop","Parent Relationship": "Outer","Parallel Aware": false,"Async Capable": false,"Join Type": "Inner","Startup Cost": 210537.69,"Total Cost": 289682.32,"Plan Rows": 153265,"Plan Width": 25,"Actual Startup Time": 10099.687,"Actual Total Time": 10280.153,"Actual Rows": 16,"Actual Loops": 4,"Inner Unique": false,"Workers": [],"Plans": [{"Node Type": "Hash Join","Parent Relationship": "Outer","Parallel Aware": false,"Async Capable": false,"Join Type": "Inner","Startup Cost": 210537.26,"Total Cost": 242741.13,"Plan Rows": 38308,"Plan Width": 24,"Actual Startup Time": 10099.575,"Actual Total Time": 10279.892,"Actual Rows": 2,"Actual Loops": 4,"Inner Unique": true,"Hash Cond": "(orders.o_orderkey = lineitem_1.l_orderkey)","Workers": [],"Plans": [{"Node Type": "Seq Scan","Parent Relationship": "Outer","Parallel Aware": true,"Async Capable": false,"Relation Name": "orders","Alias": "orders","Startup Cost": 0.00,"Total Cost": 30933.71,"Plan Rows": 483871,"Plan Width": 20,"Actual Startup Time": 0.011,"Actual Total Time": 51.627,"Actual Rows": 375000,"Actual Loops": 4,"Workers": []},{"Node Type": "Hash","Parent Relationship": "Inner","Parallel Aware": false,"Async Capable": false,"Startup Cost": 209052.81,"Total Cost": 209052.81,"Plan Rows": 118756,"Plan Width": 4,"Actual Startup Time": 10016.825,"Actual Total Time": 10016.839,"Actual Rows": 9,"Actual Loops": 4,"Hash Buckets": 131072,"Original Hash Buckets": 131072,"Hash Batches": 1,"Original Hash Batches": 1,"Peak Memory Usage": 1025,"Workers": [],"Plans": [{"Node Type": "Aggregate","Strategy": "Hashed","Partial Mode": "Simple","Parent Relationship": "Outer","Parallel Aware": false,"Async Capable": false,"Startup Cost": 202521.23,"Total Cost": 207865.25,"Plan Rows": 118756,"Plan Width": 4,"Actual Startup Time": 6319.140,"Actual Total Time": 10016.671,"Actual Rows": 9,"Actual Loops": 4,"Group Key": ["lineitem_1.l_orderkey"],"Filter": "(sum(lineitem_1.l_quantity) > '315'::numeric)","Planned Partitions": 0,"HashAgg Batches": 1,"Peak Memory Usage": 638993,"Disk Usage": 0,"Rows Removed by Filter": 1499991,"Workers": [{"Worker Number": 0,"HashAgg Batches": 1,"Peak Memory Usage": 638993,"Disk Usage": 0},{"Worker Number": 1,"HashAgg Batches": 1,"Peak Memory Usage": 638993,"Disk Usage": 0},{"Worker Number": 2,"HashAgg Batches": 1,"Peak Memory Usage": 638993,"Disk Usage": 0}],"Plans": [{"Node Type": "Seq Scan","Parent Relationship": "Outer","Parallel Aware": false,"Async Capable": false,"Relation Name": "lineitem","Alias": "lineitem_1","Startup Cost": 0.00,"Total Cost": 172515.15,"Plan Rows": 6001215,"Plan Width": 9,"Actual Startup Time": 0.018,"Actual Total Time": 971.843,"Actual Rows": 6001215,"Actual Loops": 4,"Workers": []}]}]}]},{"Node Type": "Index Scan","Parent Relationship": "Inner","Parallel Aware": false,"Async Capable": false,"Scan Direction": "Forward","Index Name": "idx_lineitem_orderkey","Relation Name": "lineitem","Alias": "lineitem","Startup Cost": 0.43,"Total Cost": 1.06,"Plan Rows": 17,"Plan Width": 9,"Actual Startup Time": 0.069,"Actual Total Time": 0.079,"Actual Rows": 7,"Actual Loops": 9,"Index Cond": "(l_orderkey = orders.o_orderkey)","Rows Removed by Index Recheck": 0,"Workers": []}]},{"Node Type": "Hash","Parent Relationship": "Inner","Parallel Aware": true,"Async Capable": false,"Startup Cost": 4210.00,"Total Cost": 4210.00,"Plan Rows": 62500,"Plan Width": 23,"Actual Startup Time": 33.677,"Actual Total Time": 33.684,"Actual Rows": 37500,"Actual Loops": 4,"Hash Buckets": 262144,"Original Hash Buckets": 262144,"Hash Batches": 1,"Original Hash Batches": 1,"Peak Memory Usage": 10368,"Workers": [],"Plans": [{"Node Type": "Seq Scan","Parent Relationship": "Outer","Parallel Aware": true,"Async Capable": false,"Relation Name": "customer","Alias": "customer","Startup Cost": 0.00,"Total Cost": 4210.00,"Plan Rows": 62500,"Plan Width": 23,"Actual Startup Time": 0.019,"Actual Total Time": 16.715,"Actual Rows": 37500,"Actual Loops": 4,"Workers": []}]}]}]}]}]},"Planning Time": 6.132,"Triggers": [],"Execution Time": 11002.531}]
[{"Plan": {"Node Type": "Sort","Parallel Aware": false,"Async Capable": false,"Startup Cost": 397889.21,"Total Cost": 399077.01,"Plan Rows": 475120,"Plan Width": 71,"Actual Startup Time": 10950.105,"Actual Total Time": 10953.954,"Actual Rows": 9,"Actual Loops": 1,"Sort Key": ["orders.o_totalprice DESC", "orders.o_orderdate"],"Sort Method": "quicksort","Sort Space Used": 25,"Sort Space Type": "Memory","Plans": [{"Node Type": "Aggregate","Strategy": "Hashed","Partial Mode": "Simple","Parent Relationship": "Outer","Parallel Aware": false,"Async Capable": false,"Startup Cost": 347151.30,"Total Cost": 353090.30,"Plan Rows": 475120,"Plan Width": 71,"Actual Startup Time": 10902.471,"Actual Total Time": 10953.715,"Actual Rows": 9,"Actual Loops": 1,"Group Key": ["customer.c_custkey", "orders.o_orderkey"],"Planned Partitions": 0,"HashAgg Batches": 1,"Peak Memory Usage": 24601,"Disk Usage": 0,"Plans": [{"Node Type": "Gather","Parent Relationship": "Outer","Parallel Aware": false,"Async Capable": false,"Startup Cost": 216528.94,"Total Cost": 343587.90,"Plan Rows": 475120,"Plan Width": 44,"Actual Startup Time": 10893.800,"Actual Total Time": 10897.693,"Actual Rows": 63,"Actual Loops": 1,"Workers Planned": 3,"Workers Launched": 3,"Single Copy": false,"Plans": [{"Node Type": "Hash Join","Parent Relationship": "Outer","Parallel Aware": true,"Async Capable": false,"Join Type": "Inner","Startup Cost": 215528.94,"Total Cost": 295075.90,"Plan Rows": 153265,"Plan Width": 44,"Actual Startup Time": 10134.253,"Actual Total Time": 10314.794,"Actual Rows": 16,"Actual Loops": 4,"Inner Unique": true,"Hash Cond": "(orders.o_custkey = customer.c_custkey)","Workers": [],"Plans": [{"Node Type": "Nested Loop","Parent Relationship": "Outer","Parallel Aware": false,"Async Capable": false,"Join Type": "Inner","Startup Cost": 210537.69,"Total Cost": 289682.32,"Plan Rows": 153265,"Plan Width": 25,"Actual Startup Time": 10099.687,"Actual Total Time": 10280.153,"Actual Rows": 16,"Actual Loops": 4,"Inner Unique": false,"Workers": [],"Plans": [{"Node Type": "Hash Join","Parent Relationship": "Outer","Parallel Aware": false,"Async Capable": false,"Join Type": "Inner","Startup Cost": 210537.26,"Total Cost": 242741.13,"Plan Rows": 38308,"Plan Width": 24,"Actual Startup Time": 10099.575,"Actual Total Time": 10279.892,"Actual Rows": 2,"Actual Loops": 4,"Inner Unique": true,"Hash Cond": "(orders.o_orderkey = lineitem_1.l_orderkey)","Workers": [],"Plans": [{"Node Type": "Seq Scan","Parent Relationship": "Outer","Parallel Aware": true,"Async Capable": false,"Relation Name": "orders","Alias": "orders","Startup Cost": 0.00,"Total Cost": 30933.71,"Plan Rows": 483871,"Plan Width": 20,"Actual Startup Time": 0.011,"Actual Total Time": 51.627,"Actual Rows": 375000,"Actual Loops": 4,"Workers": []},{"Node Type": "Hash","Parent Relationship": "Inner","Parallel Aware": false,"Async Capable": false,"Startup Cost": 209052.81,"Total Cost": 209052.81,"Plan Rows": 118756,"Plan Width": 4,"Actual Startup Time": 10016.825,"Actual Total Time": 10016.839,"Actual Rows": 9,"Actual Loops": 4,"Hash Buckets": 131072,"Original Hash Buckets": 131072,"Hash Batches": 1,"Original Hash Batches": 1,"Peak Memory Usage": 1025,"Workers": [],"Plans": [{"Node Type": "Aggregate","Strategy": "Hashed","Partial Mode": "Simple","Parent Relationship": "Outer","Parallel Aware": false,"Async Capable": false,"Startup Cost": 202521.23,"Total Cost": 207865.25,"Plan Rows": 118756,"Plan Width": 4,"Actual Startup Time": 6319.140,"Actual Total Time": 10016.671,"Actual Rows": 9,"Actual Loops": 4,"Group Key": ["lineitem_1.l_orderkey"],"Filter": "(sum(lineitem_1.l_quantity) > '315'::numeric)","Planned Partitions": 0,"HashAgg Batches": 1,"Peak Memory Usage": 638993,"Disk Usage": 0,"Rows Removed by Filter": 1499991,"Workers": [{"Worker Number": 0,"HashAgg Batches": 1,"Peak Memory Usage": 638993,"Disk Usage": 0},{"Worker Number": 1,"HashAgg Batches": 1,"Peak Memory Usage": 638993,"Disk Usage": 0},{"Worker Number": 2,"HashAgg Batches": 1,"Peak Memory Usage": 638993,"Disk Usage": 0}],"Plans": [{"Node Type": "Seq Scan","Parent Relationship": "Outer","Parallel Aware": false,"Async Capable": false,"Relation Name": "lineitem","Alias": "lineitem_1","Startup Cost": 0.00,"Total Cost": 172515.15,"Plan Rows": 6001215,"Plan Width": 9,"Actual Startup Time": 0.018,"Actual Total Time": 971.843,"Actual Rows": 6001215,"Actual Loops": 4,"Workers": []}]}]}]},{"Node Type": "Index Scan","Parent Relationship": "Inner","Parallel Aware": false,"Async Capable": false,"Scan Direction": "Forward","Index Name": "idx_lineitem_orderkey","Relation Name": "lineitem","Alias": "lineitem","Startup Cost": 0.43,"Total Cost": 1.06,"Plan Rows": 17,"Plan Width": 9,"Actual Startup Time": 0.069,"Actual Total Time": 0.079,"Actual Rows": 7,"Actual Loops": 9,"Index Cond": "(l_orderkey = orders.o_orderkey)","Rows Removed by Index Recheck": 0,"Workers": []}]},{"Node Type": "Hash","Parent Relationship": "Inner","Parallel Aware": true,"Async Capable": false,"Startup Cost": 4210.00,"Total Cost": 4210.00,"Plan Rows": 62500,"Plan Width": 23,"Actual Startup Time": 33.677,"Actual Total Time": 33.684,"Actual Rows": 37500,"Actual Loops": 4,"Hash Buckets": 262144,"Original Hash Buckets": 262144,"Hash Batches": 1,"Original Hash Batches": 1,"Peak Memory Usage": 10368,"Workers": [],"Plans": [{"Node Type": "Seq Scan","Parent Relationship": "Outer","Parallel Aware": true,"Async Capable": false,"Relation Name": "customer","Alias": "customer","Startup Cost": 0.00,"Total Cost": 4210.00,"Plan Rows": 62500,"Plan Width": 23,"Actual Startup Time": 0.019,"Actual Total Time": 16.715,"Actual Rows": 37500,"Actual Loops": 4,"Workers": []}]}]}]}]}]},"Planning Time": 6.132,"Triggers": [],"Execution Time": 11002.531}]
[{"Plan": {"Node Type": "Sort","Parallel Aware": false,"Async Capable": false,"Startup Cost": 397889.21,"Total Cost": 399077.01,"Plan Rows": 475120,"Plan Width": 71,"Actual Startup Time": 10950.105,"Actual Total Time": 10953.954,"Actual Rows": 9,"Actual Loops": 1,"Sort Key": ["orders.o_totalprice DESC", "orders.o_orderdate"],"Sort Method": "quicksort","Sort Space Used": 25,"Sort Space Type": "Memory","Plans": [{"Node Type": "Aggregate","Strategy": "Hashed","Partial Mode": "Simple","Parent Relationship": "Outer","Parallel Aware": false,"Async Capable": false,"Startup Cost": 347151.30,"Total Cost": 353090.30,"Plan Rows": 475120,"Plan Width": 71,"Actual Startup Time": 10902.471,"Actual Total Time": 10953.715,"Actual Rows": 9,"Actual Loops": 1,"Group Key": ["customer.c_custkey", "orders.o_orderkey"],"Planned Partitions": 0,"HashAgg Batches": 1,"Peak Memory Usage": 24601,"Disk Usage": 0,"Plans": [{"Node Type": "Gather","Parent Relationship": "Outer","Parallel Aware": false,"Async Capable": false,"Startup Cost": 216528.94,"Total Cost": 343587.90,"Plan Rows": 475120,"Plan Width": 44,"Actual Startup Time": 10893.800,"Actual Total Time": 10897.693,"Actual Rows": 63,"Actual Loops": 1,"Workers Planned": 3,"Workers Launched": 3,"Single Copy": false,"Plans": [{"Node Type": "Hash Join","Parent Relationship": "Outer","Parallel Aware": true,"Async Capable": false,"Join Type": "Inner","Startup Cost": 215528.94,"Total Cost": 295075.90,"Plan Rows": 153265,"Plan Width": 44,"Actual Startup Time": 10134.253,"Actual Total Time": 10314.794,"Actual Rows": 16,"Actual Loops": 4,"Inner Unique": true,"Hash Cond": "(orders.o_custkey = customer.c_custkey)","Workers": [],"Plans": [{"Node Type": "Nested Loop","Parent Relationship": "Outer","Parallel Aware": false,"Async Capable": false,"Join Type": "Inner","Startup Cost": 210537.69,"Total Cost": 289682.32,"Plan Rows": 153265,"Plan Width": 25,"Actual Startup Time": 10099.687,"Actual Total Time": 10280.153,"Actual Rows": 16,"Actual Loops": 4,"Inner Unique": false,"Workers": [],"Plans": [{"Node Type": "Hash Join","Parent Relationship": "Outer","Parallel Aware": false,"Async Capable": false,"Join Type": "Inner","Startup Cost": 210537.26,"Total Cost": 242741.13,"Plan Rows": 38308,"Plan Width": 24,"Actual Startup Time": 10099.575,"Actual Total Time": 10279.892,"Actual Rows": 2,"Actual Loops": 4,"Inner Unique": true,"Hash Cond": "(orders.o_orderkey = lineitem_1.l_orderkey)","Workers": [],"Plans": [{"Node Type": "Seq Scan","Parent Relationship": "Outer","Parallel Aware": true,"Async Capable": false,"Relation Name": "orders","Alias": "orders","Startup Cost": 0.00,"Total Cost": 30933.71,"Plan Rows": 483871,"Plan Width": 20,"Actual Startup Time": 0.011,"Actual Total Time": 51.627,"Actual Rows": 375000,"Actual Loops": 4,"Workers": []},{"Node Type": "Hash","Parent Relationship": "Inner","Parallel Aware": false,"Async Capable": false,"Startup Cost": 209052.81,"Total Cost": 209052.81,"Plan Rows": 118756,"Plan Width": 4,"Actual Startup Time": 10016.825,"Actual Total Time": 10016.839,"Actual Rows": 9,"Actual Loops": 4,"Hash Buckets": 131072,"Original Hash Buckets": 131072,"Hash Batches": 1,"Original Hash Batches": 1,"Peak Memory Usage": 1025,"Workers": [],"Plans": [{"Node Type": "Aggregate","Strategy": "Hashed","Partial Mode": "Simple","Parent Relationship": "Outer","Parallel Aware": false,"Async Capable": false,"Startup Cost": 202521.23,"Total Cost": 207865.25,"Plan Rows": 118756,"Plan Width": 4,"Actual Startup Time": 6319.140,"Actual Total Time": 10016.671,"Actual Rows": 9,"Actual Loops": 4,"Group Key": ["lineitem_1.l_orderkey"],"Filter": "(sum(lineitem_1.l_quantity) > '315'::numeric)","Planned Partitions": 0,"HashAgg Batches": 1,"Peak Memory Usage": 638993,"Disk Usage": 0,"Rows Removed by Filter": 1499991,"Workers": [{"Worker Number": 0,"HashAgg Batches": 1,"Peak Memory Usage": 638993,"Disk Usage": 0},{"Worker Number": 1,"HashAgg Batches": 1,"Peak Memory Usage": 638993,"Disk Usage": 0},{"Worker Number": 2,"HashAgg Batches": 1,"Peak Memory Usage": 638993,"Disk Usage": 0}],"Plans": [{"Node Type": "Seq Scan","Parent Relationship": "Outer","Parallel Aware": false,"Async Capable": false,"Relation Name": "lineitem","Alias": "lineitem_1","Startup Cost": 0.00,"Total Cost": 172515.15,"Plan Rows": 6001215,"Plan Width": 9,"Actual Startup Time": 0.018,"Actual Total Time": 971.843,"Actual Rows": 6001215,"Actual Loops": 4,"Workers": []}]}]}]},{"Node Type": "Index Scan","Parent Relationship": "Inner","Parallel Aware": false,"Async Capable": false,"Scan Direction": "Forward","Index Name": "idx_lineitem_orderkey","Relation Name": "lineitem","Alias": "lineitem","Startup Cost": 0.43,"Total Cost": 1.06,"Plan Rows": 17,"Plan Width": 9,"Actual Startup Time": 0.069,"Actual Total Time": 0.079,"Actual Rows": 7,"Actual Loops": 9,"Index Cond": "(l_orderkey = orders.o_orderkey)","Rows Removed by Index Recheck": 0,"Workers": []}]},{"Node Type": "Hash","Parent Relationship": "Inner","Parallel Aware": true,"Async Capable": false,"Startup Cost": 4210.00,"Total Cost": 4210.00,"Plan Rows": 62500,"Plan Width": 23,"Actual Startup Time": 33.677,"Actual Total Time": 33.684,"Actual Rows": 37500,"Actual Loops": 4,"Hash Buckets": 262144,"Original Hash Buckets": 262144,"Hash Batches": 1,"Original Hash Batches": 1,"Peak Memory Usage": 10368,"Workers": [],"Plans": [{"Node Type": "Seq Scan","Parent Relationship": "Outer","Parallel Aware": true,"Async Capable": false,"Relation Name": "customer","Alias": "customer","Startup Cost": 0.00,"Total Cost": 4210.00,"Plan Rows": 62500,"Plan Width": 23,"Actual Startup Time": 0.019,"Actual Total Time": 16.715,"Actual Rows": 37500,"Actual Loops": 4,"Workers": []}]}]}]}]}]},"Planning Time": 6.132,"Triggers": [],"Execution Time": 11002.531}]
[{"Plan": {"Node Type": "Sort","Parallel Aware": false,"Async Capable": false,"Startup Cost": 397889.21,"Total Cost": 399077.01,"Plan Rows": 475120,"Plan Width": 71,"Actual Startup Time": 10950.105,"Actual Total Time": 10953.954,"Actual Rows": 9,"Actual Loops": 1,"Sort Key": ["orders.o_totalprice DESC", "orders.o_orderdate"],"Sort Method": "quicksort","Sort Space Used": 25,"Sort Space Type": "Memory","Plans": [{"Node Type": "Aggregate","Strategy": "Hashed","Partial Mode": "Simple","Parent Relationship": "Outer","Parallel Aware": false,"Async Capable": false,"Startup Cost": 347151.30,"Total Cost": 353090.30,"Plan Rows": 475120,"Plan Width": 71,"Actual Startup Time": 10902.471,"Actual Total Time": 10953.715,"Actual Rows": 9,"Actual Loops": 1,"Group Key": ["customer.c_custkey", "orders.o_orderkey"],"Planned Partitions": 0,"HashAgg Batches": 1,"Peak Memory Usage": 24601,"Disk Usage": 0,"Plans": [{"Node Type": "Gather","Parent Relationship": "Outer","Parallel Aware": false,"Async Capable": false,"Startup Cost": 216528.94,"Total Cost": 343587.90,"Plan Rows": 475120,"Plan Width": 44,"Actual Startup Time": 10893.800,"Actual Total Time": 10897.693,"Actual Rows": 63,"Actual Loops": 1,"Workers Planned": 3,"Workers Launched": 3,"Single Copy": false,"Plans": [{"Node Type": "Hash Join","Parent Relationship": "Outer","Parallel Aware": true,"Async Capable": false,"Join Type": "Inner","Startup Cost": 215528.94,"Total Cost": 295075.90,"Plan Rows": 153265,"Plan Width": 44,"Actual Startup Time": 10134.253,"Actual Total Time": 10314.794,"Actual Rows": 16,"Actual Loops": 4,"Inner Unique": true,"Hash Cond": "(orders.o_custkey = customer.c_custkey)","Workers": [],"Plans": [{"Node Type": "Nested Loop","Parent Relationship": "Outer","Parallel Aware": false,"Async Capable": false,"Join Type": "Inner","Startup Cost": 210537.69,"Total Cost": 289682.32,"Plan Rows": 153265,"Plan Width": 25,"Actual Startup Time": 10099.687,"Actual Total Time": 10280.153,"Actual Rows": 16,"Actual Loops": 4,"Inner Unique": false,"Workers": [],"Plans": [{"Node Type": "Hash Join","Parent Relationship": "Outer","Parallel Aware": false,"Async Capable": false,"Join Type": "Inner","Startup Cost": 210537.26,"Total Cost": 242741.13,"Plan Rows": 38308,"Plan Width": 24,"Actual Startup Time": 10099.575,"Actual Total Time": 10279.892,"Actual Rows": 2,"Actual Loops": 4,"Inner Unique": true,"Hash Cond": "(orders.o_orderkey = lineitem_1.l_orderkey)","Workers": [],"Plans": [{"Node Type": "Seq Scan","Parent Relationship": "Outer","Parallel Aware": true,"Async Capable": false,"Relation Name": "orders","Alias": "orders","Startup Cost": 0.00,"Total Cost": 30933.71,"Plan Rows": 483871,"Plan Width": 20,"Actual Startup Time": 0.011,"Actual Total Time": 51.627,"Actual Rows": 375000,"Actual Loops": 4,"Workers": []},{"Node Type": "Hash","Parent Relationship": "Inner","Parallel Aware": false,"Async Capable": false,"Startup Cost": 209052.81,"Total Cost": 209052.81,"Plan Rows": 118756,"Plan Width": 4,"Actual Startup Time": 10016.825,"Actual Total Time": 10016.839,"Actual Rows": 9,"Actual Loops": 4,"Hash Buckets": 131072,"Original Hash Buckets": 131072,"Hash Batches": 1,"Original Hash Batches": 1,"Peak Memory Usage": 1025,"Workers": [],"Plans": [{"Node Type": "Aggregate","Strategy": "Hashed","Partial Mode": "Simple","Parent Relationship": "Outer","Parallel Aware": false,"Async Capable": false,"Startup Cost": 202521.23,"Total Cost": 207865.25,"Plan Rows": 118756,"Plan Width": 4,"Actual Startup Time": 6319.140,"Actual Total Time": 10016.671,"Actual Rows": 9,"Actual Loops": 4,"Group Key": ["lineitem_1.l_orderkey"],"Filter": "(sum(lineitem_1.l_quantity) > '315'::numeric)","Planned Partitions": 0,"HashAgg Batches": 1,"Peak Memory Usage": 638993,"Disk Usage": 0,"Rows Removed by Filter": 1499991,"Workers": [{"Worker Number": 0,"HashAgg Batches": 1,"Peak Memory Usage": 638993,"Disk Usage": 0},{"Worker Number": 1,"HashAgg Batches": 1,"Peak Memory Usage": 638993,"Disk Usage": 0},{"Worker Number": 2,"HashAgg Batches": 1,"Peak Memory Usage": 638993,"Disk Usage": 0}],"Plans": [{"Node Type": "Seq Scan","Parent Relationship": "Outer","Parallel Aware": false,"Async Capable": false,"Relation Name": "lineitem","Alias": "lineitem_1","Startup Cost": 0.00,"Total Cost": 172515.15,"Plan Rows": 6001215,"Plan Width": 9,"Actual Startup Time": 0.018,"Actual Total Time": 971.843,"Actual Rows": 6001215,"Actual Loops": 4,"Workers": []}]}]}]},{"Node Type": "Index Scan","Parent Relationship": "Inner","Parallel Aware": false,"Async Capable": false,"Scan Direction": "Forward","Index Name": "idx_lineitem_orderkey","Relation Name": "lineitem","Alias": "lineitem","Startup Cost": 0.43,"Total Cost": 1.06,"Plan Rows": 17,"Plan Width": 9,"Actual Startup Time": 0.069,"Actual Total Time": 0.079,"Actual Rows": 7,"Actual Loops": 9,"Index Cond": "(l_orderkey = orders.o_orderkey)","Rows Removed by Index Recheck": 0,"Workers": []}]},{"Node Type": "Hash","Parent Relationship": "Inner","Parallel Aware": true,"Async Capable": false,"Startup Cost": 4210.00,"Total Cost": 4210.00,"Plan Rows": 62500,"Plan Width": 23,"Actual Startup Time": 33.677,"Actual Total Time": 33.684,"Actual Rows": 37500,"Actual Loops": 4,"Hash Buckets": 262144,"Original Hash Buckets": 262144,"Hash Batches": 1,"Original Hash Batches": 1,"Peak Memory Usage": 10368,"Workers": [],"Plans": [{"Node Type": "Seq Scan","Parent Relationship": "Outer","Parallel Aware": true,"Async Capable": false,"Relation Name": "customer","Alias": "customer","Startup Cost": 0.00,"Total Cost": 4210.00,"Plan Rows": 62500,"Plan Width": 23,"Actual Startup Time": 0.019,"Actual Total Time": 16.715,"Actual Rows": 37500,"Actual Loops": 4,"Workers": []}]}]}]}]}]},"Planning Time": 6.132,"Triggers": [],"Execution Time": 11002.531}]
[{"Plan": {"Node Type": "Sort","Parallel Aware": false,"Async Capable": false,"Startup Cost": 397889.21,"Total Cost": 399077.01,"Plan Rows": 475120,"Plan Width": 71,"Actual Startup Time": 10785.011,"Actual Total Time": 10839.032,"Actual Rows": 9,"Actual Loops": 1,"Sort Key": ["orders.o_totalprice DESC", "orders.o_orderdate"],"Sort Method": "quicksort","Sort Space Used": 25,"Sort Space Type": "Memory","Plans": [{"Node Type": "Aggregate","Strategy": "Hashed","Partial Mode": "Simple","Parent Relationship": "Outer","Parallel Aware": false,"Async Capable": false,"Startup Cost": 347151.30,"Total Cost": 353090.30,"Plan Rows": 475120,"Plan Width": 71,"Actual Startup Time": 10763.855,"Actual Total Time": 10838.848,"Actual Rows": 9,"Actual Loops": 1,"Group Key": ["customer.c_custkey", "orders.o_orderkey"],"Planned Partitions": 0,"HashAgg Batches": 1,"Peak Memory Usage": 24601,"Disk Usage": 0,"Plans": [{"Node Type": "Gather","Parent Relationship": "Outer","Parallel Aware": false,"Async Capable": false,"Startup Cost": 216528.94,"Total Cost": 343587.90,"Plan Rows": 475120,"Plan Width": 44,"Actual Startup Time": 9674.071,"Actual Total Time": 10813.470,"Actual Rows": 63,"Actual Loops": 1,"Workers Planned": 3,"Workers Launched": 3,"Single Copy": false,"Plans": [{"Node Type": "Hash Join","Parent Relationship": "Outer","Parallel Aware": true,"Async Capable": false,"Join Type": "Inner","Startup Cost": 215528.94,"Total Cost": 295075.90,"Plan Rows": 153265,"Plan Width": 44,"Actual Startup Time": 10141.072,"Actual Total Time": 10312.965,"Actual Rows": 16,"Actual Loops": 4,"Inner Unique": true,"Hash Cond": "(orders.o_custkey = customer.c_custkey)","Workers": [],"Plans": [{"Node Type": "Nested Loop","Parent Relationship": "Outer","Parallel Aware": false,"Async Capable": false,"Join Type": "Inner","Startup Cost": 210537.69,"Total Cost": 289682.32,"Plan Rows": 153265,"Plan Width": 25,"Actual Startup Time": 10104.129,"Actual Total Time": 10275.947,"Actual Rows": 16,"Actual Loops": 4,"Inner Unique": false,"Workers": [],"Plans": [{"Node Type": "Hash Join","Parent Relationship": "Outer","Parallel Aware": false,"Async Capable": false,"Join Type": "Inner","Startup Cost": 210537.26,"Total Cost": 242741.13,"Plan Rows": 38308,"Plan Width": 24,"Actual Startup Time": 10104.052,"Actual Total Time": 10275.739,"Actual Rows": 2,"Actual Loops": 4,"Inner Unique": true,"Hash Cond": "(orders.o_orderkey = lineitem_1.l_orderkey)","Workers": [],"Plans": [{"Node Type": "Seq Scan","Parent Relationship": "Outer","Parallel Aware": true,"Async Capable": false,"Relation Name": "orders","Alias": "orders","Startup Cost": 0.00,"Total Cost": 30933.71,"Plan Rows": 483871,"Plan Width": 20,"Actual Startup Time": 0.007,"Actual Total Time": 53.689,"Actual Rows": 375000,"Actual Loops": 4,"Workers": []},{"Node Type": "Hash","Parent Relationship": "Inner","Parallel Aware": false,"Async Capable": false,"Startup Cost": 209052.81,"Total Cost": 209052.81,"Plan Rows": 118756,"Plan Width": 4,"Actual Startup Time": 10025.157,"Actual Total Time": 10025.166,"Actual Rows": 9,"Actual Loops": 4,"Hash Buckets": 131072,"Original Hash Buckets": 131072,"Hash Batches": 1,"Original Hash Batches": 1,"Peak Memory Usage": 1025,"Workers": [],"Plans": [{"Node Type": "Aggregate","Strategy": "Hashed","Partial Mode": "Simple","Parent Relationship": "Outer","Parallel Aware": false,"Async Capable": false,"Startup Cost": 202521.23,"Total Cost": 207865.25,"Plan Rows": 118756,"Plan Width": 4,"Actual Startup Time": 6285.839,"Actual Total Time": 10024.981,"Actual Rows": 9,"Actual Loops": 4,"Group Key": ["lineitem_1.l_orderkey"],"Filter": "(sum(lineitem_1.l_quantity) > '314'::numeric)","Planned Partitions": 0,"HashAgg Batches": 1,"Peak Memory Usage": 638993,"Disk Usage": 0,"Rows Removed by Filter": 1499991,"Workers": [{"Worker Number": 0,"HashAgg Batches": 1,"Peak Memory Usage": 638993,"Disk Usage": 0},{"Worker Number": 1,"HashAgg Batches": 1,"Peak Memory Usage": 638993,"Disk Usage": 0},{"Worker Number": 2,"HashAgg Batches": 1,"Peak Memory Usage": 638993,"Disk Usage": 0}],"Plans": [{"Node Type": "Seq Scan","Parent Relationship": "Outer","Parallel Aware": false,"Async Capable": false,"Relation Name": "lineitem","Alias": "lineitem_1","Startup Cost": 0.00,"Total Cost": 172515.15,"Plan Rows": 6001215,"Plan Width": 9,"Actual Startup Time": 0.019,"Actual Total Time": 931.752,"Actual Rows": 6001215,"Actual Loops": 4,"Workers": []}]}]}]},{"Node Type": "Index Scan","Parent Relationship": "Inner","Parallel Aware": false,"Async Capable": false,"Scan Direction": "Forward","Index Name": "idx_lineitem_orderkey","Relation Name": "lineitem","Alias": "lineitem","Startup Cost": 0.43,"Total Cost": 1.06,"Plan Rows": 17,"Plan Width": 9,"Actual Startup Time": 0.055,"Actual Total Time": 0.062,"Actual Rows": 7,"Actual Loops": 9,"Index Cond": "(l_orderkey = orders.o_orderkey)","Rows Removed by Index Recheck": 0,"Workers": []}]},{"Node Type": "Hash","Parent Relationship": "Inner","Parallel Aware": true,"Async Capable": false,"Startup Cost": 4210.00,"Total Cost": 4210.00,"Plan Rows": 62500,"Plan Width": 23,"Actual Startup Time": 36.172,"Actual Total Time": 36.190,"Actual Rows": 37500,"Actual Loops": 4,"Hash Buckets": 262144,"Original Hash Buckets": 262144,"Hash Batches": 1,"Original Hash Batches": 1,"Peak Memory Usage": 10336,"Workers": [],"Plans": [{"Node Type": "Seq Scan","Parent Relationship": "Outer","Parallel Aware": true,"Async Capable": false,"Relation Name": "customer","Alias": "customer","Startup Cost": 0.00,"Total Cost": 4210.00,"Plan Rows": 62500,"Plan Width": 23,"Actual Startup Time": 0.024,"Actual Total Time": 17.933,"Actual Rows": 37500,"Actual Loops": 4,"Workers": []}]}]}]}]}]},"Planning Time": 6.881,"Triggers": [],"Execution Time": 10893.482}]
[{"Plan": {"Node Type": "Sort","Parallel Aware": false,"Async Capable": false,"Startup Cost": 397889.21,"Total Cost": 399077.01,"Plan Rows": 475120,"Plan Width": 71,"Actual Startup Time": 10785.011,"Actual Total Time": 10839.032,"Actual Rows": 9,"Actual Loops": 1,"Sort Key": ["orders.o_totalprice DESC", "orders.o_orderdate"],"Sort Method": "quicksort","Sort Space Used": 25,"Sort Space Type": "Memory","Plans": [{"Node Type": "Aggregate","Strategy": "Hashed","Partial Mode": "Simple","Parent Relationship": "Outer","Parallel Aware": false,"Async Capable": false,"Startup Cost": 347151.30,"Total Cost": 353090.30,"Plan Rows": 475120,"Plan Width": 71,"Actual Startup Time": 10763.855,"Actual Total Time": 10838.848,"Actual Rows": 9,"Actual Loops": 1,"Group Key": ["customer.c_custkey", "orders.o_orderkey"],"Planned Partitions": 0,"HashAgg Batches": 1,"Peak Memory Usage": 24601,"Disk Usage": 0,"Plans": [{"Node Type": "Gather","Parent Relationship": "Outer","Parallel Aware": false,"Async Capable": false,"Startup Cost": 216528.94,"Total Cost": 343587.90,"Plan Rows": 475120,"Plan Width": 44,"Actual Startup Time": 9674.071,"Actual Total Time": 10813.470,"Actual Rows": 63,"Actual Loops": 1,"Workers Planned": 3,"Workers Launched": 3,"Single Copy": false,"Plans": [{"Node Type": "Hash Join","Parent Relationship": "Outer","Parallel Aware": true,"Async Capable": false,"Join Type": "Inner","Startup Cost": 215528.94,"Total Cost": 295075.90,"Plan Rows": 153265,"Plan Width": 44,"Actual Startup Time": 10141.072,"Actual Total Time": 10312.965,"Actual Rows": 16,"Actual Loops": 4,"Inner Unique": true,"Hash Cond": "(orders.o_custkey = customer.c_custkey)","Workers": [],"Plans": [{"Node Type": "Nested Loop","Parent Relationship": "Outer","Parallel Aware": false,"Async Capable": false,"Join Type": "Inner","Startup Cost": 210537.69,"Total Cost": 289682.32,"Plan Rows": 153265,"Plan Width": 25,"Actual Startup Time": 10104.129,"Actual Total Time": 10275.947,"Actual Rows": 16,"Actual Loops": 4,"Inner Unique": false,"Workers": [],"Plans": [{"Node Type": "Hash Join","Parent Relationship": "Outer","Parallel Aware": false,"Async Capable": false,"Join Type": "Inner","Startup Cost": 210537.26,"Total Cost": 242741.13,"Plan Rows": 38308,"Plan Width": 24,"Actual Startup Time": 10104.052,"Actual Total Time": 10275.739,"Actual Rows": 2,"Actual Loops": 4,"Inner Unique": true,"Hash Cond": "(orders.o_orderkey = lineitem_1.l_orderkey)","Workers": [],"Plans": [{"Node Type": "Seq Scan","Parent Relationship": "Outer","Parallel Aware": true,"Async Capable": false,"Relation Name": "orders","Alias": "orders","Startup Cost": 0.00,"Total Cost": 30933.71,"Plan Rows": 483871,"Plan Width": 20,"Actual Startup Time": 0.007,"Actual Total Time": 53.689,"Actual Rows": 375000,"Actual Loops": 4,"Workers": []},{"Node Type": "Hash","Parent Relationship": "Inner","Parallel Aware": false,"Async Capable": false,"Startup Cost": 209052.81,"Total Cost": 209052.81,"Plan Rows": 118756,"Plan Width": 4,"Actual Startup Time": 10025.157,"Actual Total Time": 10025.166,"Actual Rows": 9,"Actual Loops": 4,"Hash Buckets": 131072,"Original Hash Buckets": 131072,"Hash Batches": 1,"Original Hash Batches": 1,"Peak Memory Usage": 1025,"Workers": [],"Plans": [{"Node Type": "Aggregate","Strategy": "Hashed","Partial Mode": "Simple","Parent Relationship": "Outer","Parallel Aware": false,"Async Capable": false,"Startup Cost": 202521.23,"Total Cost": 207865.25,"Plan Rows": 118756,"Plan Width": 4,"Actual Startup Time": 6285.839,"Actual Total Time": 10024.981,"Actual Rows": 9,"Actual Loops": 4,"Group Key": ["lineitem_1.l_orderkey"],"Filter": "(sum(lineitem_1.l_quantity) > '314'::numeric)","Planned Partitions": 0,"HashAgg Batches": 1,"Peak Memory Usage": 638993,"Disk Usage": 0,"Rows Removed by Filter": 1499991,"Workers": [{"Worker Number": 0,"HashAgg Batches": 1,"Peak Memory Usage": 638993,"Disk Usage": 0},{"Worker Number": 1,"HashAgg Batches": 1,"Peak Memory Usage": 638993,"Disk Usage": 0},{"Worker Number": 2,"HashAgg Batches": 1,"Peak Memory Usage": 638993,"Disk Usage": 0}],"Plans": [{"Node Type": "Seq Scan","Parent Relationship": "Outer","Parallel Aware": false,"Async Capable": false,"Relation Name": "lineitem","Alias": "lineitem_1","Startup Cost": 0.00,"Total Cost": 172515.15,"Plan Rows": 6001215,"Plan Width": 9,"Actual Startup Time": 0.019,"Actual Total Time": 931.752,"Actual Rows": 6001215,"Actual Loops": 4,"Workers": []}]}]}]},{"Node Type": "Index Scan","Parent Relationship": "Inner","Parallel Aware": false,"Async Capable": false,"Scan Direction": "Forward","Index Name": "idx_lineitem_orderkey","Relation Name": "lineitem","Alias": "lineitem","Startup Cost": 0.43,"Total Cost": 1.06,"Plan Rows": 17,"Plan Width": 9,"Actual Startup Time": 0.055,"Actual Total Time": 0.062,"Actual Rows": 7,"Actual Loops": 9,"Index Cond": "(l_orderkey = orders.o_orderkey)","Rows Removed by Index Recheck": 0,"Workers": []}]},{"Node Type": "Hash","Parent Relationship": "Inner","Parallel Aware": true,"Async Capable": false,"Startup Cost": 4210.00,"Total Cost": 4210.00,"Plan Rows": 62500,"Plan Width": 23,"Actual Startup Time": 36.172,"Actual Total Time": 36.190,"Actual Rows": 37500,"Actual Loops": 4,"Hash Buckets": 262144,"Original Hash Buckets": 262144,"Hash Batches": 1,"Original Hash Batches": 1,"Peak Memory Usage": 10336,"Workers": [],"Plans": [{"Node Type": "Seq Scan","Parent Relationship": "Outer","Parallel Aware": true,"Async Capable": false,"Relation Name": "customer","Alias": "customer","Startup Cost": 0.00,"Total Cost": 4210.00,"Plan Rows": 62500,"Plan Width": 23,"Actual Startup Time": 0.024,"Actual Total Time": 17.933,"Actual Rows": 37500,"Actual Loops": 4,"Workers": []}]}]}]}]}]},"Planning Time": 6.881,"Triggers": [],"Execution Time": 10893.482}]
[{"Plan": {"Node Type": "Sort","Parallel Aware": false,"Async Capable": false,"Startup Cost": 397889.21,"Total Cost": 399077.01,"Plan Rows": 475120,"Plan Width": 71,"Actual Startup Time": 10887.509,"Actual Total Time": 10908.132,"Actual Rows": 10,"Actual Loops": 1,"Sort Key": ["orders.o_totalprice DESC", "orders.o_orderdate"],"Sort Method": "quicksort","Sort Space Used": 25,"Sort Space Type": "Memory","Plans": [{"Node Type": "Aggregate","Strategy": "Hashed","Partial Mode": "Simple","Parent Relationship": "Outer","Parallel Aware": false,"Async Capable": false,"Startup Cost": 347151.30,"Total Cost": 353090.30,"Plan Rows": 475120,"Plan Width": 71,"Actual Startup Time": 10848.812,"Actual Total Time": 10907.941,"Actual Rows": 10,"Actual Loops": 1,"Group Key": ["customer.c_custkey", "orders.o_orderkey"],"Planned Partitions": 0,"HashAgg Batches": 1,"Peak Memory Usage": 24601,"Disk Usage": 0,"Plans": [{"Node Type": "Gather","Parent Relationship": "Outer","Parallel Aware": false,"Async Capable": false,"Startup Cost": 216528.94,"Total Cost": 343587.90,"Plan Rows": 475120,"Plan Width": 44,"Actual Startup Time": 10782.037,"Actual Total Time": 10858.151,"Actual Rows": 70,"Actual Loops": 1,"Workers Planned": 3,"Workers Launched": 3,"Single Copy": false,"Plans": [{"Node Type": "Hash Join","Parent Relationship": "Outer","Parallel Aware": true,"Async Capable": false,"Join Type": "Inner","Startup Cost": 215528.94,"Total Cost": 295075.90,"Plan Rows": 153265,"Plan Width": 44,"Actual Startup Time": 10180.765,"Actual Total Time": 10348.312,"Actual Rows": 18,"Actual Loops": 4,"Inner Unique": true,"Hash Cond": "(orders.o_custkey = customer.c_custkey)","Workers": [],"Plans": [{"Node Type": "Nested Loop","Parent Relationship": "Outer","Parallel Aware": false,"Async Capable": false,"Join Type": "Inner","Startup Cost": 210537.69,"Total Cost": 289682.32,"Plan Rows": 153265,"Plan Width": 25,"Actual Startup Time": 10142.809,"Actual Total Time": 10310.270,"Actual Rows": 18,"Actual Loops": 4,"Inner Unique": false,"Workers": [],"Plans": [{"Node Type": "Hash Join","Parent Relationship": "Outer","Parallel Aware": false,"Async Capable": false,"Join Type": "Inner","Startup Cost": 210537.26,"Total Cost": 242741.13,"Plan Rows": 38308,"Plan Width": 24,"Actual Startup Time": 10142.670,"Actual Total Time": 10309.991,"Actual Rows": 2,"Actual Loops": 4,"Inner Unique": true,"Hash Cond": "(orders.o_orderkey = lineitem_1.l_orderkey)","Workers": [],"Plans": [{"Node Type": "Seq Scan","Parent Relationship": "Outer","Parallel Aware": true,"Async Capable": false,"Relation Name": "orders","Alias": "orders","Startup Cost": 0.00,"Total Cost": 30933.71,"Plan Rows": 483871,"Plan Width": 20,"Actual Startup Time": 0.009,"Actual Total Time": 49.040,"Actual Rows": 375000,"Actual Loops": 4,"Workers": []},{"Node Type": "Hash","Parent Relationship": "Inner","Parallel Aware": false,"Async Capable": false,"Startup Cost": 209052.81,"Total Cost": 209052.81,"Plan Rows": 118756,"Plan Width": 4,"Actual Startup Time": 10075.163,"Actual Total Time": 10075.176,"Actual Rows": 10,"Actual Loops": 4,"Hash Buckets": 131072,"Original Hash Buckets": 131072,"Hash Batches": 1,"Original Hash Batches": 1,"Peak Memory Usage": 1025,"Workers": [],"Plans": [{"Node Type": "Aggregate","Strategy": "Hashed","Partial Mode": "Simple","Parent Relationship": "Outer","Parallel Aware": false,"Async Capable": false,"Startup Cost": 202521.23,"Total Cost": 207865.25,"Plan Rows": 118756,"Plan Width": 4,"Actual Startup Time": 6293.151,"Actual Total Time": 10074.968,"Actual Rows": 10,"Actual Loops": 4,"Group Key": ["lineitem_1.l_orderkey"],"Filter": "(sum(lineitem_1.l_quantity) > '312'::numeric)","Planned Partitions": 0,"HashAgg Batches": 1,"Peak Memory Usage": 638993,"Disk Usage": 0,"Rows Removed by Filter": 1499990,"Workers": [{"Worker Number": 0,"HashAgg Batches": 1,"Peak Memory Usage": 638993,"Disk Usage": 0},{"Worker Number": 1,"HashAgg Batches": 1,"Peak Memory Usage": 638993,"Disk Usage": 0},{"Worker Number": 2,"HashAgg Batches": 1,"Peak Memory Usage": 638993,"Disk Usage": 0}],"Plans": [{"Node Type": "Seq Scan","Parent Relationship": "Outer","Parallel Aware": false,"Async Capable": false,"Relation Name": "lineitem","Alias": "lineitem_1","Startup Cost": 0.00,"Total Cost": 172515.15,"Plan Rows": 6001215,"Plan Width": 9,"Actual Startup Time": 0.021,"Actual Total Time": 960.546,"Actual Rows": 6001215,"Actual Loops": 4,"Workers": []}]}]}]},{"Node Type": "Index Scan","Parent Relationship": "Inner","Parallel Aware": false,"Async Capable": false,"Scan Direction": "Forward","Index Name": "idx_lineitem_orderkey","Relation Name": "lineitem","Alias": "lineitem","Startup Cost": 0.43,"Total Cost": 1.06,"Plan Rows": 17,"Plan Width": 9,"Actual Startup Time": 0.072,"Actual Total Time": 0.079,"Actual Rows": 7,"Actual Loops": 10,"Index Cond": "(l_orderkey = orders.o_orderkey)","Rows Removed by Index Recheck": 0,"Workers": []}]},{"Node Type": "Hash","Parent Relationship": "Inner","Parallel Aware": true,"Async Capable": false,"Startup Cost": 4210.00,"Total Cost": 4210.00,"Plan Rows": 62500,"Plan Width": 23,"Actual Startup Time": 37.105,"Actual Total Time": 37.114,"Actual Rows": 37500,"Actual Loops": 4,"Hash Buckets": 262144,"Original Hash Buckets": 262144,"Hash Batches": 1,"Original Hash Batches": 1,"Peak Memory Usage": 10368,"Workers": [],"Plans": [{"Node Type": "Seq Scan","Parent Relationship": "Outer","Parallel Aware": true,"Async Capable": false,"Relation Name": "customer","Alias": "customer","Startup Cost": 0.00,"Total Cost": 4210.00,"Plan Rows": 62500,"Plan Width": 23,"Actual Startup Time": 0.025,"Actual Total Time": 19.726,"Actual Rows": 37500,"Actual Loops": 4,"Workers": []}]}]}]}]}]},"Planning Time": 6.715,"Triggers": [],"Execution Time": 10961.817}]
[{"Plan": {"Node Type": "Sort","Parallel Aware": false,"Async Capable": false,"Startup Cost": 397889.21,"Total Cost": 399077.01,"Plan Rows": 475120,"Plan Width": 71,"Actual Startup Time": 10345.847,"Actual Total Time": 10377.998,"Actual Rows": 9,"Actual Loops": 1,"Sort Key": ["orders.o_totalprice DESC", "orders.o_orderdate"],"Sort Method": "quicksort","Sort Space Used": 25,"Sort Space Type": "Memory","Plans": [{"Node Type": "Aggregate","Strategy": "Hashed","Partial Mode": "Simple","Parent Relationship": "Outer","Parallel Aware": false,"Async Capable": false,"Startup Cost": 347151.30,"Total Cost": 353090.30,"Plan Rows": 475120,"Plan Width": 71,"Actual Startup Time": 10329.232,"Actual Total Time": 10377.856,"Actual Rows": 9,"Actual Loops": 1,"Group Key": ["customer.c_custkey", "orders.o_orderkey"],"Planned Partitions": 0,"HashAgg Batches": 1,"Peak Memory Usage": 24601,"Disk Usage": 0,"Plans": [{"Node Type": "Gather","Parent Relationship": "Outer","Parallel Aware": false,"Async Capable": false,"Startup Cost": 216528.94,"Total Cost": 343587.90,"Plan Rows": 475120,"Plan Width": 44,"Actual Startup Time": 10053.961,"Actual Total Time": 10357.615,"Actual Rows": 63,"Actual Loops": 1,"Workers Planned": 3,"Workers Launched": 3,"Single Copy": false,"Plans": [{"Node Type": "Hash Join","Parent Relationship": "Outer","Parallel Aware": true,"Async Capable": false,"Join Type": "Inner","Startup Cost": 215528.94,"Total Cost": 295075.90,"Plan Rows": 153265,"Plan Width": 44,"Actual Startup Time": 10157.696,"Actual Total Time": 10258.651,"Actual Rows": 16,"Actual Loops": 4,"Inner Unique": true,"Hash Cond": "(orders.o_custkey = customer.c_custkey)","Workers": [],"Plans": [{"Node Type": "Nested Loop","Parent Relationship": "Outer","Parallel Aware": false,"Async Capable": false,"Join Type": "Inner","Startup Cost": 210537.69,"Total Cost": 289682.32,"Plan Rows": 153265,"Plan Width": 25,"Actual Startup Time": 10123.332,"Actual Total Time": 10224.239,"Actual Rows": 16,"Actual Loops": 4,"Inner Unique": false,"Workers": [],"Plans": [{"Node Type": "Hash Join","Parent Relationship": "Outer","Parallel Aware": false,"Async Capable": false,"Join Type": "Inner","Startup Cost": 210537.26,"Total Cost": 242741.13,"Plan Rows": 38308,"Plan Width": 24,"Actual Startup Time": 10123.186,"Actual Total Time": 10223.998,"Actual Rows": 2,"Actual Loops": 4,"Inner Unique": true,"Hash Cond": "(orders.o_orderkey = lineitem_1.l_orderkey)","Workers": [],"Plans": [{"Node Type": "Seq Scan","Parent Relationship": "Outer","Parallel Aware": true,"Async Capable": false,"Relation Name": "orders","Alias": "orders","Startup Cost": 0.00,"Total Cost": 30933.71,"Plan Rows": 483871,"Plan Width": 20,"Actual Startup Time": 0.011,"Actual Total Time": 49.852,"Actual Rows": 375000,"Actual Loops": 4,"Workers": []},{"Node Type": "Hash","Parent Relationship": "Inner","Parallel Aware": false,"Async Capable": false,"Startup Cost": 209052.81,"Total Cost": 209052.81,"Plan Rows": 118756,"Plan Width": 4,"Actual Startup Time": 10005.666,"Actual Total Time": 10005.673,"Actual Rows": 9,"Actual Loops": 4,"Hash Buckets": 131072,"Original Hash Buckets": 131072,"Hash Batches": 1,"Original Hash Batches": 1,"Peak Memory Usage": 1025,"Workers": [],"Plans": [{"Node Type": "Aggregate","Strategy": "Hashed","Partial Mode": "Simple","Parent Relationship": "Outer","Parallel Aware": false,"Async Capable": false,"Startup Cost": 202521.23,"Total Cost": 207865.25,"Plan Rows": 118756,"Plan Width": 4,"Actual Startup Time": 6310.010,"Actual Total Time": 10005.543,"Actual Rows": 9,"Actual Loops": 4,"Group Key": ["lineitem_1.l_orderkey"],"Filter": "(sum(lineitem_1.l_quantity) > '313'::numeric)","Planned Partitions": 0,"HashAgg Batches": 1,"Peak Memory Usage": 638993,"Disk Usage": 0,"Rows Removed by Filter": 1499991,"Workers": [{"Worker Number": 0,"HashAgg Batches": 1,"Peak Memory Usage": 638993,"Disk Usage": 0},{"Worker Number": 1,"HashAgg Batches": 1,"Peak Memory Usage": 638993,"Disk Usage": 0},{"Worker Number": 2,"HashAgg Batches": 1,"Peak Memory Usage": 638993,"Disk Usage": 0}],"Plans": [{"Node Type": "Seq Scan","Parent Relationship": "Outer","Parallel Aware": false,"Async Capable": false,"Relation Name": "lineitem","Alias": "lineitem_1","Startup Cost": 0.00,"Total Cost": 172515.15,"Plan Rows": 6001215,"Plan Width": 9,"Actual Startup Time": 0.020,"Actual Total Time": 994.479,"Actual Rows": 6001215,"Actual Loops": 4,"Workers": []}]}]}]},{"Node Type": "Index Scan","Parent Relationship": "Inner","Parallel Aware": false,"Async Capable": false,"Scan Direction": "Forward","Index Name": "idx_lineitem_orderkey","Relation Name": "lineitem","Alias": "lineitem","Startup Cost": 0.43,"Total Cost": 1.06,"Plan Rows": 17,"Plan Width": 9,"Actual Startup Time": 0.068,"Actual Total Time": 0.075,"Actual Rows": 7,"Actual Loops": 9,"Index Cond": "(l_orderkey = orders.o_orderkey)","Rows Removed by Index Recheck": 0,"Workers": []}]},{"Node Type": "Hash","Parent Relationship": "Inner","Parallel Aware": true,"Async Capable": false,"Startup Cost": 4210.00,"Total Cost": 4210.00,"Plan Rows": 62500,"Plan Width": 23,"Actual Startup Time": 33.578,"Actual Total Time": 33.582,"Actual Rows": 37500,"Actual Loops": 4,"Hash Buckets": 262144,"Original Hash Buckets": 262144,"Hash Batches": 1,"Original Hash Batches": 1,"Peak Memory Usage": 10336,"Workers": [],"Plans": [{"Node Type": "Seq Scan","Parent Relationship": "Outer","Parallel Aware": true,"Async Capable": false,"Relation Name": "customer","Alias": "customer","Startup Cost": 0.00,"Total Cost": 4210.00,"Plan Rows": 62500,"Plan Width": 23,"Actual Startup Time": 0.023,"Actual Total Time": 16.777,"Actual Rows": 37500,"Actual Loops": 4,"Workers": []}]}]}]}]}]},"Planning Time": 6.662,"Triggers": [],"Execution Time": 10430.266}]
[{"Plan": {"Node Type": "Sort","Parallel Aware": false,"Async Capable": false,"Startup Cost": 397889.21,"Total Cost": 399077.01,"Plan Rows": 475120,"Plan Width": 71,"Actual Startup Time": 10887.509,"Actual Total Time": 10908.132,"Actual Rows": 10,"Actual Loops": 1,"Sort Key": ["orders.o_totalprice DESC", "orders.o_orderdate"],"Sort Method": "quicksort","Sort Space Used": 25,"Sort Space Type": "Memory","Plans": [{"Node Type": "Aggregate","Strategy": "Hashed","Partial Mode": "Simple","Parent Relationship": "Outer","Parallel Aware": false,"Async Capable": false,"Startup Cost": 347151.30,"Total Cost": 353090.30,"Plan Rows": 475120,"Plan Width": 71,"Actual Startup Time": 10848.812,"Actual Total Time": 10907.941,"Actual Rows": 10,"Actual Loops": 1,"Group Key": ["customer.c_custkey", "orders.o_orderkey"],"Planned Partitions": 0,"HashAgg Batches": 1,"Peak Memory Usage": 24601,"Disk Usage": 0,"Plans": [{"Node Type": "Gather","Parent Relationship": "Outer","Parallel Aware": false,"Async Capable": false,"Startup Cost": 216528.94,"Total Cost": 343587.90,"Plan Rows": 475120,"Plan Width": 44,"Actual Startup Time": 10782.037,"Actual Total Time": 10858.151,"Actual Rows": 70,"Actual Loops": 1,"Workers Planned": 3,"Workers Launched": 3,"Single Copy": false,"Plans": [{"Node Type": "Hash Join","Parent Relationship": "Outer","Parallel Aware": true,"Async Capable": false,"Join Type": "Inner","Startup Cost": 215528.94,"Total Cost": 295075.90,"Plan Rows": 153265,"Plan Width": 44,"Actual Startup Time": 10180.765,"Actual Total Time": 10348.312,"Actual Rows": 18,"Actual Loops": 4,"Inner Unique": true,"Hash Cond": "(orders.o_custkey = customer.c_custkey)","Workers": [],"Plans": [{"Node Type": "Nested Loop","Parent Relationship": "Outer","Parallel Aware": false,"Async Capable": false,"Join Type": "Inner","Startup Cost": 210537.69,"Total Cost": 289682.32,"Plan Rows": 153265,"Plan Width": 25,"Actual Startup Time": 10142.809,"Actual Total Time": 10310.270,"Actual Rows": 18,"Actual Loops": 4,"Inner Unique": false,"Workers": [],"Plans": [{"Node Type": "Hash Join","Parent Relationship": "Outer","Parallel Aware": false,"Async Capable": false,"Join Type": "Inner","Startup Cost": 210537.26,"Total Cost": 242741.13,"Plan Rows": 38308,"Plan Width": 24,"Actual Startup Time": 10142.670,"Actual Total Time": 10309.991,"Actual Rows": 2,"Actual Loops": 4,"Inner Unique": true,"Hash Cond": "(orders.o_orderkey = lineitem_1.l_orderkey)","Workers": [],"Plans": [{"Node Type": "Seq Scan","Parent Relationship": "Outer","Parallel Aware": true,"Async Capable": false,"Relation Name": "orders","Alias": "orders","Startup Cost": 0.00,"Total Cost": 30933.71,"Plan Rows": 483871,"Plan Width": 20,"Actual Startup Time": 0.009,"Actual Total Time": 49.040,"Actual Rows": 375000,"Actual Loops": 4,"Workers": []},{"Node Type": "Hash","Parent Relationship": "Inner","Parallel Aware": false,"Async Capable": false,"Startup Cost": 209052.81,"Total Cost": 209052.81,"Plan Rows": 118756,"Plan Width": 4,"Actual Startup Time": 10075.163,"Actual Total Time": 10075.176,"Actual Rows": 10,"Actual Loops": 4,"Hash Buckets": 131072,"Original Hash Buckets": 131072,"Hash Batches": 1,"Original Hash Batches": 1,"Peak Memory Usage": 1025,"Workers": [],"Plans": [{"Node Type": "Aggregate","Strategy": "Hashed","Partial Mode": "Simple","Parent Relationship": "Outer","Parallel Aware": false,"Async Capable": false,"Startup Cost": 202521.23,"Total Cost": 207865.25,"Plan Rows": 118756,"Plan Width": 4,"Actual Startup Time": 6293.151,"Actual Total Time": 10074.968,"Actual Rows": 10,"Actual Loops": 4,"Group Key": ["lineitem_1.l_orderkey"],"Filter": "(sum(lineitem_1.l_quantity) > '312'::numeric)","Planned Partitions": 0,"HashAgg Batches": 1,"Peak Memory Usage": 638993,"Disk Usage": 0,"Rows Removed by Filter": 1499990,"Workers": [{"Worker Number": 0,"HashAgg Batches": 1,"Peak Memory Usage": 638993,"Disk Usage": 0},{"Worker Number": 1,"HashAgg Batches": 1,"Peak Memory Usage": 638993,"Disk Usage": 0},{"Worker Number": 2,"HashAgg Batches": 1,"Peak Memory Usage": 638993,"Disk Usage": 0}],"Plans": [{"Node Type": "Seq Scan","Parent Relationship": "Outer","Parallel Aware": false,"Async Capable": false,"Relation Name": "lineitem","Alias": "lineitem_1","Startup Cost": 0.00,"Total Cost": 172515.15,"Plan Rows": 6001215,"Plan Width": 9,"Actual Startup Time": 0.021,"Actual Total Time": 960.546,"Actual Rows": 6001215,"Actual Loops": 4,"Workers": []}]}]}]},{"Node Type": "Index Scan","Parent Relationship": "Inner","Parallel Aware": false,"Async Capable": false,"Scan Direction": "Forward","Index Name": "idx_lineitem_orderkey","Relation Name": "lineitem","Alias": "lineitem","Startup Cost": 0.43,"Total Cost": 1.06,"Plan Rows": 17,"Plan Width": 9,"Actual Startup Time": 0.072,"Actual Total Time": 0.079,"Actual Rows": 7,"Actual Loops": 10,"Index Cond": "(l_orderkey = orders.o_orderkey)","Rows Removed by Index Recheck": 0,"Workers": []}]},{"Node Type": "Hash","Parent Relationship": "Inner","Parallel Aware": true,"Async Capable": false,"Startup Cost": 4210.00,"Total Cost": 4210.00,"Plan Rows": 62500,"Plan Width": 23,"Actual Startup Time": 37.105,"Actual Total Time": 37.114,"Actual Rows": 37500,"Actual Loops": 4,"Hash Buckets": 262144,"Original Hash Buckets": 262144,"Hash Batches": 1,"Original Hash Batches": 1,"Peak Memory Usage": 10368,"Workers": [],"Plans": [{"Node Type": "Seq Scan","Parent Relationship": "Outer","Parallel Aware": true,"Async Capable": false,"Relation Name": "customer","Alias": "customer","Startup Cost": 0.00,"Total Cost": 4210.00,"Plan Rows": 62500,"Plan Width": 23,"Actual Startup Time": 0.025,"Actual Total Time": 19.726,"Actual Rows": 37500,"Actual Loops": 4,"Workers": []}]}]}]}]}]},"Planning Time": 6.715,"Triggers": [],"Execution Time": 10961.817}]
[{"Plan": {"Node Type": "Sort","Parallel Aware": false,"Async Capable": false,"Startup Cost": 397889.21,"Total Cost": 399077.01,"Plan Rows": 475120,"Plan Width": 71,"Actual Startup Time": 10785.011,"Actual Total Time": 10839.032,"Actual Rows": 9,"Actual Loops": 1,"Sort Key": ["orders.o_totalprice DESC", "orders.o_orderdate"],"Sort Method": "quicksort","Sort Space Used": 25,"Sort Space Type": "Memory","Plans": [{"Node Type": "Aggregate","Strategy": "Hashed","Partial Mode": "Simple","Parent Relationship": "Outer","Parallel Aware": false,"Async Capable": false,"Startup Cost": 347151.30,"Total Cost": 353090.30,"Plan Rows": 475120,"Plan Width": 71,"Actual Startup Time": 10763.855,"Actual Total Time": 10838.848,"Actual Rows": 9,"Actual Loops": 1,"Group Key": ["customer.c_custkey", "orders.o_orderkey"],"Planned Partitions": 0,"HashAgg Batches": 1,"Peak Memory Usage": 24601,"Disk Usage": 0,"Plans": [{"Node Type": "Gather","Parent Relationship": "Outer","Parallel Aware": false,"Async Capable": false,"Startup Cost": 216528.94,"Total Cost": 343587.90,"Plan Rows": 475120,"Plan Width": 44,"Actual Startup Time": 9674.071,"Actual Total Time": 10813.470,"Actual Rows": 63,"Actual Loops": 1,"Workers Planned": 3,"Workers Launched": 3,"Single Copy": false,"Plans": [{"Node Type": "Hash Join","Parent Relationship": "Outer","Parallel Aware": true,"Async Capable": false,"Join Type": "Inner","Startup Cost": 215528.94,"Total Cost": 295075.90,"Plan Rows": 153265,"Plan Width": 44,"Actual Startup Time": 10141.072,"Actual Total Time": 10312.965,"Actual Rows": 16,"Actual Loops": 4,"Inner Unique": true,"Hash Cond": "(orders.o_custkey = customer.c_custkey)","Workers": [],"Plans": [{"Node Type": "Nested Loop","Parent Relationship": "Outer","Parallel Aware": false,"Async Capable": false,"Join Type": "Inner","Startup Cost": 210537.69,"Total Cost": 289682.32,"Plan Rows": 153265,"Plan Width": 25,"Actual Startup Time": 10104.129,"Actual Total Time": 10275.947,"Actual Rows": 16,"Actual Loops": 4,"Inner Unique": false,"Workers": [],"Plans": [{"Node Type": "Hash Join","Parent Relationship": "Outer","Parallel Aware": false,"Async Capable": false,"Join Type": "Inner","Startup Cost": 210537.26,"Total Cost": 242741.13,"Plan Rows": 38308,"Plan Width": 24,"Actual Startup Time": 10104.052,"Actual Total Time": 10275.739,"Actual Rows": 2,"Actual Loops": 4,"Inner Unique": true,"Hash Cond": "(orders.o_orderkey = lineitem_1.l_orderkey)","Workers": [],"Plans": [{"Node Type": "Seq Scan","Parent Relationship": "Outer","Parallel Aware": true,"Async Capable": false,"Relation Name": "orders","Alias": "orders","Startup Cost": 0.00,"Total Cost": 30933.71,"Plan Rows": 483871,"Plan Width": 20,"Actual Startup Time": 0.007,"Actual Total Time": 53.689,"Actual Rows": 375000,"Actual Loops": 4,"Workers": []},{"Node Type": "Hash","Parent Relationship": "Inner","Parallel Aware": false,"Async Capable": false,"Startup Cost": 209052.81,"Total Cost": 209052.81,"Plan Rows": 118756,"Plan Width": 4,"Actual Startup Time": 10025.157,"Actual Total Time": 10025.166,"Actual Rows": 9,"Actual Loops": 4,"Hash Buckets": 131072,"Original Hash Buckets": 131072,"Hash Batches": 1,"Original Hash Batches": 1,"Peak Memory Usage": 1025,"Workers": [],"Plans": [{"Node Type": "Aggregate","Strategy": "Hashed","Partial Mode": "Simple","Parent Relationship": "Outer","Parallel Aware": false,"Async Capable": false,"Startup Cost": 202521.23,"Total Cost": 207865.25,"Plan Rows": 118756,"Plan Width": 4,"Actual Startup Time": 6285.839,"Actual Total Time": 10024.981,"Actual Rows": 9,"Actual Loops": 4,"Group Key": ["lineitem_1.l_orderkey"],"Filter": "(sum(lineitem_1.l_quantity) > '314'::numeric)","Planned Partitions": 0,"HashAgg Batches": 1,"Peak Memory Usage": 638993,"Disk Usage": 0,"Rows Removed by Filter": 1499991,"Workers": [{"Worker Number": 0,"HashAgg Batches": 1,"Peak Memory Usage": 638993,"Disk Usage": 0},{"Worker Number": 1,"HashAgg Batches": 1,"Peak Memory Usage": 638993,"Disk Usage": 0},{"Worker Number": 2,"HashAgg Batches": 1,"Peak Memory Usage": 638993,"Disk Usage": 0}],"Plans": [{"Node Type": "Seq Scan","Parent Relationship": "Outer","Parallel Aware": false,"Async Capable": false,"Relation Name": "lineitem","Alias": "lineitem_1","Startup Cost": 0.00,"Total Cost": 172515.15,"Plan Rows": 6001215,"Plan Width": 9,"Actual Startup Time": 0.019,"Actual Total Time": 931.752,"Actual Rows": 6001215,"Actual Loops": 4,"Workers": []}]}]}]},{"Node Type": "Index Scan","Parent Relationship": "Inner","Parallel Aware": false,"Async Capable": false,"Scan Direction": "Forward","Index Name": "idx_lineitem_orderkey","Relation Name": "lineitem","Alias": "lineitem","Startup Cost": 0.43,"Total Cost": 1.06,"Plan Rows": 17,"Plan Width": 9,"Actual Startup Time": 0.055,"Actual Total Time": 0.062,"Actual Rows": 7,"Actual Loops": 9,"Index Cond": "(l_orderkey = orders.o_orderkey)","Rows Removed by Index Recheck": 0,"Workers": []}]},{"Node Type": "Hash","Parent Relationship": "Inner","Parallel Aware": true,"Async Capable": false,"Startup Cost": 4210.00,"Total Cost": 4210.00,"Plan Rows": 62500,"Plan Width": 23,"Actual Startup Time": 36.172,"Actual Total Time": 36.190,"Actual Rows": 37500,"Actual Loops": 4,"Hash Buckets": 262144,"Original Hash Buckets": 262144,"Hash Batches": 1,"Original Hash Batches": 1,"Peak Memory Usage": 10336,"Workers": [],"Plans": [{"Node Type": "Seq Scan","Parent Relationship": "Outer","Parallel Aware": true,"Async Capable": false,"Relation Name": "customer","Alias": "customer","Startup Cost": 0.00,"Total Cost": 4210.00,"Plan Rows": 62500,"Plan Width": 23,"Actual Startup Time": 0.024,"Actual Total Time": 17.933,"Actual Rows": 37500,"Actual Loops": 4,"Workers": []}]}]}]}]}]},"Planning Time": 6.881,"Triggers": [],"Execution Time": 10893.482}]
[{"Plan": {"Node Type": "Sort","Parallel Aware": false,"Async Capable": false,"Startup Cost": 397889.21,"Total Cost": 399077.01,"Plan Rows": 475120,"Plan Width": 71,"Actual Startup Time": 10950.105,"Actual Total Time": 10953.954,"Actual Rows": 9,"Actual Loops": 1,"Sort Key": ["orders.o_totalprice DESC", "orders.o_orderdate"],"Sort Method": "quicksort","Sort Space Used": 25,"Sort Space Type": "Memory","Plans": [{"Node Type": "Aggregate","Strategy": "Hashed","Partial Mode": "Simple","Parent Relationship": "Outer","Parallel Aware": false,"Async Capable": false,"Startup Cost": 347151.30,"Total Cost": 353090.30,"Plan Rows": 475120,"Plan Width": 71,"Actual Startup Time": 10902.471,"Actual Total Time": 10953.715,"Actual Rows": 9,"Actual Loops": 1,"Group Key": ["customer.c_custkey", "orders.o_orderkey"],"Planned Partitions": 0,"HashAgg Batches": 1,"Peak Memory Usage": 24601,"Disk Usage": 0,"Plans": [{"Node Type": "Gather","Parent Relationship": "Outer","Parallel Aware": false,"Async Capable": false,"Startup Cost": 216528.94,"Total Cost": 343587.90,"Plan Rows": 475120,"Plan Width": 44,"Actual Startup Time": 10893.800,"Actual Total Time": 10897.693,"Actual Rows": 63,"Actual Loops": 1,"Workers Planned": 3,"Workers Launched": 3,"Single Copy": false,"Plans": [{"Node Type": "Hash Join","Parent Relationship": "Outer","Parallel Aware": true,"Async Capable": false,"Join Type": "Inner","Startup Cost": 215528.94,"Total Cost": 295075.90,"Plan Rows": 153265,"Plan Width": 44,"Actual Startup Time": 10134.253,"Actual Total Time": 10314.794,"Actual Rows": 16,"Actual Loops": 4,"Inner Unique": true,"Hash Cond": "(orders.o_custkey = customer.c_custkey)","Workers": [],"Plans": [{"Node Type": "Nested Loop","Parent Relationship": "Outer","Parallel Aware": false,"Async Capable": false,"Join Type": "Inner","Startup Cost": 210537.69,"Total Cost": 289682.32,"Plan Rows": 153265,"Plan Width": 25,"Actual Startup Time": 10099.687,"Actual Total Time": 10280.153,"Actual Rows": 16,"Actual Loops": 4,"Inner Unique": false,"Workers": [],"Plans": [{"Node Type": "Hash Join","Parent Relationship": "Outer","Parallel Aware": false,"Async Capable": false,"Join Type": "Inner","Startup Cost": 210537.26,"Total Cost": 242741.13,"Plan Rows": 38308,"Plan Width": 24,"Actual Startup Time": 10099.575,"Actual Total Time": 10279.892,"Actual Rows": 2,"Actual Loops": 4,"Inner Unique": true,"Hash Cond": "(orders.o_orderkey = lineitem_1.l_orderkey)","Workers": [],"Plans": [{"Node Type": "Seq Scan","Parent Relationship": "Outer","Parallel Aware": true,"Async Capable": false,"Relation Name": "orders","Alias": "orders","Startup Cost": 0.00,"Total Cost": 30933.71,"Plan Rows": 483871,"Plan Width": 20,"Actual Startup Time": 0.011,"Actual Total Time": 51.627,"Actual Rows": 375000,"Actual Loops": 4,"Workers": []},{"Node Type": "Hash","Parent Relationship": "Inner","Parallel Aware": false,"Async Capable": false,"Startup Cost": 209052.81,"Total Cost": 209052.81,"Plan Rows": 118756,"Plan Width": 4,"Actual Startup Time": 10016.825,"Actual Total Time": 10016.839,"Actual Rows": 9,"Actual Loops": 4,"Hash Buckets": 131072,"Original Hash Buckets": 131072,"Hash Batches": 1,"Original Hash Batches": 1,"Peak Memory Usage": 1025,"Workers": [],"Plans": [{"Node Type": "Aggregate","Strategy": "Hashed","Partial Mode": "Simple","Parent Relationship": "Outer","Parallel Aware": false,"Async Capable": false,"Startup Cost": 202521.23,"Total Cost": 207865.25,"Plan Rows": 118756,"Plan Width": 4,"Actual Startup Time": 6319.140,"Actual Total Time": 10016.671,"Actual Rows": 9,"Actual Loops": 4,"Group Key": ["lineitem_1.l_orderkey"],"Filter": "(sum(lineitem_1.l_quantity) > '315'::numeric)","Planned Partitions": 0,"HashAgg Batches": 1,"Peak Memory Usage": 638993,"Disk Usage": 0,"Rows Removed by Filter": 1499991,"Workers": [{"Worker Number": 0,"HashAgg Batches": 1,"Peak Memory Usage": 638993,"Disk Usage": 0},{"Worker Number": 1,"HashAgg Batches": 1,"Peak Memory Usage": 638993,"Disk Usage": 0},{"Worker Number": 2,"HashAgg Batches": 1,"Peak Memory Usage": 638993,"Disk Usage": 0}],"Plans": [{"Node Type": "Seq Scan","Parent Relationship": "Outer","Parallel Aware": false,"Async Capable": false,"Relation Name": "lineitem","Alias": "lineitem_1","Startup Cost": 0.00,"Total Cost": 172515.15,"Plan Rows": 6001215,"Plan Width": 9,"Actual Startup Time": 0.018,"Actual Total Time": 971.843,"Actual Rows": 6001215,"Actual Loops": 4,"Workers": []}]}]}]},{"Node Type": "Index Scan","Parent Relationship": "Inner","Parallel Aware": false,"Async Capable": false,"Scan Direction": "Forward","Index Name": "idx_lineitem_orderkey","Relation Name": "lineitem","Alias": "lineitem","Startup Cost": 0.43,"Total Cost": 1.06,"Plan Rows": 17,"Plan Width": 9,"Actual Startup Time": 0.069,"Actual Total Time": 0.079,"Actual Rows": 7,"Actual Loops": 9,"Index Cond": "(l_orderkey = orders.o_orderkey)","Rows Removed by Index Recheck": 0,"Workers": []}]},{"Node Type": "Hash","Parent Relationship": "Inner","Parallel Aware": true,"Async Capable": false,"Startup Cost": 4210.00,"Total Cost": 4210.00,"Plan Rows": 62500,"Plan Width": 23,"Actual Startup Time": 33.677,"Actual Total Time": 33.684,"Actual Rows": 37500,"Actual Loops": 4,"Hash Buckets": 262144,"Original Hash Buckets": 262144,"Hash Batches": 1,"Original Hash Batches": 1,"Peak Memory Usage": 10368,"Workers": [],"Plans": [{"Node Type": "Seq Scan","Parent Relationship": "Outer","Parallel Aware": true,"Async Capable": false,"Relation Name": "customer","Alias": "customer","Startup Cost": 0.00,"Total Cost": 4210.00,"Plan Rows": 62500,"Plan Width": 23,"Actual Startup Time": 0.019,"Actual Total Time": 16.715,"Actual Rows": 37500,"Actual Loops": 4,"Workers": []}]}]}]}]}]},"Planning Time": 6.132,"Triggers": [],"Execution Time": 11002.531}]
[{"Plan": {"Node Type": "Sort","Parallel Aware": false,"Async Capable": false,"Startup Cost": 397889.21,"Total Cost": 399077.01,"Plan Rows": 475120,"Plan Width": 71,"Actual Startup Time": 10345.847,"Actual Total Time": 10377.998,"Actual Rows": 9,"Actual Loops": 1,"Sort Key": ["orders.o_totalprice DESC", "orders.o_orderdate"],"Sort Method": "quicksort","Sort Space Used": 25,"Sort Space Type": "Memory","Plans": [{"Node Type": "Aggregate","Strategy": "Hashed","Partial Mode": "Simple","Parent Relationship": "Outer","Parallel Aware": false,"Async Capable": false,"Startup Cost": 347151.30,"Total Cost": 353090.30,"Plan Rows": 475120,"Plan Width": 71,"Actual Startup Time": 10329.232,"Actual Total Time": 10377.856,"Actual Rows": 9,"Actual Loops": 1,"Group Key": ["customer.c_custkey", "orders.o_orderkey"],"Planned Partitions": 0,"HashAgg Batches": 1,"Peak Memory Usage": 24601,"Disk Usage": 0,"Plans": [{"Node Type": "Gather","Parent Relationship": "Outer","Parallel Aware": false,"Async Capable": false,"Startup Cost": 216528.94,"Total Cost": 343587.90,"Plan Rows": 475120,"Plan Width": 44,"Actual Startup Time": 10053.961,"Actual Total Time": 10357.615,"Actual Rows": 63,"Actual Loops": 1,"Workers Planned": 3,"Workers Launched": 3,"Single Copy": false,"Plans": [{"Node Type": "Hash Join","Parent Relationship": "Outer","Parallel Aware": true,"Async Capable": false,"Join Type": "Inner","Startup Cost": 215528.94,"Total Cost": 295075.90,"Plan Rows": 153265,"Plan Width": 44,"Actual Startup Time": 10157.696,"Actual Total Time": 10258.651,"Actual Rows": 16,"Actual Loops": 4,"Inner Unique": true,"Hash Cond": "(orders.o_custkey = customer.c_custkey)","Workers": [],"Plans": [{"Node Type": "Nested Loop","Parent Relationship": "Outer","Parallel Aware": false,"Async Capable": false,"Join Type": "Inner","Startup Cost": 210537.69,"Total Cost": 289682.32,"Plan Rows": 153265,"Plan Width": 25,"Actual Startup Time": 10123.332,"Actual Total Time": 10224.239,"Actual Rows": 16,"Actual Loops": 4,"Inner Unique": false,"Workers": [],"Plans": [{"Node Type": "Hash Join","Parent Relationship": "Outer","Parallel Aware": false,"Async Capable": false,"Join Type": "Inner","Startup Cost": 210537.26,"Total Cost": 242741.13,"Plan Rows": 38308,"Plan Width": 24,"Actual Startup Time": 10123.186,"Actual Total Time": 10223.998,"Actual Rows": 2,"Actual Loops": 4,"Inner Unique": true,"Hash Cond": "(orders.o_orderkey = lineitem_1.l_orderkey)","Workers": [],"Plans": [{"Node Type": "Seq Scan","Parent Relationship": "Outer","Parallel Aware": true,"Async Capable": false,"Relation Name": "orders","Alias": "orders","Startup Cost": 0.00,"Total Cost": 30933.71,"Plan Rows": 483871,"Plan Width": 20,"Actual Startup Time": 0.011,"Actual Total Time": 49.852,"Actual Rows": 375000,"Actual Loops": 4,"Workers": []},{"Node Type": "Hash","Parent Relationship": "Inner","Parallel Aware": false,"Async Capable": false,"Startup Cost": 209052.81,"Total Cost": 209052.81,"Plan Rows": 118756,"Plan Width": 4,"Actual Startup Time": 10005.666,"Actual Total Time": 10005.673,"Actual Rows": 9,"Actual Loops": 4,"Hash Buckets": 131072,"Original Hash Buckets": 131072,"Hash Batches": 1,"Original Hash Batches": 1,"Peak Memory Usage": 1025,"Workers": [],"Plans": [{"Node Type": "Aggregate","Strategy": "Hashed","Partial Mode": "Simple","Parent Relationship": "Outer","Parallel Aware": false,"Async Capable": false,"Startup Cost": 202521.23,"Total Cost": 207865.25,"Plan Rows": 118756,"Plan Width": 4,"Actual Startup Time": 6310.010,"Actual Total Time": 10005.543,"Actual Rows": 9,"Actual Loops": 4,"Group Key": ["lineitem_1.l_orderkey"],"Filter": "(sum(lineitem_1.l_quantity) > '313'::numeric)","Planned Partitions": 0,"HashAgg Batches": 1,"Peak Memory Usage": 638993,"Disk Usage": 0,"Rows Removed by Filter": 1499991,"Workers": [{"Worker Number": 0,"HashAgg Batches": 1,"Peak Memory Usage": 638993,"Disk Usage": 0},{"Worker Number": 1,"HashAgg Batches": 1,"Peak Memory Usage": 638993,"Disk Usage": 0},{"Worker Number": 2,"HashAgg Batches": 1,"Peak Memory Usage": 638993,"Disk Usage": 0}],"Plans": [{"Node Type": "Seq Scan","Parent Relationship": "Outer","Parallel Aware": false,"Async Capable": false,"Relation Name": "lineitem","Alias": "lineitem_1","Startup Cost": 0.00,"Total Cost": 172515.15,"Plan Rows": 6001215,"Plan Width": 9,"Actual Startup Time": 0.020,"Actual Total Time": 994.479,"Actual Rows": 6001215,"Actual Loops": 4,"Workers": []}]}]}]},{"Node Type": "Index Scan","Parent Relationship": "Inner","Parallel Aware": false,"Async Capable": false,"Scan Direction": "Forward","Index Name": "idx_lineitem_orderkey","Relation Name": "lineitem","Alias": "lineitem","Startup Cost": 0.43,"Total Cost": 1.06,"Plan Rows": 17,"Plan Width": 9,"Actual Startup Time": 0.068,"Actual Total Time": 0.075,"Actual Rows": 7,"Actual Loops": 9,"Index Cond": "(l_orderkey = orders.o_orderkey)","Rows Removed by Index Recheck": 0,"Workers": []}]},{"Node Type": "Hash","Parent Relationship": "Inner","Parallel Aware": true,"Async Capable": false,"Startup Cost": 4210.00,"Total Cost": 4210.00,"Plan Rows": 62500,"Plan Width": 23,"Actual Startup Time": 33.578,"Actual Total Time": 33.582,"Actual Rows": 37500,"Actual Loops": 4,"Hash Buckets": 262144,"Original Hash Buckets": 262144,"Hash Batches": 1,"Original Hash Batches": 1,"Peak Memory Usage": 10336,"Workers": [],"Plans": [{"Node Type": "Seq Scan","Parent Relationship": "Outer","Parallel Aware": true,"Async Capable": false,"Relation Name": "customer","Alias": "customer","Startup Cost": 0.00,"Total Cost": 4210.00,"Plan Rows": 62500,"Plan Width": 23,"Actual Startup Time": 0.023,"Actual Total Time": 16.777,"Actual Rows": 37500,"Actual Loops": 4,"Workers": []}]}]}]}]}]},"Planning Time": 6.662,"Triggers": [],"Execution Time": 10430.266}]
[{"Plan": {"Node Type": "Sort","Parallel Aware": false,"Async Capable": false,"Startup Cost": 397889.21,"Total Cost": 399077.01,"Plan Rows": 475120,"Plan Width": 71,"Actual Startup Time": 10345.847,"Actual Total Time": 10377.998,"Actual Rows": 9,"Actual Loops": 1,"Sort Key": ["orders.o_totalprice DESC", "orders.o_orderdate"],"Sort Method": "quicksort","Sort Space Used": 25,"Sort Space Type": "Memory","Plans": [{"Node Type": "Aggregate","Strategy": "Hashed","Partial Mode": "Simple","Parent Relationship": "Outer","Parallel Aware": false,"Async Capable": false,"Startup Cost": 347151.30,"Total Cost": 353090.30,"Plan Rows": 475120,"Plan Width": 71,"Actual Startup Time": 10329.232,"Actual Total Time": 10377.856,"Actual Rows": 9,"Actual Loops": 1,"Group Key": ["customer.c_custkey", "orders.o_orderkey"],"Planned Partitions": 0,"HashAgg Batches": 1,"Peak Memory Usage": 24601,"Disk Usage": 0,"Plans": [{"Node Type": "Gather","Parent Relationship": "Outer","Parallel Aware": false,"Async Capable": false,"Startup Cost": 216528.94,"Total Cost": 343587.90,"Plan Rows": 475120,"Plan Width": 44,"Actual Startup Time": 10053.961,"Actual Total Time": 10357.615,"Actual Rows": 63,"Actual Loops": 1,"Workers Planned": 3,"Workers Launched": 3,"Single Copy": false,"Plans": [{"Node Type": "Hash Join","Parent Relationship": "Outer","Parallel Aware": true,"Async Capable": false,"Join Type": "Inner","Startup Cost": 215528.94,"Total Cost": 295075.90,"Plan Rows": 153265,"Plan Width": 44,"Actual Startup Time": 10157.696,"Actual Total Time": 10258.651,"Actual Rows": 16,"Actual Loops": 4,"Inner Unique": true,"Hash Cond": "(orders.o_custkey = customer.c_custkey)","Workers": [],"Plans": [{"Node Type": "Nested Loop","Parent Relationship": "Outer","Parallel Aware": false,"Async Capable": false,"Join Type": "Inner","Startup Cost": 210537.69,"Total Cost": 289682.32,"Plan Rows": 153265,"Plan Width": 25,"Actual Startup Time": 10123.332,"Actual Total Time": 10224.239,"Actual Rows": 16,"Actual Loops": 4,"Inner Unique": false,"Workers": [],"Plans": [{"Node Type": "Hash Join","Parent Relationship": "Outer","Parallel Aware": false,"Async Capable": false,"Join Type": "Inner","Startup Cost": 210537.26,"Total Cost": 242741.13,"Plan Rows": 38308,"Plan Width": 24,"Actual Startup Time": 10123.186,"Actual Total Time": 10223.998,"Actual Rows": 2,"Actual Loops": 4,"Inner Unique": true,"Hash Cond": "(orders.o_orderkey = lineitem_1.l_orderkey)","Workers": [],"Plans": [{"Node Type": "Seq Scan","Parent Relationship": "Outer","Parallel Aware": true,"Async Capable": false,"Relation Name": "orders","Alias": "orders","Startup Cost": 0.00,"Total Cost": 30933.71,"Plan Rows": 483871,"Plan Width": 20,"Actual Startup Time": 0.011,"Actual Total Time": 49.852,"Actual Rows": 375000,"Actual Loops": 4,"Workers": []},{"Node Type": "Hash","Parent Relationship": "Inner","Parallel Aware": false,"Async Capable": false,"Startup Cost": 209052.81,"Total Cost": 209052.81,"Plan Rows": 118756,"Plan Width": 4,"Actual Startup Time": 10005.666,"Actual Total Time": 10005.673,"Actual Rows": 9,"Actual Loops": 4,"Hash Buckets": 131072,"Original Hash Buckets": 131072,"Hash Batches": 1,"Original Hash Batches": 1,"Peak Memory Usage": 1025,"Workers": [],"Plans": [{"Node Type": "Aggregate","Strategy": "Hashed","Partial Mode": "Simple","Parent Relationship": "Outer","Parallel Aware": false,"Async Capable": false,"Startup Cost": 202521.23,"Total Cost": 207865.25,"Plan Rows": 118756,"Plan Width": 4,"Actual Startup Time": 6310.010,"Actual Total Time": 10005.543,"Actual Rows": 9,"Actual Loops": 4,"Group Key": ["lineitem_1.l_orderkey"],"Filter": "(sum(lineitem_1.l_quantity) > '313'::numeric)","Planned Partitions": 0,"HashAgg Batches": 1,"Peak Memory Usage": 638993,"Disk Usage": 0,"Rows Removed by Filter": 1499991,"Workers": [{"Worker Number": 0,"HashAgg Batches": 1,"Peak Memory Usage": 638993,"Disk Usage": 0},{"Worker Number": 1,"HashAgg Batches": 1,"Peak Memory Usage": 638993,"Disk Usage": 0},{"Worker Number": 2,"HashAgg Batches": 1,"Peak Memory Usage": 638993,"Disk Usage": 0}],"Plans": [{"Node Type": "Seq Scan","Parent Relationship": "Outer","Parallel Aware": false,"Async Capable": false,"Relation Name": "lineitem","Alias": "lineitem_1","Startup Cost": 0.00,"Total Cost": 172515.15,"Plan Rows": 6001215,"Plan Width": 9,"Actual Startup Time": 0.020,"Actual Total Time": 994.479,"Actual Rows": 6001215,"Actual Loops": 4,"Workers": []}]}]}]},{"Node Type": "Index Scan","Parent Relationship": "Inner","Parallel Aware": false,"Async Capable": false,"Scan Direction": "Forward","Index Name": "idx_lineitem_orderkey","Relation Name": "lineitem","Alias": "lineitem","Startup Cost": 0.43,"Total Cost": 1.06,"Plan Rows": 17,"Plan Width": 9,"Actual Startup Time": 0.068,"Actual Total Time": 0.075,"Actual Rows": 7,"Actual Loops": 9,"Index Cond": "(l_orderkey = orders.o_orderkey)","Rows Removed by Index Recheck": 0,"Workers": []}]},{"Node Type": "Hash","Parent Relationship": "Inner","Parallel Aware": true,"Async Capable": false,"Startup Cost": 4210.00,"Total Cost": 4210.00,"Plan Rows": 62500,"Plan Width": 23,"Actual Startup Time": 33.578,"Actual Total Time": 33.582,"Actual Rows": 37500,"Actual Loops": 4,"Hash Buckets": 262144,"Original Hash Buckets": 262144,"Hash Batches": 1,"Original Hash Batches": 1,"Peak Memory Usage": 10336,"Workers": [],"Plans": [{"Node Type": "Seq Scan","Parent Relationship": "Outer","Parallel Aware": true,"Async Capable": false,"Relation Name": "customer","Alias": "customer","Startup Cost": 0.00,"Total Cost": 4210.00,"Plan Rows": 62500,"Plan Width": 23,"Actual Startup Time": 0.023,"Actual Total Time": 16.777,"Actual Rows": 37500,"Actual Loops": 4,"Workers": []}]}]}]}]}]},"Planning Time": 6.662,"Triggers": [],"Execution Time": 10430.266}]
[{"Plan": {"Node Type": "Sort","Parallel Aware": false,"Async Capable": false,"Startup Cost": 397889.21,"Total Cost": 399077.01,"Plan Rows": 475120,"Plan Width": 71,"Actual Startup Time": 10950.105,"Actual Total Time": 10953.954,"Actual Rows": 9,"Actual Loops": 1,"Sort Key": ["orders.o_totalprice DESC", "orders.o_orderdate"],"Sort Method": "quicksort","Sort Space Used": 25,"Sort Space Type": "Memory","Plans": [{"Node Type": "Aggregate","Strategy": "Hashed","Partial Mode": "Simple","Parent Relationship": "Outer","Parallel Aware": false,"Async Capable": false,"Startup Cost": 347151.30,"Total Cost": 353090.30,"Plan Rows": 475120,"Plan Width": 71,"Actual Startup Time": 10902.471,"Actual Total Time": 10953.715,"Actual Rows": 9,"Actual Loops": 1,"Group Key": ["customer.c_custkey", "orders.o_orderkey"],"Planned Partitions": 0,"HashAgg Batches": 1,"Peak Memory Usage": 24601,"Disk Usage": 0,"Plans": [{"Node Type": "Gather","Parent Relationship": "Outer","Parallel Aware": false,"Async Capable": false,"Startup Cost": 216528.94,"Total Cost": 343587.90,"Plan Rows": 475120,"Plan Width": 44,"Actual Startup Time": 10893.800,"Actual Total Time": 10897.693,"Actual Rows": 63,"Actual Loops": 1,"Workers Planned": 3,"Workers Launched": 3,"Single Copy": false,"Plans": [{"Node Type": "Hash Join","Parent Relationship": "Outer","Parallel Aware": true,"Async Capable": false,"Join Type": "Inner","Startup Cost": 215528.94,"Total Cost": 295075.90,"Plan Rows": 153265,"Plan Width": 44,"Actual Startup Time": 10134.253,"Actual Total Time": 10314.794,"Actual Rows": 16,"Actual Loops": 4,"Inner Unique": true,"Hash Cond": "(orders.o_custkey = customer.c_custkey)","Workers": [],"Plans": [{"Node Type": "Nested Loop","Parent Relationship": "Outer","Parallel Aware": false,"Async Capable": false,"Join Type": "Inner","Startup Cost": 210537.69,"Total Cost": 289682.32,"Plan Rows": 153265,"Plan Width": 25,"Actual Startup Time": 10099.687,"Actual Total Time": 10280.153,"Actual Rows": 16,"Actual Loops": 4,"Inner Unique": false,"Workers": [],"Plans": [{"Node Type": "Hash Join","Parent Relationship": "Outer","Parallel Aware": false,"Async Capable": false,"Join Type": "Inner","Startup Cost": 210537.26,"Total Cost": 242741.13,"Plan Rows": 38308,"Plan Width": 24,"Actual Startup Time": 10099.575,"Actual Total Time": 10279.892,"Actual Rows": 2,"Actual Loops": 4,"Inner Unique": true,"Hash Cond": "(orders.o_orderkey = lineitem_1.l_orderkey)","Workers": [],"Plans": [{"Node Type": "Seq Scan","Parent Relationship": "Outer","Parallel Aware": true,"Async Capable": false,"Relation Name": "orders","Alias": "orders","Startup Cost": 0.00,"Total Cost": 30933.71,"Plan Rows": 483871,"Plan Width": 20,"Actual Startup Time": 0.011,"Actual Total Time": 51.627,"Actual Rows": 375000,"Actual Loops": 4,"Workers": []},{"Node Type": "Hash","Parent Relationship": "Inner","Parallel Aware": false,"Async Capable": false,"Startup Cost": 209052.81,"Total Cost": 209052.81,"Plan Rows": 118756,"Plan Width": 4,"Actual Startup Time": 10016.825,"Actual Total Time": 10016.839,"Actual Rows": 9,"Actual Loops": 4,"Hash Buckets": 131072,"Original Hash Buckets": 131072,"Hash Batches": 1,"Original Hash Batches": 1,"Peak Memory Usage": 1025,"Workers": [],"Plans": [{"Node Type": "Aggregate","Strategy": "Hashed","Partial Mode": "Simple","Parent Relationship": "Outer","Parallel Aware": false,"Async Capable": false,"Startup Cost": 202521.23,"Total Cost": 207865.25,"Plan Rows": 118756,"Plan Width": 4,"Actual Startup Time": 6319.140,"Actual Total Time": 10016.671,"Actual Rows": 9,"Actual Loops": 4,"Group Key": ["lineitem_1.l_orderkey"],"Filter": "(sum(lineitem_1.l_quantity) > '315'::numeric)","Planned Partitions": 0,"HashAgg Batches": 1,"Peak Memory Usage": 638993,"Disk Usage": 0,"Rows Removed by Filter": 1499991,"Workers": [{"Worker Number": 0,"HashAgg Batches": 1,"Peak Memory Usage": 638993,"Disk Usage": 0},{"Worker Number": 1,"HashAgg Batches": 1,"Peak Memory Usage": 638993,"Disk Usage": 0},{"Worker Number": 2,"HashAgg Batches": 1,"Peak Memory Usage": 638993,"Disk Usage": 0}],"Plans": [{"Node Type": "Seq Scan","Parent Relationship": "Outer","Parallel Aware": false,"Async Capable": false,"Relation Name": "lineitem","Alias": "lineitem_1","Startup Cost": 0.00,"Total Cost": 172515.15,"Plan Rows": 6001215,"Plan Width": 9,"Actual Startup Time": 0.018,"Actual Total Time": 971.843,"Actual Rows": 6001215,"Actual Loops": 4,"Workers": []}]}]}]},{"Node Type": "Index Scan","Parent Relationship": "Inner","Parallel Aware": false,"Async Capable": false,"Scan Direction": "Forward","Index Name": "idx_lineitem_orderkey","Relation Name": "lineitem","Alias": "lineitem","Startup Cost": 0.43,"Total Cost": 1.06,"Plan Rows": 17,"Plan Width": 9,"Actual Startup Time": 0.069,"Actual Total Time": 0.079,"Actual Rows": 7,"Actual Loops": 9,"Index Cond": "(l_orderkey = orders.o_orderkey)","Rows Removed by Index Recheck": 0,"Workers": []}]},{"Node Type": "Hash","Parent Relationship": "Inner","Parallel Aware": true,"Async Capable": false,"Startup Cost": 4210.00,"Total Cost": 4210.00,"Plan Rows": 62500,"Plan Width": 23,"Actual Startup Time": 33.677,"Actual Total Time": 33.684,"Actual Rows": 37500,"Actual Loops": 4,"Hash Buckets": 262144,"Original Hash Buckets": 262144,"Hash Batches": 1,"Original Hash Batches": 1,"Peak Memory Usage": 10368,"Workers": [],"Plans": [{"Node Type": "Seq Scan","Parent Relationship": "Outer","Parallel Aware": true,"Async Capable": false,"Relation Name": "customer","Alias": "customer","Startup Cost": 0.00,"Total Cost": 4210.00,"Plan Rows": 62500,"Plan Width": 23,"Actual Startup Time": 0.019,"Actual Total Time": 16.715,"Actual Rows": 37500,"Actual Loops": 4,"Workers": []}]}]}]}]}]},"Planning Time": 6.132,"Triggers": [],"Execution Time": 11002.531}]
[{"Plan": {"Node Type": "Sort","Parallel Aware": false,"Async Capable": false,"Startup Cost": 397889.21,"Total Cost": 399077.01,"Plan Rows": 475120,"Plan Width": 71,"Actual Startup Time": 10887.509,"Actual Total Time": 10908.132,"Actual Rows": 10,"Actual Loops": 1,"Sort Key": ["orders.o_totalprice DESC", "orders.o_orderdate"],"Sort Method": "quicksort","Sort Space Used": 25,"Sort Space Type": "Memory","Plans": [{"Node Type": "Aggregate","Strategy": "Hashed","Partial Mode": "Simple","Parent Relationship": "Outer","Parallel Aware": false,"Async Capable": false,"Startup Cost": 347151.30,"Total Cost": 353090.30,"Plan Rows": 475120,"Plan Width": 71,"Actual Startup Time": 10848.812,"Actual Total Time": 10907.941,"Actual Rows": 10,"Actual Loops": 1,"Group Key": ["customer.c_custkey", "orders.o_orderkey"],"Planned Partitions": 0,"HashAgg Batches": 1,"Peak Memory Usage": 24601,"Disk Usage": 0,"Plans": [{"Node Type": "Gather","Parent Relationship": "Outer","Parallel Aware": false,"Async Capable": false,"Startup Cost": 216528.94,"Total Cost": 343587.90,"Plan Rows": 475120,"Plan Width": 44,"Actual Startup Time": 10782.037,"Actual Total Time": 10858.151,"Actual Rows": 70,"Actual Loops": 1,"Workers Planned": 3,"Workers Launched": 3,"Single Copy": false,"Plans": [{"Node Type": "Hash Join","Parent Relationship": "Outer","Parallel Aware": true,"Async Capable": false,"Join Type": "Inner","Startup Cost": 215528.94,"Total Cost": 295075.90,"Plan Rows": 153265,"Plan Width": 44,"Actual Startup Time": 10180.765,"Actual Total Time": 10348.312,"Actual Rows": 18,"Actual Loops": 4,"Inner Unique": true,"Hash Cond": "(orders.o_custkey = customer.c_custkey)","Workers": [],"Plans": [{"Node Type": "Nested Loop","Parent Relationship": "Outer","Parallel Aware": false,"Async Capable": false,"Join Type": "Inner","Startup Cost": 210537.69,"Total Cost": 289682.32,"Plan Rows": 153265,"Plan Width": 25,"Actual Startup Time": 10142.809,"Actual Total Time": 10310.270,"Actual Rows": 18,"Actual Loops": 4,"Inner Unique": false,"Workers": [],"Plans": [{"Node Type": "Hash Join","Parent Relationship": "Outer","Parallel Aware": false,"Async Capable": false,"Join Type": "Inner","Startup Cost": 210537.26,"Total Cost": 242741.13,"Plan Rows": 38308,"Plan Width": 24,"Actual Startup Time": 10142.670,"Actual Total Time": 10309.991,"Actual Rows": 2,"Actual Loops": 4,"Inner Unique": true,"Hash Cond": "(orders.o_orderkey = lineitem_1.l_orderkey)","Workers": [],"Plans": [{"Node Type": "Seq Scan","Parent Relationship": "Outer","Parallel Aware": true,"Async Capable": false,"Relation Name": "orders","Alias": "orders","Startup Cost": 0.00,"Total Cost": 30933.71,"Plan Rows": 483871,"Plan Width": 20,"Actual Startup Time": 0.009,"Actual Total Time": 49.040,"Actual Rows": 375000,"Actual Loops": 4,"Workers": []},{"Node Type": "Hash","Parent Relationship": "Inner","Parallel Aware": false,"Async Capable": false,"Startup Cost": 209052.81,"Total Cost": 209052.81,"Plan Rows": 118756,"Plan Width": 4,"Actual Startup Time": 10075.163,"Actual Total Time": 10075.176,"Actual Rows": 10,"Actual Loops": 4,"Hash Buckets": 131072,"Original Hash Buckets": 131072,"Hash Batches": 1,"Original Hash Batches": 1,"Peak Memory Usage": 1025,"Workers": [],"Plans": [{"Node Type": "Aggregate","Strategy": "Hashed","Partial Mode": "Simple","Parent Relationship": "Outer","Parallel Aware": false,"Async Capable": false,"Startup Cost": 202521.23,"Total Cost": 207865.25,"Plan Rows": 118756,"Plan Width": 4,"Actual Startup Time": 6293.151,"Actual Total Time": 10074.968,"Actual Rows": 10,"Actual Loops": 4,"Group Key": ["lineitem_1.l_orderkey"],"Filter": "(sum(lineitem_1.l_quantity) > '312'::numeric)","Planned Partitions": 0,"HashAgg Batches": 1,"Peak Memory Usage": 638993,"Disk Usage": 0,"Rows Removed by Filter": 1499990,"Workers": [{"Worker Number": 0,"HashAgg Batches": 1,"Peak Memory Usage": 638993,"Disk Usage": 0},{"Worker Number": 1,"HashAgg Batches": 1,"Peak Memory Usage": 638993,"Disk Usage": 0},{"Worker Number": 2,"HashAgg Batches": 1,"Peak Memory Usage": 638993,"Disk Usage": 0}],"Plans": [{"Node Type": "Seq Scan","Parent Relationship": "Outer","Parallel Aware": false,"Async Capable": false,"Relation Name": "lineitem","Alias": "lineitem_1","Startup Cost": 0.00,"Total Cost": 172515.15,"Plan Rows": 6001215,"Plan Width": 9,"Actual Startup Time": 0.021,"Actual Total Time": 960.546,"Actual Rows": 6001215,"Actual Loops": 4,"Workers": []}]}]}]},{"Node Type": "Index Scan","Parent Relationship": "Inner","Parallel Aware": false,"Async Capable": false,"Scan Direction": "Forward","Index Name": "idx_lineitem_orderkey","Relation Name": "lineitem","Alias": "lineitem","Startup Cost": 0.43,"Total Cost": 1.06,"Plan Rows": 17,"Plan Width": 9,"Actual Startup Time": 0.072,"Actual Total Time": 0.079,"Actual Rows": 7,"Actual Loops": 10,"Index Cond": "(l_orderkey = orders.o_orderkey)","Rows Removed by Index Recheck": 0,"Workers": []}]},{"Node Type": "Hash","Parent Relationship": "Inner","Parallel Aware": true,"Async Capable": false,"Startup Cost": 4210.00,"Total Cost": 4210.00,"Plan Rows": 62500,"Plan Width": 23,"Actual Startup Time": 37.105,"Actual Total Time": 37.114,"Actual Rows": 37500,"Actual Loops": 4,"Hash Buckets": 262144,"Original Hash Buckets": 262144,"Hash Batches": 1,"Original Hash Batches": 1,"Peak Memory Usage": 10368,"Workers": [],"Plans": [{"Node Type": "Seq Scan","Parent Relationship": "Outer","Parallel Aware": true,"Async Capable": false,"Relation Name": "customer","Alias": "customer","Startup Cost": 0.00,"Total Cost": 4210.00,"Plan Rows": 62500,"Plan Width": 23,"Actual Startup Time": 0.025,"Actual Total Time": 19.726,"Actual Rows": 37500,"Actual Loops": 4,"Workers": []}]}]}]}]}]},"Planning Time": 6.715,"Triggers": [],"Execution Time": 10961.817}]
[{"Plan": {"Node Type": "Sort","Parallel Aware": false,"Async Capable": false,"Startup Cost": 397889.21,"Total Cost": 399077.01,"Plan Rows": 475120,"Plan Width": 71,"Actual Startup Time": 10345.847,"Actual Total Time": 10377.998,"Actual Rows": 9,"Actual Loops": 1,"Sort Key": ["orders.o_totalprice DESC", "orders.o_orderdate"],"Sort Method": "quicksort","Sort Space Used": 25,"Sort Space Type": "Memory","Plans": [{"Node Type": "Aggregate","Strategy": "Hashed","Partial Mode": "Simple","Parent Relationship": "Outer","Parallel Aware": false,"Async Capable": false,"Startup Cost": 347151.30,"Total Cost": 353090.30,"Plan Rows": 475120,"Plan Width": 71,"Actual Startup Time": 10329.232,"Actual Total Time": 10377.856,"Actual Rows": 9,"Actual Loops": 1,"Group Key": ["customer.c_custkey", "orders.o_orderkey"],"Planned Partitions": 0,"HashAgg Batches": 1,"Peak Memory Usage": 24601,"Disk Usage": 0,"Plans": [{"Node Type": "Gather","Parent Relationship": "Outer","Parallel Aware": false,"Async Capable": false,"Startup Cost": 216528.94,"Total Cost": 343587.90,"Plan Rows": 475120,"Plan Width": 44,"Actual Startup Time": 10053.961,"Actual Total Time": 10357.615,"Actual Rows": 63,"Actual Loops": 1,"Workers Planned": 3,"Workers Launched": 3,"Single Copy": false,"Plans": [{"Node Type": "Hash Join","Parent Relationship": "Outer","Parallel Aware": true,"Async Capable": false,"Join Type": "Inner","Startup Cost": 215528.94,"Total Cost": 295075.90,"Plan Rows": 153265,"Plan Width": 44,"Actual Startup Time": 10157.696,"Actual Total Time": 10258.651,"Actual Rows": 16,"Actual Loops": 4,"Inner Unique": true,"Hash Cond": "(orders.o_custkey = customer.c_custkey)","Workers": [],"Plans": [{"Node Type": "Nested Loop","Parent Relationship": "Outer","Parallel Aware": false,"Async Capable": false,"Join Type": "Inner","Startup Cost": 210537.69,"Total Cost": 289682.32,"Plan Rows": 153265,"Plan Width": 25,"Actual Startup Time": 10123.332,"Actual Total Time": 10224.239,"Actual Rows": 16,"Actual Loops": 4,"Inner Unique": false,"Workers": [],"Plans": [{"Node Type": "Hash Join","Parent Relationship": "Outer","Parallel Aware": false,"Async Capable": false,"Join Type": "Inner","Startup Cost": 210537.26,"Total Cost": 242741.13,"Plan Rows": 38308,"Plan Width": 24,"Actual Startup Time": 10123.186,"Actual Total Time": 10223.998,"Actual Rows": 2,"Actual Loops": 4,"Inner Unique": true,"Hash Cond": "(orders.o_orderkey = lineitem_1.l_orderkey)","Workers": [],"Plans": [{"Node Type": "Seq Scan","Parent Relationship": "Outer","Parallel Aware": true,"Async Capable": false,"Relation Name": "orders","Alias": "orders","Startup Cost": 0.00,"Total Cost": 30933.71,"Plan Rows": 483871,"Plan Width": 20,"Actual Startup Time": 0.011,"Actual Total Time": 49.852,"Actual Rows": 375000,"Actual Loops": 4,"Workers": []},{"Node Type": "Hash","Parent Relationship": "Inner","Parallel Aware": false,"Async Capable": false,"Startup Cost": 209052.81,"Total Cost": 209052.81,"Plan Rows": 118756,"Plan Width": 4,"Actual Startup Time": 10005.666,"Actual Total Time": 10005.673,"Actual Rows": 9,"Actual Loops": 4,"Hash Buckets": 131072,"Original Hash Buckets": 131072,"Hash Batches": 1,"Original Hash Batches": 1,"Peak Memory Usage": 1025,"Workers": [],"Plans": [{"Node Type": "Aggregate","Strategy": "Hashed","Partial Mode": "Simple","Parent Relationship": "Outer","Parallel Aware": false,"Async Capable": false,"Startup Cost": 202521.23,"Total Cost": 207865.25,"Plan Rows": 118756,"Plan Width": 4,"Actual Startup Time": 6310.010,"Actual Total Time": 10005.543,"Actual Rows": 9,"Actual Loops": 4,"Group Key": ["lineitem_1.l_orderkey"],"Filter": "(sum(lineitem_1.l_quantity) > '313'::numeric)","Planned Partitions": 0,"HashAgg Batches": 1,"Peak Memory Usage": 638993,"Disk Usage": 0,"Rows Removed by Filter": 1499991,"Workers": [{"Worker Number": 0,"HashAgg Batches": 1,"Peak Memory Usage": 638993,"Disk Usage": 0},{"Worker Number": 1,"HashAgg Batches": 1,"Peak Memory Usage": 638993,"Disk Usage": 0},{"Worker Number": 2,"HashAgg Batches": 1,"Peak Memory Usage": 638993,"Disk Usage": 0}],"Plans": [{"Node Type": "Seq Scan","Parent Relationship": "Outer","Parallel Aware": false,"Async Capable": false,"Relation Name": "lineitem","Alias": "lineitem_1","Startup Cost": 0.00,"Total Cost": 172515.15,"Plan Rows": 6001215,"Plan Width": 9,"Actual Startup Time": 0.020,"Actual Total Time": 994.479,"Actual Rows": 6001215,"Actual Loops": 4,"Workers": []}]}]}]},{"Node Type": "Index Scan","Parent Relationship": "Inner","Parallel Aware": false,"Async Capable": false,"Scan Direction": "Forward","Index Name": "idx_lineitem_orderkey","Relation Name": "lineitem","Alias": "lineitem","Startup Cost": 0.43,"Total Cost": 1.06,"Plan Rows": 17,"Plan Width": 9,"Actual Startup Time": 0.068,"Actual Total Time": 0.075,"Actual Rows": 7,"Actual Loops": 9,"Index Cond": "(l_orderkey = orders.o_orderkey)","Rows Removed by Index Recheck": 0,"Workers": []}]},{"Node Type": "Hash","Parent Relationship": "Inner","Parallel Aware": true,"Async Capable": false,"Startup Cost": 4210.00,"Total Cost": 4210.00,"Plan Rows": 62500,"Plan Width": 23,"Actual Startup Time": 33.578,"Actual Total Time": 33.582,"Actual Rows": 37500,"Actual Loops": 4,"Hash Buckets": 262144,"Original Hash Buckets": 262144,"Hash Batches": 1,"Original Hash Batches": 1,"Peak Memory Usage": 10336,"Workers": [],"Plans": [{"Node Type": "Seq Scan","Parent Relationship": "Outer","Parallel Aware": true,"Async Capable": false,"Relation Name": "customer","Alias": "customer","Startup Cost": 0.00,"Total Cost": 4210.00,"Plan Rows": 62500,"Plan Width": 23,"Actual Startup Time": 0.023,"Actual Total Time": 16.777,"Actual Rows": 37500,"Actual Loops": 4,"Workers": []}]}]}]}]}]},"Planning Time": 6.662,"Triggers": [],"Execution Time": 10430.266}]
[{"Plan": {"Node Type": "Sort","Parallel Aware": false,"Async Capable": false,"Startup Cost": 397889.21,"Total Cost": 399077.01,"Plan Rows": 475120,"Plan Width": 71,"Actual Startup Time": 10950.105,"Actual Total Time": 10953.954,"Actual Rows": 9,"Actual Loops": 1,"Sort Key": ["orders.o_totalprice DESC", "orders.o_orderdate"],"Sort Method": "quicksort","Sort Space Used": 25,"Sort Space Type": "Memory","Plans": [{"Node Type": "Aggregate","Strategy": "Hashed","Partial Mode": "Simple","Parent Relationship": "Outer","Parallel Aware": false,"Async Capable": false,"Startup Cost": 347151.30,"Total Cost": 353090.30,"Plan Rows": 475120,"Plan Width": 71,"Actual Startup Time": 10902.471,"Actual Total Time": 10953.715,"Actual Rows": 9,"Actual Loops": 1,"Group Key": ["customer.c_custkey", "orders.o_orderkey"],"Planned Partitions": 0,"HashAgg Batches": 1,"Peak Memory Usage": 24601,"Disk Usage": 0,"Plans": [{"Node Type": "Gather","Parent Relationship": "Outer","Parallel Aware": false,"Async Capable": false,"Startup Cost": 216528.94,"Total Cost": 343587.90,"Plan Rows": 475120,"Plan Width": 44,"Actual Startup Time": 10893.800,"Actual Total Time": 10897.693,"Actual Rows": 63,"Actual Loops": 1,"Workers Planned": 3,"Workers Launched": 3,"Single Copy": false,"Plans": [{"Node Type": "Hash Join","Parent Relationship": "Outer","Parallel Aware": true,"Async Capable": false,"Join Type": "Inner","Startup Cost": 215528.94,"Total Cost": 295075.90,"Plan Rows": 153265,"Plan Width": 44,"Actual Startup Time": 10134.253,"Actual Total Time": 10314.794,"Actual Rows": 16,"Actual Loops": 4,"Inner Unique": true,"Hash Cond": "(orders.o_custkey = customer.c_custkey)","Workers": [],"Plans": [{"Node Type": "Nested Loop","Parent Relationship": "Outer","Parallel Aware": false,"Async Capable": false,"Join Type": "Inner","Startup Cost": 210537.69,"Total Cost": 289682.32,"Plan Rows": 153265,"Plan Width": 25,"Actual Startup Time": 10099.687,"Actual Total Time": 10280.153,"Actual Rows": 16,"Actual Loops": 4,"Inner Unique": false,"Workers": [],"Plans": [{"Node Type": "Hash Join","Parent Relationship": "Outer","Parallel Aware": false,"Async Capable": false,"Join Type": "Inner","Startup Cost": 210537.26,"Total Cost": 242741.13,"Plan Rows": 38308,"Plan Width": 24,"Actual Startup Time": 10099.575,"Actual Total Time": 10279.892,"Actual Rows": 2,"Actual Loops": 4,"Inner Unique": true,"Hash Cond": "(orders.o_orderkey = lineitem_1.l_orderkey)","Workers": [],"Plans": [{"Node Type": "Seq Scan","Parent Relationship": "Outer","Parallel Aware": true,"Async Capable": false,"Relation Name": "orders","Alias": "orders","Startup Cost": 0.00,"Total Cost": 30933.71,"Plan Rows": 483871,"Plan Width": 20,"Actual Startup Time": 0.011,"Actual Total Time": 51.627,"Actual Rows": 375000,"Actual Loops": 4,"Workers": []},{"Node Type": "Hash","Parent Relationship": "Inner","Parallel Aware": false,"Async Capable": false,"Startup Cost": 209052.81,"Total Cost": 209052.81,"Plan Rows": 118756,"Plan Width": 4,"Actual Startup Time": 10016.825,"Actual Total Time": 10016.839,"Actual Rows": 9,"Actual Loops": 4,"Hash Buckets": 131072,"Original Hash Buckets": 131072,"Hash Batches": 1,"Original Hash Batches": 1,"Peak Memory Usage": 1025,"Workers": [],"Plans": [{"Node Type": "Aggregate","Strategy": "Hashed","Partial Mode": "Simple","Parent Relationship": "Outer","Parallel Aware": false,"Async Capable": false,"Startup Cost": 202521.23,"Total Cost": 207865.25,"Plan Rows": 118756,"Plan Width": 4,"Actual Startup Time": 6319.140,"Actual Total Time": 10016.671,"Actual Rows": 9,"Actual Loops": 4,"Group Key": ["lineitem_1.l_orderkey"],"Filter": "(sum(lineitem_1.l_quantity) > '315'::numeric)","Planned Partitions": 0,"HashAgg Batches": 1,"Peak Memory Usage": 638993,"Disk Usage": 0,"Rows Removed by Filter": 1499991,"Workers": [{"Worker Number": 0,"HashAgg Batches": 1,"Peak Memory Usage": 638993,"Disk Usage": 0},{"Worker Number": 1,"HashAgg Batches": 1,"Peak Memory Usage": 638993,"Disk Usage": 0},{"Worker Number": 2,"HashAgg Batches": 1,"Peak Memory Usage": 638993,"Disk Usage": 0}],"Plans": [{"Node Type": "Seq Scan","Parent Relationship": "Outer","Parallel Aware": false,"Async Capable": false,"Relation Name": "lineitem","Alias": "lineitem_1","Startup Cost": 0.00,"Total Cost": 172515.15,"Plan Rows": 6001215,"Plan Width": 9,"Actual Startup Time": 0.018,"Actual Total Time": 971.843,"Actual Rows": 6001215,"Actual Loops": 4,"Workers": []}]}]}]},{"Node Type": "Index Scan","Parent Relationship": "Inner","Parallel Aware": false,"Async Capable": false,"Scan Direction": "Forward","Index Name": "idx_lineitem_orderkey","Relation Name": "lineitem","Alias": "lineitem","Startup Cost": 0.43,"Total Cost": 1.06,"Plan Rows": 17,"Plan Width": 9,"Actual Startup Time": 0.069,"Actual Total Time": 0.079,"Actual Rows": 7,"Actual Loops": 9,"Index Cond": "(l_orderkey = orders.o_orderkey)","Rows Removed by Index Recheck": 0,"Workers": []}]},{"Node Type": "Hash","Parent Relationship": "Inner","Parallel Aware": true,"Async Capable": false,"Startup Cost": 4210.00,"Total Cost": 4210.00,"Plan Rows": 62500,"Plan Width": 23,"Actual Startup Time": 33.677,"Actual Total Time": 33.684,"Actual Rows": 37500,"Actual Loops": 4,"Hash Buckets": 262144,"Original Hash Buckets": 262144,"Hash Batches": 1,"Original Hash Batches": 1,"Peak Memory Usage": 10368,"Workers": [],"Plans": [{"Node Type": "Seq Scan","Parent Relationship": "Outer","Parallel Aware": true,"Async Capable": false,"Relation Name": "customer","Alias": "customer","Startup Cost": 0.00,"Total Cost": 4210.00,"Plan Rows": 62500,"Plan Width": 23,"Actual Startup Time": 0.019,"Actual Total Time": 16.715,"Actual Rows": 37500,"Actual Loops": 4,"Workers": []}]}]}]}]}]},"Planning Time": 6.132,"Triggers": [],"Execution Time": 11002.531}]
[{"Plan": {"Node Type": "Sort","Parallel Aware": false,"Async Capable": false,"Startup Cost": 397889.21,"Total Cost": 399077.01,"Plan Rows": 475120,"Plan Width": 71,"Actual Startup Time": 10887.509,"Actual Total Time": 10908.132,"Actual Rows": 10,"Actual Loops": 1,"Sort Key": ["orders.o_totalprice DESC", "orders.o_orderdate"],"Sort Method": "quicksort","Sort Space Used": 25,"Sort Space Type": "Memory","Plans": [{"Node Type": "Aggregate","Strategy": "Hashed","Partial Mode": "Simple","Parent Relationship": "Outer","Parallel Aware": false,"Async Capable": false,"Startup Cost": 347151.30,"Total Cost": 353090.30,"Plan Rows": 475120,"Plan Width": 71,"Actual Startup Time": 10848.812,"Actual Total Time": 10907.941,"Actual Rows": 10,"Actual Loops": 1,"Group Key": ["customer.c_custkey", "orders.o_orderkey"],"Planned Partitions": 0,"HashAgg Batches": 1,"Peak Memory Usage": 24601,"Disk Usage": 0,"Plans": [{"Node Type": "Gather","Parent Relationship": "Outer","Parallel Aware": false,"Async Capable": false,"Startup Cost": 216528.94,"Total Cost": 343587.90,"Plan Rows": 475120,"Plan Width": 44,"Actual Startup Time": 10782.037,"Actual Total Time": 10858.151,"Actual Rows": 70,"Actual Loops": 1,"Workers Planned": 3,"Workers Launched": 3,"Single Copy": false,"Plans": [{"Node Type": "Hash Join","Parent Relationship": "Outer","Parallel Aware": true,"Async Capable": false,"Join Type": "Inner","Startup Cost": 215528.94,"Total Cost": 295075.90,"Plan Rows": 153265,"Plan Width": 44,"Actual Startup Time": 10180.765,"Actual Total Time": 10348.312,"Actual Rows": 18,"Actual Loops": 4,"Inner Unique": true,"Hash Cond": "(orders.o_custkey = customer.c_custkey)","Workers": [],"Plans": [{"Node Type": "Nested Loop","Parent Relationship": "Outer","Parallel Aware": false,"Async Capable": false,"Join Type": "Inner","Startup Cost": 210537.69,"Total Cost": 289682.32,"Plan Rows": 153265,"Plan Width": 25,"Actual Startup Time": 10142.809,"Actual Total Time": 10310.270,"Actual Rows": 18,"Actual Loops": 4,"Inner Unique": false,"Workers": [],"Plans": [{"Node Type": "Hash Join","Parent Relationship": "Outer","Parallel Aware": false,"Async Capable": false,"Join Type": "Inner","Startup Cost": 210537.26,"Total Cost": 242741.13,"Plan Rows": 38308,"Plan Width": 24,"Actual Startup Time": 10142.670,"Actual Total Time": 10309.991,"Actual Rows": 2,"Actual Loops": 4,"Inner Unique": true,"Hash Cond": "(orders.o_orderkey = lineitem_1.l_orderkey)","Workers": [],"Plans": [{"Node Type": "Seq Scan","Parent Relationship": "Outer","Parallel Aware": true,"Async Capable": false,"Relation Name": "orders","Alias": "orders","Startup Cost": 0.00,"Total Cost": 30933.71,"Plan Rows": 483871,"Plan Width": 20,"Actual Startup Time": 0.009,"Actual Total Time": 49.040,"Actual Rows": 375000,"Actual Loops": 4,"Workers": []},{"Node Type": "Hash","Parent Relationship": "Inner","Parallel Aware": false,"Async Capable": false,"Startup Cost": 209052.81,"Total Cost": 209052.81,"Plan Rows": 118756,"Plan Width": 4,"Actual Startup Time": 10075.163,"Actual Total Time": 10075.176,"Actual Rows": 10,"Actual Loops": 4,"Hash Buckets": 131072,"Original Hash Buckets": 131072,"Hash Batches": 1,"Original Hash Batches": 1,"Peak Memory Usage": 1025,"Workers": [],"Plans": [{"Node Type": "Aggregate","Strategy": "Hashed","Partial Mode": "Simple","Parent Relationship": "Outer","Parallel Aware": false,"Async Capable": false,"Startup Cost": 202521.23,"Total Cost": 207865.25,"Plan Rows": 118756,"Plan Width": 4,"Actual Startup Time": 6293.151,"Actual Total Time": 10074.968,"Actual Rows": 10,"Actual Loops": 4,"Group Key": ["lineitem_1.l_orderkey"],"Filter": "(sum(lineitem_1.l_quantity) > '312'::numeric)","Planned Partitions": 0,"HashAgg Batches": 1,"Peak Memory Usage": 638993,"Disk Usage": 0,"Rows Removed by Filter": 1499990,"Workers": [{"Worker Number": 0,"HashAgg Batches": 1,"Peak Memory Usage": 638993,"Disk Usage": 0},{"Worker Number": 1,"HashAgg Batches": 1,"Peak Memory Usage": 638993,"Disk Usage": 0},{"Worker Number": 2,"HashAgg Batches": 1,"Peak Memory Usage": 638993,"Disk Usage": 0}],"Plans": [{"Node Type": "Seq Scan","Parent Relationship": "Outer","Parallel Aware": false,"Async Capable": false,"Relation Name": "lineitem","Alias": "lineitem_1","Startup Cost": 0.00,"Total Cost": 172515.15,"Plan Rows": 6001215,"Plan Width": 9,"Actual Startup Time": 0.021,"Actual Total Time": 960.546,"Actual Rows": 6001215,"Actual Loops": 4,"Workers": []}]}]}]},{"Node Type": "Index Scan","Parent Relationship": "Inner","Parallel Aware": false,"Async Capable": false,"Scan Direction": "Forward","Index Name": "idx_lineitem_orderkey","Relation Name": "lineitem","Alias": "lineitem","Startup Cost": 0.43,"Total Cost": 1.06,"Plan Rows": 17,"Plan Width": 9,"Actual Startup Time": 0.072,"Actual Total Time": 0.079,"Actual Rows": 7,"Actual Loops": 10,"Index Cond": "(l_orderkey = orders.o_orderkey)","Rows Removed by Index Recheck": 0,"Workers": []}]},{"Node Type": "Hash","Parent Relationship": "Inner","Parallel Aware": true,"Async Capable": false,"Startup Cost": 4210.00,"Total Cost": 4210.00,"Plan Rows": 62500,"Plan Width": 23,"Actual Startup Time": 37.105,"Actual Total Time": 37.114,"Actual Rows": 37500,"Actual Loops": 4,"Hash Buckets": 262144,"Original Hash Buckets": 262144,"Hash Batches": 1,"Original Hash Batches": 1,"Peak Memory Usage": 10368,"Workers": [],"Plans": [{"Node Type": "Seq Scan","Parent Relationship": "Outer","Parallel Aware": true,"Async Capable": false,"Relation Name": "customer","Alias": "customer","Startup Cost": 0.00,"Total Cost": 4210.00,"Plan Rows": 62500,"Plan Width": 23,"Actual Startup Time": 0.025,"Actual Total Time": 19.726,"Actual Rows": 37500,"Actual Loops": 4,"Workers": []}]}]}]}]}]},"Planning Time": 6.715,"Triggers": [],"Execution Time": 10961.817}]
[{"Plan": {"Node Type": "Sort","Parallel Aware": false,"Async Capable": false,"Startup Cost": 397889.21,"Total Cost": 399077.01,"Plan Rows": 475120,"Plan Width": 71,"Actual Startup Time": 10887.509,"Actual Total Time": 10908.132,"Actual Rows": 10,"Actual Loops": 1,"Sort Key": ["orders.o_totalprice DESC", "orders.o_orderdate"],"Sort Method": "quicksort","Sort Space Used": 25,"Sort Space Type": "Memory","Plans": [{"Node Type": "Aggregate","Strategy": "Hashed","Partial Mode": "Simple","Parent Relationship": "Outer","Parallel Aware": false,"Async Capable": false,"Startup Cost": 347151.30,"Total Cost": 353090.30,"Plan Rows": 475120,"Plan Width": 71,"Actual Startup Time": 10848.812,"Actual Total Time": 10907.941,"Actual Rows": 10,"Actual Loops": 1,"Group Key": ["customer.c_custkey", "orders.o_orderkey"],"Planned Partitions": 0,"HashAgg Batches": 1,"Peak Memory Usage": 24601,"Disk Usage": 0,"Plans": [{"Node Type": "Gather","Parent Relationship": "Outer","Parallel Aware": false,"Async Capable": false,"Startup Cost": 216528.94,"Total Cost": 343587.90,"Plan Rows": 475120,"Plan Width": 44,"Actual Startup Time": 10782.037,"Actual Total Time": 10858.151,"Actual Rows": 70,"Actual Loops": 1,"Workers Planned": 3,"Workers Launched": 3,"Single Copy": false,"Plans": [{"Node Type": "Hash Join","Parent Relationship": "Outer","Parallel Aware": true,"Async Capable": false,"Join Type": "Inner","Startup Cost": 215528.94,"Total Cost": 295075.90,"Plan Rows": 153265,"Plan Width": 44,"Actual Startup Time": 10180.765,"Actual Total Time": 10348.312,"Actual Rows": 18,"Actual Loops": 4,"Inner Unique": true,"Hash Cond": "(orders.o_custkey = customer.c_custkey)","Workers": [],"Plans": [{"Node Type": "Nested Loop","Parent Relationship": "Outer","Parallel Aware": false,"Async Capable": false,"Join Type": "Inner","Startup Cost": 210537.69,"Total Cost": 289682.32,"Plan Rows": 153265,"Plan Width": 25,"Actual Startup Time": 10142.809,"Actual Total Time": 10310.270,"Actual Rows": 18,"Actual Loops": 4,"Inner Unique": false,"Workers": [],"Plans": [{"Node Type": "Hash Join","Parent Relationship": "Outer","Parallel Aware": false,"Async Capable": false,"Join Type": "Inner","Startup Cost": 210537.26,"Total Cost": 242741.13,"Plan Rows": 38308,"Plan Width": 24,"Actual Startup Time": 10142.670,"Actual Total Time": 10309.991,"Actual Rows": 2,"Actual Loops": 4,"Inner Unique": true,"Hash Cond": "(orders.o_orderkey = lineitem_1.l_orderkey)","Workers": [],"Plans": [{"Node Type": "Seq Scan","Parent Relationship": "Outer","Parallel Aware": true,"Async Capable": false,"Relation Name": "orders","Alias": "orders","Startup Cost": 0.00,"Total Cost": 30933.71,"Plan Rows": 483871,"Plan Width": 20,"Actual Startup Time": 0.009,"Actual Total Time": 49.040,"Actual Rows": 375000,"Actual Loops": 4,"Workers": []},{"Node Type": "Hash","Parent Relationship": "Inner","Parallel Aware": false,"Async Capable": false,"Startup Cost": 209052.81,"Total Cost": 209052.81,"Plan Rows": 118756,"Plan Width": 4,"Actual Startup Time": 10075.163,"Actual Total Time": 10075.176,"Actual Rows": 10,"Actual Loops": 4,"Hash Buckets": 131072,"Original Hash Buckets": 131072,"Hash Batches": 1,"Original Hash Batches": 1,"Peak Memory Usage": 1025,"Workers": [],"Plans": [{"Node Type": "Aggregate","Strategy": "Hashed","Partial Mode": "Simple","Parent Relationship": "Outer","Parallel Aware": false,"Async Capable": false,"Startup Cost": 202521.23,"Total Cost": 207865.25,"Plan Rows": 118756,"Plan Width": 4,"Actual Startup Time": 6293.151,"Actual Total Time": 10074.968,"Actual Rows": 10,"Actual Loops": 4,"Group Key": ["lineitem_1.l_orderkey"],"Filter": "(sum(lineitem_1.l_quantity) > '312'::numeric)","Planned Partitions": 0,"HashAgg Batches": 1,"Peak Memory Usage": 638993,"Disk Usage": 0,"Rows Removed by Filter": 1499990,"Workers": [{"Worker Number": 0,"HashAgg Batches": 1,"Peak Memory Usage": 638993,"Disk Usage": 0},{"Worker Number": 1,"HashAgg Batches": 1,"Peak Memory Usage": 638993,"Disk Usage": 0},{"Worker Number": 2,"HashAgg Batches": 1,"Peak Memory Usage": 638993,"Disk Usage": 0}],"Plans": [{"Node Type": "Seq Scan","Parent Relationship": "Outer","Parallel Aware": false,"Async Capable": false,"Relation Name": "lineitem","Alias": "lineitem_1","Startup Cost": 0.00,"Total Cost": 172515.15,"Plan Rows": 6001215,"Plan Width": 9,"Actual Startup Time": 0.021,"Actual Total Time": 960.546,"Actual Rows": 6001215,"Actual Loops": 4,"Workers": []}]}]}]},{"Node Type": "Index Scan","Parent Relationship": "Inner","Parallel Aware": false,"Async Capable": false,"Scan Direction": "Forward","Index Name": "idx_lineitem_orderkey","Relation Name": "lineitem","Alias": "lineitem","Startup Cost": 0.43,"Total Cost": 1.06,"Plan Rows": 17,"Plan Width": 9,"Actual Startup Time": 0.072,"Actual Total Time": 0.079,"Actual Rows": 7,"Actual Loops": 10,"Index Cond": "(l_orderkey = orders.o_orderkey)","Rows Removed by Index Recheck": 0,"Workers": []}]},{"Node Type": "Hash","Parent Relationship": "Inner","Parallel Aware": true,"Async Capable": false,"Startup Cost": 4210.00,"Total Cost": 4210.00,"Plan Rows": 62500,"Plan Width": 23,"Actual Startup Time": 37.105,"Actual Total Time": 37.114,"Actual Rows": 37500,"Actual Loops": 4,"Hash Buckets": 262144,"Original Hash Buckets": 262144,"Hash Batches": 1,"Original Hash Batches": 1,"Peak Memory Usage": 10368,"Workers": [],"Plans": [{"Node Type": "Seq Scan","Parent Relationship": "Outer","Parallel Aware": true,"Async Capable": false,"Relation Name": "customer","Alias": "customer","Startup Cost": 0.00,"Total Cost": 4210.00,"Plan Rows": 62500,"Plan Width": 23,"Actual Startup Time": 0.025,"Actual Total Time": 19.726,"Actual Rows": 37500,"Actual Loops": 4,"Workers": []}]}]}]}]}]},"Planning Time": 6.715,"Triggers": [],"Execution Time": 10961.817}]
[{"Plan": {"Node Type": "Sort","Parallel Aware": false,"Async Capable": false,"Startup Cost": 397889.21,"Total Cost": 399077.01,"Plan Rows": 475120,"Plan Width": 71,"Actual Startup Time": 10887.509,"Actual Total Time": 10908.132,"Actual Rows": 10,"Actual Loops": 1,"Sort Key": ["orders.o_totalprice DESC", "orders.o_orderdate"],"Sort Method": "quicksort","Sort Space Used": 25,"Sort Space Type": "Memory","Plans": [{"Node Type": "Aggregate","Strategy": "Hashed","Partial Mode": "Simple","Parent Relationship": "Outer","Parallel Aware": false,"Async Capable": false,"Startup Cost": 347151.30,"Total Cost": 353090.30,"Plan Rows": 475120,"Plan Width": 71,"Actual Startup Time": 10848.812,"Actual Total Time": 10907.941,"Actual Rows": 10,"Actual Loops": 1,"Group Key": ["customer.c_custkey", "orders.o_orderkey"],"Planned Partitions": 0,"HashAgg Batches": 1,"Peak Memory Usage": 24601,"Disk Usage": 0,"Plans": [{"Node Type": "Gather","Parent Relationship": "Outer","Parallel Aware": false,"Async Capable": false,"Startup Cost": 216528.94,"Total Cost": 343587.90,"Plan Rows": 475120,"Plan Width": 44,"Actual Startup Time": 10782.037,"Actual Total Time": 10858.151,"Actual Rows": 70,"Actual Loops": 1,"Workers Planned": 3,"Workers Launched": 3,"Single Copy": false,"Plans": [{"Node Type": "Hash Join","Parent Relationship": "Outer","Parallel Aware": true,"Async Capable": false,"Join Type": "Inner","Startup Cost": 215528.94,"Total Cost": 295075.90,"Plan Rows": 153265,"Plan Width": 44,"Actual Startup Time": 10180.765,"Actual Total Time": 10348.312,"Actual Rows": 18,"Actual Loops": 4,"Inner Unique": true,"Hash Cond": "(orders.o_custkey = customer.c_custkey)","Workers": [],"Plans": [{"Node Type": "Nested Loop","Parent Relationship": "Outer","Parallel Aware": false,"Async Capable": false,"Join Type": "Inner","Startup Cost": 210537.69,"Total Cost": 289682.32,"Plan Rows": 153265,"Plan Width": 25,"Actual Startup Time": 10142.809,"Actual Total Time": 10310.270,"Actual Rows": 18,"Actual Loops": 4,"Inner Unique": false,"Workers": [],"Plans": [{"Node Type": "Hash Join","Parent Relationship": "Outer","Parallel Aware": false,"Async Capable": false,"Join Type": "Inner","Startup Cost": 210537.26,"Total Cost": 242741.13,"Plan Rows": 38308,"Plan Width": 24,"Actual Startup Time": 10142.670,"Actual Total Time": 10309.991,"Actual Rows": 2,"Actual Loops": 4,"Inner Unique": true,"Hash Cond": "(orders.o_orderkey = lineitem_1.l_orderkey)","Workers": [],"Plans": [{"Node Type": "Seq Scan","Parent Relationship": "Outer","Parallel Aware": true,"Async Capable": false,"Relation Name": "orders","Alias": "orders","Startup Cost": 0.00,"Total Cost": 30933.71,"Plan Rows": 483871,"Plan Width": 20,"Actual Startup Time": 0.009,"Actual Total Time": 49.040,"Actual Rows": 375000,"Actual Loops": 4,"Workers": []},{"Node Type": "Hash","Parent Relationship": "Inner","Parallel Aware": false,"Async Capable": false,"Startup Cost": 209052.81,"Total Cost": 209052.81,"Plan Rows": 118756,"Plan Width": 4,"Actual Startup Time": 10075.163,"Actual Total Time": 10075.176,"Actual Rows": 10,"Actual Loops": 4,"Hash Buckets": 131072,"Original Hash Buckets": 131072,"Hash Batches": 1,"Original Hash Batches": 1,"Peak Memory Usage": 1025,"Workers": [],"Plans": [{"Node Type": "Aggregate","Strategy": "Hashed","Partial Mode": "Simple","Parent Relationship": "Outer","Parallel Aware": false,"Async Capable": false,"Startup Cost": 202521.23,"Total Cost": 207865.25,"Plan Rows": 118756,"Plan Width": 4,"Actual Startup Time": 6293.151,"Actual Total Time": 10074.968,"Actual Rows": 10,"Actual Loops": 4,"Group Key": ["lineitem_1.l_orderkey"],"Filter": "(sum(lineitem_1.l_quantity) > '312'::numeric)","Planned Partitions": 0,"HashAgg Batches": 1,"Peak Memory Usage": 638993,"Disk Usage": 0,"Rows Removed by Filter": 1499990,"Workers": [{"Worker Number": 0,"HashAgg Batches": 1,"Peak Memory Usage": 638993,"Disk Usage": 0},{"Worker Number": 1,"HashAgg Batches": 1,"Peak Memory Usage": 638993,"Disk Usage": 0},{"Worker Number": 2,"HashAgg Batches": 1,"Peak Memory Usage": 638993,"Disk Usage": 0}],"Plans": [{"Node Type": "Seq Scan","Parent Relationship": "Outer","Parallel Aware": false,"Async Capable": false,"Relation Name": "lineitem","Alias": "lineitem_1","Startup Cost": 0.00,"Total Cost": 172515.15,"Plan Rows": 6001215,"Plan Width": 9,"Actual Startup Time": 0.021,"Actual Total Time": 960.546,"Actual Rows": 6001215,"Actual Loops": 4,"Workers": []}]}]}]},{"Node Type": "Index Scan","Parent Relationship": "Inner","Parallel Aware": false,"Async Capable": false,"Scan Direction": "Forward","Index Name": "idx_lineitem_orderkey","Relation Name": "lineitem","Alias": "lineitem","Startup Cost": 0.43,"Total Cost": 1.06,"Plan Rows": 17,"Plan Width": 9,"Actual Startup Time": 0.072,"Actual Total Time": 0.079,"Actual Rows": 7,"Actual Loops": 10,"Index Cond": "(l_orderkey = orders.o_orderkey)","Rows Removed by Index Recheck": 0,"Workers": []}]},{"Node Type": "Hash","Parent Relationship": "Inner","Parallel Aware": true,"Async Capable": false,"Startup Cost": 4210.00,"Total Cost": 4210.00,"Plan Rows": 62500,"Plan Width": 23,"Actual Startup Time": 37.105,"Actual Total Time": 37.114,"Actual Rows": 37500,"Actual Loops": 4,"Hash Buckets": 262144,"Original Hash Buckets": 262144,"Hash Batches": 1,"Original Hash Batches": 1,"Peak Memory Usage": 10368,"Workers": [],"Plans": [{"Node Type": "Seq Scan","Parent Relationship": "Outer","Parallel Aware": true,"Async Capable": false,"Relation Name": "customer","Alias": "customer","Startup Cost": 0.00,"Total Cost": 4210.00,"Plan Rows": 62500,"Plan Width": 23,"Actual Startup Time": 0.025,"Actual Total Time": 19.726,"Actual Rows": 37500,"Actual Loops": 4,"Workers": []}]}]}]}]}]},"Planning Time": 6.715,"Triggers": [],"Execution Time": 10961.817}]
[{"Plan": {"Node Type": "Sort","Parallel Aware": false,"Async Capable": false,"Startup Cost": 397889.21,"Total Cost": 399077.01,"Plan Rows": 475120,"Plan Width": 71,"Actual Startup Time": 10785.011,"Actual Total Time": 10839.032,"Actual Rows": 9,"Actual Loops": 1,"Sort Key": ["orders.o_totalprice DESC", "orders.o_orderdate"],"Sort Method": "quicksort","Sort Space Used": 25,"Sort Space Type": "Memory","Plans": [{"Node Type": "Aggregate","Strategy": "Hashed","Partial Mode": "Simple","Parent Relationship": "Outer","Parallel Aware": false,"Async Capable": false,"Startup Cost": 347151.30,"Total Cost": 353090.30,"Plan Rows": 475120,"Plan Width": 71,"Actual Startup Time": 10763.855,"Actual Total Time": 10838.848,"Actual Rows": 9,"Actual Loops": 1,"Group Key": ["customer.c_custkey", "orders.o_orderkey"],"Planned Partitions": 0,"HashAgg Batches": 1,"Peak Memory Usage": 24601,"Disk Usage": 0,"Plans": [{"Node Type": "Gather","Parent Relationship": "Outer","Parallel Aware": false,"Async Capable": false,"Startup Cost": 216528.94,"Total Cost": 343587.90,"Plan Rows": 475120,"Plan Width": 44,"Actual Startup Time": 9674.071,"Actual Total Time": 10813.470,"Actual Rows": 63,"Actual Loops": 1,"Workers Planned": 3,"Workers Launched": 3,"Single Copy": false,"Plans": [{"Node Type": "Hash Join","Parent Relationship": "Outer","Parallel Aware": true,"Async Capable": false,"Join Type": "Inner","Startup Cost": 215528.94,"Total Cost": 295075.90,"Plan Rows": 153265,"Plan Width": 44,"Actual Startup Time": 10141.072,"Actual Total Time": 10312.965,"Actual Rows": 16,"Actual Loops": 4,"Inner Unique": true,"Hash Cond": "(orders.o_custkey = customer.c_custkey)","Workers": [],"Plans": [{"Node Type": "Nested Loop","Parent Relationship": "Outer","Parallel Aware": false,"Async Capable": false,"Join Type": "Inner","Startup Cost": 210537.69,"Total Cost": 289682.32,"Plan Rows": 153265,"Plan Width": 25,"Actual Startup Time": 10104.129,"Actual Total Time": 10275.947,"Actual Rows": 16,"Actual Loops": 4,"Inner Unique": false,"Workers": [],"Plans": [{"Node Type": "Hash Join","Parent Relationship": "Outer","Parallel Aware": false,"Async Capable": false,"Join Type": "Inner","Startup Cost": 210537.26,"Total Cost": 242741.13,"Plan Rows": 38308,"Plan Width": 24,"Actual Startup Time": 10104.052,"Actual Total Time": 10275.739,"Actual Rows": 2,"Actual Loops": 4,"Inner Unique": true,"Hash Cond": "(orders.o_orderkey = lineitem_1.l_orderkey)","Workers": [],"Plans": [{"Node Type": "Seq Scan","Parent Relationship": "Outer","Parallel Aware": true,"Async Capable": false,"Relation Name": "orders","Alias": "orders","Startup Cost": 0.00,"Total Cost": 30933.71,"Plan Rows": 483871,"Plan Width": 20,"Actual Startup Time": 0.007,"Actual Total Time": 53.689,"Actual Rows": 375000,"Actual Loops": 4,"Workers": []},{"Node Type": "Hash","Parent Relationship": "Inner","Parallel Aware": false,"Async Capable": false,"Startup Cost": 209052.81,"Total Cost": 209052.81,"Plan Rows": 118756,"Plan Width": 4,"Actual Startup Time": 10025.157,"Actual Total Time": 10025.166,"Actual Rows": 9,"Actual Loops": 4,"Hash Buckets": 131072,"Original Hash Buckets": 131072,"Hash Batches": 1,"Original Hash Batches": 1,"Peak Memory Usage": 1025,"Workers": [],"Plans": [{"Node Type": "Aggregate","Strategy": "Hashed","Partial Mode": "Simple","Parent Relationship": "Outer","Parallel Aware": false,"Async Capable": false,"Startup Cost": 202521.23,"Total Cost": 207865.25,"Plan Rows": 118756,"Plan Width": 4,"Actual Startup Time": 6285.839,"Actual Total Time": 10024.981,"Actual Rows": 9,"Actual Loops": 4,"Group Key": ["lineitem_1.l_orderkey"],"Filter": "(sum(lineitem_1.l_quantity) > '314'::numeric)","Planned Partitions": 0,"HashAgg Batches": 1,"Peak Memory Usage": 638993,"Disk Usage": 0,"Rows Removed by Filter": 1499991,"Workers": [{"Worker Number": 0,"HashAgg Batches": 1,"Peak Memory Usage": 638993,"Disk Usage": 0},{"Worker Number": 1,"HashAgg Batches": 1,"Peak Memory Usage": 638993,"Disk Usage": 0},{"Worker Number": 2,"HashAgg Batches": 1,"Peak Memory Usage": 638993,"Disk Usage": 0}],"Plans": [{"Node Type": "Seq Scan","Parent Relationship": "Outer","Parallel Aware": false,"Async Capable": false,"Relation Name": "lineitem","Alias": "lineitem_1","Startup Cost": 0.00,"Total Cost": 172515.15,"Plan Rows": 6001215,"Plan Width": 9,"Actual Startup Time": 0.019,"Actual Total Time": 931.752,"Actual Rows": 6001215,"Actual Loops": 4,"Workers": []}]}]}]},{"Node Type": "Index Scan","Parent Relationship": "Inner","Parallel Aware": false,"Async Capable": false,"Scan Direction": "Forward","Index Name": "idx_lineitem_orderkey","Relation Name": "lineitem","Alias": "lineitem","Startup Cost": 0.43,"Total Cost": 1.06,"Plan Rows": 17,"Plan Width": 9,"Actual Startup Time": 0.055,"Actual Total Time": 0.062,"Actual Rows": 7,"Actual Loops": 9,"Index Cond": "(l_orderkey = orders.o_orderkey)","Rows Removed by Index Recheck": 0,"Workers": []}]},{"Node Type": "Hash","Parent Relationship": "Inner","Parallel Aware": true,"Async Capable": false,"Startup Cost": 4210.00,"Total Cost": 4210.00,"Plan Rows": 62500,"Plan Width": 23,"Actual Startup Time": 36.172,"Actual Total Time": 36.190,"Actual Rows": 37500,"Actual Loops": 4,"Hash Buckets": 262144,"Original Hash Buckets": 262144,"Hash Batches": 1,"Original Hash Batches": 1,"Peak Memory Usage": 10336,"Workers": [],"Plans": [{"Node Type": "Seq Scan","Parent Relationship": "Outer","Parallel Aware": true,"Async Capable": false,"Relation Name": "customer","Alias": "customer","Startup Cost": 0.00,"Total Cost": 4210.00,"Plan Rows": 62500,"Plan Width": 23,"Actual Startup Time": 0.024,"Actual Total Time": 17.933,"Actual Rows": 37500,"Actual Loops": 4,"Workers": []}]}]}]}]}]},"Planning Time": 6.881,"Triggers": [],"Execution Time": 10893.482}]
[{"Plan": {"Node Type": "Sort","Parallel Aware": false,"Async Capable": false,"Startup Cost": 397889.21,"Total Cost": 399077.01,"Plan Rows": 475120,"Plan Width": 71,"Actual Startup Time": 10887.509,"Actual Total Time": 10908.132,"Actual Rows": 10,"Actual Loops": 1,"Sort Key": ["orders.o_totalprice DESC", "orders.o_orderdate"],"Sort Method": "quicksort","Sort Space Used": 25,"Sort Space Type": "Memory","Plans": [{"Node Type": "Aggregate","Strategy": "Hashed","Partial Mode": "Simple","Parent Relationship": "Outer","Parallel Aware": false,"Async Capable": false,"Startup Cost": 347151.30,"Total Cost": 353090.30,"Plan Rows": 475120,"Plan Width": 71,"Actual Startup Time": 10848.812,"Actual Total Time": 10907.941,"Actual Rows": 10,"Actual Loops": 1,"Group Key": ["customer.c_custkey", "orders.o_orderkey"],"Planned Partitions": 0,"HashAgg Batches": 1,"Peak Memory Usage": 24601,"Disk Usage": 0,"Plans": [{"Node Type": "Gather","Parent Relationship": "Outer","Parallel Aware": false,"Async Capable": false,"Startup Cost": 216528.94,"Total Cost": 343587.90,"Plan Rows": 475120,"Plan Width": 44,"Actual Startup Time": 10782.037,"Actual Total Time": 10858.151,"Actual Rows": 70,"Actual Loops": 1,"Workers Planned": 3,"Workers Launched": 3,"Single Copy": false,"Plans": [{"Node Type": "Hash Join","Parent Relationship": "Outer","Parallel Aware": true,"Async Capable": false,"Join Type": "Inner","Startup Cost": 215528.94,"Total Cost": 295075.90,"Plan Rows": 153265,"Plan Width": 44,"Actual Startup Time": 10180.765,"Actual Total Time": 10348.312,"Actual Rows": 18,"Actual Loops": 4,"Inner Unique": true,"Hash Cond": "(orders.o_custkey = customer.c_custkey)","Workers": [],"Plans": [{"Node Type": "Nested Loop","Parent Relationship": "Outer","Parallel Aware": false,"Async Capable": false,"Join Type": "Inner","Startup Cost": 210537.69,"Total Cost": 289682.32,"Plan Rows": 153265,"Plan Width": 25,"Actual Startup Time": 10142.809,"Actual Total Time": 10310.270,"Actual Rows": 18,"Actual Loops": 4,"Inner Unique": false,"Workers": [],"Plans": [{"Node Type": "Hash Join","Parent Relationship": "Outer","Parallel Aware": false,"Async Capable": false,"Join Type": "Inner","Startup Cost": 210537.26,"Total Cost": 242741.13,"Plan Rows": 38308,"Plan Width": 24,"Actual Startup Time": 10142.670,"Actual Total Time": 10309.991,"Actual Rows": 2,"Actual Loops": 4,"Inner Unique": true,"Hash Cond": "(orders.o_orderkey = lineitem_1.l_orderkey)","Workers": [],"Plans": [{"Node Type": "Seq Scan","Parent Relationship": "Outer","Parallel Aware": true,"Async Capable": false,"Relation Name": "orders","Alias": "orders","Startup Cost": 0.00,"Total Cost": 30933.71,"Plan Rows": 483871,"Plan Width": 20,"Actual Startup Time": 0.009,"Actual Total Time": 49.040,"Actual Rows": 375000,"Actual Loops": 4,"Workers": []},{"Node Type": "Hash","Parent Relationship": "Inner","Parallel Aware": false,"Async Capable": false,"Startup Cost": 209052.81,"Total Cost": 209052.81,"Plan Rows": 118756,"Plan Width": 4,"Actual Startup Time": 10075.163,"Actual Total Time": 10075.176,"Actual Rows": 10,"Actual Loops": 4,"Hash Buckets": 131072,"Original Hash Buckets": 131072,"Hash Batches": 1,"Original Hash Batches": 1,"Peak Memory Usage": 1025,"Workers": [],"Plans": [{"Node Type": "Aggregate","Strategy": "Hashed","Partial Mode": "Simple","Parent Relationship": "Outer","Parallel Aware": false,"Async Capable": false,"Startup Cost": 202521.23,"Total Cost": 207865.25,"Plan Rows": 118756,"Plan Width": 4,"Actual Startup Time": 6293.151,"Actual Total Time": 10074.968,"Actual Rows": 10,"Actual Loops": 4,"Group Key": ["lineitem_1.l_orderkey"],"Filter": "(sum(lineitem_1.l_quantity) > '312'::numeric)","Planned Partitions": 0,"HashAgg Batches": 1,"Peak Memory Usage": 638993,"Disk Usage": 0,"Rows Removed by Filter": 1499990,"Workers": [{"Worker Number": 0,"HashAgg Batches": 1,"Peak Memory Usage": 638993,"Disk Usage": 0},{"Worker Number": 1,"HashAgg Batches": 1,"Peak Memory Usage": 638993,"Disk Usage": 0},{"Worker Number": 2,"HashAgg Batches": 1,"Peak Memory Usage": 638993,"Disk Usage": 0}],"Plans": [{"Node Type": "Seq Scan","Parent Relationship": "Outer","Parallel Aware": false,"Async Capable": false,"Relation Name": "lineitem","Alias": "lineitem_1","Startup Cost": 0.00,"Total Cost": 172515.15,"Plan Rows": 6001215,"Plan Width": 9,"Actual Startup Time": 0.021,"Actual Total Time": 960.546,"Actual Rows": 6001215,"Actual Loops": 4,"Workers": []}]}]}]},{"Node Type": "Index Scan","Parent Relationship": "Inner","Parallel Aware": false,"Async Capable": false,"Scan Direction": "Forward","Index Name": "idx_lineitem_orderkey","Relation Name": "lineitem","Alias": "lineitem","Startup Cost": 0.43,"Total Cost": 1.06,"Plan Rows": 17,"Plan Width": 9,"Actual Startup Time": 0.072,"Actual Total Time": 0.079,"Actual Rows": 7,"Actual Loops": 10,"Index Cond": "(l_orderkey = orders.o_orderkey)","Rows Removed by Index Recheck": 0,"Workers": []}]},{"Node Type": "Hash","Parent Relationship": "Inner","Parallel Aware": true,"Async Capable": false,"Startup Cost": 4210.00,"Total Cost": 4210.00,"Plan Rows": 62500,"Plan Width": 23,"Actual Startup Time": 37.105,"Actual Total Time": 37.114,"Actual Rows": 37500,"Actual Loops": 4,"Hash Buckets": 262144,"Original Hash Buckets": 262144,"Hash Batches": 1,"Original Hash Batches": 1,"Peak Memory Usage": 10368,"Workers": [],"Plans": [{"Node Type": "Seq Scan","Parent Relationship": "Outer","Parallel Aware": true,"Async Capable": false,"Relation Name": "customer","Alias": "customer","Startup Cost": 0.00,"Total Cost": 4210.00,"Plan Rows": 62500,"Plan Width": 23,"Actual Startup Time": 0.025,"Actual Total Time": 19.726,"Actual Rows": 37500,"Actual Loops": 4,"Workers": []}]}]}]}]}]},"Planning Time": 6.715,"Triggers": [],"Execution Time": 10961.817}]
[{"Plan": {"Node Type": "Sort","Parallel Aware": false,"Async Capable": false,"Startup Cost": 397889.21,"Total Cost": 399077.01,"Plan Rows": 475120,"Plan Width": 71,"Actual Startup Time": 10887.509,"Actual Total Time": 10908.132,"Actual Rows": 10,"Actual Loops": 1,"Sort Key": ["orders.o_totalprice DESC", "orders.o_orderdate"],"Sort Method": "quicksort","Sort Space Used": 25,"Sort Space Type": "Memory","Plans": [{"Node Type": "Aggregate","Strategy": "Hashed","Partial Mode": "Simple","Parent Relationship": "Outer","Parallel Aware": false,"Async Capable": false,"Startup Cost": 347151.30,"Total Cost": 353090.30,"Plan Rows": 475120,"Plan Width": 71,"Actual Startup Time": 10848.812,"Actual Total Time": 10907.941,"Actual Rows": 10,"Actual Loops": 1,"Group Key": ["customer.c_custkey", "orders.o_orderkey"],"Planned Partitions": 0,"HashAgg Batches": 1,"Peak Memory Usage": 24601,"Disk Usage": 0,"Plans": [{"Node Type": "Gather","Parent Relationship": "Outer","Parallel Aware": false,"Async Capable": false,"Startup Cost": 216528.94,"Total Cost": 343587.90,"Plan Rows": 475120,"Plan Width": 44,"Actual Startup Time": 10782.037,"Actual Total Time": 10858.151,"Actual Rows": 70,"Actual Loops": 1,"Workers Planned": 3,"Workers Launched": 3,"Single Copy": false,"Plans": [{"Node Type": "Hash Join","Parent Relationship": "Outer","Parallel Aware": true,"Async Capable": false,"Join Type": "Inner","Startup Cost": 215528.94,"Total Cost": 295075.90,"Plan Rows": 153265,"Plan Width": 44,"Actual Startup Time": 10180.765,"Actual Total Time": 10348.312,"Actual Rows": 18,"Actual Loops": 4,"Inner Unique": true,"Hash Cond": "(orders.o_custkey = customer.c_custkey)","Workers": [],"Plans": [{"Node Type": "Nested Loop","Parent Relationship": "Outer","Parallel Aware": false,"Async Capable": false,"Join Type": "Inner","Startup Cost": 210537.69,"Total Cost": 289682.32,"Plan Rows": 153265,"Plan Width": 25,"Actual Startup Time": 10142.809,"Actual Total Time": 10310.270,"Actual Rows": 18,"Actual Loops": 4,"Inner Unique": false,"Workers": [],"Plans": [{"Node Type": "Hash Join","Parent Relationship": "Outer","Parallel Aware": false,"Async Capable": false,"Join Type": "Inner","Startup Cost": 210537.26,"Total Cost": 242741.13,"Plan Rows": 38308,"Plan Width": 24,"Actual Startup Time": 10142.670,"Actual Total Time": 10309.991,"Actual Rows": 2,"Actual Loops": 4,"Inner Unique": true,"Hash Cond": "(orders.o_orderkey = lineitem_1.l_orderkey)","Workers": [],"Plans": [{"Node Type": "Seq Scan","Parent Relationship": "Outer","Parallel Aware": true,"Async Capable": false,"Relation Name": "orders","Alias": "orders","Startup Cost": 0.00,"Total Cost": 30933.71,"Plan Rows": 483871,"Plan Width": 20,"Actual Startup Time": 0.009,"Actual Total Time": 49.040,"Actual Rows": 375000,"Actual Loops": 4,"Workers": []},{"Node Type": "Hash","Parent Relationship": "Inner","Parallel Aware": false,"Async Capable": false,"Startup Cost": 209052.81,"Total Cost": 209052.81,"Plan Rows": 118756,"Plan Width": 4,"Actual Startup Time": 10075.163,"Actual Total Time": 10075.176,"Actual Rows": 10,"Actual Loops": 4,"Hash Buckets": 131072,"Original Hash Buckets": 131072,"Hash Batches": 1,"Original Hash Batches": 1,"Peak Memory Usage": 1025,"Workers": [],"Plans": [{"Node Type": "Aggregate","Strategy": "Hashed","Partial Mode": "Simple","Parent Relationship": "Outer","Parallel Aware": false,"Async Capable": false,"Startup Cost": 202521.23,"Total Cost": 207865.25,"Plan Rows": 118756,"Plan Width": 4,"Actual Startup Time": 6293.151,"Actual Total Time": 10074.968,"Actual Rows": 10,"Actual Loops": 4,"Group Key": ["lineitem_1.l_orderkey"],"Filter": "(sum(lineitem_1.l_quantity) > '312'::numeric)","Planned Partitions": 0,"HashAgg Batches": 1,"Peak Memory Usage": 638993,"Disk Usage": 0,"Rows Removed by Filter": 1499990,"Workers": [{"Worker Number": 0,"HashAgg Batches": 1,"Peak Memory Usage": 638993,"Disk Usage": 0},{"Worker Number": 1,"HashAgg Batches": 1,"Peak Memory Usage": 638993,"Disk Usage": 0},{"Worker Number": 2,"HashAgg Batches": 1,"Peak Memory Usage": 638993,"Disk Usage": 0}],"Plans": [{"Node Type": "Seq Scan","Parent Relationship": "Outer","Parallel Aware": false,"Async Capable": false,"Relation Name": "lineitem","Alias": "lineitem_1","Startup Cost": 0.00,"Total Cost": 172515.15,"Plan Rows": 6001215,"Plan Width": 9,"Actual Startup Time": 0.021,"Actual Total Time": 960.546,"Actual Rows": 6001215,"Actual Loops": 4,"Workers": []}]}]}]},{"Node Type": "Index Scan","Parent Relationship": "Inner","Parallel Aware": false,"Async Capable": false,"Scan Direction": "Forward","Index Name": "idx_lineitem_orderkey","Relation Name": "lineitem","Alias": "lineitem","Startup Cost": 0.43,"Total Cost": 1.06,"Plan Rows": 17,"Plan Width": 9,"Actual Startup Time": 0.072,"Actual Total Time": 0.079,"Actual Rows": 7,"Actual Loops": 10,"Index Cond": "(l_orderkey = orders.o_orderkey)","Rows Removed by Index Recheck": 0,"Workers": []}]},{"Node Type": "Hash","Parent Relationship": "Inner","Parallel Aware": true,"Async Capable": false,"Startup Cost": 4210.00,"Total Cost": 4210.00,"Plan Rows": 62500,"Plan Width": 23,"Actual Startup Time": 37.105,"Actual Total Time": 37.114,"Actual Rows": 37500,"Actual Loops": 4,"Hash Buckets": 262144,"Original Hash Buckets": 262144,"Hash Batches": 1,"Original Hash Batches": 1,"Peak Memory Usage": 10368,"Workers": [],"Plans": [{"Node Type": "Seq Scan","Parent Relationship": "Outer","Parallel Aware": true,"Async Capable": false,"Relation Name": "customer","Alias": "customer","Startup Cost": 0.00,"Total Cost": 4210.00,"Plan Rows": 62500,"Plan Width": 23,"Actual Startup Time": 0.025,"Actual Total Time": 19.726,"Actual Rows": 37500,"Actual Loops": 4,"Workers": []}]}]}]}]}]},"Planning Time": 6.715,"Triggers": [],"Execution Time": 10961.817}]
[{"Plan": {"Node Type": "Sort","Parallel Aware": false,"Async Capable": false,"Startup Cost": 397889.21,"Total Cost": 399077.01,"Plan Rows": 475120,"Plan Width": 71,"Actual Startup Time": 10887.509,"Actual Total Time": 10908.132,"Actual Rows": 10,"Actual Loops": 1,"Sort Key": ["orders.o_totalprice DESC", "orders.o_orderdate"],"Sort Method": "quicksort","Sort Space Used": 25,"Sort Space Type": "Memory","Plans": [{"Node Type": "Aggregate","Strategy": "Hashed","Partial Mode": "Simple","Parent Relationship": "Outer","Parallel Aware": false,"Async Capable": false,"Startup Cost": 347151.30,"Total Cost": 353090.30,"Plan Rows": 475120,"Plan Width": 71,"Actual Startup Time": 10848.812,"Actual Total Time": 10907.941,"Actual Rows": 10,"Actual Loops": 1,"Group Key": ["customer.c_custkey", "orders.o_orderkey"],"Planned Partitions": 0,"HashAgg Batches": 1,"Peak Memory Usage": 24601,"Disk Usage": 0,"Plans": [{"Node Type": "Gather","Parent Relationship": "Outer","Parallel Aware": false,"Async Capable": false,"Startup Cost": 216528.94,"Total Cost": 343587.90,"Plan Rows": 475120,"Plan Width": 44,"Actual Startup Time": 10782.037,"Actual Total Time": 10858.151,"Actual Rows": 70,"Actual Loops": 1,"Workers Planned": 3,"Workers Launched": 3,"Single Copy": false,"Plans": [{"Node Type": "Hash Join","Parent Relationship": "Outer","Parallel Aware": true,"Async Capable": false,"Join Type": "Inner","Startup Cost": 215528.94,"Total Cost": 295075.90,"Plan Rows": 153265,"Plan Width": 44,"Actual Startup Time": 10180.765,"Actual Total Time": 10348.312,"Actual Rows": 18,"Actual Loops": 4,"Inner Unique": true,"Hash Cond": "(orders.o_custkey = customer.c_custkey)","Workers": [],"Plans": [{"Node Type": "Nested Loop","Parent Relationship": "Outer","Parallel Aware": false,"Async Capable": false,"Join Type": "Inner","Startup Cost": 210537.69,"Total Cost": 289682.32,"Plan Rows": 153265,"Plan Width": 25,"Actual Startup Time": 10142.809,"Actual Total Time": 10310.270,"Actual Rows": 18,"Actual Loops": 4,"Inner Unique": false,"Workers": [],"Plans": [{"Node Type": "Hash Join","Parent Relationship": "Outer","Parallel Aware": false,"Async Capable": false,"Join Type": "Inner","Startup Cost": 210537.26,"Total Cost": 242741.13,"Plan Rows": 38308,"Plan Width": 24,"Actual Startup Time": 10142.670,"Actual Total Time": 10309.991,"Actual Rows": 2,"Actual Loops": 4,"Inner Unique": true,"Hash Cond": "(orders.o_orderkey = lineitem_1.l_orderkey)","Workers": [],"Plans": [{"Node Type": "Seq Scan","Parent Relationship": "Outer","Parallel Aware": true,"Async Capable": false,"Relation Name": "orders","Alias": "orders","Startup Cost": 0.00,"Total Cost": 30933.71,"Plan Rows": 483871,"Plan Width": 20,"Actual Startup Time": 0.009,"Actual Total Time": 49.040,"Actual Rows": 375000,"Actual Loops": 4,"Workers": []},{"Node Type": "Hash","Parent Relationship": "Inner","Parallel Aware": false,"Async Capable": false,"Startup Cost": 209052.81,"Total Cost": 209052.81,"Plan Rows": 118756,"Plan Width": 4,"Actual Startup Time": 10075.163,"Actual Total Time": 10075.176,"Actual Rows": 10,"Actual Loops": 4,"Hash Buckets": 131072,"Original Hash Buckets": 131072,"Hash Batches": 1,"Original Hash Batches": 1,"Peak Memory Usage": 1025,"Workers": [],"Plans": [{"Node Type": "Aggregate","Strategy": "Hashed","Partial Mode": "Simple","Parent Relationship": "Outer","Parallel Aware": false,"Async Capable": false,"Startup Cost": 202521.23,"Total Cost": 207865.25,"Plan Rows": 118756,"Plan Width": 4,"Actual Startup Time": 6293.151,"Actual Total Time": 10074.968,"Actual Rows": 10,"Actual Loops": 4,"Group Key": ["lineitem_1.l_orderkey"],"Filter": "(sum(lineitem_1.l_quantity) > '312'::numeric)","Planned Partitions": 0,"HashAgg Batches": 1,"Peak Memory Usage": 638993,"Disk Usage": 0,"Rows Removed by Filter": 1499990,"Workers": [{"Worker Number": 0,"HashAgg Batches": 1,"Peak Memory Usage": 638993,"Disk Usage": 0},{"Worker Number": 1,"HashAgg Batches": 1,"Peak Memory Usage": 638993,"Disk Usage": 0},{"Worker Number": 2,"HashAgg Batches": 1,"Peak Memory Usage": 638993,"Disk Usage": 0}],"Plans": [{"Node Type": "Seq Scan","Parent Relationship": "Outer","Parallel Aware": false,"Async Capable": false,"Relation Name": "lineitem","Alias": "lineitem_1","Startup Cost": 0.00,"Total Cost": 172515.15,"Plan Rows": 6001215,"Plan Width": 9,"Actual Startup Time": 0.021,"Actual Total Time": 960.546,"Actual Rows": 6001215,"Actual Loops": 4,"Workers": []}]}]}]},{"Node Type": "Index Scan","Parent Relationship": "Inner","Parallel Aware": false,"Async Capable": false,"Scan Direction": "Forward","Index Name": "idx_lineitem_orderkey","Relation Name": "lineitem","Alias": "lineitem","Startup Cost": 0.43,"Total Cost": 1.06,"Plan Rows": 17,"Plan Width": 9,"Actual Startup Time": 0.072,"Actual Total Time": 0.079,"Actual Rows": 7,"Actual Loops": 10,"Index Cond": "(l_orderkey = orders.o_orderkey)","Rows Removed by Index Recheck": 0,"Workers": []}]},{"Node Type": "Hash","Parent Relationship": "Inner","Parallel Aware": true,"Async Capable": false,"Startup Cost": 4210.00,"Total Cost": 4210.00,"Plan Rows": 62500,"Plan Width": 23,"Actual Startup Time": 37.105,"Actual Total Time": 37.114,"Actual Rows": 37500,"Actual Loops": 4,"Hash Buckets": 262144,"Original Hash Buckets": 262144,"Hash Batches": 1,"Original Hash Batches": 1,"Peak Memory Usage": 10368,"Workers": [],"Plans": [{"Node Type": "Seq Scan","Parent Relationship": "Outer","Parallel Aware": true,"Async Capable": false,"Relation Name": "customer","Alias": "customer","Startup Cost": 0.00,"Total Cost": 4210.00,"Plan Rows": 62500,"Plan Width": 23,"Actual Startup Time": 0.025,"Actual Total Time": 19.726,"Actual Rows": 37500,"Actual Loops": 4,"Workers": []}]}]}]}]}]},"Planning Time": 6.715,"Triggers": [],"Execution Time": 10961.817}]
[{"Plan": {"Node Type": "Sort","Parallel Aware": false,"Async Capable": false,"Startup Cost": 397889.21,"Total Cost": 399077.01,"Plan Rows": 475120,"Plan Width": 71,"Actual Startup Time": 10950.105,"Actual Total Time": 10953.954,"Actual Rows": 9,"Actual Loops": 1,"Sort Key": ["orders.o_totalprice DESC", "orders.o_orderdate"],"Sort Method": "quicksort","Sort Space Used": 25,"Sort Space Type": "Memory","Plans": [{"Node Type": "Aggregate","Strategy": "Hashed","Partial Mode": "Simple","Parent Relationship": "Outer","Parallel Aware": false,"Async Capable": false,"Startup Cost": 347151.30,"Total Cost": 353090.30,"Plan Rows": 475120,"Plan Width": 71,"Actual Startup Time": 10902.471,"Actual Total Time": 10953.715,"Actual Rows": 9,"Actual Loops": 1,"Group Key": ["customer.c_custkey", "orders.o_orderkey"],"Planned Partitions": 0,"HashAgg Batches": 1,"Peak Memory Usage": 24601,"Disk Usage": 0,"Plans": [{"Node Type": "Gather","Parent Relationship": "Outer","Parallel Aware": false,"Async Capable": false,"Startup Cost": 216528.94,"Total Cost": 343587.90,"Plan Rows": 475120,"Plan Width": 44,"Actual Startup Time": 10893.800,"Actual Total Time": 10897.693,"Actual Rows": 63,"Actual Loops": 1,"Workers Planned": 3,"Workers Launched": 3,"Single Copy": false,"Plans": [{"Node Type": "Hash Join","Parent Relationship": "Outer","Parallel Aware": true,"Async Capable": false,"Join Type": "Inner","Startup Cost": 215528.94,"Total Cost": 295075.90,"Plan Rows": 153265,"Plan Width": 44,"Actual Startup Time": 10134.253,"Actual Total Time": 10314.794,"Actual Rows": 16,"Actual Loops": 4,"Inner Unique": true,"Hash Cond": "(orders.o_custkey = customer.c_custkey)","Workers": [],"Plans": [{"Node Type": "Nested Loop","Parent Relationship": "Outer","Parallel Aware": false,"Async Capable": false,"Join Type": "Inner","Startup Cost": 210537.69,"Total Cost": 289682.32,"Plan Rows": 153265,"Plan Width": 25,"Actual Startup Time": 10099.687,"Actual Total Time": 10280.153,"Actual Rows": 16,"Actual Loops": 4,"Inner Unique": false,"Workers": [],"Plans": [{"Node Type": "Hash Join","Parent Relationship": "Outer","Parallel Aware": false,"Async Capable": false,"Join Type": "Inner","Startup Cost": 210537.26,"Total Cost": 242741.13,"Plan Rows": 38308,"Plan Width": 24,"Actual Startup Time": 10099.575,"Actual Total Time": 10279.892,"Actual Rows": 2,"Actual Loops": 4,"Inner Unique": true,"Hash Cond": "(orders.o_orderkey = lineitem_1.l_orderkey)","Workers": [],"Plans": [{"Node Type": "Seq Scan","Parent Relationship": "Outer","Parallel Aware": true,"Async Capable": false,"Relation Name": "orders","Alias": "orders","Startup Cost": 0.00,"Total Cost": 30933.71,"Plan Rows": 483871,"Plan Width": 20,"Actual Startup Time": 0.011,"Actual Total Time": 51.627,"Actual Rows": 375000,"Actual Loops": 4,"Workers": []},{"Node Type": "Hash","Parent Relationship": "Inner","Parallel Aware": false,"Async Capable": false,"Startup Cost": 209052.81,"Total Cost": 209052.81,"Plan Rows": 118756,"Plan Width": 4,"Actual Startup Time": 10016.825,"Actual Total Time": 10016.839,"Actual Rows": 9,"Actual Loops": 4,"Hash Buckets": 131072,"Original Hash Buckets": 131072,"Hash Batches": 1,"Original Hash Batches": 1,"Peak Memory Usage": 1025,"Workers": [],"Plans": [{"Node Type": "Aggregate","Strategy": "Hashed","Partial Mode": "Simple","Parent Relationship": "Outer","Parallel Aware": false,"Async Capable": false,"Startup Cost": 202521.23,"Total Cost": 207865.25,"Plan Rows": 118756,"Plan Width": 4,"Actual Startup Time": 6319.140,"Actual Total Time": 10016.671,"Actual Rows": 9,"Actual Loops": 4,"Group Key": ["lineitem_1.l_orderkey"],"Filter": "(sum(lineitem_1.l_quantity) > '315'::numeric)","Planned Partitions": 0,"HashAgg Batches": 1,"Peak Memory Usage": 638993,"Disk Usage": 0,"Rows Removed by Filter": 1499991,"Workers": [{"Worker Number": 0,"HashAgg Batches": 1,"Peak Memory Usage": 638993,"Disk Usage": 0},{"Worker Number": 1,"HashAgg Batches": 1,"Peak Memory Usage": 638993,"Disk Usage": 0},{"Worker Number": 2,"HashAgg Batches": 1,"Peak Memory Usage": 638993,"Disk Usage": 0}],"Plans": [{"Node Type": "Seq Scan","Parent Relationship": "Outer","Parallel Aware": false,"Async Capable": false,"Relation Name": "lineitem","Alias": "lineitem_1","Startup Cost": 0.00,"Total Cost": 172515.15,"Plan Rows": 6001215,"Plan Width": 9,"Actual Startup Time": 0.018,"Actual Total Time": 971.843,"Actual Rows": 6001215,"Actual Loops": 4,"Workers": []}]}]}]},{"Node Type": "Index Scan","Parent Relationship": "Inner","Parallel Aware": false,"Async Capable": false,"Scan Direction": "Forward","Index Name": "idx_lineitem_orderkey","Relation Name": "lineitem","Alias": "lineitem","Startup Cost": 0.43,"Total Cost": 1.06,"Plan Rows": 17,"Plan Width": 9,"Actual Startup Time": 0.069,"Actual Total Time": 0.079,"Actual Rows": 7,"Actual Loops": 9,"Index Cond": "(l_orderkey = orders.o_orderkey)","Rows Removed by Index Recheck": 0,"Workers": []}]},{"Node Type": "Hash","Parent Relationship": "Inner","Parallel Aware": true,"Async Capable": false,"Startup Cost": 4210.00,"Total Cost": 4210.00,"Plan Rows": 62500,"Plan Width": 23,"Actual Startup Time": 33.677,"Actual Total Time": 33.684,"Actual Rows": 37500,"Actual Loops": 4,"Hash Buckets": 262144,"Original Hash Buckets": 262144,"Hash Batches": 1,"Original Hash Batches": 1,"Peak Memory Usage": 10368,"Workers": [],"Plans": [{"Node Type": "Seq Scan","Parent Relationship": "Outer","Parallel Aware": true,"Async Capable": false,"Relation Name": "customer","Alias": "customer","Startup Cost": 0.00,"Total Cost": 4210.00,"Plan Rows": 62500,"Plan Width": 23,"Actual Startup Time": 0.019,"Actual Total Time": 16.715,"Actual Rows": 37500,"Actual Loops": 4,"Workers": []}]}]}]}]}]},"Planning Time": 6.132,"Triggers": [],"Execution Time": 11002.531}]
[{"Plan": {"Node Type": "Sort","Parallel Aware": false,"Async Capable": false,"Startup Cost": 397889.21,"Total Cost": 399077.01,"Plan Rows": 475120,"Plan Width": 71,"Actual Startup Time": 10950.105,"Actual Total Time": 10953.954,"Actual Rows": 9,"Actual Loops": 1,"Sort Key": ["orders.o_totalprice DESC", "orders.o_orderdate"],"Sort Method": "quicksort","Sort Space Used": 25,"Sort Space Type": "Memory","Plans": [{"Node Type": "Aggregate","Strategy": "Hashed","Partial Mode": "Simple","Parent Relationship": "Outer","Parallel Aware": false,"Async Capable": false,"Startup Cost": 347151.30,"Total Cost": 353090.30,"Plan Rows": 475120,"Plan Width": 71,"Actual Startup Time": 10902.471,"Actual Total Time": 10953.715,"Actual Rows": 9,"Actual Loops": 1,"Group Key": ["customer.c_custkey", "orders.o_orderkey"],"Planned Partitions": 0,"HashAgg Batches": 1,"Peak Memory Usage": 24601,"Disk Usage": 0,"Plans": [{"Node Type": "Gather","Parent Relationship": "Outer","Parallel Aware": false,"Async Capable": false,"Startup Cost": 216528.94,"Total Cost": 343587.90,"Plan Rows": 475120,"Plan Width": 44,"Actual Startup Time": 10893.800,"Actual Total Time": 10897.693,"Actual Rows": 63,"Actual Loops": 1,"Workers Planned": 3,"Workers Launched": 3,"Single Copy": false,"Plans": [{"Node Type": "Hash Join","Parent Relationship": "Outer","Parallel Aware": true,"Async Capable": false,"Join Type": "Inner","Startup Cost": 215528.94,"Total Cost": 295075.90,"Plan Rows": 153265,"Plan Width": 44,"Actual Startup Time": 10134.253,"Actual Total Time": 10314.794,"Actual Rows": 16,"Actual Loops": 4,"Inner Unique": true,"Hash Cond": "(orders.o_custkey = customer.c_custkey)","Workers": [],"Plans": [{"Node Type": "Nested Loop","Parent Relationship": "Outer","Parallel Aware": false,"Async Capable": false,"Join Type": "Inner","Startup Cost": 210537.69,"Total Cost": 289682.32,"Plan Rows": 153265,"Plan Width": 25,"Actual Startup Time": 10099.687,"Actual Total Time": 10280.153,"Actual Rows": 16,"Actual Loops": 4,"Inner Unique": false,"Workers": [],"Plans": [{"Node Type": "Hash Join","Parent Relationship": "Outer","Parallel Aware": false,"Async Capable": false,"Join Type": "Inner","Startup Cost": 210537.26,"Total Cost": 242741.13,"Plan Rows": 38308,"Plan Width": 24,"Actual Startup Time": 10099.575,"Actual Total Time": 10279.892,"Actual Rows": 2,"Actual Loops": 4,"Inner Unique": true,"Hash Cond": "(orders.o_orderkey = lineitem_1.l_orderkey)","Workers": [],"Plans": [{"Node Type": "Seq Scan","Parent Relationship": "Outer","Parallel Aware": true,"Async Capable": false,"Relation Name": "orders","Alias": "orders","Startup Cost": 0.00,"Total Cost": 30933.71,"Plan Rows": 483871,"Plan Width": 20,"Actual Startup Time": 0.011,"Actual Total Time": 51.627,"Actual Rows": 375000,"Actual Loops": 4,"Workers": []},{"Node Type": "Hash","Parent Relationship": "Inner","Parallel Aware": false,"Async Capable": false,"Startup Cost": 209052.81,"Total Cost": 209052.81,"Plan Rows": 118756,"Plan Width": 4,"Actual Startup Time": 10016.825,"Actual Total Time": 10016.839,"Actual Rows": 9,"Actual Loops": 4,"Hash Buckets": 131072,"Original Hash Buckets": 131072,"Hash Batches": 1,"Original Hash Batches": 1,"Peak Memory Usage": 1025,"Workers": [],"Plans": [{"Node Type": "Aggregate","Strategy": "Hashed","Partial Mode": "Simple","Parent Relationship": "Outer","Parallel Aware": false,"Async Capable": false,"Startup Cost": 202521.23,"Total Cost": 207865.25,"Plan Rows": 118756,"Plan Width": 4,"Actual Startup Time": 6319.140,"Actual Total Time": 10016.671,"Actual Rows": 9,"Actual Loops": 4,"Group Key": ["lineitem_1.l_orderkey"],"Filter": "(sum(lineitem_1.l_quantity) > '315'::numeric)","Planned Partitions": 0,"HashAgg Batches": 1,"Peak Memory Usage": 638993,"Disk Usage": 0,"Rows Removed by Filter": 1499991,"Workers": [{"Worker Number": 0,"HashAgg Batches": 1,"Peak Memory Usage": 638993,"Disk Usage": 0},{"Worker Number": 1,"HashAgg Batches": 1,"Peak Memory Usage": 638993,"Disk Usage": 0},{"Worker Number": 2,"HashAgg Batches": 1,"Peak Memory Usage": 638993,"Disk Usage": 0}],"Plans": [{"Node Type": "Seq Scan","Parent Relationship": "Outer","Parallel Aware": false,"Async Capable": false,"Relation Name": "lineitem","Alias": "lineitem_1","Startup Cost": 0.00,"Total Cost": 172515.15,"Plan Rows": 6001215,"Plan Width": 9,"Actual Startup Time": 0.018,"Actual Total Time": 971.843,"Actual Rows": 6001215,"Actual Loops": 4,"Workers": []}]}]}]},{"Node Type": "Index Scan","Parent Relationship": "Inner","Parallel Aware": false,"Async Capable": false,"Scan Direction": "Forward","Index Name": "idx_lineitem_orderkey","Relation Name": "lineitem","Alias": "lineitem","Startup Cost": 0.43,"Total Cost": 1.06,"Plan Rows": 17,"Plan Width": 9,"Actual Startup Time": 0.069,"Actual Total Time": 0.079,"Actual Rows": 7,"Actual Loops": 9,"Index Cond": "(l_orderkey = orders.o_orderkey)","Rows Removed by Index Recheck": 0,"Workers": []}]},{"Node Type": "Hash","Parent Relationship": "Inner","Parallel Aware": true,"Async Capable": false,"Startup Cost": 4210.00,"Total Cost": 4210.00,"Plan Rows": 62500,"Plan Width": 23,"Actual Startup Time": 33.677,"Actual Total Time": 33.684,"Actual Rows": 37500,"Actual Loops": 4,"Hash Buckets": 262144,"Original Hash Buckets": 262144,"Hash Batches": 1,"Original Hash Batches": 1,"Peak Memory Usage": 10368,"Workers": [],"Plans": [{"Node Type": "Seq Scan","Parent Relationship": "Outer","Parallel Aware": true,"Async Capable": false,"Relation Name": "customer","Alias": "customer","Startup Cost": 0.00,"Total Cost": 4210.00,"Plan Rows": 62500,"Plan Width": 23,"Actual Startup Time": 0.019,"Actual Total Time": 16.715,"Actual Rows": 37500,"Actual Loops": 4,"Workers": []}]}]}]}]}]},"Planning Time": 6.132,"Triggers": [],"Execution Time": 11002.531}]
[{"Plan": {"Node Type": "Sort","Parallel Aware": false,"Async Capable": false,"Startup Cost": 397889.21,"Total Cost": 399077.01,"Plan Rows": 475120,"Plan Width": 71,"Actual Startup Time": 10785.011,"Actual Total Time": 10839.032,"Actual Rows": 9,"Actual Loops": 1,"Sort Key": ["orders.o_totalprice DESC", "orders.o_orderdate"],"Sort Method": "quicksort","Sort Space Used": 25,"Sort Space Type": "Memory","Plans": [{"Node Type": "Aggregate","Strategy": "Hashed","Partial Mode": "Simple","Parent Relationship": "Outer","Parallel Aware": false,"Async Capable": false,"Startup Cost": 347151.30,"Total Cost": 353090.30,"Plan Rows": 475120,"Plan Width": 71,"Actual Startup Time": 10763.855,"Actual Total Time": 10838.848,"Actual Rows": 9,"Actual Loops": 1,"Group Key": ["customer.c_custkey", "orders.o_orderkey"],"Planned Partitions": 0,"HashAgg Batches": 1,"Peak Memory Usage": 24601,"Disk Usage": 0,"Plans": [{"Node Type": "Gather","Parent Relationship": "Outer","Parallel Aware": false,"Async Capable": false,"Startup Cost": 216528.94,"Total Cost": 343587.90,"Plan Rows": 475120,"Plan Width": 44,"Actual Startup Time": 9674.071,"Actual Total Time": 10813.470,"Actual Rows": 63,"Actual Loops": 1,"Workers Planned": 3,"Workers Launched": 3,"Single Copy": false,"Plans": [{"Node Type": "Hash Join","Parent Relationship": "Outer","Parallel Aware": true,"Async Capable": false,"Join Type": "Inner","Startup Cost": 215528.94,"Total Cost": 295075.90,"Plan Rows": 153265,"Plan Width": 44,"Actual Startup Time": 10141.072,"Actual Total Time": 10312.965,"Actual Rows": 16,"Actual Loops": 4,"Inner Unique": true,"Hash Cond": "(orders.o_custkey = customer.c_custkey)","Workers": [],"Plans": [{"Node Type": "Nested Loop","Parent Relationship": "Outer","Parallel Aware": false,"Async Capable": false,"Join Type": "Inner","Startup Cost": 210537.69,"Total Cost": 289682.32,"Plan Rows": 153265,"Plan Width": 25,"Actual Startup Time": 10104.129,"Actual Total Time": 10275.947,"Actual Rows": 16,"Actual Loops": 4,"Inner Unique": false,"Workers": [],"Plans": [{"Node Type": "Hash Join","Parent Relationship": "Outer","Parallel Aware": false,"Async Capable": false,"Join Type": "Inner","Startup Cost": 210537.26,"Total Cost": 242741.13,"Plan Rows": 38308,"Plan Width": 24,"Actual Startup Time": 10104.052,"Actual Total Time": 10275.739,"Actual Rows": 2,"Actual Loops": 4,"Inner Unique": true,"Hash Cond": "(orders.o_orderkey = lineitem_1.l_orderkey)","Workers": [],"Plans": [{"Node Type": "Seq Scan","Parent Relationship": "Outer","Parallel Aware": true,"Async Capable": false,"Relation Name": "orders","Alias": "orders","Startup Cost": 0.00,"Total Cost": 30933.71,"Plan Rows": 483871,"Plan Width": 20,"Actual Startup Time": 0.007,"Actual Total Time": 53.689,"Actual Rows": 375000,"Actual Loops": 4,"Workers": []},{"Node Type": "Hash","Parent Relationship": "Inner","Parallel Aware": false,"Async Capable": false,"Startup Cost": 209052.81,"Total Cost": 209052.81,"Plan Rows": 118756,"Plan Width": 4,"Actual Startup Time": 10025.157,"Actual Total Time": 10025.166,"Actual Rows": 9,"Actual Loops": 4,"Hash Buckets": 131072,"Original Hash Buckets": 131072,"Hash Batches": 1,"Original Hash Batches": 1,"Peak Memory Usage": 1025,"Workers": [],"Plans": [{"Node Type": "Aggregate","Strategy": "Hashed","Partial Mode": "Simple","Parent Relationship": "Outer","Parallel Aware": false,"Async Capable": false,"Startup Cost": 202521.23,"Total Cost": 207865.25,"Plan Rows": 118756,"Plan Width": 4,"Actual Startup Time": 6285.839,"Actual Total Time": 10024.981,"Actual Rows": 9,"Actual Loops": 4,"Group Key": ["lineitem_1.l_orderkey"],"Filter": "(sum(lineitem_1.l_quantity) > '314'::numeric)","Planned Partitions": 0,"HashAgg Batches": 1,"Peak Memory Usage": 638993,"Disk Usage": 0,"Rows Removed by Filter": 1499991,"Workers": [{"Worker Number": 0,"HashAgg Batches": 1,"Peak Memory Usage": 638993,"Disk Usage": 0},{"Worker Number": 1,"HashAgg Batches": 1,"Peak Memory Usage": 638993,"Disk Usage": 0},{"Worker Number": 2,"HashAgg Batches": 1,"Peak Memory Usage": 638993,"Disk Usage": 0}],"Plans": [{"Node Type": "Seq Scan","Parent Relationship": "Outer","Parallel Aware": false,"Async Capable": false,"Relation Name": "lineitem","Alias": "lineitem_1","Startup Cost": 0.00,"Total Cost": 172515.15,"Plan Rows": 6001215,"Plan Width": 9,"Actual Startup Time": 0.019,"Actual Total Time": 931.752,"Actual Rows": 6001215,"Actual Loops": 4,"Workers": []}]}]}]},{"Node Type": "Index Scan","Parent Relationship": "Inner","Parallel Aware": false,"Async Capable": false,"Scan Direction": "Forward","Index Name": "idx_lineitem_orderkey","Relation Name": "lineitem","Alias": "lineitem","Startup Cost": 0.43,"Total Cost": 1.06,"Plan Rows": 17,"Plan Width": 9,"Actual Startup Time": 0.055,"Actual Total Time": 0.062,"Actual Rows": 7,"Actual Loops": 9,"Index Cond": "(l_orderkey = orders.o_orderkey)","Rows Removed by Index Recheck": 0,"Workers": []}]},{"Node Type": "Hash","Parent Relationship": "Inner","Parallel Aware": true,"Async Capable": false,"Startup Cost": 4210.00,"Total Cost": 4210.00,"Plan Rows": 62500,"Plan Width": 23,"Actual Startup Time": 36.172,"Actual Total Time": 36.190,"Actual Rows": 37500,"Actual Loops": 4,"Hash Buckets": 262144,"Original Hash Buckets": 262144,"Hash Batches": 1,"Original Hash Batches": 1,"Peak Memory Usage": 10336,"Workers": [],"Plans": [{"Node Type": "Seq Scan","Parent Relationship": "Outer","Parallel Aware": true,"Async Capable": false,"Relation Name": "customer","Alias": "customer","Startup Cost": 0.00,"Total Cost": 4210.00,"Plan Rows": 62500,"Plan Width": 23,"Actual Startup Time": 0.024,"Actual Total Time": 17.933,"Actual Rows": 37500,"Actual Loops": 4,"Workers": []}]}]}]}]}]},"Planning Time": 6.881,"Triggers": [],"Execution Time": 10893.482}]
[{"Plan": {"Node Type": "Sort","Parallel Aware": false,"Async Capable": false,"Startup Cost": 397889.21,"Total Cost": 399077.01,"Plan Rows": 475120,"Plan Width": 71,"Actual Startup Time": 10345.847,"Actual Total Time": 10377.998,"Actual Rows": 9,"Actual Loops": 1,"Sort Key": ["orders.o_totalprice DESC", "orders.o_orderdate"],"Sort Method": "quicksort","Sort Space Used": 25,"Sort Space Type": "Memory","Plans": [{"Node Type": "Aggregate","Strategy": "Hashed","Partial Mode": "Simple","Parent Relationship": "Outer","Parallel Aware": false,"Async Capable": false,"Startup Cost": 347151.30,"Total Cost": 353090.30,"Plan Rows": 475120,"Plan Width": 71,"Actual Startup Time": 10329.232,"Actual Total Time": 10377.856,"Actual Rows": 9,"Actual Loops": 1,"Group Key": ["customer.c_custkey", "orders.o_orderkey"],"Planned Partitions": 0,"HashAgg Batches": 1,"Peak Memory Usage": 24601,"Disk Usage": 0,"Plans": [{"Node Type": "Gather","Parent Relationship": "Outer","Parallel Aware": false,"Async Capable": false,"Startup Cost": 216528.94,"Total Cost": 343587.90,"Plan Rows": 475120,"Plan Width": 44,"Actual Startup Time": 10053.961,"Actual Total Time": 10357.615,"Actual Rows": 63,"Actual Loops": 1,"Workers Planned": 3,"Workers Launched": 3,"Single Copy": false,"Plans": [{"Node Type": "Hash Join","Parent Relationship": "Outer","Parallel Aware": true,"Async Capable": false,"Join Type": "Inner","Startup Cost": 215528.94,"Total Cost": 295075.90,"Plan Rows": 153265,"Plan Width": 44,"Actual Startup Time": 10157.696,"Actual Total Time": 10258.651,"Actual Rows": 16,"Actual Loops": 4,"Inner Unique": true,"Hash Cond": "(orders.o_custkey = customer.c_custkey)","Workers": [],"Plans": [{"Node Type": "Nested Loop","Parent Relationship": "Outer","Parallel Aware": false,"Async Capable": false,"Join Type": "Inner","Startup Cost": 210537.69,"Total Cost": 289682.32,"Plan Rows": 153265,"Plan Width": 25,"Actual Startup Time": 10123.332,"Actual Total Time": 10224.239,"Actual Rows": 16,"Actual Loops": 4,"Inner Unique": false,"Workers": [],"Plans": [{"Node Type": "Hash Join","Parent Relationship": "Outer","Parallel Aware": false,"Async Capable": false,"Join Type": "Inner","Startup Cost": 210537.26,"Total Cost": 242741.13,"Plan Rows": 38308,"Plan Width": 24,"Actual Startup Time": 10123.186,"Actual Total Time": 10223.998,"Actual Rows": 2,"Actual Loops": 4,"Inner Unique": true,"Hash Cond": "(orders.o_orderkey = lineitem_1.l_orderkey)","Workers": [],"Plans": [{"Node Type": "Seq Scan","Parent Relationship": "Outer","Parallel Aware": true,"Async Capable": false,"Relation Name": "orders","Alias": "orders","Startup Cost": 0.00,"Total Cost": 30933.71,"Plan Rows": 483871,"Plan Width": 20,"Actual Startup Time": 0.011,"Actual Total Time": 49.852,"Actual Rows": 375000,"Actual Loops": 4,"Workers": []},{"Node Type": "Hash","Parent Relationship": "Inner","Parallel Aware": false,"Async Capable": false,"Startup Cost": 209052.81,"Total Cost": 209052.81,"Plan Rows": 118756,"Plan Width": 4,"Actual Startup Time": 10005.666,"Actual Total Time": 10005.673,"Actual Rows": 9,"Actual Loops": 4,"Hash Buckets": 131072,"Original Hash Buckets": 131072,"Hash Batches": 1,"Original Hash Batches": 1,"Peak Memory Usage": 1025,"Workers": [],"Plans": [{"Node Type": "Aggregate","Strategy": "Hashed","Partial Mode": "Simple","Parent Relationship": "Outer","Parallel Aware": false,"Async Capable": false,"Startup Cost": 202521.23,"Total Cost": 207865.25,"Plan Rows": 118756,"Plan Width": 4,"Actual Startup Time": 6310.010,"Actual Total Time": 10005.543,"Actual Rows": 9,"Actual Loops": 4,"Group Key": ["lineitem_1.l_orderkey"],"Filter": "(sum(lineitem_1.l_quantity) > '313'::numeric)","Planned Partitions": 0,"HashAgg Batches": 1,"Peak Memory Usage": 638993,"Disk Usage": 0,"Rows Removed by Filter": 1499991,"Workers": [{"Worker Number": 0,"HashAgg Batches": 1,"Peak Memory Usage": 638993,"Disk Usage": 0},{"Worker Number": 1,"HashAgg Batches": 1,"Peak Memory Usage": 638993,"Disk Usage": 0},{"Worker Number": 2,"HashAgg Batches": 1,"Peak Memory Usage": 638993,"Disk Usage": 0}],"Plans": [{"Node Type": "Seq Scan","Parent Relationship": "Outer","Parallel Aware": false,"Async Capable": false,"Relation Name": "lineitem","Alias": "lineitem_1","Startup Cost": 0.00,"Total Cost": 172515.15,"Plan Rows": 6001215,"Plan Width": 9,"Actual Startup Time": 0.020,"Actual Total Time": 994.479,"Actual Rows": 6001215,"Actual Loops": 4,"Workers": []}]}]}]},{"Node Type": "Index Scan","Parent Relationship": "Inner","Parallel Aware": false,"Async Capable": false,"Scan Direction": "Forward","Index Name": "idx_lineitem_orderkey","Relation Name": "lineitem","Alias": "lineitem","Startup Cost": 0.43,"Total Cost": 1.06,"Plan Rows": 17,"Plan Width": 9,"Actual Startup Time": 0.068,"Actual Total Time": 0.075,"Actual Rows": 7,"Actual Loops": 9,"Index Cond": "(l_orderkey = orders.o_orderkey)","Rows Removed by Index Recheck": 0,"Workers": []}]},{"Node Type": "Hash","Parent Relationship": "Inner","Parallel Aware": true,"Async Capable": false,"Startup Cost": 4210.00,"Total Cost": 4210.00,"Plan Rows": 62500,"Plan Width": 23,"Actual Startup Time": 33.578,"Actual Total Time": 33.582,"Actual Rows": 37500,"Actual Loops": 4,"Hash Buckets": 262144,"Original Hash Buckets": 262144,"Hash Batches": 1,"Original Hash Batches": 1,"Peak Memory Usage": 10336,"Workers": [],"Plans": [{"Node Type": "Seq Scan","Parent Relationship": "Outer","Parallel Aware": true,"Async Capable": false,"Relation Name": "customer","Alias": "customer","Startup Cost": 0.00,"Total Cost": 4210.00,"Plan Rows": 62500,"Plan Width": 23,"Actual Startup Time": 0.023,"Actual Total Time": 16.777,"Actual Rows": 37500,"Actual Loops": 4,"Workers": []}]}]}]}]}]},"Planning Time": 6.662,"Triggers": [],"Execution Time": 10430.266}]
[{"Plan": {"Node Type": "Sort","Parallel Aware": false,"Async Capable": false,"Startup Cost": 397889.21,"Total Cost": 399077.01,"Plan Rows": 475120,"Plan Width": 71,"Actual Startup Time": 10887.509,"Actual Total Time": 10908.132,"Actual Rows": 10,"Actual Loops": 1,"Sort Key": ["orders.o_totalprice DESC", "orders.o_orderdate"],"Sort Method": "quicksort","Sort Space Used": 25,"Sort Space Type": "Memory","Plans": [{"Node Type": "Aggregate","Strategy": "Hashed","Partial Mode": "Simple","Parent Relationship": "Outer","Parallel Aware": false,"Async Capable": false,"Startup Cost": 347151.30,"Total Cost": 353090.30,"Plan Rows": 475120,"Plan Width": 71,"Actual Startup Time": 10848.812,"Actual Total Time": 10907.941,"Actual Rows": 10,"Actual Loops": 1,"Group Key": ["customer.c_custkey", "orders.o_orderkey"],"Planned Partitions": 0,"HashAgg Batches": 1,"Peak Memory Usage": 24601,"Disk Usage": 0,"Plans": [{"Node Type": "Gather","Parent Relationship": "Outer","Parallel Aware": false,"Async Capable": false,"Startup Cost": 216528.94,"Total Cost": 343587.90,"Plan Rows": 475120,"Plan Width": 44,"Actual Startup Time": 10782.037,"Actual Total Time": 10858.151,"Actual Rows": 70,"Actual Loops": 1,"Workers Planned": 3,"Workers Launched": 3,"Single Copy": false,"Plans": [{"Node Type": "Hash Join","Parent Relationship": "Outer","Parallel Aware": true,"Async Capable": false,"Join Type": "Inner","Startup Cost": 215528.94,"Total Cost": 295075.90,"Plan Rows": 153265,"Plan Width": 44,"Actual Startup Time": 10180.765,"Actual Total Time": 10348.312,"Actual Rows": 18,"Actual Loops": 4,"Inner Unique": true,"Hash Cond": "(orders.o_custkey = customer.c_custkey)","Workers": [],"Plans": [{"Node Type": "Nested Loop","Parent Relationship": "Outer","Parallel Aware": false,"Async Capable": false,"Join Type": "Inner","Startup Cost": 210537.69,"Total Cost": 289682.32,"Plan Rows": 153265,"Plan Width": 25,"Actual Startup Time": 10142.809,"Actual Total Time": 10310.270,"Actual Rows": 18,"Actual Loops": 4,"Inner Unique": false,"Workers": [],"Plans": [{"Node Type": "Hash Join","Parent Relationship": "Outer","Parallel Aware": false,"Async Capable": false,"Join Type": "Inner","Startup Cost": 210537.26,"Total Cost": 242741.13,"Plan Rows": 38308,"Plan Width": 24,"Actual Startup Time": 10142.670,"Actual Total Time": 10309.991,"Actual Rows": 2,"Actual Loops": 4,"Inner Unique": true,"Hash Cond": "(orders.o_orderkey = lineitem_1.l_orderkey)","Workers": [],"Plans": [{"Node Type": "Seq Scan","Parent Relationship": "Outer","Parallel Aware": true,"Async Capable": false,"Relation Name": "orders","Alias": "orders","Startup Cost": 0.00,"Total Cost": 30933.71,"Plan Rows": 483871,"Plan Width": 20,"Actual Startup Time": 0.009,"Actual Total Time": 49.040,"Actual Rows": 375000,"Actual Loops": 4,"Workers": []},{"Node Type": "Hash","Parent Relationship": "Inner","Parallel Aware": false,"Async Capable": false,"Startup Cost": 209052.81,"Total Cost": 209052.81,"Plan Rows": 118756,"Plan Width": 4,"Actual Startup Time": 10075.163,"Actual Total Time": 10075.176,"Actual Rows": 10,"Actual Loops": 4,"Hash Buckets": 131072,"Original Hash Buckets": 131072,"Hash Batches": 1,"Original Hash Batches": 1,"Peak Memory Usage": 1025,"Workers": [],"Plans": [{"Node Type": "Aggregate","Strategy": "Hashed","Partial Mode": "Simple","Parent Relationship": "Outer","Parallel Aware": false,"Async Capable": false,"Startup Cost": 202521.23,"Total Cost": 207865.25,"Plan Rows": 118756,"Plan Width": 4,"Actual Startup Time": 6293.151,"Actual Total Time": 10074.968,"Actual Rows": 10,"Actual Loops": 4,"Group Key": ["lineitem_1.l_orderkey"],"Filter": "(sum(lineitem_1.l_quantity) > '312'::numeric)","Planned Partitions": 0,"HashAgg Batches": 1,"Peak Memory Usage": 638993,"Disk Usage": 0,"Rows Removed by Filter": 1499990,"Workers": [{"Worker Number": 0,"HashAgg Batches": 1,"Peak Memory Usage": 638993,"Disk Usage": 0},{"Worker Number": 1,"HashAgg Batches": 1,"Peak Memory Usage": 638993,"Disk Usage": 0},{"Worker Number": 2,"HashAgg Batches": 1,"Peak Memory Usage": 638993,"Disk Usage": 0}],"Plans": [{"Node Type": "Seq Scan","Parent Relationship": "Outer","Parallel Aware": false,"Async Capable": false,"Relation Name": "lineitem","Alias": "lineitem_1","Startup Cost": 0.00,"Total Cost": 172515.15,"Plan Rows": 6001215,"Plan Width": 9,"Actual Startup Time": 0.021,"Actual Total Time": 960.546,"Actual Rows": 6001215,"Actual Loops": 4,"Workers": []}]}]}]},{"Node Type": "Index Scan","Parent Relationship": "Inner","Parallel Aware": false,"Async Capable": false,"Scan Direction": "Forward","Index Name": "idx_lineitem_orderkey","Relation Name": "lineitem","Alias": "lineitem","Startup Cost": 0.43,"Total Cost": 1.06,"Plan Rows": 17,"Plan Width": 9,"Actual Startup Time": 0.072,"Actual Total Time": 0.079,"Actual Rows": 7,"Actual Loops": 10,"Index Cond": "(l_orderkey = orders.o_orderkey)","Rows Removed by Index Recheck": 0,"Workers": []}]},{"Node Type": "Hash","Parent Relationship": "Inner","Parallel Aware": true,"Async Capable": false,"Startup Cost": 4210.00,"Total Cost": 4210.00,"Plan Rows": 62500,"Plan Width": 23,"Actual Startup Time": 37.105,"Actual Total Time": 37.114,"Actual Rows": 37500,"Actual Loops": 4,"Hash Buckets": 262144,"Original Hash Buckets": 262144,"Hash Batches": 1,"Original Hash Batches": 1,"Peak Memory Usage": 10368,"Workers": [],"Plans": [{"Node Type": "Seq Scan","Parent Relationship": "Outer","Parallel Aware": true,"Async Capable": false,"Relation Name": "customer","Alias": "customer","Startup Cost": 0.00,"Total Cost": 4210.00,"Plan Rows": 62500,"Plan Width": 23,"Actual Startup Time": 0.025,"Actual Total Time": 19.726,"Actual Rows": 37500,"Actual Loops": 4,"Workers": []}]}]}]}]}]},"Planning Time": 6.715,"Triggers": [],"Execution Time": 10961.817}]
[{"Plan": {"Node Type": "Sort","Parallel Aware": false,"Async Capable": false,"Startup Cost": 397889.21,"Total Cost": 399077.01,"Plan Rows": 475120,"Plan Width": 71,"Actual Startup Time": 10887.509,"Actual Total Time": 10908.132,"Actual Rows": 10,"Actual Loops": 1,"Sort Key": ["orders.o_totalprice DESC", "orders.o_orderdate"],"Sort Method": "quicksort","Sort Space Used": 25,"Sort Space Type": "Memory","Plans": [{"Node Type": "Aggregate","Strategy": "Hashed","Partial Mode": "Simple","Parent Relationship": "Outer","Parallel Aware": false,"Async Capable": false,"Startup Cost": 347151.30,"Total Cost": 353090.30,"Plan Rows": 475120,"Plan Width": 71,"Actual Startup Time": 10848.812,"Actual Total Time": 10907.941,"Actual Rows": 10,"Actual Loops": 1,"Group Key": ["customer.c_custkey", "orders.o_orderkey"],"Planned Partitions": 0,"HashAgg Batches": 1,"Peak Memory Usage": 24601,"Disk Usage": 0,"Plans": [{"Node Type": "Gather","Parent Relationship": "Outer","Parallel Aware": false,"Async Capable": false,"Startup Cost": 216528.94,"Total Cost": 343587.90,"Plan Rows": 475120,"Plan Width": 44,"Actual Startup Time": 10782.037,"Actual Total Time": 10858.151,"Actual Rows": 70,"Actual Loops": 1,"Workers Planned": 3,"Workers Launched": 3,"Single Copy": false,"Plans": [{"Node Type": "Hash Join","Parent Relationship": "Outer","Parallel Aware": true,"Async Capable": false,"Join Type": "Inner","Startup Cost": 215528.94,"Total Cost": 295075.90,"Plan Rows": 153265,"Plan Width": 44,"Actual Startup Time": 10180.765,"Actual Total Time": 10348.312,"Actual Rows": 18,"Actual Loops": 4,"Inner Unique": true,"Hash Cond": "(orders.o_custkey = customer.c_custkey)","Workers": [],"Plans": [{"Node Type": "Nested Loop","Parent Relationship": "Outer","Parallel Aware": false,"Async Capable": false,"Join Type": "Inner","Startup Cost": 210537.69,"Total Cost": 289682.32,"Plan Rows": 153265,"Plan Width": 25,"Actual Startup Time": 10142.809,"Actual Total Time": 10310.270,"Actual Rows": 18,"Actual Loops": 4,"Inner Unique": false,"Workers": [],"Plans": [{"Node Type": "Hash Join","Parent Relationship": "Outer","Parallel Aware": false,"Async Capable": false,"Join Type": "Inner","Startup Cost": 210537.26,"Total Cost": 242741.13,"Plan Rows": 38308,"Plan Width": 24,"Actual Startup Time": 10142.670,"Actual Total Time": 10309.991,"Actual Rows": 2,"Actual Loops": 4,"Inner Unique": true,"Hash Cond": "(orders.o_orderkey = lineitem_1.l_orderkey)","Workers": [],"Plans": [{"Node Type": "Seq Scan","Parent Relationship": "Outer","Parallel Aware": true,"Async Capable": false,"Relation Name": "orders","Alias": "orders","Startup Cost": 0.00,"Total Cost": 30933.71,"Plan Rows": 483871,"Plan Width": 20,"Actual Startup Time": 0.009,"Actual Total Time": 49.040,"Actual Rows": 375000,"Actual Loops": 4,"Workers": []},{"Node Type": "Hash","Parent Relationship": "Inner","Parallel Aware": false,"Async Capable": false,"Startup Cost": 209052.81,"Total Cost": 209052.81,"Plan Rows": 118756,"Plan Width": 4,"Actual Startup Time": 10075.163,"Actual Total Time": 10075.176,"Actual Rows": 10,"Actual Loops": 4,"Hash Buckets": 131072,"Original Hash Buckets": 131072,"Hash Batches": 1,"Original Hash Batches": 1,"Peak Memory Usage": 1025,"Workers": [],"Plans": [{"Node Type": "Aggregate","Strategy": "Hashed","Partial Mode": "Simple","Parent Relationship": "Outer","Parallel Aware": false,"Async Capable": false,"Startup Cost": 202521.23,"Total Cost": 207865.25,"Plan Rows": 118756,"Plan Width": 4,"Actual Startup Time": 6293.151,"Actual Total Time": 10074.968,"Actual Rows": 10,"Actual Loops": 4,"Group Key": ["lineitem_1.l_orderkey"],"Filter": "(sum(lineitem_1.l_quantity) > '312'::numeric)","Planned Partitions": 0,"HashAgg Batches": 1,"Peak Memory Usage": 638993,"Disk Usage": 0,"Rows Removed by Filter": 1499990,"Workers": [{"Worker Number": 0,"HashAgg Batches": 1,"Peak Memory Usage": 638993,"Disk Usage": 0},{"Worker Number": 1,"HashAgg Batches": 1,"Peak Memory Usage": 638993,"Disk Usage": 0},{"Worker Number": 2,"HashAgg Batches": 1,"Peak Memory Usage": 638993,"Disk Usage": 0}],"Plans": [{"Node Type": "Seq Scan","Parent Relationship": "Outer","Parallel Aware": false,"Async Capable": false,"Relation Name": "lineitem","Alias": "lineitem_1","Startup Cost": 0.00,"Total Cost": 172515.15,"Plan Rows": 6001215,"Plan Width": 9,"Actual Startup Time": 0.021,"Actual Total Time": 960.546,"Actual Rows": 6001215,"Actual Loops": 4,"Workers": []}]}]}]},{"Node Type": "Index Scan","Parent Relationship": "Inner","Parallel Aware": false,"Async Capable": false,"Scan Direction": "Forward","Index Name": "idx_lineitem_orderkey","Relation Name": "lineitem","Alias": "lineitem","Startup Cost": 0.43,"Total Cost": 1.06,"Plan Rows": 17,"Plan Width": 9,"Actual Startup Time": 0.072,"Actual Total Time": 0.079,"Actual Rows": 7,"Actual Loops": 10,"Index Cond": "(l_orderkey = orders.o_orderkey)","Rows Removed by Index Recheck": 0,"Workers": []}]},{"Node Type": "Hash","Parent Relationship": "Inner","Parallel Aware": true,"Async Capable": false,"Startup Cost": 4210.00,"Total Cost": 4210.00,"Plan Rows": 62500,"Plan Width": 23,"Actual Startup Time": 37.105,"Actual Total Time": 37.114,"Actual Rows": 37500,"Actual Loops": 4,"Hash Buckets": 262144,"Original Hash Buckets": 262144,"Hash Batches": 1,"Original Hash Batches": 1,"Peak Memory Usage": 10368,"Workers": [],"Plans": [{"Node Type": "Seq Scan","Parent Relationship": "Outer","Parallel Aware": true,"Async Capable": false,"Relation Name": "customer","Alias": "customer","Startup Cost": 0.00,"Total Cost": 4210.00,"Plan Rows": 62500,"Plan Width": 23,"Actual Startup Time": 0.025,"Actual Total Time": 19.726,"Actual Rows": 37500,"Actual Loops": 4,"Workers": []}]}]}]}]}]},"Planning Time": 6.715,"Triggers": [],"Execution Time": 10961.817}]
[{"Plan": {"Node Type": "Sort","Parallel Aware": false,"Async Capable": false,"Startup Cost": 397889.21,"Total Cost": 399077.01,"Plan Rows": 475120,"Plan Width": 71,"Actual Startup Time": 10345.847,"Actual Total Time": 10377.998,"Actual Rows": 9,"Actual Loops": 1,"Sort Key": ["orders.o_totalprice DESC", "orders.o_orderdate"],"Sort Method": "quicksort","Sort Space Used": 25,"Sort Space Type": "Memory","Plans": [{"Node Type": "Aggregate","Strategy": "Hashed","Partial Mode": "Simple","Parent Relationship": "Outer","Parallel Aware": false,"Async Capable": false,"Startup Cost": 347151.30,"Total Cost": 353090.30,"Plan Rows": 475120,"Plan Width": 71,"Actual Startup Time": 10329.232,"Actual Total Time": 10377.856,"Actual Rows": 9,"Actual Loops": 1,"Group Key": ["customer.c_custkey", "orders.o_orderkey"],"Planned Partitions": 0,"HashAgg Batches": 1,"Peak Memory Usage": 24601,"Disk Usage": 0,"Plans": [{"Node Type": "Gather","Parent Relationship": "Outer","Parallel Aware": false,"Async Capable": false,"Startup Cost": 216528.94,"Total Cost": 343587.90,"Plan Rows": 475120,"Plan Width": 44,"Actual Startup Time": 10053.961,"Actual Total Time": 10357.615,"Actual Rows": 63,"Actual Loops": 1,"Workers Planned": 3,"Workers Launched": 3,"Single Copy": false,"Plans": [{"Node Type": "Hash Join","Parent Relationship": "Outer","Parallel Aware": true,"Async Capable": false,"Join Type": "Inner","Startup Cost": 215528.94,"Total Cost": 295075.90,"Plan Rows": 153265,"Plan Width": 44,"Actual Startup Time": 10157.696,"Actual Total Time": 10258.651,"Actual Rows": 16,"Actual Loops": 4,"Inner Unique": true,"Hash Cond": "(orders.o_custkey = customer.c_custkey)","Workers": [],"Plans": [{"Node Type": "Nested Loop","Parent Relationship": "Outer","Parallel Aware": false,"Async Capable": false,"Join Type": "Inner","Startup Cost": 210537.69,"Total Cost": 289682.32,"Plan Rows": 153265,"Plan Width": 25,"Actual Startup Time": 10123.332,"Actual Total Time": 10224.239,"Actual Rows": 16,"Actual Loops": 4,"Inner Unique": false,"Workers": [],"Plans": [{"Node Type": "Hash Join","Parent Relationship": "Outer","Parallel Aware": false,"Async Capable": false,"Join Type": "Inner","Startup Cost": 210537.26,"Total Cost": 242741.13,"Plan Rows": 38308,"Plan Width": 24,"Actual Startup Time": 10123.186,"Actual Total Time": 10223.998,"Actual Rows": 2,"Actual Loops": 4,"Inner Unique": true,"Hash Cond": "(orders.o_orderkey = lineitem_1.l_orderkey)","Workers": [],"Plans": [{"Node Type": "Seq Scan","Parent Relationship": "Outer","Parallel Aware": true,"Async Capable": false,"Relation Name": "orders","Alias": "orders","Startup Cost": 0.00,"Total Cost": 30933.71,"Plan Rows": 483871,"Plan Width": 20,"Actual Startup Time": 0.011,"Actual Total Time": 49.852,"Actual Rows": 375000,"Actual Loops": 4,"Workers": []},{"Node Type": "Hash","Parent Relationship": "Inner","Parallel Aware": false,"Async Capable": false,"Startup Cost": 209052.81,"Total Cost": 209052.81,"Plan Rows": 118756,"Plan Width": 4,"Actual Startup Time": 10005.666,"Actual Total Time": 10005.673,"Actual Rows": 9,"Actual Loops": 4,"Hash Buckets": 131072,"Original Hash Buckets": 131072,"Hash Batches": 1,"Original Hash Batches": 1,"Peak Memory Usage": 1025,"Workers": [],"Plans": [{"Node Type": "Aggregate","Strategy": "Hashed","Partial Mode": "Simple","Parent Relationship": "Outer","Parallel Aware": false,"Async Capable": false,"Startup Cost": 202521.23,"Total Cost": 207865.25,"Plan Rows": 118756,"Plan Width": 4,"Actual Startup Time": 6310.010,"Actual Total Time": 10005.543,"Actual Rows": 9,"Actual Loops": 4,"Group Key": ["lineitem_1.l_orderkey"],"Filter": "(sum(lineitem_1.l_quantity) > '313'::numeric)","Planned Partitions": 0,"HashAgg Batches": 1,"Peak Memory Usage": 638993,"Disk Usage": 0,"Rows Removed by Filter": 1499991,"Workers": [{"Worker Number": 0,"HashAgg Batches": 1,"Peak Memory Usage": 638993,"Disk Usage": 0},{"Worker Number": 1,"HashAgg Batches": 1,"Peak Memory Usage": 638993,"Disk Usage": 0},{"Worker Number": 2,"HashAgg Batches": 1,"Peak Memory Usage": 638993,"Disk Usage": 0}],"Plans": [{"Node Type": "Seq Scan","Parent Relationship": "Outer","Parallel Aware": false,"Async Capable": false,"Relation Name": "lineitem","Alias": "lineitem_1","Startup Cost": 0.00,"Total Cost": 172515.15,"Plan Rows": 6001215,"Plan Width": 9,"Actual Startup Time": 0.020,"Actual Total Time": 994.479,"Actual Rows": 6001215,"Actual Loops": 4,"Workers": []}]}]}]},{"Node Type": "Index Scan","Parent Relationship": "Inner","Parallel Aware": false,"Async Capable": false,"Scan Direction": "Forward","Index Name": "idx_lineitem_orderkey","Relation Name": "lineitem","Alias": "lineitem","Startup Cost": 0.43,"Total Cost": 1.06,"Plan Rows": 17,"Plan Width": 9,"Actual Startup Time": 0.068,"Actual Total Time": 0.075,"Actual Rows": 7,"Actual Loops": 9,"Index Cond": "(l_orderkey = orders.o_orderkey)","Rows Removed by Index Recheck": 0,"Workers": []}]},{"Node Type": "Hash","Parent Relationship": "Inner","Parallel Aware": true,"Async Capable": false,"Startup Cost": 4210.00,"Total Cost": 4210.00,"Plan Rows": 62500,"Plan Width": 23,"Actual Startup Time": 33.578,"Actual Total Time": 33.582,"Actual Rows": 37500,"Actual Loops": 4,"Hash Buckets": 262144,"Original Hash Buckets": 262144,"Hash Batches": 1,"Original Hash Batches": 1,"Peak Memory Usage": 10336,"Workers": [],"Plans": [{"Node Type": "Seq Scan","Parent Relationship": "Outer","Parallel Aware": true,"Async Capable": false,"Relation Name": "customer","Alias": "customer","Startup Cost": 0.00,"Total Cost": 4210.00,"Plan Rows": 62500,"Plan Width": 23,"Actual Startup Time": 0.023,"Actual Total Time": 16.777,"Actual Rows": 37500,"Actual Loops": 4,"Workers": []}]}]}]}]}]},"Planning Time": 6.662,"Triggers": [],"Execution Time": 10430.266}]
[{"Plan": {"Node Type": "Sort","Parallel Aware": false,"Async Capable": false,"Startup Cost": 397889.21,"Total Cost": 399077.01,"Plan Rows": 475120,"Plan Width": 71,"Actual Startup Time": 10345.847,"Actual Total Time": 10377.998,"Actual Rows": 9,"Actual Loops": 1,"Sort Key": ["orders.o_totalprice DESC", "orders.o_orderdate"],"Sort Method": "quicksort","Sort Space Used": 25,"Sort Space Type": "Memory","Plans": [{"Node Type": "Aggregate","Strategy": "Hashed","Partial Mode": "Simple","Parent Relationship": "Outer","Parallel Aware": false,"Async Capable": false,"Startup Cost": 347151.30,"Total Cost": 353090.30,"Plan Rows": 475120,"Plan Width": 71,"Actual Startup Time": 10329.232,"Actual Total Time": 10377.856,"Actual Rows": 9,"Actual Loops": 1,"Group Key": ["customer.c_custkey", "orders.o_orderkey"],"Planned Partitions": 0,"HashAgg Batches": 1,"Peak Memory Usage": 24601,"Disk Usage": 0,"Plans": [{"Node Type": "Gather","Parent Relationship": "Outer","Parallel Aware": false,"Async Capable": false,"Startup Cost": 216528.94,"Total Cost": 343587.90,"Plan Rows": 475120,"Plan Width": 44,"Actual Startup Time": 10053.961,"Actual Total Time": 10357.615,"Actual Rows": 63,"Actual Loops": 1,"Workers Planned": 3,"Workers Launched": 3,"Single Copy": false,"Plans": [{"Node Type": "Hash Join","Parent Relationship": "Outer","Parallel Aware": true,"Async Capable": false,"Join Type": "Inner","Startup Cost": 215528.94,"Total Cost": 295075.90,"Plan Rows": 153265,"Plan Width": 44,"Actual Startup Time": 10157.696,"Actual Total Time": 10258.651,"Actual Rows": 16,"Actual Loops": 4,"Inner Unique": true,"Hash Cond": "(orders.o_custkey = customer.c_custkey)","Workers": [],"Plans": [{"Node Type": "Nested Loop","Parent Relationship": "Outer","Parallel Aware": false,"Async Capable": false,"Join Type": "Inner","Startup Cost": 210537.69,"Total Cost": 289682.32,"Plan Rows": 153265,"Plan Width": 25,"Actual Startup Time": 10123.332,"Actual Total Time": 10224.239,"Actual Rows": 16,"Actual Loops": 4,"Inner Unique": false,"Workers": [],"Plans": [{"Node Type": "Hash Join","Parent Relationship": "Outer","Parallel Aware": false,"Async Capable": false,"Join Type": "Inner","Startup Cost": 210537.26,"Total Cost": 242741.13,"Plan Rows": 38308,"Plan Width": 24,"Actual Startup Time": 10123.186,"Actual Total Time": 10223.998,"Actual Rows": 2,"Actual Loops": 4,"Inner Unique": true,"Hash Cond": "(orders.o_orderkey = lineitem_1.l_orderkey)","Workers": [],"Plans": [{"Node Type": "Seq Scan","Parent Relationship": "Outer","Parallel Aware": true,"Async Capable": false,"Relation Name": "orders","Alias": "orders","Startup Cost": 0.00,"Total Cost": 30933.71,"Plan Rows": 483871,"Plan Width": 20,"Actual Startup Time": 0.011,"Actual Total Time": 49.852,"Actual Rows": 375000,"Actual Loops": 4,"Workers": []},{"Node Type": "Hash","Parent Relationship": "Inner","Parallel Aware": false,"Async Capable": false,"Startup Cost": 209052.81,"Total Cost": 209052.81,"Plan Rows": 118756,"Plan Width": 4,"Actual Startup Time": 10005.666,"Actual Total Time": 10005.673,"Actual Rows": 9,"Actual Loops": 4,"Hash Buckets": 131072,"Original Hash Buckets": 131072,"Hash Batches": 1,"Original Hash Batches": 1,"Peak Memory Usage": 1025,"Workers": [],"Plans": [{"Node Type": "Aggregate","Strategy": "Hashed","Partial Mode": "Simple","Parent Relationship": "Outer","Parallel Aware": false,"Async Capable": false,"Startup Cost": 202521.23,"Total Cost": 207865.25,"Plan Rows": 118756,"Plan Width": 4,"Actual Startup Time": 6310.010,"Actual Total Time": 10005.543,"Actual Rows": 9,"Actual Loops": 4,"Group Key": ["lineitem_1.l_orderkey"],"Filter": "(sum(lineitem_1.l_quantity) > '313'::numeric)","Planned Partitions": 0,"HashAgg Batches": 1,"Peak Memory Usage": 638993,"Disk Usage": 0,"Rows Removed by Filter": 1499991,"Workers": [{"Worker Number": 0,"HashAgg Batches": 1,"Peak Memory Usage": 638993,"Disk Usage": 0},{"Worker Number": 1,"HashAgg Batches": 1,"Peak Memory Usage": 638993,"Disk Usage": 0},{"Worker Number": 2,"HashAgg Batches": 1,"Peak Memory Usage": 638993,"Disk Usage": 0}],"Plans": [{"Node Type": "Seq Scan","Parent Relationship": "Outer","Parallel Aware": false,"Async Capable": false,"Relation Name": "lineitem","Alias": "lineitem_1","Startup Cost": 0.00,"Total Cost": 172515.15,"Plan Rows": 6001215,"Plan Width": 9,"Actual Startup Time": 0.020,"Actual Total Time": 994.479,"Actual Rows": 6001215,"Actual Loops": 4,"Workers": []}]}]}]},{"Node Type": "Index Scan","Parent Relationship": "Inner","Parallel Aware": false,"Async Capable": false,"Scan Direction": "Forward","Index Name": "idx_lineitem_orderkey","Relation Name": "lineitem","Alias": "lineitem","Startup Cost": 0.43,"Total Cost": 1.06,"Plan Rows": 17,"Plan Width": 9,"Actual Startup Time": 0.068,"Actual Total Time": 0.075,"Actual Rows": 7,"Actual Loops": 9,"Index Cond": "(l_orderkey = orders.o_orderkey)","Rows Removed by Index Recheck": 0,"Workers": []}]},{"Node Type": "Hash","Parent Relationship": "Inner","Parallel Aware": true,"Async Capable": false,"Startup Cost": 4210.00,"Total Cost": 4210.00,"Plan Rows": 62500,"Plan Width": 23,"Actual Startup Time": 33.578,"Actual Total Time": 33.582,"Actual Rows": 37500,"Actual Loops": 4,"Hash Buckets": 262144,"Original Hash Buckets": 262144,"Hash Batches": 1,"Original Hash Batches": 1,"Peak Memory Usage": 10336,"Workers": [],"Plans": [{"Node Type": "Seq Scan","Parent Relationship": "Outer","Parallel Aware": true,"Async Capable": false,"Relation Name": "customer","Alias": "customer","Startup Cost": 0.00,"Total Cost": 4210.00,"Plan Rows": 62500,"Plan Width": 23,"Actual Startup Time": 0.023,"Actual Total Time": 16.777,"Actual Rows": 37500,"Actual Loops": 4,"Workers": []}]}]}]}]}]},"Planning Time": 6.662,"Triggers": [],"Execution Time": 10430.266}]
[{"Plan": {"Node Type": "Sort","Parallel Aware": false,"Async Capable": false,"Startup Cost": 397889.21,"Total Cost": 399077.01,"Plan Rows": 475120,"Plan Width": 71,"Actual Startup Time": 10887.509,"Actual Total Time": 10908.132,"Actual Rows": 10,"Actual Loops": 1,"Sort Key": ["orders.o_totalprice DESC", "orders.o_orderdate"],"Sort Method": "quicksort","Sort Space Used": 25,"Sort Space Type": "Memory","Plans": [{"Node Type": "Aggregate","Strategy": "Hashed","Partial Mode": "Simple","Parent Relationship": "Outer","Parallel Aware": false,"Async Capable": false,"Startup Cost": 347151.30,"Total Cost": 353090.30,"Plan Rows": 475120,"Plan Width": 71,"Actual Startup Time": 10848.812,"Actual Total Time": 10907.941,"Actual Rows": 10,"Actual Loops": 1,"Group Key": ["customer.c_custkey", "orders.o_orderkey"],"Planned Partitions": 0,"HashAgg Batches": 1,"Peak Memory Usage": 24601,"Disk Usage": 0,"Plans": [{"Node Type": "Gather","Parent Relationship": "Outer","Parallel Aware": false,"Async Capable": false,"Startup Cost": 216528.94,"Total Cost": 343587.90,"Plan Rows": 475120,"Plan Width": 44,"Actual Startup Time": 10782.037,"Actual Total Time": 10858.151,"Actual Rows": 70,"Actual Loops": 1,"Workers Planned": 3,"Workers Launched": 3,"Single Copy": false,"Plans": [{"Node Type": "Hash Join","Parent Relationship": "Outer","Parallel Aware": true,"Async Capable": false,"Join Type": "Inner","Startup Cost": 215528.94,"Total Cost": 295075.90,"Plan Rows": 153265,"Plan Width": 44,"Actual Startup Time": 10180.765,"Actual Total Time": 10348.312,"Actual Rows": 18,"Actual Loops": 4,"Inner Unique": true,"Hash Cond": "(orders.o_custkey = customer.c_custkey)","Workers": [],"Plans": [{"Node Type": "Nested Loop","Parent Relationship": "Outer","Parallel Aware": false,"Async Capable": false,"Join Type": "Inner","Startup Cost": 210537.69,"Total Cost": 289682.32,"Plan Rows": 153265,"Plan Width": 25,"Actual Startup Time": 10142.809,"Actual Total Time": 10310.270,"Actual Rows": 18,"Actual Loops": 4,"Inner Unique": false,"Workers": [],"Plans": [{"Node Type": "Hash Join","Parent Relationship": "Outer","Parallel Aware": false,"Async Capable": false,"Join Type": "Inner","Startup Cost": 210537.26,"Total Cost": 242741.13,"Plan Rows": 38308,"Plan Width": 24,"Actual Startup Time": 10142.670,"Actual Total Time": 10309.991,"Actual Rows": 2,"Actual Loops": 4,"Inner Unique": true,"Hash Cond": "(orders.o_orderkey = lineitem_1.l_orderkey)","Workers": [],"Plans": [{"Node Type": "Seq Scan","Parent Relationship": "Outer","Parallel Aware": true,"Async Capable": false,"Relation Name": "orders","Alias": "orders","Startup Cost": 0.00,"Total Cost": 30933.71,"Plan Rows": 483871,"Plan Width": 20,"Actual Startup Time": 0.009,"Actual Total Time": 49.040,"Actual Rows": 375000,"Actual Loops": 4,"Workers": []},{"Node Type": "Hash","Parent Relationship": "Inner","Parallel Aware": false,"Async Capable": false,"Startup Cost": 209052.81,"Total Cost": 209052.81,"Plan Rows": 118756,"Plan Width": 4,"Actual Startup Time": 10075.163,"Actual Total Time": 10075.176,"Actual Rows": 10,"Actual Loops": 4,"Hash Buckets": 131072,"Original Hash Buckets": 131072,"Hash Batches": 1,"Original Hash Batches": 1,"Peak Memory Usage": 1025,"Workers": [],"Plans": [{"Node Type": "Aggregate","Strategy": "Hashed","Partial Mode": "Simple","Parent Relationship": "Outer","Parallel Aware": false,"Async Capable": false,"Startup Cost": 202521.23,"Total Cost": 207865.25,"Plan Rows": 118756,"Plan Width": 4,"Actual Startup Time": 6293.151,"Actual Total Time": 10074.968,"Actual Rows": 10,"Actual Loops": 4,"Group Key": ["lineitem_1.l_orderkey"],"Filter": "(sum(lineitem_1.l_quantity) > '312'::numeric)","Planned Partitions": 0,"HashAgg Batches": 1,"Peak Memory Usage": 638993,"Disk Usage": 0,"Rows Removed by Filter": 1499990,"Workers": [{"Worker Number": 0,"HashAgg Batches": 1,"Peak Memory Usage": 638993,"Disk Usage": 0},{"Worker Number": 1,"HashAgg Batches": 1,"Peak Memory Usage": 638993,"Disk Usage": 0},{"Worker Number": 2,"HashAgg Batches": 1,"Peak Memory Usage": 638993,"Disk Usage": 0}],"Plans": [{"Node Type": "Seq Scan","Parent Relationship": "Outer","Parallel Aware": false,"Async Capable": false,"Relation Name": "lineitem","Alias": "lineitem_1","Startup Cost": 0.00,"Total Cost": 172515.15,"Plan Rows": 6001215,"Plan Width": 9,"Actual Startup Time": 0.021,"Actual Total Time": 960.546,"Actual Rows": 6001215,"Actual Loops": 4,"Workers": []}]}]}]},{"Node Type": "Index Scan","Parent Relationship": "Inner","Parallel Aware": false,"Async Capable": false,"Scan Direction": "Forward","Index Name": "idx_lineitem_orderkey","Relation Name": "lineitem","Alias": "lineitem","Startup Cost": 0.43,"Total Cost": 1.06,"Plan Rows": 17,"Plan Width": 9,"Actual Startup Time": 0.072,"Actual Total Time": 0.079,"Actual Rows": 7,"Actual Loops": 10,"Index Cond": "(l_orderkey = orders.o_orderkey)","Rows Removed by Index Recheck": 0,"Workers": []}]},{"Node Type": "Hash","Parent Relationship": "Inner","Parallel Aware": true,"Async Capable": false,"Startup Cost": 4210.00,"Total Cost": 4210.00,"Plan Rows": 62500,"Plan Width": 23,"Actual Startup Time": 37.105,"Actual Total Time": 37.114,"Actual Rows": 37500,"Actual Loops": 4,"Hash Buckets": 262144,"Original Hash Buckets": 262144,"Hash Batches": 1,"Original Hash Batches": 1,"Peak Memory Usage": 10368,"Workers": [],"Plans": [{"Node Type": "Seq Scan","Parent Relationship": "Outer","Parallel Aware": true,"Async Capable": false,"Relation Name": "customer","Alias": "customer","Startup Cost": 0.00,"Total Cost": 4210.00,"Plan Rows": 62500,"Plan Width": 23,"Actual Startup Time": 0.025,"Actual Total Time": 19.726,"Actual Rows": 37500,"Actual Loops": 4,"Workers": []}]}]}]}]}]},"Planning Time": 6.715,"Triggers": [],"Execution Time": 10961.817}]
[{"Plan": {"Node Type": "Sort","Parallel Aware": false,"Async Capable": false,"Startup Cost": 397889.21,"Total Cost": 399077.01,"Plan Rows": 475120,"Plan Width": 71,"Actual Startup Time": 10345.847,"Actual Total Time": 10377.998,"Actual Rows": 9,"Actual Loops": 1,"Sort Key": ["orders.o_totalprice DESC", "orders.o_orderdate"],"Sort Method": "quicksort","Sort Space Used": 25,"Sort Space Type": "Memory","Plans": [{"Node Type": "Aggregate","Strategy": "Hashed","Partial Mode": "Simple","Parent Relationship": "Outer","Parallel Aware": false,"Async Capable": false,"Startup Cost": 347151.30,"Total Cost": 353090.30,"Plan Rows": 475120,"Plan Width": 71,"Actual Startup Time": 10329.232,"Actual Total Time": 10377.856,"Actual Rows": 9,"Actual Loops": 1,"Group Key": ["customer.c_custkey", "orders.o_orderkey"],"Planned Partitions": 0,"HashAgg Batches": 1,"Peak Memory Usage": 24601,"Disk Usage": 0,"Plans": [{"Node Type": "Gather","Parent Relationship": "Outer","Parallel Aware": false,"Async Capable": false,"Startup Cost": 216528.94,"Total Cost": 343587.90,"Plan Rows": 475120,"Plan Width": 44,"Actual Startup Time": 10053.961,"Actual Total Time": 10357.615,"Actual Rows": 63,"Actual Loops": 1,"Workers Planned": 3,"Workers Launched": 3,"Single Copy": false,"Plans": [{"Node Type": "Hash Join","Parent Relationship": "Outer","Parallel Aware": true,"Async Capable": false,"Join Type": "Inner","Startup Cost": 215528.94,"Total Cost": 295075.90,"Plan Rows": 153265,"Plan Width": 44,"Actual Startup Time": 10157.696,"Actual Total Time": 10258.651,"Actual Rows": 16,"Actual Loops": 4,"Inner Unique": true,"Hash Cond": "(orders.o_custkey = customer.c_custkey)","Workers": [],"Plans": [{"Node Type": "Nested Loop","Parent Relationship": "Outer","Parallel Aware": false,"Async Capable": false,"Join Type": "Inner","Startup Cost": 210537.69,"Total Cost": 289682.32,"Plan Rows": 153265,"Plan Width": 25,"Actual Startup Time": 10123.332,"Actual Total Time": 10224.239,"Actual Rows": 16,"Actual Loops": 4,"Inner Unique": false,"Workers": [],"Plans": [{"Node Type": "Hash Join","Parent Relationship": "Outer","Parallel Aware": false,"Async Capable": false,"Join Type": "Inner","Startup Cost": 210537.26,"Total Cost": 242741.13,"Plan Rows": 38308,"Plan Width": 24,"Actual Startup Time": 10123.186,"Actual Total Time": 10223.998,"Actual Rows": 2,"Actual Loops": 4,"Inner Unique": true,"Hash Cond": "(orders.o_orderkey = lineitem_1.l_orderkey)","Workers": [],"Plans": [{"Node Type": "Seq Scan","Parent Relationship": "Outer","Parallel Aware": true,"Async Capable": false,"Relation Name": "orders","Alias": "orders","Startup Cost": 0.00,"Total Cost": 30933.71,"Plan Rows": 483871,"Plan Width": 20,"Actual Startup Time": 0.011,"Actual Total Time": 49.852,"Actual Rows": 375000,"Actual Loops": 4,"Workers": []},{"Node Type": "Hash","Parent Relationship": "Inner","Parallel Aware": false,"Async Capable": false,"Startup Cost": 209052.81,"Total Cost": 209052.81,"Plan Rows": 118756,"Plan Width": 4,"Actual Startup Time": 10005.666,"Actual Total Time": 10005.673,"Actual Rows": 9,"Actual Loops": 4,"Hash Buckets": 131072,"Original Hash Buckets": 131072,"Hash Batches": 1,"Original Hash Batches": 1,"Peak Memory Usage": 1025,"Workers": [],"Plans": [{"Node Type": "Aggregate","Strategy": "Hashed","Partial Mode": "Simple","Parent Relationship": "Outer","Parallel Aware": false,"Async Capable": false,"Startup Cost": 202521.23,"Total Cost": 207865.25,"Plan Rows": 118756,"Plan Width": 4,"Actual Startup Time": 6310.010,"Actual Total Time": 10005.543,"Actual Rows": 9,"Actual Loops": 4,"Group Key": ["lineitem_1.l_orderkey"],"Filter": "(sum(lineitem_1.l_quantity) > '313'::numeric)","Planned Partitions": 0,"HashAgg Batches": 1,"Peak Memory Usage": 638993,"Disk Usage": 0,"Rows Removed by Filter": 1499991,"Workers": [{"Worker Number": 0,"HashAgg Batches": 1,"Peak Memory Usage": 638993,"Disk Usage": 0},{"Worker Number": 1,"HashAgg Batches": 1,"Peak Memory Usage": 638993,"Disk Usage": 0},{"Worker Number": 2,"HashAgg Batches": 1,"Peak Memory Usage": 638993,"Disk Usage": 0}],"Plans": [{"Node Type": "Seq Scan","Parent Relationship": "Outer","Parallel Aware": false,"Async Capable": false,"Relation Name": "lineitem","Alias": "lineitem_1","Startup Cost": 0.00,"Total Cost": 172515.15,"Plan Rows": 6001215,"Plan Width": 9,"Actual Startup Time": 0.020,"Actual Total Time": 994.479,"Actual Rows": 6001215,"Actual Loops": 4,"Workers": []}]}]}]},{"Node Type": "Index Scan","Parent Relationship": "Inner","Parallel Aware": false,"Async Capable": false,"Scan Direction": "Forward","Index Name": "idx_lineitem_orderkey","Relation Name": "lineitem","Alias": "lineitem","Startup Cost": 0.43,"Total Cost": 1.06,"Plan Rows": 17,"Plan Width": 9,"Actual Startup Time": 0.068,"Actual Total Time": 0.075,"Actual Rows": 7,"Actual Loops": 9,"Index Cond": "(l_orderkey = orders.o_orderkey)","Rows Removed by Index Recheck": 0,"Workers": []}]},{"Node Type": "Hash","Parent Relationship": "Inner","Parallel Aware": true,"Async Capable": false,"Startup Cost": 4210.00,"Total Cost": 4210.00,"Plan Rows": 62500,"Plan Width": 23,"Actual Startup Time": 33.578,"Actual Total Time": 33.582,"Actual Rows": 37500,"Actual Loops": 4,"Hash Buckets": 262144,"Original Hash Buckets": 262144,"Hash Batches": 1,"Original Hash Batches": 1,"Peak Memory Usage": 10336,"Workers": [],"Plans": [{"Node Type": "Seq Scan","Parent Relationship": "Outer","Parallel Aware": true,"Async Capable": false,"Relation Name": "customer","Alias": "customer","Startup Cost": 0.00,"Total Cost": 4210.00,"Plan Rows": 62500,"Plan Width": 23,"Actual Startup Time": 0.023,"Actual Total Time": 16.777,"Actual Rows": 37500,"Actual Loops": 4,"Workers": []}]}]}]}]}]},"Planning Time": 6.662,"Triggers": [],"Execution Time": 10430.266}]
[{"Plan": {"Node Type": "Sort","Parallel Aware": false,"Async Capable": false,"Startup Cost": 397889.21,"Total Cost": 399077.01,"Plan Rows": 475120,"Plan Width": 71,"Actual Startup Time": 10345.847,"Actual Total Time": 10377.998,"Actual Rows": 9,"Actual Loops": 1,"Sort Key": ["orders.o_totalprice DESC", "orders.o_orderdate"],"Sort Method": "quicksort","Sort Space Used": 25,"Sort Space Type": "Memory","Plans": [{"Node Type": "Aggregate","Strategy": "Hashed","Partial Mode": "Simple","Parent Relationship": "Outer","Parallel Aware": false,"Async Capable": false,"Startup Cost": 347151.30,"Total Cost": 353090.30,"Plan Rows": 475120,"Plan Width": 71,"Actual Startup Time": 10329.232,"Actual Total Time": 10377.856,"Actual Rows": 9,"Actual Loops": 1,"Group Key": ["customer.c_custkey", "orders.o_orderkey"],"Planned Partitions": 0,"HashAgg Batches": 1,"Peak Memory Usage": 24601,"Disk Usage": 0,"Plans": [{"Node Type": "Gather","Parent Relationship": "Outer","Parallel Aware": false,"Async Capable": false,"Startup Cost": 216528.94,"Total Cost": 343587.90,"Plan Rows": 475120,"Plan Width": 44,"Actual Startup Time": 10053.961,"Actual Total Time": 10357.615,"Actual Rows": 63,"Actual Loops": 1,"Workers Planned": 3,"Workers Launched": 3,"Single Copy": false,"Plans": [{"Node Type": "Hash Join","Parent Relationship": "Outer","Parallel Aware": true,"Async Capable": false,"Join Type": "Inner","Startup Cost": 215528.94,"Total Cost": 295075.90,"Plan Rows": 153265,"Plan Width": 44,"Actual Startup Time": 10157.696,"Actual Total Time": 10258.651,"Actual Rows": 16,"Actual Loops": 4,"Inner Unique": true,"Hash Cond": "(orders.o_custkey = customer.c_custkey)","Workers": [],"Plans": [{"Node Type": "Nested Loop","Parent Relationship": "Outer","Parallel Aware": false,"Async Capable": false,"Join Type": "Inner","Startup Cost": 210537.69,"Total Cost": 289682.32,"Plan Rows": 153265,"Plan Width": 25,"Actual Startup Time": 10123.332,"Actual Total Time": 10224.239,"Actual Rows": 16,"Actual Loops": 4,"Inner Unique": false,"Workers": [],"Plans": [{"Node Type": "Hash Join","Parent Relationship": "Outer","Parallel Aware": false,"Async Capable": false,"Join Type": "Inner","Startup Cost": 210537.26,"Total Cost": 242741.13,"Plan Rows": 38308,"Plan Width": 24,"Actual Startup Time": 10123.186,"Actual Total Time": 10223.998,"Actual Rows": 2,"Actual Loops": 4,"Inner Unique": true,"Hash Cond": "(orders.o_orderkey = lineitem_1.l_orderkey)","Workers": [],"Plans": [{"Node Type": "Seq Scan","Parent Relationship": "Outer","Parallel Aware": true,"Async Capable": false,"Relation Name": "orders","Alias": "orders","Startup Cost": 0.00,"Total Cost": 30933.71,"Plan Rows": 483871,"Plan Width": 20,"Actual Startup Time": 0.011,"Actual Total Time": 49.852,"Actual Rows": 375000,"Actual Loops": 4,"Workers": []},{"Node Type": "Hash","Parent Relationship": "Inner","Parallel Aware": false,"Async Capable": false,"Startup Cost": 209052.81,"Total Cost": 209052.81,"Plan Rows": 118756,"Plan Width": 4,"Actual Startup Time": 10005.666,"Actual Total Time": 10005.673,"Actual Rows": 9,"Actual Loops": 4,"Hash Buckets": 131072,"Original Hash Buckets": 131072,"Hash Batches": 1,"Original Hash Batches": 1,"Peak Memory Usage": 1025,"Workers": [],"Plans": [{"Node Type": "Aggregate","Strategy": "Hashed","Partial Mode": "Simple","Parent Relationship": "Outer","Parallel Aware": false,"Async Capable": false,"Startup Cost": 202521.23,"Total Cost": 207865.25,"Plan Rows": 118756,"Plan Width": 4,"Actual Startup Time": 6310.010,"Actual Total Time": 10005.543,"Actual Rows": 9,"Actual Loops": 4,"Group Key": ["lineitem_1.l_orderkey"],"Filter": "(sum(lineitem_1.l_quantity) > '313'::numeric)","Planned Partitions": 0,"HashAgg Batches": 1,"Peak Memory Usage": 638993,"Disk Usage": 0,"Rows Removed by Filter": 1499991,"Workers": [{"Worker Number": 0,"HashAgg Batches": 1,"Peak Memory Usage": 638993,"Disk Usage": 0},{"Worker Number": 1,"HashAgg Batches": 1,"Peak Memory Usage": 638993,"Disk Usage": 0},{"Worker Number": 2,"HashAgg Batches": 1,"Peak Memory Usage": 638993,"Disk Usage": 0}],"Plans": [{"Node Type": "Seq Scan","Parent Relationship": "Outer","Parallel Aware": false,"Async Capable": false,"Relation Name": "lineitem","Alias": "lineitem_1","Startup Cost": 0.00,"Total Cost": 172515.15,"Plan Rows": 6001215,"Plan Width": 9,"Actual Startup Time": 0.020,"Actual Total Time": 994.479,"Actual Rows": 6001215,"Actual Loops": 4,"Workers": []}]}]}]},{"Node Type": "Index Scan","Parent Relationship": "Inner","Parallel Aware": false,"Async Capable": false,"Scan Direction": "Forward","Index Name": "idx_lineitem_orderkey","Relation Name": "lineitem","Alias": "lineitem","Startup Cost": 0.43,"Total Cost": 1.06,"Plan Rows": 17,"Plan Width": 9,"Actual Startup Time": 0.068,"Actual Total Time": 0.075,"Actual Rows": 7,"Actual Loops": 9,"Index Cond": "(l_orderkey = orders.o_orderkey)","Rows Removed by Index Recheck": 0,"Workers": []}]},{"Node Type": "Hash","Parent Relationship": "Inner","Parallel Aware": true,"Async Capable": false,"Startup Cost": 4210.00,"Total Cost": 4210.00,"Plan Rows": 62500,"Plan Width": 23,"Actual Startup Time": 33.578,"Actual Total Time": 33.582,"Actual Rows": 37500,"Actual Loops": 4,"Hash Buckets": 262144,"Original Hash Buckets": 262144,"Hash Batches": 1,"Original Hash Batches": 1,"Peak Memory Usage": 10336,"Workers": [],"Plans": [{"Node Type": "Seq Scan","Parent Relationship": "Outer","Parallel Aware": true,"Async Capable": false,"Relation Name": "customer","Alias": "customer","Startup Cost": 0.00,"Total Cost": 4210.00,"Plan Rows": 62500,"Plan Width": 23,"Actual Startup Time": 0.023,"Actual Total Time": 16.777,"Actual Rows": 37500,"Actual Loops": 4,"Workers": []}]}]}]}]}]},"Planning Time": 6.662,"Triggers": [],"Execution Time": 10430.266}]
[{"Plan": {"Node Type": "Sort","Parallel Aware": false,"Async Capable": false,"Startup Cost": 397889.21,"Total Cost": 399077.01,"Plan Rows": 475120,"Plan Width": 71,"Actual Startup Time": 10785.011,"Actual Total Time": 10839.032,"Actual Rows": 9,"Actual Loops": 1,"Sort Key": ["orders.o_totalprice DESC", "orders.o_orderdate"],"Sort Method": "quicksort","Sort Space Used": 25,"Sort Space Type": "Memory","Plans": [{"Node Type": "Aggregate","Strategy": "Hashed","Partial Mode": "Simple","Parent Relationship": "Outer","Parallel Aware": false,"Async Capable": false,"Startup Cost": 347151.30,"Total Cost": 353090.30,"Plan Rows": 475120,"Plan Width": 71,"Actual Startup Time": 10763.855,"Actual Total Time": 10838.848,"Actual Rows": 9,"Actual Loops": 1,"Group Key": ["customer.c_custkey", "orders.o_orderkey"],"Planned Partitions": 0,"HashAgg Batches": 1,"Peak Memory Usage": 24601,"Disk Usage": 0,"Plans": [{"Node Type": "Gather","Parent Relationship": "Outer","Parallel Aware": false,"Async Capable": false,"Startup Cost": 216528.94,"Total Cost": 343587.90,"Plan Rows": 475120,"Plan Width": 44,"Actual Startup Time": 9674.071,"Actual Total Time": 10813.470,"Actual Rows": 63,"Actual Loops": 1,"Workers Planned": 3,"Workers Launched": 3,"Single Copy": false,"Plans": [{"Node Type": "Hash Join","Parent Relationship": "Outer","Parallel Aware": true,"Async Capable": false,"Join Type": "Inner","Startup Cost": 215528.94,"Total Cost": 295075.90,"Plan Rows": 153265,"Plan Width": 44,"Actual Startup Time": 10141.072,"Actual Total Time": 10312.965,"Actual Rows": 16,"Actual Loops": 4,"Inner Unique": true,"Hash Cond": "(orders.o_custkey = customer.c_custkey)","Workers": [],"Plans": [{"Node Type": "Nested Loop","Parent Relationship": "Outer","Parallel Aware": false,"Async Capable": false,"Join Type": "Inner","Startup Cost": 210537.69,"Total Cost": 289682.32,"Plan Rows": 153265,"Plan Width": 25,"Actual Startup Time": 10104.129,"Actual Total Time": 10275.947,"Actual Rows": 16,"Actual Loops": 4,"Inner Unique": false,"Workers": [],"Plans": [{"Node Type": "Hash Join","Parent Relationship": "Outer","Parallel Aware": false,"Async Capable": false,"Join Type": "Inner","Startup Cost": 210537.26,"Total Cost": 242741.13,"Plan Rows": 38308,"Plan Width": 24,"Actual Startup Time": 10104.052,"Actual Total Time": 10275.739,"Actual Rows": 2,"Actual Loops": 4,"Inner Unique": true,"Hash Cond": "(orders.o_orderkey = lineitem_1.l_orderkey)","Workers": [],"Plans": [{"Node Type": "Seq Scan","Parent Relationship": "Outer","Parallel Aware": true,"Async Capable": false,"Relation Name": "orders","Alias": "orders","Startup Cost": 0.00,"Total Cost": 30933.71,"Plan Rows": 483871,"Plan Width": 20,"Actual Startup Time": 0.007,"Actual Total Time": 53.689,"Actual Rows": 375000,"Actual Loops": 4,"Workers": []},{"Node Type": "Hash","Parent Relationship": "Inner","Parallel Aware": false,"Async Capable": false,"Startup Cost": 209052.81,"Total Cost": 209052.81,"Plan Rows": 118756,"Plan Width": 4,"Actual Startup Time": 10025.157,"Actual Total Time": 10025.166,"Actual Rows": 9,"Actual Loops": 4,"Hash Buckets": 131072,"Original Hash Buckets": 131072,"Hash Batches": 1,"Original Hash Batches": 1,"Peak Memory Usage": 1025,"Workers": [],"Plans": [{"Node Type": "Aggregate","Strategy": "Hashed","Partial Mode": "Simple","Parent Relationship": "Outer","Parallel Aware": false,"Async Capable": false,"Startup Cost": 202521.23,"Total Cost": 207865.25,"Plan Rows": 118756,"Plan Width": 4,"Actual Startup Time": 6285.839,"Actual Total Time": 10024.981,"Actual Rows": 9,"Actual Loops": 4,"Group Key": ["lineitem_1.l_orderkey"],"Filter": "(sum(lineitem_1.l_quantity) > '314'::numeric)","Planned Partitions": 0,"HashAgg Batches": 1,"Peak Memory Usage": 638993,"Disk Usage": 0,"Rows Removed by Filter": 1499991,"Workers": [{"Worker Number": 0,"HashAgg Batches": 1,"Peak Memory Usage": 638993,"Disk Usage": 0},{"Worker Number": 1,"HashAgg Batches": 1,"Peak Memory Usage": 638993,"Disk Usage": 0},{"Worker Number": 2,"HashAgg Batches": 1,"Peak Memory Usage": 638993,"Disk Usage": 0}],"Plans": [{"Node Type": "Seq Scan","Parent Relationship": "Outer","Parallel Aware": false,"Async Capable": false,"Relation Name": "lineitem","Alias": "lineitem_1","Startup Cost": 0.00,"Total Cost": 172515.15,"Plan Rows": 6001215,"Plan Width": 9,"Actual Startup Time": 0.019,"Actual Total Time": 931.752,"Actual Rows": 6001215,"Actual Loops": 4,"Workers": []}]}]}]},{"Node Type": "Index Scan","Parent Relationship": "Inner","Parallel Aware": false,"Async Capable": false,"Scan Direction": "Forward","Index Name": "idx_lineitem_orderkey","Relation Name": "lineitem","Alias": "lineitem","Startup Cost": 0.43,"Total Cost": 1.06,"Plan Rows": 17,"Plan Width": 9,"Actual Startup Time": 0.055,"Actual Total Time": 0.062,"Actual Rows": 7,"Actual Loops": 9,"Index Cond": "(l_orderkey = orders.o_orderkey)","Rows Removed by Index Recheck": 0,"Workers": []}]},{"Node Type": "Hash","Parent Relationship": "Inner","Parallel Aware": true,"Async Capable": false,"Startup Cost": 4210.00,"Total Cost": 4210.00,"Plan Rows": 62500,"Plan Width": 23,"Actual Startup Time": 36.172,"Actual Total Time": 36.190,"Actual Rows": 37500,"Actual Loops": 4,"Hash Buckets": 262144,"Original Hash Buckets": 262144,"Hash Batches": 1,"Original Hash Batches": 1,"Peak Memory Usage": 10336,"Workers": [],"Plans": [{"Node Type": "Seq Scan","Parent Relationship": "Outer","Parallel Aware": true,"Async Capable": false,"Relation Name": "customer","Alias": "customer","Startup Cost": 0.00,"Total Cost": 4210.00,"Plan Rows": 62500,"Plan Width": 23,"Actual Startup Time": 0.024,"Actual Total Time": 17.933,"Actual Rows": 37500,"Actual Loops": 4,"Workers": []}]}]}]}]}]},"Planning Time": 6.881,"Triggers": [],"Execution Time": 10893.482}]
[{"Plan": {"Node Type": "Sort","Parallel Aware": false,"Async Capable": false,"Startup Cost": 397889.21,"Total Cost": 399077.01,"Plan Rows": 475120,"Plan Width": 71,"Actual Startup Time": 10887.509,"Actual Total Time": 10908.132,"Actual Rows": 10,"Actual Loops": 1,"Sort Key": ["orders.o_totalprice DESC", "orders.o_orderdate"],"Sort Method": "quicksort","Sort Space Used": 25,"Sort Space Type": "Memory","Plans": [{"Node Type": "Aggregate","Strategy": "Hashed","Partial Mode": "Simple","Parent Relationship": "Outer","Parallel Aware": false,"Async Capable": false,"Startup Cost": 347151.30,"Total Cost": 353090.30,"Plan Rows": 475120,"Plan Width": 71,"Actual Startup Time": 10848.812,"Actual Total Time": 10907.941,"Actual Rows": 10,"Actual Loops": 1,"Group Key": ["customer.c_custkey", "orders.o_orderkey"],"Planned Partitions": 0,"HashAgg Batches": 1,"Peak Memory Usage": 24601,"Disk Usage": 0,"Plans": [{"Node Type": "Gather","Parent Relationship": "Outer","Parallel Aware": false,"Async Capable": false,"Startup Cost": 216528.94,"Total Cost": 343587.90,"Plan Rows": 475120,"Plan Width": 44,"Actual Startup Time": 10782.037,"Actual Total Time": 10858.151,"Actual Rows": 70,"Actual Loops": 1,"Workers Planned": 3,"Workers Launched": 3,"Single Copy": false,"Plans": [{"Node Type": "Hash Join","Parent Relationship": "Outer","Parallel Aware": true,"Async Capable": false,"Join Type": "Inner","Startup Cost": 215528.94,"Total Cost": 295075.90,"Plan Rows": 153265,"Plan Width": 44,"Actual Startup Time": 10180.765,"Actual Total Time": 10348.312,"Actual Rows": 18,"Actual Loops": 4,"Inner Unique": true,"Hash Cond": "(orders.o_custkey = customer.c_custkey)","Workers": [],"Plans": [{"Node Type": "Nested Loop","Parent Relationship": "Outer","Parallel Aware": false,"Async Capable": false,"Join Type": "Inner","Startup Cost": 210537.69,"Total Cost": 289682.32,"Plan Rows": 153265,"Plan Width": 25,"Actual Startup Time": 10142.809,"Actual Total Time": 10310.270,"Actual Rows": 18,"Actual Loops": 4,"Inner Unique": false,"Workers": [],"Plans": [{"Node Type": "Hash Join","Parent Relationship": "Outer","Parallel Aware": false,"Async Capable": false,"Join Type": "Inner","Startup Cost": 210537.26,"Total Cost": 242741.13,"Plan Rows": 38308,"Plan Width": 24,"Actual Startup Time": 10142.670,"Actual Total Time": 10309.991,"Actual Rows": 2,"Actual Loops": 4,"Inner Unique": true,"Hash Cond": "(orders.o_orderkey = lineitem_1.l_orderkey)","Workers": [],"Plans": [{"Node Type": "Seq Scan","Parent Relationship": "Outer","Parallel Aware": true,"Async Capable": false,"Relation Name": "orders","Alias": "orders","Startup Cost": 0.00,"Total Cost": 30933.71,"Plan Rows": 483871,"Plan Width": 20,"Actual Startup Time": 0.009,"Actual Total Time": 49.040,"Actual Rows": 375000,"Actual Loops": 4,"Workers": []},{"Node Type": "Hash","Parent Relationship": "Inner","Parallel Aware": false,"Async Capable": false,"Startup Cost": 209052.81,"Total Cost": 209052.81,"Plan Rows": 118756,"Plan Width": 4,"Actual Startup Time": 10075.163,"Actual Total Time": 10075.176,"Actual Rows": 10,"Actual Loops": 4,"Hash Buckets": 131072,"Original Hash Buckets": 131072,"Hash Batches": 1,"Original Hash Batches": 1,"Peak Memory Usage": 1025,"Workers": [],"Plans": [{"Node Type": "Aggregate","Strategy": "Hashed","Partial Mode": "Simple","Parent Relationship": "Outer","Parallel Aware": false,"Async Capable": false,"Startup Cost": 202521.23,"Total Cost": 207865.25,"Plan Rows": 118756,"Plan Width": 4,"Actual Startup Time": 6293.151,"Actual Total Time": 10074.968,"Actual Rows": 10,"Actual Loops": 4,"Group Key": ["lineitem_1.l_orderkey"],"Filter": "(sum(lineitem_1.l_quantity) > '312'::numeric)","Planned Partitions": 0,"HashAgg Batches": 1,"Peak Memory Usage": 638993,"Disk Usage": 0,"Rows Removed by Filter": 1499990,"Workers": [{"Worker Number": 0,"HashAgg Batches": 1,"Peak Memory Usage": 638993,"Disk Usage": 0},{"Worker Number": 1,"HashAgg Batches": 1,"Peak Memory Usage": 638993,"Disk Usage": 0},{"Worker Number": 2,"HashAgg Batches": 1,"Peak Memory Usage": 638993,"Disk Usage": 0}],"Plans": [{"Node Type": "Seq Scan","Parent Relationship": "Outer","Parallel Aware": false,"Async Capable": false,"Relation Name": "lineitem","Alias": "lineitem_1","Startup Cost": 0.00,"Total Cost": 172515.15,"Plan Rows": 6001215,"Plan Width": 9,"Actual Startup Time": 0.021,"Actual Total Time": 960.546,"Actual Rows": 6001215,"Actual Loops": 4,"Workers": []}]}]}]},{"Node Type": "Index Scan","Parent Relationship": "Inner","Parallel Aware": false,"Async Capable": false,"Scan Direction": "Forward","Index Name": "idx_lineitem_orderkey","Relation Name": "lineitem","Alias": "lineitem","Startup Cost": 0.43,"Total Cost": 1.06,"Plan Rows": 17,"Plan Width": 9,"Actual Startup Time": 0.072,"Actual Total Time": 0.079,"Actual Rows": 7,"Actual Loops": 10,"Index Cond": "(l_orderkey = orders.o_orderkey)","Rows Removed by Index Recheck": 0,"Workers": []}]},{"Node Type": "Hash","Parent Relationship": "Inner","Parallel Aware": true,"Async Capable": false,"Startup Cost": 4210.00,"Total Cost": 4210.00,"Plan Rows": 62500,"Plan Width": 23,"Actual Startup Time": 37.105,"Actual Total Time": 37.114,"Actual Rows": 37500,"Actual Loops": 4,"Hash Buckets": 262144,"Original Hash Buckets": 262144,"Hash Batches": 1,"Original Hash Batches": 1,"Peak Memory Usage": 10368,"Workers": [],"Plans": [{"Node Type": "Seq Scan","Parent Relationship": "Outer","Parallel Aware": true,"Async Capable": false,"Relation Name": "customer","Alias": "customer","Startup Cost": 0.00,"Total Cost": 4210.00,"Plan Rows": 62500,"Plan Width": 23,"Actual Startup Time": 0.025,"Actual Total Time": 19.726,"Actual Rows": 37500,"Actual Loops": 4,"Workers": []}]}]}]}]}]},"Planning Time": 6.715,"Triggers": [],"Execution Time": 10961.817}]
[{"Plan": {"Node Type": "Sort","Parallel Aware": false,"Async Capable": false,"Startup Cost": 397889.21,"Total Cost": 399077.01,"Plan Rows": 475120,"Plan Width": 71,"Actual Startup Time": 10785.011,"Actual Total Time": 10839.032,"Actual Rows": 9,"Actual Loops": 1,"Sort Key": ["orders.o_totalprice DESC", "orders.o_orderdate"],"Sort Method": "quicksort","Sort Space Used": 25,"Sort Space Type": "Memory","Plans": [{"Node Type": "Aggregate","Strategy": "Hashed","Partial Mode": "Simple","Parent Relationship": "Outer","Parallel Aware": false,"Async Capable": false,"Startup Cost": 347151.30,"Total Cost": 353090.30,"Plan Rows": 475120,"Plan Width": 71,"Actual Startup Time": 10763.855,"Actual Total Time": 10838.848,"Actual Rows": 9,"Actual Loops": 1,"Group Key": ["customer.c_custkey", "orders.o_orderkey"],"Planned Partitions": 0,"HashAgg Batches": 1,"Peak Memory Usage": 24601,"Disk Usage": 0,"Plans": [{"Node Type": "Gather","Parent Relationship": "Outer","Parallel Aware": false,"Async Capable": false,"Startup Cost": 216528.94,"Total Cost": 343587.90,"Plan Rows": 475120,"Plan Width": 44,"Actual Startup Time": 9674.071,"Actual Total Time": 10813.470,"Actual Rows": 63,"Actual Loops": 1,"Workers Planned": 3,"Workers Launched": 3,"Single Copy": false,"Plans": [{"Node Type": "Hash Join","Parent Relationship": "Outer","Parallel Aware": true,"Async Capable": false,"Join Type": "Inner","Startup Cost": 215528.94,"Total Cost": 295075.90,"Plan Rows": 153265,"Plan Width": 44,"Actual Startup Time": 10141.072,"Actual Total Time": 10312.965,"Actual Rows": 16,"Actual Loops": 4,"Inner Unique": true,"Hash Cond": "(orders.o_custkey = customer.c_custkey)","Workers": [],"Plans": [{"Node Type": "Nested Loop","Parent Relationship": "Outer","Parallel Aware": false,"Async Capable": false,"Join Type": "Inner","Startup Cost": 210537.69,"Total Cost": 289682.32,"Plan Rows": 153265,"Plan Width": 25,"Actual Startup Time": 10104.129,"Actual Total Time": 10275.947,"Actual Rows": 16,"Actual Loops": 4,"Inner Unique": false,"Workers": [],"Plans": [{"Node Type": "Hash Join","Parent Relationship": "Outer","Parallel Aware": false,"Async Capable": false,"Join Type": "Inner","Startup Cost": 210537.26,"Total Cost": 242741.13,"Plan Rows": 38308,"Plan Width": 24,"Actual Startup Time": 10104.052,"Actual Total Time": 10275.739,"Actual Rows": 2,"Actual Loops": 4,"Inner Unique": true,"Hash Cond": "(orders.o_orderkey = lineitem_1.l_orderkey)","Workers": [],"Plans": [{"Node Type": "Seq Scan","Parent Relationship": "Outer","Parallel Aware": true,"Async Capable": false,"Relation Name": "orders","Alias": "orders","Startup Cost": 0.00,"Total Cost": 30933.71,"Plan Rows": 483871,"Plan Width": 20,"Actual Startup Time": 0.007,"Actual Total Time": 53.689,"Actual Rows": 375000,"Actual Loops": 4,"Workers": []},{"Node Type": "Hash","Parent Relationship": "Inner","Parallel Aware": false,"Async Capable": false,"Startup Cost": 209052.81,"Total Cost": 209052.81,"Plan Rows": 118756,"Plan Width": 4,"Actual Startup Time": 10025.157,"Actual Total Time": 10025.166,"Actual Rows": 9,"Actual Loops": 4,"Hash Buckets": 131072,"Original Hash Buckets": 131072,"Hash Batches": 1,"Original Hash Batches": 1,"Peak Memory Usage": 1025,"Workers": [],"Plans": [{"Node Type": "Aggregate","Strategy": "Hashed","Partial Mode": "Simple","Parent Relationship": "Outer","Parallel Aware": false,"Async Capable": false,"Startup Cost": 202521.23,"Total Cost": 207865.25,"Plan Rows": 118756,"Plan Width": 4,"Actual Startup Time": 6285.839,"Actual Total Time": 10024.981,"Actual Rows": 9,"Actual Loops": 4,"Group Key": ["lineitem_1.l_orderkey"],"Filter": "(sum(lineitem_1.l_quantity) > '314'::numeric)","Planned Partitions": 0,"HashAgg Batches": 1,"Peak Memory Usage": 638993,"Disk Usage": 0,"Rows Removed by Filter": 1499991,"Workers": [{"Worker Number": 0,"HashAgg Batches": 1,"Peak Memory Usage": 638993,"Disk Usage": 0},{"Worker Number": 1,"HashAgg Batches": 1,"Peak Memory Usage": 638993,"Disk Usage": 0},{"Worker Number": 2,"HashAgg Batches": 1,"Peak Memory Usage": 638993,"Disk Usage": 0}],"Plans": [{"Node Type": "Seq Scan","Parent Relationship": "Outer","Parallel Aware": false,"Async Capable": false,"Relation Name": "lineitem","Alias": "lineitem_1","Startup Cost": 0.00,"Total Cost": 172515.15,"Plan Rows": 6001215,"Plan Width": 9,"Actual Startup Time": 0.019,"Actual Total Time": 931.752,"Actual Rows": 6001215,"Actual Loops": 4,"Workers": []}]}]}]},{"Node Type": "Index Scan","Parent Relationship": "Inner","Parallel Aware": false,"Async Capable": false,"Scan Direction": "Forward","Index Name": "idx_lineitem_orderkey","Relation Name": "lineitem","Alias": "lineitem","Startup Cost": 0.43,"Total Cost": 1.06,"Plan Rows": 17,"Plan Width": 9,"Actual Startup Time": 0.055,"Actual Total Time": 0.062,"Actual Rows": 7,"Actual Loops": 9,"Index Cond": "(l_orderkey = orders.o_orderkey)","Rows Removed by Index Recheck": 0,"Workers": []}]},{"Node Type": "Hash","Parent Relationship": "Inner","Parallel Aware": true,"Async Capable": false,"Startup Cost": 4210.00,"Total Cost": 4210.00,"Plan Rows": 62500,"Plan Width": 23,"Actual Startup Time": 36.172,"Actual Total Time": 36.190,"Actual Rows": 37500,"Actual Loops": 4,"Hash Buckets": 262144,"Original Hash Buckets": 262144,"Hash Batches": 1,"Original Hash Batches": 1,"Peak Memory Usage": 10336,"Workers": [],"Plans": [{"Node Type": "Seq Scan","Parent Relationship": "Outer","Parallel Aware": true,"Async Capable": false,"Relation Name": "customer","Alias": "customer","Startup Cost": 0.00,"Total Cost": 4210.00,"Plan Rows": 62500,"Plan Width": 23,"Actual Startup Time": 0.024,"Actual Total Time": 17.933,"Actual Rows": 37500,"Actual Loops": 4,"Workers": []}]}]}]}]}]},"Planning Time": 6.881,"Triggers": [],"Execution Time": 10893.482}]
[{"Plan": {"Node Type": "Sort","Parallel Aware": false,"Async Capable": false,"Startup Cost": 397889.21,"Total Cost": 399077.01,"Plan Rows": 475120,"Plan Width": 71,"Actual Startup Time": 10887.509,"Actual Total Time": 10908.132,"Actual Rows": 10,"Actual Loops": 1,"Sort Key": ["orders.o_totalprice DESC", "orders.o_orderdate"],"Sort Method": "quicksort","Sort Space Used": 25,"Sort Space Type": "Memory","Plans": [{"Node Type": "Aggregate","Strategy": "Hashed","Partial Mode": "Simple","Parent Relationship": "Outer","Parallel Aware": false,"Async Capable": false,"Startup Cost": 347151.30,"Total Cost": 353090.30,"Plan Rows": 475120,"Plan Width": 71,"Actual Startup Time": 10848.812,"Actual Total Time": 10907.941,"Actual Rows": 10,"Actual Loops": 1,"Group Key": ["customer.c_custkey", "orders.o_orderkey"],"Planned Partitions": 0,"HashAgg Batches": 1,"Peak Memory Usage": 24601,"Disk Usage": 0,"Plans": [{"Node Type": "Gather","Parent Relationship": "Outer","Parallel Aware": false,"Async Capable": false,"Startup Cost": 216528.94,"Total Cost": 343587.90,"Plan Rows": 475120,"Plan Width": 44,"Actual Startup Time": 10782.037,"Actual Total Time": 10858.151,"Actual Rows": 70,"Actual Loops": 1,"Workers Planned": 3,"Workers Launched": 3,"Single Copy": false,"Plans": [{"Node Type": "Hash Join","Parent Relationship": "Outer","Parallel Aware": true,"Async Capable": false,"Join Type": "Inner","Startup Cost": 215528.94,"Total Cost": 295075.90,"Plan Rows": 153265,"Plan Width": 44,"Actual Startup Time": 10180.765,"Actual Total Time": 10348.312,"Actual Rows": 18,"Actual Loops": 4,"Inner Unique": true,"Hash Cond": "(orders.o_custkey = customer.c_custkey)","Workers": [],"Plans": [{"Node Type": "Nested Loop","Parent Relationship": "Outer","Parallel Aware": false,"Async Capable": false,"Join Type": "Inner","Startup Cost": 210537.69,"Total Cost": 289682.32,"Plan Rows": 153265,"Plan Width": 25,"Actual Startup Time": 10142.809,"Actual Total Time": 10310.270,"Actual Rows": 18,"Actual Loops": 4,"Inner Unique": false,"Workers": [],"Plans": [{"Node Type": "Hash Join","Parent Relationship": "Outer","Parallel Aware": false,"Async Capable": false,"Join Type": "Inner","Startup Cost": 210537.26,"Total Cost": 242741.13,"Plan Rows": 38308,"Plan Width": 24,"Actual Startup Time": 10142.670,"Actual Total Time": 10309.991,"Actual Rows": 2,"Actual Loops": 4,"Inner Unique": true,"Hash Cond": "(orders.o_orderkey = lineitem_1.l_orderkey)","Workers": [],"Plans": [{"Node Type": "Seq Scan","Parent Relationship": "Outer","Parallel Aware": true,"Async Capable": false,"Relation Name": "orders","Alias": "orders","Startup Cost": 0.00,"Total Cost": 30933.71,"Plan Rows": 483871,"Plan Width": 20,"Actual Startup Time": 0.009,"Actual Total Time": 49.040,"Actual Rows": 375000,"Actual Loops": 4,"Workers": []},{"Node Type": "Hash","Parent Relationship": "Inner","Parallel Aware": false,"Async Capable": false,"Startup Cost": 209052.81,"Total Cost": 209052.81,"Plan Rows": 118756,"Plan Width": 4,"Actual Startup Time": 10075.163,"Actual Total Time": 10075.176,"Actual Rows": 10,"Actual Loops": 4,"Hash Buckets": 131072,"Original Hash Buckets": 131072,"Hash Batches": 1,"Original Hash Batches": 1,"Peak Memory Usage": 1025,"Workers": [],"Plans": [{"Node Type": "Aggregate","Strategy": "Hashed","Partial Mode": "Simple","Parent Relationship": "Outer","Parallel Aware": false,"Async Capable": false,"Startup Cost": 202521.23,"Total Cost": 207865.25,"Plan Rows": 118756,"Plan Width": 4,"Actual Startup Time": 6293.151,"Actual Total Time": 10074.968,"Actual Rows": 10,"Actual Loops": 4,"Group Key": ["lineitem_1.l_orderkey"],"Filter": "(sum(lineitem_1.l_quantity) > '312'::numeric)","Planned Partitions": 0,"HashAgg Batches": 1,"Peak Memory Usage": 638993,"Disk Usage": 0,"Rows Removed by Filter": 1499990,"Workers": [{"Worker Number": 0,"HashAgg Batches": 1,"Peak Memory Usage": 638993,"Disk Usage": 0},{"Worker Number": 1,"HashAgg Batches": 1,"Peak Memory Usage": 638993,"Disk Usage": 0},{"Worker Number": 2,"HashAgg Batches": 1,"Peak Memory Usage": 638993,"Disk Usage": 0}],"Plans": [{"Node Type": "Seq Scan","Parent Relationship": "Outer","Parallel Aware": false,"Async Capable": false,"Relation Name": "lineitem","Alias": "lineitem_1","Startup Cost": 0.00,"Total Cost": 172515.15,"Plan Rows": 6001215,"Plan Width": 9,"Actual Startup Time": 0.021,"Actual Total Time": 960.546,"Actual Rows": 6001215,"Actual Loops": 4,"Workers": []}]}]}]},{"Node Type": "Index Scan","Parent Relationship": "Inner","Parallel Aware": false,"Async Capable": false,"Scan Direction": "Forward","Index Name": "idx_lineitem_orderkey","Relation Name": "lineitem","Alias": "lineitem","Startup Cost": 0.43,"Total Cost": 1.06,"Plan Rows": 17,"Plan Width": 9,"Actual Startup Time": 0.072,"Actual Total Time": 0.079,"Actual Rows": 7,"Actual Loops": 10,"Index Cond": "(l_orderkey = orders.o_orderkey)","Rows Removed by Index Recheck": 0,"Workers": []}]},{"Node Type": "Hash","Parent Relationship": "Inner","Parallel Aware": true,"Async Capable": false,"Startup Cost": 4210.00,"Total Cost": 4210.00,"Plan Rows": 62500,"Plan Width": 23,"Actual Startup Time": 37.105,"Actual Total Time": 37.114,"Actual Rows": 37500,"Actual Loops": 4,"Hash Buckets": 262144,"Original Hash Buckets": 262144,"Hash Batches": 1,"Original Hash Batches": 1,"Peak Memory Usage": 10368,"Workers": [],"Plans": [{"Node Type": "Seq Scan","Parent Relationship": "Outer","Parallel Aware": true,"Async Capable": false,"Relation Name": "customer","Alias": "customer","Startup Cost": 0.00,"Total Cost": 4210.00,"Plan Rows": 62500,"Plan Width": 23,"Actual Startup Time": 0.025,"Actual Total Time": 19.726,"Actual Rows": 37500,"Actual Loops": 4,"Workers": []}]}]}]}]}]},"Planning Time": 6.715,"Triggers": [],"Execution Time": 10961.817}]
[{"Plan": {"Node Type": "Sort","Parallel Aware": false,"Async Capable": false,"Startup Cost": 397889.21,"Total Cost": 399077.01,"Plan Rows": 475120,"Plan Width": 71,"Actual Startup Time": 10887.509,"Actual Total Time": 10908.132,"Actual Rows": 10,"Actual Loops": 1,"Sort Key": ["orders.o_totalprice DESC", "orders.o_orderdate"],"Sort Method": "quicksort","Sort Space Used": 25,"Sort Space Type": "Memory","Plans": [{"Node Type": "Aggregate","Strategy": "Hashed","Partial Mode": "Simple","Parent Relationship": "Outer","Parallel Aware": false,"Async Capable": false,"Startup Cost": 347151.30,"Total Cost": 353090.30,"Plan Rows": 475120,"Plan Width": 71,"Actual Startup Time": 10848.812,"Actual Total Time": 10907.941,"Actual Rows": 10,"Actual Loops": 1,"Group Key": ["customer.c_custkey", "orders.o_orderkey"],"Planned Partitions": 0,"HashAgg Batches": 1,"Peak Memory Usage": 24601,"Disk Usage": 0,"Plans": [{"Node Type": "Gather","Parent Relationship": "Outer","Parallel Aware": false,"Async Capable": false,"Startup Cost": 216528.94,"Total Cost": 343587.90,"Plan Rows": 475120,"Plan Width": 44,"Actual Startup Time": 10782.037,"Actual Total Time": 10858.151,"Actual Rows": 70,"Actual Loops": 1,"Workers Planned": 3,"Workers Launched": 3,"Single Copy": false,"Plans": [{"Node Type": "Hash Join","Parent Relationship": "Outer","Parallel Aware": true,"Async Capable": false,"Join Type": "Inner","Startup Cost": 215528.94,"Total Cost": 295075.90,"Plan Rows": 153265,"Plan Width": 44,"Actual Startup Time": 10180.765,"Actual Total Time": 10348.312,"Actual Rows": 18,"Actual Loops": 4,"Inner Unique": true,"Hash Cond": "(orders.o_custkey = customer.c_custkey)","Workers": [],"Plans": [{"Node Type": "Nested Loop","Parent Relationship": "Outer","Parallel Aware": false,"Async Capable": false,"Join Type": "Inner","Startup Cost": 210537.69,"Total Cost": 289682.32,"Plan Rows": 153265,"Plan Width": 25,"Actual Startup Time": 10142.809,"Actual Total Time": 10310.270,"Actual Rows": 18,"Actual Loops": 4,"Inner Unique": false,"Workers": [],"Plans": [{"Node Type": "Hash Join","Parent Relationship": "Outer","Parallel Aware": false,"Async Capable": false,"Join Type": "Inner","Startup Cost": 210537.26,"Total Cost": 242741.13,"Plan Rows": 38308,"Plan Width": 24,"Actual Startup Time": 10142.670,"Actual Total Time": 10309.991,"Actual Rows": 2,"Actual Loops": 4,"Inner Unique": true,"Hash Cond": "(orders.o_orderkey = lineitem_1.l_orderkey)","Workers": [],"Plans": [{"Node Type": "Seq Scan","Parent Relationship": "Outer","Parallel Aware": true,"Async Capable": false,"Relation Name": "orders","Alias": "orders","Startup Cost": 0.00,"Total Cost": 30933.71,"Plan Rows": 483871,"Plan Width": 20,"Actual Startup Time": 0.009,"Actual Total Time": 49.040,"Actual Rows": 375000,"Actual Loops": 4,"Workers": []},{"Node Type": "Hash","Parent Relationship": "Inner","Parallel Aware": false,"Async Capable": false,"Startup Cost": 209052.81,"Total Cost": 209052.81,"Plan Rows": 118756,"Plan Width": 4,"Actual Startup Time": 10075.163,"Actual Total Time": 10075.176,"Actual Rows": 10,"Actual Loops": 4,"Hash Buckets": 131072,"Original Hash Buckets": 131072,"Hash Batches": 1,"Original Hash Batches": 1,"Peak Memory Usage": 1025,"Workers": [],"Plans": [{"Node Type": "Aggregate","Strategy": "Hashed","Partial Mode": "Simple","Parent Relationship": "Outer","Parallel Aware": false,"Async Capable": false,"Startup Cost": 202521.23,"Total Cost": 207865.25,"Plan Rows": 118756,"Plan Width": 4,"Actual Startup Time": 6293.151,"Actual Total Time": 10074.968,"Actual Rows": 10,"Actual Loops": 4,"Group Key": ["lineitem_1.l_orderkey"],"Filter": "(sum(lineitem_1.l_quantity) > '312'::numeric)","Planned Partitions": 0,"HashAgg Batches": 1,"Peak Memory Usage": 638993,"Disk Usage": 0,"Rows Removed by Filter": 1499990,"Workers": [{"Worker Number": 0,"HashAgg Batches": 1,"Peak Memory Usage": 638993,"Disk Usage": 0},{"Worker Number": 1,"HashAgg Batches": 1,"Peak Memory Usage": 638993,"Disk Usage": 0},{"Worker Number": 2,"HashAgg Batches": 1,"Peak Memory Usage": 638993,"Disk Usage": 0}],"Plans": [{"Node Type": "Seq Scan","Parent Relationship": "Outer","Parallel Aware": false,"Async Capable": false,"Relation Name": "lineitem","Alias": "lineitem_1","Startup Cost": 0.00,"Total Cost": 172515.15,"Plan Rows": 6001215,"Plan Width": 9,"Actual Startup Time": 0.021,"Actual Total Time": 960.546,"Actual Rows": 6001215,"Actual Loops": 4,"Workers": []}]}]}]},{"Node Type": "Index Scan","Parent Relationship": "Inner","Parallel Aware": false,"Async Capable": false,"Scan Direction": "Forward","Index Name": "idx_lineitem_orderkey","Relation Name": "lineitem","Alias": "lineitem","Startup Cost": 0.43,"Total Cost": 1.06,"Plan Rows": 17,"Plan Width": 9,"Actual Startup Time": 0.072,"Actual Total Time": 0.079,"Actual Rows": 7,"Actual Loops": 10,"Index Cond": "(l_orderkey = orders.o_orderkey)","Rows Removed by Index Recheck": 0,"Workers": []}]},{"Node Type": "Hash","Parent Relationship": "Inner","Parallel Aware": true,"Async Capable": false,"Startup Cost": 4210.00,"Total Cost": 4210.00,"Plan Rows": 62500,"Plan Width": 23,"Actual Startup Time": 37.105,"Actual Total Time": 37.114,"Actual Rows": 37500,"Actual Loops": 4,"Hash Buckets": 262144,"Original Hash Buckets": 262144,"Hash Batches": 1,"Original Hash Batches": 1,"Peak Memory Usage": 10368,"Workers": [],"Plans": [{"Node Type": "Seq Scan","Parent Relationship": "Outer","Parallel Aware": true,"Async Capable": false,"Relation Name": "customer","Alias": "customer","Startup Cost": 0.00,"Total Cost": 4210.00,"Plan Rows": 62500,"Plan Width": 23,"Actual Startup Time": 0.025,"Actual Total Time": 19.726,"Actual Rows": 37500,"Actual Loops": 4,"Workers": []}]}]}]}]}]},"Planning Time": 6.715,"Triggers": [],"Execution Time": 10961.817}]
[{"Plan": {"Node Type": "Sort","Parallel Aware": false,"Async Capable": false,"Startup Cost": 397889.21,"Total Cost": 399077.01,"Plan Rows": 475120,"Plan Width": 71,"Actual Startup Time": 10950.105,"Actual Total Time": 10953.954,"Actual Rows": 9,"Actual Loops": 1,"Sort Key": ["orders.o_totalprice DESC", "orders.o_orderdate"],"Sort Method": "quicksort","Sort Space Used": 25,"Sort Space Type": "Memory","Plans": [{"Node Type": "Aggregate","Strategy": "Hashed","Partial Mode": "Simple","Parent Relationship": "Outer","Parallel Aware": false,"Async Capable": false,"Startup Cost": 347151.30,"Total Cost": 353090.30,"Plan Rows": 475120,"Plan Width": 71,"Actual Startup Time": 10902.471,"Actual Total Time": 10953.715,"Actual Rows": 9,"Actual Loops": 1,"Group Key": ["customer.c_custkey", "orders.o_orderkey"],"Planned Partitions": 0,"HashAgg Batches": 1,"Peak Memory Usage": 24601,"Disk Usage": 0,"Plans": [{"Node Type": "Gather","Parent Relationship": "Outer","Parallel Aware": false,"Async Capable": false,"Startup Cost": 216528.94,"Total Cost": 343587.90,"Plan Rows": 475120,"Plan Width": 44,"Actual Startup Time": 10893.800,"Actual Total Time": 10897.693,"Actual Rows": 63,"Actual Loops": 1,"Workers Planned": 3,"Workers Launched": 3,"Single Copy": false,"Plans": [{"Node Type": "Hash Join","Parent Relationship": "Outer","Parallel Aware": true,"Async Capable": false,"Join Type": "Inner","Startup Cost": 215528.94,"Total Cost": 295075.90,"Plan Rows": 153265,"Plan Width": 44,"Actual Startup Time": 10134.253,"Actual Total Time": 10314.794,"Actual Rows": 16,"Actual Loops": 4,"Inner Unique": true,"Hash Cond": "(orders.o_custkey = customer.c_custkey)","Workers": [],"Plans": [{"Node Type": "Nested Loop","Parent Relationship": "Outer","Parallel Aware": false,"Async Capable": false,"Join Type": "Inner","Startup Cost": 210537.69,"Total Cost": 289682.32,"Plan Rows": 153265,"Plan Width": 25,"Actual Startup Time": 10099.687,"Actual Total Time": 10280.153,"Actual Rows": 16,"Actual Loops": 4,"Inner Unique": false,"Workers": [],"Plans": [{"Node Type": "Hash Join","Parent Relationship": "Outer","Parallel Aware": false,"Async Capable": false,"Join Type": "Inner","Startup Cost": 210537.26,"Total Cost": 242741.13,"Plan Rows": 38308,"Plan Width": 24,"Actual Startup Time": 10099.575,"Actual Total Time": 10279.892,"Actual Rows": 2,"Actual Loops": 4,"Inner Unique": true,"Hash Cond": "(orders.o_orderkey = lineitem_1.l_orderkey)","Workers": [],"Plans": [{"Node Type": "Seq Scan","Parent Relationship": "Outer","Parallel Aware": true,"Async Capable": false,"Relation Name": "orders","Alias": "orders","Startup Cost": 0.00,"Total Cost": 30933.71,"Plan Rows": 483871,"Plan Width": 20,"Actual Startup Time": 0.011,"Actual Total Time": 51.627,"Actual Rows": 375000,"Actual Loops": 4,"Workers": []},{"Node Type": "Hash","Parent Relationship": "Inner","Parallel Aware": false,"Async Capable": false,"Startup Cost": 209052.81,"Total Cost": 209052.81,"Plan Rows": 118756,"Plan Width": 4,"Actual Startup Time": 10016.825,"Actual Total Time": 10016.839,"Actual Rows": 9,"Actual Loops": 4,"Hash Buckets": 131072,"Original Hash Buckets": 131072,"Hash Batches": 1,"Original Hash Batches": 1,"Peak Memory Usage": 1025,"Workers": [],"Plans": [{"Node Type": "Aggregate","Strategy": "Hashed","Partial Mode": "Simple","Parent Relationship": "Outer","Parallel Aware": false,"Async Capable": false,"Startup Cost": 202521.23,"Total Cost": 207865.25,"Plan Rows": 118756,"Plan Width": 4,"Actual Startup Time": 6319.140,"Actual Total Time": 10016.671,"Actual Rows": 9,"Actual Loops": 4,"Group Key": ["lineitem_1.l_orderkey"],"Filter": "(sum(lineitem_1.l_quantity) > '315'::numeric)","Planned Partitions": 0,"HashAgg Batches": 1,"Peak Memory Usage": 638993,"Disk Usage": 0,"Rows Removed by Filter": 1499991,"Workers": [{"Worker Number": 0,"HashAgg Batches": 1,"Peak Memory Usage": 638993,"Disk Usage": 0},{"Worker Number": 1,"HashAgg Batches": 1,"Peak Memory Usage": 638993,"Disk Usage": 0},{"Worker Number": 2,"HashAgg Batches": 1,"Peak Memory Usage": 638993,"Disk Usage": 0}],"Plans": [{"Node Type": "Seq Scan","Parent Relationship": "Outer","Parallel Aware": false,"Async Capable": false,"Relation Name": "lineitem","Alias": "lineitem_1","Startup Cost": 0.00,"Total Cost": 172515.15,"Plan Rows": 6001215,"Plan Width": 9,"Actual Startup Time": 0.018,"Actual Total Time": 971.843,"Actual Rows": 6001215,"Actual Loops": 4,"Workers": []}]}]}]},{"Node Type": "Index Scan","Parent Relationship": "Inner","Parallel Aware": false,"Async Capable": false,"Scan Direction": "Forward","Index Name": "idx_lineitem_orderkey","Relation Name": "lineitem","Alias": "lineitem","Startup Cost": 0.43,"Total Cost": 1.06,"Plan Rows": 17,"Plan Width": 9,"Actual Startup Time": 0.069,"Actual Total Time": 0.079,"Actual Rows": 7,"Actual Loops": 9,"Index Cond": "(l_orderkey = orders.o_orderkey)","Rows Removed by Index Recheck": 0,"Workers": []}]},{"Node Type": "Hash","Parent Relationship": "Inner","Parallel Aware": true,"Async Capable": false,"Startup Cost": 4210.00,"Total Cost": 4210.00,"Plan Rows": 62500,"Plan Width": 23,"Actual Startup Time": 33.677,"Actual Total Time": 33.684,"Actual Rows": 37500,"Actual Loops": 4,"Hash Buckets": 262144,"Original Hash Buckets": 262144,"Hash Batches": 1,"Original Hash Batches": 1,"Peak Memory Usage": 10368,"Workers": [],"Plans": [{"Node Type": "Seq Scan","Parent Relationship": "Outer","Parallel Aware": true,"Async Capable": false,"Relation Name": "customer","Alias": "customer","Startup Cost": 0.00,"Total Cost": 4210.00,"Plan Rows": 62500,"Plan Width": 23,"Actual Startup Time": 0.019,"Actual Total Time": 16.715,"Actual Rows": 37500,"Actual Loops": 4,"Workers": []}]}]}]}]}]},"Planning Time": 6.132,"Triggers": [],"Execution Time": 11002.531}]
[{"Plan": {"Node Type": "Sort","Parallel Aware": false,"Async Capable": false,"Startup Cost": 397889.21,"Total Cost": 399077.01,"Plan Rows": 475120,"Plan Width": 71,"Actual Startup Time": 10887.509,"Actual Total Time": 10908.132,"Actual Rows": 10,"Actual Loops": 1,"Sort Key": ["orders.o_totalprice DESC", "orders.o_orderdate"],"Sort Method": "quicksort","Sort Space Used": 25,"Sort Space Type": "Memory","Plans": [{"Node Type": "Aggregate","Strategy": "Hashed","Partial Mode": "Simple","Parent Relationship": "Outer","Parallel Aware": false,"Async Capable": false,"Startup Cost": 347151.30,"Total Cost": 353090.30,"Plan Rows": 475120,"Plan Width": 71,"Actual Startup Time": 10848.812,"Actual Total Time": 10907.941,"Actual Rows": 10,"Actual Loops": 1,"Group Key": ["customer.c_custkey", "orders.o_orderkey"],"Planned Partitions": 0,"HashAgg Batches": 1,"Peak Memory Usage": 24601,"Disk Usage": 0,"Plans": [{"Node Type": "Gather","Parent Relationship": "Outer","Parallel Aware": false,"Async Capable": false,"Startup Cost": 216528.94,"Total Cost": 343587.90,"Plan Rows": 475120,"Plan Width": 44,"Actual Startup Time": 10782.037,"Actual Total Time": 10858.151,"Actual Rows": 70,"Actual Loops": 1,"Workers Planned": 3,"Workers Launched": 3,"Single Copy": false,"Plans": [{"Node Type": "Hash Join","Parent Relationship": "Outer","Parallel Aware": true,"Async Capable": false,"Join Type": "Inner","Startup Cost": 215528.94,"Total Cost": 295075.90,"Plan Rows": 153265,"Plan Width": 44,"Actual Startup Time": 10180.765,"Actual Total Time": 10348.312,"Actual Rows": 18,"Actual Loops": 4,"Inner Unique": true,"Hash Cond": "(orders.o_custkey = customer.c_custkey)","Workers": [],"Plans": [{"Node Type": "Nested Loop","Parent Relationship": "Outer","Parallel Aware": false,"Async Capable": false,"Join Type": "Inner","Startup Cost": 210537.69,"Total Cost": 289682.32,"Plan Rows": 153265,"Plan Width": 25,"Actual Startup Time": 10142.809,"Actual Total Time": 10310.270,"Actual Rows": 18,"Actual Loops": 4,"Inner Unique": false,"Workers": [],"Plans": [{"Node Type": "Hash Join","Parent Relationship": "Outer","Parallel Aware": false,"Async Capable": false,"Join Type": "Inner","Startup Cost": 210537.26,"Total Cost": 242741.13,"Plan Rows": 38308,"Plan Width": 24,"Actual Startup Time": 10142.670,"Actual Total Time": 10309.991,"Actual Rows": 2,"Actual Loops": 4,"Inner Unique": true,"Hash Cond": "(orders.o_orderkey = lineitem_1.l_orderkey)","Workers": [],"Plans": [{"Node Type": "Seq Scan","Parent Relationship": "Outer","Parallel Aware": true,"Async Capable": false,"Relation Name": "orders","Alias": "orders","Startup Cost": 0.00,"Total Cost": 30933.71,"Plan Rows": 483871,"Plan Width": 20,"Actual Startup Time": 0.009,"Actual Total Time": 49.040,"Actual Rows": 375000,"Actual Loops": 4,"Workers": []},{"Node Type": "Hash","Parent Relationship": "Inner","Parallel Aware": false,"Async Capable": false,"Startup Cost": 209052.81,"Total Cost": 209052.81,"Plan Rows": 118756,"Plan Width": 4,"Actual Startup Time": 10075.163,"Actual Total Time": 10075.176,"Actual Rows": 10,"Actual Loops": 4,"Hash Buckets": 131072,"Original Hash Buckets": 131072,"Hash Batches": 1,"Original Hash Batches": 1,"Peak Memory Usage": 1025,"Workers": [],"Plans": [{"Node Type": "Aggregate","Strategy": "Hashed","Partial Mode": "Simple","Parent Relationship": "Outer","Parallel Aware": false,"Async Capable": false,"Startup Cost": 202521.23,"Total Cost": 207865.25,"Plan Rows": 118756,"Plan Width": 4,"Actual Startup Time": 6293.151,"Actual Total Time": 10074.968,"Actual Rows": 10,"Actual Loops": 4,"Group Key": ["lineitem_1.l_orderkey"],"Filter": "(sum(lineitem_1.l_quantity) > '312'::numeric)","Planned Partitions": 0,"HashAgg Batches": 1,"Peak Memory Usage": 638993,"Disk Usage": 0,"Rows Removed by Filter": 1499990,"Workers": [{"Worker Number": 0,"HashAgg Batches": 1,"Peak Memory Usage": 638993,"Disk Usage": 0},{"Worker Number": 1,"HashAgg Batches": 1,"Peak Memory Usage": 638993,"Disk Usage": 0},{"Worker Number": 2,"HashAgg Batches": 1,"Peak Memory Usage": 638993,"Disk Usage": 0}],"Plans": [{"Node Type": "Seq Scan","Parent Relationship": "Outer","Parallel Aware": false,"Async Capable": false,"Relation Name": "lineitem","Alias": "lineitem_1","Startup Cost": 0.00,"Total Cost": 172515.15,"Plan Rows": 6001215,"Plan Width": 9,"Actual Startup Time": 0.021,"Actual Total Time": 960.546,"Actual Rows": 6001215,"Actual Loops": 4,"Workers": []}]}]}]},{"Node Type": "Index Scan","Parent Relationship": "Inner","Parallel Aware": false,"Async Capable": false,"Scan Direction": "Forward","Index Name": "idx_lineitem_orderkey","Relation Name": "lineitem","Alias": "lineitem","Startup Cost": 0.43,"Total Cost": 1.06,"Plan Rows": 17,"Plan Width": 9,"Actual Startup Time": 0.072,"Actual Total Time": 0.079,"Actual Rows": 7,"Actual Loops": 10,"Index Cond": "(l_orderkey = orders.o_orderkey)","Rows Removed by Index Recheck": 0,"Workers": []}]},{"Node Type": "Hash","Parent Relationship": "Inner","Parallel Aware": true,"Async Capable": false,"Startup Cost": 4210.00,"Total Cost": 4210.00,"Plan Rows": 62500,"Plan Width": 23,"Actual Startup Time": 37.105,"Actual Total Time": 37.114,"Actual Rows": 37500,"Actual Loops": 4,"Hash Buckets": 262144,"Original Hash Buckets": 262144,"Hash Batches": 1,"Original Hash Batches": 1,"Peak Memory Usage": 10368,"Workers": [],"Plans": [{"Node Type": "Seq Scan","Parent Relationship": "Outer","Parallel Aware": true,"Async Capable": false,"Relation Name": "customer","Alias": "customer","Startup Cost": 0.00,"Total Cost": 4210.00,"Plan Rows": 62500,"Plan Width": 23,"Actual Startup Time": 0.025,"Actual Total Time": 19.726,"Actual Rows": 37500,"Actual Loops": 4,"Workers": []}]}]}]}]}]},"Planning Time": 6.715,"Triggers": [],"Execution Time": 10961.817}]
[{"Plan": {"Node Type": "Sort","Parallel Aware": false,"Async Capable": false,"Startup Cost": 397889.21,"Total Cost": 399077.01,"Plan Rows": 475120,"Plan Width": 71,"Actual Startup Time": 10887.509,"Actual Total Time": 10908.132,"Actual Rows": 10,"Actual Loops": 1,"Sort Key": ["orders.o_totalprice DESC", "orders.o_orderdate"],"Sort Method": "quicksort","Sort Space Used": 25,"Sort Space Type": "Memory","Plans": [{"Node Type": "Aggregate","Strategy": "Hashed","Partial Mode": "Simple","Parent Relationship": "Outer","Parallel Aware": false,"Async Capable": false,"Startup Cost": 347151.30,"Total Cost": 353090.30,"Plan Rows": 475120,"Plan Width": 71,"Actual Startup Time": 10848.812,"Actual Total Time": 10907.941,"Actual Rows": 10,"Actual Loops": 1,"Group Key": ["customer.c_custkey", "orders.o_orderkey"],"Planned Partitions": 0,"HashAgg Batches": 1,"Peak Memory Usage": 24601,"Disk Usage": 0,"Plans": [{"Node Type": "Gather","Parent Relationship": "Outer","Parallel Aware": false,"Async Capable": false,"Startup Cost": 216528.94,"Total Cost": 343587.90,"Plan Rows": 475120,"Plan Width": 44,"Actual Startup Time": 10782.037,"Actual Total Time": 10858.151,"Actual Rows": 70,"Actual Loops": 1,"Workers Planned": 3,"Workers Launched": 3,"Single Copy": false,"Plans": [{"Node Type": "Hash Join","Parent Relationship": "Outer","Parallel Aware": true,"Async Capable": false,"Join Type": "Inner","Startup Cost": 215528.94,"Total Cost": 295075.90,"Plan Rows": 153265,"Plan Width": 44,"Actual Startup Time": 10180.765,"Actual Total Time": 10348.312,"Actual Rows": 18,"Actual Loops": 4,"Inner Unique": true,"Hash Cond": "(orders.o_custkey = customer.c_custkey)","Workers": [],"Plans": [{"Node Type": "Nested Loop","Parent Relationship": "Outer","Parallel Aware": false,"Async Capable": false,"Join Type": "Inner","Startup Cost": 210537.69,"Total Cost": 289682.32,"Plan Rows": 153265,"Plan Width": 25,"Actual Startup Time": 10142.809,"Actual Total Time": 10310.270,"Actual Rows": 18,"Actual Loops": 4,"Inner Unique": false,"Workers": [],"Plans": [{"Node Type": "Hash Join","Parent Relationship": "Outer","Parallel Aware": false,"Async Capable": false,"Join Type": "Inner","Startup Cost": 210537.26,"Total Cost": 242741.13,"Plan Rows": 38308,"Plan Width": 24,"Actual Startup Time": 10142.670,"Actual Total Time": 10309.991,"Actual Rows": 2,"Actual Loops": 4,"Inner Unique": true,"Hash Cond": "(orders.o_orderkey = lineitem_1.l_orderkey)","Workers": [],"Plans": [{"Node Type": "Seq Scan","Parent Relationship": "Outer","Parallel Aware": true,"Async Capable": false,"Relation Name": "orders","Alias": "orders","Startup Cost": 0.00,"Total Cost": 30933.71,"Plan Rows": 483871,"Plan Width": 20,"Actual Startup Time": 0.009,"Actual Total Time": 49.040,"Actual Rows": 375000,"Actual Loops": 4,"Workers": []},{"Node Type": "Hash","Parent Relationship": "Inner","Parallel Aware": false,"Async Capable": false,"Startup Cost": 209052.81,"Total Cost": 209052.81,"Plan Rows": 118756,"Plan Width": 4,"Actual Startup Time": 10075.163,"Actual Total Time": 10075.176,"Actual Rows": 10,"Actual Loops": 4,"Hash Buckets": 131072,"Original Hash Buckets": 131072,"Hash Batches": 1,"Original Hash Batches": 1,"Peak Memory Usage": 1025,"Workers": [],"Plans": [{"Node Type": "Aggregate","Strategy": "Hashed","Partial Mode": "Simple","Parent Relationship": "Outer","Parallel Aware": false,"Async Capable": false,"Startup Cost": 202521.23,"Total Cost": 207865.25,"Plan Rows": 118756,"Plan Width": 4,"Actual Startup Time": 6293.151,"Actual Total Time": 10074.968,"Actual Rows": 10,"Actual Loops": 4,"Group Key": ["lineitem_1.l_orderkey"],"Filter": "(sum(lineitem_1.l_quantity) > '312'::numeric)","Planned Partitions": 0,"HashAgg Batches": 1,"Peak Memory Usage": 638993,"Disk Usage": 0,"Rows Removed by Filter": 1499990,"Workers": [{"Worker Number": 0,"HashAgg Batches": 1,"Peak Memory Usage": 638993,"Disk Usage": 0},{"Worker Number": 1,"HashAgg Batches": 1,"Peak Memory Usage": 638993,"Disk Usage": 0},{"Worker Number": 2,"HashAgg Batches": 1,"Peak Memory Usage": 638993,"Disk Usage": 0}],"Plans": [{"Node Type": "Seq Scan","Parent Relationship": "Outer","Parallel Aware": false,"Async Capable": false,"Relation Name": "lineitem","Alias": "lineitem_1","Startup Cost": 0.00,"Total Cost": 172515.15,"Plan Rows": 6001215,"Plan Width": 9,"Actual Startup Time": 0.021,"Actual Total Time": 960.546,"Actual Rows": 6001215,"Actual Loops": 4,"Workers": []}]}]}]},{"Node Type": "Index Scan","Parent Relationship": "Inner","Parallel Aware": false,"Async Capable": false,"Scan Direction": "Forward","Index Name": "idx_lineitem_orderkey","Relation Name": "lineitem","Alias": "lineitem","Startup Cost": 0.43,"Total Cost": 1.06,"Plan Rows": 17,"Plan Width": 9,"Actual Startup Time": 0.072,"Actual Total Time": 0.079,"Actual Rows": 7,"Actual Loops": 10,"Index Cond": "(l_orderkey = orders.o_orderkey)","Rows Removed by Index Recheck": 0,"Workers": []}]},{"Node Type": "Hash","Parent Relationship": "Inner","Parallel Aware": true,"Async Capable": false,"Startup Cost": 4210.00,"Total Cost": 4210.00,"Plan Rows": 62500,"Plan Width": 23,"Actual Startup Time": 37.105,"Actual Total Time": 37.114,"Actual Rows": 37500,"Actual Loops": 4,"Hash Buckets": 262144,"Original Hash Buckets": 262144,"Hash Batches": 1,"Original Hash Batches": 1,"Peak Memory Usage": 10368,"Workers": [],"Plans": [{"Node Type": "Seq Scan","Parent Relationship": "Outer","Parallel Aware": true,"Async Capable": false,"Relation Name": "customer","Alias": "customer","Startup Cost": 0.00,"Total Cost": 4210.00,"Plan Rows": 62500,"Plan Width": 23,"Actual Startup Time": 0.025,"Actual Total Time": 19.726,"Actual Rows": 37500,"Actual Loops": 4,"Workers": []}]}]}]}]}]},"Planning Time": 6.715,"Triggers": [],"Execution Time": 10961.817}]
[{"Plan": {"Node Type": "Sort","Parallel Aware": false,"Async Capable": false,"Startup Cost": 397889.21,"Total Cost": 399077.01,"Plan Rows": 475120,"Plan Width": 71,"Actual Startup Time": 10887.509,"Actual Total Time": 10908.132,"Actual Rows": 10,"Actual Loops": 1,"Sort Key": ["orders.o_totalprice DESC", "orders.o_orderdate"],"Sort Method": "quicksort","Sort Space Used": 25,"Sort Space Type": "Memory","Plans": [{"Node Type": "Aggregate","Strategy": "Hashed","Partial Mode": "Simple","Parent Relationship": "Outer","Parallel Aware": false,"Async Capable": false,"Startup Cost": 347151.30,"Total Cost": 353090.30,"Plan Rows": 475120,"Plan Width": 71,"Actual Startup Time": 10848.812,"Actual Total Time": 10907.941,"Actual Rows": 10,"Actual Loops": 1,"Group Key": ["customer.c_custkey", "orders.o_orderkey"],"Planned Partitions": 0,"HashAgg Batches": 1,"Peak Memory Usage": 24601,"Disk Usage": 0,"Plans": [{"Node Type": "Gather","Parent Relationship": "Outer","Parallel Aware": false,"Async Capable": false,"Startup Cost": 216528.94,"Total Cost": 343587.90,"Plan Rows": 475120,"Plan Width": 44,"Actual Startup Time": 10782.037,"Actual Total Time": 10858.151,"Actual Rows": 70,"Actual Loops": 1,"Workers Planned": 3,"Workers Launched": 3,"Single Copy": false,"Plans": [{"Node Type": "Hash Join","Parent Relationship": "Outer","Parallel Aware": true,"Async Capable": false,"Join Type": "Inner","Startup Cost": 215528.94,"Total Cost": 295075.90,"Plan Rows": 153265,"Plan Width": 44,"Actual Startup Time": 10180.765,"Actual Total Time": 10348.312,"Actual Rows": 18,"Actual Loops": 4,"Inner Unique": true,"Hash Cond": "(orders.o_custkey = customer.c_custkey)","Workers": [],"Plans": [{"Node Type": "Nested Loop","Parent Relationship": "Outer","Parallel Aware": false,"Async Capable": false,"Join Type": "Inner","Startup Cost": 210537.69,"Total Cost": 289682.32,"Plan Rows": 153265,"Plan Width": 25,"Actual Startup Time": 10142.809,"Actual Total Time": 10310.270,"Actual Rows": 18,"Actual Loops": 4,"Inner Unique": false,"Workers": [],"Plans": [{"Node Type": "Hash Join","Parent Relationship": "Outer","Parallel Aware": false,"Async Capable": false,"Join Type": "Inner","Startup Cost": 210537.26,"Total Cost": 242741.13,"Plan Rows": 38308,"Plan Width": 24,"Actual Startup Time": 10142.670,"Actual Total Time": 10309.991,"Actual Rows": 2,"Actual Loops": 4,"Inner Unique": true,"Hash Cond": "(orders.o_orderkey = lineitem_1.l_orderkey)","Workers": [],"Plans": [{"Node Type": "Seq Scan","Parent Relationship": "Outer","Parallel Aware": true,"Async Capable": false,"Relation Name": "orders","Alias": "orders","Startup Cost": 0.00,"Total Cost": 30933.71,"Plan Rows": 483871,"Plan Width": 20,"Actual Startup Time": 0.009,"Actual Total Time": 49.040,"Actual Rows": 375000,"Actual Loops": 4,"Workers": []},{"Node Type": "Hash","Parent Relationship": "Inner","Parallel Aware": false,"Async Capable": false,"Startup Cost": 209052.81,"Total Cost": 209052.81,"Plan Rows": 118756,"Plan Width": 4,"Actual Startup Time": 10075.163,"Actual Total Time": 10075.176,"Actual Rows": 10,"Actual Loops": 4,"Hash Buckets": 131072,"Original Hash Buckets": 131072,"Hash Batches": 1,"Original Hash Batches": 1,"Peak Memory Usage": 1025,"Workers": [],"Plans": [{"Node Type": "Aggregate","Strategy": "Hashed","Partial Mode": "Simple","Parent Relationship": "Outer","Parallel Aware": false,"Async Capable": false,"Startup Cost": 202521.23,"Total Cost": 207865.25,"Plan Rows": 118756,"Plan Width": 4,"Actual Startup Time": 6293.151,"Actual Total Time": 10074.968,"Actual Rows": 10,"Actual Loops": 4,"Group Key": ["lineitem_1.l_orderkey"],"Filter": "(sum(lineitem_1.l_quantity) > '312'::numeric)","Planned Partitions": 0,"HashAgg Batches": 1,"Peak Memory Usage": 638993,"Disk Usage": 0,"Rows Removed by Filter": 1499990,"Workers": [{"Worker Number": 0,"HashAgg Batches": 1,"Peak Memory Usage": 638993,"Disk Usage": 0},{"Worker Number": 1,"HashAgg Batches": 1,"Peak Memory Usage": 638993,"Disk Usage": 0},{"Worker Number": 2,"HashAgg Batches": 1,"Peak Memory Usage": 638993,"Disk Usage": 0}],"Plans": [{"Node Type": "Seq Scan","Parent Relationship": "Outer","Parallel Aware": false,"Async Capable": false,"Relation Name": "lineitem","Alias": "lineitem_1","Startup Cost": 0.00,"Total Cost": 172515.15,"Plan Rows": 6001215,"Plan Width": 9,"Actual Startup Time": 0.021,"Actual Total Time": 960.546,"Actual Rows": 6001215,"Actual Loops": 4,"Workers": []}]}]}]},{"Node Type": "Index Scan","Parent Relationship": "Inner","Parallel Aware": false,"Async Capable": false,"Scan Direction": "Forward","Index Name": "idx_lineitem_orderkey","Relation Name": "lineitem","Alias": "lineitem","Startup Cost": 0.43,"Total Cost": 1.06,"Plan Rows": 17,"Plan Width": 9,"Actual Startup Time": 0.072,"Actual Total Time": 0.079,"Actual Rows": 7,"Actual Loops": 10,"Index Cond": "(l_orderkey = orders.o_orderkey)","Rows Removed by Index Recheck": 0,"Workers": []}]},{"Node Type": "Hash","Parent Relationship": "Inner","Parallel Aware": true,"Async Capable": false,"Startup Cost": 4210.00,"Total Cost": 4210.00,"Plan Rows": 62500,"Plan Width": 23,"Actual Startup Time": 37.105,"Actual Total Time": 37.114,"Actual Rows": 37500,"Actual Loops": 4,"Hash Buckets": 262144,"Original Hash Buckets": 262144,"Hash Batches": 1,"Original Hash Batches": 1,"Peak Memory Usage": 10368,"Workers": [],"Plans": [{"Node Type": "Seq Scan","Parent Relationship": "Outer","Parallel Aware": true,"Async Capable": false,"Relation Name": "customer","Alias": "customer","Startup Cost": 0.00,"Total Cost": 4210.00,"Plan Rows": 62500,"Plan Width": 23,"Actual Startup Time": 0.025,"Actual Total Time": 19.726,"Actual Rows": 37500,"Actual Loops": 4,"Workers": []}]}]}]}]}]},"Planning Time": 6.715,"Triggers": [],"Execution Time": 10961.817}]
[{"Plan": {"Node Type": "Sort","Parallel Aware": false,"Async Capable": false,"Startup Cost": 397889.21,"Total Cost": 399077.01,"Plan Rows": 475120,"Plan Width": 71,"Actual Startup Time": 10887.509,"Actual Total Time": 10908.132,"Actual Rows": 10,"Actual Loops": 1,"Sort Key": ["orders.o_totalprice DESC", "orders.o_orderdate"],"Sort Method": "quicksort","Sort Space Used": 25,"Sort Space Type": "Memory","Plans": [{"Node Type": "Aggregate","Strategy": "Hashed","Partial Mode": "Simple","Parent Relationship": "Outer","Parallel Aware": false,"Async Capable": false,"Startup Cost": 347151.30,"Total Cost": 353090.30,"Plan Rows": 475120,"Plan Width": 71,"Actual Startup Time": 10848.812,"Actual Total Time": 10907.941,"Actual Rows": 10,"Actual Loops": 1,"Group Key": ["customer.c_custkey", "orders.o_orderkey"],"Planned Partitions": 0,"HashAgg Batches": 1,"Peak Memory Usage": 24601,"Disk Usage": 0,"Plans": [{"Node Type": "Gather","Parent Relationship": "Outer","Parallel Aware": false,"Async Capable": false,"Startup Cost": 216528.94,"Total Cost": 343587.90,"Plan Rows": 475120,"Plan Width": 44,"Actual Startup Time": 10782.037,"Actual Total Time": 10858.151,"Actual Rows": 70,"Actual Loops": 1,"Workers Planned": 3,"Workers Launched": 3,"Single Copy": false,"Plans": [{"Node Type": "Hash Join","Parent Relationship": "Outer","Parallel Aware": true,"Async Capable": false,"Join Type": "Inner","Startup Cost": 215528.94,"Total Cost": 295075.90,"Plan Rows": 153265,"Plan Width": 44,"Actual Startup Time": 10180.765,"Actual Total Time": 10348.312,"Actual Rows": 18,"Actual Loops": 4,"Inner Unique": true,"Hash Cond": "(orders.o_custkey = customer.c_custkey)","Workers": [],"Plans": [{"Node Type": "Nested Loop","Parent Relationship": "Outer","Parallel Aware": false,"Async Capable": false,"Join Type": "Inner","Startup Cost": 210537.69,"Total Cost": 289682.32,"Plan Rows": 153265,"Plan Width": 25,"Actual Startup Time": 10142.809,"Actual Total Time": 10310.270,"Actual Rows": 18,"Actual Loops": 4,"Inner Unique": false,"Workers": [],"Plans": [{"Node Type": "Hash Join","Parent Relationship": "Outer","Parallel Aware": false,"Async Capable": false,"Join Type": "Inner","Startup Cost": 210537.26,"Total Cost": 242741.13,"Plan Rows": 38308,"Plan Width": 24,"Actual Startup Time": 10142.670,"Actual Total Time": 10309.991,"Actual Rows": 2,"Actual Loops": 4,"Inner Unique": true,"Hash Cond": "(orders.o_orderkey = lineitem_1.l_orderkey)","Workers": [],"Plans": [{"Node Type": "Seq Scan","Parent Relationship": "Outer","Parallel Aware": true,"Async Capable": false,"Relation Name": "orders","Alias": "orders","Startup Cost": 0.00,"Total Cost": 30933.71,"Plan Rows": 483871,"Plan Width": 20,"Actual Startup Time": 0.009,"Actual Total Time": 49.040,"Actual Rows": 375000,"Actual Loops": 4,"Workers": []},{"Node Type": "Hash","Parent Relationship": "Inner","Parallel Aware": false,"Async Capable": false,"Startup Cost": 209052.81,"Total Cost": 209052.81,"Plan Rows": 118756,"Plan Width": 4,"Actual Startup Time": 10075.163,"Actual Total Time": 10075.176,"Actual Rows": 10,"Actual Loops": 4,"Hash Buckets": 131072,"Original Hash Buckets": 131072,"Hash Batches": 1,"Original Hash Batches": 1,"Peak Memory Usage": 1025,"Workers": [],"Plans": [{"Node Type": "Aggregate","Strategy": "Hashed","Partial Mode": "Simple","Parent Relationship": "Outer","Parallel Aware": false,"Async Capable": false,"Startup Cost": 202521.23,"Total Cost": 207865.25,"Plan Rows": 118756,"Plan Width": 4,"Actual Startup Time": 6293.151,"Actual Total Time": 10074.968,"Actual Rows": 10,"Actual Loops": 4,"Group Key": ["lineitem_1.l_orderkey"],"Filter": "(sum(lineitem_1.l_quantity) > '312'::numeric)","Planned Partitions": 0,"HashAgg Batches": 1,"Peak Memory Usage": 638993,"Disk Usage": 0,"Rows Removed by Filter": 1499990,"Workers": [{"Worker Number": 0,"HashAgg Batches": 1,"Peak Memory Usage": 638993,"Disk Usage": 0},{"Worker Number": 1,"HashAgg Batches": 1,"Peak Memory Usage": 638993,"Disk Usage": 0},{"Worker Number": 2,"HashAgg Batches": 1,"Peak Memory Usage": 638993,"Disk Usage": 0}],"Plans": [{"Node Type": "Seq Scan","Parent Relationship": "Outer","Parallel Aware": false,"Async Capable": false,"Relation Name": "lineitem","Alias": "lineitem_1","Startup Cost": 0.00,"Total Cost": 172515.15,"Plan Rows": 6001215,"Plan Width": 9,"Actual Startup Time": 0.021,"Actual Total Time": 960.546,"Actual Rows": 6001215,"Actual Loops": 4,"Workers": []}]}]}]},{"Node Type": "Index Scan","Parent Relationship": "Inner","Parallel Aware": false,"Async Capable": false,"Scan Direction": "Forward","Index Name": "idx_lineitem_orderkey","Relation Name": "lineitem","Alias": "lineitem","Startup Cost": 0.43,"Total Cost": 1.06,"Plan Rows": 17,"Plan Width": 9,"Actual Startup Time": 0.072,"Actual Total Time": 0.079,"Actual Rows": 7,"Actual Loops": 10,"Index Cond": "(l_orderkey = orders.o_orderkey)","Rows Removed by Index Recheck": 0,"Workers": []}]},{"Node Type": "Hash","Parent Relationship": "Inner","Parallel Aware": true,"Async Capable": false,"Startup Cost": 4210.00,"Total Cost": 4210.00,"Plan Rows": 62500,"Plan Width": 23,"Actual Startup Time": 37.105,"Actual Total Time": 37.114,"Actual Rows": 37500,"Actual Loops": 4,"Hash Buckets": 262144,"Original Hash Buckets": 262144,"Hash Batches": 1,"Original Hash Batches": 1,"Peak Memory Usage": 10368,"Workers": [],"Plans": [{"Node Type": "Seq Scan","Parent Relationship": "Outer","Parallel Aware": true,"Async Capable": false,"Relation Name": "customer","Alias": "customer","Startup Cost": 0.00,"Total Cost": 4210.00,"Plan Rows": 62500,"Plan Width": 23,"Actual Startup Time": 0.025,"Actual Total Time": 19.726,"Actual Rows": 37500,"Actual Loops": 4,"Workers": []}]}]}]}]}]},"Planning Time": 6.715,"Triggers": [],"Execution Time": 10961.817}]
[{"Plan": {"Node Type": "Sort","Parallel Aware": false,"Async Capable": false,"Startup Cost": 397889.21,"Total Cost": 399077.01,"Plan Rows": 475120,"Plan Width": 71,"Actual Startup Time": 10785.011,"Actual Total Time": 10839.032,"Actual Rows": 9,"Actual Loops": 1,"Sort Key": ["orders.o_totalprice DESC", "orders.o_orderdate"],"Sort Method": "quicksort","Sort Space Used": 25,"Sort Space Type": "Memory","Plans": [{"Node Type": "Aggregate","Strategy": "Hashed","Partial Mode": "Simple","Parent Relationship": "Outer","Parallel Aware": false,"Async Capable": false,"Startup Cost": 347151.30,"Total Cost": 353090.30,"Plan Rows": 475120,"Plan Width": 71,"Actual Startup Time": 10763.855,"Actual Total Time": 10838.848,"Actual Rows": 9,"Actual Loops": 1,"Group Key": ["customer.c_custkey", "orders.o_orderkey"],"Planned Partitions": 0,"HashAgg Batches": 1,"Peak Memory Usage": 24601,"Disk Usage": 0,"Plans": [{"Node Type": "Gather","Parent Relationship": "Outer","Parallel Aware": false,"Async Capable": false,"Startup Cost": 216528.94,"Total Cost": 343587.90,"Plan Rows": 475120,"Plan Width": 44,"Actual Startup Time": 9674.071,"Actual Total Time": 10813.470,"Actual Rows": 63,"Actual Loops": 1,"Workers Planned": 3,"Workers Launched": 3,"Single Copy": false,"Plans": [{"Node Type": "Hash Join","Parent Relationship": "Outer","Parallel Aware": true,"Async Capable": false,"Join Type": "Inner","Startup Cost": 215528.94,"Total Cost": 295075.90,"Plan Rows": 153265,"Plan Width": 44,"Actual Startup Time": 10141.072,"Actual Total Time": 10312.965,"Actual Rows": 16,"Actual Loops": 4,"Inner Unique": true,"Hash Cond": "(orders.o_custkey = customer.c_custkey)","Workers": [],"Plans": [{"Node Type": "Nested Loop","Parent Relationship": "Outer","Parallel Aware": false,"Async Capable": false,"Join Type": "Inner","Startup Cost": 210537.69,"Total Cost": 289682.32,"Plan Rows": 153265,"Plan Width": 25,"Actual Startup Time": 10104.129,"Actual Total Time": 10275.947,"Actual Rows": 16,"Actual Loops": 4,"Inner Unique": false,"Workers": [],"Plans": [{"Node Type": "Hash Join","Parent Relationship": "Outer","Parallel Aware": false,"Async Capable": false,"Join Type": "Inner","Startup Cost": 210537.26,"Total Cost": 242741.13,"Plan Rows": 38308,"Plan Width": 24,"Actual Startup Time": 10104.052,"Actual Total Time": 10275.739,"Actual Rows": 2,"Actual Loops": 4,"Inner Unique": true,"Hash Cond": "(orders.o_orderkey = lineitem_1.l_orderkey)","Workers": [],"Plans": [{"Node Type": "Seq Scan","Parent Relationship": "Outer","Parallel Aware": true,"Async Capable": false,"Relation Name": "orders","Alias": "orders","Startup Cost": 0.00,"Total Cost": 30933.71,"Plan Rows": 483871,"Plan Width": 20,"Actual Startup Time": 0.007,"Actual Total Time": 53.689,"Actual Rows": 375000,"Actual Loops": 4,"Workers": []},{"Node Type": "Hash","Parent Relationship": "Inner","Parallel Aware": false,"Async Capable": false,"Startup Cost": 209052.81,"Total Cost": 209052.81,"Plan Rows": 118756,"Plan Width": 4,"Actual Startup Time": 10025.157,"Actual Total Time": 10025.166,"Actual Rows": 9,"Actual Loops": 4,"Hash Buckets": 131072,"Original Hash Buckets": 131072,"Hash Batches": 1,"Original Hash Batches": 1,"Peak Memory Usage": 1025,"Workers": [],"Plans": [{"Node Type": "Aggregate","Strategy": "Hashed","Partial Mode": "Simple","Parent Relationship": "Outer","Parallel Aware": false,"Async Capable": false,"Startup Cost": 202521.23,"Total Cost": 207865.25,"Plan Rows": 118756,"Plan Width": 4,"Actual Startup Time": 6285.839,"Actual Total Time": 10024.981,"Actual Rows": 9,"Actual Loops": 4,"Group Key": ["lineitem_1.l_orderkey"],"Filter": "(sum(lineitem_1.l_quantity) > '314'::numeric)","Planned Partitions": 0,"HashAgg Batches": 1,"Peak Memory Usage": 638993,"Disk Usage": 0,"Rows Removed by Filter": 1499991,"Workers": [{"Worker Number": 0,"HashAgg Batches": 1,"Peak Memory Usage": 638993,"Disk Usage": 0},{"Worker Number": 1,"HashAgg Batches": 1,"Peak Memory Usage": 638993,"Disk Usage": 0},{"Worker Number": 2,"HashAgg Batches": 1,"Peak Memory Usage": 638993,"Disk Usage": 0}],"Plans": [{"Node Type": "Seq Scan","Parent Relationship": "Outer","Parallel Aware": false,"Async Capable": false,"Relation Name": "lineitem","Alias": "lineitem_1","Startup Cost": 0.00,"Total Cost": 172515.15,"Plan Rows": 6001215,"Plan Width": 9,"Actual Startup Time": 0.019,"Actual Total Time": 931.752,"Actual Rows": 6001215,"Actual Loops": 4,"Workers": []}]}]}]},{"Node Type": "Index Scan","Parent Relationship": "Inner","Parallel Aware": false,"Async Capable": false,"Scan Direction": "Forward","Index Name": "idx_lineitem_orderkey","Relation Name": "lineitem","Alias": "lineitem","Startup Cost": 0.43,"Total Cost": 1.06,"Plan Rows": 17,"Plan Width": 9,"Actual Startup Time": 0.055,"Actual Total Time": 0.062,"Actual Rows": 7,"Actual Loops": 9,"Index Cond": "(l_orderkey = orders.o_orderkey)","Rows Removed by Index Recheck": 0,"Workers": []}]},{"Node Type": "Hash","Parent Relationship": "Inner","Parallel Aware": true,"Async Capable": false,"Startup Cost": 4210.00,"Total Cost": 4210.00,"Plan Rows": 62500,"Plan Width": 23,"Actual Startup Time": 36.172,"Actual Total Time": 36.190,"Actual Rows": 37500,"Actual Loops": 4,"Hash Buckets": 262144,"Original Hash Buckets": 262144,"Hash Batches": 1,"Original Hash Batches": 1,"Peak Memory Usage": 10336,"Workers": [],"Plans": [{"Node Type": "Seq Scan","Parent Relationship": "Outer","Parallel Aware": true,"Async Capable": false,"Relation Name": "customer","Alias": "customer","Startup Cost": 0.00,"Total Cost": 4210.00,"Plan Rows": 62500,"Plan Width": 23,"Actual Startup Time": 0.024,"Actual Total Time": 17.933,"Actual Rows": 37500,"Actual Loops": 4,"Workers": []}]}]}]}]}]},"Planning Time": 6.881,"Triggers": [],"Execution Time": 10893.482}]
[{"Plan": {"Node Type": "Sort","Parallel Aware": false,"Async Capable": false,"Startup Cost": 397889.21,"Total Cost": 399077.01,"Plan Rows": 475120,"Plan Width": 71,"Actual Startup Time": 10785.011,"Actual Total Time": 10839.032,"Actual Rows": 9,"Actual Loops": 1,"Sort Key": ["orders.o_totalprice DESC", "orders.o_orderdate"],"Sort Method": "quicksort","Sort Space Used": 25,"Sort Space Type": "Memory","Plans": [{"Node Type": "Aggregate","Strategy": "Hashed","Partial Mode": "Simple","Parent Relationship": "Outer","Parallel Aware": false,"Async Capable": false,"Startup Cost": 347151.30,"Total Cost": 353090.30,"Plan Rows": 475120,"Plan Width": 71,"Actual Startup Time": 10763.855,"Actual Total Time": 10838.848,"Actual Rows": 9,"Actual Loops": 1,"Group Key": ["customer.c_custkey", "orders.o_orderkey"],"Planned Partitions": 0,"HashAgg Batches": 1,"Peak Memory Usage": 24601,"Disk Usage": 0,"Plans": [{"Node Type": "Gather","Parent Relationship": "Outer","Parallel Aware": false,"Async Capable": false,"Startup Cost": 216528.94,"Total Cost": 343587.90,"Plan Rows": 475120,"Plan Width": 44,"Actual Startup Time": 9674.071,"Actual Total Time": 10813.470,"Actual Rows": 63,"Actual Loops": 1,"Workers Planned": 3,"Workers Launched": 3,"Single Copy": false,"Plans": [{"Node Type": "Hash Join","Parent Relationship": "Outer","Parallel Aware": true,"Async Capable": false,"Join Type": "Inner","Startup Cost": 215528.94,"Total Cost": 295075.90,"Plan Rows": 153265,"Plan Width": 44,"Actual Startup Time": 10141.072,"Actual Total Time": 10312.965,"Actual Rows": 16,"Actual Loops": 4,"Inner Unique": true,"Hash Cond": "(orders.o_custkey = customer.c_custkey)","Workers": [],"Plans": [{"Node Type": "Nested Loop","Parent Relationship": "Outer","Parallel Aware": false,"Async Capable": false,"Join Type": "Inner","Startup Cost": 210537.69,"Total Cost": 289682.32,"Plan Rows": 153265,"Plan Width": 25,"Actual Startup Time": 10104.129,"Actual Total Time": 10275.947,"Actual Rows": 16,"Actual Loops": 4,"Inner Unique": false,"Workers": [],"Plans": [{"Node Type": "Hash Join","Parent Relationship": "Outer","Parallel Aware": false,"Async Capable": false,"Join Type": "Inner","Startup Cost": 210537.26,"Total Cost": 242741.13,"Plan Rows": 38308,"Plan Width": 24,"Actual Startup Time": 10104.052,"Actual Total Time": 10275.739,"Actual Rows": 2,"Actual Loops": 4,"Inner Unique": true,"Hash Cond": "(orders.o_orderkey = lineitem_1.l_orderkey)","Workers": [],"Plans": [{"Node Type": "Seq Scan","Parent Relationship": "Outer","Parallel Aware": true,"Async Capable": false,"Relation Name": "orders","Alias": "orders","Startup Cost": 0.00,"Total Cost": 30933.71,"Plan Rows": 483871,"Plan Width": 20,"Actual Startup Time": 0.007,"Actual Total Time": 53.689,"Actual Rows": 375000,"Actual Loops": 4,"Workers": []},{"Node Type": "Hash","Parent Relationship": "Inner","Parallel Aware": false,"Async Capable": false,"Startup Cost": 209052.81,"Total Cost": 209052.81,"Plan Rows": 118756,"Plan Width": 4,"Actual Startup Time": 10025.157,"Actual Total Time": 10025.166,"Actual Rows": 9,"Actual Loops": 4,"Hash Buckets": 131072,"Original Hash Buckets": 131072,"Hash Batches": 1,"Original Hash Batches": 1,"Peak Memory Usage": 1025,"Workers": [],"Plans": [{"Node Type": "Aggregate","Strategy": "Hashed","Partial Mode": "Simple","Parent Relationship": "Outer","Parallel Aware": false,"Async Capable": false,"Startup Cost": 202521.23,"Total Cost": 207865.25,"Plan Rows": 118756,"Plan Width": 4,"Actual Startup Time": 6285.839,"Actual Total Time": 10024.981,"Actual Rows": 9,"Actual Loops": 4,"Group Key": ["lineitem_1.l_orderkey"],"Filter": "(sum(lineitem_1.l_quantity) > '314'::numeric)","Planned Partitions": 0,"HashAgg Batches": 1,"Peak Memory Usage": 638993,"Disk Usage": 0,"Rows Removed by Filter": 1499991,"Workers": [{"Worker Number": 0,"HashAgg Batches": 1,"Peak Memory Usage": 638993,"Disk Usage": 0},{"Worker Number": 1,"HashAgg Batches": 1,"Peak Memory Usage": 638993,"Disk Usage": 0},{"Worker Number": 2,"HashAgg Batches": 1,"Peak Memory Usage": 638993,"Disk Usage": 0}],"Plans": [{"Node Type": "Seq Scan","Parent Relationship": "Outer","Parallel Aware": false,"Async Capable": false,"Relation Name": "lineitem","Alias": "lineitem_1","Startup Cost": 0.00,"Total Cost": 172515.15,"Plan Rows": 6001215,"Plan Width": 9,"Actual Startup Time": 0.019,"Actual Total Time": 931.752,"Actual Rows": 6001215,"Actual Loops": 4,"Workers": []}]}]}]},{"Node Type": "Index Scan","Parent Relationship": "Inner","Parallel Aware": false,"Async Capable": false,"Scan Direction": "Forward","Index Name": "idx_lineitem_orderkey","Relation Name": "lineitem","Alias": "lineitem","Startup Cost": 0.43,"Total Cost": 1.06,"Plan Rows": 17,"Plan Width": 9,"Actual Startup Time": 0.055,"Actual Total Time": 0.062,"Actual Rows": 7,"Actual Loops": 9,"Index Cond": "(l_orderkey = orders.o_orderkey)","Rows Removed by Index Recheck": 0,"Workers": []}]},{"Node Type": "Hash","Parent Relationship": "Inner","Parallel Aware": true,"Async Capable": false,"Startup Cost": 4210.00,"Total Cost": 4210.00,"Plan Rows": 62500,"Plan Width": 23,"Actual Startup Time": 36.172,"Actual Total Time": 36.190,"Actual Rows": 37500,"Actual Loops": 4,"Hash Buckets": 262144,"Original Hash Buckets": 262144,"Hash Batches": 1,"Original Hash Batches": 1,"Peak Memory Usage": 10336,"Workers": [],"Plans": [{"Node Type": "Seq Scan","Parent Relationship": "Outer","Parallel Aware": true,"Async Capable": false,"Relation Name": "customer","Alias": "customer","Startup Cost": 0.00,"Total Cost": 4210.00,"Plan Rows": 62500,"Plan Width": 23,"Actual Startup Time": 0.024,"Actual Total Time": 17.933,"Actual Rows": 37500,"Actual Loops": 4,"Workers": []}]}]}]}]}]},"Planning Time": 6.881,"Triggers": [],"Execution Time": 10893.482}]
[{"Plan": {"Node Type": "Sort","Parallel Aware": false,"Async Capable": false,"Startup Cost": 397889.21,"Total Cost": 399077.01,"Plan Rows": 475120,"Plan Width": 71,"Actual Startup Time": 10345.847,"Actual Total Time": 10377.998,"Actual Rows": 9,"Actual Loops": 1,"Sort Key": ["orders.o_totalprice DESC", "orders.o_orderdate"],"Sort Method": "quicksort","Sort Space Used": 25,"Sort Space Type": "Memory","Plans": [{"Node Type": "Aggregate","Strategy": "Hashed","Partial Mode": "Simple","Parent Relationship": "Outer","Parallel Aware": false,"Async Capable": false,"Startup Cost": 347151.30,"Total Cost": 353090.30,"Plan Rows": 475120,"Plan Width": 71,"Actual Startup Time": 10329.232,"Actual Total Time": 10377.856,"Actual Rows": 9,"Actual Loops": 1,"Group Key": ["customer.c_custkey", "orders.o_orderkey"],"Planned Partitions": 0,"HashAgg Batches": 1,"Peak Memory Usage": 24601,"Disk Usage": 0,"Plans": [{"Node Type": "Gather","Parent Relationship": "Outer","Parallel Aware": false,"Async Capable": false,"Startup Cost": 216528.94,"Total Cost": 343587.90,"Plan Rows": 475120,"Plan Width": 44,"Actual Startup Time": 10053.961,"Actual Total Time": 10357.615,"Actual Rows": 63,"Actual Loops": 1,"Workers Planned": 3,"Workers Launched": 3,"Single Copy": false,"Plans": [{"Node Type": "Hash Join","Parent Relationship": "Outer","Parallel Aware": true,"Async Capable": false,"Join Type": "Inner","Startup Cost": 215528.94,"Total Cost": 295075.90,"Plan Rows": 153265,"Plan Width": 44,"Actual Startup Time": 10157.696,"Actual Total Time": 10258.651,"Actual Rows": 16,"Actual Loops": 4,"Inner Unique": true,"Hash Cond": "(orders.o_custkey = customer.c_custkey)","Workers": [],"Plans": [{"Node Type": "Nested Loop","Parent Relationship": "Outer","Parallel Aware": false,"Async Capable": false,"Join Type": "Inner","Startup Cost": 210537.69,"Total Cost": 289682.32,"Plan Rows": 153265,"Plan Width": 25,"Actual Startup Time": 10123.332,"Actual Total Time": 10224.239,"Actual Rows": 16,"Actual Loops": 4,"Inner Unique": false,"Workers": [],"Plans": [{"Node Type": "Hash Join","Parent Relationship": "Outer","Parallel Aware": false,"Async Capable": false,"Join Type": "Inner","Startup Cost": 210537.26,"Total Cost": 242741.13,"Plan Rows": 38308,"Plan Width": 24,"Actual Startup Time": 10123.186,"Actual Total Time": 10223.998,"Actual Rows": 2,"Actual Loops": 4,"Inner Unique": true,"Hash Cond": "(orders.o_orderkey = lineitem_1.l_orderkey)","Workers": [],"Plans": [{"Node Type": "Seq Scan","Parent Relationship": "Outer","Parallel Aware": true,"Async Capable": false,"Relation Name": "orders","Alias": "orders","Startup Cost": 0.00,"Total Cost": 30933.71,"Plan Rows": 483871,"Plan Width": 20,"Actual Startup Time": 0.011,"Actual Total Time": 49.852,"Actual Rows": 375000,"Actual Loops": 4,"Workers": []},{"Node Type": "Hash","Parent Relationship": "Inner","Parallel Aware": false,"Async Capable": false,"Startup Cost": 209052.81,"Total Cost": 209052.81,"Plan Rows": 118756,"Plan Width": 4,"Actual Startup Time": 10005.666,"Actual Total Time": 10005.673,"Actual Rows": 9,"Actual Loops": 4,"Hash Buckets": 131072,"Original Hash Buckets": 131072,"Hash Batches": 1,"Original Hash Batches": 1,"Peak Memory Usage": 1025,"Workers": [],"Plans": [{"Node Type": "Aggregate","Strategy": "Hashed","Partial Mode": "Simple","Parent Relationship": "Outer","Parallel Aware": false,"Async Capable": false,"Startup Cost": 202521.23,"Total Cost": 207865.25,"Plan Rows": 118756,"Plan Width": 4,"Actual Startup Time": 6310.010,"Actual Total Time": 10005.543,"Actual Rows": 9,"Actual Loops": 4,"Group Key": ["lineitem_1.l_orderkey"],"Filter": "(sum(lineitem_1.l_quantity) > '313'::numeric)","Planned Partitions": 0,"HashAgg Batches": 1,"Peak Memory Usage": 638993,"Disk Usage": 0,"Rows Removed by Filter": 1499991,"Workers": [{"Worker Number": 0,"HashAgg Batches": 1,"Peak Memory Usage": 638993,"Disk Usage": 0},{"Worker Number": 1,"HashAgg Batches": 1,"Peak Memory Usage": 638993,"Disk Usage": 0},{"Worker Number": 2,"HashAgg Batches": 1,"Peak Memory Usage": 638993,"Disk Usage": 0}],"Plans": [{"Node Type": "Seq Scan","Parent Relationship": "Outer","Parallel Aware": false,"Async Capable": false,"Relation Name": "lineitem","Alias": "lineitem_1","Startup Cost": 0.00,"Total Cost": 172515.15,"Plan Rows": 6001215,"Plan Width": 9,"Actual Startup Time": 0.020,"Actual Total Time": 994.479,"Actual Rows": 6001215,"Actual Loops": 4,"Workers": []}]}]}]},{"Node Type": "Index Scan","Parent Relationship": "Inner","Parallel Aware": false,"Async Capable": false,"Scan Direction": "Forward","Index Name": "idx_lineitem_orderkey","Relation Name": "lineitem","Alias": "lineitem","Startup Cost": 0.43,"Total Cost": 1.06,"Plan Rows": 17,"Plan Width": 9,"Actual Startup Time": 0.068,"Actual Total Time": 0.075,"Actual Rows": 7,"Actual Loops": 9,"Index Cond": "(l_orderkey = orders.o_orderkey)","Rows Removed by Index Recheck": 0,"Workers": []}]},{"Node Type": "Hash","Parent Relationship": "Inner","Parallel Aware": true,"Async Capable": false,"Startup Cost": 4210.00,"Total Cost": 4210.00,"Plan Rows": 62500,"Plan Width": 23,"Actual Startup Time": 33.578,"Actual Total Time": 33.582,"Actual Rows": 37500,"Actual Loops": 4,"Hash Buckets": 262144,"Original Hash Buckets": 262144,"Hash Batches": 1,"Original Hash Batches": 1,"Peak Memory Usage": 10336,"Workers": [],"Plans": [{"Node Type": "Seq Scan","Parent Relationship": "Outer","Parallel Aware": true,"Async Capable": false,"Relation Name": "customer","Alias": "customer","Startup Cost": 0.00,"Total Cost": 4210.00,"Plan Rows": 62500,"Plan Width": 23,"Actual Startup Time": 0.023,"Actual Total Time": 16.777,"Actual Rows": 37500,"Actual Loops": 4,"Workers": []}]}]}]}]}]},"Planning Time": 6.662,"Triggers": [],"Execution Time": 10430.266}]
[{"Plan": {"Node Type": "Sort","Parallel Aware": false,"Async Capable": false,"Startup Cost": 397889.21,"Total Cost": 399077.01,"Plan Rows": 475120,"Plan Width": 71,"Actual Startup Time": 10785.011,"Actual Total Time": 10839.032,"Actual Rows": 9,"Actual Loops": 1,"Sort Key": ["orders.o_totalprice DESC", "orders.o_orderdate"],"Sort Method": "quicksort","Sort Space Used": 25,"Sort Space Type": "Memory","Plans": [{"Node Type": "Aggregate","Strategy": "Hashed","Partial Mode": "Simple","Parent Relationship": "Outer","Parallel Aware": false,"Async Capable": false,"Startup Cost": 347151.30,"Total Cost": 353090.30,"Plan Rows": 475120,"Plan Width": 71,"Actual Startup Time": 10763.855,"Actual Total Time": 10838.848,"Actual Rows": 9,"Actual Loops": 1,"Group Key": ["customer.c_custkey", "orders.o_orderkey"],"Planned Partitions": 0,"HashAgg Batches": 1,"Peak Memory Usage": 24601,"Disk Usage": 0,"Plans": [{"Node Type": "Gather","Parent Relationship": "Outer","Parallel Aware": false,"Async Capable": false,"Startup Cost": 216528.94,"Total Cost": 343587.90,"Plan Rows": 475120,"Plan Width": 44,"Actual Startup Time": 9674.071,"Actual Total Time": 10813.470,"Actual Rows": 63,"Actual Loops": 1,"Workers Planned": 3,"Workers Launched": 3,"Single Copy": false,"Plans": [{"Node Type": "Hash Join","Parent Relationship": "Outer","Parallel Aware": true,"Async Capable": false,"Join Type": "Inner","Startup Cost": 215528.94,"Total Cost": 295075.90,"Plan Rows": 153265,"Plan Width": 44,"Actual Startup Time": 10141.072,"Actual Total Time": 10312.965,"Actual Rows": 16,"Actual Loops": 4,"Inner Unique": true,"Hash Cond": "(orders.o_custkey = customer.c_custkey)","Workers": [],"Plans": [{"Node Type": "Nested Loop","Parent Relationship": "Outer","Parallel Aware": false,"Async Capable": false,"Join Type": "Inner","Startup Cost": 210537.69,"Total Cost": 289682.32,"Plan Rows": 153265,"Plan Width": 25,"Actual Startup Time": 10104.129,"Actual Total Time": 10275.947,"Actual Rows": 16,"Actual Loops": 4,"Inner Unique": false,"Workers": [],"Plans": [{"Node Type": "Hash Join","Parent Relationship": "Outer","Parallel Aware": false,"Async Capable": false,"Join Type": "Inner","Startup Cost": 210537.26,"Total Cost": 242741.13,"Plan Rows": 38308,"Plan Width": 24,"Actual Startup Time": 10104.052,"Actual Total Time": 10275.739,"Actual Rows": 2,"Actual Loops": 4,"Inner Unique": true,"Hash Cond": "(orders.o_orderkey = lineitem_1.l_orderkey)","Workers": [],"Plans": [{"Node Type": "Seq Scan","Parent Relationship": "Outer","Parallel Aware": true,"Async Capable": false,"Relation Name": "orders","Alias": "orders","Startup Cost": 0.00,"Total Cost": 30933.71,"Plan Rows": 483871,"Plan Width": 20,"Actual Startup Time": 0.007,"Actual Total Time": 53.689,"Actual Rows": 375000,"Actual Loops": 4,"Workers": []},{"Node Type": "Hash","Parent Relationship": "Inner","Parallel Aware": false,"Async Capable": false,"Startup Cost": 209052.81,"Total Cost": 209052.81,"Plan Rows": 118756,"Plan Width": 4,"Actual Startup Time": 10025.157,"Actual Total Time": 10025.166,"Actual Rows": 9,"Actual Loops": 4,"Hash Buckets": 131072,"Original Hash Buckets": 131072,"Hash Batches": 1,"Original Hash Batches": 1,"Peak Memory Usage": 1025,"Workers": [],"Plans": [{"Node Type": "Aggregate","Strategy": "Hashed","Partial Mode": "Simple","Parent Relationship": "Outer","Parallel Aware": false,"Async Capable": false,"Startup Cost": 202521.23,"Total Cost": 207865.25,"Plan Rows": 118756,"Plan Width": 4,"Actual Startup Time": 6285.839,"Actual Total Time": 10024.981,"Actual Rows": 9,"Actual Loops": 4,"Group Key": ["lineitem_1.l_orderkey"],"Filter": "(sum(lineitem_1.l_quantity) > '314'::numeric)","Planned Partitions": 0,"HashAgg Batches": 1,"Peak Memory Usage": 638993,"Disk Usage": 0,"Rows Removed by Filter": 1499991,"Workers": [{"Worker Number": 0,"HashAgg Batches": 1,"Peak Memory Usage": 638993,"Disk Usage": 0},{"Worker Number": 1,"HashAgg Batches": 1,"Peak Memory Usage": 638993,"Disk Usage": 0},{"Worker Number": 2,"HashAgg Batches": 1,"Peak Memory Usage": 638993,"Disk Usage": 0}],"Plans": [{"Node Type": "Seq Scan","Parent Relationship": "Outer","Parallel Aware": false,"Async Capable": false,"Relation Name": "lineitem","Alias": "lineitem_1","Startup Cost": 0.00,"Total Cost": 172515.15,"Plan Rows": 6001215,"Plan Width": 9,"Actual Startup Time": 0.019,"Actual Total Time": 931.752,"Actual Rows": 6001215,"Actual Loops": 4,"Workers": []}]}]}]},{"Node Type": "Index Scan","Parent Relationship": "Inner","Parallel Aware": false,"Async Capable": false,"Scan Direction": "Forward","Index Name": "idx_lineitem_orderkey","Relation Name": "lineitem","Alias": "lineitem","Startup Cost": 0.43,"Total Cost": 1.06,"Plan Rows": 17,"Plan Width": 9,"Actual Startup Time": 0.055,"Actual Total Time": 0.062,"Actual Rows": 7,"Actual Loops": 9,"Index Cond": "(l_orderkey = orders.o_orderkey)","Rows Removed by Index Recheck": 0,"Workers": []}]},{"Node Type": "Hash","Parent Relationship": "Inner","Parallel Aware": true,"Async Capable": false,"Startup Cost": 4210.00,"Total Cost": 4210.00,"Plan Rows": 62500,"Plan Width": 23,"Actual Startup Time": 36.172,"Actual Total Time": 36.190,"Actual Rows": 37500,"Actual Loops": 4,"Hash Buckets": 262144,"Original Hash Buckets": 262144,"Hash Batches": 1,"Original Hash Batches": 1,"Peak Memory Usage": 10336,"Workers": [],"Plans": [{"Node Type": "Seq Scan","Parent Relationship": "Outer","Parallel Aware": true,"Async Capable": false,"Relation Name": "customer","Alias": "customer","Startup Cost": 0.00,"Total Cost": 4210.00,"Plan Rows": 62500,"Plan Width": 23,"Actual Startup Time": 0.024,"Actual Total Time": 17.933,"Actual Rows": 37500,"Actual Loops": 4,"Workers": []}]}]}]}]}]},"Planning Time": 6.881,"Triggers": [],"Execution Time": 10893.482}]
[{"Plan": {"Node Type": "Sort","Parallel Aware": false,"Async Capable": false,"Startup Cost": 397889.21,"Total Cost": 399077.01,"Plan Rows": 475120,"Plan Width": 71,"Actual Startup Time": 10887.509,"Actual Total Time": 10908.132,"Actual Rows": 10,"Actual Loops": 1,"Sort Key": ["orders.o_totalprice DESC", "orders.o_orderdate"],"Sort Method": "quicksort","Sort Space Used": 25,"Sort Space Type": "Memory","Plans": [{"Node Type": "Aggregate","Strategy": "Hashed","Partial Mode": "Simple","Parent Relationship": "Outer","Parallel Aware": false,"Async Capable": false,"Startup Cost": 347151.30,"Total Cost": 353090.30,"Plan Rows": 475120,"Plan Width": 71,"Actual Startup Time": 10848.812,"Actual Total Time": 10907.941,"Actual Rows": 10,"Actual Loops": 1,"Group Key": ["customer.c_custkey", "orders.o_orderkey"],"Planned Partitions": 0,"HashAgg Batches": 1,"Peak Memory Usage": 24601,"Disk Usage": 0,"Plans": [{"Node Type": "Gather","Parent Relationship": "Outer","Parallel Aware": false,"Async Capable": false,"Startup Cost": 216528.94,"Total Cost": 343587.90,"Plan Rows": 475120,"Plan Width": 44,"Actual Startup Time": 10782.037,"Actual Total Time": 10858.151,"Actual Rows": 70,"Actual Loops": 1,"Workers Planned": 3,"Workers Launched": 3,"Single Copy": false,"Plans": [{"Node Type": "Hash Join","Parent Relationship": "Outer","Parallel Aware": true,"Async Capable": false,"Join Type": "Inner","Startup Cost": 215528.94,"Total Cost": 295075.90,"Plan Rows": 153265,"Plan Width": 44,"Actual Startup Time": 10180.765,"Actual Total Time": 10348.312,"Actual Rows": 18,"Actual Loops": 4,"Inner Unique": true,"Hash Cond": "(orders.o_custkey = customer.c_custkey)","Workers": [],"Plans": [{"Node Type": "Nested Loop","Parent Relationship": "Outer","Parallel Aware": false,"Async Capable": false,"Join Type": "Inner","Startup Cost": 210537.69,"Total Cost": 289682.32,"Plan Rows": 153265,"Plan Width": 25,"Actual Startup Time": 10142.809,"Actual Total Time": 10310.270,"Actual Rows": 18,"Actual Loops": 4,"Inner Unique": false,"Workers": [],"Plans": [{"Node Type": "Hash Join","Parent Relationship": "Outer","Parallel Aware": false,"Async Capable": false,"Join Type": "Inner","Startup Cost": 210537.26,"Total Cost": 242741.13,"Plan Rows": 38308,"Plan Width": 24,"Actual Startup Time": 10142.670,"Actual Total Time": 10309.991,"Actual Rows": 2,"Actual Loops": 4,"Inner Unique": true,"Hash Cond": "(orders.o_orderkey = lineitem_1.l_orderkey)","Workers": [],"Plans": [{"Node Type": "Seq Scan","Parent Relationship": "Outer","Parallel Aware": true,"Async Capable": false,"Relation Name": "orders","Alias": "orders","Startup Cost": 0.00,"Total Cost": 30933.71,"Plan Rows": 483871,"Plan Width": 20,"Actual Startup Time": 0.009,"Actual Total Time": 49.040,"Actual Rows": 375000,"Actual Loops": 4,"Workers": []},{"Node Type": "Hash","Parent Relationship": "Inner","Parallel Aware": false,"Async Capable": false,"Startup Cost": 209052.81,"Total Cost": 209052.81,"Plan Rows": 118756,"Plan Width": 4,"Actual Startup Time": 10075.163,"Actual Total Time": 10075.176,"Actual Rows": 10,"Actual Loops": 4,"Hash Buckets": 131072,"Original Hash Buckets": 131072,"Hash Batches": 1,"Original Hash Batches": 1,"Peak Memory Usage": 1025,"Workers": [],"Plans": [{"Node Type": "Aggregate","Strategy": "Hashed","Partial Mode": "Simple","Parent Relationship": "Outer","Parallel Aware": false,"Async Capable": false,"Startup Cost": 202521.23,"Total Cost": 207865.25,"Plan Rows": 118756,"Plan Width": 4,"Actual Startup Time": 6293.151,"Actual Total Time": 10074.968,"Actual Rows": 10,"Actual Loops": 4,"Group Key": ["lineitem_1.l_orderkey"],"Filter": "(sum(lineitem_1.l_quantity) > '312'::numeric)","Planned Partitions": 0,"HashAgg Batches": 1,"Peak Memory Usage": 638993,"Disk Usage": 0,"Rows Removed by Filter": 1499990,"Workers": [{"Worker Number": 0,"HashAgg Batches": 1,"Peak Memory Usage": 638993,"Disk Usage": 0},{"Worker Number": 1,"HashAgg Batches": 1,"Peak Memory Usage": 638993,"Disk Usage": 0},{"Worker Number": 2,"HashAgg Batches": 1,"Peak Memory Usage": 638993,"Disk Usage": 0}],"Plans": [{"Node Type": "Seq Scan","Parent Relationship": "Outer","Parallel Aware": false,"Async Capable": false,"Relation Name": "lineitem","Alias": "lineitem_1","Startup Cost": 0.00,"Total Cost": 172515.15,"Plan Rows": 6001215,"Plan Width": 9,"Actual Startup Time": 0.021,"Actual Total Time": 960.546,"Actual Rows": 6001215,"Actual Loops": 4,"Workers": []}]}]}]},{"Node Type": "Index Scan","Parent Relationship": "Inner","Parallel Aware": false,"Async Capable": false,"Scan Direction": "Forward","Index Name": "idx_lineitem_orderkey","Relation Name": "lineitem","Alias": "lineitem","Startup Cost": 0.43,"Total Cost": 1.06,"Plan Rows": 17,"Plan Width": 9,"Actual Startup Time": 0.072,"Actual Total Time": 0.079,"Actual Rows": 7,"Actual Loops": 10,"Index Cond": "(l_orderkey = orders.o_orderkey)","Rows Removed by Index Recheck": 0,"Workers": []}]},{"Node Type": "Hash","Parent Relationship": "Inner","Parallel Aware": true,"Async Capable": false,"Startup Cost": 4210.00,"Total Cost": 4210.00,"Plan Rows": 62500,"Plan Width": 23,"Actual Startup Time": 37.105,"Actual Total Time": 37.114,"Actual Rows": 37500,"Actual Loops": 4,"Hash Buckets": 262144,"Original Hash Buckets": 262144,"Hash Batches": 1,"Original Hash Batches": 1,"Peak Memory Usage": 10368,"Workers": [],"Plans": [{"Node Type": "Seq Scan","Parent Relationship": "Outer","Parallel Aware": true,"Async Capable": false,"Relation Name": "customer","Alias": "customer","Startup Cost": 0.00,"Total Cost": 4210.00,"Plan Rows": 62500,"Plan Width": 23,"Actual Startup Time": 0.025,"Actual Total Time": 19.726,"Actual Rows": 37500,"Actual Loops": 4,"Workers": []}]}]}]}]}]},"Planning Time": 6.715,"Triggers": [],"Execution Time": 10961.817}]
[{"Plan": {"Node Type": "Sort","Parallel Aware": false,"Async Capable": false,"Startup Cost": 397889.21,"Total Cost": 399077.01,"Plan Rows": 475120,"Plan Width": 71,"Actual Startup Time": 10950.105,"Actual Total Time": 10953.954,"Actual Rows": 9,"Actual Loops": 1,"Sort Key": ["orders.o_totalprice DESC", "orders.o_orderdate"],"Sort Method": "quicksort","Sort Space Used": 25,"Sort Space Type": "Memory","Plans": [{"Node Type": "Aggregate","Strategy": "Hashed","Partial Mode": "Simple","Parent Relationship": "Outer","Parallel Aware": false,"Async Capable": false,"Startup Cost": 347151.30,"Total Cost": 353090.30,"Plan Rows": 475120,"Plan Width": 71,"Actual Startup Time": 10902.471,"Actual Total Time": 10953.715,"Actual Rows": 9,"Actual Loops": 1,"Group Key": ["customer.c_custkey", "orders.o_orderkey"],"Planned Partitions": 0,"HashAgg Batches": 1,"Peak Memory Usage": 24601,"Disk Usage": 0,"Plans": [{"Node Type": "Gather","Parent Relationship": "Outer","Parallel Aware": false,"Async Capable": false,"Startup Cost": 216528.94,"Total Cost": 343587.90,"Plan Rows": 475120,"Plan Width": 44,"Actual Startup Time": 10893.800,"Actual Total Time": 10897.693,"Actual Rows": 63,"Actual Loops": 1,"Workers Planned": 3,"Workers Launched": 3,"Single Copy": false,"Plans": [{"Node Type": "Hash Join","Parent Relationship": "Outer","Parallel Aware": true,"Async Capable": false,"Join Type": "Inner","Startup Cost": 215528.94,"Total Cost": 295075.90,"Plan Rows": 153265,"Plan Width": 44,"Actual Startup Time": 10134.253,"Actual Total Time": 10314.794,"Actual Rows": 16,"Actual Loops": 4,"Inner Unique": true,"Hash Cond": "(orders.o_custkey = customer.c_custkey)","Workers": [],"Plans": [{"Node Type": "Nested Loop","Parent Relationship": "Outer","Parallel Aware": false,"Async Capable": false,"Join Type": "Inner","Startup Cost": 210537.69,"Total Cost": 289682.32,"Plan Rows": 153265,"Plan Width": 25,"Actual Startup Time": 10099.687,"Actual Total Time": 10280.153,"Actual Rows": 16,"Actual Loops": 4,"Inner Unique": false,"Workers": [],"Plans": [{"Node Type": "Hash Join","Parent Relationship": "Outer","Parallel Aware": false,"Async Capable": false,"Join Type": "Inner","Startup Cost": 210537.26,"Total Cost": 242741.13,"Plan Rows": 38308,"Plan Width": 24,"Actual Startup Time": 10099.575,"Actual Total Time": 10279.892,"Actual Rows": 2,"Actual Loops": 4,"Inner Unique": true,"Hash Cond": "(orders.o_orderkey = lineitem_1.l_orderkey)","Workers": [],"Plans": [{"Node Type": "Seq Scan","Parent Relationship": "Outer","Parallel Aware": true,"Async Capable": false,"Relation Name": "orders","Alias": "orders","Startup Cost": 0.00,"Total Cost": 30933.71,"Plan Rows": 483871,"Plan Width": 20,"Actual Startup Time": 0.011,"Actual Total Time": 51.627,"Actual Rows": 375000,"Actual Loops": 4,"Workers": []},{"Node Type": "Hash","Parent Relationship": "Inner","Parallel Aware": false,"Async Capable": false,"Startup Cost": 209052.81,"Total Cost": 209052.81,"Plan Rows": 118756,"Plan Width": 4,"Actual Startup Time": 10016.825,"Actual Total Time": 10016.839,"Actual Rows": 9,"Actual Loops": 4,"Hash Buckets": 131072,"Original Hash Buckets": 131072,"Hash Batches": 1,"Original Hash Batches": 1,"Peak Memory Usage": 1025,"Workers": [],"Plans": [{"Node Type": "Aggregate","Strategy": "Hashed","Partial Mode": "Simple","Parent Relationship": "Outer","Parallel Aware": false,"Async Capable": false,"Startup Cost": 202521.23,"Total Cost": 207865.25,"Plan Rows": 118756,"Plan Width": 4,"Actual Startup Time": 6319.140,"Actual Total Time": 10016.671,"Actual Rows": 9,"Actual Loops": 4,"Group Key": ["lineitem_1.l_orderkey"],"Filter": "(sum(lineitem_1.l_quantity) > '315'::numeric)","Planned Partitions": 0,"HashAgg Batches": 1,"Peak Memory Usage": 638993,"Disk Usage": 0,"Rows Removed by Filter": 1499991,"Workers": [{"Worker Number": 0,"HashAgg Batches": 1,"Peak Memory Usage": 638993,"Disk Usage": 0},{"Worker Number": 1,"HashAgg Batches": 1,"Peak Memory Usage": 638993,"Disk Usage": 0},{"Worker Number": 2,"HashAgg Batches": 1,"Peak Memory Usage": 638993,"Disk Usage": 0}],"Plans": [{"Node Type": "Seq Scan","Parent Relationship": "Outer","Parallel Aware": false,"Async Capable": false,"Relation Name": "lineitem","Alias": "lineitem_1","Startup Cost": 0.00,"Total Cost": 172515.15,"Plan Rows": 6001215,"Plan Width": 9,"Actual Startup Time": 0.018,"Actual Total Time": 971.843,"Actual Rows": 6001215,"Actual Loops": 4,"Workers": []}]}]}]},{"Node Type": "Index Scan","Parent Relationship": "Inner","Parallel Aware": false,"Async Capable": false,"Scan Direction": "Forward","Index Name": "idx_lineitem_orderkey","Relation Name": "lineitem","Alias": "lineitem","Startup Cost": 0.43,"Total Cost": 1.06,"Plan Rows": 17,"Plan Width": 9,"Actual Startup Time": 0.069,"Actual Total Time": 0.079,"Actual Rows": 7,"Actual Loops": 9,"Index Cond": "(l_orderkey = orders.o_orderkey)","Rows Removed by Index Recheck": 0,"Workers": []}]},{"Node Type": "Hash","Parent Relationship": "Inner","Parallel Aware": true,"Async Capable": false,"Startup Cost": 4210.00,"Total Cost": 4210.00,"Plan Rows": 62500,"Plan Width": 23,"Actual Startup Time": 33.677,"Actual Total Time": 33.684,"Actual Rows": 37500,"Actual Loops": 4,"Hash Buckets": 262144,"Original Hash Buckets": 262144,"Hash Batches": 1,"Original Hash Batches": 1,"Peak Memory Usage": 10368,"Workers": [],"Plans": [{"Node Type": "Seq Scan","Parent Relationship": "Outer","Parallel Aware": true,"Async Capable": false,"Relation Name": "customer","Alias": "customer","Startup Cost": 0.00,"Total Cost": 4210.00,"Plan Rows": 62500,"Plan Width": 23,"Actual Startup Time": 0.019,"Actual Total Time": 16.715,"Actual Rows": 37500,"Actual Loops": 4,"Workers": []}]}]}]}]}]},"Planning Time": 6.132,"Triggers": [],"Execution Time": 11002.531}]
[{"Plan": {"Node Type": "Sort","Parallel Aware": false,"Async Capable": false,"Startup Cost": 397889.21,"Total Cost": 399077.01,"Plan Rows": 475120,"Plan Width": 71,"Actual Startup Time": 10785.011,"Actual Total Time": 10839.032,"Actual Rows": 9,"Actual Loops": 1,"Sort Key": ["orders.o_totalprice DESC", "orders.o_orderdate"],"Sort Method": "quicksort","Sort Space Used": 25,"Sort Space Type": "Memory","Plans": [{"Node Type": "Aggregate","Strategy": "Hashed","Partial Mode": "Simple","Parent Relationship": "Outer","Parallel Aware": false,"Async Capable": false,"Startup Cost": 347151.30,"Total Cost": 353090.30,"Plan Rows": 475120,"Plan Width": 71,"Actual Startup Time": 10763.855,"Actual Total Time": 10838.848,"Actual Rows": 9,"Actual Loops": 1,"Group Key": ["customer.c_custkey", "orders.o_orderkey"],"Planned Partitions": 0,"HashAgg Batches": 1,"Peak Memory Usage": 24601,"Disk Usage": 0,"Plans": [{"Node Type": "Gather","Parent Relationship": "Outer","Parallel Aware": false,"Async Capable": false,"Startup Cost": 216528.94,"Total Cost": 343587.90,"Plan Rows": 475120,"Plan Width": 44,"Actual Startup Time": 9674.071,"Actual Total Time": 10813.470,"Actual Rows": 63,"Actual Loops": 1,"Workers Planned": 3,"Workers Launched": 3,"Single Copy": false,"Plans": [{"Node Type": "Hash Join","Parent Relationship": "Outer","Parallel Aware": true,"Async Capable": false,"Join Type": "Inner","Startup Cost": 215528.94,"Total Cost": 295075.90,"Plan Rows": 153265,"Plan Width": 44,"Actual Startup Time": 10141.072,"Actual Total Time": 10312.965,"Actual Rows": 16,"Actual Loops": 4,"Inner Unique": true,"Hash Cond": "(orders.o_custkey = customer.c_custkey)","Workers": [],"Plans": [{"Node Type": "Nested Loop","Parent Relationship": "Outer","Parallel Aware": false,"Async Capable": false,"Join Type": "Inner","Startup Cost": 210537.69,"Total Cost": 289682.32,"Plan Rows": 153265,"Plan Width": 25,"Actual Startup Time": 10104.129,"Actual Total Time": 10275.947,"Actual Rows": 16,"Actual Loops": 4,"Inner Unique": false,"Workers": [],"Plans": [{"Node Type": "Hash Join","Parent Relationship": "Outer","Parallel Aware": false,"Async Capable": false,"Join Type": "Inner","Startup Cost": 210537.26,"Total Cost": 242741.13,"Plan Rows": 38308,"Plan Width": 24,"Actual Startup Time": 10104.052,"Actual Total Time": 10275.739,"Actual Rows": 2,"Actual Loops": 4,"Inner Unique": true,"Hash Cond": "(orders.o_orderkey = lineitem_1.l_orderkey)","Workers": [],"Plans": [{"Node Type": "Seq Scan","Parent Relationship": "Outer","Parallel Aware": true,"Async Capable": false,"Relation Name": "orders","Alias": "orders","Startup Cost": 0.00,"Total Cost": 30933.71,"Plan Rows": 483871,"Plan Width": 20,"Actual Startup Time": 0.007,"Actual Total Time": 53.689,"Actual Rows": 375000,"Actual Loops": 4,"Workers": []},{"Node Type": "Hash","Parent Relationship": "Inner","Parallel Aware": false,"Async Capable": false,"Startup Cost": 209052.81,"Total Cost": 209052.81,"Plan Rows": 118756,"Plan Width": 4,"Actual Startup Time": 10025.157,"Actual Total Time": 10025.166,"Actual Rows": 9,"Actual Loops": 4,"Hash Buckets": 131072,"Original Hash Buckets": 131072,"Hash Batches": 1,"Original Hash Batches": 1,"Peak Memory Usage": 1025,"Workers": [],"Plans": [{"Node Type": "Aggregate","Strategy": "Hashed","Partial Mode": "Simple","Parent Relationship": "Outer","Parallel Aware": false,"Async Capable": false,"Startup Cost": 202521.23,"Total Cost": 207865.25,"Plan Rows": 118756,"Plan Width": 4,"Actual Startup Time": 6285.839,"Actual Total Time": 10024.981,"Actual Rows": 9,"Actual Loops": 4,"Group Key": ["lineitem_1.l_orderkey"],"Filter": "(sum(lineitem_1.l_quantity) > '314'::numeric)","Planned Partitions": 0,"HashAgg Batches": 1,"Peak Memory Usage": 638993,"Disk Usage": 0,"Rows Removed by Filter": 1499991,"Workers": [{"Worker Number": 0,"HashAgg Batches": 1,"Peak Memory Usage": 638993,"Disk Usage": 0},{"Worker Number": 1,"HashAgg Batches": 1,"Peak Memory Usage": 638993,"Disk Usage": 0},{"Worker Number": 2,"HashAgg Batches": 1,"Peak Memory Usage": 638993,"Disk Usage": 0}],"Plans": [{"Node Type": "Seq Scan","Parent Relationship": "Outer","Parallel Aware": false,"Async Capable": false,"Relation Name": "lineitem","Alias": "lineitem_1","Startup Cost": 0.00,"Total Cost": 172515.15,"Plan Rows": 6001215,"Plan Width": 9,"Actual Startup Time": 0.019,"Actual Total Time": 931.752,"Actual Rows": 6001215,"Actual Loops": 4,"Workers": []}]}]}]},{"Node Type": "Index Scan","Parent Relationship": "Inner","Parallel Aware": false,"Async Capable": false,"Scan Direction": "Forward","Index Name": "idx_lineitem_orderkey","Relation Name": "lineitem","Alias": "lineitem","Startup Cost": 0.43,"Total Cost": 1.06,"Plan Rows": 17,"Plan Width": 9,"Actual Startup Time": 0.055,"Actual Total Time": 0.062,"Actual Rows": 7,"Actual Loops": 9,"Index Cond": "(l_orderkey = orders.o_orderkey)","Rows Removed by Index Recheck": 0,"Workers": []}]},{"Node Type": "Hash","Parent Relationship": "Inner","Parallel Aware": true,"Async Capable": false,"Startup Cost": 4210.00,"Total Cost": 4210.00,"Plan Rows": 62500,"Plan Width": 23,"Actual Startup Time": 36.172,"Actual Total Time": 36.190,"Actual Rows": 37500,"Actual Loops": 4,"Hash Buckets": 262144,"Original Hash Buckets": 262144,"Hash Batches": 1,"Original Hash Batches": 1,"Peak Memory Usage": 10336,"Workers": [],"Plans": [{"Node Type": "Seq Scan","Parent Relationship": "Outer","Parallel Aware": true,"Async Capable": false,"Relation Name": "customer","Alias": "customer","Startup Cost": 0.00,"Total Cost": 4210.00,"Plan Rows": 62500,"Plan Width": 23,"Actual Startup Time": 0.024,"Actual Total Time": 17.933,"Actual Rows": 37500,"Actual Loops": 4,"Workers": []}]}]}]}]}]},"Planning Time": 6.881,"Triggers": [],"Execution Time": 10893.482}]
[{"Plan": {"Node Type": "Sort","Parallel Aware": false,"Async Capable": false,"Startup Cost": 397889.21,"Total Cost": 399077.01,"Plan Rows": 475120,"Plan Width": 71,"Actual Startup Time": 10345.847,"Actual Total Time": 10377.998,"Actual Rows": 9,"Actual Loops": 1,"Sort Key": ["orders.o_totalprice DESC", "orders.o_orderdate"],"Sort Method": "quicksort","Sort Space Used": 25,"Sort Space Type": "Memory","Plans": [{"Node Type": "Aggregate","Strategy": "Hashed","Partial Mode": "Simple","Parent Relationship": "Outer","Parallel Aware": false,"Async Capable": false,"Startup Cost": 347151.30,"Total Cost": 353090.30,"Plan Rows": 475120,"Plan Width": 71,"Actual Startup Time": 10329.232,"Actual Total Time": 10377.856,"Actual Rows": 9,"Actual Loops": 1,"Group Key": ["customer.c_custkey", "orders.o_orderkey"],"Planned Partitions": 0,"HashAgg Batches": 1,"Peak Memory Usage": 24601,"Disk Usage": 0,"Plans": [{"Node Type": "Gather","Parent Relationship": "Outer","Parallel Aware": false,"Async Capable": false,"Startup Cost": 216528.94,"Total Cost": 343587.90,"Plan Rows": 475120,"Plan Width": 44,"Actual Startup Time": 10053.961,"Actual Total Time": 10357.615,"Actual Rows": 63,"Actual Loops": 1,"Workers Planned": 3,"Workers Launched": 3,"Single Copy": false,"Plans": [{"Node Type": "Hash Join","Parent Relationship": "Outer","Parallel Aware": true,"Async Capable": false,"Join Type": "Inner","Startup Cost": 215528.94,"Total Cost": 295075.90,"Plan Rows": 153265,"Plan Width": 44,"Actual Startup Time": 10157.696,"Actual Total Time": 10258.651,"Actual Rows": 16,"Actual Loops": 4,"Inner Unique": true,"Hash Cond": "(orders.o_custkey = customer.c_custkey)","Workers": [],"Plans": [{"Node Type": "Nested Loop","Parent Relationship": "Outer","Parallel Aware": false,"Async Capable": false,"Join Type": "Inner","Startup Cost": 210537.69,"Total Cost": 289682.32,"Plan Rows": 153265,"Plan Width": 25,"Actual Startup Time": 10123.332,"Actual Total Time": 10224.239,"Actual Rows": 16,"Actual Loops": 4,"Inner Unique": false,"Workers": [],"Plans": [{"Node Type": "Hash Join","Parent Relationship": "Outer","Parallel Aware": false,"Async Capable": false,"Join Type": "Inner","Startup Cost": 210537.26,"Total Cost": 242741.13,"Plan Rows": 38308,"Plan Width": 24,"Actual Startup Time": 10123.186,"Actual Total Time": 10223.998,"Actual Rows": 2,"Actual Loops": 4,"Inner Unique": true,"Hash Cond": "(orders.o_orderkey = lineitem_1.l_orderkey)","Workers": [],"Plans": [{"Node Type": "Seq Scan","Parent Relationship": "Outer","Parallel Aware": true,"Async Capable": false,"Relation Name": "orders","Alias": "orders","Startup Cost": 0.00,"Total Cost": 30933.71,"Plan Rows": 483871,"Plan Width": 20,"Actual Startup Time": 0.011,"Actual Total Time": 49.852,"Actual Rows": 375000,"Actual Loops": 4,"Workers": []},{"Node Type": "Hash","Parent Relationship": "Inner","Parallel Aware": false,"Async Capable": false,"Startup Cost": 209052.81,"Total Cost": 209052.81,"Plan Rows": 118756,"Plan Width": 4,"Actual Startup Time": 10005.666,"Actual Total Time": 10005.673,"Actual Rows": 9,"Actual Loops": 4,"Hash Buckets": 131072,"Original Hash Buckets": 131072,"Hash Batches": 1,"Original Hash Batches": 1,"Peak Memory Usage": 1025,"Workers": [],"Plans": [{"Node Type": "Aggregate","Strategy": "Hashed","Partial Mode": "Simple","Parent Relationship": "Outer","Parallel Aware": false,"Async Capable": false,"Startup Cost": 202521.23,"Total Cost": 207865.25,"Plan Rows": 118756,"Plan Width": 4,"Actual Startup Time": 6310.010,"Actual Total Time": 10005.543,"Actual Rows": 9,"Actual Loops": 4,"Group Key": ["lineitem_1.l_orderkey"],"Filter": "(sum(lineitem_1.l_quantity) > '313'::numeric)","Planned Partitions": 0,"HashAgg Batches": 1,"Peak Memory Usage": 638993,"Disk Usage": 0,"Rows Removed by Filter": 1499991,"Workers": [{"Worker Number": 0,"HashAgg Batches": 1,"Peak Memory Usage": 638993,"Disk Usage": 0},{"Worker Number": 1,"HashAgg Batches": 1,"Peak Memory Usage": 638993,"Disk Usage": 0},{"Worker Number": 2,"HashAgg Batches": 1,"Peak Memory Usage": 638993,"Disk Usage": 0}],"Plans": [{"Node Type": "Seq Scan","Parent Relationship": "Outer","Parallel Aware": false,"Async Capable": false,"Relation Name": "lineitem","Alias": "lineitem_1","Startup Cost": 0.00,"Total Cost": 172515.15,"Plan Rows": 6001215,"Plan Width": 9,"Actual Startup Time": 0.020,"Actual Total Time": 994.479,"Actual Rows": 6001215,"Actual Loops": 4,"Workers": []}]}]}]},{"Node Type": "Index Scan","Parent Relationship": "Inner","Parallel Aware": false,"Async Capable": false,"Scan Direction": "Forward","Index Name": "idx_lineitem_orderkey","Relation Name": "lineitem","Alias": "lineitem","Startup Cost": 0.43,"Total Cost": 1.06,"Plan Rows": 17,"Plan Width": 9,"Actual Startup Time": 0.068,"Actual Total Time": 0.075,"Actual Rows": 7,"Actual Loops": 9,"Index Cond": "(l_orderkey = orders.o_orderkey)","Rows Removed by Index Recheck": 0,"Workers": []}]},{"Node Type": "Hash","Parent Relationship": "Inner","Parallel Aware": true,"Async Capable": false,"Startup Cost": 4210.00,"Total Cost": 4210.00,"Plan Rows": 62500,"Plan Width": 23,"Actual Startup Time": 33.578,"Actual Total Time": 33.582,"Actual Rows": 37500,"Actual Loops": 4,"Hash Buckets": 262144,"Original Hash Buckets": 262144,"Hash Batches": 1,"Original Hash Batches": 1,"Peak Memory Usage": 10336,"Workers": [],"Plans": [{"Node Type": "Seq Scan","Parent Relationship": "Outer","Parallel Aware": true,"Async Capable": false,"Relation Name": "customer","Alias": "customer","Startup Cost": 0.00,"Total Cost": 4210.00,"Plan Rows": 62500,"Plan Width": 23,"Actual Startup Time": 0.023,"Actual Total Time": 16.777,"Actual Rows": 37500,"Actual Loops": 4,"Workers": []}]}]}]}]}]},"Planning Time": 6.662,"Triggers": [],"Execution Time": 10430.266}]
[{"Plan": {"Node Type": "Sort","Parallel Aware": false,"Async Capable": false,"Startup Cost": 397889.21,"Total Cost": 399077.01,"Plan Rows": 475120,"Plan Width": 71,"Actual Startup Time": 10887.509,"Actual Total Time": 10908.132,"Actual Rows": 10,"Actual Loops": 1,"Sort Key": ["orders.o_totalprice DESC", "orders.o_orderdate"],"Sort Method": "quicksort","Sort Space Used": 25,"Sort Space Type": "Memory","Plans": [{"Node Type": "Aggregate","Strategy": "Hashed","Partial Mode": "Simple","Parent Relationship": "Outer","Parallel Aware": false,"Async Capable": false,"Startup Cost": 347151.30,"Total Cost": 353090.30,"Plan Rows": 475120,"Plan Width": 71,"Actual Startup Time": 10848.812,"Actual Total Time": 10907.941,"Actual Rows": 10,"Actual Loops": 1,"Group Key": ["customer.c_custkey", "orders.o_orderkey"],"Planned Partitions": 0,"HashAgg Batches": 1,"Peak Memory Usage": 24601,"Disk Usage": 0,"Plans": [{"Node Type": "Gather","Parent Relationship": "Outer","Parallel Aware": false,"Async Capable": false,"Startup Cost": 216528.94,"Total Cost": 343587.90,"Plan Rows": 475120,"Plan Width": 44,"Actual Startup Time": 10782.037,"Actual Total Time": 10858.151,"Actual Rows": 70,"Actual Loops": 1,"Workers Planned": 3,"Workers Launched": 3,"Single Copy": false,"Plans": [{"Node Type": "Hash Join","Parent Relationship": "Outer","Parallel Aware": true,"Async Capable": false,"Join Type": "Inner","Startup Cost": 215528.94,"Total Cost": 295075.90,"Plan Rows": 153265,"Plan Width": 44,"Actual Startup Time": 10180.765,"Actual Total Time": 10348.312,"Actual Rows": 18,"Actual Loops": 4,"Inner Unique": true,"Hash Cond": "(orders.o_custkey = customer.c_custkey)","Workers": [],"Plans": [{"Node Type": "Nested Loop","Parent Relationship": "Outer","Parallel Aware": false,"Async Capable": false,"Join Type": "Inner","Startup Cost": 210537.69,"Total Cost": 289682.32,"Plan Rows": 153265,"Plan Width": 25,"Actual Startup Time": 10142.809,"Actual Total Time": 10310.270,"Actual Rows": 18,"Actual Loops": 4,"Inner Unique": false,"Workers": [],"Plans": [{"Node Type": "Hash Join","Parent Relationship": "Outer","Parallel Aware": false,"Async Capable": false,"Join Type": "Inner","Startup Cost": 210537.26,"Total Cost": 242741.13,"Plan Rows": 38308,"Plan Width": 24,"Actual Startup Time": 10142.670,"Actual Total Time": 10309.991,"Actual Rows": 2,"Actual Loops": 4,"Inner Unique": true,"Hash Cond": "(orders.o_orderkey = lineitem_1.l_orderkey)","Workers": [],"Plans": [{"Node Type": "Seq Scan","Parent Relationship": "Outer","Parallel Aware": true,"Async Capable": false,"Relation Name": "orders","Alias": "orders","Startup Cost": 0.00,"Total Cost": 30933.71,"Plan Rows": 483871,"Plan Width": 20,"Actual Startup Time": 0.009,"Actual Total Time": 49.040,"Actual Rows": 375000,"Actual Loops": 4,"Workers": []},{"Node Type": "Hash","Parent Relationship": "Inner","Parallel Aware": false,"Async Capable": false,"Startup Cost": 209052.81,"Total Cost": 209052.81,"Plan Rows": 118756,"Plan Width": 4,"Actual Startup Time": 10075.163,"Actual Total Time": 10075.176,"Actual Rows": 10,"Actual Loops": 4,"Hash Buckets": 131072,"Original Hash Buckets": 131072,"Hash Batches": 1,"Original Hash Batches": 1,"Peak Memory Usage": 1025,"Workers": [],"Plans": [{"Node Type": "Aggregate","Strategy": "Hashed","Partial Mode": "Simple","Parent Relationship": "Outer","Parallel Aware": false,"Async Capable": false,"Startup Cost": 202521.23,"Total Cost": 207865.25,"Plan Rows": 118756,"Plan Width": 4,"Actual Startup Time": 6293.151,"Actual Total Time": 10074.968,"Actual Rows": 10,"Actual Loops": 4,"Group Key": ["lineitem_1.l_orderkey"],"Filter": "(sum(lineitem_1.l_quantity) > '312'::numeric)","Planned Partitions": 0,"HashAgg Batches": 1,"Peak Memory Usage": 638993,"Disk Usage": 0,"Rows Removed by Filter": 1499990,"Workers": [{"Worker Number": 0,"HashAgg Batches": 1,"Peak Memory Usage": 638993,"Disk Usage": 0},{"Worker Number": 1,"HashAgg Batches": 1,"Peak Memory Usage": 638993,"Disk Usage": 0},{"Worker Number": 2,"HashAgg Batches": 1,"Peak Memory Usage": 638993,"Disk Usage": 0}],"Plans": [{"Node Type": "Seq Scan","Parent Relationship": "Outer","Parallel Aware": false,"Async Capable": false,"Relation Name": "lineitem","Alias": "lineitem_1","Startup Cost": 0.00,"Total Cost": 172515.15,"Plan Rows": 6001215,"Plan Width": 9,"Actual Startup Time": 0.021,"Actual Total Time": 960.546,"Actual Rows": 6001215,"Actual Loops": 4,"Workers": []}]}]}]},{"Node Type": "Index Scan","Parent Relationship": "Inner","Parallel Aware": false,"Async Capable": false,"Scan Direction": "Forward","Index Name": "idx_lineitem_orderkey","Relation Name": "lineitem","Alias": "lineitem","Startup Cost": 0.43,"Total Cost": 1.06,"Plan Rows": 17,"Plan Width": 9,"Actual Startup Time": 0.072,"Actual Total Time": 0.079,"Actual Rows": 7,"Actual Loops": 10,"Index Cond": "(l_orderkey = orders.o_orderkey)","Rows Removed by Index Recheck": 0,"Workers": []}]},{"Node Type": "Hash","Parent Relationship": "Inner","Parallel Aware": true,"Async Capable": false,"Startup Cost": 4210.00,"Total Cost": 4210.00,"Plan Rows": 62500,"Plan Width": 23,"Actual Startup Time": 37.105,"Actual Total Time": 37.114,"Actual Rows": 37500,"Actual Loops": 4,"Hash Buckets": 262144,"Original Hash Buckets": 262144,"Hash Batches": 1,"Original Hash Batches": 1,"Peak Memory Usage": 10368,"Workers": [],"Plans": [{"Node Type": "Seq Scan","Parent Relationship": "Outer","Parallel Aware": true,"Async Capable": false,"Relation Name": "customer","Alias": "customer","Startup Cost": 0.00,"Total Cost": 4210.00,"Plan Rows": 62500,"Plan Width": 23,"Actual Startup Time": 0.025,"Actual Total Time": 19.726,"Actual Rows": 37500,"Actual Loops": 4,"Workers": []}]}]}]}]}]},"Planning Time": 6.715,"Triggers": [],"Execution Time": 10961.817}]
[{"Plan": {"Node Type": "Sort","Parallel Aware": false,"Async Capable": false,"Startup Cost": 397889.21,"Total Cost": 399077.01,"Plan Rows": 475120,"Plan Width": 71,"Actual Startup Time": 10950.105,"Actual Total Time": 10953.954,"Actual Rows": 9,"Actual Loops": 1,"Sort Key": ["orders.o_totalprice DESC", "orders.o_orderdate"],"Sort Method": "quicksort","Sort Space Used": 25,"Sort Space Type": "Memory","Plans": [{"Node Type": "Aggregate","Strategy": "Hashed","Partial Mode": "Simple","Parent Relationship": "Outer","Parallel Aware": false,"Async Capable": false,"Startup Cost": 347151.30,"Total Cost": 353090.30,"Plan Rows": 475120,"Plan Width": 71,"Actual Startup Time": 10902.471,"Actual Total Time": 10953.715,"Actual Rows": 9,"Actual Loops": 1,"Group Key": ["customer.c_custkey", "orders.o_orderkey"],"Planned Partitions": 0,"HashAgg Batches": 1,"Peak Memory Usage": 24601,"Disk Usage": 0,"Plans": [{"Node Type": "Gather","Parent Relationship": "Outer","Parallel Aware": false,"Async Capable": false,"Startup Cost": 216528.94,"Total Cost": 343587.90,"Plan Rows": 475120,"Plan Width": 44,"Actual Startup Time": 10893.800,"Actual Total Time": 10897.693,"Actual Rows": 63,"Actual Loops": 1,"Workers Planned": 3,"Workers Launched": 3,"Single Copy": false,"Plans": [{"Node Type": "Hash Join","Parent Relationship": "Outer","Parallel Aware": true,"Async Capable": false,"Join Type": "Inner","Startup Cost": 215528.94,"Total Cost": 295075.90,"Plan Rows": 153265,"Plan Width": 44,"Actual Startup Time": 10134.253,"Actual Total Time": 10314.794,"Actual Rows": 16,"Actual Loops": 4,"Inner Unique": true,"Hash Cond": "(orders.o_custkey = customer.c_custkey)","Workers": [],"Plans": [{"Node Type": "Nested Loop","Parent Relationship": "Outer","Parallel Aware": false,"Async Capable": false,"Join Type": "Inner","Startup Cost": 210537.69,"Total Cost": 289682.32,"Plan Rows": 153265,"Plan Width": 25,"Actual Startup Time": 10099.687,"Actual Total Time": 10280.153,"Actual Rows": 16,"Actual Loops": 4,"Inner Unique": false,"Workers": [],"Plans": [{"Node Type": "Hash Join","Parent Relationship": "Outer","Parallel Aware": false,"Async Capable": false,"Join Type": "Inner","Startup Cost": 210537.26,"Total Cost": 242741.13,"Plan Rows": 38308,"Plan Width": 24,"Actual Startup Time": 10099.575,"Actual Total Time": 10279.892,"Actual Rows": 2,"Actual Loops": 4,"Inner Unique": true,"Hash Cond": "(orders.o_orderkey = lineitem_1.l_orderkey)","Workers": [],"Plans": [{"Node Type": "Seq Scan","Parent Relationship": "Outer","Parallel Aware": true,"Async Capable": false,"Relation Name": "orders","Alias": "orders","Startup Cost": 0.00,"Total Cost": 30933.71,"Plan Rows": 483871,"Plan Width": 20,"Actual Startup Time": 0.011,"Actual Total Time": 51.627,"Actual Rows": 375000,"Actual Loops": 4,"Workers": []},{"Node Type": "Hash","Parent Relationship": "Inner","Parallel Aware": false,"Async Capable": false,"Startup Cost": 209052.81,"Total Cost": 209052.81,"Plan Rows": 118756,"Plan Width": 4,"Actual Startup Time": 10016.825,"Actual Total Time": 10016.839,"Actual Rows": 9,"Actual Loops": 4,"Hash Buckets": 131072,"Original Hash Buckets": 131072,"Hash Batches": 1,"Original Hash Batches": 1,"Peak Memory Usage": 1025,"Workers": [],"Plans": [{"Node Type": "Aggregate","Strategy": "Hashed","Partial Mode": "Simple","Parent Relationship": "Outer","Parallel Aware": false,"Async Capable": false,"Startup Cost": 202521.23,"Total Cost": 207865.25,"Plan Rows": 118756,"Plan Width": 4,"Actual Startup Time": 6319.140,"Actual Total Time": 10016.671,"Actual Rows": 9,"Actual Loops": 4,"Group Key": ["lineitem_1.l_orderkey"],"Filter": "(sum(lineitem_1.l_quantity) > '315'::numeric)","Planned Partitions": 0,"HashAgg Batches": 1,"Peak Memory Usage": 638993,"Disk Usage": 0,"Rows Removed by Filter": 1499991,"Workers": [{"Worker Number": 0,"HashAgg Batches": 1,"Peak Memory Usage": 638993,"Disk Usage": 0},{"Worker Number": 1,"HashAgg Batches": 1,"Peak Memory Usage": 638993,"Disk Usage": 0},{"Worker Number": 2,"HashAgg Batches": 1,"Peak Memory Usage": 638993,"Disk Usage": 0}],"Plans": [{"Node Type": "Seq Scan","Parent Relationship": "Outer","Parallel Aware": false,"Async Capable": false,"Relation Name": "lineitem","Alias": "lineitem_1","Startup Cost": 0.00,"Total Cost": 172515.15,"Plan Rows": 6001215,"Plan Width": 9,"Actual Startup Time": 0.018,"Actual Total Time": 971.843,"Actual Rows": 6001215,"Actual Loops": 4,"Workers": []}]}]}]},{"Node Type": "Index Scan","Parent Relationship": "Inner","Parallel Aware": false,"Async Capable": false,"Scan Direction": "Forward","Index Name": "idx_lineitem_orderkey","Relation Name": "lineitem","Alias": "lineitem","Startup Cost": 0.43,"Total Cost": 1.06,"Plan Rows": 17,"Plan Width": 9,"Actual Startup Time": 0.069,"Actual Total Time": 0.079,"Actual Rows": 7,"Actual Loops": 9,"Index Cond": "(l_orderkey = orders.o_orderkey)","Rows Removed by Index Recheck": 0,"Workers": []}]},{"Node Type": "Hash","Parent Relationship": "Inner","Parallel Aware": true,"Async Capable": false,"Startup Cost": 4210.00,"Total Cost": 4210.00,"Plan Rows": 62500,"Plan Width": 23,"Actual Startup Time": 33.677,"Actual Total Time": 33.684,"Actual Rows": 37500,"Actual Loops": 4,"Hash Buckets": 262144,"Original Hash Buckets": 262144,"Hash Batches": 1,"Original Hash Batches": 1,"Peak Memory Usage": 10368,"Workers": [],"Plans": [{"Node Type": "Seq Scan","Parent Relationship": "Outer","Parallel Aware": true,"Async Capable": false,"Relation Name": "customer","Alias": "customer","Startup Cost": 0.00,"Total Cost": 4210.00,"Plan Rows": 62500,"Plan Width": 23,"Actual Startup Time": 0.019,"Actual Total Time": 16.715,"Actual Rows": 37500,"Actual Loops": 4,"Workers": []}]}]}]}]}]},"Planning Time": 6.132,"Triggers": [],"Execution Time": 11002.531}]
[{"Plan": {"Node Type": "Sort","Parallel Aware": false,"Async Capable": false,"Startup Cost": 397889.21,"Total Cost": 399077.01,"Plan Rows": 475120,"Plan Width": 71,"Actual Startup Time": 10345.847,"Actual Total Time": 10377.998,"Actual Rows": 9,"Actual Loops": 1,"Sort Key": ["orders.o_totalprice DESC", "orders.o_orderdate"],"Sort Method": "quicksort","Sort Space Used": 25,"Sort Space Type": "Memory","Plans": [{"Node Type": "Aggregate","Strategy": "Hashed","Partial Mode": "Simple","Parent Relationship": "Outer","Parallel Aware": false,"Async Capable": false,"Startup Cost": 347151.30,"Total Cost": 353090.30,"Plan Rows": 475120,"Plan Width": 71,"Actual Startup Time": 10329.232,"Actual Total Time": 10377.856,"Actual Rows": 9,"Actual Loops": 1,"Group Key": ["customer.c_custkey", "orders.o_orderkey"],"Planned Partitions": 0,"HashAgg Batches": 1,"Peak Memory Usage": 24601,"Disk Usage": 0,"Plans": [{"Node Type": "Gather","Parent Relationship": "Outer","Parallel Aware": false,"Async Capable": false,"Startup Cost": 216528.94,"Total Cost": 343587.90,"Plan Rows": 475120,"Plan Width": 44,"Actual Startup Time": 10053.961,"Actual Total Time": 10357.615,"Actual Rows": 63,"Actual Loops": 1,"Workers Planned": 3,"Workers Launched": 3,"Single Copy": false,"Plans": [{"Node Type": "Hash Join","Parent Relationship": "Outer","Parallel Aware": true,"Async Capable": false,"Join Type": "Inner","Startup Cost": 215528.94,"Total Cost": 295075.90,"Plan Rows": 153265,"Plan Width": 44,"Actual Startup Time": 10157.696,"Actual Total Time": 10258.651,"Actual Rows": 16,"Actual Loops": 4,"Inner Unique": true,"Hash Cond": "(orders.o_custkey = customer.c_custkey)","Workers": [],"Plans": [{"Node Type": "Nested Loop","Parent Relationship": "Outer","Parallel Aware": false,"Async Capable": false,"Join Type": "Inner","Startup Cost": 210537.69,"Total Cost": 289682.32,"Plan Rows": 153265,"Plan Width": 25,"Actual Startup Time": 10123.332,"Actual Total Time": 10224.239,"Actual Rows": 16,"Actual Loops": 4,"Inner Unique": false,"Workers": [],"Plans": [{"Node Type": "Hash Join","Parent Relationship": "Outer","Parallel Aware": false,"Async Capable": false,"Join Type": "Inner","Startup Cost": 210537.26,"Total Cost": 242741.13,"Plan Rows": 38308,"Plan Width": 24,"Actual Startup Time": 10123.186,"Actual Total Time": 10223.998,"Actual Rows": 2,"Actual Loops": 4,"Inner Unique": true,"Hash Cond": "(orders.o_orderkey = lineitem_1.l_orderkey)","Workers": [],"Plans": [{"Node Type": "Seq Scan","Parent Relationship": "Outer","Parallel Aware": true,"Async Capable": false,"Relation Name": "orders","Alias": "orders","Startup Cost": 0.00,"Total Cost": 30933.71,"Plan Rows": 483871,"Plan Width": 20,"Actual Startup Time": 0.011,"Actual Total Time": 49.852,"Actual Rows": 375000,"Actual Loops": 4,"Workers": []},{"Node Type": "Hash","Parent Relationship": "Inner","Parallel Aware": false,"Async Capable": false,"Startup Cost": 209052.81,"Total Cost": 209052.81,"Plan Rows": 118756,"Plan Width": 4,"Actual Startup Time": 10005.666,"Actual Total Time": 10005.673,"Actual Rows": 9,"Actual Loops": 4,"Hash Buckets": 131072,"Original Hash Buckets": 131072,"Hash Batches": 1,"Original Hash Batches": 1,"Peak Memory Usage": 1025,"Workers": [],"Plans": [{"Node Type": "Aggregate","Strategy": "Hashed","Partial Mode": "Simple","Parent Relationship": "Outer","Parallel Aware": false,"Async Capable": false,"Startup Cost": 202521.23,"Total Cost": 207865.25,"Plan Rows": 118756,"Plan Width": 4,"Actual Startup Time": 6310.010,"Actual Total Time": 10005.543,"Actual Rows": 9,"Actual Loops": 4,"Group Key": ["lineitem_1.l_orderkey"],"Filter": "(sum(lineitem_1.l_quantity) > '313'::numeric)","Planned Partitions": 0,"HashAgg Batches": 1,"Peak Memory Usage": 638993,"Disk Usage": 0,"Rows Removed by Filter": 1499991,"Workers": [{"Worker Number": 0,"HashAgg Batches": 1,"Peak Memory Usage": 638993,"Disk Usage": 0},{"Worker Number": 1,"HashAgg Batches": 1,"Peak Memory Usage": 638993,"Disk Usage": 0},{"Worker Number": 2,"HashAgg Batches": 1,"Peak Memory Usage": 638993,"Disk Usage": 0}],"Plans": [{"Node Type": "Seq Scan","Parent Relationship": "Outer","Parallel Aware": false,"Async Capable": false,"Relation Name": "lineitem","Alias": "lineitem_1","Startup Cost": 0.00,"Total Cost": 172515.15,"Plan Rows": 6001215,"Plan Width": 9,"Actual Startup Time": 0.020,"Actual Total Time": 994.479,"Actual Rows": 6001215,"Actual Loops": 4,"Workers": []}]}]}]},{"Node Type": "Index Scan","Parent Relationship": "Inner","Parallel Aware": false,"Async Capable": false,"Scan Direction": "Forward","Index Name": "idx_lineitem_orderkey","Relation Name": "lineitem","Alias": "lineitem","Startup Cost": 0.43,"Total Cost": 1.06,"Plan Rows": 17,"Plan Width": 9,"Actual Startup Time": 0.068,"Actual Total Time": 0.075,"Actual Rows": 7,"Actual Loops": 9,"Index Cond": "(l_orderkey = orders.o_orderkey)","Rows Removed by Index Recheck": 0,"Workers": []}]},{"Node Type": "Hash","Parent Relationship": "Inner","Parallel Aware": true,"Async Capable": false,"Startup Cost": 4210.00,"Total Cost": 4210.00,"Plan Rows": 62500,"Plan Width": 23,"Actual Startup Time": 33.578,"Actual Total Time": 33.582,"Actual Rows": 37500,"Actual Loops": 4,"Hash Buckets": 262144,"Original Hash Buckets": 262144,"Hash Batches": 1,"Original Hash Batches": 1,"Peak Memory Usage": 10336,"Workers": [],"Plans": [{"Node Type": "Seq Scan","Parent Relationship": "Outer","Parallel Aware": true,"Async Capable": false,"Relation Name": "customer","Alias": "customer","Startup Cost": 0.00,"Total Cost": 4210.00,"Plan Rows": 62500,"Plan Width": 23,"Actual Startup Time": 0.023,"Actual Total Time": 16.777,"Actual Rows": 37500,"Actual Loops": 4,"Workers": []}]}]}]}]}]},"Planning Time": 6.662,"Triggers": [],"Execution Time": 10430.266}]
[{"Plan": {"Node Type": "Sort","Parallel Aware": false,"Async Capable": false,"Startup Cost": 397889.21,"Total Cost": 399077.01,"Plan Rows": 475120,"Plan Width": 71,"Actual Startup Time": 10887.509,"Actual Total Time": 10908.132,"Actual Rows": 10,"Actual Loops": 1,"Sort Key": ["orders.o_totalprice DESC", "orders.o_orderdate"],"Sort Method": "quicksort","Sort Space Used": 25,"Sort Space Type": "Memory","Plans": [{"Node Type": "Aggregate","Strategy": "Hashed","Partial Mode": "Simple","Parent Relationship": "Outer","Parallel Aware": false,"Async Capable": false,"Startup Cost": 347151.30,"Total Cost": 353090.30,"Plan Rows": 475120,"Plan Width": 71,"Actual Startup Time": 10848.812,"Actual Total Time": 10907.941,"Actual Rows": 10,"Actual Loops": 1,"Group Key": ["customer.c_custkey", "orders.o_orderkey"],"Planned Partitions": 0,"HashAgg Batches": 1,"Peak Memory Usage": 24601,"Disk Usage": 0,"Plans": [{"Node Type": "Gather","Parent Relationship": "Outer","Parallel Aware": false,"Async Capable": false,"Startup Cost": 216528.94,"Total Cost": 343587.90,"Plan Rows": 475120,"Plan Width": 44,"Actual Startup Time": 10782.037,"Actual Total Time": 10858.151,"Actual Rows": 70,"Actual Loops": 1,"Workers Planned": 3,"Workers Launched": 3,"Single Copy": false,"Plans": [{"Node Type": "Hash Join","Parent Relationship": "Outer","Parallel Aware": true,"Async Capable": false,"Join Type": "Inner","Startup Cost": 215528.94,"Total Cost": 295075.90,"Plan Rows": 153265,"Plan Width": 44,"Actual Startup Time": 10180.765,"Actual Total Time": 10348.312,"Actual Rows": 18,"Actual Loops": 4,"Inner Unique": true,"Hash Cond": "(orders.o_custkey = customer.c_custkey)","Workers": [],"Plans": [{"Node Type": "Nested Loop","Parent Relationship": "Outer","Parallel Aware": false,"Async Capable": false,"Join Type": "Inner","Startup Cost": 210537.69,"Total Cost": 289682.32,"Plan Rows": 153265,"Plan Width": 25,"Actual Startup Time": 10142.809,"Actual Total Time": 10310.270,"Actual Rows": 18,"Actual Loops": 4,"Inner Unique": false,"Workers": [],"Plans": [{"Node Type": "Hash Join","Parent Relationship": "Outer","Parallel Aware": false,"Async Capable": false,"Join Type": "Inner","Startup Cost": 210537.26,"Total Cost": 242741.13,"Plan Rows": 38308,"Plan Width": 24,"Actual Startup Time": 10142.670,"Actual Total Time": 10309.991,"Actual Rows": 2,"Actual Loops": 4,"Inner Unique": true,"Hash Cond": "(orders.o_orderkey = lineitem_1.l_orderkey)","Workers": [],"Plans": [{"Node Type": "Seq Scan","Parent Relationship": "Outer","Parallel Aware": true,"Async Capable": false,"Relation Name": "orders","Alias": "orders","Startup Cost": 0.00,"Total Cost": 30933.71,"Plan Rows": 483871,"Plan Width": 20,"Actual Startup Time": 0.009,"Actual Total Time": 49.040,"Actual Rows": 375000,"Actual Loops": 4,"Workers": []},{"Node Type": "Hash","Parent Relationship": "Inner","Parallel Aware": false,"Async Capable": false,"Startup Cost": 209052.81,"Total Cost": 209052.81,"Plan Rows": 118756,"Plan Width": 4,"Actual Startup Time": 10075.163,"Actual Total Time": 10075.176,"Actual Rows": 10,"Actual Loops": 4,"Hash Buckets": 131072,"Original Hash Buckets": 131072,"Hash Batches": 1,"Original Hash Batches": 1,"Peak Memory Usage": 1025,"Workers": [],"Plans": [{"Node Type": "Aggregate","Strategy": "Hashed","Partial Mode": "Simple","Parent Relationship": "Outer","Parallel Aware": false,"Async Capable": false,"Startup Cost": 202521.23,"Total Cost": 207865.25,"Plan Rows": 118756,"Plan Width": 4,"Actual Startup Time": 6293.151,"Actual Total Time": 10074.968,"Actual Rows": 10,"Actual Loops": 4,"Group Key": ["lineitem_1.l_orderkey"],"Filter": "(sum(lineitem_1.l_quantity) > '312'::numeric)","Planned Partitions": 0,"HashAgg Batches": 1,"Peak Memory Usage": 638993,"Disk Usage": 0,"Rows Removed by Filter": 1499990,"Workers": [{"Worker Number": 0,"HashAgg Batches": 1,"Peak Memory Usage": 638993,"Disk Usage": 0},{"Worker Number": 1,"HashAgg Batches": 1,"Peak Memory Usage": 638993,"Disk Usage": 0},{"Worker Number": 2,"HashAgg Batches": 1,"Peak Memory Usage": 638993,"Disk Usage": 0}],"Plans": [{"Node Type": "Seq Scan","Parent Relationship": "Outer","Parallel Aware": false,"Async Capable": false,"Relation Name": "lineitem","Alias": "lineitem_1","Startup Cost": 0.00,"Total Cost": 172515.15,"Plan Rows": 6001215,"Plan Width": 9,"Actual Startup Time": 0.021,"Actual Total Time": 960.546,"Actual Rows": 6001215,"Actual Loops": 4,"Workers": []}]}]}]},{"Node Type": "Index Scan","Parent Relationship": "Inner","Parallel Aware": false,"Async Capable": false,"Scan Direction": "Forward","Index Name": "idx_lineitem_orderkey","Relation Name": "lineitem","Alias": "lineitem","Startup Cost": 0.43,"Total Cost": 1.06,"Plan Rows": 17,"Plan Width": 9,"Actual Startup Time": 0.072,"Actual Total Time": 0.079,"Actual Rows": 7,"Actual Loops": 10,"Index Cond": "(l_orderkey = orders.o_orderkey)","Rows Removed by Index Recheck": 0,"Workers": []}]},{"Node Type": "Hash","Parent Relationship": "Inner","Parallel Aware": true,"Async Capable": false,"Startup Cost": 4210.00,"Total Cost": 4210.00,"Plan Rows": 62500,"Plan Width": 23,"Actual Startup Time": 37.105,"Actual Total Time": 37.114,"Actual Rows": 37500,"Actual Loops": 4,"Hash Buckets": 262144,"Original Hash Buckets": 262144,"Hash Batches": 1,"Original Hash Batches": 1,"Peak Memory Usage": 10368,"Workers": [],"Plans": [{"Node Type": "Seq Scan","Parent Relationship": "Outer","Parallel Aware": true,"Async Capable": false,"Relation Name": "customer","Alias": "customer","Startup Cost": 0.00,"Total Cost": 4210.00,"Plan Rows": 62500,"Plan Width": 23,"Actual Startup Time": 0.025,"Actual Total Time": 19.726,"Actual Rows": 37500,"Actual Loops": 4,"Workers": []}]}]}]}]}]},"Planning Time": 6.715,"Triggers": [],"Execution Time": 10961.817}]
[{"Plan": {"Node Type": "Sort","Parallel Aware": false,"Async Capable": false,"Startup Cost": 397889.21,"Total Cost": 399077.01,"Plan Rows": 475120,"Plan Width": 71,"Actual Startup Time": 10785.011,"Actual Total Time": 10839.032,"Actual Rows": 9,"Actual Loops": 1,"Sort Key": ["orders.o_totalprice DESC", "orders.o_orderdate"],"Sort Method": "quicksort","Sort Space Used": 25,"Sort Space Type": "Memory","Plans": [{"Node Type": "Aggregate","Strategy": "Hashed","Partial Mode": "Simple","Parent Relationship": "Outer","Parallel Aware": false,"Async Capable": false,"Startup Cost": 347151.30,"Total Cost": 353090.30,"Plan Rows": 475120,"Plan Width": 71,"Actual Startup Time": 10763.855,"Actual Total Time": 10838.848,"Actual Rows": 9,"Actual Loops": 1,"Group Key": ["customer.c_custkey", "orders.o_orderkey"],"Planned Partitions": 0,"HashAgg Batches": 1,"Peak Memory Usage": 24601,"Disk Usage": 0,"Plans": [{"Node Type": "Gather","Parent Relationship": "Outer","Parallel Aware": false,"Async Capable": false,"Startup Cost": 216528.94,"Total Cost": 343587.90,"Plan Rows": 475120,"Plan Width": 44,"Actual Startup Time": 9674.071,"Actual Total Time": 10813.470,"Actual Rows": 63,"Actual Loops": 1,"Workers Planned": 3,"Workers Launched": 3,"Single Copy": false,"Plans": [{"Node Type": "Hash Join","Parent Relationship": "Outer","Parallel Aware": true,"Async Capable": false,"Join Type": "Inner","Startup Cost": 215528.94,"Total Cost": 295075.90,"Plan Rows": 153265,"Plan Width": 44,"Actual Startup Time": 10141.072,"Actual Total Time": 10312.965,"Actual Rows": 16,"Actual Loops": 4,"Inner Unique": true,"Hash Cond": "(orders.o_custkey = customer.c_custkey)","Workers": [],"Plans": [{"Node Type": "Nested Loop","Parent Relationship": "Outer","Parallel Aware": false,"Async Capable": false,"Join Type": "Inner","Startup Cost": 210537.69,"Total Cost": 289682.32,"Plan Rows": 153265,"Plan Width": 25,"Actual Startup Time": 10104.129,"Actual Total Time": 10275.947,"Actual Rows": 16,"Actual Loops": 4,"Inner Unique": false,"Workers": [],"Plans": [{"Node Type": "Hash Join","Parent Relationship": "Outer","Parallel Aware": false,"Async Capable": false,"Join Type": "Inner","Startup Cost": 210537.26,"Total Cost": 242741.13,"Plan Rows": 38308,"Plan Width": 24,"Actual Startup Time": 10104.052,"Actual Total Time": 10275.739,"Actual Rows": 2,"Actual Loops": 4,"Inner Unique": true,"Hash Cond": "(orders.o_orderkey = lineitem_1.l_orderkey)","Workers": [],"Plans": [{"Node Type": "Seq Scan","Parent Relationship": "Outer","Parallel Aware": true,"Async Capable": false,"Relation Name": "orders","Alias": "orders","Startup Cost": 0.00,"Total Cost": 30933.71,"Plan Rows": 483871,"Plan Width": 20,"Actual Startup Time": 0.007,"Actual Total Time": 53.689,"Actual Rows": 375000,"Actual Loops": 4,"Workers": []},{"Node Type": "Hash","Parent Relationship": "Inner","Parallel Aware": false,"Async Capable": false,"Startup Cost": 209052.81,"Total Cost": 209052.81,"Plan Rows": 118756,"Plan Width": 4,"Actual Startup Time": 10025.157,"Actual Total Time": 10025.166,"Actual Rows": 9,"Actual Loops": 4,"Hash Buckets": 131072,"Original Hash Buckets": 131072,"Hash Batches": 1,"Original Hash Batches": 1,"Peak Memory Usage": 1025,"Workers": [],"Plans": [{"Node Type": "Aggregate","Strategy": "Hashed","Partial Mode": "Simple","Parent Relationship": "Outer","Parallel Aware": false,"Async Capable": false,"Startup Cost": 202521.23,"Total Cost": 207865.25,"Plan Rows": 118756,"Plan Width": 4,"Actual Startup Time": 6285.839,"Actual Total Time": 10024.981,"Actual Rows": 9,"Actual Loops": 4,"Group Key": ["lineitem_1.l_orderkey"],"Filter": "(sum(lineitem_1.l_quantity) > '314'::numeric)","Planned Partitions": 0,"HashAgg Batches": 1,"Peak Memory Usage": 638993,"Disk Usage": 0,"Rows Removed by Filter": 1499991,"Workers": [{"Worker Number": 0,"HashAgg Batches": 1,"Peak Memory Usage": 638993,"Disk Usage": 0},{"Worker Number": 1,"HashAgg Batches": 1,"Peak Memory Usage": 638993,"Disk Usage": 0},{"Worker Number": 2,"HashAgg Batches": 1,"Peak Memory Usage": 638993,"Disk Usage": 0}],"Plans": [{"Node Type": "Seq Scan","Parent Relationship": "Outer","Parallel Aware": false,"Async Capable": false,"Relation Name": "lineitem","Alias": "lineitem_1","Startup Cost": 0.00,"Total Cost": 172515.15,"Plan Rows": 6001215,"Plan Width": 9,"Actual Startup Time": 0.019,"Actual Total Time": 931.752,"Actual Rows": 6001215,"Actual Loops": 4,"Workers": []}]}]}]},{"Node Type": "Index Scan","Parent Relationship": "Inner","Parallel Aware": false,"Async Capable": false,"Scan Direction": "Forward","Index Name": "idx_lineitem_orderkey","Relation Name": "lineitem","Alias": "lineitem","Startup Cost": 0.43,"Total Cost": 1.06,"Plan Rows": 17,"Plan Width": 9,"Actual Startup Time": 0.055,"Actual Total Time": 0.062,"Actual Rows": 7,"Actual Loops": 9,"Index Cond": "(l_orderkey = orders.o_orderkey)","Rows Removed by Index Recheck": 0,"Workers": []}]},{"Node Type": "Hash","Parent Relationship": "Inner","Parallel Aware": true,"Async Capable": false,"Startup Cost": 4210.00,"Total Cost": 4210.00,"Plan Rows": 62500,"Plan Width": 23,"Actual Startup Time": 36.172,"Actual Total Time": 36.190,"Actual Rows": 37500,"Actual Loops": 4,"Hash Buckets": 262144,"Original Hash Buckets": 262144,"Hash Batches": 1,"Original Hash Batches": 1,"Peak Memory Usage": 10336,"Workers": [],"Plans": [{"Node Type": "Seq Scan","Parent Relationship": "Outer","Parallel Aware": true,"Async Capable": false,"Relation Name": "customer","Alias": "customer","Startup Cost": 0.00,"Total Cost": 4210.00,"Plan Rows": 62500,"Plan Width": 23,"Actual Startup Time": 0.024,"Actual Total Time": 17.933,"Actual Rows": 37500,"Actual Loops": 4,"Workers": []}]}]}]}]}]},"Planning Time": 6.881,"Triggers": [],"Execution Time": 10893.482}]
[{"Plan": {"Node Type": "Sort","Parallel Aware": false,"Async Capable": false,"Startup Cost": 397889.21,"Total Cost": 399077.01,"Plan Rows": 475120,"Plan Width": 71,"Actual Startup Time": 10345.847,"Actual Total Time": 10377.998,"Actual Rows": 9,"Actual Loops": 1,"Sort Key": ["orders.o_totalprice DESC", "orders.o_orderdate"],"Sort Method": "quicksort","Sort Space Used": 25,"Sort Space Type": "Memory","Plans": [{"Node Type": "Aggregate","Strategy": "Hashed","Partial Mode": "Simple","Parent Relationship": "Outer","Parallel Aware": false,"Async Capable": false,"Startup Cost": 347151.30,"Total Cost": 353090.30,"Plan Rows": 475120,"Plan Width": 71,"Actual Startup Time": 10329.232,"Actual Total Time": 10377.856,"Actual Rows": 9,"Actual Loops": 1,"Group Key": ["customer.c_custkey", "orders.o_orderkey"],"Planned Partitions": 0,"HashAgg Batches": 1,"Peak Memory Usage": 24601,"Disk Usage": 0,"Plans": [{"Node Type": "Gather","Parent Relationship": "Outer","Parallel Aware": false,"Async Capable": false,"Startup Cost": 216528.94,"Total Cost": 343587.90,"Plan Rows": 475120,"Plan Width": 44,"Actual Startup Time": 10053.961,"Actual Total Time": 10357.615,"Actual Rows": 63,"Actual Loops": 1,"Workers Planned": 3,"Workers Launched": 3,"Single Copy": false,"Plans": [{"Node Type": "Hash Join","Parent Relationship": "Outer","Parallel Aware": true,"Async Capable": false,"Join Type": "Inner","Startup Cost": 215528.94,"Total Cost": 295075.90,"Plan Rows": 153265,"Plan Width": 44,"Actual Startup Time": 10157.696,"Actual Total Time": 10258.651,"Actual Rows": 16,"Actual Loops": 4,"Inner Unique": true,"Hash Cond": "(orders.o_custkey = customer.c_custkey)","Workers": [],"Plans": [{"Node Type": "Nested Loop","Parent Relationship": "Outer","Parallel Aware": false,"Async Capable": false,"Join Type": "Inner","Startup Cost": 210537.69,"Total Cost": 289682.32,"Plan Rows": 153265,"Plan Width": 25,"Actual Startup Time": 10123.332,"Actual Total Time": 10224.239,"Actual Rows": 16,"Actual Loops": 4,"Inner Unique": false,"Workers": [],"Plans": [{"Node Type": "Hash Join","Parent Relationship": "Outer","Parallel Aware": false,"Async Capable": false,"Join Type": "Inner","Startup Cost": 210537.26,"Total Cost": 242741.13,"Plan Rows": 38308,"Plan Width": 24,"Actual Startup Time": 10123.186,"Actual Total Time": 10223.998,"Actual Rows": 2,"Actual Loops": 4,"Inner Unique": true,"Hash Cond": "(orders.o_orderkey = lineitem_1.l_orderkey)","Workers": [],"Plans": [{"Node Type": "Seq Scan","Parent Relationship": "Outer","Parallel Aware": true,"Async Capable": false,"Relation Name": "orders","Alias": "orders","Startup Cost": 0.00,"Total Cost": 30933.71,"Plan Rows": 483871,"Plan Width": 20,"Actual Startup Time": 0.011,"Actual Total Time": 49.852,"Actual Rows": 375000,"Actual Loops": 4,"Workers": []},{"Node Type": "Hash","Parent Relationship": "Inner","Parallel Aware": false,"Async Capable": false,"Startup Cost": 209052.81,"Total Cost": 209052.81,"Plan Rows": 118756,"Plan Width": 4,"Actual Startup Time": 10005.666,"Actual Total Time": 10005.673,"Actual Rows": 9,"Actual Loops": 4,"Hash Buckets": 131072,"Original Hash Buckets": 131072,"Hash Batches": 1,"Original Hash Batches": 1,"Peak Memory Usage": 1025,"Workers": [],"Plans": [{"Node Type": "Aggregate","Strategy": "Hashed","Partial Mode": "Simple","Parent Relationship": "Outer","Parallel Aware": false,"Async Capable": false,"Startup Cost": 202521.23,"Total Cost": 207865.25,"Plan Rows": 118756,"Plan Width": 4,"Actual Startup Time": 6310.010,"Actual Total Time": 10005.543,"Actual Rows": 9,"Actual Loops": 4,"Group Key": ["lineitem_1.l_orderkey"],"Filter": "(sum(lineitem_1.l_quantity) > '313'::numeric)","Planned Partitions": 0,"HashAgg Batches": 1,"Peak Memory Usage": 638993,"Disk Usage": 0,"Rows Removed by Filter": 1499991,"Workers": [{"Worker Number": 0,"HashAgg Batches": 1,"Peak Memory Usage": 638993,"Disk Usage": 0},{"Worker Number": 1,"HashAgg Batches": 1,"Peak Memory Usage": 638993,"Disk Usage": 0},{"Worker Number": 2,"HashAgg Batches": 1,"Peak Memory Usage": 638993,"Disk Usage": 0}],"Plans": [{"Node Type": "Seq Scan","Parent Relationship": "Outer","Parallel Aware": false,"Async Capable": false,"Relation Name": "lineitem","Alias": "lineitem_1","Startup Cost": 0.00,"Total Cost": 172515.15,"Plan Rows": 6001215,"Plan Width": 9,"Actual Startup Time": 0.020,"Actual Total Time": 994.479,"Actual Rows": 6001215,"Actual Loops": 4,"Workers": []}]}]}]},{"Node Type": "Index Scan","Parent Relationship": "Inner","Parallel Aware": false,"Async Capable": false,"Scan Direction": "Forward","Index Name": "idx_lineitem_orderkey","Relation Name": "lineitem","Alias": "lineitem","Startup Cost": 0.43,"Total Cost": 1.06,"Plan Rows": 17,"Plan Width": 9,"Actual Startup Time": 0.068,"Actual Total Time": 0.075,"Actual Rows": 7,"Actual Loops": 9,"Index Cond": "(l_orderkey = orders.o_orderkey)","Rows Removed by Index Recheck": 0,"Workers": []}]},{"Node Type": "Hash","Parent Relationship": "Inner","Parallel Aware": true,"Async Capable": false,"Startup Cost": 4210.00,"Total Cost": 4210.00,"Plan Rows": 62500,"Plan Width": 23,"Actual Startup Time": 33.578,"Actual Total Time": 33.582,"Actual Rows": 37500,"Actual Loops": 4,"Hash Buckets": 262144,"Original Hash Buckets": 262144,"Hash Batches": 1,"Original Hash Batches": 1,"Peak Memory Usage": 10336,"Workers": [],"Plans": [{"Node Type": "Seq Scan","Parent Relationship": "Outer","Parallel Aware": true,"Async Capable": false,"Relation Name": "customer","Alias": "customer","Startup Cost": 0.00,"Total Cost": 4210.00,"Plan Rows": 62500,"Plan Width": 23,"Actual Startup Time": 0.023,"Actual Total Time": 16.777,"Actual Rows": 37500,"Actual Loops": 4,"Workers": []}]}]}]}]}]},"Planning Time": 6.662,"Triggers": [],"Execution Time": 10430.266}]
[{"Plan": {"Node Type": "Sort","Parallel Aware": false,"Async Capable": false,"Startup Cost": 397889.21,"Total Cost": 399077.01,"Plan Rows": 475120,"Plan Width": 71,"Actual Startup Time": 10345.847,"Actual Total Time": 10377.998,"Actual Rows": 9,"Actual Loops": 1,"Sort Key": ["orders.o_totalprice DESC", "orders.o_orderdate"],"Sort Method": "quicksort","Sort Space Used": 25,"Sort Space Type": "Memory","Plans": [{"Node Type": "Aggregate","Strategy": "Hashed","Partial Mode": "Simple","Parent Relationship": "Outer","Parallel Aware": false,"Async Capable": false,"Startup Cost": 347151.30,"Total Cost": 353090.30,"Plan Rows": 475120,"Plan Width": 71,"Actual Startup Time": 10329.232,"Actual Total Time": 10377.856,"Actual Rows": 9,"Actual Loops": 1,"Group Key": ["customer.c_custkey", "orders.o_orderkey"],"Planned Partitions": 0,"HashAgg Batches": 1,"Peak Memory Usage": 24601,"Disk Usage": 0,"Plans": [{"Node Type": "Gather","Parent Relationship": "Outer","Parallel Aware": false,"Async Capable": false,"Startup Cost": 216528.94,"Total Cost": 343587.90,"Plan Rows": 475120,"Plan Width": 44,"Actual Startup Time": 10053.961,"Actual Total Time": 10357.615,"Actual Rows": 63,"Actual Loops": 1,"Workers Planned": 3,"Workers Launched": 3,"Single Copy": false,"Plans": [{"Node Type": "Hash Join","Parent Relationship": "Outer","Parallel Aware": true,"Async Capable": false,"Join Type": "Inner","Startup Cost": 215528.94,"Total Cost": 295075.90,"Plan Rows": 153265,"Plan Width": 44,"Actual Startup Time": 10157.696,"Actual Total Time": 10258.651,"Actual Rows": 16,"Actual Loops": 4,"Inner Unique": true,"Hash Cond": "(orders.o_custkey = customer.c_custkey)","Workers": [],"Plans": [{"Node Type": "Nested Loop","Parent Relationship": "Outer","Parallel Aware": false,"Async Capable": false,"Join Type": "Inner","Startup Cost": 210537.69,"Total Cost": 289682.32,"Plan Rows": 153265,"Plan Width": 25,"Actual Startup Time": 10123.332,"Actual Total Time": 10224.239,"Actual Rows": 16,"Actual Loops": 4,"Inner Unique": false,"Workers": [],"Plans": [{"Node Type": "Hash Join","Parent Relationship": "Outer","Parallel Aware": false,"Async Capable": false,"Join Type": "Inner","Startup Cost": 210537.26,"Total Cost": 242741.13,"Plan Rows": 38308,"Plan Width": 24,"Actual Startup Time": 10123.186,"Actual Total Time": 10223.998,"Actual Rows": 2,"Actual Loops": 4,"Inner Unique": true,"Hash Cond": "(orders.o_orderkey = lineitem_1.l_orderkey)","Workers": [],"Plans": [{"Node Type": "Seq Scan","Parent Relationship": "Outer","Parallel Aware": true,"Async Capable": false,"Relation Name": "orders","Alias": "orders","Startup Cost": 0.00,"Total Cost": 30933.71,"Plan Rows": 483871,"Plan Width": 20,"Actual Startup Time": 0.011,"Actual Total Time": 49.852,"Actual Rows": 375000,"Actual Loops": 4,"Workers": []},{"Node Type": "Hash","Parent Relationship": "Inner","Parallel Aware": false,"Async Capable": false,"Startup Cost": 209052.81,"Total Cost": 209052.81,"Plan Rows": 118756,"Plan Width": 4,"Actual Startup Time": 10005.666,"Actual Total Time": 10005.673,"Actual Rows": 9,"Actual Loops": 4,"Hash Buckets": 131072,"Original Hash Buckets": 131072,"Hash Batches": 1,"Original Hash Batches": 1,"Peak Memory Usage": 1025,"Workers": [],"Plans": [{"Node Type": "Aggregate","Strategy": "Hashed","Partial Mode": "Simple","Parent Relationship": "Outer","Parallel Aware": false,"Async Capable": false,"Startup Cost": 202521.23,"Total Cost": 207865.25,"Plan Rows": 118756,"Plan Width": 4,"Actual Startup Time": 6310.010,"Actual Total Time": 10005.543,"Actual Rows": 9,"Actual Loops": 4,"Group Key": ["lineitem_1.l_orderkey"],"Filter": "(sum(lineitem_1.l_quantity) > '313'::numeric)","Planned Partitions": 0,"HashAgg Batches": 1,"Peak Memory Usage": 638993,"Disk Usage": 0,"Rows Removed by Filter": 1499991,"Workers": [{"Worker Number": 0,"HashAgg Batches": 1,"Peak Memory Usage": 638993,"Disk Usage": 0},{"Worker Number": 1,"HashAgg Batches": 1,"Peak Memory Usage": 638993,"Disk Usage": 0},{"Worker Number": 2,"HashAgg Batches": 1,"Peak Memory Usage": 638993,"Disk Usage": 0}],"Plans": [{"Node Type": "Seq Scan","Parent Relationship": "Outer","Parallel Aware": false,"Async Capable": false,"Relation Name": "lineitem","Alias": "lineitem_1","Startup Cost": 0.00,"Total Cost": 172515.15,"Plan Rows": 6001215,"Plan Width": 9,"Actual Startup Time": 0.020,"Actual Total Time": 994.479,"Actual Rows": 6001215,"Actual Loops": 4,"Workers": []}]}]}]},{"Node Type": "Index Scan","Parent Relationship": "Inner","Parallel Aware": false,"Async Capable": false,"Scan Direction": "Forward","Index Name": "idx_lineitem_orderkey","Relation Name": "lineitem","Alias": "lineitem","Startup Cost": 0.43,"Total Cost": 1.06,"Plan Rows": 17,"Plan Width": 9,"Actual Startup Time": 0.068,"Actual Total Time": 0.075,"Actual Rows": 7,"Actual Loops": 9,"Index Cond": "(l_orderkey = orders.o_orderkey)","Rows Removed by Index Recheck": 0,"Workers": []}]},{"Node Type": "Hash","Parent Relationship": "Inner","Parallel Aware": true,"Async Capable": false,"Startup Cost": 4210.00,"Total Cost": 4210.00,"Plan Rows": 62500,"Plan Width": 23,"Actual Startup Time": 33.578,"Actual Total Time": 33.582,"Actual Rows": 37500,"Actual Loops": 4,"Hash Buckets": 262144,"Original Hash Buckets": 262144,"Hash Batches": 1,"Original Hash Batches": 1,"Peak Memory Usage": 10336,"Workers": [],"Plans": [{"Node Type": "Seq Scan","Parent Relationship": "Outer","Parallel Aware": true,"Async Capable": false,"Relation Name": "customer","Alias": "customer","Startup Cost": 0.00,"Total Cost": 4210.00,"Plan Rows": 62500,"Plan Width": 23,"Actual Startup Time": 0.023,"Actual Total Time": 16.777,"Actual Rows": 37500,"Actual Loops": 4,"Workers": []}]}]}]}]}]},"Planning Time": 6.662,"Triggers": [],"Execution Time": 10430.266}]
[{"Plan": {"Node Type": "Sort","Parallel Aware": false,"Async Capable": false,"Startup Cost": 397889.21,"Total Cost": 399077.01,"Plan Rows": 475120,"Plan Width": 71,"Actual Startup Time": 10345.847,"Actual Total Time": 10377.998,"Actual Rows": 9,"Actual Loops": 1,"Sort Key": ["orders.o_totalprice DESC", "orders.o_orderdate"],"Sort Method": "quicksort","Sort Space Used": 25,"Sort Space Type": "Memory","Plans": [{"Node Type": "Aggregate","Strategy": "Hashed","Partial Mode": "Simple","Parent Relationship": "Outer","Parallel Aware": false,"Async Capable": false,"Startup Cost": 347151.30,"Total Cost": 353090.30,"Plan Rows": 475120,"Plan Width": 71,"Actual Startup Time": 10329.232,"Actual Total Time": 10377.856,"Actual Rows": 9,"Actual Loops": 1,"Group Key": ["customer.c_custkey", "orders.o_orderkey"],"Planned Partitions": 0,"HashAgg Batches": 1,"Peak Memory Usage": 24601,"Disk Usage": 0,"Plans": [{"Node Type": "Gather","Parent Relationship": "Outer","Parallel Aware": false,"Async Capable": false,"Startup Cost": 216528.94,"Total Cost": 343587.90,"Plan Rows": 475120,"Plan Width": 44,"Actual Startup Time": 10053.961,"Actual Total Time": 10357.615,"Actual Rows": 63,"Actual Loops": 1,"Workers Planned": 3,"Workers Launched": 3,"Single Copy": false,"Plans": [{"Node Type": "Hash Join","Parent Relationship": "Outer","Parallel Aware": true,"Async Capable": false,"Join Type": "Inner","Startup Cost": 215528.94,"Total Cost": 295075.90,"Plan Rows": 153265,"Plan Width": 44,"Actual Startup Time": 10157.696,"Actual Total Time": 10258.651,"Actual Rows": 16,"Actual Loops": 4,"Inner Unique": true,"Hash Cond": "(orders.o_custkey = customer.c_custkey)","Workers": [],"Plans": [{"Node Type": "Nested Loop","Parent Relationship": "Outer","Parallel Aware": false,"Async Capable": false,"Join Type": "Inner","Startup Cost": 210537.69,"Total Cost": 289682.32,"Plan Rows": 153265,"Plan Width": 25,"Actual Startup Time": 10123.332,"Actual Total Time": 10224.239,"Actual Rows": 16,"Actual Loops": 4,"Inner Unique": false,"Workers": [],"Plans": [{"Node Type": "Hash Join","Parent Relationship": "Outer","Parallel Aware": false,"Async Capable": false,"Join Type": "Inner","Startup Cost": 210537.26,"Total Cost": 242741.13,"Plan Rows": 38308,"Plan Width": 24,"Actual Startup Time": 10123.186,"Actual Total Time": 10223.998,"Actual Rows": 2,"Actual Loops": 4,"Inner Unique": true,"Hash Cond": "(orders.o_orderkey = lineitem_1.l_orderkey)","Workers": [],"Plans": [{"Node Type": "Seq Scan","Parent Relationship": "Outer","Parallel Aware": true,"Async Capable": false,"Relation Name": "orders","Alias": "orders","Startup Cost": 0.00,"Total Cost": 30933.71,"Plan Rows": 483871,"Plan Width": 20,"Actual Startup Time": 0.011,"Actual Total Time": 49.852,"Actual Rows": 375000,"Actual Loops": 4,"Workers": []},{"Node Type": "Hash","Parent Relationship": "Inner","Parallel Aware": false,"Async Capable": false,"Startup Cost": 209052.81,"Total Cost": 209052.81,"Plan Rows": 118756,"Plan Width": 4,"Actual Startup Time": 10005.666,"Actual Total Time": 10005.673,"Actual Rows": 9,"Actual Loops": 4,"Hash Buckets": 131072,"Original Hash Buckets": 131072,"Hash Batches": 1,"Original Hash Batches": 1,"Peak Memory Usage": 1025,"Workers": [],"Plans": [{"Node Type": "Aggregate","Strategy": "Hashed","Partial Mode": "Simple","Parent Relationship": "Outer","Parallel Aware": false,"Async Capable": false,"Startup Cost": 202521.23,"Total Cost": 207865.25,"Plan Rows": 118756,"Plan Width": 4,"Actual Startup Time": 6310.010,"Actual Total Time": 10005.543,"Actual Rows": 9,"Actual Loops": 4,"Group Key": ["lineitem_1.l_orderkey"],"Filter": "(sum(lineitem_1.l_quantity) > '313'::numeric)","Planned Partitions": 0,"HashAgg Batches": 1,"Peak Memory Usage": 638993,"Disk Usage": 0,"Rows Removed by Filter": 1499991,"Workers": [{"Worker Number": 0,"HashAgg Batches": 1,"Peak Memory Usage": 638993,"Disk Usage": 0},{"Worker Number": 1,"HashAgg Batches": 1,"Peak Memory Usage": 638993,"Disk Usage": 0},{"Worker Number": 2,"HashAgg Batches": 1,"Peak Memory Usage": 638993,"Disk Usage": 0}],"Plans": [{"Node Type": "Seq Scan","Parent Relationship": "Outer","Parallel Aware": false,"Async Capable": false,"Relation Name": "lineitem","Alias": "lineitem_1","Startup Cost": 0.00,"Total Cost": 172515.15,"Plan Rows": 6001215,"Plan Width": 9,"Actual Startup Time": 0.020,"Actual Total Time": 994.479,"Actual Rows": 6001215,"Actual Loops": 4,"Workers": []}]}]}]},{"Node Type": "Index Scan","Parent Relationship": "Inner","Parallel Aware": false,"Async Capable": false,"Scan Direction": "Forward","Index Name": "idx_lineitem_orderkey","Relation Name": "lineitem","Alias": "lineitem","Startup Cost": 0.43,"Total Cost": 1.06,"Plan Rows": 17,"Plan Width": 9,"Actual Startup Time": 0.068,"Actual Total Time": 0.075,"Actual Rows": 7,"Actual Loops": 9,"Index Cond": "(l_orderkey = orders.o_orderkey)","Rows Removed by Index Recheck": 0,"Workers": []}]},{"Node Type": "Hash","Parent Relationship": "Inner","Parallel Aware": true,"Async Capable": false,"Startup Cost": 4210.00,"Total Cost": 4210.00,"Plan Rows": 62500,"Plan Width": 23,"Actual Startup Time": 33.578,"Actual Total Time": 33.582,"Actual Rows": 37500,"Actual Loops": 4,"Hash Buckets": 262144,"Original Hash Buckets": 262144,"Hash Batches": 1,"Original Hash Batches": 1,"Peak Memory Usage": 10336,"Workers": [],"Plans": [{"Node Type": "Seq Scan","Parent Relationship": "Outer","Parallel Aware": true,"Async Capable": false,"Relation Name": "customer","Alias": "customer","Startup Cost": 0.00,"Total Cost": 4210.00,"Plan Rows": 62500,"Plan Width": 23,"Actual Startup Time": 0.023,"Actual Total Time": 16.777,"Actual Rows": 37500,"Actual Loops": 4,"Workers": []}]}]}]}]}]},"Planning Time": 6.662,"Triggers": [],"Execution Time": 10430.266}]
[{"Plan": {"Node Type": "Sort","Parallel Aware": false,"Async Capable": false,"Startup Cost": 397889.21,"Total Cost": 399077.01,"Plan Rows": 475120,"Plan Width": 71,"Actual Startup Time": 10950.105,"Actual Total Time": 10953.954,"Actual Rows": 9,"Actual Loops": 1,"Sort Key": ["orders.o_totalprice DESC", "orders.o_orderdate"],"Sort Method": "quicksort","Sort Space Used": 25,"Sort Space Type": "Memory","Plans": [{"Node Type": "Aggregate","Strategy": "Hashed","Partial Mode": "Simple","Parent Relationship": "Outer","Parallel Aware": false,"Async Capable": false,"Startup Cost": 347151.30,"Total Cost": 353090.30,"Plan Rows": 475120,"Plan Width": 71,"Actual Startup Time": 10902.471,"Actual Total Time": 10953.715,"Actual Rows": 9,"Actual Loops": 1,"Group Key": ["customer.c_custkey", "orders.o_orderkey"],"Planned Partitions": 0,"HashAgg Batches": 1,"Peak Memory Usage": 24601,"Disk Usage": 0,"Plans": [{"Node Type": "Gather","Parent Relationship": "Outer","Parallel Aware": false,"Async Capable": false,"Startup Cost": 216528.94,"Total Cost": 343587.90,"Plan Rows": 475120,"Plan Width": 44,"Actual Startup Time": 10893.800,"Actual Total Time": 10897.693,"Actual Rows": 63,"Actual Loops": 1,"Workers Planned": 3,"Workers Launched": 3,"Single Copy": false,"Plans": [{"Node Type": "Hash Join","Parent Relationship": "Outer","Parallel Aware": true,"Async Capable": false,"Join Type": "Inner","Startup Cost": 215528.94,"Total Cost": 295075.90,"Plan Rows": 153265,"Plan Width": 44,"Actual Startup Time": 10134.253,"Actual Total Time": 10314.794,"Actual Rows": 16,"Actual Loops": 4,"Inner Unique": true,"Hash Cond": "(orders.o_custkey = customer.c_custkey)","Workers": [],"Plans": [{"Node Type": "Nested Loop","Parent Relationship": "Outer","Parallel Aware": false,"Async Capable": false,"Join Type": "Inner","Startup Cost": 210537.69,"Total Cost": 289682.32,"Plan Rows": 153265,"Plan Width": 25,"Actual Startup Time": 10099.687,"Actual Total Time": 10280.153,"Actual Rows": 16,"Actual Loops": 4,"Inner Unique": false,"Workers": [],"Plans": [{"Node Type": "Hash Join","Parent Relationship": "Outer","Parallel Aware": false,"Async Capable": false,"Join Type": "Inner","Startup Cost": 210537.26,"Total Cost": 242741.13,"Plan Rows": 38308,"Plan Width": 24,"Actual Startup Time": 10099.575,"Actual Total Time": 10279.892,"Actual Rows": 2,"Actual Loops": 4,"Inner Unique": true,"Hash Cond": "(orders.o_orderkey = lineitem_1.l_orderkey)","Workers": [],"Plans": [{"Node Type": "Seq Scan","Parent Relationship": "Outer","Parallel Aware": true,"Async Capable": false,"Relation Name": "orders","Alias": "orders","Startup Cost": 0.00,"Total Cost": 30933.71,"Plan Rows": 483871,"Plan Width": 20,"Actual Startup Time": 0.011,"Actual Total Time": 51.627,"Actual Rows": 375000,"Actual Loops": 4,"Workers": []},{"Node Type": "Hash","Parent Relationship": "Inner","Parallel Aware": false,"Async Capable": false,"Startup Cost": 209052.81,"Total Cost": 209052.81,"Plan Rows": 118756,"Plan Width": 4,"Actual Startup Time": 10016.825,"Actual Total Time": 10016.839,"Actual Rows": 9,"Actual Loops": 4,"Hash Buckets": 131072,"Original Hash Buckets": 131072,"Hash Batches": 1,"Original Hash Batches": 1,"Peak Memory Usage": 1025,"Workers": [],"Plans": [{"Node Type": "Aggregate","Strategy": "Hashed","Partial Mode": "Simple","Parent Relationship": "Outer","Parallel Aware": false,"Async Capable": false,"Startup Cost": 202521.23,"Total Cost": 207865.25,"Plan Rows": 118756,"Plan Width": 4,"Actual Startup Time": 6319.140,"Actual Total Time": 10016.671,"Actual Rows": 9,"Actual Loops": 4,"Group Key": ["lineitem_1.l_orderkey"],"Filter": "(sum(lineitem_1.l_quantity) > '315'::numeric)","Planned Partitions": 0,"HashAgg Batches": 1,"Peak Memory Usage": 638993,"Disk Usage": 0,"Rows Removed by Filter": 1499991,"Workers": [{"Worker Number": 0,"HashAgg Batches": 1,"Peak Memory Usage": 638993,"Disk Usage": 0},{"Worker Number": 1,"HashAgg Batches": 1,"Peak Memory Usage": 638993,"Disk Usage": 0},{"Worker Number": 2,"HashAgg Batches": 1,"Peak Memory Usage": 638993,"Disk Usage": 0}],"Plans": [{"Node Type": "Seq Scan","Parent Relationship": "Outer","Parallel Aware": false,"Async Capable": false,"Relation Name": "lineitem","Alias": "lineitem_1","Startup Cost": 0.00,"Total Cost": 172515.15,"Plan Rows": 6001215,"Plan Width": 9,"Actual Startup Time": 0.018,"Actual Total Time": 971.843,"Actual Rows": 6001215,"Actual Loops": 4,"Workers": []}]}]}]},{"Node Type": "Index Scan","Parent Relationship": "Inner","Parallel Aware": false,"Async Capable": false,"Scan Direction": "Forward","Index Name": "idx_lineitem_orderkey","Relation Name": "lineitem","Alias": "lineitem","Startup Cost": 0.43,"Total Cost": 1.06,"Plan Rows": 17,"Plan Width": 9,"Actual Startup Time": 0.069,"Actual Total Time": 0.079,"Actual Rows": 7,"Actual Loops": 9,"Index Cond": "(l_orderkey = orders.o_orderkey)","Rows Removed by Index Recheck": 0,"Workers": []}]},{"Node Type": "Hash","Parent Relationship": "Inner","Parallel Aware": true,"Async Capable": false,"Startup Cost": 4210.00,"Total Cost": 4210.00,"Plan Rows": 62500,"Plan Width": 23,"Actual Startup Time": 33.677,"Actual Total Time": 33.684,"Actual Rows": 37500,"Actual Loops": 4,"Hash Buckets": 262144,"Original Hash Buckets": 262144,"Hash Batches": 1,"Original Hash Batches": 1,"Peak Memory Usage": 10368,"Workers": [],"Plans": [{"Node Type": "Seq Scan","Parent Relationship": "Outer","Parallel Aware": true,"Async Capable": false,"Relation Name": "customer","Alias": "customer","Startup Cost": 0.00,"Total Cost": 4210.00,"Plan Rows": 62500,"Plan Width": 23,"Actual Startup Time": 0.019,"Actual Total Time": 16.715,"Actual Rows": 37500,"Actual Loops": 4,"Workers": []}]}]}]}]}]},"Planning Time": 6.132,"Triggers": [],"Execution Time": 11002.531}]
[{"Plan": {"Node Type": "Sort","Parallel Aware": false,"Async Capable": false,"Startup Cost": 397889.21,"Total Cost": 399077.01,"Plan Rows": 475120,"Plan Width": 71,"Actual Startup Time": 10950.105,"Actual Total Time": 10953.954,"Actual Rows": 9,"Actual Loops": 1,"Sort Key": ["orders.o_totalprice DESC", "orders.o_orderdate"],"Sort Method": "quicksort","Sort Space Used": 25,"Sort Space Type": "Memory","Plans": [{"Node Type": "Aggregate","Strategy": "Hashed","Partial Mode": "Simple","Parent Relationship": "Outer","Parallel Aware": false,"Async Capable": false,"Startup Cost": 347151.30,"Total Cost": 353090.30,"Plan Rows": 475120,"Plan Width": 71,"Actual Startup Time": 10902.471,"Actual Total Time": 10953.715,"Actual Rows": 9,"Actual Loops": 1,"Group Key": ["customer.c_custkey", "orders.o_orderkey"],"Planned Partitions": 0,"HashAgg Batches": 1,"Peak Memory Usage": 24601,"Disk Usage": 0,"Plans": [{"Node Type": "Gather","Parent Relationship": "Outer","Parallel Aware": false,"Async Capable": false,"Startup Cost": 216528.94,"Total Cost": 343587.90,"Plan Rows": 475120,"Plan Width": 44,"Actual Startup Time": 10893.800,"Actual Total Time": 10897.693,"Actual Rows": 63,"Actual Loops": 1,"Workers Planned": 3,"Workers Launched": 3,"Single Copy": false,"Plans": [{"Node Type": "Hash Join","Parent Relationship": "Outer","Parallel Aware": true,"Async Capable": false,"Join Type": "Inner","Startup Cost": 215528.94,"Total Cost": 295075.90,"Plan Rows": 153265,"Plan Width": 44,"Actual Startup Time": 10134.253,"Actual Total Time": 10314.794,"Actual Rows": 16,"Actual Loops": 4,"Inner Unique": true,"Hash Cond": "(orders.o_custkey = customer.c_custkey)","Workers": [],"Plans": [{"Node Type": "Nested Loop","Parent Relationship": "Outer","Parallel Aware": false,"Async Capable": false,"Join Type": "Inner","Startup Cost": 210537.69,"Total Cost": 289682.32,"Plan Rows": 153265,"Plan Width": 25,"Actual Startup Time": 10099.687,"Actual Total Time": 10280.153,"Actual Rows": 16,"Actual Loops": 4,"Inner Unique": false,"Workers": [],"Plans": [{"Node Type": "Hash Join","Parent Relationship": "Outer","Parallel Aware": false,"Async Capable": false,"Join Type": "Inner","Startup Cost": 210537.26,"Total Cost": 242741.13,"Plan Rows": 38308,"Plan Width": 24,"Actual Startup Time": 10099.575,"Actual Total Time": 10279.892,"Actual Rows": 2,"Actual Loops": 4,"Inner Unique": true,"Hash Cond": "(orders.o_orderkey = lineitem_1.l_orderkey)","Workers": [],"Plans": [{"Node Type": "Seq Scan","Parent Relationship": "Outer","Parallel Aware": true,"Async Capable": false,"Relation Name": "orders","Alias": "orders","Startup Cost": 0.00,"Total Cost": 30933.71,"Plan Rows": 483871,"Plan Width": 20,"Actual Startup Time": 0.011,"Actual Total Time": 51.627,"Actual Rows": 375000,"Actual Loops": 4,"Workers": []},{"Node Type": "Hash","Parent Relationship": "Inner","Parallel Aware": false,"Async Capable": false,"Startup Cost": 209052.81,"Total Cost": 209052.81,"Plan Rows": 118756,"Plan Width": 4,"Actual Startup Time": 10016.825,"Actual Total Time": 10016.839,"Actual Rows": 9,"Actual Loops": 4,"Hash Buckets": 131072,"Original Hash Buckets": 131072,"Hash Batches": 1,"Original Hash Batches": 1,"Peak Memory Usage": 1025,"Workers": [],"Plans": [{"Node Type": "Aggregate","Strategy": "Hashed","Partial Mode": "Simple","Parent Relationship": "Outer","Parallel Aware": false,"Async Capable": false,"Startup Cost": 202521.23,"Total Cost": 207865.25,"Plan Rows": 118756,"Plan Width": 4,"Actual Startup Time": 6319.140,"Actual Total Time": 10016.671,"Actual Rows": 9,"Actual Loops": 4,"Group Key": ["lineitem_1.l_orderkey"],"Filter": "(sum(lineitem_1.l_quantity) > '315'::numeric)","Planned Partitions": 0,"HashAgg Batches": 1,"Peak Memory Usage": 638993,"Disk Usage": 0,"Rows Removed by Filter": 1499991,"Workers": [{"Worker Number": 0,"HashAgg Batches": 1,"Peak Memory Usage": 638993,"Disk Usage": 0},{"Worker Number": 1,"HashAgg Batches": 1,"Peak Memory Usage": 638993,"Disk Usage": 0},{"Worker Number": 2,"HashAgg Batches": 1,"Peak Memory Usage": 638993,"Disk Usage": 0}],"Plans": [{"Node Type": "Seq Scan","Parent Relationship": "Outer","Parallel Aware": false,"Async Capable": false,"Relation Name": "lineitem","Alias": "lineitem_1","Startup Cost": 0.00,"Total Cost": 172515.15,"Plan Rows": 6001215,"Plan Width": 9,"Actual Startup Time": 0.018,"Actual Total Time": 971.843,"Actual Rows": 6001215,"Actual Loops": 4,"Workers": []}]}]}]},{"Node Type": "Index Scan","Parent Relationship": "Inner","Parallel Aware": false,"Async Capable": false,"Scan Direction": "Forward","Index Name": "idx_lineitem_orderkey","Relation Name": "lineitem","Alias": "lineitem","Startup Cost": 0.43,"Total Cost": 1.06,"Plan Rows": 17,"Plan Width": 9,"Actual Startup Time": 0.069,"Actual Total Time": 0.079,"Actual Rows": 7,"Actual Loops": 9,"Index Cond": "(l_orderkey = orders.o_orderkey)","Rows Removed by Index Recheck": 0,"Workers": []}]},{"Node Type": "Hash","Parent Relationship": "Inner","Parallel Aware": true,"Async Capable": false,"Startup Cost": 4210.00,"Total Cost": 4210.00,"Plan Rows": 62500,"Plan Width": 23,"Actual Startup Time": 33.677,"Actual Total Time": 33.684,"Actual Rows": 37500,"Actual Loops": 4,"Hash Buckets": 262144,"Original Hash Buckets": 262144,"Hash Batches": 1,"Original Hash Batches": 1,"Peak Memory Usage": 10368,"Workers": [],"Plans": [{"Node Type": "Seq Scan","Parent Relationship": "Outer","Parallel Aware": true,"Async Capable": false,"Relation Name": "customer","Alias": "customer","Startup Cost": 0.00,"Total Cost": 4210.00,"Plan Rows": 62500,"Plan Width": 23,"Actual Startup Time": 0.019,"Actual Total Time": 16.715,"Actual Rows": 37500,"Actual Loops": 4,"Workers": []}]}]}]}]}]},"Planning Time": 6.132,"Triggers": [],"Execution Time": 11002.531}]
[{"Plan": {"Node Type": "Sort","Parallel Aware": false,"Async Capable": false,"Startup Cost": 397889.21,"Total Cost": 399077.01,"Plan Rows": 475120,"Plan Width": 71,"Actual Startup Time": 10345.847,"Actual Total Time": 10377.998,"Actual Rows": 9,"Actual Loops": 1,"Sort Key": ["orders.o_totalprice DESC", "orders.o_orderdate"],"Sort Method": "quicksort","Sort Space Used": 25,"Sort Space Type": "Memory","Plans": [{"Node Type": "Aggregate","Strategy": "Hashed","Partial Mode": "Simple","Parent Relationship": "Outer","Parallel Aware": false,"Async Capable": false,"Startup Cost": 347151.30,"Total Cost": 353090.30,"Plan Rows": 475120,"Plan Width": 71,"Actual Startup Time": 10329.232,"Actual Total Time": 10377.856,"Actual Rows": 9,"Actual Loops": 1,"Group Key": ["customer.c_custkey", "orders.o_orderkey"],"Planned Partitions": 0,"HashAgg Batches": 1,"Peak Memory Usage": 24601,"Disk Usage": 0,"Plans": [{"Node Type": "Gather","Parent Relationship": "Outer","Parallel Aware": false,"Async Capable": false,"Startup Cost": 216528.94,"Total Cost": 343587.90,"Plan Rows": 475120,"Plan Width": 44,"Actual Startup Time": 10053.961,"Actual Total Time": 10357.615,"Actual Rows": 63,"Actual Loops": 1,"Workers Planned": 3,"Workers Launched": 3,"Single Copy": false,"Plans": [{"Node Type": "Hash Join","Parent Relationship": "Outer","Parallel Aware": true,"Async Capable": false,"Join Type": "Inner","Startup Cost": 215528.94,"Total Cost": 295075.90,"Plan Rows": 153265,"Plan Width": 44,"Actual Startup Time": 10157.696,"Actual Total Time": 10258.651,"Actual Rows": 16,"Actual Loops": 4,"Inner Unique": true,"Hash Cond": "(orders.o_custkey = customer.c_custkey)","Workers": [],"Plans": [{"Node Type": "Nested Loop","Parent Relationship": "Outer","Parallel Aware": false,"Async Capable": false,"Join Type": "Inner","Startup Cost": 210537.69,"Total Cost": 289682.32,"Plan Rows": 153265,"Plan Width": 25,"Actual Startup Time": 10123.332,"Actual Total Time": 10224.239,"Actual Rows": 16,"Actual Loops": 4,"Inner Unique": false,"Workers": [],"Plans": [{"Node Type": "Hash Join","Parent Relationship": "Outer","Parallel Aware": false,"Async Capable": false,"Join Type": "Inner","Startup Cost": 210537.26,"Total Cost": 242741.13,"Plan Rows": 38308,"Plan Width": 24,"Actual Startup Time": 10123.186,"Actual Total Time": 10223.998,"Actual Rows": 2,"Actual Loops": 4,"Inner Unique": true,"Hash Cond": "(orders.o_orderkey = lineitem_1.l_orderkey)","Workers": [],"Plans": [{"Node Type": "Seq Scan","Parent Relationship": "Outer","Parallel Aware": true,"Async Capable": false,"Relation Name": "orders","Alias": "orders","Startup Cost": 0.00,"Total Cost": 30933.71,"Plan Rows": 483871,"Plan Width": 20,"Actual Startup Time": 0.011,"Actual Total Time": 49.852,"Actual Rows": 375000,"Actual Loops": 4,"Workers": []},{"Node Type": "Hash","Parent Relationship": "Inner","Parallel Aware": false,"Async Capable": false,"Startup Cost": 209052.81,"Total Cost": 209052.81,"Plan Rows": 118756,"Plan Width": 4,"Actual Startup Time": 10005.666,"Actual Total Time": 10005.673,"Actual Rows": 9,"Actual Loops": 4,"Hash Buckets": 131072,"Original Hash Buckets": 131072,"Hash Batches": 1,"Original Hash Batches": 1,"Peak Memory Usage": 1025,"Workers": [],"Plans": [{"Node Type": "Aggregate","Strategy": "Hashed","Partial Mode": "Simple","Parent Relationship": "Outer","Parallel Aware": false,"Async Capable": false,"Startup Cost": 202521.23,"Total Cost": 207865.25,"Plan Rows": 118756,"Plan Width": 4,"Actual Startup Time": 6310.010,"Actual Total Time": 10005.543,"Actual Rows": 9,"Actual Loops": 4,"Group Key": ["lineitem_1.l_orderkey"],"Filter": "(sum(lineitem_1.l_quantity) > '313'::numeric)","Planned Partitions": 0,"HashAgg Batches": 1,"Peak Memory Usage": 638993,"Disk Usage": 0,"Rows Removed by Filter": 1499991,"Workers": [{"Worker Number": 0,"HashAgg Batches": 1,"Peak Memory Usage": 638993,"Disk Usage": 0},{"Worker Number": 1,"HashAgg Batches": 1,"Peak Memory Usage": 638993,"Disk Usage": 0},{"Worker Number": 2,"HashAgg Batches": 1,"Peak Memory Usage": 638993,"Disk Usage": 0}],"Plans": [{"Node Type": "Seq Scan","Parent Relationship": "Outer","Parallel Aware": false,"Async Capable": false,"Relation Name": "lineitem","Alias": "lineitem_1","Startup Cost": 0.00,"Total Cost": 172515.15,"Plan Rows": 6001215,"Plan Width": 9,"Actual Startup Time": 0.020,"Actual Total Time": 994.479,"Actual Rows": 6001215,"Actual Loops": 4,"Workers": []}]}]}]},{"Node Type": "Index Scan","Parent Relationship": "Inner","Parallel Aware": false,"Async Capable": false,"Scan Direction": "Forward","Index Name": "idx_lineitem_orderkey","Relation Name": "lineitem","Alias": "lineitem","Startup Cost": 0.43,"Total Cost": 1.06,"Plan Rows": 17,"Plan Width": 9,"Actual Startup Time": 0.068,"Actual Total Time": 0.075,"Actual Rows": 7,"Actual Loops": 9,"Index Cond": "(l_orderkey = orders.o_orderkey)","Rows Removed by Index Recheck": 0,"Workers": []}]},{"Node Type": "Hash","Parent Relationship": "Inner","Parallel Aware": true,"Async Capable": false,"Startup Cost": 4210.00,"Total Cost": 4210.00,"Plan Rows": 62500,"Plan Width": 23,"Actual Startup Time": 33.578,"Actual Total Time": 33.582,"Actual Rows": 37500,"Actual Loops": 4,"Hash Buckets": 262144,"Original Hash Buckets": 262144,"Hash Batches": 1,"Original Hash Batches": 1,"Peak Memory Usage": 10336,"Workers": [],"Plans": [{"Node Type": "Seq Scan","Parent Relationship": "Outer","Parallel Aware": true,"Async Capable": false,"Relation Name": "customer","Alias": "customer","Startup Cost": 0.00,"Total Cost": 4210.00,"Plan Rows": 62500,"Plan Width": 23,"Actual Startup Time": 0.023,"Actual Total Time": 16.777,"Actual Rows": 37500,"Actual Loops": 4,"Workers": []}]}]}]}]}]},"Planning Time": 6.662,"Triggers": [],"Execution Time": 10430.266}]
[{"Plan": {"Node Type": "Sort","Parallel Aware": false,"Async Capable": false,"Startup Cost": 397889.21,"Total Cost": 399077.01,"Plan Rows": 475120,"Plan Width": 71,"Actual Startup Time": 10345.847,"Actual Total Time": 10377.998,"Actual Rows": 9,"Actual Loops": 1,"Sort Key": ["orders.o_totalprice DESC", "orders.o_orderdate"],"Sort Method": "quicksort","Sort Space Used": 25,"Sort Space Type": "Memory","Plans": [{"Node Type": "Aggregate","Strategy": "Hashed","Partial Mode": "Simple","Parent Relationship": "Outer","Parallel Aware": false,"Async Capable": false,"Startup Cost": 347151.30,"Total Cost": 353090.30,"Plan Rows": 475120,"Plan Width": 71,"Actual Startup Time": 10329.232,"Actual Total Time": 10377.856,"Actual Rows": 9,"Actual Loops": 1,"Group Key": ["customer.c_custkey", "orders.o_orderkey"],"Planned Partitions": 0,"HashAgg Batches": 1,"Peak Memory Usage": 24601,"Disk Usage": 0,"Plans": [{"Node Type": "Gather","Parent Relationship": "Outer","Parallel Aware": false,"Async Capable": false,"Startup Cost": 216528.94,"Total Cost": 343587.90,"Plan Rows": 475120,"Plan Width": 44,"Actual Startup Time": 10053.961,"Actual Total Time": 10357.615,"Actual Rows": 63,"Actual Loops": 1,"Workers Planned": 3,"Workers Launched": 3,"Single Copy": false,"Plans": [{"Node Type": "Hash Join","Parent Relationship": "Outer","Parallel Aware": true,"Async Capable": false,"Join Type": "Inner","Startup Cost": 215528.94,"Total Cost": 295075.90,"Plan Rows": 153265,"Plan Width": 44,"Actual Startup Time": 10157.696,"Actual Total Time": 10258.651,"Actual Rows": 16,"Actual Loops": 4,"Inner Unique": true,"Hash Cond": "(orders.o_custkey = customer.c_custkey)","Workers": [],"Plans": [{"Node Type": "Nested Loop","Parent Relationship": "Outer","Parallel Aware": false,"Async Capable": false,"Join Type": "Inner","Startup Cost": 210537.69,"Total Cost": 289682.32,"Plan Rows": 153265,"Plan Width": 25,"Actual Startup Time": 10123.332,"Actual Total Time": 10224.239,"Actual Rows": 16,"Actual Loops": 4,"Inner Unique": false,"Workers": [],"Plans": [{"Node Type": "Hash Join","Parent Relationship": "Outer","Parallel Aware": false,"Async Capable": false,"Join Type": "Inner","Startup Cost": 210537.26,"Total Cost": 242741.13,"Plan Rows": 38308,"Plan Width": 24,"Actual Startup Time": 10123.186,"Actual Total Time": 10223.998,"Actual Rows": 2,"Actual Loops": 4,"Inner Unique": true,"Hash Cond": "(orders.o_orderkey = lineitem_1.l_orderkey)","Workers": [],"Plans": [{"Node Type": "Seq Scan","Parent Relationship": "Outer","Parallel Aware": true,"Async Capable": false,"Relation Name": "orders","Alias": "orders","Startup Cost": 0.00,"Total Cost": 30933.71,"Plan Rows": 483871,"Plan Width": 20,"Actual Startup Time": 0.011,"Actual Total Time": 49.852,"Actual Rows": 375000,"Actual Loops": 4,"Workers": []},{"Node Type": "Hash","Parent Relationship": "Inner","Parallel Aware": false,"Async Capable": false,"Startup Cost": 209052.81,"Total Cost": 209052.81,"Plan Rows": 118756,"Plan Width": 4,"Actual Startup Time": 10005.666,"Actual Total Time": 10005.673,"Actual Rows": 9,"Actual Loops": 4,"Hash Buckets": 131072,"Original Hash Buckets": 131072,"Hash Batches": 1,"Original Hash Batches": 1,"Peak Memory Usage": 1025,"Workers": [],"Plans": [{"Node Type": "Aggregate","Strategy": "Hashed","Partial Mode": "Simple","Parent Relationship": "Outer","Parallel Aware": false,"Async Capable": false,"Startup Cost": 202521.23,"Total Cost": 207865.25,"Plan Rows": 118756,"Plan Width": 4,"Actual Startup Time": 6310.010,"Actual Total Time": 10005.543,"Actual Rows": 9,"Actual Loops": 4,"Group Key": ["lineitem_1.l_orderkey"],"Filter": "(sum(lineitem_1.l_quantity) > '313'::numeric)","Planned Partitions": 0,"HashAgg Batches": 1,"Peak Memory Usage": 638993,"Disk Usage": 0,"Rows Removed by Filter": 1499991,"Workers": [{"Worker Number": 0,"HashAgg Batches": 1,"Peak Memory Usage": 638993,"Disk Usage": 0},{"Worker Number": 1,"HashAgg Batches": 1,"Peak Memory Usage": 638993,"Disk Usage": 0},{"Worker Number": 2,"HashAgg Batches": 1,"Peak Memory Usage": 638993,"Disk Usage": 0}],"Plans": [{"Node Type": "Seq Scan","Parent Relationship": "Outer","Parallel Aware": false,"Async Capable": false,"Relation Name": "lineitem","Alias": "lineitem_1","Startup Cost": 0.00,"Total Cost": 172515.15,"Plan Rows": 6001215,"Plan Width": 9,"Actual Startup Time": 0.020,"Actual Total Time": 994.479,"Actual Rows": 6001215,"Actual Loops": 4,"Workers": []}]}]}]},{"Node Type": "Index Scan","Parent Relationship": "Inner","Parallel Aware": false,"Async Capable": false,"Scan Direction": "Forward","Index Name": "idx_lineitem_orderkey","Relation Name": "lineitem","Alias": "lineitem","Startup Cost": 0.43,"Total Cost": 1.06,"Plan Rows": 17,"Plan Width": 9,"Actual Startup Time": 0.068,"Actual Total Time": 0.075,"Actual Rows": 7,"Actual Loops": 9,"Index Cond": "(l_orderkey = orders.o_orderkey)","Rows Removed by Index Recheck": 0,"Workers": []}]},{"Node Type": "Hash","Parent Relationship": "Inner","Parallel Aware": true,"Async Capable": false,"Startup Cost": 4210.00,"Total Cost": 4210.00,"Plan Rows": 62500,"Plan Width": 23,"Actual Startup Time": 33.578,"Actual Total Time": 33.582,"Actual Rows": 37500,"Actual Loops": 4,"Hash Buckets": 262144,"Original Hash Buckets": 262144,"Hash Batches": 1,"Original Hash Batches": 1,"Peak Memory Usage": 10336,"Workers": [],"Plans": [{"Node Type": "Seq Scan","Parent Relationship": "Outer","Parallel Aware": true,"Async Capable": false,"Relation Name": "customer","Alias": "customer","Startup Cost": 0.00,"Total Cost": 4210.00,"Plan Rows": 62500,"Plan Width": 23,"Actual Startup Time": 0.023,"Actual Total Time": 16.777,"Actual Rows": 37500,"Actual Loops": 4,"Workers": []}]}]}]}]}]},"Planning Time": 6.662,"Triggers": [],"Execution Time": 10430.266}]
[{"Plan": {"Node Type": "Sort","Parallel Aware": false,"Async Capable": false,"Startup Cost": 397889.21,"Total Cost": 399077.01,"Plan Rows": 475120,"Plan Width": 71,"Actual Startup Time": 10345.847,"Actual Total Time": 10377.998,"Actual Rows": 9,"Actual Loops": 1,"Sort Key": ["orders.o_totalprice DESC", "orders.o_orderdate"],"Sort Method": "quicksort","Sort Space Used": 25,"Sort Space Type": "Memory","Plans": [{"Node Type": "Aggregate","Strategy": "Hashed","Partial Mode": "Simple","Parent Relationship": "Outer","Parallel Aware": false,"Async Capable": false,"Startup Cost": 347151.30,"Total Cost": 353090.30,"Plan Rows": 475120,"Plan Width": 71,"Actual Startup Time": 10329.232,"Actual Total Time": 10377.856,"Actual Rows": 9,"Actual Loops": 1,"Group Key": ["customer.c_custkey", "orders.o_orderkey"],"Planned Partitions": 0,"HashAgg Batches": 1,"Peak Memory Usage": 24601,"Disk Usage": 0,"Plans": [{"Node Type": "Gather","Parent Relationship": "Outer","Parallel Aware": false,"Async Capable": false,"Startup Cost": 216528.94,"Total Cost": 343587.90,"Plan Rows": 475120,"Plan Width": 44,"Actual Startup Time": 10053.961,"Actual Total Time": 10357.615,"Actual Rows": 63,"Actual Loops": 1,"Workers Planned": 3,"Workers Launched": 3,"Single Copy": false,"Plans": [{"Node Type": "Hash Join","Parent Relationship": "Outer","Parallel Aware": true,"Async Capable": false,"Join Type": "Inner","Startup Cost": 215528.94,"Total Cost": 295075.90,"Plan Rows": 153265,"Plan Width": 44,"Actual Startup Time": 10157.696,"Actual Total Time": 10258.651,"Actual Rows": 16,"Actual Loops": 4,"Inner Unique": true,"Hash Cond": "(orders.o_custkey = customer.c_custkey)","Workers": [],"Plans": [{"Node Type": "Nested Loop","Parent Relationship": "Outer","Parallel Aware": false,"Async Capable": false,"Join Type": "Inner","Startup Cost": 210537.69,"Total Cost": 289682.32,"Plan Rows": 153265,"Plan Width": 25,"Actual Startup Time": 10123.332,"Actual Total Time": 10224.239,"Actual Rows": 16,"Actual Loops": 4,"Inner Unique": false,"Workers": [],"Plans": [{"Node Type": "Hash Join","Parent Relationship": "Outer","Parallel Aware": false,"Async Capable": false,"Join Type": "Inner","Startup Cost": 210537.26,"Total Cost": 242741.13,"Plan Rows": 38308,"Plan Width": 24,"Actual Startup Time": 10123.186,"Actual Total Time": 10223.998,"Actual Rows": 2,"Actual Loops": 4,"Inner Unique": true,"Hash Cond": "(orders.o_orderkey = lineitem_1.l_orderkey)","Workers": [],"Plans": [{"Node Type": "Seq Scan","Parent Relationship": "Outer","Parallel Aware": true,"Async Capable": false,"Relation Name": "orders","Alias": "orders","Startup Cost": 0.00,"Total Cost": 30933.71,"Plan Rows": 483871,"Plan Width": 20,"Actual Startup Time": 0.011,"Actual Total Time": 49.852,"Actual Rows": 375000,"Actual Loops": 4,"Workers": []},{"Node Type": "Hash","Parent Relationship": "Inner","Parallel Aware": false,"Async Capable": false,"Startup Cost": 209052.81,"Total Cost": 209052.81,"Plan Rows": 118756,"Plan Width": 4,"Actual Startup Time": 10005.666,"Actual Total Time": 10005.673,"Actual Rows": 9,"Actual Loops": 4,"Hash Buckets": 131072,"Original Hash Buckets": 131072,"Hash Batches": 1,"Original Hash Batches": 1,"Peak Memory Usage": 1025,"Workers": [],"Plans": [{"Node Type": "Aggregate","Strategy": "Hashed","Partial Mode": "Simple","Parent Relationship": "Outer","Parallel Aware": false,"Async Capable": false,"Startup Cost": 202521.23,"Total Cost": 207865.25,"Plan Rows": 118756,"Plan Width": 4,"Actual Startup Time": 6310.010,"Actual Total Time": 10005.543,"Actual Rows": 9,"Actual Loops": 4,"Group Key": ["lineitem_1.l_orderkey"],"Filter": "(sum(lineitem_1.l_quantity) > '313'::numeric)","Planned Partitions": 0,"HashAgg Batches": 1,"Peak Memory Usage": 638993,"Disk Usage": 0,"Rows Removed by Filter": 1499991,"Workers": [{"Worker Number": 0,"HashAgg Batches": 1,"Peak Memory Usage": 638993,"Disk Usage": 0},{"Worker Number": 1,"HashAgg Batches": 1,"Peak Memory Usage": 638993,"Disk Usage": 0},{"Worker Number": 2,"HashAgg Batches": 1,"Peak Memory Usage": 638993,"Disk Usage": 0}],"Plans": [{"Node Type": "Seq Scan","Parent Relationship": "Outer","Parallel Aware": false,"Async Capable": false,"Relation Name": "lineitem","Alias": "lineitem_1","Startup Cost": 0.00,"Total Cost": 172515.15,"Plan Rows": 6001215,"Plan Width": 9,"Actual Startup Time": 0.020,"Actual Total Time": 994.479,"Actual Rows": 6001215,"Actual Loops": 4,"Workers": []}]}]}]},{"Node Type": "Index Scan","Parent Relationship": "Inner","Parallel Aware": false,"Async Capable": false,"Scan Direction": "Forward","Index Name": "idx_lineitem_orderkey","Relation Name": "lineitem","Alias": "lineitem","Startup Cost": 0.43,"Total Cost": 1.06,"Plan Rows": 17,"Plan Width": 9,"Actual Startup Time": 0.068,"Actual Total Time": 0.075,"Actual Rows": 7,"Actual Loops": 9,"Index Cond": "(l_orderkey = orders.o_orderkey)","Rows Removed by Index Recheck": 0,"Workers": []}]},{"Node Type": "Hash","Parent Relationship": "Inner","Parallel Aware": true,"Async Capable": false,"Startup Cost": 4210.00,"Total Cost": 4210.00,"Plan Rows": 62500,"Plan Width": 23,"Actual Startup Time": 33.578,"Actual Total Time": 33.582,"Actual Rows": 37500,"Actual Loops": 4,"Hash Buckets": 262144,"Original Hash Buckets": 262144,"Hash Batches": 1,"Original Hash Batches": 1,"Peak Memory Usage": 10336,"Workers": [],"Plans": [{"Node Type": "Seq Scan","Parent Relationship": "Outer","Parallel Aware": true,"Async Capable": false,"Relation Name": "customer","Alias": "customer","Startup Cost": 0.00,"Total Cost": 4210.00,"Plan Rows": 62500,"Plan Width": 23,"Actual Startup Time": 0.023,"Actual Total Time": 16.777,"Actual Rows": 37500,"Actual Loops": 4,"Workers": []}]}]}]}]}]},"Planning Time": 6.662,"Triggers": [],"Execution Time": 10430.266}]
[{"Plan": {"Node Type": "Sort","Parallel Aware": false,"Async Capable": false,"Startup Cost": 397889.21,"Total Cost": 399077.01,"Plan Rows": 475120,"Plan Width": 71,"Actual Startup Time": 10785.011,"Actual Total Time": 10839.032,"Actual Rows": 9,"Actual Loops": 1,"Sort Key": ["orders.o_totalprice DESC", "orders.o_orderdate"],"Sort Method": "quicksort","Sort Space Used": 25,"Sort Space Type": "Memory","Plans": [{"Node Type": "Aggregate","Strategy": "Hashed","Partial Mode": "Simple","Parent Relationship": "Outer","Parallel Aware": false,"Async Capable": false,"Startup Cost": 347151.30,"Total Cost": 353090.30,"Plan Rows": 475120,"Plan Width": 71,"Actual Startup Time": 10763.855,"Actual Total Time": 10838.848,"Actual Rows": 9,"Actual Loops": 1,"Group Key": ["customer.c_custkey", "orders.o_orderkey"],"Planned Partitions": 0,"HashAgg Batches": 1,"Peak Memory Usage": 24601,"Disk Usage": 0,"Plans": [{"Node Type": "Gather","Parent Relationship": "Outer","Parallel Aware": false,"Async Capable": false,"Startup Cost": 216528.94,"Total Cost": 343587.90,"Plan Rows": 475120,"Plan Width": 44,"Actual Startup Time": 9674.071,"Actual Total Time": 10813.470,"Actual Rows": 63,"Actual Loops": 1,"Workers Planned": 3,"Workers Launched": 3,"Single Copy": false,"Plans": [{"Node Type": "Hash Join","Parent Relationship": "Outer","Parallel Aware": true,"Async Capable": false,"Join Type": "Inner","Startup Cost": 215528.94,"Total Cost": 295075.90,"Plan Rows": 153265,"Plan Width": 44,"Actual Startup Time": 10141.072,"Actual Total Time": 10312.965,"Actual Rows": 16,"Actual Loops": 4,"Inner Unique": true,"Hash Cond": "(orders.o_custkey = customer.c_custkey)","Workers": [],"Plans": [{"Node Type": "Nested Loop","Parent Relationship": "Outer","Parallel Aware": false,"Async Capable": false,"Join Type": "Inner","Startup Cost": 210537.69,"Total Cost": 289682.32,"Plan Rows": 153265,"Plan Width": 25,"Actual Startup Time": 10104.129,"Actual Total Time": 10275.947,"Actual Rows": 16,"Actual Loops": 4,"Inner Unique": false,"Workers": [],"Plans": [{"Node Type": "Hash Join","Parent Relationship": "Outer","Parallel Aware": false,"Async Capable": false,"Join Type": "Inner","Startup Cost": 210537.26,"Total Cost": 242741.13,"Plan Rows": 38308,"Plan Width": 24,"Actual Startup Time": 10104.052,"Actual Total Time": 10275.739,"Actual Rows": 2,"Actual Loops": 4,"Inner Unique": true,"Hash Cond": "(orders.o_orderkey = lineitem_1.l_orderkey)","Workers": [],"Plans": [{"Node Type": "Seq Scan","Parent Relationship": "Outer","Parallel Aware": true,"Async Capable": false,"Relation Name": "orders","Alias": "orders","Startup Cost": 0.00,"Total Cost": 30933.71,"Plan Rows": 483871,"Plan Width": 20,"Actual Startup Time": 0.007,"Actual Total Time": 53.689,"Actual Rows": 375000,"Actual Loops": 4,"Workers": []},{"Node Type": "Hash","Parent Relationship": "Inner","Parallel Aware": false,"Async Capable": false,"Startup Cost": 209052.81,"Total Cost": 209052.81,"Plan Rows": 118756,"Plan Width": 4,"Actual Startup Time": 10025.157,"Actual Total Time": 10025.166,"Actual Rows": 9,"Actual Loops": 4,"Hash Buckets": 131072,"Original Hash Buckets": 131072,"Hash Batches": 1,"Original Hash Batches": 1,"Peak Memory Usage": 1025,"Workers": [],"Plans": [{"Node Type": "Aggregate","Strategy": "Hashed","Partial Mode": "Simple","Parent Relationship": "Outer","Parallel Aware": false,"Async Capable": false,"Startup Cost": 202521.23,"Total Cost": 207865.25,"Plan Rows": 118756,"Plan Width": 4,"Actual Startup Time": 6285.839,"Actual Total Time": 10024.981,"Actual Rows": 9,"Actual Loops": 4,"Group Key": ["lineitem_1.l_orderkey"],"Filter": "(sum(lineitem_1.l_quantity) > '314'::numeric)","Planned Partitions": 0,"HashAgg Batches": 1,"Peak Memory Usage": 638993,"Disk Usage": 0,"Rows Removed by Filter": 1499991,"Workers": [{"Worker Number": 0,"HashAgg Batches": 1,"Peak Memory Usage": 638993,"Disk Usage": 0},{"Worker Number": 1,"HashAgg Batches": 1,"Peak Memory Usage": 638993,"Disk Usage": 0},{"Worker Number": 2,"HashAgg Batches": 1,"Peak Memory Usage": 638993,"Disk Usage": 0}],"Plans": [{"Node Type": "Seq Scan","Parent Relationship": "Outer","Parallel Aware": false,"Async Capable": false,"Relation Name": "lineitem","Alias": "lineitem_1","Startup Cost": 0.00,"Total Cost": 172515.15,"Plan Rows": 6001215,"Plan Width": 9,"Actual Startup Time": 0.019,"Actual Total Time": 931.752,"Actual Rows": 6001215,"Actual Loops": 4,"Workers": []}]}]}]},{"Node Type": "Index Scan","Parent Relationship": "Inner","Parallel Aware": false,"Async Capable": false,"Scan Direction": "Forward","Index Name": "idx_lineitem_orderkey","Relation Name": "lineitem","Alias": "lineitem","Startup Cost": 0.43,"Total Cost": 1.06,"Plan Rows": 17,"Plan Width": 9,"Actual Startup Time": 0.055,"Actual Total Time": 0.062,"Actual Rows": 7,"Actual Loops": 9,"Index Cond": "(l_orderkey = orders.o_orderkey)","Rows Removed by Index Recheck": 0,"Workers": []}]},{"Node Type": "Hash","Parent Relationship": "Inner","Parallel Aware": true,"Async Capable": false,"Startup Cost": 4210.00,"Total Cost": 4210.00,"Plan Rows": 62500,"Plan Width": 23,"Actual Startup Time": 36.172,"Actual Total Time": 36.190,"Actual Rows": 37500,"Actual Loops": 4,"Hash Buckets": 262144,"Original Hash Buckets": 262144,"Hash Batches": 1,"Original Hash Batches": 1,"Peak Memory Usage": 10336,"Workers": [],"Plans": [{"Node Type": "Seq Scan","Parent Relationship": "Outer","Parallel Aware": true,"Async Capable": false,"Relation Name": "customer","Alias": "customer","Startup Cost": 0.00,"Total Cost": 4210.00,"Plan Rows": 62500,"Plan Width": 23,"Actual Startup Time": 0.024,"Actual Total Time": 17.933,"Actual Rows": 37500,"Actual Loops": 4,"Workers": []}]}]}]}]}]},"Planning Time": 6.881,"Triggers": [],"Execution Time": 10893.482}]
[{"Plan": {"Node Type": "Sort","Parallel Aware": false,"Async Capable": false,"Startup Cost": 397889.21,"Total Cost": 399077.01,"Plan Rows": 475120,"Plan Width": 71,"Actual Startup Time": 10785.011,"Actual Total Time": 10839.032,"Actual Rows": 9,"Actual Loops": 1,"Sort Key": ["orders.o_totalprice DESC", "orders.o_orderdate"],"Sort Method": "quicksort","Sort Space Used": 25,"Sort Space Type": "Memory","Plans": [{"Node Type": "Aggregate","Strategy": "Hashed","Partial Mode": "Simple","Parent Relationship": "Outer","Parallel Aware": false,"Async Capable": false,"Startup Cost": 347151.30,"Total Cost": 353090.30,"Plan Rows": 475120,"Plan Width": 71,"Actual Startup Time": 10763.855,"Actual Total Time": 10838.848,"Actual Rows": 9,"Actual Loops": 1,"Group Key": ["customer.c_custkey", "orders.o_orderkey"],"Planned Partitions": 0,"HashAgg Batches": 1,"Peak Memory Usage": 24601,"Disk Usage": 0,"Plans": [{"Node Type": "Gather","Parent Relationship": "Outer","Parallel Aware": false,"Async Capable": false,"Startup Cost": 216528.94,"Total Cost": 343587.90,"Plan Rows": 475120,"Plan Width": 44,"Actual Startup Time": 9674.071,"Actual Total Time": 10813.470,"Actual Rows": 63,"Actual Loops": 1,"Workers Planned": 3,"Workers Launched": 3,"Single Copy": false,"Plans": [{"Node Type": "Hash Join","Parent Relationship": "Outer","Parallel Aware": true,"Async Capable": false,"Join Type": "Inner","Startup Cost": 215528.94,"Total Cost": 295075.90,"Plan Rows": 153265,"Plan Width": 44,"Actual Startup Time": 10141.072,"Actual Total Time": 10312.965,"Actual Rows": 16,"Actual Loops": 4,"Inner Unique": true,"Hash Cond": "(orders.o_custkey = customer.c_custkey)","Workers": [],"Plans": [{"Node Type": "Nested Loop","Parent Relationship": "Outer","Parallel Aware": false,"Async Capable": false,"Join Type": "Inner","Startup Cost": 210537.69,"Total Cost": 289682.32,"Plan Rows": 153265,"Plan Width": 25,"Actual Startup Time": 10104.129,"Actual Total Time": 10275.947,"Actual Rows": 16,"Actual Loops": 4,"Inner Unique": false,"Workers": [],"Plans": [{"Node Type": "Hash Join","Parent Relationship": "Outer","Parallel Aware": false,"Async Capable": false,"Join Type": "Inner","Startup Cost": 210537.26,"Total Cost": 242741.13,"Plan Rows": 38308,"Plan Width": 24,"Actual Startup Time": 10104.052,"Actual Total Time": 10275.739,"Actual Rows": 2,"Actual Loops": 4,"Inner Unique": true,"Hash Cond": "(orders.o_orderkey = lineitem_1.l_orderkey)","Workers": [],"Plans": [{"Node Type": "Seq Scan","Parent Relationship": "Outer","Parallel Aware": true,"Async Capable": false,"Relation Name": "orders","Alias": "orders","Startup Cost": 0.00,"Total Cost": 30933.71,"Plan Rows": 483871,"Plan Width": 20,"Actual Startup Time": 0.007,"Actual Total Time": 53.689,"Actual Rows": 375000,"Actual Loops": 4,"Workers": []},{"Node Type": "Hash","Parent Relationship": "Inner","Parallel Aware": false,"Async Capable": false,"Startup Cost": 209052.81,"Total Cost": 209052.81,"Plan Rows": 118756,"Plan Width": 4,"Actual Startup Time": 10025.157,"Actual Total Time": 10025.166,"Actual Rows": 9,"Actual Loops": 4,"Hash Buckets": 131072,"Original Hash Buckets": 131072,"Hash Batches": 1,"Original Hash Batches": 1,"Peak Memory Usage": 1025,"Workers": [],"Plans": [{"Node Type": "Aggregate","Strategy": "Hashed","Partial Mode": "Simple","Parent Relationship": "Outer","Parallel Aware": false,"Async Capable": false,"Startup Cost": 202521.23,"Total Cost": 207865.25,"Plan Rows": 118756,"Plan Width": 4,"Actual Startup Time": 6285.839,"Actual Total Time": 10024.981,"Actual Rows": 9,"Actual Loops": 4,"Group Key": ["lineitem_1.l_orderkey"],"Filter": "(sum(lineitem_1.l_quantity) > '314'::numeric)","Planned Partitions": 0,"HashAgg Batches": 1,"Peak Memory Usage": 638993,"Disk Usage": 0,"Rows Removed by Filter": 1499991,"Workers": [{"Worker Number": 0,"HashAgg Batches": 1,"Peak Memory Usage": 638993,"Disk Usage": 0},{"Worker Number": 1,"HashAgg Batches": 1,"Peak Memory Usage": 638993,"Disk Usage": 0},{"Worker Number": 2,"HashAgg Batches": 1,"Peak Memory Usage": 638993,"Disk Usage": 0}],"Plans": [{"Node Type": "Seq Scan","Parent Relationship": "Outer","Parallel Aware": false,"Async Capable": false,"Relation Name": "lineitem","Alias": "lineitem_1","Startup Cost": 0.00,"Total Cost": 172515.15,"Plan Rows": 6001215,"Plan Width": 9,"Actual Startup Time": 0.019,"Actual Total Time": 931.752,"Actual Rows": 6001215,"Actual Loops": 4,"Workers": []}]}]}]},{"Node Type": "Index Scan","Parent Relationship": "Inner","Parallel Aware": false,"Async Capable": false,"Scan Direction": "Forward","Index Name": "idx_lineitem_orderkey","Relation Name": "lineitem","Alias": "lineitem","Startup Cost": 0.43,"Total Cost": 1.06,"Plan Rows": 17,"Plan Width": 9,"Actual Startup Time": 0.055,"Actual Total Time": 0.062,"Actual Rows": 7,"Actual Loops": 9,"Index Cond": "(l_orderkey = orders.o_orderkey)","Rows Removed by Index Recheck": 0,"Workers": []}]},{"Node Type": "Hash","Parent Relationship": "Inner","Parallel Aware": true,"Async Capable": false,"Startup Cost": 4210.00,"Total Cost": 4210.00,"Plan Rows": 62500,"Plan Width": 23,"Actual Startup Time": 36.172,"Actual Total Time": 36.190,"Actual Rows": 37500,"Actual Loops": 4,"Hash Buckets": 262144,"Original Hash Buckets": 262144,"Hash Batches": 1,"Original Hash Batches": 1,"Peak Memory Usage": 10336,"Workers": [],"Plans": [{"Node Type": "Seq Scan","Parent Relationship": "Outer","Parallel Aware": true,"Async Capable": false,"Relation Name": "customer","Alias": "customer","Startup Cost": 0.00,"Total Cost": 4210.00,"Plan Rows": 62500,"Plan Width": 23,"Actual Startup Time": 0.024,"Actual Total Time": 17.933,"Actual Rows": 37500,"Actual Loops": 4,"Workers": []}]}]}]}]}]},"Planning Time": 6.881,"Triggers": [],"Execution Time": 10893.482}]
[{"Plan": {"Node Type": "Sort","Parallel Aware": false,"Async Capable": false,"Startup Cost": 397889.21,"Total Cost": 399077.01,"Plan Rows": 475120,"Plan Width": 71,"Actual Startup Time": 10345.847,"Actual Total Time": 10377.998,"Actual Rows": 9,"Actual Loops": 1,"Sort Key": ["orders.o_totalprice DESC", "orders.o_orderdate"],"Sort Method": "quicksort","Sort Space Used": 25,"Sort Space Type": "Memory","Plans": [{"Node Type": "Aggregate","Strategy": "Hashed","Partial Mode": "Simple","Parent Relationship": "Outer","Parallel Aware": false,"Async Capable": false,"Startup Cost": 347151.30,"Total Cost": 353090.30,"Plan Rows": 475120,"Plan Width": 71,"Actual Startup Time": 10329.232,"Actual Total Time": 10377.856,"Actual Rows": 9,"Actual Loops": 1,"Group Key": ["customer.c_custkey", "orders.o_orderkey"],"Planned Partitions": 0,"HashAgg Batches": 1,"Peak Memory Usage": 24601,"Disk Usage": 0,"Plans": [{"Node Type": "Gather","Parent Relationship": "Outer","Parallel Aware": false,"Async Capable": false,"Startup Cost": 216528.94,"Total Cost": 343587.90,"Plan Rows": 475120,"Plan Width": 44,"Actual Startup Time": 10053.961,"Actual Total Time": 10357.615,"Actual Rows": 63,"Actual Loops": 1,"Workers Planned": 3,"Workers Launched": 3,"Single Copy": false,"Plans": [{"Node Type": "Hash Join","Parent Relationship": "Outer","Parallel Aware": true,"Async Capable": false,"Join Type": "Inner","Startup Cost": 215528.94,"Total Cost": 295075.90,"Plan Rows": 153265,"Plan Width": 44,"Actual Startup Time": 10157.696,"Actual Total Time": 10258.651,"Actual Rows": 16,"Actual Loops": 4,"Inner Unique": true,"Hash Cond": "(orders.o_custkey = customer.c_custkey)","Workers": [],"Plans": [{"Node Type": "Nested Loop","Parent Relationship": "Outer","Parallel Aware": false,"Async Capable": false,"Join Type": "Inner","Startup Cost": 210537.69,"Total Cost": 289682.32,"Plan Rows": 153265,"Plan Width": 25,"Actual Startup Time": 10123.332,"Actual Total Time": 10224.239,"Actual Rows": 16,"Actual Loops": 4,"Inner Unique": false,"Workers": [],"Plans": [{"Node Type": "Hash Join","Parent Relationship": "Outer","Parallel Aware": false,"Async Capable": false,"Join Type": "Inner","Startup Cost": 210537.26,"Total Cost": 242741.13,"Plan Rows": 38308,"Plan Width": 24,"Actual Startup Time": 10123.186,"Actual Total Time": 10223.998,"Actual Rows": 2,"Actual Loops": 4,"Inner Unique": true,"Hash Cond": "(orders.o_orderkey = lineitem_1.l_orderkey)","Workers": [],"Plans": [{"Node Type": "Seq Scan","Parent Relationship": "Outer","Parallel Aware": true,"Async Capable": false,"Relation Name": "orders","Alias": "orders","Startup Cost": 0.00,"Total Cost": 30933.71,"Plan Rows": 483871,"Plan Width": 20,"Actual Startup Time": 0.011,"Actual Total Time": 49.852,"Actual Rows": 375000,"Actual Loops": 4,"Workers": []},{"Node Type": "Hash","Parent Relationship": "Inner","Parallel Aware": false,"Async Capable": false,"Startup Cost": 209052.81,"Total Cost": 209052.81,"Plan Rows": 118756,"Plan Width": 4,"Actual Startup Time": 10005.666,"Actual Total Time": 10005.673,"Actual Rows": 9,"Actual Loops": 4,"Hash Buckets": 131072,"Original Hash Buckets": 131072,"Hash Batches": 1,"Original Hash Batches": 1,"Peak Memory Usage": 1025,"Workers": [],"Plans": [{"Node Type": "Aggregate","Strategy": "Hashed","Partial Mode": "Simple","Parent Relationship": "Outer","Parallel Aware": false,"Async Capable": false,"Startup Cost": 202521.23,"Total Cost": 207865.25,"Plan Rows": 118756,"Plan Width": 4,"Actual Startup Time": 6310.010,"Actual Total Time": 10005.543,"Actual Rows": 9,"Actual Loops": 4,"Group Key": ["lineitem_1.l_orderkey"],"Filter": "(sum(lineitem_1.l_quantity) > '313'::numeric)","Planned Partitions": 0,"HashAgg Batches": 1,"Peak Memory Usage": 638993,"Disk Usage": 0,"Rows Removed by Filter": 1499991,"Workers": [{"Worker Number": 0,"HashAgg Batches": 1,"Peak Memory Usage": 638993,"Disk Usage": 0},{"Worker Number": 1,"HashAgg Batches": 1,"Peak Memory Usage": 638993,"Disk Usage": 0},{"Worker Number": 2,"HashAgg Batches": 1,"Peak Memory Usage": 638993,"Disk Usage": 0}],"Plans": [{"Node Type": "Seq Scan","Parent Relationship": "Outer","Parallel Aware": false,"Async Capable": false,"Relation Name": "lineitem","Alias": "lineitem_1","Startup Cost": 0.00,"Total Cost": 172515.15,"Plan Rows": 6001215,"Plan Width": 9,"Actual Startup Time": 0.020,"Actual Total Time": 994.479,"Actual Rows": 6001215,"Actual Loops": 4,"Workers": []}]}]}]},{"Node Type": "Index Scan","Parent Relationship": "Inner","Parallel Aware": false,"Async Capable": false,"Scan Direction": "Forward","Index Name": "idx_lineitem_orderkey","Relation Name": "lineitem","Alias": "lineitem","Startup Cost": 0.43,"Total Cost": 1.06,"Plan Rows": 17,"Plan Width": 9,"Actual Startup Time": 0.068,"Actual Total Time": 0.075,"Actual Rows": 7,"Actual Loops": 9,"Index Cond": "(l_orderkey = orders.o_orderkey)","Rows Removed by Index Recheck": 0,"Workers": []}]},{"Node Type": "Hash","Parent Relationship": "Inner","Parallel Aware": true,"Async Capable": false,"Startup Cost": 4210.00,"Total Cost": 4210.00,"Plan Rows": 62500,"Plan Width": 23,"Actual Startup Time": 33.578,"Actual Total Time": 33.582,"Actual Rows": 37500,"Actual Loops": 4,"Hash Buckets": 262144,"Original Hash Buckets": 262144,"Hash Batches": 1,"Original Hash Batches": 1,"Peak Memory Usage": 10336,"Workers": [],"Plans": [{"Node Type": "Seq Scan","Parent Relationship": "Outer","Parallel Aware": true,"Async Capable": false,"Relation Name": "customer","Alias": "customer","Startup Cost": 0.00,"Total Cost": 4210.00,"Plan Rows": 62500,"Plan Width": 23,"Actual Startup Time": 0.023,"Actual Total Time": 16.777,"Actual Rows": 37500,"Actual Loops": 4,"Workers": []}]}]}]}]}]},"Planning Time": 6.662,"Triggers": [],"Execution Time": 10430.266}]
[{"Plan": {"Node Type": "Sort","Parallel Aware": false,"Async Capable": false,"Startup Cost": 397889.21,"Total Cost": 399077.01,"Plan Rows": 475120,"Plan Width": 71,"Actual Startup Time": 10950.105,"Actual Total Time": 10953.954,"Actual Rows": 9,"Actual Loops": 1,"Sort Key": ["orders.o_totalprice DESC", "orders.o_orderdate"],"Sort Method": "quicksort","Sort Space Used": 25,"Sort Space Type": "Memory","Plans": [{"Node Type": "Aggregate","Strategy": "Hashed","Partial Mode": "Simple","Parent Relationship": "Outer","Parallel Aware": false,"Async Capable": false,"Startup Cost": 347151.30,"Total Cost": 353090.30,"Plan Rows": 475120,"Plan Width": 71,"Actual Startup Time": 10902.471,"Actual Total Time": 10953.715,"Actual Rows": 9,"Actual Loops": 1,"Group Key": ["customer.c_custkey", "orders.o_orderkey"],"Planned Partitions": 0,"HashAgg Batches": 1,"Peak Memory Usage": 24601,"Disk Usage": 0,"Plans": [{"Node Type": "Gather","Parent Relationship": "Outer","Parallel Aware": false,"Async Capable": false,"Startup Cost": 216528.94,"Total Cost": 343587.90,"Plan Rows": 475120,"Plan Width": 44,"Actual Startup Time": 10893.800,"Actual Total Time": 10897.693,"Actual Rows": 63,"Actual Loops": 1,"Workers Planned": 3,"Workers Launched": 3,"Single Copy": false,"Plans": [{"Node Type": "Hash Join","Parent Relationship": "Outer","Parallel Aware": true,"Async Capable": false,"Join Type": "Inner","Startup Cost": 215528.94,"Total Cost": 295075.90,"Plan Rows": 153265,"Plan Width": 44,"Actual Startup Time": 10134.253,"Actual Total Time": 10314.794,"Actual Rows": 16,"Actual Loops": 4,"Inner Unique": true,"Hash Cond": "(orders.o_custkey = customer.c_custkey)","Workers": [],"Plans": [{"Node Type": "Nested Loop","Parent Relationship": "Outer","Parallel Aware": false,"Async Capable": false,"Join Type": "Inner","Startup Cost": 210537.69,"Total Cost": 289682.32,"Plan Rows": 153265,"Plan Width": 25,"Actual Startup Time": 10099.687,"Actual Total Time": 10280.153,"Actual Rows": 16,"Actual Loops": 4,"Inner Unique": false,"Workers": [],"Plans": [{"Node Type": "Hash Join","Parent Relationship": "Outer","Parallel Aware": false,"Async Capable": false,"Join Type": "Inner","Startup Cost": 210537.26,"Total Cost": 242741.13,"Plan Rows": 38308,"Plan Width": 24,"Actual Startup Time": 10099.575,"Actual Total Time": 10279.892,"Actual Rows": 2,"Actual Loops": 4,"Inner Unique": true,"Hash Cond": "(orders.o_orderkey = lineitem_1.l_orderkey)","Workers": [],"Plans": [{"Node Type": "Seq Scan","Parent Relationship": "Outer","Parallel Aware": true,"Async Capable": false,"Relation Name": "orders","Alias": "orders","Startup Cost": 0.00,"Total Cost": 30933.71,"Plan Rows": 483871,"Plan Width": 20,"Actual Startup Time": 0.011,"Actual Total Time": 51.627,"Actual Rows": 375000,"Actual Loops": 4,"Workers": []},{"Node Type": "Hash","Parent Relationship": "Inner","Parallel Aware": false,"Async Capable": false,"Startup Cost": 209052.81,"Total Cost": 209052.81,"Plan Rows": 118756,"Plan Width": 4,"Actual Startup Time": 10016.825,"Actual Total Time": 10016.839,"Actual Rows": 9,"Actual Loops": 4,"Hash Buckets": 131072,"Original Hash Buckets": 131072,"Hash Batches": 1,"Original Hash Batches": 1,"Peak Memory Usage": 1025,"Workers": [],"Plans": [{"Node Type": "Aggregate","Strategy": "Hashed","Partial Mode": "Simple","Parent Relationship": "Outer","Parallel Aware": false,"Async Capable": false,"Startup Cost": 202521.23,"Total Cost": 207865.25,"Plan Rows": 118756,"Plan Width": 4,"Actual Startup Time": 6319.140,"Actual Total Time": 10016.671,"Actual Rows": 9,"Actual Loops": 4,"Group Key": ["lineitem_1.l_orderkey"],"Filter": "(sum(lineitem_1.l_quantity) > '315'::numeric)","Planned Partitions": 0,"HashAgg Batches": 1,"Peak Memory Usage": 638993,"Disk Usage": 0,"Rows Removed by Filter": 1499991,"Workers": [{"Worker Number": 0,"HashAgg Batches": 1,"Peak Memory Usage": 638993,"Disk Usage": 0},{"Worker Number": 1,"HashAgg Batches": 1,"Peak Memory Usage": 638993,"Disk Usage": 0},{"Worker Number": 2,"HashAgg Batches": 1,"Peak Memory Usage": 638993,"Disk Usage": 0}],"Plans": [{"Node Type": "Seq Scan","Parent Relationship": "Outer","Parallel Aware": false,"Async Capable": false,"Relation Name": "lineitem","Alias": "lineitem_1","Startup Cost": 0.00,"Total Cost": 172515.15,"Plan Rows": 6001215,"Plan Width": 9,"Actual Startup Time": 0.018,"Actual Total Time": 971.843,"Actual Rows": 6001215,"Actual Loops": 4,"Workers": []}]}]}]},{"Node Type": "Index Scan","Parent Relationship": "Inner","Parallel Aware": false,"Async Capable": false,"Scan Direction": "Forward","Index Name": "idx_lineitem_orderkey","Relation Name": "lineitem","Alias": "lineitem","Startup Cost": 0.43,"Total Cost": 1.06,"Plan Rows": 17,"Plan Width": 9,"Actual Startup Time": 0.069,"Actual Total Time": 0.079,"Actual Rows": 7,"Actual Loops": 9,"Index Cond": "(l_orderkey = orders.o_orderkey)","Rows Removed by Index Recheck": 0,"Workers": []}]},{"Node Type": "Hash","Parent Relationship": "Inner","Parallel Aware": true,"Async Capable": false,"Startup Cost": 4210.00,"Total Cost": 4210.00,"Plan Rows": 62500,"Plan Width": 23,"Actual Startup Time": 33.677,"Actual Total Time": 33.684,"Actual Rows": 37500,"Actual Loops": 4,"Hash Buckets": 262144,"Original Hash Buckets": 262144,"Hash Batches": 1,"Original Hash Batches": 1,"Peak Memory Usage": 10368,"Workers": [],"Plans": [{"Node Type": "Seq Scan","Parent Relationship": "Outer","Parallel Aware": true,"Async Capable": false,"Relation Name": "customer","Alias": "customer","Startup Cost": 0.00,"Total Cost": 4210.00,"Plan Rows": 62500,"Plan Width": 23,"Actual Startup Time": 0.019,"Actual Total Time": 16.715,"Actual Rows": 37500,"Actual Loops": 4,"Workers": []}]}]}]}]}]},"Planning Time": 6.132,"Triggers": [],"Execution Time": 11002.531}]
[{"Plan": {"Node Type": "Sort","Parallel Aware": false,"Async Capable": false,"Startup Cost": 397889.21,"Total Cost": 399077.01,"Plan Rows": 475120,"Plan Width": 71,"Actual Startup Time": 10345.847,"Actual Total Time": 10377.998,"Actual Rows": 9,"Actual Loops": 1,"Sort Key": ["orders.o_totalprice DESC", "orders.o_orderdate"],"Sort Method": "quicksort","Sort Space Used": 25,"Sort Space Type": "Memory","Plans": [{"Node Type": "Aggregate","Strategy": "Hashed","Partial Mode": "Simple","Parent Relationship": "Outer","Parallel Aware": false,"Async Capable": false,"Startup Cost": 347151.30,"Total Cost": 353090.30,"Plan Rows": 475120,"Plan Width": 71,"Actual Startup Time": 10329.232,"Actual Total Time": 10377.856,"Actual Rows": 9,"Actual Loops": 1,"Group Key": ["customer.c_custkey", "orders.o_orderkey"],"Planned Partitions": 0,"HashAgg Batches": 1,"Peak Memory Usage": 24601,"Disk Usage": 0,"Plans": [{"Node Type": "Gather","Parent Relationship": "Outer","Parallel Aware": false,"Async Capable": false,"Startup Cost": 216528.94,"Total Cost": 343587.90,"Plan Rows": 475120,"Plan Width": 44,"Actual Startup Time": 10053.961,"Actual Total Time": 10357.615,"Actual Rows": 63,"Actual Loops": 1,"Workers Planned": 3,"Workers Launched": 3,"Single Copy": false,"Plans": [{"Node Type": "Hash Join","Parent Relationship": "Outer","Parallel Aware": true,"Async Capable": false,"Join Type": "Inner","Startup Cost": 215528.94,"Total Cost": 295075.90,"Plan Rows": 153265,"Plan Width": 44,"Actual Startup Time": 10157.696,"Actual Total Time": 10258.651,"Actual Rows": 16,"Actual Loops": 4,"Inner Unique": true,"Hash Cond": "(orders.o_custkey = customer.c_custkey)","Workers": [],"Plans": [{"Node Type": "Nested Loop","Parent Relationship": "Outer","Parallel Aware": false,"Async Capable": false,"Join Type": "Inner","Startup Cost": 210537.69,"Total Cost": 289682.32,"Plan Rows": 153265,"Plan Width": 25,"Actual Startup Time": 10123.332,"Actual Total Time": 10224.239,"Actual Rows": 16,"Actual Loops": 4,"Inner Unique": false,"Workers": [],"Plans": [{"Node Type": "Hash Join","Parent Relationship": "Outer","Parallel Aware": false,"Async Capable": false,"Join Type": "Inner","Startup Cost": 210537.26,"Total Cost": 242741.13,"Plan Rows": 38308,"Plan Width": 24,"Actual Startup Time": 10123.186,"Actual Total Time": 10223.998,"Actual Rows": 2,"Actual Loops": 4,"Inner Unique": true,"Hash Cond": "(orders.o_orderkey = lineitem_1.l_orderkey)","Workers": [],"Plans": [{"Node Type": "Seq Scan","Parent Relationship": "Outer","Parallel Aware": true,"Async Capable": false,"Relation Name": "orders","Alias": "orders","Startup Cost": 0.00,"Total Cost": 30933.71,"Plan Rows": 483871,"Plan Width": 20,"Actual Startup Time": 0.011,"Actual Total Time": 49.852,"Actual Rows": 375000,"Actual Loops": 4,"Workers": []},{"Node Type": "Hash","Parent Relationship": "Inner","Parallel Aware": false,"Async Capable": false,"Startup Cost": 209052.81,"Total Cost": 209052.81,"Plan Rows": 118756,"Plan Width": 4,"Actual Startup Time": 10005.666,"Actual Total Time": 10005.673,"Actual Rows": 9,"Actual Loops": 4,"Hash Buckets": 131072,"Original Hash Buckets": 131072,"Hash Batches": 1,"Original Hash Batches": 1,"Peak Memory Usage": 1025,"Workers": [],"Plans": [{"Node Type": "Aggregate","Strategy": "Hashed","Partial Mode": "Simple","Parent Relationship": "Outer","Parallel Aware": false,"Async Capable": false,"Startup Cost": 202521.23,"Total Cost": 207865.25,"Plan Rows": 118756,"Plan Width": 4,"Actual Startup Time": 6310.010,"Actual Total Time": 10005.543,"Actual Rows": 9,"Actual Loops": 4,"Group Key": ["lineitem_1.l_orderkey"],"Filter": "(sum(lineitem_1.l_quantity) > '313'::numeric)","Planned Partitions": 0,"HashAgg Batches": 1,"Peak Memory Usage": 638993,"Disk Usage": 0,"Rows Removed by Filter": 1499991,"Workers": [{"Worker Number": 0,"HashAgg Batches": 1,"Peak Memory Usage": 638993,"Disk Usage": 0},{"Worker Number": 1,"HashAgg Batches": 1,"Peak Memory Usage": 638993,"Disk Usage": 0},{"Worker Number": 2,"HashAgg Batches": 1,"Peak Memory Usage": 638993,"Disk Usage": 0}],"Plans": [{"Node Type": "Seq Scan","Parent Relationship": "Outer","Parallel Aware": false,"Async Capable": false,"Relation Name": "lineitem","Alias": "lineitem_1","Startup Cost": 0.00,"Total Cost": 172515.15,"Plan Rows": 6001215,"Plan Width": 9,"Actual Startup Time": 0.020,"Actual Total Time": 994.479,"Actual Rows": 6001215,"Actual Loops": 4,"Workers": []}]}]}]},{"Node Type": "Index Scan","Parent Relationship": "Inner","Parallel Aware": false,"Async Capable": false,"Scan Direction": "Forward","Index Name": "idx_lineitem_orderkey","Relation Name": "lineitem","Alias": "lineitem","Startup Cost": 0.43,"Total Cost": 1.06,"Plan Rows": 17,"Plan Width": 9,"Actual Startup Time": 0.068,"Actual Total Time": 0.075,"Actual Rows": 7,"Actual Loops": 9,"Index Cond": "(l_orderkey = orders.o_orderkey)","Rows Removed by Index Recheck": 0,"Workers": []}]},{"Node Type": "Hash","Parent Relationship": "Inner","Parallel Aware": true,"Async Capable": false,"Startup Cost": 4210.00,"Total Cost": 4210.00,"Plan Rows": 62500,"Plan Width": 23,"Actual Startup Time": 33.578,"Actual Total Time": 33.582,"Actual Rows": 37500,"Actual Loops": 4,"Hash Buckets": 262144,"Original Hash Buckets": 262144,"Hash Batches": 1,"Original Hash Batches": 1,"Peak Memory Usage": 10336,"Workers": [],"Plans": [{"Node Type": "Seq Scan","Parent Relationship": "Outer","Parallel Aware": true,"Async Capable": false,"Relation Name": "customer","Alias": "customer","Startup Cost": 0.00,"Total Cost": 4210.00,"Plan Rows": 62500,"Plan Width": 23,"Actual Startup Time": 0.023,"Actual Total Time": 16.777,"Actual Rows": 37500,"Actual Loops": 4,"Workers": []}]}]}]}]}]},"Planning Time": 6.662,"Triggers": [],"Execution Time": 10430.266}]
[{"Plan": {"Node Type": "Sort","Parallel Aware": false,"Async Capable": false,"Startup Cost": 397889.21,"Total Cost": 399077.01,"Plan Rows": 475120,"Plan Width": 71,"Actual Startup Time": 10345.847,"Actual Total Time": 10377.998,"Actual Rows": 9,"Actual Loops": 1,"Sort Key": ["orders.o_totalprice DESC", "orders.o_orderdate"],"Sort Method": "quicksort","Sort Space Used": 25,"Sort Space Type": "Memory","Plans": [{"Node Type": "Aggregate","Strategy": "Hashed","Partial Mode": "Simple","Parent Relationship": "Outer","Parallel Aware": false,"Async Capable": false,"Startup Cost": 347151.30,"Total Cost": 353090.30,"Plan Rows": 475120,"Plan Width": 71,"Actual Startup Time": 10329.232,"Actual Total Time": 10377.856,"Actual Rows": 9,"Actual Loops": 1,"Group Key": ["customer.c_custkey", "orders.o_orderkey"],"Planned Partitions": 0,"HashAgg Batches": 1,"Peak Memory Usage": 24601,"Disk Usage": 0,"Plans": [{"Node Type": "Gather","Parent Relationship": "Outer","Parallel Aware": false,"Async Capable": false,"Startup Cost": 216528.94,"Total Cost": 343587.90,"Plan Rows": 475120,"Plan Width": 44,"Actual Startup Time": 10053.961,"Actual Total Time": 10357.615,"Actual Rows": 63,"Actual Loops": 1,"Workers Planned": 3,"Workers Launched": 3,"Single Copy": false,"Plans": [{"Node Type": "Hash Join","Parent Relationship": "Outer","Parallel Aware": true,"Async Capable": false,"Join Type": "Inner","Startup Cost": 215528.94,"Total Cost": 295075.90,"Plan Rows": 153265,"Plan Width": 44,"Actual Startup Time": 10157.696,"Actual Total Time": 10258.651,"Actual Rows": 16,"Actual Loops": 4,"Inner Unique": true,"Hash Cond": "(orders.o_custkey = customer.c_custkey)","Workers": [],"Plans": [{"Node Type": "Nested Loop","Parent Relationship": "Outer","Parallel Aware": false,"Async Capable": false,"Join Type": "Inner","Startup Cost": 210537.69,"Total Cost": 289682.32,"Plan Rows": 153265,"Plan Width": 25,"Actual Startup Time": 10123.332,"Actual Total Time": 10224.239,"Actual Rows": 16,"Actual Loops": 4,"Inner Unique": false,"Workers": [],"Plans": [{"Node Type": "Hash Join","Parent Relationship": "Outer","Parallel Aware": false,"Async Capable": false,"Join Type": "Inner","Startup Cost": 210537.26,"Total Cost": 242741.13,"Plan Rows": 38308,"Plan Width": 24,"Actual Startup Time": 10123.186,"Actual Total Time": 10223.998,"Actual Rows": 2,"Actual Loops": 4,"Inner Unique": true,"Hash Cond": "(orders.o_orderkey = lineitem_1.l_orderkey)","Workers": [],"Plans": [{"Node Type": "Seq Scan","Parent Relationship": "Outer","Parallel Aware": true,"Async Capable": false,"Relation Name": "orders","Alias": "orders","Startup Cost": 0.00,"Total Cost": 30933.71,"Plan Rows": 483871,"Plan Width": 20,"Actual Startup Time": 0.011,"Actual Total Time": 49.852,"Actual Rows": 375000,"Actual Loops": 4,"Workers": []},{"Node Type": "Hash","Parent Relationship": "Inner","Parallel Aware": false,"Async Capable": false,"Startup Cost": 209052.81,"Total Cost": 209052.81,"Plan Rows": 118756,"Plan Width": 4,"Actual Startup Time": 10005.666,"Actual Total Time": 10005.673,"Actual Rows": 9,"Actual Loops": 4,"Hash Buckets": 131072,"Original Hash Buckets": 131072,"Hash Batches": 1,"Original Hash Batches": 1,"Peak Memory Usage": 1025,"Workers": [],"Plans": [{"Node Type": "Aggregate","Strategy": "Hashed","Partial Mode": "Simple","Parent Relationship": "Outer","Parallel Aware": false,"Async Capable": false,"Startup Cost": 202521.23,"Total Cost": 207865.25,"Plan Rows": 118756,"Plan Width": 4,"Actual Startup Time": 6310.010,"Actual Total Time": 10005.543,"Actual Rows": 9,"Actual Loops": 4,"Group Key": ["lineitem_1.l_orderkey"],"Filter": "(sum(lineitem_1.l_quantity) > '313'::numeric)","Planned Partitions": 0,"HashAgg Batches": 1,"Peak Memory Usage": 638993,"Disk Usage": 0,"Rows Removed by Filter": 1499991,"Workers": [{"Worker Number": 0,"HashAgg Batches": 1,"Peak Memory Usage": 638993,"Disk Usage": 0},{"Worker Number": 1,"HashAgg Batches": 1,"Peak Memory Usage": 638993,"Disk Usage": 0},{"Worker Number": 2,"HashAgg Batches": 1,"Peak Memory Usage": 638993,"Disk Usage": 0}],"Plans": [{"Node Type": "Seq Scan","Parent Relationship": "Outer","Parallel Aware": false,"Async Capable": false,"Relation Name": "lineitem","Alias": "lineitem_1","Startup Cost": 0.00,"Total Cost": 172515.15,"Plan Rows": 6001215,"Plan Width": 9,"Actual Startup Time": 0.020,"Actual Total Time": 994.479,"Actual Rows": 6001215,"Actual Loops": 4,"Workers": []}]}]}]},{"Node Type": "Index Scan","Parent Relationship": "Inner","Parallel Aware": false,"Async Capable": false,"Scan Direction": "Forward","Index Name": "idx_lineitem_orderkey","Relation Name": "lineitem","Alias": "lineitem","Startup Cost": 0.43,"Total Cost": 1.06,"Plan Rows": 17,"Plan Width": 9,"Actual Startup Time": 0.068,"Actual Total Time": 0.075,"Actual Rows": 7,"Actual Loops": 9,"Index Cond": "(l_orderkey = orders.o_orderkey)","Rows Removed by Index Recheck": 0,"Workers": []}]},{"Node Type": "Hash","Parent Relationship": "Inner","Parallel Aware": true,"Async Capable": false,"Startup Cost": 4210.00,"Total Cost": 4210.00,"Plan Rows": 62500,"Plan Width": 23,"Actual Startup Time": 33.578,"Actual Total Time": 33.582,"Actual Rows": 37500,"Actual Loops": 4,"Hash Buckets": 262144,"Original Hash Buckets": 262144,"Hash Batches": 1,"Original Hash Batches": 1,"Peak Memory Usage": 10336,"Workers": [],"Plans": [{"Node Type": "Seq Scan","Parent Relationship": "Outer","Parallel Aware": true,"Async Capable": false,"Relation Name": "customer","Alias": "customer","Startup Cost": 0.00,"Total Cost": 4210.00,"Plan Rows": 62500,"Plan Width": 23,"Actual Startup Time": 0.023,"Actual Total Time": 16.777,"Actual Rows": 37500,"Actual Loops": 4,"Workers": []}]}]}]}]}]},"Planning Time": 6.662,"Triggers": [],"Execution Time": 10430.266}]
[{"Plan": {"Node Type": "Sort","Parallel Aware": false,"Async Capable": false,"Startup Cost": 397889.21,"Total Cost": 399077.01,"Plan Rows": 475120,"Plan Width": 71,"Actual Startup Time": 10785.011,"Actual Total Time": 10839.032,"Actual Rows": 9,"Actual Loops": 1,"Sort Key": ["orders.o_totalprice DESC", "orders.o_orderdate"],"Sort Method": "quicksort","Sort Space Used": 25,"Sort Space Type": "Memory","Plans": [{"Node Type": "Aggregate","Strategy": "Hashed","Partial Mode": "Simple","Parent Relationship": "Outer","Parallel Aware": false,"Async Capable": false,"Startup Cost": 347151.30,"Total Cost": 353090.30,"Plan Rows": 475120,"Plan Width": 71,"Actual Startup Time": 10763.855,"Actual Total Time": 10838.848,"Actual Rows": 9,"Actual Loops": 1,"Group Key": ["customer.c_custkey", "orders.o_orderkey"],"Planned Partitions": 0,"HashAgg Batches": 1,"Peak Memory Usage": 24601,"Disk Usage": 0,"Plans": [{"Node Type": "Gather","Parent Relationship": "Outer","Parallel Aware": false,"Async Capable": false,"Startup Cost": 216528.94,"Total Cost": 343587.90,"Plan Rows": 475120,"Plan Width": 44,"Actual Startup Time": 9674.071,"Actual Total Time": 10813.470,"Actual Rows": 63,"Actual Loops": 1,"Workers Planned": 3,"Workers Launched": 3,"Single Copy": false,"Plans": [{"Node Type": "Hash Join","Parent Relationship": "Outer","Parallel Aware": true,"Async Capable": false,"Join Type": "Inner","Startup Cost": 215528.94,"Total Cost": 295075.90,"Plan Rows": 153265,"Plan Width": 44,"Actual Startup Time": 10141.072,"Actual Total Time": 10312.965,"Actual Rows": 16,"Actual Loops": 4,"Inner Unique": true,"Hash Cond": "(orders.o_custkey = customer.c_custkey)","Workers": [],"Plans": [{"Node Type": "Nested Loop","Parent Relationship": "Outer","Parallel Aware": false,"Async Capable": false,"Join Type": "Inner","Startup Cost": 210537.69,"Total Cost": 289682.32,"Plan Rows": 153265,"Plan Width": 25,"Actual Startup Time": 10104.129,"Actual Total Time": 10275.947,"Actual Rows": 16,"Actual Loops": 4,"Inner Unique": false,"Workers": [],"Plans": [{"Node Type": "Hash Join","Parent Relationship": "Outer","Parallel Aware": false,"Async Capable": false,"Join Type": "Inner","Startup Cost": 210537.26,"Total Cost": 242741.13,"Plan Rows": 38308,"Plan Width": 24,"Actual Startup Time": 10104.052,"Actual Total Time": 10275.739,"Actual Rows": 2,"Actual Loops": 4,"Inner Unique": true,"Hash Cond": "(orders.o_orderkey = lineitem_1.l_orderkey)","Workers": [],"Plans": [{"Node Type": "Seq Scan","Parent Relationship": "Outer","Parallel Aware": true,"Async Capable": false,"Relation Name": "orders","Alias": "orders","Startup Cost": 0.00,"Total Cost": 30933.71,"Plan Rows": 483871,"Plan Width": 20,"Actual Startup Time": 0.007,"Actual Total Time": 53.689,"Actual Rows": 375000,"Actual Loops": 4,"Workers": []},{"Node Type": "Hash","Parent Relationship": "Inner","Parallel Aware": false,"Async Capable": false,"Startup Cost": 209052.81,"Total Cost": 209052.81,"Plan Rows": 118756,"Plan Width": 4,"Actual Startup Time": 10025.157,"Actual Total Time": 10025.166,"Actual Rows": 9,"Actual Loops": 4,"Hash Buckets": 131072,"Original Hash Buckets": 131072,"Hash Batches": 1,"Original Hash Batches": 1,"Peak Memory Usage": 1025,"Workers": [],"Plans": [{"Node Type": "Aggregate","Strategy": "Hashed","Partial Mode": "Simple","Parent Relationship": "Outer","Parallel Aware": false,"Async Capable": false,"Startup Cost": 202521.23,"Total Cost": 207865.25,"Plan Rows": 118756,"Plan Width": 4,"Actual Startup Time": 6285.839,"Actual Total Time": 10024.981,"Actual Rows": 9,"Actual Loops": 4,"Group Key": ["lineitem_1.l_orderkey"],"Filter": "(sum(lineitem_1.l_quantity) > '314'::numeric)","Planned Partitions": 0,"HashAgg Batches": 1,"Peak Memory Usage": 638993,"Disk Usage": 0,"Rows Removed by Filter": 1499991,"Workers": [{"Worker Number": 0,"HashAgg Batches": 1,"Peak Memory Usage": 638993,"Disk Usage": 0},{"Worker Number": 1,"HashAgg Batches": 1,"Peak Memory Usage": 638993,"Disk Usage": 0},{"Worker Number": 2,"HashAgg Batches": 1,"Peak Memory Usage": 638993,"Disk Usage": 0}],"Plans": [{"Node Type": "Seq Scan","Parent Relationship": "Outer","Parallel Aware": false,"Async Capable": false,"Relation Name": "lineitem","Alias": "lineitem_1","Startup Cost": 0.00,"Total Cost": 172515.15,"Plan Rows": 6001215,"Plan Width": 9,"Actual Startup Time": 0.019,"Actual Total Time": 931.752,"Actual Rows": 6001215,"Actual Loops": 4,"Workers": []}]}]}]},{"Node Type": "Index Scan","Parent Relationship": "Inner","Parallel Aware": false,"Async Capable": false,"Scan Direction": "Forward","Index Name": "idx_lineitem_orderkey","Relation Name": "lineitem","Alias": "lineitem","Startup Cost": 0.43,"Total Cost": 1.06,"Plan Rows": 17,"Plan Width": 9,"Actual Startup Time": 0.055,"Actual Total Time": 0.062,"Actual Rows": 7,"Actual Loops": 9,"Index Cond": "(l_orderkey = orders.o_orderkey)","Rows Removed by Index Recheck": 0,"Workers": []}]},{"Node Type": "Hash","Parent Relationship": "Inner","Parallel Aware": true,"Async Capable": false,"Startup Cost": 4210.00,"Total Cost": 4210.00,"Plan Rows": 62500,"Plan Width": 23,"Actual Startup Time": 36.172,"Actual Total Time": 36.190,"Actual Rows": 37500,"Actual Loops": 4,"Hash Buckets": 262144,"Original Hash Buckets": 262144,"Hash Batches": 1,"Original Hash Batches": 1,"Peak Memory Usage": 10336,"Workers": [],"Plans": [{"Node Type": "Seq Scan","Parent Relationship": "Outer","Parallel Aware": true,"Async Capable": false,"Relation Name": "customer","Alias": "customer","Startup Cost": 0.00,"Total Cost": 4210.00,"Plan Rows": 62500,"Plan Width": 23,"Actual Startup Time": 0.024,"Actual Total Time": 17.933,"Actual Rows": 37500,"Actual Loops": 4,"Workers": []}]}]}]}]}]},"Planning Time": 6.881,"Triggers": [],"Execution Time": 10893.482}]
[{"Plan": {"Node Type": "Sort","Parallel Aware": false,"Async Capable": false,"Startup Cost": 397889.21,"Total Cost": 399077.01,"Plan Rows": 475120,"Plan Width": 71,"Actual Startup Time": 10345.847,"Actual Total Time": 10377.998,"Actual Rows": 9,"Actual Loops": 1,"Sort Key": ["orders.o_totalprice DESC", "orders.o_orderdate"],"Sort Method": "quicksort","Sort Space Used": 25,"Sort Space Type": "Memory","Plans": [{"Node Type": "Aggregate","Strategy": "Hashed","Partial Mode": "Simple","Parent Relationship": "Outer","Parallel Aware": false,"Async Capable": false,"Startup Cost": 347151.30,"Total Cost": 353090.30,"Plan Rows": 475120,"Plan Width": 71,"Actual Startup Time": 10329.232,"Actual Total Time": 10377.856,"Actual Rows": 9,"Actual Loops": 1,"Group Key": ["customer.c_custkey", "orders.o_orderkey"],"Planned Partitions": 0,"HashAgg Batches": 1,"Peak Memory Usage": 24601,"Disk Usage": 0,"Plans": [{"Node Type": "Gather","Parent Relationship": "Outer","Parallel Aware": false,"Async Capable": false,"Startup Cost": 216528.94,"Total Cost": 343587.90,"Plan Rows": 475120,"Plan Width": 44,"Actual Startup Time": 10053.961,"Actual Total Time": 10357.615,"Actual Rows": 63,"Actual Loops": 1,"Workers Planned": 3,"Workers Launched": 3,"Single Copy": false,"Plans": [{"Node Type": "Hash Join","Parent Relationship": "Outer","Parallel Aware": true,"Async Capable": false,"Join Type": "Inner","Startup Cost": 215528.94,"Total Cost": 295075.90,"Plan Rows": 153265,"Plan Width": 44,"Actual Startup Time": 10157.696,"Actual Total Time": 10258.651,"Actual Rows": 16,"Actual Loops": 4,"Inner Unique": true,"Hash Cond": "(orders.o_custkey = customer.c_custkey)","Workers": [],"Plans": [{"Node Type": "Nested Loop","Parent Relationship": "Outer","Parallel Aware": false,"Async Capable": false,"Join Type": "Inner","Startup Cost": 210537.69,"Total Cost": 289682.32,"Plan Rows": 153265,"Plan Width": 25,"Actual Startup Time": 10123.332,"Actual Total Time": 10224.239,"Actual Rows": 16,"Actual Loops": 4,"Inner Unique": false,"Workers": [],"Plans": [{"Node Type": "Hash Join","Parent Relationship": "Outer","Parallel Aware": false,"Async Capable": false,"Join Type": "Inner","Startup Cost": 210537.26,"Total Cost": 242741.13,"Plan Rows": 38308,"Plan Width": 24,"Actual Startup Time": 10123.186,"Actual Total Time": 10223.998,"Actual Rows": 2,"Actual Loops": 4,"Inner Unique": true,"Hash Cond": "(orders.o_orderkey = lineitem_1.l_orderkey)","Workers": [],"Plans": [{"Node Type": "Seq Scan","Parent Relationship": "Outer","Parallel Aware": true,"Async Capable": false,"Relation Name": "orders","Alias": "orders","Startup Cost": 0.00,"Total Cost": 30933.71,"Plan Rows": 483871,"Plan Width": 20,"Actual Startup Time": 0.011,"Actual Total Time": 49.852,"Actual Rows": 375000,"Actual Loops": 4,"Workers": []},{"Node Type": "Hash","Parent Relationship": "Inner","Parallel Aware": false,"Async Capable": false,"Startup Cost": 209052.81,"Total Cost": 209052.81,"Plan Rows": 118756,"Plan Width": 4,"Actual Startup Time": 10005.666,"Actual Total Time": 10005.673,"Actual Rows": 9,"Actual Loops": 4,"Hash Buckets": 131072,"Original Hash Buckets": 131072,"Hash Batches": 1,"Original Hash Batches": 1,"Peak Memory Usage": 1025,"Workers": [],"Plans": [{"Node Type": "Aggregate","Strategy": "Hashed","Partial Mode": "Simple","Parent Relationship": "Outer","Parallel Aware": false,"Async Capable": false,"Startup Cost": 202521.23,"Total Cost": 207865.25,"Plan Rows": 118756,"Plan Width": 4,"Actual Startup Time": 6310.010,"Actual Total Time": 10005.543,"Actual Rows": 9,"Actual Loops": 4,"Group Key": ["lineitem_1.l_orderkey"],"Filter": "(sum(lineitem_1.l_quantity) > '313'::numeric)","Planned Partitions": 0,"HashAgg Batches": 1,"Peak Memory Usage": 638993,"Disk Usage": 0,"Rows Removed by Filter": 1499991,"Workers": [{"Worker Number": 0,"HashAgg Batches": 1,"Peak Memory Usage": 638993,"Disk Usage": 0},{"Worker Number": 1,"HashAgg Batches": 1,"Peak Memory Usage": 638993,"Disk Usage": 0},{"Worker Number": 2,"HashAgg Batches": 1,"Peak Memory Usage": 638993,"Disk Usage": 0}],"Plans": [{"Node Type": "Seq Scan","Parent Relationship": "Outer","Parallel Aware": false,"Async Capable": false,"Relation Name": "lineitem","Alias": "lineitem_1","Startup Cost": 0.00,"Total Cost": 172515.15,"Plan Rows": 6001215,"Plan Width": 9,"Actual Startup Time": 0.020,"Actual Total Time": 994.479,"Actual Rows": 6001215,"Actual Loops": 4,"Workers": []}]}]}]},{"Node Type": "Index Scan","Parent Relationship": "Inner","Parallel Aware": false,"Async Capable": false,"Scan Direction": "Forward","Index Name": "idx_lineitem_orderkey","Relation Name": "lineitem","Alias": "lineitem","Startup Cost": 0.43,"Total Cost": 1.06,"Plan Rows": 17,"Plan Width": 9,"Actual Startup Time": 0.068,"Actual Total Time": 0.075,"Actual Rows": 7,"Actual Loops": 9,"Index Cond": "(l_orderkey = orders.o_orderkey)","Rows Removed by Index Recheck": 0,"Workers": []}]},{"Node Type": "Hash","Parent Relationship": "Inner","Parallel Aware": true,"Async Capable": false,"Startup Cost": 4210.00,"Total Cost": 4210.00,"Plan Rows": 62500,"Plan Width": 23,"Actual Startup Time": 33.578,"Actual Total Time": 33.582,"Actual Rows": 37500,"Actual Loops": 4,"Hash Buckets": 262144,"Original Hash Buckets": 262144,"Hash Batches": 1,"Original Hash Batches": 1,"Peak Memory Usage": 10336,"Workers": [],"Plans": [{"Node Type": "Seq Scan","Parent Relationship": "Outer","Parallel Aware": true,"Async Capable": false,"Relation Name": "customer","Alias": "customer","Startup Cost": 0.00,"Total Cost": 4210.00,"Plan Rows": 62500,"Plan Width": 23,"Actual Startup Time": 0.023,"Actual Total Time": 16.777,"Actual Rows": 37500,"Actual Loops": 4,"Workers": []}]}]}]}]}]},"Planning Time": 6.662,"Triggers": [],"Execution Time": 10430.266}]
[{"Plan": {"Node Type": "Sort","Parallel Aware": false,"Async Capable": false,"Startup Cost": 397889.21,"Total Cost": 399077.01,"Plan Rows": 475120,"Plan Width": 71,"Actual Startup Time": 10950.105,"Actual Total Time": 10953.954,"Actual Rows": 9,"Actual Loops": 1,"Sort Key": ["orders.o_totalprice DESC", "orders.o_orderdate"],"Sort Method": "quicksort","Sort Space Used": 25,"Sort Space Type": "Memory","Plans": [{"Node Type": "Aggregate","Strategy": "Hashed","Partial Mode": "Simple","Parent Relationship": "Outer","Parallel Aware": false,"Async Capable": false,"Startup Cost": 347151.30,"Total Cost": 353090.30,"Plan Rows": 475120,"Plan Width": 71,"Actual Startup Time": 10902.471,"Actual Total Time": 10953.715,"Actual Rows": 9,"Actual Loops": 1,"Group Key": ["customer.c_custkey", "orders.o_orderkey"],"Planned Partitions": 0,"HashAgg Batches": 1,"Peak Memory Usage": 24601,"Disk Usage": 0,"Plans": [{"Node Type": "Gather","Parent Relationship": "Outer","Parallel Aware": false,"Async Capable": false,"Startup Cost": 216528.94,"Total Cost": 343587.90,"Plan Rows": 475120,"Plan Width": 44,"Actual Startup Time": 10893.800,"Actual Total Time": 10897.693,"Actual Rows": 63,"Actual Loops": 1,"Workers Planned": 3,"Workers Launched": 3,"Single Copy": false,"Plans": [{"Node Type": "Hash Join","Parent Relationship": "Outer","Parallel Aware": true,"Async Capable": false,"Join Type": "Inner","Startup Cost": 215528.94,"Total Cost": 295075.90,"Plan Rows": 153265,"Plan Width": 44,"Actual Startup Time": 10134.253,"Actual Total Time": 10314.794,"Actual Rows": 16,"Actual Loops": 4,"Inner Unique": true,"Hash Cond": "(orders.o_custkey = customer.c_custkey)","Workers": [],"Plans": [{"Node Type": "Nested Loop","Parent Relationship": "Outer","Parallel Aware": false,"Async Capable": false,"Join Type": "Inner","Startup Cost": 210537.69,"Total Cost": 289682.32,"Plan Rows": 153265,"Plan Width": 25,"Actual Startup Time": 10099.687,"Actual Total Time": 10280.153,"Actual Rows": 16,"Actual Loops": 4,"Inner Unique": false,"Workers": [],"Plans": [{"Node Type": "Hash Join","Parent Relationship": "Outer","Parallel Aware": false,"Async Capable": false,"Join Type": "Inner","Startup Cost": 210537.26,"Total Cost": 242741.13,"Plan Rows": 38308,"Plan Width": 24,"Actual Startup Time": 10099.575,"Actual Total Time": 10279.892,"Actual Rows": 2,"Actual Loops": 4,"Inner Unique": true,"Hash Cond": "(orders.o_orderkey = lineitem_1.l_orderkey)","Workers": [],"Plans": [{"Node Type": "Seq Scan","Parent Relationship": "Outer","Parallel Aware": true,"Async Capable": false,"Relation Name": "orders","Alias": "orders","Startup Cost": 0.00,"Total Cost": 30933.71,"Plan Rows": 483871,"Plan Width": 20,"Actual Startup Time": 0.011,"Actual Total Time": 51.627,"Actual Rows": 375000,"Actual Loops": 4,"Workers": []},{"Node Type": "Hash","Parent Relationship": "Inner","Parallel Aware": false,"Async Capable": false,"Startup Cost": 209052.81,"Total Cost": 209052.81,"Plan Rows": 118756,"Plan Width": 4,"Actual Startup Time": 10016.825,"Actual Total Time": 10016.839,"Actual Rows": 9,"Actual Loops": 4,"Hash Buckets": 131072,"Original Hash Buckets": 131072,"Hash Batches": 1,"Original Hash Batches": 1,"Peak Memory Usage": 1025,"Workers": [],"Plans": [{"Node Type": "Aggregate","Strategy": "Hashed","Partial Mode": "Simple","Parent Relationship": "Outer","Parallel Aware": false,"Async Capable": false,"Startup Cost": 202521.23,"Total Cost": 207865.25,"Plan Rows": 118756,"Plan Width": 4,"Actual Startup Time": 6319.140,"Actual Total Time": 10016.671,"Actual Rows": 9,"Actual Loops": 4,"Group Key": ["lineitem_1.l_orderkey"],"Filter": "(sum(lineitem_1.l_quantity) > '315'::numeric)","Planned Partitions": 0,"HashAgg Batches": 1,"Peak Memory Usage": 638993,"Disk Usage": 0,"Rows Removed by Filter": 1499991,"Workers": [{"Worker Number": 0,"HashAgg Batches": 1,"Peak Memory Usage": 638993,"Disk Usage": 0},{"Worker Number": 1,"HashAgg Batches": 1,"Peak Memory Usage": 638993,"Disk Usage": 0},{"Worker Number": 2,"HashAgg Batches": 1,"Peak Memory Usage": 638993,"Disk Usage": 0}],"Plans": [{"Node Type": "Seq Scan","Parent Relationship": "Outer","Parallel Aware": false,"Async Capable": false,"Relation Name": "lineitem","Alias": "lineitem_1","Startup Cost": 0.00,"Total Cost": 172515.15,"Plan Rows": 6001215,"Plan Width": 9,"Actual Startup Time": 0.018,"Actual Total Time": 971.843,"Actual Rows": 6001215,"Actual Loops": 4,"Workers": []}]}]}]},{"Node Type": "Index Scan","Parent Relationship": "Inner","Parallel Aware": false,"Async Capable": false,"Scan Direction": "Forward","Index Name": "idx_lineitem_orderkey","Relation Name": "lineitem","Alias": "lineitem","Startup Cost": 0.43,"Total Cost": 1.06,"Plan Rows": 17,"Plan Width": 9,"Actual Startup Time": 0.069,"Actual Total Time": 0.079,"Actual Rows": 7,"Actual Loops": 9,"Index Cond": "(l_orderkey = orders.o_orderkey)","Rows Removed by Index Recheck": 0,"Workers": []}]},{"Node Type": "Hash","Parent Relationship": "Inner","Parallel Aware": true,"Async Capable": false,"Startup Cost": 4210.00,"Total Cost": 4210.00,"Plan Rows": 62500,"Plan Width": 23,"Actual Startup Time": 33.677,"Actual Total Time": 33.684,"Actual Rows": 37500,"Actual Loops": 4,"Hash Buckets": 262144,"Original Hash Buckets": 262144,"Hash Batches": 1,"Original Hash Batches": 1,"Peak Memory Usage": 10368,"Workers": [],"Plans": [{"Node Type": "Seq Scan","Parent Relationship": "Outer","Parallel Aware": true,"Async Capable": false,"Relation Name": "customer","Alias": "customer","Startup Cost": 0.00,"Total Cost": 4210.00,"Plan Rows": 62500,"Plan Width": 23,"Actual Startup Time": 0.019,"Actual Total Time": 16.715,"Actual Rows": 37500,"Actual Loops": 4,"Workers": []}]}]}]}]}]},"Planning Time": 6.132,"Triggers": [],"Execution Time": 11002.531}]
[{"Plan": {"Node Type": "Sort","Parallel Aware": false,"Async Capable": false,"Startup Cost": 397889.21,"Total Cost": 399077.01,"Plan Rows": 475120,"Plan Width": 71,"Actual Startup Time": 10887.509,"Actual Total Time": 10908.132,"Actual Rows": 10,"Actual Loops": 1,"Sort Key": ["orders.o_totalprice DESC", "orders.o_orderdate"],"Sort Method": "quicksort","Sort Space Used": 25,"Sort Space Type": "Memory","Plans": [{"Node Type": "Aggregate","Strategy": "Hashed","Partial Mode": "Simple","Parent Relationship": "Outer","Parallel Aware": false,"Async Capable": false,"Startup Cost": 347151.30,"Total Cost": 353090.30,"Plan Rows": 475120,"Plan Width": 71,"Actual Startup Time": 10848.812,"Actual Total Time": 10907.941,"Actual Rows": 10,"Actual Loops": 1,"Group Key": ["customer.c_custkey", "orders.o_orderkey"],"Planned Partitions": 0,"HashAgg Batches": 1,"Peak Memory Usage": 24601,"Disk Usage": 0,"Plans": [{"Node Type": "Gather","Parent Relationship": "Outer","Parallel Aware": false,"Async Capable": false,"Startup Cost": 216528.94,"Total Cost": 343587.90,"Plan Rows": 475120,"Plan Width": 44,"Actual Startup Time": 10782.037,"Actual Total Time": 10858.151,"Actual Rows": 70,"Actual Loops": 1,"Workers Planned": 3,"Workers Launched": 3,"Single Copy": false,"Plans": [{"Node Type": "Hash Join","Parent Relationship": "Outer","Parallel Aware": true,"Async Capable": false,"Join Type": "Inner","Startup Cost": 215528.94,"Total Cost": 295075.90,"Plan Rows": 153265,"Plan Width": 44,"Actual Startup Time": 10180.765,"Actual Total Time": 10348.312,"Actual Rows": 18,"Actual Loops": 4,"Inner Unique": true,"Hash Cond": "(orders.o_custkey = customer.c_custkey)","Workers": [],"Plans": [{"Node Type": "Nested Loop","Parent Relationship": "Outer","Parallel Aware": false,"Async Capable": false,"Join Type": "Inner","Startup Cost": 210537.69,"Total Cost": 289682.32,"Plan Rows": 153265,"Plan Width": 25,"Actual Startup Time": 10142.809,"Actual Total Time": 10310.270,"Actual Rows": 18,"Actual Loops": 4,"Inner Unique": false,"Workers": [],"Plans": [{"Node Type": "Hash Join","Parent Relationship": "Outer","Parallel Aware": false,"Async Capable": false,"Join Type": "Inner","Startup Cost": 210537.26,"Total Cost": 242741.13,"Plan Rows": 38308,"Plan Width": 24,"Actual Startup Time": 10142.670,"Actual Total Time": 10309.991,"Actual Rows": 2,"Actual Loops": 4,"Inner Unique": true,"Hash Cond": "(orders.o_orderkey = lineitem_1.l_orderkey)","Workers": [],"Plans": [{"Node Type": "Seq Scan","Parent Relationship": "Outer","Parallel Aware": true,"Async Capable": false,"Relation Name": "orders","Alias": "orders","Startup Cost": 0.00,"Total Cost": 30933.71,"Plan Rows": 483871,"Plan Width": 20,"Actual Startup Time": 0.009,"Actual Total Time": 49.040,"Actual Rows": 375000,"Actual Loops": 4,"Workers": []},{"Node Type": "Hash","Parent Relationship": "Inner","Parallel Aware": false,"Async Capable": false,"Startup Cost": 209052.81,"Total Cost": 209052.81,"Plan Rows": 118756,"Plan Width": 4,"Actual Startup Time": 10075.163,"Actual Total Time": 10075.176,"Actual Rows": 10,"Actual Loops": 4,"Hash Buckets": 131072,"Original Hash Buckets": 131072,"Hash Batches": 1,"Original Hash Batches": 1,"Peak Memory Usage": 1025,"Workers": [],"Plans": [{"Node Type": "Aggregate","Strategy": "Hashed","Partial Mode": "Simple","Parent Relationship": "Outer","Parallel Aware": false,"Async Capable": false,"Startup Cost": 202521.23,"Total Cost": 207865.25,"Plan Rows": 118756,"Plan Width": 4,"Actual Startup Time": 6293.151,"Actual Total Time": 10074.968,"Actual Rows": 10,"Actual Loops": 4,"Group Key": ["lineitem_1.l_orderkey"],"Filter": "(sum(lineitem_1.l_quantity) > '312'::numeric)","Planned Partitions": 0,"HashAgg Batches": 1,"Peak Memory Usage": 638993,"Disk Usage": 0,"Rows Removed by Filter": 1499990,"Workers": [{"Worker Number": 0,"HashAgg Batches": 1,"Peak Memory Usage": 638993,"Disk Usage": 0},{"Worker Number": 1,"HashAgg Batches": 1,"Peak Memory Usage": 638993,"Disk Usage": 0},{"Worker Number": 2,"HashAgg Batches": 1,"Peak Memory Usage": 638993,"Disk Usage": 0}],"Plans": [{"Node Type": "Seq Scan","Parent Relationship": "Outer","Parallel Aware": false,"Async Capable": false,"Relation Name": "lineitem","Alias": "lineitem_1","Startup Cost": 0.00,"Total Cost": 172515.15,"Plan Rows": 6001215,"Plan Width": 9,"Actual Startup Time": 0.021,"Actual Total Time": 960.546,"Actual Rows": 6001215,"Actual Loops": 4,"Workers": []}]}]}]},{"Node Type": "Index Scan","Parent Relationship": "Inner","Parallel Aware": false,"Async Capable": false,"Scan Direction": "Forward","Index Name": "idx_lineitem_orderkey","Relation Name": "lineitem","Alias": "lineitem","Startup Cost": 0.43,"Total Cost": 1.06,"Plan Rows": 17,"Plan Width": 9,"Actual Startup Time": 0.072,"Actual Total Time": 0.079,"Actual Rows": 7,"Actual Loops": 10,"Index Cond": "(l_orderkey = orders.o_orderkey)","Rows Removed by Index Recheck": 0,"Workers": []}]},{"Node Type": "Hash","Parent Relationship": "Inner","Parallel Aware": true,"Async Capable": false,"Startup Cost": 4210.00,"Total Cost": 4210.00,"Plan Rows": 62500,"Plan Width": 23,"Actual Startup Time": 37.105,"Actual Total Time": 37.114,"Actual Rows": 37500,"Actual Loops": 4,"Hash Buckets": 262144,"Original Hash Buckets": 262144,"Hash Batches": 1,"Original Hash Batches": 1,"Peak Memory Usage": 10368,"Workers": [],"Plans": [{"Node Type": "Seq Scan","Parent Relationship": "Outer","Parallel Aware": true,"Async Capable": false,"Relation Name": "customer","Alias": "customer","Startup Cost": 0.00,"Total Cost": 4210.00,"Plan Rows": 62500,"Plan Width": 23,"Actual Startup Time": 0.025,"Actual Total Time": 19.726,"Actual Rows": 37500,"Actual Loops": 4,"Workers": []}]}]}]}]}]},"Planning Time": 6.715,"Triggers": [],"Execution Time": 10961.817}]
[{"Plan": {"Node Type": "Sort","Parallel Aware": false,"Async Capable": false,"Startup Cost": 397889.21,"Total Cost": 399077.01,"Plan Rows": 475120,"Plan Width": 71,"Actual Startup Time": 10887.509,"Actual Total Time": 10908.132,"Actual Rows": 10,"Actual Loops": 1,"Sort Key": ["orders.o_totalprice DESC", "orders.o_orderdate"],"Sort Method": "quicksort","Sort Space Used": 25,"Sort Space Type": "Memory","Plans": [{"Node Type": "Aggregate","Strategy": "Hashed","Partial Mode": "Simple","Parent Relationship": "Outer","Parallel Aware": false,"Async Capable": false,"Startup Cost": 347151.30,"Total Cost": 353090.30,"Plan Rows": 475120,"Plan Width": 71,"Actual Startup Time": 10848.812,"Actual Total Time": 10907.941,"Actual Rows": 10,"Actual Loops": 1,"Group Key": ["customer.c_custkey", "orders.o_orderkey"],"Planned Partitions": 0,"HashAgg Batches": 1,"Peak Memory Usage": 24601,"Disk Usage": 0,"Plans": [{"Node Type": "Gather","Parent Relationship": "Outer","Parallel Aware": false,"Async Capable": false,"Startup Cost": 216528.94,"Total Cost": 343587.90,"Plan Rows": 475120,"Plan Width": 44,"Actual Startup Time": 10782.037,"Actual Total Time": 10858.151,"Actual Rows": 70,"Actual Loops": 1,"Workers Planned": 3,"Workers Launched": 3,"Single Copy": false,"Plans": [{"Node Type": "Hash Join","Parent Relationship": "Outer","Parallel Aware": true,"Async Capable": false,"Join Type": "Inner","Startup Cost": 215528.94,"Total Cost": 295075.90,"Plan Rows": 153265,"Plan Width": 44,"Actual Startup Time": 10180.765,"Actual Total Time": 10348.312,"Actual Rows": 18,"Actual Loops": 4,"Inner Unique": true,"Hash Cond": "(orders.o_custkey = customer.c_custkey)","Workers": [],"Plans": [{"Node Type": "Nested Loop","Parent Relationship": "Outer","Parallel Aware": false,"Async Capable": false,"Join Type": "Inner","Startup Cost": 210537.69,"Total Cost": 289682.32,"Plan Rows": 153265,"Plan Width": 25,"Actual Startup Time": 10142.809,"Actual Total Time": 10310.270,"Actual Rows": 18,"Actual Loops": 4,"Inner Unique": false,"Workers": [],"Plans": [{"Node Type": "Hash Join","Parent Relationship": "Outer","Parallel Aware": false,"Async Capable": false,"Join Type": "Inner","Startup Cost": 210537.26,"Total Cost": 242741.13,"Plan Rows": 38308,"Plan Width": 24,"Actual Startup Time": 10142.670,"Actual Total Time": 10309.991,"Actual Rows": 2,"Actual Loops": 4,"Inner Unique": true,"Hash Cond": "(orders.o_orderkey = lineitem_1.l_orderkey)","Workers": [],"Plans": [{"Node Type": "Seq Scan","Parent Relationship": "Outer","Parallel Aware": true,"Async Capable": false,"Relation Name": "orders","Alias": "orders","Startup Cost": 0.00,"Total Cost": 30933.71,"Plan Rows": 483871,"Plan Width": 20,"Actual Startup Time": 0.009,"Actual Total Time": 49.040,"Actual Rows": 375000,"Actual Loops": 4,"Workers": []},{"Node Type": "Hash","Parent Relationship": "Inner","Parallel Aware": false,"Async Capable": false,"Startup Cost": 209052.81,"Total Cost": 209052.81,"Plan Rows": 118756,"Plan Width": 4,"Actual Startup Time": 10075.163,"Actual Total Time": 10075.176,"Actual Rows": 10,"Actual Loops": 4,"Hash Buckets": 131072,"Original Hash Buckets": 131072,"Hash Batches": 1,"Original Hash Batches": 1,"Peak Memory Usage": 1025,"Workers": [],"Plans": [{"Node Type": "Aggregate","Strategy": "Hashed","Partial Mode": "Simple","Parent Relationship": "Outer","Parallel Aware": false,"Async Capable": false,"Startup Cost": 202521.23,"Total Cost": 207865.25,"Plan Rows": 118756,"Plan Width": 4,"Actual Startup Time": 6293.151,"Actual Total Time": 10074.968,"Actual Rows": 10,"Actual Loops": 4,"Group Key": ["lineitem_1.l_orderkey"],"Filter": "(sum(lineitem_1.l_quantity) > '312'::numeric)","Planned Partitions": 0,"HashAgg Batches": 1,"Peak Memory Usage": 638993,"Disk Usage": 0,"Rows Removed by Filter": 1499990,"Workers": [{"Worker Number": 0,"HashAgg Batches": 1,"Peak Memory Usage": 638993,"Disk Usage": 0},{"Worker Number": 1,"HashAgg Batches": 1,"Peak Memory Usage": 638993,"Disk Usage": 0},{"Worker Number": 2,"HashAgg Batches": 1,"Peak Memory Usage": 638993,"Disk Usage": 0}],"Plans": [{"Node Type": "Seq Scan","Parent Relationship": "Outer","Parallel Aware": false,"Async Capable": false,"Relation Name": "lineitem","Alias": "lineitem_1","Startup Cost": 0.00,"Total Cost": 172515.15,"Plan Rows": 6001215,"Plan Width": 9,"Actual Startup Time": 0.021,"Actual Total Time": 960.546,"Actual Rows": 6001215,"Actual Loops": 4,"Workers": []}]}]}]},{"Node Type": "Index Scan","Parent Relationship": "Inner","Parallel Aware": false,"Async Capable": false,"Scan Direction": "Forward","Index Name": "idx_lineitem_orderkey","Relation Name": "lineitem","Alias": "lineitem","Startup Cost": 0.43,"Total Cost": 1.06,"Plan Rows": 17,"Plan Width": 9,"Actual Startup Time": 0.072,"Actual Total Time": 0.079,"Actual Rows": 7,"Actual Loops": 10,"Index Cond": "(l_orderkey = orders.o_orderkey)","Rows Removed by Index Recheck": 0,"Workers": []}]},{"Node Type": "Hash","Parent Relationship": "Inner","Parallel Aware": true,"Async Capable": false,"Startup Cost": 4210.00,"Total Cost": 4210.00,"Plan Rows": 62500,"Plan Width": 23,"Actual Startup Time": 37.105,"Actual Total Time": 37.114,"Actual Rows": 37500,"Actual Loops": 4,"Hash Buckets": 262144,"Original Hash Buckets": 262144,"Hash Batches": 1,"Original Hash Batches": 1,"Peak Memory Usage": 10368,"Workers": [],"Plans": [{"Node Type": "Seq Scan","Parent Relationship": "Outer","Parallel Aware": true,"Async Capable": false,"Relation Name": "customer","Alias": "customer","Startup Cost": 0.00,"Total Cost": 4210.00,"Plan Rows": 62500,"Plan Width": 23,"Actual Startup Time": 0.025,"Actual Total Time": 19.726,"Actual Rows": 37500,"Actual Loops": 4,"Workers": []}]}]}]}]}]},"Planning Time": 6.715,"Triggers": [],"Execution Time": 10961.817}]
[{"Plan": {"Node Type": "Sort","Parallel Aware": false,"Async Capable": false,"Startup Cost": 397889.21,"Total Cost": 399077.01,"Plan Rows": 475120,"Plan Width": 71,"Actual Startup Time": 10950.105,"Actual Total Time": 10953.954,"Actual Rows": 9,"Actual Loops": 1,"Sort Key": ["orders.o_totalprice DESC", "orders.o_orderdate"],"Sort Method": "quicksort","Sort Space Used": 25,"Sort Space Type": "Memory","Plans": [{"Node Type": "Aggregate","Strategy": "Hashed","Partial Mode": "Simple","Parent Relationship": "Outer","Parallel Aware": false,"Async Capable": false,"Startup Cost": 347151.30,"Total Cost": 353090.30,"Plan Rows": 475120,"Plan Width": 71,"Actual Startup Time": 10902.471,"Actual Total Time": 10953.715,"Actual Rows": 9,"Actual Loops": 1,"Group Key": ["customer.c_custkey", "orders.o_orderkey"],"Planned Partitions": 0,"HashAgg Batches": 1,"Peak Memory Usage": 24601,"Disk Usage": 0,"Plans": [{"Node Type": "Gather","Parent Relationship": "Outer","Parallel Aware": false,"Async Capable": false,"Startup Cost": 216528.94,"Total Cost": 343587.90,"Plan Rows": 475120,"Plan Width": 44,"Actual Startup Time": 10893.800,"Actual Total Time": 10897.693,"Actual Rows": 63,"Actual Loops": 1,"Workers Planned": 3,"Workers Launched": 3,"Single Copy": false,"Plans": [{"Node Type": "Hash Join","Parent Relationship": "Outer","Parallel Aware": true,"Async Capable": false,"Join Type": "Inner","Startup Cost": 215528.94,"Total Cost": 295075.90,"Plan Rows": 153265,"Plan Width": 44,"Actual Startup Time": 10134.253,"Actual Total Time": 10314.794,"Actual Rows": 16,"Actual Loops": 4,"Inner Unique": true,"Hash Cond": "(orders.o_custkey = customer.c_custkey)","Workers": [],"Plans": [{"Node Type": "Nested Loop","Parent Relationship": "Outer","Parallel Aware": false,"Async Capable": false,"Join Type": "Inner","Startup Cost": 210537.69,"Total Cost": 289682.32,"Plan Rows": 153265,"Plan Width": 25,"Actual Startup Time": 10099.687,"Actual Total Time": 10280.153,"Actual Rows": 16,"Actual Loops": 4,"Inner Unique": false,"Workers": [],"Plans": [{"Node Type": "Hash Join","Parent Relationship": "Outer","Parallel Aware": false,"Async Capable": false,"Join Type": "Inner","Startup Cost": 210537.26,"Total Cost": 242741.13,"Plan Rows": 38308,"Plan Width": 24,"Actual Startup Time": 10099.575,"Actual Total Time": 10279.892,"Actual Rows": 2,"Actual Loops": 4,"Inner Unique": true,"Hash Cond": "(orders.o_orderkey = lineitem_1.l_orderkey)","Workers": [],"Plans": [{"Node Type": "Seq Scan","Parent Relationship": "Outer","Parallel Aware": true,"Async Capable": false,"Relation Name": "orders","Alias": "orders","Startup Cost": 0.00,"Total Cost": 30933.71,"Plan Rows": 483871,"Plan Width": 20,"Actual Startup Time": 0.011,"Actual Total Time": 51.627,"Actual Rows": 375000,"Actual Loops": 4,"Workers": []},{"Node Type": "Hash","Parent Relationship": "Inner","Parallel Aware": false,"Async Capable": false,"Startup Cost": 209052.81,"Total Cost": 209052.81,"Plan Rows": 118756,"Plan Width": 4,"Actual Startup Time": 10016.825,"Actual Total Time": 10016.839,"Actual Rows": 9,"Actual Loops": 4,"Hash Buckets": 131072,"Original Hash Buckets": 131072,"Hash Batches": 1,"Original Hash Batches": 1,"Peak Memory Usage": 1025,"Workers": [],"Plans": [{"Node Type": "Aggregate","Strategy": "Hashed","Partial Mode": "Simple","Parent Relationship": "Outer","Parallel Aware": false,"Async Capable": false,"Startup Cost": 202521.23,"Total Cost": 207865.25,"Plan Rows": 118756,"Plan Width": 4,"Actual Startup Time": 6319.140,"Actual Total Time": 10016.671,"Actual Rows": 9,"Actual Loops": 4,"Group Key": ["lineitem_1.l_orderkey"],"Filter": "(sum(lineitem_1.l_quantity) > '315'::numeric)","Planned Partitions": 0,"HashAgg Batches": 1,"Peak Memory Usage": 638993,"Disk Usage": 0,"Rows Removed by Filter": 1499991,"Workers": [{"Worker Number": 0,"HashAgg Batches": 1,"Peak Memory Usage": 638993,"Disk Usage": 0},{"Worker Number": 1,"HashAgg Batches": 1,"Peak Memory Usage": 638993,"Disk Usage": 0},{"Worker Number": 2,"HashAgg Batches": 1,"Peak Memory Usage": 638993,"Disk Usage": 0}],"Plans": [{"Node Type": "Seq Scan","Parent Relationship": "Outer","Parallel Aware": false,"Async Capable": false,"Relation Name": "lineitem","Alias": "lineitem_1","Startup Cost": 0.00,"Total Cost": 172515.15,"Plan Rows": 6001215,"Plan Width": 9,"Actual Startup Time": 0.018,"Actual Total Time": 971.843,"Actual Rows": 6001215,"Actual Loops": 4,"Workers": []}]}]}]},{"Node Type": "Index Scan","Parent Relationship": "Inner","Parallel Aware": false,"Async Capable": false,"Scan Direction": "Forward","Index Name": "idx_lineitem_orderkey","Relation Name": "lineitem","Alias": "lineitem","Startup Cost": 0.43,"Total Cost": 1.06,"Plan Rows": 17,"Plan Width": 9,"Actual Startup Time": 0.069,"Actual Total Time": 0.079,"Actual Rows": 7,"Actual Loops": 9,"Index Cond": "(l_orderkey = orders.o_orderkey)","Rows Removed by Index Recheck": 0,"Workers": []}]},{"Node Type": "Hash","Parent Relationship": "Inner","Parallel Aware": true,"Async Capable": false,"Startup Cost": 4210.00,"Total Cost": 4210.00,"Plan Rows": 62500,"Plan Width": 23,"Actual Startup Time": 33.677,"Actual Total Time": 33.684,"Actual Rows": 37500,"Actual Loops": 4,"Hash Buckets": 262144,"Original Hash Buckets": 262144,"Hash Batches": 1,"Original Hash Batches": 1,"Peak Memory Usage": 10368,"Workers": [],"Plans": [{"Node Type": "Seq Scan","Parent Relationship": "Outer","Parallel Aware": true,"Async Capable": false,"Relation Name": "customer","Alias": "customer","Startup Cost": 0.00,"Total Cost": 4210.00,"Plan Rows": 62500,"Plan Width": 23,"Actual Startup Time": 0.019,"Actual Total Time": 16.715,"Actual Rows": 37500,"Actual Loops": 4,"Workers": []}]}]}]}]}]},"Planning Time": 6.132,"Triggers": [],"Execution Time": 11002.531}]
[{"Plan": {"Node Type": "Sort","Parallel Aware": false,"Async Capable": false,"Startup Cost": 397889.21,"Total Cost": 399077.01,"Plan Rows": 475120,"Plan Width": 71,"Actual Startup Time": 10785.011,"Actual Total Time": 10839.032,"Actual Rows": 9,"Actual Loops": 1,"Sort Key": ["orders.o_totalprice DESC", "orders.o_orderdate"],"Sort Method": "quicksort","Sort Space Used": 25,"Sort Space Type": "Memory","Plans": [{"Node Type": "Aggregate","Strategy": "Hashed","Partial Mode": "Simple","Parent Relationship": "Outer","Parallel Aware": false,"Async Capable": false,"Startup Cost": 347151.30,"Total Cost": 353090.30,"Plan Rows": 475120,"Plan Width": 71,"Actual Startup Time": 10763.855,"Actual Total Time": 10838.848,"Actual Rows": 9,"Actual Loops": 1,"Group Key": ["customer.c_custkey", "orders.o_orderkey"],"Planned Partitions": 0,"HashAgg Batches": 1,"Peak Memory Usage": 24601,"Disk Usage": 0,"Plans": [{"Node Type": "Gather","Parent Relationship": "Outer","Parallel Aware": false,"Async Capable": false,"Startup Cost": 216528.94,"Total Cost": 343587.90,"Plan Rows": 475120,"Plan Width": 44,"Actual Startup Time": 9674.071,"Actual Total Time": 10813.470,"Actual Rows": 63,"Actual Loops": 1,"Workers Planned": 3,"Workers Launched": 3,"Single Copy": false,"Plans": [{"Node Type": "Hash Join","Parent Relationship": "Outer","Parallel Aware": true,"Async Capable": false,"Join Type": "Inner","Startup Cost": 215528.94,"Total Cost": 295075.90,"Plan Rows": 153265,"Plan Width": 44,"Actual Startup Time": 10141.072,"Actual Total Time": 10312.965,"Actual Rows": 16,"Actual Loops": 4,"Inner Unique": true,"Hash Cond": "(orders.o_custkey = customer.c_custkey)","Workers": [],"Plans": [{"Node Type": "Nested Loop","Parent Relationship": "Outer","Parallel Aware": false,"Async Capable": false,"Join Type": "Inner","Startup Cost": 210537.69,"Total Cost": 289682.32,"Plan Rows": 153265,"Plan Width": 25,"Actual Startup Time": 10104.129,"Actual Total Time": 10275.947,"Actual Rows": 16,"Actual Loops": 4,"Inner Unique": false,"Workers": [],"Plans": [{"Node Type": "Hash Join","Parent Relationship": "Outer","Parallel Aware": false,"Async Capable": false,"Join Type": "Inner","Startup Cost": 210537.26,"Total Cost": 242741.13,"Plan Rows": 38308,"Plan Width": 24,"Actual Startup Time": 10104.052,"Actual Total Time": 10275.739,"Actual Rows": 2,"Actual Loops": 4,"Inner Unique": true,"Hash Cond": "(orders.o_orderkey = lineitem_1.l_orderkey)","Workers": [],"Plans": [{"Node Type": "Seq Scan","Parent Relationship": "Outer","Parallel Aware": true,"Async Capable": false,"Relation Name": "orders","Alias": "orders","Startup Cost": 0.00,"Total Cost": 30933.71,"Plan Rows": 483871,"Plan Width": 20,"Actual Startup Time": 0.007,"Actual Total Time": 53.689,"Actual Rows": 375000,"Actual Loops": 4,"Workers": []},{"Node Type": "Hash","Parent Relationship": "Inner","Parallel Aware": false,"Async Capable": false,"Startup Cost": 209052.81,"Total Cost": 209052.81,"Plan Rows": 118756,"Plan Width": 4,"Actual Startup Time": 10025.157,"Actual Total Time": 10025.166,"Actual Rows": 9,"Actual Loops": 4,"Hash Buckets": 131072,"Original Hash Buckets": 131072,"Hash Batches": 1,"Original Hash Batches": 1,"Peak Memory Usage": 1025,"Workers": [],"Plans": [{"Node Type": "Aggregate","Strategy": "Hashed","Partial Mode": "Simple","Parent Relationship": "Outer","Parallel Aware": false,"Async Capable": false,"Startup Cost": 202521.23,"Total Cost": 207865.25,"Plan Rows": 118756,"Plan Width": 4,"Actual Startup Time": 6285.839,"Actual Total Time": 10024.981,"Actual Rows": 9,"Actual Loops": 4,"Group Key": ["lineitem_1.l_orderkey"],"Filter": "(sum(lineitem_1.l_quantity) > '314'::numeric)","Planned Partitions": 0,"HashAgg Batches": 1,"Peak Memory Usage": 638993,"Disk Usage": 0,"Rows Removed by Filter": 1499991,"Workers": [{"Worker Number": 0,"HashAgg Batches": 1,"Peak Memory Usage": 638993,"Disk Usage": 0},{"Worker Number": 1,"HashAgg Batches": 1,"Peak Memory Usage": 638993,"Disk Usage": 0},{"Worker Number": 2,"HashAgg Batches": 1,"Peak Memory Usage": 638993,"Disk Usage": 0}],"Plans": [{"Node Type": "Seq Scan","Parent Relationship": "Outer","Parallel Aware": false,"Async Capable": false,"Relation Name": "lineitem","Alias": "lineitem_1","Startup Cost": 0.00,"Total Cost": 172515.15,"Plan Rows": 6001215,"Plan Width": 9,"Actual Startup Time": 0.019,"Actual Total Time": 931.752,"Actual Rows": 6001215,"Actual Loops": 4,"Workers": []}]}]}]},{"Node Type": "Index Scan","Parent Relationship": "Inner","Parallel Aware": false,"Async Capable": false,"Scan Direction": "Forward","Index Name": "idx_lineitem_orderkey","Relation Name": "lineitem","Alias": "lineitem","Startup Cost": 0.43,"Total Cost": 1.06,"Plan Rows": 17,"Plan Width": 9,"Actual Startup Time": 0.055,"Actual Total Time": 0.062,"Actual Rows": 7,"Actual Loops": 9,"Index Cond": "(l_orderkey = orders.o_orderkey)","Rows Removed by Index Recheck": 0,"Workers": []}]},{"Node Type": "Hash","Parent Relationship": "Inner","Parallel Aware": true,"Async Capable": false,"Startup Cost": 4210.00,"Total Cost": 4210.00,"Plan Rows": 62500,"Plan Width": 23,"Actual Startup Time": 36.172,"Actual Total Time": 36.190,"Actual Rows": 37500,"Actual Loops": 4,"Hash Buckets": 262144,"Original Hash Buckets": 262144,"Hash Batches": 1,"Original Hash Batches": 1,"Peak Memory Usage": 10336,"Workers": [],"Plans": [{"Node Type": "Seq Scan","Parent Relationship": "Outer","Parallel Aware": true,"Async Capable": false,"Relation Name": "customer","Alias": "customer","Startup Cost": 0.00,"Total Cost": 4210.00,"Plan Rows": 62500,"Plan Width": 23,"Actual Startup Time": 0.024,"Actual Total Time": 17.933,"Actual Rows": 37500,"Actual Loops": 4,"Workers": []}]}]}]}]}]},"Planning Time": 6.881,"Triggers": [],"Execution Time": 10893.482}]
[{"Plan": {"Node Type": "Sort","Parallel Aware": false,"Async Capable": false,"Startup Cost": 397889.21,"Total Cost": 399077.01,"Plan Rows": 475120,"Plan Width": 71,"Actual Startup Time": 10950.105,"Actual Total Time": 10953.954,"Actual Rows": 9,"Actual Loops": 1,"Sort Key": ["orders.o_totalprice DESC", "orders.o_orderdate"],"Sort Method": "quicksort","Sort Space Used": 25,"Sort Space Type": "Memory","Plans": [{"Node Type": "Aggregate","Strategy": "Hashed","Partial Mode": "Simple","Parent Relationship": "Outer","Parallel Aware": false,"Async Capable": false,"Startup Cost": 347151.30,"Total Cost": 353090.30,"Plan Rows": 475120,"Plan Width": 71,"Actual Startup Time": 10902.471,"Actual Total Time": 10953.715,"Actual Rows": 9,"Actual Loops": 1,"Group Key": ["customer.c_custkey", "orders.o_orderkey"],"Planned Partitions": 0,"HashAgg Batches": 1,"Peak Memory Usage": 24601,"Disk Usage": 0,"Plans": [{"Node Type": "Gather","Parent Relationship": "Outer","Parallel Aware": false,"Async Capable": false,"Startup Cost": 216528.94,"Total Cost": 343587.90,"Plan Rows": 475120,"Plan Width": 44,"Actual Startup Time": 10893.800,"Actual Total Time": 10897.693,"Actual Rows": 63,"Actual Loops": 1,"Workers Planned": 3,"Workers Launched": 3,"Single Copy": false,"Plans": [{"Node Type": "Hash Join","Parent Relationship": "Outer","Parallel Aware": true,"Async Capable": false,"Join Type": "Inner","Startup Cost": 215528.94,"Total Cost": 295075.90,"Plan Rows": 153265,"Plan Width": 44,"Actual Startup Time": 10134.253,"Actual Total Time": 10314.794,"Actual Rows": 16,"Actual Loops": 4,"Inner Unique": true,"Hash Cond": "(orders.o_custkey = customer.c_custkey)","Workers": [],"Plans": [{"Node Type": "Nested Loop","Parent Relationship": "Outer","Parallel Aware": false,"Async Capable": false,"Join Type": "Inner","Startup Cost": 210537.69,"Total Cost": 289682.32,"Plan Rows": 153265,"Plan Width": 25,"Actual Startup Time": 10099.687,"Actual Total Time": 10280.153,"Actual Rows": 16,"Actual Loops": 4,"Inner Unique": false,"Workers": [],"Plans": [{"Node Type": "Hash Join","Parent Relationship": "Outer","Parallel Aware": false,"Async Capable": false,"Join Type": "Inner","Startup Cost": 210537.26,"Total Cost": 242741.13,"Plan Rows": 38308,"Plan Width": 24,"Actual Startup Time": 10099.575,"Actual Total Time": 10279.892,"Actual Rows": 2,"Actual Loops": 4,"Inner Unique": true,"Hash Cond": "(orders.o_orderkey = lineitem_1.l_orderkey)","Workers": [],"Plans": [{"Node Type": "Seq Scan","Parent Relationship": "Outer","Parallel Aware": true,"Async Capable": false,"Relation Name": "orders","Alias": "orders","Startup Cost": 0.00,"Total Cost": 30933.71,"Plan Rows": 483871,"Plan Width": 20,"Actual Startup Time": 0.011,"Actual Total Time": 51.627,"Actual Rows": 375000,"Actual Loops": 4,"Workers": []},{"Node Type": "Hash","Parent Relationship": "Inner","Parallel Aware": false,"Async Capable": false,"Startup Cost": 209052.81,"Total Cost": 209052.81,"Plan Rows": 118756,"Plan Width": 4,"Actual Startup Time": 10016.825,"Actual Total Time": 10016.839,"Actual Rows": 9,"Actual Loops": 4,"Hash Buckets": 131072,"Original Hash Buckets": 131072,"Hash Batches": 1,"Original Hash Batches": 1,"Peak Memory Usage": 1025,"Workers": [],"Plans": [{"Node Type": "Aggregate","Strategy": "Hashed","Partial Mode": "Simple","Parent Relationship": "Outer","Parallel Aware": false,"Async Capable": false,"Startup Cost": 202521.23,"Total Cost": 207865.25,"Plan Rows": 118756,"Plan Width": 4,"Actual Startup Time": 6319.140,"Actual Total Time": 10016.671,"Actual Rows": 9,"Actual Loops": 4,"Group Key": ["lineitem_1.l_orderkey"],"Filter": "(sum(lineitem_1.l_quantity) > '315'::numeric)","Planned Partitions": 0,"HashAgg Batches": 1,"Peak Memory Usage": 638993,"Disk Usage": 0,"Rows Removed by Filter": 1499991,"Workers": [{"Worker Number": 0,"HashAgg Batches": 1,"Peak Memory Usage": 638993,"Disk Usage": 0},{"Worker Number": 1,"HashAgg Batches": 1,"Peak Memory Usage": 638993,"Disk Usage": 0},{"Worker Number": 2,"HashAgg Batches": 1,"Peak Memory Usage": 638993,"Disk Usage": 0}],"Plans": [{"Node Type": "Seq Scan","Parent Relationship": "Outer","Parallel Aware": false,"Async Capable": false,"Relation Name": "lineitem","Alias": "lineitem_1","Startup Cost": 0.00,"Total Cost": 172515.15,"Plan Rows": 6001215,"Plan Width": 9,"Actual Startup Time": 0.018,"Actual Total Time": 971.843,"Actual Rows": 6001215,"Actual Loops": 4,"Workers": []}]}]}]},{"Node Type": "Index Scan","Parent Relationship": "Inner","Parallel Aware": false,"Async Capable": false,"Scan Direction": "Forward","Index Name": "idx_lineitem_orderkey","Relation Name": "lineitem","Alias": "lineitem","Startup Cost": 0.43,"Total Cost": 1.06,"Plan Rows": 17,"Plan Width": 9,"Actual Startup Time": 0.069,"Actual Total Time": 0.079,"Actual Rows": 7,"Actual Loops": 9,"Index Cond": "(l_orderkey = orders.o_orderkey)","Rows Removed by Index Recheck": 0,"Workers": []}]},{"Node Type": "Hash","Parent Relationship": "Inner","Parallel Aware": true,"Async Capable": false,"Startup Cost": 4210.00,"Total Cost": 4210.00,"Plan Rows": 62500,"Plan Width": 23,"Actual Startup Time": 33.677,"Actual Total Time": 33.684,"Actual Rows": 37500,"Actual Loops": 4,"Hash Buckets": 262144,"Original Hash Buckets": 262144,"Hash Batches": 1,"Original Hash Batches": 1,"Peak Memory Usage": 10368,"Workers": [],"Plans": [{"Node Type": "Seq Scan","Parent Relationship": "Outer","Parallel Aware": true,"Async Capable": false,"Relation Name": "customer","Alias": "customer","Startup Cost": 0.00,"Total Cost": 4210.00,"Plan Rows": 62500,"Plan Width": 23,"Actual Startup Time": 0.019,"Actual Total Time": 16.715,"Actual Rows": 37500,"Actual Loops": 4,"Workers": []}]}]}]}]}]},"Planning Time": 6.132,"Triggers": [],"Execution Time": 11002.531}]
[{"Plan": {"Node Type": "Sort","Parallel Aware": false,"Async Capable": false,"Startup Cost": 397889.21,"Total Cost": 399077.01,"Plan Rows": 475120,"Plan Width": 71,"Actual Startup Time": 10887.509,"Actual Total Time": 10908.132,"Actual Rows": 10,"Actual Loops": 1,"Sort Key": ["orders.o_totalprice DESC", "orders.o_orderdate"],"Sort Method": "quicksort","Sort Space Used": 25,"Sort Space Type": "Memory","Plans": [{"Node Type": "Aggregate","Strategy": "Hashed","Partial Mode": "Simple","Parent Relationship": "Outer","Parallel Aware": false,"Async Capable": false,"Startup Cost": 347151.30,"Total Cost": 353090.30,"Plan Rows": 475120,"Plan Width": 71,"Actual Startup Time": 10848.812,"Actual Total Time": 10907.941,"Actual Rows": 10,"Actual Loops": 1,"Group Key": ["customer.c_custkey", "orders.o_orderkey"],"Planned Partitions": 0,"HashAgg Batches": 1,"Peak Memory Usage": 24601,"Disk Usage": 0,"Plans": [{"Node Type": "Gather","Parent Relationship": "Outer","Parallel Aware": false,"Async Capable": false,"Startup Cost": 216528.94,"Total Cost": 343587.90,"Plan Rows": 475120,"Plan Width": 44,"Actual Startup Time": 10782.037,"Actual Total Time": 10858.151,"Actual Rows": 70,"Actual Loops": 1,"Workers Planned": 3,"Workers Launched": 3,"Single Copy": false,"Plans": [{"Node Type": "Hash Join","Parent Relationship": "Outer","Parallel Aware": true,"Async Capable": false,"Join Type": "Inner","Startup Cost": 215528.94,"Total Cost": 295075.90,"Plan Rows": 153265,"Plan Width": 44,"Actual Startup Time": 10180.765,"Actual Total Time": 10348.312,"Actual Rows": 18,"Actual Loops": 4,"Inner Unique": true,"Hash Cond": "(orders.o_custkey = customer.c_custkey)","Workers": [],"Plans": [{"Node Type": "Nested Loop","Parent Relationship": "Outer","Parallel Aware": false,"Async Capable": false,"Join Type": "Inner","Startup Cost": 210537.69,"Total Cost": 289682.32,"Plan Rows": 153265,"Plan Width": 25,"Actual Startup Time": 10142.809,"Actual Total Time": 10310.270,"Actual Rows": 18,"Actual Loops": 4,"Inner Unique": false,"Workers": [],"Plans": [{"Node Type": "Hash Join","Parent Relationship": "Outer","Parallel Aware": false,"Async Capable": false,"Join Type": "Inner","Startup Cost": 210537.26,"Total Cost": 242741.13,"Plan Rows": 38308,"Plan Width": 24,"Actual Startup Time": 10142.670,"Actual Total Time": 10309.991,"Actual Rows": 2,"Actual Loops": 4,"Inner Unique": true,"Hash Cond": "(orders.o_orderkey = lineitem_1.l_orderkey)","Workers": [],"Plans": [{"Node Type": "Seq Scan","Parent Relationship": "Outer","Parallel Aware": true,"Async Capable": false,"Relation Name": "orders","Alias": "orders","Startup Cost": 0.00,"Total Cost": 30933.71,"Plan Rows": 483871,"Plan Width": 20,"Actual Startup Time": 0.009,"Actual Total Time": 49.040,"Actual Rows": 375000,"Actual Loops": 4,"Workers": []},{"Node Type": "Hash","Parent Relationship": "Inner","Parallel Aware": false,"Async Capable": false,"Startup Cost": 209052.81,"Total Cost": 209052.81,"Plan Rows": 118756,"Plan Width": 4,"Actual Startup Time": 10075.163,"Actual Total Time": 10075.176,"Actual Rows": 10,"Actual Loops": 4,"Hash Buckets": 131072,"Original Hash Buckets": 131072,"Hash Batches": 1,"Original Hash Batches": 1,"Peak Memory Usage": 1025,"Workers": [],"Plans": [{"Node Type": "Aggregate","Strategy": "Hashed","Partial Mode": "Simple","Parent Relationship": "Outer","Parallel Aware": false,"Async Capable": false,"Startup Cost": 202521.23,"Total Cost": 207865.25,"Plan Rows": 118756,"Plan Width": 4,"Actual Startup Time": 6293.151,"Actual Total Time": 10074.968,"Actual Rows": 10,"Actual Loops": 4,"Group Key": ["lineitem_1.l_orderkey"],"Filter": "(sum(lineitem_1.l_quantity) > '312'::numeric)","Planned Partitions": 0,"HashAgg Batches": 1,"Peak Memory Usage": 638993,"Disk Usage": 0,"Rows Removed by Filter": 1499990,"Workers": [{"Worker Number": 0,"HashAgg Batches": 1,"Peak Memory Usage": 638993,"Disk Usage": 0},{"Worker Number": 1,"HashAgg Batches": 1,"Peak Memory Usage": 638993,"Disk Usage": 0},{"Worker Number": 2,"HashAgg Batches": 1,"Peak Memory Usage": 638993,"Disk Usage": 0}],"Plans": [{"Node Type": "Seq Scan","Parent Relationship": "Outer","Parallel Aware": false,"Async Capable": false,"Relation Name": "lineitem","Alias": "lineitem_1","Startup Cost": 0.00,"Total Cost": 172515.15,"Plan Rows": 6001215,"Plan Width": 9,"Actual Startup Time": 0.021,"Actual Total Time": 960.546,"Actual Rows": 6001215,"Actual Loops": 4,"Workers": []}]}]}]},{"Node Type": "Index Scan","Parent Relationship": "Inner","Parallel Aware": false,"Async Capable": false,"Scan Direction": "Forward","Index Name": "idx_lineitem_orderkey","Relation Name": "lineitem","Alias": "lineitem","Startup Cost": 0.43,"Total Cost": 1.06,"Plan Rows": 17,"Plan Width": 9,"Actual Startup Time": 0.072,"Actual Total Time": 0.079,"Actual Rows": 7,"Actual Loops": 10,"Index Cond": "(l_orderkey = orders.o_orderkey)","Rows Removed by Index Recheck": 0,"Workers": []}]},{"Node Type": "Hash","Parent Relationship": "Inner","Parallel Aware": true,"Async Capable": false,"Startup Cost": 4210.00,"Total Cost": 4210.00,"Plan Rows": 62500,"Plan Width": 23,"Actual Startup Time": 37.105,"Actual Total Time": 37.114,"Actual Rows": 37500,"Actual Loops": 4,"Hash Buckets": 262144,"Original Hash Buckets": 262144,"Hash Batches": 1,"Original Hash Batches": 1,"Peak Memory Usage": 10368,"Workers": [],"Plans": [{"Node Type": "Seq Scan","Parent Relationship": "Outer","Parallel Aware": true,"Async Capable": false,"Relation Name": "customer","Alias": "customer","Startup Cost": 0.00,"Total Cost": 4210.00,"Plan Rows": 62500,"Plan Width": 23,"Actual Startup Time": 0.025,"Actual Total Time": 19.726,"Actual Rows": 37500,"Actual Loops": 4,"Workers": []}]}]}]}]}]},"Planning Time": 6.715,"Triggers": [],"Execution Time": 10961.817}]
[{"Plan": {"Node Type": "Sort","Parallel Aware": false,"Async Capable": false,"Startup Cost": 397889.21,"Total Cost": 399077.01,"Plan Rows": 475120,"Plan Width": 71,"Actual Startup Time": 10785.011,"Actual Total Time": 10839.032,"Actual Rows": 9,"Actual Loops": 1,"Sort Key": ["orders.o_totalprice DESC", "orders.o_orderdate"],"Sort Method": "quicksort","Sort Space Used": 25,"Sort Space Type": "Memory","Plans": [{"Node Type": "Aggregate","Strategy": "Hashed","Partial Mode": "Simple","Parent Relationship": "Outer","Parallel Aware": false,"Async Capable": false,"Startup Cost": 347151.30,"Total Cost": 353090.30,"Plan Rows": 475120,"Plan Width": 71,"Actual Startup Time": 10763.855,"Actual Total Time": 10838.848,"Actual Rows": 9,"Actual Loops": 1,"Group Key": ["customer.c_custkey", "orders.o_orderkey"],"Planned Partitions": 0,"HashAgg Batches": 1,"Peak Memory Usage": 24601,"Disk Usage": 0,"Plans": [{"Node Type": "Gather","Parent Relationship": "Outer","Parallel Aware": false,"Async Capable": false,"Startup Cost": 216528.94,"Total Cost": 343587.90,"Plan Rows": 475120,"Plan Width": 44,"Actual Startup Time": 9674.071,"Actual Total Time": 10813.470,"Actual Rows": 63,"Actual Loops": 1,"Workers Planned": 3,"Workers Launched": 3,"Single Copy": false,"Plans": [{"Node Type": "Hash Join","Parent Relationship": "Outer","Parallel Aware": true,"Async Capable": false,"Join Type": "Inner","Startup Cost": 215528.94,"Total Cost": 295075.90,"Plan Rows": 153265,"Plan Width": 44,"Actual Startup Time": 10141.072,"Actual Total Time": 10312.965,"Actual Rows": 16,"Actual Loops": 4,"Inner Unique": true,"Hash Cond": "(orders.o_custkey = customer.c_custkey)","Workers": [],"Plans": [{"Node Type": "Nested Loop","Parent Relationship": "Outer","Parallel Aware": false,"Async Capable": false,"Join Type": "Inner","Startup Cost": 210537.69,"Total Cost": 289682.32,"Plan Rows": 153265,"Plan Width": 25,"Actual Startup Time": 10104.129,"Actual Total Time": 10275.947,"Actual Rows": 16,"Actual Loops": 4,"Inner Unique": false,"Workers": [],"Plans": [{"Node Type": "Hash Join","Parent Relationship": "Outer","Parallel Aware": false,"Async Capable": false,"Join Type": "Inner","Startup Cost": 210537.26,"Total Cost": 242741.13,"Plan Rows": 38308,"Plan Width": 24,"Actual Startup Time": 10104.052,"Actual Total Time": 10275.739,"Actual Rows": 2,"Actual Loops": 4,"Inner Unique": true,"Hash Cond": "(orders.o_orderkey = lineitem_1.l_orderkey)","Workers": [],"Plans": [{"Node Type": "Seq Scan","Parent Relationship": "Outer","Parallel Aware": true,"Async Capable": false,"Relation Name": "orders","Alias": "orders","Startup Cost": 0.00,"Total Cost": 30933.71,"Plan Rows": 483871,"Plan Width": 20,"Actual Startup Time": 0.007,"Actual Total Time": 53.689,"Actual Rows": 375000,"Actual Loops": 4,"Workers": []},{"Node Type": "Hash","Parent Relationship": "Inner","Parallel Aware": false,"Async Capable": false,"Startup Cost": 209052.81,"Total Cost": 209052.81,"Plan Rows": 118756,"Plan Width": 4,"Actual Startup Time": 10025.157,"Actual Total Time": 10025.166,"Actual Rows": 9,"Actual Loops": 4,"Hash Buckets": 131072,"Original Hash Buckets": 131072,"Hash Batches": 1,"Original Hash Batches": 1,"Peak Memory Usage": 1025,"Workers": [],"Plans": [{"Node Type": "Aggregate","Strategy": "Hashed","Partial Mode": "Simple","Parent Relationship": "Outer","Parallel Aware": false,"Async Capable": false,"Startup Cost": 202521.23,"Total Cost": 207865.25,"Plan Rows": 118756,"Plan Width": 4,"Actual Startup Time": 6285.839,"Actual Total Time": 10024.981,"Actual Rows": 9,"Actual Loops": 4,"Group Key": ["lineitem_1.l_orderkey"],"Filter": "(sum(lineitem_1.l_quantity) > '314'::numeric)","Planned Partitions": 0,"HashAgg Batches": 1,"Peak Memory Usage": 638993,"Disk Usage": 0,"Rows Removed by Filter": 1499991,"Workers": [{"Worker Number": 0,"HashAgg Batches": 1,"Peak Memory Usage": 638993,"Disk Usage": 0},{"Worker Number": 1,"HashAgg Batches": 1,"Peak Memory Usage": 638993,"Disk Usage": 0},{"Worker Number": 2,"HashAgg Batches": 1,"Peak Memory Usage": 638993,"Disk Usage": 0}],"Plans": [{"Node Type": "Seq Scan","Parent Relationship": "Outer","Parallel Aware": false,"Async Capable": false,"Relation Name": "lineitem","Alias": "lineitem_1","Startup Cost": 0.00,"Total Cost": 172515.15,"Plan Rows": 6001215,"Plan Width": 9,"Actual Startup Time": 0.019,"Actual Total Time": 931.752,"Actual Rows": 6001215,"Actual Loops": 4,"Workers": []}]}]}]},{"Node Type": "Index Scan","Parent Relationship": "Inner","Parallel Aware": false,"Async Capable": false,"Scan Direction": "Forward","Index Name": "idx_lineitem_orderkey","Relation Name": "lineitem","Alias": "lineitem","Startup Cost": 0.43,"Total Cost": 1.06,"Plan Rows": 17,"Plan Width": 9,"Actual Startup Time": 0.055,"Actual Total Time": 0.062,"Actual Rows": 7,"Actual Loops": 9,"Index Cond": "(l_orderkey = orders.o_orderkey)","Rows Removed by Index Recheck": 0,"Workers": []}]},{"Node Type": "Hash","Parent Relationship": "Inner","Parallel Aware": true,"Async Capable": false,"Startup Cost": 4210.00,"Total Cost": 4210.00,"Plan Rows": 62500,"Plan Width": 23,"Actual Startup Time": 36.172,"Actual Total Time": 36.190,"Actual Rows": 37500,"Actual Loops": 4,"Hash Buckets": 262144,"Original Hash Buckets": 262144,"Hash Batches": 1,"Original Hash Batches": 1,"Peak Memory Usage": 10336,"Workers": [],"Plans": [{"Node Type": "Seq Scan","Parent Relationship": "Outer","Parallel Aware": true,"Async Capable": false,"Relation Name": "customer","Alias": "customer","Startup Cost": 0.00,"Total Cost": 4210.00,"Plan Rows": 62500,"Plan Width": 23,"Actual Startup Time": 0.024,"Actual Total Time": 17.933,"Actual Rows": 37500,"Actual Loops": 4,"Workers": []}]}]}]}]}]},"Planning Time": 6.881,"Triggers": [],"Execution Time": 10893.482}]
[{"Plan": {"Node Type": "Sort","Parallel Aware": false,"Async Capable": false,"Startup Cost": 397889.21,"Total Cost": 399077.01,"Plan Rows": 475120,"Plan Width": 71,"Actual Startup Time": 10785.011,"Actual Total Time": 10839.032,"Actual Rows": 9,"Actual Loops": 1,"Sort Key": ["orders.o_totalprice DESC", "orders.o_orderdate"],"Sort Method": "quicksort","Sort Space Used": 25,"Sort Space Type": "Memory","Plans": [{"Node Type": "Aggregate","Strategy": "Hashed","Partial Mode": "Simple","Parent Relationship": "Outer","Parallel Aware": false,"Async Capable": false,"Startup Cost": 347151.30,"Total Cost": 353090.30,"Plan Rows": 475120,"Plan Width": 71,"Actual Startup Time": 10763.855,"Actual Total Time": 10838.848,"Actual Rows": 9,"Actual Loops": 1,"Group Key": ["customer.c_custkey", "orders.o_orderkey"],"Planned Partitions": 0,"HashAgg Batches": 1,"Peak Memory Usage": 24601,"Disk Usage": 0,"Plans": [{"Node Type": "Gather","Parent Relationship": "Outer","Parallel Aware": false,"Async Capable": false,"Startup Cost": 216528.94,"Total Cost": 343587.90,"Plan Rows": 475120,"Plan Width": 44,"Actual Startup Time": 9674.071,"Actual Total Time": 10813.470,"Actual Rows": 63,"Actual Loops": 1,"Workers Planned": 3,"Workers Launched": 3,"Single Copy": false,"Plans": [{"Node Type": "Hash Join","Parent Relationship": "Outer","Parallel Aware": true,"Async Capable": false,"Join Type": "Inner","Startup Cost": 215528.94,"Total Cost": 295075.90,"Plan Rows": 153265,"Plan Width": 44,"Actual Startup Time": 10141.072,"Actual Total Time": 10312.965,"Actual Rows": 16,"Actual Loops": 4,"Inner Unique": true,"Hash Cond": "(orders.o_custkey = customer.c_custkey)","Workers": [],"Plans": [{"Node Type": "Nested Loop","Parent Relationship": "Outer","Parallel Aware": false,"Async Capable": false,"Join Type": "Inner","Startup Cost": 210537.69,"Total Cost": 289682.32,"Plan Rows": 153265,"Plan Width": 25,"Actual Startup Time": 10104.129,"Actual Total Time": 10275.947,"Actual Rows": 16,"Actual Loops": 4,"Inner Unique": false,"Workers": [],"Plans": [{"Node Type": "Hash Join","Parent Relationship": "Outer","Parallel Aware": false,"Async Capable": false,"Join Type": "Inner","Startup Cost": 210537.26,"Total Cost": 242741.13,"Plan Rows": 38308,"Plan Width": 24,"Actual Startup Time": 10104.052,"Actual Total Time": 10275.739,"Actual Rows": 2,"Actual Loops": 4,"Inner Unique": true,"Hash Cond": "(orders.o_orderkey = lineitem_1.l_orderkey)","Workers": [],"Plans": [{"Node Type": "Seq Scan","Parent Relationship": "Outer","Parallel Aware": true,"Async Capable": false,"Relation Name": "orders","Alias": "orders","Startup Cost": 0.00,"Total Cost": 30933.71,"Plan Rows": 483871,"Plan Width": 20,"Actual Startup Time": 0.007,"Actual Total Time": 53.689,"Actual Rows": 375000,"Actual Loops": 4,"Workers": []},{"Node Type": "Hash","Parent Relationship": "Inner","Parallel Aware": false,"Async Capable": false,"Startup Cost": 209052.81,"Total Cost": 209052.81,"Plan Rows": 118756,"Plan Width": 4,"Actual Startup Time": 10025.157,"Actual Total Time": 10025.166,"Actual Rows": 9,"Actual Loops": 4,"Hash Buckets": 131072,"Original Hash Buckets": 131072,"Hash Batches": 1,"Original Hash Batches": 1,"Peak Memory Usage": 1025,"Workers": [],"Plans": [{"Node Type": "Aggregate","Strategy": "Hashed","Partial Mode": "Simple","Parent Relationship": "Outer","Parallel Aware": false,"Async Capable": false,"Startup Cost": 202521.23,"Total Cost": 207865.25,"Plan Rows": 118756,"Plan Width": 4,"Actual Startup Time": 6285.839,"Actual Total Time": 10024.981,"Actual Rows": 9,"Actual Loops": 4,"Group Key": ["lineitem_1.l_orderkey"],"Filter": "(sum(lineitem_1.l_quantity) > '314'::numeric)","Planned Partitions": 0,"HashAgg Batches": 1,"Peak Memory Usage": 638993,"Disk Usage": 0,"Rows Removed by Filter": 1499991,"Workers": [{"Worker Number": 0,"HashAgg Batches": 1,"Peak Memory Usage": 638993,"Disk Usage": 0},{"Worker Number": 1,"HashAgg Batches": 1,"Peak Memory Usage": 638993,"Disk Usage": 0},{"Worker Number": 2,"HashAgg Batches": 1,"Peak Memory Usage": 638993,"Disk Usage": 0}],"Plans": [{"Node Type": "Seq Scan","Parent Relationship": "Outer","Parallel Aware": false,"Async Capable": false,"Relation Name": "lineitem","Alias": "lineitem_1","Startup Cost": 0.00,"Total Cost": 172515.15,"Plan Rows": 6001215,"Plan Width": 9,"Actual Startup Time": 0.019,"Actual Total Time": 931.752,"Actual Rows": 6001215,"Actual Loops": 4,"Workers": []}]}]}]},{"Node Type": "Index Scan","Parent Relationship": "Inner","Parallel Aware": false,"Async Capable": false,"Scan Direction": "Forward","Index Name": "idx_lineitem_orderkey","Relation Name": "lineitem","Alias": "lineitem","Startup Cost": 0.43,"Total Cost": 1.06,"Plan Rows": 17,"Plan Width": 9,"Actual Startup Time": 0.055,"Actual Total Time": 0.062,"Actual Rows": 7,"Actual Loops": 9,"Index Cond": "(l_orderkey = orders.o_orderkey)","Rows Removed by Index Recheck": 0,"Workers": []}]},{"Node Type": "Hash","Parent Relationship": "Inner","Parallel Aware": true,"Async Capable": false,"Startup Cost": 4210.00,"Total Cost": 4210.00,"Plan Rows": 62500,"Plan Width": 23,"Actual Startup Time": 36.172,"Actual Total Time": 36.190,"Actual Rows": 37500,"Actual Loops": 4,"Hash Buckets": 262144,"Original Hash Buckets": 262144,"Hash Batches": 1,"Original Hash Batches": 1,"Peak Memory Usage": 10336,"Workers": [],"Plans": [{"Node Type": "Seq Scan","Parent Relationship": "Outer","Parallel Aware": true,"Async Capable": false,"Relation Name": "customer","Alias": "customer","Startup Cost": 0.00,"Total Cost": 4210.00,"Plan Rows": 62500,"Plan Width": 23,"Actual Startup Time": 0.024,"Actual Total Time": 17.933,"Actual Rows": 37500,"Actual Loops": 4,"Workers": []}]}]}]}]}]},"Planning Time": 6.881,"Triggers": [],"Execution Time": 10893.482}]
[{"Plan": {"Node Type": "Sort","Parallel Aware": false,"Async Capable": false,"Startup Cost": 397889.21,"Total Cost": 399077.01,"Plan Rows": 475120,"Plan Width": 71,"Actual Startup Time": 10950.105,"Actual Total Time": 10953.954,"Actual Rows": 9,"Actual Loops": 1,"Sort Key": ["orders.o_totalprice DESC", "orders.o_orderdate"],"Sort Method": "quicksort","Sort Space Used": 25,"Sort Space Type": "Memory","Plans": [{"Node Type": "Aggregate","Strategy": "Hashed","Partial Mode": "Simple","Parent Relationship": "Outer","Parallel Aware": false,"Async Capable": false,"Startup Cost": 347151.30,"Total Cost": 353090.30,"Plan Rows": 475120,"Plan Width": 71,"Actual Startup Time": 10902.471,"Actual Total Time": 10953.715,"Actual Rows": 9,"Actual Loops": 1,"Group Key": ["customer.c_custkey", "orders.o_orderkey"],"Planned Partitions": 0,"HashAgg Batches": 1,"Peak Memory Usage": 24601,"Disk Usage": 0,"Plans": [{"Node Type": "Gather","Parent Relationship": "Outer","Parallel Aware": false,"Async Capable": false,"Startup Cost": 216528.94,"Total Cost": 343587.90,"Plan Rows": 475120,"Plan Width": 44,"Actual Startup Time": 10893.800,"Actual Total Time": 10897.693,"Actual Rows": 63,"Actual Loops": 1,"Workers Planned": 3,"Workers Launched": 3,"Single Copy": false,"Plans": [{"Node Type": "Hash Join","Parent Relationship": "Outer","Parallel Aware": true,"Async Capable": false,"Join Type": "Inner","Startup Cost": 215528.94,"Total Cost": 295075.90,"Plan Rows": 153265,"Plan Width": 44,"Actual Startup Time": 10134.253,"Actual Total Time": 10314.794,"Actual Rows": 16,"Actual Loops": 4,"Inner Unique": true,"Hash Cond": "(orders.o_custkey = customer.c_custkey)","Workers": [],"Plans": [{"Node Type": "Nested Loop","Parent Relationship": "Outer","Parallel Aware": false,"Async Capable": false,"Join Type": "Inner","Startup Cost": 210537.69,"Total Cost": 289682.32,"Plan Rows": 153265,"Plan Width": 25,"Actual Startup Time": 10099.687,"Actual Total Time": 10280.153,"Actual Rows": 16,"Actual Loops": 4,"Inner Unique": false,"Workers": [],"Plans": [{"Node Type": "Hash Join","Parent Relationship": "Outer","Parallel Aware": false,"Async Capable": false,"Join Type": "Inner","Startup Cost": 210537.26,"Total Cost": 242741.13,"Plan Rows": 38308,"Plan Width": 24,"Actual Startup Time": 10099.575,"Actual Total Time": 10279.892,"Actual Rows": 2,"Actual Loops": 4,"Inner Unique": true,"Hash Cond": "(orders.o_orderkey = lineitem_1.l_orderkey)","Workers": [],"Plans": [{"Node Type": "Seq Scan","Parent Relationship": "Outer","Parallel Aware": true,"Async Capable": false,"Relation Name": "orders","Alias": "orders","Startup Cost": 0.00,"Total Cost": 30933.71,"Plan Rows": 483871,"Plan Width": 20,"Actual Startup Time": 0.011,"Actual Total Time": 51.627,"Actual Rows": 375000,"Actual Loops": 4,"Workers": []},{"Node Type": "Hash","Parent Relationship": "Inner","Parallel Aware": false,"Async Capable": false,"Startup Cost": 209052.81,"Total Cost": 209052.81,"Plan Rows": 118756,"Plan Width": 4,"Actual Startup Time": 10016.825,"Actual Total Time": 10016.839,"Actual Rows": 9,"Actual Loops": 4,"Hash Buckets": 131072,"Original Hash Buckets": 131072,"Hash Batches": 1,"Original Hash Batches": 1,"Peak Memory Usage": 1025,"Workers": [],"Plans": [{"Node Type": "Aggregate","Strategy": "Hashed","Partial Mode": "Simple","Parent Relationship": "Outer","Parallel Aware": false,"Async Capable": false,"Startup Cost": 202521.23,"Total Cost": 207865.25,"Plan Rows": 118756,"Plan Width": 4,"Actual Startup Time": 6319.140,"Actual Total Time": 10016.671,"Actual Rows": 9,"Actual Loops": 4,"Group Key": ["lineitem_1.l_orderkey"],"Filter": "(sum(lineitem_1.l_quantity) > '315'::numeric)","Planned Partitions": 0,"HashAgg Batches": 1,"Peak Memory Usage": 638993,"Disk Usage": 0,"Rows Removed by Filter": 1499991,"Workers": [{"Worker Number": 0,"HashAgg Batches": 1,"Peak Memory Usage": 638993,"Disk Usage": 0},{"Worker Number": 1,"HashAgg Batches": 1,"Peak Memory Usage": 638993,"Disk Usage": 0},{"Worker Number": 2,"HashAgg Batches": 1,"Peak Memory Usage": 638993,"Disk Usage": 0}],"Plans": [{"Node Type": "Seq Scan","Parent Relationship": "Outer","Parallel Aware": false,"Async Capable": false,"Relation Name": "lineitem","Alias": "lineitem_1","Startup Cost": 0.00,"Total Cost": 172515.15,"Plan Rows": 6001215,"Plan Width": 9,"Actual Startup Time": 0.018,"Actual Total Time": 971.843,"Actual Rows": 6001215,"Actual Loops": 4,"Workers": []}]}]}]},{"Node Type": "Index Scan","Parent Relationship": "Inner","Parallel Aware": false,"Async Capable": false,"Scan Direction": "Forward","Index Name": "idx_lineitem_orderkey","Relation Name": "lineitem","Alias": "lineitem","Startup Cost": 0.43,"Total Cost": 1.06,"Plan Rows": 17,"Plan Width": 9,"Actual Startup Time": 0.069,"Actual Total Time": 0.079,"Actual Rows": 7,"Actual Loops": 9,"Index Cond": "(l_orderkey = orders.o_orderkey)","Rows Removed by Index Recheck": 0,"Workers": []}]},{"Node Type": "Hash","Parent Relationship": "Inner","Parallel Aware": true,"Async Capable": false,"Startup Cost": 4210.00,"Total Cost": 4210.00,"Plan Rows": 62500,"Plan Width": 23,"Actual Startup Time": 33.677,"Actual Total Time": 33.684,"Actual Rows": 37500,"Actual Loops": 4,"Hash Buckets": 262144,"Original Hash Buckets": 262144,"Hash Batches": 1,"Original Hash Batches": 1,"Peak Memory Usage": 10368,"Workers": [],"Plans": [{"Node Type": "Seq Scan","Parent Relationship": "Outer","Parallel Aware": true,"Async Capable": false,"Relation Name": "customer","Alias": "customer","Startup Cost": 0.00,"Total Cost": 4210.00,"Plan Rows": 62500,"Plan Width": 23,"Actual Startup Time": 0.019,"Actual Total Time": 16.715,"Actual Rows": 37500,"Actual Loops": 4,"Workers": []}]}]}]}]}]},"Planning Time": 6.132,"Triggers": [],"Execution Time": 11002.531}]
[{"Plan": {"Node Type": "Sort","Parallel Aware": false,"Async Capable": false,"Startup Cost": 397889.21,"Total Cost": 399077.01,"Plan Rows": 475120,"Plan Width": 71,"Actual Startup Time": 10950.105,"Actual Total Time": 10953.954,"Actual Rows": 9,"Actual Loops": 1,"Sort Key": ["orders.o_totalprice DESC", "orders.o_orderdate"],"Sort Method": "quicksort","Sort Space Used": 25,"Sort Space Type": "Memory","Plans": [{"Node Type": "Aggregate","Strategy": "Hashed","Partial Mode": "Simple","Parent Relationship": "Outer","Parallel Aware": false,"Async Capable": false,"Startup Cost": 347151.30,"Total Cost": 353090.30,"Plan Rows": 475120,"Plan Width": 71,"Actual Startup Time": 10902.471,"Actual Total Time": 10953.715,"Actual Rows": 9,"Actual Loops": 1,"Group Key": ["customer.c_custkey", "orders.o_orderkey"],"Planned Partitions": 0,"HashAgg Batches": 1,"Peak Memory Usage": 24601,"Disk Usage": 0,"Plans": [{"Node Type": "Gather","Parent Relationship": "Outer","Parallel Aware": false,"Async Capable": false,"Startup Cost": 216528.94,"Total Cost": 343587.90,"Plan Rows": 475120,"Plan Width": 44,"Actual Startup Time": 10893.800,"Actual Total Time": 10897.693,"Actual Rows": 63,"Actual Loops": 1,"Workers Planned": 3,"Workers Launched": 3,"Single Copy": false,"Plans": [{"Node Type": "Hash Join","Parent Relationship": "Outer","Parallel Aware": true,"Async Capable": false,"Join Type": "Inner","Startup Cost": 215528.94,"Total Cost": 295075.90,"Plan Rows": 153265,"Plan Width": 44,"Actual Startup Time": 10134.253,"Actual Total Time": 10314.794,"Actual Rows": 16,"Actual Loops": 4,"Inner Unique": true,"Hash Cond": "(orders.o_custkey = customer.c_custkey)","Workers": [],"Plans": [{"Node Type": "Nested Loop","Parent Relationship": "Outer","Parallel Aware": false,"Async Capable": false,"Join Type": "Inner","Startup Cost": 210537.69,"Total Cost": 289682.32,"Plan Rows": 153265,"Plan Width": 25,"Actual Startup Time": 10099.687,"Actual Total Time": 10280.153,"Actual Rows": 16,"Actual Loops": 4,"Inner Unique": false,"Workers": [],"Plans": [{"Node Type": "Hash Join","Parent Relationship": "Outer","Parallel Aware": false,"Async Capable": false,"Join Type": "Inner","Startup Cost": 210537.26,"Total Cost": 242741.13,"Plan Rows": 38308,"Plan Width": 24,"Actual Startup Time": 10099.575,"Actual Total Time": 10279.892,"Actual Rows": 2,"Actual Loops": 4,"Inner Unique": true,"Hash Cond": "(orders.o_orderkey = lineitem_1.l_orderkey)","Workers": [],"Plans": [{"Node Type": "Seq Scan","Parent Relationship": "Outer","Parallel Aware": true,"Async Capable": false,"Relation Name": "orders","Alias": "orders","Startup Cost": 0.00,"Total Cost": 30933.71,"Plan Rows": 483871,"Plan Width": 20,"Actual Startup Time": 0.011,"Actual Total Time": 51.627,"Actual Rows": 375000,"Actual Loops": 4,"Workers": []},{"Node Type": "Hash","Parent Relationship": "Inner","Parallel Aware": false,"Async Capable": false,"Startup Cost": 209052.81,"Total Cost": 209052.81,"Plan Rows": 118756,"Plan Width": 4,"Actual Startup Time": 10016.825,"Actual Total Time": 10016.839,"Actual Rows": 9,"Actual Loops": 4,"Hash Buckets": 131072,"Original Hash Buckets": 131072,"Hash Batches": 1,"Original Hash Batches": 1,"Peak Memory Usage": 1025,"Workers": [],"Plans": [{"Node Type": "Aggregate","Strategy": "Hashed","Partial Mode": "Simple","Parent Relationship": "Outer","Parallel Aware": false,"Async Capable": false,"Startup Cost": 202521.23,"Total Cost": 207865.25,"Plan Rows": 118756,"Plan Width": 4,"Actual Startup Time": 6319.140,"Actual Total Time": 10016.671,"Actual Rows": 9,"Actual Loops": 4,"Group Key": ["lineitem_1.l_orderkey"],"Filter": "(sum(lineitem_1.l_quantity) > '315'::numeric)","Planned Partitions": 0,"HashAgg Batches": 1,"Peak Memory Usage": 638993,"Disk Usage": 0,"Rows Removed by Filter": 1499991,"Workers": [{"Worker Number": 0,"HashAgg Batches": 1,"Peak Memory Usage": 638993,"Disk Usage": 0},{"Worker Number": 1,"HashAgg Batches": 1,"Peak Memory Usage": 638993,"Disk Usage": 0},{"Worker Number": 2,"HashAgg Batches": 1,"Peak Memory Usage": 638993,"Disk Usage": 0}],"Plans": [{"Node Type": "Seq Scan","Parent Relationship": "Outer","Parallel Aware": false,"Async Capable": false,"Relation Name": "lineitem","Alias": "lineitem_1","Startup Cost": 0.00,"Total Cost": 172515.15,"Plan Rows": 6001215,"Plan Width": 9,"Actual Startup Time": 0.018,"Actual Total Time": 971.843,"Actual Rows": 6001215,"Actual Loops": 4,"Workers": []}]}]}]},{"Node Type": "Index Scan","Parent Relationship": "Inner","Parallel Aware": false,"Async Capable": false,"Scan Direction": "Forward","Index Name": "idx_lineitem_orderkey","Relation Name": "lineitem","Alias": "lineitem","Startup Cost": 0.43,"Total Cost": 1.06,"Plan Rows": 17,"Plan Width": 9,"Actual Startup Time": 0.069,"Actual Total Time": 0.079,"Actual Rows": 7,"Actual Loops": 9,"Index Cond": "(l_orderkey = orders.o_orderkey)","Rows Removed by Index Recheck": 0,"Workers": []}]},{"Node Type": "Hash","Parent Relationship": "Inner","Parallel Aware": true,"Async Capable": false,"Startup Cost": 4210.00,"Total Cost": 4210.00,"Plan Rows": 62500,"Plan Width": 23,"Actual Startup Time": 33.677,"Actual Total Time": 33.684,"Actual Rows": 37500,"Actual Loops": 4,"Hash Buckets": 262144,"Original Hash Buckets": 262144,"Hash Batches": 1,"Original Hash Batches": 1,"Peak Memory Usage": 10368,"Workers": [],"Plans": [{"Node Type": "Seq Scan","Parent Relationship": "Outer","Parallel Aware": true,"Async Capable": false,"Relation Name": "customer","Alias": "customer","Startup Cost": 0.00,"Total Cost": 4210.00,"Plan Rows": 62500,"Plan Width": 23,"Actual Startup Time": 0.019,"Actual Total Time": 16.715,"Actual Rows": 37500,"Actual Loops": 4,"Workers": []}]}]}]}]}]},"Planning Time": 6.132,"Triggers": [],"Execution Time": 11002.531}]
[{"Plan": {"Node Type": "Sort","Parallel Aware": false,"Async Capable": false,"Startup Cost": 397889.21,"Total Cost": 399077.01,"Plan Rows": 475120,"Plan Width": 71,"Actual Startup Time": 10950.105,"Actual Total Time": 10953.954,"Actual Rows": 9,"Actual Loops": 1,"Sort Key": ["orders.o_totalprice DESC", "orders.o_orderdate"],"Sort Method": "quicksort","Sort Space Used": 25,"Sort Space Type": "Memory","Plans": [{"Node Type": "Aggregate","Strategy": "Hashed","Partial Mode": "Simple","Parent Relationship": "Outer","Parallel Aware": false,"Async Capable": false,"Startup Cost": 347151.30,"Total Cost": 353090.30,"Plan Rows": 475120,"Plan Width": 71,"Actual Startup Time": 10902.471,"Actual Total Time": 10953.715,"Actual Rows": 9,"Actual Loops": 1,"Group Key": ["customer.c_custkey", "orders.o_orderkey"],"Planned Partitions": 0,"HashAgg Batches": 1,"Peak Memory Usage": 24601,"Disk Usage": 0,"Plans": [{"Node Type": "Gather","Parent Relationship": "Outer","Parallel Aware": false,"Async Capable": false,"Startup Cost": 216528.94,"Total Cost": 343587.90,"Plan Rows": 475120,"Plan Width": 44,"Actual Startup Time": 10893.800,"Actual Total Time": 10897.693,"Actual Rows": 63,"Actual Loops": 1,"Workers Planned": 3,"Workers Launched": 3,"Single Copy": false,"Plans": [{"Node Type": "Hash Join","Parent Relationship": "Outer","Parallel Aware": true,"Async Capable": false,"Join Type": "Inner","Startup Cost": 215528.94,"Total Cost": 295075.90,"Plan Rows": 153265,"Plan Width": 44,"Actual Startup Time": 10134.253,"Actual Total Time": 10314.794,"Actual Rows": 16,"Actual Loops": 4,"Inner Unique": true,"Hash Cond": "(orders.o_custkey = customer.c_custkey)","Workers": [],"Plans": [{"Node Type": "Nested Loop","Parent Relationship": "Outer","Parallel Aware": false,"Async Capable": false,"Join Type": "Inner","Startup Cost": 210537.69,"Total Cost": 289682.32,"Plan Rows": 153265,"Plan Width": 25,"Actual Startup Time": 10099.687,"Actual Total Time": 10280.153,"Actual Rows": 16,"Actual Loops": 4,"Inner Unique": false,"Workers": [],"Plans": [{"Node Type": "Hash Join","Parent Relationship": "Outer","Parallel Aware": false,"Async Capable": false,"Join Type": "Inner","Startup Cost": 210537.26,"Total Cost": 242741.13,"Plan Rows": 38308,"Plan Width": 24,"Actual Startup Time": 10099.575,"Actual Total Time": 10279.892,"Actual Rows": 2,"Actual Loops": 4,"Inner Unique": true,"Hash Cond": "(orders.o_orderkey = lineitem_1.l_orderkey)","Workers": [],"Plans": [{"Node Type": "Seq Scan","Parent Relationship": "Outer","Parallel Aware": true,"Async Capable": false,"Relation Name": "orders","Alias": "orders","Startup Cost": 0.00,"Total Cost": 30933.71,"Plan Rows": 483871,"Plan Width": 20,"Actual Startup Time": 0.011,"Actual Total Time": 51.627,"Actual Rows": 375000,"Actual Loops": 4,"Workers": []},{"Node Type": "Hash","Parent Relationship": "Inner","Parallel Aware": false,"Async Capable": false,"Startup Cost": 209052.81,"Total Cost": 209052.81,"Plan Rows": 118756,"Plan Width": 4,"Actual Startup Time": 10016.825,"Actual Total Time": 10016.839,"Actual Rows": 9,"Actual Loops": 4,"Hash Buckets": 131072,"Original Hash Buckets": 131072,"Hash Batches": 1,"Original Hash Batches": 1,"Peak Memory Usage": 1025,"Workers": [],"Plans": [{"Node Type": "Aggregate","Strategy": "Hashed","Partial Mode": "Simple","Parent Relationship": "Outer","Parallel Aware": false,"Async Capable": false,"Startup Cost": 202521.23,"Total Cost": 207865.25,"Plan Rows": 118756,"Plan Width": 4,"Actual Startup Time": 6319.140,"Actual Total Time": 10016.671,"Actual Rows": 9,"Actual Loops": 4,"Group Key": ["lineitem_1.l_orderkey"],"Filter": "(sum(lineitem_1.l_quantity) > '315'::numeric)","Planned Partitions": 0,"HashAgg Batches": 1,"Peak Memory Usage": 638993,"Disk Usage": 0,"Rows Removed by Filter": 1499991,"Workers": [{"Worker Number": 0,"HashAgg Batches": 1,"Peak Memory Usage": 638993,"Disk Usage": 0},{"Worker Number": 1,"HashAgg Batches": 1,"Peak Memory Usage": 638993,"Disk Usage": 0},{"Worker Number": 2,"HashAgg Batches": 1,"Peak Memory Usage": 638993,"Disk Usage": 0}],"Plans": [{"Node Type": "Seq Scan","Parent Relationship": "Outer","Parallel Aware": false,"Async Capable": false,"Relation Name": "lineitem","Alias": "lineitem_1","Startup Cost": 0.00,"Total Cost": 172515.15,"Plan Rows": 6001215,"Plan Width": 9,"Actual Startup Time": 0.018,"Actual Total Time": 971.843,"Actual Rows": 6001215,"Actual Loops": 4,"Workers": []}]}]}]},{"Node Type": "Index Scan","Parent Relationship": "Inner","Parallel Aware": false,"Async Capable": false,"Scan Direction": "Forward","Index Name": "idx_lineitem_orderkey","Relation Name": "lineitem","Alias": "lineitem","Startup Cost": 0.43,"Total Cost": 1.06,"Plan Rows": 17,"Plan Width": 9,"Actual Startup Time": 0.069,"Actual Total Time": 0.079,"Actual Rows": 7,"Actual Loops": 9,"Index Cond": "(l_orderkey = orders.o_orderkey)","Rows Removed by Index Recheck": 0,"Workers": []}]},{"Node Type": "Hash","Parent Relationship": "Inner","Parallel Aware": true,"Async Capable": false,"Startup Cost": 4210.00,"Total Cost": 4210.00,"Plan Rows": 62500,"Plan Width": 23,"Actual Startup Time": 33.677,"Actual Total Time": 33.684,"Actual Rows": 37500,"Actual Loops": 4,"Hash Buckets": 262144,"Original Hash Buckets": 262144,"Hash Batches": 1,"Original Hash Batches": 1,"Peak Memory Usage": 10368,"Workers": [],"Plans": [{"Node Type": "Seq Scan","Parent Relationship": "Outer","Parallel Aware": true,"Async Capable": false,"Relation Name": "customer","Alias": "customer","Startup Cost": 0.00,"Total Cost": 4210.00,"Plan Rows": 62500,"Plan Width": 23,"Actual Startup Time": 0.019,"Actual Total Time": 16.715,"Actual Rows": 37500,"Actual Loops": 4,"Workers": []}]}]}]}]}]},"Planning Time": 6.132,"Triggers": [],"Execution Time": 11002.531}]
[{"Plan": {"Node Type": "Sort","Parallel Aware": false,"Async Capable": false,"Startup Cost": 397889.21,"Total Cost": 399077.01,"Plan Rows": 475120,"Plan Width": 71,"Actual Startup Time": 10345.847,"Actual Total Time": 10377.998,"Actual Rows": 9,"Actual Loops": 1,"Sort Key": ["orders.o_totalprice DESC", "orders.o_orderdate"],"Sort Method": "quicksort","Sort Space Used": 25,"Sort Space Type": "Memory","Plans": [{"Node Type": "Aggregate","Strategy": "Hashed","Partial Mode": "Simple","Parent Relationship": "Outer","Parallel Aware": false,"Async Capable": false,"Startup Cost": 347151.30,"Total Cost": 353090.30,"Plan Rows": 475120,"Plan Width": 71,"Actual Startup Time": 10329.232,"Actual Total Time": 10377.856,"Actual Rows": 9,"Actual Loops": 1,"Group Key": ["customer.c_custkey", "orders.o_orderkey"],"Planned Partitions": 0,"HashAgg Batches": 1,"Peak Memory Usage": 24601,"Disk Usage": 0,"Plans": [{"Node Type": "Gather","Parent Relationship": "Outer","Parallel Aware": false,"Async Capable": false,"Startup Cost": 216528.94,"Total Cost": 343587.90,"Plan Rows": 475120,"Plan Width": 44,"Actual Startup Time": 10053.961,"Actual Total Time": 10357.615,"Actual Rows": 63,"Actual Loops": 1,"Workers Planned": 3,"Workers Launched": 3,"Single Copy": false,"Plans": [{"Node Type": "Hash Join","Parent Relationship": "Outer","Parallel Aware": true,"Async Capable": false,"Join Type": "Inner","Startup Cost": 215528.94,"Total Cost": 295075.90,"Plan Rows": 153265,"Plan Width": 44,"Actual Startup Time": 10157.696,"Actual Total Time": 10258.651,"Actual Rows": 16,"Actual Loops": 4,"Inner Unique": true,"Hash Cond": "(orders.o_custkey = customer.c_custkey)","Workers": [],"Plans": [{"Node Type": "Nested Loop","Parent Relationship": "Outer","Parallel Aware": false,"Async Capable": false,"Join Type": "Inner","Startup Cost": 210537.69,"Total Cost": 289682.32,"Plan Rows": 153265,"Plan Width": 25,"Actual Startup Time": 10123.332,"Actual Total Time": 10224.239,"Actual Rows": 16,"Actual Loops": 4,"Inner Unique": false,"Workers": [],"Plans": [{"Node Type": "Hash Join","Parent Relationship": "Outer","Parallel Aware": false,"Async Capable": false,"Join Type": "Inner","Startup Cost": 210537.26,"Total Cost": 242741.13,"Plan Rows": 38308,"Plan Width": 24,"Actual Startup Time": 10123.186,"Actual Total Time": 10223.998,"Actual Rows": 2,"Actual Loops": 4,"Inner Unique": true,"Hash Cond": "(orders.o_orderkey = lineitem_1.l_orderkey)","Workers": [],"Plans": [{"Node Type": "Seq Scan","Parent Relationship": "Outer","Parallel Aware": true,"Async Capable": false,"Relation Name": "orders","Alias": "orders","Startup Cost": 0.00,"Total Cost": 30933.71,"Plan Rows": 483871,"Plan Width": 20,"Actual Startup Time": 0.011,"Actual Total Time": 49.852,"Actual Rows": 375000,"Actual Loops": 4,"Workers": []},{"Node Type": "Hash","Parent Relationship": "Inner","Parallel Aware": false,"Async Capable": false,"Startup Cost": 209052.81,"Total Cost": 209052.81,"Plan Rows": 118756,"Plan Width": 4,"Actual Startup Time": 10005.666,"Actual Total Time": 10005.673,"Actual Rows": 9,"Actual Loops": 4,"Hash Buckets": 131072,"Original Hash Buckets": 131072,"Hash Batches": 1,"Original Hash Batches": 1,"Peak Memory Usage": 1025,"Workers": [],"Plans": [{"Node Type": "Aggregate","Strategy": "Hashed","Partial Mode": "Simple","Parent Relationship": "Outer","Parallel Aware": false,"Async Capable": false,"Startup Cost": 202521.23,"Total Cost": 207865.25,"Plan Rows": 118756,"Plan Width": 4,"Actual Startup Time": 6310.010,"Actual Total Time": 10005.543,"Actual Rows": 9,"Actual Loops": 4,"Group Key": ["lineitem_1.l_orderkey"],"Filter": "(sum(lineitem_1.l_quantity) > '313'::numeric)","Planned Partitions": 0,"HashAgg Batches": 1,"Peak Memory Usage": 638993,"Disk Usage": 0,"Rows Removed by Filter": 1499991,"Workers": [{"Worker Number": 0,"HashAgg Batches": 1,"Peak Memory Usage": 638993,"Disk Usage": 0},{"Worker Number": 1,"HashAgg Batches": 1,"Peak Memory Usage": 638993,"Disk Usage": 0},{"Worker Number": 2,"HashAgg Batches": 1,"Peak Memory Usage": 638993,"Disk Usage": 0}],"Plans": [{"Node Type": "Seq Scan","Parent Relationship": "Outer","Parallel Aware": false,"Async Capable": false,"Relation Name": "lineitem","Alias": "lineitem_1","Startup Cost": 0.00,"Total Cost": 172515.15,"Plan Rows": 6001215,"Plan Width": 9,"Actual Startup Time": 0.020,"Actual Total Time": 994.479,"Actual Rows": 6001215,"Actual Loops": 4,"Workers": []}]}]}]},{"Node Type": "Index Scan","Parent Relationship": "Inner","Parallel Aware": false,"Async Capable": false,"Scan Direction": "Forward","Index Name": "idx_lineitem_orderkey","Relation Name": "lineitem","Alias": "lineitem","Startup Cost": 0.43,"Total Cost": 1.06,"Plan Rows": 17,"Plan Width": 9,"Actual Startup Time": 0.068,"Actual Total Time": 0.075,"Actual Rows": 7,"Actual Loops": 9,"Index Cond": "(l_orderkey = orders.o_orderkey)","Rows Removed by Index Recheck": 0,"Workers": []}]},{"Node Type": "Hash","Parent Relationship": "Inner","Parallel Aware": true,"Async Capable": false,"Startup Cost": 4210.00,"Total Cost": 4210.00,"Plan Rows": 62500,"Plan Width": 23,"Actual Startup Time": 33.578,"Actual Total Time": 33.582,"Actual Rows": 37500,"Actual Loops": 4,"Hash Buckets": 262144,"Original Hash Buckets": 262144,"Hash Batches": 1,"Original Hash Batches": 1,"Peak Memory Usage": 10336,"Workers": [],"Plans": [{"Node Type": "Seq Scan","Parent Relationship": "Outer","Parallel Aware": true,"Async Capable": false,"Relation Name": "customer","Alias": "customer","Startup Cost": 0.00,"Total Cost": 4210.00,"Plan Rows": 62500,"Plan Width": 23,"Actual Startup Time": 0.023,"Actual Total Time": 16.777,"Actual Rows": 37500,"Actual Loops": 4,"Workers": []}]}]}]}]}]},"Planning Time": 6.662,"Triggers": [],"Execution Time": 10430.266}]
[{"Plan": {"Node Type": "Sort","Parallel Aware": false,"Async Capable": false,"Startup Cost": 397889.21,"Total Cost": 399077.01,"Plan Rows": 475120,"Plan Width": 71,"Actual Startup Time": 10950.105,"Actual Total Time": 10953.954,"Actual Rows": 9,"Actual Loops": 1,"Sort Key": ["orders.o_totalprice DESC", "orders.o_orderdate"],"Sort Method": "quicksort","Sort Space Used": 25,"Sort Space Type": "Memory","Plans": [{"Node Type": "Aggregate","Strategy": "Hashed","Partial Mode": "Simple","Parent Relationship": "Outer","Parallel Aware": false,"Async Capable": false,"Startup Cost": 347151.30,"Total Cost": 353090.30,"Plan Rows": 475120,"Plan Width": 71,"Actual Startup Time": 10902.471,"Actual Total Time": 10953.715,"Actual Rows": 9,"Actual Loops": 1,"Group Key": ["customer.c_custkey", "orders.o_orderkey"],"Planned Partitions": 0,"HashAgg Batches": 1,"Peak Memory Usage": 24601,"Disk Usage": 0,"Plans": [{"Node Type": "Gather","Parent Relationship": "Outer","Parallel Aware": false,"Async Capable": false,"Startup Cost": 216528.94,"Total Cost": 343587.90,"Plan Rows": 475120,"Plan Width": 44,"Actual Startup Time": 10893.800,"Actual Total Time": 10897.693,"Actual Rows": 63,"Actual Loops": 1,"Workers Planned": 3,"Workers Launched": 3,"Single Copy": false,"Plans": [{"Node Type": "Hash Join","Parent Relationship": "Outer","Parallel Aware": true,"Async Capable": false,"Join Type": "Inner","Startup Cost": 215528.94,"Total Cost": 295075.90,"Plan Rows": 153265,"Plan Width": 44,"Actual Startup Time": 10134.253,"Actual Total Time": 10314.794,"Actual Rows": 16,"Actual Loops": 4,"Inner Unique": true,"Hash Cond": "(orders.o_custkey = customer.c_custkey)","Workers": [],"Plans": [{"Node Type": "Nested Loop","Parent Relationship": "Outer","Parallel Aware": false,"Async Capable": false,"Join Type": "Inner","Startup Cost": 210537.69,"Total Cost": 289682.32,"Plan Rows": 153265,"Plan Width": 25,"Actual Startup Time": 10099.687,"Actual Total Time": 10280.153,"Actual Rows": 16,"Actual Loops": 4,"Inner Unique": false,"Workers": [],"Plans": [{"Node Type": "Hash Join","Parent Relationship": "Outer","Parallel Aware": false,"Async Capable": false,"Join Type": "Inner","Startup Cost": 210537.26,"Total Cost": 242741.13,"Plan Rows": 38308,"Plan Width": 24,"Actual Startup Time": 10099.575,"Actual Total Time": 10279.892,"Actual Rows": 2,"Actual Loops": 4,"Inner Unique": true,"Hash Cond": "(orders.o_orderkey = lineitem_1.l_orderkey)","Workers": [],"Plans": [{"Node Type": "Seq Scan","Parent Relationship": "Outer","Parallel Aware": true,"Async Capable": false,"Relation Name": "orders","Alias": "orders","Startup Cost": 0.00,"Total Cost": 30933.71,"Plan Rows": 483871,"Plan Width": 20,"Actual Startup Time": 0.011,"Actual Total Time": 51.627,"Actual Rows": 375000,"Actual Loops": 4,"Workers": []},{"Node Type": "Hash","Parent Relationship": "Inner","Parallel Aware": false,"Async Capable": false,"Startup Cost": 209052.81,"Total Cost": 209052.81,"Plan Rows": 118756,"Plan Width": 4,"Actual Startup Time": 10016.825,"Actual Total Time": 10016.839,"Actual Rows": 9,"Actual Loops": 4,"Hash Buckets": 131072,"Original Hash Buckets": 131072,"Hash Batches": 1,"Original Hash Batches": 1,"Peak Memory Usage": 1025,"Workers": [],"Plans": [{"Node Type": "Aggregate","Strategy": "Hashed","Partial Mode": "Simple","Parent Relationship": "Outer","Parallel Aware": false,"Async Capable": false,"Startup Cost": 202521.23,"Total Cost": 207865.25,"Plan Rows": 118756,"Plan Width": 4,"Actual Startup Time": 6319.140,"Actual Total Time": 10016.671,"Actual Rows": 9,"Actual Loops": 4,"Group Key": ["lineitem_1.l_orderkey"],"Filter": "(sum(lineitem_1.l_quantity) > '315'::numeric)","Planned Partitions": 0,"HashAgg Batches": 1,"Peak Memory Usage": 638993,"Disk Usage": 0,"Rows Removed by Filter": 1499991,"Workers": [{"Worker Number": 0,"HashAgg Batches": 1,"Peak Memory Usage": 638993,"Disk Usage": 0},{"Worker Number": 1,"HashAgg Batches": 1,"Peak Memory Usage": 638993,"Disk Usage": 0},{"Worker Number": 2,"HashAgg Batches": 1,"Peak Memory Usage": 638993,"Disk Usage": 0}],"Plans": [{"Node Type": "Seq Scan","Parent Relationship": "Outer","Parallel Aware": false,"Async Capable": false,"Relation Name": "lineitem","Alias": "lineitem_1","Startup Cost": 0.00,"Total Cost": 172515.15,"Plan Rows": 6001215,"Plan Width": 9,"Actual Startup Time": 0.018,"Actual Total Time": 971.843,"Actual Rows": 6001215,"Actual Loops": 4,"Workers": []}]}]}]},{"Node Type": "Index Scan","Parent Relationship": "Inner","Parallel Aware": false,"Async Capable": false,"Scan Direction": "Forward","Index Name": "idx_lineitem_orderkey","Relation Name": "lineitem","Alias": "lineitem","Startup Cost": 0.43,"Total Cost": 1.06,"Plan Rows": 17,"Plan Width": 9,"Actual Startup Time": 0.069,"Actual Total Time": 0.079,"Actual Rows": 7,"Actual Loops": 9,"Index Cond": "(l_orderkey = orders.o_orderkey)","Rows Removed by Index Recheck": 0,"Workers": []}]},{"Node Type": "Hash","Parent Relationship": "Inner","Parallel Aware": true,"Async Capable": false,"Startup Cost": 4210.00,"Total Cost": 4210.00,"Plan Rows": 62500,"Plan Width": 23,"Actual Startup Time": 33.677,"Actual Total Time": 33.684,"Actual Rows": 37500,"Actual Loops": 4,"Hash Buckets": 262144,"Original Hash Buckets": 262144,"Hash Batches": 1,"Original Hash Batches": 1,"Peak Memory Usage": 10368,"Workers": [],"Plans": [{"Node Type": "Seq Scan","Parent Relationship": "Outer","Parallel Aware": true,"Async Capable": false,"Relation Name": "customer","Alias": "customer","Startup Cost": 0.00,"Total Cost": 4210.00,"Plan Rows": 62500,"Plan Width": 23,"Actual Startup Time": 0.019,"Actual Total Time": 16.715,"Actual Rows": 37500,"Actual Loops": 4,"Workers": []}]}]}]}]}]},"Planning Time": 6.132,"Triggers": [],"Execution Time": 11002.531}]
[{"Plan": {"Node Type": "Sort","Parallel Aware": false,"Async Capable": false,"Startup Cost": 397889.21,"Total Cost": 399077.01,"Plan Rows": 475120,"Plan Width": 71,"Actual Startup Time": 10785.011,"Actual Total Time": 10839.032,"Actual Rows": 9,"Actual Loops": 1,"Sort Key": ["orders.o_totalprice DESC", "orders.o_orderdate"],"Sort Method": "quicksort","Sort Space Used": 25,"Sort Space Type": "Memory","Plans": [{"Node Type": "Aggregate","Strategy": "Hashed","Partial Mode": "Simple","Parent Relationship": "Outer","Parallel Aware": false,"Async Capable": false,"Startup Cost": 347151.30,"Total Cost": 353090.30,"Plan Rows": 475120,"Plan Width": 71,"Actual Startup Time": 10763.855,"Actual Total Time": 10838.848,"Actual Rows": 9,"Actual Loops": 1,"Group Key": ["customer.c_custkey", "orders.o_orderkey"],"Planned Partitions": 0,"HashAgg Batches": 1,"Peak Memory Usage": 24601,"Disk Usage": 0,"Plans": [{"Node Type": "Gather","Parent Relationship": "Outer","Parallel Aware": false,"Async Capable": false,"Startup Cost": 216528.94,"Total Cost": 343587.90,"Plan Rows": 475120,"Plan Width": 44,"Actual Startup Time": 9674.071,"Actual Total Time": 10813.470,"Actual Rows": 63,"Actual Loops": 1,"Workers Planned": 3,"Workers Launched": 3,"Single Copy": false,"Plans": [{"Node Type": "Hash Join","Parent Relationship": "Outer","Parallel Aware": true,"Async Capable": false,"Join Type": "Inner","Startup Cost": 215528.94,"Total Cost": 295075.90,"Plan Rows": 153265,"Plan Width": 44,"Actual Startup Time": 10141.072,"Actual Total Time": 10312.965,"Actual Rows": 16,"Actual Loops": 4,"Inner Unique": true,"Hash Cond": "(orders.o_custkey = customer.c_custkey)","Workers": [],"Plans": [{"Node Type": "Nested Loop","Parent Relationship": "Outer","Parallel Aware": false,"Async Capable": false,"Join Type": "Inner","Startup Cost": 210537.69,"Total Cost": 289682.32,"Plan Rows": 153265,"Plan Width": 25,"Actual Startup Time": 10104.129,"Actual Total Time": 10275.947,"Actual Rows": 16,"Actual Loops": 4,"Inner Unique": false,"Workers": [],"Plans": [{"Node Type": "Hash Join","Parent Relationship": "Outer","Parallel Aware": false,"Async Capable": false,"Join Type": "Inner","Startup Cost": 210537.26,"Total Cost": 242741.13,"Plan Rows": 38308,"Plan Width": 24,"Actual Startup Time": 10104.052,"Actual Total Time": 10275.739,"Actual Rows": 2,"Actual Loops": 4,"Inner Unique": true,"Hash Cond": "(orders.o_orderkey = lineitem_1.l_orderkey)","Workers": [],"Plans": [{"Node Type": "Seq Scan","Parent Relationship": "Outer","Parallel Aware": true,"Async Capable": false,"Relation Name": "orders","Alias": "orders","Startup Cost": 0.00,"Total Cost": 30933.71,"Plan Rows": 483871,"Plan Width": 20,"Actual Startup Time": 0.007,"Actual Total Time": 53.689,"Actual Rows": 375000,"Actual Loops": 4,"Workers": []},{"Node Type": "Hash","Parent Relationship": "Inner","Parallel Aware": false,"Async Capable": false,"Startup Cost": 209052.81,"Total Cost": 209052.81,"Plan Rows": 118756,"Plan Width": 4,"Actual Startup Time": 10025.157,"Actual Total Time": 10025.166,"Actual Rows": 9,"Actual Loops": 4,"Hash Buckets": 131072,"Original Hash Buckets": 131072,"Hash Batches": 1,"Original Hash Batches": 1,"Peak Memory Usage": 1025,"Workers": [],"Plans": [{"Node Type": "Aggregate","Strategy": "Hashed","Partial Mode": "Simple","Parent Relationship": "Outer","Parallel Aware": false,"Async Capable": false,"Startup Cost": 202521.23,"Total Cost": 207865.25,"Plan Rows": 118756,"Plan Width": 4,"Actual Startup Time": 6285.839,"Actual Total Time": 10024.981,"Actual Rows": 9,"Actual Loops": 4,"Group Key": ["lineitem_1.l_orderkey"],"Filter": "(sum(lineitem_1.l_quantity) > '314'::numeric)","Planned Partitions": 0,"HashAgg Batches": 1,"Peak Memory Usage": 638993,"Disk Usage": 0,"Rows Removed by Filter": 1499991,"Workers": [{"Worker Number": 0,"HashAgg Batches": 1,"Peak Memory Usage": 638993,"Disk Usage": 0},{"Worker Number": 1,"HashAgg Batches": 1,"Peak Memory Usage": 638993,"Disk Usage": 0},{"Worker Number": 2,"HashAgg Batches": 1,"Peak Memory Usage": 638993,"Disk Usage": 0}],"Plans": [{"Node Type": "Seq Scan","Parent Relationship": "Outer","Parallel Aware": false,"Async Capable": false,"Relation Name": "lineitem","Alias": "lineitem_1","Startup Cost": 0.00,"Total Cost": 172515.15,"Plan Rows": 6001215,"Plan Width": 9,"Actual Startup Time": 0.019,"Actual Total Time": 931.752,"Actual Rows": 6001215,"Actual Loops": 4,"Workers": []}]}]}]},{"Node Type": "Index Scan","Parent Relationship": "Inner","Parallel Aware": false,"Async Capable": false,"Scan Direction": "Forward","Index Name": "idx_lineitem_orderkey","Relation Name": "lineitem","Alias": "lineitem","Startup Cost": 0.43,"Total Cost": 1.06,"Plan Rows": 17,"Plan Width": 9,"Actual Startup Time": 0.055,"Actual Total Time": 0.062,"Actual Rows": 7,"Actual Loops": 9,"Index Cond": "(l_orderkey = orders.o_orderkey)","Rows Removed by Index Recheck": 0,"Workers": []}]},{"Node Type": "Hash","Parent Relationship": "Inner","Parallel Aware": true,"Async Capable": false,"Startup Cost": 4210.00,"Total Cost": 4210.00,"Plan Rows": 62500,"Plan Width": 23,"Actual Startup Time": 36.172,"Actual Total Time": 36.190,"Actual Rows": 37500,"Actual Loops": 4,"Hash Buckets": 262144,"Original Hash Buckets": 262144,"Hash Batches": 1,"Original Hash Batches": 1,"Peak Memory Usage": 10336,"Workers": [],"Plans": [{"Node Type": "Seq Scan","Parent Relationship": "Outer","Parallel Aware": true,"Async Capable": false,"Relation Name": "customer","Alias": "customer","Startup Cost": 0.00,"Total Cost": 4210.00,"Plan Rows": 62500,"Plan Width": 23,"Actual Startup Time": 0.024,"Actual Total Time": 17.933,"Actual Rows": 37500,"Actual Loops": 4,"Workers": []}]}]}]}]}]},"Planning Time": 6.881,"Triggers": [],"Execution Time": 10893.482}]
[{"Plan": {"Node Type": "Sort","Parallel Aware": false,"Async Capable": false,"Startup Cost": 397889.21,"Total Cost": 399077.01,"Plan Rows": 475120,"Plan Width": 71,"Actual Startup Time": 10950.105,"Actual Total Time": 10953.954,"Actual Rows": 9,"Actual Loops": 1,"Sort Key": ["orders.o_totalprice DESC", "orders.o_orderdate"],"Sort Method": "quicksort","Sort Space Used": 25,"Sort Space Type": "Memory","Plans": [{"Node Type": "Aggregate","Strategy": "Hashed","Partial Mode": "Simple","Parent Relationship": "Outer","Parallel Aware": false,"Async Capable": false,"Startup Cost": 347151.30,"Total Cost": 353090.30,"Plan Rows": 475120,"Plan Width": 71,"Actual Startup Time": 10902.471,"Actual Total Time": 10953.715,"Actual Rows": 9,"Actual Loops": 1,"Group Key": ["customer.c_custkey", "orders.o_orderkey"],"Planned Partitions": 0,"HashAgg Batches": 1,"Peak Memory Usage": 24601,"Disk Usage": 0,"Plans": [{"Node Type": "Gather","Parent Relationship": "Outer","Parallel Aware": false,"Async Capable": false,"Startup Cost": 216528.94,"Total Cost": 343587.90,"Plan Rows": 475120,"Plan Width": 44,"Actual Startup Time": 10893.800,"Actual Total Time": 10897.693,"Actual Rows": 63,"Actual Loops": 1,"Workers Planned": 3,"Workers Launched": 3,"Single Copy": false,"Plans": [{"Node Type": "Hash Join","Parent Relationship": "Outer","Parallel Aware": true,"Async Capable": false,"Join Type": "Inner","Startup Cost": 215528.94,"Total Cost": 295075.90,"Plan Rows": 153265,"Plan Width": 44,"Actual Startup Time": 10134.253,"Actual Total Time": 10314.794,"Actual Rows": 16,"Actual Loops": 4,"Inner Unique": true,"Hash Cond": "(orders.o_custkey = customer.c_custkey)","Workers": [],"Plans": [{"Node Type": "Nested Loop","Parent Relationship": "Outer","Parallel Aware": false,"Async Capable": false,"Join Type": "Inner","Startup Cost": 210537.69,"Total Cost": 289682.32,"Plan Rows": 153265,"Plan Width": 25,"Actual Startup Time": 10099.687,"Actual Total Time": 10280.153,"Actual Rows": 16,"Actual Loops": 4,"Inner Unique": false,"Workers": [],"Plans": [{"Node Type": "Hash Join","Parent Relationship": "Outer","Parallel Aware": false,"Async Capable": false,"Join Type": "Inner","Startup Cost": 210537.26,"Total Cost": 242741.13,"Plan Rows": 38308,"Plan Width": 24,"Actual Startup Time": 10099.575,"Actual Total Time": 10279.892,"Actual Rows": 2,"Actual Loops": 4,"Inner Unique": true,"Hash Cond": "(orders.o_orderkey = lineitem_1.l_orderkey)","Workers": [],"Plans": [{"Node Type": "Seq Scan","Parent Relationship": "Outer","Parallel Aware": true,"Async Capable": false,"Relation Name": "orders","Alias": "orders","Startup Cost": 0.00,"Total Cost": 30933.71,"Plan Rows": 483871,"Plan Width": 20,"Actual Startup Time": 0.011,"Actual Total Time": 51.627,"Actual Rows": 375000,"Actual Loops": 4,"Workers": []},{"Node Type": "Hash","Parent Relationship": "Inner","Parallel Aware": false,"Async Capable": false,"Startup Cost": 209052.81,"Total Cost": 209052.81,"Plan Rows": 118756,"Plan Width": 4,"Actual Startup Time": 10016.825,"Actual Total Time": 10016.839,"Actual Rows": 9,"Actual Loops": 4,"Hash Buckets": 131072,"Original Hash Buckets": 131072,"Hash Batches": 1,"Original Hash Batches": 1,"Peak Memory Usage": 1025,"Workers": [],"Plans": [{"Node Type": "Aggregate","Strategy": "Hashed","Partial Mode": "Simple","Parent Relationship": "Outer","Parallel Aware": false,"Async Capable": false,"Startup Cost": 202521.23,"Total Cost": 207865.25,"Plan Rows": 118756,"Plan Width": 4,"Actual Startup Time": 6319.140,"Actual Total Time": 10016.671,"Actual Rows": 9,"Actual Loops": 4,"Group Key": ["lineitem_1.l_orderkey"],"Filter": "(sum(lineitem_1.l_quantity) > '315'::numeric)","Planned Partitions": 0,"HashAgg Batches": 1,"Peak Memory Usage": 638993,"Disk Usage": 0,"Rows Removed by Filter": 1499991,"Workers": [{"Worker Number": 0,"HashAgg Batches": 1,"Peak Memory Usage": 638993,"Disk Usage": 0},{"Worker Number": 1,"HashAgg Batches": 1,"Peak Memory Usage": 638993,"Disk Usage": 0},{"Worker Number": 2,"HashAgg Batches": 1,"Peak Memory Usage": 638993,"Disk Usage": 0}],"Plans": [{"Node Type": "Seq Scan","Parent Relationship": "Outer","Parallel Aware": false,"Async Capable": false,"Relation Name": "lineitem","Alias": "lineitem_1","Startup Cost": 0.00,"Total Cost": 172515.15,"Plan Rows": 6001215,"Plan Width": 9,"Actual Startup Time": 0.018,"Actual Total Time": 971.843,"Actual Rows": 6001215,"Actual Loops": 4,"Workers": []}]}]}]},{"Node Type": "Index Scan","Parent Relationship": "Inner","Parallel Aware": false,"Async Capable": false,"Scan Direction": "Forward","Index Name": "idx_lineitem_orderkey","Relation Name": "lineitem","Alias": "lineitem","Startup Cost": 0.43,"Total Cost": 1.06,"Plan Rows": 17,"Plan Width": 9,"Actual Startup Time": 0.069,"Actual Total Time": 0.079,"Actual Rows": 7,"Actual Loops": 9,"Index Cond": "(l_orderkey = orders.o_orderkey)","Rows Removed by Index Recheck": 0,"Workers": []}]},{"Node Type": "Hash","Parent Relationship": "Inner","Parallel Aware": true,"Async Capable": false,"Startup Cost": 4210.00,"Total Cost": 4210.00,"Plan Rows": 62500,"Plan Width": 23,"Actual Startup Time": 33.677,"Actual Total Time": 33.684,"Actual Rows": 37500,"Actual Loops": 4,"Hash Buckets": 262144,"Original Hash Buckets": 262144,"Hash Batches": 1,"Original Hash Batches": 1,"Peak Memory Usage": 10368,"Workers": [],"Plans": [{"Node Type": "Seq Scan","Parent Relationship": "Outer","Parallel Aware": true,"Async Capable": false,"Relation Name": "customer","Alias": "customer","Startup Cost": 0.00,"Total Cost": 4210.00,"Plan Rows": 62500,"Plan Width": 23,"Actual Startup Time": 0.019,"Actual Total Time": 16.715,"Actual Rows": 37500,"Actual Loops": 4,"Workers": []}]}]}]}]}]},"Planning Time": 6.132,"Triggers": [],"Execution Time": 11002.531}]
[{"Plan": {"Node Type": "Sort","Parallel Aware": false,"Async Capable": false,"Startup Cost": 397889.21,"Total Cost": 399077.01,"Plan Rows": 475120,"Plan Width": 71,"Actual Startup Time": 10345.847,"Actual Total Time": 10377.998,"Actual Rows": 9,"Actual Loops": 1,"Sort Key": ["orders.o_totalprice DESC", "orders.o_orderdate"],"Sort Method": "quicksort","Sort Space Used": 25,"Sort Space Type": "Memory","Plans": [{"Node Type": "Aggregate","Strategy": "Hashed","Partial Mode": "Simple","Parent Relationship": "Outer","Parallel Aware": false,"Async Capable": false,"Startup Cost": 347151.30,"Total Cost": 353090.30,"Plan Rows": 475120,"Plan Width": 71,"Actual Startup Time": 10329.232,"Actual Total Time": 10377.856,"Actual Rows": 9,"Actual Loops": 1,"Group Key": ["customer.c_custkey", "orders.o_orderkey"],"Planned Partitions": 0,"HashAgg Batches": 1,"Peak Memory Usage": 24601,"Disk Usage": 0,"Plans": [{"Node Type": "Gather","Parent Relationship": "Outer","Parallel Aware": false,"Async Capable": false,"Startup Cost": 216528.94,"Total Cost": 343587.90,"Plan Rows": 475120,"Plan Width": 44,"Actual Startup Time": 10053.961,"Actual Total Time": 10357.615,"Actual Rows": 63,"Actual Loops": 1,"Workers Planned": 3,"Workers Launched": 3,"Single Copy": false,"Plans": [{"Node Type": "Hash Join","Parent Relationship": "Outer","Parallel Aware": true,"Async Capable": false,"Join Type": "Inner","Startup Cost": 215528.94,"Total Cost": 295075.90,"Plan Rows": 153265,"Plan Width": 44,"Actual Startup Time": 10157.696,"Actual Total Time": 10258.651,"Actual Rows": 16,"Actual Loops": 4,"Inner Unique": true,"Hash Cond": "(orders.o_custkey = customer.c_custkey)","Workers": [],"Plans": [{"Node Type": "Nested Loop","Parent Relationship": "Outer","Parallel Aware": false,"Async Capable": false,"Join Type": "Inner","Startup Cost": 210537.69,"Total Cost": 289682.32,"Plan Rows": 153265,"Plan Width": 25,"Actual Startup Time": 10123.332,"Actual Total Time": 10224.239,"Actual Rows": 16,"Actual Loops": 4,"Inner Unique": false,"Workers": [],"Plans": [{"Node Type": "Hash Join","Parent Relationship": "Outer","Parallel Aware": false,"Async Capable": false,"Join Type": "Inner","Startup Cost": 210537.26,"Total Cost": 242741.13,"Plan Rows": 38308,"Plan Width": 24,"Actual Startup Time": 10123.186,"Actual Total Time": 10223.998,"Actual Rows": 2,"Actual Loops": 4,"Inner Unique": true,"Hash Cond": "(orders.o_orderkey = lineitem_1.l_orderkey)","Workers": [],"Plans": [{"Node Type": "Seq Scan","Parent Relationship": "Outer","Parallel Aware": true,"Async Capable": false,"Relation Name": "orders","Alias": "orders","Startup Cost": 0.00,"Total Cost": 30933.71,"Plan Rows": 483871,"Plan Width": 20,"Actual Startup Time": 0.011,"Actual Total Time": 49.852,"Actual Rows": 375000,"Actual Loops": 4,"Workers": []},{"Node Type": "Hash","Parent Relationship": "Inner","Parallel Aware": false,"Async Capable": false,"Startup Cost": 209052.81,"Total Cost": 209052.81,"Plan Rows": 118756,"Plan Width": 4,"Actual Startup Time": 10005.666,"Actual Total Time": 10005.673,"Actual Rows": 9,"Actual Loops": 4,"Hash Buckets": 131072,"Original Hash Buckets": 131072,"Hash Batches": 1,"Original Hash Batches": 1,"Peak Memory Usage": 1025,"Workers": [],"Plans": [{"Node Type": "Aggregate","Strategy": "Hashed","Partial Mode": "Simple","Parent Relationship": "Outer","Parallel Aware": false,"Async Capable": false,"Startup Cost": 202521.23,"Total Cost": 207865.25,"Plan Rows": 118756,"Plan Width": 4,"Actual Startup Time": 6310.010,"Actual Total Time": 10005.543,"Actual Rows": 9,"Actual Loops": 4,"Group Key": ["lineitem_1.l_orderkey"],"Filter": "(sum(lineitem_1.l_quantity) > '313'::numeric)","Planned Partitions": 0,"HashAgg Batches": 1,"Peak Memory Usage": 638993,"Disk Usage": 0,"Rows Removed by Filter": 1499991,"Workers": [{"Worker Number": 0,"HashAgg Batches": 1,"Peak Memory Usage": 638993,"Disk Usage": 0},{"Worker Number": 1,"HashAgg Batches": 1,"Peak Memory Usage": 638993,"Disk Usage": 0},{"Worker Number": 2,"HashAgg Batches": 1,"Peak Memory Usage": 638993,"Disk Usage": 0}],"Plans": [{"Node Type": "Seq Scan","Parent Relationship": "Outer","Parallel Aware": false,"Async Capable": false,"Relation Name": "lineitem","Alias": "lineitem_1","Startup Cost": 0.00,"Total Cost": 172515.15,"Plan Rows": 6001215,"Plan Width": 9,"Actual Startup Time": 0.020,"Actual Total Time": 994.479,"Actual Rows": 6001215,"Actual Loops": 4,"Workers": []}]}]}]},{"Node Type": "Index Scan","Parent Relationship": "Inner","Parallel Aware": false,"Async Capable": false,"Scan Direction": "Forward","Index Name": "idx_lineitem_orderkey","Relation Name": "lineitem","Alias": "lineitem","Startup Cost": 0.43,"Total Cost": 1.06,"Plan Rows": 17,"Plan Width": 9,"Actual Startup Time": 0.068,"Actual Total Time": 0.075,"Actual Rows": 7,"Actual Loops": 9,"Index Cond": "(l_orderkey = orders.o_orderkey)","Rows Removed by Index Recheck": 0,"Workers": []}]},{"Node Type": "Hash","Parent Relationship": "Inner","Parallel Aware": true,"Async Capable": false,"Startup Cost": 4210.00,"Total Cost": 4210.00,"Plan Rows": 62500,"Plan Width": 23,"Actual Startup Time": 33.578,"Actual Total Time": 33.582,"Actual Rows": 37500,"Actual Loops": 4,"Hash Buckets": 262144,"Original Hash Buckets": 262144,"Hash Batches": 1,"Original Hash Batches": 1,"Peak Memory Usage": 10336,"Workers": [],"Plans": [{"Node Type": "Seq Scan","Parent Relationship": "Outer","Parallel Aware": true,"Async Capable": false,"Relation Name": "customer","Alias": "customer","Startup Cost": 0.00,"Total Cost": 4210.00,"Plan Rows": 62500,"Plan Width": 23,"Actual Startup Time": 0.023,"Actual Total Time": 16.777,"Actual Rows": 37500,"Actual Loops": 4,"Workers": []}]}]}]}]}]},"Planning Time": 6.662,"Triggers": [],"Execution Time": 10430.266}]
[{"Plan": {"Node Type": "Sort","Parallel Aware": false,"Async Capable": false,"Startup Cost": 397889.21,"Total Cost": 399077.01,"Plan Rows": 475120,"Plan Width": 71,"Actual Startup Time": 10887.509,"Actual Total Time": 10908.132,"Actual Rows": 10,"Actual Loops": 1,"Sort Key": ["orders.o_totalprice DESC", "orders.o_orderdate"],"Sort Method": "quicksort","Sort Space Used": 25,"Sort Space Type": "Memory","Plans": [{"Node Type": "Aggregate","Strategy": "Hashed","Partial Mode": "Simple","Parent Relationship": "Outer","Parallel Aware": false,"Async Capable": false,"Startup Cost": 347151.30,"Total Cost": 353090.30,"Plan Rows": 475120,"Plan Width": 71,"Actual Startup Time": 10848.812,"Actual Total Time": 10907.941,"Actual Rows": 10,"Actual Loops": 1,"Group Key": ["customer.c_custkey", "orders.o_orderkey"],"Planned Partitions": 0,"HashAgg Batches": 1,"Peak Memory Usage": 24601,"Disk Usage": 0,"Plans": [{"Node Type": "Gather","Parent Relationship": "Outer","Parallel Aware": false,"Async Capable": false,"Startup Cost": 216528.94,"Total Cost": 343587.90,"Plan Rows": 475120,"Plan Width": 44,"Actual Startup Time": 10782.037,"Actual Total Time": 10858.151,"Actual Rows": 70,"Actual Loops": 1,"Workers Planned": 3,"Workers Launched": 3,"Single Copy": false,"Plans": [{"Node Type": "Hash Join","Parent Relationship": "Outer","Parallel Aware": true,"Async Capable": false,"Join Type": "Inner","Startup Cost": 215528.94,"Total Cost": 295075.90,"Plan Rows": 153265,"Plan Width": 44,"Actual Startup Time": 10180.765,"Actual Total Time": 10348.312,"Actual Rows": 18,"Actual Loops": 4,"Inner Unique": true,"Hash Cond": "(orders.o_custkey = customer.c_custkey)","Workers": [],"Plans": [{"Node Type": "Nested Loop","Parent Relationship": "Outer","Parallel Aware": false,"Async Capable": false,"Join Type": "Inner","Startup Cost": 210537.69,"Total Cost": 289682.32,"Plan Rows": 153265,"Plan Width": 25,"Actual Startup Time": 10142.809,"Actual Total Time": 10310.270,"Actual Rows": 18,"Actual Loops": 4,"Inner Unique": false,"Workers": [],"Plans": [{"Node Type": "Hash Join","Parent Relationship": "Outer","Parallel Aware": false,"Async Capable": false,"Join Type": "Inner","Startup Cost": 210537.26,"Total Cost": 242741.13,"Plan Rows": 38308,"Plan Width": 24,"Actual Startup Time": 10142.670,"Actual Total Time": 10309.991,"Actual Rows": 2,"Actual Loops": 4,"Inner Unique": true,"Hash Cond": "(orders.o_orderkey = lineitem_1.l_orderkey)","Workers": [],"Plans": [{"Node Type": "Seq Scan","Parent Relationship": "Outer","Parallel Aware": true,"Async Capable": false,"Relation Name": "orders","Alias": "orders","Startup Cost": 0.00,"Total Cost": 30933.71,"Plan Rows": 483871,"Plan Width": 20,"Actual Startup Time": 0.009,"Actual Total Time": 49.040,"Actual Rows": 375000,"Actual Loops": 4,"Workers": []},{"Node Type": "Hash","Parent Relationship": "Inner","Parallel Aware": false,"Async Capable": false,"Startup Cost": 209052.81,"Total Cost": 209052.81,"Plan Rows": 118756,"Plan Width": 4,"Actual Startup Time": 10075.163,"Actual Total Time": 10075.176,"Actual Rows": 10,"Actual Loops": 4,"Hash Buckets": 131072,"Original Hash Buckets": 131072,"Hash Batches": 1,"Original Hash Batches": 1,"Peak Memory Usage": 1025,"Workers": [],"Plans": [{"Node Type": "Aggregate","Strategy": "Hashed","Partial Mode": "Simple","Parent Relationship": "Outer","Parallel Aware": false,"Async Capable": false,"Startup Cost": 202521.23,"Total Cost": 207865.25,"Plan Rows": 118756,"Plan Width": 4,"Actual Startup Time": 6293.151,"Actual Total Time": 10074.968,"Actual Rows": 10,"Actual Loops": 4,"Group Key": ["lineitem_1.l_orderkey"],"Filter": "(sum(lineitem_1.l_quantity) > '312'::numeric)","Planned Partitions": 0,"HashAgg Batches": 1,"Peak Memory Usage": 638993,"Disk Usage": 0,"Rows Removed by Filter": 1499990,"Workers": [{"Worker Number": 0,"HashAgg Batches": 1,"Peak Memory Usage": 638993,"Disk Usage": 0},{"Worker Number": 1,"HashAgg Batches": 1,"Peak Memory Usage": 638993,"Disk Usage": 0},{"Worker Number": 2,"HashAgg Batches": 1,"Peak Memory Usage": 638993,"Disk Usage": 0}],"Plans": [{"Node Type": "Seq Scan","Parent Relationship": "Outer","Parallel Aware": false,"Async Capable": false,"Relation Name": "lineitem","Alias": "lineitem_1","Startup Cost": 0.00,"Total Cost": 172515.15,"Plan Rows": 6001215,"Plan Width": 9,"Actual Startup Time": 0.021,"Actual Total Time": 960.546,"Actual Rows": 6001215,"Actual Loops": 4,"Workers": []}]}]}]},{"Node Type": "Index Scan","Parent Relationship": "Inner","Parallel Aware": false,"Async Capable": false,"Scan Direction": "Forward","Index Name": "idx_lineitem_orderkey","Relation Name": "lineitem","Alias": "lineitem","Startup Cost": 0.43,"Total Cost": 1.06,"Plan Rows": 17,"Plan Width": 9,"Actual Startup Time": 0.072,"Actual Total Time": 0.079,"Actual Rows": 7,"Actual Loops": 10,"Index Cond": "(l_orderkey = orders.o_orderkey)","Rows Removed by Index Recheck": 0,"Workers": []}]},{"Node Type": "Hash","Parent Relationship": "Inner","Parallel Aware": true,"Async Capable": false,"Startup Cost": 4210.00,"Total Cost": 4210.00,"Plan Rows": 62500,"Plan Width": 23,"Actual Startup Time": 37.105,"Actual Total Time": 37.114,"Actual Rows": 37500,"Actual Loops": 4,"Hash Buckets": 262144,"Original Hash Buckets": 262144,"Hash Batches": 1,"Original Hash Batches": 1,"Peak Memory Usage": 10368,"Workers": [],"Plans": [{"Node Type": "Seq Scan","Parent Relationship": "Outer","Parallel Aware": true,"Async Capable": false,"Relation Name": "customer","Alias": "customer","Startup Cost": 0.00,"Total Cost": 4210.00,"Plan Rows": 62500,"Plan Width": 23,"Actual Startup Time": 0.025,"Actual Total Time": 19.726,"Actual Rows": 37500,"Actual Loops": 4,"Workers": []}]}]}]}]}]},"Planning Time": 6.715,"Triggers": [],"Execution Time": 10961.817}]
[{"Plan": {"Node Type": "Sort","Parallel Aware": false,"Async Capable": false,"Startup Cost": 397889.21,"Total Cost": 399077.01,"Plan Rows": 475120,"Plan Width": 71,"Actual Startup Time": 10950.105,"Actual Total Time": 10953.954,"Actual Rows": 9,"Actual Loops": 1,"Sort Key": ["orders.o_totalprice DESC", "orders.o_orderdate"],"Sort Method": "quicksort","Sort Space Used": 25,"Sort Space Type": "Memory","Plans": [{"Node Type": "Aggregate","Strategy": "Hashed","Partial Mode": "Simple","Parent Relationship": "Outer","Parallel Aware": false,"Async Capable": false,"Startup Cost": 347151.30,"Total Cost": 353090.30,"Plan Rows": 475120,"Plan Width": 71,"Actual Startup Time": 10902.471,"Actual Total Time": 10953.715,"Actual Rows": 9,"Actual Loops": 1,"Group Key": ["customer.c_custkey", "orders.o_orderkey"],"Planned Partitions": 0,"HashAgg Batches": 1,"Peak Memory Usage": 24601,"Disk Usage": 0,"Plans": [{"Node Type": "Gather","Parent Relationship": "Outer","Parallel Aware": false,"Async Capable": false,"Startup Cost": 216528.94,"Total Cost": 343587.90,"Plan Rows": 475120,"Plan Width": 44,"Actual Startup Time": 10893.800,"Actual Total Time": 10897.693,"Actual Rows": 63,"Actual Loops": 1,"Workers Planned": 3,"Workers Launched": 3,"Single Copy": false,"Plans": [{"Node Type": "Hash Join","Parent Relationship": "Outer","Parallel Aware": true,"Async Capable": false,"Join Type": "Inner","Startup Cost": 215528.94,"Total Cost": 295075.90,"Plan Rows": 153265,"Plan Width": 44,"Actual Startup Time": 10134.253,"Actual Total Time": 10314.794,"Actual Rows": 16,"Actual Loops": 4,"Inner Unique": true,"Hash Cond": "(orders.o_custkey = customer.c_custkey)","Workers": [],"Plans": [{"Node Type": "Nested Loop","Parent Relationship": "Outer","Parallel Aware": false,"Async Capable": false,"Join Type": "Inner","Startup Cost": 210537.69,"Total Cost": 289682.32,"Plan Rows": 153265,"Plan Width": 25,"Actual Startup Time": 10099.687,"Actual Total Time": 10280.153,"Actual Rows": 16,"Actual Loops": 4,"Inner Unique": false,"Workers": [],"Plans": [{"Node Type": "Hash Join","Parent Relationship": "Outer","Parallel Aware": false,"Async Capable": false,"Join Type": "Inner","Startup Cost": 210537.26,"Total Cost": 242741.13,"Plan Rows": 38308,"Plan Width": 24,"Actual Startup Time": 10099.575,"Actual Total Time": 10279.892,"Actual Rows": 2,"Actual Loops": 4,"Inner Unique": true,"Hash Cond": "(orders.o_orderkey = lineitem_1.l_orderkey)","Workers": [],"Plans": [{"Node Type": "Seq Scan","Parent Relationship": "Outer","Parallel Aware": true,"Async Capable": false,"Relation Name": "orders","Alias": "orders","Startup Cost": 0.00,"Total Cost": 30933.71,"Plan Rows": 483871,"Plan Width": 20,"Actual Startup Time": 0.011,"Actual Total Time": 51.627,"Actual Rows": 375000,"Actual Loops": 4,"Workers": []},{"Node Type": "Hash","Parent Relationship": "Inner","Parallel Aware": false,"Async Capable": false,"Startup Cost": 209052.81,"Total Cost": 209052.81,"Plan Rows": 118756,"Plan Width": 4,"Actual Startup Time": 10016.825,"Actual Total Time": 10016.839,"Actual Rows": 9,"Actual Loops": 4,"Hash Buckets": 131072,"Original Hash Buckets": 131072,"Hash Batches": 1,"Original Hash Batches": 1,"Peak Memory Usage": 1025,"Workers": [],"Plans": [{"Node Type": "Aggregate","Strategy": "Hashed","Partial Mode": "Simple","Parent Relationship": "Outer","Parallel Aware": false,"Async Capable": false,"Startup Cost": 202521.23,"Total Cost": 207865.25,"Plan Rows": 118756,"Plan Width": 4,"Actual Startup Time": 6319.140,"Actual Total Time": 10016.671,"Actual Rows": 9,"Actual Loops": 4,"Group Key": ["lineitem_1.l_orderkey"],"Filter": "(sum(lineitem_1.l_quantity) > '315'::numeric)","Planned Partitions": 0,"HashAgg Batches": 1,"Peak Memory Usage": 638993,"Disk Usage": 0,"Rows Removed by Filter": 1499991,"Workers": [{"Worker Number": 0,"HashAgg Batches": 1,"Peak Memory Usage": 638993,"Disk Usage": 0},{"Worker Number": 1,"HashAgg Batches": 1,"Peak Memory Usage": 638993,"Disk Usage": 0},{"Worker Number": 2,"HashAgg Batches": 1,"Peak Memory Usage": 638993,"Disk Usage": 0}],"Plans": [{"Node Type": "Seq Scan","Parent Relationship": "Outer","Parallel Aware": false,"Async Capable": false,"Relation Name": "lineitem","Alias": "lineitem_1","Startup Cost": 0.00,"Total Cost": 172515.15,"Plan Rows": 6001215,"Plan Width": 9,"Actual Startup Time": 0.018,"Actual Total Time": 971.843,"Actual Rows": 6001215,"Actual Loops": 4,"Workers": []}]}]}]},{"Node Type": "Index Scan","Parent Relationship": "Inner","Parallel Aware": false,"Async Capable": false,"Scan Direction": "Forward","Index Name": "idx_lineitem_orderkey","Relation Name": "lineitem","Alias": "lineitem","Startup Cost": 0.43,"Total Cost": 1.06,"Plan Rows": 17,"Plan Width": 9,"Actual Startup Time": 0.069,"Actual Total Time": 0.079,"Actual Rows": 7,"Actual Loops": 9,"Index Cond": "(l_orderkey = orders.o_orderkey)","Rows Removed by Index Recheck": 0,"Workers": []}]},{"Node Type": "Hash","Parent Relationship": "Inner","Parallel Aware": true,"Async Capable": false,"Startup Cost": 4210.00,"Total Cost": 4210.00,"Plan Rows": 62500,"Plan Width": 23,"Actual Startup Time": 33.677,"Actual Total Time": 33.684,"Actual Rows": 37500,"Actual Loops": 4,"Hash Buckets": 262144,"Original Hash Buckets": 262144,"Hash Batches": 1,"Original Hash Batches": 1,"Peak Memory Usage": 10368,"Workers": [],"Plans": [{"Node Type": "Seq Scan","Parent Relationship": "Outer","Parallel Aware": true,"Async Capable": false,"Relation Name": "customer","Alias": "customer","Startup Cost": 0.00,"Total Cost": 4210.00,"Plan Rows": 62500,"Plan Width": 23,"Actual Startup Time": 0.019,"Actual Total Time": 16.715,"Actual Rows": 37500,"Actual Loops": 4,"Workers": []}]}]}]}]}]},"Planning Time": 6.132,"Triggers": [],"Execution Time": 11002.531}]
[{"Plan": {"Node Type": "Sort","Parallel Aware": false,"Async Capable": false,"Startup Cost": 397889.21,"Total Cost": 399077.01,"Plan Rows": 475120,"Plan Width": 71,"Actual Startup Time": 10345.847,"Actual Total Time": 10377.998,"Actual Rows": 9,"Actual Loops": 1,"Sort Key": ["orders.o_totalprice DESC", "orders.o_orderdate"],"Sort Method": "quicksort","Sort Space Used": 25,"Sort Space Type": "Memory","Plans": [{"Node Type": "Aggregate","Strategy": "Hashed","Partial Mode": "Simple","Parent Relationship": "Outer","Parallel Aware": false,"Async Capable": false,"Startup Cost": 347151.30,"Total Cost": 353090.30,"Plan Rows": 475120,"Plan Width": 71,"Actual Startup Time": 10329.232,"Actual Total Time": 10377.856,"Actual Rows": 9,"Actual Loops": 1,"Group Key": ["customer.c_custkey", "orders.o_orderkey"],"Planned Partitions": 0,"HashAgg Batches": 1,"Peak Memory Usage": 24601,"Disk Usage": 0,"Plans": [{"Node Type": "Gather","Parent Relationship": "Outer","Parallel Aware": false,"Async Capable": false,"Startup Cost": 216528.94,"Total Cost": 343587.90,"Plan Rows": 475120,"Plan Width": 44,"Actual Startup Time": 10053.961,"Actual Total Time": 10357.615,"Actual Rows": 63,"Actual Loops": 1,"Workers Planned": 3,"Workers Launched": 3,"Single Copy": false,"Plans": [{"Node Type": "Hash Join","Parent Relationship": "Outer","Parallel Aware": true,"Async Capable": false,"Join Type": "Inner","Startup Cost": 215528.94,"Total Cost": 295075.90,"Plan Rows": 153265,"Plan Width": 44,"Actual Startup Time": 10157.696,"Actual Total Time": 10258.651,"Actual Rows": 16,"Actual Loops": 4,"Inner Unique": true,"Hash Cond": "(orders.o_custkey = customer.c_custkey)","Workers": [],"Plans": [{"Node Type": "Nested Loop","Parent Relationship": "Outer","Parallel Aware": false,"Async Capable": false,"Join Type": "Inner","Startup Cost": 210537.69,"Total Cost": 289682.32,"Plan Rows": 153265,"Plan Width": 25,"Actual Startup Time": 10123.332,"Actual Total Time": 10224.239,"Actual Rows": 16,"Actual Loops": 4,"Inner Unique": false,"Workers": [],"Plans": [{"Node Type": "Hash Join","Parent Relationship": "Outer","Parallel Aware": false,"Async Capable": false,"Join Type": "Inner","Startup Cost": 210537.26,"Total Cost": 242741.13,"Plan Rows": 38308,"Plan Width": 24,"Actual Startup Time": 10123.186,"Actual Total Time": 10223.998,"Actual Rows": 2,"Actual Loops": 4,"Inner Unique": true,"Hash Cond": "(orders.o_orderkey = lineitem_1.l_orderkey)","Workers": [],"Plans": [{"Node Type": "Seq Scan","Parent Relationship": "Outer","Parallel Aware": true,"Async Capable": false,"Relation Name": "orders","Alias": "orders","Startup Cost": 0.00,"Total Cost": 30933.71,"Plan Rows": 483871,"Plan Width": 20,"Actual Startup Time": 0.011,"Actual Total Time": 49.852,"Actual Rows": 375000,"Actual Loops": 4,"Workers": []},{"Node Type": "Hash","Parent Relationship": "Inner","Parallel Aware": false,"Async Capable": false,"Startup Cost": 209052.81,"Total Cost": 209052.81,"Plan Rows": 118756,"Plan Width": 4,"Actual Startup Time": 10005.666,"Actual Total Time": 10005.673,"Actual Rows": 9,"Actual Loops": 4,"Hash Buckets": 131072,"Original Hash Buckets": 131072,"Hash Batches": 1,"Original Hash Batches": 1,"Peak Memory Usage": 1025,"Workers": [],"Plans": [{"Node Type": "Aggregate","Strategy": "Hashed","Partial Mode": "Simple","Parent Relationship": "Outer","Parallel Aware": false,"Async Capable": false,"Startup Cost": 202521.23,"Total Cost": 207865.25,"Plan Rows": 118756,"Plan Width": 4,"Actual Startup Time": 6310.010,"Actual Total Time": 10005.543,"Actual Rows": 9,"Actual Loops": 4,"Group Key": ["lineitem_1.l_orderkey"],"Filter": "(sum(lineitem_1.l_quantity) > '313'::numeric)","Planned Partitions": 0,"HashAgg Batches": 1,"Peak Memory Usage": 638993,"Disk Usage": 0,"Rows Removed by Filter": 1499991,"Workers": [{"Worker Number": 0,"HashAgg Batches": 1,"Peak Memory Usage": 638993,"Disk Usage": 0},{"Worker Number": 1,"HashAgg Batches": 1,"Peak Memory Usage": 638993,"Disk Usage": 0},{"Worker Number": 2,"HashAgg Batches": 1,"Peak Memory Usage": 638993,"Disk Usage": 0}],"Plans": [{"Node Type": "Seq Scan","Parent Relationship": "Outer","Parallel Aware": false,"Async Capable": false,"Relation Name": "lineitem","Alias": "lineitem_1","Startup Cost": 0.00,"Total Cost": 172515.15,"Plan Rows": 6001215,"Plan Width": 9,"Actual Startup Time": 0.020,"Actual Total Time": 994.479,"Actual Rows": 6001215,"Actual Loops": 4,"Workers": []}]}]}]},{"Node Type": "Index Scan","Parent Relationship": "Inner","Parallel Aware": false,"Async Capable": false,"Scan Direction": "Forward","Index Name": "idx_lineitem_orderkey","Relation Name": "lineitem","Alias": "lineitem","Startup Cost": 0.43,"Total Cost": 1.06,"Plan Rows": 17,"Plan Width": 9,"Actual Startup Time": 0.068,"Actual Total Time": 0.075,"Actual Rows": 7,"Actual Loops": 9,"Index Cond": "(l_orderkey = orders.o_orderkey)","Rows Removed by Index Recheck": 0,"Workers": []}]},{"Node Type": "Hash","Parent Relationship": "Inner","Parallel Aware": true,"Async Capable": false,"Startup Cost": 4210.00,"Total Cost": 4210.00,"Plan Rows": 62500,"Plan Width": 23,"Actual Startup Time": 33.578,"Actual Total Time": 33.582,"Actual Rows": 37500,"Actual Loops": 4,"Hash Buckets": 262144,"Original Hash Buckets": 262144,"Hash Batches": 1,"Original Hash Batches": 1,"Peak Memory Usage": 10336,"Workers": [],"Plans": [{"Node Type": "Seq Scan","Parent Relationship": "Outer","Parallel Aware": true,"Async Capable": false,"Relation Name": "customer","Alias": "customer","Startup Cost": 0.00,"Total Cost": 4210.00,"Plan Rows": 62500,"Plan Width": 23,"Actual Startup Time": 0.023,"Actual Total Time": 16.777,"Actual Rows": 37500,"Actual Loops": 4,"Workers": []}]}]}]}]}]},"Planning Time": 6.662,"Triggers": [],"Execution Time": 10430.266}]
[{"Plan": {"Node Type": "Sort","Parallel Aware": false,"Async Capable": false,"Startup Cost": 397889.21,"Total Cost": 399077.01,"Plan Rows": 475120,"Plan Width": 71,"Actual Startup Time": 10887.509,"Actual Total Time": 10908.132,"Actual Rows": 10,"Actual Loops": 1,"Sort Key": ["orders.o_totalprice DESC", "orders.o_orderdate"],"Sort Method": "quicksort","Sort Space Used": 25,"Sort Space Type": "Memory","Plans": [{"Node Type": "Aggregate","Strategy": "Hashed","Partial Mode": "Simple","Parent Relationship": "Outer","Parallel Aware": false,"Async Capable": false,"Startup Cost": 347151.30,"Total Cost": 353090.30,"Plan Rows": 475120,"Plan Width": 71,"Actual Startup Time": 10848.812,"Actual Total Time": 10907.941,"Actual Rows": 10,"Actual Loops": 1,"Group Key": ["customer.c_custkey", "orders.o_orderkey"],"Planned Partitions": 0,"HashAgg Batches": 1,"Peak Memory Usage": 24601,"Disk Usage": 0,"Plans": [{"Node Type": "Gather","Parent Relationship": "Outer","Parallel Aware": false,"Async Capable": false,"Startup Cost": 216528.94,"Total Cost": 343587.90,"Plan Rows": 475120,"Plan Width": 44,"Actual Startup Time": 10782.037,"Actual Total Time": 10858.151,"Actual Rows": 70,"Actual Loops": 1,"Workers Planned": 3,"Workers Launched": 3,"Single Copy": false,"Plans": [{"Node Type": "Hash Join","Parent Relationship": "Outer","Parallel Aware": true,"Async Capable": false,"Join Type": "Inner","Startup Cost": 215528.94,"Total Cost": 295075.90,"Plan Rows": 153265,"Plan Width": 44,"Actual Startup Time": 10180.765,"Actual Total Time": 10348.312,"Actual Rows": 18,"Actual Loops": 4,"Inner Unique": true,"Hash Cond": "(orders.o_custkey = customer.c_custkey)","Workers": [],"Plans": [{"Node Type": "Nested Loop","Parent Relationship": "Outer","Parallel Aware": false,"Async Capable": false,"Join Type": "Inner","Startup Cost": 210537.69,"Total Cost": 289682.32,"Plan Rows": 153265,"Plan Width": 25,"Actual Startup Time": 10142.809,"Actual Total Time": 10310.270,"Actual Rows": 18,"Actual Loops": 4,"Inner Unique": false,"Workers": [],"Plans": [{"Node Type": "Hash Join","Parent Relationship": "Outer","Parallel Aware": false,"Async Capable": false,"Join Type": "Inner","Startup Cost": 210537.26,"Total Cost": 242741.13,"Plan Rows": 38308,"Plan Width": 24,"Actual Startup Time": 10142.670,"Actual Total Time": 10309.991,"Actual Rows": 2,"Actual Loops": 4,"Inner Unique": true,"Hash Cond": "(orders.o_orderkey = lineitem_1.l_orderkey)","Workers": [],"Plans": [{"Node Type": "Seq Scan","Parent Relationship": "Outer","Parallel Aware": true,"Async Capable": false,"Relation Name": "orders","Alias": "orders","Startup Cost": 0.00,"Total Cost": 30933.71,"Plan Rows": 483871,"Plan Width": 20,"Actual Startup Time": 0.009,"Actual Total Time": 49.040,"Actual Rows": 375000,"Actual Loops": 4,"Workers": []},{"Node Type": "Hash","Parent Relationship": "Inner","Parallel Aware": false,"Async Capable": false,"Startup Cost": 209052.81,"Total Cost": 209052.81,"Plan Rows": 118756,"Plan Width": 4,"Actual Startup Time": 10075.163,"Actual Total Time": 10075.176,"Actual Rows": 10,"Actual Loops": 4,"Hash Buckets": 131072,"Original Hash Buckets": 131072,"Hash Batches": 1,"Original Hash Batches": 1,"Peak Memory Usage": 1025,"Workers": [],"Plans": [{"Node Type": "Aggregate","Strategy": "Hashed","Partial Mode": "Simple","Parent Relationship": "Outer","Parallel Aware": false,"Async Capable": false,"Startup Cost": 202521.23,"Total Cost": 207865.25,"Plan Rows": 118756,"Plan Width": 4,"Actual Startup Time": 6293.151,"Actual Total Time": 10074.968,"Actual Rows": 10,"Actual Loops": 4,"Group Key": ["lineitem_1.l_orderkey"],"Filter": "(sum(lineitem_1.l_quantity) > '312'::numeric)","Planned Partitions": 0,"HashAgg Batches": 1,"Peak Memory Usage": 638993,"Disk Usage": 0,"Rows Removed by Filter": 1499990,"Workers": [{"Worker Number": 0,"HashAgg Batches": 1,"Peak Memory Usage": 638993,"Disk Usage": 0},{"Worker Number": 1,"HashAgg Batches": 1,"Peak Memory Usage": 638993,"Disk Usage": 0},{"Worker Number": 2,"HashAgg Batches": 1,"Peak Memory Usage": 638993,"Disk Usage": 0}],"Plans": [{"Node Type": "Seq Scan","Parent Relationship": "Outer","Parallel Aware": false,"Async Capable": false,"Relation Name": "lineitem","Alias": "lineitem_1","Startup Cost": 0.00,"Total Cost": 172515.15,"Plan Rows": 6001215,"Plan Width": 9,"Actual Startup Time": 0.021,"Actual Total Time": 960.546,"Actual Rows": 6001215,"Actual Loops": 4,"Workers": []}]}]}]},{"Node Type": "Index Scan","Parent Relationship": "Inner","Parallel Aware": false,"Async Capable": false,"Scan Direction": "Forward","Index Name": "idx_lineitem_orderkey","Relation Name": "lineitem","Alias": "lineitem","Startup Cost": 0.43,"Total Cost": 1.06,"Plan Rows": 17,"Plan Width": 9,"Actual Startup Time": 0.072,"Actual Total Time": 0.079,"Actual Rows": 7,"Actual Loops": 10,"Index Cond": "(l_orderkey = orders.o_orderkey)","Rows Removed by Index Recheck": 0,"Workers": []}]},{"Node Type": "Hash","Parent Relationship": "Inner","Parallel Aware": true,"Async Capable": false,"Startup Cost": 4210.00,"Total Cost": 4210.00,"Plan Rows": 62500,"Plan Width": 23,"Actual Startup Time": 37.105,"Actual Total Time": 37.114,"Actual Rows": 37500,"Actual Loops": 4,"Hash Buckets": 262144,"Original Hash Buckets": 262144,"Hash Batches": 1,"Original Hash Batches": 1,"Peak Memory Usage": 10368,"Workers": [],"Plans": [{"Node Type": "Seq Scan","Parent Relationship": "Outer","Parallel Aware": true,"Async Capable": false,"Relation Name": "customer","Alias": "customer","Startup Cost": 0.00,"Total Cost": 4210.00,"Plan Rows": 62500,"Plan Width": 23,"Actual Startup Time": 0.025,"Actual Total Time": 19.726,"Actual Rows": 37500,"Actual Loops": 4,"Workers": []}]}]}]}]}]},"Planning Time": 6.715,"Triggers": [],"Execution Time": 10961.817}]
[{"Plan": {"Node Type": "Sort","Parallel Aware": false,"Async Capable": false,"Startup Cost": 397889.21,"Total Cost": 399077.01,"Plan Rows": 475120,"Plan Width": 71,"Actual Startup Time": 10345.847,"Actual Total Time": 10377.998,"Actual Rows": 9,"Actual Loops": 1,"Sort Key": ["orders.o_totalprice DESC", "orders.o_orderdate"],"Sort Method": "quicksort","Sort Space Used": 25,"Sort Space Type": "Memory","Plans": [{"Node Type": "Aggregate","Strategy": "Hashed","Partial Mode": "Simple","Parent Relationship": "Outer","Parallel Aware": false,"Async Capable": false,"Startup Cost": 347151.30,"Total Cost": 353090.30,"Plan Rows": 475120,"Plan Width": 71,"Actual Startup Time": 10329.232,"Actual Total Time": 10377.856,"Actual Rows": 9,"Actual Loops": 1,"Group Key": ["customer.c_custkey", "orders.o_orderkey"],"Planned Partitions": 0,"HashAgg Batches": 1,"Peak Memory Usage": 24601,"Disk Usage": 0,"Plans": [{"Node Type": "Gather","Parent Relationship": "Outer","Parallel Aware": false,"Async Capable": false,"Startup Cost": 216528.94,"Total Cost": 343587.90,"Plan Rows": 475120,"Plan Width": 44,"Actual Startup Time": 10053.961,"Actual Total Time": 10357.615,"Actual Rows": 63,"Actual Loops": 1,"Workers Planned": 3,"Workers Launched": 3,"Single Copy": false,"Plans": [{"Node Type": "Hash Join","Parent Relationship": "Outer","Parallel Aware": true,"Async Capable": false,"Join Type": "Inner","Startup Cost": 215528.94,"Total Cost": 295075.90,"Plan Rows": 153265,"Plan Width": 44,"Actual Startup Time": 10157.696,"Actual Total Time": 10258.651,"Actual Rows": 16,"Actual Loops": 4,"Inner Unique": true,"Hash Cond": "(orders.o_custkey = customer.c_custkey)","Workers": [],"Plans": [{"Node Type": "Nested Loop","Parent Relationship": "Outer","Parallel Aware": false,"Async Capable": false,"Join Type": "Inner","Startup Cost": 210537.69,"Total Cost": 289682.32,"Plan Rows": 153265,"Plan Width": 25,"Actual Startup Time": 10123.332,"Actual Total Time": 10224.239,"Actual Rows": 16,"Actual Loops": 4,"Inner Unique": false,"Workers": [],"Plans": [{"Node Type": "Hash Join","Parent Relationship": "Outer","Parallel Aware": false,"Async Capable": false,"Join Type": "Inner","Startup Cost": 210537.26,"Total Cost": 242741.13,"Plan Rows": 38308,"Plan Width": 24,"Actual Startup Time": 10123.186,"Actual Total Time": 10223.998,"Actual Rows": 2,"Actual Loops": 4,"Inner Unique": true,"Hash Cond": "(orders.o_orderkey = lineitem_1.l_orderkey)","Workers": [],"Plans": [{"Node Type": "Seq Scan","Parent Relationship": "Outer","Parallel Aware": true,"Async Capable": false,"Relation Name": "orders","Alias": "orders","Startup Cost": 0.00,"Total Cost": 30933.71,"Plan Rows": 483871,"Plan Width": 20,"Actual Startup Time": 0.011,"Actual Total Time": 49.852,"Actual Rows": 375000,"Actual Loops": 4,"Workers": []},{"Node Type": "Hash","Parent Relationship": "Inner","Parallel Aware": false,"Async Capable": false,"Startup Cost": 209052.81,"Total Cost": 209052.81,"Plan Rows": 118756,"Plan Width": 4,"Actual Startup Time": 10005.666,"Actual Total Time": 10005.673,"Actual Rows": 9,"Actual Loops": 4,"Hash Buckets": 131072,"Original Hash Buckets": 131072,"Hash Batches": 1,"Original Hash Batches": 1,"Peak Memory Usage": 1025,"Workers": [],"Plans": [{"Node Type": "Aggregate","Strategy": "Hashed","Partial Mode": "Simple","Parent Relationship": "Outer","Parallel Aware": false,"Async Capable": false,"Startup Cost": 202521.23,"Total Cost": 207865.25,"Plan Rows": 118756,"Plan Width": 4,"Actual Startup Time": 6310.010,"Actual Total Time": 10005.543,"Actual Rows": 9,"Actual Loops": 4,"Group Key": ["lineitem_1.l_orderkey"],"Filter": "(sum(lineitem_1.l_quantity) > '313'::numeric)","Planned Partitions": 0,"HashAgg Batches": 1,"Peak Memory Usage": 638993,"Disk Usage": 0,"Rows Removed by Filter": 1499991,"Workers": [{"Worker Number": 0,"HashAgg Batches": 1,"Peak Memory Usage": 638993,"Disk Usage": 0},{"Worker Number": 1,"HashAgg Batches": 1,"Peak Memory Usage": 638993,"Disk Usage": 0},{"Worker Number": 2,"HashAgg Batches": 1,"Peak Memory Usage": 638993,"Disk Usage": 0}],"Plans": [{"Node Type": "Seq Scan","Parent Relationship": "Outer","Parallel Aware": false,"Async Capable": false,"Relation Name": "lineitem","Alias": "lineitem_1","Startup Cost": 0.00,"Total Cost": 172515.15,"Plan Rows": 6001215,"Plan Width": 9,"Actual Startup Time": 0.020,"Actual Total Time": 994.479,"Actual Rows": 6001215,"Actual Loops": 4,"Workers": []}]}]}]},{"Node Type": "Index Scan","Parent Relationship": "Inner","Parallel Aware": false,"Async Capable": false,"Scan Direction": "Forward","Index Name": "idx_lineitem_orderkey","Relation Name": "lineitem","Alias": "lineitem","Startup Cost": 0.43,"Total Cost": 1.06,"Plan Rows": 17,"Plan Width": 9,"Actual Startup Time": 0.068,"Actual Total Time": 0.075,"Actual Rows": 7,"Actual Loops": 9,"Index Cond": "(l_orderkey = orders.o_orderkey)","Rows Removed by Index Recheck": 0,"Workers": []}]},{"Node Type": "Hash","Parent Relationship": "Inner","Parallel Aware": true,"Async Capable": false,"Startup Cost": 4210.00,"Total Cost": 4210.00,"Plan Rows": 62500,"Plan Width": 23,"Actual Startup Time": 33.578,"Actual Total Time": 33.582,"Actual Rows": 37500,"Actual Loops": 4,"Hash Buckets": 262144,"Original Hash Buckets": 262144,"Hash Batches": 1,"Original Hash Batches": 1,"Peak Memory Usage": 10336,"Workers": [],"Plans": [{"Node Type": "Seq Scan","Parent Relationship": "Outer","Parallel Aware": true,"Async Capable": false,"Relation Name": "customer","Alias": "customer","Startup Cost": 0.00,"Total Cost": 4210.00,"Plan Rows": 62500,"Plan Width": 23,"Actual Startup Time": 0.023,"Actual Total Time": 16.777,"Actual Rows": 37500,"Actual Loops": 4,"Workers": []}]}]}]}]}]},"Planning Time": 6.662,"Triggers": [],"Execution Time": 10430.266}]
[{"Plan": {"Node Type": "Sort","Parallel Aware": false,"Async Capable": false,"Startup Cost": 397889.21,"Total Cost": 399077.01,"Plan Rows": 475120,"Plan Width": 71,"Actual Startup Time": 10887.509,"Actual Total Time": 10908.132,"Actual Rows": 10,"Actual Loops": 1,"Sort Key": ["orders.o_totalprice DESC", "orders.o_orderdate"],"Sort Method": "quicksort","Sort Space Used": 25,"Sort Space Type": "Memory","Plans": [{"Node Type": "Aggregate","Strategy": "Hashed","Partial Mode": "Simple","Parent Relationship": "Outer","Parallel Aware": false,"Async Capable": false,"Startup Cost": 347151.30,"Total Cost": 353090.30,"Plan Rows": 475120,"Plan Width": 71,"Actual Startup Time": 10848.812,"Actual Total Time": 10907.941,"Actual Rows": 10,"Actual Loops": 1,"Group Key": ["customer.c_custkey", "orders.o_orderkey"],"Planned Partitions": 0,"HashAgg Batches": 1,"Peak Memory Usage": 24601,"Disk Usage": 0,"Plans": [{"Node Type": "Gather","Parent Relationship": "Outer","Parallel Aware": false,"Async Capable": false,"Startup Cost": 216528.94,"Total Cost": 343587.90,"Plan Rows": 475120,"Plan Width": 44,"Actual Startup Time": 10782.037,"Actual Total Time": 10858.151,"Actual Rows": 70,"Actual Loops": 1,"Workers Planned": 3,"Workers Launched": 3,"Single Copy": false,"Plans": [{"Node Type": "Hash Join","Parent Relationship": "Outer","Parallel Aware": true,"Async Capable": false,"Join Type": "Inner","Startup Cost": 215528.94,"Total Cost": 295075.90,"Plan Rows": 153265,"Plan Width": 44,"Actual Startup Time": 10180.765,"Actual Total Time": 10348.312,"Actual Rows": 18,"Actual Loops": 4,"Inner Unique": true,"Hash Cond": "(orders.o_custkey = customer.c_custkey)","Workers": [],"Plans": [{"Node Type": "Nested Loop","Parent Relationship": "Outer","Parallel Aware": false,"Async Capable": false,"Join Type": "Inner","Startup Cost": 210537.69,"Total Cost": 289682.32,"Plan Rows": 153265,"Plan Width": 25,"Actual Startup Time": 10142.809,"Actual Total Time": 10310.270,"Actual Rows": 18,"Actual Loops": 4,"Inner Unique": false,"Workers": [],"Plans": [{"Node Type": "Hash Join","Parent Relationship": "Outer","Parallel Aware": false,"Async Capable": false,"Join Type": "Inner","Startup Cost": 210537.26,"Total Cost": 242741.13,"Plan Rows": 38308,"Plan Width": 24,"Actual Startup Time": 10142.670,"Actual Total Time": 10309.991,"Actual Rows": 2,"Actual Loops": 4,"Inner Unique": true,"Hash Cond": "(orders.o_orderkey = lineitem_1.l_orderkey)","Workers": [],"Plans": [{"Node Type": "Seq Scan","Parent Relationship": "Outer","Parallel Aware": true,"Async Capable": false,"Relation Name": "orders","Alias": "orders","Startup Cost": 0.00,"Total Cost": 30933.71,"Plan Rows": 483871,"Plan Width": 20,"Actual Startup Time": 0.009,"Actual Total Time": 49.040,"Actual Rows": 375000,"Actual Loops": 4,"Workers": []},{"Node Type": "Hash","Parent Relationship": "Inner","Parallel Aware": false,"Async Capable": false,"Startup Cost": 209052.81,"Total Cost": 209052.81,"Plan Rows": 118756,"Plan Width": 4,"Actual Startup Time": 10075.163,"Actual Total Time": 10075.176,"Actual Rows": 10,"Actual Loops": 4,"Hash Buckets": 131072,"Original Hash Buckets": 131072,"Hash Batches": 1,"Original Hash Batches": 1,"Peak Memory Usage": 1025,"Workers": [],"Plans": [{"Node Type": "Aggregate","Strategy": "Hashed","Partial Mode": "Simple","Parent Relationship": "Outer","Parallel Aware": false,"Async Capable": false,"Startup Cost": 202521.23,"Total Cost": 207865.25,"Plan Rows": 118756,"Plan Width": 4,"Actual Startup Time": 6293.151,"Actual Total Time": 10074.968,"Actual Rows": 10,"Actual Loops": 4,"Group Key": ["lineitem_1.l_orderkey"],"Filter": "(sum(lineitem_1.l_quantity) > '312'::numeric)","Planned Partitions": 0,"HashAgg Batches": 1,"Peak Memory Usage": 638993,"Disk Usage": 0,"Rows Removed by Filter": 1499990,"Workers": [{"Worker Number": 0,"HashAgg Batches": 1,"Peak Memory Usage": 638993,"Disk Usage": 0},{"Worker Number": 1,"HashAgg Batches": 1,"Peak Memory Usage": 638993,"Disk Usage": 0},{"Worker Number": 2,"HashAgg Batches": 1,"Peak Memory Usage": 638993,"Disk Usage": 0}],"Plans": [{"Node Type": "Seq Scan","Parent Relationship": "Outer","Parallel Aware": false,"Async Capable": false,"Relation Name": "lineitem","Alias": "lineitem_1","Startup Cost": 0.00,"Total Cost": 172515.15,"Plan Rows": 6001215,"Plan Width": 9,"Actual Startup Time": 0.021,"Actual Total Time": 960.546,"Actual Rows": 6001215,"Actual Loops": 4,"Workers": []}]}]}]},{"Node Type": "Index Scan","Parent Relationship": "Inner","Parallel Aware": false,"Async Capable": false,"Scan Direction": "Forward","Index Name": "idx_lineitem_orderkey","Relation Name": "lineitem","Alias": "lineitem","Startup Cost": 0.43,"Total Cost": 1.06,"Plan Rows": 17,"Plan Width": 9,"Actual Startup Time": 0.072,"Actual Total Time": 0.079,"Actual Rows": 7,"Actual Loops": 10,"Index Cond": "(l_orderkey = orders.o_orderkey)","Rows Removed by Index Recheck": 0,"Workers": []}]},{"Node Type": "Hash","Parent Relationship": "Inner","Parallel Aware": true,"Async Capable": false,"Startup Cost": 4210.00,"Total Cost": 4210.00,"Plan Rows": 62500,"Plan Width": 23,"Actual Startup Time": 37.105,"Actual Total Time": 37.114,"Actual Rows": 37500,"Actual Loops": 4,"Hash Buckets": 262144,"Original Hash Buckets": 262144,"Hash Batches": 1,"Original Hash Batches": 1,"Peak Memory Usage": 10368,"Workers": [],"Plans": [{"Node Type": "Seq Scan","Parent Relationship": "Outer","Parallel Aware": true,"Async Capable": false,"Relation Name": "customer","Alias": "customer","Startup Cost": 0.00,"Total Cost": 4210.00,"Plan Rows": 62500,"Plan Width": 23,"Actual Startup Time": 0.025,"Actual Total Time": 19.726,"Actual Rows": 37500,"Actual Loops": 4,"Workers": []}]}]}]}]}]},"Planning Time": 6.715,"Triggers": [],"Execution Time": 10961.817}]
[{"Plan": {"Node Type": "Sort","Parallel Aware": false,"Async Capable": false,"Startup Cost": 397889.21,"Total Cost": 399077.01,"Plan Rows": 475120,"Plan Width": 71,"Actual Startup Time": 10950.105,"Actual Total Time": 10953.954,"Actual Rows": 9,"Actual Loops": 1,"Sort Key": ["orders.o_totalprice DESC", "orders.o_orderdate"],"Sort Method": "quicksort","Sort Space Used": 25,"Sort Space Type": "Memory","Plans": [{"Node Type": "Aggregate","Strategy": "Hashed","Partial Mode": "Simple","Parent Relationship": "Outer","Parallel Aware": false,"Async Capable": false,"Startup Cost": 347151.30,"Total Cost": 353090.30,"Plan Rows": 475120,"Plan Width": 71,"Actual Startup Time": 10902.471,"Actual Total Time": 10953.715,"Actual Rows": 9,"Actual Loops": 1,"Group Key": ["customer.c_custkey", "orders.o_orderkey"],"Planned Partitions": 0,"HashAgg Batches": 1,"Peak Memory Usage": 24601,"Disk Usage": 0,"Plans": [{"Node Type": "Gather","Parent Relationship": "Outer","Parallel Aware": false,"Async Capable": false,"Startup Cost": 216528.94,"Total Cost": 343587.90,"Plan Rows": 475120,"Plan Width": 44,"Actual Startup Time": 10893.800,"Actual Total Time": 10897.693,"Actual Rows": 63,"Actual Loops": 1,"Workers Planned": 3,"Workers Launched": 3,"Single Copy": false,"Plans": [{"Node Type": "Hash Join","Parent Relationship": "Outer","Parallel Aware": true,"Async Capable": false,"Join Type": "Inner","Startup Cost": 215528.94,"Total Cost": 295075.90,"Plan Rows": 153265,"Plan Width": 44,"Actual Startup Time": 10134.253,"Actual Total Time": 10314.794,"Actual Rows": 16,"Actual Loops": 4,"Inner Unique": true,"Hash Cond": "(orders.o_custkey = customer.c_custkey)","Workers": [],"Plans": [{"Node Type": "Nested Loop","Parent Relationship": "Outer","Parallel Aware": false,"Async Capable": false,"Join Type": "Inner","Startup Cost": 210537.69,"Total Cost": 289682.32,"Plan Rows": 153265,"Plan Width": 25,"Actual Startup Time": 10099.687,"Actual Total Time": 10280.153,"Actual Rows": 16,"Actual Loops": 4,"Inner Unique": false,"Workers": [],"Plans": [{"Node Type": "Hash Join","Parent Relationship": "Outer","Parallel Aware": false,"Async Capable": false,"Join Type": "Inner","Startup Cost": 210537.26,"Total Cost": 242741.13,"Plan Rows": 38308,"Plan Width": 24,"Actual Startup Time": 10099.575,"Actual Total Time": 10279.892,"Actual Rows": 2,"Actual Loops": 4,"Inner Unique": true,"Hash Cond": "(orders.o_orderkey = lineitem_1.l_orderkey)","Workers": [],"Plans": [{"Node Type": "Seq Scan","Parent Relationship": "Outer","Parallel Aware": true,"Async Capable": false,"Relation Name": "orders","Alias": "orders","Startup Cost": 0.00,"Total Cost": 30933.71,"Plan Rows": 483871,"Plan Width": 20,"Actual Startup Time": 0.011,"Actual Total Time": 51.627,"Actual Rows": 375000,"Actual Loops": 4,"Workers": []},{"Node Type": "Hash","Parent Relationship": "Inner","Parallel Aware": false,"Async Capable": false,"Startup Cost": 209052.81,"Total Cost": 209052.81,"Plan Rows": 118756,"Plan Width": 4,"Actual Startup Time": 10016.825,"Actual Total Time": 10016.839,"Actual Rows": 9,"Actual Loops": 4,"Hash Buckets": 131072,"Original Hash Buckets": 131072,"Hash Batches": 1,"Original Hash Batches": 1,"Peak Memory Usage": 1025,"Workers": [],"Plans": [{"Node Type": "Aggregate","Strategy": "Hashed","Partial Mode": "Simple","Parent Relationship": "Outer","Parallel Aware": false,"Async Capable": false,"Startup Cost": 202521.23,"Total Cost": 207865.25,"Plan Rows": 118756,"Plan Width": 4,"Actual Startup Time": 6319.140,"Actual Total Time": 10016.671,"Actual Rows": 9,"Actual Loops": 4,"Group Key": ["lineitem_1.l_orderkey"],"Filter": "(sum(lineitem_1.l_quantity) > '315'::numeric)","Planned Partitions": 0,"HashAgg Batches": 1,"Peak Memory Usage": 638993,"Disk Usage": 0,"Rows Removed by Filter": 1499991,"Workers": [{"Worker Number": 0,"HashAgg Batches": 1,"Peak Memory Usage": 638993,"Disk Usage": 0},{"Worker Number": 1,"HashAgg Batches": 1,"Peak Memory Usage": 638993,"Disk Usage": 0},{"Worker Number": 2,"HashAgg Batches": 1,"Peak Memory Usage": 638993,"Disk Usage": 0}],"Plans": [{"Node Type": "Seq Scan","Parent Relationship": "Outer","Parallel Aware": false,"Async Capable": false,"Relation Name": "lineitem","Alias": "lineitem_1","Startup Cost": 0.00,"Total Cost": 172515.15,"Plan Rows": 6001215,"Plan Width": 9,"Actual Startup Time": 0.018,"Actual Total Time": 971.843,"Actual Rows": 6001215,"Actual Loops": 4,"Workers": []}]}]}]},{"Node Type": "Index Scan","Parent Relationship": "Inner","Parallel Aware": false,"Async Capable": false,"Scan Direction": "Forward","Index Name": "idx_lineitem_orderkey","Relation Name": "lineitem","Alias": "lineitem","Startup Cost": 0.43,"Total Cost": 1.06,"Plan Rows": 17,"Plan Width": 9,"Actual Startup Time": 0.069,"Actual Total Time": 0.079,"Actual Rows": 7,"Actual Loops": 9,"Index Cond": "(l_orderkey = orders.o_orderkey)","Rows Removed by Index Recheck": 0,"Workers": []}]},{"Node Type": "Hash","Parent Relationship": "Inner","Parallel Aware": true,"Async Capable": false,"Startup Cost": 4210.00,"Total Cost": 4210.00,"Plan Rows": 62500,"Plan Width": 23,"Actual Startup Time": 33.677,"Actual Total Time": 33.684,"Actual Rows": 37500,"Actual Loops": 4,"Hash Buckets": 262144,"Original Hash Buckets": 262144,"Hash Batches": 1,"Original Hash Batches": 1,"Peak Memory Usage": 10368,"Workers": [],"Plans": [{"Node Type": "Seq Scan","Parent Relationship": "Outer","Parallel Aware": true,"Async Capable": false,"Relation Name": "customer","Alias": "customer","Startup Cost": 0.00,"Total Cost": 4210.00,"Plan Rows": 62500,"Plan Width": 23,"Actual Startup Time": 0.019,"Actual Total Time": 16.715,"Actual Rows": 37500,"Actual Loops": 4,"Workers": []}]}]}]}]}]},"Planning Time": 6.132,"Triggers": [],"Execution Time": 11002.531}]
[{"Plan": {"Node Type": "Sort","Parallel Aware": false,"Async Capable": false,"Startup Cost": 397889.21,"Total Cost": 399077.01,"Plan Rows": 475120,"Plan Width": 71,"Actual Startup Time": 10785.011,"Actual Total Time": 10839.032,"Actual Rows": 9,"Actual Loops": 1,"Sort Key": ["orders.o_totalprice DESC", "orders.o_orderdate"],"Sort Method": "quicksort","Sort Space Used": 25,"Sort Space Type": "Memory","Plans": [{"Node Type": "Aggregate","Strategy": "Hashed","Partial Mode": "Simple","Parent Relationship": "Outer","Parallel Aware": false,"Async Capable": false,"Startup Cost": 347151.30,"Total Cost": 353090.30,"Plan Rows": 475120,"Plan Width": 71,"Actual Startup Time": 10763.855,"Actual Total Time": 10838.848,"Actual Rows": 9,"Actual Loops": 1,"Group Key": ["customer.c_custkey", "orders.o_orderkey"],"Planned Partitions": 0,"HashAgg Batches": 1,"Peak Memory Usage": 24601,"Disk Usage": 0,"Plans": [{"Node Type": "Gather","Parent Relationship": "Outer","Parallel Aware": false,"Async Capable": false,"Startup Cost": 216528.94,"Total Cost": 343587.90,"Plan Rows": 475120,"Plan Width": 44,"Actual Startup Time": 9674.071,"Actual Total Time": 10813.470,"Actual Rows": 63,"Actual Loops": 1,"Workers Planned": 3,"Workers Launched": 3,"Single Copy": false,"Plans": [{"Node Type": "Hash Join","Parent Relationship": "Outer","Parallel Aware": true,"Async Capable": false,"Join Type": "Inner","Startup Cost": 215528.94,"Total Cost": 295075.90,"Plan Rows": 153265,"Plan Width": 44,"Actual Startup Time": 10141.072,"Actual Total Time": 10312.965,"Actual Rows": 16,"Actual Loops": 4,"Inner Unique": true,"Hash Cond": "(orders.o_custkey = customer.c_custkey)","Workers": [],"Plans": [{"Node Type": "Nested Loop","Parent Relationship": "Outer","Parallel Aware": false,"Async Capable": false,"Join Type": "Inner","Startup Cost": 210537.69,"Total Cost": 289682.32,"Plan Rows": 153265,"Plan Width": 25,"Actual Startup Time": 10104.129,"Actual Total Time": 10275.947,"Actual Rows": 16,"Actual Loops": 4,"Inner Unique": false,"Workers": [],"Plans": [{"Node Type": "Hash Join","Parent Relationship": "Outer","Parallel Aware": false,"Async Capable": false,"Join Type": "Inner","Startup Cost": 210537.26,"Total Cost": 242741.13,"Plan Rows": 38308,"Plan Width": 24,"Actual Startup Time": 10104.052,"Actual Total Time": 10275.739,"Actual Rows": 2,"Actual Loops": 4,"Inner Unique": true,"Hash Cond": "(orders.o_orderkey = lineitem_1.l_orderkey)","Workers": [],"Plans": [{"Node Type": "Seq Scan","Parent Relationship": "Outer","Parallel Aware": true,"Async Capable": false,"Relation Name": "orders","Alias": "orders","Startup Cost": 0.00,"Total Cost": 30933.71,"Plan Rows": 483871,"Plan Width": 20,"Actual Startup Time": 0.007,"Actual Total Time": 53.689,"Actual Rows": 375000,"Actual Loops": 4,"Workers": []},{"Node Type": "Hash","Parent Relationship": "Inner","Parallel Aware": false,"Async Capable": false,"Startup Cost": 209052.81,"Total Cost": 209052.81,"Plan Rows": 118756,"Plan Width": 4,"Actual Startup Time": 10025.157,"Actual Total Time": 10025.166,"Actual Rows": 9,"Actual Loops": 4,"Hash Buckets": 131072,"Original Hash Buckets": 131072,"Hash Batches": 1,"Original Hash Batches": 1,"Peak Memory Usage": 1025,"Workers": [],"Plans": [{"Node Type": "Aggregate","Strategy": "Hashed","Partial Mode": "Simple","Parent Relationship": "Outer","Parallel Aware": false,"Async Capable": false,"Startup Cost": 202521.23,"Total Cost": 207865.25,"Plan Rows": 118756,"Plan Width": 4,"Actual Startup Time": 6285.839,"Actual Total Time": 10024.981,"Actual Rows": 9,"Actual Loops": 4,"Group Key": ["lineitem_1.l_orderkey"],"Filter": "(sum(lineitem_1.l_quantity) > '314'::numeric)","Planned Partitions": 0,"HashAgg Batches": 1,"Peak Memory Usage": 638993,"Disk Usage": 0,"Rows Removed by Filter": 1499991,"Workers": [{"Worker Number": 0,"HashAgg Batches": 1,"Peak Memory Usage": 638993,"Disk Usage": 0},{"Worker Number": 1,"HashAgg Batches": 1,"Peak Memory Usage": 638993,"Disk Usage": 0},{"Worker Number": 2,"HashAgg Batches": 1,"Peak Memory Usage": 638993,"Disk Usage": 0}],"Plans": [{"Node Type": "Seq Scan","Parent Relationship": "Outer","Parallel Aware": false,"Async Capable": false,"Relation Name": "lineitem","Alias": "lineitem_1","Startup Cost": 0.00,"Total Cost": 172515.15,"Plan Rows": 6001215,"Plan Width": 9,"Actual Startup Time": 0.019,"Actual Total Time": 931.752,"Actual Rows": 6001215,"Actual Loops": 4,"Workers": []}]}]}]},{"Node Type": "Index Scan","Parent Relationship": "Inner","Parallel Aware": false,"Async Capable": false,"Scan Direction": "Forward","Index Name": "idx_lineitem_orderkey","Relation Name": "lineitem","Alias": "lineitem","Startup Cost": 0.43,"Total Cost": 1.06,"Plan Rows": 17,"Plan Width": 9,"Actual Startup Time": 0.055,"Actual Total Time": 0.062,"Actual Rows": 7,"Actual Loops": 9,"Index Cond": "(l_orderkey = orders.o_orderkey)","Rows Removed by Index Recheck": 0,"Workers": []}]},{"Node Type": "Hash","Parent Relationship": "Inner","Parallel Aware": true,"Async Capable": false,"Startup Cost": 4210.00,"Total Cost": 4210.00,"Plan Rows": 62500,"Plan Width": 23,"Actual Startup Time": 36.172,"Actual Total Time": 36.190,"Actual Rows": 37500,"Actual Loops": 4,"Hash Buckets": 262144,"Original Hash Buckets": 262144,"Hash Batches": 1,"Original Hash Batches": 1,"Peak Memory Usage": 10336,"Workers": [],"Plans": [{"Node Type": "Seq Scan","Parent Relationship": "Outer","Parallel Aware": true,"Async Capable": false,"Relation Name": "customer","Alias": "customer","Startup Cost": 0.00,"Total Cost": 4210.00,"Plan Rows": 62500,"Plan Width": 23,"Actual Startup Time": 0.024,"Actual Total Time": 17.933,"Actual Rows": 37500,"Actual Loops": 4,"Workers": []}]}]}]}]}]},"Planning Time": 6.881,"Triggers": [],"Execution Time": 10893.482}]
[{"Plan": {"Node Type": "Sort","Parallel Aware": false,"Async Capable": false,"Startup Cost": 397889.21,"Total Cost": 399077.01,"Plan Rows": 475120,"Plan Width": 71,"Actual Startup Time": 10950.105,"Actual Total Time": 10953.954,"Actual Rows": 9,"Actual Loops": 1,"Sort Key": ["orders.o_totalprice DESC", "orders.o_orderdate"],"Sort Method": "quicksort","Sort Space Used": 25,"Sort Space Type": "Memory","Plans": [{"Node Type": "Aggregate","Strategy": "Hashed","Partial Mode": "Simple","Parent Relationship": "Outer","Parallel Aware": false,"Async Capable": false,"Startup Cost": 347151.30,"Total Cost": 353090.30,"Plan Rows": 475120,"Plan Width": 71,"Actual Startup Time": 10902.471,"Actual Total Time": 10953.715,"Actual Rows": 9,"Actual Loops": 1,"Group Key": ["customer.c_custkey", "orders.o_orderkey"],"Planned Partitions": 0,"HashAgg Batches": 1,"Peak Memory Usage": 24601,"Disk Usage": 0,"Plans": [{"Node Type": "Gather","Parent Relationship": "Outer","Parallel Aware": false,"Async Capable": false,"Startup Cost": 216528.94,"Total Cost": 343587.90,"Plan Rows": 475120,"Plan Width": 44,"Actual Startup Time": 10893.800,"Actual Total Time": 10897.693,"Actual Rows": 63,"Actual Loops": 1,"Workers Planned": 3,"Workers Launched": 3,"Single Copy": false,"Plans": [{"Node Type": "Hash Join","Parent Relationship": "Outer","Parallel Aware": true,"Async Capable": false,"Join Type": "Inner","Startup Cost": 215528.94,"Total Cost": 295075.90,"Plan Rows": 153265,"Plan Width": 44,"Actual Startup Time": 10134.253,"Actual Total Time": 10314.794,"Actual Rows": 16,"Actual Loops": 4,"Inner Unique": true,"Hash Cond": "(orders.o_custkey = customer.c_custkey)","Workers": [],"Plans": [{"Node Type": "Nested Loop","Parent Relationship": "Outer","Parallel Aware": false,"Async Capable": false,"Join Type": "Inner","Startup Cost": 210537.69,"Total Cost": 289682.32,"Plan Rows": 153265,"Plan Width": 25,"Actual Startup Time": 10099.687,"Actual Total Time": 10280.153,"Actual Rows": 16,"Actual Loops": 4,"Inner Unique": false,"Workers": [],"Plans": [{"Node Type": "Hash Join","Parent Relationship": "Outer","Parallel Aware": false,"Async Capable": false,"Join Type": "Inner","Startup Cost": 210537.26,"Total Cost": 242741.13,"Plan Rows": 38308,"Plan Width": 24,"Actual Startup Time": 10099.575,"Actual Total Time": 10279.892,"Actual Rows": 2,"Actual Loops": 4,"Inner Unique": true,"Hash Cond": "(orders.o_orderkey = lineitem_1.l_orderkey)","Workers": [],"Plans": [{"Node Type": "Seq Scan","Parent Relationship": "Outer","Parallel Aware": true,"Async Capable": false,"Relation Name": "orders","Alias": "orders","Startup Cost": 0.00,"Total Cost": 30933.71,"Plan Rows": 483871,"Plan Width": 20,"Actual Startup Time": 0.011,"Actual Total Time": 51.627,"Actual Rows": 375000,"Actual Loops": 4,"Workers": []},{"Node Type": "Hash","Parent Relationship": "Inner","Parallel Aware": false,"Async Capable": false,"Startup Cost": 209052.81,"Total Cost": 209052.81,"Plan Rows": 118756,"Plan Width": 4,"Actual Startup Time": 10016.825,"Actual Total Time": 10016.839,"Actual Rows": 9,"Actual Loops": 4,"Hash Buckets": 131072,"Original Hash Buckets": 131072,"Hash Batches": 1,"Original Hash Batches": 1,"Peak Memory Usage": 1025,"Workers": [],"Plans": [{"Node Type": "Aggregate","Strategy": "Hashed","Partial Mode": "Simple","Parent Relationship": "Outer","Parallel Aware": false,"Async Capable": false,"Startup Cost": 202521.23,"Total Cost": 207865.25,"Plan Rows": 118756,"Plan Width": 4,"Actual Startup Time": 6319.140,"Actual Total Time": 10016.671,"Actual Rows": 9,"Actual Loops": 4,"Group Key": ["lineitem_1.l_orderkey"],"Filter": "(sum(lineitem_1.l_quantity) > '315'::numeric)","Planned Partitions": 0,"HashAgg Batches": 1,"Peak Memory Usage": 638993,"Disk Usage": 0,"Rows Removed by Filter": 1499991,"Workers": [{"Worker Number": 0,"HashAgg Batches": 1,"Peak Memory Usage": 638993,"Disk Usage": 0},{"Worker Number": 1,"HashAgg Batches": 1,"Peak Memory Usage": 638993,"Disk Usage": 0},{"Worker Number": 2,"HashAgg Batches": 1,"Peak Memory Usage": 638993,"Disk Usage": 0}],"Plans": [{"Node Type": "Seq Scan","Parent Relationship": "Outer","Parallel Aware": false,"Async Capable": false,"Relation Name": "lineitem","Alias": "lineitem_1","Startup Cost": 0.00,"Total Cost": 172515.15,"Plan Rows": 6001215,"Plan Width": 9,"Actual Startup Time": 0.018,"Actual Total Time": 971.843,"Actual Rows": 6001215,"Actual Loops": 4,"Workers": []}]}]}]},{"Node Type": "Index Scan","Parent Relationship": "Inner","Parallel Aware": false,"Async Capable": false,"Scan Direction": "Forward","Index Name": "idx_lineitem_orderkey","Relation Name": "lineitem","Alias": "lineitem","Startup Cost": 0.43,"Total Cost": 1.06,"Plan Rows": 17,"Plan Width": 9,"Actual Startup Time": 0.069,"Actual Total Time": 0.079,"Actual Rows": 7,"Actual Loops": 9,"Index Cond": "(l_orderkey = orders.o_orderkey)","Rows Removed by Index Recheck": 0,"Workers": []}]},{"Node Type": "Hash","Parent Relationship": "Inner","Parallel Aware": true,"Async Capable": false,"Startup Cost": 4210.00,"Total Cost": 4210.00,"Plan Rows": 62500,"Plan Width": 23,"Actual Startup Time": 33.677,"Actual Total Time": 33.684,"Actual Rows": 37500,"Actual Loops": 4,"Hash Buckets": 262144,"Original Hash Buckets": 262144,"Hash Batches": 1,"Original Hash Batches": 1,"Peak Memory Usage": 10368,"Workers": [],"Plans": [{"Node Type": "Seq Scan","Parent Relationship": "Outer","Parallel Aware": true,"Async Capable": false,"Relation Name": "customer","Alias": "customer","Startup Cost": 0.00,"Total Cost": 4210.00,"Plan Rows": 62500,"Plan Width": 23,"Actual Startup Time": 0.019,"Actual Total Time": 16.715,"Actual Rows": 37500,"Actual Loops": 4,"Workers": []}]}]}]}]}]},"Planning Time": 6.132,"Triggers": [],"Execution Time": 11002.531}]
[{"Plan": {"Node Type": "Sort","Parallel Aware": false,"Async Capable": false,"Startup Cost": 397889.21,"Total Cost": 399077.01,"Plan Rows": 475120,"Plan Width": 71,"Actual Startup Time": 10950.105,"Actual Total Time": 10953.954,"Actual Rows": 9,"Actual Loops": 1,"Sort Key": ["orders.o_totalprice DESC", "orders.o_orderdate"],"Sort Method": "quicksort","Sort Space Used": 25,"Sort Space Type": "Memory","Plans": [{"Node Type": "Aggregate","Strategy": "Hashed","Partial Mode": "Simple","Parent Relationship": "Outer","Parallel Aware": false,"Async Capable": false,"Startup Cost": 347151.30,"Total Cost": 353090.30,"Plan Rows": 475120,"Plan Width": 71,"Actual Startup Time": 10902.471,"Actual Total Time": 10953.715,"Actual Rows": 9,"Actual Loops": 1,"Group Key": ["customer.c_custkey", "orders.o_orderkey"],"Planned Partitions": 0,"HashAgg Batches": 1,"Peak Memory Usage": 24601,"Disk Usage": 0,"Plans": [{"Node Type": "Gather","Parent Relationship": "Outer","Parallel Aware": false,"Async Capable": false,"Startup Cost": 216528.94,"Total Cost": 343587.90,"Plan Rows": 475120,"Plan Width": 44,"Actual Startup Time": 10893.800,"Actual Total Time": 10897.693,"Actual Rows": 63,"Actual Loops": 1,"Workers Planned": 3,"Workers Launched": 3,"Single Copy": false,"Plans": [{"Node Type": "Hash Join","Parent Relationship": "Outer","Parallel Aware": true,"Async Capable": false,"Join Type": "Inner","Startup Cost": 215528.94,"Total Cost": 295075.90,"Plan Rows": 153265,"Plan Width": 44,"Actual Startup Time": 10134.253,"Actual Total Time": 10314.794,"Actual Rows": 16,"Actual Loops": 4,"Inner Unique": true,"Hash Cond": "(orders.o_custkey = customer.c_custkey)","Workers": [],"Plans": [{"Node Type": "Nested Loop","Parent Relationship": "Outer","Parallel Aware": false,"Async Capable": false,"Join Type": "Inner","Startup Cost": 210537.69,"Total Cost": 289682.32,"Plan Rows": 153265,"Plan Width": 25,"Actual Startup Time": 10099.687,"Actual Total Time": 10280.153,"Actual Rows": 16,"Actual Loops": 4,"Inner Unique": false,"Workers": [],"Plans": [{"Node Type": "Hash Join","Parent Relationship": "Outer","Parallel Aware": false,"Async Capable": false,"Join Type": "Inner","Startup Cost": 210537.26,"Total Cost": 242741.13,"Plan Rows": 38308,"Plan Width": 24,"Actual Startup Time": 10099.575,"Actual Total Time": 10279.892,"Actual Rows": 2,"Actual Loops": 4,"Inner Unique": true,"Hash Cond": "(orders.o_orderkey = lineitem_1.l_orderkey)","Workers": [],"Plans": [{"Node Type": "Seq Scan","Parent Relationship": "Outer","Parallel Aware": true,"Async Capable": false,"Relation Name": "orders","Alias": "orders","Startup Cost": 0.00,"Total Cost": 30933.71,"Plan Rows": 483871,"Plan Width": 20,"Actual Startup Time": 0.011,"Actual Total Time": 51.627,"Actual Rows": 375000,"Actual Loops": 4,"Workers": []},{"Node Type": "Hash","Parent Relationship": "Inner","Parallel Aware": false,"Async Capable": false,"Startup Cost": 209052.81,"Total Cost": 209052.81,"Plan Rows": 118756,"Plan Width": 4,"Actual Startup Time": 10016.825,"Actual Total Time": 10016.839,"Actual Rows": 9,"Actual Loops": 4,"Hash Buckets": 131072,"Original Hash Buckets": 131072,"Hash Batches": 1,"Original Hash Batches": 1,"Peak Memory Usage": 1025,"Workers": [],"Plans": [{"Node Type": "Aggregate","Strategy": "Hashed","Partial Mode": "Simple","Parent Relationship": "Outer","Parallel Aware": false,"Async Capable": false,"Startup Cost": 202521.23,"Total Cost": 207865.25,"Plan Rows": 118756,"Plan Width": 4,"Actual Startup Time": 6319.140,"Actual Total Time": 10016.671,"Actual Rows": 9,"Actual Loops": 4,"Group Key": ["lineitem_1.l_orderkey"],"Filter": "(sum(lineitem_1.l_quantity) > '315'::numeric)","Planned Partitions": 0,"HashAgg Batches": 1,"Peak Memory Usage": 638993,"Disk Usage": 0,"Rows Removed by Filter": 1499991,"Workers": [{"Worker Number": 0,"HashAgg Batches": 1,"Peak Memory Usage": 638993,"Disk Usage": 0},{"Worker Number": 1,"HashAgg Batches": 1,"Peak Memory Usage": 638993,"Disk Usage": 0},{"Worker Number": 2,"HashAgg Batches": 1,"Peak Memory Usage": 638993,"Disk Usage": 0}],"Plans": [{"Node Type": "Seq Scan","Parent Relationship": "Outer","Parallel Aware": false,"Async Capable": false,"Relation Name": "lineitem","Alias": "lineitem_1","Startup Cost": 0.00,"Total Cost": 172515.15,"Plan Rows": 6001215,"Plan Width": 9,"Actual Startup Time": 0.018,"Actual Total Time": 971.843,"Actual Rows": 6001215,"Actual Loops": 4,"Workers": []}]}]}]},{"Node Type": "Index Scan","Parent Relationship": "Inner","Parallel Aware": false,"Async Capable": false,"Scan Direction": "Forward","Index Name": "idx_lineitem_orderkey","Relation Name": "lineitem","Alias": "lineitem","Startup Cost": 0.43,"Total Cost": 1.06,"Plan Rows": 17,"Plan Width": 9,"Actual Startup Time": 0.069,"Actual Total Time": 0.079,"Actual Rows": 7,"Actual Loops": 9,"Index Cond": "(l_orderkey = orders.o_orderkey)","Rows Removed by Index Recheck": 0,"Workers": []}]},{"Node Type": "Hash","Parent Relationship": "Inner","Parallel Aware": true,"Async Capable": false,"Startup Cost": 4210.00,"Total Cost": 4210.00,"Plan Rows": 62500,"Plan Width": 23,"Actual Startup Time": 33.677,"Actual Total Time": 33.684,"Actual Rows": 37500,"Actual Loops": 4,"Hash Buckets": 262144,"Original Hash Buckets": 262144,"Hash Batches": 1,"Original Hash Batches": 1,"Peak Memory Usage": 10368,"Workers": [],"Plans": [{"Node Type": "Seq Scan","Parent Relationship": "Outer","Parallel Aware": true,"Async Capable": false,"Relation Name": "customer","Alias": "customer","Startup Cost": 0.00,"Total Cost": 4210.00,"Plan Rows": 62500,"Plan Width": 23,"Actual Startup Time": 0.019,"Actual Total Time": 16.715,"Actual Rows": 37500,"Actual Loops": 4,"Workers": []}]}]}]}]}]},"Planning Time": 6.132,"Triggers": [],"Execution Time": 11002.531}]
[{"Plan": {"Node Type": "Sort","Parallel Aware": false,"Async Capable": false,"Startup Cost": 397889.21,"Total Cost": 399077.01,"Plan Rows": 475120,"Plan Width": 71,"Actual Startup Time": 10950.105,"Actual Total Time": 10953.954,"Actual Rows": 9,"Actual Loops": 1,"Sort Key": ["orders.o_totalprice DESC", "orders.o_orderdate"],"Sort Method": "quicksort","Sort Space Used": 25,"Sort Space Type": "Memory","Plans": [{"Node Type": "Aggregate","Strategy": "Hashed","Partial Mode": "Simple","Parent Relationship": "Outer","Parallel Aware": false,"Async Capable": false,"Startup Cost": 347151.30,"Total Cost": 353090.30,"Plan Rows": 475120,"Plan Width": 71,"Actual Startup Time": 10902.471,"Actual Total Time": 10953.715,"Actual Rows": 9,"Actual Loops": 1,"Group Key": ["customer.c_custkey", "orders.o_orderkey"],"Planned Partitions": 0,"HashAgg Batches": 1,"Peak Memory Usage": 24601,"Disk Usage": 0,"Plans": [{"Node Type": "Gather","Parent Relationship": "Outer","Parallel Aware": false,"Async Capable": false,"Startup Cost": 216528.94,"Total Cost": 343587.90,"Plan Rows": 475120,"Plan Width": 44,"Actual Startup Time": 10893.800,"Actual Total Time": 10897.693,"Actual Rows": 63,"Actual Loops": 1,"Workers Planned": 3,"Workers Launched": 3,"Single Copy": false,"Plans": [{"Node Type": "Hash Join","Parent Relationship": "Outer","Parallel Aware": true,"Async Capable": false,"Join Type": "Inner","Startup Cost": 215528.94,"Total Cost": 295075.90,"Plan Rows": 153265,"Plan Width": 44,"Actual Startup Time": 10134.253,"Actual Total Time": 10314.794,"Actual Rows": 16,"Actual Loops": 4,"Inner Unique": true,"Hash Cond": "(orders.o_custkey = customer.c_custkey)","Workers": [],"Plans": [{"Node Type": "Nested Loop","Parent Relationship": "Outer","Parallel Aware": false,"Async Capable": false,"Join Type": "Inner","Startup Cost": 210537.69,"Total Cost": 289682.32,"Plan Rows": 153265,"Plan Width": 25,"Actual Startup Time": 10099.687,"Actual Total Time": 10280.153,"Actual Rows": 16,"Actual Loops": 4,"Inner Unique": false,"Workers": [],"Plans": [{"Node Type": "Hash Join","Parent Relationship": "Outer","Parallel Aware": false,"Async Capable": false,"Join Type": "Inner","Startup Cost": 210537.26,"Total Cost": 242741.13,"Plan Rows": 38308,"Plan Width": 24,"Actual Startup Time": 10099.575,"Actual Total Time": 10279.892,"Actual Rows": 2,"Actual Loops": 4,"Inner Unique": true,"Hash Cond": "(orders.o_orderkey = lineitem_1.l_orderkey)","Workers": [],"Plans": [{"Node Type": "Seq Scan","Parent Relationship": "Outer","Parallel Aware": true,"Async Capable": false,"Relation Name": "orders","Alias": "orders","Startup Cost": 0.00,"Total Cost": 30933.71,"Plan Rows": 483871,"Plan Width": 20,"Actual Startup Time": 0.011,"Actual Total Time": 51.627,"Actual Rows": 375000,"Actual Loops": 4,"Workers": []},{"Node Type": "Hash","Parent Relationship": "Inner","Parallel Aware": false,"Async Capable": false,"Startup Cost": 209052.81,"Total Cost": 209052.81,"Plan Rows": 118756,"Plan Width": 4,"Actual Startup Time": 10016.825,"Actual Total Time": 10016.839,"Actual Rows": 9,"Actual Loops": 4,"Hash Buckets": 131072,"Original Hash Buckets": 131072,"Hash Batches": 1,"Original Hash Batches": 1,"Peak Memory Usage": 1025,"Workers": [],"Plans": [{"Node Type": "Aggregate","Strategy": "Hashed","Partial Mode": "Simple","Parent Relationship": "Outer","Parallel Aware": false,"Async Capable": false,"Startup Cost": 202521.23,"Total Cost": 207865.25,"Plan Rows": 118756,"Plan Width": 4,"Actual Startup Time": 6319.140,"Actual Total Time": 10016.671,"Actual Rows": 9,"Actual Loops": 4,"Group Key": ["lineitem_1.l_orderkey"],"Filter": "(sum(lineitem_1.l_quantity) > '315'::numeric)","Planned Partitions": 0,"HashAgg Batches": 1,"Peak Memory Usage": 638993,"Disk Usage": 0,"Rows Removed by Filter": 1499991,"Workers": [{"Worker Number": 0,"HashAgg Batches": 1,"Peak Memory Usage": 638993,"Disk Usage": 0},{"Worker Number": 1,"HashAgg Batches": 1,"Peak Memory Usage": 638993,"Disk Usage": 0},{"Worker Number": 2,"HashAgg Batches": 1,"Peak Memory Usage": 638993,"Disk Usage": 0}],"Plans": [{"Node Type": "Seq Scan","Parent Relationship": "Outer","Parallel Aware": false,"Async Capable": false,"Relation Name": "lineitem","Alias": "lineitem_1","Startup Cost": 0.00,"Total Cost": 172515.15,"Plan Rows": 6001215,"Plan Width": 9,"Actual Startup Time": 0.018,"Actual Total Time": 971.843,"Actual Rows": 6001215,"Actual Loops": 4,"Workers": []}]}]}]},{"Node Type": "Index Scan","Parent Relationship": "Inner","Parallel Aware": false,"Async Capable": false,"Scan Direction": "Forward","Index Name": "idx_lineitem_orderkey","Relation Name": "lineitem","Alias": "lineitem","Startup Cost": 0.43,"Total Cost": 1.06,"Plan Rows": 17,"Plan Width": 9,"Actual Startup Time": 0.069,"Actual Total Time": 0.079,"Actual Rows": 7,"Actual Loops": 9,"Index Cond": "(l_orderkey = orders.o_orderkey)","Rows Removed by Index Recheck": 0,"Workers": []}]},{"Node Type": "Hash","Parent Relationship": "Inner","Parallel Aware": true,"Async Capable": false,"Startup Cost": 4210.00,"Total Cost": 4210.00,"Plan Rows": 62500,"Plan Width": 23,"Actual Startup Time": 33.677,"Actual Total Time": 33.684,"Actual Rows": 37500,"Actual Loops": 4,"Hash Buckets": 262144,"Original Hash Buckets": 262144,"Hash Batches": 1,"Original Hash Batches": 1,"Peak Memory Usage": 10368,"Workers": [],"Plans": [{"Node Type": "Seq Scan","Parent Relationship": "Outer","Parallel Aware": true,"Async Capable": false,"Relation Name": "customer","Alias": "customer","Startup Cost": 0.00,"Total Cost": 4210.00,"Plan Rows": 62500,"Plan Width": 23,"Actual Startup Time": 0.019,"Actual Total Time": 16.715,"Actual Rows": 37500,"Actual Loops": 4,"Workers": []}]}]}]}]}]},"Planning Time": 6.132,"Triggers": [],"Execution Time": 11002.531}]
[{"Plan": {"Node Type": "Sort","Parallel Aware": false,"Async Capable": false,"Startup Cost": 397889.21,"Total Cost": 399077.01,"Plan Rows": 475120,"Plan Width": 71,"Actual Startup Time": 10345.847,"Actual Total Time": 10377.998,"Actual Rows": 9,"Actual Loops": 1,"Sort Key": ["orders.o_totalprice DESC", "orders.o_orderdate"],"Sort Method": "quicksort","Sort Space Used": 25,"Sort Space Type": "Memory","Plans": [{"Node Type": "Aggregate","Strategy": "Hashed","Partial Mode": "Simple","Parent Relationship": "Outer","Parallel Aware": false,"Async Capable": false,"Startup Cost": 347151.30,"Total Cost": 353090.30,"Plan Rows": 475120,"Plan Width": 71,"Actual Startup Time": 10329.232,"Actual Total Time": 10377.856,"Actual Rows": 9,"Actual Loops": 1,"Group Key": ["customer.c_custkey", "orders.o_orderkey"],"Planned Partitions": 0,"HashAgg Batches": 1,"Peak Memory Usage": 24601,"Disk Usage": 0,"Plans": [{"Node Type": "Gather","Parent Relationship": "Outer","Parallel Aware": false,"Async Capable": false,"Startup Cost": 216528.94,"Total Cost": 343587.90,"Plan Rows": 475120,"Plan Width": 44,"Actual Startup Time": 10053.961,"Actual Total Time": 10357.615,"Actual Rows": 63,"Actual Loops": 1,"Workers Planned": 3,"Workers Launched": 3,"Single Copy": false,"Plans": [{"Node Type": "Hash Join","Parent Relationship": "Outer","Parallel Aware": true,"Async Capable": false,"Join Type": "Inner","Startup Cost": 215528.94,"Total Cost": 295075.90,"Plan Rows": 153265,"Plan Width": 44,"Actual Startup Time": 10157.696,"Actual Total Time": 10258.651,"Actual Rows": 16,"Actual Loops": 4,"Inner Unique": true,"Hash Cond": "(orders.o_custkey = customer.c_custkey)","Workers": [],"Plans": [{"Node Type": "Nested Loop","Parent Relationship": "Outer","Parallel Aware": false,"Async Capable": false,"Join Type": "Inner","Startup Cost": 210537.69,"Total Cost": 289682.32,"Plan Rows": 153265,"Plan Width": 25,"Actual Startup Time": 10123.332,"Actual Total Time": 10224.239,"Actual Rows": 16,"Actual Loops": 4,"Inner Unique": false,"Workers": [],"Plans": [{"Node Type": "Hash Join","Parent Relationship": "Outer","Parallel Aware": false,"Async Capable": false,"Join Type": "Inner","Startup Cost": 210537.26,"Total Cost": 242741.13,"Plan Rows": 38308,"Plan Width": 24,"Actual Startup Time": 10123.186,"Actual Total Time": 10223.998,"Actual Rows": 2,"Actual Loops": 4,"Inner Unique": true,"Hash Cond": "(orders.o_orderkey = lineitem_1.l_orderkey)","Workers": [],"Plans": [{"Node Type": "Seq Scan","Parent Relationship": "Outer","Parallel Aware": true,"Async Capable": false,"Relation Name": "orders","Alias": "orders","Startup Cost": 0.00,"Total Cost": 30933.71,"Plan Rows": 483871,"Plan Width": 20,"Actual Startup Time": 0.011,"Actual Total Time": 49.852,"Actual Rows": 375000,"Actual Loops": 4,"Workers": []},{"Node Type": "Hash","Parent Relationship": "Inner","Parallel Aware": false,"Async Capable": false,"Startup Cost": 209052.81,"Total Cost": 209052.81,"Plan Rows": 118756,"Plan Width": 4,"Actual Startup Time": 10005.666,"Actual Total Time": 10005.673,"Actual Rows": 9,"Actual Loops": 4,"Hash Buckets": 131072,"Original Hash Buckets": 131072,"Hash Batches": 1,"Original Hash Batches": 1,"Peak Memory Usage": 1025,"Workers": [],"Plans": [{"Node Type": "Aggregate","Strategy": "Hashed","Partial Mode": "Simple","Parent Relationship": "Outer","Parallel Aware": false,"Async Capable": false,"Startup Cost": 202521.23,"Total Cost": 207865.25,"Plan Rows": 118756,"Plan Width": 4,"Actual Startup Time": 6310.010,"Actual Total Time": 10005.543,"Actual Rows": 9,"Actual Loops": 4,"Group Key": ["lineitem_1.l_orderkey"],"Filter": "(sum(lineitem_1.l_quantity) > '313'::numeric)","Planned Partitions": 0,"HashAgg Batches": 1,"Peak Memory Usage": 638993,"Disk Usage": 0,"Rows Removed by Filter": 1499991,"Workers": [{"Worker Number": 0,"HashAgg Batches": 1,"Peak Memory Usage": 638993,"Disk Usage": 0},{"Worker Number": 1,"HashAgg Batches": 1,"Peak Memory Usage": 638993,"Disk Usage": 0},{"Worker Number": 2,"HashAgg Batches": 1,"Peak Memory Usage": 638993,"Disk Usage": 0}],"Plans": [{"Node Type": "Seq Scan","Parent Relationship": "Outer","Parallel Aware": false,"Async Capable": false,"Relation Name": "lineitem","Alias": "lineitem_1","Startup Cost": 0.00,"Total Cost": 172515.15,"Plan Rows": 6001215,"Plan Width": 9,"Actual Startup Time": 0.020,"Actual Total Time": 994.479,"Actual Rows": 6001215,"Actual Loops": 4,"Workers": []}]}]}]},{"Node Type": "Index Scan","Parent Relationship": "Inner","Parallel Aware": false,"Async Capable": false,"Scan Direction": "Forward","Index Name": "idx_lineitem_orderkey","Relation Name": "lineitem","Alias": "lineitem","Startup Cost": 0.43,"Total Cost": 1.06,"Plan Rows": 17,"Plan Width": 9,"Actual Startup Time": 0.068,"Actual Total Time": 0.075,"Actual Rows": 7,"Actual Loops": 9,"Index Cond": "(l_orderkey = orders.o_orderkey)","Rows Removed by Index Recheck": 0,"Workers": []}]},{"Node Type": "Hash","Parent Relationship": "Inner","Parallel Aware": true,"Async Capable": false,"Startup Cost": 4210.00,"Total Cost": 4210.00,"Plan Rows": 62500,"Plan Width": 23,"Actual Startup Time": 33.578,"Actual Total Time": 33.582,"Actual Rows": 37500,"Actual Loops": 4,"Hash Buckets": 262144,"Original Hash Buckets": 262144,"Hash Batches": 1,"Original Hash Batches": 1,"Peak Memory Usage": 10336,"Workers": [],"Plans": [{"Node Type": "Seq Scan","Parent Relationship": "Outer","Parallel Aware": true,"Async Capable": false,"Relation Name": "customer","Alias": "customer","Startup Cost": 0.00,"Total Cost": 4210.00,"Plan Rows": 62500,"Plan Width": 23,"Actual Startup Time": 0.023,"Actual Total Time": 16.777,"Actual Rows": 37500,"Actual Loops": 4,"Workers": []}]}]}]}]}]},"Planning Time": 6.662,"Triggers": [],"Execution Time": 10430.266}]
[{"Plan": {"Node Type": "Sort","Parallel Aware": false,"Async Capable": false,"Startup Cost": 397889.21,"Total Cost": 399077.01,"Plan Rows": 475120,"Plan Width": 71,"Actual Startup Time": 10950.105,"Actual Total Time": 10953.954,"Actual Rows": 9,"Actual Loops": 1,"Sort Key": ["orders.o_totalprice DESC", "orders.o_orderdate"],"Sort Method": "quicksort","Sort Space Used": 25,"Sort Space Type": "Memory","Plans": [{"Node Type": "Aggregate","Strategy": "Hashed","Partial Mode": "Simple","Parent Relationship": "Outer","Parallel Aware": false,"Async Capable": false,"Startup Cost": 347151.30,"Total Cost": 353090.30,"Plan Rows": 475120,"Plan Width": 71,"Actual Startup Time": 10902.471,"Actual Total Time": 10953.715,"Actual Rows": 9,"Actual Loops": 1,"Group Key": ["customer.c_custkey", "orders.o_orderkey"],"Planned Partitions": 0,"HashAgg Batches": 1,"Peak Memory Usage": 24601,"Disk Usage": 0,"Plans": [{"Node Type": "Gather","Parent Relationship": "Outer","Parallel Aware": false,"Async Capable": false,"Startup Cost": 216528.94,"Total Cost": 343587.90,"Plan Rows": 475120,"Plan Width": 44,"Actual Startup Time": 10893.800,"Actual Total Time": 10897.693,"Actual Rows": 63,"Actual Loops": 1,"Workers Planned": 3,"Workers Launched": 3,"Single Copy": false,"Plans": [{"Node Type": "Hash Join","Parent Relationship": "Outer","Parallel Aware": true,"Async Capable": false,"Join Type": "Inner","Startup Cost": 215528.94,"Total Cost": 295075.90,"Plan Rows": 153265,"Plan Width": 44,"Actual Startup Time": 10134.253,"Actual Total Time": 10314.794,"Actual Rows": 16,"Actual Loops": 4,"Inner Unique": true,"Hash Cond": "(orders.o_custkey = customer.c_custkey)","Workers": [],"Plans": [{"Node Type": "Nested Loop","Parent Relationship": "Outer","Parallel Aware": false,"Async Capable": false,"Join Type": "Inner","Startup Cost": 210537.69,"Total Cost": 289682.32,"Plan Rows": 153265,"Plan Width": 25,"Actual Startup Time": 10099.687,"Actual Total Time": 10280.153,"Actual Rows": 16,"Actual Loops": 4,"Inner Unique": false,"Workers": [],"Plans": [{"Node Type": "Hash Join","Parent Relationship": "Outer","Parallel Aware": false,"Async Capable": false,"Join Type": "Inner","Startup Cost": 210537.26,"Total Cost": 242741.13,"Plan Rows": 38308,"Plan Width": 24,"Actual Startup Time": 10099.575,"Actual Total Time": 10279.892,"Actual Rows": 2,"Actual Loops": 4,"Inner Unique": true,"Hash Cond": "(orders.o_orderkey = lineitem_1.l_orderkey)","Workers": [],"Plans": [{"Node Type": "Seq Scan","Parent Relationship": "Outer","Parallel Aware": true,"Async Capable": false,"Relation Name": "orders","Alias": "orders","Startup Cost": 0.00,"Total Cost": 30933.71,"Plan Rows": 483871,"Plan Width": 20,"Actual Startup Time": 0.011,"Actual Total Time": 51.627,"Actual Rows": 375000,"Actual Loops": 4,"Workers": []},{"Node Type": "Hash","Parent Relationship": "Inner","Parallel Aware": false,"Async Capable": false,"Startup Cost": 209052.81,"Total Cost": 209052.81,"Plan Rows": 118756,"Plan Width": 4,"Actual Startup Time": 10016.825,"Actual Total Time": 10016.839,"Actual Rows": 9,"Actual Loops": 4,"Hash Buckets": 131072,"Original Hash Buckets": 131072,"Hash Batches": 1,"Original Hash Batches": 1,"Peak Memory Usage": 1025,"Workers": [],"Plans": [{"Node Type": "Aggregate","Strategy": "Hashed","Partial Mode": "Simple","Parent Relationship": "Outer","Parallel Aware": false,"Async Capable": false,"Startup Cost": 202521.23,"Total Cost": 207865.25,"Plan Rows": 118756,"Plan Width": 4,"Actual Startup Time": 6319.140,"Actual Total Time": 10016.671,"Actual Rows": 9,"Actual Loops": 4,"Group Key": ["lineitem_1.l_orderkey"],"Filter": "(sum(lineitem_1.l_quantity) > '315'::numeric)","Planned Partitions": 0,"HashAgg Batches": 1,"Peak Memory Usage": 638993,"Disk Usage": 0,"Rows Removed by Filter": 1499991,"Workers": [{"Worker Number": 0,"HashAgg Batches": 1,"Peak Memory Usage": 638993,"Disk Usage": 0},{"Worker Number": 1,"HashAgg Batches": 1,"Peak Memory Usage": 638993,"Disk Usage": 0},{"Worker Number": 2,"HashAgg Batches": 1,"Peak Memory Usage": 638993,"Disk Usage": 0}],"Plans": [{"Node Type": "Seq Scan","Parent Relationship": "Outer","Parallel Aware": false,"Async Capable": false,"Relation Name": "lineitem","Alias": "lineitem_1","Startup Cost": 0.00,"Total Cost": 172515.15,"Plan Rows": 6001215,"Plan Width": 9,"Actual Startup Time": 0.018,"Actual Total Time": 971.843,"Actual Rows": 6001215,"Actual Loops": 4,"Workers": []}]}]}]},{"Node Type": "Index Scan","Parent Relationship": "Inner","Parallel Aware": false,"Async Capable": false,"Scan Direction": "Forward","Index Name": "idx_lineitem_orderkey","Relation Name": "lineitem","Alias": "lineitem","Startup Cost": 0.43,"Total Cost": 1.06,"Plan Rows": 17,"Plan Width": 9,"Actual Startup Time": 0.069,"Actual Total Time": 0.079,"Actual Rows": 7,"Actual Loops": 9,"Index Cond": "(l_orderkey = orders.o_orderkey)","Rows Removed by Index Recheck": 0,"Workers": []}]},{"Node Type": "Hash","Parent Relationship": "Inner","Parallel Aware": true,"Async Capable": false,"Startup Cost": 4210.00,"Total Cost": 4210.00,"Plan Rows": 62500,"Plan Width": 23,"Actual Startup Time": 33.677,"Actual Total Time": 33.684,"Actual Rows": 37500,"Actual Loops": 4,"Hash Buckets": 262144,"Original Hash Buckets": 262144,"Hash Batches": 1,"Original Hash Batches": 1,"Peak Memory Usage": 10368,"Workers": [],"Plans": [{"Node Type": "Seq Scan","Parent Relationship": "Outer","Parallel Aware": true,"Async Capable": false,"Relation Name": "customer","Alias": "customer","Startup Cost": 0.00,"Total Cost": 4210.00,"Plan Rows": 62500,"Plan Width": 23,"Actual Startup Time": 0.019,"Actual Total Time": 16.715,"Actual Rows": 37500,"Actual Loops": 4,"Workers": []}]}]}]}]}]},"Planning Time": 6.132,"Triggers": [],"Execution Time": 11002.531}]
[{"Plan": {"Node Type": "Sort","Parallel Aware": false,"Async Capable": false,"Startup Cost": 397889.21,"Total Cost": 399077.01,"Plan Rows": 475120,"Plan Width": 71,"Actual Startup Time": 10785.011,"Actual Total Time": 10839.032,"Actual Rows": 9,"Actual Loops": 1,"Sort Key": ["orders.o_totalprice DESC", "orders.o_orderdate"],"Sort Method": "quicksort","Sort Space Used": 25,"Sort Space Type": "Memory","Plans": [{"Node Type": "Aggregate","Strategy": "Hashed","Partial Mode": "Simple","Parent Relationship": "Outer","Parallel Aware": false,"Async Capable": false,"Startup Cost": 347151.30,"Total Cost": 353090.30,"Plan Rows": 475120,"Plan Width": 71,"Actual Startup Time": 10763.855,"Actual Total Time": 10838.848,"Actual Rows": 9,"Actual Loops": 1,"Group Key": ["customer.c_custkey", "orders.o_orderkey"],"Planned Partitions": 0,"HashAgg Batches": 1,"Peak Memory Usage": 24601,"Disk Usage": 0,"Plans": [{"Node Type": "Gather","Parent Relationship": "Outer","Parallel Aware": false,"Async Capable": false,"Startup Cost": 216528.94,"Total Cost": 343587.90,"Plan Rows": 475120,"Plan Width": 44,"Actual Startup Time": 9674.071,"Actual Total Time": 10813.470,"Actual Rows": 63,"Actual Loops": 1,"Workers Planned": 3,"Workers Launched": 3,"Single Copy": false,"Plans": [{"Node Type": "Hash Join","Parent Relationship": "Outer","Parallel Aware": true,"Async Capable": false,"Join Type": "Inner","Startup Cost": 215528.94,"Total Cost": 295075.90,"Plan Rows": 153265,"Plan Width": 44,"Actual Startup Time": 10141.072,"Actual Total Time": 10312.965,"Actual Rows": 16,"Actual Loops": 4,"Inner Unique": true,"Hash Cond": "(orders.o_custkey = customer.c_custkey)","Workers": [],"Plans": [{"Node Type": "Nested Loop","Parent Relationship": "Outer","Parallel Aware": false,"Async Capable": false,"Join Type": "Inner","Startup Cost": 210537.69,"Total Cost": 289682.32,"Plan Rows": 153265,"Plan Width": 25,"Actual Startup Time": 10104.129,"Actual Total Time": 10275.947,"Actual Rows": 16,"Actual Loops": 4,"Inner Unique": false,"Workers": [],"Plans": [{"Node Type": "Hash Join","Parent Relationship": "Outer","Parallel Aware": false,"Async Capable": false,"Join Type": "Inner","Startup Cost": 210537.26,"Total Cost": 242741.13,"Plan Rows": 38308,"Plan Width": 24,"Actual Startup Time": 10104.052,"Actual Total Time": 10275.739,"Actual Rows": 2,"Actual Loops": 4,"Inner Unique": true,"Hash Cond": "(orders.o_orderkey = lineitem_1.l_orderkey)","Workers": [],"Plans": [{"Node Type": "Seq Scan","Parent Relationship": "Outer","Parallel Aware": true,"Async Capable": false,"Relation Name": "orders","Alias": "orders","Startup Cost": 0.00,"Total Cost": 30933.71,"Plan Rows": 483871,"Plan Width": 20,"Actual Startup Time": 0.007,"Actual Total Time": 53.689,"Actual Rows": 375000,"Actual Loops": 4,"Workers": []},{"Node Type": "Hash","Parent Relationship": "Inner","Parallel Aware": false,"Async Capable": false,"Startup Cost": 209052.81,"Total Cost": 209052.81,"Plan Rows": 118756,"Plan Width": 4,"Actual Startup Time": 10025.157,"Actual Total Time": 10025.166,"Actual Rows": 9,"Actual Loops": 4,"Hash Buckets": 131072,"Original Hash Buckets": 131072,"Hash Batches": 1,"Original Hash Batches": 1,"Peak Memory Usage": 1025,"Workers": [],"Plans": [{"Node Type": "Aggregate","Strategy": "Hashed","Partial Mode": "Simple","Parent Relationship": "Outer","Parallel Aware": false,"Async Capable": false,"Startup Cost": 202521.23,"Total Cost": 207865.25,"Plan Rows": 118756,"Plan Width": 4,"Actual Startup Time": 6285.839,"Actual Total Time": 10024.981,"Actual Rows": 9,"Actual Loops": 4,"Group Key": ["lineitem_1.l_orderkey"],"Filter": "(sum(lineitem_1.l_quantity) > '314'::numeric)","Planned Partitions": 0,"HashAgg Batches": 1,"Peak Memory Usage": 638993,"Disk Usage": 0,"Rows Removed by Filter": 1499991,"Workers": [{"Worker Number": 0,"HashAgg Batches": 1,"Peak Memory Usage": 638993,"Disk Usage": 0},{"Worker Number": 1,"HashAgg Batches": 1,"Peak Memory Usage": 638993,"Disk Usage": 0},{"Worker Number": 2,"HashAgg Batches": 1,"Peak Memory Usage": 638993,"Disk Usage": 0}],"Plans": [{"Node Type": "Seq Scan","Parent Relationship": "Outer","Parallel Aware": false,"Async Capable": false,"Relation Name": "lineitem","Alias": "lineitem_1","Startup Cost": 0.00,"Total Cost": 172515.15,"Plan Rows": 6001215,"Plan Width": 9,"Actual Startup Time": 0.019,"Actual Total Time": 931.752,"Actual Rows": 6001215,"Actual Loops": 4,"Workers": []}]}]}]},{"Node Type": "Index Scan","Parent Relationship": "Inner","Parallel Aware": false,"Async Capable": false,"Scan Direction": "Forward","Index Name": "idx_lineitem_orderkey","Relation Name": "lineitem","Alias": "lineitem","Startup Cost": 0.43,"Total Cost": 1.06,"Plan Rows": 17,"Plan Width": 9,"Actual Startup Time": 0.055,"Actual Total Time": 0.062,"Actual Rows": 7,"Actual Loops": 9,"Index Cond": "(l_orderkey = orders.o_orderkey)","Rows Removed by Index Recheck": 0,"Workers": []}]},{"Node Type": "Hash","Parent Relationship": "Inner","Parallel Aware": true,"Async Capable": false,"Startup Cost": 4210.00,"Total Cost": 4210.00,"Plan Rows": 62500,"Plan Width": 23,"Actual Startup Time": 36.172,"Actual Total Time": 36.190,"Actual Rows": 37500,"Actual Loops": 4,"Hash Buckets": 262144,"Original Hash Buckets": 262144,"Hash Batches": 1,"Original Hash Batches": 1,"Peak Memory Usage": 10336,"Workers": [],"Plans": [{"Node Type": "Seq Scan","Parent Relationship": "Outer","Parallel Aware": true,"Async Capable": false,"Relation Name": "customer","Alias": "customer","Startup Cost": 0.00,"Total Cost": 4210.00,"Plan Rows": 62500,"Plan Width": 23,"Actual Startup Time": 0.024,"Actual Total Time": 17.933,"Actual Rows": 37500,"Actual Loops": 4,"Workers": []}]}]}]}]}]},"Planning Time": 6.881,"Triggers": [],"Execution Time": 10893.482}]
[{"Plan": {"Node Type": "Sort","Parallel Aware": false,"Async Capable": false,"Startup Cost": 397889.21,"Total Cost": 399077.01,"Plan Rows": 475120,"Plan Width": 71,"Actual Startup Time": 10887.509,"Actual Total Time": 10908.132,"Actual Rows": 10,"Actual Loops": 1,"Sort Key": ["orders.o_totalprice DESC", "orders.o_orderdate"],"Sort Method": "quicksort","Sort Space Used": 25,"Sort Space Type": "Memory","Plans": [{"Node Type": "Aggregate","Strategy": "Hashed","Partial Mode": "Simple","Parent Relationship": "Outer","Parallel Aware": false,"Async Capable": false,"Startup Cost": 347151.30,"Total Cost": 353090.30,"Plan Rows": 475120,"Plan Width": 71,"Actual Startup Time": 10848.812,"Actual Total Time": 10907.941,"Actual Rows": 10,"Actual Loops": 1,"Group Key": ["customer.c_custkey", "orders.o_orderkey"],"Planned Partitions": 0,"HashAgg Batches": 1,"Peak Memory Usage": 24601,"Disk Usage": 0,"Plans": [{"Node Type": "Gather","Parent Relationship": "Outer","Parallel Aware": false,"Async Capable": false,"Startup Cost": 216528.94,"Total Cost": 343587.90,"Plan Rows": 475120,"Plan Width": 44,"Actual Startup Time": 10782.037,"Actual Total Time": 10858.151,"Actual Rows": 70,"Actual Loops": 1,"Workers Planned": 3,"Workers Launched": 3,"Single Copy": false,"Plans": [{"Node Type": "Hash Join","Parent Relationship": "Outer","Parallel Aware": true,"Async Capable": false,"Join Type": "Inner","Startup Cost": 215528.94,"Total Cost": 295075.90,"Plan Rows": 153265,"Plan Width": 44,"Actual Startup Time": 10180.765,"Actual Total Time": 10348.312,"Actual Rows": 18,"Actual Loops": 4,"Inner Unique": true,"Hash Cond": "(orders.o_custkey = customer.c_custkey)","Workers": [],"Plans": [{"Node Type": "Nested Loop","Parent Relationship": "Outer","Parallel Aware": false,"Async Capable": false,"Join Type": "Inner","Startup Cost": 210537.69,"Total Cost": 289682.32,"Plan Rows": 153265,"Plan Width": 25,"Actual Startup Time": 10142.809,"Actual Total Time": 10310.270,"Actual Rows": 18,"Actual Loops": 4,"Inner Unique": false,"Workers": [],"Plans": [{"Node Type": "Hash Join","Parent Relationship": "Outer","Parallel Aware": false,"Async Capable": false,"Join Type": "Inner","Startup Cost": 210537.26,"Total Cost": 242741.13,"Plan Rows": 38308,"Plan Width": 24,"Actual Startup Time": 10142.670,"Actual Total Time": 10309.991,"Actual Rows": 2,"Actual Loops": 4,"Inner Unique": true,"Hash Cond": "(orders.o_orderkey = lineitem_1.l_orderkey)","Workers": [],"Plans": [{"Node Type": "Seq Scan","Parent Relationship": "Outer","Parallel Aware": true,"Async Capable": false,"Relation Name": "orders","Alias": "orders","Startup Cost": 0.00,"Total Cost": 30933.71,"Plan Rows": 483871,"Plan Width": 20,"Actual Startup Time": 0.009,"Actual Total Time": 49.040,"Actual Rows": 375000,"Actual Loops": 4,"Workers": []},{"Node Type": "Hash","Parent Relationship": "Inner","Parallel Aware": false,"Async Capable": false,"Startup Cost": 209052.81,"Total Cost": 209052.81,"Plan Rows": 118756,"Plan Width": 4,"Actual Startup Time": 10075.163,"Actual Total Time": 10075.176,"Actual Rows": 10,"Actual Loops": 4,"Hash Buckets": 131072,"Original Hash Buckets": 131072,"Hash Batches": 1,"Original Hash Batches": 1,"Peak Memory Usage": 1025,"Workers": [],"Plans": [{"Node Type": "Aggregate","Strategy": "Hashed","Partial Mode": "Simple","Parent Relationship": "Outer","Parallel Aware": false,"Async Capable": false,"Startup Cost": 202521.23,"Total Cost": 207865.25,"Plan Rows": 118756,"Plan Width": 4,"Actual Startup Time": 6293.151,"Actual Total Time": 10074.968,"Actual Rows": 10,"Actual Loops": 4,"Group Key": ["lineitem_1.l_orderkey"],"Filter": "(sum(lineitem_1.l_quantity) > '312'::numeric)","Planned Partitions": 0,"HashAgg Batches": 1,"Peak Memory Usage": 638993,"Disk Usage": 0,"Rows Removed by Filter": 1499990,"Workers": [{"Worker Number": 0,"HashAgg Batches": 1,"Peak Memory Usage": 638993,"Disk Usage": 0},{"Worker Number": 1,"HashAgg Batches": 1,"Peak Memory Usage": 638993,"Disk Usage": 0},{"Worker Number": 2,"HashAgg Batches": 1,"Peak Memory Usage": 638993,"Disk Usage": 0}],"Plans": [{"Node Type": "Seq Scan","Parent Relationship": "Outer","Parallel Aware": false,"Async Capable": false,"Relation Name": "lineitem","Alias": "lineitem_1","Startup Cost": 0.00,"Total Cost": 172515.15,"Plan Rows": 6001215,"Plan Width": 9,"Actual Startup Time": 0.021,"Actual Total Time": 960.546,"Actual Rows": 6001215,"Actual Loops": 4,"Workers": []}]}]}]},{"Node Type": "Index Scan","Parent Relationship": "Inner","Parallel Aware": false,"Async Capable": false,"Scan Direction": "Forward","Index Name": "idx_lineitem_orderkey","Relation Name": "lineitem","Alias": "lineitem","Startup Cost": 0.43,"Total Cost": 1.06,"Plan Rows": 17,"Plan Width": 9,"Actual Startup Time": 0.072,"Actual Total Time": 0.079,"Actual Rows": 7,"Actual Loops": 10,"Index Cond": "(l_orderkey = orders.o_orderkey)","Rows Removed by Index Recheck": 0,"Workers": []}]},{"Node Type": "Hash","Parent Relationship": "Inner","Parallel Aware": true,"Async Capable": false,"Startup Cost": 4210.00,"Total Cost": 4210.00,"Plan Rows": 62500,"Plan Width": 23,"Actual Startup Time": 37.105,"Actual Total Time": 37.114,"Actual Rows": 37500,"Actual Loops": 4,"Hash Buckets": 262144,"Original Hash Buckets": 262144,"Hash Batches": 1,"Original Hash Batches": 1,"Peak Memory Usage": 10368,"Workers": [],"Plans": [{"Node Type": "Seq Scan","Parent Relationship": "Outer","Parallel Aware": true,"Async Capable": false,"Relation Name": "customer","Alias": "customer","Startup Cost": 0.00,"Total Cost": 4210.00,"Plan Rows": 62500,"Plan Width": 23,"Actual Startup Time": 0.025,"Actual Total Time": 19.726,"Actual Rows": 37500,"Actual Loops": 4,"Workers": []}]}]}]}]}]},"Planning Time": 6.715,"Triggers": [],"Execution Time": 10961.817}]
[{"Plan": {"Node Type": "Sort","Parallel Aware": false,"Async Capable": false,"Startup Cost": 397889.21,"Total Cost": 399077.01,"Plan Rows": 475120,"Plan Width": 71,"Actual Startup Time": 10345.847,"Actual Total Time": 10377.998,"Actual Rows": 9,"Actual Loops": 1,"Sort Key": ["orders.o_totalprice DESC", "orders.o_orderdate"],"Sort Method": "quicksort","Sort Space Used": 25,"Sort Space Type": "Memory","Plans": [{"Node Type": "Aggregate","Strategy": "Hashed","Partial Mode": "Simple","Parent Relationship": "Outer","Parallel Aware": false,"Async Capable": false,"Startup Cost": 347151.30,"Total Cost": 353090.30,"Plan Rows": 475120,"Plan Width": 71,"Actual Startup Time": 10329.232,"Actual Total Time": 10377.856,"Actual Rows": 9,"Actual Loops": 1,"Group Key": ["customer.c_custkey", "orders.o_orderkey"],"Planned Partitions": 0,"HashAgg Batches": 1,"Peak Memory Usage": 24601,"Disk Usage": 0,"Plans": [{"Node Type": "Gather","Parent Relationship": "Outer","Parallel Aware": false,"Async Capable": false,"Startup Cost": 216528.94,"Total Cost": 343587.90,"Plan Rows": 475120,"Plan Width": 44,"Actual Startup Time": 10053.961,"Actual Total Time": 10357.615,"Actual Rows": 63,"Actual Loops": 1,"Workers Planned": 3,"Workers Launched": 3,"Single Copy": false,"Plans": [{"Node Type": "Hash Join","Parent Relationship": "Outer","Parallel Aware": true,"Async Capable": false,"Join Type": "Inner","Startup Cost": 215528.94,"Total Cost": 295075.90,"Plan Rows": 153265,"Plan Width": 44,"Actual Startup Time": 10157.696,"Actual Total Time": 10258.651,"Actual Rows": 16,"Actual Loops": 4,"Inner Unique": true,"Hash Cond": "(orders.o_custkey = customer.c_custkey)","Workers": [],"Plans": [{"Node Type": "Nested Loop","Parent Relationship": "Outer","Parallel Aware": false,"Async Capable": false,"Join Type": "Inner","Startup Cost": 210537.69,"Total Cost": 289682.32,"Plan Rows": 153265,"Plan Width": 25,"Actual Startup Time": 10123.332,"Actual Total Time": 10224.239,"Actual Rows": 16,"Actual Loops": 4,"Inner Unique": false,"Workers": [],"Plans": [{"Node Type": "Hash Join","Parent Relationship": "Outer","Parallel Aware": false,"Async Capable": false,"Join Type": "Inner","Startup Cost": 210537.26,"Total Cost": 242741.13,"Plan Rows": 38308,"Plan Width": 24,"Actual Startup Time": 10123.186,"Actual Total Time": 10223.998,"Actual Rows": 2,"Actual Loops": 4,"Inner Unique": true,"Hash Cond": "(orders.o_orderkey = lineitem_1.l_orderkey)","Workers": [],"Plans": [{"Node Type": "Seq Scan","Parent Relationship": "Outer","Parallel Aware": true,"Async Capable": false,"Relation Name": "orders","Alias": "orders","Startup Cost": 0.00,"Total Cost": 30933.71,"Plan Rows": 483871,"Plan Width": 20,"Actual Startup Time": 0.011,"Actual Total Time": 49.852,"Actual Rows": 375000,"Actual Loops": 4,"Workers": []},{"Node Type": "Hash","Parent Relationship": "Inner","Parallel Aware": false,"Async Capable": false,"Startup Cost": 209052.81,"Total Cost": 209052.81,"Plan Rows": 118756,"Plan Width": 4,"Actual Startup Time": 10005.666,"Actual Total Time": 10005.673,"Actual Rows": 9,"Actual Loops": 4,"Hash Buckets": 131072,"Original Hash Buckets": 131072,"Hash Batches": 1,"Original Hash Batches": 1,"Peak Memory Usage": 1025,"Workers": [],"Plans": [{"Node Type": "Aggregate","Strategy": "Hashed","Partial Mode": "Simple","Parent Relationship": "Outer","Parallel Aware": false,"Async Capable": false,"Startup Cost": 202521.23,"Total Cost": 207865.25,"Plan Rows": 118756,"Plan Width": 4,"Actual Startup Time": 6310.010,"Actual Total Time": 10005.543,"Actual Rows": 9,"Actual Loops": 4,"Group Key": ["lineitem_1.l_orderkey"],"Filter": "(sum(lineitem_1.l_quantity) > '313'::numeric)","Planned Partitions": 0,"HashAgg Batches": 1,"Peak Memory Usage": 638993,"Disk Usage": 0,"Rows Removed by Filter": 1499991,"Workers": [{"Worker Number": 0,"HashAgg Batches": 1,"Peak Memory Usage": 638993,"Disk Usage": 0},{"Worker Number": 1,"HashAgg Batches": 1,"Peak Memory Usage": 638993,"Disk Usage": 0},{"Worker Number": 2,"HashAgg Batches": 1,"Peak Memory Usage": 638993,"Disk Usage": 0}],"Plans": [{"Node Type": "Seq Scan","Parent Relationship": "Outer","Parallel Aware": false,"Async Capable": false,"Relation Name": "lineitem","Alias": "lineitem_1","Startup Cost": 0.00,"Total Cost": 172515.15,"Plan Rows": 6001215,"Plan Width": 9,"Actual Startup Time": 0.020,"Actual Total Time": 994.479,"Actual Rows": 6001215,"Actual Loops": 4,"Workers": []}]}]}]},{"Node Type": "Index Scan","Parent Relationship": "Inner","Parallel Aware": false,"Async Capable": false,"Scan Direction": "Forward","Index Name": "idx_lineitem_orderkey","Relation Name": "lineitem","Alias": "lineitem","Startup Cost": 0.43,"Total Cost": 1.06,"Plan Rows": 17,"Plan Width": 9,"Actual Startup Time": 0.068,"Actual Total Time": 0.075,"Actual Rows": 7,"Actual Loops": 9,"Index Cond": "(l_orderkey = orders.o_orderkey)","Rows Removed by Index Recheck": 0,"Workers": []}]},{"Node Type": "Hash","Parent Relationship": "Inner","Parallel Aware": true,"Async Capable": false,"Startup Cost": 4210.00,"Total Cost": 4210.00,"Plan Rows": 62500,"Plan Width": 23,"Actual Startup Time": 33.578,"Actual Total Time": 33.582,"Actual Rows": 37500,"Actual Loops": 4,"Hash Buckets": 262144,"Original Hash Buckets": 262144,"Hash Batches": 1,"Original Hash Batches": 1,"Peak Memory Usage": 10336,"Workers": [],"Plans": [{"Node Type": "Seq Scan","Parent Relationship": "Outer","Parallel Aware": true,"Async Capable": false,"Relation Name": "customer","Alias": "customer","Startup Cost": 0.00,"Total Cost": 4210.00,"Plan Rows": 62500,"Plan Width": 23,"Actual Startup Time": 0.023,"Actual Total Time": 16.777,"Actual Rows": 37500,"Actual Loops": 4,"Workers": []}]}]}]}]}]},"Planning Time": 6.662,"Triggers": [],"Execution Time": 10430.266}]
[{"Plan": {"Node Type": "Sort","Parallel Aware": false,"Async Capable": false,"Startup Cost": 397889.21,"Total Cost": 399077.01,"Plan Rows": 475120,"Plan Width": 71,"Actual Startup Time": 10785.011,"Actual Total Time": 10839.032,"Actual Rows": 9,"Actual Loops": 1,"Sort Key": ["orders.o_totalprice DESC", "orders.o_orderdate"],"Sort Method": "quicksort","Sort Space Used": 25,"Sort Space Type": "Memory","Plans": [{"Node Type": "Aggregate","Strategy": "Hashed","Partial Mode": "Simple","Parent Relationship": "Outer","Parallel Aware": false,"Async Capable": false,"Startup Cost": 347151.30,"Total Cost": 353090.30,"Plan Rows": 475120,"Plan Width": 71,"Actual Startup Time": 10763.855,"Actual Total Time": 10838.848,"Actual Rows": 9,"Actual Loops": 1,"Group Key": ["customer.c_custkey", "orders.o_orderkey"],"Planned Partitions": 0,"HashAgg Batches": 1,"Peak Memory Usage": 24601,"Disk Usage": 0,"Plans": [{"Node Type": "Gather","Parent Relationship": "Outer","Parallel Aware": false,"Async Capable": false,"Startup Cost": 216528.94,"Total Cost": 343587.90,"Plan Rows": 475120,"Plan Width": 44,"Actual Startup Time": 9674.071,"Actual Total Time": 10813.470,"Actual Rows": 63,"Actual Loops": 1,"Workers Planned": 3,"Workers Launched": 3,"Single Copy": false,"Plans": [{"Node Type": "Hash Join","Parent Relationship": "Outer","Parallel Aware": true,"Async Capable": false,"Join Type": "Inner","Startup Cost": 215528.94,"Total Cost": 295075.90,"Plan Rows": 153265,"Plan Width": 44,"Actual Startup Time": 10141.072,"Actual Total Time": 10312.965,"Actual Rows": 16,"Actual Loops": 4,"Inner Unique": true,"Hash Cond": "(orders.o_custkey = customer.c_custkey)","Workers": [],"Plans": [{"Node Type": "Nested Loop","Parent Relationship": "Outer","Parallel Aware": false,"Async Capable": false,"Join Type": "Inner","Startup Cost": 210537.69,"Total Cost": 289682.32,"Plan Rows": 153265,"Plan Width": 25,"Actual Startup Time": 10104.129,"Actual Total Time": 10275.947,"Actual Rows": 16,"Actual Loops": 4,"Inner Unique": false,"Workers": [],"Plans": [{"Node Type": "Hash Join","Parent Relationship": "Outer","Parallel Aware": false,"Async Capable": false,"Join Type": "Inner","Startup Cost": 210537.26,"Total Cost": 242741.13,"Plan Rows": 38308,"Plan Width": 24,"Actual Startup Time": 10104.052,"Actual Total Time": 10275.739,"Actual Rows": 2,"Actual Loops": 4,"Inner Unique": true,"Hash Cond": "(orders.o_orderkey = lineitem_1.l_orderkey)","Workers": [],"Plans": [{"Node Type": "Seq Scan","Parent Relationship": "Outer","Parallel Aware": true,"Async Capable": false,"Relation Name": "orders","Alias": "orders","Startup Cost": 0.00,"Total Cost": 30933.71,"Plan Rows": 483871,"Plan Width": 20,"Actual Startup Time": 0.007,"Actual Total Time": 53.689,"Actual Rows": 375000,"Actual Loops": 4,"Workers": []},{"Node Type": "Hash","Parent Relationship": "Inner","Parallel Aware": false,"Async Capable": false,"Startup Cost": 209052.81,"Total Cost": 209052.81,"Plan Rows": 118756,"Plan Width": 4,"Actual Startup Time": 10025.157,"Actual Total Time": 10025.166,"Actual Rows": 9,"Actual Loops": 4,"Hash Buckets": 131072,"Original Hash Buckets": 131072,"Hash Batches": 1,"Original Hash Batches": 1,"Peak Memory Usage": 1025,"Workers": [],"Plans": [{"Node Type": "Aggregate","Strategy": "Hashed","Partial Mode": "Simple","Parent Relationship": "Outer","Parallel Aware": false,"Async Capable": false,"Startup Cost": 202521.23,"Total Cost": 207865.25,"Plan Rows": 118756,"Plan Width": 4,"Actual Startup Time": 6285.839,"Actual Total Time": 10024.981,"Actual Rows": 9,"Actual Loops": 4,"Group Key": ["lineitem_1.l_orderkey"],"Filter": "(sum(lineitem_1.l_quantity) > '314'::numeric)","Planned Partitions": 0,"HashAgg Batches": 1,"Peak Memory Usage": 638993,"Disk Usage": 0,"Rows Removed by Filter": 1499991,"Workers": [{"Worker Number": 0,"HashAgg Batches": 1,"Peak Memory Usage": 638993,"Disk Usage": 0},{"Worker Number": 1,"HashAgg Batches": 1,"Peak Memory Usage": 638993,"Disk Usage": 0},{"Worker Number": 2,"HashAgg Batches": 1,"Peak Memory Usage": 638993,"Disk Usage": 0}],"Plans": [{"Node Type": "Seq Scan","Parent Relationship": "Outer","Parallel Aware": false,"Async Capable": false,"Relation Name": "lineitem","Alias": "lineitem_1","Startup Cost": 0.00,"Total Cost": 172515.15,"Plan Rows": 6001215,"Plan Width": 9,"Actual Startup Time": 0.019,"Actual Total Time": 931.752,"Actual Rows": 6001215,"Actual Loops": 4,"Workers": []}]}]}]},{"Node Type": "Index Scan","Parent Relationship": "Inner","Parallel Aware": false,"Async Capable": false,"Scan Direction": "Forward","Index Name": "idx_lineitem_orderkey","Relation Name": "lineitem","Alias": "lineitem","Startup Cost": 0.43,"Total Cost": 1.06,"Plan Rows": 17,"Plan Width": 9,"Actual Startup Time": 0.055,"Actual Total Time": 0.062,"Actual Rows": 7,"Actual Loops": 9,"Index Cond": "(l_orderkey = orders.o_orderkey)","Rows Removed by Index Recheck": 0,"Workers": []}]},{"Node Type": "Hash","Parent Relationship": "Inner","Parallel Aware": true,"Async Capable": false,"Startup Cost": 4210.00,"Total Cost": 4210.00,"Plan Rows": 62500,"Plan Width": 23,"Actual Startup Time": 36.172,"Actual Total Time": 36.190,"Actual Rows": 37500,"Actual Loops": 4,"Hash Buckets": 262144,"Original Hash Buckets": 262144,"Hash Batches": 1,"Original Hash Batches": 1,"Peak Memory Usage": 10336,"Workers": [],"Plans": [{"Node Type": "Seq Scan","Parent Relationship": "Outer","Parallel Aware": true,"Async Capable": false,"Relation Name": "customer","Alias": "customer","Startup Cost": 0.00,"Total Cost": 4210.00,"Plan Rows": 62500,"Plan Width": 23,"Actual Startup Time": 0.024,"Actual Total Time": 17.933,"Actual Rows": 37500,"Actual Loops": 4,"Workers": []}]}]}]}]}]},"Planning Time": 6.881,"Triggers": [],"Execution Time": 10893.482}]
[{"Plan": {"Node Type": "Sort","Parallel Aware": false,"Async Capable": false,"Startup Cost": 397889.21,"Total Cost": 399077.01,"Plan Rows": 475120,"Plan Width": 71,"Actual Startup Time": 10887.509,"Actual Total Time": 10908.132,"Actual Rows": 10,"Actual Loops": 1,"Sort Key": ["orders.o_totalprice DESC", "orders.o_orderdate"],"Sort Method": "quicksort","Sort Space Used": 25,"Sort Space Type": "Memory","Plans": [{"Node Type": "Aggregate","Strategy": "Hashed","Partial Mode": "Simple","Parent Relationship": "Outer","Parallel Aware": false,"Async Capable": false,"Startup Cost": 347151.30,"Total Cost": 353090.30,"Plan Rows": 475120,"Plan Width": 71,"Actual Startup Time": 10848.812,"Actual Total Time": 10907.941,"Actual Rows": 10,"Actual Loops": 1,"Group Key": ["customer.c_custkey", "orders.o_orderkey"],"Planned Partitions": 0,"HashAgg Batches": 1,"Peak Memory Usage": 24601,"Disk Usage": 0,"Plans": [{"Node Type": "Gather","Parent Relationship": "Outer","Parallel Aware": false,"Async Capable": false,"Startup Cost": 216528.94,"Total Cost": 343587.90,"Plan Rows": 475120,"Plan Width": 44,"Actual Startup Time": 10782.037,"Actual Total Time": 10858.151,"Actual Rows": 70,"Actual Loops": 1,"Workers Planned": 3,"Workers Launched": 3,"Single Copy": false,"Plans": [{"Node Type": "Hash Join","Parent Relationship": "Outer","Parallel Aware": true,"Async Capable": false,"Join Type": "Inner","Startup Cost": 215528.94,"Total Cost": 295075.90,"Plan Rows": 153265,"Plan Width": 44,"Actual Startup Time": 10180.765,"Actual Total Time": 10348.312,"Actual Rows": 18,"Actual Loops": 4,"Inner Unique": true,"Hash Cond": "(orders.o_custkey = customer.c_custkey)","Workers": [],"Plans": [{"Node Type": "Nested Loop","Parent Relationship": "Outer","Parallel Aware": false,"Async Capable": false,"Join Type": "Inner","Startup Cost": 210537.69,"Total Cost": 289682.32,"Plan Rows": 153265,"Plan Width": 25,"Actual Startup Time": 10142.809,"Actual Total Time": 10310.270,"Actual Rows": 18,"Actual Loops": 4,"Inner Unique": false,"Workers": [],"Plans": [{"Node Type": "Hash Join","Parent Relationship": "Outer","Parallel Aware": false,"Async Capable": false,"Join Type": "Inner","Startup Cost": 210537.26,"Total Cost": 242741.13,"Plan Rows": 38308,"Plan Width": 24,"Actual Startup Time": 10142.670,"Actual Total Time": 10309.991,"Actual Rows": 2,"Actual Loops": 4,"Inner Unique": true,"Hash Cond": "(orders.o_orderkey = lineitem_1.l_orderkey)","Workers": [],"Plans": [{"Node Type": "Seq Scan","Parent Relationship": "Outer","Parallel Aware": true,"Async Capable": false,"Relation Name": "orders","Alias": "orders","Startup Cost": 0.00,"Total Cost": 30933.71,"Plan Rows": 483871,"Plan Width": 20,"Actual Startup Time": 0.009,"Actual Total Time": 49.040,"Actual Rows": 375000,"Actual Loops": 4,"Workers": []},{"Node Type": "Hash","Parent Relationship": "Inner","Parallel Aware": false,"Async Capable": false,"Startup Cost": 209052.81,"Total Cost": 209052.81,"Plan Rows": 118756,"Plan Width": 4,"Actual Startup Time": 10075.163,"Actual Total Time": 10075.176,"Actual Rows": 10,"Actual Loops": 4,"Hash Buckets": 131072,"Original Hash Buckets": 131072,"Hash Batches": 1,"Original Hash Batches": 1,"Peak Memory Usage": 1025,"Workers": [],"Plans": [{"Node Type": "Aggregate","Strategy": "Hashed","Partial Mode": "Simple","Parent Relationship": "Outer","Parallel Aware": false,"Async Capable": false,"Startup Cost": 202521.23,"Total Cost": 207865.25,"Plan Rows": 118756,"Plan Width": 4,"Actual Startup Time": 6293.151,"Actual Total Time": 10074.968,"Actual Rows": 10,"Actual Loops": 4,"Group Key": ["lineitem_1.l_orderkey"],"Filter": "(sum(lineitem_1.l_quantity) > '312'::numeric)","Planned Partitions": 0,"HashAgg Batches": 1,"Peak Memory Usage": 638993,"Disk Usage": 0,"Rows Removed by Filter": 1499990,"Workers": [{"Worker Number": 0,"HashAgg Batches": 1,"Peak Memory Usage": 638993,"Disk Usage": 0},{"Worker Number": 1,"HashAgg Batches": 1,"Peak Memory Usage": 638993,"Disk Usage": 0},{"Worker Number": 2,"HashAgg Batches": 1,"Peak Memory Usage": 638993,"Disk Usage": 0}],"Plans": [{"Node Type": "Seq Scan","Parent Relationship": "Outer","Parallel Aware": false,"Async Capable": false,"Relation Name": "lineitem","Alias": "lineitem_1","Startup Cost": 0.00,"Total Cost": 172515.15,"Plan Rows": 6001215,"Plan Width": 9,"Actual Startup Time": 0.021,"Actual Total Time": 960.546,"Actual Rows": 6001215,"Actual Loops": 4,"Workers": []}]}]}]},{"Node Type": "Index Scan","Parent Relationship": "Inner","Parallel Aware": false,"Async Capable": false,"Scan Direction": "Forward","Index Name": "idx_lineitem_orderkey","Relation Name": "lineitem","Alias": "lineitem","Startup Cost": 0.43,"Total Cost": 1.06,"Plan Rows": 17,"Plan Width": 9,"Actual Startup Time": 0.072,"Actual Total Time": 0.079,"Actual Rows": 7,"Actual Loops": 10,"Index Cond": "(l_orderkey = orders.o_orderkey)","Rows Removed by Index Recheck": 0,"Workers": []}]},{"Node Type": "Hash","Parent Relationship": "Inner","Parallel Aware": true,"Async Capable": false,"Startup Cost": 4210.00,"Total Cost": 4210.00,"Plan Rows": 62500,"Plan Width": 23,"Actual Startup Time": 37.105,"Actual Total Time": 37.114,"Actual Rows": 37500,"Actual Loops": 4,"Hash Buckets": 262144,"Original Hash Buckets": 262144,"Hash Batches": 1,"Original Hash Batches": 1,"Peak Memory Usage": 10368,"Workers": [],"Plans": [{"Node Type": "Seq Scan","Parent Relationship": "Outer","Parallel Aware": true,"Async Capable": false,"Relation Name": "customer","Alias": "customer","Startup Cost": 0.00,"Total Cost": 4210.00,"Plan Rows": 62500,"Plan Width": 23,"Actual Startup Time": 0.025,"Actual Total Time": 19.726,"Actual Rows": 37500,"Actual Loops": 4,"Workers": []}]}]}]}]}]},"Planning Time": 6.715,"Triggers": [],"Execution Time": 10961.817}]
[{"Plan": {"Node Type": "Sort","Parallel Aware": false,"Async Capable": false,"Startup Cost": 397889.21,"Total Cost": 399077.01,"Plan Rows": 475120,"Plan Width": 71,"Actual Startup Time": 10345.847,"Actual Total Time": 10377.998,"Actual Rows": 9,"Actual Loops": 1,"Sort Key": ["orders.o_totalprice DESC", "orders.o_orderdate"],"Sort Method": "quicksort","Sort Space Used": 25,"Sort Space Type": "Memory","Plans": [{"Node Type": "Aggregate","Strategy": "Hashed","Partial Mode": "Simple","Parent Relationship": "Outer","Parallel Aware": false,"Async Capable": false,"Startup Cost": 347151.30,"Total Cost": 353090.30,"Plan Rows": 475120,"Plan Width": 71,"Actual Startup Time": 10329.232,"Actual Total Time": 10377.856,"Actual Rows": 9,"Actual Loops": 1,"Group Key": ["customer.c_custkey", "orders.o_orderkey"],"Planned Partitions": 0,"HashAgg Batches": 1,"Peak Memory Usage": 24601,"Disk Usage": 0,"Plans": [{"Node Type": "Gather","Parent Relationship": "Outer","Parallel Aware": false,"Async Capable": false,"Startup Cost": 216528.94,"Total Cost": 343587.90,"Plan Rows": 475120,"Plan Width": 44,"Actual Startup Time": 10053.961,"Actual Total Time": 10357.615,"Actual Rows": 63,"Actual Loops": 1,"Workers Planned": 3,"Workers Launched": 3,"Single Copy": false,"Plans": [{"Node Type": "Hash Join","Parent Relationship": "Outer","Parallel Aware": true,"Async Capable": false,"Join Type": "Inner","Startup Cost": 215528.94,"Total Cost": 295075.90,"Plan Rows": 153265,"Plan Width": 44,"Actual Startup Time": 10157.696,"Actual Total Time": 10258.651,"Actual Rows": 16,"Actual Loops": 4,"Inner Unique": true,"Hash Cond": "(orders.o_custkey = customer.c_custkey)","Workers": [],"Plans": [{"Node Type": "Nested Loop","Parent Relationship": "Outer","Parallel Aware": false,"Async Capable": false,"Join Type": "Inner","Startup Cost": 210537.69,"Total Cost": 289682.32,"Plan Rows": 153265,"Plan Width": 25,"Actual Startup Time": 10123.332,"Actual Total Time": 10224.239,"Actual Rows": 16,"Actual Loops": 4,"Inner Unique": false,"Workers": [],"Plans": [{"Node Type": "Hash Join","Parent Relationship": "Outer","Parallel Aware": false,"Async Capable": false,"Join Type": "Inner","Startup Cost": 210537.26,"Total Cost": 242741.13,"Plan Rows": 38308,"Plan Width": 24,"Actual Startup Time": 10123.186,"Actual Total Time": 10223.998,"Actual Rows": 2,"Actual Loops": 4,"Inner Unique": true,"Hash Cond": "(orders.o_orderkey = lineitem_1.l_orderkey)","Workers": [],"Plans": [{"Node Type": "Seq Scan","Parent Relationship": "Outer","Parallel Aware": true,"Async Capable": false,"Relation Name": "orders","Alias": "orders","Startup Cost": 0.00,"Total Cost": 30933.71,"Plan Rows": 483871,"Plan Width": 20,"Actual Startup Time": 0.011,"Actual Total Time": 49.852,"Actual Rows": 375000,"Actual Loops": 4,"Workers": []},{"Node Type": "Hash","Parent Relationship": "Inner","Parallel Aware": false,"Async Capable": false,"Startup Cost": 209052.81,"Total Cost": 209052.81,"Plan Rows": 118756,"Plan Width": 4,"Actual Startup Time": 10005.666,"Actual Total Time": 10005.673,"Actual Rows": 9,"Actual Loops": 4,"Hash Buckets": 131072,"Original Hash Buckets": 131072,"Hash Batches": 1,"Original Hash Batches": 1,"Peak Memory Usage": 1025,"Workers": [],"Plans": [{"Node Type": "Aggregate","Strategy": "Hashed","Partial Mode": "Simple","Parent Relationship": "Outer","Parallel Aware": false,"Async Capable": false,"Startup Cost": 202521.23,"Total Cost": 207865.25,"Plan Rows": 118756,"Plan Width": 4,"Actual Startup Time": 6310.010,"Actual Total Time": 10005.543,"Actual Rows": 9,"Actual Loops": 4,"Group Key": ["lineitem_1.l_orderkey"],"Filter": "(sum(lineitem_1.l_quantity) > '313'::numeric)","Planned Partitions": 0,"HashAgg Batches": 1,"Peak Memory Usage": 638993,"Disk Usage": 0,"Rows Removed by Filter": 1499991,"Workers": [{"Worker Number": 0,"HashAgg Batches": 1,"Peak Memory Usage": 638993,"Disk Usage": 0},{"Worker Number": 1,"HashAgg Batches": 1,"Peak Memory Usage": 638993,"Disk Usage": 0},{"Worker Number": 2,"HashAgg Batches": 1,"Peak Memory Usage": 638993,"Disk Usage": 0}],"Plans": [{"Node Type": "Seq Scan","Parent Relationship": "Outer","Parallel Aware": false,"Async Capable": false,"Relation Name": "lineitem","Alias": "lineitem_1","Startup Cost": 0.00,"Total Cost": 172515.15,"Plan Rows": 6001215,"Plan Width": 9,"Actual Startup Time": 0.020,"Actual Total Time": 994.479,"Actual Rows": 6001215,"Actual Loops": 4,"Workers": []}]}]}]},{"Node Type": "Index Scan","Parent Relationship": "Inner","Parallel Aware": false,"Async Capable": false,"Scan Direction": "Forward","Index Name": "idx_lineitem_orderkey","Relation Name": "lineitem","Alias": "lineitem","Startup Cost": 0.43,"Total Cost": 1.06,"Plan Rows": 17,"Plan Width": 9,"Actual Startup Time": 0.068,"Actual Total Time": 0.075,"Actual Rows": 7,"Actual Loops": 9,"Index Cond": "(l_orderkey = orders.o_orderkey)","Rows Removed by Index Recheck": 0,"Workers": []}]},{"Node Type": "Hash","Parent Relationship": "Inner","Parallel Aware": true,"Async Capable": false,"Startup Cost": 4210.00,"Total Cost": 4210.00,"Plan Rows": 62500,"Plan Width": 23,"Actual Startup Time": 33.578,"Actual Total Time": 33.582,"Actual Rows": 37500,"Actual Loops": 4,"Hash Buckets": 262144,"Original Hash Buckets": 262144,"Hash Batches": 1,"Original Hash Batches": 1,"Peak Memory Usage": 10336,"Workers": [],"Plans": [{"Node Type": "Seq Scan","Parent Relationship": "Outer","Parallel Aware": true,"Async Capable": false,"Relation Name": "customer","Alias": "customer","Startup Cost": 0.00,"Total Cost": 4210.00,"Plan Rows": 62500,"Plan Width": 23,"Actual Startup Time": 0.023,"Actual Total Time": 16.777,"Actual Rows": 37500,"Actual Loops": 4,"Workers": []}]}]}]}]}]},"Planning Time": 6.662,"Triggers": [],"Execution Time": 10430.266}]
[{"Plan": {"Node Type": "Sort","Parallel Aware": false,"Async Capable": false,"Startup Cost": 397889.21,"Total Cost": 399077.01,"Plan Rows": 475120,"Plan Width": 71,"Actual Startup Time": 10345.847,"Actual Total Time": 10377.998,"Actual Rows": 9,"Actual Loops": 1,"Sort Key": ["orders.o_totalprice DESC", "orders.o_orderdate"],"Sort Method": "quicksort","Sort Space Used": 25,"Sort Space Type": "Memory","Plans": [{"Node Type": "Aggregate","Strategy": "Hashed","Partial Mode": "Simple","Parent Relationship": "Outer","Parallel Aware": false,"Async Capable": false,"Startup Cost": 347151.30,"Total Cost": 353090.30,"Plan Rows": 475120,"Plan Width": 71,"Actual Startup Time": 10329.232,"Actual Total Time": 10377.856,"Actual Rows": 9,"Actual Loops": 1,"Group Key": ["customer.c_custkey", "orders.o_orderkey"],"Planned Partitions": 0,"HashAgg Batches": 1,"Peak Memory Usage": 24601,"Disk Usage": 0,"Plans": [{"Node Type": "Gather","Parent Relationship": "Outer","Parallel Aware": false,"Async Capable": false,"Startup Cost": 216528.94,"Total Cost": 343587.90,"Plan Rows": 475120,"Plan Width": 44,"Actual Startup Time": 10053.961,"Actual Total Time": 10357.615,"Actual Rows": 63,"Actual Loops": 1,"Workers Planned": 3,"Workers Launched": 3,"Single Copy": false,"Plans": [{"Node Type": "Hash Join","Parent Relationship": "Outer","Parallel Aware": true,"Async Capable": false,"Join Type": "Inner","Startup Cost": 215528.94,"Total Cost": 295075.90,"Plan Rows": 153265,"Plan Width": 44,"Actual Startup Time": 10157.696,"Actual Total Time": 10258.651,"Actual Rows": 16,"Actual Loops": 4,"Inner Unique": true,"Hash Cond": "(orders.o_custkey = customer.c_custkey)","Workers": [],"Plans": [{"Node Type": "Nested Loop","Parent Relationship": "Outer","Parallel Aware": false,"Async Capable": false,"Join Type": "Inner","Startup Cost": 210537.69,"Total Cost": 289682.32,"Plan Rows": 153265,"Plan Width": 25,"Actual Startup Time": 10123.332,"Actual Total Time": 10224.239,"Actual Rows": 16,"Actual Loops": 4,"Inner Unique": false,"Workers": [],"Plans": [{"Node Type": "Hash Join","Parent Relationship": "Outer","Parallel Aware": false,"Async Capable": false,"Join Type": "Inner","Startup Cost": 210537.26,"Total Cost": 242741.13,"Plan Rows": 38308,"Plan Width": 24,"Actual Startup Time": 10123.186,"Actual Total Time": 10223.998,"Actual Rows": 2,"Actual Loops": 4,"Inner Unique": true,"Hash Cond": "(orders.o_orderkey = lineitem_1.l_orderkey)","Workers": [],"Plans": [{"Node Type": "Seq Scan","Parent Relationship": "Outer","Parallel Aware": true,"Async Capable": false,"Relation Name": "orders","Alias": "orders","Startup Cost": 0.00,"Total Cost": 30933.71,"Plan Rows": 483871,"Plan Width": 20,"Actual Startup Time": 0.011,"Actual Total Time": 49.852,"Actual Rows": 375000,"Actual Loops": 4,"Workers": []},{"Node Type": "Hash","Parent Relationship": "Inner","Parallel Aware": false,"Async Capable": false,"Startup Cost": 209052.81,"Total Cost": 209052.81,"Plan Rows": 118756,"Plan Width": 4,"Actual Startup Time": 10005.666,"Actual Total Time": 10005.673,"Actual Rows": 9,"Actual Loops": 4,"Hash Buckets": 131072,"Original Hash Buckets": 131072,"Hash Batches": 1,"Original Hash Batches": 1,"Peak Memory Usage": 1025,"Workers": [],"Plans": [{"Node Type": "Aggregate","Strategy": "Hashed","Partial Mode": "Simple","Parent Relationship": "Outer","Parallel Aware": false,"Async Capable": false,"Startup Cost": 202521.23,"Total Cost": 207865.25,"Plan Rows": 118756,"Plan Width": 4,"Actual Startup Time": 6310.010,"Actual Total Time": 10005.543,"Actual Rows": 9,"Actual Loops": 4,"Group Key": ["lineitem_1.l_orderkey"],"Filter": "(sum(lineitem_1.l_quantity) > '313'::numeric)","Planned Partitions": 0,"HashAgg Batches": 1,"Peak Memory Usage": 638993,"Disk Usage": 0,"Rows Removed by Filter": 1499991,"Workers": [{"Worker Number": 0,"HashAgg Batches": 1,"Peak Memory Usage": 638993,"Disk Usage": 0},{"Worker Number": 1,"HashAgg Batches": 1,"Peak Memory Usage": 638993,"Disk Usage": 0},{"Worker Number": 2,"HashAgg Batches": 1,"Peak Memory Usage": 638993,"Disk Usage": 0}],"Plans": [{"Node Type": "Seq Scan","Parent Relationship": "Outer","Parallel Aware": false,"Async Capable": false,"Relation Name": "lineitem","Alias": "lineitem_1","Startup Cost": 0.00,"Total Cost": 172515.15,"Plan Rows": 6001215,"Plan Width": 9,"Actual Startup Time": 0.020,"Actual Total Time": 994.479,"Actual Rows": 6001215,"Actual Loops": 4,"Workers": []}]}]}]},{"Node Type": "Index Scan","Parent Relationship": "Inner","Parallel Aware": false,"Async Capable": false,"Scan Direction": "Forward","Index Name": "idx_lineitem_orderkey","Relation Name": "lineitem","Alias": "lineitem","Startup Cost": 0.43,"Total Cost": 1.06,"Plan Rows": 17,"Plan Width": 9,"Actual Startup Time": 0.068,"Actual Total Time": 0.075,"Actual Rows": 7,"Actual Loops": 9,"Index Cond": "(l_orderkey = orders.o_orderkey)","Rows Removed by Index Recheck": 0,"Workers": []}]},{"Node Type": "Hash","Parent Relationship": "Inner","Parallel Aware": true,"Async Capable": false,"Startup Cost": 4210.00,"Total Cost": 4210.00,"Plan Rows": 62500,"Plan Width": 23,"Actual Startup Time": 33.578,"Actual Total Time": 33.582,"Actual Rows": 37500,"Actual Loops": 4,"Hash Buckets": 262144,"Original Hash Buckets": 262144,"Hash Batches": 1,"Original Hash Batches": 1,"Peak Memory Usage": 10336,"Workers": [],"Plans": [{"Node Type": "Seq Scan","Parent Relationship": "Outer","Parallel Aware": true,"Async Capable": false,"Relation Name": "customer","Alias": "customer","Startup Cost": 0.00,"Total Cost": 4210.00,"Plan Rows": 62500,"Plan Width": 23,"Actual Startup Time": 0.023,"Actual Total Time": 16.777,"Actual Rows": 37500,"Actual Loops": 4,"Workers": []}]}]}]}]}]},"Planning Time": 6.662,"Triggers": [],"Execution Time": 10430.266}]
[{"Plan": {"Node Type": "Sort","Parallel Aware": false,"Async Capable": false,"Startup Cost": 397889.21,"Total Cost": 399077.01,"Plan Rows": 475120,"Plan Width": 71,"Actual Startup Time": 10785.011,"Actual Total Time": 10839.032,"Actual Rows": 9,"Actual Loops": 1,"Sort Key": ["orders.o_totalprice DESC", "orders.o_orderdate"],"Sort Method": "quicksort","Sort Space Used": 25,"Sort Space Type": "Memory","Plans": [{"Node Type": "Aggregate","Strategy": "Hashed","Partial Mode": "Simple","Parent Relationship": "Outer","Parallel Aware": false,"Async Capable": false,"Startup Cost": 347151.30,"Total Cost": 353090.30,"Plan Rows": 475120,"Plan Width": 71,"Actual Startup Time": 10763.855,"Actual Total Time": 10838.848,"Actual Rows": 9,"Actual Loops": 1,"Group Key": ["customer.c_custkey", "orders.o_orderkey"],"Planned Partitions": 0,"HashAgg Batches": 1,"Peak Memory Usage": 24601,"Disk Usage": 0,"Plans": [{"Node Type": "Gather","Parent Relationship": "Outer","Parallel Aware": false,"Async Capable": false,"Startup Cost": 216528.94,"Total Cost": 343587.90,"Plan Rows": 475120,"Plan Width": 44,"Actual Startup Time": 9674.071,"Actual Total Time": 10813.470,"Actual Rows": 63,"Actual Loops": 1,"Workers Planned": 3,"Workers Launched": 3,"Single Copy": false,"Plans": [{"Node Type": "Hash Join","Parent Relationship": "Outer","Parallel Aware": true,"Async Capable": false,"Join Type": "Inner","Startup Cost": 215528.94,"Total Cost": 295075.90,"Plan Rows": 153265,"Plan Width": 44,"Actual Startup Time": 10141.072,"Actual Total Time": 10312.965,"Actual Rows": 16,"Actual Loops": 4,"Inner Unique": true,"Hash Cond": "(orders.o_custkey = customer.c_custkey)","Workers": [],"Plans": [{"Node Type": "Nested Loop","Parent Relationship": "Outer","Parallel Aware": false,"Async Capable": false,"Join Type": "Inner","Startup Cost": 210537.69,"Total Cost": 289682.32,"Plan Rows": 153265,"Plan Width": 25,"Actual Startup Time": 10104.129,"Actual Total Time": 10275.947,"Actual Rows": 16,"Actual Loops": 4,"Inner Unique": false,"Workers": [],"Plans": [{"Node Type": "Hash Join","Parent Relationship": "Outer","Parallel Aware": false,"Async Capable": false,"Join Type": "Inner","Startup Cost": 210537.26,"Total Cost": 242741.13,"Plan Rows": 38308,"Plan Width": 24,"Actual Startup Time": 10104.052,"Actual Total Time": 10275.739,"Actual Rows": 2,"Actual Loops": 4,"Inner Unique": true,"Hash Cond": "(orders.o_orderkey = lineitem_1.l_orderkey)","Workers": [],"Plans": [{"Node Type": "Seq Scan","Parent Relationship": "Outer","Parallel Aware": true,"Async Capable": false,"Relation Name": "orders","Alias": "orders","Startup Cost": 0.00,"Total Cost": 30933.71,"Plan Rows": 483871,"Plan Width": 20,"Actual Startup Time": 0.007,"Actual Total Time": 53.689,"Actual Rows": 375000,"Actual Loops": 4,"Workers": []},{"Node Type": "Hash","Parent Relationship": "Inner","Parallel Aware": false,"Async Capable": false,"Startup Cost": 209052.81,"Total Cost": 209052.81,"Plan Rows": 118756,"Plan Width": 4,"Actual Startup Time": 10025.157,"Actual Total Time": 10025.166,"Actual Rows": 9,"Actual Loops": 4,"Hash Buckets": 131072,"Original Hash Buckets": 131072,"Hash Batches": 1,"Original Hash Batches": 1,"Peak Memory Usage": 1025,"Workers": [],"Plans": [{"Node Type": "Aggregate","Strategy": "Hashed","Partial Mode": "Simple","Parent Relationship": "Outer","Parallel Aware": false,"Async Capable": false,"Startup Cost": 202521.23,"Total Cost": 207865.25,"Plan Rows": 118756,"Plan Width": 4,"Actual Startup Time": 6285.839,"Actual Total Time": 10024.981,"Actual Rows": 9,"Actual Loops": 4,"Group Key": ["lineitem_1.l_orderkey"],"Filter": "(sum(lineitem_1.l_quantity) > '314'::numeric)","Planned Partitions": 0,"HashAgg Batches": 1,"Peak Memory Usage": 638993,"Disk Usage": 0,"Rows Removed by Filter": 1499991,"Workers": [{"Worker Number": 0,"HashAgg Batches": 1,"Peak Memory Usage": 638993,"Disk Usage": 0},{"Worker Number": 1,"HashAgg Batches": 1,"Peak Memory Usage": 638993,"Disk Usage": 0},{"Worker Number": 2,"HashAgg Batches": 1,"Peak Memory Usage": 638993,"Disk Usage": 0}],"Plans": [{"Node Type": "Seq Scan","Parent Relationship": "Outer","Parallel Aware": false,"Async Capable": false,"Relation Name": "lineitem","Alias": "lineitem_1","Startup Cost": 0.00,"Total Cost": 172515.15,"Plan Rows": 6001215,"Plan Width": 9,"Actual Startup Time": 0.019,"Actual Total Time": 931.752,"Actual Rows": 6001215,"Actual Loops": 4,"Workers": []}]}]}]},{"Node Type": "Index Scan","Parent Relationship": "Inner","Parallel Aware": false,"Async Capable": false,"Scan Direction": "Forward","Index Name": "idx_lineitem_orderkey","Relation Name": "lineitem","Alias": "lineitem","Startup Cost": 0.43,"Total Cost": 1.06,"Plan Rows": 17,"Plan Width": 9,"Actual Startup Time": 0.055,"Actual Total Time": 0.062,"Actual Rows": 7,"Actual Loops": 9,"Index Cond": "(l_orderkey = orders.o_orderkey)","Rows Removed by Index Recheck": 0,"Workers": []}]},{"Node Type": "Hash","Parent Relationship": "Inner","Parallel Aware": true,"Async Capable": false,"Startup Cost": 4210.00,"Total Cost": 4210.00,"Plan Rows": 62500,"Plan Width": 23,"Actual Startup Time": 36.172,"Actual Total Time": 36.190,"Actual Rows": 37500,"Actual Loops": 4,"Hash Buckets": 262144,"Original Hash Buckets": 262144,"Hash Batches": 1,"Original Hash Batches": 1,"Peak Memory Usage": 10336,"Workers": [],"Plans": [{"Node Type": "Seq Scan","Parent Relationship": "Outer","Parallel Aware": true,"Async Capable": false,"Relation Name": "customer","Alias": "customer","Startup Cost": 0.00,"Total Cost": 4210.00,"Plan Rows": 62500,"Plan Width": 23,"Actual Startup Time": 0.024,"Actual Total Time": 17.933,"Actual Rows": 37500,"Actual Loops": 4,"Workers": []}]}]}]}]}]},"Planning Time": 6.881,"Triggers": [],"Execution Time": 10893.482}]
[{"Plan": {"Node Type": "Sort","Parallel Aware": false,"Async Capable": false,"Startup Cost": 397889.21,"Total Cost": 399077.01,"Plan Rows": 475120,"Plan Width": 71,"Actual Startup Time": 10345.847,"Actual Total Time": 10377.998,"Actual Rows": 9,"Actual Loops": 1,"Sort Key": ["orders.o_totalprice DESC", "orders.o_orderdate"],"Sort Method": "quicksort","Sort Space Used": 25,"Sort Space Type": "Memory","Plans": [{"Node Type": "Aggregate","Strategy": "Hashed","Partial Mode": "Simple","Parent Relationship": "Outer","Parallel Aware": false,"Async Capable": false,"Startup Cost": 347151.30,"Total Cost": 353090.30,"Plan Rows": 475120,"Plan Width": 71,"Actual Startup Time": 10329.232,"Actual Total Time": 10377.856,"Actual Rows": 9,"Actual Loops": 1,"Group Key": ["customer.c_custkey", "orders.o_orderkey"],"Planned Partitions": 0,"HashAgg Batches": 1,"Peak Memory Usage": 24601,"Disk Usage": 0,"Plans": [{"Node Type": "Gather","Parent Relationship": "Outer","Parallel Aware": false,"Async Capable": false,"Startup Cost": 216528.94,"Total Cost": 343587.90,"Plan Rows": 475120,"Plan Width": 44,"Actual Startup Time": 10053.961,"Actual Total Time": 10357.615,"Actual Rows": 63,"Actual Loops": 1,"Workers Planned": 3,"Workers Launched": 3,"Single Copy": false,"Plans": [{"Node Type": "Hash Join","Parent Relationship": "Outer","Parallel Aware": true,"Async Capable": false,"Join Type": "Inner","Startup Cost": 215528.94,"Total Cost": 295075.90,"Plan Rows": 153265,"Plan Width": 44,"Actual Startup Time": 10157.696,"Actual Total Time": 10258.651,"Actual Rows": 16,"Actual Loops": 4,"Inner Unique": true,"Hash Cond": "(orders.o_custkey = customer.c_custkey)","Workers": [],"Plans": [{"Node Type": "Nested Loop","Parent Relationship": "Outer","Parallel Aware": false,"Async Capable": false,"Join Type": "Inner","Startup Cost": 210537.69,"Total Cost": 289682.32,"Plan Rows": 153265,"Plan Width": 25,"Actual Startup Time": 10123.332,"Actual Total Time": 10224.239,"Actual Rows": 16,"Actual Loops": 4,"Inner Unique": false,"Workers": [],"Plans": [{"Node Type": "Hash Join","Parent Relationship": "Outer","Parallel Aware": false,"Async Capable": false,"Join Type": "Inner","Startup Cost": 210537.26,"Total Cost": 242741.13,"Plan Rows": 38308,"Plan Width": 24,"Actual Startup Time": 10123.186,"Actual Total Time": 10223.998,"Actual Rows": 2,"Actual Loops": 4,"Inner Unique": true,"Hash Cond": "(orders.o_orderkey = lineitem_1.l_orderkey)","Workers": [],"Plans": [{"Node Type": "Seq Scan","Parent Relationship": "Outer","Parallel Aware": true,"Async Capable": false,"Relation Name": "orders","Alias": "orders","Startup Cost": 0.00,"Total Cost": 30933.71,"Plan Rows": 483871,"Plan Width": 20,"Actual Startup Time": 0.011,"Actual Total Time": 49.852,"Actual Rows": 375000,"Actual Loops": 4,"Workers": []},{"Node Type": "Hash","Parent Relationship": "Inner","Parallel Aware": false,"Async Capable": false,"Startup Cost": 209052.81,"Total Cost": 209052.81,"Plan Rows": 118756,"Plan Width": 4,"Actual Startup Time": 10005.666,"Actual Total Time": 10005.673,"Actual Rows": 9,"Actual Loops": 4,"Hash Buckets": 131072,"Original Hash Buckets": 131072,"Hash Batches": 1,"Original Hash Batches": 1,"Peak Memory Usage": 1025,"Workers": [],"Plans": [{"Node Type": "Aggregate","Strategy": "Hashed","Partial Mode": "Simple","Parent Relationship": "Outer","Parallel Aware": false,"Async Capable": false,"Startup Cost": 202521.23,"Total Cost": 207865.25,"Plan Rows": 118756,"Plan Width": 4,"Actual Startup Time": 6310.010,"Actual Total Time": 10005.543,"Actual Rows": 9,"Actual Loops": 4,"Group Key": ["lineitem_1.l_orderkey"],"Filter": "(sum(lineitem_1.l_quantity) > '313'::numeric)","Planned Partitions": 0,"HashAgg Batches": 1,"Peak Memory Usage": 638993,"Disk Usage": 0,"Rows Removed by Filter": 1499991,"Workers": [{"Worker Number": 0,"HashAgg Batches": 1,"Peak Memory Usage": 638993,"Disk Usage": 0},{"Worker Number": 1,"HashAgg Batches": 1,"Peak Memory Usage": 638993,"Disk Usage": 0},{"Worker Number": 2,"HashAgg Batches": 1,"Peak Memory Usage": 638993,"Disk Usage": 0}],"Plans": [{"Node Type": "Seq Scan","Parent Relationship": "Outer","Parallel Aware": false,"Async Capable": false,"Relation Name": "lineitem","Alias": "lineitem_1","Startup Cost": 0.00,"Total Cost": 172515.15,"Plan Rows": 6001215,"Plan Width": 9,"Actual Startup Time": 0.020,"Actual Total Time": 994.479,"Actual Rows": 6001215,"Actual Loops": 4,"Workers": []}]}]}]},{"Node Type": "Index Scan","Parent Relationship": "Inner","Parallel Aware": false,"Async Capable": false,"Scan Direction": "Forward","Index Name": "idx_lineitem_orderkey","Relation Name": "lineitem","Alias": "lineitem","Startup Cost": 0.43,"Total Cost": 1.06,"Plan Rows": 17,"Plan Width": 9,"Actual Startup Time": 0.068,"Actual Total Time": 0.075,"Actual Rows": 7,"Actual Loops": 9,"Index Cond": "(l_orderkey = orders.o_orderkey)","Rows Removed by Index Recheck": 0,"Workers": []}]},{"Node Type": "Hash","Parent Relationship": "Inner","Parallel Aware": true,"Async Capable": false,"Startup Cost": 4210.00,"Total Cost": 4210.00,"Plan Rows": 62500,"Plan Width": 23,"Actual Startup Time": 33.578,"Actual Total Time": 33.582,"Actual Rows": 37500,"Actual Loops": 4,"Hash Buckets": 262144,"Original Hash Buckets": 262144,"Hash Batches": 1,"Original Hash Batches": 1,"Peak Memory Usage": 10336,"Workers": [],"Plans": [{"Node Type": "Seq Scan","Parent Relationship": "Outer","Parallel Aware": true,"Async Capable": false,"Relation Name": "customer","Alias": "customer","Startup Cost": 0.00,"Total Cost": 4210.00,"Plan Rows": 62500,"Plan Width": 23,"Actual Startup Time": 0.023,"Actual Total Time": 16.777,"Actual Rows": 37500,"Actual Loops": 4,"Workers": []}]}]}]}]}]},"Planning Time": 6.662,"Triggers": [],"Execution Time": 10430.266}]
[{"Plan": {"Node Type": "Sort","Parallel Aware": false,"Async Capable": false,"Startup Cost": 397889.21,"Total Cost": 399077.01,"Plan Rows": 475120,"Plan Width": 71,"Actual Startup Time": 10345.847,"Actual Total Time": 10377.998,"Actual Rows": 9,"Actual Loops": 1,"Sort Key": ["orders.o_totalprice DESC", "orders.o_orderdate"],"Sort Method": "quicksort","Sort Space Used": 25,"Sort Space Type": "Memory","Plans": [{"Node Type": "Aggregate","Strategy": "Hashed","Partial Mode": "Simple","Parent Relationship": "Outer","Parallel Aware": false,"Async Capable": false,"Startup Cost": 347151.30,"Total Cost": 353090.30,"Plan Rows": 475120,"Plan Width": 71,"Actual Startup Time": 10329.232,"Actual Total Time": 10377.856,"Actual Rows": 9,"Actual Loops": 1,"Group Key": ["customer.c_custkey", "orders.o_orderkey"],"Planned Partitions": 0,"HashAgg Batches": 1,"Peak Memory Usage": 24601,"Disk Usage": 0,"Plans": [{"Node Type": "Gather","Parent Relationship": "Outer","Parallel Aware": false,"Async Capable": false,"Startup Cost": 216528.94,"Total Cost": 343587.90,"Plan Rows": 475120,"Plan Width": 44,"Actual Startup Time": 10053.961,"Actual Total Time": 10357.615,"Actual Rows": 63,"Actual Loops": 1,"Workers Planned": 3,"Workers Launched": 3,"Single Copy": false,"Plans": [{"Node Type": "Hash Join","Parent Relationship": "Outer","Parallel Aware": true,"Async Capable": false,"Join Type": "Inner","Startup Cost": 215528.94,"Total Cost": 295075.90,"Plan Rows": 153265,"Plan Width": 44,"Actual Startup Time": 10157.696,"Actual Total Time": 10258.651,"Actual Rows": 16,"Actual Loops": 4,"Inner Unique": true,"Hash Cond": "(orders.o_custkey = customer.c_custkey)","Workers": [],"Plans": [{"Node Type": "Nested Loop","Parent Relationship": "Outer","Parallel Aware": false,"Async Capable": false,"Join Type": "Inner","Startup Cost": 210537.69,"Total Cost": 289682.32,"Plan Rows": 153265,"Plan Width": 25,"Actual Startup Time": 10123.332,"Actual Total Time": 10224.239,"Actual Rows": 16,"Actual Loops": 4,"Inner Unique": false,"Workers": [],"Plans": [{"Node Type": "Hash Join","Parent Relationship": "Outer","Parallel Aware": false,"Async Capable": false,"Join Type": "Inner","Startup Cost": 210537.26,"Total Cost": 242741.13,"Plan Rows": 38308,"Plan Width": 24,"Actual Startup Time": 10123.186,"Actual Total Time": 10223.998,"Actual Rows": 2,"Actual Loops": 4,"Inner Unique": true,"Hash Cond": "(orders.o_orderkey = lineitem_1.l_orderkey)","Workers": [],"Plans": [{"Node Type": "Seq Scan","Parent Relationship": "Outer","Parallel Aware": true,"Async Capable": false,"Relation Name": "orders","Alias": "orders","Startup Cost": 0.00,"Total Cost": 30933.71,"Plan Rows": 483871,"Plan Width": 20,"Actual Startup Time": 0.011,"Actual Total Time": 49.852,"Actual Rows": 375000,"Actual Loops": 4,"Workers": []},{"Node Type": "Hash","Parent Relationship": "Inner","Parallel Aware": false,"Async Capable": false,"Startup Cost": 209052.81,"Total Cost": 209052.81,"Plan Rows": 118756,"Plan Width": 4,"Actual Startup Time": 10005.666,"Actual Total Time": 10005.673,"Actual Rows": 9,"Actual Loops": 4,"Hash Buckets": 131072,"Original Hash Buckets": 131072,"Hash Batches": 1,"Original Hash Batches": 1,"Peak Memory Usage": 1025,"Workers": [],"Plans": [{"Node Type": "Aggregate","Strategy": "Hashed","Partial Mode": "Simple","Parent Relationship": "Outer","Parallel Aware": false,"Async Capable": false,"Startup Cost": 202521.23,"Total Cost": 207865.25,"Plan Rows": 118756,"Plan Width": 4,"Actual Startup Time": 6310.010,"Actual Total Time": 10005.543,"Actual Rows": 9,"Actual Loops": 4,"Group Key": ["lineitem_1.l_orderkey"],"Filter": "(sum(lineitem_1.l_quantity) > '313'::numeric)","Planned Partitions": 0,"HashAgg Batches": 1,"Peak Memory Usage": 638993,"Disk Usage": 0,"Rows Removed by Filter": 1499991,"Workers": [{"Worker Number": 0,"HashAgg Batches": 1,"Peak Memory Usage": 638993,"Disk Usage": 0},{"Worker Number": 1,"HashAgg Batches": 1,"Peak Memory Usage": 638993,"Disk Usage": 0},{"Worker Number": 2,"HashAgg Batches": 1,"Peak Memory Usage": 638993,"Disk Usage": 0}],"Plans": [{"Node Type": "Seq Scan","Parent Relationship": "Outer","Parallel Aware": false,"Async Capable": false,"Relation Name": "lineitem","Alias": "lineitem_1","Startup Cost": 0.00,"Total Cost": 172515.15,"Plan Rows": 6001215,"Plan Width": 9,"Actual Startup Time": 0.020,"Actual Total Time": 994.479,"Actual Rows": 6001215,"Actual Loops": 4,"Workers": []}]}]}]},{"Node Type": "Index Scan","Parent Relationship": "Inner","Parallel Aware": false,"Async Capable": false,"Scan Direction": "Forward","Index Name": "idx_lineitem_orderkey","Relation Name": "lineitem","Alias": "lineitem","Startup Cost": 0.43,"Total Cost": 1.06,"Plan Rows": 17,"Plan Width": 9,"Actual Startup Time": 0.068,"Actual Total Time": 0.075,"Actual Rows": 7,"Actual Loops": 9,"Index Cond": "(l_orderkey = orders.o_orderkey)","Rows Removed by Index Recheck": 0,"Workers": []}]},{"Node Type": "Hash","Parent Relationship": "Inner","Parallel Aware": true,"Async Capable": false,"Startup Cost": 4210.00,"Total Cost": 4210.00,"Plan Rows": 62500,"Plan Width": 23,"Actual Startup Time": 33.578,"Actual Total Time": 33.582,"Actual Rows": 37500,"Actual Loops": 4,"Hash Buckets": 262144,"Original Hash Buckets": 262144,"Hash Batches": 1,"Original Hash Batches": 1,"Peak Memory Usage": 10336,"Workers": [],"Plans": [{"Node Type": "Seq Scan","Parent Relationship": "Outer","Parallel Aware": true,"Async Capable": false,"Relation Name": "customer","Alias": "customer","Startup Cost": 0.00,"Total Cost": 4210.00,"Plan Rows": 62500,"Plan Width": 23,"Actual Startup Time": 0.023,"Actual Total Time": 16.777,"Actual Rows": 37500,"Actual Loops": 4,"Workers": []}]}]}]}]}]},"Planning Time": 6.662,"Triggers": [],"Execution Time": 10430.266}]
[{"Plan": {"Node Type": "Sort","Parallel Aware": false,"Async Capable": false,"Startup Cost": 397889.21,"Total Cost": 399077.01,"Plan Rows": 475120,"Plan Width": 71,"Actual Startup Time": 10785.011,"Actual Total Time": 10839.032,"Actual Rows": 9,"Actual Loops": 1,"Sort Key": ["orders.o_totalprice DESC", "orders.o_orderdate"],"Sort Method": "quicksort","Sort Space Used": 25,"Sort Space Type": "Memory","Plans": [{"Node Type": "Aggregate","Strategy": "Hashed","Partial Mode": "Simple","Parent Relationship": "Outer","Parallel Aware": false,"Async Capable": false,"Startup Cost": 347151.30,"Total Cost": 353090.30,"Plan Rows": 475120,"Plan Width": 71,"Actual Startup Time": 10763.855,"Actual Total Time": 10838.848,"Actual Rows": 9,"Actual Loops": 1,"Group Key": ["customer.c_custkey", "orders.o_orderkey"],"Planned Partitions": 0,"HashAgg Batches": 1,"Peak Memory Usage": 24601,"Disk Usage": 0,"Plans": [{"Node Type": "Gather","Parent Relationship": "Outer","Parallel Aware": false,"Async Capable": false,"Startup Cost": 216528.94,"Total Cost": 343587.90,"Plan Rows": 475120,"Plan Width": 44,"Actual Startup Time": 9674.071,"Actual Total Time": 10813.470,"Actual Rows": 63,"Actual Loops": 1,"Workers Planned": 3,"Workers Launched": 3,"Single Copy": false,"Plans": [{"Node Type": "Hash Join","Parent Relationship": "Outer","Parallel Aware": true,"Async Capable": false,"Join Type": "Inner","Startup Cost": 215528.94,"Total Cost": 295075.90,"Plan Rows": 153265,"Plan Width": 44,"Actual Startup Time": 10141.072,"Actual Total Time": 10312.965,"Actual Rows": 16,"Actual Loops": 4,"Inner Unique": true,"Hash Cond": "(orders.o_custkey = customer.c_custkey)","Workers": [],"Plans": [{"Node Type": "Nested Loop","Parent Relationship": "Outer","Parallel Aware": false,"Async Capable": false,"Join Type": "Inner","Startup Cost": 210537.69,"Total Cost": 289682.32,"Plan Rows": 153265,"Plan Width": 25,"Actual Startup Time": 10104.129,"Actual Total Time": 10275.947,"Actual Rows": 16,"Actual Loops": 4,"Inner Unique": false,"Workers": [],"Plans": [{"Node Type": "Hash Join","Parent Relationship": "Outer","Parallel Aware": false,"Async Capable": false,"Join Type": "Inner","Startup Cost": 210537.26,"Total Cost": 242741.13,"Plan Rows": 38308,"Plan Width": 24,"Actual Startup Time": 10104.052,"Actual Total Time": 10275.739,"Actual Rows": 2,"Actual Loops": 4,"Inner Unique": true,"Hash Cond": "(orders.o_orderkey = lineitem_1.l_orderkey)","Workers": [],"Plans": [{"Node Type": "Seq Scan","Parent Relationship": "Outer","Parallel Aware": true,"Async Capable": false,"Relation Name": "orders","Alias": "orders","Startup Cost": 0.00,"Total Cost": 30933.71,"Plan Rows": 483871,"Plan Width": 20,"Actual Startup Time": 0.007,"Actual Total Time": 53.689,"Actual Rows": 375000,"Actual Loops": 4,"Workers": []},{"Node Type": "Hash","Parent Relationship": "Inner","Parallel Aware": false,"Async Capable": false,"Startup Cost": 209052.81,"Total Cost": 209052.81,"Plan Rows": 118756,"Plan Width": 4,"Actual Startup Time": 10025.157,"Actual Total Time": 10025.166,"Actual Rows": 9,"Actual Loops": 4,"Hash Buckets": 131072,"Original Hash Buckets": 131072,"Hash Batches": 1,"Original Hash Batches": 1,"Peak Memory Usage": 1025,"Workers": [],"Plans": [{"Node Type": "Aggregate","Strategy": "Hashed","Partial Mode": "Simple","Parent Relationship": "Outer","Parallel Aware": false,"Async Capable": false,"Startup Cost": 202521.23,"Total Cost": 207865.25,"Plan Rows": 118756,"Plan Width": 4,"Actual Startup Time": 6285.839,"Actual Total Time": 10024.981,"Actual Rows": 9,"Actual Loops": 4,"Group Key": ["lineitem_1.l_orderkey"],"Filter": "(sum(lineitem_1.l_quantity) > '314'::numeric)","Planned Partitions": 0,"HashAgg Batches": 1,"Peak Memory Usage": 638993,"Disk Usage": 0,"Rows Removed by Filter": 1499991,"Workers": [{"Worker Number": 0,"HashAgg Batches": 1,"Peak Memory Usage": 638993,"Disk Usage": 0},{"Worker Number": 1,"HashAgg Batches": 1,"Peak Memory Usage": 638993,"Disk Usage": 0},{"Worker Number": 2,"HashAgg Batches": 1,"Peak Memory Usage": 638993,"Disk Usage": 0}],"Plans": [{"Node Type": "Seq Scan","Parent Relationship": "Outer","Parallel Aware": false,"Async Capable": false,"Relation Name": "lineitem","Alias": "lineitem_1","Startup Cost": 0.00,"Total Cost": 172515.15,"Plan Rows": 6001215,"Plan Width": 9,"Actual Startup Time": 0.019,"Actual Total Time": 931.752,"Actual Rows": 6001215,"Actual Loops": 4,"Workers": []}]}]}]},{"Node Type": "Index Scan","Parent Relationship": "Inner","Parallel Aware": false,"Async Capable": false,"Scan Direction": "Forward","Index Name": "idx_lineitem_orderkey","Relation Name": "lineitem","Alias": "lineitem","Startup Cost": 0.43,"Total Cost": 1.06,"Plan Rows": 17,"Plan Width": 9,"Actual Startup Time": 0.055,"Actual Total Time": 0.062,"Actual Rows": 7,"Actual Loops": 9,"Index Cond": "(l_orderkey = orders.o_orderkey)","Rows Removed by Index Recheck": 0,"Workers": []}]},{"Node Type": "Hash","Parent Relationship": "Inner","Parallel Aware": true,"Async Capable": false,"Startup Cost": 4210.00,"Total Cost": 4210.00,"Plan Rows": 62500,"Plan Width": 23,"Actual Startup Time": 36.172,"Actual Total Time": 36.190,"Actual Rows": 37500,"Actual Loops": 4,"Hash Buckets": 262144,"Original Hash Buckets": 262144,"Hash Batches": 1,"Original Hash Batches": 1,"Peak Memory Usage": 10336,"Workers": [],"Plans": [{"Node Type": "Seq Scan","Parent Relationship": "Outer","Parallel Aware": true,"Async Capable": false,"Relation Name": "customer","Alias": "customer","Startup Cost": 0.00,"Total Cost": 4210.00,"Plan Rows": 62500,"Plan Width": 23,"Actual Startup Time": 0.024,"Actual Total Time": 17.933,"Actual Rows": 37500,"Actual Loops": 4,"Workers": []}]}]}]}]}]},"Planning Time": 6.881,"Triggers": [],"Execution Time": 10893.482}]
[{"Plan": {"Node Type": "Sort","Parallel Aware": false,"Async Capable": false,"Startup Cost": 397889.21,"Total Cost": 399077.01,"Plan Rows": 475120,"Plan Width": 71,"Actual Startup Time": 10887.509,"Actual Total Time": 10908.132,"Actual Rows": 10,"Actual Loops": 1,"Sort Key": ["orders.o_totalprice DESC", "orders.o_orderdate"],"Sort Method": "quicksort","Sort Space Used": 25,"Sort Space Type": "Memory","Plans": [{"Node Type": "Aggregate","Strategy": "Hashed","Partial Mode": "Simple","Parent Relationship": "Outer","Parallel Aware": false,"Async Capable": false,"Startup Cost": 347151.30,"Total Cost": 353090.30,"Plan Rows": 475120,"Plan Width": 71,"Actual Startup Time": 10848.812,"Actual Total Time": 10907.941,"Actual Rows": 10,"Actual Loops": 1,"Group Key": ["customer.c_custkey", "orders.o_orderkey"],"Planned Partitions": 0,"HashAgg Batches": 1,"Peak Memory Usage": 24601,"Disk Usage": 0,"Plans": [{"Node Type": "Gather","Parent Relationship": "Outer","Parallel Aware": false,"Async Capable": false,"Startup Cost": 216528.94,"Total Cost": 343587.90,"Plan Rows": 475120,"Plan Width": 44,"Actual Startup Time": 10782.037,"Actual Total Time": 10858.151,"Actual Rows": 70,"Actual Loops": 1,"Workers Planned": 3,"Workers Launched": 3,"Single Copy": false,"Plans": [{"Node Type": "Hash Join","Parent Relationship": "Outer","Parallel Aware": true,"Async Capable": false,"Join Type": "Inner","Startup Cost": 215528.94,"Total Cost": 295075.90,"Plan Rows": 153265,"Plan Width": 44,"Actual Startup Time": 10180.765,"Actual Total Time": 10348.312,"Actual Rows": 18,"Actual Loops": 4,"Inner Unique": true,"Hash Cond": "(orders.o_custkey = customer.c_custkey)","Workers": [],"Plans": [{"Node Type": "Nested Loop","Parent Relationship": "Outer","Parallel Aware": false,"Async Capable": false,"Join Type": "Inner","Startup Cost": 210537.69,"Total Cost": 289682.32,"Plan Rows": 153265,"Plan Width": 25,"Actual Startup Time": 10142.809,"Actual Total Time": 10310.270,"Actual Rows": 18,"Actual Loops": 4,"Inner Unique": false,"Workers": [],"Plans": [{"Node Type": "Hash Join","Parent Relationship": "Outer","Parallel Aware": false,"Async Capable": false,"Join Type": "Inner","Startup Cost": 210537.26,"Total Cost": 242741.13,"Plan Rows": 38308,"Plan Width": 24,"Actual Startup Time": 10142.670,"Actual Total Time": 10309.991,"Actual Rows": 2,"Actual Loops": 4,"Inner Unique": true,"Hash Cond": "(orders.o_orderkey = lineitem_1.l_orderkey)","Workers": [],"Plans": [{"Node Type": "Seq Scan","Parent Relationship": "Outer","Parallel Aware": true,"Async Capable": false,"Relation Name": "orders","Alias": "orders","Startup Cost": 0.00,"Total Cost": 30933.71,"Plan Rows": 483871,"Plan Width": 20,"Actual Startup Time": 0.009,"Actual Total Time": 49.040,"Actual Rows": 375000,"Actual Loops": 4,"Workers": []},{"Node Type": "Hash","Parent Relationship": "Inner","Parallel Aware": false,"Async Capable": false,"Startup Cost": 209052.81,"Total Cost": 209052.81,"Plan Rows": 118756,"Plan Width": 4,"Actual Startup Time": 10075.163,"Actual Total Time": 10075.176,"Actual Rows": 10,"Actual Loops": 4,"Hash Buckets": 131072,"Original Hash Buckets": 131072,"Hash Batches": 1,"Original Hash Batches": 1,"Peak Memory Usage": 1025,"Workers": [],"Plans": [{"Node Type": "Aggregate","Strategy": "Hashed","Partial Mode": "Simple","Parent Relationship": "Outer","Parallel Aware": false,"Async Capable": false,"Startup Cost": 202521.23,"Total Cost": 207865.25,"Plan Rows": 118756,"Plan Width": 4,"Actual Startup Time": 6293.151,"Actual Total Time": 10074.968,"Actual Rows": 10,"Actual Loops": 4,"Group Key": ["lineitem_1.l_orderkey"],"Filter": "(sum(lineitem_1.l_quantity) > '312'::numeric)","Planned Partitions": 0,"HashAgg Batches": 1,"Peak Memory Usage": 638993,"Disk Usage": 0,"Rows Removed by Filter": 1499990,"Workers": [{"Worker Number": 0,"HashAgg Batches": 1,"Peak Memory Usage": 638993,"Disk Usage": 0},{"Worker Number": 1,"HashAgg Batches": 1,"Peak Memory Usage": 638993,"Disk Usage": 0},{"Worker Number": 2,"HashAgg Batches": 1,"Peak Memory Usage": 638993,"Disk Usage": 0}],"Plans": [{"Node Type": "Seq Scan","Parent Relationship": "Outer","Parallel Aware": false,"Async Capable": false,"Relation Name": "lineitem","Alias": "lineitem_1","Startup Cost": 0.00,"Total Cost": 172515.15,"Plan Rows": 6001215,"Plan Width": 9,"Actual Startup Time": 0.021,"Actual Total Time": 960.546,"Actual Rows": 6001215,"Actual Loops": 4,"Workers": []}]}]}]},{"Node Type": "Index Scan","Parent Relationship": "Inner","Parallel Aware": false,"Async Capable": false,"Scan Direction": "Forward","Index Name": "idx_lineitem_orderkey","Relation Name": "lineitem","Alias": "lineitem","Startup Cost": 0.43,"Total Cost": 1.06,"Plan Rows": 17,"Plan Width": 9,"Actual Startup Time": 0.072,"Actual Total Time": 0.079,"Actual Rows": 7,"Actual Loops": 10,"Index Cond": "(l_orderkey = orders.o_orderkey)","Rows Removed by Index Recheck": 0,"Workers": []}]},{"Node Type": "Hash","Parent Relationship": "Inner","Parallel Aware": true,"Async Capable": false,"Startup Cost": 4210.00,"Total Cost": 4210.00,"Plan Rows": 62500,"Plan Width": 23,"Actual Startup Time": 37.105,"Actual Total Time": 37.114,"Actual Rows": 37500,"Actual Loops": 4,"Hash Buckets": 262144,"Original Hash Buckets": 262144,"Hash Batches": 1,"Original Hash Batches": 1,"Peak Memory Usage": 10368,"Workers": [],"Plans": [{"Node Type": "Seq Scan","Parent Relationship": "Outer","Parallel Aware": true,"Async Capable": false,"Relation Name": "customer","Alias": "customer","Startup Cost": 0.00,"Total Cost": 4210.00,"Plan Rows": 62500,"Plan Width": 23,"Actual Startup Time": 0.025,"Actual Total Time": 19.726,"Actual Rows": 37500,"Actual Loops": 4,"Workers": []}]}]}]}]}]},"Planning Time": 6.715,"Triggers": [],"Execution Time": 10961.817}]
[{"Plan": {"Node Type": "Sort","Parallel Aware": false,"Async Capable": false,"Startup Cost": 397889.21,"Total Cost": 399077.01,"Plan Rows": 475120,"Plan Width": 71,"Actual Startup Time": 10785.011,"Actual Total Time": 10839.032,"Actual Rows": 9,"Actual Loops": 1,"Sort Key": ["orders.o_totalprice DESC", "orders.o_orderdate"],"Sort Method": "quicksort","Sort Space Used": 25,"Sort Space Type": "Memory","Plans": [{"Node Type": "Aggregate","Strategy": "Hashed","Partial Mode": "Simple","Parent Relationship": "Outer","Parallel Aware": false,"Async Capable": false,"Startup Cost": 347151.30,"Total Cost": 353090.30,"Plan Rows": 475120,"Plan Width": 71,"Actual Startup Time": 10763.855,"Actual Total Time": 10838.848,"Actual Rows": 9,"Actual Loops": 1,"Group Key": ["customer.c_custkey", "orders.o_orderkey"],"Planned Partitions": 0,"HashAgg Batches": 1,"Peak Memory Usage": 24601,"Disk Usage": 0,"Plans": [{"Node Type": "Gather","Parent Relationship": "Outer","Parallel Aware": false,"Async Capable": false,"Startup Cost": 216528.94,"Total Cost": 343587.90,"Plan Rows": 475120,"Plan Width": 44,"Actual Startup Time": 9674.071,"Actual Total Time": 10813.470,"Actual Rows": 63,"Actual Loops": 1,"Workers Planned": 3,"Workers Launched": 3,"Single Copy": false,"Plans": [{"Node Type": "Hash Join","Parent Relationship": "Outer","Parallel Aware": true,"Async Capable": false,"Join Type": "Inner","Startup Cost": 215528.94,"Total Cost": 295075.90,"Plan Rows": 153265,"Plan Width": 44,"Actual Startup Time": 10141.072,"Actual Total Time": 10312.965,"Actual Rows": 16,"Actual Loops": 4,"Inner Unique": true,"Hash Cond": "(orders.o_custkey = customer.c_custkey)","Workers": [],"Plans": [{"Node Type": "Nested Loop","Parent Relationship": "Outer","Parallel Aware": false,"Async Capable": false,"Join Type": "Inner","Startup Cost": 210537.69,"Total Cost": 289682.32,"Plan Rows": 153265,"Plan Width": 25,"Actual Startup Time": 10104.129,"Actual Total Time": 10275.947,"Actual Rows": 16,"Actual Loops": 4,"Inner Unique": false,"Workers": [],"Plans": [{"Node Type": "Hash Join","Parent Relationship": "Outer","Parallel Aware": false,"Async Capable": false,"Join Type": "Inner","Startup Cost": 210537.26,"Total Cost": 242741.13,"Plan Rows": 38308,"Plan Width": 24,"Actual Startup Time": 10104.052,"Actual Total Time": 10275.739,"Actual Rows": 2,"Actual Loops": 4,"Inner Unique": true,"Hash Cond": "(orders.o_orderkey = lineitem_1.l_orderkey)","Workers": [],"Plans": [{"Node Type": "Seq Scan","Parent Relationship": "Outer","Parallel Aware": true,"Async Capable": false,"Relation Name": "orders","Alias": "orders","Startup Cost": 0.00,"Total Cost": 30933.71,"Plan Rows": 483871,"Plan Width": 20,"Actual Startup Time": 0.007,"Actual Total Time": 53.689,"Actual Rows": 375000,"Actual Loops": 4,"Workers": []},{"Node Type": "Hash","Parent Relationship": "Inner","Parallel Aware": false,"Async Capable": false,"Startup Cost": 209052.81,"Total Cost": 209052.81,"Plan Rows": 118756,"Plan Width": 4,"Actual Startup Time": 10025.157,"Actual Total Time": 10025.166,"Actual Rows": 9,"Actual Loops": 4,"Hash Buckets": 131072,"Original Hash Buckets": 131072,"Hash Batches": 1,"Original Hash Batches": 1,"Peak Memory Usage": 1025,"Workers": [],"Plans": [{"Node Type": "Aggregate","Strategy": "Hashed","Partial Mode": "Simple","Parent Relationship": "Outer","Parallel Aware": false,"Async Capable": false,"Startup Cost": 202521.23,"Total Cost": 207865.25,"Plan Rows": 118756,"Plan Width": 4,"Actual Startup Time": 6285.839,"Actual Total Time": 10024.981,"Actual Rows": 9,"Actual Loops": 4,"Group Key": ["lineitem_1.l_orderkey"],"Filter": "(sum(lineitem_1.l_quantity) > '314'::numeric)","Planned Partitions": 0,"HashAgg Batches": 1,"Peak Memory Usage": 638993,"Disk Usage": 0,"Rows Removed by Filter": 1499991,"Workers": [{"Worker Number": 0,"HashAgg Batches": 1,"Peak Memory Usage": 638993,"Disk Usage": 0},{"Worker Number": 1,"HashAgg Batches": 1,"Peak Memory Usage": 638993,"Disk Usage": 0},{"Worker Number": 2,"HashAgg Batches": 1,"Peak Memory Usage": 638993,"Disk Usage": 0}],"Plans": [{"Node Type": "Seq Scan","Parent Relationship": "Outer","Parallel Aware": false,"Async Capable": false,"Relation Name": "lineitem","Alias": "lineitem_1","Startup Cost": 0.00,"Total Cost": 172515.15,"Plan Rows": 6001215,"Plan Width": 9,"Actual Startup Time": 0.019,"Actual Total Time": 931.752,"Actual Rows": 6001215,"Actual Loops": 4,"Workers": []}]}]}]},{"Node Type": "Index Scan","Parent Relationship": "Inner","Parallel Aware": false,"Async Capable": false,"Scan Direction": "Forward","Index Name": "idx_lineitem_orderkey","Relation Name": "lineitem","Alias": "lineitem","Startup Cost": 0.43,"Total Cost": 1.06,"Plan Rows": 17,"Plan Width": 9,"Actual Startup Time": 0.055,"Actual Total Time": 0.062,"Actual Rows": 7,"Actual Loops": 9,"Index Cond": "(l_orderkey = orders.o_orderkey)","Rows Removed by Index Recheck": 0,"Workers": []}]},{"Node Type": "Hash","Parent Relationship": "Inner","Parallel Aware": true,"Async Capable": false,"Startup Cost": 4210.00,"Total Cost": 4210.00,"Plan Rows": 62500,"Plan Width": 23,"Actual Startup Time": 36.172,"Actual Total Time": 36.190,"Actual Rows": 37500,"Actual Loops": 4,"Hash Buckets": 262144,"Original Hash Buckets": 262144,"Hash Batches": 1,"Original Hash Batches": 1,"Peak Memory Usage": 10336,"Workers": [],"Plans": [{"Node Type": "Seq Scan","Parent Relationship": "Outer","Parallel Aware": true,"Async Capable": false,"Relation Name": "customer","Alias": "customer","Startup Cost": 0.00,"Total Cost": 4210.00,"Plan Rows": 62500,"Plan Width": 23,"Actual Startup Time": 0.024,"Actual Total Time": 17.933,"Actual Rows": 37500,"Actual Loops": 4,"Workers": []}]}]}]}]}]},"Planning Time": 6.881,"Triggers": [],"Execution Time": 10893.482}]
[{"Plan": {"Node Type": "Sort","Parallel Aware": false,"Async Capable": false,"Startup Cost": 397889.21,"Total Cost": 399077.01,"Plan Rows": 475120,"Plan Width": 71,"Actual Startup Time": 10785.011,"Actual Total Time": 10839.032,"Actual Rows": 9,"Actual Loops": 1,"Sort Key": ["orders.o_totalprice DESC", "orders.o_orderdate"],"Sort Method": "quicksort","Sort Space Used": 25,"Sort Space Type": "Memory","Plans": [{"Node Type": "Aggregate","Strategy": "Hashed","Partial Mode": "Simple","Parent Relationship": "Outer","Parallel Aware": false,"Async Capable": false,"Startup Cost": 347151.30,"Total Cost": 353090.30,"Plan Rows": 475120,"Plan Width": 71,"Actual Startup Time": 10763.855,"Actual Total Time": 10838.848,"Actual Rows": 9,"Actual Loops": 1,"Group Key": ["customer.c_custkey", "orders.o_orderkey"],"Planned Partitions": 0,"HashAgg Batches": 1,"Peak Memory Usage": 24601,"Disk Usage": 0,"Plans": [{"Node Type": "Gather","Parent Relationship": "Outer","Parallel Aware": false,"Async Capable": false,"Startup Cost": 216528.94,"Total Cost": 343587.90,"Plan Rows": 475120,"Plan Width": 44,"Actual Startup Time": 9674.071,"Actual Total Time": 10813.470,"Actual Rows": 63,"Actual Loops": 1,"Workers Planned": 3,"Workers Launched": 3,"Single Copy": false,"Plans": [{"Node Type": "Hash Join","Parent Relationship": "Outer","Parallel Aware": true,"Async Capable": false,"Join Type": "Inner","Startup Cost": 215528.94,"Total Cost": 295075.90,"Plan Rows": 153265,"Plan Width": 44,"Actual Startup Time": 10141.072,"Actual Total Time": 10312.965,"Actual Rows": 16,"Actual Loops": 4,"Inner Unique": true,"Hash Cond": "(orders.o_custkey = customer.c_custkey)","Workers": [],"Plans": [{"Node Type": "Nested Loop","Parent Relationship": "Outer","Parallel Aware": false,"Async Capable": false,"Join Type": "Inner","Startup Cost": 210537.69,"Total Cost": 289682.32,"Plan Rows": 153265,"Plan Width": 25,"Actual Startup Time": 10104.129,"Actual Total Time": 10275.947,"Actual Rows": 16,"Actual Loops": 4,"Inner Unique": false,"Workers": [],"Plans": [{"Node Type": "Hash Join","Parent Relationship": "Outer","Parallel Aware": false,"Async Capable": false,"Join Type": "Inner","Startup Cost": 210537.26,"Total Cost": 242741.13,"Plan Rows": 38308,"Plan Width": 24,"Actual Startup Time": 10104.052,"Actual Total Time": 10275.739,"Actual Rows": 2,"Actual Loops": 4,"Inner Unique": true,"Hash Cond": "(orders.o_orderkey = lineitem_1.l_orderkey)","Workers": [],"Plans": [{"Node Type": "Seq Scan","Parent Relationship": "Outer","Parallel Aware": true,"Async Capable": false,"Relation Name": "orders","Alias": "orders","Startup Cost": 0.00,"Total Cost": 30933.71,"Plan Rows": 483871,"Plan Width": 20,"Actual Startup Time": 0.007,"Actual Total Time": 53.689,"Actual Rows": 375000,"Actual Loops": 4,"Workers": []},{"Node Type": "Hash","Parent Relationship": "Inner","Parallel Aware": false,"Async Capable": false,"Startup Cost": 209052.81,"Total Cost": 209052.81,"Plan Rows": 118756,"Plan Width": 4,"Actual Startup Time": 10025.157,"Actual Total Time": 10025.166,"Actual Rows": 9,"Actual Loops": 4,"Hash Buckets": 131072,"Original Hash Buckets": 131072,"Hash Batches": 1,"Original Hash Batches": 1,"Peak Memory Usage": 1025,"Workers": [],"Plans": [{"Node Type": "Aggregate","Strategy": "Hashed","Partial Mode": "Simple","Parent Relationship": "Outer","Parallel Aware": false,"Async Capable": false,"Startup Cost": 202521.23,"Total Cost": 207865.25,"Plan Rows": 118756,"Plan Width": 4,"Actual Startup Time": 6285.839,"Actual Total Time": 10024.981,"Actual Rows": 9,"Actual Loops": 4,"Group Key": ["lineitem_1.l_orderkey"],"Filter": "(sum(lineitem_1.l_quantity) > '314'::numeric)","Planned Partitions": 0,"HashAgg Batches": 1,"Peak Memory Usage": 638993,"Disk Usage": 0,"Rows Removed by Filter": 1499991,"Workers": [{"Worker Number": 0,"HashAgg Batches": 1,"Peak Memory Usage": 638993,"Disk Usage": 0},{"Worker Number": 1,"HashAgg Batches": 1,"Peak Memory Usage": 638993,"Disk Usage": 0},{"Worker Number": 2,"HashAgg Batches": 1,"Peak Memory Usage": 638993,"Disk Usage": 0}],"Plans": [{"Node Type": "Seq Scan","Parent Relationship": "Outer","Parallel Aware": false,"Async Capable": false,"Relation Name": "lineitem","Alias": "lineitem_1","Startup Cost": 0.00,"Total Cost": 172515.15,"Plan Rows": 6001215,"Plan Width": 9,"Actual Startup Time": 0.019,"Actual Total Time": 931.752,"Actual Rows": 6001215,"Actual Loops": 4,"Workers": []}]}]}]},{"Node Type": "Index Scan","Parent Relationship": "Inner","Parallel Aware": false,"Async Capable": false,"Scan Direction": "Forward","Index Name": "idx_lineitem_orderkey","Relation Name": "lineitem","Alias": "lineitem","Startup Cost": 0.43,"Total Cost": 1.06,"Plan Rows": 17,"Plan Width": 9,"Actual Startup Time": 0.055,"Actual Total Time": 0.062,"Actual Rows": 7,"Actual Loops": 9,"Index Cond": "(l_orderkey = orders.o_orderkey)","Rows Removed by Index Recheck": 0,"Workers": []}]},{"Node Type": "Hash","Parent Relationship": "Inner","Parallel Aware": true,"Async Capable": false,"Startup Cost": 4210.00,"Total Cost": 4210.00,"Plan Rows": 62500,"Plan Width": 23,"Actual Startup Time": 36.172,"Actual Total Time": 36.190,"Actual Rows": 37500,"Actual Loops": 4,"Hash Buckets": 262144,"Original Hash Buckets": 262144,"Hash Batches": 1,"Original Hash Batches": 1,"Peak Memory Usage": 10336,"Workers": [],"Plans": [{"Node Type": "Seq Scan","Parent Relationship": "Outer","Parallel Aware": true,"Async Capable": false,"Relation Name": "customer","Alias": "customer","Startup Cost": 0.00,"Total Cost": 4210.00,"Plan Rows": 62500,"Plan Width": 23,"Actual Startup Time": 0.024,"Actual Total Time": 17.933,"Actual Rows": 37500,"Actual Loops": 4,"Workers": []}]}]}]}]}]},"Planning Time": 6.881,"Triggers": [],"Execution Time": 10893.482}]
[{"Plan": {"Node Type": "Sort","Parallel Aware": false,"Async Capable": false,"Startup Cost": 397889.21,"Total Cost": 399077.01,"Plan Rows": 475120,"Plan Width": 71,"Actual Startup Time": 10950.105,"Actual Total Time": 10953.954,"Actual Rows": 9,"Actual Loops": 1,"Sort Key": ["orders.o_totalprice DESC", "orders.o_orderdate"],"Sort Method": "quicksort","Sort Space Used": 25,"Sort Space Type": "Memory","Plans": [{"Node Type": "Aggregate","Strategy": "Hashed","Partial Mode": "Simple","Parent Relationship": "Outer","Parallel Aware": false,"Async Capable": false,"Startup Cost": 347151.30,"Total Cost": 353090.30,"Plan Rows": 475120,"Plan Width": 71,"Actual Startup Time": 10902.471,"Actual Total Time": 10953.715,"Actual Rows": 9,"Actual Loops": 1,"Group Key": ["customer.c_custkey", "orders.o_orderkey"],"Planned Partitions": 0,"HashAgg Batches": 1,"Peak Memory Usage": 24601,"Disk Usage": 0,"Plans": [{"Node Type": "Gather","Parent Relationship": "Outer","Parallel Aware": false,"Async Capable": false,"Startup Cost": 216528.94,"Total Cost": 343587.90,"Plan Rows": 475120,"Plan Width": 44,"Actual Startup Time": 10893.800,"Actual Total Time": 10897.693,"Actual Rows": 63,"Actual Loops": 1,"Workers Planned": 3,"Workers Launched": 3,"Single Copy": false,"Plans": [{"Node Type": "Hash Join","Parent Relationship": "Outer","Parallel Aware": true,"Async Capable": false,"Join Type": "Inner","Startup Cost": 215528.94,"Total Cost": 295075.90,"Plan Rows": 153265,"Plan Width": 44,"Actual Startup Time": 10134.253,"Actual Total Time": 10314.794,"Actual Rows": 16,"Actual Loops": 4,"Inner Unique": true,"Hash Cond": "(orders.o_custkey = customer.c_custkey)","Workers": [],"Plans": [{"Node Type": "Nested Loop","Parent Relationship": "Outer","Parallel Aware": false,"Async Capable": false,"Join Type": "Inner","Startup Cost": 210537.69,"Total Cost": 289682.32,"Plan Rows": 153265,"Plan Width": 25,"Actual Startup Time": 10099.687,"Actual Total Time": 10280.153,"Actual Rows": 16,"Actual Loops": 4,"Inner Unique": false,"Workers": [],"Plans": [{"Node Type": "Hash Join","Parent Relationship": "Outer","Parallel Aware": false,"Async Capable": false,"Join Type": "Inner","Startup Cost": 210537.26,"Total Cost": 242741.13,"Plan Rows": 38308,"Plan Width": 24,"Actual Startup Time": 10099.575,"Actual Total Time": 10279.892,"Actual Rows": 2,"Actual Loops": 4,"Inner Unique": true,"Hash Cond": "(orders.o_orderkey = lineitem_1.l_orderkey)","Workers": [],"Plans": [{"Node Type": "Seq Scan","Parent Relationship": "Outer","Parallel Aware": true,"Async Capable": false,"Relation Name": "orders","Alias": "orders","Startup Cost": 0.00,"Total Cost": 30933.71,"Plan Rows": 483871,"Plan Width": 20,"Actual Startup Time": 0.011,"Actual Total Time": 51.627,"Actual Rows": 375000,"Actual Loops": 4,"Workers": []},{"Node Type": "Hash","Parent Relationship": "Inner","Parallel Aware": false,"Async Capable": false,"Startup Cost": 209052.81,"Total Cost": 209052.81,"Plan Rows": 118756,"Plan Width": 4,"Actual Startup Time": 10016.825,"Actual Total Time": 10016.839,"Actual Rows": 9,"Actual Loops": 4,"Hash Buckets": 131072,"Original Hash Buckets": 131072,"Hash Batches": 1,"Original Hash Batches": 1,"Peak Memory Usage": 1025,"Workers": [],"Plans": [{"Node Type": "Aggregate","Strategy": "Hashed","Partial Mode": "Simple","Parent Relationship": "Outer","Parallel Aware": false,"Async Capable": false,"Startup Cost": 202521.23,"Total Cost": 207865.25,"Plan Rows": 118756,"Plan Width": 4,"Actual Startup Time": 6319.140,"Actual Total Time": 10016.671,"Actual Rows": 9,"Actual Loops": 4,"Group Key": ["lineitem_1.l_orderkey"],"Filter": "(sum(lineitem_1.l_quantity) > '315'::numeric)","Planned Partitions": 0,"HashAgg Batches": 1,"Peak Memory Usage": 638993,"Disk Usage": 0,"Rows Removed by Filter": 1499991,"Workers": [{"Worker Number": 0,"HashAgg Batches": 1,"Peak Memory Usage": 638993,"Disk Usage": 0},{"Worker Number": 1,"HashAgg Batches": 1,"Peak Memory Usage": 638993,"Disk Usage": 0},{"Worker Number": 2,"HashAgg Batches": 1,"Peak Memory Usage": 638993,"Disk Usage": 0}],"Plans": [{"Node Type": "Seq Scan","Parent Relationship": "Outer","Parallel Aware": false,"Async Capable": false,"Relation Name": "lineitem","Alias": "lineitem_1","Startup Cost": 0.00,"Total Cost": 172515.15,"Plan Rows": 6001215,"Plan Width": 9,"Actual Startup Time": 0.018,"Actual Total Time": 971.843,"Actual Rows": 6001215,"Actual Loops": 4,"Workers": []}]}]}]},{"Node Type": "Index Scan","Parent Relationship": "Inner","Parallel Aware": false,"Async Capable": false,"Scan Direction": "Forward","Index Name": "idx_lineitem_orderkey","Relation Name": "lineitem","Alias": "lineitem","Startup Cost": 0.43,"Total Cost": 1.06,"Plan Rows": 17,"Plan Width": 9,"Actual Startup Time": 0.069,"Actual Total Time": 0.079,"Actual Rows": 7,"Actual Loops": 9,"Index Cond": "(l_orderkey = orders.o_orderkey)","Rows Removed by Index Recheck": 0,"Workers": []}]},{"Node Type": "Hash","Parent Relationship": "Inner","Parallel Aware": true,"Async Capable": false,"Startup Cost": 4210.00,"Total Cost": 4210.00,"Plan Rows": 62500,"Plan Width": 23,"Actual Startup Time": 33.677,"Actual Total Time": 33.684,"Actual Rows": 37500,"Actual Loops": 4,"Hash Buckets": 262144,"Original Hash Buckets": 262144,"Hash Batches": 1,"Original Hash Batches": 1,"Peak Memory Usage": 10368,"Workers": [],"Plans": [{"Node Type": "Seq Scan","Parent Relationship": "Outer","Parallel Aware": true,"Async Capable": false,"Relation Name": "customer","Alias": "customer","Startup Cost": 0.00,"Total Cost": 4210.00,"Plan Rows": 62500,"Plan Width": 23,"Actual Startup Time": 0.019,"Actual Total Time": 16.715,"Actual Rows": 37500,"Actual Loops": 4,"Workers": []}]}]}]}]}]},"Planning Time": 6.132,"Triggers": [],"Execution Time": 11002.531}]
[{"Plan": {"Node Type": "Sort","Parallel Aware": false,"Async Capable": false,"Startup Cost": 397889.21,"Total Cost": 399077.01,"Plan Rows": 475120,"Plan Width": 71,"Actual Startup Time": 10345.847,"Actual Total Time": 10377.998,"Actual Rows": 9,"Actual Loops": 1,"Sort Key": ["orders.o_totalprice DESC", "orders.o_orderdate"],"Sort Method": "quicksort","Sort Space Used": 25,"Sort Space Type": "Memory","Plans": [{"Node Type": "Aggregate","Strategy": "Hashed","Partial Mode": "Simple","Parent Relationship": "Outer","Parallel Aware": false,"Async Capable": false,"Startup Cost": 347151.30,"Total Cost": 353090.30,"Plan Rows": 475120,"Plan Width": 71,"Actual Startup Time": 10329.232,"Actual Total Time": 10377.856,"Actual Rows": 9,"Actual Loops": 1,"Group Key": ["customer.c_custkey", "orders.o_orderkey"],"Planned Partitions": 0,"HashAgg Batches": 1,"Peak Memory Usage": 24601,"Disk Usage": 0,"Plans": [{"Node Type": "Gather","Parent Relationship": "Outer","Parallel Aware": false,"Async Capable": false,"Startup Cost": 216528.94,"Total Cost": 343587.90,"Plan Rows": 475120,"Plan Width": 44,"Actual Startup Time": 10053.961,"Actual Total Time": 10357.615,"Actual Rows": 63,"Actual Loops": 1,"Workers Planned": 3,"Workers Launched": 3,"Single Copy": false,"Plans": [{"Node Type": "Hash Join","Parent Relationship": "Outer","Parallel Aware": true,"Async Capable": false,"Join Type": "Inner","Startup Cost": 215528.94,"Total Cost": 295075.90,"Plan Rows": 153265,"Plan Width": 44,"Actual Startup Time": 10157.696,"Actual Total Time": 10258.651,"Actual Rows": 16,"Actual Loops": 4,"Inner Unique": true,"Hash Cond": "(orders.o_custkey = customer.c_custkey)","Workers": [],"Plans": [{"Node Type": "Nested Loop","Parent Relationship": "Outer","Parallel Aware": false,"Async Capable": false,"Join Type": "Inner","Startup Cost": 210537.69,"Total Cost": 289682.32,"Plan Rows": 153265,"Plan Width": 25,"Actual Startup Time": 10123.332,"Actual Total Time": 10224.239,"Actual Rows": 16,"Actual Loops": 4,"Inner Unique": false,"Workers": [],"Plans": [{"Node Type": "Hash Join","Parent Relationship": "Outer","Parallel Aware": false,"Async Capable": false,"Join Type": "Inner","Startup Cost": 210537.26,"Total Cost": 242741.13,"Plan Rows": 38308,"Plan Width": 24,"Actual Startup Time": 10123.186,"Actual Total Time": 10223.998,"Actual Rows": 2,"Actual Loops": 4,"Inner Unique": true,"Hash Cond": "(orders.o_orderkey = lineitem_1.l_orderkey)","Workers": [],"Plans": [{"Node Type": "Seq Scan","Parent Relationship": "Outer","Parallel Aware": true,"Async Capable": false,"Relation Name": "orders","Alias": "orders","Startup Cost": 0.00,"Total Cost": 30933.71,"Plan Rows": 483871,"Plan Width": 20,"Actual Startup Time": 0.011,"Actual Total Time": 49.852,"Actual Rows": 375000,"Actual Loops": 4,"Workers": []},{"Node Type": "Hash","Parent Relationship": "Inner","Parallel Aware": false,"Async Capable": false,"Startup Cost": 209052.81,"Total Cost": 209052.81,"Plan Rows": 118756,"Plan Width": 4,"Actual Startup Time": 10005.666,"Actual Total Time": 10005.673,"Actual Rows": 9,"Actual Loops": 4,"Hash Buckets": 131072,"Original Hash Buckets": 131072,"Hash Batches": 1,"Original Hash Batches": 1,"Peak Memory Usage": 1025,"Workers": [],"Plans": [{"Node Type": "Aggregate","Strategy": "Hashed","Partial Mode": "Simple","Parent Relationship": "Outer","Parallel Aware": false,"Async Capable": false,"Startup Cost": 202521.23,"Total Cost": 207865.25,"Plan Rows": 118756,"Plan Width": 4,"Actual Startup Time": 6310.010,"Actual Total Time": 10005.543,"Actual Rows": 9,"Actual Loops": 4,"Group Key": ["lineitem_1.l_orderkey"],"Filter": "(sum(lineitem_1.l_quantity) > '313'::numeric)","Planned Partitions": 0,"HashAgg Batches": 1,"Peak Memory Usage": 638993,"Disk Usage": 0,"Rows Removed by Filter": 1499991,"Workers": [{"Worker Number": 0,"HashAgg Batches": 1,"Peak Memory Usage": 638993,"Disk Usage": 0},{"Worker Number": 1,"HashAgg Batches": 1,"Peak Memory Usage": 638993,"Disk Usage": 0},{"Worker Number": 2,"HashAgg Batches": 1,"Peak Memory Usage": 638993,"Disk Usage": 0}],"Plans": [{"Node Type": "Seq Scan","Parent Relationship": "Outer","Parallel Aware": false,"Async Capable": false,"Relation Name": "lineitem","Alias": "lineitem_1","Startup Cost": 0.00,"Total Cost": 172515.15,"Plan Rows": 6001215,"Plan Width": 9,"Actual Startup Time": 0.020,"Actual Total Time": 994.479,"Actual Rows": 6001215,"Actual Loops": 4,"Workers": []}]}]}]},{"Node Type": "Index Scan","Parent Relationship": "Inner","Parallel Aware": false,"Async Capable": false,"Scan Direction": "Forward","Index Name": "idx_lineitem_orderkey","Relation Name": "lineitem","Alias": "lineitem","Startup Cost": 0.43,"Total Cost": 1.06,"Plan Rows": 17,"Plan Width": 9,"Actual Startup Time": 0.068,"Actual Total Time": 0.075,"Actual Rows": 7,"Actual Loops": 9,"Index Cond": "(l_orderkey = orders.o_orderkey)","Rows Removed by Index Recheck": 0,"Workers": []}]},{"Node Type": "Hash","Parent Relationship": "Inner","Parallel Aware": true,"Async Capable": false,"Startup Cost": 4210.00,"Total Cost": 4210.00,"Plan Rows": 62500,"Plan Width": 23,"Actual Startup Time": 33.578,"Actual Total Time": 33.582,"Actual Rows": 37500,"Actual Loops": 4,"Hash Buckets": 262144,"Original Hash Buckets": 262144,"Hash Batches": 1,"Original Hash Batches": 1,"Peak Memory Usage": 10336,"Workers": [],"Plans": [{"Node Type": "Seq Scan","Parent Relationship": "Outer","Parallel Aware": true,"Async Capable": false,"Relation Name": "customer","Alias": "customer","Startup Cost": 0.00,"Total Cost": 4210.00,"Plan Rows": 62500,"Plan Width": 23,"Actual Startup Time": 0.023,"Actual Total Time": 16.777,"Actual Rows": 37500,"Actual Loops": 4,"Workers": []}]}]}]}]}]},"Planning Time": 6.662,"Triggers": [],"Execution Time": 10430.266}]
[{"Plan": {"Node Type": "Sort","Parallel Aware": false,"Async Capable": false,"Startup Cost": 397889.21,"Total Cost": 399077.01,"Plan Rows": 475120,"Plan Width": 71,"Actual Startup Time": 10785.011,"Actual Total Time": 10839.032,"Actual Rows": 9,"Actual Loops": 1,"Sort Key": ["orders.o_totalprice DESC", "orders.o_orderdate"],"Sort Method": "quicksort","Sort Space Used": 25,"Sort Space Type": "Memory","Plans": [{"Node Type": "Aggregate","Strategy": "Hashed","Partial Mode": "Simple","Parent Relationship": "Outer","Parallel Aware": false,"Async Capable": false,"Startup Cost": 347151.30,"Total Cost": 353090.30,"Plan Rows": 475120,"Plan Width": 71,"Actual Startup Time": 10763.855,"Actual Total Time": 10838.848,"Actual Rows": 9,"Actual Loops": 1,"Group Key": ["customer.c_custkey", "orders.o_orderkey"],"Planned Partitions": 0,"HashAgg Batches": 1,"Peak Memory Usage": 24601,"Disk Usage": 0,"Plans": [{"Node Type": "Gather","Parent Relationship": "Outer","Parallel Aware": false,"Async Capable": false,"Startup Cost": 216528.94,"Total Cost": 343587.90,"Plan Rows": 475120,"Plan Width": 44,"Actual Startup Time": 9674.071,"Actual Total Time": 10813.470,"Actual Rows": 63,"Actual Loops": 1,"Workers Planned": 3,"Workers Launched": 3,"Single Copy": false,"Plans": [{"Node Type": "Hash Join","Parent Relationship": "Outer","Parallel Aware": true,"Async Capable": false,"Join Type": "Inner","Startup Cost": 215528.94,"Total Cost": 295075.90,"Plan Rows": 153265,"Plan Width": 44,"Actual Startup Time": 10141.072,"Actual Total Time": 10312.965,"Actual Rows": 16,"Actual Loops": 4,"Inner Unique": true,"Hash Cond": "(orders.o_custkey = customer.c_custkey)","Workers": [],"Plans": [{"Node Type": "Nested Loop","Parent Relationship": "Outer","Parallel Aware": false,"Async Capable": false,"Join Type": "Inner","Startup Cost": 210537.69,"Total Cost": 289682.32,"Plan Rows": 153265,"Plan Width": 25,"Actual Startup Time": 10104.129,"Actual Total Time": 10275.947,"Actual Rows": 16,"Actual Loops": 4,"Inner Unique": false,"Workers": [],"Plans": [{"Node Type": "Hash Join","Parent Relationship": "Outer","Parallel Aware": false,"Async Capable": false,"Join Type": "Inner","Startup Cost": 210537.26,"Total Cost": 242741.13,"Plan Rows": 38308,"Plan Width": 24,"Actual Startup Time": 10104.052,"Actual Total Time": 10275.739,"Actual Rows": 2,"Actual Loops": 4,"Inner Unique": true,"Hash Cond": "(orders.o_orderkey = lineitem_1.l_orderkey)","Workers": [],"Plans": [{"Node Type": "Seq Scan","Parent Relationship": "Outer","Parallel Aware": true,"Async Capable": false,"Relation Name": "orders","Alias": "orders","Startup Cost": 0.00,"Total Cost": 30933.71,"Plan Rows": 483871,"Plan Width": 20,"Actual Startup Time": 0.007,"Actual Total Time": 53.689,"Actual Rows": 375000,"Actual Loops": 4,"Workers": []},{"Node Type": "Hash","Parent Relationship": "Inner","Parallel Aware": false,"Async Capable": false,"Startup Cost": 209052.81,"Total Cost": 209052.81,"Plan Rows": 118756,"Plan Width": 4,"Actual Startup Time": 10025.157,"Actual Total Time": 10025.166,"Actual Rows": 9,"Actual Loops": 4,"Hash Buckets": 131072,"Original Hash Buckets": 131072,"Hash Batches": 1,"Original Hash Batches": 1,"Peak Memory Usage": 1025,"Workers": [],"Plans": [{"Node Type": "Aggregate","Strategy": "Hashed","Partial Mode": "Simple","Parent Relationship": "Outer","Parallel Aware": false,"Async Capable": false,"Startup Cost": 202521.23,"Total Cost": 207865.25,"Plan Rows": 118756,"Plan Width": 4,"Actual Startup Time": 6285.839,"Actual Total Time": 10024.981,"Actual Rows": 9,"Actual Loops": 4,"Group Key": ["lineitem_1.l_orderkey"],"Filter": "(sum(lineitem_1.l_quantity) > '314'::numeric)","Planned Partitions": 0,"HashAgg Batches": 1,"Peak Memory Usage": 638993,"Disk Usage": 0,"Rows Removed by Filter": 1499991,"Workers": [{"Worker Number": 0,"HashAgg Batches": 1,"Peak Memory Usage": 638993,"Disk Usage": 0},{"Worker Number": 1,"HashAgg Batches": 1,"Peak Memory Usage": 638993,"Disk Usage": 0},{"Worker Number": 2,"HashAgg Batches": 1,"Peak Memory Usage": 638993,"Disk Usage": 0}],"Plans": [{"Node Type": "Seq Scan","Parent Relationship": "Outer","Parallel Aware": false,"Async Capable": false,"Relation Name": "lineitem","Alias": "lineitem_1","Startup Cost": 0.00,"Total Cost": 172515.15,"Plan Rows": 6001215,"Plan Width": 9,"Actual Startup Time": 0.019,"Actual Total Time": 931.752,"Actual Rows": 6001215,"Actual Loops": 4,"Workers": []}]}]}]},{"Node Type": "Index Scan","Parent Relationship": "Inner","Parallel Aware": false,"Async Capable": false,"Scan Direction": "Forward","Index Name": "idx_lineitem_orderkey","Relation Name": "lineitem","Alias": "lineitem","Startup Cost": 0.43,"Total Cost": 1.06,"Plan Rows": 17,"Plan Width": 9,"Actual Startup Time": 0.055,"Actual Total Time": 0.062,"Actual Rows": 7,"Actual Loops": 9,"Index Cond": "(l_orderkey = orders.o_orderkey)","Rows Removed by Index Recheck": 0,"Workers": []}]},{"Node Type": "Hash","Parent Relationship": "Inner","Parallel Aware": true,"Async Capable": false,"Startup Cost": 4210.00,"Total Cost": 4210.00,"Plan Rows": 62500,"Plan Width": 23,"Actual Startup Time": 36.172,"Actual Total Time": 36.190,"Actual Rows": 37500,"Actual Loops": 4,"Hash Buckets": 262144,"Original Hash Buckets": 262144,"Hash Batches": 1,"Original Hash Batches": 1,"Peak Memory Usage": 10336,"Workers": [],"Plans": [{"Node Type": "Seq Scan","Parent Relationship": "Outer","Parallel Aware": true,"Async Capable": false,"Relation Name": "customer","Alias": "customer","Startup Cost": 0.00,"Total Cost": 4210.00,"Plan Rows": 62500,"Plan Width": 23,"Actual Startup Time": 0.024,"Actual Total Time": 17.933,"Actual Rows": 37500,"Actual Loops": 4,"Workers": []}]}]}]}]}]},"Planning Time": 6.881,"Triggers": [],"Execution Time": 10893.482}]
[{"Plan": {"Node Type": "Sort","Parallel Aware": false,"Async Capable": false,"Startup Cost": 397889.21,"Total Cost": 399077.01,"Plan Rows": 475120,"Plan Width": 71,"Actual Startup Time": 10345.847,"Actual Total Time": 10377.998,"Actual Rows": 9,"Actual Loops": 1,"Sort Key": ["orders.o_totalprice DESC", "orders.o_orderdate"],"Sort Method": "quicksort","Sort Space Used": 25,"Sort Space Type": "Memory","Plans": [{"Node Type": "Aggregate","Strategy": "Hashed","Partial Mode": "Simple","Parent Relationship": "Outer","Parallel Aware": false,"Async Capable": false,"Startup Cost": 347151.30,"Total Cost": 353090.30,"Plan Rows": 475120,"Plan Width": 71,"Actual Startup Time": 10329.232,"Actual Total Time": 10377.856,"Actual Rows": 9,"Actual Loops": 1,"Group Key": ["customer.c_custkey", "orders.o_orderkey"],"Planned Partitions": 0,"HashAgg Batches": 1,"Peak Memory Usage": 24601,"Disk Usage": 0,"Plans": [{"Node Type": "Gather","Parent Relationship": "Outer","Parallel Aware": false,"Async Capable": false,"Startup Cost": 216528.94,"Total Cost": 343587.90,"Plan Rows": 475120,"Plan Width": 44,"Actual Startup Time": 10053.961,"Actual Total Time": 10357.615,"Actual Rows": 63,"Actual Loops": 1,"Workers Planned": 3,"Workers Launched": 3,"Single Copy": false,"Plans": [{"Node Type": "Hash Join","Parent Relationship": "Outer","Parallel Aware": true,"Async Capable": false,"Join Type": "Inner","Startup Cost": 215528.94,"Total Cost": 295075.90,"Plan Rows": 153265,"Plan Width": 44,"Actual Startup Time": 10157.696,"Actual Total Time": 10258.651,"Actual Rows": 16,"Actual Loops": 4,"Inner Unique": true,"Hash Cond": "(orders.o_custkey = customer.c_custkey)","Workers": [],"Plans": [{"Node Type": "Nested Loop","Parent Relationship": "Outer","Parallel Aware": false,"Async Capable": false,"Join Type": "Inner","Startup Cost": 210537.69,"Total Cost": 289682.32,"Plan Rows": 153265,"Plan Width": 25,"Actual Startup Time": 10123.332,"Actual Total Time": 10224.239,"Actual Rows": 16,"Actual Loops": 4,"Inner Unique": false,"Workers": [],"Plans": [{"Node Type": "Hash Join","Parent Relationship": "Outer","Parallel Aware": false,"Async Capable": false,"Join Type": "Inner","Startup Cost": 210537.26,"Total Cost": 242741.13,"Plan Rows": 38308,"Plan Width": 24,"Actual Startup Time": 10123.186,"Actual Total Time": 10223.998,"Actual Rows": 2,"Actual Loops": 4,"Inner Unique": true,"Hash Cond": "(orders.o_orderkey = lineitem_1.l_orderkey)","Workers": [],"Plans": [{"Node Type": "Seq Scan","Parent Relationship": "Outer","Parallel Aware": true,"Async Capable": false,"Relation Name": "orders","Alias": "orders","Startup Cost": 0.00,"Total Cost": 30933.71,"Plan Rows": 483871,"Plan Width": 20,"Actual Startup Time": 0.011,"Actual Total Time": 49.852,"Actual Rows": 375000,"Actual Loops": 4,"Workers": []},{"Node Type": "Hash","Parent Relationship": "Inner","Parallel Aware": false,"Async Capable": false,"Startup Cost": 209052.81,"Total Cost": 209052.81,"Plan Rows": 118756,"Plan Width": 4,"Actual Startup Time": 10005.666,"Actual Total Time": 10005.673,"Actual Rows": 9,"Actual Loops": 4,"Hash Buckets": 131072,"Original Hash Buckets": 131072,"Hash Batches": 1,"Original Hash Batches": 1,"Peak Memory Usage": 1025,"Workers": [],"Plans": [{"Node Type": "Aggregate","Strategy": "Hashed","Partial Mode": "Simple","Parent Relationship": "Outer","Parallel Aware": false,"Async Capable": false,"Startup Cost": 202521.23,"Total Cost": 207865.25,"Plan Rows": 118756,"Plan Width": 4,"Actual Startup Time": 6310.010,"Actual Total Time": 10005.543,"Actual Rows": 9,"Actual Loops": 4,"Group Key": ["lineitem_1.l_orderkey"],"Filter": "(sum(lineitem_1.l_quantity) > '313'::numeric)","Planned Partitions": 0,"HashAgg Batches": 1,"Peak Memory Usage": 638993,"Disk Usage": 0,"Rows Removed by Filter": 1499991,"Workers": [{"Worker Number": 0,"HashAgg Batches": 1,"Peak Memory Usage": 638993,"Disk Usage": 0},{"Worker Number": 1,"HashAgg Batches": 1,"Peak Memory Usage": 638993,"Disk Usage": 0},{"Worker Number": 2,"HashAgg Batches": 1,"Peak Memory Usage": 638993,"Disk Usage": 0}],"Plans": [{"Node Type": "Seq Scan","Parent Relationship": "Outer","Parallel Aware": false,"Async Capable": false,"Relation Name": "lineitem","Alias": "lineitem_1","Startup Cost": 0.00,"Total Cost": 172515.15,"Plan Rows": 6001215,"Plan Width": 9,"Actual Startup Time": 0.020,"Actual Total Time": 994.479,"Actual Rows": 6001215,"Actual Loops": 4,"Workers": []}]}]}]},{"Node Type": "Index Scan","Parent Relationship": "Inner","Parallel Aware": false,"Async Capable": false,"Scan Direction": "Forward","Index Name": "idx_lineitem_orderkey","Relation Name": "lineitem","Alias": "lineitem","Startup Cost": 0.43,"Total Cost": 1.06,"Plan Rows": 17,"Plan Width": 9,"Actual Startup Time": 0.068,"Actual Total Time": 0.075,"Actual Rows": 7,"Actual Loops": 9,"Index Cond": "(l_orderkey = orders.o_orderkey)","Rows Removed by Index Recheck": 0,"Workers": []}]},{"Node Type": "Hash","Parent Relationship": "Inner","Parallel Aware": true,"Async Capable": false,"Startup Cost": 4210.00,"Total Cost": 4210.00,"Plan Rows": 62500,"Plan Width": 23,"Actual Startup Time": 33.578,"Actual Total Time": 33.582,"Actual Rows": 37500,"Actual Loops": 4,"Hash Buckets": 262144,"Original Hash Buckets": 262144,"Hash Batches": 1,"Original Hash Batches": 1,"Peak Memory Usage": 10336,"Workers": [],"Plans": [{"Node Type": "Seq Scan","Parent Relationship": "Outer","Parallel Aware": true,"Async Capable": false,"Relation Name": "customer","Alias": "customer","Startup Cost": 0.00,"Total Cost": 4210.00,"Plan Rows": 62500,"Plan Width": 23,"Actual Startup Time": 0.023,"Actual Total Time": 16.777,"Actual Rows": 37500,"Actual Loops": 4,"Workers": []}]}]}]}]}]},"Planning Time": 6.662,"Triggers": [],"Execution Time": 10430.266}]
[{"Plan": {"Node Type": "Sort","Parallel Aware": false,"Async Capable": false,"Startup Cost": 397889.21,"Total Cost": 399077.01,"Plan Rows": 475120,"Plan Width": 71,"Actual Startup Time": 10887.509,"Actual Total Time": 10908.132,"Actual Rows": 10,"Actual Loops": 1,"Sort Key": ["orders.o_totalprice DESC", "orders.o_orderdate"],"Sort Method": "quicksort","Sort Space Used": 25,"Sort Space Type": "Memory","Plans": [{"Node Type": "Aggregate","Strategy": "Hashed","Partial Mode": "Simple","Parent Relationship": "Outer","Parallel Aware": false,"Async Capable": false,"Startup Cost": 347151.30,"Total Cost": 353090.30,"Plan Rows": 475120,"Plan Width": 71,"Actual Startup Time": 10848.812,"Actual Total Time": 10907.941,"Actual Rows": 10,"Actual Loops": 1,"Group Key": ["customer.c_custkey", "orders.o_orderkey"],"Planned Partitions": 0,"HashAgg Batches": 1,"Peak Memory Usage": 24601,"Disk Usage": 0,"Plans": [{"Node Type": "Gather","Parent Relationship": "Outer","Parallel Aware": false,"Async Capable": false,"Startup Cost": 216528.94,"Total Cost": 343587.90,"Plan Rows": 475120,"Plan Width": 44,"Actual Startup Time": 10782.037,"Actual Total Time": 10858.151,"Actual Rows": 70,"Actual Loops": 1,"Workers Planned": 3,"Workers Launched": 3,"Single Copy": false,"Plans": [{"Node Type": "Hash Join","Parent Relationship": "Outer","Parallel Aware": true,"Async Capable": false,"Join Type": "Inner","Startup Cost": 215528.94,"Total Cost": 295075.90,"Plan Rows": 153265,"Plan Width": 44,"Actual Startup Time": 10180.765,"Actual Total Time": 10348.312,"Actual Rows": 18,"Actual Loops": 4,"Inner Unique": true,"Hash Cond": "(orders.o_custkey = customer.c_custkey)","Workers": [],"Plans": [{"Node Type": "Nested Loop","Parent Relationship": "Outer","Parallel Aware": false,"Async Capable": false,"Join Type": "Inner","Startup Cost": 210537.69,"Total Cost": 289682.32,"Plan Rows": 153265,"Plan Width": 25,"Actual Startup Time": 10142.809,"Actual Total Time": 10310.270,"Actual Rows": 18,"Actual Loops": 4,"Inner Unique": false,"Workers": [],"Plans": [{"Node Type": "Hash Join","Parent Relationship": "Outer","Parallel Aware": false,"Async Capable": false,"Join Type": "Inner","Startup Cost": 210537.26,"Total Cost": 242741.13,"Plan Rows": 38308,"Plan Width": 24,"Actual Startup Time": 10142.670,"Actual Total Time": 10309.991,"Actual Rows": 2,"Actual Loops": 4,"Inner Unique": true,"Hash Cond": "(orders.o_orderkey = lineitem_1.l_orderkey)","Workers": [],"Plans": [{"Node Type": "Seq Scan","Parent Relationship": "Outer","Parallel Aware": true,"Async Capable": false,"Relation Name": "orders","Alias": "orders","Startup Cost": 0.00,"Total Cost": 30933.71,"Plan Rows": 483871,"Plan Width": 20,"Actual Startup Time": 0.009,"Actual Total Time": 49.040,"Actual Rows": 375000,"Actual Loops": 4,"Workers": []},{"Node Type": "Hash","Parent Relationship": "Inner","Parallel Aware": false,"Async Capable": false,"Startup Cost": 209052.81,"Total Cost": 209052.81,"Plan Rows": 118756,"Plan Width": 4,"Actual Startup Time": 10075.163,"Actual Total Time": 10075.176,"Actual Rows": 10,"Actual Loops": 4,"Hash Buckets": 131072,"Original Hash Buckets": 131072,"Hash Batches": 1,"Original Hash Batches": 1,"Peak Memory Usage": 1025,"Workers": [],"Plans": [{"Node Type": "Aggregate","Strategy": "Hashed","Partial Mode": "Simple","Parent Relationship": "Outer","Parallel Aware": false,"Async Capable": false,"Startup Cost": 202521.23,"Total Cost": 207865.25,"Plan Rows": 118756,"Plan Width": 4,"Actual Startup Time": 6293.151,"Actual Total Time": 10074.968,"Actual Rows": 10,"Actual Loops": 4,"Group Key": ["lineitem_1.l_orderkey"],"Filter": "(sum(lineitem_1.l_quantity) > '312'::numeric)","Planned Partitions": 0,"HashAgg Batches": 1,"Peak Memory Usage": 638993,"Disk Usage": 0,"Rows Removed by Filter": 1499990,"Workers": [{"Worker Number": 0,"HashAgg Batches": 1,"Peak Memory Usage": 638993,"Disk Usage": 0},{"Worker Number": 1,"HashAgg Batches": 1,"Peak Memory Usage": 638993,"Disk Usage": 0},{"Worker Number": 2,"HashAgg Batches": 1,"Peak Memory Usage": 638993,"Disk Usage": 0}],"Plans": [{"Node Type": "Seq Scan","Parent Relationship": "Outer","Parallel Aware": false,"Async Capable": false,"Relation Name": "lineitem","Alias": "lineitem_1","Startup Cost": 0.00,"Total Cost": 172515.15,"Plan Rows": 6001215,"Plan Width": 9,"Actual Startup Time": 0.021,"Actual Total Time": 960.546,"Actual Rows": 6001215,"Actual Loops": 4,"Workers": []}]}]}]},{"Node Type": "Index Scan","Parent Relationship": "Inner","Parallel Aware": false,"Async Capable": false,"Scan Direction": "Forward","Index Name": "idx_lineitem_orderkey","Relation Name": "lineitem","Alias": "lineitem","Startup Cost": 0.43,"Total Cost": 1.06,"Plan Rows": 17,"Plan Width": 9,"Actual Startup Time": 0.072,"Actual Total Time": 0.079,"Actual Rows": 7,"Actual Loops": 10,"Index Cond": "(l_orderkey = orders.o_orderkey)","Rows Removed by Index Recheck": 0,"Workers": []}]},{"Node Type": "Hash","Parent Relationship": "Inner","Parallel Aware": true,"Async Capable": false,"Startup Cost": 4210.00,"Total Cost": 4210.00,"Plan Rows": 62500,"Plan Width": 23,"Actual Startup Time": 37.105,"Actual Total Time": 37.114,"Actual Rows": 37500,"Actual Loops": 4,"Hash Buckets": 262144,"Original Hash Buckets": 262144,"Hash Batches": 1,"Original Hash Batches": 1,"Peak Memory Usage": 10368,"Workers": [],"Plans": [{"Node Type": "Seq Scan","Parent Relationship": "Outer","Parallel Aware": true,"Async Capable": false,"Relation Name": "customer","Alias": "customer","Startup Cost": 0.00,"Total Cost": 4210.00,"Plan Rows": 62500,"Plan Width": 23,"Actual Startup Time": 0.025,"Actual Total Time": 19.726,"Actual Rows": 37500,"Actual Loops": 4,"Workers": []}]}]}]}]}]},"Planning Time": 6.715,"Triggers": [],"Execution Time": 10961.817}]
[{"Plan": {"Node Type": "Sort","Parallel Aware": false,"Async Capable": false,"Startup Cost": 397889.21,"Total Cost": 399077.01,"Plan Rows": 475120,"Plan Width": 71,"Actual Startup Time": 10887.509,"Actual Total Time": 10908.132,"Actual Rows": 10,"Actual Loops": 1,"Sort Key": ["orders.o_totalprice DESC", "orders.o_orderdate"],"Sort Method": "quicksort","Sort Space Used": 25,"Sort Space Type": "Memory","Plans": [{"Node Type": "Aggregate","Strategy": "Hashed","Partial Mode": "Simple","Parent Relationship": "Outer","Parallel Aware": false,"Async Capable": false,"Startup Cost": 347151.30,"Total Cost": 353090.30,"Plan Rows": 475120,"Plan Width": 71,"Actual Startup Time": 10848.812,"Actual Total Time": 10907.941,"Actual Rows": 10,"Actual Loops": 1,"Group Key": ["customer.c_custkey", "orders.o_orderkey"],"Planned Partitions": 0,"HashAgg Batches": 1,"Peak Memory Usage": 24601,"Disk Usage": 0,"Plans": [{"Node Type": "Gather","Parent Relationship": "Outer","Parallel Aware": false,"Async Capable": false,"Startup Cost": 216528.94,"Total Cost": 343587.90,"Plan Rows": 475120,"Plan Width": 44,"Actual Startup Time": 10782.037,"Actual Total Time": 10858.151,"Actual Rows": 70,"Actual Loops": 1,"Workers Planned": 3,"Workers Launched": 3,"Single Copy": false,"Plans": [{"Node Type": "Hash Join","Parent Relationship": "Outer","Parallel Aware": true,"Async Capable": false,"Join Type": "Inner","Startup Cost": 215528.94,"Total Cost": 295075.90,"Plan Rows": 153265,"Plan Width": 44,"Actual Startup Time": 10180.765,"Actual Total Time": 10348.312,"Actual Rows": 18,"Actual Loops": 4,"Inner Unique": true,"Hash Cond": "(orders.o_custkey = customer.c_custkey)","Workers": [],"Plans": [{"Node Type": "Nested Loop","Parent Relationship": "Outer","Parallel Aware": false,"Async Capable": false,"Join Type": "Inner","Startup Cost": 210537.69,"Total Cost": 289682.32,"Plan Rows": 153265,"Plan Width": 25,"Actual Startup Time": 10142.809,"Actual Total Time": 10310.270,"Actual Rows": 18,"Actual Loops": 4,"Inner Unique": false,"Workers": [],"Plans": [{"Node Type": "Hash Join","Parent Relationship": "Outer","Parallel Aware": false,"Async Capable": false,"Join Type": "Inner","Startup Cost": 210537.26,"Total Cost": 242741.13,"Plan Rows": 38308,"Plan Width": 24,"Actual Startup Time": 10142.670,"Actual Total Time": 10309.991,"Actual Rows": 2,"Actual Loops": 4,"Inner Unique": true,"Hash Cond": "(orders.o_orderkey = lineitem_1.l_orderkey)","Workers": [],"Plans": [{"Node Type": "Seq Scan","Parent Relationship": "Outer","Parallel Aware": true,"Async Capable": false,"Relation Name": "orders","Alias": "orders","Startup Cost": 0.00,"Total Cost": 30933.71,"Plan Rows": 483871,"Plan Width": 20,"Actual Startup Time": 0.009,"Actual Total Time": 49.040,"Actual Rows": 375000,"Actual Loops": 4,"Workers": []},{"Node Type": "Hash","Parent Relationship": "Inner","Parallel Aware": false,"Async Capable": false,"Startup Cost": 209052.81,"Total Cost": 209052.81,"Plan Rows": 118756,"Plan Width": 4,"Actual Startup Time": 10075.163,"Actual Total Time": 10075.176,"Actual Rows": 10,"Actual Loops": 4,"Hash Buckets": 131072,"Original Hash Buckets": 131072,"Hash Batches": 1,"Original Hash Batches": 1,"Peak Memory Usage": 1025,"Workers": [],"Plans": [{"Node Type": "Aggregate","Strategy": "Hashed","Partial Mode": "Simple","Parent Relationship": "Outer","Parallel Aware": false,"Async Capable": false,"Startup Cost": 202521.23,"Total Cost": 207865.25,"Plan Rows": 118756,"Plan Width": 4,"Actual Startup Time": 6293.151,"Actual Total Time": 10074.968,"Actual Rows": 10,"Actual Loops": 4,"Group Key": ["lineitem_1.l_orderkey"],"Filter": "(sum(lineitem_1.l_quantity) > '312'::numeric)","Planned Partitions": 0,"HashAgg Batches": 1,"Peak Memory Usage": 638993,"Disk Usage": 0,"Rows Removed by Filter": 1499990,"Workers": [{"Worker Number": 0,"HashAgg Batches": 1,"Peak Memory Usage": 638993,"Disk Usage": 0},{"Worker Number": 1,"HashAgg Batches": 1,"Peak Memory Usage": 638993,"Disk Usage": 0},{"Worker Number": 2,"HashAgg Batches": 1,"Peak Memory Usage": 638993,"Disk Usage": 0}],"Plans": [{"Node Type": "Seq Scan","Parent Relationship": "Outer","Parallel Aware": false,"Async Capable": false,"Relation Name": "lineitem","Alias": "lineitem_1","Startup Cost": 0.00,"Total Cost": 172515.15,"Plan Rows": 6001215,"Plan Width": 9,"Actual Startup Time": 0.021,"Actual Total Time": 960.546,"Actual Rows": 6001215,"Actual Loops": 4,"Workers": []}]}]}]},{"Node Type": "Index Scan","Parent Relationship": "Inner","Parallel Aware": false,"Async Capable": false,"Scan Direction": "Forward","Index Name": "idx_lineitem_orderkey","Relation Name": "lineitem","Alias": "lineitem","Startup Cost": 0.43,"Total Cost": 1.06,"Plan Rows": 17,"Plan Width": 9,"Actual Startup Time": 0.072,"Actual Total Time": 0.079,"Actual Rows": 7,"Actual Loops": 10,"Index Cond": "(l_orderkey = orders.o_orderkey)","Rows Removed by Index Recheck": 0,"Workers": []}]},{"Node Type": "Hash","Parent Relationship": "Inner","Parallel Aware": true,"Async Capable": false,"Startup Cost": 4210.00,"Total Cost": 4210.00,"Plan Rows": 62500,"Plan Width": 23,"Actual Startup Time": 37.105,"Actual Total Time": 37.114,"Actual Rows": 37500,"Actual Loops": 4,"Hash Buckets": 262144,"Original Hash Buckets": 262144,"Hash Batches": 1,"Original Hash Batches": 1,"Peak Memory Usage": 10368,"Workers": [],"Plans": [{"Node Type": "Seq Scan","Parent Relationship": "Outer","Parallel Aware": true,"Async Capable": false,"Relation Name": "customer","Alias": "customer","Startup Cost": 0.00,"Total Cost": 4210.00,"Plan Rows": 62500,"Plan Width": 23,"Actual Startup Time": 0.025,"Actual Total Time": 19.726,"Actual Rows": 37500,"Actual Loops": 4,"Workers": []}]}]}]}]}]},"Planning Time": 6.715,"Triggers": [],"Execution Time": 10961.817}]
[{"Plan": {"Node Type": "Sort","Parallel Aware": false,"Async Capable": false,"Startup Cost": 397889.21,"Total Cost": 399077.01,"Plan Rows": 475120,"Plan Width": 71,"Actual Startup Time": 10887.509,"Actual Total Time": 10908.132,"Actual Rows": 10,"Actual Loops": 1,"Sort Key": ["orders.o_totalprice DESC", "orders.o_orderdate"],"Sort Method": "quicksort","Sort Space Used": 25,"Sort Space Type": "Memory","Plans": [{"Node Type": "Aggregate","Strategy": "Hashed","Partial Mode": "Simple","Parent Relationship": "Outer","Parallel Aware": false,"Async Capable": false,"Startup Cost": 347151.30,"Total Cost": 353090.30,"Plan Rows": 475120,"Plan Width": 71,"Actual Startup Time": 10848.812,"Actual Total Time": 10907.941,"Actual Rows": 10,"Actual Loops": 1,"Group Key": ["customer.c_custkey", "orders.o_orderkey"],"Planned Partitions": 0,"HashAgg Batches": 1,"Peak Memory Usage": 24601,"Disk Usage": 0,"Plans": [{"Node Type": "Gather","Parent Relationship": "Outer","Parallel Aware": false,"Async Capable": false,"Startup Cost": 216528.94,"Total Cost": 343587.90,"Plan Rows": 475120,"Plan Width": 44,"Actual Startup Time": 10782.037,"Actual Total Time": 10858.151,"Actual Rows": 70,"Actual Loops": 1,"Workers Planned": 3,"Workers Launched": 3,"Single Copy": false,"Plans": [{"Node Type": "Hash Join","Parent Relationship": "Outer","Parallel Aware": true,"Async Capable": false,"Join Type": "Inner","Startup Cost": 215528.94,"Total Cost": 295075.90,"Plan Rows": 153265,"Plan Width": 44,"Actual Startup Time": 10180.765,"Actual Total Time": 10348.312,"Actual Rows": 18,"Actual Loops": 4,"Inner Unique": true,"Hash Cond": "(orders.o_custkey = customer.c_custkey)","Workers": [],"Plans": [{"Node Type": "Nested Loop","Parent Relationship": "Outer","Parallel Aware": false,"Async Capable": false,"Join Type": "Inner","Startup Cost": 210537.69,"Total Cost": 289682.32,"Plan Rows": 153265,"Plan Width": 25,"Actual Startup Time": 10142.809,"Actual Total Time": 10310.270,"Actual Rows": 18,"Actual Loops": 4,"Inner Unique": false,"Workers": [],"Plans": [{"Node Type": "Hash Join","Parent Relationship": "Outer","Parallel Aware": false,"Async Capable": false,"Join Type": "Inner","Startup Cost": 210537.26,"Total Cost": 242741.13,"Plan Rows": 38308,"Plan Width": 24,"Actual Startup Time": 10142.670,"Actual Total Time": 10309.991,"Actual Rows": 2,"Actual Loops": 4,"Inner Unique": true,"Hash Cond": "(orders.o_orderkey = lineitem_1.l_orderkey)","Workers": [],"Plans": [{"Node Type": "Seq Scan","Parent Relationship": "Outer","Parallel Aware": true,"Async Capable": false,"Relation Name": "orders","Alias": "orders","Startup Cost": 0.00,"Total Cost": 30933.71,"Plan Rows": 483871,"Plan Width": 20,"Actual Startup Time": 0.009,"Actual Total Time": 49.040,"Actual Rows": 375000,"Actual Loops": 4,"Workers": []},{"Node Type": "Hash","Parent Relationship": "Inner","Parallel Aware": false,"Async Capable": false,"Startup Cost": 209052.81,"Total Cost": 209052.81,"Plan Rows": 118756,"Plan Width": 4,"Actual Startup Time": 10075.163,"Actual Total Time": 10075.176,"Actual Rows": 10,"Actual Loops": 4,"Hash Buckets": 131072,"Original Hash Buckets": 131072,"Hash Batches": 1,"Original Hash Batches": 1,"Peak Memory Usage": 1025,"Workers": [],"Plans": [{"Node Type": "Aggregate","Strategy": "Hashed","Partial Mode": "Simple","Parent Relationship": "Outer","Parallel Aware": false,"Async Capable": false,"Startup Cost": 202521.23,"Total Cost": 207865.25,"Plan Rows": 118756,"Plan Width": 4,"Actual Startup Time": 6293.151,"Actual Total Time": 10074.968,"Actual Rows": 10,"Actual Loops": 4,"Group Key": ["lineitem_1.l_orderkey"],"Filter": "(sum(lineitem_1.l_quantity) > '312'::numeric)","Planned Partitions": 0,"HashAgg Batches": 1,"Peak Memory Usage": 638993,"Disk Usage": 0,"Rows Removed by Filter": 1499990,"Workers": [{"Worker Number": 0,"HashAgg Batches": 1,"Peak Memory Usage": 638993,"Disk Usage": 0},{"Worker Number": 1,"HashAgg Batches": 1,"Peak Memory Usage": 638993,"Disk Usage": 0},{"Worker Number": 2,"HashAgg Batches": 1,"Peak Memory Usage": 638993,"Disk Usage": 0}],"Plans": [{"Node Type": "Seq Scan","Parent Relationship": "Outer","Parallel Aware": false,"Async Capable": false,"Relation Name": "lineitem","Alias": "lineitem_1","Startup Cost": 0.00,"Total Cost": 172515.15,"Plan Rows": 6001215,"Plan Width": 9,"Actual Startup Time": 0.021,"Actual Total Time": 960.546,"Actual Rows": 6001215,"Actual Loops": 4,"Workers": []}]}]}]},{"Node Type": "Index Scan","Parent Relationship": "Inner","Parallel Aware": false,"Async Capable": false,"Scan Direction": "Forward","Index Name": "idx_lineitem_orderkey","Relation Name": "lineitem","Alias": "lineitem","Startup Cost": 0.43,"Total Cost": 1.06,"Plan Rows": 17,"Plan Width": 9,"Actual Startup Time": 0.072,"Actual Total Time": 0.079,"Actual Rows": 7,"Actual Loops": 10,"Index Cond": "(l_orderkey = orders.o_orderkey)","Rows Removed by Index Recheck": 0,"Workers": []}]},{"Node Type": "Hash","Parent Relationship": "Inner","Parallel Aware": true,"Async Capable": false,"Startup Cost": 4210.00,"Total Cost": 4210.00,"Plan Rows": 62500,"Plan Width": 23,"Actual Startup Time": 37.105,"Actual Total Time": 37.114,"Actual Rows": 37500,"Actual Loops": 4,"Hash Buckets": 262144,"Original Hash Buckets": 262144,"Hash Batches": 1,"Original Hash Batches": 1,"Peak Memory Usage": 10368,"Workers": [],"Plans": [{"Node Type": "Seq Scan","Parent Relationship": "Outer","Parallel Aware": true,"Async Capable": false,"Relation Name": "customer","Alias": "customer","Startup Cost": 0.00,"Total Cost": 4210.00,"Plan Rows": 62500,"Plan Width": 23,"Actual Startup Time": 0.025,"Actual Total Time": 19.726,"Actual Rows": 37500,"Actual Loops": 4,"Workers": []}]}]}]}]}]},"Planning Time": 6.715,"Triggers": [],"Execution Time": 10961.817}]
[{"Plan": {"Node Type": "Sort","Parallel Aware": false,"Async Capable": false,"Startup Cost": 397889.21,"Total Cost": 399077.01,"Plan Rows": 475120,"Plan Width": 71,"Actual Startup Time": 10345.847,"Actual Total Time": 10377.998,"Actual Rows": 9,"Actual Loops": 1,"Sort Key": ["orders.o_totalprice DESC", "orders.o_orderdate"],"Sort Method": "quicksort","Sort Space Used": 25,"Sort Space Type": "Memory","Plans": [{"Node Type": "Aggregate","Strategy": "Hashed","Partial Mode": "Simple","Parent Relationship": "Outer","Parallel Aware": false,"Async Capable": false,"Startup Cost": 347151.30,"Total Cost": 353090.30,"Plan Rows": 475120,"Plan Width": 71,"Actual Startup Time": 10329.232,"Actual Total Time": 10377.856,"Actual Rows": 9,"Actual Loops": 1,"Group Key": ["customer.c_custkey", "orders.o_orderkey"],"Planned Partitions": 0,"HashAgg Batches": 1,"Peak Memory Usage": 24601,"Disk Usage": 0,"Plans": [{"Node Type": "Gather","Parent Relationship": "Outer","Parallel Aware": false,"Async Capable": false,"Startup Cost": 216528.94,"Total Cost": 343587.90,"Plan Rows": 475120,"Plan Width": 44,"Actual Startup Time": 10053.961,"Actual Total Time": 10357.615,"Actual Rows": 63,"Actual Loops": 1,"Workers Planned": 3,"Workers Launched": 3,"Single Copy": false,"Plans": [{"Node Type": "Hash Join","Parent Relationship": "Outer","Parallel Aware": true,"Async Capable": false,"Join Type": "Inner","Startup Cost": 215528.94,"Total Cost": 295075.90,"Plan Rows": 153265,"Plan Width": 44,"Actual Startup Time": 10157.696,"Actual Total Time": 10258.651,"Actual Rows": 16,"Actual Loops": 4,"Inner Unique": true,"Hash Cond": "(orders.o_custkey = customer.c_custkey)","Workers": [],"Plans": [{"Node Type": "Nested Loop","Parent Relationship": "Outer","Parallel Aware": false,"Async Capable": false,"Join Type": "Inner","Startup Cost": 210537.69,"Total Cost": 289682.32,"Plan Rows": 153265,"Plan Width": 25,"Actual Startup Time": 10123.332,"Actual Total Time": 10224.239,"Actual Rows": 16,"Actual Loops": 4,"Inner Unique": false,"Workers": [],"Plans": [{"Node Type": "Hash Join","Parent Relationship": "Outer","Parallel Aware": false,"Async Capable": false,"Join Type": "Inner","Startup Cost": 210537.26,"Total Cost": 242741.13,"Plan Rows": 38308,"Plan Width": 24,"Actual Startup Time": 10123.186,"Actual Total Time": 10223.998,"Actual Rows": 2,"Actual Loops": 4,"Inner Unique": true,"Hash Cond": "(orders.o_orderkey = lineitem_1.l_orderkey)","Workers": [],"Plans": [{"Node Type": "Seq Scan","Parent Relationship": "Outer","Parallel Aware": true,"Async Capable": false,"Relation Name": "orders","Alias": "orders","Startup Cost": 0.00,"Total Cost": 30933.71,"Plan Rows": 483871,"Plan Width": 20,"Actual Startup Time": 0.011,"Actual Total Time": 49.852,"Actual Rows": 375000,"Actual Loops": 4,"Workers": []},{"Node Type": "Hash","Parent Relationship": "Inner","Parallel Aware": false,"Async Capable": false,"Startup Cost": 209052.81,"Total Cost": 209052.81,"Plan Rows": 118756,"Plan Width": 4,"Actual Startup Time": 10005.666,"Actual Total Time": 10005.673,"Actual Rows": 9,"Actual Loops": 4,"Hash Buckets": 131072,"Original Hash Buckets": 131072,"Hash Batches": 1,"Original Hash Batches": 1,"Peak Memory Usage": 1025,"Workers": [],"Plans": [{"Node Type": "Aggregate","Strategy": "Hashed","Partial Mode": "Simple","Parent Relationship": "Outer","Parallel Aware": false,"Async Capable": false,"Startup Cost": 202521.23,"Total Cost": 207865.25,"Plan Rows": 118756,"Plan Width": 4,"Actual Startup Time": 6310.010,"Actual Total Time": 10005.543,"Actual Rows": 9,"Actual Loops": 4,"Group Key": ["lineitem_1.l_orderkey"],"Filter": "(sum(lineitem_1.l_quantity) > '313'::numeric)","Planned Partitions": 0,"HashAgg Batches": 1,"Peak Memory Usage": 638993,"Disk Usage": 0,"Rows Removed by Filter": 1499991,"Workers": [{"Worker Number": 0,"HashAgg Batches": 1,"Peak Memory Usage": 638993,"Disk Usage": 0},{"Worker Number": 1,"HashAgg Batches": 1,"Peak Memory Usage": 638993,"Disk Usage": 0},{"Worker Number": 2,"HashAgg Batches": 1,"Peak Memory Usage": 638993,"Disk Usage": 0}],"Plans": [{"Node Type": "Seq Scan","Parent Relationship": "Outer","Parallel Aware": false,"Async Capable": false,"Relation Name": "lineitem","Alias": "lineitem_1","Startup Cost": 0.00,"Total Cost": 172515.15,"Plan Rows": 6001215,"Plan Width": 9,"Actual Startup Time": 0.020,"Actual Total Time": 994.479,"Actual Rows": 6001215,"Actual Loops": 4,"Workers": []}]}]}]},{"Node Type": "Index Scan","Parent Relationship": "Inner","Parallel Aware": false,"Async Capable": false,"Scan Direction": "Forward","Index Name": "idx_lineitem_orderkey","Relation Name": "lineitem","Alias": "lineitem","Startup Cost": 0.43,"Total Cost": 1.06,"Plan Rows": 17,"Plan Width": 9,"Actual Startup Time": 0.068,"Actual Total Time": 0.075,"Actual Rows": 7,"Actual Loops": 9,"Index Cond": "(l_orderkey = orders.o_orderkey)","Rows Removed by Index Recheck": 0,"Workers": []}]},{"Node Type": "Hash","Parent Relationship": "Inner","Parallel Aware": true,"Async Capable": false,"Startup Cost": 4210.00,"Total Cost": 4210.00,"Plan Rows": 62500,"Plan Width": 23,"Actual Startup Time": 33.578,"Actual Total Time": 33.582,"Actual Rows": 37500,"Actual Loops": 4,"Hash Buckets": 262144,"Original Hash Buckets": 262144,"Hash Batches": 1,"Original Hash Batches": 1,"Peak Memory Usage": 10336,"Workers": [],"Plans": [{"Node Type": "Seq Scan","Parent Relationship": "Outer","Parallel Aware": true,"Async Capable": false,"Relation Name": "customer","Alias": "customer","Startup Cost": 0.00,"Total Cost": 4210.00,"Plan Rows": 62500,"Plan Width": 23,"Actual Startup Time": 0.023,"Actual Total Time": 16.777,"Actual Rows": 37500,"Actual Loops": 4,"Workers": []}]}]}]}]}]},"Planning Time": 6.662,"Triggers": [],"Execution Time": 10430.266}]
[{"Plan": {"Node Type": "Sort","Parallel Aware": false,"Async Capable": false,"Startup Cost": 397889.21,"Total Cost": 399077.01,"Plan Rows": 475120,"Plan Width": 71,"Actual Startup Time": 10950.105,"Actual Total Time": 10953.954,"Actual Rows": 9,"Actual Loops": 1,"Sort Key": ["orders.o_totalprice DESC", "orders.o_orderdate"],"Sort Method": "quicksort","Sort Space Used": 25,"Sort Space Type": "Memory","Plans": [{"Node Type": "Aggregate","Strategy": "Hashed","Partial Mode": "Simple","Parent Relationship": "Outer","Parallel Aware": false,"Async Capable": false,"Startup Cost": 347151.30,"Total Cost": 353090.30,"Plan Rows": 475120,"Plan Width": 71,"Actual Startup Time": 10902.471,"Actual Total Time": 10953.715,"Actual Rows": 9,"Actual Loops": 1,"Group Key": ["customer.c_custkey", "orders.o_orderkey"],"Planned Partitions": 0,"HashAgg Batches": 1,"Peak Memory Usage": 24601,"Disk Usage": 0,"Plans": [{"Node Type": "Gather","Parent Relationship": "Outer","Parallel Aware": false,"Async Capable": false,"Startup Cost": 216528.94,"Total Cost": 343587.90,"Plan Rows": 475120,"Plan Width": 44,"Actual Startup Time": 10893.800,"Actual Total Time": 10897.693,"Actual Rows": 63,"Actual Loops": 1,"Workers Planned": 3,"Workers Launched": 3,"Single Copy": false,"Plans": [{"Node Type": "Hash Join","Parent Relationship": "Outer","Parallel Aware": true,"Async Capable": false,"Join Type": "Inner","Startup Cost": 215528.94,"Total Cost": 295075.90,"Plan Rows": 153265,"Plan Width": 44,"Actual Startup Time": 10134.253,"Actual Total Time": 10314.794,"Actual Rows": 16,"Actual Loops": 4,"Inner Unique": true,"Hash Cond": "(orders.o_custkey = customer.c_custkey)","Workers": [],"Plans": [{"Node Type": "Nested Loop","Parent Relationship": "Outer","Parallel Aware": false,"Async Capable": false,"Join Type": "Inner","Startup Cost": 210537.69,"Total Cost": 289682.32,"Plan Rows": 153265,"Plan Width": 25,"Actual Startup Time": 10099.687,"Actual Total Time": 10280.153,"Actual Rows": 16,"Actual Loops": 4,"Inner Unique": false,"Workers": [],"Plans": [{"Node Type": "Hash Join","Parent Relationship": "Outer","Parallel Aware": false,"Async Capable": false,"Join Type": "Inner","Startup Cost": 210537.26,"Total Cost": 242741.13,"Plan Rows": 38308,"Plan Width": 24,"Actual Startup Time": 10099.575,"Actual Total Time": 10279.892,"Actual Rows": 2,"Actual Loops": 4,"Inner Unique": true,"Hash Cond": "(orders.o_orderkey = lineitem_1.l_orderkey)","Workers": [],"Plans": [{"Node Type": "Seq Scan","Parent Relationship": "Outer","Parallel Aware": true,"Async Capable": false,"Relation Name": "orders","Alias": "orders","Startup Cost": 0.00,"Total Cost": 30933.71,"Plan Rows": 483871,"Plan Width": 20,"Actual Startup Time": 0.011,"Actual Total Time": 51.627,"Actual Rows": 375000,"Actual Loops": 4,"Workers": []},{"Node Type": "Hash","Parent Relationship": "Inner","Parallel Aware": false,"Async Capable": false,"Startup Cost": 209052.81,"Total Cost": 209052.81,"Plan Rows": 118756,"Plan Width": 4,"Actual Startup Time": 10016.825,"Actual Total Time": 10016.839,"Actual Rows": 9,"Actual Loops": 4,"Hash Buckets": 131072,"Original Hash Buckets": 131072,"Hash Batches": 1,"Original Hash Batches": 1,"Peak Memory Usage": 1025,"Workers": [],"Plans": [{"Node Type": "Aggregate","Strategy": "Hashed","Partial Mode": "Simple","Parent Relationship": "Outer","Parallel Aware": false,"Async Capable": false,"Startup Cost": 202521.23,"Total Cost": 207865.25,"Plan Rows": 118756,"Plan Width": 4,"Actual Startup Time": 6319.140,"Actual Total Time": 10016.671,"Actual Rows": 9,"Actual Loops": 4,"Group Key": ["lineitem_1.l_orderkey"],"Filter": "(sum(lineitem_1.l_quantity) > '315'::numeric)","Planned Partitions": 0,"HashAgg Batches": 1,"Peak Memory Usage": 638993,"Disk Usage": 0,"Rows Removed by Filter": 1499991,"Workers": [{"Worker Number": 0,"HashAgg Batches": 1,"Peak Memory Usage": 638993,"Disk Usage": 0},{"Worker Number": 1,"HashAgg Batches": 1,"Peak Memory Usage": 638993,"Disk Usage": 0},{"Worker Number": 2,"HashAgg Batches": 1,"Peak Memory Usage": 638993,"Disk Usage": 0}],"Plans": [{"Node Type": "Seq Scan","Parent Relationship": "Outer","Parallel Aware": false,"Async Capable": false,"Relation Name": "lineitem","Alias": "lineitem_1","Startup Cost": 0.00,"Total Cost": 172515.15,"Plan Rows": 6001215,"Plan Width": 9,"Actual Startup Time": 0.018,"Actual Total Time": 971.843,"Actual Rows": 6001215,"Actual Loops": 4,"Workers": []}]}]}]},{"Node Type": "Index Scan","Parent Relationship": "Inner","Parallel Aware": false,"Async Capable": false,"Scan Direction": "Forward","Index Name": "idx_lineitem_orderkey","Relation Name": "lineitem","Alias": "lineitem","Startup Cost": 0.43,"Total Cost": 1.06,"Plan Rows": 17,"Plan Width": 9,"Actual Startup Time": 0.069,"Actual Total Time": 0.079,"Actual Rows": 7,"Actual Loops": 9,"Index Cond": "(l_orderkey = orders.o_orderkey)","Rows Removed by Index Recheck": 0,"Workers": []}]},{"Node Type": "Hash","Parent Relationship": "Inner","Parallel Aware": true,"Async Capable": false,"Startup Cost": 4210.00,"Total Cost": 4210.00,"Plan Rows": 62500,"Plan Width": 23,"Actual Startup Time": 33.677,"Actual Total Time": 33.684,"Actual Rows": 37500,"Actual Loops": 4,"Hash Buckets": 262144,"Original Hash Buckets": 262144,"Hash Batches": 1,"Original Hash Batches": 1,"Peak Memory Usage": 10368,"Workers": [],"Plans": [{"Node Type": "Seq Scan","Parent Relationship": "Outer","Parallel Aware": true,"Async Capable": false,"Relation Name": "customer","Alias": "customer","Startup Cost": 0.00,"Total Cost": 4210.00,"Plan Rows": 62500,"Plan Width": 23,"Actual Startup Time": 0.019,"Actual Total Time": 16.715,"Actual Rows": 37500,"Actual Loops": 4,"Workers": []}]}]}]}]}]},"Planning Time": 6.132,"Triggers": [],"Execution Time": 11002.531}]
[{"Plan": {"Node Type": "Sort","Parallel Aware": false,"Async Capable": false,"Startup Cost": 397889.21,"Total Cost": 399077.01,"Plan Rows": 475120,"Plan Width": 71,"Actual Startup Time": 10345.847,"Actual Total Time": 10377.998,"Actual Rows": 9,"Actual Loops": 1,"Sort Key": ["orders.o_totalprice DESC", "orders.o_orderdate"],"Sort Method": "quicksort","Sort Space Used": 25,"Sort Space Type": "Memory","Plans": [{"Node Type": "Aggregate","Strategy": "Hashed","Partial Mode": "Simple","Parent Relationship": "Outer","Parallel Aware": false,"Async Capable": false,"Startup Cost": 347151.30,"Total Cost": 353090.30,"Plan Rows": 475120,"Plan Width": 71,"Actual Startup Time": 10329.232,"Actual Total Time": 10377.856,"Actual Rows": 9,"Actual Loops": 1,"Group Key": ["customer.c_custkey", "orders.o_orderkey"],"Planned Partitions": 0,"HashAgg Batches": 1,"Peak Memory Usage": 24601,"Disk Usage": 0,"Plans": [{"Node Type": "Gather","Parent Relationship": "Outer","Parallel Aware": false,"Async Capable": false,"Startup Cost": 216528.94,"Total Cost": 343587.90,"Plan Rows": 475120,"Plan Width": 44,"Actual Startup Time": 10053.961,"Actual Total Time": 10357.615,"Actual Rows": 63,"Actual Loops": 1,"Workers Planned": 3,"Workers Launched": 3,"Single Copy": false,"Plans": [{"Node Type": "Hash Join","Parent Relationship": "Outer","Parallel Aware": true,"Async Capable": false,"Join Type": "Inner","Startup Cost": 215528.94,"Total Cost": 295075.90,"Plan Rows": 153265,"Plan Width": 44,"Actual Startup Time": 10157.696,"Actual Total Time": 10258.651,"Actual Rows": 16,"Actual Loops": 4,"Inner Unique": true,"Hash Cond": "(orders.o_custkey = customer.c_custkey)","Workers": [],"Plans": [{"Node Type": "Nested Loop","Parent Relationship": "Outer","Parallel Aware": false,"Async Capable": false,"Join Type": "Inner","Startup Cost": 210537.69,"Total Cost": 289682.32,"Plan Rows": 153265,"Plan Width": 25,"Actual Startup Time": 10123.332,"Actual Total Time": 10224.239,"Actual Rows": 16,"Actual Loops": 4,"Inner Unique": false,"Workers": [],"Plans": [{"Node Type": "Hash Join","Parent Relationship": "Outer","Parallel Aware": false,"Async Capable": false,"Join Type": "Inner","Startup Cost": 210537.26,"Total Cost": 242741.13,"Plan Rows": 38308,"Plan Width": 24,"Actual Startup Time": 10123.186,"Actual Total Time": 10223.998,"Actual Rows": 2,"Actual Loops": 4,"Inner Unique": true,"Hash Cond": "(orders.o_orderkey = lineitem_1.l_orderkey)","Workers": [],"Plans": [{"Node Type": "Seq Scan","Parent Relationship": "Outer","Parallel Aware": true,"Async Capable": false,"Relation Name": "orders","Alias": "orders","Startup Cost": 0.00,"Total Cost": 30933.71,"Plan Rows": 483871,"Plan Width": 20,"Actual Startup Time": 0.011,"Actual Total Time": 49.852,"Actual Rows": 375000,"Actual Loops": 4,"Workers": []},{"Node Type": "Hash","Parent Relationship": "Inner","Parallel Aware": false,"Async Capable": false,"Startup Cost": 209052.81,"Total Cost": 209052.81,"Plan Rows": 118756,"Plan Width": 4,"Actual Startup Time": 10005.666,"Actual Total Time": 10005.673,"Actual Rows": 9,"Actual Loops": 4,"Hash Buckets": 131072,"Original Hash Buckets": 131072,"Hash Batches": 1,"Original Hash Batches": 1,"Peak Memory Usage": 1025,"Workers": [],"Plans": [{"Node Type": "Aggregate","Strategy": "Hashed","Partial Mode": "Simple","Parent Relationship": "Outer","Parallel Aware": false,"Async Capable": false,"Startup Cost": 202521.23,"Total Cost": 207865.25,"Plan Rows": 118756,"Plan Width": 4,"Actual Startup Time": 6310.010,"Actual Total Time": 10005.543,"Actual Rows": 9,"Actual Loops": 4,"Group Key": ["lineitem_1.l_orderkey"],"Filter": "(sum(lineitem_1.l_quantity) > '313'::numeric)","Planned Partitions": 0,"HashAgg Batches": 1,"Peak Memory Usage": 638993,"Disk Usage": 0,"Rows Removed by Filter": 1499991,"Workers": [{"Worker Number": 0,"HashAgg Batches": 1,"Peak Memory Usage": 638993,"Disk Usage": 0},{"Worker Number": 1,"HashAgg Batches": 1,"Peak Memory Usage": 638993,"Disk Usage": 0},{"Worker Number": 2,"HashAgg Batches": 1,"Peak Memory Usage": 638993,"Disk Usage": 0}],"Plans": [{"Node Type": "Seq Scan","Parent Relationship": "Outer","Parallel Aware": false,"Async Capable": false,"Relation Name": "lineitem","Alias": "lineitem_1","Startup Cost": 0.00,"Total Cost": 172515.15,"Plan Rows": 6001215,"Plan Width": 9,"Actual Startup Time": 0.020,"Actual Total Time": 994.479,"Actual Rows": 6001215,"Actual Loops": 4,"Workers": []}]}]}]},{"Node Type": "Index Scan","Parent Relationship": "Inner","Parallel Aware": false,"Async Capable": false,"Scan Direction": "Forward","Index Name": "idx_lineitem_orderkey","Relation Name": "lineitem","Alias": "lineitem","Startup Cost": 0.43,"Total Cost": 1.06,"Plan Rows": 17,"Plan Width": 9,"Actual Startup Time": 0.068,"Actual Total Time": 0.075,"Actual Rows": 7,"Actual Loops": 9,"Index Cond": "(l_orderkey = orders.o_orderkey)","Rows Removed by Index Recheck": 0,"Workers": []}]},{"Node Type": "Hash","Parent Relationship": "Inner","Parallel Aware": true,"Async Capable": false,"Startup Cost": 4210.00,"Total Cost": 4210.00,"Plan Rows": 62500,"Plan Width": 23,"Actual Startup Time": 33.578,"Actual Total Time": 33.582,"Actual Rows": 37500,"Actual Loops": 4,"Hash Buckets": 262144,"Original Hash Buckets": 262144,"Hash Batches": 1,"Original Hash Batches": 1,"Peak Memory Usage": 10336,"Workers": [],"Plans": [{"Node Type": "Seq Scan","Parent Relationship": "Outer","Parallel Aware": true,"Async Capable": false,"Relation Name": "customer","Alias": "customer","Startup Cost": 0.00,"Total Cost": 4210.00,"Plan Rows": 62500,"Plan Width": 23,"Actual Startup Time": 0.023,"Actual Total Time": 16.777,"Actual Rows": 37500,"Actual Loops": 4,"Workers": []}]}]}]}]}]},"Planning Time": 6.662,"Triggers": [],"Execution Time": 10430.266}]
[{"Plan": {"Node Type": "Sort","Parallel Aware": false,"Async Capable": false,"Startup Cost": 397889.21,"Total Cost": 399077.01,"Plan Rows": 475120,"Plan Width": 71,"Actual Startup Time": 10345.847,"Actual Total Time": 10377.998,"Actual Rows": 9,"Actual Loops": 1,"Sort Key": ["orders.o_totalprice DESC", "orders.o_orderdate"],"Sort Method": "quicksort","Sort Space Used": 25,"Sort Space Type": "Memory","Plans": [{"Node Type": "Aggregate","Strategy": "Hashed","Partial Mode": "Simple","Parent Relationship": "Outer","Parallel Aware": false,"Async Capable": false,"Startup Cost": 347151.30,"Total Cost": 353090.30,"Plan Rows": 475120,"Plan Width": 71,"Actual Startup Time": 10329.232,"Actual Total Time": 10377.856,"Actual Rows": 9,"Actual Loops": 1,"Group Key": ["customer.c_custkey", "orders.o_orderkey"],"Planned Partitions": 0,"HashAgg Batches": 1,"Peak Memory Usage": 24601,"Disk Usage": 0,"Plans": [{"Node Type": "Gather","Parent Relationship": "Outer","Parallel Aware": false,"Async Capable": false,"Startup Cost": 216528.94,"Total Cost": 343587.90,"Plan Rows": 475120,"Plan Width": 44,"Actual Startup Time": 10053.961,"Actual Total Time": 10357.615,"Actual Rows": 63,"Actual Loops": 1,"Workers Planned": 3,"Workers Launched": 3,"Single Copy": false,"Plans": [{"Node Type": "Hash Join","Parent Relationship": "Outer","Parallel Aware": true,"Async Capable": false,"Join Type": "Inner","Startup Cost": 215528.94,"Total Cost": 295075.90,"Plan Rows": 153265,"Plan Width": 44,"Actual Startup Time": 10157.696,"Actual Total Time": 10258.651,"Actual Rows": 16,"Actual Loops": 4,"Inner Unique": true,"Hash Cond": "(orders.o_custkey = customer.c_custkey)","Workers": [],"Plans": [{"Node Type": "Nested Loop","Parent Relationship": "Outer","Parallel Aware": false,"Async Capable": false,"Join Type": "Inner","Startup Cost": 210537.69,"Total Cost": 289682.32,"Plan Rows": 153265,"Plan Width": 25,"Actual Startup Time": 10123.332,"Actual Total Time": 10224.239,"Actual Rows": 16,"Actual Loops": 4,"Inner Unique": false,"Workers": [],"Plans": [{"Node Type": "Hash Join","Parent Relationship": "Outer","Parallel Aware": false,"Async Capable": false,"Join Type": "Inner","Startup Cost": 210537.26,"Total Cost": 242741.13,"Plan Rows": 38308,"Plan Width": 24,"Actual Startup Time": 10123.186,"Actual Total Time": 10223.998,"Actual Rows": 2,"Actual Loops": 4,"Inner Unique": true,"Hash Cond": "(orders.o_orderkey = lineitem_1.l_orderkey)","Workers": [],"Plans": [{"Node Type": "Seq Scan","Parent Relationship": "Outer","Parallel Aware": true,"Async Capable": false,"Relation Name": "orders","Alias": "orders","Startup Cost": 0.00,"Total Cost": 30933.71,"Plan Rows": 483871,"Plan Width": 20,"Actual Startup Time": 0.011,"Actual Total Time": 49.852,"Actual Rows": 375000,"Actual Loops": 4,"Workers": []},{"Node Type": "Hash","Parent Relationship": "Inner","Parallel Aware": false,"Async Capable": false,"Startup Cost": 209052.81,"Total Cost": 209052.81,"Plan Rows": 118756,"Plan Width": 4,"Actual Startup Time": 10005.666,"Actual Total Time": 10005.673,"Actual Rows": 9,"Actual Loops": 4,"Hash Buckets": 131072,"Original Hash Buckets": 131072,"Hash Batches": 1,"Original Hash Batches": 1,"Peak Memory Usage": 1025,"Workers": [],"Plans": [{"Node Type": "Aggregate","Strategy": "Hashed","Partial Mode": "Simple","Parent Relationship": "Outer","Parallel Aware": false,"Async Capable": false,"Startup Cost": 202521.23,"Total Cost": 207865.25,"Plan Rows": 118756,"Plan Width": 4,"Actual Startup Time": 6310.010,"Actual Total Time": 10005.543,"Actual Rows": 9,"Actual Loops": 4,"Group Key": ["lineitem_1.l_orderkey"],"Filter": "(sum(lineitem_1.l_quantity) > '313'::numeric)","Planned Partitions": 0,"HashAgg Batches": 1,"Peak Memory Usage": 638993,"Disk Usage": 0,"Rows Removed by Filter": 1499991,"Workers": [{"Worker Number": 0,"HashAgg Batches": 1,"Peak Memory Usage": 638993,"Disk Usage": 0},{"Worker Number": 1,"HashAgg Batches": 1,"Peak Memory Usage": 638993,"Disk Usage": 0},{"Worker Number": 2,"HashAgg Batches": 1,"Peak Memory Usage": 638993,"Disk Usage": 0}],"Plans": [{"Node Type": "Seq Scan","Parent Relationship": "Outer","Parallel Aware": false,"Async Capable": false,"Relation Name": "lineitem","Alias": "lineitem_1","Startup Cost": 0.00,"Total Cost": 172515.15,"Plan Rows": 6001215,"Plan Width": 9,"Actual Startup Time": 0.020,"Actual Total Time": 994.479,"Actual Rows": 6001215,"Actual Loops": 4,"Workers": []}]}]}]},{"Node Type": "Index Scan","Parent Relationship": "Inner","Parallel Aware": false,"Async Capable": false,"Scan Direction": "Forward","Index Name": "idx_lineitem_orderkey","Relation Name": "lineitem","Alias": "lineitem","Startup Cost": 0.43,"Total Cost": 1.06,"Plan Rows": 17,"Plan Width": 9,"Actual Startup Time": 0.068,"Actual Total Time": 0.075,"Actual Rows": 7,"Actual Loops": 9,"Index Cond": "(l_orderkey = orders.o_orderkey)","Rows Removed by Index Recheck": 0,"Workers": []}]},{"Node Type": "Hash","Parent Relationship": "Inner","Parallel Aware": true,"Async Capable": false,"Startup Cost": 4210.00,"Total Cost": 4210.00,"Plan Rows": 62500,"Plan Width": 23,"Actual Startup Time": 33.578,"Actual Total Time": 33.582,"Actual Rows": 37500,"Actual Loops": 4,"Hash Buckets": 262144,"Original Hash Buckets": 262144,"Hash Batches": 1,"Original Hash Batches": 1,"Peak Memory Usage": 10336,"Workers": [],"Plans": [{"Node Type": "Seq Scan","Parent Relationship": "Outer","Parallel Aware": true,"Async Capable": false,"Relation Name": "customer","Alias": "customer","Startup Cost": 0.00,"Total Cost": 4210.00,"Plan Rows": 62500,"Plan Width": 23,"Actual Startup Time": 0.023,"Actual Total Time": 16.777,"Actual Rows": 37500,"Actual Loops": 4,"Workers": []}]}]}]}]}]},"Planning Time": 6.662,"Triggers": [],"Execution Time": 10430.266}]
[{"Plan": {"Node Type": "Sort","Parallel Aware": false,"Async Capable": false,"Startup Cost": 397889.21,"Total Cost": 399077.01,"Plan Rows": 475120,"Plan Width": 71,"Actual Startup Time": 10345.847,"Actual Total Time": 10377.998,"Actual Rows": 9,"Actual Loops": 1,"Sort Key": ["orders.o_totalprice DESC", "orders.o_orderdate"],"Sort Method": "quicksort","Sort Space Used": 25,"Sort Space Type": "Memory","Plans": [{"Node Type": "Aggregate","Strategy": "Hashed","Partial Mode": "Simple","Parent Relationship": "Outer","Parallel Aware": false,"Async Capable": false,"Startup Cost": 347151.30,"Total Cost": 353090.30,"Plan Rows": 475120,"Plan Width": 71,"Actual Startup Time": 10329.232,"Actual Total Time": 10377.856,"Actual Rows": 9,"Actual Loops": 1,"Group Key": ["customer.c_custkey", "orders.o_orderkey"],"Planned Partitions": 0,"HashAgg Batches": 1,"Peak Memory Usage": 24601,"Disk Usage": 0,"Plans": [{"Node Type": "Gather","Parent Relationship": "Outer","Parallel Aware": false,"Async Capable": false,"Startup Cost": 216528.94,"Total Cost": 343587.90,"Plan Rows": 475120,"Plan Width": 44,"Actual Startup Time": 10053.961,"Actual Total Time": 10357.615,"Actual Rows": 63,"Actual Loops": 1,"Workers Planned": 3,"Workers Launched": 3,"Single Copy": false,"Plans": [{"Node Type": "Hash Join","Parent Relationship": "Outer","Parallel Aware": true,"Async Capable": false,"Join Type": "Inner","Startup Cost": 215528.94,"Total Cost": 295075.90,"Plan Rows": 153265,"Plan Width": 44,"Actual Startup Time": 10157.696,"Actual Total Time": 10258.651,"Actual Rows": 16,"Actual Loops": 4,"Inner Unique": true,"Hash Cond": "(orders.o_custkey = customer.c_custkey)","Workers": [],"Plans": [{"Node Type": "Nested Loop","Parent Relationship": "Outer","Parallel Aware": false,"Async Capable": false,"Join Type": "Inner","Startup Cost": 210537.69,"Total Cost": 289682.32,"Plan Rows": 153265,"Plan Width": 25,"Actual Startup Time": 10123.332,"Actual Total Time": 10224.239,"Actual Rows": 16,"Actual Loops": 4,"Inner Unique": false,"Workers": [],"Plans": [{"Node Type": "Hash Join","Parent Relationship": "Outer","Parallel Aware": false,"Async Capable": false,"Join Type": "Inner","Startup Cost": 210537.26,"Total Cost": 242741.13,"Plan Rows": 38308,"Plan Width": 24,"Actual Startup Time": 10123.186,"Actual Total Time": 10223.998,"Actual Rows": 2,"Actual Loops": 4,"Inner Unique": true,"Hash Cond": "(orders.o_orderkey = lineitem_1.l_orderkey)","Workers": [],"Plans": [{"Node Type": "Seq Scan","Parent Relationship": "Outer","Parallel Aware": true,"Async Capable": false,"Relation Name": "orders","Alias": "orders","Startup Cost": 0.00,"Total Cost": 30933.71,"Plan Rows": 483871,"Plan Width": 20,"Actual Startup Time": 0.011,"Actual Total Time": 49.852,"Actual Rows": 375000,"Actual Loops": 4,"Workers": []},{"Node Type": "Hash","Parent Relationship": "Inner","Parallel Aware": false,"Async Capable": false,"Startup Cost": 209052.81,"Total Cost": 209052.81,"Plan Rows": 118756,"Plan Width": 4,"Actual Startup Time": 10005.666,"Actual Total Time": 10005.673,"Actual Rows": 9,"Actual Loops": 4,"Hash Buckets": 131072,"Original Hash Buckets": 131072,"Hash Batches": 1,"Original Hash Batches": 1,"Peak Memory Usage": 1025,"Workers": [],"Plans": [{"Node Type": "Aggregate","Strategy": "Hashed","Partial Mode": "Simple","Parent Relationship": "Outer","Parallel Aware": false,"Async Capable": false,"Startup Cost": 202521.23,"Total Cost": 207865.25,"Plan Rows": 118756,"Plan Width": 4,"Actual Startup Time": 6310.010,"Actual Total Time": 10005.543,"Actual Rows": 9,"Actual Loops": 4,"Group Key": ["lineitem_1.l_orderkey"],"Filter": "(sum(lineitem_1.l_quantity) > '313'::numeric)","Planned Partitions": 0,"HashAgg Batches": 1,"Peak Memory Usage": 638993,"Disk Usage": 0,"Rows Removed by Filter": 1499991,"Workers": [{"Worker Number": 0,"HashAgg Batches": 1,"Peak Memory Usage": 638993,"Disk Usage": 0},{"Worker Number": 1,"HashAgg Batches": 1,"Peak Memory Usage": 638993,"Disk Usage": 0},{"Worker Number": 2,"HashAgg Batches": 1,"Peak Memory Usage": 638993,"Disk Usage": 0}],"Plans": [{"Node Type": "Seq Scan","Parent Relationship": "Outer","Parallel Aware": false,"Async Capable": false,"Relation Name": "lineitem","Alias": "lineitem_1","Startup Cost": 0.00,"Total Cost": 172515.15,"Plan Rows": 6001215,"Plan Width": 9,"Actual Startup Time": 0.020,"Actual Total Time": 994.479,"Actual Rows": 6001215,"Actual Loops": 4,"Workers": []}]}]}]},{"Node Type": "Index Scan","Parent Relationship": "Inner","Parallel Aware": false,"Async Capable": false,"Scan Direction": "Forward","Index Name": "idx_lineitem_orderkey","Relation Name": "lineitem","Alias": "lineitem","Startup Cost": 0.43,"Total Cost": 1.06,"Plan Rows": 17,"Plan Width": 9,"Actual Startup Time": 0.068,"Actual Total Time": 0.075,"Actual Rows": 7,"Actual Loops": 9,"Index Cond": "(l_orderkey = orders.o_orderkey)","Rows Removed by Index Recheck": 0,"Workers": []}]},{"Node Type": "Hash","Parent Relationship": "Inner","Parallel Aware": true,"Async Capable": false,"Startup Cost": 4210.00,"Total Cost": 4210.00,"Plan Rows": 62500,"Plan Width": 23,"Actual Startup Time": 33.578,"Actual Total Time": 33.582,"Actual Rows": 37500,"Actual Loops": 4,"Hash Buckets": 262144,"Original Hash Buckets": 262144,"Hash Batches": 1,"Original Hash Batches": 1,"Peak Memory Usage": 10336,"Workers": [],"Plans": [{"Node Type": "Seq Scan","Parent Relationship": "Outer","Parallel Aware": true,"Async Capable": false,"Relation Name": "customer","Alias": "customer","Startup Cost": 0.00,"Total Cost": 4210.00,"Plan Rows": 62500,"Plan Width": 23,"Actual Startup Time": 0.023,"Actual Total Time": 16.777,"Actual Rows": 37500,"Actual Loops": 4,"Workers": []}]}]}]}]}]},"Planning Time": 6.662,"Triggers": [],"Execution Time": 10430.266}]
[{"Plan": {"Node Type": "Sort","Parallel Aware": false,"Async Capable": false,"Startup Cost": 397889.21,"Total Cost": 399077.01,"Plan Rows": 475120,"Plan Width": 71,"Actual Startup Time": 10785.011,"Actual Total Time": 10839.032,"Actual Rows": 9,"Actual Loops": 1,"Sort Key": ["orders.o_totalprice DESC", "orders.o_orderdate"],"Sort Method": "quicksort","Sort Space Used": 25,"Sort Space Type": "Memory","Plans": [{"Node Type": "Aggregate","Strategy": "Hashed","Partial Mode": "Simple","Parent Relationship": "Outer","Parallel Aware": false,"Async Capable": false,"Startup Cost": 347151.30,"Total Cost": 353090.30,"Plan Rows": 475120,"Plan Width": 71,"Actual Startup Time": 10763.855,"Actual Total Time": 10838.848,"Actual Rows": 9,"Actual Loops": 1,"Group Key": ["customer.c_custkey", "orders.o_orderkey"],"Planned Partitions": 0,"HashAgg Batches": 1,"Peak Memory Usage": 24601,"Disk Usage": 0,"Plans": [{"Node Type": "Gather","Parent Relationship": "Outer","Parallel Aware": false,"Async Capable": false,"Startup Cost": 216528.94,"Total Cost": 343587.90,"Plan Rows": 475120,"Plan Width": 44,"Actual Startup Time": 9674.071,"Actual Total Time": 10813.470,"Actual Rows": 63,"Actual Loops": 1,"Workers Planned": 3,"Workers Launched": 3,"Single Copy": false,"Plans": [{"Node Type": "Hash Join","Parent Relationship": "Outer","Parallel Aware": true,"Async Capable": false,"Join Type": "Inner","Startup Cost": 215528.94,"Total Cost": 295075.90,"Plan Rows": 153265,"Plan Width": 44,"Actual Startup Time": 10141.072,"Actual Total Time": 10312.965,"Actual Rows": 16,"Actual Loops": 4,"Inner Unique": true,"Hash Cond": "(orders.o_custkey = customer.c_custkey)","Workers": [],"Plans": [{"Node Type": "Nested Loop","Parent Relationship": "Outer","Parallel Aware": false,"Async Capable": false,"Join Type": "Inner","Startup Cost": 210537.69,"Total Cost": 289682.32,"Plan Rows": 153265,"Plan Width": 25,"Actual Startup Time": 10104.129,"Actual Total Time": 10275.947,"Actual Rows": 16,"Actual Loops": 4,"Inner Unique": false,"Workers": [],"Plans": [{"Node Type": "Hash Join","Parent Relationship": "Outer","Parallel Aware": false,"Async Capable": false,"Join Type": "Inner","Startup Cost": 210537.26,"Total Cost": 242741.13,"Plan Rows": 38308,"Plan Width": 24,"Actual Startup Time": 10104.052,"Actual Total Time": 10275.739,"Actual Rows": 2,"Actual Loops": 4,"Inner Unique": true,"Hash Cond": "(orders.o_orderkey = lineitem_1.l_orderkey)","Workers": [],"Plans": [{"Node Type": "Seq Scan","Parent Relationship": "Outer","Parallel Aware": true,"Async Capable": false,"Relation Name": "orders","Alias": "orders","Startup Cost": 0.00,"Total Cost": 30933.71,"Plan Rows": 483871,"Plan Width": 20,"Actual Startup Time": 0.007,"Actual Total Time": 53.689,"Actual Rows": 375000,"Actual Loops": 4,"Workers": []},{"Node Type": "Hash","Parent Relationship": "Inner","Parallel Aware": false,"Async Capable": false,"Startup Cost": 209052.81,"Total Cost": 209052.81,"Plan Rows": 118756,"Plan Width": 4,"Actual Startup Time": 10025.157,"Actual Total Time": 10025.166,"Actual Rows": 9,"Actual Loops": 4,"Hash Buckets": 131072,"Original Hash Buckets": 131072,"Hash Batches": 1,"Original Hash Batches": 1,"Peak Memory Usage": 1025,"Workers": [],"Plans": [{"Node Type": "Aggregate","Strategy": "Hashed","Partial Mode": "Simple","Parent Relationship": "Outer","Parallel Aware": false,"Async Capable": false,"Startup Cost": 202521.23,"Total Cost": 207865.25,"Plan Rows": 118756,"Plan Width": 4,"Actual Startup Time": 6285.839,"Actual Total Time": 10024.981,"Actual Rows": 9,"Actual Loops": 4,"Group Key": ["lineitem_1.l_orderkey"],"Filter": "(sum(lineitem_1.l_quantity) > '314'::numeric)","Planned Partitions": 0,"HashAgg Batches": 1,"Peak Memory Usage": 638993,"Disk Usage": 0,"Rows Removed by Filter": 1499991,"Workers": [{"Worker Number": 0,"HashAgg Batches": 1,"Peak Memory Usage": 638993,"Disk Usage": 0},{"Worker Number": 1,"HashAgg Batches": 1,"Peak Memory Usage": 638993,"Disk Usage": 0},{"Worker Number": 2,"HashAgg Batches": 1,"Peak Memory Usage": 638993,"Disk Usage": 0}],"Plans": [{"Node Type": "Seq Scan","Parent Relationship": "Outer","Parallel Aware": false,"Async Capable": false,"Relation Name": "lineitem","Alias": "lineitem_1","Startup Cost": 0.00,"Total Cost": 172515.15,"Plan Rows": 6001215,"Plan Width": 9,"Actual Startup Time": 0.019,"Actual Total Time": 931.752,"Actual Rows": 6001215,"Actual Loops": 4,"Workers": []}]}]}]},{"Node Type": "Index Scan","Parent Relationship": "Inner","Parallel Aware": false,"Async Capable": false,"Scan Direction": "Forward","Index Name": "idx_lineitem_orderkey","Relation Name": "lineitem","Alias": "lineitem","Startup Cost": 0.43,"Total Cost": 1.06,"Plan Rows": 17,"Plan Width": 9,"Actual Startup Time": 0.055,"Actual Total Time": 0.062,"Actual Rows": 7,"Actual Loops": 9,"Index Cond": "(l_orderkey = orders.o_orderkey)","Rows Removed by Index Recheck": 0,"Workers": []}]},{"Node Type": "Hash","Parent Relationship": "Inner","Parallel Aware": true,"Async Capable": false,"Startup Cost": 4210.00,"Total Cost": 4210.00,"Plan Rows": 62500,"Plan Width": 23,"Actual Startup Time": 36.172,"Actual Total Time": 36.190,"Actual Rows": 37500,"Actual Loops": 4,"Hash Buckets": 262144,"Original Hash Buckets": 262144,"Hash Batches": 1,"Original Hash Batches": 1,"Peak Memory Usage": 10336,"Workers": [],"Plans": [{"Node Type": "Seq Scan","Parent Relationship": "Outer","Parallel Aware": true,"Async Capable": false,"Relation Name": "customer","Alias": "customer","Startup Cost": 0.00,"Total Cost": 4210.00,"Plan Rows": 62500,"Plan Width": 23,"Actual Startup Time": 0.024,"Actual Total Time": 17.933,"Actual Rows": 37500,"Actual Loops": 4,"Workers": []}]}]}]}]}]},"Planning Time": 6.881,"Triggers": [],"Execution Time": 10893.482}]
[{"Plan": {"Node Type": "Sort","Parallel Aware": false,"Async Capable": false,"Startup Cost": 397889.21,"Total Cost": 399077.01,"Plan Rows": 475120,"Plan Width": 71,"Actual Startup Time": 10785.011,"Actual Total Time": 10839.032,"Actual Rows": 9,"Actual Loops": 1,"Sort Key": ["orders.o_totalprice DESC", "orders.o_orderdate"],"Sort Method": "quicksort","Sort Space Used": 25,"Sort Space Type": "Memory","Plans": [{"Node Type": "Aggregate","Strategy": "Hashed","Partial Mode": "Simple","Parent Relationship": "Outer","Parallel Aware": false,"Async Capable": false,"Startup Cost": 347151.30,"Total Cost": 353090.30,"Plan Rows": 475120,"Plan Width": 71,"Actual Startup Time": 10763.855,"Actual Total Time": 10838.848,"Actual Rows": 9,"Actual Loops": 1,"Group Key": ["customer.c_custkey", "orders.o_orderkey"],"Planned Partitions": 0,"HashAgg Batches": 1,"Peak Memory Usage": 24601,"Disk Usage": 0,"Plans": [{"Node Type": "Gather","Parent Relationship": "Outer","Parallel Aware": false,"Async Capable": false,"Startup Cost": 216528.94,"Total Cost": 343587.90,"Plan Rows": 475120,"Plan Width": 44,"Actual Startup Time": 9674.071,"Actual Total Time": 10813.470,"Actual Rows": 63,"Actual Loops": 1,"Workers Planned": 3,"Workers Launched": 3,"Single Copy": false,"Plans": [{"Node Type": "Hash Join","Parent Relationship": "Outer","Parallel Aware": true,"Async Capable": false,"Join Type": "Inner","Startup Cost": 215528.94,"Total Cost": 295075.90,"Plan Rows": 153265,"Plan Width": 44,"Actual Startup Time": 10141.072,"Actual Total Time": 10312.965,"Actual Rows": 16,"Actual Loops": 4,"Inner Unique": true,"Hash Cond": "(orders.o_custkey = customer.c_custkey)","Workers": [],"Plans": [{"Node Type": "Nested Loop","Parent Relationship": "Outer","Parallel Aware": false,"Async Capable": false,"Join Type": "Inner","Startup Cost": 210537.69,"Total Cost": 289682.32,"Plan Rows": 153265,"Plan Width": 25,"Actual Startup Time": 10104.129,"Actual Total Time": 10275.947,"Actual Rows": 16,"Actual Loops": 4,"Inner Unique": false,"Workers": [],"Plans": [{"Node Type": "Hash Join","Parent Relationship": "Outer","Parallel Aware": false,"Async Capable": false,"Join Type": "Inner","Startup Cost": 210537.26,"Total Cost": 242741.13,"Plan Rows": 38308,"Plan Width": 24,"Actual Startup Time": 10104.052,"Actual Total Time": 10275.739,"Actual Rows": 2,"Actual Loops": 4,"Inner Unique": true,"Hash Cond": "(orders.o_orderkey = lineitem_1.l_orderkey)","Workers": [],"Plans": [{"Node Type": "Seq Scan","Parent Relationship": "Outer","Parallel Aware": true,"Async Capable": false,"Relation Name": "orders","Alias": "orders","Startup Cost": 0.00,"Total Cost": 30933.71,"Plan Rows": 483871,"Plan Width": 20,"Actual Startup Time": 0.007,"Actual Total Time": 53.689,"Actual Rows": 375000,"Actual Loops": 4,"Workers": []},{"Node Type": "Hash","Parent Relationship": "Inner","Parallel Aware": false,"Async Capable": false,"Startup Cost": 209052.81,"Total Cost": 209052.81,"Plan Rows": 118756,"Plan Width": 4,"Actual Startup Time": 10025.157,"Actual Total Time": 10025.166,"Actual Rows": 9,"Actual Loops": 4,"Hash Buckets": 131072,"Original Hash Buckets": 131072,"Hash Batches": 1,"Original Hash Batches": 1,"Peak Memory Usage": 1025,"Workers": [],"Plans": [{"Node Type": "Aggregate","Strategy": "Hashed","Partial Mode": "Simple","Parent Relationship": "Outer","Parallel Aware": false,"Async Capable": false,"Startup Cost": 202521.23,"Total Cost": 207865.25,"Plan Rows": 118756,"Plan Width": 4,"Actual Startup Time": 6285.839,"Actual Total Time": 10024.981,"Actual Rows": 9,"Actual Loops": 4,"Group Key": ["lineitem_1.l_orderkey"],"Filter": "(sum(lineitem_1.l_quantity) > '314'::numeric)","Planned Partitions": 0,"HashAgg Batches": 1,"Peak Memory Usage": 638993,"Disk Usage": 0,"Rows Removed by Filter": 1499991,"Workers": [{"Worker Number": 0,"HashAgg Batches": 1,"Peak Memory Usage": 638993,"Disk Usage": 0},{"Worker Number": 1,"HashAgg Batches": 1,"Peak Memory Usage": 638993,"Disk Usage": 0},{"Worker Number": 2,"HashAgg Batches": 1,"Peak Memory Usage": 638993,"Disk Usage": 0}],"Plans": [{"Node Type": "Seq Scan","Parent Relationship": "Outer","Parallel Aware": false,"Async Capable": false,"Relation Name": "lineitem","Alias": "lineitem_1","Startup Cost": 0.00,"Total Cost": 172515.15,"Plan Rows": 6001215,"Plan Width": 9,"Actual Startup Time": 0.019,"Actual Total Time": 931.752,"Actual Rows": 6001215,"Actual Loops": 4,"Workers": []}]}]}]},{"Node Type": "Index Scan","Parent Relationship": "Inner","Parallel Aware": false,"Async Capable": false,"Scan Direction": "Forward","Index Name": "idx_lineitem_orderkey","Relation Name": "lineitem","Alias": "lineitem","Startup Cost": 0.43,"Total Cost": 1.06,"Plan Rows": 17,"Plan Width": 9,"Actual Startup Time": 0.055,"Actual Total Time": 0.062,"Actual Rows": 7,"Actual Loops": 9,"Index Cond": "(l_orderkey = orders.o_orderkey)","Rows Removed by Index Recheck": 0,"Workers": []}]},{"Node Type": "Hash","Parent Relationship": "Inner","Parallel Aware": true,"Async Capable": false,"Startup Cost": 4210.00,"Total Cost": 4210.00,"Plan Rows": 62500,"Plan Width": 23,"Actual Startup Time": 36.172,"Actual Total Time": 36.190,"Actual Rows": 37500,"Actual Loops": 4,"Hash Buckets": 262144,"Original Hash Buckets": 262144,"Hash Batches": 1,"Original Hash Batches": 1,"Peak Memory Usage": 10336,"Workers": [],"Plans": [{"Node Type": "Seq Scan","Parent Relationship": "Outer","Parallel Aware": true,"Async Capable": false,"Relation Name": "customer","Alias": "customer","Startup Cost": 0.00,"Total Cost": 4210.00,"Plan Rows": 62500,"Plan Width": 23,"Actual Startup Time": 0.024,"Actual Total Time": 17.933,"Actual Rows": 37500,"Actual Loops": 4,"Workers": []}]}]}]}]}]},"Planning Time": 6.881,"Triggers": [],"Execution Time": 10893.482}]
[{"Plan": {"Node Type": "Sort","Parallel Aware": false,"Async Capable": false,"Startup Cost": 397889.21,"Total Cost": 399077.01,"Plan Rows": 475120,"Plan Width": 71,"Actual Startup Time": 10345.847,"Actual Total Time": 10377.998,"Actual Rows": 9,"Actual Loops": 1,"Sort Key": ["orders.o_totalprice DESC", "orders.o_orderdate"],"Sort Method": "quicksort","Sort Space Used": 25,"Sort Space Type": "Memory","Plans": [{"Node Type": "Aggregate","Strategy": "Hashed","Partial Mode": "Simple","Parent Relationship": "Outer","Parallel Aware": false,"Async Capable": false,"Startup Cost": 347151.30,"Total Cost": 353090.30,"Plan Rows": 475120,"Plan Width": 71,"Actual Startup Time": 10329.232,"Actual Total Time": 10377.856,"Actual Rows": 9,"Actual Loops": 1,"Group Key": ["customer.c_custkey", "orders.o_orderkey"],"Planned Partitions": 0,"HashAgg Batches": 1,"Peak Memory Usage": 24601,"Disk Usage": 0,"Plans": [{"Node Type": "Gather","Parent Relationship": "Outer","Parallel Aware": false,"Async Capable": false,"Startup Cost": 216528.94,"Total Cost": 343587.90,"Plan Rows": 475120,"Plan Width": 44,"Actual Startup Time": 10053.961,"Actual Total Time": 10357.615,"Actual Rows": 63,"Actual Loops": 1,"Workers Planned": 3,"Workers Launched": 3,"Single Copy": false,"Plans": [{"Node Type": "Hash Join","Parent Relationship": "Outer","Parallel Aware": true,"Async Capable": false,"Join Type": "Inner","Startup Cost": 215528.94,"Total Cost": 295075.90,"Plan Rows": 153265,"Plan Width": 44,"Actual Startup Time": 10157.696,"Actual Total Time": 10258.651,"Actual Rows": 16,"Actual Loops": 4,"Inner Unique": true,"Hash Cond": "(orders.o_custkey = customer.c_custkey)","Workers": [],"Plans": [{"Node Type": "Nested Loop","Parent Relationship": "Outer","Parallel Aware": false,"Async Capable": false,"Join Type": "Inner","Startup Cost": 210537.69,"Total Cost": 289682.32,"Plan Rows": 153265,"Plan Width": 25,"Actual Startup Time": 10123.332,"Actual Total Time": 10224.239,"Actual Rows": 16,"Actual Loops": 4,"Inner Unique": false,"Workers": [],"Plans": [{"Node Type": "Hash Join","Parent Relationship": "Outer","Parallel Aware": false,"Async Capable": false,"Join Type": "Inner","Startup Cost": 210537.26,"Total Cost": 242741.13,"Plan Rows": 38308,"Plan Width": 24,"Actual Startup Time": 10123.186,"Actual Total Time": 10223.998,"Actual Rows": 2,"Actual Loops": 4,"Inner Unique": true,"Hash Cond": "(orders.o_orderkey = lineitem_1.l_orderkey)","Workers": [],"Plans": [{"Node Type": "Seq Scan","Parent Relationship": "Outer","Parallel Aware": true,"Async Capable": false,"Relation Name": "orders","Alias": "orders","Startup Cost": 0.00,"Total Cost": 30933.71,"Plan Rows": 483871,"Plan Width": 20,"Actual Startup Time": 0.011,"Actual Total Time": 49.852,"Actual Rows": 375000,"Actual Loops": 4,"Workers": []},{"Node Type": "Hash","Parent Relationship": "Inner","Parallel Aware": false,"Async Capable": false,"Startup Cost": 209052.81,"Total Cost": 209052.81,"Plan Rows": 118756,"Plan Width": 4,"Actual Startup Time": 10005.666,"Actual Total Time": 10005.673,"Actual Rows": 9,"Actual Loops": 4,"Hash Buckets": 131072,"Original Hash Buckets": 131072,"Hash Batches": 1,"Original Hash Batches": 1,"Peak Memory Usage": 1025,"Workers": [],"Plans": [{"Node Type": "Aggregate","Strategy": "Hashed","Partial Mode": "Simple","Parent Relationship": "Outer","Parallel Aware": false,"Async Capable": false,"Startup Cost": 202521.23,"Total Cost": 207865.25,"Plan Rows": 118756,"Plan Width": 4,"Actual Startup Time": 6310.010,"Actual Total Time": 10005.543,"Actual Rows": 9,"Actual Loops": 4,"Group Key": ["lineitem_1.l_orderkey"],"Filter": "(sum(lineitem_1.l_quantity) > '313'::numeric)","Planned Partitions": 0,"HashAgg Batches": 1,"Peak Memory Usage": 638993,"Disk Usage": 0,"Rows Removed by Filter": 1499991,"Workers": [{"Worker Number": 0,"HashAgg Batches": 1,"Peak Memory Usage": 638993,"Disk Usage": 0},{"Worker Number": 1,"HashAgg Batches": 1,"Peak Memory Usage": 638993,"Disk Usage": 0},{"Worker Number": 2,"HashAgg Batches": 1,"Peak Memory Usage": 638993,"Disk Usage": 0}],"Plans": [{"Node Type": "Seq Scan","Parent Relationship": "Outer","Parallel Aware": false,"Async Capable": false,"Relation Name": "lineitem","Alias": "lineitem_1","Startup Cost": 0.00,"Total Cost": 172515.15,"Plan Rows": 6001215,"Plan Width": 9,"Actual Startup Time": 0.020,"Actual Total Time": 994.479,"Actual Rows": 6001215,"Actual Loops": 4,"Workers": []}]}]}]},{"Node Type": "Index Scan","Parent Relationship": "Inner","Parallel Aware": false,"Async Capable": false,"Scan Direction": "Forward","Index Name": "idx_lineitem_orderkey","Relation Name": "lineitem","Alias": "lineitem","Startup Cost": 0.43,"Total Cost": 1.06,"Plan Rows": 17,"Plan Width": 9,"Actual Startup Time": 0.068,"Actual Total Time": 0.075,"Actual Rows": 7,"Actual Loops": 9,"Index Cond": "(l_orderkey = orders.o_orderkey)","Rows Removed by Index Recheck": 0,"Workers": []}]},{"Node Type": "Hash","Parent Relationship": "Inner","Parallel Aware": true,"Async Capable": false,"Startup Cost": 4210.00,"Total Cost": 4210.00,"Plan Rows": 62500,"Plan Width": 23,"Actual Startup Time": 33.578,"Actual Total Time": 33.582,"Actual Rows": 37500,"Actual Loops": 4,"Hash Buckets": 262144,"Original Hash Buckets": 262144,"Hash Batches": 1,"Original Hash Batches": 1,"Peak Memory Usage": 10336,"Workers": [],"Plans": [{"Node Type": "Seq Scan","Parent Relationship": "Outer","Parallel Aware": true,"Async Capable": false,"Relation Name": "customer","Alias": "customer","Startup Cost": 0.00,"Total Cost": 4210.00,"Plan Rows": 62500,"Plan Width": 23,"Actual Startup Time": 0.023,"Actual Total Time": 16.777,"Actual Rows": 37500,"Actual Loops": 4,"Workers": []}]}]}]}]}]},"Planning Time": 6.662,"Triggers": [],"Execution Time": 10430.266}]
[{"Plan": {"Node Type": "Sort","Parallel Aware": false,"Async Capable": false,"Startup Cost": 397889.21,"Total Cost": 399077.01,"Plan Rows": 475120,"Plan Width": 71,"Actual Startup Time": 10887.509,"Actual Total Time": 10908.132,"Actual Rows": 10,"Actual Loops": 1,"Sort Key": ["orders.o_totalprice DESC", "orders.o_orderdate"],"Sort Method": "quicksort","Sort Space Used": 25,"Sort Space Type": "Memory","Plans": [{"Node Type": "Aggregate","Strategy": "Hashed","Partial Mode": "Simple","Parent Relationship": "Outer","Parallel Aware": false,"Async Capable": false,"Startup Cost": 347151.30,"Total Cost": 353090.30,"Plan Rows": 475120,"Plan Width": 71,"Actual Startup Time": 10848.812,"Actual Total Time": 10907.941,"Actual Rows": 10,"Actual Loops": 1,"Group Key": ["customer.c_custkey", "orders.o_orderkey"],"Planned Partitions": 0,"HashAgg Batches": 1,"Peak Memory Usage": 24601,"Disk Usage": 0,"Plans": [{"Node Type": "Gather","Parent Relationship": "Outer","Parallel Aware": false,"Async Capable": false,"Startup Cost": 216528.94,"Total Cost": 343587.90,"Plan Rows": 475120,"Plan Width": 44,"Actual Startup Time": 10782.037,"Actual Total Time": 10858.151,"Actual Rows": 70,"Actual Loops": 1,"Workers Planned": 3,"Workers Launched": 3,"Single Copy": false,"Plans": [{"Node Type": "Hash Join","Parent Relationship": "Outer","Parallel Aware": true,"Async Capable": false,"Join Type": "Inner","Startup Cost": 215528.94,"Total Cost": 295075.90,"Plan Rows": 153265,"Plan Width": 44,"Actual Startup Time": 10180.765,"Actual Total Time": 10348.312,"Actual Rows": 18,"Actual Loops": 4,"Inner Unique": true,"Hash Cond": "(orders.o_custkey = customer.c_custkey)","Workers": [],"Plans": [{"Node Type": "Nested Loop","Parent Relationship": "Outer","Parallel Aware": false,"Async Capable": false,"Join Type": "Inner","Startup Cost": 210537.69,"Total Cost": 289682.32,"Plan Rows": 153265,"Plan Width": 25,"Actual Startup Time": 10142.809,"Actual Total Time": 10310.270,"Actual Rows": 18,"Actual Loops": 4,"Inner Unique": false,"Workers": [],"Plans": [{"Node Type": "Hash Join","Parent Relationship": "Outer","Parallel Aware": false,"Async Capable": false,"Join Type": "Inner","Startup Cost": 210537.26,"Total Cost": 242741.13,"Plan Rows": 38308,"Plan Width": 24,"Actual Startup Time": 10142.670,"Actual Total Time": 10309.991,"Actual Rows": 2,"Actual Loops": 4,"Inner Unique": true,"Hash Cond": "(orders.o_orderkey = lineitem_1.l_orderkey)","Workers": [],"Plans": [{"Node Type": "Seq Scan","Parent Relationship": "Outer","Parallel Aware": true,"Async Capable": false,"Relation Name": "orders","Alias": "orders","Startup Cost": 0.00,"Total Cost": 30933.71,"Plan Rows": 483871,"Plan Width": 20,"Actual Startup Time": 0.009,"Actual Total Time": 49.040,"Actual Rows": 375000,"Actual Loops": 4,"Workers": []},{"Node Type": "Hash","Parent Relationship": "Inner","Parallel Aware": false,"Async Capable": false,"Startup Cost": 209052.81,"Total Cost": 209052.81,"Plan Rows": 118756,"Plan Width": 4,"Actual Startup Time": 10075.163,"Actual Total Time": 10075.176,"Actual Rows": 10,"Actual Loops": 4,"Hash Buckets": 131072,"Original Hash Buckets": 131072,"Hash Batches": 1,"Original Hash Batches": 1,"Peak Memory Usage": 1025,"Workers": [],"Plans": [{"Node Type": "Aggregate","Strategy": "Hashed","Partial Mode": "Simple","Parent Relationship": "Outer","Parallel Aware": false,"Async Capable": false,"Startup Cost": 202521.23,"Total Cost": 207865.25,"Plan Rows": 118756,"Plan Width": 4,"Actual Startup Time": 6293.151,"Actual Total Time": 10074.968,"Actual Rows": 10,"Actual Loops": 4,"Group Key": ["lineitem_1.l_orderkey"],"Filter": "(sum(lineitem_1.l_quantity) > '312'::numeric)","Planned Partitions": 0,"HashAgg Batches": 1,"Peak Memory Usage": 638993,"Disk Usage": 0,"Rows Removed by Filter": 1499990,"Workers": [{"Worker Number": 0,"HashAgg Batches": 1,"Peak Memory Usage": 638993,"Disk Usage": 0},{"Worker Number": 1,"HashAgg Batches": 1,"Peak Memory Usage": 638993,"Disk Usage": 0},{"Worker Number": 2,"HashAgg Batches": 1,"Peak Memory Usage": 638993,"Disk Usage": 0}],"Plans": [{"Node Type": "Seq Scan","Parent Relationship": "Outer","Parallel Aware": false,"Async Capable": false,"Relation Name": "lineitem","Alias": "lineitem_1","Startup Cost": 0.00,"Total Cost": 172515.15,"Plan Rows": 6001215,"Plan Width": 9,"Actual Startup Time": 0.021,"Actual Total Time": 960.546,"Actual Rows": 6001215,"Actual Loops": 4,"Workers": []}]}]}]},{"Node Type": "Index Scan","Parent Relationship": "Inner","Parallel Aware": false,"Async Capable": false,"Scan Direction": "Forward","Index Name": "idx_lineitem_orderkey","Relation Name": "lineitem","Alias": "lineitem","Startup Cost": 0.43,"Total Cost": 1.06,"Plan Rows": 17,"Plan Width": 9,"Actual Startup Time": 0.072,"Actual Total Time": 0.079,"Actual Rows": 7,"Actual Loops": 10,"Index Cond": "(l_orderkey = orders.o_orderkey)","Rows Removed by Index Recheck": 0,"Workers": []}]},{"Node Type": "Hash","Parent Relationship": "Inner","Parallel Aware": true,"Async Capable": false,"Startup Cost": 4210.00,"Total Cost": 4210.00,"Plan Rows": 62500,"Plan Width": 23,"Actual Startup Time": 37.105,"Actual Total Time": 37.114,"Actual Rows": 37500,"Actual Loops": 4,"Hash Buckets": 262144,"Original Hash Buckets": 262144,"Hash Batches": 1,"Original Hash Batches": 1,"Peak Memory Usage": 10368,"Workers": [],"Plans": [{"Node Type": "Seq Scan","Parent Relationship": "Outer","Parallel Aware": true,"Async Capable": false,"Relation Name": "customer","Alias": "customer","Startup Cost": 0.00,"Total Cost": 4210.00,"Plan Rows": 62500,"Plan Width": 23,"Actual Startup Time": 0.025,"Actual Total Time": 19.726,"Actual Rows": 37500,"Actual Loops": 4,"Workers": []}]}]}]}]}]},"Planning Time": 6.715,"Triggers": [],"Execution Time": 10961.817}]
[{"Plan": {"Node Type": "Sort","Parallel Aware": false,"Async Capable": false,"Startup Cost": 397889.21,"Total Cost": 399077.01,"Plan Rows": 475120,"Plan Width": 71,"Actual Startup Time": 10950.105,"Actual Total Time": 10953.954,"Actual Rows": 9,"Actual Loops": 1,"Sort Key": ["orders.o_totalprice DESC", "orders.o_orderdate"],"Sort Method": "quicksort","Sort Space Used": 25,"Sort Space Type": "Memory","Plans": [{"Node Type": "Aggregate","Strategy": "Hashed","Partial Mode": "Simple","Parent Relationship": "Outer","Parallel Aware": false,"Async Capable": false,"Startup Cost": 347151.30,"Total Cost": 353090.30,"Plan Rows": 475120,"Plan Width": 71,"Actual Startup Time": 10902.471,"Actual Total Time": 10953.715,"Actual Rows": 9,"Actual Loops": 1,"Group Key": ["customer.c_custkey", "orders.o_orderkey"],"Planned Partitions": 0,"HashAgg Batches": 1,"Peak Memory Usage": 24601,"Disk Usage": 0,"Plans": [{"Node Type": "Gather","Parent Relationship": "Outer","Parallel Aware": false,"Async Capable": false,"Startup Cost": 216528.94,"Total Cost": 343587.90,"Plan Rows": 475120,"Plan Width": 44,"Actual Startup Time": 10893.800,"Actual Total Time": 10897.693,"Actual Rows": 63,"Actual Loops": 1,"Workers Planned": 3,"Workers Launched": 3,"Single Copy": false,"Plans": [{"Node Type": "Hash Join","Parent Relationship": "Outer","Parallel Aware": true,"Async Capable": false,"Join Type": "Inner","Startup Cost": 215528.94,"Total Cost": 295075.90,"Plan Rows": 153265,"Plan Width": 44,"Actual Startup Time": 10134.253,"Actual Total Time": 10314.794,"Actual Rows": 16,"Actual Loops": 4,"Inner Unique": true,"Hash Cond": "(orders.o_custkey = customer.c_custkey)","Workers": [],"Plans": [{"Node Type": "Nested Loop","Parent Relationship": "Outer","Parallel Aware": false,"Async Capable": false,"Join Type": "Inner","Startup Cost": 210537.69,"Total Cost": 289682.32,"Plan Rows": 153265,"Plan Width": 25,"Actual Startup Time": 10099.687,"Actual Total Time": 10280.153,"Actual Rows": 16,"Actual Loops": 4,"Inner Unique": false,"Workers": [],"Plans": [{"Node Type": "Hash Join","Parent Relationship": "Outer","Parallel Aware": false,"Async Capable": false,"Join Type": "Inner","Startup Cost": 210537.26,"Total Cost": 242741.13,"Plan Rows": 38308,"Plan Width": 24,"Actual Startup Time": 10099.575,"Actual Total Time": 10279.892,"Actual Rows": 2,"Actual Loops": 4,"Inner Unique": true,"Hash Cond": "(orders.o_orderkey = lineitem_1.l_orderkey)","Workers": [],"Plans": [{"Node Type": "Seq Scan","Parent Relationship": "Outer","Parallel Aware": true,"Async Capable": false,"Relation Name": "orders","Alias": "orders","Startup Cost": 0.00,"Total Cost": 30933.71,"Plan Rows": 483871,"Plan Width": 20,"Actual Startup Time": 0.011,"Actual Total Time": 51.627,"Actual Rows": 375000,"Actual Loops": 4,"Workers": []},{"Node Type": "Hash","Parent Relationship": "Inner","Parallel Aware": false,"Async Capable": false,"Startup Cost": 209052.81,"Total Cost": 209052.81,"Plan Rows": 118756,"Plan Width": 4,"Actual Startup Time": 10016.825,"Actual Total Time": 10016.839,"Actual Rows": 9,"Actual Loops": 4,"Hash Buckets": 131072,"Original Hash Buckets": 131072,"Hash Batches": 1,"Original Hash Batches": 1,"Peak Memory Usage": 1025,"Workers": [],"Plans": [{"Node Type": "Aggregate","Strategy": "Hashed","Partial Mode": "Simple","Parent Relationship": "Outer","Parallel Aware": false,"Async Capable": false,"Startup Cost": 202521.23,"Total Cost": 207865.25,"Plan Rows": 118756,"Plan Width": 4,"Actual Startup Time": 6319.140,"Actual Total Time": 10016.671,"Actual Rows": 9,"Actual Loops": 4,"Group Key": ["lineitem_1.l_orderkey"],"Filter": "(sum(lineitem_1.l_quantity) > '315'::numeric)","Planned Partitions": 0,"HashAgg Batches": 1,"Peak Memory Usage": 638993,"Disk Usage": 0,"Rows Removed by Filter": 1499991,"Workers": [{"Worker Number": 0,"HashAgg Batches": 1,"Peak Memory Usage": 638993,"Disk Usage": 0},{"Worker Number": 1,"HashAgg Batches": 1,"Peak Memory Usage": 638993,"Disk Usage": 0},{"Worker Number": 2,"HashAgg Batches": 1,"Peak Memory Usage": 638993,"Disk Usage": 0}],"Plans": [{"Node Type": "Seq Scan","Parent Relationship": "Outer","Parallel Aware": false,"Async Capable": false,"Relation Name": "lineitem","Alias": "lineitem_1","Startup Cost": 0.00,"Total Cost": 172515.15,"Plan Rows": 6001215,"Plan Width": 9,"Actual Startup Time": 0.018,"Actual Total Time": 971.843,"Actual Rows": 6001215,"Actual Loops": 4,"Workers": []}]}]}]},{"Node Type": "Index Scan","Parent Relationship": "Inner","Parallel Aware": false,"Async Capable": false,"Scan Direction": "Forward","Index Name": "idx_lineitem_orderkey","Relation Name": "lineitem","Alias": "lineitem","Startup Cost": 0.43,"Total Cost": 1.06,"Plan Rows": 17,"Plan Width": 9,"Actual Startup Time": 0.069,"Actual Total Time": 0.079,"Actual Rows": 7,"Actual Loops": 9,"Index Cond": "(l_orderkey = orders.o_orderkey)","Rows Removed by Index Recheck": 0,"Workers": []}]},{"Node Type": "Hash","Parent Relationship": "Inner","Parallel Aware": true,"Async Capable": false,"Startup Cost": 4210.00,"Total Cost": 4210.00,"Plan Rows": 62500,"Plan Width": 23,"Actual Startup Time": 33.677,"Actual Total Time": 33.684,"Actual Rows": 37500,"Actual Loops": 4,"Hash Buckets": 262144,"Original Hash Buckets": 262144,"Hash Batches": 1,"Original Hash Batches": 1,"Peak Memory Usage": 10368,"Workers": [],"Plans": [{"Node Type": "Seq Scan","Parent Relationship": "Outer","Parallel Aware": true,"Async Capable": false,"Relation Name": "customer","Alias": "customer","Startup Cost": 0.00,"Total Cost": 4210.00,"Plan Rows": 62500,"Plan Width": 23,"Actual Startup Time": 0.019,"Actual Total Time": 16.715,"Actual Rows": 37500,"Actual Loops": 4,"Workers": []}]}]}]}]}]},"Planning Time": 6.132,"Triggers": [],"Execution Time": 11002.531}]
[{"Plan": {"Node Type": "Sort","Parallel Aware": false,"Async Capable": false,"Startup Cost": 397889.21,"Total Cost": 399077.01,"Plan Rows": 475120,"Plan Width": 71,"Actual Startup Time": 10950.105,"Actual Total Time": 10953.954,"Actual Rows": 9,"Actual Loops": 1,"Sort Key": ["orders.o_totalprice DESC", "orders.o_orderdate"],"Sort Method": "quicksort","Sort Space Used": 25,"Sort Space Type": "Memory","Plans": [{"Node Type": "Aggregate","Strategy": "Hashed","Partial Mode": "Simple","Parent Relationship": "Outer","Parallel Aware": false,"Async Capable": false,"Startup Cost": 347151.30,"Total Cost": 353090.30,"Plan Rows": 475120,"Plan Width": 71,"Actual Startup Time": 10902.471,"Actual Total Time": 10953.715,"Actual Rows": 9,"Actual Loops": 1,"Group Key": ["customer.c_custkey", "orders.o_orderkey"],"Planned Partitions": 0,"HashAgg Batches": 1,"Peak Memory Usage": 24601,"Disk Usage": 0,"Plans": [{"Node Type": "Gather","Parent Relationship": "Outer","Parallel Aware": false,"Async Capable": false,"Startup Cost": 216528.94,"Total Cost": 343587.90,"Plan Rows": 475120,"Plan Width": 44,"Actual Startup Time": 10893.800,"Actual Total Time": 10897.693,"Actual Rows": 63,"Actual Loops": 1,"Workers Planned": 3,"Workers Launched": 3,"Single Copy": false,"Plans": [{"Node Type": "Hash Join","Parent Relationship": "Outer","Parallel Aware": true,"Async Capable": false,"Join Type": "Inner","Startup Cost": 215528.94,"Total Cost": 295075.90,"Plan Rows": 153265,"Plan Width": 44,"Actual Startup Time": 10134.253,"Actual Total Time": 10314.794,"Actual Rows": 16,"Actual Loops": 4,"Inner Unique": true,"Hash Cond": "(orders.o_custkey = customer.c_custkey)","Workers": [],"Plans": [{"Node Type": "Nested Loop","Parent Relationship": "Outer","Parallel Aware": false,"Async Capable": false,"Join Type": "Inner","Startup Cost": 210537.69,"Total Cost": 289682.32,"Plan Rows": 153265,"Plan Width": 25,"Actual Startup Time": 10099.687,"Actual Total Time": 10280.153,"Actual Rows": 16,"Actual Loops": 4,"Inner Unique": false,"Workers": [],"Plans": [{"Node Type": "Hash Join","Parent Relationship": "Outer","Parallel Aware": false,"Async Capable": false,"Join Type": "Inner","Startup Cost": 210537.26,"Total Cost": 242741.13,"Plan Rows": 38308,"Plan Width": 24,"Actual Startup Time": 10099.575,"Actual Total Time": 10279.892,"Actual Rows": 2,"Actual Loops": 4,"Inner Unique": true,"Hash Cond": "(orders.o_orderkey = lineitem_1.l_orderkey)","Workers": [],"Plans": [{"Node Type": "Seq Scan","Parent Relationship": "Outer","Parallel Aware": true,"Async Capable": false,"Relation Name": "orders","Alias": "orders","Startup Cost": 0.00,"Total Cost": 30933.71,"Plan Rows": 483871,"Plan Width": 20,"Actual Startup Time": 0.011,"Actual Total Time": 51.627,"Actual Rows": 375000,"Actual Loops": 4,"Workers": []},{"Node Type": "Hash","Parent Relationship": "Inner","Parallel Aware": false,"Async Capable": false,"Startup Cost": 209052.81,"Total Cost": 209052.81,"Plan Rows": 118756,"Plan Width": 4,"Actual Startup Time": 10016.825,"Actual Total Time": 10016.839,"Actual Rows": 9,"Actual Loops": 4,"Hash Buckets": 131072,"Original Hash Buckets": 131072,"Hash Batches": 1,"Original Hash Batches": 1,"Peak Memory Usage": 1025,"Workers": [],"Plans": [{"Node Type": "Aggregate","Strategy": "Hashed","Partial Mode": "Simple","Parent Relationship": "Outer","Parallel Aware": false,"Async Capable": false,"Startup Cost": 202521.23,"Total Cost": 207865.25,"Plan Rows": 118756,"Plan Width": 4,"Actual Startup Time": 6319.140,"Actual Total Time": 10016.671,"Actual Rows": 9,"Actual Loops": 4,"Group Key": ["lineitem_1.l_orderkey"],"Filter": "(sum(lineitem_1.l_quantity) > '315'::numeric)","Planned Partitions": 0,"HashAgg Batches": 1,"Peak Memory Usage": 638993,"Disk Usage": 0,"Rows Removed by Filter": 1499991,"Workers": [{"Worker Number": 0,"HashAgg Batches": 1,"Peak Memory Usage": 638993,"Disk Usage": 0},{"Worker Number": 1,"HashAgg Batches": 1,"Peak Memory Usage": 638993,"Disk Usage": 0},{"Worker Number": 2,"HashAgg Batches": 1,"Peak Memory Usage": 638993,"Disk Usage": 0}],"Plans": [{"Node Type": "Seq Scan","Parent Relationship": "Outer","Parallel Aware": false,"Async Capable": false,"Relation Name": "lineitem","Alias": "lineitem_1","Startup Cost": 0.00,"Total Cost": 172515.15,"Plan Rows": 6001215,"Plan Width": 9,"Actual Startup Time": 0.018,"Actual Total Time": 971.843,"Actual Rows": 6001215,"Actual Loops": 4,"Workers": []}]}]}]},{"Node Type": "Index Scan","Parent Relationship": "Inner","Parallel Aware": false,"Async Capable": false,"Scan Direction": "Forward","Index Name": "idx_lineitem_orderkey","Relation Name": "lineitem","Alias": "lineitem","Startup Cost": 0.43,"Total Cost": 1.06,"Plan Rows": 17,"Plan Width": 9,"Actual Startup Time": 0.069,"Actual Total Time": 0.079,"Actual Rows": 7,"Actual Loops": 9,"Index Cond": "(l_orderkey = orders.o_orderkey)","Rows Removed by Index Recheck": 0,"Workers": []}]},{"Node Type": "Hash","Parent Relationship": "Inner","Parallel Aware": true,"Async Capable": false,"Startup Cost": 4210.00,"Total Cost": 4210.00,"Plan Rows": 62500,"Plan Width": 23,"Actual Startup Time": 33.677,"Actual Total Time": 33.684,"Actual Rows": 37500,"Actual Loops": 4,"Hash Buckets": 262144,"Original Hash Buckets": 262144,"Hash Batches": 1,"Original Hash Batches": 1,"Peak Memory Usage": 10368,"Workers": [],"Plans": [{"Node Type": "Seq Scan","Parent Relationship": "Outer","Parallel Aware": true,"Async Capable": false,"Relation Name": "customer","Alias": "customer","Startup Cost": 0.00,"Total Cost": 4210.00,"Plan Rows": 62500,"Plan Width": 23,"Actual Startup Time": 0.019,"Actual Total Time": 16.715,"Actual Rows": 37500,"Actual Loops": 4,"Workers": []}]}]}]}]}]},"Planning Time": 6.132,"Triggers": [],"Execution Time": 11002.531}]
[{"Plan": {"Node Type": "Sort","Parallel Aware": false,"Async Capable": false,"Startup Cost": 397889.21,"Total Cost": 399077.01,"Plan Rows": 475120,"Plan Width": 71,"Actual Startup Time": 10345.847,"Actual Total Time": 10377.998,"Actual Rows": 9,"Actual Loops": 1,"Sort Key": ["orders.o_totalprice DESC", "orders.o_orderdate"],"Sort Method": "quicksort","Sort Space Used": 25,"Sort Space Type": "Memory","Plans": [{"Node Type": "Aggregate","Strategy": "Hashed","Partial Mode": "Simple","Parent Relationship": "Outer","Parallel Aware": false,"Async Capable": false,"Startup Cost": 347151.30,"Total Cost": 353090.30,"Plan Rows": 475120,"Plan Width": 71,"Actual Startup Time": 10329.232,"Actual Total Time": 10377.856,"Actual Rows": 9,"Actual Loops": 1,"Group Key": ["customer.c_custkey", "orders.o_orderkey"],"Planned Partitions": 0,"HashAgg Batches": 1,"Peak Memory Usage": 24601,"Disk Usage": 0,"Plans": [{"Node Type": "Gather","Parent Relationship": "Outer","Parallel Aware": false,"Async Capable": false,"Startup Cost": 216528.94,"Total Cost": 343587.90,"Plan Rows": 475120,"Plan Width": 44,"Actual Startup Time": 10053.961,"Actual Total Time": 10357.615,"Actual Rows": 63,"Actual Loops": 1,"Workers Planned": 3,"Workers Launched": 3,"Single Copy": false,"Plans": [{"Node Type": "Hash Join","Parent Relationship": "Outer","Parallel Aware": true,"Async Capable": false,"Join Type": "Inner","Startup Cost": 215528.94,"Total Cost": 295075.90,"Plan Rows": 153265,"Plan Width": 44,"Actual Startup Time": 10157.696,"Actual Total Time": 10258.651,"Actual Rows": 16,"Actual Loops": 4,"Inner Unique": true,"Hash Cond": "(orders.o_custkey = customer.c_custkey)","Workers": [],"Plans": [{"Node Type": "Nested Loop","Parent Relationship": "Outer","Parallel Aware": false,"Async Capable": false,"Join Type": "Inner","Startup Cost": 210537.69,"Total Cost": 289682.32,"Plan Rows": 153265,"Plan Width": 25,"Actual Startup Time": 10123.332,"Actual Total Time": 10224.239,"Actual Rows": 16,"Actual Loops": 4,"Inner Unique": false,"Workers": [],"Plans": [{"Node Type": "Hash Join","Parent Relationship": "Outer","Parallel Aware": false,"Async Capable": false,"Join Type": "Inner","Startup Cost": 210537.26,"Total Cost": 242741.13,"Plan Rows": 38308,"Plan Width": 24,"Actual Startup Time": 10123.186,"Actual Total Time": 10223.998,"Actual Rows": 2,"Actual Loops": 4,"Inner Unique": true,"Hash Cond": "(orders.o_orderkey = lineitem_1.l_orderkey)","Workers": [],"Plans": [{"Node Type": "Seq Scan","Parent Relationship": "Outer","Parallel Aware": true,"Async Capable": false,"Relation Name": "orders","Alias": "orders","Startup Cost": 0.00,"Total Cost": 30933.71,"Plan Rows": 483871,"Plan Width": 20,"Actual Startup Time": 0.011,"Actual Total Time": 49.852,"Actual Rows": 375000,"Actual Loops": 4,"Workers": []},{"Node Type": "Hash","Parent Relationship": "Inner","Parallel Aware": false,"Async Capable": false,"Startup Cost": 209052.81,"Total Cost": 209052.81,"Plan Rows": 118756,"Plan Width": 4,"Actual Startup Time": 10005.666,"Actual Total Time": 10005.673,"Actual Rows": 9,"Actual Loops": 4,"Hash Buckets": 131072,"Original Hash Buckets": 131072,"Hash Batches": 1,"Original Hash Batches": 1,"Peak Memory Usage": 1025,"Workers": [],"Plans": [{"Node Type": "Aggregate","Strategy": "Hashed","Partial Mode": "Simple","Parent Relationship": "Outer","Parallel Aware": false,"Async Capable": false,"Startup Cost": 202521.23,"Total Cost": 207865.25,"Plan Rows": 118756,"Plan Width": 4,"Actual Startup Time": 6310.010,"Actual Total Time": 10005.543,"Actual Rows": 9,"Actual Loops": 4,"Group Key": ["lineitem_1.l_orderkey"],"Filter": "(sum(lineitem_1.l_quantity) > '313'::numeric)","Planned Partitions": 0,"HashAgg Batches": 1,"Peak Memory Usage": 638993,"Disk Usage": 0,"Rows Removed by Filter": 1499991,"Workers": [{"Worker Number": 0,"HashAgg Batches": 1,"Peak Memory Usage": 638993,"Disk Usage": 0},{"Worker Number": 1,"HashAgg Batches": 1,"Peak Memory Usage": 638993,"Disk Usage": 0},{"Worker Number": 2,"HashAgg Batches": 1,"Peak Memory Usage": 638993,"Disk Usage": 0}],"Plans": [{"Node Type": "Seq Scan","Parent Relationship": "Outer","Parallel Aware": false,"Async Capable": false,"Relation Name": "lineitem","Alias": "lineitem_1","Startup Cost": 0.00,"Total Cost": 172515.15,"Plan Rows": 6001215,"Plan Width": 9,"Actual Startup Time": 0.020,"Actual Total Time": 994.479,"Actual Rows": 6001215,"Actual Loops": 4,"Workers": []}]}]}]},{"Node Type": "Index Scan","Parent Relationship": "Inner","Parallel Aware": false,"Async Capable": false,"Scan Direction": "Forward","Index Name": "idx_lineitem_orderkey","Relation Name": "lineitem","Alias": "lineitem","Startup Cost": 0.43,"Total Cost": 1.06,"Plan Rows": 17,"Plan Width": 9,"Actual Startup Time": 0.068,"Actual Total Time": 0.075,"Actual Rows": 7,"Actual Loops": 9,"Index Cond": "(l_orderkey = orders.o_orderkey)","Rows Removed by Index Recheck": 0,"Workers": []}]},{"Node Type": "Hash","Parent Relationship": "Inner","Parallel Aware": true,"Async Capable": false,"Startup Cost": 4210.00,"Total Cost": 4210.00,"Plan Rows": 62500,"Plan Width": 23,"Actual Startup Time": 33.578,"Actual Total Time": 33.582,"Actual Rows": 37500,"Actual Loops": 4,"Hash Buckets": 262144,"Original Hash Buckets": 262144,"Hash Batches": 1,"Original Hash Batches": 1,"Peak Memory Usage": 10336,"Workers": [],"Plans": [{"Node Type": "Seq Scan","Parent Relationship": "Outer","Parallel Aware": true,"Async Capable": false,"Relation Name": "customer","Alias": "customer","Startup Cost": 0.00,"Total Cost": 4210.00,"Plan Rows": 62500,"Plan Width": 23,"Actual Startup Time": 0.023,"Actual Total Time": 16.777,"Actual Rows": 37500,"Actual Loops": 4,"Workers": []}]}]}]}]}]},"Planning Time": 6.662,"Triggers": [],"Execution Time": 10430.266}]
[{"Plan": {"Node Type": "Sort","Parallel Aware": false,"Async Capable": false,"Startup Cost": 397889.21,"Total Cost": 399077.01,"Plan Rows": 475120,"Plan Width": 71,"Actual Startup Time": 10345.847,"Actual Total Time": 10377.998,"Actual Rows": 9,"Actual Loops": 1,"Sort Key": ["orders.o_totalprice DESC", "orders.o_orderdate"],"Sort Method": "quicksort","Sort Space Used": 25,"Sort Space Type": "Memory","Plans": [{"Node Type": "Aggregate","Strategy": "Hashed","Partial Mode": "Simple","Parent Relationship": "Outer","Parallel Aware": false,"Async Capable": false,"Startup Cost": 347151.30,"Total Cost": 353090.30,"Plan Rows": 475120,"Plan Width": 71,"Actual Startup Time": 10329.232,"Actual Total Time": 10377.856,"Actual Rows": 9,"Actual Loops": 1,"Group Key": ["customer.c_custkey", "orders.o_orderkey"],"Planned Partitions": 0,"HashAgg Batches": 1,"Peak Memory Usage": 24601,"Disk Usage": 0,"Plans": [{"Node Type": "Gather","Parent Relationship": "Outer","Parallel Aware": false,"Async Capable": false,"Startup Cost": 216528.94,"Total Cost": 343587.90,"Plan Rows": 475120,"Plan Width": 44,"Actual Startup Time": 10053.961,"Actual Total Time": 10357.615,"Actual Rows": 63,"Actual Loops": 1,"Workers Planned": 3,"Workers Launched": 3,"Single Copy": false,"Plans": [{"Node Type": "Hash Join","Parent Relationship": "Outer","Parallel Aware": true,"Async Capable": false,"Join Type": "Inner","Startup Cost": 215528.94,"Total Cost": 295075.90,"Plan Rows": 153265,"Plan Width": 44,"Actual Startup Time": 10157.696,"Actual Total Time": 10258.651,"Actual Rows": 16,"Actual Loops": 4,"Inner Unique": true,"Hash Cond": "(orders.o_custkey = customer.c_custkey)","Workers": [],"Plans": [{"Node Type": "Nested Loop","Parent Relationship": "Outer","Parallel Aware": false,"Async Capable": false,"Join Type": "Inner","Startup Cost": 210537.69,"Total Cost": 289682.32,"Plan Rows": 153265,"Plan Width": 25,"Actual Startup Time": 10123.332,"Actual Total Time": 10224.239,"Actual Rows": 16,"Actual Loops": 4,"Inner Unique": false,"Workers": [],"Plans": [{"Node Type": "Hash Join","Parent Relationship": "Outer","Parallel Aware": false,"Async Capable": false,"Join Type": "Inner","Startup Cost": 210537.26,"Total Cost": 242741.13,"Plan Rows": 38308,"Plan Width": 24,"Actual Startup Time": 10123.186,"Actual Total Time": 10223.998,"Actual Rows": 2,"Actual Loops": 4,"Inner Unique": true,"Hash Cond": "(orders.o_orderkey = lineitem_1.l_orderkey)","Workers": [],"Plans": [{"Node Type": "Seq Scan","Parent Relationship": "Outer","Parallel Aware": true,"Async Capable": false,"Relation Name": "orders","Alias": "orders","Startup Cost": 0.00,"Total Cost": 30933.71,"Plan Rows": 483871,"Plan Width": 20,"Actual Startup Time": 0.011,"Actual Total Time": 49.852,"Actual Rows": 375000,"Actual Loops": 4,"Workers": []},{"Node Type": "Hash","Parent Relationship": "Inner","Parallel Aware": false,"Async Capable": false,"Startup Cost": 209052.81,"Total Cost": 209052.81,"Plan Rows": 118756,"Plan Width": 4,"Actual Startup Time": 10005.666,"Actual Total Time": 10005.673,"Actual Rows": 9,"Actual Loops": 4,"Hash Buckets": 131072,"Original Hash Buckets": 131072,"Hash Batches": 1,"Original Hash Batches": 1,"Peak Memory Usage": 1025,"Workers": [],"Plans": [{"Node Type": "Aggregate","Strategy": "Hashed","Partial Mode": "Simple","Parent Relationship": "Outer","Parallel Aware": false,"Async Capable": false,"Startup Cost": 202521.23,"Total Cost": 207865.25,"Plan Rows": 118756,"Plan Width": 4,"Actual Startup Time": 6310.010,"Actual Total Time": 10005.543,"Actual Rows": 9,"Actual Loops": 4,"Group Key": ["lineitem_1.l_orderkey"],"Filter": "(sum(lineitem_1.l_quantity) > '313'::numeric)","Planned Partitions": 0,"HashAgg Batches": 1,"Peak Memory Usage": 638993,"Disk Usage": 0,"Rows Removed by Filter": 1499991,"Workers": [{"Worker Number": 0,"HashAgg Batches": 1,"Peak Memory Usage": 638993,"Disk Usage": 0},{"Worker Number": 1,"HashAgg Batches": 1,"Peak Memory Usage": 638993,"Disk Usage": 0},{"Worker Number": 2,"HashAgg Batches": 1,"Peak Memory Usage": 638993,"Disk Usage": 0}],"Plans": [{"Node Type": "Seq Scan","Parent Relationship": "Outer","Parallel Aware": false,"Async Capable": false,"Relation Name": "lineitem","Alias": "lineitem_1","Startup Cost": 0.00,"Total Cost": 172515.15,"Plan Rows": 6001215,"Plan Width": 9,"Actual Startup Time": 0.020,"Actual Total Time": 994.479,"Actual Rows": 6001215,"Actual Loops": 4,"Workers": []}]}]}]},{"Node Type": "Index Scan","Parent Relationship": "Inner","Parallel Aware": false,"Async Capable": false,"Scan Direction": "Forward","Index Name": "idx_lineitem_orderkey","Relation Name": "lineitem","Alias": "lineitem","Startup Cost": 0.43,"Total Cost": 1.06,"Plan Rows": 17,"Plan Width": 9,"Actual Startup Time": 0.068,"Actual Total Time": 0.075,"Actual Rows": 7,"Actual Loops": 9,"Index Cond": "(l_orderkey = orders.o_orderkey)","Rows Removed by Index Recheck": 0,"Workers": []}]},{"Node Type": "Hash","Parent Relationship": "Inner","Parallel Aware": true,"Async Capable": false,"Startup Cost": 4210.00,"Total Cost": 4210.00,"Plan Rows": 62500,"Plan Width": 23,"Actual Startup Time": 33.578,"Actual Total Time": 33.582,"Actual Rows": 37500,"Actual Loops": 4,"Hash Buckets": 262144,"Original Hash Buckets": 262144,"Hash Batches": 1,"Original Hash Batches": 1,"Peak Memory Usage": 10336,"Workers": [],"Plans": [{"Node Type": "Seq Scan","Parent Relationship": "Outer","Parallel Aware": true,"Async Capable": false,"Relation Name": "customer","Alias": "customer","Startup Cost": 0.00,"Total Cost": 4210.00,"Plan Rows": 62500,"Plan Width": 23,"Actual Startup Time": 0.023,"Actual Total Time": 16.777,"Actual Rows": 37500,"Actual Loops": 4,"Workers": []}]}]}]}]}]},"Planning Time": 6.662,"Triggers": [],"Execution Time": 10430.266}]
[{"Plan": {"Node Type": "Sort","Parallel Aware": false,"Async Capable": false,"Startup Cost": 397889.21,"Total Cost": 399077.01,"Plan Rows": 475120,"Plan Width": 71,"Actual Startup Time": 10950.105,"Actual Total Time": 10953.954,"Actual Rows": 9,"Actual Loops": 1,"Sort Key": ["orders.o_totalprice DESC", "orders.o_orderdate"],"Sort Method": "quicksort","Sort Space Used": 25,"Sort Space Type": "Memory","Plans": [{"Node Type": "Aggregate","Strategy": "Hashed","Partial Mode": "Simple","Parent Relationship": "Outer","Parallel Aware": false,"Async Capable": false,"Startup Cost": 347151.30,"Total Cost": 353090.30,"Plan Rows": 475120,"Plan Width": 71,"Actual Startup Time": 10902.471,"Actual Total Time": 10953.715,"Actual Rows": 9,"Actual Loops": 1,"Group Key": ["customer.c_custkey", "orders.o_orderkey"],"Planned Partitions": 0,"HashAgg Batches": 1,"Peak Memory Usage": 24601,"Disk Usage": 0,"Plans": [{"Node Type": "Gather","Parent Relationship": "Outer","Parallel Aware": false,"Async Capable": false,"Startup Cost": 216528.94,"Total Cost": 343587.90,"Plan Rows": 475120,"Plan Width": 44,"Actual Startup Time": 10893.800,"Actual Total Time": 10897.693,"Actual Rows": 63,"Actual Loops": 1,"Workers Planned": 3,"Workers Launched": 3,"Single Copy": false,"Plans": [{"Node Type": "Hash Join","Parent Relationship": "Outer","Parallel Aware": true,"Async Capable": false,"Join Type": "Inner","Startup Cost": 215528.94,"Total Cost": 295075.90,"Plan Rows": 153265,"Plan Width": 44,"Actual Startup Time": 10134.253,"Actual Total Time": 10314.794,"Actual Rows": 16,"Actual Loops": 4,"Inner Unique": true,"Hash Cond": "(orders.o_custkey = customer.c_custkey)","Workers": [],"Plans": [{"Node Type": "Nested Loop","Parent Relationship": "Outer","Parallel Aware": false,"Async Capable": false,"Join Type": "Inner","Startup Cost": 210537.69,"Total Cost": 289682.32,"Plan Rows": 153265,"Plan Width": 25,"Actual Startup Time": 10099.687,"Actual Total Time": 10280.153,"Actual Rows": 16,"Actual Loops": 4,"Inner Unique": false,"Workers": [],"Plans": [{"Node Type": "Hash Join","Parent Relationship": "Outer","Parallel Aware": false,"Async Capable": false,"Join Type": "Inner","Startup Cost": 210537.26,"Total Cost": 242741.13,"Plan Rows": 38308,"Plan Width": 24,"Actual Startup Time": 10099.575,"Actual Total Time": 10279.892,"Actual Rows": 2,"Actual Loops": 4,"Inner Unique": true,"Hash Cond": "(orders.o_orderkey = lineitem_1.l_orderkey)","Workers": [],"Plans": [{"Node Type": "Seq Scan","Parent Relationship": "Outer","Parallel Aware": true,"Async Capable": false,"Relation Name": "orders","Alias": "orders","Startup Cost": 0.00,"Total Cost": 30933.71,"Plan Rows": 483871,"Plan Width": 20,"Actual Startup Time": 0.011,"Actual Total Time": 51.627,"Actual Rows": 375000,"Actual Loops": 4,"Workers": []},{"Node Type": "Hash","Parent Relationship": "Inner","Parallel Aware": false,"Async Capable": false,"Startup Cost": 209052.81,"Total Cost": 209052.81,"Plan Rows": 118756,"Plan Width": 4,"Actual Startup Time": 10016.825,"Actual Total Time": 10016.839,"Actual Rows": 9,"Actual Loops": 4,"Hash Buckets": 131072,"Original Hash Buckets": 131072,"Hash Batches": 1,"Original Hash Batches": 1,"Peak Memory Usage": 1025,"Workers": [],"Plans": [{"Node Type": "Aggregate","Strategy": "Hashed","Partial Mode": "Simple","Parent Relationship": "Outer","Parallel Aware": false,"Async Capable": false,"Startup Cost": 202521.23,"Total Cost": 207865.25,"Plan Rows": 118756,"Plan Width": 4,"Actual Startup Time": 6319.140,"Actual Total Time": 10016.671,"Actual Rows": 9,"Actual Loops": 4,"Group Key": ["lineitem_1.l_orderkey"],"Filter": "(sum(lineitem_1.l_quantity) > '315'::numeric)","Planned Partitions": 0,"HashAgg Batches": 1,"Peak Memory Usage": 638993,"Disk Usage": 0,"Rows Removed by Filter": 1499991,"Workers": [{"Worker Number": 0,"HashAgg Batches": 1,"Peak Memory Usage": 638993,"Disk Usage": 0},{"Worker Number": 1,"HashAgg Batches": 1,"Peak Memory Usage": 638993,"Disk Usage": 0},{"Worker Number": 2,"HashAgg Batches": 1,"Peak Memory Usage": 638993,"Disk Usage": 0}],"Plans": [{"Node Type": "Seq Scan","Parent Relationship": "Outer","Parallel Aware": false,"Async Capable": false,"Relation Name": "lineitem","Alias": "lineitem_1","Startup Cost": 0.00,"Total Cost": 172515.15,"Plan Rows": 6001215,"Plan Width": 9,"Actual Startup Time": 0.018,"Actual Total Time": 971.843,"Actual Rows": 6001215,"Actual Loops": 4,"Workers": []}]}]}]},{"Node Type": "Index Scan","Parent Relationship": "Inner","Parallel Aware": false,"Async Capable": false,"Scan Direction": "Forward","Index Name": "idx_lineitem_orderkey","Relation Name": "lineitem","Alias": "lineitem","Startup Cost": 0.43,"Total Cost": 1.06,"Plan Rows": 17,"Plan Width": 9,"Actual Startup Time": 0.069,"Actual Total Time": 0.079,"Actual Rows": 7,"Actual Loops": 9,"Index Cond": "(l_orderkey = orders.o_orderkey)","Rows Removed by Index Recheck": 0,"Workers": []}]},{"Node Type": "Hash","Parent Relationship": "Inner","Parallel Aware": true,"Async Capable": false,"Startup Cost": 4210.00,"Total Cost": 4210.00,"Plan Rows": 62500,"Plan Width": 23,"Actual Startup Time": 33.677,"Actual Total Time": 33.684,"Actual Rows": 37500,"Actual Loops": 4,"Hash Buckets": 262144,"Original Hash Buckets": 262144,"Hash Batches": 1,"Original Hash Batches": 1,"Peak Memory Usage": 10368,"Workers": [],"Plans": [{"Node Type": "Seq Scan","Parent Relationship": "Outer","Parallel Aware": true,"Async Capable": false,"Relation Name": "customer","Alias": "customer","Startup Cost": 0.00,"Total Cost": 4210.00,"Plan Rows": 62500,"Plan Width": 23,"Actual Startup Time": 0.019,"Actual Total Time": 16.715,"Actual Rows": 37500,"Actual Loops": 4,"Workers": []}]}]}]}]}]},"Planning Time": 6.132,"Triggers": [],"Execution Time": 11002.531}]
[{"Plan": {"Node Type": "Sort","Parallel Aware": false,"Async Capable": false,"Startup Cost": 397889.21,"Total Cost": 399077.01,"Plan Rows": 475120,"Plan Width": 71,"Actual Startup Time": 10345.847,"Actual Total Time": 10377.998,"Actual Rows": 9,"Actual Loops": 1,"Sort Key": ["orders.o_totalprice DESC", "orders.o_orderdate"],"Sort Method": "quicksort","Sort Space Used": 25,"Sort Space Type": "Memory","Plans": [{"Node Type": "Aggregate","Strategy": "Hashed","Partial Mode": "Simple","Parent Relationship": "Outer","Parallel Aware": false,"Async Capable": false,"Startup Cost": 347151.30,"Total Cost": 353090.30,"Plan Rows": 475120,"Plan Width": 71,"Actual Startup Time": 10329.232,"Actual Total Time": 10377.856,"Actual Rows": 9,"Actual Loops": 1,"Group Key": ["customer.c_custkey", "orders.o_orderkey"],"Planned Partitions": 0,"HashAgg Batches": 1,"Peak Memory Usage": 24601,"Disk Usage": 0,"Plans": [{"Node Type": "Gather","Parent Relationship": "Outer","Parallel Aware": false,"Async Capable": false,"Startup Cost": 216528.94,"Total Cost": 343587.90,"Plan Rows": 475120,"Plan Width": 44,"Actual Startup Time": 10053.961,"Actual Total Time": 10357.615,"Actual Rows": 63,"Actual Loops": 1,"Workers Planned": 3,"Workers Launched": 3,"Single Copy": false,"Plans": [{"Node Type": "Hash Join","Parent Relationship": "Outer","Parallel Aware": true,"Async Capable": false,"Join Type": "Inner","Startup Cost": 215528.94,"Total Cost": 295075.90,"Plan Rows": 153265,"Plan Width": 44,"Actual Startup Time": 10157.696,"Actual Total Time": 10258.651,"Actual Rows": 16,"Actual Loops": 4,"Inner Unique": true,"Hash Cond": "(orders.o_custkey = customer.c_custkey)","Workers": [],"Plans": [{"Node Type": "Nested Loop","Parent Relationship": "Outer","Parallel Aware": false,"Async Capable": false,"Join Type": "Inner","Startup Cost": 210537.69,"Total Cost": 289682.32,"Plan Rows": 153265,"Plan Width": 25,"Actual Startup Time": 10123.332,"Actual Total Time": 10224.239,"Actual Rows": 16,"Actual Loops": 4,"Inner Unique": false,"Workers": [],"Plans": [{"Node Type": "Hash Join","Parent Relationship": "Outer","Parallel Aware": false,"Async Capable": false,"Join Type": "Inner","Startup Cost": 210537.26,"Total Cost": 242741.13,"Plan Rows": 38308,"Plan Width": 24,"Actual Startup Time": 10123.186,"Actual Total Time": 10223.998,"Actual Rows": 2,"Actual Loops": 4,"Inner Unique": true,"Hash Cond": "(orders.o_orderkey = lineitem_1.l_orderkey)","Workers": [],"Plans": [{"Node Type": "Seq Scan","Parent Relationship": "Outer","Parallel Aware": true,"Async Capable": false,"Relation Name": "orders","Alias": "orders","Startup Cost": 0.00,"Total Cost": 30933.71,"Plan Rows": 483871,"Plan Width": 20,"Actual Startup Time": 0.011,"Actual Total Time": 49.852,"Actual Rows": 375000,"Actual Loops": 4,"Workers": []},{"Node Type": "Hash","Parent Relationship": "Inner","Parallel Aware": false,"Async Capable": false,"Startup Cost": 209052.81,"Total Cost": 209052.81,"Plan Rows": 118756,"Plan Width": 4,"Actual Startup Time": 10005.666,"Actual Total Time": 10005.673,"Actual Rows": 9,"Actual Loops": 4,"Hash Buckets": 131072,"Original Hash Buckets": 131072,"Hash Batches": 1,"Original Hash Batches": 1,"Peak Memory Usage": 1025,"Workers": [],"Plans": [{"Node Type": "Aggregate","Strategy": "Hashed","Partial Mode": "Simple","Parent Relationship": "Outer","Parallel Aware": false,"Async Capable": false,"Startup Cost": 202521.23,"Total Cost": 207865.25,"Plan Rows": 118756,"Plan Width": 4,"Actual Startup Time": 6310.010,"Actual Total Time": 10005.543,"Actual Rows": 9,"Actual Loops": 4,"Group Key": ["lineitem_1.l_orderkey"],"Filter": "(sum(lineitem_1.l_quantity) > '313'::numeric)","Planned Partitions": 0,"HashAgg Batches": 1,"Peak Memory Usage": 638993,"Disk Usage": 0,"Rows Removed by Filter": 1499991,"Workers": [{"Worker Number": 0,"HashAgg Batches": 1,"Peak Memory Usage": 638993,"Disk Usage": 0},{"Worker Number": 1,"HashAgg Batches": 1,"Peak Memory Usage": 638993,"Disk Usage": 0},{"Worker Number": 2,"HashAgg Batches": 1,"Peak Memory Usage": 638993,"Disk Usage": 0}],"Plans": [{"Node Type": "Seq Scan","Parent Relationship": "Outer","Parallel Aware": false,"Async Capable": false,"Relation Name": "lineitem","Alias": "lineitem_1","Startup Cost": 0.00,"Total Cost": 172515.15,"Plan Rows": 6001215,"Plan Width": 9,"Actual Startup Time": 0.020,"Actual Total Time": 994.479,"Actual Rows": 6001215,"Actual Loops": 4,"Workers": []}]}]}]},{"Node Type": "Index Scan","Parent Relationship": "Inner","Parallel Aware": false,"Async Capable": false,"Scan Direction": "Forward","Index Name": "idx_lineitem_orderkey","Relation Name": "lineitem","Alias": "lineitem","Startup Cost": 0.43,"Total Cost": 1.06,"Plan Rows": 17,"Plan Width": 9,"Actual Startup Time": 0.068,"Actual Total Time": 0.075,"Actual Rows": 7,"Actual Loops": 9,"Index Cond": "(l_orderkey = orders.o_orderkey)","Rows Removed by Index Recheck": 0,"Workers": []}]},{"Node Type": "Hash","Parent Relationship": "Inner","Parallel Aware": true,"Async Capable": false,"Startup Cost": 4210.00,"Total Cost": 4210.00,"Plan Rows": 62500,"Plan Width": 23,"Actual Startup Time": 33.578,"Actual Total Time": 33.582,"Actual Rows": 37500,"Actual Loops": 4,"Hash Buckets": 262144,"Original Hash Buckets": 262144,"Hash Batches": 1,"Original Hash Batches": 1,"Peak Memory Usage": 10336,"Workers": [],"Plans": [{"Node Type": "Seq Scan","Parent Relationship": "Outer","Parallel Aware": true,"Async Capable": false,"Relation Name": "customer","Alias": "customer","Startup Cost": 0.00,"Total Cost": 4210.00,"Plan Rows": 62500,"Plan Width": 23,"Actual Startup Time": 0.023,"Actual Total Time": 16.777,"Actual Rows": 37500,"Actual Loops": 4,"Workers": []}]}]}]}]}]},"Planning Time": 6.662,"Triggers": [],"Execution Time": 10430.266}]
[{"Plan": {"Node Type": "Sort","Parallel Aware": false,"Async Capable": false,"Startup Cost": 397889.21,"Total Cost": 399077.01,"Plan Rows": 475120,"Plan Width": 71,"Actual Startup Time": 10950.105,"Actual Total Time": 10953.954,"Actual Rows": 9,"Actual Loops": 1,"Sort Key": ["orders.o_totalprice DESC", "orders.o_orderdate"],"Sort Method": "quicksort","Sort Space Used": 25,"Sort Space Type": "Memory","Plans": [{"Node Type": "Aggregate","Strategy": "Hashed","Partial Mode": "Simple","Parent Relationship": "Outer","Parallel Aware": false,"Async Capable": false,"Startup Cost": 347151.30,"Total Cost": 353090.30,"Plan Rows": 475120,"Plan Width": 71,"Actual Startup Time": 10902.471,"Actual Total Time": 10953.715,"Actual Rows": 9,"Actual Loops": 1,"Group Key": ["customer.c_custkey", "orders.o_orderkey"],"Planned Partitions": 0,"HashAgg Batches": 1,"Peak Memory Usage": 24601,"Disk Usage": 0,"Plans": [{"Node Type": "Gather","Parent Relationship": "Outer","Parallel Aware": false,"Async Capable": false,"Startup Cost": 216528.94,"Total Cost": 343587.90,"Plan Rows": 475120,"Plan Width": 44,"Actual Startup Time": 10893.800,"Actual Total Time": 10897.693,"Actual Rows": 63,"Actual Loops": 1,"Workers Planned": 3,"Workers Launched": 3,"Single Copy": false,"Plans": [{"Node Type": "Hash Join","Parent Relationship": "Outer","Parallel Aware": true,"Async Capable": false,"Join Type": "Inner","Startup Cost": 215528.94,"Total Cost": 295075.90,"Plan Rows": 153265,"Plan Width": 44,"Actual Startup Time": 10134.253,"Actual Total Time": 10314.794,"Actual Rows": 16,"Actual Loops": 4,"Inner Unique": true,"Hash Cond": "(orders.o_custkey = customer.c_custkey)","Workers": [],"Plans": [{"Node Type": "Nested Loop","Parent Relationship": "Outer","Parallel Aware": false,"Async Capable": false,"Join Type": "Inner","Startup Cost": 210537.69,"Total Cost": 289682.32,"Plan Rows": 153265,"Plan Width": 25,"Actual Startup Time": 10099.687,"Actual Total Time": 10280.153,"Actual Rows": 16,"Actual Loops": 4,"Inner Unique": false,"Workers": [],"Plans": [{"Node Type": "Hash Join","Parent Relationship": "Outer","Parallel Aware": false,"Async Capable": false,"Join Type": "Inner","Startup Cost": 210537.26,"Total Cost": 242741.13,"Plan Rows": 38308,"Plan Width": 24,"Actual Startup Time": 10099.575,"Actual Total Time": 10279.892,"Actual Rows": 2,"Actual Loops": 4,"Inner Unique": true,"Hash Cond": "(orders.o_orderkey = lineitem_1.l_orderkey)","Workers": [],"Plans": [{"Node Type": "Seq Scan","Parent Relationship": "Outer","Parallel Aware": true,"Async Capable": false,"Relation Name": "orders","Alias": "orders","Startup Cost": 0.00,"Total Cost": 30933.71,"Plan Rows": 483871,"Plan Width": 20,"Actual Startup Time": 0.011,"Actual Total Time": 51.627,"Actual Rows": 375000,"Actual Loops": 4,"Workers": []},{"Node Type": "Hash","Parent Relationship": "Inner","Parallel Aware": false,"Async Capable": false,"Startup Cost": 209052.81,"Total Cost": 209052.81,"Plan Rows": 118756,"Plan Width": 4,"Actual Startup Time": 10016.825,"Actual Total Time": 10016.839,"Actual Rows": 9,"Actual Loops": 4,"Hash Buckets": 131072,"Original Hash Buckets": 131072,"Hash Batches": 1,"Original Hash Batches": 1,"Peak Memory Usage": 1025,"Workers": [],"Plans": [{"Node Type": "Aggregate","Strategy": "Hashed","Partial Mode": "Simple","Parent Relationship": "Outer","Parallel Aware": false,"Async Capable": false,"Startup Cost": 202521.23,"Total Cost": 207865.25,"Plan Rows": 118756,"Plan Width": 4,"Actual Startup Time": 6319.140,"Actual Total Time": 10016.671,"Actual Rows": 9,"Actual Loops": 4,"Group Key": ["lineitem_1.l_orderkey"],"Filter": "(sum(lineitem_1.l_quantity) > '315'::numeric)","Planned Partitions": 0,"HashAgg Batches": 1,"Peak Memory Usage": 638993,"Disk Usage": 0,"Rows Removed by Filter": 1499991,"Workers": [{"Worker Number": 0,"HashAgg Batches": 1,"Peak Memory Usage": 638993,"Disk Usage": 0},{"Worker Number": 1,"HashAgg Batches": 1,"Peak Memory Usage": 638993,"Disk Usage": 0},{"Worker Number": 2,"HashAgg Batches": 1,"Peak Memory Usage": 638993,"Disk Usage": 0}],"Plans": [{"Node Type": "Seq Scan","Parent Relationship": "Outer","Parallel Aware": false,"Async Capable": false,"Relation Name": "lineitem","Alias": "lineitem_1","Startup Cost": 0.00,"Total Cost": 172515.15,"Plan Rows": 6001215,"Plan Width": 9,"Actual Startup Time": 0.018,"Actual Total Time": 971.843,"Actual Rows": 6001215,"Actual Loops": 4,"Workers": []}]}]}]},{"Node Type": "Index Scan","Parent Relationship": "Inner","Parallel Aware": false,"Async Capable": false,"Scan Direction": "Forward","Index Name": "idx_lineitem_orderkey","Relation Name": "lineitem","Alias": "lineitem","Startup Cost": 0.43,"Total Cost": 1.06,"Plan Rows": 17,"Plan Width": 9,"Actual Startup Time": 0.069,"Actual Total Time": 0.079,"Actual Rows": 7,"Actual Loops": 9,"Index Cond": "(l_orderkey = orders.o_orderkey)","Rows Removed by Index Recheck": 0,"Workers": []}]},{"Node Type": "Hash","Parent Relationship": "Inner","Parallel Aware": true,"Async Capable": false,"Startup Cost": 4210.00,"Total Cost": 4210.00,"Plan Rows": 62500,"Plan Width": 23,"Actual Startup Time": 33.677,"Actual Total Time": 33.684,"Actual Rows": 37500,"Actual Loops": 4,"Hash Buckets": 262144,"Original Hash Buckets": 262144,"Hash Batches": 1,"Original Hash Batches": 1,"Peak Memory Usage": 10368,"Workers": [],"Plans": [{"Node Type": "Seq Scan","Parent Relationship": "Outer","Parallel Aware": true,"Async Capable": false,"Relation Name": "customer","Alias": "customer","Startup Cost": 0.00,"Total Cost": 4210.00,"Plan Rows": 62500,"Plan Width": 23,"Actual Startup Time": 0.019,"Actual Total Time": 16.715,"Actual Rows": 37500,"Actual Loops": 4,"Workers": []}]}]}]}]}]},"Planning Time": 6.132,"Triggers": [],"Execution Time": 11002.531}]
[{"Plan": {"Node Type": "Sort","Parallel Aware": false,"Async Capable": false,"Startup Cost": 397889.21,"Total Cost": 399077.01,"Plan Rows": 475120,"Plan Width": 71,"Actual Startup Time": 10785.011,"Actual Total Time": 10839.032,"Actual Rows": 9,"Actual Loops": 1,"Sort Key": ["orders.o_totalprice DESC", "orders.o_orderdate"],"Sort Method": "quicksort","Sort Space Used": 25,"Sort Space Type": "Memory","Plans": [{"Node Type": "Aggregate","Strategy": "Hashed","Partial Mode": "Simple","Parent Relationship": "Outer","Parallel Aware": false,"Async Capable": false,"Startup Cost": 347151.30,"Total Cost": 353090.30,"Plan Rows": 475120,"Plan Width": 71,"Actual Startup Time": 10763.855,"Actual Total Time": 10838.848,"Actual Rows": 9,"Actual Loops": 1,"Group Key": ["customer.c_custkey", "orders.o_orderkey"],"Planned Partitions": 0,"HashAgg Batches": 1,"Peak Memory Usage": 24601,"Disk Usage": 0,"Plans": [{"Node Type": "Gather","Parent Relationship": "Outer","Parallel Aware": false,"Async Capable": false,"Startup Cost": 216528.94,"Total Cost": 343587.90,"Plan Rows": 475120,"Plan Width": 44,"Actual Startup Time": 9674.071,"Actual Total Time": 10813.470,"Actual Rows": 63,"Actual Loops": 1,"Workers Planned": 3,"Workers Launched": 3,"Single Copy": false,"Plans": [{"Node Type": "Hash Join","Parent Relationship": "Outer","Parallel Aware": true,"Async Capable": false,"Join Type": "Inner","Startup Cost": 215528.94,"Total Cost": 295075.90,"Plan Rows": 153265,"Plan Width": 44,"Actual Startup Time": 10141.072,"Actual Total Time": 10312.965,"Actual Rows": 16,"Actual Loops": 4,"Inner Unique": true,"Hash Cond": "(orders.o_custkey = customer.c_custkey)","Workers": [],"Plans": [{"Node Type": "Nested Loop","Parent Relationship": "Outer","Parallel Aware": false,"Async Capable": false,"Join Type": "Inner","Startup Cost": 210537.69,"Total Cost": 289682.32,"Plan Rows": 153265,"Plan Width": 25,"Actual Startup Time": 10104.129,"Actual Total Time": 10275.947,"Actual Rows": 16,"Actual Loops": 4,"Inner Unique": false,"Workers": [],"Plans": [{"Node Type": "Hash Join","Parent Relationship": "Outer","Parallel Aware": false,"Async Capable": false,"Join Type": "Inner","Startup Cost": 210537.26,"Total Cost": 242741.13,"Plan Rows": 38308,"Plan Width": 24,"Actual Startup Time": 10104.052,"Actual Total Time": 10275.739,"Actual Rows": 2,"Actual Loops": 4,"Inner Unique": true,"Hash Cond": "(orders.o_orderkey = lineitem_1.l_orderkey)","Workers": [],"Plans": [{"Node Type": "Seq Scan","Parent Relationship": "Outer","Parallel Aware": true,"Async Capable": false,"Relation Name": "orders","Alias": "orders","Startup Cost": 0.00,"Total Cost": 30933.71,"Plan Rows": 483871,"Plan Width": 20,"Actual Startup Time": 0.007,"Actual Total Time": 53.689,"Actual Rows": 375000,"Actual Loops": 4,"Workers": []},{"Node Type": "Hash","Parent Relationship": "Inner","Parallel Aware": false,"Async Capable": false,"Startup Cost": 209052.81,"Total Cost": 209052.81,"Plan Rows": 118756,"Plan Width": 4,"Actual Startup Time": 10025.157,"Actual Total Time": 10025.166,"Actual Rows": 9,"Actual Loops": 4,"Hash Buckets": 131072,"Original Hash Buckets": 131072,"Hash Batches": 1,"Original Hash Batches": 1,"Peak Memory Usage": 1025,"Workers": [],"Plans": [{"Node Type": "Aggregate","Strategy": "Hashed","Partial Mode": "Simple","Parent Relationship": "Outer","Parallel Aware": false,"Async Capable": false,"Startup Cost": 202521.23,"Total Cost": 207865.25,"Plan Rows": 118756,"Plan Width": 4,"Actual Startup Time": 6285.839,"Actual Total Time": 10024.981,"Actual Rows": 9,"Actual Loops": 4,"Group Key": ["lineitem_1.l_orderkey"],"Filter": "(sum(lineitem_1.l_quantity) > '314'::numeric)","Planned Partitions": 0,"HashAgg Batches": 1,"Peak Memory Usage": 638993,"Disk Usage": 0,"Rows Removed by Filter": 1499991,"Workers": [{"Worker Number": 0,"HashAgg Batches": 1,"Peak Memory Usage": 638993,"Disk Usage": 0},{"Worker Number": 1,"HashAgg Batches": 1,"Peak Memory Usage": 638993,"Disk Usage": 0},{"Worker Number": 2,"HashAgg Batches": 1,"Peak Memory Usage": 638993,"Disk Usage": 0}],"Plans": [{"Node Type": "Seq Scan","Parent Relationship": "Outer","Parallel Aware": false,"Async Capable": false,"Relation Name": "lineitem","Alias": "lineitem_1","Startup Cost": 0.00,"Total Cost": 172515.15,"Plan Rows": 6001215,"Plan Width": 9,"Actual Startup Time": 0.019,"Actual Total Time": 931.752,"Actual Rows": 6001215,"Actual Loops": 4,"Workers": []}]}]}]},{"Node Type": "Index Scan","Parent Relationship": "Inner","Parallel Aware": false,"Async Capable": false,"Scan Direction": "Forward","Index Name": "idx_lineitem_orderkey","Relation Name": "lineitem","Alias": "lineitem","Startup Cost": 0.43,"Total Cost": 1.06,"Plan Rows": 17,"Plan Width": 9,"Actual Startup Time": 0.055,"Actual Total Time": 0.062,"Actual Rows": 7,"Actual Loops": 9,"Index Cond": "(l_orderkey = orders.o_orderkey)","Rows Removed by Index Recheck": 0,"Workers": []}]},{"Node Type": "Hash","Parent Relationship": "Inner","Parallel Aware": true,"Async Capable": false,"Startup Cost": 4210.00,"Total Cost": 4210.00,"Plan Rows": 62500,"Plan Width": 23,"Actual Startup Time": 36.172,"Actual Total Time": 36.190,"Actual Rows": 37500,"Actual Loops": 4,"Hash Buckets": 262144,"Original Hash Buckets": 262144,"Hash Batches": 1,"Original Hash Batches": 1,"Peak Memory Usage": 10336,"Workers": [],"Plans": [{"Node Type": "Seq Scan","Parent Relationship": "Outer","Parallel Aware": true,"Async Capable": false,"Relation Name": "customer","Alias": "customer","Startup Cost": 0.00,"Total Cost": 4210.00,"Plan Rows": 62500,"Plan Width": 23,"Actual Startup Time": 0.024,"Actual Total Time": 17.933,"Actual Rows": 37500,"Actual Loops": 4,"Workers": []}]}]}]}]}]},"Planning Time": 6.881,"Triggers": [],"Execution Time": 10893.482}]
[{"Plan": {"Node Type": "Sort","Parallel Aware": false,"Async Capable": false,"Startup Cost": 397889.21,"Total Cost": 399077.01,"Plan Rows": 475120,"Plan Width": 71,"Actual Startup Time": 10887.509,"Actual Total Time": 10908.132,"Actual Rows": 10,"Actual Loops": 1,"Sort Key": ["orders.o_totalprice DESC", "orders.o_orderdate"],"Sort Method": "quicksort","Sort Space Used": 25,"Sort Space Type": "Memory","Plans": [{"Node Type": "Aggregate","Strategy": "Hashed","Partial Mode": "Simple","Parent Relationship": "Outer","Parallel Aware": false,"Async Capable": false,"Startup Cost": 347151.30,"Total Cost": 353090.30,"Plan Rows": 475120,"Plan Width": 71,"Actual Startup Time": 10848.812,"Actual Total Time": 10907.941,"Actual Rows": 10,"Actual Loops": 1,"Group Key": ["customer.c_custkey", "orders.o_orderkey"],"Planned Partitions": 0,"HashAgg Batches": 1,"Peak Memory Usage": 24601,"Disk Usage": 0,"Plans": [{"Node Type": "Gather","Parent Relationship": "Outer","Parallel Aware": false,"Async Capable": false,"Startup Cost": 216528.94,"Total Cost": 343587.90,"Plan Rows": 475120,"Plan Width": 44,"Actual Startup Time": 10782.037,"Actual Total Time": 10858.151,"Actual Rows": 70,"Actual Loops": 1,"Workers Planned": 3,"Workers Launched": 3,"Single Copy": false,"Plans": [{"Node Type": "Hash Join","Parent Relationship": "Outer","Parallel Aware": true,"Async Capable": false,"Join Type": "Inner","Startup Cost": 215528.94,"Total Cost": 295075.90,"Plan Rows": 153265,"Plan Width": 44,"Actual Startup Time": 10180.765,"Actual Total Time": 10348.312,"Actual Rows": 18,"Actual Loops": 4,"Inner Unique": true,"Hash Cond": "(orders.o_custkey = customer.c_custkey)","Workers": [],"Plans": [{"Node Type": "Nested Loop","Parent Relationship": "Outer","Parallel Aware": false,"Async Capable": false,"Join Type": "Inner","Startup Cost": 210537.69,"Total Cost": 289682.32,"Plan Rows": 153265,"Plan Width": 25,"Actual Startup Time": 10142.809,"Actual Total Time": 10310.270,"Actual Rows": 18,"Actual Loops": 4,"Inner Unique": false,"Workers": [],"Plans": [{"Node Type": "Hash Join","Parent Relationship": "Outer","Parallel Aware": false,"Async Capable": false,"Join Type": "Inner","Startup Cost": 210537.26,"Total Cost": 242741.13,"Plan Rows": 38308,"Plan Width": 24,"Actual Startup Time": 10142.670,"Actual Total Time": 10309.991,"Actual Rows": 2,"Actual Loops": 4,"Inner Unique": true,"Hash Cond": "(orders.o_orderkey = lineitem_1.l_orderkey)","Workers": [],"Plans": [{"Node Type": "Seq Scan","Parent Relationship": "Outer","Parallel Aware": true,"Async Capable": false,"Relation Name": "orders","Alias": "orders","Startup Cost": 0.00,"Total Cost": 30933.71,"Plan Rows": 483871,"Plan Width": 20,"Actual Startup Time": 0.009,"Actual Total Time": 49.040,"Actual Rows": 375000,"Actual Loops": 4,"Workers": []},{"Node Type": "Hash","Parent Relationship": "Inner","Parallel Aware": false,"Async Capable": false,"Startup Cost": 209052.81,"Total Cost": 209052.81,"Plan Rows": 118756,"Plan Width": 4,"Actual Startup Time": 10075.163,"Actual Total Time": 10075.176,"Actual Rows": 10,"Actual Loops": 4,"Hash Buckets": 131072,"Original Hash Buckets": 131072,"Hash Batches": 1,"Original Hash Batches": 1,"Peak Memory Usage": 1025,"Workers": [],"Plans": [{"Node Type": "Aggregate","Strategy": "Hashed","Partial Mode": "Simple","Parent Relationship": "Outer","Parallel Aware": false,"Async Capable": false,"Startup Cost": 202521.23,"Total Cost": 207865.25,"Plan Rows": 118756,"Plan Width": 4,"Actual Startup Time": 6293.151,"Actual Total Time": 10074.968,"Actual Rows": 10,"Actual Loops": 4,"Group Key": ["lineitem_1.l_orderkey"],"Filter": "(sum(lineitem_1.l_quantity) > '312'::numeric)","Planned Partitions": 0,"HashAgg Batches": 1,"Peak Memory Usage": 638993,"Disk Usage": 0,"Rows Removed by Filter": 1499990,"Workers": [{"Worker Number": 0,"HashAgg Batches": 1,"Peak Memory Usage": 638993,"Disk Usage": 0},{"Worker Number": 1,"HashAgg Batches": 1,"Peak Memory Usage": 638993,"Disk Usage": 0},{"Worker Number": 2,"HashAgg Batches": 1,"Peak Memory Usage": 638993,"Disk Usage": 0}],"Plans": [{"Node Type": "Seq Scan","Parent Relationship": "Outer","Parallel Aware": false,"Async Capable": false,"Relation Name": "lineitem","Alias": "lineitem_1","Startup Cost": 0.00,"Total Cost": 172515.15,"Plan Rows": 6001215,"Plan Width": 9,"Actual Startup Time": 0.021,"Actual Total Time": 960.546,"Actual Rows": 6001215,"Actual Loops": 4,"Workers": []}]}]}]},{"Node Type": "Index Scan","Parent Relationship": "Inner","Parallel Aware": false,"Async Capable": false,"Scan Direction": "Forward","Index Name": "idx_lineitem_orderkey","Relation Name": "lineitem","Alias": "lineitem","Startup Cost": 0.43,"Total Cost": 1.06,"Plan Rows": 17,"Plan Width": 9,"Actual Startup Time": 0.072,"Actual Total Time": 0.079,"Actual Rows": 7,"Actual Loops": 10,"Index Cond": "(l_orderkey = orders.o_orderkey)","Rows Removed by Index Recheck": 0,"Workers": []}]},{"Node Type": "Hash","Parent Relationship": "Inner","Parallel Aware": true,"Async Capable": false,"Startup Cost": 4210.00,"Total Cost": 4210.00,"Plan Rows": 62500,"Plan Width": 23,"Actual Startup Time": 37.105,"Actual Total Time": 37.114,"Actual Rows": 37500,"Actual Loops": 4,"Hash Buckets": 262144,"Original Hash Buckets": 262144,"Hash Batches": 1,"Original Hash Batches": 1,"Peak Memory Usage": 10368,"Workers": [],"Plans": [{"Node Type": "Seq Scan","Parent Relationship": "Outer","Parallel Aware": true,"Async Capable": false,"Relation Name": "customer","Alias": "customer","Startup Cost": 0.00,"Total Cost": 4210.00,"Plan Rows": 62500,"Plan Width": 23,"Actual Startup Time": 0.025,"Actual Total Time": 19.726,"Actual Rows": 37500,"Actual Loops": 4,"Workers": []}]}]}]}]}]},"Planning Time": 6.715,"Triggers": [],"Execution Time": 10961.817}]
[{"Plan": {"Node Type": "Sort","Parallel Aware": false,"Async Capable": false,"Startup Cost": 397889.21,"Total Cost": 399077.01,"Plan Rows": 475120,"Plan Width": 71,"Actual Startup Time": 10345.847,"Actual Total Time": 10377.998,"Actual Rows": 9,"Actual Loops": 1,"Sort Key": ["orders.o_totalprice DESC", "orders.o_orderdate"],"Sort Method": "quicksort","Sort Space Used": 25,"Sort Space Type": "Memory","Plans": [{"Node Type": "Aggregate","Strategy": "Hashed","Partial Mode": "Simple","Parent Relationship": "Outer","Parallel Aware": false,"Async Capable": false,"Startup Cost": 347151.30,"Total Cost": 353090.30,"Plan Rows": 475120,"Plan Width": 71,"Actual Startup Time": 10329.232,"Actual Total Time": 10377.856,"Actual Rows": 9,"Actual Loops": 1,"Group Key": ["customer.c_custkey", "orders.o_orderkey"],"Planned Partitions": 0,"HashAgg Batches": 1,"Peak Memory Usage": 24601,"Disk Usage": 0,"Plans": [{"Node Type": "Gather","Parent Relationship": "Outer","Parallel Aware": false,"Async Capable": false,"Startup Cost": 216528.94,"Total Cost": 343587.90,"Plan Rows": 475120,"Plan Width": 44,"Actual Startup Time": 10053.961,"Actual Total Time": 10357.615,"Actual Rows": 63,"Actual Loops": 1,"Workers Planned": 3,"Workers Launched": 3,"Single Copy": false,"Plans": [{"Node Type": "Hash Join","Parent Relationship": "Outer","Parallel Aware": true,"Async Capable": false,"Join Type": "Inner","Startup Cost": 215528.94,"Total Cost": 295075.90,"Plan Rows": 153265,"Plan Width": 44,"Actual Startup Time": 10157.696,"Actual Total Time": 10258.651,"Actual Rows": 16,"Actual Loops": 4,"Inner Unique": true,"Hash Cond": "(orders.o_custkey = customer.c_custkey)","Workers": [],"Plans": [{"Node Type": "Nested Loop","Parent Relationship": "Outer","Parallel Aware": false,"Async Capable": false,"Join Type": "Inner","Startup Cost": 210537.69,"Total Cost": 289682.32,"Plan Rows": 153265,"Plan Width": 25,"Actual Startup Time": 10123.332,"Actual Total Time": 10224.239,"Actual Rows": 16,"Actual Loops": 4,"Inner Unique": false,"Workers": [],"Plans": [{"Node Type": "Hash Join","Parent Relationship": "Outer","Parallel Aware": false,"Async Capable": false,"Join Type": "Inner","Startup Cost": 210537.26,"Total Cost": 242741.13,"Plan Rows": 38308,"Plan Width": 24,"Actual Startup Time": 10123.186,"Actual Total Time": 10223.998,"Actual Rows": 2,"Actual Loops": 4,"Inner Unique": true,"Hash Cond": "(orders.o_orderkey = lineitem_1.l_orderkey)","Workers": [],"Plans": [{"Node Type": "Seq Scan","Parent Relationship": "Outer","Parallel Aware": true,"Async Capable": false,"Relation Name": "orders","Alias": "orders","Startup Cost": 0.00,"Total Cost": 30933.71,"Plan Rows": 483871,"Plan Width": 20,"Actual Startup Time": 0.011,"Actual Total Time": 49.852,"Actual Rows": 375000,"Actual Loops": 4,"Workers": []},{"Node Type": "Hash","Parent Relationship": "Inner","Parallel Aware": false,"Async Capable": false,"Startup Cost": 209052.81,"Total Cost": 209052.81,"Plan Rows": 118756,"Plan Width": 4,"Actual Startup Time": 10005.666,"Actual Total Time": 10005.673,"Actual Rows": 9,"Actual Loops": 4,"Hash Buckets": 131072,"Original Hash Buckets": 131072,"Hash Batches": 1,"Original Hash Batches": 1,"Peak Memory Usage": 1025,"Workers": [],"Plans": [{"Node Type": "Aggregate","Strategy": "Hashed","Partial Mode": "Simple","Parent Relationship": "Outer","Parallel Aware": false,"Async Capable": false,"Startup Cost": 202521.23,"Total Cost": 207865.25,"Plan Rows": 118756,"Plan Width": 4,"Actual Startup Time": 6310.010,"Actual Total Time": 10005.543,"Actual Rows": 9,"Actual Loops": 4,"Group Key": ["lineitem_1.l_orderkey"],"Filter": "(sum(lineitem_1.l_quantity) > '313'::numeric)","Planned Partitions": 0,"HashAgg Batches": 1,"Peak Memory Usage": 638993,"Disk Usage": 0,"Rows Removed by Filter": 1499991,"Workers": [{"Worker Number": 0,"HashAgg Batches": 1,"Peak Memory Usage": 638993,"Disk Usage": 0},{"Worker Number": 1,"HashAgg Batches": 1,"Peak Memory Usage": 638993,"Disk Usage": 0},{"Worker Number": 2,"HashAgg Batches": 1,"Peak Memory Usage": 638993,"Disk Usage": 0}],"Plans": [{"Node Type": "Seq Scan","Parent Relationship": "Outer","Parallel Aware": false,"Async Capable": false,"Relation Name": "lineitem","Alias": "lineitem_1","Startup Cost": 0.00,"Total Cost": 172515.15,"Plan Rows": 6001215,"Plan Width": 9,"Actual Startup Time": 0.020,"Actual Total Time": 994.479,"Actual Rows": 6001215,"Actual Loops": 4,"Workers": []}]}]}]},{"Node Type": "Index Scan","Parent Relationship": "Inner","Parallel Aware": false,"Async Capable": false,"Scan Direction": "Forward","Index Name": "idx_lineitem_orderkey","Relation Name": "lineitem","Alias": "lineitem","Startup Cost": 0.43,"Total Cost": 1.06,"Plan Rows": 17,"Plan Width": 9,"Actual Startup Time": 0.068,"Actual Total Time": 0.075,"Actual Rows": 7,"Actual Loops": 9,"Index Cond": "(l_orderkey = orders.o_orderkey)","Rows Removed by Index Recheck": 0,"Workers": []}]},{"Node Type": "Hash","Parent Relationship": "Inner","Parallel Aware": true,"Async Capable": false,"Startup Cost": 4210.00,"Total Cost": 4210.00,"Plan Rows": 62500,"Plan Width": 23,"Actual Startup Time": 33.578,"Actual Total Time": 33.582,"Actual Rows": 37500,"Actual Loops": 4,"Hash Buckets": 262144,"Original Hash Buckets": 262144,"Hash Batches": 1,"Original Hash Batches": 1,"Peak Memory Usage": 10336,"Workers": [],"Plans": [{"Node Type": "Seq Scan","Parent Relationship": "Outer","Parallel Aware": true,"Async Capable": false,"Relation Name": "customer","Alias": "customer","Startup Cost": 0.00,"Total Cost": 4210.00,"Plan Rows": 62500,"Plan Width": 23,"Actual Startup Time": 0.023,"Actual Total Time": 16.777,"Actual Rows": 37500,"Actual Loops": 4,"Workers": []}]}]}]}]}]},"Planning Time": 6.662,"Triggers": [],"Execution Time": 10430.266}]
[{"Plan": {"Node Type": "Sort","Parallel Aware": false,"Async Capable": false,"Startup Cost": 397889.21,"Total Cost": 399077.01,"Plan Rows": 475120,"Plan Width": 71,"Actual Startup Time": 10345.847,"Actual Total Time": 10377.998,"Actual Rows": 9,"Actual Loops": 1,"Sort Key": ["orders.o_totalprice DESC", "orders.o_orderdate"],"Sort Method": "quicksort","Sort Space Used": 25,"Sort Space Type": "Memory","Plans": [{"Node Type": "Aggregate","Strategy": "Hashed","Partial Mode": "Simple","Parent Relationship": "Outer","Parallel Aware": false,"Async Capable": false,"Startup Cost": 347151.30,"Total Cost": 353090.30,"Plan Rows": 475120,"Plan Width": 71,"Actual Startup Time": 10329.232,"Actual Total Time": 10377.856,"Actual Rows": 9,"Actual Loops": 1,"Group Key": ["customer.c_custkey", "orders.o_orderkey"],"Planned Partitions": 0,"HashAgg Batches": 1,"Peak Memory Usage": 24601,"Disk Usage": 0,"Plans": [{"Node Type": "Gather","Parent Relationship": "Outer","Parallel Aware": false,"Async Capable": false,"Startup Cost": 216528.94,"Total Cost": 343587.90,"Plan Rows": 475120,"Plan Width": 44,"Actual Startup Time": 10053.961,"Actual Total Time": 10357.615,"Actual Rows": 63,"Actual Loops": 1,"Workers Planned": 3,"Workers Launched": 3,"Single Copy": false,"Plans": [{"Node Type": "Hash Join","Parent Relationship": "Outer","Parallel Aware": true,"Async Capable": false,"Join Type": "Inner","Startup Cost": 215528.94,"Total Cost": 295075.90,"Plan Rows": 153265,"Plan Width": 44,"Actual Startup Time": 10157.696,"Actual Total Time": 10258.651,"Actual Rows": 16,"Actual Loops": 4,"Inner Unique": true,"Hash Cond": "(orders.o_custkey = customer.c_custkey)","Workers": [],"Plans": [{"Node Type": "Nested Loop","Parent Relationship": "Outer","Parallel Aware": false,"Async Capable": false,"Join Type": "Inner","Startup Cost": 210537.69,"Total Cost": 289682.32,"Plan Rows": 153265,"Plan Width": 25,"Actual Startup Time": 10123.332,"Actual Total Time": 10224.239,"Actual Rows": 16,"Actual Loops": 4,"Inner Unique": false,"Workers": [],"Plans": [{"Node Type": "Hash Join","Parent Relationship": "Outer","Parallel Aware": false,"Async Capable": false,"Join Type": "Inner","Startup Cost": 210537.26,"Total Cost": 242741.13,"Plan Rows": 38308,"Plan Width": 24,"Actual Startup Time": 10123.186,"Actual Total Time": 10223.998,"Actual Rows": 2,"Actual Loops": 4,"Inner Unique": true,"Hash Cond": "(orders.o_orderkey = lineitem_1.l_orderkey)","Workers": [],"Plans": [{"Node Type": "Seq Scan","Parent Relationship": "Outer","Parallel Aware": true,"Async Capable": false,"Relation Name": "orders","Alias": "orders","Startup Cost": 0.00,"Total Cost": 30933.71,"Plan Rows": 483871,"Plan Width": 20,"Actual Startup Time": 0.011,"Actual Total Time": 49.852,"Actual Rows": 375000,"Actual Loops": 4,"Workers": []},{"Node Type": "Hash","Parent Relationship": "Inner","Parallel Aware": false,"Async Capable": false,"Startup Cost": 209052.81,"Total Cost": 209052.81,"Plan Rows": 118756,"Plan Width": 4,"Actual Startup Time": 10005.666,"Actual Total Time": 10005.673,"Actual Rows": 9,"Actual Loops": 4,"Hash Buckets": 131072,"Original Hash Buckets": 131072,"Hash Batches": 1,"Original Hash Batches": 1,"Peak Memory Usage": 1025,"Workers": [],"Plans": [{"Node Type": "Aggregate","Strategy": "Hashed","Partial Mode": "Simple","Parent Relationship": "Outer","Parallel Aware": false,"Async Capable": false,"Startup Cost": 202521.23,"Total Cost": 207865.25,"Plan Rows": 118756,"Plan Width": 4,"Actual Startup Time": 6310.010,"Actual Total Time": 10005.543,"Actual Rows": 9,"Actual Loops": 4,"Group Key": ["lineitem_1.l_orderkey"],"Filter": "(sum(lineitem_1.l_quantity) > '313'::numeric)","Planned Partitions": 0,"HashAgg Batches": 1,"Peak Memory Usage": 638993,"Disk Usage": 0,"Rows Removed by Filter": 1499991,"Workers": [{"Worker Number": 0,"HashAgg Batches": 1,"Peak Memory Usage": 638993,"Disk Usage": 0},{"Worker Number": 1,"HashAgg Batches": 1,"Peak Memory Usage": 638993,"Disk Usage": 0},{"Worker Number": 2,"HashAgg Batches": 1,"Peak Memory Usage": 638993,"Disk Usage": 0}],"Plans": [{"Node Type": "Seq Scan","Parent Relationship": "Outer","Parallel Aware": false,"Async Capable": false,"Relation Name": "lineitem","Alias": "lineitem_1","Startup Cost": 0.00,"Total Cost": 172515.15,"Plan Rows": 6001215,"Plan Width": 9,"Actual Startup Time": 0.020,"Actual Total Time": 994.479,"Actual Rows": 6001215,"Actual Loops": 4,"Workers": []}]}]}]},{"Node Type": "Index Scan","Parent Relationship": "Inner","Parallel Aware": false,"Async Capable": false,"Scan Direction": "Forward","Index Name": "idx_lineitem_orderkey","Relation Name": "lineitem","Alias": "lineitem","Startup Cost": 0.43,"Total Cost": 1.06,"Plan Rows": 17,"Plan Width": 9,"Actual Startup Time": 0.068,"Actual Total Time": 0.075,"Actual Rows": 7,"Actual Loops": 9,"Index Cond": "(l_orderkey = orders.o_orderkey)","Rows Removed by Index Recheck": 0,"Workers": []}]},{"Node Type": "Hash","Parent Relationship": "Inner","Parallel Aware": true,"Async Capable": false,"Startup Cost": 4210.00,"Total Cost": 4210.00,"Plan Rows": 62500,"Plan Width": 23,"Actual Startup Time": 33.578,"Actual Total Time": 33.582,"Actual Rows": 37500,"Actual Loops": 4,"Hash Buckets": 262144,"Original Hash Buckets": 262144,"Hash Batches": 1,"Original Hash Batches": 1,"Peak Memory Usage": 10336,"Workers": [],"Plans": [{"Node Type": "Seq Scan","Parent Relationship": "Outer","Parallel Aware": true,"Async Capable": false,"Relation Name": "customer","Alias": "customer","Startup Cost": 0.00,"Total Cost": 4210.00,"Plan Rows": 62500,"Plan Width": 23,"Actual Startup Time": 0.023,"Actual Total Time": 16.777,"Actual Rows": 37500,"Actual Loops": 4,"Workers": []}]}]}]}]}]},"Planning Time": 6.662,"Triggers": [],"Execution Time": 10430.266}]
[{"Plan": {"Node Type": "Sort","Parallel Aware": false,"Async Capable": false,"Startup Cost": 397889.21,"Total Cost": 399077.01,"Plan Rows": 475120,"Plan Width": 71,"Actual Startup Time": 10887.509,"Actual Total Time": 10908.132,"Actual Rows": 10,"Actual Loops": 1,"Sort Key": ["orders.o_totalprice DESC", "orders.o_orderdate"],"Sort Method": "quicksort","Sort Space Used": 25,"Sort Space Type": "Memory","Plans": [{"Node Type": "Aggregate","Strategy": "Hashed","Partial Mode": "Simple","Parent Relationship": "Outer","Parallel Aware": false,"Async Capable": false,"Startup Cost": 347151.30,"Total Cost": 353090.30,"Plan Rows": 475120,"Plan Width": 71,"Actual Startup Time": 10848.812,"Actual Total Time": 10907.941,"Actual Rows": 10,"Actual Loops": 1,"Group Key": ["customer.c_custkey", "orders.o_orderkey"],"Planned Partitions": 0,"HashAgg Batches": 1,"Peak Memory Usage": 24601,"Disk Usage": 0,"Plans": [{"Node Type": "Gather","Parent Relationship": "Outer","Parallel Aware": false,"Async Capable": false,"Startup Cost": 216528.94,"Total Cost": 343587.90,"Plan Rows": 475120,"Plan Width": 44,"Actual Startup Time": 10782.037,"Actual Total Time": 10858.151,"Actual Rows": 70,"Actual Loops": 1,"Workers Planned": 3,"Workers Launched": 3,"Single Copy": false,"Plans": [{"Node Type": "Hash Join","Parent Relationship": "Outer","Parallel Aware": true,"Async Capable": false,"Join Type": "Inner","Startup Cost": 215528.94,"Total Cost": 295075.90,"Plan Rows": 153265,"Plan Width": 44,"Actual Startup Time": 10180.765,"Actual Total Time": 10348.312,"Actual Rows": 18,"Actual Loops": 4,"Inner Unique": true,"Hash Cond": "(orders.o_custkey = customer.c_custkey)","Workers": [],"Plans": [{"Node Type": "Nested Loop","Parent Relationship": "Outer","Parallel Aware": false,"Async Capable": false,"Join Type": "Inner","Startup Cost": 210537.69,"Total Cost": 289682.32,"Plan Rows": 153265,"Plan Width": 25,"Actual Startup Time": 10142.809,"Actual Total Time": 10310.270,"Actual Rows": 18,"Actual Loops": 4,"Inner Unique": false,"Workers": [],"Plans": [{"Node Type": "Hash Join","Parent Relationship": "Outer","Parallel Aware": false,"Async Capable": false,"Join Type": "Inner","Startup Cost": 210537.26,"Total Cost": 242741.13,"Plan Rows": 38308,"Plan Width": 24,"Actual Startup Time": 10142.670,"Actual Total Time": 10309.991,"Actual Rows": 2,"Actual Loops": 4,"Inner Unique": true,"Hash Cond": "(orders.o_orderkey = lineitem_1.l_orderkey)","Workers": [],"Plans": [{"Node Type": "Seq Scan","Parent Relationship": "Outer","Parallel Aware": true,"Async Capable": false,"Relation Name": "orders","Alias": "orders","Startup Cost": 0.00,"Total Cost": 30933.71,"Plan Rows": 483871,"Plan Width": 20,"Actual Startup Time": 0.009,"Actual Total Time": 49.040,"Actual Rows": 375000,"Actual Loops": 4,"Workers": []},{"Node Type": "Hash","Parent Relationship": "Inner","Parallel Aware": false,"Async Capable": false,"Startup Cost": 209052.81,"Total Cost": 209052.81,"Plan Rows": 118756,"Plan Width": 4,"Actual Startup Time": 10075.163,"Actual Total Time": 10075.176,"Actual Rows": 10,"Actual Loops": 4,"Hash Buckets": 131072,"Original Hash Buckets": 131072,"Hash Batches": 1,"Original Hash Batches": 1,"Peak Memory Usage": 1025,"Workers": [],"Plans": [{"Node Type": "Aggregate","Strategy": "Hashed","Partial Mode": "Simple","Parent Relationship": "Outer","Parallel Aware": false,"Async Capable": false,"Startup Cost": 202521.23,"Total Cost": 207865.25,"Plan Rows": 118756,"Plan Width": 4,"Actual Startup Time": 6293.151,"Actual Total Time": 10074.968,"Actual Rows": 10,"Actual Loops": 4,"Group Key": ["lineitem_1.l_orderkey"],"Filter": "(sum(lineitem_1.l_quantity) > '312'::numeric)","Planned Partitions": 0,"HashAgg Batches": 1,"Peak Memory Usage": 638993,"Disk Usage": 0,"Rows Removed by Filter": 1499990,"Workers": [{"Worker Number": 0,"HashAgg Batches": 1,"Peak Memory Usage": 638993,"Disk Usage": 0},{"Worker Number": 1,"HashAgg Batches": 1,"Peak Memory Usage": 638993,"Disk Usage": 0},{"Worker Number": 2,"HashAgg Batches": 1,"Peak Memory Usage": 638993,"Disk Usage": 0}],"Plans": [{"Node Type": "Seq Scan","Parent Relationship": "Outer","Parallel Aware": false,"Async Capable": false,"Relation Name": "lineitem","Alias": "lineitem_1","Startup Cost": 0.00,"Total Cost": 172515.15,"Plan Rows": 6001215,"Plan Width": 9,"Actual Startup Time": 0.021,"Actual Total Time": 960.546,"Actual Rows": 6001215,"Actual Loops": 4,"Workers": []}]}]}]},{"Node Type": "Index Scan","Parent Relationship": "Inner","Parallel Aware": false,"Async Capable": false,"Scan Direction": "Forward","Index Name": "idx_lineitem_orderkey","Relation Name": "lineitem","Alias": "lineitem","Startup Cost": 0.43,"Total Cost": 1.06,"Plan Rows": 17,"Plan Width": 9,"Actual Startup Time": 0.072,"Actual Total Time": 0.079,"Actual Rows": 7,"Actual Loops": 10,"Index Cond": "(l_orderkey = orders.o_orderkey)","Rows Removed by Index Recheck": 0,"Workers": []}]},{"Node Type": "Hash","Parent Relationship": "Inner","Parallel Aware": true,"Async Capable": false,"Startup Cost": 4210.00,"Total Cost": 4210.00,"Plan Rows": 62500,"Plan Width": 23,"Actual Startup Time": 37.105,"Actual Total Time": 37.114,"Actual Rows": 37500,"Actual Loops": 4,"Hash Buckets": 262144,"Original Hash Buckets": 262144,"Hash Batches": 1,"Original Hash Batches": 1,"Peak Memory Usage": 10368,"Workers": [],"Plans": [{"Node Type": "Seq Scan","Parent Relationship": "Outer","Parallel Aware": true,"Async Capable": false,"Relation Name": "customer","Alias": "customer","Startup Cost": 0.00,"Total Cost": 4210.00,"Plan Rows": 62500,"Plan Width": 23,"Actual Startup Time": 0.025,"Actual Total Time": 19.726,"Actual Rows": 37500,"Actual Loops": 4,"Workers": []}]}]}]}]}]},"Planning Time": 6.715,"Triggers": [],"Execution Time": 10961.817}]
[{"Plan": {"Node Type": "Sort","Parallel Aware": false,"Async Capable": false,"Startup Cost": 397889.21,"Total Cost": 399077.01,"Plan Rows": 475120,"Plan Width": 71,"Actual Startup Time": 10887.509,"Actual Total Time": 10908.132,"Actual Rows": 10,"Actual Loops": 1,"Sort Key": ["orders.o_totalprice DESC", "orders.o_orderdate"],"Sort Method": "quicksort","Sort Space Used": 25,"Sort Space Type": "Memory","Plans": [{"Node Type": "Aggregate","Strategy": "Hashed","Partial Mode": "Simple","Parent Relationship": "Outer","Parallel Aware": false,"Async Capable": false,"Startup Cost": 347151.30,"Total Cost": 353090.30,"Plan Rows": 475120,"Plan Width": 71,"Actual Startup Time": 10848.812,"Actual Total Time": 10907.941,"Actual Rows": 10,"Actual Loops": 1,"Group Key": ["customer.c_custkey", "orders.o_orderkey"],"Planned Partitions": 0,"HashAgg Batches": 1,"Peak Memory Usage": 24601,"Disk Usage": 0,"Plans": [{"Node Type": "Gather","Parent Relationship": "Outer","Parallel Aware": false,"Async Capable": false,"Startup Cost": 216528.94,"Total Cost": 343587.90,"Plan Rows": 475120,"Plan Width": 44,"Actual Startup Time": 10782.037,"Actual Total Time": 10858.151,"Actual Rows": 70,"Actual Loops": 1,"Workers Planned": 3,"Workers Launched": 3,"Single Copy": false,"Plans": [{"Node Type": "Hash Join","Parent Relationship": "Outer","Parallel Aware": true,"Async Capable": false,"Join Type": "Inner","Startup Cost": 215528.94,"Total Cost": 295075.90,"Plan Rows": 153265,"Plan Width": 44,"Actual Startup Time": 10180.765,"Actual Total Time": 10348.312,"Actual Rows": 18,"Actual Loops": 4,"Inner Unique": true,"Hash Cond": "(orders.o_custkey = customer.c_custkey)","Workers": [],"Plans": [{"Node Type": "Nested Loop","Parent Relationship": "Outer","Parallel Aware": false,"Async Capable": false,"Join Type": "Inner","Startup Cost": 210537.69,"Total Cost": 289682.32,"Plan Rows": 153265,"Plan Width": 25,"Actual Startup Time": 10142.809,"Actual Total Time": 10310.270,"Actual Rows": 18,"Actual Loops": 4,"Inner Unique": false,"Workers": [],"Plans": [{"Node Type": "Hash Join","Parent Relationship": "Outer","Parallel Aware": false,"Async Capable": false,"Join Type": "Inner","Startup Cost": 210537.26,"Total Cost": 242741.13,"Plan Rows": 38308,"Plan Width": 24,"Actual Startup Time": 10142.670,"Actual Total Time": 10309.991,"Actual Rows": 2,"Actual Loops": 4,"Inner Unique": true,"Hash Cond": "(orders.o_orderkey = lineitem_1.l_orderkey)","Workers": [],"Plans": [{"Node Type": "Seq Scan","Parent Relationship": "Outer","Parallel Aware": true,"Async Capable": false,"Relation Name": "orders","Alias": "orders","Startup Cost": 0.00,"Total Cost": 30933.71,"Plan Rows": 483871,"Plan Width": 20,"Actual Startup Time": 0.009,"Actual Total Time": 49.040,"Actual Rows": 375000,"Actual Loops": 4,"Workers": []},{"Node Type": "Hash","Parent Relationship": "Inner","Parallel Aware": false,"Async Capable": false,"Startup Cost": 209052.81,"Total Cost": 209052.81,"Plan Rows": 118756,"Plan Width": 4,"Actual Startup Time": 10075.163,"Actual Total Time": 10075.176,"Actual Rows": 10,"Actual Loops": 4,"Hash Buckets": 131072,"Original Hash Buckets": 131072,"Hash Batches": 1,"Original Hash Batches": 1,"Peak Memory Usage": 1025,"Workers": [],"Plans": [{"Node Type": "Aggregate","Strategy": "Hashed","Partial Mode": "Simple","Parent Relationship": "Outer","Parallel Aware": false,"Async Capable": false,"Startup Cost": 202521.23,"Total Cost": 207865.25,"Plan Rows": 118756,"Plan Width": 4,"Actual Startup Time": 6293.151,"Actual Total Time": 10074.968,"Actual Rows": 10,"Actual Loops": 4,"Group Key": ["lineitem_1.l_orderkey"],"Filter": "(sum(lineitem_1.l_quantity) > '312'::numeric)","Planned Partitions": 0,"HashAgg Batches": 1,"Peak Memory Usage": 638993,"Disk Usage": 0,"Rows Removed by Filter": 1499990,"Workers": [{"Worker Number": 0,"HashAgg Batches": 1,"Peak Memory Usage": 638993,"Disk Usage": 0},{"Worker Number": 1,"HashAgg Batches": 1,"Peak Memory Usage": 638993,"Disk Usage": 0},{"Worker Number": 2,"HashAgg Batches": 1,"Peak Memory Usage": 638993,"Disk Usage": 0}],"Plans": [{"Node Type": "Seq Scan","Parent Relationship": "Outer","Parallel Aware": false,"Async Capable": false,"Relation Name": "lineitem","Alias": "lineitem_1","Startup Cost": 0.00,"Total Cost": 172515.15,"Plan Rows": 6001215,"Plan Width": 9,"Actual Startup Time": 0.021,"Actual Total Time": 960.546,"Actual Rows": 6001215,"Actual Loops": 4,"Workers": []}]}]}]},{"Node Type": "Index Scan","Parent Relationship": "Inner","Parallel Aware": false,"Async Capable": false,"Scan Direction": "Forward","Index Name": "idx_lineitem_orderkey","Relation Name": "lineitem","Alias": "lineitem","Startup Cost": 0.43,"Total Cost": 1.06,"Plan Rows": 17,"Plan Width": 9,"Actual Startup Time": 0.072,"Actual Total Time": 0.079,"Actual Rows": 7,"Actual Loops": 10,"Index Cond": "(l_orderkey = orders.o_orderkey)","Rows Removed by Index Recheck": 0,"Workers": []}]},{"Node Type": "Hash","Parent Relationship": "Inner","Parallel Aware": true,"Async Capable": false,"Startup Cost": 4210.00,"Total Cost": 4210.00,"Plan Rows": 62500,"Plan Width": 23,"Actual Startup Time": 37.105,"Actual Total Time": 37.114,"Actual Rows": 37500,"Actual Loops": 4,"Hash Buckets": 262144,"Original Hash Buckets": 262144,"Hash Batches": 1,"Original Hash Batches": 1,"Peak Memory Usage": 10368,"Workers": [],"Plans": [{"Node Type": "Seq Scan","Parent Relationship": "Outer","Parallel Aware": true,"Async Capable": false,"Relation Name": "customer","Alias": "customer","Startup Cost": 0.00,"Total Cost": 4210.00,"Plan Rows": 62500,"Plan Width": 23,"Actual Startup Time": 0.025,"Actual Total Time": 19.726,"Actual Rows": 37500,"Actual Loops": 4,"Workers": []}]}]}]}]}]},"Planning Time": 6.715,"Triggers": [],"Execution Time": 10961.817}]
[{"Plan": {"Node Type": "Sort","Parallel Aware": false,"Async Capable": false,"Startup Cost": 397889.21,"Total Cost": 399077.01,"Plan Rows": 475120,"Plan Width": 71,"Actual Startup Time": 10887.509,"Actual Total Time": 10908.132,"Actual Rows": 10,"Actual Loops": 1,"Sort Key": ["orders.o_totalprice DESC", "orders.o_orderdate"],"Sort Method": "quicksort","Sort Space Used": 25,"Sort Space Type": "Memory","Plans": [{"Node Type": "Aggregate","Strategy": "Hashed","Partial Mode": "Simple","Parent Relationship": "Outer","Parallel Aware": false,"Async Capable": false,"Startup Cost": 347151.30,"Total Cost": 353090.30,"Plan Rows": 475120,"Plan Width": 71,"Actual Startup Time": 10848.812,"Actual Total Time": 10907.941,"Actual Rows": 10,"Actual Loops": 1,"Group Key": ["customer.c_custkey", "orders.o_orderkey"],"Planned Partitions": 0,"HashAgg Batches": 1,"Peak Memory Usage": 24601,"Disk Usage": 0,"Plans": [{"Node Type": "Gather","Parent Relationship": "Outer","Parallel Aware": false,"Async Capable": false,"Startup Cost": 216528.94,"Total Cost": 343587.90,"Plan Rows": 475120,"Plan Width": 44,"Actual Startup Time": 10782.037,"Actual Total Time": 10858.151,"Actual Rows": 70,"Actual Loops": 1,"Workers Planned": 3,"Workers Launched": 3,"Single Copy": false,"Plans": [{"Node Type": "Hash Join","Parent Relationship": "Outer","Parallel Aware": true,"Async Capable": false,"Join Type": "Inner","Startup Cost": 215528.94,"Total Cost": 295075.90,"Plan Rows": 153265,"Plan Width": 44,"Actual Startup Time": 10180.765,"Actual Total Time": 10348.312,"Actual Rows": 18,"Actual Loops": 4,"Inner Unique": true,"Hash Cond": "(orders.o_custkey = customer.c_custkey)","Workers": [],"Plans": [{"Node Type": "Nested Loop","Parent Relationship": "Outer","Parallel Aware": false,"Async Capable": false,"Join Type": "Inner","Startup Cost": 210537.69,"Total Cost": 289682.32,"Plan Rows": 153265,"Plan Width": 25,"Actual Startup Time": 10142.809,"Actual Total Time": 10310.270,"Actual Rows": 18,"Actual Loops": 4,"Inner Unique": false,"Workers": [],"Plans": [{"Node Type": "Hash Join","Parent Relationship": "Outer","Parallel Aware": false,"Async Capable": false,"Join Type": "Inner","Startup Cost": 210537.26,"Total Cost": 242741.13,"Plan Rows": 38308,"Plan Width": 24,"Actual Startup Time": 10142.670,"Actual Total Time": 10309.991,"Actual Rows": 2,"Actual Loops": 4,"Inner Unique": true,"Hash Cond": "(orders.o_orderkey = lineitem_1.l_orderkey)","Workers": [],"Plans": [{"Node Type": "Seq Scan","Parent Relationship": "Outer","Parallel Aware": true,"Async Capable": false,"Relation Name": "orders","Alias": "orders","Startup Cost": 0.00,"Total Cost": 30933.71,"Plan Rows": 483871,"Plan Width": 20,"Actual Startup Time": 0.009,"Actual Total Time": 49.040,"Actual Rows": 375000,"Actual Loops": 4,"Workers": []},{"Node Type": "Hash","Parent Relationship": "Inner","Parallel Aware": false,"Async Capable": false,"Startup Cost": 209052.81,"Total Cost": 209052.81,"Plan Rows": 118756,"Plan Width": 4,"Actual Startup Time": 10075.163,"Actual Total Time": 10075.176,"Actual Rows": 10,"Actual Loops": 4,"Hash Buckets": 131072,"Original Hash Buckets": 131072,"Hash Batches": 1,"Original Hash Batches": 1,"Peak Memory Usage": 1025,"Workers": [],"Plans": [{"Node Type": "Aggregate","Strategy": "Hashed","Partial Mode": "Simple","Parent Relationship": "Outer","Parallel Aware": false,"Async Capable": false,"Startup Cost": 202521.23,"Total Cost": 207865.25,"Plan Rows": 118756,"Plan Width": 4,"Actual Startup Time": 6293.151,"Actual Total Time": 10074.968,"Actual Rows": 10,"Actual Loops": 4,"Group Key": ["lineitem_1.l_orderkey"],"Filter": "(sum(lineitem_1.l_quantity) > '312'::numeric)","Planned Partitions": 0,"HashAgg Batches": 1,"Peak Memory Usage": 638993,"Disk Usage": 0,"Rows Removed by Filter": 1499990,"Workers": [{"Worker Number": 0,"HashAgg Batches": 1,"Peak Memory Usage": 638993,"Disk Usage": 0},{"Worker Number": 1,"HashAgg Batches": 1,"Peak Memory Usage": 638993,"Disk Usage": 0},{"Worker Number": 2,"HashAgg Batches": 1,"Peak Memory Usage": 638993,"Disk Usage": 0}],"Plans": [{"Node Type": "Seq Scan","Parent Relationship": "Outer","Parallel Aware": false,"Async Capable": false,"Relation Name": "lineitem","Alias": "lineitem_1","Startup Cost": 0.00,"Total Cost": 172515.15,"Plan Rows": 6001215,"Plan Width": 9,"Actual Startup Time": 0.021,"Actual Total Time": 960.546,"Actual Rows": 6001215,"Actual Loops": 4,"Workers": []}]}]}]},{"Node Type": "Index Scan","Parent Relationship": "Inner","Parallel Aware": false,"Async Capable": false,"Scan Direction": "Forward","Index Name": "idx_lineitem_orderkey","Relation Name": "lineitem","Alias": "lineitem","Startup Cost": 0.43,"Total Cost": 1.06,"Plan Rows": 17,"Plan Width": 9,"Actual Startup Time": 0.072,"Actual Total Time": 0.079,"Actual Rows": 7,"Actual Loops": 10,"Index Cond": "(l_orderkey = orders.o_orderkey)","Rows Removed by Index Recheck": 0,"Workers": []}]},{"Node Type": "Hash","Parent Relationship": "Inner","Parallel Aware": true,"Async Capable": false,"Startup Cost": 4210.00,"Total Cost": 4210.00,"Plan Rows": 62500,"Plan Width": 23,"Actual Startup Time": 37.105,"Actual Total Time": 37.114,"Actual Rows": 37500,"Actual Loops": 4,"Hash Buckets": 262144,"Original Hash Buckets": 262144,"Hash Batches": 1,"Original Hash Batches": 1,"Peak Memory Usage": 10368,"Workers": [],"Plans": [{"Node Type": "Seq Scan","Parent Relationship": "Outer","Parallel Aware": true,"Async Capable": false,"Relation Name": "customer","Alias": "customer","Startup Cost": 0.00,"Total Cost": 4210.00,"Plan Rows": 62500,"Plan Width": 23,"Actual Startup Time": 0.025,"Actual Total Time": 19.726,"Actual Rows": 37500,"Actual Loops": 4,"Workers": []}]}]}]}]}]},"Planning Time": 6.715,"Triggers": [],"Execution Time": 10961.817}]
[{"Plan": {"Node Type": "Sort","Parallel Aware": false,"Async Capable": false,"Startup Cost": 397889.21,"Total Cost": 399077.01,"Plan Rows": 475120,"Plan Width": 71,"Actual Startup Time": 10950.105,"Actual Total Time": 10953.954,"Actual Rows": 9,"Actual Loops": 1,"Sort Key": ["orders.o_totalprice DESC", "orders.o_orderdate"],"Sort Method": "quicksort","Sort Space Used": 25,"Sort Space Type": "Memory","Plans": [{"Node Type": "Aggregate","Strategy": "Hashed","Partial Mode": "Simple","Parent Relationship": "Outer","Parallel Aware": false,"Async Capable": false,"Startup Cost": 347151.30,"Total Cost": 353090.30,"Plan Rows": 475120,"Plan Width": 71,"Actual Startup Time": 10902.471,"Actual Total Time": 10953.715,"Actual Rows": 9,"Actual Loops": 1,"Group Key": ["customer.c_custkey", "orders.o_orderkey"],"Planned Partitions": 0,"HashAgg Batches": 1,"Peak Memory Usage": 24601,"Disk Usage": 0,"Plans": [{"Node Type": "Gather","Parent Relationship": "Outer","Parallel Aware": false,"Async Capable": false,"Startup Cost": 216528.94,"Total Cost": 343587.90,"Plan Rows": 475120,"Plan Width": 44,"Actual Startup Time": 10893.800,"Actual Total Time": 10897.693,"Actual Rows": 63,"Actual Loops": 1,"Workers Planned": 3,"Workers Launched": 3,"Single Copy": false,"Plans": [{"Node Type": "Hash Join","Parent Relationship": "Outer","Parallel Aware": true,"Async Capable": false,"Join Type": "Inner","Startup Cost": 215528.94,"Total Cost": 295075.90,"Plan Rows": 153265,"Plan Width": 44,"Actual Startup Time": 10134.253,"Actual Total Time": 10314.794,"Actual Rows": 16,"Actual Loops": 4,"Inner Unique": true,"Hash Cond": "(orders.o_custkey = customer.c_custkey)","Workers": [],"Plans": [{"Node Type": "Nested Loop","Parent Relationship": "Outer","Parallel Aware": false,"Async Capable": false,"Join Type": "Inner","Startup Cost": 210537.69,"Total Cost": 289682.32,"Plan Rows": 153265,"Plan Width": 25,"Actual Startup Time": 10099.687,"Actual Total Time": 10280.153,"Actual Rows": 16,"Actual Loops": 4,"Inner Unique": false,"Workers": [],"Plans": [{"Node Type": "Hash Join","Parent Relationship": "Outer","Parallel Aware": false,"Async Capable": false,"Join Type": "Inner","Startup Cost": 210537.26,"Total Cost": 242741.13,"Plan Rows": 38308,"Plan Width": 24,"Actual Startup Time": 10099.575,"Actual Total Time": 10279.892,"Actual Rows": 2,"Actual Loops": 4,"Inner Unique": true,"Hash Cond": "(orders.o_orderkey = lineitem_1.l_orderkey)","Workers": [],"Plans": [{"Node Type": "Seq Scan","Parent Relationship": "Outer","Parallel Aware": true,"Async Capable": false,"Relation Name": "orders","Alias": "orders","Startup Cost": 0.00,"Total Cost": 30933.71,"Plan Rows": 483871,"Plan Width": 20,"Actual Startup Time": 0.011,"Actual Total Time": 51.627,"Actual Rows": 375000,"Actual Loops": 4,"Workers": []},{"Node Type": "Hash","Parent Relationship": "Inner","Parallel Aware": false,"Async Capable": false,"Startup Cost": 209052.81,"Total Cost": 209052.81,"Plan Rows": 118756,"Plan Width": 4,"Actual Startup Time": 10016.825,"Actual Total Time": 10016.839,"Actual Rows": 9,"Actual Loops": 4,"Hash Buckets": 131072,"Original Hash Buckets": 131072,"Hash Batches": 1,"Original Hash Batches": 1,"Peak Memory Usage": 1025,"Workers": [],"Plans": [{"Node Type": "Aggregate","Strategy": "Hashed","Partial Mode": "Simple","Parent Relationship": "Outer","Parallel Aware": false,"Async Capable": false,"Startup Cost": 202521.23,"Total Cost": 207865.25,"Plan Rows": 118756,"Plan Width": 4,"Actual Startup Time": 6319.140,"Actual Total Time": 10016.671,"Actual Rows": 9,"Actual Loops": 4,"Group Key": ["lineitem_1.l_orderkey"],"Filter": "(sum(lineitem_1.l_quantity) > '315'::numeric)","Planned Partitions": 0,"HashAgg Batches": 1,"Peak Memory Usage": 638993,"Disk Usage": 0,"Rows Removed by Filter": 1499991,"Workers": [{"Worker Number": 0,"HashAgg Batches": 1,"Peak Memory Usage": 638993,"Disk Usage": 0},{"Worker Number": 1,"HashAgg Batches": 1,"Peak Memory Usage": 638993,"Disk Usage": 0},{"Worker Number": 2,"HashAgg Batches": 1,"Peak Memory Usage": 638993,"Disk Usage": 0}],"Plans": [{"Node Type": "Seq Scan","Parent Relationship": "Outer","Parallel Aware": false,"Async Capable": false,"Relation Name": "lineitem","Alias": "lineitem_1","Startup Cost": 0.00,"Total Cost": 172515.15,"Plan Rows": 6001215,"Plan Width": 9,"Actual Startup Time": 0.018,"Actual Total Time": 971.843,"Actual Rows": 6001215,"Actual Loops": 4,"Workers": []}]}]}]},{"Node Type": "Index Scan","Parent Relationship": "Inner","Parallel Aware": false,"Async Capable": false,"Scan Direction": "Forward","Index Name": "idx_lineitem_orderkey","Relation Name": "lineitem","Alias": "lineitem","Startup Cost": 0.43,"Total Cost": 1.06,"Plan Rows": 17,"Plan Width": 9,"Actual Startup Time": 0.069,"Actual Total Time": 0.079,"Actual Rows": 7,"Actual Loops": 9,"Index Cond": "(l_orderkey = orders.o_orderkey)","Rows Removed by Index Recheck": 0,"Workers": []}]},{"Node Type": "Hash","Parent Relationship": "Inner","Parallel Aware": true,"Async Capable": false,"Startup Cost": 4210.00,"Total Cost": 4210.00,"Plan Rows": 62500,"Plan Width": 23,"Actual Startup Time": 33.677,"Actual Total Time": 33.684,"Actual Rows": 37500,"Actual Loops": 4,"Hash Buckets": 262144,"Original Hash Buckets": 262144,"Hash Batches": 1,"Original Hash Batches": 1,"Peak Memory Usage": 10368,"Workers": [],"Plans": [{"Node Type": "Seq Scan","Parent Relationship": "Outer","Parallel Aware": true,"Async Capable": false,"Relation Name": "customer","Alias": "customer","Startup Cost": 0.00,"Total Cost": 4210.00,"Plan Rows": 62500,"Plan Width": 23,"Actual Startup Time": 0.019,"Actual Total Time": 16.715,"Actual Rows": 37500,"Actual Loops": 4,"Workers": []}]}]}]}]}]},"Planning Time": 6.132,"Triggers": [],"Execution Time": 11002.531}]
[{"Plan": {"Node Type": "Sort","Parallel Aware": false,"Async Capable": false,"Startup Cost": 397889.21,"Total Cost": 399077.01,"Plan Rows": 475120,"Plan Width": 71,"Actual Startup Time": 10950.105,"Actual Total Time": 10953.954,"Actual Rows": 9,"Actual Loops": 1,"Sort Key": ["orders.o_totalprice DESC", "orders.o_orderdate"],"Sort Method": "quicksort","Sort Space Used": 25,"Sort Space Type": "Memory","Plans": [{"Node Type": "Aggregate","Strategy": "Hashed","Partial Mode": "Simple","Parent Relationship": "Outer","Parallel Aware": false,"Async Capable": false,"Startup Cost": 347151.30,"Total Cost": 353090.30,"Plan Rows": 475120,"Plan Width": 71,"Actual Startup Time": 10902.471,"Actual Total Time": 10953.715,"Actual Rows": 9,"Actual Loops": 1,"Group Key": ["customer.c_custkey", "orders.o_orderkey"],"Planned Partitions": 0,"HashAgg Batches": 1,"Peak Memory Usage": 24601,"Disk Usage": 0,"Plans": [{"Node Type": "Gather","Parent Relationship": "Outer","Parallel Aware": false,"Async Capable": false,"Startup Cost": 216528.94,"Total Cost": 343587.90,"Plan Rows": 475120,"Plan Width": 44,"Actual Startup Time": 10893.800,"Actual Total Time": 10897.693,"Actual Rows": 63,"Actual Loops": 1,"Workers Planned": 3,"Workers Launched": 3,"Single Copy": false,"Plans": [{"Node Type": "Hash Join","Parent Relationship": "Outer","Parallel Aware": true,"Async Capable": false,"Join Type": "Inner","Startup Cost": 215528.94,"Total Cost": 295075.90,"Plan Rows": 153265,"Plan Width": 44,"Actual Startup Time": 10134.253,"Actual Total Time": 10314.794,"Actual Rows": 16,"Actual Loops": 4,"Inner Unique": true,"Hash Cond": "(orders.o_custkey = customer.c_custkey)","Workers": [],"Plans": [{"Node Type": "Nested Loop","Parent Relationship": "Outer","Parallel Aware": false,"Async Capable": false,"Join Type": "Inner","Startup Cost": 210537.69,"Total Cost": 289682.32,"Plan Rows": 153265,"Plan Width": 25,"Actual Startup Time": 10099.687,"Actual Total Time": 10280.153,"Actual Rows": 16,"Actual Loops": 4,"Inner Unique": false,"Workers": [],"Plans": [{"Node Type": "Hash Join","Parent Relationship": "Outer","Parallel Aware": false,"Async Capable": false,"Join Type": "Inner","Startup Cost": 210537.26,"Total Cost": 242741.13,"Plan Rows": 38308,"Plan Width": 24,"Actual Startup Time": 10099.575,"Actual Total Time": 10279.892,"Actual Rows": 2,"Actual Loops": 4,"Inner Unique": true,"Hash Cond": "(orders.o_orderkey = lineitem_1.l_orderkey)","Workers": [],"Plans": [{"Node Type": "Seq Scan","Parent Relationship": "Outer","Parallel Aware": true,"Async Capable": false,"Relation Name": "orders","Alias": "orders","Startup Cost": 0.00,"Total Cost": 30933.71,"Plan Rows": 483871,"Plan Width": 20,"Actual Startup Time": 0.011,"Actual Total Time": 51.627,"Actual Rows": 375000,"Actual Loops": 4,"Workers": []},{"Node Type": "Hash","Parent Relationship": "Inner","Parallel Aware": false,"Async Capable": false,"Startup Cost": 209052.81,"Total Cost": 209052.81,"Plan Rows": 118756,"Plan Width": 4,"Actual Startup Time": 10016.825,"Actual Total Time": 10016.839,"Actual Rows": 9,"Actual Loops": 4,"Hash Buckets": 131072,"Original Hash Buckets": 131072,"Hash Batches": 1,"Original Hash Batches": 1,"Peak Memory Usage": 1025,"Workers": [],"Plans": [{"Node Type": "Aggregate","Strategy": "Hashed","Partial Mode": "Simple","Parent Relationship": "Outer","Parallel Aware": false,"Async Capable": false,"Startup Cost": 202521.23,"Total Cost": 207865.25,"Plan Rows": 118756,"Plan Width": 4,"Actual Startup Time": 6319.140,"Actual Total Time": 10016.671,"Actual Rows": 9,"Actual Loops": 4,"Group Key": ["lineitem_1.l_orderkey"],"Filter": "(sum(lineitem_1.l_quantity) > '315'::numeric)","Planned Partitions": 0,"HashAgg Batches": 1,"Peak Memory Usage": 638993,"Disk Usage": 0,"Rows Removed by Filter": 1499991,"Workers": [{"Worker Number": 0,"HashAgg Batches": 1,"Peak Memory Usage": 638993,"Disk Usage": 0},{"Worker Number": 1,"HashAgg Batches": 1,"Peak Memory Usage": 638993,"Disk Usage": 0},{"Worker Number": 2,"HashAgg Batches": 1,"Peak Memory Usage": 638993,"Disk Usage": 0}],"Plans": [{"Node Type": "Seq Scan","Parent Relationship": "Outer","Parallel Aware": false,"Async Capable": false,"Relation Name": "lineitem","Alias": "lineitem_1","Startup Cost": 0.00,"Total Cost": 172515.15,"Plan Rows": 6001215,"Plan Width": 9,"Actual Startup Time": 0.018,"Actual Total Time": 971.843,"Actual Rows": 6001215,"Actual Loops": 4,"Workers": []}]}]}]},{"Node Type": "Index Scan","Parent Relationship": "Inner","Parallel Aware": false,"Async Capable": false,"Scan Direction": "Forward","Index Name": "idx_lineitem_orderkey","Relation Name": "lineitem","Alias": "lineitem","Startup Cost": 0.43,"Total Cost": 1.06,"Plan Rows": 17,"Plan Width": 9,"Actual Startup Time": 0.069,"Actual Total Time": 0.079,"Actual Rows": 7,"Actual Loops": 9,"Index Cond": "(l_orderkey = orders.o_orderkey)","Rows Removed by Index Recheck": 0,"Workers": []}]},{"Node Type": "Hash","Parent Relationship": "Inner","Parallel Aware": true,"Async Capable": false,"Startup Cost": 4210.00,"Total Cost": 4210.00,"Plan Rows": 62500,"Plan Width": 23,"Actual Startup Time": 33.677,"Actual Total Time": 33.684,"Actual Rows": 37500,"Actual Loops": 4,"Hash Buckets": 262144,"Original Hash Buckets": 262144,"Hash Batches": 1,"Original Hash Batches": 1,"Peak Memory Usage": 10368,"Workers": [],"Plans": [{"Node Type": "Seq Scan","Parent Relationship": "Outer","Parallel Aware": true,"Async Capable": false,"Relation Name": "customer","Alias": "customer","Startup Cost": 0.00,"Total Cost": 4210.00,"Plan Rows": 62500,"Plan Width": 23,"Actual Startup Time": 0.019,"Actual Total Time": 16.715,"Actual Rows": 37500,"Actual Loops": 4,"Workers": []}]}]}]}]}]},"Planning Time": 6.132,"Triggers": [],"Execution Time": 11002.531}]
[{"Plan": {"Node Type": "Sort","Parallel Aware": false,"Async Capable": false,"Startup Cost": 397889.21,"Total Cost": 399077.01,"Plan Rows": 475120,"Plan Width": 71,"Actual Startup Time": 10950.105,"Actual Total Time": 10953.954,"Actual Rows": 9,"Actual Loops": 1,"Sort Key": ["orders.o_totalprice DESC", "orders.o_orderdate"],"Sort Method": "quicksort","Sort Space Used": 25,"Sort Space Type": "Memory","Plans": [{"Node Type": "Aggregate","Strategy": "Hashed","Partial Mode": "Simple","Parent Relationship": "Outer","Parallel Aware": false,"Async Capable": false,"Startup Cost": 347151.30,"Total Cost": 353090.30,"Plan Rows": 475120,"Plan Width": 71,"Actual Startup Time": 10902.471,"Actual Total Time": 10953.715,"Actual Rows": 9,"Actual Loops": 1,"Group Key": ["customer.c_custkey", "orders.o_orderkey"],"Planned Partitions": 0,"HashAgg Batches": 1,"Peak Memory Usage": 24601,"Disk Usage": 0,"Plans": [{"Node Type": "Gather","Parent Relationship": "Outer","Parallel Aware": false,"Async Capable": false,"Startup Cost": 216528.94,"Total Cost": 343587.90,"Plan Rows": 475120,"Plan Width": 44,"Actual Startup Time": 10893.800,"Actual Total Time": 10897.693,"Actual Rows": 63,"Actual Loops": 1,"Workers Planned": 3,"Workers Launched": 3,"Single Copy": false,"Plans": [{"Node Type": "Hash Join","Parent Relationship": "Outer","Parallel Aware": true,"Async Capable": false,"Join Type": "Inner","Startup Cost": 215528.94,"Total Cost": 295075.90,"Plan Rows": 153265,"Plan Width": 44,"Actual Startup Time": 10134.253,"Actual Total Time": 10314.794,"Actual Rows": 16,"Actual Loops": 4,"Inner Unique": true,"Hash Cond": "(orders.o_custkey = customer.c_custkey)","Workers": [],"Plans": [{"Node Type": "Nested Loop","Parent Relationship": "Outer","Parallel Aware": false,"Async Capable": false,"Join Type": "Inner","Startup Cost": 210537.69,"Total Cost": 289682.32,"Plan Rows": 153265,"Plan Width": 25,"Actual Startup Time": 10099.687,"Actual Total Time": 10280.153,"Actual Rows": 16,"Actual Loops": 4,"Inner Unique": false,"Workers": [],"Plans": [{"Node Type": "Hash Join","Parent Relationship": "Outer","Parallel Aware": false,"Async Capable": false,"Join Type": "Inner","Startup Cost": 210537.26,"Total Cost": 242741.13,"Plan Rows": 38308,"Plan Width": 24,"Actual Startup Time": 10099.575,"Actual Total Time": 10279.892,"Actual Rows": 2,"Actual Loops": 4,"Inner Unique": true,"Hash Cond": "(orders.o_orderkey = lineitem_1.l_orderkey)","Workers": [],"Plans": [{"Node Type": "Seq Scan","Parent Relationship": "Outer","Parallel Aware": true,"Async Capable": false,"Relation Name": "orders","Alias": "orders","Startup Cost": 0.00,"Total Cost": 30933.71,"Plan Rows": 483871,"Plan Width": 20,"Actual Startup Time": 0.011,"Actual Total Time": 51.627,"Actual Rows": 375000,"Actual Loops": 4,"Workers": []},{"Node Type": "Hash","Parent Relationship": "Inner","Parallel Aware": false,"Async Capable": false,"Startup Cost": 209052.81,"Total Cost": 209052.81,"Plan Rows": 118756,"Plan Width": 4,"Actual Startup Time": 10016.825,"Actual Total Time": 10016.839,"Actual Rows": 9,"Actual Loops": 4,"Hash Buckets": 131072,"Original Hash Buckets": 131072,"Hash Batches": 1,"Original Hash Batches": 1,"Peak Memory Usage": 1025,"Workers": [],"Plans": [{"Node Type": "Aggregate","Strategy": "Hashed","Partial Mode": "Simple","Parent Relationship": "Outer","Parallel Aware": false,"Async Capable": false,"Startup Cost": 202521.23,"Total Cost": 207865.25,"Plan Rows": 118756,"Plan Width": 4,"Actual Startup Time": 6319.140,"Actual Total Time": 10016.671,"Actual Rows": 9,"Actual Loops": 4,"Group Key": ["lineitem_1.l_orderkey"],"Filter": "(sum(lineitem_1.l_quantity) > '315'::numeric)","Planned Partitions": 0,"HashAgg Batches": 1,"Peak Memory Usage": 638993,"Disk Usage": 0,"Rows Removed by Filter": 1499991,"Workers": [{"Worker Number": 0,"HashAgg Batches": 1,"Peak Memory Usage": 638993,"Disk Usage": 0},{"Worker Number": 1,"HashAgg Batches": 1,"Peak Memory Usage": 638993,"Disk Usage": 0},{"Worker Number": 2,"HashAgg Batches": 1,"Peak Memory Usage": 638993,"Disk Usage": 0}],"Plans": [{"Node Type": "Seq Scan","Parent Relationship": "Outer","Parallel Aware": false,"Async Capable": false,"Relation Name": "lineitem","Alias": "lineitem_1","Startup Cost": 0.00,"Total Cost": 172515.15,"Plan Rows": 6001215,"Plan Width": 9,"Actual Startup Time": 0.018,"Actual Total Time": 971.843,"Actual Rows": 6001215,"Actual Loops": 4,"Workers": []}]}]}]},{"Node Type": "Index Scan","Parent Relationship": "Inner","Parallel Aware": false,"Async Capable": false,"Scan Direction": "Forward","Index Name": "idx_lineitem_orderkey","Relation Name": "lineitem","Alias": "lineitem","Startup Cost": 0.43,"Total Cost": 1.06,"Plan Rows": 17,"Plan Width": 9,"Actual Startup Time": 0.069,"Actual Total Time": 0.079,"Actual Rows": 7,"Actual Loops": 9,"Index Cond": "(l_orderkey = orders.o_orderkey)","Rows Removed by Index Recheck": 0,"Workers": []}]},{"Node Type": "Hash","Parent Relationship": "Inner","Parallel Aware": true,"Async Capable": false,"Startup Cost": 4210.00,"Total Cost": 4210.00,"Plan Rows": 62500,"Plan Width": 23,"Actual Startup Time": 33.677,"Actual Total Time": 33.684,"Actual Rows": 37500,"Actual Loops": 4,"Hash Buckets": 262144,"Original Hash Buckets": 262144,"Hash Batches": 1,"Original Hash Batches": 1,"Peak Memory Usage": 10368,"Workers": [],"Plans": [{"Node Type": "Seq Scan","Parent Relationship": "Outer","Parallel Aware": true,"Async Capable": false,"Relation Name": "customer","Alias": "customer","Startup Cost": 0.00,"Total Cost": 4210.00,"Plan Rows": 62500,"Plan Width": 23,"Actual Startup Time": 0.019,"Actual Total Time": 16.715,"Actual Rows": 37500,"Actual Loops": 4,"Workers": []}]}]}]}]}]},"Planning Time": 6.132,"Triggers": [],"Execution Time": 11002.531}]
[{"Plan": {"Node Type": "Sort","Parallel Aware": false,"Async Capable": false,"Startup Cost": 397889.21,"Total Cost": 399077.01,"Plan Rows": 475120,"Plan Width": 71,"Actual Startup Time": 10950.105,"Actual Total Time": 10953.954,"Actual Rows": 9,"Actual Loops": 1,"Sort Key": ["orders.o_totalprice DESC", "orders.o_orderdate"],"Sort Method": "quicksort","Sort Space Used": 25,"Sort Space Type": "Memory","Plans": [{"Node Type": "Aggregate","Strategy": "Hashed","Partial Mode": "Simple","Parent Relationship": "Outer","Parallel Aware": false,"Async Capable": false,"Startup Cost": 347151.30,"Total Cost": 353090.30,"Plan Rows": 475120,"Plan Width": 71,"Actual Startup Time": 10902.471,"Actual Total Time": 10953.715,"Actual Rows": 9,"Actual Loops": 1,"Group Key": ["customer.c_custkey", "orders.o_orderkey"],"Planned Partitions": 0,"HashAgg Batches": 1,"Peak Memory Usage": 24601,"Disk Usage": 0,"Plans": [{"Node Type": "Gather","Parent Relationship": "Outer","Parallel Aware": false,"Async Capable": false,"Startup Cost": 216528.94,"Total Cost": 343587.90,"Plan Rows": 475120,"Plan Width": 44,"Actual Startup Time": 10893.800,"Actual Total Time": 10897.693,"Actual Rows": 63,"Actual Loops": 1,"Workers Planned": 3,"Workers Launched": 3,"Single Copy": false,"Plans": [{"Node Type": "Hash Join","Parent Relationship": "Outer","Parallel Aware": true,"Async Capable": false,"Join Type": "Inner","Startup Cost": 215528.94,"Total Cost": 295075.90,"Plan Rows": 153265,"Plan Width": 44,"Actual Startup Time": 10134.253,"Actual Total Time": 10314.794,"Actual Rows": 16,"Actual Loops": 4,"Inner Unique": true,"Hash Cond": "(orders.o_custkey = customer.c_custkey)","Workers": [],"Plans": [{"Node Type": "Nested Loop","Parent Relationship": "Outer","Parallel Aware": false,"Async Capable": false,"Join Type": "Inner","Startup Cost": 210537.69,"Total Cost": 289682.32,"Plan Rows": 153265,"Plan Width": 25,"Actual Startup Time": 10099.687,"Actual Total Time": 10280.153,"Actual Rows": 16,"Actual Loops": 4,"Inner Unique": false,"Workers": [],"Plans": [{"Node Type": "Hash Join","Parent Relationship": "Outer","Parallel Aware": false,"Async Capable": false,"Join Type": "Inner","Startup Cost": 210537.26,"Total Cost": 242741.13,"Plan Rows": 38308,"Plan Width": 24,"Actual Startup Time": 10099.575,"Actual Total Time": 10279.892,"Actual Rows": 2,"Actual Loops": 4,"Inner Unique": true,"Hash Cond": "(orders.o_orderkey = lineitem_1.l_orderkey)","Workers": [],"Plans": [{"Node Type": "Seq Scan","Parent Relationship": "Outer","Parallel Aware": true,"Async Capable": false,"Relation Name": "orders","Alias": "orders","Startup Cost": 0.00,"Total Cost": 30933.71,"Plan Rows": 483871,"Plan Width": 20,"Actual Startup Time": 0.011,"Actual Total Time": 51.627,"Actual Rows": 375000,"Actual Loops": 4,"Workers": []},{"Node Type": "Hash","Parent Relationship": "Inner","Parallel Aware": false,"Async Capable": false,"Startup Cost": 209052.81,"Total Cost": 209052.81,"Plan Rows": 118756,"Plan Width": 4,"Actual Startup Time": 10016.825,"Actual Total Time": 10016.839,"Actual Rows": 9,"Actual Loops": 4,"Hash Buckets": 131072,"Original Hash Buckets": 131072,"Hash Batches": 1,"Original Hash Batches": 1,"Peak Memory Usage": 1025,"Workers": [],"Plans": [{"Node Type": "Aggregate","Strategy": "Hashed","Partial Mode": "Simple","Parent Relationship": "Outer","Parallel Aware": false,"Async Capable": false,"Startup Cost": 202521.23,"Total Cost": 207865.25,"Plan Rows": 118756,"Plan Width": 4,"Actual Startup Time": 6319.140,"Actual Total Time": 10016.671,"Actual Rows": 9,"Actual Loops": 4,"Group Key": ["lineitem_1.l_orderkey"],"Filter": "(sum(lineitem_1.l_quantity) > '315'::numeric)","Planned Partitions": 0,"HashAgg Batches": 1,"Peak Memory Usage": 638993,"Disk Usage": 0,"Rows Removed by Filter": 1499991,"Workers": [{"Worker Number": 0,"HashAgg Batches": 1,"Peak Memory Usage": 638993,"Disk Usage": 0},{"Worker Number": 1,"HashAgg Batches": 1,"Peak Memory Usage": 638993,"Disk Usage": 0},{"Worker Number": 2,"HashAgg Batches": 1,"Peak Memory Usage": 638993,"Disk Usage": 0}],"Plans": [{"Node Type": "Seq Scan","Parent Relationship": "Outer","Parallel Aware": false,"Async Capable": false,"Relation Name": "lineitem","Alias": "lineitem_1","Startup Cost": 0.00,"Total Cost": 172515.15,"Plan Rows": 6001215,"Plan Width": 9,"Actual Startup Time": 0.018,"Actual Total Time": 971.843,"Actual Rows": 6001215,"Actual Loops": 4,"Workers": []}]}]}]},{"Node Type": "Index Scan","Parent Relationship": "Inner","Parallel Aware": false,"Async Capable": false,"Scan Direction": "Forward","Index Name": "idx_lineitem_orderkey","Relation Name": "lineitem","Alias": "lineitem","Startup Cost": 0.43,"Total Cost": 1.06,"Plan Rows": 17,"Plan Width": 9,"Actual Startup Time": 0.069,"Actual Total Time": 0.079,"Actual Rows": 7,"Actual Loops": 9,"Index Cond": "(l_orderkey = orders.o_orderkey)","Rows Removed by Index Recheck": 0,"Workers": []}]},{"Node Type": "Hash","Parent Relationship": "Inner","Parallel Aware": true,"Async Capable": false,"Startup Cost": 4210.00,"Total Cost": 4210.00,"Plan Rows": 62500,"Plan Width": 23,"Actual Startup Time": 33.677,"Actual Total Time": 33.684,"Actual Rows": 37500,"Actual Loops": 4,"Hash Buckets": 262144,"Original Hash Buckets": 262144,"Hash Batches": 1,"Original Hash Batches": 1,"Peak Memory Usage": 10368,"Workers": [],"Plans": [{"Node Type": "Seq Scan","Parent Relationship": "Outer","Parallel Aware": true,"Async Capable": false,"Relation Name": "customer","Alias": "customer","Startup Cost": 0.00,"Total Cost": 4210.00,"Plan Rows": 62500,"Plan Width": 23,"Actual Startup Time": 0.019,"Actual Total Time": 16.715,"Actual Rows": 37500,"Actual Loops": 4,"Workers": []}]}]}]}]}]},"Planning Time": 6.132,"Triggers": [],"Execution Time": 11002.531}]
[{"Plan": {"Node Type": "Sort","Parallel Aware": false,"Async Capable": false,"Startup Cost": 397889.21,"Total Cost": 399077.01,"Plan Rows": 475120,"Plan Width": 71,"Actual Startup Time": 10785.011,"Actual Total Time": 10839.032,"Actual Rows": 9,"Actual Loops": 1,"Sort Key": ["orders.o_totalprice DESC", "orders.o_orderdate"],"Sort Method": "quicksort","Sort Space Used": 25,"Sort Space Type": "Memory","Plans": [{"Node Type": "Aggregate","Strategy": "Hashed","Partial Mode": "Simple","Parent Relationship": "Outer","Parallel Aware": false,"Async Capable": false,"Startup Cost": 347151.30,"Total Cost": 353090.30,"Plan Rows": 475120,"Plan Width": 71,"Actual Startup Time": 10763.855,"Actual Total Time": 10838.848,"Actual Rows": 9,"Actual Loops": 1,"Group Key": ["customer.c_custkey", "orders.o_orderkey"],"Planned Partitions": 0,"HashAgg Batches": 1,"Peak Memory Usage": 24601,"Disk Usage": 0,"Plans": [{"Node Type": "Gather","Parent Relationship": "Outer","Parallel Aware": false,"Async Capable": false,"Startup Cost": 216528.94,"Total Cost": 343587.90,"Plan Rows": 475120,"Plan Width": 44,"Actual Startup Time": 9674.071,"Actual Total Time": 10813.470,"Actual Rows": 63,"Actual Loops": 1,"Workers Planned": 3,"Workers Launched": 3,"Single Copy": false,"Plans": [{"Node Type": "Hash Join","Parent Relationship": "Outer","Parallel Aware": true,"Async Capable": false,"Join Type": "Inner","Startup Cost": 215528.94,"Total Cost": 295075.90,"Plan Rows": 153265,"Plan Width": 44,"Actual Startup Time": 10141.072,"Actual Total Time": 10312.965,"Actual Rows": 16,"Actual Loops": 4,"Inner Unique": true,"Hash Cond": "(orders.o_custkey = customer.c_custkey)","Workers": [],"Plans": [{"Node Type": "Nested Loop","Parent Relationship": "Outer","Parallel Aware": false,"Async Capable": false,"Join Type": "Inner","Startup Cost": 210537.69,"Total Cost": 289682.32,"Plan Rows": 153265,"Plan Width": 25,"Actual Startup Time": 10104.129,"Actual Total Time": 10275.947,"Actual Rows": 16,"Actual Loops": 4,"Inner Unique": false,"Workers": [],"Plans": [{"Node Type": "Hash Join","Parent Relationship": "Outer","Parallel Aware": false,"Async Capable": false,"Join Type": "Inner","Startup Cost": 210537.26,"Total Cost": 242741.13,"Plan Rows": 38308,"Plan Width": 24,"Actual Startup Time": 10104.052,"Actual Total Time": 10275.739,"Actual Rows": 2,"Actual Loops": 4,"Inner Unique": true,"Hash Cond": "(orders.o_orderkey = lineitem_1.l_orderkey)","Workers": [],"Plans": [{"Node Type": "Seq Scan","Parent Relationship": "Outer","Parallel Aware": true,"Async Capable": false,"Relation Name": "orders","Alias": "orders","Startup Cost": 0.00,"Total Cost": 30933.71,"Plan Rows": 483871,"Plan Width": 20,"Actual Startup Time": 0.007,"Actual Total Time": 53.689,"Actual Rows": 375000,"Actual Loops": 4,"Workers": []},{"Node Type": "Hash","Parent Relationship": "Inner","Parallel Aware": false,"Async Capable": false,"Startup Cost": 209052.81,"Total Cost": 209052.81,"Plan Rows": 118756,"Plan Width": 4,"Actual Startup Time": 10025.157,"Actual Total Time": 10025.166,"Actual Rows": 9,"Actual Loops": 4,"Hash Buckets": 131072,"Original Hash Buckets": 131072,"Hash Batches": 1,"Original Hash Batches": 1,"Peak Memory Usage": 1025,"Workers": [],"Plans": [{"Node Type": "Aggregate","Strategy": "Hashed","Partial Mode": "Simple","Parent Relationship": "Outer","Parallel Aware": false,"Async Capable": false,"Startup Cost": 202521.23,"Total Cost": 207865.25,"Plan Rows": 118756,"Plan Width": 4,"Actual Startup Time": 6285.839,"Actual Total Time": 10024.981,"Actual Rows": 9,"Actual Loops": 4,"Group Key": ["lineitem_1.l_orderkey"],"Filter": "(sum(lineitem_1.l_quantity) > '314'::numeric)","Planned Partitions": 0,"HashAgg Batches": 1,"Peak Memory Usage": 638993,"Disk Usage": 0,"Rows Removed by Filter": 1499991,"Workers": [{"Worker Number": 0,"HashAgg Batches": 1,"Peak Memory Usage": 638993,"Disk Usage": 0},{"Worker Number": 1,"HashAgg Batches": 1,"Peak Memory Usage": 638993,"Disk Usage": 0},{"Worker Number": 2,"HashAgg Batches": 1,"Peak Memory Usage": 638993,"Disk Usage": 0}],"Plans": [{"Node Type": "Seq Scan","Parent Relationship": "Outer","Parallel Aware": false,"Async Capable": false,"Relation Name": "lineitem","Alias": "lineitem_1","Startup Cost": 0.00,"Total Cost": 172515.15,"Plan Rows": 6001215,"Plan Width": 9,"Actual Startup Time": 0.019,"Actual Total Time": 931.752,"Actual Rows": 6001215,"Actual Loops": 4,"Workers": []}]}]}]},{"Node Type": "Index Scan","Parent Relationship": "Inner","Parallel Aware": false,"Async Capable": false,"Scan Direction": "Forward","Index Name": "idx_lineitem_orderkey","Relation Name": "lineitem","Alias": "lineitem","Startup Cost": 0.43,"Total Cost": 1.06,"Plan Rows": 17,"Plan Width": 9,"Actual Startup Time": 0.055,"Actual Total Time": 0.062,"Actual Rows": 7,"Actual Loops": 9,"Index Cond": "(l_orderkey = orders.o_orderkey)","Rows Removed by Index Recheck": 0,"Workers": []}]},{"Node Type": "Hash","Parent Relationship": "Inner","Parallel Aware": true,"Async Capable": false,"Startup Cost": 4210.00,"Total Cost": 4210.00,"Plan Rows": 62500,"Plan Width": 23,"Actual Startup Time": 36.172,"Actual Total Time": 36.190,"Actual Rows": 37500,"Actual Loops": 4,"Hash Buckets": 262144,"Original Hash Buckets": 262144,"Hash Batches": 1,"Original Hash Batches": 1,"Peak Memory Usage": 10336,"Workers": [],"Plans": [{"Node Type": "Seq Scan","Parent Relationship": "Outer","Parallel Aware": true,"Async Capable": false,"Relation Name": "customer","Alias": "customer","Startup Cost": 0.00,"Total Cost": 4210.00,"Plan Rows": 62500,"Plan Width": 23,"Actual Startup Time": 0.024,"Actual Total Time": 17.933,"Actual Rows": 37500,"Actual Loops": 4,"Workers": []}]}]}]}]}]},"Planning Time": 6.881,"Triggers": [],"Execution Time": 10893.482}]
[{"Plan": {"Node Type": "Sort","Parallel Aware": false,"Async Capable": false,"Startup Cost": 397889.21,"Total Cost": 399077.01,"Plan Rows": 475120,"Plan Width": 71,"Actual Startup Time": 10950.105,"Actual Total Time": 10953.954,"Actual Rows": 9,"Actual Loops": 1,"Sort Key": ["orders.o_totalprice DESC", "orders.o_orderdate"],"Sort Method": "quicksort","Sort Space Used": 25,"Sort Space Type": "Memory","Plans": [{"Node Type": "Aggregate","Strategy": "Hashed","Partial Mode": "Simple","Parent Relationship": "Outer","Parallel Aware": false,"Async Capable": false,"Startup Cost": 347151.30,"Total Cost": 353090.30,"Plan Rows": 475120,"Plan Width": 71,"Actual Startup Time": 10902.471,"Actual Total Time": 10953.715,"Actual Rows": 9,"Actual Loops": 1,"Group Key": ["customer.c_custkey", "orders.o_orderkey"],"Planned Partitions": 0,"HashAgg Batches": 1,"Peak Memory Usage": 24601,"Disk Usage": 0,"Plans": [{"Node Type": "Gather","Parent Relationship": "Outer","Parallel Aware": false,"Async Capable": false,"Startup Cost": 216528.94,"Total Cost": 343587.90,"Plan Rows": 475120,"Plan Width": 44,"Actual Startup Time": 10893.800,"Actual Total Time": 10897.693,"Actual Rows": 63,"Actual Loops": 1,"Workers Planned": 3,"Workers Launched": 3,"Single Copy": false,"Plans": [{"Node Type": "Hash Join","Parent Relationship": "Outer","Parallel Aware": true,"Async Capable": false,"Join Type": "Inner","Startup Cost": 215528.94,"Total Cost": 295075.90,"Plan Rows": 153265,"Plan Width": 44,"Actual Startup Time": 10134.253,"Actual Total Time": 10314.794,"Actual Rows": 16,"Actual Loops": 4,"Inner Unique": true,"Hash Cond": "(orders.o_custkey = customer.c_custkey)","Workers": [],"Plans": [{"Node Type": "Nested Loop","Parent Relationship": "Outer","Parallel Aware": false,"Async Capable": false,"Join Type": "Inner","Startup Cost": 210537.69,"Total Cost": 289682.32,"Plan Rows": 153265,"Plan Width": 25,"Actual Startup Time": 10099.687,"Actual Total Time": 10280.153,"Actual Rows": 16,"Actual Loops": 4,"Inner Unique": false,"Workers": [],"Plans": [{"Node Type": "Hash Join","Parent Relationship": "Outer","Parallel Aware": false,"Async Capable": false,"Join Type": "Inner","Startup Cost": 210537.26,"Total Cost": 242741.13,"Plan Rows": 38308,"Plan Width": 24,"Actual Startup Time": 10099.575,"Actual Total Time": 10279.892,"Actual Rows": 2,"Actual Loops": 4,"Inner Unique": true,"Hash Cond": "(orders.o_orderkey = lineitem_1.l_orderkey)","Workers": [],"Plans": [{"Node Type": "Seq Scan","Parent Relationship": "Outer","Parallel Aware": true,"Async Capable": false,"Relation Name": "orders","Alias": "orders","Startup Cost": 0.00,"Total Cost": 30933.71,"Plan Rows": 483871,"Plan Width": 20,"Actual Startup Time": 0.011,"Actual Total Time": 51.627,"Actual Rows": 375000,"Actual Loops": 4,"Workers": []},{"Node Type": "Hash","Parent Relationship": "Inner","Parallel Aware": false,"Async Capable": false,"Startup Cost": 209052.81,"Total Cost": 209052.81,"Plan Rows": 118756,"Plan Width": 4,"Actual Startup Time": 10016.825,"Actual Total Time": 10016.839,"Actual Rows": 9,"Actual Loops": 4,"Hash Buckets": 131072,"Original Hash Buckets": 131072,"Hash Batches": 1,"Original Hash Batches": 1,"Peak Memory Usage": 1025,"Workers": [],"Plans": [{"Node Type": "Aggregate","Strategy": "Hashed","Partial Mode": "Simple","Parent Relationship": "Outer","Parallel Aware": false,"Async Capable": false,"Startup Cost": 202521.23,"Total Cost": 207865.25,"Plan Rows": 118756,"Plan Width": 4,"Actual Startup Time": 6319.140,"Actual Total Time": 10016.671,"Actual Rows": 9,"Actual Loops": 4,"Group Key": ["lineitem_1.l_orderkey"],"Filter": "(sum(lineitem_1.l_quantity) > '315'::numeric)","Planned Partitions": 0,"HashAgg Batches": 1,"Peak Memory Usage": 638993,"Disk Usage": 0,"Rows Removed by Filter": 1499991,"Workers": [{"Worker Number": 0,"HashAgg Batches": 1,"Peak Memory Usage": 638993,"Disk Usage": 0},{"Worker Number": 1,"HashAgg Batches": 1,"Peak Memory Usage": 638993,"Disk Usage": 0},{"Worker Number": 2,"HashAgg Batches": 1,"Peak Memory Usage": 638993,"Disk Usage": 0}],"Plans": [{"Node Type": "Seq Scan","Parent Relationship": "Outer","Parallel Aware": false,"Async Capable": false,"Relation Name": "lineitem","Alias": "lineitem_1","Startup Cost": 0.00,"Total Cost": 172515.15,"Plan Rows": 6001215,"Plan Width": 9,"Actual Startup Time": 0.018,"Actual Total Time": 971.843,"Actual Rows": 6001215,"Actual Loops": 4,"Workers": []}]}]}]},{"Node Type": "Index Scan","Parent Relationship": "Inner","Parallel Aware": false,"Async Capable": false,"Scan Direction": "Forward","Index Name": "idx_lineitem_orderkey","Relation Name": "lineitem","Alias": "lineitem","Startup Cost": 0.43,"Total Cost": 1.06,"Plan Rows": 17,"Plan Width": 9,"Actual Startup Time": 0.069,"Actual Total Time": 0.079,"Actual Rows": 7,"Actual Loops": 9,"Index Cond": "(l_orderkey = orders.o_orderkey)","Rows Removed by Index Recheck": 0,"Workers": []}]},{"Node Type": "Hash","Parent Relationship": "Inner","Parallel Aware": true,"Async Capable": false,"Startup Cost": 4210.00,"Total Cost": 4210.00,"Plan Rows": 62500,"Plan Width": 23,"Actual Startup Time": 33.677,"Actual Total Time": 33.684,"Actual Rows": 37500,"Actual Loops": 4,"Hash Buckets": 262144,"Original Hash Buckets": 262144,"Hash Batches": 1,"Original Hash Batches": 1,"Peak Memory Usage": 10368,"Workers": [],"Plans": [{"Node Type": "Seq Scan","Parent Relationship": "Outer","Parallel Aware": true,"Async Capable": false,"Relation Name": "customer","Alias": "customer","Startup Cost": 0.00,"Total Cost": 4210.00,"Plan Rows": 62500,"Plan Width": 23,"Actual Startup Time": 0.019,"Actual Total Time": 16.715,"Actual Rows": 37500,"Actual Loops": 4,"Workers": []}]}]}]}]}]},"Planning Time": 6.132,"Triggers": [],"Execution Time": 11002.531}]
[{"Plan": {"Node Type": "Sort","Parallel Aware": false,"Async Capable": false,"Startup Cost": 397889.21,"Total Cost": 399077.01,"Plan Rows": 475120,"Plan Width": 71,"Actual Startup Time": 10887.509,"Actual Total Time": 10908.132,"Actual Rows": 10,"Actual Loops": 1,"Sort Key": ["orders.o_totalprice DESC", "orders.o_orderdate"],"Sort Method": "quicksort","Sort Space Used": 25,"Sort Space Type": "Memory","Plans": [{"Node Type": "Aggregate","Strategy": "Hashed","Partial Mode": "Simple","Parent Relationship": "Outer","Parallel Aware": false,"Async Capable": false,"Startup Cost": 347151.30,"Total Cost": 353090.30,"Plan Rows": 475120,"Plan Width": 71,"Actual Startup Time": 10848.812,"Actual Total Time": 10907.941,"Actual Rows": 10,"Actual Loops": 1,"Group Key": ["customer.c_custkey", "orders.o_orderkey"],"Planned Partitions": 0,"HashAgg Batches": 1,"Peak Memory Usage": 24601,"Disk Usage": 0,"Plans": [{"Node Type": "Gather","Parent Relationship": "Outer","Parallel Aware": false,"Async Capable": false,"Startup Cost": 216528.94,"Total Cost": 343587.90,"Plan Rows": 475120,"Plan Width": 44,"Actual Startup Time": 10782.037,"Actual Total Time": 10858.151,"Actual Rows": 70,"Actual Loops": 1,"Workers Planned": 3,"Workers Launched": 3,"Single Copy": false,"Plans": [{"Node Type": "Hash Join","Parent Relationship": "Outer","Parallel Aware": true,"Async Capable": false,"Join Type": "Inner","Startup Cost": 215528.94,"Total Cost": 295075.90,"Plan Rows": 153265,"Plan Width": 44,"Actual Startup Time": 10180.765,"Actual Total Time": 10348.312,"Actual Rows": 18,"Actual Loops": 4,"Inner Unique": true,"Hash Cond": "(orders.o_custkey = customer.c_custkey)","Workers": [],"Plans": [{"Node Type": "Nested Loop","Parent Relationship": "Outer","Parallel Aware": false,"Async Capable": false,"Join Type": "Inner","Startup Cost": 210537.69,"Total Cost": 289682.32,"Plan Rows": 153265,"Plan Width": 25,"Actual Startup Time": 10142.809,"Actual Total Time": 10310.270,"Actual Rows": 18,"Actual Loops": 4,"Inner Unique": false,"Workers": [],"Plans": [{"Node Type": "Hash Join","Parent Relationship": "Outer","Parallel Aware": false,"Async Capable": false,"Join Type": "Inner","Startup Cost": 210537.26,"Total Cost": 242741.13,"Plan Rows": 38308,"Plan Width": 24,"Actual Startup Time": 10142.670,"Actual Total Time": 10309.991,"Actual Rows": 2,"Actual Loops": 4,"Inner Unique": true,"Hash Cond": "(orders.o_orderkey = lineitem_1.l_orderkey)","Workers": [],"Plans": [{"Node Type": "Seq Scan","Parent Relationship": "Outer","Parallel Aware": true,"Async Capable": false,"Relation Name": "orders","Alias": "orders","Startup Cost": 0.00,"Total Cost": 30933.71,"Plan Rows": 483871,"Plan Width": 20,"Actual Startup Time": 0.009,"Actual Total Time": 49.040,"Actual Rows": 375000,"Actual Loops": 4,"Workers": []},{"Node Type": "Hash","Parent Relationship": "Inner","Parallel Aware": false,"Async Capable": false,"Startup Cost": 209052.81,"Total Cost": 209052.81,"Plan Rows": 118756,"Plan Width": 4,"Actual Startup Time": 10075.163,"Actual Total Time": 10075.176,"Actual Rows": 10,"Actual Loops": 4,"Hash Buckets": 131072,"Original Hash Buckets": 131072,"Hash Batches": 1,"Original Hash Batches": 1,"Peak Memory Usage": 1025,"Workers": [],"Plans": [{"Node Type": "Aggregate","Strategy": "Hashed","Partial Mode": "Simple","Parent Relationship": "Outer","Parallel Aware": false,"Async Capable": false,"Startup Cost": 202521.23,"Total Cost": 207865.25,"Plan Rows": 118756,"Plan Width": 4,"Actual Startup Time": 6293.151,"Actual Total Time": 10074.968,"Actual Rows": 10,"Actual Loops": 4,"Group Key": ["lineitem_1.l_orderkey"],"Filter": "(sum(lineitem_1.l_quantity) > '312'::numeric)","Planned Partitions": 0,"HashAgg Batches": 1,"Peak Memory Usage": 638993,"Disk Usage": 0,"Rows Removed by Filter": 1499990,"Workers": [{"Worker Number": 0,"HashAgg Batches": 1,"Peak Memory Usage": 638993,"Disk Usage": 0},{"Worker Number": 1,"HashAgg Batches": 1,"Peak Memory Usage": 638993,"Disk Usage": 0},{"Worker Number": 2,"HashAgg Batches": 1,"Peak Memory Usage": 638993,"Disk Usage": 0}],"Plans": [{"Node Type": "Seq Scan","Parent Relationship": "Outer","Parallel Aware": false,"Async Capable": false,"Relation Name": "lineitem","Alias": "lineitem_1","Startup Cost": 0.00,"Total Cost": 172515.15,"Plan Rows": 6001215,"Plan Width": 9,"Actual Startup Time": 0.021,"Actual Total Time": 960.546,"Actual Rows": 6001215,"Actual Loops": 4,"Workers": []}]}]}]},{"Node Type": "Index Scan","Parent Relationship": "Inner","Parallel Aware": false,"Async Capable": false,"Scan Direction": "Forward","Index Name": "idx_lineitem_orderkey","Relation Name": "lineitem","Alias": "lineitem","Startup Cost": 0.43,"Total Cost": 1.06,"Plan Rows": 17,"Plan Width": 9,"Actual Startup Time": 0.072,"Actual Total Time": 0.079,"Actual Rows": 7,"Actual Loops": 10,"Index Cond": "(l_orderkey = orders.o_orderkey)","Rows Removed by Index Recheck": 0,"Workers": []}]},{"Node Type": "Hash","Parent Relationship": "Inner","Parallel Aware": true,"Async Capable": false,"Startup Cost": 4210.00,"Total Cost": 4210.00,"Plan Rows": 62500,"Plan Width": 23,"Actual Startup Time": 37.105,"Actual Total Time": 37.114,"Actual Rows": 37500,"Actual Loops": 4,"Hash Buckets": 262144,"Original Hash Buckets": 262144,"Hash Batches": 1,"Original Hash Batches": 1,"Peak Memory Usage": 10368,"Workers": [],"Plans": [{"Node Type": "Seq Scan","Parent Relationship": "Outer","Parallel Aware": true,"Async Capable": false,"Relation Name": "customer","Alias": "customer","Startup Cost": 0.00,"Total Cost": 4210.00,"Plan Rows": 62500,"Plan Width": 23,"Actual Startup Time": 0.025,"Actual Total Time": 19.726,"Actual Rows": 37500,"Actual Loops": 4,"Workers": []}]}]}]}]}]},"Planning Time": 6.715,"Triggers": [],"Execution Time": 10961.817}]
[{"Plan": {"Node Type": "Sort","Parallel Aware": false,"Async Capable": false,"Startup Cost": 397889.21,"Total Cost": 399077.01,"Plan Rows": 475120,"Plan Width": 71,"Actual Startup Time": 10950.105,"Actual Total Time": 10953.954,"Actual Rows": 9,"Actual Loops": 1,"Sort Key": ["orders.o_totalprice DESC", "orders.o_orderdate"],"Sort Method": "quicksort","Sort Space Used": 25,"Sort Space Type": "Memory","Plans": [{"Node Type": "Aggregate","Strategy": "Hashed","Partial Mode": "Simple","Parent Relationship": "Outer","Parallel Aware": false,"Async Capable": false,"Startup Cost": 347151.30,"Total Cost": 353090.30,"Plan Rows": 475120,"Plan Width": 71,"Actual Startup Time": 10902.471,"Actual Total Time": 10953.715,"Actual Rows": 9,"Actual Loops": 1,"Group Key": ["customer.c_custkey", "orders.o_orderkey"],"Planned Partitions": 0,"HashAgg Batches": 1,"Peak Memory Usage": 24601,"Disk Usage": 0,"Plans": [{"Node Type": "Gather","Parent Relationship": "Outer","Parallel Aware": false,"Async Capable": false,"Startup Cost": 216528.94,"Total Cost": 343587.90,"Plan Rows": 475120,"Plan Width": 44,"Actual Startup Time": 10893.800,"Actual Total Time": 10897.693,"Actual Rows": 63,"Actual Loops": 1,"Workers Planned": 3,"Workers Launched": 3,"Single Copy": false,"Plans": [{"Node Type": "Hash Join","Parent Relationship": "Outer","Parallel Aware": true,"Async Capable": false,"Join Type": "Inner","Startup Cost": 215528.94,"Total Cost": 295075.90,"Plan Rows": 153265,"Plan Width": 44,"Actual Startup Time": 10134.253,"Actual Total Time": 10314.794,"Actual Rows": 16,"Actual Loops": 4,"Inner Unique": true,"Hash Cond": "(orders.o_custkey = customer.c_custkey)","Workers": [],"Plans": [{"Node Type": "Nested Loop","Parent Relationship": "Outer","Parallel Aware": false,"Async Capable": false,"Join Type": "Inner","Startup Cost": 210537.69,"Total Cost": 289682.32,"Plan Rows": 153265,"Plan Width": 25,"Actual Startup Time": 10099.687,"Actual Total Time": 10280.153,"Actual Rows": 16,"Actual Loops": 4,"Inner Unique": false,"Workers": [],"Plans": [{"Node Type": "Hash Join","Parent Relationship": "Outer","Parallel Aware": false,"Async Capable": false,"Join Type": "Inner","Startup Cost": 210537.26,"Total Cost": 242741.13,"Plan Rows": 38308,"Plan Width": 24,"Actual Startup Time": 10099.575,"Actual Total Time": 10279.892,"Actual Rows": 2,"Actual Loops": 4,"Inner Unique": true,"Hash Cond": "(orders.o_orderkey = lineitem_1.l_orderkey)","Workers": [],"Plans": [{"Node Type": "Seq Scan","Parent Relationship": "Outer","Parallel Aware": true,"Async Capable": false,"Relation Name": "orders","Alias": "orders","Startup Cost": 0.00,"Total Cost": 30933.71,"Plan Rows": 483871,"Plan Width": 20,"Actual Startup Time": 0.011,"Actual Total Time": 51.627,"Actual Rows": 375000,"Actual Loops": 4,"Workers": []},{"Node Type": "Hash","Parent Relationship": "Inner","Parallel Aware": false,"Async Capable": false,"Startup Cost": 209052.81,"Total Cost": 209052.81,"Plan Rows": 118756,"Plan Width": 4,"Actual Startup Time": 10016.825,"Actual Total Time": 10016.839,"Actual Rows": 9,"Actual Loops": 4,"Hash Buckets": 131072,"Original Hash Buckets": 131072,"Hash Batches": 1,"Original Hash Batches": 1,"Peak Memory Usage": 1025,"Workers": [],"Plans": [{"Node Type": "Aggregate","Strategy": "Hashed","Partial Mode": "Simple","Parent Relationship": "Outer","Parallel Aware": false,"Async Capable": false,"Startup Cost": 202521.23,"Total Cost": 207865.25,"Plan Rows": 118756,"Plan Width": 4,"Actual Startup Time": 6319.140,"Actual Total Time": 10016.671,"Actual Rows": 9,"Actual Loops": 4,"Group Key": ["lineitem_1.l_orderkey"],"Filter": "(sum(lineitem_1.l_quantity) > '315'::numeric)","Planned Partitions": 0,"HashAgg Batches": 1,"Peak Memory Usage": 638993,"Disk Usage": 0,"Rows Removed by Filter": 1499991,"Workers": [{"Worker Number": 0,"HashAgg Batches": 1,"Peak Memory Usage": 638993,"Disk Usage": 0},{"Worker Number": 1,"HashAgg Batches": 1,"Peak Memory Usage": 638993,"Disk Usage": 0},{"Worker Number": 2,"HashAgg Batches": 1,"Peak Memory Usage": 638993,"Disk Usage": 0}],"Plans": [{"Node Type": "Seq Scan","Parent Relationship": "Outer","Parallel Aware": false,"Async Capable": false,"Relation Name": "lineitem","Alias": "lineitem_1","Startup Cost": 0.00,"Total Cost": 172515.15,"Plan Rows": 6001215,"Plan Width": 9,"Actual Startup Time": 0.018,"Actual Total Time": 971.843,"Actual Rows": 6001215,"Actual Loops": 4,"Workers": []}]}]}]},{"Node Type": "Index Scan","Parent Relationship": "Inner","Parallel Aware": false,"Async Capable": false,"Scan Direction": "Forward","Index Name": "idx_lineitem_orderkey","Relation Name": "lineitem","Alias": "lineitem","Startup Cost": 0.43,"Total Cost": 1.06,"Plan Rows": 17,"Plan Width": 9,"Actual Startup Time": 0.069,"Actual Total Time": 0.079,"Actual Rows": 7,"Actual Loops": 9,"Index Cond": "(l_orderkey = orders.o_orderkey)","Rows Removed by Index Recheck": 0,"Workers": []}]},{"Node Type": "Hash","Parent Relationship": "Inner","Parallel Aware": true,"Async Capable": false,"Startup Cost": 4210.00,"Total Cost": 4210.00,"Plan Rows": 62500,"Plan Width": 23,"Actual Startup Time": 33.677,"Actual Total Time": 33.684,"Actual Rows": 37500,"Actual Loops": 4,"Hash Buckets": 262144,"Original Hash Buckets": 262144,"Hash Batches": 1,"Original Hash Batches": 1,"Peak Memory Usage": 10368,"Workers": [],"Plans": [{"Node Type": "Seq Scan","Parent Relationship": "Outer","Parallel Aware": true,"Async Capable": false,"Relation Name": "customer","Alias": "customer","Startup Cost": 0.00,"Total Cost": 4210.00,"Plan Rows": 62500,"Plan Width": 23,"Actual Startup Time": 0.019,"Actual Total Time": 16.715,"Actual Rows": 37500,"Actual Loops": 4,"Workers": []}]}]}]}]}]},"Planning Time": 6.132,"Triggers": [],"Execution Time": 11002.531}]
[{"Plan": {"Node Type": "Sort","Parallel Aware": false,"Async Capable": false,"Startup Cost": 397889.21,"Total Cost": 399077.01,"Plan Rows": 475120,"Plan Width": 71,"Actual Startup Time": 10785.011,"Actual Total Time": 10839.032,"Actual Rows": 9,"Actual Loops": 1,"Sort Key": ["orders.o_totalprice DESC", "orders.o_orderdate"],"Sort Method": "quicksort","Sort Space Used": 25,"Sort Space Type": "Memory","Plans": [{"Node Type": "Aggregate","Strategy": "Hashed","Partial Mode": "Simple","Parent Relationship": "Outer","Parallel Aware": false,"Async Capable": false,"Startup Cost": 347151.30,"Total Cost": 353090.30,"Plan Rows": 475120,"Plan Width": 71,"Actual Startup Time": 10763.855,"Actual Total Time": 10838.848,"Actual Rows": 9,"Actual Loops": 1,"Group Key": ["customer.c_custkey", "orders.o_orderkey"],"Planned Partitions": 0,"HashAgg Batches": 1,"Peak Memory Usage": 24601,"Disk Usage": 0,"Plans": [{"Node Type": "Gather","Parent Relationship": "Outer","Parallel Aware": false,"Async Capable": false,"Startup Cost": 216528.94,"Total Cost": 343587.90,"Plan Rows": 475120,"Plan Width": 44,"Actual Startup Time": 9674.071,"Actual Total Time": 10813.470,"Actual Rows": 63,"Actual Loops": 1,"Workers Planned": 3,"Workers Launched": 3,"Single Copy": false,"Plans": [{"Node Type": "Hash Join","Parent Relationship": "Outer","Parallel Aware": true,"Async Capable": false,"Join Type": "Inner","Startup Cost": 215528.94,"Total Cost": 295075.90,"Plan Rows": 153265,"Plan Width": 44,"Actual Startup Time": 10141.072,"Actual Total Time": 10312.965,"Actual Rows": 16,"Actual Loops": 4,"Inner Unique": true,"Hash Cond": "(orders.o_custkey = customer.c_custkey)","Workers": [],"Plans": [{"Node Type": "Nested Loop","Parent Relationship": "Outer","Parallel Aware": false,"Async Capable": false,"Join Type": "Inner","Startup Cost": 210537.69,"Total Cost": 289682.32,"Plan Rows": 153265,"Plan Width": 25,"Actual Startup Time": 10104.129,"Actual Total Time": 10275.947,"Actual Rows": 16,"Actual Loops": 4,"Inner Unique": false,"Workers": [],"Plans": [{"Node Type": "Hash Join","Parent Relationship": "Outer","Parallel Aware": false,"Async Capable": false,"Join Type": "Inner","Startup Cost": 210537.26,"Total Cost": 242741.13,"Plan Rows": 38308,"Plan Width": 24,"Actual Startup Time": 10104.052,"Actual Total Time": 10275.739,"Actual Rows": 2,"Actual Loops": 4,"Inner Unique": true,"Hash Cond": "(orders.o_orderkey = lineitem_1.l_orderkey)","Workers": [],"Plans": [{"Node Type": "Seq Scan","Parent Relationship": "Outer","Parallel Aware": true,"Async Capable": false,"Relation Name": "orders","Alias": "orders","Startup Cost": 0.00,"Total Cost": 30933.71,"Plan Rows": 483871,"Plan Width": 20,"Actual Startup Time": 0.007,"Actual Total Time": 53.689,"Actual Rows": 375000,"Actual Loops": 4,"Workers": []},{"Node Type": "Hash","Parent Relationship": "Inner","Parallel Aware": false,"Async Capable": false,"Startup Cost": 209052.81,"Total Cost": 209052.81,"Plan Rows": 118756,"Plan Width": 4,"Actual Startup Time": 10025.157,"Actual Total Time": 10025.166,"Actual Rows": 9,"Actual Loops": 4,"Hash Buckets": 131072,"Original Hash Buckets": 131072,"Hash Batches": 1,"Original Hash Batches": 1,"Peak Memory Usage": 1025,"Workers": [],"Plans": [{"Node Type": "Aggregate","Strategy": "Hashed","Partial Mode": "Simple","Parent Relationship": "Outer","Parallel Aware": false,"Async Capable": false,"Startup Cost": 202521.23,"Total Cost": 207865.25,"Plan Rows": 118756,"Plan Width": 4,"Actual Startup Time": 6285.839,"Actual Total Time": 10024.981,"Actual Rows": 9,"Actual Loops": 4,"Group Key": ["lineitem_1.l_orderkey"],"Filter": "(sum(lineitem_1.l_quantity) > '314'::numeric)","Planned Partitions": 0,"HashAgg Batches": 1,"Peak Memory Usage": 638993,"Disk Usage": 0,"Rows Removed by Filter": 1499991,"Workers": [{"Worker Number": 0,"HashAgg Batches": 1,"Peak Memory Usage": 638993,"Disk Usage": 0},{"Worker Number": 1,"HashAgg Batches": 1,"Peak Memory Usage": 638993,"Disk Usage": 0},{"Worker Number": 2,"HashAgg Batches": 1,"Peak Memory Usage": 638993,"Disk Usage": 0}],"Plans": [{"Node Type": "Seq Scan","Parent Relationship": "Outer","Parallel Aware": false,"Async Capable": false,"Relation Name": "lineitem","Alias": "lineitem_1","Startup Cost": 0.00,"Total Cost": 172515.15,"Plan Rows": 6001215,"Plan Width": 9,"Actual Startup Time": 0.019,"Actual Total Time": 931.752,"Actual Rows": 6001215,"Actual Loops": 4,"Workers": []}]}]}]},{"Node Type": "Index Scan","Parent Relationship": "Inner","Parallel Aware": false,"Async Capable": false,"Scan Direction": "Forward","Index Name": "idx_lineitem_orderkey","Relation Name": "lineitem","Alias": "lineitem","Startup Cost": 0.43,"Total Cost": 1.06,"Plan Rows": 17,"Plan Width": 9,"Actual Startup Time": 0.055,"Actual Total Time": 0.062,"Actual Rows": 7,"Actual Loops": 9,"Index Cond": "(l_orderkey = orders.o_orderkey)","Rows Removed by Index Recheck": 0,"Workers": []}]},{"Node Type": "Hash","Parent Relationship": "Inner","Parallel Aware": true,"Async Capable": false,"Startup Cost": 4210.00,"Total Cost": 4210.00,"Plan Rows": 62500,"Plan Width": 23,"Actual Startup Time": 36.172,"Actual Total Time": 36.190,"Actual Rows": 37500,"Actual Loops": 4,"Hash Buckets": 262144,"Original Hash Buckets": 262144,"Hash Batches": 1,"Original Hash Batches": 1,"Peak Memory Usage": 10336,"Workers": [],"Plans": [{"Node Type": "Seq Scan","Parent Relationship": "Outer","Parallel Aware": true,"Async Capable": false,"Relation Name": "customer","Alias": "customer","Startup Cost": 0.00,"Total Cost": 4210.00,"Plan Rows": 62500,"Plan Width": 23,"Actual Startup Time": 0.024,"Actual Total Time": 17.933,"Actual Rows": 37500,"Actual Loops": 4,"Workers": []}]}]}]}]}]},"Planning Time": 6.881,"Triggers": [],"Execution Time": 10893.482}]
[{"Plan": {"Node Type": "Sort","Parallel Aware": false,"Async Capable": false,"Startup Cost": 397889.21,"Total Cost": 399077.01,"Plan Rows": 475120,"Plan Width": 71,"Actual Startup Time": 10887.509,"Actual Total Time": 10908.132,"Actual Rows": 10,"Actual Loops": 1,"Sort Key": ["orders.o_totalprice DESC", "orders.o_orderdate"],"Sort Method": "quicksort","Sort Space Used": 25,"Sort Space Type": "Memory","Plans": [{"Node Type": "Aggregate","Strategy": "Hashed","Partial Mode": "Simple","Parent Relationship": "Outer","Parallel Aware": false,"Async Capable": false,"Startup Cost": 347151.30,"Total Cost": 353090.30,"Plan Rows": 475120,"Plan Width": 71,"Actual Startup Time": 10848.812,"Actual Total Time": 10907.941,"Actual Rows": 10,"Actual Loops": 1,"Group Key": ["customer.c_custkey", "orders.o_orderkey"],"Planned Partitions": 0,"HashAgg Batches": 1,"Peak Memory Usage": 24601,"Disk Usage": 0,"Plans": [{"Node Type": "Gather","Parent Relationship": "Outer","Parallel Aware": false,"Async Capable": false,"Startup Cost": 216528.94,"Total Cost": 343587.90,"Plan Rows": 475120,"Plan Width": 44,"Actual Startup Time": 10782.037,"Actual Total Time": 10858.151,"Actual Rows": 70,"Actual Loops": 1,"Workers Planned": 3,"Workers Launched": 3,"Single Copy": false,"Plans": [{"Node Type": "Hash Join","Parent Relationship": "Outer","Parallel Aware": true,"Async Capable": false,"Join Type": "Inner","Startup Cost": 215528.94,"Total Cost": 295075.90,"Plan Rows": 153265,"Plan Width": 44,"Actual Startup Time": 10180.765,"Actual Total Time": 10348.312,"Actual Rows": 18,"Actual Loops": 4,"Inner Unique": true,"Hash Cond": "(orders.o_custkey = customer.c_custkey)","Workers": [],"Plans": [{"Node Type": "Nested Loop","Parent Relationship": "Outer","Parallel Aware": false,"Async Capable": false,"Join Type": "Inner","Startup Cost": 210537.69,"Total Cost": 289682.32,"Plan Rows": 153265,"Plan Width": 25,"Actual Startup Time": 10142.809,"Actual Total Time": 10310.270,"Actual Rows": 18,"Actual Loops": 4,"Inner Unique": false,"Workers": [],"Plans": [{"Node Type": "Hash Join","Parent Relationship": "Outer","Parallel Aware": false,"Async Capable": false,"Join Type": "Inner","Startup Cost": 210537.26,"Total Cost": 242741.13,"Plan Rows": 38308,"Plan Width": 24,"Actual Startup Time": 10142.670,"Actual Total Time": 10309.991,"Actual Rows": 2,"Actual Loops": 4,"Inner Unique": true,"Hash Cond": "(orders.o_orderkey = lineitem_1.l_orderkey)","Workers": [],"Plans": [{"Node Type": "Seq Scan","Parent Relationship": "Outer","Parallel Aware": true,"Async Capable": false,"Relation Name": "orders","Alias": "orders","Startup Cost": 0.00,"Total Cost": 30933.71,"Plan Rows": 483871,"Plan Width": 20,"Actual Startup Time": 0.009,"Actual Total Time": 49.040,"Actual Rows": 375000,"Actual Loops": 4,"Workers": []},{"Node Type": "Hash","Parent Relationship": "Inner","Parallel Aware": false,"Async Capable": false,"Startup Cost": 209052.81,"Total Cost": 209052.81,"Plan Rows": 118756,"Plan Width": 4,"Actual Startup Time": 10075.163,"Actual Total Time": 10075.176,"Actual Rows": 10,"Actual Loops": 4,"Hash Buckets": 131072,"Original Hash Buckets": 131072,"Hash Batches": 1,"Original Hash Batches": 1,"Peak Memory Usage": 1025,"Workers": [],"Plans": [{"Node Type": "Aggregate","Strategy": "Hashed","Partial Mode": "Simple","Parent Relationship": "Outer","Parallel Aware": false,"Async Capable": false,"Startup Cost": 202521.23,"Total Cost": 207865.25,"Plan Rows": 118756,"Plan Width": 4,"Actual Startup Time": 6293.151,"Actual Total Time": 10074.968,"Actual Rows": 10,"Actual Loops": 4,"Group Key": ["lineitem_1.l_orderkey"],"Filter": "(sum(lineitem_1.l_quantity) > '312'::numeric)","Planned Partitions": 0,"HashAgg Batches": 1,"Peak Memory Usage": 638993,"Disk Usage": 0,"Rows Removed by Filter": 1499990,"Workers": [{"Worker Number": 0,"HashAgg Batches": 1,"Peak Memory Usage": 638993,"Disk Usage": 0},{"Worker Number": 1,"HashAgg Batches": 1,"Peak Memory Usage": 638993,"Disk Usage": 0},{"Worker Number": 2,"HashAgg Batches": 1,"Peak Memory Usage": 638993,"Disk Usage": 0}],"Plans": [{"Node Type": "Seq Scan","Parent Relationship": "Outer","Parallel Aware": false,"Async Capable": false,"Relation Name": "lineitem","Alias": "lineitem_1","Startup Cost": 0.00,"Total Cost": 172515.15,"Plan Rows": 6001215,"Plan Width": 9,"Actual Startup Time": 0.021,"Actual Total Time": 960.546,"Actual Rows": 6001215,"Actual Loops": 4,"Workers": []}]}]}]},{"Node Type": "Index Scan","Parent Relationship": "Inner","Parallel Aware": false,"Async Capable": false,"Scan Direction": "Forward","Index Name": "idx_lineitem_orderkey","Relation Name": "lineitem","Alias": "lineitem","Startup Cost": 0.43,"Total Cost": 1.06,"Plan Rows": 17,"Plan Width": 9,"Actual Startup Time": 0.072,"Actual Total Time": 0.079,"Actual Rows": 7,"Actual Loops": 10,"Index Cond": "(l_orderkey = orders.o_orderkey)","Rows Removed by Index Recheck": 0,"Workers": []}]},{"Node Type": "Hash","Parent Relationship": "Inner","Parallel Aware": true,"Async Capable": false,"Startup Cost": 4210.00,"Total Cost": 4210.00,"Plan Rows": 62500,"Plan Width": 23,"Actual Startup Time": 37.105,"Actual Total Time": 37.114,"Actual Rows": 37500,"Actual Loops": 4,"Hash Buckets": 262144,"Original Hash Buckets": 262144,"Hash Batches": 1,"Original Hash Batches": 1,"Peak Memory Usage": 10368,"Workers": [],"Plans": [{"Node Type": "Seq Scan","Parent Relationship": "Outer","Parallel Aware": true,"Async Capable": false,"Relation Name": "customer","Alias": "customer","Startup Cost": 0.00,"Total Cost": 4210.00,"Plan Rows": 62500,"Plan Width": 23,"Actual Startup Time": 0.025,"Actual Total Time": 19.726,"Actual Rows": 37500,"Actual Loops": 4,"Workers": []}]}]}]}]}]},"Planning Time": 6.715,"Triggers": [],"Execution Time": 10961.817}]
[{"Plan": {"Node Type": "Sort","Parallel Aware": false,"Async Capable": false,"Startup Cost": 397889.21,"Total Cost": 399077.01,"Plan Rows": 475120,"Plan Width": 71,"Actual Startup Time": 10785.011,"Actual Total Time": 10839.032,"Actual Rows": 9,"Actual Loops": 1,"Sort Key": ["orders.o_totalprice DESC", "orders.o_orderdate"],"Sort Method": "quicksort","Sort Space Used": 25,"Sort Space Type": "Memory","Plans": [{"Node Type": "Aggregate","Strategy": "Hashed","Partial Mode": "Simple","Parent Relationship": "Outer","Parallel Aware": false,"Async Capable": false,"Startup Cost": 347151.30,"Total Cost": 353090.30,"Plan Rows": 475120,"Plan Width": 71,"Actual Startup Time": 10763.855,"Actual Total Time": 10838.848,"Actual Rows": 9,"Actual Loops": 1,"Group Key": ["customer.c_custkey", "orders.o_orderkey"],"Planned Partitions": 0,"HashAgg Batches": 1,"Peak Memory Usage": 24601,"Disk Usage": 0,"Plans": [{"Node Type": "Gather","Parent Relationship": "Outer","Parallel Aware": false,"Async Capable": false,"Startup Cost": 216528.94,"Total Cost": 343587.90,"Plan Rows": 475120,"Plan Width": 44,"Actual Startup Time": 9674.071,"Actual Total Time": 10813.470,"Actual Rows": 63,"Actual Loops": 1,"Workers Planned": 3,"Workers Launched": 3,"Single Copy": false,"Plans": [{"Node Type": "Hash Join","Parent Relationship": "Outer","Parallel Aware": true,"Async Capable": false,"Join Type": "Inner","Startup Cost": 215528.94,"Total Cost": 295075.90,"Plan Rows": 153265,"Plan Width": 44,"Actual Startup Time": 10141.072,"Actual Total Time": 10312.965,"Actual Rows": 16,"Actual Loops": 4,"Inner Unique": true,"Hash Cond": "(orders.o_custkey = customer.c_custkey)","Workers": [],"Plans": [{"Node Type": "Nested Loop","Parent Relationship": "Outer","Parallel Aware": false,"Async Capable": false,"Join Type": "Inner","Startup Cost": 210537.69,"Total Cost": 289682.32,"Plan Rows": 153265,"Plan Width": 25,"Actual Startup Time": 10104.129,"Actual Total Time": 10275.947,"Actual Rows": 16,"Actual Loops": 4,"Inner Unique": false,"Workers": [],"Plans": [{"Node Type": "Hash Join","Parent Relationship": "Outer","Parallel Aware": false,"Async Capable": false,"Join Type": "Inner","Startup Cost": 210537.26,"Total Cost": 242741.13,"Plan Rows": 38308,"Plan Width": 24,"Actual Startup Time": 10104.052,"Actual Total Time": 10275.739,"Actual Rows": 2,"Actual Loops": 4,"Inner Unique": true,"Hash Cond": "(orders.o_orderkey = lineitem_1.l_orderkey)","Workers": [],"Plans": [{"Node Type": "Seq Scan","Parent Relationship": "Outer","Parallel Aware": true,"Async Capable": false,"Relation Name": "orders","Alias": "orders","Startup Cost": 0.00,"Total Cost": 30933.71,"Plan Rows": 483871,"Plan Width": 20,"Actual Startup Time": 0.007,"Actual Total Time": 53.689,"Actual Rows": 375000,"Actual Loops": 4,"Workers": []},{"Node Type": "Hash","Parent Relationship": "Inner","Parallel Aware": false,"Async Capable": false,"Startup Cost": 209052.81,"Total Cost": 209052.81,"Plan Rows": 118756,"Plan Width": 4,"Actual Startup Time": 10025.157,"Actual Total Time": 10025.166,"Actual Rows": 9,"Actual Loops": 4,"Hash Buckets": 131072,"Original Hash Buckets": 131072,"Hash Batches": 1,"Original Hash Batches": 1,"Peak Memory Usage": 1025,"Workers": [],"Plans": [{"Node Type": "Aggregate","Strategy": "Hashed","Partial Mode": "Simple","Parent Relationship": "Outer","Parallel Aware": false,"Async Capable": false,"Startup Cost": 202521.23,"Total Cost": 207865.25,"Plan Rows": 118756,"Plan Width": 4,"Actual Startup Time": 6285.839,"Actual Total Time": 10024.981,"Actual Rows": 9,"Actual Loops": 4,"Group Key": ["lineitem_1.l_orderkey"],"Filter": "(sum(lineitem_1.l_quantity) > '314'::numeric)","Planned Partitions": 0,"HashAgg Batches": 1,"Peak Memory Usage": 638993,"Disk Usage": 0,"Rows Removed by Filter": 1499991,"Workers": [{"Worker Number": 0,"HashAgg Batches": 1,"Peak Memory Usage": 638993,"Disk Usage": 0},{"Worker Number": 1,"HashAgg Batches": 1,"Peak Memory Usage": 638993,"Disk Usage": 0},{"Worker Number": 2,"HashAgg Batches": 1,"Peak Memory Usage": 638993,"Disk Usage": 0}],"Plans": [{"Node Type": "Seq Scan","Parent Relationship": "Outer","Parallel Aware": false,"Async Capable": false,"Relation Name": "lineitem","Alias": "lineitem_1","Startup Cost": 0.00,"Total Cost": 172515.15,"Plan Rows": 6001215,"Plan Width": 9,"Actual Startup Time": 0.019,"Actual Total Time": 931.752,"Actual Rows": 6001215,"Actual Loops": 4,"Workers": []}]}]}]},{"Node Type": "Index Scan","Parent Relationship": "Inner","Parallel Aware": false,"Async Capable": false,"Scan Direction": "Forward","Index Name": "idx_lineitem_orderkey","Relation Name": "lineitem","Alias": "lineitem","Startup Cost": 0.43,"Total Cost": 1.06,"Plan Rows": 17,"Plan Width": 9,"Actual Startup Time": 0.055,"Actual Total Time": 0.062,"Actual Rows": 7,"Actual Loops": 9,"Index Cond": "(l_orderkey = orders.o_orderkey)","Rows Removed by Index Recheck": 0,"Workers": []}]},{"Node Type": "Hash","Parent Relationship": "Inner","Parallel Aware": true,"Async Capable": false,"Startup Cost": 4210.00,"Total Cost": 4210.00,"Plan Rows": 62500,"Plan Width": 23,"Actual Startup Time": 36.172,"Actual Total Time": 36.190,"Actual Rows": 37500,"Actual Loops": 4,"Hash Buckets": 262144,"Original Hash Buckets": 262144,"Hash Batches": 1,"Original Hash Batches": 1,"Peak Memory Usage": 10336,"Workers": [],"Plans": [{"Node Type": "Seq Scan","Parent Relationship": "Outer","Parallel Aware": true,"Async Capable": false,"Relation Name": "customer","Alias": "customer","Startup Cost": 0.00,"Total Cost": 4210.00,"Plan Rows": 62500,"Plan Width": 23,"Actual Startup Time": 0.024,"Actual Total Time": 17.933,"Actual Rows": 37500,"Actual Loops": 4,"Workers": []}]}]}]}]}]},"Planning Time": 6.881,"Triggers": [],"Execution Time": 10893.482}]
[{"Plan": {"Node Type": "Sort","Parallel Aware": false,"Async Capable": false,"Startup Cost": 397889.21,"Total Cost": 399077.01,"Plan Rows": 475120,"Plan Width": 71,"Actual Startup Time": 10950.105,"Actual Total Time": 10953.954,"Actual Rows": 9,"Actual Loops": 1,"Sort Key": ["orders.o_totalprice DESC", "orders.o_orderdate"],"Sort Method": "quicksort","Sort Space Used": 25,"Sort Space Type": "Memory","Plans": [{"Node Type": "Aggregate","Strategy": "Hashed","Partial Mode": "Simple","Parent Relationship": "Outer","Parallel Aware": false,"Async Capable": false,"Startup Cost": 347151.30,"Total Cost": 353090.30,"Plan Rows": 475120,"Plan Width": 71,"Actual Startup Time": 10902.471,"Actual Total Time": 10953.715,"Actual Rows": 9,"Actual Loops": 1,"Group Key": ["customer.c_custkey", "orders.o_orderkey"],"Planned Partitions": 0,"HashAgg Batches": 1,"Peak Memory Usage": 24601,"Disk Usage": 0,"Plans": [{"Node Type": "Gather","Parent Relationship": "Outer","Parallel Aware": false,"Async Capable": false,"Startup Cost": 216528.94,"Total Cost": 343587.90,"Plan Rows": 475120,"Plan Width": 44,"Actual Startup Time": 10893.800,"Actual Total Time": 10897.693,"Actual Rows": 63,"Actual Loops": 1,"Workers Planned": 3,"Workers Launched": 3,"Single Copy": false,"Plans": [{"Node Type": "Hash Join","Parent Relationship": "Outer","Parallel Aware": true,"Async Capable": false,"Join Type": "Inner","Startup Cost": 215528.94,"Total Cost": 295075.90,"Plan Rows": 153265,"Plan Width": 44,"Actual Startup Time": 10134.253,"Actual Total Time": 10314.794,"Actual Rows": 16,"Actual Loops": 4,"Inner Unique": true,"Hash Cond": "(orders.o_custkey = customer.c_custkey)","Workers": [],"Plans": [{"Node Type": "Nested Loop","Parent Relationship": "Outer","Parallel Aware": false,"Async Capable": false,"Join Type": "Inner","Startup Cost": 210537.69,"Total Cost": 289682.32,"Plan Rows": 153265,"Plan Width": 25,"Actual Startup Time": 10099.687,"Actual Total Time": 10280.153,"Actual Rows": 16,"Actual Loops": 4,"Inner Unique": false,"Workers": [],"Plans": [{"Node Type": "Hash Join","Parent Relationship": "Outer","Parallel Aware": false,"Async Capable": false,"Join Type": "Inner","Startup Cost": 210537.26,"Total Cost": 242741.13,"Plan Rows": 38308,"Plan Width": 24,"Actual Startup Time": 10099.575,"Actual Total Time": 10279.892,"Actual Rows": 2,"Actual Loops": 4,"Inner Unique": true,"Hash Cond": "(orders.o_orderkey = lineitem_1.l_orderkey)","Workers": [],"Plans": [{"Node Type": "Seq Scan","Parent Relationship": "Outer","Parallel Aware": true,"Async Capable": false,"Relation Name": "orders","Alias": "orders","Startup Cost": 0.00,"Total Cost": 30933.71,"Plan Rows": 483871,"Plan Width": 20,"Actual Startup Time": 0.011,"Actual Total Time": 51.627,"Actual Rows": 375000,"Actual Loops": 4,"Workers": []},{"Node Type": "Hash","Parent Relationship": "Inner","Parallel Aware": false,"Async Capable": false,"Startup Cost": 209052.81,"Total Cost": 209052.81,"Plan Rows": 118756,"Plan Width": 4,"Actual Startup Time": 10016.825,"Actual Total Time": 10016.839,"Actual Rows": 9,"Actual Loops": 4,"Hash Buckets": 131072,"Original Hash Buckets": 131072,"Hash Batches": 1,"Original Hash Batches": 1,"Peak Memory Usage": 1025,"Workers": [],"Plans": [{"Node Type": "Aggregate","Strategy": "Hashed","Partial Mode": "Simple","Parent Relationship": "Outer","Parallel Aware": false,"Async Capable": false,"Startup Cost": 202521.23,"Total Cost": 207865.25,"Plan Rows": 118756,"Plan Width": 4,"Actual Startup Time": 6319.140,"Actual Total Time": 10016.671,"Actual Rows": 9,"Actual Loops": 4,"Group Key": ["lineitem_1.l_orderkey"],"Filter": "(sum(lineitem_1.l_quantity) > '315'::numeric)","Planned Partitions": 0,"HashAgg Batches": 1,"Peak Memory Usage": 638993,"Disk Usage": 0,"Rows Removed by Filter": 1499991,"Workers": [{"Worker Number": 0,"HashAgg Batches": 1,"Peak Memory Usage": 638993,"Disk Usage": 0},{"Worker Number": 1,"HashAgg Batches": 1,"Peak Memory Usage": 638993,"Disk Usage": 0},{"Worker Number": 2,"HashAgg Batches": 1,"Peak Memory Usage": 638993,"Disk Usage": 0}],"Plans": [{"Node Type": "Seq Scan","Parent Relationship": "Outer","Parallel Aware": false,"Async Capable": false,"Relation Name": "lineitem","Alias": "lineitem_1","Startup Cost": 0.00,"Total Cost": 172515.15,"Plan Rows": 6001215,"Plan Width": 9,"Actual Startup Time": 0.018,"Actual Total Time": 971.843,"Actual Rows": 6001215,"Actual Loops": 4,"Workers": []}]}]}]},{"Node Type": "Index Scan","Parent Relationship": "Inner","Parallel Aware": false,"Async Capable": false,"Scan Direction": "Forward","Index Name": "idx_lineitem_orderkey","Relation Name": "lineitem","Alias": "lineitem","Startup Cost": 0.43,"Total Cost": 1.06,"Plan Rows": 17,"Plan Width": 9,"Actual Startup Time": 0.069,"Actual Total Time": 0.079,"Actual Rows": 7,"Actual Loops": 9,"Index Cond": "(l_orderkey = orders.o_orderkey)","Rows Removed by Index Recheck": 0,"Workers": []}]},{"Node Type": "Hash","Parent Relationship": "Inner","Parallel Aware": true,"Async Capable": false,"Startup Cost": 4210.00,"Total Cost": 4210.00,"Plan Rows": 62500,"Plan Width": 23,"Actual Startup Time": 33.677,"Actual Total Time": 33.684,"Actual Rows": 37500,"Actual Loops": 4,"Hash Buckets": 262144,"Original Hash Buckets": 262144,"Hash Batches": 1,"Original Hash Batches": 1,"Peak Memory Usage": 10368,"Workers": [],"Plans": [{"Node Type": "Seq Scan","Parent Relationship": "Outer","Parallel Aware": true,"Async Capable": false,"Relation Name": "customer","Alias": "customer","Startup Cost": 0.00,"Total Cost": 4210.00,"Plan Rows": 62500,"Plan Width": 23,"Actual Startup Time": 0.019,"Actual Total Time": 16.715,"Actual Rows": 37500,"Actual Loops": 4,"Workers": []}]}]}]}]}]},"Planning Time": 6.132,"Triggers": [],"Execution Time": 11002.531}]
[{"Plan": {"Node Type": "Sort","Parallel Aware": false,"Async Capable": false,"Startup Cost": 397889.21,"Total Cost": 399077.01,"Plan Rows": 475120,"Plan Width": 71,"Actual Startup Time": 10785.011,"Actual Total Time": 10839.032,"Actual Rows": 9,"Actual Loops": 1,"Sort Key": ["orders.o_totalprice DESC", "orders.o_orderdate"],"Sort Method": "quicksort","Sort Space Used": 25,"Sort Space Type": "Memory","Plans": [{"Node Type": "Aggregate","Strategy": "Hashed","Partial Mode": "Simple","Parent Relationship": "Outer","Parallel Aware": false,"Async Capable": false,"Startup Cost": 347151.30,"Total Cost": 353090.30,"Plan Rows": 475120,"Plan Width": 71,"Actual Startup Time": 10763.855,"Actual Total Time": 10838.848,"Actual Rows": 9,"Actual Loops": 1,"Group Key": ["customer.c_custkey", "orders.o_orderkey"],"Planned Partitions": 0,"HashAgg Batches": 1,"Peak Memory Usage": 24601,"Disk Usage": 0,"Plans": [{"Node Type": "Gather","Parent Relationship": "Outer","Parallel Aware": false,"Async Capable": false,"Startup Cost": 216528.94,"Total Cost": 343587.90,"Plan Rows": 475120,"Plan Width": 44,"Actual Startup Time": 9674.071,"Actual Total Time": 10813.470,"Actual Rows": 63,"Actual Loops": 1,"Workers Planned": 3,"Workers Launched": 3,"Single Copy": false,"Plans": [{"Node Type": "Hash Join","Parent Relationship": "Outer","Parallel Aware": true,"Async Capable": false,"Join Type": "Inner","Startup Cost": 215528.94,"Total Cost": 295075.90,"Plan Rows": 153265,"Plan Width": 44,"Actual Startup Time": 10141.072,"Actual Total Time": 10312.965,"Actual Rows": 16,"Actual Loops": 4,"Inner Unique": true,"Hash Cond": "(orders.o_custkey = customer.c_custkey)","Workers": [],"Plans": [{"Node Type": "Nested Loop","Parent Relationship": "Outer","Parallel Aware": false,"Async Capable": false,"Join Type": "Inner","Startup Cost": 210537.69,"Total Cost": 289682.32,"Plan Rows": 153265,"Plan Width": 25,"Actual Startup Time": 10104.129,"Actual Total Time": 10275.947,"Actual Rows": 16,"Actual Loops": 4,"Inner Unique": false,"Workers": [],"Plans": [{"Node Type": "Hash Join","Parent Relationship": "Outer","Parallel Aware": false,"Async Capable": false,"Join Type": "Inner","Startup Cost": 210537.26,"Total Cost": 242741.13,"Plan Rows": 38308,"Plan Width": 24,"Actual Startup Time": 10104.052,"Actual Total Time": 10275.739,"Actual Rows": 2,"Actual Loops": 4,"Inner Unique": true,"Hash Cond": "(orders.o_orderkey = lineitem_1.l_orderkey)","Workers": [],"Plans": [{"Node Type": "Seq Scan","Parent Relationship": "Outer","Parallel Aware": true,"Async Capable": false,"Relation Name": "orders","Alias": "orders","Startup Cost": 0.00,"Total Cost": 30933.71,"Plan Rows": 483871,"Plan Width": 20,"Actual Startup Time": 0.007,"Actual Total Time": 53.689,"Actual Rows": 375000,"Actual Loops": 4,"Workers": []},{"Node Type": "Hash","Parent Relationship": "Inner","Parallel Aware": false,"Async Capable": false,"Startup Cost": 209052.81,"Total Cost": 209052.81,"Plan Rows": 118756,"Plan Width": 4,"Actual Startup Time": 10025.157,"Actual Total Time": 10025.166,"Actual Rows": 9,"Actual Loops": 4,"Hash Buckets": 131072,"Original Hash Buckets": 131072,"Hash Batches": 1,"Original Hash Batches": 1,"Peak Memory Usage": 1025,"Workers": [],"Plans": [{"Node Type": "Aggregate","Strategy": "Hashed","Partial Mode": "Simple","Parent Relationship": "Outer","Parallel Aware": false,"Async Capable": false,"Startup Cost": 202521.23,"Total Cost": 207865.25,"Plan Rows": 118756,"Plan Width": 4,"Actual Startup Time": 6285.839,"Actual Total Time": 10024.981,"Actual Rows": 9,"Actual Loops": 4,"Group Key": ["lineitem_1.l_orderkey"],"Filter": "(sum(lineitem_1.l_quantity) > '314'::numeric)","Planned Partitions": 0,"HashAgg Batches": 1,"Peak Memory Usage": 638993,"Disk Usage": 0,"Rows Removed by Filter": 1499991,"Workers": [{"Worker Number": 0,"HashAgg Batches": 1,"Peak Memory Usage": 638993,"Disk Usage": 0},{"Worker Number": 1,"HashAgg Batches": 1,"Peak Memory Usage": 638993,"Disk Usage": 0},{"Worker Number": 2,"HashAgg Batches": 1,"Peak Memory Usage": 638993,"Disk Usage": 0}],"Plans": [{"Node Type": "Seq Scan","Parent Relationship": "Outer","Parallel Aware": false,"Async Capable": false,"Relation Name": "lineitem","Alias": "lineitem_1","Startup Cost": 0.00,"Total Cost": 172515.15,"Plan Rows": 6001215,"Plan Width": 9,"Actual Startup Time": 0.019,"Actual Total Time": 931.752,"Actual Rows": 6001215,"Actual Loops": 4,"Workers": []}]}]}]},{"Node Type": "Index Scan","Parent Relationship": "Inner","Parallel Aware": false,"Async Capable": false,"Scan Direction": "Forward","Index Name": "idx_lineitem_orderkey","Relation Name": "lineitem","Alias": "lineitem","Startup Cost": 0.43,"Total Cost": 1.06,"Plan Rows": 17,"Plan Width": 9,"Actual Startup Time": 0.055,"Actual Total Time": 0.062,"Actual Rows": 7,"Actual Loops": 9,"Index Cond": "(l_orderkey = orders.o_orderkey)","Rows Removed by Index Recheck": 0,"Workers": []}]},{"Node Type": "Hash","Parent Relationship": "Inner","Parallel Aware": true,"Async Capable": false,"Startup Cost": 4210.00,"Total Cost": 4210.00,"Plan Rows": 62500,"Plan Width": 23,"Actual Startup Time": 36.172,"Actual Total Time": 36.190,"Actual Rows": 37500,"Actual Loops": 4,"Hash Buckets": 262144,"Original Hash Buckets": 262144,"Hash Batches": 1,"Original Hash Batches": 1,"Peak Memory Usage": 10336,"Workers": [],"Plans": [{"Node Type": "Seq Scan","Parent Relationship": "Outer","Parallel Aware": true,"Async Capable": false,"Relation Name": "customer","Alias": "customer","Startup Cost": 0.00,"Total Cost": 4210.00,"Plan Rows": 62500,"Plan Width": 23,"Actual Startup Time": 0.024,"Actual Total Time": 17.933,"Actual Rows": 37500,"Actual Loops": 4,"Workers": []}]}]}]}]}]},"Planning Time": 6.881,"Triggers": [],"Execution Time": 10893.482}]
[{"Plan": {"Node Type": "Sort","Parallel Aware": false,"Async Capable": false,"Startup Cost": 397889.21,"Total Cost": 399077.01,"Plan Rows": 475120,"Plan Width": 71,"Actual Startup Time": 10887.509,"Actual Total Time": 10908.132,"Actual Rows": 10,"Actual Loops": 1,"Sort Key": ["orders.o_totalprice DESC", "orders.o_orderdate"],"Sort Method": "quicksort","Sort Space Used": 25,"Sort Space Type": "Memory","Plans": [{"Node Type": "Aggregate","Strategy": "Hashed","Partial Mode": "Simple","Parent Relationship": "Outer","Parallel Aware": false,"Async Capable": false,"Startup Cost": 347151.30,"Total Cost": 353090.30,"Plan Rows": 475120,"Plan Width": 71,"Actual Startup Time": 10848.812,"Actual Total Time": 10907.941,"Actual Rows": 10,"Actual Loops": 1,"Group Key": ["customer.c_custkey", "orders.o_orderkey"],"Planned Partitions": 0,"HashAgg Batches": 1,"Peak Memory Usage": 24601,"Disk Usage": 0,"Plans": [{"Node Type": "Gather","Parent Relationship": "Outer","Parallel Aware": false,"Async Capable": false,"Startup Cost": 216528.94,"Total Cost": 343587.90,"Plan Rows": 475120,"Plan Width": 44,"Actual Startup Time": 10782.037,"Actual Total Time": 10858.151,"Actual Rows": 70,"Actual Loops": 1,"Workers Planned": 3,"Workers Launched": 3,"Single Copy": false,"Plans": [{"Node Type": "Hash Join","Parent Relationship": "Outer","Parallel Aware": true,"Async Capable": false,"Join Type": "Inner","Startup Cost": 215528.94,"Total Cost": 295075.90,"Plan Rows": 153265,"Plan Width": 44,"Actual Startup Time": 10180.765,"Actual Total Time": 10348.312,"Actual Rows": 18,"Actual Loops": 4,"Inner Unique": true,"Hash Cond": "(orders.o_custkey = customer.c_custkey)","Workers": [],"Plans": [{"Node Type": "Nested Loop","Parent Relationship": "Outer","Parallel Aware": false,"Async Capable": false,"Join Type": "Inner","Startup Cost": 210537.69,"Total Cost": 289682.32,"Plan Rows": 153265,"Plan Width": 25,"Actual Startup Time": 10142.809,"Actual Total Time": 10310.270,"Actual Rows": 18,"Actual Loops": 4,"Inner Unique": false,"Workers": [],"Plans": [{"Node Type": "Hash Join","Parent Relationship": "Outer","Parallel Aware": false,"Async Capable": false,"Join Type": "Inner","Startup Cost": 210537.26,"Total Cost": 242741.13,"Plan Rows": 38308,"Plan Width": 24,"Actual Startup Time": 10142.670,"Actual Total Time": 10309.991,"Actual Rows": 2,"Actual Loops": 4,"Inner Unique": true,"Hash Cond": "(orders.o_orderkey = lineitem_1.l_orderkey)","Workers": [],"Plans": [{"Node Type": "Seq Scan","Parent Relationship": "Outer","Parallel Aware": true,"Async Capable": false,"Relation Name": "orders","Alias": "orders","Startup Cost": 0.00,"Total Cost": 30933.71,"Plan Rows": 483871,"Plan Width": 20,"Actual Startup Time": 0.009,"Actual Total Time": 49.040,"Actual Rows": 375000,"Actual Loops": 4,"Workers": []},{"Node Type": "Hash","Parent Relationship": "Inner","Parallel Aware": false,"Async Capable": false,"Startup Cost": 209052.81,"Total Cost": 209052.81,"Plan Rows": 118756,"Plan Width": 4,"Actual Startup Time": 10075.163,"Actual Total Time": 10075.176,"Actual Rows": 10,"Actual Loops": 4,"Hash Buckets": 131072,"Original Hash Buckets": 131072,"Hash Batches": 1,"Original Hash Batches": 1,"Peak Memory Usage": 1025,"Workers": [],"Plans": [{"Node Type": "Aggregate","Strategy": "Hashed","Partial Mode": "Simple","Parent Relationship": "Outer","Parallel Aware": false,"Async Capable": false,"Startup Cost": 202521.23,"Total Cost": 207865.25,"Plan Rows": 118756,"Plan Width": 4,"Actual Startup Time": 6293.151,"Actual Total Time": 10074.968,"Actual Rows": 10,"Actual Loops": 4,"Group Key": ["lineitem_1.l_orderkey"],"Filter": "(sum(lineitem_1.l_quantity) > '312'::numeric)","Planned Partitions": 0,"HashAgg Batches": 1,"Peak Memory Usage": 638993,"Disk Usage": 0,"Rows Removed by Filter": 1499990,"Workers": [{"Worker Number": 0,"HashAgg Batches": 1,"Peak Memory Usage": 638993,"Disk Usage": 0},{"Worker Number": 1,"HashAgg Batches": 1,"Peak Memory Usage": 638993,"Disk Usage": 0},{"Worker Number": 2,"HashAgg Batches": 1,"Peak Memory Usage": 638993,"Disk Usage": 0}],"Plans": [{"Node Type": "Seq Scan","Parent Relationship": "Outer","Parallel Aware": false,"Async Capable": false,"Relation Name": "lineitem","Alias": "lineitem_1","Startup Cost": 0.00,"Total Cost": 172515.15,"Plan Rows": 6001215,"Plan Width": 9,"Actual Startup Time": 0.021,"Actual Total Time": 960.546,"Actual Rows": 6001215,"Actual Loops": 4,"Workers": []}]}]}]},{"Node Type": "Index Scan","Parent Relationship": "Inner","Parallel Aware": false,"Async Capable": false,"Scan Direction": "Forward","Index Name": "idx_lineitem_orderkey","Relation Name": "lineitem","Alias": "lineitem","Startup Cost": 0.43,"Total Cost": 1.06,"Plan Rows": 17,"Plan Width": 9,"Actual Startup Time": 0.072,"Actual Total Time": 0.079,"Actual Rows": 7,"Actual Loops": 10,"Index Cond": "(l_orderkey = orders.o_orderkey)","Rows Removed by Index Recheck": 0,"Workers": []}]},{"Node Type": "Hash","Parent Relationship": "Inner","Parallel Aware": true,"Async Capable": false,"Startup Cost": 4210.00,"Total Cost": 4210.00,"Plan Rows": 62500,"Plan Width": 23,"Actual Startup Time": 37.105,"Actual Total Time": 37.114,"Actual Rows": 37500,"Actual Loops": 4,"Hash Buckets": 262144,"Original Hash Buckets": 262144,"Hash Batches": 1,"Original Hash Batches": 1,"Peak Memory Usage": 10368,"Workers": [],"Plans": [{"Node Type": "Seq Scan","Parent Relationship": "Outer","Parallel Aware": true,"Async Capable": false,"Relation Name": "customer","Alias": "customer","Startup Cost": 0.00,"Total Cost": 4210.00,"Plan Rows": 62500,"Plan Width": 23,"Actual Startup Time": 0.025,"Actual Total Time": 19.726,"Actual Rows": 37500,"Actual Loops": 4,"Workers": []}]}]}]}]}]},"Planning Time": 6.715,"Triggers": [],"Execution Time": 10961.817}]
[{"Plan": {"Node Type": "Sort","Parallel Aware": false,"Async Capable": false,"Startup Cost": 397889.21,"Total Cost": 399077.01,"Plan Rows": 475120,"Plan Width": 71,"Actual Startup Time": 10785.011,"Actual Total Time": 10839.032,"Actual Rows": 9,"Actual Loops": 1,"Sort Key": ["orders.o_totalprice DESC", "orders.o_orderdate"],"Sort Method": "quicksort","Sort Space Used": 25,"Sort Space Type": "Memory","Plans": [{"Node Type": "Aggregate","Strategy": "Hashed","Partial Mode": "Simple","Parent Relationship": "Outer","Parallel Aware": false,"Async Capable": false,"Startup Cost": 347151.30,"Total Cost": 353090.30,"Plan Rows": 475120,"Plan Width": 71,"Actual Startup Time": 10763.855,"Actual Total Time": 10838.848,"Actual Rows": 9,"Actual Loops": 1,"Group Key": ["customer.c_custkey", "orders.o_orderkey"],"Planned Partitions": 0,"HashAgg Batches": 1,"Peak Memory Usage": 24601,"Disk Usage": 0,"Plans": [{"Node Type": "Gather","Parent Relationship": "Outer","Parallel Aware": false,"Async Capable": false,"Startup Cost": 216528.94,"Total Cost": 343587.90,"Plan Rows": 475120,"Plan Width": 44,"Actual Startup Time": 9674.071,"Actual Total Time": 10813.470,"Actual Rows": 63,"Actual Loops": 1,"Workers Planned": 3,"Workers Launched": 3,"Single Copy": false,"Plans": [{"Node Type": "Hash Join","Parent Relationship": "Outer","Parallel Aware": true,"Async Capable": false,"Join Type": "Inner","Startup Cost": 215528.94,"Total Cost": 295075.90,"Plan Rows": 153265,"Plan Width": 44,"Actual Startup Time": 10141.072,"Actual Total Time": 10312.965,"Actual Rows": 16,"Actual Loops": 4,"Inner Unique": true,"Hash Cond": "(orders.o_custkey = customer.c_custkey)","Workers": [],"Plans": [{"Node Type": "Nested Loop","Parent Relationship": "Outer","Parallel Aware": false,"Async Capable": false,"Join Type": "Inner","Startup Cost": 210537.69,"Total Cost": 289682.32,"Plan Rows": 153265,"Plan Width": 25,"Actual Startup Time": 10104.129,"Actual Total Time": 10275.947,"Actual Rows": 16,"Actual Loops": 4,"Inner Unique": false,"Workers": [],"Plans": [{"Node Type": "Hash Join","Parent Relationship": "Outer","Parallel Aware": false,"Async Capable": false,"Join Type": "Inner","Startup Cost": 210537.26,"Total Cost": 242741.13,"Plan Rows": 38308,"Plan Width": 24,"Actual Startup Time": 10104.052,"Actual Total Time": 10275.739,"Actual Rows": 2,"Actual Loops": 4,"Inner Unique": true,"Hash Cond": "(orders.o_orderkey = lineitem_1.l_orderkey)","Workers": [],"Plans": [{"Node Type": "Seq Scan","Parent Relationship": "Outer","Parallel Aware": true,"Async Capable": false,"Relation Name": "orders","Alias": "orders","Startup Cost": 0.00,"Total Cost": 30933.71,"Plan Rows": 483871,"Plan Width": 20,"Actual Startup Time": 0.007,"Actual Total Time": 53.689,"Actual Rows": 375000,"Actual Loops": 4,"Workers": []},{"Node Type": "Hash","Parent Relationship": "Inner","Parallel Aware": false,"Async Capable": false,"Startup Cost": 209052.81,"Total Cost": 209052.81,"Plan Rows": 118756,"Plan Width": 4,"Actual Startup Time": 10025.157,"Actual Total Time": 10025.166,"Actual Rows": 9,"Actual Loops": 4,"Hash Buckets": 131072,"Original Hash Buckets": 131072,"Hash Batches": 1,"Original Hash Batches": 1,"Peak Memory Usage": 1025,"Workers": [],"Plans": [{"Node Type": "Aggregate","Strategy": "Hashed","Partial Mode": "Simple","Parent Relationship": "Outer","Parallel Aware": false,"Async Capable": false,"Startup Cost": 202521.23,"Total Cost": 207865.25,"Plan Rows": 118756,"Plan Width": 4,"Actual Startup Time": 6285.839,"Actual Total Time": 10024.981,"Actual Rows": 9,"Actual Loops": 4,"Group Key": ["lineitem_1.l_orderkey"],"Filter": "(sum(lineitem_1.l_quantity) > '314'::numeric)","Planned Partitions": 0,"HashAgg Batches": 1,"Peak Memory Usage": 638993,"Disk Usage": 0,"Rows Removed by Filter": 1499991,"Workers": [{"Worker Number": 0,"HashAgg Batches": 1,"Peak Memory Usage": 638993,"Disk Usage": 0},{"Worker Number": 1,"HashAgg Batches": 1,"Peak Memory Usage": 638993,"Disk Usage": 0},{"Worker Number": 2,"HashAgg Batches": 1,"Peak Memory Usage": 638993,"Disk Usage": 0}],"Plans": [{"Node Type": "Seq Scan","Parent Relationship": "Outer","Parallel Aware": false,"Async Capable": false,"Relation Name": "lineitem","Alias": "lineitem_1","Startup Cost": 0.00,"Total Cost": 172515.15,"Plan Rows": 6001215,"Plan Width": 9,"Actual Startup Time": 0.019,"Actual Total Time": 931.752,"Actual Rows": 6001215,"Actual Loops": 4,"Workers": []}]}]}]},{"Node Type": "Index Scan","Parent Relationship": "Inner","Parallel Aware": false,"Async Capable": false,"Scan Direction": "Forward","Index Name": "idx_lineitem_orderkey","Relation Name": "lineitem","Alias": "lineitem","Startup Cost": 0.43,"Total Cost": 1.06,"Plan Rows": 17,"Plan Width": 9,"Actual Startup Time": 0.055,"Actual Total Time": 0.062,"Actual Rows": 7,"Actual Loops": 9,"Index Cond": "(l_orderkey = orders.o_orderkey)","Rows Removed by Index Recheck": 0,"Workers": []}]},{"Node Type": "Hash","Parent Relationship": "Inner","Parallel Aware": true,"Async Capable": false,"Startup Cost": 4210.00,"Total Cost": 4210.00,"Plan Rows": 62500,"Plan Width": 23,"Actual Startup Time": 36.172,"Actual Total Time": 36.190,"Actual Rows": 37500,"Actual Loops": 4,"Hash Buckets": 262144,"Original Hash Buckets": 262144,"Hash Batches": 1,"Original Hash Batches": 1,"Peak Memory Usage": 10336,"Workers": [],"Plans": [{"Node Type": "Seq Scan","Parent Relationship": "Outer","Parallel Aware": true,"Async Capable": false,"Relation Name": "customer","Alias": "customer","Startup Cost": 0.00,"Total Cost": 4210.00,"Plan Rows": 62500,"Plan Width": 23,"Actual Startup Time": 0.024,"Actual Total Time": 17.933,"Actual Rows": 37500,"Actual Loops": 4,"Workers": []}]}]}]}]}]},"Planning Time": 6.881,"Triggers": [],"Execution Time": 10893.482}]
[{"Plan": {"Node Type": "Sort","Parallel Aware": false,"Async Capable": false,"Startup Cost": 397889.21,"Total Cost": 399077.01,"Plan Rows": 475120,"Plan Width": 71,"Actual Startup Time": 10345.847,"Actual Total Time": 10377.998,"Actual Rows": 9,"Actual Loops": 1,"Sort Key": ["orders.o_totalprice DESC", "orders.o_orderdate"],"Sort Method": "quicksort","Sort Space Used": 25,"Sort Space Type": "Memory","Plans": [{"Node Type": "Aggregate","Strategy": "Hashed","Partial Mode": "Simple","Parent Relationship": "Outer","Parallel Aware": false,"Async Capable": false,"Startup Cost": 347151.30,"Total Cost": 353090.30,"Plan Rows": 475120,"Plan Width": 71,"Actual Startup Time": 10329.232,"Actual Total Time": 10377.856,"Actual Rows": 9,"Actual Loops": 1,"Group Key": ["customer.c_custkey", "orders.o_orderkey"],"Planned Partitions": 0,"HashAgg Batches": 1,"Peak Memory Usage": 24601,"Disk Usage": 0,"Plans": [{"Node Type": "Gather","Parent Relationship": "Outer","Parallel Aware": false,"Async Capable": false,"Startup Cost": 216528.94,"Total Cost": 343587.90,"Plan Rows": 475120,"Plan Width": 44,"Actual Startup Time": 10053.961,"Actual Total Time": 10357.615,"Actual Rows": 63,"Actual Loops": 1,"Workers Planned": 3,"Workers Launched": 3,"Single Copy": false,"Plans": [{"Node Type": "Hash Join","Parent Relationship": "Outer","Parallel Aware": true,"Async Capable": false,"Join Type": "Inner","Startup Cost": 215528.94,"Total Cost": 295075.90,"Plan Rows": 153265,"Plan Width": 44,"Actual Startup Time": 10157.696,"Actual Total Time": 10258.651,"Actual Rows": 16,"Actual Loops": 4,"Inner Unique": true,"Hash Cond": "(orders.o_custkey = customer.c_custkey)","Workers": [],"Plans": [{"Node Type": "Nested Loop","Parent Relationship": "Outer","Parallel Aware": false,"Async Capable": false,"Join Type": "Inner","Startup Cost": 210537.69,"Total Cost": 289682.32,"Plan Rows": 153265,"Plan Width": 25,"Actual Startup Time": 10123.332,"Actual Total Time": 10224.239,"Actual Rows": 16,"Actual Loops": 4,"Inner Unique": false,"Workers": [],"Plans": [{"Node Type": "Hash Join","Parent Relationship": "Outer","Parallel Aware": false,"Async Capable": false,"Join Type": "Inner","Startup Cost": 210537.26,"Total Cost": 242741.13,"Plan Rows": 38308,"Plan Width": 24,"Actual Startup Time": 10123.186,"Actual Total Time": 10223.998,"Actual Rows": 2,"Actual Loops": 4,"Inner Unique": true,"Hash Cond": "(orders.o_orderkey = lineitem_1.l_orderkey)","Workers": [],"Plans": [{"Node Type": "Seq Scan","Parent Relationship": "Outer","Parallel Aware": true,"Async Capable": false,"Relation Name": "orders","Alias": "orders","Startup Cost": 0.00,"Total Cost": 30933.71,"Plan Rows": 483871,"Plan Width": 20,"Actual Startup Time": 0.011,"Actual Total Time": 49.852,"Actual Rows": 375000,"Actual Loops": 4,"Workers": []},{"Node Type": "Hash","Parent Relationship": "Inner","Parallel Aware": false,"Async Capable": false,"Startup Cost": 209052.81,"Total Cost": 209052.81,"Plan Rows": 118756,"Plan Width": 4,"Actual Startup Time": 10005.666,"Actual Total Time": 10005.673,"Actual Rows": 9,"Actual Loops": 4,"Hash Buckets": 131072,"Original Hash Buckets": 131072,"Hash Batches": 1,"Original Hash Batches": 1,"Peak Memory Usage": 1025,"Workers": [],"Plans": [{"Node Type": "Aggregate","Strategy": "Hashed","Partial Mode": "Simple","Parent Relationship": "Outer","Parallel Aware": false,"Async Capable": false,"Startup Cost": 202521.23,"Total Cost": 207865.25,"Plan Rows": 118756,"Plan Width": 4,"Actual Startup Time": 6310.010,"Actual Total Time": 10005.543,"Actual Rows": 9,"Actual Loops": 4,"Group Key": ["lineitem_1.l_orderkey"],"Filter": "(sum(lineitem_1.l_quantity) > '313'::numeric)","Planned Partitions": 0,"HashAgg Batches": 1,"Peak Memory Usage": 638993,"Disk Usage": 0,"Rows Removed by Filter": 1499991,"Workers": [{"Worker Number": 0,"HashAgg Batches": 1,"Peak Memory Usage": 638993,"Disk Usage": 0},{"Worker Number": 1,"HashAgg Batches": 1,"Peak Memory Usage": 638993,"Disk Usage": 0},{"Worker Number": 2,"HashAgg Batches": 1,"Peak Memory Usage": 638993,"Disk Usage": 0}],"Plans": [{"Node Type": "Seq Scan","Parent Relationship": "Outer","Parallel Aware": false,"Async Capable": false,"Relation Name": "lineitem","Alias": "lineitem_1","Startup Cost": 0.00,"Total Cost": 172515.15,"Plan Rows": 6001215,"Plan Width": 9,"Actual Startup Time": 0.020,"Actual Total Time": 994.479,"Actual Rows": 6001215,"Actual Loops": 4,"Workers": []}]}]}]},{"Node Type": "Index Scan","Parent Relationship": "Inner","Parallel Aware": false,"Async Capable": false,"Scan Direction": "Forward","Index Name": "idx_lineitem_orderkey","Relation Name": "lineitem","Alias": "lineitem","Startup Cost": 0.43,"Total Cost": 1.06,"Plan Rows": 17,"Plan Width": 9,"Actual Startup Time": 0.068,"Actual Total Time": 0.075,"Actual Rows": 7,"Actual Loops": 9,"Index Cond": "(l_orderkey = orders.o_orderkey)","Rows Removed by Index Recheck": 0,"Workers": []}]},{"Node Type": "Hash","Parent Relationship": "Inner","Parallel Aware": true,"Async Capable": false,"Startup Cost": 4210.00,"Total Cost": 4210.00,"Plan Rows": 62500,"Plan Width": 23,"Actual Startup Time": 33.578,"Actual Total Time": 33.582,"Actual Rows": 37500,"Actual Loops": 4,"Hash Buckets": 262144,"Original Hash Buckets": 262144,"Hash Batches": 1,"Original Hash Batches": 1,"Peak Memory Usage": 10336,"Workers": [],"Plans": [{"Node Type": "Seq Scan","Parent Relationship": "Outer","Parallel Aware": true,"Async Capable": false,"Relation Name": "customer","Alias": "customer","Startup Cost": 0.00,"Total Cost": 4210.00,"Plan Rows": 62500,"Plan Width": 23,"Actual Startup Time": 0.023,"Actual Total Time": 16.777,"Actual Rows": 37500,"Actual Loops": 4,"Workers": []}]}]}]}]}]},"Planning Time": 6.662,"Triggers": [],"Execution Time": 10430.266}]
[{"Plan": {"Node Type": "Sort","Parallel Aware": false,"Async Capable": false,"Startup Cost": 397889.21,"Total Cost": 399077.01,"Plan Rows": 475120,"Plan Width": 71,"Actual Startup Time": 10345.847,"Actual Total Time": 10377.998,"Actual Rows": 9,"Actual Loops": 1,"Sort Key": ["orders.o_totalprice DESC", "orders.o_orderdate"],"Sort Method": "quicksort","Sort Space Used": 25,"Sort Space Type": "Memory","Plans": [{"Node Type": "Aggregate","Strategy": "Hashed","Partial Mode": "Simple","Parent Relationship": "Outer","Parallel Aware": false,"Async Capable": false,"Startup Cost": 347151.30,"Total Cost": 353090.30,"Plan Rows": 475120,"Plan Width": 71,"Actual Startup Time": 10329.232,"Actual Total Time": 10377.856,"Actual Rows": 9,"Actual Loops": 1,"Group Key": ["customer.c_custkey", "orders.o_orderkey"],"Planned Partitions": 0,"HashAgg Batches": 1,"Peak Memory Usage": 24601,"Disk Usage": 0,"Plans": [{"Node Type": "Gather","Parent Relationship": "Outer","Parallel Aware": false,"Async Capable": false,"Startup Cost": 216528.94,"Total Cost": 343587.90,"Plan Rows": 475120,"Plan Width": 44,"Actual Startup Time": 10053.961,"Actual Total Time": 10357.615,"Actual Rows": 63,"Actual Loops": 1,"Workers Planned": 3,"Workers Launched": 3,"Single Copy": false,"Plans": [{"Node Type": "Hash Join","Parent Relationship": "Outer","Parallel Aware": true,"Async Capable": false,"Join Type": "Inner","Startup Cost": 215528.94,"Total Cost": 295075.90,"Plan Rows": 153265,"Plan Width": 44,"Actual Startup Time": 10157.696,"Actual Total Time": 10258.651,"Actual Rows": 16,"Actual Loops": 4,"Inner Unique": true,"Hash Cond": "(orders.o_custkey = customer.c_custkey)","Workers": [],"Plans": [{"Node Type": "Nested Loop","Parent Relationship": "Outer","Parallel Aware": false,"Async Capable": false,"Join Type": "Inner","Startup Cost": 210537.69,"Total Cost": 289682.32,"Plan Rows": 153265,"Plan Width": 25,"Actual Startup Time": 10123.332,"Actual Total Time": 10224.239,"Actual Rows": 16,"Actual Loops": 4,"Inner Unique": false,"Workers": [],"Plans": [{"Node Type": "Hash Join","Parent Relationship": "Outer","Parallel Aware": false,"Async Capable": false,"Join Type": "Inner","Startup Cost": 210537.26,"Total Cost": 242741.13,"Plan Rows": 38308,"Plan Width": 24,"Actual Startup Time": 10123.186,"Actual Total Time": 10223.998,"Actual Rows": 2,"Actual Loops": 4,"Inner Unique": true,"Hash Cond": "(orders.o_orderkey = lineitem_1.l_orderkey)","Workers": [],"Plans": [{"Node Type": "Seq Scan","Parent Relationship": "Outer","Parallel Aware": true,"Async Capable": false,"Relation Name": "orders","Alias": "orders","Startup Cost": 0.00,"Total Cost": 30933.71,"Plan Rows": 483871,"Plan Width": 20,"Actual Startup Time": 0.011,"Actual Total Time": 49.852,"Actual Rows": 375000,"Actual Loops": 4,"Workers": []},{"Node Type": "Hash","Parent Relationship": "Inner","Parallel Aware": false,"Async Capable": false,"Startup Cost": 209052.81,"Total Cost": 209052.81,"Plan Rows": 118756,"Plan Width": 4,"Actual Startup Time": 10005.666,"Actual Total Time": 10005.673,"Actual Rows": 9,"Actual Loops": 4,"Hash Buckets": 131072,"Original Hash Buckets": 131072,"Hash Batches": 1,"Original Hash Batches": 1,"Peak Memory Usage": 1025,"Workers": [],"Plans": [{"Node Type": "Aggregate","Strategy": "Hashed","Partial Mode": "Simple","Parent Relationship": "Outer","Parallel Aware": false,"Async Capable": false,"Startup Cost": 202521.23,"Total Cost": 207865.25,"Plan Rows": 118756,"Plan Width": 4,"Actual Startup Time": 6310.010,"Actual Total Time": 10005.543,"Actual Rows": 9,"Actual Loops": 4,"Group Key": ["lineitem_1.l_orderkey"],"Filter": "(sum(lineitem_1.l_quantity) > '313'::numeric)","Planned Partitions": 0,"HashAgg Batches": 1,"Peak Memory Usage": 638993,"Disk Usage": 0,"Rows Removed by Filter": 1499991,"Workers": [{"Worker Number": 0,"HashAgg Batches": 1,"Peak Memory Usage": 638993,"Disk Usage": 0},{"Worker Number": 1,"HashAgg Batches": 1,"Peak Memory Usage": 638993,"Disk Usage": 0},{"Worker Number": 2,"HashAgg Batches": 1,"Peak Memory Usage": 638993,"Disk Usage": 0}],"Plans": [{"Node Type": "Seq Scan","Parent Relationship": "Outer","Parallel Aware": false,"Async Capable": false,"Relation Name": "lineitem","Alias": "lineitem_1","Startup Cost": 0.00,"Total Cost": 172515.15,"Plan Rows": 6001215,"Plan Width": 9,"Actual Startup Time": 0.020,"Actual Total Time": 994.479,"Actual Rows": 6001215,"Actual Loops": 4,"Workers": []}]}]}]},{"Node Type": "Index Scan","Parent Relationship": "Inner","Parallel Aware": false,"Async Capable": false,"Scan Direction": "Forward","Index Name": "idx_lineitem_orderkey","Relation Name": "lineitem","Alias": "lineitem","Startup Cost": 0.43,"Total Cost": 1.06,"Plan Rows": 17,"Plan Width": 9,"Actual Startup Time": 0.068,"Actual Total Time": 0.075,"Actual Rows": 7,"Actual Loops": 9,"Index Cond": "(l_orderkey = orders.o_orderkey)","Rows Removed by Index Recheck": 0,"Workers": []}]},{"Node Type": "Hash","Parent Relationship": "Inner","Parallel Aware": true,"Async Capable": false,"Startup Cost": 4210.00,"Total Cost": 4210.00,"Plan Rows": 62500,"Plan Width": 23,"Actual Startup Time": 33.578,"Actual Total Time": 33.582,"Actual Rows": 37500,"Actual Loops": 4,"Hash Buckets": 262144,"Original Hash Buckets": 262144,"Hash Batches": 1,"Original Hash Batches": 1,"Peak Memory Usage": 10336,"Workers": [],"Plans": [{"Node Type": "Seq Scan","Parent Relationship": "Outer","Parallel Aware": true,"Async Capable": false,"Relation Name": "customer","Alias": "customer","Startup Cost": 0.00,"Total Cost": 4210.00,"Plan Rows": 62500,"Plan Width": 23,"Actual Startup Time": 0.023,"Actual Total Time": 16.777,"Actual Rows": 37500,"Actual Loops": 4,"Workers": []}]}]}]}]}]},"Planning Time": 6.662,"Triggers": [],"Execution Time": 10430.266}]
[{"Plan": {"Node Type": "Sort","Parallel Aware": false,"Async Capable": false,"Startup Cost": 397889.21,"Total Cost": 399077.01,"Plan Rows": 475120,"Plan Width": 71,"Actual Startup Time": 10785.011,"Actual Total Time": 10839.032,"Actual Rows": 9,"Actual Loops": 1,"Sort Key": ["orders.o_totalprice DESC", "orders.o_orderdate"],"Sort Method": "quicksort","Sort Space Used": 25,"Sort Space Type": "Memory","Plans": [{"Node Type": "Aggregate","Strategy": "Hashed","Partial Mode": "Simple","Parent Relationship": "Outer","Parallel Aware": false,"Async Capable": false,"Startup Cost": 347151.30,"Total Cost": 353090.30,"Plan Rows": 475120,"Plan Width": 71,"Actual Startup Time": 10763.855,"Actual Total Time": 10838.848,"Actual Rows": 9,"Actual Loops": 1,"Group Key": ["customer.c_custkey", "orders.o_orderkey"],"Planned Partitions": 0,"HashAgg Batches": 1,"Peak Memory Usage": 24601,"Disk Usage": 0,"Plans": [{"Node Type": "Gather","Parent Relationship": "Outer","Parallel Aware": false,"Async Capable": false,"Startup Cost": 216528.94,"Total Cost": 343587.90,"Plan Rows": 475120,"Plan Width": 44,"Actual Startup Time": 9674.071,"Actual Total Time": 10813.470,"Actual Rows": 63,"Actual Loops": 1,"Workers Planned": 3,"Workers Launched": 3,"Single Copy": false,"Plans": [{"Node Type": "Hash Join","Parent Relationship": "Outer","Parallel Aware": true,"Async Capable": false,"Join Type": "Inner","Startup Cost": 215528.94,"Total Cost": 295075.90,"Plan Rows": 153265,"Plan Width": 44,"Actual Startup Time": 10141.072,"Actual Total Time": 10312.965,"Actual Rows": 16,"Actual Loops": 4,"Inner Unique": true,"Hash Cond": "(orders.o_custkey = customer.c_custkey)","Workers": [],"Plans": [{"Node Type": "Nested Loop","Parent Relationship": "Outer","Parallel Aware": false,"Async Capable": false,"Join Type": "Inner","Startup Cost": 210537.69,"Total Cost": 289682.32,"Plan Rows": 153265,"Plan Width": 25,"Actual Startup Time": 10104.129,"Actual Total Time": 10275.947,"Actual Rows": 16,"Actual Loops": 4,"Inner Unique": false,"Workers": [],"Plans": [{"Node Type": "Hash Join","Parent Relationship": "Outer","Parallel Aware": false,"Async Capable": false,"Join Type": "Inner","Startup Cost": 210537.26,"Total Cost": 242741.13,"Plan Rows": 38308,"Plan Width": 24,"Actual Startup Time": 10104.052,"Actual Total Time": 10275.739,"Actual Rows": 2,"Actual Loops": 4,"Inner Unique": true,"Hash Cond": "(orders.o_orderkey = lineitem_1.l_orderkey)","Workers": [],"Plans": [{"Node Type": "Seq Scan","Parent Relationship": "Outer","Parallel Aware": true,"Async Capable": false,"Relation Name": "orders","Alias": "orders","Startup Cost": 0.00,"Total Cost": 30933.71,"Plan Rows": 483871,"Plan Width": 20,"Actual Startup Time": 0.007,"Actual Total Time": 53.689,"Actual Rows": 375000,"Actual Loops": 4,"Workers": []},{"Node Type": "Hash","Parent Relationship": "Inner","Parallel Aware": false,"Async Capable": false,"Startup Cost": 209052.81,"Total Cost": 209052.81,"Plan Rows": 118756,"Plan Width": 4,"Actual Startup Time": 10025.157,"Actual Total Time": 10025.166,"Actual Rows": 9,"Actual Loops": 4,"Hash Buckets": 131072,"Original Hash Buckets": 131072,"Hash Batches": 1,"Original Hash Batches": 1,"Peak Memory Usage": 1025,"Workers": [],"Plans": [{"Node Type": "Aggregate","Strategy": "Hashed","Partial Mode": "Simple","Parent Relationship": "Outer","Parallel Aware": false,"Async Capable": false,"Startup Cost": 202521.23,"Total Cost": 207865.25,"Plan Rows": 118756,"Plan Width": 4,"Actual Startup Time": 6285.839,"Actual Total Time": 10024.981,"Actual Rows": 9,"Actual Loops": 4,"Group Key": ["lineitem_1.l_orderkey"],"Filter": "(sum(lineitem_1.l_quantity) > '314'::numeric)","Planned Partitions": 0,"HashAgg Batches": 1,"Peak Memory Usage": 638993,"Disk Usage": 0,"Rows Removed by Filter": 1499991,"Workers": [{"Worker Number": 0,"HashAgg Batches": 1,"Peak Memory Usage": 638993,"Disk Usage": 0},{"Worker Number": 1,"HashAgg Batches": 1,"Peak Memory Usage": 638993,"Disk Usage": 0},{"Worker Number": 2,"HashAgg Batches": 1,"Peak Memory Usage": 638993,"Disk Usage": 0}],"Plans": [{"Node Type": "Seq Scan","Parent Relationship": "Outer","Parallel Aware": false,"Async Capable": false,"Relation Name": "lineitem","Alias": "lineitem_1","Startup Cost": 0.00,"Total Cost": 172515.15,"Plan Rows": 6001215,"Plan Width": 9,"Actual Startup Time": 0.019,"Actual Total Time": 931.752,"Actual Rows": 6001215,"Actual Loops": 4,"Workers": []}]}]}]},{"Node Type": "Index Scan","Parent Relationship": "Inner","Parallel Aware": false,"Async Capable": false,"Scan Direction": "Forward","Index Name": "idx_lineitem_orderkey","Relation Name": "lineitem","Alias": "lineitem","Startup Cost": 0.43,"Total Cost": 1.06,"Plan Rows": 17,"Plan Width": 9,"Actual Startup Time": 0.055,"Actual Total Time": 0.062,"Actual Rows": 7,"Actual Loops": 9,"Index Cond": "(l_orderkey = orders.o_orderkey)","Rows Removed by Index Recheck": 0,"Workers": []}]},{"Node Type": "Hash","Parent Relationship": "Inner","Parallel Aware": true,"Async Capable": false,"Startup Cost": 4210.00,"Total Cost": 4210.00,"Plan Rows": 62500,"Plan Width": 23,"Actual Startup Time": 36.172,"Actual Total Time": 36.190,"Actual Rows": 37500,"Actual Loops": 4,"Hash Buckets": 262144,"Original Hash Buckets": 262144,"Hash Batches": 1,"Original Hash Batches": 1,"Peak Memory Usage": 10336,"Workers": [],"Plans": [{"Node Type": "Seq Scan","Parent Relationship": "Outer","Parallel Aware": true,"Async Capable": false,"Relation Name": "customer","Alias": "customer","Startup Cost": 0.00,"Total Cost": 4210.00,"Plan Rows": 62500,"Plan Width": 23,"Actual Startup Time": 0.024,"Actual Total Time": 17.933,"Actual Rows": 37500,"Actual Loops": 4,"Workers": []}]}]}]}]}]},"Planning Time": 6.881,"Triggers": [],"Execution Time": 10893.482}]
[{"Plan": {"Node Type": "Sort","Parallel Aware": false,"Async Capable": false,"Startup Cost": 397889.21,"Total Cost": 399077.01,"Plan Rows": 475120,"Plan Width": 71,"Actual Startup Time": 10785.011,"Actual Total Time": 10839.032,"Actual Rows": 9,"Actual Loops": 1,"Sort Key": ["orders.o_totalprice DESC", "orders.o_orderdate"],"Sort Method": "quicksort","Sort Space Used": 25,"Sort Space Type": "Memory","Plans": [{"Node Type": "Aggregate","Strategy": "Hashed","Partial Mode": "Simple","Parent Relationship": "Outer","Parallel Aware": false,"Async Capable": false,"Startup Cost": 347151.30,"Total Cost": 353090.30,"Plan Rows": 475120,"Plan Width": 71,"Actual Startup Time": 10763.855,"Actual Total Time": 10838.848,"Actual Rows": 9,"Actual Loops": 1,"Group Key": ["customer.c_custkey", "orders.o_orderkey"],"Planned Partitions": 0,"HashAgg Batches": 1,"Peak Memory Usage": 24601,"Disk Usage": 0,"Plans": [{"Node Type": "Gather","Parent Relationship": "Outer","Parallel Aware": false,"Async Capable": false,"Startup Cost": 216528.94,"Total Cost": 343587.90,"Plan Rows": 475120,"Plan Width": 44,"Actual Startup Time": 9674.071,"Actual Total Time": 10813.470,"Actual Rows": 63,"Actual Loops": 1,"Workers Planned": 3,"Workers Launched": 3,"Single Copy": false,"Plans": [{"Node Type": "Hash Join","Parent Relationship": "Outer","Parallel Aware": true,"Async Capable": false,"Join Type": "Inner","Startup Cost": 215528.94,"Total Cost": 295075.90,"Plan Rows": 153265,"Plan Width": 44,"Actual Startup Time": 10141.072,"Actual Total Time": 10312.965,"Actual Rows": 16,"Actual Loops": 4,"Inner Unique": true,"Hash Cond": "(orders.o_custkey = customer.c_custkey)","Workers": [],"Plans": [{"Node Type": "Nested Loop","Parent Relationship": "Outer","Parallel Aware": false,"Async Capable": false,"Join Type": "Inner","Startup Cost": 210537.69,"Total Cost": 289682.32,"Plan Rows": 153265,"Plan Width": 25,"Actual Startup Time": 10104.129,"Actual Total Time": 10275.947,"Actual Rows": 16,"Actual Loops": 4,"Inner Unique": false,"Workers": [],"Plans": [{"Node Type": "Hash Join","Parent Relationship": "Outer","Parallel Aware": false,"Async Capable": false,"Join Type": "Inner","Startup Cost": 210537.26,"Total Cost": 242741.13,"Plan Rows": 38308,"Plan Width": 24,"Actual Startup Time": 10104.052,"Actual Total Time": 10275.739,"Actual Rows": 2,"Actual Loops": 4,"Inner Unique": true,"Hash Cond": "(orders.o_orderkey = lineitem_1.l_orderkey)","Workers": [],"Plans": [{"Node Type": "Seq Scan","Parent Relationship": "Outer","Parallel Aware": true,"Async Capable": false,"Relation Name": "orders","Alias": "orders","Startup Cost": 0.00,"Total Cost": 30933.71,"Plan Rows": 483871,"Plan Width": 20,"Actual Startup Time": 0.007,"Actual Total Time": 53.689,"Actual Rows": 375000,"Actual Loops": 4,"Workers": []},{"Node Type": "Hash","Parent Relationship": "Inner","Parallel Aware": false,"Async Capable": false,"Startup Cost": 209052.81,"Total Cost": 209052.81,"Plan Rows": 118756,"Plan Width": 4,"Actual Startup Time": 10025.157,"Actual Total Time": 10025.166,"Actual Rows": 9,"Actual Loops": 4,"Hash Buckets": 131072,"Original Hash Buckets": 131072,"Hash Batches": 1,"Original Hash Batches": 1,"Peak Memory Usage": 1025,"Workers": [],"Plans": [{"Node Type": "Aggregate","Strategy": "Hashed","Partial Mode": "Simple","Parent Relationship": "Outer","Parallel Aware": false,"Async Capable": false,"Startup Cost": 202521.23,"Total Cost": 207865.25,"Plan Rows": 118756,"Plan Width": 4,"Actual Startup Time": 6285.839,"Actual Total Time": 10024.981,"Actual Rows": 9,"Actual Loops": 4,"Group Key": ["lineitem_1.l_orderkey"],"Filter": "(sum(lineitem_1.l_quantity) > '314'::numeric)","Planned Partitions": 0,"HashAgg Batches": 1,"Peak Memory Usage": 638993,"Disk Usage": 0,"Rows Removed by Filter": 1499991,"Workers": [{"Worker Number": 0,"HashAgg Batches": 1,"Peak Memory Usage": 638993,"Disk Usage": 0},{"Worker Number": 1,"HashAgg Batches": 1,"Peak Memory Usage": 638993,"Disk Usage": 0},{"Worker Number": 2,"HashAgg Batches": 1,"Peak Memory Usage": 638993,"Disk Usage": 0}],"Plans": [{"Node Type": "Seq Scan","Parent Relationship": "Outer","Parallel Aware": false,"Async Capable": false,"Relation Name": "lineitem","Alias": "lineitem_1","Startup Cost": 0.00,"Total Cost": 172515.15,"Plan Rows": 6001215,"Plan Width": 9,"Actual Startup Time": 0.019,"Actual Total Time": 931.752,"Actual Rows": 6001215,"Actual Loops": 4,"Workers": []}]}]}]},{"Node Type": "Index Scan","Parent Relationship": "Inner","Parallel Aware": false,"Async Capable": false,"Scan Direction": "Forward","Index Name": "idx_lineitem_orderkey","Relation Name": "lineitem","Alias": "lineitem","Startup Cost": 0.43,"Total Cost": 1.06,"Plan Rows": 17,"Plan Width": 9,"Actual Startup Time": 0.055,"Actual Total Time": 0.062,"Actual Rows": 7,"Actual Loops": 9,"Index Cond": "(l_orderkey = orders.o_orderkey)","Rows Removed by Index Recheck": 0,"Workers": []}]},{"Node Type": "Hash","Parent Relationship": "Inner","Parallel Aware": true,"Async Capable": false,"Startup Cost": 4210.00,"Total Cost": 4210.00,"Plan Rows": 62500,"Plan Width": 23,"Actual Startup Time": 36.172,"Actual Total Time": 36.190,"Actual Rows": 37500,"Actual Loops": 4,"Hash Buckets": 262144,"Original Hash Buckets": 262144,"Hash Batches": 1,"Original Hash Batches": 1,"Peak Memory Usage": 10336,"Workers": [],"Plans": [{"Node Type": "Seq Scan","Parent Relationship": "Outer","Parallel Aware": true,"Async Capable": false,"Relation Name": "customer","Alias": "customer","Startup Cost": 0.00,"Total Cost": 4210.00,"Plan Rows": 62500,"Plan Width": 23,"Actual Startup Time": 0.024,"Actual Total Time": 17.933,"Actual Rows": 37500,"Actual Loops": 4,"Workers": []}]}]}]}]}]},"Planning Time": 6.881,"Triggers": [],"Execution Time": 10893.482}]
[{"Plan": {"Node Type": "Sort","Parallel Aware": false,"Async Capable": false,"Startup Cost": 397889.21,"Total Cost": 399077.01,"Plan Rows": 475120,"Plan Width": 71,"Actual Startup Time": 10345.847,"Actual Total Time": 10377.998,"Actual Rows": 9,"Actual Loops": 1,"Sort Key": ["orders.o_totalprice DESC", "orders.o_orderdate"],"Sort Method": "quicksort","Sort Space Used": 25,"Sort Space Type": "Memory","Plans": [{"Node Type": "Aggregate","Strategy": "Hashed","Partial Mode": "Simple","Parent Relationship": "Outer","Parallel Aware": false,"Async Capable": false,"Startup Cost": 347151.30,"Total Cost": 353090.30,"Plan Rows": 475120,"Plan Width": 71,"Actual Startup Time": 10329.232,"Actual Total Time": 10377.856,"Actual Rows": 9,"Actual Loops": 1,"Group Key": ["customer.c_custkey", "orders.o_orderkey"],"Planned Partitions": 0,"HashAgg Batches": 1,"Peak Memory Usage": 24601,"Disk Usage": 0,"Plans": [{"Node Type": "Gather","Parent Relationship": "Outer","Parallel Aware": false,"Async Capable": false,"Startup Cost": 216528.94,"Total Cost": 343587.90,"Plan Rows": 475120,"Plan Width": 44,"Actual Startup Time": 10053.961,"Actual Total Time": 10357.615,"Actual Rows": 63,"Actual Loops": 1,"Workers Planned": 3,"Workers Launched": 3,"Single Copy": false,"Plans": [{"Node Type": "Hash Join","Parent Relationship": "Outer","Parallel Aware": true,"Async Capable": false,"Join Type": "Inner","Startup Cost": 215528.94,"Total Cost": 295075.90,"Plan Rows": 153265,"Plan Width": 44,"Actual Startup Time": 10157.696,"Actual Total Time": 10258.651,"Actual Rows": 16,"Actual Loops": 4,"Inner Unique": true,"Hash Cond": "(orders.o_custkey = customer.c_custkey)","Workers": [],"Plans": [{"Node Type": "Nested Loop","Parent Relationship": "Outer","Parallel Aware": false,"Async Capable": false,"Join Type": "Inner","Startup Cost": 210537.69,"Total Cost": 289682.32,"Plan Rows": 153265,"Plan Width": 25,"Actual Startup Time": 10123.332,"Actual Total Time": 10224.239,"Actual Rows": 16,"Actual Loops": 4,"Inner Unique": false,"Workers": [],"Plans": [{"Node Type": "Hash Join","Parent Relationship": "Outer","Parallel Aware": false,"Async Capable": false,"Join Type": "Inner","Startup Cost": 210537.26,"Total Cost": 242741.13,"Plan Rows": 38308,"Plan Width": 24,"Actual Startup Time": 10123.186,"Actual Total Time": 10223.998,"Actual Rows": 2,"Actual Loops": 4,"Inner Unique": true,"Hash Cond": "(orders.o_orderkey = lineitem_1.l_orderkey)","Workers": [],"Plans": [{"Node Type": "Seq Scan","Parent Relationship": "Outer","Parallel Aware": true,"Async Capable": false,"Relation Name": "orders","Alias": "orders","Startup Cost": 0.00,"Total Cost": 30933.71,"Plan Rows": 483871,"Plan Width": 20,"Actual Startup Time": 0.011,"Actual Total Time": 49.852,"Actual Rows": 375000,"Actual Loops": 4,"Workers": []},{"Node Type": "Hash","Parent Relationship": "Inner","Parallel Aware": false,"Async Capable": false,"Startup Cost": 209052.81,"Total Cost": 209052.81,"Plan Rows": 118756,"Plan Width": 4,"Actual Startup Time": 10005.666,"Actual Total Time": 10005.673,"Actual Rows": 9,"Actual Loops": 4,"Hash Buckets": 131072,"Original Hash Buckets": 131072,"Hash Batches": 1,"Original Hash Batches": 1,"Peak Memory Usage": 1025,"Workers": [],"Plans": [{"Node Type": "Aggregate","Strategy": "Hashed","Partial Mode": "Simple","Parent Relationship": "Outer","Parallel Aware": false,"Async Capable": false,"Startup Cost": 202521.23,"Total Cost": 207865.25,"Plan Rows": 118756,"Plan Width": 4,"Actual Startup Time": 6310.010,"Actual Total Time": 10005.543,"Actual Rows": 9,"Actual Loops": 4,"Group Key": ["lineitem_1.l_orderkey"],"Filter": "(sum(lineitem_1.l_quantity) > '313'::numeric)","Planned Partitions": 0,"HashAgg Batches": 1,"Peak Memory Usage": 638993,"Disk Usage": 0,"Rows Removed by Filter": 1499991,"Workers": [{"Worker Number": 0,"HashAgg Batches": 1,"Peak Memory Usage": 638993,"Disk Usage": 0},{"Worker Number": 1,"HashAgg Batches": 1,"Peak Memory Usage": 638993,"Disk Usage": 0},{"Worker Number": 2,"HashAgg Batches": 1,"Peak Memory Usage": 638993,"Disk Usage": 0}],"Plans": [{"Node Type": "Seq Scan","Parent Relationship": "Outer","Parallel Aware": false,"Async Capable": false,"Relation Name": "lineitem","Alias": "lineitem_1","Startup Cost": 0.00,"Total Cost": 172515.15,"Plan Rows": 6001215,"Plan Width": 9,"Actual Startup Time": 0.020,"Actual Total Time": 994.479,"Actual Rows": 6001215,"Actual Loops": 4,"Workers": []}]}]}]},{"Node Type": "Index Scan","Parent Relationship": "Inner","Parallel Aware": false,"Async Capable": false,"Scan Direction": "Forward","Index Name": "idx_lineitem_orderkey","Relation Name": "lineitem","Alias": "lineitem","Startup Cost": 0.43,"Total Cost": 1.06,"Plan Rows": 17,"Plan Width": 9,"Actual Startup Time": 0.068,"Actual Total Time": 0.075,"Actual Rows": 7,"Actual Loops": 9,"Index Cond": "(l_orderkey = orders.o_orderkey)","Rows Removed by Index Recheck": 0,"Workers": []}]},{"Node Type": "Hash","Parent Relationship": "Inner","Parallel Aware": true,"Async Capable": false,"Startup Cost": 4210.00,"Total Cost": 4210.00,"Plan Rows": 62500,"Plan Width": 23,"Actual Startup Time": 33.578,"Actual Total Time": 33.582,"Actual Rows": 37500,"Actual Loops": 4,"Hash Buckets": 262144,"Original Hash Buckets": 262144,"Hash Batches": 1,"Original Hash Batches": 1,"Peak Memory Usage": 10336,"Workers": [],"Plans": [{"Node Type": "Seq Scan","Parent Relationship": "Outer","Parallel Aware": true,"Async Capable": false,"Relation Name": "customer","Alias": "customer","Startup Cost": 0.00,"Total Cost": 4210.00,"Plan Rows": 62500,"Plan Width": 23,"Actual Startup Time": 0.023,"Actual Total Time": 16.777,"Actual Rows": 37500,"Actual Loops": 4,"Workers": []}]}]}]}]}]},"Planning Time": 6.662,"Triggers": [],"Execution Time": 10430.266}]
[{"Plan": {"Node Type": "Sort","Parallel Aware": false,"Async Capable": false,"Startup Cost": 397889.21,"Total Cost": 399077.01,"Plan Rows": 475120,"Plan Width": 71,"Actual Startup Time": 10887.509,"Actual Total Time": 10908.132,"Actual Rows": 10,"Actual Loops": 1,"Sort Key": ["orders.o_totalprice DESC", "orders.o_orderdate"],"Sort Method": "quicksort","Sort Space Used": 25,"Sort Space Type": "Memory","Plans": [{"Node Type": "Aggregate","Strategy": "Hashed","Partial Mode": "Simple","Parent Relationship": "Outer","Parallel Aware": false,"Async Capable": false,"Startup Cost": 347151.30,"Total Cost": 353090.30,"Plan Rows": 475120,"Plan Width": 71,"Actual Startup Time": 10848.812,"Actual Total Time": 10907.941,"Actual Rows": 10,"Actual Loops": 1,"Group Key": ["customer.c_custkey", "orders.o_orderkey"],"Planned Partitions": 0,"HashAgg Batches": 1,"Peak Memory Usage": 24601,"Disk Usage": 0,"Plans": [{"Node Type": "Gather","Parent Relationship": "Outer","Parallel Aware": false,"Async Capable": false,"Startup Cost": 216528.94,"Total Cost": 343587.90,"Plan Rows": 475120,"Plan Width": 44,"Actual Startup Time": 10782.037,"Actual Total Time": 10858.151,"Actual Rows": 70,"Actual Loops": 1,"Workers Planned": 3,"Workers Launched": 3,"Single Copy": false,"Plans": [{"Node Type": "Hash Join","Parent Relationship": "Outer","Parallel Aware": true,"Async Capable": false,"Join Type": "Inner","Startup Cost": 215528.94,"Total Cost": 295075.90,"Plan Rows": 153265,"Plan Width": 44,"Actual Startup Time": 10180.765,"Actual Total Time": 10348.312,"Actual Rows": 18,"Actual Loops": 4,"Inner Unique": true,"Hash Cond": "(orders.o_custkey = customer.c_custkey)","Workers": [],"Plans": [{"Node Type": "Nested Loop","Parent Relationship": "Outer","Parallel Aware": false,"Async Capable": false,"Join Type": "Inner","Startup Cost": 210537.69,"Total Cost": 289682.32,"Plan Rows": 153265,"Plan Width": 25,"Actual Startup Time": 10142.809,"Actual Total Time": 10310.270,"Actual Rows": 18,"Actual Loops": 4,"Inner Unique": false,"Workers": [],"Plans": [{"Node Type": "Hash Join","Parent Relationship": "Outer","Parallel Aware": false,"Async Capable": false,"Join Type": "Inner","Startup Cost": 210537.26,"Total Cost": 242741.13,"Plan Rows": 38308,"Plan Width": 24,"Actual Startup Time": 10142.670,"Actual Total Time": 10309.991,"Actual Rows": 2,"Actual Loops": 4,"Inner Unique": true,"Hash Cond": "(orders.o_orderkey = lineitem_1.l_orderkey)","Workers": [],"Plans": [{"Node Type": "Seq Scan","Parent Relationship": "Outer","Parallel Aware": true,"Async Capable": false,"Relation Name": "orders","Alias": "orders","Startup Cost": 0.00,"Total Cost": 30933.71,"Plan Rows": 483871,"Plan Width": 20,"Actual Startup Time": 0.009,"Actual Total Time": 49.040,"Actual Rows": 375000,"Actual Loops": 4,"Workers": []},{"Node Type": "Hash","Parent Relationship": "Inner","Parallel Aware": false,"Async Capable": false,"Startup Cost": 209052.81,"Total Cost": 209052.81,"Plan Rows": 118756,"Plan Width": 4,"Actual Startup Time": 10075.163,"Actual Total Time": 10075.176,"Actual Rows": 10,"Actual Loops": 4,"Hash Buckets": 131072,"Original Hash Buckets": 131072,"Hash Batches": 1,"Original Hash Batches": 1,"Peak Memory Usage": 1025,"Workers": [],"Plans": [{"Node Type": "Aggregate","Strategy": "Hashed","Partial Mode": "Simple","Parent Relationship": "Outer","Parallel Aware": false,"Async Capable": false,"Startup Cost": 202521.23,"Total Cost": 207865.25,"Plan Rows": 118756,"Plan Width": 4,"Actual Startup Time": 6293.151,"Actual Total Time": 10074.968,"Actual Rows": 10,"Actual Loops": 4,"Group Key": ["lineitem_1.l_orderkey"],"Filter": "(sum(lineitem_1.l_quantity) > '312'::numeric)","Planned Partitions": 0,"HashAgg Batches": 1,"Peak Memory Usage": 638993,"Disk Usage": 0,"Rows Removed by Filter": 1499990,"Workers": [{"Worker Number": 0,"HashAgg Batches": 1,"Peak Memory Usage": 638993,"Disk Usage": 0},{"Worker Number": 1,"HashAgg Batches": 1,"Peak Memory Usage": 638993,"Disk Usage": 0},{"Worker Number": 2,"HashAgg Batches": 1,"Peak Memory Usage": 638993,"Disk Usage": 0}],"Plans": [{"Node Type": "Seq Scan","Parent Relationship": "Outer","Parallel Aware": false,"Async Capable": false,"Relation Name": "lineitem","Alias": "lineitem_1","Startup Cost": 0.00,"Total Cost": 172515.15,"Plan Rows": 6001215,"Plan Width": 9,"Actual Startup Time": 0.021,"Actual Total Time": 960.546,"Actual Rows": 6001215,"Actual Loops": 4,"Workers": []}]}]}]},{"Node Type": "Index Scan","Parent Relationship": "Inner","Parallel Aware": false,"Async Capable": false,"Scan Direction": "Forward","Index Name": "idx_lineitem_orderkey","Relation Name": "lineitem","Alias": "lineitem","Startup Cost": 0.43,"Total Cost": 1.06,"Plan Rows": 17,"Plan Width": 9,"Actual Startup Time": 0.072,"Actual Total Time": 0.079,"Actual Rows": 7,"Actual Loops": 10,"Index Cond": "(l_orderkey = orders.o_orderkey)","Rows Removed by Index Recheck": 0,"Workers": []}]},{"Node Type": "Hash","Parent Relationship": "Inner","Parallel Aware": true,"Async Capable": false,"Startup Cost": 4210.00,"Total Cost": 4210.00,"Plan Rows": 62500,"Plan Width": 23,"Actual Startup Time": 37.105,"Actual Total Time": 37.114,"Actual Rows": 37500,"Actual Loops": 4,"Hash Buckets": 262144,"Original Hash Buckets": 262144,"Hash Batches": 1,"Original Hash Batches": 1,"Peak Memory Usage": 10368,"Workers": [],"Plans": [{"Node Type": "Seq Scan","Parent Relationship": "Outer","Parallel Aware": true,"Async Capable": false,"Relation Name": "customer","Alias": "customer","Startup Cost": 0.00,"Total Cost": 4210.00,"Plan Rows": 62500,"Plan Width": 23,"Actual Startup Time": 0.025,"Actual Total Time": 19.726,"Actual Rows": 37500,"Actual Loops": 4,"Workers": []}]}]}]}]}]},"Planning Time": 6.715,"Triggers": [],"Execution Time": 10961.817}]
[{"Plan": {"Node Type": "Sort","Parallel Aware": false,"Async Capable": false,"Startup Cost": 397889.21,"Total Cost": 399077.01,"Plan Rows": 475120,"Plan Width": 71,"Actual Startup Time": 10950.105,"Actual Total Time": 10953.954,"Actual Rows": 9,"Actual Loops": 1,"Sort Key": ["orders.o_totalprice DESC", "orders.o_orderdate"],"Sort Method": "quicksort","Sort Space Used": 25,"Sort Space Type": "Memory","Plans": [{"Node Type": "Aggregate","Strategy": "Hashed","Partial Mode": "Simple","Parent Relationship": "Outer","Parallel Aware": false,"Async Capable": false,"Startup Cost": 347151.30,"Total Cost": 353090.30,"Plan Rows": 475120,"Plan Width": 71,"Actual Startup Time": 10902.471,"Actual Total Time": 10953.715,"Actual Rows": 9,"Actual Loops": 1,"Group Key": ["customer.c_custkey", "orders.o_orderkey"],"Planned Partitions": 0,"HashAgg Batches": 1,"Peak Memory Usage": 24601,"Disk Usage": 0,"Plans": [{"Node Type": "Gather","Parent Relationship": "Outer","Parallel Aware": false,"Async Capable": false,"Startup Cost": 216528.94,"Total Cost": 343587.90,"Plan Rows": 475120,"Plan Width": 44,"Actual Startup Time": 10893.800,"Actual Total Time": 10897.693,"Actual Rows": 63,"Actual Loops": 1,"Workers Planned": 3,"Workers Launched": 3,"Single Copy": false,"Plans": [{"Node Type": "Hash Join","Parent Relationship": "Outer","Parallel Aware": true,"Async Capable": false,"Join Type": "Inner","Startup Cost": 215528.94,"Total Cost": 295075.90,"Plan Rows": 153265,"Plan Width": 44,"Actual Startup Time": 10134.253,"Actual Total Time": 10314.794,"Actual Rows": 16,"Actual Loops": 4,"Inner Unique": true,"Hash Cond": "(orders.o_custkey = customer.c_custkey)","Workers": [],"Plans": [{"Node Type": "Nested Loop","Parent Relationship": "Outer","Parallel Aware": false,"Async Capable": false,"Join Type": "Inner","Startup Cost": 210537.69,"Total Cost": 289682.32,"Plan Rows": 153265,"Plan Width": 25,"Actual Startup Time": 10099.687,"Actual Total Time": 10280.153,"Actual Rows": 16,"Actual Loops": 4,"Inner Unique": false,"Workers": [],"Plans": [{"Node Type": "Hash Join","Parent Relationship": "Outer","Parallel Aware": false,"Async Capable": false,"Join Type": "Inner","Startup Cost": 210537.26,"Total Cost": 242741.13,"Plan Rows": 38308,"Plan Width": 24,"Actual Startup Time": 10099.575,"Actual Total Time": 10279.892,"Actual Rows": 2,"Actual Loops": 4,"Inner Unique": true,"Hash Cond": "(orders.o_orderkey = lineitem_1.l_orderkey)","Workers": [],"Plans": [{"Node Type": "Seq Scan","Parent Relationship": "Outer","Parallel Aware": true,"Async Capable": false,"Relation Name": "orders","Alias": "orders","Startup Cost": 0.00,"Total Cost": 30933.71,"Plan Rows": 483871,"Plan Width": 20,"Actual Startup Time": 0.011,"Actual Total Time": 51.627,"Actual Rows": 375000,"Actual Loops": 4,"Workers": []},{"Node Type": "Hash","Parent Relationship": "Inner","Parallel Aware": false,"Async Capable": false,"Startup Cost": 209052.81,"Total Cost": 209052.81,"Plan Rows": 118756,"Plan Width": 4,"Actual Startup Time": 10016.825,"Actual Total Time": 10016.839,"Actual Rows": 9,"Actual Loops": 4,"Hash Buckets": 131072,"Original Hash Buckets": 131072,"Hash Batches": 1,"Original Hash Batches": 1,"Peak Memory Usage": 1025,"Workers": [],"Plans": [{"Node Type": "Aggregate","Strategy": "Hashed","Partial Mode": "Simple","Parent Relationship": "Outer","Parallel Aware": false,"Async Capable": false,"Startup Cost": 202521.23,"Total Cost": 207865.25,"Plan Rows": 118756,"Plan Width": 4,"Actual Startup Time": 6319.140,"Actual Total Time": 10016.671,"Actual Rows": 9,"Actual Loops": 4,"Group Key": ["lineitem_1.l_orderkey"],"Filter": "(sum(lineitem_1.l_quantity) > '315'::numeric)","Planned Partitions": 0,"HashAgg Batches": 1,"Peak Memory Usage": 638993,"Disk Usage": 0,"Rows Removed by Filter": 1499991,"Workers": [{"Worker Number": 0,"HashAgg Batches": 1,"Peak Memory Usage": 638993,"Disk Usage": 0},{"Worker Number": 1,"HashAgg Batches": 1,"Peak Memory Usage": 638993,"Disk Usage": 0},{"Worker Number": 2,"HashAgg Batches": 1,"Peak Memory Usage": 638993,"Disk Usage": 0}],"Plans": [{"Node Type": "Seq Scan","Parent Relationship": "Outer","Parallel Aware": false,"Async Capable": false,"Relation Name": "lineitem","Alias": "lineitem_1","Startup Cost": 0.00,"Total Cost": 172515.15,"Plan Rows": 6001215,"Plan Width": 9,"Actual Startup Time": 0.018,"Actual Total Time": 971.843,"Actual Rows": 6001215,"Actual Loops": 4,"Workers": []}]}]}]},{"Node Type": "Index Scan","Parent Relationship": "Inner","Parallel Aware": false,"Async Capable": false,"Scan Direction": "Forward","Index Name": "idx_lineitem_orderkey","Relation Name": "lineitem","Alias": "lineitem","Startup Cost": 0.43,"Total Cost": 1.06,"Plan Rows": 17,"Plan Width": 9,"Actual Startup Time": 0.069,"Actual Total Time": 0.079,"Actual Rows": 7,"Actual Loops": 9,"Index Cond": "(l_orderkey = orders.o_orderkey)","Rows Removed by Index Recheck": 0,"Workers": []}]},{"Node Type": "Hash","Parent Relationship": "Inner","Parallel Aware": true,"Async Capable": false,"Startup Cost": 4210.00,"Total Cost": 4210.00,"Plan Rows": 62500,"Plan Width": 23,"Actual Startup Time": 33.677,"Actual Total Time": 33.684,"Actual Rows": 37500,"Actual Loops": 4,"Hash Buckets": 262144,"Original Hash Buckets": 262144,"Hash Batches": 1,"Original Hash Batches": 1,"Peak Memory Usage": 10368,"Workers": [],"Plans": [{"Node Type": "Seq Scan","Parent Relationship": "Outer","Parallel Aware": true,"Async Capable": false,"Relation Name": "customer","Alias": "customer","Startup Cost": 0.00,"Total Cost": 4210.00,"Plan Rows": 62500,"Plan Width": 23,"Actual Startup Time": 0.019,"Actual Total Time": 16.715,"Actual Rows": 37500,"Actual Loops": 4,"Workers": []}]}]}]}]}]},"Planning Time": 6.132,"Triggers": [],"Execution Time": 11002.531}]
[{"Plan": {"Node Type": "Sort","Parallel Aware": false,"Async Capable": false,"Startup Cost": 397889.21,"Total Cost": 399077.01,"Plan Rows": 475120,"Plan Width": 71,"Actual Startup Time": 10785.011,"Actual Total Time": 10839.032,"Actual Rows": 9,"Actual Loops": 1,"Sort Key": ["orders.o_totalprice DESC", "orders.o_orderdate"],"Sort Method": "quicksort","Sort Space Used": 25,"Sort Space Type": "Memory","Plans": [{"Node Type": "Aggregate","Strategy": "Hashed","Partial Mode": "Simple","Parent Relationship": "Outer","Parallel Aware": false,"Async Capable": false,"Startup Cost": 347151.30,"Total Cost": 353090.30,"Plan Rows": 475120,"Plan Width": 71,"Actual Startup Time": 10763.855,"Actual Total Time": 10838.848,"Actual Rows": 9,"Actual Loops": 1,"Group Key": ["customer.c_custkey", "orders.o_orderkey"],"Planned Partitions": 0,"HashAgg Batches": 1,"Peak Memory Usage": 24601,"Disk Usage": 0,"Plans": [{"Node Type": "Gather","Parent Relationship": "Outer","Parallel Aware": false,"Async Capable": false,"Startup Cost": 216528.94,"Total Cost": 343587.90,"Plan Rows": 475120,"Plan Width": 44,"Actual Startup Time": 9674.071,"Actual Total Time": 10813.470,"Actual Rows": 63,"Actual Loops": 1,"Workers Planned": 3,"Workers Launched": 3,"Single Copy": false,"Plans": [{"Node Type": "Hash Join","Parent Relationship": "Outer","Parallel Aware": true,"Async Capable": false,"Join Type": "Inner","Startup Cost": 215528.94,"Total Cost": 295075.90,"Plan Rows": 153265,"Plan Width": 44,"Actual Startup Time": 10141.072,"Actual Total Time": 10312.965,"Actual Rows": 16,"Actual Loops": 4,"Inner Unique": true,"Hash Cond": "(orders.o_custkey = customer.c_custkey)","Workers": [],"Plans": [{"Node Type": "Nested Loop","Parent Relationship": "Outer","Parallel Aware": false,"Async Capable": false,"Join Type": "Inner","Startup Cost": 210537.69,"Total Cost": 289682.32,"Plan Rows": 153265,"Plan Width": 25,"Actual Startup Time": 10104.129,"Actual Total Time": 10275.947,"Actual Rows": 16,"Actual Loops": 4,"Inner Unique": false,"Workers": [],"Plans": [{"Node Type": "Hash Join","Parent Relationship": "Outer","Parallel Aware": false,"Async Capable": false,"Join Type": "Inner","Startup Cost": 210537.26,"Total Cost": 242741.13,"Plan Rows": 38308,"Plan Width": 24,"Actual Startup Time": 10104.052,"Actual Total Time": 10275.739,"Actual Rows": 2,"Actual Loops": 4,"Inner Unique": true,"Hash Cond": "(orders.o_orderkey = lineitem_1.l_orderkey)","Workers": [],"Plans": [{"Node Type": "Seq Scan","Parent Relationship": "Outer","Parallel Aware": true,"Async Capable": false,"Relation Name": "orders","Alias": "orders","Startup Cost": 0.00,"Total Cost": 30933.71,"Plan Rows": 483871,"Plan Width": 20,"Actual Startup Time": 0.007,"Actual Total Time": 53.689,"Actual Rows": 375000,"Actual Loops": 4,"Workers": []},{"Node Type": "Hash","Parent Relationship": "Inner","Parallel Aware": false,"Async Capable": false,"Startup Cost": 209052.81,"Total Cost": 209052.81,"Plan Rows": 118756,"Plan Width": 4,"Actual Startup Time": 10025.157,"Actual Total Time": 10025.166,"Actual Rows": 9,"Actual Loops": 4,"Hash Buckets": 131072,"Original Hash Buckets": 131072,"Hash Batches": 1,"Original Hash Batches": 1,"Peak Memory Usage": 1025,"Workers": [],"Plans": [{"Node Type": "Aggregate","Strategy": "Hashed","Partial Mode": "Simple","Parent Relationship": "Outer","Parallel Aware": false,"Async Capable": false,"Startup Cost": 202521.23,"Total Cost": 207865.25,"Plan Rows": 118756,"Plan Width": 4,"Actual Startup Time": 6285.839,"Actual Total Time": 10024.981,"Actual Rows": 9,"Actual Loops": 4,"Group Key": ["lineitem_1.l_orderkey"],"Filter": "(sum(lineitem_1.l_quantity) > '314'::numeric)","Planned Partitions": 0,"HashAgg Batches": 1,"Peak Memory Usage": 638993,"Disk Usage": 0,"Rows Removed by Filter": 1499991,"Workers": [{"Worker Number": 0,"HashAgg Batches": 1,"Peak Memory Usage": 638993,"Disk Usage": 0},{"Worker Number": 1,"HashAgg Batches": 1,"Peak Memory Usage": 638993,"Disk Usage": 0},{"Worker Number": 2,"HashAgg Batches": 1,"Peak Memory Usage": 638993,"Disk Usage": 0}],"Plans": [{"Node Type": "Seq Scan","Parent Relationship": "Outer","Parallel Aware": false,"Async Capable": false,"Relation Name": "lineitem","Alias": "lineitem_1","Startup Cost": 0.00,"Total Cost": 172515.15,"Plan Rows": 6001215,"Plan Width": 9,"Actual Startup Time": 0.019,"Actual Total Time": 931.752,"Actual Rows": 6001215,"Actual Loops": 4,"Workers": []}]}]}]},{"Node Type": "Index Scan","Parent Relationship": "Inner","Parallel Aware": false,"Async Capable": false,"Scan Direction": "Forward","Index Name": "idx_lineitem_orderkey","Relation Name": "lineitem","Alias": "lineitem","Startup Cost": 0.43,"Total Cost": 1.06,"Plan Rows": 17,"Plan Width": 9,"Actual Startup Time": 0.055,"Actual Total Time": 0.062,"Actual Rows": 7,"Actual Loops": 9,"Index Cond": "(l_orderkey = orders.o_orderkey)","Rows Removed by Index Recheck": 0,"Workers": []}]},{"Node Type": "Hash","Parent Relationship": "Inner","Parallel Aware": true,"Async Capable": false,"Startup Cost": 4210.00,"Total Cost": 4210.00,"Plan Rows": 62500,"Plan Width": 23,"Actual Startup Time": 36.172,"Actual Total Time": 36.190,"Actual Rows": 37500,"Actual Loops": 4,"Hash Buckets": 262144,"Original Hash Buckets": 262144,"Hash Batches": 1,"Original Hash Batches": 1,"Peak Memory Usage": 10336,"Workers": [],"Plans": [{"Node Type": "Seq Scan","Parent Relationship": "Outer","Parallel Aware": true,"Async Capable": false,"Relation Name": "customer","Alias": "customer","Startup Cost": 0.00,"Total Cost": 4210.00,"Plan Rows": 62500,"Plan Width": 23,"Actual Startup Time": 0.024,"Actual Total Time": 17.933,"Actual Rows": 37500,"Actual Loops": 4,"Workers": []}]}]}]}]}]},"Planning Time": 6.881,"Triggers": [],"Execution Time": 10893.482}]
[{"Plan": {"Node Type": "Sort","Parallel Aware": false,"Async Capable": false,"Startup Cost": 397889.21,"Total Cost": 399077.01,"Plan Rows": 475120,"Plan Width": 71,"Actual Startup Time": 10887.509,"Actual Total Time": 10908.132,"Actual Rows": 10,"Actual Loops": 1,"Sort Key": ["orders.o_totalprice DESC", "orders.o_orderdate"],"Sort Method": "quicksort","Sort Space Used": 25,"Sort Space Type": "Memory","Plans": [{"Node Type": "Aggregate","Strategy": "Hashed","Partial Mode": "Simple","Parent Relationship": "Outer","Parallel Aware": false,"Async Capable": false,"Startup Cost": 347151.30,"Total Cost": 353090.30,"Plan Rows": 475120,"Plan Width": 71,"Actual Startup Time": 10848.812,"Actual Total Time": 10907.941,"Actual Rows": 10,"Actual Loops": 1,"Group Key": ["customer.c_custkey", "orders.o_orderkey"],"Planned Partitions": 0,"HashAgg Batches": 1,"Peak Memory Usage": 24601,"Disk Usage": 0,"Plans": [{"Node Type": "Gather","Parent Relationship": "Outer","Parallel Aware": false,"Async Capable": false,"Startup Cost": 216528.94,"Total Cost": 343587.90,"Plan Rows": 475120,"Plan Width": 44,"Actual Startup Time": 10782.037,"Actual Total Time": 10858.151,"Actual Rows": 70,"Actual Loops": 1,"Workers Planned": 3,"Workers Launched": 3,"Single Copy": false,"Plans": [{"Node Type": "Hash Join","Parent Relationship": "Outer","Parallel Aware": true,"Async Capable": false,"Join Type": "Inner","Startup Cost": 215528.94,"Total Cost": 295075.90,"Plan Rows": 153265,"Plan Width": 44,"Actual Startup Time": 10180.765,"Actual Total Time": 10348.312,"Actual Rows": 18,"Actual Loops": 4,"Inner Unique": true,"Hash Cond": "(orders.o_custkey = customer.c_custkey)","Workers": [],"Plans": [{"Node Type": "Nested Loop","Parent Relationship": "Outer","Parallel Aware": false,"Async Capable": false,"Join Type": "Inner","Startup Cost": 210537.69,"Total Cost": 289682.32,"Plan Rows": 153265,"Plan Width": 25,"Actual Startup Time": 10142.809,"Actual Total Time": 10310.270,"Actual Rows": 18,"Actual Loops": 4,"Inner Unique": false,"Workers": [],"Plans": [{"Node Type": "Hash Join","Parent Relationship": "Outer","Parallel Aware": false,"Async Capable": false,"Join Type": "Inner","Startup Cost": 210537.26,"Total Cost": 242741.13,"Plan Rows": 38308,"Plan Width": 24,"Actual Startup Time": 10142.670,"Actual Total Time": 10309.991,"Actual Rows": 2,"Actual Loops": 4,"Inner Unique": true,"Hash Cond": "(orders.o_orderkey = lineitem_1.l_orderkey)","Workers": [],"Plans": [{"Node Type": "Seq Scan","Parent Relationship": "Outer","Parallel Aware": true,"Async Capable": false,"Relation Name": "orders","Alias": "orders","Startup Cost": 0.00,"Total Cost": 30933.71,"Plan Rows": 483871,"Plan Width": 20,"Actual Startup Time": 0.009,"Actual Total Time": 49.040,"Actual Rows": 375000,"Actual Loops": 4,"Workers": []},{"Node Type": "Hash","Parent Relationship": "Inner","Parallel Aware": false,"Async Capable": false,"Startup Cost": 209052.81,"Total Cost": 209052.81,"Plan Rows": 118756,"Plan Width": 4,"Actual Startup Time": 10075.163,"Actual Total Time": 10075.176,"Actual Rows": 10,"Actual Loops": 4,"Hash Buckets": 131072,"Original Hash Buckets": 131072,"Hash Batches": 1,"Original Hash Batches": 1,"Peak Memory Usage": 1025,"Workers": [],"Plans": [{"Node Type": "Aggregate","Strategy": "Hashed","Partial Mode": "Simple","Parent Relationship": "Outer","Parallel Aware": false,"Async Capable": false,"Startup Cost": 202521.23,"Total Cost": 207865.25,"Plan Rows": 118756,"Plan Width": 4,"Actual Startup Time": 6293.151,"Actual Total Time": 10074.968,"Actual Rows": 10,"Actual Loops": 4,"Group Key": ["lineitem_1.l_orderkey"],"Filter": "(sum(lineitem_1.l_quantity) > '312'::numeric)","Planned Partitions": 0,"HashAgg Batches": 1,"Peak Memory Usage": 638993,"Disk Usage": 0,"Rows Removed by Filter": 1499990,"Workers": [{"Worker Number": 0,"HashAgg Batches": 1,"Peak Memory Usage": 638993,"Disk Usage": 0},{"Worker Number": 1,"HashAgg Batches": 1,"Peak Memory Usage": 638993,"Disk Usage": 0},{"Worker Number": 2,"HashAgg Batches": 1,"Peak Memory Usage": 638993,"Disk Usage": 0}],"Plans": [{"Node Type": "Seq Scan","Parent Relationship": "Outer","Parallel Aware": false,"Async Capable": false,"Relation Name": "lineitem","Alias": "lineitem_1","Startup Cost": 0.00,"Total Cost": 172515.15,"Plan Rows": 6001215,"Plan Width": 9,"Actual Startup Time": 0.021,"Actual Total Time": 960.546,"Actual Rows": 6001215,"Actual Loops": 4,"Workers": []}]}]}]},{"Node Type": "Index Scan","Parent Relationship": "Inner","Parallel Aware": false,"Async Capable": false,"Scan Direction": "Forward","Index Name": "idx_lineitem_orderkey","Relation Name": "lineitem","Alias": "lineitem","Startup Cost": 0.43,"Total Cost": 1.06,"Plan Rows": 17,"Plan Width": 9,"Actual Startup Time": 0.072,"Actual Total Time": 0.079,"Actual Rows": 7,"Actual Loops": 10,"Index Cond": "(l_orderkey = orders.o_orderkey)","Rows Removed by Index Recheck": 0,"Workers": []}]},{"Node Type": "Hash","Parent Relationship": "Inner","Parallel Aware": true,"Async Capable": false,"Startup Cost": 4210.00,"Total Cost": 4210.00,"Plan Rows": 62500,"Plan Width": 23,"Actual Startup Time": 37.105,"Actual Total Time": 37.114,"Actual Rows": 37500,"Actual Loops": 4,"Hash Buckets": 262144,"Original Hash Buckets": 262144,"Hash Batches": 1,"Original Hash Batches": 1,"Peak Memory Usage": 10368,"Workers": [],"Plans": [{"Node Type": "Seq Scan","Parent Relationship": "Outer","Parallel Aware": true,"Async Capable": false,"Relation Name": "customer","Alias": "customer","Startup Cost": 0.00,"Total Cost": 4210.00,"Plan Rows": 62500,"Plan Width": 23,"Actual Startup Time": 0.025,"Actual Total Time": 19.726,"Actual Rows": 37500,"Actual Loops": 4,"Workers": []}]}]}]}]}]},"Planning Time": 6.715,"Triggers": [],"Execution Time": 10961.817}]
[{"Plan": {"Node Type": "Sort","Parallel Aware": false,"Async Capable": false,"Startup Cost": 397889.21,"Total Cost": 399077.01,"Plan Rows": 475120,"Plan Width": 71,"Actual Startup Time": 10345.847,"Actual Total Time": 10377.998,"Actual Rows": 9,"Actual Loops": 1,"Sort Key": ["orders.o_totalprice DESC", "orders.o_orderdate"],"Sort Method": "quicksort","Sort Space Used": 25,"Sort Space Type": "Memory","Plans": [{"Node Type": "Aggregate","Strategy": "Hashed","Partial Mode": "Simple","Parent Relationship": "Outer","Parallel Aware": false,"Async Capable": false,"Startup Cost": 347151.30,"Total Cost": 353090.30,"Plan Rows": 475120,"Plan Width": 71,"Actual Startup Time": 10329.232,"Actual Total Time": 10377.856,"Actual Rows": 9,"Actual Loops": 1,"Group Key": ["customer.c_custkey", "orders.o_orderkey"],"Planned Partitions": 0,"HashAgg Batches": 1,"Peak Memory Usage": 24601,"Disk Usage": 0,"Plans": [{"Node Type": "Gather","Parent Relationship": "Outer","Parallel Aware": false,"Async Capable": false,"Startup Cost": 216528.94,"Total Cost": 343587.90,"Plan Rows": 475120,"Plan Width": 44,"Actual Startup Time": 10053.961,"Actual Total Time": 10357.615,"Actual Rows": 63,"Actual Loops": 1,"Workers Planned": 3,"Workers Launched": 3,"Single Copy": false,"Plans": [{"Node Type": "Hash Join","Parent Relationship": "Outer","Parallel Aware": true,"Async Capable": false,"Join Type": "Inner","Startup Cost": 215528.94,"Total Cost": 295075.90,"Plan Rows": 153265,"Plan Width": 44,"Actual Startup Time": 10157.696,"Actual Total Time": 10258.651,"Actual Rows": 16,"Actual Loops": 4,"Inner Unique": true,"Hash Cond": "(orders.o_custkey = customer.c_custkey)","Workers": [],"Plans": [{"Node Type": "Nested Loop","Parent Relationship": "Outer","Parallel Aware": false,"Async Capable": false,"Join Type": "Inner","Startup Cost": 210537.69,"Total Cost": 289682.32,"Plan Rows": 153265,"Plan Width": 25,"Actual Startup Time": 10123.332,"Actual Total Time": 10224.239,"Actual Rows": 16,"Actual Loops": 4,"Inner Unique": false,"Workers": [],"Plans": [{"Node Type": "Hash Join","Parent Relationship": "Outer","Parallel Aware": false,"Async Capable": false,"Join Type": "Inner","Startup Cost": 210537.26,"Total Cost": 242741.13,"Plan Rows": 38308,"Plan Width": 24,"Actual Startup Time": 10123.186,"Actual Total Time": 10223.998,"Actual Rows": 2,"Actual Loops": 4,"Inner Unique": true,"Hash Cond": "(orders.o_orderkey = lineitem_1.l_orderkey)","Workers": [],"Plans": [{"Node Type": "Seq Scan","Parent Relationship": "Outer","Parallel Aware": true,"Async Capable": false,"Relation Name": "orders","Alias": "orders","Startup Cost": 0.00,"Total Cost": 30933.71,"Plan Rows": 483871,"Plan Width": 20,"Actual Startup Time": 0.011,"Actual Total Time": 49.852,"Actual Rows": 375000,"Actual Loops": 4,"Workers": []},{"Node Type": "Hash","Parent Relationship": "Inner","Parallel Aware": false,"Async Capable": false,"Startup Cost": 209052.81,"Total Cost": 209052.81,"Plan Rows": 118756,"Plan Width": 4,"Actual Startup Time": 10005.666,"Actual Total Time": 10005.673,"Actual Rows": 9,"Actual Loops": 4,"Hash Buckets": 131072,"Original Hash Buckets": 131072,"Hash Batches": 1,"Original Hash Batches": 1,"Peak Memory Usage": 1025,"Workers": [],"Plans": [{"Node Type": "Aggregate","Strategy": "Hashed","Partial Mode": "Simple","Parent Relationship": "Outer","Parallel Aware": false,"Async Capable": false,"Startup Cost": 202521.23,"Total Cost": 207865.25,"Plan Rows": 118756,"Plan Width": 4,"Actual Startup Time": 6310.010,"Actual Total Time": 10005.543,"Actual Rows": 9,"Actual Loops": 4,"Group Key": ["lineitem_1.l_orderkey"],"Filter": "(sum(lineitem_1.l_quantity) > '313'::numeric)","Planned Partitions": 0,"HashAgg Batches": 1,"Peak Memory Usage": 638993,"Disk Usage": 0,"Rows Removed by Filter": 1499991,"Workers": [{"Worker Number": 0,"HashAgg Batches": 1,"Peak Memory Usage": 638993,"Disk Usage": 0},{"Worker Number": 1,"HashAgg Batches": 1,"Peak Memory Usage": 638993,"Disk Usage": 0},{"Worker Number": 2,"HashAgg Batches": 1,"Peak Memory Usage": 638993,"Disk Usage": 0}],"Plans": [{"Node Type": "Seq Scan","Parent Relationship": "Outer","Parallel Aware": false,"Async Capable": false,"Relation Name": "lineitem","Alias": "lineitem_1","Startup Cost": 0.00,"Total Cost": 172515.15,"Plan Rows": 6001215,"Plan Width": 9,"Actual Startup Time": 0.020,"Actual Total Time": 994.479,"Actual Rows": 6001215,"Actual Loops": 4,"Workers": []}]}]}]},{"Node Type": "Index Scan","Parent Relationship": "Inner","Parallel Aware": false,"Async Capable": false,"Scan Direction": "Forward","Index Name": "idx_lineitem_orderkey","Relation Name": "lineitem","Alias": "lineitem","Startup Cost": 0.43,"Total Cost": 1.06,"Plan Rows": 17,"Plan Width": 9,"Actual Startup Time": 0.068,"Actual Total Time": 0.075,"Actual Rows": 7,"Actual Loops": 9,"Index Cond": "(l_orderkey = orders.o_orderkey)","Rows Removed by Index Recheck": 0,"Workers": []}]},{"Node Type": "Hash","Parent Relationship": "Inner","Parallel Aware": true,"Async Capable": false,"Startup Cost": 4210.00,"Total Cost": 4210.00,"Plan Rows": 62500,"Plan Width": 23,"Actual Startup Time": 33.578,"Actual Total Time": 33.582,"Actual Rows": 37500,"Actual Loops": 4,"Hash Buckets": 262144,"Original Hash Buckets": 262144,"Hash Batches": 1,"Original Hash Batches": 1,"Peak Memory Usage": 10336,"Workers": [],"Plans": [{"Node Type": "Seq Scan","Parent Relationship": "Outer","Parallel Aware": true,"Async Capable": false,"Relation Name": "customer","Alias": "customer","Startup Cost": 0.00,"Total Cost": 4210.00,"Plan Rows": 62500,"Plan Width": 23,"Actual Startup Time": 0.023,"Actual Total Time": 16.777,"Actual Rows": 37500,"Actual Loops": 4,"Workers": []}]}]}]}]}]},"Planning Time": 6.662,"Triggers": [],"Execution Time": 10430.266}]
[{"Plan": {"Node Type": "Sort","Parallel Aware": false,"Async Capable": false,"Startup Cost": 397889.21,"Total Cost": 399077.01,"Plan Rows": 475120,"Plan Width": 71,"Actual Startup Time": 10887.509,"Actual Total Time": 10908.132,"Actual Rows": 10,"Actual Loops": 1,"Sort Key": ["orders.o_totalprice DESC", "orders.o_orderdate"],"Sort Method": "quicksort","Sort Space Used": 25,"Sort Space Type": "Memory","Plans": [{"Node Type": "Aggregate","Strategy": "Hashed","Partial Mode": "Simple","Parent Relationship": "Outer","Parallel Aware": false,"Async Capable": false,"Startup Cost": 347151.30,"Total Cost": 353090.30,"Plan Rows": 475120,"Plan Width": 71,"Actual Startup Time": 10848.812,"Actual Total Time": 10907.941,"Actual Rows": 10,"Actual Loops": 1,"Group Key": ["customer.c_custkey", "orders.o_orderkey"],"Planned Partitions": 0,"HashAgg Batches": 1,"Peak Memory Usage": 24601,"Disk Usage": 0,"Plans": [{"Node Type": "Gather","Parent Relationship": "Outer","Parallel Aware": false,"Async Capable": false,"Startup Cost": 216528.94,"Total Cost": 343587.90,"Plan Rows": 475120,"Plan Width": 44,"Actual Startup Time": 10782.037,"Actual Total Time": 10858.151,"Actual Rows": 70,"Actual Loops": 1,"Workers Planned": 3,"Workers Launched": 3,"Single Copy": false,"Plans": [{"Node Type": "Hash Join","Parent Relationship": "Outer","Parallel Aware": true,"Async Capable": false,"Join Type": "Inner","Startup Cost": 215528.94,"Total Cost": 295075.90,"Plan Rows": 153265,"Plan Width": 44,"Actual Startup Time": 10180.765,"Actual Total Time": 10348.312,"Actual Rows": 18,"Actual Loops": 4,"Inner Unique": true,"Hash Cond": "(orders.o_custkey = customer.c_custkey)","Workers": [],"Plans": [{"Node Type": "Nested Loop","Parent Relationship": "Outer","Parallel Aware": false,"Async Capable": false,"Join Type": "Inner","Startup Cost": 210537.69,"Total Cost": 289682.32,"Plan Rows": 153265,"Plan Width": 25,"Actual Startup Time": 10142.809,"Actual Total Time": 10310.270,"Actual Rows": 18,"Actual Loops": 4,"Inner Unique": false,"Workers": [],"Plans": [{"Node Type": "Hash Join","Parent Relationship": "Outer","Parallel Aware": false,"Async Capable": false,"Join Type": "Inner","Startup Cost": 210537.26,"Total Cost": 242741.13,"Plan Rows": 38308,"Plan Width": 24,"Actual Startup Time": 10142.670,"Actual Total Time": 10309.991,"Actual Rows": 2,"Actual Loops": 4,"Inner Unique": true,"Hash Cond": "(orders.o_orderkey = lineitem_1.l_orderkey)","Workers": [],"Plans": [{"Node Type": "Seq Scan","Parent Relationship": "Outer","Parallel Aware": true,"Async Capable": false,"Relation Name": "orders","Alias": "orders","Startup Cost": 0.00,"Total Cost": 30933.71,"Plan Rows": 483871,"Plan Width": 20,"Actual Startup Time": 0.009,"Actual Total Time": 49.040,"Actual Rows": 375000,"Actual Loops": 4,"Workers": []},{"Node Type": "Hash","Parent Relationship": "Inner","Parallel Aware": false,"Async Capable": false,"Startup Cost": 209052.81,"Total Cost": 209052.81,"Plan Rows": 118756,"Plan Width": 4,"Actual Startup Time": 10075.163,"Actual Total Time": 10075.176,"Actual Rows": 10,"Actual Loops": 4,"Hash Buckets": 131072,"Original Hash Buckets": 131072,"Hash Batches": 1,"Original Hash Batches": 1,"Peak Memory Usage": 1025,"Workers": [],"Plans": [{"Node Type": "Aggregate","Strategy": "Hashed","Partial Mode": "Simple","Parent Relationship": "Outer","Parallel Aware": false,"Async Capable": false,"Startup Cost": 202521.23,"Total Cost": 207865.25,"Plan Rows": 118756,"Plan Width": 4,"Actual Startup Time": 6293.151,"Actual Total Time": 10074.968,"Actual Rows": 10,"Actual Loops": 4,"Group Key": ["lineitem_1.l_orderkey"],"Filter": "(sum(lineitem_1.l_quantity) > '312'::numeric)","Planned Partitions": 0,"HashAgg Batches": 1,"Peak Memory Usage": 638993,"Disk Usage": 0,"Rows Removed by Filter": 1499990,"Workers": [{"Worker Number": 0,"HashAgg Batches": 1,"Peak Memory Usage": 638993,"Disk Usage": 0},{"Worker Number": 1,"HashAgg Batches": 1,"Peak Memory Usage": 638993,"Disk Usage": 0},{"Worker Number": 2,"HashAgg Batches": 1,"Peak Memory Usage": 638993,"Disk Usage": 0}],"Plans": [{"Node Type": "Seq Scan","Parent Relationship": "Outer","Parallel Aware": false,"Async Capable": false,"Relation Name": "lineitem","Alias": "lineitem_1","Startup Cost": 0.00,"Total Cost": 172515.15,"Plan Rows": 6001215,"Plan Width": 9,"Actual Startup Time": 0.021,"Actual Total Time": 960.546,"Actual Rows": 6001215,"Actual Loops": 4,"Workers": []}]}]}]},{"Node Type": "Index Scan","Parent Relationship": "Inner","Parallel Aware": false,"Async Capable": false,"Scan Direction": "Forward","Index Name": "idx_lineitem_orderkey","Relation Name": "lineitem","Alias": "lineitem","Startup Cost": 0.43,"Total Cost": 1.06,"Plan Rows": 17,"Plan Width": 9,"Actual Startup Time": 0.072,"Actual Total Time": 0.079,"Actual Rows": 7,"Actual Loops": 10,"Index Cond": "(l_orderkey = orders.o_orderkey)","Rows Removed by Index Recheck": 0,"Workers": []}]},{"Node Type": "Hash","Parent Relationship": "Inner","Parallel Aware": true,"Async Capable": false,"Startup Cost": 4210.00,"Total Cost": 4210.00,"Plan Rows": 62500,"Plan Width": 23,"Actual Startup Time": 37.105,"Actual Total Time": 37.114,"Actual Rows": 37500,"Actual Loops": 4,"Hash Buckets": 262144,"Original Hash Buckets": 262144,"Hash Batches": 1,"Original Hash Batches": 1,"Peak Memory Usage": 10368,"Workers": [],"Plans": [{"Node Type": "Seq Scan","Parent Relationship": "Outer","Parallel Aware": true,"Async Capable": false,"Relation Name": "customer","Alias": "customer","Startup Cost": 0.00,"Total Cost": 4210.00,"Plan Rows": 62500,"Plan Width": 23,"Actual Startup Time": 0.025,"Actual Total Time": 19.726,"Actual Rows": 37500,"Actual Loops": 4,"Workers": []}]}]}]}]}]},"Planning Time": 6.715,"Triggers": [],"Execution Time": 10961.817}]
[{"Plan": {"Node Type": "Sort","Parallel Aware": false,"Async Capable": false,"Startup Cost": 397889.21,"Total Cost": 399077.01,"Plan Rows": 475120,"Plan Width": 71,"Actual Startup Time": 10950.105,"Actual Total Time": 10953.954,"Actual Rows": 9,"Actual Loops": 1,"Sort Key": ["orders.o_totalprice DESC", "orders.o_orderdate"],"Sort Method": "quicksort","Sort Space Used": 25,"Sort Space Type": "Memory","Plans": [{"Node Type": "Aggregate","Strategy": "Hashed","Partial Mode": "Simple","Parent Relationship": "Outer","Parallel Aware": false,"Async Capable": false,"Startup Cost": 347151.30,"Total Cost": 353090.30,"Plan Rows": 475120,"Plan Width": 71,"Actual Startup Time": 10902.471,"Actual Total Time": 10953.715,"Actual Rows": 9,"Actual Loops": 1,"Group Key": ["customer.c_custkey", "orders.o_orderkey"],"Planned Partitions": 0,"HashAgg Batches": 1,"Peak Memory Usage": 24601,"Disk Usage": 0,"Plans": [{"Node Type": "Gather","Parent Relationship": "Outer","Parallel Aware": false,"Async Capable": false,"Startup Cost": 216528.94,"Total Cost": 343587.90,"Plan Rows": 475120,"Plan Width": 44,"Actual Startup Time": 10893.800,"Actual Total Time": 10897.693,"Actual Rows": 63,"Actual Loops": 1,"Workers Planned": 3,"Workers Launched": 3,"Single Copy": false,"Plans": [{"Node Type": "Hash Join","Parent Relationship": "Outer","Parallel Aware": true,"Async Capable": false,"Join Type": "Inner","Startup Cost": 215528.94,"Total Cost": 295075.90,"Plan Rows": 153265,"Plan Width": 44,"Actual Startup Time": 10134.253,"Actual Total Time": 10314.794,"Actual Rows": 16,"Actual Loops": 4,"Inner Unique": true,"Hash Cond": "(orders.o_custkey = customer.c_custkey)","Workers": [],"Plans": [{"Node Type": "Nested Loop","Parent Relationship": "Outer","Parallel Aware": false,"Async Capable": false,"Join Type": "Inner","Startup Cost": 210537.69,"Total Cost": 289682.32,"Plan Rows": 153265,"Plan Width": 25,"Actual Startup Time": 10099.687,"Actual Total Time": 10280.153,"Actual Rows": 16,"Actual Loops": 4,"Inner Unique": false,"Workers": [],"Plans": [{"Node Type": "Hash Join","Parent Relationship": "Outer","Parallel Aware": false,"Async Capable": false,"Join Type": "Inner","Startup Cost": 210537.26,"Total Cost": 242741.13,"Plan Rows": 38308,"Plan Width": 24,"Actual Startup Time": 10099.575,"Actual Total Time": 10279.892,"Actual Rows": 2,"Actual Loops": 4,"Inner Unique": true,"Hash Cond": "(orders.o_orderkey = lineitem_1.l_orderkey)","Workers": [],"Plans": [{"Node Type": "Seq Scan","Parent Relationship": "Outer","Parallel Aware": true,"Async Capable": false,"Relation Name": "orders","Alias": "orders","Startup Cost": 0.00,"Total Cost": 30933.71,"Plan Rows": 483871,"Plan Width": 20,"Actual Startup Time": 0.011,"Actual Total Time": 51.627,"Actual Rows": 375000,"Actual Loops": 4,"Workers": []},{"Node Type": "Hash","Parent Relationship": "Inner","Parallel Aware": false,"Async Capable": false,"Startup Cost": 209052.81,"Total Cost": 209052.81,"Plan Rows": 118756,"Plan Width": 4,"Actual Startup Time": 10016.825,"Actual Total Time": 10016.839,"Actual Rows": 9,"Actual Loops": 4,"Hash Buckets": 131072,"Original Hash Buckets": 131072,"Hash Batches": 1,"Original Hash Batches": 1,"Peak Memory Usage": 1025,"Workers": [],"Plans": [{"Node Type": "Aggregate","Strategy": "Hashed","Partial Mode": "Simple","Parent Relationship": "Outer","Parallel Aware": false,"Async Capable": false,"Startup Cost": 202521.23,"Total Cost": 207865.25,"Plan Rows": 118756,"Plan Width": 4,"Actual Startup Time": 6319.140,"Actual Total Time": 10016.671,"Actual Rows": 9,"Actual Loops": 4,"Group Key": ["lineitem_1.l_orderkey"],"Filter": "(sum(lineitem_1.l_quantity) > '315'::numeric)","Planned Partitions": 0,"HashAgg Batches": 1,"Peak Memory Usage": 638993,"Disk Usage": 0,"Rows Removed by Filter": 1499991,"Workers": [{"Worker Number": 0,"HashAgg Batches": 1,"Peak Memory Usage": 638993,"Disk Usage": 0},{"Worker Number": 1,"HashAgg Batches": 1,"Peak Memory Usage": 638993,"Disk Usage": 0},{"Worker Number": 2,"HashAgg Batches": 1,"Peak Memory Usage": 638993,"Disk Usage": 0}],"Plans": [{"Node Type": "Seq Scan","Parent Relationship": "Outer","Parallel Aware": false,"Async Capable": false,"Relation Name": "lineitem","Alias": "lineitem_1","Startup Cost": 0.00,"Total Cost": 172515.15,"Plan Rows": 6001215,"Plan Width": 9,"Actual Startup Time": 0.018,"Actual Total Time": 971.843,"Actual Rows": 6001215,"Actual Loops": 4,"Workers": []}]}]}]},{"Node Type": "Index Scan","Parent Relationship": "Inner","Parallel Aware": false,"Async Capable": false,"Scan Direction": "Forward","Index Name": "idx_lineitem_orderkey","Relation Name": "lineitem","Alias": "lineitem","Startup Cost": 0.43,"Total Cost": 1.06,"Plan Rows": 17,"Plan Width": 9,"Actual Startup Time": 0.069,"Actual Total Time": 0.079,"Actual Rows": 7,"Actual Loops": 9,"Index Cond": "(l_orderkey = orders.o_orderkey)","Rows Removed by Index Recheck": 0,"Workers": []}]},{"Node Type": "Hash","Parent Relationship": "Inner","Parallel Aware": true,"Async Capable": false,"Startup Cost": 4210.00,"Total Cost": 4210.00,"Plan Rows": 62500,"Plan Width": 23,"Actual Startup Time": 33.677,"Actual Total Time": 33.684,"Actual Rows": 37500,"Actual Loops": 4,"Hash Buckets": 262144,"Original Hash Buckets": 262144,"Hash Batches": 1,"Original Hash Batches": 1,"Peak Memory Usage": 10368,"Workers": [],"Plans": [{"Node Type": "Seq Scan","Parent Relationship": "Outer","Parallel Aware": true,"Async Capable": false,"Relation Name": "customer","Alias": "customer","Startup Cost": 0.00,"Total Cost": 4210.00,"Plan Rows": 62500,"Plan Width": 23,"Actual Startup Time": 0.019,"Actual Total Time": 16.715,"Actual Rows": 37500,"Actual Loops": 4,"Workers": []}]}]}]}]}]},"Planning Time": 6.132,"Triggers": [],"Execution Time": 11002.531}]
[{"Plan": {"Node Type": "Sort","Parallel Aware": false,"Async Capable": false,"Startup Cost": 397889.21,"Total Cost": 399077.01,"Plan Rows": 475120,"Plan Width": 71,"Actual Startup Time": 10887.509,"Actual Total Time": 10908.132,"Actual Rows": 10,"Actual Loops": 1,"Sort Key": ["orders.o_totalprice DESC", "orders.o_orderdate"],"Sort Method": "quicksort","Sort Space Used": 25,"Sort Space Type": "Memory","Plans": [{"Node Type": "Aggregate","Strategy": "Hashed","Partial Mode": "Simple","Parent Relationship": "Outer","Parallel Aware": false,"Async Capable": false,"Startup Cost": 347151.30,"Total Cost": 353090.30,"Plan Rows": 475120,"Plan Width": 71,"Actual Startup Time": 10848.812,"Actual Total Time": 10907.941,"Actual Rows": 10,"Actual Loops": 1,"Group Key": ["customer.c_custkey", "orders.o_orderkey"],"Planned Partitions": 0,"HashAgg Batches": 1,"Peak Memory Usage": 24601,"Disk Usage": 0,"Plans": [{"Node Type": "Gather","Parent Relationship": "Outer","Parallel Aware": false,"Async Capable": false,"Startup Cost": 216528.94,"Total Cost": 343587.90,"Plan Rows": 475120,"Plan Width": 44,"Actual Startup Time": 10782.037,"Actual Total Time": 10858.151,"Actual Rows": 70,"Actual Loops": 1,"Workers Planned": 3,"Workers Launched": 3,"Single Copy": false,"Plans": [{"Node Type": "Hash Join","Parent Relationship": "Outer","Parallel Aware": true,"Async Capable": false,"Join Type": "Inner","Startup Cost": 215528.94,"Total Cost": 295075.90,"Plan Rows": 153265,"Plan Width": 44,"Actual Startup Time": 10180.765,"Actual Total Time": 10348.312,"Actual Rows": 18,"Actual Loops": 4,"Inner Unique": true,"Hash Cond": "(orders.o_custkey = customer.c_custkey)","Workers": [],"Plans": [{"Node Type": "Nested Loop","Parent Relationship": "Outer","Parallel Aware": false,"Async Capable": false,"Join Type": "Inner","Startup Cost": 210537.69,"Total Cost": 289682.32,"Plan Rows": 153265,"Plan Width": 25,"Actual Startup Time": 10142.809,"Actual Total Time": 10310.270,"Actual Rows": 18,"Actual Loops": 4,"Inner Unique": false,"Workers": [],"Plans": [{"Node Type": "Hash Join","Parent Relationship": "Outer","Parallel Aware": false,"Async Capable": false,"Join Type": "Inner","Startup Cost": 210537.26,"Total Cost": 242741.13,"Plan Rows": 38308,"Plan Width": 24,"Actual Startup Time": 10142.670,"Actual Total Time": 10309.991,"Actual Rows": 2,"Actual Loops": 4,"Inner Unique": true,"Hash Cond": "(orders.o_orderkey = lineitem_1.l_orderkey)","Workers": [],"Plans": [{"Node Type": "Seq Scan","Parent Relationship": "Outer","Parallel Aware": true,"Async Capable": false,"Relation Name": "orders","Alias": "orders","Startup Cost": 0.00,"Total Cost": 30933.71,"Plan Rows": 483871,"Plan Width": 20,"Actual Startup Time": 0.009,"Actual Total Time": 49.040,"Actual Rows": 375000,"Actual Loops": 4,"Workers": []},{"Node Type": "Hash","Parent Relationship": "Inner","Parallel Aware": false,"Async Capable": false,"Startup Cost": 209052.81,"Total Cost": 209052.81,"Plan Rows": 118756,"Plan Width": 4,"Actual Startup Time": 10075.163,"Actual Total Time": 10075.176,"Actual Rows": 10,"Actual Loops": 4,"Hash Buckets": 131072,"Original Hash Buckets": 131072,"Hash Batches": 1,"Original Hash Batches": 1,"Peak Memory Usage": 1025,"Workers": [],"Plans": [{"Node Type": "Aggregate","Strategy": "Hashed","Partial Mode": "Simple","Parent Relationship": "Outer","Parallel Aware": false,"Async Capable": false,"Startup Cost": 202521.23,"Total Cost": 207865.25,"Plan Rows": 118756,"Plan Width": 4,"Actual Startup Time": 6293.151,"Actual Total Time": 10074.968,"Actual Rows": 10,"Actual Loops": 4,"Group Key": ["lineitem_1.l_orderkey"],"Filter": "(sum(lineitem_1.l_quantity) > '312'::numeric)","Planned Partitions": 0,"HashAgg Batches": 1,"Peak Memory Usage": 638993,"Disk Usage": 0,"Rows Removed by Filter": 1499990,"Workers": [{"Worker Number": 0,"HashAgg Batches": 1,"Peak Memory Usage": 638993,"Disk Usage": 0},{"Worker Number": 1,"HashAgg Batches": 1,"Peak Memory Usage": 638993,"Disk Usage": 0},{"Worker Number": 2,"HashAgg Batches": 1,"Peak Memory Usage": 638993,"Disk Usage": 0}],"Plans": [{"Node Type": "Seq Scan","Parent Relationship": "Outer","Parallel Aware": false,"Async Capable": false,"Relation Name": "lineitem","Alias": "lineitem_1","Startup Cost": 0.00,"Total Cost": 172515.15,"Plan Rows": 6001215,"Plan Width": 9,"Actual Startup Time": 0.021,"Actual Total Time": 960.546,"Actual Rows": 6001215,"Actual Loops": 4,"Workers": []}]}]}]},{"Node Type": "Index Scan","Parent Relationship": "Inner","Parallel Aware": false,"Async Capable": false,"Scan Direction": "Forward","Index Name": "idx_lineitem_orderkey","Relation Name": "lineitem","Alias": "lineitem","Startup Cost": 0.43,"Total Cost": 1.06,"Plan Rows": 17,"Plan Width": 9,"Actual Startup Time": 0.072,"Actual Total Time": 0.079,"Actual Rows": 7,"Actual Loops": 10,"Index Cond": "(l_orderkey = orders.o_orderkey)","Rows Removed by Index Recheck": 0,"Workers": []}]},{"Node Type": "Hash","Parent Relationship": "Inner","Parallel Aware": true,"Async Capable": false,"Startup Cost": 4210.00,"Total Cost": 4210.00,"Plan Rows": 62500,"Plan Width": 23,"Actual Startup Time": 37.105,"Actual Total Time": 37.114,"Actual Rows": 37500,"Actual Loops": 4,"Hash Buckets": 262144,"Original Hash Buckets": 262144,"Hash Batches": 1,"Original Hash Batches": 1,"Peak Memory Usage": 10368,"Workers": [],"Plans": [{"Node Type": "Seq Scan","Parent Relationship": "Outer","Parallel Aware": true,"Async Capable": false,"Relation Name": "customer","Alias": "customer","Startup Cost": 0.00,"Total Cost": 4210.00,"Plan Rows": 62500,"Plan Width": 23,"Actual Startup Time": 0.025,"Actual Total Time": 19.726,"Actual Rows": 37500,"Actual Loops": 4,"Workers": []}]}]}]}]}]},"Planning Time": 6.715,"Triggers": [],"Execution Time": 10961.817}]
[{"Plan": {"Node Type": "Sort","Parallel Aware": false,"Async Capable": false,"Startup Cost": 397889.21,"Total Cost": 399077.01,"Plan Rows": 475120,"Plan Width": 71,"Actual Startup Time": 10345.847,"Actual Total Time": 10377.998,"Actual Rows": 9,"Actual Loops": 1,"Sort Key": ["orders.o_totalprice DESC", "orders.o_orderdate"],"Sort Method": "quicksort","Sort Space Used": 25,"Sort Space Type": "Memory","Plans": [{"Node Type": "Aggregate","Strategy": "Hashed","Partial Mode": "Simple","Parent Relationship": "Outer","Parallel Aware": false,"Async Capable": false,"Startup Cost": 347151.30,"Total Cost": 353090.30,"Plan Rows": 475120,"Plan Width": 71,"Actual Startup Time": 10329.232,"Actual Total Time": 10377.856,"Actual Rows": 9,"Actual Loops": 1,"Group Key": ["customer.c_custkey", "orders.o_orderkey"],"Planned Partitions": 0,"HashAgg Batches": 1,"Peak Memory Usage": 24601,"Disk Usage": 0,"Plans": [{"Node Type": "Gather","Parent Relationship": "Outer","Parallel Aware": false,"Async Capable": false,"Startup Cost": 216528.94,"Total Cost": 343587.90,"Plan Rows": 475120,"Plan Width": 44,"Actual Startup Time": 10053.961,"Actual Total Time": 10357.615,"Actual Rows": 63,"Actual Loops": 1,"Workers Planned": 3,"Workers Launched": 3,"Single Copy": false,"Plans": [{"Node Type": "Hash Join","Parent Relationship": "Outer","Parallel Aware": true,"Async Capable": false,"Join Type": "Inner","Startup Cost": 215528.94,"Total Cost": 295075.90,"Plan Rows": 153265,"Plan Width": 44,"Actual Startup Time": 10157.696,"Actual Total Time": 10258.651,"Actual Rows": 16,"Actual Loops": 4,"Inner Unique": true,"Hash Cond": "(orders.o_custkey = customer.c_custkey)","Workers": [],"Plans": [{"Node Type": "Nested Loop","Parent Relationship": "Outer","Parallel Aware": false,"Async Capable": false,"Join Type": "Inner","Startup Cost": 210537.69,"Total Cost": 289682.32,"Plan Rows": 153265,"Plan Width": 25,"Actual Startup Time": 10123.332,"Actual Total Time": 10224.239,"Actual Rows": 16,"Actual Loops": 4,"Inner Unique": false,"Workers": [],"Plans": [{"Node Type": "Hash Join","Parent Relationship": "Outer","Parallel Aware": false,"Async Capable": false,"Join Type": "Inner","Startup Cost": 210537.26,"Total Cost": 242741.13,"Plan Rows": 38308,"Plan Width": 24,"Actual Startup Time": 10123.186,"Actual Total Time": 10223.998,"Actual Rows": 2,"Actual Loops": 4,"Inner Unique": true,"Hash Cond": "(orders.o_orderkey = lineitem_1.l_orderkey)","Workers": [],"Plans": [{"Node Type": "Seq Scan","Parent Relationship": "Outer","Parallel Aware": true,"Async Capable": false,"Relation Name": "orders","Alias": "orders","Startup Cost": 0.00,"Total Cost": 30933.71,"Plan Rows": 483871,"Plan Width": 20,"Actual Startup Time": 0.011,"Actual Total Time": 49.852,"Actual Rows": 375000,"Actual Loops": 4,"Workers": []},{"Node Type": "Hash","Parent Relationship": "Inner","Parallel Aware": false,"Async Capable": false,"Startup Cost": 209052.81,"Total Cost": 209052.81,"Plan Rows": 118756,"Plan Width": 4,"Actual Startup Time": 10005.666,"Actual Total Time": 10005.673,"Actual Rows": 9,"Actual Loops": 4,"Hash Buckets": 131072,"Original Hash Buckets": 131072,"Hash Batches": 1,"Original Hash Batches": 1,"Peak Memory Usage": 1025,"Workers": [],"Plans": [{"Node Type": "Aggregate","Strategy": "Hashed","Partial Mode": "Simple","Parent Relationship": "Outer","Parallel Aware": false,"Async Capable": false,"Startup Cost": 202521.23,"Total Cost": 207865.25,"Plan Rows": 118756,"Plan Width": 4,"Actual Startup Time": 6310.010,"Actual Total Time": 10005.543,"Actual Rows": 9,"Actual Loops": 4,"Group Key": ["lineitem_1.l_orderkey"],"Filter": "(sum(lineitem_1.l_quantity) > '313'::numeric)","Planned Partitions": 0,"HashAgg Batches": 1,"Peak Memory Usage": 638993,"Disk Usage": 0,"Rows Removed by Filter": 1499991,"Workers": [{"Worker Number": 0,"HashAgg Batches": 1,"Peak Memory Usage": 638993,"Disk Usage": 0},{"Worker Number": 1,"HashAgg Batches": 1,"Peak Memory Usage": 638993,"Disk Usage": 0},{"Worker Number": 2,"HashAgg Batches": 1,"Peak Memory Usage": 638993,"Disk Usage": 0}],"Plans": [{"Node Type": "Seq Scan","Parent Relationship": "Outer","Parallel Aware": false,"Async Capable": false,"Relation Name": "lineitem","Alias": "lineitem_1","Startup Cost": 0.00,"Total Cost": 172515.15,"Plan Rows": 6001215,"Plan Width": 9,"Actual Startup Time": 0.020,"Actual Total Time": 994.479,"Actual Rows": 6001215,"Actual Loops": 4,"Workers": []}]}]}]},{"Node Type": "Index Scan","Parent Relationship": "Inner","Parallel Aware": false,"Async Capable": false,"Scan Direction": "Forward","Index Name": "idx_lineitem_orderkey","Relation Name": "lineitem","Alias": "lineitem","Startup Cost": 0.43,"Total Cost": 1.06,"Plan Rows": 17,"Plan Width": 9,"Actual Startup Time": 0.068,"Actual Total Time": 0.075,"Actual Rows": 7,"Actual Loops": 9,"Index Cond": "(l_orderkey = orders.o_orderkey)","Rows Removed by Index Recheck": 0,"Workers": []}]},{"Node Type": "Hash","Parent Relationship": "Inner","Parallel Aware": true,"Async Capable": false,"Startup Cost": 4210.00,"Total Cost": 4210.00,"Plan Rows": 62500,"Plan Width": 23,"Actual Startup Time": 33.578,"Actual Total Time": 33.582,"Actual Rows": 37500,"Actual Loops": 4,"Hash Buckets": 262144,"Original Hash Buckets": 262144,"Hash Batches": 1,"Original Hash Batches": 1,"Peak Memory Usage": 10336,"Workers": [],"Plans": [{"Node Type": "Seq Scan","Parent Relationship": "Outer","Parallel Aware": true,"Async Capable": false,"Relation Name": "customer","Alias": "customer","Startup Cost": 0.00,"Total Cost": 4210.00,"Plan Rows": 62500,"Plan Width": 23,"Actual Startup Time": 0.023,"Actual Total Time": 16.777,"Actual Rows": 37500,"Actual Loops": 4,"Workers": []}]}]}]}]}]},"Planning Time": 6.662,"Triggers": [],"Execution Time": 10430.266}]
[{"Plan": {"Node Type": "Sort","Parallel Aware": false,"Async Capable": false,"Startup Cost": 397889.21,"Total Cost": 399077.01,"Plan Rows": 475120,"Plan Width": 71,"Actual Startup Time": 10345.847,"Actual Total Time": 10377.998,"Actual Rows": 9,"Actual Loops": 1,"Sort Key": ["orders.o_totalprice DESC", "orders.o_orderdate"],"Sort Method": "quicksort","Sort Space Used": 25,"Sort Space Type": "Memory","Plans": [{"Node Type": "Aggregate","Strategy": "Hashed","Partial Mode": "Simple","Parent Relationship": "Outer","Parallel Aware": false,"Async Capable": false,"Startup Cost": 347151.30,"Total Cost": 353090.30,"Plan Rows": 475120,"Plan Width": 71,"Actual Startup Time": 10329.232,"Actual Total Time": 10377.856,"Actual Rows": 9,"Actual Loops": 1,"Group Key": ["customer.c_custkey", "orders.o_orderkey"],"Planned Partitions": 0,"HashAgg Batches": 1,"Peak Memory Usage": 24601,"Disk Usage": 0,"Plans": [{"Node Type": "Gather","Parent Relationship": "Outer","Parallel Aware": false,"Async Capable": false,"Startup Cost": 216528.94,"Total Cost": 343587.90,"Plan Rows": 475120,"Plan Width": 44,"Actual Startup Time": 10053.961,"Actual Total Time": 10357.615,"Actual Rows": 63,"Actual Loops": 1,"Workers Planned": 3,"Workers Launched": 3,"Single Copy": false,"Plans": [{"Node Type": "Hash Join","Parent Relationship": "Outer","Parallel Aware": true,"Async Capable": false,"Join Type": "Inner","Startup Cost": 215528.94,"Total Cost": 295075.90,"Plan Rows": 153265,"Plan Width": 44,"Actual Startup Time": 10157.696,"Actual Total Time": 10258.651,"Actual Rows": 16,"Actual Loops": 4,"Inner Unique": true,"Hash Cond": "(orders.o_custkey = customer.c_custkey)","Workers": [],"Plans": [{"Node Type": "Nested Loop","Parent Relationship": "Outer","Parallel Aware": false,"Async Capable": false,"Join Type": "Inner","Startup Cost": 210537.69,"Total Cost": 289682.32,"Plan Rows": 153265,"Plan Width": 25,"Actual Startup Time": 10123.332,"Actual Total Time": 10224.239,"Actual Rows": 16,"Actual Loops": 4,"Inner Unique": false,"Workers": [],"Plans": [{"Node Type": "Hash Join","Parent Relationship": "Outer","Parallel Aware": false,"Async Capable": false,"Join Type": "Inner","Startup Cost": 210537.26,"Total Cost": 242741.13,"Plan Rows": 38308,"Plan Width": 24,"Actual Startup Time": 10123.186,"Actual Total Time": 10223.998,"Actual Rows": 2,"Actual Loops": 4,"Inner Unique": true,"Hash Cond": "(orders.o_orderkey = lineitem_1.l_orderkey)","Workers": [],"Plans": [{"Node Type": "Seq Scan","Parent Relationship": "Outer","Parallel Aware": true,"Async Capable": false,"Relation Name": "orders","Alias": "orders","Startup Cost": 0.00,"Total Cost": 30933.71,"Plan Rows": 483871,"Plan Width": 20,"Actual Startup Time": 0.011,"Actual Total Time": 49.852,"Actual Rows": 375000,"Actual Loops": 4,"Workers": []},{"Node Type": "Hash","Parent Relationship": "Inner","Parallel Aware": false,"Async Capable": false,"Startup Cost": 209052.81,"Total Cost": 209052.81,"Plan Rows": 118756,"Plan Width": 4,"Actual Startup Time": 10005.666,"Actual Total Time": 10005.673,"Actual Rows": 9,"Actual Loops": 4,"Hash Buckets": 131072,"Original Hash Buckets": 131072,"Hash Batches": 1,"Original Hash Batches": 1,"Peak Memory Usage": 1025,"Workers": [],"Plans": [{"Node Type": "Aggregate","Strategy": "Hashed","Partial Mode": "Simple","Parent Relationship": "Outer","Parallel Aware": false,"Async Capable": false,"Startup Cost": 202521.23,"Total Cost": 207865.25,"Plan Rows": 118756,"Plan Width": 4,"Actual Startup Time": 6310.010,"Actual Total Time": 10005.543,"Actual Rows": 9,"Actual Loops": 4,"Group Key": ["lineitem_1.l_orderkey"],"Filter": "(sum(lineitem_1.l_quantity) > '313'::numeric)","Planned Partitions": 0,"HashAgg Batches": 1,"Peak Memory Usage": 638993,"Disk Usage": 0,"Rows Removed by Filter": 1499991,"Workers": [{"Worker Number": 0,"HashAgg Batches": 1,"Peak Memory Usage": 638993,"Disk Usage": 0},{"Worker Number": 1,"HashAgg Batches": 1,"Peak Memory Usage": 638993,"Disk Usage": 0},{"Worker Number": 2,"HashAgg Batches": 1,"Peak Memory Usage": 638993,"Disk Usage": 0}],"Plans": [{"Node Type": "Seq Scan","Parent Relationship": "Outer","Parallel Aware": false,"Async Capable": false,"Relation Name": "lineitem","Alias": "lineitem_1","Startup Cost": 0.00,"Total Cost": 172515.15,"Plan Rows": 6001215,"Plan Width": 9,"Actual Startup Time": 0.020,"Actual Total Time": 994.479,"Actual Rows": 6001215,"Actual Loops": 4,"Workers": []}]}]}]},{"Node Type": "Index Scan","Parent Relationship": "Inner","Parallel Aware": false,"Async Capable": false,"Scan Direction": "Forward","Index Name": "idx_lineitem_orderkey","Relation Name": "lineitem","Alias": "lineitem","Startup Cost": 0.43,"Total Cost": 1.06,"Plan Rows": 17,"Plan Width": 9,"Actual Startup Time": 0.068,"Actual Total Time": 0.075,"Actual Rows": 7,"Actual Loops": 9,"Index Cond": "(l_orderkey = orders.o_orderkey)","Rows Removed by Index Recheck": 0,"Workers": []}]},{"Node Type": "Hash","Parent Relationship": "Inner","Parallel Aware": true,"Async Capable": false,"Startup Cost": 4210.00,"Total Cost": 4210.00,"Plan Rows": 62500,"Plan Width": 23,"Actual Startup Time": 33.578,"Actual Total Time": 33.582,"Actual Rows": 37500,"Actual Loops": 4,"Hash Buckets": 262144,"Original Hash Buckets": 262144,"Hash Batches": 1,"Original Hash Batches": 1,"Peak Memory Usage": 10336,"Workers": [],"Plans": [{"Node Type": "Seq Scan","Parent Relationship": "Outer","Parallel Aware": true,"Async Capable": false,"Relation Name": "customer","Alias": "customer","Startup Cost": 0.00,"Total Cost": 4210.00,"Plan Rows": 62500,"Plan Width": 23,"Actual Startup Time": 0.023,"Actual Total Time": 16.777,"Actual Rows": 37500,"Actual Loops": 4,"Workers": []}]}]}]}]}]},"Planning Time": 6.662,"Triggers": [],"Execution Time": 10430.266}]
[{"Plan": {"Node Type": "Sort","Parallel Aware": false,"Async Capable": false,"Startup Cost": 397889.21,"Total Cost": 399077.01,"Plan Rows": 475120,"Plan Width": 71,"Actual Startup Time": 10345.847,"Actual Total Time": 10377.998,"Actual Rows": 9,"Actual Loops": 1,"Sort Key": ["orders.o_totalprice DESC", "orders.o_orderdate"],"Sort Method": "quicksort","Sort Space Used": 25,"Sort Space Type": "Memory","Plans": [{"Node Type": "Aggregate","Strategy": "Hashed","Partial Mode": "Simple","Parent Relationship": "Outer","Parallel Aware": false,"Async Capable": false,"Startup Cost": 347151.30,"Total Cost": 353090.30,"Plan Rows": 475120,"Plan Width": 71,"Actual Startup Time": 10329.232,"Actual Total Time": 10377.856,"Actual Rows": 9,"Actual Loops": 1,"Group Key": ["customer.c_custkey", "orders.o_orderkey"],"Planned Partitions": 0,"HashAgg Batches": 1,"Peak Memory Usage": 24601,"Disk Usage": 0,"Plans": [{"Node Type": "Gather","Parent Relationship": "Outer","Parallel Aware": false,"Async Capable": false,"Startup Cost": 216528.94,"Total Cost": 343587.90,"Plan Rows": 475120,"Plan Width": 44,"Actual Startup Time": 10053.961,"Actual Total Time": 10357.615,"Actual Rows": 63,"Actual Loops": 1,"Workers Planned": 3,"Workers Launched": 3,"Single Copy": false,"Plans": [{"Node Type": "Hash Join","Parent Relationship": "Outer","Parallel Aware": true,"Async Capable": false,"Join Type": "Inner","Startup Cost": 215528.94,"Total Cost": 295075.90,"Plan Rows": 153265,"Plan Width": 44,"Actual Startup Time": 10157.696,"Actual Total Time": 10258.651,"Actual Rows": 16,"Actual Loops": 4,"Inner Unique": true,"Hash Cond": "(orders.o_custkey = customer.c_custkey)","Workers": [],"Plans": [{"Node Type": "Nested Loop","Parent Relationship": "Outer","Parallel Aware": false,"Async Capable": false,"Join Type": "Inner","Startup Cost": 210537.69,"Total Cost": 289682.32,"Plan Rows": 153265,"Plan Width": 25,"Actual Startup Time": 10123.332,"Actual Total Time": 10224.239,"Actual Rows": 16,"Actual Loops": 4,"Inner Unique": false,"Workers": [],"Plans": [{"Node Type": "Hash Join","Parent Relationship": "Outer","Parallel Aware": false,"Async Capable": false,"Join Type": "Inner","Startup Cost": 210537.26,"Total Cost": 242741.13,"Plan Rows": 38308,"Plan Width": 24,"Actual Startup Time": 10123.186,"Actual Total Time": 10223.998,"Actual Rows": 2,"Actual Loops": 4,"Inner Unique": true,"Hash Cond": "(orders.o_orderkey = lineitem_1.l_orderkey)","Workers": [],"Plans": [{"Node Type": "Seq Scan","Parent Relationship": "Outer","Parallel Aware": true,"Async Capable": false,"Relation Name": "orders","Alias": "orders","Startup Cost": 0.00,"Total Cost": 30933.71,"Plan Rows": 483871,"Plan Width": 20,"Actual Startup Time": 0.011,"Actual Total Time": 49.852,"Actual Rows": 375000,"Actual Loops": 4,"Workers": []},{"Node Type": "Hash","Parent Relationship": "Inner","Parallel Aware": false,"Async Capable": false,"Startup Cost": 209052.81,"Total Cost": 209052.81,"Plan Rows": 118756,"Plan Width": 4,"Actual Startup Time": 10005.666,"Actual Total Time": 10005.673,"Actual Rows": 9,"Actual Loops": 4,"Hash Buckets": 131072,"Original Hash Buckets": 131072,"Hash Batches": 1,"Original Hash Batches": 1,"Peak Memory Usage": 1025,"Workers": [],"Plans": [{"Node Type": "Aggregate","Strategy": "Hashed","Partial Mode": "Simple","Parent Relationship": "Outer","Parallel Aware": false,"Async Capable": false,"Startup Cost": 202521.23,"Total Cost": 207865.25,"Plan Rows": 118756,"Plan Width": 4,"Actual Startup Time": 6310.010,"Actual Total Time": 10005.543,"Actual Rows": 9,"Actual Loops": 4,"Group Key": ["lineitem_1.l_orderkey"],"Filter": "(sum(lineitem_1.l_quantity) > '313'::numeric)","Planned Partitions": 0,"HashAgg Batches": 1,"Peak Memory Usage": 638993,"Disk Usage": 0,"Rows Removed by Filter": 1499991,"Workers": [{"Worker Number": 0,"HashAgg Batches": 1,"Peak Memory Usage": 638993,"Disk Usage": 0},{"Worker Number": 1,"HashAgg Batches": 1,"Peak Memory Usage": 638993,"Disk Usage": 0},{"Worker Number": 2,"HashAgg Batches": 1,"Peak Memory Usage": 638993,"Disk Usage": 0}],"Plans": [{"Node Type": "Seq Scan","Parent Relationship": "Outer","Parallel Aware": false,"Async Capable": false,"Relation Name": "lineitem","Alias": "lineitem_1","Startup Cost": 0.00,"Total Cost": 172515.15,"Plan Rows": 6001215,"Plan Width": 9,"Actual Startup Time": 0.020,"Actual Total Time": 994.479,"Actual Rows": 6001215,"Actual Loops": 4,"Workers": []}]}]}]},{"Node Type": "Index Scan","Parent Relationship": "Inner","Parallel Aware": false,"Async Capable": false,"Scan Direction": "Forward","Index Name": "idx_lineitem_orderkey","Relation Name": "lineitem","Alias": "lineitem","Startup Cost": 0.43,"Total Cost": 1.06,"Plan Rows": 17,"Plan Width": 9,"Actual Startup Time": 0.068,"Actual Total Time": 0.075,"Actual Rows": 7,"Actual Loops": 9,"Index Cond": "(l_orderkey = orders.o_orderkey)","Rows Removed by Index Recheck": 0,"Workers": []}]},{"Node Type": "Hash","Parent Relationship": "Inner","Parallel Aware": true,"Async Capable": false,"Startup Cost": 4210.00,"Total Cost": 4210.00,"Plan Rows": 62500,"Plan Width": 23,"Actual Startup Time": 33.578,"Actual Total Time": 33.582,"Actual Rows": 37500,"Actual Loops": 4,"Hash Buckets": 262144,"Original Hash Buckets": 262144,"Hash Batches": 1,"Original Hash Batches": 1,"Peak Memory Usage": 10336,"Workers": [],"Plans": [{"Node Type": "Seq Scan","Parent Relationship": "Outer","Parallel Aware": true,"Async Capable": false,"Relation Name": "customer","Alias": "customer","Startup Cost": 0.00,"Total Cost": 4210.00,"Plan Rows": 62500,"Plan Width": 23,"Actual Startup Time": 0.023,"Actual Total Time": 16.777,"Actual Rows": 37500,"Actual Loops": 4,"Workers": []}]}]}]}]}]},"Planning Time": 6.662,"Triggers": [],"Execution Time": 10430.266}]
[{"Plan": {"Node Type": "Sort","Parallel Aware": false,"Async Capable": false,"Startup Cost": 397889.21,"Total Cost": 399077.01,"Plan Rows": 475120,"Plan Width": 71,"Actual Startup Time": 10345.847,"Actual Total Time": 10377.998,"Actual Rows": 9,"Actual Loops": 1,"Sort Key": ["orders.o_totalprice DESC", "orders.o_orderdate"],"Sort Method": "quicksort","Sort Space Used": 25,"Sort Space Type": "Memory","Plans": [{"Node Type": "Aggregate","Strategy": "Hashed","Partial Mode": "Simple","Parent Relationship": "Outer","Parallel Aware": false,"Async Capable": false,"Startup Cost": 347151.30,"Total Cost": 353090.30,"Plan Rows": 475120,"Plan Width": 71,"Actual Startup Time": 10329.232,"Actual Total Time": 10377.856,"Actual Rows": 9,"Actual Loops": 1,"Group Key": ["customer.c_custkey", "orders.o_orderkey"],"Planned Partitions": 0,"HashAgg Batches": 1,"Peak Memory Usage": 24601,"Disk Usage": 0,"Plans": [{"Node Type": "Gather","Parent Relationship": "Outer","Parallel Aware": false,"Async Capable": false,"Startup Cost": 216528.94,"Total Cost": 343587.90,"Plan Rows": 475120,"Plan Width": 44,"Actual Startup Time": 10053.961,"Actual Total Time": 10357.615,"Actual Rows": 63,"Actual Loops": 1,"Workers Planned": 3,"Workers Launched": 3,"Single Copy": false,"Plans": [{"Node Type": "Hash Join","Parent Relationship": "Outer","Parallel Aware": true,"Async Capable": false,"Join Type": "Inner","Startup Cost": 215528.94,"Total Cost": 295075.90,"Plan Rows": 153265,"Plan Width": 44,"Actual Startup Time": 10157.696,"Actual Total Time": 10258.651,"Actual Rows": 16,"Actual Loops": 4,"Inner Unique": true,"Hash Cond": "(orders.o_custkey = customer.c_custkey)","Workers": [],"Plans": [{"Node Type": "Nested Loop","Parent Relationship": "Outer","Parallel Aware": false,"Async Capable": false,"Join Type": "Inner","Startup Cost": 210537.69,"Total Cost": 289682.32,"Plan Rows": 153265,"Plan Width": 25,"Actual Startup Time": 10123.332,"Actual Total Time": 10224.239,"Actual Rows": 16,"Actual Loops": 4,"Inner Unique": false,"Workers": [],"Plans": [{"Node Type": "Hash Join","Parent Relationship": "Outer","Parallel Aware": false,"Async Capable": false,"Join Type": "Inner","Startup Cost": 210537.26,"Total Cost": 242741.13,"Plan Rows": 38308,"Plan Width": 24,"Actual Startup Time": 10123.186,"Actual Total Time": 10223.998,"Actual Rows": 2,"Actual Loops": 4,"Inner Unique": true,"Hash Cond": "(orders.o_orderkey = lineitem_1.l_orderkey)","Workers": [],"Plans": [{"Node Type": "Seq Scan","Parent Relationship": "Outer","Parallel Aware": true,"Async Capable": false,"Relation Name": "orders","Alias": "orders","Startup Cost": 0.00,"Total Cost": 30933.71,"Plan Rows": 483871,"Plan Width": 20,"Actual Startup Time": 0.011,"Actual Total Time": 49.852,"Actual Rows": 375000,"Actual Loops": 4,"Workers": []},{"Node Type": "Hash","Parent Relationship": "Inner","Parallel Aware": false,"Async Capable": false,"Startup Cost": 209052.81,"Total Cost": 209052.81,"Plan Rows": 118756,"Plan Width": 4,"Actual Startup Time": 10005.666,"Actual Total Time": 10005.673,"Actual Rows": 9,"Actual Loops": 4,"Hash Buckets": 131072,"Original Hash Buckets": 131072,"Hash Batches": 1,"Original Hash Batches": 1,"Peak Memory Usage": 1025,"Workers": [],"Plans": [{"Node Type": "Aggregate","Strategy": "Hashed","Partial Mode": "Simple","Parent Relationship": "Outer","Parallel Aware": false,"Async Capable": false,"Startup Cost": 202521.23,"Total Cost": 207865.25,"Plan Rows": 118756,"Plan Width": 4,"Actual Startup Time": 6310.010,"Actual Total Time": 10005.543,"Actual Rows": 9,"Actual Loops": 4,"Group Key": ["lineitem_1.l_orderkey"],"Filter": "(sum(lineitem_1.l_quantity) > '313'::numeric)","Planned Partitions": 0,"HashAgg Batches": 1,"Peak Memory Usage": 638993,"Disk Usage": 0,"Rows Removed by Filter": 1499991,"Workers": [{"Worker Number": 0,"HashAgg Batches": 1,"Peak Memory Usage": 638993,"Disk Usage": 0},{"Worker Number": 1,"HashAgg Batches": 1,"Peak Memory Usage": 638993,"Disk Usage": 0},{"Worker Number": 2,"HashAgg Batches": 1,"Peak Memory Usage": 638993,"Disk Usage": 0}],"Plans": [{"Node Type": "Seq Scan","Parent Relationship": "Outer","Parallel Aware": false,"Async Capable": false,"Relation Name": "lineitem","Alias": "lineitem_1","Startup Cost": 0.00,"Total Cost": 172515.15,"Plan Rows": 6001215,"Plan Width": 9,"Actual Startup Time": 0.020,"Actual Total Time": 994.479,"Actual Rows": 6001215,"Actual Loops": 4,"Workers": []}]}]}]},{"Node Type": "Index Scan","Parent Relationship": "Inner","Parallel Aware": false,"Async Capable": false,"Scan Direction": "Forward","Index Name": "idx_lineitem_orderkey","Relation Name": "lineitem","Alias": "lineitem","Startup Cost": 0.43,"Total Cost": 1.06,"Plan Rows": 17,"Plan Width": 9,"Actual Startup Time": 0.068,"Actual Total Time": 0.075,"Actual Rows": 7,"Actual Loops": 9,"Index Cond": "(l_orderkey = orders.o_orderkey)","Rows Removed by Index Recheck": 0,"Workers": []}]},{"Node Type": "Hash","Parent Relationship": "Inner","Parallel Aware": true,"Async Capable": false,"Startup Cost": 4210.00,"Total Cost": 4210.00,"Plan Rows": 62500,"Plan Width": 23,"Actual Startup Time": 33.578,"Actual Total Time": 33.582,"Actual Rows": 37500,"Actual Loops": 4,"Hash Buckets": 262144,"Original Hash Buckets": 262144,"Hash Batches": 1,"Original Hash Batches": 1,"Peak Memory Usage": 10336,"Workers": [],"Plans": [{"Node Type": "Seq Scan","Parent Relationship": "Outer","Parallel Aware": true,"Async Capable": false,"Relation Name": "customer","Alias": "customer","Startup Cost": 0.00,"Total Cost": 4210.00,"Plan Rows": 62500,"Plan Width": 23,"Actual Startup Time": 0.023,"Actual Total Time": 16.777,"Actual Rows": 37500,"Actual Loops": 4,"Workers": []}]}]}]}]}]},"Planning Time": 6.662,"Triggers": [],"Execution Time": 10430.266}]
[{"Plan": {"Node Type": "Sort","Parallel Aware": false,"Async Capable": false,"Startup Cost": 397889.21,"Total Cost": 399077.01,"Plan Rows": 475120,"Plan Width": 71,"Actual Startup Time": 10345.847,"Actual Total Time": 10377.998,"Actual Rows": 9,"Actual Loops": 1,"Sort Key": ["orders.o_totalprice DESC", "orders.o_orderdate"],"Sort Method": "quicksort","Sort Space Used": 25,"Sort Space Type": "Memory","Plans": [{"Node Type": "Aggregate","Strategy": "Hashed","Partial Mode": "Simple","Parent Relationship": "Outer","Parallel Aware": false,"Async Capable": false,"Startup Cost": 347151.30,"Total Cost": 353090.30,"Plan Rows": 475120,"Plan Width": 71,"Actual Startup Time": 10329.232,"Actual Total Time": 10377.856,"Actual Rows": 9,"Actual Loops": 1,"Group Key": ["customer.c_custkey", "orders.o_orderkey"],"Planned Partitions": 0,"HashAgg Batches": 1,"Peak Memory Usage": 24601,"Disk Usage": 0,"Plans": [{"Node Type": "Gather","Parent Relationship": "Outer","Parallel Aware": false,"Async Capable": false,"Startup Cost": 216528.94,"Total Cost": 343587.90,"Plan Rows": 475120,"Plan Width": 44,"Actual Startup Time": 10053.961,"Actual Total Time": 10357.615,"Actual Rows": 63,"Actual Loops": 1,"Workers Planned": 3,"Workers Launched": 3,"Single Copy": false,"Plans": [{"Node Type": "Hash Join","Parent Relationship": "Outer","Parallel Aware": true,"Async Capable": false,"Join Type": "Inner","Startup Cost": 215528.94,"Total Cost": 295075.90,"Plan Rows": 153265,"Plan Width": 44,"Actual Startup Time": 10157.696,"Actual Total Time": 10258.651,"Actual Rows": 16,"Actual Loops": 4,"Inner Unique": true,"Hash Cond": "(orders.o_custkey = customer.c_custkey)","Workers": [],"Plans": [{"Node Type": "Nested Loop","Parent Relationship": "Outer","Parallel Aware": false,"Async Capable": false,"Join Type": "Inner","Startup Cost": 210537.69,"Total Cost": 289682.32,"Plan Rows": 153265,"Plan Width": 25,"Actual Startup Time": 10123.332,"Actual Total Time": 10224.239,"Actual Rows": 16,"Actual Loops": 4,"Inner Unique": false,"Workers": [],"Plans": [{"Node Type": "Hash Join","Parent Relationship": "Outer","Parallel Aware": false,"Async Capable": false,"Join Type": "Inner","Startup Cost": 210537.26,"Total Cost": 242741.13,"Plan Rows": 38308,"Plan Width": 24,"Actual Startup Time": 10123.186,"Actual Total Time": 10223.998,"Actual Rows": 2,"Actual Loops": 4,"Inner Unique": true,"Hash Cond": "(orders.o_orderkey = lineitem_1.l_orderkey)","Workers": [],"Plans": [{"Node Type": "Seq Scan","Parent Relationship": "Outer","Parallel Aware": true,"Async Capable": false,"Relation Name": "orders","Alias": "orders","Startup Cost": 0.00,"Total Cost": 30933.71,"Plan Rows": 483871,"Plan Width": 20,"Actual Startup Time": 0.011,"Actual Total Time": 49.852,"Actual Rows": 375000,"Actual Loops": 4,"Workers": []},{"Node Type": "Hash","Parent Relationship": "Inner","Parallel Aware": false,"Async Capable": false,"Startup Cost": 209052.81,"Total Cost": 209052.81,"Plan Rows": 118756,"Plan Width": 4,"Actual Startup Time": 10005.666,"Actual Total Time": 10005.673,"Actual Rows": 9,"Actual Loops": 4,"Hash Buckets": 131072,"Original Hash Buckets": 131072,"Hash Batches": 1,"Original Hash Batches": 1,"Peak Memory Usage": 1025,"Workers": [],"Plans": [{"Node Type": "Aggregate","Strategy": "Hashed","Partial Mode": "Simple","Parent Relationship": "Outer","Parallel Aware": false,"Async Capable": false,"Startup Cost": 202521.23,"Total Cost": 207865.25,"Plan Rows": 118756,"Plan Width": 4,"Actual Startup Time": 6310.010,"Actual Total Time": 10005.543,"Actual Rows": 9,"Actual Loops": 4,"Group Key": ["lineitem_1.l_orderkey"],"Filter": "(sum(lineitem_1.l_quantity) > '313'::numeric)","Planned Partitions": 0,"HashAgg Batches": 1,"Peak Memory Usage": 638993,"Disk Usage": 0,"Rows Removed by Filter": 1499991,"Workers": [{"Worker Number": 0,"HashAgg Batches": 1,"Peak Memory Usage": 638993,"Disk Usage": 0},{"Worker Number": 1,"HashAgg Batches": 1,"Peak Memory Usage": 638993,"Disk Usage": 0},{"Worker Number": 2,"HashAgg Batches": 1,"Peak Memory Usage": 638993,"Disk Usage": 0}],"Plans": [{"Node Type": "Seq Scan","Parent Relationship": "Outer","Parallel Aware": false,"Async Capable": false,"Relation Name": "lineitem","Alias": "lineitem_1","Startup Cost": 0.00,"Total Cost": 172515.15,"Plan Rows": 6001215,"Plan Width": 9,"Actual Startup Time": 0.020,"Actual Total Time": 994.479,"Actual Rows": 6001215,"Actual Loops": 4,"Workers": []}]}]}]},{"Node Type": "Index Scan","Parent Relationship": "Inner","Parallel Aware": false,"Async Capable": false,"Scan Direction": "Forward","Index Name": "idx_lineitem_orderkey","Relation Name": "lineitem","Alias": "lineitem","Startup Cost": 0.43,"Total Cost": 1.06,"Plan Rows": 17,"Plan Width": 9,"Actual Startup Time": 0.068,"Actual Total Time": 0.075,"Actual Rows": 7,"Actual Loops": 9,"Index Cond": "(l_orderkey = orders.o_orderkey)","Rows Removed by Index Recheck": 0,"Workers": []}]},{"Node Type": "Hash","Parent Relationship": "Inner","Parallel Aware": true,"Async Capable": false,"Startup Cost": 4210.00,"Total Cost": 4210.00,"Plan Rows": 62500,"Plan Width": 23,"Actual Startup Time": 33.578,"Actual Total Time": 33.582,"Actual Rows": 37500,"Actual Loops": 4,"Hash Buckets": 262144,"Original Hash Buckets": 262144,"Hash Batches": 1,"Original Hash Batches": 1,"Peak Memory Usage": 10336,"Workers": [],"Plans": [{"Node Type": "Seq Scan","Parent Relationship": "Outer","Parallel Aware": true,"Async Capable": false,"Relation Name": "customer","Alias": "customer","Startup Cost": 0.00,"Total Cost": 4210.00,"Plan Rows": 62500,"Plan Width": 23,"Actual Startup Time": 0.023,"Actual Total Time": 16.777,"Actual Rows": 37500,"Actual Loops": 4,"Workers": []}]}]}]}]}]},"Planning Time": 6.662,"Triggers": [],"Execution Time": 10430.266}]
[{"Plan": {"Node Type": "Sort","Parallel Aware": false,"Async Capable": false,"Startup Cost": 397889.21,"Total Cost": 399077.01,"Plan Rows": 475120,"Plan Width": 71,"Actual Startup Time": 10345.847,"Actual Total Time": 10377.998,"Actual Rows": 9,"Actual Loops": 1,"Sort Key": ["orders.o_totalprice DESC", "orders.o_orderdate"],"Sort Method": "quicksort","Sort Space Used": 25,"Sort Space Type": "Memory","Plans": [{"Node Type": "Aggregate","Strategy": "Hashed","Partial Mode": "Simple","Parent Relationship": "Outer","Parallel Aware": false,"Async Capable": false,"Startup Cost": 347151.30,"Total Cost": 353090.30,"Plan Rows": 475120,"Plan Width": 71,"Actual Startup Time": 10329.232,"Actual Total Time": 10377.856,"Actual Rows": 9,"Actual Loops": 1,"Group Key": ["customer.c_custkey", "orders.o_orderkey"],"Planned Partitions": 0,"HashAgg Batches": 1,"Peak Memory Usage": 24601,"Disk Usage": 0,"Plans": [{"Node Type": "Gather","Parent Relationship": "Outer","Parallel Aware": false,"Async Capable": false,"Startup Cost": 216528.94,"Total Cost": 343587.90,"Plan Rows": 475120,"Plan Width": 44,"Actual Startup Time": 10053.961,"Actual Total Time": 10357.615,"Actual Rows": 63,"Actual Loops": 1,"Workers Planned": 3,"Workers Launched": 3,"Single Copy": false,"Plans": [{"Node Type": "Hash Join","Parent Relationship": "Outer","Parallel Aware": true,"Async Capable": false,"Join Type": "Inner","Startup Cost": 215528.94,"Total Cost": 295075.90,"Plan Rows": 153265,"Plan Width": 44,"Actual Startup Time": 10157.696,"Actual Total Time": 10258.651,"Actual Rows": 16,"Actual Loops": 4,"Inner Unique": true,"Hash Cond": "(orders.o_custkey = customer.c_custkey)","Workers": [],"Plans": [{"Node Type": "Nested Loop","Parent Relationship": "Outer","Parallel Aware": false,"Async Capable": false,"Join Type": "Inner","Startup Cost": 210537.69,"Total Cost": 289682.32,"Plan Rows": 153265,"Plan Width": 25,"Actual Startup Time": 10123.332,"Actual Total Time": 10224.239,"Actual Rows": 16,"Actual Loops": 4,"Inner Unique": false,"Workers": [],"Plans": [{"Node Type": "Hash Join","Parent Relationship": "Outer","Parallel Aware": false,"Async Capable": false,"Join Type": "Inner","Startup Cost": 210537.26,"Total Cost": 242741.13,"Plan Rows": 38308,"Plan Width": 24,"Actual Startup Time": 10123.186,"Actual Total Time": 10223.998,"Actual Rows": 2,"Actual Loops": 4,"Inner Unique": true,"Hash Cond": "(orders.o_orderkey = lineitem_1.l_orderkey)","Workers": [],"Plans": [{"Node Type": "Seq Scan","Parent Relationship": "Outer","Parallel Aware": true,"Async Capable": false,"Relation Name": "orders","Alias": "orders","Startup Cost": 0.00,"Total Cost": 30933.71,"Plan Rows": 483871,"Plan Width": 20,"Actual Startup Time": 0.011,"Actual Total Time": 49.852,"Actual Rows": 375000,"Actual Loops": 4,"Workers": []},{"Node Type": "Hash","Parent Relationship": "Inner","Parallel Aware": false,"Async Capable": false,"Startup Cost": 209052.81,"Total Cost": 209052.81,"Plan Rows": 118756,"Plan Width": 4,"Actual Startup Time": 10005.666,"Actual Total Time": 10005.673,"Actual Rows": 9,"Actual Loops": 4,"Hash Buckets": 131072,"Original Hash Buckets": 131072,"Hash Batches": 1,"Original Hash Batches": 1,"Peak Memory Usage": 1025,"Workers": [],"Plans": [{"Node Type": "Aggregate","Strategy": "Hashed","Partial Mode": "Simple","Parent Relationship": "Outer","Parallel Aware": false,"Async Capable": false,"Startup Cost": 202521.23,"Total Cost": 207865.25,"Plan Rows": 118756,"Plan Width": 4,"Actual Startup Time": 6310.010,"Actual Total Time": 10005.543,"Actual Rows": 9,"Actual Loops": 4,"Group Key": ["lineitem_1.l_orderkey"],"Filter": "(sum(lineitem_1.l_quantity) > '313'::numeric)","Planned Partitions": 0,"HashAgg Batches": 1,"Peak Memory Usage": 638993,"Disk Usage": 0,"Rows Removed by Filter": 1499991,"Workers": [{"Worker Number": 0,"HashAgg Batches": 1,"Peak Memory Usage": 638993,"Disk Usage": 0},{"Worker Number": 1,"HashAgg Batches": 1,"Peak Memory Usage": 638993,"Disk Usage": 0},{"Worker Number": 2,"HashAgg Batches": 1,"Peak Memory Usage": 638993,"Disk Usage": 0}],"Plans": [{"Node Type": "Seq Scan","Parent Relationship": "Outer","Parallel Aware": false,"Async Capable": false,"Relation Name": "lineitem","Alias": "lineitem_1","Startup Cost": 0.00,"Total Cost": 172515.15,"Plan Rows": 6001215,"Plan Width": 9,"Actual Startup Time": 0.020,"Actual Total Time": 994.479,"Actual Rows": 6001215,"Actual Loops": 4,"Workers": []}]}]}]},{"Node Type": "Index Scan","Parent Relationship": "Inner","Parallel Aware": false,"Async Capable": false,"Scan Direction": "Forward","Index Name": "idx_lineitem_orderkey","Relation Name": "lineitem","Alias": "lineitem","Startup Cost": 0.43,"Total Cost": 1.06,"Plan Rows": 17,"Plan Width": 9,"Actual Startup Time": 0.068,"Actual Total Time": 0.075,"Actual Rows": 7,"Actual Loops": 9,"Index Cond": "(l_orderkey = orders.o_orderkey)","Rows Removed by Index Recheck": 0,"Workers": []}]},{"Node Type": "Hash","Parent Relationship": "Inner","Parallel Aware": true,"Async Capable": false,"Startup Cost": 4210.00,"Total Cost": 4210.00,"Plan Rows": 62500,"Plan Width": 23,"Actual Startup Time": 33.578,"Actual Total Time": 33.582,"Actual Rows": 37500,"Actual Loops": 4,"Hash Buckets": 262144,"Original Hash Buckets": 262144,"Hash Batches": 1,"Original Hash Batches": 1,"Peak Memory Usage": 10336,"Workers": [],"Plans": [{"Node Type": "Seq Scan","Parent Relationship": "Outer","Parallel Aware": true,"Async Capable": false,"Relation Name": "customer","Alias": "customer","Startup Cost": 0.00,"Total Cost": 4210.00,"Plan Rows": 62500,"Plan Width": 23,"Actual Startup Time": 0.023,"Actual Total Time": 16.777,"Actual Rows": 37500,"Actual Loops": 4,"Workers": []}]}]}]}]}]},"Planning Time": 6.662,"Triggers": [],"Execution Time": 10430.266}]
[{"Plan": {"Node Type": "Sort","Parallel Aware": false,"Async Capable": false,"Startup Cost": 397889.21,"Total Cost": 399077.01,"Plan Rows": 475120,"Plan Width": 71,"Actual Startup Time": 10950.105,"Actual Total Time": 10953.954,"Actual Rows": 9,"Actual Loops": 1,"Sort Key": ["orders.o_totalprice DESC", "orders.o_orderdate"],"Sort Method": "quicksort","Sort Space Used": 25,"Sort Space Type": "Memory","Plans": [{"Node Type": "Aggregate","Strategy": "Hashed","Partial Mode": "Simple","Parent Relationship": "Outer","Parallel Aware": false,"Async Capable": false,"Startup Cost": 347151.30,"Total Cost": 353090.30,"Plan Rows": 475120,"Plan Width": 71,"Actual Startup Time": 10902.471,"Actual Total Time": 10953.715,"Actual Rows": 9,"Actual Loops": 1,"Group Key": ["customer.c_custkey", "orders.o_orderkey"],"Planned Partitions": 0,"HashAgg Batches": 1,"Peak Memory Usage": 24601,"Disk Usage": 0,"Plans": [{"Node Type": "Gather","Parent Relationship": "Outer","Parallel Aware": false,"Async Capable": false,"Startup Cost": 216528.94,"Total Cost": 343587.90,"Plan Rows": 475120,"Plan Width": 44,"Actual Startup Time": 10893.800,"Actual Total Time": 10897.693,"Actual Rows": 63,"Actual Loops": 1,"Workers Planned": 3,"Workers Launched": 3,"Single Copy": false,"Plans": [{"Node Type": "Hash Join","Parent Relationship": "Outer","Parallel Aware": true,"Async Capable": false,"Join Type": "Inner","Startup Cost": 215528.94,"Total Cost": 295075.90,"Plan Rows": 153265,"Plan Width": 44,"Actual Startup Time": 10134.253,"Actual Total Time": 10314.794,"Actual Rows": 16,"Actual Loops": 4,"Inner Unique": true,"Hash Cond": "(orders.o_custkey = customer.c_custkey)","Workers": [],"Plans": [{"Node Type": "Nested Loop","Parent Relationship": "Outer","Parallel Aware": false,"Async Capable": false,"Join Type": "Inner","Startup Cost": 210537.69,"Total Cost": 289682.32,"Plan Rows": 153265,"Plan Width": 25,"Actual Startup Time": 10099.687,"Actual Total Time": 10280.153,"Actual Rows": 16,"Actual Loops": 4,"Inner Unique": false,"Workers": [],"Plans": [{"Node Type": "Hash Join","Parent Relationship": "Outer","Parallel Aware": false,"Async Capable": false,"Join Type": "Inner","Startup Cost": 210537.26,"Total Cost": 242741.13,"Plan Rows": 38308,"Plan Width": 24,"Actual Startup Time": 10099.575,"Actual Total Time": 10279.892,"Actual Rows": 2,"Actual Loops": 4,"Inner Unique": true,"Hash Cond": "(orders.o_orderkey = lineitem_1.l_orderkey)","Workers": [],"Plans": [{"Node Type": "Seq Scan","Parent Relationship": "Outer","Parallel Aware": true,"Async Capable": false,"Relation Name": "orders","Alias": "orders","Startup Cost": 0.00,"Total Cost": 30933.71,"Plan Rows": 483871,"Plan Width": 20,"Actual Startup Time": 0.011,"Actual Total Time": 51.627,"Actual Rows": 375000,"Actual Loops": 4,"Workers": []},{"Node Type": "Hash","Parent Relationship": "Inner","Parallel Aware": false,"Async Capable": false,"Startup Cost": 209052.81,"Total Cost": 209052.81,"Plan Rows": 118756,"Plan Width": 4,"Actual Startup Time": 10016.825,"Actual Total Time": 10016.839,"Actual Rows": 9,"Actual Loops": 4,"Hash Buckets": 131072,"Original Hash Buckets": 131072,"Hash Batches": 1,"Original Hash Batches": 1,"Peak Memory Usage": 1025,"Workers": [],"Plans": [{"Node Type": "Aggregate","Strategy": "Hashed","Partial Mode": "Simple","Parent Relationship": "Outer","Parallel Aware": false,"Async Capable": false,"Startup Cost": 202521.23,"Total Cost": 207865.25,"Plan Rows": 118756,"Plan Width": 4,"Actual Startup Time": 6319.140,"Actual Total Time": 10016.671,"Actual Rows": 9,"Actual Loops": 4,"Group Key": ["lineitem_1.l_orderkey"],"Filter": "(sum(lineitem_1.l_quantity) > '315'::numeric)","Planned Partitions": 0,"HashAgg Batches": 1,"Peak Memory Usage": 638993,"Disk Usage": 0,"Rows Removed by Filter": 1499991,"Workers": [{"Worker Number": 0,"HashAgg Batches": 1,"Peak Memory Usage": 638993,"Disk Usage": 0},{"Worker Number": 1,"HashAgg Batches": 1,"Peak Memory Usage": 638993,"Disk Usage": 0},{"Worker Number": 2,"HashAgg Batches": 1,"Peak Memory Usage": 638993,"Disk Usage": 0}],"Plans": [{"Node Type": "Seq Scan","Parent Relationship": "Outer","Parallel Aware": false,"Async Capable": false,"Relation Name": "lineitem","Alias": "lineitem_1","Startup Cost": 0.00,"Total Cost": 172515.15,"Plan Rows": 6001215,"Plan Width": 9,"Actual Startup Time": 0.018,"Actual Total Time": 971.843,"Actual Rows": 6001215,"Actual Loops": 4,"Workers": []}]}]}]},{"Node Type": "Index Scan","Parent Relationship": "Inner","Parallel Aware": false,"Async Capable": false,"Scan Direction": "Forward","Index Name": "idx_lineitem_orderkey","Relation Name": "lineitem","Alias": "lineitem","Startup Cost": 0.43,"Total Cost": 1.06,"Plan Rows": 17,"Plan Width": 9,"Actual Startup Time": 0.069,"Actual Total Time": 0.079,"Actual Rows": 7,"Actual Loops": 9,"Index Cond": "(l_orderkey = orders.o_orderkey)","Rows Removed by Index Recheck": 0,"Workers": []}]},{"Node Type": "Hash","Parent Relationship": "Inner","Parallel Aware": true,"Async Capable": false,"Startup Cost": 4210.00,"Total Cost": 4210.00,"Plan Rows": 62500,"Plan Width": 23,"Actual Startup Time": 33.677,"Actual Total Time": 33.684,"Actual Rows": 37500,"Actual Loops": 4,"Hash Buckets": 262144,"Original Hash Buckets": 262144,"Hash Batches": 1,"Original Hash Batches": 1,"Peak Memory Usage": 10368,"Workers": [],"Plans": [{"Node Type": "Seq Scan","Parent Relationship": "Outer","Parallel Aware": true,"Async Capable": false,"Relation Name": "customer","Alias": "customer","Startup Cost": 0.00,"Total Cost": 4210.00,"Plan Rows": 62500,"Plan Width": 23,"Actual Startup Time": 0.019,"Actual Total Time": 16.715,"Actual Rows": 37500,"Actual Loops": 4,"Workers": []}]}]}]}]}]},"Planning Time": 6.132,"Triggers": [],"Execution Time": 11002.531}]
[{"Plan": {"Node Type": "Sort","Parallel Aware": false,"Async Capable": false,"Startup Cost": 397889.21,"Total Cost": 399077.01,"Plan Rows": 475120,"Plan Width": 71,"Actual Startup Time": 10950.105,"Actual Total Time": 10953.954,"Actual Rows": 9,"Actual Loops": 1,"Sort Key": ["orders.o_totalprice DESC", "orders.o_orderdate"],"Sort Method": "quicksort","Sort Space Used": 25,"Sort Space Type": "Memory","Plans": [{"Node Type": "Aggregate","Strategy": "Hashed","Partial Mode": "Simple","Parent Relationship": "Outer","Parallel Aware": false,"Async Capable": false,"Startup Cost": 347151.30,"Total Cost": 353090.30,"Plan Rows": 475120,"Plan Width": 71,"Actual Startup Time": 10902.471,"Actual Total Time": 10953.715,"Actual Rows": 9,"Actual Loops": 1,"Group Key": ["customer.c_custkey", "orders.o_orderkey"],"Planned Partitions": 0,"HashAgg Batches": 1,"Peak Memory Usage": 24601,"Disk Usage": 0,"Plans": [{"Node Type": "Gather","Parent Relationship": "Outer","Parallel Aware": false,"Async Capable": false,"Startup Cost": 216528.94,"Total Cost": 343587.90,"Plan Rows": 475120,"Plan Width": 44,"Actual Startup Time": 10893.800,"Actual Total Time": 10897.693,"Actual Rows": 63,"Actual Loops": 1,"Workers Planned": 3,"Workers Launched": 3,"Single Copy": false,"Plans": [{"Node Type": "Hash Join","Parent Relationship": "Outer","Parallel Aware": true,"Async Capable": false,"Join Type": "Inner","Startup Cost": 215528.94,"Total Cost": 295075.90,"Plan Rows": 153265,"Plan Width": 44,"Actual Startup Time": 10134.253,"Actual Total Time": 10314.794,"Actual Rows": 16,"Actual Loops": 4,"Inner Unique": true,"Hash Cond": "(orders.o_custkey = customer.c_custkey)","Workers": [],"Plans": [{"Node Type": "Nested Loop","Parent Relationship": "Outer","Parallel Aware": false,"Async Capable": false,"Join Type": "Inner","Startup Cost": 210537.69,"Total Cost": 289682.32,"Plan Rows": 153265,"Plan Width": 25,"Actual Startup Time": 10099.687,"Actual Total Time": 10280.153,"Actual Rows": 16,"Actual Loops": 4,"Inner Unique": false,"Workers": [],"Plans": [{"Node Type": "Hash Join","Parent Relationship": "Outer","Parallel Aware": false,"Async Capable": false,"Join Type": "Inner","Startup Cost": 210537.26,"Total Cost": 242741.13,"Plan Rows": 38308,"Plan Width": 24,"Actual Startup Time": 10099.575,"Actual Total Time": 10279.892,"Actual Rows": 2,"Actual Loops": 4,"Inner Unique": true,"Hash Cond": "(orders.o_orderkey = lineitem_1.l_orderkey)","Workers": [],"Plans": [{"Node Type": "Seq Scan","Parent Relationship": "Outer","Parallel Aware": true,"Async Capable": false,"Relation Name": "orders","Alias": "orders","Startup Cost": 0.00,"Total Cost": 30933.71,"Plan Rows": 483871,"Plan Width": 20,"Actual Startup Time": 0.011,"Actual Total Time": 51.627,"Actual Rows": 375000,"Actual Loops": 4,"Workers": []},{"Node Type": "Hash","Parent Relationship": "Inner","Parallel Aware": false,"Async Capable": false,"Startup Cost": 209052.81,"Total Cost": 209052.81,"Plan Rows": 118756,"Plan Width": 4,"Actual Startup Time": 10016.825,"Actual Total Time": 10016.839,"Actual Rows": 9,"Actual Loops": 4,"Hash Buckets": 131072,"Original Hash Buckets": 131072,"Hash Batches": 1,"Original Hash Batches": 1,"Peak Memory Usage": 1025,"Workers": [],"Plans": [{"Node Type": "Aggregate","Strategy": "Hashed","Partial Mode": "Simple","Parent Relationship": "Outer","Parallel Aware": false,"Async Capable": false,"Startup Cost": 202521.23,"Total Cost": 207865.25,"Plan Rows": 118756,"Plan Width": 4,"Actual Startup Time": 6319.140,"Actual Total Time": 10016.671,"Actual Rows": 9,"Actual Loops": 4,"Group Key": ["lineitem_1.l_orderkey"],"Filter": "(sum(lineitem_1.l_quantity) > '315'::numeric)","Planned Partitions": 0,"HashAgg Batches": 1,"Peak Memory Usage": 638993,"Disk Usage": 0,"Rows Removed by Filter": 1499991,"Workers": [{"Worker Number": 0,"HashAgg Batches": 1,"Peak Memory Usage": 638993,"Disk Usage": 0},{"Worker Number": 1,"HashAgg Batches": 1,"Peak Memory Usage": 638993,"Disk Usage": 0},{"Worker Number": 2,"HashAgg Batches": 1,"Peak Memory Usage": 638993,"Disk Usage": 0}],"Plans": [{"Node Type": "Seq Scan","Parent Relationship": "Outer","Parallel Aware": false,"Async Capable": false,"Relation Name": "lineitem","Alias": "lineitem_1","Startup Cost": 0.00,"Total Cost": 172515.15,"Plan Rows": 6001215,"Plan Width": 9,"Actual Startup Time": 0.018,"Actual Total Time": 971.843,"Actual Rows": 6001215,"Actual Loops": 4,"Workers": []}]}]}]},{"Node Type": "Index Scan","Parent Relationship": "Inner","Parallel Aware": false,"Async Capable": false,"Scan Direction": "Forward","Index Name": "idx_lineitem_orderkey","Relation Name": "lineitem","Alias": "lineitem","Startup Cost": 0.43,"Total Cost": 1.06,"Plan Rows": 17,"Plan Width": 9,"Actual Startup Time": 0.069,"Actual Total Time": 0.079,"Actual Rows": 7,"Actual Loops": 9,"Index Cond": "(l_orderkey = orders.o_orderkey)","Rows Removed by Index Recheck": 0,"Workers": []}]},{"Node Type": "Hash","Parent Relationship": "Inner","Parallel Aware": true,"Async Capable": false,"Startup Cost": 4210.00,"Total Cost": 4210.00,"Plan Rows": 62500,"Plan Width": 23,"Actual Startup Time": 33.677,"Actual Total Time": 33.684,"Actual Rows": 37500,"Actual Loops": 4,"Hash Buckets": 262144,"Original Hash Buckets": 262144,"Hash Batches": 1,"Original Hash Batches": 1,"Peak Memory Usage": 10368,"Workers": [],"Plans": [{"Node Type": "Seq Scan","Parent Relationship": "Outer","Parallel Aware": true,"Async Capable": false,"Relation Name": "customer","Alias": "customer","Startup Cost": 0.00,"Total Cost": 4210.00,"Plan Rows": 62500,"Plan Width": 23,"Actual Startup Time": 0.019,"Actual Total Time": 16.715,"Actual Rows": 37500,"Actual Loops": 4,"Workers": []}]}]}]}]}]},"Planning Time": 6.132,"Triggers": [],"Execution Time": 11002.531}]
[{"Plan": {"Node Type": "Sort","Parallel Aware": false,"Async Capable": false,"Startup Cost": 397889.21,"Total Cost": 399077.01,"Plan Rows": 475120,"Plan Width": 71,"Actual Startup Time": 10950.105,"Actual Total Time": 10953.954,"Actual Rows": 9,"Actual Loops": 1,"Sort Key": ["orders.o_totalprice DESC", "orders.o_orderdate"],"Sort Method": "quicksort","Sort Space Used": 25,"Sort Space Type": "Memory","Plans": [{"Node Type": "Aggregate","Strategy": "Hashed","Partial Mode": "Simple","Parent Relationship": "Outer","Parallel Aware": false,"Async Capable": false,"Startup Cost": 347151.30,"Total Cost": 353090.30,"Plan Rows": 475120,"Plan Width": 71,"Actual Startup Time": 10902.471,"Actual Total Time": 10953.715,"Actual Rows": 9,"Actual Loops": 1,"Group Key": ["customer.c_custkey", "orders.o_orderkey"],"Planned Partitions": 0,"HashAgg Batches": 1,"Peak Memory Usage": 24601,"Disk Usage": 0,"Plans": [{"Node Type": "Gather","Parent Relationship": "Outer","Parallel Aware": false,"Async Capable": false,"Startup Cost": 216528.94,"Total Cost": 343587.90,"Plan Rows": 475120,"Plan Width": 44,"Actual Startup Time": 10893.800,"Actual Total Time": 10897.693,"Actual Rows": 63,"Actual Loops": 1,"Workers Planned": 3,"Workers Launched": 3,"Single Copy": false,"Plans": [{"Node Type": "Hash Join","Parent Relationship": "Outer","Parallel Aware": true,"Async Capable": false,"Join Type": "Inner","Startup Cost": 215528.94,"Total Cost": 295075.90,"Plan Rows": 153265,"Plan Width": 44,"Actual Startup Time": 10134.253,"Actual Total Time": 10314.794,"Actual Rows": 16,"Actual Loops": 4,"Inner Unique": true,"Hash Cond": "(orders.o_custkey = customer.c_custkey)","Workers": [],"Plans": [{"Node Type": "Nested Loop","Parent Relationship": "Outer","Parallel Aware": false,"Async Capable": false,"Join Type": "Inner","Startup Cost": 210537.69,"Total Cost": 289682.32,"Plan Rows": 153265,"Plan Width": 25,"Actual Startup Time": 10099.687,"Actual Total Time": 10280.153,"Actual Rows": 16,"Actual Loops": 4,"Inner Unique": false,"Workers": [],"Plans": [{"Node Type": "Hash Join","Parent Relationship": "Outer","Parallel Aware": false,"Async Capable": false,"Join Type": "Inner","Startup Cost": 210537.26,"Total Cost": 242741.13,"Plan Rows": 38308,"Plan Width": 24,"Actual Startup Time": 10099.575,"Actual Total Time": 10279.892,"Actual Rows": 2,"Actual Loops": 4,"Inner Unique": true,"Hash Cond": "(orders.o_orderkey = lineitem_1.l_orderkey)","Workers": [],"Plans": [{"Node Type": "Seq Scan","Parent Relationship": "Outer","Parallel Aware": true,"Async Capable": false,"Relation Name": "orders","Alias": "orders","Startup Cost": 0.00,"Total Cost": 30933.71,"Plan Rows": 483871,"Plan Width": 20,"Actual Startup Time": 0.011,"Actual Total Time": 51.627,"Actual Rows": 375000,"Actual Loops": 4,"Workers": []},{"Node Type": "Hash","Parent Relationship": "Inner","Parallel Aware": false,"Async Capable": false,"Startup Cost": 209052.81,"Total Cost": 209052.81,"Plan Rows": 118756,"Plan Width": 4,"Actual Startup Time": 10016.825,"Actual Total Time": 10016.839,"Actual Rows": 9,"Actual Loops": 4,"Hash Buckets": 131072,"Original Hash Buckets": 131072,"Hash Batches": 1,"Original Hash Batches": 1,"Peak Memory Usage": 1025,"Workers": [],"Plans": [{"Node Type": "Aggregate","Strategy": "Hashed","Partial Mode": "Simple","Parent Relationship": "Outer","Parallel Aware": false,"Async Capable": false,"Startup Cost": 202521.23,"Total Cost": 207865.25,"Plan Rows": 118756,"Plan Width": 4,"Actual Startup Time": 6319.140,"Actual Total Time": 10016.671,"Actual Rows": 9,"Actual Loops": 4,"Group Key": ["lineitem_1.l_orderkey"],"Filter": "(sum(lineitem_1.l_quantity) > '315'::numeric)","Planned Partitions": 0,"HashAgg Batches": 1,"Peak Memory Usage": 638993,"Disk Usage": 0,"Rows Removed by Filter": 1499991,"Workers": [{"Worker Number": 0,"HashAgg Batches": 1,"Peak Memory Usage": 638993,"Disk Usage": 0},{"Worker Number": 1,"HashAgg Batches": 1,"Peak Memory Usage": 638993,"Disk Usage": 0},{"Worker Number": 2,"HashAgg Batches": 1,"Peak Memory Usage": 638993,"Disk Usage": 0}],"Plans": [{"Node Type": "Seq Scan","Parent Relationship": "Outer","Parallel Aware": false,"Async Capable": false,"Relation Name": "lineitem","Alias": "lineitem_1","Startup Cost": 0.00,"Total Cost": 172515.15,"Plan Rows": 6001215,"Plan Width": 9,"Actual Startup Time": 0.018,"Actual Total Time": 971.843,"Actual Rows": 6001215,"Actual Loops": 4,"Workers": []}]}]}]},{"Node Type": "Index Scan","Parent Relationship": "Inner","Parallel Aware": false,"Async Capable": false,"Scan Direction": "Forward","Index Name": "idx_lineitem_orderkey","Relation Name": "lineitem","Alias": "lineitem","Startup Cost": 0.43,"Total Cost": 1.06,"Plan Rows": 17,"Plan Width": 9,"Actual Startup Time": 0.069,"Actual Total Time": 0.079,"Actual Rows": 7,"Actual Loops": 9,"Index Cond": "(l_orderkey = orders.o_orderkey)","Rows Removed by Index Recheck": 0,"Workers": []}]},{"Node Type": "Hash","Parent Relationship": "Inner","Parallel Aware": true,"Async Capable": false,"Startup Cost": 4210.00,"Total Cost": 4210.00,"Plan Rows": 62500,"Plan Width": 23,"Actual Startup Time": 33.677,"Actual Total Time": 33.684,"Actual Rows": 37500,"Actual Loops": 4,"Hash Buckets": 262144,"Original Hash Buckets": 262144,"Hash Batches": 1,"Original Hash Batches": 1,"Peak Memory Usage": 10368,"Workers": [],"Plans": [{"Node Type": "Seq Scan","Parent Relationship": "Outer","Parallel Aware": true,"Async Capable": false,"Relation Name": "customer","Alias": "customer","Startup Cost": 0.00,"Total Cost": 4210.00,"Plan Rows": 62500,"Plan Width": 23,"Actual Startup Time": 0.019,"Actual Total Time": 16.715,"Actual Rows": 37500,"Actual Loops": 4,"Workers": []}]}]}]}]}]},"Planning Time": 6.132,"Triggers": [],"Execution Time": 11002.531}]
[{"Plan": {"Node Type": "Sort","Parallel Aware": false,"Async Capable": false,"Startup Cost": 397889.21,"Total Cost": 399077.01,"Plan Rows": 475120,"Plan Width": 71,"Actual Startup Time": 10887.509,"Actual Total Time": 10908.132,"Actual Rows": 10,"Actual Loops": 1,"Sort Key": ["orders.o_totalprice DESC", "orders.o_orderdate"],"Sort Method": "quicksort","Sort Space Used": 25,"Sort Space Type": "Memory","Plans": [{"Node Type": "Aggregate","Strategy": "Hashed","Partial Mode": "Simple","Parent Relationship": "Outer","Parallel Aware": false,"Async Capable": false,"Startup Cost": 347151.30,"Total Cost": 353090.30,"Plan Rows": 475120,"Plan Width": 71,"Actual Startup Time": 10848.812,"Actual Total Time": 10907.941,"Actual Rows": 10,"Actual Loops": 1,"Group Key": ["customer.c_custkey", "orders.o_orderkey"],"Planned Partitions": 0,"HashAgg Batches": 1,"Peak Memory Usage": 24601,"Disk Usage": 0,"Plans": [{"Node Type": "Gather","Parent Relationship": "Outer","Parallel Aware": false,"Async Capable": false,"Startup Cost": 216528.94,"Total Cost": 343587.90,"Plan Rows": 475120,"Plan Width": 44,"Actual Startup Time": 10782.037,"Actual Total Time": 10858.151,"Actual Rows": 70,"Actual Loops": 1,"Workers Planned": 3,"Workers Launched": 3,"Single Copy": false,"Plans": [{"Node Type": "Hash Join","Parent Relationship": "Outer","Parallel Aware": true,"Async Capable": false,"Join Type": "Inner","Startup Cost": 215528.94,"Total Cost": 295075.90,"Plan Rows": 153265,"Plan Width": 44,"Actual Startup Time": 10180.765,"Actual Total Time": 10348.312,"Actual Rows": 18,"Actual Loops": 4,"Inner Unique": true,"Hash Cond": "(orders.o_custkey = customer.c_custkey)","Workers": [],"Plans": [{"Node Type": "Nested Loop","Parent Relationship": "Outer","Parallel Aware": false,"Async Capable": false,"Join Type": "Inner","Startup Cost": 210537.69,"Total Cost": 289682.32,"Plan Rows": 153265,"Plan Width": 25,"Actual Startup Time": 10142.809,"Actual Total Time": 10310.270,"Actual Rows": 18,"Actual Loops": 4,"Inner Unique": false,"Workers": [],"Plans": [{"Node Type": "Hash Join","Parent Relationship": "Outer","Parallel Aware": false,"Async Capable": false,"Join Type": "Inner","Startup Cost": 210537.26,"Total Cost": 242741.13,"Plan Rows": 38308,"Plan Width": 24,"Actual Startup Time": 10142.670,"Actual Total Time": 10309.991,"Actual Rows": 2,"Actual Loops": 4,"Inner Unique": true,"Hash Cond": "(orders.o_orderkey = lineitem_1.l_orderkey)","Workers": [],"Plans": [{"Node Type": "Seq Scan","Parent Relationship": "Outer","Parallel Aware": true,"Async Capable": false,"Relation Name": "orders","Alias": "orders","Startup Cost": 0.00,"Total Cost": 30933.71,"Plan Rows": 483871,"Plan Width": 20,"Actual Startup Time": 0.009,"Actual Total Time": 49.040,"Actual Rows": 375000,"Actual Loops": 4,"Workers": []},{"Node Type": "Hash","Parent Relationship": "Inner","Parallel Aware": false,"Async Capable": false,"Startup Cost": 209052.81,"Total Cost": 209052.81,"Plan Rows": 118756,"Plan Width": 4,"Actual Startup Time": 10075.163,"Actual Total Time": 10075.176,"Actual Rows": 10,"Actual Loops": 4,"Hash Buckets": 131072,"Original Hash Buckets": 131072,"Hash Batches": 1,"Original Hash Batches": 1,"Peak Memory Usage": 1025,"Workers": [],"Plans": [{"Node Type": "Aggregate","Strategy": "Hashed","Partial Mode": "Simple","Parent Relationship": "Outer","Parallel Aware": false,"Async Capable": false,"Startup Cost": 202521.23,"Total Cost": 207865.25,"Plan Rows": 118756,"Plan Width": 4,"Actual Startup Time": 6293.151,"Actual Total Time": 10074.968,"Actual Rows": 10,"Actual Loops": 4,"Group Key": ["lineitem_1.l_orderkey"],"Filter": "(sum(lineitem_1.l_quantity) > '312'::numeric)","Planned Partitions": 0,"HashAgg Batches": 1,"Peak Memory Usage": 638993,"Disk Usage": 0,"Rows Removed by Filter": 1499990,"Workers": [{"Worker Number": 0,"HashAgg Batches": 1,"Peak Memory Usage": 638993,"Disk Usage": 0},{"Worker Number": 1,"HashAgg Batches": 1,"Peak Memory Usage": 638993,"Disk Usage": 0},{"Worker Number": 2,"HashAgg Batches": 1,"Peak Memory Usage": 638993,"Disk Usage": 0}],"Plans": [{"Node Type": "Seq Scan","Parent Relationship": "Outer","Parallel Aware": false,"Async Capable": false,"Relation Name": "lineitem","Alias": "lineitem_1","Startup Cost": 0.00,"Total Cost": 172515.15,"Plan Rows": 6001215,"Plan Width": 9,"Actual Startup Time": 0.021,"Actual Total Time": 960.546,"Actual Rows": 6001215,"Actual Loops": 4,"Workers": []}]}]}]},{"Node Type": "Index Scan","Parent Relationship": "Inner","Parallel Aware": false,"Async Capable": false,"Scan Direction": "Forward","Index Name": "idx_lineitem_orderkey","Relation Name": "lineitem","Alias": "lineitem","Startup Cost": 0.43,"Total Cost": 1.06,"Plan Rows": 17,"Plan Width": 9,"Actual Startup Time": 0.072,"Actual Total Time": 0.079,"Actual Rows": 7,"Actual Loops": 10,"Index Cond": "(l_orderkey = orders.o_orderkey)","Rows Removed by Index Recheck": 0,"Workers": []}]},{"Node Type": "Hash","Parent Relationship": "Inner","Parallel Aware": true,"Async Capable": false,"Startup Cost": 4210.00,"Total Cost": 4210.00,"Plan Rows": 62500,"Plan Width": 23,"Actual Startup Time": 37.105,"Actual Total Time": 37.114,"Actual Rows": 37500,"Actual Loops": 4,"Hash Buckets": 262144,"Original Hash Buckets": 262144,"Hash Batches": 1,"Original Hash Batches": 1,"Peak Memory Usage": 10368,"Workers": [],"Plans": [{"Node Type": "Seq Scan","Parent Relationship": "Outer","Parallel Aware": true,"Async Capable": false,"Relation Name": "customer","Alias": "customer","Startup Cost": 0.00,"Total Cost": 4210.00,"Plan Rows": 62500,"Plan Width": 23,"Actual Startup Time": 0.025,"Actual Total Time": 19.726,"Actual Rows": 37500,"Actual Loops": 4,"Workers": []}]}]}]}]}]},"Planning Time": 6.715,"Triggers": [],"Execution Time": 10961.817}]
[{"Plan": {"Node Type": "Sort","Parallel Aware": false,"Async Capable": false,"Startup Cost": 397889.21,"Total Cost": 399077.01,"Plan Rows": 475120,"Plan Width": 71,"Actual Startup Time": 10887.509,"Actual Total Time": 10908.132,"Actual Rows": 10,"Actual Loops": 1,"Sort Key": ["orders.o_totalprice DESC", "orders.o_orderdate"],"Sort Method": "quicksort","Sort Space Used": 25,"Sort Space Type": "Memory","Plans": [{"Node Type": "Aggregate","Strategy": "Hashed","Partial Mode": "Simple","Parent Relationship": "Outer","Parallel Aware": false,"Async Capable": false,"Startup Cost": 347151.30,"Total Cost": 353090.30,"Plan Rows": 475120,"Plan Width": 71,"Actual Startup Time": 10848.812,"Actual Total Time": 10907.941,"Actual Rows": 10,"Actual Loops": 1,"Group Key": ["customer.c_custkey", "orders.o_orderkey"],"Planned Partitions": 0,"HashAgg Batches": 1,"Peak Memory Usage": 24601,"Disk Usage": 0,"Plans": [{"Node Type": "Gather","Parent Relationship": "Outer","Parallel Aware": false,"Async Capable": false,"Startup Cost": 216528.94,"Total Cost": 343587.90,"Plan Rows": 475120,"Plan Width": 44,"Actual Startup Time": 10782.037,"Actual Total Time": 10858.151,"Actual Rows": 70,"Actual Loops": 1,"Workers Planned": 3,"Workers Launched": 3,"Single Copy": false,"Plans": [{"Node Type": "Hash Join","Parent Relationship": "Outer","Parallel Aware": true,"Async Capable": false,"Join Type": "Inner","Startup Cost": 215528.94,"Total Cost": 295075.90,"Plan Rows": 153265,"Plan Width": 44,"Actual Startup Time": 10180.765,"Actual Total Time": 10348.312,"Actual Rows": 18,"Actual Loops": 4,"Inner Unique": true,"Hash Cond": "(orders.o_custkey = customer.c_custkey)","Workers": [],"Plans": [{"Node Type": "Nested Loop","Parent Relationship": "Outer","Parallel Aware": false,"Async Capable": false,"Join Type": "Inner","Startup Cost": 210537.69,"Total Cost": 289682.32,"Plan Rows": 153265,"Plan Width": 25,"Actual Startup Time": 10142.809,"Actual Total Time": 10310.270,"Actual Rows": 18,"Actual Loops": 4,"Inner Unique": false,"Workers": [],"Plans": [{"Node Type": "Hash Join","Parent Relationship": "Outer","Parallel Aware": false,"Async Capable": false,"Join Type": "Inner","Startup Cost": 210537.26,"Total Cost": 242741.13,"Plan Rows": 38308,"Plan Width": 24,"Actual Startup Time": 10142.670,"Actual Total Time": 10309.991,"Actual Rows": 2,"Actual Loops": 4,"Inner Unique": true,"Hash Cond": "(orders.o_orderkey = lineitem_1.l_orderkey)","Workers": [],"Plans": [{"Node Type": "Seq Scan","Parent Relationship": "Outer","Parallel Aware": true,"Async Capable": false,"Relation Name": "orders","Alias": "orders","Startup Cost": 0.00,"Total Cost": 30933.71,"Plan Rows": 483871,"Plan Width": 20,"Actual Startup Time": 0.009,"Actual Total Time": 49.040,"Actual Rows": 375000,"Actual Loops": 4,"Workers": []},{"Node Type": "Hash","Parent Relationship": "Inner","Parallel Aware": false,"Async Capable": false,"Startup Cost": 209052.81,"Total Cost": 209052.81,"Plan Rows": 118756,"Plan Width": 4,"Actual Startup Time": 10075.163,"Actual Total Time": 10075.176,"Actual Rows": 10,"Actual Loops": 4,"Hash Buckets": 131072,"Original Hash Buckets": 131072,"Hash Batches": 1,"Original Hash Batches": 1,"Peak Memory Usage": 1025,"Workers": [],"Plans": [{"Node Type": "Aggregate","Strategy": "Hashed","Partial Mode": "Simple","Parent Relationship": "Outer","Parallel Aware": false,"Async Capable": false,"Startup Cost": 202521.23,"Total Cost": 207865.25,"Plan Rows": 118756,"Plan Width": 4,"Actual Startup Time": 6293.151,"Actual Total Time": 10074.968,"Actual Rows": 10,"Actual Loops": 4,"Group Key": ["lineitem_1.l_orderkey"],"Filter": "(sum(lineitem_1.l_quantity) > '312'::numeric)","Planned Partitions": 0,"HashAgg Batches": 1,"Peak Memory Usage": 638993,"Disk Usage": 0,"Rows Removed by Filter": 1499990,"Workers": [{"Worker Number": 0,"HashAgg Batches": 1,"Peak Memory Usage": 638993,"Disk Usage": 0},{"Worker Number": 1,"HashAgg Batches": 1,"Peak Memory Usage": 638993,"Disk Usage": 0},{"Worker Number": 2,"HashAgg Batches": 1,"Peak Memory Usage": 638993,"Disk Usage": 0}],"Plans": [{"Node Type": "Seq Scan","Parent Relationship": "Outer","Parallel Aware": false,"Async Capable": false,"Relation Name": "lineitem","Alias": "lineitem_1","Startup Cost": 0.00,"Total Cost": 172515.15,"Plan Rows": 6001215,"Plan Width": 9,"Actual Startup Time": 0.021,"Actual Total Time": 960.546,"Actual Rows": 6001215,"Actual Loops": 4,"Workers": []}]}]}]},{"Node Type": "Index Scan","Parent Relationship": "Inner","Parallel Aware": false,"Async Capable": false,"Scan Direction": "Forward","Index Name": "idx_lineitem_orderkey","Relation Name": "lineitem","Alias": "lineitem","Startup Cost": 0.43,"Total Cost": 1.06,"Plan Rows": 17,"Plan Width": 9,"Actual Startup Time": 0.072,"Actual Total Time": 0.079,"Actual Rows": 7,"Actual Loops": 10,"Index Cond": "(l_orderkey = orders.o_orderkey)","Rows Removed by Index Recheck": 0,"Workers": []}]},{"Node Type": "Hash","Parent Relationship": "Inner","Parallel Aware": true,"Async Capable": false,"Startup Cost": 4210.00,"Total Cost": 4210.00,"Plan Rows": 62500,"Plan Width": 23,"Actual Startup Time": 37.105,"Actual Total Time": 37.114,"Actual Rows": 37500,"Actual Loops": 4,"Hash Buckets": 262144,"Original Hash Buckets": 262144,"Hash Batches": 1,"Original Hash Batches": 1,"Peak Memory Usage": 10368,"Workers": [],"Plans": [{"Node Type": "Seq Scan","Parent Relationship": "Outer","Parallel Aware": true,"Async Capable": false,"Relation Name": "customer","Alias": "customer","Startup Cost": 0.00,"Total Cost": 4210.00,"Plan Rows": 62500,"Plan Width": 23,"Actual Startup Time": 0.025,"Actual Total Time": 19.726,"Actual Rows": 37500,"Actual Loops": 4,"Workers": []}]}]}]}]}]},"Planning Time": 6.715,"Triggers": [],"Execution Time": 10961.817}]
[{"Plan": {"Node Type": "Sort","Parallel Aware": false,"Async Capable": false,"Startup Cost": 397889.21,"Total Cost": 399077.01,"Plan Rows": 475120,"Plan Width": 71,"Actual Startup Time": 10345.847,"Actual Total Time": 10377.998,"Actual Rows": 9,"Actual Loops": 1,"Sort Key": ["orders.o_totalprice DESC", "orders.o_orderdate"],"Sort Method": "quicksort","Sort Space Used": 25,"Sort Space Type": "Memory","Plans": [{"Node Type": "Aggregate","Strategy": "Hashed","Partial Mode": "Simple","Parent Relationship": "Outer","Parallel Aware": false,"Async Capable": false,"Startup Cost": 347151.30,"Total Cost": 353090.30,"Plan Rows": 475120,"Plan Width": 71,"Actual Startup Time": 10329.232,"Actual Total Time": 10377.856,"Actual Rows": 9,"Actual Loops": 1,"Group Key": ["customer.c_custkey", "orders.o_orderkey"],"Planned Partitions": 0,"HashAgg Batches": 1,"Peak Memory Usage": 24601,"Disk Usage": 0,"Plans": [{"Node Type": "Gather","Parent Relationship": "Outer","Parallel Aware": false,"Async Capable": false,"Startup Cost": 216528.94,"Total Cost": 343587.90,"Plan Rows": 475120,"Plan Width": 44,"Actual Startup Time": 10053.961,"Actual Total Time": 10357.615,"Actual Rows": 63,"Actual Loops": 1,"Workers Planned": 3,"Workers Launched": 3,"Single Copy": false,"Plans": [{"Node Type": "Hash Join","Parent Relationship": "Outer","Parallel Aware": true,"Async Capable": false,"Join Type": "Inner","Startup Cost": 215528.94,"Total Cost": 295075.90,"Plan Rows": 153265,"Plan Width": 44,"Actual Startup Time": 10157.696,"Actual Total Time": 10258.651,"Actual Rows": 16,"Actual Loops": 4,"Inner Unique": true,"Hash Cond": "(orders.o_custkey = customer.c_custkey)","Workers": [],"Plans": [{"Node Type": "Nested Loop","Parent Relationship": "Outer","Parallel Aware": false,"Async Capable": false,"Join Type": "Inner","Startup Cost": 210537.69,"Total Cost": 289682.32,"Plan Rows": 153265,"Plan Width": 25,"Actual Startup Time": 10123.332,"Actual Total Time": 10224.239,"Actual Rows": 16,"Actual Loops": 4,"Inner Unique": false,"Workers": [],"Plans": [{"Node Type": "Hash Join","Parent Relationship": "Outer","Parallel Aware": false,"Async Capable": false,"Join Type": "Inner","Startup Cost": 210537.26,"Total Cost": 242741.13,"Plan Rows": 38308,"Plan Width": 24,"Actual Startup Time": 10123.186,"Actual Total Time": 10223.998,"Actual Rows": 2,"Actual Loops": 4,"Inner Unique": true,"Hash Cond": "(orders.o_orderkey = lineitem_1.l_orderkey)","Workers": [],"Plans": [{"Node Type": "Seq Scan","Parent Relationship": "Outer","Parallel Aware": true,"Async Capable": false,"Relation Name": "orders","Alias": "orders","Startup Cost": 0.00,"Total Cost": 30933.71,"Plan Rows": 483871,"Plan Width": 20,"Actual Startup Time": 0.011,"Actual Total Time": 49.852,"Actual Rows": 375000,"Actual Loops": 4,"Workers": []},{"Node Type": "Hash","Parent Relationship": "Inner","Parallel Aware": false,"Async Capable": false,"Startup Cost": 209052.81,"Total Cost": 209052.81,"Plan Rows": 118756,"Plan Width": 4,"Actual Startup Time": 10005.666,"Actual Total Time": 10005.673,"Actual Rows": 9,"Actual Loops": 4,"Hash Buckets": 131072,"Original Hash Buckets": 131072,"Hash Batches": 1,"Original Hash Batches": 1,"Peak Memory Usage": 1025,"Workers": [],"Plans": [{"Node Type": "Aggregate","Strategy": "Hashed","Partial Mode": "Simple","Parent Relationship": "Outer","Parallel Aware": false,"Async Capable": false,"Startup Cost": 202521.23,"Total Cost": 207865.25,"Plan Rows": 118756,"Plan Width": 4,"Actual Startup Time": 6310.010,"Actual Total Time": 10005.543,"Actual Rows": 9,"Actual Loops": 4,"Group Key": ["lineitem_1.l_orderkey"],"Filter": "(sum(lineitem_1.l_quantity) > '313'::numeric)","Planned Partitions": 0,"HashAgg Batches": 1,"Peak Memory Usage": 638993,"Disk Usage": 0,"Rows Removed by Filter": 1499991,"Workers": [{"Worker Number": 0,"HashAgg Batches": 1,"Peak Memory Usage": 638993,"Disk Usage": 0},{"Worker Number": 1,"HashAgg Batches": 1,"Peak Memory Usage": 638993,"Disk Usage": 0},{"Worker Number": 2,"HashAgg Batches": 1,"Peak Memory Usage": 638993,"Disk Usage": 0}],"Plans": [{"Node Type": "Seq Scan","Parent Relationship": "Outer","Parallel Aware": false,"Async Capable": false,"Relation Name": "lineitem","Alias": "lineitem_1","Startup Cost": 0.00,"Total Cost": 172515.15,"Plan Rows": 6001215,"Plan Width": 9,"Actual Startup Time": 0.020,"Actual Total Time": 994.479,"Actual Rows": 6001215,"Actual Loops": 4,"Workers": []}]}]}]},{"Node Type": "Index Scan","Parent Relationship": "Inner","Parallel Aware": false,"Async Capable": false,"Scan Direction": "Forward","Index Name": "idx_lineitem_orderkey","Relation Name": "lineitem","Alias": "lineitem","Startup Cost": 0.43,"Total Cost": 1.06,"Plan Rows": 17,"Plan Width": 9,"Actual Startup Time": 0.068,"Actual Total Time": 0.075,"Actual Rows": 7,"Actual Loops": 9,"Index Cond": "(l_orderkey = orders.o_orderkey)","Rows Removed by Index Recheck": 0,"Workers": []}]},{"Node Type": "Hash","Parent Relationship": "Inner","Parallel Aware": true,"Async Capable": false,"Startup Cost": 4210.00,"Total Cost": 4210.00,"Plan Rows": 62500,"Plan Width": 23,"Actual Startup Time": 33.578,"Actual Total Time": 33.582,"Actual Rows": 37500,"Actual Loops": 4,"Hash Buckets": 262144,"Original Hash Buckets": 262144,"Hash Batches": 1,"Original Hash Batches": 1,"Peak Memory Usage": 10336,"Workers": [],"Plans": [{"Node Type": "Seq Scan","Parent Relationship": "Outer","Parallel Aware": true,"Async Capable": false,"Relation Name": "customer","Alias": "customer","Startup Cost": 0.00,"Total Cost": 4210.00,"Plan Rows": 62500,"Plan Width": 23,"Actual Startup Time": 0.023,"Actual Total Time": 16.777,"Actual Rows": 37500,"Actual Loops": 4,"Workers": []}]}]}]}]}]},"Planning Time": 6.662,"Triggers": [],"Execution Time": 10430.266}]
[{"Plan": {"Node Type": "Sort","Parallel Aware": false,"Async Capable": false,"Startup Cost": 397889.21,"Total Cost": 399077.01,"Plan Rows": 475120,"Plan Width": 71,"Actual Startup Time": 10785.011,"Actual Total Time": 10839.032,"Actual Rows": 9,"Actual Loops": 1,"Sort Key": ["orders.o_totalprice DESC", "orders.o_orderdate"],"Sort Method": "quicksort","Sort Space Used": 25,"Sort Space Type": "Memory","Plans": [{"Node Type": "Aggregate","Strategy": "Hashed","Partial Mode": "Simple","Parent Relationship": "Outer","Parallel Aware": false,"Async Capable": false,"Startup Cost": 347151.30,"Total Cost": 353090.30,"Plan Rows": 475120,"Plan Width": 71,"Actual Startup Time": 10763.855,"Actual Total Time": 10838.848,"Actual Rows": 9,"Actual Loops": 1,"Group Key": ["customer.c_custkey", "orders.o_orderkey"],"Planned Partitions": 0,"HashAgg Batches": 1,"Peak Memory Usage": 24601,"Disk Usage": 0,"Plans": [{"Node Type": "Gather","Parent Relationship": "Outer","Parallel Aware": false,"Async Capable": false,"Startup Cost": 216528.94,"Total Cost": 343587.90,"Plan Rows": 475120,"Plan Width": 44,"Actual Startup Time": 9674.071,"Actual Total Time": 10813.470,"Actual Rows": 63,"Actual Loops": 1,"Workers Planned": 3,"Workers Launched": 3,"Single Copy": false,"Plans": [{"Node Type": "Hash Join","Parent Relationship": "Outer","Parallel Aware": true,"Async Capable": false,"Join Type": "Inner","Startup Cost": 215528.94,"Total Cost": 295075.90,"Plan Rows": 153265,"Plan Width": 44,"Actual Startup Time": 10141.072,"Actual Total Time": 10312.965,"Actual Rows": 16,"Actual Loops": 4,"Inner Unique": true,"Hash Cond": "(orders.o_custkey = customer.c_custkey)","Workers": [],"Plans": [{"Node Type": "Nested Loop","Parent Relationship": "Outer","Parallel Aware": false,"Async Capable": false,"Join Type": "Inner","Startup Cost": 210537.69,"Total Cost": 289682.32,"Plan Rows": 153265,"Plan Width": 25,"Actual Startup Time": 10104.129,"Actual Total Time": 10275.947,"Actual Rows": 16,"Actual Loops": 4,"Inner Unique": false,"Workers": [],"Plans": [{"Node Type": "Hash Join","Parent Relationship": "Outer","Parallel Aware": false,"Async Capable": false,"Join Type": "Inner","Startup Cost": 210537.26,"Total Cost": 242741.13,"Plan Rows": 38308,"Plan Width": 24,"Actual Startup Time": 10104.052,"Actual Total Time": 10275.739,"Actual Rows": 2,"Actual Loops": 4,"Inner Unique": true,"Hash Cond": "(orders.o_orderkey = lineitem_1.l_orderkey)","Workers": [],"Plans": [{"Node Type": "Seq Scan","Parent Relationship": "Outer","Parallel Aware": true,"Async Capable": false,"Relation Name": "orders","Alias": "orders","Startup Cost": 0.00,"Total Cost": 30933.71,"Plan Rows": 483871,"Plan Width": 20,"Actual Startup Time": 0.007,"Actual Total Time": 53.689,"Actual Rows": 375000,"Actual Loops": 4,"Workers": []},{"Node Type": "Hash","Parent Relationship": "Inner","Parallel Aware": false,"Async Capable": false,"Startup Cost": 209052.81,"Total Cost": 209052.81,"Plan Rows": 118756,"Plan Width": 4,"Actual Startup Time": 10025.157,"Actual Total Time": 10025.166,"Actual Rows": 9,"Actual Loops": 4,"Hash Buckets": 131072,"Original Hash Buckets": 131072,"Hash Batches": 1,"Original Hash Batches": 1,"Peak Memory Usage": 1025,"Workers": [],"Plans": [{"Node Type": "Aggregate","Strategy": "Hashed","Partial Mode": "Simple","Parent Relationship": "Outer","Parallel Aware": false,"Async Capable": false,"Startup Cost": 202521.23,"Total Cost": 207865.25,"Plan Rows": 118756,"Plan Width": 4,"Actual Startup Time": 6285.839,"Actual Total Time": 10024.981,"Actual Rows": 9,"Actual Loops": 4,"Group Key": ["lineitem_1.l_orderkey"],"Filter": "(sum(lineitem_1.l_quantity) > '314'::numeric)","Planned Partitions": 0,"HashAgg Batches": 1,"Peak Memory Usage": 638993,"Disk Usage": 0,"Rows Removed by Filter": 1499991,"Workers": [{"Worker Number": 0,"HashAgg Batches": 1,"Peak Memory Usage": 638993,"Disk Usage": 0},{"Worker Number": 1,"HashAgg Batches": 1,"Peak Memory Usage": 638993,"Disk Usage": 0},{"Worker Number": 2,"HashAgg Batches": 1,"Peak Memory Usage": 638993,"Disk Usage": 0}],"Plans": [{"Node Type": "Seq Scan","Parent Relationship": "Outer","Parallel Aware": false,"Async Capable": false,"Relation Name": "lineitem","Alias": "lineitem_1","Startup Cost": 0.00,"Total Cost": 172515.15,"Plan Rows": 6001215,"Plan Width": 9,"Actual Startup Time": 0.019,"Actual Total Time": 931.752,"Actual Rows": 6001215,"Actual Loops": 4,"Workers": []}]}]}]},{"Node Type": "Index Scan","Parent Relationship": "Inner","Parallel Aware": false,"Async Capable": false,"Scan Direction": "Forward","Index Name": "idx_lineitem_orderkey","Relation Name": "lineitem","Alias": "lineitem","Startup Cost": 0.43,"Total Cost": 1.06,"Plan Rows": 17,"Plan Width": 9,"Actual Startup Time": 0.055,"Actual Total Time": 0.062,"Actual Rows": 7,"Actual Loops": 9,"Index Cond": "(l_orderkey = orders.o_orderkey)","Rows Removed by Index Recheck": 0,"Workers": []}]},{"Node Type": "Hash","Parent Relationship": "Inner","Parallel Aware": true,"Async Capable": false,"Startup Cost": 4210.00,"Total Cost": 4210.00,"Plan Rows": 62500,"Plan Width": 23,"Actual Startup Time": 36.172,"Actual Total Time": 36.190,"Actual Rows": 37500,"Actual Loops": 4,"Hash Buckets": 262144,"Original Hash Buckets": 262144,"Hash Batches": 1,"Original Hash Batches": 1,"Peak Memory Usage": 10336,"Workers": [],"Plans": [{"Node Type": "Seq Scan","Parent Relationship": "Outer","Parallel Aware": true,"Async Capable": false,"Relation Name": "customer","Alias": "customer","Startup Cost": 0.00,"Total Cost": 4210.00,"Plan Rows": 62500,"Plan Width": 23,"Actual Startup Time": 0.024,"Actual Total Time": 17.933,"Actual Rows": 37500,"Actual Loops": 4,"Workers": []}]}]}]}]}]},"Planning Time": 6.881,"Triggers": [],"Execution Time": 10893.482}]
[{"Plan": {"Node Type": "Sort","Parallel Aware": false,"Async Capable": false,"Startup Cost": 397889.21,"Total Cost": 399077.01,"Plan Rows": 475120,"Plan Width": 71,"Actual Startup Time": 10785.011,"Actual Total Time": 10839.032,"Actual Rows": 9,"Actual Loops": 1,"Sort Key": ["orders.o_totalprice DESC", "orders.o_orderdate"],"Sort Method": "quicksort","Sort Space Used": 25,"Sort Space Type": "Memory","Plans": [{"Node Type": "Aggregate","Strategy": "Hashed","Partial Mode": "Simple","Parent Relationship": "Outer","Parallel Aware": false,"Async Capable": false,"Startup Cost": 347151.30,"Total Cost": 353090.30,"Plan Rows": 475120,"Plan Width": 71,"Actual Startup Time": 10763.855,"Actual Total Time": 10838.848,"Actual Rows": 9,"Actual Loops": 1,"Group Key": ["customer.c_custkey", "orders.o_orderkey"],"Planned Partitions": 0,"HashAgg Batches": 1,"Peak Memory Usage": 24601,"Disk Usage": 0,"Plans": [{"Node Type": "Gather","Parent Relationship": "Outer","Parallel Aware": false,"Async Capable": false,"Startup Cost": 216528.94,"Total Cost": 343587.90,"Plan Rows": 475120,"Plan Width": 44,"Actual Startup Time": 9674.071,"Actual Total Time": 10813.470,"Actual Rows": 63,"Actual Loops": 1,"Workers Planned": 3,"Workers Launched": 3,"Single Copy": false,"Plans": [{"Node Type": "Hash Join","Parent Relationship": "Outer","Parallel Aware": true,"Async Capable": false,"Join Type": "Inner","Startup Cost": 215528.94,"Total Cost": 295075.90,"Plan Rows": 153265,"Plan Width": 44,"Actual Startup Time": 10141.072,"Actual Total Time": 10312.965,"Actual Rows": 16,"Actual Loops": 4,"Inner Unique": true,"Hash Cond": "(orders.o_custkey = customer.c_custkey)","Workers": [],"Plans": [{"Node Type": "Nested Loop","Parent Relationship": "Outer","Parallel Aware": false,"Async Capable": false,"Join Type": "Inner","Startup Cost": 210537.69,"Total Cost": 289682.32,"Plan Rows": 153265,"Plan Width": 25,"Actual Startup Time": 10104.129,"Actual Total Time": 10275.947,"Actual Rows": 16,"Actual Loops": 4,"Inner Unique": false,"Workers": [],"Plans": [{"Node Type": "Hash Join","Parent Relationship": "Outer","Parallel Aware": false,"Async Capable": false,"Join Type": "Inner","Startup Cost": 210537.26,"Total Cost": 242741.13,"Plan Rows": 38308,"Plan Width": 24,"Actual Startup Time": 10104.052,"Actual Total Time": 10275.739,"Actual Rows": 2,"Actual Loops": 4,"Inner Unique": true,"Hash Cond": "(orders.o_orderkey = lineitem_1.l_orderkey)","Workers": [],"Plans": [{"Node Type": "Seq Scan","Parent Relationship": "Outer","Parallel Aware": true,"Async Capable": false,"Relation Name": "orders","Alias": "orders","Startup Cost": 0.00,"Total Cost": 30933.71,"Plan Rows": 483871,"Plan Width": 20,"Actual Startup Time": 0.007,"Actual Total Time": 53.689,"Actual Rows": 375000,"Actual Loops": 4,"Workers": []},{"Node Type": "Hash","Parent Relationship": "Inner","Parallel Aware": false,"Async Capable": false,"Startup Cost": 209052.81,"Total Cost": 209052.81,"Plan Rows": 118756,"Plan Width": 4,"Actual Startup Time": 10025.157,"Actual Total Time": 10025.166,"Actual Rows": 9,"Actual Loops": 4,"Hash Buckets": 131072,"Original Hash Buckets": 131072,"Hash Batches": 1,"Original Hash Batches": 1,"Peak Memory Usage": 1025,"Workers": [],"Plans": [{"Node Type": "Aggregate","Strategy": "Hashed","Partial Mode": "Simple","Parent Relationship": "Outer","Parallel Aware": false,"Async Capable": false,"Startup Cost": 202521.23,"Total Cost": 207865.25,"Plan Rows": 118756,"Plan Width": 4,"Actual Startup Time": 6285.839,"Actual Total Time": 10024.981,"Actual Rows": 9,"Actual Loops": 4,"Group Key": ["lineitem_1.l_orderkey"],"Filter": "(sum(lineitem_1.l_quantity) > '314'::numeric)","Planned Partitions": 0,"HashAgg Batches": 1,"Peak Memory Usage": 638993,"Disk Usage": 0,"Rows Removed by Filter": 1499991,"Workers": [{"Worker Number": 0,"HashAgg Batches": 1,"Peak Memory Usage": 638993,"Disk Usage": 0},{"Worker Number": 1,"HashAgg Batches": 1,"Peak Memory Usage": 638993,"Disk Usage": 0},{"Worker Number": 2,"HashAgg Batches": 1,"Peak Memory Usage": 638993,"Disk Usage": 0}],"Plans": [{"Node Type": "Seq Scan","Parent Relationship": "Outer","Parallel Aware": false,"Async Capable": false,"Relation Name": "lineitem","Alias": "lineitem_1","Startup Cost": 0.00,"Total Cost": 172515.15,"Plan Rows": 6001215,"Plan Width": 9,"Actual Startup Time": 0.019,"Actual Total Time": 931.752,"Actual Rows": 6001215,"Actual Loops": 4,"Workers": []}]}]}]},{"Node Type": "Index Scan","Parent Relationship": "Inner","Parallel Aware": false,"Async Capable": false,"Scan Direction": "Forward","Index Name": "idx_lineitem_orderkey","Relation Name": "lineitem","Alias": "lineitem","Startup Cost": 0.43,"Total Cost": 1.06,"Plan Rows": 17,"Plan Width": 9,"Actual Startup Time": 0.055,"Actual Total Time": 0.062,"Actual Rows": 7,"Actual Loops": 9,"Index Cond": "(l_orderkey = orders.o_orderkey)","Rows Removed by Index Recheck": 0,"Workers": []}]},{"Node Type": "Hash","Parent Relationship": "Inner","Parallel Aware": true,"Async Capable": false,"Startup Cost": 4210.00,"Total Cost": 4210.00,"Plan Rows": 62500,"Plan Width": 23,"Actual Startup Time": 36.172,"Actual Total Time": 36.190,"Actual Rows": 37500,"Actual Loops": 4,"Hash Buckets": 262144,"Original Hash Buckets": 262144,"Hash Batches": 1,"Original Hash Batches": 1,"Peak Memory Usage": 10336,"Workers": [],"Plans": [{"Node Type": "Seq Scan","Parent Relationship": "Outer","Parallel Aware": true,"Async Capable": false,"Relation Name": "customer","Alias": "customer","Startup Cost": 0.00,"Total Cost": 4210.00,"Plan Rows": 62500,"Plan Width": 23,"Actual Startup Time": 0.024,"Actual Total Time": 17.933,"Actual Rows": 37500,"Actual Loops": 4,"Workers": []}]}]}]}]}]},"Planning Time": 6.881,"Triggers": [],"Execution Time": 10893.482}]
[{"Plan": {"Node Type": "Sort","Parallel Aware": false,"Async Capable": false,"Startup Cost": 397889.21,"Total Cost": 399077.01,"Plan Rows": 475120,"Plan Width": 71,"Actual Startup Time": 10950.105,"Actual Total Time": 10953.954,"Actual Rows": 9,"Actual Loops": 1,"Sort Key": ["orders.o_totalprice DESC", "orders.o_orderdate"],"Sort Method": "quicksort","Sort Space Used": 25,"Sort Space Type": "Memory","Plans": [{"Node Type": "Aggregate","Strategy": "Hashed","Partial Mode": "Simple","Parent Relationship": "Outer","Parallel Aware": false,"Async Capable": false,"Startup Cost": 347151.30,"Total Cost": 353090.30,"Plan Rows": 475120,"Plan Width": 71,"Actual Startup Time": 10902.471,"Actual Total Time": 10953.715,"Actual Rows": 9,"Actual Loops": 1,"Group Key": ["customer.c_custkey", "orders.o_orderkey"],"Planned Partitions": 0,"HashAgg Batches": 1,"Peak Memory Usage": 24601,"Disk Usage": 0,"Plans": [{"Node Type": "Gather","Parent Relationship": "Outer","Parallel Aware": false,"Async Capable": false,"Startup Cost": 216528.94,"Total Cost": 343587.90,"Plan Rows": 475120,"Plan Width": 44,"Actual Startup Time": 10893.800,"Actual Total Time": 10897.693,"Actual Rows": 63,"Actual Loops": 1,"Workers Planned": 3,"Workers Launched": 3,"Single Copy": false,"Plans": [{"Node Type": "Hash Join","Parent Relationship": "Outer","Parallel Aware": true,"Async Capable": false,"Join Type": "Inner","Startup Cost": 215528.94,"Total Cost": 295075.90,"Plan Rows": 153265,"Plan Width": 44,"Actual Startup Time": 10134.253,"Actual Total Time": 10314.794,"Actual Rows": 16,"Actual Loops": 4,"Inner Unique": true,"Hash Cond": "(orders.o_custkey = customer.c_custkey)","Workers": [],"Plans": [{"Node Type": "Nested Loop","Parent Relationship": "Outer","Parallel Aware": false,"Async Capable": false,"Join Type": "Inner","Startup Cost": 210537.69,"Total Cost": 289682.32,"Plan Rows": 153265,"Plan Width": 25,"Actual Startup Time": 10099.687,"Actual Total Time": 10280.153,"Actual Rows": 16,"Actual Loops": 4,"Inner Unique": false,"Workers": [],"Plans": [{"Node Type": "Hash Join","Parent Relationship": "Outer","Parallel Aware": false,"Async Capable": false,"Join Type": "Inner","Startup Cost": 210537.26,"Total Cost": 242741.13,"Plan Rows": 38308,"Plan Width": 24,"Actual Startup Time": 10099.575,"Actual Total Time": 10279.892,"Actual Rows": 2,"Actual Loops": 4,"Inner Unique": true,"Hash Cond": "(orders.o_orderkey = lineitem_1.l_orderkey)","Workers": [],"Plans": [{"Node Type": "Seq Scan","Parent Relationship": "Outer","Parallel Aware": true,"Async Capable": false,"Relation Name": "orders","Alias": "orders","Startup Cost": 0.00,"Total Cost": 30933.71,"Plan Rows": 483871,"Plan Width": 20,"Actual Startup Time": 0.011,"Actual Total Time": 51.627,"Actual Rows": 375000,"Actual Loops": 4,"Workers": []},{"Node Type": "Hash","Parent Relationship": "Inner","Parallel Aware": false,"Async Capable": false,"Startup Cost": 209052.81,"Total Cost": 209052.81,"Plan Rows": 118756,"Plan Width": 4,"Actual Startup Time": 10016.825,"Actual Total Time": 10016.839,"Actual Rows": 9,"Actual Loops": 4,"Hash Buckets": 131072,"Original Hash Buckets": 131072,"Hash Batches": 1,"Original Hash Batches": 1,"Peak Memory Usage": 1025,"Workers": [],"Plans": [{"Node Type": "Aggregate","Strategy": "Hashed","Partial Mode": "Simple","Parent Relationship": "Outer","Parallel Aware": false,"Async Capable": false,"Startup Cost": 202521.23,"Total Cost": 207865.25,"Plan Rows": 118756,"Plan Width": 4,"Actual Startup Time": 6319.140,"Actual Total Time": 10016.671,"Actual Rows": 9,"Actual Loops": 4,"Group Key": ["lineitem_1.l_orderkey"],"Filter": "(sum(lineitem_1.l_quantity) > '315'::numeric)","Planned Partitions": 0,"HashAgg Batches": 1,"Peak Memory Usage": 638993,"Disk Usage": 0,"Rows Removed by Filter": 1499991,"Workers": [{"Worker Number": 0,"HashAgg Batches": 1,"Peak Memory Usage": 638993,"Disk Usage": 0},{"Worker Number": 1,"HashAgg Batches": 1,"Peak Memory Usage": 638993,"Disk Usage": 0},{"Worker Number": 2,"HashAgg Batches": 1,"Peak Memory Usage": 638993,"Disk Usage": 0}],"Plans": [{"Node Type": "Seq Scan","Parent Relationship": "Outer","Parallel Aware": false,"Async Capable": false,"Relation Name": "lineitem","Alias": "lineitem_1","Startup Cost": 0.00,"Total Cost": 172515.15,"Plan Rows": 6001215,"Plan Width": 9,"Actual Startup Time": 0.018,"Actual Total Time": 971.843,"Actual Rows": 6001215,"Actual Loops": 4,"Workers": []}]}]}]},{"Node Type": "Index Scan","Parent Relationship": "Inner","Parallel Aware": false,"Async Capable": false,"Scan Direction": "Forward","Index Name": "idx_lineitem_orderkey","Relation Name": "lineitem","Alias": "lineitem","Startup Cost": 0.43,"Total Cost": 1.06,"Plan Rows": 17,"Plan Width": 9,"Actual Startup Time": 0.069,"Actual Total Time": 0.079,"Actual Rows": 7,"Actual Loops": 9,"Index Cond": "(l_orderkey = orders.o_orderkey)","Rows Removed by Index Recheck": 0,"Workers": []}]},{"Node Type": "Hash","Parent Relationship": "Inner","Parallel Aware": true,"Async Capable": false,"Startup Cost": 4210.00,"Total Cost": 4210.00,"Plan Rows": 62500,"Plan Width": 23,"Actual Startup Time": 33.677,"Actual Total Time": 33.684,"Actual Rows": 37500,"Actual Loops": 4,"Hash Buckets": 262144,"Original Hash Buckets": 262144,"Hash Batches": 1,"Original Hash Batches": 1,"Peak Memory Usage": 10368,"Workers": [],"Plans": [{"Node Type": "Seq Scan","Parent Relationship": "Outer","Parallel Aware": true,"Async Capable": false,"Relation Name": "customer","Alias": "customer","Startup Cost": 0.00,"Total Cost": 4210.00,"Plan Rows": 62500,"Plan Width": 23,"Actual Startup Time": 0.019,"Actual Total Time": 16.715,"Actual Rows": 37500,"Actual Loops": 4,"Workers": []}]}]}]}]}]},"Planning Time": 6.132,"Triggers": [],"Execution Time": 11002.531}]
[{"Plan": {"Node Type": "Sort","Parallel Aware": false,"Async Capable": false,"Startup Cost": 397889.21,"Total Cost": 399077.01,"Plan Rows": 475120,"Plan Width": 71,"Actual Startup Time": 10785.011,"Actual Total Time": 10839.032,"Actual Rows": 9,"Actual Loops": 1,"Sort Key": ["orders.o_totalprice DESC", "orders.o_orderdate"],"Sort Method": "quicksort","Sort Space Used": 25,"Sort Space Type": "Memory","Plans": [{"Node Type": "Aggregate","Strategy": "Hashed","Partial Mode": "Simple","Parent Relationship": "Outer","Parallel Aware": false,"Async Capable": false,"Startup Cost": 347151.30,"Total Cost": 353090.30,"Plan Rows": 475120,"Plan Width": 71,"Actual Startup Time": 10763.855,"Actual Total Time": 10838.848,"Actual Rows": 9,"Actual Loops": 1,"Group Key": ["customer.c_custkey", "orders.o_orderkey"],"Planned Partitions": 0,"HashAgg Batches": 1,"Peak Memory Usage": 24601,"Disk Usage": 0,"Plans": [{"Node Type": "Gather","Parent Relationship": "Outer","Parallel Aware": false,"Async Capable": false,"Startup Cost": 216528.94,"Total Cost": 343587.90,"Plan Rows": 475120,"Plan Width": 44,"Actual Startup Time": 9674.071,"Actual Total Time": 10813.470,"Actual Rows": 63,"Actual Loops": 1,"Workers Planned": 3,"Workers Launched": 3,"Single Copy": false,"Plans": [{"Node Type": "Hash Join","Parent Relationship": "Outer","Parallel Aware": true,"Async Capable": false,"Join Type": "Inner","Startup Cost": 215528.94,"Total Cost": 295075.90,"Plan Rows": 153265,"Plan Width": 44,"Actual Startup Time": 10141.072,"Actual Total Time": 10312.965,"Actual Rows": 16,"Actual Loops": 4,"Inner Unique": true,"Hash Cond": "(orders.o_custkey = customer.c_custkey)","Workers": [],"Plans": [{"Node Type": "Nested Loop","Parent Relationship": "Outer","Parallel Aware": false,"Async Capable": false,"Join Type": "Inner","Startup Cost": 210537.69,"Total Cost": 289682.32,"Plan Rows": 153265,"Plan Width": 25,"Actual Startup Time": 10104.129,"Actual Total Time": 10275.947,"Actual Rows": 16,"Actual Loops": 4,"Inner Unique": false,"Workers": [],"Plans": [{"Node Type": "Hash Join","Parent Relationship": "Outer","Parallel Aware": false,"Async Capable": false,"Join Type": "Inner","Startup Cost": 210537.26,"Total Cost": 242741.13,"Plan Rows": 38308,"Plan Width": 24,"Actual Startup Time": 10104.052,"Actual Total Time": 10275.739,"Actual Rows": 2,"Actual Loops": 4,"Inner Unique": true,"Hash Cond": "(orders.o_orderkey = lineitem_1.l_orderkey)","Workers": [],"Plans": [{"Node Type": "Seq Scan","Parent Relationship": "Outer","Parallel Aware": true,"Async Capable": false,"Relation Name": "orders","Alias": "orders","Startup Cost": 0.00,"Total Cost": 30933.71,"Plan Rows": 483871,"Plan Width": 20,"Actual Startup Time": 0.007,"Actual Total Time": 53.689,"Actual Rows": 375000,"Actual Loops": 4,"Workers": []},{"Node Type": "Hash","Parent Relationship": "Inner","Parallel Aware": false,"Async Capable": false,"Startup Cost": 209052.81,"Total Cost": 209052.81,"Plan Rows": 118756,"Plan Width": 4,"Actual Startup Time": 10025.157,"Actual Total Time": 10025.166,"Actual Rows": 9,"Actual Loops": 4,"Hash Buckets": 131072,"Original Hash Buckets": 131072,"Hash Batches": 1,"Original Hash Batches": 1,"Peak Memory Usage": 1025,"Workers": [],"Plans": [{"Node Type": "Aggregate","Strategy": "Hashed","Partial Mode": "Simple","Parent Relationship": "Outer","Parallel Aware": false,"Async Capable": false,"Startup Cost": 202521.23,"Total Cost": 207865.25,"Plan Rows": 118756,"Plan Width": 4,"Actual Startup Time": 6285.839,"Actual Total Time": 10024.981,"Actual Rows": 9,"Actual Loops": 4,"Group Key": ["lineitem_1.l_orderkey"],"Filter": "(sum(lineitem_1.l_quantity) > '314'::numeric)","Planned Partitions": 0,"HashAgg Batches": 1,"Peak Memory Usage": 638993,"Disk Usage": 0,"Rows Removed by Filter": 1499991,"Workers": [{"Worker Number": 0,"HashAgg Batches": 1,"Peak Memory Usage": 638993,"Disk Usage": 0},{"Worker Number": 1,"HashAgg Batches": 1,"Peak Memory Usage": 638993,"Disk Usage": 0},{"Worker Number": 2,"HashAgg Batches": 1,"Peak Memory Usage": 638993,"Disk Usage": 0}],"Plans": [{"Node Type": "Seq Scan","Parent Relationship": "Outer","Parallel Aware": false,"Async Capable": false,"Relation Name": "lineitem","Alias": "lineitem_1","Startup Cost": 0.00,"Total Cost": 172515.15,"Plan Rows": 6001215,"Plan Width": 9,"Actual Startup Time": 0.019,"Actual Total Time": 931.752,"Actual Rows": 6001215,"Actual Loops": 4,"Workers": []}]}]}]},{"Node Type": "Index Scan","Parent Relationship": "Inner","Parallel Aware": false,"Async Capable": false,"Scan Direction": "Forward","Index Name": "idx_lineitem_orderkey","Relation Name": "lineitem","Alias": "lineitem","Startup Cost": 0.43,"Total Cost": 1.06,"Plan Rows": 17,"Plan Width": 9,"Actual Startup Time": 0.055,"Actual Total Time": 0.062,"Actual Rows": 7,"Actual Loops": 9,"Index Cond": "(l_orderkey = orders.o_orderkey)","Rows Removed by Index Recheck": 0,"Workers": []}]},{"Node Type": "Hash","Parent Relationship": "Inner","Parallel Aware": true,"Async Capable": false,"Startup Cost": 4210.00,"Total Cost": 4210.00,"Plan Rows": 62500,"Plan Width": 23,"Actual Startup Time": 36.172,"Actual Total Time": 36.190,"Actual Rows": 37500,"Actual Loops": 4,"Hash Buckets": 262144,"Original Hash Buckets": 262144,"Hash Batches": 1,"Original Hash Batches": 1,"Peak Memory Usage": 10336,"Workers": [],"Plans": [{"Node Type": "Seq Scan","Parent Relationship": "Outer","Parallel Aware": true,"Async Capable": false,"Relation Name": "customer","Alias": "customer","Startup Cost": 0.00,"Total Cost": 4210.00,"Plan Rows": 62500,"Plan Width": 23,"Actual Startup Time": 0.024,"Actual Total Time": 17.933,"Actual Rows": 37500,"Actual Loops": 4,"Workers": []}]}]}]}]}]},"Planning Time": 6.881,"Triggers": [],"Execution Time": 10893.482}]
[{"Plan": {"Node Type": "Sort","Parallel Aware": false,"Async Capable": false,"Startup Cost": 397889.21,"Total Cost": 399077.01,"Plan Rows": 475120,"Plan Width": 71,"Actual Startup Time": 10345.847,"Actual Total Time": 10377.998,"Actual Rows": 9,"Actual Loops": 1,"Sort Key": ["orders.o_totalprice DESC", "orders.o_orderdate"],"Sort Method": "quicksort","Sort Space Used": 25,"Sort Space Type": "Memory","Plans": [{"Node Type": "Aggregate","Strategy": "Hashed","Partial Mode": "Simple","Parent Relationship": "Outer","Parallel Aware": false,"Async Capable": false,"Startup Cost": 347151.30,"Total Cost": 353090.30,"Plan Rows": 475120,"Plan Width": 71,"Actual Startup Time": 10329.232,"Actual Total Time": 10377.856,"Actual Rows": 9,"Actual Loops": 1,"Group Key": ["customer.c_custkey", "orders.o_orderkey"],"Planned Partitions": 0,"HashAgg Batches": 1,"Peak Memory Usage": 24601,"Disk Usage": 0,"Plans": [{"Node Type": "Gather","Parent Relationship": "Outer","Parallel Aware": false,"Async Capable": false,"Startup Cost": 216528.94,"Total Cost": 343587.90,"Plan Rows": 475120,"Plan Width": 44,"Actual Startup Time": 10053.961,"Actual Total Time": 10357.615,"Actual Rows": 63,"Actual Loops": 1,"Workers Planned": 3,"Workers Launched": 3,"Single Copy": false,"Plans": [{"Node Type": "Hash Join","Parent Relationship": "Outer","Parallel Aware": true,"Async Capable": false,"Join Type": "Inner","Startup Cost": 215528.94,"Total Cost": 295075.90,"Plan Rows": 153265,"Plan Width": 44,"Actual Startup Time": 10157.696,"Actual Total Time": 10258.651,"Actual Rows": 16,"Actual Loops": 4,"Inner Unique": true,"Hash Cond": "(orders.o_custkey = customer.c_custkey)","Workers": [],"Plans": [{"Node Type": "Nested Loop","Parent Relationship": "Outer","Parallel Aware": false,"Async Capable": false,"Join Type": "Inner","Startup Cost": 210537.69,"Total Cost": 289682.32,"Plan Rows": 153265,"Plan Width": 25,"Actual Startup Time": 10123.332,"Actual Total Time": 10224.239,"Actual Rows": 16,"Actual Loops": 4,"Inner Unique": false,"Workers": [],"Plans": [{"Node Type": "Hash Join","Parent Relationship": "Outer","Parallel Aware": false,"Async Capable": false,"Join Type": "Inner","Startup Cost": 210537.26,"Total Cost": 242741.13,"Plan Rows": 38308,"Plan Width": 24,"Actual Startup Time": 10123.186,"Actual Total Time": 10223.998,"Actual Rows": 2,"Actual Loops": 4,"Inner Unique": true,"Hash Cond": "(orders.o_orderkey = lineitem_1.l_orderkey)","Workers": [],"Plans": [{"Node Type": "Seq Scan","Parent Relationship": "Outer","Parallel Aware": true,"Async Capable": false,"Relation Name": "orders","Alias": "orders","Startup Cost": 0.00,"Total Cost": 30933.71,"Plan Rows": 483871,"Plan Width": 20,"Actual Startup Time": 0.011,"Actual Total Time": 49.852,"Actual Rows": 375000,"Actual Loops": 4,"Workers": []},{"Node Type": "Hash","Parent Relationship": "Inner","Parallel Aware": false,"Async Capable": false,"Startup Cost": 209052.81,"Total Cost": 209052.81,"Plan Rows": 118756,"Plan Width": 4,"Actual Startup Time": 10005.666,"Actual Total Time": 10005.673,"Actual Rows": 9,"Actual Loops": 4,"Hash Buckets": 131072,"Original Hash Buckets": 131072,"Hash Batches": 1,"Original Hash Batches": 1,"Peak Memory Usage": 1025,"Workers": [],"Plans": [{"Node Type": "Aggregate","Strategy": "Hashed","Partial Mode": "Simple","Parent Relationship": "Outer","Parallel Aware": false,"Async Capable": false,"Startup Cost": 202521.23,"Total Cost": 207865.25,"Plan Rows": 118756,"Plan Width": 4,"Actual Startup Time": 6310.010,"Actual Total Time": 10005.543,"Actual Rows": 9,"Actual Loops": 4,"Group Key": ["lineitem_1.l_orderkey"],"Filter": "(sum(lineitem_1.l_quantity) > '313'::numeric)","Planned Partitions": 0,"HashAgg Batches": 1,"Peak Memory Usage": 638993,"Disk Usage": 0,"Rows Removed by Filter": 1499991,"Workers": [{"Worker Number": 0,"HashAgg Batches": 1,"Peak Memory Usage": 638993,"Disk Usage": 0},{"Worker Number": 1,"HashAgg Batches": 1,"Peak Memory Usage": 638993,"Disk Usage": 0},{"Worker Number": 2,"HashAgg Batches": 1,"Peak Memory Usage": 638993,"Disk Usage": 0}],"Plans": [{"Node Type": "Seq Scan","Parent Relationship": "Outer","Parallel Aware": false,"Async Capable": false,"Relation Name": "lineitem","Alias": "lineitem_1","Startup Cost": 0.00,"Total Cost": 172515.15,"Plan Rows": 6001215,"Plan Width": 9,"Actual Startup Time": 0.020,"Actual Total Time": 994.479,"Actual Rows": 6001215,"Actual Loops": 4,"Workers": []}]}]}]},{"Node Type": "Index Scan","Parent Relationship": "Inner","Parallel Aware": false,"Async Capable": false,"Scan Direction": "Forward","Index Name": "idx_lineitem_orderkey","Relation Name": "lineitem","Alias": "lineitem","Startup Cost": 0.43,"Total Cost": 1.06,"Plan Rows": 17,"Plan Width": 9,"Actual Startup Time": 0.068,"Actual Total Time": 0.075,"Actual Rows": 7,"Actual Loops": 9,"Index Cond": "(l_orderkey = orders.o_orderkey)","Rows Removed by Index Recheck": 0,"Workers": []}]},{"Node Type": "Hash","Parent Relationship": "Inner","Parallel Aware": true,"Async Capable": false,"Startup Cost": 4210.00,"Total Cost": 4210.00,"Plan Rows": 62500,"Plan Width": 23,"Actual Startup Time": 33.578,"Actual Total Time": 33.582,"Actual Rows": 37500,"Actual Loops": 4,"Hash Buckets": 262144,"Original Hash Buckets": 262144,"Hash Batches": 1,"Original Hash Batches": 1,"Peak Memory Usage": 10336,"Workers": [],"Plans": [{"Node Type": "Seq Scan","Parent Relationship": "Outer","Parallel Aware": true,"Async Capable": false,"Relation Name": "customer","Alias": "customer","Startup Cost": 0.00,"Total Cost": 4210.00,"Plan Rows": 62500,"Plan Width": 23,"Actual Startup Time": 0.023,"Actual Total Time": 16.777,"Actual Rows": 37500,"Actual Loops": 4,"Workers": []}]}]}]}]}]},"Planning Time": 6.662,"Triggers": [],"Execution Time": 10430.266}]
[{"Plan": {"Node Type": "Sort","Parallel Aware": false,"Async Capable": false,"Startup Cost": 397889.21,"Total Cost": 399077.01,"Plan Rows": 475120,"Plan Width": 71,"Actual Startup Time": 10950.105,"Actual Total Time": 10953.954,"Actual Rows": 9,"Actual Loops": 1,"Sort Key": ["orders.o_totalprice DESC", "orders.o_orderdate"],"Sort Method": "quicksort","Sort Space Used": 25,"Sort Space Type": "Memory","Plans": [{"Node Type": "Aggregate","Strategy": "Hashed","Partial Mode": "Simple","Parent Relationship": "Outer","Parallel Aware": false,"Async Capable": false,"Startup Cost": 347151.30,"Total Cost": 353090.30,"Plan Rows": 475120,"Plan Width": 71,"Actual Startup Time": 10902.471,"Actual Total Time": 10953.715,"Actual Rows": 9,"Actual Loops": 1,"Group Key": ["customer.c_custkey", "orders.o_orderkey"],"Planned Partitions": 0,"HashAgg Batches": 1,"Peak Memory Usage": 24601,"Disk Usage": 0,"Plans": [{"Node Type": "Gather","Parent Relationship": "Outer","Parallel Aware": false,"Async Capable": false,"Startup Cost": 216528.94,"Total Cost": 343587.90,"Plan Rows": 475120,"Plan Width": 44,"Actual Startup Time": 10893.800,"Actual Total Time": 10897.693,"Actual Rows": 63,"Actual Loops": 1,"Workers Planned": 3,"Workers Launched": 3,"Single Copy": false,"Plans": [{"Node Type": "Hash Join","Parent Relationship": "Outer","Parallel Aware": true,"Async Capable": false,"Join Type": "Inner","Startup Cost": 215528.94,"Total Cost": 295075.90,"Plan Rows": 153265,"Plan Width": 44,"Actual Startup Time": 10134.253,"Actual Total Time": 10314.794,"Actual Rows": 16,"Actual Loops": 4,"Inner Unique": true,"Hash Cond": "(orders.o_custkey = customer.c_custkey)","Workers": [],"Plans": [{"Node Type": "Nested Loop","Parent Relationship": "Outer","Parallel Aware": false,"Async Capable": false,"Join Type": "Inner","Startup Cost": 210537.69,"Total Cost": 289682.32,"Plan Rows": 153265,"Plan Width": 25,"Actual Startup Time": 10099.687,"Actual Total Time": 10280.153,"Actual Rows": 16,"Actual Loops": 4,"Inner Unique": false,"Workers": [],"Plans": [{"Node Type": "Hash Join","Parent Relationship": "Outer","Parallel Aware": false,"Async Capable": false,"Join Type": "Inner","Startup Cost": 210537.26,"Total Cost": 242741.13,"Plan Rows": 38308,"Plan Width": 24,"Actual Startup Time": 10099.575,"Actual Total Time": 10279.892,"Actual Rows": 2,"Actual Loops": 4,"Inner Unique": true,"Hash Cond": "(orders.o_orderkey = lineitem_1.l_orderkey)","Workers": [],"Plans": [{"Node Type": "Seq Scan","Parent Relationship": "Outer","Parallel Aware": true,"Async Capable": false,"Relation Name": "orders","Alias": "orders","Startup Cost": 0.00,"Total Cost": 30933.71,"Plan Rows": 483871,"Plan Width": 20,"Actual Startup Time": 0.011,"Actual Total Time": 51.627,"Actual Rows": 375000,"Actual Loops": 4,"Workers": []},{"Node Type": "Hash","Parent Relationship": "Inner","Parallel Aware": false,"Async Capable": false,"Startup Cost": 209052.81,"Total Cost": 209052.81,"Plan Rows": 118756,"Plan Width": 4,"Actual Startup Time": 10016.825,"Actual Total Time": 10016.839,"Actual Rows": 9,"Actual Loops": 4,"Hash Buckets": 131072,"Original Hash Buckets": 131072,"Hash Batches": 1,"Original Hash Batches": 1,"Peak Memory Usage": 1025,"Workers": [],"Plans": [{"Node Type": "Aggregate","Strategy": "Hashed","Partial Mode": "Simple","Parent Relationship": "Outer","Parallel Aware": false,"Async Capable": false,"Startup Cost": 202521.23,"Total Cost": 207865.25,"Plan Rows": 118756,"Plan Width": 4,"Actual Startup Time": 6319.140,"Actual Total Time": 10016.671,"Actual Rows": 9,"Actual Loops": 4,"Group Key": ["lineitem_1.l_orderkey"],"Filter": "(sum(lineitem_1.l_quantity) > '315'::numeric)","Planned Partitions": 0,"HashAgg Batches": 1,"Peak Memory Usage": 638993,"Disk Usage": 0,"Rows Removed by Filter": 1499991,"Workers": [{"Worker Number": 0,"HashAgg Batches": 1,"Peak Memory Usage": 638993,"Disk Usage": 0},{"Worker Number": 1,"HashAgg Batches": 1,"Peak Memory Usage": 638993,"Disk Usage": 0},{"Worker Number": 2,"HashAgg Batches": 1,"Peak Memory Usage": 638993,"Disk Usage": 0}],"Plans": [{"Node Type": "Seq Scan","Parent Relationship": "Outer","Parallel Aware": false,"Async Capable": false,"Relation Name": "lineitem","Alias": "lineitem_1","Startup Cost": 0.00,"Total Cost": 172515.15,"Plan Rows": 6001215,"Plan Width": 9,"Actual Startup Time": 0.018,"Actual Total Time": 971.843,"Actual Rows": 6001215,"Actual Loops": 4,"Workers": []}]}]}]},{"Node Type": "Index Scan","Parent Relationship": "Inner","Parallel Aware": false,"Async Capable": false,"Scan Direction": "Forward","Index Name": "idx_lineitem_orderkey","Relation Name": "lineitem","Alias": "lineitem","Startup Cost": 0.43,"Total Cost": 1.06,"Plan Rows": 17,"Plan Width": 9,"Actual Startup Time": 0.069,"Actual Total Time": 0.079,"Actual Rows": 7,"Actual Loops": 9,"Index Cond": "(l_orderkey = orders.o_orderkey)","Rows Removed by Index Recheck": 0,"Workers": []}]},{"Node Type": "Hash","Parent Relationship": "Inner","Parallel Aware": true,"Async Capable": false,"Startup Cost": 4210.00,"Total Cost": 4210.00,"Plan Rows": 62500,"Plan Width": 23,"Actual Startup Time": 33.677,"Actual Total Time": 33.684,"Actual Rows": 37500,"Actual Loops": 4,"Hash Buckets": 262144,"Original Hash Buckets": 262144,"Hash Batches": 1,"Original Hash Batches": 1,"Peak Memory Usage": 10368,"Workers": [],"Plans": [{"Node Type": "Seq Scan","Parent Relationship": "Outer","Parallel Aware": true,"Async Capable": false,"Relation Name": "customer","Alias": "customer","Startup Cost": 0.00,"Total Cost": 4210.00,"Plan Rows": 62500,"Plan Width": 23,"Actual Startup Time": 0.019,"Actual Total Time": 16.715,"Actual Rows": 37500,"Actual Loops": 4,"Workers": []}]}]}]}]}]},"Planning Time": 6.132,"Triggers": [],"Execution Time": 11002.531}]
[{"Plan": {"Node Type": "Sort","Parallel Aware": false,"Async Capable": false,"Startup Cost": 397889.21,"Total Cost": 399077.01,"Plan Rows": 475120,"Plan Width": 71,"Actual Startup Time": 10887.509,"Actual Total Time": 10908.132,"Actual Rows": 10,"Actual Loops": 1,"Sort Key": ["orders.o_totalprice DESC", "orders.o_orderdate"],"Sort Method": "quicksort","Sort Space Used": 25,"Sort Space Type": "Memory","Plans": [{"Node Type": "Aggregate","Strategy": "Hashed","Partial Mode": "Simple","Parent Relationship": "Outer","Parallel Aware": false,"Async Capable": false,"Startup Cost": 347151.30,"Total Cost": 353090.30,"Plan Rows": 475120,"Plan Width": 71,"Actual Startup Time": 10848.812,"Actual Total Time": 10907.941,"Actual Rows": 10,"Actual Loops": 1,"Group Key": ["customer.c_custkey", "orders.o_orderkey"],"Planned Partitions": 0,"HashAgg Batches": 1,"Peak Memory Usage": 24601,"Disk Usage": 0,"Plans": [{"Node Type": "Gather","Parent Relationship": "Outer","Parallel Aware": false,"Async Capable": false,"Startup Cost": 216528.94,"Total Cost": 343587.90,"Plan Rows": 475120,"Plan Width": 44,"Actual Startup Time": 10782.037,"Actual Total Time": 10858.151,"Actual Rows": 70,"Actual Loops": 1,"Workers Planned": 3,"Workers Launched": 3,"Single Copy": false,"Plans": [{"Node Type": "Hash Join","Parent Relationship": "Outer","Parallel Aware": true,"Async Capable": false,"Join Type": "Inner","Startup Cost": 215528.94,"Total Cost": 295075.90,"Plan Rows": 153265,"Plan Width": 44,"Actual Startup Time": 10180.765,"Actual Total Time": 10348.312,"Actual Rows": 18,"Actual Loops": 4,"Inner Unique": true,"Hash Cond": "(orders.o_custkey = customer.c_custkey)","Workers": [],"Plans": [{"Node Type": "Nested Loop","Parent Relationship": "Outer","Parallel Aware": false,"Async Capable": false,"Join Type": "Inner","Startup Cost": 210537.69,"Total Cost": 289682.32,"Plan Rows": 153265,"Plan Width": 25,"Actual Startup Time": 10142.809,"Actual Total Time": 10310.270,"Actual Rows": 18,"Actual Loops": 4,"Inner Unique": false,"Workers": [],"Plans": [{"Node Type": "Hash Join","Parent Relationship": "Outer","Parallel Aware": false,"Async Capable": false,"Join Type": "Inner","Startup Cost": 210537.26,"Total Cost": 242741.13,"Plan Rows": 38308,"Plan Width": 24,"Actual Startup Time": 10142.670,"Actual Total Time": 10309.991,"Actual Rows": 2,"Actual Loops": 4,"Inner Unique": true,"Hash Cond": "(orders.o_orderkey = lineitem_1.l_orderkey)","Workers": [],"Plans": [{"Node Type": "Seq Scan","Parent Relationship": "Outer","Parallel Aware": true,"Async Capable": false,"Relation Name": "orders","Alias": "orders","Startup Cost": 0.00,"Total Cost": 30933.71,"Plan Rows": 483871,"Plan Width": 20,"Actual Startup Time": 0.009,"Actual Total Time": 49.040,"Actual Rows": 375000,"Actual Loops": 4,"Workers": []},{"Node Type": "Hash","Parent Relationship": "Inner","Parallel Aware": false,"Async Capable": false,"Startup Cost": 209052.81,"Total Cost": 209052.81,"Plan Rows": 118756,"Plan Width": 4,"Actual Startup Time": 10075.163,"Actual Total Time": 10075.176,"Actual Rows": 10,"Actual Loops": 4,"Hash Buckets": 131072,"Original Hash Buckets": 131072,"Hash Batches": 1,"Original Hash Batches": 1,"Peak Memory Usage": 1025,"Workers": [],"Plans": [{"Node Type": "Aggregate","Strategy": "Hashed","Partial Mode": "Simple","Parent Relationship": "Outer","Parallel Aware": false,"Async Capable": false,"Startup Cost": 202521.23,"Total Cost": 207865.25,"Plan Rows": 118756,"Plan Width": 4,"Actual Startup Time": 6293.151,"Actual Total Time": 10074.968,"Actual Rows": 10,"Actual Loops": 4,"Group Key": ["lineitem_1.l_orderkey"],"Filter": "(sum(lineitem_1.l_quantity) > '312'::numeric)","Planned Partitions": 0,"HashAgg Batches": 1,"Peak Memory Usage": 638993,"Disk Usage": 0,"Rows Removed by Filter": 1499990,"Workers": [{"Worker Number": 0,"HashAgg Batches": 1,"Peak Memory Usage": 638993,"Disk Usage": 0},{"Worker Number": 1,"HashAgg Batches": 1,"Peak Memory Usage": 638993,"Disk Usage": 0},{"Worker Number": 2,"HashAgg Batches": 1,"Peak Memory Usage": 638993,"Disk Usage": 0}],"Plans": [{"Node Type": "Seq Scan","Parent Relationship": "Outer","Parallel Aware": false,"Async Capable": false,"Relation Name": "lineitem","Alias": "lineitem_1","Startup Cost": 0.00,"Total Cost": 172515.15,"Plan Rows": 6001215,"Plan Width": 9,"Actual Startup Time": 0.021,"Actual Total Time": 960.546,"Actual Rows": 6001215,"Actual Loops": 4,"Workers": []}]}]}]},{"Node Type": "Index Scan","Parent Relationship": "Inner","Parallel Aware": false,"Async Capable": false,"Scan Direction": "Forward","Index Name": "idx_lineitem_orderkey","Relation Name": "lineitem","Alias": "lineitem","Startup Cost": 0.43,"Total Cost": 1.06,"Plan Rows": 17,"Plan Width": 9,"Actual Startup Time": 0.072,"Actual Total Time": 0.079,"Actual Rows": 7,"Actual Loops": 10,"Index Cond": "(l_orderkey = orders.o_orderkey)","Rows Removed by Index Recheck": 0,"Workers": []}]},{"Node Type": "Hash","Parent Relationship": "Inner","Parallel Aware": true,"Async Capable": false,"Startup Cost": 4210.00,"Total Cost": 4210.00,"Plan Rows": 62500,"Plan Width": 23,"Actual Startup Time": 37.105,"Actual Total Time": 37.114,"Actual Rows": 37500,"Actual Loops": 4,"Hash Buckets": 262144,"Original Hash Buckets": 262144,"Hash Batches": 1,"Original Hash Batches": 1,"Peak Memory Usage": 10368,"Workers": [],"Plans": [{"Node Type": "Seq Scan","Parent Relationship": "Outer","Parallel Aware": true,"Async Capable": false,"Relation Name": "customer","Alias": "customer","Startup Cost": 0.00,"Total Cost": 4210.00,"Plan Rows": 62500,"Plan Width": 23,"Actual Startup Time": 0.025,"Actual Total Time": 19.726,"Actual Rows": 37500,"Actual Loops": 4,"Workers": []}]}]}]}]}]},"Planning Time": 6.715,"Triggers": [],"Execution Time": 10961.817}]
[{"Plan": {"Node Type": "Sort","Parallel Aware": false,"Async Capable": false,"Startup Cost": 397889.21,"Total Cost": 399077.01,"Plan Rows": 475120,"Plan Width": 71,"Actual Startup Time": 10785.011,"Actual Total Time": 10839.032,"Actual Rows": 9,"Actual Loops": 1,"Sort Key": ["orders.o_totalprice DESC", "orders.o_orderdate"],"Sort Method": "quicksort","Sort Space Used": 25,"Sort Space Type": "Memory","Plans": [{"Node Type": "Aggregate","Strategy": "Hashed","Partial Mode": "Simple","Parent Relationship": "Outer","Parallel Aware": false,"Async Capable": false,"Startup Cost": 347151.30,"Total Cost": 353090.30,"Plan Rows": 475120,"Plan Width": 71,"Actual Startup Time": 10763.855,"Actual Total Time": 10838.848,"Actual Rows": 9,"Actual Loops": 1,"Group Key": ["customer.c_custkey", "orders.o_orderkey"],"Planned Partitions": 0,"HashAgg Batches": 1,"Peak Memory Usage": 24601,"Disk Usage": 0,"Plans": [{"Node Type": "Gather","Parent Relationship": "Outer","Parallel Aware": false,"Async Capable": false,"Startup Cost": 216528.94,"Total Cost": 343587.90,"Plan Rows": 475120,"Plan Width": 44,"Actual Startup Time": 9674.071,"Actual Total Time": 10813.470,"Actual Rows": 63,"Actual Loops": 1,"Workers Planned": 3,"Workers Launched": 3,"Single Copy": false,"Plans": [{"Node Type": "Hash Join","Parent Relationship": "Outer","Parallel Aware": true,"Async Capable": false,"Join Type": "Inner","Startup Cost": 215528.94,"Total Cost": 295075.90,"Plan Rows": 153265,"Plan Width": 44,"Actual Startup Time": 10141.072,"Actual Total Time": 10312.965,"Actual Rows": 16,"Actual Loops": 4,"Inner Unique": true,"Hash Cond": "(orders.o_custkey = customer.c_custkey)","Workers": [],"Plans": [{"Node Type": "Nested Loop","Parent Relationship": "Outer","Parallel Aware": false,"Async Capable": false,"Join Type": "Inner","Startup Cost": 210537.69,"Total Cost": 289682.32,"Plan Rows": 153265,"Plan Width": 25,"Actual Startup Time": 10104.129,"Actual Total Time": 10275.947,"Actual Rows": 16,"Actual Loops": 4,"Inner Unique": false,"Workers": [],"Plans": [{"Node Type": "Hash Join","Parent Relationship": "Outer","Parallel Aware": false,"Async Capable": false,"Join Type": "Inner","Startup Cost": 210537.26,"Total Cost": 242741.13,"Plan Rows": 38308,"Plan Width": 24,"Actual Startup Time": 10104.052,"Actual Total Time": 10275.739,"Actual Rows": 2,"Actual Loops": 4,"Inner Unique": true,"Hash Cond": "(orders.o_orderkey = lineitem_1.l_orderkey)","Workers": [],"Plans": [{"Node Type": "Seq Scan","Parent Relationship": "Outer","Parallel Aware": true,"Async Capable": false,"Relation Name": "orders","Alias": "orders","Startup Cost": 0.00,"Total Cost": 30933.71,"Plan Rows": 483871,"Plan Width": 20,"Actual Startup Time": 0.007,"Actual Total Time": 53.689,"Actual Rows": 375000,"Actual Loops": 4,"Workers": []},{"Node Type": "Hash","Parent Relationship": "Inner","Parallel Aware": false,"Async Capable": false,"Startup Cost": 209052.81,"Total Cost": 209052.81,"Plan Rows": 118756,"Plan Width": 4,"Actual Startup Time": 10025.157,"Actual Total Time": 10025.166,"Actual Rows": 9,"Actual Loops": 4,"Hash Buckets": 131072,"Original Hash Buckets": 131072,"Hash Batches": 1,"Original Hash Batches": 1,"Peak Memory Usage": 1025,"Workers": [],"Plans": [{"Node Type": "Aggregate","Strategy": "Hashed","Partial Mode": "Simple","Parent Relationship": "Outer","Parallel Aware": false,"Async Capable": false,"Startup Cost": 202521.23,"Total Cost": 207865.25,"Plan Rows": 118756,"Plan Width": 4,"Actual Startup Time": 6285.839,"Actual Total Time": 10024.981,"Actual Rows": 9,"Actual Loops": 4,"Group Key": ["lineitem_1.l_orderkey"],"Filter": "(sum(lineitem_1.l_quantity) > '314'::numeric)","Planned Partitions": 0,"HashAgg Batches": 1,"Peak Memory Usage": 638993,"Disk Usage": 0,"Rows Removed by Filter": 1499991,"Workers": [{"Worker Number": 0,"HashAgg Batches": 1,"Peak Memory Usage": 638993,"Disk Usage": 0},{"Worker Number": 1,"HashAgg Batches": 1,"Peak Memory Usage": 638993,"Disk Usage": 0},{"Worker Number": 2,"HashAgg Batches": 1,"Peak Memory Usage": 638993,"Disk Usage": 0}],"Plans": [{"Node Type": "Seq Scan","Parent Relationship": "Outer","Parallel Aware": false,"Async Capable": false,"Relation Name": "lineitem","Alias": "lineitem_1","Startup Cost": 0.00,"Total Cost": 172515.15,"Plan Rows": 6001215,"Plan Width": 9,"Actual Startup Time": 0.019,"Actual Total Time": 931.752,"Actual Rows": 6001215,"Actual Loops": 4,"Workers": []}]}]}]},{"Node Type": "Index Scan","Parent Relationship": "Inner","Parallel Aware": false,"Async Capable": false,"Scan Direction": "Forward","Index Name": "idx_lineitem_orderkey","Relation Name": "lineitem","Alias": "lineitem","Startup Cost": 0.43,"Total Cost": 1.06,"Plan Rows": 17,"Plan Width": 9,"Actual Startup Time": 0.055,"Actual Total Time": 0.062,"Actual Rows": 7,"Actual Loops": 9,"Index Cond": "(l_orderkey = orders.o_orderkey)","Rows Removed by Index Recheck": 0,"Workers": []}]},{"Node Type": "Hash","Parent Relationship": "Inner","Parallel Aware": true,"Async Capable": false,"Startup Cost": 4210.00,"Total Cost": 4210.00,"Plan Rows": 62500,"Plan Width": 23,"Actual Startup Time": 36.172,"Actual Total Time": 36.190,"Actual Rows": 37500,"Actual Loops": 4,"Hash Buckets": 262144,"Original Hash Buckets": 262144,"Hash Batches": 1,"Original Hash Batches": 1,"Peak Memory Usage": 10336,"Workers": [],"Plans": [{"Node Type": "Seq Scan","Parent Relationship": "Outer","Parallel Aware": true,"Async Capable": false,"Relation Name": "customer","Alias": "customer","Startup Cost": 0.00,"Total Cost": 4210.00,"Plan Rows": 62500,"Plan Width": 23,"Actual Startup Time": 0.024,"Actual Total Time": 17.933,"Actual Rows": 37500,"Actual Loops": 4,"Workers": []}]}]}]}]}]},"Planning Time": 6.881,"Triggers": [],"Execution Time": 10893.482}]
[{"Plan": {"Node Type": "Sort","Parallel Aware": false,"Async Capable": false,"Startup Cost": 397889.21,"Total Cost": 399077.01,"Plan Rows": 475120,"Plan Width": 71,"Actual Startup Time": 10785.011,"Actual Total Time": 10839.032,"Actual Rows": 9,"Actual Loops": 1,"Sort Key": ["orders.o_totalprice DESC", "orders.o_orderdate"],"Sort Method": "quicksort","Sort Space Used": 25,"Sort Space Type": "Memory","Plans": [{"Node Type": "Aggregate","Strategy": "Hashed","Partial Mode": "Simple","Parent Relationship": "Outer","Parallel Aware": false,"Async Capable": false,"Startup Cost": 347151.30,"Total Cost": 353090.30,"Plan Rows": 475120,"Plan Width": 71,"Actual Startup Time": 10763.855,"Actual Total Time": 10838.848,"Actual Rows": 9,"Actual Loops": 1,"Group Key": ["customer.c_custkey", "orders.o_orderkey"],"Planned Partitions": 0,"HashAgg Batches": 1,"Peak Memory Usage": 24601,"Disk Usage": 0,"Plans": [{"Node Type": "Gather","Parent Relationship": "Outer","Parallel Aware": false,"Async Capable": false,"Startup Cost": 216528.94,"Total Cost": 343587.90,"Plan Rows": 475120,"Plan Width": 44,"Actual Startup Time": 9674.071,"Actual Total Time": 10813.470,"Actual Rows": 63,"Actual Loops": 1,"Workers Planned": 3,"Workers Launched": 3,"Single Copy": false,"Plans": [{"Node Type": "Hash Join","Parent Relationship": "Outer","Parallel Aware": true,"Async Capable": false,"Join Type": "Inner","Startup Cost": 215528.94,"Total Cost": 295075.90,"Plan Rows": 153265,"Plan Width": 44,"Actual Startup Time": 10141.072,"Actual Total Time": 10312.965,"Actual Rows": 16,"Actual Loops": 4,"Inner Unique": true,"Hash Cond": "(orders.o_custkey = customer.c_custkey)","Workers": [],"Plans": [{"Node Type": "Nested Loop","Parent Relationship": "Outer","Parallel Aware": false,"Async Capable": false,"Join Type": "Inner","Startup Cost": 210537.69,"Total Cost": 289682.32,"Plan Rows": 153265,"Plan Width": 25,"Actual Startup Time": 10104.129,"Actual Total Time": 10275.947,"Actual Rows": 16,"Actual Loops": 4,"Inner Unique": false,"Workers": [],"Plans": [{"Node Type": "Hash Join","Parent Relationship": "Outer","Parallel Aware": false,"Async Capable": false,"Join Type": "Inner","Startup Cost": 210537.26,"Total Cost": 242741.13,"Plan Rows": 38308,"Plan Width": 24,"Actual Startup Time": 10104.052,"Actual Total Time": 10275.739,"Actual Rows": 2,"Actual Loops": 4,"Inner Unique": true,"Hash Cond": "(orders.o_orderkey = lineitem_1.l_orderkey)","Workers": [],"Plans": [{"Node Type": "Seq Scan","Parent Relationship": "Outer","Parallel Aware": true,"Async Capable": false,"Relation Name": "orders","Alias": "orders","Startup Cost": 0.00,"Total Cost": 30933.71,"Plan Rows": 483871,"Plan Width": 20,"Actual Startup Time": 0.007,"Actual Total Time": 53.689,"Actual Rows": 375000,"Actual Loops": 4,"Workers": []},{"Node Type": "Hash","Parent Relationship": "Inner","Parallel Aware": false,"Async Capable": false,"Startup Cost": 209052.81,"Total Cost": 209052.81,"Plan Rows": 118756,"Plan Width": 4,"Actual Startup Time": 10025.157,"Actual Total Time": 10025.166,"Actual Rows": 9,"Actual Loops": 4,"Hash Buckets": 131072,"Original Hash Buckets": 131072,"Hash Batches": 1,"Original Hash Batches": 1,"Peak Memory Usage": 1025,"Workers": [],"Plans": [{"Node Type": "Aggregate","Strategy": "Hashed","Partial Mode": "Simple","Parent Relationship": "Outer","Parallel Aware": false,"Async Capable": false,"Startup Cost": 202521.23,"Total Cost": 207865.25,"Plan Rows": 118756,"Plan Width": 4,"Actual Startup Time": 6285.839,"Actual Total Time": 10024.981,"Actual Rows": 9,"Actual Loops": 4,"Group Key": ["lineitem_1.l_orderkey"],"Filter": "(sum(lineitem_1.l_quantity) > '314'::numeric)","Planned Partitions": 0,"HashAgg Batches": 1,"Peak Memory Usage": 638993,"Disk Usage": 0,"Rows Removed by Filter": 1499991,"Workers": [{"Worker Number": 0,"HashAgg Batches": 1,"Peak Memory Usage": 638993,"Disk Usage": 0},{"Worker Number": 1,"HashAgg Batches": 1,"Peak Memory Usage": 638993,"Disk Usage": 0},{"Worker Number": 2,"HashAgg Batches": 1,"Peak Memory Usage": 638993,"Disk Usage": 0}],"Plans": [{"Node Type": "Seq Scan","Parent Relationship": "Outer","Parallel Aware": false,"Async Capable": false,"Relation Name": "lineitem","Alias": "lineitem_1","Startup Cost": 0.00,"Total Cost": 172515.15,"Plan Rows": 6001215,"Plan Width": 9,"Actual Startup Time": 0.019,"Actual Total Time": 931.752,"Actual Rows": 6001215,"Actual Loops": 4,"Workers": []}]}]}]},{"Node Type": "Index Scan","Parent Relationship": "Inner","Parallel Aware": false,"Async Capable": false,"Scan Direction": "Forward","Index Name": "idx_lineitem_orderkey","Relation Name": "lineitem","Alias": "lineitem","Startup Cost": 0.43,"Total Cost": 1.06,"Plan Rows": 17,"Plan Width": 9,"Actual Startup Time": 0.055,"Actual Total Time": 0.062,"Actual Rows": 7,"Actual Loops": 9,"Index Cond": "(l_orderkey = orders.o_orderkey)","Rows Removed by Index Recheck": 0,"Workers": []}]},{"Node Type": "Hash","Parent Relationship": "Inner","Parallel Aware": true,"Async Capable": false,"Startup Cost": 4210.00,"Total Cost": 4210.00,"Plan Rows": 62500,"Plan Width": 23,"Actual Startup Time": 36.172,"Actual Total Time": 36.190,"Actual Rows": 37500,"Actual Loops": 4,"Hash Buckets": 262144,"Original Hash Buckets": 262144,"Hash Batches": 1,"Original Hash Batches": 1,"Peak Memory Usage": 10336,"Workers": [],"Plans": [{"Node Type": "Seq Scan","Parent Relationship": "Outer","Parallel Aware": true,"Async Capable": false,"Relation Name": "customer","Alias": "customer","Startup Cost": 0.00,"Total Cost": 4210.00,"Plan Rows": 62500,"Plan Width": 23,"Actual Startup Time": 0.024,"Actual Total Time": 17.933,"Actual Rows": 37500,"Actual Loops": 4,"Workers": []}]}]}]}]}]},"Planning Time": 6.881,"Triggers": [],"Execution Time": 10893.482}]
[{"Plan": {"Node Type": "Sort","Parallel Aware": false,"Async Capable": false,"Startup Cost": 397889.21,"Total Cost": 399077.01,"Plan Rows": 475120,"Plan Width": 71,"Actual Startup Time": 10950.105,"Actual Total Time": 10953.954,"Actual Rows": 9,"Actual Loops": 1,"Sort Key": ["orders.o_totalprice DESC", "orders.o_orderdate"],"Sort Method": "quicksort","Sort Space Used": 25,"Sort Space Type": "Memory","Plans": [{"Node Type": "Aggregate","Strategy": "Hashed","Partial Mode": "Simple","Parent Relationship": "Outer","Parallel Aware": false,"Async Capable": false,"Startup Cost": 347151.30,"Total Cost": 353090.30,"Plan Rows": 475120,"Plan Width": 71,"Actual Startup Time": 10902.471,"Actual Total Time": 10953.715,"Actual Rows": 9,"Actual Loops": 1,"Group Key": ["customer.c_custkey", "orders.o_orderkey"],"Planned Partitions": 0,"HashAgg Batches": 1,"Peak Memory Usage": 24601,"Disk Usage": 0,"Plans": [{"Node Type": "Gather","Parent Relationship": "Outer","Parallel Aware": false,"Async Capable": false,"Startup Cost": 216528.94,"Total Cost": 343587.90,"Plan Rows": 475120,"Plan Width": 44,"Actual Startup Time": 10893.800,"Actual Total Time": 10897.693,"Actual Rows": 63,"Actual Loops": 1,"Workers Planned": 3,"Workers Launched": 3,"Single Copy": false,"Plans": [{"Node Type": "Hash Join","Parent Relationship": "Outer","Parallel Aware": true,"Async Capable": false,"Join Type": "Inner","Startup Cost": 215528.94,"Total Cost": 295075.90,"Plan Rows": 153265,"Plan Width": 44,"Actual Startup Time": 10134.253,"Actual Total Time": 10314.794,"Actual Rows": 16,"Actual Loops": 4,"Inner Unique": true,"Hash Cond": "(orders.o_custkey = customer.c_custkey)","Workers": [],"Plans": [{"Node Type": "Nested Loop","Parent Relationship": "Outer","Parallel Aware": false,"Async Capable": false,"Join Type": "Inner","Startup Cost": 210537.69,"Total Cost": 289682.32,"Plan Rows": 153265,"Plan Width": 25,"Actual Startup Time": 10099.687,"Actual Total Time": 10280.153,"Actual Rows": 16,"Actual Loops": 4,"Inner Unique": false,"Workers": [],"Plans": [{"Node Type": "Hash Join","Parent Relationship": "Outer","Parallel Aware": false,"Async Capable": false,"Join Type": "Inner","Startup Cost": 210537.26,"Total Cost": 242741.13,"Plan Rows": 38308,"Plan Width": 24,"Actual Startup Time": 10099.575,"Actual Total Time": 10279.892,"Actual Rows": 2,"Actual Loops": 4,"Inner Unique": true,"Hash Cond": "(orders.o_orderkey = lineitem_1.l_orderkey)","Workers": [],"Plans": [{"Node Type": "Seq Scan","Parent Relationship": "Outer","Parallel Aware": true,"Async Capable": false,"Relation Name": "orders","Alias": "orders","Startup Cost": 0.00,"Total Cost": 30933.71,"Plan Rows": 483871,"Plan Width": 20,"Actual Startup Time": 0.011,"Actual Total Time": 51.627,"Actual Rows": 375000,"Actual Loops": 4,"Workers": []},{"Node Type": "Hash","Parent Relationship": "Inner","Parallel Aware": false,"Async Capable": false,"Startup Cost": 209052.81,"Total Cost": 209052.81,"Plan Rows": 118756,"Plan Width": 4,"Actual Startup Time": 10016.825,"Actual Total Time": 10016.839,"Actual Rows": 9,"Actual Loops": 4,"Hash Buckets": 131072,"Original Hash Buckets": 131072,"Hash Batches": 1,"Original Hash Batches": 1,"Peak Memory Usage": 1025,"Workers": [],"Plans": [{"Node Type": "Aggregate","Strategy": "Hashed","Partial Mode": "Simple","Parent Relationship": "Outer","Parallel Aware": false,"Async Capable": false,"Startup Cost": 202521.23,"Total Cost": 207865.25,"Plan Rows": 118756,"Plan Width": 4,"Actual Startup Time": 6319.140,"Actual Total Time": 10016.671,"Actual Rows": 9,"Actual Loops": 4,"Group Key": ["lineitem_1.l_orderkey"],"Filter": "(sum(lineitem_1.l_quantity) > '315'::numeric)","Planned Partitions": 0,"HashAgg Batches": 1,"Peak Memory Usage": 638993,"Disk Usage": 0,"Rows Removed by Filter": 1499991,"Workers": [{"Worker Number": 0,"HashAgg Batches": 1,"Peak Memory Usage": 638993,"Disk Usage": 0},{"Worker Number": 1,"HashAgg Batches": 1,"Peak Memory Usage": 638993,"Disk Usage": 0},{"Worker Number": 2,"HashAgg Batches": 1,"Peak Memory Usage": 638993,"Disk Usage": 0}],"Plans": [{"Node Type": "Seq Scan","Parent Relationship": "Outer","Parallel Aware": false,"Async Capable": false,"Relation Name": "lineitem","Alias": "lineitem_1","Startup Cost": 0.00,"Total Cost": 172515.15,"Plan Rows": 6001215,"Plan Width": 9,"Actual Startup Time": 0.018,"Actual Total Time": 971.843,"Actual Rows": 6001215,"Actual Loops": 4,"Workers": []}]}]}]},{"Node Type": "Index Scan","Parent Relationship": "Inner","Parallel Aware": false,"Async Capable": false,"Scan Direction": "Forward","Index Name": "idx_lineitem_orderkey","Relation Name": "lineitem","Alias": "lineitem","Startup Cost": 0.43,"Total Cost": 1.06,"Plan Rows": 17,"Plan Width": 9,"Actual Startup Time": 0.069,"Actual Total Time": 0.079,"Actual Rows": 7,"Actual Loops": 9,"Index Cond": "(l_orderkey = orders.o_orderkey)","Rows Removed by Index Recheck": 0,"Workers": []}]},{"Node Type": "Hash","Parent Relationship": "Inner","Parallel Aware": true,"Async Capable": false,"Startup Cost": 4210.00,"Total Cost": 4210.00,"Plan Rows": 62500,"Plan Width": 23,"Actual Startup Time": 33.677,"Actual Total Time": 33.684,"Actual Rows": 37500,"Actual Loops": 4,"Hash Buckets": 262144,"Original Hash Buckets": 262144,"Hash Batches": 1,"Original Hash Batches": 1,"Peak Memory Usage": 10368,"Workers": [],"Plans": [{"Node Type": "Seq Scan","Parent Relationship": "Outer","Parallel Aware": true,"Async Capable": false,"Relation Name": "customer","Alias": "customer","Startup Cost": 0.00,"Total Cost": 4210.00,"Plan Rows": 62500,"Plan Width": 23,"Actual Startup Time": 0.019,"Actual Total Time": 16.715,"Actual Rows": 37500,"Actual Loops": 4,"Workers": []}]}]}]}]}]},"Planning Time": 6.132,"Triggers": [],"Execution Time": 11002.531}]
[{"Plan": {"Node Type": "Sort","Parallel Aware": false,"Async Capable": false,"Startup Cost": 397889.21,"Total Cost": 399077.01,"Plan Rows": 475120,"Plan Width": 71,"Actual Startup Time": 10887.509,"Actual Total Time": 10908.132,"Actual Rows": 10,"Actual Loops": 1,"Sort Key": ["orders.o_totalprice DESC", "orders.o_orderdate"],"Sort Method": "quicksort","Sort Space Used": 25,"Sort Space Type": "Memory","Plans": [{"Node Type": "Aggregate","Strategy": "Hashed","Partial Mode": "Simple","Parent Relationship": "Outer","Parallel Aware": false,"Async Capable": false,"Startup Cost": 347151.30,"Total Cost": 353090.30,"Plan Rows": 475120,"Plan Width": 71,"Actual Startup Time": 10848.812,"Actual Total Time": 10907.941,"Actual Rows": 10,"Actual Loops": 1,"Group Key": ["customer.c_custkey", "orders.o_orderkey"],"Planned Partitions": 0,"HashAgg Batches": 1,"Peak Memory Usage": 24601,"Disk Usage": 0,"Plans": [{"Node Type": "Gather","Parent Relationship": "Outer","Parallel Aware": false,"Async Capable": false,"Startup Cost": 216528.94,"Total Cost": 343587.90,"Plan Rows": 475120,"Plan Width": 44,"Actual Startup Time": 10782.037,"Actual Total Time": 10858.151,"Actual Rows": 70,"Actual Loops": 1,"Workers Planned": 3,"Workers Launched": 3,"Single Copy": false,"Plans": [{"Node Type": "Hash Join","Parent Relationship": "Outer","Parallel Aware": true,"Async Capable": false,"Join Type": "Inner","Startup Cost": 215528.94,"Total Cost": 295075.90,"Plan Rows": 153265,"Plan Width": 44,"Actual Startup Time": 10180.765,"Actual Total Time": 10348.312,"Actual Rows": 18,"Actual Loops": 4,"Inner Unique": true,"Hash Cond": "(orders.o_custkey = customer.c_custkey)","Workers": [],"Plans": [{"Node Type": "Nested Loop","Parent Relationship": "Outer","Parallel Aware": false,"Async Capable": false,"Join Type": "Inner","Startup Cost": 210537.69,"Total Cost": 289682.32,"Plan Rows": 153265,"Plan Width": 25,"Actual Startup Time": 10142.809,"Actual Total Time": 10310.270,"Actual Rows": 18,"Actual Loops": 4,"Inner Unique": false,"Workers": [],"Plans": [{"Node Type": "Hash Join","Parent Relationship": "Outer","Parallel Aware": false,"Async Capable": false,"Join Type": "Inner","Startup Cost": 210537.26,"Total Cost": 242741.13,"Plan Rows": 38308,"Plan Width": 24,"Actual Startup Time": 10142.670,"Actual Total Time": 10309.991,"Actual Rows": 2,"Actual Loops": 4,"Inner Unique": true,"Hash Cond": "(orders.o_orderkey = lineitem_1.l_orderkey)","Workers": [],"Plans": [{"Node Type": "Seq Scan","Parent Relationship": "Outer","Parallel Aware": true,"Async Capable": false,"Relation Name": "orders","Alias": "orders","Startup Cost": 0.00,"Total Cost": 30933.71,"Plan Rows": 483871,"Plan Width": 20,"Actual Startup Time": 0.009,"Actual Total Time": 49.040,"Actual Rows": 375000,"Actual Loops": 4,"Workers": []},{"Node Type": "Hash","Parent Relationship": "Inner","Parallel Aware": false,"Async Capable": false,"Startup Cost": 209052.81,"Total Cost": 209052.81,"Plan Rows": 118756,"Plan Width": 4,"Actual Startup Time": 10075.163,"Actual Total Time": 10075.176,"Actual Rows": 10,"Actual Loops": 4,"Hash Buckets": 131072,"Original Hash Buckets": 131072,"Hash Batches": 1,"Original Hash Batches": 1,"Peak Memory Usage": 1025,"Workers": [],"Plans": [{"Node Type": "Aggregate","Strategy": "Hashed","Partial Mode": "Simple","Parent Relationship": "Outer","Parallel Aware": false,"Async Capable": false,"Startup Cost": 202521.23,"Total Cost": 207865.25,"Plan Rows": 118756,"Plan Width": 4,"Actual Startup Time": 6293.151,"Actual Total Time": 10074.968,"Actual Rows": 10,"Actual Loops": 4,"Group Key": ["lineitem_1.l_orderkey"],"Filter": "(sum(lineitem_1.l_quantity) > '312'::numeric)","Planned Partitions": 0,"HashAgg Batches": 1,"Peak Memory Usage": 638993,"Disk Usage": 0,"Rows Removed by Filter": 1499990,"Workers": [{"Worker Number": 0,"HashAgg Batches": 1,"Peak Memory Usage": 638993,"Disk Usage": 0},{"Worker Number": 1,"HashAgg Batches": 1,"Peak Memory Usage": 638993,"Disk Usage": 0},{"Worker Number": 2,"HashAgg Batches": 1,"Peak Memory Usage": 638993,"Disk Usage": 0}],"Plans": [{"Node Type": "Seq Scan","Parent Relationship": "Outer","Parallel Aware": false,"Async Capable": false,"Relation Name": "lineitem","Alias": "lineitem_1","Startup Cost": 0.00,"Total Cost": 172515.15,"Plan Rows": 6001215,"Plan Width": 9,"Actual Startup Time": 0.021,"Actual Total Time": 960.546,"Actual Rows": 6001215,"Actual Loops": 4,"Workers": []}]}]}]},{"Node Type": "Index Scan","Parent Relationship": "Inner","Parallel Aware": false,"Async Capable": false,"Scan Direction": "Forward","Index Name": "idx_lineitem_orderkey","Relation Name": "lineitem","Alias": "lineitem","Startup Cost": 0.43,"Total Cost": 1.06,"Plan Rows": 17,"Plan Width": 9,"Actual Startup Time": 0.072,"Actual Total Time": 0.079,"Actual Rows": 7,"Actual Loops": 10,"Index Cond": "(l_orderkey = orders.o_orderkey)","Rows Removed by Index Recheck": 0,"Workers": []}]},{"Node Type": "Hash","Parent Relationship": "Inner","Parallel Aware": true,"Async Capable": false,"Startup Cost": 4210.00,"Total Cost": 4210.00,"Plan Rows": 62500,"Plan Width": 23,"Actual Startup Time": 37.105,"Actual Total Time": 37.114,"Actual Rows": 37500,"Actual Loops": 4,"Hash Buckets": 262144,"Original Hash Buckets": 262144,"Hash Batches": 1,"Original Hash Batches": 1,"Peak Memory Usage": 10368,"Workers": [],"Plans": [{"Node Type": "Seq Scan","Parent Relationship": "Outer","Parallel Aware": true,"Async Capable": false,"Relation Name": "customer","Alias": "customer","Startup Cost": 0.00,"Total Cost": 4210.00,"Plan Rows": 62500,"Plan Width": 23,"Actual Startup Time": 0.025,"Actual Total Time": 19.726,"Actual Rows": 37500,"Actual Loops": 4,"Workers": []}]}]}]}]}]},"Planning Time": 6.715,"Triggers": [],"Execution Time": 10961.817}]
[{"Plan": {"Node Type": "Sort","Parallel Aware": false,"Async Capable": false,"Startup Cost": 397889.21,"Total Cost": 399077.01,"Plan Rows": 475120,"Plan Width": 71,"Actual Startup Time": 10950.105,"Actual Total Time": 10953.954,"Actual Rows": 9,"Actual Loops": 1,"Sort Key": ["orders.o_totalprice DESC", "orders.o_orderdate"],"Sort Method": "quicksort","Sort Space Used": 25,"Sort Space Type": "Memory","Plans": [{"Node Type": "Aggregate","Strategy": "Hashed","Partial Mode": "Simple","Parent Relationship": "Outer","Parallel Aware": false,"Async Capable": false,"Startup Cost": 347151.30,"Total Cost": 353090.30,"Plan Rows": 475120,"Plan Width": 71,"Actual Startup Time": 10902.471,"Actual Total Time": 10953.715,"Actual Rows": 9,"Actual Loops": 1,"Group Key": ["customer.c_custkey", "orders.o_orderkey"],"Planned Partitions": 0,"HashAgg Batches": 1,"Peak Memory Usage": 24601,"Disk Usage": 0,"Plans": [{"Node Type": "Gather","Parent Relationship": "Outer","Parallel Aware": false,"Async Capable": false,"Startup Cost": 216528.94,"Total Cost": 343587.90,"Plan Rows": 475120,"Plan Width": 44,"Actual Startup Time": 10893.800,"Actual Total Time": 10897.693,"Actual Rows": 63,"Actual Loops": 1,"Workers Planned": 3,"Workers Launched": 3,"Single Copy": false,"Plans": [{"Node Type": "Hash Join","Parent Relationship": "Outer","Parallel Aware": true,"Async Capable": false,"Join Type": "Inner","Startup Cost": 215528.94,"Total Cost": 295075.90,"Plan Rows": 153265,"Plan Width": 44,"Actual Startup Time": 10134.253,"Actual Total Time": 10314.794,"Actual Rows": 16,"Actual Loops": 4,"Inner Unique": true,"Hash Cond": "(orders.o_custkey = customer.c_custkey)","Workers": [],"Plans": [{"Node Type": "Nested Loop","Parent Relationship": "Outer","Parallel Aware": false,"Async Capable": false,"Join Type": "Inner","Startup Cost": 210537.69,"Total Cost": 289682.32,"Plan Rows": 153265,"Plan Width": 25,"Actual Startup Time": 10099.687,"Actual Total Time": 10280.153,"Actual Rows": 16,"Actual Loops": 4,"Inner Unique": false,"Workers": [],"Plans": [{"Node Type": "Hash Join","Parent Relationship": "Outer","Parallel Aware": false,"Async Capable": false,"Join Type": "Inner","Startup Cost": 210537.26,"Total Cost": 242741.13,"Plan Rows": 38308,"Plan Width": 24,"Actual Startup Time": 10099.575,"Actual Total Time": 10279.892,"Actual Rows": 2,"Actual Loops": 4,"Inner Unique": true,"Hash Cond": "(orders.o_orderkey = lineitem_1.l_orderkey)","Workers": [],"Plans": [{"Node Type": "Seq Scan","Parent Relationship": "Outer","Parallel Aware": true,"Async Capable": false,"Relation Name": "orders","Alias": "orders","Startup Cost": 0.00,"Total Cost": 30933.71,"Plan Rows": 483871,"Plan Width": 20,"Actual Startup Time": 0.011,"Actual Total Time": 51.627,"Actual Rows": 375000,"Actual Loops": 4,"Workers": []},{"Node Type": "Hash","Parent Relationship": "Inner","Parallel Aware": false,"Async Capable": false,"Startup Cost": 209052.81,"Total Cost": 209052.81,"Plan Rows": 118756,"Plan Width": 4,"Actual Startup Time": 10016.825,"Actual Total Time": 10016.839,"Actual Rows": 9,"Actual Loops": 4,"Hash Buckets": 131072,"Original Hash Buckets": 131072,"Hash Batches": 1,"Original Hash Batches": 1,"Peak Memory Usage": 1025,"Workers": [],"Plans": [{"Node Type": "Aggregate","Strategy": "Hashed","Partial Mode": "Simple","Parent Relationship": "Outer","Parallel Aware": false,"Async Capable": false,"Startup Cost": 202521.23,"Total Cost": 207865.25,"Plan Rows": 118756,"Plan Width": 4,"Actual Startup Time": 6319.140,"Actual Total Time": 10016.671,"Actual Rows": 9,"Actual Loops": 4,"Group Key": ["lineitem_1.l_orderkey"],"Filter": "(sum(lineitem_1.l_quantity) > '315'::numeric)","Planned Partitions": 0,"HashAgg Batches": 1,"Peak Memory Usage": 638993,"Disk Usage": 0,"Rows Removed by Filter": 1499991,"Workers": [{"Worker Number": 0,"HashAgg Batches": 1,"Peak Memory Usage": 638993,"Disk Usage": 0},{"Worker Number": 1,"HashAgg Batches": 1,"Peak Memory Usage": 638993,"Disk Usage": 0},{"Worker Number": 2,"HashAgg Batches": 1,"Peak Memory Usage": 638993,"Disk Usage": 0}],"Plans": [{"Node Type": "Seq Scan","Parent Relationship": "Outer","Parallel Aware": false,"Async Capable": false,"Relation Name": "lineitem","Alias": "lineitem_1","Startup Cost": 0.00,"Total Cost": 172515.15,"Plan Rows": 6001215,"Plan Width": 9,"Actual Startup Time": 0.018,"Actual Total Time": 971.843,"Actual Rows": 6001215,"Actual Loops": 4,"Workers": []}]}]}]},{"Node Type": "Index Scan","Parent Relationship": "Inner","Parallel Aware": false,"Async Capable": false,"Scan Direction": "Forward","Index Name": "idx_lineitem_orderkey","Relation Name": "lineitem","Alias": "lineitem","Startup Cost": 0.43,"Total Cost": 1.06,"Plan Rows": 17,"Plan Width": 9,"Actual Startup Time": 0.069,"Actual Total Time": 0.079,"Actual Rows": 7,"Actual Loops": 9,"Index Cond": "(l_orderkey = orders.o_orderkey)","Rows Removed by Index Recheck": 0,"Workers": []}]},{"Node Type": "Hash","Parent Relationship": "Inner","Parallel Aware": true,"Async Capable": false,"Startup Cost": 4210.00,"Total Cost": 4210.00,"Plan Rows": 62500,"Plan Width": 23,"Actual Startup Time": 33.677,"Actual Total Time": 33.684,"Actual Rows": 37500,"Actual Loops": 4,"Hash Buckets": 262144,"Original Hash Buckets": 262144,"Hash Batches": 1,"Original Hash Batches": 1,"Peak Memory Usage": 10368,"Workers": [],"Plans": [{"Node Type": "Seq Scan","Parent Relationship": "Outer","Parallel Aware": true,"Async Capable": false,"Relation Name": "customer","Alias": "customer","Startup Cost": 0.00,"Total Cost": 4210.00,"Plan Rows": 62500,"Plan Width": 23,"Actual Startup Time": 0.019,"Actual Total Time": 16.715,"Actual Rows": 37500,"Actual Loops": 4,"Workers": []}]}]}]}]}]},"Planning Time": 6.132,"Triggers": [],"Execution Time": 11002.531}]
[{"Plan": {"Node Type": "Sort","Parallel Aware": false,"Async Capable": false,"Startup Cost": 397889.21,"Total Cost": 399077.01,"Plan Rows": 475120,"Plan Width": 71,"Actual Startup Time": 10785.011,"Actual Total Time": 10839.032,"Actual Rows": 9,"Actual Loops": 1,"Sort Key": ["orders.o_totalprice DESC", "orders.o_orderdate"],"Sort Method": "quicksort","Sort Space Used": 25,"Sort Space Type": "Memory","Plans": [{"Node Type": "Aggregate","Strategy": "Hashed","Partial Mode": "Simple","Parent Relationship": "Outer","Parallel Aware": false,"Async Capable": false,"Startup Cost": 347151.30,"Total Cost": 353090.30,"Plan Rows": 475120,"Plan Width": 71,"Actual Startup Time": 10763.855,"Actual Total Time": 10838.848,"Actual Rows": 9,"Actual Loops": 1,"Group Key": ["customer.c_custkey", "orders.o_orderkey"],"Planned Partitions": 0,"HashAgg Batches": 1,"Peak Memory Usage": 24601,"Disk Usage": 0,"Plans": [{"Node Type": "Gather","Parent Relationship": "Outer","Parallel Aware": false,"Async Capable": false,"Startup Cost": 216528.94,"Total Cost": 343587.90,"Plan Rows": 475120,"Plan Width": 44,"Actual Startup Time": 9674.071,"Actual Total Time": 10813.470,"Actual Rows": 63,"Actual Loops": 1,"Workers Planned": 3,"Workers Launched": 3,"Single Copy": false,"Plans": [{"Node Type": "Hash Join","Parent Relationship": "Outer","Parallel Aware": true,"Async Capable": false,"Join Type": "Inner","Startup Cost": 215528.94,"Total Cost": 295075.90,"Plan Rows": 153265,"Plan Width": 44,"Actual Startup Time": 10141.072,"Actual Total Time": 10312.965,"Actual Rows": 16,"Actual Loops": 4,"Inner Unique": true,"Hash Cond": "(orders.o_custkey = customer.c_custkey)","Workers": [],"Plans": [{"Node Type": "Nested Loop","Parent Relationship": "Outer","Parallel Aware": false,"Async Capable": false,"Join Type": "Inner","Startup Cost": 210537.69,"Total Cost": 289682.32,"Plan Rows": 153265,"Plan Width": 25,"Actual Startup Time": 10104.129,"Actual Total Time": 10275.947,"Actual Rows": 16,"Actual Loops": 4,"Inner Unique": false,"Workers": [],"Plans": [{"Node Type": "Hash Join","Parent Relationship": "Outer","Parallel Aware": false,"Async Capable": false,"Join Type": "Inner","Startup Cost": 210537.26,"Total Cost": 242741.13,"Plan Rows": 38308,"Plan Width": 24,"Actual Startup Time": 10104.052,"Actual Total Time": 10275.739,"Actual Rows": 2,"Actual Loops": 4,"Inner Unique": true,"Hash Cond": "(orders.o_orderkey = lineitem_1.l_orderkey)","Workers": [],"Plans": [{"Node Type": "Seq Scan","Parent Relationship": "Outer","Parallel Aware": true,"Async Capable": false,"Relation Name": "orders","Alias": "orders","Startup Cost": 0.00,"Total Cost": 30933.71,"Plan Rows": 483871,"Plan Width": 20,"Actual Startup Time": 0.007,"Actual Total Time": 53.689,"Actual Rows": 375000,"Actual Loops": 4,"Workers": []},{"Node Type": "Hash","Parent Relationship": "Inner","Parallel Aware": false,"Async Capable": false,"Startup Cost": 209052.81,"Total Cost": 209052.81,"Plan Rows": 118756,"Plan Width": 4,"Actual Startup Time": 10025.157,"Actual Total Time": 10025.166,"Actual Rows": 9,"Actual Loops": 4,"Hash Buckets": 131072,"Original Hash Buckets": 131072,"Hash Batches": 1,"Original Hash Batches": 1,"Peak Memory Usage": 1025,"Workers": [],"Plans": [{"Node Type": "Aggregate","Strategy": "Hashed","Partial Mode": "Simple","Parent Relationship": "Outer","Parallel Aware": false,"Async Capable": false,"Startup Cost": 202521.23,"Total Cost": 207865.25,"Plan Rows": 118756,"Plan Width": 4,"Actual Startup Time": 6285.839,"Actual Total Time": 10024.981,"Actual Rows": 9,"Actual Loops": 4,"Group Key": ["lineitem_1.l_orderkey"],"Filter": "(sum(lineitem_1.l_quantity) > '314'::numeric)","Planned Partitions": 0,"HashAgg Batches": 1,"Peak Memory Usage": 638993,"Disk Usage": 0,"Rows Removed by Filter": 1499991,"Workers": [{"Worker Number": 0,"HashAgg Batches": 1,"Peak Memory Usage": 638993,"Disk Usage": 0},{"Worker Number": 1,"HashAgg Batches": 1,"Peak Memory Usage": 638993,"Disk Usage": 0},{"Worker Number": 2,"HashAgg Batches": 1,"Peak Memory Usage": 638993,"Disk Usage": 0}],"Plans": [{"Node Type": "Seq Scan","Parent Relationship": "Outer","Parallel Aware": false,"Async Capable": false,"Relation Name": "lineitem","Alias": "lineitem_1","Startup Cost": 0.00,"Total Cost": 172515.15,"Plan Rows": 6001215,"Plan Width": 9,"Actual Startup Time": 0.019,"Actual Total Time": 931.752,"Actual Rows": 6001215,"Actual Loops": 4,"Workers": []}]}]}]},{"Node Type": "Index Scan","Parent Relationship": "Inner","Parallel Aware": false,"Async Capable": false,"Scan Direction": "Forward","Index Name": "idx_lineitem_orderkey","Relation Name": "lineitem","Alias": "lineitem","Startup Cost": 0.43,"Total Cost": 1.06,"Plan Rows": 17,"Plan Width": 9,"Actual Startup Time": 0.055,"Actual Total Time": 0.062,"Actual Rows": 7,"Actual Loops": 9,"Index Cond": "(l_orderkey = orders.o_orderkey)","Rows Removed by Index Recheck": 0,"Workers": []}]},{"Node Type": "Hash","Parent Relationship": "Inner","Parallel Aware": true,"Async Capable": false,"Startup Cost": 4210.00,"Total Cost": 4210.00,"Plan Rows": 62500,"Plan Width": 23,"Actual Startup Time": 36.172,"Actual Total Time": 36.190,"Actual Rows": 37500,"Actual Loops": 4,"Hash Buckets": 262144,"Original Hash Buckets": 262144,"Hash Batches": 1,"Original Hash Batches": 1,"Peak Memory Usage": 10336,"Workers": [],"Plans": [{"Node Type": "Seq Scan","Parent Relationship": "Outer","Parallel Aware": true,"Async Capable": false,"Relation Name": "customer","Alias": "customer","Startup Cost": 0.00,"Total Cost": 4210.00,"Plan Rows": 62500,"Plan Width": 23,"Actual Startup Time": 0.024,"Actual Total Time": 17.933,"Actual Rows": 37500,"Actual Loops": 4,"Workers": []}]}]}]}]}]},"Planning Time": 6.881,"Triggers": [],"Execution Time": 10893.482}]
[{"Plan": {"Node Type": "Sort","Parallel Aware": false,"Async Capable": false,"Startup Cost": 397889.21,"Total Cost": 399077.01,"Plan Rows": 475120,"Plan Width": 71,"Actual Startup Time": 10950.105,"Actual Total Time": 10953.954,"Actual Rows": 9,"Actual Loops": 1,"Sort Key": ["orders.o_totalprice DESC", "orders.o_orderdate"],"Sort Method": "quicksort","Sort Space Used": 25,"Sort Space Type": "Memory","Plans": [{"Node Type": "Aggregate","Strategy": "Hashed","Partial Mode": "Simple","Parent Relationship": "Outer","Parallel Aware": false,"Async Capable": false,"Startup Cost": 347151.30,"Total Cost": 353090.30,"Plan Rows": 475120,"Plan Width": 71,"Actual Startup Time": 10902.471,"Actual Total Time": 10953.715,"Actual Rows": 9,"Actual Loops": 1,"Group Key": ["customer.c_custkey", "orders.o_orderkey"],"Planned Partitions": 0,"HashAgg Batches": 1,"Peak Memory Usage": 24601,"Disk Usage": 0,"Plans": [{"Node Type": "Gather","Parent Relationship": "Outer","Parallel Aware": false,"Async Capable": false,"Startup Cost": 216528.94,"Total Cost": 343587.90,"Plan Rows": 475120,"Plan Width": 44,"Actual Startup Time": 10893.800,"Actual Total Time": 10897.693,"Actual Rows": 63,"Actual Loops": 1,"Workers Planned": 3,"Workers Launched": 3,"Single Copy": false,"Plans": [{"Node Type": "Hash Join","Parent Relationship": "Outer","Parallel Aware": true,"Async Capable": false,"Join Type": "Inner","Startup Cost": 215528.94,"Total Cost": 295075.90,"Plan Rows": 153265,"Plan Width": 44,"Actual Startup Time": 10134.253,"Actual Total Time": 10314.794,"Actual Rows": 16,"Actual Loops": 4,"Inner Unique": true,"Hash Cond": "(orders.o_custkey = customer.c_custkey)","Workers": [],"Plans": [{"Node Type": "Nested Loop","Parent Relationship": "Outer","Parallel Aware": false,"Async Capable": false,"Join Type": "Inner","Startup Cost": 210537.69,"Total Cost": 289682.32,"Plan Rows": 153265,"Plan Width": 25,"Actual Startup Time": 10099.687,"Actual Total Time": 10280.153,"Actual Rows": 16,"Actual Loops": 4,"Inner Unique": false,"Workers": [],"Plans": [{"Node Type": "Hash Join","Parent Relationship": "Outer","Parallel Aware": false,"Async Capable": false,"Join Type": "Inner","Startup Cost": 210537.26,"Total Cost": 242741.13,"Plan Rows": 38308,"Plan Width": 24,"Actual Startup Time": 10099.575,"Actual Total Time": 10279.892,"Actual Rows": 2,"Actual Loops": 4,"Inner Unique": true,"Hash Cond": "(orders.o_orderkey = lineitem_1.l_orderkey)","Workers": [],"Plans": [{"Node Type": "Seq Scan","Parent Relationship": "Outer","Parallel Aware": true,"Async Capable": false,"Relation Name": "orders","Alias": "orders","Startup Cost": 0.00,"Total Cost": 30933.71,"Plan Rows": 483871,"Plan Width": 20,"Actual Startup Time": 0.011,"Actual Total Time": 51.627,"Actual Rows": 375000,"Actual Loops": 4,"Workers": []},{"Node Type": "Hash","Parent Relationship": "Inner","Parallel Aware": false,"Async Capable": false,"Startup Cost": 209052.81,"Total Cost": 209052.81,"Plan Rows": 118756,"Plan Width": 4,"Actual Startup Time": 10016.825,"Actual Total Time": 10016.839,"Actual Rows": 9,"Actual Loops": 4,"Hash Buckets": 131072,"Original Hash Buckets": 131072,"Hash Batches": 1,"Original Hash Batches": 1,"Peak Memory Usage": 1025,"Workers": [],"Plans": [{"Node Type": "Aggregate","Strategy": "Hashed","Partial Mode": "Simple","Parent Relationship": "Outer","Parallel Aware": false,"Async Capable": false,"Startup Cost": 202521.23,"Total Cost": 207865.25,"Plan Rows": 118756,"Plan Width": 4,"Actual Startup Time": 6319.140,"Actual Total Time": 10016.671,"Actual Rows": 9,"Actual Loops": 4,"Group Key": ["lineitem_1.l_orderkey"],"Filter": "(sum(lineitem_1.l_quantity) > '315'::numeric)","Planned Partitions": 0,"HashAgg Batches": 1,"Peak Memory Usage": 638993,"Disk Usage": 0,"Rows Removed by Filter": 1499991,"Workers": [{"Worker Number": 0,"HashAgg Batches": 1,"Peak Memory Usage": 638993,"Disk Usage": 0},{"Worker Number": 1,"HashAgg Batches": 1,"Peak Memory Usage": 638993,"Disk Usage": 0},{"Worker Number": 2,"HashAgg Batches": 1,"Peak Memory Usage": 638993,"Disk Usage": 0}],"Plans": [{"Node Type": "Seq Scan","Parent Relationship": "Outer","Parallel Aware": false,"Async Capable": false,"Relation Name": "lineitem","Alias": "lineitem_1","Startup Cost": 0.00,"Total Cost": 172515.15,"Plan Rows": 6001215,"Plan Width": 9,"Actual Startup Time": 0.018,"Actual Total Time": 971.843,"Actual Rows": 6001215,"Actual Loops": 4,"Workers": []}]}]}]},{"Node Type": "Index Scan","Parent Relationship": "Inner","Parallel Aware": false,"Async Capable": false,"Scan Direction": "Forward","Index Name": "idx_lineitem_orderkey","Relation Name": "lineitem","Alias": "lineitem","Startup Cost": 0.43,"Total Cost": 1.06,"Plan Rows": 17,"Plan Width": 9,"Actual Startup Time": 0.069,"Actual Total Time": 0.079,"Actual Rows": 7,"Actual Loops": 9,"Index Cond": "(l_orderkey = orders.o_orderkey)","Rows Removed by Index Recheck": 0,"Workers": []}]},{"Node Type": "Hash","Parent Relationship": "Inner","Parallel Aware": true,"Async Capable": false,"Startup Cost": 4210.00,"Total Cost": 4210.00,"Plan Rows": 62500,"Plan Width": 23,"Actual Startup Time": 33.677,"Actual Total Time": 33.684,"Actual Rows": 37500,"Actual Loops": 4,"Hash Buckets": 262144,"Original Hash Buckets": 262144,"Hash Batches": 1,"Original Hash Batches": 1,"Peak Memory Usage": 10368,"Workers": [],"Plans": [{"Node Type": "Seq Scan","Parent Relationship": "Outer","Parallel Aware": true,"Async Capable": false,"Relation Name": "customer","Alias": "customer","Startup Cost": 0.00,"Total Cost": 4210.00,"Plan Rows": 62500,"Plan Width": 23,"Actual Startup Time": 0.019,"Actual Total Time": 16.715,"Actual Rows": 37500,"Actual Loops": 4,"Workers": []}]}]}]}]}]},"Planning Time": 6.132,"Triggers": [],"Execution Time": 11002.531}]
[{"Plan": {"Node Type": "Sort","Parallel Aware": false,"Async Capable": false,"Startup Cost": 397889.21,"Total Cost": 399077.01,"Plan Rows": 475120,"Plan Width": 71,"Actual Startup Time": 10887.509,"Actual Total Time": 10908.132,"Actual Rows": 10,"Actual Loops": 1,"Sort Key": ["orders.o_totalprice DESC", "orders.o_orderdate"],"Sort Method": "quicksort","Sort Space Used": 25,"Sort Space Type": "Memory","Plans": [{"Node Type": "Aggregate","Strategy": "Hashed","Partial Mode": "Simple","Parent Relationship": "Outer","Parallel Aware": false,"Async Capable": false,"Startup Cost": 347151.30,"Total Cost": 353090.30,"Plan Rows": 475120,"Plan Width": 71,"Actual Startup Time": 10848.812,"Actual Total Time": 10907.941,"Actual Rows": 10,"Actual Loops": 1,"Group Key": ["customer.c_custkey", "orders.o_orderkey"],"Planned Partitions": 0,"HashAgg Batches": 1,"Peak Memory Usage": 24601,"Disk Usage": 0,"Plans": [{"Node Type": "Gather","Parent Relationship": "Outer","Parallel Aware": false,"Async Capable": false,"Startup Cost": 216528.94,"Total Cost": 343587.90,"Plan Rows": 475120,"Plan Width": 44,"Actual Startup Time": 10782.037,"Actual Total Time": 10858.151,"Actual Rows": 70,"Actual Loops": 1,"Workers Planned": 3,"Workers Launched": 3,"Single Copy": false,"Plans": [{"Node Type": "Hash Join","Parent Relationship": "Outer","Parallel Aware": true,"Async Capable": false,"Join Type": "Inner","Startup Cost": 215528.94,"Total Cost": 295075.90,"Plan Rows": 153265,"Plan Width": 44,"Actual Startup Time": 10180.765,"Actual Total Time": 10348.312,"Actual Rows": 18,"Actual Loops": 4,"Inner Unique": true,"Hash Cond": "(orders.o_custkey = customer.c_custkey)","Workers": [],"Plans": [{"Node Type": "Nested Loop","Parent Relationship": "Outer","Parallel Aware": false,"Async Capable": false,"Join Type": "Inner","Startup Cost": 210537.69,"Total Cost": 289682.32,"Plan Rows": 153265,"Plan Width": 25,"Actual Startup Time": 10142.809,"Actual Total Time": 10310.270,"Actual Rows": 18,"Actual Loops": 4,"Inner Unique": false,"Workers": [],"Plans": [{"Node Type": "Hash Join","Parent Relationship": "Outer","Parallel Aware": false,"Async Capable": false,"Join Type": "Inner","Startup Cost": 210537.26,"Total Cost": 242741.13,"Plan Rows": 38308,"Plan Width": 24,"Actual Startup Time": 10142.670,"Actual Total Time": 10309.991,"Actual Rows": 2,"Actual Loops": 4,"Inner Unique": true,"Hash Cond": "(orders.o_orderkey = lineitem_1.l_orderkey)","Workers": [],"Plans": [{"Node Type": "Seq Scan","Parent Relationship": "Outer","Parallel Aware": true,"Async Capable": false,"Relation Name": "orders","Alias": "orders","Startup Cost": 0.00,"Total Cost": 30933.71,"Plan Rows": 483871,"Plan Width": 20,"Actual Startup Time": 0.009,"Actual Total Time": 49.040,"Actual Rows": 375000,"Actual Loops": 4,"Workers": []},{"Node Type": "Hash","Parent Relationship": "Inner","Parallel Aware": false,"Async Capable": false,"Startup Cost": 209052.81,"Total Cost": 209052.81,"Plan Rows": 118756,"Plan Width": 4,"Actual Startup Time": 10075.163,"Actual Total Time": 10075.176,"Actual Rows": 10,"Actual Loops": 4,"Hash Buckets": 131072,"Original Hash Buckets": 131072,"Hash Batches": 1,"Original Hash Batches": 1,"Peak Memory Usage": 1025,"Workers": [],"Plans": [{"Node Type": "Aggregate","Strategy": "Hashed","Partial Mode": "Simple","Parent Relationship": "Outer","Parallel Aware": false,"Async Capable": false,"Startup Cost": 202521.23,"Total Cost": 207865.25,"Plan Rows": 118756,"Plan Width": 4,"Actual Startup Time": 6293.151,"Actual Total Time": 10074.968,"Actual Rows": 10,"Actual Loops": 4,"Group Key": ["lineitem_1.l_orderkey"],"Filter": "(sum(lineitem_1.l_quantity) > '312'::numeric)","Planned Partitions": 0,"HashAgg Batches": 1,"Peak Memory Usage": 638993,"Disk Usage": 0,"Rows Removed by Filter": 1499990,"Workers": [{"Worker Number": 0,"HashAgg Batches": 1,"Peak Memory Usage": 638993,"Disk Usage": 0},{"Worker Number": 1,"HashAgg Batches": 1,"Peak Memory Usage": 638993,"Disk Usage": 0},{"Worker Number": 2,"HashAgg Batches": 1,"Peak Memory Usage": 638993,"Disk Usage": 0}],"Plans": [{"Node Type": "Seq Scan","Parent Relationship": "Outer","Parallel Aware": false,"Async Capable": false,"Relation Name": "lineitem","Alias": "lineitem_1","Startup Cost": 0.00,"Total Cost": 172515.15,"Plan Rows": 6001215,"Plan Width": 9,"Actual Startup Time": 0.021,"Actual Total Time": 960.546,"Actual Rows": 6001215,"Actual Loops": 4,"Workers": []}]}]}]},{"Node Type": "Index Scan","Parent Relationship": "Inner","Parallel Aware": false,"Async Capable": false,"Scan Direction": "Forward","Index Name": "idx_lineitem_orderkey","Relation Name": "lineitem","Alias": "lineitem","Startup Cost": 0.43,"Total Cost": 1.06,"Plan Rows": 17,"Plan Width": 9,"Actual Startup Time": 0.072,"Actual Total Time": 0.079,"Actual Rows": 7,"Actual Loops": 10,"Index Cond": "(l_orderkey = orders.o_orderkey)","Rows Removed by Index Recheck": 0,"Workers": []}]},{"Node Type": "Hash","Parent Relationship": "Inner","Parallel Aware": true,"Async Capable": false,"Startup Cost": 4210.00,"Total Cost": 4210.00,"Plan Rows": 62500,"Plan Width": 23,"Actual Startup Time": 37.105,"Actual Total Time": 37.114,"Actual Rows": 37500,"Actual Loops": 4,"Hash Buckets": 262144,"Original Hash Buckets": 262144,"Hash Batches": 1,"Original Hash Batches": 1,"Peak Memory Usage": 10368,"Workers": [],"Plans": [{"Node Type": "Seq Scan","Parent Relationship": "Outer","Parallel Aware": true,"Async Capable": false,"Relation Name": "customer","Alias": "customer","Startup Cost": 0.00,"Total Cost": 4210.00,"Plan Rows": 62500,"Plan Width": 23,"Actual Startup Time": 0.025,"Actual Total Time": 19.726,"Actual Rows": 37500,"Actual Loops": 4,"Workers": []}]}]}]}]}]},"Planning Time": 6.715,"Triggers": [],"Execution Time": 10961.817}]
[{"Plan": {"Node Type": "Sort","Parallel Aware": false,"Async Capable": false,"Startup Cost": 397889.21,"Total Cost": 399077.01,"Plan Rows": 475120,"Plan Width": 71,"Actual Startup Time": 10887.509,"Actual Total Time": 10908.132,"Actual Rows": 10,"Actual Loops": 1,"Sort Key": ["orders.o_totalprice DESC", "orders.o_orderdate"],"Sort Method": "quicksort","Sort Space Used": 25,"Sort Space Type": "Memory","Plans": [{"Node Type": "Aggregate","Strategy": "Hashed","Partial Mode": "Simple","Parent Relationship": "Outer","Parallel Aware": false,"Async Capable": false,"Startup Cost": 347151.30,"Total Cost": 353090.30,"Plan Rows": 475120,"Plan Width": 71,"Actual Startup Time": 10848.812,"Actual Total Time": 10907.941,"Actual Rows": 10,"Actual Loops": 1,"Group Key": ["customer.c_custkey", "orders.o_orderkey"],"Planned Partitions": 0,"HashAgg Batches": 1,"Peak Memory Usage": 24601,"Disk Usage": 0,"Plans": [{"Node Type": "Gather","Parent Relationship": "Outer","Parallel Aware": false,"Async Capable": false,"Startup Cost": 216528.94,"Total Cost": 343587.90,"Plan Rows": 475120,"Plan Width": 44,"Actual Startup Time": 10782.037,"Actual Total Time": 10858.151,"Actual Rows": 70,"Actual Loops": 1,"Workers Planned": 3,"Workers Launched": 3,"Single Copy": false,"Plans": [{"Node Type": "Hash Join","Parent Relationship": "Outer","Parallel Aware": true,"Async Capable": false,"Join Type": "Inner","Startup Cost": 215528.94,"Total Cost": 295075.90,"Plan Rows": 153265,"Plan Width": 44,"Actual Startup Time": 10180.765,"Actual Total Time": 10348.312,"Actual Rows": 18,"Actual Loops": 4,"Inner Unique": true,"Hash Cond": "(orders.o_custkey = customer.c_custkey)","Workers": [],"Plans": [{"Node Type": "Nested Loop","Parent Relationship": "Outer","Parallel Aware": false,"Async Capable": false,"Join Type": "Inner","Startup Cost": 210537.69,"Total Cost": 289682.32,"Plan Rows": 153265,"Plan Width": 25,"Actual Startup Time": 10142.809,"Actual Total Time": 10310.270,"Actual Rows": 18,"Actual Loops": 4,"Inner Unique": false,"Workers": [],"Plans": [{"Node Type": "Hash Join","Parent Relationship": "Outer","Parallel Aware": false,"Async Capable": false,"Join Type": "Inner","Startup Cost": 210537.26,"Total Cost": 242741.13,"Plan Rows": 38308,"Plan Width": 24,"Actual Startup Time": 10142.670,"Actual Total Time": 10309.991,"Actual Rows": 2,"Actual Loops": 4,"Inner Unique": true,"Hash Cond": "(orders.o_orderkey = lineitem_1.l_orderkey)","Workers": [],"Plans": [{"Node Type": "Seq Scan","Parent Relationship": "Outer","Parallel Aware": true,"Async Capable": false,"Relation Name": "orders","Alias": "orders","Startup Cost": 0.00,"Total Cost": 30933.71,"Plan Rows": 483871,"Plan Width": 20,"Actual Startup Time": 0.009,"Actual Total Time": 49.040,"Actual Rows": 375000,"Actual Loops": 4,"Workers": []},{"Node Type": "Hash","Parent Relationship": "Inner","Parallel Aware": false,"Async Capable": false,"Startup Cost": 209052.81,"Total Cost": 209052.81,"Plan Rows": 118756,"Plan Width": 4,"Actual Startup Time": 10075.163,"Actual Total Time": 10075.176,"Actual Rows": 10,"Actual Loops": 4,"Hash Buckets": 131072,"Original Hash Buckets": 131072,"Hash Batches": 1,"Original Hash Batches": 1,"Peak Memory Usage": 1025,"Workers": [],"Plans": [{"Node Type": "Aggregate","Strategy": "Hashed","Partial Mode": "Simple","Parent Relationship": "Outer","Parallel Aware": false,"Async Capable": false,"Startup Cost": 202521.23,"Total Cost": 207865.25,"Plan Rows": 118756,"Plan Width": 4,"Actual Startup Time": 6293.151,"Actual Total Time": 10074.968,"Actual Rows": 10,"Actual Loops": 4,"Group Key": ["lineitem_1.l_orderkey"],"Filter": "(sum(lineitem_1.l_quantity) > '312'::numeric)","Planned Partitions": 0,"HashAgg Batches": 1,"Peak Memory Usage": 638993,"Disk Usage": 0,"Rows Removed by Filter": 1499990,"Workers": [{"Worker Number": 0,"HashAgg Batches": 1,"Peak Memory Usage": 638993,"Disk Usage": 0},{"Worker Number": 1,"HashAgg Batches": 1,"Peak Memory Usage": 638993,"Disk Usage": 0},{"Worker Number": 2,"HashAgg Batches": 1,"Peak Memory Usage": 638993,"Disk Usage": 0}],"Plans": [{"Node Type": "Seq Scan","Parent Relationship": "Outer","Parallel Aware": false,"Async Capable": false,"Relation Name": "lineitem","Alias": "lineitem_1","Startup Cost": 0.00,"Total Cost": 172515.15,"Plan Rows": 6001215,"Plan Width": 9,"Actual Startup Time": 0.021,"Actual Total Time": 960.546,"Actual Rows": 6001215,"Actual Loops": 4,"Workers": []}]}]}]},{"Node Type": "Index Scan","Parent Relationship": "Inner","Parallel Aware": false,"Async Capable": false,"Scan Direction": "Forward","Index Name": "idx_lineitem_orderkey","Relation Name": "lineitem","Alias": "lineitem","Startup Cost": 0.43,"Total Cost": 1.06,"Plan Rows": 17,"Plan Width": 9,"Actual Startup Time": 0.072,"Actual Total Time": 0.079,"Actual Rows": 7,"Actual Loops": 10,"Index Cond": "(l_orderkey = orders.o_orderkey)","Rows Removed by Index Recheck": 0,"Workers": []}]},{"Node Type": "Hash","Parent Relationship": "Inner","Parallel Aware": true,"Async Capable": false,"Startup Cost": 4210.00,"Total Cost": 4210.00,"Plan Rows": 62500,"Plan Width": 23,"Actual Startup Time": 37.105,"Actual Total Time": 37.114,"Actual Rows": 37500,"Actual Loops": 4,"Hash Buckets": 262144,"Original Hash Buckets": 262144,"Hash Batches": 1,"Original Hash Batches": 1,"Peak Memory Usage": 10368,"Workers": [],"Plans": [{"Node Type": "Seq Scan","Parent Relationship": "Outer","Parallel Aware": true,"Async Capable": false,"Relation Name": "customer","Alias": "customer","Startup Cost": 0.00,"Total Cost": 4210.00,"Plan Rows": 62500,"Plan Width": 23,"Actual Startup Time": 0.025,"Actual Total Time": 19.726,"Actual Rows": 37500,"Actual Loops": 4,"Workers": []}]}]}]}]}]},"Planning Time": 6.715,"Triggers": [],"Execution Time": 10961.817}]
[{"Plan": {"Node Type": "Sort","Parallel Aware": false,"Async Capable": false,"Startup Cost": 397889.21,"Total Cost": 399077.01,"Plan Rows": 475120,"Plan Width": 71,"Actual Startup Time": 10785.011,"Actual Total Time": 10839.032,"Actual Rows": 9,"Actual Loops": 1,"Sort Key": ["orders.o_totalprice DESC", "orders.o_orderdate"],"Sort Method": "quicksort","Sort Space Used": 25,"Sort Space Type": "Memory","Plans": [{"Node Type": "Aggregate","Strategy": "Hashed","Partial Mode": "Simple","Parent Relationship": "Outer","Parallel Aware": false,"Async Capable": false,"Startup Cost": 347151.30,"Total Cost": 353090.30,"Plan Rows": 475120,"Plan Width": 71,"Actual Startup Time": 10763.855,"Actual Total Time": 10838.848,"Actual Rows": 9,"Actual Loops": 1,"Group Key": ["customer.c_custkey", "orders.o_orderkey"],"Planned Partitions": 0,"HashAgg Batches": 1,"Peak Memory Usage": 24601,"Disk Usage": 0,"Plans": [{"Node Type": "Gather","Parent Relationship": "Outer","Parallel Aware": false,"Async Capable": false,"Startup Cost": 216528.94,"Total Cost": 343587.90,"Plan Rows": 475120,"Plan Width": 44,"Actual Startup Time": 9674.071,"Actual Total Time": 10813.470,"Actual Rows": 63,"Actual Loops": 1,"Workers Planned": 3,"Workers Launched": 3,"Single Copy": false,"Plans": [{"Node Type": "Hash Join","Parent Relationship": "Outer","Parallel Aware": true,"Async Capable": false,"Join Type": "Inner","Startup Cost": 215528.94,"Total Cost": 295075.90,"Plan Rows": 153265,"Plan Width": 44,"Actual Startup Time": 10141.072,"Actual Total Time": 10312.965,"Actual Rows": 16,"Actual Loops": 4,"Inner Unique": true,"Hash Cond": "(orders.o_custkey = customer.c_custkey)","Workers": [],"Plans": [{"Node Type": "Nested Loop","Parent Relationship": "Outer","Parallel Aware": false,"Async Capable": false,"Join Type": "Inner","Startup Cost": 210537.69,"Total Cost": 289682.32,"Plan Rows": 153265,"Plan Width": 25,"Actual Startup Time": 10104.129,"Actual Total Time": 10275.947,"Actual Rows": 16,"Actual Loops": 4,"Inner Unique": false,"Workers": [],"Plans": [{"Node Type": "Hash Join","Parent Relationship": "Outer","Parallel Aware": false,"Async Capable": false,"Join Type": "Inner","Startup Cost": 210537.26,"Total Cost": 242741.13,"Plan Rows": 38308,"Plan Width": 24,"Actual Startup Time": 10104.052,"Actual Total Time": 10275.739,"Actual Rows": 2,"Actual Loops": 4,"Inner Unique": true,"Hash Cond": "(orders.o_orderkey = lineitem_1.l_orderkey)","Workers": [],"Plans": [{"Node Type": "Seq Scan","Parent Relationship": "Outer","Parallel Aware": true,"Async Capable": false,"Relation Name": "orders","Alias": "orders","Startup Cost": 0.00,"Total Cost": 30933.71,"Plan Rows": 483871,"Plan Width": 20,"Actual Startup Time": 0.007,"Actual Total Time": 53.689,"Actual Rows": 375000,"Actual Loops": 4,"Workers": []},{"Node Type": "Hash","Parent Relationship": "Inner","Parallel Aware": false,"Async Capable": false,"Startup Cost": 209052.81,"Total Cost": 209052.81,"Plan Rows": 118756,"Plan Width": 4,"Actual Startup Time": 10025.157,"Actual Total Time": 10025.166,"Actual Rows": 9,"Actual Loops": 4,"Hash Buckets": 131072,"Original Hash Buckets": 131072,"Hash Batches": 1,"Original Hash Batches": 1,"Peak Memory Usage": 1025,"Workers": [],"Plans": [{"Node Type": "Aggregate","Strategy": "Hashed","Partial Mode": "Simple","Parent Relationship": "Outer","Parallel Aware": false,"Async Capable": false,"Startup Cost": 202521.23,"Total Cost": 207865.25,"Plan Rows": 118756,"Plan Width": 4,"Actual Startup Time": 6285.839,"Actual Total Time": 10024.981,"Actual Rows": 9,"Actual Loops": 4,"Group Key": ["lineitem_1.l_orderkey"],"Filter": "(sum(lineitem_1.l_quantity) > '314'::numeric)","Planned Partitions": 0,"HashAgg Batches": 1,"Peak Memory Usage": 638993,"Disk Usage": 0,"Rows Removed by Filter": 1499991,"Workers": [{"Worker Number": 0,"HashAgg Batches": 1,"Peak Memory Usage": 638993,"Disk Usage": 0},{"Worker Number": 1,"HashAgg Batches": 1,"Peak Memory Usage": 638993,"Disk Usage": 0},{"Worker Number": 2,"HashAgg Batches": 1,"Peak Memory Usage": 638993,"Disk Usage": 0}],"Plans": [{"Node Type": "Seq Scan","Parent Relationship": "Outer","Parallel Aware": false,"Async Capable": false,"Relation Name": "lineitem","Alias": "lineitem_1","Startup Cost": 0.00,"Total Cost": 172515.15,"Plan Rows": 6001215,"Plan Width": 9,"Actual Startup Time": 0.019,"Actual Total Time": 931.752,"Actual Rows": 6001215,"Actual Loops": 4,"Workers": []}]}]}]},{"Node Type": "Index Scan","Parent Relationship": "Inner","Parallel Aware": false,"Async Capable": false,"Scan Direction": "Forward","Index Name": "idx_lineitem_orderkey","Relation Name": "lineitem","Alias": "lineitem","Startup Cost": 0.43,"Total Cost": 1.06,"Plan Rows": 17,"Plan Width": 9,"Actual Startup Time": 0.055,"Actual Total Time": 0.062,"Actual Rows": 7,"Actual Loops": 9,"Index Cond": "(l_orderkey = orders.o_orderkey)","Rows Removed by Index Recheck": 0,"Workers": []}]},{"Node Type": "Hash","Parent Relationship": "Inner","Parallel Aware": true,"Async Capable": false,"Startup Cost": 4210.00,"Total Cost": 4210.00,"Plan Rows": 62500,"Plan Width": 23,"Actual Startup Time": 36.172,"Actual Total Time": 36.190,"Actual Rows": 37500,"Actual Loops": 4,"Hash Buckets": 262144,"Original Hash Buckets": 262144,"Hash Batches": 1,"Original Hash Batches": 1,"Peak Memory Usage": 10336,"Workers": [],"Plans": [{"Node Type": "Seq Scan","Parent Relationship": "Outer","Parallel Aware": true,"Async Capable": false,"Relation Name": "customer","Alias": "customer","Startup Cost": 0.00,"Total Cost": 4210.00,"Plan Rows": 62500,"Plan Width": 23,"Actual Startup Time": 0.024,"Actual Total Time": 17.933,"Actual Rows": 37500,"Actual Loops": 4,"Workers": []}]}]}]}]}]},"Planning Time": 6.881,"Triggers": [],"Execution Time": 10893.482}]
[{"Plan": {"Node Type": "Sort","Parallel Aware": false,"Async Capable": false,"Startup Cost": 397889.21,"Total Cost": 399077.01,"Plan Rows": 475120,"Plan Width": 71,"Actual Startup Time": 10887.509,"Actual Total Time": 10908.132,"Actual Rows": 10,"Actual Loops": 1,"Sort Key": ["orders.o_totalprice DESC", "orders.o_orderdate"],"Sort Method": "quicksort","Sort Space Used": 25,"Sort Space Type": "Memory","Plans": [{"Node Type": "Aggregate","Strategy": "Hashed","Partial Mode": "Simple","Parent Relationship": "Outer","Parallel Aware": false,"Async Capable": false,"Startup Cost": 347151.30,"Total Cost": 353090.30,"Plan Rows": 475120,"Plan Width": 71,"Actual Startup Time": 10848.812,"Actual Total Time": 10907.941,"Actual Rows": 10,"Actual Loops": 1,"Group Key": ["customer.c_custkey", "orders.o_orderkey"],"Planned Partitions": 0,"HashAgg Batches": 1,"Peak Memory Usage": 24601,"Disk Usage": 0,"Plans": [{"Node Type": "Gather","Parent Relationship": "Outer","Parallel Aware": false,"Async Capable": false,"Startup Cost": 216528.94,"Total Cost": 343587.90,"Plan Rows": 475120,"Plan Width": 44,"Actual Startup Time": 10782.037,"Actual Total Time": 10858.151,"Actual Rows": 70,"Actual Loops": 1,"Workers Planned": 3,"Workers Launched": 3,"Single Copy": false,"Plans": [{"Node Type": "Hash Join","Parent Relationship": "Outer","Parallel Aware": true,"Async Capable": false,"Join Type": "Inner","Startup Cost": 215528.94,"Total Cost": 295075.90,"Plan Rows": 153265,"Plan Width": 44,"Actual Startup Time": 10180.765,"Actual Total Time": 10348.312,"Actual Rows": 18,"Actual Loops": 4,"Inner Unique": true,"Hash Cond": "(orders.o_custkey = customer.c_custkey)","Workers": [],"Plans": [{"Node Type": "Nested Loop","Parent Relationship": "Outer","Parallel Aware": false,"Async Capable": false,"Join Type": "Inner","Startup Cost": 210537.69,"Total Cost": 289682.32,"Plan Rows": 153265,"Plan Width": 25,"Actual Startup Time": 10142.809,"Actual Total Time": 10310.270,"Actual Rows": 18,"Actual Loops": 4,"Inner Unique": false,"Workers": [],"Plans": [{"Node Type": "Hash Join","Parent Relationship": "Outer","Parallel Aware": false,"Async Capable": false,"Join Type": "Inner","Startup Cost": 210537.26,"Total Cost": 242741.13,"Plan Rows": 38308,"Plan Width": 24,"Actual Startup Time": 10142.670,"Actual Total Time": 10309.991,"Actual Rows": 2,"Actual Loops": 4,"Inner Unique": true,"Hash Cond": "(orders.o_orderkey = lineitem_1.l_orderkey)","Workers": [],"Plans": [{"Node Type": "Seq Scan","Parent Relationship": "Outer","Parallel Aware": true,"Async Capable": false,"Relation Name": "orders","Alias": "orders","Startup Cost": 0.00,"Total Cost": 30933.71,"Plan Rows": 483871,"Plan Width": 20,"Actual Startup Time": 0.009,"Actual Total Time": 49.040,"Actual Rows": 375000,"Actual Loops": 4,"Workers": []},{"Node Type": "Hash","Parent Relationship": "Inner","Parallel Aware": false,"Async Capable": false,"Startup Cost": 209052.81,"Total Cost": 209052.81,"Plan Rows": 118756,"Plan Width": 4,"Actual Startup Time": 10075.163,"Actual Total Time": 10075.176,"Actual Rows": 10,"Actual Loops": 4,"Hash Buckets": 131072,"Original Hash Buckets": 131072,"Hash Batches": 1,"Original Hash Batches": 1,"Peak Memory Usage": 1025,"Workers": [],"Plans": [{"Node Type": "Aggregate","Strategy": "Hashed","Partial Mode": "Simple","Parent Relationship": "Outer","Parallel Aware": false,"Async Capable": false,"Startup Cost": 202521.23,"Total Cost": 207865.25,"Plan Rows": 118756,"Plan Width": 4,"Actual Startup Time": 6293.151,"Actual Total Time": 10074.968,"Actual Rows": 10,"Actual Loops": 4,"Group Key": ["lineitem_1.l_orderkey"],"Filter": "(sum(lineitem_1.l_quantity) > '312'::numeric)","Planned Partitions": 0,"HashAgg Batches": 1,"Peak Memory Usage": 638993,"Disk Usage": 0,"Rows Removed by Filter": 1499990,"Workers": [{"Worker Number": 0,"HashAgg Batches": 1,"Peak Memory Usage": 638993,"Disk Usage": 0},{"Worker Number": 1,"HashAgg Batches": 1,"Peak Memory Usage": 638993,"Disk Usage": 0},{"Worker Number": 2,"HashAgg Batches": 1,"Peak Memory Usage": 638993,"Disk Usage": 0}],"Plans": [{"Node Type": "Seq Scan","Parent Relationship": "Outer","Parallel Aware": false,"Async Capable": false,"Relation Name": "lineitem","Alias": "lineitem_1","Startup Cost": 0.00,"Total Cost": 172515.15,"Plan Rows": 6001215,"Plan Width": 9,"Actual Startup Time": 0.021,"Actual Total Time": 960.546,"Actual Rows": 6001215,"Actual Loops": 4,"Workers": []}]}]}]},{"Node Type": "Index Scan","Parent Relationship": "Inner","Parallel Aware": false,"Async Capable": false,"Scan Direction": "Forward","Index Name": "idx_lineitem_orderkey","Relation Name": "lineitem","Alias": "lineitem","Startup Cost": 0.43,"Total Cost": 1.06,"Plan Rows": 17,"Plan Width": 9,"Actual Startup Time": 0.072,"Actual Total Time": 0.079,"Actual Rows": 7,"Actual Loops": 10,"Index Cond": "(l_orderkey = orders.o_orderkey)","Rows Removed by Index Recheck": 0,"Workers": []}]},{"Node Type": "Hash","Parent Relationship": "Inner","Parallel Aware": true,"Async Capable": false,"Startup Cost": 4210.00,"Total Cost": 4210.00,"Plan Rows": 62500,"Plan Width": 23,"Actual Startup Time": 37.105,"Actual Total Time": 37.114,"Actual Rows": 37500,"Actual Loops": 4,"Hash Buckets": 262144,"Original Hash Buckets": 262144,"Hash Batches": 1,"Original Hash Batches": 1,"Peak Memory Usage": 10368,"Workers": [],"Plans": [{"Node Type": "Seq Scan","Parent Relationship": "Outer","Parallel Aware": true,"Async Capable": false,"Relation Name": "customer","Alias": "customer","Startup Cost": 0.00,"Total Cost": 4210.00,"Plan Rows": 62500,"Plan Width": 23,"Actual Startup Time": 0.025,"Actual Total Time": 19.726,"Actual Rows": 37500,"Actual Loops": 4,"Workers": []}]}]}]}]}]},"Planning Time": 6.715,"Triggers": [],"Execution Time": 10961.817}]
[{"Plan": {"Node Type": "Sort","Parallel Aware": false,"Async Capable": false,"Startup Cost": 397889.21,"Total Cost": 399077.01,"Plan Rows": 475120,"Plan Width": 71,"Actual Startup Time": 10785.011,"Actual Total Time": 10839.032,"Actual Rows": 9,"Actual Loops": 1,"Sort Key": ["orders.o_totalprice DESC", "orders.o_orderdate"],"Sort Method": "quicksort","Sort Space Used": 25,"Sort Space Type": "Memory","Plans": [{"Node Type": "Aggregate","Strategy": "Hashed","Partial Mode": "Simple","Parent Relationship": "Outer","Parallel Aware": false,"Async Capable": false,"Startup Cost": 347151.30,"Total Cost": 353090.30,"Plan Rows": 475120,"Plan Width": 71,"Actual Startup Time": 10763.855,"Actual Total Time": 10838.848,"Actual Rows": 9,"Actual Loops": 1,"Group Key": ["customer.c_custkey", "orders.o_orderkey"],"Planned Partitions": 0,"HashAgg Batches": 1,"Peak Memory Usage": 24601,"Disk Usage": 0,"Plans": [{"Node Type": "Gather","Parent Relationship": "Outer","Parallel Aware": false,"Async Capable": false,"Startup Cost": 216528.94,"Total Cost": 343587.90,"Plan Rows": 475120,"Plan Width": 44,"Actual Startup Time": 9674.071,"Actual Total Time": 10813.470,"Actual Rows": 63,"Actual Loops": 1,"Workers Planned": 3,"Workers Launched": 3,"Single Copy": false,"Plans": [{"Node Type": "Hash Join","Parent Relationship": "Outer","Parallel Aware": true,"Async Capable": false,"Join Type": "Inner","Startup Cost": 215528.94,"Total Cost": 295075.90,"Plan Rows": 153265,"Plan Width": 44,"Actual Startup Time": 10141.072,"Actual Total Time": 10312.965,"Actual Rows": 16,"Actual Loops": 4,"Inner Unique": true,"Hash Cond": "(orders.o_custkey = customer.c_custkey)","Workers": [],"Plans": [{"Node Type": "Nested Loop","Parent Relationship": "Outer","Parallel Aware": false,"Async Capable": false,"Join Type": "Inner","Startup Cost": 210537.69,"Total Cost": 289682.32,"Plan Rows": 153265,"Plan Width": 25,"Actual Startup Time": 10104.129,"Actual Total Time": 10275.947,"Actual Rows": 16,"Actual Loops": 4,"Inner Unique": false,"Workers": [],"Plans": [{"Node Type": "Hash Join","Parent Relationship": "Outer","Parallel Aware": false,"Async Capable": false,"Join Type": "Inner","Startup Cost": 210537.26,"Total Cost": 242741.13,"Plan Rows": 38308,"Plan Width": 24,"Actual Startup Time": 10104.052,"Actual Total Time": 10275.739,"Actual Rows": 2,"Actual Loops": 4,"Inner Unique": true,"Hash Cond": "(orders.o_orderkey = lineitem_1.l_orderkey)","Workers": [],"Plans": [{"Node Type": "Seq Scan","Parent Relationship": "Outer","Parallel Aware": true,"Async Capable": false,"Relation Name": "orders","Alias": "orders","Startup Cost": 0.00,"Total Cost": 30933.71,"Plan Rows": 483871,"Plan Width": 20,"Actual Startup Time": 0.007,"Actual Total Time": 53.689,"Actual Rows": 375000,"Actual Loops": 4,"Workers": []},{"Node Type": "Hash","Parent Relationship": "Inner","Parallel Aware": false,"Async Capable": false,"Startup Cost": 209052.81,"Total Cost": 209052.81,"Plan Rows": 118756,"Plan Width": 4,"Actual Startup Time": 10025.157,"Actual Total Time": 10025.166,"Actual Rows": 9,"Actual Loops": 4,"Hash Buckets": 131072,"Original Hash Buckets": 131072,"Hash Batches": 1,"Original Hash Batches": 1,"Peak Memory Usage": 1025,"Workers": [],"Plans": [{"Node Type": "Aggregate","Strategy": "Hashed","Partial Mode": "Simple","Parent Relationship": "Outer","Parallel Aware": false,"Async Capable": false,"Startup Cost": 202521.23,"Total Cost": 207865.25,"Plan Rows": 118756,"Plan Width": 4,"Actual Startup Time": 6285.839,"Actual Total Time": 10024.981,"Actual Rows": 9,"Actual Loops": 4,"Group Key": ["lineitem_1.l_orderkey"],"Filter": "(sum(lineitem_1.l_quantity) > '314'::numeric)","Planned Partitions": 0,"HashAgg Batches": 1,"Peak Memory Usage": 638993,"Disk Usage": 0,"Rows Removed by Filter": 1499991,"Workers": [{"Worker Number": 0,"HashAgg Batches": 1,"Peak Memory Usage": 638993,"Disk Usage": 0},{"Worker Number": 1,"HashAgg Batches": 1,"Peak Memory Usage": 638993,"Disk Usage": 0},{"Worker Number": 2,"HashAgg Batches": 1,"Peak Memory Usage": 638993,"Disk Usage": 0}],"Plans": [{"Node Type": "Seq Scan","Parent Relationship": "Outer","Parallel Aware": false,"Async Capable": false,"Relation Name": "lineitem","Alias": "lineitem_1","Startup Cost": 0.00,"Total Cost": 172515.15,"Plan Rows": 6001215,"Plan Width": 9,"Actual Startup Time": 0.019,"Actual Total Time": 931.752,"Actual Rows": 6001215,"Actual Loops": 4,"Workers": []}]}]}]},{"Node Type": "Index Scan","Parent Relationship": "Inner","Parallel Aware": false,"Async Capable": false,"Scan Direction": "Forward","Index Name": "idx_lineitem_orderkey","Relation Name": "lineitem","Alias": "lineitem","Startup Cost": 0.43,"Total Cost": 1.06,"Plan Rows": 17,"Plan Width": 9,"Actual Startup Time": 0.055,"Actual Total Time": 0.062,"Actual Rows": 7,"Actual Loops": 9,"Index Cond": "(l_orderkey = orders.o_orderkey)","Rows Removed by Index Recheck": 0,"Workers": []}]},{"Node Type": "Hash","Parent Relationship": "Inner","Parallel Aware": true,"Async Capable": false,"Startup Cost": 4210.00,"Total Cost": 4210.00,"Plan Rows": 62500,"Plan Width": 23,"Actual Startup Time": 36.172,"Actual Total Time": 36.190,"Actual Rows": 37500,"Actual Loops": 4,"Hash Buckets": 262144,"Original Hash Buckets": 262144,"Hash Batches": 1,"Original Hash Batches": 1,"Peak Memory Usage": 10336,"Workers": [],"Plans": [{"Node Type": "Seq Scan","Parent Relationship": "Outer","Parallel Aware": true,"Async Capable": false,"Relation Name": "customer","Alias": "customer","Startup Cost": 0.00,"Total Cost": 4210.00,"Plan Rows": 62500,"Plan Width": 23,"Actual Startup Time": 0.024,"Actual Total Time": 17.933,"Actual Rows": 37500,"Actual Loops": 4,"Workers": []}]}]}]}]}]},"Planning Time": 6.881,"Triggers": [],"Execution Time": 10893.482}]
[{"Plan": {"Node Type": "Sort","Parallel Aware": false,"Async Capable": false,"Startup Cost": 397889.21,"Total Cost": 399077.01,"Plan Rows": 475120,"Plan Width": 71,"Actual Startup Time": 10887.509,"Actual Total Time": 10908.132,"Actual Rows": 10,"Actual Loops": 1,"Sort Key": ["orders.o_totalprice DESC", "orders.o_orderdate"],"Sort Method": "quicksort","Sort Space Used": 25,"Sort Space Type": "Memory","Plans": [{"Node Type": "Aggregate","Strategy": "Hashed","Partial Mode": "Simple","Parent Relationship": "Outer","Parallel Aware": false,"Async Capable": false,"Startup Cost": 347151.30,"Total Cost": 353090.30,"Plan Rows": 475120,"Plan Width": 71,"Actual Startup Time": 10848.812,"Actual Total Time": 10907.941,"Actual Rows": 10,"Actual Loops": 1,"Group Key": ["customer.c_custkey", "orders.o_orderkey"],"Planned Partitions": 0,"HashAgg Batches": 1,"Peak Memory Usage": 24601,"Disk Usage": 0,"Plans": [{"Node Type": "Gather","Parent Relationship": "Outer","Parallel Aware": false,"Async Capable": false,"Startup Cost": 216528.94,"Total Cost": 343587.90,"Plan Rows": 475120,"Plan Width": 44,"Actual Startup Time": 10782.037,"Actual Total Time": 10858.151,"Actual Rows": 70,"Actual Loops": 1,"Workers Planned": 3,"Workers Launched": 3,"Single Copy": false,"Plans": [{"Node Type": "Hash Join","Parent Relationship": "Outer","Parallel Aware": true,"Async Capable": false,"Join Type": "Inner","Startup Cost": 215528.94,"Total Cost": 295075.90,"Plan Rows": 153265,"Plan Width": 44,"Actual Startup Time": 10180.765,"Actual Total Time": 10348.312,"Actual Rows": 18,"Actual Loops": 4,"Inner Unique": true,"Hash Cond": "(orders.o_custkey = customer.c_custkey)","Workers": [],"Plans": [{"Node Type": "Nested Loop","Parent Relationship": "Outer","Parallel Aware": false,"Async Capable": false,"Join Type": "Inner","Startup Cost": 210537.69,"Total Cost": 289682.32,"Plan Rows": 153265,"Plan Width": 25,"Actual Startup Time": 10142.809,"Actual Total Time": 10310.270,"Actual Rows": 18,"Actual Loops": 4,"Inner Unique": false,"Workers": [],"Plans": [{"Node Type": "Hash Join","Parent Relationship": "Outer","Parallel Aware": false,"Async Capable": false,"Join Type": "Inner","Startup Cost": 210537.26,"Total Cost": 242741.13,"Plan Rows": 38308,"Plan Width": 24,"Actual Startup Time": 10142.670,"Actual Total Time": 10309.991,"Actual Rows": 2,"Actual Loops": 4,"Inner Unique": true,"Hash Cond": "(orders.o_orderkey = lineitem_1.l_orderkey)","Workers": [],"Plans": [{"Node Type": "Seq Scan","Parent Relationship": "Outer","Parallel Aware": true,"Async Capable": false,"Relation Name": "orders","Alias": "orders","Startup Cost": 0.00,"Total Cost": 30933.71,"Plan Rows": 483871,"Plan Width": 20,"Actual Startup Time": 0.009,"Actual Total Time": 49.040,"Actual Rows": 375000,"Actual Loops": 4,"Workers": []},{"Node Type": "Hash","Parent Relationship": "Inner","Parallel Aware": false,"Async Capable": false,"Startup Cost": 209052.81,"Total Cost": 209052.81,"Plan Rows": 118756,"Plan Width": 4,"Actual Startup Time": 10075.163,"Actual Total Time": 10075.176,"Actual Rows": 10,"Actual Loops": 4,"Hash Buckets": 131072,"Original Hash Buckets": 131072,"Hash Batches": 1,"Original Hash Batches": 1,"Peak Memory Usage": 1025,"Workers": [],"Plans": [{"Node Type": "Aggregate","Strategy": "Hashed","Partial Mode": "Simple","Parent Relationship": "Outer","Parallel Aware": false,"Async Capable": false,"Startup Cost": 202521.23,"Total Cost": 207865.25,"Plan Rows": 118756,"Plan Width": 4,"Actual Startup Time": 6293.151,"Actual Total Time": 10074.968,"Actual Rows": 10,"Actual Loops": 4,"Group Key": ["lineitem_1.l_orderkey"],"Filter": "(sum(lineitem_1.l_quantity) > '312'::numeric)","Planned Partitions": 0,"HashAgg Batches": 1,"Peak Memory Usage": 638993,"Disk Usage": 0,"Rows Removed by Filter": 1499990,"Workers": [{"Worker Number": 0,"HashAgg Batches": 1,"Peak Memory Usage": 638993,"Disk Usage": 0},{"Worker Number": 1,"HashAgg Batches": 1,"Peak Memory Usage": 638993,"Disk Usage": 0},{"Worker Number": 2,"HashAgg Batches": 1,"Peak Memory Usage": 638993,"Disk Usage": 0}],"Plans": [{"Node Type": "Seq Scan","Parent Relationship": "Outer","Parallel Aware": false,"Async Capable": false,"Relation Name": "lineitem","Alias": "lineitem_1","Startup Cost": 0.00,"Total Cost": 172515.15,"Plan Rows": 6001215,"Plan Width": 9,"Actual Startup Time": 0.021,"Actual Total Time": 960.546,"Actual Rows": 6001215,"Actual Loops": 4,"Workers": []}]}]}]},{"Node Type": "Index Scan","Parent Relationship": "Inner","Parallel Aware": false,"Async Capable": false,"Scan Direction": "Forward","Index Name": "idx_lineitem_orderkey","Relation Name": "lineitem","Alias": "lineitem","Startup Cost": 0.43,"Total Cost": 1.06,"Plan Rows": 17,"Plan Width": 9,"Actual Startup Time": 0.072,"Actual Total Time": 0.079,"Actual Rows": 7,"Actual Loops": 10,"Index Cond": "(l_orderkey = orders.o_orderkey)","Rows Removed by Index Recheck": 0,"Workers": []}]},{"Node Type": "Hash","Parent Relationship": "Inner","Parallel Aware": true,"Async Capable": false,"Startup Cost": 4210.00,"Total Cost": 4210.00,"Plan Rows": 62500,"Plan Width": 23,"Actual Startup Time": 37.105,"Actual Total Time": 37.114,"Actual Rows": 37500,"Actual Loops": 4,"Hash Buckets": 262144,"Original Hash Buckets": 262144,"Hash Batches": 1,"Original Hash Batches": 1,"Peak Memory Usage": 10368,"Workers": [],"Plans": [{"Node Type": "Seq Scan","Parent Relationship": "Outer","Parallel Aware": true,"Async Capable": false,"Relation Name": "customer","Alias": "customer","Startup Cost": 0.00,"Total Cost": 4210.00,"Plan Rows": 62500,"Plan Width": 23,"Actual Startup Time": 0.025,"Actual Total Time": 19.726,"Actual Rows": 37500,"Actual Loops": 4,"Workers": []}]}]}]}]}]},"Planning Time": 6.715,"Triggers": [],"Execution Time": 10961.817}]
[{"Plan": {"Node Type": "Sort","Parallel Aware": false,"Async Capable": false,"Startup Cost": 397889.21,"Total Cost": 399077.01,"Plan Rows": 475120,"Plan Width": 71,"Actual Startup Time": 10785.011,"Actual Total Time": 10839.032,"Actual Rows": 9,"Actual Loops": 1,"Sort Key": ["orders.o_totalprice DESC", "orders.o_orderdate"],"Sort Method": "quicksort","Sort Space Used": 25,"Sort Space Type": "Memory","Plans": [{"Node Type": "Aggregate","Strategy": "Hashed","Partial Mode": "Simple","Parent Relationship": "Outer","Parallel Aware": false,"Async Capable": false,"Startup Cost": 347151.30,"Total Cost": 353090.30,"Plan Rows": 475120,"Plan Width": 71,"Actual Startup Time": 10763.855,"Actual Total Time": 10838.848,"Actual Rows": 9,"Actual Loops": 1,"Group Key": ["customer.c_custkey", "orders.o_orderkey"],"Planned Partitions": 0,"HashAgg Batches": 1,"Peak Memory Usage": 24601,"Disk Usage": 0,"Plans": [{"Node Type": "Gather","Parent Relationship": "Outer","Parallel Aware": false,"Async Capable": false,"Startup Cost": 216528.94,"Total Cost": 343587.90,"Plan Rows": 475120,"Plan Width": 44,"Actual Startup Time": 9674.071,"Actual Total Time": 10813.470,"Actual Rows": 63,"Actual Loops": 1,"Workers Planned": 3,"Workers Launched": 3,"Single Copy": false,"Plans": [{"Node Type": "Hash Join","Parent Relationship": "Outer","Parallel Aware": true,"Async Capable": false,"Join Type": "Inner","Startup Cost": 215528.94,"Total Cost": 295075.90,"Plan Rows": 153265,"Plan Width": 44,"Actual Startup Time": 10141.072,"Actual Total Time": 10312.965,"Actual Rows": 16,"Actual Loops": 4,"Inner Unique": true,"Hash Cond": "(orders.o_custkey = customer.c_custkey)","Workers": [],"Plans": [{"Node Type": "Nested Loop","Parent Relationship": "Outer","Parallel Aware": false,"Async Capable": false,"Join Type": "Inner","Startup Cost": 210537.69,"Total Cost": 289682.32,"Plan Rows": 153265,"Plan Width": 25,"Actual Startup Time": 10104.129,"Actual Total Time": 10275.947,"Actual Rows": 16,"Actual Loops": 4,"Inner Unique": false,"Workers": [],"Plans": [{"Node Type": "Hash Join","Parent Relationship": "Outer","Parallel Aware": false,"Async Capable": false,"Join Type": "Inner","Startup Cost": 210537.26,"Total Cost": 242741.13,"Plan Rows": 38308,"Plan Width": 24,"Actual Startup Time": 10104.052,"Actual Total Time": 10275.739,"Actual Rows": 2,"Actual Loops": 4,"Inner Unique": true,"Hash Cond": "(orders.o_orderkey = lineitem_1.l_orderkey)","Workers": [],"Plans": [{"Node Type": "Seq Scan","Parent Relationship": "Outer","Parallel Aware": true,"Async Capable": false,"Relation Name": "orders","Alias": "orders","Startup Cost": 0.00,"Total Cost": 30933.71,"Plan Rows": 483871,"Plan Width": 20,"Actual Startup Time": 0.007,"Actual Total Time": 53.689,"Actual Rows": 375000,"Actual Loops": 4,"Workers": []},{"Node Type": "Hash","Parent Relationship": "Inner","Parallel Aware": false,"Async Capable": false,"Startup Cost": 209052.81,"Total Cost": 209052.81,"Plan Rows": 118756,"Plan Width": 4,"Actual Startup Time": 10025.157,"Actual Total Time": 10025.166,"Actual Rows": 9,"Actual Loops": 4,"Hash Buckets": 131072,"Original Hash Buckets": 131072,"Hash Batches": 1,"Original Hash Batches": 1,"Peak Memory Usage": 1025,"Workers": [],"Plans": [{"Node Type": "Aggregate","Strategy": "Hashed","Partial Mode": "Simple","Parent Relationship": "Outer","Parallel Aware": false,"Async Capable": false,"Startup Cost": 202521.23,"Total Cost": 207865.25,"Plan Rows": 118756,"Plan Width": 4,"Actual Startup Time": 6285.839,"Actual Total Time": 10024.981,"Actual Rows": 9,"Actual Loops": 4,"Group Key": ["lineitem_1.l_orderkey"],"Filter": "(sum(lineitem_1.l_quantity) > '314'::numeric)","Planned Partitions": 0,"HashAgg Batches": 1,"Peak Memory Usage": 638993,"Disk Usage": 0,"Rows Removed by Filter": 1499991,"Workers": [{"Worker Number": 0,"HashAgg Batches": 1,"Peak Memory Usage": 638993,"Disk Usage": 0},{"Worker Number": 1,"HashAgg Batches": 1,"Peak Memory Usage": 638993,"Disk Usage": 0},{"Worker Number": 2,"HashAgg Batches": 1,"Peak Memory Usage": 638993,"Disk Usage": 0}],"Plans": [{"Node Type": "Seq Scan","Parent Relationship": "Outer","Parallel Aware": false,"Async Capable": false,"Relation Name": "lineitem","Alias": "lineitem_1","Startup Cost": 0.00,"Total Cost": 172515.15,"Plan Rows": 6001215,"Plan Width": 9,"Actual Startup Time": 0.019,"Actual Total Time": 931.752,"Actual Rows": 6001215,"Actual Loops": 4,"Workers": []}]}]}]},{"Node Type": "Index Scan","Parent Relationship": "Inner","Parallel Aware": false,"Async Capable": false,"Scan Direction": "Forward","Index Name": "idx_lineitem_orderkey","Relation Name": "lineitem","Alias": "lineitem","Startup Cost": 0.43,"Total Cost": 1.06,"Plan Rows": 17,"Plan Width": 9,"Actual Startup Time": 0.055,"Actual Total Time": 0.062,"Actual Rows": 7,"Actual Loops": 9,"Index Cond": "(l_orderkey = orders.o_orderkey)","Rows Removed by Index Recheck": 0,"Workers": []}]},{"Node Type": "Hash","Parent Relationship": "Inner","Parallel Aware": true,"Async Capable": false,"Startup Cost": 4210.00,"Total Cost": 4210.00,"Plan Rows": 62500,"Plan Width": 23,"Actual Startup Time": 36.172,"Actual Total Time": 36.190,"Actual Rows": 37500,"Actual Loops": 4,"Hash Buckets": 262144,"Original Hash Buckets": 262144,"Hash Batches": 1,"Original Hash Batches": 1,"Peak Memory Usage": 10336,"Workers": [],"Plans": [{"Node Type": "Seq Scan","Parent Relationship": "Outer","Parallel Aware": true,"Async Capable": false,"Relation Name": "customer","Alias": "customer","Startup Cost": 0.00,"Total Cost": 4210.00,"Plan Rows": 62500,"Plan Width": 23,"Actual Startup Time": 0.024,"Actual Total Time": 17.933,"Actual Rows": 37500,"Actual Loops": 4,"Workers": []}]}]}]}]}]},"Planning Time": 6.881,"Triggers": [],"Execution Time": 10893.482}]
[{"Plan": {"Node Type": "Sort","Parallel Aware": false,"Async Capable": false,"Startup Cost": 397889.21,"Total Cost": 399077.01,"Plan Rows": 475120,"Plan Width": 71,"Actual Startup Time": 10950.105,"Actual Total Time": 10953.954,"Actual Rows": 9,"Actual Loops": 1,"Sort Key": ["orders.o_totalprice DESC", "orders.o_orderdate"],"Sort Method": "quicksort","Sort Space Used": 25,"Sort Space Type": "Memory","Plans": [{"Node Type": "Aggregate","Strategy": "Hashed","Partial Mode": "Simple","Parent Relationship": "Outer","Parallel Aware": false,"Async Capable": false,"Startup Cost": 347151.30,"Total Cost": 353090.30,"Plan Rows": 475120,"Plan Width": 71,"Actual Startup Time": 10902.471,"Actual Total Time": 10953.715,"Actual Rows": 9,"Actual Loops": 1,"Group Key": ["customer.c_custkey", "orders.o_orderkey"],"Planned Partitions": 0,"HashAgg Batches": 1,"Peak Memory Usage": 24601,"Disk Usage": 0,"Plans": [{"Node Type": "Gather","Parent Relationship": "Outer","Parallel Aware": false,"Async Capable": false,"Startup Cost": 216528.94,"Total Cost": 343587.90,"Plan Rows": 475120,"Plan Width": 44,"Actual Startup Time": 10893.800,"Actual Total Time": 10897.693,"Actual Rows": 63,"Actual Loops": 1,"Workers Planned": 3,"Workers Launched": 3,"Single Copy": false,"Plans": [{"Node Type": "Hash Join","Parent Relationship": "Outer","Parallel Aware": true,"Async Capable": false,"Join Type": "Inner","Startup Cost": 215528.94,"Total Cost": 295075.90,"Plan Rows": 153265,"Plan Width": 44,"Actual Startup Time": 10134.253,"Actual Total Time": 10314.794,"Actual Rows": 16,"Actual Loops": 4,"Inner Unique": true,"Hash Cond": "(orders.o_custkey = customer.c_custkey)","Workers": [],"Plans": [{"Node Type": "Nested Loop","Parent Relationship": "Outer","Parallel Aware": false,"Async Capable": false,"Join Type": "Inner","Startup Cost": 210537.69,"Total Cost": 289682.32,"Plan Rows": 153265,"Plan Width": 25,"Actual Startup Time": 10099.687,"Actual Total Time": 10280.153,"Actual Rows": 16,"Actual Loops": 4,"Inner Unique": false,"Workers": [],"Plans": [{"Node Type": "Hash Join","Parent Relationship": "Outer","Parallel Aware": false,"Async Capable": false,"Join Type": "Inner","Startup Cost": 210537.26,"Total Cost": 242741.13,"Plan Rows": 38308,"Plan Width": 24,"Actual Startup Time": 10099.575,"Actual Total Time": 10279.892,"Actual Rows": 2,"Actual Loops": 4,"Inner Unique": true,"Hash Cond": "(orders.o_orderkey = lineitem_1.l_orderkey)","Workers": [],"Plans": [{"Node Type": "Seq Scan","Parent Relationship": "Outer","Parallel Aware": true,"Async Capable": false,"Relation Name": "orders","Alias": "orders","Startup Cost": 0.00,"Total Cost": 30933.71,"Plan Rows": 483871,"Plan Width": 20,"Actual Startup Time": 0.011,"Actual Total Time": 51.627,"Actual Rows": 375000,"Actual Loops": 4,"Workers": []},{"Node Type": "Hash","Parent Relationship": "Inner","Parallel Aware": false,"Async Capable": false,"Startup Cost": 209052.81,"Total Cost": 209052.81,"Plan Rows": 118756,"Plan Width": 4,"Actual Startup Time": 10016.825,"Actual Total Time": 10016.839,"Actual Rows": 9,"Actual Loops": 4,"Hash Buckets": 131072,"Original Hash Buckets": 131072,"Hash Batches": 1,"Original Hash Batches": 1,"Peak Memory Usage": 1025,"Workers": [],"Plans": [{"Node Type": "Aggregate","Strategy": "Hashed","Partial Mode": "Simple","Parent Relationship": "Outer","Parallel Aware": false,"Async Capable": false,"Startup Cost": 202521.23,"Total Cost": 207865.25,"Plan Rows": 118756,"Plan Width": 4,"Actual Startup Time": 6319.140,"Actual Total Time": 10016.671,"Actual Rows": 9,"Actual Loops": 4,"Group Key": ["lineitem_1.l_orderkey"],"Filter": "(sum(lineitem_1.l_quantity) > '315'::numeric)","Planned Partitions": 0,"HashAgg Batches": 1,"Peak Memory Usage": 638993,"Disk Usage": 0,"Rows Removed by Filter": 1499991,"Workers": [{"Worker Number": 0,"HashAgg Batches": 1,"Peak Memory Usage": 638993,"Disk Usage": 0},{"Worker Number": 1,"HashAgg Batches": 1,"Peak Memory Usage": 638993,"Disk Usage": 0},{"Worker Number": 2,"HashAgg Batches": 1,"Peak Memory Usage": 638993,"Disk Usage": 0}],"Plans": [{"Node Type": "Seq Scan","Parent Relationship": "Outer","Parallel Aware": false,"Async Capable": false,"Relation Name": "lineitem","Alias": "lineitem_1","Startup Cost": 0.00,"Total Cost": 172515.15,"Plan Rows": 6001215,"Plan Width": 9,"Actual Startup Time": 0.018,"Actual Total Time": 971.843,"Actual Rows": 6001215,"Actual Loops": 4,"Workers": []}]}]}]},{"Node Type": "Index Scan","Parent Relationship": "Inner","Parallel Aware": false,"Async Capable": false,"Scan Direction": "Forward","Index Name": "idx_lineitem_orderkey","Relation Name": "lineitem","Alias": "lineitem","Startup Cost": 0.43,"Total Cost": 1.06,"Plan Rows": 17,"Plan Width": 9,"Actual Startup Time": 0.069,"Actual Total Time": 0.079,"Actual Rows": 7,"Actual Loops": 9,"Index Cond": "(l_orderkey = orders.o_orderkey)","Rows Removed by Index Recheck": 0,"Workers": []}]},{"Node Type": "Hash","Parent Relationship": "Inner","Parallel Aware": true,"Async Capable": false,"Startup Cost": 4210.00,"Total Cost": 4210.00,"Plan Rows": 62500,"Plan Width": 23,"Actual Startup Time": 33.677,"Actual Total Time": 33.684,"Actual Rows": 37500,"Actual Loops": 4,"Hash Buckets": 262144,"Original Hash Buckets": 262144,"Hash Batches": 1,"Original Hash Batches": 1,"Peak Memory Usage": 10368,"Workers": [],"Plans": [{"Node Type": "Seq Scan","Parent Relationship": "Outer","Parallel Aware": true,"Async Capable": false,"Relation Name": "customer","Alias": "customer","Startup Cost": 0.00,"Total Cost": 4210.00,"Plan Rows": 62500,"Plan Width": 23,"Actual Startup Time": 0.019,"Actual Total Time": 16.715,"Actual Rows": 37500,"Actual Loops": 4,"Workers": []}]}]}]}]}]},"Planning Time": 6.132,"Triggers": [],"Execution Time": 11002.531}]
[{"Plan": {"Node Type": "Sort","Parallel Aware": false,"Async Capable": false,"Startup Cost": 397889.21,"Total Cost": 399077.01,"Plan Rows": 475120,"Plan Width": 71,"Actual Startup Time": 10887.509,"Actual Total Time": 10908.132,"Actual Rows": 10,"Actual Loops": 1,"Sort Key": ["orders.o_totalprice DESC", "orders.o_orderdate"],"Sort Method": "quicksort","Sort Space Used": 25,"Sort Space Type": "Memory","Plans": [{"Node Type": "Aggregate","Strategy": "Hashed","Partial Mode": "Simple","Parent Relationship": "Outer","Parallel Aware": false,"Async Capable": false,"Startup Cost": 347151.30,"Total Cost": 353090.30,"Plan Rows": 475120,"Plan Width": 71,"Actual Startup Time": 10848.812,"Actual Total Time": 10907.941,"Actual Rows": 10,"Actual Loops": 1,"Group Key": ["customer.c_custkey", "orders.o_orderkey"],"Planned Partitions": 0,"HashAgg Batches": 1,"Peak Memory Usage": 24601,"Disk Usage": 0,"Plans": [{"Node Type": "Gather","Parent Relationship": "Outer","Parallel Aware": false,"Async Capable": false,"Startup Cost": 216528.94,"Total Cost": 343587.90,"Plan Rows": 475120,"Plan Width": 44,"Actual Startup Time": 10782.037,"Actual Total Time": 10858.151,"Actual Rows": 70,"Actual Loops": 1,"Workers Planned": 3,"Workers Launched": 3,"Single Copy": false,"Plans": [{"Node Type": "Hash Join","Parent Relationship": "Outer","Parallel Aware": true,"Async Capable": false,"Join Type": "Inner","Startup Cost": 215528.94,"Total Cost": 295075.90,"Plan Rows": 153265,"Plan Width": 44,"Actual Startup Time": 10180.765,"Actual Total Time": 10348.312,"Actual Rows": 18,"Actual Loops": 4,"Inner Unique": true,"Hash Cond": "(orders.o_custkey = customer.c_custkey)","Workers": [],"Plans": [{"Node Type": "Nested Loop","Parent Relationship": "Outer","Parallel Aware": false,"Async Capable": false,"Join Type": "Inner","Startup Cost": 210537.69,"Total Cost": 289682.32,"Plan Rows": 153265,"Plan Width": 25,"Actual Startup Time": 10142.809,"Actual Total Time": 10310.270,"Actual Rows": 18,"Actual Loops": 4,"Inner Unique": false,"Workers": [],"Plans": [{"Node Type": "Hash Join","Parent Relationship": "Outer","Parallel Aware": false,"Async Capable": false,"Join Type": "Inner","Startup Cost": 210537.26,"Total Cost": 242741.13,"Plan Rows": 38308,"Plan Width": 24,"Actual Startup Time": 10142.670,"Actual Total Time": 10309.991,"Actual Rows": 2,"Actual Loops": 4,"Inner Unique": true,"Hash Cond": "(orders.o_orderkey = lineitem_1.l_orderkey)","Workers": [],"Plans": [{"Node Type": "Seq Scan","Parent Relationship": "Outer","Parallel Aware": true,"Async Capable": false,"Relation Name": "orders","Alias": "orders","Startup Cost": 0.00,"Total Cost": 30933.71,"Plan Rows": 483871,"Plan Width": 20,"Actual Startup Time": 0.009,"Actual Total Time": 49.040,"Actual Rows": 375000,"Actual Loops": 4,"Workers": []},{"Node Type": "Hash","Parent Relationship": "Inner","Parallel Aware": false,"Async Capable": false,"Startup Cost": 209052.81,"Total Cost": 209052.81,"Plan Rows": 118756,"Plan Width": 4,"Actual Startup Time": 10075.163,"Actual Total Time": 10075.176,"Actual Rows": 10,"Actual Loops": 4,"Hash Buckets": 131072,"Original Hash Buckets": 131072,"Hash Batches": 1,"Original Hash Batches": 1,"Peak Memory Usage": 1025,"Workers": [],"Plans": [{"Node Type": "Aggregate","Strategy": "Hashed","Partial Mode": "Simple","Parent Relationship": "Outer","Parallel Aware": false,"Async Capable": false,"Startup Cost": 202521.23,"Total Cost": 207865.25,"Plan Rows": 118756,"Plan Width": 4,"Actual Startup Time": 6293.151,"Actual Total Time": 10074.968,"Actual Rows": 10,"Actual Loops": 4,"Group Key": ["lineitem_1.l_orderkey"],"Filter": "(sum(lineitem_1.l_quantity) > '312'::numeric)","Planned Partitions": 0,"HashAgg Batches": 1,"Peak Memory Usage": 638993,"Disk Usage": 0,"Rows Removed by Filter": 1499990,"Workers": [{"Worker Number": 0,"HashAgg Batches": 1,"Peak Memory Usage": 638993,"Disk Usage": 0},{"Worker Number": 1,"HashAgg Batches": 1,"Peak Memory Usage": 638993,"Disk Usage": 0},{"Worker Number": 2,"HashAgg Batches": 1,"Peak Memory Usage": 638993,"Disk Usage": 0}],"Plans": [{"Node Type": "Seq Scan","Parent Relationship": "Outer","Parallel Aware": false,"Async Capable": false,"Relation Name": "lineitem","Alias": "lineitem_1","Startup Cost": 0.00,"Total Cost": 172515.15,"Plan Rows": 6001215,"Plan Width": 9,"Actual Startup Time": 0.021,"Actual Total Time": 960.546,"Actual Rows": 6001215,"Actual Loops": 4,"Workers": []}]}]}]},{"Node Type": "Index Scan","Parent Relationship": "Inner","Parallel Aware": false,"Async Capable": false,"Scan Direction": "Forward","Index Name": "idx_lineitem_orderkey","Relation Name": "lineitem","Alias": "lineitem","Startup Cost": 0.43,"Total Cost": 1.06,"Plan Rows": 17,"Plan Width": 9,"Actual Startup Time": 0.072,"Actual Total Time": 0.079,"Actual Rows": 7,"Actual Loops": 10,"Index Cond": "(l_orderkey = orders.o_orderkey)","Rows Removed by Index Recheck": 0,"Workers": []}]},{"Node Type": "Hash","Parent Relationship": "Inner","Parallel Aware": true,"Async Capable": false,"Startup Cost": 4210.00,"Total Cost": 4210.00,"Plan Rows": 62500,"Plan Width": 23,"Actual Startup Time": 37.105,"Actual Total Time": 37.114,"Actual Rows": 37500,"Actual Loops": 4,"Hash Buckets": 262144,"Original Hash Buckets": 262144,"Hash Batches": 1,"Original Hash Batches": 1,"Peak Memory Usage": 10368,"Workers": [],"Plans": [{"Node Type": "Seq Scan","Parent Relationship": "Outer","Parallel Aware": true,"Async Capable": false,"Relation Name": "customer","Alias": "customer","Startup Cost": 0.00,"Total Cost": 4210.00,"Plan Rows": 62500,"Plan Width": 23,"Actual Startup Time": 0.025,"Actual Total Time": 19.726,"Actual Rows": 37500,"Actual Loops": 4,"Workers": []}]}]}]}]}]},"Planning Time": 6.715,"Triggers": [],"Execution Time": 10961.817}]
[{"Plan": {"Node Type": "Sort","Parallel Aware": false,"Async Capable": false,"Startup Cost": 397889.21,"Total Cost": 399077.01,"Plan Rows": 475120,"Plan Width": 71,"Actual Startup Time": 10950.105,"Actual Total Time": 10953.954,"Actual Rows": 9,"Actual Loops": 1,"Sort Key": ["orders.o_totalprice DESC", "orders.o_orderdate"],"Sort Method": "quicksort","Sort Space Used": 25,"Sort Space Type": "Memory","Plans": [{"Node Type": "Aggregate","Strategy": "Hashed","Partial Mode": "Simple","Parent Relationship": "Outer","Parallel Aware": false,"Async Capable": false,"Startup Cost": 347151.30,"Total Cost": 353090.30,"Plan Rows": 475120,"Plan Width": 71,"Actual Startup Time": 10902.471,"Actual Total Time": 10953.715,"Actual Rows": 9,"Actual Loops": 1,"Group Key": ["customer.c_custkey", "orders.o_orderkey"],"Planned Partitions": 0,"HashAgg Batches": 1,"Peak Memory Usage": 24601,"Disk Usage": 0,"Plans": [{"Node Type": "Gather","Parent Relationship": "Outer","Parallel Aware": false,"Async Capable": false,"Startup Cost": 216528.94,"Total Cost": 343587.90,"Plan Rows": 475120,"Plan Width": 44,"Actual Startup Time": 10893.800,"Actual Total Time": 10897.693,"Actual Rows": 63,"Actual Loops": 1,"Workers Planned": 3,"Workers Launched": 3,"Single Copy": false,"Plans": [{"Node Type": "Hash Join","Parent Relationship": "Outer","Parallel Aware": true,"Async Capable": false,"Join Type": "Inner","Startup Cost": 215528.94,"Total Cost": 295075.90,"Plan Rows": 153265,"Plan Width": 44,"Actual Startup Time": 10134.253,"Actual Total Time": 10314.794,"Actual Rows": 16,"Actual Loops": 4,"Inner Unique": true,"Hash Cond": "(orders.o_custkey = customer.c_custkey)","Workers": [],"Plans": [{"Node Type": "Nested Loop","Parent Relationship": "Outer","Parallel Aware": false,"Async Capable": false,"Join Type": "Inner","Startup Cost": 210537.69,"Total Cost": 289682.32,"Plan Rows": 153265,"Plan Width": 25,"Actual Startup Time": 10099.687,"Actual Total Time": 10280.153,"Actual Rows": 16,"Actual Loops": 4,"Inner Unique": false,"Workers": [],"Plans": [{"Node Type": "Hash Join","Parent Relationship": "Outer","Parallel Aware": false,"Async Capable": false,"Join Type": "Inner","Startup Cost": 210537.26,"Total Cost": 242741.13,"Plan Rows": 38308,"Plan Width": 24,"Actual Startup Time": 10099.575,"Actual Total Time": 10279.892,"Actual Rows": 2,"Actual Loops": 4,"Inner Unique": true,"Hash Cond": "(orders.o_orderkey = lineitem_1.l_orderkey)","Workers": [],"Plans": [{"Node Type": "Seq Scan","Parent Relationship": "Outer","Parallel Aware": true,"Async Capable": false,"Relation Name": "orders","Alias": "orders","Startup Cost": 0.00,"Total Cost": 30933.71,"Plan Rows": 483871,"Plan Width": 20,"Actual Startup Time": 0.011,"Actual Total Time": 51.627,"Actual Rows": 375000,"Actual Loops": 4,"Workers": []},{"Node Type": "Hash","Parent Relationship": "Inner","Parallel Aware": false,"Async Capable": false,"Startup Cost": 209052.81,"Total Cost": 209052.81,"Plan Rows": 118756,"Plan Width": 4,"Actual Startup Time": 10016.825,"Actual Total Time": 10016.839,"Actual Rows": 9,"Actual Loops": 4,"Hash Buckets": 131072,"Original Hash Buckets": 131072,"Hash Batches": 1,"Original Hash Batches": 1,"Peak Memory Usage": 1025,"Workers": [],"Plans": [{"Node Type": "Aggregate","Strategy": "Hashed","Partial Mode": "Simple","Parent Relationship": "Outer","Parallel Aware": false,"Async Capable": false,"Startup Cost": 202521.23,"Total Cost": 207865.25,"Plan Rows": 118756,"Plan Width": 4,"Actual Startup Time": 6319.140,"Actual Total Time": 10016.671,"Actual Rows": 9,"Actual Loops": 4,"Group Key": ["lineitem_1.l_orderkey"],"Filter": "(sum(lineitem_1.l_quantity) > '315'::numeric)","Planned Partitions": 0,"HashAgg Batches": 1,"Peak Memory Usage": 638993,"Disk Usage": 0,"Rows Removed by Filter": 1499991,"Workers": [{"Worker Number": 0,"HashAgg Batches": 1,"Peak Memory Usage": 638993,"Disk Usage": 0},{"Worker Number": 1,"HashAgg Batches": 1,"Peak Memory Usage": 638993,"Disk Usage": 0},{"Worker Number": 2,"HashAgg Batches": 1,"Peak Memory Usage": 638993,"Disk Usage": 0}],"Plans": [{"Node Type": "Seq Scan","Parent Relationship": "Outer","Parallel Aware": false,"Async Capable": false,"Relation Name": "lineitem","Alias": "lineitem_1","Startup Cost": 0.00,"Total Cost": 172515.15,"Plan Rows": 6001215,"Plan Width": 9,"Actual Startup Time": 0.018,"Actual Total Time": 971.843,"Actual Rows": 6001215,"Actual Loops": 4,"Workers": []}]}]}]},{"Node Type": "Index Scan","Parent Relationship": "Inner","Parallel Aware": false,"Async Capable": false,"Scan Direction": "Forward","Index Name": "idx_lineitem_orderkey","Relation Name": "lineitem","Alias": "lineitem","Startup Cost": 0.43,"Total Cost": 1.06,"Plan Rows": 17,"Plan Width": 9,"Actual Startup Time": 0.069,"Actual Total Time": 0.079,"Actual Rows": 7,"Actual Loops": 9,"Index Cond": "(l_orderkey = orders.o_orderkey)","Rows Removed by Index Recheck": 0,"Workers": []}]},{"Node Type": "Hash","Parent Relationship": "Inner","Parallel Aware": true,"Async Capable": false,"Startup Cost": 4210.00,"Total Cost": 4210.00,"Plan Rows": 62500,"Plan Width": 23,"Actual Startup Time": 33.677,"Actual Total Time": 33.684,"Actual Rows": 37500,"Actual Loops": 4,"Hash Buckets": 262144,"Original Hash Buckets": 262144,"Hash Batches": 1,"Original Hash Batches": 1,"Peak Memory Usage": 10368,"Workers": [],"Plans": [{"Node Type": "Seq Scan","Parent Relationship": "Outer","Parallel Aware": true,"Async Capable": false,"Relation Name": "customer","Alias": "customer","Startup Cost": 0.00,"Total Cost": 4210.00,"Plan Rows": 62500,"Plan Width": 23,"Actual Startup Time": 0.019,"Actual Total Time": 16.715,"Actual Rows": 37500,"Actual Loops": 4,"Workers": []}]}]}]}]}]},"Planning Time": 6.132,"Triggers": [],"Execution Time": 11002.531}]
[{"Plan": {"Node Type": "Sort","Parallel Aware": false,"Async Capable": false,"Startup Cost": 397889.21,"Total Cost": 399077.01,"Plan Rows": 475120,"Plan Width": 71,"Actual Startup Time": 10950.105,"Actual Total Time": 10953.954,"Actual Rows": 9,"Actual Loops": 1,"Sort Key": ["orders.o_totalprice DESC", "orders.o_orderdate"],"Sort Method": "quicksort","Sort Space Used": 25,"Sort Space Type": "Memory","Plans": [{"Node Type": "Aggregate","Strategy": "Hashed","Partial Mode": "Simple","Parent Relationship": "Outer","Parallel Aware": false,"Async Capable": false,"Startup Cost": 347151.30,"Total Cost": 353090.30,"Plan Rows": 475120,"Plan Width": 71,"Actual Startup Time": 10902.471,"Actual Total Time": 10953.715,"Actual Rows": 9,"Actual Loops": 1,"Group Key": ["customer.c_custkey", "orders.o_orderkey"],"Planned Partitions": 0,"HashAgg Batches": 1,"Peak Memory Usage": 24601,"Disk Usage": 0,"Plans": [{"Node Type": "Gather","Parent Relationship": "Outer","Parallel Aware": false,"Async Capable": false,"Startup Cost": 216528.94,"Total Cost": 343587.90,"Plan Rows": 475120,"Plan Width": 44,"Actual Startup Time": 10893.800,"Actual Total Time": 10897.693,"Actual Rows": 63,"Actual Loops": 1,"Workers Planned": 3,"Workers Launched": 3,"Single Copy": false,"Plans": [{"Node Type": "Hash Join","Parent Relationship": "Outer","Parallel Aware": true,"Async Capable": false,"Join Type": "Inner","Startup Cost": 215528.94,"Total Cost": 295075.90,"Plan Rows": 153265,"Plan Width": 44,"Actual Startup Time": 10134.253,"Actual Total Time": 10314.794,"Actual Rows": 16,"Actual Loops": 4,"Inner Unique": true,"Hash Cond": "(orders.o_custkey = customer.c_custkey)","Workers": [],"Plans": [{"Node Type": "Nested Loop","Parent Relationship": "Outer","Parallel Aware": false,"Async Capable": false,"Join Type": "Inner","Startup Cost": 210537.69,"Total Cost": 289682.32,"Plan Rows": 153265,"Plan Width": 25,"Actual Startup Time": 10099.687,"Actual Total Time": 10280.153,"Actual Rows": 16,"Actual Loops": 4,"Inner Unique": false,"Workers": [],"Plans": [{"Node Type": "Hash Join","Parent Relationship": "Outer","Parallel Aware": false,"Async Capable": false,"Join Type": "Inner","Startup Cost": 210537.26,"Total Cost": 242741.13,"Plan Rows": 38308,"Plan Width": 24,"Actual Startup Time": 10099.575,"Actual Total Time": 10279.892,"Actual Rows": 2,"Actual Loops": 4,"Inner Unique": true,"Hash Cond": "(orders.o_orderkey = lineitem_1.l_orderkey)","Workers": [],"Plans": [{"Node Type": "Seq Scan","Parent Relationship": "Outer","Parallel Aware": true,"Async Capable": false,"Relation Name": "orders","Alias": "orders","Startup Cost": 0.00,"Total Cost": 30933.71,"Plan Rows": 483871,"Plan Width": 20,"Actual Startup Time": 0.011,"Actual Total Time": 51.627,"Actual Rows": 375000,"Actual Loops": 4,"Workers": []},{"Node Type": "Hash","Parent Relationship": "Inner","Parallel Aware": false,"Async Capable": false,"Startup Cost": 209052.81,"Total Cost": 209052.81,"Plan Rows": 118756,"Plan Width": 4,"Actual Startup Time": 10016.825,"Actual Total Time": 10016.839,"Actual Rows": 9,"Actual Loops": 4,"Hash Buckets": 131072,"Original Hash Buckets": 131072,"Hash Batches": 1,"Original Hash Batches": 1,"Peak Memory Usage": 1025,"Workers": [],"Plans": [{"Node Type": "Aggregate","Strategy": "Hashed","Partial Mode": "Simple","Parent Relationship": "Outer","Parallel Aware": false,"Async Capable": false,"Startup Cost": 202521.23,"Total Cost": 207865.25,"Plan Rows": 118756,"Plan Width": 4,"Actual Startup Time": 6319.140,"Actual Total Time": 10016.671,"Actual Rows": 9,"Actual Loops": 4,"Group Key": ["lineitem_1.l_orderkey"],"Filter": "(sum(lineitem_1.l_quantity) > '315'::numeric)","Planned Partitions": 0,"HashAgg Batches": 1,"Peak Memory Usage": 638993,"Disk Usage": 0,"Rows Removed by Filter": 1499991,"Workers": [{"Worker Number": 0,"HashAgg Batches": 1,"Peak Memory Usage": 638993,"Disk Usage": 0},{"Worker Number": 1,"HashAgg Batches": 1,"Peak Memory Usage": 638993,"Disk Usage": 0},{"Worker Number": 2,"HashAgg Batches": 1,"Peak Memory Usage": 638993,"Disk Usage": 0}],"Plans": [{"Node Type": "Seq Scan","Parent Relationship": "Outer","Parallel Aware": false,"Async Capable": false,"Relation Name": "lineitem","Alias": "lineitem_1","Startup Cost": 0.00,"Total Cost": 172515.15,"Plan Rows": 6001215,"Plan Width": 9,"Actual Startup Time": 0.018,"Actual Total Time": 971.843,"Actual Rows": 6001215,"Actual Loops": 4,"Workers": []}]}]}]},{"Node Type": "Index Scan","Parent Relationship": "Inner","Parallel Aware": false,"Async Capable": false,"Scan Direction": "Forward","Index Name": "idx_lineitem_orderkey","Relation Name": "lineitem","Alias": "lineitem","Startup Cost": 0.43,"Total Cost": 1.06,"Plan Rows": 17,"Plan Width": 9,"Actual Startup Time": 0.069,"Actual Total Time": 0.079,"Actual Rows": 7,"Actual Loops": 9,"Index Cond": "(l_orderkey = orders.o_orderkey)","Rows Removed by Index Recheck": 0,"Workers": []}]},{"Node Type": "Hash","Parent Relationship": "Inner","Parallel Aware": true,"Async Capable": false,"Startup Cost": 4210.00,"Total Cost": 4210.00,"Plan Rows": 62500,"Plan Width": 23,"Actual Startup Time": 33.677,"Actual Total Time": 33.684,"Actual Rows": 37500,"Actual Loops": 4,"Hash Buckets": 262144,"Original Hash Buckets": 262144,"Hash Batches": 1,"Original Hash Batches": 1,"Peak Memory Usage": 10368,"Workers": [],"Plans": [{"Node Type": "Seq Scan","Parent Relationship": "Outer","Parallel Aware": true,"Async Capable": false,"Relation Name": "customer","Alias": "customer","Startup Cost": 0.00,"Total Cost": 4210.00,"Plan Rows": 62500,"Plan Width": 23,"Actual Startup Time": 0.019,"Actual Total Time": 16.715,"Actual Rows": 37500,"Actual Loops": 4,"Workers": []}]}]}]}]}]},"Planning Time": 6.132,"Triggers": [],"Execution Time": 11002.531}]
[{"Plan": {"Node Type": "Sort","Parallel Aware": false,"Async Capable": false,"Startup Cost": 397889.21,"Total Cost": 399077.01,"Plan Rows": 475120,"Plan Width": 71,"Actual Startup Time": 10887.509,"Actual Total Time": 10908.132,"Actual Rows": 10,"Actual Loops": 1,"Sort Key": ["orders.o_totalprice DESC", "orders.o_orderdate"],"Sort Method": "quicksort","Sort Space Used": 25,"Sort Space Type": "Memory","Plans": [{"Node Type": "Aggregate","Strategy": "Hashed","Partial Mode": "Simple","Parent Relationship": "Outer","Parallel Aware": false,"Async Capable": false,"Startup Cost": 347151.30,"Total Cost": 353090.30,"Plan Rows": 475120,"Plan Width": 71,"Actual Startup Time": 10848.812,"Actual Total Time": 10907.941,"Actual Rows": 10,"Actual Loops": 1,"Group Key": ["customer.c_custkey", "orders.o_orderkey"],"Planned Partitions": 0,"HashAgg Batches": 1,"Peak Memory Usage": 24601,"Disk Usage": 0,"Plans": [{"Node Type": "Gather","Parent Relationship": "Outer","Parallel Aware": false,"Async Capable": false,"Startup Cost": 216528.94,"Total Cost": 343587.90,"Plan Rows": 475120,"Plan Width": 44,"Actual Startup Time": 10782.037,"Actual Total Time": 10858.151,"Actual Rows": 70,"Actual Loops": 1,"Workers Planned": 3,"Workers Launched": 3,"Single Copy": false,"Plans": [{"Node Type": "Hash Join","Parent Relationship": "Outer","Parallel Aware": true,"Async Capable": false,"Join Type": "Inner","Startup Cost": 215528.94,"Total Cost": 295075.90,"Plan Rows": 153265,"Plan Width": 44,"Actual Startup Time": 10180.765,"Actual Total Time": 10348.312,"Actual Rows": 18,"Actual Loops": 4,"Inner Unique": true,"Hash Cond": "(orders.o_custkey = customer.c_custkey)","Workers": [],"Plans": [{"Node Type": "Nested Loop","Parent Relationship": "Outer","Parallel Aware": false,"Async Capable": false,"Join Type": "Inner","Startup Cost": 210537.69,"Total Cost": 289682.32,"Plan Rows": 153265,"Plan Width": 25,"Actual Startup Time": 10142.809,"Actual Total Time": 10310.270,"Actual Rows": 18,"Actual Loops": 4,"Inner Unique": false,"Workers": [],"Plans": [{"Node Type": "Hash Join","Parent Relationship": "Outer","Parallel Aware": false,"Async Capable": false,"Join Type": "Inner","Startup Cost": 210537.26,"Total Cost": 242741.13,"Plan Rows": 38308,"Plan Width": 24,"Actual Startup Time": 10142.670,"Actual Total Time": 10309.991,"Actual Rows": 2,"Actual Loops": 4,"Inner Unique": true,"Hash Cond": "(orders.o_orderkey = lineitem_1.l_orderkey)","Workers": [],"Plans": [{"Node Type": "Seq Scan","Parent Relationship": "Outer","Parallel Aware": true,"Async Capable": false,"Relation Name": "orders","Alias": "orders","Startup Cost": 0.00,"Total Cost": 30933.71,"Plan Rows": 483871,"Plan Width": 20,"Actual Startup Time": 0.009,"Actual Total Time": 49.040,"Actual Rows": 375000,"Actual Loops": 4,"Workers": []},{"Node Type": "Hash","Parent Relationship": "Inner","Parallel Aware": false,"Async Capable": false,"Startup Cost": 209052.81,"Total Cost": 209052.81,"Plan Rows": 118756,"Plan Width": 4,"Actual Startup Time": 10075.163,"Actual Total Time": 10075.176,"Actual Rows": 10,"Actual Loops": 4,"Hash Buckets": 131072,"Original Hash Buckets": 131072,"Hash Batches": 1,"Original Hash Batches": 1,"Peak Memory Usage": 1025,"Workers": [],"Plans": [{"Node Type": "Aggregate","Strategy": "Hashed","Partial Mode": "Simple","Parent Relationship": "Outer","Parallel Aware": false,"Async Capable": false,"Startup Cost": 202521.23,"Total Cost": 207865.25,"Plan Rows": 118756,"Plan Width": 4,"Actual Startup Time": 6293.151,"Actual Total Time": 10074.968,"Actual Rows": 10,"Actual Loops": 4,"Group Key": ["lineitem_1.l_orderkey"],"Filter": "(sum(lineitem_1.l_quantity) > '312'::numeric)","Planned Partitions": 0,"HashAgg Batches": 1,"Peak Memory Usage": 638993,"Disk Usage": 0,"Rows Removed by Filter": 1499990,"Workers": [{"Worker Number": 0,"HashAgg Batches": 1,"Peak Memory Usage": 638993,"Disk Usage": 0},{"Worker Number": 1,"HashAgg Batches": 1,"Peak Memory Usage": 638993,"Disk Usage": 0},{"Worker Number": 2,"HashAgg Batches": 1,"Peak Memory Usage": 638993,"Disk Usage": 0}],"Plans": [{"Node Type": "Seq Scan","Parent Relationship": "Outer","Parallel Aware": false,"Async Capable": false,"Relation Name": "lineitem","Alias": "lineitem_1","Startup Cost": 0.00,"Total Cost": 172515.15,"Plan Rows": 6001215,"Plan Width": 9,"Actual Startup Time": 0.021,"Actual Total Time": 960.546,"Actual Rows": 6001215,"Actual Loops": 4,"Workers": []}]}]}]},{"Node Type": "Index Scan","Parent Relationship": "Inner","Parallel Aware": false,"Async Capable": false,"Scan Direction": "Forward","Index Name": "idx_lineitem_orderkey","Relation Name": "lineitem","Alias": "lineitem","Startup Cost": 0.43,"Total Cost": 1.06,"Plan Rows": 17,"Plan Width": 9,"Actual Startup Time": 0.072,"Actual Total Time": 0.079,"Actual Rows": 7,"Actual Loops": 10,"Index Cond": "(l_orderkey = orders.o_orderkey)","Rows Removed by Index Recheck": 0,"Workers": []}]},{"Node Type": "Hash","Parent Relationship": "Inner","Parallel Aware": true,"Async Capable": false,"Startup Cost": 4210.00,"Total Cost": 4210.00,"Plan Rows": 62500,"Plan Width": 23,"Actual Startup Time": 37.105,"Actual Total Time": 37.114,"Actual Rows": 37500,"Actual Loops": 4,"Hash Buckets": 262144,"Original Hash Buckets": 262144,"Hash Batches": 1,"Original Hash Batches": 1,"Peak Memory Usage": 10368,"Workers": [],"Plans": [{"Node Type": "Seq Scan","Parent Relationship": "Outer","Parallel Aware": true,"Async Capable": false,"Relation Name": "customer","Alias": "customer","Startup Cost": 0.00,"Total Cost": 4210.00,"Plan Rows": 62500,"Plan Width": 23,"Actual Startup Time": 0.025,"Actual Total Time": 19.726,"Actual Rows": 37500,"Actual Loops": 4,"Workers": []}]}]}]}]}]},"Planning Time": 6.715,"Triggers": [],"Execution Time": 10961.817}]
[{"Plan": {"Node Type": "Sort","Parallel Aware": false,"Async Capable": false,"Startup Cost": 397889.21,"Total Cost": 399077.01,"Plan Rows": 475120,"Plan Width": 71,"Actual Startup Time": 10345.847,"Actual Total Time": 10377.998,"Actual Rows": 9,"Actual Loops": 1,"Sort Key": ["orders.o_totalprice DESC", "orders.o_orderdate"],"Sort Method": "quicksort","Sort Space Used": 25,"Sort Space Type": "Memory","Plans": [{"Node Type": "Aggregate","Strategy": "Hashed","Partial Mode": "Simple","Parent Relationship": "Outer","Parallel Aware": false,"Async Capable": false,"Startup Cost": 347151.30,"Total Cost": 353090.30,"Plan Rows": 475120,"Plan Width": 71,"Actual Startup Time": 10329.232,"Actual Total Time": 10377.856,"Actual Rows": 9,"Actual Loops": 1,"Group Key": ["customer.c_custkey", "orders.o_orderkey"],"Planned Partitions": 0,"HashAgg Batches": 1,"Peak Memory Usage": 24601,"Disk Usage": 0,"Plans": [{"Node Type": "Gather","Parent Relationship": "Outer","Parallel Aware": false,"Async Capable": false,"Startup Cost": 216528.94,"Total Cost": 343587.90,"Plan Rows": 475120,"Plan Width": 44,"Actual Startup Time": 10053.961,"Actual Total Time": 10357.615,"Actual Rows": 63,"Actual Loops": 1,"Workers Planned": 3,"Workers Launched": 3,"Single Copy": false,"Plans": [{"Node Type": "Hash Join","Parent Relationship": "Outer","Parallel Aware": true,"Async Capable": false,"Join Type": "Inner","Startup Cost": 215528.94,"Total Cost": 295075.90,"Plan Rows": 153265,"Plan Width": 44,"Actual Startup Time": 10157.696,"Actual Total Time": 10258.651,"Actual Rows": 16,"Actual Loops": 4,"Inner Unique": true,"Hash Cond": "(orders.o_custkey = customer.c_custkey)","Workers": [],"Plans": [{"Node Type": "Nested Loop","Parent Relationship": "Outer","Parallel Aware": false,"Async Capable": false,"Join Type": "Inner","Startup Cost": 210537.69,"Total Cost": 289682.32,"Plan Rows": 153265,"Plan Width": 25,"Actual Startup Time": 10123.332,"Actual Total Time": 10224.239,"Actual Rows": 16,"Actual Loops": 4,"Inner Unique": false,"Workers": [],"Plans": [{"Node Type": "Hash Join","Parent Relationship": "Outer","Parallel Aware": false,"Async Capable": false,"Join Type": "Inner","Startup Cost": 210537.26,"Total Cost": 242741.13,"Plan Rows": 38308,"Plan Width": 24,"Actual Startup Time": 10123.186,"Actual Total Time": 10223.998,"Actual Rows": 2,"Actual Loops": 4,"Inner Unique": true,"Hash Cond": "(orders.o_orderkey = lineitem_1.l_orderkey)","Workers": [],"Plans": [{"Node Type": "Seq Scan","Parent Relationship": "Outer","Parallel Aware": true,"Async Capable": false,"Relation Name": "orders","Alias": "orders","Startup Cost": 0.00,"Total Cost": 30933.71,"Plan Rows": 483871,"Plan Width": 20,"Actual Startup Time": 0.011,"Actual Total Time": 49.852,"Actual Rows": 375000,"Actual Loops": 4,"Workers": []},{"Node Type": "Hash","Parent Relationship": "Inner","Parallel Aware": false,"Async Capable": false,"Startup Cost": 209052.81,"Total Cost": 209052.81,"Plan Rows": 118756,"Plan Width": 4,"Actual Startup Time": 10005.666,"Actual Total Time": 10005.673,"Actual Rows": 9,"Actual Loops": 4,"Hash Buckets": 131072,"Original Hash Buckets": 131072,"Hash Batches": 1,"Original Hash Batches": 1,"Peak Memory Usage": 1025,"Workers": [],"Plans": [{"Node Type": "Aggregate","Strategy": "Hashed","Partial Mode": "Simple","Parent Relationship": "Outer","Parallel Aware": false,"Async Capable": false,"Startup Cost": 202521.23,"Total Cost": 207865.25,"Plan Rows": 118756,"Plan Width": 4,"Actual Startup Time": 6310.010,"Actual Total Time": 10005.543,"Actual Rows": 9,"Actual Loops": 4,"Group Key": ["lineitem_1.l_orderkey"],"Filter": "(sum(lineitem_1.l_quantity) > '313'::numeric)","Planned Partitions": 0,"HashAgg Batches": 1,"Peak Memory Usage": 638993,"Disk Usage": 0,"Rows Removed by Filter": 1499991,"Workers": [{"Worker Number": 0,"HashAgg Batches": 1,"Peak Memory Usage": 638993,"Disk Usage": 0},{"Worker Number": 1,"HashAgg Batches": 1,"Peak Memory Usage": 638993,"Disk Usage": 0},{"Worker Number": 2,"HashAgg Batches": 1,"Peak Memory Usage": 638993,"Disk Usage": 0}],"Plans": [{"Node Type": "Seq Scan","Parent Relationship": "Outer","Parallel Aware": false,"Async Capable": false,"Relation Name": "lineitem","Alias": "lineitem_1","Startup Cost": 0.00,"Total Cost": 172515.15,"Plan Rows": 6001215,"Plan Width": 9,"Actual Startup Time": 0.020,"Actual Total Time": 994.479,"Actual Rows": 6001215,"Actual Loops": 4,"Workers": []}]}]}]},{"Node Type": "Index Scan","Parent Relationship": "Inner","Parallel Aware": false,"Async Capable": false,"Scan Direction": "Forward","Index Name": "idx_lineitem_orderkey","Relation Name": "lineitem","Alias": "lineitem","Startup Cost": 0.43,"Total Cost": 1.06,"Plan Rows": 17,"Plan Width": 9,"Actual Startup Time": 0.068,"Actual Total Time": 0.075,"Actual Rows": 7,"Actual Loops": 9,"Index Cond": "(l_orderkey = orders.o_orderkey)","Rows Removed by Index Recheck": 0,"Workers": []}]},{"Node Type": "Hash","Parent Relationship": "Inner","Parallel Aware": true,"Async Capable": false,"Startup Cost": 4210.00,"Total Cost": 4210.00,"Plan Rows": 62500,"Plan Width": 23,"Actual Startup Time": 33.578,"Actual Total Time": 33.582,"Actual Rows": 37500,"Actual Loops": 4,"Hash Buckets": 262144,"Original Hash Buckets": 262144,"Hash Batches": 1,"Original Hash Batches": 1,"Peak Memory Usage": 10336,"Workers": [],"Plans": [{"Node Type": "Seq Scan","Parent Relationship": "Outer","Parallel Aware": true,"Async Capable": false,"Relation Name": "customer","Alias": "customer","Startup Cost": 0.00,"Total Cost": 4210.00,"Plan Rows": 62500,"Plan Width": 23,"Actual Startup Time": 0.023,"Actual Total Time": 16.777,"Actual Rows": 37500,"Actual Loops": 4,"Workers": []}]}]}]}]}]},"Planning Time": 6.662,"Triggers": [],"Execution Time": 10430.266}]
[{"Plan": {"Node Type": "Sort","Parallel Aware": false,"Async Capable": false,"Startup Cost": 397889.21,"Total Cost": 399077.01,"Plan Rows": 475120,"Plan Width": 71,"Actual Startup Time": 10785.011,"Actual Total Time": 10839.032,"Actual Rows": 9,"Actual Loops": 1,"Sort Key": ["orders.o_totalprice DESC", "orders.o_orderdate"],"Sort Method": "quicksort","Sort Space Used": 25,"Sort Space Type": "Memory","Plans": [{"Node Type": "Aggregate","Strategy": "Hashed","Partial Mode": "Simple","Parent Relationship": "Outer","Parallel Aware": false,"Async Capable": false,"Startup Cost": 347151.30,"Total Cost": 353090.30,"Plan Rows": 475120,"Plan Width": 71,"Actual Startup Time": 10763.855,"Actual Total Time": 10838.848,"Actual Rows": 9,"Actual Loops": 1,"Group Key": ["customer.c_custkey", "orders.o_orderkey"],"Planned Partitions": 0,"HashAgg Batches": 1,"Peak Memory Usage": 24601,"Disk Usage": 0,"Plans": [{"Node Type": "Gather","Parent Relationship": "Outer","Parallel Aware": false,"Async Capable": false,"Startup Cost": 216528.94,"Total Cost": 343587.90,"Plan Rows": 475120,"Plan Width": 44,"Actual Startup Time": 9674.071,"Actual Total Time": 10813.470,"Actual Rows": 63,"Actual Loops": 1,"Workers Planned": 3,"Workers Launched": 3,"Single Copy": false,"Plans": [{"Node Type": "Hash Join","Parent Relationship": "Outer","Parallel Aware": true,"Async Capable": false,"Join Type": "Inner","Startup Cost": 215528.94,"Total Cost": 295075.90,"Plan Rows": 153265,"Plan Width": 44,"Actual Startup Time": 10141.072,"Actual Total Time": 10312.965,"Actual Rows": 16,"Actual Loops": 4,"Inner Unique": true,"Hash Cond": "(orders.o_custkey = customer.c_custkey)","Workers": [],"Plans": [{"Node Type": "Nested Loop","Parent Relationship": "Outer","Parallel Aware": false,"Async Capable": false,"Join Type": "Inner","Startup Cost": 210537.69,"Total Cost": 289682.32,"Plan Rows": 153265,"Plan Width": 25,"Actual Startup Time": 10104.129,"Actual Total Time": 10275.947,"Actual Rows": 16,"Actual Loops": 4,"Inner Unique": false,"Workers": [],"Plans": [{"Node Type": "Hash Join","Parent Relationship": "Outer","Parallel Aware": false,"Async Capable": false,"Join Type": "Inner","Startup Cost": 210537.26,"Total Cost": 242741.13,"Plan Rows": 38308,"Plan Width": 24,"Actual Startup Time": 10104.052,"Actual Total Time": 10275.739,"Actual Rows": 2,"Actual Loops": 4,"Inner Unique": true,"Hash Cond": "(orders.o_orderkey = lineitem_1.l_orderkey)","Workers": [],"Plans": [{"Node Type": "Seq Scan","Parent Relationship": "Outer","Parallel Aware": true,"Async Capable": false,"Relation Name": "orders","Alias": "orders","Startup Cost": 0.00,"Total Cost": 30933.71,"Plan Rows": 483871,"Plan Width": 20,"Actual Startup Time": 0.007,"Actual Total Time": 53.689,"Actual Rows": 375000,"Actual Loops": 4,"Workers": []},{"Node Type": "Hash","Parent Relationship": "Inner","Parallel Aware": false,"Async Capable": false,"Startup Cost": 209052.81,"Total Cost": 209052.81,"Plan Rows": 118756,"Plan Width": 4,"Actual Startup Time": 10025.157,"Actual Total Time": 10025.166,"Actual Rows": 9,"Actual Loops": 4,"Hash Buckets": 131072,"Original Hash Buckets": 131072,"Hash Batches": 1,"Original Hash Batches": 1,"Peak Memory Usage": 1025,"Workers": [],"Plans": [{"Node Type": "Aggregate","Strategy": "Hashed","Partial Mode": "Simple","Parent Relationship": "Outer","Parallel Aware": false,"Async Capable": false,"Startup Cost": 202521.23,"Total Cost": 207865.25,"Plan Rows": 118756,"Plan Width": 4,"Actual Startup Time": 6285.839,"Actual Total Time": 10024.981,"Actual Rows": 9,"Actual Loops": 4,"Group Key": ["lineitem_1.l_orderkey"],"Filter": "(sum(lineitem_1.l_quantity) > '314'::numeric)","Planned Partitions": 0,"HashAgg Batches": 1,"Peak Memory Usage": 638993,"Disk Usage": 0,"Rows Removed by Filter": 1499991,"Workers": [{"Worker Number": 0,"HashAgg Batches": 1,"Peak Memory Usage": 638993,"Disk Usage": 0},{"Worker Number": 1,"HashAgg Batches": 1,"Peak Memory Usage": 638993,"Disk Usage": 0},{"Worker Number": 2,"HashAgg Batches": 1,"Peak Memory Usage": 638993,"Disk Usage": 0}],"Plans": [{"Node Type": "Seq Scan","Parent Relationship": "Outer","Parallel Aware": false,"Async Capable": false,"Relation Name": "lineitem","Alias": "lineitem_1","Startup Cost": 0.00,"Total Cost": 172515.15,"Plan Rows": 6001215,"Plan Width": 9,"Actual Startup Time": 0.019,"Actual Total Time": 931.752,"Actual Rows": 6001215,"Actual Loops": 4,"Workers": []}]}]}]},{"Node Type": "Index Scan","Parent Relationship": "Inner","Parallel Aware": false,"Async Capable": false,"Scan Direction": "Forward","Index Name": "idx_lineitem_orderkey","Relation Name": "lineitem","Alias": "lineitem","Startup Cost": 0.43,"Total Cost": 1.06,"Plan Rows": 17,"Plan Width": 9,"Actual Startup Time": 0.055,"Actual Total Time": 0.062,"Actual Rows": 7,"Actual Loops": 9,"Index Cond": "(l_orderkey = orders.o_orderkey)","Rows Removed by Index Recheck": 0,"Workers": []}]},{"Node Type": "Hash","Parent Relationship": "Inner","Parallel Aware": true,"Async Capable": false,"Startup Cost": 4210.00,"Total Cost": 4210.00,"Plan Rows": 62500,"Plan Width": 23,"Actual Startup Time": 36.172,"Actual Total Time": 36.190,"Actual Rows": 37500,"Actual Loops": 4,"Hash Buckets": 262144,"Original Hash Buckets": 262144,"Hash Batches": 1,"Original Hash Batches": 1,"Peak Memory Usage": 10336,"Workers": [],"Plans": [{"Node Type": "Seq Scan","Parent Relationship": "Outer","Parallel Aware": true,"Async Capable": false,"Relation Name": "customer","Alias": "customer","Startup Cost": 0.00,"Total Cost": 4210.00,"Plan Rows": 62500,"Plan Width": 23,"Actual Startup Time": 0.024,"Actual Total Time": 17.933,"Actual Rows": 37500,"Actual Loops": 4,"Workers": []}]}]}]}]}]},"Planning Time": 6.881,"Triggers": [],"Execution Time": 10893.482}]
[{"Plan": {"Node Type": "Sort","Parallel Aware": false,"Async Capable": false,"Startup Cost": 397889.21,"Total Cost": 399077.01,"Plan Rows": 475120,"Plan Width": 71,"Actual Startup Time": 10345.847,"Actual Total Time": 10377.998,"Actual Rows": 9,"Actual Loops": 1,"Sort Key": ["orders.o_totalprice DESC", "orders.o_orderdate"],"Sort Method": "quicksort","Sort Space Used": 25,"Sort Space Type": "Memory","Plans": [{"Node Type": "Aggregate","Strategy": "Hashed","Partial Mode": "Simple","Parent Relationship": "Outer","Parallel Aware": false,"Async Capable": false,"Startup Cost": 347151.30,"Total Cost": 353090.30,"Plan Rows": 475120,"Plan Width": 71,"Actual Startup Time": 10329.232,"Actual Total Time": 10377.856,"Actual Rows": 9,"Actual Loops": 1,"Group Key": ["customer.c_custkey", "orders.o_orderkey"],"Planned Partitions": 0,"HashAgg Batches": 1,"Peak Memory Usage": 24601,"Disk Usage": 0,"Plans": [{"Node Type": "Gather","Parent Relationship": "Outer","Parallel Aware": false,"Async Capable": false,"Startup Cost": 216528.94,"Total Cost": 343587.90,"Plan Rows": 475120,"Plan Width": 44,"Actual Startup Time": 10053.961,"Actual Total Time": 10357.615,"Actual Rows": 63,"Actual Loops": 1,"Workers Planned": 3,"Workers Launched": 3,"Single Copy": false,"Plans": [{"Node Type": "Hash Join","Parent Relationship": "Outer","Parallel Aware": true,"Async Capable": false,"Join Type": "Inner","Startup Cost": 215528.94,"Total Cost": 295075.90,"Plan Rows": 153265,"Plan Width": 44,"Actual Startup Time": 10157.696,"Actual Total Time": 10258.651,"Actual Rows": 16,"Actual Loops": 4,"Inner Unique": true,"Hash Cond": "(orders.o_custkey = customer.c_custkey)","Workers": [],"Plans": [{"Node Type": "Nested Loop","Parent Relationship": "Outer","Parallel Aware": false,"Async Capable": false,"Join Type": "Inner","Startup Cost": 210537.69,"Total Cost": 289682.32,"Plan Rows": 153265,"Plan Width": 25,"Actual Startup Time": 10123.332,"Actual Total Time": 10224.239,"Actual Rows": 16,"Actual Loops": 4,"Inner Unique": false,"Workers": [],"Plans": [{"Node Type": "Hash Join","Parent Relationship": "Outer","Parallel Aware": false,"Async Capable": false,"Join Type": "Inner","Startup Cost": 210537.26,"Total Cost": 242741.13,"Plan Rows": 38308,"Plan Width": 24,"Actual Startup Time": 10123.186,"Actual Total Time": 10223.998,"Actual Rows": 2,"Actual Loops": 4,"Inner Unique": true,"Hash Cond": "(orders.o_orderkey = lineitem_1.l_orderkey)","Workers": [],"Plans": [{"Node Type": "Seq Scan","Parent Relationship": "Outer","Parallel Aware": true,"Async Capable": false,"Relation Name": "orders","Alias": "orders","Startup Cost": 0.00,"Total Cost": 30933.71,"Plan Rows": 483871,"Plan Width": 20,"Actual Startup Time": 0.011,"Actual Total Time": 49.852,"Actual Rows": 375000,"Actual Loops": 4,"Workers": []},{"Node Type": "Hash","Parent Relationship": "Inner","Parallel Aware": false,"Async Capable": false,"Startup Cost": 209052.81,"Total Cost": 209052.81,"Plan Rows": 118756,"Plan Width": 4,"Actual Startup Time": 10005.666,"Actual Total Time": 10005.673,"Actual Rows": 9,"Actual Loops": 4,"Hash Buckets": 131072,"Original Hash Buckets": 131072,"Hash Batches": 1,"Original Hash Batches": 1,"Peak Memory Usage": 1025,"Workers": [],"Plans": [{"Node Type": "Aggregate","Strategy": "Hashed","Partial Mode": "Simple","Parent Relationship": "Outer","Parallel Aware": false,"Async Capable": false,"Startup Cost": 202521.23,"Total Cost": 207865.25,"Plan Rows": 118756,"Plan Width": 4,"Actual Startup Time": 6310.010,"Actual Total Time": 10005.543,"Actual Rows": 9,"Actual Loops": 4,"Group Key": ["lineitem_1.l_orderkey"],"Filter": "(sum(lineitem_1.l_quantity) > '313'::numeric)","Planned Partitions": 0,"HashAgg Batches": 1,"Peak Memory Usage": 638993,"Disk Usage": 0,"Rows Removed by Filter": 1499991,"Workers": [{"Worker Number": 0,"HashAgg Batches": 1,"Peak Memory Usage": 638993,"Disk Usage": 0},{"Worker Number": 1,"HashAgg Batches": 1,"Peak Memory Usage": 638993,"Disk Usage": 0},{"Worker Number": 2,"HashAgg Batches": 1,"Peak Memory Usage": 638993,"Disk Usage": 0}],"Plans": [{"Node Type": "Seq Scan","Parent Relationship": "Outer","Parallel Aware": false,"Async Capable": false,"Relation Name": "lineitem","Alias": "lineitem_1","Startup Cost": 0.00,"Total Cost": 172515.15,"Plan Rows": 6001215,"Plan Width": 9,"Actual Startup Time": 0.020,"Actual Total Time": 994.479,"Actual Rows": 6001215,"Actual Loops": 4,"Workers": []}]}]}]},{"Node Type": "Index Scan","Parent Relationship": "Inner","Parallel Aware": false,"Async Capable": false,"Scan Direction": "Forward","Index Name": "idx_lineitem_orderkey","Relation Name": "lineitem","Alias": "lineitem","Startup Cost": 0.43,"Total Cost": 1.06,"Plan Rows": 17,"Plan Width": 9,"Actual Startup Time": 0.068,"Actual Total Time": 0.075,"Actual Rows": 7,"Actual Loops": 9,"Index Cond": "(l_orderkey = orders.o_orderkey)","Rows Removed by Index Recheck": 0,"Workers": []}]},{"Node Type": "Hash","Parent Relationship": "Inner","Parallel Aware": true,"Async Capable": false,"Startup Cost": 4210.00,"Total Cost": 4210.00,"Plan Rows": 62500,"Plan Width": 23,"Actual Startup Time": 33.578,"Actual Total Time": 33.582,"Actual Rows": 37500,"Actual Loops": 4,"Hash Buckets": 262144,"Original Hash Buckets": 262144,"Hash Batches": 1,"Original Hash Batches": 1,"Peak Memory Usage": 10336,"Workers": [],"Plans": [{"Node Type": "Seq Scan","Parent Relationship": "Outer","Parallel Aware": true,"Async Capable": false,"Relation Name": "customer","Alias": "customer","Startup Cost": 0.00,"Total Cost": 4210.00,"Plan Rows": 62500,"Plan Width": 23,"Actual Startup Time": 0.023,"Actual Total Time": 16.777,"Actual Rows": 37500,"Actual Loops": 4,"Workers": []}]}]}]}]}]},"Planning Time": 6.662,"Triggers": [],"Execution Time": 10430.266}]
[{"Plan": {"Node Type": "Sort","Parallel Aware": false,"Async Capable": false,"Startup Cost": 397889.21,"Total Cost": 399077.01,"Plan Rows": 475120,"Plan Width": 71,"Actual Startup Time": 10345.847,"Actual Total Time": 10377.998,"Actual Rows": 9,"Actual Loops": 1,"Sort Key": ["orders.o_totalprice DESC", "orders.o_orderdate"],"Sort Method": "quicksort","Sort Space Used": 25,"Sort Space Type": "Memory","Plans": [{"Node Type": "Aggregate","Strategy": "Hashed","Partial Mode": "Simple","Parent Relationship": "Outer","Parallel Aware": false,"Async Capable": false,"Startup Cost": 347151.30,"Total Cost": 353090.30,"Plan Rows": 475120,"Plan Width": 71,"Actual Startup Time": 10329.232,"Actual Total Time": 10377.856,"Actual Rows": 9,"Actual Loops": 1,"Group Key": ["customer.c_custkey", "orders.o_orderkey"],"Planned Partitions": 0,"HashAgg Batches": 1,"Peak Memory Usage": 24601,"Disk Usage": 0,"Plans": [{"Node Type": "Gather","Parent Relationship": "Outer","Parallel Aware": false,"Async Capable": false,"Startup Cost": 216528.94,"Total Cost": 343587.90,"Plan Rows": 475120,"Plan Width": 44,"Actual Startup Time": 10053.961,"Actual Total Time": 10357.615,"Actual Rows": 63,"Actual Loops": 1,"Workers Planned": 3,"Workers Launched": 3,"Single Copy": false,"Plans": [{"Node Type": "Hash Join","Parent Relationship": "Outer","Parallel Aware": true,"Async Capable": false,"Join Type": "Inner","Startup Cost": 215528.94,"Total Cost": 295075.90,"Plan Rows": 153265,"Plan Width": 44,"Actual Startup Time": 10157.696,"Actual Total Time": 10258.651,"Actual Rows": 16,"Actual Loops": 4,"Inner Unique": true,"Hash Cond": "(orders.o_custkey = customer.c_custkey)","Workers": [],"Plans": [{"Node Type": "Nested Loop","Parent Relationship": "Outer","Parallel Aware": false,"Async Capable": false,"Join Type": "Inner","Startup Cost": 210537.69,"Total Cost": 289682.32,"Plan Rows": 153265,"Plan Width": 25,"Actual Startup Time": 10123.332,"Actual Total Time": 10224.239,"Actual Rows": 16,"Actual Loops": 4,"Inner Unique": false,"Workers": [],"Plans": [{"Node Type": "Hash Join","Parent Relationship": "Outer","Parallel Aware": false,"Async Capable": false,"Join Type": "Inner","Startup Cost": 210537.26,"Total Cost": 242741.13,"Plan Rows": 38308,"Plan Width": 24,"Actual Startup Time": 10123.186,"Actual Total Time": 10223.998,"Actual Rows": 2,"Actual Loops": 4,"Inner Unique": true,"Hash Cond": "(orders.o_orderkey = lineitem_1.l_orderkey)","Workers": [],"Plans": [{"Node Type": "Seq Scan","Parent Relationship": "Outer","Parallel Aware": true,"Async Capable": false,"Relation Name": "orders","Alias": "orders","Startup Cost": 0.00,"Total Cost": 30933.71,"Plan Rows": 483871,"Plan Width": 20,"Actual Startup Time": 0.011,"Actual Total Time": 49.852,"Actual Rows": 375000,"Actual Loops": 4,"Workers": []},{"Node Type": "Hash","Parent Relationship": "Inner","Parallel Aware": false,"Async Capable": false,"Startup Cost": 209052.81,"Total Cost": 209052.81,"Plan Rows": 118756,"Plan Width": 4,"Actual Startup Time": 10005.666,"Actual Total Time": 10005.673,"Actual Rows": 9,"Actual Loops": 4,"Hash Buckets": 131072,"Original Hash Buckets": 131072,"Hash Batches": 1,"Original Hash Batches": 1,"Peak Memory Usage": 1025,"Workers": [],"Plans": [{"Node Type": "Aggregate","Strategy": "Hashed","Partial Mode": "Simple","Parent Relationship": "Outer","Parallel Aware": false,"Async Capable": false,"Startup Cost": 202521.23,"Total Cost": 207865.25,"Plan Rows": 118756,"Plan Width": 4,"Actual Startup Time": 6310.010,"Actual Total Time": 10005.543,"Actual Rows": 9,"Actual Loops": 4,"Group Key": ["lineitem_1.l_orderkey"],"Filter": "(sum(lineitem_1.l_quantity) > '313'::numeric)","Planned Partitions": 0,"HashAgg Batches": 1,"Peak Memory Usage": 638993,"Disk Usage": 0,"Rows Removed by Filter": 1499991,"Workers": [{"Worker Number": 0,"HashAgg Batches": 1,"Peak Memory Usage": 638993,"Disk Usage": 0},{"Worker Number": 1,"HashAgg Batches": 1,"Peak Memory Usage": 638993,"Disk Usage": 0},{"Worker Number": 2,"HashAgg Batches": 1,"Peak Memory Usage": 638993,"Disk Usage": 0}],"Plans": [{"Node Type": "Seq Scan","Parent Relationship": "Outer","Parallel Aware": false,"Async Capable": false,"Relation Name": "lineitem","Alias": "lineitem_1","Startup Cost": 0.00,"Total Cost": 172515.15,"Plan Rows": 6001215,"Plan Width": 9,"Actual Startup Time": 0.020,"Actual Total Time": 994.479,"Actual Rows": 6001215,"Actual Loops": 4,"Workers": []}]}]}]},{"Node Type": "Index Scan","Parent Relationship": "Inner","Parallel Aware": false,"Async Capable": false,"Scan Direction": "Forward","Index Name": "idx_lineitem_orderkey","Relation Name": "lineitem","Alias": "lineitem","Startup Cost": 0.43,"Total Cost": 1.06,"Plan Rows": 17,"Plan Width": 9,"Actual Startup Time": 0.068,"Actual Total Time": 0.075,"Actual Rows": 7,"Actual Loops": 9,"Index Cond": "(l_orderkey = orders.o_orderkey)","Rows Removed by Index Recheck": 0,"Workers": []}]},{"Node Type": "Hash","Parent Relationship": "Inner","Parallel Aware": true,"Async Capable": false,"Startup Cost": 4210.00,"Total Cost": 4210.00,"Plan Rows": 62500,"Plan Width": 23,"Actual Startup Time": 33.578,"Actual Total Time": 33.582,"Actual Rows": 37500,"Actual Loops": 4,"Hash Buckets": 262144,"Original Hash Buckets": 262144,"Hash Batches": 1,"Original Hash Batches": 1,"Peak Memory Usage": 10336,"Workers": [],"Plans": [{"Node Type": "Seq Scan","Parent Relationship": "Outer","Parallel Aware": true,"Async Capable": false,"Relation Name": "customer","Alias": "customer","Startup Cost": 0.00,"Total Cost": 4210.00,"Plan Rows": 62500,"Plan Width": 23,"Actual Startup Time": 0.023,"Actual Total Time": 16.777,"Actual Rows": 37500,"Actual Loops": 4,"Workers": []}]}]}]}]}]},"Planning Time": 6.662,"Triggers": [],"Execution Time": 10430.266}]
[{"Plan": {"Node Type": "Sort","Parallel Aware": false,"Async Capable": false,"Startup Cost": 397889.21,"Total Cost": 399077.01,"Plan Rows": 475120,"Plan Width": 71,"Actual Startup Time": 10345.847,"Actual Total Time": 10377.998,"Actual Rows": 9,"Actual Loops": 1,"Sort Key": ["orders.o_totalprice DESC", "orders.o_orderdate"],"Sort Method": "quicksort","Sort Space Used": 25,"Sort Space Type": "Memory","Plans": [{"Node Type": "Aggregate","Strategy": "Hashed","Partial Mode": "Simple","Parent Relationship": "Outer","Parallel Aware": false,"Async Capable": false,"Startup Cost": 347151.30,"Total Cost": 353090.30,"Plan Rows": 475120,"Plan Width": 71,"Actual Startup Time": 10329.232,"Actual Total Time": 10377.856,"Actual Rows": 9,"Actual Loops": 1,"Group Key": ["customer.c_custkey", "orders.o_orderkey"],"Planned Partitions": 0,"HashAgg Batches": 1,"Peak Memory Usage": 24601,"Disk Usage": 0,"Plans": [{"Node Type": "Gather","Parent Relationship": "Outer","Parallel Aware": false,"Async Capable": false,"Startup Cost": 216528.94,"Total Cost": 343587.90,"Plan Rows": 475120,"Plan Width": 44,"Actual Startup Time": 10053.961,"Actual Total Time": 10357.615,"Actual Rows": 63,"Actual Loops": 1,"Workers Planned": 3,"Workers Launched": 3,"Single Copy": false,"Plans": [{"Node Type": "Hash Join","Parent Relationship": "Outer","Parallel Aware": true,"Async Capable": false,"Join Type": "Inner","Startup Cost": 215528.94,"Total Cost": 295075.90,"Plan Rows": 153265,"Plan Width": 44,"Actual Startup Time": 10157.696,"Actual Total Time": 10258.651,"Actual Rows": 16,"Actual Loops": 4,"Inner Unique": true,"Hash Cond": "(orders.o_custkey = customer.c_custkey)","Workers": [],"Plans": [{"Node Type": "Nested Loop","Parent Relationship": "Outer","Parallel Aware": false,"Async Capable": false,"Join Type": "Inner","Startup Cost": 210537.69,"Total Cost": 289682.32,"Plan Rows": 153265,"Plan Width": 25,"Actual Startup Time": 10123.332,"Actual Total Time": 10224.239,"Actual Rows": 16,"Actual Loops": 4,"Inner Unique": false,"Workers": [],"Plans": [{"Node Type": "Hash Join","Parent Relationship": "Outer","Parallel Aware": false,"Async Capable": false,"Join Type": "Inner","Startup Cost": 210537.26,"Total Cost": 242741.13,"Plan Rows": 38308,"Plan Width": 24,"Actual Startup Time": 10123.186,"Actual Total Time": 10223.998,"Actual Rows": 2,"Actual Loops": 4,"Inner Unique": true,"Hash Cond": "(orders.o_orderkey = lineitem_1.l_orderkey)","Workers": [],"Plans": [{"Node Type": "Seq Scan","Parent Relationship": "Outer","Parallel Aware": true,"Async Capable": false,"Relation Name": "orders","Alias": "orders","Startup Cost": 0.00,"Total Cost": 30933.71,"Plan Rows": 483871,"Plan Width": 20,"Actual Startup Time": 0.011,"Actual Total Time": 49.852,"Actual Rows": 375000,"Actual Loops": 4,"Workers": []},{"Node Type": "Hash","Parent Relationship": "Inner","Parallel Aware": false,"Async Capable": false,"Startup Cost": 209052.81,"Total Cost": 209052.81,"Plan Rows": 118756,"Plan Width": 4,"Actual Startup Time": 10005.666,"Actual Total Time": 10005.673,"Actual Rows": 9,"Actual Loops": 4,"Hash Buckets": 131072,"Original Hash Buckets": 131072,"Hash Batches": 1,"Original Hash Batches": 1,"Peak Memory Usage": 1025,"Workers": [],"Plans": [{"Node Type": "Aggregate","Strategy": "Hashed","Partial Mode": "Simple","Parent Relationship": "Outer","Parallel Aware": false,"Async Capable": false,"Startup Cost": 202521.23,"Total Cost": 207865.25,"Plan Rows": 118756,"Plan Width": 4,"Actual Startup Time": 6310.010,"Actual Total Time": 10005.543,"Actual Rows": 9,"Actual Loops": 4,"Group Key": ["lineitem_1.l_orderkey"],"Filter": "(sum(lineitem_1.l_quantity) > '313'::numeric)","Planned Partitions": 0,"HashAgg Batches": 1,"Peak Memory Usage": 638993,"Disk Usage": 0,"Rows Removed by Filter": 1499991,"Workers": [{"Worker Number": 0,"HashAgg Batches": 1,"Peak Memory Usage": 638993,"Disk Usage": 0},{"Worker Number": 1,"HashAgg Batches": 1,"Peak Memory Usage": 638993,"Disk Usage": 0},{"Worker Number": 2,"HashAgg Batches": 1,"Peak Memory Usage": 638993,"Disk Usage": 0}],"Plans": [{"Node Type": "Seq Scan","Parent Relationship": "Outer","Parallel Aware": false,"Async Capable": false,"Relation Name": "lineitem","Alias": "lineitem_1","Startup Cost": 0.00,"Total Cost": 172515.15,"Plan Rows": 6001215,"Plan Width": 9,"Actual Startup Time": 0.020,"Actual Total Time": 994.479,"Actual Rows": 6001215,"Actual Loops": 4,"Workers": []}]}]}]},{"Node Type": "Index Scan","Parent Relationship": "Inner","Parallel Aware": false,"Async Capable": false,"Scan Direction": "Forward","Index Name": "idx_lineitem_orderkey","Relation Name": "lineitem","Alias": "lineitem","Startup Cost": 0.43,"Total Cost": 1.06,"Plan Rows": 17,"Plan Width": 9,"Actual Startup Time": 0.068,"Actual Total Time": 0.075,"Actual Rows": 7,"Actual Loops": 9,"Index Cond": "(l_orderkey = orders.o_orderkey)","Rows Removed by Index Recheck": 0,"Workers": []}]},{"Node Type": "Hash","Parent Relationship": "Inner","Parallel Aware": true,"Async Capable": false,"Startup Cost": 4210.00,"Total Cost": 4210.00,"Plan Rows": 62500,"Plan Width": 23,"Actual Startup Time": 33.578,"Actual Total Time": 33.582,"Actual Rows": 37500,"Actual Loops": 4,"Hash Buckets": 262144,"Original Hash Buckets": 262144,"Hash Batches": 1,"Original Hash Batches": 1,"Peak Memory Usage": 10336,"Workers": [],"Plans": [{"Node Type": "Seq Scan","Parent Relationship": "Outer","Parallel Aware": true,"Async Capable": false,"Relation Name": "customer","Alias": "customer","Startup Cost": 0.00,"Total Cost": 4210.00,"Plan Rows": 62500,"Plan Width": 23,"Actual Startup Time": 0.023,"Actual Total Time": 16.777,"Actual Rows": 37500,"Actual Loops": 4,"Workers": []}]}]}]}]}]},"Planning Time": 6.662,"Triggers": [],"Execution Time": 10430.266}]
[{"Plan": {"Node Type": "Sort","Parallel Aware": false,"Async Capable": false,"Startup Cost": 397889.21,"Total Cost": 399077.01,"Plan Rows": 475120,"Plan Width": 71,"Actual Startup Time": 10887.509,"Actual Total Time": 10908.132,"Actual Rows": 10,"Actual Loops": 1,"Sort Key": ["orders.o_totalprice DESC", "orders.o_orderdate"],"Sort Method": "quicksort","Sort Space Used": 25,"Sort Space Type": "Memory","Plans": [{"Node Type": "Aggregate","Strategy": "Hashed","Partial Mode": "Simple","Parent Relationship": "Outer","Parallel Aware": false,"Async Capable": false,"Startup Cost": 347151.30,"Total Cost": 353090.30,"Plan Rows": 475120,"Plan Width": 71,"Actual Startup Time": 10848.812,"Actual Total Time": 10907.941,"Actual Rows": 10,"Actual Loops": 1,"Group Key": ["customer.c_custkey", "orders.o_orderkey"],"Planned Partitions": 0,"HashAgg Batches": 1,"Peak Memory Usage": 24601,"Disk Usage": 0,"Plans": [{"Node Type": "Gather","Parent Relationship": "Outer","Parallel Aware": false,"Async Capable": false,"Startup Cost": 216528.94,"Total Cost": 343587.90,"Plan Rows": 475120,"Plan Width": 44,"Actual Startup Time": 10782.037,"Actual Total Time": 10858.151,"Actual Rows": 70,"Actual Loops": 1,"Workers Planned": 3,"Workers Launched": 3,"Single Copy": false,"Plans": [{"Node Type": "Hash Join","Parent Relationship": "Outer","Parallel Aware": true,"Async Capable": false,"Join Type": "Inner","Startup Cost": 215528.94,"Total Cost": 295075.90,"Plan Rows": 153265,"Plan Width": 44,"Actual Startup Time": 10180.765,"Actual Total Time": 10348.312,"Actual Rows": 18,"Actual Loops": 4,"Inner Unique": true,"Hash Cond": "(orders.o_custkey = customer.c_custkey)","Workers": [],"Plans": [{"Node Type": "Nested Loop","Parent Relationship": "Outer","Parallel Aware": false,"Async Capable": false,"Join Type": "Inner","Startup Cost": 210537.69,"Total Cost": 289682.32,"Plan Rows": 153265,"Plan Width": 25,"Actual Startup Time": 10142.809,"Actual Total Time": 10310.270,"Actual Rows": 18,"Actual Loops": 4,"Inner Unique": false,"Workers": [],"Plans": [{"Node Type": "Hash Join","Parent Relationship": "Outer","Parallel Aware": false,"Async Capable": false,"Join Type": "Inner","Startup Cost": 210537.26,"Total Cost": 242741.13,"Plan Rows": 38308,"Plan Width": 24,"Actual Startup Time": 10142.670,"Actual Total Time": 10309.991,"Actual Rows": 2,"Actual Loops": 4,"Inner Unique": true,"Hash Cond": "(orders.o_orderkey = lineitem_1.l_orderkey)","Workers": [],"Plans": [{"Node Type": "Seq Scan","Parent Relationship": "Outer","Parallel Aware": true,"Async Capable": false,"Relation Name": "orders","Alias": "orders","Startup Cost": 0.00,"Total Cost": 30933.71,"Plan Rows": 483871,"Plan Width": 20,"Actual Startup Time": 0.009,"Actual Total Time": 49.040,"Actual Rows": 375000,"Actual Loops": 4,"Workers": []},{"Node Type": "Hash","Parent Relationship": "Inner","Parallel Aware": false,"Async Capable": false,"Startup Cost": 209052.81,"Total Cost": 209052.81,"Plan Rows": 118756,"Plan Width": 4,"Actual Startup Time": 10075.163,"Actual Total Time": 10075.176,"Actual Rows": 10,"Actual Loops": 4,"Hash Buckets": 131072,"Original Hash Buckets": 131072,"Hash Batches": 1,"Original Hash Batches": 1,"Peak Memory Usage": 1025,"Workers": [],"Plans": [{"Node Type": "Aggregate","Strategy": "Hashed","Partial Mode": "Simple","Parent Relationship": "Outer","Parallel Aware": false,"Async Capable": false,"Startup Cost": 202521.23,"Total Cost": 207865.25,"Plan Rows": 118756,"Plan Width": 4,"Actual Startup Time": 6293.151,"Actual Total Time": 10074.968,"Actual Rows": 10,"Actual Loops": 4,"Group Key": ["lineitem_1.l_orderkey"],"Filter": "(sum(lineitem_1.l_quantity) > '312'::numeric)","Planned Partitions": 0,"HashAgg Batches": 1,"Peak Memory Usage": 638993,"Disk Usage": 0,"Rows Removed by Filter": 1499990,"Workers": [{"Worker Number": 0,"HashAgg Batches": 1,"Peak Memory Usage": 638993,"Disk Usage": 0},{"Worker Number": 1,"HashAgg Batches": 1,"Peak Memory Usage": 638993,"Disk Usage": 0},{"Worker Number": 2,"HashAgg Batches": 1,"Peak Memory Usage": 638993,"Disk Usage": 0}],"Plans": [{"Node Type": "Seq Scan","Parent Relationship": "Outer","Parallel Aware": false,"Async Capable": false,"Relation Name": "lineitem","Alias": "lineitem_1","Startup Cost": 0.00,"Total Cost": 172515.15,"Plan Rows": 6001215,"Plan Width": 9,"Actual Startup Time": 0.021,"Actual Total Time": 960.546,"Actual Rows": 6001215,"Actual Loops": 4,"Workers": []}]}]}]},{"Node Type": "Index Scan","Parent Relationship": "Inner","Parallel Aware": false,"Async Capable": false,"Scan Direction": "Forward","Index Name": "idx_lineitem_orderkey","Relation Name": "lineitem","Alias": "lineitem","Startup Cost": 0.43,"Total Cost": 1.06,"Plan Rows": 17,"Plan Width": 9,"Actual Startup Time": 0.072,"Actual Total Time": 0.079,"Actual Rows": 7,"Actual Loops": 10,"Index Cond": "(l_orderkey = orders.o_orderkey)","Rows Removed by Index Recheck": 0,"Workers": []}]},{"Node Type": "Hash","Parent Relationship": "Inner","Parallel Aware": true,"Async Capable": false,"Startup Cost": 4210.00,"Total Cost": 4210.00,"Plan Rows": 62500,"Plan Width": 23,"Actual Startup Time": 37.105,"Actual Total Time": 37.114,"Actual Rows": 37500,"Actual Loops": 4,"Hash Buckets": 262144,"Original Hash Buckets": 262144,"Hash Batches": 1,"Original Hash Batches": 1,"Peak Memory Usage": 10368,"Workers": [],"Plans": [{"Node Type": "Seq Scan","Parent Relationship": "Outer","Parallel Aware": true,"Async Capable": false,"Relation Name": "customer","Alias": "customer","Startup Cost": 0.00,"Total Cost": 4210.00,"Plan Rows": 62500,"Plan Width": 23,"Actual Startup Time": 0.025,"Actual Total Time": 19.726,"Actual Rows": 37500,"Actual Loops": 4,"Workers": []}]}]}]}]}]},"Planning Time": 6.715,"Triggers": [],"Execution Time": 10961.817}]
[{"Plan": {"Node Type": "Sort","Parallel Aware": false,"Async Capable": false,"Startup Cost": 397889.21,"Total Cost": 399077.01,"Plan Rows": 475120,"Plan Width": 71,"Actual Startup Time": 10887.509,"Actual Total Time": 10908.132,"Actual Rows": 10,"Actual Loops": 1,"Sort Key": ["orders.o_totalprice DESC", "orders.o_orderdate"],"Sort Method": "quicksort","Sort Space Used": 25,"Sort Space Type": "Memory","Plans": [{"Node Type": "Aggregate","Strategy": "Hashed","Partial Mode": "Simple","Parent Relationship": "Outer","Parallel Aware": false,"Async Capable": false,"Startup Cost": 347151.30,"Total Cost": 353090.30,"Plan Rows": 475120,"Plan Width": 71,"Actual Startup Time": 10848.812,"Actual Total Time": 10907.941,"Actual Rows": 10,"Actual Loops": 1,"Group Key": ["customer.c_custkey", "orders.o_orderkey"],"Planned Partitions": 0,"HashAgg Batches": 1,"Peak Memory Usage": 24601,"Disk Usage": 0,"Plans": [{"Node Type": "Gather","Parent Relationship": "Outer","Parallel Aware": false,"Async Capable": false,"Startup Cost": 216528.94,"Total Cost": 343587.90,"Plan Rows": 475120,"Plan Width": 44,"Actual Startup Time": 10782.037,"Actual Total Time": 10858.151,"Actual Rows": 70,"Actual Loops": 1,"Workers Planned": 3,"Workers Launched": 3,"Single Copy": false,"Plans": [{"Node Type": "Hash Join","Parent Relationship": "Outer","Parallel Aware": true,"Async Capable": false,"Join Type": "Inner","Startup Cost": 215528.94,"Total Cost": 295075.90,"Plan Rows": 153265,"Plan Width": 44,"Actual Startup Time": 10180.765,"Actual Total Time": 10348.312,"Actual Rows": 18,"Actual Loops": 4,"Inner Unique": true,"Hash Cond": "(orders.o_custkey = customer.c_custkey)","Workers": [],"Plans": [{"Node Type": "Nested Loop","Parent Relationship": "Outer","Parallel Aware": false,"Async Capable": false,"Join Type": "Inner","Startup Cost": 210537.69,"Total Cost": 289682.32,"Plan Rows": 153265,"Plan Width": 25,"Actual Startup Time": 10142.809,"Actual Total Time": 10310.270,"Actual Rows": 18,"Actual Loops": 4,"Inner Unique": false,"Workers": [],"Plans": [{"Node Type": "Hash Join","Parent Relationship": "Outer","Parallel Aware": false,"Async Capable": false,"Join Type": "Inner","Startup Cost": 210537.26,"Total Cost": 242741.13,"Plan Rows": 38308,"Plan Width": 24,"Actual Startup Time": 10142.670,"Actual Total Time": 10309.991,"Actual Rows": 2,"Actual Loops": 4,"Inner Unique": true,"Hash Cond": "(orders.o_orderkey = lineitem_1.l_orderkey)","Workers": [],"Plans": [{"Node Type": "Seq Scan","Parent Relationship": "Outer","Parallel Aware": true,"Async Capable": false,"Relation Name": "orders","Alias": "orders","Startup Cost": 0.00,"Total Cost": 30933.71,"Plan Rows": 483871,"Plan Width": 20,"Actual Startup Time": 0.009,"Actual Total Time": 49.040,"Actual Rows": 375000,"Actual Loops": 4,"Workers": []},{"Node Type": "Hash","Parent Relationship": "Inner","Parallel Aware": false,"Async Capable": false,"Startup Cost": 209052.81,"Total Cost": 209052.81,"Plan Rows": 118756,"Plan Width": 4,"Actual Startup Time": 10075.163,"Actual Total Time": 10075.176,"Actual Rows": 10,"Actual Loops": 4,"Hash Buckets": 131072,"Original Hash Buckets": 131072,"Hash Batches": 1,"Original Hash Batches": 1,"Peak Memory Usage": 1025,"Workers": [],"Plans": [{"Node Type": "Aggregate","Strategy": "Hashed","Partial Mode": "Simple","Parent Relationship": "Outer","Parallel Aware": false,"Async Capable": false,"Startup Cost": 202521.23,"Total Cost": 207865.25,"Plan Rows": 118756,"Plan Width": 4,"Actual Startup Time": 6293.151,"Actual Total Time": 10074.968,"Actual Rows": 10,"Actual Loops": 4,"Group Key": ["lineitem_1.l_orderkey"],"Filter": "(sum(lineitem_1.l_quantity) > '312'::numeric)","Planned Partitions": 0,"HashAgg Batches": 1,"Peak Memory Usage": 638993,"Disk Usage": 0,"Rows Removed by Filter": 1499990,"Workers": [{"Worker Number": 0,"HashAgg Batches": 1,"Peak Memory Usage": 638993,"Disk Usage": 0},{"Worker Number": 1,"HashAgg Batches": 1,"Peak Memory Usage": 638993,"Disk Usage": 0},{"Worker Number": 2,"HashAgg Batches": 1,"Peak Memory Usage": 638993,"Disk Usage": 0}],"Plans": [{"Node Type": "Seq Scan","Parent Relationship": "Outer","Parallel Aware": false,"Async Capable": false,"Relation Name": "lineitem","Alias": "lineitem_1","Startup Cost": 0.00,"Total Cost": 172515.15,"Plan Rows": 6001215,"Plan Width": 9,"Actual Startup Time": 0.021,"Actual Total Time": 960.546,"Actual Rows": 6001215,"Actual Loops": 4,"Workers": []}]}]}]},{"Node Type": "Index Scan","Parent Relationship": "Inner","Parallel Aware": false,"Async Capable": false,"Scan Direction": "Forward","Index Name": "idx_lineitem_orderkey","Relation Name": "lineitem","Alias": "lineitem","Startup Cost": 0.43,"Total Cost": 1.06,"Plan Rows": 17,"Plan Width": 9,"Actual Startup Time": 0.072,"Actual Total Time": 0.079,"Actual Rows": 7,"Actual Loops": 10,"Index Cond": "(l_orderkey = orders.o_orderkey)","Rows Removed by Index Recheck": 0,"Workers": []}]},{"Node Type": "Hash","Parent Relationship": "Inner","Parallel Aware": true,"Async Capable": false,"Startup Cost": 4210.00,"Total Cost": 4210.00,"Plan Rows": 62500,"Plan Width": 23,"Actual Startup Time": 37.105,"Actual Total Time": 37.114,"Actual Rows": 37500,"Actual Loops": 4,"Hash Buckets": 262144,"Original Hash Buckets": 262144,"Hash Batches": 1,"Original Hash Batches": 1,"Peak Memory Usage": 10368,"Workers": [],"Plans": [{"Node Type": "Seq Scan","Parent Relationship": "Outer","Parallel Aware": true,"Async Capable": false,"Relation Name": "customer","Alias": "customer","Startup Cost": 0.00,"Total Cost": 4210.00,"Plan Rows": 62500,"Plan Width": 23,"Actual Startup Time": 0.025,"Actual Total Time": 19.726,"Actual Rows": 37500,"Actual Loops": 4,"Workers": []}]}]}]}]}]},"Planning Time": 6.715,"Triggers": [],"Execution Time": 10961.817}]
[{"Plan": {"Node Type": "Sort","Parallel Aware": false,"Async Capable": false,"Startup Cost": 397889.21,"Total Cost": 399077.01,"Plan Rows": 475120,"Plan Width": 71,"Actual Startup Time": 10887.509,"Actual Total Time": 10908.132,"Actual Rows": 10,"Actual Loops": 1,"Sort Key": ["orders.o_totalprice DESC", "orders.o_orderdate"],"Sort Method": "quicksort","Sort Space Used": 25,"Sort Space Type": "Memory","Plans": [{"Node Type": "Aggregate","Strategy": "Hashed","Partial Mode": "Simple","Parent Relationship": "Outer","Parallel Aware": false,"Async Capable": false,"Startup Cost": 347151.30,"Total Cost": 353090.30,"Plan Rows": 475120,"Plan Width": 71,"Actual Startup Time": 10848.812,"Actual Total Time": 10907.941,"Actual Rows": 10,"Actual Loops": 1,"Group Key": ["customer.c_custkey", "orders.o_orderkey"],"Planned Partitions": 0,"HashAgg Batches": 1,"Peak Memory Usage": 24601,"Disk Usage": 0,"Plans": [{"Node Type": "Gather","Parent Relationship": "Outer","Parallel Aware": false,"Async Capable": false,"Startup Cost": 216528.94,"Total Cost": 343587.90,"Plan Rows": 475120,"Plan Width": 44,"Actual Startup Time": 10782.037,"Actual Total Time": 10858.151,"Actual Rows": 70,"Actual Loops": 1,"Workers Planned": 3,"Workers Launched": 3,"Single Copy": false,"Plans": [{"Node Type": "Hash Join","Parent Relationship": "Outer","Parallel Aware": true,"Async Capable": false,"Join Type": "Inner","Startup Cost": 215528.94,"Total Cost": 295075.90,"Plan Rows": 153265,"Plan Width": 44,"Actual Startup Time": 10180.765,"Actual Total Time": 10348.312,"Actual Rows": 18,"Actual Loops": 4,"Inner Unique": true,"Hash Cond": "(orders.o_custkey = customer.c_custkey)","Workers": [],"Plans": [{"Node Type": "Nested Loop","Parent Relationship": "Outer","Parallel Aware": false,"Async Capable": false,"Join Type": "Inner","Startup Cost": 210537.69,"Total Cost": 289682.32,"Plan Rows": 153265,"Plan Width": 25,"Actual Startup Time": 10142.809,"Actual Total Time": 10310.270,"Actual Rows": 18,"Actual Loops": 4,"Inner Unique": false,"Workers": [],"Plans": [{"Node Type": "Hash Join","Parent Relationship": "Outer","Parallel Aware": false,"Async Capable": false,"Join Type": "Inner","Startup Cost": 210537.26,"Total Cost": 242741.13,"Plan Rows": 38308,"Plan Width": 24,"Actual Startup Time": 10142.670,"Actual Total Time": 10309.991,"Actual Rows": 2,"Actual Loops": 4,"Inner Unique": true,"Hash Cond": "(orders.o_orderkey = lineitem_1.l_orderkey)","Workers": [],"Plans": [{"Node Type": "Seq Scan","Parent Relationship": "Outer","Parallel Aware": true,"Async Capable": false,"Relation Name": "orders","Alias": "orders","Startup Cost": 0.00,"Total Cost": 30933.71,"Plan Rows": 483871,"Plan Width": 20,"Actual Startup Time": 0.009,"Actual Total Time": 49.040,"Actual Rows": 375000,"Actual Loops": 4,"Workers": []},{"Node Type": "Hash","Parent Relationship": "Inner","Parallel Aware": false,"Async Capable": false,"Startup Cost": 209052.81,"Total Cost": 209052.81,"Plan Rows": 118756,"Plan Width": 4,"Actual Startup Time": 10075.163,"Actual Total Time": 10075.176,"Actual Rows": 10,"Actual Loops": 4,"Hash Buckets": 131072,"Original Hash Buckets": 131072,"Hash Batches": 1,"Original Hash Batches": 1,"Peak Memory Usage": 1025,"Workers": [],"Plans": [{"Node Type": "Aggregate","Strategy": "Hashed","Partial Mode": "Simple","Parent Relationship": "Outer","Parallel Aware": false,"Async Capable": false,"Startup Cost": 202521.23,"Total Cost": 207865.25,"Plan Rows": 118756,"Plan Width": 4,"Actual Startup Time": 6293.151,"Actual Total Time": 10074.968,"Actual Rows": 10,"Actual Loops": 4,"Group Key": ["lineitem_1.l_orderkey"],"Filter": "(sum(lineitem_1.l_quantity) > '312'::numeric)","Planned Partitions": 0,"HashAgg Batches": 1,"Peak Memory Usage": 638993,"Disk Usage": 0,"Rows Removed by Filter": 1499990,"Workers": [{"Worker Number": 0,"HashAgg Batches": 1,"Peak Memory Usage": 638993,"Disk Usage": 0},{"Worker Number": 1,"HashAgg Batches": 1,"Peak Memory Usage": 638993,"Disk Usage": 0},{"Worker Number": 2,"HashAgg Batches": 1,"Peak Memory Usage": 638993,"Disk Usage": 0}],"Plans": [{"Node Type": "Seq Scan","Parent Relationship": "Outer","Parallel Aware": false,"Async Capable": false,"Relation Name": "lineitem","Alias": "lineitem_1","Startup Cost": 0.00,"Total Cost": 172515.15,"Plan Rows": 6001215,"Plan Width": 9,"Actual Startup Time": 0.021,"Actual Total Time": 960.546,"Actual Rows": 6001215,"Actual Loops": 4,"Workers": []}]}]}]},{"Node Type": "Index Scan","Parent Relationship": "Inner","Parallel Aware": false,"Async Capable": false,"Scan Direction": "Forward","Index Name": "idx_lineitem_orderkey","Relation Name": "lineitem","Alias": "lineitem","Startup Cost": 0.43,"Total Cost": 1.06,"Plan Rows": 17,"Plan Width": 9,"Actual Startup Time": 0.072,"Actual Total Time": 0.079,"Actual Rows": 7,"Actual Loops": 10,"Index Cond": "(l_orderkey = orders.o_orderkey)","Rows Removed by Index Recheck": 0,"Workers": []}]},{"Node Type": "Hash","Parent Relationship": "Inner","Parallel Aware": true,"Async Capable": false,"Startup Cost": 4210.00,"Total Cost": 4210.00,"Plan Rows": 62500,"Plan Width": 23,"Actual Startup Time": 37.105,"Actual Total Time": 37.114,"Actual Rows": 37500,"Actual Loops": 4,"Hash Buckets": 262144,"Original Hash Buckets": 262144,"Hash Batches": 1,"Original Hash Batches": 1,"Peak Memory Usage": 10368,"Workers": [],"Plans": [{"Node Type": "Seq Scan","Parent Relationship": "Outer","Parallel Aware": true,"Async Capable": false,"Relation Name": "customer","Alias": "customer","Startup Cost": 0.00,"Total Cost": 4210.00,"Plan Rows": 62500,"Plan Width": 23,"Actual Startup Time": 0.025,"Actual Total Time": 19.726,"Actual Rows": 37500,"Actual Loops": 4,"Workers": []}]}]}]}]}]},"Planning Time": 6.715,"Triggers": [],"Execution Time": 10961.817}]
[{"Plan": {"Node Type": "Sort","Parallel Aware": false,"Async Capable": false,"Startup Cost": 397889.21,"Total Cost": 399077.01,"Plan Rows": 475120,"Plan Width": 71,"Actual Startup Time": 10887.509,"Actual Total Time": 10908.132,"Actual Rows": 10,"Actual Loops": 1,"Sort Key": ["orders.o_totalprice DESC", "orders.o_orderdate"],"Sort Method": "quicksort","Sort Space Used": 25,"Sort Space Type": "Memory","Plans": [{"Node Type": "Aggregate","Strategy": "Hashed","Partial Mode": "Simple","Parent Relationship": "Outer","Parallel Aware": false,"Async Capable": false,"Startup Cost": 347151.30,"Total Cost": 353090.30,"Plan Rows": 475120,"Plan Width": 71,"Actual Startup Time": 10848.812,"Actual Total Time": 10907.941,"Actual Rows": 10,"Actual Loops": 1,"Group Key": ["customer.c_custkey", "orders.o_orderkey"],"Planned Partitions": 0,"HashAgg Batches": 1,"Peak Memory Usage": 24601,"Disk Usage": 0,"Plans": [{"Node Type": "Gather","Parent Relationship": "Outer","Parallel Aware": false,"Async Capable": false,"Startup Cost": 216528.94,"Total Cost": 343587.90,"Plan Rows": 475120,"Plan Width": 44,"Actual Startup Time": 10782.037,"Actual Total Time": 10858.151,"Actual Rows": 70,"Actual Loops": 1,"Workers Planned": 3,"Workers Launched": 3,"Single Copy": false,"Plans": [{"Node Type": "Hash Join","Parent Relationship": "Outer","Parallel Aware": true,"Async Capable": false,"Join Type": "Inner","Startup Cost": 215528.94,"Total Cost": 295075.90,"Plan Rows": 153265,"Plan Width": 44,"Actual Startup Time": 10180.765,"Actual Total Time": 10348.312,"Actual Rows": 18,"Actual Loops": 4,"Inner Unique": true,"Hash Cond": "(orders.o_custkey = customer.c_custkey)","Workers": [],"Plans": [{"Node Type": "Nested Loop","Parent Relationship": "Outer","Parallel Aware": false,"Async Capable": false,"Join Type": "Inner","Startup Cost": 210537.69,"Total Cost": 289682.32,"Plan Rows": 153265,"Plan Width": 25,"Actual Startup Time": 10142.809,"Actual Total Time": 10310.270,"Actual Rows": 18,"Actual Loops": 4,"Inner Unique": false,"Workers": [],"Plans": [{"Node Type": "Hash Join","Parent Relationship": "Outer","Parallel Aware": false,"Async Capable": false,"Join Type": "Inner","Startup Cost": 210537.26,"Total Cost": 242741.13,"Plan Rows": 38308,"Plan Width": 24,"Actual Startup Time": 10142.670,"Actual Total Time": 10309.991,"Actual Rows": 2,"Actual Loops": 4,"Inner Unique": true,"Hash Cond": "(orders.o_orderkey = lineitem_1.l_orderkey)","Workers": [],"Plans": [{"Node Type": "Seq Scan","Parent Relationship": "Outer","Parallel Aware": true,"Async Capable": false,"Relation Name": "orders","Alias": "orders","Startup Cost": 0.00,"Total Cost": 30933.71,"Plan Rows": 483871,"Plan Width": 20,"Actual Startup Time": 0.009,"Actual Total Time": 49.040,"Actual Rows": 375000,"Actual Loops": 4,"Workers": []},{"Node Type": "Hash","Parent Relationship": "Inner","Parallel Aware": false,"Async Capable": false,"Startup Cost": 209052.81,"Total Cost": 209052.81,"Plan Rows": 118756,"Plan Width": 4,"Actual Startup Time": 10075.163,"Actual Total Time": 10075.176,"Actual Rows": 10,"Actual Loops": 4,"Hash Buckets": 131072,"Original Hash Buckets": 131072,"Hash Batches": 1,"Original Hash Batches": 1,"Peak Memory Usage": 1025,"Workers": [],"Plans": [{"Node Type": "Aggregate","Strategy": "Hashed","Partial Mode": "Simple","Parent Relationship": "Outer","Parallel Aware": false,"Async Capable": false,"Startup Cost": 202521.23,"Total Cost": 207865.25,"Plan Rows": 118756,"Plan Width": 4,"Actual Startup Time": 6293.151,"Actual Total Time": 10074.968,"Actual Rows": 10,"Actual Loops": 4,"Group Key": ["lineitem_1.l_orderkey"],"Filter": "(sum(lineitem_1.l_quantity) > '312'::numeric)","Planned Partitions": 0,"HashAgg Batches": 1,"Peak Memory Usage": 638993,"Disk Usage": 0,"Rows Removed by Filter": 1499990,"Workers": [{"Worker Number": 0,"HashAgg Batches": 1,"Peak Memory Usage": 638993,"Disk Usage": 0},{"Worker Number": 1,"HashAgg Batches": 1,"Peak Memory Usage": 638993,"Disk Usage": 0},{"Worker Number": 2,"HashAgg Batches": 1,"Peak Memory Usage": 638993,"Disk Usage": 0}],"Plans": [{"Node Type": "Seq Scan","Parent Relationship": "Outer","Parallel Aware": false,"Async Capable": false,"Relation Name": "lineitem","Alias": "lineitem_1","Startup Cost": 0.00,"Total Cost": 172515.15,"Plan Rows": 6001215,"Plan Width": 9,"Actual Startup Time": 0.021,"Actual Total Time": 960.546,"Actual Rows": 6001215,"Actual Loops": 4,"Workers": []}]}]}]},{"Node Type": "Index Scan","Parent Relationship": "Inner","Parallel Aware": false,"Async Capable": false,"Scan Direction": "Forward","Index Name": "idx_lineitem_orderkey","Relation Name": "lineitem","Alias": "lineitem","Startup Cost": 0.43,"Total Cost": 1.06,"Plan Rows": 17,"Plan Width": 9,"Actual Startup Time": 0.072,"Actual Total Time": 0.079,"Actual Rows": 7,"Actual Loops": 10,"Index Cond": "(l_orderkey = orders.o_orderkey)","Rows Removed by Index Recheck": 0,"Workers": []}]},{"Node Type": "Hash","Parent Relationship": "Inner","Parallel Aware": true,"Async Capable": false,"Startup Cost": 4210.00,"Total Cost": 4210.00,"Plan Rows": 62500,"Plan Width": 23,"Actual Startup Time": 37.105,"Actual Total Time": 37.114,"Actual Rows": 37500,"Actual Loops": 4,"Hash Buckets": 262144,"Original Hash Buckets": 262144,"Hash Batches": 1,"Original Hash Batches": 1,"Peak Memory Usage": 10368,"Workers": [],"Plans": [{"Node Type": "Seq Scan","Parent Relationship": "Outer","Parallel Aware": true,"Async Capable": false,"Relation Name": "customer","Alias": "customer","Startup Cost": 0.00,"Total Cost": 4210.00,"Plan Rows": 62500,"Plan Width": 23,"Actual Startup Time": 0.025,"Actual Total Time": 19.726,"Actual Rows": 37500,"Actual Loops": 4,"Workers": []}]}]}]}]}]},"Planning Time": 6.715,"Triggers": [],"Execution Time": 10961.817}]
[{"Plan": {"Node Type": "Sort","Parallel Aware": false,"Async Capable": false,"Startup Cost": 397889.21,"Total Cost": 399077.01,"Plan Rows": 475120,"Plan Width": 71,"Actual Startup Time": 10785.011,"Actual Total Time": 10839.032,"Actual Rows": 9,"Actual Loops": 1,"Sort Key": ["orders.o_totalprice DESC", "orders.o_orderdate"],"Sort Method": "quicksort","Sort Space Used": 25,"Sort Space Type": "Memory","Plans": [{"Node Type": "Aggregate","Strategy": "Hashed","Partial Mode": "Simple","Parent Relationship": "Outer","Parallel Aware": false,"Async Capable": false,"Startup Cost": 347151.30,"Total Cost": 353090.30,"Plan Rows": 475120,"Plan Width": 71,"Actual Startup Time": 10763.855,"Actual Total Time": 10838.848,"Actual Rows": 9,"Actual Loops": 1,"Group Key": ["customer.c_custkey", "orders.o_orderkey"],"Planned Partitions": 0,"HashAgg Batches": 1,"Peak Memory Usage": 24601,"Disk Usage": 0,"Plans": [{"Node Type": "Gather","Parent Relationship": "Outer","Parallel Aware": false,"Async Capable": false,"Startup Cost": 216528.94,"Total Cost": 343587.90,"Plan Rows": 475120,"Plan Width": 44,"Actual Startup Time": 9674.071,"Actual Total Time": 10813.470,"Actual Rows": 63,"Actual Loops": 1,"Workers Planned": 3,"Workers Launched": 3,"Single Copy": false,"Plans": [{"Node Type": "Hash Join","Parent Relationship": "Outer","Parallel Aware": true,"Async Capable": false,"Join Type": "Inner","Startup Cost": 215528.94,"Total Cost": 295075.90,"Plan Rows": 153265,"Plan Width": 44,"Actual Startup Time": 10141.072,"Actual Total Time": 10312.965,"Actual Rows": 16,"Actual Loops": 4,"Inner Unique": true,"Hash Cond": "(orders.o_custkey = customer.c_custkey)","Workers": [],"Plans": [{"Node Type": "Nested Loop","Parent Relationship": "Outer","Parallel Aware": false,"Async Capable": false,"Join Type": "Inner","Startup Cost": 210537.69,"Total Cost": 289682.32,"Plan Rows": 153265,"Plan Width": 25,"Actual Startup Time": 10104.129,"Actual Total Time": 10275.947,"Actual Rows": 16,"Actual Loops": 4,"Inner Unique": false,"Workers": [],"Plans": [{"Node Type": "Hash Join","Parent Relationship": "Outer","Parallel Aware": false,"Async Capable": false,"Join Type": "Inner","Startup Cost": 210537.26,"Total Cost": 242741.13,"Plan Rows": 38308,"Plan Width": 24,"Actual Startup Time": 10104.052,"Actual Total Time": 10275.739,"Actual Rows": 2,"Actual Loops": 4,"Inner Unique": true,"Hash Cond": "(orders.o_orderkey = lineitem_1.l_orderkey)","Workers": [],"Plans": [{"Node Type": "Seq Scan","Parent Relationship": "Outer","Parallel Aware": true,"Async Capable": false,"Relation Name": "orders","Alias": "orders","Startup Cost": 0.00,"Total Cost": 30933.71,"Plan Rows": 483871,"Plan Width": 20,"Actual Startup Time": 0.007,"Actual Total Time": 53.689,"Actual Rows": 375000,"Actual Loops": 4,"Workers": []},{"Node Type": "Hash","Parent Relationship": "Inner","Parallel Aware": false,"Async Capable": false,"Startup Cost": 209052.81,"Total Cost": 209052.81,"Plan Rows": 118756,"Plan Width": 4,"Actual Startup Time": 10025.157,"Actual Total Time": 10025.166,"Actual Rows": 9,"Actual Loops": 4,"Hash Buckets": 131072,"Original Hash Buckets": 131072,"Hash Batches": 1,"Original Hash Batches": 1,"Peak Memory Usage": 1025,"Workers": [],"Plans": [{"Node Type": "Aggregate","Strategy": "Hashed","Partial Mode": "Simple","Parent Relationship": "Outer","Parallel Aware": false,"Async Capable": false,"Startup Cost": 202521.23,"Total Cost": 207865.25,"Plan Rows": 118756,"Plan Width": 4,"Actual Startup Time": 6285.839,"Actual Total Time": 10024.981,"Actual Rows": 9,"Actual Loops": 4,"Group Key": ["lineitem_1.l_orderkey"],"Filter": "(sum(lineitem_1.l_quantity) > '314'::numeric)","Planned Partitions": 0,"HashAgg Batches": 1,"Peak Memory Usage": 638993,"Disk Usage": 0,"Rows Removed by Filter": 1499991,"Workers": [{"Worker Number": 0,"HashAgg Batches": 1,"Peak Memory Usage": 638993,"Disk Usage": 0},{"Worker Number": 1,"HashAgg Batches": 1,"Peak Memory Usage": 638993,"Disk Usage": 0},{"Worker Number": 2,"HashAgg Batches": 1,"Peak Memory Usage": 638993,"Disk Usage": 0}],"Plans": [{"Node Type": "Seq Scan","Parent Relationship": "Outer","Parallel Aware": false,"Async Capable": false,"Relation Name": "lineitem","Alias": "lineitem_1","Startup Cost": 0.00,"Total Cost": 172515.15,"Plan Rows": 6001215,"Plan Width": 9,"Actual Startup Time": 0.019,"Actual Total Time": 931.752,"Actual Rows": 6001215,"Actual Loops": 4,"Workers": []}]}]}]},{"Node Type": "Index Scan","Parent Relationship": "Inner","Parallel Aware": false,"Async Capable": false,"Scan Direction": "Forward","Index Name": "idx_lineitem_orderkey","Relation Name": "lineitem","Alias": "lineitem","Startup Cost": 0.43,"Total Cost": 1.06,"Plan Rows": 17,"Plan Width": 9,"Actual Startup Time": 0.055,"Actual Total Time": 0.062,"Actual Rows": 7,"Actual Loops": 9,"Index Cond": "(l_orderkey = orders.o_orderkey)","Rows Removed by Index Recheck": 0,"Workers": []}]},{"Node Type": "Hash","Parent Relationship": "Inner","Parallel Aware": true,"Async Capable": false,"Startup Cost": 4210.00,"Total Cost": 4210.00,"Plan Rows": 62500,"Plan Width": 23,"Actual Startup Time": 36.172,"Actual Total Time": 36.190,"Actual Rows": 37500,"Actual Loops": 4,"Hash Buckets": 262144,"Original Hash Buckets": 262144,"Hash Batches": 1,"Original Hash Batches": 1,"Peak Memory Usage": 10336,"Workers": [],"Plans": [{"Node Type": "Seq Scan","Parent Relationship": "Outer","Parallel Aware": true,"Async Capable": false,"Relation Name": "customer","Alias": "customer","Startup Cost": 0.00,"Total Cost": 4210.00,"Plan Rows": 62500,"Plan Width": 23,"Actual Startup Time": 0.024,"Actual Total Time": 17.933,"Actual Rows": 37500,"Actual Loops": 4,"Workers": []}]}]}]}]}]},"Planning Time": 6.881,"Triggers": [],"Execution Time": 10893.482}]
[{"Plan": {"Node Type": "Sort","Parallel Aware": false,"Async Capable": false,"Startup Cost": 397889.21,"Total Cost": 399077.01,"Plan Rows": 475120,"Plan Width": 71,"Actual Startup Time": 10887.509,"Actual Total Time": 10908.132,"Actual Rows": 10,"Actual Loops": 1,"Sort Key": ["orders.o_totalprice DESC", "orders.o_orderdate"],"Sort Method": "quicksort","Sort Space Used": 25,"Sort Space Type": "Memory","Plans": [{"Node Type": "Aggregate","Strategy": "Hashed","Partial Mode": "Simple","Parent Relationship": "Outer","Parallel Aware": false,"Async Capable": false,"Startup Cost": 347151.30,"Total Cost": 353090.30,"Plan Rows": 475120,"Plan Width": 71,"Actual Startup Time": 10848.812,"Actual Total Time": 10907.941,"Actual Rows": 10,"Actual Loops": 1,"Group Key": ["customer.c_custkey", "orders.o_orderkey"],"Planned Partitions": 0,"HashAgg Batches": 1,"Peak Memory Usage": 24601,"Disk Usage": 0,"Plans": [{"Node Type": "Gather","Parent Relationship": "Outer","Parallel Aware": false,"Async Capable": false,"Startup Cost": 216528.94,"Total Cost": 343587.90,"Plan Rows": 475120,"Plan Width": 44,"Actual Startup Time": 10782.037,"Actual Total Time": 10858.151,"Actual Rows": 70,"Actual Loops": 1,"Workers Planned": 3,"Workers Launched": 3,"Single Copy": false,"Plans": [{"Node Type": "Hash Join","Parent Relationship": "Outer","Parallel Aware": true,"Async Capable": false,"Join Type": "Inner","Startup Cost": 215528.94,"Total Cost": 295075.90,"Plan Rows": 153265,"Plan Width": 44,"Actual Startup Time": 10180.765,"Actual Total Time": 10348.312,"Actual Rows": 18,"Actual Loops": 4,"Inner Unique": true,"Hash Cond": "(orders.o_custkey = customer.c_custkey)","Workers": [],"Plans": [{"Node Type": "Nested Loop","Parent Relationship": "Outer","Parallel Aware": false,"Async Capable": false,"Join Type": "Inner","Startup Cost": 210537.69,"Total Cost": 289682.32,"Plan Rows": 153265,"Plan Width": 25,"Actual Startup Time": 10142.809,"Actual Total Time": 10310.270,"Actual Rows": 18,"Actual Loops": 4,"Inner Unique": false,"Workers": [],"Plans": [{"Node Type": "Hash Join","Parent Relationship": "Outer","Parallel Aware": false,"Async Capable": false,"Join Type": "Inner","Startup Cost": 210537.26,"Total Cost": 242741.13,"Plan Rows": 38308,"Plan Width": 24,"Actual Startup Time": 10142.670,"Actual Total Time": 10309.991,"Actual Rows": 2,"Actual Loops": 4,"Inner Unique": true,"Hash Cond": "(orders.o_orderkey = lineitem_1.l_orderkey)","Workers": [],"Plans": [{"Node Type": "Seq Scan","Parent Relationship": "Outer","Parallel Aware": true,"Async Capable": false,"Relation Name": "orders","Alias": "orders","Startup Cost": 0.00,"Total Cost": 30933.71,"Plan Rows": 483871,"Plan Width": 20,"Actual Startup Time": 0.009,"Actual Total Time": 49.040,"Actual Rows": 375000,"Actual Loops": 4,"Workers": []},{"Node Type": "Hash","Parent Relationship": "Inner","Parallel Aware": false,"Async Capable": false,"Startup Cost": 209052.81,"Total Cost": 209052.81,"Plan Rows": 118756,"Plan Width": 4,"Actual Startup Time": 10075.163,"Actual Total Time": 10075.176,"Actual Rows": 10,"Actual Loops": 4,"Hash Buckets": 131072,"Original Hash Buckets": 131072,"Hash Batches": 1,"Original Hash Batches": 1,"Peak Memory Usage": 1025,"Workers": [],"Plans": [{"Node Type": "Aggregate","Strategy": "Hashed","Partial Mode": "Simple","Parent Relationship": "Outer","Parallel Aware": false,"Async Capable": false,"Startup Cost": 202521.23,"Total Cost": 207865.25,"Plan Rows": 118756,"Plan Width": 4,"Actual Startup Time": 6293.151,"Actual Total Time": 10074.968,"Actual Rows": 10,"Actual Loops": 4,"Group Key": ["lineitem_1.l_orderkey"],"Filter": "(sum(lineitem_1.l_quantity) > '312'::numeric)","Planned Partitions": 0,"HashAgg Batches": 1,"Peak Memory Usage": 638993,"Disk Usage": 0,"Rows Removed by Filter": 1499990,"Workers": [{"Worker Number": 0,"HashAgg Batches": 1,"Peak Memory Usage": 638993,"Disk Usage": 0},{"Worker Number": 1,"HashAgg Batches": 1,"Peak Memory Usage": 638993,"Disk Usage": 0},{"Worker Number": 2,"HashAgg Batches": 1,"Peak Memory Usage": 638993,"Disk Usage": 0}],"Plans": [{"Node Type": "Seq Scan","Parent Relationship": "Outer","Parallel Aware": false,"Async Capable": false,"Relation Name": "lineitem","Alias": "lineitem_1","Startup Cost": 0.00,"Total Cost": 172515.15,"Plan Rows": 6001215,"Plan Width": 9,"Actual Startup Time": 0.021,"Actual Total Time": 960.546,"Actual Rows": 6001215,"Actual Loops": 4,"Workers": []}]}]}]},{"Node Type": "Index Scan","Parent Relationship": "Inner","Parallel Aware": false,"Async Capable": false,"Scan Direction": "Forward","Index Name": "idx_lineitem_orderkey","Relation Name": "lineitem","Alias": "lineitem","Startup Cost": 0.43,"Total Cost": 1.06,"Plan Rows": 17,"Plan Width": 9,"Actual Startup Time": 0.072,"Actual Total Time": 0.079,"Actual Rows": 7,"Actual Loops": 10,"Index Cond": "(l_orderkey = orders.o_orderkey)","Rows Removed by Index Recheck": 0,"Workers": []}]},{"Node Type": "Hash","Parent Relationship": "Inner","Parallel Aware": true,"Async Capable": false,"Startup Cost": 4210.00,"Total Cost": 4210.00,"Plan Rows": 62500,"Plan Width": 23,"Actual Startup Time": 37.105,"Actual Total Time": 37.114,"Actual Rows": 37500,"Actual Loops": 4,"Hash Buckets": 262144,"Original Hash Buckets": 262144,"Hash Batches": 1,"Original Hash Batches": 1,"Peak Memory Usage": 10368,"Workers": [],"Plans": [{"Node Type": "Seq Scan","Parent Relationship": "Outer","Parallel Aware": true,"Async Capable": false,"Relation Name": "customer","Alias": "customer","Startup Cost": 0.00,"Total Cost": 4210.00,"Plan Rows": 62500,"Plan Width": 23,"Actual Startup Time": 0.025,"Actual Total Time": 19.726,"Actual Rows": 37500,"Actual Loops": 4,"Workers": []}]}]}]}]}]},"Planning Time": 6.715,"Triggers": [],"Execution Time": 10961.817}]
[{"Plan": {"Node Type": "Sort","Parallel Aware": false,"Async Capable": false,"Startup Cost": 397889.21,"Total Cost": 399077.01,"Plan Rows": 475120,"Plan Width": 71,"Actual Startup Time": 10345.847,"Actual Total Time": 10377.998,"Actual Rows": 9,"Actual Loops": 1,"Sort Key": ["orders.o_totalprice DESC", "orders.o_orderdate"],"Sort Method": "quicksort","Sort Space Used": 25,"Sort Space Type": "Memory","Plans": [{"Node Type": "Aggregate","Strategy": "Hashed","Partial Mode": "Simple","Parent Relationship": "Outer","Parallel Aware": false,"Async Capable": false,"Startup Cost": 347151.30,"Total Cost": 353090.30,"Plan Rows": 475120,"Plan Width": 71,"Actual Startup Time": 10329.232,"Actual Total Time": 10377.856,"Actual Rows": 9,"Actual Loops": 1,"Group Key": ["customer.c_custkey", "orders.o_orderkey"],"Planned Partitions": 0,"HashAgg Batches": 1,"Peak Memory Usage": 24601,"Disk Usage": 0,"Plans": [{"Node Type": "Gather","Parent Relationship": "Outer","Parallel Aware": false,"Async Capable": false,"Startup Cost": 216528.94,"Total Cost": 343587.90,"Plan Rows": 475120,"Plan Width": 44,"Actual Startup Time": 10053.961,"Actual Total Time": 10357.615,"Actual Rows": 63,"Actual Loops": 1,"Workers Planned": 3,"Workers Launched": 3,"Single Copy": false,"Plans": [{"Node Type": "Hash Join","Parent Relationship": "Outer","Parallel Aware": true,"Async Capable": false,"Join Type": "Inner","Startup Cost": 215528.94,"Total Cost": 295075.90,"Plan Rows": 153265,"Plan Width": 44,"Actual Startup Time": 10157.696,"Actual Total Time": 10258.651,"Actual Rows": 16,"Actual Loops": 4,"Inner Unique": true,"Hash Cond": "(orders.o_custkey = customer.c_custkey)","Workers": [],"Plans": [{"Node Type": "Nested Loop","Parent Relationship": "Outer","Parallel Aware": false,"Async Capable": false,"Join Type": "Inner","Startup Cost": 210537.69,"Total Cost": 289682.32,"Plan Rows": 153265,"Plan Width": 25,"Actual Startup Time": 10123.332,"Actual Total Time": 10224.239,"Actual Rows": 16,"Actual Loops": 4,"Inner Unique": false,"Workers": [],"Plans": [{"Node Type": "Hash Join","Parent Relationship": "Outer","Parallel Aware": false,"Async Capable": false,"Join Type": "Inner","Startup Cost": 210537.26,"Total Cost": 242741.13,"Plan Rows": 38308,"Plan Width": 24,"Actual Startup Time": 10123.186,"Actual Total Time": 10223.998,"Actual Rows": 2,"Actual Loops": 4,"Inner Unique": true,"Hash Cond": "(orders.o_orderkey = lineitem_1.l_orderkey)","Workers": [],"Plans": [{"Node Type": "Seq Scan","Parent Relationship": "Outer","Parallel Aware": true,"Async Capable": false,"Relation Name": "orders","Alias": "orders","Startup Cost": 0.00,"Total Cost": 30933.71,"Plan Rows": 483871,"Plan Width": 20,"Actual Startup Time": 0.011,"Actual Total Time": 49.852,"Actual Rows": 375000,"Actual Loops": 4,"Workers": []},{"Node Type": "Hash","Parent Relationship": "Inner","Parallel Aware": false,"Async Capable": false,"Startup Cost": 209052.81,"Total Cost": 209052.81,"Plan Rows": 118756,"Plan Width": 4,"Actual Startup Time": 10005.666,"Actual Total Time": 10005.673,"Actual Rows": 9,"Actual Loops": 4,"Hash Buckets": 131072,"Original Hash Buckets": 131072,"Hash Batches": 1,"Original Hash Batches": 1,"Peak Memory Usage": 1025,"Workers": [],"Plans": [{"Node Type": "Aggregate","Strategy": "Hashed","Partial Mode": "Simple","Parent Relationship": "Outer","Parallel Aware": false,"Async Capable": false,"Startup Cost": 202521.23,"Total Cost": 207865.25,"Plan Rows": 118756,"Plan Width": 4,"Actual Startup Time": 6310.010,"Actual Total Time": 10005.543,"Actual Rows": 9,"Actual Loops": 4,"Group Key": ["lineitem_1.l_orderkey"],"Filter": "(sum(lineitem_1.l_quantity) > '313'::numeric)","Planned Partitions": 0,"HashAgg Batches": 1,"Peak Memory Usage": 638993,"Disk Usage": 0,"Rows Removed by Filter": 1499991,"Workers": [{"Worker Number": 0,"HashAgg Batches": 1,"Peak Memory Usage": 638993,"Disk Usage": 0},{"Worker Number": 1,"HashAgg Batches": 1,"Peak Memory Usage": 638993,"Disk Usage": 0},{"Worker Number": 2,"HashAgg Batches": 1,"Peak Memory Usage": 638993,"Disk Usage": 0}],"Plans": [{"Node Type": "Seq Scan","Parent Relationship": "Outer","Parallel Aware": false,"Async Capable": false,"Relation Name": "lineitem","Alias": "lineitem_1","Startup Cost": 0.00,"Total Cost": 172515.15,"Plan Rows": 6001215,"Plan Width": 9,"Actual Startup Time": 0.020,"Actual Total Time": 994.479,"Actual Rows": 6001215,"Actual Loops": 4,"Workers": []}]}]}]},{"Node Type": "Index Scan","Parent Relationship": "Inner","Parallel Aware": false,"Async Capable": false,"Scan Direction": "Forward","Index Name": "idx_lineitem_orderkey","Relation Name": "lineitem","Alias": "lineitem","Startup Cost": 0.43,"Total Cost": 1.06,"Plan Rows": 17,"Plan Width": 9,"Actual Startup Time": 0.068,"Actual Total Time": 0.075,"Actual Rows": 7,"Actual Loops": 9,"Index Cond": "(l_orderkey = orders.o_orderkey)","Rows Removed by Index Recheck": 0,"Workers": []}]},{"Node Type": "Hash","Parent Relationship": "Inner","Parallel Aware": true,"Async Capable": false,"Startup Cost": 4210.00,"Total Cost": 4210.00,"Plan Rows": 62500,"Plan Width": 23,"Actual Startup Time": 33.578,"Actual Total Time": 33.582,"Actual Rows": 37500,"Actual Loops": 4,"Hash Buckets": 262144,"Original Hash Buckets": 262144,"Hash Batches": 1,"Original Hash Batches": 1,"Peak Memory Usage": 10336,"Workers": [],"Plans": [{"Node Type": "Seq Scan","Parent Relationship": "Outer","Parallel Aware": true,"Async Capable": false,"Relation Name": "customer","Alias": "customer","Startup Cost": 0.00,"Total Cost": 4210.00,"Plan Rows": 62500,"Plan Width": 23,"Actual Startup Time": 0.023,"Actual Total Time": 16.777,"Actual Rows": 37500,"Actual Loops": 4,"Workers": []}]}]}]}]}]},"Planning Time": 6.662,"Triggers": [],"Execution Time": 10430.266}]
[{"Plan": {"Node Type": "Sort","Parallel Aware": false,"Async Capable": false,"Startup Cost": 397889.21,"Total Cost": 399077.01,"Plan Rows": 475120,"Plan Width": 71,"Actual Startup Time": 10950.105,"Actual Total Time": 10953.954,"Actual Rows": 9,"Actual Loops": 1,"Sort Key": ["orders.o_totalprice DESC", "orders.o_orderdate"],"Sort Method": "quicksort","Sort Space Used": 25,"Sort Space Type": "Memory","Plans": [{"Node Type": "Aggregate","Strategy": "Hashed","Partial Mode": "Simple","Parent Relationship": "Outer","Parallel Aware": false,"Async Capable": false,"Startup Cost": 347151.30,"Total Cost": 353090.30,"Plan Rows": 475120,"Plan Width": 71,"Actual Startup Time": 10902.471,"Actual Total Time": 10953.715,"Actual Rows": 9,"Actual Loops": 1,"Group Key": ["customer.c_custkey", "orders.o_orderkey"],"Planned Partitions": 0,"HashAgg Batches": 1,"Peak Memory Usage": 24601,"Disk Usage": 0,"Plans": [{"Node Type": "Gather","Parent Relationship": "Outer","Parallel Aware": false,"Async Capable": false,"Startup Cost": 216528.94,"Total Cost": 343587.90,"Plan Rows": 475120,"Plan Width": 44,"Actual Startup Time": 10893.800,"Actual Total Time": 10897.693,"Actual Rows": 63,"Actual Loops": 1,"Workers Planned": 3,"Workers Launched": 3,"Single Copy": false,"Plans": [{"Node Type": "Hash Join","Parent Relationship": "Outer","Parallel Aware": true,"Async Capable": false,"Join Type": "Inner","Startup Cost": 215528.94,"Total Cost": 295075.90,"Plan Rows": 153265,"Plan Width": 44,"Actual Startup Time": 10134.253,"Actual Total Time": 10314.794,"Actual Rows": 16,"Actual Loops": 4,"Inner Unique": true,"Hash Cond": "(orders.o_custkey = customer.c_custkey)","Workers": [],"Plans": [{"Node Type": "Nested Loop","Parent Relationship": "Outer","Parallel Aware": false,"Async Capable": false,"Join Type": "Inner","Startup Cost": 210537.69,"Total Cost": 289682.32,"Plan Rows": 153265,"Plan Width": 25,"Actual Startup Time": 10099.687,"Actual Total Time": 10280.153,"Actual Rows": 16,"Actual Loops": 4,"Inner Unique": false,"Workers": [],"Plans": [{"Node Type": "Hash Join","Parent Relationship": "Outer","Parallel Aware": false,"Async Capable": false,"Join Type": "Inner","Startup Cost": 210537.26,"Total Cost": 242741.13,"Plan Rows": 38308,"Plan Width": 24,"Actual Startup Time": 10099.575,"Actual Total Time": 10279.892,"Actual Rows": 2,"Actual Loops": 4,"Inner Unique": true,"Hash Cond": "(orders.o_orderkey = lineitem_1.l_orderkey)","Workers": [],"Plans": [{"Node Type": "Seq Scan","Parent Relationship": "Outer","Parallel Aware": true,"Async Capable": false,"Relation Name": "orders","Alias": "orders","Startup Cost": 0.00,"Total Cost": 30933.71,"Plan Rows": 483871,"Plan Width": 20,"Actual Startup Time": 0.011,"Actual Total Time": 51.627,"Actual Rows": 375000,"Actual Loops": 4,"Workers": []},{"Node Type": "Hash","Parent Relationship": "Inner","Parallel Aware": false,"Async Capable": false,"Startup Cost": 209052.81,"Total Cost": 209052.81,"Plan Rows": 118756,"Plan Width": 4,"Actual Startup Time": 10016.825,"Actual Total Time": 10016.839,"Actual Rows": 9,"Actual Loops": 4,"Hash Buckets": 131072,"Original Hash Buckets": 131072,"Hash Batches": 1,"Original Hash Batches": 1,"Peak Memory Usage": 1025,"Workers": [],"Plans": [{"Node Type": "Aggregate","Strategy": "Hashed","Partial Mode": "Simple","Parent Relationship": "Outer","Parallel Aware": false,"Async Capable": false,"Startup Cost": 202521.23,"Total Cost": 207865.25,"Plan Rows": 118756,"Plan Width": 4,"Actual Startup Time": 6319.140,"Actual Total Time": 10016.671,"Actual Rows": 9,"Actual Loops": 4,"Group Key": ["lineitem_1.l_orderkey"],"Filter": "(sum(lineitem_1.l_quantity) > '315'::numeric)","Planned Partitions": 0,"HashAgg Batches": 1,"Peak Memory Usage": 638993,"Disk Usage": 0,"Rows Removed by Filter": 1499991,"Workers": [{"Worker Number": 0,"HashAgg Batches": 1,"Peak Memory Usage": 638993,"Disk Usage": 0},{"Worker Number": 1,"HashAgg Batches": 1,"Peak Memory Usage": 638993,"Disk Usage": 0},{"Worker Number": 2,"HashAgg Batches": 1,"Peak Memory Usage": 638993,"Disk Usage": 0}],"Plans": [{"Node Type": "Seq Scan","Parent Relationship": "Outer","Parallel Aware": false,"Async Capable": false,"Relation Name": "lineitem","Alias": "lineitem_1","Startup Cost": 0.00,"Total Cost": 172515.15,"Plan Rows": 6001215,"Plan Width": 9,"Actual Startup Time": 0.018,"Actual Total Time": 971.843,"Actual Rows": 6001215,"Actual Loops": 4,"Workers": []}]}]}]},{"Node Type": "Index Scan","Parent Relationship": "Inner","Parallel Aware": false,"Async Capable": false,"Scan Direction": "Forward","Index Name": "idx_lineitem_orderkey","Relation Name": "lineitem","Alias": "lineitem","Startup Cost": 0.43,"Total Cost": 1.06,"Plan Rows": 17,"Plan Width": 9,"Actual Startup Time": 0.069,"Actual Total Time": 0.079,"Actual Rows": 7,"Actual Loops": 9,"Index Cond": "(l_orderkey = orders.o_orderkey)","Rows Removed by Index Recheck": 0,"Workers": []}]},{"Node Type": "Hash","Parent Relationship": "Inner","Parallel Aware": true,"Async Capable": false,"Startup Cost": 4210.00,"Total Cost": 4210.00,"Plan Rows": 62500,"Plan Width": 23,"Actual Startup Time": 33.677,"Actual Total Time": 33.684,"Actual Rows": 37500,"Actual Loops": 4,"Hash Buckets": 262144,"Original Hash Buckets": 262144,"Hash Batches": 1,"Original Hash Batches": 1,"Peak Memory Usage": 10368,"Workers": [],"Plans": [{"Node Type": "Seq Scan","Parent Relationship": "Outer","Parallel Aware": true,"Async Capable": false,"Relation Name": "customer","Alias": "customer","Startup Cost": 0.00,"Total Cost": 4210.00,"Plan Rows": 62500,"Plan Width": 23,"Actual Startup Time": 0.019,"Actual Total Time": 16.715,"Actual Rows": 37500,"Actual Loops": 4,"Workers": []}]}]}]}]}]},"Planning Time": 6.132,"Triggers": [],"Execution Time": 11002.531}]
[{"Plan": {"Node Type": "Sort","Parallel Aware": false,"Async Capable": false,"Startup Cost": 397889.21,"Total Cost": 399077.01,"Plan Rows": 475120,"Plan Width": 71,"Actual Startup Time": 10950.105,"Actual Total Time": 10953.954,"Actual Rows": 9,"Actual Loops": 1,"Sort Key": ["orders.o_totalprice DESC", "orders.o_orderdate"],"Sort Method": "quicksort","Sort Space Used": 25,"Sort Space Type": "Memory","Plans": [{"Node Type": "Aggregate","Strategy": "Hashed","Partial Mode": "Simple","Parent Relationship": "Outer","Parallel Aware": false,"Async Capable": false,"Startup Cost": 347151.30,"Total Cost": 353090.30,"Plan Rows": 475120,"Plan Width": 71,"Actual Startup Time": 10902.471,"Actual Total Time": 10953.715,"Actual Rows": 9,"Actual Loops": 1,"Group Key": ["customer.c_custkey", "orders.o_orderkey"],"Planned Partitions": 0,"HashAgg Batches": 1,"Peak Memory Usage": 24601,"Disk Usage": 0,"Plans": [{"Node Type": "Gather","Parent Relationship": "Outer","Parallel Aware": false,"Async Capable": false,"Startup Cost": 216528.94,"Total Cost": 343587.90,"Plan Rows": 475120,"Plan Width": 44,"Actual Startup Time": 10893.800,"Actual Total Time": 10897.693,"Actual Rows": 63,"Actual Loops": 1,"Workers Planned": 3,"Workers Launched": 3,"Single Copy": false,"Plans": [{"Node Type": "Hash Join","Parent Relationship": "Outer","Parallel Aware": true,"Async Capable": false,"Join Type": "Inner","Startup Cost": 215528.94,"Total Cost": 295075.90,"Plan Rows": 153265,"Plan Width": 44,"Actual Startup Time": 10134.253,"Actual Total Time": 10314.794,"Actual Rows": 16,"Actual Loops": 4,"Inner Unique": true,"Hash Cond": "(orders.o_custkey = customer.c_custkey)","Workers": [],"Plans": [{"Node Type": "Nested Loop","Parent Relationship": "Outer","Parallel Aware": false,"Async Capable": false,"Join Type": "Inner","Startup Cost": 210537.69,"Total Cost": 289682.32,"Plan Rows": 153265,"Plan Width": 25,"Actual Startup Time": 10099.687,"Actual Total Time": 10280.153,"Actual Rows": 16,"Actual Loops": 4,"Inner Unique": false,"Workers": [],"Plans": [{"Node Type": "Hash Join","Parent Relationship": "Outer","Parallel Aware": false,"Async Capable": false,"Join Type": "Inner","Startup Cost": 210537.26,"Total Cost": 242741.13,"Plan Rows": 38308,"Plan Width": 24,"Actual Startup Time": 10099.575,"Actual Total Time": 10279.892,"Actual Rows": 2,"Actual Loops": 4,"Inner Unique": true,"Hash Cond": "(orders.o_orderkey = lineitem_1.l_orderkey)","Workers": [],"Plans": [{"Node Type": "Seq Scan","Parent Relationship": "Outer","Parallel Aware": true,"Async Capable": false,"Relation Name": "orders","Alias": "orders","Startup Cost": 0.00,"Total Cost": 30933.71,"Plan Rows": 483871,"Plan Width": 20,"Actual Startup Time": 0.011,"Actual Total Time": 51.627,"Actual Rows": 375000,"Actual Loops": 4,"Workers": []},{"Node Type": "Hash","Parent Relationship": "Inner","Parallel Aware": false,"Async Capable": false,"Startup Cost": 209052.81,"Total Cost": 209052.81,"Plan Rows": 118756,"Plan Width": 4,"Actual Startup Time": 10016.825,"Actual Total Time": 10016.839,"Actual Rows": 9,"Actual Loops": 4,"Hash Buckets": 131072,"Original Hash Buckets": 131072,"Hash Batches": 1,"Original Hash Batches": 1,"Peak Memory Usage": 1025,"Workers": [],"Plans": [{"Node Type": "Aggregate","Strategy": "Hashed","Partial Mode": "Simple","Parent Relationship": "Outer","Parallel Aware": false,"Async Capable": false,"Startup Cost": 202521.23,"Total Cost": 207865.25,"Plan Rows": 118756,"Plan Width": 4,"Actual Startup Time": 6319.140,"Actual Total Time": 10016.671,"Actual Rows": 9,"Actual Loops": 4,"Group Key": ["lineitem_1.l_orderkey"],"Filter": "(sum(lineitem_1.l_quantity) > '315'::numeric)","Planned Partitions": 0,"HashAgg Batches": 1,"Peak Memory Usage": 638993,"Disk Usage": 0,"Rows Removed by Filter": 1499991,"Workers": [{"Worker Number": 0,"HashAgg Batches": 1,"Peak Memory Usage": 638993,"Disk Usage": 0},{"Worker Number": 1,"HashAgg Batches": 1,"Peak Memory Usage": 638993,"Disk Usage": 0},{"Worker Number": 2,"HashAgg Batches": 1,"Peak Memory Usage": 638993,"Disk Usage": 0}],"Plans": [{"Node Type": "Seq Scan","Parent Relationship": "Outer","Parallel Aware": false,"Async Capable": false,"Relation Name": "lineitem","Alias": "lineitem_1","Startup Cost": 0.00,"Total Cost": 172515.15,"Plan Rows": 6001215,"Plan Width": 9,"Actual Startup Time": 0.018,"Actual Total Time": 971.843,"Actual Rows": 6001215,"Actual Loops": 4,"Workers": []}]}]}]},{"Node Type": "Index Scan","Parent Relationship": "Inner","Parallel Aware": false,"Async Capable": false,"Scan Direction": "Forward","Index Name": "idx_lineitem_orderkey","Relation Name": "lineitem","Alias": "lineitem","Startup Cost": 0.43,"Total Cost": 1.06,"Plan Rows": 17,"Plan Width": 9,"Actual Startup Time": 0.069,"Actual Total Time": 0.079,"Actual Rows": 7,"Actual Loops": 9,"Index Cond": "(l_orderkey = orders.o_orderkey)","Rows Removed by Index Recheck": 0,"Workers": []}]},{"Node Type": "Hash","Parent Relationship": "Inner","Parallel Aware": true,"Async Capable": false,"Startup Cost": 4210.00,"Total Cost": 4210.00,"Plan Rows": 62500,"Plan Width": 23,"Actual Startup Time": 33.677,"Actual Total Time": 33.684,"Actual Rows": 37500,"Actual Loops": 4,"Hash Buckets": 262144,"Original Hash Buckets": 262144,"Hash Batches": 1,"Original Hash Batches": 1,"Peak Memory Usage": 10368,"Workers": [],"Plans": [{"Node Type": "Seq Scan","Parent Relationship": "Outer","Parallel Aware": true,"Async Capable": false,"Relation Name": "customer","Alias": "customer","Startup Cost": 0.00,"Total Cost": 4210.00,"Plan Rows": 62500,"Plan Width": 23,"Actual Startup Time": 0.019,"Actual Total Time": 16.715,"Actual Rows": 37500,"Actual Loops": 4,"Workers": []}]}]}]}]}]},"Planning Time": 6.132,"Triggers": [],"Execution Time": 11002.531}]
[{"Plan": {"Node Type": "Sort","Parallel Aware": false,"Async Capable": false,"Startup Cost": 397889.21,"Total Cost": 399077.01,"Plan Rows": 475120,"Plan Width": 71,"Actual Startup Time": 10345.847,"Actual Total Time": 10377.998,"Actual Rows": 9,"Actual Loops": 1,"Sort Key": ["orders.o_totalprice DESC", "orders.o_orderdate"],"Sort Method": "quicksort","Sort Space Used": 25,"Sort Space Type": "Memory","Plans": [{"Node Type": "Aggregate","Strategy": "Hashed","Partial Mode": "Simple","Parent Relationship": "Outer","Parallel Aware": false,"Async Capable": false,"Startup Cost": 347151.30,"Total Cost": 353090.30,"Plan Rows": 475120,"Plan Width": 71,"Actual Startup Time": 10329.232,"Actual Total Time": 10377.856,"Actual Rows": 9,"Actual Loops": 1,"Group Key": ["customer.c_custkey", "orders.o_orderkey"],"Planned Partitions": 0,"HashAgg Batches": 1,"Peak Memory Usage": 24601,"Disk Usage": 0,"Plans": [{"Node Type": "Gather","Parent Relationship": "Outer","Parallel Aware": false,"Async Capable": false,"Startup Cost": 216528.94,"Total Cost": 343587.90,"Plan Rows": 475120,"Plan Width": 44,"Actual Startup Time": 10053.961,"Actual Total Time": 10357.615,"Actual Rows": 63,"Actual Loops": 1,"Workers Planned": 3,"Workers Launched": 3,"Single Copy": false,"Plans": [{"Node Type": "Hash Join","Parent Relationship": "Outer","Parallel Aware": true,"Async Capable": false,"Join Type": "Inner","Startup Cost": 215528.94,"Total Cost": 295075.90,"Plan Rows": 153265,"Plan Width": 44,"Actual Startup Time": 10157.696,"Actual Total Time": 10258.651,"Actual Rows": 16,"Actual Loops": 4,"Inner Unique": true,"Hash Cond": "(orders.o_custkey = customer.c_custkey)","Workers": [],"Plans": [{"Node Type": "Nested Loop","Parent Relationship": "Outer","Parallel Aware": false,"Async Capable": false,"Join Type": "Inner","Startup Cost": 210537.69,"Total Cost": 289682.32,"Plan Rows": 153265,"Plan Width": 25,"Actual Startup Time": 10123.332,"Actual Total Time": 10224.239,"Actual Rows": 16,"Actual Loops": 4,"Inner Unique": false,"Workers": [],"Plans": [{"Node Type": "Hash Join","Parent Relationship": "Outer","Parallel Aware": false,"Async Capable": false,"Join Type": "Inner","Startup Cost": 210537.26,"Total Cost": 242741.13,"Plan Rows": 38308,"Plan Width": 24,"Actual Startup Time": 10123.186,"Actual Total Time": 10223.998,"Actual Rows": 2,"Actual Loops": 4,"Inner Unique": true,"Hash Cond": "(orders.o_orderkey = lineitem_1.l_orderkey)","Workers": [],"Plans": [{"Node Type": "Seq Scan","Parent Relationship": "Outer","Parallel Aware": true,"Async Capable": false,"Relation Name": "orders","Alias": "orders","Startup Cost": 0.00,"Total Cost": 30933.71,"Plan Rows": 483871,"Plan Width": 20,"Actual Startup Time": 0.011,"Actual Total Time": 49.852,"Actual Rows": 375000,"Actual Loops": 4,"Workers": []},{"Node Type": "Hash","Parent Relationship": "Inner","Parallel Aware": false,"Async Capable": false,"Startup Cost": 209052.81,"Total Cost": 209052.81,"Plan Rows": 118756,"Plan Width": 4,"Actual Startup Time": 10005.666,"Actual Total Time": 10005.673,"Actual Rows": 9,"Actual Loops": 4,"Hash Buckets": 131072,"Original Hash Buckets": 131072,"Hash Batches": 1,"Original Hash Batches": 1,"Peak Memory Usage": 1025,"Workers": [],"Plans": [{"Node Type": "Aggregate","Strategy": "Hashed","Partial Mode": "Simple","Parent Relationship": "Outer","Parallel Aware": false,"Async Capable": false,"Startup Cost": 202521.23,"Total Cost": 207865.25,"Plan Rows": 118756,"Plan Width": 4,"Actual Startup Time": 6310.010,"Actual Total Time": 10005.543,"Actual Rows": 9,"Actual Loops": 4,"Group Key": ["lineitem_1.l_orderkey"],"Filter": "(sum(lineitem_1.l_quantity) > '313'::numeric)","Planned Partitions": 0,"HashAgg Batches": 1,"Peak Memory Usage": 638993,"Disk Usage": 0,"Rows Removed by Filter": 1499991,"Workers": [{"Worker Number": 0,"HashAgg Batches": 1,"Peak Memory Usage": 638993,"Disk Usage": 0},{"Worker Number": 1,"HashAgg Batches": 1,"Peak Memory Usage": 638993,"Disk Usage": 0},{"Worker Number": 2,"HashAgg Batches": 1,"Peak Memory Usage": 638993,"Disk Usage": 0}],"Plans": [{"Node Type": "Seq Scan","Parent Relationship": "Outer","Parallel Aware": false,"Async Capable": false,"Relation Name": "lineitem","Alias": "lineitem_1","Startup Cost": 0.00,"Total Cost": 172515.15,"Plan Rows": 6001215,"Plan Width": 9,"Actual Startup Time": 0.020,"Actual Total Time": 994.479,"Actual Rows": 6001215,"Actual Loops": 4,"Workers": []}]}]}]},{"Node Type": "Index Scan","Parent Relationship": "Inner","Parallel Aware": false,"Async Capable": false,"Scan Direction": "Forward","Index Name": "idx_lineitem_orderkey","Relation Name": "lineitem","Alias": "lineitem","Startup Cost": 0.43,"Total Cost": 1.06,"Plan Rows": 17,"Plan Width": 9,"Actual Startup Time": 0.068,"Actual Total Time": 0.075,"Actual Rows": 7,"Actual Loops": 9,"Index Cond": "(l_orderkey = orders.o_orderkey)","Rows Removed by Index Recheck": 0,"Workers": []}]},{"Node Type": "Hash","Parent Relationship": "Inner","Parallel Aware": true,"Async Capable": false,"Startup Cost": 4210.00,"Total Cost": 4210.00,"Plan Rows": 62500,"Plan Width": 23,"Actual Startup Time": 33.578,"Actual Total Time": 33.582,"Actual Rows": 37500,"Actual Loops": 4,"Hash Buckets": 262144,"Original Hash Buckets": 262144,"Hash Batches": 1,"Original Hash Batches": 1,"Peak Memory Usage": 10336,"Workers": [],"Plans": [{"Node Type": "Seq Scan","Parent Relationship": "Outer","Parallel Aware": true,"Async Capable": false,"Relation Name": "customer","Alias": "customer","Startup Cost": 0.00,"Total Cost": 4210.00,"Plan Rows": 62500,"Plan Width": 23,"Actual Startup Time": 0.023,"Actual Total Time": 16.777,"Actual Rows": 37500,"Actual Loops": 4,"Workers": []}]}]}]}]}]},"Planning Time": 6.662,"Triggers": [],"Execution Time": 10430.266}]
[{"Plan": {"Node Type": "Sort","Parallel Aware": false,"Async Capable": false,"Startup Cost": 397889.21,"Total Cost": 399077.01,"Plan Rows": 475120,"Plan Width": 71,"Actual Startup Time": 10887.509,"Actual Total Time": 10908.132,"Actual Rows": 10,"Actual Loops": 1,"Sort Key": ["orders.o_totalprice DESC", "orders.o_orderdate"],"Sort Method": "quicksort","Sort Space Used": 25,"Sort Space Type": "Memory","Plans": [{"Node Type": "Aggregate","Strategy": "Hashed","Partial Mode": "Simple","Parent Relationship": "Outer","Parallel Aware": false,"Async Capable": false,"Startup Cost": 347151.30,"Total Cost": 353090.30,"Plan Rows": 475120,"Plan Width": 71,"Actual Startup Time": 10848.812,"Actual Total Time": 10907.941,"Actual Rows": 10,"Actual Loops": 1,"Group Key": ["customer.c_custkey", "orders.o_orderkey"],"Planned Partitions": 0,"HashAgg Batches": 1,"Peak Memory Usage": 24601,"Disk Usage": 0,"Plans": [{"Node Type": "Gather","Parent Relationship": "Outer","Parallel Aware": false,"Async Capable": false,"Startup Cost": 216528.94,"Total Cost": 343587.90,"Plan Rows": 475120,"Plan Width": 44,"Actual Startup Time": 10782.037,"Actual Total Time": 10858.151,"Actual Rows": 70,"Actual Loops": 1,"Workers Planned": 3,"Workers Launched": 3,"Single Copy": false,"Plans": [{"Node Type": "Hash Join","Parent Relationship": "Outer","Parallel Aware": true,"Async Capable": false,"Join Type": "Inner","Startup Cost": 215528.94,"Total Cost": 295075.90,"Plan Rows": 153265,"Plan Width": 44,"Actual Startup Time": 10180.765,"Actual Total Time": 10348.312,"Actual Rows": 18,"Actual Loops": 4,"Inner Unique": true,"Hash Cond": "(orders.o_custkey = customer.c_custkey)","Workers": [],"Plans": [{"Node Type": "Nested Loop","Parent Relationship": "Outer","Parallel Aware": false,"Async Capable": false,"Join Type": "Inner","Startup Cost": 210537.69,"Total Cost": 289682.32,"Plan Rows": 153265,"Plan Width": 25,"Actual Startup Time": 10142.809,"Actual Total Time": 10310.270,"Actual Rows": 18,"Actual Loops": 4,"Inner Unique": false,"Workers": [],"Plans": [{"Node Type": "Hash Join","Parent Relationship": "Outer","Parallel Aware": false,"Async Capable": false,"Join Type": "Inner","Startup Cost": 210537.26,"Total Cost": 242741.13,"Plan Rows": 38308,"Plan Width": 24,"Actual Startup Time": 10142.670,"Actual Total Time": 10309.991,"Actual Rows": 2,"Actual Loops": 4,"Inner Unique": true,"Hash Cond": "(orders.o_orderkey = lineitem_1.l_orderkey)","Workers": [],"Plans": [{"Node Type": "Seq Scan","Parent Relationship": "Outer","Parallel Aware": true,"Async Capable": false,"Relation Name": "orders","Alias": "orders","Startup Cost": 0.00,"Total Cost": 30933.71,"Plan Rows": 483871,"Plan Width": 20,"Actual Startup Time": 0.009,"Actual Total Time": 49.040,"Actual Rows": 375000,"Actual Loops": 4,"Workers": []},{"Node Type": "Hash","Parent Relationship": "Inner","Parallel Aware": false,"Async Capable": false,"Startup Cost": 209052.81,"Total Cost": 209052.81,"Plan Rows": 118756,"Plan Width": 4,"Actual Startup Time": 10075.163,"Actual Total Time": 10075.176,"Actual Rows": 10,"Actual Loops": 4,"Hash Buckets": 131072,"Original Hash Buckets": 131072,"Hash Batches": 1,"Original Hash Batches": 1,"Peak Memory Usage": 1025,"Workers": [],"Plans": [{"Node Type": "Aggregate","Strategy": "Hashed","Partial Mode": "Simple","Parent Relationship": "Outer","Parallel Aware": false,"Async Capable": false,"Startup Cost": 202521.23,"Total Cost": 207865.25,"Plan Rows": 118756,"Plan Width": 4,"Actual Startup Time": 6293.151,"Actual Total Time": 10074.968,"Actual Rows": 10,"Actual Loops": 4,"Group Key": ["lineitem_1.l_orderkey"],"Filter": "(sum(lineitem_1.l_quantity) > '312'::numeric)","Planned Partitions": 0,"HashAgg Batches": 1,"Peak Memory Usage": 638993,"Disk Usage": 0,"Rows Removed by Filter": 1499990,"Workers": [{"Worker Number": 0,"HashAgg Batches": 1,"Peak Memory Usage": 638993,"Disk Usage": 0},{"Worker Number": 1,"HashAgg Batches": 1,"Peak Memory Usage": 638993,"Disk Usage": 0},{"Worker Number": 2,"HashAgg Batches": 1,"Peak Memory Usage": 638993,"Disk Usage": 0}],"Plans": [{"Node Type": "Seq Scan","Parent Relationship": "Outer","Parallel Aware": false,"Async Capable": false,"Relation Name": "lineitem","Alias": "lineitem_1","Startup Cost": 0.00,"Total Cost": 172515.15,"Plan Rows": 6001215,"Plan Width": 9,"Actual Startup Time": 0.021,"Actual Total Time": 960.546,"Actual Rows": 6001215,"Actual Loops": 4,"Workers": []}]}]}]},{"Node Type": "Index Scan","Parent Relationship": "Inner","Parallel Aware": false,"Async Capable": false,"Scan Direction": "Forward","Index Name": "idx_lineitem_orderkey","Relation Name": "lineitem","Alias": "lineitem","Startup Cost": 0.43,"Total Cost": 1.06,"Plan Rows": 17,"Plan Width": 9,"Actual Startup Time": 0.072,"Actual Total Time": 0.079,"Actual Rows": 7,"Actual Loops": 10,"Index Cond": "(l_orderkey = orders.o_orderkey)","Rows Removed by Index Recheck": 0,"Workers": []}]},{"Node Type": "Hash","Parent Relationship": "Inner","Parallel Aware": true,"Async Capable": false,"Startup Cost": 4210.00,"Total Cost": 4210.00,"Plan Rows": 62500,"Plan Width": 23,"Actual Startup Time": 37.105,"Actual Total Time": 37.114,"Actual Rows": 37500,"Actual Loops": 4,"Hash Buckets": 262144,"Original Hash Buckets": 262144,"Hash Batches": 1,"Original Hash Batches": 1,"Peak Memory Usage": 10368,"Workers": [],"Plans": [{"Node Type": "Seq Scan","Parent Relationship": "Outer","Parallel Aware": true,"Async Capable": false,"Relation Name": "customer","Alias": "customer","Startup Cost": 0.00,"Total Cost": 4210.00,"Plan Rows": 62500,"Plan Width": 23,"Actual Startup Time": 0.025,"Actual Total Time": 19.726,"Actual Rows": 37500,"Actual Loops": 4,"Workers": []}]}]}]}]}]},"Planning Time": 6.715,"Triggers": [],"Execution Time": 10961.817}]
[{"Plan": {"Node Type": "Sort","Parallel Aware": false,"Async Capable": false,"Startup Cost": 397889.21,"Total Cost": 399077.01,"Plan Rows": 475120,"Plan Width": 71,"Actual Startup Time": 10785.011,"Actual Total Time": 10839.032,"Actual Rows": 9,"Actual Loops": 1,"Sort Key": ["orders.o_totalprice DESC", "orders.o_orderdate"],"Sort Method": "quicksort","Sort Space Used": 25,"Sort Space Type": "Memory","Plans": [{"Node Type": "Aggregate","Strategy": "Hashed","Partial Mode": "Simple","Parent Relationship": "Outer","Parallel Aware": false,"Async Capable": false,"Startup Cost": 347151.30,"Total Cost": 353090.30,"Plan Rows": 475120,"Plan Width": 71,"Actual Startup Time": 10763.855,"Actual Total Time": 10838.848,"Actual Rows": 9,"Actual Loops": 1,"Group Key": ["customer.c_custkey", "orders.o_orderkey"],"Planned Partitions": 0,"HashAgg Batches": 1,"Peak Memory Usage": 24601,"Disk Usage": 0,"Plans": [{"Node Type": "Gather","Parent Relationship": "Outer","Parallel Aware": false,"Async Capable": false,"Startup Cost": 216528.94,"Total Cost": 343587.90,"Plan Rows": 475120,"Plan Width": 44,"Actual Startup Time": 9674.071,"Actual Total Time": 10813.470,"Actual Rows": 63,"Actual Loops": 1,"Workers Planned": 3,"Workers Launched": 3,"Single Copy": false,"Plans": [{"Node Type": "Hash Join","Parent Relationship": "Outer","Parallel Aware": true,"Async Capable": false,"Join Type": "Inner","Startup Cost": 215528.94,"Total Cost": 295075.90,"Plan Rows": 153265,"Plan Width": 44,"Actual Startup Time": 10141.072,"Actual Total Time": 10312.965,"Actual Rows": 16,"Actual Loops": 4,"Inner Unique": true,"Hash Cond": "(orders.o_custkey = customer.c_custkey)","Workers": [],"Plans": [{"Node Type": "Nested Loop","Parent Relationship": "Outer","Parallel Aware": false,"Async Capable": false,"Join Type": "Inner","Startup Cost": 210537.69,"Total Cost": 289682.32,"Plan Rows": 153265,"Plan Width": 25,"Actual Startup Time": 10104.129,"Actual Total Time": 10275.947,"Actual Rows": 16,"Actual Loops": 4,"Inner Unique": false,"Workers": [],"Plans": [{"Node Type": "Hash Join","Parent Relationship": "Outer","Parallel Aware": false,"Async Capable": false,"Join Type": "Inner","Startup Cost": 210537.26,"Total Cost": 242741.13,"Plan Rows": 38308,"Plan Width": 24,"Actual Startup Time": 10104.052,"Actual Total Time": 10275.739,"Actual Rows": 2,"Actual Loops": 4,"Inner Unique": true,"Hash Cond": "(orders.o_orderkey = lineitem_1.l_orderkey)","Workers": [],"Plans": [{"Node Type": "Seq Scan","Parent Relationship": "Outer","Parallel Aware": true,"Async Capable": false,"Relation Name": "orders","Alias": "orders","Startup Cost": 0.00,"Total Cost": 30933.71,"Plan Rows": 483871,"Plan Width": 20,"Actual Startup Time": 0.007,"Actual Total Time": 53.689,"Actual Rows": 375000,"Actual Loops": 4,"Workers": []},{"Node Type": "Hash","Parent Relationship": "Inner","Parallel Aware": false,"Async Capable": false,"Startup Cost": 209052.81,"Total Cost": 209052.81,"Plan Rows": 118756,"Plan Width": 4,"Actual Startup Time": 10025.157,"Actual Total Time": 10025.166,"Actual Rows": 9,"Actual Loops": 4,"Hash Buckets": 131072,"Original Hash Buckets": 131072,"Hash Batches": 1,"Original Hash Batches": 1,"Peak Memory Usage": 1025,"Workers": [],"Plans": [{"Node Type": "Aggregate","Strategy": "Hashed","Partial Mode": "Simple","Parent Relationship": "Outer","Parallel Aware": false,"Async Capable": false,"Startup Cost": 202521.23,"Total Cost": 207865.25,"Plan Rows": 118756,"Plan Width": 4,"Actual Startup Time": 6285.839,"Actual Total Time": 10024.981,"Actual Rows": 9,"Actual Loops": 4,"Group Key": ["lineitem_1.l_orderkey"],"Filter": "(sum(lineitem_1.l_quantity) > '314'::numeric)","Planned Partitions": 0,"HashAgg Batches": 1,"Peak Memory Usage": 638993,"Disk Usage": 0,"Rows Removed by Filter": 1499991,"Workers": [{"Worker Number": 0,"HashAgg Batches": 1,"Peak Memory Usage": 638993,"Disk Usage": 0},{"Worker Number": 1,"HashAgg Batches": 1,"Peak Memory Usage": 638993,"Disk Usage": 0},{"Worker Number": 2,"HashAgg Batches": 1,"Peak Memory Usage": 638993,"Disk Usage": 0}],"Plans": [{"Node Type": "Seq Scan","Parent Relationship": "Outer","Parallel Aware": false,"Async Capable": false,"Relation Name": "lineitem","Alias": "lineitem_1","Startup Cost": 0.00,"Total Cost": 172515.15,"Plan Rows": 6001215,"Plan Width": 9,"Actual Startup Time": 0.019,"Actual Total Time": 931.752,"Actual Rows": 6001215,"Actual Loops": 4,"Workers": []}]}]}]},{"Node Type": "Index Scan","Parent Relationship": "Inner","Parallel Aware": false,"Async Capable": false,"Scan Direction": "Forward","Index Name": "idx_lineitem_orderkey","Relation Name": "lineitem","Alias": "lineitem","Startup Cost": 0.43,"Total Cost": 1.06,"Plan Rows": 17,"Plan Width": 9,"Actual Startup Time": 0.055,"Actual Total Time": 0.062,"Actual Rows": 7,"Actual Loops": 9,"Index Cond": "(l_orderkey = orders.o_orderkey)","Rows Removed by Index Recheck": 0,"Workers": []}]},{"Node Type": "Hash","Parent Relationship": "Inner","Parallel Aware": true,"Async Capable": false,"Startup Cost": 4210.00,"Total Cost": 4210.00,"Plan Rows": 62500,"Plan Width": 23,"Actual Startup Time": 36.172,"Actual Total Time": 36.190,"Actual Rows": 37500,"Actual Loops": 4,"Hash Buckets": 262144,"Original Hash Buckets": 262144,"Hash Batches": 1,"Original Hash Batches": 1,"Peak Memory Usage": 10336,"Workers": [],"Plans": [{"Node Type": "Seq Scan","Parent Relationship": "Outer","Parallel Aware": true,"Async Capable": false,"Relation Name": "customer","Alias": "customer","Startup Cost": 0.00,"Total Cost": 4210.00,"Plan Rows": 62500,"Plan Width": 23,"Actual Startup Time": 0.024,"Actual Total Time": 17.933,"Actual Rows": 37500,"Actual Loops": 4,"Workers": []}]}]}]}]}]},"Planning Time": 6.881,"Triggers": [],"Execution Time": 10893.482}]
[{"Plan": {"Node Type": "Sort","Parallel Aware": false,"Async Capable": false,"Startup Cost": 397889.21,"Total Cost": 399077.01,"Plan Rows": 475120,"Plan Width": 71,"Actual Startup Time": 10785.011,"Actual Total Time": 10839.032,"Actual Rows": 9,"Actual Loops": 1,"Sort Key": ["orders.o_totalprice DESC", "orders.o_orderdate"],"Sort Method": "quicksort","Sort Space Used": 25,"Sort Space Type": "Memory","Plans": [{"Node Type": "Aggregate","Strategy": "Hashed","Partial Mode": "Simple","Parent Relationship": "Outer","Parallel Aware": false,"Async Capable": false,"Startup Cost": 347151.30,"Total Cost": 353090.30,"Plan Rows": 475120,"Plan Width": 71,"Actual Startup Time": 10763.855,"Actual Total Time": 10838.848,"Actual Rows": 9,"Actual Loops": 1,"Group Key": ["customer.c_custkey", "orders.o_orderkey"],"Planned Partitions": 0,"HashAgg Batches": 1,"Peak Memory Usage": 24601,"Disk Usage": 0,"Plans": [{"Node Type": "Gather","Parent Relationship": "Outer","Parallel Aware": false,"Async Capable": false,"Startup Cost": 216528.94,"Total Cost": 343587.90,"Plan Rows": 475120,"Plan Width": 44,"Actual Startup Time": 9674.071,"Actual Total Time": 10813.470,"Actual Rows": 63,"Actual Loops": 1,"Workers Planned": 3,"Workers Launched": 3,"Single Copy": false,"Plans": [{"Node Type": "Hash Join","Parent Relationship": "Outer","Parallel Aware": true,"Async Capable": false,"Join Type": "Inner","Startup Cost": 215528.94,"Total Cost": 295075.90,"Plan Rows": 153265,"Plan Width": 44,"Actual Startup Time": 10141.072,"Actual Total Time": 10312.965,"Actual Rows": 16,"Actual Loops": 4,"Inner Unique": true,"Hash Cond": "(orders.o_custkey = customer.c_custkey)","Workers": [],"Plans": [{"Node Type": "Nested Loop","Parent Relationship": "Outer","Parallel Aware": false,"Async Capable": false,"Join Type": "Inner","Startup Cost": 210537.69,"Total Cost": 289682.32,"Plan Rows": 153265,"Plan Width": 25,"Actual Startup Time": 10104.129,"Actual Total Time": 10275.947,"Actual Rows": 16,"Actual Loops": 4,"Inner Unique": false,"Workers": [],"Plans": [{"Node Type": "Hash Join","Parent Relationship": "Outer","Parallel Aware": false,"Async Capable": false,"Join Type": "Inner","Startup Cost": 210537.26,"Total Cost": 242741.13,"Plan Rows": 38308,"Plan Width": 24,"Actual Startup Time": 10104.052,"Actual Total Time": 10275.739,"Actual Rows": 2,"Actual Loops": 4,"Inner Unique": true,"Hash Cond": "(orders.o_orderkey = lineitem_1.l_orderkey)","Workers": [],"Plans": [{"Node Type": "Seq Scan","Parent Relationship": "Outer","Parallel Aware": true,"Async Capable": false,"Relation Name": "orders","Alias": "orders","Startup Cost": 0.00,"Total Cost": 30933.71,"Plan Rows": 483871,"Plan Width": 20,"Actual Startup Time": 0.007,"Actual Total Time": 53.689,"Actual Rows": 375000,"Actual Loops": 4,"Workers": []},{"Node Type": "Hash","Parent Relationship": "Inner","Parallel Aware": false,"Async Capable": false,"Startup Cost": 209052.81,"Total Cost": 209052.81,"Plan Rows": 118756,"Plan Width": 4,"Actual Startup Time": 10025.157,"Actual Total Time": 10025.166,"Actual Rows": 9,"Actual Loops": 4,"Hash Buckets": 131072,"Original Hash Buckets": 131072,"Hash Batches": 1,"Original Hash Batches": 1,"Peak Memory Usage": 1025,"Workers": [],"Plans": [{"Node Type": "Aggregate","Strategy": "Hashed","Partial Mode": "Simple","Parent Relationship": "Outer","Parallel Aware": false,"Async Capable": false,"Startup Cost": 202521.23,"Total Cost": 207865.25,"Plan Rows": 118756,"Plan Width": 4,"Actual Startup Time": 6285.839,"Actual Total Time": 10024.981,"Actual Rows": 9,"Actual Loops": 4,"Group Key": ["lineitem_1.l_orderkey"],"Filter": "(sum(lineitem_1.l_quantity) > '314'::numeric)","Planned Partitions": 0,"HashAgg Batches": 1,"Peak Memory Usage": 638993,"Disk Usage": 0,"Rows Removed by Filter": 1499991,"Workers": [{"Worker Number": 0,"HashAgg Batches": 1,"Peak Memory Usage": 638993,"Disk Usage": 0},{"Worker Number": 1,"HashAgg Batches": 1,"Peak Memory Usage": 638993,"Disk Usage": 0},{"Worker Number": 2,"HashAgg Batches": 1,"Peak Memory Usage": 638993,"Disk Usage": 0}],"Plans": [{"Node Type": "Seq Scan","Parent Relationship": "Outer","Parallel Aware": false,"Async Capable": false,"Relation Name": "lineitem","Alias": "lineitem_1","Startup Cost": 0.00,"Total Cost": 172515.15,"Plan Rows": 6001215,"Plan Width": 9,"Actual Startup Time": 0.019,"Actual Total Time": 931.752,"Actual Rows": 6001215,"Actual Loops": 4,"Workers": []}]}]}]},{"Node Type": "Index Scan","Parent Relationship": "Inner","Parallel Aware": false,"Async Capable": false,"Scan Direction": "Forward","Index Name": "idx_lineitem_orderkey","Relation Name": "lineitem","Alias": "lineitem","Startup Cost": 0.43,"Total Cost": 1.06,"Plan Rows": 17,"Plan Width": 9,"Actual Startup Time": 0.055,"Actual Total Time": 0.062,"Actual Rows": 7,"Actual Loops": 9,"Index Cond": "(l_orderkey = orders.o_orderkey)","Rows Removed by Index Recheck": 0,"Workers": []}]},{"Node Type": "Hash","Parent Relationship": "Inner","Parallel Aware": true,"Async Capable": false,"Startup Cost": 4210.00,"Total Cost": 4210.00,"Plan Rows": 62500,"Plan Width": 23,"Actual Startup Time": 36.172,"Actual Total Time": 36.190,"Actual Rows": 37500,"Actual Loops": 4,"Hash Buckets": 262144,"Original Hash Buckets": 262144,"Hash Batches": 1,"Original Hash Batches": 1,"Peak Memory Usage": 10336,"Workers": [],"Plans": [{"Node Type": "Seq Scan","Parent Relationship": "Outer","Parallel Aware": true,"Async Capable": false,"Relation Name": "customer","Alias": "customer","Startup Cost": 0.00,"Total Cost": 4210.00,"Plan Rows": 62500,"Plan Width": 23,"Actual Startup Time": 0.024,"Actual Total Time": 17.933,"Actual Rows": 37500,"Actual Loops": 4,"Workers": []}]}]}]}]}]},"Planning Time": 6.881,"Triggers": [],"Execution Time": 10893.482}]
[{"Plan": {"Node Type": "Sort","Parallel Aware": false,"Async Capable": false,"Startup Cost": 397889.21,"Total Cost": 399077.01,"Plan Rows": 475120,"Plan Width": 71,"Actual Startup Time": 10950.105,"Actual Total Time": 10953.954,"Actual Rows": 9,"Actual Loops": 1,"Sort Key": ["orders.o_totalprice DESC", "orders.o_orderdate"],"Sort Method": "quicksort","Sort Space Used": 25,"Sort Space Type": "Memory","Plans": [{"Node Type": "Aggregate","Strategy": "Hashed","Partial Mode": "Simple","Parent Relationship": "Outer","Parallel Aware": false,"Async Capable": false,"Startup Cost": 347151.30,"Total Cost": 353090.30,"Plan Rows": 475120,"Plan Width": 71,"Actual Startup Time": 10902.471,"Actual Total Time": 10953.715,"Actual Rows": 9,"Actual Loops": 1,"Group Key": ["customer.c_custkey", "orders.o_orderkey"],"Planned Partitions": 0,"HashAgg Batches": 1,"Peak Memory Usage": 24601,"Disk Usage": 0,"Plans": [{"Node Type": "Gather","Parent Relationship": "Outer","Parallel Aware": false,"Async Capable": false,"Startup Cost": 216528.94,"Total Cost": 343587.90,"Plan Rows": 475120,"Plan Width": 44,"Actual Startup Time": 10893.800,"Actual Total Time": 10897.693,"Actual Rows": 63,"Actual Loops": 1,"Workers Planned": 3,"Workers Launched": 3,"Single Copy": false,"Plans": [{"Node Type": "Hash Join","Parent Relationship": "Outer","Parallel Aware": true,"Async Capable": false,"Join Type": "Inner","Startup Cost": 215528.94,"Total Cost": 295075.90,"Plan Rows": 153265,"Plan Width": 44,"Actual Startup Time": 10134.253,"Actual Total Time": 10314.794,"Actual Rows": 16,"Actual Loops": 4,"Inner Unique": true,"Hash Cond": "(orders.o_custkey = customer.c_custkey)","Workers": [],"Plans": [{"Node Type": "Nested Loop","Parent Relationship": "Outer","Parallel Aware": false,"Async Capable": false,"Join Type": "Inner","Startup Cost": 210537.69,"Total Cost": 289682.32,"Plan Rows": 153265,"Plan Width": 25,"Actual Startup Time": 10099.687,"Actual Total Time": 10280.153,"Actual Rows": 16,"Actual Loops": 4,"Inner Unique": false,"Workers": [],"Plans": [{"Node Type": "Hash Join","Parent Relationship": "Outer","Parallel Aware": false,"Async Capable": false,"Join Type": "Inner","Startup Cost": 210537.26,"Total Cost": 242741.13,"Plan Rows": 38308,"Plan Width": 24,"Actual Startup Time": 10099.575,"Actual Total Time": 10279.892,"Actual Rows": 2,"Actual Loops": 4,"Inner Unique": true,"Hash Cond": "(orders.o_orderkey = lineitem_1.l_orderkey)","Workers": [],"Plans": [{"Node Type": "Seq Scan","Parent Relationship": "Outer","Parallel Aware": true,"Async Capable": false,"Relation Name": "orders","Alias": "orders","Startup Cost": 0.00,"Total Cost": 30933.71,"Plan Rows": 483871,"Plan Width": 20,"Actual Startup Time": 0.011,"Actual Total Time": 51.627,"Actual Rows": 375000,"Actual Loops": 4,"Workers": []},{"Node Type": "Hash","Parent Relationship": "Inner","Parallel Aware": false,"Async Capable": false,"Startup Cost": 209052.81,"Total Cost": 209052.81,"Plan Rows": 118756,"Plan Width": 4,"Actual Startup Time": 10016.825,"Actual Total Time": 10016.839,"Actual Rows": 9,"Actual Loops": 4,"Hash Buckets": 131072,"Original Hash Buckets": 131072,"Hash Batches": 1,"Original Hash Batches": 1,"Peak Memory Usage": 1025,"Workers": [],"Plans": [{"Node Type": "Aggregate","Strategy": "Hashed","Partial Mode": "Simple","Parent Relationship": "Outer","Parallel Aware": false,"Async Capable": false,"Startup Cost": 202521.23,"Total Cost": 207865.25,"Plan Rows": 118756,"Plan Width": 4,"Actual Startup Time": 6319.140,"Actual Total Time": 10016.671,"Actual Rows": 9,"Actual Loops": 4,"Group Key": ["lineitem_1.l_orderkey"],"Filter": "(sum(lineitem_1.l_quantity) > '315'::numeric)","Planned Partitions": 0,"HashAgg Batches": 1,"Peak Memory Usage": 638993,"Disk Usage": 0,"Rows Removed by Filter": 1499991,"Workers": [{"Worker Number": 0,"HashAgg Batches": 1,"Peak Memory Usage": 638993,"Disk Usage": 0},{"Worker Number": 1,"HashAgg Batches": 1,"Peak Memory Usage": 638993,"Disk Usage": 0},{"Worker Number": 2,"HashAgg Batches": 1,"Peak Memory Usage": 638993,"Disk Usage": 0}],"Plans": [{"Node Type": "Seq Scan","Parent Relationship": "Outer","Parallel Aware": false,"Async Capable": false,"Relation Name": "lineitem","Alias": "lineitem_1","Startup Cost": 0.00,"Total Cost": 172515.15,"Plan Rows": 6001215,"Plan Width": 9,"Actual Startup Time": 0.018,"Actual Total Time": 971.843,"Actual Rows": 6001215,"Actual Loops": 4,"Workers": []}]}]}]},{"Node Type": "Index Scan","Parent Relationship": "Inner","Parallel Aware": false,"Async Capable": false,"Scan Direction": "Forward","Index Name": "idx_lineitem_orderkey","Relation Name": "lineitem","Alias": "lineitem","Startup Cost": 0.43,"Total Cost": 1.06,"Plan Rows": 17,"Plan Width": 9,"Actual Startup Time": 0.069,"Actual Total Time": 0.079,"Actual Rows": 7,"Actual Loops": 9,"Index Cond": "(l_orderkey = orders.o_orderkey)","Rows Removed by Index Recheck": 0,"Workers": []}]},{"Node Type": "Hash","Parent Relationship": "Inner","Parallel Aware": true,"Async Capable": false,"Startup Cost": 4210.00,"Total Cost": 4210.00,"Plan Rows": 62500,"Plan Width": 23,"Actual Startup Time": 33.677,"Actual Total Time": 33.684,"Actual Rows": 37500,"Actual Loops": 4,"Hash Buckets": 262144,"Original Hash Buckets": 262144,"Hash Batches": 1,"Original Hash Batches": 1,"Peak Memory Usage": 10368,"Workers": [],"Plans": [{"Node Type": "Seq Scan","Parent Relationship": "Outer","Parallel Aware": true,"Async Capable": false,"Relation Name": "customer","Alias": "customer","Startup Cost": 0.00,"Total Cost": 4210.00,"Plan Rows": 62500,"Plan Width": 23,"Actual Startup Time": 0.019,"Actual Total Time": 16.715,"Actual Rows": 37500,"Actual Loops": 4,"Workers": []}]}]}]}]}]},"Planning Time": 6.132,"Triggers": [],"Execution Time": 11002.531}]
[{"Plan": {"Node Type": "Sort","Parallel Aware": false,"Async Capable": false,"Startup Cost": 397889.21,"Total Cost": 399077.01,"Plan Rows": 475120,"Plan Width": 71,"Actual Startup Time": 10345.847,"Actual Total Time": 10377.998,"Actual Rows": 9,"Actual Loops": 1,"Sort Key": ["orders.o_totalprice DESC", "orders.o_orderdate"],"Sort Method": "quicksort","Sort Space Used": 25,"Sort Space Type": "Memory","Plans": [{"Node Type": "Aggregate","Strategy": "Hashed","Partial Mode": "Simple","Parent Relationship": "Outer","Parallel Aware": false,"Async Capable": false,"Startup Cost": 347151.30,"Total Cost": 353090.30,"Plan Rows": 475120,"Plan Width": 71,"Actual Startup Time": 10329.232,"Actual Total Time": 10377.856,"Actual Rows": 9,"Actual Loops": 1,"Group Key": ["customer.c_custkey", "orders.o_orderkey"],"Planned Partitions": 0,"HashAgg Batches": 1,"Peak Memory Usage": 24601,"Disk Usage": 0,"Plans": [{"Node Type": "Gather","Parent Relationship": "Outer","Parallel Aware": false,"Async Capable": false,"Startup Cost": 216528.94,"Total Cost": 343587.90,"Plan Rows": 475120,"Plan Width": 44,"Actual Startup Time": 10053.961,"Actual Total Time": 10357.615,"Actual Rows": 63,"Actual Loops": 1,"Workers Planned": 3,"Workers Launched": 3,"Single Copy": false,"Plans": [{"Node Type": "Hash Join","Parent Relationship": "Outer","Parallel Aware": true,"Async Capable": false,"Join Type": "Inner","Startup Cost": 215528.94,"Total Cost": 295075.90,"Plan Rows": 153265,"Plan Width": 44,"Actual Startup Time": 10157.696,"Actual Total Time": 10258.651,"Actual Rows": 16,"Actual Loops": 4,"Inner Unique": true,"Hash Cond": "(orders.o_custkey = customer.c_custkey)","Workers": [],"Plans": [{"Node Type": "Nested Loop","Parent Relationship": "Outer","Parallel Aware": false,"Async Capable": false,"Join Type": "Inner","Startup Cost": 210537.69,"Total Cost": 289682.32,"Plan Rows": 153265,"Plan Width": 25,"Actual Startup Time": 10123.332,"Actual Total Time": 10224.239,"Actual Rows": 16,"Actual Loops": 4,"Inner Unique": false,"Workers": [],"Plans": [{"Node Type": "Hash Join","Parent Relationship": "Outer","Parallel Aware": false,"Async Capable": false,"Join Type": "Inner","Startup Cost": 210537.26,"Total Cost": 242741.13,"Plan Rows": 38308,"Plan Width": 24,"Actual Startup Time": 10123.186,"Actual Total Time": 10223.998,"Actual Rows": 2,"Actual Loops": 4,"Inner Unique": true,"Hash Cond": "(orders.o_orderkey = lineitem_1.l_orderkey)","Workers": [],"Plans": [{"Node Type": "Seq Scan","Parent Relationship": "Outer","Parallel Aware": true,"Async Capable": false,"Relation Name": "orders","Alias": "orders","Startup Cost": 0.00,"Total Cost": 30933.71,"Plan Rows": 483871,"Plan Width": 20,"Actual Startup Time": 0.011,"Actual Total Time": 49.852,"Actual Rows": 375000,"Actual Loops": 4,"Workers": []},{"Node Type": "Hash","Parent Relationship": "Inner","Parallel Aware": false,"Async Capable": false,"Startup Cost": 209052.81,"Total Cost": 209052.81,"Plan Rows": 118756,"Plan Width": 4,"Actual Startup Time": 10005.666,"Actual Total Time": 10005.673,"Actual Rows": 9,"Actual Loops": 4,"Hash Buckets": 131072,"Original Hash Buckets": 131072,"Hash Batches": 1,"Original Hash Batches": 1,"Peak Memory Usage": 1025,"Workers": [],"Plans": [{"Node Type": "Aggregate","Strategy": "Hashed","Partial Mode": "Simple","Parent Relationship": "Outer","Parallel Aware": false,"Async Capable": false,"Startup Cost": 202521.23,"Total Cost": 207865.25,"Plan Rows": 118756,"Plan Width": 4,"Actual Startup Time": 6310.010,"Actual Total Time": 10005.543,"Actual Rows": 9,"Actual Loops": 4,"Group Key": ["lineitem_1.l_orderkey"],"Filter": "(sum(lineitem_1.l_quantity) > '313'::numeric)","Planned Partitions": 0,"HashAgg Batches": 1,"Peak Memory Usage": 638993,"Disk Usage": 0,"Rows Removed by Filter": 1499991,"Workers": [{"Worker Number": 0,"HashAgg Batches": 1,"Peak Memory Usage": 638993,"Disk Usage": 0},{"Worker Number": 1,"HashAgg Batches": 1,"Peak Memory Usage": 638993,"Disk Usage": 0},{"Worker Number": 2,"HashAgg Batches": 1,"Peak Memory Usage": 638993,"Disk Usage": 0}],"Plans": [{"Node Type": "Seq Scan","Parent Relationship": "Outer","Parallel Aware": false,"Async Capable": false,"Relation Name": "lineitem","Alias": "lineitem_1","Startup Cost": 0.00,"Total Cost": 172515.15,"Plan Rows": 6001215,"Plan Width": 9,"Actual Startup Time": 0.020,"Actual Total Time": 994.479,"Actual Rows": 6001215,"Actual Loops": 4,"Workers": []}]}]}]},{"Node Type": "Index Scan","Parent Relationship": "Inner","Parallel Aware": false,"Async Capable": false,"Scan Direction": "Forward","Index Name": "idx_lineitem_orderkey","Relation Name": "lineitem","Alias": "lineitem","Startup Cost": 0.43,"Total Cost": 1.06,"Plan Rows": 17,"Plan Width": 9,"Actual Startup Time": 0.068,"Actual Total Time": 0.075,"Actual Rows": 7,"Actual Loops": 9,"Index Cond": "(l_orderkey = orders.o_orderkey)","Rows Removed by Index Recheck": 0,"Workers": []}]},{"Node Type": "Hash","Parent Relationship": "Inner","Parallel Aware": true,"Async Capable": false,"Startup Cost": 4210.00,"Total Cost": 4210.00,"Plan Rows": 62500,"Plan Width": 23,"Actual Startup Time": 33.578,"Actual Total Time": 33.582,"Actual Rows": 37500,"Actual Loops": 4,"Hash Buckets": 262144,"Original Hash Buckets": 262144,"Hash Batches": 1,"Original Hash Batches": 1,"Peak Memory Usage": 10336,"Workers": [],"Plans": [{"Node Type": "Seq Scan","Parent Relationship": "Outer","Parallel Aware": true,"Async Capable": false,"Relation Name": "customer","Alias": "customer","Startup Cost": 0.00,"Total Cost": 4210.00,"Plan Rows": 62500,"Plan Width": 23,"Actual Startup Time": 0.023,"Actual Total Time": 16.777,"Actual Rows": 37500,"Actual Loops": 4,"Workers": []}]}]}]}]}]},"Planning Time": 6.662,"Triggers": [],"Execution Time": 10430.266}]
[{"Plan": {"Node Type": "Sort","Parallel Aware": false,"Async Capable": false,"Startup Cost": 397889.21,"Total Cost": 399077.01,"Plan Rows": 475120,"Plan Width": 71,"Actual Startup Time": 10887.509,"Actual Total Time": 10908.132,"Actual Rows": 10,"Actual Loops": 1,"Sort Key": ["orders.o_totalprice DESC", "orders.o_orderdate"],"Sort Method": "quicksort","Sort Space Used": 25,"Sort Space Type": "Memory","Plans": [{"Node Type": "Aggregate","Strategy": "Hashed","Partial Mode": "Simple","Parent Relationship": "Outer","Parallel Aware": false,"Async Capable": false,"Startup Cost": 347151.30,"Total Cost": 353090.30,"Plan Rows": 475120,"Plan Width": 71,"Actual Startup Time": 10848.812,"Actual Total Time": 10907.941,"Actual Rows": 10,"Actual Loops": 1,"Group Key": ["customer.c_custkey", "orders.o_orderkey"],"Planned Partitions": 0,"HashAgg Batches": 1,"Peak Memory Usage": 24601,"Disk Usage": 0,"Plans": [{"Node Type": "Gather","Parent Relationship": "Outer","Parallel Aware": false,"Async Capable": false,"Startup Cost": 216528.94,"Total Cost": 343587.90,"Plan Rows": 475120,"Plan Width": 44,"Actual Startup Time": 10782.037,"Actual Total Time": 10858.151,"Actual Rows": 70,"Actual Loops": 1,"Workers Planned": 3,"Workers Launched": 3,"Single Copy": false,"Plans": [{"Node Type": "Hash Join","Parent Relationship": "Outer","Parallel Aware": true,"Async Capable": false,"Join Type": "Inner","Startup Cost": 215528.94,"Total Cost": 295075.90,"Plan Rows": 153265,"Plan Width": 44,"Actual Startup Time": 10180.765,"Actual Total Time": 10348.312,"Actual Rows": 18,"Actual Loops": 4,"Inner Unique": true,"Hash Cond": "(orders.o_custkey = customer.c_custkey)","Workers": [],"Plans": [{"Node Type": "Nested Loop","Parent Relationship": "Outer","Parallel Aware": false,"Async Capable": false,"Join Type": "Inner","Startup Cost": 210537.69,"Total Cost": 289682.32,"Plan Rows": 153265,"Plan Width": 25,"Actual Startup Time": 10142.809,"Actual Total Time": 10310.270,"Actual Rows": 18,"Actual Loops": 4,"Inner Unique": false,"Workers": [],"Plans": [{"Node Type": "Hash Join","Parent Relationship": "Outer","Parallel Aware": false,"Async Capable": false,"Join Type": "Inner","Startup Cost": 210537.26,"Total Cost": 242741.13,"Plan Rows": 38308,"Plan Width": 24,"Actual Startup Time": 10142.670,"Actual Total Time": 10309.991,"Actual Rows": 2,"Actual Loops": 4,"Inner Unique": true,"Hash Cond": "(orders.o_orderkey = lineitem_1.l_orderkey)","Workers": [],"Plans": [{"Node Type": "Seq Scan","Parent Relationship": "Outer","Parallel Aware": true,"Async Capable": false,"Relation Name": "orders","Alias": "orders","Startup Cost": 0.00,"Total Cost": 30933.71,"Plan Rows": 483871,"Plan Width": 20,"Actual Startup Time": 0.009,"Actual Total Time": 49.040,"Actual Rows": 375000,"Actual Loops": 4,"Workers": []},{"Node Type": "Hash","Parent Relationship": "Inner","Parallel Aware": false,"Async Capable": false,"Startup Cost": 209052.81,"Total Cost": 209052.81,"Plan Rows": 118756,"Plan Width": 4,"Actual Startup Time": 10075.163,"Actual Total Time": 10075.176,"Actual Rows": 10,"Actual Loops": 4,"Hash Buckets": 131072,"Original Hash Buckets": 131072,"Hash Batches": 1,"Original Hash Batches": 1,"Peak Memory Usage": 1025,"Workers": [],"Plans": [{"Node Type": "Aggregate","Strategy": "Hashed","Partial Mode": "Simple","Parent Relationship": "Outer","Parallel Aware": false,"Async Capable": false,"Startup Cost": 202521.23,"Total Cost": 207865.25,"Plan Rows": 118756,"Plan Width": 4,"Actual Startup Time": 6293.151,"Actual Total Time": 10074.968,"Actual Rows": 10,"Actual Loops": 4,"Group Key": ["lineitem_1.l_orderkey"],"Filter": "(sum(lineitem_1.l_quantity) > '312'::numeric)","Planned Partitions": 0,"HashAgg Batches": 1,"Peak Memory Usage": 638993,"Disk Usage": 0,"Rows Removed by Filter": 1499990,"Workers": [{"Worker Number": 0,"HashAgg Batches": 1,"Peak Memory Usage": 638993,"Disk Usage": 0},{"Worker Number": 1,"HashAgg Batches": 1,"Peak Memory Usage": 638993,"Disk Usage": 0},{"Worker Number": 2,"HashAgg Batches": 1,"Peak Memory Usage": 638993,"Disk Usage": 0}],"Plans": [{"Node Type": "Seq Scan","Parent Relationship": "Outer","Parallel Aware": false,"Async Capable": false,"Relation Name": "lineitem","Alias": "lineitem_1","Startup Cost": 0.00,"Total Cost": 172515.15,"Plan Rows": 6001215,"Plan Width": 9,"Actual Startup Time": 0.021,"Actual Total Time": 960.546,"Actual Rows": 6001215,"Actual Loops": 4,"Workers": []}]}]}]},{"Node Type": "Index Scan","Parent Relationship": "Inner","Parallel Aware": false,"Async Capable": false,"Scan Direction": "Forward","Index Name": "idx_lineitem_orderkey","Relation Name": "lineitem","Alias": "lineitem","Startup Cost": 0.43,"Total Cost": 1.06,"Plan Rows": 17,"Plan Width": 9,"Actual Startup Time": 0.072,"Actual Total Time": 0.079,"Actual Rows": 7,"Actual Loops": 10,"Index Cond": "(l_orderkey = orders.o_orderkey)","Rows Removed by Index Recheck": 0,"Workers": []}]},{"Node Type": "Hash","Parent Relationship": "Inner","Parallel Aware": true,"Async Capable": false,"Startup Cost": 4210.00,"Total Cost": 4210.00,"Plan Rows": 62500,"Plan Width": 23,"Actual Startup Time": 37.105,"Actual Total Time": 37.114,"Actual Rows": 37500,"Actual Loops": 4,"Hash Buckets": 262144,"Original Hash Buckets": 262144,"Hash Batches": 1,"Original Hash Batches": 1,"Peak Memory Usage": 10368,"Workers": [],"Plans": [{"Node Type": "Seq Scan","Parent Relationship": "Outer","Parallel Aware": true,"Async Capable": false,"Relation Name": "customer","Alias": "customer","Startup Cost": 0.00,"Total Cost": 4210.00,"Plan Rows": 62500,"Plan Width": 23,"Actual Startup Time": 0.025,"Actual Total Time": 19.726,"Actual Rows": 37500,"Actual Loops": 4,"Workers": []}]}]}]}]}]},"Planning Time": 6.715,"Triggers": [],"Execution Time": 10961.817}]
[{"Plan": {"Node Type": "Sort","Parallel Aware": false,"Async Capable": false,"Startup Cost": 397889.21,"Total Cost": 399077.01,"Plan Rows": 475120,"Plan Width": 71,"Actual Startup Time": 10345.847,"Actual Total Time": 10377.998,"Actual Rows": 9,"Actual Loops": 1,"Sort Key": ["orders.o_totalprice DESC", "orders.o_orderdate"],"Sort Method": "quicksort","Sort Space Used": 25,"Sort Space Type": "Memory","Plans": [{"Node Type": "Aggregate","Strategy": "Hashed","Partial Mode": "Simple","Parent Relationship": "Outer","Parallel Aware": false,"Async Capable": false,"Startup Cost": 347151.30,"Total Cost": 353090.30,"Plan Rows": 475120,"Plan Width": 71,"Actual Startup Time": 10329.232,"Actual Total Time": 10377.856,"Actual Rows": 9,"Actual Loops": 1,"Group Key": ["customer.c_custkey", "orders.o_orderkey"],"Planned Partitions": 0,"HashAgg Batches": 1,"Peak Memory Usage": 24601,"Disk Usage": 0,"Plans": [{"Node Type": "Gather","Parent Relationship": "Outer","Parallel Aware": false,"Async Capable": false,"Startup Cost": 216528.94,"Total Cost": 343587.90,"Plan Rows": 475120,"Plan Width": 44,"Actual Startup Time": 10053.961,"Actual Total Time": 10357.615,"Actual Rows": 63,"Actual Loops": 1,"Workers Planned": 3,"Workers Launched": 3,"Single Copy": false,"Plans": [{"Node Type": "Hash Join","Parent Relationship": "Outer","Parallel Aware": true,"Async Capable": false,"Join Type": "Inner","Startup Cost": 215528.94,"Total Cost": 295075.90,"Plan Rows": 153265,"Plan Width": 44,"Actual Startup Time": 10157.696,"Actual Total Time": 10258.651,"Actual Rows": 16,"Actual Loops": 4,"Inner Unique": true,"Hash Cond": "(orders.o_custkey = customer.c_custkey)","Workers": [],"Plans": [{"Node Type": "Nested Loop","Parent Relationship": "Outer","Parallel Aware": false,"Async Capable": false,"Join Type": "Inner","Startup Cost": 210537.69,"Total Cost": 289682.32,"Plan Rows": 153265,"Plan Width": 25,"Actual Startup Time": 10123.332,"Actual Total Time": 10224.239,"Actual Rows": 16,"Actual Loops": 4,"Inner Unique": false,"Workers": [],"Plans": [{"Node Type": "Hash Join","Parent Relationship": "Outer","Parallel Aware": false,"Async Capable": false,"Join Type": "Inner","Startup Cost": 210537.26,"Total Cost": 242741.13,"Plan Rows": 38308,"Plan Width": 24,"Actual Startup Time": 10123.186,"Actual Total Time": 10223.998,"Actual Rows": 2,"Actual Loops": 4,"Inner Unique": true,"Hash Cond": "(orders.o_orderkey = lineitem_1.l_orderkey)","Workers": [],"Plans": [{"Node Type": "Seq Scan","Parent Relationship": "Outer","Parallel Aware": true,"Async Capable": false,"Relation Name": "orders","Alias": "orders","Startup Cost": 0.00,"Total Cost": 30933.71,"Plan Rows": 483871,"Plan Width": 20,"Actual Startup Time": 0.011,"Actual Total Time": 49.852,"Actual Rows": 375000,"Actual Loops": 4,"Workers": []},{"Node Type": "Hash","Parent Relationship": "Inner","Parallel Aware": false,"Async Capable": false,"Startup Cost": 209052.81,"Total Cost": 209052.81,"Plan Rows": 118756,"Plan Width": 4,"Actual Startup Time": 10005.666,"Actual Total Time": 10005.673,"Actual Rows": 9,"Actual Loops": 4,"Hash Buckets": 131072,"Original Hash Buckets": 131072,"Hash Batches": 1,"Original Hash Batches": 1,"Peak Memory Usage": 1025,"Workers": [],"Plans": [{"Node Type": "Aggregate","Strategy": "Hashed","Partial Mode": "Simple","Parent Relationship": "Outer","Parallel Aware": false,"Async Capable": false,"Startup Cost": 202521.23,"Total Cost": 207865.25,"Plan Rows": 118756,"Plan Width": 4,"Actual Startup Time": 6310.010,"Actual Total Time": 10005.543,"Actual Rows": 9,"Actual Loops": 4,"Group Key": ["lineitem_1.l_orderkey"],"Filter": "(sum(lineitem_1.l_quantity) > '313'::numeric)","Planned Partitions": 0,"HashAgg Batches": 1,"Peak Memory Usage": 638993,"Disk Usage": 0,"Rows Removed by Filter": 1499991,"Workers": [{"Worker Number": 0,"HashAgg Batches": 1,"Peak Memory Usage": 638993,"Disk Usage": 0},{"Worker Number": 1,"HashAgg Batches": 1,"Peak Memory Usage": 638993,"Disk Usage": 0},{"Worker Number": 2,"HashAgg Batches": 1,"Peak Memory Usage": 638993,"Disk Usage": 0}],"Plans": [{"Node Type": "Seq Scan","Parent Relationship": "Outer","Parallel Aware": false,"Async Capable": false,"Relation Name": "lineitem","Alias": "lineitem_1","Startup Cost": 0.00,"Total Cost": 172515.15,"Plan Rows": 6001215,"Plan Width": 9,"Actual Startup Time": 0.020,"Actual Total Time": 994.479,"Actual Rows": 6001215,"Actual Loops": 4,"Workers": []}]}]}]},{"Node Type": "Index Scan","Parent Relationship": "Inner","Parallel Aware": false,"Async Capable": false,"Scan Direction": "Forward","Index Name": "idx_lineitem_orderkey","Relation Name": "lineitem","Alias": "lineitem","Startup Cost": 0.43,"Total Cost": 1.06,"Plan Rows": 17,"Plan Width": 9,"Actual Startup Time": 0.068,"Actual Total Time": 0.075,"Actual Rows": 7,"Actual Loops": 9,"Index Cond": "(l_orderkey = orders.o_orderkey)","Rows Removed by Index Recheck": 0,"Workers": []}]},{"Node Type": "Hash","Parent Relationship": "Inner","Parallel Aware": true,"Async Capable": false,"Startup Cost": 4210.00,"Total Cost": 4210.00,"Plan Rows": 62500,"Plan Width": 23,"Actual Startup Time": 33.578,"Actual Total Time": 33.582,"Actual Rows": 37500,"Actual Loops": 4,"Hash Buckets": 262144,"Original Hash Buckets": 262144,"Hash Batches": 1,"Original Hash Batches": 1,"Peak Memory Usage": 10336,"Workers": [],"Plans": [{"Node Type": "Seq Scan","Parent Relationship": "Outer","Parallel Aware": true,"Async Capable": false,"Relation Name": "customer","Alias": "customer","Startup Cost": 0.00,"Total Cost": 4210.00,"Plan Rows": 62500,"Plan Width": 23,"Actual Startup Time": 0.023,"Actual Total Time": 16.777,"Actual Rows": 37500,"Actual Loops": 4,"Workers": []}]}]}]}]}]},"Planning Time": 6.662,"Triggers": [],"Execution Time": 10430.266}]
[{"Plan": {"Node Type": "Sort","Parallel Aware": false,"Async Capable": false,"Startup Cost": 397889.21,"Total Cost": 399077.01,"Plan Rows": 475120,"Plan Width": 71,"Actual Startup Time": 10785.011,"Actual Total Time": 10839.032,"Actual Rows": 9,"Actual Loops": 1,"Sort Key": ["orders.o_totalprice DESC", "orders.o_orderdate"],"Sort Method": "quicksort","Sort Space Used": 25,"Sort Space Type": "Memory","Plans": [{"Node Type": "Aggregate","Strategy": "Hashed","Partial Mode": "Simple","Parent Relationship": "Outer","Parallel Aware": false,"Async Capable": false,"Startup Cost": 347151.30,"Total Cost": 353090.30,"Plan Rows": 475120,"Plan Width": 71,"Actual Startup Time": 10763.855,"Actual Total Time": 10838.848,"Actual Rows": 9,"Actual Loops": 1,"Group Key": ["customer.c_custkey", "orders.o_orderkey"],"Planned Partitions": 0,"HashAgg Batches": 1,"Peak Memory Usage": 24601,"Disk Usage": 0,"Plans": [{"Node Type": "Gather","Parent Relationship": "Outer","Parallel Aware": false,"Async Capable": false,"Startup Cost": 216528.94,"Total Cost": 343587.90,"Plan Rows": 475120,"Plan Width": 44,"Actual Startup Time": 9674.071,"Actual Total Time": 10813.470,"Actual Rows": 63,"Actual Loops": 1,"Workers Planned": 3,"Workers Launched": 3,"Single Copy": false,"Plans": [{"Node Type": "Hash Join","Parent Relationship": "Outer","Parallel Aware": true,"Async Capable": false,"Join Type": "Inner","Startup Cost": 215528.94,"Total Cost": 295075.90,"Plan Rows": 153265,"Plan Width": 44,"Actual Startup Time": 10141.072,"Actual Total Time": 10312.965,"Actual Rows": 16,"Actual Loops": 4,"Inner Unique": true,"Hash Cond": "(orders.o_custkey = customer.c_custkey)","Workers": [],"Plans": [{"Node Type": "Nested Loop","Parent Relationship": "Outer","Parallel Aware": false,"Async Capable": false,"Join Type": "Inner","Startup Cost": 210537.69,"Total Cost": 289682.32,"Plan Rows": 153265,"Plan Width": 25,"Actual Startup Time": 10104.129,"Actual Total Time": 10275.947,"Actual Rows": 16,"Actual Loops": 4,"Inner Unique": false,"Workers": [],"Plans": [{"Node Type": "Hash Join","Parent Relationship": "Outer","Parallel Aware": false,"Async Capable": false,"Join Type": "Inner","Startup Cost": 210537.26,"Total Cost": 242741.13,"Plan Rows": 38308,"Plan Width": 24,"Actual Startup Time": 10104.052,"Actual Total Time": 10275.739,"Actual Rows": 2,"Actual Loops": 4,"Inner Unique": true,"Hash Cond": "(orders.o_orderkey = lineitem_1.l_orderkey)","Workers": [],"Plans": [{"Node Type": "Seq Scan","Parent Relationship": "Outer","Parallel Aware": true,"Async Capable": false,"Relation Name": "orders","Alias": "orders","Startup Cost": 0.00,"Total Cost": 30933.71,"Plan Rows": 483871,"Plan Width": 20,"Actual Startup Time": 0.007,"Actual Total Time": 53.689,"Actual Rows": 375000,"Actual Loops": 4,"Workers": []},{"Node Type": "Hash","Parent Relationship": "Inner","Parallel Aware": false,"Async Capable": false,"Startup Cost": 209052.81,"Total Cost": 209052.81,"Plan Rows": 118756,"Plan Width": 4,"Actual Startup Time": 10025.157,"Actual Total Time": 10025.166,"Actual Rows": 9,"Actual Loops": 4,"Hash Buckets": 131072,"Original Hash Buckets": 131072,"Hash Batches": 1,"Original Hash Batches": 1,"Peak Memory Usage": 1025,"Workers": [],"Plans": [{"Node Type": "Aggregate","Strategy": "Hashed","Partial Mode": "Simple","Parent Relationship": "Outer","Parallel Aware": false,"Async Capable": false,"Startup Cost": 202521.23,"Total Cost": 207865.25,"Plan Rows": 118756,"Plan Width": 4,"Actual Startup Time": 6285.839,"Actual Total Time": 10024.981,"Actual Rows": 9,"Actual Loops": 4,"Group Key": ["lineitem_1.l_orderkey"],"Filter": "(sum(lineitem_1.l_quantity) > '314'::numeric)","Planned Partitions": 0,"HashAgg Batches": 1,"Peak Memory Usage": 638993,"Disk Usage": 0,"Rows Removed by Filter": 1499991,"Workers": [{"Worker Number": 0,"HashAgg Batches": 1,"Peak Memory Usage": 638993,"Disk Usage": 0},{"Worker Number": 1,"HashAgg Batches": 1,"Peak Memory Usage": 638993,"Disk Usage": 0},{"Worker Number": 2,"HashAgg Batches": 1,"Peak Memory Usage": 638993,"Disk Usage": 0}],"Plans": [{"Node Type": "Seq Scan","Parent Relationship": "Outer","Parallel Aware": false,"Async Capable": false,"Relation Name": "lineitem","Alias": "lineitem_1","Startup Cost": 0.00,"Total Cost": 172515.15,"Plan Rows": 6001215,"Plan Width": 9,"Actual Startup Time": 0.019,"Actual Total Time": 931.752,"Actual Rows": 6001215,"Actual Loops": 4,"Workers": []}]}]}]},{"Node Type": "Index Scan","Parent Relationship": "Inner","Parallel Aware": false,"Async Capable": false,"Scan Direction": "Forward","Index Name": "idx_lineitem_orderkey","Relation Name": "lineitem","Alias": "lineitem","Startup Cost": 0.43,"Total Cost": 1.06,"Plan Rows": 17,"Plan Width": 9,"Actual Startup Time": 0.055,"Actual Total Time": 0.062,"Actual Rows": 7,"Actual Loops": 9,"Index Cond": "(l_orderkey = orders.o_orderkey)","Rows Removed by Index Recheck": 0,"Workers": []}]},{"Node Type": "Hash","Parent Relationship": "Inner","Parallel Aware": true,"Async Capable": false,"Startup Cost": 4210.00,"Total Cost": 4210.00,"Plan Rows": 62500,"Plan Width": 23,"Actual Startup Time": 36.172,"Actual Total Time": 36.190,"Actual Rows": 37500,"Actual Loops": 4,"Hash Buckets": 262144,"Original Hash Buckets": 262144,"Hash Batches": 1,"Original Hash Batches": 1,"Peak Memory Usage": 10336,"Workers": [],"Plans": [{"Node Type": "Seq Scan","Parent Relationship": "Outer","Parallel Aware": true,"Async Capable": false,"Relation Name": "customer","Alias": "customer","Startup Cost": 0.00,"Total Cost": 4210.00,"Plan Rows": 62500,"Plan Width": 23,"Actual Startup Time": 0.024,"Actual Total Time": 17.933,"Actual Rows": 37500,"Actual Loops": 4,"Workers": []}]}]}]}]}]},"Planning Time": 6.881,"Triggers": [],"Execution Time": 10893.482}]
[{"Plan": {"Node Type": "Sort","Parallel Aware": false,"Async Capable": false,"Startup Cost": 397889.21,"Total Cost": 399077.01,"Plan Rows": 475120,"Plan Width": 71,"Actual Startup Time": 10950.105,"Actual Total Time": 10953.954,"Actual Rows": 9,"Actual Loops": 1,"Sort Key": ["orders.o_totalprice DESC", "orders.o_orderdate"],"Sort Method": "quicksort","Sort Space Used": 25,"Sort Space Type": "Memory","Plans": [{"Node Type": "Aggregate","Strategy": "Hashed","Partial Mode": "Simple","Parent Relationship": "Outer","Parallel Aware": false,"Async Capable": false,"Startup Cost": 347151.30,"Total Cost": 353090.30,"Plan Rows": 475120,"Plan Width": 71,"Actual Startup Time": 10902.471,"Actual Total Time": 10953.715,"Actual Rows": 9,"Actual Loops": 1,"Group Key": ["customer.c_custkey", "orders.o_orderkey"],"Planned Partitions": 0,"HashAgg Batches": 1,"Peak Memory Usage": 24601,"Disk Usage": 0,"Plans": [{"Node Type": "Gather","Parent Relationship": "Outer","Parallel Aware": false,"Async Capable": false,"Startup Cost": 216528.94,"Total Cost": 343587.90,"Plan Rows": 475120,"Plan Width": 44,"Actual Startup Time": 10893.800,"Actual Total Time": 10897.693,"Actual Rows": 63,"Actual Loops": 1,"Workers Planned": 3,"Workers Launched": 3,"Single Copy": false,"Plans": [{"Node Type": "Hash Join","Parent Relationship": "Outer","Parallel Aware": true,"Async Capable": false,"Join Type": "Inner","Startup Cost": 215528.94,"Total Cost": 295075.90,"Plan Rows": 153265,"Plan Width": 44,"Actual Startup Time": 10134.253,"Actual Total Time": 10314.794,"Actual Rows": 16,"Actual Loops": 4,"Inner Unique": true,"Hash Cond": "(orders.o_custkey = customer.c_custkey)","Workers": [],"Plans": [{"Node Type": "Nested Loop","Parent Relationship": "Outer","Parallel Aware": false,"Async Capable": false,"Join Type": "Inner","Startup Cost": 210537.69,"Total Cost": 289682.32,"Plan Rows": 153265,"Plan Width": 25,"Actual Startup Time": 10099.687,"Actual Total Time": 10280.153,"Actual Rows": 16,"Actual Loops": 4,"Inner Unique": false,"Workers": [],"Plans": [{"Node Type": "Hash Join","Parent Relationship": "Outer","Parallel Aware": false,"Async Capable": false,"Join Type": "Inner","Startup Cost": 210537.26,"Total Cost": 242741.13,"Plan Rows": 38308,"Plan Width": 24,"Actual Startup Time": 10099.575,"Actual Total Time": 10279.892,"Actual Rows": 2,"Actual Loops": 4,"Inner Unique": true,"Hash Cond": "(orders.o_orderkey = lineitem_1.l_orderkey)","Workers": [],"Plans": [{"Node Type": "Seq Scan","Parent Relationship": "Outer","Parallel Aware": true,"Async Capable": false,"Relation Name": "orders","Alias": "orders","Startup Cost": 0.00,"Total Cost": 30933.71,"Plan Rows": 483871,"Plan Width": 20,"Actual Startup Time": 0.011,"Actual Total Time": 51.627,"Actual Rows": 375000,"Actual Loops": 4,"Workers": []},{"Node Type": "Hash","Parent Relationship": "Inner","Parallel Aware": false,"Async Capable": false,"Startup Cost": 209052.81,"Total Cost": 209052.81,"Plan Rows": 118756,"Plan Width": 4,"Actual Startup Time": 10016.825,"Actual Total Time": 10016.839,"Actual Rows": 9,"Actual Loops": 4,"Hash Buckets": 131072,"Original Hash Buckets": 131072,"Hash Batches": 1,"Original Hash Batches": 1,"Peak Memory Usage": 1025,"Workers": [],"Plans": [{"Node Type": "Aggregate","Strategy": "Hashed","Partial Mode": "Simple","Parent Relationship": "Outer","Parallel Aware": false,"Async Capable": false,"Startup Cost": 202521.23,"Total Cost": 207865.25,"Plan Rows": 118756,"Plan Width": 4,"Actual Startup Time": 6319.140,"Actual Total Time": 10016.671,"Actual Rows": 9,"Actual Loops": 4,"Group Key": ["lineitem_1.l_orderkey"],"Filter": "(sum(lineitem_1.l_quantity) > '315'::numeric)","Planned Partitions": 0,"HashAgg Batches": 1,"Peak Memory Usage": 638993,"Disk Usage": 0,"Rows Removed by Filter": 1499991,"Workers": [{"Worker Number": 0,"HashAgg Batches": 1,"Peak Memory Usage": 638993,"Disk Usage": 0},{"Worker Number": 1,"HashAgg Batches": 1,"Peak Memory Usage": 638993,"Disk Usage": 0},{"Worker Number": 2,"HashAgg Batches": 1,"Peak Memory Usage": 638993,"Disk Usage": 0}],"Plans": [{"Node Type": "Seq Scan","Parent Relationship": "Outer","Parallel Aware": false,"Async Capable": false,"Relation Name": "lineitem","Alias": "lineitem_1","Startup Cost": 0.00,"Total Cost": 172515.15,"Plan Rows": 6001215,"Plan Width": 9,"Actual Startup Time": 0.018,"Actual Total Time": 971.843,"Actual Rows": 6001215,"Actual Loops": 4,"Workers": []}]}]}]},{"Node Type": "Index Scan","Parent Relationship": "Inner","Parallel Aware": false,"Async Capable": false,"Scan Direction": "Forward","Index Name": "idx_lineitem_orderkey","Relation Name": "lineitem","Alias": "lineitem","Startup Cost": 0.43,"Total Cost": 1.06,"Plan Rows": 17,"Plan Width": 9,"Actual Startup Time": 0.069,"Actual Total Time": 0.079,"Actual Rows": 7,"Actual Loops": 9,"Index Cond": "(l_orderkey = orders.o_orderkey)","Rows Removed by Index Recheck": 0,"Workers": []}]},{"Node Type": "Hash","Parent Relationship": "Inner","Parallel Aware": true,"Async Capable": false,"Startup Cost": 4210.00,"Total Cost": 4210.00,"Plan Rows": 62500,"Plan Width": 23,"Actual Startup Time": 33.677,"Actual Total Time": 33.684,"Actual Rows": 37500,"Actual Loops": 4,"Hash Buckets": 262144,"Original Hash Buckets": 262144,"Hash Batches": 1,"Original Hash Batches": 1,"Peak Memory Usage": 10368,"Workers": [],"Plans": [{"Node Type": "Seq Scan","Parent Relationship": "Outer","Parallel Aware": true,"Async Capable": false,"Relation Name": "customer","Alias": "customer","Startup Cost": 0.00,"Total Cost": 4210.00,"Plan Rows": 62500,"Plan Width": 23,"Actual Startup Time": 0.019,"Actual Total Time": 16.715,"Actual Rows": 37500,"Actual Loops": 4,"Workers": []}]}]}]}]}]},"Planning Time": 6.132,"Triggers": [],"Execution Time": 11002.531}]
[{"Plan": {"Node Type": "Sort","Parallel Aware": false,"Async Capable": false,"Startup Cost": 397889.21,"Total Cost": 399077.01,"Plan Rows": 475120,"Plan Width": 71,"Actual Startup Time": 10785.011,"Actual Total Time": 10839.032,"Actual Rows": 9,"Actual Loops": 1,"Sort Key": ["orders.o_totalprice DESC", "orders.o_orderdate"],"Sort Method": "quicksort","Sort Space Used": 25,"Sort Space Type": "Memory","Plans": [{"Node Type": "Aggregate","Strategy": "Hashed","Partial Mode": "Simple","Parent Relationship": "Outer","Parallel Aware": false,"Async Capable": false,"Startup Cost": 347151.30,"Total Cost": 353090.30,"Plan Rows": 475120,"Plan Width": 71,"Actual Startup Time": 10763.855,"Actual Total Time": 10838.848,"Actual Rows": 9,"Actual Loops": 1,"Group Key": ["customer.c_custkey", "orders.o_orderkey"],"Planned Partitions": 0,"HashAgg Batches": 1,"Peak Memory Usage": 24601,"Disk Usage": 0,"Plans": [{"Node Type": "Gather","Parent Relationship": "Outer","Parallel Aware": false,"Async Capable": false,"Startup Cost": 216528.94,"Total Cost": 343587.90,"Plan Rows": 475120,"Plan Width": 44,"Actual Startup Time": 9674.071,"Actual Total Time": 10813.470,"Actual Rows": 63,"Actual Loops": 1,"Workers Planned": 3,"Workers Launched": 3,"Single Copy": false,"Plans": [{"Node Type": "Hash Join","Parent Relationship": "Outer","Parallel Aware": true,"Async Capable": false,"Join Type": "Inner","Startup Cost": 215528.94,"Total Cost": 295075.90,"Plan Rows": 153265,"Plan Width": 44,"Actual Startup Time": 10141.072,"Actual Total Time": 10312.965,"Actual Rows": 16,"Actual Loops": 4,"Inner Unique": true,"Hash Cond": "(orders.o_custkey = customer.c_custkey)","Workers": [],"Plans": [{"Node Type": "Nested Loop","Parent Relationship": "Outer","Parallel Aware": false,"Async Capable": false,"Join Type": "Inner","Startup Cost": 210537.69,"Total Cost": 289682.32,"Plan Rows": 153265,"Plan Width": 25,"Actual Startup Time": 10104.129,"Actual Total Time": 10275.947,"Actual Rows": 16,"Actual Loops": 4,"Inner Unique": false,"Workers": [],"Plans": [{"Node Type": "Hash Join","Parent Relationship": "Outer","Parallel Aware": false,"Async Capable": false,"Join Type": "Inner","Startup Cost": 210537.26,"Total Cost": 242741.13,"Plan Rows": 38308,"Plan Width": 24,"Actual Startup Time": 10104.052,"Actual Total Time": 10275.739,"Actual Rows": 2,"Actual Loops": 4,"Inner Unique": true,"Hash Cond": "(orders.o_orderkey = lineitem_1.l_orderkey)","Workers": [],"Plans": [{"Node Type": "Seq Scan","Parent Relationship": "Outer","Parallel Aware": true,"Async Capable": false,"Relation Name": "orders","Alias": "orders","Startup Cost": 0.00,"Total Cost": 30933.71,"Plan Rows": 483871,"Plan Width": 20,"Actual Startup Time": 0.007,"Actual Total Time": 53.689,"Actual Rows": 375000,"Actual Loops": 4,"Workers": []},{"Node Type": "Hash","Parent Relationship": "Inner","Parallel Aware": false,"Async Capable": false,"Startup Cost": 209052.81,"Total Cost": 209052.81,"Plan Rows": 118756,"Plan Width": 4,"Actual Startup Time": 10025.157,"Actual Total Time": 10025.166,"Actual Rows": 9,"Actual Loops": 4,"Hash Buckets": 131072,"Original Hash Buckets": 131072,"Hash Batches": 1,"Original Hash Batches": 1,"Peak Memory Usage": 1025,"Workers": [],"Plans": [{"Node Type": "Aggregate","Strategy": "Hashed","Partial Mode": "Simple","Parent Relationship": "Outer","Parallel Aware": false,"Async Capable": false,"Startup Cost": 202521.23,"Total Cost": 207865.25,"Plan Rows": 118756,"Plan Width": 4,"Actual Startup Time": 6285.839,"Actual Total Time": 10024.981,"Actual Rows": 9,"Actual Loops": 4,"Group Key": ["lineitem_1.l_orderkey"],"Filter": "(sum(lineitem_1.l_quantity) > '314'::numeric)","Planned Partitions": 0,"HashAgg Batches": 1,"Peak Memory Usage": 638993,"Disk Usage": 0,"Rows Removed by Filter": 1499991,"Workers": [{"Worker Number": 0,"HashAgg Batches": 1,"Peak Memory Usage": 638993,"Disk Usage": 0},{"Worker Number": 1,"HashAgg Batches": 1,"Peak Memory Usage": 638993,"Disk Usage": 0},{"Worker Number": 2,"HashAgg Batches": 1,"Peak Memory Usage": 638993,"Disk Usage": 0}],"Plans": [{"Node Type": "Seq Scan","Parent Relationship": "Outer","Parallel Aware": false,"Async Capable": false,"Relation Name": "lineitem","Alias": "lineitem_1","Startup Cost": 0.00,"Total Cost": 172515.15,"Plan Rows": 6001215,"Plan Width": 9,"Actual Startup Time": 0.019,"Actual Total Time": 931.752,"Actual Rows": 6001215,"Actual Loops": 4,"Workers": []}]}]}]},{"Node Type": "Index Scan","Parent Relationship": "Inner","Parallel Aware": false,"Async Capable": false,"Scan Direction": "Forward","Index Name": "idx_lineitem_orderkey","Relation Name": "lineitem","Alias": "lineitem","Startup Cost": 0.43,"Total Cost": 1.06,"Plan Rows": 17,"Plan Width": 9,"Actual Startup Time": 0.055,"Actual Total Time": 0.062,"Actual Rows": 7,"Actual Loops": 9,"Index Cond": "(l_orderkey = orders.o_orderkey)","Rows Removed by Index Recheck": 0,"Workers": []}]},{"Node Type": "Hash","Parent Relationship": "Inner","Parallel Aware": true,"Async Capable": false,"Startup Cost": 4210.00,"Total Cost": 4210.00,"Plan Rows": 62500,"Plan Width": 23,"Actual Startup Time": 36.172,"Actual Total Time": 36.190,"Actual Rows": 37500,"Actual Loops": 4,"Hash Buckets": 262144,"Original Hash Buckets": 262144,"Hash Batches": 1,"Original Hash Batches": 1,"Peak Memory Usage": 10336,"Workers": [],"Plans": [{"Node Type": "Seq Scan","Parent Relationship": "Outer","Parallel Aware": true,"Async Capable": false,"Relation Name": "customer","Alias": "customer","Startup Cost": 0.00,"Total Cost": 4210.00,"Plan Rows": 62500,"Plan Width": 23,"Actual Startup Time": 0.024,"Actual Total Time": 17.933,"Actual Rows": 37500,"Actual Loops": 4,"Workers": []}]}]}]}]}]},"Planning Time": 6.881,"Triggers": [],"Execution Time": 10893.482}]
[{"Plan": {"Node Type": "Sort","Parallel Aware": false,"Async Capable": false,"Startup Cost": 397889.21,"Total Cost": 399077.01,"Plan Rows": 475120,"Plan Width": 71,"Actual Startup Time": 10345.847,"Actual Total Time": 10377.998,"Actual Rows": 9,"Actual Loops": 1,"Sort Key": ["orders.o_totalprice DESC", "orders.o_orderdate"],"Sort Method": "quicksort","Sort Space Used": 25,"Sort Space Type": "Memory","Plans": [{"Node Type": "Aggregate","Strategy": "Hashed","Partial Mode": "Simple","Parent Relationship": "Outer","Parallel Aware": false,"Async Capable": false,"Startup Cost": 347151.30,"Total Cost": 353090.30,"Plan Rows": 475120,"Plan Width": 71,"Actual Startup Time": 10329.232,"Actual Total Time": 10377.856,"Actual Rows": 9,"Actual Loops": 1,"Group Key": ["customer.c_custkey", "orders.o_orderkey"],"Planned Partitions": 0,"HashAgg Batches": 1,"Peak Memory Usage": 24601,"Disk Usage": 0,"Plans": [{"Node Type": "Gather","Parent Relationship": "Outer","Parallel Aware": false,"Async Capable": false,"Startup Cost": 216528.94,"Total Cost": 343587.90,"Plan Rows": 475120,"Plan Width": 44,"Actual Startup Time": 10053.961,"Actual Total Time": 10357.615,"Actual Rows": 63,"Actual Loops": 1,"Workers Planned": 3,"Workers Launched": 3,"Single Copy": false,"Plans": [{"Node Type": "Hash Join","Parent Relationship": "Outer","Parallel Aware": true,"Async Capable": false,"Join Type": "Inner","Startup Cost": 215528.94,"Total Cost": 295075.90,"Plan Rows": 153265,"Plan Width": 44,"Actual Startup Time": 10157.696,"Actual Total Time": 10258.651,"Actual Rows": 16,"Actual Loops": 4,"Inner Unique": true,"Hash Cond": "(orders.o_custkey = customer.c_custkey)","Workers": [],"Plans": [{"Node Type": "Nested Loop","Parent Relationship": "Outer","Parallel Aware": false,"Async Capable": false,"Join Type": "Inner","Startup Cost": 210537.69,"Total Cost": 289682.32,"Plan Rows": 153265,"Plan Width": 25,"Actual Startup Time": 10123.332,"Actual Total Time": 10224.239,"Actual Rows": 16,"Actual Loops": 4,"Inner Unique": false,"Workers": [],"Plans": [{"Node Type": "Hash Join","Parent Relationship": "Outer","Parallel Aware": false,"Async Capable": false,"Join Type": "Inner","Startup Cost": 210537.26,"Total Cost": 242741.13,"Plan Rows": 38308,"Plan Width": 24,"Actual Startup Time": 10123.186,"Actual Total Time": 10223.998,"Actual Rows": 2,"Actual Loops": 4,"Inner Unique": true,"Hash Cond": "(orders.o_orderkey = lineitem_1.l_orderkey)","Workers": [],"Plans": [{"Node Type": "Seq Scan","Parent Relationship": "Outer","Parallel Aware": true,"Async Capable": false,"Relation Name": "orders","Alias": "orders","Startup Cost": 0.00,"Total Cost": 30933.71,"Plan Rows": 483871,"Plan Width": 20,"Actual Startup Time": 0.011,"Actual Total Time": 49.852,"Actual Rows": 375000,"Actual Loops": 4,"Workers": []},{"Node Type": "Hash","Parent Relationship": "Inner","Parallel Aware": false,"Async Capable": false,"Startup Cost": 209052.81,"Total Cost": 209052.81,"Plan Rows": 118756,"Plan Width": 4,"Actual Startup Time": 10005.666,"Actual Total Time": 10005.673,"Actual Rows": 9,"Actual Loops": 4,"Hash Buckets": 131072,"Original Hash Buckets": 131072,"Hash Batches": 1,"Original Hash Batches": 1,"Peak Memory Usage": 1025,"Workers": [],"Plans": [{"Node Type": "Aggregate","Strategy": "Hashed","Partial Mode": "Simple","Parent Relationship": "Outer","Parallel Aware": false,"Async Capable": false,"Startup Cost": 202521.23,"Total Cost": 207865.25,"Plan Rows": 118756,"Plan Width": 4,"Actual Startup Time": 6310.010,"Actual Total Time": 10005.543,"Actual Rows": 9,"Actual Loops": 4,"Group Key": ["lineitem_1.l_orderkey"],"Filter": "(sum(lineitem_1.l_quantity) > '313'::numeric)","Planned Partitions": 0,"HashAgg Batches": 1,"Peak Memory Usage": 638993,"Disk Usage": 0,"Rows Removed by Filter": 1499991,"Workers": [{"Worker Number": 0,"HashAgg Batches": 1,"Peak Memory Usage": 638993,"Disk Usage": 0},{"Worker Number": 1,"HashAgg Batches": 1,"Peak Memory Usage": 638993,"Disk Usage": 0},{"Worker Number": 2,"HashAgg Batches": 1,"Peak Memory Usage": 638993,"Disk Usage": 0}],"Plans": [{"Node Type": "Seq Scan","Parent Relationship": "Outer","Parallel Aware": false,"Async Capable": false,"Relation Name": "lineitem","Alias": "lineitem_1","Startup Cost": 0.00,"Total Cost": 172515.15,"Plan Rows": 6001215,"Plan Width": 9,"Actual Startup Time": 0.020,"Actual Total Time": 994.479,"Actual Rows": 6001215,"Actual Loops": 4,"Workers": []}]}]}]},{"Node Type": "Index Scan","Parent Relationship": "Inner","Parallel Aware": false,"Async Capable": false,"Scan Direction": "Forward","Index Name": "idx_lineitem_orderkey","Relation Name": "lineitem","Alias": "lineitem","Startup Cost": 0.43,"Total Cost": 1.06,"Plan Rows": 17,"Plan Width": 9,"Actual Startup Time": 0.068,"Actual Total Time": 0.075,"Actual Rows": 7,"Actual Loops": 9,"Index Cond": "(l_orderkey = orders.o_orderkey)","Rows Removed by Index Recheck": 0,"Workers": []}]},{"Node Type": "Hash","Parent Relationship": "Inner","Parallel Aware": true,"Async Capable": false,"Startup Cost": 4210.00,"Total Cost": 4210.00,"Plan Rows": 62500,"Plan Width": 23,"Actual Startup Time": 33.578,"Actual Total Time": 33.582,"Actual Rows": 37500,"Actual Loops": 4,"Hash Buckets": 262144,"Original Hash Buckets": 262144,"Hash Batches": 1,"Original Hash Batches": 1,"Peak Memory Usage": 10336,"Workers": [],"Plans": [{"Node Type": "Seq Scan","Parent Relationship": "Outer","Parallel Aware": true,"Async Capable": false,"Relation Name": "customer","Alias": "customer","Startup Cost": 0.00,"Total Cost": 4210.00,"Plan Rows": 62500,"Plan Width": 23,"Actual Startup Time": 0.023,"Actual Total Time": 16.777,"Actual Rows": 37500,"Actual Loops": 4,"Workers": []}]}]}]}]}]},"Planning Time": 6.662,"Triggers": [],"Execution Time": 10430.266}]
[{"Plan": {"Node Type": "Sort","Parallel Aware": false,"Async Capable": false,"Startup Cost": 397889.21,"Total Cost": 399077.01,"Plan Rows": 475120,"Plan Width": 71,"Actual Startup Time": 10950.105,"Actual Total Time": 10953.954,"Actual Rows": 9,"Actual Loops": 1,"Sort Key": ["orders.o_totalprice DESC", "orders.o_orderdate"],"Sort Method": "quicksort","Sort Space Used": 25,"Sort Space Type": "Memory","Plans": [{"Node Type": "Aggregate","Strategy": "Hashed","Partial Mode": "Simple","Parent Relationship": "Outer","Parallel Aware": false,"Async Capable": false,"Startup Cost": 347151.30,"Total Cost": 353090.30,"Plan Rows": 475120,"Plan Width": 71,"Actual Startup Time": 10902.471,"Actual Total Time": 10953.715,"Actual Rows": 9,"Actual Loops": 1,"Group Key": ["customer.c_custkey", "orders.o_orderkey"],"Planned Partitions": 0,"HashAgg Batches": 1,"Peak Memory Usage": 24601,"Disk Usage": 0,"Plans": [{"Node Type": "Gather","Parent Relationship": "Outer","Parallel Aware": false,"Async Capable": false,"Startup Cost": 216528.94,"Total Cost": 343587.90,"Plan Rows": 475120,"Plan Width": 44,"Actual Startup Time": 10893.800,"Actual Total Time": 10897.693,"Actual Rows": 63,"Actual Loops": 1,"Workers Planned": 3,"Workers Launched": 3,"Single Copy": false,"Plans": [{"Node Type": "Hash Join","Parent Relationship": "Outer","Parallel Aware": true,"Async Capable": false,"Join Type": "Inner","Startup Cost": 215528.94,"Total Cost": 295075.90,"Plan Rows": 153265,"Plan Width": 44,"Actual Startup Time": 10134.253,"Actual Total Time": 10314.794,"Actual Rows": 16,"Actual Loops": 4,"Inner Unique": true,"Hash Cond": "(orders.o_custkey = customer.c_custkey)","Workers": [],"Plans": [{"Node Type": "Nested Loop","Parent Relationship": "Outer","Parallel Aware": false,"Async Capable": false,"Join Type": "Inner","Startup Cost": 210537.69,"Total Cost": 289682.32,"Plan Rows": 153265,"Plan Width": 25,"Actual Startup Time": 10099.687,"Actual Total Time": 10280.153,"Actual Rows": 16,"Actual Loops": 4,"Inner Unique": false,"Workers": [],"Plans": [{"Node Type": "Hash Join","Parent Relationship": "Outer","Parallel Aware": false,"Async Capable": false,"Join Type": "Inner","Startup Cost": 210537.26,"Total Cost": 242741.13,"Plan Rows": 38308,"Plan Width": 24,"Actual Startup Time": 10099.575,"Actual Total Time": 10279.892,"Actual Rows": 2,"Actual Loops": 4,"Inner Unique": true,"Hash Cond": "(orders.o_orderkey = lineitem_1.l_orderkey)","Workers": [],"Plans": [{"Node Type": "Seq Scan","Parent Relationship": "Outer","Parallel Aware": true,"Async Capable": false,"Relation Name": "orders","Alias": "orders","Startup Cost": 0.00,"Total Cost": 30933.71,"Plan Rows": 483871,"Plan Width": 20,"Actual Startup Time": 0.011,"Actual Total Time": 51.627,"Actual Rows": 375000,"Actual Loops": 4,"Workers": []},{"Node Type": "Hash","Parent Relationship": "Inner","Parallel Aware": false,"Async Capable": false,"Startup Cost": 209052.81,"Total Cost": 209052.81,"Plan Rows": 118756,"Plan Width": 4,"Actual Startup Time": 10016.825,"Actual Total Time": 10016.839,"Actual Rows": 9,"Actual Loops": 4,"Hash Buckets": 131072,"Original Hash Buckets": 131072,"Hash Batches": 1,"Original Hash Batches": 1,"Peak Memory Usage": 1025,"Workers": [],"Plans": [{"Node Type": "Aggregate","Strategy": "Hashed","Partial Mode": "Simple","Parent Relationship": "Outer","Parallel Aware": false,"Async Capable": false,"Startup Cost": 202521.23,"Total Cost": 207865.25,"Plan Rows": 118756,"Plan Width": 4,"Actual Startup Time": 6319.140,"Actual Total Time": 10016.671,"Actual Rows": 9,"Actual Loops": 4,"Group Key": ["lineitem_1.l_orderkey"],"Filter": "(sum(lineitem_1.l_quantity) > '315'::numeric)","Planned Partitions": 0,"HashAgg Batches": 1,"Peak Memory Usage": 638993,"Disk Usage": 0,"Rows Removed by Filter": 1499991,"Workers": [{"Worker Number": 0,"HashAgg Batches": 1,"Peak Memory Usage": 638993,"Disk Usage": 0},{"Worker Number": 1,"HashAgg Batches": 1,"Peak Memory Usage": 638993,"Disk Usage": 0},{"Worker Number": 2,"HashAgg Batches": 1,"Peak Memory Usage": 638993,"Disk Usage": 0}],"Plans": [{"Node Type": "Seq Scan","Parent Relationship": "Outer","Parallel Aware": false,"Async Capable": false,"Relation Name": "lineitem","Alias": "lineitem_1","Startup Cost": 0.00,"Total Cost": 172515.15,"Plan Rows": 6001215,"Plan Width": 9,"Actual Startup Time": 0.018,"Actual Total Time": 971.843,"Actual Rows": 6001215,"Actual Loops": 4,"Workers": []}]}]}]},{"Node Type": "Index Scan","Parent Relationship": "Inner","Parallel Aware": false,"Async Capable": false,"Scan Direction": "Forward","Index Name": "idx_lineitem_orderkey","Relation Name": "lineitem","Alias": "lineitem","Startup Cost": 0.43,"Total Cost": 1.06,"Plan Rows": 17,"Plan Width": 9,"Actual Startup Time": 0.069,"Actual Total Time": 0.079,"Actual Rows": 7,"Actual Loops": 9,"Index Cond": "(l_orderkey = orders.o_orderkey)","Rows Removed by Index Recheck": 0,"Workers": []}]},{"Node Type": "Hash","Parent Relationship": "Inner","Parallel Aware": true,"Async Capable": false,"Startup Cost": 4210.00,"Total Cost": 4210.00,"Plan Rows": 62500,"Plan Width": 23,"Actual Startup Time": 33.677,"Actual Total Time": 33.684,"Actual Rows": 37500,"Actual Loops": 4,"Hash Buckets": 262144,"Original Hash Buckets": 262144,"Hash Batches": 1,"Original Hash Batches": 1,"Peak Memory Usage": 10368,"Workers": [],"Plans": [{"Node Type": "Seq Scan","Parent Relationship": "Outer","Parallel Aware": true,"Async Capable": false,"Relation Name": "customer","Alias": "customer","Startup Cost": 0.00,"Total Cost": 4210.00,"Plan Rows": 62500,"Plan Width": 23,"Actual Startup Time": 0.019,"Actual Total Time": 16.715,"Actual Rows": 37500,"Actual Loops": 4,"Workers": []}]}]}]}]}]},"Planning Time": 6.132,"Triggers": [],"Execution Time": 11002.531}]
[{"Plan": {"Node Type": "Sort","Parallel Aware": false,"Async Capable": false,"Startup Cost": 397889.21,"Total Cost": 399077.01,"Plan Rows": 475120,"Plan Width": 71,"Actual Startup Time": 10950.105,"Actual Total Time": 10953.954,"Actual Rows": 9,"Actual Loops": 1,"Sort Key": ["orders.o_totalprice DESC", "orders.o_orderdate"],"Sort Method": "quicksort","Sort Space Used": 25,"Sort Space Type": "Memory","Plans": [{"Node Type": "Aggregate","Strategy": "Hashed","Partial Mode": "Simple","Parent Relationship": "Outer","Parallel Aware": false,"Async Capable": false,"Startup Cost": 347151.30,"Total Cost": 353090.30,"Plan Rows": 475120,"Plan Width": 71,"Actual Startup Time": 10902.471,"Actual Total Time": 10953.715,"Actual Rows": 9,"Actual Loops": 1,"Group Key": ["customer.c_custkey", "orders.o_orderkey"],"Planned Partitions": 0,"HashAgg Batches": 1,"Peak Memory Usage": 24601,"Disk Usage": 0,"Plans": [{"Node Type": "Gather","Parent Relationship": "Outer","Parallel Aware": false,"Async Capable": false,"Startup Cost": 216528.94,"Total Cost": 343587.90,"Plan Rows": 475120,"Plan Width": 44,"Actual Startup Time": 10893.800,"Actual Total Time": 10897.693,"Actual Rows": 63,"Actual Loops": 1,"Workers Planned": 3,"Workers Launched": 3,"Single Copy": false,"Plans": [{"Node Type": "Hash Join","Parent Relationship": "Outer","Parallel Aware": true,"Async Capable": false,"Join Type": "Inner","Startup Cost": 215528.94,"Total Cost": 295075.90,"Plan Rows": 153265,"Plan Width": 44,"Actual Startup Time": 10134.253,"Actual Total Time": 10314.794,"Actual Rows": 16,"Actual Loops": 4,"Inner Unique": true,"Hash Cond": "(orders.o_custkey = customer.c_custkey)","Workers": [],"Plans": [{"Node Type": "Nested Loop","Parent Relationship": "Outer","Parallel Aware": false,"Async Capable": false,"Join Type": "Inner","Startup Cost": 210537.69,"Total Cost": 289682.32,"Plan Rows": 153265,"Plan Width": 25,"Actual Startup Time": 10099.687,"Actual Total Time": 10280.153,"Actual Rows": 16,"Actual Loops": 4,"Inner Unique": false,"Workers": [],"Plans": [{"Node Type": "Hash Join","Parent Relationship": "Outer","Parallel Aware": false,"Async Capable": false,"Join Type": "Inner","Startup Cost": 210537.26,"Total Cost": 242741.13,"Plan Rows": 38308,"Plan Width": 24,"Actual Startup Time": 10099.575,"Actual Total Time": 10279.892,"Actual Rows": 2,"Actual Loops": 4,"Inner Unique": true,"Hash Cond": "(orders.o_orderkey = lineitem_1.l_orderkey)","Workers": [],"Plans": [{"Node Type": "Seq Scan","Parent Relationship": "Outer","Parallel Aware": true,"Async Capable": false,"Relation Name": "orders","Alias": "orders","Startup Cost": 0.00,"Total Cost": 30933.71,"Plan Rows": 483871,"Plan Width": 20,"Actual Startup Time": 0.011,"Actual Total Time": 51.627,"Actual Rows": 375000,"Actual Loops": 4,"Workers": []},{"Node Type": "Hash","Parent Relationship": "Inner","Parallel Aware": false,"Async Capable": false,"Startup Cost": 209052.81,"Total Cost": 209052.81,"Plan Rows": 118756,"Plan Width": 4,"Actual Startup Time": 10016.825,"Actual Total Time": 10016.839,"Actual Rows": 9,"Actual Loops": 4,"Hash Buckets": 131072,"Original Hash Buckets": 131072,"Hash Batches": 1,"Original Hash Batches": 1,"Peak Memory Usage": 1025,"Workers": [],"Plans": [{"Node Type": "Aggregate","Strategy": "Hashed","Partial Mode": "Simple","Parent Relationship": "Outer","Parallel Aware": false,"Async Capable": false,"Startup Cost": 202521.23,"Total Cost": 207865.25,"Plan Rows": 118756,"Plan Width": 4,"Actual Startup Time": 6319.140,"Actual Total Time": 10016.671,"Actual Rows": 9,"Actual Loops": 4,"Group Key": ["lineitem_1.l_orderkey"],"Filter": "(sum(lineitem_1.l_quantity) > '315'::numeric)","Planned Partitions": 0,"HashAgg Batches": 1,"Peak Memory Usage": 638993,"Disk Usage": 0,"Rows Removed by Filter": 1499991,"Workers": [{"Worker Number": 0,"HashAgg Batches": 1,"Peak Memory Usage": 638993,"Disk Usage": 0},{"Worker Number": 1,"HashAgg Batches": 1,"Peak Memory Usage": 638993,"Disk Usage": 0},{"Worker Number": 2,"HashAgg Batches": 1,"Peak Memory Usage": 638993,"Disk Usage": 0}],"Plans": [{"Node Type": "Seq Scan","Parent Relationship": "Outer","Parallel Aware": false,"Async Capable": false,"Relation Name": "lineitem","Alias": "lineitem_1","Startup Cost": 0.00,"Total Cost": 172515.15,"Plan Rows": 6001215,"Plan Width": 9,"Actual Startup Time": 0.018,"Actual Total Time": 971.843,"Actual Rows": 6001215,"Actual Loops": 4,"Workers": []}]}]}]},{"Node Type": "Index Scan","Parent Relationship": "Inner","Parallel Aware": false,"Async Capable": false,"Scan Direction": "Forward","Index Name": "idx_lineitem_orderkey","Relation Name": "lineitem","Alias": "lineitem","Startup Cost": 0.43,"Total Cost": 1.06,"Plan Rows": 17,"Plan Width": 9,"Actual Startup Time": 0.069,"Actual Total Time": 0.079,"Actual Rows": 7,"Actual Loops": 9,"Index Cond": "(l_orderkey = orders.o_orderkey)","Rows Removed by Index Recheck": 0,"Workers": []}]},{"Node Type": "Hash","Parent Relationship": "Inner","Parallel Aware": true,"Async Capable": false,"Startup Cost": 4210.00,"Total Cost": 4210.00,"Plan Rows": 62500,"Plan Width": 23,"Actual Startup Time": 33.677,"Actual Total Time": 33.684,"Actual Rows": 37500,"Actual Loops": 4,"Hash Buckets": 262144,"Original Hash Buckets": 262144,"Hash Batches": 1,"Original Hash Batches": 1,"Peak Memory Usage": 10368,"Workers": [],"Plans": [{"Node Type": "Seq Scan","Parent Relationship": "Outer","Parallel Aware": true,"Async Capable": false,"Relation Name": "customer","Alias": "customer","Startup Cost": 0.00,"Total Cost": 4210.00,"Plan Rows": 62500,"Plan Width": 23,"Actual Startup Time": 0.019,"Actual Total Time": 16.715,"Actual Rows": 37500,"Actual Loops": 4,"Workers": []}]}]}]}]}]},"Planning Time": 6.132,"Triggers": [],"Execution Time": 11002.531}]
[{"Plan": {"Node Type": "Sort","Parallel Aware": false,"Async Capable": false,"Startup Cost": 397889.21,"Total Cost": 399077.01,"Plan Rows": 475120,"Plan Width": 71,"Actual Startup Time": 10345.847,"Actual Total Time": 10377.998,"Actual Rows": 9,"Actual Loops": 1,"Sort Key": ["orders.o_totalprice DESC", "orders.o_orderdate"],"Sort Method": "quicksort","Sort Space Used": 25,"Sort Space Type": "Memory","Plans": [{"Node Type": "Aggregate","Strategy": "Hashed","Partial Mode": "Simple","Parent Relationship": "Outer","Parallel Aware": false,"Async Capable": false,"Startup Cost": 347151.30,"Total Cost": 353090.30,"Plan Rows": 475120,"Plan Width": 71,"Actual Startup Time": 10329.232,"Actual Total Time": 10377.856,"Actual Rows": 9,"Actual Loops": 1,"Group Key": ["customer.c_custkey", "orders.o_orderkey"],"Planned Partitions": 0,"HashAgg Batches": 1,"Peak Memory Usage": 24601,"Disk Usage": 0,"Plans": [{"Node Type": "Gather","Parent Relationship": "Outer","Parallel Aware": false,"Async Capable": false,"Startup Cost": 216528.94,"Total Cost": 343587.90,"Plan Rows": 475120,"Plan Width": 44,"Actual Startup Time": 10053.961,"Actual Total Time": 10357.615,"Actual Rows": 63,"Actual Loops": 1,"Workers Planned": 3,"Workers Launched": 3,"Single Copy": false,"Plans": [{"Node Type": "Hash Join","Parent Relationship": "Outer","Parallel Aware": true,"Async Capable": false,"Join Type": "Inner","Startup Cost": 215528.94,"Total Cost": 295075.90,"Plan Rows": 153265,"Plan Width": 44,"Actual Startup Time": 10157.696,"Actual Total Time": 10258.651,"Actual Rows": 16,"Actual Loops": 4,"Inner Unique": true,"Hash Cond": "(orders.o_custkey = customer.c_custkey)","Workers": [],"Plans": [{"Node Type": "Nested Loop","Parent Relationship": "Outer","Parallel Aware": false,"Async Capable": false,"Join Type": "Inner","Startup Cost": 210537.69,"Total Cost": 289682.32,"Plan Rows": 153265,"Plan Width": 25,"Actual Startup Time": 10123.332,"Actual Total Time": 10224.239,"Actual Rows": 16,"Actual Loops": 4,"Inner Unique": false,"Workers": [],"Plans": [{"Node Type": "Hash Join","Parent Relationship": "Outer","Parallel Aware": false,"Async Capable": false,"Join Type": "Inner","Startup Cost": 210537.26,"Total Cost": 242741.13,"Plan Rows": 38308,"Plan Width": 24,"Actual Startup Time": 10123.186,"Actual Total Time": 10223.998,"Actual Rows": 2,"Actual Loops": 4,"Inner Unique": true,"Hash Cond": "(orders.o_orderkey = lineitem_1.l_orderkey)","Workers": [],"Plans": [{"Node Type": "Seq Scan","Parent Relationship": "Outer","Parallel Aware": true,"Async Capable": false,"Relation Name": "orders","Alias": "orders","Startup Cost": 0.00,"Total Cost": 30933.71,"Plan Rows": 483871,"Plan Width": 20,"Actual Startup Time": 0.011,"Actual Total Time": 49.852,"Actual Rows": 375000,"Actual Loops": 4,"Workers": []},{"Node Type": "Hash","Parent Relationship": "Inner","Parallel Aware": false,"Async Capable": false,"Startup Cost": 209052.81,"Total Cost": 209052.81,"Plan Rows": 118756,"Plan Width": 4,"Actual Startup Time": 10005.666,"Actual Total Time": 10005.673,"Actual Rows": 9,"Actual Loops": 4,"Hash Buckets": 131072,"Original Hash Buckets": 131072,"Hash Batches": 1,"Original Hash Batches": 1,"Peak Memory Usage": 1025,"Workers": [],"Plans": [{"Node Type": "Aggregate","Strategy": "Hashed","Partial Mode": "Simple","Parent Relationship": "Outer","Parallel Aware": false,"Async Capable": false,"Startup Cost": 202521.23,"Total Cost": 207865.25,"Plan Rows": 118756,"Plan Width": 4,"Actual Startup Time": 6310.010,"Actual Total Time": 10005.543,"Actual Rows": 9,"Actual Loops": 4,"Group Key": ["lineitem_1.l_orderkey"],"Filter": "(sum(lineitem_1.l_quantity) > '313'::numeric)","Planned Partitions": 0,"HashAgg Batches": 1,"Peak Memory Usage": 638993,"Disk Usage": 0,"Rows Removed by Filter": 1499991,"Workers": [{"Worker Number": 0,"HashAgg Batches": 1,"Peak Memory Usage": 638993,"Disk Usage": 0},{"Worker Number": 1,"HashAgg Batches": 1,"Peak Memory Usage": 638993,"Disk Usage": 0},{"Worker Number": 2,"HashAgg Batches": 1,"Peak Memory Usage": 638993,"Disk Usage": 0}],"Plans": [{"Node Type": "Seq Scan","Parent Relationship": "Outer","Parallel Aware": false,"Async Capable": false,"Relation Name": "lineitem","Alias": "lineitem_1","Startup Cost": 0.00,"Total Cost": 172515.15,"Plan Rows": 6001215,"Plan Width": 9,"Actual Startup Time": 0.020,"Actual Total Time": 994.479,"Actual Rows": 6001215,"Actual Loops": 4,"Workers": []}]}]}]},{"Node Type": "Index Scan","Parent Relationship": "Inner","Parallel Aware": false,"Async Capable": false,"Scan Direction": "Forward","Index Name": "idx_lineitem_orderkey","Relation Name": "lineitem","Alias": "lineitem","Startup Cost": 0.43,"Total Cost": 1.06,"Plan Rows": 17,"Plan Width": 9,"Actual Startup Time": 0.068,"Actual Total Time": 0.075,"Actual Rows": 7,"Actual Loops": 9,"Index Cond": "(l_orderkey = orders.o_orderkey)","Rows Removed by Index Recheck": 0,"Workers": []}]},{"Node Type": "Hash","Parent Relationship": "Inner","Parallel Aware": true,"Async Capable": false,"Startup Cost": 4210.00,"Total Cost": 4210.00,"Plan Rows": 62500,"Plan Width": 23,"Actual Startup Time": 33.578,"Actual Total Time": 33.582,"Actual Rows": 37500,"Actual Loops": 4,"Hash Buckets": 262144,"Original Hash Buckets": 262144,"Hash Batches": 1,"Original Hash Batches": 1,"Peak Memory Usage": 10336,"Workers": [],"Plans": [{"Node Type": "Seq Scan","Parent Relationship": "Outer","Parallel Aware": true,"Async Capable": false,"Relation Name": "customer","Alias": "customer","Startup Cost": 0.00,"Total Cost": 4210.00,"Plan Rows": 62500,"Plan Width": 23,"Actual Startup Time": 0.023,"Actual Total Time": 16.777,"Actual Rows": 37500,"Actual Loops": 4,"Workers": []}]}]}]}]}]},"Planning Time": 6.662,"Triggers": [],"Execution Time": 10430.266}]
[{"Plan": {"Node Type": "Sort","Parallel Aware": false,"Async Capable": false,"Startup Cost": 397889.21,"Total Cost": 399077.01,"Plan Rows": 475120,"Plan Width": 71,"Actual Startup Time": 10950.105,"Actual Total Time": 10953.954,"Actual Rows": 9,"Actual Loops": 1,"Sort Key": ["orders.o_totalprice DESC", "orders.o_orderdate"],"Sort Method": "quicksort","Sort Space Used": 25,"Sort Space Type": "Memory","Plans": [{"Node Type": "Aggregate","Strategy": "Hashed","Partial Mode": "Simple","Parent Relationship": "Outer","Parallel Aware": false,"Async Capable": false,"Startup Cost": 347151.30,"Total Cost": 353090.30,"Plan Rows": 475120,"Plan Width": 71,"Actual Startup Time": 10902.471,"Actual Total Time": 10953.715,"Actual Rows": 9,"Actual Loops": 1,"Group Key": ["customer.c_custkey", "orders.o_orderkey"],"Planned Partitions": 0,"HashAgg Batches": 1,"Peak Memory Usage": 24601,"Disk Usage": 0,"Plans": [{"Node Type": "Gather","Parent Relationship": "Outer","Parallel Aware": false,"Async Capable": false,"Startup Cost": 216528.94,"Total Cost": 343587.90,"Plan Rows": 475120,"Plan Width": 44,"Actual Startup Time": 10893.800,"Actual Total Time": 10897.693,"Actual Rows": 63,"Actual Loops": 1,"Workers Planned": 3,"Workers Launched": 3,"Single Copy": false,"Plans": [{"Node Type": "Hash Join","Parent Relationship": "Outer","Parallel Aware": true,"Async Capable": false,"Join Type": "Inner","Startup Cost": 215528.94,"Total Cost": 295075.90,"Plan Rows": 153265,"Plan Width": 44,"Actual Startup Time": 10134.253,"Actual Total Time": 10314.794,"Actual Rows": 16,"Actual Loops": 4,"Inner Unique": true,"Hash Cond": "(orders.o_custkey = customer.c_custkey)","Workers": [],"Plans": [{"Node Type": "Nested Loop","Parent Relationship": "Outer","Parallel Aware": false,"Async Capable": false,"Join Type": "Inner","Startup Cost": 210537.69,"Total Cost": 289682.32,"Plan Rows": 153265,"Plan Width": 25,"Actual Startup Time": 10099.687,"Actual Total Time": 10280.153,"Actual Rows": 16,"Actual Loops": 4,"Inner Unique": false,"Workers": [],"Plans": [{"Node Type": "Hash Join","Parent Relationship": "Outer","Parallel Aware": false,"Async Capable": false,"Join Type": "Inner","Startup Cost": 210537.26,"Total Cost": 242741.13,"Plan Rows": 38308,"Plan Width": 24,"Actual Startup Time": 10099.575,"Actual Total Time": 10279.892,"Actual Rows": 2,"Actual Loops": 4,"Inner Unique": true,"Hash Cond": "(orders.o_orderkey = lineitem_1.l_orderkey)","Workers": [],"Plans": [{"Node Type": "Seq Scan","Parent Relationship": "Outer","Parallel Aware": true,"Async Capable": false,"Relation Name": "orders","Alias": "orders","Startup Cost": 0.00,"Total Cost": 30933.71,"Plan Rows": 483871,"Plan Width": 20,"Actual Startup Time": 0.011,"Actual Total Time": 51.627,"Actual Rows": 375000,"Actual Loops": 4,"Workers": []},{"Node Type": "Hash","Parent Relationship": "Inner","Parallel Aware": false,"Async Capable": false,"Startup Cost": 209052.81,"Total Cost": 209052.81,"Plan Rows": 118756,"Plan Width": 4,"Actual Startup Time": 10016.825,"Actual Total Time": 10016.839,"Actual Rows": 9,"Actual Loops": 4,"Hash Buckets": 131072,"Original Hash Buckets": 131072,"Hash Batches": 1,"Original Hash Batches": 1,"Peak Memory Usage": 1025,"Workers": [],"Plans": [{"Node Type": "Aggregate","Strategy": "Hashed","Partial Mode": "Simple","Parent Relationship": "Outer","Parallel Aware": false,"Async Capable": false,"Startup Cost": 202521.23,"Total Cost": 207865.25,"Plan Rows": 118756,"Plan Width": 4,"Actual Startup Time": 6319.140,"Actual Total Time": 10016.671,"Actual Rows": 9,"Actual Loops": 4,"Group Key": ["lineitem_1.l_orderkey"],"Filter": "(sum(lineitem_1.l_quantity) > '315'::numeric)","Planned Partitions": 0,"HashAgg Batches": 1,"Peak Memory Usage": 638993,"Disk Usage": 0,"Rows Removed by Filter": 1499991,"Workers": [{"Worker Number": 0,"HashAgg Batches": 1,"Peak Memory Usage": 638993,"Disk Usage": 0},{"Worker Number": 1,"HashAgg Batches": 1,"Peak Memory Usage": 638993,"Disk Usage": 0},{"Worker Number": 2,"HashAgg Batches": 1,"Peak Memory Usage": 638993,"Disk Usage": 0}],"Plans": [{"Node Type": "Seq Scan","Parent Relationship": "Outer","Parallel Aware": false,"Async Capable": false,"Relation Name": "lineitem","Alias": "lineitem_1","Startup Cost": 0.00,"Total Cost": 172515.15,"Plan Rows": 6001215,"Plan Width": 9,"Actual Startup Time": 0.018,"Actual Total Time": 971.843,"Actual Rows": 6001215,"Actual Loops": 4,"Workers": []}]}]}]},{"Node Type": "Index Scan","Parent Relationship": "Inner","Parallel Aware": false,"Async Capable": false,"Scan Direction": "Forward","Index Name": "idx_lineitem_orderkey","Relation Name": "lineitem","Alias": "lineitem","Startup Cost": 0.43,"Total Cost": 1.06,"Plan Rows": 17,"Plan Width": 9,"Actual Startup Time": 0.069,"Actual Total Time": 0.079,"Actual Rows": 7,"Actual Loops": 9,"Index Cond": "(l_orderkey = orders.o_orderkey)","Rows Removed by Index Recheck": 0,"Workers": []}]},{"Node Type": "Hash","Parent Relationship": "Inner","Parallel Aware": true,"Async Capable": false,"Startup Cost": 4210.00,"Total Cost": 4210.00,"Plan Rows": 62500,"Plan Width": 23,"Actual Startup Time": 33.677,"Actual Total Time": 33.684,"Actual Rows": 37500,"Actual Loops": 4,"Hash Buckets": 262144,"Original Hash Buckets": 262144,"Hash Batches": 1,"Original Hash Batches": 1,"Peak Memory Usage": 10368,"Workers": [],"Plans": [{"Node Type": "Seq Scan","Parent Relationship": "Outer","Parallel Aware": true,"Async Capable": false,"Relation Name": "customer","Alias": "customer","Startup Cost": 0.00,"Total Cost": 4210.00,"Plan Rows": 62500,"Plan Width": 23,"Actual Startup Time": 0.019,"Actual Total Time": 16.715,"Actual Rows": 37500,"Actual Loops": 4,"Workers": []}]}]}]}]}]},"Planning Time": 6.132,"Triggers": [],"Execution Time": 11002.531}]
[{"Plan": {"Node Type": "Sort","Parallel Aware": false,"Async Capable": false,"Startup Cost": 397889.21,"Total Cost": 399077.01,"Plan Rows": 475120,"Plan Width": 71,"Actual Startup Time": 10887.509,"Actual Total Time": 10908.132,"Actual Rows": 10,"Actual Loops": 1,"Sort Key": ["orders.o_totalprice DESC", "orders.o_orderdate"],"Sort Method": "quicksort","Sort Space Used": 25,"Sort Space Type": "Memory","Plans": [{"Node Type": "Aggregate","Strategy": "Hashed","Partial Mode": "Simple","Parent Relationship": "Outer","Parallel Aware": false,"Async Capable": false,"Startup Cost": 347151.30,"Total Cost": 353090.30,"Plan Rows": 475120,"Plan Width": 71,"Actual Startup Time": 10848.812,"Actual Total Time": 10907.941,"Actual Rows": 10,"Actual Loops": 1,"Group Key": ["customer.c_custkey", "orders.o_orderkey"],"Planned Partitions": 0,"HashAgg Batches": 1,"Peak Memory Usage": 24601,"Disk Usage": 0,"Plans": [{"Node Type": "Gather","Parent Relationship": "Outer","Parallel Aware": false,"Async Capable": false,"Startup Cost": 216528.94,"Total Cost": 343587.90,"Plan Rows": 475120,"Plan Width": 44,"Actual Startup Time": 10782.037,"Actual Total Time": 10858.151,"Actual Rows": 70,"Actual Loops": 1,"Workers Planned": 3,"Workers Launched": 3,"Single Copy": false,"Plans": [{"Node Type": "Hash Join","Parent Relationship": "Outer","Parallel Aware": true,"Async Capable": false,"Join Type": "Inner","Startup Cost": 215528.94,"Total Cost": 295075.90,"Plan Rows": 153265,"Plan Width": 44,"Actual Startup Time": 10180.765,"Actual Total Time": 10348.312,"Actual Rows": 18,"Actual Loops": 4,"Inner Unique": true,"Hash Cond": "(orders.o_custkey = customer.c_custkey)","Workers": [],"Plans": [{"Node Type": "Nested Loop","Parent Relationship": "Outer","Parallel Aware": false,"Async Capable": false,"Join Type": "Inner","Startup Cost": 210537.69,"Total Cost": 289682.32,"Plan Rows": 153265,"Plan Width": 25,"Actual Startup Time": 10142.809,"Actual Total Time": 10310.270,"Actual Rows": 18,"Actual Loops": 4,"Inner Unique": false,"Workers": [],"Plans": [{"Node Type": "Hash Join","Parent Relationship": "Outer","Parallel Aware": false,"Async Capable": false,"Join Type": "Inner","Startup Cost": 210537.26,"Total Cost": 242741.13,"Plan Rows": 38308,"Plan Width": 24,"Actual Startup Time": 10142.670,"Actual Total Time": 10309.991,"Actual Rows": 2,"Actual Loops": 4,"Inner Unique": true,"Hash Cond": "(orders.o_orderkey = lineitem_1.l_orderkey)","Workers": [],"Plans": [{"Node Type": "Seq Scan","Parent Relationship": "Outer","Parallel Aware": true,"Async Capable": false,"Relation Name": "orders","Alias": "orders","Startup Cost": 0.00,"Total Cost": 30933.71,"Plan Rows": 483871,"Plan Width": 20,"Actual Startup Time": 0.009,"Actual Total Time": 49.040,"Actual Rows": 375000,"Actual Loops": 4,"Workers": []},{"Node Type": "Hash","Parent Relationship": "Inner","Parallel Aware": false,"Async Capable": false,"Startup Cost": 209052.81,"Total Cost": 209052.81,"Plan Rows": 118756,"Plan Width": 4,"Actual Startup Time": 10075.163,"Actual Total Time": 10075.176,"Actual Rows": 10,"Actual Loops": 4,"Hash Buckets": 131072,"Original Hash Buckets": 131072,"Hash Batches": 1,"Original Hash Batches": 1,"Peak Memory Usage": 1025,"Workers": [],"Plans": [{"Node Type": "Aggregate","Strategy": "Hashed","Partial Mode": "Simple","Parent Relationship": "Outer","Parallel Aware": false,"Async Capable": false,"Startup Cost": 202521.23,"Total Cost": 207865.25,"Plan Rows": 118756,"Plan Width": 4,"Actual Startup Time": 6293.151,"Actual Total Time": 10074.968,"Actual Rows": 10,"Actual Loops": 4,"Group Key": ["lineitem_1.l_orderkey"],"Filter": "(sum(lineitem_1.l_quantity) > '312'::numeric)","Planned Partitions": 0,"HashAgg Batches": 1,"Peak Memory Usage": 638993,"Disk Usage": 0,"Rows Removed by Filter": 1499990,"Workers": [{"Worker Number": 0,"HashAgg Batches": 1,"Peak Memory Usage": 638993,"Disk Usage": 0},{"Worker Number": 1,"HashAgg Batches": 1,"Peak Memory Usage": 638993,"Disk Usage": 0},{"Worker Number": 2,"HashAgg Batches": 1,"Peak Memory Usage": 638993,"Disk Usage": 0}],"Plans": [{"Node Type": "Seq Scan","Parent Relationship": "Outer","Parallel Aware": false,"Async Capable": false,"Relation Name": "lineitem","Alias": "lineitem_1","Startup Cost": 0.00,"Total Cost": 172515.15,"Plan Rows": 6001215,"Plan Width": 9,"Actual Startup Time": 0.021,"Actual Total Time": 960.546,"Actual Rows": 6001215,"Actual Loops": 4,"Workers": []}]}]}]},{"Node Type": "Index Scan","Parent Relationship": "Inner","Parallel Aware": false,"Async Capable": false,"Scan Direction": "Forward","Index Name": "idx_lineitem_orderkey","Relation Name": "lineitem","Alias": "lineitem","Startup Cost": 0.43,"Total Cost": 1.06,"Plan Rows": 17,"Plan Width": 9,"Actual Startup Time": 0.072,"Actual Total Time": 0.079,"Actual Rows": 7,"Actual Loops": 10,"Index Cond": "(l_orderkey = orders.o_orderkey)","Rows Removed by Index Recheck": 0,"Workers": []}]},{"Node Type": "Hash","Parent Relationship": "Inner","Parallel Aware": true,"Async Capable": false,"Startup Cost": 4210.00,"Total Cost": 4210.00,"Plan Rows": 62500,"Plan Width": 23,"Actual Startup Time": 37.105,"Actual Total Time": 37.114,"Actual Rows": 37500,"Actual Loops": 4,"Hash Buckets": 262144,"Original Hash Buckets": 262144,"Hash Batches": 1,"Original Hash Batches": 1,"Peak Memory Usage": 10368,"Workers": [],"Plans": [{"Node Type": "Seq Scan","Parent Relationship": "Outer","Parallel Aware": true,"Async Capable": false,"Relation Name": "customer","Alias": "customer","Startup Cost": 0.00,"Total Cost": 4210.00,"Plan Rows": 62500,"Plan Width": 23,"Actual Startup Time": 0.025,"Actual Total Time": 19.726,"Actual Rows": 37500,"Actual Loops": 4,"Workers": []}]}]}]}]}]},"Planning Time": 6.715,"Triggers": [],"Execution Time": 10961.817}]
[{"Plan": {"Node Type": "Sort","Parallel Aware": false,"Async Capable": false,"Startup Cost": 397889.21,"Total Cost": 399077.01,"Plan Rows": 475120,"Plan Width": 71,"Actual Startup Time": 10950.105,"Actual Total Time": 10953.954,"Actual Rows": 9,"Actual Loops": 1,"Sort Key": ["orders.o_totalprice DESC", "orders.o_orderdate"],"Sort Method": "quicksort","Sort Space Used": 25,"Sort Space Type": "Memory","Plans": [{"Node Type": "Aggregate","Strategy": "Hashed","Partial Mode": "Simple","Parent Relationship": "Outer","Parallel Aware": false,"Async Capable": false,"Startup Cost": 347151.30,"Total Cost": 353090.30,"Plan Rows": 475120,"Plan Width": 71,"Actual Startup Time": 10902.471,"Actual Total Time": 10953.715,"Actual Rows": 9,"Actual Loops": 1,"Group Key": ["customer.c_custkey", "orders.o_orderkey"],"Planned Partitions": 0,"HashAgg Batches": 1,"Peak Memory Usage": 24601,"Disk Usage": 0,"Plans": [{"Node Type": "Gather","Parent Relationship": "Outer","Parallel Aware": false,"Async Capable": false,"Startup Cost": 216528.94,"Total Cost": 343587.90,"Plan Rows": 475120,"Plan Width": 44,"Actual Startup Time": 10893.800,"Actual Total Time": 10897.693,"Actual Rows": 63,"Actual Loops": 1,"Workers Planned": 3,"Workers Launched": 3,"Single Copy": false,"Plans": [{"Node Type": "Hash Join","Parent Relationship": "Outer","Parallel Aware": true,"Async Capable": false,"Join Type": "Inner","Startup Cost": 215528.94,"Total Cost": 295075.90,"Plan Rows": 153265,"Plan Width": 44,"Actual Startup Time": 10134.253,"Actual Total Time": 10314.794,"Actual Rows": 16,"Actual Loops": 4,"Inner Unique": true,"Hash Cond": "(orders.o_custkey = customer.c_custkey)","Workers": [],"Plans": [{"Node Type": "Nested Loop","Parent Relationship": "Outer","Parallel Aware": false,"Async Capable": false,"Join Type": "Inner","Startup Cost": 210537.69,"Total Cost": 289682.32,"Plan Rows": 153265,"Plan Width": 25,"Actual Startup Time": 10099.687,"Actual Total Time": 10280.153,"Actual Rows": 16,"Actual Loops": 4,"Inner Unique": false,"Workers": [],"Plans": [{"Node Type": "Hash Join","Parent Relationship": "Outer","Parallel Aware": false,"Async Capable": false,"Join Type": "Inner","Startup Cost": 210537.26,"Total Cost": 242741.13,"Plan Rows": 38308,"Plan Width": 24,"Actual Startup Time": 10099.575,"Actual Total Time": 10279.892,"Actual Rows": 2,"Actual Loops": 4,"Inner Unique": true,"Hash Cond": "(orders.o_orderkey = lineitem_1.l_orderkey)","Workers": [],"Plans": [{"Node Type": "Seq Scan","Parent Relationship": "Outer","Parallel Aware": true,"Async Capable": false,"Relation Name": "orders","Alias": "orders","Startup Cost": 0.00,"Total Cost": 30933.71,"Plan Rows": 483871,"Plan Width": 20,"Actual Startup Time": 0.011,"Actual Total Time": 51.627,"Actual Rows": 375000,"Actual Loops": 4,"Workers": []},{"Node Type": "Hash","Parent Relationship": "Inner","Parallel Aware": false,"Async Capable": false,"Startup Cost": 209052.81,"Total Cost": 209052.81,"Plan Rows": 118756,"Plan Width": 4,"Actual Startup Time": 10016.825,"Actual Total Time": 10016.839,"Actual Rows": 9,"Actual Loops": 4,"Hash Buckets": 131072,"Original Hash Buckets": 131072,"Hash Batches": 1,"Original Hash Batches": 1,"Peak Memory Usage": 1025,"Workers": [],"Plans": [{"Node Type": "Aggregate","Strategy": "Hashed","Partial Mode": "Simple","Parent Relationship": "Outer","Parallel Aware": false,"Async Capable": false,"Startup Cost": 202521.23,"Total Cost": 207865.25,"Plan Rows": 118756,"Plan Width": 4,"Actual Startup Time": 6319.140,"Actual Total Time": 10016.671,"Actual Rows": 9,"Actual Loops": 4,"Group Key": ["lineitem_1.l_orderkey"],"Filter": "(sum(lineitem_1.l_quantity) > '315'::numeric)","Planned Partitions": 0,"HashAgg Batches": 1,"Peak Memory Usage": 638993,"Disk Usage": 0,"Rows Removed by Filter": 1499991,"Workers": [{"Worker Number": 0,"HashAgg Batches": 1,"Peak Memory Usage": 638993,"Disk Usage": 0},{"Worker Number": 1,"HashAgg Batches": 1,"Peak Memory Usage": 638993,"Disk Usage": 0},{"Worker Number": 2,"HashAgg Batches": 1,"Peak Memory Usage": 638993,"Disk Usage": 0}],"Plans": [{"Node Type": "Seq Scan","Parent Relationship": "Outer","Parallel Aware": false,"Async Capable": false,"Relation Name": "lineitem","Alias": "lineitem_1","Startup Cost": 0.00,"Total Cost": 172515.15,"Plan Rows": 6001215,"Plan Width": 9,"Actual Startup Time": 0.018,"Actual Total Time": 971.843,"Actual Rows": 6001215,"Actual Loops": 4,"Workers": []}]}]}]},{"Node Type": "Index Scan","Parent Relationship": "Inner","Parallel Aware": false,"Async Capable": false,"Scan Direction": "Forward","Index Name": "idx_lineitem_orderkey","Relation Name": "lineitem","Alias": "lineitem","Startup Cost": 0.43,"Total Cost": 1.06,"Plan Rows": 17,"Plan Width": 9,"Actual Startup Time": 0.069,"Actual Total Time": 0.079,"Actual Rows": 7,"Actual Loops": 9,"Index Cond": "(l_orderkey = orders.o_orderkey)","Rows Removed by Index Recheck": 0,"Workers": []}]},{"Node Type": "Hash","Parent Relationship": "Inner","Parallel Aware": true,"Async Capable": false,"Startup Cost": 4210.00,"Total Cost": 4210.00,"Plan Rows": 62500,"Plan Width": 23,"Actual Startup Time": 33.677,"Actual Total Time": 33.684,"Actual Rows": 37500,"Actual Loops": 4,"Hash Buckets": 262144,"Original Hash Buckets": 262144,"Hash Batches": 1,"Original Hash Batches": 1,"Peak Memory Usage": 10368,"Workers": [],"Plans": [{"Node Type": "Seq Scan","Parent Relationship": "Outer","Parallel Aware": true,"Async Capable": false,"Relation Name": "customer","Alias": "customer","Startup Cost": 0.00,"Total Cost": 4210.00,"Plan Rows": 62500,"Plan Width": 23,"Actual Startup Time": 0.019,"Actual Total Time": 16.715,"Actual Rows": 37500,"Actual Loops": 4,"Workers": []}]}]}]}]}]},"Planning Time": 6.132,"Triggers": [],"Execution Time": 11002.531}]
[{"Plan": {"Node Type": "Sort","Parallel Aware": false,"Async Capable": false,"Startup Cost": 397889.21,"Total Cost": 399077.01,"Plan Rows": 475120,"Plan Width": 71,"Actual Startup Time": 10950.105,"Actual Total Time": 10953.954,"Actual Rows": 9,"Actual Loops": 1,"Sort Key": ["orders.o_totalprice DESC", "orders.o_orderdate"],"Sort Method": "quicksort","Sort Space Used": 25,"Sort Space Type": "Memory","Plans": [{"Node Type": "Aggregate","Strategy": "Hashed","Partial Mode": "Simple","Parent Relationship": "Outer","Parallel Aware": false,"Async Capable": false,"Startup Cost": 347151.30,"Total Cost": 353090.30,"Plan Rows": 475120,"Plan Width": 71,"Actual Startup Time": 10902.471,"Actual Total Time": 10953.715,"Actual Rows": 9,"Actual Loops": 1,"Group Key": ["customer.c_custkey", "orders.o_orderkey"],"Planned Partitions": 0,"HashAgg Batches": 1,"Peak Memory Usage": 24601,"Disk Usage": 0,"Plans": [{"Node Type": "Gather","Parent Relationship": "Outer","Parallel Aware": false,"Async Capable": false,"Startup Cost": 216528.94,"Total Cost": 343587.90,"Plan Rows": 475120,"Plan Width": 44,"Actual Startup Time": 10893.800,"Actual Total Time": 10897.693,"Actual Rows": 63,"Actual Loops": 1,"Workers Planned": 3,"Workers Launched": 3,"Single Copy": false,"Plans": [{"Node Type": "Hash Join","Parent Relationship": "Outer","Parallel Aware": true,"Async Capable": false,"Join Type": "Inner","Startup Cost": 215528.94,"Total Cost": 295075.90,"Plan Rows": 153265,"Plan Width": 44,"Actual Startup Time": 10134.253,"Actual Total Time": 10314.794,"Actual Rows": 16,"Actual Loops": 4,"Inner Unique": true,"Hash Cond": "(orders.o_custkey = customer.c_custkey)","Workers": [],"Plans": [{"Node Type": "Nested Loop","Parent Relationship": "Outer","Parallel Aware": false,"Async Capable": false,"Join Type": "Inner","Startup Cost": 210537.69,"Total Cost": 289682.32,"Plan Rows": 153265,"Plan Width": 25,"Actual Startup Time": 10099.687,"Actual Total Time": 10280.153,"Actual Rows": 16,"Actual Loops": 4,"Inner Unique": false,"Workers": [],"Plans": [{"Node Type": "Hash Join","Parent Relationship": "Outer","Parallel Aware": false,"Async Capable": false,"Join Type": "Inner","Startup Cost": 210537.26,"Total Cost": 242741.13,"Plan Rows": 38308,"Plan Width": 24,"Actual Startup Time": 10099.575,"Actual Total Time": 10279.892,"Actual Rows": 2,"Actual Loops": 4,"Inner Unique": true,"Hash Cond": "(orders.o_orderkey = lineitem_1.l_orderkey)","Workers": [],"Plans": [{"Node Type": "Seq Scan","Parent Relationship": "Outer","Parallel Aware": true,"Async Capable": false,"Relation Name": "orders","Alias": "orders","Startup Cost": 0.00,"Total Cost": 30933.71,"Plan Rows": 483871,"Plan Width": 20,"Actual Startup Time": 0.011,"Actual Total Time": 51.627,"Actual Rows": 375000,"Actual Loops": 4,"Workers": []},{"Node Type": "Hash","Parent Relationship": "Inner","Parallel Aware": false,"Async Capable": false,"Startup Cost": 209052.81,"Total Cost": 209052.81,"Plan Rows": 118756,"Plan Width": 4,"Actual Startup Time": 10016.825,"Actual Total Time": 10016.839,"Actual Rows": 9,"Actual Loops": 4,"Hash Buckets": 131072,"Original Hash Buckets": 131072,"Hash Batches": 1,"Original Hash Batches": 1,"Peak Memory Usage": 1025,"Workers": [],"Plans": [{"Node Type": "Aggregate","Strategy": "Hashed","Partial Mode": "Simple","Parent Relationship": "Outer","Parallel Aware": false,"Async Capable": false,"Startup Cost": 202521.23,"Total Cost": 207865.25,"Plan Rows": 118756,"Plan Width": 4,"Actual Startup Time": 6319.140,"Actual Total Time": 10016.671,"Actual Rows": 9,"Actual Loops": 4,"Group Key": ["lineitem_1.l_orderkey"],"Filter": "(sum(lineitem_1.l_quantity) > '315'::numeric)","Planned Partitions": 0,"HashAgg Batches": 1,"Peak Memory Usage": 638993,"Disk Usage": 0,"Rows Removed by Filter": 1499991,"Workers": [{"Worker Number": 0,"HashAgg Batches": 1,"Peak Memory Usage": 638993,"Disk Usage": 0},{"Worker Number": 1,"HashAgg Batches": 1,"Peak Memory Usage": 638993,"Disk Usage": 0},{"Worker Number": 2,"HashAgg Batches": 1,"Peak Memory Usage": 638993,"Disk Usage": 0}],"Plans": [{"Node Type": "Seq Scan","Parent Relationship": "Outer","Parallel Aware": false,"Async Capable": false,"Relation Name": "lineitem","Alias": "lineitem_1","Startup Cost": 0.00,"Total Cost": 172515.15,"Plan Rows": 6001215,"Plan Width": 9,"Actual Startup Time": 0.018,"Actual Total Time": 971.843,"Actual Rows": 6001215,"Actual Loops": 4,"Workers": []}]}]}]},{"Node Type": "Index Scan","Parent Relationship": "Inner","Parallel Aware": false,"Async Capable": false,"Scan Direction": "Forward","Index Name": "idx_lineitem_orderkey","Relation Name": "lineitem","Alias": "lineitem","Startup Cost": 0.43,"Total Cost": 1.06,"Plan Rows": 17,"Plan Width": 9,"Actual Startup Time": 0.069,"Actual Total Time": 0.079,"Actual Rows": 7,"Actual Loops": 9,"Index Cond": "(l_orderkey = orders.o_orderkey)","Rows Removed by Index Recheck": 0,"Workers": []}]},{"Node Type": "Hash","Parent Relationship": "Inner","Parallel Aware": true,"Async Capable": false,"Startup Cost": 4210.00,"Total Cost": 4210.00,"Plan Rows": 62500,"Plan Width": 23,"Actual Startup Time": 33.677,"Actual Total Time": 33.684,"Actual Rows": 37500,"Actual Loops": 4,"Hash Buckets": 262144,"Original Hash Buckets": 262144,"Hash Batches": 1,"Original Hash Batches": 1,"Peak Memory Usage": 10368,"Workers": [],"Plans": [{"Node Type": "Seq Scan","Parent Relationship": "Outer","Parallel Aware": true,"Async Capable": false,"Relation Name": "customer","Alias": "customer","Startup Cost": 0.00,"Total Cost": 4210.00,"Plan Rows": 62500,"Plan Width": 23,"Actual Startup Time": 0.019,"Actual Total Time": 16.715,"Actual Rows": 37500,"Actual Loops": 4,"Workers": []}]}]}]}]}]},"Planning Time": 6.132,"Triggers": [],"Execution Time": 11002.531}]
[{"Plan": {"Node Type": "Sort","Parallel Aware": false,"Async Capable": false,"Startup Cost": 397889.21,"Total Cost": 399077.01,"Plan Rows": 475120,"Plan Width": 71,"Actual Startup Time": 10950.105,"Actual Total Time": 10953.954,"Actual Rows": 9,"Actual Loops": 1,"Sort Key": ["orders.o_totalprice DESC", "orders.o_orderdate"],"Sort Method": "quicksort","Sort Space Used": 25,"Sort Space Type": "Memory","Plans": [{"Node Type": "Aggregate","Strategy": "Hashed","Partial Mode": "Simple","Parent Relationship": "Outer","Parallel Aware": false,"Async Capable": false,"Startup Cost": 347151.30,"Total Cost": 353090.30,"Plan Rows": 475120,"Plan Width": 71,"Actual Startup Time": 10902.471,"Actual Total Time": 10953.715,"Actual Rows": 9,"Actual Loops": 1,"Group Key": ["customer.c_custkey", "orders.o_orderkey"],"Planned Partitions": 0,"HashAgg Batches": 1,"Peak Memory Usage": 24601,"Disk Usage": 0,"Plans": [{"Node Type": "Gather","Parent Relationship": "Outer","Parallel Aware": false,"Async Capable": false,"Startup Cost": 216528.94,"Total Cost": 343587.90,"Plan Rows": 475120,"Plan Width": 44,"Actual Startup Time": 10893.800,"Actual Total Time": 10897.693,"Actual Rows": 63,"Actual Loops": 1,"Workers Planned": 3,"Workers Launched": 3,"Single Copy": false,"Plans": [{"Node Type": "Hash Join","Parent Relationship": "Outer","Parallel Aware": true,"Async Capable": false,"Join Type": "Inner","Startup Cost": 215528.94,"Total Cost": 295075.90,"Plan Rows": 153265,"Plan Width": 44,"Actual Startup Time": 10134.253,"Actual Total Time": 10314.794,"Actual Rows": 16,"Actual Loops": 4,"Inner Unique": true,"Hash Cond": "(orders.o_custkey = customer.c_custkey)","Workers": [],"Plans": [{"Node Type": "Nested Loop","Parent Relationship": "Outer","Parallel Aware": false,"Async Capable": false,"Join Type": "Inner","Startup Cost": 210537.69,"Total Cost": 289682.32,"Plan Rows": 153265,"Plan Width": 25,"Actual Startup Time": 10099.687,"Actual Total Time": 10280.153,"Actual Rows": 16,"Actual Loops": 4,"Inner Unique": false,"Workers": [],"Plans": [{"Node Type": "Hash Join","Parent Relationship": "Outer","Parallel Aware": false,"Async Capable": false,"Join Type": "Inner","Startup Cost": 210537.26,"Total Cost": 242741.13,"Plan Rows": 38308,"Plan Width": 24,"Actual Startup Time": 10099.575,"Actual Total Time": 10279.892,"Actual Rows": 2,"Actual Loops": 4,"Inner Unique": true,"Hash Cond": "(orders.o_orderkey = lineitem_1.l_orderkey)","Workers": [],"Plans": [{"Node Type": "Seq Scan","Parent Relationship": "Outer","Parallel Aware": true,"Async Capable": false,"Relation Name": "orders","Alias": "orders","Startup Cost": 0.00,"Total Cost": 30933.71,"Plan Rows": 483871,"Plan Width": 20,"Actual Startup Time": 0.011,"Actual Total Time": 51.627,"Actual Rows": 375000,"Actual Loops": 4,"Workers": []},{"Node Type": "Hash","Parent Relationship": "Inner","Parallel Aware": false,"Async Capable": false,"Startup Cost": 209052.81,"Total Cost": 209052.81,"Plan Rows": 118756,"Plan Width": 4,"Actual Startup Time": 10016.825,"Actual Total Time": 10016.839,"Actual Rows": 9,"Actual Loops": 4,"Hash Buckets": 131072,"Original Hash Buckets": 131072,"Hash Batches": 1,"Original Hash Batches": 1,"Peak Memory Usage": 1025,"Workers": [],"Plans": [{"Node Type": "Aggregate","Strategy": "Hashed","Partial Mode": "Simple","Parent Relationship": "Outer","Parallel Aware": false,"Async Capable": false,"Startup Cost": 202521.23,"Total Cost": 207865.25,"Plan Rows": 118756,"Plan Width": 4,"Actual Startup Time": 6319.140,"Actual Total Time": 10016.671,"Actual Rows": 9,"Actual Loops": 4,"Group Key": ["lineitem_1.l_orderkey"],"Filter": "(sum(lineitem_1.l_quantity) > '315'::numeric)","Planned Partitions": 0,"HashAgg Batches": 1,"Peak Memory Usage": 638993,"Disk Usage": 0,"Rows Removed by Filter": 1499991,"Workers": [{"Worker Number": 0,"HashAgg Batches": 1,"Peak Memory Usage": 638993,"Disk Usage": 0},{"Worker Number": 1,"HashAgg Batches": 1,"Peak Memory Usage": 638993,"Disk Usage": 0},{"Worker Number": 2,"HashAgg Batches": 1,"Peak Memory Usage": 638993,"Disk Usage": 0}],"Plans": [{"Node Type": "Seq Scan","Parent Relationship": "Outer","Parallel Aware": false,"Async Capable": false,"Relation Name": "lineitem","Alias": "lineitem_1","Startup Cost": 0.00,"Total Cost": 172515.15,"Plan Rows": 6001215,"Plan Width": 9,"Actual Startup Time": 0.018,"Actual Total Time": 971.843,"Actual Rows": 6001215,"Actual Loops": 4,"Workers": []}]}]}]},{"Node Type": "Index Scan","Parent Relationship": "Inner","Parallel Aware": false,"Async Capable": false,"Scan Direction": "Forward","Index Name": "idx_lineitem_orderkey","Relation Name": "lineitem","Alias": "lineitem","Startup Cost": 0.43,"Total Cost": 1.06,"Plan Rows": 17,"Plan Width": 9,"Actual Startup Time": 0.069,"Actual Total Time": 0.079,"Actual Rows": 7,"Actual Loops": 9,"Index Cond": "(l_orderkey = orders.o_orderkey)","Rows Removed by Index Recheck": 0,"Workers": []}]},{"Node Type": "Hash","Parent Relationship": "Inner","Parallel Aware": true,"Async Capable": false,"Startup Cost": 4210.00,"Total Cost": 4210.00,"Plan Rows": 62500,"Plan Width": 23,"Actual Startup Time": 33.677,"Actual Total Time": 33.684,"Actual Rows": 37500,"Actual Loops": 4,"Hash Buckets": 262144,"Original Hash Buckets": 262144,"Hash Batches": 1,"Original Hash Batches": 1,"Peak Memory Usage": 10368,"Workers": [],"Plans": [{"Node Type": "Seq Scan","Parent Relationship": "Outer","Parallel Aware": true,"Async Capable": false,"Relation Name": "customer","Alias": "customer","Startup Cost": 0.00,"Total Cost": 4210.00,"Plan Rows": 62500,"Plan Width": 23,"Actual Startup Time": 0.019,"Actual Total Time": 16.715,"Actual Rows": 37500,"Actual Loops": 4,"Workers": []}]}]}]}]}]},"Planning Time": 6.132,"Triggers": [],"Execution Time": 11002.531}]
[{"Plan": {"Node Type": "Sort","Parallel Aware": false,"Async Capable": false,"Startup Cost": 397889.21,"Total Cost": 399077.01,"Plan Rows": 475120,"Plan Width": 71,"Actual Startup Time": 10345.847,"Actual Total Time": 10377.998,"Actual Rows": 9,"Actual Loops": 1,"Sort Key": ["orders.o_totalprice DESC", "orders.o_orderdate"],"Sort Method": "quicksort","Sort Space Used": 25,"Sort Space Type": "Memory","Plans": [{"Node Type": "Aggregate","Strategy": "Hashed","Partial Mode": "Simple","Parent Relationship": "Outer","Parallel Aware": false,"Async Capable": false,"Startup Cost": 347151.30,"Total Cost": 353090.30,"Plan Rows": 475120,"Plan Width": 71,"Actual Startup Time": 10329.232,"Actual Total Time": 10377.856,"Actual Rows": 9,"Actual Loops": 1,"Group Key": ["customer.c_custkey", "orders.o_orderkey"],"Planned Partitions": 0,"HashAgg Batches": 1,"Peak Memory Usage": 24601,"Disk Usage": 0,"Plans": [{"Node Type": "Gather","Parent Relationship": "Outer","Parallel Aware": false,"Async Capable": false,"Startup Cost": 216528.94,"Total Cost": 343587.90,"Plan Rows": 475120,"Plan Width": 44,"Actual Startup Time": 10053.961,"Actual Total Time": 10357.615,"Actual Rows": 63,"Actual Loops": 1,"Workers Planned": 3,"Workers Launched": 3,"Single Copy": false,"Plans": [{"Node Type": "Hash Join","Parent Relationship": "Outer","Parallel Aware": true,"Async Capable": false,"Join Type": "Inner","Startup Cost": 215528.94,"Total Cost": 295075.90,"Plan Rows": 153265,"Plan Width": 44,"Actual Startup Time": 10157.696,"Actual Total Time": 10258.651,"Actual Rows": 16,"Actual Loops": 4,"Inner Unique": true,"Hash Cond": "(orders.o_custkey = customer.c_custkey)","Workers": [],"Plans": [{"Node Type": "Nested Loop","Parent Relationship": "Outer","Parallel Aware": false,"Async Capable": false,"Join Type": "Inner","Startup Cost": 210537.69,"Total Cost": 289682.32,"Plan Rows": 153265,"Plan Width": 25,"Actual Startup Time": 10123.332,"Actual Total Time": 10224.239,"Actual Rows": 16,"Actual Loops": 4,"Inner Unique": false,"Workers": [],"Plans": [{"Node Type": "Hash Join","Parent Relationship": "Outer","Parallel Aware": false,"Async Capable": false,"Join Type": "Inner","Startup Cost": 210537.26,"Total Cost": 242741.13,"Plan Rows": 38308,"Plan Width": 24,"Actual Startup Time": 10123.186,"Actual Total Time": 10223.998,"Actual Rows": 2,"Actual Loops": 4,"Inner Unique": true,"Hash Cond": "(orders.o_orderkey = lineitem_1.l_orderkey)","Workers": [],"Plans": [{"Node Type": "Seq Scan","Parent Relationship": "Outer","Parallel Aware": true,"Async Capable": false,"Relation Name": "orders","Alias": "orders","Startup Cost": 0.00,"Total Cost": 30933.71,"Plan Rows": 483871,"Plan Width": 20,"Actual Startup Time": 0.011,"Actual Total Time": 49.852,"Actual Rows": 375000,"Actual Loops": 4,"Workers": []},{"Node Type": "Hash","Parent Relationship": "Inner","Parallel Aware": false,"Async Capable": false,"Startup Cost": 209052.81,"Total Cost": 209052.81,"Plan Rows": 118756,"Plan Width": 4,"Actual Startup Time": 10005.666,"Actual Total Time": 10005.673,"Actual Rows": 9,"Actual Loops": 4,"Hash Buckets": 131072,"Original Hash Buckets": 131072,"Hash Batches": 1,"Original Hash Batches": 1,"Peak Memory Usage": 1025,"Workers": [],"Plans": [{"Node Type": "Aggregate","Strategy": "Hashed","Partial Mode": "Simple","Parent Relationship": "Outer","Parallel Aware": false,"Async Capable": false,"Startup Cost": 202521.23,"Total Cost": 207865.25,"Plan Rows": 118756,"Plan Width": 4,"Actual Startup Time": 6310.010,"Actual Total Time": 10005.543,"Actual Rows": 9,"Actual Loops": 4,"Group Key": ["lineitem_1.l_orderkey"],"Filter": "(sum(lineitem_1.l_quantity) > '313'::numeric)","Planned Partitions": 0,"HashAgg Batches": 1,"Peak Memory Usage": 638993,"Disk Usage": 0,"Rows Removed by Filter": 1499991,"Workers": [{"Worker Number": 0,"HashAgg Batches": 1,"Peak Memory Usage": 638993,"Disk Usage": 0},{"Worker Number": 1,"HashAgg Batches": 1,"Peak Memory Usage": 638993,"Disk Usage": 0},{"Worker Number": 2,"HashAgg Batches": 1,"Peak Memory Usage": 638993,"Disk Usage": 0}],"Plans": [{"Node Type": "Seq Scan","Parent Relationship": "Outer","Parallel Aware": false,"Async Capable": false,"Relation Name": "lineitem","Alias": "lineitem_1","Startup Cost": 0.00,"Total Cost": 172515.15,"Plan Rows": 6001215,"Plan Width": 9,"Actual Startup Time": 0.020,"Actual Total Time": 994.479,"Actual Rows": 6001215,"Actual Loops": 4,"Workers": []}]}]}]},{"Node Type": "Index Scan","Parent Relationship": "Inner","Parallel Aware": false,"Async Capable": false,"Scan Direction": "Forward","Index Name": "idx_lineitem_orderkey","Relation Name": "lineitem","Alias": "lineitem","Startup Cost": 0.43,"Total Cost": 1.06,"Plan Rows": 17,"Plan Width": 9,"Actual Startup Time": 0.068,"Actual Total Time": 0.075,"Actual Rows": 7,"Actual Loops": 9,"Index Cond": "(l_orderkey = orders.o_orderkey)","Rows Removed by Index Recheck": 0,"Workers": []}]},{"Node Type": "Hash","Parent Relationship": "Inner","Parallel Aware": true,"Async Capable": false,"Startup Cost": 4210.00,"Total Cost": 4210.00,"Plan Rows": 62500,"Plan Width": 23,"Actual Startup Time": 33.578,"Actual Total Time": 33.582,"Actual Rows": 37500,"Actual Loops": 4,"Hash Buckets": 262144,"Original Hash Buckets": 262144,"Hash Batches": 1,"Original Hash Batches": 1,"Peak Memory Usage": 10336,"Workers": [],"Plans": [{"Node Type": "Seq Scan","Parent Relationship": "Outer","Parallel Aware": true,"Async Capable": false,"Relation Name": "customer","Alias": "customer","Startup Cost": 0.00,"Total Cost": 4210.00,"Plan Rows": 62500,"Plan Width": 23,"Actual Startup Time": 0.023,"Actual Total Time": 16.777,"Actual Rows": 37500,"Actual Loops": 4,"Workers": []}]}]}]}]}]},"Planning Time": 6.662,"Triggers": [],"Execution Time": 10430.266}]
[{"Plan": {"Node Type": "Sort","Parallel Aware": false,"Async Capable": false,"Startup Cost": 397889.21,"Total Cost": 399077.01,"Plan Rows": 475120,"Plan Width": 71,"Actual Startup Time": 10345.847,"Actual Total Time": 10377.998,"Actual Rows": 9,"Actual Loops": 1,"Sort Key": ["orders.o_totalprice DESC", "orders.o_orderdate"],"Sort Method": "quicksort","Sort Space Used": 25,"Sort Space Type": "Memory","Plans": [{"Node Type": "Aggregate","Strategy": "Hashed","Partial Mode": "Simple","Parent Relationship": "Outer","Parallel Aware": false,"Async Capable": false,"Startup Cost": 347151.30,"Total Cost": 353090.30,"Plan Rows": 475120,"Plan Width": 71,"Actual Startup Time": 10329.232,"Actual Total Time": 10377.856,"Actual Rows": 9,"Actual Loops": 1,"Group Key": ["customer.c_custkey", "orders.o_orderkey"],"Planned Partitions": 0,"HashAgg Batches": 1,"Peak Memory Usage": 24601,"Disk Usage": 0,"Plans": [{"Node Type": "Gather","Parent Relationship": "Outer","Parallel Aware": false,"Async Capable": false,"Startup Cost": 216528.94,"Total Cost": 343587.90,"Plan Rows": 475120,"Plan Width": 44,"Actual Startup Time": 10053.961,"Actual Total Time": 10357.615,"Actual Rows": 63,"Actual Loops": 1,"Workers Planned": 3,"Workers Launched": 3,"Single Copy": false,"Plans": [{"Node Type": "Hash Join","Parent Relationship": "Outer","Parallel Aware": true,"Async Capable": false,"Join Type": "Inner","Startup Cost": 215528.94,"Total Cost": 295075.90,"Plan Rows": 153265,"Plan Width": 44,"Actual Startup Time": 10157.696,"Actual Total Time": 10258.651,"Actual Rows": 16,"Actual Loops": 4,"Inner Unique": true,"Hash Cond": "(orders.o_custkey = customer.c_custkey)","Workers": [],"Plans": [{"Node Type": "Nested Loop","Parent Relationship": "Outer","Parallel Aware": false,"Async Capable": false,"Join Type": "Inner","Startup Cost": 210537.69,"Total Cost": 289682.32,"Plan Rows": 153265,"Plan Width": 25,"Actual Startup Time": 10123.332,"Actual Total Time": 10224.239,"Actual Rows": 16,"Actual Loops": 4,"Inner Unique": false,"Workers": [],"Plans": [{"Node Type": "Hash Join","Parent Relationship": "Outer","Parallel Aware": false,"Async Capable": false,"Join Type": "Inner","Startup Cost": 210537.26,"Total Cost": 242741.13,"Plan Rows": 38308,"Plan Width": 24,"Actual Startup Time": 10123.186,"Actual Total Time": 10223.998,"Actual Rows": 2,"Actual Loops": 4,"Inner Unique": true,"Hash Cond": "(orders.o_orderkey = lineitem_1.l_orderkey)","Workers": [],"Plans": [{"Node Type": "Seq Scan","Parent Relationship": "Outer","Parallel Aware": true,"Async Capable": false,"Relation Name": "orders","Alias": "orders","Startup Cost": 0.00,"Total Cost": 30933.71,"Plan Rows": 483871,"Plan Width": 20,"Actual Startup Time": 0.011,"Actual Total Time": 49.852,"Actual Rows": 375000,"Actual Loops": 4,"Workers": []},{"Node Type": "Hash","Parent Relationship": "Inner","Parallel Aware": false,"Async Capable": false,"Startup Cost": 209052.81,"Total Cost": 209052.81,"Plan Rows": 118756,"Plan Width": 4,"Actual Startup Time": 10005.666,"Actual Total Time": 10005.673,"Actual Rows": 9,"Actual Loops": 4,"Hash Buckets": 131072,"Original Hash Buckets": 131072,"Hash Batches": 1,"Original Hash Batches": 1,"Peak Memory Usage": 1025,"Workers": [],"Plans": [{"Node Type": "Aggregate","Strategy": "Hashed","Partial Mode": "Simple","Parent Relationship": "Outer","Parallel Aware": false,"Async Capable": false,"Startup Cost": 202521.23,"Total Cost": 207865.25,"Plan Rows": 118756,"Plan Width": 4,"Actual Startup Time": 6310.010,"Actual Total Time": 10005.543,"Actual Rows": 9,"Actual Loops": 4,"Group Key": ["lineitem_1.l_orderkey"],"Filter": "(sum(lineitem_1.l_quantity) > '313'::numeric)","Planned Partitions": 0,"HashAgg Batches": 1,"Peak Memory Usage": 638993,"Disk Usage": 0,"Rows Removed by Filter": 1499991,"Workers": [{"Worker Number": 0,"HashAgg Batches": 1,"Peak Memory Usage": 638993,"Disk Usage": 0},{"Worker Number": 1,"HashAgg Batches": 1,"Peak Memory Usage": 638993,"Disk Usage": 0},{"Worker Number": 2,"HashAgg Batches": 1,"Peak Memory Usage": 638993,"Disk Usage": 0}],"Plans": [{"Node Type": "Seq Scan","Parent Relationship": "Outer","Parallel Aware": false,"Async Capable": false,"Relation Name": "lineitem","Alias": "lineitem_1","Startup Cost": 0.00,"Total Cost": 172515.15,"Plan Rows": 6001215,"Plan Width": 9,"Actual Startup Time": 0.020,"Actual Total Time": 994.479,"Actual Rows": 6001215,"Actual Loops": 4,"Workers": []}]}]}]},{"Node Type": "Index Scan","Parent Relationship": "Inner","Parallel Aware": false,"Async Capable": false,"Scan Direction": "Forward","Index Name": "idx_lineitem_orderkey","Relation Name": "lineitem","Alias": "lineitem","Startup Cost": 0.43,"Total Cost": 1.06,"Plan Rows": 17,"Plan Width": 9,"Actual Startup Time": 0.068,"Actual Total Time": 0.075,"Actual Rows": 7,"Actual Loops": 9,"Index Cond": "(l_orderkey = orders.o_orderkey)","Rows Removed by Index Recheck": 0,"Workers": []}]},{"Node Type": "Hash","Parent Relationship": "Inner","Parallel Aware": true,"Async Capable": false,"Startup Cost": 4210.00,"Total Cost": 4210.00,"Plan Rows": 62500,"Plan Width": 23,"Actual Startup Time": 33.578,"Actual Total Time": 33.582,"Actual Rows": 37500,"Actual Loops": 4,"Hash Buckets": 262144,"Original Hash Buckets": 262144,"Hash Batches": 1,"Original Hash Batches": 1,"Peak Memory Usage": 10336,"Workers": [],"Plans": [{"Node Type": "Seq Scan","Parent Relationship": "Outer","Parallel Aware": true,"Async Capable": false,"Relation Name": "customer","Alias": "customer","Startup Cost": 0.00,"Total Cost": 4210.00,"Plan Rows": 62500,"Plan Width": 23,"Actual Startup Time": 0.023,"Actual Total Time": 16.777,"Actual Rows": 37500,"Actual Loops": 4,"Workers": []}]}]}]}]}]},"Planning Time": 6.662,"Triggers": [],"Execution Time": 10430.266}]
[{"Plan": {"Node Type": "Sort","Parallel Aware": false,"Async Capable": false,"Startup Cost": 397889.21,"Total Cost": 399077.01,"Plan Rows": 475120,"Plan Width": 71,"Actual Startup Time": 10345.847,"Actual Total Time": 10377.998,"Actual Rows": 9,"Actual Loops": 1,"Sort Key": ["orders.o_totalprice DESC", "orders.o_orderdate"],"Sort Method": "quicksort","Sort Space Used": 25,"Sort Space Type": "Memory","Plans": [{"Node Type": "Aggregate","Strategy": "Hashed","Partial Mode": "Simple","Parent Relationship": "Outer","Parallel Aware": false,"Async Capable": false,"Startup Cost": 347151.30,"Total Cost": 353090.30,"Plan Rows": 475120,"Plan Width": 71,"Actual Startup Time": 10329.232,"Actual Total Time": 10377.856,"Actual Rows": 9,"Actual Loops": 1,"Group Key": ["customer.c_custkey", "orders.o_orderkey"],"Planned Partitions": 0,"HashAgg Batches": 1,"Peak Memory Usage": 24601,"Disk Usage": 0,"Plans": [{"Node Type": "Gather","Parent Relationship": "Outer","Parallel Aware": false,"Async Capable": false,"Startup Cost": 216528.94,"Total Cost": 343587.90,"Plan Rows": 475120,"Plan Width": 44,"Actual Startup Time": 10053.961,"Actual Total Time": 10357.615,"Actual Rows": 63,"Actual Loops": 1,"Workers Planned": 3,"Workers Launched": 3,"Single Copy": false,"Plans": [{"Node Type": "Hash Join","Parent Relationship": "Outer","Parallel Aware": true,"Async Capable": false,"Join Type": "Inner","Startup Cost": 215528.94,"Total Cost": 295075.90,"Plan Rows": 153265,"Plan Width": 44,"Actual Startup Time": 10157.696,"Actual Total Time": 10258.651,"Actual Rows": 16,"Actual Loops": 4,"Inner Unique": true,"Hash Cond": "(orders.o_custkey = customer.c_custkey)","Workers": [],"Plans": [{"Node Type": "Nested Loop","Parent Relationship": "Outer","Parallel Aware": false,"Async Capable": false,"Join Type": "Inner","Startup Cost": 210537.69,"Total Cost": 289682.32,"Plan Rows": 153265,"Plan Width": 25,"Actual Startup Time": 10123.332,"Actual Total Time": 10224.239,"Actual Rows": 16,"Actual Loops": 4,"Inner Unique": false,"Workers": [],"Plans": [{"Node Type": "Hash Join","Parent Relationship": "Outer","Parallel Aware": false,"Async Capable": false,"Join Type": "Inner","Startup Cost": 210537.26,"Total Cost": 242741.13,"Plan Rows": 38308,"Plan Width": 24,"Actual Startup Time": 10123.186,"Actual Total Time": 10223.998,"Actual Rows": 2,"Actual Loops": 4,"Inner Unique": true,"Hash Cond": "(orders.o_orderkey = lineitem_1.l_orderkey)","Workers": [],"Plans": [{"Node Type": "Seq Scan","Parent Relationship": "Outer","Parallel Aware": true,"Async Capable": false,"Relation Name": "orders","Alias": "orders","Startup Cost": 0.00,"Total Cost": 30933.71,"Plan Rows": 483871,"Plan Width": 20,"Actual Startup Time": 0.011,"Actual Total Time": 49.852,"Actual Rows": 375000,"Actual Loops": 4,"Workers": []},{"Node Type": "Hash","Parent Relationship": "Inner","Parallel Aware": false,"Async Capable": false,"Startup Cost": 209052.81,"Total Cost": 209052.81,"Plan Rows": 118756,"Plan Width": 4,"Actual Startup Time": 10005.666,"Actual Total Time": 10005.673,"Actual Rows": 9,"Actual Loops": 4,"Hash Buckets": 131072,"Original Hash Buckets": 131072,"Hash Batches": 1,"Original Hash Batches": 1,"Peak Memory Usage": 1025,"Workers": [],"Plans": [{"Node Type": "Aggregate","Strategy": "Hashed","Partial Mode": "Simple","Parent Relationship": "Outer","Parallel Aware": false,"Async Capable": false,"Startup Cost": 202521.23,"Total Cost": 207865.25,"Plan Rows": 118756,"Plan Width": 4,"Actual Startup Time": 6310.010,"Actual Total Time": 10005.543,"Actual Rows": 9,"Actual Loops": 4,"Group Key": ["lineitem_1.l_orderkey"],"Filter": "(sum(lineitem_1.l_quantity) > '313'::numeric)","Planned Partitions": 0,"HashAgg Batches": 1,"Peak Memory Usage": 638993,"Disk Usage": 0,"Rows Removed by Filter": 1499991,"Workers": [{"Worker Number": 0,"HashAgg Batches": 1,"Peak Memory Usage": 638993,"Disk Usage": 0},{"Worker Number": 1,"HashAgg Batches": 1,"Peak Memory Usage": 638993,"Disk Usage": 0},{"Worker Number": 2,"HashAgg Batches": 1,"Peak Memory Usage": 638993,"Disk Usage": 0}],"Plans": [{"Node Type": "Seq Scan","Parent Relationship": "Outer","Parallel Aware": false,"Async Capable": false,"Relation Name": "lineitem","Alias": "lineitem_1","Startup Cost": 0.00,"Total Cost": 172515.15,"Plan Rows": 6001215,"Plan Width": 9,"Actual Startup Time": 0.020,"Actual Total Time": 994.479,"Actual Rows": 6001215,"Actual Loops": 4,"Workers": []}]}]}]},{"Node Type": "Index Scan","Parent Relationship": "Inner","Parallel Aware": false,"Async Capable": false,"Scan Direction": "Forward","Index Name": "idx_lineitem_orderkey","Relation Name": "lineitem","Alias": "lineitem","Startup Cost": 0.43,"Total Cost": 1.06,"Plan Rows": 17,"Plan Width": 9,"Actual Startup Time": 0.068,"Actual Total Time": 0.075,"Actual Rows": 7,"Actual Loops": 9,"Index Cond": "(l_orderkey = orders.o_orderkey)","Rows Removed by Index Recheck": 0,"Workers": []}]},{"Node Type": "Hash","Parent Relationship": "Inner","Parallel Aware": true,"Async Capable": false,"Startup Cost": 4210.00,"Total Cost": 4210.00,"Plan Rows": 62500,"Plan Width": 23,"Actual Startup Time": 33.578,"Actual Total Time": 33.582,"Actual Rows": 37500,"Actual Loops": 4,"Hash Buckets": 262144,"Original Hash Buckets": 262144,"Hash Batches": 1,"Original Hash Batches": 1,"Peak Memory Usage": 10336,"Workers": [],"Plans": [{"Node Type": "Seq Scan","Parent Relationship": "Outer","Parallel Aware": true,"Async Capable": false,"Relation Name": "customer","Alias": "customer","Startup Cost": 0.00,"Total Cost": 4210.00,"Plan Rows": 62500,"Plan Width": 23,"Actual Startup Time": 0.023,"Actual Total Time": 16.777,"Actual Rows": 37500,"Actual Loops": 4,"Workers": []}]}]}]}]}]},"Planning Time": 6.662,"Triggers": [],"Execution Time": 10430.266}]
[{"Plan": {"Node Type": "Sort","Parallel Aware": false,"Async Capable": false,"Startup Cost": 397889.21,"Total Cost": 399077.01,"Plan Rows": 475120,"Plan Width": 71,"Actual Startup Time": 10887.509,"Actual Total Time": 10908.132,"Actual Rows": 10,"Actual Loops": 1,"Sort Key": ["orders.o_totalprice DESC", "orders.o_orderdate"],"Sort Method": "quicksort","Sort Space Used": 25,"Sort Space Type": "Memory","Plans": [{"Node Type": "Aggregate","Strategy": "Hashed","Partial Mode": "Simple","Parent Relationship": "Outer","Parallel Aware": false,"Async Capable": false,"Startup Cost": 347151.30,"Total Cost": 353090.30,"Plan Rows": 475120,"Plan Width": 71,"Actual Startup Time": 10848.812,"Actual Total Time": 10907.941,"Actual Rows": 10,"Actual Loops": 1,"Group Key": ["customer.c_custkey", "orders.o_orderkey"],"Planned Partitions": 0,"HashAgg Batches": 1,"Peak Memory Usage": 24601,"Disk Usage": 0,"Plans": [{"Node Type": "Gather","Parent Relationship": "Outer","Parallel Aware": false,"Async Capable": false,"Startup Cost": 216528.94,"Total Cost": 343587.90,"Plan Rows": 475120,"Plan Width": 44,"Actual Startup Time": 10782.037,"Actual Total Time": 10858.151,"Actual Rows": 70,"Actual Loops": 1,"Workers Planned": 3,"Workers Launched": 3,"Single Copy": false,"Plans": [{"Node Type": "Hash Join","Parent Relationship": "Outer","Parallel Aware": true,"Async Capable": false,"Join Type": "Inner","Startup Cost": 215528.94,"Total Cost": 295075.90,"Plan Rows": 153265,"Plan Width": 44,"Actual Startup Time": 10180.765,"Actual Total Time": 10348.312,"Actual Rows": 18,"Actual Loops": 4,"Inner Unique": true,"Hash Cond": "(orders.o_custkey = customer.c_custkey)","Workers": [],"Plans": [{"Node Type": "Nested Loop","Parent Relationship": "Outer","Parallel Aware": false,"Async Capable": false,"Join Type": "Inner","Startup Cost": 210537.69,"Total Cost": 289682.32,"Plan Rows": 153265,"Plan Width": 25,"Actual Startup Time": 10142.809,"Actual Total Time": 10310.270,"Actual Rows": 18,"Actual Loops": 4,"Inner Unique": false,"Workers": [],"Plans": [{"Node Type": "Hash Join","Parent Relationship": "Outer","Parallel Aware": false,"Async Capable": false,"Join Type": "Inner","Startup Cost": 210537.26,"Total Cost": 242741.13,"Plan Rows": 38308,"Plan Width": 24,"Actual Startup Time": 10142.670,"Actual Total Time": 10309.991,"Actual Rows": 2,"Actual Loops": 4,"Inner Unique": true,"Hash Cond": "(orders.o_orderkey = lineitem_1.l_orderkey)","Workers": [],"Plans": [{"Node Type": "Seq Scan","Parent Relationship": "Outer","Parallel Aware": true,"Async Capable": false,"Relation Name": "orders","Alias": "orders","Startup Cost": 0.00,"Total Cost": 30933.71,"Plan Rows": 483871,"Plan Width": 20,"Actual Startup Time": 0.009,"Actual Total Time": 49.040,"Actual Rows": 375000,"Actual Loops": 4,"Workers": []},{"Node Type": "Hash","Parent Relationship": "Inner","Parallel Aware": false,"Async Capable": false,"Startup Cost": 209052.81,"Total Cost": 209052.81,"Plan Rows": 118756,"Plan Width": 4,"Actual Startup Time": 10075.163,"Actual Total Time": 10075.176,"Actual Rows": 10,"Actual Loops": 4,"Hash Buckets": 131072,"Original Hash Buckets": 131072,"Hash Batches": 1,"Original Hash Batches": 1,"Peak Memory Usage": 1025,"Workers": [],"Plans": [{"Node Type": "Aggregate","Strategy": "Hashed","Partial Mode": "Simple","Parent Relationship": "Outer","Parallel Aware": false,"Async Capable": false,"Startup Cost": 202521.23,"Total Cost": 207865.25,"Plan Rows": 118756,"Plan Width": 4,"Actual Startup Time": 6293.151,"Actual Total Time": 10074.968,"Actual Rows": 10,"Actual Loops": 4,"Group Key": ["lineitem_1.l_orderkey"],"Filter": "(sum(lineitem_1.l_quantity) > '312'::numeric)","Planned Partitions": 0,"HashAgg Batches": 1,"Peak Memory Usage": 638993,"Disk Usage": 0,"Rows Removed by Filter": 1499990,"Workers": [{"Worker Number": 0,"HashAgg Batches": 1,"Peak Memory Usage": 638993,"Disk Usage": 0},{"Worker Number": 1,"HashAgg Batches": 1,"Peak Memory Usage": 638993,"Disk Usage": 0},{"Worker Number": 2,"HashAgg Batches": 1,"Peak Memory Usage": 638993,"Disk Usage": 0}],"Plans": [{"Node Type": "Seq Scan","Parent Relationship": "Outer","Parallel Aware": false,"Async Capable": false,"Relation Name": "lineitem","Alias": "lineitem_1","Startup Cost": 0.00,"Total Cost": 172515.15,"Plan Rows": 6001215,"Plan Width": 9,"Actual Startup Time": 0.021,"Actual Total Time": 960.546,"Actual Rows": 6001215,"Actual Loops": 4,"Workers": []}]}]}]},{"Node Type": "Index Scan","Parent Relationship": "Inner","Parallel Aware": false,"Async Capable": false,"Scan Direction": "Forward","Index Name": "idx_lineitem_orderkey","Relation Name": "lineitem","Alias": "lineitem","Startup Cost": 0.43,"Total Cost": 1.06,"Plan Rows": 17,"Plan Width": 9,"Actual Startup Time": 0.072,"Actual Total Time": 0.079,"Actual Rows": 7,"Actual Loops": 10,"Index Cond": "(l_orderkey = orders.o_orderkey)","Rows Removed by Index Recheck": 0,"Workers": []}]},{"Node Type": "Hash","Parent Relationship": "Inner","Parallel Aware": true,"Async Capable": false,"Startup Cost": 4210.00,"Total Cost": 4210.00,"Plan Rows": 62500,"Plan Width": 23,"Actual Startup Time": 37.105,"Actual Total Time": 37.114,"Actual Rows": 37500,"Actual Loops": 4,"Hash Buckets": 262144,"Original Hash Buckets": 262144,"Hash Batches": 1,"Original Hash Batches": 1,"Peak Memory Usage": 10368,"Workers": [],"Plans": [{"Node Type": "Seq Scan","Parent Relationship": "Outer","Parallel Aware": true,"Async Capable": false,"Relation Name": "customer","Alias": "customer","Startup Cost": 0.00,"Total Cost": 4210.00,"Plan Rows": 62500,"Plan Width": 23,"Actual Startup Time": 0.025,"Actual Total Time": 19.726,"Actual Rows": 37500,"Actual Loops": 4,"Workers": []}]}]}]}]}]},"Planning Time": 6.715,"Triggers": [],"Execution Time": 10961.817}]
[{"Plan": {"Node Type": "Sort","Parallel Aware": false,"Async Capable": false,"Startup Cost": 397889.21,"Total Cost": 399077.01,"Plan Rows": 475120,"Plan Width": 71,"Actual Startup Time": 10950.105,"Actual Total Time": 10953.954,"Actual Rows": 9,"Actual Loops": 1,"Sort Key": ["orders.o_totalprice DESC", "orders.o_orderdate"],"Sort Method": "quicksort","Sort Space Used": 25,"Sort Space Type": "Memory","Plans": [{"Node Type": "Aggregate","Strategy": "Hashed","Partial Mode": "Simple","Parent Relationship": "Outer","Parallel Aware": false,"Async Capable": false,"Startup Cost": 347151.30,"Total Cost": 353090.30,"Plan Rows": 475120,"Plan Width": 71,"Actual Startup Time": 10902.471,"Actual Total Time": 10953.715,"Actual Rows": 9,"Actual Loops": 1,"Group Key": ["customer.c_custkey", "orders.o_orderkey"],"Planned Partitions": 0,"HashAgg Batches": 1,"Peak Memory Usage": 24601,"Disk Usage": 0,"Plans": [{"Node Type": "Gather","Parent Relationship": "Outer","Parallel Aware": false,"Async Capable": false,"Startup Cost": 216528.94,"Total Cost": 343587.90,"Plan Rows": 475120,"Plan Width": 44,"Actual Startup Time": 10893.800,"Actual Total Time": 10897.693,"Actual Rows": 63,"Actual Loops": 1,"Workers Planned": 3,"Workers Launched": 3,"Single Copy": false,"Plans": [{"Node Type": "Hash Join","Parent Relationship": "Outer","Parallel Aware": true,"Async Capable": false,"Join Type": "Inner","Startup Cost": 215528.94,"Total Cost": 295075.90,"Plan Rows": 153265,"Plan Width": 44,"Actual Startup Time": 10134.253,"Actual Total Time": 10314.794,"Actual Rows": 16,"Actual Loops": 4,"Inner Unique": true,"Hash Cond": "(orders.o_custkey = customer.c_custkey)","Workers": [],"Plans": [{"Node Type": "Nested Loop","Parent Relationship": "Outer","Parallel Aware": false,"Async Capable": false,"Join Type": "Inner","Startup Cost": 210537.69,"Total Cost": 289682.32,"Plan Rows": 153265,"Plan Width": 25,"Actual Startup Time": 10099.687,"Actual Total Time": 10280.153,"Actual Rows": 16,"Actual Loops": 4,"Inner Unique": false,"Workers": [],"Plans": [{"Node Type": "Hash Join","Parent Relationship": "Outer","Parallel Aware": false,"Async Capable": false,"Join Type": "Inner","Startup Cost": 210537.26,"Total Cost": 242741.13,"Plan Rows": 38308,"Plan Width": 24,"Actual Startup Time": 10099.575,"Actual Total Time": 10279.892,"Actual Rows": 2,"Actual Loops": 4,"Inner Unique": true,"Hash Cond": "(orders.o_orderkey = lineitem_1.l_orderkey)","Workers": [],"Plans": [{"Node Type": "Seq Scan","Parent Relationship": "Outer","Parallel Aware": true,"Async Capable": false,"Relation Name": "orders","Alias": "orders","Startup Cost": 0.00,"Total Cost": 30933.71,"Plan Rows": 483871,"Plan Width": 20,"Actual Startup Time": 0.011,"Actual Total Time": 51.627,"Actual Rows": 375000,"Actual Loops": 4,"Workers": []},{"Node Type": "Hash","Parent Relationship": "Inner","Parallel Aware": false,"Async Capable": false,"Startup Cost": 209052.81,"Total Cost": 209052.81,"Plan Rows": 118756,"Plan Width": 4,"Actual Startup Time": 10016.825,"Actual Total Time": 10016.839,"Actual Rows": 9,"Actual Loops": 4,"Hash Buckets": 131072,"Original Hash Buckets": 131072,"Hash Batches": 1,"Original Hash Batches": 1,"Peak Memory Usage": 1025,"Workers": [],"Plans": [{"Node Type": "Aggregate","Strategy": "Hashed","Partial Mode": "Simple","Parent Relationship": "Outer","Parallel Aware": false,"Async Capable": false,"Startup Cost": 202521.23,"Total Cost": 207865.25,"Plan Rows": 118756,"Plan Width": 4,"Actual Startup Time": 6319.140,"Actual Total Time": 10016.671,"Actual Rows": 9,"Actual Loops": 4,"Group Key": ["lineitem_1.l_orderkey"],"Filter": "(sum(lineitem_1.l_quantity) > '315'::numeric)","Planned Partitions": 0,"HashAgg Batches": 1,"Peak Memory Usage": 638993,"Disk Usage": 0,"Rows Removed by Filter": 1499991,"Workers": [{"Worker Number": 0,"HashAgg Batches": 1,"Peak Memory Usage": 638993,"Disk Usage": 0},{"Worker Number": 1,"HashAgg Batches": 1,"Peak Memory Usage": 638993,"Disk Usage": 0},{"Worker Number": 2,"HashAgg Batches": 1,"Peak Memory Usage": 638993,"Disk Usage": 0}],"Plans": [{"Node Type": "Seq Scan","Parent Relationship": "Outer","Parallel Aware": false,"Async Capable": false,"Relation Name": "lineitem","Alias": "lineitem_1","Startup Cost": 0.00,"Total Cost": 172515.15,"Plan Rows": 6001215,"Plan Width": 9,"Actual Startup Time": 0.018,"Actual Total Time": 971.843,"Actual Rows": 6001215,"Actual Loops": 4,"Workers": []}]}]}]},{"Node Type": "Index Scan","Parent Relationship": "Inner","Parallel Aware": false,"Async Capable": false,"Scan Direction": "Forward","Index Name": "idx_lineitem_orderkey","Relation Name": "lineitem","Alias": "lineitem","Startup Cost": 0.43,"Total Cost": 1.06,"Plan Rows": 17,"Plan Width": 9,"Actual Startup Time": 0.069,"Actual Total Time": 0.079,"Actual Rows": 7,"Actual Loops": 9,"Index Cond": "(l_orderkey = orders.o_orderkey)","Rows Removed by Index Recheck": 0,"Workers": []}]},{"Node Type": "Hash","Parent Relationship": "Inner","Parallel Aware": true,"Async Capable": false,"Startup Cost": 4210.00,"Total Cost": 4210.00,"Plan Rows": 62500,"Plan Width": 23,"Actual Startup Time": 33.677,"Actual Total Time": 33.684,"Actual Rows": 37500,"Actual Loops": 4,"Hash Buckets": 262144,"Original Hash Buckets": 262144,"Hash Batches": 1,"Original Hash Batches": 1,"Peak Memory Usage": 10368,"Workers": [],"Plans": [{"Node Type": "Seq Scan","Parent Relationship": "Outer","Parallel Aware": true,"Async Capable": false,"Relation Name": "customer","Alias": "customer","Startup Cost": 0.00,"Total Cost": 4210.00,"Plan Rows": 62500,"Plan Width": 23,"Actual Startup Time": 0.019,"Actual Total Time": 16.715,"Actual Rows": 37500,"Actual Loops": 4,"Workers": []}]}]}]}]}]},"Planning Time": 6.132,"Triggers": [],"Execution Time": 11002.531}]
[{"Plan": {"Node Type": "Sort","Parallel Aware": false,"Async Capable": false,"Startup Cost": 397889.21,"Total Cost": 399077.01,"Plan Rows": 475120,"Plan Width": 71,"Actual Startup Time": 10785.011,"Actual Total Time": 10839.032,"Actual Rows": 9,"Actual Loops": 1,"Sort Key": ["orders.o_totalprice DESC", "orders.o_orderdate"],"Sort Method": "quicksort","Sort Space Used": 25,"Sort Space Type": "Memory","Plans": [{"Node Type": "Aggregate","Strategy": "Hashed","Partial Mode": "Simple","Parent Relationship": "Outer","Parallel Aware": false,"Async Capable": false,"Startup Cost": 347151.30,"Total Cost": 353090.30,"Plan Rows": 475120,"Plan Width": 71,"Actual Startup Time": 10763.855,"Actual Total Time": 10838.848,"Actual Rows": 9,"Actual Loops": 1,"Group Key": ["customer.c_custkey", "orders.o_orderkey"],"Planned Partitions": 0,"HashAgg Batches": 1,"Peak Memory Usage": 24601,"Disk Usage": 0,"Plans": [{"Node Type": "Gather","Parent Relationship": "Outer","Parallel Aware": false,"Async Capable": false,"Startup Cost": 216528.94,"Total Cost": 343587.90,"Plan Rows": 475120,"Plan Width": 44,"Actual Startup Time": 9674.071,"Actual Total Time": 10813.470,"Actual Rows": 63,"Actual Loops": 1,"Workers Planned": 3,"Workers Launched": 3,"Single Copy": false,"Plans": [{"Node Type": "Hash Join","Parent Relationship": "Outer","Parallel Aware": true,"Async Capable": false,"Join Type": "Inner","Startup Cost": 215528.94,"Total Cost": 295075.90,"Plan Rows": 153265,"Plan Width": 44,"Actual Startup Time": 10141.072,"Actual Total Time": 10312.965,"Actual Rows": 16,"Actual Loops": 4,"Inner Unique": true,"Hash Cond": "(orders.o_custkey = customer.c_custkey)","Workers": [],"Plans": [{"Node Type": "Nested Loop","Parent Relationship": "Outer","Parallel Aware": false,"Async Capable": false,"Join Type": "Inner","Startup Cost": 210537.69,"Total Cost": 289682.32,"Plan Rows": 153265,"Plan Width": 25,"Actual Startup Time": 10104.129,"Actual Total Time": 10275.947,"Actual Rows": 16,"Actual Loops": 4,"Inner Unique": false,"Workers": [],"Plans": [{"Node Type": "Hash Join","Parent Relationship": "Outer","Parallel Aware": false,"Async Capable": false,"Join Type": "Inner","Startup Cost": 210537.26,"Total Cost": 242741.13,"Plan Rows": 38308,"Plan Width": 24,"Actual Startup Time": 10104.052,"Actual Total Time": 10275.739,"Actual Rows": 2,"Actual Loops": 4,"Inner Unique": true,"Hash Cond": "(orders.o_orderkey = lineitem_1.l_orderkey)","Workers": [],"Plans": [{"Node Type": "Seq Scan","Parent Relationship": "Outer","Parallel Aware": true,"Async Capable": false,"Relation Name": "orders","Alias": "orders","Startup Cost": 0.00,"Total Cost": 30933.71,"Plan Rows": 483871,"Plan Width": 20,"Actual Startup Time": 0.007,"Actual Total Time": 53.689,"Actual Rows": 375000,"Actual Loops": 4,"Workers": []},{"Node Type": "Hash","Parent Relationship": "Inner","Parallel Aware": false,"Async Capable": false,"Startup Cost": 209052.81,"Total Cost": 209052.81,"Plan Rows": 118756,"Plan Width": 4,"Actual Startup Time": 10025.157,"Actual Total Time": 10025.166,"Actual Rows": 9,"Actual Loops": 4,"Hash Buckets": 131072,"Original Hash Buckets": 131072,"Hash Batches": 1,"Original Hash Batches": 1,"Peak Memory Usage": 1025,"Workers": [],"Plans": [{"Node Type": "Aggregate","Strategy": "Hashed","Partial Mode": "Simple","Parent Relationship": "Outer","Parallel Aware": false,"Async Capable": false,"Startup Cost": 202521.23,"Total Cost": 207865.25,"Plan Rows": 118756,"Plan Width": 4,"Actual Startup Time": 6285.839,"Actual Total Time": 10024.981,"Actual Rows": 9,"Actual Loops": 4,"Group Key": ["lineitem_1.l_orderkey"],"Filter": "(sum(lineitem_1.l_quantity) > '314'::numeric)","Planned Partitions": 0,"HashAgg Batches": 1,"Peak Memory Usage": 638993,"Disk Usage": 0,"Rows Removed by Filter": 1499991,"Workers": [{"Worker Number": 0,"HashAgg Batches": 1,"Peak Memory Usage": 638993,"Disk Usage": 0},{"Worker Number": 1,"HashAgg Batches": 1,"Peak Memory Usage": 638993,"Disk Usage": 0},{"Worker Number": 2,"HashAgg Batches": 1,"Peak Memory Usage": 638993,"Disk Usage": 0}],"Plans": [{"Node Type": "Seq Scan","Parent Relationship": "Outer","Parallel Aware": false,"Async Capable": false,"Relation Name": "lineitem","Alias": "lineitem_1","Startup Cost": 0.00,"Total Cost": 172515.15,"Plan Rows": 6001215,"Plan Width": 9,"Actual Startup Time": 0.019,"Actual Total Time": 931.752,"Actual Rows": 6001215,"Actual Loops": 4,"Workers": []}]}]}]},{"Node Type": "Index Scan","Parent Relationship": "Inner","Parallel Aware": false,"Async Capable": false,"Scan Direction": "Forward","Index Name": "idx_lineitem_orderkey","Relation Name": "lineitem","Alias": "lineitem","Startup Cost": 0.43,"Total Cost": 1.06,"Plan Rows": 17,"Plan Width": 9,"Actual Startup Time": 0.055,"Actual Total Time": 0.062,"Actual Rows": 7,"Actual Loops": 9,"Index Cond": "(l_orderkey = orders.o_orderkey)","Rows Removed by Index Recheck": 0,"Workers": []}]},{"Node Type": "Hash","Parent Relationship": "Inner","Parallel Aware": true,"Async Capable": false,"Startup Cost": 4210.00,"Total Cost": 4210.00,"Plan Rows": 62500,"Plan Width": 23,"Actual Startup Time": 36.172,"Actual Total Time": 36.190,"Actual Rows": 37500,"Actual Loops": 4,"Hash Buckets": 262144,"Original Hash Buckets": 262144,"Hash Batches": 1,"Original Hash Batches": 1,"Peak Memory Usage": 10336,"Workers": [],"Plans": [{"Node Type": "Seq Scan","Parent Relationship": "Outer","Parallel Aware": true,"Async Capable": false,"Relation Name": "customer","Alias": "customer","Startup Cost": 0.00,"Total Cost": 4210.00,"Plan Rows": 62500,"Plan Width": 23,"Actual Startup Time": 0.024,"Actual Total Time": 17.933,"Actual Rows": 37500,"Actual Loops": 4,"Workers": []}]}]}]}]}]},"Planning Time": 6.881,"Triggers": [],"Execution Time": 10893.482}]
[{"Plan": {"Node Type": "Sort","Parallel Aware": false,"Async Capable": false,"Startup Cost": 397889.21,"Total Cost": 399077.01,"Plan Rows": 475120,"Plan Width": 71,"Actual Startup Time": 10950.105,"Actual Total Time": 10953.954,"Actual Rows": 9,"Actual Loops": 1,"Sort Key": ["orders.o_totalprice DESC", "orders.o_orderdate"],"Sort Method": "quicksort","Sort Space Used": 25,"Sort Space Type": "Memory","Plans": [{"Node Type": "Aggregate","Strategy": "Hashed","Partial Mode": "Simple","Parent Relationship": "Outer","Parallel Aware": false,"Async Capable": false,"Startup Cost": 347151.30,"Total Cost": 353090.30,"Plan Rows": 475120,"Plan Width": 71,"Actual Startup Time": 10902.471,"Actual Total Time": 10953.715,"Actual Rows": 9,"Actual Loops": 1,"Group Key": ["customer.c_custkey", "orders.o_orderkey"],"Planned Partitions": 0,"HashAgg Batches": 1,"Peak Memory Usage": 24601,"Disk Usage": 0,"Plans": [{"Node Type": "Gather","Parent Relationship": "Outer","Parallel Aware": false,"Async Capable": false,"Startup Cost": 216528.94,"Total Cost": 343587.90,"Plan Rows": 475120,"Plan Width": 44,"Actual Startup Time": 10893.800,"Actual Total Time": 10897.693,"Actual Rows": 63,"Actual Loops": 1,"Workers Planned": 3,"Workers Launched": 3,"Single Copy": false,"Plans": [{"Node Type": "Hash Join","Parent Relationship": "Outer","Parallel Aware": true,"Async Capable": false,"Join Type": "Inner","Startup Cost": 215528.94,"Total Cost": 295075.90,"Plan Rows": 153265,"Plan Width": 44,"Actual Startup Time": 10134.253,"Actual Total Time": 10314.794,"Actual Rows": 16,"Actual Loops": 4,"Inner Unique": true,"Hash Cond": "(orders.o_custkey = customer.c_custkey)","Workers": [],"Plans": [{"Node Type": "Nested Loop","Parent Relationship": "Outer","Parallel Aware": false,"Async Capable": false,"Join Type": "Inner","Startup Cost": 210537.69,"Total Cost": 289682.32,"Plan Rows": 153265,"Plan Width": 25,"Actual Startup Time": 10099.687,"Actual Total Time": 10280.153,"Actual Rows": 16,"Actual Loops": 4,"Inner Unique": false,"Workers": [],"Plans": [{"Node Type": "Hash Join","Parent Relationship": "Outer","Parallel Aware": false,"Async Capable": false,"Join Type": "Inner","Startup Cost": 210537.26,"Total Cost": 242741.13,"Plan Rows": 38308,"Plan Width": 24,"Actual Startup Time": 10099.575,"Actual Total Time": 10279.892,"Actual Rows": 2,"Actual Loops": 4,"Inner Unique": true,"Hash Cond": "(orders.o_orderkey = lineitem_1.l_orderkey)","Workers": [],"Plans": [{"Node Type": "Seq Scan","Parent Relationship": "Outer","Parallel Aware": true,"Async Capable": false,"Relation Name": "orders","Alias": "orders","Startup Cost": 0.00,"Total Cost": 30933.71,"Plan Rows": 483871,"Plan Width": 20,"Actual Startup Time": 0.011,"Actual Total Time": 51.627,"Actual Rows": 375000,"Actual Loops": 4,"Workers": []},{"Node Type": "Hash","Parent Relationship": "Inner","Parallel Aware": false,"Async Capable": false,"Startup Cost": 209052.81,"Total Cost": 209052.81,"Plan Rows": 118756,"Plan Width": 4,"Actual Startup Time": 10016.825,"Actual Total Time": 10016.839,"Actual Rows": 9,"Actual Loops": 4,"Hash Buckets": 131072,"Original Hash Buckets": 131072,"Hash Batches": 1,"Original Hash Batches": 1,"Peak Memory Usage": 1025,"Workers": [],"Plans": [{"Node Type": "Aggregate","Strategy": "Hashed","Partial Mode": "Simple","Parent Relationship": "Outer","Parallel Aware": false,"Async Capable": false,"Startup Cost": 202521.23,"Total Cost": 207865.25,"Plan Rows": 118756,"Plan Width": 4,"Actual Startup Time": 6319.140,"Actual Total Time": 10016.671,"Actual Rows": 9,"Actual Loops": 4,"Group Key": ["lineitem_1.l_orderkey"],"Filter": "(sum(lineitem_1.l_quantity) > '315'::numeric)","Planned Partitions": 0,"HashAgg Batches": 1,"Peak Memory Usage": 638993,"Disk Usage": 0,"Rows Removed by Filter": 1499991,"Workers": [{"Worker Number": 0,"HashAgg Batches": 1,"Peak Memory Usage": 638993,"Disk Usage": 0},{"Worker Number": 1,"HashAgg Batches": 1,"Peak Memory Usage": 638993,"Disk Usage": 0},{"Worker Number": 2,"HashAgg Batches": 1,"Peak Memory Usage": 638993,"Disk Usage": 0}],"Plans": [{"Node Type": "Seq Scan","Parent Relationship": "Outer","Parallel Aware": false,"Async Capable": false,"Relation Name": "lineitem","Alias": "lineitem_1","Startup Cost": 0.00,"Total Cost": 172515.15,"Plan Rows": 6001215,"Plan Width": 9,"Actual Startup Time": 0.018,"Actual Total Time": 971.843,"Actual Rows": 6001215,"Actual Loops": 4,"Workers": []}]}]}]},{"Node Type": "Index Scan","Parent Relationship": "Inner","Parallel Aware": false,"Async Capable": false,"Scan Direction": "Forward","Index Name": "idx_lineitem_orderkey","Relation Name": "lineitem","Alias": "lineitem","Startup Cost": 0.43,"Total Cost": 1.06,"Plan Rows": 17,"Plan Width": 9,"Actual Startup Time": 0.069,"Actual Total Time": 0.079,"Actual Rows": 7,"Actual Loops": 9,"Index Cond": "(l_orderkey = orders.o_orderkey)","Rows Removed by Index Recheck": 0,"Workers": []}]},{"Node Type": "Hash","Parent Relationship": "Inner","Parallel Aware": true,"Async Capable": false,"Startup Cost": 4210.00,"Total Cost": 4210.00,"Plan Rows": 62500,"Plan Width": 23,"Actual Startup Time": 33.677,"Actual Total Time": 33.684,"Actual Rows": 37500,"Actual Loops": 4,"Hash Buckets": 262144,"Original Hash Buckets": 262144,"Hash Batches": 1,"Original Hash Batches": 1,"Peak Memory Usage": 10368,"Workers": [],"Plans": [{"Node Type": "Seq Scan","Parent Relationship": "Outer","Parallel Aware": true,"Async Capable": false,"Relation Name": "customer","Alias": "customer","Startup Cost": 0.00,"Total Cost": 4210.00,"Plan Rows": 62500,"Plan Width": 23,"Actual Startup Time": 0.019,"Actual Total Time": 16.715,"Actual Rows": 37500,"Actual Loops": 4,"Workers": []}]}]}]}]}]},"Planning Time": 6.132,"Triggers": [],"Execution Time": 11002.531}]
[{"Plan": {"Node Type": "Sort","Parallel Aware": false,"Async Capable": false,"Startup Cost": 397889.21,"Total Cost": 399077.01,"Plan Rows": 475120,"Plan Width": 71,"Actual Startup Time": 10345.847,"Actual Total Time": 10377.998,"Actual Rows": 9,"Actual Loops": 1,"Sort Key": ["orders.o_totalprice DESC", "orders.o_orderdate"],"Sort Method": "quicksort","Sort Space Used": 25,"Sort Space Type": "Memory","Plans": [{"Node Type": "Aggregate","Strategy": "Hashed","Partial Mode": "Simple","Parent Relationship": "Outer","Parallel Aware": false,"Async Capable": false,"Startup Cost": 347151.30,"Total Cost": 353090.30,"Plan Rows": 475120,"Plan Width": 71,"Actual Startup Time": 10329.232,"Actual Total Time": 10377.856,"Actual Rows": 9,"Actual Loops": 1,"Group Key": ["customer.c_custkey", "orders.o_orderkey"],"Planned Partitions": 0,"HashAgg Batches": 1,"Peak Memory Usage": 24601,"Disk Usage": 0,"Plans": [{"Node Type": "Gather","Parent Relationship": "Outer","Parallel Aware": false,"Async Capable": false,"Startup Cost": 216528.94,"Total Cost": 343587.90,"Plan Rows": 475120,"Plan Width": 44,"Actual Startup Time": 10053.961,"Actual Total Time": 10357.615,"Actual Rows": 63,"Actual Loops": 1,"Workers Planned": 3,"Workers Launched": 3,"Single Copy": false,"Plans": [{"Node Type": "Hash Join","Parent Relationship": "Outer","Parallel Aware": true,"Async Capable": false,"Join Type": "Inner","Startup Cost": 215528.94,"Total Cost": 295075.90,"Plan Rows": 153265,"Plan Width": 44,"Actual Startup Time": 10157.696,"Actual Total Time": 10258.651,"Actual Rows": 16,"Actual Loops": 4,"Inner Unique": true,"Hash Cond": "(orders.o_custkey = customer.c_custkey)","Workers": [],"Plans": [{"Node Type": "Nested Loop","Parent Relationship": "Outer","Parallel Aware": false,"Async Capable": false,"Join Type": "Inner","Startup Cost": 210537.69,"Total Cost": 289682.32,"Plan Rows": 153265,"Plan Width": 25,"Actual Startup Time": 10123.332,"Actual Total Time": 10224.239,"Actual Rows": 16,"Actual Loops": 4,"Inner Unique": false,"Workers": [],"Plans": [{"Node Type": "Hash Join","Parent Relationship": "Outer","Parallel Aware": false,"Async Capable": false,"Join Type": "Inner","Startup Cost": 210537.26,"Total Cost": 242741.13,"Plan Rows": 38308,"Plan Width": 24,"Actual Startup Time": 10123.186,"Actual Total Time": 10223.998,"Actual Rows": 2,"Actual Loops": 4,"Inner Unique": true,"Hash Cond": "(orders.o_orderkey = lineitem_1.l_orderkey)","Workers": [],"Plans": [{"Node Type": "Seq Scan","Parent Relationship": "Outer","Parallel Aware": true,"Async Capable": false,"Relation Name": "orders","Alias": "orders","Startup Cost": 0.00,"Total Cost": 30933.71,"Plan Rows": 483871,"Plan Width": 20,"Actual Startup Time": 0.011,"Actual Total Time": 49.852,"Actual Rows": 375000,"Actual Loops": 4,"Workers": []},{"Node Type": "Hash","Parent Relationship": "Inner","Parallel Aware": false,"Async Capable": false,"Startup Cost": 209052.81,"Total Cost": 209052.81,"Plan Rows": 118756,"Plan Width": 4,"Actual Startup Time": 10005.666,"Actual Total Time": 10005.673,"Actual Rows": 9,"Actual Loops": 4,"Hash Buckets": 131072,"Original Hash Buckets": 131072,"Hash Batches": 1,"Original Hash Batches": 1,"Peak Memory Usage": 1025,"Workers": [],"Plans": [{"Node Type": "Aggregate","Strategy": "Hashed","Partial Mode": "Simple","Parent Relationship": "Outer","Parallel Aware": false,"Async Capable": false,"Startup Cost": 202521.23,"Total Cost": 207865.25,"Plan Rows": 118756,"Plan Width": 4,"Actual Startup Time": 6310.010,"Actual Total Time": 10005.543,"Actual Rows": 9,"Actual Loops": 4,"Group Key": ["lineitem_1.l_orderkey"],"Filter": "(sum(lineitem_1.l_quantity) > '313'::numeric)","Planned Partitions": 0,"HashAgg Batches": 1,"Peak Memory Usage": 638993,"Disk Usage": 0,"Rows Removed by Filter": 1499991,"Workers": [{"Worker Number": 0,"HashAgg Batches": 1,"Peak Memory Usage": 638993,"Disk Usage": 0},{"Worker Number": 1,"HashAgg Batches": 1,"Peak Memory Usage": 638993,"Disk Usage": 0},{"Worker Number": 2,"HashAgg Batches": 1,"Peak Memory Usage": 638993,"Disk Usage": 0}],"Plans": [{"Node Type": "Seq Scan","Parent Relationship": "Outer","Parallel Aware": false,"Async Capable": false,"Relation Name": "lineitem","Alias": "lineitem_1","Startup Cost": 0.00,"Total Cost": 172515.15,"Plan Rows": 6001215,"Plan Width": 9,"Actual Startup Time": 0.020,"Actual Total Time": 994.479,"Actual Rows": 6001215,"Actual Loops": 4,"Workers": []}]}]}]},{"Node Type": "Index Scan","Parent Relationship": "Inner","Parallel Aware": false,"Async Capable": false,"Scan Direction": "Forward","Index Name": "idx_lineitem_orderkey","Relation Name": "lineitem","Alias": "lineitem","Startup Cost": 0.43,"Total Cost": 1.06,"Plan Rows": 17,"Plan Width": 9,"Actual Startup Time": 0.068,"Actual Total Time": 0.075,"Actual Rows": 7,"Actual Loops": 9,"Index Cond": "(l_orderkey = orders.o_orderkey)","Rows Removed by Index Recheck": 0,"Workers": []}]},{"Node Type": "Hash","Parent Relationship": "Inner","Parallel Aware": true,"Async Capable": false,"Startup Cost": 4210.00,"Total Cost": 4210.00,"Plan Rows": 62500,"Plan Width": 23,"Actual Startup Time": 33.578,"Actual Total Time": 33.582,"Actual Rows": 37500,"Actual Loops": 4,"Hash Buckets": 262144,"Original Hash Buckets": 262144,"Hash Batches": 1,"Original Hash Batches": 1,"Peak Memory Usage": 10336,"Workers": [],"Plans": [{"Node Type": "Seq Scan","Parent Relationship": "Outer","Parallel Aware": true,"Async Capable": false,"Relation Name": "customer","Alias": "customer","Startup Cost": 0.00,"Total Cost": 4210.00,"Plan Rows": 62500,"Plan Width": 23,"Actual Startup Time": 0.023,"Actual Total Time": 16.777,"Actual Rows": 37500,"Actual Loops": 4,"Workers": []}]}]}]}]}]},"Planning Time": 6.662,"Triggers": [],"Execution Time": 10430.266}]
[{"Plan": {"Node Type": "Sort","Parallel Aware": false,"Async Capable": false,"Startup Cost": 397889.21,"Total Cost": 399077.01,"Plan Rows": 475120,"Plan Width": 71,"Actual Startup Time": 10345.847,"Actual Total Time": 10377.998,"Actual Rows": 9,"Actual Loops": 1,"Sort Key": ["orders.o_totalprice DESC", "orders.o_orderdate"],"Sort Method": "quicksort","Sort Space Used": 25,"Sort Space Type": "Memory","Plans": [{"Node Type": "Aggregate","Strategy": "Hashed","Partial Mode": "Simple","Parent Relationship": "Outer","Parallel Aware": false,"Async Capable": false,"Startup Cost": 347151.30,"Total Cost": 353090.30,"Plan Rows": 475120,"Plan Width": 71,"Actual Startup Time": 10329.232,"Actual Total Time": 10377.856,"Actual Rows": 9,"Actual Loops": 1,"Group Key": ["customer.c_custkey", "orders.o_orderkey"],"Planned Partitions": 0,"HashAgg Batches": 1,"Peak Memory Usage": 24601,"Disk Usage": 0,"Plans": [{"Node Type": "Gather","Parent Relationship": "Outer","Parallel Aware": false,"Async Capable": false,"Startup Cost": 216528.94,"Total Cost": 343587.90,"Plan Rows": 475120,"Plan Width": 44,"Actual Startup Time": 10053.961,"Actual Total Time": 10357.615,"Actual Rows": 63,"Actual Loops": 1,"Workers Planned": 3,"Workers Launched": 3,"Single Copy": false,"Plans": [{"Node Type": "Hash Join","Parent Relationship": "Outer","Parallel Aware": true,"Async Capable": false,"Join Type": "Inner","Startup Cost": 215528.94,"Total Cost": 295075.90,"Plan Rows": 153265,"Plan Width": 44,"Actual Startup Time": 10157.696,"Actual Total Time": 10258.651,"Actual Rows": 16,"Actual Loops": 4,"Inner Unique": true,"Hash Cond": "(orders.o_custkey = customer.c_custkey)","Workers": [],"Plans": [{"Node Type": "Nested Loop","Parent Relationship": "Outer","Parallel Aware": false,"Async Capable": false,"Join Type": "Inner","Startup Cost": 210537.69,"Total Cost": 289682.32,"Plan Rows": 153265,"Plan Width": 25,"Actual Startup Time": 10123.332,"Actual Total Time": 10224.239,"Actual Rows": 16,"Actual Loops": 4,"Inner Unique": false,"Workers": [],"Plans": [{"Node Type": "Hash Join","Parent Relationship": "Outer","Parallel Aware": false,"Async Capable": false,"Join Type": "Inner","Startup Cost": 210537.26,"Total Cost": 242741.13,"Plan Rows": 38308,"Plan Width": 24,"Actual Startup Time": 10123.186,"Actual Total Time": 10223.998,"Actual Rows": 2,"Actual Loops": 4,"Inner Unique": true,"Hash Cond": "(orders.o_orderkey = lineitem_1.l_orderkey)","Workers": [],"Plans": [{"Node Type": "Seq Scan","Parent Relationship": "Outer","Parallel Aware": true,"Async Capable": false,"Relation Name": "orders","Alias": "orders","Startup Cost": 0.00,"Total Cost": 30933.71,"Plan Rows": 483871,"Plan Width": 20,"Actual Startup Time": 0.011,"Actual Total Time": 49.852,"Actual Rows": 375000,"Actual Loops": 4,"Workers": []},{"Node Type": "Hash","Parent Relationship": "Inner","Parallel Aware": false,"Async Capable": false,"Startup Cost": 209052.81,"Total Cost": 209052.81,"Plan Rows": 118756,"Plan Width": 4,"Actual Startup Time": 10005.666,"Actual Total Time": 10005.673,"Actual Rows": 9,"Actual Loops": 4,"Hash Buckets": 131072,"Original Hash Buckets": 131072,"Hash Batches": 1,"Original Hash Batches": 1,"Peak Memory Usage": 1025,"Workers": [],"Plans": [{"Node Type": "Aggregate","Strategy": "Hashed","Partial Mode": "Simple","Parent Relationship": "Outer","Parallel Aware": false,"Async Capable": false,"Startup Cost": 202521.23,"Total Cost": 207865.25,"Plan Rows": 118756,"Plan Width": 4,"Actual Startup Time": 6310.010,"Actual Total Time": 10005.543,"Actual Rows": 9,"Actual Loops": 4,"Group Key": ["lineitem_1.l_orderkey"],"Filter": "(sum(lineitem_1.l_quantity) > '313'::numeric)","Planned Partitions": 0,"HashAgg Batches": 1,"Peak Memory Usage": 638993,"Disk Usage": 0,"Rows Removed by Filter": 1499991,"Workers": [{"Worker Number": 0,"HashAgg Batches": 1,"Peak Memory Usage": 638993,"Disk Usage": 0},{"Worker Number": 1,"HashAgg Batches": 1,"Peak Memory Usage": 638993,"Disk Usage": 0},{"Worker Number": 2,"HashAgg Batches": 1,"Peak Memory Usage": 638993,"Disk Usage": 0}],"Plans": [{"Node Type": "Seq Scan","Parent Relationship": "Outer","Parallel Aware": false,"Async Capable": false,"Relation Name": "lineitem","Alias": "lineitem_1","Startup Cost": 0.00,"Total Cost": 172515.15,"Plan Rows": 6001215,"Plan Width": 9,"Actual Startup Time": 0.020,"Actual Total Time": 994.479,"Actual Rows": 6001215,"Actual Loops": 4,"Workers": []}]}]}]},{"Node Type": "Index Scan","Parent Relationship": "Inner","Parallel Aware": false,"Async Capable": false,"Scan Direction": "Forward","Index Name": "idx_lineitem_orderkey","Relation Name": "lineitem","Alias": "lineitem","Startup Cost": 0.43,"Total Cost": 1.06,"Plan Rows": 17,"Plan Width": 9,"Actual Startup Time": 0.068,"Actual Total Time": 0.075,"Actual Rows": 7,"Actual Loops": 9,"Index Cond": "(l_orderkey = orders.o_orderkey)","Rows Removed by Index Recheck": 0,"Workers": []}]},{"Node Type": "Hash","Parent Relationship": "Inner","Parallel Aware": true,"Async Capable": false,"Startup Cost": 4210.00,"Total Cost": 4210.00,"Plan Rows": 62500,"Plan Width": 23,"Actual Startup Time": 33.578,"Actual Total Time": 33.582,"Actual Rows": 37500,"Actual Loops": 4,"Hash Buckets": 262144,"Original Hash Buckets": 262144,"Hash Batches": 1,"Original Hash Batches": 1,"Peak Memory Usage": 10336,"Workers": [],"Plans": [{"Node Type": "Seq Scan","Parent Relationship": "Outer","Parallel Aware": true,"Async Capable": false,"Relation Name": "customer","Alias": "customer","Startup Cost": 0.00,"Total Cost": 4210.00,"Plan Rows": 62500,"Plan Width": 23,"Actual Startup Time": 0.023,"Actual Total Time": 16.777,"Actual Rows": 37500,"Actual Loops": 4,"Workers": []}]}]}]}]}]},"Planning Time": 6.662,"Triggers": [],"Execution Time": 10430.266}]
[{"Plan": {"Node Type": "Sort","Parallel Aware": false,"Async Capable": false,"Startup Cost": 397889.21,"Total Cost": 399077.01,"Plan Rows": 475120,"Plan Width": 71,"Actual Startup Time": 10950.105,"Actual Total Time": 10953.954,"Actual Rows": 9,"Actual Loops": 1,"Sort Key": ["orders.o_totalprice DESC", "orders.o_orderdate"],"Sort Method": "quicksort","Sort Space Used": 25,"Sort Space Type": "Memory","Plans": [{"Node Type": "Aggregate","Strategy": "Hashed","Partial Mode": "Simple","Parent Relationship": "Outer","Parallel Aware": false,"Async Capable": false,"Startup Cost": 347151.30,"Total Cost": 353090.30,"Plan Rows": 475120,"Plan Width": 71,"Actual Startup Time": 10902.471,"Actual Total Time": 10953.715,"Actual Rows": 9,"Actual Loops": 1,"Group Key": ["customer.c_custkey", "orders.o_orderkey"],"Planned Partitions": 0,"HashAgg Batches": 1,"Peak Memory Usage": 24601,"Disk Usage": 0,"Plans": [{"Node Type": "Gather","Parent Relationship": "Outer","Parallel Aware": false,"Async Capable": false,"Startup Cost": 216528.94,"Total Cost": 343587.90,"Plan Rows": 475120,"Plan Width": 44,"Actual Startup Time": 10893.800,"Actual Total Time": 10897.693,"Actual Rows": 63,"Actual Loops": 1,"Workers Planned": 3,"Workers Launched": 3,"Single Copy": false,"Plans": [{"Node Type": "Hash Join","Parent Relationship": "Outer","Parallel Aware": true,"Async Capable": false,"Join Type": "Inner","Startup Cost": 215528.94,"Total Cost": 295075.90,"Plan Rows": 153265,"Plan Width": 44,"Actual Startup Time": 10134.253,"Actual Total Time": 10314.794,"Actual Rows": 16,"Actual Loops": 4,"Inner Unique": true,"Hash Cond": "(orders.o_custkey = customer.c_custkey)","Workers": [],"Plans": [{"Node Type": "Nested Loop","Parent Relationship": "Outer","Parallel Aware": false,"Async Capable": false,"Join Type": "Inner","Startup Cost": 210537.69,"Total Cost": 289682.32,"Plan Rows": 153265,"Plan Width": 25,"Actual Startup Time": 10099.687,"Actual Total Time": 10280.153,"Actual Rows": 16,"Actual Loops": 4,"Inner Unique": false,"Workers": [],"Plans": [{"Node Type": "Hash Join","Parent Relationship": "Outer","Parallel Aware": false,"Async Capable": false,"Join Type": "Inner","Startup Cost": 210537.26,"Total Cost": 242741.13,"Plan Rows": 38308,"Plan Width": 24,"Actual Startup Time": 10099.575,"Actual Total Time": 10279.892,"Actual Rows": 2,"Actual Loops": 4,"Inner Unique": true,"Hash Cond": "(orders.o_orderkey = lineitem_1.l_orderkey)","Workers": [],"Plans": [{"Node Type": "Seq Scan","Parent Relationship": "Outer","Parallel Aware": true,"Async Capable": false,"Relation Name": "orders","Alias": "orders","Startup Cost": 0.00,"Total Cost": 30933.71,"Plan Rows": 483871,"Plan Width": 20,"Actual Startup Time": 0.011,"Actual Total Time": 51.627,"Actual Rows": 375000,"Actual Loops": 4,"Workers": []},{"Node Type": "Hash","Parent Relationship": "Inner","Parallel Aware": false,"Async Capable": false,"Startup Cost": 209052.81,"Total Cost": 209052.81,"Plan Rows": 118756,"Plan Width": 4,"Actual Startup Time": 10016.825,"Actual Total Time": 10016.839,"Actual Rows": 9,"Actual Loops": 4,"Hash Buckets": 131072,"Original Hash Buckets": 131072,"Hash Batches": 1,"Original Hash Batches": 1,"Peak Memory Usage": 1025,"Workers": [],"Plans": [{"Node Type": "Aggregate","Strategy": "Hashed","Partial Mode": "Simple","Parent Relationship": "Outer","Parallel Aware": false,"Async Capable": false,"Startup Cost": 202521.23,"Total Cost": 207865.25,"Plan Rows": 118756,"Plan Width": 4,"Actual Startup Time": 6319.140,"Actual Total Time": 10016.671,"Actual Rows": 9,"Actual Loops": 4,"Group Key": ["lineitem_1.l_orderkey"],"Filter": "(sum(lineitem_1.l_quantity) > '315'::numeric)","Planned Partitions": 0,"HashAgg Batches": 1,"Peak Memory Usage": 638993,"Disk Usage": 0,"Rows Removed by Filter": 1499991,"Workers": [{"Worker Number": 0,"HashAgg Batches": 1,"Peak Memory Usage": 638993,"Disk Usage": 0},{"Worker Number": 1,"HashAgg Batches": 1,"Peak Memory Usage": 638993,"Disk Usage": 0},{"Worker Number": 2,"HashAgg Batches": 1,"Peak Memory Usage": 638993,"Disk Usage": 0}],"Plans": [{"Node Type": "Seq Scan","Parent Relationship": "Outer","Parallel Aware": false,"Async Capable": false,"Relation Name": "lineitem","Alias": "lineitem_1","Startup Cost": 0.00,"Total Cost": 172515.15,"Plan Rows": 6001215,"Plan Width": 9,"Actual Startup Time": 0.018,"Actual Total Time": 971.843,"Actual Rows": 6001215,"Actual Loops": 4,"Workers": []}]}]}]},{"Node Type": "Index Scan","Parent Relationship": "Inner","Parallel Aware": false,"Async Capable": false,"Scan Direction": "Forward","Index Name": "idx_lineitem_orderkey","Relation Name": "lineitem","Alias": "lineitem","Startup Cost": 0.43,"Total Cost": 1.06,"Plan Rows": 17,"Plan Width": 9,"Actual Startup Time": 0.069,"Actual Total Time": 0.079,"Actual Rows": 7,"Actual Loops": 9,"Index Cond": "(l_orderkey = orders.o_orderkey)","Rows Removed by Index Recheck": 0,"Workers": []}]},{"Node Type": "Hash","Parent Relationship": "Inner","Parallel Aware": true,"Async Capable": false,"Startup Cost": 4210.00,"Total Cost": 4210.00,"Plan Rows": 62500,"Plan Width": 23,"Actual Startup Time": 33.677,"Actual Total Time": 33.684,"Actual Rows": 37500,"Actual Loops": 4,"Hash Buckets": 262144,"Original Hash Buckets": 262144,"Hash Batches": 1,"Original Hash Batches": 1,"Peak Memory Usage": 10368,"Workers": [],"Plans": [{"Node Type": "Seq Scan","Parent Relationship": "Outer","Parallel Aware": true,"Async Capable": false,"Relation Name": "customer","Alias": "customer","Startup Cost": 0.00,"Total Cost": 4210.00,"Plan Rows": 62500,"Plan Width": 23,"Actual Startup Time": 0.019,"Actual Total Time": 16.715,"Actual Rows": 37500,"Actual Loops": 4,"Workers": []}]}]}]}]}]},"Planning Time": 6.132,"Triggers": [],"Execution Time": 11002.531}]
[{"Plan": {"Node Type": "Sort","Parallel Aware": false,"Async Capable": false,"Startup Cost": 397889.21,"Total Cost": 399077.01,"Plan Rows": 475120,"Plan Width": 71,"Actual Startup Time": 10345.847,"Actual Total Time": 10377.998,"Actual Rows": 9,"Actual Loops": 1,"Sort Key": ["orders.o_totalprice DESC", "orders.o_orderdate"],"Sort Method": "quicksort","Sort Space Used": 25,"Sort Space Type": "Memory","Plans": [{"Node Type": "Aggregate","Strategy": "Hashed","Partial Mode": "Simple","Parent Relationship": "Outer","Parallel Aware": false,"Async Capable": false,"Startup Cost": 347151.30,"Total Cost": 353090.30,"Plan Rows": 475120,"Plan Width": 71,"Actual Startup Time": 10329.232,"Actual Total Time": 10377.856,"Actual Rows": 9,"Actual Loops": 1,"Group Key": ["customer.c_custkey", "orders.o_orderkey"],"Planned Partitions": 0,"HashAgg Batches": 1,"Peak Memory Usage": 24601,"Disk Usage": 0,"Plans": [{"Node Type": "Gather","Parent Relationship": "Outer","Parallel Aware": false,"Async Capable": false,"Startup Cost": 216528.94,"Total Cost": 343587.90,"Plan Rows": 475120,"Plan Width": 44,"Actual Startup Time": 10053.961,"Actual Total Time": 10357.615,"Actual Rows": 63,"Actual Loops": 1,"Workers Planned": 3,"Workers Launched": 3,"Single Copy": false,"Plans": [{"Node Type": "Hash Join","Parent Relationship": "Outer","Parallel Aware": true,"Async Capable": false,"Join Type": "Inner","Startup Cost": 215528.94,"Total Cost": 295075.90,"Plan Rows": 153265,"Plan Width": 44,"Actual Startup Time": 10157.696,"Actual Total Time": 10258.651,"Actual Rows": 16,"Actual Loops": 4,"Inner Unique": true,"Hash Cond": "(orders.o_custkey = customer.c_custkey)","Workers": [],"Plans": [{"Node Type": "Nested Loop","Parent Relationship": "Outer","Parallel Aware": false,"Async Capable": false,"Join Type": "Inner","Startup Cost": 210537.69,"Total Cost": 289682.32,"Plan Rows": 153265,"Plan Width": 25,"Actual Startup Time": 10123.332,"Actual Total Time": 10224.239,"Actual Rows": 16,"Actual Loops": 4,"Inner Unique": false,"Workers": [],"Plans": [{"Node Type": "Hash Join","Parent Relationship": "Outer","Parallel Aware": false,"Async Capable": false,"Join Type": "Inner","Startup Cost": 210537.26,"Total Cost": 242741.13,"Plan Rows": 38308,"Plan Width": 24,"Actual Startup Time": 10123.186,"Actual Total Time": 10223.998,"Actual Rows": 2,"Actual Loops": 4,"Inner Unique": true,"Hash Cond": "(orders.o_orderkey = lineitem_1.l_orderkey)","Workers": [],"Plans": [{"Node Type": "Seq Scan","Parent Relationship": "Outer","Parallel Aware": true,"Async Capable": false,"Relation Name": "orders","Alias": "orders","Startup Cost": 0.00,"Total Cost": 30933.71,"Plan Rows": 483871,"Plan Width": 20,"Actual Startup Time": 0.011,"Actual Total Time": 49.852,"Actual Rows": 375000,"Actual Loops": 4,"Workers": []},{"Node Type": "Hash","Parent Relationship": "Inner","Parallel Aware": false,"Async Capable": false,"Startup Cost": 209052.81,"Total Cost": 209052.81,"Plan Rows": 118756,"Plan Width": 4,"Actual Startup Time": 10005.666,"Actual Total Time": 10005.673,"Actual Rows": 9,"Actual Loops": 4,"Hash Buckets": 131072,"Original Hash Buckets": 131072,"Hash Batches": 1,"Original Hash Batches": 1,"Peak Memory Usage": 1025,"Workers": [],"Plans": [{"Node Type": "Aggregate","Strategy": "Hashed","Partial Mode": "Simple","Parent Relationship": "Outer","Parallel Aware": false,"Async Capable": false,"Startup Cost": 202521.23,"Total Cost": 207865.25,"Plan Rows": 118756,"Plan Width": 4,"Actual Startup Time": 6310.010,"Actual Total Time": 10005.543,"Actual Rows": 9,"Actual Loops": 4,"Group Key": ["lineitem_1.l_orderkey"],"Filter": "(sum(lineitem_1.l_quantity) > '313'::numeric)","Planned Partitions": 0,"HashAgg Batches": 1,"Peak Memory Usage": 638993,"Disk Usage": 0,"Rows Removed by Filter": 1499991,"Workers": [{"Worker Number": 0,"HashAgg Batches": 1,"Peak Memory Usage": 638993,"Disk Usage": 0},{"Worker Number": 1,"HashAgg Batches": 1,"Peak Memory Usage": 638993,"Disk Usage": 0},{"Worker Number": 2,"HashAgg Batches": 1,"Peak Memory Usage": 638993,"Disk Usage": 0}],"Plans": [{"Node Type": "Seq Scan","Parent Relationship": "Outer","Parallel Aware": false,"Async Capable": false,"Relation Name": "lineitem","Alias": "lineitem_1","Startup Cost": 0.00,"Total Cost": 172515.15,"Plan Rows": 6001215,"Plan Width": 9,"Actual Startup Time": 0.020,"Actual Total Time": 994.479,"Actual Rows": 6001215,"Actual Loops": 4,"Workers": []}]}]}]},{"Node Type": "Index Scan","Parent Relationship": "Inner","Parallel Aware": false,"Async Capable": false,"Scan Direction": "Forward","Index Name": "idx_lineitem_orderkey","Relation Name": "lineitem","Alias": "lineitem","Startup Cost": 0.43,"Total Cost": 1.06,"Plan Rows": 17,"Plan Width": 9,"Actual Startup Time": 0.068,"Actual Total Time": 0.075,"Actual Rows": 7,"Actual Loops": 9,"Index Cond": "(l_orderkey = orders.o_orderkey)","Rows Removed by Index Recheck": 0,"Workers": []}]},{"Node Type": "Hash","Parent Relationship": "Inner","Parallel Aware": true,"Async Capable": false,"Startup Cost": 4210.00,"Total Cost": 4210.00,"Plan Rows": 62500,"Plan Width": 23,"Actual Startup Time": 33.578,"Actual Total Time": 33.582,"Actual Rows": 37500,"Actual Loops": 4,"Hash Buckets": 262144,"Original Hash Buckets": 262144,"Hash Batches": 1,"Original Hash Batches": 1,"Peak Memory Usage": 10336,"Workers": [],"Plans": [{"Node Type": "Seq Scan","Parent Relationship": "Outer","Parallel Aware": true,"Async Capable": false,"Relation Name": "customer","Alias": "customer","Startup Cost": 0.00,"Total Cost": 4210.00,"Plan Rows": 62500,"Plan Width": 23,"Actual Startup Time": 0.023,"Actual Total Time": 16.777,"Actual Rows": 37500,"Actual Loops": 4,"Workers": []}]}]}]}]}]},"Planning Time": 6.662,"Triggers": [],"Execution Time": 10430.266}]
[{"Plan": {"Node Type": "Sort","Parallel Aware": false,"Async Capable": false,"Startup Cost": 397889.21,"Total Cost": 399077.01,"Plan Rows": 475120,"Plan Width": 71,"Actual Startup Time": 10785.011,"Actual Total Time": 10839.032,"Actual Rows": 9,"Actual Loops": 1,"Sort Key": ["orders.o_totalprice DESC", "orders.o_orderdate"],"Sort Method": "quicksort","Sort Space Used": 25,"Sort Space Type": "Memory","Plans": [{"Node Type": "Aggregate","Strategy": "Hashed","Partial Mode": "Simple","Parent Relationship": "Outer","Parallel Aware": false,"Async Capable": false,"Startup Cost": 347151.30,"Total Cost": 353090.30,"Plan Rows": 475120,"Plan Width": 71,"Actual Startup Time": 10763.855,"Actual Total Time": 10838.848,"Actual Rows": 9,"Actual Loops": 1,"Group Key": ["customer.c_custkey", "orders.o_orderkey"],"Planned Partitions": 0,"HashAgg Batches": 1,"Peak Memory Usage": 24601,"Disk Usage": 0,"Plans": [{"Node Type": "Gather","Parent Relationship": "Outer","Parallel Aware": false,"Async Capable": false,"Startup Cost": 216528.94,"Total Cost": 343587.90,"Plan Rows": 475120,"Plan Width": 44,"Actual Startup Time": 9674.071,"Actual Total Time": 10813.470,"Actual Rows": 63,"Actual Loops": 1,"Workers Planned": 3,"Workers Launched": 3,"Single Copy": false,"Plans": [{"Node Type": "Hash Join","Parent Relationship": "Outer","Parallel Aware": true,"Async Capable": false,"Join Type": "Inner","Startup Cost": 215528.94,"Total Cost": 295075.90,"Plan Rows": 153265,"Plan Width": 44,"Actual Startup Time": 10141.072,"Actual Total Time": 10312.965,"Actual Rows": 16,"Actual Loops": 4,"Inner Unique": true,"Hash Cond": "(orders.o_custkey = customer.c_custkey)","Workers": [],"Plans": [{"Node Type": "Nested Loop","Parent Relationship": "Outer","Parallel Aware": false,"Async Capable": false,"Join Type": "Inner","Startup Cost": 210537.69,"Total Cost": 289682.32,"Plan Rows": 153265,"Plan Width": 25,"Actual Startup Time": 10104.129,"Actual Total Time": 10275.947,"Actual Rows": 16,"Actual Loops": 4,"Inner Unique": false,"Workers": [],"Plans": [{"Node Type": "Hash Join","Parent Relationship": "Outer","Parallel Aware": false,"Async Capable": false,"Join Type": "Inner","Startup Cost": 210537.26,"Total Cost": 242741.13,"Plan Rows": 38308,"Plan Width": 24,"Actual Startup Time": 10104.052,"Actual Total Time": 10275.739,"Actual Rows": 2,"Actual Loops": 4,"Inner Unique": true,"Hash Cond": "(orders.o_orderkey = lineitem_1.l_orderkey)","Workers": [],"Plans": [{"Node Type": "Seq Scan","Parent Relationship": "Outer","Parallel Aware": true,"Async Capable": false,"Relation Name": "orders","Alias": "orders","Startup Cost": 0.00,"Total Cost": 30933.71,"Plan Rows": 483871,"Plan Width": 20,"Actual Startup Time": 0.007,"Actual Total Time": 53.689,"Actual Rows": 375000,"Actual Loops": 4,"Workers": []},{"Node Type": "Hash","Parent Relationship": "Inner","Parallel Aware": false,"Async Capable": false,"Startup Cost": 209052.81,"Total Cost": 209052.81,"Plan Rows": 118756,"Plan Width": 4,"Actual Startup Time": 10025.157,"Actual Total Time": 10025.166,"Actual Rows": 9,"Actual Loops": 4,"Hash Buckets": 131072,"Original Hash Buckets": 131072,"Hash Batches": 1,"Original Hash Batches": 1,"Peak Memory Usage": 1025,"Workers": [],"Plans": [{"Node Type": "Aggregate","Strategy": "Hashed","Partial Mode": "Simple","Parent Relationship": "Outer","Parallel Aware": false,"Async Capable": false,"Startup Cost": 202521.23,"Total Cost": 207865.25,"Plan Rows": 118756,"Plan Width": 4,"Actual Startup Time": 6285.839,"Actual Total Time": 10024.981,"Actual Rows": 9,"Actual Loops": 4,"Group Key": ["lineitem_1.l_orderkey"],"Filter": "(sum(lineitem_1.l_quantity) > '314'::numeric)","Planned Partitions": 0,"HashAgg Batches": 1,"Peak Memory Usage": 638993,"Disk Usage": 0,"Rows Removed by Filter": 1499991,"Workers": [{"Worker Number": 0,"HashAgg Batches": 1,"Peak Memory Usage": 638993,"Disk Usage": 0},{"Worker Number": 1,"HashAgg Batches": 1,"Peak Memory Usage": 638993,"Disk Usage": 0},{"Worker Number": 2,"HashAgg Batches": 1,"Peak Memory Usage": 638993,"Disk Usage": 0}],"Plans": [{"Node Type": "Seq Scan","Parent Relationship": "Outer","Parallel Aware": false,"Async Capable": false,"Relation Name": "lineitem","Alias": "lineitem_1","Startup Cost": 0.00,"Total Cost": 172515.15,"Plan Rows": 6001215,"Plan Width": 9,"Actual Startup Time": 0.019,"Actual Total Time": 931.752,"Actual Rows": 6001215,"Actual Loops": 4,"Workers": []}]}]}]},{"Node Type": "Index Scan","Parent Relationship": "Inner","Parallel Aware": false,"Async Capable": false,"Scan Direction": "Forward","Index Name": "idx_lineitem_orderkey","Relation Name": "lineitem","Alias": "lineitem","Startup Cost": 0.43,"Total Cost": 1.06,"Plan Rows": 17,"Plan Width": 9,"Actual Startup Time": 0.055,"Actual Total Time": 0.062,"Actual Rows": 7,"Actual Loops": 9,"Index Cond": "(l_orderkey = orders.o_orderkey)","Rows Removed by Index Recheck": 0,"Workers": []}]},{"Node Type": "Hash","Parent Relationship": "Inner","Parallel Aware": true,"Async Capable": false,"Startup Cost": 4210.00,"Total Cost": 4210.00,"Plan Rows": 62500,"Plan Width": 23,"Actual Startup Time": 36.172,"Actual Total Time": 36.190,"Actual Rows": 37500,"Actual Loops": 4,"Hash Buckets": 262144,"Original Hash Buckets": 262144,"Hash Batches": 1,"Original Hash Batches": 1,"Peak Memory Usage": 10336,"Workers": [],"Plans": [{"Node Type": "Seq Scan","Parent Relationship": "Outer","Parallel Aware": true,"Async Capable": false,"Relation Name": "customer","Alias": "customer","Startup Cost": 0.00,"Total Cost": 4210.00,"Plan Rows": 62500,"Plan Width": 23,"Actual Startup Time": 0.024,"Actual Total Time": 17.933,"Actual Rows": 37500,"Actual Loops": 4,"Workers": []}]}]}]}]}]},"Planning Time": 6.881,"Triggers": [],"Execution Time": 10893.482}]
[{"Plan": {"Node Type": "Sort","Parallel Aware": false,"Async Capable": false,"Startup Cost": 397889.21,"Total Cost": 399077.01,"Plan Rows": 475120,"Plan Width": 71,"Actual Startup Time": 10345.847,"Actual Total Time": 10377.998,"Actual Rows": 9,"Actual Loops": 1,"Sort Key": ["orders.o_totalprice DESC", "orders.o_orderdate"],"Sort Method": "quicksort","Sort Space Used": 25,"Sort Space Type": "Memory","Plans": [{"Node Type": "Aggregate","Strategy": "Hashed","Partial Mode": "Simple","Parent Relationship": "Outer","Parallel Aware": false,"Async Capable": false,"Startup Cost": 347151.30,"Total Cost": 353090.30,"Plan Rows": 475120,"Plan Width": 71,"Actual Startup Time": 10329.232,"Actual Total Time": 10377.856,"Actual Rows": 9,"Actual Loops": 1,"Group Key": ["customer.c_custkey", "orders.o_orderkey"],"Planned Partitions": 0,"HashAgg Batches": 1,"Peak Memory Usage": 24601,"Disk Usage": 0,"Plans": [{"Node Type": "Gather","Parent Relationship": "Outer","Parallel Aware": false,"Async Capable": false,"Startup Cost": 216528.94,"Total Cost": 343587.90,"Plan Rows": 475120,"Plan Width": 44,"Actual Startup Time": 10053.961,"Actual Total Time": 10357.615,"Actual Rows": 63,"Actual Loops": 1,"Workers Planned": 3,"Workers Launched": 3,"Single Copy": false,"Plans": [{"Node Type": "Hash Join","Parent Relationship": "Outer","Parallel Aware": true,"Async Capable": false,"Join Type": "Inner","Startup Cost": 215528.94,"Total Cost": 295075.90,"Plan Rows": 153265,"Plan Width": 44,"Actual Startup Time": 10157.696,"Actual Total Time": 10258.651,"Actual Rows": 16,"Actual Loops": 4,"Inner Unique": true,"Hash Cond": "(orders.o_custkey = customer.c_custkey)","Workers": [],"Plans": [{"Node Type": "Nested Loop","Parent Relationship": "Outer","Parallel Aware": false,"Async Capable": false,"Join Type": "Inner","Startup Cost": 210537.69,"Total Cost": 289682.32,"Plan Rows": 153265,"Plan Width": 25,"Actual Startup Time": 10123.332,"Actual Total Time": 10224.239,"Actual Rows": 16,"Actual Loops": 4,"Inner Unique": false,"Workers": [],"Plans": [{"Node Type": "Hash Join","Parent Relationship": "Outer","Parallel Aware": false,"Async Capable": false,"Join Type": "Inner","Startup Cost": 210537.26,"Total Cost": 242741.13,"Plan Rows": 38308,"Plan Width": 24,"Actual Startup Time": 10123.186,"Actual Total Time": 10223.998,"Actual Rows": 2,"Actual Loops": 4,"Inner Unique": true,"Hash Cond": "(orders.o_orderkey = lineitem_1.l_orderkey)","Workers": [],"Plans": [{"Node Type": "Seq Scan","Parent Relationship": "Outer","Parallel Aware": true,"Async Capable": false,"Relation Name": "orders","Alias": "orders","Startup Cost": 0.00,"Total Cost": 30933.71,"Plan Rows": 483871,"Plan Width": 20,"Actual Startup Time": 0.011,"Actual Total Time": 49.852,"Actual Rows": 375000,"Actual Loops": 4,"Workers": []},{"Node Type": "Hash","Parent Relationship": "Inner","Parallel Aware": false,"Async Capable": false,"Startup Cost": 209052.81,"Total Cost": 209052.81,"Plan Rows": 118756,"Plan Width": 4,"Actual Startup Time": 10005.666,"Actual Total Time": 10005.673,"Actual Rows": 9,"Actual Loops": 4,"Hash Buckets": 131072,"Original Hash Buckets": 131072,"Hash Batches": 1,"Original Hash Batches": 1,"Peak Memory Usage": 1025,"Workers": [],"Plans": [{"Node Type": "Aggregate","Strategy": "Hashed","Partial Mode": "Simple","Parent Relationship": "Outer","Parallel Aware": false,"Async Capable": false,"Startup Cost": 202521.23,"Total Cost": 207865.25,"Plan Rows": 118756,"Plan Width": 4,"Actual Startup Time": 6310.010,"Actual Total Time": 10005.543,"Actual Rows": 9,"Actual Loops": 4,"Group Key": ["lineitem_1.l_orderkey"],"Filter": "(sum(lineitem_1.l_quantity) > '313'::numeric)","Planned Partitions": 0,"HashAgg Batches": 1,"Peak Memory Usage": 638993,"Disk Usage": 0,"Rows Removed by Filter": 1499991,"Workers": [{"Worker Number": 0,"HashAgg Batches": 1,"Peak Memory Usage": 638993,"Disk Usage": 0},{"Worker Number": 1,"HashAgg Batches": 1,"Peak Memory Usage": 638993,"Disk Usage": 0},{"Worker Number": 2,"HashAgg Batches": 1,"Peak Memory Usage": 638993,"Disk Usage": 0}],"Plans": [{"Node Type": "Seq Scan","Parent Relationship": "Outer","Parallel Aware": false,"Async Capable": false,"Relation Name": "lineitem","Alias": "lineitem_1","Startup Cost": 0.00,"Total Cost": 172515.15,"Plan Rows": 6001215,"Plan Width": 9,"Actual Startup Time": 0.020,"Actual Total Time": 994.479,"Actual Rows": 6001215,"Actual Loops": 4,"Workers": []}]}]}]},{"Node Type": "Index Scan","Parent Relationship": "Inner","Parallel Aware": false,"Async Capable": false,"Scan Direction": "Forward","Index Name": "idx_lineitem_orderkey","Relation Name": "lineitem","Alias": "lineitem","Startup Cost": 0.43,"Total Cost": 1.06,"Plan Rows": 17,"Plan Width": 9,"Actual Startup Time": 0.068,"Actual Total Time": 0.075,"Actual Rows": 7,"Actual Loops": 9,"Index Cond": "(l_orderkey = orders.o_orderkey)","Rows Removed by Index Recheck": 0,"Workers": []}]},{"Node Type": "Hash","Parent Relationship": "Inner","Parallel Aware": true,"Async Capable": false,"Startup Cost": 4210.00,"Total Cost": 4210.00,"Plan Rows": 62500,"Plan Width": 23,"Actual Startup Time": 33.578,"Actual Total Time": 33.582,"Actual Rows": 37500,"Actual Loops": 4,"Hash Buckets": 262144,"Original Hash Buckets": 262144,"Hash Batches": 1,"Original Hash Batches": 1,"Peak Memory Usage": 10336,"Workers": [],"Plans": [{"Node Type": "Seq Scan","Parent Relationship": "Outer","Parallel Aware": true,"Async Capable": false,"Relation Name": "customer","Alias": "customer","Startup Cost": 0.00,"Total Cost": 4210.00,"Plan Rows": 62500,"Plan Width": 23,"Actual Startup Time": 0.023,"Actual Total Time": 16.777,"Actual Rows": 37500,"Actual Loops": 4,"Workers": []}]}]}]}]}]},"Planning Time": 6.662,"Triggers": [],"Execution Time": 10430.266}]
[{"Plan": {"Node Type": "Sort","Parallel Aware": false,"Async Capable": false,"Startup Cost": 397889.21,"Total Cost": 399077.01,"Plan Rows": 475120,"Plan Width": 71,"Actual Startup Time": 10785.011,"Actual Total Time": 10839.032,"Actual Rows": 9,"Actual Loops": 1,"Sort Key": ["orders.o_totalprice DESC", "orders.o_orderdate"],"Sort Method": "quicksort","Sort Space Used": 25,"Sort Space Type": "Memory","Plans": [{"Node Type": "Aggregate","Strategy": "Hashed","Partial Mode": "Simple","Parent Relationship": "Outer","Parallel Aware": false,"Async Capable": false,"Startup Cost": 347151.30,"Total Cost": 353090.30,"Plan Rows": 475120,"Plan Width": 71,"Actual Startup Time": 10763.855,"Actual Total Time": 10838.848,"Actual Rows": 9,"Actual Loops": 1,"Group Key": ["customer.c_custkey", "orders.o_orderkey"],"Planned Partitions": 0,"HashAgg Batches": 1,"Peak Memory Usage": 24601,"Disk Usage": 0,"Plans": [{"Node Type": "Gather","Parent Relationship": "Outer","Parallel Aware": false,"Async Capable": false,"Startup Cost": 216528.94,"Total Cost": 343587.90,"Plan Rows": 475120,"Plan Width": 44,"Actual Startup Time": 9674.071,"Actual Total Time": 10813.470,"Actual Rows": 63,"Actual Loops": 1,"Workers Planned": 3,"Workers Launched": 3,"Single Copy": false,"Plans": [{"Node Type": "Hash Join","Parent Relationship": "Outer","Parallel Aware": true,"Async Capable": false,"Join Type": "Inner","Startup Cost": 215528.94,"Total Cost": 295075.90,"Plan Rows": 153265,"Plan Width": 44,"Actual Startup Time": 10141.072,"Actual Total Time": 10312.965,"Actual Rows": 16,"Actual Loops": 4,"Inner Unique": true,"Hash Cond": "(orders.o_custkey = customer.c_custkey)","Workers": [],"Plans": [{"Node Type": "Nested Loop","Parent Relationship": "Outer","Parallel Aware": false,"Async Capable": false,"Join Type": "Inner","Startup Cost": 210537.69,"Total Cost": 289682.32,"Plan Rows": 153265,"Plan Width": 25,"Actual Startup Time": 10104.129,"Actual Total Time": 10275.947,"Actual Rows": 16,"Actual Loops": 4,"Inner Unique": false,"Workers": [],"Plans": [{"Node Type": "Hash Join","Parent Relationship": "Outer","Parallel Aware": false,"Async Capable": false,"Join Type": "Inner","Startup Cost": 210537.26,"Total Cost": 242741.13,"Plan Rows": 38308,"Plan Width": 24,"Actual Startup Time": 10104.052,"Actual Total Time": 10275.739,"Actual Rows": 2,"Actual Loops": 4,"Inner Unique": true,"Hash Cond": "(orders.o_orderkey = lineitem_1.l_orderkey)","Workers": [],"Plans": [{"Node Type": "Seq Scan","Parent Relationship": "Outer","Parallel Aware": true,"Async Capable": false,"Relation Name": "orders","Alias": "orders","Startup Cost": 0.00,"Total Cost": 30933.71,"Plan Rows": 483871,"Plan Width": 20,"Actual Startup Time": 0.007,"Actual Total Time": 53.689,"Actual Rows": 375000,"Actual Loops": 4,"Workers": []},{"Node Type": "Hash","Parent Relationship": "Inner","Parallel Aware": false,"Async Capable": false,"Startup Cost": 209052.81,"Total Cost": 209052.81,"Plan Rows": 118756,"Plan Width": 4,"Actual Startup Time": 10025.157,"Actual Total Time": 10025.166,"Actual Rows": 9,"Actual Loops": 4,"Hash Buckets": 131072,"Original Hash Buckets": 131072,"Hash Batches": 1,"Original Hash Batches": 1,"Peak Memory Usage": 1025,"Workers": [],"Plans": [{"Node Type": "Aggregate","Strategy": "Hashed","Partial Mode": "Simple","Parent Relationship": "Outer","Parallel Aware": false,"Async Capable": false,"Startup Cost": 202521.23,"Total Cost": 207865.25,"Plan Rows": 118756,"Plan Width": 4,"Actual Startup Time": 6285.839,"Actual Total Time": 10024.981,"Actual Rows": 9,"Actual Loops": 4,"Group Key": ["lineitem_1.l_orderkey"],"Filter": "(sum(lineitem_1.l_quantity) > '314'::numeric)","Planned Partitions": 0,"HashAgg Batches": 1,"Peak Memory Usage": 638993,"Disk Usage": 0,"Rows Removed by Filter": 1499991,"Workers": [{"Worker Number": 0,"HashAgg Batches": 1,"Peak Memory Usage": 638993,"Disk Usage": 0},{"Worker Number": 1,"HashAgg Batches": 1,"Peak Memory Usage": 638993,"Disk Usage": 0},{"Worker Number": 2,"HashAgg Batches": 1,"Peak Memory Usage": 638993,"Disk Usage": 0}],"Plans": [{"Node Type": "Seq Scan","Parent Relationship": "Outer","Parallel Aware": false,"Async Capable": false,"Relation Name": "lineitem","Alias": "lineitem_1","Startup Cost": 0.00,"Total Cost": 172515.15,"Plan Rows": 6001215,"Plan Width": 9,"Actual Startup Time": 0.019,"Actual Total Time": 931.752,"Actual Rows": 6001215,"Actual Loops": 4,"Workers": []}]}]}]},{"Node Type": "Index Scan","Parent Relationship": "Inner","Parallel Aware": false,"Async Capable": false,"Scan Direction": "Forward","Index Name": "idx_lineitem_orderkey","Relation Name": "lineitem","Alias": "lineitem","Startup Cost": 0.43,"Total Cost": 1.06,"Plan Rows": 17,"Plan Width": 9,"Actual Startup Time": 0.055,"Actual Total Time": 0.062,"Actual Rows": 7,"Actual Loops": 9,"Index Cond": "(l_orderkey = orders.o_orderkey)","Rows Removed by Index Recheck": 0,"Workers": []}]},{"Node Type": "Hash","Parent Relationship": "Inner","Parallel Aware": true,"Async Capable": false,"Startup Cost": 4210.00,"Total Cost": 4210.00,"Plan Rows": 62500,"Plan Width": 23,"Actual Startup Time": 36.172,"Actual Total Time": 36.190,"Actual Rows": 37500,"Actual Loops": 4,"Hash Buckets": 262144,"Original Hash Buckets": 262144,"Hash Batches": 1,"Original Hash Batches": 1,"Peak Memory Usage": 10336,"Workers": [],"Plans": [{"Node Type": "Seq Scan","Parent Relationship": "Outer","Parallel Aware": true,"Async Capable": false,"Relation Name": "customer","Alias": "customer","Startup Cost": 0.00,"Total Cost": 4210.00,"Plan Rows": 62500,"Plan Width": 23,"Actual Startup Time": 0.024,"Actual Total Time": 17.933,"Actual Rows": 37500,"Actual Loops": 4,"Workers": []}]}]}]}]}]},"Planning Time": 6.881,"Triggers": [],"Execution Time": 10893.482}]
[{"Plan": {"Node Type": "Sort","Parallel Aware": false,"Async Capable": false,"Startup Cost": 397889.21,"Total Cost": 399077.01,"Plan Rows": 475120,"Plan Width": 71,"Actual Startup Time": 10785.011,"Actual Total Time": 10839.032,"Actual Rows": 9,"Actual Loops": 1,"Sort Key": ["orders.o_totalprice DESC", "orders.o_orderdate"],"Sort Method": "quicksort","Sort Space Used": 25,"Sort Space Type": "Memory","Plans": [{"Node Type": "Aggregate","Strategy": "Hashed","Partial Mode": "Simple","Parent Relationship": "Outer","Parallel Aware": false,"Async Capable": false,"Startup Cost": 347151.30,"Total Cost": 353090.30,"Plan Rows": 475120,"Plan Width": 71,"Actual Startup Time": 10763.855,"Actual Total Time": 10838.848,"Actual Rows": 9,"Actual Loops": 1,"Group Key": ["customer.c_custkey", "orders.o_orderkey"],"Planned Partitions": 0,"HashAgg Batches": 1,"Peak Memory Usage": 24601,"Disk Usage": 0,"Plans": [{"Node Type": "Gather","Parent Relationship": "Outer","Parallel Aware": false,"Async Capable": false,"Startup Cost": 216528.94,"Total Cost": 343587.90,"Plan Rows": 475120,"Plan Width": 44,"Actual Startup Time": 9674.071,"Actual Total Time": 10813.470,"Actual Rows": 63,"Actual Loops": 1,"Workers Planned": 3,"Workers Launched": 3,"Single Copy": false,"Plans": [{"Node Type": "Hash Join","Parent Relationship": "Outer","Parallel Aware": true,"Async Capable": false,"Join Type": "Inner","Startup Cost": 215528.94,"Total Cost": 295075.90,"Plan Rows": 153265,"Plan Width": 44,"Actual Startup Time": 10141.072,"Actual Total Time": 10312.965,"Actual Rows": 16,"Actual Loops": 4,"Inner Unique": true,"Hash Cond": "(orders.o_custkey = customer.c_custkey)","Workers": [],"Plans": [{"Node Type": "Nested Loop","Parent Relationship": "Outer","Parallel Aware": false,"Async Capable": false,"Join Type": "Inner","Startup Cost": 210537.69,"Total Cost": 289682.32,"Plan Rows": 153265,"Plan Width": 25,"Actual Startup Time": 10104.129,"Actual Total Time": 10275.947,"Actual Rows": 16,"Actual Loops": 4,"Inner Unique": false,"Workers": [],"Plans": [{"Node Type": "Hash Join","Parent Relationship": "Outer","Parallel Aware": false,"Async Capable": false,"Join Type": "Inner","Startup Cost": 210537.26,"Total Cost": 242741.13,"Plan Rows": 38308,"Plan Width": 24,"Actual Startup Time": 10104.052,"Actual Total Time": 10275.739,"Actual Rows": 2,"Actual Loops": 4,"Inner Unique": true,"Hash Cond": "(orders.o_orderkey = lineitem_1.l_orderkey)","Workers": [],"Plans": [{"Node Type": "Seq Scan","Parent Relationship": "Outer","Parallel Aware": true,"Async Capable": false,"Relation Name": "orders","Alias": "orders","Startup Cost": 0.00,"Total Cost": 30933.71,"Plan Rows": 483871,"Plan Width": 20,"Actual Startup Time": 0.007,"Actual Total Time": 53.689,"Actual Rows": 375000,"Actual Loops": 4,"Workers": []},{"Node Type": "Hash","Parent Relationship": "Inner","Parallel Aware": false,"Async Capable": false,"Startup Cost": 209052.81,"Total Cost": 209052.81,"Plan Rows": 118756,"Plan Width": 4,"Actual Startup Time": 10025.157,"Actual Total Time": 10025.166,"Actual Rows": 9,"Actual Loops": 4,"Hash Buckets": 131072,"Original Hash Buckets": 131072,"Hash Batches": 1,"Original Hash Batches": 1,"Peak Memory Usage": 1025,"Workers": [],"Plans": [{"Node Type": "Aggregate","Strategy": "Hashed","Partial Mode": "Simple","Parent Relationship": "Outer","Parallel Aware": false,"Async Capable": false,"Startup Cost": 202521.23,"Total Cost": 207865.25,"Plan Rows": 118756,"Plan Width": 4,"Actual Startup Time": 6285.839,"Actual Total Time": 10024.981,"Actual Rows": 9,"Actual Loops": 4,"Group Key": ["lineitem_1.l_orderkey"],"Filter": "(sum(lineitem_1.l_quantity) > '314'::numeric)","Planned Partitions": 0,"HashAgg Batches": 1,"Peak Memory Usage": 638993,"Disk Usage": 0,"Rows Removed by Filter": 1499991,"Workers": [{"Worker Number": 0,"HashAgg Batches": 1,"Peak Memory Usage": 638993,"Disk Usage": 0},{"Worker Number": 1,"HashAgg Batches": 1,"Peak Memory Usage": 638993,"Disk Usage": 0},{"Worker Number": 2,"HashAgg Batches": 1,"Peak Memory Usage": 638993,"Disk Usage": 0}],"Plans": [{"Node Type": "Seq Scan","Parent Relationship": "Outer","Parallel Aware": false,"Async Capable": false,"Relation Name": "lineitem","Alias": "lineitem_1","Startup Cost": 0.00,"Total Cost": 172515.15,"Plan Rows": 6001215,"Plan Width": 9,"Actual Startup Time": 0.019,"Actual Total Time": 931.752,"Actual Rows": 6001215,"Actual Loops": 4,"Workers": []}]}]}]},{"Node Type": "Index Scan","Parent Relationship": "Inner","Parallel Aware": false,"Async Capable": false,"Scan Direction": "Forward","Index Name": "idx_lineitem_orderkey","Relation Name": "lineitem","Alias": "lineitem","Startup Cost": 0.43,"Total Cost": 1.06,"Plan Rows": 17,"Plan Width": 9,"Actual Startup Time": 0.055,"Actual Total Time": 0.062,"Actual Rows": 7,"Actual Loops": 9,"Index Cond": "(l_orderkey = orders.o_orderkey)","Rows Removed by Index Recheck": 0,"Workers": []}]},{"Node Type": "Hash","Parent Relationship": "Inner","Parallel Aware": true,"Async Capable": false,"Startup Cost": 4210.00,"Total Cost": 4210.00,"Plan Rows": 62500,"Plan Width": 23,"Actual Startup Time": 36.172,"Actual Total Time": 36.190,"Actual Rows": 37500,"Actual Loops": 4,"Hash Buckets": 262144,"Original Hash Buckets": 262144,"Hash Batches": 1,"Original Hash Batches": 1,"Peak Memory Usage": 10336,"Workers": [],"Plans": [{"Node Type": "Seq Scan","Parent Relationship": "Outer","Parallel Aware": true,"Async Capable": false,"Relation Name": "customer","Alias": "customer","Startup Cost": 0.00,"Total Cost": 4210.00,"Plan Rows": 62500,"Plan Width": 23,"Actual Startup Time": 0.024,"Actual Total Time": 17.933,"Actual Rows": 37500,"Actual Loops": 4,"Workers": []}]}]}]}]}]},"Planning Time": 6.881,"Triggers": [],"Execution Time": 10893.482}]
[{"Plan": {"Node Type": "Sort","Parallel Aware": false,"Async Capable": false,"Startup Cost": 397889.21,"Total Cost": 399077.01,"Plan Rows": 475120,"Plan Width": 71,"Actual Startup Time": 10887.509,"Actual Total Time": 10908.132,"Actual Rows": 10,"Actual Loops": 1,"Sort Key": ["orders.o_totalprice DESC", "orders.o_orderdate"],"Sort Method": "quicksort","Sort Space Used": 25,"Sort Space Type": "Memory","Plans": [{"Node Type": "Aggregate","Strategy": "Hashed","Partial Mode": "Simple","Parent Relationship": "Outer","Parallel Aware": false,"Async Capable": false,"Startup Cost": 347151.30,"Total Cost": 353090.30,"Plan Rows": 475120,"Plan Width": 71,"Actual Startup Time": 10848.812,"Actual Total Time": 10907.941,"Actual Rows": 10,"Actual Loops": 1,"Group Key": ["customer.c_custkey", "orders.o_orderkey"],"Planned Partitions": 0,"HashAgg Batches": 1,"Peak Memory Usage": 24601,"Disk Usage": 0,"Plans": [{"Node Type": "Gather","Parent Relationship": "Outer","Parallel Aware": false,"Async Capable": false,"Startup Cost": 216528.94,"Total Cost": 343587.90,"Plan Rows": 475120,"Plan Width": 44,"Actual Startup Time": 10782.037,"Actual Total Time": 10858.151,"Actual Rows": 70,"Actual Loops": 1,"Workers Planned": 3,"Workers Launched": 3,"Single Copy": false,"Plans": [{"Node Type": "Hash Join","Parent Relationship": "Outer","Parallel Aware": true,"Async Capable": false,"Join Type": "Inner","Startup Cost": 215528.94,"Total Cost": 295075.90,"Plan Rows": 153265,"Plan Width": 44,"Actual Startup Time": 10180.765,"Actual Total Time": 10348.312,"Actual Rows": 18,"Actual Loops": 4,"Inner Unique": true,"Hash Cond": "(orders.o_custkey = customer.c_custkey)","Workers": [],"Plans": [{"Node Type": "Nested Loop","Parent Relationship": "Outer","Parallel Aware": false,"Async Capable": false,"Join Type": "Inner","Startup Cost": 210537.69,"Total Cost": 289682.32,"Plan Rows": 153265,"Plan Width": 25,"Actual Startup Time": 10142.809,"Actual Total Time": 10310.270,"Actual Rows": 18,"Actual Loops": 4,"Inner Unique": false,"Workers": [],"Plans": [{"Node Type": "Hash Join","Parent Relationship": "Outer","Parallel Aware": false,"Async Capable": false,"Join Type": "Inner","Startup Cost": 210537.26,"Total Cost": 242741.13,"Plan Rows": 38308,"Plan Width": 24,"Actual Startup Time": 10142.670,"Actual Total Time": 10309.991,"Actual Rows": 2,"Actual Loops": 4,"Inner Unique": true,"Hash Cond": "(orders.o_orderkey = lineitem_1.l_orderkey)","Workers": [],"Plans": [{"Node Type": "Seq Scan","Parent Relationship": "Outer","Parallel Aware": true,"Async Capable": false,"Relation Name": "orders","Alias": "orders","Startup Cost": 0.00,"Total Cost": 30933.71,"Plan Rows": 483871,"Plan Width": 20,"Actual Startup Time": 0.009,"Actual Total Time": 49.040,"Actual Rows": 375000,"Actual Loops": 4,"Workers": []},{"Node Type": "Hash","Parent Relationship": "Inner","Parallel Aware": false,"Async Capable": false,"Startup Cost": 209052.81,"Total Cost": 209052.81,"Plan Rows": 118756,"Plan Width": 4,"Actual Startup Time": 10075.163,"Actual Total Time": 10075.176,"Actual Rows": 10,"Actual Loops": 4,"Hash Buckets": 131072,"Original Hash Buckets": 131072,"Hash Batches": 1,"Original Hash Batches": 1,"Peak Memory Usage": 1025,"Workers": [],"Plans": [{"Node Type": "Aggregate","Strategy": "Hashed","Partial Mode": "Simple","Parent Relationship": "Outer","Parallel Aware": false,"Async Capable": false,"Startup Cost": 202521.23,"Total Cost": 207865.25,"Plan Rows": 118756,"Plan Width": 4,"Actual Startup Time": 6293.151,"Actual Total Time": 10074.968,"Actual Rows": 10,"Actual Loops": 4,"Group Key": ["lineitem_1.l_orderkey"],"Filter": "(sum(lineitem_1.l_quantity) > '312'::numeric)","Planned Partitions": 0,"HashAgg Batches": 1,"Peak Memory Usage": 638993,"Disk Usage": 0,"Rows Removed by Filter": 1499990,"Workers": [{"Worker Number": 0,"HashAgg Batches": 1,"Peak Memory Usage": 638993,"Disk Usage": 0},{"Worker Number": 1,"HashAgg Batches": 1,"Peak Memory Usage": 638993,"Disk Usage": 0},{"Worker Number": 2,"HashAgg Batches": 1,"Peak Memory Usage": 638993,"Disk Usage": 0}],"Plans": [{"Node Type": "Seq Scan","Parent Relationship": "Outer","Parallel Aware": false,"Async Capable": false,"Relation Name": "lineitem","Alias": "lineitem_1","Startup Cost": 0.00,"Total Cost": 172515.15,"Plan Rows": 6001215,"Plan Width": 9,"Actual Startup Time": 0.021,"Actual Total Time": 960.546,"Actual Rows": 6001215,"Actual Loops": 4,"Workers": []}]}]}]},{"Node Type": "Index Scan","Parent Relationship": "Inner","Parallel Aware": false,"Async Capable": false,"Scan Direction": "Forward","Index Name": "idx_lineitem_orderkey","Relation Name": "lineitem","Alias": "lineitem","Startup Cost": 0.43,"Total Cost": 1.06,"Plan Rows": 17,"Plan Width": 9,"Actual Startup Time": 0.072,"Actual Total Time": 0.079,"Actual Rows": 7,"Actual Loops": 10,"Index Cond": "(l_orderkey = orders.o_orderkey)","Rows Removed by Index Recheck": 0,"Workers": []}]},{"Node Type": "Hash","Parent Relationship": "Inner","Parallel Aware": true,"Async Capable": false,"Startup Cost": 4210.00,"Total Cost": 4210.00,"Plan Rows": 62500,"Plan Width": 23,"Actual Startup Time": 37.105,"Actual Total Time": 37.114,"Actual Rows": 37500,"Actual Loops": 4,"Hash Buckets": 262144,"Original Hash Buckets": 262144,"Hash Batches": 1,"Original Hash Batches": 1,"Peak Memory Usage": 10368,"Workers": [],"Plans": [{"Node Type": "Seq Scan","Parent Relationship": "Outer","Parallel Aware": true,"Async Capable": false,"Relation Name": "customer","Alias": "customer","Startup Cost": 0.00,"Total Cost": 4210.00,"Plan Rows": 62500,"Plan Width": 23,"Actual Startup Time": 0.025,"Actual Total Time": 19.726,"Actual Rows": 37500,"Actual Loops": 4,"Workers": []}]}]}]}]}]},"Planning Time": 6.715,"Triggers": [],"Execution Time": 10961.817}]
[{"Plan": {"Node Type": "Sort","Parallel Aware": false,"Async Capable": false,"Startup Cost": 397889.21,"Total Cost": 399077.01,"Plan Rows": 475120,"Plan Width": 71,"Actual Startup Time": 10950.105,"Actual Total Time": 10953.954,"Actual Rows": 9,"Actual Loops": 1,"Sort Key": ["orders.o_totalprice DESC", "orders.o_orderdate"],"Sort Method": "quicksort","Sort Space Used": 25,"Sort Space Type": "Memory","Plans": [{"Node Type": "Aggregate","Strategy": "Hashed","Partial Mode": "Simple","Parent Relationship": "Outer","Parallel Aware": false,"Async Capable": false,"Startup Cost": 347151.30,"Total Cost": 353090.30,"Plan Rows": 475120,"Plan Width": 71,"Actual Startup Time": 10902.471,"Actual Total Time": 10953.715,"Actual Rows": 9,"Actual Loops": 1,"Group Key": ["customer.c_custkey", "orders.o_orderkey"],"Planned Partitions": 0,"HashAgg Batches": 1,"Peak Memory Usage": 24601,"Disk Usage": 0,"Plans": [{"Node Type": "Gather","Parent Relationship": "Outer","Parallel Aware": false,"Async Capable": false,"Startup Cost": 216528.94,"Total Cost": 343587.90,"Plan Rows": 475120,"Plan Width": 44,"Actual Startup Time": 10893.800,"Actual Total Time": 10897.693,"Actual Rows": 63,"Actual Loops": 1,"Workers Planned": 3,"Workers Launched": 3,"Single Copy": false,"Plans": [{"Node Type": "Hash Join","Parent Relationship": "Outer","Parallel Aware": true,"Async Capable": false,"Join Type": "Inner","Startup Cost": 215528.94,"Total Cost": 295075.90,"Plan Rows": 153265,"Plan Width": 44,"Actual Startup Time": 10134.253,"Actual Total Time": 10314.794,"Actual Rows": 16,"Actual Loops": 4,"Inner Unique": true,"Hash Cond": "(orders.o_custkey = customer.c_custkey)","Workers": [],"Plans": [{"Node Type": "Nested Loop","Parent Relationship": "Outer","Parallel Aware": false,"Async Capable": false,"Join Type": "Inner","Startup Cost": 210537.69,"Total Cost": 289682.32,"Plan Rows": 153265,"Plan Width": 25,"Actual Startup Time": 10099.687,"Actual Total Time": 10280.153,"Actual Rows": 16,"Actual Loops": 4,"Inner Unique": false,"Workers": [],"Plans": [{"Node Type": "Hash Join","Parent Relationship": "Outer","Parallel Aware": false,"Async Capable": false,"Join Type": "Inner","Startup Cost": 210537.26,"Total Cost": 242741.13,"Plan Rows": 38308,"Plan Width": 24,"Actual Startup Time": 10099.575,"Actual Total Time": 10279.892,"Actual Rows": 2,"Actual Loops": 4,"Inner Unique": true,"Hash Cond": "(orders.o_orderkey = lineitem_1.l_orderkey)","Workers": [],"Plans": [{"Node Type": "Seq Scan","Parent Relationship": "Outer","Parallel Aware": true,"Async Capable": false,"Relation Name": "orders","Alias": "orders","Startup Cost": 0.00,"Total Cost": 30933.71,"Plan Rows": 483871,"Plan Width": 20,"Actual Startup Time": 0.011,"Actual Total Time": 51.627,"Actual Rows": 375000,"Actual Loops": 4,"Workers": []},{"Node Type": "Hash","Parent Relationship": "Inner","Parallel Aware": false,"Async Capable": false,"Startup Cost": 209052.81,"Total Cost": 209052.81,"Plan Rows": 118756,"Plan Width": 4,"Actual Startup Time": 10016.825,"Actual Total Time": 10016.839,"Actual Rows": 9,"Actual Loops": 4,"Hash Buckets": 131072,"Original Hash Buckets": 131072,"Hash Batches": 1,"Original Hash Batches": 1,"Peak Memory Usage": 1025,"Workers": [],"Plans": [{"Node Type": "Aggregate","Strategy": "Hashed","Partial Mode": "Simple","Parent Relationship": "Outer","Parallel Aware": false,"Async Capable": false,"Startup Cost": 202521.23,"Total Cost": 207865.25,"Plan Rows": 118756,"Plan Width": 4,"Actual Startup Time": 6319.140,"Actual Total Time": 10016.671,"Actual Rows": 9,"Actual Loops": 4,"Group Key": ["lineitem_1.l_orderkey"],"Filter": "(sum(lineitem_1.l_quantity) > '315'::numeric)","Planned Partitions": 0,"HashAgg Batches": 1,"Peak Memory Usage": 638993,"Disk Usage": 0,"Rows Removed by Filter": 1499991,"Workers": [{"Worker Number": 0,"HashAgg Batches": 1,"Peak Memory Usage": 638993,"Disk Usage": 0},{"Worker Number": 1,"HashAgg Batches": 1,"Peak Memory Usage": 638993,"Disk Usage": 0},{"Worker Number": 2,"HashAgg Batches": 1,"Peak Memory Usage": 638993,"Disk Usage": 0}],"Plans": [{"Node Type": "Seq Scan","Parent Relationship": "Outer","Parallel Aware": false,"Async Capable": false,"Relation Name": "lineitem","Alias": "lineitem_1","Startup Cost": 0.00,"Total Cost": 172515.15,"Plan Rows": 6001215,"Plan Width": 9,"Actual Startup Time": 0.018,"Actual Total Time": 971.843,"Actual Rows": 6001215,"Actual Loops": 4,"Workers": []}]}]}]},{"Node Type": "Index Scan","Parent Relationship": "Inner","Parallel Aware": false,"Async Capable": false,"Scan Direction": "Forward","Index Name": "idx_lineitem_orderkey","Relation Name": "lineitem","Alias": "lineitem","Startup Cost": 0.43,"Total Cost": 1.06,"Plan Rows": 17,"Plan Width": 9,"Actual Startup Time": 0.069,"Actual Total Time": 0.079,"Actual Rows": 7,"Actual Loops": 9,"Index Cond": "(l_orderkey = orders.o_orderkey)","Rows Removed by Index Recheck": 0,"Workers": []}]},{"Node Type": "Hash","Parent Relationship": "Inner","Parallel Aware": true,"Async Capable": false,"Startup Cost": 4210.00,"Total Cost": 4210.00,"Plan Rows": 62500,"Plan Width": 23,"Actual Startup Time": 33.677,"Actual Total Time": 33.684,"Actual Rows": 37500,"Actual Loops": 4,"Hash Buckets": 262144,"Original Hash Buckets": 262144,"Hash Batches": 1,"Original Hash Batches": 1,"Peak Memory Usage": 10368,"Workers": [],"Plans": [{"Node Type": "Seq Scan","Parent Relationship": "Outer","Parallel Aware": true,"Async Capable": false,"Relation Name": "customer","Alias": "customer","Startup Cost": 0.00,"Total Cost": 4210.00,"Plan Rows": 62500,"Plan Width": 23,"Actual Startup Time": 0.019,"Actual Total Time": 16.715,"Actual Rows": 37500,"Actual Loops": 4,"Workers": []}]}]}]}]}]},"Planning Time": 6.132,"Triggers": [],"Execution Time": 11002.531}]
[{"Plan": {"Node Type": "Sort","Parallel Aware": false,"Async Capable": false,"Startup Cost": 397889.21,"Total Cost": 399077.01,"Plan Rows": 475120,"Plan Width": 71,"Actual Startup Time": 10950.105,"Actual Total Time": 10953.954,"Actual Rows": 9,"Actual Loops": 1,"Sort Key": ["orders.o_totalprice DESC", "orders.o_orderdate"],"Sort Method": "quicksort","Sort Space Used": 25,"Sort Space Type": "Memory","Plans": [{"Node Type": "Aggregate","Strategy": "Hashed","Partial Mode": "Simple","Parent Relationship": "Outer","Parallel Aware": false,"Async Capable": false,"Startup Cost": 347151.30,"Total Cost": 353090.30,"Plan Rows": 475120,"Plan Width": 71,"Actual Startup Time": 10902.471,"Actual Total Time": 10953.715,"Actual Rows": 9,"Actual Loops": 1,"Group Key": ["customer.c_custkey", "orders.o_orderkey"],"Planned Partitions": 0,"HashAgg Batches": 1,"Peak Memory Usage": 24601,"Disk Usage": 0,"Plans": [{"Node Type": "Gather","Parent Relationship": "Outer","Parallel Aware": false,"Async Capable": false,"Startup Cost": 216528.94,"Total Cost": 343587.90,"Plan Rows": 475120,"Plan Width": 44,"Actual Startup Time": 10893.800,"Actual Total Time": 10897.693,"Actual Rows": 63,"Actual Loops": 1,"Workers Planned": 3,"Workers Launched": 3,"Single Copy": false,"Plans": [{"Node Type": "Hash Join","Parent Relationship": "Outer","Parallel Aware": true,"Async Capable": false,"Join Type": "Inner","Startup Cost": 215528.94,"Total Cost": 295075.90,"Plan Rows": 153265,"Plan Width": 44,"Actual Startup Time": 10134.253,"Actual Total Time": 10314.794,"Actual Rows": 16,"Actual Loops": 4,"Inner Unique": true,"Hash Cond": "(orders.o_custkey = customer.c_custkey)","Workers": [],"Plans": [{"Node Type": "Nested Loop","Parent Relationship": "Outer","Parallel Aware": false,"Async Capable": false,"Join Type": "Inner","Startup Cost": 210537.69,"Total Cost": 289682.32,"Plan Rows": 153265,"Plan Width": 25,"Actual Startup Time": 10099.687,"Actual Total Time": 10280.153,"Actual Rows": 16,"Actual Loops": 4,"Inner Unique": false,"Workers": [],"Plans": [{"Node Type": "Hash Join","Parent Relationship": "Outer","Parallel Aware": false,"Async Capable": false,"Join Type": "Inner","Startup Cost": 210537.26,"Total Cost": 242741.13,"Plan Rows": 38308,"Plan Width": 24,"Actual Startup Time": 10099.575,"Actual Total Time": 10279.892,"Actual Rows": 2,"Actual Loops": 4,"Inner Unique": true,"Hash Cond": "(orders.o_orderkey = lineitem_1.l_orderkey)","Workers": [],"Plans": [{"Node Type": "Seq Scan","Parent Relationship": "Outer","Parallel Aware": true,"Async Capable": false,"Relation Name": "orders","Alias": "orders","Startup Cost": 0.00,"Total Cost": 30933.71,"Plan Rows": 483871,"Plan Width": 20,"Actual Startup Time": 0.011,"Actual Total Time": 51.627,"Actual Rows": 375000,"Actual Loops": 4,"Workers": []},{"Node Type": "Hash","Parent Relationship": "Inner","Parallel Aware": false,"Async Capable": false,"Startup Cost": 209052.81,"Total Cost": 209052.81,"Plan Rows": 118756,"Plan Width": 4,"Actual Startup Time": 10016.825,"Actual Total Time": 10016.839,"Actual Rows": 9,"Actual Loops": 4,"Hash Buckets": 131072,"Original Hash Buckets": 131072,"Hash Batches": 1,"Original Hash Batches": 1,"Peak Memory Usage": 1025,"Workers": [],"Plans": [{"Node Type": "Aggregate","Strategy": "Hashed","Partial Mode": "Simple","Parent Relationship": "Outer","Parallel Aware": false,"Async Capable": false,"Startup Cost": 202521.23,"Total Cost": 207865.25,"Plan Rows": 118756,"Plan Width": 4,"Actual Startup Time": 6319.140,"Actual Total Time": 10016.671,"Actual Rows": 9,"Actual Loops": 4,"Group Key": ["lineitem_1.l_orderkey"],"Filter": "(sum(lineitem_1.l_quantity) > '315'::numeric)","Planned Partitions": 0,"HashAgg Batches": 1,"Peak Memory Usage": 638993,"Disk Usage": 0,"Rows Removed by Filter": 1499991,"Workers": [{"Worker Number": 0,"HashAgg Batches": 1,"Peak Memory Usage": 638993,"Disk Usage": 0},{"Worker Number": 1,"HashAgg Batches": 1,"Peak Memory Usage": 638993,"Disk Usage": 0},{"Worker Number": 2,"HashAgg Batches": 1,"Peak Memory Usage": 638993,"Disk Usage": 0}],"Plans": [{"Node Type": "Seq Scan","Parent Relationship": "Outer","Parallel Aware": false,"Async Capable": false,"Relation Name": "lineitem","Alias": "lineitem_1","Startup Cost": 0.00,"Total Cost": 172515.15,"Plan Rows": 6001215,"Plan Width": 9,"Actual Startup Time": 0.018,"Actual Total Time": 971.843,"Actual Rows": 6001215,"Actual Loops": 4,"Workers": []}]}]}]},{"Node Type": "Index Scan","Parent Relationship": "Inner","Parallel Aware": false,"Async Capable": false,"Scan Direction": "Forward","Index Name": "idx_lineitem_orderkey","Relation Name": "lineitem","Alias": "lineitem","Startup Cost": 0.43,"Total Cost": 1.06,"Plan Rows": 17,"Plan Width": 9,"Actual Startup Time": 0.069,"Actual Total Time": 0.079,"Actual Rows": 7,"Actual Loops": 9,"Index Cond": "(l_orderkey = orders.o_orderkey)","Rows Removed by Index Recheck": 0,"Workers": []}]},{"Node Type": "Hash","Parent Relationship": "Inner","Parallel Aware": true,"Async Capable": false,"Startup Cost": 4210.00,"Total Cost": 4210.00,"Plan Rows": 62500,"Plan Width": 23,"Actual Startup Time": 33.677,"Actual Total Time": 33.684,"Actual Rows": 37500,"Actual Loops": 4,"Hash Buckets": 262144,"Original Hash Buckets": 262144,"Hash Batches": 1,"Original Hash Batches": 1,"Peak Memory Usage": 10368,"Workers": [],"Plans": [{"Node Type": "Seq Scan","Parent Relationship": "Outer","Parallel Aware": true,"Async Capable": false,"Relation Name": "customer","Alias": "customer","Startup Cost": 0.00,"Total Cost": 4210.00,"Plan Rows": 62500,"Plan Width": 23,"Actual Startup Time": 0.019,"Actual Total Time": 16.715,"Actual Rows": 37500,"Actual Loops": 4,"Workers": []}]}]}]}]}]},"Planning Time": 6.132,"Triggers": [],"Execution Time": 11002.531}]
[{"Plan": {"Node Type": "Sort","Parallel Aware": false,"Async Capable": false,"Startup Cost": 397889.21,"Total Cost": 399077.01,"Plan Rows": 475120,"Plan Width": 71,"Actual Startup Time": 10950.105,"Actual Total Time": 10953.954,"Actual Rows": 9,"Actual Loops": 1,"Sort Key": ["orders.o_totalprice DESC", "orders.o_orderdate"],"Sort Method": "quicksort","Sort Space Used": 25,"Sort Space Type": "Memory","Plans": [{"Node Type": "Aggregate","Strategy": "Hashed","Partial Mode": "Simple","Parent Relationship": "Outer","Parallel Aware": false,"Async Capable": false,"Startup Cost": 347151.30,"Total Cost": 353090.30,"Plan Rows": 475120,"Plan Width": 71,"Actual Startup Time": 10902.471,"Actual Total Time": 10953.715,"Actual Rows": 9,"Actual Loops": 1,"Group Key": ["customer.c_custkey", "orders.o_orderkey"],"Planned Partitions": 0,"HashAgg Batches": 1,"Peak Memory Usage": 24601,"Disk Usage": 0,"Plans": [{"Node Type": "Gather","Parent Relationship": "Outer","Parallel Aware": false,"Async Capable": false,"Startup Cost": 216528.94,"Total Cost": 343587.90,"Plan Rows": 475120,"Plan Width": 44,"Actual Startup Time": 10893.800,"Actual Total Time": 10897.693,"Actual Rows": 63,"Actual Loops": 1,"Workers Planned": 3,"Workers Launched": 3,"Single Copy": false,"Plans": [{"Node Type": "Hash Join","Parent Relationship": "Outer","Parallel Aware": true,"Async Capable": false,"Join Type": "Inner","Startup Cost": 215528.94,"Total Cost": 295075.90,"Plan Rows": 153265,"Plan Width": 44,"Actual Startup Time": 10134.253,"Actual Total Time": 10314.794,"Actual Rows": 16,"Actual Loops": 4,"Inner Unique": true,"Hash Cond": "(orders.o_custkey = customer.c_custkey)","Workers": [],"Plans": [{"Node Type": "Nested Loop","Parent Relationship": "Outer","Parallel Aware": false,"Async Capable": false,"Join Type": "Inner","Startup Cost": 210537.69,"Total Cost": 289682.32,"Plan Rows": 153265,"Plan Width": 25,"Actual Startup Time": 10099.687,"Actual Total Time": 10280.153,"Actual Rows": 16,"Actual Loops": 4,"Inner Unique": false,"Workers": [],"Plans": [{"Node Type": "Hash Join","Parent Relationship": "Outer","Parallel Aware": false,"Async Capable": false,"Join Type": "Inner","Startup Cost": 210537.26,"Total Cost": 242741.13,"Plan Rows": 38308,"Plan Width": 24,"Actual Startup Time": 10099.575,"Actual Total Time": 10279.892,"Actual Rows": 2,"Actual Loops": 4,"Inner Unique": true,"Hash Cond": "(orders.o_orderkey = lineitem_1.l_orderkey)","Workers": [],"Plans": [{"Node Type": "Seq Scan","Parent Relationship": "Outer","Parallel Aware": true,"Async Capable": false,"Relation Name": "orders","Alias": "orders","Startup Cost": 0.00,"Total Cost": 30933.71,"Plan Rows": 483871,"Plan Width": 20,"Actual Startup Time": 0.011,"Actual Total Time": 51.627,"Actual Rows": 375000,"Actual Loops": 4,"Workers": []},{"Node Type": "Hash","Parent Relationship": "Inner","Parallel Aware": false,"Async Capable": false,"Startup Cost": 209052.81,"Total Cost": 209052.81,"Plan Rows": 118756,"Plan Width": 4,"Actual Startup Time": 10016.825,"Actual Total Time": 10016.839,"Actual Rows": 9,"Actual Loops": 4,"Hash Buckets": 131072,"Original Hash Buckets": 131072,"Hash Batches": 1,"Original Hash Batches": 1,"Peak Memory Usage": 1025,"Workers": [],"Plans": [{"Node Type": "Aggregate","Strategy": "Hashed","Partial Mode": "Simple","Parent Relationship": "Outer","Parallel Aware": false,"Async Capable": false,"Startup Cost": 202521.23,"Total Cost": 207865.25,"Plan Rows": 118756,"Plan Width": 4,"Actual Startup Time": 6319.140,"Actual Total Time": 10016.671,"Actual Rows": 9,"Actual Loops": 4,"Group Key": ["lineitem_1.l_orderkey"],"Filter": "(sum(lineitem_1.l_quantity) > '315'::numeric)","Planned Partitions": 0,"HashAgg Batches": 1,"Peak Memory Usage": 638993,"Disk Usage": 0,"Rows Removed by Filter": 1499991,"Workers": [{"Worker Number": 0,"HashAgg Batches": 1,"Peak Memory Usage": 638993,"Disk Usage": 0},{"Worker Number": 1,"HashAgg Batches": 1,"Peak Memory Usage": 638993,"Disk Usage": 0},{"Worker Number": 2,"HashAgg Batches": 1,"Peak Memory Usage": 638993,"Disk Usage": 0}],"Plans": [{"Node Type": "Seq Scan","Parent Relationship": "Outer","Parallel Aware": false,"Async Capable": false,"Relation Name": "lineitem","Alias": "lineitem_1","Startup Cost": 0.00,"Total Cost": 172515.15,"Plan Rows": 6001215,"Plan Width": 9,"Actual Startup Time": 0.018,"Actual Total Time": 971.843,"Actual Rows": 6001215,"Actual Loops": 4,"Workers": []}]}]}]},{"Node Type": "Index Scan","Parent Relationship": "Inner","Parallel Aware": false,"Async Capable": false,"Scan Direction": "Forward","Index Name": "idx_lineitem_orderkey","Relation Name": "lineitem","Alias": "lineitem","Startup Cost": 0.43,"Total Cost": 1.06,"Plan Rows": 17,"Plan Width": 9,"Actual Startup Time": 0.069,"Actual Total Time": 0.079,"Actual Rows": 7,"Actual Loops": 9,"Index Cond": "(l_orderkey = orders.o_orderkey)","Rows Removed by Index Recheck": 0,"Workers": []}]},{"Node Type": "Hash","Parent Relationship": "Inner","Parallel Aware": true,"Async Capable": false,"Startup Cost": 4210.00,"Total Cost": 4210.00,"Plan Rows": 62500,"Plan Width": 23,"Actual Startup Time": 33.677,"Actual Total Time": 33.684,"Actual Rows": 37500,"Actual Loops": 4,"Hash Buckets": 262144,"Original Hash Buckets": 262144,"Hash Batches": 1,"Original Hash Batches": 1,"Peak Memory Usage": 10368,"Workers": [],"Plans": [{"Node Type": "Seq Scan","Parent Relationship": "Outer","Parallel Aware": true,"Async Capable": false,"Relation Name": "customer","Alias": "customer","Startup Cost": 0.00,"Total Cost": 4210.00,"Plan Rows": 62500,"Plan Width": 23,"Actual Startup Time": 0.019,"Actual Total Time": 16.715,"Actual Rows": 37500,"Actual Loops": 4,"Workers": []}]}]}]}]}]},"Planning Time": 6.132,"Triggers": [],"Execution Time": 11002.531}]
[{"Plan": {"Node Type": "Sort","Parallel Aware": false,"Async Capable": false,"Startup Cost": 397889.21,"Total Cost": 399077.01,"Plan Rows": 475120,"Plan Width": 71,"Actual Startup Time": 10345.847,"Actual Total Time": 10377.998,"Actual Rows": 9,"Actual Loops": 1,"Sort Key": ["orders.o_totalprice DESC", "orders.o_orderdate"],"Sort Method": "quicksort","Sort Space Used": 25,"Sort Space Type": "Memory","Plans": [{"Node Type": "Aggregate","Strategy": "Hashed","Partial Mode": "Simple","Parent Relationship": "Outer","Parallel Aware": false,"Async Capable": false,"Startup Cost": 347151.30,"Total Cost": 353090.30,"Plan Rows": 475120,"Plan Width": 71,"Actual Startup Time": 10329.232,"Actual Total Time": 10377.856,"Actual Rows": 9,"Actual Loops": 1,"Group Key": ["customer.c_custkey", "orders.o_orderkey"],"Planned Partitions": 0,"HashAgg Batches": 1,"Peak Memory Usage": 24601,"Disk Usage": 0,"Plans": [{"Node Type": "Gather","Parent Relationship": "Outer","Parallel Aware": false,"Async Capable": false,"Startup Cost": 216528.94,"Total Cost": 343587.90,"Plan Rows": 475120,"Plan Width": 44,"Actual Startup Time": 10053.961,"Actual Total Time": 10357.615,"Actual Rows": 63,"Actual Loops": 1,"Workers Planned": 3,"Workers Launched": 3,"Single Copy": false,"Plans": [{"Node Type": "Hash Join","Parent Relationship": "Outer","Parallel Aware": true,"Async Capable": false,"Join Type": "Inner","Startup Cost": 215528.94,"Total Cost": 295075.90,"Plan Rows": 153265,"Plan Width": 44,"Actual Startup Time": 10157.696,"Actual Total Time": 10258.651,"Actual Rows": 16,"Actual Loops": 4,"Inner Unique": true,"Hash Cond": "(orders.o_custkey = customer.c_custkey)","Workers": [],"Plans": [{"Node Type": "Nested Loop","Parent Relationship": "Outer","Parallel Aware": false,"Async Capable": false,"Join Type": "Inner","Startup Cost": 210537.69,"Total Cost": 289682.32,"Plan Rows": 153265,"Plan Width": 25,"Actual Startup Time": 10123.332,"Actual Total Time": 10224.239,"Actual Rows": 16,"Actual Loops": 4,"Inner Unique": false,"Workers": [],"Plans": [{"Node Type": "Hash Join","Parent Relationship": "Outer","Parallel Aware": false,"Async Capable": false,"Join Type": "Inner","Startup Cost": 210537.26,"Total Cost": 242741.13,"Plan Rows": 38308,"Plan Width": 24,"Actual Startup Time": 10123.186,"Actual Total Time": 10223.998,"Actual Rows": 2,"Actual Loops": 4,"Inner Unique": true,"Hash Cond": "(orders.o_orderkey = lineitem_1.l_orderkey)","Workers": [],"Plans": [{"Node Type": "Seq Scan","Parent Relationship": "Outer","Parallel Aware": true,"Async Capable": false,"Relation Name": "orders","Alias": "orders","Startup Cost": 0.00,"Total Cost": 30933.71,"Plan Rows": 483871,"Plan Width": 20,"Actual Startup Time": 0.011,"Actual Total Time": 49.852,"Actual Rows": 375000,"Actual Loops": 4,"Workers": []},{"Node Type": "Hash","Parent Relationship": "Inner","Parallel Aware": false,"Async Capable": false,"Startup Cost": 209052.81,"Total Cost": 209052.81,"Plan Rows": 118756,"Plan Width": 4,"Actual Startup Time": 10005.666,"Actual Total Time": 10005.673,"Actual Rows": 9,"Actual Loops": 4,"Hash Buckets": 131072,"Original Hash Buckets": 131072,"Hash Batches": 1,"Original Hash Batches": 1,"Peak Memory Usage": 1025,"Workers": [],"Plans": [{"Node Type": "Aggregate","Strategy": "Hashed","Partial Mode": "Simple","Parent Relationship": "Outer","Parallel Aware": false,"Async Capable": false,"Startup Cost": 202521.23,"Total Cost": 207865.25,"Plan Rows": 118756,"Plan Width": 4,"Actual Startup Time": 6310.010,"Actual Total Time": 10005.543,"Actual Rows": 9,"Actual Loops": 4,"Group Key": ["lineitem_1.l_orderkey"],"Filter": "(sum(lineitem_1.l_quantity) > '313'::numeric)","Planned Partitions": 0,"HashAgg Batches": 1,"Peak Memory Usage": 638993,"Disk Usage": 0,"Rows Removed by Filter": 1499991,"Workers": [{"Worker Number": 0,"HashAgg Batches": 1,"Peak Memory Usage": 638993,"Disk Usage": 0},{"Worker Number": 1,"HashAgg Batches": 1,"Peak Memory Usage": 638993,"Disk Usage": 0},{"Worker Number": 2,"HashAgg Batches": 1,"Peak Memory Usage": 638993,"Disk Usage": 0}],"Plans": [{"Node Type": "Seq Scan","Parent Relationship": "Outer","Parallel Aware": false,"Async Capable": false,"Relation Name": "lineitem","Alias": "lineitem_1","Startup Cost": 0.00,"Total Cost": 172515.15,"Plan Rows": 6001215,"Plan Width": 9,"Actual Startup Time": 0.020,"Actual Total Time": 994.479,"Actual Rows": 6001215,"Actual Loops": 4,"Workers": []}]}]}]},{"Node Type": "Index Scan","Parent Relationship": "Inner","Parallel Aware": false,"Async Capable": false,"Scan Direction": "Forward","Index Name": "idx_lineitem_orderkey","Relation Name": "lineitem","Alias": "lineitem","Startup Cost": 0.43,"Total Cost": 1.06,"Plan Rows": 17,"Plan Width": 9,"Actual Startup Time": 0.068,"Actual Total Time": 0.075,"Actual Rows": 7,"Actual Loops": 9,"Index Cond": "(l_orderkey = orders.o_orderkey)","Rows Removed by Index Recheck": 0,"Workers": []}]},{"Node Type": "Hash","Parent Relationship": "Inner","Parallel Aware": true,"Async Capable": false,"Startup Cost": 4210.00,"Total Cost": 4210.00,"Plan Rows": 62500,"Plan Width": 23,"Actual Startup Time": 33.578,"Actual Total Time": 33.582,"Actual Rows": 37500,"Actual Loops": 4,"Hash Buckets": 262144,"Original Hash Buckets": 262144,"Hash Batches": 1,"Original Hash Batches": 1,"Peak Memory Usage": 10336,"Workers": [],"Plans": [{"Node Type": "Seq Scan","Parent Relationship": "Outer","Parallel Aware": true,"Async Capable": false,"Relation Name": "customer","Alias": "customer","Startup Cost": 0.00,"Total Cost": 4210.00,"Plan Rows": 62500,"Plan Width": 23,"Actual Startup Time": 0.023,"Actual Total Time": 16.777,"Actual Rows": 37500,"Actual Loops": 4,"Workers": []}]}]}]}]}]},"Planning Time": 6.662,"Triggers": [],"Execution Time": 10430.266}]
[{"Plan": {"Node Type": "Sort","Parallel Aware": false,"Async Capable": false,"Startup Cost": 397889.21,"Total Cost": 399077.01,"Plan Rows": 475120,"Plan Width": 71,"Actual Startup Time": 10950.105,"Actual Total Time": 10953.954,"Actual Rows": 9,"Actual Loops": 1,"Sort Key": ["orders.o_totalprice DESC", "orders.o_orderdate"],"Sort Method": "quicksort","Sort Space Used": 25,"Sort Space Type": "Memory","Plans": [{"Node Type": "Aggregate","Strategy": "Hashed","Partial Mode": "Simple","Parent Relationship": "Outer","Parallel Aware": false,"Async Capable": false,"Startup Cost": 347151.30,"Total Cost": 353090.30,"Plan Rows": 475120,"Plan Width": 71,"Actual Startup Time": 10902.471,"Actual Total Time": 10953.715,"Actual Rows": 9,"Actual Loops": 1,"Group Key": ["customer.c_custkey", "orders.o_orderkey"],"Planned Partitions": 0,"HashAgg Batches": 1,"Peak Memory Usage": 24601,"Disk Usage": 0,"Plans": [{"Node Type": "Gather","Parent Relationship": "Outer","Parallel Aware": false,"Async Capable": false,"Startup Cost": 216528.94,"Total Cost": 343587.90,"Plan Rows": 475120,"Plan Width": 44,"Actual Startup Time": 10893.800,"Actual Total Time": 10897.693,"Actual Rows": 63,"Actual Loops": 1,"Workers Planned": 3,"Workers Launched": 3,"Single Copy": false,"Plans": [{"Node Type": "Hash Join","Parent Relationship": "Outer","Parallel Aware": true,"Async Capable": false,"Join Type": "Inner","Startup Cost": 215528.94,"Total Cost": 295075.90,"Plan Rows": 153265,"Plan Width": 44,"Actual Startup Time": 10134.253,"Actual Total Time": 10314.794,"Actual Rows": 16,"Actual Loops": 4,"Inner Unique": true,"Hash Cond": "(orders.o_custkey = customer.c_custkey)","Workers": [],"Plans": [{"Node Type": "Nested Loop","Parent Relationship": "Outer","Parallel Aware": false,"Async Capable": false,"Join Type": "Inner","Startup Cost": 210537.69,"Total Cost": 289682.32,"Plan Rows": 153265,"Plan Width": 25,"Actual Startup Time": 10099.687,"Actual Total Time": 10280.153,"Actual Rows": 16,"Actual Loops": 4,"Inner Unique": false,"Workers": [],"Plans": [{"Node Type": "Hash Join","Parent Relationship": "Outer","Parallel Aware": false,"Async Capable": false,"Join Type": "Inner","Startup Cost": 210537.26,"Total Cost": 242741.13,"Plan Rows": 38308,"Plan Width": 24,"Actual Startup Time": 10099.575,"Actual Total Time": 10279.892,"Actual Rows": 2,"Actual Loops": 4,"Inner Unique": true,"Hash Cond": "(orders.o_orderkey = lineitem_1.l_orderkey)","Workers": [],"Plans": [{"Node Type": "Seq Scan","Parent Relationship": "Outer","Parallel Aware": true,"Async Capable": false,"Relation Name": "orders","Alias": "orders","Startup Cost": 0.00,"Total Cost": 30933.71,"Plan Rows": 483871,"Plan Width": 20,"Actual Startup Time": 0.011,"Actual Total Time": 51.627,"Actual Rows": 375000,"Actual Loops": 4,"Workers": []},{"Node Type": "Hash","Parent Relationship": "Inner","Parallel Aware": false,"Async Capable": false,"Startup Cost": 209052.81,"Total Cost": 209052.81,"Plan Rows": 118756,"Plan Width": 4,"Actual Startup Time": 10016.825,"Actual Total Time": 10016.839,"Actual Rows": 9,"Actual Loops": 4,"Hash Buckets": 131072,"Original Hash Buckets": 131072,"Hash Batches": 1,"Original Hash Batches": 1,"Peak Memory Usage": 1025,"Workers": [],"Plans": [{"Node Type": "Aggregate","Strategy": "Hashed","Partial Mode": "Simple","Parent Relationship": "Outer","Parallel Aware": false,"Async Capable": false,"Startup Cost": 202521.23,"Total Cost": 207865.25,"Plan Rows": 118756,"Plan Width": 4,"Actual Startup Time": 6319.140,"Actual Total Time": 10016.671,"Actual Rows": 9,"Actual Loops": 4,"Group Key": ["lineitem_1.l_orderkey"],"Filter": "(sum(lineitem_1.l_quantity) > '315'::numeric)","Planned Partitions": 0,"HashAgg Batches": 1,"Peak Memory Usage": 638993,"Disk Usage": 0,"Rows Removed by Filter": 1499991,"Workers": [{"Worker Number": 0,"HashAgg Batches": 1,"Peak Memory Usage": 638993,"Disk Usage": 0},{"Worker Number": 1,"HashAgg Batches": 1,"Peak Memory Usage": 638993,"Disk Usage": 0},{"Worker Number": 2,"HashAgg Batches": 1,"Peak Memory Usage": 638993,"Disk Usage": 0}],"Plans": [{"Node Type": "Seq Scan","Parent Relationship": "Outer","Parallel Aware": false,"Async Capable": false,"Relation Name": "lineitem","Alias": "lineitem_1","Startup Cost": 0.00,"Total Cost": 172515.15,"Plan Rows": 6001215,"Plan Width": 9,"Actual Startup Time": 0.018,"Actual Total Time": 971.843,"Actual Rows": 6001215,"Actual Loops": 4,"Workers": []}]}]}]},{"Node Type": "Index Scan","Parent Relationship": "Inner","Parallel Aware": false,"Async Capable": false,"Scan Direction": "Forward","Index Name": "idx_lineitem_orderkey","Relation Name": "lineitem","Alias": "lineitem","Startup Cost": 0.43,"Total Cost": 1.06,"Plan Rows": 17,"Plan Width": 9,"Actual Startup Time": 0.069,"Actual Total Time": 0.079,"Actual Rows": 7,"Actual Loops": 9,"Index Cond": "(l_orderkey = orders.o_orderkey)","Rows Removed by Index Recheck": 0,"Workers": []}]},{"Node Type": "Hash","Parent Relationship": "Inner","Parallel Aware": true,"Async Capable": false,"Startup Cost": 4210.00,"Total Cost": 4210.00,"Plan Rows": 62500,"Plan Width": 23,"Actual Startup Time": 33.677,"Actual Total Time": 33.684,"Actual Rows": 37500,"Actual Loops": 4,"Hash Buckets": 262144,"Original Hash Buckets": 262144,"Hash Batches": 1,"Original Hash Batches": 1,"Peak Memory Usage": 10368,"Workers": [],"Plans": [{"Node Type": "Seq Scan","Parent Relationship": "Outer","Parallel Aware": true,"Async Capable": false,"Relation Name": "customer","Alias": "customer","Startup Cost": 0.00,"Total Cost": 4210.00,"Plan Rows": 62500,"Plan Width": 23,"Actual Startup Time": 0.019,"Actual Total Time": 16.715,"Actual Rows": 37500,"Actual Loops": 4,"Workers": []}]}]}]}]}]},"Planning Time": 6.132,"Triggers": [],"Execution Time": 11002.531}]
[{"Plan": {"Node Type": "Sort","Parallel Aware": false,"Async Capable": false,"Startup Cost": 397889.21,"Total Cost": 399077.01,"Plan Rows": 475120,"Plan Width": 71,"Actual Startup Time": 10785.011,"Actual Total Time": 10839.032,"Actual Rows": 9,"Actual Loops": 1,"Sort Key": ["orders.o_totalprice DESC", "orders.o_orderdate"],"Sort Method": "quicksort","Sort Space Used": 25,"Sort Space Type": "Memory","Plans": [{"Node Type": "Aggregate","Strategy": "Hashed","Partial Mode": "Simple","Parent Relationship": "Outer","Parallel Aware": false,"Async Capable": false,"Startup Cost": 347151.30,"Total Cost": 353090.30,"Plan Rows": 475120,"Plan Width": 71,"Actual Startup Time": 10763.855,"Actual Total Time": 10838.848,"Actual Rows": 9,"Actual Loops": 1,"Group Key": ["customer.c_custkey", "orders.o_orderkey"],"Planned Partitions": 0,"HashAgg Batches": 1,"Peak Memory Usage": 24601,"Disk Usage": 0,"Plans": [{"Node Type": "Gather","Parent Relationship": "Outer","Parallel Aware": false,"Async Capable": false,"Startup Cost": 216528.94,"Total Cost": 343587.90,"Plan Rows": 475120,"Plan Width": 44,"Actual Startup Time": 9674.071,"Actual Total Time": 10813.470,"Actual Rows": 63,"Actual Loops": 1,"Workers Planned": 3,"Workers Launched": 3,"Single Copy": false,"Plans": [{"Node Type": "Hash Join","Parent Relationship": "Outer","Parallel Aware": true,"Async Capable": false,"Join Type": "Inner","Startup Cost": 215528.94,"Total Cost": 295075.90,"Plan Rows": 153265,"Plan Width": 44,"Actual Startup Time": 10141.072,"Actual Total Time": 10312.965,"Actual Rows": 16,"Actual Loops": 4,"Inner Unique": true,"Hash Cond": "(orders.o_custkey = customer.c_custkey)","Workers": [],"Plans": [{"Node Type": "Nested Loop","Parent Relationship": "Outer","Parallel Aware": false,"Async Capable": false,"Join Type": "Inner","Startup Cost": 210537.69,"Total Cost": 289682.32,"Plan Rows": 153265,"Plan Width": 25,"Actual Startup Time": 10104.129,"Actual Total Time": 10275.947,"Actual Rows": 16,"Actual Loops": 4,"Inner Unique": false,"Workers": [],"Plans": [{"Node Type": "Hash Join","Parent Relationship": "Outer","Parallel Aware": false,"Async Capable": false,"Join Type": "Inner","Startup Cost": 210537.26,"Total Cost": 242741.13,"Plan Rows": 38308,"Plan Width": 24,"Actual Startup Time": 10104.052,"Actual Total Time": 10275.739,"Actual Rows": 2,"Actual Loops": 4,"Inner Unique": true,"Hash Cond": "(orders.o_orderkey = lineitem_1.l_orderkey)","Workers": [],"Plans": [{"Node Type": "Seq Scan","Parent Relationship": "Outer","Parallel Aware": true,"Async Capable": false,"Relation Name": "orders","Alias": "orders","Startup Cost": 0.00,"Total Cost": 30933.71,"Plan Rows": 483871,"Plan Width": 20,"Actual Startup Time": 0.007,"Actual Total Time": 53.689,"Actual Rows": 375000,"Actual Loops": 4,"Workers": []},{"Node Type": "Hash","Parent Relationship": "Inner","Parallel Aware": false,"Async Capable": false,"Startup Cost": 209052.81,"Total Cost": 209052.81,"Plan Rows": 118756,"Plan Width": 4,"Actual Startup Time": 10025.157,"Actual Total Time": 10025.166,"Actual Rows": 9,"Actual Loops": 4,"Hash Buckets": 131072,"Original Hash Buckets": 131072,"Hash Batches": 1,"Original Hash Batches": 1,"Peak Memory Usage": 1025,"Workers": [],"Plans": [{"Node Type": "Aggregate","Strategy": "Hashed","Partial Mode": "Simple","Parent Relationship": "Outer","Parallel Aware": false,"Async Capable": false,"Startup Cost": 202521.23,"Total Cost": 207865.25,"Plan Rows": 118756,"Plan Width": 4,"Actual Startup Time": 6285.839,"Actual Total Time": 10024.981,"Actual Rows": 9,"Actual Loops": 4,"Group Key": ["lineitem_1.l_orderkey"],"Filter": "(sum(lineitem_1.l_quantity) > '314'::numeric)","Planned Partitions": 0,"HashAgg Batches": 1,"Peak Memory Usage": 638993,"Disk Usage": 0,"Rows Removed by Filter": 1499991,"Workers": [{"Worker Number": 0,"HashAgg Batches": 1,"Peak Memory Usage": 638993,"Disk Usage": 0},{"Worker Number": 1,"HashAgg Batches": 1,"Peak Memory Usage": 638993,"Disk Usage": 0},{"Worker Number": 2,"HashAgg Batches": 1,"Peak Memory Usage": 638993,"Disk Usage": 0}],"Plans": [{"Node Type": "Seq Scan","Parent Relationship": "Outer","Parallel Aware": false,"Async Capable": false,"Relation Name": "lineitem","Alias": "lineitem_1","Startup Cost": 0.00,"Total Cost": 172515.15,"Plan Rows": 6001215,"Plan Width": 9,"Actual Startup Time": 0.019,"Actual Total Time": 931.752,"Actual Rows": 6001215,"Actual Loops": 4,"Workers": []}]}]}]},{"Node Type": "Index Scan","Parent Relationship": "Inner","Parallel Aware": false,"Async Capable": false,"Scan Direction": "Forward","Index Name": "idx_lineitem_orderkey","Relation Name": "lineitem","Alias": "lineitem","Startup Cost": 0.43,"Total Cost": 1.06,"Plan Rows": 17,"Plan Width": 9,"Actual Startup Time": 0.055,"Actual Total Time": 0.062,"Actual Rows": 7,"Actual Loops": 9,"Index Cond": "(l_orderkey = orders.o_orderkey)","Rows Removed by Index Recheck": 0,"Workers": []}]},{"Node Type": "Hash","Parent Relationship": "Inner","Parallel Aware": true,"Async Capable": false,"Startup Cost": 4210.00,"Total Cost": 4210.00,"Plan Rows": 62500,"Plan Width": 23,"Actual Startup Time": 36.172,"Actual Total Time": 36.190,"Actual Rows": 37500,"Actual Loops": 4,"Hash Buckets": 262144,"Original Hash Buckets": 262144,"Hash Batches": 1,"Original Hash Batches": 1,"Peak Memory Usage": 10336,"Workers": [],"Plans": [{"Node Type": "Seq Scan","Parent Relationship": "Outer","Parallel Aware": true,"Async Capable": false,"Relation Name": "customer","Alias": "customer","Startup Cost": 0.00,"Total Cost": 4210.00,"Plan Rows": 62500,"Plan Width": 23,"Actual Startup Time": 0.024,"Actual Total Time": 17.933,"Actual Rows": 37500,"Actual Loops": 4,"Workers": []}]}]}]}]}]},"Planning Time": 6.881,"Triggers": [],"Execution Time": 10893.482}]
[{"Plan": {"Node Type": "Sort","Parallel Aware": false,"Async Capable": false,"Startup Cost": 397889.21,"Total Cost": 399077.01,"Plan Rows": 475120,"Plan Width": 71,"Actual Startup Time": 10887.509,"Actual Total Time": 10908.132,"Actual Rows": 10,"Actual Loops": 1,"Sort Key": ["orders.o_totalprice DESC", "orders.o_orderdate"],"Sort Method": "quicksort","Sort Space Used": 25,"Sort Space Type": "Memory","Plans": [{"Node Type": "Aggregate","Strategy": "Hashed","Partial Mode": "Simple","Parent Relationship": "Outer","Parallel Aware": false,"Async Capable": false,"Startup Cost": 347151.30,"Total Cost": 353090.30,"Plan Rows": 475120,"Plan Width": 71,"Actual Startup Time": 10848.812,"Actual Total Time": 10907.941,"Actual Rows": 10,"Actual Loops": 1,"Group Key": ["customer.c_custkey", "orders.o_orderkey"],"Planned Partitions": 0,"HashAgg Batches": 1,"Peak Memory Usage": 24601,"Disk Usage": 0,"Plans": [{"Node Type": "Gather","Parent Relationship": "Outer","Parallel Aware": false,"Async Capable": false,"Startup Cost": 216528.94,"Total Cost": 343587.90,"Plan Rows": 475120,"Plan Width": 44,"Actual Startup Time": 10782.037,"Actual Total Time": 10858.151,"Actual Rows": 70,"Actual Loops": 1,"Workers Planned": 3,"Workers Launched": 3,"Single Copy": false,"Plans": [{"Node Type": "Hash Join","Parent Relationship": "Outer","Parallel Aware": true,"Async Capable": false,"Join Type": "Inner","Startup Cost": 215528.94,"Total Cost": 295075.90,"Plan Rows": 153265,"Plan Width": 44,"Actual Startup Time": 10180.765,"Actual Total Time": 10348.312,"Actual Rows": 18,"Actual Loops": 4,"Inner Unique": true,"Hash Cond": "(orders.o_custkey = customer.c_custkey)","Workers": [],"Plans": [{"Node Type": "Nested Loop","Parent Relationship": "Outer","Parallel Aware": false,"Async Capable": false,"Join Type": "Inner","Startup Cost": 210537.69,"Total Cost": 289682.32,"Plan Rows": 153265,"Plan Width": 25,"Actual Startup Time": 10142.809,"Actual Total Time": 10310.270,"Actual Rows": 18,"Actual Loops": 4,"Inner Unique": false,"Workers": [],"Plans": [{"Node Type": "Hash Join","Parent Relationship": "Outer","Parallel Aware": false,"Async Capable": false,"Join Type": "Inner","Startup Cost": 210537.26,"Total Cost": 242741.13,"Plan Rows": 38308,"Plan Width": 24,"Actual Startup Time": 10142.670,"Actual Total Time": 10309.991,"Actual Rows": 2,"Actual Loops": 4,"Inner Unique": true,"Hash Cond": "(orders.o_orderkey = lineitem_1.l_orderkey)","Workers": [],"Plans": [{"Node Type": "Seq Scan","Parent Relationship": "Outer","Parallel Aware": true,"Async Capable": false,"Relation Name": "orders","Alias": "orders","Startup Cost": 0.00,"Total Cost": 30933.71,"Plan Rows": 483871,"Plan Width": 20,"Actual Startup Time": 0.009,"Actual Total Time": 49.040,"Actual Rows": 375000,"Actual Loops": 4,"Workers": []},{"Node Type": "Hash","Parent Relationship": "Inner","Parallel Aware": false,"Async Capable": false,"Startup Cost": 209052.81,"Total Cost": 209052.81,"Plan Rows": 118756,"Plan Width": 4,"Actual Startup Time": 10075.163,"Actual Total Time": 10075.176,"Actual Rows": 10,"Actual Loops": 4,"Hash Buckets": 131072,"Original Hash Buckets": 131072,"Hash Batches": 1,"Original Hash Batches": 1,"Peak Memory Usage": 1025,"Workers": [],"Plans": [{"Node Type": "Aggregate","Strategy": "Hashed","Partial Mode": "Simple","Parent Relationship": "Outer","Parallel Aware": false,"Async Capable": false,"Startup Cost": 202521.23,"Total Cost": 207865.25,"Plan Rows": 118756,"Plan Width": 4,"Actual Startup Time": 6293.151,"Actual Total Time": 10074.968,"Actual Rows": 10,"Actual Loops": 4,"Group Key": ["lineitem_1.l_orderkey"],"Filter": "(sum(lineitem_1.l_quantity) > '312'::numeric)","Planned Partitions": 0,"HashAgg Batches": 1,"Peak Memory Usage": 638993,"Disk Usage": 0,"Rows Removed by Filter": 1499990,"Workers": [{"Worker Number": 0,"HashAgg Batches": 1,"Peak Memory Usage": 638993,"Disk Usage": 0},{"Worker Number": 1,"HashAgg Batches": 1,"Peak Memory Usage": 638993,"Disk Usage": 0},{"Worker Number": 2,"HashAgg Batches": 1,"Peak Memory Usage": 638993,"Disk Usage": 0}],"Plans": [{"Node Type": "Seq Scan","Parent Relationship": "Outer","Parallel Aware": false,"Async Capable": false,"Relation Name": "lineitem","Alias": "lineitem_1","Startup Cost": 0.00,"Total Cost": 172515.15,"Plan Rows": 6001215,"Plan Width": 9,"Actual Startup Time": 0.021,"Actual Total Time": 960.546,"Actual Rows": 6001215,"Actual Loops": 4,"Workers": []}]}]}]},{"Node Type": "Index Scan","Parent Relationship": "Inner","Parallel Aware": false,"Async Capable": false,"Scan Direction": "Forward","Index Name": "idx_lineitem_orderkey","Relation Name": "lineitem","Alias": "lineitem","Startup Cost": 0.43,"Total Cost": 1.06,"Plan Rows": 17,"Plan Width": 9,"Actual Startup Time": 0.072,"Actual Total Time": 0.079,"Actual Rows": 7,"Actual Loops": 10,"Index Cond": "(l_orderkey = orders.o_orderkey)","Rows Removed by Index Recheck": 0,"Workers": []}]},{"Node Type": "Hash","Parent Relationship": "Inner","Parallel Aware": true,"Async Capable": false,"Startup Cost": 4210.00,"Total Cost": 4210.00,"Plan Rows": 62500,"Plan Width": 23,"Actual Startup Time": 37.105,"Actual Total Time": 37.114,"Actual Rows": 37500,"Actual Loops": 4,"Hash Buckets": 262144,"Original Hash Buckets": 262144,"Hash Batches": 1,"Original Hash Batches": 1,"Peak Memory Usage": 10368,"Workers": [],"Plans": [{"Node Type": "Seq Scan","Parent Relationship": "Outer","Parallel Aware": true,"Async Capable": false,"Relation Name": "customer","Alias": "customer","Startup Cost": 0.00,"Total Cost": 4210.00,"Plan Rows": 62500,"Plan Width": 23,"Actual Startup Time": 0.025,"Actual Total Time": 19.726,"Actual Rows": 37500,"Actual Loops": 4,"Workers": []}]}]}]}]}]},"Planning Time": 6.715,"Triggers": [],"Execution Time": 10961.817}]
[{"Plan": {"Node Type": "Sort","Parallel Aware": false,"Async Capable": false,"Startup Cost": 397889.21,"Total Cost": 399077.01,"Plan Rows": 475120,"Plan Width": 71,"Actual Startup Time": 10887.509,"Actual Total Time": 10908.132,"Actual Rows": 10,"Actual Loops": 1,"Sort Key": ["orders.o_totalprice DESC", "orders.o_orderdate"],"Sort Method": "quicksort","Sort Space Used": 25,"Sort Space Type": "Memory","Plans": [{"Node Type": "Aggregate","Strategy": "Hashed","Partial Mode": "Simple","Parent Relationship": "Outer","Parallel Aware": false,"Async Capable": false,"Startup Cost": 347151.30,"Total Cost": 353090.30,"Plan Rows": 475120,"Plan Width": 71,"Actual Startup Time": 10848.812,"Actual Total Time": 10907.941,"Actual Rows": 10,"Actual Loops": 1,"Group Key": ["customer.c_custkey", "orders.o_orderkey"],"Planned Partitions": 0,"HashAgg Batches": 1,"Peak Memory Usage": 24601,"Disk Usage": 0,"Plans": [{"Node Type": "Gather","Parent Relationship": "Outer","Parallel Aware": false,"Async Capable": false,"Startup Cost": 216528.94,"Total Cost": 343587.90,"Plan Rows": 475120,"Plan Width": 44,"Actual Startup Time": 10782.037,"Actual Total Time": 10858.151,"Actual Rows": 70,"Actual Loops": 1,"Workers Planned": 3,"Workers Launched": 3,"Single Copy": false,"Plans": [{"Node Type": "Hash Join","Parent Relationship": "Outer","Parallel Aware": true,"Async Capable": false,"Join Type": "Inner","Startup Cost": 215528.94,"Total Cost": 295075.90,"Plan Rows": 153265,"Plan Width": 44,"Actual Startup Time": 10180.765,"Actual Total Time": 10348.312,"Actual Rows": 18,"Actual Loops": 4,"Inner Unique": true,"Hash Cond": "(orders.o_custkey = customer.c_custkey)","Workers": [],"Plans": [{"Node Type": "Nested Loop","Parent Relationship": "Outer","Parallel Aware": false,"Async Capable": false,"Join Type": "Inner","Startup Cost": 210537.69,"Total Cost": 289682.32,"Plan Rows": 153265,"Plan Width": 25,"Actual Startup Time": 10142.809,"Actual Total Time": 10310.270,"Actual Rows": 18,"Actual Loops": 4,"Inner Unique": false,"Workers": [],"Plans": [{"Node Type": "Hash Join","Parent Relationship": "Outer","Parallel Aware": false,"Async Capable": false,"Join Type": "Inner","Startup Cost": 210537.26,"Total Cost": 242741.13,"Plan Rows": 38308,"Plan Width": 24,"Actual Startup Time": 10142.670,"Actual Total Time": 10309.991,"Actual Rows": 2,"Actual Loops": 4,"Inner Unique": true,"Hash Cond": "(orders.o_orderkey = lineitem_1.l_orderkey)","Workers": [],"Plans": [{"Node Type": "Seq Scan","Parent Relationship": "Outer","Parallel Aware": true,"Async Capable": false,"Relation Name": "orders","Alias": "orders","Startup Cost": 0.00,"Total Cost": 30933.71,"Plan Rows": 483871,"Plan Width": 20,"Actual Startup Time": 0.009,"Actual Total Time": 49.040,"Actual Rows": 375000,"Actual Loops": 4,"Workers": []},{"Node Type": "Hash","Parent Relationship": "Inner","Parallel Aware": false,"Async Capable": false,"Startup Cost": 209052.81,"Total Cost": 209052.81,"Plan Rows": 118756,"Plan Width": 4,"Actual Startup Time": 10075.163,"Actual Total Time": 10075.176,"Actual Rows": 10,"Actual Loops": 4,"Hash Buckets": 131072,"Original Hash Buckets": 131072,"Hash Batches": 1,"Original Hash Batches": 1,"Peak Memory Usage": 1025,"Workers": [],"Plans": [{"Node Type": "Aggregate","Strategy": "Hashed","Partial Mode": "Simple","Parent Relationship": "Outer","Parallel Aware": false,"Async Capable": false,"Startup Cost": 202521.23,"Total Cost": 207865.25,"Plan Rows": 118756,"Plan Width": 4,"Actual Startup Time": 6293.151,"Actual Total Time": 10074.968,"Actual Rows": 10,"Actual Loops": 4,"Group Key": ["lineitem_1.l_orderkey"],"Filter": "(sum(lineitem_1.l_quantity) > '312'::numeric)","Planned Partitions": 0,"HashAgg Batches": 1,"Peak Memory Usage": 638993,"Disk Usage": 0,"Rows Removed by Filter": 1499990,"Workers": [{"Worker Number": 0,"HashAgg Batches": 1,"Peak Memory Usage": 638993,"Disk Usage": 0},{"Worker Number": 1,"HashAgg Batches": 1,"Peak Memory Usage": 638993,"Disk Usage": 0},{"Worker Number": 2,"HashAgg Batches": 1,"Peak Memory Usage": 638993,"Disk Usage": 0}],"Plans": [{"Node Type": "Seq Scan","Parent Relationship": "Outer","Parallel Aware": false,"Async Capable": false,"Relation Name": "lineitem","Alias": "lineitem_1","Startup Cost": 0.00,"Total Cost": 172515.15,"Plan Rows": 6001215,"Plan Width": 9,"Actual Startup Time": 0.021,"Actual Total Time": 960.546,"Actual Rows": 6001215,"Actual Loops": 4,"Workers": []}]}]}]},{"Node Type": "Index Scan","Parent Relationship": "Inner","Parallel Aware": false,"Async Capable": false,"Scan Direction": "Forward","Index Name": "idx_lineitem_orderkey","Relation Name": "lineitem","Alias": "lineitem","Startup Cost": 0.43,"Total Cost": 1.06,"Plan Rows": 17,"Plan Width": 9,"Actual Startup Time": 0.072,"Actual Total Time": 0.079,"Actual Rows": 7,"Actual Loops": 10,"Index Cond": "(l_orderkey = orders.o_orderkey)","Rows Removed by Index Recheck": 0,"Workers": []}]},{"Node Type": "Hash","Parent Relationship": "Inner","Parallel Aware": true,"Async Capable": false,"Startup Cost": 4210.00,"Total Cost": 4210.00,"Plan Rows": 62500,"Plan Width": 23,"Actual Startup Time": 37.105,"Actual Total Time": 37.114,"Actual Rows": 37500,"Actual Loops": 4,"Hash Buckets": 262144,"Original Hash Buckets": 262144,"Hash Batches": 1,"Original Hash Batches": 1,"Peak Memory Usage": 10368,"Workers": [],"Plans": [{"Node Type": "Seq Scan","Parent Relationship": "Outer","Parallel Aware": true,"Async Capable": false,"Relation Name": "customer","Alias": "customer","Startup Cost": 0.00,"Total Cost": 4210.00,"Plan Rows": 62500,"Plan Width": 23,"Actual Startup Time": 0.025,"Actual Total Time": 19.726,"Actual Rows": 37500,"Actual Loops": 4,"Workers": []}]}]}]}]}]},"Planning Time": 6.715,"Triggers": [],"Execution Time": 10961.817}]
[{"Plan": {"Node Type": "Sort","Parallel Aware": false,"Async Capable": false,"Startup Cost": 397889.21,"Total Cost": 399077.01,"Plan Rows": 475120,"Plan Width": 71,"Actual Startup Time": 10950.105,"Actual Total Time": 10953.954,"Actual Rows": 9,"Actual Loops": 1,"Sort Key": ["orders.o_totalprice DESC", "orders.o_orderdate"],"Sort Method": "quicksort","Sort Space Used": 25,"Sort Space Type": "Memory","Plans": [{"Node Type": "Aggregate","Strategy": "Hashed","Partial Mode": "Simple","Parent Relationship": "Outer","Parallel Aware": false,"Async Capable": false,"Startup Cost": 347151.30,"Total Cost": 353090.30,"Plan Rows": 475120,"Plan Width": 71,"Actual Startup Time": 10902.471,"Actual Total Time": 10953.715,"Actual Rows": 9,"Actual Loops": 1,"Group Key": ["customer.c_custkey", "orders.o_orderkey"],"Planned Partitions": 0,"HashAgg Batches": 1,"Peak Memory Usage": 24601,"Disk Usage": 0,"Plans": [{"Node Type": "Gather","Parent Relationship": "Outer","Parallel Aware": false,"Async Capable": false,"Startup Cost": 216528.94,"Total Cost": 343587.90,"Plan Rows": 475120,"Plan Width": 44,"Actual Startup Time": 10893.800,"Actual Total Time": 10897.693,"Actual Rows": 63,"Actual Loops": 1,"Workers Planned": 3,"Workers Launched": 3,"Single Copy": false,"Plans": [{"Node Type": "Hash Join","Parent Relationship": "Outer","Parallel Aware": true,"Async Capable": false,"Join Type": "Inner","Startup Cost": 215528.94,"Total Cost": 295075.90,"Plan Rows": 153265,"Plan Width": 44,"Actual Startup Time": 10134.253,"Actual Total Time": 10314.794,"Actual Rows": 16,"Actual Loops": 4,"Inner Unique": true,"Hash Cond": "(orders.o_custkey = customer.c_custkey)","Workers": [],"Plans": [{"Node Type": "Nested Loop","Parent Relationship": "Outer","Parallel Aware": false,"Async Capable": false,"Join Type": "Inner","Startup Cost": 210537.69,"Total Cost": 289682.32,"Plan Rows": 153265,"Plan Width": 25,"Actual Startup Time": 10099.687,"Actual Total Time": 10280.153,"Actual Rows": 16,"Actual Loops": 4,"Inner Unique": false,"Workers": [],"Plans": [{"Node Type": "Hash Join","Parent Relationship": "Outer","Parallel Aware": false,"Async Capable": false,"Join Type": "Inner","Startup Cost": 210537.26,"Total Cost": 242741.13,"Plan Rows": 38308,"Plan Width": 24,"Actual Startup Time": 10099.575,"Actual Total Time": 10279.892,"Actual Rows": 2,"Actual Loops": 4,"Inner Unique": true,"Hash Cond": "(orders.o_orderkey = lineitem_1.l_orderkey)","Workers": [],"Plans": [{"Node Type": "Seq Scan","Parent Relationship": "Outer","Parallel Aware": true,"Async Capable": false,"Relation Name": "orders","Alias": "orders","Startup Cost": 0.00,"Total Cost": 30933.71,"Plan Rows": 483871,"Plan Width": 20,"Actual Startup Time": 0.011,"Actual Total Time": 51.627,"Actual Rows": 375000,"Actual Loops": 4,"Workers": []},{"Node Type": "Hash","Parent Relationship": "Inner","Parallel Aware": false,"Async Capable": false,"Startup Cost": 209052.81,"Total Cost": 209052.81,"Plan Rows": 118756,"Plan Width": 4,"Actual Startup Time": 10016.825,"Actual Total Time": 10016.839,"Actual Rows": 9,"Actual Loops": 4,"Hash Buckets": 131072,"Original Hash Buckets": 131072,"Hash Batches": 1,"Original Hash Batches": 1,"Peak Memory Usage": 1025,"Workers": [],"Plans": [{"Node Type": "Aggregate","Strategy": "Hashed","Partial Mode": "Simple","Parent Relationship": "Outer","Parallel Aware": false,"Async Capable": false,"Startup Cost": 202521.23,"Total Cost": 207865.25,"Plan Rows": 118756,"Plan Width": 4,"Actual Startup Time": 6319.140,"Actual Total Time": 10016.671,"Actual Rows": 9,"Actual Loops": 4,"Group Key": ["lineitem_1.l_orderkey"],"Filter": "(sum(lineitem_1.l_quantity) > '315'::numeric)","Planned Partitions": 0,"HashAgg Batches": 1,"Peak Memory Usage": 638993,"Disk Usage": 0,"Rows Removed by Filter": 1499991,"Workers": [{"Worker Number": 0,"HashAgg Batches": 1,"Peak Memory Usage": 638993,"Disk Usage": 0},{"Worker Number": 1,"HashAgg Batches": 1,"Peak Memory Usage": 638993,"Disk Usage": 0},{"Worker Number": 2,"HashAgg Batches": 1,"Peak Memory Usage": 638993,"Disk Usage": 0}],"Plans": [{"Node Type": "Seq Scan","Parent Relationship": "Outer","Parallel Aware": false,"Async Capable": false,"Relation Name": "lineitem","Alias": "lineitem_1","Startup Cost": 0.00,"Total Cost": 172515.15,"Plan Rows": 6001215,"Plan Width": 9,"Actual Startup Time": 0.018,"Actual Total Time": 971.843,"Actual Rows": 6001215,"Actual Loops": 4,"Workers": []}]}]}]},{"Node Type": "Index Scan","Parent Relationship": "Inner","Parallel Aware": false,"Async Capable": false,"Scan Direction": "Forward","Index Name": "idx_lineitem_orderkey","Relation Name": "lineitem","Alias": "lineitem","Startup Cost": 0.43,"Total Cost": 1.06,"Plan Rows": 17,"Plan Width": 9,"Actual Startup Time": 0.069,"Actual Total Time": 0.079,"Actual Rows": 7,"Actual Loops": 9,"Index Cond": "(l_orderkey = orders.o_orderkey)","Rows Removed by Index Recheck": 0,"Workers": []}]},{"Node Type": "Hash","Parent Relationship": "Inner","Parallel Aware": true,"Async Capable": false,"Startup Cost": 4210.00,"Total Cost": 4210.00,"Plan Rows": 62500,"Plan Width": 23,"Actual Startup Time": 33.677,"Actual Total Time": 33.684,"Actual Rows": 37500,"Actual Loops": 4,"Hash Buckets": 262144,"Original Hash Buckets": 262144,"Hash Batches": 1,"Original Hash Batches": 1,"Peak Memory Usage": 10368,"Workers": [],"Plans": [{"Node Type": "Seq Scan","Parent Relationship": "Outer","Parallel Aware": true,"Async Capable": false,"Relation Name": "customer","Alias": "customer","Startup Cost": 0.00,"Total Cost": 4210.00,"Plan Rows": 62500,"Plan Width": 23,"Actual Startup Time": 0.019,"Actual Total Time": 16.715,"Actual Rows": 37500,"Actual Loops": 4,"Workers": []}]}]}]}]}]},"Planning Time": 6.132,"Triggers": [],"Execution Time": 11002.531}]
[{"Plan": {"Node Type": "Sort","Parallel Aware": false,"Async Capable": false,"Startup Cost": 397889.21,"Total Cost": 399077.01,"Plan Rows": 475120,"Plan Width": 71,"Actual Startup Time": 10950.105,"Actual Total Time": 10953.954,"Actual Rows": 9,"Actual Loops": 1,"Sort Key": ["orders.o_totalprice DESC", "orders.o_orderdate"],"Sort Method": "quicksort","Sort Space Used": 25,"Sort Space Type": "Memory","Plans": [{"Node Type": "Aggregate","Strategy": "Hashed","Partial Mode": "Simple","Parent Relationship": "Outer","Parallel Aware": false,"Async Capable": false,"Startup Cost": 347151.30,"Total Cost": 353090.30,"Plan Rows": 475120,"Plan Width": 71,"Actual Startup Time": 10902.471,"Actual Total Time": 10953.715,"Actual Rows": 9,"Actual Loops": 1,"Group Key": ["customer.c_custkey", "orders.o_orderkey"],"Planned Partitions": 0,"HashAgg Batches": 1,"Peak Memory Usage": 24601,"Disk Usage": 0,"Plans": [{"Node Type": "Gather","Parent Relationship": "Outer","Parallel Aware": false,"Async Capable": false,"Startup Cost": 216528.94,"Total Cost": 343587.90,"Plan Rows": 475120,"Plan Width": 44,"Actual Startup Time": 10893.800,"Actual Total Time": 10897.693,"Actual Rows": 63,"Actual Loops": 1,"Workers Planned": 3,"Workers Launched": 3,"Single Copy": false,"Plans": [{"Node Type": "Hash Join","Parent Relationship": "Outer","Parallel Aware": true,"Async Capable": false,"Join Type": "Inner","Startup Cost": 215528.94,"Total Cost": 295075.90,"Plan Rows": 153265,"Plan Width": 44,"Actual Startup Time": 10134.253,"Actual Total Time": 10314.794,"Actual Rows": 16,"Actual Loops": 4,"Inner Unique": true,"Hash Cond": "(orders.o_custkey = customer.c_custkey)","Workers": [],"Plans": [{"Node Type": "Nested Loop","Parent Relationship": "Outer","Parallel Aware": false,"Async Capable": false,"Join Type": "Inner","Startup Cost": 210537.69,"Total Cost": 289682.32,"Plan Rows": 153265,"Plan Width": 25,"Actual Startup Time": 10099.687,"Actual Total Time": 10280.153,"Actual Rows": 16,"Actual Loops": 4,"Inner Unique": false,"Workers": [],"Plans": [{"Node Type": "Hash Join","Parent Relationship": "Outer","Parallel Aware": false,"Async Capable": false,"Join Type": "Inner","Startup Cost": 210537.26,"Total Cost": 242741.13,"Plan Rows": 38308,"Plan Width": 24,"Actual Startup Time": 10099.575,"Actual Total Time": 10279.892,"Actual Rows": 2,"Actual Loops": 4,"Inner Unique": true,"Hash Cond": "(orders.o_orderkey = lineitem_1.l_orderkey)","Workers": [],"Plans": [{"Node Type": "Seq Scan","Parent Relationship": "Outer","Parallel Aware": true,"Async Capable": false,"Relation Name": "orders","Alias": "orders","Startup Cost": 0.00,"Total Cost": 30933.71,"Plan Rows": 483871,"Plan Width": 20,"Actual Startup Time": 0.011,"Actual Total Time": 51.627,"Actual Rows": 375000,"Actual Loops": 4,"Workers": []},{"Node Type": "Hash","Parent Relationship": "Inner","Parallel Aware": false,"Async Capable": false,"Startup Cost": 209052.81,"Total Cost": 209052.81,"Plan Rows": 118756,"Plan Width": 4,"Actual Startup Time": 10016.825,"Actual Total Time": 10016.839,"Actual Rows": 9,"Actual Loops": 4,"Hash Buckets": 131072,"Original Hash Buckets": 131072,"Hash Batches": 1,"Original Hash Batches": 1,"Peak Memory Usage": 1025,"Workers": [],"Plans": [{"Node Type": "Aggregate","Strategy": "Hashed","Partial Mode": "Simple","Parent Relationship": "Outer","Parallel Aware": false,"Async Capable": false,"Startup Cost": 202521.23,"Total Cost": 207865.25,"Plan Rows": 118756,"Plan Width": 4,"Actual Startup Time": 6319.140,"Actual Total Time": 10016.671,"Actual Rows": 9,"Actual Loops": 4,"Group Key": ["lineitem_1.l_orderkey"],"Filter": "(sum(lineitem_1.l_quantity) > '315'::numeric)","Planned Partitions": 0,"HashAgg Batches": 1,"Peak Memory Usage": 638993,"Disk Usage": 0,"Rows Removed by Filter": 1499991,"Workers": [{"Worker Number": 0,"HashAgg Batches": 1,"Peak Memory Usage": 638993,"Disk Usage": 0},{"Worker Number": 1,"HashAgg Batches": 1,"Peak Memory Usage": 638993,"Disk Usage": 0},{"Worker Number": 2,"HashAgg Batches": 1,"Peak Memory Usage": 638993,"Disk Usage": 0}],"Plans": [{"Node Type": "Seq Scan","Parent Relationship": "Outer","Parallel Aware": false,"Async Capable": false,"Relation Name": "lineitem","Alias": "lineitem_1","Startup Cost": 0.00,"Total Cost": 172515.15,"Plan Rows": 6001215,"Plan Width": 9,"Actual Startup Time": 0.018,"Actual Total Time": 971.843,"Actual Rows": 6001215,"Actual Loops": 4,"Workers": []}]}]}]},{"Node Type": "Index Scan","Parent Relationship": "Inner","Parallel Aware": false,"Async Capable": false,"Scan Direction": "Forward","Index Name": "idx_lineitem_orderkey","Relation Name": "lineitem","Alias": "lineitem","Startup Cost": 0.43,"Total Cost": 1.06,"Plan Rows": 17,"Plan Width": 9,"Actual Startup Time": 0.069,"Actual Total Time": 0.079,"Actual Rows": 7,"Actual Loops": 9,"Index Cond": "(l_orderkey = orders.o_orderkey)","Rows Removed by Index Recheck": 0,"Workers": []}]},{"Node Type": "Hash","Parent Relationship": "Inner","Parallel Aware": true,"Async Capable": false,"Startup Cost": 4210.00,"Total Cost": 4210.00,"Plan Rows": 62500,"Plan Width": 23,"Actual Startup Time": 33.677,"Actual Total Time": 33.684,"Actual Rows": 37500,"Actual Loops": 4,"Hash Buckets": 262144,"Original Hash Buckets": 262144,"Hash Batches": 1,"Original Hash Batches": 1,"Peak Memory Usage": 10368,"Workers": [],"Plans": [{"Node Type": "Seq Scan","Parent Relationship": "Outer","Parallel Aware": true,"Async Capable": false,"Relation Name": "customer","Alias": "customer","Startup Cost": 0.00,"Total Cost": 4210.00,"Plan Rows": 62500,"Plan Width": 23,"Actual Startup Time": 0.019,"Actual Total Time": 16.715,"Actual Rows": 37500,"Actual Loops": 4,"Workers": []}]}]}]}]}]},"Planning Time": 6.132,"Triggers": [],"Execution Time": 11002.531}]
[{"Plan": {"Node Type": "Sort","Parallel Aware": false,"Async Capable": false,"Startup Cost": 397889.21,"Total Cost": 399077.01,"Plan Rows": 475120,"Plan Width": 71,"Actual Startup Time": 10785.011,"Actual Total Time": 10839.032,"Actual Rows": 9,"Actual Loops": 1,"Sort Key": ["orders.o_totalprice DESC", "orders.o_orderdate"],"Sort Method": "quicksort","Sort Space Used": 25,"Sort Space Type": "Memory","Plans": [{"Node Type": "Aggregate","Strategy": "Hashed","Partial Mode": "Simple","Parent Relationship": "Outer","Parallel Aware": false,"Async Capable": false,"Startup Cost": 347151.30,"Total Cost": 353090.30,"Plan Rows": 475120,"Plan Width": 71,"Actual Startup Time": 10763.855,"Actual Total Time": 10838.848,"Actual Rows": 9,"Actual Loops": 1,"Group Key": ["customer.c_custkey", "orders.o_orderkey"],"Planned Partitions": 0,"HashAgg Batches": 1,"Peak Memory Usage": 24601,"Disk Usage": 0,"Plans": [{"Node Type": "Gather","Parent Relationship": "Outer","Parallel Aware": false,"Async Capable": false,"Startup Cost": 216528.94,"Total Cost": 343587.90,"Plan Rows": 475120,"Plan Width": 44,"Actual Startup Time": 9674.071,"Actual Total Time": 10813.470,"Actual Rows": 63,"Actual Loops": 1,"Workers Planned": 3,"Workers Launched": 3,"Single Copy": false,"Plans": [{"Node Type": "Hash Join","Parent Relationship": "Outer","Parallel Aware": true,"Async Capable": false,"Join Type": "Inner","Startup Cost": 215528.94,"Total Cost": 295075.90,"Plan Rows": 153265,"Plan Width": 44,"Actual Startup Time": 10141.072,"Actual Total Time": 10312.965,"Actual Rows": 16,"Actual Loops": 4,"Inner Unique": true,"Hash Cond": "(orders.o_custkey = customer.c_custkey)","Workers": [],"Plans": [{"Node Type": "Nested Loop","Parent Relationship": "Outer","Parallel Aware": false,"Async Capable": false,"Join Type": "Inner","Startup Cost": 210537.69,"Total Cost": 289682.32,"Plan Rows": 153265,"Plan Width": 25,"Actual Startup Time": 10104.129,"Actual Total Time": 10275.947,"Actual Rows": 16,"Actual Loops": 4,"Inner Unique": false,"Workers": [],"Plans": [{"Node Type": "Hash Join","Parent Relationship": "Outer","Parallel Aware": false,"Async Capable": false,"Join Type": "Inner","Startup Cost": 210537.26,"Total Cost": 242741.13,"Plan Rows": 38308,"Plan Width": 24,"Actual Startup Time": 10104.052,"Actual Total Time": 10275.739,"Actual Rows": 2,"Actual Loops": 4,"Inner Unique": true,"Hash Cond": "(orders.o_orderkey = lineitem_1.l_orderkey)","Workers": [],"Plans": [{"Node Type": "Seq Scan","Parent Relationship": "Outer","Parallel Aware": true,"Async Capable": false,"Relation Name": "orders","Alias": "orders","Startup Cost": 0.00,"Total Cost": 30933.71,"Plan Rows": 483871,"Plan Width": 20,"Actual Startup Time": 0.007,"Actual Total Time": 53.689,"Actual Rows": 375000,"Actual Loops": 4,"Workers": []},{"Node Type": "Hash","Parent Relationship": "Inner","Parallel Aware": false,"Async Capable": false,"Startup Cost": 209052.81,"Total Cost": 209052.81,"Plan Rows": 118756,"Plan Width": 4,"Actual Startup Time": 10025.157,"Actual Total Time": 10025.166,"Actual Rows": 9,"Actual Loops": 4,"Hash Buckets": 131072,"Original Hash Buckets": 131072,"Hash Batches": 1,"Original Hash Batches": 1,"Peak Memory Usage": 1025,"Workers": [],"Plans": [{"Node Type": "Aggregate","Strategy": "Hashed","Partial Mode": "Simple","Parent Relationship": "Outer","Parallel Aware": false,"Async Capable": false,"Startup Cost": 202521.23,"Total Cost": 207865.25,"Plan Rows": 118756,"Plan Width": 4,"Actual Startup Time": 6285.839,"Actual Total Time": 10024.981,"Actual Rows": 9,"Actual Loops": 4,"Group Key": ["lineitem_1.l_orderkey"],"Filter": "(sum(lineitem_1.l_quantity) > '314'::numeric)","Planned Partitions": 0,"HashAgg Batches": 1,"Peak Memory Usage": 638993,"Disk Usage": 0,"Rows Removed by Filter": 1499991,"Workers": [{"Worker Number": 0,"HashAgg Batches": 1,"Peak Memory Usage": 638993,"Disk Usage": 0},{"Worker Number": 1,"HashAgg Batches": 1,"Peak Memory Usage": 638993,"Disk Usage": 0},{"Worker Number": 2,"HashAgg Batches": 1,"Peak Memory Usage": 638993,"Disk Usage": 0}],"Plans": [{"Node Type": "Seq Scan","Parent Relationship": "Outer","Parallel Aware": false,"Async Capable": false,"Relation Name": "lineitem","Alias": "lineitem_1","Startup Cost": 0.00,"Total Cost": 172515.15,"Plan Rows": 6001215,"Plan Width": 9,"Actual Startup Time": 0.019,"Actual Total Time": 931.752,"Actual Rows": 6001215,"Actual Loops": 4,"Workers": []}]}]}]},{"Node Type": "Index Scan","Parent Relationship": "Inner","Parallel Aware": false,"Async Capable": false,"Scan Direction": "Forward","Index Name": "idx_lineitem_orderkey","Relation Name": "lineitem","Alias": "lineitem","Startup Cost": 0.43,"Total Cost": 1.06,"Plan Rows": 17,"Plan Width": 9,"Actual Startup Time": 0.055,"Actual Total Time": 0.062,"Actual Rows": 7,"Actual Loops": 9,"Index Cond": "(l_orderkey = orders.o_orderkey)","Rows Removed by Index Recheck": 0,"Workers": []}]},{"Node Type": "Hash","Parent Relationship": "Inner","Parallel Aware": true,"Async Capable": false,"Startup Cost": 4210.00,"Total Cost": 4210.00,"Plan Rows": 62500,"Plan Width": 23,"Actual Startup Time": 36.172,"Actual Total Time": 36.190,"Actual Rows": 37500,"Actual Loops": 4,"Hash Buckets": 262144,"Original Hash Buckets": 262144,"Hash Batches": 1,"Original Hash Batches": 1,"Peak Memory Usage": 10336,"Workers": [],"Plans": [{"Node Type": "Seq Scan","Parent Relationship": "Outer","Parallel Aware": true,"Async Capable": false,"Relation Name": "customer","Alias": "customer","Startup Cost": 0.00,"Total Cost": 4210.00,"Plan Rows": 62500,"Plan Width": 23,"Actual Startup Time": 0.024,"Actual Total Time": 17.933,"Actual Rows": 37500,"Actual Loops": 4,"Workers": []}]}]}]}]}]},"Planning Time": 6.881,"Triggers": [],"Execution Time": 10893.482}]
[{"Plan": {"Node Type": "Sort","Parallel Aware": false,"Async Capable": false,"Startup Cost": 397889.21,"Total Cost": 399077.01,"Plan Rows": 475120,"Plan Width": 71,"Actual Startup Time": 10887.509,"Actual Total Time": 10908.132,"Actual Rows": 10,"Actual Loops": 1,"Sort Key": ["orders.o_totalprice DESC", "orders.o_orderdate"],"Sort Method": "quicksort","Sort Space Used": 25,"Sort Space Type": "Memory","Plans": [{"Node Type": "Aggregate","Strategy": "Hashed","Partial Mode": "Simple","Parent Relationship": "Outer","Parallel Aware": false,"Async Capable": false,"Startup Cost": 347151.30,"Total Cost": 353090.30,"Plan Rows": 475120,"Plan Width": 71,"Actual Startup Time": 10848.812,"Actual Total Time": 10907.941,"Actual Rows": 10,"Actual Loops": 1,"Group Key": ["customer.c_custkey", "orders.o_orderkey"],"Planned Partitions": 0,"HashAgg Batches": 1,"Peak Memory Usage": 24601,"Disk Usage": 0,"Plans": [{"Node Type": "Gather","Parent Relationship": "Outer","Parallel Aware": false,"Async Capable": false,"Startup Cost": 216528.94,"Total Cost": 343587.90,"Plan Rows": 475120,"Plan Width": 44,"Actual Startup Time": 10782.037,"Actual Total Time": 10858.151,"Actual Rows": 70,"Actual Loops": 1,"Workers Planned": 3,"Workers Launched": 3,"Single Copy": false,"Plans": [{"Node Type": "Hash Join","Parent Relationship": "Outer","Parallel Aware": true,"Async Capable": false,"Join Type": "Inner","Startup Cost": 215528.94,"Total Cost": 295075.90,"Plan Rows": 153265,"Plan Width": 44,"Actual Startup Time": 10180.765,"Actual Total Time": 10348.312,"Actual Rows": 18,"Actual Loops": 4,"Inner Unique": true,"Hash Cond": "(orders.o_custkey = customer.c_custkey)","Workers": [],"Plans": [{"Node Type": "Nested Loop","Parent Relationship": "Outer","Parallel Aware": false,"Async Capable": false,"Join Type": "Inner","Startup Cost": 210537.69,"Total Cost": 289682.32,"Plan Rows": 153265,"Plan Width": 25,"Actual Startup Time": 10142.809,"Actual Total Time": 10310.270,"Actual Rows": 18,"Actual Loops": 4,"Inner Unique": false,"Workers": [],"Plans": [{"Node Type": "Hash Join","Parent Relationship": "Outer","Parallel Aware": false,"Async Capable": false,"Join Type": "Inner","Startup Cost": 210537.26,"Total Cost": 242741.13,"Plan Rows": 38308,"Plan Width": 24,"Actual Startup Time": 10142.670,"Actual Total Time": 10309.991,"Actual Rows": 2,"Actual Loops": 4,"Inner Unique": true,"Hash Cond": "(orders.o_orderkey = lineitem_1.l_orderkey)","Workers": [],"Plans": [{"Node Type": "Seq Scan","Parent Relationship": "Outer","Parallel Aware": true,"Async Capable": false,"Relation Name": "orders","Alias": "orders","Startup Cost": 0.00,"Total Cost": 30933.71,"Plan Rows": 483871,"Plan Width": 20,"Actual Startup Time": 0.009,"Actual Total Time": 49.040,"Actual Rows": 375000,"Actual Loops": 4,"Workers": []},{"Node Type": "Hash","Parent Relationship": "Inner","Parallel Aware": false,"Async Capable": false,"Startup Cost": 209052.81,"Total Cost": 209052.81,"Plan Rows": 118756,"Plan Width": 4,"Actual Startup Time": 10075.163,"Actual Total Time": 10075.176,"Actual Rows": 10,"Actual Loops": 4,"Hash Buckets": 131072,"Original Hash Buckets": 131072,"Hash Batches": 1,"Original Hash Batches": 1,"Peak Memory Usage": 1025,"Workers": [],"Plans": [{"Node Type": "Aggregate","Strategy": "Hashed","Partial Mode": "Simple","Parent Relationship": "Outer","Parallel Aware": false,"Async Capable": false,"Startup Cost": 202521.23,"Total Cost": 207865.25,"Plan Rows": 118756,"Plan Width": 4,"Actual Startup Time": 6293.151,"Actual Total Time": 10074.968,"Actual Rows": 10,"Actual Loops": 4,"Group Key": ["lineitem_1.l_orderkey"],"Filter": "(sum(lineitem_1.l_quantity) > '312'::numeric)","Planned Partitions": 0,"HashAgg Batches": 1,"Peak Memory Usage": 638993,"Disk Usage": 0,"Rows Removed by Filter": 1499990,"Workers": [{"Worker Number": 0,"HashAgg Batches": 1,"Peak Memory Usage": 638993,"Disk Usage": 0},{"Worker Number": 1,"HashAgg Batches": 1,"Peak Memory Usage": 638993,"Disk Usage": 0},{"Worker Number": 2,"HashAgg Batches": 1,"Peak Memory Usage": 638993,"Disk Usage": 0}],"Plans": [{"Node Type": "Seq Scan","Parent Relationship": "Outer","Parallel Aware": false,"Async Capable": false,"Relation Name": "lineitem","Alias": "lineitem_1","Startup Cost": 0.00,"Total Cost": 172515.15,"Plan Rows": 6001215,"Plan Width": 9,"Actual Startup Time": 0.021,"Actual Total Time": 960.546,"Actual Rows": 6001215,"Actual Loops": 4,"Workers": []}]}]}]},{"Node Type": "Index Scan","Parent Relationship": "Inner","Parallel Aware": false,"Async Capable": false,"Scan Direction": "Forward","Index Name": "idx_lineitem_orderkey","Relation Name": "lineitem","Alias": "lineitem","Startup Cost": 0.43,"Total Cost": 1.06,"Plan Rows": 17,"Plan Width": 9,"Actual Startup Time": 0.072,"Actual Total Time": 0.079,"Actual Rows": 7,"Actual Loops": 10,"Index Cond": "(l_orderkey = orders.o_orderkey)","Rows Removed by Index Recheck": 0,"Workers": []}]},{"Node Type": "Hash","Parent Relationship": "Inner","Parallel Aware": true,"Async Capable": false,"Startup Cost": 4210.00,"Total Cost": 4210.00,"Plan Rows": 62500,"Plan Width": 23,"Actual Startup Time": 37.105,"Actual Total Time": 37.114,"Actual Rows": 37500,"Actual Loops": 4,"Hash Buckets": 262144,"Original Hash Buckets": 262144,"Hash Batches": 1,"Original Hash Batches": 1,"Peak Memory Usage": 10368,"Workers": [],"Plans": [{"Node Type": "Seq Scan","Parent Relationship": "Outer","Parallel Aware": true,"Async Capable": false,"Relation Name": "customer","Alias": "customer","Startup Cost": 0.00,"Total Cost": 4210.00,"Plan Rows": 62500,"Plan Width": 23,"Actual Startup Time": 0.025,"Actual Total Time": 19.726,"Actual Rows": 37500,"Actual Loops": 4,"Workers": []}]}]}]}]}]},"Planning Time": 6.715,"Triggers": [],"Execution Time": 10961.817}]
[{"Plan": {"Node Type": "Sort","Parallel Aware": false,"Async Capable": false,"Startup Cost": 397889.21,"Total Cost": 399077.01,"Plan Rows": 475120,"Plan Width": 71,"Actual Startup Time": 10785.011,"Actual Total Time": 10839.032,"Actual Rows": 9,"Actual Loops": 1,"Sort Key": ["orders.o_totalprice DESC", "orders.o_orderdate"],"Sort Method": "quicksort","Sort Space Used": 25,"Sort Space Type": "Memory","Plans": [{"Node Type": "Aggregate","Strategy": "Hashed","Partial Mode": "Simple","Parent Relationship": "Outer","Parallel Aware": false,"Async Capable": false,"Startup Cost": 347151.30,"Total Cost": 353090.30,"Plan Rows": 475120,"Plan Width": 71,"Actual Startup Time": 10763.855,"Actual Total Time": 10838.848,"Actual Rows": 9,"Actual Loops": 1,"Group Key": ["customer.c_custkey", "orders.o_orderkey"],"Planned Partitions": 0,"HashAgg Batches": 1,"Peak Memory Usage": 24601,"Disk Usage": 0,"Plans": [{"Node Type": "Gather","Parent Relationship": "Outer","Parallel Aware": false,"Async Capable": false,"Startup Cost": 216528.94,"Total Cost": 343587.90,"Plan Rows": 475120,"Plan Width": 44,"Actual Startup Time": 9674.071,"Actual Total Time": 10813.470,"Actual Rows": 63,"Actual Loops": 1,"Workers Planned": 3,"Workers Launched": 3,"Single Copy": false,"Plans": [{"Node Type": "Hash Join","Parent Relationship": "Outer","Parallel Aware": true,"Async Capable": false,"Join Type": "Inner","Startup Cost": 215528.94,"Total Cost": 295075.90,"Plan Rows": 153265,"Plan Width": 44,"Actual Startup Time": 10141.072,"Actual Total Time": 10312.965,"Actual Rows": 16,"Actual Loops": 4,"Inner Unique": true,"Hash Cond": "(orders.o_custkey = customer.c_custkey)","Workers": [],"Plans": [{"Node Type": "Nested Loop","Parent Relationship": "Outer","Parallel Aware": false,"Async Capable": false,"Join Type": "Inner","Startup Cost": 210537.69,"Total Cost": 289682.32,"Plan Rows": 153265,"Plan Width": 25,"Actual Startup Time": 10104.129,"Actual Total Time": 10275.947,"Actual Rows": 16,"Actual Loops": 4,"Inner Unique": false,"Workers": [],"Plans": [{"Node Type": "Hash Join","Parent Relationship": "Outer","Parallel Aware": false,"Async Capable": false,"Join Type": "Inner","Startup Cost": 210537.26,"Total Cost": 242741.13,"Plan Rows": 38308,"Plan Width": 24,"Actual Startup Time": 10104.052,"Actual Total Time": 10275.739,"Actual Rows": 2,"Actual Loops": 4,"Inner Unique": true,"Hash Cond": "(orders.o_orderkey = lineitem_1.l_orderkey)","Workers": [],"Plans": [{"Node Type": "Seq Scan","Parent Relationship": "Outer","Parallel Aware": true,"Async Capable": false,"Relation Name": "orders","Alias": "orders","Startup Cost": 0.00,"Total Cost": 30933.71,"Plan Rows": 483871,"Plan Width": 20,"Actual Startup Time": 0.007,"Actual Total Time": 53.689,"Actual Rows": 375000,"Actual Loops": 4,"Workers": []},{"Node Type": "Hash","Parent Relationship": "Inner","Parallel Aware": false,"Async Capable": false,"Startup Cost": 209052.81,"Total Cost": 209052.81,"Plan Rows": 118756,"Plan Width": 4,"Actual Startup Time": 10025.157,"Actual Total Time": 10025.166,"Actual Rows": 9,"Actual Loops": 4,"Hash Buckets": 131072,"Original Hash Buckets": 131072,"Hash Batches": 1,"Original Hash Batches": 1,"Peak Memory Usage": 1025,"Workers": [],"Plans": [{"Node Type": "Aggregate","Strategy": "Hashed","Partial Mode": "Simple","Parent Relationship": "Outer","Parallel Aware": false,"Async Capable": false,"Startup Cost": 202521.23,"Total Cost": 207865.25,"Plan Rows": 118756,"Plan Width": 4,"Actual Startup Time": 6285.839,"Actual Total Time": 10024.981,"Actual Rows": 9,"Actual Loops": 4,"Group Key": ["lineitem_1.l_orderkey"],"Filter": "(sum(lineitem_1.l_quantity) > '314'::numeric)","Planned Partitions": 0,"HashAgg Batches": 1,"Peak Memory Usage": 638993,"Disk Usage": 0,"Rows Removed by Filter": 1499991,"Workers": [{"Worker Number": 0,"HashAgg Batches": 1,"Peak Memory Usage": 638993,"Disk Usage": 0},{"Worker Number": 1,"HashAgg Batches": 1,"Peak Memory Usage": 638993,"Disk Usage": 0},{"Worker Number": 2,"HashAgg Batches": 1,"Peak Memory Usage": 638993,"Disk Usage": 0}],"Plans": [{"Node Type": "Seq Scan","Parent Relationship": "Outer","Parallel Aware": false,"Async Capable": false,"Relation Name": "lineitem","Alias": "lineitem_1","Startup Cost": 0.00,"Total Cost": 172515.15,"Plan Rows": 6001215,"Plan Width": 9,"Actual Startup Time": 0.019,"Actual Total Time": 931.752,"Actual Rows": 6001215,"Actual Loops": 4,"Workers": []}]}]}]},{"Node Type": "Index Scan","Parent Relationship": "Inner","Parallel Aware": false,"Async Capable": false,"Scan Direction": "Forward","Index Name": "idx_lineitem_orderkey","Relation Name": "lineitem","Alias": "lineitem","Startup Cost": 0.43,"Total Cost": 1.06,"Plan Rows": 17,"Plan Width": 9,"Actual Startup Time": 0.055,"Actual Total Time": 0.062,"Actual Rows": 7,"Actual Loops": 9,"Index Cond": "(l_orderkey = orders.o_orderkey)","Rows Removed by Index Recheck": 0,"Workers": []}]},{"Node Type": "Hash","Parent Relationship": "Inner","Parallel Aware": true,"Async Capable": false,"Startup Cost": 4210.00,"Total Cost": 4210.00,"Plan Rows": 62500,"Plan Width": 23,"Actual Startup Time": 36.172,"Actual Total Time": 36.190,"Actual Rows": 37500,"Actual Loops": 4,"Hash Buckets": 262144,"Original Hash Buckets": 262144,"Hash Batches": 1,"Original Hash Batches": 1,"Peak Memory Usage": 10336,"Workers": [],"Plans": [{"Node Type": "Seq Scan","Parent Relationship": "Outer","Parallel Aware": true,"Async Capable": false,"Relation Name": "customer","Alias": "customer","Startup Cost": 0.00,"Total Cost": 4210.00,"Plan Rows": 62500,"Plan Width": 23,"Actual Startup Time": 0.024,"Actual Total Time": 17.933,"Actual Rows": 37500,"Actual Loops": 4,"Workers": []}]}]}]}]}]},"Planning Time": 6.881,"Triggers": [],"Execution Time": 10893.482}]
[{"Plan": {"Node Type": "Sort","Parallel Aware": false,"Async Capable": false,"Startup Cost": 397889.21,"Total Cost": 399077.01,"Plan Rows": 475120,"Plan Width": 71,"Actual Startup Time": 10345.847,"Actual Total Time": 10377.998,"Actual Rows": 9,"Actual Loops": 1,"Sort Key": ["orders.o_totalprice DESC", "orders.o_orderdate"],"Sort Method": "quicksort","Sort Space Used": 25,"Sort Space Type": "Memory","Plans": [{"Node Type": "Aggregate","Strategy": "Hashed","Partial Mode": "Simple","Parent Relationship": "Outer","Parallel Aware": false,"Async Capable": false,"Startup Cost": 347151.30,"Total Cost": 353090.30,"Plan Rows": 475120,"Plan Width": 71,"Actual Startup Time": 10329.232,"Actual Total Time": 10377.856,"Actual Rows": 9,"Actual Loops": 1,"Group Key": ["customer.c_custkey", "orders.o_orderkey"],"Planned Partitions": 0,"HashAgg Batches": 1,"Peak Memory Usage": 24601,"Disk Usage": 0,"Plans": [{"Node Type": "Gather","Parent Relationship": "Outer","Parallel Aware": false,"Async Capable": false,"Startup Cost": 216528.94,"Total Cost": 343587.90,"Plan Rows": 475120,"Plan Width": 44,"Actual Startup Time": 10053.961,"Actual Total Time": 10357.615,"Actual Rows": 63,"Actual Loops": 1,"Workers Planned": 3,"Workers Launched": 3,"Single Copy": false,"Plans": [{"Node Type": "Hash Join","Parent Relationship": "Outer","Parallel Aware": true,"Async Capable": false,"Join Type": "Inner","Startup Cost": 215528.94,"Total Cost": 295075.90,"Plan Rows": 153265,"Plan Width": 44,"Actual Startup Time": 10157.696,"Actual Total Time": 10258.651,"Actual Rows": 16,"Actual Loops": 4,"Inner Unique": true,"Hash Cond": "(orders.o_custkey = customer.c_custkey)","Workers": [],"Plans": [{"Node Type": "Nested Loop","Parent Relationship": "Outer","Parallel Aware": false,"Async Capable": false,"Join Type": "Inner","Startup Cost": 210537.69,"Total Cost": 289682.32,"Plan Rows": 153265,"Plan Width": 25,"Actual Startup Time": 10123.332,"Actual Total Time": 10224.239,"Actual Rows": 16,"Actual Loops": 4,"Inner Unique": false,"Workers": [],"Plans": [{"Node Type": "Hash Join","Parent Relationship": "Outer","Parallel Aware": false,"Async Capable": false,"Join Type": "Inner","Startup Cost": 210537.26,"Total Cost": 242741.13,"Plan Rows": 38308,"Plan Width": 24,"Actual Startup Time": 10123.186,"Actual Total Time": 10223.998,"Actual Rows": 2,"Actual Loops": 4,"Inner Unique": true,"Hash Cond": "(orders.o_orderkey = lineitem_1.l_orderkey)","Workers": [],"Plans": [{"Node Type": "Seq Scan","Parent Relationship": "Outer","Parallel Aware": true,"Async Capable": false,"Relation Name": "orders","Alias": "orders","Startup Cost": 0.00,"Total Cost": 30933.71,"Plan Rows": 483871,"Plan Width": 20,"Actual Startup Time": 0.011,"Actual Total Time": 49.852,"Actual Rows": 375000,"Actual Loops": 4,"Workers": []},{"Node Type": "Hash","Parent Relationship": "Inner","Parallel Aware": false,"Async Capable": false,"Startup Cost": 209052.81,"Total Cost": 209052.81,"Plan Rows": 118756,"Plan Width": 4,"Actual Startup Time": 10005.666,"Actual Total Time": 10005.673,"Actual Rows": 9,"Actual Loops": 4,"Hash Buckets": 131072,"Original Hash Buckets": 131072,"Hash Batches": 1,"Original Hash Batches": 1,"Peak Memory Usage": 1025,"Workers": [],"Plans": [{"Node Type": "Aggregate","Strategy": "Hashed","Partial Mode": "Simple","Parent Relationship": "Outer","Parallel Aware": false,"Async Capable": false,"Startup Cost": 202521.23,"Total Cost": 207865.25,"Plan Rows": 118756,"Plan Width": 4,"Actual Startup Time": 6310.010,"Actual Total Time": 10005.543,"Actual Rows": 9,"Actual Loops": 4,"Group Key": ["lineitem_1.l_orderkey"],"Filter": "(sum(lineitem_1.l_quantity) > '313'::numeric)","Planned Partitions": 0,"HashAgg Batches": 1,"Peak Memory Usage": 638993,"Disk Usage": 0,"Rows Removed by Filter": 1499991,"Workers": [{"Worker Number": 0,"HashAgg Batches": 1,"Peak Memory Usage": 638993,"Disk Usage": 0},{"Worker Number": 1,"HashAgg Batches": 1,"Peak Memory Usage": 638993,"Disk Usage": 0},{"Worker Number": 2,"HashAgg Batches": 1,"Peak Memory Usage": 638993,"Disk Usage": 0}],"Plans": [{"Node Type": "Seq Scan","Parent Relationship": "Outer","Parallel Aware": false,"Async Capable": false,"Relation Name": "lineitem","Alias": "lineitem_1","Startup Cost": 0.00,"Total Cost": 172515.15,"Plan Rows": 6001215,"Plan Width": 9,"Actual Startup Time": 0.020,"Actual Total Time": 994.479,"Actual Rows": 6001215,"Actual Loops": 4,"Workers": []}]}]}]},{"Node Type": "Index Scan","Parent Relationship": "Inner","Parallel Aware": false,"Async Capable": false,"Scan Direction": "Forward","Index Name": "idx_lineitem_orderkey","Relation Name": "lineitem","Alias": "lineitem","Startup Cost": 0.43,"Total Cost": 1.06,"Plan Rows": 17,"Plan Width": 9,"Actual Startup Time": 0.068,"Actual Total Time": 0.075,"Actual Rows": 7,"Actual Loops": 9,"Index Cond": "(l_orderkey = orders.o_orderkey)","Rows Removed by Index Recheck": 0,"Workers": []}]},{"Node Type": "Hash","Parent Relationship": "Inner","Parallel Aware": true,"Async Capable": false,"Startup Cost": 4210.00,"Total Cost": 4210.00,"Plan Rows": 62500,"Plan Width": 23,"Actual Startup Time": 33.578,"Actual Total Time": 33.582,"Actual Rows": 37500,"Actual Loops": 4,"Hash Buckets": 262144,"Original Hash Buckets": 262144,"Hash Batches": 1,"Original Hash Batches": 1,"Peak Memory Usage": 10336,"Workers": [],"Plans": [{"Node Type": "Seq Scan","Parent Relationship": "Outer","Parallel Aware": true,"Async Capable": false,"Relation Name": "customer","Alias": "customer","Startup Cost": 0.00,"Total Cost": 4210.00,"Plan Rows": 62500,"Plan Width": 23,"Actual Startup Time": 0.023,"Actual Total Time": 16.777,"Actual Rows": 37500,"Actual Loops": 4,"Workers": []}]}]}]}]}]},"Planning Time": 6.662,"Triggers": [],"Execution Time": 10430.266}]
[{"Plan": {"Node Type": "Sort","Parallel Aware": false,"Async Capable": false,"Startup Cost": 397889.21,"Total Cost": 399077.01,"Plan Rows": 475120,"Plan Width": 71,"Actual Startup Time": 10345.847,"Actual Total Time": 10377.998,"Actual Rows": 9,"Actual Loops": 1,"Sort Key": ["orders.o_totalprice DESC", "orders.o_orderdate"],"Sort Method": "quicksort","Sort Space Used": 25,"Sort Space Type": "Memory","Plans": [{"Node Type": "Aggregate","Strategy": "Hashed","Partial Mode": "Simple","Parent Relationship": "Outer","Parallel Aware": false,"Async Capable": false,"Startup Cost": 347151.30,"Total Cost": 353090.30,"Plan Rows": 475120,"Plan Width": 71,"Actual Startup Time": 10329.232,"Actual Total Time": 10377.856,"Actual Rows": 9,"Actual Loops": 1,"Group Key": ["customer.c_custkey", "orders.o_orderkey"],"Planned Partitions": 0,"HashAgg Batches": 1,"Peak Memory Usage": 24601,"Disk Usage": 0,"Plans": [{"Node Type": "Gather","Parent Relationship": "Outer","Parallel Aware": false,"Async Capable": false,"Startup Cost": 216528.94,"Total Cost": 343587.90,"Plan Rows": 475120,"Plan Width": 44,"Actual Startup Time": 10053.961,"Actual Total Time": 10357.615,"Actual Rows": 63,"Actual Loops": 1,"Workers Planned": 3,"Workers Launched": 3,"Single Copy": false,"Plans": [{"Node Type": "Hash Join","Parent Relationship": "Outer","Parallel Aware": true,"Async Capable": false,"Join Type": "Inner","Startup Cost": 215528.94,"Total Cost": 295075.90,"Plan Rows": 153265,"Plan Width": 44,"Actual Startup Time": 10157.696,"Actual Total Time": 10258.651,"Actual Rows": 16,"Actual Loops": 4,"Inner Unique": true,"Hash Cond": "(orders.o_custkey = customer.c_custkey)","Workers": [],"Plans": [{"Node Type": "Nested Loop","Parent Relationship": "Outer","Parallel Aware": false,"Async Capable": false,"Join Type": "Inner","Startup Cost": 210537.69,"Total Cost": 289682.32,"Plan Rows": 153265,"Plan Width": 25,"Actual Startup Time": 10123.332,"Actual Total Time": 10224.239,"Actual Rows": 16,"Actual Loops": 4,"Inner Unique": false,"Workers": [],"Plans": [{"Node Type": "Hash Join","Parent Relationship": "Outer","Parallel Aware": false,"Async Capable": false,"Join Type": "Inner","Startup Cost": 210537.26,"Total Cost": 242741.13,"Plan Rows": 38308,"Plan Width": 24,"Actual Startup Time": 10123.186,"Actual Total Time": 10223.998,"Actual Rows": 2,"Actual Loops": 4,"Inner Unique": true,"Hash Cond": "(orders.o_orderkey = lineitem_1.l_orderkey)","Workers": [],"Plans": [{"Node Type": "Seq Scan","Parent Relationship": "Outer","Parallel Aware": true,"Async Capable": false,"Relation Name": "orders","Alias": "orders","Startup Cost": 0.00,"Total Cost": 30933.71,"Plan Rows": 483871,"Plan Width": 20,"Actual Startup Time": 0.011,"Actual Total Time": 49.852,"Actual Rows": 375000,"Actual Loops": 4,"Workers": []},{"Node Type": "Hash","Parent Relationship": "Inner","Parallel Aware": false,"Async Capable": false,"Startup Cost": 209052.81,"Total Cost": 209052.81,"Plan Rows": 118756,"Plan Width": 4,"Actual Startup Time": 10005.666,"Actual Total Time": 10005.673,"Actual Rows": 9,"Actual Loops": 4,"Hash Buckets": 131072,"Original Hash Buckets": 131072,"Hash Batches": 1,"Original Hash Batches": 1,"Peak Memory Usage": 1025,"Workers": [],"Plans": [{"Node Type": "Aggregate","Strategy": "Hashed","Partial Mode": "Simple","Parent Relationship": "Outer","Parallel Aware": false,"Async Capable": false,"Startup Cost": 202521.23,"Total Cost": 207865.25,"Plan Rows": 118756,"Plan Width": 4,"Actual Startup Time": 6310.010,"Actual Total Time": 10005.543,"Actual Rows": 9,"Actual Loops": 4,"Group Key": ["lineitem_1.l_orderkey"],"Filter": "(sum(lineitem_1.l_quantity) > '313'::numeric)","Planned Partitions": 0,"HashAgg Batches": 1,"Peak Memory Usage": 638993,"Disk Usage": 0,"Rows Removed by Filter": 1499991,"Workers": [{"Worker Number": 0,"HashAgg Batches": 1,"Peak Memory Usage": 638993,"Disk Usage": 0},{"Worker Number": 1,"HashAgg Batches": 1,"Peak Memory Usage": 638993,"Disk Usage": 0},{"Worker Number": 2,"HashAgg Batches": 1,"Peak Memory Usage": 638993,"Disk Usage": 0}],"Plans": [{"Node Type": "Seq Scan","Parent Relationship": "Outer","Parallel Aware": false,"Async Capable": false,"Relation Name": "lineitem","Alias": "lineitem_1","Startup Cost": 0.00,"Total Cost": 172515.15,"Plan Rows": 6001215,"Plan Width": 9,"Actual Startup Time": 0.020,"Actual Total Time": 994.479,"Actual Rows": 6001215,"Actual Loops": 4,"Workers": []}]}]}]},{"Node Type": "Index Scan","Parent Relationship": "Inner","Parallel Aware": false,"Async Capable": false,"Scan Direction": "Forward","Index Name": "idx_lineitem_orderkey","Relation Name": "lineitem","Alias": "lineitem","Startup Cost": 0.43,"Total Cost": 1.06,"Plan Rows": 17,"Plan Width": 9,"Actual Startup Time": 0.068,"Actual Total Time": 0.075,"Actual Rows": 7,"Actual Loops": 9,"Index Cond": "(l_orderkey = orders.o_orderkey)","Rows Removed by Index Recheck": 0,"Workers": []}]},{"Node Type": "Hash","Parent Relationship": "Inner","Parallel Aware": true,"Async Capable": false,"Startup Cost": 4210.00,"Total Cost": 4210.00,"Plan Rows": 62500,"Plan Width": 23,"Actual Startup Time": 33.578,"Actual Total Time": 33.582,"Actual Rows": 37500,"Actual Loops": 4,"Hash Buckets": 262144,"Original Hash Buckets": 262144,"Hash Batches": 1,"Original Hash Batches": 1,"Peak Memory Usage": 10336,"Workers": [],"Plans": [{"Node Type": "Seq Scan","Parent Relationship": "Outer","Parallel Aware": true,"Async Capable": false,"Relation Name": "customer","Alias": "customer","Startup Cost": 0.00,"Total Cost": 4210.00,"Plan Rows": 62500,"Plan Width": 23,"Actual Startup Time": 0.023,"Actual Total Time": 16.777,"Actual Rows": 37500,"Actual Loops": 4,"Workers": []}]}]}]}]}]},"Planning Time": 6.662,"Triggers": [],"Execution Time": 10430.266}]
[{"Plan": {"Node Type": "Sort","Parallel Aware": false,"Async Capable": false,"Startup Cost": 397889.21,"Total Cost": 399077.01,"Plan Rows": 475120,"Plan Width": 71,"Actual Startup Time": 10785.011,"Actual Total Time": 10839.032,"Actual Rows": 9,"Actual Loops": 1,"Sort Key": ["orders.o_totalprice DESC", "orders.o_orderdate"],"Sort Method": "quicksort","Sort Space Used": 25,"Sort Space Type": "Memory","Plans": [{"Node Type": "Aggregate","Strategy": "Hashed","Partial Mode": "Simple","Parent Relationship": "Outer","Parallel Aware": false,"Async Capable": false,"Startup Cost": 347151.30,"Total Cost": 353090.30,"Plan Rows": 475120,"Plan Width": 71,"Actual Startup Time": 10763.855,"Actual Total Time": 10838.848,"Actual Rows": 9,"Actual Loops": 1,"Group Key": ["customer.c_custkey", "orders.o_orderkey"],"Planned Partitions": 0,"HashAgg Batches": 1,"Peak Memory Usage": 24601,"Disk Usage": 0,"Plans": [{"Node Type": "Gather","Parent Relationship": "Outer","Parallel Aware": false,"Async Capable": false,"Startup Cost": 216528.94,"Total Cost": 343587.90,"Plan Rows": 475120,"Plan Width": 44,"Actual Startup Time": 9674.071,"Actual Total Time": 10813.470,"Actual Rows": 63,"Actual Loops": 1,"Workers Planned": 3,"Workers Launched": 3,"Single Copy": false,"Plans": [{"Node Type": "Hash Join","Parent Relationship": "Outer","Parallel Aware": true,"Async Capable": false,"Join Type": "Inner","Startup Cost": 215528.94,"Total Cost": 295075.90,"Plan Rows": 153265,"Plan Width": 44,"Actual Startup Time": 10141.072,"Actual Total Time": 10312.965,"Actual Rows": 16,"Actual Loops": 4,"Inner Unique": true,"Hash Cond": "(orders.o_custkey = customer.c_custkey)","Workers": [],"Plans": [{"Node Type": "Nested Loop","Parent Relationship": "Outer","Parallel Aware": false,"Async Capable": false,"Join Type": "Inner","Startup Cost": 210537.69,"Total Cost": 289682.32,"Plan Rows": 153265,"Plan Width": 25,"Actual Startup Time": 10104.129,"Actual Total Time": 10275.947,"Actual Rows": 16,"Actual Loops": 4,"Inner Unique": false,"Workers": [],"Plans": [{"Node Type": "Hash Join","Parent Relationship": "Outer","Parallel Aware": false,"Async Capable": false,"Join Type": "Inner","Startup Cost": 210537.26,"Total Cost": 242741.13,"Plan Rows": 38308,"Plan Width": 24,"Actual Startup Time": 10104.052,"Actual Total Time": 10275.739,"Actual Rows": 2,"Actual Loops": 4,"Inner Unique": true,"Hash Cond": "(orders.o_orderkey = lineitem_1.l_orderkey)","Workers": [],"Plans": [{"Node Type": "Seq Scan","Parent Relationship": "Outer","Parallel Aware": true,"Async Capable": false,"Relation Name": "orders","Alias": "orders","Startup Cost": 0.00,"Total Cost": 30933.71,"Plan Rows": 483871,"Plan Width": 20,"Actual Startup Time": 0.007,"Actual Total Time": 53.689,"Actual Rows": 375000,"Actual Loops": 4,"Workers": []},{"Node Type": "Hash","Parent Relationship": "Inner","Parallel Aware": false,"Async Capable": false,"Startup Cost": 209052.81,"Total Cost": 209052.81,"Plan Rows": 118756,"Plan Width": 4,"Actual Startup Time": 10025.157,"Actual Total Time": 10025.166,"Actual Rows": 9,"Actual Loops": 4,"Hash Buckets": 131072,"Original Hash Buckets": 131072,"Hash Batches": 1,"Original Hash Batches": 1,"Peak Memory Usage": 1025,"Workers": [],"Plans": [{"Node Type": "Aggregate","Strategy": "Hashed","Partial Mode": "Simple","Parent Relationship": "Outer","Parallel Aware": false,"Async Capable": false,"Startup Cost": 202521.23,"Total Cost": 207865.25,"Plan Rows": 118756,"Plan Width": 4,"Actual Startup Time": 6285.839,"Actual Total Time": 10024.981,"Actual Rows": 9,"Actual Loops": 4,"Group Key": ["lineitem_1.l_orderkey"],"Filter": "(sum(lineitem_1.l_quantity) > '314'::numeric)","Planned Partitions": 0,"HashAgg Batches": 1,"Peak Memory Usage": 638993,"Disk Usage": 0,"Rows Removed by Filter": 1499991,"Workers": [{"Worker Number": 0,"HashAgg Batches": 1,"Peak Memory Usage": 638993,"Disk Usage": 0},{"Worker Number": 1,"HashAgg Batches": 1,"Peak Memory Usage": 638993,"Disk Usage": 0},{"Worker Number": 2,"HashAgg Batches": 1,"Peak Memory Usage": 638993,"Disk Usage": 0}],"Plans": [{"Node Type": "Seq Scan","Parent Relationship": "Outer","Parallel Aware": false,"Async Capable": false,"Relation Name": "lineitem","Alias": "lineitem_1","Startup Cost": 0.00,"Total Cost": 172515.15,"Plan Rows": 6001215,"Plan Width": 9,"Actual Startup Time": 0.019,"Actual Total Time": 931.752,"Actual Rows": 6001215,"Actual Loops": 4,"Workers": []}]}]}]},{"Node Type": "Index Scan","Parent Relationship": "Inner","Parallel Aware": false,"Async Capable": false,"Scan Direction": "Forward","Index Name": "idx_lineitem_orderkey","Relation Name": "lineitem","Alias": "lineitem","Startup Cost": 0.43,"Total Cost": 1.06,"Plan Rows": 17,"Plan Width": 9,"Actual Startup Time": 0.055,"Actual Total Time": 0.062,"Actual Rows": 7,"Actual Loops": 9,"Index Cond": "(l_orderkey = orders.o_orderkey)","Rows Removed by Index Recheck": 0,"Workers": []}]},{"Node Type": "Hash","Parent Relationship": "Inner","Parallel Aware": true,"Async Capable": false,"Startup Cost": 4210.00,"Total Cost": 4210.00,"Plan Rows": 62500,"Plan Width": 23,"Actual Startup Time": 36.172,"Actual Total Time": 36.190,"Actual Rows": 37500,"Actual Loops": 4,"Hash Buckets": 262144,"Original Hash Buckets": 262144,"Hash Batches": 1,"Original Hash Batches": 1,"Peak Memory Usage": 10336,"Workers": [],"Plans": [{"Node Type": "Seq Scan","Parent Relationship": "Outer","Parallel Aware": true,"Async Capable": false,"Relation Name": "customer","Alias": "customer","Startup Cost": 0.00,"Total Cost": 4210.00,"Plan Rows": 62500,"Plan Width": 23,"Actual Startup Time": 0.024,"Actual Total Time": 17.933,"Actual Rows": 37500,"Actual Loops": 4,"Workers": []}]}]}]}]}]},"Planning Time": 6.881,"Triggers": [],"Execution Time": 10893.482}]
[{"Plan": {"Node Type": "Sort","Parallel Aware": false,"Async Capable": false,"Startup Cost": 397889.21,"Total Cost": 399077.01,"Plan Rows": 475120,"Plan Width": 71,"Actual Startup Time": 10887.509,"Actual Total Time": 10908.132,"Actual Rows": 10,"Actual Loops": 1,"Sort Key": ["orders.o_totalprice DESC", "orders.o_orderdate"],"Sort Method": "quicksort","Sort Space Used": 25,"Sort Space Type": "Memory","Plans": [{"Node Type": "Aggregate","Strategy": "Hashed","Partial Mode": "Simple","Parent Relationship": "Outer","Parallel Aware": false,"Async Capable": false,"Startup Cost": 347151.30,"Total Cost": 353090.30,"Plan Rows": 475120,"Plan Width": 71,"Actual Startup Time": 10848.812,"Actual Total Time": 10907.941,"Actual Rows": 10,"Actual Loops": 1,"Group Key": ["customer.c_custkey", "orders.o_orderkey"],"Planned Partitions": 0,"HashAgg Batches": 1,"Peak Memory Usage": 24601,"Disk Usage": 0,"Plans": [{"Node Type": "Gather","Parent Relationship": "Outer","Parallel Aware": false,"Async Capable": false,"Startup Cost": 216528.94,"Total Cost": 343587.90,"Plan Rows": 475120,"Plan Width": 44,"Actual Startup Time": 10782.037,"Actual Total Time": 10858.151,"Actual Rows": 70,"Actual Loops": 1,"Workers Planned": 3,"Workers Launched": 3,"Single Copy": false,"Plans": [{"Node Type": "Hash Join","Parent Relationship": "Outer","Parallel Aware": true,"Async Capable": false,"Join Type": "Inner","Startup Cost": 215528.94,"Total Cost": 295075.90,"Plan Rows": 153265,"Plan Width": 44,"Actual Startup Time": 10180.765,"Actual Total Time": 10348.312,"Actual Rows": 18,"Actual Loops": 4,"Inner Unique": true,"Hash Cond": "(orders.o_custkey = customer.c_custkey)","Workers": [],"Plans": [{"Node Type": "Nested Loop","Parent Relationship": "Outer","Parallel Aware": false,"Async Capable": false,"Join Type": "Inner","Startup Cost": 210537.69,"Total Cost": 289682.32,"Plan Rows": 153265,"Plan Width": 25,"Actual Startup Time": 10142.809,"Actual Total Time": 10310.270,"Actual Rows": 18,"Actual Loops": 4,"Inner Unique": false,"Workers": [],"Plans": [{"Node Type": "Hash Join","Parent Relationship": "Outer","Parallel Aware": false,"Async Capable": false,"Join Type": "Inner","Startup Cost": 210537.26,"Total Cost": 242741.13,"Plan Rows": 38308,"Plan Width": 24,"Actual Startup Time": 10142.670,"Actual Total Time": 10309.991,"Actual Rows": 2,"Actual Loops": 4,"Inner Unique": true,"Hash Cond": "(orders.o_orderkey = lineitem_1.l_orderkey)","Workers": [],"Plans": [{"Node Type": "Seq Scan","Parent Relationship": "Outer","Parallel Aware": true,"Async Capable": false,"Relation Name": "orders","Alias": "orders","Startup Cost": 0.00,"Total Cost": 30933.71,"Plan Rows": 483871,"Plan Width": 20,"Actual Startup Time": 0.009,"Actual Total Time": 49.040,"Actual Rows": 375000,"Actual Loops": 4,"Workers": []},{"Node Type": "Hash","Parent Relationship": "Inner","Parallel Aware": false,"Async Capable": false,"Startup Cost": 209052.81,"Total Cost": 209052.81,"Plan Rows": 118756,"Plan Width": 4,"Actual Startup Time": 10075.163,"Actual Total Time": 10075.176,"Actual Rows": 10,"Actual Loops": 4,"Hash Buckets": 131072,"Original Hash Buckets": 131072,"Hash Batches": 1,"Original Hash Batches": 1,"Peak Memory Usage": 1025,"Workers": [],"Plans": [{"Node Type": "Aggregate","Strategy": "Hashed","Partial Mode": "Simple","Parent Relationship": "Outer","Parallel Aware": false,"Async Capable": false,"Startup Cost": 202521.23,"Total Cost": 207865.25,"Plan Rows": 118756,"Plan Width": 4,"Actual Startup Time": 6293.151,"Actual Total Time": 10074.968,"Actual Rows": 10,"Actual Loops": 4,"Group Key": ["lineitem_1.l_orderkey"],"Filter": "(sum(lineitem_1.l_quantity) > '312'::numeric)","Planned Partitions": 0,"HashAgg Batches": 1,"Peak Memory Usage": 638993,"Disk Usage": 0,"Rows Removed by Filter": 1499990,"Workers": [{"Worker Number": 0,"HashAgg Batches": 1,"Peak Memory Usage": 638993,"Disk Usage": 0},{"Worker Number": 1,"HashAgg Batches": 1,"Peak Memory Usage": 638993,"Disk Usage": 0},{"Worker Number": 2,"HashAgg Batches": 1,"Peak Memory Usage": 638993,"Disk Usage": 0}],"Plans": [{"Node Type": "Seq Scan","Parent Relationship": "Outer","Parallel Aware": false,"Async Capable": false,"Relation Name": "lineitem","Alias": "lineitem_1","Startup Cost": 0.00,"Total Cost": 172515.15,"Plan Rows": 6001215,"Plan Width": 9,"Actual Startup Time": 0.021,"Actual Total Time": 960.546,"Actual Rows": 6001215,"Actual Loops": 4,"Workers": []}]}]}]},{"Node Type": "Index Scan","Parent Relationship": "Inner","Parallel Aware": false,"Async Capable": false,"Scan Direction": "Forward","Index Name": "idx_lineitem_orderkey","Relation Name": "lineitem","Alias": "lineitem","Startup Cost": 0.43,"Total Cost": 1.06,"Plan Rows": 17,"Plan Width": 9,"Actual Startup Time": 0.072,"Actual Total Time": 0.079,"Actual Rows": 7,"Actual Loops": 10,"Index Cond": "(l_orderkey = orders.o_orderkey)","Rows Removed by Index Recheck": 0,"Workers": []}]},{"Node Type": "Hash","Parent Relationship": "Inner","Parallel Aware": true,"Async Capable": false,"Startup Cost": 4210.00,"Total Cost": 4210.00,"Plan Rows": 62500,"Plan Width": 23,"Actual Startup Time": 37.105,"Actual Total Time": 37.114,"Actual Rows": 37500,"Actual Loops": 4,"Hash Buckets": 262144,"Original Hash Buckets": 262144,"Hash Batches": 1,"Original Hash Batches": 1,"Peak Memory Usage": 10368,"Workers": [],"Plans": [{"Node Type": "Seq Scan","Parent Relationship": "Outer","Parallel Aware": true,"Async Capable": false,"Relation Name": "customer","Alias": "customer","Startup Cost": 0.00,"Total Cost": 4210.00,"Plan Rows": 62500,"Plan Width": 23,"Actual Startup Time": 0.025,"Actual Total Time": 19.726,"Actual Rows": 37500,"Actual Loops": 4,"Workers": []}]}]}]}]}]},"Planning Time": 6.715,"Triggers": [],"Execution Time": 10961.817}]
[{"Plan": {"Node Type": "Sort","Parallel Aware": false,"Async Capable": false,"Startup Cost": 397889.21,"Total Cost": 399077.01,"Plan Rows": 475120,"Plan Width": 71,"Actual Startup Time": 10950.105,"Actual Total Time": 10953.954,"Actual Rows": 9,"Actual Loops": 1,"Sort Key": ["orders.o_totalprice DESC", "orders.o_orderdate"],"Sort Method": "quicksort","Sort Space Used": 25,"Sort Space Type": "Memory","Plans": [{"Node Type": "Aggregate","Strategy": "Hashed","Partial Mode": "Simple","Parent Relationship": "Outer","Parallel Aware": false,"Async Capable": false,"Startup Cost": 347151.30,"Total Cost": 353090.30,"Plan Rows": 475120,"Plan Width": 71,"Actual Startup Time": 10902.471,"Actual Total Time": 10953.715,"Actual Rows": 9,"Actual Loops": 1,"Group Key": ["customer.c_custkey", "orders.o_orderkey"],"Planned Partitions": 0,"HashAgg Batches": 1,"Peak Memory Usage": 24601,"Disk Usage": 0,"Plans": [{"Node Type": "Gather","Parent Relationship": "Outer","Parallel Aware": false,"Async Capable": false,"Startup Cost": 216528.94,"Total Cost": 343587.90,"Plan Rows": 475120,"Plan Width": 44,"Actual Startup Time": 10893.800,"Actual Total Time": 10897.693,"Actual Rows": 63,"Actual Loops": 1,"Workers Planned": 3,"Workers Launched": 3,"Single Copy": false,"Plans": [{"Node Type": "Hash Join","Parent Relationship": "Outer","Parallel Aware": true,"Async Capable": false,"Join Type": "Inner","Startup Cost": 215528.94,"Total Cost": 295075.90,"Plan Rows": 153265,"Plan Width": 44,"Actual Startup Time": 10134.253,"Actual Total Time": 10314.794,"Actual Rows": 16,"Actual Loops": 4,"Inner Unique": true,"Hash Cond": "(orders.o_custkey = customer.c_custkey)","Workers": [],"Plans": [{"Node Type": "Nested Loop","Parent Relationship": "Outer","Parallel Aware": false,"Async Capable": false,"Join Type": "Inner","Startup Cost": 210537.69,"Total Cost": 289682.32,"Plan Rows": 153265,"Plan Width": 25,"Actual Startup Time": 10099.687,"Actual Total Time": 10280.153,"Actual Rows": 16,"Actual Loops": 4,"Inner Unique": false,"Workers": [],"Plans": [{"Node Type": "Hash Join","Parent Relationship": "Outer","Parallel Aware": false,"Async Capable": false,"Join Type": "Inner","Startup Cost": 210537.26,"Total Cost": 242741.13,"Plan Rows": 38308,"Plan Width": 24,"Actual Startup Time": 10099.575,"Actual Total Time": 10279.892,"Actual Rows": 2,"Actual Loops": 4,"Inner Unique": true,"Hash Cond": "(orders.o_orderkey = lineitem_1.l_orderkey)","Workers": [],"Plans": [{"Node Type": "Seq Scan","Parent Relationship": "Outer","Parallel Aware": true,"Async Capable": false,"Relation Name": "orders","Alias": "orders","Startup Cost": 0.00,"Total Cost": 30933.71,"Plan Rows": 483871,"Plan Width": 20,"Actual Startup Time": 0.011,"Actual Total Time": 51.627,"Actual Rows": 375000,"Actual Loops": 4,"Workers": []},{"Node Type": "Hash","Parent Relationship": "Inner","Parallel Aware": false,"Async Capable": false,"Startup Cost": 209052.81,"Total Cost": 209052.81,"Plan Rows": 118756,"Plan Width": 4,"Actual Startup Time": 10016.825,"Actual Total Time": 10016.839,"Actual Rows": 9,"Actual Loops": 4,"Hash Buckets": 131072,"Original Hash Buckets": 131072,"Hash Batches": 1,"Original Hash Batches": 1,"Peak Memory Usage": 1025,"Workers": [],"Plans": [{"Node Type": "Aggregate","Strategy": "Hashed","Partial Mode": "Simple","Parent Relationship": "Outer","Parallel Aware": false,"Async Capable": false,"Startup Cost": 202521.23,"Total Cost": 207865.25,"Plan Rows": 118756,"Plan Width": 4,"Actual Startup Time": 6319.140,"Actual Total Time": 10016.671,"Actual Rows": 9,"Actual Loops": 4,"Group Key": ["lineitem_1.l_orderkey"],"Filter": "(sum(lineitem_1.l_quantity) > '315'::numeric)","Planned Partitions": 0,"HashAgg Batches": 1,"Peak Memory Usage": 638993,"Disk Usage": 0,"Rows Removed by Filter": 1499991,"Workers": [{"Worker Number": 0,"HashAgg Batches": 1,"Peak Memory Usage": 638993,"Disk Usage": 0},{"Worker Number": 1,"HashAgg Batches": 1,"Peak Memory Usage": 638993,"Disk Usage": 0},{"Worker Number": 2,"HashAgg Batches": 1,"Peak Memory Usage": 638993,"Disk Usage": 0}],"Plans": [{"Node Type": "Seq Scan","Parent Relationship": "Outer","Parallel Aware": false,"Async Capable": false,"Relation Name": "lineitem","Alias": "lineitem_1","Startup Cost": 0.00,"Total Cost": 172515.15,"Plan Rows": 6001215,"Plan Width": 9,"Actual Startup Time": 0.018,"Actual Total Time": 971.843,"Actual Rows": 6001215,"Actual Loops": 4,"Workers": []}]}]}]},{"Node Type": "Index Scan","Parent Relationship": "Inner","Parallel Aware": false,"Async Capable": false,"Scan Direction": "Forward","Index Name": "idx_lineitem_orderkey","Relation Name": "lineitem","Alias": "lineitem","Startup Cost": 0.43,"Total Cost": 1.06,"Plan Rows": 17,"Plan Width": 9,"Actual Startup Time": 0.069,"Actual Total Time": 0.079,"Actual Rows": 7,"Actual Loops": 9,"Index Cond": "(l_orderkey = orders.o_orderkey)","Rows Removed by Index Recheck": 0,"Workers": []}]},{"Node Type": "Hash","Parent Relationship": "Inner","Parallel Aware": true,"Async Capable": false,"Startup Cost": 4210.00,"Total Cost": 4210.00,"Plan Rows": 62500,"Plan Width": 23,"Actual Startup Time": 33.677,"Actual Total Time": 33.684,"Actual Rows": 37500,"Actual Loops": 4,"Hash Buckets": 262144,"Original Hash Buckets": 262144,"Hash Batches": 1,"Original Hash Batches": 1,"Peak Memory Usage": 10368,"Workers": [],"Plans": [{"Node Type": "Seq Scan","Parent Relationship": "Outer","Parallel Aware": true,"Async Capable": false,"Relation Name": "customer","Alias": "customer","Startup Cost": 0.00,"Total Cost": 4210.00,"Plan Rows": 62500,"Plan Width": 23,"Actual Startup Time": 0.019,"Actual Total Time": 16.715,"Actual Rows": 37500,"Actual Loops": 4,"Workers": []}]}]}]}]}]},"Planning Time": 6.132,"Triggers": [],"Execution Time": 11002.531}]
[{"Plan": {"Node Type": "Sort","Parallel Aware": false,"Async Capable": false,"Startup Cost": 397889.21,"Total Cost": 399077.01,"Plan Rows": 475120,"Plan Width": 71,"Actual Startup Time": 10950.105,"Actual Total Time": 10953.954,"Actual Rows": 9,"Actual Loops": 1,"Sort Key": ["orders.o_totalprice DESC", "orders.o_orderdate"],"Sort Method": "quicksort","Sort Space Used": 25,"Sort Space Type": "Memory","Plans": [{"Node Type": "Aggregate","Strategy": "Hashed","Partial Mode": "Simple","Parent Relationship": "Outer","Parallel Aware": false,"Async Capable": false,"Startup Cost": 347151.30,"Total Cost": 353090.30,"Plan Rows": 475120,"Plan Width": 71,"Actual Startup Time": 10902.471,"Actual Total Time": 10953.715,"Actual Rows": 9,"Actual Loops": 1,"Group Key": ["customer.c_custkey", "orders.o_orderkey"],"Planned Partitions": 0,"HashAgg Batches": 1,"Peak Memory Usage": 24601,"Disk Usage": 0,"Plans": [{"Node Type": "Gather","Parent Relationship": "Outer","Parallel Aware": false,"Async Capable": false,"Startup Cost": 216528.94,"Total Cost": 343587.90,"Plan Rows": 475120,"Plan Width": 44,"Actual Startup Time": 10893.800,"Actual Total Time": 10897.693,"Actual Rows": 63,"Actual Loops": 1,"Workers Planned": 3,"Workers Launched": 3,"Single Copy": false,"Plans": [{"Node Type": "Hash Join","Parent Relationship": "Outer","Parallel Aware": true,"Async Capable": false,"Join Type": "Inner","Startup Cost": 215528.94,"Total Cost": 295075.90,"Plan Rows": 153265,"Plan Width": 44,"Actual Startup Time": 10134.253,"Actual Total Time": 10314.794,"Actual Rows": 16,"Actual Loops": 4,"Inner Unique": true,"Hash Cond": "(orders.o_custkey = customer.c_custkey)","Workers": [],"Plans": [{"Node Type": "Nested Loop","Parent Relationship": "Outer","Parallel Aware": false,"Async Capable": false,"Join Type": "Inner","Startup Cost": 210537.69,"Total Cost": 289682.32,"Plan Rows": 153265,"Plan Width": 25,"Actual Startup Time": 10099.687,"Actual Total Time": 10280.153,"Actual Rows": 16,"Actual Loops": 4,"Inner Unique": false,"Workers": [],"Plans": [{"Node Type": "Hash Join","Parent Relationship": "Outer","Parallel Aware": false,"Async Capable": false,"Join Type": "Inner","Startup Cost": 210537.26,"Total Cost": 242741.13,"Plan Rows": 38308,"Plan Width": 24,"Actual Startup Time": 10099.575,"Actual Total Time": 10279.892,"Actual Rows": 2,"Actual Loops": 4,"Inner Unique": true,"Hash Cond": "(orders.o_orderkey = lineitem_1.l_orderkey)","Workers": [],"Plans": [{"Node Type": "Seq Scan","Parent Relationship": "Outer","Parallel Aware": true,"Async Capable": false,"Relation Name": "orders","Alias": "orders","Startup Cost": 0.00,"Total Cost": 30933.71,"Plan Rows": 483871,"Plan Width": 20,"Actual Startup Time": 0.011,"Actual Total Time": 51.627,"Actual Rows": 375000,"Actual Loops": 4,"Workers": []},{"Node Type": "Hash","Parent Relationship": "Inner","Parallel Aware": false,"Async Capable": false,"Startup Cost": 209052.81,"Total Cost": 209052.81,"Plan Rows": 118756,"Plan Width": 4,"Actual Startup Time": 10016.825,"Actual Total Time": 10016.839,"Actual Rows": 9,"Actual Loops": 4,"Hash Buckets": 131072,"Original Hash Buckets": 131072,"Hash Batches": 1,"Original Hash Batches": 1,"Peak Memory Usage": 1025,"Workers": [],"Plans": [{"Node Type": "Aggregate","Strategy": "Hashed","Partial Mode": "Simple","Parent Relationship": "Outer","Parallel Aware": false,"Async Capable": false,"Startup Cost": 202521.23,"Total Cost": 207865.25,"Plan Rows": 118756,"Plan Width": 4,"Actual Startup Time": 6319.140,"Actual Total Time": 10016.671,"Actual Rows": 9,"Actual Loops": 4,"Group Key": ["lineitem_1.l_orderkey"],"Filter": "(sum(lineitem_1.l_quantity) > '315'::numeric)","Planned Partitions": 0,"HashAgg Batches": 1,"Peak Memory Usage": 638993,"Disk Usage": 0,"Rows Removed by Filter": 1499991,"Workers": [{"Worker Number": 0,"HashAgg Batches": 1,"Peak Memory Usage": 638993,"Disk Usage": 0},{"Worker Number": 1,"HashAgg Batches": 1,"Peak Memory Usage": 638993,"Disk Usage": 0},{"Worker Number": 2,"HashAgg Batches": 1,"Peak Memory Usage": 638993,"Disk Usage": 0}],"Plans": [{"Node Type": "Seq Scan","Parent Relationship": "Outer","Parallel Aware": false,"Async Capable": false,"Relation Name": "lineitem","Alias": "lineitem_1","Startup Cost": 0.00,"Total Cost": 172515.15,"Plan Rows": 6001215,"Plan Width": 9,"Actual Startup Time": 0.018,"Actual Total Time": 971.843,"Actual Rows": 6001215,"Actual Loops": 4,"Workers": []}]}]}]},{"Node Type": "Index Scan","Parent Relationship": "Inner","Parallel Aware": false,"Async Capable": false,"Scan Direction": "Forward","Index Name": "idx_lineitem_orderkey","Relation Name": "lineitem","Alias": "lineitem","Startup Cost": 0.43,"Total Cost": 1.06,"Plan Rows": 17,"Plan Width": 9,"Actual Startup Time": 0.069,"Actual Total Time": 0.079,"Actual Rows": 7,"Actual Loops": 9,"Index Cond": "(l_orderkey = orders.o_orderkey)","Rows Removed by Index Recheck": 0,"Workers": []}]},{"Node Type": "Hash","Parent Relationship": "Inner","Parallel Aware": true,"Async Capable": false,"Startup Cost": 4210.00,"Total Cost": 4210.00,"Plan Rows": 62500,"Plan Width": 23,"Actual Startup Time": 33.677,"Actual Total Time": 33.684,"Actual Rows": 37500,"Actual Loops": 4,"Hash Buckets": 262144,"Original Hash Buckets": 262144,"Hash Batches": 1,"Original Hash Batches": 1,"Peak Memory Usage": 10368,"Workers": [],"Plans": [{"Node Type": "Seq Scan","Parent Relationship": "Outer","Parallel Aware": true,"Async Capable": false,"Relation Name": "customer","Alias": "customer","Startup Cost": 0.00,"Total Cost": 4210.00,"Plan Rows": 62500,"Plan Width": 23,"Actual Startup Time": 0.019,"Actual Total Time": 16.715,"Actual Rows": 37500,"Actual Loops": 4,"Workers": []}]}]}]}]}]},"Planning Time": 6.132,"Triggers": [],"Execution Time": 11002.531}]
[{"Plan": {"Node Type": "Sort","Parallel Aware": false,"Async Capable": false,"Startup Cost": 397889.21,"Total Cost": 399077.01,"Plan Rows": 475120,"Plan Width": 71,"Actual Startup Time": 10785.011,"Actual Total Time": 10839.032,"Actual Rows": 9,"Actual Loops": 1,"Sort Key": ["orders.o_totalprice DESC", "orders.o_orderdate"],"Sort Method": "quicksort","Sort Space Used": 25,"Sort Space Type": "Memory","Plans": [{"Node Type": "Aggregate","Strategy": "Hashed","Partial Mode": "Simple","Parent Relationship": "Outer","Parallel Aware": false,"Async Capable": false,"Startup Cost": 347151.30,"Total Cost": 353090.30,"Plan Rows": 475120,"Plan Width": 71,"Actual Startup Time": 10763.855,"Actual Total Time": 10838.848,"Actual Rows": 9,"Actual Loops": 1,"Group Key": ["customer.c_custkey", "orders.o_orderkey"],"Planned Partitions": 0,"HashAgg Batches": 1,"Peak Memory Usage": 24601,"Disk Usage": 0,"Plans": [{"Node Type": "Gather","Parent Relationship": "Outer","Parallel Aware": false,"Async Capable": false,"Startup Cost": 216528.94,"Total Cost": 343587.90,"Plan Rows": 475120,"Plan Width": 44,"Actual Startup Time": 9674.071,"Actual Total Time": 10813.470,"Actual Rows": 63,"Actual Loops": 1,"Workers Planned": 3,"Workers Launched": 3,"Single Copy": false,"Plans": [{"Node Type": "Hash Join","Parent Relationship": "Outer","Parallel Aware": true,"Async Capable": false,"Join Type": "Inner","Startup Cost": 215528.94,"Total Cost": 295075.90,"Plan Rows": 153265,"Plan Width": 44,"Actual Startup Time": 10141.072,"Actual Total Time": 10312.965,"Actual Rows": 16,"Actual Loops": 4,"Inner Unique": true,"Hash Cond": "(orders.o_custkey = customer.c_custkey)","Workers": [],"Plans": [{"Node Type": "Nested Loop","Parent Relationship": "Outer","Parallel Aware": false,"Async Capable": false,"Join Type": "Inner","Startup Cost": 210537.69,"Total Cost": 289682.32,"Plan Rows": 153265,"Plan Width": 25,"Actual Startup Time": 10104.129,"Actual Total Time": 10275.947,"Actual Rows": 16,"Actual Loops": 4,"Inner Unique": false,"Workers": [],"Plans": [{"Node Type": "Hash Join","Parent Relationship": "Outer","Parallel Aware": false,"Async Capable": false,"Join Type": "Inner","Startup Cost": 210537.26,"Total Cost": 242741.13,"Plan Rows": 38308,"Plan Width": 24,"Actual Startup Time": 10104.052,"Actual Total Time": 10275.739,"Actual Rows": 2,"Actual Loops": 4,"Inner Unique": true,"Hash Cond": "(orders.o_orderkey = lineitem_1.l_orderkey)","Workers": [],"Plans": [{"Node Type": "Seq Scan","Parent Relationship": "Outer","Parallel Aware": true,"Async Capable": false,"Relation Name": "orders","Alias": "orders","Startup Cost": 0.00,"Total Cost": 30933.71,"Plan Rows": 483871,"Plan Width": 20,"Actual Startup Time": 0.007,"Actual Total Time": 53.689,"Actual Rows": 375000,"Actual Loops": 4,"Workers": []},{"Node Type": "Hash","Parent Relationship": "Inner","Parallel Aware": false,"Async Capable": false,"Startup Cost": 209052.81,"Total Cost": 209052.81,"Plan Rows": 118756,"Plan Width": 4,"Actual Startup Time": 10025.157,"Actual Total Time": 10025.166,"Actual Rows": 9,"Actual Loops": 4,"Hash Buckets": 131072,"Original Hash Buckets": 131072,"Hash Batches": 1,"Original Hash Batches": 1,"Peak Memory Usage": 1025,"Workers": [],"Plans": [{"Node Type": "Aggregate","Strategy": "Hashed","Partial Mode": "Simple","Parent Relationship": "Outer","Parallel Aware": false,"Async Capable": false,"Startup Cost": 202521.23,"Total Cost": 207865.25,"Plan Rows": 118756,"Plan Width": 4,"Actual Startup Time": 6285.839,"Actual Total Time": 10024.981,"Actual Rows": 9,"Actual Loops": 4,"Group Key": ["lineitem_1.l_orderkey"],"Filter": "(sum(lineitem_1.l_quantity) > '314'::numeric)","Planned Partitions": 0,"HashAgg Batches": 1,"Peak Memory Usage": 638993,"Disk Usage": 0,"Rows Removed by Filter": 1499991,"Workers": [{"Worker Number": 0,"HashAgg Batches": 1,"Peak Memory Usage": 638993,"Disk Usage": 0},{"Worker Number": 1,"HashAgg Batches": 1,"Peak Memory Usage": 638993,"Disk Usage": 0},{"Worker Number": 2,"HashAgg Batches": 1,"Peak Memory Usage": 638993,"Disk Usage": 0}],"Plans": [{"Node Type": "Seq Scan","Parent Relationship": "Outer","Parallel Aware": false,"Async Capable": false,"Relation Name": "lineitem","Alias": "lineitem_1","Startup Cost": 0.00,"Total Cost": 172515.15,"Plan Rows": 6001215,"Plan Width": 9,"Actual Startup Time": 0.019,"Actual Total Time": 931.752,"Actual Rows": 6001215,"Actual Loops": 4,"Workers": []}]}]}]},{"Node Type": "Index Scan","Parent Relationship": "Inner","Parallel Aware": false,"Async Capable": false,"Scan Direction": "Forward","Index Name": "idx_lineitem_orderkey","Relation Name": "lineitem","Alias": "lineitem","Startup Cost": 0.43,"Total Cost": 1.06,"Plan Rows": 17,"Plan Width": 9,"Actual Startup Time": 0.055,"Actual Total Time": 0.062,"Actual Rows": 7,"Actual Loops": 9,"Index Cond": "(l_orderkey = orders.o_orderkey)","Rows Removed by Index Recheck": 0,"Workers": []}]},{"Node Type": "Hash","Parent Relationship": "Inner","Parallel Aware": true,"Async Capable": false,"Startup Cost": 4210.00,"Total Cost": 4210.00,"Plan Rows": 62500,"Plan Width": 23,"Actual Startup Time": 36.172,"Actual Total Time": 36.190,"Actual Rows": 37500,"Actual Loops": 4,"Hash Buckets": 262144,"Original Hash Buckets": 262144,"Hash Batches": 1,"Original Hash Batches": 1,"Peak Memory Usage": 10336,"Workers": [],"Plans": [{"Node Type": "Seq Scan","Parent Relationship": "Outer","Parallel Aware": true,"Async Capable": false,"Relation Name": "customer","Alias": "customer","Startup Cost": 0.00,"Total Cost": 4210.00,"Plan Rows": 62500,"Plan Width": 23,"Actual Startup Time": 0.024,"Actual Total Time": 17.933,"Actual Rows": 37500,"Actual Loops": 4,"Workers": []}]}]}]}]}]},"Planning Time": 6.881,"Triggers": [],"Execution Time": 10893.482}]
[{"Plan": {"Node Type": "Sort","Parallel Aware": false,"Async Capable": false,"Startup Cost": 397889.21,"Total Cost": 399077.01,"Plan Rows": 475120,"Plan Width": 71,"Actual Startup Time": 10785.011,"Actual Total Time": 10839.032,"Actual Rows": 9,"Actual Loops": 1,"Sort Key": ["orders.o_totalprice DESC", "orders.o_orderdate"],"Sort Method": "quicksort","Sort Space Used": 25,"Sort Space Type": "Memory","Plans": [{"Node Type": "Aggregate","Strategy": "Hashed","Partial Mode": "Simple","Parent Relationship": "Outer","Parallel Aware": false,"Async Capable": false,"Startup Cost": 347151.30,"Total Cost": 353090.30,"Plan Rows": 475120,"Plan Width": 71,"Actual Startup Time": 10763.855,"Actual Total Time": 10838.848,"Actual Rows": 9,"Actual Loops": 1,"Group Key": ["customer.c_custkey", "orders.o_orderkey"],"Planned Partitions": 0,"HashAgg Batches": 1,"Peak Memory Usage": 24601,"Disk Usage": 0,"Plans": [{"Node Type": "Gather","Parent Relationship": "Outer","Parallel Aware": false,"Async Capable": false,"Startup Cost": 216528.94,"Total Cost": 343587.90,"Plan Rows": 475120,"Plan Width": 44,"Actual Startup Time": 9674.071,"Actual Total Time": 10813.470,"Actual Rows": 63,"Actual Loops": 1,"Workers Planned": 3,"Workers Launched": 3,"Single Copy": false,"Plans": [{"Node Type": "Hash Join","Parent Relationship": "Outer","Parallel Aware": true,"Async Capable": false,"Join Type": "Inner","Startup Cost": 215528.94,"Total Cost": 295075.90,"Plan Rows": 153265,"Plan Width": 44,"Actual Startup Time": 10141.072,"Actual Total Time": 10312.965,"Actual Rows": 16,"Actual Loops": 4,"Inner Unique": true,"Hash Cond": "(orders.o_custkey = customer.c_custkey)","Workers": [],"Plans": [{"Node Type": "Nested Loop","Parent Relationship": "Outer","Parallel Aware": false,"Async Capable": false,"Join Type": "Inner","Startup Cost": 210537.69,"Total Cost": 289682.32,"Plan Rows": 153265,"Plan Width": 25,"Actual Startup Time": 10104.129,"Actual Total Time": 10275.947,"Actual Rows": 16,"Actual Loops": 4,"Inner Unique": false,"Workers": [],"Plans": [{"Node Type": "Hash Join","Parent Relationship": "Outer","Parallel Aware": false,"Async Capable": false,"Join Type": "Inner","Startup Cost": 210537.26,"Total Cost": 242741.13,"Plan Rows": 38308,"Plan Width": 24,"Actual Startup Time": 10104.052,"Actual Total Time": 10275.739,"Actual Rows": 2,"Actual Loops": 4,"Inner Unique": true,"Hash Cond": "(orders.o_orderkey = lineitem_1.l_orderkey)","Workers": [],"Plans": [{"Node Type": "Seq Scan","Parent Relationship": "Outer","Parallel Aware": true,"Async Capable": false,"Relation Name": "orders","Alias": "orders","Startup Cost": 0.00,"Total Cost": 30933.71,"Plan Rows": 483871,"Plan Width": 20,"Actual Startup Time": 0.007,"Actual Total Time": 53.689,"Actual Rows": 375000,"Actual Loops": 4,"Workers": []},{"Node Type": "Hash","Parent Relationship": "Inner","Parallel Aware": false,"Async Capable": false,"Startup Cost": 209052.81,"Total Cost": 209052.81,"Plan Rows": 118756,"Plan Width": 4,"Actual Startup Time": 10025.157,"Actual Total Time": 10025.166,"Actual Rows": 9,"Actual Loops": 4,"Hash Buckets": 131072,"Original Hash Buckets": 131072,"Hash Batches": 1,"Original Hash Batches": 1,"Peak Memory Usage": 1025,"Workers": [],"Plans": [{"Node Type": "Aggregate","Strategy": "Hashed","Partial Mode": "Simple","Parent Relationship": "Outer","Parallel Aware": false,"Async Capable": false,"Startup Cost": 202521.23,"Total Cost": 207865.25,"Plan Rows": 118756,"Plan Width": 4,"Actual Startup Time": 6285.839,"Actual Total Time": 10024.981,"Actual Rows": 9,"Actual Loops": 4,"Group Key": ["lineitem_1.l_orderkey"],"Filter": "(sum(lineitem_1.l_quantity) > '314'::numeric)","Planned Partitions": 0,"HashAgg Batches": 1,"Peak Memory Usage": 638993,"Disk Usage": 0,"Rows Removed by Filter": 1499991,"Workers": [{"Worker Number": 0,"HashAgg Batches": 1,"Peak Memory Usage": 638993,"Disk Usage": 0},{"Worker Number": 1,"HashAgg Batches": 1,"Peak Memory Usage": 638993,"Disk Usage": 0},{"Worker Number": 2,"HashAgg Batches": 1,"Peak Memory Usage": 638993,"Disk Usage": 0}],"Plans": [{"Node Type": "Seq Scan","Parent Relationship": "Outer","Parallel Aware": false,"Async Capable": false,"Relation Name": "lineitem","Alias": "lineitem_1","Startup Cost": 0.00,"Total Cost": 172515.15,"Plan Rows": 6001215,"Plan Width": 9,"Actual Startup Time": 0.019,"Actual Total Time": 931.752,"Actual Rows": 6001215,"Actual Loops": 4,"Workers": []}]}]}]},{"Node Type": "Index Scan","Parent Relationship": "Inner","Parallel Aware": false,"Async Capable": false,"Scan Direction": "Forward","Index Name": "idx_lineitem_orderkey","Relation Name": "lineitem","Alias": "lineitem","Startup Cost": 0.43,"Total Cost": 1.06,"Plan Rows": 17,"Plan Width": 9,"Actual Startup Time": 0.055,"Actual Total Time": 0.062,"Actual Rows": 7,"Actual Loops": 9,"Index Cond": "(l_orderkey = orders.o_orderkey)","Rows Removed by Index Recheck": 0,"Workers": []}]},{"Node Type": "Hash","Parent Relationship": "Inner","Parallel Aware": true,"Async Capable": false,"Startup Cost": 4210.00,"Total Cost": 4210.00,"Plan Rows": 62500,"Plan Width": 23,"Actual Startup Time": 36.172,"Actual Total Time": 36.190,"Actual Rows": 37500,"Actual Loops": 4,"Hash Buckets": 262144,"Original Hash Buckets": 262144,"Hash Batches": 1,"Original Hash Batches": 1,"Peak Memory Usage": 10336,"Workers": [],"Plans": [{"Node Type": "Seq Scan","Parent Relationship": "Outer","Parallel Aware": true,"Async Capable": false,"Relation Name": "customer","Alias": "customer","Startup Cost": 0.00,"Total Cost": 4210.00,"Plan Rows": 62500,"Plan Width": 23,"Actual Startup Time": 0.024,"Actual Total Time": 17.933,"Actual Rows": 37500,"Actual Loops": 4,"Workers": []}]}]}]}]}]},"Planning Time": 6.881,"Triggers": [],"Execution Time": 10893.482}]
[{"Plan": {"Node Type": "Sort","Parallel Aware": false,"Async Capable": false,"Startup Cost": 397889.21,"Total Cost": 399077.01,"Plan Rows": 475120,"Plan Width": 71,"Actual Startup Time": 10950.105,"Actual Total Time": 10953.954,"Actual Rows": 9,"Actual Loops": 1,"Sort Key": ["orders.o_totalprice DESC", "orders.o_orderdate"],"Sort Method": "quicksort","Sort Space Used": 25,"Sort Space Type": "Memory","Plans": [{"Node Type": "Aggregate","Strategy": "Hashed","Partial Mode": "Simple","Parent Relationship": "Outer","Parallel Aware": false,"Async Capable": false,"Startup Cost": 347151.30,"Total Cost": 353090.30,"Plan Rows": 475120,"Plan Width": 71,"Actual Startup Time": 10902.471,"Actual Total Time": 10953.715,"Actual Rows": 9,"Actual Loops": 1,"Group Key": ["customer.c_custkey", "orders.o_orderkey"],"Planned Partitions": 0,"HashAgg Batches": 1,"Peak Memory Usage": 24601,"Disk Usage": 0,"Plans": [{"Node Type": "Gather","Parent Relationship": "Outer","Parallel Aware": false,"Async Capable": false,"Startup Cost": 216528.94,"Total Cost": 343587.90,"Plan Rows": 475120,"Plan Width": 44,"Actual Startup Time": 10893.800,"Actual Total Time": 10897.693,"Actual Rows": 63,"Actual Loops": 1,"Workers Planned": 3,"Workers Launched": 3,"Single Copy": false,"Plans": [{"Node Type": "Hash Join","Parent Relationship": "Outer","Parallel Aware": true,"Async Capable": false,"Join Type": "Inner","Startup Cost": 215528.94,"Total Cost": 295075.90,"Plan Rows": 153265,"Plan Width": 44,"Actual Startup Time": 10134.253,"Actual Total Time": 10314.794,"Actual Rows": 16,"Actual Loops": 4,"Inner Unique": true,"Hash Cond": "(orders.o_custkey = customer.c_custkey)","Workers": [],"Plans": [{"Node Type": "Nested Loop","Parent Relationship": "Outer","Parallel Aware": false,"Async Capable": false,"Join Type": "Inner","Startup Cost": 210537.69,"Total Cost": 289682.32,"Plan Rows": 153265,"Plan Width": 25,"Actual Startup Time": 10099.687,"Actual Total Time": 10280.153,"Actual Rows": 16,"Actual Loops": 4,"Inner Unique": false,"Workers": [],"Plans": [{"Node Type": "Hash Join","Parent Relationship": "Outer","Parallel Aware": false,"Async Capable": false,"Join Type": "Inner","Startup Cost": 210537.26,"Total Cost": 242741.13,"Plan Rows": 38308,"Plan Width": 24,"Actual Startup Time": 10099.575,"Actual Total Time": 10279.892,"Actual Rows": 2,"Actual Loops": 4,"Inner Unique": true,"Hash Cond": "(orders.o_orderkey = lineitem_1.l_orderkey)","Workers": [],"Plans": [{"Node Type": "Seq Scan","Parent Relationship": "Outer","Parallel Aware": true,"Async Capable": false,"Relation Name": "orders","Alias": "orders","Startup Cost": 0.00,"Total Cost": 30933.71,"Plan Rows": 483871,"Plan Width": 20,"Actual Startup Time": 0.011,"Actual Total Time": 51.627,"Actual Rows": 375000,"Actual Loops": 4,"Workers": []},{"Node Type": "Hash","Parent Relationship": "Inner","Parallel Aware": false,"Async Capable": false,"Startup Cost": 209052.81,"Total Cost": 209052.81,"Plan Rows": 118756,"Plan Width": 4,"Actual Startup Time": 10016.825,"Actual Total Time": 10016.839,"Actual Rows": 9,"Actual Loops": 4,"Hash Buckets": 131072,"Original Hash Buckets": 131072,"Hash Batches": 1,"Original Hash Batches": 1,"Peak Memory Usage": 1025,"Workers": [],"Plans": [{"Node Type": "Aggregate","Strategy": "Hashed","Partial Mode": "Simple","Parent Relationship": "Outer","Parallel Aware": false,"Async Capable": false,"Startup Cost": 202521.23,"Total Cost": 207865.25,"Plan Rows": 118756,"Plan Width": 4,"Actual Startup Time": 6319.140,"Actual Total Time": 10016.671,"Actual Rows": 9,"Actual Loops": 4,"Group Key": ["lineitem_1.l_orderkey"],"Filter": "(sum(lineitem_1.l_quantity) > '315'::numeric)","Planned Partitions": 0,"HashAgg Batches": 1,"Peak Memory Usage": 638993,"Disk Usage": 0,"Rows Removed by Filter": 1499991,"Workers": [{"Worker Number": 0,"HashAgg Batches": 1,"Peak Memory Usage": 638993,"Disk Usage": 0},{"Worker Number": 1,"HashAgg Batches": 1,"Peak Memory Usage": 638993,"Disk Usage": 0},{"Worker Number": 2,"HashAgg Batches": 1,"Peak Memory Usage": 638993,"Disk Usage": 0}],"Plans": [{"Node Type": "Seq Scan","Parent Relationship": "Outer","Parallel Aware": false,"Async Capable": false,"Relation Name": "lineitem","Alias": "lineitem_1","Startup Cost": 0.00,"Total Cost": 172515.15,"Plan Rows": 6001215,"Plan Width": 9,"Actual Startup Time": 0.018,"Actual Total Time": 971.843,"Actual Rows": 6001215,"Actual Loops": 4,"Workers": []}]}]}]},{"Node Type": "Index Scan","Parent Relationship": "Inner","Parallel Aware": false,"Async Capable": false,"Scan Direction": "Forward","Index Name": "idx_lineitem_orderkey","Relation Name": "lineitem","Alias": "lineitem","Startup Cost": 0.43,"Total Cost": 1.06,"Plan Rows": 17,"Plan Width": 9,"Actual Startup Time": 0.069,"Actual Total Time": 0.079,"Actual Rows": 7,"Actual Loops": 9,"Index Cond": "(l_orderkey = orders.o_orderkey)","Rows Removed by Index Recheck": 0,"Workers": []}]},{"Node Type": "Hash","Parent Relationship": "Inner","Parallel Aware": true,"Async Capable": false,"Startup Cost": 4210.00,"Total Cost": 4210.00,"Plan Rows": 62500,"Plan Width": 23,"Actual Startup Time": 33.677,"Actual Total Time": 33.684,"Actual Rows": 37500,"Actual Loops": 4,"Hash Buckets": 262144,"Original Hash Buckets": 262144,"Hash Batches": 1,"Original Hash Batches": 1,"Peak Memory Usage": 10368,"Workers": [],"Plans": [{"Node Type": "Seq Scan","Parent Relationship": "Outer","Parallel Aware": true,"Async Capable": false,"Relation Name": "customer","Alias": "customer","Startup Cost": 0.00,"Total Cost": 4210.00,"Plan Rows": 62500,"Plan Width": 23,"Actual Startup Time": 0.019,"Actual Total Time": 16.715,"Actual Rows": 37500,"Actual Loops": 4,"Workers": []}]}]}]}]}]},"Planning Time": 6.132,"Triggers": [],"Execution Time": 11002.531}]
[{"Plan": {"Node Type": "Sort","Parallel Aware": false,"Async Capable": false,"Startup Cost": 397889.21,"Total Cost": 399077.01,"Plan Rows": 475120,"Plan Width": 71,"Actual Startup Time": 10345.847,"Actual Total Time": 10377.998,"Actual Rows": 9,"Actual Loops": 1,"Sort Key": ["orders.o_totalprice DESC", "orders.o_orderdate"],"Sort Method": "quicksort","Sort Space Used": 25,"Sort Space Type": "Memory","Plans": [{"Node Type": "Aggregate","Strategy": "Hashed","Partial Mode": "Simple","Parent Relationship": "Outer","Parallel Aware": false,"Async Capable": false,"Startup Cost": 347151.30,"Total Cost": 353090.30,"Plan Rows": 475120,"Plan Width": 71,"Actual Startup Time": 10329.232,"Actual Total Time": 10377.856,"Actual Rows": 9,"Actual Loops": 1,"Group Key": ["customer.c_custkey", "orders.o_orderkey"],"Planned Partitions": 0,"HashAgg Batches": 1,"Peak Memory Usage": 24601,"Disk Usage": 0,"Plans": [{"Node Type": "Gather","Parent Relationship": "Outer","Parallel Aware": false,"Async Capable": false,"Startup Cost": 216528.94,"Total Cost": 343587.90,"Plan Rows": 475120,"Plan Width": 44,"Actual Startup Time": 10053.961,"Actual Total Time": 10357.615,"Actual Rows": 63,"Actual Loops": 1,"Workers Planned": 3,"Workers Launched": 3,"Single Copy": false,"Plans": [{"Node Type": "Hash Join","Parent Relationship": "Outer","Parallel Aware": true,"Async Capable": false,"Join Type": "Inner","Startup Cost": 215528.94,"Total Cost": 295075.90,"Plan Rows": 153265,"Plan Width": 44,"Actual Startup Time": 10157.696,"Actual Total Time": 10258.651,"Actual Rows": 16,"Actual Loops": 4,"Inner Unique": true,"Hash Cond": "(orders.o_custkey = customer.c_custkey)","Workers": [],"Plans": [{"Node Type": "Nested Loop","Parent Relationship": "Outer","Parallel Aware": false,"Async Capable": false,"Join Type": "Inner","Startup Cost": 210537.69,"Total Cost": 289682.32,"Plan Rows": 153265,"Plan Width": 25,"Actual Startup Time": 10123.332,"Actual Total Time": 10224.239,"Actual Rows": 16,"Actual Loops": 4,"Inner Unique": false,"Workers": [],"Plans": [{"Node Type": "Hash Join","Parent Relationship": "Outer","Parallel Aware": false,"Async Capable": false,"Join Type": "Inner","Startup Cost": 210537.26,"Total Cost": 242741.13,"Plan Rows": 38308,"Plan Width": 24,"Actual Startup Time": 10123.186,"Actual Total Time": 10223.998,"Actual Rows": 2,"Actual Loops": 4,"Inner Unique": true,"Hash Cond": "(orders.o_orderkey = lineitem_1.l_orderkey)","Workers": [],"Plans": [{"Node Type": "Seq Scan","Parent Relationship": "Outer","Parallel Aware": true,"Async Capable": false,"Relation Name": "orders","Alias": "orders","Startup Cost": 0.00,"Total Cost": 30933.71,"Plan Rows": 483871,"Plan Width": 20,"Actual Startup Time": 0.011,"Actual Total Time": 49.852,"Actual Rows": 375000,"Actual Loops": 4,"Workers": []},{"Node Type": "Hash","Parent Relationship": "Inner","Parallel Aware": false,"Async Capable": false,"Startup Cost": 209052.81,"Total Cost": 209052.81,"Plan Rows": 118756,"Plan Width": 4,"Actual Startup Time": 10005.666,"Actual Total Time": 10005.673,"Actual Rows": 9,"Actual Loops": 4,"Hash Buckets": 131072,"Original Hash Buckets": 131072,"Hash Batches": 1,"Original Hash Batches": 1,"Peak Memory Usage": 1025,"Workers": [],"Plans": [{"Node Type": "Aggregate","Strategy": "Hashed","Partial Mode": "Simple","Parent Relationship": "Outer","Parallel Aware": false,"Async Capable": false,"Startup Cost": 202521.23,"Total Cost": 207865.25,"Plan Rows": 118756,"Plan Width": 4,"Actual Startup Time": 6310.010,"Actual Total Time": 10005.543,"Actual Rows": 9,"Actual Loops": 4,"Group Key": ["lineitem_1.l_orderkey"],"Filter": "(sum(lineitem_1.l_quantity) > '313'::numeric)","Planned Partitions": 0,"HashAgg Batches": 1,"Peak Memory Usage": 638993,"Disk Usage": 0,"Rows Removed by Filter": 1499991,"Workers": [{"Worker Number": 0,"HashAgg Batches": 1,"Peak Memory Usage": 638993,"Disk Usage": 0},{"Worker Number": 1,"HashAgg Batches": 1,"Peak Memory Usage": 638993,"Disk Usage": 0},{"Worker Number": 2,"HashAgg Batches": 1,"Peak Memory Usage": 638993,"Disk Usage": 0}],"Plans": [{"Node Type": "Seq Scan","Parent Relationship": "Outer","Parallel Aware": false,"Async Capable": false,"Relation Name": "lineitem","Alias": "lineitem_1","Startup Cost": 0.00,"Total Cost": 172515.15,"Plan Rows": 6001215,"Plan Width": 9,"Actual Startup Time": 0.020,"Actual Total Time": 994.479,"Actual Rows": 6001215,"Actual Loops": 4,"Workers": []}]}]}]},{"Node Type": "Index Scan","Parent Relationship": "Inner","Parallel Aware": false,"Async Capable": false,"Scan Direction": "Forward","Index Name": "idx_lineitem_orderkey","Relation Name": "lineitem","Alias": "lineitem","Startup Cost": 0.43,"Total Cost": 1.06,"Plan Rows": 17,"Plan Width": 9,"Actual Startup Time": 0.068,"Actual Total Time": 0.075,"Actual Rows": 7,"Actual Loops": 9,"Index Cond": "(l_orderkey = orders.o_orderkey)","Rows Removed by Index Recheck": 0,"Workers": []}]},{"Node Type": "Hash","Parent Relationship": "Inner","Parallel Aware": true,"Async Capable": false,"Startup Cost": 4210.00,"Total Cost": 4210.00,"Plan Rows": 62500,"Plan Width": 23,"Actual Startup Time": 33.578,"Actual Total Time": 33.582,"Actual Rows": 37500,"Actual Loops": 4,"Hash Buckets": 262144,"Original Hash Buckets": 262144,"Hash Batches": 1,"Original Hash Batches": 1,"Peak Memory Usage": 10336,"Workers": [],"Plans": [{"Node Type": "Seq Scan","Parent Relationship": "Outer","Parallel Aware": true,"Async Capable": false,"Relation Name": "customer","Alias": "customer","Startup Cost": 0.00,"Total Cost": 4210.00,"Plan Rows": 62500,"Plan Width": 23,"Actual Startup Time": 0.023,"Actual Total Time": 16.777,"Actual Rows": 37500,"Actual Loops": 4,"Workers": []}]}]}]}]}]},"Planning Time": 6.662,"Triggers": [],"Execution Time": 10430.266}]
[{"Plan": {"Node Type": "Sort","Parallel Aware": false,"Async Capable": false,"Startup Cost": 397889.21,"Total Cost": 399077.01,"Plan Rows": 475120,"Plan Width": 71,"Actual Startup Time": 10950.105,"Actual Total Time": 10953.954,"Actual Rows": 9,"Actual Loops": 1,"Sort Key": ["orders.o_totalprice DESC", "orders.o_orderdate"],"Sort Method": "quicksort","Sort Space Used": 25,"Sort Space Type": "Memory","Plans": [{"Node Type": "Aggregate","Strategy": "Hashed","Partial Mode": "Simple","Parent Relationship": "Outer","Parallel Aware": false,"Async Capable": false,"Startup Cost": 347151.30,"Total Cost": 353090.30,"Plan Rows": 475120,"Plan Width": 71,"Actual Startup Time": 10902.471,"Actual Total Time": 10953.715,"Actual Rows": 9,"Actual Loops": 1,"Group Key": ["customer.c_custkey", "orders.o_orderkey"],"Planned Partitions": 0,"HashAgg Batches": 1,"Peak Memory Usage": 24601,"Disk Usage": 0,"Plans": [{"Node Type": "Gather","Parent Relationship": "Outer","Parallel Aware": false,"Async Capable": false,"Startup Cost": 216528.94,"Total Cost": 343587.90,"Plan Rows": 475120,"Plan Width": 44,"Actual Startup Time": 10893.800,"Actual Total Time": 10897.693,"Actual Rows": 63,"Actual Loops": 1,"Workers Planned": 3,"Workers Launched": 3,"Single Copy": false,"Plans": [{"Node Type": "Hash Join","Parent Relationship": "Outer","Parallel Aware": true,"Async Capable": false,"Join Type": "Inner","Startup Cost": 215528.94,"Total Cost": 295075.90,"Plan Rows": 153265,"Plan Width": 44,"Actual Startup Time": 10134.253,"Actual Total Time": 10314.794,"Actual Rows": 16,"Actual Loops": 4,"Inner Unique": true,"Hash Cond": "(orders.o_custkey = customer.c_custkey)","Workers": [],"Plans": [{"Node Type": "Nested Loop","Parent Relationship": "Outer","Parallel Aware": false,"Async Capable": false,"Join Type": "Inner","Startup Cost": 210537.69,"Total Cost": 289682.32,"Plan Rows": 153265,"Plan Width": 25,"Actual Startup Time": 10099.687,"Actual Total Time": 10280.153,"Actual Rows": 16,"Actual Loops": 4,"Inner Unique": false,"Workers": [],"Plans": [{"Node Type": "Hash Join","Parent Relationship": "Outer","Parallel Aware": false,"Async Capable": false,"Join Type": "Inner","Startup Cost": 210537.26,"Total Cost": 242741.13,"Plan Rows": 38308,"Plan Width": 24,"Actual Startup Time": 10099.575,"Actual Total Time": 10279.892,"Actual Rows": 2,"Actual Loops": 4,"Inner Unique": true,"Hash Cond": "(orders.o_orderkey = lineitem_1.l_orderkey)","Workers": [],"Plans": [{"Node Type": "Seq Scan","Parent Relationship": "Outer","Parallel Aware": true,"Async Capable": false,"Relation Name": "orders","Alias": "orders","Startup Cost": 0.00,"Total Cost": 30933.71,"Plan Rows": 483871,"Plan Width": 20,"Actual Startup Time": 0.011,"Actual Total Time": 51.627,"Actual Rows": 375000,"Actual Loops": 4,"Workers": []},{"Node Type": "Hash","Parent Relationship": "Inner","Parallel Aware": false,"Async Capable": false,"Startup Cost": 209052.81,"Total Cost": 209052.81,"Plan Rows": 118756,"Plan Width": 4,"Actual Startup Time": 10016.825,"Actual Total Time": 10016.839,"Actual Rows": 9,"Actual Loops": 4,"Hash Buckets": 131072,"Original Hash Buckets": 131072,"Hash Batches": 1,"Original Hash Batches": 1,"Peak Memory Usage": 1025,"Workers": [],"Plans": [{"Node Type": "Aggregate","Strategy": "Hashed","Partial Mode": "Simple","Parent Relationship": "Outer","Parallel Aware": false,"Async Capable": false,"Startup Cost": 202521.23,"Total Cost": 207865.25,"Plan Rows": 118756,"Plan Width": 4,"Actual Startup Time": 6319.140,"Actual Total Time": 10016.671,"Actual Rows": 9,"Actual Loops": 4,"Group Key": ["lineitem_1.l_orderkey"],"Filter": "(sum(lineitem_1.l_quantity) > '315'::numeric)","Planned Partitions": 0,"HashAgg Batches": 1,"Peak Memory Usage": 638993,"Disk Usage": 0,"Rows Removed by Filter": 1499991,"Workers": [{"Worker Number": 0,"HashAgg Batches": 1,"Peak Memory Usage": 638993,"Disk Usage": 0},{"Worker Number": 1,"HashAgg Batches": 1,"Peak Memory Usage": 638993,"Disk Usage": 0},{"Worker Number": 2,"HashAgg Batches": 1,"Peak Memory Usage": 638993,"Disk Usage": 0}],"Plans": [{"Node Type": "Seq Scan","Parent Relationship": "Outer","Parallel Aware": false,"Async Capable": false,"Relation Name": "lineitem","Alias": "lineitem_1","Startup Cost": 0.00,"Total Cost": 172515.15,"Plan Rows": 6001215,"Plan Width": 9,"Actual Startup Time": 0.018,"Actual Total Time": 971.843,"Actual Rows": 6001215,"Actual Loops": 4,"Workers": []}]}]}]},{"Node Type": "Index Scan","Parent Relationship": "Inner","Parallel Aware": false,"Async Capable": false,"Scan Direction": "Forward","Index Name": "idx_lineitem_orderkey","Relation Name": "lineitem","Alias": "lineitem","Startup Cost": 0.43,"Total Cost": 1.06,"Plan Rows": 17,"Plan Width": 9,"Actual Startup Time": 0.069,"Actual Total Time": 0.079,"Actual Rows": 7,"Actual Loops": 9,"Index Cond": "(l_orderkey = orders.o_orderkey)","Rows Removed by Index Recheck": 0,"Workers": []}]},{"Node Type": "Hash","Parent Relationship": "Inner","Parallel Aware": true,"Async Capable": false,"Startup Cost": 4210.00,"Total Cost": 4210.00,"Plan Rows": 62500,"Plan Width": 23,"Actual Startup Time": 33.677,"Actual Total Time": 33.684,"Actual Rows": 37500,"Actual Loops": 4,"Hash Buckets": 262144,"Original Hash Buckets": 262144,"Hash Batches": 1,"Original Hash Batches": 1,"Peak Memory Usage": 10368,"Workers": [],"Plans": [{"Node Type": "Seq Scan","Parent Relationship": "Outer","Parallel Aware": true,"Async Capable": false,"Relation Name": "customer","Alias": "customer","Startup Cost": 0.00,"Total Cost": 4210.00,"Plan Rows": 62500,"Plan Width": 23,"Actual Startup Time": 0.019,"Actual Total Time": 16.715,"Actual Rows": 37500,"Actual Loops": 4,"Workers": []}]}]}]}]}]},"Planning Time": 6.132,"Triggers": [],"Execution Time": 11002.531}]
[{"Plan": {"Node Type": "Sort","Parallel Aware": false,"Async Capable": false,"Startup Cost": 397889.21,"Total Cost": 399077.01,"Plan Rows": 475120,"Plan Width": 71,"Actual Startup Time": 10887.509,"Actual Total Time": 10908.132,"Actual Rows": 10,"Actual Loops": 1,"Sort Key": ["orders.o_totalprice DESC", "orders.o_orderdate"],"Sort Method": "quicksort","Sort Space Used": 25,"Sort Space Type": "Memory","Plans": [{"Node Type": "Aggregate","Strategy": "Hashed","Partial Mode": "Simple","Parent Relationship": "Outer","Parallel Aware": false,"Async Capable": false,"Startup Cost": 347151.30,"Total Cost": 353090.30,"Plan Rows": 475120,"Plan Width": 71,"Actual Startup Time": 10848.812,"Actual Total Time": 10907.941,"Actual Rows": 10,"Actual Loops": 1,"Group Key": ["customer.c_custkey", "orders.o_orderkey"],"Planned Partitions": 0,"HashAgg Batches": 1,"Peak Memory Usage": 24601,"Disk Usage": 0,"Plans": [{"Node Type": "Gather","Parent Relationship": "Outer","Parallel Aware": false,"Async Capable": false,"Startup Cost": 216528.94,"Total Cost": 343587.90,"Plan Rows": 475120,"Plan Width": 44,"Actual Startup Time": 10782.037,"Actual Total Time": 10858.151,"Actual Rows": 70,"Actual Loops": 1,"Workers Planned": 3,"Workers Launched": 3,"Single Copy": false,"Plans": [{"Node Type": "Hash Join","Parent Relationship": "Outer","Parallel Aware": true,"Async Capable": false,"Join Type": "Inner","Startup Cost": 215528.94,"Total Cost": 295075.90,"Plan Rows": 153265,"Plan Width": 44,"Actual Startup Time": 10180.765,"Actual Total Time": 10348.312,"Actual Rows": 18,"Actual Loops": 4,"Inner Unique": true,"Hash Cond": "(orders.o_custkey = customer.c_custkey)","Workers": [],"Plans": [{"Node Type": "Nested Loop","Parent Relationship": "Outer","Parallel Aware": false,"Async Capable": false,"Join Type": "Inner","Startup Cost": 210537.69,"Total Cost": 289682.32,"Plan Rows": 153265,"Plan Width": 25,"Actual Startup Time": 10142.809,"Actual Total Time": 10310.270,"Actual Rows": 18,"Actual Loops": 4,"Inner Unique": false,"Workers": [],"Plans": [{"Node Type": "Hash Join","Parent Relationship": "Outer","Parallel Aware": false,"Async Capable": false,"Join Type": "Inner","Startup Cost": 210537.26,"Total Cost": 242741.13,"Plan Rows": 38308,"Plan Width": 24,"Actual Startup Time": 10142.670,"Actual Total Time": 10309.991,"Actual Rows": 2,"Actual Loops": 4,"Inner Unique": true,"Hash Cond": "(orders.o_orderkey = lineitem_1.l_orderkey)","Workers": [],"Plans": [{"Node Type": "Seq Scan","Parent Relationship": "Outer","Parallel Aware": true,"Async Capable": false,"Relation Name": "orders","Alias": "orders","Startup Cost": 0.00,"Total Cost": 30933.71,"Plan Rows": 483871,"Plan Width": 20,"Actual Startup Time": 0.009,"Actual Total Time": 49.040,"Actual Rows": 375000,"Actual Loops": 4,"Workers": []},{"Node Type": "Hash","Parent Relationship": "Inner","Parallel Aware": false,"Async Capable": false,"Startup Cost": 209052.81,"Total Cost": 209052.81,"Plan Rows": 118756,"Plan Width": 4,"Actual Startup Time": 10075.163,"Actual Total Time": 10075.176,"Actual Rows": 10,"Actual Loops": 4,"Hash Buckets": 131072,"Original Hash Buckets": 131072,"Hash Batches": 1,"Original Hash Batches": 1,"Peak Memory Usage": 1025,"Workers": [],"Plans": [{"Node Type": "Aggregate","Strategy": "Hashed","Partial Mode": "Simple","Parent Relationship": "Outer","Parallel Aware": false,"Async Capable": false,"Startup Cost": 202521.23,"Total Cost": 207865.25,"Plan Rows": 118756,"Plan Width": 4,"Actual Startup Time": 6293.151,"Actual Total Time": 10074.968,"Actual Rows": 10,"Actual Loops": 4,"Group Key": ["lineitem_1.l_orderkey"],"Filter": "(sum(lineitem_1.l_quantity) > '312'::numeric)","Planned Partitions": 0,"HashAgg Batches": 1,"Peak Memory Usage": 638993,"Disk Usage": 0,"Rows Removed by Filter": 1499990,"Workers": [{"Worker Number": 0,"HashAgg Batches": 1,"Peak Memory Usage": 638993,"Disk Usage": 0},{"Worker Number": 1,"HashAgg Batches": 1,"Peak Memory Usage": 638993,"Disk Usage": 0},{"Worker Number": 2,"HashAgg Batches": 1,"Peak Memory Usage": 638993,"Disk Usage": 0}],"Plans": [{"Node Type": "Seq Scan","Parent Relationship": "Outer","Parallel Aware": false,"Async Capable": false,"Relation Name": "lineitem","Alias": "lineitem_1","Startup Cost": 0.00,"Total Cost": 172515.15,"Plan Rows": 6001215,"Plan Width": 9,"Actual Startup Time": 0.021,"Actual Total Time": 960.546,"Actual Rows": 6001215,"Actual Loops": 4,"Workers": []}]}]}]},{"Node Type": "Index Scan","Parent Relationship": "Inner","Parallel Aware": false,"Async Capable": false,"Scan Direction": "Forward","Index Name": "idx_lineitem_orderkey","Relation Name": "lineitem","Alias": "lineitem","Startup Cost": 0.43,"Total Cost": 1.06,"Plan Rows": 17,"Plan Width": 9,"Actual Startup Time": 0.072,"Actual Total Time": 0.079,"Actual Rows": 7,"Actual Loops": 10,"Index Cond": "(l_orderkey = orders.o_orderkey)","Rows Removed by Index Recheck": 0,"Workers": []}]},{"Node Type": "Hash","Parent Relationship": "Inner","Parallel Aware": true,"Async Capable": false,"Startup Cost": 4210.00,"Total Cost": 4210.00,"Plan Rows": 62500,"Plan Width": 23,"Actual Startup Time": 37.105,"Actual Total Time": 37.114,"Actual Rows": 37500,"Actual Loops": 4,"Hash Buckets": 262144,"Original Hash Buckets": 262144,"Hash Batches": 1,"Original Hash Batches": 1,"Peak Memory Usage": 10368,"Workers": [],"Plans": [{"Node Type": "Seq Scan","Parent Relationship": "Outer","Parallel Aware": true,"Async Capable": false,"Relation Name": "customer","Alias": "customer","Startup Cost": 0.00,"Total Cost": 4210.00,"Plan Rows": 62500,"Plan Width": 23,"Actual Startup Time": 0.025,"Actual Total Time": 19.726,"Actual Rows": 37500,"Actual Loops": 4,"Workers": []}]}]}]}]}]},"Planning Time": 6.715,"Triggers": [],"Execution Time": 10961.817}]
[{"Plan": {"Node Type": "Sort","Parallel Aware": false,"Async Capable": false,"Startup Cost": 397889.21,"Total Cost": 399077.01,"Plan Rows": 475120,"Plan Width": 71,"Actual Startup Time": 10785.011,"Actual Total Time": 10839.032,"Actual Rows": 9,"Actual Loops": 1,"Sort Key": ["orders.o_totalprice DESC", "orders.o_orderdate"],"Sort Method": "quicksort","Sort Space Used": 25,"Sort Space Type": "Memory","Plans": [{"Node Type": "Aggregate","Strategy": "Hashed","Partial Mode": "Simple","Parent Relationship": "Outer","Parallel Aware": false,"Async Capable": false,"Startup Cost": 347151.30,"Total Cost": 353090.30,"Plan Rows": 475120,"Plan Width": 71,"Actual Startup Time": 10763.855,"Actual Total Time": 10838.848,"Actual Rows": 9,"Actual Loops": 1,"Group Key": ["customer.c_custkey", "orders.o_orderkey"],"Planned Partitions": 0,"HashAgg Batches": 1,"Peak Memory Usage": 24601,"Disk Usage": 0,"Plans": [{"Node Type": "Gather","Parent Relationship": "Outer","Parallel Aware": false,"Async Capable": false,"Startup Cost": 216528.94,"Total Cost": 343587.90,"Plan Rows": 475120,"Plan Width": 44,"Actual Startup Time": 9674.071,"Actual Total Time": 10813.470,"Actual Rows": 63,"Actual Loops": 1,"Workers Planned": 3,"Workers Launched": 3,"Single Copy": false,"Plans": [{"Node Type": "Hash Join","Parent Relationship": "Outer","Parallel Aware": true,"Async Capable": false,"Join Type": "Inner","Startup Cost": 215528.94,"Total Cost": 295075.90,"Plan Rows": 153265,"Plan Width": 44,"Actual Startup Time": 10141.072,"Actual Total Time": 10312.965,"Actual Rows": 16,"Actual Loops": 4,"Inner Unique": true,"Hash Cond": "(orders.o_custkey = customer.c_custkey)","Workers": [],"Plans": [{"Node Type": "Nested Loop","Parent Relationship": "Outer","Parallel Aware": false,"Async Capable": false,"Join Type": "Inner","Startup Cost": 210537.69,"Total Cost": 289682.32,"Plan Rows": 153265,"Plan Width": 25,"Actual Startup Time": 10104.129,"Actual Total Time": 10275.947,"Actual Rows": 16,"Actual Loops": 4,"Inner Unique": false,"Workers": [],"Plans": [{"Node Type": "Hash Join","Parent Relationship": "Outer","Parallel Aware": false,"Async Capable": false,"Join Type": "Inner","Startup Cost": 210537.26,"Total Cost": 242741.13,"Plan Rows": 38308,"Plan Width": 24,"Actual Startup Time": 10104.052,"Actual Total Time": 10275.739,"Actual Rows": 2,"Actual Loops": 4,"Inner Unique": true,"Hash Cond": "(orders.o_orderkey = lineitem_1.l_orderkey)","Workers": [],"Plans": [{"Node Type": "Seq Scan","Parent Relationship": "Outer","Parallel Aware": true,"Async Capable": false,"Relation Name": "orders","Alias": "orders","Startup Cost": 0.00,"Total Cost": 30933.71,"Plan Rows": 483871,"Plan Width": 20,"Actual Startup Time": 0.007,"Actual Total Time": 53.689,"Actual Rows": 375000,"Actual Loops": 4,"Workers": []},{"Node Type": "Hash","Parent Relationship": "Inner","Parallel Aware": false,"Async Capable": false,"Startup Cost": 209052.81,"Total Cost": 209052.81,"Plan Rows": 118756,"Plan Width": 4,"Actual Startup Time": 10025.157,"Actual Total Time": 10025.166,"Actual Rows": 9,"Actual Loops": 4,"Hash Buckets": 131072,"Original Hash Buckets": 131072,"Hash Batches": 1,"Original Hash Batches": 1,"Peak Memory Usage": 1025,"Workers": [],"Plans": [{"Node Type": "Aggregate","Strategy": "Hashed","Partial Mode": "Simple","Parent Relationship": "Outer","Parallel Aware": false,"Async Capable": false,"Startup Cost": 202521.23,"Total Cost": 207865.25,"Plan Rows": 118756,"Plan Width": 4,"Actual Startup Time": 6285.839,"Actual Total Time": 10024.981,"Actual Rows": 9,"Actual Loops": 4,"Group Key": ["lineitem_1.l_orderkey"],"Filter": "(sum(lineitem_1.l_quantity) > '314'::numeric)","Planned Partitions": 0,"HashAgg Batches": 1,"Peak Memory Usage": 638993,"Disk Usage": 0,"Rows Removed by Filter": 1499991,"Workers": [{"Worker Number": 0,"HashAgg Batches": 1,"Peak Memory Usage": 638993,"Disk Usage": 0},{"Worker Number": 1,"HashAgg Batches": 1,"Peak Memory Usage": 638993,"Disk Usage": 0},{"Worker Number": 2,"HashAgg Batches": 1,"Peak Memory Usage": 638993,"Disk Usage": 0}],"Plans": [{"Node Type": "Seq Scan","Parent Relationship": "Outer","Parallel Aware": false,"Async Capable": false,"Relation Name": "lineitem","Alias": "lineitem_1","Startup Cost": 0.00,"Total Cost": 172515.15,"Plan Rows": 6001215,"Plan Width": 9,"Actual Startup Time": 0.019,"Actual Total Time": 931.752,"Actual Rows": 6001215,"Actual Loops": 4,"Workers": []}]}]}]},{"Node Type": "Index Scan","Parent Relationship": "Inner","Parallel Aware": false,"Async Capable": false,"Scan Direction": "Forward","Index Name": "idx_lineitem_orderkey","Relation Name": "lineitem","Alias": "lineitem","Startup Cost": 0.43,"Total Cost": 1.06,"Plan Rows": 17,"Plan Width": 9,"Actual Startup Time": 0.055,"Actual Total Time": 0.062,"Actual Rows": 7,"Actual Loops": 9,"Index Cond": "(l_orderkey = orders.o_orderkey)","Rows Removed by Index Recheck": 0,"Workers": []}]},{"Node Type": "Hash","Parent Relationship": "Inner","Parallel Aware": true,"Async Capable": false,"Startup Cost": 4210.00,"Total Cost": 4210.00,"Plan Rows": 62500,"Plan Width": 23,"Actual Startup Time": 36.172,"Actual Total Time": 36.190,"Actual Rows": 37500,"Actual Loops": 4,"Hash Buckets": 262144,"Original Hash Buckets": 262144,"Hash Batches": 1,"Original Hash Batches": 1,"Peak Memory Usage": 10336,"Workers": [],"Plans": [{"Node Type": "Seq Scan","Parent Relationship": "Outer","Parallel Aware": true,"Async Capable": false,"Relation Name": "customer","Alias": "customer","Startup Cost": 0.00,"Total Cost": 4210.00,"Plan Rows": 62500,"Plan Width": 23,"Actual Startup Time": 0.024,"Actual Total Time": 17.933,"Actual Rows": 37500,"Actual Loops": 4,"Workers": []}]}]}]}]}]},"Planning Time": 6.881,"Triggers": [],"Execution Time": 10893.482}]
[{"Plan": {"Node Type": "Sort","Parallel Aware": false,"Async Capable": false,"Startup Cost": 397889.21,"Total Cost": 399077.01,"Plan Rows": 475120,"Plan Width": 71,"Actual Startup Time": 10887.509,"Actual Total Time": 10908.132,"Actual Rows": 10,"Actual Loops": 1,"Sort Key": ["orders.o_totalprice DESC", "orders.o_orderdate"],"Sort Method": "quicksort","Sort Space Used": 25,"Sort Space Type": "Memory","Plans": [{"Node Type": "Aggregate","Strategy": "Hashed","Partial Mode": "Simple","Parent Relationship": "Outer","Parallel Aware": false,"Async Capable": false,"Startup Cost": 347151.30,"Total Cost": 353090.30,"Plan Rows": 475120,"Plan Width": 71,"Actual Startup Time": 10848.812,"Actual Total Time": 10907.941,"Actual Rows": 10,"Actual Loops": 1,"Group Key": ["customer.c_custkey", "orders.o_orderkey"],"Planned Partitions": 0,"HashAgg Batches": 1,"Peak Memory Usage": 24601,"Disk Usage": 0,"Plans": [{"Node Type": "Gather","Parent Relationship": "Outer","Parallel Aware": false,"Async Capable": false,"Startup Cost": 216528.94,"Total Cost": 343587.90,"Plan Rows": 475120,"Plan Width": 44,"Actual Startup Time": 10782.037,"Actual Total Time": 10858.151,"Actual Rows": 70,"Actual Loops": 1,"Workers Planned": 3,"Workers Launched": 3,"Single Copy": false,"Plans": [{"Node Type": "Hash Join","Parent Relationship": "Outer","Parallel Aware": true,"Async Capable": false,"Join Type": "Inner","Startup Cost": 215528.94,"Total Cost": 295075.90,"Plan Rows": 153265,"Plan Width": 44,"Actual Startup Time": 10180.765,"Actual Total Time": 10348.312,"Actual Rows": 18,"Actual Loops": 4,"Inner Unique": true,"Hash Cond": "(orders.o_custkey = customer.c_custkey)","Workers": [],"Plans": [{"Node Type": "Nested Loop","Parent Relationship": "Outer","Parallel Aware": false,"Async Capable": false,"Join Type": "Inner","Startup Cost": 210537.69,"Total Cost": 289682.32,"Plan Rows": 153265,"Plan Width": 25,"Actual Startup Time": 10142.809,"Actual Total Time": 10310.270,"Actual Rows": 18,"Actual Loops": 4,"Inner Unique": false,"Workers": [],"Plans": [{"Node Type": "Hash Join","Parent Relationship": "Outer","Parallel Aware": false,"Async Capable": false,"Join Type": "Inner","Startup Cost": 210537.26,"Total Cost": 242741.13,"Plan Rows": 38308,"Plan Width": 24,"Actual Startup Time": 10142.670,"Actual Total Time": 10309.991,"Actual Rows": 2,"Actual Loops": 4,"Inner Unique": true,"Hash Cond": "(orders.o_orderkey = lineitem_1.l_orderkey)","Workers": [],"Plans": [{"Node Type": "Seq Scan","Parent Relationship": "Outer","Parallel Aware": true,"Async Capable": false,"Relation Name": "orders","Alias": "orders","Startup Cost": 0.00,"Total Cost": 30933.71,"Plan Rows": 483871,"Plan Width": 20,"Actual Startup Time": 0.009,"Actual Total Time": 49.040,"Actual Rows": 375000,"Actual Loops": 4,"Workers": []},{"Node Type": "Hash","Parent Relationship": "Inner","Parallel Aware": false,"Async Capable": false,"Startup Cost": 209052.81,"Total Cost": 209052.81,"Plan Rows": 118756,"Plan Width": 4,"Actual Startup Time": 10075.163,"Actual Total Time": 10075.176,"Actual Rows": 10,"Actual Loops": 4,"Hash Buckets": 131072,"Original Hash Buckets": 131072,"Hash Batches": 1,"Original Hash Batches": 1,"Peak Memory Usage": 1025,"Workers": [],"Plans": [{"Node Type": "Aggregate","Strategy": "Hashed","Partial Mode": "Simple","Parent Relationship": "Outer","Parallel Aware": false,"Async Capable": false,"Startup Cost": 202521.23,"Total Cost": 207865.25,"Plan Rows": 118756,"Plan Width": 4,"Actual Startup Time": 6293.151,"Actual Total Time": 10074.968,"Actual Rows": 10,"Actual Loops": 4,"Group Key": ["lineitem_1.l_orderkey"],"Filter": "(sum(lineitem_1.l_quantity) > '312'::numeric)","Planned Partitions": 0,"HashAgg Batches": 1,"Peak Memory Usage": 638993,"Disk Usage": 0,"Rows Removed by Filter": 1499990,"Workers": [{"Worker Number": 0,"HashAgg Batches": 1,"Peak Memory Usage": 638993,"Disk Usage": 0},{"Worker Number": 1,"HashAgg Batches": 1,"Peak Memory Usage": 638993,"Disk Usage": 0},{"Worker Number": 2,"HashAgg Batches": 1,"Peak Memory Usage": 638993,"Disk Usage": 0}],"Plans": [{"Node Type": "Seq Scan","Parent Relationship": "Outer","Parallel Aware": false,"Async Capable": false,"Relation Name": "lineitem","Alias": "lineitem_1","Startup Cost": 0.00,"Total Cost": 172515.15,"Plan Rows": 6001215,"Plan Width": 9,"Actual Startup Time": 0.021,"Actual Total Time": 960.546,"Actual Rows": 6001215,"Actual Loops": 4,"Workers": []}]}]}]},{"Node Type": "Index Scan","Parent Relationship": "Inner","Parallel Aware": false,"Async Capable": false,"Scan Direction": "Forward","Index Name": "idx_lineitem_orderkey","Relation Name": "lineitem","Alias": "lineitem","Startup Cost": 0.43,"Total Cost": 1.06,"Plan Rows": 17,"Plan Width": 9,"Actual Startup Time": 0.072,"Actual Total Time": 0.079,"Actual Rows": 7,"Actual Loops": 10,"Index Cond": "(l_orderkey = orders.o_orderkey)","Rows Removed by Index Recheck": 0,"Workers": []}]},{"Node Type": "Hash","Parent Relationship": "Inner","Parallel Aware": true,"Async Capable": false,"Startup Cost": 4210.00,"Total Cost": 4210.00,"Plan Rows": 62500,"Plan Width": 23,"Actual Startup Time": 37.105,"Actual Total Time": 37.114,"Actual Rows": 37500,"Actual Loops": 4,"Hash Buckets": 262144,"Original Hash Buckets": 262144,"Hash Batches": 1,"Original Hash Batches": 1,"Peak Memory Usage": 10368,"Workers": [],"Plans": [{"Node Type": "Seq Scan","Parent Relationship": "Outer","Parallel Aware": true,"Async Capable": false,"Relation Name": "customer","Alias": "customer","Startup Cost": 0.00,"Total Cost": 4210.00,"Plan Rows": 62500,"Plan Width": 23,"Actual Startup Time": 0.025,"Actual Total Time": 19.726,"Actual Rows": 37500,"Actual Loops": 4,"Workers": []}]}]}]}]}]},"Planning Time": 6.715,"Triggers": [],"Execution Time": 10961.817}]
[{"Plan": {"Node Type": "Sort","Parallel Aware": false,"Async Capable": false,"Startup Cost": 397889.21,"Total Cost": 399077.01,"Plan Rows": 475120,"Plan Width": 71,"Actual Startup Time": 10785.011,"Actual Total Time": 10839.032,"Actual Rows": 9,"Actual Loops": 1,"Sort Key": ["orders.o_totalprice DESC", "orders.o_orderdate"],"Sort Method": "quicksort","Sort Space Used": 25,"Sort Space Type": "Memory","Plans": [{"Node Type": "Aggregate","Strategy": "Hashed","Partial Mode": "Simple","Parent Relationship": "Outer","Parallel Aware": false,"Async Capable": false,"Startup Cost": 347151.30,"Total Cost": 353090.30,"Plan Rows": 475120,"Plan Width": 71,"Actual Startup Time": 10763.855,"Actual Total Time": 10838.848,"Actual Rows": 9,"Actual Loops": 1,"Group Key": ["customer.c_custkey", "orders.o_orderkey"],"Planned Partitions": 0,"HashAgg Batches": 1,"Peak Memory Usage": 24601,"Disk Usage": 0,"Plans": [{"Node Type": "Gather","Parent Relationship": "Outer","Parallel Aware": false,"Async Capable": false,"Startup Cost": 216528.94,"Total Cost": 343587.90,"Plan Rows": 475120,"Plan Width": 44,"Actual Startup Time": 9674.071,"Actual Total Time": 10813.470,"Actual Rows": 63,"Actual Loops": 1,"Workers Planned": 3,"Workers Launched": 3,"Single Copy": false,"Plans": [{"Node Type": "Hash Join","Parent Relationship": "Outer","Parallel Aware": true,"Async Capable": false,"Join Type": "Inner","Startup Cost": 215528.94,"Total Cost": 295075.90,"Plan Rows": 153265,"Plan Width": 44,"Actual Startup Time": 10141.072,"Actual Total Time": 10312.965,"Actual Rows": 16,"Actual Loops": 4,"Inner Unique": true,"Hash Cond": "(orders.o_custkey = customer.c_custkey)","Workers": [],"Plans": [{"Node Type": "Nested Loop","Parent Relationship": "Outer","Parallel Aware": false,"Async Capable": false,"Join Type": "Inner","Startup Cost": 210537.69,"Total Cost": 289682.32,"Plan Rows": 153265,"Plan Width": 25,"Actual Startup Time": 10104.129,"Actual Total Time": 10275.947,"Actual Rows": 16,"Actual Loops": 4,"Inner Unique": false,"Workers": [],"Plans": [{"Node Type": "Hash Join","Parent Relationship": "Outer","Parallel Aware": false,"Async Capable": false,"Join Type": "Inner","Startup Cost": 210537.26,"Total Cost": 242741.13,"Plan Rows": 38308,"Plan Width": 24,"Actual Startup Time": 10104.052,"Actual Total Time": 10275.739,"Actual Rows": 2,"Actual Loops": 4,"Inner Unique": true,"Hash Cond": "(orders.o_orderkey = lineitem_1.l_orderkey)","Workers": [],"Plans": [{"Node Type": "Seq Scan","Parent Relationship": "Outer","Parallel Aware": true,"Async Capable": false,"Relation Name": "orders","Alias": "orders","Startup Cost": 0.00,"Total Cost": 30933.71,"Plan Rows": 483871,"Plan Width": 20,"Actual Startup Time": 0.007,"Actual Total Time": 53.689,"Actual Rows": 375000,"Actual Loops": 4,"Workers": []},{"Node Type": "Hash","Parent Relationship": "Inner","Parallel Aware": false,"Async Capable": false,"Startup Cost": 209052.81,"Total Cost": 209052.81,"Plan Rows": 118756,"Plan Width": 4,"Actual Startup Time": 10025.157,"Actual Total Time": 10025.166,"Actual Rows": 9,"Actual Loops": 4,"Hash Buckets": 131072,"Original Hash Buckets": 131072,"Hash Batches": 1,"Original Hash Batches": 1,"Peak Memory Usage": 1025,"Workers": [],"Plans": [{"Node Type": "Aggregate","Strategy": "Hashed","Partial Mode": "Simple","Parent Relationship": "Outer","Parallel Aware": false,"Async Capable": false,"Startup Cost": 202521.23,"Total Cost": 207865.25,"Plan Rows": 118756,"Plan Width": 4,"Actual Startup Time": 6285.839,"Actual Total Time": 10024.981,"Actual Rows": 9,"Actual Loops": 4,"Group Key": ["lineitem_1.l_orderkey"],"Filter": "(sum(lineitem_1.l_quantity) > '314'::numeric)","Planned Partitions": 0,"HashAgg Batches": 1,"Peak Memory Usage": 638993,"Disk Usage": 0,"Rows Removed by Filter": 1499991,"Workers": [{"Worker Number": 0,"HashAgg Batches": 1,"Peak Memory Usage": 638993,"Disk Usage": 0},{"Worker Number": 1,"HashAgg Batches": 1,"Peak Memory Usage": 638993,"Disk Usage": 0},{"Worker Number": 2,"HashAgg Batches": 1,"Peak Memory Usage": 638993,"Disk Usage": 0}],"Plans": [{"Node Type": "Seq Scan","Parent Relationship": "Outer","Parallel Aware": false,"Async Capable": false,"Relation Name": "lineitem","Alias": "lineitem_1","Startup Cost": 0.00,"Total Cost": 172515.15,"Plan Rows": 6001215,"Plan Width": 9,"Actual Startup Time": 0.019,"Actual Total Time": 931.752,"Actual Rows": 6001215,"Actual Loops": 4,"Workers": []}]}]}]},{"Node Type": "Index Scan","Parent Relationship": "Inner","Parallel Aware": false,"Async Capable": false,"Scan Direction": "Forward","Index Name": "idx_lineitem_orderkey","Relation Name": "lineitem","Alias": "lineitem","Startup Cost": 0.43,"Total Cost": 1.06,"Plan Rows": 17,"Plan Width": 9,"Actual Startup Time": 0.055,"Actual Total Time": 0.062,"Actual Rows": 7,"Actual Loops": 9,"Index Cond": "(l_orderkey = orders.o_orderkey)","Rows Removed by Index Recheck": 0,"Workers": []}]},{"Node Type": "Hash","Parent Relationship": "Inner","Parallel Aware": true,"Async Capable": false,"Startup Cost": 4210.00,"Total Cost": 4210.00,"Plan Rows": 62500,"Plan Width": 23,"Actual Startup Time": 36.172,"Actual Total Time": 36.190,"Actual Rows": 37500,"Actual Loops": 4,"Hash Buckets": 262144,"Original Hash Buckets": 262144,"Hash Batches": 1,"Original Hash Batches": 1,"Peak Memory Usage": 10336,"Workers": [],"Plans": [{"Node Type": "Seq Scan","Parent Relationship": "Outer","Parallel Aware": true,"Async Capable": false,"Relation Name": "customer","Alias": "customer","Startup Cost": 0.00,"Total Cost": 4210.00,"Plan Rows": 62500,"Plan Width": 23,"Actual Startup Time": 0.024,"Actual Total Time": 17.933,"Actual Rows": 37500,"Actual Loops": 4,"Workers": []}]}]}]}]}]},"Planning Time": 6.881,"Triggers": [],"Execution Time": 10893.482}]
[{"Plan": {"Node Type": "Sort","Parallel Aware": false,"Async Capable": false,"Startup Cost": 397889.21,"Total Cost": 399077.01,"Plan Rows": 475120,"Plan Width": 71,"Actual Startup Time": 10785.011,"Actual Total Time": 10839.032,"Actual Rows": 9,"Actual Loops": 1,"Sort Key": ["orders.o_totalprice DESC", "orders.o_orderdate"],"Sort Method": "quicksort","Sort Space Used": 25,"Sort Space Type": "Memory","Plans": [{"Node Type": "Aggregate","Strategy": "Hashed","Partial Mode": "Simple","Parent Relationship": "Outer","Parallel Aware": false,"Async Capable": false,"Startup Cost": 347151.30,"Total Cost": 353090.30,"Plan Rows": 475120,"Plan Width": 71,"Actual Startup Time": 10763.855,"Actual Total Time": 10838.848,"Actual Rows": 9,"Actual Loops": 1,"Group Key": ["customer.c_custkey", "orders.o_orderkey"],"Planned Partitions": 0,"HashAgg Batches": 1,"Peak Memory Usage": 24601,"Disk Usage": 0,"Plans": [{"Node Type": "Gather","Parent Relationship": "Outer","Parallel Aware": false,"Async Capable": false,"Startup Cost": 216528.94,"Total Cost": 343587.90,"Plan Rows": 475120,"Plan Width": 44,"Actual Startup Time": 9674.071,"Actual Total Time": 10813.470,"Actual Rows": 63,"Actual Loops": 1,"Workers Planned": 3,"Workers Launched": 3,"Single Copy": false,"Plans": [{"Node Type": "Hash Join","Parent Relationship": "Outer","Parallel Aware": true,"Async Capable": false,"Join Type": "Inner","Startup Cost": 215528.94,"Total Cost": 295075.90,"Plan Rows": 153265,"Plan Width": 44,"Actual Startup Time": 10141.072,"Actual Total Time": 10312.965,"Actual Rows": 16,"Actual Loops": 4,"Inner Unique": true,"Hash Cond": "(orders.o_custkey = customer.c_custkey)","Workers": [],"Plans": [{"Node Type": "Nested Loop","Parent Relationship": "Outer","Parallel Aware": false,"Async Capable": false,"Join Type": "Inner","Startup Cost": 210537.69,"Total Cost": 289682.32,"Plan Rows": 153265,"Plan Width": 25,"Actual Startup Time": 10104.129,"Actual Total Time": 10275.947,"Actual Rows": 16,"Actual Loops": 4,"Inner Unique": false,"Workers": [],"Plans": [{"Node Type": "Hash Join","Parent Relationship": "Outer","Parallel Aware": false,"Async Capable": false,"Join Type": "Inner","Startup Cost": 210537.26,"Total Cost": 242741.13,"Plan Rows": 38308,"Plan Width": 24,"Actual Startup Time": 10104.052,"Actual Total Time": 10275.739,"Actual Rows": 2,"Actual Loops": 4,"Inner Unique": true,"Hash Cond": "(orders.o_orderkey = lineitem_1.l_orderkey)","Workers": [],"Plans": [{"Node Type": "Seq Scan","Parent Relationship": "Outer","Parallel Aware": true,"Async Capable": false,"Relation Name": "orders","Alias": "orders","Startup Cost": 0.00,"Total Cost": 30933.71,"Plan Rows": 483871,"Plan Width": 20,"Actual Startup Time": 0.007,"Actual Total Time": 53.689,"Actual Rows": 375000,"Actual Loops": 4,"Workers": []},{"Node Type": "Hash","Parent Relationship": "Inner","Parallel Aware": false,"Async Capable": false,"Startup Cost": 209052.81,"Total Cost": 209052.81,"Plan Rows": 118756,"Plan Width": 4,"Actual Startup Time": 10025.157,"Actual Total Time": 10025.166,"Actual Rows": 9,"Actual Loops": 4,"Hash Buckets": 131072,"Original Hash Buckets": 131072,"Hash Batches": 1,"Original Hash Batches": 1,"Peak Memory Usage": 1025,"Workers": [],"Plans": [{"Node Type": "Aggregate","Strategy": "Hashed","Partial Mode": "Simple","Parent Relationship": "Outer","Parallel Aware": false,"Async Capable": false,"Startup Cost": 202521.23,"Total Cost": 207865.25,"Plan Rows": 118756,"Plan Width": 4,"Actual Startup Time": 6285.839,"Actual Total Time": 10024.981,"Actual Rows": 9,"Actual Loops": 4,"Group Key": ["lineitem_1.l_orderkey"],"Filter": "(sum(lineitem_1.l_quantity) > '314'::numeric)","Planned Partitions": 0,"HashAgg Batches": 1,"Peak Memory Usage": 638993,"Disk Usage": 0,"Rows Removed by Filter": 1499991,"Workers": [{"Worker Number": 0,"HashAgg Batches": 1,"Peak Memory Usage": 638993,"Disk Usage": 0},{"Worker Number": 1,"HashAgg Batches": 1,"Peak Memory Usage": 638993,"Disk Usage": 0},{"Worker Number": 2,"HashAgg Batches": 1,"Peak Memory Usage": 638993,"Disk Usage": 0}],"Plans": [{"Node Type": "Seq Scan","Parent Relationship": "Outer","Parallel Aware": false,"Async Capable": false,"Relation Name": "lineitem","Alias": "lineitem_1","Startup Cost": 0.00,"Total Cost": 172515.15,"Plan Rows": 6001215,"Plan Width": 9,"Actual Startup Time": 0.019,"Actual Total Time": 931.752,"Actual Rows": 6001215,"Actual Loops": 4,"Workers": []}]}]}]},{"Node Type": "Index Scan","Parent Relationship": "Inner","Parallel Aware": false,"Async Capable": false,"Scan Direction": "Forward","Index Name": "idx_lineitem_orderkey","Relation Name": "lineitem","Alias": "lineitem","Startup Cost": 0.43,"Total Cost": 1.06,"Plan Rows": 17,"Plan Width": 9,"Actual Startup Time": 0.055,"Actual Total Time": 0.062,"Actual Rows": 7,"Actual Loops": 9,"Index Cond": "(l_orderkey = orders.o_orderkey)","Rows Removed by Index Recheck": 0,"Workers": []}]},{"Node Type": "Hash","Parent Relationship": "Inner","Parallel Aware": true,"Async Capable": false,"Startup Cost": 4210.00,"Total Cost": 4210.00,"Plan Rows": 62500,"Plan Width": 23,"Actual Startup Time": 36.172,"Actual Total Time": 36.190,"Actual Rows": 37500,"Actual Loops": 4,"Hash Buckets": 262144,"Original Hash Buckets": 262144,"Hash Batches": 1,"Original Hash Batches": 1,"Peak Memory Usage": 10336,"Workers": [],"Plans": [{"Node Type": "Seq Scan","Parent Relationship": "Outer","Parallel Aware": true,"Async Capable": false,"Relation Name": "customer","Alias": "customer","Startup Cost": 0.00,"Total Cost": 4210.00,"Plan Rows": 62500,"Plan Width": 23,"Actual Startup Time": 0.024,"Actual Total Time": 17.933,"Actual Rows": 37500,"Actual Loops": 4,"Workers": []}]}]}]}]}]},"Planning Time": 6.881,"Triggers": [],"Execution Time": 10893.482}]
[{"Plan": {"Node Type": "Sort","Parallel Aware": false,"Async Capable": false,"Startup Cost": 397889.21,"Total Cost": 399077.01,"Plan Rows": 475120,"Plan Width": 71,"Actual Startup Time": 10785.011,"Actual Total Time": 10839.032,"Actual Rows": 9,"Actual Loops": 1,"Sort Key": ["orders.o_totalprice DESC", "orders.o_orderdate"],"Sort Method": "quicksort","Sort Space Used": 25,"Sort Space Type": "Memory","Plans": [{"Node Type": "Aggregate","Strategy": "Hashed","Partial Mode": "Simple","Parent Relationship": "Outer","Parallel Aware": false,"Async Capable": false,"Startup Cost": 347151.30,"Total Cost": 353090.30,"Plan Rows": 475120,"Plan Width": 71,"Actual Startup Time": 10763.855,"Actual Total Time": 10838.848,"Actual Rows": 9,"Actual Loops": 1,"Group Key": ["customer.c_custkey", "orders.o_orderkey"],"Planned Partitions": 0,"HashAgg Batches": 1,"Peak Memory Usage": 24601,"Disk Usage": 0,"Plans": [{"Node Type": "Gather","Parent Relationship": "Outer","Parallel Aware": false,"Async Capable": false,"Startup Cost": 216528.94,"Total Cost": 343587.90,"Plan Rows": 475120,"Plan Width": 44,"Actual Startup Time": 9674.071,"Actual Total Time": 10813.470,"Actual Rows": 63,"Actual Loops": 1,"Workers Planned": 3,"Workers Launched": 3,"Single Copy": false,"Plans": [{"Node Type": "Hash Join","Parent Relationship": "Outer","Parallel Aware": true,"Async Capable": false,"Join Type": "Inner","Startup Cost": 215528.94,"Total Cost": 295075.90,"Plan Rows": 153265,"Plan Width": 44,"Actual Startup Time": 10141.072,"Actual Total Time": 10312.965,"Actual Rows": 16,"Actual Loops": 4,"Inner Unique": true,"Hash Cond": "(orders.o_custkey = customer.c_custkey)","Workers": [],"Plans": [{"Node Type": "Nested Loop","Parent Relationship": "Outer","Parallel Aware": false,"Async Capable": false,"Join Type": "Inner","Startup Cost": 210537.69,"Total Cost": 289682.32,"Plan Rows": 153265,"Plan Width": 25,"Actual Startup Time": 10104.129,"Actual Total Time": 10275.947,"Actual Rows": 16,"Actual Loops": 4,"Inner Unique": false,"Workers": [],"Plans": [{"Node Type": "Hash Join","Parent Relationship": "Outer","Parallel Aware": false,"Async Capable": false,"Join Type": "Inner","Startup Cost": 210537.26,"Total Cost": 242741.13,"Plan Rows": 38308,"Plan Width": 24,"Actual Startup Time": 10104.052,"Actual Total Time": 10275.739,"Actual Rows": 2,"Actual Loops": 4,"Inner Unique": true,"Hash Cond": "(orders.o_orderkey = lineitem_1.l_orderkey)","Workers": [],"Plans": [{"Node Type": "Seq Scan","Parent Relationship": "Outer","Parallel Aware": true,"Async Capable": false,"Relation Name": "orders","Alias": "orders","Startup Cost": 0.00,"Total Cost": 30933.71,"Plan Rows": 483871,"Plan Width": 20,"Actual Startup Time": 0.007,"Actual Total Time": 53.689,"Actual Rows": 375000,"Actual Loops": 4,"Workers": []},{"Node Type": "Hash","Parent Relationship": "Inner","Parallel Aware": false,"Async Capable": false,"Startup Cost": 209052.81,"Total Cost": 209052.81,"Plan Rows": 118756,"Plan Width": 4,"Actual Startup Time": 10025.157,"Actual Total Time": 10025.166,"Actual Rows": 9,"Actual Loops": 4,"Hash Buckets": 131072,"Original Hash Buckets": 131072,"Hash Batches": 1,"Original Hash Batches": 1,"Peak Memory Usage": 1025,"Workers": [],"Plans": [{"Node Type": "Aggregate","Strategy": "Hashed","Partial Mode": "Simple","Parent Relationship": "Outer","Parallel Aware": false,"Async Capable": false,"Startup Cost": 202521.23,"Total Cost": 207865.25,"Plan Rows": 118756,"Plan Width": 4,"Actual Startup Time": 6285.839,"Actual Total Time": 10024.981,"Actual Rows": 9,"Actual Loops": 4,"Group Key": ["lineitem_1.l_orderkey"],"Filter": "(sum(lineitem_1.l_quantity) > '314'::numeric)","Planned Partitions": 0,"HashAgg Batches": 1,"Peak Memory Usage": 638993,"Disk Usage": 0,"Rows Removed by Filter": 1499991,"Workers": [{"Worker Number": 0,"HashAgg Batches": 1,"Peak Memory Usage": 638993,"Disk Usage": 0},{"Worker Number": 1,"HashAgg Batches": 1,"Peak Memory Usage": 638993,"Disk Usage": 0},{"Worker Number": 2,"HashAgg Batches": 1,"Peak Memory Usage": 638993,"Disk Usage": 0}],"Plans": [{"Node Type": "Seq Scan","Parent Relationship": "Outer","Parallel Aware": false,"Async Capable": false,"Relation Name": "lineitem","Alias": "lineitem_1","Startup Cost": 0.00,"Total Cost": 172515.15,"Plan Rows": 6001215,"Plan Width": 9,"Actual Startup Time": 0.019,"Actual Total Time": 931.752,"Actual Rows": 6001215,"Actual Loops": 4,"Workers": []}]}]}]},{"Node Type": "Index Scan","Parent Relationship": "Inner","Parallel Aware": false,"Async Capable": false,"Scan Direction": "Forward","Index Name": "idx_lineitem_orderkey","Relation Name": "lineitem","Alias": "lineitem","Startup Cost": 0.43,"Total Cost": 1.06,"Plan Rows": 17,"Plan Width": 9,"Actual Startup Time": 0.055,"Actual Total Time": 0.062,"Actual Rows": 7,"Actual Loops": 9,"Index Cond": "(l_orderkey = orders.o_orderkey)","Rows Removed by Index Recheck": 0,"Workers": []}]},{"Node Type": "Hash","Parent Relationship": "Inner","Parallel Aware": true,"Async Capable": false,"Startup Cost": 4210.00,"Total Cost": 4210.00,"Plan Rows": 62500,"Plan Width": 23,"Actual Startup Time": 36.172,"Actual Total Time": 36.190,"Actual Rows": 37500,"Actual Loops": 4,"Hash Buckets": 262144,"Original Hash Buckets": 262144,"Hash Batches": 1,"Original Hash Batches": 1,"Peak Memory Usage": 10336,"Workers": [],"Plans": [{"Node Type": "Seq Scan","Parent Relationship": "Outer","Parallel Aware": true,"Async Capable": false,"Relation Name": "customer","Alias": "customer","Startup Cost": 0.00,"Total Cost": 4210.00,"Plan Rows": 62500,"Plan Width": 23,"Actual Startup Time": 0.024,"Actual Total Time": 17.933,"Actual Rows": 37500,"Actual Loops": 4,"Workers": []}]}]}]}]}]},"Planning Time": 6.881,"Triggers": [],"Execution Time": 10893.482}]
[{"Plan": {"Node Type": "Sort","Parallel Aware": false,"Async Capable": false,"Startup Cost": 397889.21,"Total Cost": 399077.01,"Plan Rows": 475120,"Plan Width": 71,"Actual Startup Time": 10887.509,"Actual Total Time": 10908.132,"Actual Rows": 10,"Actual Loops": 1,"Sort Key": ["orders.o_totalprice DESC", "orders.o_orderdate"],"Sort Method": "quicksort","Sort Space Used": 25,"Sort Space Type": "Memory","Plans": [{"Node Type": "Aggregate","Strategy": "Hashed","Partial Mode": "Simple","Parent Relationship": "Outer","Parallel Aware": false,"Async Capable": false,"Startup Cost": 347151.30,"Total Cost": 353090.30,"Plan Rows": 475120,"Plan Width": 71,"Actual Startup Time": 10848.812,"Actual Total Time": 10907.941,"Actual Rows": 10,"Actual Loops": 1,"Group Key": ["customer.c_custkey", "orders.o_orderkey"],"Planned Partitions": 0,"HashAgg Batches": 1,"Peak Memory Usage": 24601,"Disk Usage": 0,"Plans": [{"Node Type": "Gather","Parent Relationship": "Outer","Parallel Aware": false,"Async Capable": false,"Startup Cost": 216528.94,"Total Cost": 343587.90,"Plan Rows": 475120,"Plan Width": 44,"Actual Startup Time": 10782.037,"Actual Total Time": 10858.151,"Actual Rows": 70,"Actual Loops": 1,"Workers Planned": 3,"Workers Launched": 3,"Single Copy": false,"Plans": [{"Node Type": "Hash Join","Parent Relationship": "Outer","Parallel Aware": true,"Async Capable": false,"Join Type": "Inner","Startup Cost": 215528.94,"Total Cost": 295075.90,"Plan Rows": 153265,"Plan Width": 44,"Actual Startup Time": 10180.765,"Actual Total Time": 10348.312,"Actual Rows": 18,"Actual Loops": 4,"Inner Unique": true,"Hash Cond": "(orders.o_custkey = customer.c_custkey)","Workers": [],"Plans": [{"Node Type": "Nested Loop","Parent Relationship": "Outer","Parallel Aware": false,"Async Capable": false,"Join Type": "Inner","Startup Cost": 210537.69,"Total Cost": 289682.32,"Plan Rows": 153265,"Plan Width": 25,"Actual Startup Time": 10142.809,"Actual Total Time": 10310.270,"Actual Rows": 18,"Actual Loops": 4,"Inner Unique": false,"Workers": [],"Plans": [{"Node Type": "Hash Join","Parent Relationship": "Outer","Parallel Aware": false,"Async Capable": false,"Join Type": "Inner","Startup Cost": 210537.26,"Total Cost": 242741.13,"Plan Rows": 38308,"Plan Width": 24,"Actual Startup Time": 10142.670,"Actual Total Time": 10309.991,"Actual Rows": 2,"Actual Loops": 4,"Inner Unique": true,"Hash Cond": "(orders.o_orderkey = lineitem_1.l_orderkey)","Workers": [],"Plans": [{"Node Type": "Seq Scan","Parent Relationship": "Outer","Parallel Aware": true,"Async Capable": false,"Relation Name": "orders","Alias": "orders","Startup Cost": 0.00,"Total Cost": 30933.71,"Plan Rows": 483871,"Plan Width": 20,"Actual Startup Time": 0.009,"Actual Total Time": 49.040,"Actual Rows": 375000,"Actual Loops": 4,"Workers": []},{"Node Type": "Hash","Parent Relationship": "Inner","Parallel Aware": false,"Async Capable": false,"Startup Cost": 209052.81,"Total Cost": 209052.81,"Plan Rows": 118756,"Plan Width": 4,"Actual Startup Time": 10075.163,"Actual Total Time": 10075.176,"Actual Rows": 10,"Actual Loops": 4,"Hash Buckets": 131072,"Original Hash Buckets": 131072,"Hash Batches": 1,"Original Hash Batches": 1,"Peak Memory Usage": 1025,"Workers": [],"Plans": [{"Node Type": "Aggregate","Strategy": "Hashed","Partial Mode": "Simple","Parent Relationship": "Outer","Parallel Aware": false,"Async Capable": false,"Startup Cost": 202521.23,"Total Cost": 207865.25,"Plan Rows": 118756,"Plan Width": 4,"Actual Startup Time": 6293.151,"Actual Total Time": 10074.968,"Actual Rows": 10,"Actual Loops": 4,"Group Key": ["lineitem_1.l_orderkey"],"Filter": "(sum(lineitem_1.l_quantity) > '312'::numeric)","Planned Partitions": 0,"HashAgg Batches": 1,"Peak Memory Usage": 638993,"Disk Usage": 0,"Rows Removed by Filter": 1499990,"Workers": [{"Worker Number": 0,"HashAgg Batches": 1,"Peak Memory Usage": 638993,"Disk Usage": 0},{"Worker Number": 1,"HashAgg Batches": 1,"Peak Memory Usage": 638993,"Disk Usage": 0},{"Worker Number": 2,"HashAgg Batches": 1,"Peak Memory Usage": 638993,"Disk Usage": 0}],"Plans": [{"Node Type": "Seq Scan","Parent Relationship": "Outer","Parallel Aware": false,"Async Capable": false,"Relation Name": "lineitem","Alias": "lineitem_1","Startup Cost": 0.00,"Total Cost": 172515.15,"Plan Rows": 6001215,"Plan Width": 9,"Actual Startup Time": 0.021,"Actual Total Time": 960.546,"Actual Rows": 6001215,"Actual Loops": 4,"Workers": []}]}]}]},{"Node Type": "Index Scan","Parent Relationship": "Inner","Parallel Aware": false,"Async Capable": false,"Scan Direction": "Forward","Index Name": "idx_lineitem_orderkey","Relation Name": "lineitem","Alias": "lineitem","Startup Cost": 0.43,"Total Cost": 1.06,"Plan Rows": 17,"Plan Width": 9,"Actual Startup Time": 0.072,"Actual Total Time": 0.079,"Actual Rows": 7,"Actual Loops": 10,"Index Cond": "(l_orderkey = orders.o_orderkey)","Rows Removed by Index Recheck": 0,"Workers": []}]},{"Node Type": "Hash","Parent Relationship": "Inner","Parallel Aware": true,"Async Capable": false,"Startup Cost": 4210.00,"Total Cost": 4210.00,"Plan Rows": 62500,"Plan Width": 23,"Actual Startup Time": 37.105,"Actual Total Time": 37.114,"Actual Rows": 37500,"Actual Loops": 4,"Hash Buckets": 262144,"Original Hash Buckets": 262144,"Hash Batches": 1,"Original Hash Batches": 1,"Peak Memory Usage": 10368,"Workers": [],"Plans": [{"Node Type": "Seq Scan","Parent Relationship": "Outer","Parallel Aware": true,"Async Capable": false,"Relation Name": "customer","Alias": "customer","Startup Cost": 0.00,"Total Cost": 4210.00,"Plan Rows": 62500,"Plan Width": 23,"Actual Startup Time": 0.025,"Actual Total Time": 19.726,"Actual Rows": 37500,"Actual Loops": 4,"Workers": []}]}]}]}]}]},"Planning Time": 6.715,"Triggers": [],"Execution Time": 10961.817}]
[{"Plan": {"Node Type": "Sort","Parallel Aware": false,"Async Capable": false,"Startup Cost": 397889.21,"Total Cost": 399077.01,"Plan Rows": 475120,"Plan Width": 71,"Actual Startup Time": 10345.847,"Actual Total Time": 10377.998,"Actual Rows": 9,"Actual Loops": 1,"Sort Key": ["orders.o_totalprice DESC", "orders.o_orderdate"],"Sort Method": "quicksort","Sort Space Used": 25,"Sort Space Type": "Memory","Plans": [{"Node Type": "Aggregate","Strategy": "Hashed","Partial Mode": "Simple","Parent Relationship": "Outer","Parallel Aware": false,"Async Capable": false,"Startup Cost": 347151.30,"Total Cost": 353090.30,"Plan Rows": 475120,"Plan Width": 71,"Actual Startup Time": 10329.232,"Actual Total Time": 10377.856,"Actual Rows": 9,"Actual Loops": 1,"Group Key": ["customer.c_custkey", "orders.o_orderkey"],"Planned Partitions": 0,"HashAgg Batches": 1,"Peak Memory Usage": 24601,"Disk Usage": 0,"Plans": [{"Node Type": "Gather","Parent Relationship": "Outer","Parallel Aware": false,"Async Capable": false,"Startup Cost": 216528.94,"Total Cost": 343587.90,"Plan Rows": 475120,"Plan Width": 44,"Actual Startup Time": 10053.961,"Actual Total Time": 10357.615,"Actual Rows": 63,"Actual Loops": 1,"Workers Planned": 3,"Workers Launched": 3,"Single Copy": false,"Plans": [{"Node Type": "Hash Join","Parent Relationship": "Outer","Parallel Aware": true,"Async Capable": false,"Join Type": "Inner","Startup Cost": 215528.94,"Total Cost": 295075.90,"Plan Rows": 153265,"Plan Width": 44,"Actual Startup Time": 10157.696,"Actual Total Time": 10258.651,"Actual Rows": 16,"Actual Loops": 4,"Inner Unique": true,"Hash Cond": "(orders.o_custkey = customer.c_custkey)","Workers": [],"Plans": [{"Node Type": "Nested Loop","Parent Relationship": "Outer","Parallel Aware": false,"Async Capable": false,"Join Type": "Inner","Startup Cost": 210537.69,"Total Cost": 289682.32,"Plan Rows": 153265,"Plan Width": 25,"Actual Startup Time": 10123.332,"Actual Total Time": 10224.239,"Actual Rows": 16,"Actual Loops": 4,"Inner Unique": false,"Workers": [],"Plans": [{"Node Type": "Hash Join","Parent Relationship": "Outer","Parallel Aware": false,"Async Capable": false,"Join Type": "Inner","Startup Cost": 210537.26,"Total Cost": 242741.13,"Plan Rows": 38308,"Plan Width": 24,"Actual Startup Time": 10123.186,"Actual Total Time": 10223.998,"Actual Rows": 2,"Actual Loops": 4,"Inner Unique": true,"Hash Cond": "(orders.o_orderkey = lineitem_1.l_orderkey)","Workers": [],"Plans": [{"Node Type": "Seq Scan","Parent Relationship": "Outer","Parallel Aware": true,"Async Capable": false,"Relation Name": "orders","Alias": "orders","Startup Cost": 0.00,"Total Cost": 30933.71,"Plan Rows": 483871,"Plan Width": 20,"Actual Startup Time": 0.011,"Actual Total Time": 49.852,"Actual Rows": 375000,"Actual Loops": 4,"Workers": []},{"Node Type": "Hash","Parent Relationship": "Inner","Parallel Aware": false,"Async Capable": false,"Startup Cost": 209052.81,"Total Cost": 209052.81,"Plan Rows": 118756,"Plan Width": 4,"Actual Startup Time": 10005.666,"Actual Total Time": 10005.673,"Actual Rows": 9,"Actual Loops": 4,"Hash Buckets": 131072,"Original Hash Buckets": 131072,"Hash Batches": 1,"Original Hash Batches": 1,"Peak Memory Usage": 1025,"Workers": [],"Plans": [{"Node Type": "Aggregate","Strategy": "Hashed","Partial Mode": "Simple","Parent Relationship": "Outer","Parallel Aware": false,"Async Capable": false,"Startup Cost": 202521.23,"Total Cost": 207865.25,"Plan Rows": 118756,"Plan Width": 4,"Actual Startup Time": 6310.010,"Actual Total Time": 10005.543,"Actual Rows": 9,"Actual Loops": 4,"Group Key": ["lineitem_1.l_orderkey"],"Filter": "(sum(lineitem_1.l_quantity) > '313'::numeric)","Planned Partitions": 0,"HashAgg Batches": 1,"Peak Memory Usage": 638993,"Disk Usage": 0,"Rows Removed by Filter": 1499991,"Workers": [{"Worker Number": 0,"HashAgg Batches": 1,"Peak Memory Usage": 638993,"Disk Usage": 0},{"Worker Number": 1,"HashAgg Batches": 1,"Peak Memory Usage": 638993,"Disk Usage": 0},{"Worker Number": 2,"HashAgg Batches": 1,"Peak Memory Usage": 638993,"Disk Usage": 0}],"Plans": [{"Node Type": "Seq Scan","Parent Relationship": "Outer","Parallel Aware": false,"Async Capable": false,"Relation Name": "lineitem","Alias": "lineitem_1","Startup Cost": 0.00,"Total Cost": 172515.15,"Plan Rows": 6001215,"Plan Width": 9,"Actual Startup Time": 0.020,"Actual Total Time": 994.479,"Actual Rows": 6001215,"Actual Loops": 4,"Workers": []}]}]}]},{"Node Type": "Index Scan","Parent Relationship": "Inner","Parallel Aware": false,"Async Capable": false,"Scan Direction": "Forward","Index Name": "idx_lineitem_orderkey","Relation Name": "lineitem","Alias": "lineitem","Startup Cost": 0.43,"Total Cost": 1.06,"Plan Rows": 17,"Plan Width": 9,"Actual Startup Time": 0.068,"Actual Total Time": 0.075,"Actual Rows": 7,"Actual Loops": 9,"Index Cond": "(l_orderkey = orders.o_orderkey)","Rows Removed by Index Recheck": 0,"Workers": []}]},{"Node Type": "Hash","Parent Relationship": "Inner","Parallel Aware": true,"Async Capable": false,"Startup Cost": 4210.00,"Total Cost": 4210.00,"Plan Rows": 62500,"Plan Width": 23,"Actual Startup Time": 33.578,"Actual Total Time": 33.582,"Actual Rows": 37500,"Actual Loops": 4,"Hash Buckets": 262144,"Original Hash Buckets": 262144,"Hash Batches": 1,"Original Hash Batches": 1,"Peak Memory Usage": 10336,"Workers": [],"Plans": [{"Node Type": "Seq Scan","Parent Relationship": "Outer","Parallel Aware": true,"Async Capable": false,"Relation Name": "customer","Alias": "customer","Startup Cost": 0.00,"Total Cost": 4210.00,"Plan Rows": 62500,"Plan Width": 23,"Actual Startup Time": 0.023,"Actual Total Time": 16.777,"Actual Rows": 37500,"Actual Loops": 4,"Workers": []}]}]}]}]}]},"Planning Time": 6.662,"Triggers": [],"Execution Time": 10430.266}]
[{"Plan": {"Node Type": "Sort","Parallel Aware": false,"Async Capable": false,"Startup Cost": 397889.21,"Total Cost": 399077.01,"Plan Rows": 475120,"Plan Width": 71,"Actual Startup Time": 10785.011,"Actual Total Time": 10839.032,"Actual Rows": 9,"Actual Loops": 1,"Sort Key": ["orders.o_totalprice DESC", "orders.o_orderdate"],"Sort Method": "quicksort","Sort Space Used": 25,"Sort Space Type": "Memory","Plans": [{"Node Type": "Aggregate","Strategy": "Hashed","Partial Mode": "Simple","Parent Relationship": "Outer","Parallel Aware": false,"Async Capable": false,"Startup Cost": 347151.30,"Total Cost": 353090.30,"Plan Rows": 475120,"Plan Width": 71,"Actual Startup Time": 10763.855,"Actual Total Time": 10838.848,"Actual Rows": 9,"Actual Loops": 1,"Group Key": ["customer.c_custkey", "orders.o_orderkey"],"Planned Partitions": 0,"HashAgg Batches": 1,"Peak Memory Usage": 24601,"Disk Usage": 0,"Plans": [{"Node Type": "Gather","Parent Relationship": "Outer","Parallel Aware": false,"Async Capable": false,"Startup Cost": 216528.94,"Total Cost": 343587.90,"Plan Rows": 475120,"Plan Width": 44,"Actual Startup Time": 9674.071,"Actual Total Time": 10813.470,"Actual Rows": 63,"Actual Loops": 1,"Workers Planned": 3,"Workers Launched": 3,"Single Copy": false,"Plans": [{"Node Type": "Hash Join","Parent Relationship": "Outer","Parallel Aware": true,"Async Capable": false,"Join Type": "Inner","Startup Cost": 215528.94,"Total Cost": 295075.90,"Plan Rows": 153265,"Plan Width": 44,"Actual Startup Time": 10141.072,"Actual Total Time": 10312.965,"Actual Rows": 16,"Actual Loops": 4,"Inner Unique": true,"Hash Cond": "(orders.o_custkey = customer.c_custkey)","Workers": [],"Plans": [{"Node Type": "Nested Loop","Parent Relationship": "Outer","Parallel Aware": false,"Async Capable": false,"Join Type": "Inner","Startup Cost": 210537.69,"Total Cost": 289682.32,"Plan Rows": 153265,"Plan Width": 25,"Actual Startup Time": 10104.129,"Actual Total Time": 10275.947,"Actual Rows": 16,"Actual Loops": 4,"Inner Unique": false,"Workers": [],"Plans": [{"Node Type": "Hash Join","Parent Relationship": "Outer","Parallel Aware": false,"Async Capable": false,"Join Type": "Inner","Startup Cost": 210537.26,"Total Cost": 242741.13,"Plan Rows": 38308,"Plan Width": 24,"Actual Startup Time": 10104.052,"Actual Total Time": 10275.739,"Actual Rows": 2,"Actual Loops": 4,"Inner Unique": true,"Hash Cond": "(orders.o_orderkey = lineitem_1.l_orderkey)","Workers": [],"Plans": [{"Node Type": "Seq Scan","Parent Relationship": "Outer","Parallel Aware": true,"Async Capable": false,"Relation Name": "orders","Alias": "orders","Startup Cost": 0.00,"Total Cost": 30933.71,"Plan Rows": 483871,"Plan Width": 20,"Actual Startup Time": 0.007,"Actual Total Time": 53.689,"Actual Rows": 375000,"Actual Loops": 4,"Workers": []},{"Node Type": "Hash","Parent Relationship": "Inner","Parallel Aware": false,"Async Capable": false,"Startup Cost": 209052.81,"Total Cost": 209052.81,"Plan Rows": 118756,"Plan Width": 4,"Actual Startup Time": 10025.157,"Actual Total Time": 10025.166,"Actual Rows": 9,"Actual Loops": 4,"Hash Buckets": 131072,"Original Hash Buckets": 131072,"Hash Batches": 1,"Original Hash Batches": 1,"Peak Memory Usage": 1025,"Workers": [],"Plans": [{"Node Type": "Aggregate","Strategy": "Hashed","Partial Mode": "Simple","Parent Relationship": "Outer","Parallel Aware": false,"Async Capable": false,"Startup Cost": 202521.23,"Total Cost": 207865.25,"Plan Rows": 118756,"Plan Width": 4,"Actual Startup Time": 6285.839,"Actual Total Time": 10024.981,"Actual Rows": 9,"Actual Loops": 4,"Group Key": ["lineitem_1.l_orderkey"],"Filter": "(sum(lineitem_1.l_quantity) > '314'::numeric)","Planned Partitions": 0,"HashAgg Batches": 1,"Peak Memory Usage": 638993,"Disk Usage": 0,"Rows Removed by Filter": 1499991,"Workers": [{"Worker Number": 0,"HashAgg Batches": 1,"Peak Memory Usage": 638993,"Disk Usage": 0},{"Worker Number": 1,"HashAgg Batches": 1,"Peak Memory Usage": 638993,"Disk Usage": 0},{"Worker Number": 2,"HashAgg Batches": 1,"Peak Memory Usage": 638993,"Disk Usage": 0}],"Plans": [{"Node Type": "Seq Scan","Parent Relationship": "Outer","Parallel Aware": false,"Async Capable": false,"Relation Name": "lineitem","Alias": "lineitem_1","Startup Cost": 0.00,"Total Cost": 172515.15,"Plan Rows": 6001215,"Plan Width": 9,"Actual Startup Time": 0.019,"Actual Total Time": 931.752,"Actual Rows": 6001215,"Actual Loops": 4,"Workers": []}]}]}]},{"Node Type": "Index Scan","Parent Relationship": "Inner","Parallel Aware": false,"Async Capable": false,"Scan Direction": "Forward","Index Name": "idx_lineitem_orderkey","Relation Name": "lineitem","Alias": "lineitem","Startup Cost": 0.43,"Total Cost": 1.06,"Plan Rows": 17,"Plan Width": 9,"Actual Startup Time": 0.055,"Actual Total Time": 0.062,"Actual Rows": 7,"Actual Loops": 9,"Index Cond": "(l_orderkey = orders.o_orderkey)","Rows Removed by Index Recheck": 0,"Workers": []}]},{"Node Type": "Hash","Parent Relationship": "Inner","Parallel Aware": true,"Async Capable": false,"Startup Cost": 4210.00,"Total Cost": 4210.00,"Plan Rows": 62500,"Plan Width": 23,"Actual Startup Time": 36.172,"Actual Total Time": 36.190,"Actual Rows": 37500,"Actual Loops": 4,"Hash Buckets": 262144,"Original Hash Buckets": 262144,"Hash Batches": 1,"Original Hash Batches": 1,"Peak Memory Usage": 10336,"Workers": [],"Plans": [{"Node Type": "Seq Scan","Parent Relationship": "Outer","Parallel Aware": true,"Async Capable": false,"Relation Name": "customer","Alias": "customer","Startup Cost": 0.00,"Total Cost": 4210.00,"Plan Rows": 62500,"Plan Width": 23,"Actual Startup Time": 0.024,"Actual Total Time": 17.933,"Actual Rows": 37500,"Actual Loops": 4,"Workers": []}]}]}]}]}]},"Planning Time": 6.881,"Triggers": [],"Execution Time": 10893.482}]
[{"Plan": {"Node Type": "Sort","Parallel Aware": false,"Async Capable": false,"Startup Cost": 397889.21,"Total Cost": 399077.01,"Plan Rows": 475120,"Plan Width": 71,"Actual Startup Time": 10887.509,"Actual Total Time": 10908.132,"Actual Rows": 10,"Actual Loops": 1,"Sort Key": ["orders.o_totalprice DESC", "orders.o_orderdate"],"Sort Method": "quicksort","Sort Space Used": 25,"Sort Space Type": "Memory","Plans": [{"Node Type": "Aggregate","Strategy": "Hashed","Partial Mode": "Simple","Parent Relationship": "Outer","Parallel Aware": false,"Async Capable": false,"Startup Cost": 347151.30,"Total Cost": 353090.30,"Plan Rows": 475120,"Plan Width": 71,"Actual Startup Time": 10848.812,"Actual Total Time": 10907.941,"Actual Rows": 10,"Actual Loops": 1,"Group Key": ["customer.c_custkey", "orders.o_orderkey"],"Planned Partitions": 0,"HashAgg Batches": 1,"Peak Memory Usage": 24601,"Disk Usage": 0,"Plans": [{"Node Type": "Gather","Parent Relationship": "Outer","Parallel Aware": false,"Async Capable": false,"Startup Cost": 216528.94,"Total Cost": 343587.90,"Plan Rows": 475120,"Plan Width": 44,"Actual Startup Time": 10782.037,"Actual Total Time": 10858.151,"Actual Rows": 70,"Actual Loops": 1,"Workers Planned": 3,"Workers Launched": 3,"Single Copy": false,"Plans": [{"Node Type": "Hash Join","Parent Relationship": "Outer","Parallel Aware": true,"Async Capable": false,"Join Type": "Inner","Startup Cost": 215528.94,"Total Cost": 295075.90,"Plan Rows": 153265,"Plan Width": 44,"Actual Startup Time": 10180.765,"Actual Total Time": 10348.312,"Actual Rows": 18,"Actual Loops": 4,"Inner Unique": true,"Hash Cond": "(orders.o_custkey = customer.c_custkey)","Workers": [],"Plans": [{"Node Type": "Nested Loop","Parent Relationship": "Outer","Parallel Aware": false,"Async Capable": false,"Join Type": "Inner","Startup Cost": 210537.69,"Total Cost": 289682.32,"Plan Rows": 153265,"Plan Width": 25,"Actual Startup Time": 10142.809,"Actual Total Time": 10310.270,"Actual Rows": 18,"Actual Loops": 4,"Inner Unique": false,"Workers": [],"Plans": [{"Node Type": "Hash Join","Parent Relationship": "Outer","Parallel Aware": false,"Async Capable": false,"Join Type": "Inner","Startup Cost": 210537.26,"Total Cost": 242741.13,"Plan Rows": 38308,"Plan Width": 24,"Actual Startup Time": 10142.670,"Actual Total Time": 10309.991,"Actual Rows": 2,"Actual Loops": 4,"Inner Unique": true,"Hash Cond": "(orders.o_orderkey = lineitem_1.l_orderkey)","Workers": [],"Plans": [{"Node Type": "Seq Scan","Parent Relationship": "Outer","Parallel Aware": true,"Async Capable": false,"Relation Name": "orders","Alias": "orders","Startup Cost": 0.00,"Total Cost": 30933.71,"Plan Rows": 483871,"Plan Width": 20,"Actual Startup Time": 0.009,"Actual Total Time": 49.040,"Actual Rows": 375000,"Actual Loops": 4,"Workers": []},{"Node Type": "Hash","Parent Relationship": "Inner","Parallel Aware": false,"Async Capable": false,"Startup Cost": 209052.81,"Total Cost": 209052.81,"Plan Rows": 118756,"Plan Width": 4,"Actual Startup Time": 10075.163,"Actual Total Time": 10075.176,"Actual Rows": 10,"Actual Loops": 4,"Hash Buckets": 131072,"Original Hash Buckets": 131072,"Hash Batches": 1,"Original Hash Batches": 1,"Peak Memory Usage": 1025,"Workers": [],"Plans": [{"Node Type": "Aggregate","Strategy": "Hashed","Partial Mode": "Simple","Parent Relationship": "Outer","Parallel Aware": false,"Async Capable": false,"Startup Cost": 202521.23,"Total Cost": 207865.25,"Plan Rows": 118756,"Plan Width": 4,"Actual Startup Time": 6293.151,"Actual Total Time": 10074.968,"Actual Rows": 10,"Actual Loops": 4,"Group Key": ["lineitem_1.l_orderkey"],"Filter": "(sum(lineitem_1.l_quantity) > '312'::numeric)","Planned Partitions": 0,"HashAgg Batches": 1,"Peak Memory Usage": 638993,"Disk Usage": 0,"Rows Removed by Filter": 1499990,"Workers": [{"Worker Number": 0,"HashAgg Batches": 1,"Peak Memory Usage": 638993,"Disk Usage": 0},{"Worker Number": 1,"HashAgg Batches": 1,"Peak Memory Usage": 638993,"Disk Usage": 0},{"Worker Number": 2,"HashAgg Batches": 1,"Peak Memory Usage": 638993,"Disk Usage": 0}],"Plans": [{"Node Type": "Seq Scan","Parent Relationship": "Outer","Parallel Aware": false,"Async Capable": false,"Relation Name": "lineitem","Alias": "lineitem_1","Startup Cost": 0.00,"Total Cost": 172515.15,"Plan Rows": 6001215,"Plan Width": 9,"Actual Startup Time": 0.021,"Actual Total Time": 960.546,"Actual Rows": 6001215,"Actual Loops": 4,"Workers": []}]}]}]},{"Node Type": "Index Scan","Parent Relationship": "Inner","Parallel Aware": false,"Async Capable": false,"Scan Direction": "Forward","Index Name": "idx_lineitem_orderkey","Relation Name": "lineitem","Alias": "lineitem","Startup Cost": 0.43,"Total Cost": 1.06,"Plan Rows": 17,"Plan Width": 9,"Actual Startup Time": 0.072,"Actual Total Time": 0.079,"Actual Rows": 7,"Actual Loops": 10,"Index Cond": "(l_orderkey = orders.o_orderkey)","Rows Removed by Index Recheck": 0,"Workers": []}]},{"Node Type": "Hash","Parent Relationship": "Inner","Parallel Aware": true,"Async Capable": false,"Startup Cost": 4210.00,"Total Cost": 4210.00,"Plan Rows": 62500,"Plan Width": 23,"Actual Startup Time": 37.105,"Actual Total Time": 37.114,"Actual Rows": 37500,"Actual Loops": 4,"Hash Buckets": 262144,"Original Hash Buckets": 262144,"Hash Batches": 1,"Original Hash Batches": 1,"Peak Memory Usage": 10368,"Workers": [],"Plans": [{"Node Type": "Seq Scan","Parent Relationship": "Outer","Parallel Aware": true,"Async Capable": false,"Relation Name": "customer","Alias": "customer","Startup Cost": 0.00,"Total Cost": 4210.00,"Plan Rows": 62500,"Plan Width": 23,"Actual Startup Time": 0.025,"Actual Total Time": 19.726,"Actual Rows": 37500,"Actual Loops": 4,"Workers": []}]}]}]}]}]},"Planning Time": 6.715,"Triggers": [],"Execution Time": 10961.817}]
[{"Plan": {"Node Type": "Sort","Parallel Aware": false,"Async Capable": false,"Startup Cost": 397889.21,"Total Cost": 399077.01,"Plan Rows": 475120,"Plan Width": 71,"Actual Startup Time": 10785.011,"Actual Total Time": 10839.032,"Actual Rows": 9,"Actual Loops": 1,"Sort Key": ["orders.o_totalprice DESC", "orders.o_orderdate"],"Sort Method": "quicksort","Sort Space Used": 25,"Sort Space Type": "Memory","Plans": [{"Node Type": "Aggregate","Strategy": "Hashed","Partial Mode": "Simple","Parent Relationship": "Outer","Parallel Aware": false,"Async Capable": false,"Startup Cost": 347151.30,"Total Cost": 353090.30,"Plan Rows": 475120,"Plan Width": 71,"Actual Startup Time": 10763.855,"Actual Total Time": 10838.848,"Actual Rows": 9,"Actual Loops": 1,"Group Key": ["customer.c_custkey", "orders.o_orderkey"],"Planned Partitions": 0,"HashAgg Batches": 1,"Peak Memory Usage": 24601,"Disk Usage": 0,"Plans": [{"Node Type": "Gather","Parent Relationship": "Outer","Parallel Aware": false,"Async Capable": false,"Startup Cost": 216528.94,"Total Cost": 343587.90,"Plan Rows": 475120,"Plan Width": 44,"Actual Startup Time": 9674.071,"Actual Total Time": 10813.470,"Actual Rows": 63,"Actual Loops": 1,"Workers Planned": 3,"Workers Launched": 3,"Single Copy": false,"Plans": [{"Node Type": "Hash Join","Parent Relationship": "Outer","Parallel Aware": true,"Async Capable": false,"Join Type": "Inner","Startup Cost": 215528.94,"Total Cost": 295075.90,"Plan Rows": 153265,"Plan Width": 44,"Actual Startup Time": 10141.072,"Actual Total Time": 10312.965,"Actual Rows": 16,"Actual Loops": 4,"Inner Unique": true,"Hash Cond": "(orders.o_custkey = customer.c_custkey)","Workers": [],"Plans": [{"Node Type": "Nested Loop","Parent Relationship": "Outer","Parallel Aware": false,"Async Capable": false,"Join Type": "Inner","Startup Cost": 210537.69,"Total Cost": 289682.32,"Plan Rows": 153265,"Plan Width": 25,"Actual Startup Time": 10104.129,"Actual Total Time": 10275.947,"Actual Rows": 16,"Actual Loops": 4,"Inner Unique": false,"Workers": [],"Plans": [{"Node Type": "Hash Join","Parent Relationship": "Outer","Parallel Aware": false,"Async Capable": false,"Join Type": "Inner","Startup Cost": 210537.26,"Total Cost": 242741.13,"Plan Rows": 38308,"Plan Width": 24,"Actual Startup Time": 10104.052,"Actual Total Time": 10275.739,"Actual Rows": 2,"Actual Loops": 4,"Inner Unique": true,"Hash Cond": "(orders.o_orderkey = lineitem_1.l_orderkey)","Workers": [],"Plans": [{"Node Type": "Seq Scan","Parent Relationship": "Outer","Parallel Aware": true,"Async Capable": false,"Relation Name": "orders","Alias": "orders","Startup Cost": 0.00,"Total Cost": 30933.71,"Plan Rows": 483871,"Plan Width": 20,"Actual Startup Time": 0.007,"Actual Total Time": 53.689,"Actual Rows": 375000,"Actual Loops": 4,"Workers": []},{"Node Type": "Hash","Parent Relationship": "Inner","Parallel Aware": false,"Async Capable": false,"Startup Cost": 209052.81,"Total Cost": 209052.81,"Plan Rows": 118756,"Plan Width": 4,"Actual Startup Time": 10025.157,"Actual Total Time": 10025.166,"Actual Rows": 9,"Actual Loops": 4,"Hash Buckets": 131072,"Original Hash Buckets": 131072,"Hash Batches": 1,"Original Hash Batches": 1,"Peak Memory Usage": 1025,"Workers": [],"Plans": [{"Node Type": "Aggregate","Strategy": "Hashed","Partial Mode": "Simple","Parent Relationship": "Outer","Parallel Aware": false,"Async Capable": false,"Startup Cost": 202521.23,"Total Cost": 207865.25,"Plan Rows": 118756,"Plan Width": 4,"Actual Startup Time": 6285.839,"Actual Total Time": 10024.981,"Actual Rows": 9,"Actual Loops": 4,"Group Key": ["lineitem_1.l_orderkey"],"Filter": "(sum(lineitem_1.l_quantity) > '314'::numeric)","Planned Partitions": 0,"HashAgg Batches": 1,"Peak Memory Usage": 638993,"Disk Usage": 0,"Rows Removed by Filter": 1499991,"Workers": [{"Worker Number": 0,"HashAgg Batches": 1,"Peak Memory Usage": 638993,"Disk Usage": 0},{"Worker Number": 1,"HashAgg Batches": 1,"Peak Memory Usage": 638993,"Disk Usage": 0},{"Worker Number": 2,"HashAgg Batches": 1,"Peak Memory Usage": 638993,"Disk Usage": 0}],"Plans": [{"Node Type": "Seq Scan","Parent Relationship": "Outer","Parallel Aware": false,"Async Capable": false,"Relation Name": "lineitem","Alias": "lineitem_1","Startup Cost": 0.00,"Total Cost": 172515.15,"Plan Rows": 6001215,"Plan Width": 9,"Actual Startup Time": 0.019,"Actual Total Time": 931.752,"Actual Rows": 6001215,"Actual Loops": 4,"Workers": []}]}]}]},{"Node Type": "Index Scan","Parent Relationship": "Inner","Parallel Aware": false,"Async Capable": false,"Scan Direction": "Forward","Index Name": "idx_lineitem_orderkey","Relation Name": "lineitem","Alias": "lineitem","Startup Cost": 0.43,"Total Cost": 1.06,"Plan Rows": 17,"Plan Width": 9,"Actual Startup Time": 0.055,"Actual Total Time": 0.062,"Actual Rows": 7,"Actual Loops": 9,"Index Cond": "(l_orderkey = orders.o_orderkey)","Rows Removed by Index Recheck": 0,"Workers": []}]},{"Node Type": "Hash","Parent Relationship": "Inner","Parallel Aware": true,"Async Capable": false,"Startup Cost": 4210.00,"Total Cost": 4210.00,"Plan Rows": 62500,"Plan Width": 23,"Actual Startup Time": 36.172,"Actual Total Time": 36.190,"Actual Rows": 37500,"Actual Loops": 4,"Hash Buckets": 262144,"Original Hash Buckets": 262144,"Hash Batches": 1,"Original Hash Batches": 1,"Peak Memory Usage": 10336,"Workers": [],"Plans": [{"Node Type": "Seq Scan","Parent Relationship": "Outer","Parallel Aware": true,"Async Capable": false,"Relation Name": "customer","Alias": "customer","Startup Cost": 0.00,"Total Cost": 4210.00,"Plan Rows": 62500,"Plan Width": 23,"Actual Startup Time": 0.024,"Actual Total Time": 17.933,"Actual Rows": 37500,"Actual Loops": 4,"Workers": []}]}]}]}]}]},"Planning Time": 6.881,"Triggers": [],"Execution Time": 10893.482}]
[{"Plan": {"Node Type": "Sort","Parallel Aware": false,"Async Capable": false,"Startup Cost": 397889.21,"Total Cost": 399077.01,"Plan Rows": 475120,"Plan Width": 71,"Actual Startup Time": 10785.011,"Actual Total Time": 10839.032,"Actual Rows": 9,"Actual Loops": 1,"Sort Key": ["orders.o_totalprice DESC", "orders.o_orderdate"],"Sort Method": "quicksort","Sort Space Used": 25,"Sort Space Type": "Memory","Plans": [{"Node Type": "Aggregate","Strategy": "Hashed","Partial Mode": "Simple","Parent Relationship": "Outer","Parallel Aware": false,"Async Capable": false,"Startup Cost": 347151.30,"Total Cost": 353090.30,"Plan Rows": 475120,"Plan Width": 71,"Actual Startup Time": 10763.855,"Actual Total Time": 10838.848,"Actual Rows": 9,"Actual Loops": 1,"Group Key": ["customer.c_custkey", "orders.o_orderkey"],"Planned Partitions": 0,"HashAgg Batches": 1,"Peak Memory Usage": 24601,"Disk Usage": 0,"Plans": [{"Node Type": "Gather","Parent Relationship": "Outer","Parallel Aware": false,"Async Capable": false,"Startup Cost": 216528.94,"Total Cost": 343587.90,"Plan Rows": 475120,"Plan Width": 44,"Actual Startup Time": 9674.071,"Actual Total Time": 10813.470,"Actual Rows": 63,"Actual Loops": 1,"Workers Planned": 3,"Workers Launched": 3,"Single Copy": false,"Plans": [{"Node Type": "Hash Join","Parent Relationship": "Outer","Parallel Aware": true,"Async Capable": false,"Join Type": "Inner","Startup Cost": 215528.94,"Total Cost": 295075.90,"Plan Rows": 153265,"Plan Width": 44,"Actual Startup Time": 10141.072,"Actual Total Time": 10312.965,"Actual Rows": 16,"Actual Loops": 4,"Inner Unique": true,"Hash Cond": "(orders.o_custkey = customer.c_custkey)","Workers": [],"Plans": [{"Node Type": "Nested Loop","Parent Relationship": "Outer","Parallel Aware": false,"Async Capable": false,"Join Type": "Inner","Startup Cost": 210537.69,"Total Cost": 289682.32,"Plan Rows": 153265,"Plan Width": 25,"Actual Startup Time": 10104.129,"Actual Total Time": 10275.947,"Actual Rows": 16,"Actual Loops": 4,"Inner Unique": false,"Workers": [],"Plans": [{"Node Type": "Hash Join","Parent Relationship": "Outer","Parallel Aware": false,"Async Capable": false,"Join Type": "Inner","Startup Cost": 210537.26,"Total Cost": 242741.13,"Plan Rows": 38308,"Plan Width": 24,"Actual Startup Time": 10104.052,"Actual Total Time": 10275.739,"Actual Rows": 2,"Actual Loops": 4,"Inner Unique": true,"Hash Cond": "(orders.o_orderkey = lineitem_1.l_orderkey)","Workers": [],"Plans": [{"Node Type": "Seq Scan","Parent Relationship": "Outer","Parallel Aware": true,"Async Capable": false,"Relation Name": "orders","Alias": "orders","Startup Cost": 0.00,"Total Cost": 30933.71,"Plan Rows": 483871,"Plan Width": 20,"Actual Startup Time": 0.007,"Actual Total Time": 53.689,"Actual Rows": 375000,"Actual Loops": 4,"Workers": []},{"Node Type": "Hash","Parent Relationship": "Inner","Parallel Aware": false,"Async Capable": false,"Startup Cost": 209052.81,"Total Cost": 209052.81,"Plan Rows": 118756,"Plan Width": 4,"Actual Startup Time": 10025.157,"Actual Total Time": 10025.166,"Actual Rows": 9,"Actual Loops": 4,"Hash Buckets": 131072,"Original Hash Buckets": 131072,"Hash Batches": 1,"Original Hash Batches": 1,"Peak Memory Usage": 1025,"Workers": [],"Plans": [{"Node Type": "Aggregate","Strategy": "Hashed","Partial Mode": "Simple","Parent Relationship": "Outer","Parallel Aware": false,"Async Capable": false,"Startup Cost": 202521.23,"Total Cost": 207865.25,"Plan Rows": 118756,"Plan Width": 4,"Actual Startup Time": 6285.839,"Actual Total Time": 10024.981,"Actual Rows": 9,"Actual Loops": 4,"Group Key": ["lineitem_1.l_orderkey"],"Filter": "(sum(lineitem_1.l_quantity) > '314'::numeric)","Planned Partitions": 0,"HashAgg Batches": 1,"Peak Memory Usage": 638993,"Disk Usage": 0,"Rows Removed by Filter": 1499991,"Workers": [{"Worker Number": 0,"HashAgg Batches": 1,"Peak Memory Usage": 638993,"Disk Usage": 0},{"Worker Number": 1,"HashAgg Batches": 1,"Peak Memory Usage": 638993,"Disk Usage": 0},{"Worker Number": 2,"HashAgg Batches": 1,"Peak Memory Usage": 638993,"Disk Usage": 0}],"Plans": [{"Node Type": "Seq Scan","Parent Relationship": "Outer","Parallel Aware": false,"Async Capable": false,"Relation Name": "lineitem","Alias": "lineitem_1","Startup Cost": 0.00,"Total Cost": 172515.15,"Plan Rows": 6001215,"Plan Width": 9,"Actual Startup Time": 0.019,"Actual Total Time": 931.752,"Actual Rows": 6001215,"Actual Loops": 4,"Workers": []}]}]}]},{"Node Type": "Index Scan","Parent Relationship": "Inner","Parallel Aware": false,"Async Capable": false,"Scan Direction": "Forward","Index Name": "idx_lineitem_orderkey","Relation Name": "lineitem","Alias": "lineitem","Startup Cost": 0.43,"Total Cost": 1.06,"Plan Rows": 17,"Plan Width": 9,"Actual Startup Time": 0.055,"Actual Total Time": 0.062,"Actual Rows": 7,"Actual Loops": 9,"Index Cond": "(l_orderkey = orders.o_orderkey)","Rows Removed by Index Recheck": 0,"Workers": []}]},{"Node Type": "Hash","Parent Relationship": "Inner","Parallel Aware": true,"Async Capable": false,"Startup Cost": 4210.00,"Total Cost": 4210.00,"Plan Rows": 62500,"Plan Width": 23,"Actual Startup Time": 36.172,"Actual Total Time": 36.190,"Actual Rows": 37500,"Actual Loops": 4,"Hash Buckets": 262144,"Original Hash Buckets": 262144,"Hash Batches": 1,"Original Hash Batches": 1,"Peak Memory Usage": 10336,"Workers": [],"Plans": [{"Node Type": "Seq Scan","Parent Relationship": "Outer","Parallel Aware": true,"Async Capable": false,"Relation Name": "customer","Alias": "customer","Startup Cost": 0.00,"Total Cost": 4210.00,"Plan Rows": 62500,"Plan Width": 23,"Actual Startup Time": 0.024,"Actual Total Time": 17.933,"Actual Rows": 37500,"Actual Loops": 4,"Workers": []}]}]}]}]}]},"Planning Time": 6.881,"Triggers": [],"Execution Time": 10893.482}]
[{"Plan": {"Node Type": "Sort","Parallel Aware": false,"Async Capable": false,"Startup Cost": 397889.21,"Total Cost": 399077.01,"Plan Rows": 475120,"Plan Width": 71,"Actual Startup Time": 10785.011,"Actual Total Time": 10839.032,"Actual Rows": 9,"Actual Loops": 1,"Sort Key": ["orders.o_totalprice DESC", "orders.o_orderdate"],"Sort Method": "quicksort","Sort Space Used": 25,"Sort Space Type": "Memory","Plans": [{"Node Type": "Aggregate","Strategy": "Hashed","Partial Mode": "Simple","Parent Relationship": "Outer","Parallel Aware": false,"Async Capable": false,"Startup Cost": 347151.30,"Total Cost": 353090.30,"Plan Rows": 475120,"Plan Width": 71,"Actual Startup Time": 10763.855,"Actual Total Time": 10838.848,"Actual Rows": 9,"Actual Loops": 1,"Group Key": ["customer.c_custkey", "orders.o_orderkey"],"Planned Partitions": 0,"HashAgg Batches": 1,"Peak Memory Usage": 24601,"Disk Usage": 0,"Plans": [{"Node Type": "Gather","Parent Relationship": "Outer","Parallel Aware": false,"Async Capable": false,"Startup Cost": 216528.94,"Total Cost": 343587.90,"Plan Rows": 475120,"Plan Width": 44,"Actual Startup Time": 9674.071,"Actual Total Time": 10813.470,"Actual Rows": 63,"Actual Loops": 1,"Workers Planned": 3,"Workers Launched": 3,"Single Copy": false,"Plans": [{"Node Type": "Hash Join","Parent Relationship": "Outer","Parallel Aware": true,"Async Capable": false,"Join Type": "Inner","Startup Cost": 215528.94,"Total Cost": 295075.90,"Plan Rows": 153265,"Plan Width": 44,"Actual Startup Time": 10141.072,"Actual Total Time": 10312.965,"Actual Rows": 16,"Actual Loops": 4,"Inner Unique": true,"Hash Cond": "(orders.o_custkey = customer.c_custkey)","Workers": [],"Plans": [{"Node Type": "Nested Loop","Parent Relationship": "Outer","Parallel Aware": false,"Async Capable": false,"Join Type": "Inner","Startup Cost": 210537.69,"Total Cost": 289682.32,"Plan Rows": 153265,"Plan Width": 25,"Actual Startup Time": 10104.129,"Actual Total Time": 10275.947,"Actual Rows": 16,"Actual Loops": 4,"Inner Unique": false,"Workers": [],"Plans": [{"Node Type": "Hash Join","Parent Relationship": "Outer","Parallel Aware": false,"Async Capable": false,"Join Type": "Inner","Startup Cost": 210537.26,"Total Cost": 242741.13,"Plan Rows": 38308,"Plan Width": 24,"Actual Startup Time": 10104.052,"Actual Total Time": 10275.739,"Actual Rows": 2,"Actual Loops": 4,"Inner Unique": true,"Hash Cond": "(orders.o_orderkey = lineitem_1.l_orderkey)","Workers": [],"Plans": [{"Node Type": "Seq Scan","Parent Relationship": "Outer","Parallel Aware": true,"Async Capable": false,"Relation Name": "orders","Alias": "orders","Startup Cost": 0.00,"Total Cost": 30933.71,"Plan Rows": 483871,"Plan Width": 20,"Actual Startup Time": 0.007,"Actual Total Time": 53.689,"Actual Rows": 375000,"Actual Loops": 4,"Workers": []},{"Node Type": "Hash","Parent Relationship": "Inner","Parallel Aware": false,"Async Capable": false,"Startup Cost": 209052.81,"Total Cost": 209052.81,"Plan Rows": 118756,"Plan Width": 4,"Actual Startup Time": 10025.157,"Actual Total Time": 10025.166,"Actual Rows": 9,"Actual Loops": 4,"Hash Buckets": 131072,"Original Hash Buckets": 131072,"Hash Batches": 1,"Original Hash Batches": 1,"Peak Memory Usage": 1025,"Workers": [],"Plans": [{"Node Type": "Aggregate","Strategy": "Hashed","Partial Mode": "Simple","Parent Relationship": "Outer","Parallel Aware": false,"Async Capable": false,"Startup Cost": 202521.23,"Total Cost": 207865.25,"Plan Rows": 118756,"Plan Width": 4,"Actual Startup Time": 6285.839,"Actual Total Time": 10024.981,"Actual Rows": 9,"Actual Loops": 4,"Group Key": ["lineitem_1.l_orderkey"],"Filter": "(sum(lineitem_1.l_quantity) > '314'::numeric)","Planned Partitions": 0,"HashAgg Batches": 1,"Peak Memory Usage": 638993,"Disk Usage": 0,"Rows Removed by Filter": 1499991,"Workers": [{"Worker Number": 0,"HashAgg Batches": 1,"Peak Memory Usage": 638993,"Disk Usage": 0},{"Worker Number": 1,"HashAgg Batches": 1,"Peak Memory Usage": 638993,"Disk Usage": 0},{"Worker Number": 2,"HashAgg Batches": 1,"Peak Memory Usage": 638993,"Disk Usage": 0}],"Plans": [{"Node Type": "Seq Scan","Parent Relationship": "Outer","Parallel Aware": false,"Async Capable": false,"Relation Name": "lineitem","Alias": "lineitem_1","Startup Cost": 0.00,"Total Cost": 172515.15,"Plan Rows": 6001215,"Plan Width": 9,"Actual Startup Time": 0.019,"Actual Total Time": 931.752,"Actual Rows": 6001215,"Actual Loops": 4,"Workers": []}]}]}]},{"Node Type": "Index Scan","Parent Relationship": "Inner","Parallel Aware": false,"Async Capable": false,"Scan Direction": "Forward","Index Name": "idx_lineitem_orderkey","Relation Name": "lineitem","Alias": "lineitem","Startup Cost": 0.43,"Total Cost": 1.06,"Plan Rows": 17,"Plan Width": 9,"Actual Startup Time": 0.055,"Actual Total Time": 0.062,"Actual Rows": 7,"Actual Loops": 9,"Index Cond": "(l_orderkey = orders.o_orderkey)","Rows Removed by Index Recheck": 0,"Workers": []}]},{"Node Type": "Hash","Parent Relationship": "Inner","Parallel Aware": true,"Async Capable": false,"Startup Cost": 4210.00,"Total Cost": 4210.00,"Plan Rows": 62500,"Plan Width": 23,"Actual Startup Time": 36.172,"Actual Total Time": 36.190,"Actual Rows": 37500,"Actual Loops": 4,"Hash Buckets": 262144,"Original Hash Buckets": 262144,"Hash Batches": 1,"Original Hash Batches": 1,"Peak Memory Usage": 10336,"Workers": [],"Plans": [{"Node Type": "Seq Scan","Parent Relationship": "Outer","Parallel Aware": true,"Async Capable": false,"Relation Name": "customer","Alias": "customer","Startup Cost": 0.00,"Total Cost": 4210.00,"Plan Rows": 62500,"Plan Width": 23,"Actual Startup Time": 0.024,"Actual Total Time": 17.933,"Actual Rows": 37500,"Actual Loops": 4,"Workers": []}]}]}]}]}]},"Planning Time": 6.881,"Triggers": [],"Execution Time": 10893.482}]
[{"Plan": {"Node Type": "Sort","Parallel Aware": false,"Async Capable": false,"Startup Cost": 397889.21,"Total Cost": 399077.01,"Plan Rows": 475120,"Plan Width": 71,"Actual Startup Time": 10785.011,"Actual Total Time": 10839.032,"Actual Rows": 9,"Actual Loops": 1,"Sort Key": ["orders.o_totalprice DESC", "orders.o_orderdate"],"Sort Method": "quicksort","Sort Space Used": 25,"Sort Space Type": "Memory","Plans": [{"Node Type": "Aggregate","Strategy": "Hashed","Partial Mode": "Simple","Parent Relationship": "Outer","Parallel Aware": false,"Async Capable": false,"Startup Cost": 347151.30,"Total Cost": 353090.30,"Plan Rows": 475120,"Plan Width": 71,"Actual Startup Time": 10763.855,"Actual Total Time": 10838.848,"Actual Rows": 9,"Actual Loops": 1,"Group Key": ["customer.c_custkey", "orders.o_orderkey"],"Planned Partitions": 0,"HashAgg Batches": 1,"Peak Memory Usage": 24601,"Disk Usage": 0,"Plans": [{"Node Type": "Gather","Parent Relationship": "Outer","Parallel Aware": false,"Async Capable": false,"Startup Cost": 216528.94,"Total Cost": 343587.90,"Plan Rows": 475120,"Plan Width": 44,"Actual Startup Time": 9674.071,"Actual Total Time": 10813.470,"Actual Rows": 63,"Actual Loops": 1,"Workers Planned": 3,"Workers Launched": 3,"Single Copy": false,"Plans": [{"Node Type": "Hash Join","Parent Relationship": "Outer","Parallel Aware": true,"Async Capable": false,"Join Type": "Inner","Startup Cost": 215528.94,"Total Cost": 295075.90,"Plan Rows": 153265,"Plan Width": 44,"Actual Startup Time": 10141.072,"Actual Total Time": 10312.965,"Actual Rows": 16,"Actual Loops": 4,"Inner Unique": true,"Hash Cond": "(orders.o_custkey = customer.c_custkey)","Workers": [],"Plans": [{"Node Type": "Nested Loop","Parent Relationship": "Outer","Parallel Aware": false,"Async Capable": false,"Join Type": "Inner","Startup Cost": 210537.69,"Total Cost": 289682.32,"Plan Rows": 153265,"Plan Width": 25,"Actual Startup Time": 10104.129,"Actual Total Time": 10275.947,"Actual Rows": 16,"Actual Loops": 4,"Inner Unique": false,"Workers": [],"Plans": [{"Node Type": "Hash Join","Parent Relationship": "Outer","Parallel Aware": false,"Async Capable": false,"Join Type": "Inner","Startup Cost": 210537.26,"Total Cost": 242741.13,"Plan Rows": 38308,"Plan Width": 24,"Actual Startup Time": 10104.052,"Actual Total Time": 10275.739,"Actual Rows": 2,"Actual Loops": 4,"Inner Unique": true,"Hash Cond": "(orders.o_orderkey = lineitem_1.l_orderkey)","Workers": [],"Plans": [{"Node Type": "Seq Scan","Parent Relationship": "Outer","Parallel Aware": true,"Async Capable": false,"Relation Name": "orders","Alias": "orders","Startup Cost": 0.00,"Total Cost": 30933.71,"Plan Rows": 483871,"Plan Width": 20,"Actual Startup Time": 0.007,"Actual Total Time": 53.689,"Actual Rows": 375000,"Actual Loops": 4,"Workers": []},{"Node Type": "Hash","Parent Relationship": "Inner","Parallel Aware": false,"Async Capable": false,"Startup Cost": 209052.81,"Total Cost": 209052.81,"Plan Rows": 118756,"Plan Width": 4,"Actual Startup Time": 10025.157,"Actual Total Time": 10025.166,"Actual Rows": 9,"Actual Loops": 4,"Hash Buckets": 131072,"Original Hash Buckets": 131072,"Hash Batches": 1,"Original Hash Batches": 1,"Peak Memory Usage": 1025,"Workers": [],"Plans": [{"Node Type": "Aggregate","Strategy": "Hashed","Partial Mode": "Simple","Parent Relationship": "Outer","Parallel Aware": false,"Async Capable": false,"Startup Cost": 202521.23,"Total Cost": 207865.25,"Plan Rows": 118756,"Plan Width": 4,"Actual Startup Time": 6285.839,"Actual Total Time": 10024.981,"Actual Rows": 9,"Actual Loops": 4,"Group Key": ["lineitem_1.l_orderkey"],"Filter": "(sum(lineitem_1.l_quantity) > '314'::numeric)","Planned Partitions": 0,"HashAgg Batches": 1,"Peak Memory Usage": 638993,"Disk Usage": 0,"Rows Removed by Filter": 1499991,"Workers": [{"Worker Number": 0,"HashAgg Batches": 1,"Peak Memory Usage": 638993,"Disk Usage": 0},{"Worker Number": 1,"HashAgg Batches": 1,"Peak Memory Usage": 638993,"Disk Usage": 0},{"Worker Number": 2,"HashAgg Batches": 1,"Peak Memory Usage": 638993,"Disk Usage": 0}],"Plans": [{"Node Type": "Seq Scan","Parent Relationship": "Outer","Parallel Aware": false,"Async Capable": false,"Relation Name": "lineitem","Alias": "lineitem_1","Startup Cost": 0.00,"Total Cost": 172515.15,"Plan Rows": 6001215,"Plan Width": 9,"Actual Startup Time": 0.019,"Actual Total Time": 931.752,"Actual Rows": 6001215,"Actual Loops": 4,"Workers": []}]}]}]},{"Node Type": "Index Scan","Parent Relationship": "Inner","Parallel Aware": false,"Async Capable": false,"Scan Direction": "Forward","Index Name": "idx_lineitem_orderkey","Relation Name": "lineitem","Alias": "lineitem","Startup Cost": 0.43,"Total Cost": 1.06,"Plan Rows": 17,"Plan Width": 9,"Actual Startup Time": 0.055,"Actual Total Time": 0.062,"Actual Rows": 7,"Actual Loops": 9,"Index Cond": "(l_orderkey = orders.o_orderkey)","Rows Removed by Index Recheck": 0,"Workers": []}]},{"Node Type": "Hash","Parent Relationship": "Inner","Parallel Aware": true,"Async Capable": false,"Startup Cost": 4210.00,"Total Cost": 4210.00,"Plan Rows": 62500,"Plan Width": 23,"Actual Startup Time": 36.172,"Actual Total Time": 36.190,"Actual Rows": 37500,"Actual Loops": 4,"Hash Buckets": 262144,"Original Hash Buckets": 262144,"Hash Batches": 1,"Original Hash Batches": 1,"Peak Memory Usage": 10336,"Workers": [],"Plans": [{"Node Type": "Seq Scan","Parent Relationship": "Outer","Parallel Aware": true,"Async Capable": false,"Relation Name": "customer","Alias": "customer","Startup Cost": 0.00,"Total Cost": 4210.00,"Plan Rows": 62500,"Plan Width": 23,"Actual Startup Time": 0.024,"Actual Total Time": 17.933,"Actual Rows": 37500,"Actual Loops": 4,"Workers": []}]}]}]}]}]},"Planning Time": 6.881,"Triggers": [],"Execution Time": 10893.482}]
[{"Plan": {"Node Type": "Sort","Parallel Aware": false,"Async Capable": false,"Startup Cost": 397889.21,"Total Cost": 399077.01,"Plan Rows": 475120,"Plan Width": 71,"Actual Startup Time": 10887.509,"Actual Total Time": 10908.132,"Actual Rows": 10,"Actual Loops": 1,"Sort Key": ["orders.o_totalprice DESC", "orders.o_orderdate"],"Sort Method": "quicksort","Sort Space Used": 25,"Sort Space Type": "Memory","Plans": [{"Node Type": "Aggregate","Strategy": "Hashed","Partial Mode": "Simple","Parent Relationship": "Outer","Parallel Aware": false,"Async Capable": false,"Startup Cost": 347151.30,"Total Cost": 353090.30,"Plan Rows": 475120,"Plan Width": 71,"Actual Startup Time": 10848.812,"Actual Total Time": 10907.941,"Actual Rows": 10,"Actual Loops": 1,"Group Key": ["customer.c_custkey", "orders.o_orderkey"],"Planned Partitions": 0,"HashAgg Batches": 1,"Peak Memory Usage": 24601,"Disk Usage": 0,"Plans": [{"Node Type": "Gather","Parent Relationship": "Outer","Parallel Aware": false,"Async Capable": false,"Startup Cost": 216528.94,"Total Cost": 343587.90,"Plan Rows": 475120,"Plan Width": 44,"Actual Startup Time": 10782.037,"Actual Total Time": 10858.151,"Actual Rows": 70,"Actual Loops": 1,"Workers Planned": 3,"Workers Launched": 3,"Single Copy": false,"Plans": [{"Node Type": "Hash Join","Parent Relationship": "Outer","Parallel Aware": true,"Async Capable": false,"Join Type": "Inner","Startup Cost": 215528.94,"Total Cost": 295075.90,"Plan Rows": 153265,"Plan Width": 44,"Actual Startup Time": 10180.765,"Actual Total Time": 10348.312,"Actual Rows": 18,"Actual Loops": 4,"Inner Unique": true,"Hash Cond": "(orders.o_custkey = customer.c_custkey)","Workers": [],"Plans": [{"Node Type": "Nested Loop","Parent Relationship": "Outer","Parallel Aware": false,"Async Capable": false,"Join Type": "Inner","Startup Cost": 210537.69,"Total Cost": 289682.32,"Plan Rows": 153265,"Plan Width": 25,"Actual Startup Time": 10142.809,"Actual Total Time": 10310.270,"Actual Rows": 18,"Actual Loops": 4,"Inner Unique": false,"Workers": [],"Plans": [{"Node Type": "Hash Join","Parent Relationship": "Outer","Parallel Aware": false,"Async Capable": false,"Join Type": "Inner","Startup Cost": 210537.26,"Total Cost": 242741.13,"Plan Rows": 38308,"Plan Width": 24,"Actual Startup Time": 10142.670,"Actual Total Time": 10309.991,"Actual Rows": 2,"Actual Loops": 4,"Inner Unique": true,"Hash Cond": "(orders.o_orderkey = lineitem_1.l_orderkey)","Workers": [],"Plans": [{"Node Type": "Seq Scan","Parent Relationship": "Outer","Parallel Aware": true,"Async Capable": false,"Relation Name": "orders","Alias": "orders","Startup Cost": 0.00,"Total Cost": 30933.71,"Plan Rows": 483871,"Plan Width": 20,"Actual Startup Time": 0.009,"Actual Total Time": 49.040,"Actual Rows": 375000,"Actual Loops": 4,"Workers": []},{"Node Type": "Hash","Parent Relationship": "Inner","Parallel Aware": false,"Async Capable": false,"Startup Cost": 209052.81,"Total Cost": 209052.81,"Plan Rows": 118756,"Plan Width": 4,"Actual Startup Time": 10075.163,"Actual Total Time": 10075.176,"Actual Rows": 10,"Actual Loops": 4,"Hash Buckets": 131072,"Original Hash Buckets": 131072,"Hash Batches": 1,"Original Hash Batches": 1,"Peak Memory Usage": 1025,"Workers": [],"Plans": [{"Node Type": "Aggregate","Strategy": "Hashed","Partial Mode": "Simple","Parent Relationship": "Outer","Parallel Aware": false,"Async Capable": false,"Startup Cost": 202521.23,"Total Cost": 207865.25,"Plan Rows": 118756,"Plan Width": 4,"Actual Startup Time": 6293.151,"Actual Total Time": 10074.968,"Actual Rows": 10,"Actual Loops": 4,"Group Key": ["lineitem_1.l_orderkey"],"Filter": "(sum(lineitem_1.l_quantity) > '312'::numeric)","Planned Partitions": 0,"HashAgg Batches": 1,"Peak Memory Usage": 638993,"Disk Usage": 0,"Rows Removed by Filter": 1499990,"Workers": [{"Worker Number": 0,"HashAgg Batches": 1,"Peak Memory Usage": 638993,"Disk Usage": 0},{"Worker Number": 1,"HashAgg Batches": 1,"Peak Memory Usage": 638993,"Disk Usage": 0},{"Worker Number": 2,"HashAgg Batches": 1,"Peak Memory Usage": 638993,"Disk Usage": 0}],"Plans": [{"Node Type": "Seq Scan","Parent Relationship": "Outer","Parallel Aware": false,"Async Capable": false,"Relation Name": "lineitem","Alias": "lineitem_1","Startup Cost": 0.00,"Total Cost": 172515.15,"Plan Rows": 6001215,"Plan Width": 9,"Actual Startup Time": 0.021,"Actual Total Time": 960.546,"Actual Rows": 6001215,"Actual Loops": 4,"Workers": []}]}]}]},{"Node Type": "Index Scan","Parent Relationship": "Inner","Parallel Aware": false,"Async Capable": false,"Scan Direction": "Forward","Index Name": "idx_lineitem_orderkey","Relation Name": "lineitem","Alias": "lineitem","Startup Cost": 0.43,"Total Cost": 1.06,"Plan Rows": 17,"Plan Width": 9,"Actual Startup Time": 0.072,"Actual Total Time": 0.079,"Actual Rows": 7,"Actual Loops": 10,"Index Cond": "(l_orderkey = orders.o_orderkey)","Rows Removed by Index Recheck": 0,"Workers": []}]},{"Node Type": "Hash","Parent Relationship": "Inner","Parallel Aware": true,"Async Capable": false,"Startup Cost": 4210.00,"Total Cost": 4210.00,"Plan Rows": 62500,"Plan Width": 23,"Actual Startup Time": 37.105,"Actual Total Time": 37.114,"Actual Rows": 37500,"Actual Loops": 4,"Hash Buckets": 262144,"Original Hash Buckets": 262144,"Hash Batches": 1,"Original Hash Batches": 1,"Peak Memory Usage": 10368,"Workers": [],"Plans": [{"Node Type": "Seq Scan","Parent Relationship": "Outer","Parallel Aware": true,"Async Capable": false,"Relation Name": "customer","Alias": "customer","Startup Cost": 0.00,"Total Cost": 4210.00,"Plan Rows": 62500,"Plan Width": 23,"Actual Startup Time": 0.025,"Actual Total Time": 19.726,"Actual Rows": 37500,"Actual Loops": 4,"Workers": []}]}]}]}]}]},"Planning Time": 6.715,"Triggers": [],"Execution Time": 10961.817}]
[{"Plan": {"Node Type": "Sort","Parallel Aware": false,"Async Capable": false,"Startup Cost": 397889.21,"Total Cost": 399077.01,"Plan Rows": 475120,"Plan Width": 71,"Actual Startup Time": 10785.011,"Actual Total Time": 10839.032,"Actual Rows": 9,"Actual Loops": 1,"Sort Key": ["orders.o_totalprice DESC", "orders.o_orderdate"],"Sort Method": "quicksort","Sort Space Used": 25,"Sort Space Type": "Memory","Plans": [{"Node Type": "Aggregate","Strategy": "Hashed","Partial Mode": "Simple","Parent Relationship": "Outer","Parallel Aware": false,"Async Capable": false,"Startup Cost": 347151.30,"Total Cost": 353090.30,"Plan Rows": 475120,"Plan Width": 71,"Actual Startup Time": 10763.855,"Actual Total Time": 10838.848,"Actual Rows": 9,"Actual Loops": 1,"Group Key": ["customer.c_custkey", "orders.o_orderkey"],"Planned Partitions": 0,"HashAgg Batches": 1,"Peak Memory Usage": 24601,"Disk Usage": 0,"Plans": [{"Node Type": "Gather","Parent Relationship": "Outer","Parallel Aware": false,"Async Capable": false,"Startup Cost": 216528.94,"Total Cost": 343587.90,"Plan Rows": 475120,"Plan Width": 44,"Actual Startup Time": 9674.071,"Actual Total Time": 10813.470,"Actual Rows": 63,"Actual Loops": 1,"Workers Planned": 3,"Workers Launched": 3,"Single Copy": false,"Plans": [{"Node Type": "Hash Join","Parent Relationship": "Outer","Parallel Aware": true,"Async Capable": false,"Join Type": "Inner","Startup Cost": 215528.94,"Total Cost": 295075.90,"Plan Rows": 153265,"Plan Width": 44,"Actual Startup Time": 10141.072,"Actual Total Time": 10312.965,"Actual Rows": 16,"Actual Loops": 4,"Inner Unique": true,"Hash Cond": "(orders.o_custkey = customer.c_custkey)","Workers": [],"Plans": [{"Node Type": "Nested Loop","Parent Relationship": "Outer","Parallel Aware": false,"Async Capable": false,"Join Type": "Inner","Startup Cost": 210537.69,"Total Cost": 289682.32,"Plan Rows": 153265,"Plan Width": 25,"Actual Startup Time": 10104.129,"Actual Total Time": 10275.947,"Actual Rows": 16,"Actual Loops": 4,"Inner Unique": false,"Workers": [],"Plans": [{"Node Type": "Hash Join","Parent Relationship": "Outer","Parallel Aware": false,"Async Capable": false,"Join Type": "Inner","Startup Cost": 210537.26,"Total Cost": 242741.13,"Plan Rows": 38308,"Plan Width": 24,"Actual Startup Time": 10104.052,"Actual Total Time": 10275.739,"Actual Rows": 2,"Actual Loops": 4,"Inner Unique": true,"Hash Cond": "(orders.o_orderkey = lineitem_1.l_orderkey)","Workers": [],"Plans": [{"Node Type": "Seq Scan","Parent Relationship": "Outer","Parallel Aware": true,"Async Capable": false,"Relation Name": "orders","Alias": "orders","Startup Cost": 0.00,"Total Cost": 30933.71,"Plan Rows": 483871,"Plan Width": 20,"Actual Startup Time": 0.007,"Actual Total Time": 53.689,"Actual Rows": 375000,"Actual Loops": 4,"Workers": []},{"Node Type": "Hash","Parent Relationship": "Inner","Parallel Aware": false,"Async Capable": false,"Startup Cost": 209052.81,"Total Cost": 209052.81,"Plan Rows": 118756,"Plan Width": 4,"Actual Startup Time": 10025.157,"Actual Total Time": 10025.166,"Actual Rows": 9,"Actual Loops": 4,"Hash Buckets": 131072,"Original Hash Buckets": 131072,"Hash Batches": 1,"Original Hash Batches": 1,"Peak Memory Usage": 1025,"Workers": [],"Plans": [{"Node Type": "Aggregate","Strategy": "Hashed","Partial Mode": "Simple","Parent Relationship": "Outer","Parallel Aware": false,"Async Capable": false,"Startup Cost": 202521.23,"Total Cost": 207865.25,"Plan Rows": 118756,"Plan Width": 4,"Actual Startup Time": 6285.839,"Actual Total Time": 10024.981,"Actual Rows": 9,"Actual Loops": 4,"Group Key": ["lineitem_1.l_orderkey"],"Filter": "(sum(lineitem_1.l_quantity) > '314'::numeric)","Planned Partitions": 0,"HashAgg Batches": 1,"Peak Memory Usage": 638993,"Disk Usage": 0,"Rows Removed by Filter": 1499991,"Workers": [{"Worker Number": 0,"HashAgg Batches": 1,"Peak Memory Usage": 638993,"Disk Usage": 0},{"Worker Number": 1,"HashAgg Batches": 1,"Peak Memory Usage": 638993,"Disk Usage": 0},{"Worker Number": 2,"HashAgg Batches": 1,"Peak Memory Usage": 638993,"Disk Usage": 0}],"Plans": [{"Node Type": "Seq Scan","Parent Relationship": "Outer","Parallel Aware": false,"Async Capable": false,"Relation Name": "lineitem","Alias": "lineitem_1","Startup Cost": 0.00,"Total Cost": 172515.15,"Plan Rows": 6001215,"Plan Width": 9,"Actual Startup Time": 0.019,"Actual Total Time": 931.752,"Actual Rows": 6001215,"Actual Loops": 4,"Workers": []}]}]}]},{"Node Type": "Index Scan","Parent Relationship": "Inner","Parallel Aware": false,"Async Capable": false,"Scan Direction": "Forward","Index Name": "idx_lineitem_orderkey","Relation Name": "lineitem","Alias": "lineitem","Startup Cost": 0.43,"Total Cost": 1.06,"Plan Rows": 17,"Plan Width": 9,"Actual Startup Time": 0.055,"Actual Total Time": 0.062,"Actual Rows": 7,"Actual Loops": 9,"Index Cond": "(l_orderkey = orders.o_orderkey)","Rows Removed by Index Recheck": 0,"Workers": []}]},{"Node Type": "Hash","Parent Relationship": "Inner","Parallel Aware": true,"Async Capable": false,"Startup Cost": 4210.00,"Total Cost": 4210.00,"Plan Rows": 62500,"Plan Width": 23,"Actual Startup Time": 36.172,"Actual Total Time": 36.190,"Actual Rows": 37500,"Actual Loops": 4,"Hash Buckets": 262144,"Original Hash Buckets": 262144,"Hash Batches": 1,"Original Hash Batches": 1,"Peak Memory Usage": 10336,"Workers": [],"Plans": [{"Node Type": "Seq Scan","Parent Relationship": "Outer","Parallel Aware": true,"Async Capable": false,"Relation Name": "customer","Alias": "customer","Startup Cost": 0.00,"Total Cost": 4210.00,"Plan Rows": 62500,"Plan Width": 23,"Actual Startup Time": 0.024,"Actual Total Time": 17.933,"Actual Rows": 37500,"Actual Loops": 4,"Workers": []}]}]}]}]}]},"Planning Time": 6.881,"Triggers": [],"Execution Time": 10893.482}]
[{"Plan": {"Node Type": "Sort","Parallel Aware": false,"Async Capable": false,"Startup Cost": 397889.21,"Total Cost": 399077.01,"Plan Rows": 475120,"Plan Width": 71,"Actual Startup Time": 10950.105,"Actual Total Time": 10953.954,"Actual Rows": 9,"Actual Loops": 1,"Sort Key": ["orders.o_totalprice DESC", "orders.o_orderdate"],"Sort Method": "quicksort","Sort Space Used": 25,"Sort Space Type": "Memory","Plans": [{"Node Type": "Aggregate","Strategy": "Hashed","Partial Mode": "Simple","Parent Relationship": "Outer","Parallel Aware": false,"Async Capable": false,"Startup Cost": 347151.30,"Total Cost": 353090.30,"Plan Rows": 475120,"Plan Width": 71,"Actual Startup Time": 10902.471,"Actual Total Time": 10953.715,"Actual Rows": 9,"Actual Loops": 1,"Group Key": ["customer.c_custkey", "orders.o_orderkey"],"Planned Partitions": 0,"HashAgg Batches": 1,"Peak Memory Usage": 24601,"Disk Usage": 0,"Plans": [{"Node Type": "Gather","Parent Relationship": "Outer","Parallel Aware": false,"Async Capable": false,"Startup Cost": 216528.94,"Total Cost": 343587.90,"Plan Rows": 475120,"Plan Width": 44,"Actual Startup Time": 10893.800,"Actual Total Time": 10897.693,"Actual Rows": 63,"Actual Loops": 1,"Workers Planned": 3,"Workers Launched": 3,"Single Copy": false,"Plans": [{"Node Type": "Hash Join","Parent Relationship": "Outer","Parallel Aware": true,"Async Capable": false,"Join Type": "Inner","Startup Cost": 215528.94,"Total Cost": 295075.90,"Plan Rows": 153265,"Plan Width": 44,"Actual Startup Time": 10134.253,"Actual Total Time": 10314.794,"Actual Rows": 16,"Actual Loops": 4,"Inner Unique": true,"Hash Cond": "(orders.o_custkey = customer.c_custkey)","Workers": [],"Plans": [{"Node Type": "Nested Loop","Parent Relationship": "Outer","Parallel Aware": false,"Async Capable": false,"Join Type": "Inner","Startup Cost": 210537.69,"Total Cost": 289682.32,"Plan Rows": 153265,"Plan Width": 25,"Actual Startup Time": 10099.687,"Actual Total Time": 10280.153,"Actual Rows": 16,"Actual Loops": 4,"Inner Unique": false,"Workers": [],"Plans": [{"Node Type": "Hash Join","Parent Relationship": "Outer","Parallel Aware": false,"Async Capable": false,"Join Type": "Inner","Startup Cost": 210537.26,"Total Cost": 242741.13,"Plan Rows": 38308,"Plan Width": 24,"Actual Startup Time": 10099.575,"Actual Total Time": 10279.892,"Actual Rows": 2,"Actual Loops": 4,"Inner Unique": true,"Hash Cond": "(orders.o_orderkey = lineitem_1.l_orderkey)","Workers": [],"Plans": [{"Node Type": "Seq Scan","Parent Relationship": "Outer","Parallel Aware": true,"Async Capable": false,"Relation Name": "orders","Alias": "orders","Startup Cost": 0.00,"Total Cost": 30933.71,"Plan Rows": 483871,"Plan Width": 20,"Actual Startup Time": 0.011,"Actual Total Time": 51.627,"Actual Rows": 375000,"Actual Loops": 4,"Workers": []},{"Node Type": "Hash","Parent Relationship": "Inner","Parallel Aware": false,"Async Capable": false,"Startup Cost": 209052.81,"Total Cost": 209052.81,"Plan Rows": 118756,"Plan Width": 4,"Actual Startup Time": 10016.825,"Actual Total Time": 10016.839,"Actual Rows": 9,"Actual Loops": 4,"Hash Buckets": 131072,"Original Hash Buckets": 131072,"Hash Batches": 1,"Original Hash Batches": 1,"Peak Memory Usage": 1025,"Workers": [],"Plans": [{"Node Type": "Aggregate","Strategy": "Hashed","Partial Mode": "Simple","Parent Relationship": "Outer","Parallel Aware": false,"Async Capable": false,"Startup Cost": 202521.23,"Total Cost": 207865.25,"Plan Rows": 118756,"Plan Width": 4,"Actual Startup Time": 6319.140,"Actual Total Time": 10016.671,"Actual Rows": 9,"Actual Loops": 4,"Group Key": ["lineitem_1.l_orderkey"],"Filter": "(sum(lineitem_1.l_quantity) > '315'::numeric)","Planned Partitions": 0,"HashAgg Batches": 1,"Peak Memory Usage": 638993,"Disk Usage": 0,"Rows Removed by Filter": 1499991,"Workers": [{"Worker Number": 0,"HashAgg Batches": 1,"Peak Memory Usage": 638993,"Disk Usage": 0},{"Worker Number": 1,"HashAgg Batches": 1,"Peak Memory Usage": 638993,"Disk Usage": 0},{"Worker Number": 2,"HashAgg Batches": 1,"Peak Memory Usage": 638993,"Disk Usage": 0}],"Plans": [{"Node Type": "Seq Scan","Parent Relationship": "Outer","Parallel Aware": false,"Async Capable": false,"Relation Name": "lineitem","Alias": "lineitem_1","Startup Cost": 0.00,"Total Cost": 172515.15,"Plan Rows": 6001215,"Plan Width": 9,"Actual Startup Time": 0.018,"Actual Total Time": 971.843,"Actual Rows": 6001215,"Actual Loops": 4,"Workers": []}]}]}]},{"Node Type": "Index Scan","Parent Relationship": "Inner","Parallel Aware": false,"Async Capable": false,"Scan Direction": "Forward","Index Name": "idx_lineitem_orderkey","Relation Name": "lineitem","Alias": "lineitem","Startup Cost": 0.43,"Total Cost": 1.06,"Plan Rows": 17,"Plan Width": 9,"Actual Startup Time": 0.069,"Actual Total Time": 0.079,"Actual Rows": 7,"Actual Loops": 9,"Index Cond": "(l_orderkey = orders.o_orderkey)","Rows Removed by Index Recheck": 0,"Workers": []}]},{"Node Type": "Hash","Parent Relationship": "Inner","Parallel Aware": true,"Async Capable": false,"Startup Cost": 4210.00,"Total Cost": 4210.00,"Plan Rows": 62500,"Plan Width": 23,"Actual Startup Time": 33.677,"Actual Total Time": 33.684,"Actual Rows": 37500,"Actual Loops": 4,"Hash Buckets": 262144,"Original Hash Buckets": 262144,"Hash Batches": 1,"Original Hash Batches": 1,"Peak Memory Usage": 10368,"Workers": [],"Plans": [{"Node Type": "Seq Scan","Parent Relationship": "Outer","Parallel Aware": true,"Async Capable": false,"Relation Name": "customer","Alias": "customer","Startup Cost": 0.00,"Total Cost": 4210.00,"Plan Rows": 62500,"Plan Width": 23,"Actual Startup Time": 0.019,"Actual Total Time": 16.715,"Actual Rows": 37500,"Actual Loops": 4,"Workers": []}]}]}]}]}]},"Planning Time": 6.132,"Triggers": [],"Execution Time": 11002.531}]
[{"Plan": {"Node Type": "Sort","Parallel Aware": false,"Async Capable": false,"Startup Cost": 397889.21,"Total Cost": 399077.01,"Plan Rows": 475120,"Plan Width": 71,"Actual Startup Time": 10950.105,"Actual Total Time": 10953.954,"Actual Rows": 9,"Actual Loops": 1,"Sort Key": ["orders.o_totalprice DESC", "orders.o_orderdate"],"Sort Method": "quicksort","Sort Space Used": 25,"Sort Space Type": "Memory","Plans": [{"Node Type": "Aggregate","Strategy": "Hashed","Partial Mode": "Simple","Parent Relationship": "Outer","Parallel Aware": false,"Async Capable": false,"Startup Cost": 347151.30,"Total Cost": 353090.30,"Plan Rows": 475120,"Plan Width": 71,"Actual Startup Time": 10902.471,"Actual Total Time": 10953.715,"Actual Rows": 9,"Actual Loops": 1,"Group Key": ["customer.c_custkey", "orders.o_orderkey"],"Planned Partitions": 0,"HashAgg Batches": 1,"Peak Memory Usage": 24601,"Disk Usage": 0,"Plans": [{"Node Type": "Gather","Parent Relationship": "Outer","Parallel Aware": false,"Async Capable": false,"Startup Cost": 216528.94,"Total Cost": 343587.90,"Plan Rows": 475120,"Plan Width": 44,"Actual Startup Time": 10893.800,"Actual Total Time": 10897.693,"Actual Rows": 63,"Actual Loops": 1,"Workers Planned": 3,"Workers Launched": 3,"Single Copy": false,"Plans": [{"Node Type": "Hash Join","Parent Relationship": "Outer","Parallel Aware": true,"Async Capable": false,"Join Type": "Inner","Startup Cost": 215528.94,"Total Cost": 295075.90,"Plan Rows": 153265,"Plan Width": 44,"Actual Startup Time": 10134.253,"Actual Total Time": 10314.794,"Actual Rows": 16,"Actual Loops": 4,"Inner Unique": true,"Hash Cond": "(orders.o_custkey = customer.c_custkey)","Workers": [],"Plans": [{"Node Type": "Nested Loop","Parent Relationship": "Outer","Parallel Aware": false,"Async Capable": false,"Join Type": "Inner","Startup Cost": 210537.69,"Total Cost": 289682.32,"Plan Rows": 153265,"Plan Width": 25,"Actual Startup Time": 10099.687,"Actual Total Time": 10280.153,"Actual Rows": 16,"Actual Loops": 4,"Inner Unique": false,"Workers": [],"Plans": [{"Node Type": "Hash Join","Parent Relationship": "Outer","Parallel Aware": false,"Async Capable": false,"Join Type": "Inner","Startup Cost": 210537.26,"Total Cost": 242741.13,"Plan Rows": 38308,"Plan Width": 24,"Actual Startup Time": 10099.575,"Actual Total Time": 10279.892,"Actual Rows": 2,"Actual Loops": 4,"Inner Unique": true,"Hash Cond": "(orders.o_orderkey = lineitem_1.l_orderkey)","Workers": [],"Plans": [{"Node Type": "Seq Scan","Parent Relationship": "Outer","Parallel Aware": true,"Async Capable": false,"Relation Name": "orders","Alias": "orders","Startup Cost": 0.00,"Total Cost": 30933.71,"Plan Rows": 483871,"Plan Width": 20,"Actual Startup Time": 0.011,"Actual Total Time": 51.627,"Actual Rows": 375000,"Actual Loops": 4,"Workers": []},{"Node Type": "Hash","Parent Relationship": "Inner","Parallel Aware": false,"Async Capable": false,"Startup Cost": 209052.81,"Total Cost": 209052.81,"Plan Rows": 118756,"Plan Width": 4,"Actual Startup Time": 10016.825,"Actual Total Time": 10016.839,"Actual Rows": 9,"Actual Loops": 4,"Hash Buckets": 131072,"Original Hash Buckets": 131072,"Hash Batches": 1,"Original Hash Batches": 1,"Peak Memory Usage": 1025,"Workers": [],"Plans": [{"Node Type": "Aggregate","Strategy": "Hashed","Partial Mode": "Simple","Parent Relationship": "Outer","Parallel Aware": false,"Async Capable": false,"Startup Cost": 202521.23,"Total Cost": 207865.25,"Plan Rows": 118756,"Plan Width": 4,"Actual Startup Time": 6319.140,"Actual Total Time": 10016.671,"Actual Rows": 9,"Actual Loops": 4,"Group Key": ["lineitem_1.l_orderkey"],"Filter": "(sum(lineitem_1.l_quantity) > '315'::numeric)","Planned Partitions": 0,"HashAgg Batches": 1,"Peak Memory Usage": 638993,"Disk Usage": 0,"Rows Removed by Filter": 1499991,"Workers": [{"Worker Number": 0,"HashAgg Batches": 1,"Peak Memory Usage": 638993,"Disk Usage": 0},{"Worker Number": 1,"HashAgg Batches": 1,"Peak Memory Usage": 638993,"Disk Usage": 0},{"Worker Number": 2,"HashAgg Batches": 1,"Peak Memory Usage": 638993,"Disk Usage": 0}],"Plans": [{"Node Type": "Seq Scan","Parent Relationship": "Outer","Parallel Aware": false,"Async Capable": false,"Relation Name": "lineitem","Alias": "lineitem_1","Startup Cost": 0.00,"Total Cost": 172515.15,"Plan Rows": 6001215,"Plan Width": 9,"Actual Startup Time": 0.018,"Actual Total Time": 971.843,"Actual Rows": 6001215,"Actual Loops": 4,"Workers": []}]}]}]},{"Node Type": "Index Scan","Parent Relationship": "Inner","Parallel Aware": false,"Async Capable": false,"Scan Direction": "Forward","Index Name": "idx_lineitem_orderkey","Relation Name": "lineitem","Alias": "lineitem","Startup Cost": 0.43,"Total Cost": 1.06,"Plan Rows": 17,"Plan Width": 9,"Actual Startup Time": 0.069,"Actual Total Time": 0.079,"Actual Rows": 7,"Actual Loops": 9,"Index Cond": "(l_orderkey = orders.o_orderkey)","Rows Removed by Index Recheck": 0,"Workers": []}]},{"Node Type": "Hash","Parent Relationship": "Inner","Parallel Aware": true,"Async Capable": false,"Startup Cost": 4210.00,"Total Cost": 4210.00,"Plan Rows": 62500,"Plan Width": 23,"Actual Startup Time": 33.677,"Actual Total Time": 33.684,"Actual Rows": 37500,"Actual Loops": 4,"Hash Buckets": 262144,"Original Hash Buckets": 262144,"Hash Batches": 1,"Original Hash Batches": 1,"Peak Memory Usage": 10368,"Workers": [],"Plans": [{"Node Type": "Seq Scan","Parent Relationship": "Outer","Parallel Aware": true,"Async Capable": false,"Relation Name": "customer","Alias": "customer","Startup Cost": 0.00,"Total Cost": 4210.00,"Plan Rows": 62500,"Plan Width": 23,"Actual Startup Time": 0.019,"Actual Total Time": 16.715,"Actual Rows": 37500,"Actual Loops": 4,"Workers": []}]}]}]}]}]},"Planning Time": 6.132,"Triggers": [],"Execution Time": 11002.531}]
[{"Plan": {"Node Type": "Sort","Parallel Aware": false,"Async Capable": false,"Startup Cost": 397889.21,"Total Cost": 399077.01,"Plan Rows": 475120,"Plan Width": 71,"Actual Startup Time": 10345.847,"Actual Total Time": 10377.998,"Actual Rows": 9,"Actual Loops": 1,"Sort Key": ["orders.o_totalprice DESC", "orders.o_orderdate"],"Sort Method": "quicksort","Sort Space Used": 25,"Sort Space Type": "Memory","Plans": [{"Node Type": "Aggregate","Strategy": "Hashed","Partial Mode": "Simple","Parent Relationship": "Outer","Parallel Aware": false,"Async Capable": false,"Startup Cost": 347151.30,"Total Cost": 353090.30,"Plan Rows": 475120,"Plan Width": 71,"Actual Startup Time": 10329.232,"Actual Total Time": 10377.856,"Actual Rows": 9,"Actual Loops": 1,"Group Key": ["customer.c_custkey", "orders.o_orderkey"],"Planned Partitions": 0,"HashAgg Batches": 1,"Peak Memory Usage": 24601,"Disk Usage": 0,"Plans": [{"Node Type": "Gather","Parent Relationship": "Outer","Parallel Aware": false,"Async Capable": false,"Startup Cost": 216528.94,"Total Cost": 343587.90,"Plan Rows": 475120,"Plan Width": 44,"Actual Startup Time": 10053.961,"Actual Total Time": 10357.615,"Actual Rows": 63,"Actual Loops": 1,"Workers Planned": 3,"Workers Launched": 3,"Single Copy": false,"Plans": [{"Node Type": "Hash Join","Parent Relationship": "Outer","Parallel Aware": true,"Async Capable": false,"Join Type": "Inner","Startup Cost": 215528.94,"Total Cost": 295075.90,"Plan Rows": 153265,"Plan Width": 44,"Actual Startup Time": 10157.696,"Actual Total Time": 10258.651,"Actual Rows": 16,"Actual Loops": 4,"Inner Unique": true,"Hash Cond": "(orders.o_custkey = customer.c_custkey)","Workers": [],"Plans": [{"Node Type": "Nested Loop","Parent Relationship": "Outer","Parallel Aware": false,"Async Capable": false,"Join Type": "Inner","Startup Cost": 210537.69,"Total Cost": 289682.32,"Plan Rows": 153265,"Plan Width": 25,"Actual Startup Time": 10123.332,"Actual Total Time": 10224.239,"Actual Rows": 16,"Actual Loops": 4,"Inner Unique": false,"Workers": [],"Plans": [{"Node Type": "Hash Join","Parent Relationship": "Outer","Parallel Aware": false,"Async Capable": false,"Join Type": "Inner","Startup Cost": 210537.26,"Total Cost": 242741.13,"Plan Rows": 38308,"Plan Width": 24,"Actual Startup Time": 10123.186,"Actual Total Time": 10223.998,"Actual Rows": 2,"Actual Loops": 4,"Inner Unique": true,"Hash Cond": "(orders.o_orderkey = lineitem_1.l_orderkey)","Workers": [],"Plans": [{"Node Type": "Seq Scan","Parent Relationship": "Outer","Parallel Aware": true,"Async Capable": false,"Relation Name": "orders","Alias": "orders","Startup Cost": 0.00,"Total Cost": 30933.71,"Plan Rows": 483871,"Plan Width": 20,"Actual Startup Time": 0.011,"Actual Total Time": 49.852,"Actual Rows": 375000,"Actual Loops": 4,"Workers": []},{"Node Type": "Hash","Parent Relationship": "Inner","Parallel Aware": false,"Async Capable": false,"Startup Cost": 209052.81,"Total Cost": 209052.81,"Plan Rows": 118756,"Plan Width": 4,"Actual Startup Time": 10005.666,"Actual Total Time": 10005.673,"Actual Rows": 9,"Actual Loops": 4,"Hash Buckets": 131072,"Original Hash Buckets": 131072,"Hash Batches": 1,"Original Hash Batches": 1,"Peak Memory Usage": 1025,"Workers": [],"Plans": [{"Node Type": "Aggregate","Strategy": "Hashed","Partial Mode": "Simple","Parent Relationship": "Outer","Parallel Aware": false,"Async Capable": false,"Startup Cost": 202521.23,"Total Cost": 207865.25,"Plan Rows": 118756,"Plan Width": 4,"Actual Startup Time": 6310.010,"Actual Total Time": 10005.543,"Actual Rows": 9,"Actual Loops": 4,"Group Key": ["lineitem_1.l_orderkey"],"Filter": "(sum(lineitem_1.l_quantity) > '313'::numeric)","Planned Partitions": 0,"HashAgg Batches": 1,"Peak Memory Usage": 638993,"Disk Usage": 0,"Rows Removed by Filter": 1499991,"Workers": [{"Worker Number": 0,"HashAgg Batches": 1,"Peak Memory Usage": 638993,"Disk Usage": 0},{"Worker Number": 1,"HashAgg Batches": 1,"Peak Memory Usage": 638993,"Disk Usage": 0},{"Worker Number": 2,"HashAgg Batches": 1,"Peak Memory Usage": 638993,"Disk Usage": 0}],"Plans": [{"Node Type": "Seq Scan","Parent Relationship": "Outer","Parallel Aware": false,"Async Capable": false,"Relation Name": "lineitem","Alias": "lineitem_1","Startup Cost": 0.00,"Total Cost": 172515.15,"Plan Rows": 6001215,"Plan Width": 9,"Actual Startup Time": 0.020,"Actual Total Time": 994.479,"Actual Rows": 6001215,"Actual Loops": 4,"Workers": []}]}]}]},{"Node Type": "Index Scan","Parent Relationship": "Inner","Parallel Aware": false,"Async Capable": false,"Scan Direction": "Forward","Index Name": "idx_lineitem_orderkey","Relation Name": "lineitem","Alias": "lineitem","Startup Cost": 0.43,"Total Cost": 1.06,"Plan Rows": 17,"Plan Width": 9,"Actual Startup Time": 0.068,"Actual Total Time": 0.075,"Actual Rows": 7,"Actual Loops": 9,"Index Cond": "(l_orderkey = orders.o_orderkey)","Rows Removed by Index Recheck": 0,"Workers": []}]},{"Node Type": "Hash","Parent Relationship": "Inner","Parallel Aware": true,"Async Capable": false,"Startup Cost": 4210.00,"Total Cost": 4210.00,"Plan Rows": 62500,"Plan Width": 23,"Actual Startup Time": 33.578,"Actual Total Time": 33.582,"Actual Rows": 37500,"Actual Loops": 4,"Hash Buckets": 262144,"Original Hash Buckets": 262144,"Hash Batches": 1,"Original Hash Batches": 1,"Peak Memory Usage": 10336,"Workers": [],"Plans": [{"Node Type": "Seq Scan","Parent Relationship": "Outer","Parallel Aware": true,"Async Capable": false,"Relation Name": "customer","Alias": "customer","Startup Cost": 0.00,"Total Cost": 4210.00,"Plan Rows": 62500,"Plan Width": 23,"Actual Startup Time": 0.023,"Actual Total Time": 16.777,"Actual Rows": 37500,"Actual Loops": 4,"Workers": []}]}]}]}]}]},"Planning Time": 6.662,"Triggers": [],"Execution Time": 10430.266}]
[{"Plan": {"Node Type": "Sort","Parallel Aware": false,"Async Capable": false,"Startup Cost": 397889.21,"Total Cost": 399077.01,"Plan Rows": 475120,"Plan Width": 71,"Actual Startup Time": 10950.105,"Actual Total Time": 10953.954,"Actual Rows": 9,"Actual Loops": 1,"Sort Key": ["orders.o_totalprice DESC", "orders.o_orderdate"],"Sort Method": "quicksort","Sort Space Used": 25,"Sort Space Type": "Memory","Plans": [{"Node Type": "Aggregate","Strategy": "Hashed","Partial Mode": "Simple","Parent Relationship": "Outer","Parallel Aware": false,"Async Capable": false,"Startup Cost": 347151.30,"Total Cost": 353090.30,"Plan Rows": 475120,"Plan Width": 71,"Actual Startup Time": 10902.471,"Actual Total Time": 10953.715,"Actual Rows": 9,"Actual Loops": 1,"Group Key": ["customer.c_custkey", "orders.o_orderkey"],"Planned Partitions": 0,"HashAgg Batches": 1,"Peak Memory Usage": 24601,"Disk Usage": 0,"Plans": [{"Node Type": "Gather","Parent Relationship": "Outer","Parallel Aware": false,"Async Capable": false,"Startup Cost": 216528.94,"Total Cost": 343587.90,"Plan Rows": 475120,"Plan Width": 44,"Actual Startup Time": 10893.800,"Actual Total Time": 10897.693,"Actual Rows": 63,"Actual Loops": 1,"Workers Planned": 3,"Workers Launched": 3,"Single Copy": false,"Plans": [{"Node Type": "Hash Join","Parent Relationship": "Outer","Parallel Aware": true,"Async Capable": false,"Join Type": "Inner","Startup Cost": 215528.94,"Total Cost": 295075.90,"Plan Rows": 153265,"Plan Width": 44,"Actual Startup Time": 10134.253,"Actual Total Time": 10314.794,"Actual Rows": 16,"Actual Loops": 4,"Inner Unique": true,"Hash Cond": "(orders.o_custkey = customer.c_custkey)","Workers": [],"Plans": [{"Node Type": "Nested Loop","Parent Relationship": "Outer","Parallel Aware": false,"Async Capable": false,"Join Type": "Inner","Startup Cost": 210537.69,"Total Cost": 289682.32,"Plan Rows": 153265,"Plan Width": 25,"Actual Startup Time": 10099.687,"Actual Total Time": 10280.153,"Actual Rows": 16,"Actual Loops": 4,"Inner Unique": false,"Workers": [],"Plans": [{"Node Type": "Hash Join","Parent Relationship": "Outer","Parallel Aware": false,"Async Capable": false,"Join Type": "Inner","Startup Cost": 210537.26,"Total Cost": 242741.13,"Plan Rows": 38308,"Plan Width": 24,"Actual Startup Time": 10099.575,"Actual Total Time": 10279.892,"Actual Rows": 2,"Actual Loops": 4,"Inner Unique": true,"Hash Cond": "(orders.o_orderkey = lineitem_1.l_orderkey)","Workers": [],"Plans": [{"Node Type": "Seq Scan","Parent Relationship": "Outer","Parallel Aware": true,"Async Capable": false,"Relation Name": "orders","Alias": "orders","Startup Cost": 0.00,"Total Cost": 30933.71,"Plan Rows": 483871,"Plan Width": 20,"Actual Startup Time": 0.011,"Actual Total Time": 51.627,"Actual Rows": 375000,"Actual Loops": 4,"Workers": []},{"Node Type": "Hash","Parent Relationship": "Inner","Parallel Aware": false,"Async Capable": false,"Startup Cost": 209052.81,"Total Cost": 209052.81,"Plan Rows": 118756,"Plan Width": 4,"Actual Startup Time": 10016.825,"Actual Total Time": 10016.839,"Actual Rows": 9,"Actual Loops": 4,"Hash Buckets": 131072,"Original Hash Buckets": 131072,"Hash Batches": 1,"Original Hash Batches": 1,"Peak Memory Usage": 1025,"Workers": [],"Plans": [{"Node Type": "Aggregate","Strategy": "Hashed","Partial Mode": "Simple","Parent Relationship": "Outer","Parallel Aware": false,"Async Capable": false,"Startup Cost": 202521.23,"Total Cost": 207865.25,"Plan Rows": 118756,"Plan Width": 4,"Actual Startup Time": 6319.140,"Actual Total Time": 10016.671,"Actual Rows": 9,"Actual Loops": 4,"Group Key": ["lineitem_1.l_orderkey"],"Filter": "(sum(lineitem_1.l_quantity) > '315'::numeric)","Planned Partitions": 0,"HashAgg Batches": 1,"Peak Memory Usage": 638993,"Disk Usage": 0,"Rows Removed by Filter": 1499991,"Workers": [{"Worker Number": 0,"HashAgg Batches": 1,"Peak Memory Usage": 638993,"Disk Usage": 0},{"Worker Number": 1,"HashAgg Batches": 1,"Peak Memory Usage": 638993,"Disk Usage": 0},{"Worker Number": 2,"HashAgg Batches": 1,"Peak Memory Usage": 638993,"Disk Usage": 0}],"Plans": [{"Node Type": "Seq Scan","Parent Relationship": "Outer","Parallel Aware": false,"Async Capable": false,"Relation Name": "lineitem","Alias": "lineitem_1","Startup Cost": 0.00,"Total Cost": 172515.15,"Plan Rows": 6001215,"Plan Width": 9,"Actual Startup Time": 0.018,"Actual Total Time": 971.843,"Actual Rows": 6001215,"Actual Loops": 4,"Workers": []}]}]}]},{"Node Type": "Index Scan","Parent Relationship": "Inner","Parallel Aware": false,"Async Capable": false,"Scan Direction": "Forward","Index Name": "idx_lineitem_orderkey","Relation Name": "lineitem","Alias": "lineitem","Startup Cost": 0.43,"Total Cost": 1.06,"Plan Rows": 17,"Plan Width": 9,"Actual Startup Time": 0.069,"Actual Total Time": 0.079,"Actual Rows": 7,"Actual Loops": 9,"Index Cond": "(l_orderkey = orders.o_orderkey)","Rows Removed by Index Recheck": 0,"Workers": []}]},{"Node Type": "Hash","Parent Relationship": "Inner","Parallel Aware": true,"Async Capable": false,"Startup Cost": 4210.00,"Total Cost": 4210.00,"Plan Rows": 62500,"Plan Width": 23,"Actual Startup Time": 33.677,"Actual Total Time": 33.684,"Actual Rows": 37500,"Actual Loops": 4,"Hash Buckets": 262144,"Original Hash Buckets": 262144,"Hash Batches": 1,"Original Hash Batches": 1,"Peak Memory Usage": 10368,"Workers": [],"Plans": [{"Node Type": "Seq Scan","Parent Relationship": "Outer","Parallel Aware": true,"Async Capable": false,"Relation Name": "customer","Alias": "customer","Startup Cost": 0.00,"Total Cost": 4210.00,"Plan Rows": 62500,"Plan Width": 23,"Actual Startup Time": 0.019,"Actual Total Time": 16.715,"Actual Rows": 37500,"Actual Loops": 4,"Workers": []}]}]}]}]}]},"Planning Time": 6.132,"Triggers": [],"Execution Time": 11002.531}]
[{"Plan": {"Node Type": "Sort","Parallel Aware": false,"Async Capable": false,"Startup Cost": 397889.21,"Total Cost": 399077.01,"Plan Rows": 475120,"Plan Width": 71,"Actual Startup Time": 10887.509,"Actual Total Time": 10908.132,"Actual Rows": 10,"Actual Loops": 1,"Sort Key": ["orders.o_totalprice DESC", "orders.o_orderdate"],"Sort Method": "quicksort","Sort Space Used": 25,"Sort Space Type": "Memory","Plans": [{"Node Type": "Aggregate","Strategy": "Hashed","Partial Mode": "Simple","Parent Relationship": "Outer","Parallel Aware": false,"Async Capable": false,"Startup Cost": 347151.30,"Total Cost": 353090.30,"Plan Rows": 475120,"Plan Width": 71,"Actual Startup Time": 10848.812,"Actual Total Time": 10907.941,"Actual Rows": 10,"Actual Loops": 1,"Group Key": ["customer.c_custkey", "orders.o_orderkey"],"Planned Partitions": 0,"HashAgg Batches": 1,"Peak Memory Usage": 24601,"Disk Usage": 0,"Plans": [{"Node Type": "Gather","Parent Relationship": "Outer","Parallel Aware": false,"Async Capable": false,"Startup Cost": 216528.94,"Total Cost": 343587.90,"Plan Rows": 475120,"Plan Width": 44,"Actual Startup Time": 10782.037,"Actual Total Time": 10858.151,"Actual Rows": 70,"Actual Loops": 1,"Workers Planned": 3,"Workers Launched": 3,"Single Copy": false,"Plans": [{"Node Type": "Hash Join","Parent Relationship": "Outer","Parallel Aware": true,"Async Capable": false,"Join Type": "Inner","Startup Cost": 215528.94,"Total Cost": 295075.90,"Plan Rows": 153265,"Plan Width": 44,"Actual Startup Time": 10180.765,"Actual Total Time": 10348.312,"Actual Rows": 18,"Actual Loops": 4,"Inner Unique": true,"Hash Cond": "(orders.o_custkey = customer.c_custkey)","Workers": [],"Plans": [{"Node Type": "Nested Loop","Parent Relationship": "Outer","Parallel Aware": false,"Async Capable": false,"Join Type": "Inner","Startup Cost": 210537.69,"Total Cost": 289682.32,"Plan Rows": 153265,"Plan Width": 25,"Actual Startup Time": 10142.809,"Actual Total Time": 10310.270,"Actual Rows": 18,"Actual Loops": 4,"Inner Unique": false,"Workers": [],"Plans": [{"Node Type": "Hash Join","Parent Relationship": "Outer","Parallel Aware": false,"Async Capable": false,"Join Type": "Inner","Startup Cost": 210537.26,"Total Cost": 242741.13,"Plan Rows": 38308,"Plan Width": 24,"Actual Startup Time": 10142.670,"Actual Total Time": 10309.991,"Actual Rows": 2,"Actual Loops": 4,"Inner Unique": true,"Hash Cond": "(orders.o_orderkey = lineitem_1.l_orderkey)","Workers": [],"Plans": [{"Node Type": "Seq Scan","Parent Relationship": "Outer","Parallel Aware": true,"Async Capable": false,"Relation Name": "orders","Alias": "orders","Startup Cost": 0.00,"Total Cost": 30933.71,"Plan Rows": 483871,"Plan Width": 20,"Actual Startup Time": 0.009,"Actual Total Time": 49.040,"Actual Rows": 375000,"Actual Loops": 4,"Workers": []},{"Node Type": "Hash","Parent Relationship": "Inner","Parallel Aware": false,"Async Capable": false,"Startup Cost": 209052.81,"Total Cost": 209052.81,"Plan Rows": 118756,"Plan Width": 4,"Actual Startup Time": 10075.163,"Actual Total Time": 10075.176,"Actual Rows": 10,"Actual Loops": 4,"Hash Buckets": 131072,"Original Hash Buckets": 131072,"Hash Batches": 1,"Original Hash Batches": 1,"Peak Memory Usage": 1025,"Workers": [],"Plans": [{"Node Type": "Aggregate","Strategy": "Hashed","Partial Mode": "Simple","Parent Relationship": "Outer","Parallel Aware": false,"Async Capable": false,"Startup Cost": 202521.23,"Total Cost": 207865.25,"Plan Rows": 118756,"Plan Width": 4,"Actual Startup Time": 6293.151,"Actual Total Time": 10074.968,"Actual Rows": 10,"Actual Loops": 4,"Group Key": ["lineitem_1.l_orderkey"],"Filter": "(sum(lineitem_1.l_quantity) > '312'::numeric)","Planned Partitions": 0,"HashAgg Batches": 1,"Peak Memory Usage": 638993,"Disk Usage": 0,"Rows Removed by Filter": 1499990,"Workers": [{"Worker Number": 0,"HashAgg Batches": 1,"Peak Memory Usage": 638993,"Disk Usage": 0},{"Worker Number": 1,"HashAgg Batches": 1,"Peak Memory Usage": 638993,"Disk Usage": 0},{"Worker Number": 2,"HashAgg Batches": 1,"Peak Memory Usage": 638993,"Disk Usage": 0}],"Plans": [{"Node Type": "Seq Scan","Parent Relationship": "Outer","Parallel Aware": false,"Async Capable": false,"Relation Name": "lineitem","Alias": "lineitem_1","Startup Cost": 0.00,"Total Cost": 172515.15,"Plan Rows": 6001215,"Plan Width": 9,"Actual Startup Time": 0.021,"Actual Total Time": 960.546,"Actual Rows": 6001215,"Actual Loops": 4,"Workers": []}]}]}]},{"Node Type": "Index Scan","Parent Relationship": "Inner","Parallel Aware": false,"Async Capable": false,"Scan Direction": "Forward","Index Name": "idx_lineitem_orderkey","Relation Name": "lineitem","Alias": "lineitem","Startup Cost": 0.43,"Total Cost": 1.06,"Plan Rows": 17,"Plan Width": 9,"Actual Startup Time": 0.072,"Actual Total Time": 0.079,"Actual Rows": 7,"Actual Loops": 10,"Index Cond": "(l_orderkey = orders.o_orderkey)","Rows Removed by Index Recheck": 0,"Workers": []}]},{"Node Type": "Hash","Parent Relationship": "Inner","Parallel Aware": true,"Async Capable": false,"Startup Cost": 4210.00,"Total Cost": 4210.00,"Plan Rows": 62500,"Plan Width": 23,"Actual Startup Time": 37.105,"Actual Total Time": 37.114,"Actual Rows": 37500,"Actual Loops": 4,"Hash Buckets": 262144,"Original Hash Buckets": 262144,"Hash Batches": 1,"Original Hash Batches": 1,"Peak Memory Usage": 10368,"Workers": [],"Plans": [{"Node Type": "Seq Scan","Parent Relationship": "Outer","Parallel Aware": true,"Async Capable": false,"Relation Name": "customer","Alias": "customer","Startup Cost": 0.00,"Total Cost": 4210.00,"Plan Rows": 62500,"Plan Width": 23,"Actual Startup Time": 0.025,"Actual Total Time": 19.726,"Actual Rows": 37500,"Actual Loops": 4,"Workers": []}]}]}]}]}]},"Planning Time": 6.715,"Triggers": [],"Execution Time": 10961.817}]
[{"Plan": {"Node Type": "Sort","Parallel Aware": false,"Async Capable": false,"Startup Cost": 397889.21,"Total Cost": 399077.01,"Plan Rows": 475120,"Plan Width": 71,"Actual Startup Time": 10785.011,"Actual Total Time": 10839.032,"Actual Rows": 9,"Actual Loops": 1,"Sort Key": ["orders.o_totalprice DESC", "orders.o_orderdate"],"Sort Method": "quicksort","Sort Space Used": 25,"Sort Space Type": "Memory","Plans": [{"Node Type": "Aggregate","Strategy": "Hashed","Partial Mode": "Simple","Parent Relationship": "Outer","Parallel Aware": false,"Async Capable": false,"Startup Cost": 347151.30,"Total Cost": 353090.30,"Plan Rows": 475120,"Plan Width": 71,"Actual Startup Time": 10763.855,"Actual Total Time": 10838.848,"Actual Rows": 9,"Actual Loops": 1,"Group Key": ["customer.c_custkey", "orders.o_orderkey"],"Planned Partitions": 0,"HashAgg Batches": 1,"Peak Memory Usage": 24601,"Disk Usage": 0,"Plans": [{"Node Type": "Gather","Parent Relationship": "Outer","Parallel Aware": false,"Async Capable": false,"Startup Cost": 216528.94,"Total Cost": 343587.90,"Plan Rows": 475120,"Plan Width": 44,"Actual Startup Time": 9674.071,"Actual Total Time": 10813.470,"Actual Rows": 63,"Actual Loops": 1,"Workers Planned": 3,"Workers Launched": 3,"Single Copy": false,"Plans": [{"Node Type": "Hash Join","Parent Relationship": "Outer","Parallel Aware": true,"Async Capable": false,"Join Type": "Inner","Startup Cost": 215528.94,"Total Cost": 295075.90,"Plan Rows": 153265,"Plan Width": 44,"Actual Startup Time": 10141.072,"Actual Total Time": 10312.965,"Actual Rows": 16,"Actual Loops": 4,"Inner Unique": true,"Hash Cond": "(orders.o_custkey = customer.c_custkey)","Workers": [],"Plans": [{"Node Type": "Nested Loop","Parent Relationship": "Outer","Parallel Aware": false,"Async Capable": false,"Join Type": "Inner","Startup Cost": 210537.69,"Total Cost": 289682.32,"Plan Rows": 153265,"Plan Width": 25,"Actual Startup Time": 10104.129,"Actual Total Time": 10275.947,"Actual Rows": 16,"Actual Loops": 4,"Inner Unique": false,"Workers": [],"Plans": [{"Node Type": "Hash Join","Parent Relationship": "Outer","Parallel Aware": false,"Async Capable": false,"Join Type": "Inner","Startup Cost": 210537.26,"Total Cost": 242741.13,"Plan Rows": 38308,"Plan Width": 24,"Actual Startup Time": 10104.052,"Actual Total Time": 10275.739,"Actual Rows": 2,"Actual Loops": 4,"Inner Unique": true,"Hash Cond": "(orders.o_orderkey = lineitem_1.l_orderkey)","Workers": [],"Plans": [{"Node Type": "Seq Scan","Parent Relationship": "Outer","Parallel Aware": true,"Async Capable": false,"Relation Name": "orders","Alias": "orders","Startup Cost": 0.00,"Total Cost": 30933.71,"Plan Rows": 483871,"Plan Width": 20,"Actual Startup Time": 0.007,"Actual Total Time": 53.689,"Actual Rows": 375000,"Actual Loops": 4,"Workers": []},{"Node Type": "Hash","Parent Relationship": "Inner","Parallel Aware": false,"Async Capable": false,"Startup Cost": 209052.81,"Total Cost": 209052.81,"Plan Rows": 118756,"Plan Width": 4,"Actual Startup Time": 10025.157,"Actual Total Time": 10025.166,"Actual Rows": 9,"Actual Loops": 4,"Hash Buckets": 131072,"Original Hash Buckets": 131072,"Hash Batches": 1,"Original Hash Batches": 1,"Peak Memory Usage": 1025,"Workers": [],"Plans": [{"Node Type": "Aggregate","Strategy": "Hashed","Partial Mode": "Simple","Parent Relationship": "Outer","Parallel Aware": false,"Async Capable": false,"Startup Cost": 202521.23,"Total Cost": 207865.25,"Plan Rows": 118756,"Plan Width": 4,"Actual Startup Time": 6285.839,"Actual Total Time": 10024.981,"Actual Rows": 9,"Actual Loops": 4,"Group Key": ["lineitem_1.l_orderkey"],"Filter": "(sum(lineitem_1.l_quantity) > '314'::numeric)","Planned Partitions": 0,"HashAgg Batches": 1,"Peak Memory Usage": 638993,"Disk Usage": 0,"Rows Removed by Filter": 1499991,"Workers": [{"Worker Number": 0,"HashAgg Batches": 1,"Peak Memory Usage": 638993,"Disk Usage": 0},{"Worker Number": 1,"HashAgg Batches": 1,"Peak Memory Usage": 638993,"Disk Usage": 0},{"Worker Number": 2,"HashAgg Batches": 1,"Peak Memory Usage": 638993,"Disk Usage": 0}],"Plans": [{"Node Type": "Seq Scan","Parent Relationship": "Outer","Parallel Aware": false,"Async Capable": false,"Relation Name": "lineitem","Alias": "lineitem_1","Startup Cost": 0.00,"Total Cost": 172515.15,"Plan Rows": 6001215,"Plan Width": 9,"Actual Startup Time": 0.019,"Actual Total Time": 931.752,"Actual Rows": 6001215,"Actual Loops": 4,"Workers": []}]}]}]},{"Node Type": "Index Scan","Parent Relationship": "Inner","Parallel Aware": false,"Async Capable": false,"Scan Direction": "Forward","Index Name": "idx_lineitem_orderkey","Relation Name": "lineitem","Alias": "lineitem","Startup Cost": 0.43,"Total Cost": 1.06,"Plan Rows": 17,"Plan Width": 9,"Actual Startup Time": 0.055,"Actual Total Time": 0.062,"Actual Rows": 7,"Actual Loops": 9,"Index Cond": "(l_orderkey = orders.o_orderkey)","Rows Removed by Index Recheck": 0,"Workers": []}]},{"Node Type": "Hash","Parent Relationship": "Inner","Parallel Aware": true,"Async Capable": false,"Startup Cost": 4210.00,"Total Cost": 4210.00,"Plan Rows": 62500,"Plan Width": 23,"Actual Startup Time": 36.172,"Actual Total Time": 36.190,"Actual Rows": 37500,"Actual Loops": 4,"Hash Buckets": 262144,"Original Hash Buckets": 262144,"Hash Batches": 1,"Original Hash Batches": 1,"Peak Memory Usage": 10336,"Workers": [],"Plans": [{"Node Type": "Seq Scan","Parent Relationship": "Outer","Parallel Aware": true,"Async Capable": false,"Relation Name": "customer","Alias": "customer","Startup Cost": 0.00,"Total Cost": 4210.00,"Plan Rows": 62500,"Plan Width": 23,"Actual Startup Time": 0.024,"Actual Total Time": 17.933,"Actual Rows": 37500,"Actual Loops": 4,"Workers": []}]}]}]}]}]},"Planning Time": 6.881,"Triggers": [],"Execution Time": 10893.482}]
[{"Plan": {"Node Type": "Sort","Parallel Aware": false,"Async Capable": false,"Startup Cost": 397889.21,"Total Cost": 399077.01,"Plan Rows": 475120,"Plan Width": 71,"Actual Startup Time": 10950.105,"Actual Total Time": 10953.954,"Actual Rows": 9,"Actual Loops": 1,"Sort Key": ["orders.o_totalprice DESC", "orders.o_orderdate"],"Sort Method": "quicksort","Sort Space Used": 25,"Sort Space Type": "Memory","Plans": [{"Node Type": "Aggregate","Strategy": "Hashed","Partial Mode": "Simple","Parent Relationship": "Outer","Parallel Aware": false,"Async Capable": false,"Startup Cost": 347151.30,"Total Cost": 353090.30,"Plan Rows": 475120,"Plan Width": 71,"Actual Startup Time": 10902.471,"Actual Total Time": 10953.715,"Actual Rows": 9,"Actual Loops": 1,"Group Key": ["customer.c_custkey", "orders.o_orderkey"],"Planned Partitions": 0,"HashAgg Batches": 1,"Peak Memory Usage": 24601,"Disk Usage": 0,"Plans": [{"Node Type": "Gather","Parent Relationship": "Outer","Parallel Aware": false,"Async Capable": false,"Startup Cost": 216528.94,"Total Cost": 343587.90,"Plan Rows": 475120,"Plan Width": 44,"Actual Startup Time": 10893.800,"Actual Total Time": 10897.693,"Actual Rows": 63,"Actual Loops": 1,"Workers Planned": 3,"Workers Launched": 3,"Single Copy": false,"Plans": [{"Node Type": "Hash Join","Parent Relationship": "Outer","Parallel Aware": true,"Async Capable": false,"Join Type": "Inner","Startup Cost": 215528.94,"Total Cost": 295075.90,"Plan Rows": 153265,"Plan Width": 44,"Actual Startup Time": 10134.253,"Actual Total Time": 10314.794,"Actual Rows": 16,"Actual Loops": 4,"Inner Unique": true,"Hash Cond": "(orders.o_custkey = customer.c_custkey)","Workers": [],"Plans": [{"Node Type": "Nested Loop","Parent Relationship": "Outer","Parallel Aware": false,"Async Capable": false,"Join Type": "Inner","Startup Cost": 210537.69,"Total Cost": 289682.32,"Plan Rows": 153265,"Plan Width": 25,"Actual Startup Time": 10099.687,"Actual Total Time": 10280.153,"Actual Rows": 16,"Actual Loops": 4,"Inner Unique": false,"Workers": [],"Plans": [{"Node Type": "Hash Join","Parent Relationship": "Outer","Parallel Aware": false,"Async Capable": false,"Join Type": "Inner","Startup Cost": 210537.26,"Total Cost": 242741.13,"Plan Rows": 38308,"Plan Width": 24,"Actual Startup Time": 10099.575,"Actual Total Time": 10279.892,"Actual Rows": 2,"Actual Loops": 4,"Inner Unique": true,"Hash Cond": "(orders.o_orderkey = lineitem_1.l_orderkey)","Workers": [],"Plans": [{"Node Type": "Seq Scan","Parent Relationship": "Outer","Parallel Aware": true,"Async Capable": false,"Relation Name": "orders","Alias": "orders","Startup Cost": 0.00,"Total Cost": 30933.71,"Plan Rows": 483871,"Plan Width": 20,"Actual Startup Time": 0.011,"Actual Total Time": 51.627,"Actual Rows": 375000,"Actual Loops": 4,"Workers": []},{"Node Type": "Hash","Parent Relationship": "Inner","Parallel Aware": false,"Async Capable": false,"Startup Cost": 209052.81,"Total Cost": 209052.81,"Plan Rows": 118756,"Plan Width": 4,"Actual Startup Time": 10016.825,"Actual Total Time": 10016.839,"Actual Rows": 9,"Actual Loops": 4,"Hash Buckets": 131072,"Original Hash Buckets": 131072,"Hash Batches": 1,"Original Hash Batches": 1,"Peak Memory Usage": 1025,"Workers": [],"Plans": [{"Node Type": "Aggregate","Strategy": "Hashed","Partial Mode": "Simple","Parent Relationship": "Outer","Parallel Aware": false,"Async Capable": false,"Startup Cost": 202521.23,"Total Cost": 207865.25,"Plan Rows": 118756,"Plan Width": 4,"Actual Startup Time": 6319.140,"Actual Total Time": 10016.671,"Actual Rows": 9,"Actual Loops": 4,"Group Key": ["lineitem_1.l_orderkey"],"Filter": "(sum(lineitem_1.l_quantity) > '315'::numeric)","Planned Partitions": 0,"HashAgg Batches": 1,"Peak Memory Usage": 638993,"Disk Usage": 0,"Rows Removed by Filter": 1499991,"Workers": [{"Worker Number": 0,"HashAgg Batches": 1,"Peak Memory Usage": 638993,"Disk Usage": 0},{"Worker Number": 1,"HashAgg Batches": 1,"Peak Memory Usage": 638993,"Disk Usage": 0},{"Worker Number": 2,"HashAgg Batches": 1,"Peak Memory Usage": 638993,"Disk Usage": 0}],"Plans": [{"Node Type": "Seq Scan","Parent Relationship": "Outer","Parallel Aware": false,"Async Capable": false,"Relation Name": "lineitem","Alias": "lineitem_1","Startup Cost": 0.00,"Total Cost": 172515.15,"Plan Rows": 6001215,"Plan Width": 9,"Actual Startup Time": 0.018,"Actual Total Time": 971.843,"Actual Rows": 6001215,"Actual Loops": 4,"Workers": []}]}]}]},{"Node Type": "Index Scan","Parent Relationship": "Inner","Parallel Aware": false,"Async Capable": false,"Scan Direction": "Forward","Index Name": "idx_lineitem_orderkey","Relation Name": "lineitem","Alias": "lineitem","Startup Cost": 0.43,"Total Cost": 1.06,"Plan Rows": 17,"Plan Width": 9,"Actual Startup Time": 0.069,"Actual Total Time": 0.079,"Actual Rows": 7,"Actual Loops": 9,"Index Cond": "(l_orderkey = orders.o_orderkey)","Rows Removed by Index Recheck": 0,"Workers": []}]},{"Node Type": "Hash","Parent Relationship": "Inner","Parallel Aware": true,"Async Capable": false,"Startup Cost": 4210.00,"Total Cost": 4210.00,"Plan Rows": 62500,"Plan Width": 23,"Actual Startup Time": 33.677,"Actual Total Time": 33.684,"Actual Rows": 37500,"Actual Loops": 4,"Hash Buckets": 262144,"Original Hash Buckets": 262144,"Hash Batches": 1,"Original Hash Batches": 1,"Peak Memory Usage": 10368,"Workers": [],"Plans": [{"Node Type": "Seq Scan","Parent Relationship": "Outer","Parallel Aware": true,"Async Capable": false,"Relation Name": "customer","Alias": "customer","Startup Cost": 0.00,"Total Cost": 4210.00,"Plan Rows": 62500,"Plan Width": 23,"Actual Startup Time": 0.019,"Actual Total Time": 16.715,"Actual Rows": 37500,"Actual Loops": 4,"Workers": []}]}]}]}]}]},"Planning Time": 6.132,"Triggers": [],"Execution Time": 11002.531}]
[{"Plan": {"Node Type": "Sort","Parallel Aware": false,"Async Capable": false,"Startup Cost": 397889.21,"Total Cost": 399077.01,"Plan Rows": 475120,"Plan Width": 71,"Actual Startup Time": 10785.011,"Actual Total Time": 10839.032,"Actual Rows": 9,"Actual Loops": 1,"Sort Key": ["orders.o_totalprice DESC", "orders.o_orderdate"],"Sort Method": "quicksort","Sort Space Used": 25,"Sort Space Type": "Memory","Plans": [{"Node Type": "Aggregate","Strategy": "Hashed","Partial Mode": "Simple","Parent Relationship": "Outer","Parallel Aware": false,"Async Capable": false,"Startup Cost": 347151.30,"Total Cost": 353090.30,"Plan Rows": 475120,"Plan Width": 71,"Actual Startup Time": 10763.855,"Actual Total Time": 10838.848,"Actual Rows": 9,"Actual Loops": 1,"Group Key": ["customer.c_custkey", "orders.o_orderkey"],"Planned Partitions": 0,"HashAgg Batches": 1,"Peak Memory Usage": 24601,"Disk Usage": 0,"Plans": [{"Node Type": "Gather","Parent Relationship": "Outer","Parallel Aware": false,"Async Capable": false,"Startup Cost": 216528.94,"Total Cost": 343587.90,"Plan Rows": 475120,"Plan Width": 44,"Actual Startup Time": 9674.071,"Actual Total Time": 10813.470,"Actual Rows": 63,"Actual Loops": 1,"Workers Planned": 3,"Workers Launched": 3,"Single Copy": false,"Plans": [{"Node Type": "Hash Join","Parent Relationship": "Outer","Parallel Aware": true,"Async Capable": false,"Join Type": "Inner","Startup Cost": 215528.94,"Total Cost": 295075.90,"Plan Rows": 153265,"Plan Width": 44,"Actual Startup Time": 10141.072,"Actual Total Time": 10312.965,"Actual Rows": 16,"Actual Loops": 4,"Inner Unique": true,"Hash Cond": "(orders.o_custkey = customer.c_custkey)","Workers": [],"Plans": [{"Node Type": "Nested Loop","Parent Relationship": "Outer","Parallel Aware": false,"Async Capable": false,"Join Type": "Inner","Startup Cost": 210537.69,"Total Cost": 289682.32,"Plan Rows": 153265,"Plan Width": 25,"Actual Startup Time": 10104.129,"Actual Total Time": 10275.947,"Actual Rows": 16,"Actual Loops": 4,"Inner Unique": false,"Workers": [],"Plans": [{"Node Type": "Hash Join","Parent Relationship": "Outer","Parallel Aware": false,"Async Capable": false,"Join Type": "Inner","Startup Cost": 210537.26,"Total Cost": 242741.13,"Plan Rows": 38308,"Plan Width": 24,"Actual Startup Time": 10104.052,"Actual Total Time": 10275.739,"Actual Rows": 2,"Actual Loops": 4,"Inner Unique": true,"Hash Cond": "(orders.o_orderkey = lineitem_1.l_orderkey)","Workers": [],"Plans": [{"Node Type": "Seq Scan","Parent Relationship": "Outer","Parallel Aware": true,"Async Capable": false,"Relation Name": "orders","Alias": "orders","Startup Cost": 0.00,"Total Cost": 30933.71,"Plan Rows": 483871,"Plan Width": 20,"Actual Startup Time": 0.007,"Actual Total Time": 53.689,"Actual Rows": 375000,"Actual Loops": 4,"Workers": []},{"Node Type": "Hash","Parent Relationship": "Inner","Parallel Aware": false,"Async Capable": false,"Startup Cost": 209052.81,"Total Cost": 209052.81,"Plan Rows": 118756,"Plan Width": 4,"Actual Startup Time": 10025.157,"Actual Total Time": 10025.166,"Actual Rows": 9,"Actual Loops": 4,"Hash Buckets": 131072,"Original Hash Buckets": 131072,"Hash Batches": 1,"Original Hash Batches": 1,"Peak Memory Usage": 1025,"Workers": [],"Plans": [{"Node Type": "Aggregate","Strategy": "Hashed","Partial Mode": "Simple","Parent Relationship": "Outer","Parallel Aware": false,"Async Capable": false,"Startup Cost": 202521.23,"Total Cost": 207865.25,"Plan Rows": 118756,"Plan Width": 4,"Actual Startup Time": 6285.839,"Actual Total Time": 10024.981,"Actual Rows": 9,"Actual Loops": 4,"Group Key": ["lineitem_1.l_orderkey"],"Filter": "(sum(lineitem_1.l_quantity) > '314'::numeric)","Planned Partitions": 0,"HashAgg Batches": 1,"Peak Memory Usage": 638993,"Disk Usage": 0,"Rows Removed by Filter": 1499991,"Workers": [{"Worker Number": 0,"HashAgg Batches": 1,"Peak Memory Usage": 638993,"Disk Usage": 0},{"Worker Number": 1,"HashAgg Batches": 1,"Peak Memory Usage": 638993,"Disk Usage": 0},{"Worker Number": 2,"HashAgg Batches": 1,"Peak Memory Usage": 638993,"Disk Usage": 0}],"Plans": [{"Node Type": "Seq Scan","Parent Relationship": "Outer","Parallel Aware": false,"Async Capable": false,"Relation Name": "lineitem","Alias": "lineitem_1","Startup Cost": 0.00,"Total Cost": 172515.15,"Plan Rows": 6001215,"Plan Width": 9,"Actual Startup Time": 0.019,"Actual Total Time": 931.752,"Actual Rows": 6001215,"Actual Loops": 4,"Workers": []}]}]}]},{"Node Type": "Index Scan","Parent Relationship": "Inner","Parallel Aware": false,"Async Capable": false,"Scan Direction": "Forward","Index Name": "idx_lineitem_orderkey","Relation Name": "lineitem","Alias": "lineitem","Startup Cost": 0.43,"Total Cost": 1.06,"Plan Rows": 17,"Plan Width": 9,"Actual Startup Time": 0.055,"Actual Total Time": 0.062,"Actual Rows": 7,"Actual Loops": 9,"Index Cond": "(l_orderkey = orders.o_orderkey)","Rows Removed by Index Recheck": 0,"Workers": []}]},{"Node Type": "Hash","Parent Relationship": "Inner","Parallel Aware": true,"Async Capable": false,"Startup Cost": 4210.00,"Total Cost": 4210.00,"Plan Rows": 62500,"Plan Width": 23,"Actual Startup Time": 36.172,"Actual Total Time": 36.190,"Actual Rows": 37500,"Actual Loops": 4,"Hash Buckets": 262144,"Original Hash Buckets": 262144,"Hash Batches": 1,"Original Hash Batches": 1,"Peak Memory Usage": 10336,"Workers": [],"Plans": [{"Node Type": "Seq Scan","Parent Relationship": "Outer","Parallel Aware": true,"Async Capable": false,"Relation Name": "customer","Alias": "customer","Startup Cost": 0.00,"Total Cost": 4210.00,"Plan Rows": 62500,"Plan Width": 23,"Actual Startup Time": 0.024,"Actual Total Time": 17.933,"Actual Rows": 37500,"Actual Loops": 4,"Workers": []}]}]}]}]}]},"Planning Time": 6.881,"Triggers": [],"Execution Time": 10893.482}]
[{"Plan": {"Node Type": "Sort","Parallel Aware": false,"Async Capable": false,"Startup Cost": 397889.21,"Total Cost": 399077.01,"Plan Rows": 475120,"Plan Width": 71,"Actual Startup Time": 10887.509,"Actual Total Time": 10908.132,"Actual Rows": 10,"Actual Loops": 1,"Sort Key": ["orders.o_totalprice DESC", "orders.o_orderdate"],"Sort Method": "quicksort","Sort Space Used": 25,"Sort Space Type": "Memory","Plans": [{"Node Type": "Aggregate","Strategy": "Hashed","Partial Mode": "Simple","Parent Relationship": "Outer","Parallel Aware": false,"Async Capable": false,"Startup Cost": 347151.30,"Total Cost": 353090.30,"Plan Rows": 475120,"Plan Width": 71,"Actual Startup Time": 10848.812,"Actual Total Time": 10907.941,"Actual Rows": 10,"Actual Loops": 1,"Group Key": ["customer.c_custkey", "orders.o_orderkey"],"Planned Partitions": 0,"HashAgg Batches": 1,"Peak Memory Usage": 24601,"Disk Usage": 0,"Plans": [{"Node Type": "Gather","Parent Relationship": "Outer","Parallel Aware": false,"Async Capable": false,"Startup Cost": 216528.94,"Total Cost": 343587.90,"Plan Rows": 475120,"Plan Width": 44,"Actual Startup Time": 10782.037,"Actual Total Time": 10858.151,"Actual Rows": 70,"Actual Loops": 1,"Workers Planned": 3,"Workers Launched": 3,"Single Copy": false,"Plans": [{"Node Type": "Hash Join","Parent Relationship": "Outer","Parallel Aware": true,"Async Capable": false,"Join Type": "Inner","Startup Cost": 215528.94,"Total Cost": 295075.90,"Plan Rows": 153265,"Plan Width": 44,"Actual Startup Time": 10180.765,"Actual Total Time": 10348.312,"Actual Rows": 18,"Actual Loops": 4,"Inner Unique": true,"Hash Cond": "(orders.o_custkey = customer.c_custkey)","Workers": [],"Plans": [{"Node Type": "Nested Loop","Parent Relationship": "Outer","Parallel Aware": false,"Async Capable": false,"Join Type": "Inner","Startup Cost": 210537.69,"Total Cost": 289682.32,"Plan Rows": 153265,"Plan Width": 25,"Actual Startup Time": 10142.809,"Actual Total Time": 10310.270,"Actual Rows": 18,"Actual Loops": 4,"Inner Unique": false,"Workers": [],"Plans": [{"Node Type": "Hash Join","Parent Relationship": "Outer","Parallel Aware": false,"Async Capable": false,"Join Type": "Inner","Startup Cost": 210537.26,"Total Cost": 242741.13,"Plan Rows": 38308,"Plan Width": 24,"Actual Startup Time": 10142.670,"Actual Total Time": 10309.991,"Actual Rows": 2,"Actual Loops": 4,"Inner Unique": true,"Hash Cond": "(orders.o_orderkey = lineitem_1.l_orderkey)","Workers": [],"Plans": [{"Node Type": "Seq Scan","Parent Relationship": "Outer","Parallel Aware": true,"Async Capable": false,"Relation Name": "orders","Alias": "orders","Startup Cost": 0.00,"Total Cost": 30933.71,"Plan Rows": 483871,"Plan Width": 20,"Actual Startup Time": 0.009,"Actual Total Time": 49.040,"Actual Rows": 375000,"Actual Loops": 4,"Workers": []},{"Node Type": "Hash","Parent Relationship": "Inner","Parallel Aware": false,"Async Capable": false,"Startup Cost": 209052.81,"Total Cost": 209052.81,"Plan Rows": 118756,"Plan Width": 4,"Actual Startup Time": 10075.163,"Actual Total Time": 10075.176,"Actual Rows": 10,"Actual Loops": 4,"Hash Buckets": 131072,"Original Hash Buckets": 131072,"Hash Batches": 1,"Original Hash Batches": 1,"Peak Memory Usage": 1025,"Workers": [],"Plans": [{"Node Type": "Aggregate","Strategy": "Hashed","Partial Mode": "Simple","Parent Relationship": "Outer","Parallel Aware": false,"Async Capable": false,"Startup Cost": 202521.23,"Total Cost": 207865.25,"Plan Rows": 118756,"Plan Width": 4,"Actual Startup Time": 6293.151,"Actual Total Time": 10074.968,"Actual Rows": 10,"Actual Loops": 4,"Group Key": ["lineitem_1.l_orderkey"],"Filter": "(sum(lineitem_1.l_quantity) > '312'::numeric)","Planned Partitions": 0,"HashAgg Batches": 1,"Peak Memory Usage": 638993,"Disk Usage": 0,"Rows Removed by Filter": 1499990,"Workers": [{"Worker Number": 0,"HashAgg Batches": 1,"Peak Memory Usage": 638993,"Disk Usage": 0},{"Worker Number": 1,"HashAgg Batches": 1,"Peak Memory Usage": 638993,"Disk Usage": 0},{"Worker Number": 2,"HashAgg Batches": 1,"Peak Memory Usage": 638993,"Disk Usage": 0}],"Plans": [{"Node Type": "Seq Scan","Parent Relationship": "Outer","Parallel Aware": false,"Async Capable": false,"Relation Name": "lineitem","Alias": "lineitem_1","Startup Cost": 0.00,"Total Cost": 172515.15,"Plan Rows": 6001215,"Plan Width": 9,"Actual Startup Time": 0.021,"Actual Total Time": 960.546,"Actual Rows": 6001215,"Actual Loops": 4,"Workers": []}]}]}]},{"Node Type": "Index Scan","Parent Relationship": "Inner","Parallel Aware": false,"Async Capable": false,"Scan Direction": "Forward","Index Name": "idx_lineitem_orderkey","Relation Name": "lineitem","Alias": "lineitem","Startup Cost": 0.43,"Total Cost": 1.06,"Plan Rows": 17,"Plan Width": 9,"Actual Startup Time": 0.072,"Actual Total Time": 0.079,"Actual Rows": 7,"Actual Loops": 10,"Index Cond": "(l_orderkey = orders.o_orderkey)","Rows Removed by Index Recheck": 0,"Workers": []}]},{"Node Type": "Hash","Parent Relationship": "Inner","Parallel Aware": true,"Async Capable": false,"Startup Cost": 4210.00,"Total Cost": 4210.00,"Plan Rows": 62500,"Plan Width": 23,"Actual Startup Time": 37.105,"Actual Total Time": 37.114,"Actual Rows": 37500,"Actual Loops": 4,"Hash Buckets": 262144,"Original Hash Buckets": 262144,"Hash Batches": 1,"Original Hash Batches": 1,"Peak Memory Usage": 10368,"Workers": [],"Plans": [{"Node Type": "Seq Scan","Parent Relationship": "Outer","Parallel Aware": true,"Async Capable": false,"Relation Name": "customer","Alias": "customer","Startup Cost": 0.00,"Total Cost": 4210.00,"Plan Rows": 62500,"Plan Width": 23,"Actual Startup Time": 0.025,"Actual Total Time": 19.726,"Actual Rows": 37500,"Actual Loops": 4,"Workers": []}]}]}]}]}]},"Planning Time": 6.715,"Triggers": [],"Execution Time": 10961.817}]
[{"Plan": {"Node Type": "Sort","Parallel Aware": false,"Async Capable": false,"Startup Cost": 397889.21,"Total Cost": 399077.01,"Plan Rows": 475120,"Plan Width": 71,"Actual Startup Time": 10950.105,"Actual Total Time": 10953.954,"Actual Rows": 9,"Actual Loops": 1,"Sort Key": ["orders.o_totalprice DESC", "orders.o_orderdate"],"Sort Method": "quicksort","Sort Space Used": 25,"Sort Space Type": "Memory","Plans": [{"Node Type": "Aggregate","Strategy": "Hashed","Partial Mode": "Simple","Parent Relationship": "Outer","Parallel Aware": false,"Async Capable": false,"Startup Cost": 347151.30,"Total Cost": 353090.30,"Plan Rows": 475120,"Plan Width": 71,"Actual Startup Time": 10902.471,"Actual Total Time": 10953.715,"Actual Rows": 9,"Actual Loops": 1,"Group Key": ["customer.c_custkey", "orders.o_orderkey"],"Planned Partitions": 0,"HashAgg Batches": 1,"Peak Memory Usage": 24601,"Disk Usage": 0,"Plans": [{"Node Type": "Gather","Parent Relationship": "Outer","Parallel Aware": false,"Async Capable": false,"Startup Cost": 216528.94,"Total Cost": 343587.90,"Plan Rows": 475120,"Plan Width": 44,"Actual Startup Time": 10893.800,"Actual Total Time": 10897.693,"Actual Rows": 63,"Actual Loops": 1,"Workers Planned": 3,"Workers Launched": 3,"Single Copy": false,"Plans": [{"Node Type": "Hash Join","Parent Relationship": "Outer","Parallel Aware": true,"Async Capable": false,"Join Type": "Inner","Startup Cost": 215528.94,"Total Cost": 295075.90,"Plan Rows": 153265,"Plan Width": 44,"Actual Startup Time": 10134.253,"Actual Total Time": 10314.794,"Actual Rows": 16,"Actual Loops": 4,"Inner Unique": true,"Hash Cond": "(orders.o_custkey = customer.c_custkey)","Workers": [],"Plans": [{"Node Type": "Nested Loop","Parent Relationship": "Outer","Parallel Aware": false,"Async Capable": false,"Join Type": "Inner","Startup Cost": 210537.69,"Total Cost": 289682.32,"Plan Rows": 153265,"Plan Width": 25,"Actual Startup Time": 10099.687,"Actual Total Time": 10280.153,"Actual Rows": 16,"Actual Loops": 4,"Inner Unique": false,"Workers": [],"Plans": [{"Node Type": "Hash Join","Parent Relationship": "Outer","Parallel Aware": false,"Async Capable": false,"Join Type": "Inner","Startup Cost": 210537.26,"Total Cost": 242741.13,"Plan Rows": 38308,"Plan Width": 24,"Actual Startup Time": 10099.575,"Actual Total Time": 10279.892,"Actual Rows": 2,"Actual Loops": 4,"Inner Unique": true,"Hash Cond": "(orders.o_orderkey = lineitem_1.l_orderkey)","Workers": [],"Plans": [{"Node Type": "Seq Scan","Parent Relationship": "Outer","Parallel Aware": true,"Async Capable": false,"Relation Name": "orders","Alias": "orders","Startup Cost": 0.00,"Total Cost": 30933.71,"Plan Rows": 483871,"Plan Width": 20,"Actual Startup Time": 0.011,"Actual Total Time": 51.627,"Actual Rows": 375000,"Actual Loops": 4,"Workers": []},{"Node Type": "Hash","Parent Relationship": "Inner","Parallel Aware": false,"Async Capable": false,"Startup Cost": 209052.81,"Total Cost": 209052.81,"Plan Rows": 118756,"Plan Width": 4,"Actual Startup Time": 10016.825,"Actual Total Time": 10016.839,"Actual Rows": 9,"Actual Loops": 4,"Hash Buckets": 131072,"Original Hash Buckets": 131072,"Hash Batches": 1,"Original Hash Batches": 1,"Peak Memory Usage": 1025,"Workers": [],"Plans": [{"Node Type": "Aggregate","Strategy": "Hashed","Partial Mode": "Simple","Parent Relationship": "Outer","Parallel Aware": false,"Async Capable": false,"Startup Cost": 202521.23,"Total Cost": 207865.25,"Plan Rows": 118756,"Plan Width": 4,"Actual Startup Time": 6319.140,"Actual Total Time": 10016.671,"Actual Rows": 9,"Actual Loops": 4,"Group Key": ["lineitem_1.l_orderkey"],"Filter": "(sum(lineitem_1.l_quantity) > '315'::numeric)","Planned Partitions": 0,"HashAgg Batches": 1,"Peak Memory Usage": 638993,"Disk Usage": 0,"Rows Removed by Filter": 1499991,"Workers": [{"Worker Number": 0,"HashAgg Batches": 1,"Peak Memory Usage": 638993,"Disk Usage": 0},{"Worker Number": 1,"HashAgg Batches": 1,"Peak Memory Usage": 638993,"Disk Usage": 0},{"Worker Number": 2,"HashAgg Batches": 1,"Peak Memory Usage": 638993,"Disk Usage": 0}],"Plans": [{"Node Type": "Seq Scan","Parent Relationship": "Outer","Parallel Aware": false,"Async Capable": false,"Relation Name": "lineitem","Alias": "lineitem_1","Startup Cost": 0.00,"Total Cost": 172515.15,"Plan Rows": 6001215,"Plan Width": 9,"Actual Startup Time": 0.018,"Actual Total Time": 971.843,"Actual Rows": 6001215,"Actual Loops": 4,"Workers": []}]}]}]},{"Node Type": "Index Scan","Parent Relationship": "Inner","Parallel Aware": false,"Async Capable": false,"Scan Direction": "Forward","Index Name": "idx_lineitem_orderkey","Relation Name": "lineitem","Alias": "lineitem","Startup Cost": 0.43,"Total Cost": 1.06,"Plan Rows": 17,"Plan Width": 9,"Actual Startup Time": 0.069,"Actual Total Time": 0.079,"Actual Rows": 7,"Actual Loops": 9,"Index Cond": "(l_orderkey = orders.o_orderkey)","Rows Removed by Index Recheck": 0,"Workers": []}]},{"Node Type": "Hash","Parent Relationship": "Inner","Parallel Aware": true,"Async Capable": false,"Startup Cost": 4210.00,"Total Cost": 4210.00,"Plan Rows": 62500,"Plan Width": 23,"Actual Startup Time": 33.677,"Actual Total Time": 33.684,"Actual Rows": 37500,"Actual Loops": 4,"Hash Buckets": 262144,"Original Hash Buckets": 262144,"Hash Batches": 1,"Original Hash Batches": 1,"Peak Memory Usage": 10368,"Workers": [],"Plans": [{"Node Type": "Seq Scan","Parent Relationship": "Outer","Parallel Aware": true,"Async Capable": false,"Relation Name": "customer","Alias": "customer","Startup Cost": 0.00,"Total Cost": 4210.00,"Plan Rows": 62500,"Plan Width": 23,"Actual Startup Time": 0.019,"Actual Total Time": 16.715,"Actual Rows": 37500,"Actual Loops": 4,"Workers": []}]}]}]}]}]},"Planning Time": 6.132,"Triggers": [],"Execution Time": 11002.531}]
[{"Plan": {"Node Type": "Sort","Parallel Aware": false,"Async Capable": false,"Startup Cost": 397889.21,"Total Cost": 399077.01,"Plan Rows": 475120,"Plan Width": 71,"Actual Startup Time": 10887.509,"Actual Total Time": 10908.132,"Actual Rows": 10,"Actual Loops": 1,"Sort Key": ["orders.o_totalprice DESC", "orders.o_orderdate"],"Sort Method": "quicksort","Sort Space Used": 25,"Sort Space Type": "Memory","Plans": [{"Node Type": "Aggregate","Strategy": "Hashed","Partial Mode": "Simple","Parent Relationship": "Outer","Parallel Aware": false,"Async Capable": false,"Startup Cost": 347151.30,"Total Cost": 353090.30,"Plan Rows": 475120,"Plan Width": 71,"Actual Startup Time": 10848.812,"Actual Total Time": 10907.941,"Actual Rows": 10,"Actual Loops": 1,"Group Key": ["customer.c_custkey", "orders.o_orderkey"],"Planned Partitions": 0,"HashAgg Batches": 1,"Peak Memory Usage": 24601,"Disk Usage": 0,"Plans": [{"Node Type": "Gather","Parent Relationship": "Outer","Parallel Aware": false,"Async Capable": false,"Startup Cost": 216528.94,"Total Cost": 343587.90,"Plan Rows": 475120,"Plan Width": 44,"Actual Startup Time": 10782.037,"Actual Total Time": 10858.151,"Actual Rows": 70,"Actual Loops": 1,"Workers Planned": 3,"Workers Launched": 3,"Single Copy": false,"Plans": [{"Node Type": "Hash Join","Parent Relationship": "Outer","Parallel Aware": true,"Async Capable": false,"Join Type": "Inner","Startup Cost": 215528.94,"Total Cost": 295075.90,"Plan Rows": 153265,"Plan Width": 44,"Actual Startup Time": 10180.765,"Actual Total Time": 10348.312,"Actual Rows": 18,"Actual Loops": 4,"Inner Unique": true,"Hash Cond": "(orders.o_custkey = customer.c_custkey)","Workers": [],"Plans": [{"Node Type": "Nested Loop","Parent Relationship": "Outer","Parallel Aware": false,"Async Capable": false,"Join Type": "Inner","Startup Cost": 210537.69,"Total Cost": 289682.32,"Plan Rows": 153265,"Plan Width": 25,"Actual Startup Time": 10142.809,"Actual Total Time": 10310.270,"Actual Rows": 18,"Actual Loops": 4,"Inner Unique": false,"Workers": [],"Plans": [{"Node Type": "Hash Join","Parent Relationship": "Outer","Parallel Aware": false,"Async Capable": false,"Join Type": "Inner","Startup Cost": 210537.26,"Total Cost": 242741.13,"Plan Rows": 38308,"Plan Width": 24,"Actual Startup Time": 10142.670,"Actual Total Time": 10309.991,"Actual Rows": 2,"Actual Loops": 4,"Inner Unique": true,"Hash Cond": "(orders.o_orderkey = lineitem_1.l_orderkey)","Workers": [],"Plans": [{"Node Type": "Seq Scan","Parent Relationship": "Outer","Parallel Aware": true,"Async Capable": false,"Relation Name": "orders","Alias": "orders","Startup Cost": 0.00,"Total Cost": 30933.71,"Plan Rows": 483871,"Plan Width": 20,"Actual Startup Time": 0.009,"Actual Total Time": 49.040,"Actual Rows": 375000,"Actual Loops": 4,"Workers": []},{"Node Type": "Hash","Parent Relationship": "Inner","Parallel Aware": false,"Async Capable": false,"Startup Cost": 209052.81,"Total Cost": 209052.81,"Plan Rows": 118756,"Plan Width": 4,"Actual Startup Time": 10075.163,"Actual Total Time": 10075.176,"Actual Rows": 10,"Actual Loops": 4,"Hash Buckets": 131072,"Original Hash Buckets": 131072,"Hash Batches": 1,"Original Hash Batches": 1,"Peak Memory Usage": 1025,"Workers": [],"Plans": [{"Node Type": "Aggregate","Strategy": "Hashed","Partial Mode": "Simple","Parent Relationship": "Outer","Parallel Aware": false,"Async Capable": false,"Startup Cost": 202521.23,"Total Cost": 207865.25,"Plan Rows": 118756,"Plan Width": 4,"Actual Startup Time": 6293.151,"Actual Total Time": 10074.968,"Actual Rows": 10,"Actual Loops": 4,"Group Key": ["lineitem_1.l_orderkey"],"Filter": "(sum(lineitem_1.l_quantity) > '312'::numeric)","Planned Partitions": 0,"HashAgg Batches": 1,"Peak Memory Usage": 638993,"Disk Usage": 0,"Rows Removed by Filter": 1499990,"Workers": [{"Worker Number": 0,"HashAgg Batches": 1,"Peak Memory Usage": 638993,"Disk Usage": 0},{"Worker Number": 1,"HashAgg Batches": 1,"Peak Memory Usage": 638993,"Disk Usage": 0},{"Worker Number": 2,"HashAgg Batches": 1,"Peak Memory Usage": 638993,"Disk Usage": 0}],"Plans": [{"Node Type": "Seq Scan","Parent Relationship": "Outer","Parallel Aware": false,"Async Capable": false,"Relation Name": "lineitem","Alias": "lineitem_1","Startup Cost": 0.00,"Total Cost": 172515.15,"Plan Rows": 6001215,"Plan Width": 9,"Actual Startup Time": 0.021,"Actual Total Time": 960.546,"Actual Rows": 6001215,"Actual Loops": 4,"Workers": []}]}]}]},{"Node Type": "Index Scan","Parent Relationship": "Inner","Parallel Aware": false,"Async Capable": false,"Scan Direction": "Forward","Index Name": "idx_lineitem_orderkey","Relation Name": "lineitem","Alias": "lineitem","Startup Cost": 0.43,"Total Cost": 1.06,"Plan Rows": 17,"Plan Width": 9,"Actual Startup Time": 0.072,"Actual Total Time": 0.079,"Actual Rows": 7,"Actual Loops": 10,"Index Cond": "(l_orderkey = orders.o_orderkey)","Rows Removed by Index Recheck": 0,"Workers": []}]},{"Node Type": "Hash","Parent Relationship": "Inner","Parallel Aware": true,"Async Capable": false,"Startup Cost": 4210.00,"Total Cost": 4210.00,"Plan Rows": 62500,"Plan Width": 23,"Actual Startup Time": 37.105,"Actual Total Time": 37.114,"Actual Rows": 37500,"Actual Loops": 4,"Hash Buckets": 262144,"Original Hash Buckets": 262144,"Hash Batches": 1,"Original Hash Batches": 1,"Peak Memory Usage": 10368,"Workers": [],"Plans": [{"Node Type": "Seq Scan","Parent Relationship": "Outer","Parallel Aware": true,"Async Capable": false,"Relation Name": "customer","Alias": "customer","Startup Cost": 0.00,"Total Cost": 4210.00,"Plan Rows": 62500,"Plan Width": 23,"Actual Startup Time": 0.025,"Actual Total Time": 19.726,"Actual Rows": 37500,"Actual Loops": 4,"Workers": []}]}]}]}]}]},"Planning Time": 6.715,"Triggers": [],"Execution Time": 10961.817}]
[{"Plan": {"Node Type": "Sort","Parallel Aware": false,"Async Capable": false,"Startup Cost": 397889.21,"Total Cost": 399077.01,"Plan Rows": 475120,"Plan Width": 71,"Actual Startup Time": 10785.011,"Actual Total Time": 10839.032,"Actual Rows": 9,"Actual Loops": 1,"Sort Key": ["orders.o_totalprice DESC", "orders.o_orderdate"],"Sort Method": "quicksort","Sort Space Used": 25,"Sort Space Type": "Memory","Plans": [{"Node Type": "Aggregate","Strategy": "Hashed","Partial Mode": "Simple","Parent Relationship": "Outer","Parallel Aware": false,"Async Capable": false,"Startup Cost": 347151.30,"Total Cost": 353090.30,"Plan Rows": 475120,"Plan Width": 71,"Actual Startup Time": 10763.855,"Actual Total Time": 10838.848,"Actual Rows": 9,"Actual Loops": 1,"Group Key": ["customer.c_custkey", "orders.o_orderkey"],"Planned Partitions": 0,"HashAgg Batches": 1,"Peak Memory Usage": 24601,"Disk Usage": 0,"Plans": [{"Node Type": "Gather","Parent Relationship": "Outer","Parallel Aware": false,"Async Capable": false,"Startup Cost": 216528.94,"Total Cost": 343587.90,"Plan Rows": 475120,"Plan Width": 44,"Actual Startup Time": 9674.071,"Actual Total Time": 10813.470,"Actual Rows": 63,"Actual Loops": 1,"Workers Planned": 3,"Workers Launched": 3,"Single Copy": false,"Plans": [{"Node Type": "Hash Join","Parent Relationship": "Outer","Parallel Aware": true,"Async Capable": false,"Join Type": "Inner","Startup Cost": 215528.94,"Total Cost": 295075.90,"Plan Rows": 153265,"Plan Width": 44,"Actual Startup Time": 10141.072,"Actual Total Time": 10312.965,"Actual Rows": 16,"Actual Loops": 4,"Inner Unique": true,"Hash Cond": "(orders.o_custkey = customer.c_custkey)","Workers": [],"Plans": [{"Node Type": "Nested Loop","Parent Relationship": "Outer","Parallel Aware": false,"Async Capable": false,"Join Type": "Inner","Startup Cost": 210537.69,"Total Cost": 289682.32,"Plan Rows": 153265,"Plan Width": 25,"Actual Startup Time": 10104.129,"Actual Total Time": 10275.947,"Actual Rows": 16,"Actual Loops": 4,"Inner Unique": false,"Workers": [],"Plans": [{"Node Type": "Hash Join","Parent Relationship": "Outer","Parallel Aware": false,"Async Capable": false,"Join Type": "Inner","Startup Cost": 210537.26,"Total Cost": 242741.13,"Plan Rows": 38308,"Plan Width": 24,"Actual Startup Time": 10104.052,"Actual Total Time": 10275.739,"Actual Rows": 2,"Actual Loops": 4,"Inner Unique": true,"Hash Cond": "(orders.o_orderkey = lineitem_1.l_orderkey)","Workers": [],"Plans": [{"Node Type": "Seq Scan","Parent Relationship": "Outer","Parallel Aware": true,"Async Capable": false,"Relation Name": "orders","Alias": "orders","Startup Cost": 0.00,"Total Cost": 30933.71,"Plan Rows": 483871,"Plan Width": 20,"Actual Startup Time": 0.007,"Actual Total Time": 53.689,"Actual Rows": 375000,"Actual Loops": 4,"Workers": []},{"Node Type": "Hash","Parent Relationship": "Inner","Parallel Aware": false,"Async Capable": false,"Startup Cost": 209052.81,"Total Cost": 209052.81,"Plan Rows": 118756,"Plan Width": 4,"Actual Startup Time": 10025.157,"Actual Total Time": 10025.166,"Actual Rows": 9,"Actual Loops": 4,"Hash Buckets": 131072,"Original Hash Buckets": 131072,"Hash Batches": 1,"Original Hash Batches": 1,"Peak Memory Usage": 1025,"Workers": [],"Plans": [{"Node Type": "Aggregate","Strategy": "Hashed","Partial Mode": "Simple","Parent Relationship": "Outer","Parallel Aware": false,"Async Capable": false,"Startup Cost": 202521.23,"Total Cost": 207865.25,"Plan Rows": 118756,"Plan Width": 4,"Actual Startup Time": 6285.839,"Actual Total Time": 10024.981,"Actual Rows": 9,"Actual Loops": 4,"Group Key": ["lineitem_1.l_orderkey"],"Filter": "(sum(lineitem_1.l_quantity) > '314'::numeric)","Planned Partitions": 0,"HashAgg Batches": 1,"Peak Memory Usage": 638993,"Disk Usage": 0,"Rows Removed by Filter": 1499991,"Workers": [{"Worker Number": 0,"HashAgg Batches": 1,"Peak Memory Usage": 638993,"Disk Usage": 0},{"Worker Number": 1,"HashAgg Batches": 1,"Peak Memory Usage": 638993,"Disk Usage": 0},{"Worker Number": 2,"HashAgg Batches": 1,"Peak Memory Usage": 638993,"Disk Usage": 0}],"Plans": [{"Node Type": "Seq Scan","Parent Relationship": "Outer","Parallel Aware": false,"Async Capable": false,"Relation Name": "lineitem","Alias": "lineitem_1","Startup Cost": 0.00,"Total Cost": 172515.15,"Plan Rows": 6001215,"Plan Width": 9,"Actual Startup Time": 0.019,"Actual Total Time": 931.752,"Actual Rows": 6001215,"Actual Loops": 4,"Workers": []}]}]}]},{"Node Type": "Index Scan","Parent Relationship": "Inner","Parallel Aware": false,"Async Capable": false,"Scan Direction": "Forward","Index Name": "idx_lineitem_orderkey","Relation Name": "lineitem","Alias": "lineitem","Startup Cost": 0.43,"Total Cost": 1.06,"Plan Rows": 17,"Plan Width": 9,"Actual Startup Time": 0.055,"Actual Total Time": 0.062,"Actual Rows": 7,"Actual Loops": 9,"Index Cond": "(l_orderkey = orders.o_orderkey)","Rows Removed by Index Recheck": 0,"Workers": []}]},{"Node Type": "Hash","Parent Relationship": "Inner","Parallel Aware": true,"Async Capable": false,"Startup Cost": 4210.00,"Total Cost": 4210.00,"Plan Rows": 62500,"Plan Width": 23,"Actual Startup Time": 36.172,"Actual Total Time": 36.190,"Actual Rows": 37500,"Actual Loops": 4,"Hash Buckets": 262144,"Original Hash Buckets": 262144,"Hash Batches": 1,"Original Hash Batches": 1,"Peak Memory Usage": 10336,"Workers": [],"Plans": [{"Node Type": "Seq Scan","Parent Relationship": "Outer","Parallel Aware": true,"Async Capable": false,"Relation Name": "customer","Alias": "customer","Startup Cost": 0.00,"Total Cost": 4210.00,"Plan Rows": 62500,"Plan Width": 23,"Actual Startup Time": 0.024,"Actual Total Time": 17.933,"Actual Rows": 37500,"Actual Loops": 4,"Workers": []}]}]}]}]}]},"Planning Time": 6.881,"Triggers": [],"Execution Time": 10893.482}]
[{"Plan": {"Node Type": "Sort","Parallel Aware": false,"Async Capable": false,"Startup Cost": 397889.21,"Total Cost": 399077.01,"Plan Rows": 475120,"Plan Width": 71,"Actual Startup Time": 10785.011,"Actual Total Time": 10839.032,"Actual Rows": 9,"Actual Loops": 1,"Sort Key": ["orders.o_totalprice DESC", "orders.o_orderdate"],"Sort Method": "quicksort","Sort Space Used": 25,"Sort Space Type": "Memory","Plans": [{"Node Type": "Aggregate","Strategy": "Hashed","Partial Mode": "Simple","Parent Relationship": "Outer","Parallel Aware": false,"Async Capable": false,"Startup Cost": 347151.30,"Total Cost": 353090.30,"Plan Rows": 475120,"Plan Width": 71,"Actual Startup Time": 10763.855,"Actual Total Time": 10838.848,"Actual Rows": 9,"Actual Loops": 1,"Group Key": ["customer.c_custkey", "orders.o_orderkey"],"Planned Partitions": 0,"HashAgg Batches": 1,"Peak Memory Usage": 24601,"Disk Usage": 0,"Plans": [{"Node Type": "Gather","Parent Relationship": "Outer","Parallel Aware": false,"Async Capable": false,"Startup Cost": 216528.94,"Total Cost": 343587.90,"Plan Rows": 475120,"Plan Width": 44,"Actual Startup Time": 9674.071,"Actual Total Time": 10813.470,"Actual Rows": 63,"Actual Loops": 1,"Workers Planned": 3,"Workers Launched": 3,"Single Copy": false,"Plans": [{"Node Type": "Hash Join","Parent Relationship": "Outer","Parallel Aware": true,"Async Capable": false,"Join Type": "Inner","Startup Cost": 215528.94,"Total Cost": 295075.90,"Plan Rows": 153265,"Plan Width": 44,"Actual Startup Time": 10141.072,"Actual Total Time": 10312.965,"Actual Rows": 16,"Actual Loops": 4,"Inner Unique": true,"Hash Cond": "(orders.o_custkey = customer.c_custkey)","Workers": [],"Plans": [{"Node Type": "Nested Loop","Parent Relationship": "Outer","Parallel Aware": false,"Async Capable": false,"Join Type": "Inner","Startup Cost": 210537.69,"Total Cost": 289682.32,"Plan Rows": 153265,"Plan Width": 25,"Actual Startup Time": 10104.129,"Actual Total Time": 10275.947,"Actual Rows": 16,"Actual Loops": 4,"Inner Unique": false,"Workers": [],"Plans": [{"Node Type": "Hash Join","Parent Relationship": "Outer","Parallel Aware": false,"Async Capable": false,"Join Type": "Inner","Startup Cost": 210537.26,"Total Cost": 242741.13,"Plan Rows": 38308,"Plan Width": 24,"Actual Startup Time": 10104.052,"Actual Total Time": 10275.739,"Actual Rows": 2,"Actual Loops": 4,"Inner Unique": true,"Hash Cond": "(orders.o_orderkey = lineitem_1.l_orderkey)","Workers": [],"Plans": [{"Node Type": "Seq Scan","Parent Relationship": "Outer","Parallel Aware": true,"Async Capable": false,"Relation Name": "orders","Alias": "orders","Startup Cost": 0.00,"Total Cost": 30933.71,"Plan Rows": 483871,"Plan Width": 20,"Actual Startup Time": 0.007,"Actual Total Time": 53.689,"Actual Rows": 375000,"Actual Loops": 4,"Workers": []},{"Node Type": "Hash","Parent Relationship": "Inner","Parallel Aware": false,"Async Capable": false,"Startup Cost": 209052.81,"Total Cost": 209052.81,"Plan Rows": 118756,"Plan Width": 4,"Actual Startup Time": 10025.157,"Actual Total Time": 10025.166,"Actual Rows": 9,"Actual Loops": 4,"Hash Buckets": 131072,"Original Hash Buckets": 131072,"Hash Batches": 1,"Original Hash Batches": 1,"Peak Memory Usage": 1025,"Workers": [],"Plans": [{"Node Type": "Aggregate","Strategy": "Hashed","Partial Mode": "Simple","Parent Relationship": "Outer","Parallel Aware": false,"Async Capable": false,"Startup Cost": 202521.23,"Total Cost": 207865.25,"Plan Rows": 118756,"Plan Width": 4,"Actual Startup Time": 6285.839,"Actual Total Time": 10024.981,"Actual Rows": 9,"Actual Loops": 4,"Group Key": ["lineitem_1.l_orderkey"],"Filter": "(sum(lineitem_1.l_quantity) > '314'::numeric)","Planned Partitions": 0,"HashAgg Batches": 1,"Peak Memory Usage": 638993,"Disk Usage": 0,"Rows Removed by Filter": 1499991,"Workers": [{"Worker Number": 0,"HashAgg Batches": 1,"Peak Memory Usage": 638993,"Disk Usage": 0},{"Worker Number": 1,"HashAgg Batches": 1,"Peak Memory Usage": 638993,"Disk Usage": 0},{"Worker Number": 2,"HashAgg Batches": 1,"Peak Memory Usage": 638993,"Disk Usage": 0}],"Plans": [{"Node Type": "Seq Scan","Parent Relationship": "Outer","Parallel Aware": false,"Async Capable": false,"Relation Name": "lineitem","Alias": "lineitem_1","Startup Cost": 0.00,"Total Cost": 172515.15,"Plan Rows": 6001215,"Plan Width": 9,"Actual Startup Time": 0.019,"Actual Total Time": 931.752,"Actual Rows": 6001215,"Actual Loops": 4,"Workers": []}]}]}]},{"Node Type": "Index Scan","Parent Relationship": "Inner","Parallel Aware": false,"Async Capable": false,"Scan Direction": "Forward","Index Name": "idx_lineitem_orderkey","Relation Name": "lineitem","Alias": "lineitem","Startup Cost": 0.43,"Total Cost": 1.06,"Plan Rows": 17,"Plan Width": 9,"Actual Startup Time": 0.055,"Actual Total Time": 0.062,"Actual Rows": 7,"Actual Loops": 9,"Index Cond": "(l_orderkey = orders.o_orderkey)","Rows Removed by Index Recheck": 0,"Workers": []}]},{"Node Type": "Hash","Parent Relationship": "Inner","Parallel Aware": true,"Async Capable": false,"Startup Cost": 4210.00,"Total Cost": 4210.00,"Plan Rows": 62500,"Plan Width": 23,"Actual Startup Time": 36.172,"Actual Total Time": 36.190,"Actual Rows": 37500,"Actual Loops": 4,"Hash Buckets": 262144,"Original Hash Buckets": 262144,"Hash Batches": 1,"Original Hash Batches": 1,"Peak Memory Usage": 10336,"Workers": [],"Plans": [{"Node Type": "Seq Scan","Parent Relationship": "Outer","Parallel Aware": true,"Async Capable": false,"Relation Name": "customer","Alias": "customer","Startup Cost": 0.00,"Total Cost": 4210.00,"Plan Rows": 62500,"Plan Width": 23,"Actual Startup Time": 0.024,"Actual Total Time": 17.933,"Actual Rows": 37500,"Actual Loops": 4,"Workers": []}]}]}]}]}]},"Planning Time": 6.881,"Triggers": [],"Execution Time": 10893.482}]
[{"Plan": {"Node Type": "Sort","Parallel Aware": false,"Async Capable": false,"Startup Cost": 397889.21,"Total Cost": 399077.01,"Plan Rows": 475120,"Plan Width": 71,"Actual Startup Time": 10345.847,"Actual Total Time": 10377.998,"Actual Rows": 9,"Actual Loops": 1,"Sort Key": ["orders.o_totalprice DESC", "orders.o_orderdate"],"Sort Method": "quicksort","Sort Space Used": 25,"Sort Space Type": "Memory","Plans": [{"Node Type": "Aggregate","Strategy": "Hashed","Partial Mode": "Simple","Parent Relationship": "Outer","Parallel Aware": false,"Async Capable": false,"Startup Cost": 347151.30,"Total Cost": 353090.30,"Plan Rows": 475120,"Plan Width": 71,"Actual Startup Time": 10329.232,"Actual Total Time": 10377.856,"Actual Rows": 9,"Actual Loops": 1,"Group Key": ["customer.c_custkey", "orders.o_orderkey"],"Planned Partitions": 0,"HashAgg Batches": 1,"Peak Memory Usage": 24601,"Disk Usage": 0,"Plans": [{"Node Type": "Gather","Parent Relationship": "Outer","Parallel Aware": false,"Async Capable": false,"Startup Cost": 216528.94,"Total Cost": 343587.90,"Plan Rows": 475120,"Plan Width": 44,"Actual Startup Time": 10053.961,"Actual Total Time": 10357.615,"Actual Rows": 63,"Actual Loops": 1,"Workers Planned": 3,"Workers Launched": 3,"Single Copy": false,"Plans": [{"Node Type": "Hash Join","Parent Relationship": "Outer","Parallel Aware": true,"Async Capable": false,"Join Type": "Inner","Startup Cost": 215528.94,"Total Cost": 295075.90,"Plan Rows": 153265,"Plan Width": 44,"Actual Startup Time": 10157.696,"Actual Total Time": 10258.651,"Actual Rows": 16,"Actual Loops": 4,"Inner Unique": true,"Hash Cond": "(orders.o_custkey = customer.c_custkey)","Workers": [],"Plans": [{"Node Type": "Nested Loop","Parent Relationship": "Outer","Parallel Aware": false,"Async Capable": false,"Join Type": "Inner","Startup Cost": 210537.69,"Total Cost": 289682.32,"Plan Rows": 153265,"Plan Width": 25,"Actual Startup Time": 10123.332,"Actual Total Time": 10224.239,"Actual Rows": 16,"Actual Loops": 4,"Inner Unique": false,"Workers": [],"Plans": [{"Node Type": "Hash Join","Parent Relationship": "Outer","Parallel Aware": false,"Async Capable": false,"Join Type": "Inner","Startup Cost": 210537.26,"Total Cost": 242741.13,"Plan Rows": 38308,"Plan Width": 24,"Actual Startup Time": 10123.186,"Actual Total Time": 10223.998,"Actual Rows": 2,"Actual Loops": 4,"Inner Unique": true,"Hash Cond": "(orders.o_orderkey = lineitem_1.l_orderkey)","Workers": [],"Plans": [{"Node Type": "Seq Scan","Parent Relationship": "Outer","Parallel Aware": true,"Async Capable": false,"Relation Name": "orders","Alias": "orders","Startup Cost": 0.00,"Total Cost": 30933.71,"Plan Rows": 483871,"Plan Width": 20,"Actual Startup Time": 0.011,"Actual Total Time": 49.852,"Actual Rows": 375000,"Actual Loops": 4,"Workers": []},{"Node Type": "Hash","Parent Relationship": "Inner","Parallel Aware": false,"Async Capable": false,"Startup Cost": 209052.81,"Total Cost": 209052.81,"Plan Rows": 118756,"Plan Width": 4,"Actual Startup Time": 10005.666,"Actual Total Time": 10005.673,"Actual Rows": 9,"Actual Loops": 4,"Hash Buckets": 131072,"Original Hash Buckets": 131072,"Hash Batches": 1,"Original Hash Batches": 1,"Peak Memory Usage": 1025,"Workers": [],"Plans": [{"Node Type": "Aggregate","Strategy": "Hashed","Partial Mode": "Simple","Parent Relationship": "Outer","Parallel Aware": false,"Async Capable": false,"Startup Cost": 202521.23,"Total Cost": 207865.25,"Plan Rows": 118756,"Plan Width": 4,"Actual Startup Time": 6310.010,"Actual Total Time": 10005.543,"Actual Rows": 9,"Actual Loops": 4,"Group Key": ["lineitem_1.l_orderkey"],"Filter": "(sum(lineitem_1.l_quantity) > '313'::numeric)","Planned Partitions": 0,"HashAgg Batches": 1,"Peak Memory Usage": 638993,"Disk Usage": 0,"Rows Removed by Filter": 1499991,"Workers": [{"Worker Number": 0,"HashAgg Batches": 1,"Peak Memory Usage": 638993,"Disk Usage": 0},{"Worker Number": 1,"HashAgg Batches": 1,"Peak Memory Usage": 638993,"Disk Usage": 0},{"Worker Number": 2,"HashAgg Batches": 1,"Peak Memory Usage": 638993,"Disk Usage": 0}],"Plans": [{"Node Type": "Seq Scan","Parent Relationship": "Outer","Parallel Aware": false,"Async Capable": false,"Relation Name": "lineitem","Alias": "lineitem_1","Startup Cost": 0.00,"Total Cost": 172515.15,"Plan Rows": 6001215,"Plan Width": 9,"Actual Startup Time": 0.020,"Actual Total Time": 994.479,"Actual Rows": 6001215,"Actual Loops": 4,"Workers": []}]}]}]},{"Node Type": "Index Scan","Parent Relationship": "Inner","Parallel Aware": false,"Async Capable": false,"Scan Direction": "Forward","Index Name": "idx_lineitem_orderkey","Relation Name": "lineitem","Alias": "lineitem","Startup Cost": 0.43,"Total Cost": 1.06,"Plan Rows": 17,"Plan Width": 9,"Actual Startup Time": 0.068,"Actual Total Time": 0.075,"Actual Rows": 7,"Actual Loops": 9,"Index Cond": "(l_orderkey = orders.o_orderkey)","Rows Removed by Index Recheck": 0,"Workers": []}]},{"Node Type": "Hash","Parent Relationship": "Inner","Parallel Aware": true,"Async Capable": false,"Startup Cost": 4210.00,"Total Cost": 4210.00,"Plan Rows": 62500,"Plan Width": 23,"Actual Startup Time": 33.578,"Actual Total Time": 33.582,"Actual Rows": 37500,"Actual Loops": 4,"Hash Buckets": 262144,"Original Hash Buckets": 262144,"Hash Batches": 1,"Original Hash Batches": 1,"Peak Memory Usage": 10336,"Workers": [],"Plans": [{"Node Type": "Seq Scan","Parent Relationship": "Outer","Parallel Aware": true,"Async Capable": false,"Relation Name": "customer","Alias": "customer","Startup Cost": 0.00,"Total Cost": 4210.00,"Plan Rows": 62500,"Plan Width": 23,"Actual Startup Time": 0.023,"Actual Total Time": 16.777,"Actual Rows": 37500,"Actual Loops": 4,"Workers": []}]}]}]}]}]},"Planning Time": 6.662,"Triggers": [],"Execution Time": 10430.266}]
[{"Plan": {"Node Type": "Sort","Parallel Aware": false,"Async Capable": false,"Startup Cost": 397889.21,"Total Cost": 399077.01,"Plan Rows": 475120,"Plan Width": 71,"Actual Startup Time": 10887.509,"Actual Total Time": 10908.132,"Actual Rows": 10,"Actual Loops": 1,"Sort Key": ["orders.o_totalprice DESC", "orders.o_orderdate"],"Sort Method": "quicksort","Sort Space Used": 25,"Sort Space Type": "Memory","Plans": [{"Node Type": "Aggregate","Strategy": "Hashed","Partial Mode": "Simple","Parent Relationship": "Outer","Parallel Aware": false,"Async Capable": false,"Startup Cost": 347151.30,"Total Cost": 353090.30,"Plan Rows": 475120,"Plan Width": 71,"Actual Startup Time": 10848.812,"Actual Total Time": 10907.941,"Actual Rows": 10,"Actual Loops": 1,"Group Key": ["customer.c_custkey", "orders.o_orderkey"],"Planned Partitions": 0,"HashAgg Batches": 1,"Peak Memory Usage": 24601,"Disk Usage": 0,"Plans": [{"Node Type": "Gather","Parent Relationship": "Outer","Parallel Aware": false,"Async Capable": false,"Startup Cost": 216528.94,"Total Cost": 343587.90,"Plan Rows": 475120,"Plan Width": 44,"Actual Startup Time": 10782.037,"Actual Total Time": 10858.151,"Actual Rows": 70,"Actual Loops": 1,"Workers Planned": 3,"Workers Launched": 3,"Single Copy": false,"Plans": [{"Node Type": "Hash Join","Parent Relationship": "Outer","Parallel Aware": true,"Async Capable": false,"Join Type": "Inner","Startup Cost": 215528.94,"Total Cost": 295075.90,"Plan Rows": 153265,"Plan Width": 44,"Actual Startup Time": 10180.765,"Actual Total Time": 10348.312,"Actual Rows": 18,"Actual Loops": 4,"Inner Unique": true,"Hash Cond": "(orders.o_custkey = customer.c_custkey)","Workers": [],"Plans": [{"Node Type": "Nested Loop","Parent Relationship": "Outer","Parallel Aware": false,"Async Capable": false,"Join Type": "Inner","Startup Cost": 210537.69,"Total Cost": 289682.32,"Plan Rows": 153265,"Plan Width": 25,"Actual Startup Time": 10142.809,"Actual Total Time": 10310.270,"Actual Rows": 18,"Actual Loops": 4,"Inner Unique": false,"Workers": [],"Plans": [{"Node Type": "Hash Join","Parent Relationship": "Outer","Parallel Aware": false,"Async Capable": false,"Join Type": "Inner","Startup Cost": 210537.26,"Total Cost": 242741.13,"Plan Rows": 38308,"Plan Width": 24,"Actual Startup Time": 10142.670,"Actual Total Time": 10309.991,"Actual Rows": 2,"Actual Loops": 4,"Inner Unique": true,"Hash Cond": "(orders.o_orderkey = lineitem_1.l_orderkey)","Workers": [],"Plans": [{"Node Type": "Seq Scan","Parent Relationship": "Outer","Parallel Aware": true,"Async Capable": false,"Relation Name": "orders","Alias": "orders","Startup Cost": 0.00,"Total Cost": 30933.71,"Plan Rows": 483871,"Plan Width": 20,"Actual Startup Time": 0.009,"Actual Total Time": 49.040,"Actual Rows": 375000,"Actual Loops": 4,"Workers": []},{"Node Type": "Hash","Parent Relationship": "Inner","Parallel Aware": false,"Async Capable": false,"Startup Cost": 209052.81,"Total Cost": 209052.81,"Plan Rows": 118756,"Plan Width": 4,"Actual Startup Time": 10075.163,"Actual Total Time": 10075.176,"Actual Rows": 10,"Actual Loops": 4,"Hash Buckets": 131072,"Original Hash Buckets": 131072,"Hash Batches": 1,"Original Hash Batches": 1,"Peak Memory Usage": 1025,"Workers": [],"Plans": [{"Node Type": "Aggregate","Strategy": "Hashed","Partial Mode": "Simple","Parent Relationship": "Outer","Parallel Aware": false,"Async Capable": false,"Startup Cost": 202521.23,"Total Cost": 207865.25,"Plan Rows": 118756,"Plan Width": 4,"Actual Startup Time": 6293.151,"Actual Total Time": 10074.968,"Actual Rows": 10,"Actual Loops": 4,"Group Key": ["lineitem_1.l_orderkey"],"Filter": "(sum(lineitem_1.l_quantity) > '312'::numeric)","Planned Partitions": 0,"HashAgg Batches": 1,"Peak Memory Usage": 638993,"Disk Usage": 0,"Rows Removed by Filter": 1499990,"Workers": [{"Worker Number": 0,"HashAgg Batches": 1,"Peak Memory Usage": 638993,"Disk Usage": 0},{"Worker Number": 1,"HashAgg Batches": 1,"Peak Memory Usage": 638993,"Disk Usage": 0},{"Worker Number": 2,"HashAgg Batches": 1,"Peak Memory Usage": 638993,"Disk Usage": 0}],"Plans": [{"Node Type": "Seq Scan","Parent Relationship": "Outer","Parallel Aware": false,"Async Capable": false,"Relation Name": "lineitem","Alias": "lineitem_1","Startup Cost": 0.00,"Total Cost": 172515.15,"Plan Rows": 6001215,"Plan Width": 9,"Actual Startup Time": 0.021,"Actual Total Time": 960.546,"Actual Rows": 6001215,"Actual Loops": 4,"Workers": []}]}]}]},{"Node Type": "Index Scan","Parent Relationship": "Inner","Parallel Aware": false,"Async Capable": false,"Scan Direction": "Forward","Index Name": "idx_lineitem_orderkey","Relation Name": "lineitem","Alias": "lineitem","Startup Cost": 0.43,"Total Cost": 1.06,"Plan Rows": 17,"Plan Width": 9,"Actual Startup Time": 0.072,"Actual Total Time": 0.079,"Actual Rows": 7,"Actual Loops": 10,"Index Cond": "(l_orderkey = orders.o_orderkey)","Rows Removed by Index Recheck": 0,"Workers": []}]},{"Node Type": "Hash","Parent Relationship": "Inner","Parallel Aware": true,"Async Capable": false,"Startup Cost": 4210.00,"Total Cost": 4210.00,"Plan Rows": 62500,"Plan Width": 23,"Actual Startup Time": 37.105,"Actual Total Time": 37.114,"Actual Rows": 37500,"Actual Loops": 4,"Hash Buckets": 262144,"Original Hash Buckets": 262144,"Hash Batches": 1,"Original Hash Batches": 1,"Peak Memory Usage": 10368,"Workers": [],"Plans": [{"Node Type": "Seq Scan","Parent Relationship": "Outer","Parallel Aware": true,"Async Capable": false,"Relation Name": "customer","Alias": "customer","Startup Cost": 0.00,"Total Cost": 4210.00,"Plan Rows": 62500,"Plan Width": 23,"Actual Startup Time": 0.025,"Actual Total Time": 19.726,"Actual Rows": 37500,"Actual Loops": 4,"Workers": []}]}]}]}]}]},"Planning Time": 6.715,"Triggers": [],"Execution Time": 10961.817}]
[{"Plan": {"Node Type": "Sort","Parallel Aware": false,"Async Capable": false,"Startup Cost": 397889.21,"Total Cost": 399077.01,"Plan Rows": 475120,"Plan Width": 71,"Actual Startup Time": 10950.105,"Actual Total Time": 10953.954,"Actual Rows": 9,"Actual Loops": 1,"Sort Key": ["orders.o_totalprice DESC", "orders.o_orderdate"],"Sort Method": "quicksort","Sort Space Used": 25,"Sort Space Type": "Memory","Plans": [{"Node Type": "Aggregate","Strategy": "Hashed","Partial Mode": "Simple","Parent Relationship": "Outer","Parallel Aware": false,"Async Capable": false,"Startup Cost": 347151.30,"Total Cost": 353090.30,"Plan Rows": 475120,"Plan Width": 71,"Actual Startup Time": 10902.471,"Actual Total Time": 10953.715,"Actual Rows": 9,"Actual Loops": 1,"Group Key": ["customer.c_custkey", "orders.o_orderkey"],"Planned Partitions": 0,"HashAgg Batches": 1,"Peak Memory Usage": 24601,"Disk Usage": 0,"Plans": [{"Node Type": "Gather","Parent Relationship": "Outer","Parallel Aware": false,"Async Capable": false,"Startup Cost": 216528.94,"Total Cost": 343587.90,"Plan Rows": 475120,"Plan Width": 44,"Actual Startup Time": 10893.800,"Actual Total Time": 10897.693,"Actual Rows": 63,"Actual Loops": 1,"Workers Planned": 3,"Workers Launched": 3,"Single Copy": false,"Plans": [{"Node Type": "Hash Join","Parent Relationship": "Outer","Parallel Aware": true,"Async Capable": false,"Join Type": "Inner","Startup Cost": 215528.94,"Total Cost": 295075.90,"Plan Rows": 153265,"Plan Width": 44,"Actual Startup Time": 10134.253,"Actual Total Time": 10314.794,"Actual Rows": 16,"Actual Loops": 4,"Inner Unique": true,"Hash Cond": "(orders.o_custkey = customer.c_custkey)","Workers": [],"Plans": [{"Node Type": "Nested Loop","Parent Relationship": "Outer","Parallel Aware": false,"Async Capable": false,"Join Type": "Inner","Startup Cost": 210537.69,"Total Cost": 289682.32,"Plan Rows": 153265,"Plan Width": 25,"Actual Startup Time": 10099.687,"Actual Total Time": 10280.153,"Actual Rows": 16,"Actual Loops": 4,"Inner Unique": false,"Workers": [],"Plans": [{"Node Type": "Hash Join","Parent Relationship": "Outer","Parallel Aware": false,"Async Capable": false,"Join Type": "Inner","Startup Cost": 210537.26,"Total Cost": 242741.13,"Plan Rows": 38308,"Plan Width": 24,"Actual Startup Time": 10099.575,"Actual Total Time": 10279.892,"Actual Rows": 2,"Actual Loops": 4,"Inner Unique": true,"Hash Cond": "(orders.o_orderkey = lineitem_1.l_orderkey)","Workers": [],"Plans": [{"Node Type": "Seq Scan","Parent Relationship": "Outer","Parallel Aware": true,"Async Capable": false,"Relation Name": "orders","Alias": "orders","Startup Cost": 0.00,"Total Cost": 30933.71,"Plan Rows": 483871,"Plan Width": 20,"Actual Startup Time": 0.011,"Actual Total Time": 51.627,"Actual Rows": 375000,"Actual Loops": 4,"Workers": []},{"Node Type": "Hash","Parent Relationship": "Inner","Parallel Aware": false,"Async Capable": false,"Startup Cost": 209052.81,"Total Cost": 209052.81,"Plan Rows": 118756,"Plan Width": 4,"Actual Startup Time": 10016.825,"Actual Total Time": 10016.839,"Actual Rows": 9,"Actual Loops": 4,"Hash Buckets": 131072,"Original Hash Buckets": 131072,"Hash Batches": 1,"Original Hash Batches": 1,"Peak Memory Usage": 1025,"Workers": [],"Plans": [{"Node Type": "Aggregate","Strategy": "Hashed","Partial Mode": "Simple","Parent Relationship": "Outer","Parallel Aware": false,"Async Capable": false,"Startup Cost": 202521.23,"Total Cost": 207865.25,"Plan Rows": 118756,"Plan Width": 4,"Actual Startup Time": 6319.140,"Actual Total Time": 10016.671,"Actual Rows": 9,"Actual Loops": 4,"Group Key": ["lineitem_1.l_orderkey"],"Filter": "(sum(lineitem_1.l_quantity) > '315'::numeric)","Planned Partitions": 0,"HashAgg Batches": 1,"Peak Memory Usage": 638993,"Disk Usage": 0,"Rows Removed by Filter": 1499991,"Workers": [{"Worker Number": 0,"HashAgg Batches": 1,"Peak Memory Usage": 638993,"Disk Usage": 0},{"Worker Number": 1,"HashAgg Batches": 1,"Peak Memory Usage": 638993,"Disk Usage": 0},{"Worker Number": 2,"HashAgg Batches": 1,"Peak Memory Usage": 638993,"Disk Usage": 0}],"Plans": [{"Node Type": "Seq Scan","Parent Relationship": "Outer","Parallel Aware": false,"Async Capable": false,"Relation Name": "lineitem","Alias": "lineitem_1","Startup Cost": 0.00,"Total Cost": 172515.15,"Plan Rows": 6001215,"Plan Width": 9,"Actual Startup Time": 0.018,"Actual Total Time": 971.843,"Actual Rows": 6001215,"Actual Loops": 4,"Workers": []}]}]}]},{"Node Type": "Index Scan","Parent Relationship": "Inner","Parallel Aware": false,"Async Capable": false,"Scan Direction": "Forward","Index Name": "idx_lineitem_orderkey","Relation Name": "lineitem","Alias": "lineitem","Startup Cost": 0.43,"Total Cost": 1.06,"Plan Rows": 17,"Plan Width": 9,"Actual Startup Time": 0.069,"Actual Total Time": 0.079,"Actual Rows": 7,"Actual Loops": 9,"Index Cond": "(l_orderkey = orders.o_orderkey)","Rows Removed by Index Recheck": 0,"Workers": []}]},{"Node Type": "Hash","Parent Relationship": "Inner","Parallel Aware": true,"Async Capable": false,"Startup Cost": 4210.00,"Total Cost": 4210.00,"Plan Rows": 62500,"Plan Width": 23,"Actual Startup Time": 33.677,"Actual Total Time": 33.684,"Actual Rows": 37500,"Actual Loops": 4,"Hash Buckets": 262144,"Original Hash Buckets": 262144,"Hash Batches": 1,"Original Hash Batches": 1,"Peak Memory Usage": 10368,"Workers": [],"Plans": [{"Node Type": "Seq Scan","Parent Relationship": "Outer","Parallel Aware": true,"Async Capable": false,"Relation Name": "customer","Alias": "customer","Startup Cost": 0.00,"Total Cost": 4210.00,"Plan Rows": 62500,"Plan Width": 23,"Actual Startup Time": 0.019,"Actual Total Time": 16.715,"Actual Rows": 37500,"Actual Loops": 4,"Workers": []}]}]}]}]}]},"Planning Time": 6.132,"Triggers": [],"Execution Time": 11002.531}]
[{"Plan": {"Node Type": "Sort","Parallel Aware": false,"Async Capable": false,"Startup Cost": 397889.21,"Total Cost": 399077.01,"Plan Rows": 475120,"Plan Width": 71,"Actual Startup Time": 10345.847,"Actual Total Time": 10377.998,"Actual Rows": 9,"Actual Loops": 1,"Sort Key": ["orders.o_totalprice DESC", "orders.o_orderdate"],"Sort Method": "quicksort","Sort Space Used": 25,"Sort Space Type": "Memory","Plans": [{"Node Type": "Aggregate","Strategy": "Hashed","Partial Mode": "Simple","Parent Relationship": "Outer","Parallel Aware": false,"Async Capable": false,"Startup Cost": 347151.30,"Total Cost": 353090.30,"Plan Rows": 475120,"Plan Width": 71,"Actual Startup Time": 10329.232,"Actual Total Time": 10377.856,"Actual Rows": 9,"Actual Loops": 1,"Group Key": ["customer.c_custkey", "orders.o_orderkey"],"Planned Partitions": 0,"HashAgg Batches": 1,"Peak Memory Usage": 24601,"Disk Usage": 0,"Plans": [{"Node Type": "Gather","Parent Relationship": "Outer","Parallel Aware": false,"Async Capable": false,"Startup Cost": 216528.94,"Total Cost": 343587.90,"Plan Rows": 475120,"Plan Width": 44,"Actual Startup Time": 10053.961,"Actual Total Time": 10357.615,"Actual Rows": 63,"Actual Loops": 1,"Workers Planned": 3,"Workers Launched": 3,"Single Copy": false,"Plans": [{"Node Type": "Hash Join","Parent Relationship": "Outer","Parallel Aware": true,"Async Capable": false,"Join Type": "Inner","Startup Cost": 215528.94,"Total Cost": 295075.90,"Plan Rows": 153265,"Plan Width": 44,"Actual Startup Time": 10157.696,"Actual Total Time": 10258.651,"Actual Rows": 16,"Actual Loops": 4,"Inner Unique": true,"Hash Cond": "(orders.o_custkey = customer.c_custkey)","Workers": [],"Plans": [{"Node Type": "Nested Loop","Parent Relationship": "Outer","Parallel Aware": false,"Async Capable": false,"Join Type": "Inner","Startup Cost": 210537.69,"Total Cost": 289682.32,"Plan Rows": 153265,"Plan Width": 25,"Actual Startup Time": 10123.332,"Actual Total Time": 10224.239,"Actual Rows": 16,"Actual Loops": 4,"Inner Unique": false,"Workers": [],"Plans": [{"Node Type": "Hash Join","Parent Relationship": "Outer","Parallel Aware": false,"Async Capable": false,"Join Type": "Inner","Startup Cost": 210537.26,"Total Cost": 242741.13,"Plan Rows": 38308,"Plan Width": 24,"Actual Startup Time": 10123.186,"Actual Total Time": 10223.998,"Actual Rows": 2,"Actual Loops": 4,"Inner Unique": true,"Hash Cond": "(orders.o_orderkey = lineitem_1.l_orderkey)","Workers": [],"Plans": [{"Node Type": "Seq Scan","Parent Relationship": "Outer","Parallel Aware": true,"Async Capable": false,"Relation Name": "orders","Alias": "orders","Startup Cost": 0.00,"Total Cost": 30933.71,"Plan Rows": 483871,"Plan Width": 20,"Actual Startup Time": 0.011,"Actual Total Time": 49.852,"Actual Rows": 375000,"Actual Loops": 4,"Workers": []},{"Node Type": "Hash","Parent Relationship": "Inner","Parallel Aware": false,"Async Capable": false,"Startup Cost": 209052.81,"Total Cost": 209052.81,"Plan Rows": 118756,"Plan Width": 4,"Actual Startup Time": 10005.666,"Actual Total Time": 10005.673,"Actual Rows": 9,"Actual Loops": 4,"Hash Buckets": 131072,"Original Hash Buckets": 131072,"Hash Batches": 1,"Original Hash Batches": 1,"Peak Memory Usage": 1025,"Workers": [],"Plans": [{"Node Type": "Aggregate","Strategy": "Hashed","Partial Mode": "Simple","Parent Relationship": "Outer","Parallel Aware": false,"Async Capable": false,"Startup Cost": 202521.23,"Total Cost": 207865.25,"Plan Rows": 118756,"Plan Width": 4,"Actual Startup Time": 6310.010,"Actual Total Time": 10005.543,"Actual Rows": 9,"Actual Loops": 4,"Group Key": ["lineitem_1.l_orderkey"],"Filter": "(sum(lineitem_1.l_quantity) > '313'::numeric)","Planned Partitions": 0,"HashAgg Batches": 1,"Peak Memory Usage": 638993,"Disk Usage": 0,"Rows Removed by Filter": 1499991,"Workers": [{"Worker Number": 0,"HashAgg Batches": 1,"Peak Memory Usage": 638993,"Disk Usage": 0},{"Worker Number": 1,"HashAgg Batches": 1,"Peak Memory Usage": 638993,"Disk Usage": 0},{"Worker Number": 2,"HashAgg Batches": 1,"Peak Memory Usage": 638993,"Disk Usage": 0}],"Plans": [{"Node Type": "Seq Scan","Parent Relationship": "Outer","Parallel Aware": false,"Async Capable": false,"Relation Name": "lineitem","Alias": "lineitem_1","Startup Cost": 0.00,"Total Cost": 172515.15,"Plan Rows": 6001215,"Plan Width": 9,"Actual Startup Time": 0.020,"Actual Total Time": 994.479,"Actual Rows": 6001215,"Actual Loops": 4,"Workers": []}]}]}]},{"Node Type": "Index Scan","Parent Relationship": "Inner","Parallel Aware": false,"Async Capable": false,"Scan Direction": "Forward","Index Name": "idx_lineitem_orderkey","Relation Name": "lineitem","Alias": "lineitem","Startup Cost": 0.43,"Total Cost": 1.06,"Plan Rows": 17,"Plan Width": 9,"Actual Startup Time": 0.068,"Actual Total Time": 0.075,"Actual Rows": 7,"Actual Loops": 9,"Index Cond": "(l_orderkey = orders.o_orderkey)","Rows Removed by Index Recheck": 0,"Workers": []}]},{"Node Type": "Hash","Parent Relationship": "Inner","Parallel Aware": true,"Async Capable": false,"Startup Cost": 4210.00,"Total Cost": 4210.00,"Plan Rows": 62500,"Plan Width": 23,"Actual Startup Time": 33.578,"Actual Total Time": 33.582,"Actual Rows": 37500,"Actual Loops": 4,"Hash Buckets": 262144,"Original Hash Buckets": 262144,"Hash Batches": 1,"Original Hash Batches": 1,"Peak Memory Usage": 10336,"Workers": [],"Plans": [{"Node Type": "Seq Scan","Parent Relationship": "Outer","Parallel Aware": true,"Async Capable": false,"Relation Name": "customer","Alias": "customer","Startup Cost": 0.00,"Total Cost": 4210.00,"Plan Rows": 62500,"Plan Width": 23,"Actual Startup Time": 0.023,"Actual Total Time": 16.777,"Actual Rows": 37500,"Actual Loops": 4,"Workers": []}]}]}]}]}]},"Planning Time": 6.662,"Triggers": [],"Execution Time": 10430.266}]
[{"Plan": {"Node Type": "Sort","Parallel Aware": false,"Async Capable": false,"Startup Cost": 397889.21,"Total Cost": 399077.01,"Plan Rows": 475120,"Plan Width": 71,"Actual Startup Time": 10345.847,"Actual Total Time": 10377.998,"Actual Rows": 9,"Actual Loops": 1,"Sort Key": ["orders.o_totalprice DESC", "orders.o_orderdate"],"Sort Method": "quicksort","Sort Space Used": 25,"Sort Space Type": "Memory","Plans": [{"Node Type": "Aggregate","Strategy": "Hashed","Partial Mode": "Simple","Parent Relationship": "Outer","Parallel Aware": false,"Async Capable": false,"Startup Cost": 347151.30,"Total Cost": 353090.30,"Plan Rows": 475120,"Plan Width": 71,"Actual Startup Time": 10329.232,"Actual Total Time": 10377.856,"Actual Rows": 9,"Actual Loops": 1,"Group Key": ["customer.c_custkey", "orders.o_orderkey"],"Planned Partitions": 0,"HashAgg Batches": 1,"Peak Memory Usage": 24601,"Disk Usage": 0,"Plans": [{"Node Type": "Gather","Parent Relationship": "Outer","Parallel Aware": false,"Async Capable": false,"Startup Cost": 216528.94,"Total Cost": 343587.90,"Plan Rows": 475120,"Plan Width": 44,"Actual Startup Time": 10053.961,"Actual Total Time": 10357.615,"Actual Rows": 63,"Actual Loops": 1,"Workers Planned": 3,"Workers Launched": 3,"Single Copy": false,"Plans": [{"Node Type": "Hash Join","Parent Relationship": "Outer","Parallel Aware": true,"Async Capable": false,"Join Type": "Inner","Startup Cost": 215528.94,"Total Cost": 295075.90,"Plan Rows": 153265,"Plan Width": 44,"Actual Startup Time": 10157.696,"Actual Total Time": 10258.651,"Actual Rows": 16,"Actual Loops": 4,"Inner Unique": true,"Hash Cond": "(orders.o_custkey = customer.c_custkey)","Workers": [],"Plans": [{"Node Type": "Nested Loop","Parent Relationship": "Outer","Parallel Aware": false,"Async Capable": false,"Join Type": "Inner","Startup Cost": 210537.69,"Total Cost": 289682.32,"Plan Rows": 153265,"Plan Width": 25,"Actual Startup Time": 10123.332,"Actual Total Time": 10224.239,"Actual Rows": 16,"Actual Loops": 4,"Inner Unique": false,"Workers": [],"Plans": [{"Node Type": "Hash Join","Parent Relationship": "Outer","Parallel Aware": false,"Async Capable": false,"Join Type": "Inner","Startup Cost": 210537.26,"Total Cost": 242741.13,"Plan Rows": 38308,"Plan Width": 24,"Actual Startup Time": 10123.186,"Actual Total Time": 10223.998,"Actual Rows": 2,"Actual Loops": 4,"Inner Unique": true,"Hash Cond": "(orders.o_orderkey = lineitem_1.l_orderkey)","Workers": [],"Plans": [{"Node Type": "Seq Scan","Parent Relationship": "Outer","Parallel Aware": true,"Async Capable": false,"Relation Name": "orders","Alias": "orders","Startup Cost": 0.00,"Total Cost": 30933.71,"Plan Rows": 483871,"Plan Width": 20,"Actual Startup Time": 0.011,"Actual Total Time": 49.852,"Actual Rows": 375000,"Actual Loops": 4,"Workers": []},{"Node Type": "Hash","Parent Relationship": "Inner","Parallel Aware": false,"Async Capable": false,"Startup Cost": 209052.81,"Total Cost": 209052.81,"Plan Rows": 118756,"Plan Width": 4,"Actual Startup Time": 10005.666,"Actual Total Time": 10005.673,"Actual Rows": 9,"Actual Loops": 4,"Hash Buckets": 131072,"Original Hash Buckets": 131072,"Hash Batches": 1,"Original Hash Batches": 1,"Peak Memory Usage": 1025,"Workers": [],"Plans": [{"Node Type": "Aggregate","Strategy": "Hashed","Partial Mode": "Simple","Parent Relationship": "Outer","Parallel Aware": false,"Async Capable": false,"Startup Cost": 202521.23,"Total Cost": 207865.25,"Plan Rows": 118756,"Plan Width": 4,"Actual Startup Time": 6310.010,"Actual Total Time": 10005.543,"Actual Rows": 9,"Actual Loops": 4,"Group Key": ["lineitem_1.l_orderkey"],"Filter": "(sum(lineitem_1.l_quantity) > '313'::numeric)","Planned Partitions": 0,"HashAgg Batches": 1,"Peak Memory Usage": 638993,"Disk Usage": 0,"Rows Removed by Filter": 1499991,"Workers": [{"Worker Number": 0,"HashAgg Batches": 1,"Peak Memory Usage": 638993,"Disk Usage": 0},{"Worker Number": 1,"HashAgg Batches": 1,"Peak Memory Usage": 638993,"Disk Usage": 0},{"Worker Number": 2,"HashAgg Batches": 1,"Peak Memory Usage": 638993,"Disk Usage": 0}],"Plans": [{"Node Type": "Seq Scan","Parent Relationship": "Outer","Parallel Aware": false,"Async Capable": false,"Relation Name": "lineitem","Alias": "lineitem_1","Startup Cost": 0.00,"Total Cost": 172515.15,"Plan Rows": 6001215,"Plan Width": 9,"Actual Startup Time": 0.020,"Actual Total Time": 994.479,"Actual Rows": 6001215,"Actual Loops": 4,"Workers": []}]}]}]},{"Node Type": "Index Scan","Parent Relationship": "Inner","Parallel Aware": false,"Async Capable": false,"Scan Direction": "Forward","Index Name": "idx_lineitem_orderkey","Relation Name": "lineitem","Alias": "lineitem","Startup Cost": 0.43,"Total Cost": 1.06,"Plan Rows": 17,"Plan Width": 9,"Actual Startup Time": 0.068,"Actual Total Time": 0.075,"Actual Rows": 7,"Actual Loops": 9,"Index Cond": "(l_orderkey = orders.o_orderkey)","Rows Removed by Index Recheck": 0,"Workers": []}]},{"Node Type": "Hash","Parent Relationship": "Inner","Parallel Aware": true,"Async Capable": false,"Startup Cost": 4210.00,"Total Cost": 4210.00,"Plan Rows": 62500,"Plan Width": 23,"Actual Startup Time": 33.578,"Actual Total Time": 33.582,"Actual Rows": 37500,"Actual Loops": 4,"Hash Buckets": 262144,"Original Hash Buckets": 262144,"Hash Batches": 1,"Original Hash Batches": 1,"Peak Memory Usage": 10336,"Workers": [],"Plans": [{"Node Type": "Seq Scan","Parent Relationship": "Outer","Parallel Aware": true,"Async Capable": false,"Relation Name": "customer","Alias": "customer","Startup Cost": 0.00,"Total Cost": 4210.00,"Plan Rows": 62500,"Plan Width": 23,"Actual Startup Time": 0.023,"Actual Total Time": 16.777,"Actual Rows": 37500,"Actual Loops": 4,"Workers": []}]}]}]}]}]},"Planning Time": 6.662,"Triggers": [],"Execution Time": 10430.266}]
[{"Plan": {"Node Type": "Sort","Parallel Aware": false,"Async Capable": false,"Startup Cost": 397889.21,"Total Cost": 399077.01,"Plan Rows": 475120,"Plan Width": 71,"Actual Startup Time": 10950.105,"Actual Total Time": 10953.954,"Actual Rows": 9,"Actual Loops": 1,"Sort Key": ["orders.o_totalprice DESC", "orders.o_orderdate"],"Sort Method": "quicksort","Sort Space Used": 25,"Sort Space Type": "Memory","Plans": [{"Node Type": "Aggregate","Strategy": "Hashed","Partial Mode": "Simple","Parent Relationship": "Outer","Parallel Aware": false,"Async Capable": false,"Startup Cost": 347151.30,"Total Cost": 353090.30,"Plan Rows": 475120,"Plan Width": 71,"Actual Startup Time": 10902.471,"Actual Total Time": 10953.715,"Actual Rows": 9,"Actual Loops": 1,"Group Key": ["customer.c_custkey", "orders.o_orderkey"],"Planned Partitions": 0,"HashAgg Batches": 1,"Peak Memory Usage": 24601,"Disk Usage": 0,"Plans": [{"Node Type": "Gather","Parent Relationship": "Outer","Parallel Aware": false,"Async Capable": false,"Startup Cost": 216528.94,"Total Cost": 343587.90,"Plan Rows": 475120,"Plan Width": 44,"Actual Startup Time": 10893.800,"Actual Total Time": 10897.693,"Actual Rows": 63,"Actual Loops": 1,"Workers Planned": 3,"Workers Launched": 3,"Single Copy": false,"Plans": [{"Node Type": "Hash Join","Parent Relationship": "Outer","Parallel Aware": true,"Async Capable": false,"Join Type": "Inner","Startup Cost": 215528.94,"Total Cost": 295075.90,"Plan Rows": 153265,"Plan Width": 44,"Actual Startup Time": 10134.253,"Actual Total Time": 10314.794,"Actual Rows": 16,"Actual Loops": 4,"Inner Unique": true,"Hash Cond": "(orders.o_custkey = customer.c_custkey)","Workers": [],"Plans": [{"Node Type": "Nested Loop","Parent Relationship": "Outer","Parallel Aware": false,"Async Capable": false,"Join Type": "Inner","Startup Cost": 210537.69,"Total Cost": 289682.32,"Plan Rows": 153265,"Plan Width": 25,"Actual Startup Time": 10099.687,"Actual Total Time": 10280.153,"Actual Rows": 16,"Actual Loops": 4,"Inner Unique": false,"Workers": [],"Plans": [{"Node Type": "Hash Join","Parent Relationship": "Outer","Parallel Aware": false,"Async Capable": false,"Join Type": "Inner","Startup Cost": 210537.26,"Total Cost": 242741.13,"Plan Rows": 38308,"Plan Width": 24,"Actual Startup Time": 10099.575,"Actual Total Time": 10279.892,"Actual Rows": 2,"Actual Loops": 4,"Inner Unique": true,"Hash Cond": "(orders.o_orderkey = lineitem_1.l_orderkey)","Workers": [],"Plans": [{"Node Type": "Seq Scan","Parent Relationship": "Outer","Parallel Aware": true,"Async Capable": false,"Relation Name": "orders","Alias": "orders","Startup Cost": 0.00,"Total Cost": 30933.71,"Plan Rows": 483871,"Plan Width": 20,"Actual Startup Time": 0.011,"Actual Total Time": 51.627,"Actual Rows": 375000,"Actual Loops": 4,"Workers": []},{"Node Type": "Hash","Parent Relationship": "Inner","Parallel Aware": false,"Async Capable": false,"Startup Cost": 209052.81,"Total Cost": 209052.81,"Plan Rows": 118756,"Plan Width": 4,"Actual Startup Time": 10016.825,"Actual Total Time": 10016.839,"Actual Rows": 9,"Actual Loops": 4,"Hash Buckets": 131072,"Original Hash Buckets": 131072,"Hash Batches": 1,"Original Hash Batches": 1,"Peak Memory Usage": 1025,"Workers": [],"Plans": [{"Node Type": "Aggregate","Strategy": "Hashed","Partial Mode": "Simple","Parent Relationship": "Outer","Parallel Aware": false,"Async Capable": false,"Startup Cost": 202521.23,"Total Cost": 207865.25,"Plan Rows": 118756,"Plan Width": 4,"Actual Startup Time": 6319.140,"Actual Total Time": 10016.671,"Actual Rows": 9,"Actual Loops": 4,"Group Key": ["lineitem_1.l_orderkey"],"Filter": "(sum(lineitem_1.l_quantity) > '315'::numeric)","Planned Partitions": 0,"HashAgg Batches": 1,"Peak Memory Usage": 638993,"Disk Usage": 0,"Rows Removed by Filter": 1499991,"Workers": [{"Worker Number": 0,"HashAgg Batches": 1,"Peak Memory Usage": 638993,"Disk Usage": 0},{"Worker Number": 1,"HashAgg Batches": 1,"Peak Memory Usage": 638993,"Disk Usage": 0},{"Worker Number": 2,"HashAgg Batches": 1,"Peak Memory Usage": 638993,"Disk Usage": 0}],"Plans": [{"Node Type": "Seq Scan","Parent Relationship": "Outer","Parallel Aware": false,"Async Capable": false,"Relation Name": "lineitem","Alias": "lineitem_1","Startup Cost": 0.00,"Total Cost": 172515.15,"Plan Rows": 6001215,"Plan Width": 9,"Actual Startup Time": 0.018,"Actual Total Time": 971.843,"Actual Rows": 6001215,"Actual Loops": 4,"Workers": []}]}]}]},{"Node Type": "Index Scan","Parent Relationship": "Inner","Parallel Aware": false,"Async Capable": false,"Scan Direction": "Forward","Index Name": "idx_lineitem_orderkey","Relation Name": "lineitem","Alias": "lineitem","Startup Cost": 0.43,"Total Cost": 1.06,"Plan Rows": 17,"Plan Width": 9,"Actual Startup Time": 0.069,"Actual Total Time": 0.079,"Actual Rows": 7,"Actual Loops": 9,"Index Cond": "(l_orderkey = orders.o_orderkey)","Rows Removed by Index Recheck": 0,"Workers": []}]},{"Node Type": "Hash","Parent Relationship": "Inner","Parallel Aware": true,"Async Capable": false,"Startup Cost": 4210.00,"Total Cost": 4210.00,"Plan Rows": 62500,"Plan Width": 23,"Actual Startup Time": 33.677,"Actual Total Time": 33.684,"Actual Rows": 37500,"Actual Loops": 4,"Hash Buckets": 262144,"Original Hash Buckets": 262144,"Hash Batches": 1,"Original Hash Batches": 1,"Peak Memory Usage": 10368,"Workers": [],"Plans": [{"Node Type": "Seq Scan","Parent Relationship": "Outer","Parallel Aware": true,"Async Capable": false,"Relation Name": "customer","Alias": "customer","Startup Cost": 0.00,"Total Cost": 4210.00,"Plan Rows": 62500,"Plan Width": 23,"Actual Startup Time": 0.019,"Actual Total Time": 16.715,"Actual Rows": 37500,"Actual Loops": 4,"Workers": []}]}]}]}]}]},"Planning Time": 6.132,"Triggers": [],"Execution Time": 11002.531}]
[{"Plan": {"Node Type": "Sort","Parallel Aware": false,"Async Capable": false,"Startup Cost": 397889.21,"Total Cost": 399077.01,"Plan Rows": 475120,"Plan Width": 71,"Actual Startup Time": 10345.847,"Actual Total Time": 10377.998,"Actual Rows": 9,"Actual Loops": 1,"Sort Key": ["orders.o_totalprice DESC", "orders.o_orderdate"],"Sort Method": "quicksort","Sort Space Used": 25,"Sort Space Type": "Memory","Plans": [{"Node Type": "Aggregate","Strategy": "Hashed","Partial Mode": "Simple","Parent Relationship": "Outer","Parallel Aware": false,"Async Capable": false,"Startup Cost": 347151.30,"Total Cost": 353090.30,"Plan Rows": 475120,"Plan Width": 71,"Actual Startup Time": 10329.232,"Actual Total Time": 10377.856,"Actual Rows": 9,"Actual Loops": 1,"Group Key": ["customer.c_custkey", "orders.o_orderkey"],"Planned Partitions": 0,"HashAgg Batches": 1,"Peak Memory Usage": 24601,"Disk Usage": 0,"Plans": [{"Node Type": "Gather","Parent Relationship": "Outer","Parallel Aware": false,"Async Capable": false,"Startup Cost": 216528.94,"Total Cost": 343587.90,"Plan Rows": 475120,"Plan Width": 44,"Actual Startup Time": 10053.961,"Actual Total Time": 10357.615,"Actual Rows": 63,"Actual Loops": 1,"Workers Planned": 3,"Workers Launched": 3,"Single Copy": false,"Plans": [{"Node Type": "Hash Join","Parent Relationship": "Outer","Parallel Aware": true,"Async Capable": false,"Join Type": "Inner","Startup Cost": 215528.94,"Total Cost": 295075.90,"Plan Rows": 153265,"Plan Width": 44,"Actual Startup Time": 10157.696,"Actual Total Time": 10258.651,"Actual Rows": 16,"Actual Loops": 4,"Inner Unique": true,"Hash Cond": "(orders.o_custkey = customer.c_custkey)","Workers": [],"Plans": [{"Node Type": "Nested Loop","Parent Relationship": "Outer","Parallel Aware": false,"Async Capable": false,"Join Type": "Inner","Startup Cost": 210537.69,"Total Cost": 289682.32,"Plan Rows": 153265,"Plan Width": 25,"Actual Startup Time": 10123.332,"Actual Total Time": 10224.239,"Actual Rows": 16,"Actual Loops": 4,"Inner Unique": false,"Workers": [],"Plans": [{"Node Type": "Hash Join","Parent Relationship": "Outer","Parallel Aware": false,"Async Capable": false,"Join Type": "Inner","Startup Cost": 210537.26,"Total Cost": 242741.13,"Plan Rows": 38308,"Plan Width": 24,"Actual Startup Time": 10123.186,"Actual Total Time": 10223.998,"Actual Rows": 2,"Actual Loops": 4,"Inner Unique": true,"Hash Cond": "(orders.o_orderkey = lineitem_1.l_orderkey)","Workers": [],"Plans": [{"Node Type": "Seq Scan","Parent Relationship": "Outer","Parallel Aware": true,"Async Capable": false,"Relation Name": "orders","Alias": "orders","Startup Cost": 0.00,"Total Cost": 30933.71,"Plan Rows": 483871,"Plan Width": 20,"Actual Startup Time": 0.011,"Actual Total Time": 49.852,"Actual Rows": 375000,"Actual Loops": 4,"Workers": []},{"Node Type": "Hash","Parent Relationship": "Inner","Parallel Aware": false,"Async Capable": false,"Startup Cost": 209052.81,"Total Cost": 209052.81,"Plan Rows": 118756,"Plan Width": 4,"Actual Startup Time": 10005.666,"Actual Total Time": 10005.673,"Actual Rows": 9,"Actual Loops": 4,"Hash Buckets": 131072,"Original Hash Buckets": 131072,"Hash Batches": 1,"Original Hash Batches": 1,"Peak Memory Usage": 1025,"Workers": [],"Plans": [{"Node Type": "Aggregate","Strategy": "Hashed","Partial Mode": "Simple","Parent Relationship": "Outer","Parallel Aware": false,"Async Capable": false,"Startup Cost": 202521.23,"Total Cost": 207865.25,"Plan Rows": 118756,"Plan Width": 4,"Actual Startup Time": 6310.010,"Actual Total Time": 10005.543,"Actual Rows": 9,"Actual Loops": 4,"Group Key": ["lineitem_1.l_orderkey"],"Filter": "(sum(lineitem_1.l_quantity) > '313'::numeric)","Planned Partitions": 0,"HashAgg Batches": 1,"Peak Memory Usage": 638993,"Disk Usage": 0,"Rows Removed by Filter": 1499991,"Workers": [{"Worker Number": 0,"HashAgg Batches": 1,"Peak Memory Usage": 638993,"Disk Usage": 0},{"Worker Number": 1,"HashAgg Batches": 1,"Peak Memory Usage": 638993,"Disk Usage": 0},{"Worker Number": 2,"HashAgg Batches": 1,"Peak Memory Usage": 638993,"Disk Usage": 0}],"Plans": [{"Node Type": "Seq Scan","Parent Relationship": "Outer","Parallel Aware": false,"Async Capable": false,"Relation Name": "lineitem","Alias": "lineitem_1","Startup Cost": 0.00,"Total Cost": 172515.15,"Plan Rows": 6001215,"Plan Width": 9,"Actual Startup Time": 0.020,"Actual Total Time": 994.479,"Actual Rows": 6001215,"Actual Loops": 4,"Workers": []}]}]}]},{"Node Type": "Index Scan","Parent Relationship": "Inner","Parallel Aware": false,"Async Capable": false,"Scan Direction": "Forward","Index Name": "idx_lineitem_orderkey","Relation Name": "lineitem","Alias": "lineitem","Startup Cost": 0.43,"Total Cost": 1.06,"Plan Rows": 17,"Plan Width": 9,"Actual Startup Time": 0.068,"Actual Total Time": 0.075,"Actual Rows": 7,"Actual Loops": 9,"Index Cond": "(l_orderkey = orders.o_orderkey)","Rows Removed by Index Recheck": 0,"Workers": []}]},{"Node Type": "Hash","Parent Relationship": "Inner","Parallel Aware": true,"Async Capable": false,"Startup Cost": 4210.00,"Total Cost": 4210.00,"Plan Rows": 62500,"Plan Width": 23,"Actual Startup Time": 33.578,"Actual Total Time": 33.582,"Actual Rows": 37500,"Actual Loops": 4,"Hash Buckets": 262144,"Original Hash Buckets": 262144,"Hash Batches": 1,"Original Hash Batches": 1,"Peak Memory Usage": 10336,"Workers": [],"Plans": [{"Node Type": "Seq Scan","Parent Relationship": "Outer","Parallel Aware": true,"Async Capable": false,"Relation Name": "customer","Alias": "customer","Startup Cost": 0.00,"Total Cost": 4210.00,"Plan Rows": 62500,"Plan Width": 23,"Actual Startup Time": 0.023,"Actual Total Time": 16.777,"Actual Rows": 37500,"Actual Loops": 4,"Workers": []}]}]}]}]}]},"Planning Time": 6.662,"Triggers": [],"Execution Time": 10430.266}]
[{"Plan": {"Node Type": "Sort","Parallel Aware": false,"Async Capable": false,"Startup Cost": 397889.21,"Total Cost": 399077.01,"Plan Rows": 475120,"Plan Width": 71,"Actual Startup Time": 10887.509,"Actual Total Time": 10908.132,"Actual Rows": 10,"Actual Loops": 1,"Sort Key": ["orders.o_totalprice DESC", "orders.o_orderdate"],"Sort Method": "quicksort","Sort Space Used": 25,"Sort Space Type": "Memory","Plans": [{"Node Type": "Aggregate","Strategy": "Hashed","Partial Mode": "Simple","Parent Relationship": "Outer","Parallel Aware": false,"Async Capable": false,"Startup Cost": 347151.30,"Total Cost": 353090.30,"Plan Rows": 475120,"Plan Width": 71,"Actual Startup Time": 10848.812,"Actual Total Time": 10907.941,"Actual Rows": 10,"Actual Loops": 1,"Group Key": ["customer.c_custkey", "orders.o_orderkey"],"Planned Partitions": 0,"HashAgg Batches": 1,"Peak Memory Usage": 24601,"Disk Usage": 0,"Plans": [{"Node Type": "Gather","Parent Relationship": "Outer","Parallel Aware": false,"Async Capable": false,"Startup Cost": 216528.94,"Total Cost": 343587.90,"Plan Rows": 475120,"Plan Width": 44,"Actual Startup Time": 10782.037,"Actual Total Time": 10858.151,"Actual Rows": 70,"Actual Loops": 1,"Workers Planned": 3,"Workers Launched": 3,"Single Copy": false,"Plans": [{"Node Type": "Hash Join","Parent Relationship": "Outer","Parallel Aware": true,"Async Capable": false,"Join Type": "Inner","Startup Cost": 215528.94,"Total Cost": 295075.90,"Plan Rows": 153265,"Plan Width": 44,"Actual Startup Time": 10180.765,"Actual Total Time": 10348.312,"Actual Rows": 18,"Actual Loops": 4,"Inner Unique": true,"Hash Cond": "(orders.o_custkey = customer.c_custkey)","Workers": [],"Plans": [{"Node Type": "Nested Loop","Parent Relationship": "Outer","Parallel Aware": false,"Async Capable": false,"Join Type": "Inner","Startup Cost": 210537.69,"Total Cost": 289682.32,"Plan Rows": 153265,"Plan Width": 25,"Actual Startup Time": 10142.809,"Actual Total Time": 10310.270,"Actual Rows": 18,"Actual Loops": 4,"Inner Unique": false,"Workers": [],"Plans": [{"Node Type": "Hash Join","Parent Relationship": "Outer","Parallel Aware": false,"Async Capable": false,"Join Type": "Inner","Startup Cost": 210537.26,"Total Cost": 242741.13,"Plan Rows": 38308,"Plan Width": 24,"Actual Startup Time": 10142.670,"Actual Total Time": 10309.991,"Actual Rows": 2,"Actual Loops": 4,"Inner Unique": true,"Hash Cond": "(orders.o_orderkey = lineitem_1.l_orderkey)","Workers": [],"Plans": [{"Node Type": "Seq Scan","Parent Relationship": "Outer","Parallel Aware": true,"Async Capable": false,"Relation Name": "orders","Alias": "orders","Startup Cost": 0.00,"Total Cost": 30933.71,"Plan Rows": 483871,"Plan Width": 20,"Actual Startup Time": 0.009,"Actual Total Time": 49.040,"Actual Rows": 375000,"Actual Loops": 4,"Workers": []},{"Node Type": "Hash","Parent Relationship": "Inner","Parallel Aware": false,"Async Capable": false,"Startup Cost": 209052.81,"Total Cost": 209052.81,"Plan Rows": 118756,"Plan Width": 4,"Actual Startup Time": 10075.163,"Actual Total Time": 10075.176,"Actual Rows": 10,"Actual Loops": 4,"Hash Buckets": 131072,"Original Hash Buckets": 131072,"Hash Batches": 1,"Original Hash Batches": 1,"Peak Memory Usage": 1025,"Workers": [],"Plans": [{"Node Type": "Aggregate","Strategy": "Hashed","Partial Mode": "Simple","Parent Relationship": "Outer","Parallel Aware": false,"Async Capable": false,"Startup Cost": 202521.23,"Total Cost": 207865.25,"Plan Rows": 118756,"Plan Width": 4,"Actual Startup Time": 6293.151,"Actual Total Time": 10074.968,"Actual Rows": 10,"Actual Loops": 4,"Group Key": ["lineitem_1.l_orderkey"],"Filter": "(sum(lineitem_1.l_quantity) > '312'::numeric)","Planned Partitions": 0,"HashAgg Batches": 1,"Peak Memory Usage": 638993,"Disk Usage": 0,"Rows Removed by Filter": 1499990,"Workers": [{"Worker Number": 0,"HashAgg Batches": 1,"Peak Memory Usage": 638993,"Disk Usage": 0},{"Worker Number": 1,"HashAgg Batches": 1,"Peak Memory Usage": 638993,"Disk Usage": 0},{"Worker Number": 2,"HashAgg Batches": 1,"Peak Memory Usage": 638993,"Disk Usage": 0}],"Plans": [{"Node Type": "Seq Scan","Parent Relationship": "Outer","Parallel Aware": false,"Async Capable": false,"Relation Name": "lineitem","Alias": "lineitem_1","Startup Cost": 0.00,"Total Cost": 172515.15,"Plan Rows": 6001215,"Plan Width": 9,"Actual Startup Time": 0.021,"Actual Total Time": 960.546,"Actual Rows": 6001215,"Actual Loops": 4,"Workers": []}]}]}]},{"Node Type": "Index Scan","Parent Relationship": "Inner","Parallel Aware": false,"Async Capable": false,"Scan Direction": "Forward","Index Name": "idx_lineitem_orderkey","Relation Name": "lineitem","Alias": "lineitem","Startup Cost": 0.43,"Total Cost": 1.06,"Plan Rows": 17,"Plan Width": 9,"Actual Startup Time": 0.072,"Actual Total Time": 0.079,"Actual Rows": 7,"Actual Loops": 10,"Index Cond": "(l_orderkey = orders.o_orderkey)","Rows Removed by Index Recheck": 0,"Workers": []}]},{"Node Type": "Hash","Parent Relationship": "Inner","Parallel Aware": true,"Async Capable": false,"Startup Cost": 4210.00,"Total Cost": 4210.00,"Plan Rows": 62500,"Plan Width": 23,"Actual Startup Time": 37.105,"Actual Total Time": 37.114,"Actual Rows": 37500,"Actual Loops": 4,"Hash Buckets": 262144,"Original Hash Buckets": 262144,"Hash Batches": 1,"Original Hash Batches": 1,"Peak Memory Usage": 10368,"Workers": [],"Plans": [{"Node Type": "Seq Scan","Parent Relationship": "Outer","Parallel Aware": true,"Async Capable": false,"Relation Name": "customer","Alias": "customer","Startup Cost": 0.00,"Total Cost": 4210.00,"Plan Rows": 62500,"Plan Width": 23,"Actual Startup Time": 0.025,"Actual Total Time": 19.726,"Actual Rows": 37500,"Actual Loops": 4,"Workers": []}]}]}]}]}]},"Planning Time": 6.715,"Triggers": [],"Execution Time": 10961.817}]
[{"Plan": {"Node Type": "Sort","Parallel Aware": false,"Async Capable": false,"Startup Cost": 397889.21,"Total Cost": 399077.01,"Plan Rows": 475120,"Plan Width": 71,"Actual Startup Time": 10950.105,"Actual Total Time": 10953.954,"Actual Rows": 9,"Actual Loops": 1,"Sort Key": ["orders.o_totalprice DESC", "orders.o_orderdate"],"Sort Method": "quicksort","Sort Space Used": 25,"Sort Space Type": "Memory","Plans": [{"Node Type": "Aggregate","Strategy": "Hashed","Partial Mode": "Simple","Parent Relationship": "Outer","Parallel Aware": false,"Async Capable": false,"Startup Cost": 347151.30,"Total Cost": 353090.30,"Plan Rows": 475120,"Plan Width": 71,"Actual Startup Time": 10902.471,"Actual Total Time": 10953.715,"Actual Rows": 9,"Actual Loops": 1,"Group Key": ["customer.c_custkey", "orders.o_orderkey"],"Planned Partitions": 0,"HashAgg Batches": 1,"Peak Memory Usage": 24601,"Disk Usage": 0,"Plans": [{"Node Type": "Gather","Parent Relationship": "Outer","Parallel Aware": false,"Async Capable": false,"Startup Cost": 216528.94,"Total Cost": 343587.90,"Plan Rows": 475120,"Plan Width": 44,"Actual Startup Time": 10893.800,"Actual Total Time": 10897.693,"Actual Rows": 63,"Actual Loops": 1,"Workers Planned": 3,"Workers Launched": 3,"Single Copy": false,"Plans": [{"Node Type": "Hash Join","Parent Relationship": "Outer","Parallel Aware": true,"Async Capable": false,"Join Type": "Inner","Startup Cost": 215528.94,"Total Cost": 295075.90,"Plan Rows": 153265,"Plan Width": 44,"Actual Startup Time": 10134.253,"Actual Total Time": 10314.794,"Actual Rows": 16,"Actual Loops": 4,"Inner Unique": true,"Hash Cond": "(orders.o_custkey = customer.c_custkey)","Workers": [],"Plans": [{"Node Type": "Nested Loop","Parent Relationship": "Outer","Parallel Aware": false,"Async Capable": false,"Join Type": "Inner","Startup Cost": 210537.69,"Total Cost": 289682.32,"Plan Rows": 153265,"Plan Width": 25,"Actual Startup Time": 10099.687,"Actual Total Time": 10280.153,"Actual Rows": 16,"Actual Loops": 4,"Inner Unique": false,"Workers": [],"Plans": [{"Node Type": "Hash Join","Parent Relationship": "Outer","Parallel Aware": false,"Async Capable": false,"Join Type": "Inner","Startup Cost": 210537.26,"Total Cost": 242741.13,"Plan Rows": 38308,"Plan Width": 24,"Actual Startup Time": 10099.575,"Actual Total Time": 10279.892,"Actual Rows": 2,"Actual Loops": 4,"Inner Unique": true,"Hash Cond": "(orders.o_orderkey = lineitem_1.l_orderkey)","Workers": [],"Plans": [{"Node Type": "Seq Scan","Parent Relationship": "Outer","Parallel Aware": true,"Async Capable": false,"Relation Name": "orders","Alias": "orders","Startup Cost": 0.00,"Total Cost": 30933.71,"Plan Rows": 483871,"Plan Width": 20,"Actual Startup Time": 0.011,"Actual Total Time": 51.627,"Actual Rows": 375000,"Actual Loops": 4,"Workers": []},{"Node Type": "Hash","Parent Relationship": "Inner","Parallel Aware": false,"Async Capable": false,"Startup Cost": 209052.81,"Total Cost": 209052.81,"Plan Rows": 118756,"Plan Width": 4,"Actual Startup Time": 10016.825,"Actual Total Time": 10016.839,"Actual Rows": 9,"Actual Loops": 4,"Hash Buckets": 131072,"Original Hash Buckets": 131072,"Hash Batches": 1,"Original Hash Batches": 1,"Peak Memory Usage": 1025,"Workers": [],"Plans": [{"Node Type": "Aggregate","Strategy": "Hashed","Partial Mode": "Simple","Parent Relationship": "Outer","Parallel Aware": false,"Async Capable": false,"Startup Cost": 202521.23,"Total Cost": 207865.25,"Plan Rows": 118756,"Plan Width": 4,"Actual Startup Time": 6319.140,"Actual Total Time": 10016.671,"Actual Rows": 9,"Actual Loops": 4,"Group Key": ["lineitem_1.l_orderkey"],"Filter": "(sum(lineitem_1.l_quantity) > '315'::numeric)","Planned Partitions": 0,"HashAgg Batches": 1,"Peak Memory Usage": 638993,"Disk Usage": 0,"Rows Removed by Filter": 1499991,"Workers": [{"Worker Number": 0,"HashAgg Batches": 1,"Peak Memory Usage": 638993,"Disk Usage": 0},{"Worker Number": 1,"HashAgg Batches": 1,"Peak Memory Usage": 638993,"Disk Usage": 0},{"Worker Number": 2,"HashAgg Batches": 1,"Peak Memory Usage": 638993,"Disk Usage": 0}],"Plans": [{"Node Type": "Seq Scan","Parent Relationship": "Outer","Parallel Aware": false,"Async Capable": false,"Relation Name": "lineitem","Alias": "lineitem_1","Startup Cost": 0.00,"Total Cost": 172515.15,"Plan Rows": 6001215,"Plan Width": 9,"Actual Startup Time": 0.018,"Actual Total Time": 971.843,"Actual Rows": 6001215,"Actual Loops": 4,"Workers": []}]}]}]},{"Node Type": "Index Scan","Parent Relationship": "Inner","Parallel Aware": false,"Async Capable": false,"Scan Direction": "Forward","Index Name": "idx_lineitem_orderkey","Relation Name": "lineitem","Alias": "lineitem","Startup Cost": 0.43,"Total Cost": 1.06,"Plan Rows": 17,"Plan Width": 9,"Actual Startup Time": 0.069,"Actual Total Time": 0.079,"Actual Rows": 7,"Actual Loops": 9,"Index Cond": "(l_orderkey = orders.o_orderkey)","Rows Removed by Index Recheck": 0,"Workers": []}]},{"Node Type": "Hash","Parent Relationship": "Inner","Parallel Aware": true,"Async Capable": false,"Startup Cost": 4210.00,"Total Cost": 4210.00,"Plan Rows": 62500,"Plan Width": 23,"Actual Startup Time": 33.677,"Actual Total Time": 33.684,"Actual Rows": 37500,"Actual Loops": 4,"Hash Buckets": 262144,"Original Hash Buckets": 262144,"Hash Batches": 1,"Original Hash Batches": 1,"Peak Memory Usage": 10368,"Workers": [],"Plans": [{"Node Type": "Seq Scan","Parent Relationship": "Outer","Parallel Aware": true,"Async Capable": false,"Relation Name": "customer","Alias": "customer","Startup Cost": 0.00,"Total Cost": 4210.00,"Plan Rows": 62500,"Plan Width": 23,"Actual Startup Time": 0.019,"Actual Total Time": 16.715,"Actual Rows": 37500,"Actual Loops": 4,"Workers": []}]}]}]}]}]},"Planning Time": 6.132,"Triggers": [],"Execution Time": 11002.531}]
[{"Plan": {"Node Type": "Sort","Parallel Aware": false,"Async Capable": false,"Startup Cost": 397889.21,"Total Cost": 399077.01,"Plan Rows": 475120,"Plan Width": 71,"Actual Startup Time": 10887.509,"Actual Total Time": 10908.132,"Actual Rows": 10,"Actual Loops": 1,"Sort Key": ["orders.o_totalprice DESC", "orders.o_orderdate"],"Sort Method": "quicksort","Sort Space Used": 25,"Sort Space Type": "Memory","Plans": [{"Node Type": "Aggregate","Strategy": "Hashed","Partial Mode": "Simple","Parent Relationship": "Outer","Parallel Aware": false,"Async Capable": false,"Startup Cost": 347151.30,"Total Cost": 353090.30,"Plan Rows": 475120,"Plan Width": 71,"Actual Startup Time": 10848.812,"Actual Total Time": 10907.941,"Actual Rows": 10,"Actual Loops": 1,"Group Key": ["customer.c_custkey", "orders.o_orderkey"],"Planned Partitions": 0,"HashAgg Batches": 1,"Peak Memory Usage": 24601,"Disk Usage": 0,"Plans": [{"Node Type": "Gather","Parent Relationship": "Outer","Parallel Aware": false,"Async Capable": false,"Startup Cost": 216528.94,"Total Cost": 343587.90,"Plan Rows": 475120,"Plan Width": 44,"Actual Startup Time": 10782.037,"Actual Total Time": 10858.151,"Actual Rows": 70,"Actual Loops": 1,"Workers Planned": 3,"Workers Launched": 3,"Single Copy": false,"Plans": [{"Node Type": "Hash Join","Parent Relationship": "Outer","Parallel Aware": true,"Async Capable": false,"Join Type": "Inner","Startup Cost": 215528.94,"Total Cost": 295075.90,"Plan Rows": 153265,"Plan Width": 44,"Actual Startup Time": 10180.765,"Actual Total Time": 10348.312,"Actual Rows": 18,"Actual Loops": 4,"Inner Unique": true,"Hash Cond": "(orders.o_custkey = customer.c_custkey)","Workers": [],"Plans": [{"Node Type": "Nested Loop","Parent Relationship": "Outer","Parallel Aware": false,"Async Capable": false,"Join Type": "Inner","Startup Cost": 210537.69,"Total Cost": 289682.32,"Plan Rows": 153265,"Plan Width": 25,"Actual Startup Time": 10142.809,"Actual Total Time": 10310.270,"Actual Rows": 18,"Actual Loops": 4,"Inner Unique": false,"Workers": [],"Plans": [{"Node Type": "Hash Join","Parent Relationship": "Outer","Parallel Aware": false,"Async Capable": false,"Join Type": "Inner","Startup Cost": 210537.26,"Total Cost": 242741.13,"Plan Rows": 38308,"Plan Width": 24,"Actual Startup Time": 10142.670,"Actual Total Time": 10309.991,"Actual Rows": 2,"Actual Loops": 4,"Inner Unique": true,"Hash Cond": "(orders.o_orderkey = lineitem_1.l_orderkey)","Workers": [],"Plans": [{"Node Type": "Seq Scan","Parent Relationship": "Outer","Parallel Aware": true,"Async Capable": false,"Relation Name": "orders","Alias": "orders","Startup Cost": 0.00,"Total Cost": 30933.71,"Plan Rows": 483871,"Plan Width": 20,"Actual Startup Time": 0.009,"Actual Total Time": 49.040,"Actual Rows": 375000,"Actual Loops": 4,"Workers": []},{"Node Type": "Hash","Parent Relationship": "Inner","Parallel Aware": false,"Async Capable": false,"Startup Cost": 209052.81,"Total Cost": 209052.81,"Plan Rows": 118756,"Plan Width": 4,"Actual Startup Time": 10075.163,"Actual Total Time": 10075.176,"Actual Rows": 10,"Actual Loops": 4,"Hash Buckets": 131072,"Original Hash Buckets": 131072,"Hash Batches": 1,"Original Hash Batches": 1,"Peak Memory Usage": 1025,"Workers": [],"Plans": [{"Node Type": "Aggregate","Strategy": "Hashed","Partial Mode": "Simple","Parent Relationship": "Outer","Parallel Aware": false,"Async Capable": false,"Startup Cost": 202521.23,"Total Cost": 207865.25,"Plan Rows": 118756,"Plan Width": 4,"Actual Startup Time": 6293.151,"Actual Total Time": 10074.968,"Actual Rows": 10,"Actual Loops": 4,"Group Key": ["lineitem_1.l_orderkey"],"Filter": "(sum(lineitem_1.l_quantity) > '312'::numeric)","Planned Partitions": 0,"HashAgg Batches": 1,"Peak Memory Usage": 638993,"Disk Usage": 0,"Rows Removed by Filter": 1499990,"Workers": [{"Worker Number": 0,"HashAgg Batches": 1,"Peak Memory Usage": 638993,"Disk Usage": 0},{"Worker Number": 1,"HashAgg Batches": 1,"Peak Memory Usage": 638993,"Disk Usage": 0},{"Worker Number": 2,"HashAgg Batches": 1,"Peak Memory Usage": 638993,"Disk Usage": 0}],"Plans": [{"Node Type": "Seq Scan","Parent Relationship": "Outer","Parallel Aware": false,"Async Capable": false,"Relation Name": "lineitem","Alias": "lineitem_1","Startup Cost": 0.00,"Total Cost": 172515.15,"Plan Rows": 6001215,"Plan Width": 9,"Actual Startup Time": 0.021,"Actual Total Time": 960.546,"Actual Rows": 6001215,"Actual Loops": 4,"Workers": []}]}]}]},{"Node Type": "Index Scan","Parent Relationship": "Inner","Parallel Aware": false,"Async Capable": false,"Scan Direction": "Forward","Index Name": "idx_lineitem_orderkey","Relation Name": "lineitem","Alias": "lineitem","Startup Cost": 0.43,"Total Cost": 1.06,"Plan Rows": 17,"Plan Width": 9,"Actual Startup Time": 0.072,"Actual Total Time": 0.079,"Actual Rows": 7,"Actual Loops": 10,"Index Cond": "(l_orderkey = orders.o_orderkey)","Rows Removed by Index Recheck": 0,"Workers": []}]},{"Node Type": "Hash","Parent Relationship": "Inner","Parallel Aware": true,"Async Capable": false,"Startup Cost": 4210.00,"Total Cost": 4210.00,"Plan Rows": 62500,"Plan Width": 23,"Actual Startup Time": 37.105,"Actual Total Time": 37.114,"Actual Rows": 37500,"Actual Loops": 4,"Hash Buckets": 262144,"Original Hash Buckets": 262144,"Hash Batches": 1,"Original Hash Batches": 1,"Peak Memory Usage": 10368,"Workers": [],"Plans": [{"Node Type": "Seq Scan","Parent Relationship": "Outer","Parallel Aware": true,"Async Capable": false,"Relation Name": "customer","Alias": "customer","Startup Cost": 0.00,"Total Cost": 4210.00,"Plan Rows": 62500,"Plan Width": 23,"Actual Startup Time": 0.025,"Actual Total Time": 19.726,"Actual Rows": 37500,"Actual Loops": 4,"Workers": []}]}]}]}]}]},"Planning Time": 6.715,"Triggers": [],"Execution Time": 10961.817}]
[{"Plan": {"Node Type": "Sort","Parallel Aware": false,"Async Capable": false,"Startup Cost": 397889.21,"Total Cost": 399077.01,"Plan Rows": 475120,"Plan Width": 71,"Actual Startup Time": 10887.509,"Actual Total Time": 10908.132,"Actual Rows": 10,"Actual Loops": 1,"Sort Key": ["orders.o_totalprice DESC", "orders.o_orderdate"],"Sort Method": "quicksort","Sort Space Used": 25,"Sort Space Type": "Memory","Plans": [{"Node Type": "Aggregate","Strategy": "Hashed","Partial Mode": "Simple","Parent Relationship": "Outer","Parallel Aware": false,"Async Capable": false,"Startup Cost": 347151.30,"Total Cost": 353090.30,"Plan Rows": 475120,"Plan Width": 71,"Actual Startup Time": 10848.812,"Actual Total Time": 10907.941,"Actual Rows": 10,"Actual Loops": 1,"Group Key": ["customer.c_custkey", "orders.o_orderkey"],"Planned Partitions": 0,"HashAgg Batches": 1,"Peak Memory Usage": 24601,"Disk Usage": 0,"Plans": [{"Node Type": "Gather","Parent Relationship": "Outer","Parallel Aware": false,"Async Capable": false,"Startup Cost": 216528.94,"Total Cost": 343587.90,"Plan Rows": 475120,"Plan Width": 44,"Actual Startup Time": 10782.037,"Actual Total Time": 10858.151,"Actual Rows": 70,"Actual Loops": 1,"Workers Planned": 3,"Workers Launched": 3,"Single Copy": false,"Plans": [{"Node Type": "Hash Join","Parent Relationship": "Outer","Parallel Aware": true,"Async Capable": false,"Join Type": "Inner","Startup Cost": 215528.94,"Total Cost": 295075.90,"Plan Rows": 153265,"Plan Width": 44,"Actual Startup Time": 10180.765,"Actual Total Time": 10348.312,"Actual Rows": 18,"Actual Loops": 4,"Inner Unique": true,"Hash Cond": "(orders.o_custkey = customer.c_custkey)","Workers": [],"Plans": [{"Node Type": "Nested Loop","Parent Relationship": "Outer","Parallel Aware": false,"Async Capable": false,"Join Type": "Inner","Startup Cost": 210537.69,"Total Cost": 289682.32,"Plan Rows": 153265,"Plan Width": 25,"Actual Startup Time": 10142.809,"Actual Total Time": 10310.270,"Actual Rows": 18,"Actual Loops": 4,"Inner Unique": false,"Workers": [],"Plans": [{"Node Type": "Hash Join","Parent Relationship": "Outer","Parallel Aware": false,"Async Capable": false,"Join Type": "Inner","Startup Cost": 210537.26,"Total Cost": 242741.13,"Plan Rows": 38308,"Plan Width": 24,"Actual Startup Time": 10142.670,"Actual Total Time": 10309.991,"Actual Rows": 2,"Actual Loops": 4,"Inner Unique": true,"Hash Cond": "(orders.o_orderkey = lineitem_1.l_orderkey)","Workers": [],"Plans": [{"Node Type": "Seq Scan","Parent Relationship": "Outer","Parallel Aware": true,"Async Capable": false,"Relation Name": "orders","Alias": "orders","Startup Cost": 0.00,"Total Cost": 30933.71,"Plan Rows": 483871,"Plan Width": 20,"Actual Startup Time": 0.009,"Actual Total Time": 49.040,"Actual Rows": 375000,"Actual Loops": 4,"Workers": []},{"Node Type": "Hash","Parent Relationship": "Inner","Parallel Aware": false,"Async Capable": false,"Startup Cost": 209052.81,"Total Cost": 209052.81,"Plan Rows": 118756,"Plan Width": 4,"Actual Startup Time": 10075.163,"Actual Total Time": 10075.176,"Actual Rows": 10,"Actual Loops": 4,"Hash Buckets": 131072,"Original Hash Buckets": 131072,"Hash Batches": 1,"Original Hash Batches": 1,"Peak Memory Usage": 1025,"Workers": [],"Plans": [{"Node Type": "Aggregate","Strategy": "Hashed","Partial Mode": "Simple","Parent Relationship": "Outer","Parallel Aware": false,"Async Capable": false,"Startup Cost": 202521.23,"Total Cost": 207865.25,"Plan Rows": 118756,"Plan Width": 4,"Actual Startup Time": 6293.151,"Actual Total Time": 10074.968,"Actual Rows": 10,"Actual Loops": 4,"Group Key": ["lineitem_1.l_orderkey"],"Filter": "(sum(lineitem_1.l_quantity) > '312'::numeric)","Planned Partitions": 0,"HashAgg Batches": 1,"Peak Memory Usage": 638993,"Disk Usage": 0,"Rows Removed by Filter": 1499990,"Workers": [{"Worker Number": 0,"HashAgg Batches": 1,"Peak Memory Usage": 638993,"Disk Usage": 0},{"Worker Number": 1,"HashAgg Batches": 1,"Peak Memory Usage": 638993,"Disk Usage": 0},{"Worker Number": 2,"HashAgg Batches": 1,"Peak Memory Usage": 638993,"Disk Usage": 0}],"Plans": [{"Node Type": "Seq Scan","Parent Relationship": "Outer","Parallel Aware": false,"Async Capable": false,"Relation Name": "lineitem","Alias": "lineitem_1","Startup Cost": 0.00,"Total Cost": 172515.15,"Plan Rows": 6001215,"Plan Width": 9,"Actual Startup Time": 0.021,"Actual Total Time": 960.546,"Actual Rows": 6001215,"Actual Loops": 4,"Workers": []}]}]}]},{"Node Type": "Index Scan","Parent Relationship": "Inner","Parallel Aware": false,"Async Capable": false,"Scan Direction": "Forward","Index Name": "idx_lineitem_orderkey","Relation Name": "lineitem","Alias": "lineitem","Startup Cost": 0.43,"Total Cost": 1.06,"Plan Rows": 17,"Plan Width": 9,"Actual Startup Time": 0.072,"Actual Total Time": 0.079,"Actual Rows": 7,"Actual Loops": 10,"Index Cond": "(l_orderkey = orders.o_orderkey)","Rows Removed by Index Recheck": 0,"Workers": []}]},{"Node Type": "Hash","Parent Relationship": "Inner","Parallel Aware": true,"Async Capable": false,"Startup Cost": 4210.00,"Total Cost": 4210.00,"Plan Rows": 62500,"Plan Width": 23,"Actual Startup Time": 37.105,"Actual Total Time": 37.114,"Actual Rows": 37500,"Actual Loops": 4,"Hash Buckets": 262144,"Original Hash Buckets": 262144,"Hash Batches": 1,"Original Hash Batches": 1,"Peak Memory Usage": 10368,"Workers": [],"Plans": [{"Node Type": "Seq Scan","Parent Relationship": "Outer","Parallel Aware": true,"Async Capable": false,"Relation Name": "customer","Alias": "customer","Startup Cost": 0.00,"Total Cost": 4210.00,"Plan Rows": 62500,"Plan Width": 23,"Actual Startup Time": 0.025,"Actual Total Time": 19.726,"Actual Rows": 37500,"Actual Loops": 4,"Workers": []}]}]}]}]}]},"Planning Time": 6.715,"Triggers": [],"Execution Time": 10961.817}]
[{"Plan": {"Node Type": "Sort","Parallel Aware": false,"Async Capable": false,"Startup Cost": 397889.21,"Total Cost": 399077.01,"Plan Rows": 475120,"Plan Width": 71,"Actual Startup Time": 10887.509,"Actual Total Time": 10908.132,"Actual Rows": 10,"Actual Loops": 1,"Sort Key": ["orders.o_totalprice DESC", "orders.o_orderdate"],"Sort Method": "quicksort","Sort Space Used": 25,"Sort Space Type": "Memory","Plans": [{"Node Type": "Aggregate","Strategy": "Hashed","Partial Mode": "Simple","Parent Relationship": "Outer","Parallel Aware": false,"Async Capable": false,"Startup Cost": 347151.30,"Total Cost": 353090.30,"Plan Rows": 475120,"Plan Width": 71,"Actual Startup Time": 10848.812,"Actual Total Time": 10907.941,"Actual Rows": 10,"Actual Loops": 1,"Group Key": ["customer.c_custkey", "orders.o_orderkey"],"Planned Partitions": 0,"HashAgg Batches": 1,"Peak Memory Usage": 24601,"Disk Usage": 0,"Plans": [{"Node Type": "Gather","Parent Relationship": "Outer","Parallel Aware": false,"Async Capable": false,"Startup Cost": 216528.94,"Total Cost": 343587.90,"Plan Rows": 475120,"Plan Width": 44,"Actual Startup Time": 10782.037,"Actual Total Time": 10858.151,"Actual Rows": 70,"Actual Loops": 1,"Workers Planned": 3,"Workers Launched": 3,"Single Copy": false,"Plans": [{"Node Type": "Hash Join","Parent Relationship": "Outer","Parallel Aware": true,"Async Capable": false,"Join Type": "Inner","Startup Cost": 215528.94,"Total Cost": 295075.90,"Plan Rows": 153265,"Plan Width": 44,"Actual Startup Time": 10180.765,"Actual Total Time": 10348.312,"Actual Rows": 18,"Actual Loops": 4,"Inner Unique": true,"Hash Cond": "(orders.o_custkey = customer.c_custkey)","Workers": [],"Plans": [{"Node Type": "Nested Loop","Parent Relationship": "Outer","Parallel Aware": false,"Async Capable": false,"Join Type": "Inner","Startup Cost": 210537.69,"Total Cost": 289682.32,"Plan Rows": 153265,"Plan Width": 25,"Actual Startup Time": 10142.809,"Actual Total Time": 10310.270,"Actual Rows": 18,"Actual Loops": 4,"Inner Unique": false,"Workers": [],"Plans": [{"Node Type": "Hash Join","Parent Relationship": "Outer","Parallel Aware": false,"Async Capable": false,"Join Type": "Inner","Startup Cost": 210537.26,"Total Cost": 242741.13,"Plan Rows": 38308,"Plan Width": 24,"Actual Startup Time": 10142.670,"Actual Total Time": 10309.991,"Actual Rows": 2,"Actual Loops": 4,"Inner Unique": true,"Hash Cond": "(orders.o_orderkey = lineitem_1.l_orderkey)","Workers": [],"Plans": [{"Node Type": "Seq Scan","Parent Relationship": "Outer","Parallel Aware": true,"Async Capable": false,"Relation Name": "orders","Alias": "orders","Startup Cost": 0.00,"Total Cost": 30933.71,"Plan Rows": 483871,"Plan Width": 20,"Actual Startup Time": 0.009,"Actual Total Time": 49.040,"Actual Rows": 375000,"Actual Loops": 4,"Workers": []},{"Node Type": "Hash","Parent Relationship": "Inner","Parallel Aware": false,"Async Capable": false,"Startup Cost": 209052.81,"Total Cost": 209052.81,"Plan Rows": 118756,"Plan Width": 4,"Actual Startup Time": 10075.163,"Actual Total Time": 10075.176,"Actual Rows": 10,"Actual Loops": 4,"Hash Buckets": 131072,"Original Hash Buckets": 131072,"Hash Batches": 1,"Original Hash Batches": 1,"Peak Memory Usage": 1025,"Workers": [],"Plans": [{"Node Type": "Aggregate","Strategy": "Hashed","Partial Mode": "Simple","Parent Relationship": "Outer","Parallel Aware": false,"Async Capable": false,"Startup Cost": 202521.23,"Total Cost": 207865.25,"Plan Rows": 118756,"Plan Width": 4,"Actual Startup Time": 6293.151,"Actual Total Time": 10074.968,"Actual Rows": 10,"Actual Loops": 4,"Group Key": ["lineitem_1.l_orderkey"],"Filter": "(sum(lineitem_1.l_quantity) > '312'::numeric)","Planned Partitions": 0,"HashAgg Batches": 1,"Peak Memory Usage": 638993,"Disk Usage": 0,"Rows Removed by Filter": 1499990,"Workers": [{"Worker Number": 0,"HashAgg Batches": 1,"Peak Memory Usage": 638993,"Disk Usage": 0},{"Worker Number": 1,"HashAgg Batches": 1,"Peak Memory Usage": 638993,"Disk Usage": 0},{"Worker Number": 2,"HashAgg Batches": 1,"Peak Memory Usage": 638993,"Disk Usage": 0}],"Plans": [{"Node Type": "Seq Scan","Parent Relationship": "Outer","Parallel Aware": false,"Async Capable": false,"Relation Name": "lineitem","Alias": "lineitem_1","Startup Cost": 0.00,"Total Cost": 172515.15,"Plan Rows": 6001215,"Plan Width": 9,"Actual Startup Time": 0.021,"Actual Total Time": 960.546,"Actual Rows": 6001215,"Actual Loops": 4,"Workers": []}]}]}]},{"Node Type": "Index Scan","Parent Relationship": "Inner","Parallel Aware": false,"Async Capable": false,"Scan Direction": "Forward","Index Name": "idx_lineitem_orderkey","Relation Name": "lineitem","Alias": "lineitem","Startup Cost": 0.43,"Total Cost": 1.06,"Plan Rows": 17,"Plan Width": 9,"Actual Startup Time": 0.072,"Actual Total Time": 0.079,"Actual Rows": 7,"Actual Loops": 10,"Index Cond": "(l_orderkey = orders.o_orderkey)","Rows Removed by Index Recheck": 0,"Workers": []}]},{"Node Type": "Hash","Parent Relationship": "Inner","Parallel Aware": true,"Async Capable": false,"Startup Cost": 4210.00,"Total Cost": 4210.00,"Plan Rows": 62500,"Plan Width": 23,"Actual Startup Time": 37.105,"Actual Total Time": 37.114,"Actual Rows": 37500,"Actual Loops": 4,"Hash Buckets": 262144,"Original Hash Buckets": 262144,"Hash Batches": 1,"Original Hash Batches": 1,"Peak Memory Usage": 10368,"Workers": [],"Plans": [{"Node Type": "Seq Scan","Parent Relationship": "Outer","Parallel Aware": true,"Async Capable": false,"Relation Name": "customer","Alias": "customer","Startup Cost": 0.00,"Total Cost": 4210.00,"Plan Rows": 62500,"Plan Width": 23,"Actual Startup Time": 0.025,"Actual Total Time": 19.726,"Actual Rows": 37500,"Actual Loops": 4,"Workers": []}]}]}]}]}]},"Planning Time": 6.715,"Triggers": [],"Execution Time": 10961.817}]
[{"Plan": {"Node Type": "Sort","Parallel Aware": false,"Async Capable": false,"Startup Cost": 397889.21,"Total Cost": 399077.01,"Plan Rows": 475120,"Plan Width": 71,"Actual Startup Time": 10950.105,"Actual Total Time": 10953.954,"Actual Rows": 9,"Actual Loops": 1,"Sort Key": ["orders.o_totalprice DESC", "orders.o_orderdate"],"Sort Method": "quicksort","Sort Space Used": 25,"Sort Space Type": "Memory","Plans": [{"Node Type": "Aggregate","Strategy": "Hashed","Partial Mode": "Simple","Parent Relationship": "Outer","Parallel Aware": false,"Async Capable": false,"Startup Cost": 347151.30,"Total Cost": 353090.30,"Plan Rows": 475120,"Plan Width": 71,"Actual Startup Time": 10902.471,"Actual Total Time": 10953.715,"Actual Rows": 9,"Actual Loops": 1,"Group Key": ["customer.c_custkey", "orders.o_orderkey"],"Planned Partitions": 0,"HashAgg Batches": 1,"Peak Memory Usage": 24601,"Disk Usage": 0,"Plans": [{"Node Type": "Gather","Parent Relationship": "Outer","Parallel Aware": false,"Async Capable": false,"Startup Cost": 216528.94,"Total Cost": 343587.90,"Plan Rows": 475120,"Plan Width": 44,"Actual Startup Time": 10893.800,"Actual Total Time": 10897.693,"Actual Rows": 63,"Actual Loops": 1,"Workers Planned": 3,"Workers Launched": 3,"Single Copy": false,"Plans": [{"Node Type": "Hash Join","Parent Relationship": "Outer","Parallel Aware": true,"Async Capable": false,"Join Type": "Inner","Startup Cost": 215528.94,"Total Cost": 295075.90,"Plan Rows": 153265,"Plan Width": 44,"Actual Startup Time": 10134.253,"Actual Total Time": 10314.794,"Actual Rows": 16,"Actual Loops": 4,"Inner Unique": true,"Hash Cond": "(orders.o_custkey = customer.c_custkey)","Workers": [],"Plans": [{"Node Type": "Nested Loop","Parent Relationship": "Outer","Parallel Aware": false,"Async Capable": false,"Join Type": "Inner","Startup Cost": 210537.69,"Total Cost": 289682.32,"Plan Rows": 153265,"Plan Width": 25,"Actual Startup Time": 10099.687,"Actual Total Time": 10280.153,"Actual Rows": 16,"Actual Loops": 4,"Inner Unique": false,"Workers": [],"Plans": [{"Node Type": "Hash Join","Parent Relationship": "Outer","Parallel Aware": false,"Async Capable": false,"Join Type": "Inner","Startup Cost": 210537.26,"Total Cost": 242741.13,"Plan Rows": 38308,"Plan Width": 24,"Actual Startup Time": 10099.575,"Actual Total Time": 10279.892,"Actual Rows": 2,"Actual Loops": 4,"Inner Unique": true,"Hash Cond": "(orders.o_orderkey = lineitem_1.l_orderkey)","Workers": [],"Plans": [{"Node Type": "Seq Scan","Parent Relationship": "Outer","Parallel Aware": true,"Async Capable": false,"Relation Name": "orders","Alias": "orders","Startup Cost": 0.00,"Total Cost": 30933.71,"Plan Rows": 483871,"Plan Width": 20,"Actual Startup Time": 0.011,"Actual Total Time": 51.627,"Actual Rows": 375000,"Actual Loops": 4,"Workers": []},{"Node Type": "Hash","Parent Relationship": "Inner","Parallel Aware": false,"Async Capable": false,"Startup Cost": 209052.81,"Total Cost": 209052.81,"Plan Rows": 118756,"Plan Width": 4,"Actual Startup Time": 10016.825,"Actual Total Time": 10016.839,"Actual Rows": 9,"Actual Loops": 4,"Hash Buckets": 131072,"Original Hash Buckets": 131072,"Hash Batches": 1,"Original Hash Batches": 1,"Peak Memory Usage": 1025,"Workers": [],"Plans": [{"Node Type": "Aggregate","Strategy": "Hashed","Partial Mode": "Simple","Parent Relationship": "Outer","Parallel Aware": false,"Async Capable": false,"Startup Cost": 202521.23,"Total Cost": 207865.25,"Plan Rows": 118756,"Plan Width": 4,"Actual Startup Time": 6319.140,"Actual Total Time": 10016.671,"Actual Rows": 9,"Actual Loops": 4,"Group Key": ["lineitem_1.l_orderkey"],"Filter": "(sum(lineitem_1.l_quantity) > '315'::numeric)","Planned Partitions": 0,"HashAgg Batches": 1,"Peak Memory Usage": 638993,"Disk Usage": 0,"Rows Removed by Filter": 1499991,"Workers": [{"Worker Number": 0,"HashAgg Batches": 1,"Peak Memory Usage": 638993,"Disk Usage": 0},{"Worker Number": 1,"HashAgg Batches": 1,"Peak Memory Usage": 638993,"Disk Usage": 0},{"Worker Number": 2,"HashAgg Batches": 1,"Peak Memory Usage": 638993,"Disk Usage": 0}],"Plans": [{"Node Type": "Seq Scan","Parent Relationship": "Outer","Parallel Aware": false,"Async Capable": false,"Relation Name": "lineitem","Alias": "lineitem_1","Startup Cost": 0.00,"Total Cost": 172515.15,"Plan Rows": 6001215,"Plan Width": 9,"Actual Startup Time": 0.018,"Actual Total Time": 971.843,"Actual Rows": 6001215,"Actual Loops": 4,"Workers": []}]}]}]},{"Node Type": "Index Scan","Parent Relationship": "Inner","Parallel Aware": false,"Async Capable": false,"Scan Direction": "Forward","Index Name": "idx_lineitem_orderkey","Relation Name": "lineitem","Alias": "lineitem","Startup Cost": 0.43,"Total Cost": 1.06,"Plan Rows": 17,"Plan Width": 9,"Actual Startup Time": 0.069,"Actual Total Time": 0.079,"Actual Rows": 7,"Actual Loops": 9,"Index Cond": "(l_orderkey = orders.o_orderkey)","Rows Removed by Index Recheck": 0,"Workers": []}]},{"Node Type": "Hash","Parent Relationship": "Inner","Parallel Aware": true,"Async Capable": false,"Startup Cost": 4210.00,"Total Cost": 4210.00,"Plan Rows": 62500,"Plan Width": 23,"Actual Startup Time": 33.677,"Actual Total Time": 33.684,"Actual Rows": 37500,"Actual Loops": 4,"Hash Buckets": 262144,"Original Hash Buckets": 262144,"Hash Batches": 1,"Original Hash Batches": 1,"Peak Memory Usage": 10368,"Workers": [],"Plans": [{"Node Type": "Seq Scan","Parent Relationship": "Outer","Parallel Aware": true,"Async Capable": false,"Relation Name": "customer","Alias": "customer","Startup Cost": 0.00,"Total Cost": 4210.00,"Plan Rows": 62500,"Plan Width": 23,"Actual Startup Time": 0.019,"Actual Total Time": 16.715,"Actual Rows": 37500,"Actual Loops": 4,"Workers": []}]}]}]}]}]},"Planning Time": 6.132,"Triggers": [],"Execution Time": 11002.531}]
[{"Plan": {"Node Type": "Sort","Parallel Aware": false,"Async Capable": false,"Startup Cost": 397889.21,"Total Cost": 399077.01,"Plan Rows": 475120,"Plan Width": 71,"Actual Startup Time": 10785.011,"Actual Total Time": 10839.032,"Actual Rows": 9,"Actual Loops": 1,"Sort Key": ["orders.o_totalprice DESC", "orders.o_orderdate"],"Sort Method": "quicksort","Sort Space Used": 25,"Sort Space Type": "Memory","Plans": [{"Node Type": "Aggregate","Strategy": "Hashed","Partial Mode": "Simple","Parent Relationship": "Outer","Parallel Aware": false,"Async Capable": false,"Startup Cost": 347151.30,"Total Cost": 353090.30,"Plan Rows": 475120,"Plan Width": 71,"Actual Startup Time": 10763.855,"Actual Total Time": 10838.848,"Actual Rows": 9,"Actual Loops": 1,"Group Key": ["customer.c_custkey", "orders.o_orderkey"],"Planned Partitions": 0,"HashAgg Batches": 1,"Peak Memory Usage": 24601,"Disk Usage": 0,"Plans": [{"Node Type": "Gather","Parent Relationship": "Outer","Parallel Aware": false,"Async Capable": false,"Startup Cost": 216528.94,"Total Cost": 343587.90,"Plan Rows": 475120,"Plan Width": 44,"Actual Startup Time": 9674.071,"Actual Total Time": 10813.470,"Actual Rows": 63,"Actual Loops": 1,"Workers Planned": 3,"Workers Launched": 3,"Single Copy": false,"Plans": [{"Node Type": "Hash Join","Parent Relationship": "Outer","Parallel Aware": true,"Async Capable": false,"Join Type": "Inner","Startup Cost": 215528.94,"Total Cost": 295075.90,"Plan Rows": 153265,"Plan Width": 44,"Actual Startup Time": 10141.072,"Actual Total Time": 10312.965,"Actual Rows": 16,"Actual Loops": 4,"Inner Unique": true,"Hash Cond": "(orders.o_custkey = customer.c_custkey)","Workers": [],"Plans": [{"Node Type": "Nested Loop","Parent Relationship": "Outer","Parallel Aware": false,"Async Capable": false,"Join Type": "Inner","Startup Cost": 210537.69,"Total Cost": 289682.32,"Plan Rows": 153265,"Plan Width": 25,"Actual Startup Time": 10104.129,"Actual Total Time": 10275.947,"Actual Rows": 16,"Actual Loops": 4,"Inner Unique": false,"Workers": [],"Plans": [{"Node Type": "Hash Join","Parent Relationship": "Outer","Parallel Aware": false,"Async Capable": false,"Join Type": "Inner","Startup Cost": 210537.26,"Total Cost": 242741.13,"Plan Rows": 38308,"Plan Width": 24,"Actual Startup Time": 10104.052,"Actual Total Time": 10275.739,"Actual Rows": 2,"Actual Loops": 4,"Inner Unique": true,"Hash Cond": "(orders.o_orderkey = lineitem_1.l_orderkey)","Workers": [],"Plans": [{"Node Type": "Seq Scan","Parent Relationship": "Outer","Parallel Aware": true,"Async Capable": false,"Relation Name": "orders","Alias": "orders","Startup Cost": 0.00,"Total Cost": 30933.71,"Plan Rows": 483871,"Plan Width": 20,"Actual Startup Time": 0.007,"Actual Total Time": 53.689,"Actual Rows": 375000,"Actual Loops": 4,"Workers": []},{"Node Type": "Hash","Parent Relationship": "Inner","Parallel Aware": false,"Async Capable": false,"Startup Cost": 209052.81,"Total Cost": 209052.81,"Plan Rows": 118756,"Plan Width": 4,"Actual Startup Time": 10025.157,"Actual Total Time": 10025.166,"Actual Rows": 9,"Actual Loops": 4,"Hash Buckets": 131072,"Original Hash Buckets": 131072,"Hash Batches": 1,"Original Hash Batches": 1,"Peak Memory Usage": 1025,"Workers": [],"Plans": [{"Node Type": "Aggregate","Strategy": "Hashed","Partial Mode": "Simple","Parent Relationship": "Outer","Parallel Aware": false,"Async Capable": false,"Startup Cost": 202521.23,"Total Cost": 207865.25,"Plan Rows": 118756,"Plan Width": 4,"Actual Startup Time": 6285.839,"Actual Total Time": 10024.981,"Actual Rows": 9,"Actual Loops": 4,"Group Key": ["lineitem_1.l_orderkey"],"Filter": "(sum(lineitem_1.l_quantity) > '314'::numeric)","Planned Partitions": 0,"HashAgg Batches": 1,"Peak Memory Usage": 638993,"Disk Usage": 0,"Rows Removed by Filter": 1499991,"Workers": [{"Worker Number": 0,"HashAgg Batches": 1,"Peak Memory Usage": 638993,"Disk Usage": 0},{"Worker Number": 1,"HashAgg Batches": 1,"Peak Memory Usage": 638993,"Disk Usage": 0},{"Worker Number": 2,"HashAgg Batches": 1,"Peak Memory Usage": 638993,"Disk Usage": 0}],"Plans": [{"Node Type": "Seq Scan","Parent Relationship": "Outer","Parallel Aware": false,"Async Capable": false,"Relation Name": "lineitem","Alias": "lineitem_1","Startup Cost": 0.00,"Total Cost": 172515.15,"Plan Rows": 6001215,"Plan Width": 9,"Actual Startup Time": 0.019,"Actual Total Time": 931.752,"Actual Rows": 6001215,"Actual Loops": 4,"Workers": []}]}]}]},{"Node Type": "Index Scan","Parent Relationship": "Inner","Parallel Aware": false,"Async Capable": false,"Scan Direction": "Forward","Index Name": "idx_lineitem_orderkey","Relation Name": "lineitem","Alias": "lineitem","Startup Cost": 0.43,"Total Cost": 1.06,"Plan Rows": 17,"Plan Width": 9,"Actual Startup Time": 0.055,"Actual Total Time": 0.062,"Actual Rows": 7,"Actual Loops": 9,"Index Cond": "(l_orderkey = orders.o_orderkey)","Rows Removed by Index Recheck": 0,"Workers": []}]},{"Node Type": "Hash","Parent Relationship": "Inner","Parallel Aware": true,"Async Capable": false,"Startup Cost": 4210.00,"Total Cost": 4210.00,"Plan Rows": 62500,"Plan Width": 23,"Actual Startup Time": 36.172,"Actual Total Time": 36.190,"Actual Rows": 37500,"Actual Loops": 4,"Hash Buckets": 262144,"Original Hash Buckets": 262144,"Hash Batches": 1,"Original Hash Batches": 1,"Peak Memory Usage": 10336,"Workers": [],"Plans": [{"Node Type": "Seq Scan","Parent Relationship": "Outer","Parallel Aware": true,"Async Capable": false,"Relation Name": "customer","Alias": "customer","Startup Cost": 0.00,"Total Cost": 4210.00,"Plan Rows": 62500,"Plan Width": 23,"Actual Startup Time": 0.024,"Actual Total Time": 17.933,"Actual Rows": 37500,"Actual Loops": 4,"Workers": []}]}]}]}]}]},"Planning Time": 6.881,"Triggers": [],"Execution Time": 10893.482}]
[{"Plan": {"Node Type": "Sort","Parallel Aware": false,"Async Capable": false,"Startup Cost": 397889.21,"Total Cost": 399077.01,"Plan Rows": 475120,"Plan Width": 71,"Actual Startup Time": 10887.509,"Actual Total Time": 10908.132,"Actual Rows": 10,"Actual Loops": 1,"Sort Key": ["orders.o_totalprice DESC", "orders.o_orderdate"],"Sort Method": "quicksort","Sort Space Used": 25,"Sort Space Type": "Memory","Plans": [{"Node Type": "Aggregate","Strategy": "Hashed","Partial Mode": "Simple","Parent Relationship": "Outer","Parallel Aware": false,"Async Capable": false,"Startup Cost": 347151.30,"Total Cost": 353090.30,"Plan Rows": 475120,"Plan Width": 71,"Actual Startup Time": 10848.812,"Actual Total Time": 10907.941,"Actual Rows": 10,"Actual Loops": 1,"Group Key": ["customer.c_custkey", "orders.o_orderkey"],"Planned Partitions": 0,"HashAgg Batches": 1,"Peak Memory Usage": 24601,"Disk Usage": 0,"Plans": [{"Node Type": "Gather","Parent Relationship": "Outer","Parallel Aware": false,"Async Capable": false,"Startup Cost": 216528.94,"Total Cost": 343587.90,"Plan Rows": 475120,"Plan Width": 44,"Actual Startup Time": 10782.037,"Actual Total Time": 10858.151,"Actual Rows": 70,"Actual Loops": 1,"Workers Planned": 3,"Workers Launched": 3,"Single Copy": false,"Plans": [{"Node Type": "Hash Join","Parent Relationship": "Outer","Parallel Aware": true,"Async Capable": false,"Join Type": "Inner","Startup Cost": 215528.94,"Total Cost": 295075.90,"Plan Rows": 153265,"Plan Width": 44,"Actual Startup Time": 10180.765,"Actual Total Time": 10348.312,"Actual Rows": 18,"Actual Loops": 4,"Inner Unique": true,"Hash Cond": "(orders.o_custkey = customer.c_custkey)","Workers": [],"Plans": [{"Node Type": "Nested Loop","Parent Relationship": "Outer","Parallel Aware": false,"Async Capable": false,"Join Type": "Inner","Startup Cost": 210537.69,"Total Cost": 289682.32,"Plan Rows": 153265,"Plan Width": 25,"Actual Startup Time": 10142.809,"Actual Total Time": 10310.270,"Actual Rows": 18,"Actual Loops": 4,"Inner Unique": false,"Workers": [],"Plans": [{"Node Type": "Hash Join","Parent Relationship": "Outer","Parallel Aware": false,"Async Capable": false,"Join Type": "Inner","Startup Cost": 210537.26,"Total Cost": 242741.13,"Plan Rows": 38308,"Plan Width": 24,"Actual Startup Time": 10142.670,"Actual Total Time": 10309.991,"Actual Rows": 2,"Actual Loops": 4,"Inner Unique": true,"Hash Cond": "(orders.o_orderkey = lineitem_1.l_orderkey)","Workers": [],"Plans": [{"Node Type": "Seq Scan","Parent Relationship": "Outer","Parallel Aware": true,"Async Capable": false,"Relation Name": "orders","Alias": "orders","Startup Cost": 0.00,"Total Cost": 30933.71,"Plan Rows": 483871,"Plan Width": 20,"Actual Startup Time": 0.009,"Actual Total Time": 49.040,"Actual Rows": 375000,"Actual Loops": 4,"Workers": []},{"Node Type": "Hash","Parent Relationship": "Inner","Parallel Aware": false,"Async Capable": false,"Startup Cost": 209052.81,"Total Cost": 209052.81,"Plan Rows": 118756,"Plan Width": 4,"Actual Startup Time": 10075.163,"Actual Total Time": 10075.176,"Actual Rows": 10,"Actual Loops": 4,"Hash Buckets": 131072,"Original Hash Buckets": 131072,"Hash Batches": 1,"Original Hash Batches": 1,"Peak Memory Usage": 1025,"Workers": [],"Plans": [{"Node Type": "Aggregate","Strategy": "Hashed","Partial Mode": "Simple","Parent Relationship": "Outer","Parallel Aware": false,"Async Capable": false,"Startup Cost": 202521.23,"Total Cost": 207865.25,"Plan Rows": 118756,"Plan Width": 4,"Actual Startup Time": 6293.151,"Actual Total Time": 10074.968,"Actual Rows": 10,"Actual Loops": 4,"Group Key": ["lineitem_1.l_orderkey"],"Filter": "(sum(lineitem_1.l_quantity) > '312'::numeric)","Planned Partitions": 0,"HashAgg Batches": 1,"Peak Memory Usage": 638993,"Disk Usage": 0,"Rows Removed by Filter": 1499990,"Workers": [{"Worker Number": 0,"HashAgg Batches": 1,"Peak Memory Usage": 638993,"Disk Usage": 0},{"Worker Number": 1,"HashAgg Batches": 1,"Peak Memory Usage": 638993,"Disk Usage": 0},{"Worker Number": 2,"HashAgg Batches": 1,"Peak Memory Usage": 638993,"Disk Usage": 0}],"Plans": [{"Node Type": "Seq Scan","Parent Relationship": "Outer","Parallel Aware": false,"Async Capable": false,"Relation Name": "lineitem","Alias": "lineitem_1","Startup Cost": 0.00,"Total Cost": 172515.15,"Plan Rows": 6001215,"Plan Width": 9,"Actual Startup Time": 0.021,"Actual Total Time": 960.546,"Actual Rows": 6001215,"Actual Loops": 4,"Workers": []}]}]}]},{"Node Type": "Index Scan","Parent Relationship": "Inner","Parallel Aware": false,"Async Capable": false,"Scan Direction": "Forward","Index Name": "idx_lineitem_orderkey","Relation Name": "lineitem","Alias": "lineitem","Startup Cost": 0.43,"Total Cost": 1.06,"Plan Rows": 17,"Plan Width": 9,"Actual Startup Time": 0.072,"Actual Total Time": 0.079,"Actual Rows": 7,"Actual Loops": 10,"Index Cond": "(l_orderkey = orders.o_orderkey)","Rows Removed by Index Recheck": 0,"Workers": []}]},{"Node Type": "Hash","Parent Relationship": "Inner","Parallel Aware": true,"Async Capable": false,"Startup Cost": 4210.00,"Total Cost": 4210.00,"Plan Rows": 62500,"Plan Width": 23,"Actual Startup Time": 37.105,"Actual Total Time": 37.114,"Actual Rows": 37500,"Actual Loops": 4,"Hash Buckets": 262144,"Original Hash Buckets": 262144,"Hash Batches": 1,"Original Hash Batches": 1,"Peak Memory Usage": 10368,"Workers": [],"Plans": [{"Node Type": "Seq Scan","Parent Relationship": "Outer","Parallel Aware": true,"Async Capable": false,"Relation Name": "customer","Alias": "customer","Startup Cost": 0.00,"Total Cost": 4210.00,"Plan Rows": 62500,"Plan Width": 23,"Actual Startup Time": 0.025,"Actual Total Time": 19.726,"Actual Rows": 37500,"Actual Loops": 4,"Workers": []}]}]}]}]}]},"Planning Time": 6.715,"Triggers": [],"Execution Time": 10961.817}]
[{"Plan": {"Node Type": "Sort","Parallel Aware": false,"Async Capable": false,"Startup Cost": 397889.21,"Total Cost": 399077.01,"Plan Rows": 475120,"Plan Width": 71,"Actual Startup Time": 10887.509,"Actual Total Time": 10908.132,"Actual Rows": 10,"Actual Loops": 1,"Sort Key": ["orders.o_totalprice DESC", "orders.o_orderdate"],"Sort Method": "quicksort","Sort Space Used": 25,"Sort Space Type": "Memory","Plans": [{"Node Type": "Aggregate","Strategy": "Hashed","Partial Mode": "Simple","Parent Relationship": "Outer","Parallel Aware": false,"Async Capable": false,"Startup Cost": 347151.30,"Total Cost": 353090.30,"Plan Rows": 475120,"Plan Width": 71,"Actual Startup Time": 10848.812,"Actual Total Time": 10907.941,"Actual Rows": 10,"Actual Loops": 1,"Group Key": ["customer.c_custkey", "orders.o_orderkey"],"Planned Partitions": 0,"HashAgg Batches": 1,"Peak Memory Usage": 24601,"Disk Usage": 0,"Plans": [{"Node Type": "Gather","Parent Relationship": "Outer","Parallel Aware": false,"Async Capable": false,"Startup Cost": 216528.94,"Total Cost": 343587.90,"Plan Rows": 475120,"Plan Width": 44,"Actual Startup Time": 10782.037,"Actual Total Time": 10858.151,"Actual Rows": 70,"Actual Loops": 1,"Workers Planned": 3,"Workers Launched": 3,"Single Copy": false,"Plans": [{"Node Type": "Hash Join","Parent Relationship": "Outer","Parallel Aware": true,"Async Capable": false,"Join Type": "Inner","Startup Cost": 215528.94,"Total Cost": 295075.90,"Plan Rows": 153265,"Plan Width": 44,"Actual Startup Time": 10180.765,"Actual Total Time": 10348.312,"Actual Rows": 18,"Actual Loops": 4,"Inner Unique": true,"Hash Cond": "(orders.o_custkey = customer.c_custkey)","Workers": [],"Plans": [{"Node Type": "Nested Loop","Parent Relationship": "Outer","Parallel Aware": false,"Async Capable": false,"Join Type": "Inner","Startup Cost": 210537.69,"Total Cost": 289682.32,"Plan Rows": 153265,"Plan Width": 25,"Actual Startup Time": 10142.809,"Actual Total Time": 10310.270,"Actual Rows": 18,"Actual Loops": 4,"Inner Unique": false,"Workers": [],"Plans": [{"Node Type": "Hash Join","Parent Relationship": "Outer","Parallel Aware": false,"Async Capable": false,"Join Type": "Inner","Startup Cost": 210537.26,"Total Cost": 242741.13,"Plan Rows": 38308,"Plan Width": 24,"Actual Startup Time": 10142.670,"Actual Total Time": 10309.991,"Actual Rows": 2,"Actual Loops": 4,"Inner Unique": true,"Hash Cond": "(orders.o_orderkey = lineitem_1.l_orderkey)","Workers": [],"Plans": [{"Node Type": "Seq Scan","Parent Relationship": "Outer","Parallel Aware": true,"Async Capable": false,"Relation Name": "orders","Alias": "orders","Startup Cost": 0.00,"Total Cost": 30933.71,"Plan Rows": 483871,"Plan Width": 20,"Actual Startup Time": 0.009,"Actual Total Time": 49.040,"Actual Rows": 375000,"Actual Loops": 4,"Workers": []},{"Node Type": "Hash","Parent Relationship": "Inner","Parallel Aware": false,"Async Capable": false,"Startup Cost": 209052.81,"Total Cost": 209052.81,"Plan Rows": 118756,"Plan Width": 4,"Actual Startup Time": 10075.163,"Actual Total Time": 10075.176,"Actual Rows": 10,"Actual Loops": 4,"Hash Buckets": 131072,"Original Hash Buckets": 131072,"Hash Batches": 1,"Original Hash Batches": 1,"Peak Memory Usage": 1025,"Workers": [],"Plans": [{"Node Type": "Aggregate","Strategy": "Hashed","Partial Mode": "Simple","Parent Relationship": "Outer","Parallel Aware": false,"Async Capable": false,"Startup Cost": 202521.23,"Total Cost": 207865.25,"Plan Rows": 118756,"Plan Width": 4,"Actual Startup Time": 6293.151,"Actual Total Time": 10074.968,"Actual Rows": 10,"Actual Loops": 4,"Group Key": ["lineitem_1.l_orderkey"],"Filter": "(sum(lineitem_1.l_quantity) > '312'::numeric)","Planned Partitions": 0,"HashAgg Batches": 1,"Peak Memory Usage": 638993,"Disk Usage": 0,"Rows Removed by Filter": 1499990,"Workers": [{"Worker Number": 0,"HashAgg Batches": 1,"Peak Memory Usage": 638993,"Disk Usage": 0},{"Worker Number": 1,"HashAgg Batches": 1,"Peak Memory Usage": 638993,"Disk Usage": 0},{"Worker Number": 2,"HashAgg Batches": 1,"Peak Memory Usage": 638993,"Disk Usage": 0}],"Plans": [{"Node Type": "Seq Scan","Parent Relationship": "Outer","Parallel Aware": false,"Async Capable": false,"Relation Name": "lineitem","Alias": "lineitem_1","Startup Cost": 0.00,"Total Cost": 172515.15,"Plan Rows": 6001215,"Plan Width": 9,"Actual Startup Time": 0.021,"Actual Total Time": 960.546,"Actual Rows": 6001215,"Actual Loops": 4,"Workers": []}]}]}]},{"Node Type": "Index Scan","Parent Relationship": "Inner","Parallel Aware": false,"Async Capable": false,"Scan Direction": "Forward","Index Name": "idx_lineitem_orderkey","Relation Name": "lineitem","Alias": "lineitem","Startup Cost": 0.43,"Total Cost": 1.06,"Plan Rows": 17,"Plan Width": 9,"Actual Startup Time": 0.072,"Actual Total Time": 0.079,"Actual Rows": 7,"Actual Loops": 10,"Index Cond": "(l_orderkey = orders.o_orderkey)","Rows Removed by Index Recheck": 0,"Workers": []}]},{"Node Type": "Hash","Parent Relationship": "Inner","Parallel Aware": true,"Async Capable": false,"Startup Cost": 4210.00,"Total Cost": 4210.00,"Plan Rows": 62500,"Plan Width": 23,"Actual Startup Time": 37.105,"Actual Total Time": 37.114,"Actual Rows": 37500,"Actual Loops": 4,"Hash Buckets": 262144,"Original Hash Buckets": 262144,"Hash Batches": 1,"Original Hash Batches": 1,"Peak Memory Usage": 10368,"Workers": [],"Plans": [{"Node Type": "Seq Scan","Parent Relationship": "Outer","Parallel Aware": true,"Async Capable": false,"Relation Name": "customer","Alias": "customer","Startup Cost": 0.00,"Total Cost": 4210.00,"Plan Rows": 62500,"Plan Width": 23,"Actual Startup Time": 0.025,"Actual Total Time": 19.726,"Actual Rows": 37500,"Actual Loops": 4,"Workers": []}]}]}]}]}]},"Planning Time": 6.715,"Triggers": [],"Execution Time": 10961.817}]
[{"Plan": {"Node Type": "Sort","Parallel Aware": false,"Async Capable": false,"Startup Cost": 397889.21,"Total Cost": 399077.01,"Plan Rows": 475120,"Plan Width": 71,"Actual Startup Time": 10950.105,"Actual Total Time": 10953.954,"Actual Rows": 9,"Actual Loops": 1,"Sort Key": ["orders.o_totalprice DESC", "orders.o_orderdate"],"Sort Method": "quicksort","Sort Space Used": 25,"Sort Space Type": "Memory","Plans": [{"Node Type": "Aggregate","Strategy": "Hashed","Partial Mode": "Simple","Parent Relationship": "Outer","Parallel Aware": false,"Async Capable": false,"Startup Cost": 347151.30,"Total Cost": 353090.30,"Plan Rows": 475120,"Plan Width": 71,"Actual Startup Time": 10902.471,"Actual Total Time": 10953.715,"Actual Rows": 9,"Actual Loops": 1,"Group Key": ["customer.c_custkey", "orders.o_orderkey"],"Planned Partitions": 0,"HashAgg Batches": 1,"Peak Memory Usage": 24601,"Disk Usage": 0,"Plans": [{"Node Type": "Gather","Parent Relationship": "Outer","Parallel Aware": false,"Async Capable": false,"Startup Cost": 216528.94,"Total Cost": 343587.90,"Plan Rows": 475120,"Plan Width": 44,"Actual Startup Time": 10893.800,"Actual Total Time": 10897.693,"Actual Rows": 63,"Actual Loops": 1,"Workers Planned": 3,"Workers Launched": 3,"Single Copy": false,"Plans": [{"Node Type": "Hash Join","Parent Relationship": "Outer","Parallel Aware": true,"Async Capable": false,"Join Type": "Inner","Startup Cost": 215528.94,"Total Cost": 295075.90,"Plan Rows": 153265,"Plan Width": 44,"Actual Startup Time": 10134.253,"Actual Total Time": 10314.794,"Actual Rows": 16,"Actual Loops": 4,"Inner Unique": true,"Hash Cond": "(orders.o_custkey = customer.c_custkey)","Workers": [],"Plans": [{"Node Type": "Nested Loop","Parent Relationship": "Outer","Parallel Aware": false,"Async Capable": false,"Join Type": "Inner","Startup Cost": 210537.69,"Total Cost": 289682.32,"Plan Rows": 153265,"Plan Width": 25,"Actual Startup Time": 10099.687,"Actual Total Time": 10280.153,"Actual Rows": 16,"Actual Loops": 4,"Inner Unique": false,"Workers": [],"Plans": [{"Node Type": "Hash Join","Parent Relationship": "Outer","Parallel Aware": false,"Async Capable": false,"Join Type": "Inner","Startup Cost": 210537.26,"Total Cost": 242741.13,"Plan Rows": 38308,"Plan Width": 24,"Actual Startup Time": 10099.575,"Actual Total Time": 10279.892,"Actual Rows": 2,"Actual Loops": 4,"Inner Unique": true,"Hash Cond": "(orders.o_orderkey = lineitem_1.l_orderkey)","Workers": [],"Plans": [{"Node Type": "Seq Scan","Parent Relationship": "Outer","Parallel Aware": true,"Async Capable": false,"Relation Name": "orders","Alias": "orders","Startup Cost": 0.00,"Total Cost": 30933.71,"Plan Rows": 483871,"Plan Width": 20,"Actual Startup Time": 0.011,"Actual Total Time": 51.627,"Actual Rows": 375000,"Actual Loops": 4,"Workers": []},{"Node Type": "Hash","Parent Relationship": "Inner","Parallel Aware": false,"Async Capable": false,"Startup Cost": 209052.81,"Total Cost": 209052.81,"Plan Rows": 118756,"Plan Width": 4,"Actual Startup Time": 10016.825,"Actual Total Time": 10016.839,"Actual Rows": 9,"Actual Loops": 4,"Hash Buckets": 131072,"Original Hash Buckets": 131072,"Hash Batches": 1,"Original Hash Batches": 1,"Peak Memory Usage": 1025,"Workers": [],"Plans": [{"Node Type": "Aggregate","Strategy": "Hashed","Partial Mode": "Simple","Parent Relationship": "Outer","Parallel Aware": false,"Async Capable": false,"Startup Cost": 202521.23,"Total Cost": 207865.25,"Plan Rows": 118756,"Plan Width": 4,"Actual Startup Time": 6319.140,"Actual Total Time": 10016.671,"Actual Rows": 9,"Actual Loops": 4,"Group Key": ["lineitem_1.l_orderkey"],"Filter": "(sum(lineitem_1.l_quantity) > '315'::numeric)","Planned Partitions": 0,"HashAgg Batches": 1,"Peak Memory Usage": 638993,"Disk Usage": 0,"Rows Removed by Filter": 1499991,"Workers": [{"Worker Number": 0,"HashAgg Batches": 1,"Peak Memory Usage": 638993,"Disk Usage": 0},{"Worker Number": 1,"HashAgg Batches": 1,"Peak Memory Usage": 638993,"Disk Usage": 0},{"Worker Number": 2,"HashAgg Batches": 1,"Peak Memory Usage": 638993,"Disk Usage": 0}],"Plans": [{"Node Type": "Seq Scan","Parent Relationship": "Outer","Parallel Aware": false,"Async Capable": false,"Relation Name": "lineitem","Alias": "lineitem_1","Startup Cost": 0.00,"Total Cost": 172515.15,"Plan Rows": 6001215,"Plan Width": 9,"Actual Startup Time": 0.018,"Actual Total Time": 971.843,"Actual Rows": 6001215,"Actual Loops": 4,"Workers": []}]}]}]},{"Node Type": "Index Scan","Parent Relationship": "Inner","Parallel Aware": false,"Async Capable": false,"Scan Direction": "Forward","Index Name": "idx_lineitem_orderkey","Relation Name": "lineitem","Alias": "lineitem","Startup Cost": 0.43,"Total Cost": 1.06,"Plan Rows": 17,"Plan Width": 9,"Actual Startup Time": 0.069,"Actual Total Time": 0.079,"Actual Rows": 7,"Actual Loops": 9,"Index Cond": "(l_orderkey = orders.o_orderkey)","Rows Removed by Index Recheck": 0,"Workers": []}]},{"Node Type": "Hash","Parent Relationship": "Inner","Parallel Aware": true,"Async Capable": false,"Startup Cost": 4210.00,"Total Cost": 4210.00,"Plan Rows": 62500,"Plan Width": 23,"Actual Startup Time": 33.677,"Actual Total Time": 33.684,"Actual Rows": 37500,"Actual Loops": 4,"Hash Buckets": 262144,"Original Hash Buckets": 262144,"Hash Batches": 1,"Original Hash Batches": 1,"Peak Memory Usage": 10368,"Workers": [],"Plans": [{"Node Type": "Seq Scan","Parent Relationship": "Outer","Parallel Aware": true,"Async Capable": false,"Relation Name": "customer","Alias": "customer","Startup Cost": 0.00,"Total Cost": 4210.00,"Plan Rows": 62500,"Plan Width": 23,"Actual Startup Time": 0.019,"Actual Total Time": 16.715,"Actual Rows": 37500,"Actual Loops": 4,"Workers": []}]}]}]}]}]},"Planning Time": 6.132,"Triggers": [],"Execution Time": 11002.531}]
[{"Plan": {"Node Type": "Sort","Parallel Aware": false,"Async Capable": false,"Startup Cost": 397889.21,"Total Cost": 399077.01,"Plan Rows": 475120,"Plan Width": 71,"Actual Startup Time": 10950.105,"Actual Total Time": 10953.954,"Actual Rows": 9,"Actual Loops": 1,"Sort Key": ["orders.o_totalprice DESC", "orders.o_orderdate"],"Sort Method": "quicksort","Sort Space Used": 25,"Sort Space Type": "Memory","Plans": [{"Node Type": "Aggregate","Strategy": "Hashed","Partial Mode": "Simple","Parent Relationship": "Outer","Parallel Aware": false,"Async Capable": false,"Startup Cost": 347151.30,"Total Cost": 353090.30,"Plan Rows": 475120,"Plan Width": 71,"Actual Startup Time": 10902.471,"Actual Total Time": 10953.715,"Actual Rows": 9,"Actual Loops": 1,"Group Key": ["customer.c_custkey", "orders.o_orderkey"],"Planned Partitions": 0,"HashAgg Batches": 1,"Peak Memory Usage": 24601,"Disk Usage": 0,"Plans": [{"Node Type": "Gather","Parent Relationship": "Outer","Parallel Aware": false,"Async Capable": false,"Startup Cost": 216528.94,"Total Cost": 343587.90,"Plan Rows": 475120,"Plan Width": 44,"Actual Startup Time": 10893.800,"Actual Total Time": 10897.693,"Actual Rows": 63,"Actual Loops": 1,"Workers Planned": 3,"Workers Launched": 3,"Single Copy": false,"Plans": [{"Node Type": "Hash Join","Parent Relationship": "Outer","Parallel Aware": true,"Async Capable": false,"Join Type": "Inner","Startup Cost": 215528.94,"Total Cost": 295075.90,"Plan Rows": 153265,"Plan Width": 44,"Actual Startup Time": 10134.253,"Actual Total Time": 10314.794,"Actual Rows": 16,"Actual Loops": 4,"Inner Unique": true,"Hash Cond": "(orders.o_custkey = customer.c_custkey)","Workers": [],"Plans": [{"Node Type": "Nested Loop","Parent Relationship": "Outer","Parallel Aware": false,"Async Capable": false,"Join Type": "Inner","Startup Cost": 210537.69,"Total Cost": 289682.32,"Plan Rows": 153265,"Plan Width": 25,"Actual Startup Time": 10099.687,"Actual Total Time": 10280.153,"Actual Rows": 16,"Actual Loops": 4,"Inner Unique": false,"Workers": [],"Plans": [{"Node Type": "Hash Join","Parent Relationship": "Outer","Parallel Aware": false,"Async Capable": false,"Join Type": "Inner","Startup Cost": 210537.26,"Total Cost": 242741.13,"Plan Rows": 38308,"Plan Width": 24,"Actual Startup Time": 10099.575,"Actual Total Time": 10279.892,"Actual Rows": 2,"Actual Loops": 4,"Inner Unique": true,"Hash Cond": "(orders.o_orderkey = lineitem_1.l_orderkey)","Workers": [],"Plans": [{"Node Type": "Seq Scan","Parent Relationship": "Outer","Parallel Aware": true,"Async Capable": false,"Relation Name": "orders","Alias": "orders","Startup Cost": 0.00,"Total Cost": 30933.71,"Plan Rows": 483871,"Plan Width": 20,"Actual Startup Time": 0.011,"Actual Total Time": 51.627,"Actual Rows": 375000,"Actual Loops": 4,"Workers": []},{"Node Type": "Hash","Parent Relationship": "Inner","Parallel Aware": false,"Async Capable": false,"Startup Cost": 209052.81,"Total Cost": 209052.81,"Plan Rows": 118756,"Plan Width": 4,"Actual Startup Time": 10016.825,"Actual Total Time": 10016.839,"Actual Rows": 9,"Actual Loops": 4,"Hash Buckets": 131072,"Original Hash Buckets": 131072,"Hash Batches": 1,"Original Hash Batches": 1,"Peak Memory Usage": 1025,"Workers": [],"Plans": [{"Node Type": "Aggregate","Strategy": "Hashed","Partial Mode": "Simple","Parent Relationship": "Outer","Parallel Aware": false,"Async Capable": false,"Startup Cost": 202521.23,"Total Cost": 207865.25,"Plan Rows": 118756,"Plan Width": 4,"Actual Startup Time": 6319.140,"Actual Total Time": 10016.671,"Actual Rows": 9,"Actual Loops": 4,"Group Key": ["lineitem_1.l_orderkey"],"Filter": "(sum(lineitem_1.l_quantity) > '315'::numeric)","Planned Partitions": 0,"HashAgg Batches": 1,"Peak Memory Usage": 638993,"Disk Usage": 0,"Rows Removed by Filter": 1499991,"Workers": [{"Worker Number": 0,"HashAgg Batches": 1,"Peak Memory Usage": 638993,"Disk Usage": 0},{"Worker Number": 1,"HashAgg Batches": 1,"Peak Memory Usage": 638993,"Disk Usage": 0},{"Worker Number": 2,"HashAgg Batches": 1,"Peak Memory Usage": 638993,"Disk Usage": 0}],"Plans": [{"Node Type": "Seq Scan","Parent Relationship": "Outer","Parallel Aware": false,"Async Capable": false,"Relation Name": "lineitem","Alias": "lineitem_1","Startup Cost": 0.00,"Total Cost": 172515.15,"Plan Rows": 6001215,"Plan Width": 9,"Actual Startup Time": 0.018,"Actual Total Time": 971.843,"Actual Rows": 6001215,"Actual Loops": 4,"Workers": []}]}]}]},{"Node Type": "Index Scan","Parent Relationship": "Inner","Parallel Aware": false,"Async Capable": false,"Scan Direction": "Forward","Index Name": "idx_lineitem_orderkey","Relation Name": "lineitem","Alias": "lineitem","Startup Cost": 0.43,"Total Cost": 1.06,"Plan Rows": 17,"Plan Width": 9,"Actual Startup Time": 0.069,"Actual Total Time": 0.079,"Actual Rows": 7,"Actual Loops": 9,"Index Cond": "(l_orderkey = orders.o_orderkey)","Rows Removed by Index Recheck": 0,"Workers": []}]},{"Node Type": "Hash","Parent Relationship": "Inner","Parallel Aware": true,"Async Capable": false,"Startup Cost": 4210.00,"Total Cost": 4210.00,"Plan Rows": 62500,"Plan Width": 23,"Actual Startup Time": 33.677,"Actual Total Time": 33.684,"Actual Rows": 37500,"Actual Loops": 4,"Hash Buckets": 262144,"Original Hash Buckets": 262144,"Hash Batches": 1,"Original Hash Batches": 1,"Peak Memory Usage": 10368,"Workers": [],"Plans": [{"Node Type": "Seq Scan","Parent Relationship": "Outer","Parallel Aware": true,"Async Capable": false,"Relation Name": "customer","Alias": "customer","Startup Cost": 0.00,"Total Cost": 4210.00,"Plan Rows": 62500,"Plan Width": 23,"Actual Startup Time": 0.019,"Actual Total Time": 16.715,"Actual Rows": 37500,"Actual Loops": 4,"Workers": []}]}]}]}]}]},"Planning Time": 6.132,"Triggers": [],"Execution Time": 11002.531}]
[{"Plan": {"Node Type": "Sort","Parallel Aware": false,"Async Capable": false,"Startup Cost": 397889.21,"Total Cost": 399077.01,"Plan Rows": 475120,"Plan Width": 71,"Actual Startup Time": 10887.509,"Actual Total Time": 10908.132,"Actual Rows": 10,"Actual Loops": 1,"Sort Key": ["orders.o_totalprice DESC", "orders.o_orderdate"],"Sort Method": "quicksort","Sort Space Used": 25,"Sort Space Type": "Memory","Plans": [{"Node Type": "Aggregate","Strategy": "Hashed","Partial Mode": "Simple","Parent Relationship": "Outer","Parallel Aware": false,"Async Capable": false,"Startup Cost": 347151.30,"Total Cost": 353090.30,"Plan Rows": 475120,"Plan Width": 71,"Actual Startup Time": 10848.812,"Actual Total Time": 10907.941,"Actual Rows": 10,"Actual Loops": 1,"Group Key": ["customer.c_custkey", "orders.o_orderkey"],"Planned Partitions": 0,"HashAgg Batches": 1,"Peak Memory Usage": 24601,"Disk Usage": 0,"Plans": [{"Node Type": "Gather","Parent Relationship": "Outer","Parallel Aware": false,"Async Capable": false,"Startup Cost": 216528.94,"Total Cost": 343587.90,"Plan Rows": 475120,"Plan Width": 44,"Actual Startup Time": 10782.037,"Actual Total Time": 10858.151,"Actual Rows": 70,"Actual Loops": 1,"Workers Planned": 3,"Workers Launched": 3,"Single Copy": false,"Plans": [{"Node Type": "Hash Join","Parent Relationship": "Outer","Parallel Aware": true,"Async Capable": false,"Join Type": "Inner","Startup Cost": 215528.94,"Total Cost": 295075.90,"Plan Rows": 153265,"Plan Width": 44,"Actual Startup Time": 10180.765,"Actual Total Time": 10348.312,"Actual Rows": 18,"Actual Loops": 4,"Inner Unique": true,"Hash Cond": "(orders.o_custkey = customer.c_custkey)","Workers": [],"Plans": [{"Node Type": "Nested Loop","Parent Relationship": "Outer","Parallel Aware": false,"Async Capable": false,"Join Type": "Inner","Startup Cost": 210537.69,"Total Cost": 289682.32,"Plan Rows": 153265,"Plan Width": 25,"Actual Startup Time": 10142.809,"Actual Total Time": 10310.270,"Actual Rows": 18,"Actual Loops": 4,"Inner Unique": false,"Workers": [],"Plans": [{"Node Type": "Hash Join","Parent Relationship": "Outer","Parallel Aware": false,"Async Capable": false,"Join Type": "Inner","Startup Cost": 210537.26,"Total Cost": 242741.13,"Plan Rows": 38308,"Plan Width": 24,"Actual Startup Time": 10142.670,"Actual Total Time": 10309.991,"Actual Rows": 2,"Actual Loops": 4,"Inner Unique": true,"Hash Cond": "(orders.o_orderkey = lineitem_1.l_orderkey)","Workers": [],"Plans": [{"Node Type": "Seq Scan","Parent Relationship": "Outer","Parallel Aware": true,"Async Capable": false,"Relation Name": "orders","Alias": "orders","Startup Cost": 0.00,"Total Cost": 30933.71,"Plan Rows": 483871,"Plan Width": 20,"Actual Startup Time": 0.009,"Actual Total Time": 49.040,"Actual Rows": 375000,"Actual Loops": 4,"Workers": []},{"Node Type": "Hash","Parent Relationship": "Inner","Parallel Aware": false,"Async Capable": false,"Startup Cost": 209052.81,"Total Cost": 209052.81,"Plan Rows": 118756,"Plan Width": 4,"Actual Startup Time": 10075.163,"Actual Total Time": 10075.176,"Actual Rows": 10,"Actual Loops": 4,"Hash Buckets": 131072,"Original Hash Buckets": 131072,"Hash Batches": 1,"Original Hash Batches": 1,"Peak Memory Usage": 1025,"Workers": [],"Plans": [{"Node Type": "Aggregate","Strategy": "Hashed","Partial Mode": "Simple","Parent Relationship": "Outer","Parallel Aware": false,"Async Capable": false,"Startup Cost": 202521.23,"Total Cost": 207865.25,"Plan Rows": 118756,"Plan Width": 4,"Actual Startup Time": 6293.151,"Actual Total Time": 10074.968,"Actual Rows": 10,"Actual Loops": 4,"Group Key": ["lineitem_1.l_orderkey"],"Filter": "(sum(lineitem_1.l_quantity) > '312'::numeric)","Planned Partitions": 0,"HashAgg Batches": 1,"Peak Memory Usage": 638993,"Disk Usage": 0,"Rows Removed by Filter": 1499990,"Workers": [{"Worker Number": 0,"HashAgg Batches": 1,"Peak Memory Usage": 638993,"Disk Usage": 0},{"Worker Number": 1,"HashAgg Batches": 1,"Peak Memory Usage": 638993,"Disk Usage": 0},{"Worker Number": 2,"HashAgg Batches": 1,"Peak Memory Usage": 638993,"Disk Usage": 0}],"Plans": [{"Node Type": "Seq Scan","Parent Relationship": "Outer","Parallel Aware": false,"Async Capable": false,"Relation Name": "lineitem","Alias": "lineitem_1","Startup Cost": 0.00,"Total Cost": 172515.15,"Plan Rows": 6001215,"Plan Width": 9,"Actual Startup Time": 0.021,"Actual Total Time": 960.546,"Actual Rows": 6001215,"Actual Loops": 4,"Workers": []}]}]}]},{"Node Type": "Index Scan","Parent Relationship": "Inner","Parallel Aware": false,"Async Capable": false,"Scan Direction": "Forward","Index Name": "idx_lineitem_orderkey","Relation Name": "lineitem","Alias": "lineitem","Startup Cost": 0.43,"Total Cost": 1.06,"Plan Rows": 17,"Plan Width": 9,"Actual Startup Time": 0.072,"Actual Total Time": 0.079,"Actual Rows": 7,"Actual Loops": 10,"Index Cond": "(l_orderkey = orders.o_orderkey)","Rows Removed by Index Recheck": 0,"Workers": []}]},{"Node Type": "Hash","Parent Relationship": "Inner","Parallel Aware": true,"Async Capable": false,"Startup Cost": 4210.00,"Total Cost": 4210.00,"Plan Rows": 62500,"Plan Width": 23,"Actual Startup Time": 37.105,"Actual Total Time": 37.114,"Actual Rows": 37500,"Actual Loops": 4,"Hash Buckets": 262144,"Original Hash Buckets": 262144,"Hash Batches": 1,"Original Hash Batches": 1,"Peak Memory Usage": 10368,"Workers": [],"Plans": [{"Node Type": "Seq Scan","Parent Relationship": "Outer","Parallel Aware": true,"Async Capable": false,"Relation Name": "customer","Alias": "customer","Startup Cost": 0.00,"Total Cost": 4210.00,"Plan Rows": 62500,"Plan Width": 23,"Actual Startup Time": 0.025,"Actual Total Time": 19.726,"Actual Rows": 37500,"Actual Loops": 4,"Workers": []}]}]}]}]}]},"Planning Time": 6.715,"Triggers": [],"Execution Time": 10961.817}]
[{"Plan": {"Node Type": "Sort","Parallel Aware": false,"Async Capable": false,"Startup Cost": 397889.21,"Total Cost": 399077.01,"Plan Rows": 475120,"Plan Width": 71,"Actual Startup Time": 10785.011,"Actual Total Time": 10839.032,"Actual Rows": 9,"Actual Loops": 1,"Sort Key": ["orders.o_totalprice DESC", "orders.o_orderdate"],"Sort Method": "quicksort","Sort Space Used": 25,"Sort Space Type": "Memory","Plans": [{"Node Type": "Aggregate","Strategy": "Hashed","Partial Mode": "Simple","Parent Relationship": "Outer","Parallel Aware": false,"Async Capable": false,"Startup Cost": 347151.30,"Total Cost": 353090.30,"Plan Rows": 475120,"Plan Width": 71,"Actual Startup Time": 10763.855,"Actual Total Time": 10838.848,"Actual Rows": 9,"Actual Loops": 1,"Group Key": ["customer.c_custkey", "orders.o_orderkey"],"Planned Partitions": 0,"HashAgg Batches": 1,"Peak Memory Usage": 24601,"Disk Usage": 0,"Plans": [{"Node Type": "Gather","Parent Relationship": "Outer","Parallel Aware": false,"Async Capable": false,"Startup Cost": 216528.94,"Total Cost": 343587.90,"Plan Rows": 475120,"Plan Width": 44,"Actual Startup Time": 9674.071,"Actual Total Time": 10813.470,"Actual Rows": 63,"Actual Loops": 1,"Workers Planned": 3,"Workers Launched": 3,"Single Copy": false,"Plans": [{"Node Type": "Hash Join","Parent Relationship": "Outer","Parallel Aware": true,"Async Capable": false,"Join Type": "Inner","Startup Cost": 215528.94,"Total Cost": 295075.90,"Plan Rows": 153265,"Plan Width": 44,"Actual Startup Time": 10141.072,"Actual Total Time": 10312.965,"Actual Rows": 16,"Actual Loops": 4,"Inner Unique": true,"Hash Cond": "(orders.o_custkey = customer.c_custkey)","Workers": [],"Plans": [{"Node Type": "Nested Loop","Parent Relationship": "Outer","Parallel Aware": false,"Async Capable": false,"Join Type": "Inner","Startup Cost": 210537.69,"Total Cost": 289682.32,"Plan Rows": 153265,"Plan Width": 25,"Actual Startup Time": 10104.129,"Actual Total Time": 10275.947,"Actual Rows": 16,"Actual Loops": 4,"Inner Unique": false,"Workers": [],"Plans": [{"Node Type": "Hash Join","Parent Relationship": "Outer","Parallel Aware": false,"Async Capable": false,"Join Type": "Inner","Startup Cost": 210537.26,"Total Cost": 242741.13,"Plan Rows": 38308,"Plan Width": 24,"Actual Startup Time": 10104.052,"Actual Total Time": 10275.739,"Actual Rows": 2,"Actual Loops": 4,"Inner Unique": true,"Hash Cond": "(orders.o_orderkey = lineitem_1.l_orderkey)","Workers": [],"Plans": [{"Node Type": "Seq Scan","Parent Relationship": "Outer","Parallel Aware": true,"Async Capable": false,"Relation Name": "orders","Alias": "orders","Startup Cost": 0.00,"Total Cost": 30933.71,"Plan Rows": 483871,"Plan Width": 20,"Actual Startup Time": 0.007,"Actual Total Time": 53.689,"Actual Rows": 375000,"Actual Loops": 4,"Workers": []},{"Node Type": "Hash","Parent Relationship": "Inner","Parallel Aware": false,"Async Capable": false,"Startup Cost": 209052.81,"Total Cost": 209052.81,"Plan Rows": 118756,"Plan Width": 4,"Actual Startup Time": 10025.157,"Actual Total Time": 10025.166,"Actual Rows": 9,"Actual Loops": 4,"Hash Buckets": 131072,"Original Hash Buckets": 131072,"Hash Batches": 1,"Original Hash Batches": 1,"Peak Memory Usage": 1025,"Workers": [],"Plans": [{"Node Type": "Aggregate","Strategy": "Hashed","Partial Mode": "Simple","Parent Relationship": "Outer","Parallel Aware": false,"Async Capable": false,"Startup Cost": 202521.23,"Total Cost": 207865.25,"Plan Rows": 118756,"Plan Width": 4,"Actual Startup Time": 6285.839,"Actual Total Time": 10024.981,"Actual Rows": 9,"Actual Loops": 4,"Group Key": ["lineitem_1.l_orderkey"],"Filter": "(sum(lineitem_1.l_quantity) > '314'::numeric)","Planned Partitions": 0,"HashAgg Batches": 1,"Peak Memory Usage": 638993,"Disk Usage": 0,"Rows Removed by Filter": 1499991,"Workers": [{"Worker Number": 0,"HashAgg Batches": 1,"Peak Memory Usage": 638993,"Disk Usage": 0},{"Worker Number": 1,"HashAgg Batches": 1,"Peak Memory Usage": 638993,"Disk Usage": 0},{"Worker Number": 2,"HashAgg Batches": 1,"Peak Memory Usage": 638993,"Disk Usage": 0}],"Plans": [{"Node Type": "Seq Scan","Parent Relationship": "Outer","Parallel Aware": false,"Async Capable": false,"Relation Name": "lineitem","Alias": "lineitem_1","Startup Cost": 0.00,"Total Cost": 172515.15,"Plan Rows": 6001215,"Plan Width": 9,"Actual Startup Time": 0.019,"Actual Total Time": 931.752,"Actual Rows": 6001215,"Actual Loops": 4,"Workers": []}]}]}]},{"Node Type": "Index Scan","Parent Relationship": "Inner","Parallel Aware": false,"Async Capable": false,"Scan Direction": "Forward","Index Name": "idx_lineitem_orderkey","Relation Name": "lineitem","Alias": "lineitem","Startup Cost": 0.43,"Total Cost": 1.06,"Plan Rows": 17,"Plan Width": 9,"Actual Startup Time": 0.055,"Actual Total Time": 0.062,"Actual Rows": 7,"Actual Loops": 9,"Index Cond": "(l_orderkey = orders.o_orderkey)","Rows Removed by Index Recheck": 0,"Workers": []}]},{"Node Type": "Hash","Parent Relationship": "Inner","Parallel Aware": true,"Async Capable": false,"Startup Cost": 4210.00,"Total Cost": 4210.00,"Plan Rows": 62500,"Plan Width": 23,"Actual Startup Time": 36.172,"Actual Total Time": 36.190,"Actual Rows": 37500,"Actual Loops": 4,"Hash Buckets": 262144,"Original Hash Buckets": 262144,"Hash Batches": 1,"Original Hash Batches": 1,"Peak Memory Usage": 10336,"Workers": [],"Plans": [{"Node Type": "Seq Scan","Parent Relationship": "Outer","Parallel Aware": true,"Async Capable": false,"Relation Name": "customer","Alias": "customer","Startup Cost": 0.00,"Total Cost": 4210.00,"Plan Rows": 62500,"Plan Width": 23,"Actual Startup Time": 0.024,"Actual Total Time": 17.933,"Actual Rows": 37500,"Actual Loops": 4,"Workers": []}]}]}]}]}]},"Planning Time": 6.881,"Triggers": [],"Execution Time": 10893.482}]
[{"Plan": {"Node Type": "Sort","Parallel Aware": false,"Async Capable": false,"Startup Cost": 397889.21,"Total Cost": 399077.01,"Plan Rows": 475120,"Plan Width": 71,"Actual Startup Time": 10345.847,"Actual Total Time": 10377.998,"Actual Rows": 9,"Actual Loops": 1,"Sort Key": ["orders.o_totalprice DESC", "orders.o_orderdate"],"Sort Method": "quicksort","Sort Space Used": 25,"Sort Space Type": "Memory","Plans": [{"Node Type": "Aggregate","Strategy": "Hashed","Partial Mode": "Simple","Parent Relationship": "Outer","Parallel Aware": false,"Async Capable": false,"Startup Cost": 347151.30,"Total Cost": 353090.30,"Plan Rows": 475120,"Plan Width": 71,"Actual Startup Time": 10329.232,"Actual Total Time": 10377.856,"Actual Rows": 9,"Actual Loops": 1,"Group Key": ["customer.c_custkey", "orders.o_orderkey"],"Planned Partitions": 0,"HashAgg Batches": 1,"Peak Memory Usage": 24601,"Disk Usage": 0,"Plans": [{"Node Type": "Gather","Parent Relationship": "Outer","Parallel Aware": false,"Async Capable": false,"Startup Cost": 216528.94,"Total Cost": 343587.90,"Plan Rows": 475120,"Plan Width": 44,"Actual Startup Time": 10053.961,"Actual Total Time": 10357.615,"Actual Rows": 63,"Actual Loops": 1,"Workers Planned": 3,"Workers Launched": 3,"Single Copy": false,"Plans": [{"Node Type": "Hash Join","Parent Relationship": "Outer","Parallel Aware": true,"Async Capable": false,"Join Type": "Inner","Startup Cost": 215528.94,"Total Cost": 295075.90,"Plan Rows": 153265,"Plan Width": 44,"Actual Startup Time": 10157.696,"Actual Total Time": 10258.651,"Actual Rows": 16,"Actual Loops": 4,"Inner Unique": true,"Hash Cond": "(orders.o_custkey = customer.c_custkey)","Workers": [],"Plans": [{"Node Type": "Nested Loop","Parent Relationship": "Outer","Parallel Aware": false,"Async Capable": false,"Join Type": "Inner","Startup Cost": 210537.69,"Total Cost": 289682.32,"Plan Rows": 153265,"Plan Width": 25,"Actual Startup Time": 10123.332,"Actual Total Time": 10224.239,"Actual Rows": 16,"Actual Loops": 4,"Inner Unique": false,"Workers": [],"Plans": [{"Node Type": "Hash Join","Parent Relationship": "Outer","Parallel Aware": false,"Async Capable": false,"Join Type": "Inner","Startup Cost": 210537.26,"Total Cost": 242741.13,"Plan Rows": 38308,"Plan Width": 24,"Actual Startup Time": 10123.186,"Actual Total Time": 10223.998,"Actual Rows": 2,"Actual Loops": 4,"Inner Unique": true,"Hash Cond": "(orders.o_orderkey = lineitem_1.l_orderkey)","Workers": [],"Plans": [{"Node Type": "Seq Scan","Parent Relationship": "Outer","Parallel Aware": true,"Async Capable": false,"Relation Name": "orders","Alias": "orders","Startup Cost": 0.00,"Total Cost": 30933.71,"Plan Rows": 483871,"Plan Width": 20,"Actual Startup Time": 0.011,"Actual Total Time": 49.852,"Actual Rows": 375000,"Actual Loops": 4,"Workers": []},{"Node Type": "Hash","Parent Relationship": "Inner","Parallel Aware": false,"Async Capable": false,"Startup Cost": 209052.81,"Total Cost": 209052.81,"Plan Rows": 118756,"Plan Width": 4,"Actual Startup Time": 10005.666,"Actual Total Time": 10005.673,"Actual Rows": 9,"Actual Loops": 4,"Hash Buckets": 131072,"Original Hash Buckets": 131072,"Hash Batches": 1,"Original Hash Batches": 1,"Peak Memory Usage": 1025,"Workers": [],"Plans": [{"Node Type": "Aggregate","Strategy": "Hashed","Partial Mode": "Simple","Parent Relationship": "Outer","Parallel Aware": false,"Async Capable": false,"Startup Cost": 202521.23,"Total Cost": 207865.25,"Plan Rows": 118756,"Plan Width": 4,"Actual Startup Time": 6310.010,"Actual Total Time": 10005.543,"Actual Rows": 9,"Actual Loops": 4,"Group Key": ["lineitem_1.l_orderkey"],"Filter": "(sum(lineitem_1.l_quantity) > '313'::numeric)","Planned Partitions": 0,"HashAgg Batches": 1,"Peak Memory Usage": 638993,"Disk Usage": 0,"Rows Removed by Filter": 1499991,"Workers": [{"Worker Number": 0,"HashAgg Batches": 1,"Peak Memory Usage": 638993,"Disk Usage": 0},{"Worker Number": 1,"HashAgg Batches": 1,"Peak Memory Usage": 638993,"Disk Usage": 0},{"Worker Number": 2,"HashAgg Batches": 1,"Peak Memory Usage": 638993,"Disk Usage": 0}],"Plans": [{"Node Type": "Seq Scan","Parent Relationship": "Outer","Parallel Aware": false,"Async Capable": false,"Relation Name": "lineitem","Alias": "lineitem_1","Startup Cost": 0.00,"Total Cost": 172515.15,"Plan Rows": 6001215,"Plan Width": 9,"Actual Startup Time": 0.020,"Actual Total Time": 994.479,"Actual Rows": 6001215,"Actual Loops": 4,"Workers": []}]}]}]},{"Node Type": "Index Scan","Parent Relationship": "Inner","Parallel Aware": false,"Async Capable": false,"Scan Direction": "Forward","Index Name": "idx_lineitem_orderkey","Relation Name": "lineitem","Alias": "lineitem","Startup Cost": 0.43,"Total Cost": 1.06,"Plan Rows": 17,"Plan Width": 9,"Actual Startup Time": 0.068,"Actual Total Time": 0.075,"Actual Rows": 7,"Actual Loops": 9,"Index Cond": "(l_orderkey = orders.o_orderkey)","Rows Removed by Index Recheck": 0,"Workers": []}]},{"Node Type": "Hash","Parent Relationship": "Inner","Parallel Aware": true,"Async Capable": false,"Startup Cost": 4210.00,"Total Cost": 4210.00,"Plan Rows": 62500,"Plan Width": 23,"Actual Startup Time": 33.578,"Actual Total Time": 33.582,"Actual Rows": 37500,"Actual Loops": 4,"Hash Buckets": 262144,"Original Hash Buckets": 262144,"Hash Batches": 1,"Original Hash Batches": 1,"Peak Memory Usage": 10336,"Workers": [],"Plans": [{"Node Type": "Seq Scan","Parent Relationship": "Outer","Parallel Aware": true,"Async Capable": false,"Relation Name": "customer","Alias": "customer","Startup Cost": 0.00,"Total Cost": 4210.00,"Plan Rows": 62500,"Plan Width": 23,"Actual Startup Time": 0.023,"Actual Total Time": 16.777,"Actual Rows": 37500,"Actual Loops": 4,"Workers": []}]}]}]}]}]},"Planning Time": 6.662,"Triggers": [],"Execution Time": 10430.266}]
[{"Plan": {"Node Type": "Sort","Parallel Aware": false,"Async Capable": false,"Startup Cost": 397889.21,"Total Cost": 399077.01,"Plan Rows": 475120,"Plan Width": 71,"Actual Startup Time": 10345.847,"Actual Total Time": 10377.998,"Actual Rows": 9,"Actual Loops": 1,"Sort Key": ["orders.o_totalprice DESC", "orders.o_orderdate"],"Sort Method": "quicksort","Sort Space Used": 25,"Sort Space Type": "Memory","Plans": [{"Node Type": "Aggregate","Strategy": "Hashed","Partial Mode": "Simple","Parent Relationship": "Outer","Parallel Aware": false,"Async Capable": false,"Startup Cost": 347151.30,"Total Cost": 353090.30,"Plan Rows": 475120,"Plan Width": 71,"Actual Startup Time": 10329.232,"Actual Total Time": 10377.856,"Actual Rows": 9,"Actual Loops": 1,"Group Key": ["customer.c_custkey", "orders.o_orderkey"],"Planned Partitions": 0,"HashAgg Batches": 1,"Peak Memory Usage": 24601,"Disk Usage": 0,"Plans": [{"Node Type": "Gather","Parent Relationship": "Outer","Parallel Aware": false,"Async Capable": false,"Startup Cost": 216528.94,"Total Cost": 343587.90,"Plan Rows": 475120,"Plan Width": 44,"Actual Startup Time": 10053.961,"Actual Total Time": 10357.615,"Actual Rows": 63,"Actual Loops": 1,"Workers Planned": 3,"Workers Launched": 3,"Single Copy": false,"Plans": [{"Node Type": "Hash Join","Parent Relationship": "Outer","Parallel Aware": true,"Async Capable": false,"Join Type": "Inner","Startup Cost": 215528.94,"Total Cost": 295075.90,"Plan Rows": 153265,"Plan Width": 44,"Actual Startup Time": 10157.696,"Actual Total Time": 10258.651,"Actual Rows": 16,"Actual Loops": 4,"Inner Unique": true,"Hash Cond": "(orders.o_custkey = customer.c_custkey)","Workers": [],"Plans": [{"Node Type": "Nested Loop","Parent Relationship": "Outer","Parallel Aware": false,"Async Capable": false,"Join Type": "Inner","Startup Cost": 210537.69,"Total Cost": 289682.32,"Plan Rows": 153265,"Plan Width": 25,"Actual Startup Time": 10123.332,"Actual Total Time": 10224.239,"Actual Rows": 16,"Actual Loops": 4,"Inner Unique": false,"Workers": [],"Plans": [{"Node Type": "Hash Join","Parent Relationship": "Outer","Parallel Aware": false,"Async Capable": false,"Join Type": "Inner","Startup Cost": 210537.26,"Total Cost": 242741.13,"Plan Rows": 38308,"Plan Width": 24,"Actual Startup Time": 10123.186,"Actual Total Time": 10223.998,"Actual Rows": 2,"Actual Loops": 4,"Inner Unique": true,"Hash Cond": "(orders.o_orderkey = lineitem_1.l_orderkey)","Workers": [],"Plans": [{"Node Type": "Seq Scan","Parent Relationship": "Outer","Parallel Aware": true,"Async Capable": false,"Relation Name": "orders","Alias": "orders","Startup Cost": 0.00,"Total Cost": 30933.71,"Plan Rows": 483871,"Plan Width": 20,"Actual Startup Time": 0.011,"Actual Total Time": 49.852,"Actual Rows": 375000,"Actual Loops": 4,"Workers": []},{"Node Type": "Hash","Parent Relationship": "Inner","Parallel Aware": false,"Async Capable": false,"Startup Cost": 209052.81,"Total Cost": 209052.81,"Plan Rows": 118756,"Plan Width": 4,"Actual Startup Time": 10005.666,"Actual Total Time": 10005.673,"Actual Rows": 9,"Actual Loops": 4,"Hash Buckets": 131072,"Original Hash Buckets": 131072,"Hash Batches": 1,"Original Hash Batches": 1,"Peak Memory Usage": 1025,"Workers": [],"Plans": [{"Node Type": "Aggregate","Strategy": "Hashed","Partial Mode": "Simple","Parent Relationship": "Outer","Parallel Aware": false,"Async Capable": false,"Startup Cost": 202521.23,"Total Cost": 207865.25,"Plan Rows": 118756,"Plan Width": 4,"Actual Startup Time": 6310.010,"Actual Total Time": 10005.543,"Actual Rows": 9,"Actual Loops": 4,"Group Key": ["lineitem_1.l_orderkey"],"Filter": "(sum(lineitem_1.l_quantity) > '313'::numeric)","Planned Partitions": 0,"HashAgg Batches": 1,"Peak Memory Usage": 638993,"Disk Usage": 0,"Rows Removed by Filter": 1499991,"Workers": [{"Worker Number": 0,"HashAgg Batches": 1,"Peak Memory Usage": 638993,"Disk Usage": 0},{"Worker Number": 1,"HashAgg Batches": 1,"Peak Memory Usage": 638993,"Disk Usage": 0},{"Worker Number": 2,"HashAgg Batches": 1,"Peak Memory Usage": 638993,"Disk Usage": 0}],"Plans": [{"Node Type": "Seq Scan","Parent Relationship": "Outer","Parallel Aware": false,"Async Capable": false,"Relation Name": "lineitem","Alias": "lineitem_1","Startup Cost": 0.00,"Total Cost": 172515.15,"Plan Rows": 6001215,"Plan Width": 9,"Actual Startup Time": 0.020,"Actual Total Time": 994.479,"Actual Rows": 6001215,"Actual Loops": 4,"Workers": []}]}]}]},{"Node Type": "Index Scan","Parent Relationship": "Inner","Parallel Aware": false,"Async Capable": false,"Scan Direction": "Forward","Index Name": "idx_lineitem_orderkey","Relation Name": "lineitem","Alias": "lineitem","Startup Cost": 0.43,"Total Cost": 1.06,"Plan Rows": 17,"Plan Width": 9,"Actual Startup Time": 0.068,"Actual Total Time": 0.075,"Actual Rows": 7,"Actual Loops": 9,"Index Cond": "(l_orderkey = orders.o_orderkey)","Rows Removed by Index Recheck": 0,"Workers": []}]},{"Node Type": "Hash","Parent Relationship": "Inner","Parallel Aware": true,"Async Capable": false,"Startup Cost": 4210.00,"Total Cost": 4210.00,"Plan Rows": 62500,"Plan Width": 23,"Actual Startup Time": 33.578,"Actual Total Time": 33.582,"Actual Rows": 37500,"Actual Loops": 4,"Hash Buckets": 262144,"Original Hash Buckets": 262144,"Hash Batches": 1,"Original Hash Batches": 1,"Peak Memory Usage": 10336,"Workers": [],"Plans": [{"Node Type": "Seq Scan","Parent Relationship": "Outer","Parallel Aware": true,"Async Capable": false,"Relation Name": "customer","Alias": "customer","Startup Cost": 0.00,"Total Cost": 4210.00,"Plan Rows": 62500,"Plan Width": 23,"Actual Startup Time": 0.023,"Actual Total Time": 16.777,"Actual Rows": 37500,"Actual Loops": 4,"Workers": []}]}]}]}]}]},"Planning Time": 6.662,"Triggers": [],"Execution Time": 10430.266}]
[{"Plan": {"Node Type": "Sort","Parallel Aware": false,"Async Capable": false,"Startup Cost": 397889.21,"Total Cost": 399077.01,"Plan Rows": 475120,"Plan Width": 71,"Actual Startup Time": 10345.847,"Actual Total Time": 10377.998,"Actual Rows": 9,"Actual Loops": 1,"Sort Key": ["orders.o_totalprice DESC", "orders.o_orderdate"],"Sort Method": "quicksort","Sort Space Used": 25,"Sort Space Type": "Memory","Plans": [{"Node Type": "Aggregate","Strategy": "Hashed","Partial Mode": "Simple","Parent Relationship": "Outer","Parallel Aware": false,"Async Capable": false,"Startup Cost": 347151.30,"Total Cost": 353090.30,"Plan Rows": 475120,"Plan Width": 71,"Actual Startup Time": 10329.232,"Actual Total Time": 10377.856,"Actual Rows": 9,"Actual Loops": 1,"Group Key": ["customer.c_custkey", "orders.o_orderkey"],"Planned Partitions": 0,"HashAgg Batches": 1,"Peak Memory Usage": 24601,"Disk Usage": 0,"Plans": [{"Node Type": "Gather","Parent Relationship": "Outer","Parallel Aware": false,"Async Capable": false,"Startup Cost": 216528.94,"Total Cost": 343587.90,"Plan Rows": 475120,"Plan Width": 44,"Actual Startup Time": 10053.961,"Actual Total Time": 10357.615,"Actual Rows": 63,"Actual Loops": 1,"Workers Planned": 3,"Workers Launched": 3,"Single Copy": false,"Plans": [{"Node Type": "Hash Join","Parent Relationship": "Outer","Parallel Aware": true,"Async Capable": false,"Join Type": "Inner","Startup Cost": 215528.94,"Total Cost": 295075.90,"Plan Rows": 153265,"Plan Width": 44,"Actual Startup Time": 10157.696,"Actual Total Time": 10258.651,"Actual Rows": 16,"Actual Loops": 4,"Inner Unique": true,"Hash Cond": "(orders.o_custkey = customer.c_custkey)","Workers": [],"Plans": [{"Node Type": "Nested Loop","Parent Relationship": "Outer","Parallel Aware": false,"Async Capable": false,"Join Type": "Inner","Startup Cost": 210537.69,"Total Cost": 289682.32,"Plan Rows": 153265,"Plan Width": 25,"Actual Startup Time": 10123.332,"Actual Total Time": 10224.239,"Actual Rows": 16,"Actual Loops": 4,"Inner Unique": false,"Workers": [],"Plans": [{"Node Type": "Hash Join","Parent Relationship": "Outer","Parallel Aware": false,"Async Capable": false,"Join Type": "Inner","Startup Cost": 210537.26,"Total Cost": 242741.13,"Plan Rows": 38308,"Plan Width": 24,"Actual Startup Time": 10123.186,"Actual Total Time": 10223.998,"Actual Rows": 2,"Actual Loops": 4,"Inner Unique": true,"Hash Cond": "(orders.o_orderkey = lineitem_1.l_orderkey)","Workers": [],"Plans": [{"Node Type": "Seq Scan","Parent Relationship": "Outer","Parallel Aware": true,"Async Capable": false,"Relation Name": "orders","Alias": "orders","Startup Cost": 0.00,"Total Cost": 30933.71,"Plan Rows": 483871,"Plan Width": 20,"Actual Startup Time": 0.011,"Actual Total Time": 49.852,"Actual Rows": 375000,"Actual Loops": 4,"Workers": []},{"Node Type": "Hash","Parent Relationship": "Inner","Parallel Aware": false,"Async Capable": false,"Startup Cost": 209052.81,"Total Cost": 209052.81,"Plan Rows": 118756,"Plan Width": 4,"Actual Startup Time": 10005.666,"Actual Total Time": 10005.673,"Actual Rows": 9,"Actual Loops": 4,"Hash Buckets": 131072,"Original Hash Buckets": 131072,"Hash Batches": 1,"Original Hash Batches": 1,"Peak Memory Usage": 1025,"Workers": [],"Plans": [{"Node Type": "Aggregate","Strategy": "Hashed","Partial Mode": "Simple","Parent Relationship": "Outer","Parallel Aware": false,"Async Capable": false,"Startup Cost": 202521.23,"Total Cost": 207865.25,"Plan Rows": 118756,"Plan Width": 4,"Actual Startup Time": 6310.010,"Actual Total Time": 10005.543,"Actual Rows": 9,"Actual Loops": 4,"Group Key": ["lineitem_1.l_orderkey"],"Filter": "(sum(lineitem_1.l_quantity) > '313'::numeric)","Planned Partitions": 0,"HashAgg Batches": 1,"Peak Memory Usage": 638993,"Disk Usage": 0,"Rows Removed by Filter": 1499991,"Workers": [{"Worker Number": 0,"HashAgg Batches": 1,"Peak Memory Usage": 638993,"Disk Usage": 0},{"Worker Number": 1,"HashAgg Batches": 1,"Peak Memory Usage": 638993,"Disk Usage": 0},{"Worker Number": 2,"HashAgg Batches": 1,"Peak Memory Usage": 638993,"Disk Usage": 0}],"Plans": [{"Node Type": "Seq Scan","Parent Relationship": "Outer","Parallel Aware": false,"Async Capable": false,"Relation Name": "lineitem","Alias": "lineitem_1","Startup Cost": 0.00,"Total Cost": 172515.15,"Plan Rows": 6001215,"Plan Width": 9,"Actual Startup Time": 0.020,"Actual Total Time": 994.479,"Actual Rows": 6001215,"Actual Loops": 4,"Workers": []}]}]}]},{"Node Type": "Index Scan","Parent Relationship": "Inner","Parallel Aware": false,"Async Capable": false,"Scan Direction": "Forward","Index Name": "idx_lineitem_orderkey","Relation Name": "lineitem","Alias": "lineitem","Startup Cost": 0.43,"Total Cost": 1.06,"Plan Rows": 17,"Plan Width": 9,"Actual Startup Time": 0.068,"Actual Total Time": 0.075,"Actual Rows": 7,"Actual Loops": 9,"Index Cond": "(l_orderkey = orders.o_orderkey)","Rows Removed by Index Recheck": 0,"Workers": []}]},{"Node Type": "Hash","Parent Relationship": "Inner","Parallel Aware": true,"Async Capable": false,"Startup Cost": 4210.00,"Total Cost": 4210.00,"Plan Rows": 62500,"Plan Width": 23,"Actual Startup Time": 33.578,"Actual Total Time": 33.582,"Actual Rows": 37500,"Actual Loops": 4,"Hash Buckets": 262144,"Original Hash Buckets": 262144,"Hash Batches": 1,"Original Hash Batches": 1,"Peak Memory Usage": 10336,"Workers": [],"Plans": [{"Node Type": "Seq Scan","Parent Relationship": "Outer","Parallel Aware": true,"Async Capable": false,"Relation Name": "customer","Alias": "customer","Startup Cost": 0.00,"Total Cost": 4210.00,"Plan Rows": 62500,"Plan Width": 23,"Actual Startup Time": 0.023,"Actual Total Time": 16.777,"Actual Rows": 37500,"Actual Loops": 4,"Workers": []}]}]}]}]}]},"Planning Time": 6.662,"Triggers": [],"Execution Time": 10430.266}]
[{"Plan": {"Node Type": "Sort","Parallel Aware": false,"Async Capable": false,"Startup Cost": 397889.21,"Total Cost": 399077.01,"Plan Rows": 475120,"Plan Width": 71,"Actual Startup Time": 10785.011,"Actual Total Time": 10839.032,"Actual Rows": 9,"Actual Loops": 1,"Sort Key": ["orders.o_totalprice DESC", "orders.o_orderdate"],"Sort Method": "quicksort","Sort Space Used": 25,"Sort Space Type": "Memory","Plans": [{"Node Type": "Aggregate","Strategy": "Hashed","Partial Mode": "Simple","Parent Relationship": "Outer","Parallel Aware": false,"Async Capable": false,"Startup Cost": 347151.30,"Total Cost": 353090.30,"Plan Rows": 475120,"Plan Width": 71,"Actual Startup Time": 10763.855,"Actual Total Time": 10838.848,"Actual Rows": 9,"Actual Loops": 1,"Group Key": ["customer.c_custkey", "orders.o_orderkey"],"Planned Partitions": 0,"HashAgg Batches": 1,"Peak Memory Usage": 24601,"Disk Usage": 0,"Plans": [{"Node Type": "Gather","Parent Relationship": "Outer","Parallel Aware": false,"Async Capable": false,"Startup Cost": 216528.94,"Total Cost": 343587.90,"Plan Rows": 475120,"Plan Width": 44,"Actual Startup Time": 9674.071,"Actual Total Time": 10813.470,"Actual Rows": 63,"Actual Loops": 1,"Workers Planned": 3,"Workers Launched": 3,"Single Copy": false,"Plans": [{"Node Type": "Hash Join","Parent Relationship": "Outer","Parallel Aware": true,"Async Capable": false,"Join Type": "Inner","Startup Cost": 215528.94,"Total Cost": 295075.90,"Plan Rows": 153265,"Plan Width": 44,"Actual Startup Time": 10141.072,"Actual Total Time": 10312.965,"Actual Rows": 16,"Actual Loops": 4,"Inner Unique": true,"Hash Cond": "(orders.o_custkey = customer.c_custkey)","Workers": [],"Plans": [{"Node Type": "Nested Loop","Parent Relationship": "Outer","Parallel Aware": false,"Async Capable": false,"Join Type": "Inner","Startup Cost": 210537.69,"Total Cost": 289682.32,"Plan Rows": 153265,"Plan Width": 25,"Actual Startup Time": 10104.129,"Actual Total Time": 10275.947,"Actual Rows": 16,"Actual Loops": 4,"Inner Unique": false,"Workers": [],"Plans": [{"Node Type": "Hash Join","Parent Relationship": "Outer","Parallel Aware": false,"Async Capable": false,"Join Type": "Inner","Startup Cost": 210537.26,"Total Cost": 242741.13,"Plan Rows": 38308,"Plan Width": 24,"Actual Startup Time": 10104.052,"Actual Total Time": 10275.739,"Actual Rows": 2,"Actual Loops": 4,"Inner Unique": true,"Hash Cond": "(orders.o_orderkey = lineitem_1.l_orderkey)","Workers": [],"Plans": [{"Node Type": "Seq Scan","Parent Relationship": "Outer","Parallel Aware": true,"Async Capable": false,"Relation Name": "orders","Alias": "orders","Startup Cost": 0.00,"Total Cost": 30933.71,"Plan Rows": 483871,"Plan Width": 20,"Actual Startup Time": 0.007,"Actual Total Time": 53.689,"Actual Rows": 375000,"Actual Loops": 4,"Workers": []},{"Node Type": "Hash","Parent Relationship": "Inner","Parallel Aware": false,"Async Capable": false,"Startup Cost": 209052.81,"Total Cost": 209052.81,"Plan Rows": 118756,"Plan Width": 4,"Actual Startup Time": 10025.157,"Actual Total Time": 10025.166,"Actual Rows": 9,"Actual Loops": 4,"Hash Buckets": 131072,"Original Hash Buckets": 131072,"Hash Batches": 1,"Original Hash Batches": 1,"Peak Memory Usage": 1025,"Workers": [],"Plans": [{"Node Type": "Aggregate","Strategy": "Hashed","Partial Mode": "Simple","Parent Relationship": "Outer","Parallel Aware": false,"Async Capable": false,"Startup Cost": 202521.23,"Total Cost": 207865.25,"Plan Rows": 118756,"Plan Width": 4,"Actual Startup Time": 6285.839,"Actual Total Time": 10024.981,"Actual Rows": 9,"Actual Loops": 4,"Group Key": ["lineitem_1.l_orderkey"],"Filter": "(sum(lineitem_1.l_quantity) > '314'::numeric)","Planned Partitions": 0,"HashAgg Batches": 1,"Peak Memory Usage": 638993,"Disk Usage": 0,"Rows Removed by Filter": 1499991,"Workers": [{"Worker Number": 0,"HashAgg Batches": 1,"Peak Memory Usage": 638993,"Disk Usage": 0},{"Worker Number": 1,"HashAgg Batches": 1,"Peak Memory Usage": 638993,"Disk Usage": 0},{"Worker Number": 2,"HashAgg Batches": 1,"Peak Memory Usage": 638993,"Disk Usage": 0}],"Plans": [{"Node Type": "Seq Scan","Parent Relationship": "Outer","Parallel Aware": false,"Async Capable": false,"Relation Name": "lineitem","Alias": "lineitem_1","Startup Cost": 0.00,"Total Cost": 172515.15,"Plan Rows": 6001215,"Plan Width": 9,"Actual Startup Time": 0.019,"Actual Total Time": 931.752,"Actual Rows": 6001215,"Actual Loops": 4,"Workers": []}]}]}]},{"Node Type": "Index Scan","Parent Relationship": "Inner","Parallel Aware": false,"Async Capable": false,"Scan Direction": "Forward","Index Name": "idx_lineitem_orderkey","Relation Name": "lineitem","Alias": "lineitem","Startup Cost": 0.43,"Total Cost": 1.06,"Plan Rows": 17,"Plan Width": 9,"Actual Startup Time": 0.055,"Actual Total Time": 0.062,"Actual Rows": 7,"Actual Loops": 9,"Index Cond": "(l_orderkey = orders.o_orderkey)","Rows Removed by Index Recheck": 0,"Workers": []}]},{"Node Type": "Hash","Parent Relationship": "Inner","Parallel Aware": true,"Async Capable": false,"Startup Cost": 4210.00,"Total Cost": 4210.00,"Plan Rows": 62500,"Plan Width": 23,"Actual Startup Time": 36.172,"Actual Total Time": 36.190,"Actual Rows": 37500,"Actual Loops": 4,"Hash Buckets": 262144,"Original Hash Buckets": 262144,"Hash Batches": 1,"Original Hash Batches": 1,"Peak Memory Usage": 10336,"Workers": [],"Plans": [{"Node Type": "Seq Scan","Parent Relationship": "Outer","Parallel Aware": true,"Async Capable": false,"Relation Name": "customer","Alias": "customer","Startup Cost": 0.00,"Total Cost": 4210.00,"Plan Rows": 62500,"Plan Width": 23,"Actual Startup Time": 0.024,"Actual Total Time": 17.933,"Actual Rows": 37500,"Actual Loops": 4,"Workers": []}]}]}]}]}]},"Planning Time": 6.881,"Triggers": [],"Execution Time": 10893.482}]
[{"Plan": {"Node Type": "Sort","Parallel Aware": false,"Async Capable": false,"Startup Cost": 397889.21,"Total Cost": 399077.01,"Plan Rows": 475120,"Plan Width": 71,"Actual Startup Time": 10887.509,"Actual Total Time": 10908.132,"Actual Rows": 10,"Actual Loops": 1,"Sort Key": ["orders.o_totalprice DESC", "orders.o_orderdate"],"Sort Method": "quicksort","Sort Space Used": 25,"Sort Space Type": "Memory","Plans": [{"Node Type": "Aggregate","Strategy": "Hashed","Partial Mode": "Simple","Parent Relationship": "Outer","Parallel Aware": false,"Async Capable": false,"Startup Cost": 347151.30,"Total Cost": 353090.30,"Plan Rows": 475120,"Plan Width": 71,"Actual Startup Time": 10848.812,"Actual Total Time": 10907.941,"Actual Rows": 10,"Actual Loops": 1,"Group Key": ["customer.c_custkey", "orders.o_orderkey"],"Planned Partitions": 0,"HashAgg Batches": 1,"Peak Memory Usage": 24601,"Disk Usage": 0,"Plans": [{"Node Type": "Gather","Parent Relationship": "Outer","Parallel Aware": false,"Async Capable": false,"Startup Cost": 216528.94,"Total Cost": 343587.90,"Plan Rows": 475120,"Plan Width": 44,"Actual Startup Time": 10782.037,"Actual Total Time": 10858.151,"Actual Rows": 70,"Actual Loops": 1,"Workers Planned": 3,"Workers Launched": 3,"Single Copy": false,"Plans": [{"Node Type": "Hash Join","Parent Relationship": "Outer","Parallel Aware": true,"Async Capable": false,"Join Type": "Inner","Startup Cost": 215528.94,"Total Cost": 295075.90,"Plan Rows": 153265,"Plan Width": 44,"Actual Startup Time": 10180.765,"Actual Total Time": 10348.312,"Actual Rows": 18,"Actual Loops": 4,"Inner Unique": true,"Hash Cond": "(orders.o_custkey = customer.c_custkey)","Workers": [],"Plans": [{"Node Type": "Nested Loop","Parent Relationship": "Outer","Parallel Aware": false,"Async Capable": false,"Join Type": "Inner","Startup Cost": 210537.69,"Total Cost": 289682.32,"Plan Rows": 153265,"Plan Width": 25,"Actual Startup Time": 10142.809,"Actual Total Time": 10310.270,"Actual Rows": 18,"Actual Loops": 4,"Inner Unique": false,"Workers": [],"Plans": [{"Node Type": "Hash Join","Parent Relationship": "Outer","Parallel Aware": false,"Async Capable": false,"Join Type": "Inner","Startup Cost": 210537.26,"Total Cost": 242741.13,"Plan Rows": 38308,"Plan Width": 24,"Actual Startup Time": 10142.670,"Actual Total Time": 10309.991,"Actual Rows": 2,"Actual Loops": 4,"Inner Unique": true,"Hash Cond": "(orders.o_orderkey = lineitem_1.l_orderkey)","Workers": [],"Plans": [{"Node Type": "Seq Scan","Parent Relationship": "Outer","Parallel Aware": true,"Async Capable": false,"Relation Name": "orders","Alias": "orders","Startup Cost": 0.00,"Total Cost": 30933.71,"Plan Rows": 483871,"Plan Width": 20,"Actual Startup Time": 0.009,"Actual Total Time": 49.040,"Actual Rows": 375000,"Actual Loops": 4,"Workers": []},{"Node Type": "Hash","Parent Relationship": "Inner","Parallel Aware": false,"Async Capable": false,"Startup Cost": 209052.81,"Total Cost": 209052.81,"Plan Rows": 118756,"Plan Width": 4,"Actual Startup Time": 10075.163,"Actual Total Time": 10075.176,"Actual Rows": 10,"Actual Loops": 4,"Hash Buckets": 131072,"Original Hash Buckets": 131072,"Hash Batches": 1,"Original Hash Batches": 1,"Peak Memory Usage": 1025,"Workers": [],"Plans": [{"Node Type": "Aggregate","Strategy": "Hashed","Partial Mode": "Simple","Parent Relationship": "Outer","Parallel Aware": false,"Async Capable": false,"Startup Cost": 202521.23,"Total Cost": 207865.25,"Plan Rows": 118756,"Plan Width": 4,"Actual Startup Time": 6293.151,"Actual Total Time": 10074.968,"Actual Rows": 10,"Actual Loops": 4,"Group Key": ["lineitem_1.l_orderkey"],"Filter": "(sum(lineitem_1.l_quantity) > '312'::numeric)","Planned Partitions": 0,"HashAgg Batches": 1,"Peak Memory Usage": 638993,"Disk Usage": 0,"Rows Removed by Filter": 1499990,"Workers": [{"Worker Number": 0,"HashAgg Batches": 1,"Peak Memory Usage": 638993,"Disk Usage": 0},{"Worker Number": 1,"HashAgg Batches": 1,"Peak Memory Usage": 638993,"Disk Usage": 0},{"Worker Number": 2,"HashAgg Batches": 1,"Peak Memory Usage": 638993,"Disk Usage": 0}],"Plans": [{"Node Type": "Seq Scan","Parent Relationship": "Outer","Parallel Aware": false,"Async Capable": false,"Relation Name": "lineitem","Alias": "lineitem_1","Startup Cost": 0.00,"Total Cost": 172515.15,"Plan Rows": 6001215,"Plan Width": 9,"Actual Startup Time": 0.021,"Actual Total Time": 960.546,"Actual Rows": 6001215,"Actual Loops": 4,"Workers": []}]}]}]},{"Node Type": "Index Scan","Parent Relationship": "Inner","Parallel Aware": false,"Async Capable": false,"Scan Direction": "Forward","Index Name": "idx_lineitem_orderkey","Relation Name": "lineitem","Alias": "lineitem","Startup Cost": 0.43,"Total Cost": 1.06,"Plan Rows": 17,"Plan Width": 9,"Actual Startup Time": 0.072,"Actual Total Time": 0.079,"Actual Rows": 7,"Actual Loops": 10,"Index Cond": "(l_orderkey = orders.o_orderkey)","Rows Removed by Index Recheck": 0,"Workers": []}]},{"Node Type": "Hash","Parent Relationship": "Inner","Parallel Aware": true,"Async Capable": false,"Startup Cost": 4210.00,"Total Cost": 4210.00,"Plan Rows": 62500,"Plan Width": 23,"Actual Startup Time": 37.105,"Actual Total Time": 37.114,"Actual Rows": 37500,"Actual Loops": 4,"Hash Buckets": 262144,"Original Hash Buckets": 262144,"Hash Batches": 1,"Original Hash Batches": 1,"Peak Memory Usage": 10368,"Workers": [],"Plans": [{"Node Type": "Seq Scan","Parent Relationship": "Outer","Parallel Aware": true,"Async Capable": false,"Relation Name": "customer","Alias": "customer","Startup Cost": 0.00,"Total Cost": 4210.00,"Plan Rows": 62500,"Plan Width": 23,"Actual Startup Time": 0.025,"Actual Total Time": 19.726,"Actual Rows": 37500,"Actual Loops": 4,"Workers": []}]}]}]}]}]},"Planning Time": 6.715,"Triggers": [],"Execution Time": 10961.817}]
[{"Plan": {"Node Type": "Sort","Parallel Aware": false,"Async Capable": false,"Startup Cost": 397889.21,"Total Cost": 399077.01,"Plan Rows": 475120,"Plan Width": 71,"Actual Startup Time": 10887.509,"Actual Total Time": 10908.132,"Actual Rows": 10,"Actual Loops": 1,"Sort Key": ["orders.o_totalprice DESC", "orders.o_orderdate"],"Sort Method": "quicksort","Sort Space Used": 25,"Sort Space Type": "Memory","Plans": [{"Node Type": "Aggregate","Strategy": "Hashed","Partial Mode": "Simple","Parent Relationship": "Outer","Parallel Aware": false,"Async Capable": false,"Startup Cost": 347151.30,"Total Cost": 353090.30,"Plan Rows": 475120,"Plan Width": 71,"Actual Startup Time": 10848.812,"Actual Total Time": 10907.941,"Actual Rows": 10,"Actual Loops": 1,"Group Key": ["customer.c_custkey", "orders.o_orderkey"],"Planned Partitions": 0,"HashAgg Batches": 1,"Peak Memory Usage": 24601,"Disk Usage": 0,"Plans": [{"Node Type": "Gather","Parent Relationship": "Outer","Parallel Aware": false,"Async Capable": false,"Startup Cost": 216528.94,"Total Cost": 343587.90,"Plan Rows": 475120,"Plan Width": 44,"Actual Startup Time": 10782.037,"Actual Total Time": 10858.151,"Actual Rows": 70,"Actual Loops": 1,"Workers Planned": 3,"Workers Launched": 3,"Single Copy": false,"Plans": [{"Node Type": "Hash Join","Parent Relationship": "Outer","Parallel Aware": true,"Async Capable": false,"Join Type": "Inner","Startup Cost": 215528.94,"Total Cost": 295075.90,"Plan Rows": 153265,"Plan Width": 44,"Actual Startup Time": 10180.765,"Actual Total Time": 10348.312,"Actual Rows": 18,"Actual Loops": 4,"Inner Unique": true,"Hash Cond": "(orders.o_custkey = customer.c_custkey)","Workers": [],"Plans": [{"Node Type": "Nested Loop","Parent Relationship": "Outer","Parallel Aware": false,"Async Capable": false,"Join Type": "Inner","Startup Cost": 210537.69,"Total Cost": 289682.32,"Plan Rows": 153265,"Plan Width": 25,"Actual Startup Time": 10142.809,"Actual Total Time": 10310.270,"Actual Rows": 18,"Actual Loops": 4,"Inner Unique": false,"Workers": [],"Plans": [{"Node Type": "Hash Join","Parent Relationship": "Outer","Parallel Aware": false,"Async Capable": false,"Join Type": "Inner","Startup Cost": 210537.26,"Total Cost": 242741.13,"Plan Rows": 38308,"Plan Width": 24,"Actual Startup Time": 10142.670,"Actual Total Time": 10309.991,"Actual Rows": 2,"Actual Loops": 4,"Inner Unique": true,"Hash Cond": "(orders.o_orderkey = lineitem_1.l_orderkey)","Workers": [],"Plans": [{"Node Type": "Seq Scan","Parent Relationship": "Outer","Parallel Aware": true,"Async Capable": false,"Relation Name": "orders","Alias": "orders","Startup Cost": 0.00,"Total Cost": 30933.71,"Plan Rows": 483871,"Plan Width": 20,"Actual Startup Time": 0.009,"Actual Total Time": 49.040,"Actual Rows": 375000,"Actual Loops": 4,"Workers": []},{"Node Type": "Hash","Parent Relationship": "Inner","Parallel Aware": false,"Async Capable": false,"Startup Cost": 209052.81,"Total Cost": 209052.81,"Plan Rows": 118756,"Plan Width": 4,"Actual Startup Time": 10075.163,"Actual Total Time": 10075.176,"Actual Rows": 10,"Actual Loops": 4,"Hash Buckets": 131072,"Original Hash Buckets": 131072,"Hash Batches": 1,"Original Hash Batches": 1,"Peak Memory Usage": 1025,"Workers": [],"Plans": [{"Node Type": "Aggregate","Strategy": "Hashed","Partial Mode": "Simple","Parent Relationship": "Outer","Parallel Aware": false,"Async Capable": false,"Startup Cost": 202521.23,"Total Cost": 207865.25,"Plan Rows": 118756,"Plan Width": 4,"Actual Startup Time": 6293.151,"Actual Total Time": 10074.968,"Actual Rows": 10,"Actual Loops": 4,"Group Key": ["lineitem_1.l_orderkey"],"Filter": "(sum(lineitem_1.l_quantity) > '312'::numeric)","Planned Partitions": 0,"HashAgg Batches": 1,"Peak Memory Usage": 638993,"Disk Usage": 0,"Rows Removed by Filter": 1499990,"Workers": [{"Worker Number": 0,"HashAgg Batches": 1,"Peak Memory Usage": 638993,"Disk Usage": 0},{"Worker Number": 1,"HashAgg Batches": 1,"Peak Memory Usage": 638993,"Disk Usage": 0},{"Worker Number": 2,"HashAgg Batches": 1,"Peak Memory Usage": 638993,"Disk Usage": 0}],"Plans": [{"Node Type": "Seq Scan","Parent Relationship": "Outer","Parallel Aware": false,"Async Capable": false,"Relation Name": "lineitem","Alias": "lineitem_1","Startup Cost": 0.00,"Total Cost": 172515.15,"Plan Rows": 6001215,"Plan Width": 9,"Actual Startup Time": 0.021,"Actual Total Time": 960.546,"Actual Rows": 6001215,"Actual Loops": 4,"Workers": []}]}]}]},{"Node Type": "Index Scan","Parent Relationship": "Inner","Parallel Aware": false,"Async Capable": false,"Scan Direction": "Forward","Index Name": "idx_lineitem_orderkey","Relation Name": "lineitem","Alias": "lineitem","Startup Cost": 0.43,"Total Cost": 1.06,"Plan Rows": 17,"Plan Width": 9,"Actual Startup Time": 0.072,"Actual Total Time": 0.079,"Actual Rows": 7,"Actual Loops": 10,"Index Cond": "(l_orderkey = orders.o_orderkey)","Rows Removed by Index Recheck": 0,"Workers": []}]},{"Node Type": "Hash","Parent Relationship": "Inner","Parallel Aware": true,"Async Capable": false,"Startup Cost": 4210.00,"Total Cost": 4210.00,"Plan Rows": 62500,"Plan Width": 23,"Actual Startup Time": 37.105,"Actual Total Time": 37.114,"Actual Rows": 37500,"Actual Loops": 4,"Hash Buckets": 262144,"Original Hash Buckets": 262144,"Hash Batches": 1,"Original Hash Batches": 1,"Peak Memory Usage": 10368,"Workers": [],"Plans": [{"Node Type": "Seq Scan","Parent Relationship": "Outer","Parallel Aware": true,"Async Capable": false,"Relation Name": "customer","Alias": "customer","Startup Cost": 0.00,"Total Cost": 4210.00,"Plan Rows": 62500,"Plan Width": 23,"Actual Startup Time": 0.025,"Actual Total Time": 19.726,"Actual Rows": 37500,"Actual Loops": 4,"Workers": []}]}]}]}]}]},"Planning Time": 6.715,"Triggers": [],"Execution Time": 10961.817}]
[{"Plan": {"Node Type": "Sort","Parallel Aware": false,"Async Capable": false,"Startup Cost": 397889.21,"Total Cost": 399077.01,"Plan Rows": 475120,"Plan Width": 71,"Actual Startup Time": 10785.011,"Actual Total Time": 10839.032,"Actual Rows": 9,"Actual Loops": 1,"Sort Key": ["orders.o_totalprice DESC", "orders.o_orderdate"],"Sort Method": "quicksort","Sort Space Used": 25,"Sort Space Type": "Memory","Plans": [{"Node Type": "Aggregate","Strategy": "Hashed","Partial Mode": "Simple","Parent Relationship": "Outer","Parallel Aware": false,"Async Capable": false,"Startup Cost": 347151.30,"Total Cost": 353090.30,"Plan Rows": 475120,"Plan Width": 71,"Actual Startup Time": 10763.855,"Actual Total Time": 10838.848,"Actual Rows": 9,"Actual Loops": 1,"Group Key": ["customer.c_custkey", "orders.o_orderkey"],"Planned Partitions": 0,"HashAgg Batches": 1,"Peak Memory Usage": 24601,"Disk Usage": 0,"Plans": [{"Node Type": "Gather","Parent Relationship": "Outer","Parallel Aware": false,"Async Capable": false,"Startup Cost": 216528.94,"Total Cost": 343587.90,"Plan Rows": 475120,"Plan Width": 44,"Actual Startup Time": 9674.071,"Actual Total Time": 10813.470,"Actual Rows": 63,"Actual Loops": 1,"Workers Planned": 3,"Workers Launched": 3,"Single Copy": false,"Plans": [{"Node Type": "Hash Join","Parent Relationship": "Outer","Parallel Aware": true,"Async Capable": false,"Join Type": "Inner","Startup Cost": 215528.94,"Total Cost": 295075.90,"Plan Rows": 153265,"Plan Width": 44,"Actual Startup Time": 10141.072,"Actual Total Time": 10312.965,"Actual Rows": 16,"Actual Loops": 4,"Inner Unique": true,"Hash Cond": "(orders.o_custkey = customer.c_custkey)","Workers": [],"Plans": [{"Node Type": "Nested Loop","Parent Relationship": "Outer","Parallel Aware": false,"Async Capable": false,"Join Type": "Inner","Startup Cost": 210537.69,"Total Cost": 289682.32,"Plan Rows": 153265,"Plan Width": 25,"Actual Startup Time": 10104.129,"Actual Total Time": 10275.947,"Actual Rows": 16,"Actual Loops": 4,"Inner Unique": false,"Workers": [],"Plans": [{"Node Type": "Hash Join","Parent Relationship": "Outer","Parallel Aware": false,"Async Capable": false,"Join Type": "Inner","Startup Cost": 210537.26,"Total Cost": 242741.13,"Plan Rows": 38308,"Plan Width": 24,"Actual Startup Time": 10104.052,"Actual Total Time": 10275.739,"Actual Rows": 2,"Actual Loops": 4,"Inner Unique": true,"Hash Cond": "(orders.o_orderkey = lineitem_1.l_orderkey)","Workers": [],"Plans": [{"Node Type": "Seq Scan","Parent Relationship": "Outer","Parallel Aware": true,"Async Capable": false,"Relation Name": "orders","Alias": "orders","Startup Cost": 0.00,"Total Cost": 30933.71,"Plan Rows": 483871,"Plan Width": 20,"Actual Startup Time": 0.007,"Actual Total Time": 53.689,"Actual Rows": 375000,"Actual Loops": 4,"Workers": []},{"Node Type": "Hash","Parent Relationship": "Inner","Parallel Aware": false,"Async Capable": false,"Startup Cost": 209052.81,"Total Cost": 209052.81,"Plan Rows": 118756,"Plan Width": 4,"Actual Startup Time": 10025.157,"Actual Total Time": 10025.166,"Actual Rows": 9,"Actual Loops": 4,"Hash Buckets": 131072,"Original Hash Buckets": 131072,"Hash Batches": 1,"Original Hash Batches": 1,"Peak Memory Usage": 1025,"Workers": [],"Plans": [{"Node Type": "Aggregate","Strategy": "Hashed","Partial Mode": "Simple","Parent Relationship": "Outer","Parallel Aware": false,"Async Capable": false,"Startup Cost": 202521.23,"Total Cost": 207865.25,"Plan Rows": 118756,"Plan Width": 4,"Actual Startup Time": 6285.839,"Actual Total Time": 10024.981,"Actual Rows": 9,"Actual Loops": 4,"Group Key": ["lineitem_1.l_orderkey"],"Filter": "(sum(lineitem_1.l_quantity) > '314'::numeric)","Planned Partitions": 0,"HashAgg Batches": 1,"Peak Memory Usage": 638993,"Disk Usage": 0,"Rows Removed by Filter": 1499991,"Workers": [{"Worker Number": 0,"HashAgg Batches": 1,"Peak Memory Usage": 638993,"Disk Usage": 0},{"Worker Number": 1,"HashAgg Batches": 1,"Peak Memory Usage": 638993,"Disk Usage": 0},{"Worker Number": 2,"HashAgg Batches": 1,"Peak Memory Usage": 638993,"Disk Usage": 0}],"Plans": [{"Node Type": "Seq Scan","Parent Relationship": "Outer","Parallel Aware": false,"Async Capable": false,"Relation Name": "lineitem","Alias": "lineitem_1","Startup Cost": 0.00,"Total Cost": 172515.15,"Plan Rows": 6001215,"Plan Width": 9,"Actual Startup Time": 0.019,"Actual Total Time": 931.752,"Actual Rows": 6001215,"Actual Loops": 4,"Workers": []}]}]}]},{"Node Type": "Index Scan","Parent Relationship": "Inner","Parallel Aware": false,"Async Capable": false,"Scan Direction": "Forward","Index Name": "idx_lineitem_orderkey","Relation Name": "lineitem","Alias": "lineitem","Startup Cost": 0.43,"Total Cost": 1.06,"Plan Rows": 17,"Plan Width": 9,"Actual Startup Time": 0.055,"Actual Total Time": 0.062,"Actual Rows": 7,"Actual Loops": 9,"Index Cond": "(l_orderkey = orders.o_orderkey)","Rows Removed by Index Recheck": 0,"Workers": []}]},{"Node Type": "Hash","Parent Relationship": "Inner","Parallel Aware": true,"Async Capable": false,"Startup Cost": 4210.00,"Total Cost": 4210.00,"Plan Rows": 62500,"Plan Width": 23,"Actual Startup Time": 36.172,"Actual Total Time": 36.190,"Actual Rows": 37500,"Actual Loops": 4,"Hash Buckets": 262144,"Original Hash Buckets": 262144,"Hash Batches": 1,"Original Hash Batches": 1,"Peak Memory Usage": 10336,"Workers": [],"Plans": [{"Node Type": "Seq Scan","Parent Relationship": "Outer","Parallel Aware": true,"Async Capable": false,"Relation Name": "customer","Alias": "customer","Startup Cost": 0.00,"Total Cost": 4210.00,"Plan Rows": 62500,"Plan Width": 23,"Actual Startup Time": 0.024,"Actual Total Time": 17.933,"Actual Rows": 37500,"Actual Loops": 4,"Workers": []}]}]}]}]}]},"Planning Time": 6.881,"Triggers": [],"Execution Time": 10893.482}]
[{"Plan": {"Node Type": "Sort","Parallel Aware": false,"Async Capable": false,"Startup Cost": 397889.21,"Total Cost": 399077.01,"Plan Rows": 475120,"Plan Width": 71,"Actual Startup Time": 10887.509,"Actual Total Time": 10908.132,"Actual Rows": 10,"Actual Loops": 1,"Sort Key": ["orders.o_totalprice DESC", "orders.o_orderdate"],"Sort Method": "quicksort","Sort Space Used": 25,"Sort Space Type": "Memory","Plans": [{"Node Type": "Aggregate","Strategy": "Hashed","Partial Mode": "Simple","Parent Relationship": "Outer","Parallel Aware": false,"Async Capable": false,"Startup Cost": 347151.30,"Total Cost": 353090.30,"Plan Rows": 475120,"Plan Width": 71,"Actual Startup Time": 10848.812,"Actual Total Time": 10907.941,"Actual Rows": 10,"Actual Loops": 1,"Group Key": ["customer.c_custkey", "orders.o_orderkey"],"Planned Partitions": 0,"HashAgg Batches": 1,"Peak Memory Usage": 24601,"Disk Usage": 0,"Plans": [{"Node Type": "Gather","Parent Relationship": "Outer","Parallel Aware": false,"Async Capable": false,"Startup Cost": 216528.94,"Total Cost": 343587.90,"Plan Rows": 475120,"Plan Width": 44,"Actual Startup Time": 10782.037,"Actual Total Time": 10858.151,"Actual Rows": 70,"Actual Loops": 1,"Workers Planned": 3,"Workers Launched": 3,"Single Copy": false,"Plans": [{"Node Type": "Hash Join","Parent Relationship": "Outer","Parallel Aware": true,"Async Capable": false,"Join Type": "Inner","Startup Cost": 215528.94,"Total Cost": 295075.90,"Plan Rows": 153265,"Plan Width": 44,"Actual Startup Time": 10180.765,"Actual Total Time": 10348.312,"Actual Rows": 18,"Actual Loops": 4,"Inner Unique": true,"Hash Cond": "(orders.o_custkey = customer.c_custkey)","Workers": [],"Plans": [{"Node Type": "Nested Loop","Parent Relationship": "Outer","Parallel Aware": false,"Async Capable": false,"Join Type": "Inner","Startup Cost": 210537.69,"Total Cost": 289682.32,"Plan Rows": 153265,"Plan Width": 25,"Actual Startup Time": 10142.809,"Actual Total Time": 10310.270,"Actual Rows": 18,"Actual Loops": 4,"Inner Unique": false,"Workers": [],"Plans": [{"Node Type": "Hash Join","Parent Relationship": "Outer","Parallel Aware": false,"Async Capable": false,"Join Type": "Inner","Startup Cost": 210537.26,"Total Cost": 242741.13,"Plan Rows": 38308,"Plan Width": 24,"Actual Startup Time": 10142.670,"Actual Total Time": 10309.991,"Actual Rows": 2,"Actual Loops": 4,"Inner Unique": true,"Hash Cond": "(orders.o_orderkey = lineitem_1.l_orderkey)","Workers": [],"Plans": [{"Node Type": "Seq Scan","Parent Relationship": "Outer","Parallel Aware": true,"Async Capable": false,"Relation Name": "orders","Alias": "orders","Startup Cost": 0.00,"Total Cost": 30933.71,"Plan Rows": 483871,"Plan Width": 20,"Actual Startup Time": 0.009,"Actual Total Time": 49.040,"Actual Rows": 375000,"Actual Loops": 4,"Workers": []},{"Node Type": "Hash","Parent Relationship": "Inner","Parallel Aware": false,"Async Capable": false,"Startup Cost": 209052.81,"Total Cost": 209052.81,"Plan Rows": 118756,"Plan Width": 4,"Actual Startup Time": 10075.163,"Actual Total Time": 10075.176,"Actual Rows": 10,"Actual Loops": 4,"Hash Buckets": 131072,"Original Hash Buckets": 131072,"Hash Batches": 1,"Original Hash Batches": 1,"Peak Memory Usage": 1025,"Workers": [],"Plans": [{"Node Type": "Aggregate","Strategy": "Hashed","Partial Mode": "Simple","Parent Relationship": "Outer","Parallel Aware": false,"Async Capable": false,"Startup Cost": 202521.23,"Total Cost": 207865.25,"Plan Rows": 118756,"Plan Width": 4,"Actual Startup Time": 6293.151,"Actual Total Time": 10074.968,"Actual Rows": 10,"Actual Loops": 4,"Group Key": ["lineitem_1.l_orderkey"],"Filter": "(sum(lineitem_1.l_quantity) > '312'::numeric)","Planned Partitions": 0,"HashAgg Batches": 1,"Peak Memory Usage": 638993,"Disk Usage": 0,"Rows Removed by Filter": 1499990,"Workers": [{"Worker Number": 0,"HashAgg Batches": 1,"Peak Memory Usage": 638993,"Disk Usage": 0},{"Worker Number": 1,"HashAgg Batches": 1,"Peak Memory Usage": 638993,"Disk Usage": 0},{"Worker Number": 2,"HashAgg Batches": 1,"Peak Memory Usage": 638993,"Disk Usage": 0}],"Plans": [{"Node Type": "Seq Scan","Parent Relationship": "Outer","Parallel Aware": false,"Async Capable": false,"Relation Name": "lineitem","Alias": "lineitem_1","Startup Cost": 0.00,"Total Cost": 172515.15,"Plan Rows": 6001215,"Plan Width": 9,"Actual Startup Time": 0.021,"Actual Total Time": 960.546,"Actual Rows": 6001215,"Actual Loops": 4,"Workers": []}]}]}]},{"Node Type": "Index Scan","Parent Relationship": "Inner","Parallel Aware": false,"Async Capable": false,"Scan Direction": "Forward","Index Name": "idx_lineitem_orderkey","Relation Name": "lineitem","Alias": "lineitem","Startup Cost": 0.43,"Total Cost": 1.06,"Plan Rows": 17,"Plan Width": 9,"Actual Startup Time": 0.072,"Actual Total Time": 0.079,"Actual Rows": 7,"Actual Loops": 10,"Index Cond": "(l_orderkey = orders.o_orderkey)","Rows Removed by Index Recheck": 0,"Workers": []}]},{"Node Type": "Hash","Parent Relationship": "Inner","Parallel Aware": true,"Async Capable": false,"Startup Cost": 4210.00,"Total Cost": 4210.00,"Plan Rows": 62500,"Plan Width": 23,"Actual Startup Time": 37.105,"Actual Total Time": 37.114,"Actual Rows": 37500,"Actual Loops": 4,"Hash Buckets": 262144,"Original Hash Buckets": 262144,"Hash Batches": 1,"Original Hash Batches": 1,"Peak Memory Usage": 10368,"Workers": [],"Plans": [{"Node Type": "Seq Scan","Parent Relationship": "Outer","Parallel Aware": true,"Async Capable": false,"Relation Name": "customer","Alias": "customer","Startup Cost": 0.00,"Total Cost": 4210.00,"Plan Rows": 62500,"Plan Width": 23,"Actual Startup Time": 0.025,"Actual Total Time": 19.726,"Actual Rows": 37500,"Actual Loops": 4,"Workers": []}]}]}]}]}]},"Planning Time": 6.715,"Triggers": [],"Execution Time": 10961.817}]
[{"Plan": {"Node Type": "Sort","Parallel Aware": false,"Async Capable": false,"Startup Cost": 397889.21,"Total Cost": 399077.01,"Plan Rows": 475120,"Plan Width": 71,"Actual Startup Time": 10785.011,"Actual Total Time": 10839.032,"Actual Rows": 9,"Actual Loops": 1,"Sort Key": ["orders.o_totalprice DESC", "orders.o_orderdate"],"Sort Method": "quicksort","Sort Space Used": 25,"Sort Space Type": "Memory","Plans": [{"Node Type": "Aggregate","Strategy": "Hashed","Partial Mode": "Simple","Parent Relationship": "Outer","Parallel Aware": false,"Async Capable": false,"Startup Cost": 347151.30,"Total Cost": 353090.30,"Plan Rows": 475120,"Plan Width": 71,"Actual Startup Time": 10763.855,"Actual Total Time": 10838.848,"Actual Rows": 9,"Actual Loops": 1,"Group Key": ["customer.c_custkey", "orders.o_orderkey"],"Planned Partitions": 0,"HashAgg Batches": 1,"Peak Memory Usage": 24601,"Disk Usage": 0,"Plans": [{"Node Type": "Gather","Parent Relationship": "Outer","Parallel Aware": false,"Async Capable": false,"Startup Cost": 216528.94,"Total Cost": 343587.90,"Plan Rows": 475120,"Plan Width": 44,"Actual Startup Time": 9674.071,"Actual Total Time": 10813.470,"Actual Rows": 63,"Actual Loops": 1,"Workers Planned": 3,"Workers Launched": 3,"Single Copy": false,"Plans": [{"Node Type": "Hash Join","Parent Relationship": "Outer","Parallel Aware": true,"Async Capable": false,"Join Type": "Inner","Startup Cost": 215528.94,"Total Cost": 295075.90,"Plan Rows": 153265,"Plan Width": 44,"Actual Startup Time": 10141.072,"Actual Total Time": 10312.965,"Actual Rows": 16,"Actual Loops": 4,"Inner Unique": true,"Hash Cond": "(orders.o_custkey = customer.c_custkey)","Workers": [],"Plans": [{"Node Type": "Nested Loop","Parent Relationship": "Outer","Parallel Aware": false,"Async Capable": false,"Join Type": "Inner","Startup Cost": 210537.69,"Total Cost": 289682.32,"Plan Rows": 153265,"Plan Width": 25,"Actual Startup Time": 10104.129,"Actual Total Time": 10275.947,"Actual Rows": 16,"Actual Loops": 4,"Inner Unique": false,"Workers": [],"Plans": [{"Node Type": "Hash Join","Parent Relationship": "Outer","Parallel Aware": false,"Async Capable": false,"Join Type": "Inner","Startup Cost": 210537.26,"Total Cost": 242741.13,"Plan Rows": 38308,"Plan Width": 24,"Actual Startup Time": 10104.052,"Actual Total Time": 10275.739,"Actual Rows": 2,"Actual Loops": 4,"Inner Unique": true,"Hash Cond": "(orders.o_orderkey = lineitem_1.l_orderkey)","Workers": [],"Plans": [{"Node Type": "Seq Scan","Parent Relationship": "Outer","Parallel Aware": true,"Async Capable": false,"Relation Name": "orders","Alias": "orders","Startup Cost": 0.00,"Total Cost": 30933.71,"Plan Rows": 483871,"Plan Width": 20,"Actual Startup Time": 0.007,"Actual Total Time": 53.689,"Actual Rows": 375000,"Actual Loops": 4,"Workers": []},{"Node Type": "Hash","Parent Relationship": "Inner","Parallel Aware": false,"Async Capable": false,"Startup Cost": 209052.81,"Total Cost": 209052.81,"Plan Rows": 118756,"Plan Width": 4,"Actual Startup Time": 10025.157,"Actual Total Time": 10025.166,"Actual Rows": 9,"Actual Loops": 4,"Hash Buckets": 131072,"Original Hash Buckets": 131072,"Hash Batches": 1,"Original Hash Batches": 1,"Peak Memory Usage": 1025,"Workers": [],"Plans": [{"Node Type": "Aggregate","Strategy": "Hashed","Partial Mode": "Simple","Parent Relationship": "Outer","Parallel Aware": false,"Async Capable": false,"Startup Cost": 202521.23,"Total Cost": 207865.25,"Plan Rows": 118756,"Plan Width": 4,"Actual Startup Time": 6285.839,"Actual Total Time": 10024.981,"Actual Rows": 9,"Actual Loops": 4,"Group Key": ["lineitem_1.l_orderkey"],"Filter": "(sum(lineitem_1.l_quantity) > '314'::numeric)","Planned Partitions": 0,"HashAgg Batches": 1,"Peak Memory Usage": 638993,"Disk Usage": 0,"Rows Removed by Filter": 1499991,"Workers": [{"Worker Number": 0,"HashAgg Batches": 1,"Peak Memory Usage": 638993,"Disk Usage": 0},{"Worker Number": 1,"HashAgg Batches": 1,"Peak Memory Usage": 638993,"Disk Usage": 0},{"Worker Number": 2,"HashAgg Batches": 1,"Peak Memory Usage": 638993,"Disk Usage": 0}],"Plans": [{"Node Type": "Seq Scan","Parent Relationship": "Outer","Parallel Aware": false,"Async Capable": false,"Relation Name": "lineitem","Alias": "lineitem_1","Startup Cost": 0.00,"Total Cost": 172515.15,"Plan Rows": 6001215,"Plan Width": 9,"Actual Startup Time": 0.019,"Actual Total Time": 931.752,"Actual Rows": 6001215,"Actual Loops": 4,"Workers": []}]}]}]},{"Node Type": "Index Scan","Parent Relationship": "Inner","Parallel Aware": false,"Async Capable": false,"Scan Direction": "Forward","Index Name": "idx_lineitem_orderkey","Relation Name": "lineitem","Alias": "lineitem","Startup Cost": 0.43,"Total Cost": 1.06,"Plan Rows": 17,"Plan Width": 9,"Actual Startup Time": 0.055,"Actual Total Time": 0.062,"Actual Rows": 7,"Actual Loops": 9,"Index Cond": "(l_orderkey = orders.o_orderkey)","Rows Removed by Index Recheck": 0,"Workers": []}]},{"Node Type": "Hash","Parent Relationship": "Inner","Parallel Aware": true,"Async Capable": false,"Startup Cost": 4210.00,"Total Cost": 4210.00,"Plan Rows": 62500,"Plan Width": 23,"Actual Startup Time": 36.172,"Actual Total Time": 36.190,"Actual Rows": 37500,"Actual Loops": 4,"Hash Buckets": 262144,"Original Hash Buckets": 262144,"Hash Batches": 1,"Original Hash Batches": 1,"Peak Memory Usage": 10336,"Workers": [],"Plans": [{"Node Type": "Seq Scan","Parent Relationship": "Outer","Parallel Aware": true,"Async Capable": false,"Relation Name": "customer","Alias": "customer","Startup Cost": 0.00,"Total Cost": 4210.00,"Plan Rows": 62500,"Plan Width": 23,"Actual Startup Time": 0.024,"Actual Total Time": 17.933,"Actual Rows": 37500,"Actual Loops": 4,"Workers": []}]}]}]}]}]},"Planning Time": 6.881,"Triggers": [],"Execution Time": 10893.482}]
[{"Plan": {"Node Type": "Sort","Parallel Aware": false,"Async Capable": false,"Startup Cost": 397889.21,"Total Cost": 399077.01,"Plan Rows": 475120,"Plan Width": 71,"Actual Startup Time": 10345.847,"Actual Total Time": 10377.998,"Actual Rows": 9,"Actual Loops": 1,"Sort Key": ["orders.o_totalprice DESC", "orders.o_orderdate"],"Sort Method": "quicksort","Sort Space Used": 25,"Sort Space Type": "Memory","Plans": [{"Node Type": "Aggregate","Strategy": "Hashed","Partial Mode": "Simple","Parent Relationship": "Outer","Parallel Aware": false,"Async Capable": false,"Startup Cost": 347151.30,"Total Cost": 353090.30,"Plan Rows": 475120,"Plan Width": 71,"Actual Startup Time": 10329.232,"Actual Total Time": 10377.856,"Actual Rows": 9,"Actual Loops": 1,"Group Key": ["customer.c_custkey", "orders.o_orderkey"],"Planned Partitions": 0,"HashAgg Batches": 1,"Peak Memory Usage": 24601,"Disk Usage": 0,"Plans": [{"Node Type": "Gather","Parent Relationship": "Outer","Parallel Aware": false,"Async Capable": false,"Startup Cost": 216528.94,"Total Cost": 343587.90,"Plan Rows": 475120,"Plan Width": 44,"Actual Startup Time": 10053.961,"Actual Total Time": 10357.615,"Actual Rows": 63,"Actual Loops": 1,"Workers Planned": 3,"Workers Launched": 3,"Single Copy": false,"Plans": [{"Node Type": "Hash Join","Parent Relationship": "Outer","Parallel Aware": true,"Async Capable": false,"Join Type": "Inner","Startup Cost": 215528.94,"Total Cost": 295075.90,"Plan Rows": 153265,"Plan Width": 44,"Actual Startup Time": 10157.696,"Actual Total Time": 10258.651,"Actual Rows": 16,"Actual Loops": 4,"Inner Unique": true,"Hash Cond": "(orders.o_custkey = customer.c_custkey)","Workers": [],"Plans": [{"Node Type": "Nested Loop","Parent Relationship": "Outer","Parallel Aware": false,"Async Capable": false,"Join Type": "Inner","Startup Cost": 210537.69,"Total Cost": 289682.32,"Plan Rows": 153265,"Plan Width": 25,"Actual Startup Time": 10123.332,"Actual Total Time": 10224.239,"Actual Rows": 16,"Actual Loops": 4,"Inner Unique": false,"Workers": [],"Plans": [{"Node Type": "Hash Join","Parent Relationship": "Outer","Parallel Aware": false,"Async Capable": false,"Join Type": "Inner","Startup Cost": 210537.26,"Total Cost": 242741.13,"Plan Rows": 38308,"Plan Width": 24,"Actual Startup Time": 10123.186,"Actual Total Time": 10223.998,"Actual Rows": 2,"Actual Loops": 4,"Inner Unique": true,"Hash Cond": "(orders.o_orderkey = lineitem_1.l_orderkey)","Workers": [],"Plans": [{"Node Type": "Seq Scan","Parent Relationship": "Outer","Parallel Aware": true,"Async Capable": false,"Relation Name": "orders","Alias": "orders","Startup Cost": 0.00,"Total Cost": 30933.71,"Plan Rows": 483871,"Plan Width": 20,"Actual Startup Time": 0.011,"Actual Total Time": 49.852,"Actual Rows": 375000,"Actual Loops": 4,"Workers": []},{"Node Type": "Hash","Parent Relationship": "Inner","Parallel Aware": false,"Async Capable": false,"Startup Cost": 209052.81,"Total Cost": 209052.81,"Plan Rows": 118756,"Plan Width": 4,"Actual Startup Time": 10005.666,"Actual Total Time": 10005.673,"Actual Rows": 9,"Actual Loops": 4,"Hash Buckets": 131072,"Original Hash Buckets": 131072,"Hash Batches": 1,"Original Hash Batches": 1,"Peak Memory Usage": 1025,"Workers": [],"Plans": [{"Node Type": "Aggregate","Strategy": "Hashed","Partial Mode": "Simple","Parent Relationship": "Outer","Parallel Aware": false,"Async Capable": false,"Startup Cost": 202521.23,"Total Cost": 207865.25,"Plan Rows": 118756,"Plan Width": 4,"Actual Startup Time": 6310.010,"Actual Total Time": 10005.543,"Actual Rows": 9,"Actual Loops": 4,"Group Key": ["lineitem_1.l_orderkey"],"Filter": "(sum(lineitem_1.l_quantity) > '313'::numeric)","Planned Partitions": 0,"HashAgg Batches": 1,"Peak Memory Usage": 638993,"Disk Usage": 0,"Rows Removed by Filter": 1499991,"Workers": [{"Worker Number": 0,"HashAgg Batches": 1,"Peak Memory Usage": 638993,"Disk Usage": 0},{"Worker Number": 1,"HashAgg Batches": 1,"Peak Memory Usage": 638993,"Disk Usage": 0},{"Worker Number": 2,"HashAgg Batches": 1,"Peak Memory Usage": 638993,"Disk Usage": 0}],"Plans": [{"Node Type": "Seq Scan","Parent Relationship": "Outer","Parallel Aware": false,"Async Capable": false,"Relation Name": "lineitem","Alias": "lineitem_1","Startup Cost": 0.00,"Total Cost": 172515.15,"Plan Rows": 6001215,"Plan Width": 9,"Actual Startup Time": 0.020,"Actual Total Time": 994.479,"Actual Rows": 6001215,"Actual Loops": 4,"Workers": []}]}]}]},{"Node Type": "Index Scan","Parent Relationship": "Inner","Parallel Aware": false,"Async Capable": false,"Scan Direction": "Forward","Index Name": "idx_lineitem_orderkey","Relation Name": "lineitem","Alias": "lineitem","Startup Cost": 0.43,"Total Cost": 1.06,"Plan Rows": 17,"Plan Width": 9,"Actual Startup Time": 0.068,"Actual Total Time": 0.075,"Actual Rows": 7,"Actual Loops": 9,"Index Cond": "(l_orderkey = orders.o_orderkey)","Rows Removed by Index Recheck": 0,"Workers": []}]},{"Node Type": "Hash","Parent Relationship": "Inner","Parallel Aware": true,"Async Capable": false,"Startup Cost": 4210.00,"Total Cost": 4210.00,"Plan Rows": 62500,"Plan Width": 23,"Actual Startup Time": 33.578,"Actual Total Time": 33.582,"Actual Rows": 37500,"Actual Loops": 4,"Hash Buckets": 262144,"Original Hash Buckets": 262144,"Hash Batches": 1,"Original Hash Batches": 1,"Peak Memory Usage": 10336,"Workers": [],"Plans": [{"Node Type": "Seq Scan","Parent Relationship": "Outer","Parallel Aware": true,"Async Capable": false,"Relation Name": "customer","Alias": "customer","Startup Cost": 0.00,"Total Cost": 4210.00,"Plan Rows": 62500,"Plan Width": 23,"Actual Startup Time": 0.023,"Actual Total Time": 16.777,"Actual Rows": 37500,"Actual Loops": 4,"Workers": []}]}]}]}]}]},"Planning Time": 6.662,"Triggers": [],"Execution Time": 10430.266}]
[{"Plan": {"Node Type": "Sort","Parallel Aware": false,"Async Capable": false,"Startup Cost": 397889.21,"Total Cost": 399077.01,"Plan Rows": 475120,"Plan Width": 71,"Actual Startup Time": 10785.011,"Actual Total Time": 10839.032,"Actual Rows": 9,"Actual Loops": 1,"Sort Key": ["orders.o_totalprice DESC", "orders.o_orderdate"],"Sort Method": "quicksort","Sort Space Used": 25,"Sort Space Type": "Memory","Plans": [{"Node Type": "Aggregate","Strategy": "Hashed","Partial Mode": "Simple","Parent Relationship": "Outer","Parallel Aware": false,"Async Capable": false,"Startup Cost": 347151.30,"Total Cost": 353090.30,"Plan Rows": 475120,"Plan Width": 71,"Actual Startup Time": 10763.855,"Actual Total Time": 10838.848,"Actual Rows": 9,"Actual Loops": 1,"Group Key": ["customer.c_custkey", "orders.o_orderkey"],"Planned Partitions": 0,"HashAgg Batches": 1,"Peak Memory Usage": 24601,"Disk Usage": 0,"Plans": [{"Node Type": "Gather","Parent Relationship": "Outer","Parallel Aware": false,"Async Capable": false,"Startup Cost": 216528.94,"Total Cost": 343587.90,"Plan Rows": 475120,"Plan Width": 44,"Actual Startup Time": 9674.071,"Actual Total Time": 10813.470,"Actual Rows": 63,"Actual Loops": 1,"Workers Planned": 3,"Workers Launched": 3,"Single Copy": false,"Plans": [{"Node Type": "Hash Join","Parent Relationship": "Outer","Parallel Aware": true,"Async Capable": false,"Join Type": "Inner","Startup Cost": 215528.94,"Total Cost": 295075.90,"Plan Rows": 153265,"Plan Width": 44,"Actual Startup Time": 10141.072,"Actual Total Time": 10312.965,"Actual Rows": 16,"Actual Loops": 4,"Inner Unique": true,"Hash Cond": "(orders.o_custkey = customer.c_custkey)","Workers": [],"Plans": [{"Node Type": "Nested Loop","Parent Relationship": "Outer","Parallel Aware": false,"Async Capable": false,"Join Type": "Inner","Startup Cost": 210537.69,"Total Cost": 289682.32,"Plan Rows": 153265,"Plan Width": 25,"Actual Startup Time": 10104.129,"Actual Total Time": 10275.947,"Actual Rows": 16,"Actual Loops": 4,"Inner Unique": false,"Workers": [],"Plans": [{"Node Type": "Hash Join","Parent Relationship": "Outer","Parallel Aware": false,"Async Capable": false,"Join Type": "Inner","Startup Cost": 210537.26,"Total Cost": 242741.13,"Plan Rows": 38308,"Plan Width": 24,"Actual Startup Time": 10104.052,"Actual Total Time": 10275.739,"Actual Rows": 2,"Actual Loops": 4,"Inner Unique": true,"Hash Cond": "(orders.o_orderkey = lineitem_1.l_orderkey)","Workers": [],"Plans": [{"Node Type": "Seq Scan","Parent Relationship": "Outer","Parallel Aware": true,"Async Capable": false,"Relation Name": "orders","Alias": "orders","Startup Cost": 0.00,"Total Cost": 30933.71,"Plan Rows": 483871,"Plan Width": 20,"Actual Startup Time": 0.007,"Actual Total Time": 53.689,"Actual Rows": 375000,"Actual Loops": 4,"Workers": []},{"Node Type": "Hash","Parent Relationship": "Inner","Parallel Aware": false,"Async Capable": false,"Startup Cost": 209052.81,"Total Cost": 209052.81,"Plan Rows": 118756,"Plan Width": 4,"Actual Startup Time": 10025.157,"Actual Total Time": 10025.166,"Actual Rows": 9,"Actual Loops": 4,"Hash Buckets": 131072,"Original Hash Buckets": 131072,"Hash Batches": 1,"Original Hash Batches": 1,"Peak Memory Usage": 1025,"Workers": [],"Plans": [{"Node Type": "Aggregate","Strategy": "Hashed","Partial Mode": "Simple","Parent Relationship": "Outer","Parallel Aware": false,"Async Capable": false,"Startup Cost": 202521.23,"Total Cost": 207865.25,"Plan Rows": 118756,"Plan Width": 4,"Actual Startup Time": 6285.839,"Actual Total Time": 10024.981,"Actual Rows": 9,"Actual Loops": 4,"Group Key": ["lineitem_1.l_orderkey"],"Filter": "(sum(lineitem_1.l_quantity) > '314'::numeric)","Planned Partitions": 0,"HashAgg Batches": 1,"Peak Memory Usage": 638993,"Disk Usage": 0,"Rows Removed by Filter": 1499991,"Workers": [{"Worker Number": 0,"HashAgg Batches": 1,"Peak Memory Usage": 638993,"Disk Usage": 0},{"Worker Number": 1,"HashAgg Batches": 1,"Peak Memory Usage": 638993,"Disk Usage": 0},{"Worker Number": 2,"HashAgg Batches": 1,"Peak Memory Usage": 638993,"Disk Usage": 0}],"Plans": [{"Node Type": "Seq Scan","Parent Relationship": "Outer","Parallel Aware": false,"Async Capable": false,"Relation Name": "lineitem","Alias": "lineitem_1","Startup Cost": 0.00,"Total Cost": 172515.15,"Plan Rows": 6001215,"Plan Width": 9,"Actual Startup Time": 0.019,"Actual Total Time": 931.752,"Actual Rows": 6001215,"Actual Loops": 4,"Workers": []}]}]}]},{"Node Type": "Index Scan","Parent Relationship": "Inner","Parallel Aware": false,"Async Capable": false,"Scan Direction": "Forward","Index Name": "idx_lineitem_orderkey","Relation Name": "lineitem","Alias": "lineitem","Startup Cost": 0.43,"Total Cost": 1.06,"Plan Rows": 17,"Plan Width": 9,"Actual Startup Time": 0.055,"Actual Total Time": 0.062,"Actual Rows": 7,"Actual Loops": 9,"Index Cond": "(l_orderkey = orders.o_orderkey)","Rows Removed by Index Recheck": 0,"Workers": []}]},{"Node Type": "Hash","Parent Relationship": "Inner","Parallel Aware": true,"Async Capable": false,"Startup Cost": 4210.00,"Total Cost": 4210.00,"Plan Rows": 62500,"Plan Width": 23,"Actual Startup Time": 36.172,"Actual Total Time": 36.190,"Actual Rows": 37500,"Actual Loops": 4,"Hash Buckets": 262144,"Original Hash Buckets": 262144,"Hash Batches": 1,"Original Hash Batches": 1,"Peak Memory Usage": 10336,"Workers": [],"Plans": [{"Node Type": "Seq Scan","Parent Relationship": "Outer","Parallel Aware": true,"Async Capable": false,"Relation Name": "customer","Alias": "customer","Startup Cost": 0.00,"Total Cost": 4210.00,"Plan Rows": 62500,"Plan Width": 23,"Actual Startup Time": 0.024,"Actual Total Time": 17.933,"Actual Rows": 37500,"Actual Loops": 4,"Workers": []}]}]}]}]}]},"Planning Time": 6.881,"Triggers": [],"Execution Time": 10893.482}]
[{"Plan": {"Node Type": "Sort","Parallel Aware": false,"Async Capable": false,"Startup Cost": 397889.21,"Total Cost": 399077.01,"Plan Rows": 475120,"Plan Width": 71,"Actual Startup Time": 10345.847,"Actual Total Time": 10377.998,"Actual Rows": 9,"Actual Loops": 1,"Sort Key": ["orders.o_totalprice DESC", "orders.o_orderdate"],"Sort Method": "quicksort","Sort Space Used": 25,"Sort Space Type": "Memory","Plans": [{"Node Type": "Aggregate","Strategy": "Hashed","Partial Mode": "Simple","Parent Relationship": "Outer","Parallel Aware": false,"Async Capable": false,"Startup Cost": 347151.30,"Total Cost": 353090.30,"Plan Rows": 475120,"Plan Width": 71,"Actual Startup Time": 10329.232,"Actual Total Time": 10377.856,"Actual Rows": 9,"Actual Loops": 1,"Group Key": ["customer.c_custkey", "orders.o_orderkey"],"Planned Partitions": 0,"HashAgg Batches": 1,"Peak Memory Usage": 24601,"Disk Usage": 0,"Plans": [{"Node Type": "Gather","Parent Relationship": "Outer","Parallel Aware": false,"Async Capable": false,"Startup Cost": 216528.94,"Total Cost": 343587.90,"Plan Rows": 475120,"Plan Width": 44,"Actual Startup Time": 10053.961,"Actual Total Time": 10357.615,"Actual Rows": 63,"Actual Loops": 1,"Workers Planned": 3,"Workers Launched": 3,"Single Copy": false,"Plans": [{"Node Type": "Hash Join","Parent Relationship": "Outer","Parallel Aware": true,"Async Capable": false,"Join Type": "Inner","Startup Cost": 215528.94,"Total Cost": 295075.90,"Plan Rows": 153265,"Plan Width": 44,"Actual Startup Time": 10157.696,"Actual Total Time": 10258.651,"Actual Rows": 16,"Actual Loops": 4,"Inner Unique": true,"Hash Cond": "(orders.o_custkey = customer.c_custkey)","Workers": [],"Plans": [{"Node Type": "Nested Loop","Parent Relationship": "Outer","Parallel Aware": false,"Async Capable": false,"Join Type": "Inner","Startup Cost": 210537.69,"Total Cost": 289682.32,"Plan Rows": 153265,"Plan Width": 25,"Actual Startup Time": 10123.332,"Actual Total Time": 10224.239,"Actual Rows": 16,"Actual Loops": 4,"Inner Unique": false,"Workers": [],"Plans": [{"Node Type": "Hash Join","Parent Relationship": "Outer","Parallel Aware": false,"Async Capable": false,"Join Type": "Inner","Startup Cost": 210537.26,"Total Cost": 242741.13,"Plan Rows": 38308,"Plan Width": 24,"Actual Startup Time": 10123.186,"Actual Total Time": 10223.998,"Actual Rows": 2,"Actual Loops": 4,"Inner Unique": true,"Hash Cond": "(orders.o_orderkey = lineitem_1.l_orderkey)","Workers": [],"Plans": [{"Node Type": "Seq Scan","Parent Relationship": "Outer","Parallel Aware": true,"Async Capable": false,"Relation Name": "orders","Alias": "orders","Startup Cost": 0.00,"Total Cost": 30933.71,"Plan Rows": 483871,"Plan Width": 20,"Actual Startup Time": 0.011,"Actual Total Time": 49.852,"Actual Rows": 375000,"Actual Loops": 4,"Workers": []},{"Node Type": "Hash","Parent Relationship": "Inner","Parallel Aware": false,"Async Capable": false,"Startup Cost": 209052.81,"Total Cost": 209052.81,"Plan Rows": 118756,"Plan Width": 4,"Actual Startup Time": 10005.666,"Actual Total Time": 10005.673,"Actual Rows": 9,"Actual Loops": 4,"Hash Buckets": 131072,"Original Hash Buckets": 131072,"Hash Batches": 1,"Original Hash Batches": 1,"Peak Memory Usage": 1025,"Workers": [],"Plans": [{"Node Type": "Aggregate","Strategy": "Hashed","Partial Mode": "Simple","Parent Relationship": "Outer","Parallel Aware": false,"Async Capable": false,"Startup Cost": 202521.23,"Total Cost": 207865.25,"Plan Rows": 118756,"Plan Width": 4,"Actual Startup Time": 6310.010,"Actual Total Time": 10005.543,"Actual Rows": 9,"Actual Loops": 4,"Group Key": ["lineitem_1.l_orderkey"],"Filter": "(sum(lineitem_1.l_quantity) > '313'::numeric)","Planned Partitions": 0,"HashAgg Batches": 1,"Peak Memory Usage": 638993,"Disk Usage": 0,"Rows Removed by Filter": 1499991,"Workers": [{"Worker Number": 0,"HashAgg Batches": 1,"Peak Memory Usage": 638993,"Disk Usage": 0},{"Worker Number": 1,"HashAgg Batches": 1,"Peak Memory Usage": 638993,"Disk Usage": 0},{"Worker Number": 2,"HashAgg Batches": 1,"Peak Memory Usage": 638993,"Disk Usage": 0}],"Plans": [{"Node Type": "Seq Scan","Parent Relationship": "Outer","Parallel Aware": false,"Async Capable": false,"Relation Name": "lineitem","Alias": "lineitem_1","Startup Cost": 0.00,"Total Cost": 172515.15,"Plan Rows": 6001215,"Plan Width": 9,"Actual Startup Time": 0.020,"Actual Total Time": 994.479,"Actual Rows": 6001215,"Actual Loops": 4,"Workers": []}]}]}]},{"Node Type": "Index Scan","Parent Relationship": "Inner","Parallel Aware": false,"Async Capable": false,"Scan Direction": "Forward","Index Name": "idx_lineitem_orderkey","Relation Name": "lineitem","Alias": "lineitem","Startup Cost": 0.43,"Total Cost": 1.06,"Plan Rows": 17,"Plan Width": 9,"Actual Startup Time": 0.068,"Actual Total Time": 0.075,"Actual Rows": 7,"Actual Loops": 9,"Index Cond": "(l_orderkey = orders.o_orderkey)","Rows Removed by Index Recheck": 0,"Workers": []}]},{"Node Type": "Hash","Parent Relationship": "Inner","Parallel Aware": true,"Async Capable": false,"Startup Cost": 4210.00,"Total Cost": 4210.00,"Plan Rows": 62500,"Plan Width": 23,"Actual Startup Time": 33.578,"Actual Total Time": 33.582,"Actual Rows": 37500,"Actual Loops": 4,"Hash Buckets": 262144,"Original Hash Buckets": 262144,"Hash Batches": 1,"Original Hash Batches": 1,"Peak Memory Usage": 10336,"Workers": [],"Plans": [{"Node Type": "Seq Scan","Parent Relationship": "Outer","Parallel Aware": true,"Async Capable": false,"Relation Name": "customer","Alias": "customer","Startup Cost": 0.00,"Total Cost": 4210.00,"Plan Rows": 62500,"Plan Width": 23,"Actual Startup Time": 0.023,"Actual Total Time": 16.777,"Actual Rows": 37500,"Actual Loops": 4,"Workers": []}]}]}]}]}]},"Planning Time": 6.662,"Triggers": [],"Execution Time": 10430.266}]
[{"Plan": {"Node Type": "Sort","Parallel Aware": false,"Async Capable": false,"Startup Cost": 397889.21,"Total Cost": 399077.01,"Plan Rows": 475120,"Plan Width": 71,"Actual Startup Time": 10785.011,"Actual Total Time": 10839.032,"Actual Rows": 9,"Actual Loops": 1,"Sort Key": ["orders.o_totalprice DESC", "orders.o_orderdate"],"Sort Method": "quicksort","Sort Space Used": 25,"Sort Space Type": "Memory","Plans": [{"Node Type": "Aggregate","Strategy": "Hashed","Partial Mode": "Simple","Parent Relationship": "Outer","Parallel Aware": false,"Async Capable": false,"Startup Cost": 347151.30,"Total Cost": 353090.30,"Plan Rows": 475120,"Plan Width": 71,"Actual Startup Time": 10763.855,"Actual Total Time": 10838.848,"Actual Rows": 9,"Actual Loops": 1,"Group Key": ["customer.c_custkey", "orders.o_orderkey"],"Planned Partitions": 0,"HashAgg Batches": 1,"Peak Memory Usage": 24601,"Disk Usage": 0,"Plans": [{"Node Type": "Gather","Parent Relationship": "Outer","Parallel Aware": false,"Async Capable": false,"Startup Cost": 216528.94,"Total Cost": 343587.90,"Plan Rows": 475120,"Plan Width": 44,"Actual Startup Time": 9674.071,"Actual Total Time": 10813.470,"Actual Rows": 63,"Actual Loops": 1,"Workers Planned": 3,"Workers Launched": 3,"Single Copy": false,"Plans": [{"Node Type": "Hash Join","Parent Relationship": "Outer","Parallel Aware": true,"Async Capable": false,"Join Type": "Inner","Startup Cost": 215528.94,"Total Cost": 295075.90,"Plan Rows": 153265,"Plan Width": 44,"Actual Startup Time": 10141.072,"Actual Total Time": 10312.965,"Actual Rows": 16,"Actual Loops": 4,"Inner Unique": true,"Hash Cond": "(orders.o_custkey = customer.c_custkey)","Workers": [],"Plans": [{"Node Type": "Nested Loop","Parent Relationship": "Outer","Parallel Aware": false,"Async Capable": false,"Join Type": "Inner","Startup Cost": 210537.69,"Total Cost": 289682.32,"Plan Rows": 153265,"Plan Width": 25,"Actual Startup Time": 10104.129,"Actual Total Time": 10275.947,"Actual Rows": 16,"Actual Loops": 4,"Inner Unique": false,"Workers": [],"Plans": [{"Node Type": "Hash Join","Parent Relationship": "Outer","Parallel Aware": false,"Async Capable": false,"Join Type": "Inner","Startup Cost": 210537.26,"Total Cost": 242741.13,"Plan Rows": 38308,"Plan Width": 24,"Actual Startup Time": 10104.052,"Actual Total Time": 10275.739,"Actual Rows": 2,"Actual Loops": 4,"Inner Unique": true,"Hash Cond": "(orders.o_orderkey = lineitem_1.l_orderkey)","Workers": [],"Plans": [{"Node Type": "Seq Scan","Parent Relationship": "Outer","Parallel Aware": true,"Async Capable": false,"Relation Name": "orders","Alias": "orders","Startup Cost": 0.00,"Total Cost": 30933.71,"Plan Rows": 483871,"Plan Width": 20,"Actual Startup Time": 0.007,"Actual Total Time": 53.689,"Actual Rows": 375000,"Actual Loops": 4,"Workers": []},{"Node Type": "Hash","Parent Relationship": "Inner","Parallel Aware": false,"Async Capable": false,"Startup Cost": 209052.81,"Total Cost": 209052.81,"Plan Rows": 118756,"Plan Width": 4,"Actual Startup Time": 10025.157,"Actual Total Time": 10025.166,"Actual Rows": 9,"Actual Loops": 4,"Hash Buckets": 131072,"Original Hash Buckets": 131072,"Hash Batches": 1,"Original Hash Batches": 1,"Peak Memory Usage": 1025,"Workers": [],"Plans": [{"Node Type": "Aggregate","Strategy": "Hashed","Partial Mode": "Simple","Parent Relationship": "Outer","Parallel Aware": false,"Async Capable": false,"Startup Cost": 202521.23,"Total Cost": 207865.25,"Plan Rows": 118756,"Plan Width": 4,"Actual Startup Time": 6285.839,"Actual Total Time": 10024.981,"Actual Rows": 9,"Actual Loops": 4,"Group Key": ["lineitem_1.l_orderkey"],"Filter": "(sum(lineitem_1.l_quantity) > '314'::numeric)","Planned Partitions": 0,"HashAgg Batches": 1,"Peak Memory Usage": 638993,"Disk Usage": 0,"Rows Removed by Filter": 1499991,"Workers": [{"Worker Number": 0,"HashAgg Batches": 1,"Peak Memory Usage": 638993,"Disk Usage": 0},{"Worker Number": 1,"HashAgg Batches": 1,"Peak Memory Usage": 638993,"Disk Usage": 0},{"Worker Number": 2,"HashAgg Batches": 1,"Peak Memory Usage": 638993,"Disk Usage": 0}],"Plans": [{"Node Type": "Seq Scan","Parent Relationship": "Outer","Parallel Aware": false,"Async Capable": false,"Relation Name": "lineitem","Alias": "lineitem_1","Startup Cost": 0.00,"Total Cost": 172515.15,"Plan Rows": 6001215,"Plan Width": 9,"Actual Startup Time": 0.019,"Actual Total Time": 931.752,"Actual Rows": 6001215,"Actual Loops": 4,"Workers": []}]}]}]},{"Node Type": "Index Scan","Parent Relationship": "Inner","Parallel Aware": false,"Async Capable": false,"Scan Direction": "Forward","Index Name": "idx_lineitem_orderkey","Relation Name": "lineitem","Alias": "lineitem","Startup Cost": 0.43,"Total Cost": 1.06,"Plan Rows": 17,"Plan Width": 9,"Actual Startup Time": 0.055,"Actual Total Time": 0.062,"Actual Rows": 7,"Actual Loops": 9,"Index Cond": "(l_orderkey = orders.o_orderkey)","Rows Removed by Index Recheck": 0,"Workers": []}]},{"Node Type": "Hash","Parent Relationship": "Inner","Parallel Aware": true,"Async Capable": false,"Startup Cost": 4210.00,"Total Cost": 4210.00,"Plan Rows": 62500,"Plan Width": 23,"Actual Startup Time": 36.172,"Actual Total Time": 36.190,"Actual Rows": 37500,"Actual Loops": 4,"Hash Buckets": 262144,"Original Hash Buckets": 262144,"Hash Batches": 1,"Original Hash Batches": 1,"Peak Memory Usage": 10336,"Workers": [],"Plans": [{"Node Type": "Seq Scan","Parent Relationship": "Outer","Parallel Aware": true,"Async Capable": false,"Relation Name": "customer","Alias": "customer","Startup Cost": 0.00,"Total Cost": 4210.00,"Plan Rows": 62500,"Plan Width": 23,"Actual Startup Time": 0.024,"Actual Total Time": 17.933,"Actual Rows": 37500,"Actual Loops": 4,"Workers": []}]}]}]}]}]},"Planning Time": 6.881,"Triggers": [],"Execution Time": 10893.482}]
[{"Plan": {"Node Type": "Sort","Parallel Aware": false,"Async Capable": false,"Startup Cost": 397889.21,"Total Cost": 399077.01,"Plan Rows": 475120,"Plan Width": 71,"Actual Startup Time": 10785.011,"Actual Total Time": 10839.032,"Actual Rows": 9,"Actual Loops": 1,"Sort Key": ["orders.o_totalprice DESC", "orders.o_orderdate"],"Sort Method": "quicksort","Sort Space Used": 25,"Sort Space Type": "Memory","Plans": [{"Node Type": "Aggregate","Strategy": "Hashed","Partial Mode": "Simple","Parent Relationship": "Outer","Parallel Aware": false,"Async Capable": false,"Startup Cost": 347151.30,"Total Cost": 353090.30,"Plan Rows": 475120,"Plan Width": 71,"Actual Startup Time": 10763.855,"Actual Total Time": 10838.848,"Actual Rows": 9,"Actual Loops": 1,"Group Key": ["customer.c_custkey", "orders.o_orderkey"],"Planned Partitions": 0,"HashAgg Batches": 1,"Peak Memory Usage": 24601,"Disk Usage": 0,"Plans": [{"Node Type": "Gather","Parent Relationship": "Outer","Parallel Aware": false,"Async Capable": false,"Startup Cost": 216528.94,"Total Cost": 343587.90,"Plan Rows": 475120,"Plan Width": 44,"Actual Startup Time": 9674.071,"Actual Total Time": 10813.470,"Actual Rows": 63,"Actual Loops": 1,"Workers Planned": 3,"Workers Launched": 3,"Single Copy": false,"Plans": [{"Node Type": "Hash Join","Parent Relationship": "Outer","Parallel Aware": true,"Async Capable": false,"Join Type": "Inner","Startup Cost": 215528.94,"Total Cost": 295075.90,"Plan Rows": 153265,"Plan Width": 44,"Actual Startup Time": 10141.072,"Actual Total Time": 10312.965,"Actual Rows": 16,"Actual Loops": 4,"Inner Unique": true,"Hash Cond": "(orders.o_custkey = customer.c_custkey)","Workers": [],"Plans": [{"Node Type": "Nested Loop","Parent Relationship": "Outer","Parallel Aware": false,"Async Capable": false,"Join Type": "Inner","Startup Cost": 210537.69,"Total Cost": 289682.32,"Plan Rows": 153265,"Plan Width": 25,"Actual Startup Time": 10104.129,"Actual Total Time": 10275.947,"Actual Rows": 16,"Actual Loops": 4,"Inner Unique": false,"Workers": [],"Plans": [{"Node Type": "Hash Join","Parent Relationship": "Outer","Parallel Aware": false,"Async Capable": false,"Join Type": "Inner","Startup Cost": 210537.26,"Total Cost": 242741.13,"Plan Rows": 38308,"Plan Width": 24,"Actual Startup Time": 10104.052,"Actual Total Time": 10275.739,"Actual Rows": 2,"Actual Loops": 4,"Inner Unique": true,"Hash Cond": "(orders.o_orderkey = lineitem_1.l_orderkey)","Workers": [],"Plans": [{"Node Type": "Seq Scan","Parent Relationship": "Outer","Parallel Aware": true,"Async Capable": false,"Relation Name": "orders","Alias": "orders","Startup Cost": 0.00,"Total Cost": 30933.71,"Plan Rows": 483871,"Plan Width": 20,"Actual Startup Time": 0.007,"Actual Total Time": 53.689,"Actual Rows": 375000,"Actual Loops": 4,"Workers": []},{"Node Type": "Hash","Parent Relationship": "Inner","Parallel Aware": false,"Async Capable": false,"Startup Cost": 209052.81,"Total Cost": 209052.81,"Plan Rows": 118756,"Plan Width": 4,"Actual Startup Time": 10025.157,"Actual Total Time": 10025.166,"Actual Rows": 9,"Actual Loops": 4,"Hash Buckets": 131072,"Original Hash Buckets": 131072,"Hash Batches": 1,"Original Hash Batches": 1,"Peak Memory Usage": 1025,"Workers": [],"Plans": [{"Node Type": "Aggregate","Strategy": "Hashed","Partial Mode": "Simple","Parent Relationship": "Outer","Parallel Aware": false,"Async Capable": false,"Startup Cost": 202521.23,"Total Cost": 207865.25,"Plan Rows": 118756,"Plan Width": 4,"Actual Startup Time": 6285.839,"Actual Total Time": 10024.981,"Actual Rows": 9,"Actual Loops": 4,"Group Key": ["lineitem_1.l_orderkey"],"Filter": "(sum(lineitem_1.l_quantity) > '314'::numeric)","Planned Partitions": 0,"HashAgg Batches": 1,"Peak Memory Usage": 638993,"Disk Usage": 0,"Rows Removed by Filter": 1499991,"Workers": [{"Worker Number": 0,"HashAgg Batches": 1,"Peak Memory Usage": 638993,"Disk Usage": 0},{"Worker Number": 1,"HashAgg Batches": 1,"Peak Memory Usage": 638993,"Disk Usage": 0},{"Worker Number": 2,"HashAgg Batches": 1,"Peak Memory Usage": 638993,"Disk Usage": 0}],"Plans": [{"Node Type": "Seq Scan","Parent Relationship": "Outer","Parallel Aware": false,"Async Capable": false,"Relation Name": "lineitem","Alias": "lineitem_1","Startup Cost": 0.00,"Total Cost": 172515.15,"Plan Rows": 6001215,"Plan Width": 9,"Actual Startup Time": 0.019,"Actual Total Time": 931.752,"Actual Rows": 6001215,"Actual Loops": 4,"Workers": []}]}]}]},{"Node Type": "Index Scan","Parent Relationship": "Inner","Parallel Aware": false,"Async Capable": false,"Scan Direction": "Forward","Index Name": "idx_lineitem_orderkey","Relation Name": "lineitem","Alias": "lineitem","Startup Cost": 0.43,"Total Cost": 1.06,"Plan Rows": 17,"Plan Width": 9,"Actual Startup Time": 0.055,"Actual Total Time": 0.062,"Actual Rows": 7,"Actual Loops": 9,"Index Cond": "(l_orderkey = orders.o_orderkey)","Rows Removed by Index Recheck": 0,"Workers": []}]},{"Node Type": "Hash","Parent Relationship": "Inner","Parallel Aware": true,"Async Capable": false,"Startup Cost": 4210.00,"Total Cost": 4210.00,"Plan Rows": 62500,"Plan Width": 23,"Actual Startup Time": 36.172,"Actual Total Time": 36.190,"Actual Rows": 37500,"Actual Loops": 4,"Hash Buckets": 262144,"Original Hash Buckets": 262144,"Hash Batches": 1,"Original Hash Batches": 1,"Peak Memory Usage": 10336,"Workers": [],"Plans": [{"Node Type": "Seq Scan","Parent Relationship": "Outer","Parallel Aware": true,"Async Capable": false,"Relation Name": "customer","Alias": "customer","Startup Cost": 0.00,"Total Cost": 4210.00,"Plan Rows": 62500,"Plan Width": 23,"Actual Startup Time": 0.024,"Actual Total Time": 17.933,"Actual Rows": 37500,"Actual Loops": 4,"Workers": []}]}]}]}]}]},"Planning Time": 6.881,"Triggers": [],"Execution Time": 10893.482}]
[{"Plan": {"Node Type": "Sort","Parallel Aware": false,"Async Capable": false,"Startup Cost": 397889.21,"Total Cost": 399077.01,"Plan Rows": 475120,"Plan Width": 71,"Actual Startup Time": 10950.105,"Actual Total Time": 10953.954,"Actual Rows": 9,"Actual Loops": 1,"Sort Key": ["orders.o_totalprice DESC", "orders.o_orderdate"],"Sort Method": "quicksort","Sort Space Used": 25,"Sort Space Type": "Memory","Plans": [{"Node Type": "Aggregate","Strategy": "Hashed","Partial Mode": "Simple","Parent Relationship": "Outer","Parallel Aware": false,"Async Capable": false,"Startup Cost": 347151.30,"Total Cost": 353090.30,"Plan Rows": 475120,"Plan Width": 71,"Actual Startup Time": 10902.471,"Actual Total Time": 10953.715,"Actual Rows": 9,"Actual Loops": 1,"Group Key": ["customer.c_custkey", "orders.o_orderkey"],"Planned Partitions": 0,"HashAgg Batches": 1,"Peak Memory Usage": 24601,"Disk Usage": 0,"Plans": [{"Node Type": "Gather","Parent Relationship": "Outer","Parallel Aware": false,"Async Capable": false,"Startup Cost": 216528.94,"Total Cost": 343587.90,"Plan Rows": 475120,"Plan Width": 44,"Actual Startup Time": 10893.800,"Actual Total Time": 10897.693,"Actual Rows": 63,"Actual Loops": 1,"Workers Planned": 3,"Workers Launched": 3,"Single Copy": false,"Plans": [{"Node Type": "Hash Join","Parent Relationship": "Outer","Parallel Aware": true,"Async Capable": false,"Join Type": "Inner","Startup Cost": 215528.94,"Total Cost": 295075.90,"Plan Rows": 153265,"Plan Width": 44,"Actual Startup Time": 10134.253,"Actual Total Time": 10314.794,"Actual Rows": 16,"Actual Loops": 4,"Inner Unique": true,"Hash Cond": "(orders.o_custkey = customer.c_custkey)","Workers": [],"Plans": [{"Node Type": "Nested Loop","Parent Relationship": "Outer","Parallel Aware": false,"Async Capable": false,"Join Type": "Inner","Startup Cost": 210537.69,"Total Cost": 289682.32,"Plan Rows": 153265,"Plan Width": 25,"Actual Startup Time": 10099.687,"Actual Total Time": 10280.153,"Actual Rows": 16,"Actual Loops": 4,"Inner Unique": false,"Workers": [],"Plans": [{"Node Type": "Hash Join","Parent Relationship": "Outer","Parallel Aware": false,"Async Capable": false,"Join Type": "Inner","Startup Cost": 210537.26,"Total Cost": 242741.13,"Plan Rows": 38308,"Plan Width": 24,"Actual Startup Time": 10099.575,"Actual Total Time": 10279.892,"Actual Rows": 2,"Actual Loops": 4,"Inner Unique": true,"Hash Cond": "(orders.o_orderkey = lineitem_1.l_orderkey)","Workers": [],"Plans": [{"Node Type": "Seq Scan","Parent Relationship": "Outer","Parallel Aware": true,"Async Capable": false,"Relation Name": "orders","Alias": "orders","Startup Cost": 0.00,"Total Cost": 30933.71,"Plan Rows": 483871,"Plan Width": 20,"Actual Startup Time": 0.011,"Actual Total Time": 51.627,"Actual Rows": 375000,"Actual Loops": 4,"Workers": []},{"Node Type": "Hash","Parent Relationship": "Inner","Parallel Aware": false,"Async Capable": false,"Startup Cost": 209052.81,"Total Cost": 209052.81,"Plan Rows": 118756,"Plan Width": 4,"Actual Startup Time": 10016.825,"Actual Total Time": 10016.839,"Actual Rows": 9,"Actual Loops": 4,"Hash Buckets": 131072,"Original Hash Buckets": 131072,"Hash Batches": 1,"Original Hash Batches": 1,"Peak Memory Usage": 1025,"Workers": [],"Plans": [{"Node Type": "Aggregate","Strategy": "Hashed","Partial Mode": "Simple","Parent Relationship": "Outer","Parallel Aware": false,"Async Capable": false,"Startup Cost": 202521.23,"Total Cost": 207865.25,"Plan Rows": 118756,"Plan Width": 4,"Actual Startup Time": 6319.140,"Actual Total Time": 10016.671,"Actual Rows": 9,"Actual Loops": 4,"Group Key": ["lineitem_1.l_orderkey"],"Filter": "(sum(lineitem_1.l_quantity) > '315'::numeric)","Planned Partitions": 0,"HashAgg Batches": 1,"Peak Memory Usage": 638993,"Disk Usage": 0,"Rows Removed by Filter": 1499991,"Workers": [{"Worker Number": 0,"HashAgg Batches": 1,"Peak Memory Usage": 638993,"Disk Usage": 0},{"Worker Number": 1,"HashAgg Batches": 1,"Peak Memory Usage": 638993,"Disk Usage": 0},{"Worker Number": 2,"HashAgg Batches": 1,"Peak Memory Usage": 638993,"Disk Usage": 0}],"Plans": [{"Node Type": "Seq Scan","Parent Relationship": "Outer","Parallel Aware": false,"Async Capable": false,"Relation Name": "lineitem","Alias": "lineitem_1","Startup Cost": 0.00,"Total Cost": 172515.15,"Plan Rows": 6001215,"Plan Width": 9,"Actual Startup Time": 0.018,"Actual Total Time": 971.843,"Actual Rows": 6001215,"Actual Loops": 4,"Workers": []}]}]}]},{"Node Type": "Index Scan","Parent Relationship": "Inner","Parallel Aware": false,"Async Capable": false,"Scan Direction": "Forward","Index Name": "idx_lineitem_orderkey","Relation Name": "lineitem","Alias": "lineitem","Startup Cost": 0.43,"Total Cost": 1.06,"Plan Rows": 17,"Plan Width": 9,"Actual Startup Time": 0.069,"Actual Total Time": 0.079,"Actual Rows": 7,"Actual Loops": 9,"Index Cond": "(l_orderkey = orders.o_orderkey)","Rows Removed by Index Recheck": 0,"Workers": []}]},{"Node Type": "Hash","Parent Relationship": "Inner","Parallel Aware": true,"Async Capable": false,"Startup Cost": 4210.00,"Total Cost": 4210.00,"Plan Rows": 62500,"Plan Width": 23,"Actual Startup Time": 33.677,"Actual Total Time": 33.684,"Actual Rows": 37500,"Actual Loops": 4,"Hash Buckets": 262144,"Original Hash Buckets": 262144,"Hash Batches": 1,"Original Hash Batches": 1,"Peak Memory Usage": 10368,"Workers": [],"Plans": [{"Node Type": "Seq Scan","Parent Relationship": "Outer","Parallel Aware": true,"Async Capable": false,"Relation Name": "customer","Alias": "customer","Startup Cost": 0.00,"Total Cost": 4210.00,"Plan Rows": 62500,"Plan Width": 23,"Actual Startup Time": 0.019,"Actual Total Time": 16.715,"Actual Rows": 37500,"Actual Loops": 4,"Workers": []}]}]}]}]}]},"Planning Time": 6.132,"Triggers": [],"Execution Time": 11002.531}]
[{"Plan": {"Node Type": "Sort","Parallel Aware": false,"Async Capable": false,"Startup Cost": 397889.21,"Total Cost": 399077.01,"Plan Rows": 475120,"Plan Width": 71,"Actual Startup Time": 10950.105,"Actual Total Time": 10953.954,"Actual Rows": 9,"Actual Loops": 1,"Sort Key": ["orders.o_totalprice DESC", "orders.o_orderdate"],"Sort Method": "quicksort","Sort Space Used": 25,"Sort Space Type": "Memory","Plans": [{"Node Type": "Aggregate","Strategy": "Hashed","Partial Mode": "Simple","Parent Relationship": "Outer","Parallel Aware": false,"Async Capable": false,"Startup Cost": 347151.30,"Total Cost": 353090.30,"Plan Rows": 475120,"Plan Width": 71,"Actual Startup Time": 10902.471,"Actual Total Time": 10953.715,"Actual Rows": 9,"Actual Loops": 1,"Group Key": ["customer.c_custkey", "orders.o_orderkey"],"Planned Partitions": 0,"HashAgg Batches": 1,"Peak Memory Usage": 24601,"Disk Usage": 0,"Plans": [{"Node Type": "Gather","Parent Relationship": "Outer","Parallel Aware": false,"Async Capable": false,"Startup Cost": 216528.94,"Total Cost": 343587.90,"Plan Rows": 475120,"Plan Width": 44,"Actual Startup Time": 10893.800,"Actual Total Time": 10897.693,"Actual Rows": 63,"Actual Loops": 1,"Workers Planned": 3,"Workers Launched": 3,"Single Copy": false,"Plans": [{"Node Type": "Hash Join","Parent Relationship": "Outer","Parallel Aware": true,"Async Capable": false,"Join Type": "Inner","Startup Cost": 215528.94,"Total Cost": 295075.90,"Plan Rows": 153265,"Plan Width": 44,"Actual Startup Time": 10134.253,"Actual Total Time": 10314.794,"Actual Rows": 16,"Actual Loops": 4,"Inner Unique": true,"Hash Cond": "(orders.o_custkey = customer.c_custkey)","Workers": [],"Plans": [{"Node Type": "Nested Loop","Parent Relationship": "Outer","Parallel Aware": false,"Async Capable": false,"Join Type": "Inner","Startup Cost": 210537.69,"Total Cost": 289682.32,"Plan Rows": 153265,"Plan Width": 25,"Actual Startup Time": 10099.687,"Actual Total Time": 10280.153,"Actual Rows": 16,"Actual Loops": 4,"Inner Unique": false,"Workers": [],"Plans": [{"Node Type": "Hash Join","Parent Relationship": "Outer","Parallel Aware": false,"Async Capable": false,"Join Type": "Inner","Startup Cost": 210537.26,"Total Cost": 242741.13,"Plan Rows": 38308,"Plan Width": 24,"Actual Startup Time": 10099.575,"Actual Total Time": 10279.892,"Actual Rows": 2,"Actual Loops": 4,"Inner Unique": true,"Hash Cond": "(orders.o_orderkey = lineitem_1.l_orderkey)","Workers": [],"Plans": [{"Node Type": "Seq Scan","Parent Relationship": "Outer","Parallel Aware": true,"Async Capable": false,"Relation Name": "orders","Alias": "orders","Startup Cost": 0.00,"Total Cost": 30933.71,"Plan Rows": 483871,"Plan Width": 20,"Actual Startup Time": 0.011,"Actual Total Time": 51.627,"Actual Rows": 375000,"Actual Loops": 4,"Workers": []},{"Node Type": "Hash","Parent Relationship": "Inner","Parallel Aware": false,"Async Capable": false,"Startup Cost": 209052.81,"Total Cost": 209052.81,"Plan Rows": 118756,"Plan Width": 4,"Actual Startup Time": 10016.825,"Actual Total Time": 10016.839,"Actual Rows": 9,"Actual Loops": 4,"Hash Buckets": 131072,"Original Hash Buckets": 131072,"Hash Batches": 1,"Original Hash Batches": 1,"Peak Memory Usage": 1025,"Workers": [],"Plans": [{"Node Type": "Aggregate","Strategy": "Hashed","Partial Mode": "Simple","Parent Relationship": "Outer","Parallel Aware": false,"Async Capable": false,"Startup Cost": 202521.23,"Total Cost": 207865.25,"Plan Rows": 118756,"Plan Width": 4,"Actual Startup Time": 6319.140,"Actual Total Time": 10016.671,"Actual Rows": 9,"Actual Loops": 4,"Group Key": ["lineitem_1.l_orderkey"],"Filter": "(sum(lineitem_1.l_quantity) > '315'::numeric)","Planned Partitions": 0,"HashAgg Batches": 1,"Peak Memory Usage": 638993,"Disk Usage": 0,"Rows Removed by Filter": 1499991,"Workers": [{"Worker Number": 0,"HashAgg Batches": 1,"Peak Memory Usage": 638993,"Disk Usage": 0},{"Worker Number": 1,"HashAgg Batches": 1,"Peak Memory Usage": 638993,"Disk Usage": 0},{"Worker Number": 2,"HashAgg Batches": 1,"Peak Memory Usage": 638993,"Disk Usage": 0}],"Plans": [{"Node Type": "Seq Scan","Parent Relationship": "Outer","Parallel Aware": false,"Async Capable": false,"Relation Name": "lineitem","Alias": "lineitem_1","Startup Cost": 0.00,"Total Cost": 172515.15,"Plan Rows": 6001215,"Plan Width": 9,"Actual Startup Time": 0.018,"Actual Total Time": 971.843,"Actual Rows": 6001215,"Actual Loops": 4,"Workers": []}]}]}]},{"Node Type": "Index Scan","Parent Relationship": "Inner","Parallel Aware": false,"Async Capable": false,"Scan Direction": "Forward","Index Name": "idx_lineitem_orderkey","Relation Name": "lineitem","Alias": "lineitem","Startup Cost": 0.43,"Total Cost": 1.06,"Plan Rows": 17,"Plan Width": 9,"Actual Startup Time": 0.069,"Actual Total Time": 0.079,"Actual Rows": 7,"Actual Loops": 9,"Index Cond": "(l_orderkey = orders.o_orderkey)","Rows Removed by Index Recheck": 0,"Workers": []}]},{"Node Type": "Hash","Parent Relationship": "Inner","Parallel Aware": true,"Async Capable": false,"Startup Cost": 4210.00,"Total Cost": 4210.00,"Plan Rows": 62500,"Plan Width": 23,"Actual Startup Time": 33.677,"Actual Total Time": 33.684,"Actual Rows": 37500,"Actual Loops": 4,"Hash Buckets": 262144,"Original Hash Buckets": 262144,"Hash Batches": 1,"Original Hash Batches": 1,"Peak Memory Usage": 10368,"Workers": [],"Plans": [{"Node Type": "Seq Scan","Parent Relationship": "Outer","Parallel Aware": true,"Async Capable": false,"Relation Name": "customer","Alias": "customer","Startup Cost": 0.00,"Total Cost": 4210.00,"Plan Rows": 62500,"Plan Width": 23,"Actual Startup Time": 0.019,"Actual Total Time": 16.715,"Actual Rows": 37500,"Actual Loops": 4,"Workers": []}]}]}]}]}]},"Planning Time": 6.132,"Triggers": [],"Execution Time": 11002.531}]
[{"Plan": {"Node Type": "Sort","Parallel Aware": false,"Async Capable": false,"Startup Cost": 397889.21,"Total Cost": 399077.01,"Plan Rows": 475120,"Plan Width": 71,"Actual Startup Time": 10950.105,"Actual Total Time": 10953.954,"Actual Rows": 9,"Actual Loops": 1,"Sort Key": ["orders.o_totalprice DESC", "orders.o_orderdate"],"Sort Method": "quicksort","Sort Space Used": 25,"Sort Space Type": "Memory","Plans": [{"Node Type": "Aggregate","Strategy": "Hashed","Partial Mode": "Simple","Parent Relationship": "Outer","Parallel Aware": false,"Async Capable": false,"Startup Cost": 347151.30,"Total Cost": 353090.30,"Plan Rows": 475120,"Plan Width": 71,"Actual Startup Time": 10902.471,"Actual Total Time": 10953.715,"Actual Rows": 9,"Actual Loops": 1,"Group Key": ["customer.c_custkey", "orders.o_orderkey"],"Planned Partitions": 0,"HashAgg Batches": 1,"Peak Memory Usage": 24601,"Disk Usage": 0,"Plans": [{"Node Type": "Gather","Parent Relationship": "Outer","Parallel Aware": false,"Async Capable": false,"Startup Cost": 216528.94,"Total Cost": 343587.90,"Plan Rows": 475120,"Plan Width": 44,"Actual Startup Time": 10893.800,"Actual Total Time": 10897.693,"Actual Rows": 63,"Actual Loops": 1,"Workers Planned": 3,"Workers Launched": 3,"Single Copy": false,"Plans": [{"Node Type": "Hash Join","Parent Relationship": "Outer","Parallel Aware": true,"Async Capable": false,"Join Type": "Inner","Startup Cost": 215528.94,"Total Cost": 295075.90,"Plan Rows": 153265,"Plan Width": 44,"Actual Startup Time": 10134.253,"Actual Total Time": 10314.794,"Actual Rows": 16,"Actual Loops": 4,"Inner Unique": true,"Hash Cond": "(orders.o_custkey = customer.c_custkey)","Workers": [],"Plans": [{"Node Type": "Nested Loop","Parent Relationship": "Outer","Parallel Aware": false,"Async Capable": false,"Join Type": "Inner","Startup Cost": 210537.69,"Total Cost": 289682.32,"Plan Rows": 153265,"Plan Width": 25,"Actual Startup Time": 10099.687,"Actual Total Time": 10280.153,"Actual Rows": 16,"Actual Loops": 4,"Inner Unique": false,"Workers": [],"Plans": [{"Node Type": "Hash Join","Parent Relationship": "Outer","Parallel Aware": false,"Async Capable": false,"Join Type": "Inner","Startup Cost": 210537.26,"Total Cost": 242741.13,"Plan Rows": 38308,"Plan Width": 24,"Actual Startup Time": 10099.575,"Actual Total Time": 10279.892,"Actual Rows": 2,"Actual Loops": 4,"Inner Unique": true,"Hash Cond": "(orders.o_orderkey = lineitem_1.l_orderkey)","Workers": [],"Plans": [{"Node Type": "Seq Scan","Parent Relationship": "Outer","Parallel Aware": true,"Async Capable": false,"Relation Name": "orders","Alias": "orders","Startup Cost": 0.00,"Total Cost": 30933.71,"Plan Rows": 483871,"Plan Width": 20,"Actual Startup Time": 0.011,"Actual Total Time": 51.627,"Actual Rows": 375000,"Actual Loops": 4,"Workers": []},{"Node Type": "Hash","Parent Relationship": "Inner","Parallel Aware": false,"Async Capable": false,"Startup Cost": 209052.81,"Total Cost": 209052.81,"Plan Rows": 118756,"Plan Width": 4,"Actual Startup Time": 10016.825,"Actual Total Time": 10016.839,"Actual Rows": 9,"Actual Loops": 4,"Hash Buckets": 131072,"Original Hash Buckets": 131072,"Hash Batches": 1,"Original Hash Batches": 1,"Peak Memory Usage": 1025,"Workers": [],"Plans": [{"Node Type": "Aggregate","Strategy": "Hashed","Partial Mode": "Simple","Parent Relationship": "Outer","Parallel Aware": false,"Async Capable": false,"Startup Cost": 202521.23,"Total Cost": 207865.25,"Plan Rows": 118756,"Plan Width": 4,"Actual Startup Time": 6319.140,"Actual Total Time": 10016.671,"Actual Rows": 9,"Actual Loops": 4,"Group Key": ["lineitem_1.l_orderkey"],"Filter": "(sum(lineitem_1.l_quantity) > '315'::numeric)","Planned Partitions": 0,"HashAgg Batches": 1,"Peak Memory Usage": 638993,"Disk Usage": 0,"Rows Removed by Filter": 1499991,"Workers": [{"Worker Number": 0,"HashAgg Batches": 1,"Peak Memory Usage": 638993,"Disk Usage": 0},{"Worker Number": 1,"HashAgg Batches": 1,"Peak Memory Usage": 638993,"Disk Usage": 0},{"Worker Number": 2,"HashAgg Batches": 1,"Peak Memory Usage": 638993,"Disk Usage": 0}],"Plans": [{"Node Type": "Seq Scan","Parent Relationship": "Outer","Parallel Aware": false,"Async Capable": false,"Relation Name": "lineitem","Alias": "lineitem_1","Startup Cost": 0.00,"Total Cost": 172515.15,"Plan Rows": 6001215,"Plan Width": 9,"Actual Startup Time": 0.018,"Actual Total Time": 971.843,"Actual Rows": 6001215,"Actual Loops": 4,"Workers": []}]}]}]},{"Node Type": "Index Scan","Parent Relationship": "Inner","Parallel Aware": false,"Async Capable": false,"Scan Direction": "Forward","Index Name": "idx_lineitem_orderkey","Relation Name": "lineitem","Alias": "lineitem","Startup Cost": 0.43,"Total Cost": 1.06,"Plan Rows": 17,"Plan Width": 9,"Actual Startup Time": 0.069,"Actual Total Time": 0.079,"Actual Rows": 7,"Actual Loops": 9,"Index Cond": "(l_orderkey = orders.o_orderkey)","Rows Removed by Index Recheck": 0,"Workers": []}]},{"Node Type": "Hash","Parent Relationship": "Inner","Parallel Aware": true,"Async Capable": false,"Startup Cost": 4210.00,"Total Cost": 4210.00,"Plan Rows": 62500,"Plan Width": 23,"Actual Startup Time": 33.677,"Actual Total Time": 33.684,"Actual Rows": 37500,"Actual Loops": 4,"Hash Buckets": 262144,"Original Hash Buckets": 262144,"Hash Batches": 1,"Original Hash Batches": 1,"Peak Memory Usage": 10368,"Workers": [],"Plans": [{"Node Type": "Seq Scan","Parent Relationship": "Outer","Parallel Aware": true,"Async Capable": false,"Relation Name": "customer","Alias": "customer","Startup Cost": 0.00,"Total Cost": 4210.00,"Plan Rows": 62500,"Plan Width": 23,"Actual Startup Time": 0.019,"Actual Total Time": 16.715,"Actual Rows": 37500,"Actual Loops": 4,"Workers": []}]}]}]}]}]},"Planning Time": 6.132,"Triggers": [],"Execution Time": 11002.531}]
[{"Plan": {"Node Type": "Sort","Parallel Aware": false,"Async Capable": false,"Startup Cost": 397889.21,"Total Cost": 399077.01,"Plan Rows": 475120,"Plan Width": 71,"Actual Startup Time": 10345.847,"Actual Total Time": 10377.998,"Actual Rows": 9,"Actual Loops": 1,"Sort Key": ["orders.o_totalprice DESC", "orders.o_orderdate"],"Sort Method": "quicksort","Sort Space Used": 25,"Sort Space Type": "Memory","Plans": [{"Node Type": "Aggregate","Strategy": "Hashed","Partial Mode": "Simple","Parent Relationship": "Outer","Parallel Aware": false,"Async Capable": false,"Startup Cost": 347151.30,"Total Cost": 353090.30,"Plan Rows": 475120,"Plan Width": 71,"Actual Startup Time": 10329.232,"Actual Total Time": 10377.856,"Actual Rows": 9,"Actual Loops": 1,"Group Key": ["customer.c_custkey", "orders.o_orderkey"],"Planned Partitions": 0,"HashAgg Batches": 1,"Peak Memory Usage": 24601,"Disk Usage": 0,"Plans": [{"Node Type": "Gather","Parent Relationship": "Outer","Parallel Aware": false,"Async Capable": false,"Startup Cost": 216528.94,"Total Cost": 343587.90,"Plan Rows": 475120,"Plan Width": 44,"Actual Startup Time": 10053.961,"Actual Total Time": 10357.615,"Actual Rows": 63,"Actual Loops": 1,"Workers Planned": 3,"Workers Launched": 3,"Single Copy": false,"Plans": [{"Node Type": "Hash Join","Parent Relationship": "Outer","Parallel Aware": true,"Async Capable": false,"Join Type": "Inner","Startup Cost": 215528.94,"Total Cost": 295075.90,"Plan Rows": 153265,"Plan Width": 44,"Actual Startup Time": 10157.696,"Actual Total Time": 10258.651,"Actual Rows": 16,"Actual Loops": 4,"Inner Unique": true,"Hash Cond": "(orders.o_custkey = customer.c_custkey)","Workers": [],"Plans": [{"Node Type": "Nested Loop","Parent Relationship": "Outer","Parallel Aware": false,"Async Capable": false,"Join Type": "Inner","Startup Cost": 210537.69,"Total Cost": 289682.32,"Plan Rows": 153265,"Plan Width": 25,"Actual Startup Time": 10123.332,"Actual Total Time": 10224.239,"Actual Rows": 16,"Actual Loops": 4,"Inner Unique": false,"Workers": [],"Plans": [{"Node Type": "Hash Join","Parent Relationship": "Outer","Parallel Aware": false,"Async Capable": false,"Join Type": "Inner","Startup Cost": 210537.26,"Total Cost": 242741.13,"Plan Rows": 38308,"Plan Width": 24,"Actual Startup Time": 10123.186,"Actual Total Time": 10223.998,"Actual Rows": 2,"Actual Loops": 4,"Inner Unique": true,"Hash Cond": "(orders.o_orderkey = lineitem_1.l_orderkey)","Workers": [],"Plans": [{"Node Type": "Seq Scan","Parent Relationship": "Outer","Parallel Aware": true,"Async Capable": false,"Relation Name": "orders","Alias": "orders","Startup Cost": 0.00,"Total Cost": 30933.71,"Plan Rows": 483871,"Plan Width": 20,"Actual Startup Time": 0.011,"Actual Total Time": 49.852,"Actual Rows": 375000,"Actual Loops": 4,"Workers": []},{"Node Type": "Hash","Parent Relationship": "Inner","Parallel Aware": false,"Async Capable": false,"Startup Cost": 209052.81,"Total Cost": 209052.81,"Plan Rows": 118756,"Plan Width": 4,"Actual Startup Time": 10005.666,"Actual Total Time": 10005.673,"Actual Rows": 9,"Actual Loops": 4,"Hash Buckets": 131072,"Original Hash Buckets": 131072,"Hash Batches": 1,"Original Hash Batches": 1,"Peak Memory Usage": 1025,"Workers": [],"Plans": [{"Node Type": "Aggregate","Strategy": "Hashed","Partial Mode": "Simple","Parent Relationship": "Outer","Parallel Aware": false,"Async Capable": false,"Startup Cost": 202521.23,"Total Cost": 207865.25,"Plan Rows": 118756,"Plan Width": 4,"Actual Startup Time": 6310.010,"Actual Total Time": 10005.543,"Actual Rows": 9,"Actual Loops": 4,"Group Key": ["lineitem_1.l_orderkey"],"Filter": "(sum(lineitem_1.l_quantity) > '313'::numeric)","Planned Partitions": 0,"HashAgg Batches": 1,"Peak Memory Usage": 638993,"Disk Usage": 0,"Rows Removed by Filter": 1499991,"Workers": [{"Worker Number": 0,"HashAgg Batches": 1,"Peak Memory Usage": 638993,"Disk Usage": 0},{"Worker Number": 1,"HashAgg Batches": 1,"Peak Memory Usage": 638993,"Disk Usage": 0},{"Worker Number": 2,"HashAgg Batches": 1,"Peak Memory Usage": 638993,"Disk Usage": 0}],"Plans": [{"Node Type": "Seq Scan","Parent Relationship": "Outer","Parallel Aware": false,"Async Capable": false,"Relation Name": "lineitem","Alias": "lineitem_1","Startup Cost": 0.00,"Total Cost": 172515.15,"Plan Rows": 6001215,"Plan Width": 9,"Actual Startup Time": 0.020,"Actual Total Time": 994.479,"Actual Rows": 6001215,"Actual Loops": 4,"Workers": []}]}]}]},{"Node Type": "Index Scan","Parent Relationship": "Inner","Parallel Aware": false,"Async Capable": false,"Scan Direction": "Forward","Index Name": "idx_lineitem_orderkey","Relation Name": "lineitem","Alias": "lineitem","Startup Cost": 0.43,"Total Cost": 1.06,"Plan Rows": 17,"Plan Width": 9,"Actual Startup Time": 0.068,"Actual Total Time": 0.075,"Actual Rows": 7,"Actual Loops": 9,"Index Cond": "(l_orderkey = orders.o_orderkey)","Rows Removed by Index Recheck": 0,"Workers": []}]},{"Node Type": "Hash","Parent Relationship": "Inner","Parallel Aware": true,"Async Capable": false,"Startup Cost": 4210.00,"Total Cost": 4210.00,"Plan Rows": 62500,"Plan Width": 23,"Actual Startup Time": 33.578,"Actual Total Time": 33.582,"Actual Rows": 37500,"Actual Loops": 4,"Hash Buckets": 262144,"Original Hash Buckets": 262144,"Hash Batches": 1,"Original Hash Batches": 1,"Peak Memory Usage": 10336,"Workers": [],"Plans": [{"Node Type": "Seq Scan","Parent Relationship": "Outer","Parallel Aware": true,"Async Capable": false,"Relation Name": "customer","Alias": "customer","Startup Cost": 0.00,"Total Cost": 4210.00,"Plan Rows": 62500,"Plan Width": 23,"Actual Startup Time": 0.023,"Actual Total Time": 16.777,"Actual Rows": 37500,"Actual Loops": 4,"Workers": []}]}]}]}]}]},"Planning Time": 6.662,"Triggers": [],"Execution Time": 10430.266}]
[{"Plan": {"Node Type": "Sort","Parallel Aware": false,"Async Capable": false,"Startup Cost": 397889.21,"Total Cost": 399077.01,"Plan Rows": 475120,"Plan Width": 71,"Actual Startup Time": 10345.847,"Actual Total Time": 10377.998,"Actual Rows": 9,"Actual Loops": 1,"Sort Key": ["orders.o_totalprice DESC", "orders.o_orderdate"],"Sort Method": "quicksort","Sort Space Used": 25,"Sort Space Type": "Memory","Plans": [{"Node Type": "Aggregate","Strategy": "Hashed","Partial Mode": "Simple","Parent Relationship": "Outer","Parallel Aware": false,"Async Capable": false,"Startup Cost": 347151.30,"Total Cost": 353090.30,"Plan Rows": 475120,"Plan Width": 71,"Actual Startup Time": 10329.232,"Actual Total Time": 10377.856,"Actual Rows": 9,"Actual Loops": 1,"Group Key": ["customer.c_custkey", "orders.o_orderkey"],"Planned Partitions": 0,"HashAgg Batches": 1,"Peak Memory Usage": 24601,"Disk Usage": 0,"Plans": [{"Node Type": "Gather","Parent Relationship": "Outer","Parallel Aware": false,"Async Capable": false,"Startup Cost": 216528.94,"Total Cost": 343587.90,"Plan Rows": 475120,"Plan Width": 44,"Actual Startup Time": 10053.961,"Actual Total Time": 10357.615,"Actual Rows": 63,"Actual Loops": 1,"Workers Planned": 3,"Workers Launched": 3,"Single Copy": false,"Plans": [{"Node Type": "Hash Join","Parent Relationship": "Outer","Parallel Aware": true,"Async Capable": false,"Join Type": "Inner","Startup Cost": 215528.94,"Total Cost": 295075.90,"Plan Rows": 153265,"Plan Width": 44,"Actual Startup Time": 10157.696,"Actual Total Time": 10258.651,"Actual Rows": 16,"Actual Loops": 4,"Inner Unique": true,"Hash Cond": "(orders.o_custkey = customer.c_custkey)","Workers": [],"Plans": [{"Node Type": "Nested Loop","Parent Relationship": "Outer","Parallel Aware": false,"Async Capable": false,"Join Type": "Inner","Startup Cost": 210537.69,"Total Cost": 289682.32,"Plan Rows": 153265,"Plan Width": 25,"Actual Startup Time": 10123.332,"Actual Total Time": 10224.239,"Actual Rows": 16,"Actual Loops": 4,"Inner Unique": false,"Workers": [],"Plans": [{"Node Type": "Hash Join","Parent Relationship": "Outer","Parallel Aware": false,"Async Capable": false,"Join Type": "Inner","Startup Cost": 210537.26,"Total Cost": 242741.13,"Plan Rows": 38308,"Plan Width": 24,"Actual Startup Time": 10123.186,"Actual Total Time": 10223.998,"Actual Rows": 2,"Actual Loops": 4,"Inner Unique": true,"Hash Cond": "(orders.o_orderkey = lineitem_1.l_orderkey)","Workers": [],"Plans": [{"Node Type": "Seq Scan","Parent Relationship": "Outer","Parallel Aware": true,"Async Capable": false,"Relation Name": "orders","Alias": "orders","Startup Cost": 0.00,"Total Cost": 30933.71,"Plan Rows": 483871,"Plan Width": 20,"Actual Startup Time": 0.011,"Actual Total Time": 49.852,"Actual Rows": 375000,"Actual Loops": 4,"Workers": []},{"Node Type": "Hash","Parent Relationship": "Inner","Parallel Aware": false,"Async Capable": false,"Startup Cost": 209052.81,"Total Cost": 209052.81,"Plan Rows": 118756,"Plan Width": 4,"Actual Startup Time": 10005.666,"Actual Total Time": 10005.673,"Actual Rows": 9,"Actual Loops": 4,"Hash Buckets": 131072,"Original Hash Buckets": 131072,"Hash Batches": 1,"Original Hash Batches": 1,"Peak Memory Usage": 1025,"Workers": [],"Plans": [{"Node Type": "Aggregate","Strategy": "Hashed","Partial Mode": "Simple","Parent Relationship": "Outer","Parallel Aware": false,"Async Capable": false,"Startup Cost": 202521.23,"Total Cost": 207865.25,"Plan Rows": 118756,"Plan Width": 4,"Actual Startup Time": 6310.010,"Actual Total Time": 10005.543,"Actual Rows": 9,"Actual Loops": 4,"Group Key": ["lineitem_1.l_orderkey"],"Filter": "(sum(lineitem_1.l_quantity) > '313'::numeric)","Planned Partitions": 0,"HashAgg Batches": 1,"Peak Memory Usage": 638993,"Disk Usage": 0,"Rows Removed by Filter": 1499991,"Workers": [{"Worker Number": 0,"HashAgg Batches": 1,"Peak Memory Usage": 638993,"Disk Usage": 0},{"Worker Number": 1,"HashAgg Batches": 1,"Peak Memory Usage": 638993,"Disk Usage": 0},{"Worker Number": 2,"HashAgg Batches": 1,"Peak Memory Usage": 638993,"Disk Usage": 0}],"Plans": [{"Node Type": "Seq Scan","Parent Relationship": "Outer","Parallel Aware": false,"Async Capable": false,"Relation Name": "lineitem","Alias": "lineitem_1","Startup Cost": 0.00,"Total Cost": 172515.15,"Plan Rows": 6001215,"Plan Width": 9,"Actual Startup Time": 0.020,"Actual Total Time": 994.479,"Actual Rows": 6001215,"Actual Loops": 4,"Workers": []}]}]}]},{"Node Type": "Index Scan","Parent Relationship": "Inner","Parallel Aware": false,"Async Capable": false,"Scan Direction": "Forward","Index Name": "idx_lineitem_orderkey","Relation Name": "lineitem","Alias": "lineitem","Startup Cost": 0.43,"Total Cost": 1.06,"Plan Rows": 17,"Plan Width": 9,"Actual Startup Time": 0.068,"Actual Total Time": 0.075,"Actual Rows": 7,"Actual Loops": 9,"Index Cond": "(l_orderkey = orders.o_orderkey)","Rows Removed by Index Recheck": 0,"Workers": []}]},{"Node Type": "Hash","Parent Relationship": "Inner","Parallel Aware": true,"Async Capable": false,"Startup Cost": 4210.00,"Total Cost": 4210.00,"Plan Rows": 62500,"Plan Width": 23,"Actual Startup Time": 33.578,"Actual Total Time": 33.582,"Actual Rows": 37500,"Actual Loops": 4,"Hash Buckets": 262144,"Original Hash Buckets": 262144,"Hash Batches": 1,"Original Hash Batches": 1,"Peak Memory Usage": 10336,"Workers": [],"Plans": [{"Node Type": "Seq Scan","Parent Relationship": "Outer","Parallel Aware": true,"Async Capable": false,"Relation Name": "customer","Alias": "customer","Startup Cost": 0.00,"Total Cost": 4210.00,"Plan Rows": 62500,"Plan Width": 23,"Actual Startup Time": 0.023,"Actual Total Time": 16.777,"Actual Rows": 37500,"Actual Loops": 4,"Workers": []}]}]}]}]}]},"Planning Time": 6.662,"Triggers": [],"Execution Time": 10430.266}]
[{"Plan": {"Node Type": "Sort","Parallel Aware": false,"Async Capable": false,"Startup Cost": 397889.21,"Total Cost": 399077.01,"Plan Rows": 475120,"Plan Width": 71,"Actual Startup Time": 10950.105,"Actual Total Time": 10953.954,"Actual Rows": 9,"Actual Loops": 1,"Sort Key": ["orders.o_totalprice DESC", "orders.o_orderdate"],"Sort Method": "quicksort","Sort Space Used": 25,"Sort Space Type": "Memory","Plans": [{"Node Type": "Aggregate","Strategy": "Hashed","Partial Mode": "Simple","Parent Relationship": "Outer","Parallel Aware": false,"Async Capable": false,"Startup Cost": 347151.30,"Total Cost": 353090.30,"Plan Rows": 475120,"Plan Width": 71,"Actual Startup Time": 10902.471,"Actual Total Time": 10953.715,"Actual Rows": 9,"Actual Loops": 1,"Group Key": ["customer.c_custkey", "orders.o_orderkey"],"Planned Partitions": 0,"HashAgg Batches": 1,"Peak Memory Usage": 24601,"Disk Usage": 0,"Plans": [{"Node Type": "Gather","Parent Relationship": "Outer","Parallel Aware": false,"Async Capable": false,"Startup Cost": 216528.94,"Total Cost": 343587.90,"Plan Rows": 475120,"Plan Width": 44,"Actual Startup Time": 10893.800,"Actual Total Time": 10897.693,"Actual Rows": 63,"Actual Loops": 1,"Workers Planned": 3,"Workers Launched": 3,"Single Copy": false,"Plans": [{"Node Type": "Hash Join","Parent Relationship": "Outer","Parallel Aware": true,"Async Capable": false,"Join Type": "Inner","Startup Cost": 215528.94,"Total Cost": 295075.90,"Plan Rows": 153265,"Plan Width": 44,"Actual Startup Time": 10134.253,"Actual Total Time": 10314.794,"Actual Rows": 16,"Actual Loops": 4,"Inner Unique": true,"Hash Cond": "(orders.o_custkey = customer.c_custkey)","Workers": [],"Plans": [{"Node Type": "Nested Loop","Parent Relationship": "Outer","Parallel Aware": false,"Async Capable": false,"Join Type": "Inner","Startup Cost": 210537.69,"Total Cost": 289682.32,"Plan Rows": 153265,"Plan Width": 25,"Actual Startup Time": 10099.687,"Actual Total Time": 10280.153,"Actual Rows": 16,"Actual Loops": 4,"Inner Unique": false,"Workers": [],"Plans": [{"Node Type": "Hash Join","Parent Relationship": "Outer","Parallel Aware": false,"Async Capable": false,"Join Type": "Inner","Startup Cost": 210537.26,"Total Cost": 242741.13,"Plan Rows": 38308,"Plan Width": 24,"Actual Startup Time": 10099.575,"Actual Total Time": 10279.892,"Actual Rows": 2,"Actual Loops": 4,"Inner Unique": true,"Hash Cond": "(orders.o_orderkey = lineitem_1.l_orderkey)","Workers": [],"Plans": [{"Node Type": "Seq Scan","Parent Relationship": "Outer","Parallel Aware": true,"Async Capable": false,"Relation Name": "orders","Alias": "orders","Startup Cost": 0.00,"Total Cost": 30933.71,"Plan Rows": 483871,"Plan Width": 20,"Actual Startup Time": 0.011,"Actual Total Time": 51.627,"Actual Rows": 375000,"Actual Loops": 4,"Workers": []},{"Node Type": "Hash","Parent Relationship": "Inner","Parallel Aware": false,"Async Capable": false,"Startup Cost": 209052.81,"Total Cost": 209052.81,"Plan Rows": 118756,"Plan Width": 4,"Actual Startup Time": 10016.825,"Actual Total Time": 10016.839,"Actual Rows": 9,"Actual Loops": 4,"Hash Buckets": 131072,"Original Hash Buckets": 131072,"Hash Batches": 1,"Original Hash Batches": 1,"Peak Memory Usage": 1025,"Workers": [],"Plans": [{"Node Type": "Aggregate","Strategy": "Hashed","Partial Mode": "Simple","Parent Relationship": "Outer","Parallel Aware": false,"Async Capable": false,"Startup Cost": 202521.23,"Total Cost": 207865.25,"Plan Rows": 118756,"Plan Width": 4,"Actual Startup Time": 6319.140,"Actual Total Time": 10016.671,"Actual Rows": 9,"Actual Loops": 4,"Group Key": ["lineitem_1.l_orderkey"],"Filter": "(sum(lineitem_1.l_quantity) > '315'::numeric)","Planned Partitions": 0,"HashAgg Batches": 1,"Peak Memory Usage": 638993,"Disk Usage": 0,"Rows Removed by Filter": 1499991,"Workers": [{"Worker Number": 0,"HashAgg Batches": 1,"Peak Memory Usage": 638993,"Disk Usage": 0},{"Worker Number": 1,"HashAgg Batches": 1,"Peak Memory Usage": 638993,"Disk Usage": 0},{"Worker Number": 2,"HashAgg Batches": 1,"Peak Memory Usage": 638993,"Disk Usage": 0}],"Plans": [{"Node Type": "Seq Scan","Parent Relationship": "Outer","Parallel Aware": false,"Async Capable": false,"Relation Name": "lineitem","Alias": "lineitem_1","Startup Cost": 0.00,"Total Cost": 172515.15,"Plan Rows": 6001215,"Plan Width": 9,"Actual Startup Time": 0.018,"Actual Total Time": 971.843,"Actual Rows": 6001215,"Actual Loops": 4,"Workers": []}]}]}]},{"Node Type": "Index Scan","Parent Relationship": "Inner","Parallel Aware": false,"Async Capable": false,"Scan Direction": "Forward","Index Name": "idx_lineitem_orderkey","Relation Name": "lineitem","Alias": "lineitem","Startup Cost": 0.43,"Total Cost": 1.06,"Plan Rows": 17,"Plan Width": 9,"Actual Startup Time": 0.069,"Actual Total Time": 0.079,"Actual Rows": 7,"Actual Loops": 9,"Index Cond": "(l_orderkey = orders.o_orderkey)","Rows Removed by Index Recheck": 0,"Workers": []}]},{"Node Type": "Hash","Parent Relationship": "Inner","Parallel Aware": true,"Async Capable": false,"Startup Cost": 4210.00,"Total Cost": 4210.00,"Plan Rows": 62500,"Plan Width": 23,"Actual Startup Time": 33.677,"Actual Total Time": 33.684,"Actual Rows": 37500,"Actual Loops": 4,"Hash Buckets": 262144,"Original Hash Buckets": 262144,"Hash Batches": 1,"Original Hash Batches": 1,"Peak Memory Usage": 10368,"Workers": [],"Plans": [{"Node Type": "Seq Scan","Parent Relationship": "Outer","Parallel Aware": true,"Async Capable": false,"Relation Name": "customer","Alias": "customer","Startup Cost": 0.00,"Total Cost": 4210.00,"Plan Rows": 62500,"Plan Width": 23,"Actual Startup Time": 0.019,"Actual Total Time": 16.715,"Actual Rows": 37500,"Actual Loops": 4,"Workers": []}]}]}]}]}]},"Planning Time": 6.132,"Triggers": [],"Execution Time": 11002.531}]
[{"Plan": {"Node Type": "Sort","Parallel Aware": false,"Async Capable": false,"Startup Cost": 397889.21,"Total Cost": 399077.01,"Plan Rows": 475120,"Plan Width": 71,"Actual Startup Time": 10887.509,"Actual Total Time": 10908.132,"Actual Rows": 10,"Actual Loops": 1,"Sort Key": ["orders.o_totalprice DESC", "orders.o_orderdate"],"Sort Method": "quicksort","Sort Space Used": 25,"Sort Space Type": "Memory","Plans": [{"Node Type": "Aggregate","Strategy": "Hashed","Partial Mode": "Simple","Parent Relationship": "Outer","Parallel Aware": false,"Async Capable": false,"Startup Cost": 347151.30,"Total Cost": 353090.30,"Plan Rows": 475120,"Plan Width": 71,"Actual Startup Time": 10848.812,"Actual Total Time": 10907.941,"Actual Rows": 10,"Actual Loops": 1,"Group Key": ["customer.c_custkey", "orders.o_orderkey"],"Planned Partitions": 0,"HashAgg Batches": 1,"Peak Memory Usage": 24601,"Disk Usage": 0,"Plans": [{"Node Type": "Gather","Parent Relationship": "Outer","Parallel Aware": false,"Async Capable": false,"Startup Cost": 216528.94,"Total Cost": 343587.90,"Plan Rows": 475120,"Plan Width": 44,"Actual Startup Time": 10782.037,"Actual Total Time": 10858.151,"Actual Rows": 70,"Actual Loops": 1,"Workers Planned": 3,"Workers Launched": 3,"Single Copy": false,"Plans": [{"Node Type": "Hash Join","Parent Relationship": "Outer","Parallel Aware": true,"Async Capable": false,"Join Type": "Inner","Startup Cost": 215528.94,"Total Cost": 295075.90,"Plan Rows": 153265,"Plan Width": 44,"Actual Startup Time": 10180.765,"Actual Total Time": 10348.312,"Actual Rows": 18,"Actual Loops": 4,"Inner Unique": true,"Hash Cond": "(orders.o_custkey = customer.c_custkey)","Workers": [],"Plans": [{"Node Type": "Nested Loop","Parent Relationship": "Outer","Parallel Aware": false,"Async Capable": false,"Join Type": "Inner","Startup Cost": 210537.69,"Total Cost": 289682.32,"Plan Rows": 153265,"Plan Width": 25,"Actual Startup Time": 10142.809,"Actual Total Time": 10310.270,"Actual Rows": 18,"Actual Loops": 4,"Inner Unique": false,"Workers": [],"Plans": [{"Node Type": "Hash Join","Parent Relationship": "Outer","Parallel Aware": false,"Async Capable": false,"Join Type": "Inner","Startup Cost": 210537.26,"Total Cost": 242741.13,"Plan Rows": 38308,"Plan Width": 24,"Actual Startup Time": 10142.670,"Actual Total Time": 10309.991,"Actual Rows": 2,"Actual Loops": 4,"Inner Unique": true,"Hash Cond": "(orders.o_orderkey = lineitem_1.l_orderkey)","Workers": [],"Plans": [{"Node Type": "Seq Scan","Parent Relationship": "Outer","Parallel Aware": true,"Async Capable": false,"Relation Name": "orders","Alias": "orders","Startup Cost": 0.00,"Total Cost": 30933.71,"Plan Rows": 483871,"Plan Width": 20,"Actual Startup Time": 0.009,"Actual Total Time": 49.040,"Actual Rows": 375000,"Actual Loops": 4,"Workers": []},{"Node Type": "Hash","Parent Relationship": "Inner","Parallel Aware": false,"Async Capable": false,"Startup Cost": 209052.81,"Total Cost": 209052.81,"Plan Rows": 118756,"Plan Width": 4,"Actual Startup Time": 10075.163,"Actual Total Time": 10075.176,"Actual Rows": 10,"Actual Loops": 4,"Hash Buckets": 131072,"Original Hash Buckets": 131072,"Hash Batches": 1,"Original Hash Batches": 1,"Peak Memory Usage": 1025,"Workers": [],"Plans": [{"Node Type": "Aggregate","Strategy": "Hashed","Partial Mode": "Simple","Parent Relationship": "Outer","Parallel Aware": false,"Async Capable": false,"Startup Cost": 202521.23,"Total Cost": 207865.25,"Plan Rows": 118756,"Plan Width": 4,"Actual Startup Time": 6293.151,"Actual Total Time": 10074.968,"Actual Rows": 10,"Actual Loops": 4,"Group Key": ["lineitem_1.l_orderkey"],"Filter": "(sum(lineitem_1.l_quantity) > '312'::numeric)","Planned Partitions": 0,"HashAgg Batches": 1,"Peak Memory Usage": 638993,"Disk Usage": 0,"Rows Removed by Filter": 1499990,"Workers": [{"Worker Number": 0,"HashAgg Batches": 1,"Peak Memory Usage": 638993,"Disk Usage": 0},{"Worker Number": 1,"HashAgg Batches": 1,"Peak Memory Usage": 638993,"Disk Usage": 0},{"Worker Number": 2,"HashAgg Batches": 1,"Peak Memory Usage": 638993,"Disk Usage": 0}],"Plans": [{"Node Type": "Seq Scan","Parent Relationship": "Outer","Parallel Aware": false,"Async Capable": false,"Relation Name": "lineitem","Alias": "lineitem_1","Startup Cost": 0.00,"Total Cost": 172515.15,"Plan Rows": 6001215,"Plan Width": 9,"Actual Startup Time": 0.021,"Actual Total Time": 960.546,"Actual Rows": 6001215,"Actual Loops": 4,"Workers": []}]}]}]},{"Node Type": "Index Scan","Parent Relationship": "Inner","Parallel Aware": false,"Async Capable": false,"Scan Direction": "Forward","Index Name": "idx_lineitem_orderkey","Relation Name": "lineitem","Alias": "lineitem","Startup Cost": 0.43,"Total Cost": 1.06,"Plan Rows": 17,"Plan Width": 9,"Actual Startup Time": 0.072,"Actual Total Time": 0.079,"Actual Rows": 7,"Actual Loops": 10,"Index Cond": "(l_orderkey = orders.o_orderkey)","Rows Removed by Index Recheck": 0,"Workers": []}]},{"Node Type": "Hash","Parent Relationship": "Inner","Parallel Aware": true,"Async Capable": false,"Startup Cost": 4210.00,"Total Cost": 4210.00,"Plan Rows": 62500,"Plan Width": 23,"Actual Startup Time": 37.105,"Actual Total Time": 37.114,"Actual Rows": 37500,"Actual Loops": 4,"Hash Buckets": 262144,"Original Hash Buckets": 262144,"Hash Batches": 1,"Original Hash Batches": 1,"Peak Memory Usage": 10368,"Workers": [],"Plans": [{"Node Type": "Seq Scan","Parent Relationship": "Outer","Parallel Aware": true,"Async Capable": false,"Relation Name": "customer","Alias": "customer","Startup Cost": 0.00,"Total Cost": 4210.00,"Plan Rows": 62500,"Plan Width": 23,"Actual Startup Time": 0.025,"Actual Total Time": 19.726,"Actual Rows": 37500,"Actual Loops": 4,"Workers": []}]}]}]}]}]},"Planning Time": 6.715,"Triggers": [],"Execution Time": 10961.817}]
[{"Plan": {"Node Type": "Sort","Parallel Aware": false,"Async Capable": false,"Startup Cost": 397889.21,"Total Cost": 399077.01,"Plan Rows": 475120,"Plan Width": 71,"Actual Startup Time": 10785.011,"Actual Total Time": 10839.032,"Actual Rows": 9,"Actual Loops": 1,"Sort Key": ["orders.o_totalprice DESC", "orders.o_orderdate"],"Sort Method": "quicksort","Sort Space Used": 25,"Sort Space Type": "Memory","Plans": [{"Node Type": "Aggregate","Strategy": "Hashed","Partial Mode": "Simple","Parent Relationship": "Outer","Parallel Aware": false,"Async Capable": false,"Startup Cost": 347151.30,"Total Cost": 353090.30,"Plan Rows": 475120,"Plan Width": 71,"Actual Startup Time": 10763.855,"Actual Total Time": 10838.848,"Actual Rows": 9,"Actual Loops": 1,"Group Key": ["customer.c_custkey", "orders.o_orderkey"],"Planned Partitions": 0,"HashAgg Batches": 1,"Peak Memory Usage": 24601,"Disk Usage": 0,"Plans": [{"Node Type": "Gather","Parent Relationship": "Outer","Parallel Aware": false,"Async Capable": false,"Startup Cost": 216528.94,"Total Cost": 343587.90,"Plan Rows": 475120,"Plan Width": 44,"Actual Startup Time": 9674.071,"Actual Total Time": 10813.470,"Actual Rows": 63,"Actual Loops": 1,"Workers Planned": 3,"Workers Launched": 3,"Single Copy": false,"Plans": [{"Node Type": "Hash Join","Parent Relationship": "Outer","Parallel Aware": true,"Async Capable": false,"Join Type": "Inner","Startup Cost": 215528.94,"Total Cost": 295075.90,"Plan Rows": 153265,"Plan Width": 44,"Actual Startup Time": 10141.072,"Actual Total Time": 10312.965,"Actual Rows": 16,"Actual Loops": 4,"Inner Unique": true,"Hash Cond": "(orders.o_custkey = customer.c_custkey)","Workers": [],"Plans": [{"Node Type": "Nested Loop","Parent Relationship": "Outer","Parallel Aware": false,"Async Capable": false,"Join Type": "Inner","Startup Cost": 210537.69,"Total Cost": 289682.32,"Plan Rows": 153265,"Plan Width": 25,"Actual Startup Time": 10104.129,"Actual Total Time": 10275.947,"Actual Rows": 16,"Actual Loops": 4,"Inner Unique": false,"Workers": [],"Plans": [{"Node Type": "Hash Join","Parent Relationship": "Outer","Parallel Aware": false,"Async Capable": false,"Join Type": "Inner","Startup Cost": 210537.26,"Total Cost": 242741.13,"Plan Rows": 38308,"Plan Width": 24,"Actual Startup Time": 10104.052,"Actual Total Time": 10275.739,"Actual Rows": 2,"Actual Loops": 4,"Inner Unique": true,"Hash Cond": "(orders.o_orderkey = lineitem_1.l_orderkey)","Workers": [],"Plans": [{"Node Type": "Seq Scan","Parent Relationship": "Outer","Parallel Aware": true,"Async Capable": false,"Relation Name": "orders","Alias": "orders","Startup Cost": 0.00,"Total Cost": 30933.71,"Plan Rows": 483871,"Plan Width": 20,"Actual Startup Time": 0.007,"Actual Total Time": 53.689,"Actual Rows": 375000,"Actual Loops": 4,"Workers": []},{"Node Type": "Hash","Parent Relationship": "Inner","Parallel Aware": false,"Async Capable": false,"Startup Cost": 209052.81,"Total Cost": 209052.81,"Plan Rows": 118756,"Plan Width": 4,"Actual Startup Time": 10025.157,"Actual Total Time": 10025.166,"Actual Rows": 9,"Actual Loops": 4,"Hash Buckets": 131072,"Original Hash Buckets": 131072,"Hash Batches": 1,"Original Hash Batches": 1,"Peak Memory Usage": 1025,"Workers": [],"Plans": [{"Node Type": "Aggregate","Strategy": "Hashed","Partial Mode": "Simple","Parent Relationship": "Outer","Parallel Aware": false,"Async Capable": false,"Startup Cost": 202521.23,"Total Cost": 207865.25,"Plan Rows": 118756,"Plan Width": 4,"Actual Startup Time": 6285.839,"Actual Total Time": 10024.981,"Actual Rows": 9,"Actual Loops": 4,"Group Key": ["lineitem_1.l_orderkey"],"Filter": "(sum(lineitem_1.l_quantity) > '314'::numeric)","Planned Partitions": 0,"HashAgg Batches": 1,"Peak Memory Usage": 638993,"Disk Usage": 0,"Rows Removed by Filter": 1499991,"Workers": [{"Worker Number": 0,"HashAgg Batches": 1,"Peak Memory Usage": 638993,"Disk Usage": 0},{"Worker Number": 1,"HashAgg Batches": 1,"Peak Memory Usage": 638993,"Disk Usage": 0},{"Worker Number": 2,"HashAgg Batches": 1,"Peak Memory Usage": 638993,"Disk Usage": 0}],"Plans": [{"Node Type": "Seq Scan","Parent Relationship": "Outer","Parallel Aware": false,"Async Capable": false,"Relation Name": "lineitem","Alias": "lineitem_1","Startup Cost": 0.00,"Total Cost": 172515.15,"Plan Rows": 6001215,"Plan Width": 9,"Actual Startup Time": 0.019,"Actual Total Time": 931.752,"Actual Rows": 6001215,"Actual Loops": 4,"Workers": []}]}]}]},{"Node Type": "Index Scan","Parent Relationship": "Inner","Parallel Aware": false,"Async Capable": false,"Scan Direction": "Forward","Index Name": "idx_lineitem_orderkey","Relation Name": "lineitem","Alias": "lineitem","Startup Cost": 0.43,"Total Cost": 1.06,"Plan Rows": 17,"Plan Width": 9,"Actual Startup Time": 0.055,"Actual Total Time": 0.062,"Actual Rows": 7,"Actual Loops": 9,"Index Cond": "(l_orderkey = orders.o_orderkey)","Rows Removed by Index Recheck": 0,"Workers": []}]},{"Node Type": "Hash","Parent Relationship": "Inner","Parallel Aware": true,"Async Capable": false,"Startup Cost": 4210.00,"Total Cost": 4210.00,"Plan Rows": 62500,"Plan Width": 23,"Actual Startup Time": 36.172,"Actual Total Time": 36.190,"Actual Rows": 37500,"Actual Loops": 4,"Hash Buckets": 262144,"Original Hash Buckets": 262144,"Hash Batches": 1,"Original Hash Batches": 1,"Peak Memory Usage": 10336,"Workers": [],"Plans": [{"Node Type": "Seq Scan","Parent Relationship": "Outer","Parallel Aware": true,"Async Capable": false,"Relation Name": "customer","Alias": "customer","Startup Cost": 0.00,"Total Cost": 4210.00,"Plan Rows": 62500,"Plan Width": 23,"Actual Startup Time": 0.024,"Actual Total Time": 17.933,"Actual Rows": 37500,"Actual Loops": 4,"Workers": []}]}]}]}]}]},"Planning Time": 6.881,"Triggers": [],"Execution Time": 10893.482}]
[{"Plan": {"Node Type": "Sort","Parallel Aware": false,"Async Capable": false,"Startup Cost": 397889.21,"Total Cost": 399077.01,"Plan Rows": 475120,"Plan Width": 71,"Actual Startup Time": 10785.011,"Actual Total Time": 10839.032,"Actual Rows": 9,"Actual Loops": 1,"Sort Key": ["orders.o_totalprice DESC", "orders.o_orderdate"],"Sort Method": "quicksort","Sort Space Used": 25,"Sort Space Type": "Memory","Plans": [{"Node Type": "Aggregate","Strategy": "Hashed","Partial Mode": "Simple","Parent Relationship": "Outer","Parallel Aware": false,"Async Capable": false,"Startup Cost": 347151.30,"Total Cost": 353090.30,"Plan Rows": 475120,"Plan Width": 71,"Actual Startup Time": 10763.855,"Actual Total Time": 10838.848,"Actual Rows": 9,"Actual Loops": 1,"Group Key": ["customer.c_custkey", "orders.o_orderkey"],"Planned Partitions": 0,"HashAgg Batches": 1,"Peak Memory Usage": 24601,"Disk Usage": 0,"Plans": [{"Node Type": "Gather","Parent Relationship": "Outer","Parallel Aware": false,"Async Capable": false,"Startup Cost": 216528.94,"Total Cost": 343587.90,"Plan Rows": 475120,"Plan Width": 44,"Actual Startup Time": 9674.071,"Actual Total Time": 10813.470,"Actual Rows": 63,"Actual Loops": 1,"Workers Planned": 3,"Workers Launched": 3,"Single Copy": false,"Plans": [{"Node Type": "Hash Join","Parent Relationship": "Outer","Parallel Aware": true,"Async Capable": false,"Join Type": "Inner","Startup Cost": 215528.94,"Total Cost": 295075.90,"Plan Rows": 153265,"Plan Width": 44,"Actual Startup Time": 10141.072,"Actual Total Time": 10312.965,"Actual Rows": 16,"Actual Loops": 4,"Inner Unique": true,"Hash Cond": "(orders.o_custkey = customer.c_custkey)","Workers": [],"Plans": [{"Node Type": "Nested Loop","Parent Relationship": "Outer","Parallel Aware": false,"Async Capable": false,"Join Type": "Inner","Startup Cost": 210537.69,"Total Cost": 289682.32,"Plan Rows": 153265,"Plan Width": 25,"Actual Startup Time": 10104.129,"Actual Total Time": 10275.947,"Actual Rows": 16,"Actual Loops": 4,"Inner Unique": false,"Workers": [],"Plans": [{"Node Type": "Hash Join","Parent Relationship": "Outer","Parallel Aware": false,"Async Capable": false,"Join Type": "Inner","Startup Cost": 210537.26,"Total Cost": 242741.13,"Plan Rows": 38308,"Plan Width": 24,"Actual Startup Time": 10104.052,"Actual Total Time": 10275.739,"Actual Rows": 2,"Actual Loops": 4,"Inner Unique": true,"Hash Cond": "(orders.o_orderkey = lineitem_1.l_orderkey)","Workers": [],"Plans": [{"Node Type": "Seq Scan","Parent Relationship": "Outer","Parallel Aware": true,"Async Capable": false,"Relation Name": "orders","Alias": "orders","Startup Cost": 0.00,"Total Cost": 30933.71,"Plan Rows": 483871,"Plan Width": 20,"Actual Startup Time": 0.007,"Actual Total Time": 53.689,"Actual Rows": 375000,"Actual Loops": 4,"Workers": []},{"Node Type": "Hash","Parent Relationship": "Inner","Parallel Aware": false,"Async Capable": false,"Startup Cost": 209052.81,"Total Cost": 209052.81,"Plan Rows": 118756,"Plan Width": 4,"Actual Startup Time": 10025.157,"Actual Total Time": 10025.166,"Actual Rows": 9,"Actual Loops": 4,"Hash Buckets": 131072,"Original Hash Buckets": 131072,"Hash Batches": 1,"Original Hash Batches": 1,"Peak Memory Usage": 1025,"Workers": [],"Plans": [{"Node Type": "Aggregate","Strategy": "Hashed","Partial Mode": "Simple","Parent Relationship": "Outer","Parallel Aware": false,"Async Capable": false,"Startup Cost": 202521.23,"Total Cost": 207865.25,"Plan Rows": 118756,"Plan Width": 4,"Actual Startup Time": 6285.839,"Actual Total Time": 10024.981,"Actual Rows": 9,"Actual Loops": 4,"Group Key": ["lineitem_1.l_orderkey"],"Filter": "(sum(lineitem_1.l_quantity) > '314'::numeric)","Planned Partitions": 0,"HashAgg Batches": 1,"Peak Memory Usage": 638993,"Disk Usage": 0,"Rows Removed by Filter": 1499991,"Workers": [{"Worker Number": 0,"HashAgg Batches": 1,"Peak Memory Usage": 638993,"Disk Usage": 0},{"Worker Number": 1,"HashAgg Batches": 1,"Peak Memory Usage": 638993,"Disk Usage": 0},{"Worker Number": 2,"HashAgg Batches": 1,"Peak Memory Usage": 638993,"Disk Usage": 0}],"Plans": [{"Node Type": "Seq Scan","Parent Relationship": "Outer","Parallel Aware": false,"Async Capable": false,"Relation Name": "lineitem","Alias": "lineitem_1","Startup Cost": 0.00,"Total Cost": 172515.15,"Plan Rows": 6001215,"Plan Width": 9,"Actual Startup Time": 0.019,"Actual Total Time": 931.752,"Actual Rows": 6001215,"Actual Loops": 4,"Workers": []}]}]}]},{"Node Type": "Index Scan","Parent Relationship": "Inner","Parallel Aware": false,"Async Capable": false,"Scan Direction": "Forward","Index Name": "idx_lineitem_orderkey","Relation Name": "lineitem","Alias": "lineitem","Startup Cost": 0.43,"Total Cost": 1.06,"Plan Rows": 17,"Plan Width": 9,"Actual Startup Time": 0.055,"Actual Total Time": 0.062,"Actual Rows": 7,"Actual Loops": 9,"Index Cond": "(l_orderkey = orders.o_orderkey)","Rows Removed by Index Recheck": 0,"Workers": []}]},{"Node Type": "Hash","Parent Relationship": "Inner","Parallel Aware": true,"Async Capable": false,"Startup Cost": 4210.00,"Total Cost": 4210.00,"Plan Rows": 62500,"Plan Width": 23,"Actual Startup Time": 36.172,"Actual Total Time": 36.190,"Actual Rows": 37500,"Actual Loops": 4,"Hash Buckets": 262144,"Original Hash Buckets": 262144,"Hash Batches": 1,"Original Hash Batches": 1,"Peak Memory Usage": 10336,"Workers": [],"Plans": [{"Node Type": "Seq Scan","Parent Relationship": "Outer","Parallel Aware": true,"Async Capable": false,"Relation Name": "customer","Alias": "customer","Startup Cost": 0.00,"Total Cost": 4210.00,"Plan Rows": 62500,"Plan Width": 23,"Actual Startup Time": 0.024,"Actual Total Time": 17.933,"Actual Rows": 37500,"Actual Loops": 4,"Workers": []}]}]}]}]}]},"Planning Time": 6.881,"Triggers": [],"Execution Time": 10893.482}]
[{"Plan": {"Node Type": "Sort","Parallel Aware": false,"Async Capable": false,"Startup Cost": 397889.21,"Total Cost": 399077.01,"Plan Rows": 475120,"Plan Width": 71,"Actual Startup Time": 10887.509,"Actual Total Time": 10908.132,"Actual Rows": 10,"Actual Loops": 1,"Sort Key": ["orders.o_totalprice DESC", "orders.o_orderdate"],"Sort Method": "quicksort","Sort Space Used": 25,"Sort Space Type": "Memory","Plans": [{"Node Type": "Aggregate","Strategy": "Hashed","Partial Mode": "Simple","Parent Relationship": "Outer","Parallel Aware": false,"Async Capable": false,"Startup Cost": 347151.30,"Total Cost": 353090.30,"Plan Rows": 475120,"Plan Width": 71,"Actual Startup Time": 10848.812,"Actual Total Time": 10907.941,"Actual Rows": 10,"Actual Loops": 1,"Group Key": ["customer.c_custkey", "orders.o_orderkey"],"Planned Partitions": 0,"HashAgg Batches": 1,"Peak Memory Usage": 24601,"Disk Usage": 0,"Plans": [{"Node Type": "Gather","Parent Relationship": "Outer","Parallel Aware": false,"Async Capable": false,"Startup Cost": 216528.94,"Total Cost": 343587.90,"Plan Rows": 475120,"Plan Width": 44,"Actual Startup Time": 10782.037,"Actual Total Time": 10858.151,"Actual Rows": 70,"Actual Loops": 1,"Workers Planned": 3,"Workers Launched": 3,"Single Copy": false,"Plans": [{"Node Type": "Hash Join","Parent Relationship": "Outer","Parallel Aware": true,"Async Capable": false,"Join Type": "Inner","Startup Cost": 215528.94,"Total Cost": 295075.90,"Plan Rows": 153265,"Plan Width": 44,"Actual Startup Time": 10180.765,"Actual Total Time": 10348.312,"Actual Rows": 18,"Actual Loops": 4,"Inner Unique": true,"Hash Cond": "(orders.o_custkey = customer.c_custkey)","Workers": [],"Plans": [{"Node Type": "Nested Loop","Parent Relationship": "Outer","Parallel Aware": false,"Async Capable": false,"Join Type": "Inner","Startup Cost": 210537.69,"Total Cost": 289682.32,"Plan Rows": 153265,"Plan Width": 25,"Actual Startup Time": 10142.809,"Actual Total Time": 10310.270,"Actual Rows": 18,"Actual Loops": 4,"Inner Unique": false,"Workers": [],"Plans": [{"Node Type": "Hash Join","Parent Relationship": "Outer","Parallel Aware": false,"Async Capable": false,"Join Type": "Inner","Startup Cost": 210537.26,"Total Cost": 242741.13,"Plan Rows": 38308,"Plan Width": 24,"Actual Startup Time": 10142.670,"Actual Total Time": 10309.991,"Actual Rows": 2,"Actual Loops": 4,"Inner Unique": true,"Hash Cond": "(orders.o_orderkey = lineitem_1.l_orderkey)","Workers": [],"Plans": [{"Node Type": "Seq Scan","Parent Relationship": "Outer","Parallel Aware": true,"Async Capable": false,"Relation Name": "orders","Alias": "orders","Startup Cost": 0.00,"Total Cost": 30933.71,"Plan Rows": 483871,"Plan Width": 20,"Actual Startup Time": 0.009,"Actual Total Time": 49.040,"Actual Rows": 375000,"Actual Loops": 4,"Workers": []},{"Node Type": "Hash","Parent Relationship": "Inner","Parallel Aware": false,"Async Capable": false,"Startup Cost": 209052.81,"Total Cost": 209052.81,"Plan Rows": 118756,"Plan Width": 4,"Actual Startup Time": 10075.163,"Actual Total Time": 10075.176,"Actual Rows": 10,"Actual Loops": 4,"Hash Buckets": 131072,"Original Hash Buckets": 131072,"Hash Batches": 1,"Original Hash Batches": 1,"Peak Memory Usage": 1025,"Workers": [],"Plans": [{"Node Type": "Aggregate","Strategy": "Hashed","Partial Mode": "Simple","Parent Relationship": "Outer","Parallel Aware": false,"Async Capable": false,"Startup Cost": 202521.23,"Total Cost": 207865.25,"Plan Rows": 118756,"Plan Width": 4,"Actual Startup Time": 6293.151,"Actual Total Time": 10074.968,"Actual Rows": 10,"Actual Loops": 4,"Group Key": ["lineitem_1.l_orderkey"],"Filter": "(sum(lineitem_1.l_quantity) > '312'::numeric)","Planned Partitions": 0,"HashAgg Batches": 1,"Peak Memory Usage": 638993,"Disk Usage": 0,"Rows Removed by Filter": 1499990,"Workers": [{"Worker Number": 0,"HashAgg Batches": 1,"Peak Memory Usage": 638993,"Disk Usage": 0},{"Worker Number": 1,"HashAgg Batches": 1,"Peak Memory Usage": 638993,"Disk Usage": 0},{"Worker Number": 2,"HashAgg Batches": 1,"Peak Memory Usage": 638993,"Disk Usage": 0}],"Plans": [{"Node Type": "Seq Scan","Parent Relationship": "Outer","Parallel Aware": false,"Async Capable": false,"Relation Name": "lineitem","Alias": "lineitem_1","Startup Cost": 0.00,"Total Cost": 172515.15,"Plan Rows": 6001215,"Plan Width": 9,"Actual Startup Time": 0.021,"Actual Total Time": 960.546,"Actual Rows": 6001215,"Actual Loops": 4,"Workers": []}]}]}]},{"Node Type": "Index Scan","Parent Relationship": "Inner","Parallel Aware": false,"Async Capable": false,"Scan Direction": "Forward","Index Name": "idx_lineitem_orderkey","Relation Name": "lineitem","Alias": "lineitem","Startup Cost": 0.43,"Total Cost": 1.06,"Plan Rows": 17,"Plan Width": 9,"Actual Startup Time": 0.072,"Actual Total Time": 0.079,"Actual Rows": 7,"Actual Loops": 10,"Index Cond": "(l_orderkey = orders.o_orderkey)","Rows Removed by Index Recheck": 0,"Workers": []}]},{"Node Type": "Hash","Parent Relationship": "Inner","Parallel Aware": true,"Async Capable": false,"Startup Cost": 4210.00,"Total Cost": 4210.00,"Plan Rows": 62500,"Plan Width": 23,"Actual Startup Time": 37.105,"Actual Total Time": 37.114,"Actual Rows": 37500,"Actual Loops": 4,"Hash Buckets": 262144,"Original Hash Buckets": 262144,"Hash Batches": 1,"Original Hash Batches": 1,"Peak Memory Usage": 10368,"Workers": [],"Plans": [{"Node Type": "Seq Scan","Parent Relationship": "Outer","Parallel Aware": true,"Async Capable": false,"Relation Name": "customer","Alias": "customer","Startup Cost": 0.00,"Total Cost": 4210.00,"Plan Rows": 62500,"Plan Width": 23,"Actual Startup Time": 0.025,"Actual Total Time": 19.726,"Actual Rows": 37500,"Actual Loops": 4,"Workers": []}]}]}]}]}]},"Planning Time": 6.715,"Triggers": [],"Execution Time": 10961.817}]
[{"Plan": {"Node Type": "Sort","Parallel Aware": false,"Async Capable": false,"Startup Cost": 397889.21,"Total Cost": 399077.01,"Plan Rows": 475120,"Plan Width": 71,"Actual Startup Time": 10345.847,"Actual Total Time": 10377.998,"Actual Rows": 9,"Actual Loops": 1,"Sort Key": ["orders.o_totalprice DESC", "orders.o_orderdate"],"Sort Method": "quicksort","Sort Space Used": 25,"Sort Space Type": "Memory","Plans": [{"Node Type": "Aggregate","Strategy": "Hashed","Partial Mode": "Simple","Parent Relationship": "Outer","Parallel Aware": false,"Async Capable": false,"Startup Cost": 347151.30,"Total Cost": 353090.30,"Plan Rows": 475120,"Plan Width": 71,"Actual Startup Time": 10329.232,"Actual Total Time": 10377.856,"Actual Rows": 9,"Actual Loops": 1,"Group Key": ["customer.c_custkey", "orders.o_orderkey"],"Planned Partitions": 0,"HashAgg Batches": 1,"Peak Memory Usage": 24601,"Disk Usage": 0,"Plans": [{"Node Type": "Gather","Parent Relationship": "Outer","Parallel Aware": false,"Async Capable": false,"Startup Cost": 216528.94,"Total Cost": 343587.90,"Plan Rows": 475120,"Plan Width": 44,"Actual Startup Time": 10053.961,"Actual Total Time": 10357.615,"Actual Rows": 63,"Actual Loops": 1,"Workers Planned": 3,"Workers Launched": 3,"Single Copy": false,"Plans": [{"Node Type": "Hash Join","Parent Relationship": "Outer","Parallel Aware": true,"Async Capable": false,"Join Type": "Inner","Startup Cost": 215528.94,"Total Cost": 295075.90,"Plan Rows": 153265,"Plan Width": 44,"Actual Startup Time": 10157.696,"Actual Total Time": 10258.651,"Actual Rows": 16,"Actual Loops": 4,"Inner Unique": true,"Hash Cond": "(orders.o_custkey = customer.c_custkey)","Workers": [],"Plans": [{"Node Type": "Nested Loop","Parent Relationship": "Outer","Parallel Aware": false,"Async Capable": false,"Join Type": "Inner","Startup Cost": 210537.69,"Total Cost": 289682.32,"Plan Rows": 153265,"Plan Width": 25,"Actual Startup Time": 10123.332,"Actual Total Time": 10224.239,"Actual Rows": 16,"Actual Loops": 4,"Inner Unique": false,"Workers": [],"Plans": [{"Node Type": "Hash Join","Parent Relationship": "Outer","Parallel Aware": false,"Async Capable": false,"Join Type": "Inner","Startup Cost": 210537.26,"Total Cost": 242741.13,"Plan Rows": 38308,"Plan Width": 24,"Actual Startup Time": 10123.186,"Actual Total Time": 10223.998,"Actual Rows": 2,"Actual Loops": 4,"Inner Unique": true,"Hash Cond": "(orders.o_orderkey = lineitem_1.l_orderkey)","Workers": [],"Plans": [{"Node Type": "Seq Scan","Parent Relationship": "Outer","Parallel Aware": true,"Async Capable": false,"Relation Name": "orders","Alias": "orders","Startup Cost": 0.00,"Total Cost": 30933.71,"Plan Rows": 483871,"Plan Width": 20,"Actual Startup Time": 0.011,"Actual Total Time": 49.852,"Actual Rows": 375000,"Actual Loops": 4,"Workers": []},{"Node Type": "Hash","Parent Relationship": "Inner","Parallel Aware": false,"Async Capable": false,"Startup Cost": 209052.81,"Total Cost": 209052.81,"Plan Rows": 118756,"Plan Width": 4,"Actual Startup Time": 10005.666,"Actual Total Time": 10005.673,"Actual Rows": 9,"Actual Loops": 4,"Hash Buckets": 131072,"Original Hash Buckets": 131072,"Hash Batches": 1,"Original Hash Batches": 1,"Peak Memory Usage": 1025,"Workers": [],"Plans": [{"Node Type": "Aggregate","Strategy": "Hashed","Partial Mode": "Simple","Parent Relationship": "Outer","Parallel Aware": false,"Async Capable": false,"Startup Cost": 202521.23,"Total Cost": 207865.25,"Plan Rows": 118756,"Plan Width": 4,"Actual Startup Time": 6310.010,"Actual Total Time": 10005.543,"Actual Rows": 9,"Actual Loops": 4,"Group Key": ["lineitem_1.l_orderkey"],"Filter": "(sum(lineitem_1.l_quantity) > '313'::numeric)","Planned Partitions": 0,"HashAgg Batches": 1,"Peak Memory Usage": 638993,"Disk Usage": 0,"Rows Removed by Filter": 1499991,"Workers": [{"Worker Number": 0,"HashAgg Batches": 1,"Peak Memory Usage": 638993,"Disk Usage": 0},{"Worker Number": 1,"HashAgg Batches": 1,"Peak Memory Usage": 638993,"Disk Usage": 0},{"Worker Number": 2,"HashAgg Batches": 1,"Peak Memory Usage": 638993,"Disk Usage": 0}],"Plans": [{"Node Type": "Seq Scan","Parent Relationship": "Outer","Parallel Aware": false,"Async Capable": false,"Relation Name": "lineitem","Alias": "lineitem_1","Startup Cost": 0.00,"Total Cost": 172515.15,"Plan Rows": 6001215,"Plan Width": 9,"Actual Startup Time": 0.020,"Actual Total Time": 994.479,"Actual Rows": 6001215,"Actual Loops": 4,"Workers": []}]}]}]},{"Node Type": "Index Scan","Parent Relationship": "Inner","Parallel Aware": false,"Async Capable": false,"Scan Direction": "Forward","Index Name": "idx_lineitem_orderkey","Relation Name": "lineitem","Alias": "lineitem","Startup Cost": 0.43,"Total Cost": 1.06,"Plan Rows": 17,"Plan Width": 9,"Actual Startup Time": 0.068,"Actual Total Time": 0.075,"Actual Rows": 7,"Actual Loops": 9,"Index Cond": "(l_orderkey = orders.o_orderkey)","Rows Removed by Index Recheck": 0,"Workers": []}]},{"Node Type": "Hash","Parent Relationship": "Inner","Parallel Aware": true,"Async Capable": false,"Startup Cost": 4210.00,"Total Cost": 4210.00,"Plan Rows": 62500,"Plan Width": 23,"Actual Startup Time": 33.578,"Actual Total Time": 33.582,"Actual Rows": 37500,"Actual Loops": 4,"Hash Buckets": 262144,"Original Hash Buckets": 262144,"Hash Batches": 1,"Original Hash Batches": 1,"Peak Memory Usage": 10336,"Workers": [],"Plans": [{"Node Type": "Seq Scan","Parent Relationship": "Outer","Parallel Aware": true,"Async Capable": false,"Relation Name": "customer","Alias": "customer","Startup Cost": 0.00,"Total Cost": 4210.00,"Plan Rows": 62500,"Plan Width": 23,"Actual Startup Time": 0.023,"Actual Total Time": 16.777,"Actual Rows": 37500,"Actual Loops": 4,"Workers": []}]}]}]}]}]},"Planning Time": 6.662,"Triggers": [],"Execution Time": 10430.266}]
[{"Plan": {"Node Type": "Sort","Parallel Aware": false,"Async Capable": false,"Startup Cost": 397889.21,"Total Cost": 399077.01,"Plan Rows": 475120,"Plan Width": 71,"Actual Startup Time": 10950.105,"Actual Total Time": 10953.954,"Actual Rows": 9,"Actual Loops": 1,"Sort Key": ["orders.o_totalprice DESC", "orders.o_orderdate"],"Sort Method": "quicksort","Sort Space Used": 25,"Sort Space Type": "Memory","Plans": [{"Node Type": "Aggregate","Strategy": "Hashed","Partial Mode": "Simple","Parent Relationship": "Outer","Parallel Aware": false,"Async Capable": false,"Startup Cost": 347151.30,"Total Cost": 353090.30,"Plan Rows": 475120,"Plan Width": 71,"Actual Startup Time": 10902.471,"Actual Total Time": 10953.715,"Actual Rows": 9,"Actual Loops": 1,"Group Key": ["customer.c_custkey", "orders.o_orderkey"],"Planned Partitions": 0,"HashAgg Batches": 1,"Peak Memory Usage": 24601,"Disk Usage": 0,"Plans": [{"Node Type": "Gather","Parent Relationship": "Outer","Parallel Aware": false,"Async Capable": false,"Startup Cost": 216528.94,"Total Cost": 343587.90,"Plan Rows": 475120,"Plan Width": 44,"Actual Startup Time": 10893.800,"Actual Total Time": 10897.693,"Actual Rows": 63,"Actual Loops": 1,"Workers Planned": 3,"Workers Launched": 3,"Single Copy": false,"Plans": [{"Node Type": "Hash Join","Parent Relationship": "Outer","Parallel Aware": true,"Async Capable": false,"Join Type": "Inner","Startup Cost": 215528.94,"Total Cost": 295075.90,"Plan Rows": 153265,"Plan Width": 44,"Actual Startup Time": 10134.253,"Actual Total Time": 10314.794,"Actual Rows": 16,"Actual Loops": 4,"Inner Unique": true,"Hash Cond": "(orders.o_custkey = customer.c_custkey)","Workers": [],"Plans": [{"Node Type": "Nested Loop","Parent Relationship": "Outer","Parallel Aware": false,"Async Capable": false,"Join Type": "Inner","Startup Cost": 210537.69,"Total Cost": 289682.32,"Plan Rows": 153265,"Plan Width": 25,"Actual Startup Time": 10099.687,"Actual Total Time": 10280.153,"Actual Rows": 16,"Actual Loops": 4,"Inner Unique": false,"Workers": [],"Plans": [{"Node Type": "Hash Join","Parent Relationship": "Outer","Parallel Aware": false,"Async Capable": false,"Join Type": "Inner","Startup Cost": 210537.26,"Total Cost": 242741.13,"Plan Rows": 38308,"Plan Width": 24,"Actual Startup Time": 10099.575,"Actual Total Time": 10279.892,"Actual Rows": 2,"Actual Loops": 4,"Inner Unique": true,"Hash Cond": "(orders.o_orderkey = lineitem_1.l_orderkey)","Workers": [],"Plans": [{"Node Type": "Seq Scan","Parent Relationship": "Outer","Parallel Aware": true,"Async Capable": false,"Relation Name": "orders","Alias": "orders","Startup Cost": 0.00,"Total Cost": 30933.71,"Plan Rows": 483871,"Plan Width": 20,"Actual Startup Time": 0.011,"Actual Total Time": 51.627,"Actual Rows": 375000,"Actual Loops": 4,"Workers": []},{"Node Type": "Hash","Parent Relationship": "Inner","Parallel Aware": false,"Async Capable": false,"Startup Cost": 209052.81,"Total Cost": 209052.81,"Plan Rows": 118756,"Plan Width": 4,"Actual Startup Time": 10016.825,"Actual Total Time": 10016.839,"Actual Rows": 9,"Actual Loops": 4,"Hash Buckets": 131072,"Original Hash Buckets": 131072,"Hash Batches": 1,"Original Hash Batches": 1,"Peak Memory Usage": 1025,"Workers": [],"Plans": [{"Node Type": "Aggregate","Strategy": "Hashed","Partial Mode": "Simple","Parent Relationship": "Outer","Parallel Aware": false,"Async Capable": false,"Startup Cost": 202521.23,"Total Cost": 207865.25,"Plan Rows": 118756,"Plan Width": 4,"Actual Startup Time": 6319.140,"Actual Total Time": 10016.671,"Actual Rows": 9,"Actual Loops": 4,"Group Key": ["lineitem_1.l_orderkey"],"Filter": "(sum(lineitem_1.l_quantity) > '315'::numeric)","Planned Partitions": 0,"HashAgg Batches": 1,"Peak Memory Usage": 638993,"Disk Usage": 0,"Rows Removed by Filter": 1499991,"Workers": [{"Worker Number": 0,"HashAgg Batches": 1,"Peak Memory Usage": 638993,"Disk Usage": 0},{"Worker Number": 1,"HashAgg Batches": 1,"Peak Memory Usage": 638993,"Disk Usage": 0},{"Worker Number": 2,"HashAgg Batches": 1,"Peak Memory Usage": 638993,"Disk Usage": 0}],"Plans": [{"Node Type": "Seq Scan","Parent Relationship": "Outer","Parallel Aware": false,"Async Capable": false,"Relation Name": "lineitem","Alias": "lineitem_1","Startup Cost": 0.00,"Total Cost": 172515.15,"Plan Rows": 6001215,"Plan Width": 9,"Actual Startup Time": 0.018,"Actual Total Time": 971.843,"Actual Rows": 6001215,"Actual Loops": 4,"Workers": []}]}]}]},{"Node Type": "Index Scan","Parent Relationship": "Inner","Parallel Aware": false,"Async Capable": false,"Scan Direction": "Forward","Index Name": "idx_lineitem_orderkey","Relation Name": "lineitem","Alias": "lineitem","Startup Cost": 0.43,"Total Cost": 1.06,"Plan Rows": 17,"Plan Width": 9,"Actual Startup Time": 0.069,"Actual Total Time": 0.079,"Actual Rows": 7,"Actual Loops": 9,"Index Cond": "(l_orderkey = orders.o_orderkey)","Rows Removed by Index Recheck": 0,"Workers": []}]},{"Node Type": "Hash","Parent Relationship": "Inner","Parallel Aware": true,"Async Capable": false,"Startup Cost": 4210.00,"Total Cost": 4210.00,"Plan Rows": 62500,"Plan Width": 23,"Actual Startup Time": 33.677,"Actual Total Time": 33.684,"Actual Rows": 37500,"Actual Loops": 4,"Hash Buckets": 262144,"Original Hash Buckets": 262144,"Hash Batches": 1,"Original Hash Batches": 1,"Peak Memory Usage": 10368,"Workers": [],"Plans": [{"Node Type": "Seq Scan","Parent Relationship": "Outer","Parallel Aware": true,"Async Capable": false,"Relation Name": "customer","Alias": "customer","Startup Cost": 0.00,"Total Cost": 4210.00,"Plan Rows": 62500,"Plan Width": 23,"Actual Startup Time": 0.019,"Actual Total Time": 16.715,"Actual Rows": 37500,"Actual Loops": 4,"Workers": []}]}]}]}]}]},"Planning Time": 6.132,"Triggers": [],"Execution Time": 11002.531}]
[{"Plan": {"Node Type": "Sort","Parallel Aware": false,"Async Capable": false,"Startup Cost": 397889.21,"Total Cost": 399077.01,"Plan Rows": 475120,"Plan Width": 71,"Actual Startup Time": 10345.847,"Actual Total Time": 10377.998,"Actual Rows": 9,"Actual Loops": 1,"Sort Key": ["orders.o_totalprice DESC", "orders.o_orderdate"],"Sort Method": "quicksort","Sort Space Used": 25,"Sort Space Type": "Memory","Plans": [{"Node Type": "Aggregate","Strategy": "Hashed","Partial Mode": "Simple","Parent Relationship": "Outer","Parallel Aware": false,"Async Capable": false,"Startup Cost": 347151.30,"Total Cost": 353090.30,"Plan Rows": 475120,"Plan Width": 71,"Actual Startup Time": 10329.232,"Actual Total Time": 10377.856,"Actual Rows": 9,"Actual Loops": 1,"Group Key": ["customer.c_custkey", "orders.o_orderkey"],"Planned Partitions": 0,"HashAgg Batches": 1,"Peak Memory Usage": 24601,"Disk Usage": 0,"Plans": [{"Node Type": "Gather","Parent Relationship": "Outer","Parallel Aware": false,"Async Capable": false,"Startup Cost": 216528.94,"Total Cost": 343587.90,"Plan Rows": 475120,"Plan Width": 44,"Actual Startup Time": 10053.961,"Actual Total Time": 10357.615,"Actual Rows": 63,"Actual Loops": 1,"Workers Planned": 3,"Workers Launched": 3,"Single Copy": false,"Plans": [{"Node Type": "Hash Join","Parent Relationship": "Outer","Parallel Aware": true,"Async Capable": false,"Join Type": "Inner","Startup Cost": 215528.94,"Total Cost": 295075.90,"Plan Rows": 153265,"Plan Width": 44,"Actual Startup Time": 10157.696,"Actual Total Time": 10258.651,"Actual Rows": 16,"Actual Loops": 4,"Inner Unique": true,"Hash Cond": "(orders.o_custkey = customer.c_custkey)","Workers": [],"Plans": [{"Node Type": "Nested Loop","Parent Relationship": "Outer","Parallel Aware": false,"Async Capable": false,"Join Type": "Inner","Startup Cost": 210537.69,"Total Cost": 289682.32,"Plan Rows": 153265,"Plan Width": 25,"Actual Startup Time": 10123.332,"Actual Total Time": 10224.239,"Actual Rows": 16,"Actual Loops": 4,"Inner Unique": false,"Workers": [],"Plans": [{"Node Type": "Hash Join","Parent Relationship": "Outer","Parallel Aware": false,"Async Capable": false,"Join Type": "Inner","Startup Cost": 210537.26,"Total Cost": 242741.13,"Plan Rows": 38308,"Plan Width": 24,"Actual Startup Time": 10123.186,"Actual Total Time": 10223.998,"Actual Rows": 2,"Actual Loops": 4,"Inner Unique": true,"Hash Cond": "(orders.o_orderkey = lineitem_1.l_orderkey)","Workers": [],"Plans": [{"Node Type": "Seq Scan","Parent Relationship": "Outer","Parallel Aware": true,"Async Capable": false,"Relation Name": "orders","Alias": "orders","Startup Cost": 0.00,"Total Cost": 30933.71,"Plan Rows": 483871,"Plan Width": 20,"Actual Startup Time": 0.011,"Actual Total Time": 49.852,"Actual Rows": 375000,"Actual Loops": 4,"Workers": []},{"Node Type": "Hash","Parent Relationship": "Inner","Parallel Aware": false,"Async Capable": false,"Startup Cost": 209052.81,"Total Cost": 209052.81,"Plan Rows": 118756,"Plan Width": 4,"Actual Startup Time": 10005.666,"Actual Total Time": 10005.673,"Actual Rows": 9,"Actual Loops": 4,"Hash Buckets": 131072,"Original Hash Buckets": 131072,"Hash Batches": 1,"Original Hash Batches": 1,"Peak Memory Usage": 1025,"Workers": [],"Plans": [{"Node Type": "Aggregate","Strategy": "Hashed","Partial Mode": "Simple","Parent Relationship": "Outer","Parallel Aware": false,"Async Capable": false,"Startup Cost": 202521.23,"Total Cost": 207865.25,"Plan Rows": 118756,"Plan Width": 4,"Actual Startup Time": 6310.010,"Actual Total Time": 10005.543,"Actual Rows": 9,"Actual Loops": 4,"Group Key": ["lineitem_1.l_orderkey"],"Filter": "(sum(lineitem_1.l_quantity) > '313'::numeric)","Planned Partitions": 0,"HashAgg Batches": 1,"Peak Memory Usage": 638993,"Disk Usage": 0,"Rows Removed by Filter": 1499991,"Workers": [{"Worker Number": 0,"HashAgg Batches": 1,"Peak Memory Usage": 638993,"Disk Usage": 0},{"Worker Number": 1,"HashAgg Batches": 1,"Peak Memory Usage": 638993,"Disk Usage": 0},{"Worker Number": 2,"HashAgg Batches": 1,"Peak Memory Usage": 638993,"Disk Usage": 0}],"Plans": [{"Node Type": "Seq Scan","Parent Relationship": "Outer","Parallel Aware": false,"Async Capable": false,"Relation Name": "lineitem","Alias": "lineitem_1","Startup Cost": 0.00,"Total Cost": 172515.15,"Plan Rows": 6001215,"Plan Width": 9,"Actual Startup Time": 0.020,"Actual Total Time": 994.479,"Actual Rows": 6001215,"Actual Loops": 4,"Workers": []}]}]}]},{"Node Type": "Index Scan","Parent Relationship": "Inner","Parallel Aware": false,"Async Capable": false,"Scan Direction": "Forward","Index Name": "idx_lineitem_orderkey","Relation Name": "lineitem","Alias": "lineitem","Startup Cost": 0.43,"Total Cost": 1.06,"Plan Rows": 17,"Plan Width": 9,"Actual Startup Time": 0.068,"Actual Total Time": 0.075,"Actual Rows": 7,"Actual Loops": 9,"Index Cond": "(l_orderkey = orders.o_orderkey)","Rows Removed by Index Recheck": 0,"Workers": []}]},{"Node Type": "Hash","Parent Relationship": "Inner","Parallel Aware": true,"Async Capable": false,"Startup Cost": 4210.00,"Total Cost": 4210.00,"Plan Rows": 62500,"Plan Width": 23,"Actual Startup Time": 33.578,"Actual Total Time": 33.582,"Actual Rows": 37500,"Actual Loops": 4,"Hash Buckets": 262144,"Original Hash Buckets": 262144,"Hash Batches": 1,"Original Hash Batches": 1,"Peak Memory Usage": 10336,"Workers": [],"Plans": [{"Node Type": "Seq Scan","Parent Relationship": "Outer","Parallel Aware": true,"Async Capable": false,"Relation Name": "customer","Alias": "customer","Startup Cost": 0.00,"Total Cost": 4210.00,"Plan Rows": 62500,"Plan Width": 23,"Actual Startup Time": 0.023,"Actual Total Time": 16.777,"Actual Rows": 37500,"Actual Loops": 4,"Workers": []}]}]}]}]}]},"Planning Time": 6.662,"Triggers": [],"Execution Time": 10430.266}]
[{"Plan": {"Node Type": "Sort","Parallel Aware": false,"Async Capable": false,"Startup Cost": 397889.21,"Total Cost": 399077.01,"Plan Rows": 475120,"Plan Width": 71,"Actual Startup Time": 10950.105,"Actual Total Time": 10953.954,"Actual Rows": 9,"Actual Loops": 1,"Sort Key": ["orders.o_totalprice DESC", "orders.o_orderdate"],"Sort Method": "quicksort","Sort Space Used": 25,"Sort Space Type": "Memory","Plans": [{"Node Type": "Aggregate","Strategy": "Hashed","Partial Mode": "Simple","Parent Relationship": "Outer","Parallel Aware": false,"Async Capable": false,"Startup Cost": 347151.30,"Total Cost": 353090.30,"Plan Rows": 475120,"Plan Width": 71,"Actual Startup Time": 10902.471,"Actual Total Time": 10953.715,"Actual Rows": 9,"Actual Loops": 1,"Group Key": ["customer.c_custkey", "orders.o_orderkey"],"Planned Partitions": 0,"HashAgg Batches": 1,"Peak Memory Usage": 24601,"Disk Usage": 0,"Plans": [{"Node Type": "Gather","Parent Relationship": "Outer","Parallel Aware": false,"Async Capable": false,"Startup Cost": 216528.94,"Total Cost": 343587.90,"Plan Rows": 475120,"Plan Width": 44,"Actual Startup Time": 10893.800,"Actual Total Time": 10897.693,"Actual Rows": 63,"Actual Loops": 1,"Workers Planned": 3,"Workers Launched": 3,"Single Copy": false,"Plans": [{"Node Type": "Hash Join","Parent Relationship": "Outer","Parallel Aware": true,"Async Capable": false,"Join Type": "Inner","Startup Cost": 215528.94,"Total Cost": 295075.90,"Plan Rows": 153265,"Plan Width": 44,"Actual Startup Time": 10134.253,"Actual Total Time": 10314.794,"Actual Rows": 16,"Actual Loops": 4,"Inner Unique": true,"Hash Cond": "(orders.o_custkey = customer.c_custkey)","Workers": [],"Plans": [{"Node Type": "Nested Loop","Parent Relationship": "Outer","Parallel Aware": false,"Async Capable": false,"Join Type": "Inner","Startup Cost": 210537.69,"Total Cost": 289682.32,"Plan Rows": 153265,"Plan Width": 25,"Actual Startup Time": 10099.687,"Actual Total Time": 10280.153,"Actual Rows": 16,"Actual Loops": 4,"Inner Unique": false,"Workers": [],"Plans": [{"Node Type": "Hash Join","Parent Relationship": "Outer","Parallel Aware": false,"Async Capable": false,"Join Type": "Inner","Startup Cost": 210537.26,"Total Cost": 242741.13,"Plan Rows": 38308,"Plan Width": 24,"Actual Startup Time": 10099.575,"Actual Total Time": 10279.892,"Actual Rows": 2,"Actual Loops": 4,"Inner Unique": true,"Hash Cond": "(orders.o_orderkey = lineitem_1.l_orderkey)","Workers": [],"Plans": [{"Node Type": "Seq Scan","Parent Relationship": "Outer","Parallel Aware": true,"Async Capable": false,"Relation Name": "orders","Alias": "orders","Startup Cost": 0.00,"Total Cost": 30933.71,"Plan Rows": 483871,"Plan Width": 20,"Actual Startup Time": 0.011,"Actual Total Time": 51.627,"Actual Rows": 375000,"Actual Loops": 4,"Workers": []},{"Node Type": "Hash","Parent Relationship": "Inner","Parallel Aware": false,"Async Capable": false,"Startup Cost": 209052.81,"Total Cost": 209052.81,"Plan Rows": 118756,"Plan Width": 4,"Actual Startup Time": 10016.825,"Actual Total Time": 10016.839,"Actual Rows": 9,"Actual Loops": 4,"Hash Buckets": 131072,"Original Hash Buckets": 131072,"Hash Batches": 1,"Original Hash Batches": 1,"Peak Memory Usage": 1025,"Workers": [],"Plans": [{"Node Type": "Aggregate","Strategy": "Hashed","Partial Mode": "Simple","Parent Relationship": "Outer","Parallel Aware": false,"Async Capable": false,"Startup Cost": 202521.23,"Total Cost": 207865.25,"Plan Rows": 118756,"Plan Width": 4,"Actual Startup Time": 6319.140,"Actual Total Time": 10016.671,"Actual Rows": 9,"Actual Loops": 4,"Group Key": ["lineitem_1.l_orderkey"],"Filter": "(sum(lineitem_1.l_quantity) > '315'::numeric)","Planned Partitions": 0,"HashAgg Batches": 1,"Peak Memory Usage": 638993,"Disk Usage": 0,"Rows Removed by Filter": 1499991,"Workers": [{"Worker Number": 0,"HashAgg Batches": 1,"Peak Memory Usage": 638993,"Disk Usage": 0},{"Worker Number": 1,"HashAgg Batches": 1,"Peak Memory Usage": 638993,"Disk Usage": 0},{"Worker Number": 2,"HashAgg Batches": 1,"Peak Memory Usage": 638993,"Disk Usage": 0}],"Plans": [{"Node Type": "Seq Scan","Parent Relationship": "Outer","Parallel Aware": false,"Async Capable": false,"Relation Name": "lineitem","Alias": "lineitem_1","Startup Cost": 0.00,"Total Cost": 172515.15,"Plan Rows": 6001215,"Plan Width": 9,"Actual Startup Time": 0.018,"Actual Total Time": 971.843,"Actual Rows": 6001215,"Actual Loops": 4,"Workers": []}]}]}]},{"Node Type": "Index Scan","Parent Relationship": "Inner","Parallel Aware": false,"Async Capable": false,"Scan Direction": "Forward","Index Name": "idx_lineitem_orderkey","Relation Name": "lineitem","Alias": "lineitem","Startup Cost": 0.43,"Total Cost": 1.06,"Plan Rows": 17,"Plan Width": 9,"Actual Startup Time": 0.069,"Actual Total Time": 0.079,"Actual Rows": 7,"Actual Loops": 9,"Index Cond": "(l_orderkey = orders.o_orderkey)","Rows Removed by Index Recheck": 0,"Workers": []}]},{"Node Type": "Hash","Parent Relationship": "Inner","Parallel Aware": true,"Async Capable": false,"Startup Cost": 4210.00,"Total Cost": 4210.00,"Plan Rows": 62500,"Plan Width": 23,"Actual Startup Time": 33.677,"Actual Total Time": 33.684,"Actual Rows": 37500,"Actual Loops": 4,"Hash Buckets": 262144,"Original Hash Buckets": 262144,"Hash Batches": 1,"Original Hash Batches": 1,"Peak Memory Usage": 10368,"Workers": [],"Plans": [{"Node Type": "Seq Scan","Parent Relationship": "Outer","Parallel Aware": true,"Async Capable": false,"Relation Name": "customer","Alias": "customer","Startup Cost": 0.00,"Total Cost": 4210.00,"Plan Rows": 62500,"Plan Width": 23,"Actual Startup Time": 0.019,"Actual Total Time": 16.715,"Actual Rows": 37500,"Actual Loops": 4,"Workers": []}]}]}]}]}]},"Planning Time": 6.132,"Triggers": [],"Execution Time": 11002.531}]
[{"Plan": {"Node Type": "Sort","Parallel Aware": false,"Async Capable": false,"Startup Cost": 397889.21,"Total Cost": 399077.01,"Plan Rows": 475120,"Plan Width": 71,"Actual Startup Time": 10950.105,"Actual Total Time": 10953.954,"Actual Rows": 9,"Actual Loops": 1,"Sort Key": ["orders.o_totalprice DESC", "orders.o_orderdate"],"Sort Method": "quicksort","Sort Space Used": 25,"Sort Space Type": "Memory","Plans": [{"Node Type": "Aggregate","Strategy": "Hashed","Partial Mode": "Simple","Parent Relationship": "Outer","Parallel Aware": false,"Async Capable": false,"Startup Cost": 347151.30,"Total Cost": 353090.30,"Plan Rows": 475120,"Plan Width": 71,"Actual Startup Time": 10902.471,"Actual Total Time": 10953.715,"Actual Rows": 9,"Actual Loops": 1,"Group Key": ["customer.c_custkey", "orders.o_orderkey"],"Planned Partitions": 0,"HashAgg Batches": 1,"Peak Memory Usage": 24601,"Disk Usage": 0,"Plans": [{"Node Type": "Gather","Parent Relationship": "Outer","Parallel Aware": false,"Async Capable": false,"Startup Cost": 216528.94,"Total Cost": 343587.90,"Plan Rows": 475120,"Plan Width": 44,"Actual Startup Time": 10893.800,"Actual Total Time": 10897.693,"Actual Rows": 63,"Actual Loops": 1,"Workers Planned": 3,"Workers Launched": 3,"Single Copy": false,"Plans": [{"Node Type": "Hash Join","Parent Relationship": "Outer","Parallel Aware": true,"Async Capable": false,"Join Type": "Inner","Startup Cost": 215528.94,"Total Cost": 295075.90,"Plan Rows": 153265,"Plan Width": 44,"Actual Startup Time": 10134.253,"Actual Total Time": 10314.794,"Actual Rows": 16,"Actual Loops": 4,"Inner Unique": true,"Hash Cond": "(orders.o_custkey = customer.c_custkey)","Workers": [],"Plans": [{"Node Type": "Nested Loop","Parent Relationship": "Outer","Parallel Aware": false,"Async Capable": false,"Join Type": "Inner","Startup Cost": 210537.69,"Total Cost": 289682.32,"Plan Rows": 153265,"Plan Width": 25,"Actual Startup Time": 10099.687,"Actual Total Time": 10280.153,"Actual Rows": 16,"Actual Loops": 4,"Inner Unique": false,"Workers": [],"Plans": [{"Node Type": "Hash Join","Parent Relationship": "Outer","Parallel Aware": false,"Async Capable": false,"Join Type": "Inner","Startup Cost": 210537.26,"Total Cost": 242741.13,"Plan Rows": 38308,"Plan Width": 24,"Actual Startup Time": 10099.575,"Actual Total Time": 10279.892,"Actual Rows": 2,"Actual Loops": 4,"Inner Unique": true,"Hash Cond": "(orders.o_orderkey = lineitem_1.l_orderkey)","Workers": [],"Plans": [{"Node Type": "Seq Scan","Parent Relationship": "Outer","Parallel Aware": true,"Async Capable": false,"Relation Name": "orders","Alias": "orders","Startup Cost": 0.00,"Total Cost": 30933.71,"Plan Rows": 483871,"Plan Width": 20,"Actual Startup Time": 0.011,"Actual Total Time": 51.627,"Actual Rows": 375000,"Actual Loops": 4,"Workers": []},{"Node Type": "Hash","Parent Relationship": "Inner","Parallel Aware": false,"Async Capable": false,"Startup Cost": 209052.81,"Total Cost": 209052.81,"Plan Rows": 118756,"Plan Width": 4,"Actual Startup Time": 10016.825,"Actual Total Time": 10016.839,"Actual Rows": 9,"Actual Loops": 4,"Hash Buckets": 131072,"Original Hash Buckets": 131072,"Hash Batches": 1,"Original Hash Batches": 1,"Peak Memory Usage": 1025,"Workers": [],"Plans": [{"Node Type": "Aggregate","Strategy": "Hashed","Partial Mode": "Simple","Parent Relationship": "Outer","Parallel Aware": false,"Async Capable": false,"Startup Cost": 202521.23,"Total Cost": 207865.25,"Plan Rows": 118756,"Plan Width": 4,"Actual Startup Time": 6319.140,"Actual Total Time": 10016.671,"Actual Rows": 9,"Actual Loops": 4,"Group Key": ["lineitem_1.l_orderkey"],"Filter": "(sum(lineitem_1.l_quantity) > '315'::numeric)","Planned Partitions": 0,"HashAgg Batches": 1,"Peak Memory Usage": 638993,"Disk Usage": 0,"Rows Removed by Filter": 1499991,"Workers": [{"Worker Number": 0,"HashAgg Batches": 1,"Peak Memory Usage": 638993,"Disk Usage": 0},{"Worker Number": 1,"HashAgg Batches": 1,"Peak Memory Usage": 638993,"Disk Usage": 0},{"Worker Number": 2,"HashAgg Batches": 1,"Peak Memory Usage": 638993,"Disk Usage": 0}],"Plans": [{"Node Type": "Seq Scan","Parent Relationship": "Outer","Parallel Aware": false,"Async Capable": false,"Relation Name": "lineitem","Alias": "lineitem_1","Startup Cost": 0.00,"Total Cost": 172515.15,"Plan Rows": 6001215,"Plan Width": 9,"Actual Startup Time": 0.018,"Actual Total Time": 971.843,"Actual Rows": 6001215,"Actual Loops": 4,"Workers": []}]}]}]},{"Node Type": "Index Scan","Parent Relationship": "Inner","Parallel Aware": false,"Async Capable": false,"Scan Direction": "Forward","Index Name": "idx_lineitem_orderkey","Relation Name": "lineitem","Alias": "lineitem","Startup Cost": 0.43,"Total Cost": 1.06,"Plan Rows": 17,"Plan Width": 9,"Actual Startup Time": 0.069,"Actual Total Time": 0.079,"Actual Rows": 7,"Actual Loops": 9,"Index Cond": "(l_orderkey = orders.o_orderkey)","Rows Removed by Index Recheck": 0,"Workers": []}]},{"Node Type": "Hash","Parent Relationship": "Inner","Parallel Aware": true,"Async Capable": false,"Startup Cost": 4210.00,"Total Cost": 4210.00,"Plan Rows": 62500,"Plan Width": 23,"Actual Startup Time": 33.677,"Actual Total Time": 33.684,"Actual Rows": 37500,"Actual Loops": 4,"Hash Buckets": 262144,"Original Hash Buckets": 262144,"Hash Batches": 1,"Original Hash Batches": 1,"Peak Memory Usage": 10368,"Workers": [],"Plans": [{"Node Type": "Seq Scan","Parent Relationship": "Outer","Parallel Aware": true,"Async Capable": false,"Relation Name": "customer","Alias": "customer","Startup Cost": 0.00,"Total Cost": 4210.00,"Plan Rows": 62500,"Plan Width": 23,"Actual Startup Time": 0.019,"Actual Total Time": 16.715,"Actual Rows": 37500,"Actual Loops": 4,"Workers": []}]}]}]}]}]},"Planning Time": 6.132,"Triggers": [],"Execution Time": 11002.531}]
[{"Plan": {"Node Type": "Sort","Parallel Aware": false,"Async Capable": false,"Startup Cost": 397889.21,"Total Cost": 399077.01,"Plan Rows": 475120,"Plan Width": 71,"Actual Startup Time": 10887.509,"Actual Total Time": 10908.132,"Actual Rows": 10,"Actual Loops": 1,"Sort Key": ["orders.o_totalprice DESC", "orders.o_orderdate"],"Sort Method": "quicksort","Sort Space Used": 25,"Sort Space Type": "Memory","Plans": [{"Node Type": "Aggregate","Strategy": "Hashed","Partial Mode": "Simple","Parent Relationship": "Outer","Parallel Aware": false,"Async Capable": false,"Startup Cost": 347151.30,"Total Cost": 353090.30,"Plan Rows": 475120,"Plan Width": 71,"Actual Startup Time": 10848.812,"Actual Total Time": 10907.941,"Actual Rows": 10,"Actual Loops": 1,"Group Key": ["customer.c_custkey", "orders.o_orderkey"],"Planned Partitions": 0,"HashAgg Batches": 1,"Peak Memory Usage": 24601,"Disk Usage": 0,"Plans": [{"Node Type": "Gather","Parent Relationship": "Outer","Parallel Aware": false,"Async Capable": false,"Startup Cost": 216528.94,"Total Cost": 343587.90,"Plan Rows": 475120,"Plan Width": 44,"Actual Startup Time": 10782.037,"Actual Total Time": 10858.151,"Actual Rows": 70,"Actual Loops": 1,"Workers Planned": 3,"Workers Launched": 3,"Single Copy": false,"Plans": [{"Node Type": "Hash Join","Parent Relationship": "Outer","Parallel Aware": true,"Async Capable": false,"Join Type": "Inner","Startup Cost": 215528.94,"Total Cost": 295075.90,"Plan Rows": 153265,"Plan Width": 44,"Actual Startup Time": 10180.765,"Actual Total Time": 10348.312,"Actual Rows": 18,"Actual Loops": 4,"Inner Unique": true,"Hash Cond": "(orders.o_custkey = customer.c_custkey)","Workers": [],"Plans": [{"Node Type": "Nested Loop","Parent Relationship": "Outer","Parallel Aware": false,"Async Capable": false,"Join Type": "Inner","Startup Cost": 210537.69,"Total Cost": 289682.32,"Plan Rows": 153265,"Plan Width": 25,"Actual Startup Time": 10142.809,"Actual Total Time": 10310.270,"Actual Rows": 18,"Actual Loops": 4,"Inner Unique": false,"Workers": [],"Plans": [{"Node Type": "Hash Join","Parent Relationship": "Outer","Parallel Aware": false,"Async Capable": false,"Join Type": "Inner","Startup Cost": 210537.26,"Total Cost": 242741.13,"Plan Rows": 38308,"Plan Width": 24,"Actual Startup Time": 10142.670,"Actual Total Time": 10309.991,"Actual Rows": 2,"Actual Loops": 4,"Inner Unique": true,"Hash Cond": "(orders.o_orderkey = lineitem_1.l_orderkey)","Workers": [],"Plans": [{"Node Type": "Seq Scan","Parent Relationship": "Outer","Parallel Aware": true,"Async Capable": false,"Relation Name": "orders","Alias": "orders","Startup Cost": 0.00,"Total Cost": 30933.71,"Plan Rows": 483871,"Plan Width": 20,"Actual Startup Time": 0.009,"Actual Total Time": 49.040,"Actual Rows": 375000,"Actual Loops": 4,"Workers": []},{"Node Type": "Hash","Parent Relationship": "Inner","Parallel Aware": false,"Async Capable": false,"Startup Cost": 209052.81,"Total Cost": 209052.81,"Plan Rows": 118756,"Plan Width": 4,"Actual Startup Time": 10075.163,"Actual Total Time": 10075.176,"Actual Rows": 10,"Actual Loops": 4,"Hash Buckets": 131072,"Original Hash Buckets": 131072,"Hash Batches": 1,"Original Hash Batches": 1,"Peak Memory Usage": 1025,"Workers": [],"Plans": [{"Node Type": "Aggregate","Strategy": "Hashed","Partial Mode": "Simple","Parent Relationship": "Outer","Parallel Aware": false,"Async Capable": false,"Startup Cost": 202521.23,"Total Cost": 207865.25,"Plan Rows": 118756,"Plan Width": 4,"Actual Startup Time": 6293.151,"Actual Total Time": 10074.968,"Actual Rows": 10,"Actual Loops": 4,"Group Key": ["lineitem_1.l_orderkey"],"Filter": "(sum(lineitem_1.l_quantity) > '312'::numeric)","Planned Partitions": 0,"HashAgg Batches": 1,"Peak Memory Usage": 638993,"Disk Usage": 0,"Rows Removed by Filter": 1499990,"Workers": [{"Worker Number": 0,"HashAgg Batches": 1,"Peak Memory Usage": 638993,"Disk Usage": 0},{"Worker Number": 1,"HashAgg Batches": 1,"Peak Memory Usage": 638993,"Disk Usage": 0},{"Worker Number": 2,"HashAgg Batches": 1,"Peak Memory Usage": 638993,"Disk Usage": 0}],"Plans": [{"Node Type": "Seq Scan","Parent Relationship": "Outer","Parallel Aware": false,"Async Capable": false,"Relation Name": "lineitem","Alias": "lineitem_1","Startup Cost": 0.00,"Total Cost": 172515.15,"Plan Rows": 6001215,"Plan Width": 9,"Actual Startup Time": 0.021,"Actual Total Time": 960.546,"Actual Rows": 6001215,"Actual Loops": 4,"Workers": []}]}]}]},{"Node Type": "Index Scan","Parent Relationship": "Inner","Parallel Aware": false,"Async Capable": false,"Scan Direction": "Forward","Index Name": "idx_lineitem_orderkey","Relation Name": "lineitem","Alias": "lineitem","Startup Cost": 0.43,"Total Cost": 1.06,"Plan Rows": 17,"Plan Width": 9,"Actual Startup Time": 0.072,"Actual Total Time": 0.079,"Actual Rows": 7,"Actual Loops": 10,"Index Cond": "(l_orderkey = orders.o_orderkey)","Rows Removed by Index Recheck": 0,"Workers": []}]},{"Node Type": "Hash","Parent Relationship": "Inner","Parallel Aware": true,"Async Capable": false,"Startup Cost": 4210.00,"Total Cost": 4210.00,"Plan Rows": 62500,"Plan Width": 23,"Actual Startup Time": 37.105,"Actual Total Time": 37.114,"Actual Rows": 37500,"Actual Loops": 4,"Hash Buckets": 262144,"Original Hash Buckets": 262144,"Hash Batches": 1,"Original Hash Batches": 1,"Peak Memory Usage": 10368,"Workers": [],"Plans": [{"Node Type": "Seq Scan","Parent Relationship": "Outer","Parallel Aware": true,"Async Capable": false,"Relation Name": "customer","Alias": "customer","Startup Cost": 0.00,"Total Cost": 4210.00,"Plan Rows": 62500,"Plan Width": 23,"Actual Startup Time": 0.025,"Actual Total Time": 19.726,"Actual Rows": 37500,"Actual Loops": 4,"Workers": []}]}]}]}]}]},"Planning Time": 6.715,"Triggers": [],"Execution Time": 10961.817}]
[{"Plan": {"Node Type": "Sort","Parallel Aware": false,"Async Capable": false,"Startup Cost": 397889.21,"Total Cost": 399077.01,"Plan Rows": 475120,"Plan Width": 71,"Actual Startup Time": 10950.105,"Actual Total Time": 10953.954,"Actual Rows": 9,"Actual Loops": 1,"Sort Key": ["orders.o_totalprice DESC", "orders.o_orderdate"],"Sort Method": "quicksort","Sort Space Used": 25,"Sort Space Type": "Memory","Plans": [{"Node Type": "Aggregate","Strategy": "Hashed","Partial Mode": "Simple","Parent Relationship": "Outer","Parallel Aware": false,"Async Capable": false,"Startup Cost": 347151.30,"Total Cost": 353090.30,"Plan Rows": 475120,"Plan Width": 71,"Actual Startup Time": 10902.471,"Actual Total Time": 10953.715,"Actual Rows": 9,"Actual Loops": 1,"Group Key": ["customer.c_custkey", "orders.o_orderkey"],"Planned Partitions": 0,"HashAgg Batches": 1,"Peak Memory Usage": 24601,"Disk Usage": 0,"Plans": [{"Node Type": "Gather","Parent Relationship": "Outer","Parallel Aware": false,"Async Capable": false,"Startup Cost": 216528.94,"Total Cost": 343587.90,"Plan Rows": 475120,"Plan Width": 44,"Actual Startup Time": 10893.800,"Actual Total Time": 10897.693,"Actual Rows": 63,"Actual Loops": 1,"Workers Planned": 3,"Workers Launched": 3,"Single Copy": false,"Plans": [{"Node Type": "Hash Join","Parent Relationship": "Outer","Parallel Aware": true,"Async Capable": false,"Join Type": "Inner","Startup Cost": 215528.94,"Total Cost": 295075.90,"Plan Rows": 153265,"Plan Width": 44,"Actual Startup Time": 10134.253,"Actual Total Time": 10314.794,"Actual Rows": 16,"Actual Loops": 4,"Inner Unique": true,"Hash Cond": "(orders.o_custkey = customer.c_custkey)","Workers": [],"Plans": [{"Node Type": "Nested Loop","Parent Relationship": "Outer","Parallel Aware": false,"Async Capable": false,"Join Type": "Inner","Startup Cost": 210537.69,"Total Cost": 289682.32,"Plan Rows": 153265,"Plan Width": 25,"Actual Startup Time": 10099.687,"Actual Total Time": 10280.153,"Actual Rows": 16,"Actual Loops": 4,"Inner Unique": false,"Workers": [],"Plans": [{"Node Type": "Hash Join","Parent Relationship": "Outer","Parallel Aware": false,"Async Capable": false,"Join Type": "Inner","Startup Cost": 210537.26,"Total Cost": 242741.13,"Plan Rows": 38308,"Plan Width": 24,"Actual Startup Time": 10099.575,"Actual Total Time": 10279.892,"Actual Rows": 2,"Actual Loops": 4,"Inner Unique": true,"Hash Cond": "(orders.o_orderkey = lineitem_1.l_orderkey)","Workers": [],"Plans": [{"Node Type": "Seq Scan","Parent Relationship": "Outer","Parallel Aware": true,"Async Capable": false,"Relation Name": "orders","Alias": "orders","Startup Cost": 0.00,"Total Cost": 30933.71,"Plan Rows": 483871,"Plan Width": 20,"Actual Startup Time": 0.011,"Actual Total Time": 51.627,"Actual Rows": 375000,"Actual Loops": 4,"Workers": []},{"Node Type": "Hash","Parent Relationship": "Inner","Parallel Aware": false,"Async Capable": false,"Startup Cost": 209052.81,"Total Cost": 209052.81,"Plan Rows": 118756,"Plan Width": 4,"Actual Startup Time": 10016.825,"Actual Total Time": 10016.839,"Actual Rows": 9,"Actual Loops": 4,"Hash Buckets": 131072,"Original Hash Buckets": 131072,"Hash Batches": 1,"Original Hash Batches": 1,"Peak Memory Usage": 1025,"Workers": [],"Plans": [{"Node Type": "Aggregate","Strategy": "Hashed","Partial Mode": "Simple","Parent Relationship": "Outer","Parallel Aware": false,"Async Capable": false,"Startup Cost": 202521.23,"Total Cost": 207865.25,"Plan Rows": 118756,"Plan Width": 4,"Actual Startup Time": 6319.140,"Actual Total Time": 10016.671,"Actual Rows": 9,"Actual Loops": 4,"Group Key": ["lineitem_1.l_orderkey"],"Filter": "(sum(lineitem_1.l_quantity) > '315'::numeric)","Planned Partitions": 0,"HashAgg Batches": 1,"Peak Memory Usage": 638993,"Disk Usage": 0,"Rows Removed by Filter": 1499991,"Workers": [{"Worker Number": 0,"HashAgg Batches": 1,"Peak Memory Usage": 638993,"Disk Usage": 0},{"Worker Number": 1,"HashAgg Batches": 1,"Peak Memory Usage": 638993,"Disk Usage": 0},{"Worker Number": 2,"HashAgg Batches": 1,"Peak Memory Usage": 638993,"Disk Usage": 0}],"Plans": [{"Node Type": "Seq Scan","Parent Relationship": "Outer","Parallel Aware": false,"Async Capable": false,"Relation Name": "lineitem","Alias": "lineitem_1","Startup Cost": 0.00,"Total Cost": 172515.15,"Plan Rows": 6001215,"Plan Width": 9,"Actual Startup Time": 0.018,"Actual Total Time": 971.843,"Actual Rows": 6001215,"Actual Loops": 4,"Workers": []}]}]}]},{"Node Type": "Index Scan","Parent Relationship": "Inner","Parallel Aware": false,"Async Capable": false,"Scan Direction": "Forward","Index Name": "idx_lineitem_orderkey","Relation Name": "lineitem","Alias": "lineitem","Startup Cost": 0.43,"Total Cost": 1.06,"Plan Rows": 17,"Plan Width": 9,"Actual Startup Time": 0.069,"Actual Total Time": 0.079,"Actual Rows": 7,"Actual Loops": 9,"Index Cond": "(l_orderkey = orders.o_orderkey)","Rows Removed by Index Recheck": 0,"Workers": []}]},{"Node Type": "Hash","Parent Relationship": "Inner","Parallel Aware": true,"Async Capable": false,"Startup Cost": 4210.00,"Total Cost": 4210.00,"Plan Rows": 62500,"Plan Width": 23,"Actual Startup Time": 33.677,"Actual Total Time": 33.684,"Actual Rows": 37500,"Actual Loops": 4,"Hash Buckets": 262144,"Original Hash Buckets": 262144,"Hash Batches": 1,"Original Hash Batches": 1,"Peak Memory Usage": 10368,"Workers": [],"Plans": [{"Node Type": "Seq Scan","Parent Relationship": "Outer","Parallel Aware": true,"Async Capable": false,"Relation Name": "customer","Alias": "customer","Startup Cost": 0.00,"Total Cost": 4210.00,"Plan Rows": 62500,"Plan Width": 23,"Actual Startup Time": 0.019,"Actual Total Time": 16.715,"Actual Rows": 37500,"Actual Loops": 4,"Workers": []}]}]}]}]}]},"Planning Time": 6.132,"Triggers": [],"Execution Time": 11002.531}]
[{"Plan": {"Node Type": "Sort","Parallel Aware": false,"Async Capable": false,"Startup Cost": 397889.21,"Total Cost": 399077.01,"Plan Rows": 475120,"Plan Width": 71,"Actual Startup Time": 10950.105,"Actual Total Time": 10953.954,"Actual Rows": 9,"Actual Loops": 1,"Sort Key": ["orders.o_totalprice DESC", "orders.o_orderdate"],"Sort Method": "quicksort","Sort Space Used": 25,"Sort Space Type": "Memory","Plans": [{"Node Type": "Aggregate","Strategy": "Hashed","Partial Mode": "Simple","Parent Relationship": "Outer","Parallel Aware": false,"Async Capable": false,"Startup Cost": 347151.30,"Total Cost": 353090.30,"Plan Rows": 475120,"Plan Width": 71,"Actual Startup Time": 10902.471,"Actual Total Time": 10953.715,"Actual Rows": 9,"Actual Loops": 1,"Group Key": ["customer.c_custkey", "orders.o_orderkey"],"Planned Partitions": 0,"HashAgg Batches": 1,"Peak Memory Usage": 24601,"Disk Usage": 0,"Plans": [{"Node Type": "Gather","Parent Relationship": "Outer","Parallel Aware": false,"Async Capable": false,"Startup Cost": 216528.94,"Total Cost": 343587.90,"Plan Rows": 475120,"Plan Width": 44,"Actual Startup Time": 10893.800,"Actual Total Time": 10897.693,"Actual Rows": 63,"Actual Loops": 1,"Workers Planned": 3,"Workers Launched": 3,"Single Copy": false,"Plans": [{"Node Type": "Hash Join","Parent Relationship": "Outer","Parallel Aware": true,"Async Capable": false,"Join Type": "Inner","Startup Cost": 215528.94,"Total Cost": 295075.90,"Plan Rows": 153265,"Plan Width": 44,"Actual Startup Time": 10134.253,"Actual Total Time": 10314.794,"Actual Rows": 16,"Actual Loops": 4,"Inner Unique": true,"Hash Cond": "(orders.o_custkey = customer.c_custkey)","Workers": [],"Plans": [{"Node Type": "Nested Loop","Parent Relationship": "Outer","Parallel Aware": false,"Async Capable": false,"Join Type": "Inner","Startup Cost": 210537.69,"Total Cost": 289682.32,"Plan Rows": 153265,"Plan Width": 25,"Actual Startup Time": 10099.687,"Actual Total Time": 10280.153,"Actual Rows": 16,"Actual Loops": 4,"Inner Unique": false,"Workers": [],"Plans": [{"Node Type": "Hash Join","Parent Relationship": "Outer","Parallel Aware": false,"Async Capable": false,"Join Type": "Inner","Startup Cost": 210537.26,"Total Cost": 242741.13,"Plan Rows": 38308,"Plan Width": 24,"Actual Startup Time": 10099.575,"Actual Total Time": 10279.892,"Actual Rows": 2,"Actual Loops": 4,"Inner Unique": true,"Hash Cond": "(orders.o_orderkey = lineitem_1.l_orderkey)","Workers": [],"Plans": [{"Node Type": "Seq Scan","Parent Relationship": "Outer","Parallel Aware": true,"Async Capable": false,"Relation Name": "orders","Alias": "orders","Startup Cost": 0.00,"Total Cost": 30933.71,"Plan Rows": 483871,"Plan Width": 20,"Actual Startup Time": 0.011,"Actual Total Time": 51.627,"Actual Rows": 375000,"Actual Loops": 4,"Workers": []},{"Node Type": "Hash","Parent Relationship": "Inner","Parallel Aware": false,"Async Capable": false,"Startup Cost": 209052.81,"Total Cost": 209052.81,"Plan Rows": 118756,"Plan Width": 4,"Actual Startup Time": 10016.825,"Actual Total Time": 10016.839,"Actual Rows": 9,"Actual Loops": 4,"Hash Buckets": 131072,"Original Hash Buckets": 131072,"Hash Batches": 1,"Original Hash Batches": 1,"Peak Memory Usage": 1025,"Workers": [],"Plans": [{"Node Type": "Aggregate","Strategy": "Hashed","Partial Mode": "Simple","Parent Relationship": "Outer","Parallel Aware": false,"Async Capable": false,"Startup Cost": 202521.23,"Total Cost": 207865.25,"Plan Rows": 118756,"Plan Width": 4,"Actual Startup Time": 6319.140,"Actual Total Time": 10016.671,"Actual Rows": 9,"Actual Loops": 4,"Group Key": ["lineitem_1.l_orderkey"],"Filter": "(sum(lineitem_1.l_quantity) > '315'::numeric)","Planned Partitions": 0,"HashAgg Batches": 1,"Peak Memory Usage": 638993,"Disk Usage": 0,"Rows Removed by Filter": 1499991,"Workers": [{"Worker Number": 0,"HashAgg Batches": 1,"Peak Memory Usage": 638993,"Disk Usage": 0},{"Worker Number": 1,"HashAgg Batches": 1,"Peak Memory Usage": 638993,"Disk Usage": 0},{"Worker Number": 2,"HashAgg Batches": 1,"Peak Memory Usage": 638993,"Disk Usage": 0}],"Plans": [{"Node Type": "Seq Scan","Parent Relationship": "Outer","Parallel Aware": false,"Async Capable": false,"Relation Name": "lineitem","Alias": "lineitem_1","Startup Cost": 0.00,"Total Cost": 172515.15,"Plan Rows": 6001215,"Plan Width": 9,"Actual Startup Time": 0.018,"Actual Total Time": 971.843,"Actual Rows": 6001215,"Actual Loops": 4,"Workers": []}]}]}]},{"Node Type": "Index Scan","Parent Relationship": "Inner","Parallel Aware": false,"Async Capable": false,"Scan Direction": "Forward","Index Name": "idx_lineitem_orderkey","Relation Name": "lineitem","Alias": "lineitem","Startup Cost": 0.43,"Total Cost": 1.06,"Plan Rows": 17,"Plan Width": 9,"Actual Startup Time": 0.069,"Actual Total Time": 0.079,"Actual Rows": 7,"Actual Loops": 9,"Index Cond": "(l_orderkey = orders.o_orderkey)","Rows Removed by Index Recheck": 0,"Workers": []}]},{"Node Type": "Hash","Parent Relationship": "Inner","Parallel Aware": true,"Async Capable": false,"Startup Cost": 4210.00,"Total Cost": 4210.00,"Plan Rows": 62500,"Plan Width": 23,"Actual Startup Time": 33.677,"Actual Total Time": 33.684,"Actual Rows": 37500,"Actual Loops": 4,"Hash Buckets": 262144,"Original Hash Buckets": 262144,"Hash Batches": 1,"Original Hash Batches": 1,"Peak Memory Usage": 10368,"Workers": [],"Plans": [{"Node Type": "Seq Scan","Parent Relationship": "Outer","Parallel Aware": true,"Async Capable": false,"Relation Name": "customer","Alias": "customer","Startup Cost": 0.00,"Total Cost": 4210.00,"Plan Rows": 62500,"Plan Width": 23,"Actual Startup Time": 0.019,"Actual Total Time": 16.715,"Actual Rows": 37500,"Actual Loops": 4,"Workers": []}]}]}]}]}]},"Planning Time": 6.132,"Triggers": [],"Execution Time": 11002.531}]
[{"Plan": {"Node Type": "Sort","Parallel Aware": false,"Async Capable": false,"Startup Cost": 397889.21,"Total Cost": 399077.01,"Plan Rows": 475120,"Plan Width": 71,"Actual Startup Time": 10345.847,"Actual Total Time": 10377.998,"Actual Rows": 9,"Actual Loops": 1,"Sort Key": ["orders.o_totalprice DESC", "orders.o_orderdate"],"Sort Method": "quicksort","Sort Space Used": 25,"Sort Space Type": "Memory","Plans": [{"Node Type": "Aggregate","Strategy": "Hashed","Partial Mode": "Simple","Parent Relationship": "Outer","Parallel Aware": false,"Async Capable": false,"Startup Cost": 347151.30,"Total Cost": 353090.30,"Plan Rows": 475120,"Plan Width": 71,"Actual Startup Time": 10329.232,"Actual Total Time": 10377.856,"Actual Rows": 9,"Actual Loops": 1,"Group Key": ["customer.c_custkey", "orders.o_orderkey"],"Planned Partitions": 0,"HashAgg Batches": 1,"Peak Memory Usage": 24601,"Disk Usage": 0,"Plans": [{"Node Type": "Gather","Parent Relationship": "Outer","Parallel Aware": false,"Async Capable": false,"Startup Cost": 216528.94,"Total Cost": 343587.90,"Plan Rows": 475120,"Plan Width": 44,"Actual Startup Time": 10053.961,"Actual Total Time": 10357.615,"Actual Rows": 63,"Actual Loops": 1,"Workers Planned": 3,"Workers Launched": 3,"Single Copy": false,"Plans": [{"Node Type": "Hash Join","Parent Relationship": "Outer","Parallel Aware": true,"Async Capable": false,"Join Type": "Inner","Startup Cost": 215528.94,"Total Cost": 295075.90,"Plan Rows": 153265,"Plan Width": 44,"Actual Startup Time": 10157.696,"Actual Total Time": 10258.651,"Actual Rows": 16,"Actual Loops": 4,"Inner Unique": true,"Hash Cond": "(orders.o_custkey = customer.c_custkey)","Workers": [],"Plans": [{"Node Type": "Nested Loop","Parent Relationship": "Outer","Parallel Aware": false,"Async Capable": false,"Join Type": "Inner","Startup Cost": 210537.69,"Total Cost": 289682.32,"Plan Rows": 153265,"Plan Width": 25,"Actual Startup Time": 10123.332,"Actual Total Time": 10224.239,"Actual Rows": 16,"Actual Loops": 4,"Inner Unique": false,"Workers": [],"Plans": [{"Node Type": "Hash Join","Parent Relationship": "Outer","Parallel Aware": false,"Async Capable": false,"Join Type": "Inner","Startup Cost": 210537.26,"Total Cost": 242741.13,"Plan Rows": 38308,"Plan Width": 24,"Actual Startup Time": 10123.186,"Actual Total Time": 10223.998,"Actual Rows": 2,"Actual Loops": 4,"Inner Unique": true,"Hash Cond": "(orders.o_orderkey = lineitem_1.l_orderkey)","Workers": [],"Plans": [{"Node Type": "Seq Scan","Parent Relationship": "Outer","Parallel Aware": true,"Async Capable": false,"Relation Name": "orders","Alias": "orders","Startup Cost": 0.00,"Total Cost": 30933.71,"Plan Rows": 483871,"Plan Width": 20,"Actual Startup Time": 0.011,"Actual Total Time": 49.852,"Actual Rows": 375000,"Actual Loops": 4,"Workers": []},{"Node Type": "Hash","Parent Relationship": "Inner","Parallel Aware": false,"Async Capable": false,"Startup Cost": 209052.81,"Total Cost": 209052.81,"Plan Rows": 118756,"Plan Width": 4,"Actual Startup Time": 10005.666,"Actual Total Time": 10005.673,"Actual Rows": 9,"Actual Loops": 4,"Hash Buckets": 131072,"Original Hash Buckets": 131072,"Hash Batches": 1,"Original Hash Batches": 1,"Peak Memory Usage": 1025,"Workers": [],"Plans": [{"Node Type": "Aggregate","Strategy": "Hashed","Partial Mode": "Simple","Parent Relationship": "Outer","Parallel Aware": false,"Async Capable": false,"Startup Cost": 202521.23,"Total Cost": 207865.25,"Plan Rows": 118756,"Plan Width": 4,"Actual Startup Time": 6310.010,"Actual Total Time": 10005.543,"Actual Rows": 9,"Actual Loops": 4,"Group Key": ["lineitem_1.l_orderkey"],"Filter": "(sum(lineitem_1.l_quantity) > '313'::numeric)","Planned Partitions": 0,"HashAgg Batches": 1,"Peak Memory Usage": 638993,"Disk Usage": 0,"Rows Removed by Filter": 1499991,"Workers": [{"Worker Number": 0,"HashAgg Batches": 1,"Peak Memory Usage": 638993,"Disk Usage": 0},{"Worker Number": 1,"HashAgg Batches": 1,"Peak Memory Usage": 638993,"Disk Usage": 0},{"Worker Number": 2,"HashAgg Batches": 1,"Peak Memory Usage": 638993,"Disk Usage": 0}],"Plans": [{"Node Type": "Seq Scan","Parent Relationship": "Outer","Parallel Aware": false,"Async Capable": false,"Relation Name": "lineitem","Alias": "lineitem_1","Startup Cost": 0.00,"Total Cost": 172515.15,"Plan Rows": 6001215,"Plan Width": 9,"Actual Startup Time": 0.020,"Actual Total Time": 994.479,"Actual Rows": 6001215,"Actual Loops": 4,"Workers": []}]}]}]},{"Node Type": "Index Scan","Parent Relationship": "Inner","Parallel Aware": false,"Async Capable": false,"Scan Direction": "Forward","Index Name": "idx_lineitem_orderkey","Relation Name": "lineitem","Alias": "lineitem","Startup Cost": 0.43,"Total Cost": 1.06,"Plan Rows": 17,"Plan Width": 9,"Actual Startup Time": 0.068,"Actual Total Time": 0.075,"Actual Rows": 7,"Actual Loops": 9,"Index Cond": "(l_orderkey = orders.o_orderkey)","Rows Removed by Index Recheck": 0,"Workers": []}]},{"Node Type": "Hash","Parent Relationship": "Inner","Parallel Aware": true,"Async Capable": false,"Startup Cost": 4210.00,"Total Cost": 4210.00,"Plan Rows": 62500,"Plan Width": 23,"Actual Startup Time": 33.578,"Actual Total Time": 33.582,"Actual Rows": 37500,"Actual Loops": 4,"Hash Buckets": 262144,"Original Hash Buckets": 262144,"Hash Batches": 1,"Original Hash Batches": 1,"Peak Memory Usage": 10336,"Workers": [],"Plans": [{"Node Type": "Seq Scan","Parent Relationship": "Outer","Parallel Aware": true,"Async Capable": false,"Relation Name": "customer","Alias": "customer","Startup Cost": 0.00,"Total Cost": 4210.00,"Plan Rows": 62500,"Plan Width": 23,"Actual Startup Time": 0.023,"Actual Total Time": 16.777,"Actual Rows": 37500,"Actual Loops": 4,"Workers": []}]}]}]}]}]},"Planning Time": 6.662,"Triggers": [],"Execution Time": 10430.266}]
[{"Plan": {"Node Type": "Sort","Parallel Aware": false,"Async Capable": false,"Startup Cost": 397889.21,"Total Cost": 399077.01,"Plan Rows": 475120,"Plan Width": 71,"Actual Startup Time": 10785.011,"Actual Total Time": 10839.032,"Actual Rows": 9,"Actual Loops": 1,"Sort Key": ["orders.o_totalprice DESC", "orders.o_orderdate"],"Sort Method": "quicksort","Sort Space Used": 25,"Sort Space Type": "Memory","Plans": [{"Node Type": "Aggregate","Strategy": "Hashed","Partial Mode": "Simple","Parent Relationship": "Outer","Parallel Aware": false,"Async Capable": false,"Startup Cost": 347151.30,"Total Cost": 353090.30,"Plan Rows": 475120,"Plan Width": 71,"Actual Startup Time": 10763.855,"Actual Total Time": 10838.848,"Actual Rows": 9,"Actual Loops": 1,"Group Key": ["customer.c_custkey", "orders.o_orderkey"],"Planned Partitions": 0,"HashAgg Batches": 1,"Peak Memory Usage": 24601,"Disk Usage": 0,"Plans": [{"Node Type": "Gather","Parent Relationship": "Outer","Parallel Aware": false,"Async Capable": false,"Startup Cost": 216528.94,"Total Cost": 343587.90,"Plan Rows": 475120,"Plan Width": 44,"Actual Startup Time": 9674.071,"Actual Total Time": 10813.470,"Actual Rows": 63,"Actual Loops": 1,"Workers Planned": 3,"Workers Launched": 3,"Single Copy": false,"Plans": [{"Node Type": "Hash Join","Parent Relationship": "Outer","Parallel Aware": true,"Async Capable": false,"Join Type": "Inner","Startup Cost": 215528.94,"Total Cost": 295075.90,"Plan Rows": 153265,"Plan Width": 44,"Actual Startup Time": 10141.072,"Actual Total Time": 10312.965,"Actual Rows": 16,"Actual Loops": 4,"Inner Unique": true,"Hash Cond": "(orders.o_custkey = customer.c_custkey)","Workers": [],"Plans": [{"Node Type": "Nested Loop","Parent Relationship": "Outer","Parallel Aware": false,"Async Capable": false,"Join Type": "Inner","Startup Cost": 210537.69,"Total Cost": 289682.32,"Plan Rows": 153265,"Plan Width": 25,"Actual Startup Time": 10104.129,"Actual Total Time": 10275.947,"Actual Rows": 16,"Actual Loops": 4,"Inner Unique": false,"Workers": [],"Plans": [{"Node Type": "Hash Join","Parent Relationship": "Outer","Parallel Aware": false,"Async Capable": false,"Join Type": "Inner","Startup Cost": 210537.26,"Total Cost": 242741.13,"Plan Rows": 38308,"Plan Width": 24,"Actual Startup Time": 10104.052,"Actual Total Time": 10275.739,"Actual Rows": 2,"Actual Loops": 4,"Inner Unique": true,"Hash Cond": "(orders.o_orderkey = lineitem_1.l_orderkey)","Workers": [],"Plans": [{"Node Type": "Seq Scan","Parent Relationship": "Outer","Parallel Aware": true,"Async Capable": false,"Relation Name": "orders","Alias": "orders","Startup Cost": 0.00,"Total Cost": 30933.71,"Plan Rows": 483871,"Plan Width": 20,"Actual Startup Time": 0.007,"Actual Total Time": 53.689,"Actual Rows": 375000,"Actual Loops": 4,"Workers": []},{"Node Type": "Hash","Parent Relationship": "Inner","Parallel Aware": false,"Async Capable": false,"Startup Cost": 209052.81,"Total Cost": 209052.81,"Plan Rows": 118756,"Plan Width": 4,"Actual Startup Time": 10025.157,"Actual Total Time": 10025.166,"Actual Rows": 9,"Actual Loops": 4,"Hash Buckets": 131072,"Original Hash Buckets": 131072,"Hash Batches": 1,"Original Hash Batches": 1,"Peak Memory Usage": 1025,"Workers": [],"Plans": [{"Node Type": "Aggregate","Strategy": "Hashed","Partial Mode": "Simple","Parent Relationship": "Outer","Parallel Aware": false,"Async Capable": false,"Startup Cost": 202521.23,"Total Cost": 207865.25,"Plan Rows": 118756,"Plan Width": 4,"Actual Startup Time": 6285.839,"Actual Total Time": 10024.981,"Actual Rows": 9,"Actual Loops": 4,"Group Key": ["lineitem_1.l_orderkey"],"Filter": "(sum(lineitem_1.l_quantity) > '314'::numeric)","Planned Partitions": 0,"HashAgg Batches": 1,"Peak Memory Usage": 638993,"Disk Usage": 0,"Rows Removed by Filter": 1499991,"Workers": [{"Worker Number": 0,"HashAgg Batches": 1,"Peak Memory Usage": 638993,"Disk Usage": 0},{"Worker Number": 1,"HashAgg Batches": 1,"Peak Memory Usage": 638993,"Disk Usage": 0},{"Worker Number": 2,"HashAgg Batches": 1,"Peak Memory Usage": 638993,"Disk Usage": 0}],"Plans": [{"Node Type": "Seq Scan","Parent Relationship": "Outer","Parallel Aware": false,"Async Capable": false,"Relation Name": "lineitem","Alias": "lineitem_1","Startup Cost": 0.00,"Total Cost": 172515.15,"Plan Rows": 6001215,"Plan Width": 9,"Actual Startup Time": 0.019,"Actual Total Time": 931.752,"Actual Rows": 6001215,"Actual Loops": 4,"Workers": []}]}]}]},{"Node Type": "Index Scan","Parent Relationship": "Inner","Parallel Aware": false,"Async Capable": false,"Scan Direction": "Forward","Index Name": "idx_lineitem_orderkey","Relation Name": "lineitem","Alias": "lineitem","Startup Cost": 0.43,"Total Cost": 1.06,"Plan Rows": 17,"Plan Width": 9,"Actual Startup Time": 0.055,"Actual Total Time": 0.062,"Actual Rows": 7,"Actual Loops": 9,"Index Cond": "(l_orderkey = orders.o_orderkey)","Rows Removed by Index Recheck": 0,"Workers": []}]},{"Node Type": "Hash","Parent Relationship": "Inner","Parallel Aware": true,"Async Capable": false,"Startup Cost": 4210.00,"Total Cost": 4210.00,"Plan Rows": 62500,"Plan Width": 23,"Actual Startup Time": 36.172,"Actual Total Time": 36.190,"Actual Rows": 37500,"Actual Loops": 4,"Hash Buckets": 262144,"Original Hash Buckets": 262144,"Hash Batches": 1,"Original Hash Batches": 1,"Peak Memory Usage": 10336,"Workers": [],"Plans": [{"Node Type": "Seq Scan","Parent Relationship": "Outer","Parallel Aware": true,"Async Capable": false,"Relation Name": "customer","Alias": "customer","Startup Cost": 0.00,"Total Cost": 4210.00,"Plan Rows": 62500,"Plan Width": 23,"Actual Startup Time": 0.024,"Actual Total Time": 17.933,"Actual Rows": 37500,"Actual Loops": 4,"Workers": []}]}]}]}]}]},"Planning Time": 6.881,"Triggers": [],"Execution Time": 10893.482}]
[{"Plan": {"Node Type": "Sort","Parallel Aware": false,"Async Capable": false,"Startup Cost": 397889.21,"Total Cost": 399077.01,"Plan Rows": 475120,"Plan Width": 71,"Actual Startup Time": 10345.847,"Actual Total Time": 10377.998,"Actual Rows": 9,"Actual Loops": 1,"Sort Key": ["orders.o_totalprice DESC", "orders.o_orderdate"],"Sort Method": "quicksort","Sort Space Used": 25,"Sort Space Type": "Memory","Plans": [{"Node Type": "Aggregate","Strategy": "Hashed","Partial Mode": "Simple","Parent Relationship": "Outer","Parallel Aware": false,"Async Capable": false,"Startup Cost": 347151.30,"Total Cost": 353090.30,"Plan Rows": 475120,"Plan Width": 71,"Actual Startup Time": 10329.232,"Actual Total Time": 10377.856,"Actual Rows": 9,"Actual Loops": 1,"Group Key": ["customer.c_custkey", "orders.o_orderkey"],"Planned Partitions": 0,"HashAgg Batches": 1,"Peak Memory Usage": 24601,"Disk Usage": 0,"Plans": [{"Node Type": "Gather","Parent Relationship": "Outer","Parallel Aware": false,"Async Capable": false,"Startup Cost": 216528.94,"Total Cost": 343587.90,"Plan Rows": 475120,"Plan Width": 44,"Actual Startup Time": 10053.961,"Actual Total Time": 10357.615,"Actual Rows": 63,"Actual Loops": 1,"Workers Planned": 3,"Workers Launched": 3,"Single Copy": false,"Plans": [{"Node Type": "Hash Join","Parent Relationship": "Outer","Parallel Aware": true,"Async Capable": false,"Join Type": "Inner","Startup Cost": 215528.94,"Total Cost": 295075.90,"Plan Rows": 153265,"Plan Width": 44,"Actual Startup Time": 10157.696,"Actual Total Time": 10258.651,"Actual Rows": 16,"Actual Loops": 4,"Inner Unique": true,"Hash Cond": "(orders.o_custkey = customer.c_custkey)","Workers": [],"Plans": [{"Node Type": "Nested Loop","Parent Relationship": "Outer","Parallel Aware": false,"Async Capable": false,"Join Type": "Inner","Startup Cost": 210537.69,"Total Cost": 289682.32,"Plan Rows": 153265,"Plan Width": 25,"Actual Startup Time": 10123.332,"Actual Total Time": 10224.239,"Actual Rows": 16,"Actual Loops": 4,"Inner Unique": false,"Workers": [],"Plans": [{"Node Type": "Hash Join","Parent Relationship": "Outer","Parallel Aware": false,"Async Capable": false,"Join Type": "Inner","Startup Cost": 210537.26,"Total Cost": 242741.13,"Plan Rows": 38308,"Plan Width": 24,"Actual Startup Time": 10123.186,"Actual Total Time": 10223.998,"Actual Rows": 2,"Actual Loops": 4,"Inner Unique": true,"Hash Cond": "(orders.o_orderkey = lineitem_1.l_orderkey)","Workers": [],"Plans": [{"Node Type": "Seq Scan","Parent Relationship": "Outer","Parallel Aware": true,"Async Capable": false,"Relation Name": "orders","Alias": "orders","Startup Cost": 0.00,"Total Cost": 30933.71,"Plan Rows": 483871,"Plan Width": 20,"Actual Startup Time": 0.011,"Actual Total Time": 49.852,"Actual Rows": 375000,"Actual Loops": 4,"Workers": []},{"Node Type": "Hash","Parent Relationship": "Inner","Parallel Aware": false,"Async Capable": false,"Startup Cost": 209052.81,"Total Cost": 209052.81,"Plan Rows": 118756,"Plan Width": 4,"Actual Startup Time": 10005.666,"Actual Total Time": 10005.673,"Actual Rows": 9,"Actual Loops": 4,"Hash Buckets": 131072,"Original Hash Buckets": 131072,"Hash Batches": 1,"Original Hash Batches": 1,"Peak Memory Usage": 1025,"Workers": [],"Plans": [{"Node Type": "Aggregate","Strategy": "Hashed","Partial Mode": "Simple","Parent Relationship": "Outer","Parallel Aware": false,"Async Capable": false,"Startup Cost": 202521.23,"Total Cost": 207865.25,"Plan Rows": 118756,"Plan Width": 4,"Actual Startup Time": 6310.010,"Actual Total Time": 10005.543,"Actual Rows": 9,"Actual Loops": 4,"Group Key": ["lineitem_1.l_orderkey"],"Filter": "(sum(lineitem_1.l_quantity) > '313'::numeric)","Planned Partitions": 0,"HashAgg Batches": 1,"Peak Memory Usage": 638993,"Disk Usage": 0,"Rows Removed by Filter": 1499991,"Workers": [{"Worker Number": 0,"HashAgg Batches": 1,"Peak Memory Usage": 638993,"Disk Usage": 0},{"Worker Number": 1,"HashAgg Batches": 1,"Peak Memory Usage": 638993,"Disk Usage": 0},{"Worker Number": 2,"HashAgg Batches": 1,"Peak Memory Usage": 638993,"Disk Usage": 0}],"Plans": [{"Node Type": "Seq Scan","Parent Relationship": "Outer","Parallel Aware": false,"Async Capable": false,"Relation Name": "lineitem","Alias": "lineitem_1","Startup Cost": 0.00,"Total Cost": 172515.15,"Plan Rows": 6001215,"Plan Width": 9,"Actual Startup Time": 0.020,"Actual Total Time": 994.479,"Actual Rows": 6001215,"Actual Loops": 4,"Workers": []}]}]}]},{"Node Type": "Index Scan","Parent Relationship": "Inner","Parallel Aware": false,"Async Capable": false,"Scan Direction": "Forward","Index Name": "idx_lineitem_orderkey","Relation Name": "lineitem","Alias": "lineitem","Startup Cost": 0.43,"Total Cost": 1.06,"Plan Rows": 17,"Plan Width": 9,"Actual Startup Time": 0.068,"Actual Total Time": 0.075,"Actual Rows": 7,"Actual Loops": 9,"Index Cond": "(l_orderkey = orders.o_orderkey)","Rows Removed by Index Recheck": 0,"Workers": []}]},{"Node Type": "Hash","Parent Relationship": "Inner","Parallel Aware": true,"Async Capable": false,"Startup Cost": 4210.00,"Total Cost": 4210.00,"Plan Rows": 62500,"Plan Width": 23,"Actual Startup Time": 33.578,"Actual Total Time": 33.582,"Actual Rows": 37500,"Actual Loops": 4,"Hash Buckets": 262144,"Original Hash Buckets": 262144,"Hash Batches": 1,"Original Hash Batches": 1,"Peak Memory Usage": 10336,"Workers": [],"Plans": [{"Node Type": "Seq Scan","Parent Relationship": "Outer","Parallel Aware": true,"Async Capable": false,"Relation Name": "customer","Alias": "customer","Startup Cost": 0.00,"Total Cost": 4210.00,"Plan Rows": 62500,"Plan Width": 23,"Actual Startup Time": 0.023,"Actual Total Time": 16.777,"Actual Rows": 37500,"Actual Loops": 4,"Workers": []}]}]}]}]}]},"Planning Time": 6.662,"Triggers": [],"Execution Time": 10430.266}]
[{"Plan": {"Node Type": "Sort","Parallel Aware": false,"Async Capable": false,"Startup Cost": 397889.21,"Total Cost": 399077.01,"Plan Rows": 475120,"Plan Width": 71,"Actual Startup Time": 10345.847,"Actual Total Time": 10377.998,"Actual Rows": 9,"Actual Loops": 1,"Sort Key": ["orders.o_totalprice DESC", "orders.o_orderdate"],"Sort Method": "quicksort","Sort Space Used": 25,"Sort Space Type": "Memory","Plans": [{"Node Type": "Aggregate","Strategy": "Hashed","Partial Mode": "Simple","Parent Relationship": "Outer","Parallel Aware": false,"Async Capable": false,"Startup Cost": 347151.30,"Total Cost": 353090.30,"Plan Rows": 475120,"Plan Width": 71,"Actual Startup Time": 10329.232,"Actual Total Time": 10377.856,"Actual Rows": 9,"Actual Loops": 1,"Group Key": ["customer.c_custkey", "orders.o_orderkey"],"Planned Partitions": 0,"HashAgg Batches": 1,"Peak Memory Usage": 24601,"Disk Usage": 0,"Plans": [{"Node Type": "Gather","Parent Relationship": "Outer","Parallel Aware": false,"Async Capable": false,"Startup Cost": 216528.94,"Total Cost": 343587.90,"Plan Rows": 475120,"Plan Width": 44,"Actual Startup Time": 10053.961,"Actual Total Time": 10357.615,"Actual Rows": 63,"Actual Loops": 1,"Workers Planned": 3,"Workers Launched": 3,"Single Copy": false,"Plans": [{"Node Type": "Hash Join","Parent Relationship": "Outer","Parallel Aware": true,"Async Capable": false,"Join Type": "Inner","Startup Cost": 215528.94,"Total Cost": 295075.90,"Plan Rows": 153265,"Plan Width": 44,"Actual Startup Time": 10157.696,"Actual Total Time": 10258.651,"Actual Rows": 16,"Actual Loops": 4,"Inner Unique": true,"Hash Cond": "(orders.o_custkey = customer.c_custkey)","Workers": [],"Plans": [{"Node Type": "Nested Loop","Parent Relationship": "Outer","Parallel Aware": false,"Async Capable": false,"Join Type": "Inner","Startup Cost": 210537.69,"Total Cost": 289682.32,"Plan Rows": 153265,"Plan Width": 25,"Actual Startup Time": 10123.332,"Actual Total Time": 10224.239,"Actual Rows": 16,"Actual Loops": 4,"Inner Unique": false,"Workers": [],"Plans": [{"Node Type": "Hash Join","Parent Relationship": "Outer","Parallel Aware": false,"Async Capable": false,"Join Type": "Inner","Startup Cost": 210537.26,"Total Cost": 242741.13,"Plan Rows": 38308,"Plan Width": 24,"Actual Startup Time": 10123.186,"Actual Total Time": 10223.998,"Actual Rows": 2,"Actual Loops": 4,"Inner Unique": true,"Hash Cond": "(orders.o_orderkey = lineitem_1.l_orderkey)","Workers": [],"Plans": [{"Node Type": "Seq Scan","Parent Relationship": "Outer","Parallel Aware": true,"Async Capable": false,"Relation Name": "orders","Alias": "orders","Startup Cost": 0.00,"Total Cost": 30933.71,"Plan Rows": 483871,"Plan Width": 20,"Actual Startup Time": 0.011,"Actual Total Time": 49.852,"Actual Rows": 375000,"Actual Loops": 4,"Workers": []},{"Node Type": "Hash","Parent Relationship": "Inner","Parallel Aware": false,"Async Capable": false,"Startup Cost": 209052.81,"Total Cost": 209052.81,"Plan Rows": 118756,"Plan Width": 4,"Actual Startup Time": 10005.666,"Actual Total Time": 10005.673,"Actual Rows": 9,"Actual Loops": 4,"Hash Buckets": 131072,"Original Hash Buckets": 131072,"Hash Batches": 1,"Original Hash Batches": 1,"Peak Memory Usage": 1025,"Workers": [],"Plans": [{"Node Type": "Aggregate","Strategy": "Hashed","Partial Mode": "Simple","Parent Relationship": "Outer","Parallel Aware": false,"Async Capable": false,"Startup Cost": 202521.23,"Total Cost": 207865.25,"Plan Rows": 118756,"Plan Width": 4,"Actual Startup Time": 6310.010,"Actual Total Time": 10005.543,"Actual Rows": 9,"Actual Loops": 4,"Group Key": ["lineitem_1.l_orderkey"],"Filter": "(sum(lineitem_1.l_quantity) > '313'::numeric)","Planned Partitions": 0,"HashAgg Batches": 1,"Peak Memory Usage": 638993,"Disk Usage": 0,"Rows Removed by Filter": 1499991,"Workers": [{"Worker Number": 0,"HashAgg Batches": 1,"Peak Memory Usage": 638993,"Disk Usage": 0},{"Worker Number": 1,"HashAgg Batches": 1,"Peak Memory Usage": 638993,"Disk Usage": 0},{"Worker Number": 2,"HashAgg Batches": 1,"Peak Memory Usage": 638993,"Disk Usage": 0}],"Plans": [{"Node Type": "Seq Scan","Parent Relationship": "Outer","Parallel Aware": false,"Async Capable": false,"Relation Name": "lineitem","Alias": "lineitem_1","Startup Cost": 0.00,"Total Cost": 172515.15,"Plan Rows": 6001215,"Plan Width": 9,"Actual Startup Time": 0.020,"Actual Total Time": 994.479,"Actual Rows": 6001215,"Actual Loops": 4,"Workers": []}]}]}]},{"Node Type": "Index Scan","Parent Relationship": "Inner","Parallel Aware": false,"Async Capable": false,"Scan Direction": "Forward","Index Name": "idx_lineitem_orderkey","Relation Name": "lineitem","Alias": "lineitem","Startup Cost": 0.43,"Total Cost": 1.06,"Plan Rows": 17,"Plan Width": 9,"Actual Startup Time": 0.068,"Actual Total Time": 0.075,"Actual Rows": 7,"Actual Loops": 9,"Index Cond": "(l_orderkey = orders.o_orderkey)","Rows Removed by Index Recheck": 0,"Workers": []}]},{"Node Type": "Hash","Parent Relationship": "Inner","Parallel Aware": true,"Async Capable": false,"Startup Cost": 4210.00,"Total Cost": 4210.00,"Plan Rows": 62500,"Plan Width": 23,"Actual Startup Time": 33.578,"Actual Total Time": 33.582,"Actual Rows": 37500,"Actual Loops": 4,"Hash Buckets": 262144,"Original Hash Buckets": 262144,"Hash Batches": 1,"Original Hash Batches": 1,"Peak Memory Usage": 10336,"Workers": [],"Plans": [{"Node Type": "Seq Scan","Parent Relationship": "Outer","Parallel Aware": true,"Async Capable": false,"Relation Name": "customer","Alias": "customer","Startup Cost": 0.00,"Total Cost": 4210.00,"Plan Rows": 62500,"Plan Width": 23,"Actual Startup Time": 0.023,"Actual Total Time": 16.777,"Actual Rows": 37500,"Actual Loops": 4,"Workers": []}]}]}]}]}]},"Planning Time": 6.662,"Triggers": [],"Execution Time": 10430.266}]
[{"Plan": {"Node Type": "Sort","Parallel Aware": false,"Async Capable": false,"Startup Cost": 397889.21,"Total Cost": 399077.01,"Plan Rows": 475120,"Plan Width": 71,"Actual Startup Time": 10785.011,"Actual Total Time": 10839.032,"Actual Rows": 9,"Actual Loops": 1,"Sort Key": ["orders.o_totalprice DESC", "orders.o_orderdate"],"Sort Method": "quicksort","Sort Space Used": 25,"Sort Space Type": "Memory","Plans": [{"Node Type": "Aggregate","Strategy": "Hashed","Partial Mode": "Simple","Parent Relationship": "Outer","Parallel Aware": false,"Async Capable": false,"Startup Cost": 347151.30,"Total Cost": 353090.30,"Plan Rows": 475120,"Plan Width": 71,"Actual Startup Time": 10763.855,"Actual Total Time": 10838.848,"Actual Rows": 9,"Actual Loops": 1,"Group Key": ["customer.c_custkey", "orders.o_orderkey"],"Planned Partitions": 0,"HashAgg Batches": 1,"Peak Memory Usage": 24601,"Disk Usage": 0,"Plans": [{"Node Type": "Gather","Parent Relationship": "Outer","Parallel Aware": false,"Async Capable": false,"Startup Cost": 216528.94,"Total Cost": 343587.90,"Plan Rows": 475120,"Plan Width": 44,"Actual Startup Time": 9674.071,"Actual Total Time": 10813.470,"Actual Rows": 63,"Actual Loops": 1,"Workers Planned": 3,"Workers Launched": 3,"Single Copy": false,"Plans": [{"Node Type": "Hash Join","Parent Relationship": "Outer","Parallel Aware": true,"Async Capable": false,"Join Type": "Inner","Startup Cost": 215528.94,"Total Cost": 295075.90,"Plan Rows": 153265,"Plan Width": 44,"Actual Startup Time": 10141.072,"Actual Total Time": 10312.965,"Actual Rows": 16,"Actual Loops": 4,"Inner Unique": true,"Hash Cond": "(orders.o_custkey = customer.c_custkey)","Workers": [],"Plans": [{"Node Type": "Nested Loop","Parent Relationship": "Outer","Parallel Aware": false,"Async Capable": false,"Join Type": "Inner","Startup Cost": 210537.69,"Total Cost": 289682.32,"Plan Rows": 153265,"Plan Width": 25,"Actual Startup Time": 10104.129,"Actual Total Time": 10275.947,"Actual Rows": 16,"Actual Loops": 4,"Inner Unique": false,"Workers": [],"Plans": [{"Node Type": "Hash Join","Parent Relationship": "Outer","Parallel Aware": false,"Async Capable": false,"Join Type": "Inner","Startup Cost": 210537.26,"Total Cost": 242741.13,"Plan Rows": 38308,"Plan Width": 24,"Actual Startup Time": 10104.052,"Actual Total Time": 10275.739,"Actual Rows": 2,"Actual Loops": 4,"Inner Unique": true,"Hash Cond": "(orders.o_orderkey = lineitem_1.l_orderkey)","Workers": [],"Plans": [{"Node Type": "Seq Scan","Parent Relationship": "Outer","Parallel Aware": true,"Async Capable": false,"Relation Name": "orders","Alias": "orders","Startup Cost": 0.00,"Total Cost": 30933.71,"Plan Rows": 483871,"Plan Width": 20,"Actual Startup Time": 0.007,"Actual Total Time": 53.689,"Actual Rows": 375000,"Actual Loops": 4,"Workers": []},{"Node Type": "Hash","Parent Relationship": "Inner","Parallel Aware": false,"Async Capable": false,"Startup Cost": 209052.81,"Total Cost": 209052.81,"Plan Rows": 118756,"Plan Width": 4,"Actual Startup Time": 10025.157,"Actual Total Time": 10025.166,"Actual Rows": 9,"Actual Loops": 4,"Hash Buckets": 131072,"Original Hash Buckets": 131072,"Hash Batches": 1,"Original Hash Batches": 1,"Peak Memory Usage": 1025,"Workers": [],"Plans": [{"Node Type": "Aggregate","Strategy": "Hashed","Partial Mode": "Simple","Parent Relationship": "Outer","Parallel Aware": false,"Async Capable": false,"Startup Cost": 202521.23,"Total Cost": 207865.25,"Plan Rows": 118756,"Plan Width": 4,"Actual Startup Time": 6285.839,"Actual Total Time": 10024.981,"Actual Rows": 9,"Actual Loops": 4,"Group Key": ["lineitem_1.l_orderkey"],"Filter": "(sum(lineitem_1.l_quantity) > '314'::numeric)","Planned Partitions": 0,"HashAgg Batches": 1,"Peak Memory Usage": 638993,"Disk Usage": 0,"Rows Removed by Filter": 1499991,"Workers": [{"Worker Number": 0,"HashAgg Batches": 1,"Peak Memory Usage": 638993,"Disk Usage": 0},{"Worker Number": 1,"HashAgg Batches": 1,"Peak Memory Usage": 638993,"Disk Usage": 0},{"Worker Number": 2,"HashAgg Batches": 1,"Peak Memory Usage": 638993,"Disk Usage": 0}],"Plans": [{"Node Type": "Seq Scan","Parent Relationship": "Outer","Parallel Aware": false,"Async Capable": false,"Relation Name": "lineitem","Alias": "lineitem_1","Startup Cost": 0.00,"Total Cost": 172515.15,"Plan Rows": 6001215,"Plan Width": 9,"Actual Startup Time": 0.019,"Actual Total Time": 931.752,"Actual Rows": 6001215,"Actual Loops": 4,"Workers": []}]}]}]},{"Node Type": "Index Scan","Parent Relationship": "Inner","Parallel Aware": false,"Async Capable": false,"Scan Direction": "Forward","Index Name": "idx_lineitem_orderkey","Relation Name": "lineitem","Alias": "lineitem","Startup Cost": 0.43,"Total Cost": 1.06,"Plan Rows": 17,"Plan Width": 9,"Actual Startup Time": 0.055,"Actual Total Time": 0.062,"Actual Rows": 7,"Actual Loops": 9,"Index Cond": "(l_orderkey = orders.o_orderkey)","Rows Removed by Index Recheck": 0,"Workers": []}]},{"Node Type": "Hash","Parent Relationship": "Inner","Parallel Aware": true,"Async Capable": false,"Startup Cost": 4210.00,"Total Cost": 4210.00,"Plan Rows": 62500,"Plan Width": 23,"Actual Startup Time": 36.172,"Actual Total Time": 36.190,"Actual Rows": 37500,"Actual Loops": 4,"Hash Buckets": 262144,"Original Hash Buckets": 262144,"Hash Batches": 1,"Original Hash Batches": 1,"Peak Memory Usage": 10336,"Workers": [],"Plans": [{"Node Type": "Seq Scan","Parent Relationship": "Outer","Parallel Aware": true,"Async Capable": false,"Relation Name": "customer","Alias": "customer","Startup Cost": 0.00,"Total Cost": 4210.00,"Plan Rows": 62500,"Plan Width": 23,"Actual Startup Time": 0.024,"Actual Total Time": 17.933,"Actual Rows": 37500,"Actual Loops": 4,"Workers": []}]}]}]}]}]},"Planning Time": 6.881,"Triggers": [],"Execution Time": 10893.482}]
[{"Plan": {"Node Type": "Sort","Parallel Aware": false,"Async Capable": false,"Startup Cost": 397889.21,"Total Cost": 399077.01,"Plan Rows": 475120,"Plan Width": 71,"Actual Startup Time": 10345.847,"Actual Total Time": 10377.998,"Actual Rows": 9,"Actual Loops": 1,"Sort Key": ["orders.o_totalprice DESC", "orders.o_orderdate"],"Sort Method": "quicksort","Sort Space Used": 25,"Sort Space Type": "Memory","Plans": [{"Node Type": "Aggregate","Strategy": "Hashed","Partial Mode": "Simple","Parent Relationship": "Outer","Parallel Aware": false,"Async Capable": false,"Startup Cost": 347151.30,"Total Cost": 353090.30,"Plan Rows": 475120,"Plan Width": 71,"Actual Startup Time": 10329.232,"Actual Total Time": 10377.856,"Actual Rows": 9,"Actual Loops": 1,"Group Key": ["customer.c_custkey", "orders.o_orderkey"],"Planned Partitions": 0,"HashAgg Batches": 1,"Peak Memory Usage": 24601,"Disk Usage": 0,"Plans": [{"Node Type": "Gather","Parent Relationship": "Outer","Parallel Aware": false,"Async Capable": false,"Startup Cost": 216528.94,"Total Cost": 343587.90,"Plan Rows": 475120,"Plan Width": 44,"Actual Startup Time": 10053.961,"Actual Total Time": 10357.615,"Actual Rows": 63,"Actual Loops": 1,"Workers Planned": 3,"Workers Launched": 3,"Single Copy": false,"Plans": [{"Node Type": "Hash Join","Parent Relationship": "Outer","Parallel Aware": true,"Async Capable": false,"Join Type": "Inner","Startup Cost": 215528.94,"Total Cost": 295075.90,"Plan Rows": 153265,"Plan Width": 44,"Actual Startup Time": 10157.696,"Actual Total Time": 10258.651,"Actual Rows": 16,"Actual Loops": 4,"Inner Unique": true,"Hash Cond": "(orders.o_custkey = customer.c_custkey)","Workers": [],"Plans": [{"Node Type": "Nested Loop","Parent Relationship": "Outer","Parallel Aware": false,"Async Capable": false,"Join Type": "Inner","Startup Cost": 210537.69,"Total Cost": 289682.32,"Plan Rows": 153265,"Plan Width": 25,"Actual Startup Time": 10123.332,"Actual Total Time": 10224.239,"Actual Rows": 16,"Actual Loops": 4,"Inner Unique": false,"Workers": [],"Plans": [{"Node Type": "Hash Join","Parent Relationship": "Outer","Parallel Aware": false,"Async Capable": false,"Join Type": "Inner","Startup Cost": 210537.26,"Total Cost": 242741.13,"Plan Rows": 38308,"Plan Width": 24,"Actual Startup Time": 10123.186,"Actual Total Time": 10223.998,"Actual Rows": 2,"Actual Loops": 4,"Inner Unique": true,"Hash Cond": "(orders.o_orderkey = lineitem_1.l_orderkey)","Workers": [],"Plans": [{"Node Type": "Seq Scan","Parent Relationship": "Outer","Parallel Aware": true,"Async Capable": false,"Relation Name": "orders","Alias": "orders","Startup Cost": 0.00,"Total Cost": 30933.71,"Plan Rows": 483871,"Plan Width": 20,"Actual Startup Time": 0.011,"Actual Total Time": 49.852,"Actual Rows": 375000,"Actual Loops": 4,"Workers": []},{"Node Type": "Hash","Parent Relationship": "Inner","Parallel Aware": false,"Async Capable": false,"Startup Cost": 209052.81,"Total Cost": 209052.81,"Plan Rows": 118756,"Plan Width": 4,"Actual Startup Time": 10005.666,"Actual Total Time": 10005.673,"Actual Rows": 9,"Actual Loops": 4,"Hash Buckets": 131072,"Original Hash Buckets": 131072,"Hash Batches": 1,"Original Hash Batches": 1,"Peak Memory Usage": 1025,"Workers": [],"Plans": [{"Node Type": "Aggregate","Strategy": "Hashed","Partial Mode": "Simple","Parent Relationship": "Outer","Parallel Aware": false,"Async Capable": false,"Startup Cost": 202521.23,"Total Cost": 207865.25,"Plan Rows": 118756,"Plan Width": 4,"Actual Startup Time": 6310.010,"Actual Total Time": 10005.543,"Actual Rows": 9,"Actual Loops": 4,"Group Key": ["lineitem_1.l_orderkey"],"Filter": "(sum(lineitem_1.l_quantity) > '313'::numeric)","Planned Partitions": 0,"HashAgg Batches": 1,"Peak Memory Usage": 638993,"Disk Usage": 0,"Rows Removed by Filter": 1499991,"Workers": [{"Worker Number": 0,"HashAgg Batches": 1,"Peak Memory Usage": 638993,"Disk Usage": 0},{"Worker Number": 1,"HashAgg Batches": 1,"Peak Memory Usage": 638993,"Disk Usage": 0},{"Worker Number": 2,"HashAgg Batches": 1,"Peak Memory Usage": 638993,"Disk Usage": 0}],"Plans": [{"Node Type": "Seq Scan","Parent Relationship": "Outer","Parallel Aware": false,"Async Capable": false,"Relation Name": "lineitem","Alias": "lineitem_1","Startup Cost": 0.00,"Total Cost": 172515.15,"Plan Rows": 6001215,"Plan Width": 9,"Actual Startup Time": 0.020,"Actual Total Time": 994.479,"Actual Rows": 6001215,"Actual Loops": 4,"Workers": []}]}]}]},{"Node Type": "Index Scan","Parent Relationship": "Inner","Parallel Aware": false,"Async Capable": false,"Scan Direction": "Forward","Index Name": "idx_lineitem_orderkey","Relation Name": "lineitem","Alias": "lineitem","Startup Cost": 0.43,"Total Cost": 1.06,"Plan Rows": 17,"Plan Width": 9,"Actual Startup Time": 0.068,"Actual Total Time": 0.075,"Actual Rows": 7,"Actual Loops": 9,"Index Cond": "(l_orderkey = orders.o_orderkey)","Rows Removed by Index Recheck": 0,"Workers": []}]},{"Node Type": "Hash","Parent Relationship": "Inner","Parallel Aware": true,"Async Capable": false,"Startup Cost": 4210.00,"Total Cost": 4210.00,"Plan Rows": 62500,"Plan Width": 23,"Actual Startup Time": 33.578,"Actual Total Time": 33.582,"Actual Rows": 37500,"Actual Loops": 4,"Hash Buckets": 262144,"Original Hash Buckets": 262144,"Hash Batches": 1,"Original Hash Batches": 1,"Peak Memory Usage": 10336,"Workers": [],"Plans": [{"Node Type": "Seq Scan","Parent Relationship": "Outer","Parallel Aware": true,"Async Capable": false,"Relation Name": "customer","Alias": "customer","Startup Cost": 0.00,"Total Cost": 4210.00,"Plan Rows": 62500,"Plan Width": 23,"Actual Startup Time": 0.023,"Actual Total Time": 16.777,"Actual Rows": 37500,"Actual Loops": 4,"Workers": []}]}]}]}]}]},"Planning Time": 6.662,"Triggers": [],"Execution Time": 10430.266}]
[{"Plan": {"Node Type": "Sort","Parallel Aware": false,"Async Capable": false,"Startup Cost": 397889.21,"Total Cost": 399077.01,"Plan Rows": 475120,"Plan Width": 71,"Actual Startup Time": 10785.011,"Actual Total Time": 10839.032,"Actual Rows": 9,"Actual Loops": 1,"Sort Key": ["orders.o_totalprice DESC", "orders.o_orderdate"],"Sort Method": "quicksort","Sort Space Used": 25,"Sort Space Type": "Memory","Plans": [{"Node Type": "Aggregate","Strategy": "Hashed","Partial Mode": "Simple","Parent Relationship": "Outer","Parallel Aware": false,"Async Capable": false,"Startup Cost": 347151.30,"Total Cost": 353090.30,"Plan Rows": 475120,"Plan Width": 71,"Actual Startup Time": 10763.855,"Actual Total Time": 10838.848,"Actual Rows": 9,"Actual Loops": 1,"Group Key": ["customer.c_custkey", "orders.o_orderkey"],"Planned Partitions": 0,"HashAgg Batches": 1,"Peak Memory Usage": 24601,"Disk Usage": 0,"Plans": [{"Node Type": "Gather","Parent Relationship": "Outer","Parallel Aware": false,"Async Capable": false,"Startup Cost": 216528.94,"Total Cost": 343587.90,"Plan Rows": 475120,"Plan Width": 44,"Actual Startup Time": 9674.071,"Actual Total Time": 10813.470,"Actual Rows": 63,"Actual Loops": 1,"Workers Planned": 3,"Workers Launched": 3,"Single Copy": false,"Plans": [{"Node Type": "Hash Join","Parent Relationship": "Outer","Parallel Aware": true,"Async Capable": false,"Join Type": "Inner","Startup Cost": 215528.94,"Total Cost": 295075.90,"Plan Rows": 153265,"Plan Width": 44,"Actual Startup Time": 10141.072,"Actual Total Time": 10312.965,"Actual Rows": 16,"Actual Loops": 4,"Inner Unique": true,"Hash Cond": "(orders.o_custkey = customer.c_custkey)","Workers": [],"Plans": [{"Node Type": "Nested Loop","Parent Relationship": "Outer","Parallel Aware": false,"Async Capable": false,"Join Type": "Inner","Startup Cost": 210537.69,"Total Cost": 289682.32,"Plan Rows": 153265,"Plan Width": 25,"Actual Startup Time": 10104.129,"Actual Total Time": 10275.947,"Actual Rows": 16,"Actual Loops": 4,"Inner Unique": false,"Workers": [],"Plans": [{"Node Type": "Hash Join","Parent Relationship": "Outer","Parallel Aware": false,"Async Capable": false,"Join Type": "Inner","Startup Cost": 210537.26,"Total Cost": 242741.13,"Plan Rows": 38308,"Plan Width": 24,"Actual Startup Time": 10104.052,"Actual Total Time": 10275.739,"Actual Rows": 2,"Actual Loops": 4,"Inner Unique": true,"Hash Cond": "(orders.o_orderkey = lineitem_1.l_orderkey)","Workers": [],"Plans": [{"Node Type": "Seq Scan","Parent Relationship": "Outer","Parallel Aware": true,"Async Capable": false,"Relation Name": "orders","Alias": "orders","Startup Cost": 0.00,"Total Cost": 30933.71,"Plan Rows": 483871,"Plan Width": 20,"Actual Startup Time": 0.007,"Actual Total Time": 53.689,"Actual Rows": 375000,"Actual Loops": 4,"Workers": []},{"Node Type": "Hash","Parent Relationship": "Inner","Parallel Aware": false,"Async Capable": false,"Startup Cost": 209052.81,"Total Cost": 209052.81,"Plan Rows": 118756,"Plan Width": 4,"Actual Startup Time": 10025.157,"Actual Total Time": 10025.166,"Actual Rows": 9,"Actual Loops": 4,"Hash Buckets": 131072,"Original Hash Buckets": 131072,"Hash Batches": 1,"Original Hash Batches": 1,"Peak Memory Usage": 1025,"Workers": [],"Plans": [{"Node Type": "Aggregate","Strategy": "Hashed","Partial Mode": "Simple","Parent Relationship": "Outer","Parallel Aware": false,"Async Capable": false,"Startup Cost": 202521.23,"Total Cost": 207865.25,"Plan Rows": 118756,"Plan Width": 4,"Actual Startup Time": 6285.839,"Actual Total Time": 10024.981,"Actual Rows": 9,"Actual Loops": 4,"Group Key": ["lineitem_1.l_orderkey"],"Filter": "(sum(lineitem_1.l_quantity) > '314'::numeric)","Planned Partitions": 0,"HashAgg Batches": 1,"Peak Memory Usage": 638993,"Disk Usage": 0,"Rows Removed by Filter": 1499991,"Workers": [{"Worker Number": 0,"HashAgg Batches": 1,"Peak Memory Usage": 638993,"Disk Usage": 0},{"Worker Number": 1,"HashAgg Batches": 1,"Peak Memory Usage": 638993,"Disk Usage": 0},{"Worker Number": 2,"HashAgg Batches": 1,"Peak Memory Usage": 638993,"Disk Usage": 0}],"Plans": [{"Node Type": "Seq Scan","Parent Relationship": "Outer","Parallel Aware": false,"Async Capable": false,"Relation Name": "lineitem","Alias": "lineitem_1","Startup Cost": 0.00,"Total Cost": 172515.15,"Plan Rows": 6001215,"Plan Width": 9,"Actual Startup Time": 0.019,"Actual Total Time": 931.752,"Actual Rows": 6001215,"Actual Loops": 4,"Workers": []}]}]}]},{"Node Type": "Index Scan","Parent Relationship": "Inner","Parallel Aware": false,"Async Capable": false,"Scan Direction": "Forward","Index Name": "idx_lineitem_orderkey","Relation Name": "lineitem","Alias": "lineitem","Startup Cost": 0.43,"Total Cost": 1.06,"Plan Rows": 17,"Plan Width": 9,"Actual Startup Time": 0.055,"Actual Total Time": 0.062,"Actual Rows": 7,"Actual Loops": 9,"Index Cond": "(l_orderkey = orders.o_orderkey)","Rows Removed by Index Recheck": 0,"Workers": []}]},{"Node Type": "Hash","Parent Relationship": "Inner","Parallel Aware": true,"Async Capable": false,"Startup Cost": 4210.00,"Total Cost": 4210.00,"Plan Rows": 62500,"Plan Width": 23,"Actual Startup Time": 36.172,"Actual Total Time": 36.190,"Actual Rows": 37500,"Actual Loops": 4,"Hash Buckets": 262144,"Original Hash Buckets": 262144,"Hash Batches": 1,"Original Hash Batches": 1,"Peak Memory Usage": 10336,"Workers": [],"Plans": [{"Node Type": "Seq Scan","Parent Relationship": "Outer","Parallel Aware": true,"Async Capable": false,"Relation Name": "customer","Alias": "customer","Startup Cost": 0.00,"Total Cost": 4210.00,"Plan Rows": 62500,"Plan Width": 23,"Actual Startup Time": 0.024,"Actual Total Time": 17.933,"Actual Rows": 37500,"Actual Loops": 4,"Workers": []}]}]}]}]}]},"Planning Time": 6.881,"Triggers": [],"Execution Time": 10893.482}]
[{"Plan": {"Node Type": "Sort","Parallel Aware": false,"Async Capable": false,"Startup Cost": 397889.21,"Total Cost": 399077.01,"Plan Rows": 475120,"Plan Width": 71,"Actual Startup Time": 10345.847,"Actual Total Time": 10377.998,"Actual Rows": 9,"Actual Loops": 1,"Sort Key": ["orders.o_totalprice DESC", "orders.o_orderdate"],"Sort Method": "quicksort","Sort Space Used": 25,"Sort Space Type": "Memory","Plans": [{"Node Type": "Aggregate","Strategy": "Hashed","Partial Mode": "Simple","Parent Relationship": "Outer","Parallel Aware": false,"Async Capable": false,"Startup Cost": 347151.30,"Total Cost": 353090.30,"Plan Rows": 475120,"Plan Width": 71,"Actual Startup Time": 10329.232,"Actual Total Time": 10377.856,"Actual Rows": 9,"Actual Loops": 1,"Group Key": ["customer.c_custkey", "orders.o_orderkey"],"Planned Partitions": 0,"HashAgg Batches": 1,"Peak Memory Usage": 24601,"Disk Usage": 0,"Plans": [{"Node Type": "Gather","Parent Relationship": "Outer","Parallel Aware": false,"Async Capable": false,"Startup Cost": 216528.94,"Total Cost": 343587.90,"Plan Rows": 475120,"Plan Width": 44,"Actual Startup Time": 10053.961,"Actual Total Time": 10357.615,"Actual Rows": 63,"Actual Loops": 1,"Workers Planned": 3,"Workers Launched": 3,"Single Copy": false,"Plans": [{"Node Type": "Hash Join","Parent Relationship": "Outer","Parallel Aware": true,"Async Capable": false,"Join Type": "Inner","Startup Cost": 215528.94,"Total Cost": 295075.90,"Plan Rows": 153265,"Plan Width": 44,"Actual Startup Time": 10157.696,"Actual Total Time": 10258.651,"Actual Rows": 16,"Actual Loops": 4,"Inner Unique": true,"Hash Cond": "(orders.o_custkey = customer.c_custkey)","Workers": [],"Plans": [{"Node Type": "Nested Loop","Parent Relationship": "Outer","Parallel Aware": false,"Async Capable": false,"Join Type": "Inner","Startup Cost": 210537.69,"Total Cost": 289682.32,"Plan Rows": 153265,"Plan Width": 25,"Actual Startup Time": 10123.332,"Actual Total Time": 10224.239,"Actual Rows": 16,"Actual Loops": 4,"Inner Unique": false,"Workers": [],"Plans": [{"Node Type": "Hash Join","Parent Relationship": "Outer","Parallel Aware": false,"Async Capable": false,"Join Type": "Inner","Startup Cost": 210537.26,"Total Cost": 242741.13,"Plan Rows": 38308,"Plan Width": 24,"Actual Startup Time": 10123.186,"Actual Total Time": 10223.998,"Actual Rows": 2,"Actual Loops": 4,"Inner Unique": true,"Hash Cond": "(orders.o_orderkey = lineitem_1.l_orderkey)","Workers": [],"Plans": [{"Node Type": "Seq Scan","Parent Relationship": "Outer","Parallel Aware": true,"Async Capable": false,"Relation Name": "orders","Alias": "orders","Startup Cost": 0.00,"Total Cost": 30933.71,"Plan Rows": 483871,"Plan Width": 20,"Actual Startup Time": 0.011,"Actual Total Time": 49.852,"Actual Rows": 375000,"Actual Loops": 4,"Workers": []},{"Node Type": "Hash","Parent Relationship": "Inner","Parallel Aware": false,"Async Capable": false,"Startup Cost": 209052.81,"Total Cost": 209052.81,"Plan Rows": 118756,"Plan Width": 4,"Actual Startup Time": 10005.666,"Actual Total Time": 10005.673,"Actual Rows": 9,"Actual Loops": 4,"Hash Buckets": 131072,"Original Hash Buckets": 131072,"Hash Batches": 1,"Original Hash Batches": 1,"Peak Memory Usage": 1025,"Workers": [],"Plans": [{"Node Type": "Aggregate","Strategy": "Hashed","Partial Mode": "Simple","Parent Relationship": "Outer","Parallel Aware": false,"Async Capable": false,"Startup Cost": 202521.23,"Total Cost": 207865.25,"Plan Rows": 118756,"Plan Width": 4,"Actual Startup Time": 6310.010,"Actual Total Time": 10005.543,"Actual Rows": 9,"Actual Loops": 4,"Group Key": ["lineitem_1.l_orderkey"],"Filter": "(sum(lineitem_1.l_quantity) > '313'::numeric)","Planned Partitions": 0,"HashAgg Batches": 1,"Peak Memory Usage": 638993,"Disk Usage": 0,"Rows Removed by Filter": 1499991,"Workers": [{"Worker Number": 0,"HashAgg Batches": 1,"Peak Memory Usage": 638993,"Disk Usage": 0},{"Worker Number": 1,"HashAgg Batches": 1,"Peak Memory Usage": 638993,"Disk Usage": 0},{"Worker Number": 2,"HashAgg Batches": 1,"Peak Memory Usage": 638993,"Disk Usage": 0}],"Plans": [{"Node Type": "Seq Scan","Parent Relationship": "Outer","Parallel Aware": false,"Async Capable": false,"Relation Name": "lineitem","Alias": "lineitem_1","Startup Cost": 0.00,"Total Cost": 172515.15,"Plan Rows": 6001215,"Plan Width": 9,"Actual Startup Time": 0.020,"Actual Total Time": 994.479,"Actual Rows": 6001215,"Actual Loops": 4,"Workers": []}]}]}]},{"Node Type": "Index Scan","Parent Relationship": "Inner","Parallel Aware": false,"Async Capable": false,"Scan Direction": "Forward","Index Name": "idx_lineitem_orderkey","Relation Name": "lineitem","Alias": "lineitem","Startup Cost": 0.43,"Total Cost": 1.06,"Plan Rows": 17,"Plan Width": 9,"Actual Startup Time": 0.068,"Actual Total Time": 0.075,"Actual Rows": 7,"Actual Loops": 9,"Index Cond": "(l_orderkey = orders.o_orderkey)","Rows Removed by Index Recheck": 0,"Workers": []}]},{"Node Type": "Hash","Parent Relationship": "Inner","Parallel Aware": true,"Async Capable": false,"Startup Cost": 4210.00,"Total Cost": 4210.00,"Plan Rows": 62500,"Plan Width": 23,"Actual Startup Time": 33.578,"Actual Total Time": 33.582,"Actual Rows": 37500,"Actual Loops": 4,"Hash Buckets": 262144,"Original Hash Buckets": 262144,"Hash Batches": 1,"Original Hash Batches": 1,"Peak Memory Usage": 10336,"Workers": [],"Plans": [{"Node Type": "Seq Scan","Parent Relationship": "Outer","Parallel Aware": true,"Async Capable": false,"Relation Name": "customer","Alias": "customer","Startup Cost": 0.00,"Total Cost": 4210.00,"Plan Rows": 62500,"Plan Width": 23,"Actual Startup Time": 0.023,"Actual Total Time": 16.777,"Actual Rows": 37500,"Actual Loops": 4,"Workers": []}]}]}]}]}]},"Planning Time": 6.662,"Triggers": [],"Execution Time": 10430.266}]
[{"Plan": {"Node Type": "Sort","Parallel Aware": false,"Async Capable": false,"Startup Cost": 397889.21,"Total Cost": 399077.01,"Plan Rows": 475120,"Plan Width": 71,"Actual Startup Time": 10950.105,"Actual Total Time": 10953.954,"Actual Rows": 9,"Actual Loops": 1,"Sort Key": ["orders.o_totalprice DESC", "orders.o_orderdate"],"Sort Method": "quicksort","Sort Space Used": 25,"Sort Space Type": "Memory","Plans": [{"Node Type": "Aggregate","Strategy": "Hashed","Partial Mode": "Simple","Parent Relationship": "Outer","Parallel Aware": false,"Async Capable": false,"Startup Cost": 347151.30,"Total Cost": 353090.30,"Plan Rows": 475120,"Plan Width": 71,"Actual Startup Time": 10902.471,"Actual Total Time": 10953.715,"Actual Rows": 9,"Actual Loops": 1,"Group Key": ["customer.c_custkey", "orders.o_orderkey"],"Planned Partitions": 0,"HashAgg Batches": 1,"Peak Memory Usage": 24601,"Disk Usage": 0,"Plans": [{"Node Type": "Gather","Parent Relationship": "Outer","Parallel Aware": false,"Async Capable": false,"Startup Cost": 216528.94,"Total Cost": 343587.90,"Plan Rows": 475120,"Plan Width": 44,"Actual Startup Time": 10893.800,"Actual Total Time": 10897.693,"Actual Rows": 63,"Actual Loops": 1,"Workers Planned": 3,"Workers Launched": 3,"Single Copy": false,"Plans": [{"Node Type": "Hash Join","Parent Relationship": "Outer","Parallel Aware": true,"Async Capable": false,"Join Type": "Inner","Startup Cost": 215528.94,"Total Cost": 295075.90,"Plan Rows": 153265,"Plan Width": 44,"Actual Startup Time": 10134.253,"Actual Total Time": 10314.794,"Actual Rows": 16,"Actual Loops": 4,"Inner Unique": true,"Hash Cond": "(orders.o_custkey = customer.c_custkey)","Workers": [],"Plans": [{"Node Type": "Nested Loop","Parent Relationship": "Outer","Parallel Aware": false,"Async Capable": false,"Join Type": "Inner","Startup Cost": 210537.69,"Total Cost": 289682.32,"Plan Rows": 153265,"Plan Width": 25,"Actual Startup Time": 10099.687,"Actual Total Time": 10280.153,"Actual Rows": 16,"Actual Loops": 4,"Inner Unique": false,"Workers": [],"Plans": [{"Node Type": "Hash Join","Parent Relationship": "Outer","Parallel Aware": false,"Async Capable": false,"Join Type": "Inner","Startup Cost": 210537.26,"Total Cost": 242741.13,"Plan Rows": 38308,"Plan Width": 24,"Actual Startup Time": 10099.575,"Actual Total Time": 10279.892,"Actual Rows": 2,"Actual Loops": 4,"Inner Unique": true,"Hash Cond": "(orders.o_orderkey = lineitem_1.l_orderkey)","Workers": [],"Plans": [{"Node Type": "Seq Scan","Parent Relationship": "Outer","Parallel Aware": true,"Async Capable": false,"Relation Name": "orders","Alias": "orders","Startup Cost": 0.00,"Total Cost": 30933.71,"Plan Rows": 483871,"Plan Width": 20,"Actual Startup Time": 0.011,"Actual Total Time": 51.627,"Actual Rows": 375000,"Actual Loops": 4,"Workers": []},{"Node Type": "Hash","Parent Relationship": "Inner","Parallel Aware": false,"Async Capable": false,"Startup Cost": 209052.81,"Total Cost": 209052.81,"Plan Rows": 118756,"Plan Width": 4,"Actual Startup Time": 10016.825,"Actual Total Time": 10016.839,"Actual Rows": 9,"Actual Loops": 4,"Hash Buckets": 131072,"Original Hash Buckets": 131072,"Hash Batches": 1,"Original Hash Batches": 1,"Peak Memory Usage": 1025,"Workers": [],"Plans": [{"Node Type": "Aggregate","Strategy": "Hashed","Partial Mode": "Simple","Parent Relationship": "Outer","Parallel Aware": false,"Async Capable": false,"Startup Cost": 202521.23,"Total Cost": 207865.25,"Plan Rows": 118756,"Plan Width": 4,"Actual Startup Time": 6319.140,"Actual Total Time": 10016.671,"Actual Rows": 9,"Actual Loops": 4,"Group Key": ["lineitem_1.l_orderkey"],"Filter": "(sum(lineitem_1.l_quantity) > '315'::numeric)","Planned Partitions": 0,"HashAgg Batches": 1,"Peak Memory Usage": 638993,"Disk Usage": 0,"Rows Removed by Filter": 1499991,"Workers": [{"Worker Number": 0,"HashAgg Batches": 1,"Peak Memory Usage": 638993,"Disk Usage": 0},{"Worker Number": 1,"HashAgg Batches": 1,"Peak Memory Usage": 638993,"Disk Usage": 0},{"Worker Number": 2,"HashAgg Batches": 1,"Peak Memory Usage": 638993,"Disk Usage": 0}],"Plans": [{"Node Type": "Seq Scan","Parent Relationship": "Outer","Parallel Aware": false,"Async Capable": false,"Relation Name": "lineitem","Alias": "lineitem_1","Startup Cost": 0.00,"Total Cost": 172515.15,"Plan Rows": 6001215,"Plan Width": 9,"Actual Startup Time": 0.018,"Actual Total Time": 971.843,"Actual Rows": 6001215,"Actual Loops": 4,"Workers": []}]}]}]},{"Node Type": "Index Scan","Parent Relationship": "Inner","Parallel Aware": false,"Async Capable": false,"Scan Direction": "Forward","Index Name": "idx_lineitem_orderkey","Relation Name": "lineitem","Alias": "lineitem","Startup Cost": 0.43,"Total Cost": 1.06,"Plan Rows": 17,"Plan Width": 9,"Actual Startup Time": 0.069,"Actual Total Time": 0.079,"Actual Rows": 7,"Actual Loops": 9,"Index Cond": "(l_orderkey = orders.o_orderkey)","Rows Removed by Index Recheck": 0,"Workers": []}]},{"Node Type": "Hash","Parent Relationship": "Inner","Parallel Aware": true,"Async Capable": false,"Startup Cost": 4210.00,"Total Cost": 4210.00,"Plan Rows": 62500,"Plan Width": 23,"Actual Startup Time": 33.677,"Actual Total Time": 33.684,"Actual Rows": 37500,"Actual Loops": 4,"Hash Buckets": 262144,"Original Hash Buckets": 262144,"Hash Batches": 1,"Original Hash Batches": 1,"Peak Memory Usage": 10368,"Workers": [],"Plans": [{"Node Type": "Seq Scan","Parent Relationship": "Outer","Parallel Aware": true,"Async Capable": false,"Relation Name": "customer","Alias": "customer","Startup Cost": 0.00,"Total Cost": 4210.00,"Plan Rows": 62500,"Plan Width": 23,"Actual Startup Time": 0.019,"Actual Total Time": 16.715,"Actual Rows": 37500,"Actual Loops": 4,"Workers": []}]}]}]}]}]},"Planning Time": 6.132,"Triggers": [],"Execution Time": 11002.531}]
[{"Plan": {"Node Type": "Sort","Parallel Aware": false,"Async Capable": false,"Startup Cost": 397889.21,"Total Cost": 399077.01,"Plan Rows": 475120,"Plan Width": 71,"Actual Startup Time": 10887.509,"Actual Total Time": 10908.132,"Actual Rows": 10,"Actual Loops": 1,"Sort Key": ["orders.o_totalprice DESC", "orders.o_orderdate"],"Sort Method": "quicksort","Sort Space Used": 25,"Sort Space Type": "Memory","Plans": [{"Node Type": "Aggregate","Strategy": "Hashed","Partial Mode": "Simple","Parent Relationship": "Outer","Parallel Aware": false,"Async Capable": false,"Startup Cost": 347151.30,"Total Cost": 353090.30,"Plan Rows": 475120,"Plan Width": 71,"Actual Startup Time": 10848.812,"Actual Total Time": 10907.941,"Actual Rows": 10,"Actual Loops": 1,"Group Key": ["customer.c_custkey", "orders.o_orderkey"],"Planned Partitions": 0,"HashAgg Batches": 1,"Peak Memory Usage": 24601,"Disk Usage": 0,"Plans": [{"Node Type": "Gather","Parent Relationship": "Outer","Parallel Aware": false,"Async Capable": false,"Startup Cost": 216528.94,"Total Cost": 343587.90,"Plan Rows": 475120,"Plan Width": 44,"Actual Startup Time": 10782.037,"Actual Total Time": 10858.151,"Actual Rows": 70,"Actual Loops": 1,"Workers Planned": 3,"Workers Launched": 3,"Single Copy": false,"Plans": [{"Node Type": "Hash Join","Parent Relationship": "Outer","Parallel Aware": true,"Async Capable": false,"Join Type": "Inner","Startup Cost": 215528.94,"Total Cost": 295075.90,"Plan Rows": 153265,"Plan Width": 44,"Actual Startup Time": 10180.765,"Actual Total Time": 10348.312,"Actual Rows": 18,"Actual Loops": 4,"Inner Unique": true,"Hash Cond": "(orders.o_custkey = customer.c_custkey)","Workers": [],"Plans": [{"Node Type": "Nested Loop","Parent Relationship": "Outer","Parallel Aware": false,"Async Capable": false,"Join Type": "Inner","Startup Cost": 210537.69,"Total Cost": 289682.32,"Plan Rows": 153265,"Plan Width": 25,"Actual Startup Time": 10142.809,"Actual Total Time": 10310.270,"Actual Rows": 18,"Actual Loops": 4,"Inner Unique": false,"Workers": [],"Plans": [{"Node Type": "Hash Join","Parent Relationship": "Outer","Parallel Aware": false,"Async Capable": false,"Join Type": "Inner","Startup Cost": 210537.26,"Total Cost": 242741.13,"Plan Rows": 38308,"Plan Width": 24,"Actual Startup Time": 10142.670,"Actual Total Time": 10309.991,"Actual Rows": 2,"Actual Loops": 4,"Inner Unique": true,"Hash Cond": "(orders.o_orderkey = lineitem_1.l_orderkey)","Workers": [],"Plans": [{"Node Type": "Seq Scan","Parent Relationship": "Outer","Parallel Aware": true,"Async Capable": false,"Relation Name": "orders","Alias": "orders","Startup Cost": 0.00,"Total Cost": 30933.71,"Plan Rows": 483871,"Plan Width": 20,"Actual Startup Time": 0.009,"Actual Total Time": 49.040,"Actual Rows": 375000,"Actual Loops": 4,"Workers": []},{"Node Type": "Hash","Parent Relationship": "Inner","Parallel Aware": false,"Async Capable": false,"Startup Cost": 209052.81,"Total Cost": 209052.81,"Plan Rows": 118756,"Plan Width": 4,"Actual Startup Time": 10075.163,"Actual Total Time": 10075.176,"Actual Rows": 10,"Actual Loops": 4,"Hash Buckets": 131072,"Original Hash Buckets": 131072,"Hash Batches": 1,"Original Hash Batches": 1,"Peak Memory Usage": 1025,"Workers": [],"Plans": [{"Node Type": "Aggregate","Strategy": "Hashed","Partial Mode": "Simple","Parent Relationship": "Outer","Parallel Aware": false,"Async Capable": false,"Startup Cost": 202521.23,"Total Cost": 207865.25,"Plan Rows": 118756,"Plan Width": 4,"Actual Startup Time": 6293.151,"Actual Total Time": 10074.968,"Actual Rows": 10,"Actual Loops": 4,"Group Key": ["lineitem_1.l_orderkey"],"Filter": "(sum(lineitem_1.l_quantity) > '312'::numeric)","Planned Partitions": 0,"HashAgg Batches": 1,"Peak Memory Usage": 638993,"Disk Usage": 0,"Rows Removed by Filter": 1499990,"Workers": [{"Worker Number": 0,"HashAgg Batches": 1,"Peak Memory Usage": 638993,"Disk Usage": 0},{"Worker Number": 1,"HashAgg Batches": 1,"Peak Memory Usage": 638993,"Disk Usage": 0},{"Worker Number": 2,"HashAgg Batches": 1,"Peak Memory Usage": 638993,"Disk Usage": 0}],"Plans": [{"Node Type": "Seq Scan","Parent Relationship": "Outer","Parallel Aware": false,"Async Capable": false,"Relation Name": "lineitem","Alias": "lineitem_1","Startup Cost": 0.00,"Total Cost": 172515.15,"Plan Rows": 6001215,"Plan Width": 9,"Actual Startup Time": 0.021,"Actual Total Time": 960.546,"Actual Rows": 6001215,"Actual Loops": 4,"Workers": []}]}]}]},{"Node Type": "Index Scan","Parent Relationship": "Inner","Parallel Aware": false,"Async Capable": false,"Scan Direction": "Forward","Index Name": "idx_lineitem_orderkey","Relation Name": "lineitem","Alias": "lineitem","Startup Cost": 0.43,"Total Cost": 1.06,"Plan Rows": 17,"Plan Width": 9,"Actual Startup Time": 0.072,"Actual Total Time": 0.079,"Actual Rows": 7,"Actual Loops": 10,"Index Cond": "(l_orderkey = orders.o_orderkey)","Rows Removed by Index Recheck": 0,"Workers": []}]},{"Node Type": "Hash","Parent Relationship": "Inner","Parallel Aware": true,"Async Capable": false,"Startup Cost": 4210.00,"Total Cost": 4210.00,"Plan Rows": 62500,"Plan Width": 23,"Actual Startup Time": 37.105,"Actual Total Time": 37.114,"Actual Rows": 37500,"Actual Loops": 4,"Hash Buckets": 262144,"Original Hash Buckets": 262144,"Hash Batches": 1,"Original Hash Batches": 1,"Peak Memory Usage": 10368,"Workers": [],"Plans": [{"Node Type": "Seq Scan","Parent Relationship": "Outer","Parallel Aware": true,"Async Capable": false,"Relation Name": "customer","Alias": "customer","Startup Cost": 0.00,"Total Cost": 4210.00,"Plan Rows": 62500,"Plan Width": 23,"Actual Startup Time": 0.025,"Actual Total Time": 19.726,"Actual Rows": 37500,"Actual Loops": 4,"Workers": []}]}]}]}]}]},"Planning Time": 6.715,"Triggers": [],"Execution Time": 10961.817}]
[{"Plan": {"Node Type": "Sort","Parallel Aware": false,"Async Capable": false,"Startup Cost": 397889.21,"Total Cost": 399077.01,"Plan Rows": 475120,"Plan Width": 71,"Actual Startup Time": 10785.011,"Actual Total Time": 10839.032,"Actual Rows": 9,"Actual Loops": 1,"Sort Key": ["orders.o_totalprice DESC", "orders.o_orderdate"],"Sort Method": "quicksort","Sort Space Used": 25,"Sort Space Type": "Memory","Plans": [{"Node Type": "Aggregate","Strategy": "Hashed","Partial Mode": "Simple","Parent Relationship": "Outer","Parallel Aware": false,"Async Capable": false,"Startup Cost": 347151.30,"Total Cost": 353090.30,"Plan Rows": 475120,"Plan Width": 71,"Actual Startup Time": 10763.855,"Actual Total Time": 10838.848,"Actual Rows": 9,"Actual Loops": 1,"Group Key": ["customer.c_custkey", "orders.o_orderkey"],"Planned Partitions": 0,"HashAgg Batches": 1,"Peak Memory Usage": 24601,"Disk Usage": 0,"Plans": [{"Node Type": "Gather","Parent Relationship": "Outer","Parallel Aware": false,"Async Capable": false,"Startup Cost": 216528.94,"Total Cost": 343587.90,"Plan Rows": 475120,"Plan Width": 44,"Actual Startup Time": 9674.071,"Actual Total Time": 10813.470,"Actual Rows": 63,"Actual Loops": 1,"Workers Planned": 3,"Workers Launched": 3,"Single Copy": false,"Plans": [{"Node Type": "Hash Join","Parent Relationship": "Outer","Parallel Aware": true,"Async Capable": false,"Join Type": "Inner","Startup Cost": 215528.94,"Total Cost": 295075.90,"Plan Rows": 153265,"Plan Width": 44,"Actual Startup Time": 10141.072,"Actual Total Time": 10312.965,"Actual Rows": 16,"Actual Loops": 4,"Inner Unique": true,"Hash Cond": "(orders.o_custkey = customer.c_custkey)","Workers": [],"Plans": [{"Node Type": "Nested Loop","Parent Relationship": "Outer","Parallel Aware": false,"Async Capable": false,"Join Type": "Inner","Startup Cost": 210537.69,"Total Cost": 289682.32,"Plan Rows": 153265,"Plan Width": 25,"Actual Startup Time": 10104.129,"Actual Total Time": 10275.947,"Actual Rows": 16,"Actual Loops": 4,"Inner Unique": false,"Workers": [],"Plans": [{"Node Type": "Hash Join","Parent Relationship": "Outer","Parallel Aware": false,"Async Capable": false,"Join Type": "Inner","Startup Cost": 210537.26,"Total Cost": 242741.13,"Plan Rows": 38308,"Plan Width": 24,"Actual Startup Time": 10104.052,"Actual Total Time": 10275.739,"Actual Rows": 2,"Actual Loops": 4,"Inner Unique": true,"Hash Cond": "(orders.o_orderkey = lineitem_1.l_orderkey)","Workers": [],"Plans": [{"Node Type": "Seq Scan","Parent Relationship": "Outer","Parallel Aware": true,"Async Capable": false,"Relation Name": "orders","Alias": "orders","Startup Cost": 0.00,"Total Cost": 30933.71,"Plan Rows": 483871,"Plan Width": 20,"Actual Startup Time": 0.007,"Actual Total Time": 53.689,"Actual Rows": 375000,"Actual Loops": 4,"Workers": []},{"Node Type": "Hash","Parent Relationship": "Inner","Parallel Aware": false,"Async Capable": false,"Startup Cost": 209052.81,"Total Cost": 209052.81,"Plan Rows": 118756,"Plan Width": 4,"Actual Startup Time": 10025.157,"Actual Total Time": 10025.166,"Actual Rows": 9,"Actual Loops": 4,"Hash Buckets": 131072,"Original Hash Buckets": 131072,"Hash Batches": 1,"Original Hash Batches": 1,"Peak Memory Usage": 1025,"Workers": [],"Plans": [{"Node Type": "Aggregate","Strategy": "Hashed","Partial Mode": "Simple","Parent Relationship": "Outer","Parallel Aware": false,"Async Capable": false,"Startup Cost": 202521.23,"Total Cost": 207865.25,"Plan Rows": 118756,"Plan Width": 4,"Actual Startup Time": 6285.839,"Actual Total Time": 10024.981,"Actual Rows": 9,"Actual Loops": 4,"Group Key": ["lineitem_1.l_orderkey"],"Filter": "(sum(lineitem_1.l_quantity) > '314'::numeric)","Planned Partitions": 0,"HashAgg Batches": 1,"Peak Memory Usage": 638993,"Disk Usage": 0,"Rows Removed by Filter": 1499991,"Workers": [{"Worker Number": 0,"HashAgg Batches": 1,"Peak Memory Usage": 638993,"Disk Usage": 0},{"Worker Number": 1,"HashAgg Batches": 1,"Peak Memory Usage": 638993,"Disk Usage": 0},{"Worker Number": 2,"HashAgg Batches": 1,"Peak Memory Usage": 638993,"Disk Usage": 0}],"Plans": [{"Node Type": "Seq Scan","Parent Relationship": "Outer","Parallel Aware": false,"Async Capable": false,"Relation Name": "lineitem","Alias": "lineitem_1","Startup Cost": 0.00,"Total Cost": 172515.15,"Plan Rows": 6001215,"Plan Width": 9,"Actual Startup Time": 0.019,"Actual Total Time": 931.752,"Actual Rows": 6001215,"Actual Loops": 4,"Workers": []}]}]}]},{"Node Type": "Index Scan","Parent Relationship": "Inner","Parallel Aware": false,"Async Capable": false,"Scan Direction": "Forward","Index Name": "idx_lineitem_orderkey","Relation Name": "lineitem","Alias": "lineitem","Startup Cost": 0.43,"Total Cost": 1.06,"Plan Rows": 17,"Plan Width": 9,"Actual Startup Time": 0.055,"Actual Total Time": 0.062,"Actual Rows": 7,"Actual Loops": 9,"Index Cond": "(l_orderkey = orders.o_orderkey)","Rows Removed by Index Recheck": 0,"Workers": []}]},{"Node Type": "Hash","Parent Relationship": "Inner","Parallel Aware": true,"Async Capable": false,"Startup Cost": 4210.00,"Total Cost": 4210.00,"Plan Rows": 62500,"Plan Width": 23,"Actual Startup Time": 36.172,"Actual Total Time": 36.190,"Actual Rows": 37500,"Actual Loops": 4,"Hash Buckets": 262144,"Original Hash Buckets": 262144,"Hash Batches": 1,"Original Hash Batches": 1,"Peak Memory Usage": 10336,"Workers": [],"Plans": [{"Node Type": "Seq Scan","Parent Relationship": "Outer","Parallel Aware": true,"Async Capable": false,"Relation Name": "customer","Alias": "customer","Startup Cost": 0.00,"Total Cost": 4210.00,"Plan Rows": 62500,"Plan Width": 23,"Actual Startup Time": 0.024,"Actual Total Time": 17.933,"Actual Rows": 37500,"Actual Loops": 4,"Workers": []}]}]}]}]}]},"Planning Time": 6.881,"Triggers": [],"Execution Time": 10893.482}]
[{"Plan": {"Node Type": "Sort","Parallel Aware": false,"Async Capable": false,"Startup Cost": 397889.21,"Total Cost": 399077.01,"Plan Rows": 475120,"Plan Width": 71,"Actual Startup Time": 10887.509,"Actual Total Time": 10908.132,"Actual Rows": 10,"Actual Loops": 1,"Sort Key": ["orders.o_totalprice DESC", "orders.o_orderdate"],"Sort Method": "quicksort","Sort Space Used": 25,"Sort Space Type": "Memory","Plans": [{"Node Type": "Aggregate","Strategy": "Hashed","Partial Mode": "Simple","Parent Relationship": "Outer","Parallel Aware": false,"Async Capable": false,"Startup Cost": 347151.30,"Total Cost": 353090.30,"Plan Rows": 475120,"Plan Width": 71,"Actual Startup Time": 10848.812,"Actual Total Time": 10907.941,"Actual Rows": 10,"Actual Loops": 1,"Group Key": ["customer.c_custkey", "orders.o_orderkey"],"Planned Partitions": 0,"HashAgg Batches": 1,"Peak Memory Usage": 24601,"Disk Usage": 0,"Plans": [{"Node Type": "Gather","Parent Relationship": "Outer","Parallel Aware": false,"Async Capable": false,"Startup Cost": 216528.94,"Total Cost": 343587.90,"Plan Rows": 475120,"Plan Width": 44,"Actual Startup Time": 10782.037,"Actual Total Time": 10858.151,"Actual Rows": 70,"Actual Loops": 1,"Workers Planned": 3,"Workers Launched": 3,"Single Copy": false,"Plans": [{"Node Type": "Hash Join","Parent Relationship": "Outer","Parallel Aware": true,"Async Capable": false,"Join Type": "Inner","Startup Cost": 215528.94,"Total Cost": 295075.90,"Plan Rows": 153265,"Plan Width": 44,"Actual Startup Time": 10180.765,"Actual Total Time": 10348.312,"Actual Rows": 18,"Actual Loops": 4,"Inner Unique": true,"Hash Cond": "(orders.o_custkey = customer.c_custkey)","Workers": [],"Plans": [{"Node Type": "Nested Loop","Parent Relationship": "Outer","Parallel Aware": false,"Async Capable": false,"Join Type": "Inner","Startup Cost": 210537.69,"Total Cost": 289682.32,"Plan Rows": 153265,"Plan Width": 25,"Actual Startup Time": 10142.809,"Actual Total Time": 10310.270,"Actual Rows": 18,"Actual Loops": 4,"Inner Unique": false,"Workers": [],"Plans": [{"Node Type": "Hash Join","Parent Relationship": "Outer","Parallel Aware": false,"Async Capable": false,"Join Type": "Inner","Startup Cost": 210537.26,"Total Cost": 242741.13,"Plan Rows": 38308,"Plan Width": 24,"Actual Startup Time": 10142.670,"Actual Total Time": 10309.991,"Actual Rows": 2,"Actual Loops": 4,"Inner Unique": true,"Hash Cond": "(orders.o_orderkey = lineitem_1.l_orderkey)","Workers": [],"Plans": [{"Node Type": "Seq Scan","Parent Relationship": "Outer","Parallel Aware": true,"Async Capable": false,"Relation Name": "orders","Alias": "orders","Startup Cost": 0.00,"Total Cost": 30933.71,"Plan Rows": 483871,"Plan Width": 20,"Actual Startup Time": 0.009,"Actual Total Time": 49.040,"Actual Rows": 375000,"Actual Loops": 4,"Workers": []},{"Node Type": "Hash","Parent Relationship": "Inner","Parallel Aware": false,"Async Capable": false,"Startup Cost": 209052.81,"Total Cost": 209052.81,"Plan Rows": 118756,"Plan Width": 4,"Actual Startup Time": 10075.163,"Actual Total Time": 10075.176,"Actual Rows": 10,"Actual Loops": 4,"Hash Buckets": 131072,"Original Hash Buckets": 131072,"Hash Batches": 1,"Original Hash Batches": 1,"Peak Memory Usage": 1025,"Workers": [],"Plans": [{"Node Type": "Aggregate","Strategy": "Hashed","Partial Mode": "Simple","Parent Relationship": "Outer","Parallel Aware": false,"Async Capable": false,"Startup Cost": 202521.23,"Total Cost": 207865.25,"Plan Rows": 118756,"Plan Width": 4,"Actual Startup Time": 6293.151,"Actual Total Time": 10074.968,"Actual Rows": 10,"Actual Loops": 4,"Group Key": ["lineitem_1.l_orderkey"],"Filter": "(sum(lineitem_1.l_quantity) > '312'::numeric)","Planned Partitions": 0,"HashAgg Batches": 1,"Peak Memory Usage": 638993,"Disk Usage": 0,"Rows Removed by Filter": 1499990,"Workers": [{"Worker Number": 0,"HashAgg Batches": 1,"Peak Memory Usage": 638993,"Disk Usage": 0},{"Worker Number": 1,"HashAgg Batches": 1,"Peak Memory Usage": 638993,"Disk Usage": 0},{"Worker Number": 2,"HashAgg Batches": 1,"Peak Memory Usage": 638993,"Disk Usage": 0}],"Plans": [{"Node Type": "Seq Scan","Parent Relationship": "Outer","Parallel Aware": false,"Async Capable": false,"Relation Name": "lineitem","Alias": "lineitem_1","Startup Cost": 0.00,"Total Cost": 172515.15,"Plan Rows": 6001215,"Plan Width": 9,"Actual Startup Time": 0.021,"Actual Total Time": 960.546,"Actual Rows": 6001215,"Actual Loops": 4,"Workers": []}]}]}]},{"Node Type": "Index Scan","Parent Relationship": "Inner","Parallel Aware": false,"Async Capable": false,"Scan Direction": "Forward","Index Name": "idx_lineitem_orderkey","Relation Name": "lineitem","Alias": "lineitem","Startup Cost": 0.43,"Total Cost": 1.06,"Plan Rows": 17,"Plan Width": 9,"Actual Startup Time": 0.072,"Actual Total Time": 0.079,"Actual Rows": 7,"Actual Loops": 10,"Index Cond": "(l_orderkey = orders.o_orderkey)","Rows Removed by Index Recheck": 0,"Workers": []}]},{"Node Type": "Hash","Parent Relationship": "Inner","Parallel Aware": true,"Async Capable": false,"Startup Cost": 4210.00,"Total Cost": 4210.00,"Plan Rows": 62500,"Plan Width": 23,"Actual Startup Time": 37.105,"Actual Total Time": 37.114,"Actual Rows": 37500,"Actual Loops": 4,"Hash Buckets": 262144,"Original Hash Buckets": 262144,"Hash Batches": 1,"Original Hash Batches": 1,"Peak Memory Usage": 10368,"Workers": [],"Plans": [{"Node Type": "Seq Scan","Parent Relationship": "Outer","Parallel Aware": true,"Async Capable": false,"Relation Name": "customer","Alias": "customer","Startup Cost": 0.00,"Total Cost": 4210.00,"Plan Rows": 62500,"Plan Width": 23,"Actual Startup Time": 0.025,"Actual Total Time": 19.726,"Actual Rows": 37500,"Actual Loops": 4,"Workers": []}]}]}]}]}]},"Planning Time": 6.715,"Triggers": [],"Execution Time": 10961.817}]
[{"Plan": {"Node Type": "Sort","Parallel Aware": false,"Async Capable": false,"Startup Cost": 397889.21,"Total Cost": 399077.01,"Plan Rows": 475120,"Plan Width": 71,"Actual Startup Time": 10345.847,"Actual Total Time": 10377.998,"Actual Rows": 9,"Actual Loops": 1,"Sort Key": ["orders.o_totalprice DESC", "orders.o_orderdate"],"Sort Method": "quicksort","Sort Space Used": 25,"Sort Space Type": "Memory","Plans": [{"Node Type": "Aggregate","Strategy": "Hashed","Partial Mode": "Simple","Parent Relationship": "Outer","Parallel Aware": false,"Async Capable": false,"Startup Cost": 347151.30,"Total Cost": 353090.30,"Plan Rows": 475120,"Plan Width": 71,"Actual Startup Time": 10329.232,"Actual Total Time": 10377.856,"Actual Rows": 9,"Actual Loops": 1,"Group Key": ["customer.c_custkey", "orders.o_orderkey"],"Planned Partitions": 0,"HashAgg Batches": 1,"Peak Memory Usage": 24601,"Disk Usage": 0,"Plans": [{"Node Type": "Gather","Parent Relationship": "Outer","Parallel Aware": false,"Async Capable": false,"Startup Cost": 216528.94,"Total Cost": 343587.90,"Plan Rows": 475120,"Plan Width": 44,"Actual Startup Time": 10053.961,"Actual Total Time": 10357.615,"Actual Rows": 63,"Actual Loops": 1,"Workers Planned": 3,"Workers Launched": 3,"Single Copy": false,"Plans": [{"Node Type": "Hash Join","Parent Relationship": "Outer","Parallel Aware": true,"Async Capable": false,"Join Type": "Inner","Startup Cost": 215528.94,"Total Cost": 295075.90,"Plan Rows": 153265,"Plan Width": 44,"Actual Startup Time": 10157.696,"Actual Total Time": 10258.651,"Actual Rows": 16,"Actual Loops": 4,"Inner Unique": true,"Hash Cond": "(orders.o_custkey = customer.c_custkey)","Workers": [],"Plans": [{"Node Type": "Nested Loop","Parent Relationship": "Outer","Parallel Aware": false,"Async Capable": false,"Join Type": "Inner","Startup Cost": 210537.69,"Total Cost": 289682.32,"Plan Rows": 153265,"Plan Width": 25,"Actual Startup Time": 10123.332,"Actual Total Time": 10224.239,"Actual Rows": 16,"Actual Loops": 4,"Inner Unique": false,"Workers": [],"Plans": [{"Node Type": "Hash Join","Parent Relationship": "Outer","Parallel Aware": false,"Async Capable": false,"Join Type": "Inner","Startup Cost": 210537.26,"Total Cost": 242741.13,"Plan Rows": 38308,"Plan Width": 24,"Actual Startup Time": 10123.186,"Actual Total Time": 10223.998,"Actual Rows": 2,"Actual Loops": 4,"Inner Unique": true,"Hash Cond": "(orders.o_orderkey = lineitem_1.l_orderkey)","Workers": [],"Plans": [{"Node Type": "Seq Scan","Parent Relationship": "Outer","Parallel Aware": true,"Async Capable": false,"Relation Name": "orders","Alias": "orders","Startup Cost": 0.00,"Total Cost": 30933.71,"Plan Rows": 483871,"Plan Width": 20,"Actual Startup Time": 0.011,"Actual Total Time": 49.852,"Actual Rows": 375000,"Actual Loops": 4,"Workers": []},{"Node Type": "Hash","Parent Relationship": "Inner","Parallel Aware": false,"Async Capable": false,"Startup Cost": 209052.81,"Total Cost": 209052.81,"Plan Rows": 118756,"Plan Width": 4,"Actual Startup Time": 10005.666,"Actual Total Time": 10005.673,"Actual Rows": 9,"Actual Loops": 4,"Hash Buckets": 131072,"Original Hash Buckets": 131072,"Hash Batches": 1,"Original Hash Batches": 1,"Peak Memory Usage": 1025,"Workers": [],"Plans": [{"Node Type": "Aggregate","Strategy": "Hashed","Partial Mode": "Simple","Parent Relationship": "Outer","Parallel Aware": false,"Async Capable": false,"Startup Cost": 202521.23,"Total Cost": 207865.25,"Plan Rows": 118756,"Plan Width": 4,"Actual Startup Time": 6310.010,"Actual Total Time": 10005.543,"Actual Rows": 9,"Actual Loops": 4,"Group Key": ["lineitem_1.l_orderkey"],"Filter": "(sum(lineitem_1.l_quantity) > '313'::numeric)","Planned Partitions": 0,"HashAgg Batches": 1,"Peak Memory Usage": 638993,"Disk Usage": 0,"Rows Removed by Filter": 1499991,"Workers": [{"Worker Number": 0,"HashAgg Batches": 1,"Peak Memory Usage": 638993,"Disk Usage": 0},{"Worker Number": 1,"HashAgg Batches": 1,"Peak Memory Usage": 638993,"Disk Usage": 0},{"Worker Number": 2,"HashAgg Batches": 1,"Peak Memory Usage": 638993,"Disk Usage": 0}],"Plans": [{"Node Type": "Seq Scan","Parent Relationship": "Outer","Parallel Aware": false,"Async Capable": false,"Relation Name": "lineitem","Alias": "lineitem_1","Startup Cost": 0.00,"Total Cost": 172515.15,"Plan Rows": 6001215,"Plan Width": 9,"Actual Startup Time": 0.020,"Actual Total Time": 994.479,"Actual Rows": 6001215,"Actual Loops": 4,"Workers": []}]}]}]},{"Node Type": "Index Scan","Parent Relationship": "Inner","Parallel Aware": false,"Async Capable": false,"Scan Direction": "Forward","Index Name": "idx_lineitem_orderkey","Relation Name": "lineitem","Alias": "lineitem","Startup Cost": 0.43,"Total Cost": 1.06,"Plan Rows": 17,"Plan Width": 9,"Actual Startup Time": 0.068,"Actual Total Time": 0.075,"Actual Rows": 7,"Actual Loops": 9,"Index Cond": "(l_orderkey = orders.o_orderkey)","Rows Removed by Index Recheck": 0,"Workers": []}]},{"Node Type": "Hash","Parent Relationship": "Inner","Parallel Aware": true,"Async Capable": false,"Startup Cost": 4210.00,"Total Cost": 4210.00,"Plan Rows": 62500,"Plan Width": 23,"Actual Startup Time": 33.578,"Actual Total Time": 33.582,"Actual Rows": 37500,"Actual Loops": 4,"Hash Buckets": 262144,"Original Hash Buckets": 262144,"Hash Batches": 1,"Original Hash Batches": 1,"Peak Memory Usage": 10336,"Workers": [],"Plans": [{"Node Type": "Seq Scan","Parent Relationship": "Outer","Parallel Aware": true,"Async Capable": false,"Relation Name": "customer","Alias": "customer","Startup Cost": 0.00,"Total Cost": 4210.00,"Plan Rows": 62500,"Plan Width": 23,"Actual Startup Time": 0.023,"Actual Total Time": 16.777,"Actual Rows": 37500,"Actual Loops": 4,"Workers": []}]}]}]}]}]},"Planning Time": 6.662,"Triggers": [],"Execution Time": 10430.266}]
[{"Plan": {"Node Type": "Sort","Parallel Aware": false,"Async Capable": false,"Startup Cost": 397889.21,"Total Cost": 399077.01,"Plan Rows": 475120,"Plan Width": 71,"Actual Startup Time": 10887.509,"Actual Total Time": 10908.132,"Actual Rows": 10,"Actual Loops": 1,"Sort Key": ["orders.o_totalprice DESC", "orders.o_orderdate"],"Sort Method": "quicksort","Sort Space Used": 25,"Sort Space Type": "Memory","Plans": [{"Node Type": "Aggregate","Strategy": "Hashed","Partial Mode": "Simple","Parent Relationship": "Outer","Parallel Aware": false,"Async Capable": false,"Startup Cost": 347151.30,"Total Cost": 353090.30,"Plan Rows": 475120,"Plan Width": 71,"Actual Startup Time": 10848.812,"Actual Total Time": 10907.941,"Actual Rows": 10,"Actual Loops": 1,"Group Key": ["customer.c_custkey", "orders.o_orderkey"],"Planned Partitions": 0,"HashAgg Batches": 1,"Peak Memory Usage": 24601,"Disk Usage": 0,"Plans": [{"Node Type": "Gather","Parent Relationship": "Outer","Parallel Aware": false,"Async Capable": false,"Startup Cost": 216528.94,"Total Cost": 343587.90,"Plan Rows": 475120,"Plan Width": 44,"Actual Startup Time": 10782.037,"Actual Total Time": 10858.151,"Actual Rows": 70,"Actual Loops": 1,"Workers Planned": 3,"Workers Launched": 3,"Single Copy": false,"Plans": [{"Node Type": "Hash Join","Parent Relationship": "Outer","Parallel Aware": true,"Async Capable": false,"Join Type": "Inner","Startup Cost": 215528.94,"Total Cost": 295075.90,"Plan Rows": 153265,"Plan Width": 44,"Actual Startup Time": 10180.765,"Actual Total Time": 10348.312,"Actual Rows": 18,"Actual Loops": 4,"Inner Unique": true,"Hash Cond": "(orders.o_custkey = customer.c_custkey)","Workers": [],"Plans": [{"Node Type": "Nested Loop","Parent Relationship": "Outer","Parallel Aware": false,"Async Capable": false,"Join Type": "Inner","Startup Cost": 210537.69,"Total Cost": 289682.32,"Plan Rows": 153265,"Plan Width": 25,"Actual Startup Time": 10142.809,"Actual Total Time": 10310.270,"Actual Rows": 18,"Actual Loops": 4,"Inner Unique": false,"Workers": [],"Plans": [{"Node Type": "Hash Join","Parent Relationship": "Outer","Parallel Aware": false,"Async Capable": false,"Join Type": "Inner","Startup Cost": 210537.26,"Total Cost": 242741.13,"Plan Rows": 38308,"Plan Width": 24,"Actual Startup Time": 10142.670,"Actual Total Time": 10309.991,"Actual Rows": 2,"Actual Loops": 4,"Inner Unique": true,"Hash Cond": "(orders.o_orderkey = lineitem_1.l_orderkey)","Workers": [],"Plans": [{"Node Type": "Seq Scan","Parent Relationship": "Outer","Parallel Aware": true,"Async Capable": false,"Relation Name": "orders","Alias": "orders","Startup Cost": 0.00,"Total Cost": 30933.71,"Plan Rows": 483871,"Plan Width": 20,"Actual Startup Time": 0.009,"Actual Total Time": 49.040,"Actual Rows": 375000,"Actual Loops": 4,"Workers": []},{"Node Type": "Hash","Parent Relationship": "Inner","Parallel Aware": false,"Async Capable": false,"Startup Cost": 209052.81,"Total Cost": 209052.81,"Plan Rows": 118756,"Plan Width": 4,"Actual Startup Time": 10075.163,"Actual Total Time": 10075.176,"Actual Rows": 10,"Actual Loops": 4,"Hash Buckets": 131072,"Original Hash Buckets": 131072,"Hash Batches": 1,"Original Hash Batches": 1,"Peak Memory Usage": 1025,"Workers": [],"Plans": [{"Node Type": "Aggregate","Strategy": "Hashed","Partial Mode": "Simple","Parent Relationship": "Outer","Parallel Aware": false,"Async Capable": false,"Startup Cost": 202521.23,"Total Cost": 207865.25,"Plan Rows": 118756,"Plan Width": 4,"Actual Startup Time": 6293.151,"Actual Total Time": 10074.968,"Actual Rows": 10,"Actual Loops": 4,"Group Key": ["lineitem_1.l_orderkey"],"Filter": "(sum(lineitem_1.l_quantity) > '312'::numeric)","Planned Partitions": 0,"HashAgg Batches": 1,"Peak Memory Usage": 638993,"Disk Usage": 0,"Rows Removed by Filter": 1499990,"Workers": [{"Worker Number": 0,"HashAgg Batches": 1,"Peak Memory Usage": 638993,"Disk Usage": 0},{"Worker Number": 1,"HashAgg Batches": 1,"Peak Memory Usage": 638993,"Disk Usage": 0},{"Worker Number": 2,"HashAgg Batches": 1,"Peak Memory Usage": 638993,"Disk Usage": 0}],"Plans": [{"Node Type": "Seq Scan","Parent Relationship": "Outer","Parallel Aware": false,"Async Capable": false,"Relation Name": "lineitem","Alias": "lineitem_1","Startup Cost": 0.00,"Total Cost": 172515.15,"Plan Rows": 6001215,"Plan Width": 9,"Actual Startup Time": 0.021,"Actual Total Time": 960.546,"Actual Rows": 6001215,"Actual Loops": 4,"Workers": []}]}]}]},{"Node Type": "Index Scan","Parent Relationship": "Inner","Parallel Aware": false,"Async Capable": false,"Scan Direction": "Forward","Index Name": "idx_lineitem_orderkey","Relation Name": "lineitem","Alias": "lineitem","Startup Cost": 0.43,"Total Cost": 1.06,"Plan Rows": 17,"Plan Width": 9,"Actual Startup Time": 0.072,"Actual Total Time": 0.079,"Actual Rows": 7,"Actual Loops": 10,"Index Cond": "(l_orderkey = orders.o_orderkey)","Rows Removed by Index Recheck": 0,"Workers": []}]},{"Node Type": "Hash","Parent Relationship": "Inner","Parallel Aware": true,"Async Capable": false,"Startup Cost": 4210.00,"Total Cost": 4210.00,"Plan Rows": 62500,"Plan Width": 23,"Actual Startup Time": 37.105,"Actual Total Time": 37.114,"Actual Rows": 37500,"Actual Loops": 4,"Hash Buckets": 262144,"Original Hash Buckets": 262144,"Hash Batches": 1,"Original Hash Batches": 1,"Peak Memory Usage": 10368,"Workers": [],"Plans": [{"Node Type": "Seq Scan","Parent Relationship": "Outer","Parallel Aware": true,"Async Capable": false,"Relation Name": "customer","Alias": "customer","Startup Cost": 0.00,"Total Cost": 4210.00,"Plan Rows": 62500,"Plan Width": 23,"Actual Startup Time": 0.025,"Actual Total Time": 19.726,"Actual Rows": 37500,"Actual Loops": 4,"Workers": []}]}]}]}]}]},"Planning Time": 6.715,"Triggers": [],"Execution Time": 10961.817}]
[{"Plan": {"Node Type": "Sort","Parallel Aware": false,"Async Capable": false,"Startup Cost": 397889.21,"Total Cost": 399077.01,"Plan Rows": 475120,"Plan Width": 71,"Actual Startup Time": 10887.509,"Actual Total Time": 10908.132,"Actual Rows": 10,"Actual Loops": 1,"Sort Key": ["orders.o_totalprice DESC", "orders.o_orderdate"],"Sort Method": "quicksort","Sort Space Used": 25,"Sort Space Type": "Memory","Plans": [{"Node Type": "Aggregate","Strategy": "Hashed","Partial Mode": "Simple","Parent Relationship": "Outer","Parallel Aware": false,"Async Capable": false,"Startup Cost": 347151.30,"Total Cost": 353090.30,"Plan Rows": 475120,"Plan Width": 71,"Actual Startup Time": 10848.812,"Actual Total Time": 10907.941,"Actual Rows": 10,"Actual Loops": 1,"Group Key": ["customer.c_custkey", "orders.o_orderkey"],"Planned Partitions": 0,"HashAgg Batches": 1,"Peak Memory Usage": 24601,"Disk Usage": 0,"Plans": [{"Node Type": "Gather","Parent Relationship": "Outer","Parallel Aware": false,"Async Capable": false,"Startup Cost": 216528.94,"Total Cost": 343587.90,"Plan Rows": 475120,"Plan Width": 44,"Actual Startup Time": 10782.037,"Actual Total Time": 10858.151,"Actual Rows": 70,"Actual Loops": 1,"Workers Planned": 3,"Workers Launched": 3,"Single Copy": false,"Plans": [{"Node Type": "Hash Join","Parent Relationship": "Outer","Parallel Aware": true,"Async Capable": false,"Join Type": "Inner","Startup Cost": 215528.94,"Total Cost": 295075.90,"Plan Rows": 153265,"Plan Width": 44,"Actual Startup Time": 10180.765,"Actual Total Time": 10348.312,"Actual Rows": 18,"Actual Loops": 4,"Inner Unique": true,"Hash Cond": "(orders.o_custkey = customer.c_custkey)","Workers": [],"Plans": [{"Node Type": "Nested Loop","Parent Relationship": "Outer","Parallel Aware": false,"Async Capable": false,"Join Type": "Inner","Startup Cost": 210537.69,"Total Cost": 289682.32,"Plan Rows": 153265,"Plan Width": 25,"Actual Startup Time": 10142.809,"Actual Total Time": 10310.270,"Actual Rows": 18,"Actual Loops": 4,"Inner Unique": false,"Workers": [],"Plans": [{"Node Type": "Hash Join","Parent Relationship": "Outer","Parallel Aware": false,"Async Capable": false,"Join Type": "Inner","Startup Cost": 210537.26,"Total Cost": 242741.13,"Plan Rows": 38308,"Plan Width": 24,"Actual Startup Time": 10142.670,"Actual Total Time": 10309.991,"Actual Rows": 2,"Actual Loops": 4,"Inner Unique": true,"Hash Cond": "(orders.o_orderkey = lineitem_1.l_orderkey)","Workers": [],"Plans": [{"Node Type": "Seq Scan","Parent Relationship": "Outer","Parallel Aware": true,"Async Capable": false,"Relation Name": "orders","Alias": "orders","Startup Cost": 0.00,"Total Cost": 30933.71,"Plan Rows": 483871,"Plan Width": 20,"Actual Startup Time": 0.009,"Actual Total Time": 49.040,"Actual Rows": 375000,"Actual Loops": 4,"Workers": []},{"Node Type": "Hash","Parent Relationship": "Inner","Parallel Aware": false,"Async Capable": false,"Startup Cost": 209052.81,"Total Cost": 209052.81,"Plan Rows": 118756,"Plan Width": 4,"Actual Startup Time": 10075.163,"Actual Total Time": 10075.176,"Actual Rows": 10,"Actual Loops": 4,"Hash Buckets": 131072,"Original Hash Buckets": 131072,"Hash Batches": 1,"Original Hash Batches": 1,"Peak Memory Usage": 1025,"Workers": [],"Plans": [{"Node Type": "Aggregate","Strategy": "Hashed","Partial Mode": "Simple","Parent Relationship": "Outer","Parallel Aware": false,"Async Capable": false,"Startup Cost": 202521.23,"Total Cost": 207865.25,"Plan Rows": 118756,"Plan Width": 4,"Actual Startup Time": 6293.151,"Actual Total Time": 10074.968,"Actual Rows": 10,"Actual Loops": 4,"Group Key": ["lineitem_1.l_orderkey"],"Filter": "(sum(lineitem_1.l_quantity) > '312'::numeric)","Planned Partitions": 0,"HashAgg Batches": 1,"Peak Memory Usage": 638993,"Disk Usage": 0,"Rows Removed by Filter": 1499990,"Workers": [{"Worker Number": 0,"HashAgg Batches": 1,"Peak Memory Usage": 638993,"Disk Usage": 0},{"Worker Number": 1,"HashAgg Batches": 1,"Peak Memory Usage": 638993,"Disk Usage": 0},{"Worker Number": 2,"HashAgg Batches": 1,"Peak Memory Usage": 638993,"Disk Usage": 0}],"Plans": [{"Node Type": "Seq Scan","Parent Relationship": "Outer","Parallel Aware": false,"Async Capable": false,"Relation Name": "lineitem","Alias": "lineitem_1","Startup Cost": 0.00,"Total Cost": 172515.15,"Plan Rows": 6001215,"Plan Width": 9,"Actual Startup Time": 0.021,"Actual Total Time": 960.546,"Actual Rows": 6001215,"Actual Loops": 4,"Workers": []}]}]}]},{"Node Type": "Index Scan","Parent Relationship": "Inner","Parallel Aware": false,"Async Capable": false,"Scan Direction": "Forward","Index Name": "idx_lineitem_orderkey","Relation Name": "lineitem","Alias": "lineitem","Startup Cost": 0.43,"Total Cost": 1.06,"Plan Rows": 17,"Plan Width": 9,"Actual Startup Time": 0.072,"Actual Total Time": 0.079,"Actual Rows": 7,"Actual Loops": 10,"Index Cond": "(l_orderkey = orders.o_orderkey)","Rows Removed by Index Recheck": 0,"Workers": []}]},{"Node Type": "Hash","Parent Relationship": "Inner","Parallel Aware": true,"Async Capable": false,"Startup Cost": 4210.00,"Total Cost": 4210.00,"Plan Rows": 62500,"Plan Width": 23,"Actual Startup Time": 37.105,"Actual Total Time": 37.114,"Actual Rows": 37500,"Actual Loops": 4,"Hash Buckets": 262144,"Original Hash Buckets": 262144,"Hash Batches": 1,"Original Hash Batches": 1,"Peak Memory Usage": 10368,"Workers": [],"Plans": [{"Node Type": "Seq Scan","Parent Relationship": "Outer","Parallel Aware": true,"Async Capable": false,"Relation Name": "customer","Alias": "customer","Startup Cost": 0.00,"Total Cost": 4210.00,"Plan Rows": 62500,"Plan Width": 23,"Actual Startup Time": 0.025,"Actual Total Time": 19.726,"Actual Rows": 37500,"Actual Loops": 4,"Workers": []}]}]}]}]}]},"Planning Time": 6.715,"Triggers": [],"Execution Time": 10961.817}]
[{"Plan": {"Node Type": "Sort","Parallel Aware": false,"Async Capable": false,"Startup Cost": 397889.21,"Total Cost": 399077.01,"Plan Rows": 475120,"Plan Width": 71,"Actual Startup Time": 10345.847,"Actual Total Time": 10377.998,"Actual Rows": 9,"Actual Loops": 1,"Sort Key": ["orders.o_totalprice DESC", "orders.o_orderdate"],"Sort Method": "quicksort","Sort Space Used": 25,"Sort Space Type": "Memory","Plans": [{"Node Type": "Aggregate","Strategy": "Hashed","Partial Mode": "Simple","Parent Relationship": "Outer","Parallel Aware": false,"Async Capable": false,"Startup Cost": 347151.30,"Total Cost": 353090.30,"Plan Rows": 475120,"Plan Width": 71,"Actual Startup Time": 10329.232,"Actual Total Time": 10377.856,"Actual Rows": 9,"Actual Loops": 1,"Group Key": ["customer.c_custkey", "orders.o_orderkey"],"Planned Partitions": 0,"HashAgg Batches": 1,"Peak Memory Usage": 24601,"Disk Usage": 0,"Plans": [{"Node Type": "Gather","Parent Relationship": "Outer","Parallel Aware": false,"Async Capable": false,"Startup Cost": 216528.94,"Total Cost": 343587.90,"Plan Rows": 475120,"Plan Width": 44,"Actual Startup Time": 10053.961,"Actual Total Time": 10357.615,"Actual Rows": 63,"Actual Loops": 1,"Workers Planned": 3,"Workers Launched": 3,"Single Copy": false,"Plans": [{"Node Type": "Hash Join","Parent Relationship": "Outer","Parallel Aware": true,"Async Capable": false,"Join Type": "Inner","Startup Cost": 215528.94,"Total Cost": 295075.90,"Plan Rows": 153265,"Plan Width": 44,"Actual Startup Time": 10157.696,"Actual Total Time": 10258.651,"Actual Rows": 16,"Actual Loops": 4,"Inner Unique": true,"Hash Cond": "(orders.o_custkey = customer.c_custkey)","Workers": [],"Plans": [{"Node Type": "Nested Loop","Parent Relationship": "Outer","Parallel Aware": false,"Async Capable": false,"Join Type": "Inner","Startup Cost": 210537.69,"Total Cost": 289682.32,"Plan Rows": 153265,"Plan Width": 25,"Actual Startup Time": 10123.332,"Actual Total Time": 10224.239,"Actual Rows": 16,"Actual Loops": 4,"Inner Unique": false,"Workers": [],"Plans": [{"Node Type": "Hash Join","Parent Relationship": "Outer","Parallel Aware": false,"Async Capable": false,"Join Type": "Inner","Startup Cost": 210537.26,"Total Cost": 242741.13,"Plan Rows": 38308,"Plan Width": 24,"Actual Startup Time": 10123.186,"Actual Total Time": 10223.998,"Actual Rows": 2,"Actual Loops": 4,"Inner Unique": true,"Hash Cond": "(orders.o_orderkey = lineitem_1.l_orderkey)","Workers": [],"Plans": [{"Node Type": "Seq Scan","Parent Relationship": "Outer","Parallel Aware": true,"Async Capable": false,"Relation Name": "orders","Alias": "orders","Startup Cost": 0.00,"Total Cost": 30933.71,"Plan Rows": 483871,"Plan Width": 20,"Actual Startup Time": 0.011,"Actual Total Time": 49.852,"Actual Rows": 375000,"Actual Loops": 4,"Workers": []},{"Node Type": "Hash","Parent Relationship": "Inner","Parallel Aware": false,"Async Capable": false,"Startup Cost": 209052.81,"Total Cost": 209052.81,"Plan Rows": 118756,"Plan Width": 4,"Actual Startup Time": 10005.666,"Actual Total Time": 10005.673,"Actual Rows": 9,"Actual Loops": 4,"Hash Buckets": 131072,"Original Hash Buckets": 131072,"Hash Batches": 1,"Original Hash Batches": 1,"Peak Memory Usage": 1025,"Workers": [],"Plans": [{"Node Type": "Aggregate","Strategy": "Hashed","Partial Mode": "Simple","Parent Relationship": "Outer","Parallel Aware": false,"Async Capable": false,"Startup Cost": 202521.23,"Total Cost": 207865.25,"Plan Rows": 118756,"Plan Width": 4,"Actual Startup Time": 6310.010,"Actual Total Time": 10005.543,"Actual Rows": 9,"Actual Loops": 4,"Group Key": ["lineitem_1.l_orderkey"],"Filter": "(sum(lineitem_1.l_quantity) > '313'::numeric)","Planned Partitions": 0,"HashAgg Batches": 1,"Peak Memory Usage": 638993,"Disk Usage": 0,"Rows Removed by Filter": 1499991,"Workers": [{"Worker Number": 0,"HashAgg Batches": 1,"Peak Memory Usage": 638993,"Disk Usage": 0},{"Worker Number": 1,"HashAgg Batches": 1,"Peak Memory Usage": 638993,"Disk Usage": 0},{"Worker Number": 2,"HashAgg Batches": 1,"Peak Memory Usage": 638993,"Disk Usage": 0}],"Plans": [{"Node Type": "Seq Scan","Parent Relationship": "Outer","Parallel Aware": false,"Async Capable": false,"Relation Name": "lineitem","Alias": "lineitem_1","Startup Cost": 0.00,"Total Cost": 172515.15,"Plan Rows": 6001215,"Plan Width": 9,"Actual Startup Time": 0.020,"Actual Total Time": 994.479,"Actual Rows": 6001215,"Actual Loops": 4,"Workers": []}]}]}]},{"Node Type": "Index Scan","Parent Relationship": "Inner","Parallel Aware": false,"Async Capable": false,"Scan Direction": "Forward","Index Name": "idx_lineitem_orderkey","Relation Name": "lineitem","Alias": "lineitem","Startup Cost": 0.43,"Total Cost": 1.06,"Plan Rows": 17,"Plan Width": 9,"Actual Startup Time": 0.068,"Actual Total Time": 0.075,"Actual Rows": 7,"Actual Loops": 9,"Index Cond": "(l_orderkey = orders.o_orderkey)","Rows Removed by Index Recheck": 0,"Workers": []}]},{"Node Type": "Hash","Parent Relationship": "Inner","Parallel Aware": true,"Async Capable": false,"Startup Cost": 4210.00,"Total Cost": 4210.00,"Plan Rows": 62500,"Plan Width": 23,"Actual Startup Time": 33.578,"Actual Total Time": 33.582,"Actual Rows": 37500,"Actual Loops": 4,"Hash Buckets": 262144,"Original Hash Buckets": 262144,"Hash Batches": 1,"Original Hash Batches": 1,"Peak Memory Usage": 10336,"Workers": [],"Plans": [{"Node Type": "Seq Scan","Parent Relationship": "Outer","Parallel Aware": true,"Async Capable": false,"Relation Name": "customer","Alias": "customer","Startup Cost": 0.00,"Total Cost": 4210.00,"Plan Rows": 62500,"Plan Width": 23,"Actual Startup Time": 0.023,"Actual Total Time": 16.777,"Actual Rows": 37500,"Actual Loops": 4,"Workers": []}]}]}]}]}]},"Planning Time": 6.662,"Triggers": [],"Execution Time": 10430.266}]
[{"Plan": {"Node Type": "Sort","Parallel Aware": false,"Async Capable": false,"Startup Cost": 397889.21,"Total Cost": 399077.01,"Plan Rows": 475120,"Plan Width": 71,"Actual Startup Time": 10785.011,"Actual Total Time": 10839.032,"Actual Rows": 9,"Actual Loops": 1,"Sort Key": ["orders.o_totalprice DESC", "orders.o_orderdate"],"Sort Method": "quicksort","Sort Space Used": 25,"Sort Space Type": "Memory","Plans": [{"Node Type": "Aggregate","Strategy": "Hashed","Partial Mode": "Simple","Parent Relationship": "Outer","Parallel Aware": false,"Async Capable": false,"Startup Cost": 347151.30,"Total Cost": 353090.30,"Plan Rows": 475120,"Plan Width": 71,"Actual Startup Time": 10763.855,"Actual Total Time": 10838.848,"Actual Rows": 9,"Actual Loops": 1,"Group Key": ["customer.c_custkey", "orders.o_orderkey"],"Planned Partitions": 0,"HashAgg Batches": 1,"Peak Memory Usage": 24601,"Disk Usage": 0,"Plans": [{"Node Type": "Gather","Parent Relationship": "Outer","Parallel Aware": false,"Async Capable": false,"Startup Cost": 216528.94,"Total Cost": 343587.90,"Plan Rows": 475120,"Plan Width": 44,"Actual Startup Time": 9674.071,"Actual Total Time": 10813.470,"Actual Rows": 63,"Actual Loops": 1,"Workers Planned": 3,"Workers Launched": 3,"Single Copy": false,"Plans": [{"Node Type": "Hash Join","Parent Relationship": "Outer","Parallel Aware": true,"Async Capable": false,"Join Type": "Inner","Startup Cost": 215528.94,"Total Cost": 295075.90,"Plan Rows": 153265,"Plan Width": 44,"Actual Startup Time": 10141.072,"Actual Total Time": 10312.965,"Actual Rows": 16,"Actual Loops": 4,"Inner Unique": true,"Hash Cond": "(orders.o_custkey = customer.c_custkey)","Workers": [],"Plans": [{"Node Type": "Nested Loop","Parent Relationship": "Outer","Parallel Aware": false,"Async Capable": false,"Join Type": "Inner","Startup Cost": 210537.69,"Total Cost": 289682.32,"Plan Rows": 153265,"Plan Width": 25,"Actual Startup Time": 10104.129,"Actual Total Time": 10275.947,"Actual Rows": 16,"Actual Loops": 4,"Inner Unique": false,"Workers": [],"Plans": [{"Node Type": "Hash Join","Parent Relationship": "Outer","Parallel Aware": false,"Async Capable": false,"Join Type": "Inner","Startup Cost": 210537.26,"Total Cost": 242741.13,"Plan Rows": 38308,"Plan Width": 24,"Actual Startup Time": 10104.052,"Actual Total Time": 10275.739,"Actual Rows": 2,"Actual Loops": 4,"Inner Unique": true,"Hash Cond": "(orders.o_orderkey = lineitem_1.l_orderkey)","Workers": [],"Plans": [{"Node Type": "Seq Scan","Parent Relationship": "Outer","Parallel Aware": true,"Async Capable": false,"Relation Name": "orders","Alias": "orders","Startup Cost": 0.00,"Total Cost": 30933.71,"Plan Rows": 483871,"Plan Width": 20,"Actual Startup Time": 0.007,"Actual Total Time": 53.689,"Actual Rows": 375000,"Actual Loops": 4,"Workers": []},{"Node Type": "Hash","Parent Relationship": "Inner","Parallel Aware": false,"Async Capable": false,"Startup Cost": 209052.81,"Total Cost": 209052.81,"Plan Rows": 118756,"Plan Width": 4,"Actual Startup Time": 10025.157,"Actual Total Time": 10025.166,"Actual Rows": 9,"Actual Loops": 4,"Hash Buckets": 131072,"Original Hash Buckets": 131072,"Hash Batches": 1,"Original Hash Batches": 1,"Peak Memory Usage": 1025,"Workers": [],"Plans": [{"Node Type": "Aggregate","Strategy": "Hashed","Partial Mode": "Simple","Parent Relationship": "Outer","Parallel Aware": false,"Async Capable": false,"Startup Cost": 202521.23,"Total Cost": 207865.25,"Plan Rows": 118756,"Plan Width": 4,"Actual Startup Time": 6285.839,"Actual Total Time": 10024.981,"Actual Rows": 9,"Actual Loops": 4,"Group Key": ["lineitem_1.l_orderkey"],"Filter": "(sum(lineitem_1.l_quantity) > '314'::numeric)","Planned Partitions": 0,"HashAgg Batches": 1,"Peak Memory Usage": 638993,"Disk Usage": 0,"Rows Removed by Filter": 1499991,"Workers": [{"Worker Number": 0,"HashAgg Batches": 1,"Peak Memory Usage": 638993,"Disk Usage": 0},{"Worker Number": 1,"HashAgg Batches": 1,"Peak Memory Usage": 638993,"Disk Usage": 0},{"Worker Number": 2,"HashAgg Batches": 1,"Peak Memory Usage": 638993,"Disk Usage": 0}],"Plans": [{"Node Type": "Seq Scan","Parent Relationship": "Outer","Parallel Aware": false,"Async Capable": false,"Relation Name": "lineitem","Alias": "lineitem_1","Startup Cost": 0.00,"Total Cost": 172515.15,"Plan Rows": 6001215,"Plan Width": 9,"Actual Startup Time": 0.019,"Actual Total Time": 931.752,"Actual Rows": 6001215,"Actual Loops": 4,"Workers": []}]}]}]},{"Node Type": "Index Scan","Parent Relationship": "Inner","Parallel Aware": false,"Async Capable": false,"Scan Direction": "Forward","Index Name": "idx_lineitem_orderkey","Relation Name": "lineitem","Alias": "lineitem","Startup Cost": 0.43,"Total Cost": 1.06,"Plan Rows": 17,"Plan Width": 9,"Actual Startup Time": 0.055,"Actual Total Time": 0.062,"Actual Rows": 7,"Actual Loops": 9,"Index Cond": "(l_orderkey = orders.o_orderkey)","Rows Removed by Index Recheck": 0,"Workers": []}]},{"Node Type": "Hash","Parent Relationship": "Inner","Parallel Aware": true,"Async Capable": false,"Startup Cost": 4210.00,"Total Cost": 4210.00,"Plan Rows": 62500,"Plan Width": 23,"Actual Startup Time": 36.172,"Actual Total Time": 36.190,"Actual Rows": 37500,"Actual Loops": 4,"Hash Buckets": 262144,"Original Hash Buckets": 262144,"Hash Batches": 1,"Original Hash Batches": 1,"Peak Memory Usage": 10336,"Workers": [],"Plans": [{"Node Type": "Seq Scan","Parent Relationship": "Outer","Parallel Aware": true,"Async Capable": false,"Relation Name": "customer","Alias": "customer","Startup Cost": 0.00,"Total Cost": 4210.00,"Plan Rows": 62500,"Plan Width": 23,"Actual Startup Time": 0.024,"Actual Total Time": 17.933,"Actual Rows": 37500,"Actual Loops": 4,"Workers": []}]}]}]}]}]},"Planning Time": 6.881,"Triggers": [],"Execution Time": 10893.482}]
[{"Plan": {"Node Type": "Sort","Parallel Aware": false,"Async Capable": false,"Startup Cost": 397889.21,"Total Cost": 399077.01,"Plan Rows": 475120,"Plan Width": 71,"Actual Startup Time": 10785.011,"Actual Total Time": 10839.032,"Actual Rows": 9,"Actual Loops": 1,"Sort Key": ["orders.o_totalprice DESC", "orders.o_orderdate"],"Sort Method": "quicksort","Sort Space Used": 25,"Sort Space Type": "Memory","Plans": [{"Node Type": "Aggregate","Strategy": "Hashed","Partial Mode": "Simple","Parent Relationship": "Outer","Parallel Aware": false,"Async Capable": false,"Startup Cost": 347151.30,"Total Cost": 353090.30,"Plan Rows": 475120,"Plan Width": 71,"Actual Startup Time": 10763.855,"Actual Total Time": 10838.848,"Actual Rows": 9,"Actual Loops": 1,"Group Key": ["customer.c_custkey", "orders.o_orderkey"],"Planned Partitions": 0,"HashAgg Batches": 1,"Peak Memory Usage": 24601,"Disk Usage": 0,"Plans": [{"Node Type": "Gather","Parent Relationship": "Outer","Parallel Aware": false,"Async Capable": false,"Startup Cost": 216528.94,"Total Cost": 343587.90,"Plan Rows": 475120,"Plan Width": 44,"Actual Startup Time": 9674.071,"Actual Total Time": 10813.470,"Actual Rows": 63,"Actual Loops": 1,"Workers Planned": 3,"Workers Launched": 3,"Single Copy": false,"Plans": [{"Node Type": "Hash Join","Parent Relationship": "Outer","Parallel Aware": true,"Async Capable": false,"Join Type": "Inner","Startup Cost": 215528.94,"Total Cost": 295075.90,"Plan Rows": 153265,"Plan Width": 44,"Actual Startup Time": 10141.072,"Actual Total Time": 10312.965,"Actual Rows": 16,"Actual Loops": 4,"Inner Unique": true,"Hash Cond": "(orders.o_custkey = customer.c_custkey)","Workers": [],"Plans": [{"Node Type": "Nested Loop","Parent Relationship": "Outer","Parallel Aware": false,"Async Capable": false,"Join Type": "Inner","Startup Cost": 210537.69,"Total Cost": 289682.32,"Plan Rows": 153265,"Plan Width": 25,"Actual Startup Time": 10104.129,"Actual Total Time": 10275.947,"Actual Rows": 16,"Actual Loops": 4,"Inner Unique": false,"Workers": [],"Plans": [{"Node Type": "Hash Join","Parent Relationship": "Outer","Parallel Aware": false,"Async Capable": false,"Join Type": "Inner","Startup Cost": 210537.26,"Total Cost": 242741.13,"Plan Rows": 38308,"Plan Width": 24,"Actual Startup Time": 10104.052,"Actual Total Time": 10275.739,"Actual Rows": 2,"Actual Loops": 4,"Inner Unique": true,"Hash Cond": "(orders.o_orderkey = lineitem_1.l_orderkey)","Workers": [],"Plans": [{"Node Type": "Seq Scan","Parent Relationship": "Outer","Parallel Aware": true,"Async Capable": false,"Relation Name": "orders","Alias": "orders","Startup Cost": 0.00,"Total Cost": 30933.71,"Plan Rows": 483871,"Plan Width": 20,"Actual Startup Time": 0.007,"Actual Total Time": 53.689,"Actual Rows": 375000,"Actual Loops": 4,"Workers": []},{"Node Type": "Hash","Parent Relationship": "Inner","Parallel Aware": false,"Async Capable": false,"Startup Cost": 209052.81,"Total Cost": 209052.81,"Plan Rows": 118756,"Plan Width": 4,"Actual Startup Time": 10025.157,"Actual Total Time": 10025.166,"Actual Rows": 9,"Actual Loops": 4,"Hash Buckets": 131072,"Original Hash Buckets": 131072,"Hash Batches": 1,"Original Hash Batches": 1,"Peak Memory Usage": 1025,"Workers": [],"Plans": [{"Node Type": "Aggregate","Strategy": "Hashed","Partial Mode": "Simple","Parent Relationship": "Outer","Parallel Aware": false,"Async Capable": false,"Startup Cost": 202521.23,"Total Cost": 207865.25,"Plan Rows": 118756,"Plan Width": 4,"Actual Startup Time": 6285.839,"Actual Total Time": 10024.981,"Actual Rows": 9,"Actual Loops": 4,"Group Key": ["lineitem_1.l_orderkey"],"Filter": "(sum(lineitem_1.l_quantity) > '314'::numeric)","Planned Partitions": 0,"HashAgg Batches": 1,"Peak Memory Usage": 638993,"Disk Usage": 0,"Rows Removed by Filter": 1499991,"Workers": [{"Worker Number": 0,"HashAgg Batches": 1,"Peak Memory Usage": 638993,"Disk Usage": 0},{"Worker Number": 1,"HashAgg Batches": 1,"Peak Memory Usage": 638993,"Disk Usage": 0},{"Worker Number": 2,"HashAgg Batches": 1,"Peak Memory Usage": 638993,"Disk Usage": 0}],"Plans": [{"Node Type": "Seq Scan","Parent Relationship": "Outer","Parallel Aware": false,"Async Capable": false,"Relation Name": "lineitem","Alias": "lineitem_1","Startup Cost": 0.00,"Total Cost": 172515.15,"Plan Rows": 6001215,"Plan Width": 9,"Actual Startup Time": 0.019,"Actual Total Time": 931.752,"Actual Rows": 6001215,"Actual Loops": 4,"Workers": []}]}]}]},{"Node Type": "Index Scan","Parent Relationship": "Inner","Parallel Aware": false,"Async Capable": false,"Scan Direction": "Forward","Index Name": "idx_lineitem_orderkey","Relation Name": "lineitem","Alias": "lineitem","Startup Cost": 0.43,"Total Cost": 1.06,"Plan Rows": 17,"Plan Width": 9,"Actual Startup Time": 0.055,"Actual Total Time": 0.062,"Actual Rows": 7,"Actual Loops": 9,"Index Cond": "(l_orderkey = orders.o_orderkey)","Rows Removed by Index Recheck": 0,"Workers": []}]},{"Node Type": "Hash","Parent Relationship": "Inner","Parallel Aware": true,"Async Capable": false,"Startup Cost": 4210.00,"Total Cost": 4210.00,"Plan Rows": 62500,"Plan Width": 23,"Actual Startup Time": 36.172,"Actual Total Time": 36.190,"Actual Rows": 37500,"Actual Loops": 4,"Hash Buckets": 262144,"Original Hash Buckets": 262144,"Hash Batches": 1,"Original Hash Batches": 1,"Peak Memory Usage": 10336,"Workers": [],"Plans": [{"Node Type": "Seq Scan","Parent Relationship": "Outer","Parallel Aware": true,"Async Capable": false,"Relation Name": "customer","Alias": "customer","Startup Cost": 0.00,"Total Cost": 4210.00,"Plan Rows": 62500,"Plan Width": 23,"Actual Startup Time": 0.024,"Actual Total Time": 17.933,"Actual Rows": 37500,"Actual Loops": 4,"Workers": []}]}]}]}]}]},"Planning Time": 6.881,"Triggers": [],"Execution Time": 10893.482}]
[{"Plan": {"Node Type": "Sort","Parallel Aware": false,"Async Capable": false,"Startup Cost": 397889.21,"Total Cost": 399077.01,"Plan Rows": 475120,"Plan Width": 71,"Actual Startup Time": 10785.011,"Actual Total Time": 10839.032,"Actual Rows": 9,"Actual Loops": 1,"Sort Key": ["orders.o_totalprice DESC", "orders.o_orderdate"],"Sort Method": "quicksort","Sort Space Used": 25,"Sort Space Type": "Memory","Plans": [{"Node Type": "Aggregate","Strategy": "Hashed","Partial Mode": "Simple","Parent Relationship": "Outer","Parallel Aware": false,"Async Capable": false,"Startup Cost": 347151.30,"Total Cost": 353090.30,"Plan Rows": 475120,"Plan Width": 71,"Actual Startup Time": 10763.855,"Actual Total Time": 10838.848,"Actual Rows": 9,"Actual Loops": 1,"Group Key": ["customer.c_custkey", "orders.o_orderkey"],"Planned Partitions": 0,"HashAgg Batches": 1,"Peak Memory Usage": 24601,"Disk Usage": 0,"Plans": [{"Node Type": "Gather","Parent Relationship": "Outer","Parallel Aware": false,"Async Capable": false,"Startup Cost": 216528.94,"Total Cost": 343587.90,"Plan Rows": 475120,"Plan Width": 44,"Actual Startup Time": 9674.071,"Actual Total Time": 10813.470,"Actual Rows": 63,"Actual Loops": 1,"Workers Planned": 3,"Workers Launched": 3,"Single Copy": false,"Plans": [{"Node Type": "Hash Join","Parent Relationship": "Outer","Parallel Aware": true,"Async Capable": false,"Join Type": "Inner","Startup Cost": 215528.94,"Total Cost": 295075.90,"Plan Rows": 153265,"Plan Width": 44,"Actual Startup Time": 10141.072,"Actual Total Time": 10312.965,"Actual Rows": 16,"Actual Loops": 4,"Inner Unique": true,"Hash Cond": "(orders.o_custkey = customer.c_custkey)","Workers": [],"Plans": [{"Node Type": "Nested Loop","Parent Relationship": "Outer","Parallel Aware": false,"Async Capable": false,"Join Type": "Inner","Startup Cost": 210537.69,"Total Cost": 289682.32,"Plan Rows": 153265,"Plan Width": 25,"Actual Startup Time": 10104.129,"Actual Total Time": 10275.947,"Actual Rows": 16,"Actual Loops": 4,"Inner Unique": false,"Workers": [],"Plans": [{"Node Type": "Hash Join","Parent Relationship": "Outer","Parallel Aware": false,"Async Capable": false,"Join Type": "Inner","Startup Cost": 210537.26,"Total Cost": 242741.13,"Plan Rows": 38308,"Plan Width": 24,"Actual Startup Time": 10104.052,"Actual Total Time": 10275.739,"Actual Rows": 2,"Actual Loops": 4,"Inner Unique": true,"Hash Cond": "(orders.o_orderkey = lineitem_1.l_orderkey)","Workers": [],"Plans": [{"Node Type": "Seq Scan","Parent Relationship": "Outer","Parallel Aware": true,"Async Capable": false,"Relation Name": "orders","Alias": "orders","Startup Cost": 0.00,"Total Cost": 30933.71,"Plan Rows": 483871,"Plan Width": 20,"Actual Startup Time": 0.007,"Actual Total Time": 53.689,"Actual Rows": 375000,"Actual Loops": 4,"Workers": []},{"Node Type": "Hash","Parent Relationship": "Inner","Parallel Aware": false,"Async Capable": false,"Startup Cost": 209052.81,"Total Cost": 209052.81,"Plan Rows": 118756,"Plan Width": 4,"Actual Startup Time": 10025.157,"Actual Total Time": 10025.166,"Actual Rows": 9,"Actual Loops": 4,"Hash Buckets": 131072,"Original Hash Buckets": 131072,"Hash Batches": 1,"Original Hash Batches": 1,"Peak Memory Usage": 1025,"Workers": [],"Plans": [{"Node Type": "Aggregate","Strategy": "Hashed","Partial Mode": "Simple","Parent Relationship": "Outer","Parallel Aware": false,"Async Capable": false,"Startup Cost": 202521.23,"Total Cost": 207865.25,"Plan Rows": 118756,"Plan Width": 4,"Actual Startup Time": 6285.839,"Actual Total Time": 10024.981,"Actual Rows": 9,"Actual Loops": 4,"Group Key": ["lineitem_1.l_orderkey"],"Filter": "(sum(lineitem_1.l_quantity) > '314'::numeric)","Planned Partitions": 0,"HashAgg Batches": 1,"Peak Memory Usage": 638993,"Disk Usage": 0,"Rows Removed by Filter": 1499991,"Workers": [{"Worker Number": 0,"HashAgg Batches": 1,"Peak Memory Usage": 638993,"Disk Usage": 0},{"Worker Number": 1,"HashAgg Batches": 1,"Peak Memory Usage": 638993,"Disk Usage": 0},{"Worker Number": 2,"HashAgg Batches": 1,"Peak Memory Usage": 638993,"Disk Usage": 0}],"Plans": [{"Node Type": "Seq Scan","Parent Relationship": "Outer","Parallel Aware": false,"Async Capable": false,"Relation Name": "lineitem","Alias": "lineitem_1","Startup Cost": 0.00,"Total Cost": 172515.15,"Plan Rows": 6001215,"Plan Width": 9,"Actual Startup Time": 0.019,"Actual Total Time": 931.752,"Actual Rows": 6001215,"Actual Loops": 4,"Workers": []}]}]}]},{"Node Type": "Index Scan","Parent Relationship": "Inner","Parallel Aware": false,"Async Capable": false,"Scan Direction": "Forward","Index Name": "idx_lineitem_orderkey","Relation Name": "lineitem","Alias": "lineitem","Startup Cost": 0.43,"Total Cost": 1.06,"Plan Rows": 17,"Plan Width": 9,"Actual Startup Time": 0.055,"Actual Total Time": 0.062,"Actual Rows": 7,"Actual Loops": 9,"Index Cond": "(l_orderkey = orders.o_orderkey)","Rows Removed by Index Recheck": 0,"Workers": []}]},{"Node Type": "Hash","Parent Relationship": "Inner","Parallel Aware": true,"Async Capable": false,"Startup Cost": 4210.00,"Total Cost": 4210.00,"Plan Rows": 62500,"Plan Width": 23,"Actual Startup Time": 36.172,"Actual Total Time": 36.190,"Actual Rows": 37500,"Actual Loops": 4,"Hash Buckets": 262144,"Original Hash Buckets": 262144,"Hash Batches": 1,"Original Hash Batches": 1,"Peak Memory Usage": 10336,"Workers": [],"Plans": [{"Node Type": "Seq Scan","Parent Relationship": "Outer","Parallel Aware": true,"Async Capable": false,"Relation Name": "customer","Alias": "customer","Startup Cost": 0.00,"Total Cost": 4210.00,"Plan Rows": 62500,"Plan Width": 23,"Actual Startup Time": 0.024,"Actual Total Time": 17.933,"Actual Rows": 37500,"Actual Loops": 4,"Workers": []}]}]}]}]}]},"Planning Time": 6.881,"Triggers": [],"Execution Time": 10893.482}]
[{"Plan": {"Node Type": "Sort","Parallel Aware": false,"Async Capable": false,"Startup Cost": 397889.21,"Total Cost": 399077.01,"Plan Rows": 475120,"Plan Width": 71,"Actual Startup Time": 10950.105,"Actual Total Time": 10953.954,"Actual Rows": 9,"Actual Loops": 1,"Sort Key": ["orders.o_totalprice DESC", "orders.o_orderdate"],"Sort Method": "quicksort","Sort Space Used": 25,"Sort Space Type": "Memory","Plans": [{"Node Type": "Aggregate","Strategy": "Hashed","Partial Mode": "Simple","Parent Relationship": "Outer","Parallel Aware": false,"Async Capable": false,"Startup Cost": 347151.30,"Total Cost": 353090.30,"Plan Rows": 475120,"Plan Width": 71,"Actual Startup Time": 10902.471,"Actual Total Time": 10953.715,"Actual Rows": 9,"Actual Loops": 1,"Group Key": ["customer.c_custkey", "orders.o_orderkey"],"Planned Partitions": 0,"HashAgg Batches": 1,"Peak Memory Usage": 24601,"Disk Usage": 0,"Plans": [{"Node Type": "Gather","Parent Relationship": "Outer","Parallel Aware": false,"Async Capable": false,"Startup Cost": 216528.94,"Total Cost": 343587.90,"Plan Rows": 475120,"Plan Width": 44,"Actual Startup Time": 10893.800,"Actual Total Time": 10897.693,"Actual Rows": 63,"Actual Loops": 1,"Workers Planned": 3,"Workers Launched": 3,"Single Copy": false,"Plans": [{"Node Type": "Hash Join","Parent Relationship": "Outer","Parallel Aware": true,"Async Capable": false,"Join Type": "Inner","Startup Cost": 215528.94,"Total Cost": 295075.90,"Plan Rows": 153265,"Plan Width": 44,"Actual Startup Time": 10134.253,"Actual Total Time": 10314.794,"Actual Rows": 16,"Actual Loops": 4,"Inner Unique": true,"Hash Cond": "(orders.o_custkey = customer.c_custkey)","Workers": [],"Plans": [{"Node Type": "Nested Loop","Parent Relationship": "Outer","Parallel Aware": false,"Async Capable": false,"Join Type": "Inner","Startup Cost": 210537.69,"Total Cost": 289682.32,"Plan Rows": 153265,"Plan Width": 25,"Actual Startup Time": 10099.687,"Actual Total Time": 10280.153,"Actual Rows": 16,"Actual Loops": 4,"Inner Unique": false,"Workers": [],"Plans": [{"Node Type": "Hash Join","Parent Relationship": "Outer","Parallel Aware": false,"Async Capable": false,"Join Type": "Inner","Startup Cost": 210537.26,"Total Cost": 242741.13,"Plan Rows": 38308,"Plan Width": 24,"Actual Startup Time": 10099.575,"Actual Total Time": 10279.892,"Actual Rows": 2,"Actual Loops": 4,"Inner Unique": true,"Hash Cond": "(orders.o_orderkey = lineitem_1.l_orderkey)","Workers": [],"Plans": [{"Node Type": "Seq Scan","Parent Relationship": "Outer","Parallel Aware": true,"Async Capable": false,"Relation Name": "orders","Alias": "orders","Startup Cost": 0.00,"Total Cost": 30933.71,"Plan Rows": 483871,"Plan Width": 20,"Actual Startup Time": 0.011,"Actual Total Time": 51.627,"Actual Rows": 375000,"Actual Loops": 4,"Workers": []},{"Node Type": "Hash","Parent Relationship": "Inner","Parallel Aware": false,"Async Capable": false,"Startup Cost": 209052.81,"Total Cost": 209052.81,"Plan Rows": 118756,"Plan Width": 4,"Actual Startup Time": 10016.825,"Actual Total Time": 10016.839,"Actual Rows": 9,"Actual Loops": 4,"Hash Buckets": 131072,"Original Hash Buckets": 131072,"Hash Batches": 1,"Original Hash Batches": 1,"Peak Memory Usage": 1025,"Workers": [],"Plans": [{"Node Type": "Aggregate","Strategy": "Hashed","Partial Mode": "Simple","Parent Relationship": "Outer","Parallel Aware": false,"Async Capable": false,"Startup Cost": 202521.23,"Total Cost": 207865.25,"Plan Rows": 118756,"Plan Width": 4,"Actual Startup Time": 6319.140,"Actual Total Time": 10016.671,"Actual Rows": 9,"Actual Loops": 4,"Group Key": ["lineitem_1.l_orderkey"],"Filter": "(sum(lineitem_1.l_quantity) > '315'::numeric)","Planned Partitions": 0,"HashAgg Batches": 1,"Peak Memory Usage": 638993,"Disk Usage": 0,"Rows Removed by Filter": 1499991,"Workers": [{"Worker Number": 0,"HashAgg Batches": 1,"Peak Memory Usage": 638993,"Disk Usage": 0},{"Worker Number": 1,"HashAgg Batches": 1,"Peak Memory Usage": 638993,"Disk Usage": 0},{"Worker Number": 2,"HashAgg Batches": 1,"Peak Memory Usage": 638993,"Disk Usage": 0}],"Plans": [{"Node Type": "Seq Scan","Parent Relationship": "Outer","Parallel Aware": false,"Async Capable": false,"Relation Name": "lineitem","Alias": "lineitem_1","Startup Cost": 0.00,"Total Cost": 172515.15,"Plan Rows": 6001215,"Plan Width": 9,"Actual Startup Time": 0.018,"Actual Total Time": 971.843,"Actual Rows": 6001215,"Actual Loops": 4,"Workers": []}]}]}]},{"Node Type": "Index Scan","Parent Relationship": "Inner","Parallel Aware": false,"Async Capable": false,"Scan Direction": "Forward","Index Name": "idx_lineitem_orderkey","Relation Name": "lineitem","Alias": "lineitem","Startup Cost": 0.43,"Total Cost": 1.06,"Plan Rows": 17,"Plan Width": 9,"Actual Startup Time": 0.069,"Actual Total Time": 0.079,"Actual Rows": 7,"Actual Loops": 9,"Index Cond": "(l_orderkey = orders.o_orderkey)","Rows Removed by Index Recheck": 0,"Workers": []}]},{"Node Type": "Hash","Parent Relationship": "Inner","Parallel Aware": true,"Async Capable": false,"Startup Cost": 4210.00,"Total Cost": 4210.00,"Plan Rows": 62500,"Plan Width": 23,"Actual Startup Time": 33.677,"Actual Total Time": 33.684,"Actual Rows": 37500,"Actual Loops": 4,"Hash Buckets": 262144,"Original Hash Buckets": 262144,"Hash Batches": 1,"Original Hash Batches": 1,"Peak Memory Usage": 10368,"Workers": [],"Plans": [{"Node Type": "Seq Scan","Parent Relationship": "Outer","Parallel Aware": true,"Async Capable": false,"Relation Name": "customer","Alias": "customer","Startup Cost": 0.00,"Total Cost": 4210.00,"Plan Rows": 62500,"Plan Width": 23,"Actual Startup Time": 0.019,"Actual Total Time": 16.715,"Actual Rows": 37500,"Actual Loops": 4,"Workers": []}]}]}]}]}]},"Planning Time": 6.132,"Triggers": [],"Execution Time": 11002.531}]
[{"Plan": {"Node Type": "Sort","Parallel Aware": false,"Async Capable": false,"Startup Cost": 397889.21,"Total Cost": 399077.01,"Plan Rows": 475120,"Plan Width": 71,"Actual Startup Time": 10345.847,"Actual Total Time": 10377.998,"Actual Rows": 9,"Actual Loops": 1,"Sort Key": ["orders.o_totalprice DESC", "orders.o_orderdate"],"Sort Method": "quicksort","Sort Space Used": 25,"Sort Space Type": "Memory","Plans": [{"Node Type": "Aggregate","Strategy": "Hashed","Partial Mode": "Simple","Parent Relationship": "Outer","Parallel Aware": false,"Async Capable": false,"Startup Cost": 347151.30,"Total Cost": 353090.30,"Plan Rows": 475120,"Plan Width": 71,"Actual Startup Time": 10329.232,"Actual Total Time": 10377.856,"Actual Rows": 9,"Actual Loops": 1,"Group Key": ["customer.c_custkey", "orders.o_orderkey"],"Planned Partitions": 0,"HashAgg Batches": 1,"Peak Memory Usage": 24601,"Disk Usage": 0,"Plans": [{"Node Type": "Gather","Parent Relationship": "Outer","Parallel Aware": false,"Async Capable": false,"Startup Cost": 216528.94,"Total Cost": 343587.90,"Plan Rows": 475120,"Plan Width": 44,"Actual Startup Time": 10053.961,"Actual Total Time": 10357.615,"Actual Rows": 63,"Actual Loops": 1,"Workers Planned": 3,"Workers Launched": 3,"Single Copy": false,"Plans": [{"Node Type": "Hash Join","Parent Relationship": "Outer","Parallel Aware": true,"Async Capable": false,"Join Type": "Inner","Startup Cost": 215528.94,"Total Cost": 295075.90,"Plan Rows": 153265,"Plan Width": 44,"Actual Startup Time": 10157.696,"Actual Total Time": 10258.651,"Actual Rows": 16,"Actual Loops": 4,"Inner Unique": true,"Hash Cond": "(orders.o_custkey = customer.c_custkey)","Workers": [],"Plans": [{"Node Type": "Nested Loop","Parent Relationship": "Outer","Parallel Aware": false,"Async Capable": false,"Join Type": "Inner","Startup Cost": 210537.69,"Total Cost": 289682.32,"Plan Rows": 153265,"Plan Width": 25,"Actual Startup Time": 10123.332,"Actual Total Time": 10224.239,"Actual Rows": 16,"Actual Loops": 4,"Inner Unique": false,"Workers": [],"Plans": [{"Node Type": "Hash Join","Parent Relationship": "Outer","Parallel Aware": false,"Async Capable": false,"Join Type": "Inner","Startup Cost": 210537.26,"Total Cost": 242741.13,"Plan Rows": 38308,"Plan Width": 24,"Actual Startup Time": 10123.186,"Actual Total Time": 10223.998,"Actual Rows": 2,"Actual Loops": 4,"Inner Unique": true,"Hash Cond": "(orders.o_orderkey = lineitem_1.l_orderkey)","Workers": [],"Plans": [{"Node Type": "Seq Scan","Parent Relationship": "Outer","Parallel Aware": true,"Async Capable": false,"Relation Name": "orders","Alias": "orders","Startup Cost": 0.00,"Total Cost": 30933.71,"Plan Rows": 483871,"Plan Width": 20,"Actual Startup Time": 0.011,"Actual Total Time": 49.852,"Actual Rows": 375000,"Actual Loops": 4,"Workers": []},{"Node Type": "Hash","Parent Relationship": "Inner","Parallel Aware": false,"Async Capable": false,"Startup Cost": 209052.81,"Total Cost": 209052.81,"Plan Rows": 118756,"Plan Width": 4,"Actual Startup Time": 10005.666,"Actual Total Time": 10005.673,"Actual Rows": 9,"Actual Loops": 4,"Hash Buckets": 131072,"Original Hash Buckets": 131072,"Hash Batches": 1,"Original Hash Batches": 1,"Peak Memory Usage": 1025,"Workers": [],"Plans": [{"Node Type": "Aggregate","Strategy": "Hashed","Partial Mode": "Simple","Parent Relationship": "Outer","Parallel Aware": false,"Async Capable": false,"Startup Cost": 202521.23,"Total Cost": 207865.25,"Plan Rows": 118756,"Plan Width": 4,"Actual Startup Time": 6310.010,"Actual Total Time": 10005.543,"Actual Rows": 9,"Actual Loops": 4,"Group Key": ["lineitem_1.l_orderkey"],"Filter": "(sum(lineitem_1.l_quantity) > '313'::numeric)","Planned Partitions": 0,"HashAgg Batches": 1,"Peak Memory Usage": 638993,"Disk Usage": 0,"Rows Removed by Filter": 1499991,"Workers": [{"Worker Number": 0,"HashAgg Batches": 1,"Peak Memory Usage": 638993,"Disk Usage": 0},{"Worker Number": 1,"HashAgg Batches": 1,"Peak Memory Usage": 638993,"Disk Usage": 0},{"Worker Number": 2,"HashAgg Batches": 1,"Peak Memory Usage": 638993,"Disk Usage": 0}],"Plans": [{"Node Type": "Seq Scan","Parent Relationship": "Outer","Parallel Aware": false,"Async Capable": false,"Relation Name": "lineitem","Alias": "lineitem_1","Startup Cost": 0.00,"Total Cost": 172515.15,"Plan Rows": 6001215,"Plan Width": 9,"Actual Startup Time": 0.020,"Actual Total Time": 994.479,"Actual Rows": 6001215,"Actual Loops": 4,"Workers": []}]}]}]},{"Node Type": "Index Scan","Parent Relationship": "Inner","Parallel Aware": false,"Async Capable": false,"Scan Direction": "Forward","Index Name": "idx_lineitem_orderkey","Relation Name": "lineitem","Alias": "lineitem","Startup Cost": 0.43,"Total Cost": 1.06,"Plan Rows": 17,"Plan Width": 9,"Actual Startup Time": 0.068,"Actual Total Time": 0.075,"Actual Rows": 7,"Actual Loops": 9,"Index Cond": "(l_orderkey = orders.o_orderkey)","Rows Removed by Index Recheck": 0,"Workers": []}]},{"Node Type": "Hash","Parent Relationship": "Inner","Parallel Aware": true,"Async Capable": false,"Startup Cost": 4210.00,"Total Cost": 4210.00,"Plan Rows": 62500,"Plan Width": 23,"Actual Startup Time": 33.578,"Actual Total Time": 33.582,"Actual Rows": 37500,"Actual Loops": 4,"Hash Buckets": 262144,"Original Hash Buckets": 262144,"Hash Batches": 1,"Original Hash Batches": 1,"Peak Memory Usage": 10336,"Workers": [],"Plans": [{"Node Type": "Seq Scan","Parent Relationship": "Outer","Parallel Aware": true,"Async Capable": false,"Relation Name": "customer","Alias": "customer","Startup Cost": 0.00,"Total Cost": 4210.00,"Plan Rows": 62500,"Plan Width": 23,"Actual Startup Time": 0.023,"Actual Total Time": 16.777,"Actual Rows": 37500,"Actual Loops": 4,"Workers": []}]}]}]}]}]},"Planning Time": 6.662,"Triggers": [],"Execution Time": 10430.266}]
[{"Plan": {"Node Type": "Sort","Parallel Aware": false,"Async Capable": false,"Startup Cost": 397889.21,"Total Cost": 399077.01,"Plan Rows": 475120,"Plan Width": 71,"Actual Startup Time": 10887.509,"Actual Total Time": 10908.132,"Actual Rows": 10,"Actual Loops": 1,"Sort Key": ["orders.o_totalprice DESC", "orders.o_orderdate"],"Sort Method": "quicksort","Sort Space Used": 25,"Sort Space Type": "Memory","Plans": [{"Node Type": "Aggregate","Strategy": "Hashed","Partial Mode": "Simple","Parent Relationship": "Outer","Parallel Aware": false,"Async Capable": false,"Startup Cost": 347151.30,"Total Cost": 353090.30,"Plan Rows": 475120,"Plan Width": 71,"Actual Startup Time": 10848.812,"Actual Total Time": 10907.941,"Actual Rows": 10,"Actual Loops": 1,"Group Key": ["customer.c_custkey", "orders.o_orderkey"],"Planned Partitions": 0,"HashAgg Batches": 1,"Peak Memory Usage": 24601,"Disk Usage": 0,"Plans": [{"Node Type": "Gather","Parent Relationship": "Outer","Parallel Aware": false,"Async Capable": false,"Startup Cost": 216528.94,"Total Cost": 343587.90,"Plan Rows": 475120,"Plan Width": 44,"Actual Startup Time": 10782.037,"Actual Total Time": 10858.151,"Actual Rows": 70,"Actual Loops": 1,"Workers Planned": 3,"Workers Launched": 3,"Single Copy": false,"Plans": [{"Node Type": "Hash Join","Parent Relationship": "Outer","Parallel Aware": true,"Async Capable": false,"Join Type": "Inner","Startup Cost": 215528.94,"Total Cost": 295075.90,"Plan Rows": 153265,"Plan Width": 44,"Actual Startup Time": 10180.765,"Actual Total Time": 10348.312,"Actual Rows": 18,"Actual Loops": 4,"Inner Unique": true,"Hash Cond": "(orders.o_custkey = customer.c_custkey)","Workers": [],"Plans": [{"Node Type": "Nested Loop","Parent Relationship": "Outer","Parallel Aware": false,"Async Capable": false,"Join Type": "Inner","Startup Cost": 210537.69,"Total Cost": 289682.32,"Plan Rows": 153265,"Plan Width": 25,"Actual Startup Time": 10142.809,"Actual Total Time": 10310.270,"Actual Rows": 18,"Actual Loops": 4,"Inner Unique": false,"Workers": [],"Plans": [{"Node Type": "Hash Join","Parent Relationship": "Outer","Parallel Aware": false,"Async Capable": false,"Join Type": "Inner","Startup Cost": 210537.26,"Total Cost": 242741.13,"Plan Rows": 38308,"Plan Width": 24,"Actual Startup Time": 10142.670,"Actual Total Time": 10309.991,"Actual Rows": 2,"Actual Loops": 4,"Inner Unique": true,"Hash Cond": "(orders.o_orderkey = lineitem_1.l_orderkey)","Workers": [],"Plans": [{"Node Type": "Seq Scan","Parent Relationship": "Outer","Parallel Aware": true,"Async Capable": false,"Relation Name": "orders","Alias": "orders","Startup Cost": 0.00,"Total Cost": 30933.71,"Plan Rows": 483871,"Plan Width": 20,"Actual Startup Time": 0.009,"Actual Total Time": 49.040,"Actual Rows": 375000,"Actual Loops": 4,"Workers": []},{"Node Type": "Hash","Parent Relationship": "Inner","Parallel Aware": false,"Async Capable": false,"Startup Cost": 209052.81,"Total Cost": 209052.81,"Plan Rows": 118756,"Plan Width": 4,"Actual Startup Time": 10075.163,"Actual Total Time": 10075.176,"Actual Rows": 10,"Actual Loops": 4,"Hash Buckets": 131072,"Original Hash Buckets": 131072,"Hash Batches": 1,"Original Hash Batches": 1,"Peak Memory Usage": 1025,"Workers": [],"Plans": [{"Node Type": "Aggregate","Strategy": "Hashed","Partial Mode": "Simple","Parent Relationship": "Outer","Parallel Aware": false,"Async Capable": false,"Startup Cost": 202521.23,"Total Cost": 207865.25,"Plan Rows": 118756,"Plan Width": 4,"Actual Startup Time": 6293.151,"Actual Total Time": 10074.968,"Actual Rows": 10,"Actual Loops": 4,"Group Key": ["lineitem_1.l_orderkey"],"Filter": "(sum(lineitem_1.l_quantity) > '312'::numeric)","Planned Partitions": 0,"HashAgg Batches": 1,"Peak Memory Usage": 638993,"Disk Usage": 0,"Rows Removed by Filter": 1499990,"Workers": [{"Worker Number": 0,"HashAgg Batches": 1,"Peak Memory Usage": 638993,"Disk Usage": 0},{"Worker Number": 1,"HashAgg Batches": 1,"Peak Memory Usage": 638993,"Disk Usage": 0},{"Worker Number": 2,"HashAgg Batches": 1,"Peak Memory Usage": 638993,"Disk Usage": 0}],"Plans": [{"Node Type": "Seq Scan","Parent Relationship": "Outer","Parallel Aware": false,"Async Capable": false,"Relation Name": "lineitem","Alias": "lineitem_1","Startup Cost": 0.00,"Total Cost": 172515.15,"Plan Rows": 6001215,"Plan Width": 9,"Actual Startup Time": 0.021,"Actual Total Time": 960.546,"Actual Rows": 6001215,"Actual Loops": 4,"Workers": []}]}]}]},{"Node Type": "Index Scan","Parent Relationship": "Inner","Parallel Aware": false,"Async Capable": false,"Scan Direction": "Forward","Index Name": "idx_lineitem_orderkey","Relation Name": "lineitem","Alias": "lineitem","Startup Cost": 0.43,"Total Cost": 1.06,"Plan Rows": 17,"Plan Width": 9,"Actual Startup Time": 0.072,"Actual Total Time": 0.079,"Actual Rows": 7,"Actual Loops": 10,"Index Cond": "(l_orderkey = orders.o_orderkey)","Rows Removed by Index Recheck": 0,"Workers": []}]},{"Node Type": "Hash","Parent Relationship": "Inner","Parallel Aware": true,"Async Capable": false,"Startup Cost": 4210.00,"Total Cost": 4210.00,"Plan Rows": 62500,"Plan Width": 23,"Actual Startup Time": 37.105,"Actual Total Time": 37.114,"Actual Rows": 37500,"Actual Loops": 4,"Hash Buckets": 262144,"Original Hash Buckets": 262144,"Hash Batches": 1,"Original Hash Batches": 1,"Peak Memory Usage": 10368,"Workers": [],"Plans": [{"Node Type": "Seq Scan","Parent Relationship": "Outer","Parallel Aware": true,"Async Capable": false,"Relation Name": "customer","Alias": "customer","Startup Cost": 0.00,"Total Cost": 4210.00,"Plan Rows": 62500,"Plan Width": 23,"Actual Startup Time": 0.025,"Actual Total Time": 19.726,"Actual Rows": 37500,"Actual Loops": 4,"Workers": []}]}]}]}]}]},"Planning Time": 6.715,"Triggers": [],"Execution Time": 10961.817}]
[{"Plan": {"Node Type": "Sort","Parallel Aware": false,"Async Capable": false,"Startup Cost": 397889.21,"Total Cost": 399077.01,"Plan Rows": 475120,"Plan Width": 71,"Actual Startup Time": 10785.011,"Actual Total Time": 10839.032,"Actual Rows": 9,"Actual Loops": 1,"Sort Key": ["orders.o_totalprice DESC", "orders.o_orderdate"],"Sort Method": "quicksort","Sort Space Used": 25,"Sort Space Type": "Memory","Plans": [{"Node Type": "Aggregate","Strategy": "Hashed","Partial Mode": "Simple","Parent Relationship": "Outer","Parallel Aware": false,"Async Capable": false,"Startup Cost": 347151.30,"Total Cost": 353090.30,"Plan Rows": 475120,"Plan Width": 71,"Actual Startup Time": 10763.855,"Actual Total Time": 10838.848,"Actual Rows": 9,"Actual Loops": 1,"Group Key": ["customer.c_custkey", "orders.o_orderkey"],"Planned Partitions": 0,"HashAgg Batches": 1,"Peak Memory Usage": 24601,"Disk Usage": 0,"Plans": [{"Node Type": "Gather","Parent Relationship": "Outer","Parallel Aware": false,"Async Capable": false,"Startup Cost": 216528.94,"Total Cost": 343587.90,"Plan Rows": 475120,"Plan Width": 44,"Actual Startup Time": 9674.071,"Actual Total Time": 10813.470,"Actual Rows": 63,"Actual Loops": 1,"Workers Planned": 3,"Workers Launched": 3,"Single Copy": false,"Plans": [{"Node Type": "Hash Join","Parent Relationship": "Outer","Parallel Aware": true,"Async Capable": false,"Join Type": "Inner","Startup Cost": 215528.94,"Total Cost": 295075.90,"Plan Rows": 153265,"Plan Width": 44,"Actual Startup Time": 10141.072,"Actual Total Time": 10312.965,"Actual Rows": 16,"Actual Loops": 4,"Inner Unique": true,"Hash Cond": "(orders.o_custkey = customer.c_custkey)","Workers": [],"Plans": [{"Node Type": "Nested Loop","Parent Relationship": "Outer","Parallel Aware": false,"Async Capable": false,"Join Type": "Inner","Startup Cost": 210537.69,"Total Cost": 289682.32,"Plan Rows": 153265,"Plan Width": 25,"Actual Startup Time": 10104.129,"Actual Total Time": 10275.947,"Actual Rows": 16,"Actual Loops": 4,"Inner Unique": false,"Workers": [],"Plans": [{"Node Type": "Hash Join","Parent Relationship": "Outer","Parallel Aware": false,"Async Capable": false,"Join Type": "Inner","Startup Cost": 210537.26,"Total Cost": 242741.13,"Plan Rows": 38308,"Plan Width": 24,"Actual Startup Time": 10104.052,"Actual Total Time": 10275.739,"Actual Rows": 2,"Actual Loops": 4,"Inner Unique": true,"Hash Cond": "(orders.o_orderkey = lineitem_1.l_orderkey)","Workers": [],"Plans": [{"Node Type": "Seq Scan","Parent Relationship": "Outer","Parallel Aware": true,"Async Capable": false,"Relation Name": "orders","Alias": "orders","Startup Cost": 0.00,"Total Cost": 30933.71,"Plan Rows": 483871,"Plan Width": 20,"Actual Startup Time": 0.007,"Actual Total Time": 53.689,"Actual Rows": 375000,"Actual Loops": 4,"Workers": []},{"Node Type": "Hash","Parent Relationship": "Inner","Parallel Aware": false,"Async Capable": false,"Startup Cost": 209052.81,"Total Cost": 209052.81,"Plan Rows": 118756,"Plan Width": 4,"Actual Startup Time": 10025.157,"Actual Total Time": 10025.166,"Actual Rows": 9,"Actual Loops": 4,"Hash Buckets": 131072,"Original Hash Buckets": 131072,"Hash Batches": 1,"Original Hash Batches": 1,"Peak Memory Usage": 1025,"Workers": [],"Plans": [{"Node Type": "Aggregate","Strategy": "Hashed","Partial Mode": "Simple","Parent Relationship": "Outer","Parallel Aware": false,"Async Capable": false,"Startup Cost": 202521.23,"Total Cost": 207865.25,"Plan Rows": 118756,"Plan Width": 4,"Actual Startup Time": 6285.839,"Actual Total Time": 10024.981,"Actual Rows": 9,"Actual Loops": 4,"Group Key": ["lineitem_1.l_orderkey"],"Filter": "(sum(lineitem_1.l_quantity) > '314'::numeric)","Planned Partitions": 0,"HashAgg Batches": 1,"Peak Memory Usage": 638993,"Disk Usage": 0,"Rows Removed by Filter": 1499991,"Workers": [{"Worker Number": 0,"HashAgg Batches": 1,"Peak Memory Usage": 638993,"Disk Usage": 0},{"Worker Number": 1,"HashAgg Batches": 1,"Peak Memory Usage": 638993,"Disk Usage": 0},{"Worker Number": 2,"HashAgg Batches": 1,"Peak Memory Usage": 638993,"Disk Usage": 0}],"Plans": [{"Node Type": "Seq Scan","Parent Relationship": "Outer","Parallel Aware": false,"Async Capable": false,"Relation Name": "lineitem","Alias": "lineitem_1","Startup Cost": 0.00,"Total Cost": 172515.15,"Plan Rows": 6001215,"Plan Width": 9,"Actual Startup Time": 0.019,"Actual Total Time": 931.752,"Actual Rows": 6001215,"Actual Loops": 4,"Workers": []}]}]}]},{"Node Type": "Index Scan","Parent Relationship": "Inner","Parallel Aware": false,"Async Capable": false,"Scan Direction": "Forward","Index Name": "idx_lineitem_orderkey","Relation Name": "lineitem","Alias": "lineitem","Startup Cost": 0.43,"Total Cost": 1.06,"Plan Rows": 17,"Plan Width": 9,"Actual Startup Time": 0.055,"Actual Total Time": 0.062,"Actual Rows": 7,"Actual Loops": 9,"Index Cond": "(l_orderkey = orders.o_orderkey)","Rows Removed by Index Recheck": 0,"Workers": []}]},{"Node Type": "Hash","Parent Relationship": "Inner","Parallel Aware": true,"Async Capable": false,"Startup Cost": 4210.00,"Total Cost": 4210.00,"Plan Rows": 62500,"Plan Width": 23,"Actual Startup Time": 36.172,"Actual Total Time": 36.190,"Actual Rows": 37500,"Actual Loops": 4,"Hash Buckets": 262144,"Original Hash Buckets": 262144,"Hash Batches": 1,"Original Hash Batches": 1,"Peak Memory Usage": 10336,"Workers": [],"Plans": [{"Node Type": "Seq Scan","Parent Relationship": "Outer","Parallel Aware": true,"Async Capable": false,"Relation Name": "customer","Alias": "customer","Startup Cost": 0.00,"Total Cost": 4210.00,"Plan Rows": 62500,"Plan Width": 23,"Actual Startup Time": 0.024,"Actual Total Time": 17.933,"Actual Rows": 37500,"Actual Loops": 4,"Workers": []}]}]}]}]}]},"Planning Time": 6.881,"Triggers": [],"Execution Time": 10893.482}]
[{"Plan": {"Node Type": "Sort","Parallel Aware": false,"Async Capable": false,"Startup Cost": 397889.21,"Total Cost": 399077.01,"Plan Rows": 475120,"Plan Width": 71,"Actual Startup Time": 10345.847,"Actual Total Time": 10377.998,"Actual Rows": 9,"Actual Loops": 1,"Sort Key": ["orders.o_totalprice DESC", "orders.o_orderdate"],"Sort Method": "quicksort","Sort Space Used": 25,"Sort Space Type": "Memory","Plans": [{"Node Type": "Aggregate","Strategy": "Hashed","Partial Mode": "Simple","Parent Relationship": "Outer","Parallel Aware": false,"Async Capable": false,"Startup Cost": 347151.30,"Total Cost": 353090.30,"Plan Rows": 475120,"Plan Width": 71,"Actual Startup Time": 10329.232,"Actual Total Time": 10377.856,"Actual Rows": 9,"Actual Loops": 1,"Group Key": ["customer.c_custkey", "orders.o_orderkey"],"Planned Partitions": 0,"HashAgg Batches": 1,"Peak Memory Usage": 24601,"Disk Usage": 0,"Plans": [{"Node Type": "Gather","Parent Relationship": "Outer","Parallel Aware": false,"Async Capable": false,"Startup Cost": 216528.94,"Total Cost": 343587.90,"Plan Rows": 475120,"Plan Width": 44,"Actual Startup Time": 10053.961,"Actual Total Time": 10357.615,"Actual Rows": 63,"Actual Loops": 1,"Workers Planned": 3,"Workers Launched": 3,"Single Copy": false,"Plans": [{"Node Type": "Hash Join","Parent Relationship": "Outer","Parallel Aware": true,"Async Capable": false,"Join Type": "Inner","Startup Cost": 215528.94,"Total Cost": 295075.90,"Plan Rows": 153265,"Plan Width": 44,"Actual Startup Time": 10157.696,"Actual Total Time": 10258.651,"Actual Rows": 16,"Actual Loops": 4,"Inner Unique": true,"Hash Cond": "(orders.o_custkey = customer.c_custkey)","Workers": [],"Plans": [{"Node Type": "Nested Loop","Parent Relationship": "Outer","Parallel Aware": false,"Async Capable": false,"Join Type": "Inner","Startup Cost": 210537.69,"Total Cost": 289682.32,"Plan Rows": 153265,"Plan Width": 25,"Actual Startup Time": 10123.332,"Actual Total Time": 10224.239,"Actual Rows": 16,"Actual Loops": 4,"Inner Unique": false,"Workers": [],"Plans": [{"Node Type": "Hash Join","Parent Relationship": "Outer","Parallel Aware": false,"Async Capable": false,"Join Type": "Inner","Startup Cost": 210537.26,"Total Cost": 242741.13,"Plan Rows": 38308,"Plan Width": 24,"Actual Startup Time": 10123.186,"Actual Total Time": 10223.998,"Actual Rows": 2,"Actual Loops": 4,"Inner Unique": true,"Hash Cond": "(orders.o_orderkey = lineitem_1.l_orderkey)","Workers": [],"Plans": [{"Node Type": "Seq Scan","Parent Relationship": "Outer","Parallel Aware": true,"Async Capable": false,"Relation Name": "orders","Alias": "orders","Startup Cost": 0.00,"Total Cost": 30933.71,"Plan Rows": 483871,"Plan Width": 20,"Actual Startup Time": 0.011,"Actual Total Time": 49.852,"Actual Rows": 375000,"Actual Loops": 4,"Workers": []},{"Node Type": "Hash","Parent Relationship": "Inner","Parallel Aware": false,"Async Capable": false,"Startup Cost": 209052.81,"Total Cost": 209052.81,"Plan Rows": 118756,"Plan Width": 4,"Actual Startup Time": 10005.666,"Actual Total Time": 10005.673,"Actual Rows": 9,"Actual Loops": 4,"Hash Buckets": 131072,"Original Hash Buckets": 131072,"Hash Batches": 1,"Original Hash Batches": 1,"Peak Memory Usage": 1025,"Workers": [],"Plans": [{"Node Type": "Aggregate","Strategy": "Hashed","Partial Mode": "Simple","Parent Relationship": "Outer","Parallel Aware": false,"Async Capable": false,"Startup Cost": 202521.23,"Total Cost": 207865.25,"Plan Rows": 118756,"Plan Width": 4,"Actual Startup Time": 6310.010,"Actual Total Time": 10005.543,"Actual Rows": 9,"Actual Loops": 4,"Group Key": ["lineitem_1.l_orderkey"],"Filter": "(sum(lineitem_1.l_quantity) > '313'::numeric)","Planned Partitions": 0,"HashAgg Batches": 1,"Peak Memory Usage": 638993,"Disk Usage": 0,"Rows Removed by Filter": 1499991,"Workers": [{"Worker Number": 0,"HashAgg Batches": 1,"Peak Memory Usage": 638993,"Disk Usage": 0},{"Worker Number": 1,"HashAgg Batches": 1,"Peak Memory Usage": 638993,"Disk Usage": 0},{"Worker Number": 2,"HashAgg Batches": 1,"Peak Memory Usage": 638993,"Disk Usage": 0}],"Plans": [{"Node Type": "Seq Scan","Parent Relationship": "Outer","Parallel Aware": false,"Async Capable": false,"Relation Name": "lineitem","Alias": "lineitem_1","Startup Cost": 0.00,"Total Cost": 172515.15,"Plan Rows": 6001215,"Plan Width": 9,"Actual Startup Time": 0.020,"Actual Total Time": 994.479,"Actual Rows": 6001215,"Actual Loops": 4,"Workers": []}]}]}]},{"Node Type": "Index Scan","Parent Relationship": "Inner","Parallel Aware": false,"Async Capable": false,"Scan Direction": "Forward","Index Name": "idx_lineitem_orderkey","Relation Name": "lineitem","Alias": "lineitem","Startup Cost": 0.43,"Total Cost": 1.06,"Plan Rows": 17,"Plan Width": 9,"Actual Startup Time": 0.068,"Actual Total Time": 0.075,"Actual Rows": 7,"Actual Loops": 9,"Index Cond": "(l_orderkey = orders.o_orderkey)","Rows Removed by Index Recheck": 0,"Workers": []}]},{"Node Type": "Hash","Parent Relationship": "Inner","Parallel Aware": true,"Async Capable": false,"Startup Cost": 4210.00,"Total Cost": 4210.00,"Plan Rows": 62500,"Plan Width": 23,"Actual Startup Time": 33.578,"Actual Total Time": 33.582,"Actual Rows": 37500,"Actual Loops": 4,"Hash Buckets": 262144,"Original Hash Buckets": 262144,"Hash Batches": 1,"Original Hash Batches": 1,"Peak Memory Usage": 10336,"Workers": [],"Plans": [{"Node Type": "Seq Scan","Parent Relationship": "Outer","Parallel Aware": true,"Async Capable": false,"Relation Name": "customer","Alias": "customer","Startup Cost": 0.00,"Total Cost": 4210.00,"Plan Rows": 62500,"Plan Width": 23,"Actual Startup Time": 0.023,"Actual Total Time": 16.777,"Actual Rows": 37500,"Actual Loops": 4,"Workers": []}]}]}]}]}]},"Planning Time": 6.662,"Triggers": [],"Execution Time": 10430.266}]
[{"Plan": {"Node Type": "Sort","Parallel Aware": false,"Async Capable": false,"Startup Cost": 397889.21,"Total Cost": 399077.01,"Plan Rows": 475120,"Plan Width": 71,"Actual Startup Time": 10950.105,"Actual Total Time": 10953.954,"Actual Rows": 9,"Actual Loops": 1,"Sort Key": ["orders.o_totalprice DESC", "orders.o_orderdate"],"Sort Method": "quicksort","Sort Space Used": 25,"Sort Space Type": "Memory","Plans": [{"Node Type": "Aggregate","Strategy": "Hashed","Partial Mode": "Simple","Parent Relationship": "Outer","Parallel Aware": false,"Async Capable": false,"Startup Cost": 347151.30,"Total Cost": 353090.30,"Plan Rows": 475120,"Plan Width": 71,"Actual Startup Time": 10902.471,"Actual Total Time": 10953.715,"Actual Rows": 9,"Actual Loops": 1,"Group Key": ["customer.c_custkey", "orders.o_orderkey"],"Planned Partitions": 0,"HashAgg Batches": 1,"Peak Memory Usage": 24601,"Disk Usage": 0,"Plans": [{"Node Type": "Gather","Parent Relationship": "Outer","Parallel Aware": false,"Async Capable": false,"Startup Cost": 216528.94,"Total Cost": 343587.90,"Plan Rows": 475120,"Plan Width": 44,"Actual Startup Time": 10893.800,"Actual Total Time": 10897.693,"Actual Rows": 63,"Actual Loops": 1,"Workers Planned": 3,"Workers Launched": 3,"Single Copy": false,"Plans": [{"Node Type": "Hash Join","Parent Relationship": "Outer","Parallel Aware": true,"Async Capable": false,"Join Type": "Inner","Startup Cost": 215528.94,"Total Cost": 295075.90,"Plan Rows": 153265,"Plan Width": 44,"Actual Startup Time": 10134.253,"Actual Total Time": 10314.794,"Actual Rows": 16,"Actual Loops": 4,"Inner Unique": true,"Hash Cond": "(orders.o_custkey = customer.c_custkey)","Workers": [],"Plans": [{"Node Type": "Nested Loop","Parent Relationship": "Outer","Parallel Aware": false,"Async Capable": false,"Join Type": "Inner","Startup Cost": 210537.69,"Total Cost": 289682.32,"Plan Rows": 153265,"Plan Width": 25,"Actual Startup Time": 10099.687,"Actual Total Time": 10280.153,"Actual Rows": 16,"Actual Loops": 4,"Inner Unique": false,"Workers": [],"Plans": [{"Node Type": "Hash Join","Parent Relationship": "Outer","Parallel Aware": false,"Async Capable": false,"Join Type": "Inner","Startup Cost": 210537.26,"Total Cost": 242741.13,"Plan Rows": 38308,"Plan Width": 24,"Actual Startup Time": 10099.575,"Actual Total Time": 10279.892,"Actual Rows": 2,"Actual Loops": 4,"Inner Unique": true,"Hash Cond": "(orders.o_orderkey = lineitem_1.l_orderkey)","Workers": [],"Plans": [{"Node Type": "Seq Scan","Parent Relationship": "Outer","Parallel Aware": true,"Async Capable": false,"Relation Name": "orders","Alias": "orders","Startup Cost": 0.00,"Total Cost": 30933.71,"Plan Rows": 483871,"Plan Width": 20,"Actual Startup Time": 0.011,"Actual Total Time": 51.627,"Actual Rows": 375000,"Actual Loops": 4,"Workers": []},{"Node Type": "Hash","Parent Relationship": "Inner","Parallel Aware": false,"Async Capable": false,"Startup Cost": 209052.81,"Total Cost": 209052.81,"Plan Rows": 118756,"Plan Width": 4,"Actual Startup Time": 10016.825,"Actual Total Time": 10016.839,"Actual Rows": 9,"Actual Loops": 4,"Hash Buckets": 131072,"Original Hash Buckets": 131072,"Hash Batches": 1,"Original Hash Batches": 1,"Peak Memory Usage": 1025,"Workers": [],"Plans": [{"Node Type": "Aggregate","Strategy": "Hashed","Partial Mode": "Simple","Parent Relationship": "Outer","Parallel Aware": false,"Async Capable": false,"Startup Cost": 202521.23,"Total Cost": 207865.25,"Plan Rows": 118756,"Plan Width": 4,"Actual Startup Time": 6319.140,"Actual Total Time": 10016.671,"Actual Rows": 9,"Actual Loops": 4,"Group Key": ["lineitem_1.l_orderkey"],"Filter": "(sum(lineitem_1.l_quantity) > '315'::numeric)","Planned Partitions": 0,"HashAgg Batches": 1,"Peak Memory Usage": 638993,"Disk Usage": 0,"Rows Removed by Filter": 1499991,"Workers": [{"Worker Number": 0,"HashAgg Batches": 1,"Peak Memory Usage": 638993,"Disk Usage": 0},{"Worker Number": 1,"HashAgg Batches": 1,"Peak Memory Usage": 638993,"Disk Usage": 0},{"Worker Number": 2,"HashAgg Batches": 1,"Peak Memory Usage": 638993,"Disk Usage": 0}],"Plans": [{"Node Type": "Seq Scan","Parent Relationship": "Outer","Parallel Aware": false,"Async Capable": false,"Relation Name": "lineitem","Alias": "lineitem_1","Startup Cost": 0.00,"Total Cost": 172515.15,"Plan Rows": 6001215,"Plan Width": 9,"Actual Startup Time": 0.018,"Actual Total Time": 971.843,"Actual Rows": 6001215,"Actual Loops": 4,"Workers": []}]}]}]},{"Node Type": "Index Scan","Parent Relationship": "Inner","Parallel Aware": false,"Async Capable": false,"Scan Direction": "Forward","Index Name": "idx_lineitem_orderkey","Relation Name": "lineitem","Alias": "lineitem","Startup Cost": 0.43,"Total Cost": 1.06,"Plan Rows": 17,"Plan Width": 9,"Actual Startup Time": 0.069,"Actual Total Time": 0.079,"Actual Rows": 7,"Actual Loops": 9,"Index Cond": "(l_orderkey = orders.o_orderkey)","Rows Removed by Index Recheck": 0,"Workers": []}]},{"Node Type": "Hash","Parent Relationship": "Inner","Parallel Aware": true,"Async Capable": false,"Startup Cost": 4210.00,"Total Cost": 4210.00,"Plan Rows": 62500,"Plan Width": 23,"Actual Startup Time": 33.677,"Actual Total Time": 33.684,"Actual Rows": 37500,"Actual Loops": 4,"Hash Buckets": 262144,"Original Hash Buckets": 262144,"Hash Batches": 1,"Original Hash Batches": 1,"Peak Memory Usage": 10368,"Workers": [],"Plans": [{"Node Type": "Seq Scan","Parent Relationship": "Outer","Parallel Aware": true,"Async Capable": false,"Relation Name": "customer","Alias": "customer","Startup Cost": 0.00,"Total Cost": 4210.00,"Plan Rows": 62500,"Plan Width": 23,"Actual Startup Time": 0.019,"Actual Total Time": 16.715,"Actual Rows": 37500,"Actual Loops": 4,"Workers": []}]}]}]}]}]},"Planning Time": 6.132,"Triggers": [],"Execution Time": 11002.531}]
[{"Plan": {"Node Type": "Sort","Parallel Aware": false,"Async Capable": false,"Startup Cost": 397889.21,"Total Cost": 399077.01,"Plan Rows": 475120,"Plan Width": 71,"Actual Startup Time": 10887.509,"Actual Total Time": 10908.132,"Actual Rows": 10,"Actual Loops": 1,"Sort Key": ["orders.o_totalprice DESC", "orders.o_orderdate"],"Sort Method": "quicksort","Sort Space Used": 25,"Sort Space Type": "Memory","Plans": [{"Node Type": "Aggregate","Strategy": "Hashed","Partial Mode": "Simple","Parent Relationship": "Outer","Parallel Aware": false,"Async Capable": false,"Startup Cost": 347151.30,"Total Cost": 353090.30,"Plan Rows": 475120,"Plan Width": 71,"Actual Startup Time": 10848.812,"Actual Total Time": 10907.941,"Actual Rows": 10,"Actual Loops": 1,"Group Key": ["customer.c_custkey", "orders.o_orderkey"],"Planned Partitions": 0,"HashAgg Batches": 1,"Peak Memory Usage": 24601,"Disk Usage": 0,"Plans": [{"Node Type": "Gather","Parent Relationship": "Outer","Parallel Aware": false,"Async Capable": false,"Startup Cost": 216528.94,"Total Cost": 343587.90,"Plan Rows": 475120,"Plan Width": 44,"Actual Startup Time": 10782.037,"Actual Total Time": 10858.151,"Actual Rows": 70,"Actual Loops": 1,"Workers Planned": 3,"Workers Launched": 3,"Single Copy": false,"Plans": [{"Node Type": "Hash Join","Parent Relationship": "Outer","Parallel Aware": true,"Async Capable": false,"Join Type": "Inner","Startup Cost": 215528.94,"Total Cost": 295075.90,"Plan Rows": 153265,"Plan Width": 44,"Actual Startup Time": 10180.765,"Actual Total Time": 10348.312,"Actual Rows": 18,"Actual Loops": 4,"Inner Unique": true,"Hash Cond": "(orders.o_custkey = customer.c_custkey)","Workers": [],"Plans": [{"Node Type": "Nested Loop","Parent Relationship": "Outer","Parallel Aware": false,"Async Capable": false,"Join Type": "Inner","Startup Cost": 210537.69,"Total Cost": 289682.32,"Plan Rows": 153265,"Plan Width": 25,"Actual Startup Time": 10142.809,"Actual Total Time": 10310.270,"Actual Rows": 18,"Actual Loops": 4,"Inner Unique": false,"Workers": [],"Plans": [{"Node Type": "Hash Join","Parent Relationship": "Outer","Parallel Aware": false,"Async Capable": false,"Join Type": "Inner","Startup Cost": 210537.26,"Total Cost": 242741.13,"Plan Rows": 38308,"Plan Width": 24,"Actual Startup Time": 10142.670,"Actual Total Time": 10309.991,"Actual Rows": 2,"Actual Loops": 4,"Inner Unique": true,"Hash Cond": "(orders.o_orderkey = lineitem_1.l_orderkey)","Workers": [],"Plans": [{"Node Type": "Seq Scan","Parent Relationship": "Outer","Parallel Aware": true,"Async Capable": false,"Relation Name": "orders","Alias": "orders","Startup Cost": 0.00,"Total Cost": 30933.71,"Plan Rows": 483871,"Plan Width": 20,"Actual Startup Time": 0.009,"Actual Total Time": 49.040,"Actual Rows": 375000,"Actual Loops": 4,"Workers": []},{"Node Type": "Hash","Parent Relationship": "Inner","Parallel Aware": false,"Async Capable": false,"Startup Cost": 209052.81,"Total Cost": 209052.81,"Plan Rows": 118756,"Plan Width": 4,"Actual Startup Time": 10075.163,"Actual Total Time": 10075.176,"Actual Rows": 10,"Actual Loops": 4,"Hash Buckets": 131072,"Original Hash Buckets": 131072,"Hash Batches": 1,"Original Hash Batches": 1,"Peak Memory Usage": 1025,"Workers": [],"Plans": [{"Node Type": "Aggregate","Strategy": "Hashed","Partial Mode": "Simple","Parent Relationship": "Outer","Parallel Aware": false,"Async Capable": false,"Startup Cost": 202521.23,"Total Cost": 207865.25,"Plan Rows": 118756,"Plan Width": 4,"Actual Startup Time": 6293.151,"Actual Total Time": 10074.968,"Actual Rows": 10,"Actual Loops": 4,"Group Key": ["lineitem_1.l_orderkey"],"Filter": "(sum(lineitem_1.l_quantity) > '312'::numeric)","Planned Partitions": 0,"HashAgg Batches": 1,"Peak Memory Usage": 638993,"Disk Usage": 0,"Rows Removed by Filter": 1499990,"Workers": [{"Worker Number": 0,"HashAgg Batches": 1,"Peak Memory Usage": 638993,"Disk Usage": 0},{"Worker Number": 1,"HashAgg Batches": 1,"Peak Memory Usage": 638993,"Disk Usage": 0},{"Worker Number": 2,"HashAgg Batches": 1,"Peak Memory Usage": 638993,"Disk Usage": 0}],"Plans": [{"Node Type": "Seq Scan","Parent Relationship": "Outer","Parallel Aware": false,"Async Capable": false,"Relation Name": "lineitem","Alias": "lineitem_1","Startup Cost": 0.00,"Total Cost": 172515.15,"Plan Rows": 6001215,"Plan Width": 9,"Actual Startup Time": 0.021,"Actual Total Time": 960.546,"Actual Rows": 6001215,"Actual Loops": 4,"Workers": []}]}]}]},{"Node Type": "Index Scan","Parent Relationship": "Inner","Parallel Aware": false,"Async Capable": false,"Scan Direction": "Forward","Index Name": "idx_lineitem_orderkey","Relation Name": "lineitem","Alias": "lineitem","Startup Cost": 0.43,"Total Cost": 1.06,"Plan Rows": 17,"Plan Width": 9,"Actual Startup Time": 0.072,"Actual Total Time": 0.079,"Actual Rows": 7,"Actual Loops": 10,"Index Cond": "(l_orderkey = orders.o_orderkey)","Rows Removed by Index Recheck": 0,"Workers": []}]},{"Node Type": "Hash","Parent Relationship": "Inner","Parallel Aware": true,"Async Capable": false,"Startup Cost": 4210.00,"Total Cost": 4210.00,"Plan Rows": 62500,"Plan Width": 23,"Actual Startup Time": 37.105,"Actual Total Time": 37.114,"Actual Rows": 37500,"Actual Loops": 4,"Hash Buckets": 262144,"Original Hash Buckets": 262144,"Hash Batches": 1,"Original Hash Batches": 1,"Peak Memory Usage": 10368,"Workers": [],"Plans": [{"Node Type": "Seq Scan","Parent Relationship": "Outer","Parallel Aware": true,"Async Capable": false,"Relation Name": "customer","Alias": "customer","Startup Cost": 0.00,"Total Cost": 4210.00,"Plan Rows": 62500,"Plan Width": 23,"Actual Startup Time": 0.025,"Actual Total Time": 19.726,"Actual Rows": 37500,"Actual Loops": 4,"Workers": []}]}]}]}]}]},"Planning Time": 6.715,"Triggers": [],"Execution Time": 10961.817}]
[{"Plan": {"Node Type": "Sort","Parallel Aware": false,"Async Capable": false,"Startup Cost": 397889.21,"Total Cost": 399077.01,"Plan Rows": 475120,"Plan Width": 71,"Actual Startup Time": 10785.011,"Actual Total Time": 10839.032,"Actual Rows": 9,"Actual Loops": 1,"Sort Key": ["orders.o_totalprice DESC", "orders.o_orderdate"],"Sort Method": "quicksort","Sort Space Used": 25,"Sort Space Type": "Memory","Plans": [{"Node Type": "Aggregate","Strategy": "Hashed","Partial Mode": "Simple","Parent Relationship": "Outer","Parallel Aware": false,"Async Capable": false,"Startup Cost": 347151.30,"Total Cost": 353090.30,"Plan Rows": 475120,"Plan Width": 71,"Actual Startup Time": 10763.855,"Actual Total Time": 10838.848,"Actual Rows": 9,"Actual Loops": 1,"Group Key": ["customer.c_custkey", "orders.o_orderkey"],"Planned Partitions": 0,"HashAgg Batches": 1,"Peak Memory Usage": 24601,"Disk Usage": 0,"Plans": [{"Node Type": "Gather","Parent Relationship": "Outer","Parallel Aware": false,"Async Capable": false,"Startup Cost": 216528.94,"Total Cost": 343587.90,"Plan Rows": 475120,"Plan Width": 44,"Actual Startup Time": 9674.071,"Actual Total Time": 10813.470,"Actual Rows": 63,"Actual Loops": 1,"Workers Planned": 3,"Workers Launched": 3,"Single Copy": false,"Plans": [{"Node Type": "Hash Join","Parent Relationship": "Outer","Parallel Aware": true,"Async Capable": false,"Join Type": "Inner","Startup Cost": 215528.94,"Total Cost": 295075.90,"Plan Rows": 153265,"Plan Width": 44,"Actual Startup Time": 10141.072,"Actual Total Time": 10312.965,"Actual Rows": 16,"Actual Loops": 4,"Inner Unique": true,"Hash Cond": "(orders.o_custkey = customer.c_custkey)","Workers": [],"Plans": [{"Node Type": "Nested Loop","Parent Relationship": "Outer","Parallel Aware": false,"Async Capable": false,"Join Type": "Inner","Startup Cost": 210537.69,"Total Cost": 289682.32,"Plan Rows": 153265,"Plan Width": 25,"Actual Startup Time": 10104.129,"Actual Total Time": 10275.947,"Actual Rows": 16,"Actual Loops": 4,"Inner Unique": false,"Workers": [],"Plans": [{"Node Type": "Hash Join","Parent Relationship": "Outer","Parallel Aware": false,"Async Capable": false,"Join Type": "Inner","Startup Cost": 210537.26,"Total Cost": 242741.13,"Plan Rows": 38308,"Plan Width": 24,"Actual Startup Time": 10104.052,"Actual Total Time": 10275.739,"Actual Rows": 2,"Actual Loops": 4,"Inner Unique": true,"Hash Cond": "(orders.o_orderkey = lineitem_1.l_orderkey)","Workers": [],"Plans": [{"Node Type": "Seq Scan","Parent Relationship": "Outer","Parallel Aware": true,"Async Capable": false,"Relation Name": "orders","Alias": "orders","Startup Cost": 0.00,"Total Cost": 30933.71,"Plan Rows": 483871,"Plan Width": 20,"Actual Startup Time": 0.007,"Actual Total Time": 53.689,"Actual Rows": 375000,"Actual Loops": 4,"Workers": []},{"Node Type": "Hash","Parent Relationship": "Inner","Parallel Aware": false,"Async Capable": false,"Startup Cost": 209052.81,"Total Cost": 209052.81,"Plan Rows": 118756,"Plan Width": 4,"Actual Startup Time": 10025.157,"Actual Total Time": 10025.166,"Actual Rows": 9,"Actual Loops": 4,"Hash Buckets": 131072,"Original Hash Buckets": 131072,"Hash Batches": 1,"Original Hash Batches": 1,"Peak Memory Usage": 1025,"Workers": [],"Plans": [{"Node Type": "Aggregate","Strategy": "Hashed","Partial Mode": "Simple","Parent Relationship": "Outer","Parallel Aware": false,"Async Capable": false,"Startup Cost": 202521.23,"Total Cost": 207865.25,"Plan Rows": 118756,"Plan Width": 4,"Actual Startup Time": 6285.839,"Actual Total Time": 10024.981,"Actual Rows": 9,"Actual Loops": 4,"Group Key": ["lineitem_1.l_orderkey"],"Filter": "(sum(lineitem_1.l_quantity) > '314'::numeric)","Planned Partitions": 0,"HashAgg Batches": 1,"Peak Memory Usage": 638993,"Disk Usage": 0,"Rows Removed by Filter": 1499991,"Workers": [{"Worker Number": 0,"HashAgg Batches": 1,"Peak Memory Usage": 638993,"Disk Usage": 0},{"Worker Number": 1,"HashAgg Batches": 1,"Peak Memory Usage": 638993,"Disk Usage": 0},{"Worker Number": 2,"HashAgg Batches": 1,"Peak Memory Usage": 638993,"Disk Usage": 0}],"Plans": [{"Node Type": "Seq Scan","Parent Relationship": "Outer","Parallel Aware": false,"Async Capable": false,"Relation Name": "lineitem","Alias": "lineitem_1","Startup Cost": 0.00,"Total Cost": 172515.15,"Plan Rows": 6001215,"Plan Width": 9,"Actual Startup Time": 0.019,"Actual Total Time": 931.752,"Actual Rows": 6001215,"Actual Loops": 4,"Workers": []}]}]}]},{"Node Type": "Index Scan","Parent Relationship": "Inner","Parallel Aware": false,"Async Capable": false,"Scan Direction": "Forward","Index Name": "idx_lineitem_orderkey","Relation Name": "lineitem","Alias": "lineitem","Startup Cost": 0.43,"Total Cost": 1.06,"Plan Rows": 17,"Plan Width": 9,"Actual Startup Time": 0.055,"Actual Total Time": 0.062,"Actual Rows": 7,"Actual Loops": 9,"Index Cond": "(l_orderkey = orders.o_orderkey)","Rows Removed by Index Recheck": 0,"Workers": []}]},{"Node Type": "Hash","Parent Relationship": "Inner","Parallel Aware": true,"Async Capable": false,"Startup Cost": 4210.00,"Total Cost": 4210.00,"Plan Rows": 62500,"Plan Width": 23,"Actual Startup Time": 36.172,"Actual Total Time": 36.190,"Actual Rows": 37500,"Actual Loops": 4,"Hash Buckets": 262144,"Original Hash Buckets": 262144,"Hash Batches": 1,"Original Hash Batches": 1,"Peak Memory Usage": 10336,"Workers": [],"Plans": [{"Node Type": "Seq Scan","Parent Relationship": "Outer","Parallel Aware": true,"Async Capable": false,"Relation Name": "customer","Alias": "customer","Startup Cost": 0.00,"Total Cost": 4210.00,"Plan Rows": 62500,"Plan Width": 23,"Actual Startup Time": 0.024,"Actual Total Time": 17.933,"Actual Rows": 37500,"Actual Loops": 4,"Workers": []}]}]}]}]}]},"Planning Time": 6.881,"Triggers": [],"Execution Time": 10893.482}]
[{"Plan": {"Node Type": "Sort","Parallel Aware": false,"Async Capable": false,"Startup Cost": 397889.21,"Total Cost": 399077.01,"Plan Rows": 475120,"Plan Width": 71,"Actual Startup Time": 10345.847,"Actual Total Time": 10377.998,"Actual Rows": 9,"Actual Loops": 1,"Sort Key": ["orders.o_totalprice DESC", "orders.o_orderdate"],"Sort Method": "quicksort","Sort Space Used": 25,"Sort Space Type": "Memory","Plans": [{"Node Type": "Aggregate","Strategy": "Hashed","Partial Mode": "Simple","Parent Relationship": "Outer","Parallel Aware": false,"Async Capable": false,"Startup Cost": 347151.30,"Total Cost": 353090.30,"Plan Rows": 475120,"Plan Width": 71,"Actual Startup Time": 10329.232,"Actual Total Time": 10377.856,"Actual Rows": 9,"Actual Loops": 1,"Group Key": ["customer.c_custkey", "orders.o_orderkey"],"Planned Partitions": 0,"HashAgg Batches": 1,"Peak Memory Usage": 24601,"Disk Usage": 0,"Plans": [{"Node Type": "Gather","Parent Relationship": "Outer","Parallel Aware": false,"Async Capable": false,"Startup Cost": 216528.94,"Total Cost": 343587.90,"Plan Rows": 475120,"Plan Width": 44,"Actual Startup Time": 10053.961,"Actual Total Time": 10357.615,"Actual Rows": 63,"Actual Loops": 1,"Workers Planned": 3,"Workers Launched": 3,"Single Copy": false,"Plans": [{"Node Type": "Hash Join","Parent Relationship": "Outer","Parallel Aware": true,"Async Capable": false,"Join Type": "Inner","Startup Cost": 215528.94,"Total Cost": 295075.90,"Plan Rows": 153265,"Plan Width": 44,"Actual Startup Time": 10157.696,"Actual Total Time": 10258.651,"Actual Rows": 16,"Actual Loops": 4,"Inner Unique": true,"Hash Cond": "(orders.o_custkey = customer.c_custkey)","Workers": [],"Plans": [{"Node Type": "Nested Loop","Parent Relationship": "Outer","Parallel Aware": false,"Async Capable": false,"Join Type": "Inner","Startup Cost": 210537.69,"Total Cost": 289682.32,"Plan Rows": 153265,"Plan Width": 25,"Actual Startup Time": 10123.332,"Actual Total Time": 10224.239,"Actual Rows": 16,"Actual Loops": 4,"Inner Unique": false,"Workers": [],"Plans": [{"Node Type": "Hash Join","Parent Relationship": "Outer","Parallel Aware": false,"Async Capable": false,"Join Type": "Inner","Startup Cost": 210537.26,"Total Cost": 242741.13,"Plan Rows": 38308,"Plan Width": 24,"Actual Startup Time": 10123.186,"Actual Total Time": 10223.998,"Actual Rows": 2,"Actual Loops": 4,"Inner Unique": true,"Hash Cond": "(orders.o_orderkey = lineitem_1.l_orderkey)","Workers": [],"Plans": [{"Node Type": "Seq Scan","Parent Relationship": "Outer","Parallel Aware": true,"Async Capable": false,"Relation Name": "orders","Alias": "orders","Startup Cost": 0.00,"Total Cost": 30933.71,"Plan Rows": 483871,"Plan Width": 20,"Actual Startup Time": 0.011,"Actual Total Time": 49.852,"Actual Rows": 375000,"Actual Loops": 4,"Workers": []},{"Node Type": "Hash","Parent Relationship": "Inner","Parallel Aware": false,"Async Capable": false,"Startup Cost": 209052.81,"Total Cost": 209052.81,"Plan Rows": 118756,"Plan Width": 4,"Actual Startup Time": 10005.666,"Actual Total Time": 10005.673,"Actual Rows": 9,"Actual Loops": 4,"Hash Buckets": 131072,"Original Hash Buckets": 131072,"Hash Batches": 1,"Original Hash Batches": 1,"Peak Memory Usage": 1025,"Workers": [],"Plans": [{"Node Type": "Aggregate","Strategy": "Hashed","Partial Mode": "Simple","Parent Relationship": "Outer","Parallel Aware": false,"Async Capable": false,"Startup Cost": 202521.23,"Total Cost": 207865.25,"Plan Rows": 118756,"Plan Width": 4,"Actual Startup Time": 6310.010,"Actual Total Time": 10005.543,"Actual Rows": 9,"Actual Loops": 4,"Group Key": ["lineitem_1.l_orderkey"],"Filter": "(sum(lineitem_1.l_quantity) > '313'::numeric)","Planned Partitions": 0,"HashAgg Batches": 1,"Peak Memory Usage": 638993,"Disk Usage": 0,"Rows Removed by Filter": 1499991,"Workers": [{"Worker Number": 0,"HashAgg Batches": 1,"Peak Memory Usage": 638993,"Disk Usage": 0},{"Worker Number": 1,"HashAgg Batches": 1,"Peak Memory Usage": 638993,"Disk Usage": 0},{"Worker Number": 2,"HashAgg Batches": 1,"Peak Memory Usage": 638993,"Disk Usage": 0}],"Plans": [{"Node Type": "Seq Scan","Parent Relationship": "Outer","Parallel Aware": false,"Async Capable": false,"Relation Name": "lineitem","Alias": "lineitem_1","Startup Cost": 0.00,"Total Cost": 172515.15,"Plan Rows": 6001215,"Plan Width": 9,"Actual Startup Time": 0.020,"Actual Total Time": 994.479,"Actual Rows": 6001215,"Actual Loops": 4,"Workers": []}]}]}]},{"Node Type": "Index Scan","Parent Relationship": "Inner","Parallel Aware": false,"Async Capable": false,"Scan Direction": "Forward","Index Name": "idx_lineitem_orderkey","Relation Name": "lineitem","Alias": "lineitem","Startup Cost": 0.43,"Total Cost": 1.06,"Plan Rows": 17,"Plan Width": 9,"Actual Startup Time": 0.068,"Actual Total Time": 0.075,"Actual Rows": 7,"Actual Loops": 9,"Index Cond": "(l_orderkey = orders.o_orderkey)","Rows Removed by Index Recheck": 0,"Workers": []}]},{"Node Type": "Hash","Parent Relationship": "Inner","Parallel Aware": true,"Async Capable": false,"Startup Cost": 4210.00,"Total Cost": 4210.00,"Plan Rows": 62500,"Plan Width": 23,"Actual Startup Time": 33.578,"Actual Total Time": 33.582,"Actual Rows": 37500,"Actual Loops": 4,"Hash Buckets": 262144,"Original Hash Buckets": 262144,"Hash Batches": 1,"Original Hash Batches": 1,"Peak Memory Usage": 10336,"Workers": [],"Plans": [{"Node Type": "Seq Scan","Parent Relationship": "Outer","Parallel Aware": true,"Async Capable": false,"Relation Name": "customer","Alias": "customer","Startup Cost": 0.00,"Total Cost": 4210.00,"Plan Rows": 62500,"Plan Width": 23,"Actual Startup Time": 0.023,"Actual Total Time": 16.777,"Actual Rows": 37500,"Actual Loops": 4,"Workers": []}]}]}]}]}]},"Planning Time": 6.662,"Triggers": [],"Execution Time": 10430.266}]
[{"Plan": {"Node Type": "Sort","Parallel Aware": false,"Async Capable": false,"Startup Cost": 397889.21,"Total Cost": 399077.01,"Plan Rows": 475120,"Plan Width": 71,"Actual Startup Time": 10345.847,"Actual Total Time": 10377.998,"Actual Rows": 9,"Actual Loops": 1,"Sort Key": ["orders.o_totalprice DESC", "orders.o_orderdate"],"Sort Method": "quicksort","Sort Space Used": 25,"Sort Space Type": "Memory","Plans": [{"Node Type": "Aggregate","Strategy": "Hashed","Partial Mode": "Simple","Parent Relationship": "Outer","Parallel Aware": false,"Async Capable": false,"Startup Cost": 347151.30,"Total Cost": 353090.30,"Plan Rows": 475120,"Plan Width": 71,"Actual Startup Time": 10329.232,"Actual Total Time": 10377.856,"Actual Rows": 9,"Actual Loops": 1,"Group Key": ["customer.c_custkey", "orders.o_orderkey"],"Planned Partitions": 0,"HashAgg Batches": 1,"Peak Memory Usage": 24601,"Disk Usage": 0,"Plans": [{"Node Type": "Gather","Parent Relationship": "Outer","Parallel Aware": false,"Async Capable": false,"Startup Cost": 216528.94,"Total Cost": 343587.90,"Plan Rows": 475120,"Plan Width": 44,"Actual Startup Time": 10053.961,"Actual Total Time": 10357.615,"Actual Rows": 63,"Actual Loops": 1,"Workers Planned": 3,"Workers Launched": 3,"Single Copy": false,"Plans": [{"Node Type": "Hash Join","Parent Relationship": "Outer","Parallel Aware": true,"Async Capable": false,"Join Type": "Inner","Startup Cost": 215528.94,"Total Cost": 295075.90,"Plan Rows": 153265,"Plan Width": 44,"Actual Startup Time": 10157.696,"Actual Total Time": 10258.651,"Actual Rows": 16,"Actual Loops": 4,"Inner Unique": true,"Hash Cond": "(orders.o_custkey = customer.c_custkey)","Workers": [],"Plans": [{"Node Type": "Nested Loop","Parent Relationship": "Outer","Parallel Aware": false,"Async Capable": false,"Join Type": "Inner","Startup Cost": 210537.69,"Total Cost": 289682.32,"Plan Rows": 153265,"Plan Width": 25,"Actual Startup Time": 10123.332,"Actual Total Time": 10224.239,"Actual Rows": 16,"Actual Loops": 4,"Inner Unique": false,"Workers": [],"Plans": [{"Node Type": "Hash Join","Parent Relationship": "Outer","Parallel Aware": false,"Async Capable": false,"Join Type": "Inner","Startup Cost": 210537.26,"Total Cost": 242741.13,"Plan Rows": 38308,"Plan Width": 24,"Actual Startup Time": 10123.186,"Actual Total Time": 10223.998,"Actual Rows": 2,"Actual Loops": 4,"Inner Unique": true,"Hash Cond": "(orders.o_orderkey = lineitem_1.l_orderkey)","Workers": [],"Plans": [{"Node Type": "Seq Scan","Parent Relationship": "Outer","Parallel Aware": true,"Async Capable": false,"Relation Name": "orders","Alias": "orders","Startup Cost": 0.00,"Total Cost": 30933.71,"Plan Rows": 483871,"Plan Width": 20,"Actual Startup Time": 0.011,"Actual Total Time": 49.852,"Actual Rows": 375000,"Actual Loops": 4,"Workers": []},{"Node Type": "Hash","Parent Relationship": "Inner","Parallel Aware": false,"Async Capable": false,"Startup Cost": 209052.81,"Total Cost": 209052.81,"Plan Rows": 118756,"Plan Width": 4,"Actual Startup Time": 10005.666,"Actual Total Time": 10005.673,"Actual Rows": 9,"Actual Loops": 4,"Hash Buckets": 131072,"Original Hash Buckets": 131072,"Hash Batches": 1,"Original Hash Batches": 1,"Peak Memory Usage": 1025,"Workers": [],"Plans": [{"Node Type": "Aggregate","Strategy": "Hashed","Partial Mode": "Simple","Parent Relationship": "Outer","Parallel Aware": false,"Async Capable": false,"Startup Cost": 202521.23,"Total Cost": 207865.25,"Plan Rows": 118756,"Plan Width": 4,"Actual Startup Time": 6310.010,"Actual Total Time": 10005.543,"Actual Rows": 9,"Actual Loops": 4,"Group Key": ["lineitem_1.l_orderkey"],"Filter": "(sum(lineitem_1.l_quantity) > '313'::numeric)","Planned Partitions": 0,"HashAgg Batches": 1,"Peak Memory Usage": 638993,"Disk Usage": 0,"Rows Removed by Filter": 1499991,"Workers": [{"Worker Number": 0,"HashAgg Batches": 1,"Peak Memory Usage": 638993,"Disk Usage": 0},{"Worker Number": 1,"HashAgg Batches": 1,"Peak Memory Usage": 638993,"Disk Usage": 0},{"Worker Number": 2,"HashAgg Batches": 1,"Peak Memory Usage": 638993,"Disk Usage": 0}],"Plans": [{"Node Type": "Seq Scan","Parent Relationship": "Outer","Parallel Aware": false,"Async Capable": false,"Relation Name": "lineitem","Alias": "lineitem_1","Startup Cost": 0.00,"Total Cost": 172515.15,"Plan Rows": 6001215,"Plan Width": 9,"Actual Startup Time": 0.020,"Actual Total Time": 994.479,"Actual Rows": 6001215,"Actual Loops": 4,"Workers": []}]}]}]},{"Node Type": "Index Scan","Parent Relationship": "Inner","Parallel Aware": false,"Async Capable": false,"Scan Direction": "Forward","Index Name": "idx_lineitem_orderkey","Relation Name": "lineitem","Alias": "lineitem","Startup Cost": 0.43,"Total Cost": 1.06,"Plan Rows": 17,"Plan Width": 9,"Actual Startup Time": 0.068,"Actual Total Time": 0.075,"Actual Rows": 7,"Actual Loops": 9,"Index Cond": "(l_orderkey = orders.o_orderkey)","Rows Removed by Index Recheck": 0,"Workers": []}]},{"Node Type": "Hash","Parent Relationship": "Inner","Parallel Aware": true,"Async Capable": false,"Startup Cost": 4210.00,"Total Cost": 4210.00,"Plan Rows": 62500,"Plan Width": 23,"Actual Startup Time": 33.578,"Actual Total Time": 33.582,"Actual Rows": 37500,"Actual Loops": 4,"Hash Buckets": 262144,"Original Hash Buckets": 262144,"Hash Batches": 1,"Original Hash Batches": 1,"Peak Memory Usage": 10336,"Workers": [],"Plans": [{"Node Type": "Seq Scan","Parent Relationship": "Outer","Parallel Aware": true,"Async Capable": false,"Relation Name": "customer","Alias": "customer","Startup Cost": 0.00,"Total Cost": 4210.00,"Plan Rows": 62500,"Plan Width": 23,"Actual Startup Time": 0.023,"Actual Total Time": 16.777,"Actual Rows": 37500,"Actual Loops": 4,"Workers": []}]}]}]}]}]},"Planning Time": 6.662,"Triggers": [],"Execution Time": 10430.266}]
[{"Plan": {"Node Type": "Sort","Parallel Aware": false,"Async Capable": false,"Startup Cost": 397889.21,"Total Cost": 399077.01,"Plan Rows": 475120,"Plan Width": 71,"Actual Startup Time": 10785.011,"Actual Total Time": 10839.032,"Actual Rows": 9,"Actual Loops": 1,"Sort Key": ["orders.o_totalprice DESC", "orders.o_orderdate"],"Sort Method": "quicksort","Sort Space Used": 25,"Sort Space Type": "Memory","Plans": [{"Node Type": "Aggregate","Strategy": "Hashed","Partial Mode": "Simple","Parent Relationship": "Outer","Parallel Aware": false,"Async Capable": false,"Startup Cost": 347151.30,"Total Cost": 353090.30,"Plan Rows": 475120,"Plan Width": 71,"Actual Startup Time": 10763.855,"Actual Total Time": 10838.848,"Actual Rows": 9,"Actual Loops": 1,"Group Key": ["customer.c_custkey", "orders.o_orderkey"],"Planned Partitions": 0,"HashAgg Batches": 1,"Peak Memory Usage": 24601,"Disk Usage": 0,"Plans": [{"Node Type": "Gather","Parent Relationship": "Outer","Parallel Aware": false,"Async Capable": false,"Startup Cost": 216528.94,"Total Cost": 343587.90,"Plan Rows": 475120,"Plan Width": 44,"Actual Startup Time": 9674.071,"Actual Total Time": 10813.470,"Actual Rows": 63,"Actual Loops": 1,"Workers Planned": 3,"Workers Launched": 3,"Single Copy": false,"Plans": [{"Node Type": "Hash Join","Parent Relationship": "Outer","Parallel Aware": true,"Async Capable": false,"Join Type": "Inner","Startup Cost": 215528.94,"Total Cost": 295075.90,"Plan Rows": 153265,"Plan Width": 44,"Actual Startup Time": 10141.072,"Actual Total Time": 10312.965,"Actual Rows": 16,"Actual Loops": 4,"Inner Unique": true,"Hash Cond": "(orders.o_custkey = customer.c_custkey)","Workers": [],"Plans": [{"Node Type": "Nested Loop","Parent Relationship": "Outer","Parallel Aware": false,"Async Capable": false,"Join Type": "Inner","Startup Cost": 210537.69,"Total Cost": 289682.32,"Plan Rows": 153265,"Plan Width": 25,"Actual Startup Time": 10104.129,"Actual Total Time": 10275.947,"Actual Rows": 16,"Actual Loops": 4,"Inner Unique": false,"Workers": [],"Plans": [{"Node Type": "Hash Join","Parent Relationship": "Outer","Parallel Aware": false,"Async Capable": false,"Join Type": "Inner","Startup Cost": 210537.26,"Total Cost": 242741.13,"Plan Rows": 38308,"Plan Width": 24,"Actual Startup Time": 10104.052,"Actual Total Time": 10275.739,"Actual Rows": 2,"Actual Loops": 4,"Inner Unique": true,"Hash Cond": "(orders.o_orderkey = lineitem_1.l_orderkey)","Workers": [],"Plans": [{"Node Type": "Seq Scan","Parent Relationship": "Outer","Parallel Aware": true,"Async Capable": false,"Relation Name": "orders","Alias": "orders","Startup Cost": 0.00,"Total Cost": 30933.71,"Plan Rows": 483871,"Plan Width": 20,"Actual Startup Time": 0.007,"Actual Total Time": 53.689,"Actual Rows": 375000,"Actual Loops": 4,"Workers": []},{"Node Type": "Hash","Parent Relationship": "Inner","Parallel Aware": false,"Async Capable": false,"Startup Cost": 209052.81,"Total Cost": 209052.81,"Plan Rows": 118756,"Plan Width": 4,"Actual Startup Time": 10025.157,"Actual Total Time": 10025.166,"Actual Rows": 9,"Actual Loops": 4,"Hash Buckets": 131072,"Original Hash Buckets": 131072,"Hash Batches": 1,"Original Hash Batches": 1,"Peak Memory Usage": 1025,"Workers": [],"Plans": [{"Node Type": "Aggregate","Strategy": "Hashed","Partial Mode": "Simple","Parent Relationship": "Outer","Parallel Aware": false,"Async Capable": false,"Startup Cost": 202521.23,"Total Cost": 207865.25,"Plan Rows": 118756,"Plan Width": 4,"Actual Startup Time": 6285.839,"Actual Total Time": 10024.981,"Actual Rows": 9,"Actual Loops": 4,"Group Key": ["lineitem_1.l_orderkey"],"Filter": "(sum(lineitem_1.l_quantity) > '314'::numeric)","Planned Partitions": 0,"HashAgg Batches": 1,"Peak Memory Usage": 638993,"Disk Usage": 0,"Rows Removed by Filter": 1499991,"Workers": [{"Worker Number": 0,"HashAgg Batches": 1,"Peak Memory Usage": 638993,"Disk Usage": 0},{"Worker Number": 1,"HashAgg Batches": 1,"Peak Memory Usage": 638993,"Disk Usage": 0},{"Worker Number": 2,"HashAgg Batches": 1,"Peak Memory Usage": 638993,"Disk Usage": 0}],"Plans": [{"Node Type": "Seq Scan","Parent Relationship": "Outer","Parallel Aware": false,"Async Capable": false,"Relation Name": "lineitem","Alias": "lineitem_1","Startup Cost": 0.00,"Total Cost": 172515.15,"Plan Rows": 6001215,"Plan Width": 9,"Actual Startup Time": 0.019,"Actual Total Time": 931.752,"Actual Rows": 6001215,"Actual Loops": 4,"Workers": []}]}]}]},{"Node Type": "Index Scan","Parent Relationship": "Inner","Parallel Aware": false,"Async Capable": false,"Scan Direction": "Forward","Index Name": "idx_lineitem_orderkey","Relation Name": "lineitem","Alias": "lineitem","Startup Cost": 0.43,"Total Cost": 1.06,"Plan Rows": 17,"Plan Width": 9,"Actual Startup Time": 0.055,"Actual Total Time": 0.062,"Actual Rows": 7,"Actual Loops": 9,"Index Cond": "(l_orderkey = orders.o_orderkey)","Rows Removed by Index Recheck": 0,"Workers": []}]},{"Node Type": "Hash","Parent Relationship": "Inner","Parallel Aware": true,"Async Capable": false,"Startup Cost": 4210.00,"Total Cost": 4210.00,"Plan Rows": 62500,"Plan Width": 23,"Actual Startup Time": 36.172,"Actual Total Time": 36.190,"Actual Rows": 37500,"Actual Loops": 4,"Hash Buckets": 262144,"Original Hash Buckets": 262144,"Hash Batches": 1,"Original Hash Batches": 1,"Peak Memory Usage": 10336,"Workers": [],"Plans": [{"Node Type": "Seq Scan","Parent Relationship": "Outer","Parallel Aware": true,"Async Capable": false,"Relation Name": "customer","Alias": "customer","Startup Cost": 0.00,"Total Cost": 4210.00,"Plan Rows": 62500,"Plan Width": 23,"Actual Startup Time": 0.024,"Actual Total Time": 17.933,"Actual Rows": 37500,"Actual Loops": 4,"Workers": []}]}]}]}]}]},"Planning Time": 6.881,"Triggers": [],"Execution Time": 10893.482}]
[{"Plan": {"Node Type": "Sort","Parallel Aware": false,"Async Capable": false,"Startup Cost": 397889.21,"Total Cost": 399077.01,"Plan Rows": 475120,"Plan Width": 71,"Actual Startup Time": 10887.509,"Actual Total Time": 10908.132,"Actual Rows": 10,"Actual Loops": 1,"Sort Key": ["orders.o_totalprice DESC", "orders.o_orderdate"],"Sort Method": "quicksort","Sort Space Used": 25,"Sort Space Type": "Memory","Plans": [{"Node Type": "Aggregate","Strategy": "Hashed","Partial Mode": "Simple","Parent Relationship": "Outer","Parallel Aware": false,"Async Capable": false,"Startup Cost": 347151.30,"Total Cost": 353090.30,"Plan Rows": 475120,"Plan Width": 71,"Actual Startup Time": 10848.812,"Actual Total Time": 10907.941,"Actual Rows": 10,"Actual Loops": 1,"Group Key": ["customer.c_custkey", "orders.o_orderkey"],"Planned Partitions": 0,"HashAgg Batches": 1,"Peak Memory Usage": 24601,"Disk Usage": 0,"Plans": [{"Node Type": "Gather","Parent Relationship": "Outer","Parallel Aware": false,"Async Capable": false,"Startup Cost": 216528.94,"Total Cost": 343587.90,"Plan Rows": 475120,"Plan Width": 44,"Actual Startup Time": 10782.037,"Actual Total Time": 10858.151,"Actual Rows": 70,"Actual Loops": 1,"Workers Planned": 3,"Workers Launched": 3,"Single Copy": false,"Plans": [{"Node Type": "Hash Join","Parent Relationship": "Outer","Parallel Aware": true,"Async Capable": false,"Join Type": "Inner","Startup Cost": 215528.94,"Total Cost": 295075.90,"Plan Rows": 153265,"Plan Width": 44,"Actual Startup Time": 10180.765,"Actual Total Time": 10348.312,"Actual Rows": 18,"Actual Loops": 4,"Inner Unique": true,"Hash Cond": "(orders.o_custkey = customer.c_custkey)","Workers": [],"Plans": [{"Node Type": "Nested Loop","Parent Relationship": "Outer","Parallel Aware": false,"Async Capable": false,"Join Type": "Inner","Startup Cost": 210537.69,"Total Cost": 289682.32,"Plan Rows": 153265,"Plan Width": 25,"Actual Startup Time": 10142.809,"Actual Total Time": 10310.270,"Actual Rows": 18,"Actual Loops": 4,"Inner Unique": false,"Workers": [],"Plans": [{"Node Type": "Hash Join","Parent Relationship": "Outer","Parallel Aware": false,"Async Capable": false,"Join Type": "Inner","Startup Cost": 210537.26,"Total Cost": 242741.13,"Plan Rows": 38308,"Plan Width": 24,"Actual Startup Time": 10142.670,"Actual Total Time": 10309.991,"Actual Rows": 2,"Actual Loops": 4,"Inner Unique": true,"Hash Cond": "(orders.o_orderkey = lineitem_1.l_orderkey)","Workers": [],"Plans": [{"Node Type": "Seq Scan","Parent Relationship": "Outer","Parallel Aware": true,"Async Capable": false,"Relation Name": "orders","Alias": "orders","Startup Cost": 0.00,"Total Cost": 30933.71,"Plan Rows": 483871,"Plan Width": 20,"Actual Startup Time": 0.009,"Actual Total Time": 49.040,"Actual Rows": 375000,"Actual Loops": 4,"Workers": []},{"Node Type": "Hash","Parent Relationship": "Inner","Parallel Aware": false,"Async Capable": false,"Startup Cost": 209052.81,"Total Cost": 209052.81,"Plan Rows": 118756,"Plan Width": 4,"Actual Startup Time": 10075.163,"Actual Total Time": 10075.176,"Actual Rows": 10,"Actual Loops": 4,"Hash Buckets": 131072,"Original Hash Buckets": 131072,"Hash Batches": 1,"Original Hash Batches": 1,"Peak Memory Usage": 1025,"Workers": [],"Plans": [{"Node Type": "Aggregate","Strategy": "Hashed","Partial Mode": "Simple","Parent Relationship": "Outer","Parallel Aware": false,"Async Capable": false,"Startup Cost": 202521.23,"Total Cost": 207865.25,"Plan Rows": 118756,"Plan Width": 4,"Actual Startup Time": 6293.151,"Actual Total Time": 10074.968,"Actual Rows": 10,"Actual Loops": 4,"Group Key": ["lineitem_1.l_orderkey"],"Filter": "(sum(lineitem_1.l_quantity) > '312'::numeric)","Planned Partitions": 0,"HashAgg Batches": 1,"Peak Memory Usage": 638993,"Disk Usage": 0,"Rows Removed by Filter": 1499990,"Workers": [{"Worker Number": 0,"HashAgg Batches": 1,"Peak Memory Usage": 638993,"Disk Usage": 0},{"Worker Number": 1,"HashAgg Batches": 1,"Peak Memory Usage": 638993,"Disk Usage": 0},{"Worker Number": 2,"HashAgg Batches": 1,"Peak Memory Usage": 638993,"Disk Usage": 0}],"Plans": [{"Node Type": "Seq Scan","Parent Relationship": "Outer","Parallel Aware": false,"Async Capable": false,"Relation Name": "lineitem","Alias": "lineitem_1","Startup Cost": 0.00,"Total Cost": 172515.15,"Plan Rows": 6001215,"Plan Width": 9,"Actual Startup Time": 0.021,"Actual Total Time": 960.546,"Actual Rows": 6001215,"Actual Loops": 4,"Workers": []}]}]}]},{"Node Type": "Index Scan","Parent Relationship": "Inner","Parallel Aware": false,"Async Capable": false,"Scan Direction": "Forward","Index Name": "idx_lineitem_orderkey","Relation Name": "lineitem","Alias": "lineitem","Startup Cost": 0.43,"Total Cost": 1.06,"Plan Rows": 17,"Plan Width": 9,"Actual Startup Time": 0.072,"Actual Total Time": 0.079,"Actual Rows": 7,"Actual Loops": 10,"Index Cond": "(l_orderkey = orders.o_orderkey)","Rows Removed by Index Recheck": 0,"Workers": []}]},{"Node Type": "Hash","Parent Relationship": "Inner","Parallel Aware": true,"Async Capable": false,"Startup Cost": 4210.00,"Total Cost": 4210.00,"Plan Rows": 62500,"Plan Width": 23,"Actual Startup Time": 37.105,"Actual Total Time": 37.114,"Actual Rows": 37500,"Actual Loops": 4,"Hash Buckets": 262144,"Original Hash Buckets": 262144,"Hash Batches": 1,"Original Hash Batches": 1,"Peak Memory Usage": 10368,"Workers": [],"Plans": [{"Node Type": "Seq Scan","Parent Relationship": "Outer","Parallel Aware": true,"Async Capable": false,"Relation Name": "customer","Alias": "customer","Startup Cost": 0.00,"Total Cost": 4210.00,"Plan Rows": 62500,"Plan Width": 23,"Actual Startup Time": 0.025,"Actual Total Time": 19.726,"Actual Rows": 37500,"Actual Loops": 4,"Workers": []}]}]}]}]}]},"Planning Time": 6.715,"Triggers": [],"Execution Time": 10961.817}]
[{"Plan": {"Node Type": "Sort","Parallel Aware": false,"Async Capable": false,"Startup Cost": 397889.21,"Total Cost": 399077.01,"Plan Rows": 475120,"Plan Width": 71,"Actual Startup Time": 10345.847,"Actual Total Time": 10377.998,"Actual Rows": 9,"Actual Loops": 1,"Sort Key": ["orders.o_totalprice DESC", "orders.o_orderdate"],"Sort Method": "quicksort","Sort Space Used": 25,"Sort Space Type": "Memory","Plans": [{"Node Type": "Aggregate","Strategy": "Hashed","Partial Mode": "Simple","Parent Relationship": "Outer","Parallel Aware": false,"Async Capable": false,"Startup Cost": 347151.30,"Total Cost": 353090.30,"Plan Rows": 475120,"Plan Width": 71,"Actual Startup Time": 10329.232,"Actual Total Time": 10377.856,"Actual Rows": 9,"Actual Loops": 1,"Group Key": ["customer.c_custkey", "orders.o_orderkey"],"Planned Partitions": 0,"HashAgg Batches": 1,"Peak Memory Usage": 24601,"Disk Usage": 0,"Plans": [{"Node Type": "Gather","Parent Relationship": "Outer","Parallel Aware": false,"Async Capable": false,"Startup Cost": 216528.94,"Total Cost": 343587.90,"Plan Rows": 475120,"Plan Width": 44,"Actual Startup Time": 10053.961,"Actual Total Time": 10357.615,"Actual Rows": 63,"Actual Loops": 1,"Workers Planned": 3,"Workers Launched": 3,"Single Copy": false,"Plans": [{"Node Type": "Hash Join","Parent Relationship": "Outer","Parallel Aware": true,"Async Capable": false,"Join Type": "Inner","Startup Cost": 215528.94,"Total Cost": 295075.90,"Plan Rows": 153265,"Plan Width": 44,"Actual Startup Time": 10157.696,"Actual Total Time": 10258.651,"Actual Rows": 16,"Actual Loops": 4,"Inner Unique": true,"Hash Cond": "(orders.o_custkey = customer.c_custkey)","Workers": [],"Plans": [{"Node Type": "Nested Loop","Parent Relationship": "Outer","Parallel Aware": false,"Async Capable": false,"Join Type": "Inner","Startup Cost": 210537.69,"Total Cost": 289682.32,"Plan Rows": 153265,"Plan Width": 25,"Actual Startup Time": 10123.332,"Actual Total Time": 10224.239,"Actual Rows": 16,"Actual Loops": 4,"Inner Unique": false,"Workers": [],"Plans": [{"Node Type": "Hash Join","Parent Relationship": "Outer","Parallel Aware": false,"Async Capable": false,"Join Type": "Inner","Startup Cost": 210537.26,"Total Cost": 242741.13,"Plan Rows": 38308,"Plan Width": 24,"Actual Startup Time": 10123.186,"Actual Total Time": 10223.998,"Actual Rows": 2,"Actual Loops": 4,"Inner Unique": true,"Hash Cond": "(orders.o_orderkey = lineitem_1.l_orderkey)","Workers": [],"Plans": [{"Node Type": "Seq Scan","Parent Relationship": "Outer","Parallel Aware": true,"Async Capable": false,"Relation Name": "orders","Alias": "orders","Startup Cost": 0.00,"Total Cost": 30933.71,"Plan Rows": 483871,"Plan Width": 20,"Actual Startup Time": 0.011,"Actual Total Time": 49.852,"Actual Rows": 375000,"Actual Loops": 4,"Workers": []},{"Node Type": "Hash","Parent Relationship": "Inner","Parallel Aware": false,"Async Capable": false,"Startup Cost": 209052.81,"Total Cost": 209052.81,"Plan Rows": 118756,"Plan Width": 4,"Actual Startup Time": 10005.666,"Actual Total Time": 10005.673,"Actual Rows": 9,"Actual Loops": 4,"Hash Buckets": 131072,"Original Hash Buckets": 131072,"Hash Batches": 1,"Original Hash Batches": 1,"Peak Memory Usage": 1025,"Workers": [],"Plans": [{"Node Type": "Aggregate","Strategy": "Hashed","Partial Mode": "Simple","Parent Relationship": "Outer","Parallel Aware": false,"Async Capable": false,"Startup Cost": 202521.23,"Total Cost": 207865.25,"Plan Rows": 118756,"Plan Width": 4,"Actual Startup Time": 6310.010,"Actual Total Time": 10005.543,"Actual Rows": 9,"Actual Loops": 4,"Group Key": ["lineitem_1.l_orderkey"],"Filter": "(sum(lineitem_1.l_quantity) > '313'::numeric)","Planned Partitions": 0,"HashAgg Batches": 1,"Peak Memory Usage": 638993,"Disk Usage": 0,"Rows Removed by Filter": 1499991,"Workers": [{"Worker Number": 0,"HashAgg Batches": 1,"Peak Memory Usage": 638993,"Disk Usage": 0},{"Worker Number": 1,"HashAgg Batches": 1,"Peak Memory Usage": 638993,"Disk Usage": 0},{"Worker Number": 2,"HashAgg Batches": 1,"Peak Memory Usage": 638993,"Disk Usage": 0}],"Plans": [{"Node Type": "Seq Scan","Parent Relationship": "Outer","Parallel Aware": false,"Async Capable": false,"Relation Name": "lineitem","Alias": "lineitem_1","Startup Cost": 0.00,"Total Cost": 172515.15,"Plan Rows": 6001215,"Plan Width": 9,"Actual Startup Time": 0.020,"Actual Total Time": 994.479,"Actual Rows": 6001215,"Actual Loops": 4,"Workers": []}]}]}]},{"Node Type": "Index Scan","Parent Relationship": "Inner","Parallel Aware": false,"Async Capable": false,"Scan Direction": "Forward","Index Name": "idx_lineitem_orderkey","Relation Name": "lineitem","Alias": "lineitem","Startup Cost": 0.43,"Total Cost": 1.06,"Plan Rows": 17,"Plan Width": 9,"Actual Startup Time": 0.068,"Actual Total Time": 0.075,"Actual Rows": 7,"Actual Loops": 9,"Index Cond": "(l_orderkey = orders.o_orderkey)","Rows Removed by Index Recheck": 0,"Workers": []}]},{"Node Type": "Hash","Parent Relationship": "Inner","Parallel Aware": true,"Async Capable": false,"Startup Cost": 4210.00,"Total Cost": 4210.00,"Plan Rows": 62500,"Plan Width": 23,"Actual Startup Time": 33.578,"Actual Total Time": 33.582,"Actual Rows": 37500,"Actual Loops": 4,"Hash Buckets": 262144,"Original Hash Buckets": 262144,"Hash Batches": 1,"Original Hash Batches": 1,"Peak Memory Usage": 10336,"Workers": [],"Plans": [{"Node Type": "Seq Scan","Parent Relationship": "Outer","Parallel Aware": true,"Async Capable": false,"Relation Name": "customer","Alias": "customer","Startup Cost": 0.00,"Total Cost": 4210.00,"Plan Rows": 62500,"Plan Width": 23,"Actual Startup Time": 0.023,"Actual Total Time": 16.777,"Actual Rows": 37500,"Actual Loops": 4,"Workers": []}]}]}]}]}]},"Planning Time": 6.662,"Triggers": [],"Execution Time": 10430.266}]
[{"Plan": {"Node Type": "Sort","Parallel Aware": false,"Async Capable": false,"Startup Cost": 397889.21,"Total Cost": 399077.01,"Plan Rows": 475120,"Plan Width": 71,"Actual Startup Time": 10785.011,"Actual Total Time": 10839.032,"Actual Rows": 9,"Actual Loops": 1,"Sort Key": ["orders.o_totalprice DESC", "orders.o_orderdate"],"Sort Method": "quicksort","Sort Space Used": 25,"Sort Space Type": "Memory","Plans": [{"Node Type": "Aggregate","Strategy": "Hashed","Partial Mode": "Simple","Parent Relationship": "Outer","Parallel Aware": false,"Async Capable": false,"Startup Cost": 347151.30,"Total Cost": 353090.30,"Plan Rows": 475120,"Plan Width": 71,"Actual Startup Time": 10763.855,"Actual Total Time": 10838.848,"Actual Rows": 9,"Actual Loops": 1,"Group Key": ["customer.c_custkey", "orders.o_orderkey"],"Planned Partitions": 0,"HashAgg Batches": 1,"Peak Memory Usage": 24601,"Disk Usage": 0,"Plans": [{"Node Type": "Gather","Parent Relationship": "Outer","Parallel Aware": false,"Async Capable": false,"Startup Cost": 216528.94,"Total Cost": 343587.90,"Plan Rows": 475120,"Plan Width": 44,"Actual Startup Time": 9674.071,"Actual Total Time": 10813.470,"Actual Rows": 63,"Actual Loops": 1,"Workers Planned": 3,"Workers Launched": 3,"Single Copy": false,"Plans": [{"Node Type": "Hash Join","Parent Relationship": "Outer","Parallel Aware": true,"Async Capable": false,"Join Type": "Inner","Startup Cost": 215528.94,"Total Cost": 295075.90,"Plan Rows": 153265,"Plan Width": 44,"Actual Startup Time": 10141.072,"Actual Total Time": 10312.965,"Actual Rows": 16,"Actual Loops": 4,"Inner Unique": true,"Hash Cond": "(orders.o_custkey = customer.c_custkey)","Workers": [],"Plans": [{"Node Type": "Nested Loop","Parent Relationship": "Outer","Parallel Aware": false,"Async Capable": false,"Join Type": "Inner","Startup Cost": 210537.69,"Total Cost": 289682.32,"Plan Rows": 153265,"Plan Width": 25,"Actual Startup Time": 10104.129,"Actual Total Time": 10275.947,"Actual Rows": 16,"Actual Loops": 4,"Inner Unique": false,"Workers": [],"Plans": [{"Node Type": "Hash Join","Parent Relationship": "Outer","Parallel Aware": false,"Async Capable": false,"Join Type": "Inner","Startup Cost": 210537.26,"Total Cost": 242741.13,"Plan Rows": 38308,"Plan Width": 24,"Actual Startup Time": 10104.052,"Actual Total Time": 10275.739,"Actual Rows": 2,"Actual Loops": 4,"Inner Unique": true,"Hash Cond": "(orders.o_orderkey = lineitem_1.l_orderkey)","Workers": [],"Plans": [{"Node Type": "Seq Scan","Parent Relationship": "Outer","Parallel Aware": true,"Async Capable": false,"Relation Name": "orders","Alias": "orders","Startup Cost": 0.00,"Total Cost": 30933.71,"Plan Rows": 483871,"Plan Width": 20,"Actual Startup Time": 0.007,"Actual Total Time": 53.689,"Actual Rows": 375000,"Actual Loops": 4,"Workers": []},{"Node Type": "Hash","Parent Relationship": "Inner","Parallel Aware": false,"Async Capable": false,"Startup Cost": 209052.81,"Total Cost": 209052.81,"Plan Rows": 118756,"Plan Width": 4,"Actual Startup Time": 10025.157,"Actual Total Time": 10025.166,"Actual Rows": 9,"Actual Loops": 4,"Hash Buckets": 131072,"Original Hash Buckets": 131072,"Hash Batches": 1,"Original Hash Batches": 1,"Peak Memory Usage": 1025,"Workers": [],"Plans": [{"Node Type": "Aggregate","Strategy": "Hashed","Partial Mode": "Simple","Parent Relationship": "Outer","Parallel Aware": false,"Async Capable": false,"Startup Cost": 202521.23,"Total Cost": 207865.25,"Plan Rows": 118756,"Plan Width": 4,"Actual Startup Time": 6285.839,"Actual Total Time": 10024.981,"Actual Rows": 9,"Actual Loops": 4,"Group Key": ["lineitem_1.l_orderkey"],"Filter": "(sum(lineitem_1.l_quantity) > '314'::numeric)","Planned Partitions": 0,"HashAgg Batches": 1,"Peak Memory Usage": 638993,"Disk Usage": 0,"Rows Removed by Filter": 1499991,"Workers": [{"Worker Number": 0,"HashAgg Batches": 1,"Peak Memory Usage": 638993,"Disk Usage": 0},{"Worker Number": 1,"HashAgg Batches": 1,"Peak Memory Usage": 638993,"Disk Usage": 0},{"Worker Number": 2,"HashAgg Batches": 1,"Peak Memory Usage": 638993,"Disk Usage": 0}],"Plans": [{"Node Type": "Seq Scan","Parent Relationship": "Outer","Parallel Aware": false,"Async Capable": false,"Relation Name": "lineitem","Alias": "lineitem_1","Startup Cost": 0.00,"Total Cost": 172515.15,"Plan Rows": 6001215,"Plan Width": 9,"Actual Startup Time": 0.019,"Actual Total Time": 931.752,"Actual Rows": 6001215,"Actual Loops": 4,"Workers": []}]}]}]},{"Node Type": "Index Scan","Parent Relationship": "Inner","Parallel Aware": false,"Async Capable": false,"Scan Direction": "Forward","Index Name": "idx_lineitem_orderkey","Relation Name": "lineitem","Alias": "lineitem","Startup Cost": 0.43,"Total Cost": 1.06,"Plan Rows": 17,"Plan Width": 9,"Actual Startup Time": 0.055,"Actual Total Time": 0.062,"Actual Rows": 7,"Actual Loops": 9,"Index Cond": "(l_orderkey = orders.o_orderkey)","Rows Removed by Index Recheck": 0,"Workers": []}]},{"Node Type": "Hash","Parent Relationship": "Inner","Parallel Aware": true,"Async Capable": false,"Startup Cost": 4210.00,"Total Cost": 4210.00,"Plan Rows": 62500,"Plan Width": 23,"Actual Startup Time": 36.172,"Actual Total Time": 36.190,"Actual Rows": 37500,"Actual Loops": 4,"Hash Buckets": 262144,"Original Hash Buckets": 262144,"Hash Batches": 1,"Original Hash Batches": 1,"Peak Memory Usage": 10336,"Workers": [],"Plans": [{"Node Type": "Seq Scan","Parent Relationship": "Outer","Parallel Aware": true,"Async Capable": false,"Relation Name": "customer","Alias": "customer","Startup Cost": 0.00,"Total Cost": 4210.00,"Plan Rows": 62500,"Plan Width": 23,"Actual Startup Time": 0.024,"Actual Total Time": 17.933,"Actual Rows": 37500,"Actual Loops": 4,"Workers": []}]}]}]}]}]},"Planning Time": 6.881,"Triggers": [],"Execution Time": 10893.482}]
[{"Plan": {"Node Type": "Sort","Parallel Aware": false,"Async Capable": false,"Startup Cost": 397889.21,"Total Cost": 399077.01,"Plan Rows": 475120,"Plan Width": 71,"Actual Startup Time": 10785.011,"Actual Total Time": 10839.032,"Actual Rows": 9,"Actual Loops": 1,"Sort Key": ["orders.o_totalprice DESC", "orders.o_orderdate"],"Sort Method": "quicksort","Sort Space Used": 25,"Sort Space Type": "Memory","Plans": [{"Node Type": "Aggregate","Strategy": "Hashed","Partial Mode": "Simple","Parent Relationship": "Outer","Parallel Aware": false,"Async Capable": false,"Startup Cost": 347151.30,"Total Cost": 353090.30,"Plan Rows": 475120,"Plan Width": 71,"Actual Startup Time": 10763.855,"Actual Total Time": 10838.848,"Actual Rows": 9,"Actual Loops": 1,"Group Key": ["customer.c_custkey", "orders.o_orderkey"],"Planned Partitions": 0,"HashAgg Batches": 1,"Peak Memory Usage": 24601,"Disk Usage": 0,"Plans": [{"Node Type": "Gather","Parent Relationship": "Outer","Parallel Aware": false,"Async Capable": false,"Startup Cost": 216528.94,"Total Cost": 343587.90,"Plan Rows": 475120,"Plan Width": 44,"Actual Startup Time": 9674.071,"Actual Total Time": 10813.470,"Actual Rows": 63,"Actual Loops": 1,"Workers Planned": 3,"Workers Launched": 3,"Single Copy": false,"Plans": [{"Node Type": "Hash Join","Parent Relationship": "Outer","Parallel Aware": true,"Async Capable": false,"Join Type": "Inner","Startup Cost": 215528.94,"Total Cost": 295075.90,"Plan Rows": 153265,"Plan Width": 44,"Actual Startup Time": 10141.072,"Actual Total Time": 10312.965,"Actual Rows": 16,"Actual Loops": 4,"Inner Unique": true,"Hash Cond": "(orders.o_custkey = customer.c_custkey)","Workers": [],"Plans": [{"Node Type": "Nested Loop","Parent Relationship": "Outer","Parallel Aware": false,"Async Capable": false,"Join Type": "Inner","Startup Cost": 210537.69,"Total Cost": 289682.32,"Plan Rows": 153265,"Plan Width": 25,"Actual Startup Time": 10104.129,"Actual Total Time": 10275.947,"Actual Rows": 16,"Actual Loops": 4,"Inner Unique": false,"Workers": [],"Plans": [{"Node Type": "Hash Join","Parent Relationship": "Outer","Parallel Aware": false,"Async Capable": false,"Join Type": "Inner","Startup Cost": 210537.26,"Total Cost": 242741.13,"Plan Rows": 38308,"Plan Width": 24,"Actual Startup Time": 10104.052,"Actual Total Time": 10275.739,"Actual Rows": 2,"Actual Loops": 4,"Inner Unique": true,"Hash Cond": "(orders.o_orderkey = lineitem_1.l_orderkey)","Workers": [],"Plans": [{"Node Type": "Seq Scan","Parent Relationship": "Outer","Parallel Aware": true,"Async Capable": false,"Relation Name": "orders","Alias": "orders","Startup Cost": 0.00,"Total Cost": 30933.71,"Plan Rows": 483871,"Plan Width": 20,"Actual Startup Time": 0.007,"Actual Total Time": 53.689,"Actual Rows": 375000,"Actual Loops": 4,"Workers": []},{"Node Type": "Hash","Parent Relationship": "Inner","Parallel Aware": false,"Async Capable": false,"Startup Cost": 209052.81,"Total Cost": 209052.81,"Plan Rows": 118756,"Plan Width": 4,"Actual Startup Time": 10025.157,"Actual Total Time": 10025.166,"Actual Rows": 9,"Actual Loops": 4,"Hash Buckets": 131072,"Original Hash Buckets": 131072,"Hash Batches": 1,"Original Hash Batches": 1,"Peak Memory Usage": 1025,"Workers": [],"Plans": [{"Node Type": "Aggregate","Strategy": "Hashed","Partial Mode": "Simple","Parent Relationship": "Outer","Parallel Aware": false,"Async Capable": false,"Startup Cost": 202521.23,"Total Cost": 207865.25,"Plan Rows": 118756,"Plan Width": 4,"Actual Startup Time": 6285.839,"Actual Total Time": 10024.981,"Actual Rows": 9,"Actual Loops": 4,"Group Key": ["lineitem_1.l_orderkey"],"Filter": "(sum(lineitem_1.l_quantity) > '314'::numeric)","Planned Partitions": 0,"HashAgg Batches": 1,"Peak Memory Usage": 638993,"Disk Usage": 0,"Rows Removed by Filter": 1499991,"Workers": [{"Worker Number": 0,"HashAgg Batches": 1,"Peak Memory Usage": 638993,"Disk Usage": 0},{"Worker Number": 1,"HashAgg Batches": 1,"Peak Memory Usage": 638993,"Disk Usage": 0},{"Worker Number": 2,"HashAgg Batches": 1,"Peak Memory Usage": 638993,"Disk Usage": 0}],"Plans": [{"Node Type": "Seq Scan","Parent Relationship": "Outer","Parallel Aware": false,"Async Capable": false,"Relation Name": "lineitem","Alias": "lineitem_1","Startup Cost": 0.00,"Total Cost": 172515.15,"Plan Rows": 6001215,"Plan Width": 9,"Actual Startup Time": 0.019,"Actual Total Time": 931.752,"Actual Rows": 6001215,"Actual Loops": 4,"Workers": []}]}]}]},{"Node Type": "Index Scan","Parent Relationship": "Inner","Parallel Aware": false,"Async Capable": false,"Scan Direction": "Forward","Index Name": "idx_lineitem_orderkey","Relation Name": "lineitem","Alias": "lineitem","Startup Cost": 0.43,"Total Cost": 1.06,"Plan Rows": 17,"Plan Width": 9,"Actual Startup Time": 0.055,"Actual Total Time": 0.062,"Actual Rows": 7,"Actual Loops": 9,"Index Cond": "(l_orderkey = orders.o_orderkey)","Rows Removed by Index Recheck": 0,"Workers": []}]},{"Node Type": "Hash","Parent Relationship": "Inner","Parallel Aware": true,"Async Capable": false,"Startup Cost": 4210.00,"Total Cost": 4210.00,"Plan Rows": 62500,"Plan Width": 23,"Actual Startup Time": 36.172,"Actual Total Time": 36.190,"Actual Rows": 37500,"Actual Loops": 4,"Hash Buckets": 262144,"Original Hash Buckets": 262144,"Hash Batches": 1,"Original Hash Batches": 1,"Peak Memory Usage": 10336,"Workers": [],"Plans": [{"Node Type": "Seq Scan","Parent Relationship": "Outer","Parallel Aware": true,"Async Capable": false,"Relation Name": "customer","Alias": "customer","Startup Cost": 0.00,"Total Cost": 4210.00,"Plan Rows": 62500,"Plan Width": 23,"Actual Startup Time": 0.024,"Actual Total Time": 17.933,"Actual Rows": 37500,"Actual Loops": 4,"Workers": []}]}]}]}]}]},"Planning Time": 6.881,"Triggers": [],"Execution Time": 10893.482}]
[{"Plan": {"Node Type": "Sort","Parallel Aware": false,"Async Capable": false,"Startup Cost": 397889.21,"Total Cost": 399077.01,"Plan Rows": 475120,"Plan Width": 71,"Actual Startup Time": 10785.011,"Actual Total Time": 10839.032,"Actual Rows": 9,"Actual Loops": 1,"Sort Key": ["orders.o_totalprice DESC", "orders.o_orderdate"],"Sort Method": "quicksort","Sort Space Used": 25,"Sort Space Type": "Memory","Plans": [{"Node Type": "Aggregate","Strategy": "Hashed","Partial Mode": "Simple","Parent Relationship": "Outer","Parallel Aware": false,"Async Capable": false,"Startup Cost": 347151.30,"Total Cost": 353090.30,"Plan Rows": 475120,"Plan Width": 71,"Actual Startup Time": 10763.855,"Actual Total Time": 10838.848,"Actual Rows": 9,"Actual Loops": 1,"Group Key": ["customer.c_custkey", "orders.o_orderkey"],"Planned Partitions": 0,"HashAgg Batches": 1,"Peak Memory Usage": 24601,"Disk Usage": 0,"Plans": [{"Node Type": "Gather","Parent Relationship": "Outer","Parallel Aware": false,"Async Capable": false,"Startup Cost": 216528.94,"Total Cost": 343587.90,"Plan Rows": 475120,"Plan Width": 44,"Actual Startup Time": 9674.071,"Actual Total Time": 10813.470,"Actual Rows": 63,"Actual Loops": 1,"Workers Planned": 3,"Workers Launched": 3,"Single Copy": false,"Plans": [{"Node Type": "Hash Join","Parent Relationship": "Outer","Parallel Aware": true,"Async Capable": false,"Join Type": "Inner","Startup Cost": 215528.94,"Total Cost": 295075.90,"Plan Rows": 153265,"Plan Width": 44,"Actual Startup Time": 10141.072,"Actual Total Time": 10312.965,"Actual Rows": 16,"Actual Loops": 4,"Inner Unique": true,"Hash Cond": "(orders.o_custkey = customer.c_custkey)","Workers": [],"Plans": [{"Node Type": "Nested Loop","Parent Relationship": "Outer","Parallel Aware": false,"Async Capable": false,"Join Type": "Inner","Startup Cost": 210537.69,"Total Cost": 289682.32,"Plan Rows": 153265,"Plan Width": 25,"Actual Startup Time": 10104.129,"Actual Total Time": 10275.947,"Actual Rows": 16,"Actual Loops": 4,"Inner Unique": false,"Workers": [],"Plans": [{"Node Type": "Hash Join","Parent Relationship": "Outer","Parallel Aware": false,"Async Capable": false,"Join Type": "Inner","Startup Cost": 210537.26,"Total Cost": 242741.13,"Plan Rows": 38308,"Plan Width": 24,"Actual Startup Time": 10104.052,"Actual Total Time": 10275.739,"Actual Rows": 2,"Actual Loops": 4,"Inner Unique": true,"Hash Cond": "(orders.o_orderkey = lineitem_1.l_orderkey)","Workers": [],"Plans": [{"Node Type": "Seq Scan","Parent Relationship": "Outer","Parallel Aware": true,"Async Capable": false,"Relation Name": "orders","Alias": "orders","Startup Cost": 0.00,"Total Cost": 30933.71,"Plan Rows": 483871,"Plan Width": 20,"Actual Startup Time": 0.007,"Actual Total Time": 53.689,"Actual Rows": 375000,"Actual Loops": 4,"Workers": []},{"Node Type": "Hash","Parent Relationship": "Inner","Parallel Aware": false,"Async Capable": false,"Startup Cost": 209052.81,"Total Cost": 209052.81,"Plan Rows": 118756,"Plan Width": 4,"Actual Startup Time": 10025.157,"Actual Total Time": 10025.166,"Actual Rows": 9,"Actual Loops": 4,"Hash Buckets": 131072,"Original Hash Buckets": 131072,"Hash Batches": 1,"Original Hash Batches": 1,"Peak Memory Usage": 1025,"Workers": [],"Plans": [{"Node Type": "Aggregate","Strategy": "Hashed","Partial Mode": "Simple","Parent Relationship": "Outer","Parallel Aware": false,"Async Capable": false,"Startup Cost": 202521.23,"Total Cost": 207865.25,"Plan Rows": 118756,"Plan Width": 4,"Actual Startup Time": 6285.839,"Actual Total Time": 10024.981,"Actual Rows": 9,"Actual Loops": 4,"Group Key": ["lineitem_1.l_orderkey"],"Filter": "(sum(lineitem_1.l_quantity) > '314'::numeric)","Planned Partitions": 0,"HashAgg Batches": 1,"Peak Memory Usage": 638993,"Disk Usage": 0,"Rows Removed by Filter": 1499991,"Workers": [{"Worker Number": 0,"HashAgg Batches": 1,"Peak Memory Usage": 638993,"Disk Usage": 0},{"Worker Number": 1,"HashAgg Batches": 1,"Peak Memory Usage": 638993,"Disk Usage": 0},{"Worker Number": 2,"HashAgg Batches": 1,"Peak Memory Usage": 638993,"Disk Usage": 0}],"Plans": [{"Node Type": "Seq Scan","Parent Relationship": "Outer","Parallel Aware": false,"Async Capable": false,"Relation Name": "lineitem","Alias": "lineitem_1","Startup Cost": 0.00,"Total Cost": 172515.15,"Plan Rows": 6001215,"Plan Width": 9,"Actual Startup Time": 0.019,"Actual Total Time": 931.752,"Actual Rows": 6001215,"Actual Loops": 4,"Workers": []}]}]}]},{"Node Type": "Index Scan","Parent Relationship": "Inner","Parallel Aware": false,"Async Capable": false,"Scan Direction": "Forward","Index Name": "idx_lineitem_orderkey","Relation Name": "lineitem","Alias": "lineitem","Startup Cost": 0.43,"Total Cost": 1.06,"Plan Rows": 17,"Plan Width": 9,"Actual Startup Time": 0.055,"Actual Total Time": 0.062,"Actual Rows": 7,"Actual Loops": 9,"Index Cond": "(l_orderkey = orders.o_orderkey)","Rows Removed by Index Recheck": 0,"Workers": []}]},{"Node Type": "Hash","Parent Relationship": "Inner","Parallel Aware": true,"Async Capable": false,"Startup Cost": 4210.00,"Total Cost": 4210.00,"Plan Rows": 62500,"Plan Width": 23,"Actual Startup Time": 36.172,"Actual Total Time": 36.190,"Actual Rows": 37500,"Actual Loops": 4,"Hash Buckets": 262144,"Original Hash Buckets": 262144,"Hash Batches": 1,"Original Hash Batches": 1,"Peak Memory Usage": 10336,"Workers": [],"Plans": [{"Node Type": "Seq Scan","Parent Relationship": "Outer","Parallel Aware": true,"Async Capable": false,"Relation Name": "customer","Alias": "customer","Startup Cost": 0.00,"Total Cost": 4210.00,"Plan Rows": 62500,"Plan Width": 23,"Actual Startup Time": 0.024,"Actual Total Time": 17.933,"Actual Rows": 37500,"Actual Loops": 4,"Workers": []}]}]}]}]}]},"Planning Time": 6.881,"Triggers": [],"Execution Time": 10893.482}]
[{"Plan": {"Node Type": "Sort","Parallel Aware": false,"Async Capable": false,"Startup Cost": 397889.21,"Total Cost": 399077.01,"Plan Rows": 475120,"Plan Width": 71,"Actual Startup Time": 10345.847,"Actual Total Time": 10377.998,"Actual Rows": 9,"Actual Loops": 1,"Sort Key": ["orders.o_totalprice DESC", "orders.o_orderdate"],"Sort Method": "quicksort","Sort Space Used": 25,"Sort Space Type": "Memory","Plans": [{"Node Type": "Aggregate","Strategy": "Hashed","Partial Mode": "Simple","Parent Relationship": "Outer","Parallel Aware": false,"Async Capable": false,"Startup Cost": 347151.30,"Total Cost": 353090.30,"Plan Rows": 475120,"Plan Width": 71,"Actual Startup Time": 10329.232,"Actual Total Time": 10377.856,"Actual Rows": 9,"Actual Loops": 1,"Group Key": ["customer.c_custkey", "orders.o_orderkey"],"Planned Partitions": 0,"HashAgg Batches": 1,"Peak Memory Usage": 24601,"Disk Usage": 0,"Plans": [{"Node Type": "Gather","Parent Relationship": "Outer","Parallel Aware": false,"Async Capable": false,"Startup Cost": 216528.94,"Total Cost": 343587.90,"Plan Rows": 475120,"Plan Width": 44,"Actual Startup Time": 10053.961,"Actual Total Time": 10357.615,"Actual Rows": 63,"Actual Loops": 1,"Workers Planned": 3,"Workers Launched": 3,"Single Copy": false,"Plans": [{"Node Type": "Hash Join","Parent Relationship": "Outer","Parallel Aware": true,"Async Capable": false,"Join Type": "Inner","Startup Cost": 215528.94,"Total Cost": 295075.90,"Plan Rows": 153265,"Plan Width": 44,"Actual Startup Time": 10157.696,"Actual Total Time": 10258.651,"Actual Rows": 16,"Actual Loops": 4,"Inner Unique": true,"Hash Cond": "(orders.o_custkey = customer.c_custkey)","Workers": [],"Plans": [{"Node Type": "Nested Loop","Parent Relationship": "Outer","Parallel Aware": false,"Async Capable": false,"Join Type": "Inner","Startup Cost": 210537.69,"Total Cost": 289682.32,"Plan Rows": 153265,"Plan Width": 25,"Actual Startup Time": 10123.332,"Actual Total Time": 10224.239,"Actual Rows": 16,"Actual Loops": 4,"Inner Unique": false,"Workers": [],"Plans": [{"Node Type": "Hash Join","Parent Relationship": "Outer","Parallel Aware": false,"Async Capable": false,"Join Type": "Inner","Startup Cost": 210537.26,"Total Cost": 242741.13,"Plan Rows": 38308,"Plan Width": 24,"Actual Startup Time": 10123.186,"Actual Total Time": 10223.998,"Actual Rows": 2,"Actual Loops": 4,"Inner Unique": true,"Hash Cond": "(orders.o_orderkey = lineitem_1.l_orderkey)","Workers": [],"Plans": [{"Node Type": "Seq Scan","Parent Relationship": "Outer","Parallel Aware": true,"Async Capable": false,"Relation Name": "orders","Alias": "orders","Startup Cost": 0.00,"Total Cost": 30933.71,"Plan Rows": 483871,"Plan Width": 20,"Actual Startup Time": 0.011,"Actual Total Time": 49.852,"Actual Rows": 375000,"Actual Loops": 4,"Workers": []},{"Node Type": "Hash","Parent Relationship": "Inner","Parallel Aware": false,"Async Capable": false,"Startup Cost": 209052.81,"Total Cost": 209052.81,"Plan Rows": 118756,"Plan Width": 4,"Actual Startup Time": 10005.666,"Actual Total Time": 10005.673,"Actual Rows": 9,"Actual Loops": 4,"Hash Buckets": 131072,"Original Hash Buckets": 131072,"Hash Batches": 1,"Original Hash Batches": 1,"Peak Memory Usage": 1025,"Workers": [],"Plans": [{"Node Type": "Aggregate","Strategy": "Hashed","Partial Mode": "Simple","Parent Relationship": "Outer","Parallel Aware": false,"Async Capable": false,"Startup Cost": 202521.23,"Total Cost": 207865.25,"Plan Rows": 118756,"Plan Width": 4,"Actual Startup Time": 6310.010,"Actual Total Time": 10005.543,"Actual Rows": 9,"Actual Loops": 4,"Group Key": ["lineitem_1.l_orderkey"],"Filter": "(sum(lineitem_1.l_quantity) > '313'::numeric)","Planned Partitions": 0,"HashAgg Batches": 1,"Peak Memory Usage": 638993,"Disk Usage": 0,"Rows Removed by Filter": 1499991,"Workers": [{"Worker Number": 0,"HashAgg Batches": 1,"Peak Memory Usage": 638993,"Disk Usage": 0},{"Worker Number": 1,"HashAgg Batches": 1,"Peak Memory Usage": 638993,"Disk Usage": 0},{"Worker Number": 2,"HashAgg Batches": 1,"Peak Memory Usage": 638993,"Disk Usage": 0}],"Plans": [{"Node Type": "Seq Scan","Parent Relationship": "Outer","Parallel Aware": false,"Async Capable": false,"Relation Name": "lineitem","Alias": "lineitem_1","Startup Cost": 0.00,"Total Cost": 172515.15,"Plan Rows": 6001215,"Plan Width": 9,"Actual Startup Time": 0.020,"Actual Total Time": 994.479,"Actual Rows": 6001215,"Actual Loops": 4,"Workers": []}]}]}]},{"Node Type": "Index Scan","Parent Relationship": "Inner","Parallel Aware": false,"Async Capable": false,"Scan Direction": "Forward","Index Name": "idx_lineitem_orderkey","Relation Name": "lineitem","Alias": "lineitem","Startup Cost": 0.43,"Total Cost": 1.06,"Plan Rows": 17,"Plan Width": 9,"Actual Startup Time": 0.068,"Actual Total Time": 0.075,"Actual Rows": 7,"Actual Loops": 9,"Index Cond": "(l_orderkey = orders.o_orderkey)","Rows Removed by Index Recheck": 0,"Workers": []}]},{"Node Type": "Hash","Parent Relationship": "Inner","Parallel Aware": true,"Async Capable": false,"Startup Cost": 4210.00,"Total Cost": 4210.00,"Plan Rows": 62500,"Plan Width": 23,"Actual Startup Time": 33.578,"Actual Total Time": 33.582,"Actual Rows": 37500,"Actual Loops": 4,"Hash Buckets": 262144,"Original Hash Buckets": 262144,"Hash Batches": 1,"Original Hash Batches": 1,"Peak Memory Usage": 10336,"Workers": [],"Plans": [{"Node Type": "Seq Scan","Parent Relationship": "Outer","Parallel Aware": true,"Async Capable": false,"Relation Name": "customer","Alias": "customer","Startup Cost": 0.00,"Total Cost": 4210.00,"Plan Rows": 62500,"Plan Width": 23,"Actual Startup Time": 0.023,"Actual Total Time": 16.777,"Actual Rows": 37500,"Actual Loops": 4,"Workers": []}]}]}]}]}]},"Planning Time": 6.662,"Triggers": [],"Execution Time": 10430.266}]
[{"Plan": {"Node Type": "Sort","Parallel Aware": false,"Async Capable": false,"Startup Cost": 397889.21,"Total Cost": 399077.01,"Plan Rows": 475120,"Plan Width": 71,"Actual Startup Time": 10887.509,"Actual Total Time": 10908.132,"Actual Rows": 10,"Actual Loops": 1,"Sort Key": ["orders.o_totalprice DESC", "orders.o_orderdate"],"Sort Method": "quicksort","Sort Space Used": 25,"Sort Space Type": "Memory","Plans": [{"Node Type": "Aggregate","Strategy": "Hashed","Partial Mode": "Simple","Parent Relationship": "Outer","Parallel Aware": false,"Async Capable": false,"Startup Cost": 347151.30,"Total Cost": 353090.30,"Plan Rows": 475120,"Plan Width": 71,"Actual Startup Time": 10848.812,"Actual Total Time": 10907.941,"Actual Rows": 10,"Actual Loops": 1,"Group Key": ["customer.c_custkey", "orders.o_orderkey"],"Planned Partitions": 0,"HashAgg Batches": 1,"Peak Memory Usage": 24601,"Disk Usage": 0,"Plans": [{"Node Type": "Gather","Parent Relationship": "Outer","Parallel Aware": false,"Async Capable": false,"Startup Cost": 216528.94,"Total Cost": 343587.90,"Plan Rows": 475120,"Plan Width": 44,"Actual Startup Time": 10782.037,"Actual Total Time": 10858.151,"Actual Rows": 70,"Actual Loops": 1,"Workers Planned": 3,"Workers Launched": 3,"Single Copy": false,"Plans": [{"Node Type": "Hash Join","Parent Relationship": "Outer","Parallel Aware": true,"Async Capable": false,"Join Type": "Inner","Startup Cost": 215528.94,"Total Cost": 295075.90,"Plan Rows": 153265,"Plan Width": 44,"Actual Startup Time": 10180.765,"Actual Total Time": 10348.312,"Actual Rows": 18,"Actual Loops": 4,"Inner Unique": true,"Hash Cond": "(orders.o_custkey = customer.c_custkey)","Workers": [],"Plans": [{"Node Type": "Nested Loop","Parent Relationship": "Outer","Parallel Aware": false,"Async Capable": false,"Join Type": "Inner","Startup Cost": 210537.69,"Total Cost": 289682.32,"Plan Rows": 153265,"Plan Width": 25,"Actual Startup Time": 10142.809,"Actual Total Time": 10310.270,"Actual Rows": 18,"Actual Loops": 4,"Inner Unique": false,"Workers": [],"Plans": [{"Node Type": "Hash Join","Parent Relationship": "Outer","Parallel Aware": false,"Async Capable": false,"Join Type": "Inner","Startup Cost": 210537.26,"Total Cost": 242741.13,"Plan Rows": 38308,"Plan Width": 24,"Actual Startup Time": 10142.670,"Actual Total Time": 10309.991,"Actual Rows": 2,"Actual Loops": 4,"Inner Unique": true,"Hash Cond": "(orders.o_orderkey = lineitem_1.l_orderkey)","Workers": [],"Plans": [{"Node Type": "Seq Scan","Parent Relationship": "Outer","Parallel Aware": true,"Async Capable": false,"Relation Name": "orders","Alias": "orders","Startup Cost": 0.00,"Total Cost": 30933.71,"Plan Rows": 483871,"Plan Width": 20,"Actual Startup Time": 0.009,"Actual Total Time": 49.040,"Actual Rows": 375000,"Actual Loops": 4,"Workers": []},{"Node Type": "Hash","Parent Relationship": "Inner","Parallel Aware": false,"Async Capable": false,"Startup Cost": 209052.81,"Total Cost": 209052.81,"Plan Rows": 118756,"Plan Width": 4,"Actual Startup Time": 10075.163,"Actual Total Time": 10075.176,"Actual Rows": 10,"Actual Loops": 4,"Hash Buckets": 131072,"Original Hash Buckets": 131072,"Hash Batches": 1,"Original Hash Batches": 1,"Peak Memory Usage": 1025,"Workers": [],"Plans": [{"Node Type": "Aggregate","Strategy": "Hashed","Partial Mode": "Simple","Parent Relationship": "Outer","Parallel Aware": false,"Async Capable": false,"Startup Cost": 202521.23,"Total Cost": 207865.25,"Plan Rows": 118756,"Plan Width": 4,"Actual Startup Time": 6293.151,"Actual Total Time": 10074.968,"Actual Rows": 10,"Actual Loops": 4,"Group Key": ["lineitem_1.l_orderkey"],"Filter": "(sum(lineitem_1.l_quantity) > '312'::numeric)","Planned Partitions": 0,"HashAgg Batches": 1,"Peak Memory Usage": 638993,"Disk Usage": 0,"Rows Removed by Filter": 1499990,"Workers": [{"Worker Number": 0,"HashAgg Batches": 1,"Peak Memory Usage": 638993,"Disk Usage": 0},{"Worker Number": 1,"HashAgg Batches": 1,"Peak Memory Usage": 638993,"Disk Usage": 0},{"Worker Number": 2,"HashAgg Batches": 1,"Peak Memory Usage": 638993,"Disk Usage": 0}],"Plans": [{"Node Type": "Seq Scan","Parent Relationship": "Outer","Parallel Aware": false,"Async Capable": false,"Relation Name": "lineitem","Alias": "lineitem_1","Startup Cost": 0.00,"Total Cost": 172515.15,"Plan Rows": 6001215,"Plan Width": 9,"Actual Startup Time": 0.021,"Actual Total Time": 960.546,"Actual Rows": 6001215,"Actual Loops": 4,"Workers": []}]}]}]},{"Node Type": "Index Scan","Parent Relationship": "Inner","Parallel Aware": false,"Async Capable": false,"Scan Direction": "Forward","Index Name": "idx_lineitem_orderkey","Relation Name": "lineitem","Alias": "lineitem","Startup Cost": 0.43,"Total Cost": 1.06,"Plan Rows": 17,"Plan Width": 9,"Actual Startup Time": 0.072,"Actual Total Time": 0.079,"Actual Rows": 7,"Actual Loops": 10,"Index Cond": "(l_orderkey = orders.o_orderkey)","Rows Removed by Index Recheck": 0,"Workers": []}]},{"Node Type": "Hash","Parent Relationship": "Inner","Parallel Aware": true,"Async Capable": false,"Startup Cost": 4210.00,"Total Cost": 4210.00,"Plan Rows": 62500,"Plan Width": 23,"Actual Startup Time": 37.105,"Actual Total Time": 37.114,"Actual Rows": 37500,"Actual Loops": 4,"Hash Buckets": 262144,"Original Hash Buckets": 262144,"Hash Batches": 1,"Original Hash Batches": 1,"Peak Memory Usage": 10368,"Workers": [],"Plans": [{"Node Type": "Seq Scan","Parent Relationship": "Outer","Parallel Aware": true,"Async Capable": false,"Relation Name": "customer","Alias": "customer","Startup Cost": 0.00,"Total Cost": 4210.00,"Plan Rows": 62500,"Plan Width": 23,"Actual Startup Time": 0.025,"Actual Total Time": 19.726,"Actual Rows": 37500,"Actual Loops": 4,"Workers": []}]}]}]}]}]},"Planning Time": 6.715,"Triggers": [],"Execution Time": 10961.817}]
[{"Plan": {"Node Type": "Sort","Parallel Aware": false,"Async Capable": false,"Startup Cost": 397889.21,"Total Cost": 399077.01,"Plan Rows": 475120,"Plan Width": 71,"Actual Startup Time": 10345.847,"Actual Total Time": 10377.998,"Actual Rows": 9,"Actual Loops": 1,"Sort Key": ["orders.o_totalprice DESC", "orders.o_orderdate"],"Sort Method": "quicksort","Sort Space Used": 25,"Sort Space Type": "Memory","Plans": [{"Node Type": "Aggregate","Strategy": "Hashed","Partial Mode": "Simple","Parent Relationship": "Outer","Parallel Aware": false,"Async Capable": false,"Startup Cost": 347151.30,"Total Cost": 353090.30,"Plan Rows": 475120,"Plan Width": 71,"Actual Startup Time": 10329.232,"Actual Total Time": 10377.856,"Actual Rows": 9,"Actual Loops": 1,"Group Key": ["customer.c_custkey", "orders.o_orderkey"],"Planned Partitions": 0,"HashAgg Batches": 1,"Peak Memory Usage": 24601,"Disk Usage": 0,"Plans": [{"Node Type": "Gather","Parent Relationship": "Outer","Parallel Aware": false,"Async Capable": false,"Startup Cost": 216528.94,"Total Cost": 343587.90,"Plan Rows": 475120,"Plan Width": 44,"Actual Startup Time": 10053.961,"Actual Total Time": 10357.615,"Actual Rows": 63,"Actual Loops": 1,"Workers Planned": 3,"Workers Launched": 3,"Single Copy": false,"Plans": [{"Node Type": "Hash Join","Parent Relationship": "Outer","Parallel Aware": true,"Async Capable": false,"Join Type": "Inner","Startup Cost": 215528.94,"Total Cost": 295075.90,"Plan Rows": 153265,"Plan Width": 44,"Actual Startup Time": 10157.696,"Actual Total Time": 10258.651,"Actual Rows": 16,"Actual Loops": 4,"Inner Unique": true,"Hash Cond": "(orders.o_custkey = customer.c_custkey)","Workers": [],"Plans": [{"Node Type": "Nested Loop","Parent Relationship": "Outer","Parallel Aware": false,"Async Capable": false,"Join Type": "Inner","Startup Cost": 210537.69,"Total Cost": 289682.32,"Plan Rows": 153265,"Plan Width": 25,"Actual Startup Time": 10123.332,"Actual Total Time": 10224.239,"Actual Rows": 16,"Actual Loops": 4,"Inner Unique": false,"Workers": [],"Plans": [{"Node Type": "Hash Join","Parent Relationship": "Outer","Parallel Aware": false,"Async Capable": false,"Join Type": "Inner","Startup Cost": 210537.26,"Total Cost": 242741.13,"Plan Rows": 38308,"Plan Width": 24,"Actual Startup Time": 10123.186,"Actual Total Time": 10223.998,"Actual Rows": 2,"Actual Loops": 4,"Inner Unique": true,"Hash Cond": "(orders.o_orderkey = lineitem_1.l_orderkey)","Workers": [],"Plans": [{"Node Type": "Seq Scan","Parent Relationship": "Outer","Parallel Aware": true,"Async Capable": false,"Relation Name": "orders","Alias": "orders","Startup Cost": 0.00,"Total Cost": 30933.71,"Plan Rows": 483871,"Plan Width": 20,"Actual Startup Time": 0.011,"Actual Total Time": 49.852,"Actual Rows": 375000,"Actual Loops": 4,"Workers": []},{"Node Type": "Hash","Parent Relationship": "Inner","Parallel Aware": false,"Async Capable": false,"Startup Cost": 209052.81,"Total Cost": 209052.81,"Plan Rows": 118756,"Plan Width": 4,"Actual Startup Time": 10005.666,"Actual Total Time": 10005.673,"Actual Rows": 9,"Actual Loops": 4,"Hash Buckets": 131072,"Original Hash Buckets": 131072,"Hash Batches": 1,"Original Hash Batches": 1,"Peak Memory Usage": 1025,"Workers": [],"Plans": [{"Node Type": "Aggregate","Strategy": "Hashed","Partial Mode": "Simple","Parent Relationship": "Outer","Parallel Aware": false,"Async Capable": false,"Startup Cost": 202521.23,"Total Cost": 207865.25,"Plan Rows": 118756,"Plan Width": 4,"Actual Startup Time": 6310.010,"Actual Total Time": 10005.543,"Actual Rows": 9,"Actual Loops": 4,"Group Key": ["lineitem_1.l_orderkey"],"Filter": "(sum(lineitem_1.l_quantity) > '313'::numeric)","Planned Partitions": 0,"HashAgg Batches": 1,"Peak Memory Usage": 638993,"Disk Usage": 0,"Rows Removed by Filter": 1499991,"Workers": [{"Worker Number": 0,"HashAgg Batches": 1,"Peak Memory Usage": 638993,"Disk Usage": 0},{"Worker Number": 1,"HashAgg Batches": 1,"Peak Memory Usage": 638993,"Disk Usage": 0},{"Worker Number": 2,"HashAgg Batches": 1,"Peak Memory Usage": 638993,"Disk Usage": 0}],"Plans": [{"Node Type": "Seq Scan","Parent Relationship": "Outer","Parallel Aware": false,"Async Capable": false,"Relation Name": "lineitem","Alias": "lineitem_1","Startup Cost": 0.00,"Total Cost": 172515.15,"Plan Rows": 6001215,"Plan Width": 9,"Actual Startup Time": 0.020,"Actual Total Time": 994.479,"Actual Rows": 6001215,"Actual Loops": 4,"Workers": []}]}]}]},{"Node Type": "Index Scan","Parent Relationship": "Inner","Parallel Aware": false,"Async Capable": false,"Scan Direction": "Forward","Index Name": "idx_lineitem_orderkey","Relation Name": "lineitem","Alias": "lineitem","Startup Cost": 0.43,"Total Cost": 1.06,"Plan Rows": 17,"Plan Width": 9,"Actual Startup Time": 0.068,"Actual Total Time": 0.075,"Actual Rows": 7,"Actual Loops": 9,"Index Cond": "(l_orderkey = orders.o_orderkey)","Rows Removed by Index Recheck": 0,"Workers": []}]},{"Node Type": "Hash","Parent Relationship": "Inner","Parallel Aware": true,"Async Capable": false,"Startup Cost": 4210.00,"Total Cost": 4210.00,"Plan Rows": 62500,"Plan Width": 23,"Actual Startup Time": 33.578,"Actual Total Time": 33.582,"Actual Rows": 37500,"Actual Loops": 4,"Hash Buckets": 262144,"Original Hash Buckets": 262144,"Hash Batches": 1,"Original Hash Batches": 1,"Peak Memory Usage": 10336,"Workers": [],"Plans": [{"Node Type": "Seq Scan","Parent Relationship": "Outer","Parallel Aware": true,"Async Capable": false,"Relation Name": "customer","Alias": "customer","Startup Cost": 0.00,"Total Cost": 4210.00,"Plan Rows": 62500,"Plan Width": 23,"Actual Startup Time": 0.023,"Actual Total Time": 16.777,"Actual Rows": 37500,"Actual Loops": 4,"Workers": []}]}]}]}]}]},"Planning Time": 6.662,"Triggers": [],"Execution Time": 10430.266}]
[{"Plan": {"Node Type": "Sort","Parallel Aware": false,"Async Capable": false,"Startup Cost": 397889.21,"Total Cost": 399077.01,"Plan Rows": 475120,"Plan Width": 71,"Actual Startup Time": 10887.509,"Actual Total Time": 10908.132,"Actual Rows": 10,"Actual Loops": 1,"Sort Key": ["orders.o_totalprice DESC", "orders.o_orderdate"],"Sort Method": "quicksort","Sort Space Used": 25,"Sort Space Type": "Memory","Plans": [{"Node Type": "Aggregate","Strategy": "Hashed","Partial Mode": "Simple","Parent Relationship": "Outer","Parallel Aware": false,"Async Capable": false,"Startup Cost": 347151.30,"Total Cost": 353090.30,"Plan Rows": 475120,"Plan Width": 71,"Actual Startup Time": 10848.812,"Actual Total Time": 10907.941,"Actual Rows": 10,"Actual Loops": 1,"Group Key": ["customer.c_custkey", "orders.o_orderkey"],"Planned Partitions": 0,"HashAgg Batches": 1,"Peak Memory Usage": 24601,"Disk Usage": 0,"Plans": [{"Node Type": "Gather","Parent Relationship": "Outer","Parallel Aware": false,"Async Capable": false,"Startup Cost": 216528.94,"Total Cost": 343587.90,"Plan Rows": 475120,"Plan Width": 44,"Actual Startup Time": 10782.037,"Actual Total Time": 10858.151,"Actual Rows": 70,"Actual Loops": 1,"Workers Planned": 3,"Workers Launched": 3,"Single Copy": false,"Plans": [{"Node Type": "Hash Join","Parent Relationship": "Outer","Parallel Aware": true,"Async Capable": false,"Join Type": "Inner","Startup Cost": 215528.94,"Total Cost": 295075.90,"Plan Rows": 153265,"Plan Width": 44,"Actual Startup Time": 10180.765,"Actual Total Time": 10348.312,"Actual Rows": 18,"Actual Loops": 4,"Inner Unique": true,"Hash Cond": "(orders.o_custkey = customer.c_custkey)","Workers": [],"Plans": [{"Node Type": "Nested Loop","Parent Relationship": "Outer","Parallel Aware": false,"Async Capable": false,"Join Type": "Inner","Startup Cost": 210537.69,"Total Cost": 289682.32,"Plan Rows": 153265,"Plan Width": 25,"Actual Startup Time": 10142.809,"Actual Total Time": 10310.270,"Actual Rows": 18,"Actual Loops": 4,"Inner Unique": false,"Workers": [],"Plans": [{"Node Type": "Hash Join","Parent Relationship": "Outer","Parallel Aware": false,"Async Capable": false,"Join Type": "Inner","Startup Cost": 210537.26,"Total Cost": 242741.13,"Plan Rows": 38308,"Plan Width": 24,"Actual Startup Time": 10142.670,"Actual Total Time": 10309.991,"Actual Rows": 2,"Actual Loops": 4,"Inner Unique": true,"Hash Cond": "(orders.o_orderkey = lineitem_1.l_orderkey)","Workers": [],"Plans": [{"Node Type": "Seq Scan","Parent Relationship": "Outer","Parallel Aware": true,"Async Capable": false,"Relation Name": "orders","Alias": "orders","Startup Cost": 0.00,"Total Cost": 30933.71,"Plan Rows": 483871,"Plan Width": 20,"Actual Startup Time": 0.009,"Actual Total Time": 49.040,"Actual Rows": 375000,"Actual Loops": 4,"Workers": []},{"Node Type": "Hash","Parent Relationship": "Inner","Parallel Aware": false,"Async Capable": false,"Startup Cost": 209052.81,"Total Cost": 209052.81,"Plan Rows": 118756,"Plan Width": 4,"Actual Startup Time": 10075.163,"Actual Total Time": 10075.176,"Actual Rows": 10,"Actual Loops": 4,"Hash Buckets": 131072,"Original Hash Buckets": 131072,"Hash Batches": 1,"Original Hash Batches": 1,"Peak Memory Usage": 1025,"Workers": [],"Plans": [{"Node Type": "Aggregate","Strategy": "Hashed","Partial Mode": "Simple","Parent Relationship": "Outer","Parallel Aware": false,"Async Capable": false,"Startup Cost": 202521.23,"Total Cost": 207865.25,"Plan Rows": 118756,"Plan Width": 4,"Actual Startup Time": 6293.151,"Actual Total Time": 10074.968,"Actual Rows": 10,"Actual Loops": 4,"Group Key": ["lineitem_1.l_orderkey"],"Filter": "(sum(lineitem_1.l_quantity) > '312'::numeric)","Planned Partitions": 0,"HashAgg Batches": 1,"Peak Memory Usage": 638993,"Disk Usage": 0,"Rows Removed by Filter": 1499990,"Workers": [{"Worker Number": 0,"HashAgg Batches": 1,"Peak Memory Usage": 638993,"Disk Usage": 0},{"Worker Number": 1,"HashAgg Batches": 1,"Peak Memory Usage": 638993,"Disk Usage": 0},{"Worker Number": 2,"HashAgg Batches": 1,"Peak Memory Usage": 638993,"Disk Usage": 0}],"Plans": [{"Node Type": "Seq Scan","Parent Relationship": "Outer","Parallel Aware": false,"Async Capable": false,"Relation Name": "lineitem","Alias": "lineitem_1","Startup Cost": 0.00,"Total Cost": 172515.15,"Plan Rows": 6001215,"Plan Width": 9,"Actual Startup Time": 0.021,"Actual Total Time": 960.546,"Actual Rows": 6001215,"Actual Loops": 4,"Workers": []}]}]}]},{"Node Type": "Index Scan","Parent Relationship": "Inner","Parallel Aware": false,"Async Capable": false,"Scan Direction": "Forward","Index Name": "idx_lineitem_orderkey","Relation Name": "lineitem","Alias": "lineitem","Startup Cost": 0.43,"Total Cost": 1.06,"Plan Rows": 17,"Plan Width": 9,"Actual Startup Time": 0.072,"Actual Total Time": 0.079,"Actual Rows": 7,"Actual Loops": 10,"Index Cond": "(l_orderkey = orders.o_orderkey)","Rows Removed by Index Recheck": 0,"Workers": []}]},{"Node Type": "Hash","Parent Relationship": "Inner","Parallel Aware": true,"Async Capable": false,"Startup Cost": 4210.00,"Total Cost": 4210.00,"Plan Rows": 62500,"Plan Width": 23,"Actual Startup Time": 37.105,"Actual Total Time": 37.114,"Actual Rows": 37500,"Actual Loops": 4,"Hash Buckets": 262144,"Original Hash Buckets": 262144,"Hash Batches": 1,"Original Hash Batches": 1,"Peak Memory Usage": 10368,"Workers": [],"Plans": [{"Node Type": "Seq Scan","Parent Relationship": "Outer","Parallel Aware": true,"Async Capable": false,"Relation Name": "customer","Alias": "customer","Startup Cost": 0.00,"Total Cost": 4210.00,"Plan Rows": 62500,"Plan Width": 23,"Actual Startup Time": 0.025,"Actual Total Time": 19.726,"Actual Rows": 37500,"Actual Loops": 4,"Workers": []}]}]}]}]}]},"Planning Time": 6.715,"Triggers": [],"Execution Time": 10961.817}]
[{"Plan": {"Node Type": "Sort","Parallel Aware": false,"Async Capable": false,"Startup Cost": 397889.21,"Total Cost": 399077.01,"Plan Rows": 475120,"Plan Width": 71,"Actual Startup Time": 10887.509,"Actual Total Time": 10908.132,"Actual Rows": 10,"Actual Loops": 1,"Sort Key": ["orders.o_totalprice DESC", "orders.o_orderdate"],"Sort Method": "quicksort","Sort Space Used": 25,"Sort Space Type": "Memory","Plans": [{"Node Type": "Aggregate","Strategy": "Hashed","Partial Mode": "Simple","Parent Relationship": "Outer","Parallel Aware": false,"Async Capable": false,"Startup Cost": 347151.30,"Total Cost": 353090.30,"Plan Rows": 475120,"Plan Width": 71,"Actual Startup Time": 10848.812,"Actual Total Time": 10907.941,"Actual Rows": 10,"Actual Loops": 1,"Group Key": ["customer.c_custkey", "orders.o_orderkey"],"Planned Partitions": 0,"HashAgg Batches": 1,"Peak Memory Usage": 24601,"Disk Usage": 0,"Plans": [{"Node Type": "Gather","Parent Relationship": "Outer","Parallel Aware": false,"Async Capable": false,"Startup Cost": 216528.94,"Total Cost": 343587.90,"Plan Rows": 475120,"Plan Width": 44,"Actual Startup Time": 10782.037,"Actual Total Time": 10858.151,"Actual Rows": 70,"Actual Loops": 1,"Workers Planned": 3,"Workers Launched": 3,"Single Copy": false,"Plans": [{"Node Type": "Hash Join","Parent Relationship": "Outer","Parallel Aware": true,"Async Capable": false,"Join Type": "Inner","Startup Cost": 215528.94,"Total Cost": 295075.90,"Plan Rows": 153265,"Plan Width": 44,"Actual Startup Time": 10180.765,"Actual Total Time": 10348.312,"Actual Rows": 18,"Actual Loops": 4,"Inner Unique": true,"Hash Cond": "(orders.o_custkey = customer.c_custkey)","Workers": [],"Plans": [{"Node Type": "Nested Loop","Parent Relationship": "Outer","Parallel Aware": false,"Async Capable": false,"Join Type": "Inner","Startup Cost": 210537.69,"Total Cost": 289682.32,"Plan Rows": 153265,"Plan Width": 25,"Actual Startup Time": 10142.809,"Actual Total Time": 10310.270,"Actual Rows": 18,"Actual Loops": 4,"Inner Unique": false,"Workers": [],"Plans": [{"Node Type": "Hash Join","Parent Relationship": "Outer","Parallel Aware": false,"Async Capable": false,"Join Type": "Inner","Startup Cost": 210537.26,"Total Cost": 242741.13,"Plan Rows": 38308,"Plan Width": 24,"Actual Startup Time": 10142.670,"Actual Total Time": 10309.991,"Actual Rows": 2,"Actual Loops": 4,"Inner Unique": true,"Hash Cond": "(orders.o_orderkey = lineitem_1.l_orderkey)","Workers": [],"Plans": [{"Node Type": "Seq Scan","Parent Relationship": "Outer","Parallel Aware": true,"Async Capable": false,"Relation Name": "orders","Alias": "orders","Startup Cost": 0.00,"Total Cost": 30933.71,"Plan Rows": 483871,"Plan Width": 20,"Actual Startup Time": 0.009,"Actual Total Time": 49.040,"Actual Rows": 375000,"Actual Loops": 4,"Workers": []},{"Node Type": "Hash","Parent Relationship": "Inner","Parallel Aware": false,"Async Capable": false,"Startup Cost": 209052.81,"Total Cost": 209052.81,"Plan Rows": 118756,"Plan Width": 4,"Actual Startup Time": 10075.163,"Actual Total Time": 10075.176,"Actual Rows": 10,"Actual Loops": 4,"Hash Buckets": 131072,"Original Hash Buckets": 131072,"Hash Batches": 1,"Original Hash Batches": 1,"Peak Memory Usage": 1025,"Workers": [],"Plans": [{"Node Type": "Aggregate","Strategy": "Hashed","Partial Mode": "Simple","Parent Relationship": "Outer","Parallel Aware": false,"Async Capable": false,"Startup Cost": 202521.23,"Total Cost": 207865.25,"Plan Rows": 118756,"Plan Width": 4,"Actual Startup Time": 6293.151,"Actual Total Time": 10074.968,"Actual Rows": 10,"Actual Loops": 4,"Group Key": ["lineitem_1.l_orderkey"],"Filter": "(sum(lineitem_1.l_quantity) > '312'::numeric)","Planned Partitions": 0,"HashAgg Batches": 1,"Peak Memory Usage": 638993,"Disk Usage": 0,"Rows Removed by Filter": 1499990,"Workers": [{"Worker Number": 0,"HashAgg Batches": 1,"Peak Memory Usage": 638993,"Disk Usage": 0},{"Worker Number": 1,"HashAgg Batches": 1,"Peak Memory Usage": 638993,"Disk Usage": 0},{"Worker Number": 2,"HashAgg Batches": 1,"Peak Memory Usage": 638993,"Disk Usage": 0}],"Plans": [{"Node Type": "Seq Scan","Parent Relationship": "Outer","Parallel Aware": false,"Async Capable": false,"Relation Name": "lineitem","Alias": "lineitem_1","Startup Cost": 0.00,"Total Cost": 172515.15,"Plan Rows": 6001215,"Plan Width": 9,"Actual Startup Time": 0.021,"Actual Total Time": 960.546,"Actual Rows": 6001215,"Actual Loops": 4,"Workers": []}]}]}]},{"Node Type": "Index Scan","Parent Relationship": "Inner","Parallel Aware": false,"Async Capable": false,"Scan Direction": "Forward","Index Name": "idx_lineitem_orderkey","Relation Name": "lineitem","Alias": "lineitem","Startup Cost": 0.43,"Total Cost": 1.06,"Plan Rows": 17,"Plan Width": 9,"Actual Startup Time": 0.072,"Actual Total Time": 0.079,"Actual Rows": 7,"Actual Loops": 10,"Index Cond": "(l_orderkey = orders.o_orderkey)","Rows Removed by Index Recheck": 0,"Workers": []}]},{"Node Type": "Hash","Parent Relationship": "Inner","Parallel Aware": true,"Async Capable": false,"Startup Cost": 4210.00,"Total Cost": 4210.00,"Plan Rows": 62500,"Plan Width": 23,"Actual Startup Time": 37.105,"Actual Total Time": 37.114,"Actual Rows": 37500,"Actual Loops": 4,"Hash Buckets": 262144,"Original Hash Buckets": 262144,"Hash Batches": 1,"Original Hash Batches": 1,"Peak Memory Usage": 10368,"Workers": [],"Plans": [{"Node Type": "Seq Scan","Parent Relationship": "Outer","Parallel Aware": true,"Async Capable": false,"Relation Name": "customer","Alias": "customer","Startup Cost": 0.00,"Total Cost": 4210.00,"Plan Rows": 62500,"Plan Width": 23,"Actual Startup Time": 0.025,"Actual Total Time": 19.726,"Actual Rows": 37500,"Actual Loops": 4,"Workers": []}]}]}]}]}]},"Planning Time": 6.715,"Triggers": [],"Execution Time": 10961.817}]
[{"Plan": {"Node Type": "Sort","Parallel Aware": false,"Async Capable": false,"Startup Cost": 397889.21,"Total Cost": 399077.01,"Plan Rows": 475120,"Plan Width": 71,"Actual Startup Time": 10887.509,"Actual Total Time": 10908.132,"Actual Rows": 10,"Actual Loops": 1,"Sort Key": ["orders.o_totalprice DESC", "orders.o_orderdate"],"Sort Method": "quicksort","Sort Space Used": 25,"Sort Space Type": "Memory","Plans": [{"Node Type": "Aggregate","Strategy": "Hashed","Partial Mode": "Simple","Parent Relationship": "Outer","Parallel Aware": false,"Async Capable": false,"Startup Cost": 347151.30,"Total Cost": 353090.30,"Plan Rows": 475120,"Plan Width": 71,"Actual Startup Time": 10848.812,"Actual Total Time": 10907.941,"Actual Rows": 10,"Actual Loops": 1,"Group Key": ["customer.c_custkey", "orders.o_orderkey"],"Planned Partitions": 0,"HashAgg Batches": 1,"Peak Memory Usage": 24601,"Disk Usage": 0,"Plans": [{"Node Type": "Gather","Parent Relationship": "Outer","Parallel Aware": false,"Async Capable": false,"Startup Cost": 216528.94,"Total Cost": 343587.90,"Plan Rows": 475120,"Plan Width": 44,"Actual Startup Time": 10782.037,"Actual Total Time": 10858.151,"Actual Rows": 70,"Actual Loops": 1,"Workers Planned": 3,"Workers Launched": 3,"Single Copy": false,"Plans": [{"Node Type": "Hash Join","Parent Relationship": "Outer","Parallel Aware": true,"Async Capable": false,"Join Type": "Inner","Startup Cost": 215528.94,"Total Cost": 295075.90,"Plan Rows": 153265,"Plan Width": 44,"Actual Startup Time": 10180.765,"Actual Total Time": 10348.312,"Actual Rows": 18,"Actual Loops": 4,"Inner Unique": true,"Hash Cond": "(orders.o_custkey = customer.c_custkey)","Workers": [],"Plans": [{"Node Type": "Nested Loop","Parent Relationship": "Outer","Parallel Aware": false,"Async Capable": false,"Join Type": "Inner","Startup Cost": 210537.69,"Total Cost": 289682.32,"Plan Rows": 153265,"Plan Width": 25,"Actual Startup Time": 10142.809,"Actual Total Time": 10310.270,"Actual Rows": 18,"Actual Loops": 4,"Inner Unique": false,"Workers": [],"Plans": [{"Node Type": "Hash Join","Parent Relationship": "Outer","Parallel Aware": false,"Async Capable": false,"Join Type": "Inner","Startup Cost": 210537.26,"Total Cost": 242741.13,"Plan Rows": 38308,"Plan Width": 24,"Actual Startup Time": 10142.670,"Actual Total Time": 10309.991,"Actual Rows": 2,"Actual Loops": 4,"Inner Unique": true,"Hash Cond": "(orders.o_orderkey = lineitem_1.l_orderkey)","Workers": [],"Plans": [{"Node Type": "Seq Scan","Parent Relationship": "Outer","Parallel Aware": true,"Async Capable": false,"Relation Name": "orders","Alias": "orders","Startup Cost": 0.00,"Total Cost": 30933.71,"Plan Rows": 483871,"Plan Width": 20,"Actual Startup Time": 0.009,"Actual Total Time": 49.040,"Actual Rows": 375000,"Actual Loops": 4,"Workers": []},{"Node Type": "Hash","Parent Relationship": "Inner","Parallel Aware": false,"Async Capable": false,"Startup Cost": 209052.81,"Total Cost": 209052.81,"Plan Rows": 118756,"Plan Width": 4,"Actual Startup Time": 10075.163,"Actual Total Time": 10075.176,"Actual Rows": 10,"Actual Loops": 4,"Hash Buckets": 131072,"Original Hash Buckets": 131072,"Hash Batches": 1,"Original Hash Batches": 1,"Peak Memory Usage": 1025,"Workers": [],"Plans": [{"Node Type": "Aggregate","Strategy": "Hashed","Partial Mode": "Simple","Parent Relationship": "Outer","Parallel Aware": false,"Async Capable": false,"Startup Cost": 202521.23,"Total Cost": 207865.25,"Plan Rows": 118756,"Plan Width": 4,"Actual Startup Time": 6293.151,"Actual Total Time": 10074.968,"Actual Rows": 10,"Actual Loops": 4,"Group Key": ["lineitem_1.l_orderkey"],"Filter": "(sum(lineitem_1.l_quantity) > '312'::numeric)","Planned Partitions": 0,"HashAgg Batches": 1,"Peak Memory Usage": 638993,"Disk Usage": 0,"Rows Removed by Filter": 1499990,"Workers": [{"Worker Number": 0,"HashAgg Batches": 1,"Peak Memory Usage": 638993,"Disk Usage": 0},{"Worker Number": 1,"HashAgg Batches": 1,"Peak Memory Usage": 638993,"Disk Usage": 0},{"Worker Number": 2,"HashAgg Batches": 1,"Peak Memory Usage": 638993,"Disk Usage": 0}],"Plans": [{"Node Type": "Seq Scan","Parent Relationship": "Outer","Parallel Aware": false,"Async Capable": false,"Relation Name": "lineitem","Alias": "lineitem_1","Startup Cost": 0.00,"Total Cost": 172515.15,"Plan Rows": 6001215,"Plan Width": 9,"Actual Startup Time": 0.021,"Actual Total Time": 960.546,"Actual Rows": 6001215,"Actual Loops": 4,"Workers": []}]}]}]},{"Node Type": "Index Scan","Parent Relationship": "Inner","Parallel Aware": false,"Async Capable": false,"Scan Direction": "Forward","Index Name": "idx_lineitem_orderkey","Relation Name": "lineitem","Alias": "lineitem","Startup Cost": 0.43,"Total Cost": 1.06,"Plan Rows": 17,"Plan Width": 9,"Actual Startup Time": 0.072,"Actual Total Time": 0.079,"Actual Rows": 7,"Actual Loops": 10,"Index Cond": "(l_orderkey = orders.o_orderkey)","Rows Removed by Index Recheck": 0,"Workers": []}]},{"Node Type": "Hash","Parent Relationship": "Inner","Parallel Aware": true,"Async Capable": false,"Startup Cost": 4210.00,"Total Cost": 4210.00,"Plan Rows": 62500,"Plan Width": 23,"Actual Startup Time": 37.105,"Actual Total Time": 37.114,"Actual Rows": 37500,"Actual Loops": 4,"Hash Buckets": 262144,"Original Hash Buckets": 262144,"Hash Batches": 1,"Original Hash Batches": 1,"Peak Memory Usage": 10368,"Workers": [],"Plans": [{"Node Type": "Seq Scan","Parent Relationship": "Outer","Parallel Aware": true,"Async Capable": false,"Relation Name": "customer","Alias": "customer","Startup Cost": 0.00,"Total Cost": 4210.00,"Plan Rows": 62500,"Plan Width": 23,"Actual Startup Time": 0.025,"Actual Total Time": 19.726,"Actual Rows": 37500,"Actual Loops": 4,"Workers": []}]}]}]}]}]},"Planning Time": 6.715,"Triggers": [],"Execution Time": 10961.817}]
[{"Plan": {"Node Type": "Sort","Parallel Aware": false,"Async Capable": false,"Startup Cost": 397889.21,"Total Cost": 399077.01,"Plan Rows": 475120,"Plan Width": 71,"Actual Startup Time": 10887.509,"Actual Total Time": 10908.132,"Actual Rows": 10,"Actual Loops": 1,"Sort Key": ["orders.o_totalprice DESC", "orders.o_orderdate"],"Sort Method": "quicksort","Sort Space Used": 25,"Sort Space Type": "Memory","Plans": [{"Node Type": "Aggregate","Strategy": "Hashed","Partial Mode": "Simple","Parent Relationship": "Outer","Parallel Aware": false,"Async Capable": false,"Startup Cost": 347151.30,"Total Cost": 353090.30,"Plan Rows": 475120,"Plan Width": 71,"Actual Startup Time": 10848.812,"Actual Total Time": 10907.941,"Actual Rows": 10,"Actual Loops": 1,"Group Key": ["customer.c_custkey", "orders.o_orderkey"],"Planned Partitions": 0,"HashAgg Batches": 1,"Peak Memory Usage": 24601,"Disk Usage": 0,"Plans": [{"Node Type": "Gather","Parent Relationship": "Outer","Parallel Aware": false,"Async Capable": false,"Startup Cost": 216528.94,"Total Cost": 343587.90,"Plan Rows": 475120,"Plan Width": 44,"Actual Startup Time": 10782.037,"Actual Total Time": 10858.151,"Actual Rows": 70,"Actual Loops": 1,"Workers Planned": 3,"Workers Launched": 3,"Single Copy": false,"Plans": [{"Node Type": "Hash Join","Parent Relationship": "Outer","Parallel Aware": true,"Async Capable": false,"Join Type": "Inner","Startup Cost": 215528.94,"Total Cost": 295075.90,"Plan Rows": 153265,"Plan Width": 44,"Actual Startup Time": 10180.765,"Actual Total Time": 10348.312,"Actual Rows": 18,"Actual Loops": 4,"Inner Unique": true,"Hash Cond": "(orders.o_custkey = customer.c_custkey)","Workers": [],"Plans": [{"Node Type": "Nested Loop","Parent Relationship": "Outer","Parallel Aware": false,"Async Capable": false,"Join Type": "Inner","Startup Cost": 210537.69,"Total Cost": 289682.32,"Plan Rows": 153265,"Plan Width": 25,"Actual Startup Time": 10142.809,"Actual Total Time": 10310.270,"Actual Rows": 18,"Actual Loops": 4,"Inner Unique": false,"Workers": [],"Plans": [{"Node Type": "Hash Join","Parent Relationship": "Outer","Parallel Aware": false,"Async Capable": false,"Join Type": "Inner","Startup Cost": 210537.26,"Total Cost": 242741.13,"Plan Rows": 38308,"Plan Width": 24,"Actual Startup Time": 10142.670,"Actual Total Time": 10309.991,"Actual Rows": 2,"Actual Loops": 4,"Inner Unique": true,"Hash Cond": "(orders.o_orderkey = lineitem_1.l_orderkey)","Workers": [],"Plans": [{"Node Type": "Seq Scan","Parent Relationship": "Outer","Parallel Aware": true,"Async Capable": false,"Relation Name": "orders","Alias": "orders","Startup Cost": 0.00,"Total Cost": 30933.71,"Plan Rows": 483871,"Plan Width": 20,"Actual Startup Time": 0.009,"Actual Total Time": 49.040,"Actual Rows": 375000,"Actual Loops": 4,"Workers": []},{"Node Type": "Hash","Parent Relationship": "Inner","Parallel Aware": false,"Async Capable": false,"Startup Cost": 209052.81,"Total Cost": 209052.81,"Plan Rows": 118756,"Plan Width": 4,"Actual Startup Time": 10075.163,"Actual Total Time": 10075.176,"Actual Rows": 10,"Actual Loops": 4,"Hash Buckets": 131072,"Original Hash Buckets": 131072,"Hash Batches": 1,"Original Hash Batches": 1,"Peak Memory Usage": 1025,"Workers": [],"Plans": [{"Node Type": "Aggregate","Strategy": "Hashed","Partial Mode": "Simple","Parent Relationship": "Outer","Parallel Aware": false,"Async Capable": false,"Startup Cost": 202521.23,"Total Cost": 207865.25,"Plan Rows": 118756,"Plan Width": 4,"Actual Startup Time": 6293.151,"Actual Total Time": 10074.968,"Actual Rows": 10,"Actual Loops": 4,"Group Key": ["lineitem_1.l_orderkey"],"Filter": "(sum(lineitem_1.l_quantity) > '312'::numeric)","Planned Partitions": 0,"HashAgg Batches": 1,"Peak Memory Usage": 638993,"Disk Usage": 0,"Rows Removed by Filter": 1499990,"Workers": [{"Worker Number": 0,"HashAgg Batches": 1,"Peak Memory Usage": 638993,"Disk Usage": 0},{"Worker Number": 1,"HashAgg Batches": 1,"Peak Memory Usage": 638993,"Disk Usage": 0},{"Worker Number": 2,"HashAgg Batches": 1,"Peak Memory Usage": 638993,"Disk Usage": 0}],"Plans": [{"Node Type": "Seq Scan","Parent Relationship": "Outer","Parallel Aware": false,"Async Capable": false,"Relation Name": "lineitem","Alias": "lineitem_1","Startup Cost": 0.00,"Total Cost": 172515.15,"Plan Rows": 6001215,"Plan Width": 9,"Actual Startup Time": 0.021,"Actual Total Time": 960.546,"Actual Rows": 6001215,"Actual Loops": 4,"Workers": []}]}]}]},{"Node Type": "Index Scan","Parent Relationship": "Inner","Parallel Aware": false,"Async Capable": false,"Scan Direction": "Forward","Index Name": "idx_lineitem_orderkey","Relation Name": "lineitem","Alias": "lineitem","Startup Cost": 0.43,"Total Cost": 1.06,"Plan Rows": 17,"Plan Width": 9,"Actual Startup Time": 0.072,"Actual Total Time": 0.079,"Actual Rows": 7,"Actual Loops": 10,"Index Cond": "(l_orderkey = orders.o_orderkey)","Rows Removed by Index Recheck": 0,"Workers": []}]},{"Node Type": "Hash","Parent Relationship": "Inner","Parallel Aware": true,"Async Capable": false,"Startup Cost": 4210.00,"Total Cost": 4210.00,"Plan Rows": 62500,"Plan Width": 23,"Actual Startup Time": 37.105,"Actual Total Time": 37.114,"Actual Rows": 37500,"Actual Loops": 4,"Hash Buckets": 262144,"Original Hash Buckets": 262144,"Hash Batches": 1,"Original Hash Batches": 1,"Peak Memory Usage": 10368,"Workers": [],"Plans": [{"Node Type": "Seq Scan","Parent Relationship": "Outer","Parallel Aware": true,"Async Capable": false,"Relation Name": "customer","Alias": "customer","Startup Cost": 0.00,"Total Cost": 4210.00,"Plan Rows": 62500,"Plan Width": 23,"Actual Startup Time": 0.025,"Actual Total Time": 19.726,"Actual Rows": 37500,"Actual Loops": 4,"Workers": []}]}]}]}]}]},"Planning Time": 6.715,"Triggers": [],"Execution Time": 10961.817}]
[{"Plan": {"Node Type": "Sort","Parallel Aware": false,"Async Capable": false,"Startup Cost": 397889.21,"Total Cost": 399077.01,"Plan Rows": 475120,"Plan Width": 71,"Actual Startup Time": 10345.847,"Actual Total Time": 10377.998,"Actual Rows": 9,"Actual Loops": 1,"Sort Key": ["orders.o_totalprice DESC", "orders.o_orderdate"],"Sort Method": "quicksort","Sort Space Used": 25,"Sort Space Type": "Memory","Plans": [{"Node Type": "Aggregate","Strategy": "Hashed","Partial Mode": "Simple","Parent Relationship": "Outer","Parallel Aware": false,"Async Capable": false,"Startup Cost": 347151.30,"Total Cost": 353090.30,"Plan Rows": 475120,"Plan Width": 71,"Actual Startup Time": 10329.232,"Actual Total Time": 10377.856,"Actual Rows": 9,"Actual Loops": 1,"Group Key": ["customer.c_custkey", "orders.o_orderkey"],"Planned Partitions": 0,"HashAgg Batches": 1,"Peak Memory Usage": 24601,"Disk Usage": 0,"Plans": [{"Node Type": "Gather","Parent Relationship": "Outer","Parallel Aware": false,"Async Capable": false,"Startup Cost": 216528.94,"Total Cost": 343587.90,"Plan Rows": 475120,"Plan Width": 44,"Actual Startup Time": 10053.961,"Actual Total Time": 10357.615,"Actual Rows": 63,"Actual Loops": 1,"Workers Planned": 3,"Workers Launched": 3,"Single Copy": false,"Plans": [{"Node Type": "Hash Join","Parent Relationship": "Outer","Parallel Aware": true,"Async Capable": false,"Join Type": "Inner","Startup Cost": 215528.94,"Total Cost": 295075.90,"Plan Rows": 153265,"Plan Width": 44,"Actual Startup Time": 10157.696,"Actual Total Time": 10258.651,"Actual Rows": 16,"Actual Loops": 4,"Inner Unique": true,"Hash Cond": "(orders.o_custkey = customer.c_custkey)","Workers": [],"Plans": [{"Node Type": "Nested Loop","Parent Relationship": "Outer","Parallel Aware": false,"Async Capable": false,"Join Type": "Inner","Startup Cost": 210537.69,"Total Cost": 289682.32,"Plan Rows": 153265,"Plan Width": 25,"Actual Startup Time": 10123.332,"Actual Total Time": 10224.239,"Actual Rows": 16,"Actual Loops": 4,"Inner Unique": false,"Workers": [],"Plans": [{"Node Type": "Hash Join","Parent Relationship": "Outer","Parallel Aware": false,"Async Capable": false,"Join Type": "Inner","Startup Cost": 210537.26,"Total Cost": 242741.13,"Plan Rows": 38308,"Plan Width": 24,"Actual Startup Time": 10123.186,"Actual Total Time": 10223.998,"Actual Rows": 2,"Actual Loops": 4,"Inner Unique": true,"Hash Cond": "(orders.o_orderkey = lineitem_1.l_orderkey)","Workers": [],"Plans": [{"Node Type": "Seq Scan","Parent Relationship": "Outer","Parallel Aware": true,"Async Capable": false,"Relation Name": "orders","Alias": "orders","Startup Cost": 0.00,"Total Cost": 30933.71,"Plan Rows": 483871,"Plan Width": 20,"Actual Startup Time": 0.011,"Actual Total Time": 49.852,"Actual Rows": 375000,"Actual Loops": 4,"Workers": []},{"Node Type": "Hash","Parent Relationship": "Inner","Parallel Aware": false,"Async Capable": false,"Startup Cost": 209052.81,"Total Cost": 209052.81,"Plan Rows": 118756,"Plan Width": 4,"Actual Startup Time": 10005.666,"Actual Total Time": 10005.673,"Actual Rows": 9,"Actual Loops": 4,"Hash Buckets": 131072,"Original Hash Buckets": 131072,"Hash Batches": 1,"Original Hash Batches": 1,"Peak Memory Usage": 1025,"Workers": [],"Plans": [{"Node Type": "Aggregate","Strategy": "Hashed","Partial Mode": "Simple","Parent Relationship": "Outer","Parallel Aware": false,"Async Capable": false,"Startup Cost": 202521.23,"Total Cost": 207865.25,"Plan Rows": 118756,"Plan Width": 4,"Actual Startup Time": 6310.010,"Actual Total Time": 10005.543,"Actual Rows": 9,"Actual Loops": 4,"Group Key": ["lineitem_1.l_orderkey"],"Filter": "(sum(lineitem_1.l_quantity) > '313'::numeric)","Planned Partitions": 0,"HashAgg Batches": 1,"Peak Memory Usage": 638993,"Disk Usage": 0,"Rows Removed by Filter": 1499991,"Workers": [{"Worker Number": 0,"HashAgg Batches": 1,"Peak Memory Usage": 638993,"Disk Usage": 0},{"Worker Number": 1,"HashAgg Batches": 1,"Peak Memory Usage": 638993,"Disk Usage": 0},{"Worker Number": 2,"HashAgg Batches": 1,"Peak Memory Usage": 638993,"Disk Usage": 0}],"Plans": [{"Node Type": "Seq Scan","Parent Relationship": "Outer","Parallel Aware": false,"Async Capable": false,"Relation Name": "lineitem","Alias": "lineitem_1","Startup Cost": 0.00,"Total Cost": 172515.15,"Plan Rows": 6001215,"Plan Width": 9,"Actual Startup Time": 0.020,"Actual Total Time": 994.479,"Actual Rows": 6001215,"Actual Loops": 4,"Workers": []}]}]}]},{"Node Type": "Index Scan","Parent Relationship": "Inner","Parallel Aware": false,"Async Capable": false,"Scan Direction": "Forward","Index Name": "idx_lineitem_orderkey","Relation Name": "lineitem","Alias": "lineitem","Startup Cost": 0.43,"Total Cost": 1.06,"Plan Rows": 17,"Plan Width": 9,"Actual Startup Time": 0.068,"Actual Total Time": 0.075,"Actual Rows": 7,"Actual Loops": 9,"Index Cond": "(l_orderkey = orders.o_orderkey)","Rows Removed by Index Recheck": 0,"Workers": []}]},{"Node Type": "Hash","Parent Relationship": "Inner","Parallel Aware": true,"Async Capable": false,"Startup Cost": 4210.00,"Total Cost": 4210.00,"Plan Rows": 62500,"Plan Width": 23,"Actual Startup Time": 33.578,"Actual Total Time": 33.582,"Actual Rows": 37500,"Actual Loops": 4,"Hash Buckets": 262144,"Original Hash Buckets": 262144,"Hash Batches": 1,"Original Hash Batches": 1,"Peak Memory Usage": 10336,"Workers": [],"Plans": [{"Node Type": "Seq Scan","Parent Relationship": "Outer","Parallel Aware": true,"Async Capable": false,"Relation Name": "customer","Alias": "customer","Startup Cost": 0.00,"Total Cost": 4210.00,"Plan Rows": 62500,"Plan Width": 23,"Actual Startup Time": 0.023,"Actual Total Time": 16.777,"Actual Rows": 37500,"Actual Loops": 4,"Workers": []}]}]}]}]}]},"Planning Time": 6.662,"Triggers": [],"Execution Time": 10430.266}]
[{"Plan": {"Node Type": "Sort","Parallel Aware": false,"Async Capable": false,"Startup Cost": 397889.21,"Total Cost": 399077.01,"Plan Rows": 475120,"Plan Width": 71,"Actual Startup Time": 10345.847,"Actual Total Time": 10377.998,"Actual Rows": 9,"Actual Loops": 1,"Sort Key": ["orders.o_totalprice DESC", "orders.o_orderdate"],"Sort Method": "quicksort","Sort Space Used": 25,"Sort Space Type": "Memory","Plans": [{"Node Type": "Aggregate","Strategy": "Hashed","Partial Mode": "Simple","Parent Relationship": "Outer","Parallel Aware": false,"Async Capable": false,"Startup Cost": 347151.30,"Total Cost": 353090.30,"Plan Rows": 475120,"Plan Width": 71,"Actual Startup Time": 10329.232,"Actual Total Time": 10377.856,"Actual Rows": 9,"Actual Loops": 1,"Group Key": ["customer.c_custkey", "orders.o_orderkey"],"Planned Partitions": 0,"HashAgg Batches": 1,"Peak Memory Usage": 24601,"Disk Usage": 0,"Plans": [{"Node Type": "Gather","Parent Relationship": "Outer","Parallel Aware": false,"Async Capable": false,"Startup Cost": 216528.94,"Total Cost": 343587.90,"Plan Rows": 475120,"Plan Width": 44,"Actual Startup Time": 10053.961,"Actual Total Time": 10357.615,"Actual Rows": 63,"Actual Loops": 1,"Workers Planned": 3,"Workers Launched": 3,"Single Copy": false,"Plans": [{"Node Type": "Hash Join","Parent Relationship": "Outer","Parallel Aware": true,"Async Capable": false,"Join Type": "Inner","Startup Cost": 215528.94,"Total Cost": 295075.90,"Plan Rows": 153265,"Plan Width": 44,"Actual Startup Time": 10157.696,"Actual Total Time": 10258.651,"Actual Rows": 16,"Actual Loops": 4,"Inner Unique": true,"Hash Cond": "(orders.o_custkey = customer.c_custkey)","Workers": [],"Plans": [{"Node Type": "Nested Loop","Parent Relationship": "Outer","Parallel Aware": false,"Async Capable": false,"Join Type": "Inner","Startup Cost": 210537.69,"Total Cost": 289682.32,"Plan Rows": 153265,"Plan Width": 25,"Actual Startup Time": 10123.332,"Actual Total Time": 10224.239,"Actual Rows": 16,"Actual Loops": 4,"Inner Unique": false,"Workers": [],"Plans": [{"Node Type": "Hash Join","Parent Relationship": "Outer","Parallel Aware": false,"Async Capable": false,"Join Type": "Inner","Startup Cost": 210537.26,"Total Cost": 242741.13,"Plan Rows": 38308,"Plan Width": 24,"Actual Startup Time": 10123.186,"Actual Total Time": 10223.998,"Actual Rows": 2,"Actual Loops": 4,"Inner Unique": true,"Hash Cond": "(orders.o_orderkey = lineitem_1.l_orderkey)","Workers": [],"Plans": [{"Node Type": "Seq Scan","Parent Relationship": "Outer","Parallel Aware": true,"Async Capable": false,"Relation Name": "orders","Alias": "orders","Startup Cost": 0.00,"Total Cost": 30933.71,"Plan Rows": 483871,"Plan Width": 20,"Actual Startup Time": 0.011,"Actual Total Time": 49.852,"Actual Rows": 375000,"Actual Loops": 4,"Workers": []},{"Node Type": "Hash","Parent Relationship": "Inner","Parallel Aware": false,"Async Capable": false,"Startup Cost": 209052.81,"Total Cost": 209052.81,"Plan Rows": 118756,"Plan Width": 4,"Actual Startup Time": 10005.666,"Actual Total Time": 10005.673,"Actual Rows": 9,"Actual Loops": 4,"Hash Buckets": 131072,"Original Hash Buckets": 131072,"Hash Batches": 1,"Original Hash Batches": 1,"Peak Memory Usage": 1025,"Workers": [],"Plans": [{"Node Type": "Aggregate","Strategy": "Hashed","Partial Mode": "Simple","Parent Relationship": "Outer","Parallel Aware": false,"Async Capable": false,"Startup Cost": 202521.23,"Total Cost": 207865.25,"Plan Rows": 118756,"Plan Width": 4,"Actual Startup Time": 6310.010,"Actual Total Time": 10005.543,"Actual Rows": 9,"Actual Loops": 4,"Group Key": ["lineitem_1.l_orderkey"],"Filter": "(sum(lineitem_1.l_quantity) > '313'::numeric)","Planned Partitions": 0,"HashAgg Batches": 1,"Peak Memory Usage": 638993,"Disk Usage": 0,"Rows Removed by Filter": 1499991,"Workers": [{"Worker Number": 0,"HashAgg Batches": 1,"Peak Memory Usage": 638993,"Disk Usage": 0},{"Worker Number": 1,"HashAgg Batches": 1,"Peak Memory Usage": 638993,"Disk Usage": 0},{"Worker Number": 2,"HashAgg Batches": 1,"Peak Memory Usage": 638993,"Disk Usage": 0}],"Plans": [{"Node Type": "Seq Scan","Parent Relationship": "Outer","Parallel Aware": false,"Async Capable": false,"Relation Name": "lineitem","Alias": "lineitem_1","Startup Cost": 0.00,"Total Cost": 172515.15,"Plan Rows": 6001215,"Plan Width": 9,"Actual Startup Time": 0.020,"Actual Total Time": 994.479,"Actual Rows": 6001215,"Actual Loops": 4,"Workers": []}]}]}]},{"Node Type": "Index Scan","Parent Relationship": "Inner","Parallel Aware": false,"Async Capable": false,"Scan Direction": "Forward","Index Name": "idx_lineitem_orderkey","Relation Name": "lineitem","Alias": "lineitem","Startup Cost": 0.43,"Total Cost": 1.06,"Plan Rows": 17,"Plan Width": 9,"Actual Startup Time": 0.068,"Actual Total Time": 0.075,"Actual Rows": 7,"Actual Loops": 9,"Index Cond": "(l_orderkey = orders.o_orderkey)","Rows Removed by Index Recheck": 0,"Workers": []}]},{"Node Type": "Hash","Parent Relationship": "Inner","Parallel Aware": true,"Async Capable": false,"Startup Cost": 4210.00,"Total Cost": 4210.00,"Plan Rows": 62500,"Plan Width": 23,"Actual Startup Time": 33.578,"Actual Total Time": 33.582,"Actual Rows": 37500,"Actual Loops": 4,"Hash Buckets": 262144,"Original Hash Buckets": 262144,"Hash Batches": 1,"Original Hash Batches": 1,"Peak Memory Usage": 10336,"Workers": [],"Plans": [{"Node Type": "Seq Scan","Parent Relationship": "Outer","Parallel Aware": true,"Async Capable": false,"Relation Name": "customer","Alias": "customer","Startup Cost": 0.00,"Total Cost": 4210.00,"Plan Rows": 62500,"Plan Width": 23,"Actual Startup Time": 0.023,"Actual Total Time": 16.777,"Actual Rows": 37500,"Actual Loops": 4,"Workers": []}]}]}]}]}]},"Planning Time": 6.662,"Triggers": [],"Execution Time": 10430.266}]
[{"Plan": {"Node Type": "Sort","Parallel Aware": false,"Async Capable": false,"Startup Cost": 397889.21,"Total Cost": 399077.01,"Plan Rows": 475120,"Plan Width": 71,"Actual Startup Time": 10345.847,"Actual Total Time": 10377.998,"Actual Rows": 9,"Actual Loops": 1,"Sort Key": ["orders.o_totalprice DESC", "orders.o_orderdate"],"Sort Method": "quicksort","Sort Space Used": 25,"Sort Space Type": "Memory","Plans": [{"Node Type": "Aggregate","Strategy": "Hashed","Partial Mode": "Simple","Parent Relationship": "Outer","Parallel Aware": false,"Async Capable": false,"Startup Cost": 347151.30,"Total Cost": 353090.30,"Plan Rows": 475120,"Plan Width": 71,"Actual Startup Time": 10329.232,"Actual Total Time": 10377.856,"Actual Rows": 9,"Actual Loops": 1,"Group Key": ["customer.c_custkey", "orders.o_orderkey"],"Planned Partitions": 0,"HashAgg Batches": 1,"Peak Memory Usage": 24601,"Disk Usage": 0,"Plans": [{"Node Type": "Gather","Parent Relationship": "Outer","Parallel Aware": false,"Async Capable": false,"Startup Cost": 216528.94,"Total Cost": 343587.90,"Plan Rows": 475120,"Plan Width": 44,"Actual Startup Time": 10053.961,"Actual Total Time": 10357.615,"Actual Rows": 63,"Actual Loops": 1,"Workers Planned": 3,"Workers Launched": 3,"Single Copy": false,"Plans": [{"Node Type": "Hash Join","Parent Relationship": "Outer","Parallel Aware": true,"Async Capable": false,"Join Type": "Inner","Startup Cost": 215528.94,"Total Cost": 295075.90,"Plan Rows": 153265,"Plan Width": 44,"Actual Startup Time": 10157.696,"Actual Total Time": 10258.651,"Actual Rows": 16,"Actual Loops": 4,"Inner Unique": true,"Hash Cond": "(orders.o_custkey = customer.c_custkey)","Workers": [],"Plans": [{"Node Type": "Nested Loop","Parent Relationship": "Outer","Parallel Aware": false,"Async Capable": false,"Join Type": "Inner","Startup Cost": 210537.69,"Total Cost": 289682.32,"Plan Rows": 153265,"Plan Width": 25,"Actual Startup Time": 10123.332,"Actual Total Time": 10224.239,"Actual Rows": 16,"Actual Loops": 4,"Inner Unique": false,"Workers": [],"Plans": [{"Node Type": "Hash Join","Parent Relationship": "Outer","Parallel Aware": false,"Async Capable": false,"Join Type": "Inner","Startup Cost": 210537.26,"Total Cost": 242741.13,"Plan Rows": 38308,"Plan Width": 24,"Actual Startup Time": 10123.186,"Actual Total Time": 10223.998,"Actual Rows": 2,"Actual Loops": 4,"Inner Unique": true,"Hash Cond": "(orders.o_orderkey = lineitem_1.l_orderkey)","Workers": [],"Plans": [{"Node Type": "Seq Scan","Parent Relationship": "Outer","Parallel Aware": true,"Async Capable": false,"Relation Name": "orders","Alias": "orders","Startup Cost": 0.00,"Total Cost": 30933.71,"Plan Rows": 483871,"Plan Width": 20,"Actual Startup Time": 0.011,"Actual Total Time": 49.852,"Actual Rows": 375000,"Actual Loops": 4,"Workers": []},{"Node Type": "Hash","Parent Relationship": "Inner","Parallel Aware": false,"Async Capable": false,"Startup Cost": 209052.81,"Total Cost": 209052.81,"Plan Rows": 118756,"Plan Width": 4,"Actual Startup Time": 10005.666,"Actual Total Time": 10005.673,"Actual Rows": 9,"Actual Loops": 4,"Hash Buckets": 131072,"Original Hash Buckets": 131072,"Hash Batches": 1,"Original Hash Batches": 1,"Peak Memory Usage": 1025,"Workers": [],"Plans": [{"Node Type": "Aggregate","Strategy": "Hashed","Partial Mode": "Simple","Parent Relationship": "Outer","Parallel Aware": false,"Async Capable": false,"Startup Cost": 202521.23,"Total Cost": 207865.25,"Plan Rows": 118756,"Plan Width": 4,"Actual Startup Time": 6310.010,"Actual Total Time": 10005.543,"Actual Rows": 9,"Actual Loops": 4,"Group Key": ["lineitem_1.l_orderkey"],"Filter": "(sum(lineitem_1.l_quantity) > '313'::numeric)","Planned Partitions": 0,"HashAgg Batches": 1,"Peak Memory Usage": 638993,"Disk Usage": 0,"Rows Removed by Filter": 1499991,"Workers": [{"Worker Number": 0,"HashAgg Batches": 1,"Peak Memory Usage": 638993,"Disk Usage": 0},{"Worker Number": 1,"HashAgg Batches": 1,"Peak Memory Usage": 638993,"Disk Usage": 0},{"Worker Number": 2,"HashAgg Batches": 1,"Peak Memory Usage": 638993,"Disk Usage": 0}],"Plans": [{"Node Type": "Seq Scan","Parent Relationship": "Outer","Parallel Aware": false,"Async Capable": false,"Relation Name": "lineitem","Alias": "lineitem_1","Startup Cost": 0.00,"Total Cost": 172515.15,"Plan Rows": 6001215,"Plan Width": 9,"Actual Startup Time": 0.020,"Actual Total Time": 994.479,"Actual Rows": 6001215,"Actual Loops": 4,"Workers": []}]}]}]},{"Node Type": "Index Scan","Parent Relationship": "Inner","Parallel Aware": false,"Async Capable": false,"Scan Direction": "Forward","Index Name": "idx_lineitem_orderkey","Relation Name": "lineitem","Alias": "lineitem","Startup Cost": 0.43,"Total Cost": 1.06,"Plan Rows": 17,"Plan Width": 9,"Actual Startup Time": 0.068,"Actual Total Time": 0.075,"Actual Rows": 7,"Actual Loops": 9,"Index Cond": "(l_orderkey = orders.o_orderkey)","Rows Removed by Index Recheck": 0,"Workers": []}]},{"Node Type": "Hash","Parent Relationship": "Inner","Parallel Aware": true,"Async Capable": false,"Startup Cost": 4210.00,"Total Cost": 4210.00,"Plan Rows": 62500,"Plan Width": 23,"Actual Startup Time": 33.578,"Actual Total Time": 33.582,"Actual Rows": 37500,"Actual Loops": 4,"Hash Buckets": 262144,"Original Hash Buckets": 262144,"Hash Batches": 1,"Original Hash Batches": 1,"Peak Memory Usage": 10336,"Workers": [],"Plans": [{"Node Type": "Seq Scan","Parent Relationship": "Outer","Parallel Aware": true,"Async Capable": false,"Relation Name": "customer","Alias": "customer","Startup Cost": 0.00,"Total Cost": 4210.00,"Plan Rows": 62500,"Plan Width": 23,"Actual Startup Time": 0.023,"Actual Total Time": 16.777,"Actual Rows": 37500,"Actual Loops": 4,"Workers": []}]}]}]}]}]},"Planning Time": 6.662,"Triggers": [],"Execution Time": 10430.266}]
[{"Plan": {"Node Type": "Sort","Parallel Aware": false,"Async Capable": false,"Startup Cost": 397889.21,"Total Cost": 399077.01,"Plan Rows": 475120,"Plan Width": 71,"Actual Startup Time": 10950.105,"Actual Total Time": 10953.954,"Actual Rows": 9,"Actual Loops": 1,"Sort Key": ["orders.o_totalprice DESC", "orders.o_orderdate"],"Sort Method": "quicksort","Sort Space Used": 25,"Sort Space Type": "Memory","Plans": [{"Node Type": "Aggregate","Strategy": "Hashed","Partial Mode": "Simple","Parent Relationship": "Outer","Parallel Aware": false,"Async Capable": false,"Startup Cost": 347151.30,"Total Cost": 353090.30,"Plan Rows": 475120,"Plan Width": 71,"Actual Startup Time": 10902.471,"Actual Total Time": 10953.715,"Actual Rows": 9,"Actual Loops": 1,"Group Key": ["customer.c_custkey", "orders.o_orderkey"],"Planned Partitions": 0,"HashAgg Batches": 1,"Peak Memory Usage": 24601,"Disk Usage": 0,"Plans": [{"Node Type": "Gather","Parent Relationship": "Outer","Parallel Aware": false,"Async Capable": false,"Startup Cost": 216528.94,"Total Cost": 343587.90,"Plan Rows": 475120,"Plan Width": 44,"Actual Startup Time": 10893.800,"Actual Total Time": 10897.693,"Actual Rows": 63,"Actual Loops": 1,"Workers Planned": 3,"Workers Launched": 3,"Single Copy": false,"Plans": [{"Node Type": "Hash Join","Parent Relationship": "Outer","Parallel Aware": true,"Async Capable": false,"Join Type": "Inner","Startup Cost": 215528.94,"Total Cost": 295075.90,"Plan Rows": 153265,"Plan Width": 44,"Actual Startup Time": 10134.253,"Actual Total Time": 10314.794,"Actual Rows": 16,"Actual Loops": 4,"Inner Unique": true,"Hash Cond": "(orders.o_custkey = customer.c_custkey)","Workers": [],"Plans": [{"Node Type": "Nested Loop","Parent Relationship": "Outer","Parallel Aware": false,"Async Capable": false,"Join Type": "Inner","Startup Cost": 210537.69,"Total Cost": 289682.32,"Plan Rows": 153265,"Plan Width": 25,"Actual Startup Time": 10099.687,"Actual Total Time": 10280.153,"Actual Rows": 16,"Actual Loops": 4,"Inner Unique": false,"Workers": [],"Plans": [{"Node Type": "Hash Join","Parent Relationship": "Outer","Parallel Aware": false,"Async Capable": false,"Join Type": "Inner","Startup Cost": 210537.26,"Total Cost": 242741.13,"Plan Rows": 38308,"Plan Width": 24,"Actual Startup Time": 10099.575,"Actual Total Time": 10279.892,"Actual Rows": 2,"Actual Loops": 4,"Inner Unique": true,"Hash Cond": "(orders.o_orderkey = lineitem_1.l_orderkey)","Workers": [],"Plans": [{"Node Type": "Seq Scan","Parent Relationship": "Outer","Parallel Aware": true,"Async Capable": false,"Relation Name": "orders","Alias": "orders","Startup Cost": 0.00,"Total Cost": 30933.71,"Plan Rows": 483871,"Plan Width": 20,"Actual Startup Time": 0.011,"Actual Total Time": 51.627,"Actual Rows": 375000,"Actual Loops": 4,"Workers": []},{"Node Type": "Hash","Parent Relationship": "Inner","Parallel Aware": false,"Async Capable": false,"Startup Cost": 209052.81,"Total Cost": 209052.81,"Plan Rows": 118756,"Plan Width": 4,"Actual Startup Time": 10016.825,"Actual Total Time": 10016.839,"Actual Rows": 9,"Actual Loops": 4,"Hash Buckets": 131072,"Original Hash Buckets": 131072,"Hash Batches": 1,"Original Hash Batches": 1,"Peak Memory Usage": 1025,"Workers": [],"Plans": [{"Node Type": "Aggregate","Strategy": "Hashed","Partial Mode": "Simple","Parent Relationship": "Outer","Parallel Aware": false,"Async Capable": false,"Startup Cost": 202521.23,"Total Cost": 207865.25,"Plan Rows": 118756,"Plan Width": 4,"Actual Startup Time": 6319.140,"Actual Total Time": 10016.671,"Actual Rows": 9,"Actual Loops": 4,"Group Key": ["lineitem_1.l_orderkey"],"Filter": "(sum(lineitem_1.l_quantity) > '315'::numeric)","Planned Partitions": 0,"HashAgg Batches": 1,"Peak Memory Usage": 638993,"Disk Usage": 0,"Rows Removed by Filter": 1499991,"Workers": [{"Worker Number": 0,"HashAgg Batches": 1,"Peak Memory Usage": 638993,"Disk Usage": 0},{"Worker Number": 1,"HashAgg Batches": 1,"Peak Memory Usage": 638993,"Disk Usage": 0},{"Worker Number": 2,"HashAgg Batches": 1,"Peak Memory Usage": 638993,"Disk Usage": 0}],"Plans": [{"Node Type": "Seq Scan","Parent Relationship": "Outer","Parallel Aware": false,"Async Capable": false,"Relation Name": "lineitem","Alias": "lineitem_1","Startup Cost": 0.00,"Total Cost": 172515.15,"Plan Rows": 6001215,"Plan Width": 9,"Actual Startup Time": 0.018,"Actual Total Time": 971.843,"Actual Rows": 6001215,"Actual Loops": 4,"Workers": []}]}]}]},{"Node Type": "Index Scan","Parent Relationship": "Inner","Parallel Aware": false,"Async Capable": false,"Scan Direction": "Forward","Index Name": "idx_lineitem_orderkey","Relation Name": "lineitem","Alias": "lineitem","Startup Cost": 0.43,"Total Cost": 1.06,"Plan Rows": 17,"Plan Width": 9,"Actual Startup Time": 0.069,"Actual Total Time": 0.079,"Actual Rows": 7,"Actual Loops": 9,"Index Cond": "(l_orderkey = orders.o_orderkey)","Rows Removed by Index Recheck": 0,"Workers": []}]},{"Node Type": "Hash","Parent Relationship": "Inner","Parallel Aware": true,"Async Capable": false,"Startup Cost": 4210.00,"Total Cost": 4210.00,"Plan Rows": 62500,"Plan Width": 23,"Actual Startup Time": 33.677,"Actual Total Time": 33.684,"Actual Rows": 37500,"Actual Loops": 4,"Hash Buckets": 262144,"Original Hash Buckets": 262144,"Hash Batches": 1,"Original Hash Batches": 1,"Peak Memory Usage": 10368,"Workers": [],"Plans": [{"Node Type": "Seq Scan","Parent Relationship": "Outer","Parallel Aware": true,"Async Capable": false,"Relation Name": "customer","Alias": "customer","Startup Cost": 0.00,"Total Cost": 4210.00,"Plan Rows": 62500,"Plan Width": 23,"Actual Startup Time": 0.019,"Actual Total Time": 16.715,"Actual Rows": 37500,"Actual Loops": 4,"Workers": []}]}]}]}]}]},"Planning Time": 6.132,"Triggers": [],"Execution Time": 11002.531}]
[{"Plan": {"Node Type": "Sort","Parallel Aware": false,"Async Capable": false,"Startup Cost": 397889.21,"Total Cost": 399077.01,"Plan Rows": 475120,"Plan Width": 71,"Actual Startup Time": 10950.105,"Actual Total Time": 10953.954,"Actual Rows": 9,"Actual Loops": 1,"Sort Key": ["orders.o_totalprice DESC", "orders.o_orderdate"],"Sort Method": "quicksort","Sort Space Used": 25,"Sort Space Type": "Memory","Plans": [{"Node Type": "Aggregate","Strategy": "Hashed","Partial Mode": "Simple","Parent Relationship": "Outer","Parallel Aware": false,"Async Capable": false,"Startup Cost": 347151.30,"Total Cost": 353090.30,"Plan Rows": 475120,"Plan Width": 71,"Actual Startup Time": 10902.471,"Actual Total Time": 10953.715,"Actual Rows": 9,"Actual Loops": 1,"Group Key": ["customer.c_custkey", "orders.o_orderkey"],"Planned Partitions": 0,"HashAgg Batches": 1,"Peak Memory Usage": 24601,"Disk Usage": 0,"Plans": [{"Node Type": "Gather","Parent Relationship": "Outer","Parallel Aware": false,"Async Capable": false,"Startup Cost": 216528.94,"Total Cost": 343587.90,"Plan Rows": 475120,"Plan Width": 44,"Actual Startup Time": 10893.800,"Actual Total Time": 10897.693,"Actual Rows": 63,"Actual Loops": 1,"Workers Planned": 3,"Workers Launched": 3,"Single Copy": false,"Plans": [{"Node Type": "Hash Join","Parent Relationship": "Outer","Parallel Aware": true,"Async Capable": false,"Join Type": "Inner","Startup Cost": 215528.94,"Total Cost": 295075.90,"Plan Rows": 153265,"Plan Width": 44,"Actual Startup Time": 10134.253,"Actual Total Time": 10314.794,"Actual Rows": 16,"Actual Loops": 4,"Inner Unique": true,"Hash Cond": "(orders.o_custkey = customer.c_custkey)","Workers": [],"Plans": [{"Node Type": "Nested Loop","Parent Relationship": "Outer","Parallel Aware": false,"Async Capable": false,"Join Type": "Inner","Startup Cost": 210537.69,"Total Cost": 289682.32,"Plan Rows": 153265,"Plan Width": 25,"Actual Startup Time": 10099.687,"Actual Total Time": 10280.153,"Actual Rows": 16,"Actual Loops": 4,"Inner Unique": false,"Workers": [],"Plans": [{"Node Type": "Hash Join","Parent Relationship": "Outer","Parallel Aware": false,"Async Capable": false,"Join Type": "Inner","Startup Cost": 210537.26,"Total Cost": 242741.13,"Plan Rows": 38308,"Plan Width": 24,"Actual Startup Time": 10099.575,"Actual Total Time": 10279.892,"Actual Rows": 2,"Actual Loops": 4,"Inner Unique": true,"Hash Cond": "(orders.o_orderkey = lineitem_1.l_orderkey)","Workers": [],"Plans": [{"Node Type": "Seq Scan","Parent Relationship": "Outer","Parallel Aware": true,"Async Capable": false,"Relation Name": "orders","Alias": "orders","Startup Cost": 0.00,"Total Cost": 30933.71,"Plan Rows": 483871,"Plan Width": 20,"Actual Startup Time": 0.011,"Actual Total Time": 51.627,"Actual Rows": 375000,"Actual Loops": 4,"Workers": []},{"Node Type": "Hash","Parent Relationship": "Inner","Parallel Aware": false,"Async Capable": false,"Startup Cost": 209052.81,"Total Cost": 209052.81,"Plan Rows": 118756,"Plan Width": 4,"Actual Startup Time": 10016.825,"Actual Total Time": 10016.839,"Actual Rows": 9,"Actual Loops": 4,"Hash Buckets": 131072,"Original Hash Buckets": 131072,"Hash Batches": 1,"Original Hash Batches": 1,"Peak Memory Usage": 1025,"Workers": [],"Plans": [{"Node Type": "Aggregate","Strategy": "Hashed","Partial Mode": "Simple","Parent Relationship": "Outer","Parallel Aware": false,"Async Capable": false,"Startup Cost": 202521.23,"Total Cost": 207865.25,"Plan Rows": 118756,"Plan Width": 4,"Actual Startup Time": 6319.140,"Actual Total Time": 10016.671,"Actual Rows": 9,"Actual Loops": 4,"Group Key": ["lineitem_1.l_orderkey"],"Filter": "(sum(lineitem_1.l_quantity) > '315'::numeric)","Planned Partitions": 0,"HashAgg Batches": 1,"Peak Memory Usage": 638993,"Disk Usage": 0,"Rows Removed by Filter": 1499991,"Workers": [{"Worker Number": 0,"HashAgg Batches": 1,"Peak Memory Usage": 638993,"Disk Usage": 0},{"Worker Number": 1,"HashAgg Batches": 1,"Peak Memory Usage": 638993,"Disk Usage": 0},{"Worker Number": 2,"HashAgg Batches": 1,"Peak Memory Usage": 638993,"Disk Usage": 0}],"Plans": [{"Node Type": "Seq Scan","Parent Relationship": "Outer","Parallel Aware": false,"Async Capable": false,"Relation Name": "lineitem","Alias": "lineitem_1","Startup Cost": 0.00,"Total Cost": 172515.15,"Plan Rows": 6001215,"Plan Width": 9,"Actual Startup Time": 0.018,"Actual Total Time": 971.843,"Actual Rows": 6001215,"Actual Loops": 4,"Workers": []}]}]}]},{"Node Type": "Index Scan","Parent Relationship": "Inner","Parallel Aware": false,"Async Capable": false,"Scan Direction": "Forward","Index Name": "idx_lineitem_orderkey","Relation Name": "lineitem","Alias": "lineitem","Startup Cost": 0.43,"Total Cost": 1.06,"Plan Rows": 17,"Plan Width": 9,"Actual Startup Time": 0.069,"Actual Total Time": 0.079,"Actual Rows": 7,"Actual Loops": 9,"Index Cond": "(l_orderkey = orders.o_orderkey)","Rows Removed by Index Recheck": 0,"Workers": []}]},{"Node Type": "Hash","Parent Relationship": "Inner","Parallel Aware": true,"Async Capable": false,"Startup Cost": 4210.00,"Total Cost": 4210.00,"Plan Rows": 62500,"Plan Width": 23,"Actual Startup Time": 33.677,"Actual Total Time": 33.684,"Actual Rows": 37500,"Actual Loops": 4,"Hash Buckets": 262144,"Original Hash Buckets": 262144,"Hash Batches": 1,"Original Hash Batches": 1,"Peak Memory Usage": 10368,"Workers": [],"Plans": [{"Node Type": "Seq Scan","Parent Relationship": "Outer","Parallel Aware": true,"Async Capable": false,"Relation Name": "customer","Alias": "customer","Startup Cost": 0.00,"Total Cost": 4210.00,"Plan Rows": 62500,"Plan Width": 23,"Actual Startup Time": 0.019,"Actual Total Time": 16.715,"Actual Rows": 37500,"Actual Loops": 4,"Workers": []}]}]}]}]}]},"Planning Time": 6.132,"Triggers": [],"Execution Time": 11002.531}]
[{"Plan": {"Node Type": "Sort","Parallel Aware": false,"Async Capable": false,"Startup Cost": 397889.21,"Total Cost": 399077.01,"Plan Rows": 475120,"Plan Width": 71,"Actual Startup Time": 10345.847,"Actual Total Time": 10377.998,"Actual Rows": 9,"Actual Loops": 1,"Sort Key": ["orders.o_totalprice DESC", "orders.o_orderdate"],"Sort Method": "quicksort","Sort Space Used": 25,"Sort Space Type": "Memory","Plans": [{"Node Type": "Aggregate","Strategy": "Hashed","Partial Mode": "Simple","Parent Relationship": "Outer","Parallel Aware": false,"Async Capable": false,"Startup Cost": 347151.30,"Total Cost": 353090.30,"Plan Rows": 475120,"Plan Width": 71,"Actual Startup Time": 10329.232,"Actual Total Time": 10377.856,"Actual Rows": 9,"Actual Loops": 1,"Group Key": ["customer.c_custkey", "orders.o_orderkey"],"Planned Partitions": 0,"HashAgg Batches": 1,"Peak Memory Usage": 24601,"Disk Usage": 0,"Plans": [{"Node Type": "Gather","Parent Relationship": "Outer","Parallel Aware": false,"Async Capable": false,"Startup Cost": 216528.94,"Total Cost": 343587.90,"Plan Rows": 475120,"Plan Width": 44,"Actual Startup Time": 10053.961,"Actual Total Time": 10357.615,"Actual Rows": 63,"Actual Loops": 1,"Workers Planned": 3,"Workers Launched": 3,"Single Copy": false,"Plans": [{"Node Type": "Hash Join","Parent Relationship": "Outer","Parallel Aware": true,"Async Capable": false,"Join Type": "Inner","Startup Cost": 215528.94,"Total Cost": 295075.90,"Plan Rows": 153265,"Plan Width": 44,"Actual Startup Time": 10157.696,"Actual Total Time": 10258.651,"Actual Rows": 16,"Actual Loops": 4,"Inner Unique": true,"Hash Cond": "(orders.o_custkey = customer.c_custkey)","Workers": [],"Plans": [{"Node Type": "Nested Loop","Parent Relationship": "Outer","Parallel Aware": false,"Async Capable": false,"Join Type": "Inner","Startup Cost": 210537.69,"Total Cost": 289682.32,"Plan Rows": 153265,"Plan Width": 25,"Actual Startup Time": 10123.332,"Actual Total Time": 10224.239,"Actual Rows": 16,"Actual Loops": 4,"Inner Unique": false,"Workers": [],"Plans": [{"Node Type": "Hash Join","Parent Relationship": "Outer","Parallel Aware": false,"Async Capable": false,"Join Type": "Inner","Startup Cost": 210537.26,"Total Cost": 242741.13,"Plan Rows": 38308,"Plan Width": 24,"Actual Startup Time": 10123.186,"Actual Total Time": 10223.998,"Actual Rows": 2,"Actual Loops": 4,"Inner Unique": true,"Hash Cond": "(orders.o_orderkey = lineitem_1.l_orderkey)","Workers": [],"Plans": [{"Node Type": "Seq Scan","Parent Relationship": "Outer","Parallel Aware": true,"Async Capable": false,"Relation Name": "orders","Alias": "orders","Startup Cost": 0.00,"Total Cost": 30933.71,"Plan Rows": 483871,"Plan Width": 20,"Actual Startup Time": 0.011,"Actual Total Time": 49.852,"Actual Rows": 375000,"Actual Loops": 4,"Workers": []},{"Node Type": "Hash","Parent Relationship": "Inner","Parallel Aware": false,"Async Capable": false,"Startup Cost": 209052.81,"Total Cost": 209052.81,"Plan Rows": 118756,"Plan Width": 4,"Actual Startup Time": 10005.666,"Actual Total Time": 10005.673,"Actual Rows": 9,"Actual Loops": 4,"Hash Buckets": 131072,"Original Hash Buckets": 131072,"Hash Batches": 1,"Original Hash Batches": 1,"Peak Memory Usage": 1025,"Workers": [],"Plans": [{"Node Type": "Aggregate","Strategy": "Hashed","Partial Mode": "Simple","Parent Relationship": "Outer","Parallel Aware": false,"Async Capable": false,"Startup Cost": 202521.23,"Total Cost": 207865.25,"Plan Rows": 118756,"Plan Width": 4,"Actual Startup Time": 6310.010,"Actual Total Time": 10005.543,"Actual Rows": 9,"Actual Loops": 4,"Group Key": ["lineitem_1.l_orderkey"],"Filter": "(sum(lineitem_1.l_quantity) > '313'::numeric)","Planned Partitions": 0,"HashAgg Batches": 1,"Peak Memory Usage": 638993,"Disk Usage": 0,"Rows Removed by Filter": 1499991,"Workers": [{"Worker Number": 0,"HashAgg Batches": 1,"Peak Memory Usage": 638993,"Disk Usage": 0},{"Worker Number": 1,"HashAgg Batches": 1,"Peak Memory Usage": 638993,"Disk Usage": 0},{"Worker Number": 2,"HashAgg Batches": 1,"Peak Memory Usage": 638993,"Disk Usage": 0}],"Plans": [{"Node Type": "Seq Scan","Parent Relationship": "Outer","Parallel Aware": false,"Async Capable": false,"Relation Name": "lineitem","Alias": "lineitem_1","Startup Cost": 0.00,"Total Cost": 172515.15,"Plan Rows": 6001215,"Plan Width": 9,"Actual Startup Time": 0.020,"Actual Total Time": 994.479,"Actual Rows": 6001215,"Actual Loops": 4,"Workers": []}]}]}]},{"Node Type": "Index Scan","Parent Relationship": "Inner","Parallel Aware": false,"Async Capable": false,"Scan Direction": "Forward","Index Name": "idx_lineitem_orderkey","Relation Name": "lineitem","Alias": "lineitem","Startup Cost": 0.43,"Total Cost": 1.06,"Plan Rows": 17,"Plan Width": 9,"Actual Startup Time": 0.068,"Actual Total Time": 0.075,"Actual Rows": 7,"Actual Loops": 9,"Index Cond": "(l_orderkey = orders.o_orderkey)","Rows Removed by Index Recheck": 0,"Workers": []}]},{"Node Type": "Hash","Parent Relationship": "Inner","Parallel Aware": true,"Async Capable": false,"Startup Cost": 4210.00,"Total Cost": 4210.00,"Plan Rows": 62500,"Plan Width": 23,"Actual Startup Time": 33.578,"Actual Total Time": 33.582,"Actual Rows": 37500,"Actual Loops": 4,"Hash Buckets": 262144,"Original Hash Buckets": 262144,"Hash Batches": 1,"Original Hash Batches": 1,"Peak Memory Usage": 10336,"Workers": [],"Plans": [{"Node Type": "Seq Scan","Parent Relationship": "Outer","Parallel Aware": true,"Async Capable": false,"Relation Name": "customer","Alias": "customer","Startup Cost": 0.00,"Total Cost": 4210.00,"Plan Rows": 62500,"Plan Width": 23,"Actual Startup Time": 0.023,"Actual Total Time": 16.777,"Actual Rows": 37500,"Actual Loops": 4,"Workers": []}]}]}]}]}]},"Planning Time": 6.662,"Triggers": [],"Execution Time": 10430.266}]
[{"Plan": {"Node Type": "Sort","Parallel Aware": false,"Async Capable": false,"Startup Cost": 397889.21,"Total Cost": 399077.01,"Plan Rows": 475120,"Plan Width": 71,"Actual Startup Time": 10950.105,"Actual Total Time": 10953.954,"Actual Rows": 9,"Actual Loops": 1,"Sort Key": ["orders.o_totalprice DESC", "orders.o_orderdate"],"Sort Method": "quicksort","Sort Space Used": 25,"Sort Space Type": "Memory","Plans": [{"Node Type": "Aggregate","Strategy": "Hashed","Partial Mode": "Simple","Parent Relationship": "Outer","Parallel Aware": false,"Async Capable": false,"Startup Cost": 347151.30,"Total Cost": 353090.30,"Plan Rows": 475120,"Plan Width": 71,"Actual Startup Time": 10902.471,"Actual Total Time": 10953.715,"Actual Rows": 9,"Actual Loops": 1,"Group Key": ["customer.c_custkey", "orders.o_orderkey"],"Planned Partitions": 0,"HashAgg Batches": 1,"Peak Memory Usage": 24601,"Disk Usage": 0,"Plans": [{"Node Type": "Gather","Parent Relationship": "Outer","Parallel Aware": false,"Async Capable": false,"Startup Cost": 216528.94,"Total Cost": 343587.90,"Plan Rows": 475120,"Plan Width": 44,"Actual Startup Time": 10893.800,"Actual Total Time": 10897.693,"Actual Rows": 63,"Actual Loops": 1,"Workers Planned": 3,"Workers Launched": 3,"Single Copy": false,"Plans": [{"Node Type": "Hash Join","Parent Relationship": "Outer","Parallel Aware": true,"Async Capable": false,"Join Type": "Inner","Startup Cost": 215528.94,"Total Cost": 295075.90,"Plan Rows": 153265,"Plan Width": 44,"Actual Startup Time": 10134.253,"Actual Total Time": 10314.794,"Actual Rows": 16,"Actual Loops": 4,"Inner Unique": true,"Hash Cond": "(orders.o_custkey = customer.c_custkey)","Workers": [],"Plans": [{"Node Type": "Nested Loop","Parent Relationship": "Outer","Parallel Aware": false,"Async Capable": false,"Join Type": "Inner","Startup Cost": 210537.69,"Total Cost": 289682.32,"Plan Rows": 153265,"Plan Width": 25,"Actual Startup Time": 10099.687,"Actual Total Time": 10280.153,"Actual Rows": 16,"Actual Loops": 4,"Inner Unique": false,"Workers": [],"Plans": [{"Node Type": "Hash Join","Parent Relationship": "Outer","Parallel Aware": false,"Async Capable": false,"Join Type": "Inner","Startup Cost": 210537.26,"Total Cost": 242741.13,"Plan Rows": 38308,"Plan Width": 24,"Actual Startup Time": 10099.575,"Actual Total Time": 10279.892,"Actual Rows": 2,"Actual Loops": 4,"Inner Unique": true,"Hash Cond": "(orders.o_orderkey = lineitem_1.l_orderkey)","Workers": [],"Plans": [{"Node Type": "Seq Scan","Parent Relationship": "Outer","Parallel Aware": true,"Async Capable": false,"Relation Name": "orders","Alias": "orders","Startup Cost": 0.00,"Total Cost": 30933.71,"Plan Rows": 483871,"Plan Width": 20,"Actual Startup Time": 0.011,"Actual Total Time": 51.627,"Actual Rows": 375000,"Actual Loops": 4,"Workers": []},{"Node Type": "Hash","Parent Relationship": "Inner","Parallel Aware": false,"Async Capable": false,"Startup Cost": 209052.81,"Total Cost": 209052.81,"Plan Rows": 118756,"Plan Width": 4,"Actual Startup Time": 10016.825,"Actual Total Time": 10016.839,"Actual Rows": 9,"Actual Loops": 4,"Hash Buckets": 131072,"Original Hash Buckets": 131072,"Hash Batches": 1,"Original Hash Batches": 1,"Peak Memory Usage": 1025,"Workers": [],"Plans": [{"Node Type": "Aggregate","Strategy": "Hashed","Partial Mode": "Simple","Parent Relationship": "Outer","Parallel Aware": false,"Async Capable": false,"Startup Cost": 202521.23,"Total Cost": 207865.25,"Plan Rows": 118756,"Plan Width": 4,"Actual Startup Time": 6319.140,"Actual Total Time": 10016.671,"Actual Rows": 9,"Actual Loops": 4,"Group Key": ["lineitem_1.l_orderkey"],"Filter": "(sum(lineitem_1.l_quantity) > '315'::numeric)","Planned Partitions": 0,"HashAgg Batches": 1,"Peak Memory Usage": 638993,"Disk Usage": 0,"Rows Removed by Filter": 1499991,"Workers": [{"Worker Number": 0,"HashAgg Batches": 1,"Peak Memory Usage": 638993,"Disk Usage": 0},{"Worker Number": 1,"HashAgg Batches": 1,"Peak Memory Usage": 638993,"Disk Usage": 0},{"Worker Number": 2,"HashAgg Batches": 1,"Peak Memory Usage": 638993,"Disk Usage": 0}],"Plans": [{"Node Type": "Seq Scan","Parent Relationship": "Outer","Parallel Aware": false,"Async Capable": false,"Relation Name": "lineitem","Alias": "lineitem_1","Startup Cost": 0.00,"Total Cost": 172515.15,"Plan Rows": 6001215,"Plan Width": 9,"Actual Startup Time": 0.018,"Actual Total Time": 971.843,"Actual Rows": 6001215,"Actual Loops": 4,"Workers": []}]}]}]},{"Node Type": "Index Scan","Parent Relationship": "Inner","Parallel Aware": false,"Async Capable": false,"Scan Direction": "Forward","Index Name": "idx_lineitem_orderkey","Relation Name": "lineitem","Alias": "lineitem","Startup Cost": 0.43,"Total Cost": 1.06,"Plan Rows": 17,"Plan Width": 9,"Actual Startup Time": 0.069,"Actual Total Time": 0.079,"Actual Rows": 7,"Actual Loops": 9,"Index Cond": "(l_orderkey = orders.o_orderkey)","Rows Removed by Index Recheck": 0,"Workers": []}]},{"Node Type": "Hash","Parent Relationship": "Inner","Parallel Aware": true,"Async Capable": false,"Startup Cost": 4210.00,"Total Cost": 4210.00,"Plan Rows": 62500,"Plan Width": 23,"Actual Startup Time": 33.677,"Actual Total Time": 33.684,"Actual Rows": 37500,"Actual Loops": 4,"Hash Buckets": 262144,"Original Hash Buckets": 262144,"Hash Batches": 1,"Original Hash Batches": 1,"Peak Memory Usage": 10368,"Workers": [],"Plans": [{"Node Type": "Seq Scan","Parent Relationship": "Outer","Parallel Aware": true,"Async Capable": false,"Relation Name": "customer","Alias": "customer","Startup Cost": 0.00,"Total Cost": 4210.00,"Plan Rows": 62500,"Plan Width": 23,"Actual Startup Time": 0.019,"Actual Total Time": 16.715,"Actual Rows": 37500,"Actual Loops": 4,"Workers": []}]}]}]}]}]},"Planning Time": 6.132,"Triggers": [],"Execution Time": 11002.531}]
[{"Plan": {"Node Type": "Sort","Parallel Aware": false,"Async Capable": false,"Startup Cost": 397889.21,"Total Cost": 399077.01,"Plan Rows": 475120,"Plan Width": 71,"Actual Startup Time": 10785.011,"Actual Total Time": 10839.032,"Actual Rows": 9,"Actual Loops": 1,"Sort Key": ["orders.o_totalprice DESC", "orders.o_orderdate"],"Sort Method": "quicksort","Sort Space Used": 25,"Sort Space Type": "Memory","Plans": [{"Node Type": "Aggregate","Strategy": "Hashed","Partial Mode": "Simple","Parent Relationship": "Outer","Parallel Aware": false,"Async Capable": false,"Startup Cost": 347151.30,"Total Cost": 353090.30,"Plan Rows": 475120,"Plan Width": 71,"Actual Startup Time": 10763.855,"Actual Total Time": 10838.848,"Actual Rows": 9,"Actual Loops": 1,"Group Key": ["customer.c_custkey", "orders.o_orderkey"],"Planned Partitions": 0,"HashAgg Batches": 1,"Peak Memory Usage": 24601,"Disk Usage": 0,"Plans": [{"Node Type": "Gather","Parent Relationship": "Outer","Parallel Aware": false,"Async Capable": false,"Startup Cost": 216528.94,"Total Cost": 343587.90,"Plan Rows": 475120,"Plan Width": 44,"Actual Startup Time": 9674.071,"Actual Total Time": 10813.470,"Actual Rows": 63,"Actual Loops": 1,"Workers Planned": 3,"Workers Launched": 3,"Single Copy": false,"Plans": [{"Node Type": "Hash Join","Parent Relationship": "Outer","Parallel Aware": true,"Async Capable": false,"Join Type": "Inner","Startup Cost": 215528.94,"Total Cost": 295075.90,"Plan Rows": 153265,"Plan Width": 44,"Actual Startup Time": 10141.072,"Actual Total Time": 10312.965,"Actual Rows": 16,"Actual Loops": 4,"Inner Unique": true,"Hash Cond": "(orders.o_custkey = customer.c_custkey)","Workers": [],"Plans": [{"Node Type": "Nested Loop","Parent Relationship": "Outer","Parallel Aware": false,"Async Capable": false,"Join Type": "Inner","Startup Cost": 210537.69,"Total Cost": 289682.32,"Plan Rows": 153265,"Plan Width": 25,"Actual Startup Time": 10104.129,"Actual Total Time": 10275.947,"Actual Rows": 16,"Actual Loops": 4,"Inner Unique": false,"Workers": [],"Plans": [{"Node Type": "Hash Join","Parent Relationship": "Outer","Parallel Aware": false,"Async Capable": false,"Join Type": "Inner","Startup Cost": 210537.26,"Total Cost": 242741.13,"Plan Rows": 38308,"Plan Width": 24,"Actual Startup Time": 10104.052,"Actual Total Time": 10275.739,"Actual Rows": 2,"Actual Loops": 4,"Inner Unique": true,"Hash Cond": "(orders.o_orderkey = lineitem_1.l_orderkey)","Workers": [],"Plans": [{"Node Type": "Seq Scan","Parent Relationship": "Outer","Parallel Aware": true,"Async Capable": false,"Relation Name": "orders","Alias": "orders","Startup Cost": 0.00,"Total Cost": 30933.71,"Plan Rows": 483871,"Plan Width": 20,"Actual Startup Time": 0.007,"Actual Total Time": 53.689,"Actual Rows": 375000,"Actual Loops": 4,"Workers": []},{"Node Type": "Hash","Parent Relationship": "Inner","Parallel Aware": false,"Async Capable": false,"Startup Cost": 209052.81,"Total Cost": 209052.81,"Plan Rows": 118756,"Plan Width": 4,"Actual Startup Time": 10025.157,"Actual Total Time": 10025.166,"Actual Rows": 9,"Actual Loops": 4,"Hash Buckets": 131072,"Original Hash Buckets": 131072,"Hash Batches": 1,"Original Hash Batches": 1,"Peak Memory Usage": 1025,"Workers": [],"Plans": [{"Node Type": "Aggregate","Strategy": "Hashed","Partial Mode": "Simple","Parent Relationship": "Outer","Parallel Aware": false,"Async Capable": false,"Startup Cost": 202521.23,"Total Cost": 207865.25,"Plan Rows": 118756,"Plan Width": 4,"Actual Startup Time": 6285.839,"Actual Total Time": 10024.981,"Actual Rows": 9,"Actual Loops": 4,"Group Key": ["lineitem_1.l_orderkey"],"Filter": "(sum(lineitem_1.l_quantity) > '314'::numeric)","Planned Partitions": 0,"HashAgg Batches": 1,"Peak Memory Usage": 638993,"Disk Usage": 0,"Rows Removed by Filter": 1499991,"Workers": [{"Worker Number": 0,"HashAgg Batches": 1,"Peak Memory Usage": 638993,"Disk Usage": 0},{"Worker Number": 1,"HashAgg Batches": 1,"Peak Memory Usage": 638993,"Disk Usage": 0},{"Worker Number": 2,"HashAgg Batches": 1,"Peak Memory Usage": 638993,"Disk Usage": 0}],"Plans": [{"Node Type": "Seq Scan","Parent Relationship": "Outer","Parallel Aware": false,"Async Capable": false,"Relation Name": "lineitem","Alias": "lineitem_1","Startup Cost": 0.00,"Total Cost": 172515.15,"Plan Rows": 6001215,"Plan Width": 9,"Actual Startup Time": 0.019,"Actual Total Time": 931.752,"Actual Rows": 6001215,"Actual Loops": 4,"Workers": []}]}]}]},{"Node Type": "Index Scan","Parent Relationship": "Inner","Parallel Aware": false,"Async Capable": false,"Scan Direction": "Forward","Index Name": "idx_lineitem_orderkey","Relation Name": "lineitem","Alias": "lineitem","Startup Cost": 0.43,"Total Cost": 1.06,"Plan Rows": 17,"Plan Width": 9,"Actual Startup Time": 0.055,"Actual Total Time": 0.062,"Actual Rows": 7,"Actual Loops": 9,"Index Cond": "(l_orderkey = orders.o_orderkey)","Rows Removed by Index Recheck": 0,"Workers": []}]},{"Node Type": "Hash","Parent Relationship": "Inner","Parallel Aware": true,"Async Capable": false,"Startup Cost": 4210.00,"Total Cost": 4210.00,"Plan Rows": 62500,"Plan Width": 23,"Actual Startup Time": 36.172,"Actual Total Time": 36.190,"Actual Rows": 37500,"Actual Loops": 4,"Hash Buckets": 262144,"Original Hash Buckets": 262144,"Hash Batches": 1,"Original Hash Batches": 1,"Peak Memory Usage": 10336,"Workers": [],"Plans": [{"Node Type": "Seq Scan","Parent Relationship": "Outer","Parallel Aware": true,"Async Capable": false,"Relation Name": "customer","Alias": "customer","Startup Cost": 0.00,"Total Cost": 4210.00,"Plan Rows": 62500,"Plan Width": 23,"Actual Startup Time": 0.024,"Actual Total Time": 17.933,"Actual Rows": 37500,"Actual Loops": 4,"Workers": []}]}]}]}]}]},"Planning Time": 6.881,"Triggers": [],"Execution Time": 10893.482}]
[{"Plan": {"Node Type": "Sort","Parallel Aware": false,"Async Capable": false,"Startup Cost": 397889.21,"Total Cost": 399077.01,"Plan Rows": 475120,"Plan Width": 71,"Actual Startup Time": 10887.509,"Actual Total Time": 10908.132,"Actual Rows": 10,"Actual Loops": 1,"Sort Key": ["orders.o_totalprice DESC", "orders.o_orderdate"],"Sort Method": "quicksort","Sort Space Used": 25,"Sort Space Type": "Memory","Plans": [{"Node Type": "Aggregate","Strategy": "Hashed","Partial Mode": "Simple","Parent Relationship": "Outer","Parallel Aware": false,"Async Capable": false,"Startup Cost": 347151.30,"Total Cost": 353090.30,"Plan Rows": 475120,"Plan Width": 71,"Actual Startup Time": 10848.812,"Actual Total Time": 10907.941,"Actual Rows": 10,"Actual Loops": 1,"Group Key": ["customer.c_custkey", "orders.o_orderkey"],"Planned Partitions": 0,"HashAgg Batches": 1,"Peak Memory Usage": 24601,"Disk Usage": 0,"Plans": [{"Node Type": "Gather","Parent Relationship": "Outer","Parallel Aware": false,"Async Capable": false,"Startup Cost": 216528.94,"Total Cost": 343587.90,"Plan Rows": 475120,"Plan Width": 44,"Actual Startup Time": 10782.037,"Actual Total Time": 10858.151,"Actual Rows": 70,"Actual Loops": 1,"Workers Planned": 3,"Workers Launched": 3,"Single Copy": false,"Plans": [{"Node Type": "Hash Join","Parent Relationship": "Outer","Parallel Aware": true,"Async Capable": false,"Join Type": "Inner","Startup Cost": 215528.94,"Total Cost": 295075.90,"Plan Rows": 153265,"Plan Width": 44,"Actual Startup Time": 10180.765,"Actual Total Time": 10348.312,"Actual Rows": 18,"Actual Loops": 4,"Inner Unique": true,"Hash Cond": "(orders.o_custkey = customer.c_custkey)","Workers": [],"Plans": [{"Node Type": "Nested Loop","Parent Relationship": "Outer","Parallel Aware": false,"Async Capable": false,"Join Type": "Inner","Startup Cost": 210537.69,"Total Cost": 289682.32,"Plan Rows": 153265,"Plan Width": 25,"Actual Startup Time": 10142.809,"Actual Total Time": 10310.270,"Actual Rows": 18,"Actual Loops": 4,"Inner Unique": false,"Workers": [],"Plans": [{"Node Type": "Hash Join","Parent Relationship": "Outer","Parallel Aware": false,"Async Capable": false,"Join Type": "Inner","Startup Cost": 210537.26,"Total Cost": 242741.13,"Plan Rows": 38308,"Plan Width": 24,"Actual Startup Time": 10142.670,"Actual Total Time": 10309.991,"Actual Rows": 2,"Actual Loops": 4,"Inner Unique": true,"Hash Cond": "(orders.o_orderkey = lineitem_1.l_orderkey)","Workers": [],"Plans": [{"Node Type": "Seq Scan","Parent Relationship": "Outer","Parallel Aware": true,"Async Capable": false,"Relation Name": "orders","Alias": "orders","Startup Cost": 0.00,"Total Cost": 30933.71,"Plan Rows": 483871,"Plan Width": 20,"Actual Startup Time": 0.009,"Actual Total Time": 49.040,"Actual Rows": 375000,"Actual Loops": 4,"Workers": []},{"Node Type": "Hash","Parent Relationship": "Inner","Parallel Aware": false,"Async Capable": false,"Startup Cost": 209052.81,"Total Cost": 209052.81,"Plan Rows": 118756,"Plan Width": 4,"Actual Startup Time": 10075.163,"Actual Total Time": 10075.176,"Actual Rows": 10,"Actual Loops": 4,"Hash Buckets": 131072,"Original Hash Buckets": 131072,"Hash Batches": 1,"Original Hash Batches": 1,"Peak Memory Usage": 1025,"Workers": [],"Plans": [{"Node Type": "Aggregate","Strategy": "Hashed","Partial Mode": "Simple","Parent Relationship": "Outer","Parallel Aware": false,"Async Capable": false,"Startup Cost": 202521.23,"Total Cost": 207865.25,"Plan Rows": 118756,"Plan Width": 4,"Actual Startup Time": 6293.151,"Actual Total Time": 10074.968,"Actual Rows": 10,"Actual Loops": 4,"Group Key": ["lineitem_1.l_orderkey"],"Filter": "(sum(lineitem_1.l_quantity) > '312'::numeric)","Planned Partitions": 0,"HashAgg Batches": 1,"Peak Memory Usage": 638993,"Disk Usage": 0,"Rows Removed by Filter": 1499990,"Workers": [{"Worker Number": 0,"HashAgg Batches": 1,"Peak Memory Usage": 638993,"Disk Usage": 0},{"Worker Number": 1,"HashAgg Batches": 1,"Peak Memory Usage": 638993,"Disk Usage": 0},{"Worker Number": 2,"HashAgg Batches": 1,"Peak Memory Usage": 638993,"Disk Usage": 0}],"Plans": [{"Node Type": "Seq Scan","Parent Relationship": "Outer","Parallel Aware": false,"Async Capable": false,"Relation Name": "lineitem","Alias": "lineitem_1","Startup Cost": 0.00,"Total Cost": 172515.15,"Plan Rows": 6001215,"Plan Width": 9,"Actual Startup Time": 0.021,"Actual Total Time": 960.546,"Actual Rows": 6001215,"Actual Loops": 4,"Workers": []}]}]}]},{"Node Type": "Index Scan","Parent Relationship": "Inner","Parallel Aware": false,"Async Capable": false,"Scan Direction": "Forward","Index Name": "idx_lineitem_orderkey","Relation Name": "lineitem","Alias": "lineitem","Startup Cost": 0.43,"Total Cost": 1.06,"Plan Rows": 17,"Plan Width": 9,"Actual Startup Time": 0.072,"Actual Total Time": 0.079,"Actual Rows": 7,"Actual Loops": 10,"Index Cond": "(l_orderkey = orders.o_orderkey)","Rows Removed by Index Recheck": 0,"Workers": []}]},{"Node Type": "Hash","Parent Relationship": "Inner","Parallel Aware": true,"Async Capable": false,"Startup Cost": 4210.00,"Total Cost": 4210.00,"Plan Rows": 62500,"Plan Width": 23,"Actual Startup Time": 37.105,"Actual Total Time": 37.114,"Actual Rows": 37500,"Actual Loops": 4,"Hash Buckets": 262144,"Original Hash Buckets": 262144,"Hash Batches": 1,"Original Hash Batches": 1,"Peak Memory Usage": 10368,"Workers": [],"Plans": [{"Node Type": "Seq Scan","Parent Relationship": "Outer","Parallel Aware": true,"Async Capable": false,"Relation Name": "customer","Alias": "customer","Startup Cost": 0.00,"Total Cost": 4210.00,"Plan Rows": 62500,"Plan Width": 23,"Actual Startup Time": 0.025,"Actual Total Time": 19.726,"Actual Rows": 37500,"Actual Loops": 4,"Workers": []}]}]}]}]}]},"Planning Time": 6.715,"Triggers": [],"Execution Time": 10961.817}]
[{"Plan": {"Node Type": "Sort","Parallel Aware": false,"Async Capable": false,"Startup Cost": 397889.21,"Total Cost": 399077.01,"Plan Rows": 475120,"Plan Width": 71,"Actual Startup Time": 10887.509,"Actual Total Time": 10908.132,"Actual Rows": 10,"Actual Loops": 1,"Sort Key": ["orders.o_totalprice DESC", "orders.o_orderdate"],"Sort Method": "quicksort","Sort Space Used": 25,"Sort Space Type": "Memory","Plans": [{"Node Type": "Aggregate","Strategy": "Hashed","Partial Mode": "Simple","Parent Relationship": "Outer","Parallel Aware": false,"Async Capable": false,"Startup Cost": 347151.30,"Total Cost": 353090.30,"Plan Rows": 475120,"Plan Width": 71,"Actual Startup Time": 10848.812,"Actual Total Time": 10907.941,"Actual Rows": 10,"Actual Loops": 1,"Group Key": ["customer.c_custkey", "orders.o_orderkey"],"Planned Partitions": 0,"HashAgg Batches": 1,"Peak Memory Usage": 24601,"Disk Usage": 0,"Plans": [{"Node Type": "Gather","Parent Relationship": "Outer","Parallel Aware": false,"Async Capable": false,"Startup Cost": 216528.94,"Total Cost": 343587.90,"Plan Rows": 475120,"Plan Width": 44,"Actual Startup Time": 10782.037,"Actual Total Time": 10858.151,"Actual Rows": 70,"Actual Loops": 1,"Workers Planned": 3,"Workers Launched": 3,"Single Copy": false,"Plans": [{"Node Type": "Hash Join","Parent Relationship": "Outer","Parallel Aware": true,"Async Capable": false,"Join Type": "Inner","Startup Cost": 215528.94,"Total Cost": 295075.90,"Plan Rows": 153265,"Plan Width": 44,"Actual Startup Time": 10180.765,"Actual Total Time": 10348.312,"Actual Rows": 18,"Actual Loops": 4,"Inner Unique": true,"Hash Cond": "(orders.o_custkey = customer.c_custkey)","Workers": [],"Plans": [{"Node Type": "Nested Loop","Parent Relationship": "Outer","Parallel Aware": false,"Async Capable": false,"Join Type": "Inner","Startup Cost": 210537.69,"Total Cost": 289682.32,"Plan Rows": 153265,"Plan Width": 25,"Actual Startup Time": 10142.809,"Actual Total Time": 10310.270,"Actual Rows": 18,"Actual Loops": 4,"Inner Unique": false,"Workers": [],"Plans": [{"Node Type": "Hash Join","Parent Relationship": "Outer","Parallel Aware": false,"Async Capable": false,"Join Type": "Inner","Startup Cost": 210537.26,"Total Cost": 242741.13,"Plan Rows": 38308,"Plan Width": 24,"Actual Startup Time": 10142.670,"Actual Total Time": 10309.991,"Actual Rows": 2,"Actual Loops": 4,"Inner Unique": true,"Hash Cond": "(orders.o_orderkey = lineitem_1.l_orderkey)","Workers": [],"Plans": [{"Node Type": "Seq Scan","Parent Relationship": "Outer","Parallel Aware": true,"Async Capable": false,"Relation Name": "orders","Alias": "orders","Startup Cost": 0.00,"Total Cost": 30933.71,"Plan Rows": 483871,"Plan Width": 20,"Actual Startup Time": 0.009,"Actual Total Time": 49.040,"Actual Rows": 375000,"Actual Loops": 4,"Workers": []},{"Node Type": "Hash","Parent Relationship": "Inner","Parallel Aware": false,"Async Capable": false,"Startup Cost": 209052.81,"Total Cost": 209052.81,"Plan Rows": 118756,"Plan Width": 4,"Actual Startup Time": 10075.163,"Actual Total Time": 10075.176,"Actual Rows": 10,"Actual Loops": 4,"Hash Buckets": 131072,"Original Hash Buckets": 131072,"Hash Batches": 1,"Original Hash Batches": 1,"Peak Memory Usage": 1025,"Workers": [],"Plans": [{"Node Type": "Aggregate","Strategy": "Hashed","Partial Mode": "Simple","Parent Relationship": "Outer","Parallel Aware": false,"Async Capable": false,"Startup Cost": 202521.23,"Total Cost": 207865.25,"Plan Rows": 118756,"Plan Width": 4,"Actual Startup Time": 6293.151,"Actual Total Time": 10074.968,"Actual Rows": 10,"Actual Loops": 4,"Group Key": ["lineitem_1.l_orderkey"],"Filter": "(sum(lineitem_1.l_quantity) > '312'::numeric)","Planned Partitions": 0,"HashAgg Batches": 1,"Peak Memory Usage": 638993,"Disk Usage": 0,"Rows Removed by Filter": 1499990,"Workers": [{"Worker Number": 0,"HashAgg Batches": 1,"Peak Memory Usage": 638993,"Disk Usage": 0},{"Worker Number": 1,"HashAgg Batches": 1,"Peak Memory Usage": 638993,"Disk Usage": 0},{"Worker Number": 2,"HashAgg Batches": 1,"Peak Memory Usage": 638993,"Disk Usage": 0}],"Plans": [{"Node Type": "Seq Scan","Parent Relationship": "Outer","Parallel Aware": false,"Async Capable": false,"Relation Name": "lineitem","Alias": "lineitem_1","Startup Cost": 0.00,"Total Cost": 172515.15,"Plan Rows": 6001215,"Plan Width": 9,"Actual Startup Time": 0.021,"Actual Total Time": 960.546,"Actual Rows": 6001215,"Actual Loops": 4,"Workers": []}]}]}]},{"Node Type": "Index Scan","Parent Relationship": "Inner","Parallel Aware": false,"Async Capable": false,"Scan Direction": "Forward","Index Name": "idx_lineitem_orderkey","Relation Name": "lineitem","Alias": "lineitem","Startup Cost": 0.43,"Total Cost": 1.06,"Plan Rows": 17,"Plan Width": 9,"Actual Startup Time": 0.072,"Actual Total Time": 0.079,"Actual Rows": 7,"Actual Loops": 10,"Index Cond": "(l_orderkey = orders.o_orderkey)","Rows Removed by Index Recheck": 0,"Workers": []}]},{"Node Type": "Hash","Parent Relationship": "Inner","Parallel Aware": true,"Async Capable": false,"Startup Cost": 4210.00,"Total Cost": 4210.00,"Plan Rows": 62500,"Plan Width": 23,"Actual Startup Time": 37.105,"Actual Total Time": 37.114,"Actual Rows": 37500,"Actual Loops": 4,"Hash Buckets": 262144,"Original Hash Buckets": 262144,"Hash Batches": 1,"Original Hash Batches": 1,"Peak Memory Usage": 10368,"Workers": [],"Plans": [{"Node Type": "Seq Scan","Parent Relationship": "Outer","Parallel Aware": true,"Async Capable": false,"Relation Name": "customer","Alias": "customer","Startup Cost": 0.00,"Total Cost": 4210.00,"Plan Rows": 62500,"Plan Width": 23,"Actual Startup Time": 0.025,"Actual Total Time": 19.726,"Actual Rows": 37500,"Actual Loops": 4,"Workers": []}]}]}]}]}]},"Planning Time": 6.715,"Triggers": [],"Execution Time": 10961.817}]
[{"Plan": {"Node Type": "Sort","Parallel Aware": false,"Async Capable": false,"Startup Cost": 397889.21,"Total Cost": 399077.01,"Plan Rows": 475120,"Plan Width": 71,"Actual Startup Time": 10950.105,"Actual Total Time": 10953.954,"Actual Rows": 9,"Actual Loops": 1,"Sort Key": ["orders.o_totalprice DESC", "orders.o_orderdate"],"Sort Method": "quicksort","Sort Space Used": 25,"Sort Space Type": "Memory","Plans": [{"Node Type": "Aggregate","Strategy": "Hashed","Partial Mode": "Simple","Parent Relationship": "Outer","Parallel Aware": false,"Async Capable": false,"Startup Cost": 347151.30,"Total Cost": 353090.30,"Plan Rows": 475120,"Plan Width": 71,"Actual Startup Time": 10902.471,"Actual Total Time": 10953.715,"Actual Rows": 9,"Actual Loops": 1,"Group Key": ["customer.c_custkey", "orders.o_orderkey"],"Planned Partitions": 0,"HashAgg Batches": 1,"Peak Memory Usage": 24601,"Disk Usage": 0,"Plans": [{"Node Type": "Gather","Parent Relationship": "Outer","Parallel Aware": false,"Async Capable": false,"Startup Cost": 216528.94,"Total Cost": 343587.90,"Plan Rows": 475120,"Plan Width": 44,"Actual Startup Time": 10893.800,"Actual Total Time": 10897.693,"Actual Rows": 63,"Actual Loops": 1,"Workers Planned": 3,"Workers Launched": 3,"Single Copy": false,"Plans": [{"Node Type": "Hash Join","Parent Relationship": "Outer","Parallel Aware": true,"Async Capable": false,"Join Type": "Inner","Startup Cost": 215528.94,"Total Cost": 295075.90,"Plan Rows": 153265,"Plan Width": 44,"Actual Startup Time": 10134.253,"Actual Total Time": 10314.794,"Actual Rows": 16,"Actual Loops": 4,"Inner Unique": true,"Hash Cond": "(orders.o_custkey = customer.c_custkey)","Workers": [],"Plans": [{"Node Type": "Nested Loop","Parent Relationship": "Outer","Parallel Aware": false,"Async Capable": false,"Join Type": "Inner","Startup Cost": 210537.69,"Total Cost": 289682.32,"Plan Rows": 153265,"Plan Width": 25,"Actual Startup Time": 10099.687,"Actual Total Time": 10280.153,"Actual Rows": 16,"Actual Loops": 4,"Inner Unique": false,"Workers": [],"Plans": [{"Node Type": "Hash Join","Parent Relationship": "Outer","Parallel Aware": false,"Async Capable": false,"Join Type": "Inner","Startup Cost": 210537.26,"Total Cost": 242741.13,"Plan Rows": 38308,"Plan Width": 24,"Actual Startup Time": 10099.575,"Actual Total Time": 10279.892,"Actual Rows": 2,"Actual Loops": 4,"Inner Unique": true,"Hash Cond": "(orders.o_orderkey = lineitem_1.l_orderkey)","Workers": [],"Plans": [{"Node Type": "Seq Scan","Parent Relationship": "Outer","Parallel Aware": true,"Async Capable": false,"Relation Name": "orders","Alias": "orders","Startup Cost": 0.00,"Total Cost": 30933.71,"Plan Rows": 483871,"Plan Width": 20,"Actual Startup Time": 0.011,"Actual Total Time": 51.627,"Actual Rows": 375000,"Actual Loops": 4,"Workers": []},{"Node Type": "Hash","Parent Relationship": "Inner","Parallel Aware": false,"Async Capable": false,"Startup Cost": 209052.81,"Total Cost": 209052.81,"Plan Rows": 118756,"Plan Width": 4,"Actual Startup Time": 10016.825,"Actual Total Time": 10016.839,"Actual Rows": 9,"Actual Loops": 4,"Hash Buckets": 131072,"Original Hash Buckets": 131072,"Hash Batches": 1,"Original Hash Batches": 1,"Peak Memory Usage": 1025,"Workers": [],"Plans": [{"Node Type": "Aggregate","Strategy": "Hashed","Partial Mode": "Simple","Parent Relationship": "Outer","Parallel Aware": false,"Async Capable": false,"Startup Cost": 202521.23,"Total Cost": 207865.25,"Plan Rows": 118756,"Plan Width": 4,"Actual Startup Time": 6319.140,"Actual Total Time": 10016.671,"Actual Rows": 9,"Actual Loops": 4,"Group Key": ["lineitem_1.l_orderkey"],"Filter": "(sum(lineitem_1.l_quantity) > '315'::numeric)","Planned Partitions": 0,"HashAgg Batches": 1,"Peak Memory Usage": 638993,"Disk Usage": 0,"Rows Removed by Filter": 1499991,"Workers": [{"Worker Number": 0,"HashAgg Batches": 1,"Peak Memory Usage": 638993,"Disk Usage": 0},{"Worker Number": 1,"HashAgg Batches": 1,"Peak Memory Usage": 638993,"Disk Usage": 0},{"Worker Number": 2,"HashAgg Batches": 1,"Peak Memory Usage": 638993,"Disk Usage": 0}],"Plans": [{"Node Type": "Seq Scan","Parent Relationship": "Outer","Parallel Aware": false,"Async Capable": false,"Relation Name": "lineitem","Alias": "lineitem_1","Startup Cost": 0.00,"Total Cost": 172515.15,"Plan Rows": 6001215,"Plan Width": 9,"Actual Startup Time": 0.018,"Actual Total Time": 971.843,"Actual Rows": 6001215,"Actual Loops": 4,"Workers": []}]}]}]},{"Node Type": "Index Scan","Parent Relationship": "Inner","Parallel Aware": false,"Async Capable": false,"Scan Direction": "Forward","Index Name": "idx_lineitem_orderkey","Relation Name": "lineitem","Alias": "lineitem","Startup Cost": 0.43,"Total Cost": 1.06,"Plan Rows": 17,"Plan Width": 9,"Actual Startup Time": 0.069,"Actual Total Time": 0.079,"Actual Rows": 7,"Actual Loops": 9,"Index Cond": "(l_orderkey = orders.o_orderkey)","Rows Removed by Index Recheck": 0,"Workers": []}]},{"Node Type": "Hash","Parent Relationship": "Inner","Parallel Aware": true,"Async Capable": false,"Startup Cost": 4210.00,"Total Cost": 4210.00,"Plan Rows": 62500,"Plan Width": 23,"Actual Startup Time": 33.677,"Actual Total Time": 33.684,"Actual Rows": 37500,"Actual Loops": 4,"Hash Buckets": 262144,"Original Hash Buckets": 262144,"Hash Batches": 1,"Original Hash Batches": 1,"Peak Memory Usage": 10368,"Workers": [],"Plans": [{"Node Type": "Seq Scan","Parent Relationship": "Outer","Parallel Aware": true,"Async Capable": false,"Relation Name": "customer","Alias": "customer","Startup Cost": 0.00,"Total Cost": 4210.00,"Plan Rows": 62500,"Plan Width": 23,"Actual Startup Time": 0.019,"Actual Total Time": 16.715,"Actual Rows": 37500,"Actual Loops": 4,"Workers": []}]}]}]}]}]},"Planning Time": 6.132,"Triggers": [],"Execution Time": 11002.531}]
[{"Plan": {"Node Type": "Sort","Parallel Aware": false,"Async Capable": false,"Startup Cost": 397889.21,"Total Cost": 399077.01,"Plan Rows": 475120,"Plan Width": 71,"Actual Startup Time": 10950.105,"Actual Total Time": 10953.954,"Actual Rows": 9,"Actual Loops": 1,"Sort Key": ["orders.o_totalprice DESC", "orders.o_orderdate"],"Sort Method": "quicksort","Sort Space Used": 25,"Sort Space Type": "Memory","Plans": [{"Node Type": "Aggregate","Strategy": "Hashed","Partial Mode": "Simple","Parent Relationship": "Outer","Parallel Aware": false,"Async Capable": false,"Startup Cost": 347151.30,"Total Cost": 353090.30,"Plan Rows": 475120,"Plan Width": 71,"Actual Startup Time": 10902.471,"Actual Total Time": 10953.715,"Actual Rows": 9,"Actual Loops": 1,"Group Key": ["customer.c_custkey", "orders.o_orderkey"],"Planned Partitions": 0,"HashAgg Batches": 1,"Peak Memory Usage": 24601,"Disk Usage": 0,"Plans": [{"Node Type": "Gather","Parent Relationship": "Outer","Parallel Aware": false,"Async Capable": false,"Startup Cost": 216528.94,"Total Cost": 343587.90,"Plan Rows": 475120,"Plan Width": 44,"Actual Startup Time": 10893.800,"Actual Total Time": 10897.693,"Actual Rows": 63,"Actual Loops": 1,"Workers Planned": 3,"Workers Launched": 3,"Single Copy": false,"Plans": [{"Node Type": "Hash Join","Parent Relationship": "Outer","Parallel Aware": true,"Async Capable": false,"Join Type": "Inner","Startup Cost": 215528.94,"Total Cost": 295075.90,"Plan Rows": 153265,"Plan Width": 44,"Actual Startup Time": 10134.253,"Actual Total Time": 10314.794,"Actual Rows": 16,"Actual Loops": 4,"Inner Unique": true,"Hash Cond": "(orders.o_custkey = customer.c_custkey)","Workers": [],"Plans": [{"Node Type": "Nested Loop","Parent Relationship": "Outer","Parallel Aware": false,"Async Capable": false,"Join Type": "Inner","Startup Cost": 210537.69,"Total Cost": 289682.32,"Plan Rows": 153265,"Plan Width": 25,"Actual Startup Time": 10099.687,"Actual Total Time": 10280.153,"Actual Rows": 16,"Actual Loops": 4,"Inner Unique": false,"Workers": [],"Plans": [{"Node Type": "Hash Join","Parent Relationship": "Outer","Parallel Aware": false,"Async Capable": false,"Join Type": "Inner","Startup Cost": 210537.26,"Total Cost": 242741.13,"Plan Rows": 38308,"Plan Width": 24,"Actual Startup Time": 10099.575,"Actual Total Time": 10279.892,"Actual Rows": 2,"Actual Loops": 4,"Inner Unique": true,"Hash Cond": "(orders.o_orderkey = lineitem_1.l_orderkey)","Workers": [],"Plans": [{"Node Type": "Seq Scan","Parent Relationship": "Outer","Parallel Aware": true,"Async Capable": false,"Relation Name": "orders","Alias": "orders","Startup Cost": 0.00,"Total Cost": 30933.71,"Plan Rows": 483871,"Plan Width": 20,"Actual Startup Time": 0.011,"Actual Total Time": 51.627,"Actual Rows": 375000,"Actual Loops": 4,"Workers": []},{"Node Type": "Hash","Parent Relationship": "Inner","Parallel Aware": false,"Async Capable": false,"Startup Cost": 209052.81,"Total Cost": 209052.81,"Plan Rows": 118756,"Plan Width": 4,"Actual Startup Time": 10016.825,"Actual Total Time": 10016.839,"Actual Rows": 9,"Actual Loops": 4,"Hash Buckets": 131072,"Original Hash Buckets": 131072,"Hash Batches": 1,"Original Hash Batches": 1,"Peak Memory Usage": 1025,"Workers": [],"Plans": [{"Node Type": "Aggregate","Strategy": "Hashed","Partial Mode": "Simple","Parent Relationship": "Outer","Parallel Aware": false,"Async Capable": false,"Startup Cost": 202521.23,"Total Cost": 207865.25,"Plan Rows": 118756,"Plan Width": 4,"Actual Startup Time": 6319.140,"Actual Total Time": 10016.671,"Actual Rows": 9,"Actual Loops": 4,"Group Key": ["lineitem_1.l_orderkey"],"Filter": "(sum(lineitem_1.l_quantity) > '315'::numeric)","Planned Partitions": 0,"HashAgg Batches": 1,"Peak Memory Usage": 638993,"Disk Usage": 0,"Rows Removed by Filter": 1499991,"Workers": [{"Worker Number": 0,"HashAgg Batches": 1,"Peak Memory Usage": 638993,"Disk Usage": 0},{"Worker Number": 1,"HashAgg Batches": 1,"Peak Memory Usage": 638993,"Disk Usage": 0},{"Worker Number": 2,"HashAgg Batches": 1,"Peak Memory Usage": 638993,"Disk Usage": 0}],"Plans": [{"Node Type": "Seq Scan","Parent Relationship": "Outer","Parallel Aware": false,"Async Capable": false,"Relation Name": "lineitem","Alias": "lineitem_1","Startup Cost": 0.00,"Total Cost": 172515.15,"Plan Rows": 6001215,"Plan Width": 9,"Actual Startup Time": 0.018,"Actual Total Time": 971.843,"Actual Rows": 6001215,"Actual Loops": 4,"Workers": []}]}]}]},{"Node Type": "Index Scan","Parent Relationship": "Inner","Parallel Aware": false,"Async Capable": false,"Scan Direction": "Forward","Index Name": "idx_lineitem_orderkey","Relation Name": "lineitem","Alias": "lineitem","Startup Cost": 0.43,"Total Cost": 1.06,"Plan Rows": 17,"Plan Width": 9,"Actual Startup Time": 0.069,"Actual Total Time": 0.079,"Actual Rows": 7,"Actual Loops": 9,"Index Cond": "(l_orderkey = orders.o_orderkey)","Rows Removed by Index Recheck": 0,"Workers": []}]},{"Node Type": "Hash","Parent Relationship": "Inner","Parallel Aware": true,"Async Capable": false,"Startup Cost": 4210.00,"Total Cost": 4210.00,"Plan Rows": 62500,"Plan Width": 23,"Actual Startup Time": 33.677,"Actual Total Time": 33.684,"Actual Rows": 37500,"Actual Loops": 4,"Hash Buckets": 262144,"Original Hash Buckets": 262144,"Hash Batches": 1,"Original Hash Batches": 1,"Peak Memory Usage": 10368,"Workers": [],"Plans": [{"Node Type": "Seq Scan","Parent Relationship": "Outer","Parallel Aware": true,"Async Capable": false,"Relation Name": "customer","Alias": "customer","Startup Cost": 0.00,"Total Cost": 4210.00,"Plan Rows": 62500,"Plan Width": 23,"Actual Startup Time": 0.019,"Actual Total Time": 16.715,"Actual Rows": 37500,"Actual Loops": 4,"Workers": []}]}]}]}]}]},"Planning Time": 6.132,"Triggers": [],"Execution Time": 11002.531}]
[{"Plan": {"Node Type": "Sort","Parallel Aware": false,"Async Capable": false,"Startup Cost": 397889.21,"Total Cost": 399077.01,"Plan Rows": 475120,"Plan Width": 71,"Actual Startup Time": 10785.011,"Actual Total Time": 10839.032,"Actual Rows": 9,"Actual Loops": 1,"Sort Key": ["orders.o_totalprice DESC", "orders.o_orderdate"],"Sort Method": "quicksort","Sort Space Used": 25,"Sort Space Type": "Memory","Plans": [{"Node Type": "Aggregate","Strategy": "Hashed","Partial Mode": "Simple","Parent Relationship": "Outer","Parallel Aware": false,"Async Capable": false,"Startup Cost": 347151.30,"Total Cost": 353090.30,"Plan Rows": 475120,"Plan Width": 71,"Actual Startup Time": 10763.855,"Actual Total Time": 10838.848,"Actual Rows": 9,"Actual Loops": 1,"Group Key": ["customer.c_custkey", "orders.o_orderkey"],"Planned Partitions": 0,"HashAgg Batches": 1,"Peak Memory Usage": 24601,"Disk Usage": 0,"Plans": [{"Node Type": "Gather","Parent Relationship": "Outer","Parallel Aware": false,"Async Capable": false,"Startup Cost": 216528.94,"Total Cost": 343587.90,"Plan Rows": 475120,"Plan Width": 44,"Actual Startup Time": 9674.071,"Actual Total Time": 10813.470,"Actual Rows": 63,"Actual Loops": 1,"Workers Planned": 3,"Workers Launched": 3,"Single Copy": false,"Plans": [{"Node Type": "Hash Join","Parent Relationship": "Outer","Parallel Aware": true,"Async Capable": false,"Join Type": "Inner","Startup Cost": 215528.94,"Total Cost": 295075.90,"Plan Rows": 153265,"Plan Width": 44,"Actual Startup Time": 10141.072,"Actual Total Time": 10312.965,"Actual Rows": 16,"Actual Loops": 4,"Inner Unique": true,"Hash Cond": "(orders.o_custkey = customer.c_custkey)","Workers": [],"Plans": [{"Node Type": "Nested Loop","Parent Relationship": "Outer","Parallel Aware": false,"Async Capable": false,"Join Type": "Inner","Startup Cost": 210537.69,"Total Cost": 289682.32,"Plan Rows": 153265,"Plan Width": 25,"Actual Startup Time": 10104.129,"Actual Total Time": 10275.947,"Actual Rows": 16,"Actual Loops": 4,"Inner Unique": false,"Workers": [],"Plans": [{"Node Type": "Hash Join","Parent Relationship": "Outer","Parallel Aware": false,"Async Capable": false,"Join Type": "Inner","Startup Cost": 210537.26,"Total Cost": 242741.13,"Plan Rows": 38308,"Plan Width": 24,"Actual Startup Time": 10104.052,"Actual Total Time": 10275.739,"Actual Rows": 2,"Actual Loops": 4,"Inner Unique": true,"Hash Cond": "(orders.o_orderkey = lineitem_1.l_orderkey)","Workers": [],"Plans": [{"Node Type": "Seq Scan","Parent Relationship": "Outer","Parallel Aware": true,"Async Capable": false,"Relation Name": "orders","Alias": "orders","Startup Cost": 0.00,"Total Cost": 30933.71,"Plan Rows": 483871,"Plan Width": 20,"Actual Startup Time": 0.007,"Actual Total Time": 53.689,"Actual Rows": 375000,"Actual Loops": 4,"Workers": []},{"Node Type": "Hash","Parent Relationship": "Inner","Parallel Aware": false,"Async Capable": false,"Startup Cost": 209052.81,"Total Cost": 209052.81,"Plan Rows": 118756,"Plan Width": 4,"Actual Startup Time": 10025.157,"Actual Total Time": 10025.166,"Actual Rows": 9,"Actual Loops": 4,"Hash Buckets": 131072,"Original Hash Buckets": 131072,"Hash Batches": 1,"Original Hash Batches": 1,"Peak Memory Usage": 1025,"Workers": [],"Plans": [{"Node Type": "Aggregate","Strategy": "Hashed","Partial Mode": "Simple","Parent Relationship": "Outer","Parallel Aware": false,"Async Capable": false,"Startup Cost": 202521.23,"Total Cost": 207865.25,"Plan Rows": 118756,"Plan Width": 4,"Actual Startup Time": 6285.839,"Actual Total Time": 10024.981,"Actual Rows": 9,"Actual Loops": 4,"Group Key": ["lineitem_1.l_orderkey"],"Filter": "(sum(lineitem_1.l_quantity) > '314'::numeric)","Planned Partitions": 0,"HashAgg Batches": 1,"Peak Memory Usage": 638993,"Disk Usage": 0,"Rows Removed by Filter": 1499991,"Workers": [{"Worker Number": 0,"HashAgg Batches": 1,"Peak Memory Usage": 638993,"Disk Usage": 0},{"Worker Number": 1,"HashAgg Batches": 1,"Peak Memory Usage": 638993,"Disk Usage": 0},{"Worker Number": 2,"HashAgg Batches": 1,"Peak Memory Usage": 638993,"Disk Usage": 0}],"Plans": [{"Node Type": "Seq Scan","Parent Relationship": "Outer","Parallel Aware": false,"Async Capable": false,"Relation Name": "lineitem","Alias": "lineitem_1","Startup Cost": 0.00,"Total Cost": 172515.15,"Plan Rows": 6001215,"Plan Width": 9,"Actual Startup Time": 0.019,"Actual Total Time": 931.752,"Actual Rows": 6001215,"Actual Loops": 4,"Workers": []}]}]}]},{"Node Type": "Index Scan","Parent Relationship": "Inner","Parallel Aware": false,"Async Capable": false,"Scan Direction": "Forward","Index Name": "idx_lineitem_orderkey","Relation Name": "lineitem","Alias": "lineitem","Startup Cost": 0.43,"Total Cost": 1.06,"Plan Rows": 17,"Plan Width": 9,"Actual Startup Time": 0.055,"Actual Total Time": 0.062,"Actual Rows": 7,"Actual Loops": 9,"Index Cond": "(l_orderkey = orders.o_orderkey)","Rows Removed by Index Recheck": 0,"Workers": []}]},{"Node Type": "Hash","Parent Relationship": "Inner","Parallel Aware": true,"Async Capable": false,"Startup Cost": 4210.00,"Total Cost": 4210.00,"Plan Rows": 62500,"Plan Width": 23,"Actual Startup Time": 36.172,"Actual Total Time": 36.190,"Actual Rows": 37500,"Actual Loops": 4,"Hash Buckets": 262144,"Original Hash Buckets": 262144,"Hash Batches": 1,"Original Hash Batches": 1,"Peak Memory Usage": 10336,"Workers": [],"Plans": [{"Node Type": "Seq Scan","Parent Relationship": "Outer","Parallel Aware": true,"Async Capable": false,"Relation Name": "customer","Alias": "customer","Startup Cost": 0.00,"Total Cost": 4210.00,"Plan Rows": 62500,"Plan Width": 23,"Actual Startup Time": 0.024,"Actual Total Time": 17.933,"Actual Rows": 37500,"Actual Loops": 4,"Workers": []}]}]}]}]}]},"Planning Time": 6.881,"Triggers": [],"Execution Time": 10893.482}]
[{"Plan": {"Node Type": "Sort","Parallel Aware": false,"Async Capable": false,"Startup Cost": 397889.21,"Total Cost": 399077.01,"Plan Rows": 475120,"Plan Width": 71,"Actual Startup Time": 10887.509,"Actual Total Time": 10908.132,"Actual Rows": 10,"Actual Loops": 1,"Sort Key": ["orders.o_totalprice DESC", "orders.o_orderdate"],"Sort Method": "quicksort","Sort Space Used": 25,"Sort Space Type": "Memory","Plans": [{"Node Type": "Aggregate","Strategy": "Hashed","Partial Mode": "Simple","Parent Relationship": "Outer","Parallel Aware": false,"Async Capable": false,"Startup Cost": 347151.30,"Total Cost": 353090.30,"Plan Rows": 475120,"Plan Width": 71,"Actual Startup Time": 10848.812,"Actual Total Time": 10907.941,"Actual Rows": 10,"Actual Loops": 1,"Group Key": ["customer.c_custkey", "orders.o_orderkey"],"Planned Partitions": 0,"HashAgg Batches": 1,"Peak Memory Usage": 24601,"Disk Usage": 0,"Plans": [{"Node Type": "Gather","Parent Relationship": "Outer","Parallel Aware": false,"Async Capable": false,"Startup Cost": 216528.94,"Total Cost": 343587.90,"Plan Rows": 475120,"Plan Width": 44,"Actual Startup Time": 10782.037,"Actual Total Time": 10858.151,"Actual Rows": 70,"Actual Loops": 1,"Workers Planned": 3,"Workers Launched": 3,"Single Copy": false,"Plans": [{"Node Type": "Hash Join","Parent Relationship": "Outer","Parallel Aware": true,"Async Capable": false,"Join Type": "Inner","Startup Cost": 215528.94,"Total Cost": 295075.90,"Plan Rows": 153265,"Plan Width": 44,"Actual Startup Time": 10180.765,"Actual Total Time": 10348.312,"Actual Rows": 18,"Actual Loops": 4,"Inner Unique": true,"Hash Cond": "(orders.o_custkey = customer.c_custkey)","Workers": [],"Plans": [{"Node Type": "Nested Loop","Parent Relationship": "Outer","Parallel Aware": false,"Async Capable": false,"Join Type": "Inner","Startup Cost": 210537.69,"Total Cost": 289682.32,"Plan Rows": 153265,"Plan Width": 25,"Actual Startup Time": 10142.809,"Actual Total Time": 10310.270,"Actual Rows": 18,"Actual Loops": 4,"Inner Unique": false,"Workers": [],"Plans": [{"Node Type": "Hash Join","Parent Relationship": "Outer","Parallel Aware": false,"Async Capable": false,"Join Type": "Inner","Startup Cost": 210537.26,"Total Cost": 242741.13,"Plan Rows": 38308,"Plan Width": 24,"Actual Startup Time": 10142.670,"Actual Total Time": 10309.991,"Actual Rows": 2,"Actual Loops": 4,"Inner Unique": true,"Hash Cond": "(orders.o_orderkey = lineitem_1.l_orderkey)","Workers": [],"Plans": [{"Node Type": "Seq Scan","Parent Relationship": "Outer","Parallel Aware": true,"Async Capable": false,"Relation Name": "orders","Alias": "orders","Startup Cost": 0.00,"Total Cost": 30933.71,"Plan Rows": 483871,"Plan Width": 20,"Actual Startup Time": 0.009,"Actual Total Time": 49.040,"Actual Rows": 375000,"Actual Loops": 4,"Workers": []},{"Node Type": "Hash","Parent Relationship": "Inner","Parallel Aware": false,"Async Capable": false,"Startup Cost": 209052.81,"Total Cost": 209052.81,"Plan Rows": 118756,"Plan Width": 4,"Actual Startup Time": 10075.163,"Actual Total Time": 10075.176,"Actual Rows": 10,"Actual Loops": 4,"Hash Buckets": 131072,"Original Hash Buckets": 131072,"Hash Batches": 1,"Original Hash Batches": 1,"Peak Memory Usage": 1025,"Workers": [],"Plans": [{"Node Type": "Aggregate","Strategy": "Hashed","Partial Mode": "Simple","Parent Relationship": "Outer","Parallel Aware": false,"Async Capable": false,"Startup Cost": 202521.23,"Total Cost": 207865.25,"Plan Rows": 118756,"Plan Width": 4,"Actual Startup Time": 6293.151,"Actual Total Time": 10074.968,"Actual Rows": 10,"Actual Loops": 4,"Group Key": ["lineitem_1.l_orderkey"],"Filter": "(sum(lineitem_1.l_quantity) > '312'::numeric)","Planned Partitions": 0,"HashAgg Batches": 1,"Peak Memory Usage": 638993,"Disk Usage": 0,"Rows Removed by Filter": 1499990,"Workers": [{"Worker Number": 0,"HashAgg Batches": 1,"Peak Memory Usage": 638993,"Disk Usage": 0},{"Worker Number": 1,"HashAgg Batches": 1,"Peak Memory Usage": 638993,"Disk Usage": 0},{"Worker Number": 2,"HashAgg Batches": 1,"Peak Memory Usage": 638993,"Disk Usage": 0}],"Plans": [{"Node Type": "Seq Scan","Parent Relationship": "Outer","Parallel Aware": false,"Async Capable": false,"Relation Name": "lineitem","Alias": "lineitem_1","Startup Cost": 0.00,"Total Cost": 172515.15,"Plan Rows": 6001215,"Plan Width": 9,"Actual Startup Time": 0.021,"Actual Total Time": 960.546,"Actual Rows": 6001215,"Actual Loops": 4,"Workers": []}]}]}]},{"Node Type": "Index Scan","Parent Relationship": "Inner","Parallel Aware": false,"Async Capable": false,"Scan Direction": "Forward","Index Name": "idx_lineitem_orderkey","Relation Name": "lineitem","Alias": "lineitem","Startup Cost": 0.43,"Total Cost": 1.06,"Plan Rows": 17,"Plan Width": 9,"Actual Startup Time": 0.072,"Actual Total Time": 0.079,"Actual Rows": 7,"Actual Loops": 10,"Index Cond": "(l_orderkey = orders.o_orderkey)","Rows Removed by Index Recheck": 0,"Workers": []}]},{"Node Type": "Hash","Parent Relationship": "Inner","Parallel Aware": true,"Async Capable": false,"Startup Cost": 4210.00,"Total Cost": 4210.00,"Plan Rows": 62500,"Plan Width": 23,"Actual Startup Time": 37.105,"Actual Total Time": 37.114,"Actual Rows": 37500,"Actual Loops": 4,"Hash Buckets": 262144,"Original Hash Buckets": 262144,"Hash Batches": 1,"Original Hash Batches": 1,"Peak Memory Usage": 10368,"Workers": [],"Plans": [{"Node Type": "Seq Scan","Parent Relationship": "Outer","Parallel Aware": true,"Async Capable": false,"Relation Name": "customer","Alias": "customer","Startup Cost": 0.00,"Total Cost": 4210.00,"Plan Rows": 62500,"Plan Width": 23,"Actual Startup Time": 0.025,"Actual Total Time": 19.726,"Actual Rows": 37500,"Actual Loops": 4,"Workers": []}]}]}]}]}]},"Planning Time": 6.715,"Triggers": [],"Execution Time": 10961.817}]
[{"Plan": {"Node Type": "Sort","Parallel Aware": false,"Async Capable": false,"Startup Cost": 397889.21,"Total Cost": 399077.01,"Plan Rows": 475120,"Plan Width": 71,"Actual Startup Time": 10785.011,"Actual Total Time": 10839.032,"Actual Rows": 9,"Actual Loops": 1,"Sort Key": ["orders.o_totalprice DESC", "orders.o_orderdate"],"Sort Method": "quicksort","Sort Space Used": 25,"Sort Space Type": "Memory","Plans": [{"Node Type": "Aggregate","Strategy": "Hashed","Partial Mode": "Simple","Parent Relationship": "Outer","Parallel Aware": false,"Async Capable": false,"Startup Cost": 347151.30,"Total Cost": 353090.30,"Plan Rows": 475120,"Plan Width": 71,"Actual Startup Time": 10763.855,"Actual Total Time": 10838.848,"Actual Rows": 9,"Actual Loops": 1,"Group Key": ["customer.c_custkey", "orders.o_orderkey"],"Planned Partitions": 0,"HashAgg Batches": 1,"Peak Memory Usage": 24601,"Disk Usage": 0,"Plans": [{"Node Type": "Gather","Parent Relationship": "Outer","Parallel Aware": false,"Async Capable": false,"Startup Cost": 216528.94,"Total Cost": 343587.90,"Plan Rows": 475120,"Plan Width": 44,"Actual Startup Time": 9674.071,"Actual Total Time": 10813.470,"Actual Rows": 63,"Actual Loops": 1,"Workers Planned": 3,"Workers Launched": 3,"Single Copy": false,"Plans": [{"Node Type": "Hash Join","Parent Relationship": "Outer","Parallel Aware": true,"Async Capable": false,"Join Type": "Inner","Startup Cost": 215528.94,"Total Cost": 295075.90,"Plan Rows": 153265,"Plan Width": 44,"Actual Startup Time": 10141.072,"Actual Total Time": 10312.965,"Actual Rows": 16,"Actual Loops": 4,"Inner Unique": true,"Hash Cond": "(orders.o_custkey = customer.c_custkey)","Workers": [],"Plans": [{"Node Type": "Nested Loop","Parent Relationship": "Outer","Parallel Aware": false,"Async Capable": false,"Join Type": "Inner","Startup Cost": 210537.69,"Total Cost": 289682.32,"Plan Rows": 153265,"Plan Width": 25,"Actual Startup Time": 10104.129,"Actual Total Time": 10275.947,"Actual Rows": 16,"Actual Loops": 4,"Inner Unique": false,"Workers": [],"Plans": [{"Node Type": "Hash Join","Parent Relationship": "Outer","Parallel Aware": false,"Async Capable": false,"Join Type": "Inner","Startup Cost": 210537.26,"Total Cost": 242741.13,"Plan Rows": 38308,"Plan Width": 24,"Actual Startup Time": 10104.052,"Actual Total Time": 10275.739,"Actual Rows": 2,"Actual Loops": 4,"Inner Unique": true,"Hash Cond": "(orders.o_orderkey = lineitem_1.l_orderkey)","Workers": [],"Plans": [{"Node Type": "Seq Scan","Parent Relationship": "Outer","Parallel Aware": true,"Async Capable": false,"Relation Name": "orders","Alias": "orders","Startup Cost": 0.00,"Total Cost": 30933.71,"Plan Rows": 483871,"Plan Width": 20,"Actual Startup Time": 0.007,"Actual Total Time": 53.689,"Actual Rows": 375000,"Actual Loops": 4,"Workers": []},{"Node Type": "Hash","Parent Relationship": "Inner","Parallel Aware": false,"Async Capable": false,"Startup Cost": 209052.81,"Total Cost": 209052.81,"Plan Rows": 118756,"Plan Width": 4,"Actual Startup Time": 10025.157,"Actual Total Time": 10025.166,"Actual Rows": 9,"Actual Loops": 4,"Hash Buckets": 131072,"Original Hash Buckets": 131072,"Hash Batches": 1,"Original Hash Batches": 1,"Peak Memory Usage": 1025,"Workers": [],"Plans": [{"Node Type": "Aggregate","Strategy": "Hashed","Partial Mode": "Simple","Parent Relationship": "Outer","Parallel Aware": false,"Async Capable": false,"Startup Cost": 202521.23,"Total Cost": 207865.25,"Plan Rows": 118756,"Plan Width": 4,"Actual Startup Time": 6285.839,"Actual Total Time": 10024.981,"Actual Rows": 9,"Actual Loops": 4,"Group Key": ["lineitem_1.l_orderkey"],"Filter": "(sum(lineitem_1.l_quantity) > '314'::numeric)","Planned Partitions": 0,"HashAgg Batches": 1,"Peak Memory Usage": 638993,"Disk Usage": 0,"Rows Removed by Filter": 1499991,"Workers": [{"Worker Number": 0,"HashAgg Batches": 1,"Peak Memory Usage": 638993,"Disk Usage": 0},{"Worker Number": 1,"HashAgg Batches": 1,"Peak Memory Usage": 638993,"Disk Usage": 0},{"Worker Number": 2,"HashAgg Batches": 1,"Peak Memory Usage": 638993,"Disk Usage": 0}],"Plans": [{"Node Type": "Seq Scan","Parent Relationship": "Outer","Parallel Aware": false,"Async Capable": false,"Relation Name": "lineitem","Alias": "lineitem_1","Startup Cost": 0.00,"Total Cost": 172515.15,"Plan Rows": 6001215,"Plan Width": 9,"Actual Startup Time": 0.019,"Actual Total Time": 931.752,"Actual Rows": 6001215,"Actual Loops": 4,"Workers": []}]}]}]},{"Node Type": "Index Scan","Parent Relationship": "Inner","Parallel Aware": false,"Async Capable": false,"Scan Direction": "Forward","Index Name": "idx_lineitem_orderkey","Relation Name": "lineitem","Alias": "lineitem","Startup Cost": 0.43,"Total Cost": 1.06,"Plan Rows": 17,"Plan Width": 9,"Actual Startup Time": 0.055,"Actual Total Time": 0.062,"Actual Rows": 7,"Actual Loops": 9,"Index Cond": "(l_orderkey = orders.o_orderkey)","Rows Removed by Index Recheck": 0,"Workers": []}]},{"Node Type": "Hash","Parent Relationship": "Inner","Parallel Aware": true,"Async Capable": false,"Startup Cost": 4210.00,"Total Cost": 4210.00,"Plan Rows": 62500,"Plan Width": 23,"Actual Startup Time": 36.172,"Actual Total Time": 36.190,"Actual Rows": 37500,"Actual Loops": 4,"Hash Buckets": 262144,"Original Hash Buckets": 262144,"Hash Batches": 1,"Original Hash Batches": 1,"Peak Memory Usage": 10336,"Workers": [],"Plans": [{"Node Type": "Seq Scan","Parent Relationship": "Outer","Parallel Aware": true,"Async Capable": false,"Relation Name": "customer","Alias": "customer","Startup Cost": 0.00,"Total Cost": 4210.00,"Plan Rows": 62500,"Plan Width": 23,"Actual Startup Time": 0.024,"Actual Total Time": 17.933,"Actual Rows": 37500,"Actual Loops": 4,"Workers": []}]}]}]}]}]},"Planning Time": 6.881,"Triggers": [],"Execution Time": 10893.482}]
[{"Plan": {"Node Type": "Sort","Parallel Aware": false,"Async Capable": false,"Startup Cost": 397889.21,"Total Cost": 399077.01,"Plan Rows": 475120,"Plan Width": 71,"Actual Startup Time": 10345.847,"Actual Total Time": 10377.998,"Actual Rows": 9,"Actual Loops": 1,"Sort Key": ["orders.o_totalprice DESC", "orders.o_orderdate"],"Sort Method": "quicksort","Sort Space Used": 25,"Sort Space Type": "Memory","Plans": [{"Node Type": "Aggregate","Strategy": "Hashed","Partial Mode": "Simple","Parent Relationship": "Outer","Parallel Aware": false,"Async Capable": false,"Startup Cost": 347151.30,"Total Cost": 353090.30,"Plan Rows": 475120,"Plan Width": 71,"Actual Startup Time": 10329.232,"Actual Total Time": 10377.856,"Actual Rows": 9,"Actual Loops": 1,"Group Key": ["customer.c_custkey", "orders.o_orderkey"],"Planned Partitions": 0,"HashAgg Batches": 1,"Peak Memory Usage": 24601,"Disk Usage": 0,"Plans": [{"Node Type": "Gather","Parent Relationship": "Outer","Parallel Aware": false,"Async Capable": false,"Startup Cost": 216528.94,"Total Cost": 343587.90,"Plan Rows": 475120,"Plan Width": 44,"Actual Startup Time": 10053.961,"Actual Total Time": 10357.615,"Actual Rows": 63,"Actual Loops": 1,"Workers Planned": 3,"Workers Launched": 3,"Single Copy": false,"Plans": [{"Node Type": "Hash Join","Parent Relationship": "Outer","Parallel Aware": true,"Async Capable": false,"Join Type": "Inner","Startup Cost": 215528.94,"Total Cost": 295075.90,"Plan Rows": 153265,"Plan Width": 44,"Actual Startup Time": 10157.696,"Actual Total Time": 10258.651,"Actual Rows": 16,"Actual Loops": 4,"Inner Unique": true,"Hash Cond": "(orders.o_custkey = customer.c_custkey)","Workers": [],"Plans": [{"Node Type": "Nested Loop","Parent Relationship": "Outer","Parallel Aware": false,"Async Capable": false,"Join Type": "Inner","Startup Cost": 210537.69,"Total Cost": 289682.32,"Plan Rows": 153265,"Plan Width": 25,"Actual Startup Time": 10123.332,"Actual Total Time": 10224.239,"Actual Rows": 16,"Actual Loops": 4,"Inner Unique": false,"Workers": [],"Plans": [{"Node Type": "Hash Join","Parent Relationship": "Outer","Parallel Aware": false,"Async Capable": false,"Join Type": "Inner","Startup Cost": 210537.26,"Total Cost": 242741.13,"Plan Rows": 38308,"Plan Width": 24,"Actual Startup Time": 10123.186,"Actual Total Time": 10223.998,"Actual Rows": 2,"Actual Loops": 4,"Inner Unique": true,"Hash Cond": "(orders.o_orderkey = lineitem_1.l_orderkey)","Workers": [],"Plans": [{"Node Type": "Seq Scan","Parent Relationship": "Outer","Parallel Aware": true,"Async Capable": false,"Relation Name": "orders","Alias": "orders","Startup Cost": 0.00,"Total Cost": 30933.71,"Plan Rows": 483871,"Plan Width": 20,"Actual Startup Time": 0.011,"Actual Total Time": 49.852,"Actual Rows": 375000,"Actual Loops": 4,"Workers": []},{"Node Type": "Hash","Parent Relationship": "Inner","Parallel Aware": false,"Async Capable": false,"Startup Cost": 209052.81,"Total Cost": 209052.81,"Plan Rows": 118756,"Plan Width": 4,"Actual Startup Time": 10005.666,"Actual Total Time": 10005.673,"Actual Rows": 9,"Actual Loops": 4,"Hash Buckets": 131072,"Original Hash Buckets": 131072,"Hash Batches": 1,"Original Hash Batches": 1,"Peak Memory Usage": 1025,"Workers": [],"Plans": [{"Node Type": "Aggregate","Strategy": "Hashed","Partial Mode": "Simple","Parent Relationship": "Outer","Parallel Aware": false,"Async Capable": false,"Startup Cost": 202521.23,"Total Cost": 207865.25,"Plan Rows": 118756,"Plan Width": 4,"Actual Startup Time": 6310.010,"Actual Total Time": 10005.543,"Actual Rows": 9,"Actual Loops": 4,"Group Key": ["lineitem_1.l_orderkey"],"Filter": "(sum(lineitem_1.l_quantity) > '313'::numeric)","Planned Partitions": 0,"HashAgg Batches": 1,"Peak Memory Usage": 638993,"Disk Usage": 0,"Rows Removed by Filter": 1499991,"Workers": [{"Worker Number": 0,"HashAgg Batches": 1,"Peak Memory Usage": 638993,"Disk Usage": 0},{"Worker Number": 1,"HashAgg Batches": 1,"Peak Memory Usage": 638993,"Disk Usage": 0},{"Worker Number": 2,"HashAgg Batches": 1,"Peak Memory Usage": 638993,"Disk Usage": 0}],"Plans": [{"Node Type": "Seq Scan","Parent Relationship": "Outer","Parallel Aware": false,"Async Capable": false,"Relation Name": "lineitem","Alias": "lineitem_1","Startup Cost": 0.00,"Total Cost": 172515.15,"Plan Rows": 6001215,"Plan Width": 9,"Actual Startup Time": 0.020,"Actual Total Time": 994.479,"Actual Rows": 6001215,"Actual Loops": 4,"Workers": []}]}]}]},{"Node Type": "Index Scan","Parent Relationship": "Inner","Parallel Aware": false,"Async Capable": false,"Scan Direction": "Forward","Index Name": "idx_lineitem_orderkey","Relation Name": "lineitem","Alias": "lineitem","Startup Cost": 0.43,"Total Cost": 1.06,"Plan Rows": 17,"Plan Width": 9,"Actual Startup Time": 0.068,"Actual Total Time": 0.075,"Actual Rows": 7,"Actual Loops": 9,"Index Cond": "(l_orderkey = orders.o_orderkey)","Rows Removed by Index Recheck": 0,"Workers": []}]},{"Node Type": "Hash","Parent Relationship": "Inner","Parallel Aware": true,"Async Capable": false,"Startup Cost": 4210.00,"Total Cost": 4210.00,"Plan Rows": 62500,"Plan Width": 23,"Actual Startup Time": 33.578,"Actual Total Time": 33.582,"Actual Rows": 37500,"Actual Loops": 4,"Hash Buckets": 262144,"Original Hash Buckets": 262144,"Hash Batches": 1,"Original Hash Batches": 1,"Peak Memory Usage": 10336,"Workers": [],"Plans": [{"Node Type": "Seq Scan","Parent Relationship": "Outer","Parallel Aware": true,"Async Capable": false,"Relation Name": "customer","Alias": "customer","Startup Cost": 0.00,"Total Cost": 4210.00,"Plan Rows": 62500,"Plan Width": 23,"Actual Startup Time": 0.023,"Actual Total Time": 16.777,"Actual Rows": 37500,"Actual Loops": 4,"Workers": []}]}]}]}]}]},"Planning Time": 6.662,"Triggers": [],"Execution Time": 10430.266}]
[{"Plan": {"Node Type": "Sort","Parallel Aware": false,"Async Capable": false,"Startup Cost": 397889.21,"Total Cost": 399077.01,"Plan Rows": 475120,"Plan Width": 71,"Actual Startup Time": 10785.011,"Actual Total Time": 10839.032,"Actual Rows": 9,"Actual Loops": 1,"Sort Key": ["orders.o_totalprice DESC", "orders.o_orderdate"],"Sort Method": "quicksort","Sort Space Used": 25,"Sort Space Type": "Memory","Plans": [{"Node Type": "Aggregate","Strategy": "Hashed","Partial Mode": "Simple","Parent Relationship": "Outer","Parallel Aware": false,"Async Capable": false,"Startup Cost": 347151.30,"Total Cost": 353090.30,"Plan Rows": 475120,"Plan Width": 71,"Actual Startup Time": 10763.855,"Actual Total Time": 10838.848,"Actual Rows": 9,"Actual Loops": 1,"Group Key": ["customer.c_custkey", "orders.o_orderkey"],"Planned Partitions": 0,"HashAgg Batches": 1,"Peak Memory Usage": 24601,"Disk Usage": 0,"Plans": [{"Node Type": "Gather","Parent Relationship": "Outer","Parallel Aware": false,"Async Capable": false,"Startup Cost": 216528.94,"Total Cost": 343587.90,"Plan Rows": 475120,"Plan Width": 44,"Actual Startup Time": 9674.071,"Actual Total Time": 10813.470,"Actual Rows": 63,"Actual Loops": 1,"Workers Planned": 3,"Workers Launched": 3,"Single Copy": false,"Plans": [{"Node Type": "Hash Join","Parent Relationship": "Outer","Parallel Aware": true,"Async Capable": false,"Join Type": "Inner","Startup Cost": 215528.94,"Total Cost": 295075.90,"Plan Rows": 153265,"Plan Width": 44,"Actual Startup Time": 10141.072,"Actual Total Time": 10312.965,"Actual Rows": 16,"Actual Loops": 4,"Inner Unique": true,"Hash Cond": "(orders.o_custkey = customer.c_custkey)","Workers": [],"Plans": [{"Node Type": "Nested Loop","Parent Relationship": "Outer","Parallel Aware": false,"Async Capable": false,"Join Type": "Inner","Startup Cost": 210537.69,"Total Cost": 289682.32,"Plan Rows": 153265,"Plan Width": 25,"Actual Startup Time": 10104.129,"Actual Total Time": 10275.947,"Actual Rows": 16,"Actual Loops": 4,"Inner Unique": false,"Workers": [],"Plans": [{"Node Type": "Hash Join","Parent Relationship": "Outer","Parallel Aware": false,"Async Capable": false,"Join Type": "Inner","Startup Cost": 210537.26,"Total Cost": 242741.13,"Plan Rows": 38308,"Plan Width": 24,"Actual Startup Time": 10104.052,"Actual Total Time": 10275.739,"Actual Rows": 2,"Actual Loops": 4,"Inner Unique": true,"Hash Cond": "(orders.o_orderkey = lineitem_1.l_orderkey)","Workers": [],"Plans": [{"Node Type": "Seq Scan","Parent Relationship": "Outer","Parallel Aware": true,"Async Capable": false,"Relation Name": "orders","Alias": "orders","Startup Cost": 0.00,"Total Cost": 30933.71,"Plan Rows": 483871,"Plan Width": 20,"Actual Startup Time": 0.007,"Actual Total Time": 53.689,"Actual Rows": 375000,"Actual Loops": 4,"Workers": []},{"Node Type": "Hash","Parent Relationship": "Inner","Parallel Aware": false,"Async Capable": false,"Startup Cost": 209052.81,"Total Cost": 209052.81,"Plan Rows": 118756,"Plan Width": 4,"Actual Startup Time": 10025.157,"Actual Total Time": 10025.166,"Actual Rows": 9,"Actual Loops": 4,"Hash Buckets": 131072,"Original Hash Buckets": 131072,"Hash Batches": 1,"Original Hash Batches": 1,"Peak Memory Usage": 1025,"Workers": [],"Plans": [{"Node Type": "Aggregate","Strategy": "Hashed","Partial Mode": "Simple","Parent Relationship": "Outer","Parallel Aware": false,"Async Capable": false,"Startup Cost": 202521.23,"Total Cost": 207865.25,"Plan Rows": 118756,"Plan Width": 4,"Actual Startup Time": 6285.839,"Actual Total Time": 10024.981,"Actual Rows": 9,"Actual Loops": 4,"Group Key": ["lineitem_1.l_orderkey"],"Filter": "(sum(lineitem_1.l_quantity) > '314'::numeric)","Planned Partitions": 0,"HashAgg Batches": 1,"Peak Memory Usage": 638993,"Disk Usage": 0,"Rows Removed by Filter": 1499991,"Workers": [{"Worker Number": 0,"HashAgg Batches": 1,"Peak Memory Usage": 638993,"Disk Usage": 0},{"Worker Number": 1,"HashAgg Batches": 1,"Peak Memory Usage": 638993,"Disk Usage": 0},{"Worker Number": 2,"HashAgg Batches": 1,"Peak Memory Usage": 638993,"Disk Usage": 0}],"Plans": [{"Node Type": "Seq Scan","Parent Relationship": "Outer","Parallel Aware": false,"Async Capable": false,"Relation Name": "lineitem","Alias": "lineitem_1","Startup Cost": 0.00,"Total Cost": 172515.15,"Plan Rows": 6001215,"Plan Width": 9,"Actual Startup Time": 0.019,"Actual Total Time": 931.752,"Actual Rows": 6001215,"Actual Loops": 4,"Workers": []}]}]}]},{"Node Type": "Index Scan","Parent Relationship": "Inner","Parallel Aware": false,"Async Capable": false,"Scan Direction": "Forward","Index Name": "idx_lineitem_orderkey","Relation Name": "lineitem","Alias": "lineitem","Startup Cost": 0.43,"Total Cost": 1.06,"Plan Rows": 17,"Plan Width": 9,"Actual Startup Time": 0.055,"Actual Total Time": 0.062,"Actual Rows": 7,"Actual Loops": 9,"Index Cond": "(l_orderkey = orders.o_orderkey)","Rows Removed by Index Recheck": 0,"Workers": []}]},{"Node Type": "Hash","Parent Relationship": "Inner","Parallel Aware": true,"Async Capable": false,"Startup Cost": 4210.00,"Total Cost": 4210.00,"Plan Rows": 62500,"Plan Width": 23,"Actual Startup Time": 36.172,"Actual Total Time": 36.190,"Actual Rows": 37500,"Actual Loops": 4,"Hash Buckets": 262144,"Original Hash Buckets": 262144,"Hash Batches": 1,"Original Hash Batches": 1,"Peak Memory Usage": 10336,"Workers": [],"Plans": [{"Node Type": "Seq Scan","Parent Relationship": "Outer","Parallel Aware": true,"Async Capable": false,"Relation Name": "customer","Alias": "customer","Startup Cost": 0.00,"Total Cost": 4210.00,"Plan Rows": 62500,"Plan Width": 23,"Actual Startup Time": 0.024,"Actual Total Time": 17.933,"Actual Rows": 37500,"Actual Loops": 4,"Workers": []}]}]}]}]}]},"Planning Time": 6.881,"Triggers": [],"Execution Time": 10893.482}]
[{"Plan": {"Node Type": "Sort","Parallel Aware": false,"Async Capable": false,"Startup Cost": 397889.21,"Total Cost": 399077.01,"Plan Rows": 475120,"Plan Width": 71,"Actual Startup Time": 10887.509,"Actual Total Time": 10908.132,"Actual Rows": 10,"Actual Loops": 1,"Sort Key": ["orders.o_totalprice DESC", "orders.o_orderdate"],"Sort Method": "quicksort","Sort Space Used": 25,"Sort Space Type": "Memory","Plans": [{"Node Type": "Aggregate","Strategy": "Hashed","Partial Mode": "Simple","Parent Relationship": "Outer","Parallel Aware": false,"Async Capable": false,"Startup Cost": 347151.30,"Total Cost": 353090.30,"Plan Rows": 475120,"Plan Width": 71,"Actual Startup Time": 10848.812,"Actual Total Time": 10907.941,"Actual Rows": 10,"Actual Loops": 1,"Group Key": ["customer.c_custkey", "orders.o_orderkey"],"Planned Partitions": 0,"HashAgg Batches": 1,"Peak Memory Usage": 24601,"Disk Usage": 0,"Plans": [{"Node Type": "Gather","Parent Relationship": "Outer","Parallel Aware": false,"Async Capable": false,"Startup Cost": 216528.94,"Total Cost": 343587.90,"Plan Rows": 475120,"Plan Width": 44,"Actual Startup Time": 10782.037,"Actual Total Time": 10858.151,"Actual Rows": 70,"Actual Loops": 1,"Workers Planned": 3,"Workers Launched": 3,"Single Copy": false,"Plans": [{"Node Type": "Hash Join","Parent Relationship": "Outer","Parallel Aware": true,"Async Capable": false,"Join Type": "Inner","Startup Cost": 215528.94,"Total Cost": 295075.90,"Plan Rows": 153265,"Plan Width": 44,"Actual Startup Time": 10180.765,"Actual Total Time": 10348.312,"Actual Rows": 18,"Actual Loops": 4,"Inner Unique": true,"Hash Cond": "(orders.o_custkey = customer.c_custkey)","Workers": [],"Plans": [{"Node Type": "Nested Loop","Parent Relationship": "Outer","Parallel Aware": false,"Async Capable": false,"Join Type": "Inner","Startup Cost": 210537.69,"Total Cost": 289682.32,"Plan Rows": 153265,"Plan Width": 25,"Actual Startup Time": 10142.809,"Actual Total Time": 10310.270,"Actual Rows": 18,"Actual Loops": 4,"Inner Unique": false,"Workers": [],"Plans": [{"Node Type": "Hash Join","Parent Relationship": "Outer","Parallel Aware": false,"Async Capable": false,"Join Type": "Inner","Startup Cost": 210537.26,"Total Cost": 242741.13,"Plan Rows": 38308,"Plan Width": 24,"Actual Startup Time": 10142.670,"Actual Total Time": 10309.991,"Actual Rows": 2,"Actual Loops": 4,"Inner Unique": true,"Hash Cond": "(orders.o_orderkey = lineitem_1.l_orderkey)","Workers": [],"Plans": [{"Node Type": "Seq Scan","Parent Relationship": "Outer","Parallel Aware": true,"Async Capable": false,"Relation Name": "orders","Alias": "orders","Startup Cost": 0.00,"Total Cost": 30933.71,"Plan Rows": 483871,"Plan Width": 20,"Actual Startup Time": 0.009,"Actual Total Time": 49.040,"Actual Rows": 375000,"Actual Loops": 4,"Workers": []},{"Node Type": "Hash","Parent Relationship": "Inner","Parallel Aware": false,"Async Capable": false,"Startup Cost": 209052.81,"Total Cost": 209052.81,"Plan Rows": 118756,"Plan Width": 4,"Actual Startup Time": 10075.163,"Actual Total Time": 10075.176,"Actual Rows": 10,"Actual Loops": 4,"Hash Buckets": 131072,"Original Hash Buckets": 131072,"Hash Batches": 1,"Original Hash Batches": 1,"Peak Memory Usage": 1025,"Workers": [],"Plans": [{"Node Type": "Aggregate","Strategy": "Hashed","Partial Mode": "Simple","Parent Relationship": "Outer","Parallel Aware": false,"Async Capable": false,"Startup Cost": 202521.23,"Total Cost": 207865.25,"Plan Rows": 118756,"Plan Width": 4,"Actual Startup Time": 6293.151,"Actual Total Time": 10074.968,"Actual Rows": 10,"Actual Loops": 4,"Group Key": ["lineitem_1.l_orderkey"],"Filter": "(sum(lineitem_1.l_quantity) > '312'::numeric)","Planned Partitions": 0,"HashAgg Batches": 1,"Peak Memory Usage": 638993,"Disk Usage": 0,"Rows Removed by Filter": 1499990,"Workers": [{"Worker Number": 0,"HashAgg Batches": 1,"Peak Memory Usage": 638993,"Disk Usage": 0},{"Worker Number": 1,"HashAgg Batches": 1,"Peak Memory Usage": 638993,"Disk Usage": 0},{"Worker Number": 2,"HashAgg Batches": 1,"Peak Memory Usage": 638993,"Disk Usage": 0}],"Plans": [{"Node Type": "Seq Scan","Parent Relationship": "Outer","Parallel Aware": false,"Async Capable": false,"Relation Name": "lineitem","Alias": "lineitem_1","Startup Cost": 0.00,"Total Cost": 172515.15,"Plan Rows": 6001215,"Plan Width": 9,"Actual Startup Time": 0.021,"Actual Total Time": 960.546,"Actual Rows": 6001215,"Actual Loops": 4,"Workers": []}]}]}]},{"Node Type": "Index Scan","Parent Relationship": "Inner","Parallel Aware": false,"Async Capable": false,"Scan Direction": "Forward","Index Name": "idx_lineitem_orderkey","Relation Name": "lineitem","Alias": "lineitem","Startup Cost": 0.43,"Total Cost": 1.06,"Plan Rows": 17,"Plan Width": 9,"Actual Startup Time": 0.072,"Actual Total Time": 0.079,"Actual Rows": 7,"Actual Loops": 10,"Index Cond": "(l_orderkey = orders.o_orderkey)","Rows Removed by Index Recheck": 0,"Workers": []}]},{"Node Type": "Hash","Parent Relationship": "Inner","Parallel Aware": true,"Async Capable": false,"Startup Cost": 4210.00,"Total Cost": 4210.00,"Plan Rows": 62500,"Plan Width": 23,"Actual Startup Time": 37.105,"Actual Total Time": 37.114,"Actual Rows": 37500,"Actual Loops": 4,"Hash Buckets": 262144,"Original Hash Buckets": 262144,"Hash Batches": 1,"Original Hash Batches": 1,"Peak Memory Usage": 10368,"Workers": [],"Plans": [{"Node Type": "Seq Scan","Parent Relationship": "Outer","Parallel Aware": true,"Async Capable": false,"Relation Name": "customer","Alias": "customer","Startup Cost": 0.00,"Total Cost": 4210.00,"Plan Rows": 62500,"Plan Width": 23,"Actual Startup Time": 0.025,"Actual Total Time": 19.726,"Actual Rows": 37500,"Actual Loops": 4,"Workers": []}]}]}]}]}]},"Planning Time": 6.715,"Triggers": [],"Execution Time": 10961.817}]
[{"Plan": {"Node Type": "Sort","Parallel Aware": false,"Async Capable": false,"Startup Cost": 397889.21,"Total Cost": 399077.01,"Plan Rows": 475120,"Plan Width": 71,"Actual Startup Time": 10887.509,"Actual Total Time": 10908.132,"Actual Rows": 10,"Actual Loops": 1,"Sort Key": ["orders.o_totalprice DESC", "orders.o_orderdate"],"Sort Method": "quicksort","Sort Space Used": 25,"Sort Space Type": "Memory","Plans": [{"Node Type": "Aggregate","Strategy": "Hashed","Partial Mode": "Simple","Parent Relationship": "Outer","Parallel Aware": false,"Async Capable": false,"Startup Cost": 347151.30,"Total Cost": 353090.30,"Plan Rows": 475120,"Plan Width": 71,"Actual Startup Time": 10848.812,"Actual Total Time": 10907.941,"Actual Rows": 10,"Actual Loops": 1,"Group Key": ["customer.c_custkey", "orders.o_orderkey"],"Planned Partitions": 0,"HashAgg Batches": 1,"Peak Memory Usage": 24601,"Disk Usage": 0,"Plans": [{"Node Type": "Gather","Parent Relationship": "Outer","Parallel Aware": false,"Async Capable": false,"Startup Cost": 216528.94,"Total Cost": 343587.90,"Plan Rows": 475120,"Plan Width": 44,"Actual Startup Time": 10782.037,"Actual Total Time": 10858.151,"Actual Rows": 70,"Actual Loops": 1,"Workers Planned": 3,"Workers Launched": 3,"Single Copy": false,"Plans": [{"Node Type": "Hash Join","Parent Relationship": "Outer","Parallel Aware": true,"Async Capable": false,"Join Type": "Inner","Startup Cost": 215528.94,"Total Cost": 295075.90,"Plan Rows": 153265,"Plan Width": 44,"Actual Startup Time": 10180.765,"Actual Total Time": 10348.312,"Actual Rows": 18,"Actual Loops": 4,"Inner Unique": true,"Hash Cond": "(orders.o_custkey = customer.c_custkey)","Workers": [],"Plans": [{"Node Type": "Nested Loop","Parent Relationship": "Outer","Parallel Aware": false,"Async Capable": false,"Join Type": "Inner","Startup Cost": 210537.69,"Total Cost": 289682.32,"Plan Rows": 153265,"Plan Width": 25,"Actual Startup Time": 10142.809,"Actual Total Time": 10310.270,"Actual Rows": 18,"Actual Loops": 4,"Inner Unique": false,"Workers": [],"Plans": [{"Node Type": "Hash Join","Parent Relationship": "Outer","Parallel Aware": false,"Async Capable": false,"Join Type": "Inner","Startup Cost": 210537.26,"Total Cost": 242741.13,"Plan Rows": 38308,"Plan Width": 24,"Actual Startup Time": 10142.670,"Actual Total Time": 10309.991,"Actual Rows": 2,"Actual Loops": 4,"Inner Unique": true,"Hash Cond": "(orders.o_orderkey = lineitem_1.l_orderkey)","Workers": [],"Plans": [{"Node Type": "Seq Scan","Parent Relationship": "Outer","Parallel Aware": true,"Async Capable": false,"Relation Name": "orders","Alias": "orders","Startup Cost": 0.00,"Total Cost": 30933.71,"Plan Rows": 483871,"Plan Width": 20,"Actual Startup Time": 0.009,"Actual Total Time": 49.040,"Actual Rows": 375000,"Actual Loops": 4,"Workers": []},{"Node Type": "Hash","Parent Relationship": "Inner","Parallel Aware": false,"Async Capable": false,"Startup Cost": 209052.81,"Total Cost": 209052.81,"Plan Rows": 118756,"Plan Width": 4,"Actual Startup Time": 10075.163,"Actual Total Time": 10075.176,"Actual Rows": 10,"Actual Loops": 4,"Hash Buckets": 131072,"Original Hash Buckets": 131072,"Hash Batches": 1,"Original Hash Batches": 1,"Peak Memory Usage": 1025,"Workers": [],"Plans": [{"Node Type": "Aggregate","Strategy": "Hashed","Partial Mode": "Simple","Parent Relationship": "Outer","Parallel Aware": false,"Async Capable": false,"Startup Cost": 202521.23,"Total Cost": 207865.25,"Plan Rows": 118756,"Plan Width": 4,"Actual Startup Time": 6293.151,"Actual Total Time": 10074.968,"Actual Rows": 10,"Actual Loops": 4,"Group Key": ["lineitem_1.l_orderkey"],"Filter": "(sum(lineitem_1.l_quantity) > '312'::numeric)","Planned Partitions": 0,"HashAgg Batches": 1,"Peak Memory Usage": 638993,"Disk Usage": 0,"Rows Removed by Filter": 1499990,"Workers": [{"Worker Number": 0,"HashAgg Batches": 1,"Peak Memory Usage": 638993,"Disk Usage": 0},{"Worker Number": 1,"HashAgg Batches": 1,"Peak Memory Usage": 638993,"Disk Usage": 0},{"Worker Number": 2,"HashAgg Batches": 1,"Peak Memory Usage": 638993,"Disk Usage": 0}],"Plans": [{"Node Type": "Seq Scan","Parent Relationship": "Outer","Parallel Aware": false,"Async Capable": false,"Relation Name": "lineitem","Alias": "lineitem_1","Startup Cost": 0.00,"Total Cost": 172515.15,"Plan Rows": 6001215,"Plan Width": 9,"Actual Startup Time": 0.021,"Actual Total Time": 960.546,"Actual Rows": 6001215,"Actual Loops": 4,"Workers": []}]}]}]},{"Node Type": "Index Scan","Parent Relationship": "Inner","Parallel Aware": false,"Async Capable": false,"Scan Direction": "Forward","Index Name": "idx_lineitem_orderkey","Relation Name": "lineitem","Alias": "lineitem","Startup Cost": 0.43,"Total Cost": 1.06,"Plan Rows": 17,"Plan Width": 9,"Actual Startup Time": 0.072,"Actual Total Time": 0.079,"Actual Rows": 7,"Actual Loops": 10,"Index Cond": "(l_orderkey = orders.o_orderkey)","Rows Removed by Index Recheck": 0,"Workers": []}]},{"Node Type": "Hash","Parent Relationship": "Inner","Parallel Aware": true,"Async Capable": false,"Startup Cost": 4210.00,"Total Cost": 4210.00,"Plan Rows": 62500,"Plan Width": 23,"Actual Startup Time": 37.105,"Actual Total Time": 37.114,"Actual Rows": 37500,"Actual Loops": 4,"Hash Buckets": 262144,"Original Hash Buckets": 262144,"Hash Batches": 1,"Original Hash Batches": 1,"Peak Memory Usage": 10368,"Workers": [],"Plans": [{"Node Type": "Seq Scan","Parent Relationship": "Outer","Parallel Aware": true,"Async Capable": false,"Relation Name": "customer","Alias": "customer","Startup Cost": 0.00,"Total Cost": 4210.00,"Plan Rows": 62500,"Plan Width": 23,"Actual Startup Time": 0.025,"Actual Total Time": 19.726,"Actual Rows": 37500,"Actual Loops": 4,"Workers": []}]}]}]}]}]},"Planning Time": 6.715,"Triggers": [],"Execution Time": 10961.817}]
[{"Plan": {"Node Type": "Sort","Parallel Aware": false,"Async Capable": false,"Startup Cost": 397889.21,"Total Cost": 399077.01,"Plan Rows": 475120,"Plan Width": 71,"Actual Startup Time": 10950.105,"Actual Total Time": 10953.954,"Actual Rows": 9,"Actual Loops": 1,"Sort Key": ["orders.o_totalprice DESC", "orders.o_orderdate"],"Sort Method": "quicksort","Sort Space Used": 25,"Sort Space Type": "Memory","Plans": [{"Node Type": "Aggregate","Strategy": "Hashed","Partial Mode": "Simple","Parent Relationship": "Outer","Parallel Aware": false,"Async Capable": false,"Startup Cost": 347151.30,"Total Cost": 353090.30,"Plan Rows": 475120,"Plan Width": 71,"Actual Startup Time": 10902.471,"Actual Total Time": 10953.715,"Actual Rows": 9,"Actual Loops": 1,"Group Key": ["customer.c_custkey", "orders.o_orderkey"],"Planned Partitions": 0,"HashAgg Batches": 1,"Peak Memory Usage": 24601,"Disk Usage": 0,"Plans": [{"Node Type": "Gather","Parent Relationship": "Outer","Parallel Aware": false,"Async Capable": false,"Startup Cost": 216528.94,"Total Cost": 343587.90,"Plan Rows": 475120,"Plan Width": 44,"Actual Startup Time": 10893.800,"Actual Total Time": 10897.693,"Actual Rows": 63,"Actual Loops": 1,"Workers Planned": 3,"Workers Launched": 3,"Single Copy": false,"Plans": [{"Node Type": "Hash Join","Parent Relationship": "Outer","Parallel Aware": true,"Async Capable": false,"Join Type": "Inner","Startup Cost": 215528.94,"Total Cost": 295075.90,"Plan Rows": 153265,"Plan Width": 44,"Actual Startup Time": 10134.253,"Actual Total Time": 10314.794,"Actual Rows": 16,"Actual Loops": 4,"Inner Unique": true,"Hash Cond": "(orders.o_custkey = customer.c_custkey)","Workers": [],"Plans": [{"Node Type": "Nested Loop","Parent Relationship": "Outer","Parallel Aware": false,"Async Capable": false,"Join Type": "Inner","Startup Cost": 210537.69,"Total Cost": 289682.32,"Plan Rows": 153265,"Plan Width": 25,"Actual Startup Time": 10099.687,"Actual Total Time": 10280.153,"Actual Rows": 16,"Actual Loops": 4,"Inner Unique": false,"Workers": [],"Plans": [{"Node Type": "Hash Join","Parent Relationship": "Outer","Parallel Aware": false,"Async Capable": false,"Join Type": "Inner","Startup Cost": 210537.26,"Total Cost": 242741.13,"Plan Rows": 38308,"Plan Width": 24,"Actual Startup Time": 10099.575,"Actual Total Time": 10279.892,"Actual Rows": 2,"Actual Loops": 4,"Inner Unique": true,"Hash Cond": "(orders.o_orderkey = lineitem_1.l_orderkey)","Workers": [],"Plans": [{"Node Type": "Seq Scan","Parent Relationship": "Outer","Parallel Aware": true,"Async Capable": false,"Relation Name": "orders","Alias": "orders","Startup Cost": 0.00,"Total Cost": 30933.71,"Plan Rows": 483871,"Plan Width": 20,"Actual Startup Time": 0.011,"Actual Total Time": 51.627,"Actual Rows": 375000,"Actual Loops": 4,"Workers": []},{"Node Type": "Hash","Parent Relationship": "Inner","Parallel Aware": false,"Async Capable": false,"Startup Cost": 209052.81,"Total Cost": 209052.81,"Plan Rows": 118756,"Plan Width": 4,"Actual Startup Time": 10016.825,"Actual Total Time": 10016.839,"Actual Rows": 9,"Actual Loops": 4,"Hash Buckets": 131072,"Original Hash Buckets": 131072,"Hash Batches": 1,"Original Hash Batches": 1,"Peak Memory Usage": 1025,"Workers": [],"Plans": [{"Node Type": "Aggregate","Strategy": "Hashed","Partial Mode": "Simple","Parent Relationship": "Outer","Parallel Aware": false,"Async Capable": false,"Startup Cost": 202521.23,"Total Cost": 207865.25,"Plan Rows": 118756,"Plan Width": 4,"Actual Startup Time": 6319.140,"Actual Total Time": 10016.671,"Actual Rows": 9,"Actual Loops": 4,"Group Key": ["lineitem_1.l_orderkey"],"Filter": "(sum(lineitem_1.l_quantity) > '315'::numeric)","Planned Partitions": 0,"HashAgg Batches": 1,"Peak Memory Usage": 638993,"Disk Usage": 0,"Rows Removed by Filter": 1499991,"Workers": [{"Worker Number": 0,"HashAgg Batches": 1,"Peak Memory Usage": 638993,"Disk Usage": 0},{"Worker Number": 1,"HashAgg Batches": 1,"Peak Memory Usage": 638993,"Disk Usage": 0},{"Worker Number": 2,"HashAgg Batches": 1,"Peak Memory Usage": 638993,"Disk Usage": 0}],"Plans": [{"Node Type": "Seq Scan","Parent Relationship": "Outer","Parallel Aware": false,"Async Capable": false,"Relation Name": "lineitem","Alias": "lineitem_1","Startup Cost": 0.00,"Total Cost": 172515.15,"Plan Rows": 6001215,"Plan Width": 9,"Actual Startup Time": 0.018,"Actual Total Time": 971.843,"Actual Rows": 6001215,"Actual Loops": 4,"Workers": []}]}]}]},{"Node Type": "Index Scan","Parent Relationship": "Inner","Parallel Aware": false,"Async Capable": false,"Scan Direction": "Forward","Index Name": "idx_lineitem_orderkey","Relation Name": "lineitem","Alias": "lineitem","Startup Cost": 0.43,"Total Cost": 1.06,"Plan Rows": 17,"Plan Width": 9,"Actual Startup Time": 0.069,"Actual Total Time": 0.079,"Actual Rows": 7,"Actual Loops": 9,"Index Cond": "(l_orderkey = orders.o_orderkey)","Rows Removed by Index Recheck": 0,"Workers": []}]},{"Node Type": "Hash","Parent Relationship": "Inner","Parallel Aware": true,"Async Capable": false,"Startup Cost": 4210.00,"Total Cost": 4210.00,"Plan Rows": 62500,"Plan Width": 23,"Actual Startup Time": 33.677,"Actual Total Time": 33.684,"Actual Rows": 37500,"Actual Loops": 4,"Hash Buckets": 262144,"Original Hash Buckets": 262144,"Hash Batches": 1,"Original Hash Batches": 1,"Peak Memory Usage": 10368,"Workers": [],"Plans": [{"Node Type": "Seq Scan","Parent Relationship": "Outer","Parallel Aware": true,"Async Capable": false,"Relation Name": "customer","Alias": "customer","Startup Cost": 0.00,"Total Cost": 4210.00,"Plan Rows": 62500,"Plan Width": 23,"Actual Startup Time": 0.019,"Actual Total Time": 16.715,"Actual Rows": 37500,"Actual Loops": 4,"Workers": []}]}]}]}]}]},"Planning Time": 6.132,"Triggers": [],"Execution Time": 11002.531}]
[{"Plan": {"Node Type": "Sort","Parallel Aware": false,"Async Capable": false,"Startup Cost": 397889.21,"Total Cost": 399077.01,"Plan Rows": 475120,"Plan Width": 71,"Actual Startup Time": 10345.847,"Actual Total Time": 10377.998,"Actual Rows": 9,"Actual Loops": 1,"Sort Key": ["orders.o_totalprice DESC", "orders.o_orderdate"],"Sort Method": "quicksort","Sort Space Used": 25,"Sort Space Type": "Memory","Plans": [{"Node Type": "Aggregate","Strategy": "Hashed","Partial Mode": "Simple","Parent Relationship": "Outer","Parallel Aware": false,"Async Capable": false,"Startup Cost": 347151.30,"Total Cost": 353090.30,"Plan Rows": 475120,"Plan Width": 71,"Actual Startup Time": 10329.232,"Actual Total Time": 10377.856,"Actual Rows": 9,"Actual Loops": 1,"Group Key": ["customer.c_custkey", "orders.o_orderkey"],"Planned Partitions": 0,"HashAgg Batches": 1,"Peak Memory Usage": 24601,"Disk Usage": 0,"Plans": [{"Node Type": "Gather","Parent Relationship": "Outer","Parallel Aware": false,"Async Capable": false,"Startup Cost": 216528.94,"Total Cost": 343587.90,"Plan Rows": 475120,"Plan Width": 44,"Actual Startup Time": 10053.961,"Actual Total Time": 10357.615,"Actual Rows": 63,"Actual Loops": 1,"Workers Planned": 3,"Workers Launched": 3,"Single Copy": false,"Plans": [{"Node Type": "Hash Join","Parent Relationship": "Outer","Parallel Aware": true,"Async Capable": false,"Join Type": "Inner","Startup Cost": 215528.94,"Total Cost": 295075.90,"Plan Rows": 153265,"Plan Width": 44,"Actual Startup Time": 10157.696,"Actual Total Time": 10258.651,"Actual Rows": 16,"Actual Loops": 4,"Inner Unique": true,"Hash Cond": "(orders.o_custkey = customer.c_custkey)","Workers": [],"Plans": [{"Node Type": "Nested Loop","Parent Relationship": "Outer","Parallel Aware": false,"Async Capable": false,"Join Type": "Inner","Startup Cost": 210537.69,"Total Cost": 289682.32,"Plan Rows": 153265,"Plan Width": 25,"Actual Startup Time": 10123.332,"Actual Total Time": 10224.239,"Actual Rows": 16,"Actual Loops": 4,"Inner Unique": false,"Workers": [],"Plans": [{"Node Type": "Hash Join","Parent Relationship": "Outer","Parallel Aware": false,"Async Capable": false,"Join Type": "Inner","Startup Cost": 210537.26,"Total Cost": 242741.13,"Plan Rows": 38308,"Plan Width": 24,"Actual Startup Time": 10123.186,"Actual Total Time": 10223.998,"Actual Rows": 2,"Actual Loops": 4,"Inner Unique": true,"Hash Cond": "(orders.o_orderkey = lineitem_1.l_orderkey)","Workers": [],"Plans": [{"Node Type": "Seq Scan","Parent Relationship": "Outer","Parallel Aware": true,"Async Capable": false,"Relation Name": "orders","Alias": "orders","Startup Cost": 0.00,"Total Cost": 30933.71,"Plan Rows": 483871,"Plan Width": 20,"Actual Startup Time": 0.011,"Actual Total Time": 49.852,"Actual Rows": 375000,"Actual Loops": 4,"Workers": []},{"Node Type": "Hash","Parent Relationship": "Inner","Parallel Aware": false,"Async Capable": false,"Startup Cost": 209052.81,"Total Cost": 209052.81,"Plan Rows": 118756,"Plan Width": 4,"Actual Startup Time": 10005.666,"Actual Total Time": 10005.673,"Actual Rows": 9,"Actual Loops": 4,"Hash Buckets": 131072,"Original Hash Buckets": 131072,"Hash Batches": 1,"Original Hash Batches": 1,"Peak Memory Usage": 1025,"Workers": [],"Plans": [{"Node Type": "Aggregate","Strategy": "Hashed","Partial Mode": "Simple","Parent Relationship": "Outer","Parallel Aware": false,"Async Capable": false,"Startup Cost": 202521.23,"Total Cost": 207865.25,"Plan Rows": 118756,"Plan Width": 4,"Actual Startup Time": 6310.010,"Actual Total Time": 10005.543,"Actual Rows": 9,"Actual Loops": 4,"Group Key": ["lineitem_1.l_orderkey"],"Filter": "(sum(lineitem_1.l_quantity) > '313'::numeric)","Planned Partitions": 0,"HashAgg Batches": 1,"Peak Memory Usage": 638993,"Disk Usage": 0,"Rows Removed by Filter": 1499991,"Workers": [{"Worker Number": 0,"HashAgg Batches": 1,"Peak Memory Usage": 638993,"Disk Usage": 0},{"Worker Number": 1,"HashAgg Batches": 1,"Peak Memory Usage": 638993,"Disk Usage": 0},{"Worker Number": 2,"HashAgg Batches": 1,"Peak Memory Usage": 638993,"Disk Usage": 0}],"Plans": [{"Node Type": "Seq Scan","Parent Relationship": "Outer","Parallel Aware": false,"Async Capable": false,"Relation Name": "lineitem","Alias": "lineitem_1","Startup Cost": 0.00,"Total Cost": 172515.15,"Plan Rows": 6001215,"Plan Width": 9,"Actual Startup Time": 0.020,"Actual Total Time": 994.479,"Actual Rows": 6001215,"Actual Loops": 4,"Workers": []}]}]}]},{"Node Type": "Index Scan","Parent Relationship": "Inner","Parallel Aware": false,"Async Capable": false,"Scan Direction": "Forward","Index Name": "idx_lineitem_orderkey","Relation Name": "lineitem","Alias": "lineitem","Startup Cost": 0.43,"Total Cost": 1.06,"Plan Rows": 17,"Plan Width": 9,"Actual Startup Time": 0.068,"Actual Total Time": 0.075,"Actual Rows": 7,"Actual Loops": 9,"Index Cond": "(l_orderkey = orders.o_orderkey)","Rows Removed by Index Recheck": 0,"Workers": []}]},{"Node Type": "Hash","Parent Relationship": "Inner","Parallel Aware": true,"Async Capable": false,"Startup Cost": 4210.00,"Total Cost": 4210.00,"Plan Rows": 62500,"Plan Width": 23,"Actual Startup Time": 33.578,"Actual Total Time": 33.582,"Actual Rows": 37500,"Actual Loops": 4,"Hash Buckets": 262144,"Original Hash Buckets": 262144,"Hash Batches": 1,"Original Hash Batches": 1,"Peak Memory Usage": 10336,"Workers": [],"Plans": [{"Node Type": "Seq Scan","Parent Relationship": "Outer","Parallel Aware": true,"Async Capable": false,"Relation Name": "customer","Alias": "customer","Startup Cost": 0.00,"Total Cost": 4210.00,"Plan Rows": 62500,"Plan Width": 23,"Actual Startup Time": 0.023,"Actual Total Time": 16.777,"Actual Rows": 37500,"Actual Loops": 4,"Workers": []}]}]}]}]}]},"Planning Time": 6.662,"Triggers": [],"Execution Time": 10430.266}]
[{"Plan": {"Node Type": "Sort","Parallel Aware": false,"Async Capable": false,"Startup Cost": 397889.21,"Total Cost": 399077.01,"Plan Rows": 475120,"Plan Width": 71,"Actual Startup Time": 10950.105,"Actual Total Time": 10953.954,"Actual Rows": 9,"Actual Loops": 1,"Sort Key": ["orders.o_totalprice DESC", "orders.o_orderdate"],"Sort Method": "quicksort","Sort Space Used": 25,"Sort Space Type": "Memory","Plans": [{"Node Type": "Aggregate","Strategy": "Hashed","Partial Mode": "Simple","Parent Relationship": "Outer","Parallel Aware": false,"Async Capable": false,"Startup Cost": 347151.30,"Total Cost": 353090.30,"Plan Rows": 475120,"Plan Width": 71,"Actual Startup Time": 10902.471,"Actual Total Time": 10953.715,"Actual Rows": 9,"Actual Loops": 1,"Group Key": ["customer.c_custkey", "orders.o_orderkey"],"Planned Partitions": 0,"HashAgg Batches": 1,"Peak Memory Usage": 24601,"Disk Usage": 0,"Plans": [{"Node Type": "Gather","Parent Relationship": "Outer","Parallel Aware": false,"Async Capable": false,"Startup Cost": 216528.94,"Total Cost": 343587.90,"Plan Rows": 475120,"Plan Width": 44,"Actual Startup Time": 10893.800,"Actual Total Time": 10897.693,"Actual Rows": 63,"Actual Loops": 1,"Workers Planned": 3,"Workers Launched": 3,"Single Copy": false,"Plans": [{"Node Type": "Hash Join","Parent Relationship": "Outer","Parallel Aware": true,"Async Capable": false,"Join Type": "Inner","Startup Cost": 215528.94,"Total Cost": 295075.90,"Plan Rows": 153265,"Plan Width": 44,"Actual Startup Time": 10134.253,"Actual Total Time": 10314.794,"Actual Rows": 16,"Actual Loops": 4,"Inner Unique": true,"Hash Cond": "(orders.o_custkey = customer.c_custkey)","Workers": [],"Plans": [{"Node Type": "Nested Loop","Parent Relationship": "Outer","Parallel Aware": false,"Async Capable": false,"Join Type": "Inner","Startup Cost": 210537.69,"Total Cost": 289682.32,"Plan Rows": 153265,"Plan Width": 25,"Actual Startup Time": 10099.687,"Actual Total Time": 10280.153,"Actual Rows": 16,"Actual Loops": 4,"Inner Unique": false,"Workers": [],"Plans": [{"Node Type": "Hash Join","Parent Relationship": "Outer","Parallel Aware": false,"Async Capable": false,"Join Type": "Inner","Startup Cost": 210537.26,"Total Cost": 242741.13,"Plan Rows": 38308,"Plan Width": 24,"Actual Startup Time": 10099.575,"Actual Total Time": 10279.892,"Actual Rows": 2,"Actual Loops": 4,"Inner Unique": true,"Hash Cond": "(orders.o_orderkey = lineitem_1.l_orderkey)","Workers": [],"Plans": [{"Node Type": "Seq Scan","Parent Relationship": "Outer","Parallel Aware": true,"Async Capable": false,"Relation Name": "orders","Alias": "orders","Startup Cost": 0.00,"Total Cost": 30933.71,"Plan Rows": 483871,"Plan Width": 20,"Actual Startup Time": 0.011,"Actual Total Time": 51.627,"Actual Rows": 375000,"Actual Loops": 4,"Workers": []},{"Node Type": "Hash","Parent Relationship": "Inner","Parallel Aware": false,"Async Capable": false,"Startup Cost": 209052.81,"Total Cost": 209052.81,"Plan Rows": 118756,"Plan Width": 4,"Actual Startup Time": 10016.825,"Actual Total Time": 10016.839,"Actual Rows": 9,"Actual Loops": 4,"Hash Buckets": 131072,"Original Hash Buckets": 131072,"Hash Batches": 1,"Original Hash Batches": 1,"Peak Memory Usage": 1025,"Workers": [],"Plans": [{"Node Type": "Aggregate","Strategy": "Hashed","Partial Mode": "Simple","Parent Relationship": "Outer","Parallel Aware": false,"Async Capable": false,"Startup Cost": 202521.23,"Total Cost": 207865.25,"Plan Rows": 118756,"Plan Width": 4,"Actual Startup Time": 6319.140,"Actual Total Time": 10016.671,"Actual Rows": 9,"Actual Loops": 4,"Group Key": ["lineitem_1.l_orderkey"],"Filter": "(sum(lineitem_1.l_quantity) > '315'::numeric)","Planned Partitions": 0,"HashAgg Batches": 1,"Peak Memory Usage": 638993,"Disk Usage": 0,"Rows Removed by Filter": 1499991,"Workers": [{"Worker Number": 0,"HashAgg Batches": 1,"Peak Memory Usage": 638993,"Disk Usage": 0},{"Worker Number": 1,"HashAgg Batches": 1,"Peak Memory Usage": 638993,"Disk Usage": 0},{"Worker Number": 2,"HashAgg Batches": 1,"Peak Memory Usage": 638993,"Disk Usage": 0}],"Plans": [{"Node Type": "Seq Scan","Parent Relationship": "Outer","Parallel Aware": false,"Async Capable": false,"Relation Name": "lineitem","Alias": "lineitem_1","Startup Cost": 0.00,"Total Cost": 172515.15,"Plan Rows": 6001215,"Plan Width": 9,"Actual Startup Time": 0.018,"Actual Total Time": 971.843,"Actual Rows": 6001215,"Actual Loops": 4,"Workers": []}]}]}]},{"Node Type": "Index Scan","Parent Relationship": "Inner","Parallel Aware": false,"Async Capable": false,"Scan Direction": "Forward","Index Name": "idx_lineitem_orderkey","Relation Name": "lineitem","Alias": "lineitem","Startup Cost": 0.43,"Total Cost": 1.06,"Plan Rows": 17,"Plan Width": 9,"Actual Startup Time": 0.069,"Actual Total Time": 0.079,"Actual Rows": 7,"Actual Loops": 9,"Index Cond": "(l_orderkey = orders.o_orderkey)","Rows Removed by Index Recheck": 0,"Workers": []}]},{"Node Type": "Hash","Parent Relationship": "Inner","Parallel Aware": true,"Async Capable": false,"Startup Cost": 4210.00,"Total Cost": 4210.00,"Plan Rows": 62500,"Plan Width": 23,"Actual Startup Time": 33.677,"Actual Total Time": 33.684,"Actual Rows": 37500,"Actual Loops": 4,"Hash Buckets": 262144,"Original Hash Buckets": 262144,"Hash Batches": 1,"Original Hash Batches": 1,"Peak Memory Usage": 10368,"Workers": [],"Plans": [{"Node Type": "Seq Scan","Parent Relationship": "Outer","Parallel Aware": true,"Async Capable": false,"Relation Name": "customer","Alias": "customer","Startup Cost": 0.00,"Total Cost": 4210.00,"Plan Rows": 62500,"Plan Width": 23,"Actual Startup Time": 0.019,"Actual Total Time": 16.715,"Actual Rows": 37500,"Actual Loops": 4,"Workers": []}]}]}]}]}]},"Planning Time": 6.132,"Triggers": [],"Execution Time": 11002.531}]
[{"Plan": {"Node Type": "Sort","Parallel Aware": false,"Async Capable": false,"Startup Cost": 397889.21,"Total Cost": 399077.01,"Plan Rows": 475120,"Plan Width": 71,"Actual Startup Time": 10785.011,"Actual Total Time": 10839.032,"Actual Rows": 9,"Actual Loops": 1,"Sort Key": ["orders.o_totalprice DESC", "orders.o_orderdate"],"Sort Method": "quicksort","Sort Space Used": 25,"Sort Space Type": "Memory","Plans": [{"Node Type": "Aggregate","Strategy": "Hashed","Partial Mode": "Simple","Parent Relationship": "Outer","Parallel Aware": false,"Async Capable": false,"Startup Cost": 347151.30,"Total Cost": 353090.30,"Plan Rows": 475120,"Plan Width": 71,"Actual Startup Time": 10763.855,"Actual Total Time": 10838.848,"Actual Rows": 9,"Actual Loops": 1,"Group Key": ["customer.c_custkey", "orders.o_orderkey"],"Planned Partitions": 0,"HashAgg Batches": 1,"Peak Memory Usage": 24601,"Disk Usage": 0,"Plans": [{"Node Type": "Gather","Parent Relationship": "Outer","Parallel Aware": false,"Async Capable": false,"Startup Cost": 216528.94,"Total Cost": 343587.90,"Plan Rows": 475120,"Plan Width": 44,"Actual Startup Time": 9674.071,"Actual Total Time": 10813.470,"Actual Rows": 63,"Actual Loops": 1,"Workers Planned": 3,"Workers Launched": 3,"Single Copy": false,"Plans": [{"Node Type": "Hash Join","Parent Relationship": "Outer","Parallel Aware": true,"Async Capable": false,"Join Type": "Inner","Startup Cost": 215528.94,"Total Cost": 295075.90,"Plan Rows": 153265,"Plan Width": 44,"Actual Startup Time": 10141.072,"Actual Total Time": 10312.965,"Actual Rows": 16,"Actual Loops": 4,"Inner Unique": true,"Hash Cond": "(orders.o_custkey = customer.c_custkey)","Workers": [],"Plans": [{"Node Type": "Nested Loop","Parent Relationship": "Outer","Parallel Aware": false,"Async Capable": false,"Join Type": "Inner","Startup Cost": 210537.69,"Total Cost": 289682.32,"Plan Rows": 153265,"Plan Width": 25,"Actual Startup Time": 10104.129,"Actual Total Time": 10275.947,"Actual Rows": 16,"Actual Loops": 4,"Inner Unique": false,"Workers": [],"Plans": [{"Node Type": "Hash Join","Parent Relationship": "Outer","Parallel Aware": false,"Async Capable": false,"Join Type": "Inner","Startup Cost": 210537.26,"Total Cost": 242741.13,"Plan Rows": 38308,"Plan Width": 24,"Actual Startup Time": 10104.052,"Actual Total Time": 10275.739,"Actual Rows": 2,"Actual Loops": 4,"Inner Unique": true,"Hash Cond": "(orders.o_orderkey = lineitem_1.l_orderkey)","Workers": [],"Plans": [{"Node Type": "Seq Scan","Parent Relationship": "Outer","Parallel Aware": true,"Async Capable": false,"Relation Name": "orders","Alias": "orders","Startup Cost": 0.00,"Total Cost": 30933.71,"Plan Rows": 483871,"Plan Width": 20,"Actual Startup Time": 0.007,"Actual Total Time": 53.689,"Actual Rows": 375000,"Actual Loops": 4,"Workers": []},{"Node Type": "Hash","Parent Relationship": "Inner","Parallel Aware": false,"Async Capable": false,"Startup Cost": 209052.81,"Total Cost": 209052.81,"Plan Rows": 118756,"Plan Width": 4,"Actual Startup Time": 10025.157,"Actual Total Time": 10025.166,"Actual Rows": 9,"Actual Loops": 4,"Hash Buckets": 131072,"Original Hash Buckets": 131072,"Hash Batches": 1,"Original Hash Batches": 1,"Peak Memory Usage": 1025,"Workers": [],"Plans": [{"Node Type": "Aggregate","Strategy": "Hashed","Partial Mode": "Simple","Parent Relationship": "Outer","Parallel Aware": false,"Async Capable": false,"Startup Cost": 202521.23,"Total Cost": 207865.25,"Plan Rows": 118756,"Plan Width": 4,"Actual Startup Time": 6285.839,"Actual Total Time": 10024.981,"Actual Rows": 9,"Actual Loops": 4,"Group Key": ["lineitem_1.l_orderkey"],"Filter": "(sum(lineitem_1.l_quantity) > '314'::numeric)","Planned Partitions": 0,"HashAgg Batches": 1,"Peak Memory Usage": 638993,"Disk Usage": 0,"Rows Removed by Filter": 1499991,"Workers": [{"Worker Number": 0,"HashAgg Batches": 1,"Peak Memory Usage": 638993,"Disk Usage": 0},{"Worker Number": 1,"HashAgg Batches": 1,"Peak Memory Usage": 638993,"Disk Usage": 0},{"Worker Number": 2,"HashAgg Batches": 1,"Peak Memory Usage": 638993,"Disk Usage": 0}],"Plans": [{"Node Type": "Seq Scan","Parent Relationship": "Outer","Parallel Aware": false,"Async Capable": false,"Relation Name": "lineitem","Alias": "lineitem_1","Startup Cost": 0.00,"Total Cost": 172515.15,"Plan Rows": 6001215,"Plan Width": 9,"Actual Startup Time": 0.019,"Actual Total Time": 931.752,"Actual Rows": 6001215,"Actual Loops": 4,"Workers": []}]}]}]},{"Node Type": "Index Scan","Parent Relationship": "Inner","Parallel Aware": false,"Async Capable": false,"Scan Direction": "Forward","Index Name": "idx_lineitem_orderkey","Relation Name": "lineitem","Alias": "lineitem","Startup Cost": 0.43,"Total Cost": 1.06,"Plan Rows": 17,"Plan Width": 9,"Actual Startup Time": 0.055,"Actual Total Time": 0.062,"Actual Rows": 7,"Actual Loops": 9,"Index Cond": "(l_orderkey = orders.o_orderkey)","Rows Removed by Index Recheck": 0,"Workers": []}]},{"Node Type": "Hash","Parent Relationship": "Inner","Parallel Aware": true,"Async Capable": false,"Startup Cost": 4210.00,"Total Cost": 4210.00,"Plan Rows": 62500,"Plan Width": 23,"Actual Startup Time": 36.172,"Actual Total Time": 36.190,"Actual Rows": 37500,"Actual Loops": 4,"Hash Buckets": 262144,"Original Hash Buckets": 262144,"Hash Batches": 1,"Original Hash Batches": 1,"Peak Memory Usage": 10336,"Workers": [],"Plans": [{"Node Type": "Seq Scan","Parent Relationship": "Outer","Parallel Aware": true,"Async Capable": false,"Relation Name": "customer","Alias": "customer","Startup Cost": 0.00,"Total Cost": 4210.00,"Plan Rows": 62500,"Plan Width": 23,"Actual Startup Time": 0.024,"Actual Total Time": 17.933,"Actual Rows": 37500,"Actual Loops": 4,"Workers": []}]}]}]}]}]},"Planning Time": 6.881,"Triggers": [],"Execution Time": 10893.482}]
[{"Plan": {"Node Type": "Sort","Parallel Aware": false,"Async Capable": false,"Startup Cost": 397889.21,"Total Cost": 399077.01,"Plan Rows": 475120,"Plan Width": 71,"Actual Startup Time": 10887.509,"Actual Total Time": 10908.132,"Actual Rows": 10,"Actual Loops": 1,"Sort Key": ["orders.o_totalprice DESC", "orders.o_orderdate"],"Sort Method": "quicksort","Sort Space Used": 25,"Sort Space Type": "Memory","Plans": [{"Node Type": "Aggregate","Strategy": "Hashed","Partial Mode": "Simple","Parent Relationship": "Outer","Parallel Aware": false,"Async Capable": false,"Startup Cost": 347151.30,"Total Cost": 353090.30,"Plan Rows": 475120,"Plan Width": 71,"Actual Startup Time": 10848.812,"Actual Total Time": 10907.941,"Actual Rows": 10,"Actual Loops": 1,"Group Key": ["customer.c_custkey", "orders.o_orderkey"],"Planned Partitions": 0,"HashAgg Batches": 1,"Peak Memory Usage": 24601,"Disk Usage": 0,"Plans": [{"Node Type": "Gather","Parent Relationship": "Outer","Parallel Aware": false,"Async Capable": false,"Startup Cost": 216528.94,"Total Cost": 343587.90,"Plan Rows": 475120,"Plan Width": 44,"Actual Startup Time": 10782.037,"Actual Total Time": 10858.151,"Actual Rows": 70,"Actual Loops": 1,"Workers Planned": 3,"Workers Launched": 3,"Single Copy": false,"Plans": [{"Node Type": "Hash Join","Parent Relationship": "Outer","Parallel Aware": true,"Async Capable": false,"Join Type": "Inner","Startup Cost": 215528.94,"Total Cost": 295075.90,"Plan Rows": 153265,"Plan Width": 44,"Actual Startup Time": 10180.765,"Actual Total Time": 10348.312,"Actual Rows": 18,"Actual Loops": 4,"Inner Unique": true,"Hash Cond": "(orders.o_custkey = customer.c_custkey)","Workers": [],"Plans": [{"Node Type": "Nested Loop","Parent Relationship": "Outer","Parallel Aware": false,"Async Capable": false,"Join Type": "Inner","Startup Cost": 210537.69,"Total Cost": 289682.32,"Plan Rows": 153265,"Plan Width": 25,"Actual Startup Time": 10142.809,"Actual Total Time": 10310.270,"Actual Rows": 18,"Actual Loops": 4,"Inner Unique": false,"Workers": [],"Plans": [{"Node Type": "Hash Join","Parent Relationship": "Outer","Parallel Aware": false,"Async Capable": false,"Join Type": "Inner","Startup Cost": 210537.26,"Total Cost": 242741.13,"Plan Rows": 38308,"Plan Width": 24,"Actual Startup Time": 10142.670,"Actual Total Time": 10309.991,"Actual Rows": 2,"Actual Loops": 4,"Inner Unique": true,"Hash Cond": "(orders.o_orderkey = lineitem_1.l_orderkey)","Workers": [],"Plans": [{"Node Type": "Seq Scan","Parent Relationship": "Outer","Parallel Aware": true,"Async Capable": false,"Relation Name": "orders","Alias": "orders","Startup Cost": 0.00,"Total Cost": 30933.71,"Plan Rows": 483871,"Plan Width": 20,"Actual Startup Time": 0.009,"Actual Total Time": 49.040,"Actual Rows": 375000,"Actual Loops": 4,"Workers": []},{"Node Type": "Hash","Parent Relationship": "Inner","Parallel Aware": false,"Async Capable": false,"Startup Cost": 209052.81,"Total Cost": 209052.81,"Plan Rows": 118756,"Plan Width": 4,"Actual Startup Time": 10075.163,"Actual Total Time": 10075.176,"Actual Rows": 10,"Actual Loops": 4,"Hash Buckets": 131072,"Original Hash Buckets": 131072,"Hash Batches": 1,"Original Hash Batches": 1,"Peak Memory Usage": 1025,"Workers": [],"Plans": [{"Node Type": "Aggregate","Strategy": "Hashed","Partial Mode": "Simple","Parent Relationship": "Outer","Parallel Aware": false,"Async Capable": false,"Startup Cost": 202521.23,"Total Cost": 207865.25,"Plan Rows": 118756,"Plan Width": 4,"Actual Startup Time": 6293.151,"Actual Total Time": 10074.968,"Actual Rows": 10,"Actual Loops": 4,"Group Key": ["lineitem_1.l_orderkey"],"Filter": "(sum(lineitem_1.l_quantity) > '312'::numeric)","Planned Partitions": 0,"HashAgg Batches": 1,"Peak Memory Usage": 638993,"Disk Usage": 0,"Rows Removed by Filter": 1499990,"Workers": [{"Worker Number": 0,"HashAgg Batches": 1,"Peak Memory Usage": 638993,"Disk Usage": 0},{"Worker Number": 1,"HashAgg Batches": 1,"Peak Memory Usage": 638993,"Disk Usage": 0},{"Worker Number": 2,"HashAgg Batches": 1,"Peak Memory Usage": 638993,"Disk Usage": 0}],"Plans": [{"Node Type": "Seq Scan","Parent Relationship": "Outer","Parallel Aware": false,"Async Capable": false,"Relation Name": "lineitem","Alias": "lineitem_1","Startup Cost": 0.00,"Total Cost": 172515.15,"Plan Rows": 6001215,"Plan Width": 9,"Actual Startup Time": 0.021,"Actual Total Time": 960.546,"Actual Rows": 6001215,"Actual Loops": 4,"Workers": []}]}]}]},{"Node Type": "Index Scan","Parent Relationship": "Inner","Parallel Aware": false,"Async Capable": false,"Scan Direction": "Forward","Index Name": "idx_lineitem_orderkey","Relation Name": "lineitem","Alias": "lineitem","Startup Cost": 0.43,"Total Cost": 1.06,"Plan Rows": 17,"Plan Width": 9,"Actual Startup Time": 0.072,"Actual Total Time": 0.079,"Actual Rows": 7,"Actual Loops": 10,"Index Cond": "(l_orderkey = orders.o_orderkey)","Rows Removed by Index Recheck": 0,"Workers": []}]},{"Node Type": "Hash","Parent Relationship": "Inner","Parallel Aware": true,"Async Capable": false,"Startup Cost": 4210.00,"Total Cost": 4210.00,"Plan Rows": 62500,"Plan Width": 23,"Actual Startup Time": 37.105,"Actual Total Time": 37.114,"Actual Rows": 37500,"Actual Loops": 4,"Hash Buckets": 262144,"Original Hash Buckets": 262144,"Hash Batches": 1,"Original Hash Batches": 1,"Peak Memory Usage": 10368,"Workers": [],"Plans": [{"Node Type": "Seq Scan","Parent Relationship": "Outer","Parallel Aware": true,"Async Capable": false,"Relation Name": "customer","Alias": "customer","Startup Cost": 0.00,"Total Cost": 4210.00,"Plan Rows": 62500,"Plan Width": 23,"Actual Startup Time": 0.025,"Actual Total Time": 19.726,"Actual Rows": 37500,"Actual Loops": 4,"Workers": []}]}]}]}]}]},"Planning Time": 6.715,"Triggers": [],"Execution Time": 10961.817}]
[{"Plan": {"Node Type": "Sort","Parallel Aware": false,"Async Capable": false,"Startup Cost": 397889.21,"Total Cost": 399077.01,"Plan Rows": 475120,"Plan Width": 71,"Actual Startup Time": 10785.011,"Actual Total Time": 10839.032,"Actual Rows": 9,"Actual Loops": 1,"Sort Key": ["orders.o_totalprice DESC", "orders.o_orderdate"],"Sort Method": "quicksort","Sort Space Used": 25,"Sort Space Type": "Memory","Plans": [{"Node Type": "Aggregate","Strategy": "Hashed","Partial Mode": "Simple","Parent Relationship": "Outer","Parallel Aware": false,"Async Capable": false,"Startup Cost": 347151.30,"Total Cost": 353090.30,"Plan Rows": 475120,"Plan Width": 71,"Actual Startup Time": 10763.855,"Actual Total Time": 10838.848,"Actual Rows": 9,"Actual Loops": 1,"Group Key": ["customer.c_custkey", "orders.o_orderkey"],"Planned Partitions": 0,"HashAgg Batches": 1,"Peak Memory Usage": 24601,"Disk Usage": 0,"Plans": [{"Node Type": "Gather","Parent Relationship": "Outer","Parallel Aware": false,"Async Capable": false,"Startup Cost": 216528.94,"Total Cost": 343587.90,"Plan Rows": 475120,"Plan Width": 44,"Actual Startup Time": 9674.071,"Actual Total Time": 10813.470,"Actual Rows": 63,"Actual Loops": 1,"Workers Planned": 3,"Workers Launched": 3,"Single Copy": false,"Plans": [{"Node Type": "Hash Join","Parent Relationship": "Outer","Parallel Aware": true,"Async Capable": false,"Join Type": "Inner","Startup Cost": 215528.94,"Total Cost": 295075.90,"Plan Rows": 153265,"Plan Width": 44,"Actual Startup Time": 10141.072,"Actual Total Time": 10312.965,"Actual Rows": 16,"Actual Loops": 4,"Inner Unique": true,"Hash Cond": "(orders.o_custkey = customer.c_custkey)","Workers": [],"Plans": [{"Node Type": "Nested Loop","Parent Relationship": "Outer","Parallel Aware": false,"Async Capable": false,"Join Type": "Inner","Startup Cost": 210537.69,"Total Cost": 289682.32,"Plan Rows": 153265,"Plan Width": 25,"Actual Startup Time": 10104.129,"Actual Total Time": 10275.947,"Actual Rows": 16,"Actual Loops": 4,"Inner Unique": false,"Workers": [],"Plans": [{"Node Type": "Hash Join","Parent Relationship": "Outer","Parallel Aware": false,"Async Capable": false,"Join Type": "Inner","Startup Cost": 210537.26,"Total Cost": 242741.13,"Plan Rows": 38308,"Plan Width": 24,"Actual Startup Time": 10104.052,"Actual Total Time": 10275.739,"Actual Rows": 2,"Actual Loops": 4,"Inner Unique": true,"Hash Cond": "(orders.o_orderkey = lineitem_1.l_orderkey)","Workers": [],"Plans": [{"Node Type": "Seq Scan","Parent Relationship": "Outer","Parallel Aware": true,"Async Capable": false,"Relation Name": "orders","Alias": "orders","Startup Cost": 0.00,"Total Cost": 30933.71,"Plan Rows": 483871,"Plan Width": 20,"Actual Startup Time": 0.007,"Actual Total Time": 53.689,"Actual Rows": 375000,"Actual Loops": 4,"Workers": []},{"Node Type": "Hash","Parent Relationship": "Inner","Parallel Aware": false,"Async Capable": false,"Startup Cost": 209052.81,"Total Cost": 209052.81,"Plan Rows": 118756,"Plan Width": 4,"Actual Startup Time": 10025.157,"Actual Total Time": 10025.166,"Actual Rows": 9,"Actual Loops": 4,"Hash Buckets": 131072,"Original Hash Buckets": 131072,"Hash Batches": 1,"Original Hash Batches": 1,"Peak Memory Usage": 1025,"Workers": [],"Plans": [{"Node Type": "Aggregate","Strategy": "Hashed","Partial Mode": "Simple","Parent Relationship": "Outer","Parallel Aware": false,"Async Capable": false,"Startup Cost": 202521.23,"Total Cost": 207865.25,"Plan Rows": 118756,"Plan Width": 4,"Actual Startup Time": 6285.839,"Actual Total Time": 10024.981,"Actual Rows": 9,"Actual Loops": 4,"Group Key": ["lineitem_1.l_orderkey"],"Filter": "(sum(lineitem_1.l_quantity) > '314'::numeric)","Planned Partitions": 0,"HashAgg Batches": 1,"Peak Memory Usage": 638993,"Disk Usage": 0,"Rows Removed by Filter": 1499991,"Workers": [{"Worker Number": 0,"HashAgg Batches": 1,"Peak Memory Usage": 638993,"Disk Usage": 0},{"Worker Number": 1,"HashAgg Batches": 1,"Peak Memory Usage": 638993,"Disk Usage": 0},{"Worker Number": 2,"HashAgg Batches": 1,"Peak Memory Usage": 638993,"Disk Usage": 0}],"Plans": [{"Node Type": "Seq Scan","Parent Relationship": "Outer","Parallel Aware": false,"Async Capable": false,"Relation Name": "lineitem","Alias": "lineitem_1","Startup Cost": 0.00,"Total Cost": 172515.15,"Plan Rows": 6001215,"Plan Width": 9,"Actual Startup Time": 0.019,"Actual Total Time": 931.752,"Actual Rows": 6001215,"Actual Loops": 4,"Workers": []}]}]}]},{"Node Type": "Index Scan","Parent Relationship": "Inner","Parallel Aware": false,"Async Capable": false,"Scan Direction": "Forward","Index Name": "idx_lineitem_orderkey","Relation Name": "lineitem","Alias": "lineitem","Startup Cost": 0.43,"Total Cost": 1.06,"Plan Rows": 17,"Plan Width": 9,"Actual Startup Time": 0.055,"Actual Total Time": 0.062,"Actual Rows": 7,"Actual Loops": 9,"Index Cond": "(l_orderkey = orders.o_orderkey)","Rows Removed by Index Recheck": 0,"Workers": []}]},{"Node Type": "Hash","Parent Relationship": "Inner","Parallel Aware": true,"Async Capable": false,"Startup Cost": 4210.00,"Total Cost": 4210.00,"Plan Rows": 62500,"Plan Width": 23,"Actual Startup Time": 36.172,"Actual Total Time": 36.190,"Actual Rows": 37500,"Actual Loops": 4,"Hash Buckets": 262144,"Original Hash Buckets": 262144,"Hash Batches": 1,"Original Hash Batches": 1,"Peak Memory Usage": 10336,"Workers": [],"Plans": [{"Node Type": "Seq Scan","Parent Relationship": "Outer","Parallel Aware": true,"Async Capable": false,"Relation Name": "customer","Alias": "customer","Startup Cost": 0.00,"Total Cost": 4210.00,"Plan Rows": 62500,"Plan Width": 23,"Actual Startup Time": 0.024,"Actual Total Time": 17.933,"Actual Rows": 37500,"Actual Loops": 4,"Workers": []}]}]}]}]}]},"Planning Time": 6.881,"Triggers": [],"Execution Time": 10893.482}]
[{"Plan": {"Node Type": "Sort","Parallel Aware": false,"Async Capable": false,"Startup Cost": 397889.21,"Total Cost": 399077.01,"Plan Rows": 475120,"Plan Width": 71,"Actual Startup Time": 10950.105,"Actual Total Time": 10953.954,"Actual Rows": 9,"Actual Loops": 1,"Sort Key": ["orders.o_totalprice DESC", "orders.o_orderdate"],"Sort Method": "quicksort","Sort Space Used": 25,"Sort Space Type": "Memory","Plans": [{"Node Type": "Aggregate","Strategy": "Hashed","Partial Mode": "Simple","Parent Relationship": "Outer","Parallel Aware": false,"Async Capable": false,"Startup Cost": 347151.30,"Total Cost": 353090.30,"Plan Rows": 475120,"Plan Width": 71,"Actual Startup Time": 10902.471,"Actual Total Time": 10953.715,"Actual Rows": 9,"Actual Loops": 1,"Group Key": ["customer.c_custkey", "orders.o_orderkey"],"Planned Partitions": 0,"HashAgg Batches": 1,"Peak Memory Usage": 24601,"Disk Usage": 0,"Plans": [{"Node Type": "Gather","Parent Relationship": "Outer","Parallel Aware": false,"Async Capable": false,"Startup Cost": 216528.94,"Total Cost": 343587.90,"Plan Rows": 475120,"Plan Width": 44,"Actual Startup Time": 10893.800,"Actual Total Time": 10897.693,"Actual Rows": 63,"Actual Loops": 1,"Workers Planned": 3,"Workers Launched": 3,"Single Copy": false,"Plans": [{"Node Type": "Hash Join","Parent Relationship": "Outer","Parallel Aware": true,"Async Capable": false,"Join Type": "Inner","Startup Cost": 215528.94,"Total Cost": 295075.90,"Plan Rows": 153265,"Plan Width": 44,"Actual Startup Time": 10134.253,"Actual Total Time": 10314.794,"Actual Rows": 16,"Actual Loops": 4,"Inner Unique": true,"Hash Cond": "(orders.o_custkey = customer.c_custkey)","Workers": [],"Plans": [{"Node Type": "Nested Loop","Parent Relationship": "Outer","Parallel Aware": false,"Async Capable": false,"Join Type": "Inner","Startup Cost": 210537.69,"Total Cost": 289682.32,"Plan Rows": 153265,"Plan Width": 25,"Actual Startup Time": 10099.687,"Actual Total Time": 10280.153,"Actual Rows": 16,"Actual Loops": 4,"Inner Unique": false,"Workers": [],"Plans": [{"Node Type": "Hash Join","Parent Relationship": "Outer","Parallel Aware": false,"Async Capable": false,"Join Type": "Inner","Startup Cost": 210537.26,"Total Cost": 242741.13,"Plan Rows": 38308,"Plan Width": 24,"Actual Startup Time": 10099.575,"Actual Total Time": 10279.892,"Actual Rows": 2,"Actual Loops": 4,"Inner Unique": true,"Hash Cond": "(orders.o_orderkey = lineitem_1.l_orderkey)","Workers": [],"Plans": [{"Node Type": "Seq Scan","Parent Relationship": "Outer","Parallel Aware": true,"Async Capable": false,"Relation Name": "orders","Alias": "orders","Startup Cost": 0.00,"Total Cost": 30933.71,"Plan Rows": 483871,"Plan Width": 20,"Actual Startup Time": 0.011,"Actual Total Time": 51.627,"Actual Rows": 375000,"Actual Loops": 4,"Workers": []},{"Node Type": "Hash","Parent Relationship": "Inner","Parallel Aware": false,"Async Capable": false,"Startup Cost": 209052.81,"Total Cost": 209052.81,"Plan Rows": 118756,"Plan Width": 4,"Actual Startup Time": 10016.825,"Actual Total Time": 10016.839,"Actual Rows": 9,"Actual Loops": 4,"Hash Buckets": 131072,"Original Hash Buckets": 131072,"Hash Batches": 1,"Original Hash Batches": 1,"Peak Memory Usage": 1025,"Workers": [],"Plans": [{"Node Type": "Aggregate","Strategy": "Hashed","Partial Mode": "Simple","Parent Relationship": "Outer","Parallel Aware": false,"Async Capable": false,"Startup Cost": 202521.23,"Total Cost": 207865.25,"Plan Rows": 118756,"Plan Width": 4,"Actual Startup Time": 6319.140,"Actual Total Time": 10016.671,"Actual Rows": 9,"Actual Loops": 4,"Group Key": ["lineitem_1.l_orderkey"],"Filter": "(sum(lineitem_1.l_quantity) > '315'::numeric)","Planned Partitions": 0,"HashAgg Batches": 1,"Peak Memory Usage": 638993,"Disk Usage": 0,"Rows Removed by Filter": 1499991,"Workers": [{"Worker Number": 0,"HashAgg Batches": 1,"Peak Memory Usage": 638993,"Disk Usage": 0},{"Worker Number": 1,"HashAgg Batches": 1,"Peak Memory Usage": 638993,"Disk Usage": 0},{"Worker Number": 2,"HashAgg Batches": 1,"Peak Memory Usage": 638993,"Disk Usage": 0}],"Plans": [{"Node Type": "Seq Scan","Parent Relationship": "Outer","Parallel Aware": false,"Async Capable": false,"Relation Name": "lineitem","Alias": "lineitem_1","Startup Cost": 0.00,"Total Cost": 172515.15,"Plan Rows": 6001215,"Plan Width": 9,"Actual Startup Time": 0.018,"Actual Total Time": 971.843,"Actual Rows": 6001215,"Actual Loops": 4,"Workers": []}]}]}]},{"Node Type": "Index Scan","Parent Relationship": "Inner","Parallel Aware": false,"Async Capable": false,"Scan Direction": "Forward","Index Name": "idx_lineitem_orderkey","Relation Name": "lineitem","Alias": "lineitem","Startup Cost": 0.43,"Total Cost": 1.06,"Plan Rows": 17,"Plan Width": 9,"Actual Startup Time": 0.069,"Actual Total Time": 0.079,"Actual Rows": 7,"Actual Loops": 9,"Index Cond": "(l_orderkey = orders.o_orderkey)","Rows Removed by Index Recheck": 0,"Workers": []}]},{"Node Type": "Hash","Parent Relationship": "Inner","Parallel Aware": true,"Async Capable": false,"Startup Cost": 4210.00,"Total Cost": 4210.00,"Plan Rows": 62500,"Plan Width": 23,"Actual Startup Time": 33.677,"Actual Total Time": 33.684,"Actual Rows": 37500,"Actual Loops": 4,"Hash Buckets": 262144,"Original Hash Buckets": 262144,"Hash Batches": 1,"Original Hash Batches": 1,"Peak Memory Usage": 10368,"Workers": [],"Plans": [{"Node Type": "Seq Scan","Parent Relationship": "Outer","Parallel Aware": true,"Async Capable": false,"Relation Name": "customer","Alias": "customer","Startup Cost": 0.00,"Total Cost": 4210.00,"Plan Rows": 62500,"Plan Width": 23,"Actual Startup Time": 0.019,"Actual Total Time": 16.715,"Actual Rows": 37500,"Actual Loops": 4,"Workers": []}]}]}]}]}]},"Planning Time": 6.132,"Triggers": [],"Execution Time": 11002.531}]
[{"Plan": {"Node Type": "Sort","Parallel Aware": false,"Async Capable": false,"Startup Cost": 397889.21,"Total Cost": 399077.01,"Plan Rows": 475120,"Plan Width": 71,"Actual Startup Time": 10887.509,"Actual Total Time": 10908.132,"Actual Rows": 10,"Actual Loops": 1,"Sort Key": ["orders.o_totalprice DESC", "orders.o_orderdate"],"Sort Method": "quicksort","Sort Space Used": 25,"Sort Space Type": "Memory","Plans": [{"Node Type": "Aggregate","Strategy": "Hashed","Partial Mode": "Simple","Parent Relationship": "Outer","Parallel Aware": false,"Async Capable": false,"Startup Cost": 347151.30,"Total Cost": 353090.30,"Plan Rows": 475120,"Plan Width": 71,"Actual Startup Time": 10848.812,"Actual Total Time": 10907.941,"Actual Rows": 10,"Actual Loops": 1,"Group Key": ["customer.c_custkey", "orders.o_orderkey"],"Planned Partitions": 0,"HashAgg Batches": 1,"Peak Memory Usage": 24601,"Disk Usage": 0,"Plans": [{"Node Type": "Gather","Parent Relationship": "Outer","Parallel Aware": false,"Async Capable": false,"Startup Cost": 216528.94,"Total Cost": 343587.90,"Plan Rows": 475120,"Plan Width": 44,"Actual Startup Time": 10782.037,"Actual Total Time": 10858.151,"Actual Rows": 70,"Actual Loops": 1,"Workers Planned": 3,"Workers Launched": 3,"Single Copy": false,"Plans": [{"Node Type": "Hash Join","Parent Relationship": "Outer","Parallel Aware": true,"Async Capable": false,"Join Type": "Inner","Startup Cost": 215528.94,"Total Cost": 295075.90,"Plan Rows": 153265,"Plan Width": 44,"Actual Startup Time": 10180.765,"Actual Total Time": 10348.312,"Actual Rows": 18,"Actual Loops": 4,"Inner Unique": true,"Hash Cond": "(orders.o_custkey = customer.c_custkey)","Workers": [],"Plans": [{"Node Type": "Nested Loop","Parent Relationship": "Outer","Parallel Aware": false,"Async Capable": false,"Join Type": "Inner","Startup Cost": 210537.69,"Total Cost": 289682.32,"Plan Rows": 153265,"Plan Width": 25,"Actual Startup Time": 10142.809,"Actual Total Time": 10310.270,"Actual Rows": 18,"Actual Loops": 4,"Inner Unique": false,"Workers": [],"Plans": [{"Node Type": "Hash Join","Parent Relationship": "Outer","Parallel Aware": false,"Async Capable": false,"Join Type": "Inner","Startup Cost": 210537.26,"Total Cost": 242741.13,"Plan Rows": 38308,"Plan Width": 24,"Actual Startup Time": 10142.670,"Actual Total Time": 10309.991,"Actual Rows": 2,"Actual Loops": 4,"Inner Unique": true,"Hash Cond": "(orders.o_orderkey = lineitem_1.l_orderkey)","Workers": [],"Plans": [{"Node Type": "Seq Scan","Parent Relationship": "Outer","Parallel Aware": true,"Async Capable": false,"Relation Name": "orders","Alias": "orders","Startup Cost": 0.00,"Total Cost": 30933.71,"Plan Rows": 483871,"Plan Width": 20,"Actual Startup Time": 0.009,"Actual Total Time": 49.040,"Actual Rows": 375000,"Actual Loops": 4,"Workers": []},{"Node Type": "Hash","Parent Relationship": "Inner","Parallel Aware": false,"Async Capable": false,"Startup Cost": 209052.81,"Total Cost": 209052.81,"Plan Rows": 118756,"Plan Width": 4,"Actual Startup Time": 10075.163,"Actual Total Time": 10075.176,"Actual Rows": 10,"Actual Loops": 4,"Hash Buckets": 131072,"Original Hash Buckets": 131072,"Hash Batches": 1,"Original Hash Batches": 1,"Peak Memory Usage": 1025,"Workers": [],"Plans": [{"Node Type": "Aggregate","Strategy": "Hashed","Partial Mode": "Simple","Parent Relationship": "Outer","Parallel Aware": false,"Async Capable": false,"Startup Cost": 202521.23,"Total Cost": 207865.25,"Plan Rows": 118756,"Plan Width": 4,"Actual Startup Time": 6293.151,"Actual Total Time": 10074.968,"Actual Rows": 10,"Actual Loops": 4,"Group Key": ["lineitem_1.l_orderkey"],"Filter": "(sum(lineitem_1.l_quantity) > '312'::numeric)","Planned Partitions": 0,"HashAgg Batches": 1,"Peak Memory Usage": 638993,"Disk Usage": 0,"Rows Removed by Filter": 1499990,"Workers": [{"Worker Number": 0,"HashAgg Batches": 1,"Peak Memory Usage": 638993,"Disk Usage": 0},{"Worker Number": 1,"HashAgg Batches": 1,"Peak Memory Usage": 638993,"Disk Usage": 0},{"Worker Number": 2,"HashAgg Batches": 1,"Peak Memory Usage": 638993,"Disk Usage": 0}],"Plans": [{"Node Type": "Seq Scan","Parent Relationship": "Outer","Parallel Aware": false,"Async Capable": false,"Relation Name": "lineitem","Alias": "lineitem_1","Startup Cost": 0.00,"Total Cost": 172515.15,"Plan Rows": 6001215,"Plan Width": 9,"Actual Startup Time": 0.021,"Actual Total Time": 960.546,"Actual Rows": 6001215,"Actual Loops": 4,"Workers": []}]}]}]},{"Node Type": "Index Scan","Parent Relationship": "Inner","Parallel Aware": false,"Async Capable": false,"Scan Direction": "Forward","Index Name": "idx_lineitem_orderkey","Relation Name": "lineitem","Alias": "lineitem","Startup Cost": 0.43,"Total Cost": 1.06,"Plan Rows": 17,"Plan Width": 9,"Actual Startup Time": 0.072,"Actual Total Time": 0.079,"Actual Rows": 7,"Actual Loops": 10,"Index Cond": "(l_orderkey = orders.o_orderkey)","Rows Removed by Index Recheck": 0,"Workers": []}]},{"Node Type": "Hash","Parent Relationship": "Inner","Parallel Aware": true,"Async Capable": false,"Startup Cost": 4210.00,"Total Cost": 4210.00,"Plan Rows": 62500,"Plan Width": 23,"Actual Startup Time": 37.105,"Actual Total Time": 37.114,"Actual Rows": 37500,"Actual Loops": 4,"Hash Buckets": 262144,"Original Hash Buckets": 262144,"Hash Batches": 1,"Original Hash Batches": 1,"Peak Memory Usage": 10368,"Workers": [],"Plans": [{"Node Type": "Seq Scan","Parent Relationship": "Outer","Parallel Aware": true,"Async Capable": false,"Relation Name": "customer","Alias": "customer","Startup Cost": 0.00,"Total Cost": 4210.00,"Plan Rows": 62500,"Plan Width": 23,"Actual Startup Time": 0.025,"Actual Total Time": 19.726,"Actual Rows": 37500,"Actual Loops": 4,"Workers": []}]}]}]}]}]},"Planning Time": 6.715,"Triggers": [],"Execution Time": 10961.817}]
[{"Plan": {"Node Type": "Sort","Parallel Aware": false,"Async Capable": false,"Startup Cost": 397889.21,"Total Cost": 399077.01,"Plan Rows": 475120,"Plan Width": 71,"Actual Startup Time": 10887.509,"Actual Total Time": 10908.132,"Actual Rows": 10,"Actual Loops": 1,"Sort Key": ["orders.o_totalprice DESC", "orders.o_orderdate"],"Sort Method": "quicksort","Sort Space Used": 25,"Sort Space Type": "Memory","Plans": [{"Node Type": "Aggregate","Strategy": "Hashed","Partial Mode": "Simple","Parent Relationship": "Outer","Parallel Aware": false,"Async Capable": false,"Startup Cost": 347151.30,"Total Cost": 353090.30,"Plan Rows": 475120,"Plan Width": 71,"Actual Startup Time": 10848.812,"Actual Total Time": 10907.941,"Actual Rows": 10,"Actual Loops": 1,"Group Key": ["customer.c_custkey", "orders.o_orderkey"],"Planned Partitions": 0,"HashAgg Batches": 1,"Peak Memory Usage": 24601,"Disk Usage": 0,"Plans": [{"Node Type": "Gather","Parent Relationship": "Outer","Parallel Aware": false,"Async Capable": false,"Startup Cost": 216528.94,"Total Cost": 343587.90,"Plan Rows": 475120,"Plan Width": 44,"Actual Startup Time": 10782.037,"Actual Total Time": 10858.151,"Actual Rows": 70,"Actual Loops": 1,"Workers Planned": 3,"Workers Launched": 3,"Single Copy": false,"Plans": [{"Node Type": "Hash Join","Parent Relationship": "Outer","Parallel Aware": true,"Async Capable": false,"Join Type": "Inner","Startup Cost": 215528.94,"Total Cost": 295075.90,"Plan Rows": 153265,"Plan Width": 44,"Actual Startup Time": 10180.765,"Actual Total Time": 10348.312,"Actual Rows": 18,"Actual Loops": 4,"Inner Unique": true,"Hash Cond": "(orders.o_custkey = customer.c_custkey)","Workers": [],"Plans": [{"Node Type": "Nested Loop","Parent Relationship": "Outer","Parallel Aware": false,"Async Capable": false,"Join Type": "Inner","Startup Cost": 210537.69,"Total Cost": 289682.32,"Plan Rows": 153265,"Plan Width": 25,"Actual Startup Time": 10142.809,"Actual Total Time": 10310.270,"Actual Rows": 18,"Actual Loops": 4,"Inner Unique": false,"Workers": [],"Plans": [{"Node Type": "Hash Join","Parent Relationship": "Outer","Parallel Aware": false,"Async Capable": false,"Join Type": "Inner","Startup Cost": 210537.26,"Total Cost": 242741.13,"Plan Rows": 38308,"Plan Width": 24,"Actual Startup Time": 10142.670,"Actual Total Time": 10309.991,"Actual Rows": 2,"Actual Loops": 4,"Inner Unique": true,"Hash Cond": "(orders.o_orderkey = lineitem_1.l_orderkey)","Workers": [],"Plans": [{"Node Type": "Seq Scan","Parent Relationship": "Outer","Parallel Aware": true,"Async Capable": false,"Relation Name": "orders","Alias": "orders","Startup Cost": 0.00,"Total Cost": 30933.71,"Plan Rows": 483871,"Plan Width": 20,"Actual Startup Time": 0.009,"Actual Total Time": 49.040,"Actual Rows": 375000,"Actual Loops": 4,"Workers": []},{"Node Type": "Hash","Parent Relationship": "Inner","Parallel Aware": false,"Async Capable": false,"Startup Cost": 209052.81,"Total Cost": 209052.81,"Plan Rows": 118756,"Plan Width": 4,"Actual Startup Time": 10075.163,"Actual Total Time": 10075.176,"Actual Rows": 10,"Actual Loops": 4,"Hash Buckets": 131072,"Original Hash Buckets": 131072,"Hash Batches": 1,"Original Hash Batches": 1,"Peak Memory Usage": 1025,"Workers": [],"Plans": [{"Node Type": "Aggregate","Strategy": "Hashed","Partial Mode": "Simple","Parent Relationship": "Outer","Parallel Aware": false,"Async Capable": false,"Startup Cost": 202521.23,"Total Cost": 207865.25,"Plan Rows": 118756,"Plan Width": 4,"Actual Startup Time": 6293.151,"Actual Total Time": 10074.968,"Actual Rows": 10,"Actual Loops": 4,"Group Key": ["lineitem_1.l_orderkey"],"Filter": "(sum(lineitem_1.l_quantity) > '312'::numeric)","Planned Partitions": 0,"HashAgg Batches": 1,"Peak Memory Usage": 638993,"Disk Usage": 0,"Rows Removed by Filter": 1499990,"Workers": [{"Worker Number": 0,"HashAgg Batches": 1,"Peak Memory Usage": 638993,"Disk Usage": 0},{"Worker Number": 1,"HashAgg Batches": 1,"Peak Memory Usage": 638993,"Disk Usage": 0},{"Worker Number": 2,"HashAgg Batches": 1,"Peak Memory Usage": 638993,"Disk Usage": 0}],"Plans": [{"Node Type": "Seq Scan","Parent Relationship": "Outer","Parallel Aware": false,"Async Capable": false,"Relation Name": "lineitem","Alias": "lineitem_1","Startup Cost": 0.00,"Total Cost": 172515.15,"Plan Rows": 6001215,"Plan Width": 9,"Actual Startup Time": 0.021,"Actual Total Time": 960.546,"Actual Rows": 6001215,"Actual Loops": 4,"Workers": []}]}]}]},{"Node Type": "Index Scan","Parent Relationship": "Inner","Parallel Aware": false,"Async Capable": false,"Scan Direction": "Forward","Index Name": "idx_lineitem_orderkey","Relation Name": "lineitem","Alias": "lineitem","Startup Cost": 0.43,"Total Cost": 1.06,"Plan Rows": 17,"Plan Width": 9,"Actual Startup Time": 0.072,"Actual Total Time": 0.079,"Actual Rows": 7,"Actual Loops": 10,"Index Cond": "(l_orderkey = orders.o_orderkey)","Rows Removed by Index Recheck": 0,"Workers": []}]},{"Node Type": "Hash","Parent Relationship": "Inner","Parallel Aware": true,"Async Capable": false,"Startup Cost": 4210.00,"Total Cost": 4210.00,"Plan Rows": 62500,"Plan Width": 23,"Actual Startup Time": 37.105,"Actual Total Time": 37.114,"Actual Rows": 37500,"Actual Loops": 4,"Hash Buckets": 262144,"Original Hash Buckets": 262144,"Hash Batches": 1,"Original Hash Batches": 1,"Peak Memory Usage": 10368,"Workers": [],"Plans": [{"Node Type": "Seq Scan","Parent Relationship": "Outer","Parallel Aware": true,"Async Capable": false,"Relation Name": "customer","Alias": "customer","Startup Cost": 0.00,"Total Cost": 4210.00,"Plan Rows": 62500,"Plan Width": 23,"Actual Startup Time": 0.025,"Actual Total Time": 19.726,"Actual Rows": 37500,"Actual Loops": 4,"Workers": []}]}]}]}]}]},"Planning Time": 6.715,"Triggers": [],"Execution Time": 10961.817}]
[{"Plan": {"Node Type": "Sort","Parallel Aware": false,"Async Capable": false,"Startup Cost": 397889.21,"Total Cost": 399077.01,"Plan Rows": 475120,"Plan Width": 71,"Actual Startup Time": 10785.011,"Actual Total Time": 10839.032,"Actual Rows": 9,"Actual Loops": 1,"Sort Key": ["orders.o_totalprice DESC", "orders.o_orderdate"],"Sort Method": "quicksort","Sort Space Used": 25,"Sort Space Type": "Memory","Plans": [{"Node Type": "Aggregate","Strategy": "Hashed","Partial Mode": "Simple","Parent Relationship": "Outer","Parallel Aware": false,"Async Capable": false,"Startup Cost": 347151.30,"Total Cost": 353090.30,"Plan Rows": 475120,"Plan Width": 71,"Actual Startup Time": 10763.855,"Actual Total Time": 10838.848,"Actual Rows": 9,"Actual Loops": 1,"Group Key": ["customer.c_custkey", "orders.o_orderkey"],"Planned Partitions": 0,"HashAgg Batches": 1,"Peak Memory Usage": 24601,"Disk Usage": 0,"Plans": [{"Node Type": "Gather","Parent Relationship": "Outer","Parallel Aware": false,"Async Capable": false,"Startup Cost": 216528.94,"Total Cost": 343587.90,"Plan Rows": 475120,"Plan Width": 44,"Actual Startup Time": 9674.071,"Actual Total Time": 10813.470,"Actual Rows": 63,"Actual Loops": 1,"Workers Planned": 3,"Workers Launched": 3,"Single Copy": false,"Plans": [{"Node Type": "Hash Join","Parent Relationship": "Outer","Parallel Aware": true,"Async Capable": false,"Join Type": "Inner","Startup Cost": 215528.94,"Total Cost": 295075.90,"Plan Rows": 153265,"Plan Width": 44,"Actual Startup Time": 10141.072,"Actual Total Time": 10312.965,"Actual Rows": 16,"Actual Loops": 4,"Inner Unique": true,"Hash Cond": "(orders.o_custkey = customer.c_custkey)","Workers": [],"Plans": [{"Node Type": "Nested Loop","Parent Relationship": "Outer","Parallel Aware": false,"Async Capable": false,"Join Type": "Inner","Startup Cost": 210537.69,"Total Cost": 289682.32,"Plan Rows": 153265,"Plan Width": 25,"Actual Startup Time": 10104.129,"Actual Total Time": 10275.947,"Actual Rows": 16,"Actual Loops": 4,"Inner Unique": false,"Workers": [],"Plans": [{"Node Type": "Hash Join","Parent Relationship": "Outer","Parallel Aware": false,"Async Capable": false,"Join Type": "Inner","Startup Cost": 210537.26,"Total Cost": 242741.13,"Plan Rows": 38308,"Plan Width": 24,"Actual Startup Time": 10104.052,"Actual Total Time": 10275.739,"Actual Rows": 2,"Actual Loops": 4,"Inner Unique": true,"Hash Cond": "(orders.o_orderkey = lineitem_1.l_orderkey)","Workers": [],"Plans": [{"Node Type": "Seq Scan","Parent Relationship": "Outer","Parallel Aware": true,"Async Capable": false,"Relation Name": "orders","Alias": "orders","Startup Cost": 0.00,"Total Cost": 30933.71,"Plan Rows": 483871,"Plan Width": 20,"Actual Startup Time": 0.007,"Actual Total Time": 53.689,"Actual Rows": 375000,"Actual Loops": 4,"Workers": []},{"Node Type": "Hash","Parent Relationship": "Inner","Parallel Aware": false,"Async Capable": false,"Startup Cost": 209052.81,"Total Cost": 209052.81,"Plan Rows": 118756,"Plan Width": 4,"Actual Startup Time": 10025.157,"Actual Total Time": 10025.166,"Actual Rows": 9,"Actual Loops": 4,"Hash Buckets": 131072,"Original Hash Buckets": 131072,"Hash Batches": 1,"Original Hash Batches": 1,"Peak Memory Usage": 1025,"Workers": [],"Plans": [{"Node Type": "Aggregate","Strategy": "Hashed","Partial Mode": "Simple","Parent Relationship": "Outer","Parallel Aware": false,"Async Capable": false,"Startup Cost": 202521.23,"Total Cost": 207865.25,"Plan Rows": 118756,"Plan Width": 4,"Actual Startup Time": 6285.839,"Actual Total Time": 10024.981,"Actual Rows": 9,"Actual Loops": 4,"Group Key": ["lineitem_1.l_orderkey"],"Filter": "(sum(lineitem_1.l_quantity) > '314'::numeric)","Planned Partitions": 0,"HashAgg Batches": 1,"Peak Memory Usage": 638993,"Disk Usage": 0,"Rows Removed by Filter": 1499991,"Workers": [{"Worker Number": 0,"HashAgg Batches": 1,"Peak Memory Usage": 638993,"Disk Usage": 0},{"Worker Number": 1,"HashAgg Batches": 1,"Peak Memory Usage": 638993,"Disk Usage": 0},{"Worker Number": 2,"HashAgg Batches": 1,"Peak Memory Usage": 638993,"Disk Usage": 0}],"Plans": [{"Node Type": "Seq Scan","Parent Relationship": "Outer","Parallel Aware": false,"Async Capable": false,"Relation Name": "lineitem","Alias": "lineitem_1","Startup Cost": 0.00,"Total Cost": 172515.15,"Plan Rows": 6001215,"Plan Width": 9,"Actual Startup Time": 0.019,"Actual Total Time": 931.752,"Actual Rows": 6001215,"Actual Loops": 4,"Workers": []}]}]}]},{"Node Type": "Index Scan","Parent Relationship": "Inner","Parallel Aware": false,"Async Capable": false,"Scan Direction": "Forward","Index Name": "idx_lineitem_orderkey","Relation Name": "lineitem","Alias": "lineitem","Startup Cost": 0.43,"Total Cost": 1.06,"Plan Rows": 17,"Plan Width": 9,"Actual Startup Time": 0.055,"Actual Total Time": 0.062,"Actual Rows": 7,"Actual Loops": 9,"Index Cond": "(l_orderkey = orders.o_orderkey)","Rows Removed by Index Recheck": 0,"Workers": []}]},{"Node Type": "Hash","Parent Relationship": "Inner","Parallel Aware": true,"Async Capable": false,"Startup Cost": 4210.00,"Total Cost": 4210.00,"Plan Rows": 62500,"Plan Width": 23,"Actual Startup Time": 36.172,"Actual Total Time": 36.190,"Actual Rows": 37500,"Actual Loops": 4,"Hash Buckets": 262144,"Original Hash Buckets": 262144,"Hash Batches": 1,"Original Hash Batches": 1,"Peak Memory Usage": 10336,"Workers": [],"Plans": [{"Node Type": "Seq Scan","Parent Relationship": "Outer","Parallel Aware": true,"Async Capable": false,"Relation Name": "customer","Alias": "customer","Startup Cost": 0.00,"Total Cost": 4210.00,"Plan Rows": 62500,"Plan Width": 23,"Actual Startup Time": 0.024,"Actual Total Time": 17.933,"Actual Rows": 37500,"Actual Loops": 4,"Workers": []}]}]}]}]}]},"Planning Time": 6.881,"Triggers": [],"Execution Time": 10893.482}]
[{"Plan": {"Node Type": "Sort","Parallel Aware": false,"Async Capable": false,"Startup Cost": 397889.21,"Total Cost": 399077.01,"Plan Rows": 475120,"Plan Width": 71,"Actual Startup Time": 10887.509,"Actual Total Time": 10908.132,"Actual Rows": 10,"Actual Loops": 1,"Sort Key": ["orders.o_totalprice DESC", "orders.o_orderdate"],"Sort Method": "quicksort","Sort Space Used": 25,"Sort Space Type": "Memory","Plans": [{"Node Type": "Aggregate","Strategy": "Hashed","Partial Mode": "Simple","Parent Relationship": "Outer","Parallel Aware": false,"Async Capable": false,"Startup Cost": 347151.30,"Total Cost": 353090.30,"Plan Rows": 475120,"Plan Width": 71,"Actual Startup Time": 10848.812,"Actual Total Time": 10907.941,"Actual Rows": 10,"Actual Loops": 1,"Group Key": ["customer.c_custkey", "orders.o_orderkey"],"Planned Partitions": 0,"HashAgg Batches": 1,"Peak Memory Usage": 24601,"Disk Usage": 0,"Plans": [{"Node Type": "Gather","Parent Relationship": "Outer","Parallel Aware": false,"Async Capable": false,"Startup Cost": 216528.94,"Total Cost": 343587.90,"Plan Rows": 475120,"Plan Width": 44,"Actual Startup Time": 10782.037,"Actual Total Time": 10858.151,"Actual Rows": 70,"Actual Loops": 1,"Workers Planned": 3,"Workers Launched": 3,"Single Copy": false,"Plans": [{"Node Type": "Hash Join","Parent Relationship": "Outer","Parallel Aware": true,"Async Capable": false,"Join Type": "Inner","Startup Cost": 215528.94,"Total Cost": 295075.90,"Plan Rows": 153265,"Plan Width": 44,"Actual Startup Time": 10180.765,"Actual Total Time": 10348.312,"Actual Rows": 18,"Actual Loops": 4,"Inner Unique": true,"Hash Cond": "(orders.o_custkey = customer.c_custkey)","Workers": [],"Plans": [{"Node Type": "Nested Loop","Parent Relationship": "Outer","Parallel Aware": false,"Async Capable": false,"Join Type": "Inner","Startup Cost": 210537.69,"Total Cost": 289682.32,"Plan Rows": 153265,"Plan Width": 25,"Actual Startup Time": 10142.809,"Actual Total Time": 10310.270,"Actual Rows": 18,"Actual Loops": 4,"Inner Unique": false,"Workers": [],"Plans": [{"Node Type": "Hash Join","Parent Relationship": "Outer","Parallel Aware": false,"Async Capable": false,"Join Type": "Inner","Startup Cost": 210537.26,"Total Cost": 242741.13,"Plan Rows": 38308,"Plan Width": 24,"Actual Startup Time": 10142.670,"Actual Total Time": 10309.991,"Actual Rows": 2,"Actual Loops": 4,"Inner Unique": true,"Hash Cond": "(orders.o_orderkey = lineitem_1.l_orderkey)","Workers": [],"Plans": [{"Node Type": "Seq Scan","Parent Relationship": "Outer","Parallel Aware": true,"Async Capable": false,"Relation Name": "orders","Alias": "orders","Startup Cost": 0.00,"Total Cost": 30933.71,"Plan Rows": 483871,"Plan Width": 20,"Actual Startup Time": 0.009,"Actual Total Time": 49.040,"Actual Rows": 375000,"Actual Loops": 4,"Workers": []},{"Node Type": "Hash","Parent Relationship": "Inner","Parallel Aware": false,"Async Capable": false,"Startup Cost": 209052.81,"Total Cost": 209052.81,"Plan Rows": 118756,"Plan Width": 4,"Actual Startup Time": 10075.163,"Actual Total Time": 10075.176,"Actual Rows": 10,"Actual Loops": 4,"Hash Buckets": 131072,"Original Hash Buckets": 131072,"Hash Batches": 1,"Original Hash Batches": 1,"Peak Memory Usage": 1025,"Workers": [],"Plans": [{"Node Type": "Aggregate","Strategy": "Hashed","Partial Mode": "Simple","Parent Relationship": "Outer","Parallel Aware": false,"Async Capable": false,"Startup Cost": 202521.23,"Total Cost": 207865.25,"Plan Rows": 118756,"Plan Width": 4,"Actual Startup Time": 6293.151,"Actual Total Time": 10074.968,"Actual Rows": 10,"Actual Loops": 4,"Group Key": ["lineitem_1.l_orderkey"],"Filter": "(sum(lineitem_1.l_quantity) > '312'::numeric)","Planned Partitions": 0,"HashAgg Batches": 1,"Peak Memory Usage": 638993,"Disk Usage": 0,"Rows Removed by Filter": 1499990,"Workers": [{"Worker Number": 0,"HashAgg Batches": 1,"Peak Memory Usage": 638993,"Disk Usage": 0},{"Worker Number": 1,"HashAgg Batches": 1,"Peak Memory Usage": 638993,"Disk Usage": 0},{"Worker Number": 2,"HashAgg Batches": 1,"Peak Memory Usage": 638993,"Disk Usage": 0}],"Plans": [{"Node Type": "Seq Scan","Parent Relationship": "Outer","Parallel Aware": false,"Async Capable": false,"Relation Name": "lineitem","Alias": "lineitem_1","Startup Cost": 0.00,"Total Cost": 172515.15,"Plan Rows": 6001215,"Plan Width": 9,"Actual Startup Time": 0.021,"Actual Total Time": 960.546,"Actual Rows": 6001215,"Actual Loops": 4,"Workers": []}]}]}]},{"Node Type": "Index Scan","Parent Relationship": "Inner","Parallel Aware": false,"Async Capable": false,"Scan Direction": "Forward","Index Name": "idx_lineitem_orderkey","Relation Name": "lineitem","Alias": "lineitem","Startup Cost": 0.43,"Total Cost": 1.06,"Plan Rows": 17,"Plan Width": 9,"Actual Startup Time": 0.072,"Actual Total Time": 0.079,"Actual Rows": 7,"Actual Loops": 10,"Index Cond": "(l_orderkey = orders.o_orderkey)","Rows Removed by Index Recheck": 0,"Workers": []}]},{"Node Type": "Hash","Parent Relationship": "Inner","Parallel Aware": true,"Async Capable": false,"Startup Cost": 4210.00,"Total Cost": 4210.00,"Plan Rows": 62500,"Plan Width": 23,"Actual Startup Time": 37.105,"Actual Total Time": 37.114,"Actual Rows": 37500,"Actual Loops": 4,"Hash Buckets": 262144,"Original Hash Buckets": 262144,"Hash Batches": 1,"Original Hash Batches": 1,"Peak Memory Usage": 10368,"Workers": [],"Plans": [{"Node Type": "Seq Scan","Parent Relationship": "Outer","Parallel Aware": true,"Async Capable": false,"Relation Name": "customer","Alias": "customer","Startup Cost": 0.00,"Total Cost": 4210.00,"Plan Rows": 62500,"Plan Width": 23,"Actual Startup Time": 0.025,"Actual Total Time": 19.726,"Actual Rows": 37500,"Actual Loops": 4,"Workers": []}]}]}]}]}]},"Planning Time": 6.715,"Triggers": [],"Execution Time": 10961.817}]
[{"Plan": {"Node Type": "Sort","Parallel Aware": false,"Async Capable": false,"Startup Cost": 397889.21,"Total Cost": 399077.01,"Plan Rows": 475120,"Plan Width": 71,"Actual Startup Time": 10887.509,"Actual Total Time": 10908.132,"Actual Rows": 10,"Actual Loops": 1,"Sort Key": ["orders.o_totalprice DESC", "orders.o_orderdate"],"Sort Method": "quicksort","Sort Space Used": 25,"Sort Space Type": "Memory","Plans": [{"Node Type": "Aggregate","Strategy": "Hashed","Partial Mode": "Simple","Parent Relationship": "Outer","Parallel Aware": false,"Async Capable": false,"Startup Cost": 347151.30,"Total Cost": 353090.30,"Plan Rows": 475120,"Plan Width": 71,"Actual Startup Time": 10848.812,"Actual Total Time": 10907.941,"Actual Rows": 10,"Actual Loops": 1,"Group Key": ["customer.c_custkey", "orders.o_orderkey"],"Planned Partitions": 0,"HashAgg Batches": 1,"Peak Memory Usage": 24601,"Disk Usage": 0,"Plans": [{"Node Type": "Gather","Parent Relationship": "Outer","Parallel Aware": false,"Async Capable": false,"Startup Cost": 216528.94,"Total Cost": 343587.90,"Plan Rows": 475120,"Plan Width": 44,"Actual Startup Time": 10782.037,"Actual Total Time": 10858.151,"Actual Rows": 70,"Actual Loops": 1,"Workers Planned": 3,"Workers Launched": 3,"Single Copy": false,"Plans": [{"Node Type": "Hash Join","Parent Relationship": "Outer","Parallel Aware": true,"Async Capable": false,"Join Type": "Inner","Startup Cost": 215528.94,"Total Cost": 295075.90,"Plan Rows": 153265,"Plan Width": 44,"Actual Startup Time": 10180.765,"Actual Total Time": 10348.312,"Actual Rows": 18,"Actual Loops": 4,"Inner Unique": true,"Hash Cond": "(orders.o_custkey = customer.c_custkey)","Workers": [],"Plans": [{"Node Type": "Nested Loop","Parent Relationship": "Outer","Parallel Aware": false,"Async Capable": false,"Join Type": "Inner","Startup Cost": 210537.69,"Total Cost": 289682.32,"Plan Rows": 153265,"Plan Width": 25,"Actual Startup Time": 10142.809,"Actual Total Time": 10310.270,"Actual Rows": 18,"Actual Loops": 4,"Inner Unique": false,"Workers": [],"Plans": [{"Node Type": "Hash Join","Parent Relationship": "Outer","Parallel Aware": false,"Async Capable": false,"Join Type": "Inner","Startup Cost": 210537.26,"Total Cost": 242741.13,"Plan Rows": 38308,"Plan Width": 24,"Actual Startup Time": 10142.670,"Actual Total Time": 10309.991,"Actual Rows": 2,"Actual Loops": 4,"Inner Unique": true,"Hash Cond": "(orders.o_orderkey = lineitem_1.l_orderkey)","Workers": [],"Plans": [{"Node Type": "Seq Scan","Parent Relationship": "Outer","Parallel Aware": true,"Async Capable": false,"Relation Name": "orders","Alias": "orders","Startup Cost": 0.00,"Total Cost": 30933.71,"Plan Rows": 483871,"Plan Width": 20,"Actual Startup Time": 0.009,"Actual Total Time": 49.040,"Actual Rows": 375000,"Actual Loops": 4,"Workers": []},{"Node Type": "Hash","Parent Relationship": "Inner","Parallel Aware": false,"Async Capable": false,"Startup Cost": 209052.81,"Total Cost": 209052.81,"Plan Rows": 118756,"Plan Width": 4,"Actual Startup Time": 10075.163,"Actual Total Time": 10075.176,"Actual Rows": 10,"Actual Loops": 4,"Hash Buckets": 131072,"Original Hash Buckets": 131072,"Hash Batches": 1,"Original Hash Batches": 1,"Peak Memory Usage": 1025,"Workers": [],"Plans": [{"Node Type": "Aggregate","Strategy": "Hashed","Partial Mode": "Simple","Parent Relationship": "Outer","Parallel Aware": false,"Async Capable": false,"Startup Cost": 202521.23,"Total Cost": 207865.25,"Plan Rows": 118756,"Plan Width": 4,"Actual Startup Time": 6293.151,"Actual Total Time": 10074.968,"Actual Rows": 10,"Actual Loops": 4,"Group Key": ["lineitem_1.l_orderkey"],"Filter": "(sum(lineitem_1.l_quantity) > '312'::numeric)","Planned Partitions": 0,"HashAgg Batches": 1,"Peak Memory Usage": 638993,"Disk Usage": 0,"Rows Removed by Filter": 1499990,"Workers": [{"Worker Number": 0,"HashAgg Batches": 1,"Peak Memory Usage": 638993,"Disk Usage": 0},{"Worker Number": 1,"HashAgg Batches": 1,"Peak Memory Usage": 638993,"Disk Usage": 0},{"Worker Number": 2,"HashAgg Batches": 1,"Peak Memory Usage": 638993,"Disk Usage": 0}],"Plans": [{"Node Type": "Seq Scan","Parent Relationship": "Outer","Parallel Aware": false,"Async Capable": false,"Relation Name": "lineitem","Alias": "lineitem_1","Startup Cost": 0.00,"Total Cost": 172515.15,"Plan Rows": 6001215,"Plan Width": 9,"Actual Startup Time": 0.021,"Actual Total Time": 960.546,"Actual Rows": 6001215,"Actual Loops": 4,"Workers": []}]}]}]},{"Node Type": "Index Scan","Parent Relationship": "Inner","Parallel Aware": false,"Async Capable": false,"Scan Direction": "Forward","Index Name": "idx_lineitem_orderkey","Relation Name": "lineitem","Alias": "lineitem","Startup Cost": 0.43,"Total Cost": 1.06,"Plan Rows": 17,"Plan Width": 9,"Actual Startup Time": 0.072,"Actual Total Time": 0.079,"Actual Rows": 7,"Actual Loops": 10,"Index Cond": "(l_orderkey = orders.o_orderkey)","Rows Removed by Index Recheck": 0,"Workers": []}]},{"Node Type": "Hash","Parent Relationship": "Inner","Parallel Aware": true,"Async Capable": false,"Startup Cost": 4210.00,"Total Cost": 4210.00,"Plan Rows": 62500,"Plan Width": 23,"Actual Startup Time": 37.105,"Actual Total Time": 37.114,"Actual Rows": 37500,"Actual Loops": 4,"Hash Buckets": 262144,"Original Hash Buckets": 262144,"Hash Batches": 1,"Original Hash Batches": 1,"Peak Memory Usage": 10368,"Workers": [],"Plans": [{"Node Type": "Seq Scan","Parent Relationship": "Outer","Parallel Aware": true,"Async Capable": false,"Relation Name": "customer","Alias": "customer","Startup Cost": 0.00,"Total Cost": 4210.00,"Plan Rows": 62500,"Plan Width": 23,"Actual Startup Time": 0.025,"Actual Total Time": 19.726,"Actual Rows": 37500,"Actual Loops": 4,"Workers": []}]}]}]}]}]},"Planning Time": 6.715,"Triggers": [],"Execution Time": 10961.817}]
[{"Plan": {"Node Type": "Sort","Parallel Aware": false,"Async Capable": false,"Startup Cost": 397889.21,"Total Cost": 399077.01,"Plan Rows": 475120,"Plan Width": 71,"Actual Startup Time": 10887.509,"Actual Total Time": 10908.132,"Actual Rows": 10,"Actual Loops": 1,"Sort Key": ["orders.o_totalprice DESC", "orders.o_orderdate"],"Sort Method": "quicksort","Sort Space Used": 25,"Sort Space Type": "Memory","Plans": [{"Node Type": "Aggregate","Strategy": "Hashed","Partial Mode": "Simple","Parent Relationship": "Outer","Parallel Aware": false,"Async Capable": false,"Startup Cost": 347151.30,"Total Cost": 353090.30,"Plan Rows": 475120,"Plan Width": 71,"Actual Startup Time": 10848.812,"Actual Total Time": 10907.941,"Actual Rows": 10,"Actual Loops": 1,"Group Key": ["customer.c_custkey", "orders.o_orderkey"],"Planned Partitions": 0,"HashAgg Batches": 1,"Peak Memory Usage": 24601,"Disk Usage": 0,"Plans": [{"Node Type": "Gather","Parent Relationship": "Outer","Parallel Aware": false,"Async Capable": false,"Startup Cost": 216528.94,"Total Cost": 343587.90,"Plan Rows": 475120,"Plan Width": 44,"Actual Startup Time": 10782.037,"Actual Total Time": 10858.151,"Actual Rows": 70,"Actual Loops": 1,"Workers Planned": 3,"Workers Launched": 3,"Single Copy": false,"Plans": [{"Node Type": "Hash Join","Parent Relationship": "Outer","Parallel Aware": true,"Async Capable": false,"Join Type": "Inner","Startup Cost": 215528.94,"Total Cost": 295075.90,"Plan Rows": 153265,"Plan Width": 44,"Actual Startup Time": 10180.765,"Actual Total Time": 10348.312,"Actual Rows": 18,"Actual Loops": 4,"Inner Unique": true,"Hash Cond": "(orders.o_custkey = customer.c_custkey)","Workers": [],"Plans": [{"Node Type": "Nested Loop","Parent Relationship": "Outer","Parallel Aware": false,"Async Capable": false,"Join Type": "Inner","Startup Cost": 210537.69,"Total Cost": 289682.32,"Plan Rows": 153265,"Plan Width": 25,"Actual Startup Time": 10142.809,"Actual Total Time": 10310.270,"Actual Rows": 18,"Actual Loops": 4,"Inner Unique": false,"Workers": [],"Plans": [{"Node Type": "Hash Join","Parent Relationship": "Outer","Parallel Aware": false,"Async Capable": false,"Join Type": "Inner","Startup Cost": 210537.26,"Total Cost": 242741.13,"Plan Rows": 38308,"Plan Width": 24,"Actual Startup Time": 10142.670,"Actual Total Time": 10309.991,"Actual Rows": 2,"Actual Loops": 4,"Inner Unique": true,"Hash Cond": "(orders.o_orderkey = lineitem_1.l_orderkey)","Workers": [],"Plans": [{"Node Type": "Seq Scan","Parent Relationship": "Outer","Parallel Aware": true,"Async Capable": false,"Relation Name": "orders","Alias": "orders","Startup Cost": 0.00,"Total Cost": 30933.71,"Plan Rows": 483871,"Plan Width": 20,"Actual Startup Time": 0.009,"Actual Total Time": 49.040,"Actual Rows": 375000,"Actual Loops": 4,"Workers": []},{"Node Type": "Hash","Parent Relationship": "Inner","Parallel Aware": false,"Async Capable": false,"Startup Cost": 209052.81,"Total Cost": 209052.81,"Plan Rows": 118756,"Plan Width": 4,"Actual Startup Time": 10075.163,"Actual Total Time": 10075.176,"Actual Rows": 10,"Actual Loops": 4,"Hash Buckets": 131072,"Original Hash Buckets": 131072,"Hash Batches": 1,"Original Hash Batches": 1,"Peak Memory Usage": 1025,"Workers": [],"Plans": [{"Node Type": "Aggregate","Strategy": "Hashed","Partial Mode": "Simple","Parent Relationship": "Outer","Parallel Aware": false,"Async Capable": false,"Startup Cost": 202521.23,"Total Cost": 207865.25,"Plan Rows": 118756,"Plan Width": 4,"Actual Startup Time": 6293.151,"Actual Total Time": 10074.968,"Actual Rows": 10,"Actual Loops": 4,"Group Key": ["lineitem_1.l_orderkey"],"Filter": "(sum(lineitem_1.l_quantity) > '312'::numeric)","Planned Partitions": 0,"HashAgg Batches": 1,"Peak Memory Usage": 638993,"Disk Usage": 0,"Rows Removed by Filter": 1499990,"Workers": [{"Worker Number": 0,"HashAgg Batches": 1,"Peak Memory Usage": 638993,"Disk Usage": 0},{"Worker Number": 1,"HashAgg Batches": 1,"Peak Memory Usage": 638993,"Disk Usage": 0},{"Worker Number": 2,"HashAgg Batches": 1,"Peak Memory Usage": 638993,"Disk Usage": 0}],"Plans": [{"Node Type": "Seq Scan","Parent Relationship": "Outer","Parallel Aware": false,"Async Capable": false,"Relation Name": "lineitem","Alias": "lineitem_1","Startup Cost": 0.00,"Total Cost": 172515.15,"Plan Rows": 6001215,"Plan Width": 9,"Actual Startup Time": 0.021,"Actual Total Time": 960.546,"Actual Rows": 6001215,"Actual Loops": 4,"Workers": []}]}]}]},{"Node Type": "Index Scan","Parent Relationship": "Inner","Parallel Aware": false,"Async Capable": false,"Scan Direction": "Forward","Index Name": "idx_lineitem_orderkey","Relation Name": "lineitem","Alias": "lineitem","Startup Cost": 0.43,"Total Cost": 1.06,"Plan Rows": 17,"Plan Width": 9,"Actual Startup Time": 0.072,"Actual Total Time": 0.079,"Actual Rows": 7,"Actual Loops": 10,"Index Cond": "(l_orderkey = orders.o_orderkey)","Rows Removed by Index Recheck": 0,"Workers": []}]},{"Node Type": "Hash","Parent Relationship": "Inner","Parallel Aware": true,"Async Capable": false,"Startup Cost": 4210.00,"Total Cost": 4210.00,"Plan Rows": 62500,"Plan Width": 23,"Actual Startup Time": 37.105,"Actual Total Time": 37.114,"Actual Rows": 37500,"Actual Loops": 4,"Hash Buckets": 262144,"Original Hash Buckets": 262144,"Hash Batches": 1,"Original Hash Batches": 1,"Peak Memory Usage": 10368,"Workers": [],"Plans": [{"Node Type": "Seq Scan","Parent Relationship": "Outer","Parallel Aware": true,"Async Capable": false,"Relation Name": "customer","Alias": "customer","Startup Cost": 0.00,"Total Cost": 4210.00,"Plan Rows": 62500,"Plan Width": 23,"Actual Startup Time": 0.025,"Actual Total Time": 19.726,"Actual Rows": 37500,"Actual Loops": 4,"Workers": []}]}]}]}]}]},"Planning Time": 6.715,"Triggers": [],"Execution Time": 10961.817}]
[{"Plan": {"Node Type": "Sort","Parallel Aware": false,"Async Capable": false,"Startup Cost": 397889.21,"Total Cost": 399077.01,"Plan Rows": 475120,"Plan Width": 71,"Actual Startup Time": 10950.105,"Actual Total Time": 10953.954,"Actual Rows": 9,"Actual Loops": 1,"Sort Key": ["orders.o_totalprice DESC", "orders.o_orderdate"],"Sort Method": "quicksort","Sort Space Used": 25,"Sort Space Type": "Memory","Plans": [{"Node Type": "Aggregate","Strategy": "Hashed","Partial Mode": "Simple","Parent Relationship": "Outer","Parallel Aware": false,"Async Capable": false,"Startup Cost": 347151.30,"Total Cost": 353090.30,"Plan Rows": 475120,"Plan Width": 71,"Actual Startup Time": 10902.471,"Actual Total Time": 10953.715,"Actual Rows": 9,"Actual Loops": 1,"Group Key": ["customer.c_custkey", "orders.o_orderkey"],"Planned Partitions": 0,"HashAgg Batches": 1,"Peak Memory Usage": 24601,"Disk Usage": 0,"Plans": [{"Node Type": "Gather","Parent Relationship": "Outer","Parallel Aware": false,"Async Capable": false,"Startup Cost": 216528.94,"Total Cost": 343587.90,"Plan Rows": 475120,"Plan Width": 44,"Actual Startup Time": 10893.800,"Actual Total Time": 10897.693,"Actual Rows": 63,"Actual Loops": 1,"Workers Planned": 3,"Workers Launched": 3,"Single Copy": false,"Plans": [{"Node Type": "Hash Join","Parent Relationship": "Outer","Parallel Aware": true,"Async Capable": false,"Join Type": "Inner","Startup Cost": 215528.94,"Total Cost": 295075.90,"Plan Rows": 153265,"Plan Width": 44,"Actual Startup Time": 10134.253,"Actual Total Time": 10314.794,"Actual Rows": 16,"Actual Loops": 4,"Inner Unique": true,"Hash Cond": "(orders.o_custkey = customer.c_custkey)","Workers": [],"Plans": [{"Node Type": "Nested Loop","Parent Relationship": "Outer","Parallel Aware": false,"Async Capable": false,"Join Type": "Inner","Startup Cost": 210537.69,"Total Cost": 289682.32,"Plan Rows": 153265,"Plan Width": 25,"Actual Startup Time": 10099.687,"Actual Total Time": 10280.153,"Actual Rows": 16,"Actual Loops": 4,"Inner Unique": false,"Workers": [],"Plans": [{"Node Type": "Hash Join","Parent Relationship": "Outer","Parallel Aware": false,"Async Capable": false,"Join Type": "Inner","Startup Cost": 210537.26,"Total Cost": 242741.13,"Plan Rows": 38308,"Plan Width": 24,"Actual Startup Time": 10099.575,"Actual Total Time": 10279.892,"Actual Rows": 2,"Actual Loops": 4,"Inner Unique": true,"Hash Cond": "(orders.o_orderkey = lineitem_1.l_orderkey)","Workers": [],"Plans": [{"Node Type": "Seq Scan","Parent Relationship": "Outer","Parallel Aware": true,"Async Capable": false,"Relation Name": "orders","Alias": "orders","Startup Cost": 0.00,"Total Cost": 30933.71,"Plan Rows": 483871,"Plan Width": 20,"Actual Startup Time": 0.011,"Actual Total Time": 51.627,"Actual Rows": 375000,"Actual Loops": 4,"Workers": []},{"Node Type": "Hash","Parent Relationship": "Inner","Parallel Aware": false,"Async Capable": false,"Startup Cost": 209052.81,"Total Cost": 209052.81,"Plan Rows": 118756,"Plan Width": 4,"Actual Startup Time": 10016.825,"Actual Total Time": 10016.839,"Actual Rows": 9,"Actual Loops": 4,"Hash Buckets": 131072,"Original Hash Buckets": 131072,"Hash Batches": 1,"Original Hash Batches": 1,"Peak Memory Usage": 1025,"Workers": [],"Plans": [{"Node Type": "Aggregate","Strategy": "Hashed","Partial Mode": "Simple","Parent Relationship": "Outer","Parallel Aware": false,"Async Capable": false,"Startup Cost": 202521.23,"Total Cost": 207865.25,"Plan Rows": 118756,"Plan Width": 4,"Actual Startup Time": 6319.140,"Actual Total Time": 10016.671,"Actual Rows": 9,"Actual Loops": 4,"Group Key": ["lineitem_1.l_orderkey"],"Filter": "(sum(lineitem_1.l_quantity) > '315'::numeric)","Planned Partitions": 0,"HashAgg Batches": 1,"Peak Memory Usage": 638993,"Disk Usage": 0,"Rows Removed by Filter": 1499991,"Workers": [{"Worker Number": 0,"HashAgg Batches": 1,"Peak Memory Usage": 638993,"Disk Usage": 0},{"Worker Number": 1,"HashAgg Batches": 1,"Peak Memory Usage": 638993,"Disk Usage": 0},{"Worker Number": 2,"HashAgg Batches": 1,"Peak Memory Usage": 638993,"Disk Usage": 0}],"Plans": [{"Node Type": "Seq Scan","Parent Relationship": "Outer","Parallel Aware": false,"Async Capable": false,"Relation Name": "lineitem","Alias": "lineitem_1","Startup Cost": 0.00,"Total Cost": 172515.15,"Plan Rows": 6001215,"Plan Width": 9,"Actual Startup Time": 0.018,"Actual Total Time": 971.843,"Actual Rows": 6001215,"Actual Loops": 4,"Workers": []}]}]}]},{"Node Type": "Index Scan","Parent Relationship": "Inner","Parallel Aware": false,"Async Capable": false,"Scan Direction": "Forward","Index Name": "idx_lineitem_orderkey","Relation Name": "lineitem","Alias": "lineitem","Startup Cost": 0.43,"Total Cost": 1.06,"Plan Rows": 17,"Plan Width": 9,"Actual Startup Time": 0.069,"Actual Total Time": 0.079,"Actual Rows": 7,"Actual Loops": 9,"Index Cond": "(l_orderkey = orders.o_orderkey)","Rows Removed by Index Recheck": 0,"Workers": []}]},{"Node Type": "Hash","Parent Relationship": "Inner","Parallel Aware": true,"Async Capable": false,"Startup Cost": 4210.00,"Total Cost": 4210.00,"Plan Rows": 62500,"Plan Width": 23,"Actual Startup Time": 33.677,"Actual Total Time": 33.684,"Actual Rows": 37500,"Actual Loops": 4,"Hash Buckets": 262144,"Original Hash Buckets": 262144,"Hash Batches": 1,"Original Hash Batches": 1,"Peak Memory Usage": 10368,"Workers": [],"Plans": [{"Node Type": "Seq Scan","Parent Relationship": "Outer","Parallel Aware": true,"Async Capable": false,"Relation Name": "customer","Alias": "customer","Startup Cost": 0.00,"Total Cost": 4210.00,"Plan Rows": 62500,"Plan Width": 23,"Actual Startup Time": 0.019,"Actual Total Time": 16.715,"Actual Rows": 37500,"Actual Loops": 4,"Workers": []}]}]}]}]}]},"Planning Time": 6.132,"Triggers": [],"Execution Time": 11002.531}]
[{"Plan": {"Node Type": "Sort","Parallel Aware": false,"Async Capable": false,"Startup Cost": 397889.21,"Total Cost": 399077.01,"Plan Rows": 475120,"Plan Width": 71,"Actual Startup Time": 10785.011,"Actual Total Time": 10839.032,"Actual Rows": 9,"Actual Loops": 1,"Sort Key": ["orders.o_totalprice DESC", "orders.o_orderdate"],"Sort Method": "quicksort","Sort Space Used": 25,"Sort Space Type": "Memory","Plans": [{"Node Type": "Aggregate","Strategy": "Hashed","Partial Mode": "Simple","Parent Relationship": "Outer","Parallel Aware": false,"Async Capable": false,"Startup Cost": 347151.30,"Total Cost": 353090.30,"Plan Rows": 475120,"Plan Width": 71,"Actual Startup Time": 10763.855,"Actual Total Time": 10838.848,"Actual Rows": 9,"Actual Loops": 1,"Group Key": ["customer.c_custkey", "orders.o_orderkey"],"Planned Partitions": 0,"HashAgg Batches": 1,"Peak Memory Usage": 24601,"Disk Usage": 0,"Plans": [{"Node Type": "Gather","Parent Relationship": "Outer","Parallel Aware": false,"Async Capable": false,"Startup Cost": 216528.94,"Total Cost": 343587.90,"Plan Rows": 475120,"Plan Width": 44,"Actual Startup Time": 9674.071,"Actual Total Time": 10813.470,"Actual Rows": 63,"Actual Loops": 1,"Workers Planned": 3,"Workers Launched": 3,"Single Copy": false,"Plans": [{"Node Type": "Hash Join","Parent Relationship": "Outer","Parallel Aware": true,"Async Capable": false,"Join Type": "Inner","Startup Cost": 215528.94,"Total Cost": 295075.90,"Plan Rows": 153265,"Plan Width": 44,"Actual Startup Time": 10141.072,"Actual Total Time": 10312.965,"Actual Rows": 16,"Actual Loops": 4,"Inner Unique": true,"Hash Cond": "(orders.o_custkey = customer.c_custkey)","Workers": [],"Plans": [{"Node Type": "Nested Loop","Parent Relationship": "Outer","Parallel Aware": false,"Async Capable": false,"Join Type": "Inner","Startup Cost": 210537.69,"Total Cost": 289682.32,"Plan Rows": 153265,"Plan Width": 25,"Actual Startup Time": 10104.129,"Actual Total Time": 10275.947,"Actual Rows": 16,"Actual Loops": 4,"Inner Unique": false,"Workers": [],"Plans": [{"Node Type": "Hash Join","Parent Relationship": "Outer","Parallel Aware": false,"Async Capable": false,"Join Type": "Inner","Startup Cost": 210537.26,"Total Cost": 242741.13,"Plan Rows": 38308,"Plan Width": 24,"Actual Startup Time": 10104.052,"Actual Total Time": 10275.739,"Actual Rows": 2,"Actual Loops": 4,"Inner Unique": true,"Hash Cond": "(orders.o_orderkey = lineitem_1.l_orderkey)","Workers": [],"Plans": [{"Node Type": "Seq Scan","Parent Relationship": "Outer","Parallel Aware": true,"Async Capable": false,"Relation Name": "orders","Alias": "orders","Startup Cost": 0.00,"Total Cost": 30933.71,"Plan Rows": 483871,"Plan Width": 20,"Actual Startup Time": 0.007,"Actual Total Time": 53.689,"Actual Rows": 375000,"Actual Loops": 4,"Workers": []},{"Node Type": "Hash","Parent Relationship": "Inner","Parallel Aware": false,"Async Capable": false,"Startup Cost": 209052.81,"Total Cost": 209052.81,"Plan Rows": 118756,"Plan Width": 4,"Actual Startup Time": 10025.157,"Actual Total Time": 10025.166,"Actual Rows": 9,"Actual Loops": 4,"Hash Buckets": 131072,"Original Hash Buckets": 131072,"Hash Batches": 1,"Original Hash Batches": 1,"Peak Memory Usage": 1025,"Workers": [],"Plans": [{"Node Type": "Aggregate","Strategy": "Hashed","Partial Mode": "Simple","Parent Relationship": "Outer","Parallel Aware": false,"Async Capable": false,"Startup Cost": 202521.23,"Total Cost": 207865.25,"Plan Rows": 118756,"Plan Width": 4,"Actual Startup Time": 6285.839,"Actual Total Time": 10024.981,"Actual Rows": 9,"Actual Loops": 4,"Group Key": ["lineitem_1.l_orderkey"],"Filter": "(sum(lineitem_1.l_quantity) > '314'::numeric)","Planned Partitions": 0,"HashAgg Batches": 1,"Peak Memory Usage": 638993,"Disk Usage": 0,"Rows Removed by Filter": 1499991,"Workers": [{"Worker Number": 0,"HashAgg Batches": 1,"Peak Memory Usage": 638993,"Disk Usage": 0},{"Worker Number": 1,"HashAgg Batches": 1,"Peak Memory Usage": 638993,"Disk Usage": 0},{"Worker Number": 2,"HashAgg Batches": 1,"Peak Memory Usage": 638993,"Disk Usage": 0}],"Plans": [{"Node Type": "Seq Scan","Parent Relationship": "Outer","Parallel Aware": false,"Async Capable": false,"Relation Name": "lineitem","Alias": "lineitem_1","Startup Cost": 0.00,"Total Cost": 172515.15,"Plan Rows": 6001215,"Plan Width": 9,"Actual Startup Time": 0.019,"Actual Total Time": 931.752,"Actual Rows": 6001215,"Actual Loops": 4,"Workers": []}]}]}]},{"Node Type": "Index Scan","Parent Relationship": "Inner","Parallel Aware": false,"Async Capable": false,"Scan Direction": "Forward","Index Name": "idx_lineitem_orderkey","Relation Name": "lineitem","Alias": "lineitem","Startup Cost": 0.43,"Total Cost": 1.06,"Plan Rows": 17,"Plan Width": 9,"Actual Startup Time": 0.055,"Actual Total Time": 0.062,"Actual Rows": 7,"Actual Loops": 9,"Index Cond": "(l_orderkey = orders.o_orderkey)","Rows Removed by Index Recheck": 0,"Workers": []}]},{"Node Type": "Hash","Parent Relationship": "Inner","Parallel Aware": true,"Async Capable": false,"Startup Cost": 4210.00,"Total Cost": 4210.00,"Plan Rows": 62500,"Plan Width": 23,"Actual Startup Time": 36.172,"Actual Total Time": 36.190,"Actual Rows": 37500,"Actual Loops": 4,"Hash Buckets": 262144,"Original Hash Buckets": 262144,"Hash Batches": 1,"Original Hash Batches": 1,"Peak Memory Usage": 10336,"Workers": [],"Plans": [{"Node Type": "Seq Scan","Parent Relationship": "Outer","Parallel Aware": true,"Async Capable": false,"Relation Name": "customer","Alias": "customer","Startup Cost": 0.00,"Total Cost": 4210.00,"Plan Rows": 62500,"Plan Width": 23,"Actual Startup Time": 0.024,"Actual Total Time": 17.933,"Actual Rows": 37500,"Actual Loops": 4,"Workers": []}]}]}]}]}]},"Planning Time": 6.881,"Triggers": [],"Execution Time": 10893.482}]
[{"Plan": {"Node Type": "Sort","Parallel Aware": false,"Async Capable": false,"Startup Cost": 397889.21,"Total Cost": 399077.01,"Plan Rows": 475120,"Plan Width": 71,"Actual Startup Time": 10345.847,"Actual Total Time": 10377.998,"Actual Rows": 9,"Actual Loops": 1,"Sort Key": ["orders.o_totalprice DESC", "orders.o_orderdate"],"Sort Method": "quicksort","Sort Space Used": 25,"Sort Space Type": "Memory","Plans": [{"Node Type": "Aggregate","Strategy": "Hashed","Partial Mode": "Simple","Parent Relationship": "Outer","Parallel Aware": false,"Async Capable": false,"Startup Cost": 347151.30,"Total Cost": 353090.30,"Plan Rows": 475120,"Plan Width": 71,"Actual Startup Time": 10329.232,"Actual Total Time": 10377.856,"Actual Rows": 9,"Actual Loops": 1,"Group Key": ["customer.c_custkey", "orders.o_orderkey"],"Planned Partitions": 0,"HashAgg Batches": 1,"Peak Memory Usage": 24601,"Disk Usage": 0,"Plans": [{"Node Type": "Gather","Parent Relationship": "Outer","Parallel Aware": false,"Async Capable": false,"Startup Cost": 216528.94,"Total Cost": 343587.90,"Plan Rows": 475120,"Plan Width": 44,"Actual Startup Time": 10053.961,"Actual Total Time": 10357.615,"Actual Rows": 63,"Actual Loops": 1,"Workers Planned": 3,"Workers Launched": 3,"Single Copy": false,"Plans": [{"Node Type": "Hash Join","Parent Relationship": "Outer","Parallel Aware": true,"Async Capable": false,"Join Type": "Inner","Startup Cost": 215528.94,"Total Cost": 295075.90,"Plan Rows": 153265,"Plan Width": 44,"Actual Startup Time": 10157.696,"Actual Total Time": 10258.651,"Actual Rows": 16,"Actual Loops": 4,"Inner Unique": true,"Hash Cond": "(orders.o_custkey = customer.c_custkey)","Workers": [],"Plans": [{"Node Type": "Nested Loop","Parent Relationship": "Outer","Parallel Aware": false,"Async Capable": false,"Join Type": "Inner","Startup Cost": 210537.69,"Total Cost": 289682.32,"Plan Rows": 153265,"Plan Width": 25,"Actual Startup Time": 10123.332,"Actual Total Time": 10224.239,"Actual Rows": 16,"Actual Loops": 4,"Inner Unique": false,"Workers": [],"Plans": [{"Node Type": "Hash Join","Parent Relationship": "Outer","Parallel Aware": false,"Async Capable": false,"Join Type": "Inner","Startup Cost": 210537.26,"Total Cost": 242741.13,"Plan Rows": 38308,"Plan Width": 24,"Actual Startup Time": 10123.186,"Actual Total Time": 10223.998,"Actual Rows": 2,"Actual Loops": 4,"Inner Unique": true,"Hash Cond": "(orders.o_orderkey = lineitem_1.l_orderkey)","Workers": [],"Plans": [{"Node Type": "Seq Scan","Parent Relationship": "Outer","Parallel Aware": true,"Async Capable": false,"Relation Name": "orders","Alias": "orders","Startup Cost": 0.00,"Total Cost": 30933.71,"Plan Rows": 483871,"Plan Width": 20,"Actual Startup Time": 0.011,"Actual Total Time": 49.852,"Actual Rows": 375000,"Actual Loops": 4,"Workers": []},{"Node Type": "Hash","Parent Relationship": "Inner","Parallel Aware": false,"Async Capable": false,"Startup Cost": 209052.81,"Total Cost": 209052.81,"Plan Rows": 118756,"Plan Width": 4,"Actual Startup Time": 10005.666,"Actual Total Time": 10005.673,"Actual Rows": 9,"Actual Loops": 4,"Hash Buckets": 131072,"Original Hash Buckets": 131072,"Hash Batches": 1,"Original Hash Batches": 1,"Peak Memory Usage": 1025,"Workers": [],"Plans": [{"Node Type": "Aggregate","Strategy": "Hashed","Partial Mode": "Simple","Parent Relationship": "Outer","Parallel Aware": false,"Async Capable": false,"Startup Cost": 202521.23,"Total Cost": 207865.25,"Plan Rows": 118756,"Plan Width": 4,"Actual Startup Time": 6310.010,"Actual Total Time": 10005.543,"Actual Rows": 9,"Actual Loops": 4,"Group Key": ["lineitem_1.l_orderkey"],"Filter": "(sum(lineitem_1.l_quantity) > '313'::numeric)","Planned Partitions": 0,"HashAgg Batches": 1,"Peak Memory Usage": 638993,"Disk Usage": 0,"Rows Removed by Filter": 1499991,"Workers": [{"Worker Number": 0,"HashAgg Batches": 1,"Peak Memory Usage": 638993,"Disk Usage": 0},{"Worker Number": 1,"HashAgg Batches": 1,"Peak Memory Usage": 638993,"Disk Usage": 0},{"Worker Number": 2,"HashAgg Batches": 1,"Peak Memory Usage": 638993,"Disk Usage": 0}],"Plans": [{"Node Type": "Seq Scan","Parent Relationship": "Outer","Parallel Aware": false,"Async Capable": false,"Relation Name": "lineitem","Alias": "lineitem_1","Startup Cost": 0.00,"Total Cost": 172515.15,"Plan Rows": 6001215,"Plan Width": 9,"Actual Startup Time": 0.020,"Actual Total Time": 994.479,"Actual Rows": 6001215,"Actual Loops": 4,"Workers": []}]}]}]},{"Node Type": "Index Scan","Parent Relationship": "Inner","Parallel Aware": false,"Async Capable": false,"Scan Direction": "Forward","Index Name": "idx_lineitem_orderkey","Relation Name": "lineitem","Alias": "lineitem","Startup Cost": 0.43,"Total Cost": 1.06,"Plan Rows": 17,"Plan Width": 9,"Actual Startup Time": 0.068,"Actual Total Time": 0.075,"Actual Rows": 7,"Actual Loops": 9,"Index Cond": "(l_orderkey = orders.o_orderkey)","Rows Removed by Index Recheck": 0,"Workers": []}]},{"Node Type": "Hash","Parent Relationship": "Inner","Parallel Aware": true,"Async Capable": false,"Startup Cost": 4210.00,"Total Cost": 4210.00,"Plan Rows": 62500,"Plan Width": 23,"Actual Startup Time": 33.578,"Actual Total Time": 33.582,"Actual Rows": 37500,"Actual Loops": 4,"Hash Buckets": 262144,"Original Hash Buckets": 262144,"Hash Batches": 1,"Original Hash Batches": 1,"Peak Memory Usage": 10336,"Workers": [],"Plans": [{"Node Type": "Seq Scan","Parent Relationship": "Outer","Parallel Aware": true,"Async Capable": false,"Relation Name": "customer","Alias": "customer","Startup Cost": 0.00,"Total Cost": 4210.00,"Plan Rows": 62500,"Plan Width": 23,"Actual Startup Time": 0.023,"Actual Total Time": 16.777,"Actual Rows": 37500,"Actual Loops": 4,"Workers": []}]}]}]}]}]},"Planning Time": 6.662,"Triggers": [],"Execution Time": 10430.266}]
[{"Plan": {"Node Type": "Sort","Parallel Aware": false,"Async Capable": false,"Startup Cost": 397889.21,"Total Cost": 399077.01,"Plan Rows": 475120,"Plan Width": 71,"Actual Startup Time": 10785.011,"Actual Total Time": 10839.032,"Actual Rows": 9,"Actual Loops": 1,"Sort Key": ["orders.o_totalprice DESC", "orders.o_orderdate"],"Sort Method": "quicksort","Sort Space Used": 25,"Sort Space Type": "Memory","Plans": [{"Node Type": "Aggregate","Strategy": "Hashed","Partial Mode": "Simple","Parent Relationship": "Outer","Parallel Aware": false,"Async Capable": false,"Startup Cost": 347151.30,"Total Cost": 353090.30,"Plan Rows": 475120,"Plan Width": 71,"Actual Startup Time": 10763.855,"Actual Total Time": 10838.848,"Actual Rows": 9,"Actual Loops": 1,"Group Key": ["customer.c_custkey", "orders.o_orderkey"],"Planned Partitions": 0,"HashAgg Batches": 1,"Peak Memory Usage": 24601,"Disk Usage": 0,"Plans": [{"Node Type": "Gather","Parent Relationship": "Outer","Parallel Aware": false,"Async Capable": false,"Startup Cost": 216528.94,"Total Cost": 343587.90,"Plan Rows": 475120,"Plan Width": 44,"Actual Startup Time": 9674.071,"Actual Total Time": 10813.470,"Actual Rows": 63,"Actual Loops": 1,"Workers Planned": 3,"Workers Launched": 3,"Single Copy": false,"Plans": [{"Node Type": "Hash Join","Parent Relationship": "Outer","Parallel Aware": true,"Async Capable": false,"Join Type": "Inner","Startup Cost": 215528.94,"Total Cost": 295075.90,"Plan Rows": 153265,"Plan Width": 44,"Actual Startup Time": 10141.072,"Actual Total Time": 10312.965,"Actual Rows": 16,"Actual Loops": 4,"Inner Unique": true,"Hash Cond": "(orders.o_custkey = customer.c_custkey)","Workers": [],"Plans": [{"Node Type": "Nested Loop","Parent Relationship": "Outer","Parallel Aware": false,"Async Capable": false,"Join Type": "Inner","Startup Cost": 210537.69,"Total Cost": 289682.32,"Plan Rows": 153265,"Plan Width": 25,"Actual Startup Time": 10104.129,"Actual Total Time": 10275.947,"Actual Rows": 16,"Actual Loops": 4,"Inner Unique": false,"Workers": [],"Plans": [{"Node Type": "Hash Join","Parent Relationship": "Outer","Parallel Aware": false,"Async Capable": false,"Join Type": "Inner","Startup Cost": 210537.26,"Total Cost": 242741.13,"Plan Rows": 38308,"Plan Width": 24,"Actual Startup Time": 10104.052,"Actual Total Time": 10275.739,"Actual Rows": 2,"Actual Loops": 4,"Inner Unique": true,"Hash Cond": "(orders.o_orderkey = lineitem_1.l_orderkey)","Workers": [],"Plans": [{"Node Type": "Seq Scan","Parent Relationship": "Outer","Parallel Aware": true,"Async Capable": false,"Relation Name": "orders","Alias": "orders","Startup Cost": 0.00,"Total Cost": 30933.71,"Plan Rows": 483871,"Plan Width": 20,"Actual Startup Time": 0.007,"Actual Total Time": 53.689,"Actual Rows": 375000,"Actual Loops": 4,"Workers": []},{"Node Type": "Hash","Parent Relationship": "Inner","Parallel Aware": false,"Async Capable": false,"Startup Cost": 209052.81,"Total Cost": 209052.81,"Plan Rows": 118756,"Plan Width": 4,"Actual Startup Time": 10025.157,"Actual Total Time": 10025.166,"Actual Rows": 9,"Actual Loops": 4,"Hash Buckets": 131072,"Original Hash Buckets": 131072,"Hash Batches": 1,"Original Hash Batches": 1,"Peak Memory Usage": 1025,"Workers": [],"Plans": [{"Node Type": "Aggregate","Strategy": "Hashed","Partial Mode": "Simple","Parent Relationship": "Outer","Parallel Aware": false,"Async Capable": false,"Startup Cost": 202521.23,"Total Cost": 207865.25,"Plan Rows": 118756,"Plan Width": 4,"Actual Startup Time": 6285.839,"Actual Total Time": 10024.981,"Actual Rows": 9,"Actual Loops": 4,"Group Key": ["lineitem_1.l_orderkey"],"Filter": "(sum(lineitem_1.l_quantity) > '314'::numeric)","Planned Partitions": 0,"HashAgg Batches": 1,"Peak Memory Usage": 638993,"Disk Usage": 0,"Rows Removed by Filter": 1499991,"Workers": [{"Worker Number": 0,"HashAgg Batches": 1,"Peak Memory Usage": 638993,"Disk Usage": 0},{"Worker Number": 1,"HashAgg Batches": 1,"Peak Memory Usage": 638993,"Disk Usage": 0},{"Worker Number": 2,"HashAgg Batches": 1,"Peak Memory Usage": 638993,"Disk Usage": 0}],"Plans": [{"Node Type": "Seq Scan","Parent Relationship": "Outer","Parallel Aware": false,"Async Capable": false,"Relation Name": "lineitem","Alias": "lineitem_1","Startup Cost": 0.00,"Total Cost": 172515.15,"Plan Rows": 6001215,"Plan Width": 9,"Actual Startup Time": 0.019,"Actual Total Time": 931.752,"Actual Rows": 6001215,"Actual Loops": 4,"Workers": []}]}]}]},{"Node Type": "Index Scan","Parent Relationship": "Inner","Parallel Aware": false,"Async Capable": false,"Scan Direction": "Forward","Index Name": "idx_lineitem_orderkey","Relation Name": "lineitem","Alias": "lineitem","Startup Cost": 0.43,"Total Cost": 1.06,"Plan Rows": 17,"Plan Width": 9,"Actual Startup Time": 0.055,"Actual Total Time": 0.062,"Actual Rows": 7,"Actual Loops": 9,"Index Cond": "(l_orderkey = orders.o_orderkey)","Rows Removed by Index Recheck": 0,"Workers": []}]},{"Node Type": "Hash","Parent Relationship": "Inner","Parallel Aware": true,"Async Capable": false,"Startup Cost": 4210.00,"Total Cost": 4210.00,"Plan Rows": 62500,"Plan Width": 23,"Actual Startup Time": 36.172,"Actual Total Time": 36.190,"Actual Rows": 37500,"Actual Loops": 4,"Hash Buckets": 262144,"Original Hash Buckets": 262144,"Hash Batches": 1,"Original Hash Batches": 1,"Peak Memory Usage": 10336,"Workers": [],"Plans": [{"Node Type": "Seq Scan","Parent Relationship": "Outer","Parallel Aware": true,"Async Capable": false,"Relation Name": "customer","Alias": "customer","Startup Cost": 0.00,"Total Cost": 4210.00,"Plan Rows": 62500,"Plan Width": 23,"Actual Startup Time": 0.024,"Actual Total Time": 17.933,"Actual Rows": 37500,"Actual Loops": 4,"Workers": []}]}]}]}]}]},"Planning Time": 6.881,"Triggers": [],"Execution Time": 10893.482}]
[{"Plan": {"Node Type": "Sort","Parallel Aware": false,"Async Capable": false,"Startup Cost": 397889.21,"Total Cost": 399077.01,"Plan Rows": 475120,"Plan Width": 71,"Actual Startup Time": 10887.509,"Actual Total Time": 10908.132,"Actual Rows": 10,"Actual Loops": 1,"Sort Key": ["orders.o_totalprice DESC", "orders.o_orderdate"],"Sort Method": "quicksort","Sort Space Used": 25,"Sort Space Type": "Memory","Plans": [{"Node Type": "Aggregate","Strategy": "Hashed","Partial Mode": "Simple","Parent Relationship": "Outer","Parallel Aware": false,"Async Capable": false,"Startup Cost": 347151.30,"Total Cost": 353090.30,"Plan Rows": 475120,"Plan Width": 71,"Actual Startup Time": 10848.812,"Actual Total Time": 10907.941,"Actual Rows": 10,"Actual Loops": 1,"Group Key": ["customer.c_custkey", "orders.o_orderkey"],"Planned Partitions": 0,"HashAgg Batches": 1,"Peak Memory Usage": 24601,"Disk Usage": 0,"Plans": [{"Node Type": "Gather","Parent Relationship": "Outer","Parallel Aware": false,"Async Capable": false,"Startup Cost": 216528.94,"Total Cost": 343587.90,"Plan Rows": 475120,"Plan Width": 44,"Actual Startup Time": 10782.037,"Actual Total Time": 10858.151,"Actual Rows": 70,"Actual Loops": 1,"Workers Planned": 3,"Workers Launched": 3,"Single Copy": false,"Plans": [{"Node Type": "Hash Join","Parent Relationship": "Outer","Parallel Aware": true,"Async Capable": false,"Join Type": "Inner","Startup Cost": 215528.94,"Total Cost": 295075.90,"Plan Rows": 153265,"Plan Width": 44,"Actual Startup Time": 10180.765,"Actual Total Time": 10348.312,"Actual Rows": 18,"Actual Loops": 4,"Inner Unique": true,"Hash Cond": "(orders.o_custkey = customer.c_custkey)","Workers": [],"Plans": [{"Node Type": "Nested Loop","Parent Relationship": "Outer","Parallel Aware": false,"Async Capable": false,"Join Type": "Inner","Startup Cost": 210537.69,"Total Cost": 289682.32,"Plan Rows": 153265,"Plan Width": 25,"Actual Startup Time": 10142.809,"Actual Total Time": 10310.270,"Actual Rows": 18,"Actual Loops": 4,"Inner Unique": false,"Workers": [],"Plans": [{"Node Type": "Hash Join","Parent Relationship": "Outer","Parallel Aware": false,"Async Capable": false,"Join Type": "Inner","Startup Cost": 210537.26,"Total Cost": 242741.13,"Plan Rows": 38308,"Plan Width": 24,"Actual Startup Time": 10142.670,"Actual Total Time": 10309.991,"Actual Rows": 2,"Actual Loops": 4,"Inner Unique": true,"Hash Cond": "(orders.o_orderkey = lineitem_1.l_orderkey)","Workers": [],"Plans": [{"Node Type": "Seq Scan","Parent Relationship": "Outer","Parallel Aware": true,"Async Capable": false,"Relation Name": "orders","Alias": "orders","Startup Cost": 0.00,"Total Cost": 30933.71,"Plan Rows": 483871,"Plan Width": 20,"Actual Startup Time": 0.009,"Actual Total Time": 49.040,"Actual Rows": 375000,"Actual Loops": 4,"Workers": []},{"Node Type": "Hash","Parent Relationship": "Inner","Parallel Aware": false,"Async Capable": false,"Startup Cost": 209052.81,"Total Cost": 209052.81,"Plan Rows": 118756,"Plan Width": 4,"Actual Startup Time": 10075.163,"Actual Total Time": 10075.176,"Actual Rows": 10,"Actual Loops": 4,"Hash Buckets": 131072,"Original Hash Buckets": 131072,"Hash Batches": 1,"Original Hash Batches": 1,"Peak Memory Usage": 1025,"Workers": [],"Plans": [{"Node Type": "Aggregate","Strategy": "Hashed","Partial Mode": "Simple","Parent Relationship": "Outer","Parallel Aware": false,"Async Capable": false,"Startup Cost": 202521.23,"Total Cost": 207865.25,"Plan Rows": 118756,"Plan Width": 4,"Actual Startup Time": 6293.151,"Actual Total Time": 10074.968,"Actual Rows": 10,"Actual Loops": 4,"Group Key": ["lineitem_1.l_orderkey"],"Filter": "(sum(lineitem_1.l_quantity) > '312'::numeric)","Planned Partitions": 0,"HashAgg Batches": 1,"Peak Memory Usage": 638993,"Disk Usage": 0,"Rows Removed by Filter": 1499990,"Workers": [{"Worker Number": 0,"HashAgg Batches": 1,"Peak Memory Usage": 638993,"Disk Usage": 0},{"Worker Number": 1,"HashAgg Batches": 1,"Peak Memory Usage": 638993,"Disk Usage": 0},{"Worker Number": 2,"HashAgg Batches": 1,"Peak Memory Usage": 638993,"Disk Usage": 0}],"Plans": [{"Node Type": "Seq Scan","Parent Relationship": "Outer","Parallel Aware": false,"Async Capable": false,"Relation Name": "lineitem","Alias": "lineitem_1","Startup Cost": 0.00,"Total Cost": 172515.15,"Plan Rows": 6001215,"Plan Width": 9,"Actual Startup Time": 0.021,"Actual Total Time": 960.546,"Actual Rows": 6001215,"Actual Loops": 4,"Workers": []}]}]}]},{"Node Type": "Index Scan","Parent Relationship": "Inner","Parallel Aware": false,"Async Capable": false,"Scan Direction": "Forward","Index Name": "idx_lineitem_orderkey","Relation Name": "lineitem","Alias": "lineitem","Startup Cost": 0.43,"Total Cost": 1.06,"Plan Rows": 17,"Plan Width": 9,"Actual Startup Time": 0.072,"Actual Total Time": 0.079,"Actual Rows": 7,"Actual Loops": 10,"Index Cond": "(l_orderkey = orders.o_orderkey)","Rows Removed by Index Recheck": 0,"Workers": []}]},{"Node Type": "Hash","Parent Relationship": "Inner","Parallel Aware": true,"Async Capable": false,"Startup Cost": 4210.00,"Total Cost": 4210.00,"Plan Rows": 62500,"Plan Width": 23,"Actual Startup Time": 37.105,"Actual Total Time": 37.114,"Actual Rows": 37500,"Actual Loops": 4,"Hash Buckets": 262144,"Original Hash Buckets": 262144,"Hash Batches": 1,"Original Hash Batches": 1,"Peak Memory Usage": 10368,"Workers": [],"Plans": [{"Node Type": "Seq Scan","Parent Relationship": "Outer","Parallel Aware": true,"Async Capable": false,"Relation Name": "customer","Alias": "customer","Startup Cost": 0.00,"Total Cost": 4210.00,"Plan Rows": 62500,"Plan Width": 23,"Actual Startup Time": 0.025,"Actual Total Time": 19.726,"Actual Rows": 37500,"Actual Loops": 4,"Workers": []}]}]}]}]}]},"Planning Time": 6.715,"Triggers": [],"Execution Time": 10961.817}]
[{"Plan": {"Node Type": "Sort","Parallel Aware": false,"Async Capable": false,"Startup Cost": 397889.21,"Total Cost": 399077.01,"Plan Rows": 475120,"Plan Width": 71,"Actual Startup Time": 10950.105,"Actual Total Time": 10953.954,"Actual Rows": 9,"Actual Loops": 1,"Sort Key": ["orders.o_totalprice DESC", "orders.o_orderdate"],"Sort Method": "quicksort","Sort Space Used": 25,"Sort Space Type": "Memory","Plans": [{"Node Type": "Aggregate","Strategy": "Hashed","Partial Mode": "Simple","Parent Relationship": "Outer","Parallel Aware": false,"Async Capable": false,"Startup Cost": 347151.30,"Total Cost": 353090.30,"Plan Rows": 475120,"Plan Width": 71,"Actual Startup Time": 10902.471,"Actual Total Time": 10953.715,"Actual Rows": 9,"Actual Loops": 1,"Group Key": ["customer.c_custkey", "orders.o_orderkey"],"Planned Partitions": 0,"HashAgg Batches": 1,"Peak Memory Usage": 24601,"Disk Usage": 0,"Plans": [{"Node Type": "Gather","Parent Relationship": "Outer","Parallel Aware": false,"Async Capable": false,"Startup Cost": 216528.94,"Total Cost": 343587.90,"Plan Rows": 475120,"Plan Width": 44,"Actual Startup Time": 10893.800,"Actual Total Time": 10897.693,"Actual Rows": 63,"Actual Loops": 1,"Workers Planned": 3,"Workers Launched": 3,"Single Copy": false,"Plans": [{"Node Type": "Hash Join","Parent Relationship": "Outer","Parallel Aware": true,"Async Capable": false,"Join Type": "Inner","Startup Cost": 215528.94,"Total Cost": 295075.90,"Plan Rows": 153265,"Plan Width": 44,"Actual Startup Time": 10134.253,"Actual Total Time": 10314.794,"Actual Rows": 16,"Actual Loops": 4,"Inner Unique": true,"Hash Cond": "(orders.o_custkey = customer.c_custkey)","Workers": [],"Plans": [{"Node Type": "Nested Loop","Parent Relationship": "Outer","Parallel Aware": false,"Async Capable": false,"Join Type": "Inner","Startup Cost": 210537.69,"Total Cost": 289682.32,"Plan Rows": 153265,"Plan Width": 25,"Actual Startup Time": 10099.687,"Actual Total Time": 10280.153,"Actual Rows": 16,"Actual Loops": 4,"Inner Unique": false,"Workers": [],"Plans": [{"Node Type": "Hash Join","Parent Relationship": "Outer","Parallel Aware": false,"Async Capable": false,"Join Type": "Inner","Startup Cost": 210537.26,"Total Cost": 242741.13,"Plan Rows": 38308,"Plan Width": 24,"Actual Startup Time": 10099.575,"Actual Total Time": 10279.892,"Actual Rows": 2,"Actual Loops": 4,"Inner Unique": true,"Hash Cond": "(orders.o_orderkey = lineitem_1.l_orderkey)","Workers": [],"Plans": [{"Node Type": "Seq Scan","Parent Relationship": "Outer","Parallel Aware": true,"Async Capable": false,"Relation Name": "orders","Alias": "orders","Startup Cost": 0.00,"Total Cost": 30933.71,"Plan Rows": 483871,"Plan Width": 20,"Actual Startup Time": 0.011,"Actual Total Time": 51.627,"Actual Rows": 375000,"Actual Loops": 4,"Workers": []},{"Node Type": "Hash","Parent Relationship": "Inner","Parallel Aware": false,"Async Capable": false,"Startup Cost": 209052.81,"Total Cost": 209052.81,"Plan Rows": 118756,"Plan Width": 4,"Actual Startup Time": 10016.825,"Actual Total Time": 10016.839,"Actual Rows": 9,"Actual Loops": 4,"Hash Buckets": 131072,"Original Hash Buckets": 131072,"Hash Batches": 1,"Original Hash Batches": 1,"Peak Memory Usage": 1025,"Workers": [],"Plans": [{"Node Type": "Aggregate","Strategy": "Hashed","Partial Mode": "Simple","Parent Relationship": "Outer","Parallel Aware": false,"Async Capable": false,"Startup Cost": 202521.23,"Total Cost": 207865.25,"Plan Rows": 118756,"Plan Width": 4,"Actual Startup Time": 6319.140,"Actual Total Time": 10016.671,"Actual Rows": 9,"Actual Loops": 4,"Group Key": ["lineitem_1.l_orderkey"],"Filter": "(sum(lineitem_1.l_quantity) > '315'::numeric)","Planned Partitions": 0,"HashAgg Batches": 1,"Peak Memory Usage": 638993,"Disk Usage": 0,"Rows Removed by Filter": 1499991,"Workers": [{"Worker Number": 0,"HashAgg Batches": 1,"Peak Memory Usage": 638993,"Disk Usage": 0},{"Worker Number": 1,"HashAgg Batches": 1,"Peak Memory Usage": 638993,"Disk Usage": 0},{"Worker Number": 2,"HashAgg Batches": 1,"Peak Memory Usage": 638993,"Disk Usage": 0}],"Plans": [{"Node Type": "Seq Scan","Parent Relationship": "Outer","Parallel Aware": false,"Async Capable": false,"Relation Name": "lineitem","Alias": "lineitem_1","Startup Cost": 0.00,"Total Cost": 172515.15,"Plan Rows": 6001215,"Plan Width": 9,"Actual Startup Time": 0.018,"Actual Total Time": 971.843,"Actual Rows": 6001215,"Actual Loops": 4,"Workers": []}]}]}]},{"Node Type": "Index Scan","Parent Relationship": "Inner","Parallel Aware": false,"Async Capable": false,"Scan Direction": "Forward","Index Name": "idx_lineitem_orderkey","Relation Name": "lineitem","Alias": "lineitem","Startup Cost": 0.43,"Total Cost": 1.06,"Plan Rows": 17,"Plan Width": 9,"Actual Startup Time": 0.069,"Actual Total Time": 0.079,"Actual Rows": 7,"Actual Loops": 9,"Index Cond": "(l_orderkey = orders.o_orderkey)","Rows Removed by Index Recheck": 0,"Workers": []}]},{"Node Type": "Hash","Parent Relationship": "Inner","Parallel Aware": true,"Async Capable": false,"Startup Cost": 4210.00,"Total Cost": 4210.00,"Plan Rows": 62500,"Plan Width": 23,"Actual Startup Time": 33.677,"Actual Total Time": 33.684,"Actual Rows": 37500,"Actual Loops": 4,"Hash Buckets": 262144,"Original Hash Buckets": 262144,"Hash Batches": 1,"Original Hash Batches": 1,"Peak Memory Usage": 10368,"Workers": [],"Plans": [{"Node Type": "Seq Scan","Parent Relationship": "Outer","Parallel Aware": true,"Async Capable": false,"Relation Name": "customer","Alias": "customer","Startup Cost": 0.00,"Total Cost": 4210.00,"Plan Rows": 62500,"Plan Width": 23,"Actual Startup Time": 0.019,"Actual Total Time": 16.715,"Actual Rows": 37500,"Actual Loops": 4,"Workers": []}]}]}]}]}]},"Planning Time": 6.132,"Triggers": [],"Execution Time": 11002.531}]
[{"Plan": {"Node Type": "Sort","Parallel Aware": false,"Async Capable": false,"Startup Cost": 397889.21,"Total Cost": 399077.01,"Plan Rows": 475120,"Plan Width": 71,"Actual Startup Time": 10887.509,"Actual Total Time": 10908.132,"Actual Rows": 10,"Actual Loops": 1,"Sort Key": ["orders.o_totalprice DESC", "orders.o_orderdate"],"Sort Method": "quicksort","Sort Space Used": 25,"Sort Space Type": "Memory","Plans": [{"Node Type": "Aggregate","Strategy": "Hashed","Partial Mode": "Simple","Parent Relationship": "Outer","Parallel Aware": false,"Async Capable": false,"Startup Cost": 347151.30,"Total Cost": 353090.30,"Plan Rows": 475120,"Plan Width": 71,"Actual Startup Time": 10848.812,"Actual Total Time": 10907.941,"Actual Rows": 10,"Actual Loops": 1,"Group Key": ["customer.c_custkey", "orders.o_orderkey"],"Planned Partitions": 0,"HashAgg Batches": 1,"Peak Memory Usage": 24601,"Disk Usage": 0,"Plans": [{"Node Type": "Gather","Parent Relationship": "Outer","Parallel Aware": false,"Async Capable": false,"Startup Cost": 216528.94,"Total Cost": 343587.90,"Plan Rows": 475120,"Plan Width": 44,"Actual Startup Time": 10782.037,"Actual Total Time": 10858.151,"Actual Rows": 70,"Actual Loops": 1,"Workers Planned": 3,"Workers Launched": 3,"Single Copy": false,"Plans": [{"Node Type": "Hash Join","Parent Relationship": "Outer","Parallel Aware": true,"Async Capable": false,"Join Type": "Inner","Startup Cost": 215528.94,"Total Cost": 295075.90,"Plan Rows": 153265,"Plan Width": 44,"Actual Startup Time": 10180.765,"Actual Total Time": 10348.312,"Actual Rows": 18,"Actual Loops": 4,"Inner Unique": true,"Hash Cond": "(orders.o_custkey = customer.c_custkey)","Workers": [],"Plans": [{"Node Type": "Nested Loop","Parent Relationship": "Outer","Parallel Aware": false,"Async Capable": false,"Join Type": "Inner","Startup Cost": 210537.69,"Total Cost": 289682.32,"Plan Rows": 153265,"Plan Width": 25,"Actual Startup Time": 10142.809,"Actual Total Time": 10310.270,"Actual Rows": 18,"Actual Loops": 4,"Inner Unique": false,"Workers": [],"Plans": [{"Node Type": "Hash Join","Parent Relationship": "Outer","Parallel Aware": false,"Async Capable": false,"Join Type": "Inner","Startup Cost": 210537.26,"Total Cost": 242741.13,"Plan Rows": 38308,"Plan Width": 24,"Actual Startup Time": 10142.670,"Actual Total Time": 10309.991,"Actual Rows": 2,"Actual Loops": 4,"Inner Unique": true,"Hash Cond": "(orders.o_orderkey = lineitem_1.l_orderkey)","Workers": [],"Plans": [{"Node Type": "Seq Scan","Parent Relationship": "Outer","Parallel Aware": true,"Async Capable": false,"Relation Name": "orders","Alias": "orders","Startup Cost": 0.00,"Total Cost": 30933.71,"Plan Rows": 483871,"Plan Width": 20,"Actual Startup Time": 0.009,"Actual Total Time": 49.040,"Actual Rows": 375000,"Actual Loops": 4,"Workers": []},{"Node Type": "Hash","Parent Relationship": "Inner","Parallel Aware": false,"Async Capable": false,"Startup Cost": 209052.81,"Total Cost": 209052.81,"Plan Rows": 118756,"Plan Width": 4,"Actual Startup Time": 10075.163,"Actual Total Time": 10075.176,"Actual Rows": 10,"Actual Loops": 4,"Hash Buckets": 131072,"Original Hash Buckets": 131072,"Hash Batches": 1,"Original Hash Batches": 1,"Peak Memory Usage": 1025,"Workers": [],"Plans": [{"Node Type": "Aggregate","Strategy": "Hashed","Partial Mode": "Simple","Parent Relationship": "Outer","Parallel Aware": false,"Async Capable": false,"Startup Cost": 202521.23,"Total Cost": 207865.25,"Plan Rows": 118756,"Plan Width": 4,"Actual Startup Time": 6293.151,"Actual Total Time": 10074.968,"Actual Rows": 10,"Actual Loops": 4,"Group Key": ["lineitem_1.l_orderkey"],"Filter": "(sum(lineitem_1.l_quantity) > '312'::numeric)","Planned Partitions": 0,"HashAgg Batches": 1,"Peak Memory Usage": 638993,"Disk Usage": 0,"Rows Removed by Filter": 1499990,"Workers": [{"Worker Number": 0,"HashAgg Batches": 1,"Peak Memory Usage": 638993,"Disk Usage": 0},{"Worker Number": 1,"HashAgg Batches": 1,"Peak Memory Usage": 638993,"Disk Usage": 0},{"Worker Number": 2,"HashAgg Batches": 1,"Peak Memory Usage": 638993,"Disk Usage": 0}],"Plans": [{"Node Type": "Seq Scan","Parent Relationship": "Outer","Parallel Aware": false,"Async Capable": false,"Relation Name": "lineitem","Alias": "lineitem_1","Startup Cost": 0.00,"Total Cost": 172515.15,"Plan Rows": 6001215,"Plan Width": 9,"Actual Startup Time": 0.021,"Actual Total Time": 960.546,"Actual Rows": 6001215,"Actual Loops": 4,"Workers": []}]}]}]},{"Node Type": "Index Scan","Parent Relationship": "Inner","Parallel Aware": false,"Async Capable": false,"Scan Direction": "Forward","Index Name": "idx_lineitem_orderkey","Relation Name": "lineitem","Alias": "lineitem","Startup Cost": 0.43,"Total Cost": 1.06,"Plan Rows": 17,"Plan Width": 9,"Actual Startup Time": 0.072,"Actual Total Time": 0.079,"Actual Rows": 7,"Actual Loops": 10,"Index Cond": "(l_orderkey = orders.o_orderkey)","Rows Removed by Index Recheck": 0,"Workers": []}]},{"Node Type": "Hash","Parent Relationship": "Inner","Parallel Aware": true,"Async Capable": false,"Startup Cost": 4210.00,"Total Cost": 4210.00,"Plan Rows": 62500,"Plan Width": 23,"Actual Startup Time": 37.105,"Actual Total Time": 37.114,"Actual Rows": 37500,"Actual Loops": 4,"Hash Buckets": 262144,"Original Hash Buckets": 262144,"Hash Batches": 1,"Original Hash Batches": 1,"Peak Memory Usage": 10368,"Workers": [],"Plans": [{"Node Type": "Seq Scan","Parent Relationship": "Outer","Parallel Aware": true,"Async Capable": false,"Relation Name": "customer","Alias": "customer","Startup Cost": 0.00,"Total Cost": 4210.00,"Plan Rows": 62500,"Plan Width": 23,"Actual Startup Time": 0.025,"Actual Total Time": 19.726,"Actual Rows": 37500,"Actual Loops": 4,"Workers": []}]}]}]}]}]},"Planning Time": 6.715,"Triggers": [],"Execution Time": 10961.817}]
[{"Plan": {"Node Type": "Sort","Parallel Aware": false,"Async Capable": false,"Startup Cost": 397889.21,"Total Cost": 399077.01,"Plan Rows": 475120,"Plan Width": 71,"Actual Startup Time": 10785.011,"Actual Total Time": 10839.032,"Actual Rows": 9,"Actual Loops": 1,"Sort Key": ["orders.o_totalprice DESC", "orders.o_orderdate"],"Sort Method": "quicksort","Sort Space Used": 25,"Sort Space Type": "Memory","Plans": [{"Node Type": "Aggregate","Strategy": "Hashed","Partial Mode": "Simple","Parent Relationship": "Outer","Parallel Aware": false,"Async Capable": false,"Startup Cost": 347151.30,"Total Cost": 353090.30,"Plan Rows": 475120,"Plan Width": 71,"Actual Startup Time": 10763.855,"Actual Total Time": 10838.848,"Actual Rows": 9,"Actual Loops": 1,"Group Key": ["customer.c_custkey", "orders.o_orderkey"],"Planned Partitions": 0,"HashAgg Batches": 1,"Peak Memory Usage": 24601,"Disk Usage": 0,"Plans": [{"Node Type": "Gather","Parent Relationship": "Outer","Parallel Aware": false,"Async Capable": false,"Startup Cost": 216528.94,"Total Cost": 343587.90,"Plan Rows": 475120,"Plan Width": 44,"Actual Startup Time": 9674.071,"Actual Total Time": 10813.470,"Actual Rows": 63,"Actual Loops": 1,"Workers Planned": 3,"Workers Launched": 3,"Single Copy": false,"Plans": [{"Node Type": "Hash Join","Parent Relationship": "Outer","Parallel Aware": true,"Async Capable": false,"Join Type": "Inner","Startup Cost": 215528.94,"Total Cost": 295075.90,"Plan Rows": 153265,"Plan Width": 44,"Actual Startup Time": 10141.072,"Actual Total Time": 10312.965,"Actual Rows": 16,"Actual Loops": 4,"Inner Unique": true,"Hash Cond": "(orders.o_custkey = customer.c_custkey)","Workers": [],"Plans": [{"Node Type": "Nested Loop","Parent Relationship": "Outer","Parallel Aware": false,"Async Capable": false,"Join Type": "Inner","Startup Cost": 210537.69,"Total Cost": 289682.32,"Plan Rows": 153265,"Plan Width": 25,"Actual Startup Time": 10104.129,"Actual Total Time": 10275.947,"Actual Rows": 16,"Actual Loops": 4,"Inner Unique": false,"Workers": [],"Plans": [{"Node Type": "Hash Join","Parent Relationship": "Outer","Parallel Aware": false,"Async Capable": false,"Join Type": "Inner","Startup Cost": 210537.26,"Total Cost": 242741.13,"Plan Rows": 38308,"Plan Width": 24,"Actual Startup Time": 10104.052,"Actual Total Time": 10275.739,"Actual Rows": 2,"Actual Loops": 4,"Inner Unique": true,"Hash Cond": "(orders.o_orderkey = lineitem_1.l_orderkey)","Workers": [],"Plans": [{"Node Type": "Seq Scan","Parent Relationship": "Outer","Parallel Aware": true,"Async Capable": false,"Relation Name": "orders","Alias": "orders","Startup Cost": 0.00,"Total Cost": 30933.71,"Plan Rows": 483871,"Plan Width": 20,"Actual Startup Time": 0.007,"Actual Total Time": 53.689,"Actual Rows": 375000,"Actual Loops": 4,"Workers": []},{"Node Type": "Hash","Parent Relationship": "Inner","Parallel Aware": false,"Async Capable": false,"Startup Cost": 209052.81,"Total Cost": 209052.81,"Plan Rows": 118756,"Plan Width": 4,"Actual Startup Time": 10025.157,"Actual Total Time": 10025.166,"Actual Rows": 9,"Actual Loops": 4,"Hash Buckets": 131072,"Original Hash Buckets": 131072,"Hash Batches": 1,"Original Hash Batches": 1,"Peak Memory Usage": 1025,"Workers": [],"Plans": [{"Node Type": "Aggregate","Strategy": "Hashed","Partial Mode": "Simple","Parent Relationship": "Outer","Parallel Aware": false,"Async Capable": false,"Startup Cost": 202521.23,"Total Cost": 207865.25,"Plan Rows": 118756,"Plan Width": 4,"Actual Startup Time": 6285.839,"Actual Total Time": 10024.981,"Actual Rows": 9,"Actual Loops": 4,"Group Key": ["lineitem_1.l_orderkey"],"Filter": "(sum(lineitem_1.l_quantity) > '314'::numeric)","Planned Partitions": 0,"HashAgg Batches": 1,"Peak Memory Usage": 638993,"Disk Usage": 0,"Rows Removed by Filter": 1499991,"Workers": [{"Worker Number": 0,"HashAgg Batches": 1,"Peak Memory Usage": 638993,"Disk Usage": 0},{"Worker Number": 1,"HashAgg Batches": 1,"Peak Memory Usage": 638993,"Disk Usage": 0},{"Worker Number": 2,"HashAgg Batches": 1,"Peak Memory Usage": 638993,"Disk Usage": 0}],"Plans": [{"Node Type": "Seq Scan","Parent Relationship": "Outer","Parallel Aware": false,"Async Capable": false,"Relation Name": "lineitem","Alias": "lineitem_1","Startup Cost": 0.00,"Total Cost": 172515.15,"Plan Rows": 6001215,"Plan Width": 9,"Actual Startup Time": 0.019,"Actual Total Time": 931.752,"Actual Rows": 6001215,"Actual Loops": 4,"Workers": []}]}]}]},{"Node Type": "Index Scan","Parent Relationship": "Inner","Parallel Aware": false,"Async Capable": false,"Scan Direction": "Forward","Index Name": "idx_lineitem_orderkey","Relation Name": "lineitem","Alias": "lineitem","Startup Cost": 0.43,"Total Cost": 1.06,"Plan Rows": 17,"Plan Width": 9,"Actual Startup Time": 0.055,"Actual Total Time": 0.062,"Actual Rows": 7,"Actual Loops": 9,"Index Cond": "(l_orderkey = orders.o_orderkey)","Rows Removed by Index Recheck": 0,"Workers": []}]},{"Node Type": "Hash","Parent Relationship": "Inner","Parallel Aware": true,"Async Capable": false,"Startup Cost": 4210.00,"Total Cost": 4210.00,"Plan Rows": 62500,"Plan Width": 23,"Actual Startup Time": 36.172,"Actual Total Time": 36.190,"Actual Rows": 37500,"Actual Loops": 4,"Hash Buckets": 262144,"Original Hash Buckets": 262144,"Hash Batches": 1,"Original Hash Batches": 1,"Peak Memory Usage": 10336,"Workers": [],"Plans": [{"Node Type": "Seq Scan","Parent Relationship": "Outer","Parallel Aware": true,"Async Capable": false,"Relation Name": "customer","Alias": "customer","Startup Cost": 0.00,"Total Cost": 4210.00,"Plan Rows": 62500,"Plan Width": 23,"Actual Startup Time": 0.024,"Actual Total Time": 17.933,"Actual Rows": 37500,"Actual Loops": 4,"Workers": []}]}]}]}]}]},"Planning Time": 6.881,"Triggers": [],"Execution Time": 10893.482}]
[{"Plan": {"Node Type": "Sort","Parallel Aware": false,"Async Capable": false,"Startup Cost": 397889.21,"Total Cost": 399077.01,"Plan Rows": 475120,"Plan Width": 71,"Actual Startup Time": 10950.105,"Actual Total Time": 10953.954,"Actual Rows": 9,"Actual Loops": 1,"Sort Key": ["orders.o_totalprice DESC", "orders.o_orderdate"],"Sort Method": "quicksort","Sort Space Used": 25,"Sort Space Type": "Memory","Plans": [{"Node Type": "Aggregate","Strategy": "Hashed","Partial Mode": "Simple","Parent Relationship": "Outer","Parallel Aware": false,"Async Capable": false,"Startup Cost": 347151.30,"Total Cost": 353090.30,"Plan Rows": 475120,"Plan Width": 71,"Actual Startup Time": 10902.471,"Actual Total Time": 10953.715,"Actual Rows": 9,"Actual Loops": 1,"Group Key": ["customer.c_custkey", "orders.o_orderkey"],"Planned Partitions": 0,"HashAgg Batches": 1,"Peak Memory Usage": 24601,"Disk Usage": 0,"Plans": [{"Node Type": "Gather","Parent Relationship": "Outer","Parallel Aware": false,"Async Capable": false,"Startup Cost": 216528.94,"Total Cost": 343587.90,"Plan Rows": 475120,"Plan Width": 44,"Actual Startup Time": 10893.800,"Actual Total Time": 10897.693,"Actual Rows": 63,"Actual Loops": 1,"Workers Planned": 3,"Workers Launched": 3,"Single Copy": false,"Plans": [{"Node Type": "Hash Join","Parent Relationship": "Outer","Parallel Aware": true,"Async Capable": false,"Join Type": "Inner","Startup Cost": 215528.94,"Total Cost": 295075.90,"Plan Rows": 153265,"Plan Width": 44,"Actual Startup Time": 10134.253,"Actual Total Time": 10314.794,"Actual Rows": 16,"Actual Loops": 4,"Inner Unique": true,"Hash Cond": "(orders.o_custkey = customer.c_custkey)","Workers": [],"Plans": [{"Node Type": "Nested Loop","Parent Relationship": "Outer","Parallel Aware": false,"Async Capable": false,"Join Type": "Inner","Startup Cost": 210537.69,"Total Cost": 289682.32,"Plan Rows": 153265,"Plan Width": 25,"Actual Startup Time": 10099.687,"Actual Total Time": 10280.153,"Actual Rows": 16,"Actual Loops": 4,"Inner Unique": false,"Workers": [],"Plans": [{"Node Type": "Hash Join","Parent Relationship": "Outer","Parallel Aware": false,"Async Capable": false,"Join Type": "Inner","Startup Cost": 210537.26,"Total Cost": 242741.13,"Plan Rows": 38308,"Plan Width": 24,"Actual Startup Time": 10099.575,"Actual Total Time": 10279.892,"Actual Rows": 2,"Actual Loops": 4,"Inner Unique": true,"Hash Cond": "(orders.o_orderkey = lineitem_1.l_orderkey)","Workers": [],"Plans": [{"Node Type": "Seq Scan","Parent Relationship": "Outer","Parallel Aware": true,"Async Capable": false,"Relation Name": "orders","Alias": "orders","Startup Cost": 0.00,"Total Cost": 30933.71,"Plan Rows": 483871,"Plan Width": 20,"Actual Startup Time": 0.011,"Actual Total Time": 51.627,"Actual Rows": 375000,"Actual Loops": 4,"Workers": []},{"Node Type": "Hash","Parent Relationship": "Inner","Parallel Aware": false,"Async Capable": false,"Startup Cost": 209052.81,"Total Cost": 209052.81,"Plan Rows": 118756,"Plan Width": 4,"Actual Startup Time": 10016.825,"Actual Total Time": 10016.839,"Actual Rows": 9,"Actual Loops": 4,"Hash Buckets": 131072,"Original Hash Buckets": 131072,"Hash Batches": 1,"Original Hash Batches": 1,"Peak Memory Usage": 1025,"Workers": [],"Plans": [{"Node Type": "Aggregate","Strategy": "Hashed","Partial Mode": "Simple","Parent Relationship": "Outer","Parallel Aware": false,"Async Capable": false,"Startup Cost": 202521.23,"Total Cost": 207865.25,"Plan Rows": 118756,"Plan Width": 4,"Actual Startup Time": 6319.140,"Actual Total Time": 10016.671,"Actual Rows": 9,"Actual Loops": 4,"Group Key": ["lineitem_1.l_orderkey"],"Filter": "(sum(lineitem_1.l_quantity) > '315'::numeric)","Planned Partitions": 0,"HashAgg Batches": 1,"Peak Memory Usage": 638993,"Disk Usage": 0,"Rows Removed by Filter": 1499991,"Workers": [{"Worker Number": 0,"HashAgg Batches": 1,"Peak Memory Usage": 638993,"Disk Usage": 0},{"Worker Number": 1,"HashAgg Batches": 1,"Peak Memory Usage": 638993,"Disk Usage": 0},{"Worker Number": 2,"HashAgg Batches": 1,"Peak Memory Usage": 638993,"Disk Usage": 0}],"Plans": [{"Node Type": "Seq Scan","Parent Relationship": "Outer","Parallel Aware": false,"Async Capable": false,"Relation Name": "lineitem","Alias": "lineitem_1","Startup Cost": 0.00,"Total Cost": 172515.15,"Plan Rows": 6001215,"Plan Width": 9,"Actual Startup Time": 0.018,"Actual Total Time": 971.843,"Actual Rows": 6001215,"Actual Loops": 4,"Workers": []}]}]}]},{"Node Type": "Index Scan","Parent Relationship": "Inner","Parallel Aware": false,"Async Capable": false,"Scan Direction": "Forward","Index Name": "idx_lineitem_orderkey","Relation Name": "lineitem","Alias": "lineitem","Startup Cost": 0.43,"Total Cost": 1.06,"Plan Rows": 17,"Plan Width": 9,"Actual Startup Time": 0.069,"Actual Total Time": 0.079,"Actual Rows": 7,"Actual Loops": 9,"Index Cond": "(l_orderkey = orders.o_orderkey)","Rows Removed by Index Recheck": 0,"Workers": []}]},{"Node Type": "Hash","Parent Relationship": "Inner","Parallel Aware": true,"Async Capable": false,"Startup Cost": 4210.00,"Total Cost": 4210.00,"Plan Rows": 62500,"Plan Width": 23,"Actual Startup Time": 33.677,"Actual Total Time": 33.684,"Actual Rows": 37500,"Actual Loops": 4,"Hash Buckets": 262144,"Original Hash Buckets": 262144,"Hash Batches": 1,"Original Hash Batches": 1,"Peak Memory Usage": 10368,"Workers": [],"Plans": [{"Node Type": "Seq Scan","Parent Relationship": "Outer","Parallel Aware": true,"Async Capable": false,"Relation Name": "customer","Alias": "customer","Startup Cost": 0.00,"Total Cost": 4210.00,"Plan Rows": 62500,"Plan Width": 23,"Actual Startup Time": 0.019,"Actual Total Time": 16.715,"Actual Rows": 37500,"Actual Loops": 4,"Workers": []}]}]}]}]}]},"Planning Time": 6.132,"Triggers": [],"Execution Time": 11002.531}]
[{"Plan": {"Node Type": "Sort","Parallel Aware": false,"Async Capable": false,"Startup Cost": 397889.21,"Total Cost": 399077.01,"Plan Rows": 475120,"Plan Width": 71,"Actual Startup Time": 10345.847,"Actual Total Time": 10377.998,"Actual Rows": 9,"Actual Loops": 1,"Sort Key": ["orders.o_totalprice DESC", "orders.o_orderdate"],"Sort Method": "quicksort","Sort Space Used": 25,"Sort Space Type": "Memory","Plans": [{"Node Type": "Aggregate","Strategy": "Hashed","Partial Mode": "Simple","Parent Relationship": "Outer","Parallel Aware": false,"Async Capable": false,"Startup Cost": 347151.30,"Total Cost": 353090.30,"Plan Rows": 475120,"Plan Width": 71,"Actual Startup Time": 10329.232,"Actual Total Time": 10377.856,"Actual Rows": 9,"Actual Loops": 1,"Group Key": ["customer.c_custkey", "orders.o_orderkey"],"Planned Partitions": 0,"HashAgg Batches": 1,"Peak Memory Usage": 24601,"Disk Usage": 0,"Plans": [{"Node Type": "Gather","Parent Relationship": "Outer","Parallel Aware": false,"Async Capable": false,"Startup Cost": 216528.94,"Total Cost": 343587.90,"Plan Rows": 475120,"Plan Width": 44,"Actual Startup Time": 10053.961,"Actual Total Time": 10357.615,"Actual Rows": 63,"Actual Loops": 1,"Workers Planned": 3,"Workers Launched": 3,"Single Copy": false,"Plans": [{"Node Type": "Hash Join","Parent Relationship": "Outer","Parallel Aware": true,"Async Capable": false,"Join Type": "Inner","Startup Cost": 215528.94,"Total Cost": 295075.90,"Plan Rows": 153265,"Plan Width": 44,"Actual Startup Time": 10157.696,"Actual Total Time": 10258.651,"Actual Rows": 16,"Actual Loops": 4,"Inner Unique": true,"Hash Cond": "(orders.o_custkey = customer.c_custkey)","Workers": [],"Plans": [{"Node Type": "Nested Loop","Parent Relationship": "Outer","Parallel Aware": false,"Async Capable": false,"Join Type": "Inner","Startup Cost": 210537.69,"Total Cost": 289682.32,"Plan Rows": 153265,"Plan Width": 25,"Actual Startup Time": 10123.332,"Actual Total Time": 10224.239,"Actual Rows": 16,"Actual Loops": 4,"Inner Unique": false,"Workers": [],"Plans": [{"Node Type": "Hash Join","Parent Relationship": "Outer","Parallel Aware": false,"Async Capable": false,"Join Type": "Inner","Startup Cost": 210537.26,"Total Cost": 242741.13,"Plan Rows": 38308,"Plan Width": 24,"Actual Startup Time": 10123.186,"Actual Total Time": 10223.998,"Actual Rows": 2,"Actual Loops": 4,"Inner Unique": true,"Hash Cond": "(orders.o_orderkey = lineitem_1.l_orderkey)","Workers": [],"Plans": [{"Node Type": "Seq Scan","Parent Relationship": "Outer","Parallel Aware": true,"Async Capable": false,"Relation Name": "orders","Alias": "orders","Startup Cost": 0.00,"Total Cost": 30933.71,"Plan Rows": 483871,"Plan Width": 20,"Actual Startup Time": 0.011,"Actual Total Time": 49.852,"Actual Rows": 375000,"Actual Loops": 4,"Workers": []},{"Node Type": "Hash","Parent Relationship": "Inner","Parallel Aware": false,"Async Capable": false,"Startup Cost": 209052.81,"Total Cost": 209052.81,"Plan Rows": 118756,"Plan Width": 4,"Actual Startup Time": 10005.666,"Actual Total Time": 10005.673,"Actual Rows": 9,"Actual Loops": 4,"Hash Buckets": 131072,"Original Hash Buckets": 131072,"Hash Batches": 1,"Original Hash Batches": 1,"Peak Memory Usage": 1025,"Workers": [],"Plans": [{"Node Type": "Aggregate","Strategy": "Hashed","Partial Mode": "Simple","Parent Relationship": "Outer","Parallel Aware": false,"Async Capable": false,"Startup Cost": 202521.23,"Total Cost": 207865.25,"Plan Rows": 118756,"Plan Width": 4,"Actual Startup Time": 6310.010,"Actual Total Time": 10005.543,"Actual Rows": 9,"Actual Loops": 4,"Group Key": ["lineitem_1.l_orderkey"],"Filter": "(sum(lineitem_1.l_quantity) > '313'::numeric)","Planned Partitions": 0,"HashAgg Batches": 1,"Peak Memory Usage": 638993,"Disk Usage": 0,"Rows Removed by Filter": 1499991,"Workers": [{"Worker Number": 0,"HashAgg Batches": 1,"Peak Memory Usage": 638993,"Disk Usage": 0},{"Worker Number": 1,"HashAgg Batches": 1,"Peak Memory Usage": 638993,"Disk Usage": 0},{"Worker Number": 2,"HashAgg Batches": 1,"Peak Memory Usage": 638993,"Disk Usage": 0}],"Plans": [{"Node Type": "Seq Scan","Parent Relationship": "Outer","Parallel Aware": false,"Async Capable": false,"Relation Name": "lineitem","Alias": "lineitem_1","Startup Cost": 0.00,"Total Cost": 172515.15,"Plan Rows": 6001215,"Plan Width": 9,"Actual Startup Time": 0.020,"Actual Total Time": 994.479,"Actual Rows": 6001215,"Actual Loops": 4,"Workers": []}]}]}]},{"Node Type": "Index Scan","Parent Relationship": "Inner","Parallel Aware": false,"Async Capable": false,"Scan Direction": "Forward","Index Name": "idx_lineitem_orderkey","Relation Name": "lineitem","Alias": "lineitem","Startup Cost": 0.43,"Total Cost": 1.06,"Plan Rows": 17,"Plan Width": 9,"Actual Startup Time": 0.068,"Actual Total Time": 0.075,"Actual Rows": 7,"Actual Loops": 9,"Index Cond": "(l_orderkey = orders.o_orderkey)","Rows Removed by Index Recheck": 0,"Workers": []}]},{"Node Type": "Hash","Parent Relationship": "Inner","Parallel Aware": true,"Async Capable": false,"Startup Cost": 4210.00,"Total Cost": 4210.00,"Plan Rows": 62500,"Plan Width": 23,"Actual Startup Time": 33.578,"Actual Total Time": 33.582,"Actual Rows": 37500,"Actual Loops": 4,"Hash Buckets": 262144,"Original Hash Buckets": 262144,"Hash Batches": 1,"Original Hash Batches": 1,"Peak Memory Usage": 10336,"Workers": [],"Plans": [{"Node Type": "Seq Scan","Parent Relationship": "Outer","Parallel Aware": true,"Async Capable": false,"Relation Name": "customer","Alias": "customer","Startup Cost": 0.00,"Total Cost": 4210.00,"Plan Rows": 62500,"Plan Width": 23,"Actual Startup Time": 0.023,"Actual Total Time": 16.777,"Actual Rows": 37500,"Actual Loops": 4,"Workers": []}]}]}]}]}]},"Planning Time": 6.662,"Triggers": [],"Execution Time": 10430.266}]
[{"Plan": {"Node Type": "Sort","Parallel Aware": false,"Async Capable": false,"Startup Cost": 397889.21,"Total Cost": 399077.01,"Plan Rows": 475120,"Plan Width": 71,"Actual Startup Time": 10950.105,"Actual Total Time": 10953.954,"Actual Rows": 9,"Actual Loops": 1,"Sort Key": ["orders.o_totalprice DESC", "orders.o_orderdate"],"Sort Method": "quicksort","Sort Space Used": 25,"Sort Space Type": "Memory","Plans": [{"Node Type": "Aggregate","Strategy": "Hashed","Partial Mode": "Simple","Parent Relationship": "Outer","Parallel Aware": false,"Async Capable": false,"Startup Cost": 347151.30,"Total Cost": 353090.30,"Plan Rows": 475120,"Plan Width": 71,"Actual Startup Time": 10902.471,"Actual Total Time": 10953.715,"Actual Rows": 9,"Actual Loops": 1,"Group Key": ["customer.c_custkey", "orders.o_orderkey"],"Planned Partitions": 0,"HashAgg Batches": 1,"Peak Memory Usage": 24601,"Disk Usage": 0,"Plans": [{"Node Type": "Gather","Parent Relationship": "Outer","Parallel Aware": false,"Async Capable": false,"Startup Cost": 216528.94,"Total Cost": 343587.90,"Plan Rows": 475120,"Plan Width": 44,"Actual Startup Time": 10893.800,"Actual Total Time": 10897.693,"Actual Rows": 63,"Actual Loops": 1,"Workers Planned": 3,"Workers Launched": 3,"Single Copy": false,"Plans": [{"Node Type": "Hash Join","Parent Relationship": "Outer","Parallel Aware": true,"Async Capable": false,"Join Type": "Inner","Startup Cost": 215528.94,"Total Cost": 295075.90,"Plan Rows": 153265,"Plan Width": 44,"Actual Startup Time": 10134.253,"Actual Total Time": 10314.794,"Actual Rows": 16,"Actual Loops": 4,"Inner Unique": true,"Hash Cond": "(orders.o_custkey = customer.c_custkey)","Workers": [],"Plans": [{"Node Type": "Nested Loop","Parent Relationship": "Outer","Parallel Aware": false,"Async Capable": false,"Join Type": "Inner","Startup Cost": 210537.69,"Total Cost": 289682.32,"Plan Rows": 153265,"Plan Width": 25,"Actual Startup Time": 10099.687,"Actual Total Time": 10280.153,"Actual Rows": 16,"Actual Loops": 4,"Inner Unique": false,"Workers": [],"Plans": [{"Node Type": "Hash Join","Parent Relationship": "Outer","Parallel Aware": false,"Async Capable": false,"Join Type": "Inner","Startup Cost": 210537.26,"Total Cost": 242741.13,"Plan Rows": 38308,"Plan Width": 24,"Actual Startup Time": 10099.575,"Actual Total Time": 10279.892,"Actual Rows": 2,"Actual Loops": 4,"Inner Unique": true,"Hash Cond": "(orders.o_orderkey = lineitem_1.l_orderkey)","Workers": [],"Plans": [{"Node Type": "Seq Scan","Parent Relationship": "Outer","Parallel Aware": true,"Async Capable": false,"Relation Name": "orders","Alias": "orders","Startup Cost": 0.00,"Total Cost": 30933.71,"Plan Rows": 483871,"Plan Width": 20,"Actual Startup Time": 0.011,"Actual Total Time": 51.627,"Actual Rows": 375000,"Actual Loops": 4,"Workers": []},{"Node Type": "Hash","Parent Relationship": "Inner","Parallel Aware": false,"Async Capable": false,"Startup Cost": 209052.81,"Total Cost": 209052.81,"Plan Rows": 118756,"Plan Width": 4,"Actual Startup Time": 10016.825,"Actual Total Time": 10016.839,"Actual Rows": 9,"Actual Loops": 4,"Hash Buckets": 131072,"Original Hash Buckets": 131072,"Hash Batches": 1,"Original Hash Batches": 1,"Peak Memory Usage": 1025,"Workers": [],"Plans": [{"Node Type": "Aggregate","Strategy": "Hashed","Partial Mode": "Simple","Parent Relationship": "Outer","Parallel Aware": false,"Async Capable": false,"Startup Cost": 202521.23,"Total Cost": 207865.25,"Plan Rows": 118756,"Plan Width": 4,"Actual Startup Time": 6319.140,"Actual Total Time": 10016.671,"Actual Rows": 9,"Actual Loops": 4,"Group Key": ["lineitem_1.l_orderkey"],"Filter": "(sum(lineitem_1.l_quantity) > '315'::numeric)","Planned Partitions": 0,"HashAgg Batches": 1,"Peak Memory Usage": 638993,"Disk Usage": 0,"Rows Removed by Filter": 1499991,"Workers": [{"Worker Number": 0,"HashAgg Batches": 1,"Peak Memory Usage": 638993,"Disk Usage": 0},{"Worker Number": 1,"HashAgg Batches": 1,"Peak Memory Usage": 638993,"Disk Usage": 0},{"Worker Number": 2,"HashAgg Batches": 1,"Peak Memory Usage": 638993,"Disk Usage": 0}],"Plans": [{"Node Type": "Seq Scan","Parent Relationship": "Outer","Parallel Aware": false,"Async Capable": false,"Relation Name": "lineitem","Alias": "lineitem_1","Startup Cost": 0.00,"Total Cost": 172515.15,"Plan Rows": 6001215,"Plan Width": 9,"Actual Startup Time": 0.018,"Actual Total Time": 971.843,"Actual Rows": 6001215,"Actual Loops": 4,"Workers": []}]}]}]},{"Node Type": "Index Scan","Parent Relationship": "Inner","Parallel Aware": false,"Async Capable": false,"Scan Direction": "Forward","Index Name": "idx_lineitem_orderkey","Relation Name": "lineitem","Alias": "lineitem","Startup Cost": 0.43,"Total Cost": 1.06,"Plan Rows": 17,"Plan Width": 9,"Actual Startup Time": 0.069,"Actual Total Time": 0.079,"Actual Rows": 7,"Actual Loops": 9,"Index Cond": "(l_orderkey = orders.o_orderkey)","Rows Removed by Index Recheck": 0,"Workers": []}]},{"Node Type": "Hash","Parent Relationship": "Inner","Parallel Aware": true,"Async Capable": false,"Startup Cost": 4210.00,"Total Cost": 4210.00,"Plan Rows": 62500,"Plan Width": 23,"Actual Startup Time": 33.677,"Actual Total Time": 33.684,"Actual Rows": 37500,"Actual Loops": 4,"Hash Buckets": 262144,"Original Hash Buckets": 262144,"Hash Batches": 1,"Original Hash Batches": 1,"Peak Memory Usage": 10368,"Workers": [],"Plans": [{"Node Type": "Seq Scan","Parent Relationship": "Outer","Parallel Aware": true,"Async Capable": false,"Relation Name": "customer","Alias": "customer","Startup Cost": 0.00,"Total Cost": 4210.00,"Plan Rows": 62500,"Plan Width": 23,"Actual Startup Time": 0.019,"Actual Total Time": 16.715,"Actual Rows": 37500,"Actual Loops": 4,"Workers": []}]}]}]}]}]},"Planning Time": 6.132,"Triggers": [],"Execution Time": 11002.531}]
[{"Plan": {"Node Type": "Sort","Parallel Aware": false,"Async Capable": false,"Startup Cost": 397889.21,"Total Cost": 399077.01,"Plan Rows": 475120,"Plan Width": 71,"Actual Startup Time": 10785.011,"Actual Total Time": 10839.032,"Actual Rows": 9,"Actual Loops": 1,"Sort Key": ["orders.o_totalprice DESC", "orders.o_orderdate"],"Sort Method": "quicksort","Sort Space Used": 25,"Sort Space Type": "Memory","Plans": [{"Node Type": "Aggregate","Strategy": "Hashed","Partial Mode": "Simple","Parent Relationship": "Outer","Parallel Aware": false,"Async Capable": false,"Startup Cost": 347151.30,"Total Cost": 353090.30,"Plan Rows": 475120,"Plan Width": 71,"Actual Startup Time": 10763.855,"Actual Total Time": 10838.848,"Actual Rows": 9,"Actual Loops": 1,"Group Key": ["customer.c_custkey", "orders.o_orderkey"],"Planned Partitions": 0,"HashAgg Batches": 1,"Peak Memory Usage": 24601,"Disk Usage": 0,"Plans": [{"Node Type": "Gather","Parent Relationship": "Outer","Parallel Aware": false,"Async Capable": false,"Startup Cost": 216528.94,"Total Cost": 343587.90,"Plan Rows": 475120,"Plan Width": 44,"Actual Startup Time": 9674.071,"Actual Total Time": 10813.470,"Actual Rows": 63,"Actual Loops": 1,"Workers Planned": 3,"Workers Launched": 3,"Single Copy": false,"Plans": [{"Node Type": "Hash Join","Parent Relationship": "Outer","Parallel Aware": true,"Async Capable": false,"Join Type": "Inner","Startup Cost": 215528.94,"Total Cost": 295075.90,"Plan Rows": 153265,"Plan Width": 44,"Actual Startup Time": 10141.072,"Actual Total Time": 10312.965,"Actual Rows": 16,"Actual Loops": 4,"Inner Unique": true,"Hash Cond": "(orders.o_custkey = customer.c_custkey)","Workers": [],"Plans": [{"Node Type": "Nested Loop","Parent Relationship": "Outer","Parallel Aware": false,"Async Capable": false,"Join Type": "Inner","Startup Cost": 210537.69,"Total Cost": 289682.32,"Plan Rows": 153265,"Plan Width": 25,"Actual Startup Time": 10104.129,"Actual Total Time": 10275.947,"Actual Rows": 16,"Actual Loops": 4,"Inner Unique": false,"Workers": [],"Plans": [{"Node Type": "Hash Join","Parent Relationship": "Outer","Parallel Aware": false,"Async Capable": false,"Join Type": "Inner","Startup Cost": 210537.26,"Total Cost": 242741.13,"Plan Rows": 38308,"Plan Width": 24,"Actual Startup Time": 10104.052,"Actual Total Time": 10275.739,"Actual Rows": 2,"Actual Loops": 4,"Inner Unique": true,"Hash Cond": "(orders.o_orderkey = lineitem_1.l_orderkey)","Workers": [],"Plans": [{"Node Type": "Seq Scan","Parent Relationship": "Outer","Parallel Aware": true,"Async Capable": false,"Relation Name": "orders","Alias": "orders","Startup Cost": 0.00,"Total Cost": 30933.71,"Plan Rows": 483871,"Plan Width": 20,"Actual Startup Time": 0.007,"Actual Total Time": 53.689,"Actual Rows": 375000,"Actual Loops": 4,"Workers": []},{"Node Type": "Hash","Parent Relationship": "Inner","Parallel Aware": false,"Async Capable": false,"Startup Cost": 209052.81,"Total Cost": 209052.81,"Plan Rows": 118756,"Plan Width": 4,"Actual Startup Time": 10025.157,"Actual Total Time": 10025.166,"Actual Rows": 9,"Actual Loops": 4,"Hash Buckets": 131072,"Original Hash Buckets": 131072,"Hash Batches": 1,"Original Hash Batches": 1,"Peak Memory Usage": 1025,"Workers": [],"Plans": [{"Node Type": "Aggregate","Strategy": "Hashed","Partial Mode": "Simple","Parent Relationship": "Outer","Parallel Aware": false,"Async Capable": false,"Startup Cost": 202521.23,"Total Cost": 207865.25,"Plan Rows": 118756,"Plan Width": 4,"Actual Startup Time": 6285.839,"Actual Total Time": 10024.981,"Actual Rows": 9,"Actual Loops": 4,"Group Key": ["lineitem_1.l_orderkey"],"Filter": "(sum(lineitem_1.l_quantity) > '314'::numeric)","Planned Partitions": 0,"HashAgg Batches": 1,"Peak Memory Usage": 638993,"Disk Usage": 0,"Rows Removed by Filter": 1499991,"Workers": [{"Worker Number": 0,"HashAgg Batches": 1,"Peak Memory Usage": 638993,"Disk Usage": 0},{"Worker Number": 1,"HashAgg Batches": 1,"Peak Memory Usage": 638993,"Disk Usage": 0},{"Worker Number": 2,"HashAgg Batches": 1,"Peak Memory Usage": 638993,"Disk Usage": 0}],"Plans": [{"Node Type": "Seq Scan","Parent Relationship": "Outer","Parallel Aware": false,"Async Capable": false,"Relation Name": "lineitem","Alias": "lineitem_1","Startup Cost": 0.00,"Total Cost": 172515.15,"Plan Rows": 6001215,"Plan Width": 9,"Actual Startup Time": 0.019,"Actual Total Time": 931.752,"Actual Rows": 6001215,"Actual Loops": 4,"Workers": []}]}]}]},{"Node Type": "Index Scan","Parent Relationship": "Inner","Parallel Aware": false,"Async Capable": false,"Scan Direction": "Forward","Index Name": "idx_lineitem_orderkey","Relation Name": "lineitem","Alias": "lineitem","Startup Cost": 0.43,"Total Cost": 1.06,"Plan Rows": 17,"Plan Width": 9,"Actual Startup Time": 0.055,"Actual Total Time": 0.062,"Actual Rows": 7,"Actual Loops": 9,"Index Cond": "(l_orderkey = orders.o_orderkey)","Rows Removed by Index Recheck": 0,"Workers": []}]},{"Node Type": "Hash","Parent Relationship": "Inner","Parallel Aware": true,"Async Capable": false,"Startup Cost": 4210.00,"Total Cost": 4210.00,"Plan Rows": 62500,"Plan Width": 23,"Actual Startup Time": 36.172,"Actual Total Time": 36.190,"Actual Rows": 37500,"Actual Loops": 4,"Hash Buckets": 262144,"Original Hash Buckets": 262144,"Hash Batches": 1,"Original Hash Batches": 1,"Peak Memory Usage": 10336,"Workers": [],"Plans": [{"Node Type": "Seq Scan","Parent Relationship": "Outer","Parallel Aware": true,"Async Capable": false,"Relation Name": "customer","Alias": "customer","Startup Cost": 0.00,"Total Cost": 4210.00,"Plan Rows": 62500,"Plan Width": 23,"Actual Startup Time": 0.024,"Actual Total Time": 17.933,"Actual Rows": 37500,"Actual Loops": 4,"Workers": []}]}]}]}]}]},"Planning Time": 6.881,"Triggers": [],"Execution Time": 10893.482}]
[{"Plan": {"Node Type": "Sort","Parallel Aware": false,"Async Capable": false,"Startup Cost": 397889.21,"Total Cost": 399077.01,"Plan Rows": 475120,"Plan Width": 71,"Actual Startup Time": 10950.105,"Actual Total Time": 10953.954,"Actual Rows": 9,"Actual Loops": 1,"Sort Key": ["orders.o_totalprice DESC", "orders.o_orderdate"],"Sort Method": "quicksort","Sort Space Used": 25,"Sort Space Type": "Memory","Plans": [{"Node Type": "Aggregate","Strategy": "Hashed","Partial Mode": "Simple","Parent Relationship": "Outer","Parallel Aware": false,"Async Capable": false,"Startup Cost": 347151.30,"Total Cost": 353090.30,"Plan Rows": 475120,"Plan Width": 71,"Actual Startup Time": 10902.471,"Actual Total Time": 10953.715,"Actual Rows": 9,"Actual Loops": 1,"Group Key": ["customer.c_custkey", "orders.o_orderkey"],"Planned Partitions": 0,"HashAgg Batches": 1,"Peak Memory Usage": 24601,"Disk Usage": 0,"Plans": [{"Node Type": "Gather","Parent Relationship": "Outer","Parallel Aware": false,"Async Capable": false,"Startup Cost": 216528.94,"Total Cost": 343587.90,"Plan Rows": 475120,"Plan Width": 44,"Actual Startup Time": 10893.800,"Actual Total Time": 10897.693,"Actual Rows": 63,"Actual Loops": 1,"Workers Planned": 3,"Workers Launched": 3,"Single Copy": false,"Plans": [{"Node Type": "Hash Join","Parent Relationship": "Outer","Parallel Aware": true,"Async Capable": false,"Join Type": "Inner","Startup Cost": 215528.94,"Total Cost": 295075.90,"Plan Rows": 153265,"Plan Width": 44,"Actual Startup Time": 10134.253,"Actual Total Time": 10314.794,"Actual Rows": 16,"Actual Loops": 4,"Inner Unique": true,"Hash Cond": "(orders.o_custkey = customer.c_custkey)","Workers": [],"Plans": [{"Node Type": "Nested Loop","Parent Relationship": "Outer","Parallel Aware": false,"Async Capable": false,"Join Type": "Inner","Startup Cost": 210537.69,"Total Cost": 289682.32,"Plan Rows": 153265,"Plan Width": 25,"Actual Startup Time": 10099.687,"Actual Total Time": 10280.153,"Actual Rows": 16,"Actual Loops": 4,"Inner Unique": false,"Workers": [],"Plans": [{"Node Type": "Hash Join","Parent Relationship": "Outer","Parallel Aware": false,"Async Capable": false,"Join Type": "Inner","Startup Cost": 210537.26,"Total Cost": 242741.13,"Plan Rows": 38308,"Plan Width": 24,"Actual Startup Time": 10099.575,"Actual Total Time": 10279.892,"Actual Rows": 2,"Actual Loops": 4,"Inner Unique": true,"Hash Cond": "(orders.o_orderkey = lineitem_1.l_orderkey)","Workers": [],"Plans": [{"Node Type": "Seq Scan","Parent Relationship": "Outer","Parallel Aware": true,"Async Capable": false,"Relation Name": "orders","Alias": "orders","Startup Cost": 0.00,"Total Cost": 30933.71,"Plan Rows": 483871,"Plan Width": 20,"Actual Startup Time": 0.011,"Actual Total Time": 51.627,"Actual Rows": 375000,"Actual Loops": 4,"Workers": []},{"Node Type": "Hash","Parent Relationship": "Inner","Parallel Aware": false,"Async Capable": false,"Startup Cost": 209052.81,"Total Cost": 209052.81,"Plan Rows": 118756,"Plan Width": 4,"Actual Startup Time": 10016.825,"Actual Total Time": 10016.839,"Actual Rows": 9,"Actual Loops": 4,"Hash Buckets": 131072,"Original Hash Buckets": 131072,"Hash Batches": 1,"Original Hash Batches": 1,"Peak Memory Usage": 1025,"Workers": [],"Plans": [{"Node Type": "Aggregate","Strategy": "Hashed","Partial Mode": "Simple","Parent Relationship": "Outer","Parallel Aware": false,"Async Capable": false,"Startup Cost": 202521.23,"Total Cost": 207865.25,"Plan Rows": 118756,"Plan Width": 4,"Actual Startup Time": 6319.140,"Actual Total Time": 10016.671,"Actual Rows": 9,"Actual Loops": 4,"Group Key": ["lineitem_1.l_orderkey"],"Filter": "(sum(lineitem_1.l_quantity) > '315'::numeric)","Planned Partitions": 0,"HashAgg Batches": 1,"Peak Memory Usage": 638993,"Disk Usage": 0,"Rows Removed by Filter": 1499991,"Workers": [{"Worker Number": 0,"HashAgg Batches": 1,"Peak Memory Usage": 638993,"Disk Usage": 0},{"Worker Number": 1,"HashAgg Batches": 1,"Peak Memory Usage": 638993,"Disk Usage": 0},{"Worker Number": 2,"HashAgg Batches": 1,"Peak Memory Usage": 638993,"Disk Usage": 0}],"Plans": [{"Node Type": "Seq Scan","Parent Relationship": "Outer","Parallel Aware": false,"Async Capable": false,"Relation Name": "lineitem","Alias": "lineitem_1","Startup Cost": 0.00,"Total Cost": 172515.15,"Plan Rows": 6001215,"Plan Width": 9,"Actual Startup Time": 0.018,"Actual Total Time": 971.843,"Actual Rows": 6001215,"Actual Loops": 4,"Workers": []}]}]}]},{"Node Type": "Index Scan","Parent Relationship": "Inner","Parallel Aware": false,"Async Capable": false,"Scan Direction": "Forward","Index Name": "idx_lineitem_orderkey","Relation Name": "lineitem","Alias": "lineitem","Startup Cost": 0.43,"Total Cost": 1.06,"Plan Rows": 17,"Plan Width": 9,"Actual Startup Time": 0.069,"Actual Total Time": 0.079,"Actual Rows": 7,"Actual Loops": 9,"Index Cond": "(l_orderkey = orders.o_orderkey)","Rows Removed by Index Recheck": 0,"Workers": []}]},{"Node Type": "Hash","Parent Relationship": "Inner","Parallel Aware": true,"Async Capable": false,"Startup Cost": 4210.00,"Total Cost": 4210.00,"Plan Rows": 62500,"Plan Width": 23,"Actual Startup Time": 33.677,"Actual Total Time": 33.684,"Actual Rows": 37500,"Actual Loops": 4,"Hash Buckets": 262144,"Original Hash Buckets": 262144,"Hash Batches": 1,"Original Hash Batches": 1,"Peak Memory Usage": 10368,"Workers": [],"Plans": [{"Node Type": "Seq Scan","Parent Relationship": "Outer","Parallel Aware": true,"Async Capable": false,"Relation Name": "customer","Alias": "customer","Startup Cost": 0.00,"Total Cost": 4210.00,"Plan Rows": 62500,"Plan Width": 23,"Actual Startup Time": 0.019,"Actual Total Time": 16.715,"Actual Rows": 37500,"Actual Loops": 4,"Workers": []}]}]}]}]}]},"Planning Time": 6.132,"Triggers": [],"Execution Time": 11002.531}]
[{"Plan": {"Node Type": "Sort","Parallel Aware": false,"Async Capable": false,"Startup Cost": 397889.21,"Total Cost": 399077.01,"Plan Rows": 475120,"Plan Width": 71,"Actual Startup Time": 10785.011,"Actual Total Time": 10839.032,"Actual Rows": 9,"Actual Loops": 1,"Sort Key": ["orders.o_totalprice DESC", "orders.o_orderdate"],"Sort Method": "quicksort","Sort Space Used": 25,"Sort Space Type": "Memory","Plans": [{"Node Type": "Aggregate","Strategy": "Hashed","Partial Mode": "Simple","Parent Relationship": "Outer","Parallel Aware": false,"Async Capable": false,"Startup Cost": 347151.30,"Total Cost": 353090.30,"Plan Rows": 475120,"Plan Width": 71,"Actual Startup Time": 10763.855,"Actual Total Time": 10838.848,"Actual Rows": 9,"Actual Loops": 1,"Group Key": ["customer.c_custkey", "orders.o_orderkey"],"Planned Partitions": 0,"HashAgg Batches": 1,"Peak Memory Usage": 24601,"Disk Usage": 0,"Plans": [{"Node Type": "Gather","Parent Relationship": "Outer","Parallel Aware": false,"Async Capable": false,"Startup Cost": 216528.94,"Total Cost": 343587.90,"Plan Rows": 475120,"Plan Width": 44,"Actual Startup Time": 9674.071,"Actual Total Time": 10813.470,"Actual Rows": 63,"Actual Loops": 1,"Workers Planned": 3,"Workers Launched": 3,"Single Copy": false,"Plans": [{"Node Type": "Hash Join","Parent Relationship": "Outer","Parallel Aware": true,"Async Capable": false,"Join Type": "Inner","Startup Cost": 215528.94,"Total Cost": 295075.90,"Plan Rows": 153265,"Plan Width": 44,"Actual Startup Time": 10141.072,"Actual Total Time": 10312.965,"Actual Rows": 16,"Actual Loops": 4,"Inner Unique": true,"Hash Cond": "(orders.o_custkey = customer.c_custkey)","Workers": [],"Plans": [{"Node Type": "Nested Loop","Parent Relationship": "Outer","Parallel Aware": false,"Async Capable": false,"Join Type": "Inner","Startup Cost": 210537.69,"Total Cost": 289682.32,"Plan Rows": 153265,"Plan Width": 25,"Actual Startup Time": 10104.129,"Actual Total Time": 10275.947,"Actual Rows": 16,"Actual Loops": 4,"Inner Unique": false,"Workers": [],"Plans": [{"Node Type": "Hash Join","Parent Relationship": "Outer","Parallel Aware": false,"Async Capable": false,"Join Type": "Inner","Startup Cost": 210537.26,"Total Cost": 242741.13,"Plan Rows": 38308,"Plan Width": 24,"Actual Startup Time": 10104.052,"Actual Total Time": 10275.739,"Actual Rows": 2,"Actual Loops": 4,"Inner Unique": true,"Hash Cond": "(orders.o_orderkey = lineitem_1.l_orderkey)","Workers": [],"Plans": [{"Node Type": "Seq Scan","Parent Relationship": "Outer","Parallel Aware": true,"Async Capable": false,"Relation Name": "orders","Alias": "orders","Startup Cost": 0.00,"Total Cost": 30933.71,"Plan Rows": 483871,"Plan Width": 20,"Actual Startup Time": 0.007,"Actual Total Time": 53.689,"Actual Rows": 375000,"Actual Loops": 4,"Workers": []},{"Node Type": "Hash","Parent Relationship": "Inner","Parallel Aware": false,"Async Capable": false,"Startup Cost": 209052.81,"Total Cost": 209052.81,"Plan Rows": 118756,"Plan Width": 4,"Actual Startup Time": 10025.157,"Actual Total Time": 10025.166,"Actual Rows": 9,"Actual Loops": 4,"Hash Buckets": 131072,"Original Hash Buckets": 131072,"Hash Batches": 1,"Original Hash Batches": 1,"Peak Memory Usage": 1025,"Workers": [],"Plans": [{"Node Type": "Aggregate","Strategy": "Hashed","Partial Mode": "Simple","Parent Relationship": "Outer","Parallel Aware": false,"Async Capable": false,"Startup Cost": 202521.23,"Total Cost": 207865.25,"Plan Rows": 118756,"Plan Width": 4,"Actual Startup Time": 6285.839,"Actual Total Time": 10024.981,"Actual Rows": 9,"Actual Loops": 4,"Group Key": ["lineitem_1.l_orderkey"],"Filter": "(sum(lineitem_1.l_quantity) > '314'::numeric)","Planned Partitions": 0,"HashAgg Batches": 1,"Peak Memory Usage": 638993,"Disk Usage": 0,"Rows Removed by Filter": 1499991,"Workers": [{"Worker Number": 0,"HashAgg Batches": 1,"Peak Memory Usage": 638993,"Disk Usage": 0},{"Worker Number": 1,"HashAgg Batches": 1,"Peak Memory Usage": 638993,"Disk Usage": 0},{"Worker Number": 2,"HashAgg Batches": 1,"Peak Memory Usage": 638993,"Disk Usage": 0}],"Plans": [{"Node Type": "Seq Scan","Parent Relationship": "Outer","Parallel Aware": false,"Async Capable": false,"Relation Name": "lineitem","Alias": "lineitem_1","Startup Cost": 0.00,"Total Cost": 172515.15,"Plan Rows": 6001215,"Plan Width": 9,"Actual Startup Time": 0.019,"Actual Total Time": 931.752,"Actual Rows": 6001215,"Actual Loops": 4,"Workers": []}]}]}]},{"Node Type": "Index Scan","Parent Relationship": "Inner","Parallel Aware": false,"Async Capable": false,"Scan Direction": "Forward","Index Name": "idx_lineitem_orderkey","Relation Name": "lineitem","Alias": "lineitem","Startup Cost": 0.43,"Total Cost": 1.06,"Plan Rows": 17,"Plan Width": 9,"Actual Startup Time": 0.055,"Actual Total Time": 0.062,"Actual Rows": 7,"Actual Loops": 9,"Index Cond": "(l_orderkey = orders.o_orderkey)","Rows Removed by Index Recheck": 0,"Workers": []}]},{"Node Type": "Hash","Parent Relationship": "Inner","Parallel Aware": true,"Async Capable": false,"Startup Cost": 4210.00,"Total Cost": 4210.00,"Plan Rows": 62500,"Plan Width": 23,"Actual Startup Time": 36.172,"Actual Total Time": 36.190,"Actual Rows": 37500,"Actual Loops": 4,"Hash Buckets": 262144,"Original Hash Buckets": 262144,"Hash Batches": 1,"Original Hash Batches": 1,"Peak Memory Usage": 10336,"Workers": [],"Plans": [{"Node Type": "Seq Scan","Parent Relationship": "Outer","Parallel Aware": true,"Async Capable": false,"Relation Name": "customer","Alias": "customer","Startup Cost": 0.00,"Total Cost": 4210.00,"Plan Rows": 62500,"Plan Width": 23,"Actual Startup Time": 0.024,"Actual Total Time": 17.933,"Actual Rows": 37500,"Actual Loops": 4,"Workers": []}]}]}]}]}]},"Planning Time": 6.881,"Triggers": [],"Execution Time": 10893.482}]
[{"Plan": {"Node Type": "Sort","Parallel Aware": false,"Async Capable": false,"Startup Cost": 397889.21,"Total Cost": 399077.01,"Plan Rows": 475120,"Plan Width": 71,"Actual Startup Time": 10887.509,"Actual Total Time": 10908.132,"Actual Rows": 10,"Actual Loops": 1,"Sort Key": ["orders.o_totalprice DESC", "orders.o_orderdate"],"Sort Method": "quicksort","Sort Space Used": 25,"Sort Space Type": "Memory","Plans": [{"Node Type": "Aggregate","Strategy": "Hashed","Partial Mode": "Simple","Parent Relationship": "Outer","Parallel Aware": false,"Async Capable": false,"Startup Cost": 347151.30,"Total Cost": 353090.30,"Plan Rows": 475120,"Plan Width": 71,"Actual Startup Time": 10848.812,"Actual Total Time": 10907.941,"Actual Rows": 10,"Actual Loops": 1,"Group Key": ["customer.c_custkey", "orders.o_orderkey"],"Planned Partitions": 0,"HashAgg Batches": 1,"Peak Memory Usage": 24601,"Disk Usage": 0,"Plans": [{"Node Type": "Gather","Parent Relationship": "Outer","Parallel Aware": false,"Async Capable": false,"Startup Cost": 216528.94,"Total Cost": 343587.90,"Plan Rows": 475120,"Plan Width": 44,"Actual Startup Time": 10782.037,"Actual Total Time": 10858.151,"Actual Rows": 70,"Actual Loops": 1,"Workers Planned": 3,"Workers Launched": 3,"Single Copy": false,"Plans": [{"Node Type": "Hash Join","Parent Relationship": "Outer","Parallel Aware": true,"Async Capable": false,"Join Type": "Inner","Startup Cost": 215528.94,"Total Cost": 295075.90,"Plan Rows": 153265,"Plan Width": 44,"Actual Startup Time": 10180.765,"Actual Total Time": 10348.312,"Actual Rows": 18,"Actual Loops": 4,"Inner Unique": true,"Hash Cond": "(orders.o_custkey = customer.c_custkey)","Workers": [],"Plans": [{"Node Type": "Nested Loop","Parent Relationship": "Outer","Parallel Aware": false,"Async Capable": false,"Join Type": "Inner","Startup Cost": 210537.69,"Total Cost": 289682.32,"Plan Rows": 153265,"Plan Width": 25,"Actual Startup Time": 10142.809,"Actual Total Time": 10310.270,"Actual Rows": 18,"Actual Loops": 4,"Inner Unique": false,"Workers": [],"Plans": [{"Node Type": "Hash Join","Parent Relationship": "Outer","Parallel Aware": false,"Async Capable": false,"Join Type": "Inner","Startup Cost": 210537.26,"Total Cost": 242741.13,"Plan Rows": 38308,"Plan Width": 24,"Actual Startup Time": 10142.670,"Actual Total Time": 10309.991,"Actual Rows": 2,"Actual Loops": 4,"Inner Unique": true,"Hash Cond": "(orders.o_orderkey = lineitem_1.l_orderkey)","Workers": [],"Plans": [{"Node Type": "Seq Scan","Parent Relationship": "Outer","Parallel Aware": true,"Async Capable": false,"Relation Name": "orders","Alias": "orders","Startup Cost": 0.00,"Total Cost": 30933.71,"Plan Rows": 483871,"Plan Width": 20,"Actual Startup Time": 0.009,"Actual Total Time": 49.040,"Actual Rows": 375000,"Actual Loops": 4,"Workers": []},{"Node Type": "Hash","Parent Relationship": "Inner","Parallel Aware": false,"Async Capable": false,"Startup Cost": 209052.81,"Total Cost": 209052.81,"Plan Rows": 118756,"Plan Width": 4,"Actual Startup Time": 10075.163,"Actual Total Time": 10075.176,"Actual Rows": 10,"Actual Loops": 4,"Hash Buckets": 131072,"Original Hash Buckets": 131072,"Hash Batches": 1,"Original Hash Batches": 1,"Peak Memory Usage": 1025,"Workers": [],"Plans": [{"Node Type": "Aggregate","Strategy": "Hashed","Partial Mode": "Simple","Parent Relationship": "Outer","Parallel Aware": false,"Async Capable": false,"Startup Cost": 202521.23,"Total Cost": 207865.25,"Plan Rows": 118756,"Plan Width": 4,"Actual Startup Time": 6293.151,"Actual Total Time": 10074.968,"Actual Rows": 10,"Actual Loops": 4,"Group Key": ["lineitem_1.l_orderkey"],"Filter": "(sum(lineitem_1.l_quantity) > '312'::numeric)","Planned Partitions": 0,"HashAgg Batches": 1,"Peak Memory Usage": 638993,"Disk Usage": 0,"Rows Removed by Filter": 1499990,"Workers": [{"Worker Number": 0,"HashAgg Batches": 1,"Peak Memory Usage": 638993,"Disk Usage": 0},{"Worker Number": 1,"HashAgg Batches": 1,"Peak Memory Usage": 638993,"Disk Usage": 0},{"Worker Number": 2,"HashAgg Batches": 1,"Peak Memory Usage": 638993,"Disk Usage": 0}],"Plans": [{"Node Type": "Seq Scan","Parent Relationship": "Outer","Parallel Aware": false,"Async Capable": false,"Relation Name": "lineitem","Alias": "lineitem_1","Startup Cost": 0.00,"Total Cost": 172515.15,"Plan Rows": 6001215,"Plan Width": 9,"Actual Startup Time": 0.021,"Actual Total Time": 960.546,"Actual Rows": 6001215,"Actual Loops": 4,"Workers": []}]}]}]},{"Node Type": "Index Scan","Parent Relationship": "Inner","Parallel Aware": false,"Async Capable": false,"Scan Direction": "Forward","Index Name": "idx_lineitem_orderkey","Relation Name": "lineitem","Alias": "lineitem","Startup Cost": 0.43,"Total Cost": 1.06,"Plan Rows": 17,"Plan Width": 9,"Actual Startup Time": 0.072,"Actual Total Time": 0.079,"Actual Rows": 7,"Actual Loops": 10,"Index Cond": "(l_orderkey = orders.o_orderkey)","Rows Removed by Index Recheck": 0,"Workers": []}]},{"Node Type": "Hash","Parent Relationship": "Inner","Parallel Aware": true,"Async Capable": false,"Startup Cost": 4210.00,"Total Cost": 4210.00,"Plan Rows": 62500,"Plan Width": 23,"Actual Startup Time": 37.105,"Actual Total Time": 37.114,"Actual Rows": 37500,"Actual Loops": 4,"Hash Buckets": 262144,"Original Hash Buckets": 262144,"Hash Batches": 1,"Original Hash Batches": 1,"Peak Memory Usage": 10368,"Workers": [],"Plans": [{"Node Type": "Seq Scan","Parent Relationship": "Outer","Parallel Aware": true,"Async Capable": false,"Relation Name": "customer","Alias": "customer","Startup Cost": 0.00,"Total Cost": 4210.00,"Plan Rows": 62500,"Plan Width": 23,"Actual Startup Time": 0.025,"Actual Total Time": 19.726,"Actual Rows": 37500,"Actual Loops": 4,"Workers": []}]}]}]}]}]},"Planning Time": 6.715,"Triggers": [],"Execution Time": 10961.817}]
[{"Plan": {"Node Type": "Sort","Parallel Aware": false,"Async Capable": false,"Startup Cost": 397889.21,"Total Cost": 399077.01,"Plan Rows": 475120,"Plan Width": 71,"Actual Startup Time": 10785.011,"Actual Total Time": 10839.032,"Actual Rows": 9,"Actual Loops": 1,"Sort Key": ["orders.o_totalprice DESC", "orders.o_orderdate"],"Sort Method": "quicksort","Sort Space Used": 25,"Sort Space Type": "Memory","Plans": [{"Node Type": "Aggregate","Strategy": "Hashed","Partial Mode": "Simple","Parent Relationship": "Outer","Parallel Aware": false,"Async Capable": false,"Startup Cost": 347151.30,"Total Cost": 353090.30,"Plan Rows": 475120,"Plan Width": 71,"Actual Startup Time": 10763.855,"Actual Total Time": 10838.848,"Actual Rows": 9,"Actual Loops": 1,"Group Key": ["customer.c_custkey", "orders.o_orderkey"],"Planned Partitions": 0,"HashAgg Batches": 1,"Peak Memory Usage": 24601,"Disk Usage": 0,"Plans": [{"Node Type": "Gather","Parent Relationship": "Outer","Parallel Aware": false,"Async Capable": false,"Startup Cost": 216528.94,"Total Cost": 343587.90,"Plan Rows": 475120,"Plan Width": 44,"Actual Startup Time": 9674.071,"Actual Total Time": 10813.470,"Actual Rows": 63,"Actual Loops": 1,"Workers Planned": 3,"Workers Launched": 3,"Single Copy": false,"Plans": [{"Node Type": "Hash Join","Parent Relationship": "Outer","Parallel Aware": true,"Async Capable": false,"Join Type": "Inner","Startup Cost": 215528.94,"Total Cost": 295075.90,"Plan Rows": 153265,"Plan Width": 44,"Actual Startup Time": 10141.072,"Actual Total Time": 10312.965,"Actual Rows": 16,"Actual Loops": 4,"Inner Unique": true,"Hash Cond": "(orders.o_custkey = customer.c_custkey)","Workers": [],"Plans": [{"Node Type": "Nested Loop","Parent Relationship": "Outer","Parallel Aware": false,"Async Capable": false,"Join Type": "Inner","Startup Cost": 210537.69,"Total Cost": 289682.32,"Plan Rows": 153265,"Plan Width": 25,"Actual Startup Time": 10104.129,"Actual Total Time": 10275.947,"Actual Rows": 16,"Actual Loops": 4,"Inner Unique": false,"Workers": [],"Plans": [{"Node Type": "Hash Join","Parent Relationship": "Outer","Parallel Aware": false,"Async Capable": false,"Join Type": "Inner","Startup Cost": 210537.26,"Total Cost": 242741.13,"Plan Rows": 38308,"Plan Width": 24,"Actual Startup Time": 10104.052,"Actual Total Time": 10275.739,"Actual Rows": 2,"Actual Loops": 4,"Inner Unique": true,"Hash Cond": "(orders.o_orderkey = lineitem_1.l_orderkey)","Workers": [],"Plans": [{"Node Type": "Seq Scan","Parent Relationship": "Outer","Parallel Aware": true,"Async Capable": false,"Relation Name": "orders","Alias": "orders","Startup Cost": 0.00,"Total Cost": 30933.71,"Plan Rows": 483871,"Plan Width": 20,"Actual Startup Time": 0.007,"Actual Total Time": 53.689,"Actual Rows": 375000,"Actual Loops": 4,"Workers": []},{"Node Type": "Hash","Parent Relationship": "Inner","Parallel Aware": false,"Async Capable": false,"Startup Cost": 209052.81,"Total Cost": 209052.81,"Plan Rows": 118756,"Plan Width": 4,"Actual Startup Time": 10025.157,"Actual Total Time": 10025.166,"Actual Rows": 9,"Actual Loops": 4,"Hash Buckets": 131072,"Original Hash Buckets": 131072,"Hash Batches": 1,"Original Hash Batches": 1,"Peak Memory Usage": 1025,"Workers": [],"Plans": [{"Node Type": "Aggregate","Strategy": "Hashed","Partial Mode": "Simple","Parent Relationship": "Outer","Parallel Aware": false,"Async Capable": false,"Startup Cost": 202521.23,"Total Cost": 207865.25,"Plan Rows": 118756,"Plan Width": 4,"Actual Startup Time": 6285.839,"Actual Total Time": 10024.981,"Actual Rows": 9,"Actual Loops": 4,"Group Key": ["lineitem_1.l_orderkey"],"Filter": "(sum(lineitem_1.l_quantity) > '314'::numeric)","Planned Partitions": 0,"HashAgg Batches": 1,"Peak Memory Usage": 638993,"Disk Usage": 0,"Rows Removed by Filter": 1499991,"Workers": [{"Worker Number": 0,"HashAgg Batches": 1,"Peak Memory Usage": 638993,"Disk Usage": 0},{"Worker Number": 1,"HashAgg Batches": 1,"Peak Memory Usage": 638993,"Disk Usage": 0},{"Worker Number": 2,"HashAgg Batches": 1,"Peak Memory Usage": 638993,"Disk Usage": 0}],"Plans": [{"Node Type": "Seq Scan","Parent Relationship": "Outer","Parallel Aware": false,"Async Capable": false,"Relation Name": "lineitem","Alias": "lineitem_1","Startup Cost": 0.00,"Total Cost": 172515.15,"Plan Rows": 6001215,"Plan Width": 9,"Actual Startup Time": 0.019,"Actual Total Time": 931.752,"Actual Rows": 6001215,"Actual Loops": 4,"Workers": []}]}]}]},{"Node Type": "Index Scan","Parent Relationship": "Inner","Parallel Aware": false,"Async Capable": false,"Scan Direction": "Forward","Index Name": "idx_lineitem_orderkey","Relation Name": "lineitem","Alias": "lineitem","Startup Cost": 0.43,"Total Cost": 1.06,"Plan Rows": 17,"Plan Width": 9,"Actual Startup Time": 0.055,"Actual Total Time": 0.062,"Actual Rows": 7,"Actual Loops": 9,"Index Cond": "(l_orderkey = orders.o_orderkey)","Rows Removed by Index Recheck": 0,"Workers": []}]},{"Node Type": "Hash","Parent Relationship": "Inner","Parallel Aware": true,"Async Capable": false,"Startup Cost": 4210.00,"Total Cost": 4210.00,"Plan Rows": 62500,"Plan Width": 23,"Actual Startup Time": 36.172,"Actual Total Time": 36.190,"Actual Rows": 37500,"Actual Loops": 4,"Hash Buckets": 262144,"Original Hash Buckets": 262144,"Hash Batches": 1,"Original Hash Batches": 1,"Peak Memory Usage": 10336,"Workers": [],"Plans": [{"Node Type": "Seq Scan","Parent Relationship": "Outer","Parallel Aware": true,"Async Capable": false,"Relation Name": "customer","Alias": "customer","Startup Cost": 0.00,"Total Cost": 4210.00,"Plan Rows": 62500,"Plan Width": 23,"Actual Startup Time": 0.024,"Actual Total Time": 17.933,"Actual Rows": 37500,"Actual Loops": 4,"Workers": []}]}]}]}]}]},"Planning Time": 6.881,"Triggers": [],"Execution Time": 10893.482}]
[{"Plan": {"Node Type": "Sort","Parallel Aware": false,"Async Capable": false,"Startup Cost": 397889.21,"Total Cost": 399077.01,"Plan Rows": 475120,"Plan Width": 71,"Actual Startup Time": 10785.011,"Actual Total Time": 10839.032,"Actual Rows": 9,"Actual Loops": 1,"Sort Key": ["orders.o_totalprice DESC", "orders.o_orderdate"],"Sort Method": "quicksort","Sort Space Used": 25,"Sort Space Type": "Memory","Plans": [{"Node Type": "Aggregate","Strategy": "Hashed","Partial Mode": "Simple","Parent Relationship": "Outer","Parallel Aware": false,"Async Capable": false,"Startup Cost": 347151.30,"Total Cost": 353090.30,"Plan Rows": 475120,"Plan Width": 71,"Actual Startup Time": 10763.855,"Actual Total Time": 10838.848,"Actual Rows": 9,"Actual Loops": 1,"Group Key": ["customer.c_custkey", "orders.o_orderkey"],"Planned Partitions": 0,"HashAgg Batches": 1,"Peak Memory Usage": 24601,"Disk Usage": 0,"Plans": [{"Node Type": "Gather","Parent Relationship": "Outer","Parallel Aware": false,"Async Capable": false,"Startup Cost": 216528.94,"Total Cost": 343587.90,"Plan Rows": 475120,"Plan Width": 44,"Actual Startup Time": 9674.071,"Actual Total Time": 10813.470,"Actual Rows": 63,"Actual Loops": 1,"Workers Planned": 3,"Workers Launched": 3,"Single Copy": false,"Plans": [{"Node Type": "Hash Join","Parent Relationship": "Outer","Parallel Aware": true,"Async Capable": false,"Join Type": "Inner","Startup Cost": 215528.94,"Total Cost": 295075.90,"Plan Rows": 153265,"Plan Width": 44,"Actual Startup Time": 10141.072,"Actual Total Time": 10312.965,"Actual Rows": 16,"Actual Loops": 4,"Inner Unique": true,"Hash Cond": "(orders.o_custkey = customer.c_custkey)","Workers": [],"Plans": [{"Node Type": "Nested Loop","Parent Relationship": "Outer","Parallel Aware": false,"Async Capable": false,"Join Type": "Inner","Startup Cost": 210537.69,"Total Cost": 289682.32,"Plan Rows": 153265,"Plan Width": 25,"Actual Startup Time": 10104.129,"Actual Total Time": 10275.947,"Actual Rows": 16,"Actual Loops": 4,"Inner Unique": false,"Workers": [],"Plans": [{"Node Type": "Hash Join","Parent Relationship": "Outer","Parallel Aware": false,"Async Capable": false,"Join Type": "Inner","Startup Cost": 210537.26,"Total Cost": 242741.13,"Plan Rows": 38308,"Plan Width": 24,"Actual Startup Time": 10104.052,"Actual Total Time": 10275.739,"Actual Rows": 2,"Actual Loops": 4,"Inner Unique": true,"Hash Cond": "(orders.o_orderkey = lineitem_1.l_orderkey)","Workers": [],"Plans": [{"Node Type": "Seq Scan","Parent Relationship": "Outer","Parallel Aware": true,"Async Capable": false,"Relation Name": "orders","Alias": "orders","Startup Cost": 0.00,"Total Cost": 30933.71,"Plan Rows": 483871,"Plan Width": 20,"Actual Startup Time": 0.007,"Actual Total Time": 53.689,"Actual Rows": 375000,"Actual Loops": 4,"Workers": []},{"Node Type": "Hash","Parent Relationship": "Inner","Parallel Aware": false,"Async Capable": false,"Startup Cost": 209052.81,"Total Cost": 209052.81,"Plan Rows": 118756,"Plan Width": 4,"Actual Startup Time": 10025.157,"Actual Total Time": 10025.166,"Actual Rows": 9,"Actual Loops": 4,"Hash Buckets": 131072,"Original Hash Buckets": 131072,"Hash Batches": 1,"Original Hash Batches": 1,"Peak Memory Usage": 1025,"Workers": [],"Plans": [{"Node Type": "Aggregate","Strategy": "Hashed","Partial Mode": "Simple","Parent Relationship": "Outer","Parallel Aware": false,"Async Capable": false,"Startup Cost": 202521.23,"Total Cost": 207865.25,"Plan Rows": 118756,"Plan Width": 4,"Actual Startup Time": 6285.839,"Actual Total Time": 10024.981,"Actual Rows": 9,"Actual Loops": 4,"Group Key": ["lineitem_1.l_orderkey"],"Filter": "(sum(lineitem_1.l_quantity) > '314'::numeric)","Planned Partitions": 0,"HashAgg Batches": 1,"Peak Memory Usage": 638993,"Disk Usage": 0,"Rows Removed by Filter": 1499991,"Workers": [{"Worker Number": 0,"HashAgg Batches": 1,"Peak Memory Usage": 638993,"Disk Usage": 0},{"Worker Number": 1,"HashAgg Batches": 1,"Peak Memory Usage": 638993,"Disk Usage": 0},{"Worker Number": 2,"HashAgg Batches": 1,"Peak Memory Usage": 638993,"Disk Usage": 0}],"Plans": [{"Node Type": "Seq Scan","Parent Relationship": "Outer","Parallel Aware": false,"Async Capable": false,"Relation Name": "lineitem","Alias": "lineitem_1","Startup Cost": 0.00,"Total Cost": 172515.15,"Plan Rows": 6001215,"Plan Width": 9,"Actual Startup Time": 0.019,"Actual Total Time": 931.752,"Actual Rows": 6001215,"Actual Loops": 4,"Workers": []}]}]}]},{"Node Type": "Index Scan","Parent Relationship": "Inner","Parallel Aware": false,"Async Capable": false,"Scan Direction": "Forward","Index Name": "idx_lineitem_orderkey","Relation Name": "lineitem","Alias": "lineitem","Startup Cost": 0.43,"Total Cost": 1.06,"Plan Rows": 17,"Plan Width": 9,"Actual Startup Time": 0.055,"Actual Total Time": 0.062,"Actual Rows": 7,"Actual Loops": 9,"Index Cond": "(l_orderkey = orders.o_orderkey)","Rows Removed by Index Recheck": 0,"Workers": []}]},{"Node Type": "Hash","Parent Relationship": "Inner","Parallel Aware": true,"Async Capable": false,"Startup Cost": 4210.00,"Total Cost": 4210.00,"Plan Rows": 62500,"Plan Width": 23,"Actual Startup Time": 36.172,"Actual Total Time": 36.190,"Actual Rows": 37500,"Actual Loops": 4,"Hash Buckets": 262144,"Original Hash Buckets": 262144,"Hash Batches": 1,"Original Hash Batches": 1,"Peak Memory Usage": 10336,"Workers": [],"Plans": [{"Node Type": "Seq Scan","Parent Relationship": "Outer","Parallel Aware": true,"Async Capable": false,"Relation Name": "customer","Alias": "customer","Startup Cost": 0.00,"Total Cost": 4210.00,"Plan Rows": 62500,"Plan Width": 23,"Actual Startup Time": 0.024,"Actual Total Time": 17.933,"Actual Rows": 37500,"Actual Loops": 4,"Workers": []}]}]}]}]}]},"Planning Time": 6.881,"Triggers": [],"Execution Time": 10893.482}]
[{"Plan": {"Node Type": "Sort","Parallel Aware": false,"Async Capable": false,"Startup Cost": 397889.21,"Total Cost": 399077.01,"Plan Rows": 475120,"Plan Width": 71,"Actual Startup Time": 10345.847,"Actual Total Time": 10377.998,"Actual Rows": 9,"Actual Loops": 1,"Sort Key": ["orders.o_totalprice DESC", "orders.o_orderdate"],"Sort Method": "quicksort","Sort Space Used": 25,"Sort Space Type": "Memory","Plans": [{"Node Type": "Aggregate","Strategy": "Hashed","Partial Mode": "Simple","Parent Relationship": "Outer","Parallel Aware": false,"Async Capable": false,"Startup Cost": 347151.30,"Total Cost": 353090.30,"Plan Rows": 475120,"Plan Width": 71,"Actual Startup Time": 10329.232,"Actual Total Time": 10377.856,"Actual Rows": 9,"Actual Loops": 1,"Group Key": ["customer.c_custkey", "orders.o_orderkey"],"Planned Partitions": 0,"HashAgg Batches": 1,"Peak Memory Usage": 24601,"Disk Usage": 0,"Plans": [{"Node Type": "Gather","Parent Relationship": "Outer","Parallel Aware": false,"Async Capable": false,"Startup Cost": 216528.94,"Total Cost": 343587.90,"Plan Rows": 475120,"Plan Width": 44,"Actual Startup Time": 10053.961,"Actual Total Time": 10357.615,"Actual Rows": 63,"Actual Loops": 1,"Workers Planned": 3,"Workers Launched": 3,"Single Copy": false,"Plans": [{"Node Type": "Hash Join","Parent Relationship": "Outer","Parallel Aware": true,"Async Capable": false,"Join Type": "Inner","Startup Cost": 215528.94,"Total Cost": 295075.90,"Plan Rows": 153265,"Plan Width": 44,"Actual Startup Time": 10157.696,"Actual Total Time": 10258.651,"Actual Rows": 16,"Actual Loops": 4,"Inner Unique": true,"Hash Cond": "(orders.o_custkey = customer.c_custkey)","Workers": [],"Plans": [{"Node Type": "Nested Loop","Parent Relationship": "Outer","Parallel Aware": false,"Async Capable": false,"Join Type": "Inner","Startup Cost": 210537.69,"Total Cost": 289682.32,"Plan Rows": 153265,"Plan Width": 25,"Actual Startup Time": 10123.332,"Actual Total Time": 10224.239,"Actual Rows": 16,"Actual Loops": 4,"Inner Unique": false,"Workers": [],"Plans": [{"Node Type": "Hash Join","Parent Relationship": "Outer","Parallel Aware": false,"Async Capable": false,"Join Type": "Inner","Startup Cost": 210537.26,"Total Cost": 242741.13,"Plan Rows": 38308,"Plan Width": 24,"Actual Startup Time": 10123.186,"Actual Total Time": 10223.998,"Actual Rows": 2,"Actual Loops": 4,"Inner Unique": true,"Hash Cond": "(orders.o_orderkey = lineitem_1.l_orderkey)","Workers": [],"Plans": [{"Node Type": "Seq Scan","Parent Relationship": "Outer","Parallel Aware": true,"Async Capable": false,"Relation Name": "orders","Alias": "orders","Startup Cost": 0.00,"Total Cost": 30933.71,"Plan Rows": 483871,"Plan Width": 20,"Actual Startup Time": 0.011,"Actual Total Time": 49.852,"Actual Rows": 375000,"Actual Loops": 4,"Workers": []},{"Node Type": "Hash","Parent Relationship": "Inner","Parallel Aware": false,"Async Capable": false,"Startup Cost": 209052.81,"Total Cost": 209052.81,"Plan Rows": 118756,"Plan Width": 4,"Actual Startup Time": 10005.666,"Actual Total Time": 10005.673,"Actual Rows": 9,"Actual Loops": 4,"Hash Buckets": 131072,"Original Hash Buckets": 131072,"Hash Batches": 1,"Original Hash Batches": 1,"Peak Memory Usage": 1025,"Workers": [],"Plans": [{"Node Type": "Aggregate","Strategy": "Hashed","Partial Mode": "Simple","Parent Relationship": "Outer","Parallel Aware": false,"Async Capable": false,"Startup Cost": 202521.23,"Total Cost": 207865.25,"Plan Rows": 118756,"Plan Width": 4,"Actual Startup Time": 6310.010,"Actual Total Time": 10005.543,"Actual Rows": 9,"Actual Loops": 4,"Group Key": ["lineitem_1.l_orderkey"],"Filter": "(sum(lineitem_1.l_quantity) > '313'::numeric)","Planned Partitions": 0,"HashAgg Batches": 1,"Peak Memory Usage": 638993,"Disk Usage": 0,"Rows Removed by Filter": 1499991,"Workers": [{"Worker Number": 0,"HashAgg Batches": 1,"Peak Memory Usage": 638993,"Disk Usage": 0},{"Worker Number": 1,"HashAgg Batches": 1,"Peak Memory Usage": 638993,"Disk Usage": 0},{"Worker Number": 2,"HashAgg Batches": 1,"Peak Memory Usage": 638993,"Disk Usage": 0}],"Plans": [{"Node Type": "Seq Scan","Parent Relationship": "Outer","Parallel Aware": false,"Async Capable": false,"Relation Name": "lineitem","Alias": "lineitem_1","Startup Cost": 0.00,"Total Cost": 172515.15,"Plan Rows": 6001215,"Plan Width": 9,"Actual Startup Time": 0.020,"Actual Total Time": 994.479,"Actual Rows": 6001215,"Actual Loops": 4,"Workers": []}]}]}]},{"Node Type": "Index Scan","Parent Relationship": "Inner","Parallel Aware": false,"Async Capable": false,"Scan Direction": "Forward","Index Name": "idx_lineitem_orderkey","Relation Name": "lineitem","Alias": "lineitem","Startup Cost": 0.43,"Total Cost": 1.06,"Plan Rows": 17,"Plan Width": 9,"Actual Startup Time": 0.068,"Actual Total Time": 0.075,"Actual Rows": 7,"Actual Loops": 9,"Index Cond": "(l_orderkey = orders.o_orderkey)","Rows Removed by Index Recheck": 0,"Workers": []}]},{"Node Type": "Hash","Parent Relationship": "Inner","Parallel Aware": true,"Async Capable": false,"Startup Cost": 4210.00,"Total Cost": 4210.00,"Plan Rows": 62500,"Plan Width": 23,"Actual Startup Time": 33.578,"Actual Total Time": 33.582,"Actual Rows": 37500,"Actual Loops": 4,"Hash Buckets": 262144,"Original Hash Buckets": 262144,"Hash Batches": 1,"Original Hash Batches": 1,"Peak Memory Usage": 10336,"Workers": [],"Plans": [{"Node Type": "Seq Scan","Parent Relationship": "Outer","Parallel Aware": true,"Async Capable": false,"Relation Name": "customer","Alias": "customer","Startup Cost": 0.00,"Total Cost": 4210.00,"Plan Rows": 62500,"Plan Width": 23,"Actual Startup Time": 0.023,"Actual Total Time": 16.777,"Actual Rows": 37500,"Actual Loops": 4,"Workers": []}]}]}]}]}]},"Planning Time": 6.662,"Triggers": [],"Execution Time": 10430.266}]
[{"Plan": {"Node Type": "Sort","Parallel Aware": false,"Async Capable": false,"Startup Cost": 397889.21,"Total Cost": 399077.01,"Plan Rows": 475120,"Plan Width": 71,"Actual Startup Time": 10950.105,"Actual Total Time": 10953.954,"Actual Rows": 9,"Actual Loops": 1,"Sort Key": ["orders.o_totalprice DESC", "orders.o_orderdate"],"Sort Method": "quicksort","Sort Space Used": 25,"Sort Space Type": "Memory","Plans": [{"Node Type": "Aggregate","Strategy": "Hashed","Partial Mode": "Simple","Parent Relationship": "Outer","Parallel Aware": false,"Async Capable": false,"Startup Cost": 347151.30,"Total Cost": 353090.30,"Plan Rows": 475120,"Plan Width": 71,"Actual Startup Time": 10902.471,"Actual Total Time": 10953.715,"Actual Rows": 9,"Actual Loops": 1,"Group Key": ["customer.c_custkey", "orders.o_orderkey"],"Planned Partitions": 0,"HashAgg Batches": 1,"Peak Memory Usage": 24601,"Disk Usage": 0,"Plans": [{"Node Type": "Gather","Parent Relationship": "Outer","Parallel Aware": false,"Async Capable": false,"Startup Cost": 216528.94,"Total Cost": 343587.90,"Plan Rows": 475120,"Plan Width": 44,"Actual Startup Time": 10893.800,"Actual Total Time": 10897.693,"Actual Rows": 63,"Actual Loops": 1,"Workers Planned": 3,"Workers Launched": 3,"Single Copy": false,"Plans": [{"Node Type": "Hash Join","Parent Relationship": "Outer","Parallel Aware": true,"Async Capable": false,"Join Type": "Inner","Startup Cost": 215528.94,"Total Cost": 295075.90,"Plan Rows": 153265,"Plan Width": 44,"Actual Startup Time": 10134.253,"Actual Total Time": 10314.794,"Actual Rows": 16,"Actual Loops": 4,"Inner Unique": true,"Hash Cond": "(orders.o_custkey = customer.c_custkey)","Workers": [],"Plans": [{"Node Type": "Nested Loop","Parent Relationship": "Outer","Parallel Aware": false,"Async Capable": false,"Join Type": "Inner","Startup Cost": 210537.69,"Total Cost": 289682.32,"Plan Rows": 153265,"Plan Width": 25,"Actual Startup Time": 10099.687,"Actual Total Time": 10280.153,"Actual Rows": 16,"Actual Loops": 4,"Inner Unique": false,"Workers": [],"Plans": [{"Node Type": "Hash Join","Parent Relationship": "Outer","Parallel Aware": false,"Async Capable": false,"Join Type": "Inner","Startup Cost": 210537.26,"Total Cost": 242741.13,"Plan Rows": 38308,"Plan Width": 24,"Actual Startup Time": 10099.575,"Actual Total Time": 10279.892,"Actual Rows": 2,"Actual Loops": 4,"Inner Unique": true,"Hash Cond": "(orders.o_orderkey = lineitem_1.l_orderkey)","Workers": [],"Plans": [{"Node Type": "Seq Scan","Parent Relationship": "Outer","Parallel Aware": true,"Async Capable": false,"Relation Name": "orders","Alias": "orders","Startup Cost": 0.00,"Total Cost": 30933.71,"Plan Rows": 483871,"Plan Width": 20,"Actual Startup Time": 0.011,"Actual Total Time": 51.627,"Actual Rows": 375000,"Actual Loops": 4,"Workers": []},{"Node Type": "Hash","Parent Relationship": "Inner","Parallel Aware": false,"Async Capable": false,"Startup Cost": 209052.81,"Total Cost": 209052.81,"Plan Rows": 118756,"Plan Width": 4,"Actual Startup Time": 10016.825,"Actual Total Time": 10016.839,"Actual Rows": 9,"Actual Loops": 4,"Hash Buckets": 131072,"Original Hash Buckets": 131072,"Hash Batches": 1,"Original Hash Batches": 1,"Peak Memory Usage": 1025,"Workers": [],"Plans": [{"Node Type": "Aggregate","Strategy": "Hashed","Partial Mode": "Simple","Parent Relationship": "Outer","Parallel Aware": false,"Async Capable": false,"Startup Cost": 202521.23,"Total Cost": 207865.25,"Plan Rows": 118756,"Plan Width": 4,"Actual Startup Time": 6319.140,"Actual Total Time": 10016.671,"Actual Rows": 9,"Actual Loops": 4,"Group Key": ["lineitem_1.l_orderkey"],"Filter": "(sum(lineitem_1.l_quantity) > '315'::numeric)","Planned Partitions": 0,"HashAgg Batches": 1,"Peak Memory Usage": 638993,"Disk Usage": 0,"Rows Removed by Filter": 1499991,"Workers": [{"Worker Number": 0,"HashAgg Batches": 1,"Peak Memory Usage": 638993,"Disk Usage": 0},{"Worker Number": 1,"HashAgg Batches": 1,"Peak Memory Usage": 638993,"Disk Usage": 0},{"Worker Number": 2,"HashAgg Batches": 1,"Peak Memory Usage": 638993,"Disk Usage": 0}],"Plans": [{"Node Type": "Seq Scan","Parent Relationship": "Outer","Parallel Aware": false,"Async Capable": false,"Relation Name": "lineitem","Alias": "lineitem_1","Startup Cost": 0.00,"Total Cost": 172515.15,"Plan Rows": 6001215,"Plan Width": 9,"Actual Startup Time": 0.018,"Actual Total Time": 971.843,"Actual Rows": 6001215,"Actual Loops": 4,"Workers": []}]}]}]},{"Node Type": "Index Scan","Parent Relationship": "Inner","Parallel Aware": false,"Async Capable": false,"Scan Direction": "Forward","Index Name": "idx_lineitem_orderkey","Relation Name": "lineitem","Alias": "lineitem","Startup Cost": 0.43,"Total Cost": 1.06,"Plan Rows": 17,"Plan Width": 9,"Actual Startup Time": 0.069,"Actual Total Time": 0.079,"Actual Rows": 7,"Actual Loops": 9,"Index Cond": "(l_orderkey = orders.o_orderkey)","Rows Removed by Index Recheck": 0,"Workers": []}]},{"Node Type": "Hash","Parent Relationship": "Inner","Parallel Aware": true,"Async Capable": false,"Startup Cost": 4210.00,"Total Cost": 4210.00,"Plan Rows": 62500,"Plan Width": 23,"Actual Startup Time": 33.677,"Actual Total Time": 33.684,"Actual Rows": 37500,"Actual Loops": 4,"Hash Buckets": 262144,"Original Hash Buckets": 262144,"Hash Batches": 1,"Original Hash Batches": 1,"Peak Memory Usage": 10368,"Workers": [],"Plans": [{"Node Type": "Seq Scan","Parent Relationship": "Outer","Parallel Aware": true,"Async Capable": false,"Relation Name": "customer","Alias": "customer","Startup Cost": 0.00,"Total Cost": 4210.00,"Plan Rows": 62500,"Plan Width": 23,"Actual Startup Time": 0.019,"Actual Total Time": 16.715,"Actual Rows": 37500,"Actual Loops": 4,"Workers": []}]}]}]}]}]},"Planning Time": 6.132,"Triggers": [],"Execution Time": 11002.531}]
[{"Plan": {"Node Type": "Sort","Parallel Aware": false,"Async Capable": false,"Startup Cost": 397889.21,"Total Cost": 399077.01,"Plan Rows": 475120,"Plan Width": 71,"Actual Startup Time": 10785.011,"Actual Total Time": 10839.032,"Actual Rows": 9,"Actual Loops": 1,"Sort Key": ["orders.o_totalprice DESC", "orders.o_orderdate"],"Sort Method": "quicksort","Sort Space Used": 25,"Sort Space Type": "Memory","Plans": [{"Node Type": "Aggregate","Strategy": "Hashed","Partial Mode": "Simple","Parent Relationship": "Outer","Parallel Aware": false,"Async Capable": false,"Startup Cost": 347151.30,"Total Cost": 353090.30,"Plan Rows": 475120,"Plan Width": 71,"Actual Startup Time": 10763.855,"Actual Total Time": 10838.848,"Actual Rows": 9,"Actual Loops": 1,"Group Key": ["customer.c_custkey", "orders.o_orderkey"],"Planned Partitions": 0,"HashAgg Batches": 1,"Peak Memory Usage": 24601,"Disk Usage": 0,"Plans": [{"Node Type": "Gather","Parent Relationship": "Outer","Parallel Aware": false,"Async Capable": false,"Startup Cost": 216528.94,"Total Cost": 343587.90,"Plan Rows": 475120,"Plan Width": 44,"Actual Startup Time": 9674.071,"Actual Total Time": 10813.470,"Actual Rows": 63,"Actual Loops": 1,"Workers Planned": 3,"Workers Launched": 3,"Single Copy": false,"Plans": [{"Node Type": "Hash Join","Parent Relationship": "Outer","Parallel Aware": true,"Async Capable": false,"Join Type": "Inner","Startup Cost": 215528.94,"Total Cost": 295075.90,"Plan Rows": 153265,"Plan Width": 44,"Actual Startup Time": 10141.072,"Actual Total Time": 10312.965,"Actual Rows": 16,"Actual Loops": 4,"Inner Unique": true,"Hash Cond": "(orders.o_custkey = customer.c_custkey)","Workers": [],"Plans": [{"Node Type": "Nested Loop","Parent Relationship": "Outer","Parallel Aware": false,"Async Capable": false,"Join Type": "Inner","Startup Cost": 210537.69,"Total Cost": 289682.32,"Plan Rows": 153265,"Plan Width": 25,"Actual Startup Time": 10104.129,"Actual Total Time": 10275.947,"Actual Rows": 16,"Actual Loops": 4,"Inner Unique": false,"Workers": [],"Plans": [{"Node Type": "Hash Join","Parent Relationship": "Outer","Parallel Aware": false,"Async Capable": false,"Join Type": "Inner","Startup Cost": 210537.26,"Total Cost": 242741.13,"Plan Rows": 38308,"Plan Width": 24,"Actual Startup Time": 10104.052,"Actual Total Time": 10275.739,"Actual Rows": 2,"Actual Loops": 4,"Inner Unique": true,"Hash Cond": "(orders.o_orderkey = lineitem_1.l_orderkey)","Workers": [],"Plans": [{"Node Type": "Seq Scan","Parent Relationship": "Outer","Parallel Aware": true,"Async Capable": false,"Relation Name": "orders","Alias": "orders","Startup Cost": 0.00,"Total Cost": 30933.71,"Plan Rows": 483871,"Plan Width": 20,"Actual Startup Time": 0.007,"Actual Total Time": 53.689,"Actual Rows": 375000,"Actual Loops": 4,"Workers": []},{"Node Type": "Hash","Parent Relationship": "Inner","Parallel Aware": false,"Async Capable": false,"Startup Cost": 209052.81,"Total Cost": 209052.81,"Plan Rows": 118756,"Plan Width": 4,"Actual Startup Time": 10025.157,"Actual Total Time": 10025.166,"Actual Rows": 9,"Actual Loops": 4,"Hash Buckets": 131072,"Original Hash Buckets": 131072,"Hash Batches": 1,"Original Hash Batches": 1,"Peak Memory Usage": 1025,"Workers": [],"Plans": [{"Node Type": "Aggregate","Strategy": "Hashed","Partial Mode": "Simple","Parent Relationship": "Outer","Parallel Aware": false,"Async Capable": false,"Startup Cost": 202521.23,"Total Cost": 207865.25,"Plan Rows": 118756,"Plan Width": 4,"Actual Startup Time": 6285.839,"Actual Total Time": 10024.981,"Actual Rows": 9,"Actual Loops": 4,"Group Key": ["lineitem_1.l_orderkey"],"Filter": "(sum(lineitem_1.l_quantity) > '314'::numeric)","Planned Partitions": 0,"HashAgg Batches": 1,"Peak Memory Usage": 638993,"Disk Usage": 0,"Rows Removed by Filter": 1499991,"Workers": [{"Worker Number": 0,"HashAgg Batches": 1,"Peak Memory Usage": 638993,"Disk Usage": 0},{"Worker Number": 1,"HashAgg Batches": 1,"Peak Memory Usage": 638993,"Disk Usage": 0},{"Worker Number": 2,"HashAgg Batches": 1,"Peak Memory Usage": 638993,"Disk Usage": 0}],"Plans": [{"Node Type": "Seq Scan","Parent Relationship": "Outer","Parallel Aware": false,"Async Capable": false,"Relation Name": "lineitem","Alias": "lineitem_1","Startup Cost": 0.00,"Total Cost": 172515.15,"Plan Rows": 6001215,"Plan Width": 9,"Actual Startup Time": 0.019,"Actual Total Time": 931.752,"Actual Rows": 6001215,"Actual Loops": 4,"Workers": []}]}]}]},{"Node Type": "Index Scan","Parent Relationship": "Inner","Parallel Aware": false,"Async Capable": false,"Scan Direction": "Forward","Index Name": "idx_lineitem_orderkey","Relation Name": "lineitem","Alias": "lineitem","Startup Cost": 0.43,"Total Cost": 1.06,"Plan Rows": 17,"Plan Width": 9,"Actual Startup Time": 0.055,"Actual Total Time": 0.062,"Actual Rows": 7,"Actual Loops": 9,"Index Cond": "(l_orderkey = orders.o_orderkey)","Rows Removed by Index Recheck": 0,"Workers": []}]},{"Node Type": "Hash","Parent Relationship": "Inner","Parallel Aware": true,"Async Capable": false,"Startup Cost": 4210.00,"Total Cost": 4210.00,"Plan Rows": 62500,"Plan Width": 23,"Actual Startup Time": 36.172,"Actual Total Time": 36.190,"Actual Rows": 37500,"Actual Loops": 4,"Hash Buckets": 262144,"Original Hash Buckets": 262144,"Hash Batches": 1,"Original Hash Batches": 1,"Peak Memory Usage": 10336,"Workers": [],"Plans": [{"Node Type": "Seq Scan","Parent Relationship": "Outer","Parallel Aware": true,"Async Capable": false,"Relation Name": "customer","Alias": "customer","Startup Cost": 0.00,"Total Cost": 4210.00,"Plan Rows": 62500,"Plan Width": 23,"Actual Startup Time": 0.024,"Actual Total Time": 17.933,"Actual Rows": 37500,"Actual Loops": 4,"Workers": []}]}]}]}]}]},"Planning Time": 6.881,"Triggers": [],"Execution Time": 10893.482}]
[{"Plan": {"Node Type": "Sort","Parallel Aware": false,"Async Capable": false,"Startup Cost": 397889.21,"Total Cost": 399077.01,"Plan Rows": 475120,"Plan Width": 71,"Actual Startup Time": 10950.105,"Actual Total Time": 10953.954,"Actual Rows": 9,"Actual Loops": 1,"Sort Key": ["orders.o_totalprice DESC", "orders.o_orderdate"],"Sort Method": "quicksort","Sort Space Used": 25,"Sort Space Type": "Memory","Plans": [{"Node Type": "Aggregate","Strategy": "Hashed","Partial Mode": "Simple","Parent Relationship": "Outer","Parallel Aware": false,"Async Capable": false,"Startup Cost": 347151.30,"Total Cost": 353090.30,"Plan Rows": 475120,"Plan Width": 71,"Actual Startup Time": 10902.471,"Actual Total Time": 10953.715,"Actual Rows": 9,"Actual Loops": 1,"Group Key": ["customer.c_custkey", "orders.o_orderkey"],"Planned Partitions": 0,"HashAgg Batches": 1,"Peak Memory Usage": 24601,"Disk Usage": 0,"Plans": [{"Node Type": "Gather","Parent Relationship": "Outer","Parallel Aware": false,"Async Capable": false,"Startup Cost": 216528.94,"Total Cost": 343587.90,"Plan Rows": 475120,"Plan Width": 44,"Actual Startup Time": 10893.800,"Actual Total Time": 10897.693,"Actual Rows": 63,"Actual Loops": 1,"Workers Planned": 3,"Workers Launched": 3,"Single Copy": false,"Plans": [{"Node Type": "Hash Join","Parent Relationship": "Outer","Parallel Aware": true,"Async Capable": false,"Join Type": "Inner","Startup Cost": 215528.94,"Total Cost": 295075.90,"Plan Rows": 153265,"Plan Width": 44,"Actual Startup Time": 10134.253,"Actual Total Time": 10314.794,"Actual Rows": 16,"Actual Loops": 4,"Inner Unique": true,"Hash Cond": "(orders.o_custkey = customer.c_custkey)","Workers": [],"Plans": [{"Node Type": "Nested Loop","Parent Relationship": "Outer","Parallel Aware": false,"Async Capable": false,"Join Type": "Inner","Startup Cost": 210537.69,"Total Cost": 289682.32,"Plan Rows": 153265,"Plan Width": 25,"Actual Startup Time": 10099.687,"Actual Total Time": 10280.153,"Actual Rows": 16,"Actual Loops": 4,"Inner Unique": false,"Workers": [],"Plans": [{"Node Type": "Hash Join","Parent Relationship": "Outer","Parallel Aware": false,"Async Capable": false,"Join Type": "Inner","Startup Cost": 210537.26,"Total Cost": 242741.13,"Plan Rows": 38308,"Plan Width": 24,"Actual Startup Time": 10099.575,"Actual Total Time": 10279.892,"Actual Rows": 2,"Actual Loops": 4,"Inner Unique": true,"Hash Cond": "(orders.o_orderkey = lineitem_1.l_orderkey)","Workers": [],"Plans": [{"Node Type": "Seq Scan","Parent Relationship": "Outer","Parallel Aware": true,"Async Capable": false,"Relation Name": "orders","Alias": "orders","Startup Cost": 0.00,"Total Cost": 30933.71,"Plan Rows": 483871,"Plan Width": 20,"Actual Startup Time": 0.011,"Actual Total Time": 51.627,"Actual Rows": 375000,"Actual Loops": 4,"Workers": []},{"Node Type": "Hash","Parent Relationship": "Inner","Parallel Aware": false,"Async Capable": false,"Startup Cost": 209052.81,"Total Cost": 209052.81,"Plan Rows": 118756,"Plan Width": 4,"Actual Startup Time": 10016.825,"Actual Total Time": 10016.839,"Actual Rows": 9,"Actual Loops": 4,"Hash Buckets": 131072,"Original Hash Buckets": 131072,"Hash Batches": 1,"Original Hash Batches": 1,"Peak Memory Usage": 1025,"Workers": [],"Plans": [{"Node Type": "Aggregate","Strategy": "Hashed","Partial Mode": "Simple","Parent Relationship": "Outer","Parallel Aware": false,"Async Capable": false,"Startup Cost": 202521.23,"Total Cost": 207865.25,"Plan Rows": 118756,"Plan Width": 4,"Actual Startup Time": 6319.140,"Actual Total Time": 10016.671,"Actual Rows": 9,"Actual Loops": 4,"Group Key": ["lineitem_1.l_orderkey"],"Filter": "(sum(lineitem_1.l_quantity) > '315'::numeric)","Planned Partitions": 0,"HashAgg Batches": 1,"Peak Memory Usage": 638993,"Disk Usage": 0,"Rows Removed by Filter": 1499991,"Workers": [{"Worker Number": 0,"HashAgg Batches": 1,"Peak Memory Usage": 638993,"Disk Usage": 0},{"Worker Number": 1,"HashAgg Batches": 1,"Peak Memory Usage": 638993,"Disk Usage": 0},{"Worker Number": 2,"HashAgg Batches": 1,"Peak Memory Usage": 638993,"Disk Usage": 0}],"Plans": [{"Node Type": "Seq Scan","Parent Relationship": "Outer","Parallel Aware": false,"Async Capable": false,"Relation Name": "lineitem","Alias": "lineitem_1","Startup Cost": 0.00,"Total Cost": 172515.15,"Plan Rows": 6001215,"Plan Width": 9,"Actual Startup Time": 0.018,"Actual Total Time": 971.843,"Actual Rows": 6001215,"Actual Loops": 4,"Workers": []}]}]}]},{"Node Type": "Index Scan","Parent Relationship": "Inner","Parallel Aware": false,"Async Capable": false,"Scan Direction": "Forward","Index Name": "idx_lineitem_orderkey","Relation Name": "lineitem","Alias": "lineitem","Startup Cost": 0.43,"Total Cost": 1.06,"Plan Rows": 17,"Plan Width": 9,"Actual Startup Time": 0.069,"Actual Total Time": 0.079,"Actual Rows": 7,"Actual Loops": 9,"Index Cond": "(l_orderkey = orders.o_orderkey)","Rows Removed by Index Recheck": 0,"Workers": []}]},{"Node Type": "Hash","Parent Relationship": "Inner","Parallel Aware": true,"Async Capable": false,"Startup Cost": 4210.00,"Total Cost": 4210.00,"Plan Rows": 62500,"Plan Width": 23,"Actual Startup Time": 33.677,"Actual Total Time": 33.684,"Actual Rows": 37500,"Actual Loops": 4,"Hash Buckets": 262144,"Original Hash Buckets": 262144,"Hash Batches": 1,"Original Hash Batches": 1,"Peak Memory Usage": 10368,"Workers": [],"Plans": [{"Node Type": "Seq Scan","Parent Relationship": "Outer","Parallel Aware": true,"Async Capable": false,"Relation Name": "customer","Alias": "customer","Startup Cost": 0.00,"Total Cost": 4210.00,"Plan Rows": 62500,"Plan Width": 23,"Actual Startup Time": 0.019,"Actual Total Time": 16.715,"Actual Rows": 37500,"Actual Loops": 4,"Workers": []}]}]}]}]}]},"Planning Time": 6.132,"Triggers": [],"Execution Time": 11002.531}]
[{"Plan": {"Node Type": "Sort","Parallel Aware": false,"Async Capable": false,"Startup Cost": 397889.21,"Total Cost": 399077.01,"Plan Rows": 475120,"Plan Width": 71,"Actual Startup Time": 10950.105,"Actual Total Time": 10953.954,"Actual Rows": 9,"Actual Loops": 1,"Sort Key": ["orders.o_totalprice DESC", "orders.o_orderdate"],"Sort Method": "quicksort","Sort Space Used": 25,"Sort Space Type": "Memory","Plans": [{"Node Type": "Aggregate","Strategy": "Hashed","Partial Mode": "Simple","Parent Relationship": "Outer","Parallel Aware": false,"Async Capable": false,"Startup Cost": 347151.30,"Total Cost": 353090.30,"Plan Rows": 475120,"Plan Width": 71,"Actual Startup Time": 10902.471,"Actual Total Time": 10953.715,"Actual Rows": 9,"Actual Loops": 1,"Group Key": ["customer.c_custkey", "orders.o_orderkey"],"Planned Partitions": 0,"HashAgg Batches": 1,"Peak Memory Usage": 24601,"Disk Usage": 0,"Plans": [{"Node Type": "Gather","Parent Relationship": "Outer","Parallel Aware": false,"Async Capable": false,"Startup Cost": 216528.94,"Total Cost": 343587.90,"Plan Rows": 475120,"Plan Width": 44,"Actual Startup Time": 10893.800,"Actual Total Time": 10897.693,"Actual Rows": 63,"Actual Loops": 1,"Workers Planned": 3,"Workers Launched": 3,"Single Copy": false,"Plans": [{"Node Type": "Hash Join","Parent Relationship": "Outer","Parallel Aware": true,"Async Capable": false,"Join Type": "Inner","Startup Cost": 215528.94,"Total Cost": 295075.90,"Plan Rows": 153265,"Plan Width": 44,"Actual Startup Time": 10134.253,"Actual Total Time": 10314.794,"Actual Rows": 16,"Actual Loops": 4,"Inner Unique": true,"Hash Cond": "(orders.o_custkey = customer.c_custkey)","Workers": [],"Plans": [{"Node Type": "Nested Loop","Parent Relationship": "Outer","Parallel Aware": false,"Async Capable": false,"Join Type": "Inner","Startup Cost": 210537.69,"Total Cost": 289682.32,"Plan Rows": 153265,"Plan Width": 25,"Actual Startup Time": 10099.687,"Actual Total Time": 10280.153,"Actual Rows": 16,"Actual Loops": 4,"Inner Unique": false,"Workers": [],"Plans": [{"Node Type": "Hash Join","Parent Relationship": "Outer","Parallel Aware": false,"Async Capable": false,"Join Type": "Inner","Startup Cost": 210537.26,"Total Cost": 242741.13,"Plan Rows": 38308,"Plan Width": 24,"Actual Startup Time": 10099.575,"Actual Total Time": 10279.892,"Actual Rows": 2,"Actual Loops": 4,"Inner Unique": true,"Hash Cond": "(orders.o_orderkey = lineitem_1.l_orderkey)","Workers": [],"Plans": [{"Node Type": "Seq Scan","Parent Relationship": "Outer","Parallel Aware": true,"Async Capable": false,"Relation Name": "orders","Alias": "orders","Startup Cost": 0.00,"Total Cost": 30933.71,"Plan Rows": 483871,"Plan Width": 20,"Actual Startup Time": 0.011,"Actual Total Time": 51.627,"Actual Rows": 375000,"Actual Loops": 4,"Workers": []},{"Node Type": "Hash","Parent Relationship": "Inner","Parallel Aware": false,"Async Capable": false,"Startup Cost": 209052.81,"Total Cost": 209052.81,"Plan Rows": 118756,"Plan Width": 4,"Actual Startup Time": 10016.825,"Actual Total Time": 10016.839,"Actual Rows": 9,"Actual Loops": 4,"Hash Buckets": 131072,"Original Hash Buckets": 131072,"Hash Batches": 1,"Original Hash Batches": 1,"Peak Memory Usage": 1025,"Workers": [],"Plans": [{"Node Type": "Aggregate","Strategy": "Hashed","Partial Mode": "Simple","Parent Relationship": "Outer","Parallel Aware": false,"Async Capable": false,"Startup Cost": 202521.23,"Total Cost": 207865.25,"Plan Rows": 118756,"Plan Width": 4,"Actual Startup Time": 6319.140,"Actual Total Time": 10016.671,"Actual Rows": 9,"Actual Loops": 4,"Group Key": ["lineitem_1.l_orderkey"],"Filter": "(sum(lineitem_1.l_quantity) > '315'::numeric)","Planned Partitions": 0,"HashAgg Batches": 1,"Peak Memory Usage": 638993,"Disk Usage": 0,"Rows Removed by Filter": 1499991,"Workers": [{"Worker Number": 0,"HashAgg Batches": 1,"Peak Memory Usage": 638993,"Disk Usage": 0},{"Worker Number": 1,"HashAgg Batches": 1,"Peak Memory Usage": 638993,"Disk Usage": 0},{"Worker Number": 2,"HashAgg Batches": 1,"Peak Memory Usage": 638993,"Disk Usage": 0}],"Plans": [{"Node Type": "Seq Scan","Parent Relationship": "Outer","Parallel Aware": false,"Async Capable": false,"Relation Name": "lineitem","Alias": "lineitem_1","Startup Cost": 0.00,"Total Cost": 172515.15,"Plan Rows": 6001215,"Plan Width": 9,"Actual Startup Time": 0.018,"Actual Total Time": 971.843,"Actual Rows": 6001215,"Actual Loops": 4,"Workers": []}]}]}]},{"Node Type": "Index Scan","Parent Relationship": "Inner","Parallel Aware": false,"Async Capable": false,"Scan Direction": "Forward","Index Name": "idx_lineitem_orderkey","Relation Name": "lineitem","Alias": "lineitem","Startup Cost": 0.43,"Total Cost": 1.06,"Plan Rows": 17,"Plan Width": 9,"Actual Startup Time": 0.069,"Actual Total Time": 0.079,"Actual Rows": 7,"Actual Loops": 9,"Index Cond": "(l_orderkey = orders.o_orderkey)","Rows Removed by Index Recheck": 0,"Workers": []}]},{"Node Type": "Hash","Parent Relationship": "Inner","Parallel Aware": true,"Async Capable": false,"Startup Cost": 4210.00,"Total Cost": 4210.00,"Plan Rows": 62500,"Plan Width": 23,"Actual Startup Time": 33.677,"Actual Total Time": 33.684,"Actual Rows": 37500,"Actual Loops": 4,"Hash Buckets": 262144,"Original Hash Buckets": 262144,"Hash Batches": 1,"Original Hash Batches": 1,"Peak Memory Usage": 10368,"Workers": [],"Plans": [{"Node Type": "Seq Scan","Parent Relationship": "Outer","Parallel Aware": true,"Async Capable": false,"Relation Name": "customer","Alias": "customer","Startup Cost": 0.00,"Total Cost": 4210.00,"Plan Rows": 62500,"Plan Width": 23,"Actual Startup Time": 0.019,"Actual Total Time": 16.715,"Actual Rows": 37500,"Actual Loops": 4,"Workers": []}]}]}]}]}]},"Planning Time": 6.132,"Triggers": [],"Execution Time": 11002.531}]
[{"Plan": {"Node Type": "Sort","Parallel Aware": false,"Async Capable": false,"Startup Cost": 397889.21,"Total Cost": 399077.01,"Plan Rows": 475120,"Plan Width": 71,"Actual Startup Time": 10887.509,"Actual Total Time": 10908.132,"Actual Rows": 10,"Actual Loops": 1,"Sort Key": ["orders.o_totalprice DESC", "orders.o_orderdate"],"Sort Method": "quicksort","Sort Space Used": 25,"Sort Space Type": "Memory","Plans": [{"Node Type": "Aggregate","Strategy": "Hashed","Partial Mode": "Simple","Parent Relationship": "Outer","Parallel Aware": false,"Async Capable": false,"Startup Cost": 347151.30,"Total Cost": 353090.30,"Plan Rows": 475120,"Plan Width": 71,"Actual Startup Time": 10848.812,"Actual Total Time": 10907.941,"Actual Rows": 10,"Actual Loops": 1,"Group Key": ["customer.c_custkey", "orders.o_orderkey"],"Planned Partitions": 0,"HashAgg Batches": 1,"Peak Memory Usage": 24601,"Disk Usage": 0,"Plans": [{"Node Type": "Gather","Parent Relationship": "Outer","Parallel Aware": false,"Async Capable": false,"Startup Cost": 216528.94,"Total Cost": 343587.90,"Plan Rows": 475120,"Plan Width": 44,"Actual Startup Time": 10782.037,"Actual Total Time": 10858.151,"Actual Rows": 70,"Actual Loops": 1,"Workers Planned": 3,"Workers Launched": 3,"Single Copy": false,"Plans": [{"Node Type": "Hash Join","Parent Relationship": "Outer","Parallel Aware": true,"Async Capable": false,"Join Type": "Inner","Startup Cost": 215528.94,"Total Cost": 295075.90,"Plan Rows": 153265,"Plan Width": 44,"Actual Startup Time": 10180.765,"Actual Total Time": 10348.312,"Actual Rows": 18,"Actual Loops": 4,"Inner Unique": true,"Hash Cond": "(orders.o_custkey = customer.c_custkey)","Workers": [],"Plans": [{"Node Type": "Nested Loop","Parent Relationship": "Outer","Parallel Aware": false,"Async Capable": false,"Join Type": "Inner","Startup Cost": 210537.69,"Total Cost": 289682.32,"Plan Rows": 153265,"Plan Width": 25,"Actual Startup Time": 10142.809,"Actual Total Time": 10310.270,"Actual Rows": 18,"Actual Loops": 4,"Inner Unique": false,"Workers": [],"Plans": [{"Node Type": "Hash Join","Parent Relationship": "Outer","Parallel Aware": false,"Async Capable": false,"Join Type": "Inner","Startup Cost": 210537.26,"Total Cost": 242741.13,"Plan Rows": 38308,"Plan Width": 24,"Actual Startup Time": 10142.670,"Actual Total Time": 10309.991,"Actual Rows": 2,"Actual Loops": 4,"Inner Unique": true,"Hash Cond": "(orders.o_orderkey = lineitem_1.l_orderkey)","Workers": [],"Plans": [{"Node Type": "Seq Scan","Parent Relationship": "Outer","Parallel Aware": true,"Async Capable": false,"Relation Name": "orders","Alias": "orders","Startup Cost": 0.00,"Total Cost": 30933.71,"Plan Rows": 483871,"Plan Width": 20,"Actual Startup Time": 0.009,"Actual Total Time": 49.040,"Actual Rows": 375000,"Actual Loops": 4,"Workers": []},{"Node Type": "Hash","Parent Relationship": "Inner","Parallel Aware": false,"Async Capable": false,"Startup Cost": 209052.81,"Total Cost": 209052.81,"Plan Rows": 118756,"Plan Width": 4,"Actual Startup Time": 10075.163,"Actual Total Time": 10075.176,"Actual Rows": 10,"Actual Loops": 4,"Hash Buckets": 131072,"Original Hash Buckets": 131072,"Hash Batches": 1,"Original Hash Batches": 1,"Peak Memory Usage": 1025,"Workers": [],"Plans": [{"Node Type": "Aggregate","Strategy": "Hashed","Partial Mode": "Simple","Parent Relationship": "Outer","Parallel Aware": false,"Async Capable": false,"Startup Cost": 202521.23,"Total Cost": 207865.25,"Plan Rows": 118756,"Plan Width": 4,"Actual Startup Time": 6293.151,"Actual Total Time": 10074.968,"Actual Rows": 10,"Actual Loops": 4,"Group Key": ["lineitem_1.l_orderkey"],"Filter": "(sum(lineitem_1.l_quantity) > '312'::numeric)","Planned Partitions": 0,"HashAgg Batches": 1,"Peak Memory Usage": 638993,"Disk Usage": 0,"Rows Removed by Filter": 1499990,"Workers": [{"Worker Number": 0,"HashAgg Batches": 1,"Peak Memory Usage": 638993,"Disk Usage": 0},{"Worker Number": 1,"HashAgg Batches": 1,"Peak Memory Usage": 638993,"Disk Usage": 0},{"Worker Number": 2,"HashAgg Batches": 1,"Peak Memory Usage": 638993,"Disk Usage": 0}],"Plans": [{"Node Type": "Seq Scan","Parent Relationship": "Outer","Parallel Aware": false,"Async Capable": false,"Relation Name": "lineitem","Alias": "lineitem_1","Startup Cost": 0.00,"Total Cost": 172515.15,"Plan Rows": 6001215,"Plan Width": 9,"Actual Startup Time": 0.021,"Actual Total Time": 960.546,"Actual Rows": 6001215,"Actual Loops": 4,"Workers": []}]}]}]},{"Node Type": "Index Scan","Parent Relationship": "Inner","Parallel Aware": false,"Async Capable": false,"Scan Direction": "Forward","Index Name": "idx_lineitem_orderkey","Relation Name": "lineitem","Alias": "lineitem","Startup Cost": 0.43,"Total Cost": 1.06,"Plan Rows": 17,"Plan Width": 9,"Actual Startup Time": 0.072,"Actual Total Time": 0.079,"Actual Rows": 7,"Actual Loops": 10,"Index Cond": "(l_orderkey = orders.o_orderkey)","Rows Removed by Index Recheck": 0,"Workers": []}]},{"Node Type": "Hash","Parent Relationship": "Inner","Parallel Aware": true,"Async Capable": false,"Startup Cost": 4210.00,"Total Cost": 4210.00,"Plan Rows": 62500,"Plan Width": 23,"Actual Startup Time": 37.105,"Actual Total Time": 37.114,"Actual Rows": 37500,"Actual Loops": 4,"Hash Buckets": 262144,"Original Hash Buckets": 262144,"Hash Batches": 1,"Original Hash Batches": 1,"Peak Memory Usage": 10368,"Workers": [],"Plans": [{"Node Type": "Seq Scan","Parent Relationship": "Outer","Parallel Aware": true,"Async Capable": false,"Relation Name": "customer","Alias": "customer","Startup Cost": 0.00,"Total Cost": 4210.00,"Plan Rows": 62500,"Plan Width": 23,"Actual Startup Time": 0.025,"Actual Total Time": 19.726,"Actual Rows": 37500,"Actual Loops": 4,"Workers": []}]}]}]}]}]},"Planning Time": 6.715,"Triggers": [],"Execution Time": 10961.817}]
[{"Plan": {"Node Type": "Sort","Parallel Aware": false,"Async Capable": false,"Startup Cost": 397889.21,"Total Cost": 399077.01,"Plan Rows": 475120,"Plan Width": 71,"Actual Startup Time": 10785.011,"Actual Total Time": 10839.032,"Actual Rows": 9,"Actual Loops": 1,"Sort Key": ["orders.o_totalprice DESC", "orders.o_orderdate"],"Sort Method": "quicksort","Sort Space Used": 25,"Sort Space Type": "Memory","Plans": [{"Node Type": "Aggregate","Strategy": "Hashed","Partial Mode": "Simple","Parent Relationship": "Outer","Parallel Aware": false,"Async Capable": false,"Startup Cost": 347151.30,"Total Cost": 353090.30,"Plan Rows": 475120,"Plan Width": 71,"Actual Startup Time": 10763.855,"Actual Total Time": 10838.848,"Actual Rows": 9,"Actual Loops": 1,"Group Key": ["customer.c_custkey", "orders.o_orderkey"],"Planned Partitions": 0,"HashAgg Batches": 1,"Peak Memory Usage": 24601,"Disk Usage": 0,"Plans": [{"Node Type": "Gather","Parent Relationship": "Outer","Parallel Aware": false,"Async Capable": false,"Startup Cost": 216528.94,"Total Cost": 343587.90,"Plan Rows": 475120,"Plan Width": 44,"Actual Startup Time": 9674.071,"Actual Total Time": 10813.470,"Actual Rows": 63,"Actual Loops": 1,"Workers Planned": 3,"Workers Launched": 3,"Single Copy": false,"Plans": [{"Node Type": "Hash Join","Parent Relationship": "Outer","Parallel Aware": true,"Async Capable": false,"Join Type": "Inner","Startup Cost": 215528.94,"Total Cost": 295075.90,"Plan Rows": 153265,"Plan Width": 44,"Actual Startup Time": 10141.072,"Actual Total Time": 10312.965,"Actual Rows": 16,"Actual Loops": 4,"Inner Unique": true,"Hash Cond": "(orders.o_custkey = customer.c_custkey)","Workers": [],"Plans": [{"Node Type": "Nested Loop","Parent Relationship": "Outer","Parallel Aware": false,"Async Capable": false,"Join Type": "Inner","Startup Cost": 210537.69,"Total Cost": 289682.32,"Plan Rows": 153265,"Plan Width": 25,"Actual Startup Time": 10104.129,"Actual Total Time": 10275.947,"Actual Rows": 16,"Actual Loops": 4,"Inner Unique": false,"Workers": [],"Plans": [{"Node Type": "Hash Join","Parent Relationship": "Outer","Parallel Aware": false,"Async Capable": false,"Join Type": "Inner","Startup Cost": 210537.26,"Total Cost": 242741.13,"Plan Rows": 38308,"Plan Width": 24,"Actual Startup Time": 10104.052,"Actual Total Time": 10275.739,"Actual Rows": 2,"Actual Loops": 4,"Inner Unique": true,"Hash Cond": "(orders.o_orderkey = lineitem_1.l_orderkey)","Workers": [],"Plans": [{"Node Type": "Seq Scan","Parent Relationship": "Outer","Parallel Aware": true,"Async Capable": false,"Relation Name": "orders","Alias": "orders","Startup Cost": 0.00,"Total Cost": 30933.71,"Plan Rows": 483871,"Plan Width": 20,"Actual Startup Time": 0.007,"Actual Total Time": 53.689,"Actual Rows": 375000,"Actual Loops": 4,"Workers": []},{"Node Type": "Hash","Parent Relationship": "Inner","Parallel Aware": false,"Async Capable": false,"Startup Cost": 209052.81,"Total Cost": 209052.81,"Plan Rows": 118756,"Plan Width": 4,"Actual Startup Time": 10025.157,"Actual Total Time": 10025.166,"Actual Rows": 9,"Actual Loops": 4,"Hash Buckets": 131072,"Original Hash Buckets": 131072,"Hash Batches": 1,"Original Hash Batches": 1,"Peak Memory Usage": 1025,"Workers": [],"Plans": [{"Node Type": "Aggregate","Strategy": "Hashed","Partial Mode": "Simple","Parent Relationship": "Outer","Parallel Aware": false,"Async Capable": false,"Startup Cost": 202521.23,"Total Cost": 207865.25,"Plan Rows": 118756,"Plan Width": 4,"Actual Startup Time": 6285.839,"Actual Total Time": 10024.981,"Actual Rows": 9,"Actual Loops": 4,"Group Key": ["lineitem_1.l_orderkey"],"Filter": "(sum(lineitem_1.l_quantity) > '314'::numeric)","Planned Partitions": 0,"HashAgg Batches": 1,"Peak Memory Usage": 638993,"Disk Usage": 0,"Rows Removed by Filter": 1499991,"Workers": [{"Worker Number": 0,"HashAgg Batches": 1,"Peak Memory Usage": 638993,"Disk Usage": 0},{"Worker Number": 1,"HashAgg Batches": 1,"Peak Memory Usage": 638993,"Disk Usage": 0},{"Worker Number": 2,"HashAgg Batches": 1,"Peak Memory Usage": 638993,"Disk Usage": 0}],"Plans": [{"Node Type": "Seq Scan","Parent Relationship": "Outer","Parallel Aware": false,"Async Capable": false,"Relation Name": "lineitem","Alias": "lineitem_1","Startup Cost": 0.00,"Total Cost": 172515.15,"Plan Rows": 6001215,"Plan Width": 9,"Actual Startup Time": 0.019,"Actual Total Time": 931.752,"Actual Rows": 6001215,"Actual Loops": 4,"Workers": []}]}]}]},{"Node Type": "Index Scan","Parent Relationship": "Inner","Parallel Aware": false,"Async Capable": false,"Scan Direction": "Forward","Index Name": "idx_lineitem_orderkey","Relation Name": "lineitem","Alias": "lineitem","Startup Cost": 0.43,"Total Cost": 1.06,"Plan Rows": 17,"Plan Width": 9,"Actual Startup Time": 0.055,"Actual Total Time": 0.062,"Actual Rows": 7,"Actual Loops": 9,"Index Cond": "(l_orderkey = orders.o_orderkey)","Rows Removed by Index Recheck": 0,"Workers": []}]},{"Node Type": "Hash","Parent Relationship": "Inner","Parallel Aware": true,"Async Capable": false,"Startup Cost": 4210.00,"Total Cost": 4210.00,"Plan Rows": 62500,"Plan Width": 23,"Actual Startup Time": 36.172,"Actual Total Time": 36.190,"Actual Rows": 37500,"Actual Loops": 4,"Hash Buckets": 262144,"Original Hash Buckets": 262144,"Hash Batches": 1,"Original Hash Batches": 1,"Peak Memory Usage": 10336,"Workers": [],"Plans": [{"Node Type": "Seq Scan","Parent Relationship": "Outer","Parallel Aware": true,"Async Capable": false,"Relation Name": "customer","Alias": "customer","Startup Cost": 0.00,"Total Cost": 4210.00,"Plan Rows": 62500,"Plan Width": 23,"Actual Startup Time": 0.024,"Actual Total Time": 17.933,"Actual Rows": 37500,"Actual Loops": 4,"Workers": []}]}]}]}]}]},"Planning Time": 6.881,"Triggers": [],"Execution Time": 10893.482}]
[{"Plan": {"Node Type": "Sort","Parallel Aware": false,"Async Capable": false,"Startup Cost": 397889.21,"Total Cost": 399077.01,"Plan Rows": 475120,"Plan Width": 71,"Actual Startup Time": 10887.509,"Actual Total Time": 10908.132,"Actual Rows": 10,"Actual Loops": 1,"Sort Key": ["orders.o_totalprice DESC", "orders.o_orderdate"],"Sort Method": "quicksort","Sort Space Used": 25,"Sort Space Type": "Memory","Plans": [{"Node Type": "Aggregate","Strategy": "Hashed","Partial Mode": "Simple","Parent Relationship": "Outer","Parallel Aware": false,"Async Capable": false,"Startup Cost": 347151.30,"Total Cost": 353090.30,"Plan Rows": 475120,"Plan Width": 71,"Actual Startup Time": 10848.812,"Actual Total Time": 10907.941,"Actual Rows": 10,"Actual Loops": 1,"Group Key": ["customer.c_custkey", "orders.o_orderkey"],"Planned Partitions": 0,"HashAgg Batches": 1,"Peak Memory Usage": 24601,"Disk Usage": 0,"Plans": [{"Node Type": "Gather","Parent Relationship": "Outer","Parallel Aware": false,"Async Capable": false,"Startup Cost": 216528.94,"Total Cost": 343587.90,"Plan Rows": 475120,"Plan Width": 44,"Actual Startup Time": 10782.037,"Actual Total Time": 10858.151,"Actual Rows": 70,"Actual Loops": 1,"Workers Planned": 3,"Workers Launched": 3,"Single Copy": false,"Plans": [{"Node Type": "Hash Join","Parent Relationship": "Outer","Parallel Aware": true,"Async Capable": false,"Join Type": "Inner","Startup Cost": 215528.94,"Total Cost": 295075.90,"Plan Rows": 153265,"Plan Width": 44,"Actual Startup Time": 10180.765,"Actual Total Time": 10348.312,"Actual Rows": 18,"Actual Loops": 4,"Inner Unique": true,"Hash Cond": "(orders.o_custkey = customer.c_custkey)","Workers": [],"Plans": [{"Node Type": "Nested Loop","Parent Relationship": "Outer","Parallel Aware": false,"Async Capable": false,"Join Type": "Inner","Startup Cost": 210537.69,"Total Cost": 289682.32,"Plan Rows": 153265,"Plan Width": 25,"Actual Startup Time": 10142.809,"Actual Total Time": 10310.270,"Actual Rows": 18,"Actual Loops": 4,"Inner Unique": false,"Workers": [],"Plans": [{"Node Type": "Hash Join","Parent Relationship": "Outer","Parallel Aware": false,"Async Capable": false,"Join Type": "Inner","Startup Cost": 210537.26,"Total Cost": 242741.13,"Plan Rows": 38308,"Plan Width": 24,"Actual Startup Time": 10142.670,"Actual Total Time": 10309.991,"Actual Rows": 2,"Actual Loops": 4,"Inner Unique": true,"Hash Cond": "(orders.o_orderkey = lineitem_1.l_orderkey)","Workers": [],"Plans": [{"Node Type": "Seq Scan","Parent Relationship": "Outer","Parallel Aware": true,"Async Capable": false,"Relation Name": "orders","Alias": "orders","Startup Cost": 0.00,"Total Cost": 30933.71,"Plan Rows": 483871,"Plan Width": 20,"Actual Startup Time": 0.009,"Actual Total Time": 49.040,"Actual Rows": 375000,"Actual Loops": 4,"Workers": []},{"Node Type": "Hash","Parent Relationship": "Inner","Parallel Aware": false,"Async Capable": false,"Startup Cost": 209052.81,"Total Cost": 209052.81,"Plan Rows": 118756,"Plan Width": 4,"Actual Startup Time": 10075.163,"Actual Total Time": 10075.176,"Actual Rows": 10,"Actual Loops": 4,"Hash Buckets": 131072,"Original Hash Buckets": 131072,"Hash Batches": 1,"Original Hash Batches": 1,"Peak Memory Usage": 1025,"Workers": [],"Plans": [{"Node Type": "Aggregate","Strategy": "Hashed","Partial Mode": "Simple","Parent Relationship": "Outer","Parallel Aware": false,"Async Capable": false,"Startup Cost": 202521.23,"Total Cost": 207865.25,"Plan Rows": 118756,"Plan Width": 4,"Actual Startup Time": 6293.151,"Actual Total Time": 10074.968,"Actual Rows": 10,"Actual Loops": 4,"Group Key": ["lineitem_1.l_orderkey"],"Filter": "(sum(lineitem_1.l_quantity) > '312'::numeric)","Planned Partitions": 0,"HashAgg Batches": 1,"Peak Memory Usage": 638993,"Disk Usage": 0,"Rows Removed by Filter": 1499990,"Workers": [{"Worker Number": 0,"HashAgg Batches": 1,"Peak Memory Usage": 638993,"Disk Usage": 0},{"Worker Number": 1,"HashAgg Batches": 1,"Peak Memory Usage": 638993,"Disk Usage": 0},{"Worker Number": 2,"HashAgg Batches": 1,"Peak Memory Usage": 638993,"Disk Usage": 0}],"Plans": [{"Node Type": "Seq Scan","Parent Relationship": "Outer","Parallel Aware": false,"Async Capable": false,"Relation Name": "lineitem","Alias": "lineitem_1","Startup Cost": 0.00,"Total Cost": 172515.15,"Plan Rows": 6001215,"Plan Width": 9,"Actual Startup Time": 0.021,"Actual Total Time": 960.546,"Actual Rows": 6001215,"Actual Loops": 4,"Workers": []}]}]}]},{"Node Type": "Index Scan","Parent Relationship": "Inner","Parallel Aware": false,"Async Capable": false,"Scan Direction": "Forward","Index Name": "idx_lineitem_orderkey","Relation Name": "lineitem","Alias": "lineitem","Startup Cost": 0.43,"Total Cost": 1.06,"Plan Rows": 17,"Plan Width": 9,"Actual Startup Time": 0.072,"Actual Total Time": 0.079,"Actual Rows": 7,"Actual Loops": 10,"Index Cond": "(l_orderkey = orders.o_orderkey)","Rows Removed by Index Recheck": 0,"Workers": []}]},{"Node Type": "Hash","Parent Relationship": "Inner","Parallel Aware": true,"Async Capable": false,"Startup Cost": 4210.00,"Total Cost": 4210.00,"Plan Rows": 62500,"Plan Width": 23,"Actual Startup Time": 37.105,"Actual Total Time": 37.114,"Actual Rows": 37500,"Actual Loops": 4,"Hash Buckets": 262144,"Original Hash Buckets": 262144,"Hash Batches": 1,"Original Hash Batches": 1,"Peak Memory Usage": 10368,"Workers": [],"Plans": [{"Node Type": "Seq Scan","Parent Relationship": "Outer","Parallel Aware": true,"Async Capable": false,"Relation Name": "customer","Alias": "customer","Startup Cost": 0.00,"Total Cost": 4210.00,"Plan Rows": 62500,"Plan Width": 23,"Actual Startup Time": 0.025,"Actual Total Time": 19.726,"Actual Rows": 37500,"Actual Loops": 4,"Workers": []}]}]}]}]}]},"Planning Time": 6.715,"Triggers": [],"Execution Time": 10961.817}]
[{"Plan": {"Node Type": "Sort","Parallel Aware": false,"Async Capable": false,"Startup Cost": 397889.21,"Total Cost": 399077.01,"Plan Rows": 475120,"Plan Width": 71,"Actual Startup Time": 10345.847,"Actual Total Time": 10377.998,"Actual Rows": 9,"Actual Loops": 1,"Sort Key": ["orders.o_totalprice DESC", "orders.o_orderdate"],"Sort Method": "quicksort","Sort Space Used": 25,"Sort Space Type": "Memory","Plans": [{"Node Type": "Aggregate","Strategy": "Hashed","Partial Mode": "Simple","Parent Relationship": "Outer","Parallel Aware": false,"Async Capable": false,"Startup Cost": 347151.30,"Total Cost": 353090.30,"Plan Rows": 475120,"Plan Width": 71,"Actual Startup Time": 10329.232,"Actual Total Time": 10377.856,"Actual Rows": 9,"Actual Loops": 1,"Group Key": ["customer.c_custkey", "orders.o_orderkey"],"Planned Partitions": 0,"HashAgg Batches": 1,"Peak Memory Usage": 24601,"Disk Usage": 0,"Plans": [{"Node Type": "Gather","Parent Relationship": "Outer","Parallel Aware": false,"Async Capable": false,"Startup Cost": 216528.94,"Total Cost": 343587.90,"Plan Rows": 475120,"Plan Width": 44,"Actual Startup Time": 10053.961,"Actual Total Time": 10357.615,"Actual Rows": 63,"Actual Loops": 1,"Workers Planned": 3,"Workers Launched": 3,"Single Copy": false,"Plans": [{"Node Type": "Hash Join","Parent Relationship": "Outer","Parallel Aware": true,"Async Capable": false,"Join Type": "Inner","Startup Cost": 215528.94,"Total Cost": 295075.90,"Plan Rows": 153265,"Plan Width": 44,"Actual Startup Time": 10157.696,"Actual Total Time": 10258.651,"Actual Rows": 16,"Actual Loops": 4,"Inner Unique": true,"Hash Cond": "(orders.o_custkey = customer.c_custkey)","Workers": [],"Plans": [{"Node Type": "Nested Loop","Parent Relationship": "Outer","Parallel Aware": false,"Async Capable": false,"Join Type": "Inner","Startup Cost": 210537.69,"Total Cost": 289682.32,"Plan Rows": 153265,"Plan Width": 25,"Actual Startup Time": 10123.332,"Actual Total Time": 10224.239,"Actual Rows": 16,"Actual Loops": 4,"Inner Unique": false,"Workers": [],"Plans": [{"Node Type": "Hash Join","Parent Relationship": "Outer","Parallel Aware": false,"Async Capable": false,"Join Type": "Inner","Startup Cost": 210537.26,"Total Cost": 242741.13,"Plan Rows": 38308,"Plan Width": 24,"Actual Startup Time": 10123.186,"Actual Total Time": 10223.998,"Actual Rows": 2,"Actual Loops": 4,"Inner Unique": true,"Hash Cond": "(orders.o_orderkey = lineitem_1.l_orderkey)","Workers": [],"Plans": [{"Node Type": "Seq Scan","Parent Relationship": "Outer","Parallel Aware": true,"Async Capable": false,"Relation Name": "orders","Alias": "orders","Startup Cost": 0.00,"Total Cost": 30933.71,"Plan Rows": 483871,"Plan Width": 20,"Actual Startup Time": 0.011,"Actual Total Time": 49.852,"Actual Rows": 375000,"Actual Loops": 4,"Workers": []},{"Node Type": "Hash","Parent Relationship": "Inner","Parallel Aware": false,"Async Capable": false,"Startup Cost": 209052.81,"Total Cost": 209052.81,"Plan Rows": 118756,"Plan Width": 4,"Actual Startup Time": 10005.666,"Actual Total Time": 10005.673,"Actual Rows": 9,"Actual Loops": 4,"Hash Buckets": 131072,"Original Hash Buckets": 131072,"Hash Batches": 1,"Original Hash Batches": 1,"Peak Memory Usage": 1025,"Workers": [],"Plans": [{"Node Type": "Aggregate","Strategy": "Hashed","Partial Mode": "Simple","Parent Relationship": "Outer","Parallel Aware": false,"Async Capable": false,"Startup Cost": 202521.23,"Total Cost": 207865.25,"Plan Rows": 118756,"Plan Width": 4,"Actual Startup Time": 6310.010,"Actual Total Time": 10005.543,"Actual Rows": 9,"Actual Loops": 4,"Group Key": ["lineitem_1.l_orderkey"],"Filter": "(sum(lineitem_1.l_quantity) > '313'::numeric)","Planned Partitions": 0,"HashAgg Batches": 1,"Peak Memory Usage": 638993,"Disk Usage": 0,"Rows Removed by Filter": 1499991,"Workers": [{"Worker Number": 0,"HashAgg Batches": 1,"Peak Memory Usage": 638993,"Disk Usage": 0},{"Worker Number": 1,"HashAgg Batches": 1,"Peak Memory Usage": 638993,"Disk Usage": 0},{"Worker Number": 2,"HashAgg Batches": 1,"Peak Memory Usage": 638993,"Disk Usage": 0}],"Plans": [{"Node Type": "Seq Scan","Parent Relationship": "Outer","Parallel Aware": false,"Async Capable": false,"Relation Name": "lineitem","Alias": "lineitem_1","Startup Cost": 0.00,"Total Cost": 172515.15,"Plan Rows": 6001215,"Plan Width": 9,"Actual Startup Time": 0.020,"Actual Total Time": 994.479,"Actual Rows": 6001215,"Actual Loops": 4,"Workers": []}]}]}]},{"Node Type": "Index Scan","Parent Relationship": "Inner","Parallel Aware": false,"Async Capable": false,"Scan Direction": "Forward","Index Name": "idx_lineitem_orderkey","Relation Name": "lineitem","Alias": "lineitem","Startup Cost": 0.43,"Total Cost": 1.06,"Plan Rows": 17,"Plan Width": 9,"Actual Startup Time": 0.068,"Actual Total Time": 0.075,"Actual Rows": 7,"Actual Loops": 9,"Index Cond": "(l_orderkey = orders.o_orderkey)","Rows Removed by Index Recheck": 0,"Workers": []}]},{"Node Type": "Hash","Parent Relationship": "Inner","Parallel Aware": true,"Async Capable": false,"Startup Cost": 4210.00,"Total Cost": 4210.00,"Plan Rows": 62500,"Plan Width": 23,"Actual Startup Time": 33.578,"Actual Total Time": 33.582,"Actual Rows": 37500,"Actual Loops": 4,"Hash Buckets": 262144,"Original Hash Buckets": 262144,"Hash Batches": 1,"Original Hash Batches": 1,"Peak Memory Usage": 10336,"Workers": [],"Plans": [{"Node Type": "Seq Scan","Parent Relationship": "Outer","Parallel Aware": true,"Async Capable": false,"Relation Name": "customer","Alias": "customer","Startup Cost": 0.00,"Total Cost": 4210.00,"Plan Rows": 62500,"Plan Width": 23,"Actual Startup Time": 0.023,"Actual Total Time": 16.777,"Actual Rows": 37500,"Actual Loops": 4,"Workers": []}]}]}]}]}]},"Planning Time": 6.662,"Triggers": [],"Execution Time": 10430.266}]
[{"Plan": {"Node Type": "Sort","Parallel Aware": false,"Async Capable": false,"Startup Cost": 397889.21,"Total Cost": 399077.01,"Plan Rows": 475120,"Plan Width": 71,"Actual Startup Time": 10785.011,"Actual Total Time": 10839.032,"Actual Rows": 9,"Actual Loops": 1,"Sort Key": ["orders.o_totalprice DESC", "orders.o_orderdate"],"Sort Method": "quicksort","Sort Space Used": 25,"Sort Space Type": "Memory","Plans": [{"Node Type": "Aggregate","Strategy": "Hashed","Partial Mode": "Simple","Parent Relationship": "Outer","Parallel Aware": false,"Async Capable": false,"Startup Cost": 347151.30,"Total Cost": 353090.30,"Plan Rows": 475120,"Plan Width": 71,"Actual Startup Time": 10763.855,"Actual Total Time": 10838.848,"Actual Rows": 9,"Actual Loops": 1,"Group Key": ["customer.c_custkey", "orders.o_orderkey"],"Planned Partitions": 0,"HashAgg Batches": 1,"Peak Memory Usage": 24601,"Disk Usage": 0,"Plans": [{"Node Type": "Gather","Parent Relationship": "Outer","Parallel Aware": false,"Async Capable": false,"Startup Cost": 216528.94,"Total Cost": 343587.90,"Plan Rows": 475120,"Plan Width": 44,"Actual Startup Time": 9674.071,"Actual Total Time": 10813.470,"Actual Rows": 63,"Actual Loops": 1,"Workers Planned": 3,"Workers Launched": 3,"Single Copy": false,"Plans": [{"Node Type": "Hash Join","Parent Relationship": "Outer","Parallel Aware": true,"Async Capable": false,"Join Type": "Inner","Startup Cost": 215528.94,"Total Cost": 295075.90,"Plan Rows": 153265,"Plan Width": 44,"Actual Startup Time": 10141.072,"Actual Total Time": 10312.965,"Actual Rows": 16,"Actual Loops": 4,"Inner Unique": true,"Hash Cond": "(orders.o_custkey = customer.c_custkey)","Workers": [],"Plans": [{"Node Type": "Nested Loop","Parent Relationship": "Outer","Parallel Aware": false,"Async Capable": false,"Join Type": "Inner","Startup Cost": 210537.69,"Total Cost": 289682.32,"Plan Rows": 153265,"Plan Width": 25,"Actual Startup Time": 10104.129,"Actual Total Time": 10275.947,"Actual Rows": 16,"Actual Loops": 4,"Inner Unique": false,"Workers": [],"Plans": [{"Node Type": "Hash Join","Parent Relationship": "Outer","Parallel Aware": false,"Async Capable": false,"Join Type": "Inner","Startup Cost": 210537.26,"Total Cost": 242741.13,"Plan Rows": 38308,"Plan Width": 24,"Actual Startup Time": 10104.052,"Actual Total Time": 10275.739,"Actual Rows": 2,"Actual Loops": 4,"Inner Unique": true,"Hash Cond": "(orders.o_orderkey = lineitem_1.l_orderkey)","Workers": [],"Plans": [{"Node Type": "Seq Scan","Parent Relationship": "Outer","Parallel Aware": true,"Async Capable": false,"Relation Name": "orders","Alias": "orders","Startup Cost": 0.00,"Total Cost": 30933.71,"Plan Rows": 483871,"Plan Width": 20,"Actual Startup Time": 0.007,"Actual Total Time": 53.689,"Actual Rows": 375000,"Actual Loops": 4,"Workers": []},{"Node Type": "Hash","Parent Relationship": "Inner","Parallel Aware": false,"Async Capable": false,"Startup Cost": 209052.81,"Total Cost": 209052.81,"Plan Rows": 118756,"Plan Width": 4,"Actual Startup Time": 10025.157,"Actual Total Time": 10025.166,"Actual Rows": 9,"Actual Loops": 4,"Hash Buckets": 131072,"Original Hash Buckets": 131072,"Hash Batches": 1,"Original Hash Batches": 1,"Peak Memory Usage": 1025,"Workers": [],"Plans": [{"Node Type": "Aggregate","Strategy": "Hashed","Partial Mode": "Simple","Parent Relationship": "Outer","Parallel Aware": false,"Async Capable": false,"Startup Cost": 202521.23,"Total Cost": 207865.25,"Plan Rows": 118756,"Plan Width": 4,"Actual Startup Time": 6285.839,"Actual Total Time": 10024.981,"Actual Rows": 9,"Actual Loops": 4,"Group Key": ["lineitem_1.l_orderkey"],"Filter": "(sum(lineitem_1.l_quantity) > '314'::numeric)","Planned Partitions": 0,"HashAgg Batches": 1,"Peak Memory Usage": 638993,"Disk Usage": 0,"Rows Removed by Filter": 1499991,"Workers": [{"Worker Number": 0,"HashAgg Batches": 1,"Peak Memory Usage": 638993,"Disk Usage": 0},{"Worker Number": 1,"HashAgg Batches": 1,"Peak Memory Usage": 638993,"Disk Usage": 0},{"Worker Number": 2,"HashAgg Batches": 1,"Peak Memory Usage": 638993,"Disk Usage": 0}],"Plans": [{"Node Type": "Seq Scan","Parent Relationship": "Outer","Parallel Aware": false,"Async Capable": false,"Relation Name": "lineitem","Alias": "lineitem_1","Startup Cost": 0.00,"Total Cost": 172515.15,"Plan Rows": 6001215,"Plan Width": 9,"Actual Startup Time": 0.019,"Actual Total Time": 931.752,"Actual Rows": 6001215,"Actual Loops": 4,"Workers": []}]}]}]},{"Node Type": "Index Scan","Parent Relationship": "Inner","Parallel Aware": false,"Async Capable": false,"Scan Direction": "Forward","Index Name": "idx_lineitem_orderkey","Relation Name": "lineitem","Alias": "lineitem","Startup Cost": 0.43,"Total Cost": 1.06,"Plan Rows": 17,"Plan Width": 9,"Actual Startup Time": 0.055,"Actual Total Time": 0.062,"Actual Rows": 7,"Actual Loops": 9,"Index Cond": "(l_orderkey = orders.o_orderkey)","Rows Removed by Index Recheck": 0,"Workers": []}]},{"Node Type": "Hash","Parent Relationship": "Inner","Parallel Aware": true,"Async Capable": false,"Startup Cost": 4210.00,"Total Cost": 4210.00,"Plan Rows": 62500,"Plan Width": 23,"Actual Startup Time": 36.172,"Actual Total Time": 36.190,"Actual Rows": 37500,"Actual Loops": 4,"Hash Buckets": 262144,"Original Hash Buckets": 262144,"Hash Batches": 1,"Original Hash Batches": 1,"Peak Memory Usage": 10336,"Workers": [],"Plans": [{"Node Type": "Seq Scan","Parent Relationship": "Outer","Parallel Aware": true,"Async Capable": false,"Relation Name": "customer","Alias": "customer","Startup Cost": 0.00,"Total Cost": 4210.00,"Plan Rows": 62500,"Plan Width": 23,"Actual Startup Time": 0.024,"Actual Total Time": 17.933,"Actual Rows": 37500,"Actual Loops": 4,"Workers": []}]}]}]}]}]},"Planning Time": 6.881,"Triggers": [],"Execution Time": 10893.482}]
[{"Plan": {"Node Type": "Sort","Parallel Aware": false,"Async Capable": false,"Startup Cost": 397889.21,"Total Cost": 399077.01,"Plan Rows": 475120,"Plan Width": 71,"Actual Startup Time": 10950.105,"Actual Total Time": 10953.954,"Actual Rows": 9,"Actual Loops": 1,"Sort Key": ["orders.o_totalprice DESC", "orders.o_orderdate"],"Sort Method": "quicksort","Sort Space Used": 25,"Sort Space Type": "Memory","Plans": [{"Node Type": "Aggregate","Strategy": "Hashed","Partial Mode": "Simple","Parent Relationship": "Outer","Parallel Aware": false,"Async Capable": false,"Startup Cost": 347151.30,"Total Cost": 353090.30,"Plan Rows": 475120,"Plan Width": 71,"Actual Startup Time": 10902.471,"Actual Total Time": 10953.715,"Actual Rows": 9,"Actual Loops": 1,"Group Key": ["customer.c_custkey", "orders.o_orderkey"],"Planned Partitions": 0,"HashAgg Batches": 1,"Peak Memory Usage": 24601,"Disk Usage": 0,"Plans": [{"Node Type": "Gather","Parent Relationship": "Outer","Parallel Aware": false,"Async Capable": false,"Startup Cost": 216528.94,"Total Cost": 343587.90,"Plan Rows": 475120,"Plan Width": 44,"Actual Startup Time": 10893.800,"Actual Total Time": 10897.693,"Actual Rows": 63,"Actual Loops": 1,"Workers Planned": 3,"Workers Launched": 3,"Single Copy": false,"Plans": [{"Node Type": "Hash Join","Parent Relationship": "Outer","Parallel Aware": true,"Async Capable": false,"Join Type": "Inner","Startup Cost": 215528.94,"Total Cost": 295075.90,"Plan Rows": 153265,"Plan Width": 44,"Actual Startup Time": 10134.253,"Actual Total Time": 10314.794,"Actual Rows": 16,"Actual Loops": 4,"Inner Unique": true,"Hash Cond": "(orders.o_custkey = customer.c_custkey)","Workers": [],"Plans": [{"Node Type": "Nested Loop","Parent Relationship": "Outer","Parallel Aware": false,"Async Capable": false,"Join Type": "Inner","Startup Cost": 210537.69,"Total Cost": 289682.32,"Plan Rows": 153265,"Plan Width": 25,"Actual Startup Time": 10099.687,"Actual Total Time": 10280.153,"Actual Rows": 16,"Actual Loops": 4,"Inner Unique": false,"Workers": [],"Plans": [{"Node Type": "Hash Join","Parent Relationship": "Outer","Parallel Aware": false,"Async Capable": false,"Join Type": "Inner","Startup Cost": 210537.26,"Total Cost": 242741.13,"Plan Rows": 38308,"Plan Width": 24,"Actual Startup Time": 10099.575,"Actual Total Time": 10279.892,"Actual Rows": 2,"Actual Loops": 4,"Inner Unique": true,"Hash Cond": "(orders.o_orderkey = lineitem_1.l_orderkey)","Workers": [],"Plans": [{"Node Type": "Seq Scan","Parent Relationship": "Outer","Parallel Aware": true,"Async Capable": false,"Relation Name": "orders","Alias": "orders","Startup Cost": 0.00,"Total Cost": 30933.71,"Plan Rows": 483871,"Plan Width": 20,"Actual Startup Time": 0.011,"Actual Total Time": 51.627,"Actual Rows": 375000,"Actual Loops": 4,"Workers": []},{"Node Type": "Hash","Parent Relationship": "Inner","Parallel Aware": false,"Async Capable": false,"Startup Cost": 209052.81,"Total Cost": 209052.81,"Plan Rows": 118756,"Plan Width": 4,"Actual Startup Time": 10016.825,"Actual Total Time": 10016.839,"Actual Rows": 9,"Actual Loops": 4,"Hash Buckets": 131072,"Original Hash Buckets": 131072,"Hash Batches": 1,"Original Hash Batches": 1,"Peak Memory Usage": 1025,"Workers": [],"Plans": [{"Node Type": "Aggregate","Strategy": "Hashed","Partial Mode": "Simple","Parent Relationship": "Outer","Parallel Aware": false,"Async Capable": false,"Startup Cost": 202521.23,"Total Cost": 207865.25,"Plan Rows": 118756,"Plan Width": 4,"Actual Startup Time": 6319.140,"Actual Total Time": 10016.671,"Actual Rows": 9,"Actual Loops": 4,"Group Key": ["lineitem_1.l_orderkey"],"Filter": "(sum(lineitem_1.l_quantity) > '315'::numeric)","Planned Partitions": 0,"HashAgg Batches": 1,"Peak Memory Usage": 638993,"Disk Usage": 0,"Rows Removed by Filter": 1499991,"Workers": [{"Worker Number": 0,"HashAgg Batches": 1,"Peak Memory Usage": 638993,"Disk Usage": 0},{"Worker Number": 1,"HashAgg Batches": 1,"Peak Memory Usage": 638993,"Disk Usage": 0},{"Worker Number": 2,"HashAgg Batches": 1,"Peak Memory Usage": 638993,"Disk Usage": 0}],"Plans": [{"Node Type": "Seq Scan","Parent Relationship": "Outer","Parallel Aware": false,"Async Capable": false,"Relation Name": "lineitem","Alias": "lineitem_1","Startup Cost": 0.00,"Total Cost": 172515.15,"Plan Rows": 6001215,"Plan Width": 9,"Actual Startup Time": 0.018,"Actual Total Time": 971.843,"Actual Rows": 6001215,"Actual Loops": 4,"Workers": []}]}]}]},{"Node Type": "Index Scan","Parent Relationship": "Inner","Parallel Aware": false,"Async Capable": false,"Scan Direction": "Forward","Index Name": "idx_lineitem_orderkey","Relation Name": "lineitem","Alias": "lineitem","Startup Cost": 0.43,"Total Cost": 1.06,"Plan Rows": 17,"Plan Width": 9,"Actual Startup Time": 0.069,"Actual Total Time": 0.079,"Actual Rows": 7,"Actual Loops": 9,"Index Cond": "(l_orderkey = orders.o_orderkey)","Rows Removed by Index Recheck": 0,"Workers": []}]},{"Node Type": "Hash","Parent Relationship": "Inner","Parallel Aware": true,"Async Capable": false,"Startup Cost": 4210.00,"Total Cost": 4210.00,"Plan Rows": 62500,"Plan Width": 23,"Actual Startup Time": 33.677,"Actual Total Time": 33.684,"Actual Rows": 37500,"Actual Loops": 4,"Hash Buckets": 262144,"Original Hash Buckets": 262144,"Hash Batches": 1,"Original Hash Batches": 1,"Peak Memory Usage": 10368,"Workers": [],"Plans": [{"Node Type": "Seq Scan","Parent Relationship": "Outer","Parallel Aware": true,"Async Capable": false,"Relation Name": "customer","Alias": "customer","Startup Cost": 0.00,"Total Cost": 4210.00,"Plan Rows": 62500,"Plan Width": 23,"Actual Startup Time": 0.019,"Actual Total Time": 16.715,"Actual Rows": 37500,"Actual Loops": 4,"Workers": []}]}]}]}]}]},"Planning Time": 6.132,"Triggers": [],"Execution Time": 11002.531}]
[{"Plan": {"Node Type": "Sort","Parallel Aware": false,"Async Capable": false,"Startup Cost": 397889.21,"Total Cost": 399077.01,"Plan Rows": 475120,"Plan Width": 71,"Actual Startup Time": 10345.847,"Actual Total Time": 10377.998,"Actual Rows": 9,"Actual Loops": 1,"Sort Key": ["orders.o_totalprice DESC", "orders.o_orderdate"],"Sort Method": "quicksort","Sort Space Used": 25,"Sort Space Type": "Memory","Plans": [{"Node Type": "Aggregate","Strategy": "Hashed","Partial Mode": "Simple","Parent Relationship": "Outer","Parallel Aware": false,"Async Capable": false,"Startup Cost": 347151.30,"Total Cost": 353090.30,"Plan Rows": 475120,"Plan Width": 71,"Actual Startup Time": 10329.232,"Actual Total Time": 10377.856,"Actual Rows": 9,"Actual Loops": 1,"Group Key": ["customer.c_custkey", "orders.o_orderkey"],"Planned Partitions": 0,"HashAgg Batches": 1,"Peak Memory Usage": 24601,"Disk Usage": 0,"Plans": [{"Node Type": "Gather","Parent Relationship": "Outer","Parallel Aware": false,"Async Capable": false,"Startup Cost": 216528.94,"Total Cost": 343587.90,"Plan Rows": 475120,"Plan Width": 44,"Actual Startup Time": 10053.961,"Actual Total Time": 10357.615,"Actual Rows": 63,"Actual Loops": 1,"Workers Planned": 3,"Workers Launched": 3,"Single Copy": false,"Plans": [{"Node Type": "Hash Join","Parent Relationship": "Outer","Parallel Aware": true,"Async Capable": false,"Join Type": "Inner","Startup Cost": 215528.94,"Total Cost": 295075.90,"Plan Rows": 153265,"Plan Width": 44,"Actual Startup Time": 10157.696,"Actual Total Time": 10258.651,"Actual Rows": 16,"Actual Loops": 4,"Inner Unique": true,"Hash Cond": "(orders.o_custkey = customer.c_custkey)","Workers": [],"Plans": [{"Node Type": "Nested Loop","Parent Relationship": "Outer","Parallel Aware": false,"Async Capable": false,"Join Type": "Inner","Startup Cost": 210537.69,"Total Cost": 289682.32,"Plan Rows": 153265,"Plan Width": 25,"Actual Startup Time": 10123.332,"Actual Total Time": 10224.239,"Actual Rows": 16,"Actual Loops": 4,"Inner Unique": false,"Workers": [],"Plans": [{"Node Type": "Hash Join","Parent Relationship": "Outer","Parallel Aware": false,"Async Capable": false,"Join Type": "Inner","Startup Cost": 210537.26,"Total Cost": 242741.13,"Plan Rows": 38308,"Plan Width": 24,"Actual Startup Time": 10123.186,"Actual Total Time": 10223.998,"Actual Rows": 2,"Actual Loops": 4,"Inner Unique": true,"Hash Cond": "(orders.o_orderkey = lineitem_1.l_orderkey)","Workers": [],"Plans": [{"Node Type": "Seq Scan","Parent Relationship": "Outer","Parallel Aware": true,"Async Capable": false,"Relation Name": "orders","Alias": "orders","Startup Cost": 0.00,"Total Cost": 30933.71,"Plan Rows": 483871,"Plan Width": 20,"Actual Startup Time": 0.011,"Actual Total Time": 49.852,"Actual Rows": 375000,"Actual Loops": 4,"Workers": []},{"Node Type": "Hash","Parent Relationship": "Inner","Parallel Aware": false,"Async Capable": false,"Startup Cost": 209052.81,"Total Cost": 209052.81,"Plan Rows": 118756,"Plan Width": 4,"Actual Startup Time": 10005.666,"Actual Total Time": 10005.673,"Actual Rows": 9,"Actual Loops": 4,"Hash Buckets": 131072,"Original Hash Buckets": 131072,"Hash Batches": 1,"Original Hash Batches": 1,"Peak Memory Usage": 1025,"Workers": [],"Plans": [{"Node Type": "Aggregate","Strategy": "Hashed","Partial Mode": "Simple","Parent Relationship": "Outer","Parallel Aware": false,"Async Capable": false,"Startup Cost": 202521.23,"Total Cost": 207865.25,"Plan Rows": 118756,"Plan Width": 4,"Actual Startup Time": 6310.010,"Actual Total Time": 10005.543,"Actual Rows": 9,"Actual Loops": 4,"Group Key": ["lineitem_1.l_orderkey"],"Filter": "(sum(lineitem_1.l_quantity) > '313'::numeric)","Planned Partitions": 0,"HashAgg Batches": 1,"Peak Memory Usage": 638993,"Disk Usage": 0,"Rows Removed by Filter": 1499991,"Workers": [{"Worker Number": 0,"HashAgg Batches": 1,"Peak Memory Usage": 638993,"Disk Usage": 0},{"Worker Number": 1,"HashAgg Batches": 1,"Peak Memory Usage": 638993,"Disk Usage": 0},{"Worker Number": 2,"HashAgg Batches": 1,"Peak Memory Usage": 638993,"Disk Usage": 0}],"Plans": [{"Node Type": "Seq Scan","Parent Relationship": "Outer","Parallel Aware": false,"Async Capable": false,"Relation Name": "lineitem","Alias": "lineitem_1","Startup Cost": 0.00,"Total Cost": 172515.15,"Plan Rows": 6001215,"Plan Width": 9,"Actual Startup Time": 0.020,"Actual Total Time": 994.479,"Actual Rows": 6001215,"Actual Loops": 4,"Workers": []}]}]}]},{"Node Type": "Index Scan","Parent Relationship": "Inner","Parallel Aware": false,"Async Capable": false,"Scan Direction": "Forward","Index Name": "idx_lineitem_orderkey","Relation Name": "lineitem","Alias": "lineitem","Startup Cost": 0.43,"Total Cost": 1.06,"Plan Rows": 17,"Plan Width": 9,"Actual Startup Time": 0.068,"Actual Total Time": 0.075,"Actual Rows": 7,"Actual Loops": 9,"Index Cond": "(l_orderkey = orders.o_orderkey)","Rows Removed by Index Recheck": 0,"Workers": []}]},{"Node Type": "Hash","Parent Relationship": "Inner","Parallel Aware": true,"Async Capable": false,"Startup Cost": 4210.00,"Total Cost": 4210.00,"Plan Rows": 62500,"Plan Width": 23,"Actual Startup Time": 33.578,"Actual Total Time": 33.582,"Actual Rows": 37500,"Actual Loops": 4,"Hash Buckets": 262144,"Original Hash Buckets": 262144,"Hash Batches": 1,"Original Hash Batches": 1,"Peak Memory Usage": 10336,"Workers": [],"Plans": [{"Node Type": "Seq Scan","Parent Relationship": "Outer","Parallel Aware": true,"Async Capable": false,"Relation Name": "customer","Alias": "customer","Startup Cost": 0.00,"Total Cost": 4210.00,"Plan Rows": 62500,"Plan Width": 23,"Actual Startup Time": 0.023,"Actual Total Time": 16.777,"Actual Rows": 37500,"Actual Loops": 4,"Workers": []}]}]}]}]}]},"Planning Time": 6.662,"Triggers": [],"Execution Time": 10430.266}]
