[{"Plan": {"Node Type": "Merge Join","Parallel Aware": false,"Async Capable": false,"Join Type": "Inner","Startup Cost": 248551.02,"Total Cost": 249071.91,"Plan Rows": 50,"Plan Width": 103,"Actual Startup Time": 2077.002,"Actual Total Time": 2077.041,"Actual Rows": 1,"Actual Loops": 1,"Inner Unique": true,"Merge Cond": "(supplier.s_suppkey = revenue0.supplier_no)","Plans": [{"Node Type": "Aggregate","Strategy": "Plain","Partial Mode": "Simple","Parent Relationship": "InitPlan","Subplan Name": "InitPlan 1 (returns $0)","Parallel Aware": false,"Async Capable": false,"Startup Cost": 124324.44,"Total Cost": 124324.45,"Plan Rows": 1,"Plan Width": 32,"Actual Startup Time": 940.828,"Actual Total Time": 940.836,"Actual Rows": 1,"Actual Loops": 1,"Plans": [{"Node Type": "Aggregate","Strategy": "Hashed","Partial Mode": "Simple","Parent Relationship": "Outer","Parallel Aware": false,"Async Capable": false,"Startup Cost": 124074.27,"Total Cost": 124199.35,"Plan Rows": 10007,"Plan Width": 36,"Actual Startup Time": 933.956,"Actual Total Time": 940.235,"Actual Rows": 10000,"Actual Loops": 1,"Group Key": ["lineitem_1.l_suppkey"],"Planned Partitions": 0,"HashAgg Batches": 1,"Peak Memory Usage": 4497,"Disk Usage": 0,"Plans": [{"Node Type": "Bitmap Heap Scan","Parent Relationship": "Outer","Parallel Aware": false,"Async Capable": false,"Relation Name": "lineitem","Alias": "lineitem_1","Startup Cost": 5864.29,"Total Cost": 121791.48,"Plan Rows": 228279,"Plan Width": 16,"Actual Startup Time": 57.693,"Actual Total Time": 782.351,"Actual Rows": 227548,"Actual Loops": 1,"Recheck Cond": "((l_shipdate >= '1993-09-01'::date) AND (l_shipdate < '1993-12-01 00:00:00'::timestamp without time zone))","Rows Removed by Index Recheck": 0,"Exact Heap Blocks": 67057,"Lossy Heap Blocks": 0,"Plans": [{"Node Type": "Bitmap Index Scan","Parent Relationship": "Outer","Parallel Aware": false,"Async Capable": false,"Index Name": "idx_lineitem_shipdate","Startup Cost": 0.00,"Total Cost": 5807.22,"Plan Rows": 228279,"Plan Width": 0,"Actual Startup Time": 43.540,"Actual Total Time": 43.543,"Actual Rows": 227548,"Actual Loops": 1,"Index Cond": "((l_shipdate >= '1993-09-01'::date) AND (l_shipdate < '1993-12-01 00:00:00'::timestamp without time zone))"}]}]}]},{"Node Type": "Index Scan","Parent Relationship": "Outer","Parallel Aware": false,"Async Capable": false,"Scan Direction": "Forward","Index Name": "supplier_pkey","Relation Name": "supplier","Alias": "supplier","Startup Cost": 0.29,"Total Cost": 495.43,"Plan Rows": 10000,"Plan Width": 71,"Actual Startup Time": 0.062,"Actual Total Time": 10.969,"Actual Rows": 6952,"Actual Loops": 1},{"Node Type": "Sort","Parent Relationship": "Inner","Parallel Aware": false,"Async Capable": false,"Startup Cost": 124226.28,"Total Cost": 124226.41,"Plan Rows": 50,"Plan Width": 36,"Actual Startup Time": 2065.641,"Actual Total Time": 2065.657,"Actual Rows": 1,"Actual Loops": 1,"Sort Key": ["revenue0.supplier_no"],"Sort Method": "quicksort","Sort Space Used": 25,"Sort Space Type": "Memory","Plans": [{"Node Type": "Subquery Scan","Parent Relationship": "Outer","Parallel Aware": false,"Async Capable": false,"Alias": "revenue0","Startup Cost": 124074.27,"Total Cost": 124224.87,"Plan Rows": 50,"Plan Width": 36,"Actual Startup Time": 2050.272,"Actual Total Time": 2065.610,"Actual Rows": 1,"Actual Loops": 1,"Plans": [{"Node Type": "Aggregate","Strategy": "Hashed","Partial Mode": "Simple","Parent Relationship": "Subquery","Parallel Aware": false,"Async Capable": false,"Startup Cost": 124074.27,"Total Cost": 124224.37,"Plan Rows": 50,"Plan Width": 36,"Actual Startup Time": 2050.266,"Actual Total Time": 2065.591,"Actual Rows": 1,"Actual Loops": 1,"Group Key": ["lineitem.l_suppkey"],"Filter": "(sum((lineitem.l_extendedprice * ('1'::numeric - lineitem.l_discount))) = $0)","Planned Partitions": 0,"HashAgg Batches": 1,"Peak Memory Usage": 4497,"Disk Usage": 0,"Rows Removed by Filter": 9999,"Plans": [{"Node Type": "Bitmap Heap Scan","Parent Relationship": "Outer","Parallel Aware": false,"Async Capable": false,"Relation Name": "lineitem","Alias": "lineitem","Startup Cost": 5864.29,"Total Cost": 121791.48,"Plan Rows": 228279,"Plan Width": 16,"Actual Startup Time": 56.453,"Actual Total Time": 929.176,"Actual Rows": 227548,"Actual Loops": 1,"Recheck Cond": "((l_shipdate >= '1993-09-01'::date) AND (l_shipdate < '1993-12-01 00:00:00'::timestamp without time zone))","Rows Removed by Index Recheck": 0,"Exact Heap Blocks": 67057,"Lossy Heap Blocks": 0,"Plans": [{"Node Type": "Bitmap Index Scan","Parent Relationship": "Outer","Parallel Aware": false,"Async Capable": false,"Index Name": "idx_lineitem_shipdate","Startup Cost": 0.00,"Total Cost": 5807.22,"Plan Rows": 228279,"Plan Width": 0,"Actual Startup Time": 42.721,"Actual Total Time": 42.723,"Actual Rows": 227548,"Actual Loops": 1,"Index Cond": "((l_shipdate >= '1993-09-01'::date) AND (l_shipdate < '1993-12-01 00:00:00'::timestamp without time zone))"}]}]}]}]}]},"Planning Time": 4.464,"Triggers": [],"Execution Time": 2081.593}]
[{"Plan": {"Node Type": "Merge Join","Parallel Aware": false,"Async Capable": false,"Join Type": "Inner","Startup Cost": 248219.14,"Total Cost": 248740.03,"Plan Rows": 50,"Plan Width": 103,"Actual Startup Time": 2054.866,"Actual Total Time": 2054.924,"Actual Rows": 1,"Actual Loops": 1,"Inner Unique": true,"Merge Cond": "(supplier.s_suppkey = revenue0.supplier_no)","Plans": [{"Node Type": "Aggregate","Strategy": "Plain","Partial Mode": "Simple","Parent Relationship": "InitPlan","Subplan Name": "InitPlan 1 (returns $0)","Parallel Aware": false,"Async Capable": false,"Startup Cost": 124158.50,"Total Cost": 124158.51,"Plan Rows": 1,"Plan Width": 32,"Actual Startup Time": 912.132,"Actual Total Time": 912.157,"Actual Rows": 1,"Actual Loops": 1,"Plans": [{"Node Type": "Aggregate","Strategy": "Hashed","Partial Mode": "Simple","Parent Relationship": "Outer","Parallel Aware": false,"Async Capable": false,"Startup Cost": 123908.32,"Total Cost": 124033.41,"Plan Rows": 10007,"Plan Width": 36,"Actual Startup Time": 904.470,"Actual Total Time": 911.507,"Actual Rows": 10000,"Actual Loops": 1,"Group Key": ["lineitem_1.l_suppkey"],"Planned Partitions": 0,"HashAgg Batches": 1,"Peak Memory Usage": 4497,"Disk Usage": 0,"Plans": [{"Node Type": "Bitmap Heap Scan","Parent Relationship": "Outer","Parallel Aware": false,"Async Capable": false,"Relation Name": "lineitem","Alias": "lineitem_1","Startup Cost": 5778.58,"Total Cost": 121658.43,"Plan Rows": 224990,"Plan Width": 16,"Actual Startup Time": 51.201,"Actual Total Time": 704.457,"Actual Rows": 225954,"Actual Loops": 1,"Recheck Cond": "((l_shipdate >= '1996-01-01'::date) AND (l_shipdate < '1996-04-01 00:00:00'::timestamp without time zone))","Rows Removed by Index Recheck": 0,"Exact Heap Blocks": 66894,"Lossy Heap Blocks": 0,"Plans": [{"Node Type": "Bitmap Index Scan","Parent Relationship": "Outer","Parallel Aware": false,"Async Capable": false,"Index Name": "idx_lineitem_shipdate","Startup Cost": 0.00,"Total Cost": 5722.33,"Plan Rows": 224990,"Plan Width": 0,"Actual Startup Time": 37.658,"Actual Total Time": 37.675,"Actual Rows": 225954,"Actual Loops": 1,"Index Cond": "((l_shipdate >= '1996-01-01'::date) AND (l_shipdate < '1996-04-01 00:00:00'::timestamp without time zone))"}]}]}]},{"Node Type": "Index Scan","Parent Relationship": "Outer","Parallel Aware": false,"Async Capable": false,"Scan Direction": "Forward","Index Name": "supplier_pkey","Relation Name": "supplier","Alias": "supplier","Startup Cost": 0.29,"Total Cost": 495.43,"Plan Rows": 10000,"Plan Width": 71,"Actual Startup Time": 0.122,"Actual Total Time": 14.191,"Actual Rows": 8450,"Actual Loops": 1},{"Node Type": "Sort","Parent Relationship": "Inner","Parallel Aware": false,"Async Capable": false,"Startup Cost": 124060.34,"Total Cost": 124060.47,"Plan Rows": 50,"Plan Width": 36,"Actual Startup Time": 2040.148,"Actual Total Time": 2040.163,"Actual Rows": 1,"Actual Loops": 1,"Sort Key": ["revenue0.supplier_no"],"Sort Method": "quicksort","Sort Space Used": 25,"Sort Space Type": "Memory","Plans": [{"Node Type": "Subquery Scan","Parent Relationship": "Outer","Parallel Aware": false,"Async Capable": false,"Alias": "revenue0","Startup Cost": 123908.32,"Total Cost": 124058.93,"Plan Rows": 50,"Plan Width": 36,"Actual Startup Time": 2033.928,"Actual Total Time": 2040.084,"Actual Rows": 1,"Actual Loops": 1,"Plans": [{"Node Type": "Aggregate","Strategy": "Hashed","Partial Mode": "Simple","Parent Relationship": "Subquery","Parallel Aware": false,"Async Capable": false,"Startup Cost": 123908.32,"Total Cost": 124058.43,"Plan Rows": 50,"Plan Width": 36,"Actual Startup Time": 2033.913,"Actual Total Time": 2040.046,"Actual Rows": 1,"Actual Loops": 1,"Group Key": ["lineitem.l_suppkey"],"Filter": "(sum((lineitem.l_extendedprice * ('1'::numeric - lineitem.l_discount))) = $0)","Planned Partitions": 0,"HashAgg Batches": 1,"Peak Memory Usage": 4497,"Disk Usage": 0,"Rows Removed by Filter": 9999,"Plans": [{"Node Type": "Bitmap Heap Scan","Parent Relationship": "Outer","Parallel Aware": false,"Async Capable": false,"Relation Name": "lineitem","Alias": "lineitem","Startup Cost": 5778.58,"Total Cost": 121658.43,"Plan Rows": 224990,"Plan Width": 16,"Actual Startup Time": 51.509,"Actual Total Time": 899.433,"Actual Rows": 225954,"Actual Loops": 1,"Recheck Cond": "((l_shipdate >= '1996-01-01'::date) AND (l_shipdate < '1996-04-01 00:00:00'::timestamp without time zone))","Rows Removed by Index Recheck": 0,"Exact Heap Blocks": 66894,"Lossy Heap Blocks": 0,"Plans": [{"Node Type": "Bitmap Index Scan","Parent Relationship": "Outer","Parallel Aware": false,"Async Capable": false,"Index Name": "idx_lineitem_shipdate","Startup Cost": 0.00,"Total Cost": 5722.33,"Plan Rows": 224990,"Plan Width": 0,"Actual Startup Time": 38.031,"Actual Total Time": 38.032,"Actual Rows": 225954,"Actual Loops": 1,"Index Cond": "((l_shipdate >= '1996-01-01'::date) AND (l_shipdate < '1996-04-01 00:00:00'::timestamp without time zone))"}]}]}]}]}]},"Planning Time": 4.188,"Triggers": [],"Execution Time": 2060.031}]
[{"Plan": {"Node Type": "Merge Join","Parallel Aware": false,"Async Capable": false,"Join Type": "Inner","Startup Cost": 249160.41,"Total Cost": 249681.31,"Plan Rows": 50,"Plan Width": 103,"Actual Startup Time": 2073.279,"Actual Total Time": 2073.319,"Actual Rows": 1,"Actual Loops": 1,"Inner Unique": true,"Merge Cond": "(supplier.s_suppkey = revenue0.supplier_no)","Plans": [{"Node Type": "Aggregate","Strategy": "Plain","Partial Mode": "Simple","Parent Relationship": "InitPlan","Subplan Name": "InitPlan 1 (returns $0)","Parallel Aware": false,"Async Capable": false,"Startup Cost": 124629.14,"Total Cost": 124629.15,"Plan Rows": 1,"Plan Width": 32,"Actual Startup Time": 939.006,"Actual Total Time": 939.018,"Actual Rows": 1,"Actual Loops": 1,"Plans": [{"Node Type": "Aggregate","Strategy": "Hashed","Partial Mode": "Simple","Parent Relationship": "Outer","Parallel Aware": false,"Async Capable": false,"Startup Cost": 124378.96,"Total Cost": 124504.05,"Plan Rows": 10007,"Plan Width": 36,"Actual Startup Time": 931.108,"Actual Total Time": 938.419,"Actual Rows": 10000,"Actual Loops": 1,"Group Key": ["lineitem_1.l_suppkey"],"Planned Partitions": 0,"HashAgg Batches": 1,"Peak Memory Usage": 4497,"Disk Usage": 0,"Plans": [{"Node Type": "Bitmap Heap Scan","Parent Relationship": "Outer","Parallel Aware": false,"Async Capable": false,"Relation Name": "lineitem","Alias": "lineitem_1","Startup Cost": 6018.14,"Total Cost": 122035.84,"Plan Rows": 234313,"Plan Width": 16,"Actual Startup Time": 52.989,"Actual Total Time": 776.177,"Actual Rows": 229123,"Actual Loops": 1,"Recheck Cond": "((l_shipdate >= '1994-11-01'::date) AND (l_shipdate < '1995-02-01 00:00:00'::timestamp without time zone))","Rows Removed by Index Recheck": 0,"Exact Heap Blocks": 67216,"Lossy Heap Blocks": 0,"Plans": [{"Node Type": "Bitmap Index Scan","Parent Relationship": "Outer","Parallel Aware": false,"Async Capable": false,"Index Name": "idx_lineitem_shipdate","Startup Cost": 0.00,"Total Cost": 5959.56,"Plan Rows": 234313,"Plan Width": 0,"Actual Startup Time": 39.328,"Actual Total Time": 39.335,"Actual Rows": 229123,"Actual Loops": 1,"Index Cond": "((l_shipdate >= '1994-11-01'::date) AND (l_shipdate < '1995-02-01 00:00:00'::timestamp without time zone))"}]}]}]},{"Node Type": "Index Scan","Parent Relationship": "Outer","Parallel Aware": false,"Async Capable": false,"Scan Direction": "Forward","Index Name": "supplier_pkey","Relation Name": "supplier","Alias": "supplier","Startup Cost": 0.29,"Total Cost": 495.43,"Plan Rows": 10000,"Plan Width": 71,"Actual Startup Time": 0.068,"Actual Total Time": 3.400,"Actual Rows": 1942,"Actual Loops": 1},{"Node Type": "Sort","Parent Relationship": "Inner","Parallel Aware": false,"Async Capable": false,"Startup Cost": 124530.98,"Total Cost": 124531.10,"Plan Rows": 50,"Plan Width": 36,"Actual Startup Time": 2069.742,"Actual Total Time": 2069.754,"Actual Rows": 1,"Actual Loops": 1,"Sort Key": ["revenue0.supplier_no"],"Sort Method": "quicksort","Sort Space Used": 25,"Sort Space Type": "Memory","Plans": [{"Node Type": "Subquery Scan","Parent Relationship": "Outer","Parallel Aware": false,"Async Capable": false,"Alias": "revenue0","Startup Cost": 124378.96,"Total Cost": 124529.57,"Plan Rows": 50,"Plan Width": 36,"Actual Startup Time": 2038.680,"Actual Total Time": 2069.702,"Actual Rows": 1,"Actual Loops": 1,"Plans": [{"Node Type": "Aggregate","Strategy": "Hashed","Partial Mode": "Simple","Parent Relationship": "Subquery","Parallel Aware": false,"Async Capable": false,"Startup Cost": 124378.96,"Total Cost": 124529.07,"Plan Rows": 50,"Plan Width": 36,"Actual Startup Time": 2038.671,"Actual Total Time": 2069.682,"Actual Rows": 1,"Actual Loops": 1,"Group Key": ["lineitem.l_suppkey"],"Filter": "(sum((lineitem.l_extendedprice * ('1'::numeric - lineitem.l_discount))) = $0)","Planned Partitions": 0,"HashAgg Batches": 1,"Peak Memory Usage": 4497,"Disk Usage": 0,"Rows Removed by Filter": 9999,"Plans": [{"Node Type": "Bitmap Heap Scan","Parent Relationship": "Outer","Parallel Aware": false,"Async Capable": false,"Relation Name": "lineitem","Alias": "lineitem","Startup Cost": 6018.14,"Total Cost": 122035.84,"Plan Rows": 234313,"Plan Width": 16,"Actual Startup Time": 55.954,"Actual Total Time": 934.360,"Actual Rows": 229123,"Actual Loops": 1,"Recheck Cond": "((l_shipdate >= '1994-11-01'::date) AND (l_shipdate < '1995-02-01 00:00:00'::timestamp without time zone))","Rows Removed by Index Recheck": 0,"Exact Heap Blocks": 67216,"Lossy Heap Blocks": 0,"Plans": [{"Node Type": "Bitmap Index Scan","Parent Relationship": "Outer","Parallel Aware": false,"Async Capable": false,"Index Name": "idx_lineitem_shipdate","Startup Cost": 0.00,"Total Cost": 5959.56,"Plan Rows": 234313,"Plan Width": 0,"Actual Startup Time": 42.235,"Actual Total Time": 42.239,"Actual Rows": 229123,"Actual Loops": 1,"Index Cond": "((l_shipdate >= '1994-11-01'::date) AND (l_shipdate < '1995-02-01 00:00:00'::timestamp without time zone))"}]}]}]}]}]},"Planning Time": 5.241,"Triggers": [],"Execution Time": 2077.503}]
[{"Plan": {"Node Type": "Merge Join","Parallel Aware": false,"Async Capable": false,"Join Type": "Inner","Startup Cost": 248790.52,"Total Cost": 249311.42,"Plan Rows": 50,"Plan Width": 103,"Actual Startup Time": 1983.963,"Actual Total Time": 1983.999,"Actual Rows": 1,"Actual Loops": 1,"Inner Unique": true,"Merge Cond": "(supplier.s_suppkey = revenue0.supplier_no)","Plans": [{"Node Type": "Aggregate","Strategy": "Plain","Partial Mode": "Simple","Parent Relationship": "InitPlan","Subplan Name": "InitPlan 1 (returns $0)","Parallel Aware": false,"Async Capable": false,"Startup Cost": 124444.19,"Total Cost": 124444.20,"Plan Rows": 1,"Plan Width": 32,"Actual Startup Time": 870.346,"Actual Total Time": 870.363,"Actual Rows": 1,"Actual Loops": 1,"Plans": [{"Node Type": "Aggregate","Strategy": "Hashed","Partial Mode": "Simple","Parent Relationship": "Outer","Parallel Aware": false,"Async Capable": false,"Startup Cost": 124194.02,"Total Cost": 124319.10,"Plan Rows": 10007,"Plan Width": 36,"Actual Startup Time": 861.387,"Actual Total Time": 869.774,"Actual Rows": 10000,"Actual Loops": 1,"Group Key": ["lineitem_1.l_suppkey"],"Planned Partitions": 0,"HashAgg Batches": 1,"Peak Memory Usage": 4497,"Disk Usage": 0,"Plans": [{"Node Type": "Bitmap Heap Scan","Parent Relationship": "Outer","Parallel Aware": false,"Async Capable": false,"Relation Name": "lineitem","Alias": "lineitem_1","Startup Cost": 5924.65,"Total Cost": 121887.47,"Plan Rows": 230655,"Plan Width": 16,"Actual Startup Time": 48.641,"Actual Total Time": 688.563,"Actual Rows": 229970,"Actual Loops": 1,"Recheck Cond": "((l_shipdate >= '1997-05-01'::date) AND (l_shipdate < '1997-08-01 00:00:00'::timestamp without time zone))","Rows Removed by Index Recheck": 0,"Exact Heap Blocks": 67328,"Lossy Heap Blocks": 0,"Plans": [{"Node Type": "Bitmap Index Scan","Parent Relationship": "Outer","Parallel Aware": false,"Async Capable": false,"Index Name": "idx_lineitem_shipdate","Startup Cost": 0.00,"Total Cost": 5866.98,"Plan Rows": 230655,"Plan Width": 0,"Actual Startup Time": 35.373,"Actual Total Time": 35.379,"Actual Rows": 229970,"Actual Loops": 1,"Index Cond": "((l_shipdate >= '1997-05-01'::date) AND (l_shipdate < '1997-08-01 00:00:00'::timestamp without time zone))"}]}]}]},{"Node Type": "Index Scan","Parent Relationship": "Outer","Parallel Aware": false,"Async Capable": false,"Scan Direction": "Forward","Index Name": "supplier_pkey","Relation Name": "supplier","Alias": "supplier","Startup Cost": 0.29,"Total Cost": 495.43,"Plan Rows": 10000,"Plan Width": 71,"Actual Startup Time": 0.081,"Actual Total Time": 1.818,"Actual Rows": 977,"Actual Loops": 1},{"Node Type": "Sort","Parent Relationship": "Inner","Parallel Aware": false,"Async Capable": false,"Startup Cost": 124346.03,"Total Cost": 124346.16,"Plan Rows": 50,"Plan Width": 36,"Actual Startup Time": 1982.064,"Actual Total Time": 1982.074,"Actual Rows": 1,"Actual Loops": 1,"Sort Key": ["revenue0.supplier_no"],"Sort Method": "quicksort","Sort Space Used": 25,"Sort Space Type": "Memory","Plans": [{"Node Type": "Subquery Scan","Parent Relationship": "Outer","Parallel Aware": false,"Async Capable": false,"Alias": "revenue0","Startup Cost": 124194.02,"Total Cost": 124344.62,"Plan Rows": 50,"Plan Width": 36,"Actual Startup Time": 1977.425,"Actual Total Time": 1982.032,"Actual Rows": 1,"Actual Loops": 1,"Plans": [{"Node Type": "Aggregate","Strategy": "Hashed","Partial Mode": "Simple","Parent Relationship": "Subquery","Parallel Aware": false,"Async Capable": false,"Startup Cost": 124194.02,"Total Cost": 124344.12,"Plan Rows": 50,"Plan Width": 36,"Actual Startup Time": 1977.416,"Actual Total Time": 1982.019,"Actual Rows": 1,"Actual Loops": 1,"Group Key": ["lineitem.l_suppkey"],"Filter": "(sum((lineitem.l_extendedprice * ('1'::numeric - lineitem.l_discount))) = $0)","Planned Partitions": 0,"HashAgg Batches": 1,"Peak Memory Usage": 4497,"Disk Usage": 0,"Rows Removed by Filter": 9999,"Plans": [{"Node Type": "Bitmap Heap Scan","Parent Relationship": "Outer","Parallel Aware": false,"Async Capable": false,"Relation Name": "lineitem","Alias": "lineitem","Startup Cost": 5924.65,"Total Cost": 121887.47,"Plan Rows": 230655,"Plan Width": 16,"Actual Startup Time": 49.950,"Actual Total Time": 900.000,"Actual Rows": 229970,"Actual Loops": 1,"Recheck Cond": "((l_shipdate >= '1997-05-01'::date) AND (l_shipdate < '1997-08-01 00:00:00'::timestamp without time zone))","Rows Removed by Index Recheck": 0,"Exact Heap Blocks": 67328,"Lossy Heap Blocks": 0,"Plans": [{"Node Type": "Bitmap Index Scan","Parent Relationship": "Outer","Parallel Aware": false,"Async Capable": false,"Index Name": "idx_lineitem_shipdate","Startup Cost": 0.00,"Total Cost": 5866.98,"Plan Rows": 230655,"Plan Width": 0,"Actual Startup Time": 36.810,"Actual Total Time": 36.810,"Actual Rows": 229970,"Actual Loops": 1,"Index Cond": "((l_shipdate >= '1997-05-01'::date) AND (l_shipdate < '1997-08-01 00:00:00'::timestamp without time zone))"}]}]}]}]}]},"Planning Time": 5.469,"Triggers": [],"Execution Time": 1986.524}]
[{"Plan": {"Node Type": "Merge Join","Parallel Aware": false,"Async Capable": false,"Join Type": "Inner","Startup Cost": 248950.69,"Total Cost": 249471.59,"Plan Rows": 50,"Plan Width": 103,"Actual Startup Time": 2077.217,"Actual Total Time": 2077.254,"Actual Rows": 1,"Actual Loops": 1,"Inner Unique": true,"Merge Cond": "(supplier.s_suppkey = revenue0.supplier_no)","Plans": [{"Node Type": "Aggregate","Strategy": "Plain","Partial Mode": "Simple","Parent Relationship": "InitPlan","Subplan Name": "InitPlan 1 (returns $0)","Parallel Aware": false,"Async Capable": false,"Startup Cost": 124524.28,"Total Cost": 124524.29,"Plan Rows": 1,"Plan Width": 32,"Actual Startup Time": 944.226,"Actual Total Time": 944.239,"Actual Rows": 1,"Actual Loops": 1,"Plans": [{"Node Type": "Aggregate","Strategy": "Hashed","Partial Mode": "Simple","Parent Relationship": "Outer","Parallel Aware": false,"Async Capable": false,"Startup Cost": 124274.10,"Total Cost": 124399.19,"Plan Rows": 10007,"Plan Width": 36,"Actual Startup Time": 935.667,"Actual Total Time": 943.640,"Actual Rows": 10000,"Actual Loops": 1,"Group Key": ["lineitem_1.l_suppkey"],"Planned Partitions": 0,"HashAgg Batches": 1,"Peak Memory Usage": 4497,"Disk Usage": 0,"Plans": [{"Node Type": "Bitmap Heap Scan","Parent Relationship": "Outer","Parallel Aware": false,"Async Capable": false,"Relation Name": "lineitem","Alias": "lineitem_1","Startup Cost": 5964.95,"Total Cost": 121951.64,"Plan Rows": 232246,"Plan Width": 16,"Actual Startup Time": 58.195,"Actual Total Time": 787.901,"Actual Rows": 228485,"Actual Loops": 1,"Recheck Cond": "((l_shipdate >= '1994-10-01'::date) AND (l_shipdate < '1995-01-01 00:00:00'::timestamp without time zone))","Rows Removed by Index Recheck": 0,"Exact Heap Blocks": 67254,"Lossy Heap Blocks": 0,"Plans": [{"Node Type": "Bitmap Index Scan","Parent Relationship": "Outer","Parallel Aware": false,"Async Capable": false,"Index Name": "idx_lineitem_shipdate","Startup Cost": 0.00,"Total Cost": 5906.89,"Plan Rows": 232246,"Plan Width": 0,"Actual Startup Time": 44.283,"Actual Total Time": 44.290,"Actual Rows": 228485,"Actual Loops": 1,"Index Cond": "((l_shipdate >= '1994-10-01'::date) AND (l_shipdate < '1995-01-01 00:00:00'::timestamp without time zone))"}]}]}]},{"Node Type": "Index Scan","Parent Relationship": "Outer","Parallel Aware": false,"Async Capable": false,"Scan Direction": "Forward","Index Name": "supplier_pkey","Relation Name": "supplier","Alias": "supplier","Startup Cost": 0.29,"Total Cost": 495.43,"Plan Rows": 10000,"Plan Width": 71,"Actual Startup Time": 0.119,"Actual Total Time": 5.877,"Actual Rows": 3489,"Actual Loops": 1},{"Node Type": "Sort","Parent Relationship": "Inner","Parallel Aware": false,"Async Capable": false,"Startup Cost": 124426.12,"Total Cost": 124426.24,"Plan Rows": 50,"Plan Width": 36,"Actual Startup Time": 2071.109,"Actual Total Time": 2071.122,"Actual Rows": 1,"Actual Loops": 1,"Sort Key": ["revenue0.supplier_no"],"Sort Method": "quicksort","Sort Space Used": 25,"Sort Space Type": "Memory","Plans": [{"Node Type": "Subquery Scan","Parent Relationship": "Outer","Parallel Aware": false,"Async Capable": false,"Alias": "revenue0","Startup Cost": 124274.10,"Total Cost": 124424.71,"Plan Rows": 50,"Plan Width": 36,"Actual Startup Time": 2068.547,"Actual Total Time": 2071.053,"Actual Rows": 1,"Actual Loops": 1,"Plans": [{"Node Type": "Aggregate","Strategy": "Hashed","Partial Mode": "Simple","Parent Relationship": "Subquery","Parallel Aware": false,"Async Capable": false,"Startup Cost": 124274.10,"Total Cost": 124424.21,"Plan Rows": 50,"Plan Width": 36,"Actual Startup Time": 2068.539,"Actual Total Time": 2071.037,"Actual Rows": 1,"Actual Loops": 1,"Group Key": ["lineitem.l_suppkey"],"Filter": "(sum((lineitem.l_extendedprice * ('1'::numeric - lineitem.l_discount))) = $0)","Planned Partitions": 0,"HashAgg Batches": 1,"Peak Memory Usage": 4497,"Disk Usage": 0,"Rows Removed by Filter": 9999,"Plans": [{"Node Type": "Bitmap Heap Scan","Parent Relationship": "Outer","Parallel Aware": false,"Async Capable": false,"Relation Name": "lineitem","Alias": "lineitem","Startup Cost": 5964.95,"Total Cost": 121951.64,"Plan Rows": 232246,"Plan Width": 16,"Actual Startup Time": 55.484,"Actual Total Time": 929.289,"Actual Rows": 228485,"Actual Loops": 1,"Recheck Cond": "((l_shipdate >= '1994-10-01'::date) AND (l_shipdate < '1995-01-01 00:00:00'::timestamp without time zone))","Rows Removed by Index Recheck": 0,"Exact Heap Blocks": 67254,"Lossy Heap Blocks": 0,"Plans": [{"Node Type": "Bitmap Index Scan","Parent Relationship": "Outer","Parallel Aware": false,"Async Capable": false,"Index Name": "idx_lineitem_shipdate","Startup Cost": 0.00,"Total Cost": 5906.89,"Plan Rows": 232246,"Plan Width": 0,"Actual Startup Time": 41.691,"Actual Total Time": 41.696,"Actual Rows": 228485,"Actual Loops": 1,"Index Cond": "((l_shipdate >= '1994-10-01'::date) AND (l_shipdate < '1995-01-01 00:00:00'::timestamp without time zone))"}]}]}]}]}]},"Planning Time": 4.532,"Triggers": [],"Execution Time": 2082.904}]
[{"Plan": {"Node Type": "Merge Join","Parallel Aware": false,"Async Capable": false,"Join Type": "Inner","Startup Cost": 250128.21,"Total Cost": 250649.11,"Plan Rows": 50,"Plan Width": 103,"Actual Startup Time": 2022.562,"Actual Total Time": 2022.614,"Actual Rows": 1,"Actual Loops": 1,"Inner Unique": true,"Merge Cond": "(supplier.s_suppkey = revenue0.supplier_no)","Plans": [{"Node Type": "Aggregate","Strategy": "Plain","Partial Mode": "Simple","Parent Relationship": "InitPlan","Subplan Name": "InitPlan 1 (returns $0)","Parallel Aware": false,"Async Capable": false,"Startup Cost": 125113.04,"Total Cost": 125113.05,"Plan Rows": 1,"Plan Width": 32,"Actual Startup Time": 928.683,"Actual Total Time": 928.707,"Actual Rows": 1,"Actual Loops": 1,"Plans": [{"Node Type": "Aggregate","Strategy": "Hashed","Partial Mode": "Simple","Parent Relationship": "Outer","Parallel Aware": false,"Async Capable": false,"Startup Cost": 124862.86,"Total Cost": 124987.95,"Plan Rows": 10007,"Plan Width": 36,"Actual Startup Time": 922.246,"Actual Total Time": 928.037,"Actual Rows": 10000,"Actual Loops": 1,"Group Key": ["lineitem_1.l_suppkey"],"Planned Partitions": 0,"HashAgg Batches": 1,"Peak Memory Usage": 4497,"Disk Usage": 0,"Plans": [{"Node Type": "Bitmap Heap Scan","Parent Relationship": "Outer","Parallel Aware": false,"Async Capable": false,"Relation Name": "lineitem","Alias": "lineitem_1","Startup Cost": 6263.81,"Total Cost": 122424.44,"Plan Rows": 243842,"Plan Width": 16,"Actual Startup Time": 48.690,"Actual Total Time": 710.961,"Actual Rows": 231712,"Actual Loops": 1,"Recheck Cond": "((l_shipdate >= '1995-03-01'::date) AND (l_shipdate < '1995-06-01 00:00:00'::timestamp without time zone))","Rows Removed by Index Recheck": 0,"Exact Heap Blocks": 67567,"Lossy Heap Blocks": 0,"Plans": [{"Node Type": "Bitmap Index Scan","Parent Relationship": "Outer","Parallel Aware": false,"Async Capable": false,"Index Name": "idx_lineitem_shipdate","Startup Cost": 0.00,"Total Cost": 6202.85,"Plan Rows": 243842,"Plan Width": 0,"Actual Startup Time": 35.293,"Actual Total Time": 35.308,"Actual Rows": 231712,"Actual Loops": 1,"Index Cond": "((l_shipdate >= '1995-03-01'::date) AND (l_shipdate < '1995-06-01 00:00:00'::timestamp without time zone))"}]}]}]},{"Node Type": "Index Scan","Parent Relationship": "Outer","Parallel Aware": false,"Async Capable": false,"Scan Direction": "Forward","Index Name": "supplier_pkey","Relation Name": "supplier","Alias": "supplier","Startup Cost": 0.29,"Total Cost": 495.43,"Plan Rows": 10000,"Plan Width": 71,"Actual Startup Time": 0.085,"Actual Total Time": 4.032,"Actual Rows": 2389,"Actual Loops": 1},{"Node Type": "Sort","Parent Relationship": "Inner","Parallel Aware": false,"Async Capable": false,"Startup Cost": 125014.88,"Total Cost": 125015.00,"Plan Rows": 50,"Plan Width": 36,"Actual Startup Time": 2018.326,"Actual Total Time": 2018.343,"Actual Rows": 1,"Actual Loops": 1,"Sort Key": ["revenue0.supplier_no"],"Sort Method": "quicksort","Sort Space Used": 25,"Sort Space Type": "Memory","Plans": [{"Node Type": "Subquery Scan","Parent Relationship": "Outer","Parallel Aware": false,"Async Capable": false,"Alias": "revenue0","Startup Cost": 124862.86,"Total Cost": 125013.47,"Plan Rows": 50,"Plan Width": 36,"Actual Startup Time": 2012.310,"Actual Total Time": 2018.289,"Actual Rows": 1,"Actual Loops": 1,"Plans": [{"Node Type": "Aggregate","Strategy": "Hashed","Partial Mode": "Simple","Parent Relationship": "Subquery","Parallel Aware": false,"Async Capable": false,"Startup Cost": 124862.86,"Total Cost": 125012.97,"Plan Rows": 50,"Plan Width": 36,"Actual Startup Time": 2012.297,"Actual Total Time": 2018.253,"Actual Rows": 1,"Actual Loops": 1,"Group Key": ["lineitem.l_suppkey"],"Filter": "(sum((lineitem.l_extendedprice * ('1'::numeric - lineitem.l_discount))) = $0)","Planned Partitions": 0,"HashAgg Batches": 1,"Peak Memory Usage": 4497,"Disk Usage": 0,"Rows Removed by Filter": 9999,"Plans": [{"Node Type": "Bitmap Heap Scan","Parent Relationship": "Outer","Parallel Aware": false,"Async Capable": false,"Relation Name": "lineitem","Alias": "lineitem","Startup Cost": 6263.81,"Total Cost": 122424.44,"Plan Rows": 243842,"Plan Width": 16,"Actual Startup Time": 47.520,"Actual Total Time": 900.245,"Actual Rows": 231712,"Actual Loops": 1,"Recheck Cond": "((l_shipdate >= '1995-03-01'::date) AND (l_shipdate < '1995-06-01 00:00:00'::timestamp without time zone))","Rows Removed by Index Recheck": 0,"Exact Heap Blocks": 67567,"Lossy Heap Blocks": 0,"Plans": [{"Node Type": "Bitmap Index Scan","Parent Relationship": "Outer","Parallel Aware": false,"Async Capable": false,"Index Name": "idx_lineitem_shipdate","Startup Cost": 0.00,"Total Cost": 6202.85,"Plan Rows": 243842,"Plan Width": 0,"Actual Startup Time": 34.598,"Actual Total Time": 34.600,"Actual Rows": 231712,"Actual Loops": 1,"Index Cond": "((l_shipdate >= '1995-03-01'::date) AND (l_shipdate < '1995-06-01 00:00:00'::timestamp without time zone))"}]}]}]}]}]},"Planning Time": 4.581,"Triggers": [],"Execution Time": 2027.411}]
[{"Plan": {"Node Type": "Merge Join","Parallel Aware": false,"Async Capable": false,"Join Type": "Inner","Startup Cost": 248643.56,"Total Cost": 249164.46,"Plan Rows": 50,"Plan Width": 103,"Actual Startup Time": 2051.080,"Actual Total Time": 2051.125,"Actual Rows": 1,"Actual Loops": 1,"Inner Unique": true,"Merge Cond": "(supplier.s_suppkey = revenue0.supplier_no)","Plans": [{"Node Type": "Aggregate","Strategy": "Plain","Partial Mode": "Simple","Parent Relationship": "InitPlan","Subplan Name": "InitPlan 1 (returns $0)","Parallel Aware": false,"Async Capable": false,"Startup Cost": 124370.71,"Total Cost": 124370.72,"Plan Rows": 1,"Plan Width": 32,"Actual Startup Time": 925.866,"Actual Total Time": 925.883,"Actual Rows": 1,"Actual Loops": 1,"Plans": [{"Node Type": "Aggregate","Strategy": "Hashed","Partial Mode": "Simple","Parent Relationship": "Outer","Parallel Aware": false,"Async Capable": false,"Startup Cost": 124120.54,"Total Cost": 124245.62,"Plan Rows": 10007,"Plan Width": 36,"Actual Startup Time": 919.658,"Actual Total Time": 925.281,"Actual Rows": 10000,"Actual Loops": 1,"Group Key": ["lineitem_1.l_suppkey"],"Planned Partitions": 0,"HashAgg Batches": 1,"Peak Memory Usage": 4497,"Disk Usage": 0,"Plans": [{"Node Type": "Bitmap Heap Scan","Parent Relationship": "Outer","Parallel Aware": false,"Async Capable": false,"Relation Name": "lineitem","Alias": "lineitem_1","Startup Cost": 5704.94,"Total Cost": 121899.56,"Plan Rows": 222098,"Plan Width": 16,"Actual Startup Time": 58.148,"Actual Total Time": 772.764,"Actual Rows": 223616,"Actual Loops": 1,"Recheck Cond": "((l_shipdate >= '1993-12-01'::date) AND (l_shipdate < '1994-03-01 00:00:00'::timestamp without time zone))","Rows Removed by Index Recheck": 0,"Exact Heap Blocks": 66445,"Lossy Heap Blocks": 0,"Plans": [{"Node Type": "Bitmap Index Scan","Parent Relationship": "Outer","Parallel Aware": false,"Async Capable": false,"Index Name": "idx_lineitem_shipdate","Startup Cost": 0.00,"Total Cost": 5649.41,"Plan Rows": 222098,"Plan Width": 0,"Actual Startup Time": 44.427,"Actual Total Time": 44.430,"Actual Rows": 223616,"Actual Loops": 1,"Index Cond": "((l_shipdate >= '1993-12-01'::date) AND (l_shipdate < '1994-03-01 00:00:00'::timestamp without time zone))"}]}]}]},{"Node Type": "Index Scan","Parent Relationship": "Outer","Parallel Aware": false,"Async Capable": false,"Scan Direction": "Forward","Index Name": "supplier_pkey","Relation Name": "supplier","Alias": "supplier","Startup Cost": 0.29,"Total Cost": 495.43,"Plan Rows": 10000,"Plan Width": 71,"Actual Startup Time": 0.103,"Actual Total Time": 8.477,"Actual Rows": 5450,"Actual Loops": 1},{"Node Type": "Sort","Parent Relationship": "Inner","Parallel Aware": false,"Async Capable": false,"Startup Cost": 124272.55,"Total Cost": 124272.68,"Plan Rows": 50,"Plan Width": 36,"Actual Startup Time": 2042.272,"Actual Total Time": 2042.286,"Actual Rows": 1,"Actual Loops": 1,"Sort Key": ["revenue0.supplier_no"],"Sort Method": "quicksort","Sort Space Used": 25,"Sort Space Type": "Memory","Plans": [{"Node Type": "Subquery Scan","Parent Relationship": "Outer","Parallel Aware": false,"Async Capable": false,"Alias": "revenue0","Startup Cost": 124120.54,"Total Cost": 124271.14,"Plan Rows": 50,"Plan Width": 36,"Actual Startup Time": 2038.275,"Actual Total Time": 2042.231,"Actual Rows": 1,"Actual Loops": 1,"Plans": [{"Node Type": "Aggregate","Strategy": "Hashed","Partial Mode": "Simple","Parent Relationship": "Subquery","Parallel Aware": false,"Async Capable": false,"Startup Cost": 124120.54,"Total Cost": 124270.64,"Plan Rows": 50,"Plan Width": 36,"Actual Startup Time": 2038.266,"Actual Total Time": 2042.216,"Actual Rows": 1,"Actual Loops": 1,"Group Key": ["lineitem.l_suppkey"],"Filter": "(sum((lineitem.l_extendedprice * ('1'::numeric - lineitem.l_discount))) = $0)","Planned Partitions": 0,"HashAgg Batches": 1,"Peak Memory Usage": 4497,"Disk Usage": 0,"Rows Removed by Filter": 9999,"Plans": [{"Node Type": "Bitmap Heap Scan","Parent Relationship": "Outer","Parallel Aware": false,"Async Capable": false,"Relation Name": "lineitem","Alias": "lineitem","Startup Cost": 5704.94,"Total Cost": 121899.56,"Plan Rows": 222098,"Plan Width": 16,"Actual Startup Time": 55.253,"Actual Total Time": 922.575,"Actual Rows": 223616,"Actual Loops": 1,"Recheck Cond": "((l_shipdate >= '1993-12-01'::date) AND (l_shipdate < '1994-03-01 00:00:00'::timestamp without time zone))","Rows Removed by Index Recheck": 0,"Exact Heap Blocks": 66445,"Lossy Heap Blocks": 0,"Plans": [{"Node Type": "Bitmap Index Scan","Parent Relationship": "Outer","Parallel Aware": false,"Async Capable": false,"Index Name": "idx_lineitem_shipdate","Startup Cost": 0.00,"Total Cost": 5649.41,"Plan Rows": 222098,"Plan Width": 0,"Actual Startup Time": 41.648,"Actual Total Time": 41.651,"Actual Rows": 223616,"Actual Loops": 1,"Index Cond": "((l_shipdate >= '1993-12-01'::date) AND (l_shipdate < '1994-03-01 00:00:00'::timestamp without time zone))"}]}]}]}]}]},"Planning Time": 3.986,"Triggers": [],"Execution Time": 2056.157}]
[{"Plan": {"Node Type": "Merge Join","Parallel Aware": false,"Async Capable": false,"Join Type": "Inner","Startup Cost": 249146.21,"Total Cost": 249667.11,"Plan Rows": 50,"Plan Width": 103,"Actual Startup Time": 2028.234,"Actual Total Time": 2028.282,"Actual Rows": 1,"Actual Loops": 1,"Inner Unique": true,"Merge Cond": "(supplier.s_suppkey = revenue0.supplier_no)","Plans": [{"Node Type": "Aggregate","Strategy": "Plain","Partial Mode": "Simple","Parent Relationship": "InitPlan","Subplan Name": "InitPlan 1 (returns $0)","Parallel Aware": false,"Async Capable": false,"Startup Cost": 124622.04,"Total Cost": 124622.05,"Plan Rows": 1,"Plan Width": 32,"Actual Startup Time": 930.480,"Actual Total Time": 930.506,"Actual Rows": 1,"Actual Loops": 1,"Plans": [{"Node Type": "Aggregate","Strategy": "Hashed","Partial Mode": "Simple","Parent Relationship": "Outer","Parallel Aware": false,"Async Capable": false,"Startup Cost": 124371.86,"Total Cost": 124496.95,"Plan Rows": 10007,"Plan Width": 36,"Actual Startup Time": 921.451,"Actual Total Time": 929.857,"Actual Rows": 10000,"Actual Loops": 1,"Group Key": ["lineitem_1.l_suppkey"],"Planned Partitions": 0,"HashAgg Batches": 1,"Peak Memory Usage": 4497,"Disk Usage": 0,"Plans": [{"Node Type": "Bitmap Heap Scan","Parent Relationship": "Outer","Parallel Aware": false,"Async Capable": false,"Relation Name": "lineitem","Alias": "lineitem_1","Startup Cost": 6013.24,"Total Cost": 122029.61,"Plan Rows": 234225,"Plan Width": 16,"Actual Startup Time": 55.960,"Actual Total Time": 717.488,"Actual Rows": 231352,"Actual Loops": 1,"Recheck Cond": "((l_shipdate >= '1996-10-01'::date) AND (l_shipdate < '1997-01-01 00:00:00'::timestamp without time zone))","Rows Removed by Index Recheck": 0,"Exact Heap Blocks": 67396,"Lossy Heap Blocks": 0,"Plans": [{"Node Type": "Bitmap Index Scan","Parent Relationship": "Outer","Parallel Aware": false,"Async Capable": false,"Index Name": "idx_lineitem_shipdate","Startup Cost": 0.00,"Total Cost": 5954.68,"Plan Rows": 234225,"Plan Width": 0,"Actual Startup Time": 42.612,"Actual Total Time": 42.627,"Actual Rows": 231352,"Actual Loops": 1,"Index Cond": "((l_shipdate >= '1996-10-01'::date) AND (l_shipdate < '1997-01-01 00:00:00'::timestamp without time zone))"}]}]}]},{"Node Type": "Index Scan","Parent Relationship": "Outer","Parallel Aware": false,"Async Capable": false,"Scan Direction": "Forward","Index Name": "supplier_pkey","Relation Name": "supplier","Alias": "supplier","Startup Cost": 0.29,"Total Cost": 495.43,"Plan Rows": 10000,"Plan Width": 71,"Actual Startup Time": 0.137,"Actual Total Time": 5.844,"Actual Rows": 3442,"Actual Loops": 1},{"Node Type": "Sort","Parent Relationship": "Inner","Parallel Aware": false,"Async Capable": false,"Startup Cost": 124523.88,"Total Cost": 124524.01,"Plan Rows": 50,"Plan Width": 36,"Actual Startup Time": 2022.134,"Actual Total Time": 2022.146,"Actual Rows": 1,"Actual Loops": 1,"Sort Key": ["revenue0.supplier_no"],"Sort Method": "quicksort","Sort Space Used": 25,"Sort Space Type": "Memory","Plans": [{"Node Type": "Subquery Scan","Parent Relationship": "Outer","Parallel Aware": false,"Async Capable": false,"Alias": "revenue0","Startup Cost": 124371.86,"Total Cost": 124522.47,"Plan Rows": 50,"Plan Width": 36,"Actual Startup Time": 2010.890,"Actual Total Time": 2022.087,"Actual Rows": 1,"Actual Loops": 1,"Plans": [{"Node Type": "Aggregate","Strategy": "Hashed","Partial Mode": "Simple","Parent Relationship": "Subquery","Parallel Aware": false,"Async Capable": false,"Startup Cost": 124371.86,"Total Cost": 124521.97,"Plan Rows": 50,"Plan Width": 36,"Actual Startup Time": 2010.873,"Actual Total Time": 2022.049,"Actual Rows": 1,"Actual Loops": 1,"Group Key": ["lineitem.l_suppkey"],"Filter": "(sum((lineitem.l_extendedprice * ('1'::numeric - lineitem.l_discount))) = $0)","Planned Partitions": 0,"HashAgg Batches": 1,"Peak Memory Usage": 4497,"Disk Usage": 0,"Rows Removed by Filter": 9999,"Plans": [{"Node Type": "Bitmap Heap Scan","Parent Relationship": "Outer","Parallel Aware": false,"Async Capable": false,"Relation Name": "lineitem","Alias": "lineitem","Startup Cost": 6013.24,"Total Cost": 122029.61,"Plan Rows": 234225,"Plan Width": 16,"Actual Startup Time": 57.882,"Actual Total Time": 902.129,"Actual Rows": 231352,"Actual Loops": 1,"Recheck Cond": "((l_shipdate >= '1996-10-01'::date) AND (l_shipdate < '1997-01-01 00:00:00'::timestamp without time zone))","Rows Removed by Index Recheck": 0,"Exact Heap Blocks": 67396,"Lossy Heap Blocks": 0,"Plans": [{"Node Type": "Bitmap Index Scan","Parent Relationship": "Outer","Parallel Aware": false,"Async Capable": false,"Index Name": "idx_lineitem_shipdate","Startup Cost": 0.00,"Total Cost": 5954.68,"Plan Rows": 234225,"Plan Width": 0,"Actual Startup Time": 44.484,"Actual Total Time": 44.484,"Actual Rows": 231352,"Actual Loops": 1,"Index Cond": "((l_shipdate >= '1996-10-01'::date) AND (l_shipdate < '1997-01-01 00:00:00'::timestamp without time zone))"}]}]}]}]}]},"Planning Time": 5.220,"Triggers": [],"Execution Time": 2034.122}]
[{"Plan": {"Node Type": "Merge Join","Parallel Aware": false,"Async Capable": false,"Join Type": "Inner","Startup Cost": 248512.46,"Total Cost": 249033.35,"Plan Rows": 50,"Plan Width": 103,"Actual Startup Time": 1933.150,"Actual Total Time": 1933.206,"Actual Rows": 1,"Actual Loops": 1,"Inner Unique": true,"Merge Cond": "(supplier.s_suppkey = revenue0.supplier_no)","Plans": [{"Node Type": "Aggregate","Strategy": "Plain","Partial Mode": "Simple","Parent Relationship": "InitPlan","Subplan Name": "InitPlan 1 (returns $0)","Parallel Aware": false,"Async Capable": false,"Startup Cost": 124305.16,"Total Cost": 124305.17,"Plan Rows": 1,"Plan Width": 32,"Actual Startup Time": 870.174,"Actual Total Time": 870.194,"Actual Rows": 1,"Actual Loops": 1,"Plans": [{"Node Type": "Aggregate","Strategy": "Hashed","Partial Mode": "Simple","Parent Relationship": "Outer","Parallel Aware": false,"Async Capable": false,"Startup Cost": 124054.99,"Total Cost": 124180.07,"Plan Rows": 10007,"Plan Width": 36,"Actual Startup Time": 862.742,"Actual Total Time": 869.556,"Actual Rows": 10000,"Actual Loops": 1,"Group Key": ["lineitem_1.l_suppkey"],"Planned Partitions": 0,"HashAgg Batches": 1,"Peak Memory Usage": 4497,"Disk Usage": 0,"Plans": [{"Node Type": "Bitmap Heap Scan","Parent Relationship": "Outer","Parallel Aware": false,"Async Capable": false,"Relation Name": "lineitem","Alias": "lineitem_1","Startup Cost": 5853.01,"Total Cost": 121775.40,"Plan Rows": 227959,"Plan Width": 16,"Actual Startup Time": 40.844,"Actual Total Time": 627.508,"Actual Rows": 229968,"Actual Loops": 1,"Recheck Cond": "((l_shipdate >= '1995-06-01'::date) AND (l_shipdate < '1995-09-01 00:00:00'::timestamp without time zone))","Rows Removed by Index Recheck": 0,"Exact Heap Blocks": 67407,"Lossy Heap Blocks": 0,"Plans": [{"Node Type": "Bitmap Index Scan","Parent Relationship": "Outer","Parallel Aware": false,"Async Capable": false,"Index Name": "idx_lineitem_shipdate","Startup Cost": 0.00,"Total Cost": 5796.02,"Plan Rows": 227959,"Plan Width": 0,"Actual Startup Time": 28.150,"Actual Total Time": 28.164,"Actual Rows": 229968,"Actual Loops": 1,"Index Cond": "((l_shipdate >= '1995-06-01'::date) AND (l_shipdate < '1995-09-01 00:00:00'::timestamp without time zone))"}]}]}]},{"Node Type": "Index Scan","Parent Relationship": "Outer","Parallel Aware": false,"Async Capable": false,"Scan Direction": "Forward","Index Name": "supplier_pkey","Relation Name": "supplier","Alias": "supplier","Startup Cost": 0.29,"Total Cost": 495.43,"Plan Rows": 10000,"Plan Width": 71,"Actual Startup Time": 0.101,"Actual Total Time": 2.514,"Actual Rows": 2933,"Actual Loops": 1},{"Node Type": "Sort","Parent Relationship": "Inner","Parallel Aware": false,"Async Capable": false,"Startup Cost": 124207.00,"Total Cost": 124207.13,"Plan Rows": 50,"Plan Width": 36,"Actual Startup Time": 1930.459,"Actual Total Time": 1930.480,"Actual Rows": 1,"Actual Loops": 1,"Sort Key": ["revenue0.supplier_no"],"Sort Method": "quicksort","Sort Space Used": 25,"Sort Space Type": "Memory","Plans": [{"Node Type": "Subquery Scan","Parent Relationship": "Outer","Parallel Aware": false,"Async Capable": false,"Alias": "revenue0","Startup Cost": 124054.99,"Total Cost": 124205.59,"Plan Rows": 50,"Plan Width": 36,"Actual Startup Time": 1925.907,"Actual Total Time": 1930.384,"Actual Rows": 1,"Actual Loops": 1,"Plans": [{"Node Type": "Aggregate","Strategy": "Hashed","Partial Mode": "Simple","Parent Relationship": "Subquery","Parallel Aware": false,"Async Capable": false,"Startup Cost": 124054.99,"Total Cost": 124205.09,"Plan Rows": 50,"Plan Width": 36,"Actual Startup Time": 1925.899,"Actual Total Time": 1930.352,"Actual Rows": 1,"Actual Loops": 1,"Group Key": ["lineitem.l_suppkey"],"Filter": "(sum((lineitem.l_extendedprice * ('1'::numeric - lineitem.l_discount))) = $0)","Planned Partitions": 0,"HashAgg Batches": 1,"Peak Memory Usage": 4497,"Disk Usage": 0,"Rows Removed by Filter": 9999,"Plans": [{"Node Type": "Bitmap Heap Scan","Parent Relationship": "Outer","Parallel Aware": false,"Async Capable": false,"Relation Name": "lineitem","Alias": "lineitem","Startup Cost": 5853.01,"Total Cost": 121775.40,"Plan Rows": 227959,"Plan Width": 16,"Actual Startup Time": 51.555,"Actual Total Time": 823.671,"Actual Rows": 229968,"Actual Loops": 1,"Recheck Cond": "((l_shipdate >= '1995-06-01'::date) AND (l_shipdate < '1995-09-01 00:00:00'::timestamp without time zone))","Rows Removed by Index Recheck": 0,"Exact Heap Blocks": 67407,"Lossy Heap Blocks": 0,"Plans": [{"Node Type": "Bitmap Index Scan","Parent Relationship": "Outer","Parallel Aware": false,"Async Capable": false,"Index Name": "idx_lineitem_shipdate","Startup Cost": 0.00,"Total Cost": 5796.02,"Plan Rows": 227959,"Plan Width": 0,"Actual Startup Time": 38.034,"Actual Total Time": 38.041,"Actual Rows": 229968,"Actual Loops": 1,"Index Cond": "((l_shipdate >= '1995-06-01'::date) AND (l_shipdate < '1995-09-01 00:00:00'::timestamp without time zone))"}]}]}]}]}]},"Planning Time": 4.159,"Triggers": [],"Execution Time": 1935.928}]
[{"Plan": {"Node Type": "Merge Join","Parallel Aware": false,"Async Capable": false,"Join Type": "Inner","Startup Cost": 249129.82,"Total Cost": 249650.72,"Plan Rows": 50,"Plan Width": 103,"Actual Startup Time": 2040.373,"Actual Total Time": 2040.424,"Actual Rows": 1,"Actual Loops": 1,"Inner Unique": true,"Merge Cond": "(supplier.s_suppkey = revenue0.supplier_no)","Plans": [{"Node Type": "Aggregate","Strategy": "Plain","Partial Mode": "Simple","Parent Relationship": "InitPlan","Subplan Name": "InitPlan 1 (returns $0)","Parallel Aware": false,"Async Capable": false,"Startup Cost": 124613.84,"Total Cost": 124613.85,"Plan Rows": 1,"Plan Width": 32,"Actual Startup Time": 918.752,"Actual Total Time": 918.766,"Actual Rows": 1,"Actual Loops": 1,"Plans": [{"Node Type": "Aggregate","Strategy": "Hashed","Partial Mode": "Simple","Parent Relationship": "Outer","Parallel Aware": false,"Async Capable": false,"Startup Cost": 124363.67,"Total Cost": 124488.76,"Plan Rows": 10007,"Plan Width": 36,"Actual Startup Time": 912.515,"Actual Total Time": 918.159,"Actual Rows": 10000,"Actual Loops": 1,"Group Key": ["lineitem_1.l_suppkey"],"Planned Partitions": 0,"HashAgg Batches": 1,"Peak Memory Usage": 4497,"Disk Usage": 0,"Plans": [{"Node Type": "Bitmap Heap Scan","Parent Relationship": "Outer","Parallel Aware": false,"Async Capable": false,"Relation Name": "lineitem","Alias": "lineitem_1","Startup Cost": 5613.44,"Total Cost": 122177.32,"Plan Rows": 218635,"Plan Width": 16,"Actual Startup Time": 56.617,"Actual Total Time": 768.840,"Actual Rows": 222109,"Actual Loops": 1,"Recheck Cond": "((l_shipdate >= '1993-02-01'::date) AND (l_shipdate < '1993-05-01 00:00:00'::timestamp without time zone))","Rows Removed by Index Recheck": 0,"Exact Heap Blocks": 66260,"Lossy Heap Blocks": 0,"Plans": [{"Node Type": "Bitmap Index Scan","Parent Relationship": "Outer","Parallel Aware": false,"Async Capable": false,"Index Name": "idx_lineitem_shipdate","Startup Cost": 0.00,"Total Cost": 5558.78,"Plan Rows": 218635,"Plan Width": 0,"Actual Startup Time": 43.062,"Actual Total Time": 43.067,"Actual Rows": 222109,"Actual Loops": 1,"Index Cond": "((l_shipdate >= '1993-02-01'::date) AND (l_shipdate < '1993-05-01 00:00:00'::timestamp without time zone))"}]}]}]},{"Node Type": "Index Scan","Parent Relationship": "Outer","Parallel Aware": false,"Async Capable": false,"Scan Direction": "Forward","Index Name": "supplier_pkey","Relation Name": "supplier","Alias": "supplier","Startup Cost": 0.29,"Total Cost": 495.43,"Plan Rows": 10000,"Plan Width": 71,"Actual Startup Time": 0.102,"Actual Total Time": 14.495,"Actual Rows": 9462,"Actual Loops": 1},{"Node Type": "Sort","Parent Relationship": "Inner","Parallel Aware": false,"Async Capable": false,"Startup Cost": 124515.68,"Total Cost": 124515.81,"Plan Rows": 50,"Plan Width": 36,"Actual Startup Time": 2025.337,"Actual Total Time": 2025.356,"Actual Rows": 1,"Actual Loops": 1,"Sort Key": ["revenue0.supplier_no"],"Sort Method": "quicksort","Sort Space Used": 25,"Sort Space Type": "Memory","Plans": [{"Node Type": "Subquery Scan","Parent Relationship": "Outer","Parallel Aware": false,"Async Capable": false,"Alias": "revenue0","Startup Cost": 124363.67,"Total Cost": 124514.27,"Plan Rows": 50,"Plan Width": 36,"Actual Startup Time": 2023.327,"Actual Total Time": 2025.299,"Actual Rows": 1,"Actual Loops": 1,"Plans": [{"Node Type": "Aggregate","Strategy": "Hashed","Partial Mode": "Simple","Parent Relationship": "Subquery","Parallel Aware": false,"Async Capable": false,"Startup Cost": 124363.67,"Total Cost": 124513.77,"Plan Rows": 50,"Plan Width": 36,"Actual Startup Time": 2023.320,"Actual Total Time": 2025.281,"Actual Rows": 1,"Actual Loops": 1,"Group Key": ["lineitem.l_suppkey"],"Filter": "(sum((lineitem.l_extendedprice * ('1'::numeric - lineitem.l_discount))) = $0)","Planned Partitions": 0,"HashAgg Batches": 1,"Peak Memory Usage": 4497,"Disk Usage": 0,"Rows Removed by Filter": 9999,"Plans": [{"Node Type": "Bitmap Heap Scan","Parent Relationship": "Outer","Parallel Aware": false,"Async Capable": false,"Relation Name": "lineitem","Alias": "lineitem","Startup Cost": 5613.44,"Total Cost": 122177.32,"Plan Rows": 218635,"Plan Width": 16,"Actual Startup Time": 53.952,"Actual Total Time": 912.955,"Actual Rows": 222109,"Actual Loops": 1,"Recheck Cond": "((l_shipdate >= '1993-02-01'::date) AND (l_shipdate < '1993-05-01 00:00:00'::timestamp without time zone))","Rows Removed by Index Recheck": 0,"Exact Heap Blocks": 66260,"Lossy Heap Blocks": 0,"Plans": [{"Node Type": "Bitmap Index Scan","Parent Relationship": "Outer","Parallel Aware": false,"Async Capable": false,"Index Name": "idx_lineitem_shipdate","Startup Cost": 0.00,"Total Cost": 5558.78,"Plan Rows": 218635,"Plan Width": 0,"Actual Startup Time": 40.555,"Actual Total Time": 40.556,"Actual Rows": 222109,"Actual Loops": 1,"Index Cond": "((l_shipdate >= '1993-02-01'::date) AND (l_shipdate < '1993-05-01 00:00:00'::timestamp without time zone))"}]}]}]}]}]},"Planning Time": 4.191,"Triggers": [],"Execution Time": 2046.034}]
[{"Plan": {"Node Type": "Merge Join","Parallel Aware": false,"Async Capable": false,"Join Type": "Inner","Startup Cost": 249007.37,"Total Cost": 249528.27,"Plan Rows": 50,"Plan Width": 103,"Actual Startup Time": 1950.290,"Actual Total Time": 1950.325,"Actual Rows": 1,"Actual Loops": 1,"Inner Unique": true,"Merge Cond": "(supplier.s_suppkey = revenue0.supplier_no)","Plans": [{"Node Type": "Aggregate","Strategy": "Plain","Partial Mode": "Simple","Parent Relationship": "InitPlan","Subplan Name": "InitPlan 1 (returns $0)","Parallel Aware": false,"Async Capable": false,"Startup Cost": 124552.62,"Total Cost": 124552.63,"Plan Rows": 1,"Plan Width": 32,"Actual Startup Time": 860.884,"Actual Total Time": 860.896,"Actual Rows": 1,"Actual Loops": 1,"Plans": [{"Node Type": "Aggregate","Strategy": "Hashed","Partial Mode": "Simple","Parent Relationship": "Outer","Parallel Aware": false,"Async Capable": false,"Startup Cost": 124302.44,"Total Cost": 124427.53,"Plan Rows": 10007,"Plan Width": 36,"Actual Startup Time": 850.275,"Actual Total Time": 860.310,"Actual Rows": 10000,"Actual Loops": 1,"Group Key": ["lineitem_1.l_suppkey"],"Planned Partitions": 0,"HashAgg Batches": 1,"Peak Memory Usage": 4497,"Disk Usage": 0,"Plans": [{"Node Type": "Bitmap Heap Scan","Parent Relationship": "Outer","Parallel Aware": false,"Async Capable": false,"Relation Name": "lineitem","Alias": "lineitem_1","Startup Cost": 5978.87,"Total Cost": 121974.21,"Plan Rows": 232823,"Plan Width": 16,"Actual Startup Time": 57.996,"Actual Total Time": 682.359,"Actual Rows": 230989,"Actual Loops": 1,"Recheck Cond": "((l_shipdate >= '1996-11-01'::date) AND (l_shipdate < '1997-02-01 00:00:00'::timestamp without time zone))","Rows Removed by Index Recheck": 0,"Exact Heap Blocks": 67204,"Lossy Heap Blocks": 0,"Plans": [{"Node Type": "Bitmap Index Scan","Parent Relationship": "Outer","Parallel Aware": false,"Async Capable": false,"Index Name": "idx_lineitem_shipdate","Startup Cost": 0.00,"Total Cost": 5920.66,"Plan Rows": 232823,"Plan Width": 0,"Actual Startup Time": 43.736,"Actual Total Time": 43.740,"Actual Rows": 230989,"Actual Loops": 1,"Index Cond": "((l_shipdate >= '1996-11-01'::date) AND (l_shipdate < '1997-02-01 00:00:00'::timestamp without time zone))"}]}]}]},{"Node Type": "Index Scan","Parent Relationship": "Outer","Parallel Aware": false,"Async Capable": false,"Scan Direction": "Forward","Index Name": "supplier_pkey","Relation Name": "supplier","Alias": "supplier","Startup Cost": 0.29,"Total Cost": 495.43,"Plan Rows": 10000,"Plan Width": 71,"Actual Startup Time": 0.101,"Actual Total Time": 0.973,"Actual Rows": 483,"Actual Loops": 1},{"Node Type": "Sort","Parent Relationship": "Inner","Parallel Aware": false,"Async Capable": false,"Startup Cost": 124454.46,"Total Cost": 124454.58,"Plan Rows": 50,"Plan Width": 36,"Actual Startup Time": 1949.248,"Actual Total Time": 1949.262,"Actual Rows": 1,"Actual Loops": 1,"Sort Key": ["revenue0.supplier_no"],"Sort Method": "quicksort","Sort Space Used": 25,"Sort Space Type": "Memory","Plans": [{"Node Type": "Subquery Scan","Parent Relationship": "Outer","Parallel Aware": false,"Async Capable": false,"Alias": "revenue0","Startup Cost": 124302.44,"Total Cost": 124453.05,"Plan Rows": 50,"Plan Width": 36,"Actual Startup Time": 1948.543,"Actual Total Time": 1949.217,"Actual Rows": 1,"Actual Loops": 1,"Plans": [{"Node Type": "Aggregate","Strategy": "Hashed","Partial Mode": "Simple","Parent Relationship": "Subquery","Parallel Aware": false,"Async Capable": false,"Startup Cost": 124302.44,"Total Cost": 124452.55,"Plan Rows": 50,"Plan Width": 36,"Actual Startup Time": 1948.534,"Actual Total Time": 1949.205,"Actual Rows": 1,"Actual Loops": 1,"Group Key": ["lineitem.l_suppkey"],"Filter": "(sum((lineitem.l_extendedprice * ('1'::numeric - lineitem.l_discount))) = $0)","Planned Partitions": 0,"HashAgg Batches": 1,"Peak Memory Usage": 4497,"Disk Usage": 0,"Rows Removed by Filter": 9999,"Plans": [{"Node Type": "Bitmap Heap Scan","Parent Relationship": "Outer","Parallel Aware": false,"Async Capable": false,"Relation Name": "lineitem","Alias": "lineitem","Startup Cost": 5978.87,"Total Cost": 121974.21,"Plan Rows": 232823,"Plan Width": 16,"Actual Startup Time": 57.232,"Actual Total Time": 886.042,"Actual Rows": 230989,"Actual Loops": 1,"Recheck Cond": "((l_shipdate >= '1996-11-01'::date) AND (l_shipdate < '1997-02-01 00:00:00'::timestamp without time zone))","Rows Removed by Index Recheck": 0,"Exact Heap Blocks": 67204,"Lossy Heap Blocks": 0,"Plans": [{"Node Type": "Bitmap Index Scan","Parent Relationship": "Outer","Parallel Aware": false,"Async Capable": false,"Index Name": "idx_lineitem_shipdate","Startup Cost": 0.00,"Total Cost": 5920.66,"Plan Rows": 232823,"Plan Width": 0,"Actual Startup Time": 43.557,"Actual Total Time": 43.561,"Actual Rows": 230989,"Actual Loops": 1,"Index Cond": "((l_shipdate >= '1996-11-01'::date) AND (l_shipdate < '1997-02-01 00:00:00'::timestamp without time zone))"}]}]}]}]}]},"Planning Time": 4.611,"Triggers": [],"Execution Time": 1953.473}]
[{"Plan": {"Node Type": "Merge Join","Parallel Aware": false,"Async Capable": false,"Join Type": "Inner","Startup Cost": 248397.34,"Total Cost": 248918.24,"Plan Rows": 50,"Plan Width": 103,"Actual Startup Time": 2132.561,"Actual Total Time": 2132.611,"Actual Rows": 1,"Actual Loops": 1,"Inner Unique": true,"Merge Cond": "(supplier.s_suppkey = revenue0.supplier_no)","Plans": [{"Node Type": "Aggregate","Strategy": "Plain","Partial Mode": "Simple","Parent Relationship": "InitPlan","Subplan Name": "InitPlan 1 (returns $0)","Parallel Aware": false,"Async Capable": false,"Startup Cost": 124247.60,"Total Cost": 124247.61,"Plan Rows": 1,"Plan Width": 32,"Actual Startup Time": 1004.511,"Actual Total Time": 1004.530,"Actual Rows": 1,"Actual Loops": 1,"Plans": [{"Node Type": "Aggregate","Strategy": "Hashed","Partial Mode": "Simple","Parent Relationship": "Outer","Parallel Aware": false,"Async Capable": false,"Startup Cost": 123997.43,"Total Cost": 124122.51,"Plan Rows": 10007,"Plan Width": 36,"Actual Startup Time": 997.133,"Actual Total Time": 1003.860,"Actual Rows": 10000,"Actual Loops": 1,"Group Key": ["lineitem_1.l_suppkey"],"Planned Partitions": 0,"HashAgg Batches": 1,"Peak Memory Usage": 4497,"Disk Usage": 0,"Plans": [{"Node Type": "Bitmap Heap Scan","Parent Relationship": "Outer","Parallel Aware": false,"Async Capable": false,"Relation Name": "lineitem","Alias": "lineitem_1","Startup Cost": 5824.93,"Total Cost": 121729.63,"Plan Rows": 226780,"Plan Width": 16,"Actual Startup Time": 65.404,"Actual Total Time": 789.488,"Actual Rows": 230659,"Actual Loops": 1,"Recheck Cond": "((l_shipdate >= '1995-07-01'::date) AND (l_shipdate < '1995-10-01 00:00:00'::timestamp without time zone))","Rows Removed by Index Recheck": 0,"Exact Heap Blocks": 67431,"Lossy Heap Blocks": 0,"Plans": [{"Node Type": "Bitmap Index Scan","Parent Relationship": "Outer","Parallel Aware": false,"Async Capable": false,"Index Name": "idx_lineitem_shipdate","Startup Cost": 0.00,"Total Cost": 5768.23,"Plan Rows": 226780,"Plan Width": 0,"Actual Startup Time": 51.481,"Actual Total Time": 51.496,"Actual Rows": 230659,"Actual Loops": 1,"Index Cond": "((l_shipdate >= '1995-07-01'::date) AND (l_shipdate < '1995-10-01 00:00:00'::timestamp without time zone))"}]}]}]},{"Node Type": "Index Scan","Parent Relationship": "Outer","Parallel Aware": false,"Async Capable": false,"Scan Direction": "Forward","Index Name": "supplier_pkey","Relation Name": "supplier","Alias": "supplier","Startup Cost": 0.29,"Total Cost": 495.43,"Plan Rows": 10000,"Plan Width": 71,"Actual Startup Time": 0.120,"Actual Total Time": 0.700,"Actual Rows": 264,"Actual Loops": 1},{"Node Type": "Sort","Parent Relationship": "Inner","Parallel Aware": false,"Async Capable": false,"Startup Cost": 124149.44,"Total Cost": 124149.57,"Plan Rows": 50,"Plan Width": 36,"Actual Startup Time": 2131.781,"Actual Total Time": 2131.792,"Actual Rows": 1,"Actual Loops": 1,"Sort Key": ["revenue0.supplier_no"],"Sort Method": "quicksort","Sort Space Used": 25,"Sort Space Type": "Memory","Plans": [{"Node Type": "Subquery Scan","Parent Relationship": "Outer","Parallel Aware": false,"Async Capable": false,"Alias": "revenue0","Startup Cost": 123997.43,"Total Cost": 124148.03,"Plan Rows": 50,"Plan Width": 36,"Actual Startup Time": 2129.290,"Actual Total Time": 2131.723,"Actual Rows": 1,"Actual Loops": 1,"Plans": [{"Node Type": "Aggregate","Strategy": "Hashed","Partial Mode": "Simple","Parent Relationship": "Subquery","Parallel Aware": false,"Async Capable": false,"Startup Cost": 123997.43,"Total Cost": 124147.53,"Plan Rows": 50,"Plan Width": 36,"Actual Startup Time": 2129.272,"Actual Total Time": 2131.683,"Actual Rows": 1,"Actual Loops": 1,"Group Key": ["lineitem.l_suppkey"],"Filter": "(sum((lineitem.l_extendedprice * ('1'::numeric - lineitem.l_discount))) = $0)","Planned Partitions": 0,"HashAgg Batches": 1,"Peak Memory Usage": 4497,"Disk Usage": 0,"Rows Removed by Filter": 9999,"Plans": [{"Node Type": "Bitmap Heap Scan","Parent Relationship": "Outer","Parallel Aware": false,"Async Capable": false,"Relation Name": "lineitem","Alias": "lineitem","Startup Cost": 5824.93,"Total Cost": 121729.63,"Plan Rows": 226780,"Plan Width": 16,"Actual Startup Time": 62.757,"Actual Total Time": 945.261,"Actual Rows": 230659,"Actual Loops": 1,"Recheck Cond": "((l_shipdate >= '1995-07-01'::date) AND (l_shipdate < '1995-10-01 00:00:00'::timestamp without time zone))","Rows Removed by Index Recheck": 0,"Exact Heap Blocks": 67431,"Lossy Heap Blocks": 0,"Plans": [{"Node Type": "Bitmap Index Scan","Parent Relationship": "Outer","Parallel Aware": false,"Async Capable": false,"Index Name": "idx_lineitem_shipdate","Startup Cost": 0.00,"Total Cost": 5768.23,"Plan Rows": 226780,"Plan Width": 0,"Actual Startup Time": 49.243,"Actual Total Time": 49.243,"Actual Rows": 230659,"Actual Loops": 1,"Index Cond": "((l_shipdate >= '1995-07-01'::date) AND (l_shipdate < '1995-10-01 00:00:00'::timestamp without time zone))"}]}]}]}]}]},"Planning Time": 3.858,"Triggers": [],"Execution Time": 2137.592}]
[{"Plan": {"Node Type": "Merge Join","Parallel Aware": false,"Async Capable": false,"Join Type": "Inner","Startup Cost": 248397.34,"Total Cost": 248918.24,"Plan Rows": 50,"Plan Width": 103,"Actual Startup Time": 2132.561,"Actual Total Time": 2132.611,"Actual Rows": 1,"Actual Loops": 1,"Inner Unique": true,"Merge Cond": "(supplier.s_suppkey = revenue0.supplier_no)","Plans": [{"Node Type": "Aggregate","Strategy": "Plain","Partial Mode": "Simple","Parent Relationship": "InitPlan","Subplan Name": "InitPlan 1 (returns $0)","Parallel Aware": false,"Async Capable": false,"Startup Cost": 124247.60,"Total Cost": 124247.61,"Plan Rows": 1,"Plan Width": 32,"Actual Startup Time": 1004.511,"Actual Total Time": 1004.530,"Actual Rows": 1,"Actual Loops": 1,"Plans": [{"Node Type": "Aggregate","Strategy": "Hashed","Partial Mode": "Simple","Parent Relationship": "Outer","Parallel Aware": false,"Async Capable": false,"Startup Cost": 123997.43,"Total Cost": 124122.51,"Plan Rows": 10007,"Plan Width": 36,"Actual Startup Time": 997.133,"Actual Total Time": 1003.860,"Actual Rows": 10000,"Actual Loops": 1,"Group Key": ["lineitem_1.l_suppkey"],"Planned Partitions": 0,"HashAgg Batches": 1,"Peak Memory Usage": 4497,"Disk Usage": 0,"Plans": [{"Node Type": "Bitmap Heap Scan","Parent Relationship": "Outer","Parallel Aware": false,"Async Capable": false,"Relation Name": "lineitem","Alias": "lineitem_1","Startup Cost": 5824.93,"Total Cost": 121729.63,"Plan Rows": 226780,"Plan Width": 16,"Actual Startup Time": 65.404,"Actual Total Time": 789.488,"Actual Rows": 230659,"Actual Loops": 1,"Recheck Cond": "((l_shipdate >= '1995-07-01'::date) AND (l_shipdate < '1995-10-01 00:00:00'::timestamp without time zone))","Rows Removed by Index Recheck": 0,"Exact Heap Blocks": 67431,"Lossy Heap Blocks": 0,"Plans": [{"Node Type": "Bitmap Index Scan","Parent Relationship": "Outer","Parallel Aware": false,"Async Capable": false,"Index Name": "idx_lineitem_shipdate","Startup Cost": 0.00,"Total Cost": 5768.23,"Plan Rows": 226780,"Plan Width": 0,"Actual Startup Time": 51.481,"Actual Total Time": 51.496,"Actual Rows": 230659,"Actual Loops": 1,"Index Cond": "((l_shipdate >= '1995-07-01'::date) AND (l_shipdate < '1995-10-01 00:00:00'::timestamp without time zone))"}]}]}]},{"Node Type": "Index Scan","Parent Relationship": "Outer","Parallel Aware": false,"Async Capable": false,"Scan Direction": "Forward","Index Name": "supplier_pkey","Relation Name": "supplier","Alias": "supplier","Startup Cost": 0.29,"Total Cost": 495.43,"Plan Rows": 10000,"Plan Width": 71,"Actual Startup Time": 0.120,"Actual Total Time": 0.700,"Actual Rows": 264,"Actual Loops": 1},{"Node Type": "Sort","Parent Relationship": "Inner","Parallel Aware": false,"Async Capable": false,"Startup Cost": 124149.44,"Total Cost": 124149.57,"Plan Rows": 50,"Plan Width": 36,"Actual Startup Time": 2131.781,"Actual Total Time": 2131.792,"Actual Rows": 1,"Actual Loops": 1,"Sort Key": ["revenue0.supplier_no"],"Sort Method": "quicksort","Sort Space Used": 25,"Sort Space Type": "Memory","Plans": [{"Node Type": "Subquery Scan","Parent Relationship": "Outer","Parallel Aware": false,"Async Capable": false,"Alias": "revenue0","Startup Cost": 123997.43,"Total Cost": 124148.03,"Plan Rows": 50,"Plan Width": 36,"Actual Startup Time": 2129.290,"Actual Total Time": 2131.723,"Actual Rows": 1,"Actual Loops": 1,"Plans": [{"Node Type": "Aggregate","Strategy": "Hashed","Partial Mode": "Simple","Parent Relationship": "Subquery","Parallel Aware": false,"Async Capable": false,"Startup Cost": 123997.43,"Total Cost": 124147.53,"Plan Rows": 50,"Plan Width": 36,"Actual Startup Time": 2129.272,"Actual Total Time": 2131.683,"Actual Rows": 1,"Actual Loops": 1,"Group Key": ["lineitem.l_suppkey"],"Filter": "(sum((lineitem.l_extendedprice * ('1'::numeric - lineitem.l_discount))) = $0)","Planned Partitions": 0,"HashAgg Batches": 1,"Peak Memory Usage": 4497,"Disk Usage": 0,"Rows Removed by Filter": 9999,"Plans": [{"Node Type": "Bitmap Heap Scan","Parent Relationship": "Outer","Parallel Aware": false,"Async Capable": false,"Relation Name": "lineitem","Alias": "lineitem","Startup Cost": 5824.93,"Total Cost": 121729.63,"Plan Rows": 226780,"Plan Width": 16,"Actual Startup Time": 62.757,"Actual Total Time": 945.261,"Actual Rows": 230659,"Actual Loops": 1,"Recheck Cond": "((l_shipdate >= '1995-07-01'::date) AND (l_shipdate < '1995-10-01 00:00:00'::timestamp without time zone))","Rows Removed by Index Recheck": 0,"Exact Heap Blocks": 67431,"Lossy Heap Blocks": 0,"Plans": [{"Node Type": "Bitmap Index Scan","Parent Relationship": "Outer","Parallel Aware": false,"Async Capable": false,"Index Name": "idx_lineitem_shipdate","Startup Cost": 0.00,"Total Cost": 5768.23,"Plan Rows": 226780,"Plan Width": 0,"Actual Startup Time": 49.243,"Actual Total Time": 49.243,"Actual Rows": 230659,"Actual Loops": 1,"Index Cond": "((l_shipdate >= '1995-07-01'::date) AND (l_shipdate < '1995-10-01 00:00:00'::timestamp without time zone))"}]}]}]}]}]},"Planning Time": 3.858,"Triggers": [],"Execution Time": 2137.592}]
[{"Plan": {"Node Type": "Merge Join","Parallel Aware": false,"Async Capable": false,"Join Type": "Inner","Startup Cost": 249258.26,"Total Cost": 249779.16,"Plan Rows": 50,"Plan Width": 103,"Actual Startup Time": 2049.284,"Actual Total Time": 2049.315,"Actual Rows": 1,"Actual Loops": 1,"Inner Unique": true,"Merge Cond": "(supplier.s_suppkey = revenue0.supplier_no)","Plans": [{"Node Type": "Aggregate","Strategy": "Plain","Partial Mode": "Simple","Parent Relationship": "InitPlan","Subplan Name": "InitPlan 1 (returns $0)","Parallel Aware": false,"Async Capable": false,"Startup Cost": 124678.06,"Total Cost": 124678.07,"Plan Rows": 1,"Plan Width": 32,"Actual Startup Time": 930.818,"Actual Total Time": 930.829,"Actual Rows": 1,"Actual Loops": 1,"Plans": [{"Node Type": "Aggregate","Strategy": "Hashed","Partial Mode": "Simple","Parent Relationship": "Outer","Parallel Aware": false,"Async Capable": false,"Startup Cost": 124427.89,"Total Cost": 124552.98,"Plan Rows": 10007,"Plan Width": 36,"Actual Startup Time": 924.477,"Actual Total Time": 930.237,"Actual Rows": 10000,"Actual Loops": 1,"Group Key": ["lineitem_1.l_suppkey"],"Planned Partitions": 0,"HashAgg Batches": 1,"Peak Memory Usage": 4497,"Disk Usage": 0,"Plans": [{"Node Type": "Bitmap Heap Scan","Parent Relationship": "Outer","Parallel Aware": false,"Async Capable": false,"Relation Name": "lineitem","Alias": "lineitem_1","Startup Cost": 5592.22,"Total Cost": 122250.53,"Plan Rows": 217735,"Plan Width": 16,"Actual Startup Time": 64.565,"Actual Total Time": 777.964,"Actual Rows": 222319,"Actual Loops": 1,"Recheck Cond": "((l_shipdate >= '1997-02-01'::date) AND (l_shipdate < '1997-05-01 00:00:00'::timestamp without time zone))","Rows Removed by Index Recheck": 0,"Exact Heap Blocks": 66311,"Lossy Heap Blocks": 0,"Plans": [{"Node Type": "Bitmap Index Scan","Parent Relationship": "Outer","Parallel Aware": false,"Async Capable": false,"Index Name": "idx_lineitem_shipdate","Startup Cost": 0.00,"Total Cost": 5537.78,"Plan Rows": 217735,"Plan Width": 0,"Actual Startup Time": 50.700,"Actual Total Time": 50.704,"Actual Rows": 222319,"Actual Loops": 1,"Index Cond": "((l_shipdate >= '1997-02-01'::date) AND (l_shipdate < '1997-05-01 00:00:00'::timestamp without time zone))"}]}]}]},{"Node Type": "Index Scan","Parent Relationship": "Outer","Parallel Aware": false,"Async Capable": false,"Scan Direction": "Forward","Index Name": "supplier_pkey","Relation Name": "supplier","Alias": "supplier","Startup Cost": 0.29,"Total Cost": 495.43,"Plan Rows": 10000,"Plan Width": 71,"Actual Startup Time": 0.105,"Actual Total Time": 1.005,"Actual Rows": 435,"Actual Loops": 1},{"Node Type": "Sort","Parent Relationship": "Inner","Parallel Aware": false,"Async Capable": false,"Startup Cost": 124579.90,"Total Cost": 124580.03,"Plan Rows": 50,"Plan Width": 36,"Actual Startup Time": 2048.234,"Actual Total Time": 2048.243,"Actual Rows": 1,"Actual Loops": 1,"Sort Key": ["revenue0.supplier_no"],"Sort Method": "quicksort","Sort Space Used": 25,"Sort Space Type": "Memory","Plans": [{"Node Type": "Subquery Scan","Parent Relationship": "Outer","Parallel Aware": false,"Async Capable": false,"Alias": "revenue0","Startup Cost": 124427.89,"Total Cost": 124578.49,"Plan Rows": 50,"Plan Width": 36,"Actual Startup Time": 2038.148,"Actual Total Time": 2048.197,"Actual Rows": 1,"Actual Loops": 1,"Plans": [{"Node Type": "Aggregate","Strategy": "Hashed","Partial Mode": "Simple","Parent Relationship": "Subquery","Parallel Aware": false,"Async Capable": false,"Startup Cost": 124427.89,"Total Cost": 124577.99,"Plan Rows": 50,"Plan Width": 36,"Actual Startup Time": 2038.142,"Actual Total Time": 2048.186,"Actual Rows": 1,"Actual Loops": 1,"Group Key": ["lineitem.l_suppkey"],"Filter": "(sum((lineitem.l_extendedprice * ('1'::numeric - lineitem.l_discount))) = $0)","Planned Partitions": 0,"HashAgg Batches": 1,"Peak Memory Usage": 4497,"Disk Usage": 0,"Rows Removed by Filter": 9999,"Plans": [{"Node Type": "Bitmap Heap Scan","Parent Relationship": "Outer","Parallel Aware": false,"Async Capable": false,"Relation Name": "lineitem","Alias": "lineitem","Startup Cost": 5592.22,"Total Cost": 122250.53,"Plan Rows": 217735,"Plan Width": 16,"Actual Startup Time": 61.157,"Actual Total Time": 924.315,"Actual Rows": 222319,"Actual Loops": 1,"Recheck Cond": "((l_shipdate >= '1997-02-01'::date) AND (l_shipdate < '1997-05-01 00:00:00'::timestamp without time zone))","Rows Removed by Index Recheck": 0,"Exact Heap Blocks": 66311,"Lossy Heap Blocks": 0,"Plans": [{"Node Type": "Bitmap Index Scan","Parent Relationship": "Outer","Parallel Aware": false,"Async Capable": false,"Index Name": "idx_lineitem_shipdate","Startup Cost": 0.00,"Total Cost": 5537.78,"Plan Rows": 217735,"Plan Width": 0,"Actual Startup Time": 47.523,"Actual Total Time": 47.523,"Actual Rows": 222319,"Actual Loops": 1,"Index Cond": "((l_shipdate >= '1997-02-01'::date) AND (l_shipdate < '1997-05-01 00:00:00'::timestamp without time zone))"}]}]}]}]}]},"Planning Time": 4.276,"Triggers": [],"Execution Time": 2055.156}]
[{"Plan": {"Node Type": "Merge Join","Parallel Aware": false,"Async Capable": false,"Join Type": "Inner","Startup Cost": 248837.06,"Total Cost": 249357.95,"Plan Rows": 50,"Plan Width": 103,"Actual Startup Time": 1969.246,"Actual Total Time": 1969.306,"Actual Rows": 1,"Actual Loops": 1,"Inner Unique": true,"Merge Cond": "(supplier.s_suppkey = revenue0.supplier_no)","Plans": [{"Node Type": "Aggregate","Strategy": "Plain","Partial Mode": "Simple","Parent Relationship": "InitPlan","Subplan Name": "InitPlan 1 (returns $0)","Parallel Aware": false,"Async Capable": false,"Startup Cost": 124467.46,"Total Cost": 124467.47,"Plan Rows": 1,"Plan Width": 32,"Actual Startup Time": 899.835,"Actual Total Time": 899.853,"Actual Rows": 1,"Actual Loops": 1,"Plans": [{"Node Type": "Aggregate","Strategy": "Hashed","Partial Mode": "Simple","Parent Relationship": "Outer","Parallel Aware": false,"Async Capable": false,"Startup Cost": 124217.29,"Total Cost": 124342.37,"Plan Rows": 10007,"Plan Width": 36,"Actual Startup Time": 888.951,"Actual Total Time": 899.159,"Actual Rows": 10000,"Actual Loops": 1,"Group Key": ["lineitem_1.l_suppkey"],"Planned Partitions": 0,"HashAgg Batches": 1,"Peak Memory Usage": 4497,"Disk Usage": 0,"Plans": [{"Node Type": "Bitmap Heap Scan","Parent Relationship": "Outer","Parallel Aware": false,"Async Capable": false,"Relation Name": "lineitem","Alias": "lineitem_1","Startup Cost": 5666.73,"Total Cost": 122010.16,"Plan Rows": 220712,"Plan Width": 16,"Actual Startup Time": 50.799,"Actual Total Time": 691.660,"Actual Rows": 227315,"Actual Loops": 1,"Recheck Cond": "((l_shipdate >= '1994-04-01'::date) AND (l_shipdate < '1994-07-01 00:00:00'::timestamp without time zone))","Rows Removed by Index Recheck": 0,"Exact Heap Blocks": 67016,"Lossy Heap Blocks": 0,"Plans": [{"Node Type": "Bitmap Index Scan","Parent Relationship": "Outer","Parallel Aware": false,"Async Capable": false,"Index Name": "idx_lineitem_shipdate","Startup Cost": 0.00,"Total Cost": 5611.55,"Plan Rows": 220712,"Plan Width": 0,"Actual Startup Time": 36.979,"Actual Total Time": 36.992,"Actual Rows": 227315,"Actual Loops": 1,"Index Cond": "((l_shipdate >= '1994-04-01'::date) AND (l_shipdate < '1994-07-01 00:00:00'::timestamp without time zone))"}]}]}]},{"Node Type": "Index Scan","Parent Relationship": "Outer","Parallel Aware": false,"Async Capable": false,"Scan Direction": "Forward","Index Name": "supplier_pkey","Relation Name": "supplier","Alias": "supplier","Startup Cost": 0.29,"Total Cost": 495.43,"Plan Rows": 10000,"Plan Width": 71,"Actual Startup Time": 0.084,"Actual Total Time": 2.331,"Actual Rows": 1360,"Actual Loops": 1},{"Node Type": "Sort","Parent Relationship": "Inner","Parallel Aware": false,"Async Capable": false,"Startup Cost": 124369.30,"Total Cost": 124369.43,"Plan Rows": 50,"Plan Width": 36,"Actual Startup Time": 1966.772,"Actual Total Time": 1966.788,"Actual Rows": 1,"Actual Loops": 1,"Sort Key": ["revenue0.supplier_no"],"Sort Method": "quicksort","Sort Space Used": 25,"Sort Space Type": "Memory","Plans": [{"Node Type": "Subquery Scan","Parent Relationship": "Outer","Parallel Aware": false,"Async Capable": false,"Alias": "revenue0","Startup Cost": 124217.29,"Total Cost": 124367.89,"Plan Rows": 50,"Plan Width": 36,"Actual Startup Time": 1963.574,"Actual Total Time": 1966.737,"Actual Rows": 1,"Actual Loops": 1,"Plans": [{"Node Type": "Aggregate","Strategy": "Hashed","Partial Mode": "Simple","Parent Relationship": "Subquery","Parallel Aware": false,"Async Capable": false,"Startup Cost": 124217.29,"Total Cost": 124367.39,"Plan Rows": 50,"Plan Width": 36,"Actual Startup Time": 1963.555,"Actual Total Time": 1966.695,"Actual Rows": 1,"Actual Loops": 1,"Group Key": ["lineitem.l_suppkey"],"Filter": "(sum((lineitem.l_extendedprice * ('1'::numeric - lineitem.l_discount))) = $0)","Planned Partitions": 0,"HashAgg Batches": 1,"Peak Memory Usage": 4497,"Disk Usage": 0,"Rows Removed by Filter": 9999,"Plans": [{"Node Type": "Bitmap Heap Scan","Parent Relationship": "Outer","Parallel Aware": false,"Async Capable": false,"Relation Name": "lineitem","Alias": "lineitem","Startup Cost": 5666.73,"Total Cost": 122010.16,"Plan Rows": 220712,"Plan Width": 16,"Actual Startup Time": 49.894,"Actual Total Time": 881.952,"Actual Rows": 227315,"Actual Loops": 1,"Recheck Cond": "((l_shipdate >= '1994-04-01'::date) AND (l_shipdate < '1994-07-01 00:00:00'::timestamp without time zone))","Rows Removed by Index Recheck": 0,"Exact Heap Blocks": 67016,"Lossy Heap Blocks": 0,"Plans": [{"Node Type": "Bitmap Index Scan","Parent Relationship": "Outer","Parallel Aware": false,"Async Capable": false,"Index Name": "idx_lineitem_shipdate","Startup Cost": 0.00,"Total Cost": 5611.55,"Plan Rows": 220712,"Plan Width": 0,"Actual Startup Time": 36.453,"Actual Total Time": 36.453,"Actual Rows": 227315,"Actual Loops": 1,"Index Cond": "((l_shipdate >= '1994-04-01'::date) AND (l_shipdate < '1994-07-01 00:00:00'::timestamp without time zone))"}]}]}]}]}]},"Planning Time": 4.191,"Triggers": [],"Execution Time": 1974.742}]
[{"Plan": {"Node Type": "Merge Join","Parallel Aware": false,"Async Capable": false,"Join Type": "Inner","Startup Cost": 248718.93,"Total Cost": 249239.83,"Plan Rows": 50,"Plan Width": 103,"Actual Startup Time": 2107.161,"Actual Total Time": 2107.228,"Actual Rows": 1,"Actual Loops": 1,"Inner Unique": true,"Merge Cond": "(supplier.s_suppkey = revenue0.supplier_no)","Plans": [{"Node Type": "Aggregate","Strategy": "Plain","Partial Mode": "Simple","Parent Relationship": "InitPlan","Subplan Name": "InitPlan 1 (returns $0)","Parallel Aware": false,"Async Capable": false,"Startup Cost": 124408.40,"Total Cost": 124408.41,"Plan Rows": 1,"Plan Width": 32,"Actual Startup Time": 1002.061,"Actual Total Time": 1002.085,"Actual Rows": 1,"Actual Loops": 1,"Plans": [{"Node Type": "Aggregate","Strategy": "Hashed","Partial Mode": "Simple","Parent Relationship": "Outer","Parallel Aware": false,"Async Capable": false,"Startup Cost": 124158.22,"Total Cost": 124283.31,"Plan Rows": 10007,"Plan Width": 36,"Actual Startup Time": 992.934,"Actual Total Time": 1001.412,"Actual Rows": 10000,"Actual Loops": 1,"Group Key": ["lineitem_1.l_suppkey"],"Planned Partitions": 0,"HashAgg Batches": 1,"Peak Memory Usage": 4497,"Disk Usage": 0,"Plans": [{"Node Type": "Bitmap Heap Scan","Parent Relationship": "Outer","Parallel Aware": false,"Async Capable": false,"Relation Name": "lineitem","Alias": "lineitem_1","Startup Cost": 5905.73,"Total Cost": 121858.43,"Plan Rows": 229980,"Plan Width": 16,"Actual Startup Time": 59.024,"Actual Total Time": 766.380,"Actual Rows": 223495,"Actual Loops": 1,"Recheck Cond": "((l_shipdate >= '1996-02-01'::date) AND (l_shipdate < '1996-05-01 00:00:00'::timestamp without time zone))","Rows Removed by Index Recheck": 0,"Exact Heap Blocks": 66629,"Lossy Heap Blocks": 0,"Plans": [{"Node Type": "Bitmap Index Scan","Parent Relationship": "Outer","Parallel Aware": false,"Async Capable": false,"Index Name": "idx_lineitem_shipdate","Startup Cost": 0.00,"Total Cost": 5848.23,"Plan Rows": 229980,"Plan Width": 0,"Actual Startup Time": 45.099,"Actual Total Time": 45.117,"Actual Rows": 223495,"Actual Loops": 1,"Index Cond": "((l_shipdate >= '1996-02-01'::date) AND (l_shipdate < '1996-05-01 00:00:00'::timestamp without time zone))"}]}]}]},{"Node Type": "Index Scan","Parent Relationship": "Outer","Parallel Aware": false,"Async Capable": false,"Scan Direction": "Forward","Index Name": "supplier_pkey","Relation Name": "supplier","Alias": "supplier","Startup Cost": 0.29,"Total Cost": 495.43,"Plan Rows": 10000,"Plan Width": 71,"Actual Startup Time": 0.089,"Actual Total Time": 1.935,"Actual Rows": 939,"Actual Loops": 1},{"Node Type": "Sort","Parent Relationship": "Inner","Parallel Aware": false,"Async Capable": false,"Startup Cost": 124310.24,"Total Cost": 124310.37,"Plan Rows": 50,"Plan Width": 36,"Actual Startup Time": 2105.094,"Actual Total Time": 2105.129,"Actual Rows": 1,"Actual Loops": 1,"Sort Key": ["revenue0.supplier_no"],"Sort Method": "quicksort","Sort Space Used": 25,"Sort Space Type": "Memory","Plans": [{"Node Type": "Subquery Scan","Parent Relationship": "Outer","Parallel Aware": false,"Async Capable": false,"Alias": "revenue0","Startup Cost": 124158.22,"Total Cost": 124308.83,"Plan Rows": 50,"Plan Width": 36,"Actual Startup Time": 2102.538,"Actual Total Time": 2105.041,"Actual Rows": 1,"Actual Loops": 1,"Plans": [{"Node Type": "Aggregate","Strategy": "Hashed","Partial Mode": "Simple","Parent Relationship": "Subquery","Parallel Aware": false,"Async Capable": false,"Startup Cost": 124158.22,"Total Cost": 124308.33,"Plan Rows": 50,"Plan Width": 36,"Actual Startup Time": 2102.523,"Actual Total Time": 2105.002,"Actual Rows": 1,"Actual Loops": 1,"Group Key": ["lineitem.l_suppkey"],"Filter": "(sum((lineitem.l_extendedprice * ('1'::numeric - lineitem.l_discount))) = $0)","Planned Partitions": 0,"HashAgg Batches": 1,"Peak Memory Usage": 4497,"Disk Usage": 0,"Rows Removed by Filter": 9999,"Plans": [{"Node Type": "Bitmap Heap Scan","Parent Relationship": "Outer","Parallel Aware": false,"Async Capable": false,"Relation Name": "lineitem","Alias": "lineitem","Startup Cost": 5905.73,"Total Cost": 121858.43,"Plan Rows": 229980,"Plan Width": 16,"Actual Startup Time": 54.609,"Actual Total Time": 923.384,"Actual Rows": 223495,"Actual Loops": 1,"Recheck Cond": "((l_shipdate >= '1996-02-01'::date) AND (l_shipdate < '1996-05-01 00:00:00'::timestamp without time zone))","Rows Removed by Index Recheck": 0,"Exact Heap Blocks": 66629,"Lossy Heap Blocks": 0,"Plans": [{"Node Type": "Bitmap Index Scan","Parent Relationship": "Outer","Parallel Aware": false,"Async Capable": false,"Index Name": "idx_lineitem_shipdate","Startup Cost": 0.00,"Total Cost": 5848.23,"Plan Rows": 229980,"Plan Width": 0,"Actual Startup Time": 41.080,"Actual Total Time": 41.096,"Actual Rows": 223495,"Actual Loops": 1,"Index Cond": "((l_shipdate >= '1996-02-01'::date) AND (l_shipdate < '1996-05-01 00:00:00'::timestamp without time zone))"}]}]}]}]}]},"Planning Time": 5.322,"Triggers": [],"Execution Time": 2112.257}]
[{"Plan": {"Node Type": "Merge Join","Parallel Aware": false,"Async Capable": false,"Join Type": "Inner","Startup Cost": 249108.95,"Total Cost": 249629.85,"Plan Rows": 50,"Plan Width": 103,"Actual Startup Time": 2087.724,"Actual Total Time": 2087.761,"Actual Rows": 1,"Actual Loops": 1,"Inner Unique": true,"Merge Cond": "(supplier.s_suppkey = revenue0.supplier_no)","Plans": [{"Node Type": "Aggregate","Strategy": "Plain","Partial Mode": "Simple","Parent Relationship": "InitPlan","Subplan Name": "InitPlan 1 (returns $0)","Parallel Aware": false,"Async Capable": false,"Startup Cost": 124603.41,"Total Cost": 124603.42,"Plan Rows": 1,"Plan Width": 32,"Actual Startup Time": 943.876,"Actual Total Time": 943.892,"Actual Rows": 1,"Actual Loops": 1,"Plans": [{"Node Type": "Aggregate","Strategy": "Hashed","Partial Mode": "Simple","Parent Relationship": "Outer","Parallel Aware": false,"Async Capable": false,"Startup Cost": 124353.23,"Total Cost": 124478.32,"Plan Rows": 10007,"Plan Width": 36,"Actual Startup Time": 936.828,"Actual Total Time": 943.290,"Actual Rows": 10000,"Actual Loops": 1,"Group Key": ["lineitem_1.l_suppkey"],"Planned Partitions": 0,"HashAgg Batches": 1,"Peak Memory Usage": 4497,"Disk Usage": 0,"Plans": [{"Node Type": "Bitmap Heap Scan","Parent Relationship": "Outer","Parallel Aware": false,"Async Capable": false,"Relation Name": "lineitem","Alias": "lineitem_1","Startup Cost": 6004.98,"Total Cost": 122015.13,"Plan Rows": 233810,"Plan Width": 16,"Actual Startup Time": 58.797,"Actual Total Time": 790.100,"Actual Rows": 229794,"Actual Loops": 1,"Recheck Cond": "((l_shipdate >= '1997-08-01'::date) AND (l_shipdate < '1997-11-01 00:00:00'::timestamp without time zone))","Rows Removed by Index Recheck": 0,"Exact Heap Blocks": 67334,"Lossy Heap Blocks": 0,"Plans": [{"Node Type": "Bitmap Index Scan","Parent Relationship": "Outer","Parallel Aware": false,"Async Capable": false,"Index Name": "idx_lineitem_shipdate","Startup Cost": 0.00,"Total Cost": 5946.53,"Plan Rows": 233810,"Plan Width": 0,"Actual Startup Time": 45.013,"Actual Total Time": 45.020,"Actual Rows": 229794,"Actual Loops": 1,"Index Cond": "((l_shipdate >= '1997-08-01'::date) AND (l_shipdate < '1997-11-01 00:00:00'::timestamp without time zone))"}]}]}]},{"Node Type": "Index Scan","Parent Relationship": "Outer","Parallel Aware": false,"Async Capable": false,"Scan Direction": "Forward","Index Name": "supplier_pkey","Relation Name": "supplier","Alias": "supplier","Startup Cost": 0.29,"Total Cost": 495.43,"Plan Rows": 10000,"Plan Width": 71,"Actual Startup Time": 0.109,"Actual Total Time": 13.835,"Actual Rows": 8863,"Actual Loops": 1},{"Node Type": "Sort","Parent Relationship": "Inner","Parallel Aware": false,"Async Capable": false,"Startup Cost": 124505.25,"Total Cost": 124505.37,"Plan Rows": 50,"Plan Width": 36,"Actual Startup Time": 2073.397,"Actual Total Time": 2073.405,"Actual Rows": 1,"Actual Loops": 1,"Sort Key": ["revenue0.supplier_no"],"Sort Method": "quicksort","Sort Space Used": 25,"Sort Space Type": "Memory","Plans": [{"Node Type": "Subquery Scan","Parent Relationship": "Outer","Parallel Aware": false,"Async Capable": false,"Alias": "revenue0","Startup Cost": 124353.23,"Total Cost": 124503.84,"Plan Rows": 50,"Plan Width": 36,"Actual Startup Time": 2063.613,"Actual Total Time": 2073.361,"Actual Rows": 1,"Actual Loops": 1,"Plans": [{"Node Type": "Aggregate","Strategy": "Hashed","Partial Mode": "Simple","Parent Relationship": "Subquery","Parallel Aware": false,"Async Capable": false,"Startup Cost": 124353.23,"Total Cost": 124503.34,"Plan Rows": 50,"Plan Width": 36,"Actual Startup Time": 2063.607,"Actual Total Time": 2073.353,"Actual Rows": 1,"Actual Loops": 1,"Group Key": ["lineitem.l_suppkey"],"Filter": "(sum((lineitem.l_extendedprice * ('1'::numeric - lineitem.l_discount))) = $0)","Planned Partitions": 0,"HashAgg Batches": 1,"Peak Memory Usage": 4497,"Disk Usage": 0,"Rows Removed by Filter": 9999,"Plans": [{"Node Type": "Bitmap Heap Scan","Parent Relationship": "Outer","Parallel Aware": false,"Async Capable": false,"Relation Name": "lineitem","Alias": "lineitem","Startup Cost": 6004.98,"Total Cost": 122015.13,"Plan Rows": 233810,"Plan Width": 16,"Actual Startup Time": 55.239,"Actual Total Time": 931.307,"Actual Rows": 229794,"Actual Loops": 1,"Recheck Cond": "((l_shipdate >= '1997-08-01'::date) AND (l_shipdate < '1997-11-01 00:00:00'::timestamp without time zone))","Rows Removed by Index Recheck": 0,"Exact Heap Blocks": 67334,"Lossy Heap Blocks": 0,"Plans": [{"Node Type": "Bitmap Index Scan","Parent Relationship": "Outer","Parallel Aware": false,"Async Capable": false,"Index Name": "idx_lineitem_shipdate","Startup Cost": 0.00,"Total Cost": 5946.53,"Plan Rows": 233810,"Plan Width": 0,"Actual Startup Time": 41.454,"Actual Total Time": 41.455,"Actual Rows": 229794,"Actual Loops": 1,"Index Cond": "((l_shipdate >= '1997-08-01'::date) AND (l_shipdate < '1997-11-01 00:00:00'::timestamp without time zone))"}]}]}]}]}]},"Planning Time": 5.207,"Triggers": [],"Execution Time": 2094.251}]
[{"Plan": {"Node Type": "Merge Join","Parallel Aware": false,"Async Capable": false,"Join Type": "Inner","Startup Cost": 248749.22,"Total Cost": 249270.12,"Plan Rows": 50,"Plan Width": 103,"Actual Startup Time": 1931.389,"Actual Total Time": 1931.417,"Actual Rows": 1,"Actual Loops": 1,"Inner Unique": true,"Merge Cond": "(supplier.s_suppkey = revenue0.supplier_no)","Plans": [{"Node Type": "Aggregate","Strategy": "Plain","Partial Mode": "Simple","Parent Relationship": "InitPlan","Subplan Name": "InitPlan 1 (returns $0)","Parallel Aware": false,"Async Capable": false,"Startup Cost": 124423.54,"Total Cost": 124423.55,"Plan Rows": 1,"Plan Width": 32,"Actual Startup Time": 829.182,"Actual Total Time": 829.192,"Actual Rows": 1,"Actual Loops": 1,"Plans": [{"Node Type": "Aggregate","Strategy": "Hashed","Partial Mode": "Simple","Parent Relationship": "Outer","Parallel Aware": false,"Async Capable": false,"Startup Cost": 124173.37,"Total Cost": 124298.46,"Plan Rows": 10007,"Plan Width": 36,"Actual Startup Time": 816.902,"Actual Total Time": 828.607,"Actual Rows": 10000,"Actual Loops": 1,"Group Key": ["lineitem_1.l_suppkey"],"Planned Partitions": 0,"HashAgg Batches": 1,"Peak Memory Usage": 4497,"Disk Usage": 0,"Plans": [{"Node Type": "Bitmap Heap Scan","Parent Relationship": "Outer","Parallel Aware": false,"Async Capable": false,"Relation Name": "lineitem","Alias": "lineitem_1","Startup Cost": 5912.97,"Total Cost": 121870.41,"Plan Rows": 230296,"Plan Width": 16,"Actual Startup Time": 50.257,"Actual Total Time": 644.900,"Actual Rows": 230072,"Actual Loops": 1,"Recheck Cond": "((l_shipdate >= '1995-10-01'::date) AND (l_shipdate < '1996-01-01 00:00:00'::timestamp without time zone))","Rows Removed by Index Recheck": 0,"Exact Heap Blocks": 67245,"Lossy Heap Blocks": 0,"Plans": [{"Node Type": "Bitmap Index Scan","Parent Relationship": "Outer","Parallel Aware": false,"Async Capable": false,"Index Name": "idx_lineitem_shipdate","Startup Cost": 0.00,"Total Cost": 5855.39,"Plan Rows": 230296,"Plan Width": 0,"Actual Startup Time": 36.768,"Actual Total Time": 36.770,"Actual Rows": 230072,"Actual Loops": 1,"Index Cond": "((l_shipdate >= '1995-10-01'::date) AND (l_shipdate < '1996-01-01 00:00:00'::timestamp without time zone))"}]}]}]},{"Node Type": "Index Scan","Parent Relationship": "Outer","Parallel Aware": false,"Async Capable": false,"Scan Direction": "Forward","Index Name": "supplier_pkey","Relation Name": "supplier","Alias": "supplier","Startup Cost": 0.29,"Total Cost": 495.43,"Plan Rows": 10000,"Plan Width": 71,"Actual Startup Time": 0.086,"Actual Total Time": 4.053,"Actual Rows": 2388,"Actual Loops": 1},{"Node Type": "Sort","Parent Relationship": "Inner","Parallel Aware": false,"Async Capable": false,"Startup Cost": 124325.38,"Total Cost": 124325.51,"Plan Rows": 50,"Plan Width": 36,"Actual Startup Time": 1927.160,"Actual Total Time": 1927.170,"Actual Rows": 1,"Actual Loops": 1,"Sort Key": ["revenue0.supplier_no"],"Sort Method": "quicksort","Sort Space Used": 25,"Sort Space Type": "Memory","Plans": [{"Node Type": "Subquery Scan","Parent Relationship": "Outer","Parallel Aware": false,"Async Capable": false,"Alias": "revenue0","Startup Cost": 124173.37,"Total Cost": 124323.97,"Plan Rows": 50,"Plan Width": 36,"Actual Startup Time": 1921.461,"Actual Total Time": 1927.124,"Actual Rows": 1,"Actual Loops": 1,"Plans": [{"Node Type": "Aggregate","Strategy": "Hashed","Partial Mode": "Simple","Parent Relationship": "Subquery","Parallel Aware": false,"Async Capable": false,"Startup Cost": 124173.37,"Total Cost": 124323.47,"Plan Rows": 50,"Plan Width": 36,"Actual Startup Time": 1921.452,"Actual Total Time": 1927.108,"Actual Rows": 1,"Actual Loops": 1,"Group Key": ["lineitem.l_suppkey"],"Filter": "(sum((lineitem.l_extendedprice * ('1'::numeric - lineitem.l_discount))) = $0)","Planned Partitions": 0,"HashAgg Batches": 1,"Peak Memory Usage": 4497,"Disk Usage": 0,"Rows Removed by Filter": 9999,"Plans": [{"Node Type": "Bitmap Heap Scan","Parent Relationship": "Outer","Parallel Aware": false,"Async Capable": false,"Relation Name": "lineitem","Alias": "lineitem","Startup Cost": 5912.97,"Total Cost": 121870.41,"Plan Rows": 230296,"Plan Width": 16,"Actual Startup Time": 50.046,"Actual Total Time": 890.624,"Actual Rows": 230072,"Actual Loops": 1,"Recheck Cond": "((l_shipdate >= '1995-10-01'::date) AND (l_shipdate < '1996-01-01 00:00:00'::timestamp without time zone))","Rows Removed by Index Recheck": 0,"Exact Heap Blocks": 67245,"Lossy Heap Blocks": 0,"Plans": [{"Node Type": "Bitmap Index Scan","Parent Relationship": "Outer","Parallel Aware": false,"Async Capable": false,"Index Name": "idx_lineitem_shipdate","Startup Cost": 0.00,"Total Cost": 5855.39,"Plan Rows": 230296,"Plan Width": 0,"Actual Startup Time": 36.694,"Actual Total Time": 36.694,"Actual Rows": 230072,"Actual Loops": 1,"Index Cond": "((l_shipdate >= '1995-10-01'::date) AND (l_shipdate < '1996-01-01 00:00:00'::timestamp without time zone))"}]}]}]}]}]},"Planning Time": 4.561,"Triggers": [],"Execution Time": 1934.601}]
[{"Plan": {"Node Type": "Merge Join","Parallel Aware": false,"Async Capable": false,"Join Type": "Inner","Startup Cost": 248790.52,"Total Cost": 249311.42,"Plan Rows": 50,"Plan Width": 103,"Actual Startup Time": 1983.963,"Actual Total Time": 1983.999,"Actual Rows": 1,"Actual Loops": 1,"Inner Unique": true,"Merge Cond": "(supplier.s_suppkey = revenue0.supplier_no)","Plans": [{"Node Type": "Aggregate","Strategy": "Plain","Partial Mode": "Simple","Parent Relationship": "InitPlan","Subplan Name": "InitPlan 1 (returns $0)","Parallel Aware": false,"Async Capable": false,"Startup Cost": 124444.19,"Total Cost": 124444.20,"Plan Rows": 1,"Plan Width": 32,"Actual Startup Time": 870.346,"Actual Total Time": 870.363,"Actual Rows": 1,"Actual Loops": 1,"Plans": [{"Node Type": "Aggregate","Strategy": "Hashed","Partial Mode": "Simple","Parent Relationship": "Outer","Parallel Aware": false,"Async Capable": false,"Startup Cost": 124194.02,"Total Cost": 124319.10,"Plan Rows": 10007,"Plan Width": 36,"Actual Startup Time": 861.387,"Actual Total Time": 869.774,"Actual Rows": 10000,"Actual Loops": 1,"Group Key": ["lineitem_1.l_suppkey"],"Planned Partitions": 0,"HashAgg Batches": 1,"Peak Memory Usage": 4497,"Disk Usage": 0,"Plans": [{"Node Type": "Bitmap Heap Scan","Parent Relationship": "Outer","Parallel Aware": false,"Async Capable": false,"Relation Name": "lineitem","Alias": "lineitem_1","Startup Cost": 5924.65,"Total Cost": 121887.47,"Plan Rows": 230655,"Plan Width": 16,"Actual Startup Time": 48.641,"Actual Total Time": 688.563,"Actual Rows": 229970,"Actual Loops": 1,"Recheck Cond": "((l_shipdate >= '1997-05-01'::date) AND (l_shipdate < '1997-08-01 00:00:00'::timestamp without time zone))","Rows Removed by Index Recheck": 0,"Exact Heap Blocks": 67328,"Lossy Heap Blocks": 0,"Plans": [{"Node Type": "Bitmap Index Scan","Parent Relationship": "Outer","Parallel Aware": false,"Async Capable": false,"Index Name": "idx_lineitem_shipdate","Startup Cost": 0.00,"Total Cost": 5866.98,"Plan Rows": 230655,"Plan Width": 0,"Actual Startup Time": 35.373,"Actual Total Time": 35.379,"Actual Rows": 229970,"Actual Loops": 1,"Index Cond": "((l_shipdate >= '1997-05-01'::date) AND (l_shipdate < '1997-08-01 00:00:00'::timestamp without time zone))"}]}]}]},{"Node Type": "Index Scan","Parent Relationship": "Outer","Parallel Aware": false,"Async Capable": false,"Scan Direction": "Forward","Index Name": "supplier_pkey","Relation Name": "supplier","Alias": "supplier","Startup Cost": 0.29,"Total Cost": 495.43,"Plan Rows": 10000,"Plan Width": 71,"Actual Startup Time": 0.081,"Actual Total Time": 1.818,"Actual Rows": 977,"Actual Loops": 1},{"Node Type": "Sort","Parent Relationship": "Inner","Parallel Aware": false,"Async Capable": false,"Startup Cost": 124346.03,"Total Cost": 124346.16,"Plan Rows": 50,"Plan Width": 36,"Actual Startup Time": 1982.064,"Actual Total Time": 1982.074,"Actual Rows": 1,"Actual Loops": 1,"Sort Key": ["revenue0.supplier_no"],"Sort Method": "quicksort","Sort Space Used": 25,"Sort Space Type": "Memory","Plans": [{"Node Type": "Subquery Scan","Parent Relationship": "Outer","Parallel Aware": false,"Async Capable": false,"Alias": "revenue0","Startup Cost": 124194.02,"Total Cost": 124344.62,"Plan Rows": 50,"Plan Width": 36,"Actual Startup Time": 1977.425,"Actual Total Time": 1982.032,"Actual Rows": 1,"Actual Loops": 1,"Plans": [{"Node Type": "Aggregate","Strategy": "Hashed","Partial Mode": "Simple","Parent Relationship": "Subquery","Parallel Aware": false,"Async Capable": false,"Startup Cost": 124194.02,"Total Cost": 124344.12,"Plan Rows": 50,"Plan Width": 36,"Actual Startup Time": 1977.416,"Actual Total Time": 1982.019,"Actual Rows": 1,"Actual Loops": 1,"Group Key": ["lineitem.l_suppkey"],"Filter": "(sum((lineitem.l_extendedprice * ('1'::numeric - lineitem.l_discount))) = $0)","Planned Partitions": 0,"HashAgg Batches": 1,"Peak Memory Usage": 4497,"Disk Usage": 0,"Rows Removed by Filter": 9999,"Plans": [{"Node Type": "Bitmap Heap Scan","Parent Relationship": "Outer","Parallel Aware": false,"Async Capable": false,"Relation Name": "lineitem","Alias": "lineitem","Startup Cost": 5924.65,"Total Cost": 121887.47,"Plan Rows": 230655,"Plan Width": 16,"Actual Startup Time": 49.950,"Actual Total Time": 900.000,"Actual Rows": 229970,"Actual Loops": 1,"Recheck Cond": "((l_shipdate >= '1997-05-01'::date) AND (l_shipdate < '1997-08-01 00:00:00'::timestamp without time zone))","Rows Removed by Index Recheck": 0,"Exact Heap Blocks": 67328,"Lossy Heap Blocks": 0,"Plans": [{"Node Type": "Bitmap Index Scan","Parent Relationship": "Outer","Parallel Aware": false,"Async Capable": false,"Index Name": "idx_lineitem_shipdate","Startup Cost": 0.00,"Total Cost": 5866.98,"Plan Rows": 230655,"Plan Width": 0,"Actual Startup Time": 36.810,"Actual Total Time": 36.810,"Actual Rows": 229970,"Actual Loops": 1,"Index Cond": "((l_shipdate >= '1997-05-01'::date) AND (l_shipdate < '1997-08-01 00:00:00'::timestamp without time zone))"}]}]}]}]}]},"Planning Time": 5.469,"Triggers": [],"Execution Time": 1986.524}]
[{"Plan": {"Node Type": "Merge Join","Parallel Aware": false,"Async Capable": false,"Join Type": "Inner","Startup Cost": 249108.95,"Total Cost": 249629.85,"Plan Rows": 50,"Plan Width": 103,"Actual Startup Time": 2087.724,"Actual Total Time": 2087.761,"Actual Rows": 1,"Actual Loops": 1,"Inner Unique": true,"Merge Cond": "(supplier.s_suppkey = revenue0.supplier_no)","Plans": [{"Node Type": "Aggregate","Strategy": "Plain","Partial Mode": "Simple","Parent Relationship": "InitPlan","Subplan Name": "InitPlan 1 (returns $0)","Parallel Aware": false,"Async Capable": false,"Startup Cost": 124603.41,"Total Cost": 124603.42,"Plan Rows": 1,"Plan Width": 32,"Actual Startup Time": 943.876,"Actual Total Time": 943.892,"Actual Rows": 1,"Actual Loops": 1,"Plans": [{"Node Type": "Aggregate","Strategy": "Hashed","Partial Mode": "Simple","Parent Relationship": "Outer","Parallel Aware": false,"Async Capable": false,"Startup Cost": 124353.23,"Total Cost": 124478.32,"Plan Rows": 10007,"Plan Width": 36,"Actual Startup Time": 936.828,"Actual Total Time": 943.290,"Actual Rows": 10000,"Actual Loops": 1,"Group Key": ["lineitem_1.l_suppkey"],"Planned Partitions": 0,"HashAgg Batches": 1,"Peak Memory Usage": 4497,"Disk Usage": 0,"Plans": [{"Node Type": "Bitmap Heap Scan","Parent Relationship": "Outer","Parallel Aware": false,"Async Capable": false,"Relation Name": "lineitem","Alias": "lineitem_1","Startup Cost": 6004.98,"Total Cost": 122015.13,"Plan Rows": 233810,"Plan Width": 16,"Actual Startup Time": 58.797,"Actual Total Time": 790.100,"Actual Rows": 229794,"Actual Loops": 1,"Recheck Cond": "((l_shipdate >= '1997-08-01'::date) AND (l_shipdate < '1997-11-01 00:00:00'::timestamp without time zone))","Rows Removed by Index Recheck": 0,"Exact Heap Blocks": 67334,"Lossy Heap Blocks": 0,"Plans": [{"Node Type": "Bitmap Index Scan","Parent Relationship": "Outer","Parallel Aware": false,"Async Capable": false,"Index Name": "idx_lineitem_shipdate","Startup Cost": 0.00,"Total Cost": 5946.53,"Plan Rows": 233810,"Plan Width": 0,"Actual Startup Time": 45.013,"Actual Total Time": 45.020,"Actual Rows": 229794,"Actual Loops": 1,"Index Cond": "((l_shipdate >= '1997-08-01'::date) AND (l_shipdate < '1997-11-01 00:00:00'::timestamp without time zone))"}]}]}]},{"Node Type": "Index Scan","Parent Relationship": "Outer","Parallel Aware": false,"Async Capable": false,"Scan Direction": "Forward","Index Name": "supplier_pkey","Relation Name": "supplier","Alias": "supplier","Startup Cost": 0.29,"Total Cost": 495.43,"Plan Rows": 10000,"Plan Width": 71,"Actual Startup Time": 0.109,"Actual Total Time": 13.835,"Actual Rows": 8863,"Actual Loops": 1},{"Node Type": "Sort","Parent Relationship": "Inner","Parallel Aware": false,"Async Capable": false,"Startup Cost": 124505.25,"Total Cost": 124505.37,"Plan Rows": 50,"Plan Width": 36,"Actual Startup Time": 2073.397,"Actual Total Time": 2073.405,"Actual Rows": 1,"Actual Loops": 1,"Sort Key": ["revenue0.supplier_no"],"Sort Method": "quicksort","Sort Space Used": 25,"Sort Space Type": "Memory","Plans": [{"Node Type": "Subquery Scan","Parent Relationship": "Outer","Parallel Aware": false,"Async Capable": false,"Alias": "revenue0","Startup Cost": 124353.23,"Total Cost": 124503.84,"Plan Rows": 50,"Plan Width": 36,"Actual Startup Time": 2063.613,"Actual Total Time": 2073.361,"Actual Rows": 1,"Actual Loops": 1,"Plans": [{"Node Type": "Aggregate","Strategy": "Hashed","Partial Mode": "Simple","Parent Relationship": "Subquery","Parallel Aware": false,"Async Capable": false,"Startup Cost": 124353.23,"Total Cost": 124503.34,"Plan Rows": 50,"Plan Width": 36,"Actual Startup Time": 2063.607,"Actual Total Time": 2073.353,"Actual Rows": 1,"Actual Loops": 1,"Group Key": ["lineitem.l_suppkey"],"Filter": "(sum((lineitem.l_extendedprice * ('1'::numeric - lineitem.l_discount))) = $0)","Planned Partitions": 0,"HashAgg Batches": 1,"Peak Memory Usage": 4497,"Disk Usage": 0,"Rows Removed by Filter": 9999,"Plans": [{"Node Type": "Bitmap Heap Scan","Parent Relationship": "Outer","Parallel Aware": false,"Async Capable": false,"Relation Name": "lineitem","Alias": "lineitem","Startup Cost": 6004.98,"Total Cost": 122015.13,"Plan Rows": 233810,"Plan Width": 16,"Actual Startup Time": 55.239,"Actual Total Time": 931.307,"Actual Rows": 229794,"Actual Loops": 1,"Recheck Cond": "((l_shipdate >= '1997-08-01'::date) AND (l_shipdate < '1997-11-01 00:00:00'::timestamp without time zone))","Rows Removed by Index Recheck": 0,"Exact Heap Blocks": 67334,"Lossy Heap Blocks": 0,"Plans": [{"Node Type": "Bitmap Index Scan","Parent Relationship": "Outer","Parallel Aware": false,"Async Capable": false,"Index Name": "idx_lineitem_shipdate","Startup Cost": 0.00,"Total Cost": 5946.53,"Plan Rows": 233810,"Plan Width": 0,"Actual Startup Time": 41.454,"Actual Total Time": 41.455,"Actual Rows": 229794,"Actual Loops": 1,"Index Cond": "((l_shipdate >= '1997-08-01'::date) AND (l_shipdate < '1997-11-01 00:00:00'::timestamp without time zone))"}]}]}]}]}]},"Planning Time": 5.207,"Triggers": [],"Execution Time": 2094.251}]
[{"Plan": {"Node Type": "Merge Join","Parallel Aware": false,"Async Capable": false,"Join Type": "Inner","Startup Cost": 248978.65,"Total Cost": 249499.55,"Plan Rows": 50,"Plan Width": 103,"Actual Startup Time": 2096.212,"Actual Total Time": 2096.274,"Actual Rows": 1,"Actual Loops": 1,"Inner Unique": true,"Merge Cond": "(supplier.s_suppkey = revenue0.supplier_no)","Plans": [{"Node Type": "Aggregate","Strategy": "Plain","Partial Mode": "Simple","Parent Relationship": "InitPlan","Subplan Name": "InitPlan 1 (returns $0)","Parallel Aware": false,"Async Capable": false,"Startup Cost": 124538.26,"Total Cost": 124538.27,"Plan Rows": 1,"Plan Width": 32,"Actual Startup Time": 983.907,"Actual Total Time": 983.932,"Actual Rows": 1,"Actual Loops": 1,"Plans": [{"Node Type": "Aggregate","Strategy": "Hashed","Partial Mode": "Simple","Parent Relationship": "Outer","Parallel Aware": false,"Async Capable": false,"Startup Cost": 124288.08,"Total Cost": 124413.17,"Plan Rows": 10007,"Plan Width": 36,"Actual Startup Time": 975.922,"Actual Total Time": 983.270,"Actual Rows": 10000,"Actual Loops": 1,"Group Key": ["lineitem_1.l_suppkey"],"Planned Partitions": 0,"HashAgg Batches": 1,"Peak Memory Usage": 4497,"Disk Usage": 0,"Plans": [{"Node Type": "Bitmap Heap Scan","Parent Relationship": "Outer","Parallel Aware": false,"Async Capable": false,"Relation Name": "lineitem","Alias": "lineitem_1","Startup Cost": 5640.42,"Total Cost": 122091.02,"Plan Rows": 219706,"Plan Width": 16,"Actual Startup Time": 58.372,"Actual Total Time": 769.400,"Actual Rows": 224003,"Actual Loops": 1,"Recheck Cond": "((l_shipdate >= '1993-01-01'::date) AND (l_shipdate < '1993-04-01 00:00:00'::timestamp without time zone))","Rows Removed by Index Recheck": 0,"Exact Heap Blocks": 66450,"Lossy Heap Blocks": 0,"Plans": [{"Node Type": "Bitmap Index Scan","Parent Relationship": "Outer","Parallel Aware": false,"Async Capable": false,"Index Name": "idx_lineitem_shipdate","Startup Cost": 0.00,"Total Cost": 5585.49,"Plan Rows": 219706,"Plan Width": 0,"Actual Startup Time": 44.700,"Actual Total Time": 44.716,"Actual Rows": 224003,"Actual Loops": 1,"Index Cond": "((l_shipdate >= '1993-01-01'::date) AND (l_shipdate < '1993-04-01 00:00:00'::timestamp without time zone))"}]}]}]},{"Node Type": "Index Scan","Parent Relationship": "Outer","Parallel Aware": false,"Async Capable": false,"Scan Direction": "Forward","Index Name": "supplier_pkey","Relation Name": "supplier","Alias": "supplier","Startup Cost": 0.29,"Total Cost": 495.43,"Plan Rows": 10000,"Plan Width": 71,"Actual Startup Time": 0.093,"Actual Total Time": 9.121,"Actual Rows": 5369,"Actual Loops": 1},{"Node Type": "Sort","Parent Relationship": "Inner","Parallel Aware": false,"Async Capable": false,"Startup Cost": 124440.10,"Total Cost": 124440.22,"Plan Rows": 50,"Plan Width": 36,"Actual Startup Time": 2086.718,"Actual Total Time": 2086.732,"Actual Rows": 1,"Actual Loops": 1,"Sort Key": ["revenue0.supplier_no"],"Sort Method": "quicksort","Sort Space Used": 25,"Sort Space Type": "Memory","Plans": [{"Node Type": "Subquery Scan","Parent Relationship": "Outer","Parallel Aware": false,"Async Capable": false,"Alias": "revenue0","Startup Cost": 124288.08,"Total Cost": 124438.69,"Plan Rows": 50,"Plan Width": 36,"Actual Startup Time": 2085.226,"Actual Total Time": 2086.666,"Actual Rows": 1,"Actual Loops": 1,"Plans": [{"Node Type": "Aggregate","Strategy": "Hashed","Partial Mode": "Simple","Parent Relationship": "Subquery","Parallel Aware": false,"Async Capable": false,"Startup Cost": 124288.08,"Total Cost": 124438.19,"Plan Rows": 50,"Plan Width": 36,"Actual Startup Time": 2085.209,"Actual Total Time": 2086.627,"Actual Rows": 1,"Actual Loops": 1,"Group Key": ["lineitem.l_suppkey"],"Filter": "(sum((lineitem.l_extendedprice * ('1'::numeric - lineitem.l_discount))) = $0)","Planned Partitions": 0,"HashAgg Batches": 1,"Peak Memory Usage": 4497,"Disk Usage": 0,"Rows Removed by Filter": 9999,"Plans": [{"Node Type": "Bitmap Heap Scan","Parent Relationship": "Outer","Parallel Aware": false,"Async Capable": false,"Relation Name": "lineitem","Alias": "lineitem","Startup Cost": 5640.42,"Total Cost": 122091.02,"Plan Rows": 219706,"Plan Width": 16,"Actual Startup Time": 54.479,"Actual Total Time": 923.475,"Actual Rows": 224003,"Actual Loops": 1,"Recheck Cond": "((l_shipdate >= '1993-01-01'::date) AND (l_shipdate < '1993-04-01 00:00:00'::timestamp without time zone))","Rows Removed by Index Recheck": 0,"Exact Heap Blocks": 66450,"Lossy Heap Blocks": 0,"Plans": [{"Node Type": "Bitmap Index Scan","Parent Relationship": "Outer","Parallel Aware": false,"Async Capable": false,"Index Name": "idx_lineitem_shipdate","Startup Cost": 0.00,"Total Cost": 5585.49,"Plan Rows": 219706,"Plan Width": 0,"Actual Startup Time": 41.018,"Actual Total Time": 41.018,"Actual Rows": 224003,"Actual Loops": 1,"Index Cond": "((l_shipdate >= '1993-01-01'::date) AND (l_shipdate < '1993-04-01 00:00:00'::timestamp without time zone))"}]}]}]}]}]},"Planning Time": 5.332,"Triggers": [],"Execution Time": 2101.239}]
[{"Plan": {"Node Type": "Merge Join","Parallel Aware": false,"Async Capable": false,"Join Type": "Inner","Startup Cost": 250575.74,"Total Cost": 251096.64,"Plan Rows": 50,"Plan Width": 103,"Actual Startup Time": 1927.149,"Actual Total Time": 1927.196,"Actual Rows": 1,"Actual Loops": 1,"Inner Unique": true,"Merge Cond": "(supplier.s_suppkey = revenue0.supplier_no)","Plans": [{"Node Type": "Aggregate","Strategy": "Plain","Partial Mode": "Simple","Parent Relationship": "InitPlan","Subplan Name": "InitPlan 1 (returns $0)","Parallel Aware": false,"Async Capable": false,"Startup Cost": 125336.80,"Total Cost": 125336.81,"Plan Rows": 1,"Plan Width": 32,"Actual Startup Time": 839.260,"Actual Total Time": 839.275,"Actual Rows": 1,"Actual Loops": 1,"Plans": [{"Node Type": "Aggregate","Strategy": "Hashed","Partial Mode": "Simple","Parent Relationship": "Outer","Parallel Aware": false,"Async Capable": false,"Startup Cost": 125086.63,"Total Cost": 125211.72,"Plan Rows": 10007,"Plan Width": 36,"Actual Startup Time": 831.257,"Actual Total Time": 838.688,"Actual Rows": 10000,"Actual Loops": 1,"Group Key": ["lineitem_1.l_suppkey"],"Planned Partitions": 0,"HashAgg Batches": 1,"Peak Memory Usage": 4497,"Disk Usage": 0,"Plans": [{"Node Type": "Bitmap Heap Scan","Parent Relationship": "Outer","Parallel Aware": false,"Async Capable": false,"Relation Name": "lineitem","Alias": "lineitem_1","Startup Cost": 6377.11,"Total Cost": 122604.02,"Plan Rows": 248261,"Plan Width": 16,"Actual Startup Time": 50.230,"Actual Total Time": 663.119,"Actual Rows": 225253,"Actual Loops": 1,"Recheck Cond": "((l_shipdate >= '1995-01-01'::date) AND (l_shipdate < '1995-04-01 00:00:00'::timestamp without time zone))","Rows Removed by Index Recheck": 0,"Exact Heap Blocks": 66731,"Lossy Heap Blocks": 0,"Plans": [{"Node Type": "Bitmap Index Scan","Parent Relationship": "Outer","Parallel Aware": false,"Async Capable": false,"Index Name": "idx_lineitem_shipdate","Startup Cost": 0.00,"Total Cost": 6315.04,"Plan Rows": 248261,"Plan Width": 0,"Actual Startup Time": 36.910,"Actual Total Time": 36.918,"Actual Rows": 225253,"Actual Loops": 1,"Index Cond": "((l_shipdate >= '1995-01-01'::date) AND (l_shipdate < '1995-04-01 00:00:00'::timestamp without time zone))"}]}]}]},{"Node Type": "Index Scan","Parent Relationship": "Outer","Parallel Aware": false,"Async Capable": false,"Scan Direction": "Forward","Index Name": "supplier_pkey","Relation Name": "supplier","Alias": "supplier","Startup Cost": 0.29,"Total Cost": 495.43,"Plan Rows": 10000,"Plan Width": 71,"Actual Startup Time": 0.115,"Actual Total Time": 13.787,"Actual Rows": 9493,"Actual Loops": 1},{"Node Type": "Sort","Parent Relationship": "Inner","Parallel Aware": false,"Async Capable": false,"Startup Cost": 125238.64,"Total Cost": 125238.77,"Plan Rows": 50,"Plan Width": 36,"Actual Startup Time": 1912.779,"Actual Total Time": 1912.800,"Actual Rows": 1,"Actual Loops": 1,"Sort Key": ["revenue0.supplier_no"],"Sort Method": "quicksort","Sort Space Used": 25,"Sort Space Type": "Memory","Plans": [{"Node Type": "Subquery Scan","Parent Relationship": "Outer","Parallel Aware": false,"Async Capable": false,"Alias": "revenue0","Startup Cost": 125086.63,"Total Cost": 125237.23,"Plan Rows": 50,"Plan Width": 36,"Actual Startup Time": 1882.072,"Actual Total Time": 1912.738,"Actual Rows": 1,"Actual Loops": 1,"Plans": [{"Node Type": "Aggregate","Strategy": "Hashed","Partial Mode": "Simple","Parent Relationship": "Subquery","Parallel Aware": false,"Async Capable": false,"Startup Cost": 125086.63,"Total Cost": 125236.73,"Plan Rows": 50,"Plan Width": 36,"Actual Startup Time": 1882.058,"Actual Total Time": 1912.709,"Actual Rows": 1,"Actual Loops": 1,"Group Key": ["lineitem.l_suppkey"],"Filter": "(sum((lineitem.l_extendedprice * ('1'::numeric - lineitem.l_discount))) = $0)","Planned Partitions": 0,"HashAgg Batches": 1,"Peak Memory Usage": 4497,"Disk Usage": 0,"Rows Removed by Filter": 9999,"Plans": [{"Node Type": "Bitmap Heap Scan","Parent Relationship": "Outer","Parallel Aware": false,"Async Capable": false,"Relation Name": "lineitem","Alias": "lineitem","Startup Cost": 6377.11,"Total Cost": 122604.02,"Plan Rows": 248261,"Plan Width": 16,"Actual Startup Time": 50.168,"Actual Total Time": 877.547,"Actual Rows": 225253,"Actual Loops": 1,"Recheck Cond": "((l_shipdate >= '1995-01-01'::date) AND (l_shipdate < '1995-04-01 00:00:00'::timestamp without time zone))","Rows Removed by Index Recheck": 0,"Exact Heap Blocks": 66731,"Lossy Heap Blocks": 0,"Plans": [{"Node Type": "Bitmap Index Scan","Parent Relationship": "Outer","Parallel Aware": false,"Async Capable": false,"Index Name": "idx_lineitem_shipdate","Startup Cost": 0.00,"Total Cost": 6315.04,"Plan Rows": 248261,"Plan Width": 0,"Actual Startup Time": 36.311,"Actual Total Time": 36.314,"Actual Rows": 225253,"Actual Loops": 1,"Index Cond": "((l_shipdate >= '1995-01-01'::date) AND (l_shipdate < '1995-04-01 00:00:00'::timestamp without time zone))"}]}]}]}]}]},"Planning Time": 5.118,"Triggers": [],"Execution Time": 1930.953}]
[{"Plan": {"Node Type": "Merge Join","Parallel Aware": false,"Async Capable": false,"Join Type": "Inner","Startup Cost": 248612.43,"Total Cost": 249133.33,"Plan Rows": 50,"Plan Width": 103,"Actual Startup Time": 2128.903,"Actual Total Time": 2128.970,"Actual Rows": 1,"Actual Loops": 1,"Inner Unique": true,"Merge Cond": "(supplier.s_suppkey = revenue0.supplier_no)","Plans": [{"Node Type": "Aggregate","Strategy": "Plain","Partial Mode": "Simple","Parent Relationship": "InitPlan","Subplan Name": "InitPlan 1 (returns $0)","Parallel Aware": false,"Async Capable": false,"Startup Cost": 124355.15,"Total Cost": 124355.16,"Plan Rows": 1,"Plan Width": 32,"Actual Startup Time": 997.040,"Actual Total Time": 997.066,"Actual Rows": 1,"Actual Loops": 1,"Plans": [{"Node Type": "Aggregate","Strategy": "Hashed","Partial Mode": "Simple","Parent Relationship": "Outer","Parallel Aware": false,"Async Capable": false,"Startup Cost": 124104.97,"Total Cost": 124230.06,"Plan Rows": 10007,"Plan Width": 36,"Actual Startup Time": 989.503,"Actual Total Time": 996.378,"Actual Rows": 10000,"Actual Loops": 1,"Group Key": ["lineitem_1.l_suppkey"],"Planned Partitions": 0,"HashAgg Batches": 1,"Peak Memory Usage": 4497,"Disk Usage": 0,"Plans": [{"Node Type": "Bitmap Heap Scan","Parent Relationship": "Outer","Parallel Aware": false,"Async Capable": false,"Relation Name": "lineitem","Alias": "lineitem_1","Startup Cost": 5878.89,"Total Cost": 121815.74,"Plan Rows": 228923,"Plan Width": 16,"Actual Startup Time": 65.977,"Actual Total Time": 786.278,"Actual Rows": 230590,"Actual Loops": 1,"Recheck Cond": "((l_shipdate >= '1996-08-01'::date) AND (l_shipdate < '1996-11-01 00:00:00'::timestamp without time zone))","Rows Removed by Index Recheck": 0,"Exact Heap Blocks": 67243,"Lossy Heap Blocks": 0,"Plans": [{"Node Type": "Bitmap Index Scan","Parent Relationship": "Outer","Parallel Aware": false,"Async Capable": false,"Index Name": "idx_lineitem_shipdate","Startup Cost": 0.00,"Total Cost": 5821.66,"Plan Rows": 228923,"Plan Width": 0,"Actual Startup Time": 52.072,"Actual Total Time": 52.087,"Actual Rows": 230590,"Actual Loops": 1,"Index Cond": "((l_shipdate >= '1996-08-01'::date) AND (l_shipdate < '1996-11-01 00:00:00'::timestamp without time zone))"}]}]}]},{"Node Type": "Index Scan","Parent Relationship": "Outer","Parallel Aware": false,"Async Capable": false,"Scan Direction": "Forward","Index Name": "supplier_pkey","Relation Name": "supplier","Alias": "supplier","Startup Cost": 0.29,"Total Cost": 495.43,"Plan Rows": 10000,"Plan Width": 71,"Actual Startup Time": 0.125,"Actual Total Time": 9.409,"Actual Rows": 5473,"Actual Loops": 1},{"Node Type": "Sort","Parent Relationship": "Inner","Parallel Aware": false,"Async Capable": false,"Startup Cost": 124256.99,"Total Cost": 124257.11,"Plan Rows": 50,"Plan Width": 36,"Actual Startup Time": 2119.130,"Actual Total Time": 2119.154,"Actual Rows": 1,"Actual Loops": 1,"Sort Key": ["revenue0.supplier_no"],"Sort Method": "quicksort","Sort Space Used": 25,"Sort Space Type": "Memory","Plans": [{"Node Type": "Subquery Scan","Parent Relationship": "Outer","Parallel Aware": false,"Async Capable": false,"Alias": "revenue0","Startup Cost": 124104.97,"Total Cost": 124255.58,"Plan Rows": 50,"Plan Width": 36,"Actual Startup Time": 2117.072,"Actual Total Time": 2119.050,"Actual Rows": 1,"Actual Loops": 1,"Plans": [{"Node Type": "Aggregate","Strategy": "Hashed","Partial Mode": "Simple","Parent Relationship": "Subquery","Parallel Aware": false,"Async Capable": false,"Startup Cost": 124104.97,"Total Cost": 124255.08,"Plan Rows": 50,"Plan Width": 36,"Actual Startup Time": 2117.050,"Actual Total Time": 2118.993,"Actual Rows": 1,"Actual Loops": 1,"Group Key": ["lineitem.l_suppkey"],"Filter": "(sum((lineitem.l_extendedprice * ('1'::numeric - lineitem.l_discount))) = $0)","Planned Partitions": 0,"HashAgg Batches": 1,"Peak Memory Usage": 4497,"Disk Usage": 0,"Rows Removed by Filter": 9999,"Plans": [{"Node Type": "Bitmap Heap Scan","Parent Relationship": "Outer","Parallel Aware": false,"Async Capable": false,"Relation Name": "lineitem","Alias": "lineitem","Startup Cost": 5878.89,"Total Cost": 121815.74,"Plan Rows": 228923,"Plan Width": 16,"Actual Startup Time": 62.576,"Actual Total Time": 942.310,"Actual Rows": 230590,"Actual Loops": 1,"Recheck Cond": "((l_shipdate >= '1996-08-01'::date) AND (l_shipdate < '1996-11-01 00:00:00'::timestamp without time zone))","Rows Removed by Index Recheck": 0,"Exact Heap Blocks": 67243,"Lossy Heap Blocks": 0,"Plans": [{"Node Type": "Bitmap Index Scan","Parent Relationship": "Outer","Parallel Aware": false,"Async Capable": false,"Index Name": "idx_lineitem_shipdate","Startup Cost": 0.00,"Total Cost": 5821.66,"Plan Rows": 228923,"Plan Width": 0,"Actual Startup Time": 48.784,"Actual Total Time": 48.785,"Actual Rows": 230590,"Actual Loops": 1,"Index Cond": "((l_shipdate >= '1996-08-01'::date) AND (l_shipdate < '1996-11-01 00:00:00'::timestamp without time zone))"}]}]}]}]}]},"Planning Time": 4.845,"Triggers": [],"Execution Time": 2134.422}]
[{"Plan": {"Node Type": "Merge Join","Parallel Aware": false,"Async Capable": false,"Join Type": "Inner","Startup Cost": 248249.45,"Total Cost": 248770.35,"Plan Rows": 50,"Plan Width": 103,"Actual Startup Time": 1933.210,"Actual Total Time": 1933.238,"Actual Rows": 1,"Actual Loops": 1,"Inner Unique": true,"Merge Cond": "(supplier.s_suppkey = revenue0.supplier_no)","Plans": [{"Node Type": "Aggregate","Strategy": "Plain","Partial Mode": "Simple","Parent Relationship": "InitPlan","Subplan Name": "InitPlan 1 (returns $0)","Parallel Aware": false,"Async Capable": false,"Startup Cost": 124173.66,"Total Cost": 124173.67,"Plan Rows": 1,"Plan Width": 32,"Actual Startup Time": 840.754,"Actual Total Time": 840.766,"Actual Rows": 1,"Actual Loops": 1,"Plans": [{"Node Type": "Aggregate","Strategy": "Hashed","Partial Mode": "Simple","Parent Relationship": "Outer","Parallel Aware": false,"Async Capable": false,"Startup Cost": 123923.48,"Total Cost": 124048.57,"Plan Rows": 10007,"Plan Width": 36,"Actual Startup Time": 831.124,"Actual Total Time": 840.175,"Actual Rows": 10000,"Actual Loops": 1,"Group Key": ["lineitem_1.l_suppkey"],"Planned Partitions": 0,"HashAgg Batches": 1,"Peak Memory Usage": 4497,"Disk Usage": 0,"Plans": [{"Node Type": "Bitmap Heap Scan","Parent Relationship": "Outer","Parallel Aware": false,"Async Capable": false,"Relation Name": "lineitem","Alias": "lineitem_1","Startup Cost": 5786.40,"Total Cost": 121669.85,"Plan Rows": 225363,"Plan Width": 16,"Actual Startup Time": 50.816,"Actual Total Time": 670.813,"Actual Rows": 229315,"Actual Loops": 1,"Recheck Cond": "((l_shipdate >= '1994-05-01'::date) AND (l_shipdate < '1994-08-01 00:00:00'::timestamp without time zone))","Rows Removed by Index Recheck": 0,"Exact Heap Blocks": 67035,"Lossy Heap Blocks": 0,"Plans": [{"Node Type": "Bitmap Index Scan","Parent Relationship": "Outer","Parallel Aware": false,"Async Capable": false,"Index Name": "idx_lineitem_shipdate","Startup Cost": 0.00,"Total Cost": 5730.06,"Plan Rows": 225363,"Plan Width": 0,"Actual Startup Time": 37.324,"Actual Total Time": 37.329,"Actual Rows": 229315,"Actual Loops": 1,"Index Cond": "((l_shipdate >= '1994-05-01'::date) AND (l_shipdate < '1994-08-01 00:00:00'::timestamp without time zone))"}]}]}]},{"Node Type": "Index Scan","Parent Relationship": "Outer","Parallel Aware": false,"Async Capable": false,"Scan Direction": "Forward","Index Name": "supplier_pkey","Relation Name": "supplier","Alias": "supplier","Startup Cost": 0.29,"Total Cost": 495.43,"Plan Rows": 10000,"Plan Width": 71,"Actual Startup Time": 0.122,"Actual Total Time": 5.559,"Actual Rows": 3302,"Actual Loops": 1},{"Node Type": "Sort","Parent Relationship": "Inner","Parallel Aware": false,"Async Capable": false,"Startup Cost": 124075.50,"Total Cost": 124075.62,"Plan Rows": 50,"Plan Width": 36,"Actual Startup Time": 1927.428,"Actual Total Time": 1927.436,"Actual Rows": 1,"Actual Loops": 1,"Sort Key": ["revenue0.supplier_no"],"Sort Method": "quicksort","Sort Space Used": 25,"Sort Space Type": "Memory","Plans": [{"Node Type": "Subquery Scan","Parent Relationship": "Outer","Parallel Aware": false,"Async Capable": false,"Alias": "revenue0","Startup Cost": 123923.48,"Total Cost": 124074.09,"Plan Rows": 50,"Plan Width": 36,"Actual Startup Time": 1920.770,"Actual Total Time": 1927.389,"Actual Rows": 1,"Actual Loops": 1,"Plans": [{"Node Type": "Aggregate","Strategy": "Hashed","Partial Mode": "Simple","Parent Relationship": "Subquery","Parallel Aware": false,"Async Capable": false,"Startup Cost": 123923.48,"Total Cost": 124073.59,"Plan Rows": 50,"Plan Width": 36,"Actual Startup Time": 1920.765,"Actual Total Time": 1927.379,"Actual Rows": 1,"Actual Loops": 1,"Group Key": ["lineitem.l_suppkey"],"Filter": "(sum((lineitem.l_extendedprice * ('1'::numeric - lineitem.l_discount))) = $0)","Planned Partitions": 0,"HashAgg Batches": 1,"Peak Memory Usage": 4497,"Disk Usage": 0,"Rows Removed by Filter": 9999,"Plans": [{"Node Type": "Bitmap Heap Scan","Parent Relationship": "Outer","Parallel Aware": false,"Async Capable": false,"Relation Name": "lineitem","Alias": "lineitem","Startup Cost": 5786.40,"Total Cost": 121669.85,"Plan Rows": 225363,"Plan Width": 16,"Actual Startup Time": 48.974,"Actual Total Time": 887.234,"Actual Rows": 229315,"Actual Loops": 1,"Recheck Cond": "((l_shipdate >= '1994-05-01'::date) AND (l_shipdate < '1994-08-01 00:00:00'::timestamp without time zone))","Rows Removed by Index Recheck": 0,"Exact Heap Blocks": 67035,"Lossy Heap Blocks": 0,"Plans": [{"Node Type": "Bitmap Index Scan","Parent Relationship": "Outer","Parallel Aware": false,"Async Capable": false,"Index Name": "idx_lineitem_shipdate","Startup Cost": 0.00,"Total Cost": 5730.06,"Plan Rows": 225363,"Plan Width": 0,"Actual Startup Time": 35.843,"Actual Total Time": 35.843,"Actual Rows": 229315,"Actual Loops": 1,"Index Cond": "((l_shipdate >= '1994-05-01'::date) AND (l_shipdate < '1994-08-01 00:00:00'::timestamp without time zone))"}]}]}]}]}]},"Planning Time": 4.354,"Triggers": [],"Execution Time": 1936.888}]
[{"Plan": {"Node Type": "Merge Join","Parallel Aware": false,"Async Capable": false,"Join Type": "Inner","Startup Cost": 249429.21,"Total Cost": 249950.11,"Plan Rows": 50,"Plan Width": 103,"Actual Startup Time": 1898.287,"Actual Total Time": 1898.337,"Actual Rows": 1,"Actual Loops": 1,"Inner Unique": true,"Merge Cond": "(supplier.s_suppkey = revenue0.supplier_no)","Plans": [{"Node Type": "Aggregate","Strategy": "Plain","Partial Mode": "Simple","Parent Relationship": "InitPlan","Subplan Name": "InitPlan 1 (returns $0)","Parallel Aware": false,"Async Capable": false,"Startup Cost": 124763.54,"Total Cost": 124763.55,"Plan Rows": 1,"Plan Width": 32,"Actual Startup Time": 815.553,"Actual Total Time": 815.566,"Actual Rows": 1,"Actual Loops": 1,"Plans": [{"Node Type": "Aggregate","Strategy": "Hashed","Partial Mode": "Simple","Parent Relationship": "Outer","Parallel Aware": false,"Async Capable": false,"Startup Cost": 124513.36,"Total Cost": 124638.45,"Plan Rows": 10007,"Plan Width": 36,"Actual Startup Time": 809.471,"Actual Total Time": 814.969,"Actual Rows": 10000,"Actual Loops": 1,"Group Key": ["lineitem_1.l_suppkey"],"Planned Partitions": 0,"HashAgg Batches": 1,"Peak Memory Usage": 4497,"Disk Usage": 0,"Plans": [{"Node Type": "Bitmap Heap Scan","Parent Relationship": "Outer","Parallel Aware": false,"Async Capable": false,"Relation Name": "lineitem","Alias": "lineitem_1","Startup Cost": 6085.59,"Total Cost": 122143.46,"Plan Rows": 236991,"Plan Width": 16,"Actual Startup Time": 49.104,"Actual Total Time": 665.753,"Actual Rows": 225457,"Actual Loops": 1,"Recheck Cond": "((l_shipdate >= '1993-04-01'::date) AND (l_shipdate < '1993-07-01 00:00:00'::timestamp without time zone))","Rows Removed by Index Recheck": 0,"Exact Heap Blocks": 66507,"Lossy Heap Blocks": 0,"Plans": [{"Node Type": "Bitmap Index Scan","Parent Relationship": "Outer","Parallel Aware": false,"Async Capable": false,"Index Name": "idx_lineitem_shipdate","Startup Cost": 0.00,"Total Cost": 6026.34,"Plan Rows": 236991,"Plan Width": 0,"Actual Startup Time": 35.669,"Actual Total Time": 35.673,"Actual Rows": 225457,"Actual Loops": 1,"Index Cond": "((l_shipdate >= '1993-04-01'::date) AND (l_shipdate < '1993-07-01 00:00:00'::timestamp without time zone))"}]}]}]},{"Node Type": "Index Scan","Parent Relationship": "Outer","Parallel Aware": false,"Async Capable": false,"Scan Direction": "Forward","Index Name": "supplier_pkey","Relation Name": "supplier","Alias": "supplier","Startup Cost": 0.29,"Total Cost": 495.43,"Plan Rows": 10000,"Plan Width": 71,"Actual Startup Time": 0.093,"Actual Total Time": 12.333,"Actual Rows": 7478,"Actual Loops": 1},{"Node Type": "Sort","Parent Relationship": "Inner","Parallel Aware": false,"Async Capable": false,"Startup Cost": 124665.38,"Total Cost": 124665.50,"Plan Rows": 50,"Plan Width": 36,"Actual Startup Time": 1885.515,"Actual Total Time": 1885.531,"Actual Rows": 1,"Actual Loops": 1,"Sort Key": ["revenue0.supplier_no"],"Sort Method": "quicksort","Sort Space Used": 25,"Sort Space Type": "Memory","Plans": [{"Node Type": "Subquery Scan","Parent Relationship": "Outer","Parallel Aware": false,"Async Capable": false,"Alias": "revenue0","Startup Cost": 124513.36,"Total Cost": 124663.97,"Plan Rows": 50,"Plan Width": 36,"Actual Startup Time": 1880.649,"Actual Total Time": 1885.498,"Actual Rows": 1,"Actual Loops": 1,"Plans": [{"Node Type": "Aggregate","Strategy": "Hashed","Partial Mode": "Simple","Parent Relationship": "Subquery","Parallel Aware": false,"Async Capable": false,"Startup Cost": 124513.36,"Total Cost": 124663.47,"Plan Rows": 50,"Plan Width": 36,"Actual Startup Time": 1880.643,"Actual Total Time": 1885.490,"Actual Rows": 1,"Actual Loops": 1,"Group Key": ["lineitem.l_suppkey"],"Filter": "(sum((lineitem.l_extendedprice * ('1'::numeric - lineitem.l_discount))) = $0)","Planned Partitions": 0,"HashAgg Batches": 1,"Peak Memory Usage": 4497,"Disk Usage": 0,"Rows Removed by Filter": 9999,"Plans": [{"Node Type": "Bitmap Heap Scan","Parent Relationship": "Outer","Parallel Aware": false,"Async Capable": false,"Relation Name": "lineitem","Alias": "lineitem","Startup Cost": 6085.59,"Total Cost": 122143.46,"Plan Rows": 236991,"Plan Width": 16,"Actual Startup Time": 49.990,"Actual Total Time": 876.930,"Actual Rows": 225457,"Actual Loops": 1,"Recheck Cond": "((l_shipdate >= '1993-04-01'::date) AND (l_shipdate < '1993-07-01 00:00:00'::timestamp without time zone))","Rows Removed by Index Recheck": 0,"Exact Heap Blocks": 66507,"Lossy Heap Blocks": 0,"Plans": [{"Node Type": "Bitmap Index Scan","Parent Relationship": "Outer","Parallel Aware": false,"Async Capable": false,"Index Name": "idx_lineitem_shipdate","Startup Cost": 0.00,"Total Cost": 6026.34,"Plan Rows": 236991,"Plan Width": 0,"Actual Startup Time": 36.697,"Actual Total Time": 36.700,"Actual Rows": 225457,"Actual Loops": 1,"Index Cond": "((l_shipdate >= '1993-04-01'::date) AND (l_shipdate < '1993-07-01 00:00:00'::timestamp without time zone))"}]}]}]}]}]},"Planning Time": 4.174,"Triggers": [],"Execution Time": 1900.156}]
[{"Plan": {"Node Type": "Merge Join","Parallel Aware": false,"Async Capable": false,"Join Type": "Inner","Startup Cost": 249457.74,"Total Cost": 249978.63,"Plan Rows": 50,"Plan Width": 103,"Actual Startup Time": 2127.109,"Actual Total Time": 2127.171,"Actual Rows": 1,"Actual Loops": 1,"Inner Unique": true,"Merge Cond": "(supplier.s_suppkey = revenue0.supplier_no)","Plans": [{"Node Type": "Aggregate","Strategy": "Plain","Partial Mode": "Simple","Parent Relationship": "InitPlan","Subplan Name": "InitPlan 1 (returns $0)","Parallel Aware": false,"Async Capable": false,"Startup Cost": 124777.80,"Total Cost": 124777.81,"Plan Rows": 1,"Plan Width": 32,"Actual Startup Time": 997.906,"Actual Total Time": 997.926,"Actual Rows": 1,"Actual Loops": 1,"Plans": [{"Node Type": "Aggregate","Strategy": "Hashed","Partial Mode": "Simple","Parent Relationship": "Outer","Parallel Aware": false,"Async Capable": false,"Startup Cost": 124527.62,"Total Cost": 124652.71,"Plan Rows": 10007,"Plan Width": 36,"Actual Startup Time": 989.617,"Actual Total Time": 997.244,"Actual Rows": 10000,"Actual Loops": 1,"Group Key": ["lineitem_1.l_suppkey"],"Planned Partitions": 0,"HashAgg Batches": 1,"Peak Memory Usage": 4497,"Disk Usage": 0,"Plans": [{"Node Type": "Bitmap Heap Scan","Parent Relationship": "Outer","Parallel Aware": false,"Async Capable": false,"Relation Name": "lineitem","Alias": "lineitem_1","Startup Cost": 6092.57,"Total Cost": 122154.80,"Plan Rows": 237282,"Plan Width": 16,"Actual Startup Time": 59.269,"Actual Total Time": 782.096,"Actual Rows": 230274,"Actual Loops": 1,"Recheck Cond": "((l_shipdate >= '1997-07-01'::date) AND (l_shipdate < '1997-10-01 00:00:00'::timestamp without time zone))","Rows Removed by Index Recheck": 0,"Exact Heap Blocks": 67274,"Lossy Heap Blocks": 0,"Plans": [{"Node Type": "Bitmap Index Scan","Parent Relationship": "Outer","Parallel Aware": false,"Async Capable": false,"Index Name": "idx_lineitem_shipdate","Startup Cost": 0.00,"Total Cost": 6033.25,"Plan Rows": 237282,"Plan Width": 0,"Actual Startup Time": 45.354,"Actual Total Time": 45.368,"Actual Rows": 230274,"Actual Loops": 1,"Index Cond": "((l_shipdate >= '1997-07-01'::date) AND (l_shipdate < '1997-10-01 00:00:00'::timestamp without time zone))"}]}]}]},{"Node Type": "Index Scan","Parent Relationship": "Outer","Parallel Aware": false,"Async Capable": false,"Scan Direction": "Forward","Index Name": "supplier_pkey","Relation Name": "supplier","Alias": "supplier","Startup Cost": 0.29,"Total Cost": 495.43,"Plan Rows": 10000,"Plan Width": 71,"Actual Startup Time": 0.082,"Actual Total Time": 9.953,"Actual Rows": 5903,"Actual Loops": 1},{"Node Type": "Sort","Parent Relationship": "Inner","Parallel Aware": false,"Async Capable": false,"Startup Cost": 124679.64,"Total Cost": 124679.77,"Plan Rows": 50,"Plan Width": 36,"Actual Startup Time": 2116.784,"Actual Total Time": 2116.821,"Actual Rows": 1,"Actual Loops": 1,"Sort Key": ["revenue0.supplier_no"],"Sort Method": "quicksort","Sort Space Used": 25,"Sort Space Type": "Memory","Plans": [{"Node Type": "Subquery Scan","Parent Relationship": "Outer","Parallel Aware": false,"Async Capable": false,"Alias": "revenue0","Startup Cost": 124527.62,"Total Cost": 124678.23,"Plan Rows": 50,"Plan Width": 36,"Actual Startup Time": 2113.870,"Actual Total Time": 2116.736,"Actual Rows": 1,"Actual Loops": 1,"Plans": [{"Node Type": "Aggregate","Strategy": "Hashed","Partial Mode": "Simple","Parent Relationship": "Subquery","Parallel Aware": false,"Async Capable": false,"Startup Cost": 124527.62,"Total Cost": 124677.73,"Plan Rows": 50,"Plan Width": 36,"Actual Startup Time": 2113.854,"Actual Total Time": 2116.701,"Actual Rows": 1,"Actual Loops": 1,"Group Key": ["lineitem.l_suppkey"],"Filter": "(sum((lineitem.l_extendedprice * ('1'::numeric - lineitem.l_discount))) = $0)","Planned Partitions": 0,"HashAgg Batches": 1,"Peak Memory Usage": 4497,"Disk Usage": 0,"Rows Removed by Filter": 9999,"Plans": [{"Node Type": "Bitmap Heap Scan","Parent Relationship": "Outer","Parallel Aware": false,"Async Capable": false,"Relation Name": "lineitem","Alias": "lineitem","Startup Cost": 6092.57,"Total Cost": 122154.80,"Plan Rows": 237282,"Plan Width": 16,"Actual Startup Time": 54.610,"Actual Total Time": 936.260,"Actual Rows": 230274,"Actual Loops": 1,"Recheck Cond": "((l_shipdate >= '1997-07-01'::date) AND (l_shipdate < '1997-10-01 00:00:00'::timestamp without time zone))","Rows Removed by Index Recheck": 0,"Exact Heap Blocks": 67274,"Lossy Heap Blocks": 0,"Plans": [{"Node Type": "Bitmap Index Scan","Parent Relationship": "Outer","Parallel Aware": false,"Async Capable": false,"Index Name": "idx_lineitem_shipdate","Startup Cost": 0.00,"Total Cost": 6033.25,"Plan Rows": 237282,"Plan Width": 0,"Actual Startup Time": 40.982,"Actual Total Time": 41.009,"Actual Rows": 230274,"Actual Loops": 1,"Index Cond": "((l_shipdate >= '1997-07-01'::date) AND (l_shipdate < '1997-10-01 00:00:00'::timestamp without time zone))"}]}]}]}]}]},"Planning Time": 4.364,"Triggers": [],"Execution Time": 2132.001}]
[{"Plan": {"Node Type": "Merge Join","Parallel Aware": false,"Async Capable": false,"Join Type": "Inner","Startup Cost": 249108.95,"Total Cost": 249629.85,"Plan Rows": 50,"Plan Width": 103,"Actual Startup Time": 2087.724,"Actual Total Time": 2087.761,"Actual Rows": 1,"Actual Loops": 1,"Inner Unique": true,"Merge Cond": "(supplier.s_suppkey = revenue0.supplier_no)","Plans": [{"Node Type": "Aggregate","Strategy": "Plain","Partial Mode": "Simple","Parent Relationship": "InitPlan","Subplan Name": "InitPlan 1 (returns $0)","Parallel Aware": false,"Async Capable": false,"Startup Cost": 124603.41,"Total Cost": 124603.42,"Plan Rows": 1,"Plan Width": 32,"Actual Startup Time": 943.876,"Actual Total Time": 943.892,"Actual Rows": 1,"Actual Loops": 1,"Plans": [{"Node Type": "Aggregate","Strategy": "Hashed","Partial Mode": "Simple","Parent Relationship": "Outer","Parallel Aware": false,"Async Capable": false,"Startup Cost": 124353.23,"Total Cost": 124478.32,"Plan Rows": 10007,"Plan Width": 36,"Actual Startup Time": 936.828,"Actual Total Time": 943.290,"Actual Rows": 10000,"Actual Loops": 1,"Group Key": ["lineitem_1.l_suppkey"],"Planned Partitions": 0,"HashAgg Batches": 1,"Peak Memory Usage": 4497,"Disk Usage": 0,"Plans": [{"Node Type": "Bitmap Heap Scan","Parent Relationship": "Outer","Parallel Aware": false,"Async Capable": false,"Relation Name": "lineitem","Alias": "lineitem_1","Startup Cost": 6004.98,"Total Cost": 122015.13,"Plan Rows": 233810,"Plan Width": 16,"Actual Startup Time": 58.797,"Actual Total Time": 790.100,"Actual Rows": 229794,"Actual Loops": 1,"Recheck Cond": "((l_shipdate >= '1997-08-01'::date) AND (l_shipdate < '1997-11-01 00:00:00'::timestamp without time zone))","Rows Removed by Index Recheck": 0,"Exact Heap Blocks": 67334,"Lossy Heap Blocks": 0,"Plans": [{"Node Type": "Bitmap Index Scan","Parent Relationship": "Outer","Parallel Aware": false,"Async Capable": false,"Index Name": "idx_lineitem_shipdate","Startup Cost": 0.00,"Total Cost": 5946.53,"Plan Rows": 233810,"Plan Width": 0,"Actual Startup Time": 45.013,"Actual Total Time": 45.020,"Actual Rows": 229794,"Actual Loops": 1,"Index Cond": "((l_shipdate >= '1997-08-01'::date) AND (l_shipdate < '1997-11-01 00:00:00'::timestamp without time zone))"}]}]}]},{"Node Type": "Index Scan","Parent Relationship": "Outer","Parallel Aware": false,"Async Capable": false,"Scan Direction": "Forward","Index Name": "supplier_pkey","Relation Name": "supplier","Alias": "supplier","Startup Cost": 0.29,"Total Cost": 495.43,"Plan Rows": 10000,"Plan Width": 71,"Actual Startup Time": 0.109,"Actual Total Time": 13.835,"Actual Rows": 8863,"Actual Loops": 1},{"Node Type": "Sort","Parent Relationship": "Inner","Parallel Aware": false,"Async Capable": false,"Startup Cost": 124505.25,"Total Cost": 124505.37,"Plan Rows": 50,"Plan Width": 36,"Actual Startup Time": 2073.397,"Actual Total Time": 2073.405,"Actual Rows": 1,"Actual Loops": 1,"Sort Key": ["revenue0.supplier_no"],"Sort Method": "quicksort","Sort Space Used": 25,"Sort Space Type": "Memory","Plans": [{"Node Type": "Subquery Scan","Parent Relationship": "Outer","Parallel Aware": false,"Async Capable": false,"Alias": "revenue0","Startup Cost": 124353.23,"Total Cost": 124503.84,"Plan Rows": 50,"Plan Width": 36,"Actual Startup Time": 2063.613,"Actual Total Time": 2073.361,"Actual Rows": 1,"Actual Loops": 1,"Plans": [{"Node Type": "Aggregate","Strategy": "Hashed","Partial Mode": "Simple","Parent Relationship": "Subquery","Parallel Aware": false,"Async Capable": false,"Startup Cost": 124353.23,"Total Cost": 124503.34,"Plan Rows": 50,"Plan Width": 36,"Actual Startup Time": 2063.607,"Actual Total Time": 2073.353,"Actual Rows": 1,"Actual Loops": 1,"Group Key": ["lineitem.l_suppkey"],"Filter": "(sum((lineitem.l_extendedprice * ('1'::numeric - lineitem.l_discount))) = $0)","Planned Partitions": 0,"HashAgg Batches": 1,"Peak Memory Usage": 4497,"Disk Usage": 0,"Rows Removed by Filter": 9999,"Plans": [{"Node Type": "Bitmap Heap Scan","Parent Relationship": "Outer","Parallel Aware": false,"Async Capable": false,"Relation Name": "lineitem","Alias": "lineitem","Startup Cost": 6004.98,"Total Cost": 122015.13,"Plan Rows": 233810,"Plan Width": 16,"Actual Startup Time": 55.239,"Actual Total Time": 931.307,"Actual Rows": 229794,"Actual Loops": 1,"Recheck Cond": "((l_shipdate >= '1997-08-01'::date) AND (l_shipdate < '1997-11-01 00:00:00'::timestamp without time zone))","Rows Removed by Index Recheck": 0,"Exact Heap Blocks": 67334,"Lossy Heap Blocks": 0,"Plans": [{"Node Type": "Bitmap Index Scan","Parent Relationship": "Outer","Parallel Aware": false,"Async Capable": false,"Index Name": "idx_lineitem_shipdate","Startup Cost": 0.00,"Total Cost": 5946.53,"Plan Rows": 233810,"Plan Width": 0,"Actual Startup Time": 41.454,"Actual Total Time": 41.455,"Actual Rows": 229794,"Actual Loops": 1,"Index Cond": "((l_shipdate >= '1997-08-01'::date) AND (l_shipdate < '1997-11-01 00:00:00'::timestamp without time zone))"}]}]}]}]}]},"Planning Time": 5.207,"Triggers": [],"Execution Time": 2094.251}]
[{"Plan": {"Node Type": "Merge Join","Parallel Aware": false,"Async Capable": false,"Join Type": "Inner","Startup Cost": 249457.74,"Total Cost": 249978.63,"Plan Rows": 50,"Plan Width": 103,"Actual Startup Time": 2127.109,"Actual Total Time": 2127.171,"Actual Rows": 1,"Actual Loops": 1,"Inner Unique": true,"Merge Cond": "(supplier.s_suppkey = revenue0.supplier_no)","Plans": [{"Node Type": "Aggregate","Strategy": "Plain","Partial Mode": "Simple","Parent Relationship": "InitPlan","Subplan Name": "InitPlan 1 (returns $0)","Parallel Aware": false,"Async Capable": false,"Startup Cost": 124777.80,"Total Cost": 124777.81,"Plan Rows": 1,"Plan Width": 32,"Actual Startup Time": 997.906,"Actual Total Time": 997.926,"Actual Rows": 1,"Actual Loops": 1,"Plans": [{"Node Type": "Aggregate","Strategy": "Hashed","Partial Mode": "Simple","Parent Relationship": "Outer","Parallel Aware": false,"Async Capable": false,"Startup Cost": 124527.62,"Total Cost": 124652.71,"Plan Rows": 10007,"Plan Width": 36,"Actual Startup Time": 989.617,"Actual Total Time": 997.244,"Actual Rows": 10000,"Actual Loops": 1,"Group Key": ["lineitem_1.l_suppkey"],"Planned Partitions": 0,"HashAgg Batches": 1,"Peak Memory Usage": 4497,"Disk Usage": 0,"Plans": [{"Node Type": "Bitmap Heap Scan","Parent Relationship": "Outer","Parallel Aware": false,"Async Capable": false,"Relation Name": "lineitem","Alias": "lineitem_1","Startup Cost": 6092.57,"Total Cost": 122154.80,"Plan Rows": 237282,"Plan Width": 16,"Actual Startup Time": 59.269,"Actual Total Time": 782.096,"Actual Rows": 230274,"Actual Loops": 1,"Recheck Cond": "((l_shipdate >= '1997-07-01'::date) AND (l_shipdate < '1997-10-01 00:00:00'::timestamp without time zone))","Rows Removed by Index Recheck": 0,"Exact Heap Blocks": 67274,"Lossy Heap Blocks": 0,"Plans": [{"Node Type": "Bitmap Index Scan","Parent Relationship": "Outer","Parallel Aware": false,"Async Capable": false,"Index Name": "idx_lineitem_shipdate","Startup Cost": 0.00,"Total Cost": 6033.25,"Plan Rows": 237282,"Plan Width": 0,"Actual Startup Time": 45.354,"Actual Total Time": 45.368,"Actual Rows": 230274,"Actual Loops": 1,"Index Cond": "((l_shipdate >= '1997-07-01'::date) AND (l_shipdate < '1997-10-01 00:00:00'::timestamp without time zone))"}]}]}]},{"Node Type": "Index Scan","Parent Relationship": "Outer","Parallel Aware": false,"Async Capable": false,"Scan Direction": "Forward","Index Name": "supplier_pkey","Relation Name": "supplier","Alias": "supplier","Startup Cost": 0.29,"Total Cost": 495.43,"Plan Rows": 10000,"Plan Width": 71,"Actual Startup Time": 0.082,"Actual Total Time": 9.953,"Actual Rows": 5903,"Actual Loops": 1},{"Node Type": "Sort","Parent Relationship": "Inner","Parallel Aware": false,"Async Capable": false,"Startup Cost": 124679.64,"Total Cost": 124679.77,"Plan Rows": 50,"Plan Width": 36,"Actual Startup Time": 2116.784,"Actual Total Time": 2116.821,"Actual Rows": 1,"Actual Loops": 1,"Sort Key": ["revenue0.supplier_no"],"Sort Method": "quicksort","Sort Space Used": 25,"Sort Space Type": "Memory","Plans": [{"Node Type": "Subquery Scan","Parent Relationship": "Outer","Parallel Aware": false,"Async Capable": false,"Alias": "revenue0","Startup Cost": 124527.62,"Total Cost": 124678.23,"Plan Rows": 50,"Plan Width": 36,"Actual Startup Time": 2113.870,"Actual Total Time": 2116.736,"Actual Rows": 1,"Actual Loops": 1,"Plans": [{"Node Type": "Aggregate","Strategy": "Hashed","Partial Mode": "Simple","Parent Relationship": "Subquery","Parallel Aware": false,"Async Capable": false,"Startup Cost": 124527.62,"Total Cost": 124677.73,"Plan Rows": 50,"Plan Width": 36,"Actual Startup Time": 2113.854,"Actual Total Time": 2116.701,"Actual Rows": 1,"Actual Loops": 1,"Group Key": ["lineitem.l_suppkey"],"Filter": "(sum((lineitem.l_extendedprice * ('1'::numeric - lineitem.l_discount))) = $0)","Planned Partitions": 0,"HashAgg Batches": 1,"Peak Memory Usage": 4497,"Disk Usage": 0,"Rows Removed by Filter": 9999,"Plans": [{"Node Type": "Bitmap Heap Scan","Parent Relationship": "Outer","Parallel Aware": false,"Async Capable": false,"Relation Name": "lineitem","Alias": "lineitem","Startup Cost": 6092.57,"Total Cost": 122154.80,"Plan Rows": 237282,"Plan Width": 16,"Actual Startup Time": 54.610,"Actual Total Time": 936.260,"Actual Rows": 230274,"Actual Loops": 1,"Recheck Cond": "((l_shipdate >= '1997-07-01'::date) AND (l_shipdate < '1997-10-01 00:00:00'::timestamp without time zone))","Rows Removed by Index Recheck": 0,"Exact Heap Blocks": 67274,"Lossy Heap Blocks": 0,"Plans": [{"Node Type": "Bitmap Index Scan","Parent Relationship": "Outer","Parallel Aware": false,"Async Capable": false,"Index Name": "idx_lineitem_shipdate","Startup Cost": 0.00,"Total Cost": 6033.25,"Plan Rows": 237282,"Plan Width": 0,"Actual Startup Time": 40.982,"Actual Total Time": 41.009,"Actual Rows": 230274,"Actual Loops": 1,"Index Cond": "((l_shipdate >= '1997-07-01'::date) AND (l_shipdate < '1997-10-01 00:00:00'::timestamp without time zone))"}]}]}]}]}]},"Planning Time": 4.364,"Triggers": [],"Execution Time": 2132.001}]
[{"Plan": {"Node Type": "Merge Join","Parallel Aware": false,"Async Capable": false,"Join Type": "Inner","Startup Cost": 248837.06,"Total Cost": 249357.95,"Plan Rows": 50,"Plan Width": 103,"Actual Startup Time": 1969.246,"Actual Total Time": 1969.306,"Actual Rows": 1,"Actual Loops": 1,"Inner Unique": true,"Merge Cond": "(supplier.s_suppkey = revenue0.supplier_no)","Plans": [{"Node Type": "Aggregate","Strategy": "Plain","Partial Mode": "Simple","Parent Relationship": "InitPlan","Subplan Name": "InitPlan 1 (returns $0)","Parallel Aware": false,"Async Capable": false,"Startup Cost": 124467.46,"Total Cost": 124467.47,"Plan Rows": 1,"Plan Width": 32,"Actual Startup Time": 899.835,"Actual Total Time": 899.853,"Actual Rows": 1,"Actual Loops": 1,"Plans": [{"Node Type": "Aggregate","Strategy": "Hashed","Partial Mode": "Simple","Parent Relationship": "Outer","Parallel Aware": false,"Async Capable": false,"Startup Cost": 124217.29,"Total Cost": 124342.37,"Plan Rows": 10007,"Plan Width": 36,"Actual Startup Time": 888.951,"Actual Total Time": 899.159,"Actual Rows": 10000,"Actual Loops": 1,"Group Key": ["lineitem_1.l_suppkey"],"Planned Partitions": 0,"HashAgg Batches": 1,"Peak Memory Usage": 4497,"Disk Usage": 0,"Plans": [{"Node Type": "Bitmap Heap Scan","Parent Relationship": "Outer","Parallel Aware": false,"Async Capable": false,"Relation Name": "lineitem","Alias": "lineitem_1","Startup Cost": 5666.73,"Total Cost": 122010.16,"Plan Rows": 220712,"Plan Width": 16,"Actual Startup Time": 50.799,"Actual Total Time": 691.660,"Actual Rows": 227315,"Actual Loops": 1,"Recheck Cond": "((l_shipdate >= '1994-04-01'::date) AND (l_shipdate < '1994-07-01 00:00:00'::timestamp without time zone))","Rows Removed by Index Recheck": 0,"Exact Heap Blocks": 67016,"Lossy Heap Blocks": 0,"Plans": [{"Node Type": "Bitmap Index Scan","Parent Relationship": "Outer","Parallel Aware": false,"Async Capable": false,"Index Name": "idx_lineitem_shipdate","Startup Cost": 0.00,"Total Cost": 5611.55,"Plan Rows": 220712,"Plan Width": 0,"Actual Startup Time": 36.979,"Actual Total Time": 36.992,"Actual Rows": 227315,"Actual Loops": 1,"Index Cond": "((l_shipdate >= '1994-04-01'::date) AND (l_shipdate < '1994-07-01 00:00:00'::timestamp without time zone))"}]}]}]},{"Node Type": "Index Scan","Parent Relationship": "Outer","Parallel Aware": false,"Async Capable": false,"Scan Direction": "Forward","Index Name": "supplier_pkey","Relation Name": "supplier","Alias": "supplier","Startup Cost": 0.29,"Total Cost": 495.43,"Plan Rows": 10000,"Plan Width": 71,"Actual Startup Time": 0.084,"Actual Total Time": 2.331,"Actual Rows": 1360,"Actual Loops": 1},{"Node Type": "Sort","Parent Relationship": "Inner","Parallel Aware": false,"Async Capable": false,"Startup Cost": 124369.30,"Total Cost": 124369.43,"Plan Rows": 50,"Plan Width": 36,"Actual Startup Time": 1966.772,"Actual Total Time": 1966.788,"Actual Rows": 1,"Actual Loops": 1,"Sort Key": ["revenue0.supplier_no"],"Sort Method": "quicksort","Sort Space Used": 25,"Sort Space Type": "Memory","Plans": [{"Node Type": "Subquery Scan","Parent Relationship": "Outer","Parallel Aware": false,"Async Capable": false,"Alias": "revenue0","Startup Cost": 124217.29,"Total Cost": 124367.89,"Plan Rows": 50,"Plan Width": 36,"Actual Startup Time": 1963.574,"Actual Total Time": 1966.737,"Actual Rows": 1,"Actual Loops": 1,"Plans": [{"Node Type": "Aggregate","Strategy": "Hashed","Partial Mode": "Simple","Parent Relationship": "Subquery","Parallel Aware": false,"Async Capable": false,"Startup Cost": 124217.29,"Total Cost": 124367.39,"Plan Rows": 50,"Plan Width": 36,"Actual Startup Time": 1963.555,"Actual Total Time": 1966.695,"Actual Rows": 1,"Actual Loops": 1,"Group Key": ["lineitem.l_suppkey"],"Filter": "(sum((lineitem.l_extendedprice * ('1'::numeric - lineitem.l_discount))) = $0)","Planned Partitions": 0,"HashAgg Batches": 1,"Peak Memory Usage": 4497,"Disk Usage": 0,"Rows Removed by Filter": 9999,"Plans": [{"Node Type": "Bitmap Heap Scan","Parent Relationship": "Outer","Parallel Aware": false,"Async Capable": false,"Relation Name": "lineitem","Alias": "lineitem","Startup Cost": 5666.73,"Total Cost": 122010.16,"Plan Rows": 220712,"Plan Width": 16,"Actual Startup Time": 49.894,"Actual Total Time": 881.952,"Actual Rows": 227315,"Actual Loops": 1,"Recheck Cond": "((l_shipdate >= '1994-04-01'::date) AND (l_shipdate < '1994-07-01 00:00:00'::timestamp without time zone))","Rows Removed by Index Recheck": 0,"Exact Heap Blocks": 67016,"Lossy Heap Blocks": 0,"Plans": [{"Node Type": "Bitmap Index Scan","Parent Relationship": "Outer","Parallel Aware": false,"Async Capable": false,"Index Name": "idx_lineitem_shipdate","Startup Cost": 0.00,"Total Cost": 5611.55,"Plan Rows": 220712,"Plan Width": 0,"Actual Startup Time": 36.453,"Actual Total Time": 36.453,"Actual Rows": 227315,"Actual Loops": 1,"Index Cond": "((l_shipdate >= '1994-04-01'::date) AND (l_shipdate < '1994-07-01 00:00:00'::timestamp without time zone))"}]}]}]}]}]},"Planning Time": 4.191,"Triggers": [],"Execution Time": 1974.742}]
[{"Plan": {"Node Type": "Merge Join","Parallel Aware": false,"Async Capable": false,"Join Type": "Inner","Startup Cost": 249146.21,"Total Cost": 249667.11,"Plan Rows": 50,"Plan Width": 103,"Actual Startup Time": 2028.234,"Actual Total Time": 2028.282,"Actual Rows": 1,"Actual Loops": 1,"Inner Unique": true,"Merge Cond": "(supplier.s_suppkey = revenue0.supplier_no)","Plans": [{"Node Type": "Aggregate","Strategy": "Plain","Partial Mode": "Simple","Parent Relationship": "InitPlan","Subplan Name": "InitPlan 1 (returns $0)","Parallel Aware": false,"Async Capable": false,"Startup Cost": 124622.04,"Total Cost": 124622.05,"Plan Rows": 1,"Plan Width": 32,"Actual Startup Time": 930.480,"Actual Total Time": 930.506,"Actual Rows": 1,"Actual Loops": 1,"Plans": [{"Node Type": "Aggregate","Strategy": "Hashed","Partial Mode": "Simple","Parent Relationship": "Outer","Parallel Aware": false,"Async Capable": false,"Startup Cost": 124371.86,"Total Cost": 124496.95,"Plan Rows": 10007,"Plan Width": 36,"Actual Startup Time": 921.451,"Actual Total Time": 929.857,"Actual Rows": 10000,"Actual Loops": 1,"Group Key": ["lineitem_1.l_suppkey"],"Planned Partitions": 0,"HashAgg Batches": 1,"Peak Memory Usage": 4497,"Disk Usage": 0,"Plans": [{"Node Type": "Bitmap Heap Scan","Parent Relationship": "Outer","Parallel Aware": false,"Async Capable": false,"Relation Name": "lineitem","Alias": "lineitem_1","Startup Cost": 6013.24,"Total Cost": 122029.61,"Plan Rows": 234225,"Plan Width": 16,"Actual Startup Time": 55.960,"Actual Total Time": 717.488,"Actual Rows": 231352,"Actual Loops": 1,"Recheck Cond": "((l_shipdate >= '1996-10-01'::date) AND (l_shipdate < '1997-01-01 00:00:00'::timestamp without time zone))","Rows Removed by Index Recheck": 0,"Exact Heap Blocks": 67396,"Lossy Heap Blocks": 0,"Plans": [{"Node Type": "Bitmap Index Scan","Parent Relationship": "Outer","Parallel Aware": false,"Async Capable": false,"Index Name": "idx_lineitem_shipdate","Startup Cost": 0.00,"Total Cost": 5954.68,"Plan Rows": 234225,"Plan Width": 0,"Actual Startup Time": 42.612,"Actual Total Time": 42.627,"Actual Rows": 231352,"Actual Loops": 1,"Index Cond": "((l_shipdate >= '1996-10-01'::date) AND (l_shipdate < '1997-01-01 00:00:00'::timestamp without time zone))"}]}]}]},{"Node Type": "Index Scan","Parent Relationship": "Outer","Parallel Aware": false,"Async Capable": false,"Scan Direction": "Forward","Index Name": "supplier_pkey","Relation Name": "supplier","Alias": "supplier","Startup Cost": 0.29,"Total Cost": 495.43,"Plan Rows": 10000,"Plan Width": 71,"Actual Startup Time": 0.137,"Actual Total Time": 5.844,"Actual Rows": 3442,"Actual Loops": 1},{"Node Type": "Sort","Parent Relationship": "Inner","Parallel Aware": false,"Async Capable": false,"Startup Cost": 124523.88,"Total Cost": 124524.01,"Plan Rows": 50,"Plan Width": 36,"Actual Startup Time": 2022.134,"Actual Total Time": 2022.146,"Actual Rows": 1,"Actual Loops": 1,"Sort Key": ["revenue0.supplier_no"],"Sort Method": "quicksort","Sort Space Used": 25,"Sort Space Type": "Memory","Plans": [{"Node Type": "Subquery Scan","Parent Relationship": "Outer","Parallel Aware": false,"Async Capable": false,"Alias": "revenue0","Startup Cost": 124371.86,"Total Cost": 124522.47,"Plan Rows": 50,"Plan Width": 36,"Actual Startup Time": 2010.890,"Actual Total Time": 2022.087,"Actual Rows": 1,"Actual Loops": 1,"Plans": [{"Node Type": "Aggregate","Strategy": "Hashed","Partial Mode": "Simple","Parent Relationship": "Subquery","Parallel Aware": false,"Async Capable": false,"Startup Cost": 124371.86,"Total Cost": 124521.97,"Plan Rows": 50,"Plan Width": 36,"Actual Startup Time": 2010.873,"Actual Total Time": 2022.049,"Actual Rows": 1,"Actual Loops": 1,"Group Key": ["lineitem.l_suppkey"],"Filter": "(sum((lineitem.l_extendedprice * ('1'::numeric - lineitem.l_discount))) = $0)","Planned Partitions": 0,"HashAgg Batches": 1,"Peak Memory Usage": 4497,"Disk Usage": 0,"Rows Removed by Filter": 9999,"Plans": [{"Node Type": "Bitmap Heap Scan","Parent Relationship": "Outer","Parallel Aware": false,"Async Capable": false,"Relation Name": "lineitem","Alias": "lineitem","Startup Cost": 6013.24,"Total Cost": 122029.61,"Plan Rows": 234225,"Plan Width": 16,"Actual Startup Time": 57.882,"Actual Total Time": 902.129,"Actual Rows": 231352,"Actual Loops": 1,"Recheck Cond": "((l_shipdate >= '1996-10-01'::date) AND (l_shipdate < '1997-01-01 00:00:00'::timestamp without time zone))","Rows Removed by Index Recheck": 0,"Exact Heap Blocks": 67396,"Lossy Heap Blocks": 0,"Plans": [{"Node Type": "Bitmap Index Scan","Parent Relationship": "Outer","Parallel Aware": false,"Async Capable": false,"Index Name": "idx_lineitem_shipdate","Startup Cost": 0.00,"Total Cost": 5954.68,"Plan Rows": 234225,"Plan Width": 0,"Actual Startup Time": 44.484,"Actual Total Time": 44.484,"Actual Rows": 231352,"Actual Loops": 1,"Index Cond": "((l_shipdate >= '1996-10-01'::date) AND (l_shipdate < '1997-01-01 00:00:00'::timestamp without time zone))"}]}]}]}]}]},"Planning Time": 5.220,"Triggers": [],"Execution Time": 2034.122}]
[{"Plan": {"Node Type": "Merge Join","Parallel Aware": false,"Async Capable": false,"Join Type": "Inner","Startup Cost": 248853.69,"Total Cost": 249374.58,"Plan Rows": 50,"Plan Width": 103,"Actual Startup Time": 2069.794,"Actual Total Time": 2069.839,"Actual Rows": 1,"Actual Loops": 1,"Inner Unique": true,"Merge Cond": "(supplier.s_suppkey = revenue0.supplier_no)","Plans": [{"Node Type": "Aggregate","Strategy": "Plain","Partial Mode": "Simple","Parent Relationship": "InitPlan","Subplan Name": "InitPlan 1 (returns $0)","Parallel Aware": false,"Async Capable": false,"Startup Cost": 124475.78,"Total Cost": 124475.79,"Plan Rows": 1,"Plan Width": 32,"Actual Startup Time": 939.556,"Actual Total Time": 939.568,"Actual Rows": 1,"Actual Loops": 1,"Plans": [{"Node Type": "Aggregate","Strategy": "Hashed","Partial Mode": "Simple","Parent Relationship": "Outer","Parallel Aware": false,"Async Capable": false,"Startup Cost": 124225.60,"Total Cost": 124350.69,"Plan Rows": 10007,"Plan Width": 36,"Actual Startup Time": 931.775,"Actual Total Time": 938.967,"Actual Rows": 10000,"Actual Loops": 1,"Group Key": ["lineitem_1.l_suppkey"],"Planned Partitions": 0,"HashAgg Batches": 1,"Peak Memory Usage": 4497,"Disk Usage": 0,"Plans": [{"Node Type": "Bitmap Heap Scan","Parent Relationship": "Outer","Parallel Aware": false,"Async Capable": false,"Relation Name": "lineitem","Alias": "lineitem_1","Startup Cost": 5939.50,"Total Cost": 121912.36,"Plan Rows": 231324,"Plan Width": 16,"Actual Startup Time": 57.879,"Actual Total Time": 785.253,"Actual Rows": 226918,"Actual Loops": 1,"Recheck Cond": "((l_shipdate >= '1994-09-01'::date) AND (l_shipdate < '1994-12-01 00:00:00'::timestamp without time zone))","Rows Removed by Index Recheck": 0,"Exact Heap Blocks": 67096,"Lossy Heap Blocks": 0,"Plans": [{"Node Type": "Bitmap Index Scan","Parent Relationship": "Outer","Parallel Aware": false,"Async Capable": false,"Index Name": "idx_lineitem_shipdate","Startup Cost": 0.00,"Total Cost": 5881.67,"Plan Rows": 231324,"Plan Width": 0,"Actual Startup Time": 44.092,"Actual Total Time": 44.094,"Actual Rows": 226918,"Actual Loops": 1,"Index Cond": "((l_shipdate >= '1994-09-01'::date) AND (l_shipdate < '1994-12-01 00:00:00'::timestamp without time zone))"}]}]}]},{"Node Type": "Index Scan","Parent Relationship": "Outer","Parallel Aware": false,"Async Capable": false,"Scan Direction": "Forward","Index Name": "supplier_pkey","Relation Name": "supplier","Alias": "supplier","Startup Cost": 0.29,"Total Cost": 495.43,"Plan Rows": 10000,"Plan Width": 71,"Actual Startup Time": 0.128,"Actual Total Time": 7.377,"Actual Rows": 4443,"Actual Loops": 1},{"Node Type": "Sort","Parent Relationship": "Inner","Parallel Aware": false,"Async Capable": false,"Startup Cost": 124377.62,"Total Cost": 124377.74,"Plan Rows": 50,"Plan Width": 36,"Actual Startup Time": 2062.143,"Actual Total Time": 2062.163,"Actual Rows": 1,"Actual Loops": 1,"Sort Key": ["revenue0.supplier_no"],"Sort Method": "quicksort","Sort Space Used": 25,"Sort Space Type": "Memory","Plans": [{"Node Type": "Subquery Scan","Parent Relationship": "Outer","Parallel Aware": false,"Async Capable": false,"Alias": "revenue0","Startup Cost": 124225.60,"Total Cost": 124376.21,"Plan Rows": 50,"Plan Width": 36,"Actual Startup Time": 2040.368,"Actual Total Time": 2062.123,"Actual Rows": 1,"Actual Loops": 1,"Plans": [{"Node Type": "Aggregate","Strategy": "Hashed","Partial Mode": "Simple","Parent Relationship": "Subquery","Parallel Aware": false,"Async Capable": false,"Startup Cost": 124225.60,"Total Cost": 124375.71,"Plan Rows": 50,"Plan Width": 36,"Actual Startup Time": 2040.362,"Actual Total Time": 2062.108,"Actual Rows": 1,"Actual Loops": 1,"Group Key": ["lineitem.l_suppkey"],"Filter": "(sum((lineitem.l_extendedprice * ('1'::numeric - lineitem.l_discount))) = $0)","Planned Partitions": 0,"HashAgg Batches": 1,"Peak Memory Usage": 4497,"Disk Usage": 0,"Rows Removed by Filter": 9999,"Plans": [{"Node Type": "Bitmap Heap Scan","Parent Relationship": "Outer","Parallel Aware": false,"Async Capable": false,"Relation Name": "lineitem","Alias": "lineitem","Startup Cost": 5939.50,"Total Cost": 121912.36,"Plan Rows": 231324,"Plan Width": 16,"Actual Startup Time": 54.706,"Actual Total Time": 926.482,"Actual Rows": 226918,"Actual Loops": 1,"Recheck Cond": "((l_shipdate >= '1994-09-01'::date) AND (l_shipdate < '1994-12-01 00:00:00'::timestamp without time zone))","Rows Removed by Index Recheck": 0,"Exact Heap Blocks": 67096,"Lossy Heap Blocks": 0,"Plans": [{"Node Type": "Bitmap Index Scan","Parent Relationship": "Outer","Parallel Aware": false,"Async Capable": false,"Index Name": "idx_lineitem_shipdate","Startup Cost": 0.00,"Total Cost": 5881.67,"Plan Rows": 231324,"Plan Width": 0,"Actual Startup Time": 41.081,"Actual Total Time": 41.084,"Actual Rows": 226918,"Actual Loops": 1,"Index Cond": "((l_shipdate >= '1994-09-01'::date) AND (l_shipdate < '1994-12-01 00:00:00'::timestamp without time zone))"}]}]}]}]}]},"Planning Time": 4.073,"Triggers": [],"Execution Time": 2075.054}]
[{"Plan": {"Node Type": "Merge Join","Parallel Aware": false,"Async Capable": false,"Join Type": "Inner","Startup Cost": 248643.56,"Total Cost": 249164.46,"Plan Rows": 50,"Plan Width": 103,"Actual Startup Time": 2051.080,"Actual Total Time": 2051.125,"Actual Rows": 1,"Actual Loops": 1,"Inner Unique": true,"Merge Cond": "(supplier.s_suppkey = revenue0.supplier_no)","Plans": [{"Node Type": "Aggregate","Strategy": "Plain","Partial Mode": "Simple","Parent Relationship": "InitPlan","Subplan Name": "InitPlan 1 (returns $0)","Parallel Aware": false,"Async Capable": false,"Startup Cost": 124370.71,"Total Cost": 124370.72,"Plan Rows": 1,"Plan Width": 32,"Actual Startup Time": 925.866,"Actual Total Time": 925.883,"Actual Rows": 1,"Actual Loops": 1,"Plans": [{"Node Type": "Aggregate","Strategy": "Hashed","Partial Mode": "Simple","Parent Relationship": "Outer","Parallel Aware": false,"Async Capable": false,"Startup Cost": 124120.54,"Total Cost": 124245.62,"Plan Rows": 10007,"Plan Width": 36,"Actual Startup Time": 919.658,"Actual Total Time": 925.281,"Actual Rows": 10000,"Actual Loops": 1,"Group Key": ["lineitem_1.l_suppkey"],"Planned Partitions": 0,"HashAgg Batches": 1,"Peak Memory Usage": 4497,"Disk Usage": 0,"Plans": [{"Node Type": "Bitmap Heap Scan","Parent Relationship": "Outer","Parallel Aware": false,"Async Capable": false,"Relation Name": "lineitem","Alias": "lineitem_1","Startup Cost": 5704.94,"Total Cost": 121899.56,"Plan Rows": 222098,"Plan Width": 16,"Actual Startup Time": 58.148,"Actual Total Time": 772.764,"Actual Rows": 223616,"Actual Loops": 1,"Recheck Cond": "((l_shipdate >= '1993-12-01'::date) AND (l_shipdate < '1994-03-01 00:00:00'::timestamp without time zone))","Rows Removed by Index Recheck": 0,"Exact Heap Blocks": 66445,"Lossy Heap Blocks": 0,"Plans": [{"Node Type": "Bitmap Index Scan","Parent Relationship": "Outer","Parallel Aware": false,"Async Capable": false,"Index Name": "idx_lineitem_shipdate","Startup Cost": 0.00,"Total Cost": 5649.41,"Plan Rows": 222098,"Plan Width": 0,"Actual Startup Time": 44.427,"Actual Total Time": 44.430,"Actual Rows": 223616,"Actual Loops": 1,"Index Cond": "((l_shipdate >= '1993-12-01'::date) AND (l_shipdate < '1994-03-01 00:00:00'::timestamp without time zone))"}]}]}]},{"Node Type": "Index Scan","Parent Relationship": "Outer","Parallel Aware": false,"Async Capable": false,"Scan Direction": "Forward","Index Name": "supplier_pkey","Relation Name": "supplier","Alias": "supplier","Startup Cost": 0.29,"Total Cost": 495.43,"Plan Rows": 10000,"Plan Width": 71,"Actual Startup Time": 0.103,"Actual Total Time": 8.477,"Actual Rows": 5450,"Actual Loops": 1},{"Node Type": "Sort","Parent Relationship": "Inner","Parallel Aware": false,"Async Capable": false,"Startup Cost": 124272.55,"Total Cost": 124272.68,"Plan Rows": 50,"Plan Width": 36,"Actual Startup Time": 2042.272,"Actual Total Time": 2042.286,"Actual Rows": 1,"Actual Loops": 1,"Sort Key": ["revenue0.supplier_no"],"Sort Method": "quicksort","Sort Space Used": 25,"Sort Space Type": "Memory","Plans": [{"Node Type": "Subquery Scan","Parent Relationship": "Outer","Parallel Aware": false,"Async Capable": false,"Alias": "revenue0","Startup Cost": 124120.54,"Total Cost": 124271.14,"Plan Rows": 50,"Plan Width": 36,"Actual Startup Time": 2038.275,"Actual Total Time": 2042.231,"Actual Rows": 1,"Actual Loops": 1,"Plans": [{"Node Type": "Aggregate","Strategy": "Hashed","Partial Mode": "Simple","Parent Relationship": "Subquery","Parallel Aware": false,"Async Capable": false,"Startup Cost": 124120.54,"Total Cost": 124270.64,"Plan Rows": 50,"Plan Width": 36,"Actual Startup Time": 2038.266,"Actual Total Time": 2042.216,"Actual Rows": 1,"Actual Loops": 1,"Group Key": ["lineitem.l_suppkey"],"Filter": "(sum((lineitem.l_extendedprice * ('1'::numeric - lineitem.l_discount))) = $0)","Planned Partitions": 0,"HashAgg Batches": 1,"Peak Memory Usage": 4497,"Disk Usage": 0,"Rows Removed by Filter": 9999,"Plans": [{"Node Type": "Bitmap Heap Scan","Parent Relationship": "Outer","Parallel Aware": false,"Async Capable": false,"Relation Name": "lineitem","Alias": "lineitem","Startup Cost": 5704.94,"Total Cost": 121899.56,"Plan Rows": 222098,"Plan Width": 16,"Actual Startup Time": 55.253,"Actual Total Time": 922.575,"Actual Rows": 223616,"Actual Loops": 1,"Recheck Cond": "((l_shipdate >= '1993-12-01'::date) AND (l_shipdate < '1994-03-01 00:00:00'::timestamp without time zone))","Rows Removed by Index Recheck": 0,"Exact Heap Blocks": 66445,"Lossy Heap Blocks": 0,"Plans": [{"Node Type": "Bitmap Index Scan","Parent Relationship": "Outer","Parallel Aware": false,"Async Capable": false,"Index Name": "idx_lineitem_shipdate","Startup Cost": 0.00,"Total Cost": 5649.41,"Plan Rows": 222098,"Plan Width": 0,"Actual Startup Time": 41.648,"Actual Total Time": 41.651,"Actual Rows": 223616,"Actual Loops": 1,"Index Cond": "((l_shipdate >= '1993-12-01'::date) AND (l_shipdate < '1994-03-01 00:00:00'::timestamp without time zone))"}]}]}]}]}]},"Planning Time": 3.986,"Triggers": [],"Execution Time": 2056.157}]
[{"Plan": {"Node Type": "Merge Join","Parallel Aware": false,"Async Capable": false,"Join Type": "Inner","Startup Cost": 248643.56,"Total Cost": 249164.46,"Plan Rows": 50,"Plan Width": 103,"Actual Startup Time": 2051.080,"Actual Total Time": 2051.125,"Actual Rows": 1,"Actual Loops": 1,"Inner Unique": true,"Merge Cond": "(supplier.s_suppkey = revenue0.supplier_no)","Plans": [{"Node Type": "Aggregate","Strategy": "Plain","Partial Mode": "Simple","Parent Relationship": "InitPlan","Subplan Name": "InitPlan 1 (returns $0)","Parallel Aware": false,"Async Capable": false,"Startup Cost": 124370.71,"Total Cost": 124370.72,"Plan Rows": 1,"Plan Width": 32,"Actual Startup Time": 925.866,"Actual Total Time": 925.883,"Actual Rows": 1,"Actual Loops": 1,"Plans": [{"Node Type": "Aggregate","Strategy": "Hashed","Partial Mode": "Simple","Parent Relationship": "Outer","Parallel Aware": false,"Async Capable": false,"Startup Cost": 124120.54,"Total Cost": 124245.62,"Plan Rows": 10007,"Plan Width": 36,"Actual Startup Time": 919.658,"Actual Total Time": 925.281,"Actual Rows": 10000,"Actual Loops": 1,"Group Key": ["lineitem_1.l_suppkey"],"Planned Partitions": 0,"HashAgg Batches": 1,"Peak Memory Usage": 4497,"Disk Usage": 0,"Plans": [{"Node Type": "Bitmap Heap Scan","Parent Relationship": "Outer","Parallel Aware": false,"Async Capable": false,"Relation Name": "lineitem","Alias": "lineitem_1","Startup Cost": 5704.94,"Total Cost": 121899.56,"Plan Rows": 222098,"Plan Width": 16,"Actual Startup Time": 58.148,"Actual Total Time": 772.764,"Actual Rows": 223616,"Actual Loops": 1,"Recheck Cond": "((l_shipdate >= '1993-12-01'::date) AND (l_shipdate < '1994-03-01 00:00:00'::timestamp without time zone))","Rows Removed by Index Recheck": 0,"Exact Heap Blocks": 66445,"Lossy Heap Blocks": 0,"Plans": [{"Node Type": "Bitmap Index Scan","Parent Relationship": "Outer","Parallel Aware": false,"Async Capable": false,"Index Name": "idx_lineitem_shipdate","Startup Cost": 0.00,"Total Cost": 5649.41,"Plan Rows": 222098,"Plan Width": 0,"Actual Startup Time": 44.427,"Actual Total Time": 44.430,"Actual Rows": 223616,"Actual Loops": 1,"Index Cond": "((l_shipdate >= '1993-12-01'::date) AND (l_shipdate < '1994-03-01 00:00:00'::timestamp without time zone))"}]}]}]},{"Node Type": "Index Scan","Parent Relationship": "Outer","Parallel Aware": false,"Async Capable": false,"Scan Direction": "Forward","Index Name": "supplier_pkey","Relation Name": "supplier","Alias": "supplier","Startup Cost": 0.29,"Total Cost": 495.43,"Plan Rows": 10000,"Plan Width": 71,"Actual Startup Time": 0.103,"Actual Total Time": 8.477,"Actual Rows": 5450,"Actual Loops": 1},{"Node Type": "Sort","Parent Relationship": "Inner","Parallel Aware": false,"Async Capable": false,"Startup Cost": 124272.55,"Total Cost": 124272.68,"Plan Rows": 50,"Plan Width": 36,"Actual Startup Time": 2042.272,"Actual Total Time": 2042.286,"Actual Rows": 1,"Actual Loops": 1,"Sort Key": ["revenue0.supplier_no"],"Sort Method": "quicksort","Sort Space Used": 25,"Sort Space Type": "Memory","Plans": [{"Node Type": "Subquery Scan","Parent Relationship": "Outer","Parallel Aware": false,"Async Capable": false,"Alias": "revenue0","Startup Cost": 124120.54,"Total Cost": 124271.14,"Plan Rows": 50,"Plan Width": 36,"Actual Startup Time": 2038.275,"Actual Total Time": 2042.231,"Actual Rows": 1,"Actual Loops": 1,"Plans": [{"Node Type": "Aggregate","Strategy": "Hashed","Partial Mode": "Simple","Parent Relationship": "Subquery","Parallel Aware": false,"Async Capable": false,"Startup Cost": 124120.54,"Total Cost": 124270.64,"Plan Rows": 50,"Plan Width": 36,"Actual Startup Time": 2038.266,"Actual Total Time": 2042.216,"Actual Rows": 1,"Actual Loops": 1,"Group Key": ["lineitem.l_suppkey"],"Filter": "(sum((lineitem.l_extendedprice * ('1'::numeric - lineitem.l_discount))) = $0)","Planned Partitions": 0,"HashAgg Batches": 1,"Peak Memory Usage": 4497,"Disk Usage": 0,"Rows Removed by Filter": 9999,"Plans": [{"Node Type": "Bitmap Heap Scan","Parent Relationship": "Outer","Parallel Aware": false,"Async Capable": false,"Relation Name": "lineitem","Alias": "lineitem","Startup Cost": 5704.94,"Total Cost": 121899.56,"Plan Rows": 222098,"Plan Width": 16,"Actual Startup Time": 55.253,"Actual Total Time": 922.575,"Actual Rows": 223616,"Actual Loops": 1,"Recheck Cond": "((l_shipdate >= '1993-12-01'::date) AND (l_shipdate < '1994-03-01 00:00:00'::timestamp without time zone))","Rows Removed by Index Recheck": 0,"Exact Heap Blocks": 66445,"Lossy Heap Blocks": 0,"Plans": [{"Node Type": "Bitmap Index Scan","Parent Relationship": "Outer","Parallel Aware": false,"Async Capable": false,"Index Name": "idx_lineitem_shipdate","Startup Cost": 0.00,"Total Cost": 5649.41,"Plan Rows": 222098,"Plan Width": 0,"Actual Startup Time": 41.648,"Actual Total Time": 41.651,"Actual Rows": 223616,"Actual Loops": 1,"Index Cond": "((l_shipdate >= '1993-12-01'::date) AND (l_shipdate < '1994-03-01 00:00:00'::timestamp without time zone))"}]}]}]}]}]},"Planning Time": 3.986,"Triggers": [],"Execution Time": 2056.157}]
[{"Plan": {"Node Type": "Merge Join","Parallel Aware": false,"Async Capable": false,"Join Type": "Inner","Startup Cost": 248512.46,"Total Cost": 249033.35,"Plan Rows": 50,"Plan Width": 103,"Actual Startup Time": 1933.150,"Actual Total Time": 1933.206,"Actual Rows": 1,"Actual Loops": 1,"Inner Unique": true,"Merge Cond": "(supplier.s_suppkey = revenue0.supplier_no)","Plans": [{"Node Type": "Aggregate","Strategy": "Plain","Partial Mode": "Simple","Parent Relationship": "InitPlan","Subplan Name": "InitPlan 1 (returns $0)","Parallel Aware": false,"Async Capable": false,"Startup Cost": 124305.16,"Total Cost": 124305.17,"Plan Rows": 1,"Plan Width": 32,"Actual Startup Time": 870.174,"Actual Total Time": 870.194,"Actual Rows": 1,"Actual Loops": 1,"Plans": [{"Node Type": "Aggregate","Strategy": "Hashed","Partial Mode": "Simple","Parent Relationship": "Outer","Parallel Aware": false,"Async Capable": false,"Startup Cost": 124054.99,"Total Cost": 124180.07,"Plan Rows": 10007,"Plan Width": 36,"Actual Startup Time": 862.742,"Actual Total Time": 869.556,"Actual Rows": 10000,"Actual Loops": 1,"Group Key": ["lineitem_1.l_suppkey"],"Planned Partitions": 0,"HashAgg Batches": 1,"Peak Memory Usage": 4497,"Disk Usage": 0,"Plans": [{"Node Type": "Bitmap Heap Scan","Parent Relationship": "Outer","Parallel Aware": false,"Async Capable": false,"Relation Name": "lineitem","Alias": "lineitem_1","Startup Cost": 5853.01,"Total Cost": 121775.40,"Plan Rows": 227959,"Plan Width": 16,"Actual Startup Time": 40.844,"Actual Total Time": 627.508,"Actual Rows": 229968,"Actual Loops": 1,"Recheck Cond": "((l_shipdate >= '1995-06-01'::date) AND (l_shipdate < '1995-09-01 00:00:00'::timestamp without time zone))","Rows Removed by Index Recheck": 0,"Exact Heap Blocks": 67407,"Lossy Heap Blocks": 0,"Plans": [{"Node Type": "Bitmap Index Scan","Parent Relationship": "Outer","Parallel Aware": false,"Async Capable": false,"Index Name": "idx_lineitem_shipdate","Startup Cost": 0.00,"Total Cost": 5796.02,"Plan Rows": 227959,"Plan Width": 0,"Actual Startup Time": 28.150,"Actual Total Time": 28.164,"Actual Rows": 229968,"Actual Loops": 1,"Index Cond": "((l_shipdate >= '1995-06-01'::date) AND (l_shipdate < '1995-09-01 00:00:00'::timestamp without time zone))"}]}]}]},{"Node Type": "Index Scan","Parent Relationship": "Outer","Parallel Aware": false,"Async Capable": false,"Scan Direction": "Forward","Index Name": "supplier_pkey","Relation Name": "supplier","Alias": "supplier","Startup Cost": 0.29,"Total Cost": 495.43,"Plan Rows": 10000,"Plan Width": 71,"Actual Startup Time": 0.101,"Actual Total Time": 2.514,"Actual Rows": 2933,"Actual Loops": 1},{"Node Type": "Sort","Parent Relationship": "Inner","Parallel Aware": false,"Async Capable": false,"Startup Cost": 124207.00,"Total Cost": 124207.13,"Plan Rows": 50,"Plan Width": 36,"Actual Startup Time": 1930.459,"Actual Total Time": 1930.480,"Actual Rows": 1,"Actual Loops": 1,"Sort Key": ["revenue0.supplier_no"],"Sort Method": "quicksort","Sort Space Used": 25,"Sort Space Type": "Memory","Plans": [{"Node Type": "Subquery Scan","Parent Relationship": "Outer","Parallel Aware": false,"Async Capable": false,"Alias": "revenue0","Startup Cost": 124054.99,"Total Cost": 124205.59,"Plan Rows": 50,"Plan Width": 36,"Actual Startup Time": 1925.907,"Actual Total Time": 1930.384,"Actual Rows": 1,"Actual Loops": 1,"Plans": [{"Node Type": "Aggregate","Strategy": "Hashed","Partial Mode": "Simple","Parent Relationship": "Subquery","Parallel Aware": false,"Async Capable": false,"Startup Cost": 124054.99,"Total Cost": 124205.09,"Plan Rows": 50,"Plan Width": 36,"Actual Startup Time": 1925.899,"Actual Total Time": 1930.352,"Actual Rows": 1,"Actual Loops": 1,"Group Key": ["lineitem.l_suppkey"],"Filter": "(sum((lineitem.l_extendedprice * ('1'::numeric - lineitem.l_discount))) = $0)","Planned Partitions": 0,"HashAgg Batches": 1,"Peak Memory Usage": 4497,"Disk Usage": 0,"Rows Removed by Filter": 9999,"Plans": [{"Node Type": "Bitmap Heap Scan","Parent Relationship": "Outer","Parallel Aware": false,"Async Capable": false,"Relation Name": "lineitem","Alias": "lineitem","Startup Cost": 5853.01,"Total Cost": 121775.40,"Plan Rows": 227959,"Plan Width": 16,"Actual Startup Time": 51.555,"Actual Total Time": 823.671,"Actual Rows": 229968,"Actual Loops": 1,"Recheck Cond": "((l_shipdate >= '1995-06-01'::date) AND (l_shipdate < '1995-09-01 00:00:00'::timestamp without time zone))","Rows Removed by Index Recheck": 0,"Exact Heap Blocks": 67407,"Lossy Heap Blocks": 0,"Plans": [{"Node Type": "Bitmap Index Scan","Parent Relationship": "Outer","Parallel Aware": false,"Async Capable": false,"Index Name": "idx_lineitem_shipdate","Startup Cost": 0.00,"Total Cost": 5796.02,"Plan Rows": 227959,"Plan Width": 0,"Actual Startup Time": 38.034,"Actual Total Time": 38.041,"Actual Rows": 229968,"Actual Loops": 1,"Index Cond": "((l_shipdate >= '1995-06-01'::date) AND (l_shipdate < '1995-09-01 00:00:00'::timestamp without time zone))"}]}]}]}]}]},"Planning Time": 4.159,"Triggers": [],"Execution Time": 1935.928}]
[{"Plan": {"Node Type": "Merge Join","Parallel Aware": false,"Async Capable": false,"Join Type": "Inner","Startup Cost": 248318.66,"Total Cost": 248839.56,"Plan Rows": 50,"Plan Width": 103,"Actual Startup Time": 1910.643,"Actual Total Time": 1910.686,"Actual Rows": 1,"Actual Loops": 1,"Inner Unique": true,"Merge Cond": "(supplier.s_suppkey = revenue0.supplier_no)","Plans": [{"Node Type": "Aggregate","Strategy": "Plain","Partial Mode": "Simple","Parent Relationship": "InitPlan","Subplan Name": "InitPlan 1 (returns $0)","Parallel Aware": false,"Async Capable": false,"Startup Cost": 124208.26,"Total Cost": 124208.27,"Plan Rows": 1,"Plan Width": 32,"Actual Startup Time": 821.670,"Actual Total Time": 821.683,"Actual Rows": 1,"Actual Loops": 1,"Plans": [{"Node Type": "Aggregate","Strategy": "Hashed","Partial Mode": "Simple","Parent Relationship": "Outer","Parallel Aware": false,"Async Capable": false,"Startup Cost": 123958.09,"Total Cost": 124083.18,"Plan Rows": 10007,"Plan Width": 36,"Actual Startup Time": 815.842,"Actual Total Time": 821.087,"Actual Rows": 10000,"Actual Loops": 1,"Group Key": ["lineitem_1.l_suppkey"],"Planned Partitions": 0,"HashAgg Batches": 1,"Peak Memory Usage": 4497,"Disk Usage": 0,"Plans": [{"Node Type": "Bitmap Heap Scan","Parent Relationship": "Outer","Parallel Aware": false,"Async Capable": false,"Relation Name": "lineitem","Alias": "lineitem_1","Startup Cost": 5759.48,"Total Cost": 121715.12,"Plan Rows": 224297,"Plan Width": 16,"Actual Startup Time": 50.117,"Actual Total Time": 672.213,"Actual Rows": 227014,"Actual Loops": 1,"Recheck Cond": "((l_shipdate >= '1997-04-01'::date) AND (l_shipdate < '1997-07-01 00:00:00'::timestamp without time zone))","Rows Removed by Index Recheck": 0,"Exact Heap Blocks": 66860,"Lossy Heap Blocks": 0,"Plans": [{"Node Type": "Bitmap Index Scan","Parent Relationship": "Outer","Parallel Aware": false,"Async Capable": false,"Index Name": "idx_lineitem_shipdate","Startup Cost": 0.00,"Total Cost": 5703.40,"Plan Rows": 224297,"Plan Width": 0,"Actual Startup Time": 36.622,"Actual Total Time": 36.629,"Actual Rows": 227014,"Actual Loops": 1,"Index Cond": "((l_shipdate >= '1997-04-01'::date) AND (l_shipdate < '1997-07-01 00:00:00'::timestamp without time zone))"}]}]}]},{"Node Type": "Index Scan","Parent Relationship": "Outer","Parallel Aware": false,"Async Capable": false,"Scan Direction": "Forward","Index Name": "supplier_pkey","Relation Name": "supplier","Alias": "supplier","Startup Cost": 0.29,"Total Cost": 495.43,"Plan Rows": 10000,"Plan Width": 71,"Actual Startup Time": 0.097,"Actual Total Time": 9.942,"Actual Rows": 5930,"Actual Loops": 1},{"Node Type": "Sort","Parent Relationship": "Inner","Parallel Aware": false,"Async Capable": false,"Startup Cost": 124110.11,"Total Cost": 124110.23,"Plan Rows": 50,"Plan Width": 36,"Actual Startup Time": 1900.329,"Actual Total Time": 1900.348,"Actual Rows": 1,"Actual Loops": 1,"Sort Key": ["revenue0.supplier_no"],"Sort Method": "quicksort","Sort Space Used": 25,"Sort Space Type": "Memory","Plans": [{"Node Type": "Subquery Scan","Parent Relationship": "Outer","Parallel Aware": false,"Async Capable": false,"Alias": "revenue0","Startup Cost": 123958.09,"Total Cost": 124108.69,"Plan Rows": 50,"Plan Width": 36,"Actual Startup Time": 1881.723,"Actual Total Time": 1900.298,"Actual Rows": 1,"Actual Loops": 1,"Plans": [{"Node Type": "Aggregate","Strategy": "Hashed","Partial Mode": "Simple","Parent Relationship": "Subquery","Parallel Aware": false,"Async Capable": false,"Startup Cost": 123958.09,"Total Cost": 124108.19,"Plan Rows": 50,"Plan Width": 36,"Actual Startup Time": 1881.719,"Actual Total Time": 1900.288,"Actual Rows": 1,"Actual Loops": 1,"Group Key": ["lineitem.l_suppkey"],"Filter": "(sum((lineitem.l_extendedprice * ('1'::numeric - lineitem.l_discount))) = $0)","Planned Partitions": 0,"HashAgg Batches": 1,"Peak Memory Usage": 4497,"Disk Usage": 0,"Rows Removed by Filter": 9999,"Plans": [{"Node Type": "Bitmap Heap Scan","Parent Relationship": "Outer","Parallel Aware": false,"Async Capable": false,"Relation Name": "lineitem","Alias": "lineitem","Startup Cost": 5759.48,"Total Cost": 121715.12,"Plan Rows": 224297,"Plan Width": 16,"Actual Startup Time": 48.813,"Actual Total Time": 884.760,"Actual Rows": 227014,"Actual Loops": 1,"Recheck Cond": "((l_shipdate >= '1997-04-01'::date) AND (l_shipdate < '1997-07-01 00:00:00'::timestamp without time zone))","Rows Removed by Index Recheck": 0,"Exact Heap Blocks": 66860,"Lossy Heap Blocks": 0,"Plans": [{"Node Type": "Bitmap Index Scan","Parent Relationship": "Outer","Parallel Aware": false,"Async Capable": false,"Index Name": "idx_lineitem_shipdate","Startup Cost": 0.00,"Total Cost": 5703.40,"Plan Rows": 224297,"Plan Width": 0,"Actual Startup Time": 35.388,"Actual Total Time": 35.392,"Actual Rows": 227014,"Actual Loops": 1,"Index Cond": "((l_shipdate >= '1997-04-01'::date) AND (l_shipdate < '1997-07-01 00:00:00'::timestamp without time zone))"}]}]}]}]}]},"Planning Time": 4.444,"Triggers": [],"Execution Time": 1913.029}]
[{"Plan": {"Node Type": "Merge Join","Parallel Aware": false,"Async Capable": false,"Join Type": "Inner","Startup Cost": 248749.22,"Total Cost": 249270.12,"Plan Rows": 50,"Plan Width": 103,"Actual Startup Time": 1931.389,"Actual Total Time": 1931.417,"Actual Rows": 1,"Actual Loops": 1,"Inner Unique": true,"Merge Cond": "(supplier.s_suppkey = revenue0.supplier_no)","Plans": [{"Node Type": "Aggregate","Strategy": "Plain","Partial Mode": "Simple","Parent Relationship": "InitPlan","Subplan Name": "InitPlan 1 (returns $0)","Parallel Aware": false,"Async Capable": false,"Startup Cost": 124423.54,"Total Cost": 124423.55,"Plan Rows": 1,"Plan Width": 32,"Actual Startup Time": 829.182,"Actual Total Time": 829.192,"Actual Rows": 1,"Actual Loops": 1,"Plans": [{"Node Type": "Aggregate","Strategy": "Hashed","Partial Mode": "Simple","Parent Relationship": "Outer","Parallel Aware": false,"Async Capable": false,"Startup Cost": 124173.37,"Total Cost": 124298.46,"Plan Rows": 10007,"Plan Width": 36,"Actual Startup Time": 816.902,"Actual Total Time": 828.607,"Actual Rows": 10000,"Actual Loops": 1,"Group Key": ["lineitem_1.l_suppkey"],"Planned Partitions": 0,"HashAgg Batches": 1,"Peak Memory Usage": 4497,"Disk Usage": 0,"Plans": [{"Node Type": "Bitmap Heap Scan","Parent Relationship": "Outer","Parallel Aware": false,"Async Capable": false,"Relation Name": "lineitem","Alias": "lineitem_1","Startup Cost": 5912.97,"Total Cost": 121870.41,"Plan Rows": 230296,"Plan Width": 16,"Actual Startup Time": 50.257,"Actual Total Time": 644.900,"Actual Rows": 230072,"Actual Loops": 1,"Recheck Cond": "((l_shipdate >= '1995-10-01'::date) AND (l_shipdate < '1996-01-01 00:00:00'::timestamp without time zone))","Rows Removed by Index Recheck": 0,"Exact Heap Blocks": 67245,"Lossy Heap Blocks": 0,"Plans": [{"Node Type": "Bitmap Index Scan","Parent Relationship": "Outer","Parallel Aware": false,"Async Capable": false,"Index Name": "idx_lineitem_shipdate","Startup Cost": 0.00,"Total Cost": 5855.39,"Plan Rows": 230296,"Plan Width": 0,"Actual Startup Time": 36.768,"Actual Total Time": 36.770,"Actual Rows": 230072,"Actual Loops": 1,"Index Cond": "((l_shipdate >= '1995-10-01'::date) AND (l_shipdate < '1996-01-01 00:00:00'::timestamp without time zone))"}]}]}]},{"Node Type": "Index Scan","Parent Relationship": "Outer","Parallel Aware": false,"Async Capable": false,"Scan Direction": "Forward","Index Name": "supplier_pkey","Relation Name": "supplier","Alias": "supplier","Startup Cost": 0.29,"Total Cost": 495.43,"Plan Rows": 10000,"Plan Width": 71,"Actual Startup Time": 0.086,"Actual Total Time": 4.053,"Actual Rows": 2388,"Actual Loops": 1},{"Node Type": "Sort","Parent Relationship": "Inner","Parallel Aware": false,"Async Capable": false,"Startup Cost": 124325.38,"Total Cost": 124325.51,"Plan Rows": 50,"Plan Width": 36,"Actual Startup Time": 1927.160,"Actual Total Time": 1927.170,"Actual Rows": 1,"Actual Loops": 1,"Sort Key": ["revenue0.supplier_no"],"Sort Method": "quicksort","Sort Space Used": 25,"Sort Space Type": "Memory","Plans": [{"Node Type": "Subquery Scan","Parent Relationship": "Outer","Parallel Aware": false,"Async Capable": false,"Alias": "revenue0","Startup Cost": 124173.37,"Total Cost": 124323.97,"Plan Rows": 50,"Plan Width": 36,"Actual Startup Time": 1921.461,"Actual Total Time": 1927.124,"Actual Rows": 1,"Actual Loops": 1,"Plans": [{"Node Type": "Aggregate","Strategy": "Hashed","Partial Mode": "Simple","Parent Relationship": "Subquery","Parallel Aware": false,"Async Capable": false,"Startup Cost": 124173.37,"Total Cost": 124323.47,"Plan Rows": 50,"Plan Width": 36,"Actual Startup Time": 1921.452,"Actual Total Time": 1927.108,"Actual Rows": 1,"Actual Loops": 1,"Group Key": ["lineitem.l_suppkey"],"Filter": "(sum((lineitem.l_extendedprice * ('1'::numeric - lineitem.l_discount))) = $0)","Planned Partitions": 0,"HashAgg Batches": 1,"Peak Memory Usage": 4497,"Disk Usage": 0,"Rows Removed by Filter": 9999,"Plans": [{"Node Type": "Bitmap Heap Scan","Parent Relationship": "Outer","Parallel Aware": false,"Async Capable": false,"Relation Name": "lineitem","Alias": "lineitem","Startup Cost": 5912.97,"Total Cost": 121870.41,"Plan Rows": 230296,"Plan Width": 16,"Actual Startup Time": 50.046,"Actual Total Time": 890.624,"Actual Rows": 230072,"Actual Loops": 1,"Recheck Cond": "((l_shipdate >= '1995-10-01'::date) AND (l_shipdate < '1996-01-01 00:00:00'::timestamp without time zone))","Rows Removed by Index Recheck": 0,"Exact Heap Blocks": 67245,"Lossy Heap Blocks": 0,"Plans": [{"Node Type": "Bitmap Index Scan","Parent Relationship": "Outer","Parallel Aware": false,"Async Capable": false,"Index Name": "idx_lineitem_shipdate","Startup Cost": 0.00,"Total Cost": 5855.39,"Plan Rows": 230296,"Plan Width": 0,"Actual Startup Time": 36.694,"Actual Total Time": 36.694,"Actual Rows": 230072,"Actual Loops": 1,"Index Cond": "((l_shipdate >= '1995-10-01'::date) AND (l_shipdate < '1996-01-01 00:00:00'::timestamp without time zone))"}]}]}]}]}]},"Planning Time": 4.561,"Triggers": [],"Execution Time": 1934.601}]
[{"Plan": {"Node Type": "Merge Join","Parallel Aware": false,"Async Capable": false,"Join Type": "Inner","Startup Cost": 248589.82,"Total Cost": 249110.72,"Plan Rows": 50,"Plan Width": 103,"Actual Startup Time": 1987.373,"Actual Total Time": 1987.432,"Actual Rows": 1,"Actual Loops": 1,"Inner Unique": true,"Merge Cond": "(supplier.s_suppkey = revenue0.supplier_no)","Plans": [{"Node Type": "Aggregate","Strategy": "Plain","Partial Mode": "Simple","Parent Relationship": "InitPlan","Subplan Name": "InitPlan 1 (returns $0)","Parallel Aware": false,"Async Capable": false,"Startup Cost": 124343.84,"Total Cost": 124343.85,"Plan Rows": 1,"Plan Width": 32,"Actual Startup Time": 910.258,"Actual Total Time": 910.282,"Actual Rows": 1,"Actual Loops": 1,"Plans": [{"Node Type": "Aggregate","Strategy": "Hashed","Partial Mode": "Simple","Parent Relationship": "Outer","Parallel Aware": false,"Async Capable": false,"Startup Cost": 124093.67,"Total Cost": 124218.76,"Plan Rows": 10007,"Plan Width": 36,"Actual Startup Time": 902.249,"Actual Total Time": 909.620,"Actual Rows": 10000,"Actual Loops": 1,"Group Key": ["lineitem_1.l_suppkey"],"Planned Partitions": 0,"HashAgg Batches": 1,"Peak Memory Usage": 4497,"Disk Usage": 0,"Plans": [{"Node Type": "Bitmap Heap Scan","Parent Relationship": "Outer","Parallel Aware": false,"Async Capable": false,"Relation Name": "lineitem","Alias": "lineitem_1","Startup Cost": 5872.77,"Total Cost": 121806.51,"Plan Rows": 228716,"Plan Width": 16,"Actual Startup Time": 52.917,"Actual Total Time": 689.706,"Actual Rows": 226297,"Actual Loops": 1,"Recheck Cond": "((l_shipdate >= '1997-09-01'::date) AND (l_shipdate < '1997-12-01 00:00:00'::timestamp without time zone))","Rows Removed by Index Recheck": 0,"Exact Heap Blocks": 66850,"Lossy Heap Blocks": 0,"Plans": [{"Node Type": "Bitmap Index Scan","Parent Relationship": "Outer","Parallel Aware": false,"Async Capable": false,"Index Name": "idx_lineitem_shipdate","Startup Cost": 0.00,"Total Cost": 5815.59,"Plan Rows": 228716,"Plan Width": 0,"Actual Startup Time": 39.420,"Actual Total Time": 39.436,"Actual Rows": 226297,"Actual Loops": 1,"Index Cond": "((l_shipdate >= '1997-09-01'::date) AND (l_shipdate < '1997-12-01 00:00:00'::timestamp without time zone))"}]}]}]},{"Node Type": "Index Scan","Parent Relationship": "Outer","Parallel Aware": false,"Async Capable": false,"Scan Direction": "Forward","Index Name": "supplier_pkey","Relation Name": "supplier","Alias": "supplier","Startup Cost": 0.29,"Total Cost": 495.43,"Plan Rows": 10000,"Plan Width": 71,"Actual Startup Time": 0.106,"Actual Total Time": 8.664,"Actual Rows": 5353,"Actual Loops": 1},{"Node Type": "Sort","Parent Relationship": "Inner","Parallel Aware": false,"Async Capable": false,"Startup Cost": 124245.69,"Total Cost": 124245.81,"Plan Rows": 50,"Plan Width": 36,"Actual Startup Time": 1978.350,"Actual Total Time": 1978.371,"Actual Rows": 1,"Actual Loops": 1,"Sort Key": ["revenue0.supplier_no"],"Sort Method": "quicksort","Sort Space Used": 25,"Sort Space Type": "Memory","Plans": [{"Node Type": "Subquery Scan","Parent Relationship": "Outer","Parallel Aware": false,"Async Capable": false,"Alias": "revenue0","Startup Cost": 124093.67,"Total Cost": 124244.27,"Plan Rows": 50,"Plan Width": 36,"Actual Startup Time": 1964.852,"Actual Total Time": 1978.305,"Actual Rows": 1,"Actual Loops": 1,"Plans": [{"Node Type": "Aggregate","Strategy": "Hashed","Partial Mode": "Simple","Parent Relationship": "Subquery","Parallel Aware": false,"Async Capable": false,"Startup Cost": 124093.67,"Total Cost": 124243.77,"Plan Rows": 50,"Plan Width": 36,"Actual Startup Time": 1964.839,"Actual Total Time": 1978.262,"Actual Rows": 1,"Actual Loops": 1,"Group Key": ["lineitem.l_suppkey"],"Filter": "(sum((lineitem.l_extendedprice * ('1'::numeric - lineitem.l_discount))) = $0)","Planned Partitions": 0,"HashAgg Batches": 1,"Peak Memory Usage": 4497,"Disk Usage": 0,"Rows Removed by Filter": 9999,"Plans": [{"Node Type": "Bitmap Heap Scan","Parent Relationship": "Outer","Parallel Aware": false,"Async Capable": false,"Relation Name": "lineitem","Alias": "lineitem","Startup Cost": 5872.77,"Total Cost": 121806.51,"Plan Rows": 228716,"Plan Width": 16,"Actual Startup Time": 51.286,"Actual Total Time": 878.790,"Actual Rows": 226297,"Actual Loops": 1,"Recheck Cond": "((l_shipdate >= '1997-09-01'::date) AND (l_shipdate < '1997-12-01 00:00:00'::timestamp without time zone))","Rows Removed by Index Recheck": 0,"Exact Heap Blocks": 66850,"Lossy Heap Blocks": 0,"Plans": [{"Node Type": "Bitmap Index Scan","Parent Relationship": "Outer","Parallel Aware": false,"Async Capable": false,"Index Name": "idx_lineitem_shipdate","Startup Cost": 0.00,"Total Cost": 5815.59,"Plan Rows": 228716,"Plan Width": 0,"Actual Startup Time": 37.772,"Actual Total Time": 37.772,"Actual Rows": 226297,"Actual Loops": 1,"Index Cond": "((l_shipdate >= '1997-09-01'::date) AND (l_shipdate < '1997-12-01 00:00:00'::timestamp without time zone))"}]}]}]}]}]},"Planning Time": 4.702,"Triggers": [],"Execution Time": 1993.549}]
[{"Plan": {"Node Type": "Merge Join","Parallel Aware": false,"Async Capable": false,"Join Type": "Inner","Startup Cost": 249472.28,"Total Cost": 249993.18,"Plan Rows": 50,"Plan Width": 103,"Actual Startup Time": 1952.751,"Actual Total Time": 1952.805,"Actual Rows": 1,"Actual Loops": 1,"Inner Unique": true,"Merge Cond": "(supplier.s_suppkey = revenue0.supplier_no)","Plans": [{"Node Type": "Aggregate","Strategy": "Plain","Partial Mode": "Simple","Parent Relationship": "InitPlan","Subplan Name": "InitPlan 1 (returns $0)","Parallel Aware": false,"Async Capable": false,"Startup Cost": 124785.07,"Total Cost": 124785.08,"Plan Rows": 1,"Plan Width": 32,"Actual Startup Time": 847.271,"Actual Total Time": 847.290,"Actual Rows": 1,"Actual Loops": 1,"Plans": [{"Node Type": "Aggregate","Strategy": "Hashed","Partial Mode": "Simple","Parent Relationship": "Outer","Parallel Aware": false,"Async Capable": false,"Startup Cost": 124534.90,"Total Cost": 124659.99,"Plan Rows": 10007,"Plan Width": 36,"Actual Startup Time": 836.378,"Actual Total Time": 846.694,"Actual Rows": 10000,"Actual Loops": 1,"Group Key": ["lineitem_1.l_suppkey"],"Planned Partitions": 0,"HashAgg Batches": 1,"Peak Memory Usage": 4497,"Disk Usage": 0,"Plans": [{"Node Type": "Bitmap Heap Scan","Parent Relationship": "Outer","Parallel Aware": false,"Async Capable": false,"Relation Name": "lineitem","Alias": "lineitem_1","Startup Cost": 6097.53,"Total Cost": 122161.15,"Plan Rows": 237375,"Plan Width": 16,"Actual Startup Time": 58.987,"Actual Total Time": 672.968,"Actual Rows": 228539,"Actual Loops": 1,"Recheck Cond": "((l_shipdate >= '1993-06-01'::date) AND (l_shipdate < '1993-09-01 00:00:00'::timestamp without time zone))","Rows Removed by Index Recheck": 0,"Exact Heap Blocks": 66999,"Lossy Heap Blocks": 0,"Plans": [{"Node Type": "Bitmap Index Scan","Parent Relationship": "Outer","Parallel Aware": false,"Async Capable": false,"Index Name": "idx_lineitem_shipdate","Startup Cost": 0.00,"Total Cost": 6038.18,"Plan Rows": 237375,"Plan Width": 0,"Actual Startup Time": 45.413,"Actual Total Time": 45.423,"Actual Rows": 228539,"Actual Loops": 1,"Index Cond": "((l_shipdate >= '1993-06-01'::date) AND (l_shipdate < '1993-09-01 00:00:00'::timestamp without time zone))"}]}]}]},{"Node Type": "Index Scan","Parent Relationship": "Outer","Parallel Aware": false,"Async Capable": false,"Scan Direction": "Forward","Index Name": "supplier_pkey","Relation Name": "supplier","Alias": "supplier","Startup Cost": 0.29,"Total Cost": 495.43,"Plan Rows": 10000,"Plan Width": 71,"Actual Startup Time": 0.104,"Actual Total Time": 12.098,"Actual Rows": 7980,"Actual Loops": 1},{"Node Type": "Sort","Parent Relationship": "Inner","Parallel Aware": false,"Async Capable": false,"Startup Cost": 124686.92,"Total Cost": 124687.04,"Plan Rows": 50,"Plan Width": 36,"Actual Startup Time": 1940.190,"Actual Total Time": 1940.213,"Actual Rows": 1,"Actual Loops": 1,"Sort Key": ["revenue0.supplier_no"],"Sort Method": "quicksort","Sort Space Used": 25,"Sort Space Type": "Memory","Plans": [{"Node Type": "Subquery Scan","Parent Relationship": "Outer","Parallel Aware": false,"Async Capable": false,"Alias": "revenue0","Startup Cost": 124534.90,"Total Cost": 124685.50,"Plan Rows": 50,"Plan Width": 36,"Actual Startup Time": 1939.057,"Actual Total Time": 1940.171,"Actual Rows": 1,"Actual Loops": 1,"Plans": [{"Node Type": "Aggregate","Strategy": "Hashed","Partial Mode": "Simple","Parent Relationship": "Subquery","Parallel Aware": false,"Async Capable": false,"Startup Cost": 124534.90,"Total Cost": 124685.00,"Plan Rows": 50,"Plan Width": 36,"Actual Startup Time": 1939.051,"Actual Total Time": 1940.160,"Actual Rows": 1,"Actual Loops": 1,"Group Key": ["lineitem.l_suppkey"],"Filter": "(sum((lineitem.l_extendedprice * ('1'::numeric - lineitem.l_discount))) = $0)","Planned Partitions": 0,"HashAgg Batches": 1,"Peak Memory Usage": 4497,"Disk Usage": 0,"Rows Removed by Filter": 9999,"Plans": [{"Node Type": "Bitmap Heap Scan","Parent Relationship": "Outer","Parallel Aware": false,"Async Capable": false,"Relation Name": "lineitem","Alias": "lineitem","Startup Cost": 6097.53,"Total Cost": 122161.15,"Plan Rows": 237375,"Plan Width": 16,"Actual Startup Time": 58.682,"Actual Total Time": 894.513,"Actual Rows": 228539,"Actual Loops": 1,"Recheck Cond": "((l_shipdate >= '1993-06-01'::date) AND (l_shipdate < '1993-09-01 00:00:00'::timestamp without time zone))","Rows Removed by Index Recheck": 0,"Exact Heap Blocks": 66999,"Lossy Heap Blocks": 0,"Plans": [{"Node Type": "Bitmap Index Scan","Parent Relationship": "Outer","Parallel Aware": false,"Async Capable": false,"Index Name": "idx_lineitem_shipdate","Startup Cost": 0.00,"Total Cost": 6038.18,"Plan Rows": 237375,"Plan Width": 0,"Actual Startup Time": 45.375,"Actual Total Time": 45.379,"Actual Rows": 228539,"Actual Loops": 1,"Index Cond": "((l_shipdate >= '1993-06-01'::date) AND (l_shipdate < '1993-09-01 00:00:00'::timestamp without time zone))"}]}]}]}]}]},"Planning Time": 5.432,"Triggers": [],"Execution Time": 1956.101}]
[{"Plan": {"Node Type": "Merge Join","Parallel Aware": false,"Async Capable": false,"Join Type": "Inner","Startup Cost": 248318.66,"Total Cost": 248839.56,"Plan Rows": 50,"Plan Width": 103,"Actual Startup Time": 1910.643,"Actual Total Time": 1910.686,"Actual Rows": 1,"Actual Loops": 1,"Inner Unique": true,"Merge Cond": "(supplier.s_suppkey = revenue0.supplier_no)","Plans": [{"Node Type": "Aggregate","Strategy": "Plain","Partial Mode": "Simple","Parent Relationship": "InitPlan","Subplan Name": "InitPlan 1 (returns $0)","Parallel Aware": false,"Async Capable": false,"Startup Cost": 124208.26,"Total Cost": 124208.27,"Plan Rows": 1,"Plan Width": 32,"Actual Startup Time": 821.670,"Actual Total Time": 821.683,"Actual Rows": 1,"Actual Loops": 1,"Plans": [{"Node Type": "Aggregate","Strategy": "Hashed","Partial Mode": "Simple","Parent Relationship": "Outer","Parallel Aware": false,"Async Capable": false,"Startup Cost": 123958.09,"Total Cost": 124083.18,"Plan Rows": 10007,"Plan Width": 36,"Actual Startup Time": 815.842,"Actual Total Time": 821.087,"Actual Rows": 10000,"Actual Loops": 1,"Group Key": ["lineitem_1.l_suppkey"],"Planned Partitions": 0,"HashAgg Batches": 1,"Peak Memory Usage": 4497,"Disk Usage": 0,"Plans": [{"Node Type": "Bitmap Heap Scan","Parent Relationship": "Outer","Parallel Aware": false,"Async Capable": false,"Relation Name": "lineitem","Alias": "lineitem_1","Startup Cost": 5759.48,"Total Cost": 121715.12,"Plan Rows": 224297,"Plan Width": 16,"Actual Startup Time": 50.117,"Actual Total Time": 672.213,"Actual Rows": 227014,"Actual Loops": 1,"Recheck Cond": "((l_shipdate >= '1997-04-01'::date) AND (l_shipdate < '1997-07-01 00:00:00'::timestamp without time zone))","Rows Removed by Index Recheck": 0,"Exact Heap Blocks": 66860,"Lossy Heap Blocks": 0,"Plans": [{"Node Type": "Bitmap Index Scan","Parent Relationship": "Outer","Parallel Aware": false,"Async Capable": false,"Index Name": "idx_lineitem_shipdate","Startup Cost": 0.00,"Total Cost": 5703.40,"Plan Rows": 224297,"Plan Width": 0,"Actual Startup Time": 36.622,"Actual Total Time": 36.629,"Actual Rows": 227014,"Actual Loops": 1,"Index Cond": "((l_shipdate >= '1997-04-01'::date) AND (l_shipdate < '1997-07-01 00:00:00'::timestamp without time zone))"}]}]}]},{"Node Type": "Index Scan","Parent Relationship": "Outer","Parallel Aware": false,"Async Capable": false,"Scan Direction": "Forward","Index Name": "supplier_pkey","Relation Name": "supplier","Alias": "supplier","Startup Cost": 0.29,"Total Cost": 495.43,"Plan Rows": 10000,"Plan Width": 71,"Actual Startup Time": 0.097,"Actual Total Time": 9.942,"Actual Rows": 5930,"Actual Loops": 1},{"Node Type": "Sort","Parent Relationship": "Inner","Parallel Aware": false,"Async Capable": false,"Startup Cost": 124110.11,"Total Cost": 124110.23,"Plan Rows": 50,"Plan Width": 36,"Actual Startup Time": 1900.329,"Actual Total Time": 1900.348,"Actual Rows": 1,"Actual Loops": 1,"Sort Key": ["revenue0.supplier_no"],"Sort Method": "quicksort","Sort Space Used": 25,"Sort Space Type": "Memory","Plans": [{"Node Type": "Subquery Scan","Parent Relationship": "Outer","Parallel Aware": false,"Async Capable": false,"Alias": "revenue0","Startup Cost": 123958.09,"Total Cost": 124108.69,"Plan Rows": 50,"Plan Width": 36,"Actual Startup Time": 1881.723,"Actual Total Time": 1900.298,"Actual Rows": 1,"Actual Loops": 1,"Plans": [{"Node Type": "Aggregate","Strategy": "Hashed","Partial Mode": "Simple","Parent Relationship": "Subquery","Parallel Aware": false,"Async Capable": false,"Startup Cost": 123958.09,"Total Cost": 124108.19,"Plan Rows": 50,"Plan Width": 36,"Actual Startup Time": 1881.719,"Actual Total Time": 1900.288,"Actual Rows": 1,"Actual Loops": 1,"Group Key": ["lineitem.l_suppkey"],"Filter": "(sum((lineitem.l_extendedprice * ('1'::numeric - lineitem.l_discount))) = $0)","Planned Partitions": 0,"HashAgg Batches": 1,"Peak Memory Usage": 4497,"Disk Usage": 0,"Rows Removed by Filter": 9999,"Plans": [{"Node Type": "Bitmap Heap Scan","Parent Relationship": "Outer","Parallel Aware": false,"Async Capable": false,"Relation Name": "lineitem","Alias": "lineitem","Startup Cost": 5759.48,"Total Cost": 121715.12,"Plan Rows": 224297,"Plan Width": 16,"Actual Startup Time": 48.813,"Actual Total Time": 884.760,"Actual Rows": 227014,"Actual Loops": 1,"Recheck Cond": "((l_shipdate >= '1997-04-01'::date) AND (l_shipdate < '1997-07-01 00:00:00'::timestamp without time zone))","Rows Removed by Index Recheck": 0,"Exact Heap Blocks": 66860,"Lossy Heap Blocks": 0,"Plans": [{"Node Type": "Bitmap Index Scan","Parent Relationship": "Outer","Parallel Aware": false,"Async Capable": false,"Index Name": "idx_lineitem_shipdate","Startup Cost": 0.00,"Total Cost": 5703.40,"Plan Rows": 224297,"Plan Width": 0,"Actual Startup Time": 35.388,"Actual Total Time": 35.392,"Actual Rows": 227014,"Actual Loops": 1,"Index Cond": "((l_shipdate >= '1997-04-01'::date) AND (l_shipdate < '1997-07-01 00:00:00'::timestamp without time zone))"}]}]}]}]}]},"Planning Time": 4.444,"Triggers": [],"Execution Time": 1913.029}]
[{"Plan": {"Node Type": "Merge Join","Parallel Aware": false,"Async Capable": false,"Join Type": "Inner","Startup Cost": 249146.21,"Total Cost": 249667.11,"Plan Rows": 50,"Plan Width": 103,"Actual Startup Time": 2028.234,"Actual Total Time": 2028.282,"Actual Rows": 1,"Actual Loops": 1,"Inner Unique": true,"Merge Cond": "(supplier.s_suppkey = revenue0.supplier_no)","Plans": [{"Node Type": "Aggregate","Strategy": "Plain","Partial Mode": "Simple","Parent Relationship": "InitPlan","Subplan Name": "InitPlan 1 (returns $0)","Parallel Aware": false,"Async Capable": false,"Startup Cost": 124622.04,"Total Cost": 124622.05,"Plan Rows": 1,"Plan Width": 32,"Actual Startup Time": 930.480,"Actual Total Time": 930.506,"Actual Rows": 1,"Actual Loops": 1,"Plans": [{"Node Type": "Aggregate","Strategy": "Hashed","Partial Mode": "Simple","Parent Relationship": "Outer","Parallel Aware": false,"Async Capable": false,"Startup Cost": 124371.86,"Total Cost": 124496.95,"Plan Rows": 10007,"Plan Width": 36,"Actual Startup Time": 921.451,"Actual Total Time": 929.857,"Actual Rows": 10000,"Actual Loops": 1,"Group Key": ["lineitem_1.l_suppkey"],"Planned Partitions": 0,"HashAgg Batches": 1,"Peak Memory Usage": 4497,"Disk Usage": 0,"Plans": [{"Node Type": "Bitmap Heap Scan","Parent Relationship": "Outer","Parallel Aware": false,"Async Capable": false,"Relation Name": "lineitem","Alias": "lineitem_1","Startup Cost": 6013.24,"Total Cost": 122029.61,"Plan Rows": 234225,"Plan Width": 16,"Actual Startup Time": 55.960,"Actual Total Time": 717.488,"Actual Rows": 231352,"Actual Loops": 1,"Recheck Cond": "((l_shipdate >= '1996-10-01'::date) AND (l_shipdate < '1997-01-01 00:00:00'::timestamp without time zone))","Rows Removed by Index Recheck": 0,"Exact Heap Blocks": 67396,"Lossy Heap Blocks": 0,"Plans": [{"Node Type": "Bitmap Index Scan","Parent Relationship": "Outer","Parallel Aware": false,"Async Capable": false,"Index Name": "idx_lineitem_shipdate","Startup Cost": 0.00,"Total Cost": 5954.68,"Plan Rows": 234225,"Plan Width": 0,"Actual Startup Time": 42.612,"Actual Total Time": 42.627,"Actual Rows": 231352,"Actual Loops": 1,"Index Cond": "((l_shipdate >= '1996-10-01'::date) AND (l_shipdate < '1997-01-01 00:00:00'::timestamp without time zone))"}]}]}]},{"Node Type": "Index Scan","Parent Relationship": "Outer","Parallel Aware": false,"Async Capable": false,"Scan Direction": "Forward","Index Name": "supplier_pkey","Relation Name": "supplier","Alias": "supplier","Startup Cost": 0.29,"Total Cost": 495.43,"Plan Rows": 10000,"Plan Width": 71,"Actual Startup Time": 0.137,"Actual Total Time": 5.844,"Actual Rows": 3442,"Actual Loops": 1},{"Node Type": "Sort","Parent Relationship": "Inner","Parallel Aware": false,"Async Capable": false,"Startup Cost": 124523.88,"Total Cost": 124524.01,"Plan Rows": 50,"Plan Width": 36,"Actual Startup Time": 2022.134,"Actual Total Time": 2022.146,"Actual Rows": 1,"Actual Loops": 1,"Sort Key": ["revenue0.supplier_no"],"Sort Method": "quicksort","Sort Space Used": 25,"Sort Space Type": "Memory","Plans": [{"Node Type": "Subquery Scan","Parent Relationship": "Outer","Parallel Aware": false,"Async Capable": false,"Alias": "revenue0","Startup Cost": 124371.86,"Total Cost": 124522.47,"Plan Rows": 50,"Plan Width": 36,"Actual Startup Time": 2010.890,"Actual Total Time": 2022.087,"Actual Rows": 1,"Actual Loops": 1,"Plans": [{"Node Type": "Aggregate","Strategy": "Hashed","Partial Mode": "Simple","Parent Relationship": "Subquery","Parallel Aware": false,"Async Capable": false,"Startup Cost": 124371.86,"Total Cost": 124521.97,"Plan Rows": 50,"Plan Width": 36,"Actual Startup Time": 2010.873,"Actual Total Time": 2022.049,"Actual Rows": 1,"Actual Loops": 1,"Group Key": ["lineitem.l_suppkey"],"Filter": "(sum((lineitem.l_extendedprice * ('1'::numeric - lineitem.l_discount))) = $0)","Planned Partitions": 0,"HashAgg Batches": 1,"Peak Memory Usage": 4497,"Disk Usage": 0,"Rows Removed by Filter": 9999,"Plans": [{"Node Type": "Bitmap Heap Scan","Parent Relationship": "Outer","Parallel Aware": false,"Async Capable": false,"Relation Name": "lineitem","Alias": "lineitem","Startup Cost": 6013.24,"Total Cost": 122029.61,"Plan Rows": 234225,"Plan Width": 16,"Actual Startup Time": 57.882,"Actual Total Time": 902.129,"Actual Rows": 231352,"Actual Loops": 1,"Recheck Cond": "((l_shipdate >= '1996-10-01'::date) AND (l_shipdate < '1997-01-01 00:00:00'::timestamp without time zone))","Rows Removed by Index Recheck": 0,"Exact Heap Blocks": 67396,"Lossy Heap Blocks": 0,"Plans": [{"Node Type": "Bitmap Index Scan","Parent Relationship": "Outer","Parallel Aware": false,"Async Capable": false,"Index Name": "idx_lineitem_shipdate","Startup Cost": 0.00,"Total Cost": 5954.68,"Plan Rows": 234225,"Plan Width": 0,"Actual Startup Time": 44.484,"Actual Total Time": 44.484,"Actual Rows": 231352,"Actual Loops": 1,"Index Cond": "((l_shipdate >= '1996-10-01'::date) AND (l_shipdate < '1997-01-01 00:00:00'::timestamp without time zone))"}]}]}]}]}]},"Planning Time": 5.220,"Triggers": [],"Execution Time": 2034.122}]
[{"Plan": {"Node Type": "Merge Join","Parallel Aware": false,"Async Capable": false,"Join Type": "Inner","Startup Cost": 250575.74,"Total Cost": 251096.64,"Plan Rows": 50,"Plan Width": 103,"Actual Startup Time": 1927.149,"Actual Total Time": 1927.196,"Actual Rows": 1,"Actual Loops": 1,"Inner Unique": true,"Merge Cond": "(supplier.s_suppkey = revenue0.supplier_no)","Plans": [{"Node Type": "Aggregate","Strategy": "Plain","Partial Mode": "Simple","Parent Relationship": "InitPlan","Subplan Name": "InitPlan 1 (returns $0)","Parallel Aware": false,"Async Capable": false,"Startup Cost": 125336.80,"Total Cost": 125336.81,"Plan Rows": 1,"Plan Width": 32,"Actual Startup Time": 839.260,"Actual Total Time": 839.275,"Actual Rows": 1,"Actual Loops": 1,"Plans": [{"Node Type": "Aggregate","Strategy": "Hashed","Partial Mode": "Simple","Parent Relationship": "Outer","Parallel Aware": false,"Async Capable": false,"Startup Cost": 125086.63,"Total Cost": 125211.72,"Plan Rows": 10007,"Plan Width": 36,"Actual Startup Time": 831.257,"Actual Total Time": 838.688,"Actual Rows": 10000,"Actual Loops": 1,"Group Key": ["lineitem_1.l_suppkey"],"Planned Partitions": 0,"HashAgg Batches": 1,"Peak Memory Usage": 4497,"Disk Usage": 0,"Plans": [{"Node Type": "Bitmap Heap Scan","Parent Relationship": "Outer","Parallel Aware": false,"Async Capable": false,"Relation Name": "lineitem","Alias": "lineitem_1","Startup Cost": 6377.11,"Total Cost": 122604.02,"Plan Rows": 248261,"Plan Width": 16,"Actual Startup Time": 50.230,"Actual Total Time": 663.119,"Actual Rows": 225253,"Actual Loops": 1,"Recheck Cond": "((l_shipdate >= '1995-01-01'::date) AND (l_shipdate < '1995-04-01 00:00:00'::timestamp without time zone))","Rows Removed by Index Recheck": 0,"Exact Heap Blocks": 66731,"Lossy Heap Blocks": 0,"Plans": [{"Node Type": "Bitmap Index Scan","Parent Relationship": "Outer","Parallel Aware": false,"Async Capable": false,"Index Name": "idx_lineitem_shipdate","Startup Cost": 0.00,"Total Cost": 6315.04,"Plan Rows": 248261,"Plan Width": 0,"Actual Startup Time": 36.910,"Actual Total Time": 36.918,"Actual Rows": 225253,"Actual Loops": 1,"Index Cond": "((l_shipdate >= '1995-01-01'::date) AND (l_shipdate < '1995-04-01 00:00:00'::timestamp without time zone))"}]}]}]},{"Node Type": "Index Scan","Parent Relationship": "Outer","Parallel Aware": false,"Async Capable": false,"Scan Direction": "Forward","Index Name": "supplier_pkey","Relation Name": "supplier","Alias": "supplier","Startup Cost": 0.29,"Total Cost": 495.43,"Plan Rows": 10000,"Plan Width": 71,"Actual Startup Time": 0.115,"Actual Total Time": 13.787,"Actual Rows": 9493,"Actual Loops": 1},{"Node Type": "Sort","Parent Relationship": "Inner","Parallel Aware": false,"Async Capable": false,"Startup Cost": 125238.64,"Total Cost": 125238.77,"Plan Rows": 50,"Plan Width": 36,"Actual Startup Time": 1912.779,"Actual Total Time": 1912.800,"Actual Rows": 1,"Actual Loops": 1,"Sort Key": ["revenue0.supplier_no"],"Sort Method": "quicksort","Sort Space Used": 25,"Sort Space Type": "Memory","Plans": [{"Node Type": "Subquery Scan","Parent Relationship": "Outer","Parallel Aware": false,"Async Capable": false,"Alias": "revenue0","Startup Cost": 125086.63,"Total Cost": 125237.23,"Plan Rows": 50,"Plan Width": 36,"Actual Startup Time": 1882.072,"Actual Total Time": 1912.738,"Actual Rows": 1,"Actual Loops": 1,"Plans": [{"Node Type": "Aggregate","Strategy": "Hashed","Partial Mode": "Simple","Parent Relationship": "Subquery","Parallel Aware": false,"Async Capable": false,"Startup Cost": 125086.63,"Total Cost": 125236.73,"Plan Rows": 50,"Plan Width": 36,"Actual Startup Time": 1882.058,"Actual Total Time": 1912.709,"Actual Rows": 1,"Actual Loops": 1,"Group Key": ["lineitem.l_suppkey"],"Filter": "(sum((lineitem.l_extendedprice * ('1'::numeric - lineitem.l_discount))) = $0)","Planned Partitions": 0,"HashAgg Batches": 1,"Peak Memory Usage": 4497,"Disk Usage": 0,"Rows Removed by Filter": 9999,"Plans": [{"Node Type": "Bitmap Heap Scan","Parent Relationship": "Outer","Parallel Aware": false,"Async Capable": false,"Relation Name": "lineitem","Alias": "lineitem","Startup Cost": 6377.11,"Total Cost": 122604.02,"Plan Rows": 248261,"Plan Width": 16,"Actual Startup Time": 50.168,"Actual Total Time": 877.547,"Actual Rows": 225253,"Actual Loops": 1,"Recheck Cond": "((l_shipdate >= '1995-01-01'::date) AND (l_shipdate < '1995-04-01 00:00:00'::timestamp without time zone))","Rows Removed by Index Recheck": 0,"Exact Heap Blocks": 66731,"Lossy Heap Blocks": 0,"Plans": [{"Node Type": "Bitmap Index Scan","Parent Relationship": "Outer","Parallel Aware": false,"Async Capable": false,"Index Name": "idx_lineitem_shipdate","Startup Cost": 0.00,"Total Cost": 6315.04,"Plan Rows": 248261,"Plan Width": 0,"Actual Startup Time": 36.311,"Actual Total Time": 36.314,"Actual Rows": 225253,"Actual Loops": 1,"Index Cond": "((l_shipdate >= '1995-01-01'::date) AND (l_shipdate < '1995-04-01 00:00:00'::timestamp without time zone))"}]}]}]}]}]},"Planning Time": 5.118,"Triggers": [],"Execution Time": 1930.953}]
[{"Plan": {"Node Type": "Merge Join","Parallel Aware": false,"Async Capable": false,"Join Type": "Inner","Startup Cost": 248716.76,"Total Cost": 249237.66,"Plan Rows": 50,"Plan Width": 103,"Actual Startup Time": 1990.692,"Actual Total Time": 1990.747,"Actual Rows": 1,"Actual Loops": 1,"Inner Unique": true,"Merge Cond": "(supplier.s_suppkey = revenue0.supplier_no)","Plans": [{"Node Type": "Aggregate","Strategy": "Plain","Partial Mode": "Simple","Parent Relationship": "InitPlan","Subplan Name": "InitPlan 1 (returns $0)","Parallel Aware": false,"Async Capable": false,"Startup Cost": 124407.31,"Total Cost": 124407.32,"Plan Rows": 1,"Plan Width": 32,"Actual Startup Time": 912.658,"Actual Total Time": 912.682,"Actual Rows": 1,"Actual Loops": 1,"Plans": [{"Node Type": "Aggregate","Strategy": "Hashed","Partial Mode": "Simple","Parent Relationship": "Outer","Parallel Aware": false,"Async Capable": false,"Startup Cost": 124157.14,"Total Cost": 124282.22,"Plan Rows": 10007,"Plan Width": 36,"Actual Startup Time": 906.053,"Actual Total Time": 912.012,"Actual Rows": 10000,"Actual Loops": 1,"Group Key": ["lineitem_1.l_suppkey"],"Planned Partitions": 0,"HashAgg Batches": 1,"Peak Memory Usage": 4497,"Disk Usage": 0,"Plans": [{"Node Type": "Bitmap Heap Scan","Parent Relationship": "Outer","Parallel Aware": false,"Async Capable": false,"Relation Name": "lineitem","Alias": "lineitem_1","Startup Cost": 5905.41,"Total Cost": 121857.64,"Plan Rows": 229949,"Plan Width": 16,"Actual Startup Time": 50.167,"Actual Total Time": 694.084,"Actual Rows": 228979,"Actual Loops": 1,"Recheck Cond": "((l_shipdate >= '1995-04-01'::date) AND (l_shipdate < '1995-07-01 00:00:00'::timestamp without time zone))","Rows Removed by Index Recheck": 0,"Exact Heap Blocks": 67322,"Lossy Heap Blocks": 0,"Plans": [{"Node Type": "Bitmap Index Scan","Parent Relationship": "Outer","Parallel Aware": false,"Async Capable": false,"Index Name": "idx_lineitem_shipdate","Startup Cost": 0.00,"Total Cost": 5847.92,"Plan Rows": 229949,"Plan Width": 0,"Actual Startup Time": 36.579,"Actual Total Time": 36.594,"Actual Rows": 228979,"Actual Loops": 1,"Index Cond": "((l_shipdate >= '1995-04-01'::date) AND (l_shipdate < '1995-07-01 00:00:00'::timestamp without time zone))"}]}]}]},{"Node Type": "Index Scan","Parent Relationship": "Outer","Parallel Aware": false,"Async Capable": false,"Scan Direction": "Forward","Index Name": "supplier_pkey","Relation Name": "supplier","Alias": "supplier","Startup Cost": 0.29,"Total Cost": 495.43,"Plan Rows": 10000,"Plan Width": 71,"Actual Startup Time": 0.097,"Actual Total Time": 1.843,"Actual Rows": 983,"Actual Loops": 1},{"Node Type": "Sort","Parent Relationship": "Inner","Parallel Aware": false,"Async Capable": false,"Startup Cost": 124309.15,"Total Cost": 124309.28,"Plan Rows": 50,"Plan Width": 36,"Actual Startup Time": 1988.729,"Actual Total Time": 1988.742,"Actual Rows": 1,"Actual Loops": 1,"Sort Key": ["revenue0.supplier_no"],"Sort Method": "quicksort","Sort Space Used": 25,"Sort Space Type": "Memory","Plans": [{"Node Type": "Subquery Scan","Parent Relationship": "Outer","Parallel Aware": false,"Async Capable": false,"Alias": "revenue0","Startup Cost": 124157.14,"Total Cost": 124307.74,"Plan Rows": 50,"Plan Width": 36,"Actual Startup Time": 1987.287,"Actual Total Time": 1988.674,"Actual Rows": 1,"Actual Loops": 1,"Plans": [{"Node Type": "Aggregate","Strategy": "Hashed","Partial Mode": "Simple","Parent Relationship": "Subquery","Parallel Aware": false,"Async Capable": false,"Startup Cost": 124157.14,"Total Cost": 124307.24,"Plan Rows": 50,"Plan Width": 36,"Actual Startup Time": 1987.273,"Actual Total Time": 1988.637,"Actual Rows": 1,"Actual Loops": 1,"Group Key": ["lineitem.l_suppkey"],"Filter": "(sum((lineitem.l_extendedprice * ('1'::numeric - lineitem.l_discount))) = $0)","Planned Partitions": 0,"HashAgg Batches": 1,"Peak Memory Usage": 4497,"Disk Usage": 0,"Rows Removed by Filter": 9999,"Plans": [{"Node Type": "Bitmap Heap Scan","Parent Relationship": "Outer","Parallel Aware": false,"Async Capable": false,"Relation Name": "lineitem","Alias": "lineitem","Startup Cost": 5905.41,"Total Cost": 121857.64,"Plan Rows": 229949,"Plan Width": 16,"Actual Startup Time": 50.252,"Actual Total Time": 888.847,"Actual Rows": 228979,"Actual Loops": 1,"Recheck Cond": "((l_shipdate >= '1995-04-01'::date) AND (l_shipdate < '1995-07-01 00:00:00'::timestamp without time zone))","Rows Removed by Index Recheck": 0,"Exact Heap Blocks": 67322,"Lossy Heap Blocks": 0,"Plans": [{"Node Type": "Bitmap Index Scan","Parent Relationship": "Outer","Parallel Aware": false,"Async Capable": false,"Index Name": "idx_lineitem_shipdate","Startup Cost": 0.00,"Total Cost": 5847.92,"Plan Rows": 229949,"Plan Width": 0,"Actual Startup Time": 36.820,"Actual Total Time": 36.820,"Actual Rows": 228979,"Actual Loops": 1,"Index Cond": "((l_shipdate >= '1995-04-01'::date) AND (l_shipdate < '1995-07-01 00:00:00'::timestamp without time zone))"}]}]}]}]}]},"Planning Time": 4.044,"Triggers": [],"Execution Time": 1996.677}]
[{"Plan": {"Node Type": "Merge Join","Parallel Aware": false,"Async Capable": false,"Join Type": "Inner","Startup Cost": 248343.83,"Total Cost": 248864.72,"Plan Rows": 50,"Plan Width": 103,"Actual Startup Time": 1973.395,"Actual Total Time": 1973.462,"Actual Rows": 1,"Actual Loops": 1,"Inner Unique": true,"Merge Cond": "(supplier.s_suppkey = revenue0.supplier_no)","Plans": [{"Node Type": "Aggregate","Strategy": "Plain","Partial Mode": "Simple","Parent Relationship": "InitPlan","Subplan Name": "InitPlan 1 (returns $0)","Parallel Aware": false,"Async Capable": false,"Startup Cost": 124220.85,"Total Cost": 124220.86,"Plan Rows": 1,"Plan Width": 32,"Actual Startup Time": 908.782,"Actual Total Time": 908.807,"Actual Rows": 1,"Actual Loops": 1,"Plans": [{"Node Type": "Aggregate","Strategy": "Hashed","Partial Mode": "Simple","Parent Relationship": "Outer","Parallel Aware": false,"Async Capable": false,"Startup Cost": 123970.67,"Total Cost": 124095.76,"Plan Rows": 10007,"Plan Width": 36,"Actual Startup Time": 900.063,"Actual Total Time": 908.145,"Actual Rows": 10000,"Actual Loops": 1,"Group Key": ["lineitem_1.l_suppkey"],"Planned Partitions": 0,"HashAgg Batches": 1,"Peak Memory Usage": 4497,"Disk Usage": 0,"Plans": [{"Node Type": "Bitmap Heap Scan","Parent Relationship": "Outer","Parallel Aware": false,"Async Capable": false,"Relation Name": "lineitem","Alias": "lineitem_1","Startup Cost": 5811.47,"Total Cost": 121708.19,"Plan Rows": 226248,"Plan Width": 16,"Actual Startup Time": 49.217,"Actual Total Time": 692.336,"Actual Rows": 229039,"Actual Loops": 1,"Recheck Cond": "((l_shipdate >= '1994-06-01'::date) AND (l_shipdate < '1994-09-01 00:00:00'::timestamp without time zone))","Rows Removed by Index Recheck": 0,"Exact Heap Blocks": 67238,"Lossy Heap Blocks": 0,"Plans": [{"Node Type": "Bitmap Index Scan","Parent Relationship": "Outer","Parallel Aware": false,"Async Capable": false,"Index Name": "idx_lineitem_shipdate","Startup Cost": 0.00,"Total Cost": 5754.91,"Plan Rows": 226248,"Plan Width": 0,"Actual Startup Time": 35.633,"Actual Total Time": 35.648,"Actual Rows": 229039,"Actual Loops": 1,"Index Cond": "((l_shipdate >= '1994-06-01'::date) AND (l_shipdate < '1994-09-01 00:00:00'::timestamp without time zone))"}]}]}]},{"Node Type": "Index Scan","Parent Relationship": "Outer","Parallel Aware": false,"Async Capable": false,"Scan Direction": "Forward","Index Name": "supplier_pkey","Relation Name": "supplier","Alias": "supplier","Startup Cost": 0.29,"Total Cost": 495.43,"Plan Rows": 10000,"Plan Width": 71,"Actual Startup Time": 0.121,"Actual Total Time": 12.024,"Actual Rows": 7946,"Actual Loops": 1},{"Node Type": "Sort","Parent Relationship": "Inner","Parallel Aware": false,"Async Capable": false,"Startup Cost": 124122.69,"Total Cost": 124122.81,"Plan Rows": 50,"Plan Width": 36,"Actual Startup Time": 1960.894,"Actual Total Time": 1960.930,"Actual Rows": 1,"Actual Loops": 1,"Sort Key": ["revenue0.supplier_no"],"Sort Method": "quicksort","Sort Space Used": 25,"Sort Space Type": "Memory","Plans": [{"Node Type": "Subquery Scan","Parent Relationship": "Outer","Parallel Aware": false,"Async Capable": false,"Alias": "revenue0","Startup Cost": 123970.67,"Total Cost": 124121.28,"Plan Rows": 50,"Plan Width": 36,"Actual Startup Time": 1956.612,"Actual Total Time": 1960.848,"Actual Rows": 1,"Actual Loops": 1,"Plans": [{"Node Type": "Aggregate","Strategy": "Hashed","Partial Mode": "Simple","Parent Relationship": "Subquery","Parallel Aware": false,"Async Capable": false,"Startup Cost": 123970.67,"Total Cost": 124120.78,"Plan Rows": 50,"Plan Width": 36,"Actual Startup Time": 1956.600,"Actual Total Time": 1960.810,"Actual Rows": 1,"Actual Loops": 1,"Group Key": ["lineitem.l_suppkey"],"Filter": "(sum((lineitem.l_extendedprice * ('1'::numeric - lineitem.l_discount))) = $0)","Planned Partitions": 0,"HashAgg Batches": 1,"Peak Memory Usage": 4497,"Disk Usage": 0,"Rows Removed by Filter": 9999,"Plans": [{"Node Type": "Bitmap Heap Scan","Parent Relationship": "Outer","Parallel Aware": false,"Async Capable": false,"Relation Name": "lineitem","Alias": "lineitem","Startup Cost": 5811.47,"Total Cost": 121708.19,"Plan Rows": 226248,"Plan Width": 16,"Actual Startup Time": 51.748,"Actual Total Time": 872.040,"Actual Rows": 229039,"Actual Loops": 1,"Recheck Cond": "((l_shipdate >= '1994-06-01'::date) AND (l_shipdate < '1994-09-01 00:00:00'::timestamp without time zone))","Rows Removed by Index Recheck": 0,"Exact Heap Blocks": 67238,"Lossy Heap Blocks": 0,"Plans": [{"Node Type": "Bitmap Index Scan","Parent Relationship": "Outer","Parallel Aware": false,"Async Capable": false,"Index Name": "idx_lineitem_shipdate","Startup Cost": 0.00,"Total Cost": 5754.91,"Plan Rows": 226248,"Plan Width": 0,"Actual Startup Time": 38.292,"Actual Total Time": 38.307,"Actual Rows": 229039,"Actual Loops": 1,"Index Cond": "((l_shipdate >= '1994-06-01'::date) AND (l_shipdate < '1994-09-01 00:00:00'::timestamp without time zone))"}]}]}]}]}]},"Planning Time": 5.138,"Triggers": [],"Execution Time": 1979.821}]
[{"Plan": {"Node Type": "Merge Join","Parallel Aware": false,"Async Capable": false,"Join Type": "Inner","Startup Cost": 249108.95,"Total Cost": 249629.85,"Plan Rows": 50,"Plan Width": 103,"Actual Startup Time": 2087.724,"Actual Total Time": 2087.761,"Actual Rows": 1,"Actual Loops": 1,"Inner Unique": true,"Merge Cond": "(supplier.s_suppkey = revenue0.supplier_no)","Plans": [{"Node Type": "Aggregate","Strategy": "Plain","Partial Mode": "Simple","Parent Relationship": "InitPlan","Subplan Name": "InitPlan 1 (returns $0)","Parallel Aware": false,"Async Capable": false,"Startup Cost": 124603.41,"Total Cost": 124603.42,"Plan Rows": 1,"Plan Width": 32,"Actual Startup Time": 943.876,"Actual Total Time": 943.892,"Actual Rows": 1,"Actual Loops": 1,"Plans": [{"Node Type": "Aggregate","Strategy": "Hashed","Partial Mode": "Simple","Parent Relationship": "Outer","Parallel Aware": false,"Async Capable": false,"Startup Cost": 124353.23,"Total Cost": 124478.32,"Plan Rows": 10007,"Plan Width": 36,"Actual Startup Time": 936.828,"Actual Total Time": 943.290,"Actual Rows": 10000,"Actual Loops": 1,"Group Key": ["lineitem_1.l_suppkey"],"Planned Partitions": 0,"HashAgg Batches": 1,"Peak Memory Usage": 4497,"Disk Usage": 0,"Plans": [{"Node Type": "Bitmap Heap Scan","Parent Relationship": "Outer","Parallel Aware": false,"Async Capable": false,"Relation Name": "lineitem","Alias": "lineitem_1","Startup Cost": 6004.98,"Total Cost": 122015.13,"Plan Rows": 233810,"Plan Width": 16,"Actual Startup Time": 58.797,"Actual Total Time": 790.100,"Actual Rows": 229794,"Actual Loops": 1,"Recheck Cond": "((l_shipdate >= '1997-08-01'::date) AND (l_shipdate < '1997-11-01 00:00:00'::timestamp without time zone))","Rows Removed by Index Recheck": 0,"Exact Heap Blocks": 67334,"Lossy Heap Blocks": 0,"Plans": [{"Node Type": "Bitmap Index Scan","Parent Relationship": "Outer","Parallel Aware": false,"Async Capable": false,"Index Name": "idx_lineitem_shipdate","Startup Cost": 0.00,"Total Cost": 5946.53,"Plan Rows": 233810,"Plan Width": 0,"Actual Startup Time": 45.013,"Actual Total Time": 45.020,"Actual Rows": 229794,"Actual Loops": 1,"Index Cond": "((l_shipdate >= '1997-08-01'::date) AND (l_shipdate < '1997-11-01 00:00:00'::timestamp without time zone))"}]}]}]},{"Node Type": "Index Scan","Parent Relationship": "Outer","Parallel Aware": false,"Async Capable": false,"Scan Direction": "Forward","Index Name": "supplier_pkey","Relation Name": "supplier","Alias": "supplier","Startup Cost": 0.29,"Total Cost": 495.43,"Plan Rows": 10000,"Plan Width": 71,"Actual Startup Time": 0.109,"Actual Total Time": 13.835,"Actual Rows": 8863,"Actual Loops": 1},{"Node Type": "Sort","Parent Relationship": "Inner","Parallel Aware": false,"Async Capable": false,"Startup Cost": 124505.25,"Total Cost": 124505.37,"Plan Rows": 50,"Plan Width": 36,"Actual Startup Time": 2073.397,"Actual Total Time": 2073.405,"Actual Rows": 1,"Actual Loops": 1,"Sort Key": ["revenue0.supplier_no"],"Sort Method": "quicksort","Sort Space Used": 25,"Sort Space Type": "Memory","Plans": [{"Node Type": "Subquery Scan","Parent Relationship": "Outer","Parallel Aware": false,"Async Capable": false,"Alias": "revenue0","Startup Cost": 124353.23,"Total Cost": 124503.84,"Plan Rows": 50,"Plan Width": 36,"Actual Startup Time": 2063.613,"Actual Total Time": 2073.361,"Actual Rows": 1,"Actual Loops": 1,"Plans": [{"Node Type": "Aggregate","Strategy": "Hashed","Partial Mode": "Simple","Parent Relationship": "Subquery","Parallel Aware": false,"Async Capable": false,"Startup Cost": 124353.23,"Total Cost": 124503.34,"Plan Rows": 50,"Plan Width": 36,"Actual Startup Time": 2063.607,"Actual Total Time": 2073.353,"Actual Rows": 1,"Actual Loops": 1,"Group Key": ["lineitem.l_suppkey"],"Filter": "(sum((lineitem.l_extendedprice * ('1'::numeric - lineitem.l_discount))) = $0)","Planned Partitions": 0,"HashAgg Batches": 1,"Peak Memory Usage": 4497,"Disk Usage": 0,"Rows Removed by Filter": 9999,"Plans": [{"Node Type": "Bitmap Heap Scan","Parent Relationship": "Outer","Parallel Aware": false,"Async Capable": false,"Relation Name": "lineitem","Alias": "lineitem","Startup Cost": 6004.98,"Total Cost": 122015.13,"Plan Rows": 233810,"Plan Width": 16,"Actual Startup Time": 55.239,"Actual Total Time": 931.307,"Actual Rows": 229794,"Actual Loops": 1,"Recheck Cond": "((l_shipdate >= '1997-08-01'::date) AND (l_shipdate < '1997-11-01 00:00:00'::timestamp without time zone))","Rows Removed by Index Recheck": 0,"Exact Heap Blocks": 67334,"Lossy Heap Blocks": 0,"Plans": [{"Node Type": "Bitmap Index Scan","Parent Relationship": "Outer","Parallel Aware": false,"Async Capable": false,"Index Name": "idx_lineitem_shipdate","Startup Cost": 0.00,"Total Cost": 5946.53,"Plan Rows": 233810,"Plan Width": 0,"Actual Startup Time": 41.454,"Actual Total Time": 41.455,"Actual Rows": 229794,"Actual Loops": 1,"Index Cond": "((l_shipdate >= '1997-08-01'::date) AND (l_shipdate < '1997-11-01 00:00:00'::timestamp without time zone))"}]}]}]}]}]},"Planning Time": 5.207,"Triggers": [],"Execution Time": 2094.251}]
[{"Plan": {"Node Type": "Merge Join","Parallel Aware": false,"Async Capable": false,"Join Type": "Inner","Startup Cost": 248506.89,"Total Cost": 249027.79,"Plan Rows": 50,"Plan Width": 103,"Actual Startup Time": 2084.454,"Actual Total Time": 2084.489,"Actual Rows": 1,"Actual Loops": 1,"Inner Unique": true,"Merge Cond": "(supplier.s_suppkey = revenue0.supplier_no)","Plans": [{"Node Type": "Aggregate","Strategy": "Plain","Partial Mode": "Simple","Parent Relationship": "InitPlan","Subplan Name": "InitPlan 1 (returns $0)","Parallel Aware": false,"Async Capable": false,"Startup Cost": 124302.38,"Total Cost": 124302.39,"Plan Rows": 1,"Plan Width": 32,"Actual Startup Time": 949.807,"Actual Total Time": 949.821,"Actual Rows": 1,"Actual Loops": 1,"Plans": [{"Node Type": "Aggregate","Strategy": "Hashed","Partial Mode": "Simple","Parent Relationship": "Outer","Parallel Aware": false,"Async Capable": false,"Startup Cost": 124052.20,"Total Cost": 124177.29,"Plan Rows": 10007,"Plan Width": 36,"Actual Startup Time": 942.227,"Actual Total Time": 949.217,"Actual Rows": 10000,"Actual Loops": 1,"Group Key": ["lineitem_1.l_suppkey"],"Planned Partitions": 0,"HashAgg Batches": 1,"Peak Memory Usage": 4497,"Disk Usage": 0,"Plans": [{"Node Type": "Bitmap Heap Scan","Parent Relationship": "Outer","Parallel Aware": false,"Async Capable": false,"Relation Name": "lineitem","Alias": "lineitem_1","Startup Cost": 5852.20,"Total Cost": 121773.40,"Plan Rows": 227880,"Plan Width": 16,"Actual Startup Time": 60.518,"Actual Total Time": 792.932,"Actual Rows": 229533,"Actual Loops": 1,"Recheck Cond": "((l_shipdate >= '1994-07-01'::date) AND (l_shipdate < '1994-10-01 00:00:00'::timestamp without time zone))","Rows Removed by Index Recheck": 0,"Exact Heap Blocks": 67313,"Lossy Heap Blocks": 0,"Plans": [{"Node Type": "Bitmap Index Scan","Parent Relationship": "Outer","Parallel Aware": false,"Async Capable": false,"Index Name": "idx_lineitem_shipdate","Startup Cost": 0.00,"Total Cost": 5795.23,"Plan Rows": 227880,"Plan Width": 0,"Actual Startup Time": 46.388,"Actual Total Time": 46.392,"Actual Rows": 229533,"Actual Loops": 1,"Index Cond": "((l_shipdate >= '1994-07-01'::date) AND (l_shipdate < '1994-10-01 00:00:00'::timestamp without time zone))"}]}]}]},{"Node Type": "Index Scan","Parent Relationship": "Outer","Parallel Aware": false,"Async Capable": false,"Scan Direction": "Forward","Index Name": "supplier_pkey","Relation Name": "supplier","Alias": "supplier","Startup Cost": 0.29,"Total Cost": 495.43,"Plan Rows": 10000,"Plan Width": 71,"Actual Startup Time": 0.078,"Actual Total Time": 4.242,"Actual Rows": 2492,"Actual Loops": 1},{"Node Type": "Sort","Parent Relationship": "Inner","Parallel Aware": false,"Async Capable": false,"Startup Cost": 124204.22,"Total Cost": 124204.35,"Plan Rows": 50,"Plan Width": 36,"Actual Startup Time": 2080.035,"Actual Total Time": 2080.045,"Actual Rows": 1,"Actual Loops": 1,"Sort Key": ["revenue0.supplier_no"],"Sort Method": "quicksort","Sort Space Used": 25,"Sort Space Type": "Memory","Plans": [{"Node Type": "Subquery Scan","Parent Relationship": "Outer","Parallel Aware": false,"Async Capable": false,"Alias": "revenue0","Startup Cost": 124052.20,"Total Cost": 124202.81,"Plan Rows": 50,"Plan Width": 36,"Actual Startup Time": 2071.764,"Actual Total Time": 2079.996,"Actual Rows": 1,"Actual Loops": 1,"Plans": [{"Node Type": "Aggregate","Strategy": "Hashed","Partial Mode": "Simple","Parent Relationship": "Subquery","Parallel Aware": false,"Async Capable": false,"Startup Cost": 124052.20,"Total Cost": 124202.31,"Plan Rows": 50,"Plan Width": 36,"Actual Startup Time": 2071.758,"Actual Total Time": 2079.989,"Actual Rows": 1,"Actual Loops": 1,"Group Key": ["lineitem.l_suppkey"],"Filter": "(sum((lineitem.l_extendedprice * ('1'::numeric - lineitem.l_discount))) = $0)","Planned Partitions": 0,"HashAgg Batches": 1,"Peak Memory Usage": 4497,"Disk Usage": 0,"Rows Removed by Filter": 9999,"Plans": [{"Node Type": "Bitmap Heap Scan","Parent Relationship": "Outer","Parallel Aware": false,"Async Capable": false,"Relation Name": "lineitem","Alias": "lineitem","Startup Cost": 5852.20,"Total Cost": 121773.40,"Plan Rows": 227880,"Plan Width": 16,"Actual Startup Time": 54.242,"Actual Total Time": 934.940,"Actual Rows": 229533,"Actual Loops": 1,"Recheck Cond": "((l_shipdate >= '1994-07-01'::date) AND (l_shipdate < '1994-10-01 00:00:00'::timestamp without time zone))","Rows Removed by Index Recheck": 0,"Exact Heap Blocks": 67313,"Lossy Heap Blocks": 0,"Plans": [{"Node Type": "Bitmap Index Scan","Parent Relationship": "Outer","Parallel Aware": false,"Async Capable": false,"Index Name": "idx_lineitem_shipdate","Startup Cost": 0.00,"Total Cost": 5795.23,"Plan Rows": 227880,"Plan Width": 0,"Actual Startup Time": 40.585,"Actual Total Time": 40.586,"Actual Rows": 229533,"Actual Loops": 1,"Index Cond": "((l_shipdate >= '1994-07-01'::date) AND (l_shipdate < '1994-10-01 00:00:00'::timestamp without time zone))"}]}]}]}]}]},"Planning Time": 4.544,"Triggers": [],"Execution Time": 2088.902}]
[{"Plan": {"Node Type": "Merge Join","Parallel Aware": false,"Async Capable": false,"Join Type": "Inner","Startup Cost": 248790.52,"Total Cost": 249311.42,"Plan Rows": 50,"Plan Width": 103,"Actual Startup Time": 1983.963,"Actual Total Time": 1983.999,"Actual Rows": 1,"Actual Loops": 1,"Inner Unique": true,"Merge Cond": "(supplier.s_suppkey = revenue0.supplier_no)","Plans": [{"Node Type": "Aggregate","Strategy": "Plain","Partial Mode": "Simple","Parent Relationship": "InitPlan","Subplan Name": "InitPlan 1 (returns $0)","Parallel Aware": false,"Async Capable": false,"Startup Cost": 124444.19,"Total Cost": 124444.20,"Plan Rows": 1,"Plan Width": 32,"Actual Startup Time": 870.346,"Actual Total Time": 870.363,"Actual Rows": 1,"Actual Loops": 1,"Plans": [{"Node Type": "Aggregate","Strategy": "Hashed","Partial Mode": "Simple","Parent Relationship": "Outer","Parallel Aware": false,"Async Capable": false,"Startup Cost": 124194.02,"Total Cost": 124319.10,"Plan Rows": 10007,"Plan Width": 36,"Actual Startup Time": 861.387,"Actual Total Time": 869.774,"Actual Rows": 10000,"Actual Loops": 1,"Group Key": ["lineitem_1.l_suppkey"],"Planned Partitions": 0,"HashAgg Batches": 1,"Peak Memory Usage": 4497,"Disk Usage": 0,"Plans": [{"Node Type": "Bitmap Heap Scan","Parent Relationship": "Outer","Parallel Aware": false,"Async Capable": false,"Relation Name": "lineitem","Alias": "lineitem_1","Startup Cost": 5924.65,"Total Cost": 121887.47,"Plan Rows": 230655,"Plan Width": 16,"Actual Startup Time": 48.641,"Actual Total Time": 688.563,"Actual Rows": 229970,"Actual Loops": 1,"Recheck Cond": "((l_shipdate >= '1997-05-01'::date) AND (l_shipdate < '1997-08-01 00:00:00'::timestamp without time zone))","Rows Removed by Index Recheck": 0,"Exact Heap Blocks": 67328,"Lossy Heap Blocks": 0,"Plans": [{"Node Type": "Bitmap Index Scan","Parent Relationship": "Outer","Parallel Aware": false,"Async Capable": false,"Index Name": "idx_lineitem_shipdate","Startup Cost": 0.00,"Total Cost": 5866.98,"Plan Rows": 230655,"Plan Width": 0,"Actual Startup Time": 35.373,"Actual Total Time": 35.379,"Actual Rows": 229970,"Actual Loops": 1,"Index Cond": "((l_shipdate >= '1997-05-01'::date) AND (l_shipdate < '1997-08-01 00:00:00'::timestamp without time zone))"}]}]}]},{"Node Type": "Index Scan","Parent Relationship": "Outer","Parallel Aware": false,"Async Capable": false,"Scan Direction": "Forward","Index Name": "supplier_pkey","Relation Name": "supplier","Alias": "supplier","Startup Cost": 0.29,"Total Cost": 495.43,"Plan Rows": 10000,"Plan Width": 71,"Actual Startup Time": 0.081,"Actual Total Time": 1.818,"Actual Rows": 977,"Actual Loops": 1},{"Node Type": "Sort","Parent Relationship": "Inner","Parallel Aware": false,"Async Capable": false,"Startup Cost": 124346.03,"Total Cost": 124346.16,"Plan Rows": 50,"Plan Width": 36,"Actual Startup Time": 1982.064,"Actual Total Time": 1982.074,"Actual Rows": 1,"Actual Loops": 1,"Sort Key": ["revenue0.supplier_no"],"Sort Method": "quicksort","Sort Space Used": 25,"Sort Space Type": "Memory","Plans": [{"Node Type": "Subquery Scan","Parent Relationship": "Outer","Parallel Aware": false,"Async Capable": false,"Alias": "revenue0","Startup Cost": 124194.02,"Total Cost": 124344.62,"Plan Rows": 50,"Plan Width": 36,"Actual Startup Time": 1977.425,"Actual Total Time": 1982.032,"Actual Rows": 1,"Actual Loops": 1,"Plans": [{"Node Type": "Aggregate","Strategy": "Hashed","Partial Mode": "Simple","Parent Relationship": "Subquery","Parallel Aware": false,"Async Capable": false,"Startup Cost": 124194.02,"Total Cost": 124344.12,"Plan Rows": 50,"Plan Width": 36,"Actual Startup Time": 1977.416,"Actual Total Time": 1982.019,"Actual Rows": 1,"Actual Loops": 1,"Group Key": ["lineitem.l_suppkey"],"Filter": "(sum((lineitem.l_extendedprice * ('1'::numeric - lineitem.l_discount))) = $0)","Planned Partitions": 0,"HashAgg Batches": 1,"Peak Memory Usage": 4497,"Disk Usage": 0,"Rows Removed by Filter": 9999,"Plans": [{"Node Type": "Bitmap Heap Scan","Parent Relationship": "Outer","Parallel Aware": false,"Async Capable": false,"Relation Name": "lineitem","Alias": "lineitem","Startup Cost": 5924.65,"Total Cost": 121887.47,"Plan Rows": 230655,"Plan Width": 16,"Actual Startup Time": 49.950,"Actual Total Time": 900.000,"Actual Rows": 229970,"Actual Loops": 1,"Recheck Cond": "((l_shipdate >= '1997-05-01'::date) AND (l_shipdate < '1997-08-01 00:00:00'::timestamp without time zone))","Rows Removed by Index Recheck": 0,"Exact Heap Blocks": 67328,"Lossy Heap Blocks": 0,"Plans": [{"Node Type": "Bitmap Index Scan","Parent Relationship": "Outer","Parallel Aware": false,"Async Capable": false,"Index Name": "idx_lineitem_shipdate","Startup Cost": 0.00,"Total Cost": 5866.98,"Plan Rows": 230655,"Plan Width": 0,"Actual Startup Time": 36.810,"Actual Total Time": 36.810,"Actual Rows": 229970,"Actual Loops": 1,"Index Cond": "((l_shipdate >= '1997-05-01'::date) AND (l_shipdate < '1997-08-01 00:00:00'::timestamp without time zone))"}]}]}]}]}]},"Planning Time": 5.469,"Triggers": [],"Execution Time": 1986.524}]
[{"Plan": {"Node Type": "Merge Join","Parallel Aware": false,"Async Capable": false,"Join Type": "Inner","Startup Cost": 249160.41,"Total Cost": 249681.31,"Plan Rows": 50,"Plan Width": 103,"Actual Startup Time": 2073.279,"Actual Total Time": 2073.319,"Actual Rows": 1,"Actual Loops": 1,"Inner Unique": true,"Merge Cond": "(supplier.s_suppkey = revenue0.supplier_no)","Plans": [{"Node Type": "Aggregate","Strategy": "Plain","Partial Mode": "Simple","Parent Relationship": "InitPlan","Subplan Name": "InitPlan 1 (returns $0)","Parallel Aware": false,"Async Capable": false,"Startup Cost": 124629.14,"Total Cost": 124629.15,"Plan Rows": 1,"Plan Width": 32,"Actual Startup Time": 939.006,"Actual Total Time": 939.018,"Actual Rows": 1,"Actual Loops": 1,"Plans": [{"Node Type": "Aggregate","Strategy": "Hashed","Partial Mode": "Simple","Parent Relationship": "Outer","Parallel Aware": false,"Async Capable": false,"Startup Cost": 124378.96,"Total Cost": 124504.05,"Plan Rows": 10007,"Plan Width": 36,"Actual Startup Time": 931.108,"Actual Total Time": 938.419,"Actual Rows": 10000,"Actual Loops": 1,"Group Key": ["lineitem_1.l_suppkey"],"Planned Partitions": 0,"HashAgg Batches": 1,"Peak Memory Usage": 4497,"Disk Usage": 0,"Plans": [{"Node Type": "Bitmap Heap Scan","Parent Relationship": "Outer","Parallel Aware": false,"Async Capable": false,"Relation Name": "lineitem","Alias": "lineitem_1","Startup Cost": 6018.14,"Total Cost": 122035.84,"Plan Rows": 234313,"Plan Width": 16,"Actual Startup Time": 52.989,"Actual Total Time": 776.177,"Actual Rows": 229123,"Actual Loops": 1,"Recheck Cond": "((l_shipdate >= '1994-11-01'::date) AND (l_shipdate < '1995-02-01 00:00:00'::timestamp without time zone))","Rows Removed by Index Recheck": 0,"Exact Heap Blocks": 67216,"Lossy Heap Blocks": 0,"Plans": [{"Node Type": "Bitmap Index Scan","Parent Relationship": "Outer","Parallel Aware": false,"Async Capable": false,"Index Name": "idx_lineitem_shipdate","Startup Cost": 0.00,"Total Cost": 5959.56,"Plan Rows": 234313,"Plan Width": 0,"Actual Startup Time": 39.328,"Actual Total Time": 39.335,"Actual Rows": 229123,"Actual Loops": 1,"Index Cond": "((l_shipdate >= '1994-11-01'::date) AND (l_shipdate < '1995-02-01 00:00:00'::timestamp without time zone))"}]}]}]},{"Node Type": "Index Scan","Parent Relationship": "Outer","Parallel Aware": false,"Async Capable": false,"Scan Direction": "Forward","Index Name": "supplier_pkey","Relation Name": "supplier","Alias": "supplier","Startup Cost": 0.29,"Total Cost": 495.43,"Plan Rows": 10000,"Plan Width": 71,"Actual Startup Time": 0.068,"Actual Total Time": 3.400,"Actual Rows": 1942,"Actual Loops": 1},{"Node Type": "Sort","Parent Relationship": "Inner","Parallel Aware": false,"Async Capable": false,"Startup Cost": 124530.98,"Total Cost": 124531.10,"Plan Rows": 50,"Plan Width": 36,"Actual Startup Time": 2069.742,"Actual Total Time": 2069.754,"Actual Rows": 1,"Actual Loops": 1,"Sort Key": ["revenue0.supplier_no"],"Sort Method": "quicksort","Sort Space Used": 25,"Sort Space Type": "Memory","Plans": [{"Node Type": "Subquery Scan","Parent Relationship": "Outer","Parallel Aware": false,"Async Capable": false,"Alias": "revenue0","Startup Cost": 124378.96,"Total Cost": 124529.57,"Plan Rows": 50,"Plan Width": 36,"Actual Startup Time": 2038.680,"Actual Total Time": 2069.702,"Actual Rows": 1,"Actual Loops": 1,"Plans": [{"Node Type": "Aggregate","Strategy": "Hashed","Partial Mode": "Simple","Parent Relationship": "Subquery","Parallel Aware": false,"Async Capable": false,"Startup Cost": 124378.96,"Total Cost": 124529.07,"Plan Rows": 50,"Plan Width": 36,"Actual Startup Time": 2038.671,"Actual Total Time": 2069.682,"Actual Rows": 1,"Actual Loops": 1,"Group Key": ["lineitem.l_suppkey"],"Filter": "(sum((lineitem.l_extendedprice * ('1'::numeric - lineitem.l_discount))) = $0)","Planned Partitions": 0,"HashAgg Batches": 1,"Peak Memory Usage": 4497,"Disk Usage": 0,"Rows Removed by Filter": 9999,"Plans": [{"Node Type": "Bitmap Heap Scan","Parent Relationship": "Outer","Parallel Aware": false,"Async Capable": false,"Relation Name": "lineitem","Alias": "lineitem","Startup Cost": 6018.14,"Total Cost": 122035.84,"Plan Rows": 234313,"Plan Width": 16,"Actual Startup Time": 55.954,"Actual Total Time": 934.360,"Actual Rows": 229123,"Actual Loops": 1,"Recheck Cond": "((l_shipdate >= '1994-11-01'::date) AND (l_shipdate < '1995-02-01 00:00:00'::timestamp without time zone))","Rows Removed by Index Recheck": 0,"Exact Heap Blocks": 67216,"Lossy Heap Blocks": 0,"Plans": [{"Node Type": "Bitmap Index Scan","Parent Relationship": "Outer","Parallel Aware": false,"Async Capable": false,"Index Name": "idx_lineitem_shipdate","Startup Cost": 0.00,"Total Cost": 5959.56,"Plan Rows": 234313,"Plan Width": 0,"Actual Startup Time": 42.235,"Actual Total Time": 42.239,"Actual Rows": 229123,"Actual Loops": 1,"Index Cond": "((l_shipdate >= '1994-11-01'::date) AND (l_shipdate < '1995-02-01 00:00:00'::timestamp without time zone))"}]}]}]}]}]},"Planning Time": 5.241,"Triggers": [],"Execution Time": 2077.503}]
[{"Plan": {"Node Type": "Merge Join","Parallel Aware": false,"Async Capable": false,"Join Type": "Inner","Startup Cost": 249007.37,"Total Cost": 249528.27,"Plan Rows": 50,"Plan Width": 103,"Actual Startup Time": 1950.290,"Actual Total Time": 1950.325,"Actual Rows": 1,"Actual Loops": 1,"Inner Unique": true,"Merge Cond": "(supplier.s_suppkey = revenue0.supplier_no)","Plans": [{"Node Type": "Aggregate","Strategy": "Plain","Partial Mode": "Simple","Parent Relationship": "InitPlan","Subplan Name": "InitPlan 1 (returns $0)","Parallel Aware": false,"Async Capable": false,"Startup Cost": 124552.62,"Total Cost": 124552.63,"Plan Rows": 1,"Plan Width": 32,"Actual Startup Time": 860.884,"Actual Total Time": 860.896,"Actual Rows": 1,"Actual Loops": 1,"Plans": [{"Node Type": "Aggregate","Strategy": "Hashed","Partial Mode": "Simple","Parent Relationship": "Outer","Parallel Aware": false,"Async Capable": false,"Startup Cost": 124302.44,"Total Cost": 124427.53,"Plan Rows": 10007,"Plan Width": 36,"Actual Startup Time": 850.275,"Actual Total Time": 860.310,"Actual Rows": 10000,"Actual Loops": 1,"Group Key": ["lineitem_1.l_suppkey"],"Planned Partitions": 0,"HashAgg Batches": 1,"Peak Memory Usage": 4497,"Disk Usage": 0,"Plans": [{"Node Type": "Bitmap Heap Scan","Parent Relationship": "Outer","Parallel Aware": false,"Async Capable": false,"Relation Name": "lineitem","Alias": "lineitem_1","Startup Cost": 5978.87,"Total Cost": 121974.21,"Plan Rows": 232823,"Plan Width": 16,"Actual Startup Time": 57.996,"Actual Total Time": 682.359,"Actual Rows": 230989,"Actual Loops": 1,"Recheck Cond": "((l_shipdate >= '1996-11-01'::date) AND (l_shipdate < '1997-02-01 00:00:00'::timestamp without time zone))","Rows Removed by Index Recheck": 0,"Exact Heap Blocks": 67204,"Lossy Heap Blocks": 0,"Plans": [{"Node Type": "Bitmap Index Scan","Parent Relationship": "Outer","Parallel Aware": false,"Async Capable": false,"Index Name": "idx_lineitem_shipdate","Startup Cost": 0.00,"Total Cost": 5920.66,"Plan Rows": 232823,"Plan Width": 0,"Actual Startup Time": 43.736,"Actual Total Time": 43.740,"Actual Rows": 230989,"Actual Loops": 1,"Index Cond": "((l_shipdate >= '1996-11-01'::date) AND (l_shipdate < '1997-02-01 00:00:00'::timestamp without time zone))"}]}]}]},{"Node Type": "Index Scan","Parent Relationship": "Outer","Parallel Aware": false,"Async Capable": false,"Scan Direction": "Forward","Index Name": "supplier_pkey","Relation Name": "supplier","Alias": "supplier","Startup Cost": 0.29,"Total Cost": 495.43,"Plan Rows": 10000,"Plan Width": 71,"Actual Startup Time": 0.101,"Actual Total Time": 0.973,"Actual Rows": 483,"Actual Loops": 1},{"Node Type": "Sort","Parent Relationship": "Inner","Parallel Aware": false,"Async Capable": false,"Startup Cost": 124454.46,"Total Cost": 124454.58,"Plan Rows": 50,"Plan Width": 36,"Actual Startup Time": 1949.248,"Actual Total Time": 1949.262,"Actual Rows": 1,"Actual Loops": 1,"Sort Key": ["revenue0.supplier_no"],"Sort Method": "quicksort","Sort Space Used": 25,"Sort Space Type": "Memory","Plans": [{"Node Type": "Subquery Scan","Parent Relationship": "Outer","Parallel Aware": false,"Async Capable": false,"Alias": "revenue0","Startup Cost": 124302.44,"Total Cost": 124453.05,"Plan Rows": 50,"Plan Width": 36,"Actual Startup Time": 1948.543,"Actual Total Time": 1949.217,"Actual Rows": 1,"Actual Loops": 1,"Plans": [{"Node Type": "Aggregate","Strategy": "Hashed","Partial Mode": "Simple","Parent Relationship": "Subquery","Parallel Aware": false,"Async Capable": false,"Startup Cost": 124302.44,"Total Cost": 124452.55,"Plan Rows": 50,"Plan Width": 36,"Actual Startup Time": 1948.534,"Actual Total Time": 1949.205,"Actual Rows": 1,"Actual Loops": 1,"Group Key": ["lineitem.l_suppkey"],"Filter": "(sum((lineitem.l_extendedprice * ('1'::numeric - lineitem.l_discount))) = $0)","Planned Partitions": 0,"HashAgg Batches": 1,"Peak Memory Usage": 4497,"Disk Usage": 0,"Rows Removed by Filter": 9999,"Plans": [{"Node Type": "Bitmap Heap Scan","Parent Relationship": "Outer","Parallel Aware": false,"Async Capable": false,"Relation Name": "lineitem","Alias": "lineitem","Startup Cost": 5978.87,"Total Cost": 121974.21,"Plan Rows": 232823,"Plan Width": 16,"Actual Startup Time": 57.232,"Actual Total Time": 886.042,"Actual Rows": 230989,"Actual Loops": 1,"Recheck Cond": "((l_shipdate >= '1996-11-01'::date) AND (l_shipdate < '1997-02-01 00:00:00'::timestamp without time zone))","Rows Removed by Index Recheck": 0,"Exact Heap Blocks": 67204,"Lossy Heap Blocks": 0,"Plans": [{"Node Type": "Bitmap Index Scan","Parent Relationship": "Outer","Parallel Aware": false,"Async Capable": false,"Index Name": "idx_lineitem_shipdate","Startup Cost": 0.00,"Total Cost": 5920.66,"Plan Rows": 232823,"Plan Width": 0,"Actual Startup Time": 43.557,"Actual Total Time": 43.561,"Actual Rows": 230989,"Actual Loops": 1,"Index Cond": "((l_shipdate >= '1996-11-01'::date) AND (l_shipdate < '1997-02-01 00:00:00'::timestamp without time zone))"}]}]}]}]}]},"Planning Time": 4.611,"Triggers": [],"Execution Time": 1953.473}]
[{"Plan": {"Node Type": "Merge Join","Parallel Aware": false,"Async Capable": false,"Join Type": "Inner","Startup Cost": 248716.76,"Total Cost": 249237.66,"Plan Rows": 50,"Plan Width": 103,"Actual Startup Time": 1990.692,"Actual Total Time": 1990.747,"Actual Rows": 1,"Actual Loops": 1,"Inner Unique": true,"Merge Cond": "(supplier.s_suppkey = revenue0.supplier_no)","Plans": [{"Node Type": "Aggregate","Strategy": "Plain","Partial Mode": "Simple","Parent Relationship": "InitPlan","Subplan Name": "InitPlan 1 (returns $0)","Parallel Aware": false,"Async Capable": false,"Startup Cost": 124407.31,"Total Cost": 124407.32,"Plan Rows": 1,"Plan Width": 32,"Actual Startup Time": 912.658,"Actual Total Time": 912.682,"Actual Rows": 1,"Actual Loops": 1,"Plans": [{"Node Type": "Aggregate","Strategy": "Hashed","Partial Mode": "Simple","Parent Relationship": "Outer","Parallel Aware": false,"Async Capable": false,"Startup Cost": 124157.14,"Total Cost": 124282.22,"Plan Rows": 10007,"Plan Width": 36,"Actual Startup Time": 906.053,"Actual Total Time": 912.012,"Actual Rows": 10000,"Actual Loops": 1,"Group Key": ["lineitem_1.l_suppkey"],"Planned Partitions": 0,"HashAgg Batches": 1,"Peak Memory Usage": 4497,"Disk Usage": 0,"Plans": [{"Node Type": "Bitmap Heap Scan","Parent Relationship": "Outer","Parallel Aware": false,"Async Capable": false,"Relation Name": "lineitem","Alias": "lineitem_1","Startup Cost": 5905.41,"Total Cost": 121857.64,"Plan Rows": 229949,"Plan Width": 16,"Actual Startup Time": 50.167,"Actual Total Time": 694.084,"Actual Rows": 228979,"Actual Loops": 1,"Recheck Cond": "((l_shipdate >= '1995-04-01'::date) AND (l_shipdate < '1995-07-01 00:00:00'::timestamp without time zone))","Rows Removed by Index Recheck": 0,"Exact Heap Blocks": 67322,"Lossy Heap Blocks": 0,"Plans": [{"Node Type": "Bitmap Index Scan","Parent Relationship": "Outer","Parallel Aware": false,"Async Capable": false,"Index Name": "idx_lineitem_shipdate","Startup Cost": 0.00,"Total Cost": 5847.92,"Plan Rows": 229949,"Plan Width": 0,"Actual Startup Time": 36.579,"Actual Total Time": 36.594,"Actual Rows": 228979,"Actual Loops": 1,"Index Cond": "((l_shipdate >= '1995-04-01'::date) AND (l_shipdate < '1995-07-01 00:00:00'::timestamp without time zone))"}]}]}]},{"Node Type": "Index Scan","Parent Relationship": "Outer","Parallel Aware": false,"Async Capable": false,"Scan Direction": "Forward","Index Name": "supplier_pkey","Relation Name": "supplier","Alias": "supplier","Startup Cost": 0.29,"Total Cost": 495.43,"Plan Rows": 10000,"Plan Width": 71,"Actual Startup Time": 0.097,"Actual Total Time": 1.843,"Actual Rows": 983,"Actual Loops": 1},{"Node Type": "Sort","Parent Relationship": "Inner","Parallel Aware": false,"Async Capable": false,"Startup Cost": 124309.15,"Total Cost": 124309.28,"Plan Rows": 50,"Plan Width": 36,"Actual Startup Time": 1988.729,"Actual Total Time": 1988.742,"Actual Rows": 1,"Actual Loops": 1,"Sort Key": ["revenue0.supplier_no"],"Sort Method": "quicksort","Sort Space Used": 25,"Sort Space Type": "Memory","Plans": [{"Node Type": "Subquery Scan","Parent Relationship": "Outer","Parallel Aware": false,"Async Capable": false,"Alias": "revenue0","Startup Cost": 124157.14,"Total Cost": 124307.74,"Plan Rows": 50,"Plan Width": 36,"Actual Startup Time": 1987.287,"Actual Total Time": 1988.674,"Actual Rows": 1,"Actual Loops": 1,"Plans": [{"Node Type": "Aggregate","Strategy": "Hashed","Partial Mode": "Simple","Parent Relationship": "Subquery","Parallel Aware": false,"Async Capable": false,"Startup Cost": 124157.14,"Total Cost": 124307.24,"Plan Rows": 50,"Plan Width": 36,"Actual Startup Time": 1987.273,"Actual Total Time": 1988.637,"Actual Rows": 1,"Actual Loops": 1,"Group Key": ["lineitem.l_suppkey"],"Filter": "(sum((lineitem.l_extendedprice * ('1'::numeric - lineitem.l_discount))) = $0)","Planned Partitions": 0,"HashAgg Batches": 1,"Peak Memory Usage": 4497,"Disk Usage": 0,"Rows Removed by Filter": 9999,"Plans": [{"Node Type": "Bitmap Heap Scan","Parent Relationship": "Outer","Parallel Aware": false,"Async Capable": false,"Relation Name": "lineitem","Alias": "lineitem","Startup Cost": 5905.41,"Total Cost": 121857.64,"Plan Rows": 229949,"Plan Width": 16,"Actual Startup Time": 50.252,"Actual Total Time": 888.847,"Actual Rows": 228979,"Actual Loops": 1,"Recheck Cond": "((l_shipdate >= '1995-04-01'::date) AND (l_shipdate < '1995-07-01 00:00:00'::timestamp without time zone))","Rows Removed by Index Recheck": 0,"Exact Heap Blocks": 67322,"Lossy Heap Blocks": 0,"Plans": [{"Node Type": "Bitmap Index Scan","Parent Relationship": "Outer","Parallel Aware": false,"Async Capable": false,"Index Name": "idx_lineitem_shipdate","Startup Cost": 0.00,"Total Cost": 5847.92,"Plan Rows": 229949,"Plan Width": 0,"Actual Startup Time": 36.820,"Actual Total Time": 36.820,"Actual Rows": 228979,"Actual Loops": 1,"Index Cond": "((l_shipdate >= '1995-04-01'::date) AND (l_shipdate < '1995-07-01 00:00:00'::timestamp without time zone))"}]}]}]}]}]},"Planning Time": 4.044,"Triggers": [],"Execution Time": 1996.677}]
[{"Plan": {"Node Type": "Merge Join","Parallel Aware": false,"Async Capable": false,"Join Type": "Inner","Startup Cost": 249919.13,"Total Cost": 250440.03,"Plan Rows": 50,"Plan Width": 103,"Actual Startup Time": 1938.438,"Actual Total Time": 1938.484,"Actual Rows": 1,"Actual Loops": 1,"Inner Unique": true,"Merge Cond": "(supplier.s_suppkey = revenue0.supplier_no)","Plans": [{"Node Type": "Aggregate","Strategy": "Plain","Partial Mode": "Simple","Parent Relationship": "InitPlan","Subplan Name": "InitPlan 1 (returns $0)","Parallel Aware": false,"Async Capable": false,"Startup Cost": 125008.50,"Total Cost": 125008.51,"Plan Rows": 1,"Plan Width": 32,"Actual Startup Time": 846.218,"Actual Total Time": 846.240,"Actual Rows": 1,"Actual Loops": 1,"Plans": [{"Node Type": "Aggregate","Strategy": "Hashed","Partial Mode": "Simple","Parent Relationship": "Outer","Parallel Aware": false,"Async Capable": false,"Startup Cost": 124758.32,"Total Cost": 124883.41,"Plan Rows": 10007,"Plan Width": 36,"Actual Startup Time": 837.029,"Actual Total Time": 845.645,"Actual Rows": 10000,"Actual Loops": 1,"Group Key": ["lineitem_1.l_suppkey"],"Planned Partitions": 0,"HashAgg Batches": 1,"Peak Memory Usage": 4497,"Disk Usage": 0,"Plans": [{"Node Type": "Bitmap Heap Scan","Parent Relationship": "Outer","Parallel Aware": false,"Async Capable": false,"Relation Name": "lineitem","Alias": "lineitem_1","Startup Cost": 6210.72,"Total Cost": 122340.48,"Plan Rows": 241784,"Plan Width": 16,"Actual Startup Time": 57.576,"Actual Total Time": 672.754,"Actual Rows": 227694,"Actual Loops": 1,"Recheck Cond": "((l_shipdate >= '1993-05-01'::date) AND (l_shipdate < '1993-08-01 00:00:00'::timestamp without time zone))","Rows Removed by Index Recheck": 0,"Exact Heap Blocks": 66876,"Lossy Heap Blocks": 0,"Plans": [{"Node Type": "Bitmap Index Scan","Parent Relationship": "Outer","Parallel Aware": false,"Async Capable": false,"Index Name": "idx_lineitem_shipdate","Startup Cost": 0.00,"Total Cost": 6150.27,"Plan Rows": 241784,"Plan Width": 0,"Actual Startup Time": 44.048,"Actual Total Time": 44.059,"Actual Rows": 227694,"Actual Loops": 1,"Index Cond": "((l_shipdate >= '1993-05-01'::date) AND (l_shipdate < '1993-08-01 00:00:00'::timestamp without time zone))"}]}]}]},{"Node Type": "Index Scan","Parent Relationship": "Outer","Parallel Aware": false,"Async Capable": false,"Scan Direction": "Forward","Index Name": "supplier_pkey","Relation Name": "supplier","Alias": "supplier","Startup Cost": 0.29,"Total Cost": 495.43,"Plan Rows": 10000,"Plan Width": 71,"Actual Startup Time": 0.103,"Actual Total Time": 9.443,"Actual Rows": 5891,"Actual Loops": 1},{"Node Type": "Sort","Parent Relationship": "Inner","Parallel Aware": false,"Async Capable": false,"Startup Cost": 124910.34,"Total Cost": 124910.46,"Plan Rows": 50,"Plan Width": 36,"Actual Startup Time": 1928.643,"Actual Total Time": 1928.657,"Actual Rows": 1,"Actual Loops": 1,"Sort Key": ["revenue0.supplier_no"],"Sort Method": "quicksort","Sort Space Used": 25,"Sort Space Type": "Memory","Plans": [{"Node Type": "Subquery Scan","Parent Relationship": "Outer","Parallel Aware": false,"Async Capable": false,"Alias": "revenue0","Startup Cost": 124758.32,"Total Cost": 124908.93,"Plan Rows": 50,"Plan Width": 36,"Actual Startup Time": 1917.063,"Actual Total Time": 1928.619,"Actual Rows": 1,"Actual Loops": 1,"Plans": [{"Node Type": "Aggregate","Strategy": "Hashed","Partial Mode": "Simple","Parent Relationship": "Subquery","Parallel Aware": false,"Async Capable": false,"Startup Cost": 124758.32,"Total Cost": 124908.43,"Plan Rows": 50,"Plan Width": 36,"Actual Startup Time": 1917.055,"Actual Total Time": 1928.608,"Actual Rows": 1,"Actual Loops": 1,"Group Key": ["lineitem.l_suppkey"],"Filter": "(sum((lineitem.l_extendedprice * ('1'::numeric - lineitem.l_discount))) = $0)","Planned Partitions": 0,"HashAgg Batches": 1,"Peak Memory Usage": 4497,"Disk Usage": 0,"Rows Removed by Filter": 9999,"Plans": [{"Node Type": "Bitmap Heap Scan","Parent Relationship": "Outer","Parallel Aware": false,"Async Capable": false,"Relation Name": "lineitem","Alias": "lineitem","Startup Cost": 6210.72,"Total Cost": 122340.48,"Plan Rows": 241784,"Plan Width": 16,"Actual Startup Time": 59.880,"Actual Total Time": 887.270,"Actual Rows": 227694,"Actual Loops": 1,"Recheck Cond": "((l_shipdate >= '1993-05-01'::date) AND (l_shipdate < '1993-08-01 00:00:00'::timestamp without time zone))","Rows Removed by Index Recheck": 0,"Exact Heap Blocks": 66876,"Lossy Heap Blocks": 0,"Plans": [{"Node Type": "Bitmap Index Scan","Parent Relationship": "Outer","Parallel Aware": false,"Async Capable": false,"Index Name": "idx_lineitem_shipdate","Startup Cost": 0.00,"Total Cost": 6150.27,"Plan Rows": 241784,"Plan Width": 0,"Actual Startup Time": 46.380,"Actual Total Time": 46.383,"Actual Rows": 227694,"Actual Loops": 1,"Index Cond": "((l_shipdate >= '1993-05-01'::date) AND (l_shipdate < '1993-08-01 00:00:00'::timestamp without time zone))"}]}]}]}]}]},"Planning Time": 5.126,"Triggers": [],"Execution Time": 1942.320}]
[{"Plan": {"Node Type": "Merge Join","Parallel Aware": false,"Async Capable": false,"Join Type": "Inner","Startup Cost": 248612.43,"Total Cost": 249133.33,"Plan Rows": 50,"Plan Width": 103,"Actual Startup Time": 2128.903,"Actual Total Time": 2128.970,"Actual Rows": 1,"Actual Loops": 1,"Inner Unique": true,"Merge Cond": "(supplier.s_suppkey = revenue0.supplier_no)","Plans": [{"Node Type": "Aggregate","Strategy": "Plain","Partial Mode": "Simple","Parent Relationship": "InitPlan","Subplan Name": "InitPlan 1 (returns $0)","Parallel Aware": false,"Async Capable": false,"Startup Cost": 124355.15,"Total Cost": 124355.16,"Plan Rows": 1,"Plan Width": 32,"Actual Startup Time": 997.040,"Actual Total Time": 997.066,"Actual Rows": 1,"Actual Loops": 1,"Plans": [{"Node Type": "Aggregate","Strategy": "Hashed","Partial Mode": "Simple","Parent Relationship": "Outer","Parallel Aware": false,"Async Capable": false,"Startup Cost": 124104.97,"Total Cost": 124230.06,"Plan Rows": 10007,"Plan Width": 36,"Actual Startup Time": 989.503,"Actual Total Time": 996.378,"Actual Rows": 10000,"Actual Loops": 1,"Group Key": ["lineitem_1.l_suppkey"],"Planned Partitions": 0,"HashAgg Batches": 1,"Peak Memory Usage": 4497,"Disk Usage": 0,"Plans": [{"Node Type": "Bitmap Heap Scan","Parent Relationship": "Outer","Parallel Aware": false,"Async Capable": false,"Relation Name": "lineitem","Alias": "lineitem_1","Startup Cost": 5878.89,"Total Cost": 121815.74,"Plan Rows": 228923,"Plan Width": 16,"Actual Startup Time": 65.977,"Actual Total Time": 786.278,"Actual Rows": 230590,"Actual Loops": 1,"Recheck Cond": "((l_shipdate >= '1996-08-01'::date) AND (l_shipdate < '1996-11-01 00:00:00'::timestamp without time zone))","Rows Removed by Index Recheck": 0,"Exact Heap Blocks": 67243,"Lossy Heap Blocks": 0,"Plans": [{"Node Type": "Bitmap Index Scan","Parent Relationship": "Outer","Parallel Aware": false,"Async Capable": false,"Index Name": "idx_lineitem_shipdate","Startup Cost": 0.00,"Total Cost": 5821.66,"Plan Rows": 228923,"Plan Width": 0,"Actual Startup Time": 52.072,"Actual Total Time": 52.087,"Actual Rows": 230590,"Actual Loops": 1,"Index Cond": "((l_shipdate >= '1996-08-01'::date) AND (l_shipdate < '1996-11-01 00:00:00'::timestamp without time zone))"}]}]}]},{"Node Type": "Index Scan","Parent Relationship": "Outer","Parallel Aware": false,"Async Capable": false,"Scan Direction": "Forward","Index Name": "supplier_pkey","Relation Name": "supplier","Alias": "supplier","Startup Cost": 0.29,"Total Cost": 495.43,"Plan Rows": 10000,"Plan Width": 71,"Actual Startup Time": 0.125,"Actual Total Time": 9.409,"Actual Rows": 5473,"Actual Loops": 1},{"Node Type": "Sort","Parent Relationship": "Inner","Parallel Aware": false,"Async Capable": false,"Startup Cost": 124256.99,"Total Cost": 124257.11,"Plan Rows": 50,"Plan Width": 36,"Actual Startup Time": 2119.130,"Actual Total Time": 2119.154,"Actual Rows": 1,"Actual Loops": 1,"Sort Key": ["revenue0.supplier_no"],"Sort Method": "quicksort","Sort Space Used": 25,"Sort Space Type": "Memory","Plans": [{"Node Type": "Subquery Scan","Parent Relationship": "Outer","Parallel Aware": false,"Async Capable": false,"Alias": "revenue0","Startup Cost": 124104.97,"Total Cost": 124255.58,"Plan Rows": 50,"Plan Width": 36,"Actual Startup Time": 2117.072,"Actual Total Time": 2119.050,"Actual Rows": 1,"Actual Loops": 1,"Plans": [{"Node Type": "Aggregate","Strategy": "Hashed","Partial Mode": "Simple","Parent Relationship": "Subquery","Parallel Aware": false,"Async Capable": false,"Startup Cost": 124104.97,"Total Cost": 124255.08,"Plan Rows": 50,"Plan Width": 36,"Actual Startup Time": 2117.050,"Actual Total Time": 2118.993,"Actual Rows": 1,"Actual Loops": 1,"Group Key": ["lineitem.l_suppkey"],"Filter": "(sum((lineitem.l_extendedprice * ('1'::numeric - lineitem.l_discount))) = $0)","Planned Partitions": 0,"HashAgg Batches": 1,"Peak Memory Usage": 4497,"Disk Usage": 0,"Rows Removed by Filter": 9999,"Plans": [{"Node Type": "Bitmap Heap Scan","Parent Relationship": "Outer","Parallel Aware": false,"Async Capable": false,"Relation Name": "lineitem","Alias": "lineitem","Startup Cost": 5878.89,"Total Cost": 121815.74,"Plan Rows": 228923,"Plan Width": 16,"Actual Startup Time": 62.576,"Actual Total Time": 942.310,"Actual Rows": 230590,"Actual Loops": 1,"Recheck Cond": "((l_shipdate >= '1996-08-01'::date) AND (l_shipdate < '1996-11-01 00:00:00'::timestamp without time zone))","Rows Removed by Index Recheck": 0,"Exact Heap Blocks": 67243,"Lossy Heap Blocks": 0,"Plans": [{"Node Type": "Bitmap Index Scan","Parent Relationship": "Outer","Parallel Aware": false,"Async Capable": false,"Index Name": "idx_lineitem_shipdate","Startup Cost": 0.00,"Total Cost": 5821.66,"Plan Rows": 228923,"Plan Width": 0,"Actual Startup Time": 48.784,"Actual Total Time": 48.785,"Actual Rows": 230590,"Actual Loops": 1,"Index Cond": "((l_shipdate >= '1996-08-01'::date) AND (l_shipdate < '1996-11-01 00:00:00'::timestamp without time zone))"}]}]}]}]}]},"Planning Time": 4.845,"Triggers": [],"Execution Time": 2134.422}]
[{"Plan": {"Node Type": "Merge Join","Parallel Aware": false,"Async Capable": false,"Join Type": "Inner","Startup Cost": 248837.06,"Total Cost": 249357.95,"Plan Rows": 50,"Plan Width": 103,"Actual Startup Time": 1969.246,"Actual Total Time": 1969.306,"Actual Rows": 1,"Actual Loops": 1,"Inner Unique": true,"Merge Cond": "(supplier.s_suppkey = revenue0.supplier_no)","Plans": [{"Node Type": "Aggregate","Strategy": "Plain","Partial Mode": "Simple","Parent Relationship": "InitPlan","Subplan Name": "InitPlan 1 (returns $0)","Parallel Aware": false,"Async Capable": false,"Startup Cost": 124467.46,"Total Cost": 124467.47,"Plan Rows": 1,"Plan Width": 32,"Actual Startup Time": 899.835,"Actual Total Time": 899.853,"Actual Rows": 1,"Actual Loops": 1,"Plans": [{"Node Type": "Aggregate","Strategy": "Hashed","Partial Mode": "Simple","Parent Relationship": "Outer","Parallel Aware": false,"Async Capable": false,"Startup Cost": 124217.29,"Total Cost": 124342.37,"Plan Rows": 10007,"Plan Width": 36,"Actual Startup Time": 888.951,"Actual Total Time": 899.159,"Actual Rows": 10000,"Actual Loops": 1,"Group Key": ["lineitem_1.l_suppkey"],"Planned Partitions": 0,"HashAgg Batches": 1,"Peak Memory Usage": 4497,"Disk Usage": 0,"Plans": [{"Node Type": "Bitmap Heap Scan","Parent Relationship": "Outer","Parallel Aware": false,"Async Capable": false,"Relation Name": "lineitem","Alias": "lineitem_1","Startup Cost": 5666.73,"Total Cost": 122010.16,"Plan Rows": 220712,"Plan Width": 16,"Actual Startup Time": 50.799,"Actual Total Time": 691.660,"Actual Rows": 227315,"Actual Loops": 1,"Recheck Cond": "((l_shipdate >= '1994-04-01'::date) AND (l_shipdate < '1994-07-01 00:00:00'::timestamp without time zone))","Rows Removed by Index Recheck": 0,"Exact Heap Blocks": 67016,"Lossy Heap Blocks": 0,"Plans": [{"Node Type": "Bitmap Index Scan","Parent Relationship": "Outer","Parallel Aware": false,"Async Capable": false,"Index Name": "idx_lineitem_shipdate","Startup Cost": 0.00,"Total Cost": 5611.55,"Plan Rows": 220712,"Plan Width": 0,"Actual Startup Time": 36.979,"Actual Total Time": 36.992,"Actual Rows": 227315,"Actual Loops": 1,"Index Cond": "((l_shipdate >= '1994-04-01'::date) AND (l_shipdate < '1994-07-01 00:00:00'::timestamp without time zone))"}]}]}]},{"Node Type": "Index Scan","Parent Relationship": "Outer","Parallel Aware": false,"Async Capable": false,"Scan Direction": "Forward","Index Name": "supplier_pkey","Relation Name": "supplier","Alias": "supplier","Startup Cost": 0.29,"Total Cost": 495.43,"Plan Rows": 10000,"Plan Width": 71,"Actual Startup Time": 0.084,"Actual Total Time": 2.331,"Actual Rows": 1360,"Actual Loops": 1},{"Node Type": "Sort","Parent Relationship": "Inner","Parallel Aware": false,"Async Capable": false,"Startup Cost": 124369.30,"Total Cost": 124369.43,"Plan Rows": 50,"Plan Width": 36,"Actual Startup Time": 1966.772,"Actual Total Time": 1966.788,"Actual Rows": 1,"Actual Loops": 1,"Sort Key": ["revenue0.supplier_no"],"Sort Method": "quicksort","Sort Space Used": 25,"Sort Space Type": "Memory","Plans": [{"Node Type": "Subquery Scan","Parent Relationship": "Outer","Parallel Aware": false,"Async Capable": false,"Alias": "revenue0","Startup Cost": 124217.29,"Total Cost": 124367.89,"Plan Rows": 50,"Plan Width": 36,"Actual Startup Time": 1963.574,"Actual Total Time": 1966.737,"Actual Rows": 1,"Actual Loops": 1,"Plans": [{"Node Type": "Aggregate","Strategy": "Hashed","Partial Mode": "Simple","Parent Relationship": "Subquery","Parallel Aware": false,"Async Capable": false,"Startup Cost": 124217.29,"Total Cost": 124367.39,"Plan Rows": 50,"Plan Width": 36,"Actual Startup Time": 1963.555,"Actual Total Time": 1966.695,"Actual Rows": 1,"Actual Loops": 1,"Group Key": ["lineitem.l_suppkey"],"Filter": "(sum((lineitem.l_extendedprice * ('1'::numeric - lineitem.l_discount))) = $0)","Planned Partitions": 0,"HashAgg Batches": 1,"Peak Memory Usage": 4497,"Disk Usage": 0,"Rows Removed by Filter": 9999,"Plans": [{"Node Type": "Bitmap Heap Scan","Parent Relationship": "Outer","Parallel Aware": false,"Async Capable": false,"Relation Name": "lineitem","Alias": "lineitem","Startup Cost": 5666.73,"Total Cost": 122010.16,"Plan Rows": 220712,"Plan Width": 16,"Actual Startup Time": 49.894,"Actual Total Time": 881.952,"Actual Rows": 227315,"Actual Loops": 1,"Recheck Cond": "((l_shipdate >= '1994-04-01'::date) AND (l_shipdate < '1994-07-01 00:00:00'::timestamp without time zone))","Rows Removed by Index Recheck": 0,"Exact Heap Blocks": 67016,"Lossy Heap Blocks": 0,"Plans": [{"Node Type": "Bitmap Index Scan","Parent Relationship": "Outer","Parallel Aware": false,"Async Capable": false,"Index Name": "idx_lineitem_shipdate","Startup Cost": 0.00,"Total Cost": 5611.55,"Plan Rows": 220712,"Plan Width": 0,"Actual Startup Time": 36.453,"Actual Total Time": 36.453,"Actual Rows": 227315,"Actual Loops": 1,"Index Cond": "((l_shipdate >= '1994-04-01'::date) AND (l_shipdate < '1994-07-01 00:00:00'::timestamp without time zone))"}]}]}]}]}]},"Planning Time": 4.191,"Triggers": [],"Execution Time": 1974.742}]
[{"Plan": {"Node Type": "Merge Join","Parallel Aware": false,"Async Capable": false,"Join Type": "Inner","Startup Cost": 248512.46,"Total Cost": 249033.35,"Plan Rows": 50,"Plan Width": 103,"Actual Startup Time": 1933.150,"Actual Total Time": 1933.206,"Actual Rows": 1,"Actual Loops": 1,"Inner Unique": true,"Merge Cond": "(supplier.s_suppkey = revenue0.supplier_no)","Plans": [{"Node Type": "Aggregate","Strategy": "Plain","Partial Mode": "Simple","Parent Relationship": "InitPlan","Subplan Name": "InitPlan 1 (returns $0)","Parallel Aware": false,"Async Capable": false,"Startup Cost": 124305.16,"Total Cost": 124305.17,"Plan Rows": 1,"Plan Width": 32,"Actual Startup Time": 870.174,"Actual Total Time": 870.194,"Actual Rows": 1,"Actual Loops": 1,"Plans": [{"Node Type": "Aggregate","Strategy": "Hashed","Partial Mode": "Simple","Parent Relationship": "Outer","Parallel Aware": false,"Async Capable": false,"Startup Cost": 124054.99,"Total Cost": 124180.07,"Plan Rows": 10007,"Plan Width": 36,"Actual Startup Time": 862.742,"Actual Total Time": 869.556,"Actual Rows": 10000,"Actual Loops": 1,"Group Key": ["lineitem_1.l_suppkey"],"Planned Partitions": 0,"HashAgg Batches": 1,"Peak Memory Usage": 4497,"Disk Usage": 0,"Plans": [{"Node Type": "Bitmap Heap Scan","Parent Relationship": "Outer","Parallel Aware": false,"Async Capable": false,"Relation Name": "lineitem","Alias": "lineitem_1","Startup Cost": 5853.01,"Total Cost": 121775.40,"Plan Rows": 227959,"Plan Width": 16,"Actual Startup Time": 40.844,"Actual Total Time": 627.508,"Actual Rows": 229968,"Actual Loops": 1,"Recheck Cond": "((l_shipdate >= '1995-06-01'::date) AND (l_shipdate < '1995-09-01 00:00:00'::timestamp without time zone))","Rows Removed by Index Recheck": 0,"Exact Heap Blocks": 67407,"Lossy Heap Blocks": 0,"Plans": [{"Node Type": "Bitmap Index Scan","Parent Relationship": "Outer","Parallel Aware": false,"Async Capable": false,"Index Name": "idx_lineitem_shipdate","Startup Cost": 0.00,"Total Cost": 5796.02,"Plan Rows": 227959,"Plan Width": 0,"Actual Startup Time": 28.150,"Actual Total Time": 28.164,"Actual Rows": 229968,"Actual Loops": 1,"Index Cond": "((l_shipdate >= '1995-06-01'::date) AND (l_shipdate < '1995-09-01 00:00:00'::timestamp without time zone))"}]}]}]},{"Node Type": "Index Scan","Parent Relationship": "Outer","Parallel Aware": false,"Async Capable": false,"Scan Direction": "Forward","Index Name": "supplier_pkey","Relation Name": "supplier","Alias": "supplier","Startup Cost": 0.29,"Total Cost": 495.43,"Plan Rows": 10000,"Plan Width": 71,"Actual Startup Time": 0.101,"Actual Total Time": 2.514,"Actual Rows": 2933,"Actual Loops": 1},{"Node Type": "Sort","Parent Relationship": "Inner","Parallel Aware": false,"Async Capable": false,"Startup Cost": 124207.00,"Total Cost": 124207.13,"Plan Rows": 50,"Plan Width": 36,"Actual Startup Time": 1930.459,"Actual Total Time": 1930.480,"Actual Rows": 1,"Actual Loops": 1,"Sort Key": ["revenue0.supplier_no"],"Sort Method": "quicksort","Sort Space Used": 25,"Sort Space Type": "Memory","Plans": [{"Node Type": "Subquery Scan","Parent Relationship": "Outer","Parallel Aware": false,"Async Capable": false,"Alias": "revenue0","Startup Cost": 124054.99,"Total Cost": 124205.59,"Plan Rows": 50,"Plan Width": 36,"Actual Startup Time": 1925.907,"Actual Total Time": 1930.384,"Actual Rows": 1,"Actual Loops": 1,"Plans": [{"Node Type": "Aggregate","Strategy": "Hashed","Partial Mode": "Simple","Parent Relationship": "Subquery","Parallel Aware": false,"Async Capable": false,"Startup Cost": 124054.99,"Total Cost": 124205.09,"Plan Rows": 50,"Plan Width": 36,"Actual Startup Time": 1925.899,"Actual Total Time": 1930.352,"Actual Rows": 1,"Actual Loops": 1,"Group Key": ["lineitem.l_suppkey"],"Filter": "(sum((lineitem.l_extendedprice * ('1'::numeric - lineitem.l_discount))) = $0)","Planned Partitions": 0,"HashAgg Batches": 1,"Peak Memory Usage": 4497,"Disk Usage": 0,"Rows Removed by Filter": 9999,"Plans": [{"Node Type": "Bitmap Heap Scan","Parent Relationship": "Outer","Parallel Aware": false,"Async Capable": false,"Relation Name": "lineitem","Alias": "lineitem","Startup Cost": 5853.01,"Total Cost": 121775.40,"Plan Rows": 227959,"Plan Width": 16,"Actual Startup Time": 51.555,"Actual Total Time": 823.671,"Actual Rows": 229968,"Actual Loops": 1,"Recheck Cond": "((l_shipdate >= '1995-06-01'::date) AND (l_shipdate < '1995-09-01 00:00:00'::timestamp without time zone))","Rows Removed by Index Recheck": 0,"Exact Heap Blocks": 67407,"Lossy Heap Blocks": 0,"Plans": [{"Node Type": "Bitmap Index Scan","Parent Relationship": "Outer","Parallel Aware": false,"Async Capable": false,"Index Name": "idx_lineitem_shipdate","Startup Cost": 0.00,"Total Cost": 5796.02,"Plan Rows": 227959,"Plan Width": 0,"Actual Startup Time": 38.034,"Actual Total Time": 38.041,"Actual Rows": 229968,"Actual Loops": 1,"Index Cond": "((l_shipdate >= '1995-06-01'::date) AND (l_shipdate < '1995-09-01 00:00:00'::timestamp without time zone))"}]}]}]}]}]},"Planning Time": 4.159,"Triggers": [],"Execution Time": 1935.928}]
[{"Plan": {"Node Type": "Merge Join","Parallel Aware": false,"Async Capable": false,"Join Type": "Inner","Startup Cost": 248249.45,"Total Cost": 248770.35,"Plan Rows": 50,"Plan Width": 103,"Actual Startup Time": 1933.210,"Actual Total Time": 1933.238,"Actual Rows": 1,"Actual Loops": 1,"Inner Unique": true,"Merge Cond": "(supplier.s_suppkey = revenue0.supplier_no)","Plans": [{"Node Type": "Aggregate","Strategy": "Plain","Partial Mode": "Simple","Parent Relationship": "InitPlan","Subplan Name": "InitPlan 1 (returns $0)","Parallel Aware": false,"Async Capable": false,"Startup Cost": 124173.66,"Total Cost": 124173.67,"Plan Rows": 1,"Plan Width": 32,"Actual Startup Time": 840.754,"Actual Total Time": 840.766,"Actual Rows": 1,"Actual Loops": 1,"Plans": [{"Node Type": "Aggregate","Strategy": "Hashed","Partial Mode": "Simple","Parent Relationship": "Outer","Parallel Aware": false,"Async Capable": false,"Startup Cost": 123923.48,"Total Cost": 124048.57,"Plan Rows": 10007,"Plan Width": 36,"Actual Startup Time": 831.124,"Actual Total Time": 840.175,"Actual Rows": 10000,"Actual Loops": 1,"Group Key": ["lineitem_1.l_suppkey"],"Planned Partitions": 0,"HashAgg Batches": 1,"Peak Memory Usage": 4497,"Disk Usage": 0,"Plans": [{"Node Type": "Bitmap Heap Scan","Parent Relationship": "Outer","Parallel Aware": false,"Async Capable": false,"Relation Name": "lineitem","Alias": "lineitem_1","Startup Cost": 5786.40,"Total Cost": 121669.85,"Plan Rows": 225363,"Plan Width": 16,"Actual Startup Time": 50.816,"Actual Total Time": 670.813,"Actual Rows": 229315,"Actual Loops": 1,"Recheck Cond": "((l_shipdate >= '1994-05-01'::date) AND (l_shipdate < '1994-08-01 00:00:00'::timestamp without time zone))","Rows Removed by Index Recheck": 0,"Exact Heap Blocks": 67035,"Lossy Heap Blocks": 0,"Plans": [{"Node Type": "Bitmap Index Scan","Parent Relationship": "Outer","Parallel Aware": false,"Async Capable": false,"Index Name": "idx_lineitem_shipdate","Startup Cost": 0.00,"Total Cost": 5730.06,"Plan Rows": 225363,"Plan Width": 0,"Actual Startup Time": 37.324,"Actual Total Time": 37.329,"Actual Rows": 229315,"Actual Loops": 1,"Index Cond": "((l_shipdate >= '1994-05-01'::date) AND (l_shipdate < '1994-08-01 00:00:00'::timestamp without time zone))"}]}]}]},{"Node Type": "Index Scan","Parent Relationship": "Outer","Parallel Aware": false,"Async Capable": false,"Scan Direction": "Forward","Index Name": "supplier_pkey","Relation Name": "supplier","Alias": "supplier","Startup Cost": 0.29,"Total Cost": 495.43,"Plan Rows": 10000,"Plan Width": 71,"Actual Startup Time": 0.122,"Actual Total Time": 5.559,"Actual Rows": 3302,"Actual Loops": 1},{"Node Type": "Sort","Parent Relationship": "Inner","Parallel Aware": false,"Async Capable": false,"Startup Cost": 124075.50,"Total Cost": 124075.62,"Plan Rows": 50,"Plan Width": 36,"Actual Startup Time": 1927.428,"Actual Total Time": 1927.436,"Actual Rows": 1,"Actual Loops": 1,"Sort Key": ["revenue0.supplier_no"],"Sort Method": "quicksort","Sort Space Used": 25,"Sort Space Type": "Memory","Plans": [{"Node Type": "Subquery Scan","Parent Relationship": "Outer","Parallel Aware": false,"Async Capable": false,"Alias": "revenue0","Startup Cost": 123923.48,"Total Cost": 124074.09,"Plan Rows": 50,"Plan Width": 36,"Actual Startup Time": 1920.770,"Actual Total Time": 1927.389,"Actual Rows": 1,"Actual Loops": 1,"Plans": [{"Node Type": "Aggregate","Strategy": "Hashed","Partial Mode": "Simple","Parent Relationship": "Subquery","Parallel Aware": false,"Async Capable": false,"Startup Cost": 123923.48,"Total Cost": 124073.59,"Plan Rows": 50,"Plan Width": 36,"Actual Startup Time": 1920.765,"Actual Total Time": 1927.379,"Actual Rows": 1,"Actual Loops": 1,"Group Key": ["lineitem.l_suppkey"],"Filter": "(sum((lineitem.l_extendedprice * ('1'::numeric - lineitem.l_discount))) = $0)","Planned Partitions": 0,"HashAgg Batches": 1,"Peak Memory Usage": 4497,"Disk Usage": 0,"Rows Removed by Filter": 9999,"Plans": [{"Node Type": "Bitmap Heap Scan","Parent Relationship": "Outer","Parallel Aware": false,"Async Capable": false,"Relation Name": "lineitem","Alias": "lineitem","Startup Cost": 5786.40,"Total Cost": 121669.85,"Plan Rows": 225363,"Plan Width": 16,"Actual Startup Time": 48.974,"Actual Total Time": 887.234,"Actual Rows": 229315,"Actual Loops": 1,"Recheck Cond": "((l_shipdate >= '1994-05-01'::date) AND (l_shipdate < '1994-08-01 00:00:00'::timestamp without time zone))","Rows Removed by Index Recheck": 0,"Exact Heap Blocks": 67035,"Lossy Heap Blocks": 0,"Plans": [{"Node Type": "Bitmap Index Scan","Parent Relationship": "Outer","Parallel Aware": false,"Async Capable": false,"Index Name": "idx_lineitem_shipdate","Startup Cost": 0.00,"Total Cost": 5730.06,"Plan Rows": 225363,"Plan Width": 0,"Actual Startup Time": 35.843,"Actual Total Time": 35.843,"Actual Rows": 229315,"Actual Loops": 1,"Index Cond": "((l_shipdate >= '1994-05-01'::date) AND (l_shipdate < '1994-08-01 00:00:00'::timestamp without time zone))"}]}]}]}]}]},"Planning Time": 4.354,"Triggers": [],"Execution Time": 1936.888}]
[{"Plan": {"Node Type": "Merge Join","Parallel Aware": false,"Async Capable": false,"Join Type": "Inner","Startup Cost": 249258.26,"Total Cost": 249779.16,"Plan Rows": 50,"Plan Width": 103,"Actual Startup Time": 2049.284,"Actual Total Time": 2049.315,"Actual Rows": 1,"Actual Loops": 1,"Inner Unique": true,"Merge Cond": "(supplier.s_suppkey = revenue0.supplier_no)","Plans": [{"Node Type": "Aggregate","Strategy": "Plain","Partial Mode": "Simple","Parent Relationship": "InitPlan","Subplan Name": "InitPlan 1 (returns $0)","Parallel Aware": false,"Async Capable": false,"Startup Cost": 124678.06,"Total Cost": 124678.07,"Plan Rows": 1,"Plan Width": 32,"Actual Startup Time": 930.818,"Actual Total Time": 930.829,"Actual Rows": 1,"Actual Loops": 1,"Plans": [{"Node Type": "Aggregate","Strategy": "Hashed","Partial Mode": "Simple","Parent Relationship": "Outer","Parallel Aware": false,"Async Capable": false,"Startup Cost": 124427.89,"Total Cost": 124552.98,"Plan Rows": 10007,"Plan Width": 36,"Actual Startup Time": 924.477,"Actual Total Time": 930.237,"Actual Rows": 10000,"Actual Loops": 1,"Group Key": ["lineitem_1.l_suppkey"],"Planned Partitions": 0,"HashAgg Batches": 1,"Peak Memory Usage": 4497,"Disk Usage": 0,"Plans": [{"Node Type": "Bitmap Heap Scan","Parent Relationship": "Outer","Parallel Aware": false,"Async Capable": false,"Relation Name": "lineitem","Alias": "lineitem_1","Startup Cost": 5592.22,"Total Cost": 122250.53,"Plan Rows": 217735,"Plan Width": 16,"Actual Startup Time": 64.565,"Actual Total Time": 777.964,"Actual Rows": 222319,"Actual Loops": 1,"Recheck Cond": "((l_shipdate >= '1997-02-01'::date) AND (l_shipdate < '1997-05-01 00:00:00'::timestamp without time zone))","Rows Removed by Index Recheck": 0,"Exact Heap Blocks": 66311,"Lossy Heap Blocks": 0,"Plans": [{"Node Type": "Bitmap Index Scan","Parent Relationship": "Outer","Parallel Aware": false,"Async Capable": false,"Index Name": "idx_lineitem_shipdate","Startup Cost": 0.00,"Total Cost": 5537.78,"Plan Rows": 217735,"Plan Width": 0,"Actual Startup Time": 50.700,"Actual Total Time": 50.704,"Actual Rows": 222319,"Actual Loops": 1,"Index Cond": "((l_shipdate >= '1997-02-01'::date) AND (l_shipdate < '1997-05-01 00:00:00'::timestamp without time zone))"}]}]}]},{"Node Type": "Index Scan","Parent Relationship": "Outer","Parallel Aware": false,"Async Capable": false,"Scan Direction": "Forward","Index Name": "supplier_pkey","Relation Name": "supplier","Alias": "supplier","Startup Cost": 0.29,"Total Cost": 495.43,"Plan Rows": 10000,"Plan Width": 71,"Actual Startup Time": 0.105,"Actual Total Time": 1.005,"Actual Rows": 435,"Actual Loops": 1},{"Node Type": "Sort","Parent Relationship": "Inner","Parallel Aware": false,"Async Capable": false,"Startup Cost": 124579.90,"Total Cost": 124580.03,"Plan Rows": 50,"Plan Width": 36,"Actual Startup Time": 2048.234,"Actual Total Time": 2048.243,"Actual Rows": 1,"Actual Loops": 1,"Sort Key": ["revenue0.supplier_no"],"Sort Method": "quicksort","Sort Space Used": 25,"Sort Space Type": "Memory","Plans": [{"Node Type": "Subquery Scan","Parent Relationship": "Outer","Parallel Aware": false,"Async Capable": false,"Alias": "revenue0","Startup Cost": 124427.89,"Total Cost": 124578.49,"Plan Rows": 50,"Plan Width": 36,"Actual Startup Time": 2038.148,"Actual Total Time": 2048.197,"Actual Rows": 1,"Actual Loops": 1,"Plans": [{"Node Type": "Aggregate","Strategy": "Hashed","Partial Mode": "Simple","Parent Relationship": "Subquery","Parallel Aware": false,"Async Capable": false,"Startup Cost": 124427.89,"Total Cost": 124577.99,"Plan Rows": 50,"Plan Width": 36,"Actual Startup Time": 2038.142,"Actual Total Time": 2048.186,"Actual Rows": 1,"Actual Loops": 1,"Group Key": ["lineitem.l_suppkey"],"Filter": "(sum((lineitem.l_extendedprice * ('1'::numeric - lineitem.l_discount))) = $0)","Planned Partitions": 0,"HashAgg Batches": 1,"Peak Memory Usage": 4497,"Disk Usage": 0,"Rows Removed by Filter": 9999,"Plans": [{"Node Type": "Bitmap Heap Scan","Parent Relationship": "Outer","Parallel Aware": false,"Async Capable": false,"Relation Name": "lineitem","Alias": "lineitem","Startup Cost": 5592.22,"Total Cost": 122250.53,"Plan Rows": 217735,"Plan Width": 16,"Actual Startup Time": 61.157,"Actual Total Time": 924.315,"Actual Rows": 222319,"Actual Loops": 1,"Recheck Cond": "((l_shipdate >= '1997-02-01'::date) AND (l_shipdate < '1997-05-01 00:00:00'::timestamp without time zone))","Rows Removed by Index Recheck": 0,"Exact Heap Blocks": 66311,"Lossy Heap Blocks": 0,"Plans": [{"Node Type": "Bitmap Index Scan","Parent Relationship": "Outer","Parallel Aware": false,"Async Capable": false,"Index Name": "idx_lineitem_shipdate","Startup Cost": 0.00,"Total Cost": 5537.78,"Plan Rows": 217735,"Plan Width": 0,"Actual Startup Time": 47.523,"Actual Total Time": 47.523,"Actual Rows": 222319,"Actual Loops": 1,"Index Cond": "((l_shipdate >= '1997-02-01'::date) AND (l_shipdate < '1997-05-01 00:00:00'::timestamp without time zone))"}]}]}]}]}]},"Planning Time": 4.276,"Triggers": [],"Execution Time": 2055.156}]
[{"Plan": {"Node Type": "Merge Join","Parallel Aware": false,"Async Capable": false,"Join Type": "Inner","Startup Cost": 248396.78,"Total Cost": 248917.68,"Plan Rows": 50,"Plan Width": 103,"Actual Startup Time": 2095.850,"Actual Total Time": 2095.890,"Actual Rows": 1,"Actual Loops": 1,"Inner Unique": true,"Merge Cond": "(supplier.s_suppkey = revenue0.supplier_no)","Plans": [{"Node Type": "Aggregate","Strategy": "Plain","Partial Mode": "Simple","Parent Relationship": "InitPlan","Subplan Name": "InitPlan 1 (returns $0)","Parallel Aware": false,"Async Capable": false,"Startup Cost": 124247.32,"Total Cost": 124247.33,"Plan Rows": 1,"Plan Width": 32,"Actual Startup Time": 948.091,"Actual Total Time": 948.105,"Actual Rows": 1,"Actual Loops": 1,"Plans": [{"Node Type": "Aggregate","Strategy": "Hashed","Partial Mode": "Simple","Parent Relationship": "Outer","Parallel Aware": false,"Async Capable": false,"Startup Cost": 123997.15,"Total Cost": 124122.24,"Plan Rows": 10007,"Plan Width": 36,"Actual Startup Time": 942.301,"Actual Total Time": 947.490,"Actual Rows": 10000,"Actual Loops": 1,"Group Key": ["lineitem_1.l_suppkey"],"Planned Partitions": 0,"HashAgg Batches": 1,"Peak Memory Usage": 4497,"Disk Usage": 0,"Plans": [{"Node Type": "Bitmap Heap Scan","Parent Relationship": "Outer","Parallel Aware": false,"Async Capable": false,"Relation Name": "lineitem","Alias": "lineitem_1","Startup Cost": 5824.85,"Total Cost": 121729.43,"Plan Rows": 226772,"Plan Width": 16,"Actual Startup Time": 65.919,"Actual Total Time": 796.903,"Actual Rows": 228852,"Actual Loops": 1,"Recheck Cond": "((l_shipdate >= '1995-09-01'::date) AND (l_shipdate < '1995-12-01 00:00:00'::timestamp without time zone))","Rows Removed by Index Recheck": 0,"Exact Heap Blocks": 67143,"Lossy Heap Blocks": 0,"Plans": [{"Node Type": "Bitmap Index Scan","Parent Relationship": "Outer","Parallel Aware": false,"Async Capable": false,"Index Name": "idx_lineitem_shipdate","Startup Cost": 0.00,"Total Cost": 5768.15,"Plan Rows": 226772,"Plan Width": 0,"Actual Startup Time": 51.856,"Actual Total Time": 51.860,"Actual Rows": 228852,"Actual Loops": 1,"Index Cond": "((l_shipdate >= '1995-09-01'::date) AND (l_shipdate < '1995-12-01 00:00:00'::timestamp without time zone))"}]}]}]},{"Node Type": "Index Scan","Parent Relationship": "Outer","Parallel Aware": false,"Async Capable": false,"Scan Direction": "Forward","Index Name": "supplier_pkey","Relation Name": "supplier","Alias": "supplier","Startup Cost": 0.29,"Total Cost": 495.43,"Plan Rows": 10000,"Plan Width": 71,"Actual Startup Time": 0.115,"Actual Total Time": 10.908,"Actual Rows": 6981,"Actual Loops": 1},{"Node Type": "Sort","Parent Relationship": "Inner","Parallel Aware": false,"Async Capable": false,"Startup Cost": 124149.17,"Total Cost": 124149.29,"Plan Rows": 50,"Plan Width": 36,"Actual Startup Time": 2084.538,"Actual Total Time": 2084.549,"Actual Rows": 1,"Actual Loops": 1,"Sort Key": ["revenue0.supplier_no"],"Sort Method": "quicksort","Sort Space Used": 25,"Sort Space Type": "Memory","Plans": [{"Node Type": "Subquery Scan","Parent Relationship": "Outer","Parallel Aware": false,"Async Capable": false,"Alias": "revenue0","Startup Cost": 123997.15,"Total Cost": 124147.75,"Plan Rows": 50,"Plan Width": 36,"Actual Startup Time": 2063.527,"Actual Total Time": 2084.498,"Actual Rows": 1,"Actual Loops": 1,"Plans": [{"Node Type": "Aggregate","Strategy": "Hashed","Partial Mode": "Simple","Parent Relationship": "Subquery","Parallel Aware": false,"Async Capable": false,"Startup Cost": 123997.15,"Total Cost": 124147.25,"Plan Rows": 50,"Plan Width": 36,"Actual Startup Time": 2063.519,"Actual Total Time": 2084.488,"Actual Rows": 1,"Actual Loops": 1,"Group Key": ["lineitem.l_suppkey"],"Filter": "(sum((lineitem.l_extendedprice * ('1'::numeric - lineitem.l_discount))) = $0)","Planned Partitions": 0,"HashAgg Batches": 1,"Peak Memory Usage": 4497,"Disk Usage": 0,"Rows Removed by Filter": 9999,"Plans": [{"Node Type": "Bitmap Heap Scan","Parent Relationship": "Outer","Parallel Aware": false,"Async Capable": false,"Relation Name": "lineitem","Alias": "lineitem","Startup Cost": 5824.85,"Total Cost": 121729.43,"Plan Rows": 226772,"Plan Width": 16,"Actual Startup Time": 62.224,"Actual Total Time": 938.636,"Actual Rows": 228852,"Actual Loops": 1,"Recheck Cond": "((l_shipdate >= '1995-09-01'::date) AND (l_shipdate < '1995-12-01 00:00:00'::timestamp without time zone))","Rows Removed by Index Recheck": 0,"Exact Heap Blocks": 67143,"Lossy Heap Blocks": 0,"Plans": [{"Node Type": "Bitmap Index Scan","Parent Relationship": "Outer","Parallel Aware": false,"Async Capable": false,"Index Name": "idx_lineitem_shipdate","Startup Cost": 0.00,"Total Cost": 5768.15,"Plan Rows": 226772,"Plan Width": 0,"Actual Startup Time": 48.458,"Actual Total Time": 48.459,"Actual Rows": 228852,"Actual Loops": 1,"Index Cond": "((l_shipdate >= '1995-09-01'::date) AND (l_shipdate < '1995-12-01 00:00:00'::timestamp without time zone))"}]}]}]}]}]},"Planning Time": 4.958,"Triggers": [],"Execution Time": 2102.199}]
[{"Plan": {"Node Type": "Merge Join","Parallel Aware": false,"Async Capable": false,"Join Type": "Inner","Startup Cost": 248878.98,"Total Cost": 249399.87,"Plan Rows": 50,"Plan Width": 103,"Actual Startup Time": 1926.035,"Actual Total Time": 1926.074,"Actual Rows": 1,"Actual Loops": 1,"Inner Unique": true,"Merge Cond": "(supplier.s_suppkey = revenue0.supplier_no)","Plans": [{"Node Type": "Aggregate","Strategy": "Plain","Partial Mode": "Simple","Parent Relationship": "InitPlan","Subplan Name": "InitPlan 1 (returns $0)","Parallel Aware": false,"Async Capable": false,"Startup Cost": 124488.42,"Total Cost": 124488.43,"Plan Rows": 1,"Plan Width": 32,"Actual Startup Time": 836.881,"Actual Total Time": 836.892,"Actual Rows": 1,"Actual Loops": 1,"Plans": [{"Node Type": "Aggregate","Strategy": "Hashed","Partial Mode": "Simple","Parent Relationship": "Outer","Parallel Aware": false,"Async Capable": false,"Startup Cost": 124238.24,"Total Cost": 124363.33,"Plan Rows": 10007,"Plan Width": 36,"Actual Startup Time": 829.174,"Actual Total Time": 836.298,"Actual Rows": 10000,"Actual Loops": 1,"Group Key": ["lineitem_1.l_suppkey"],"Planned Partitions": 0,"HashAgg Batches": 1,"Peak Memory Usage": 4497,"Disk Usage": 0,"Plans": [{"Node Type": "Bitmap Heap Scan","Parent Relationship": "Outer","Parallel Aware": false,"Async Capable": false,"Relation Name": "lineitem","Alias": "lineitem_1","Startup Cost": 5946.01,"Total Cost": 121922.55,"Plan Rows": 231569,"Plan Width": 16,"Actual Startup Time": 58.548,"Actual Total Time": 683.907,"Actual Rows": 231305,"Actual Loops": 1,"Recheck Cond": "((l_shipdate >= '1995-08-01'::date) AND (l_shipdate < '1995-11-01 00:00:00'::timestamp without time zone))","Rows Removed by Index Recheck": 0,"Exact Heap Blocks": 67198,"Lossy Heap Blocks": 0,"Plans": [{"Node Type": "Bitmap Index Scan","Parent Relationship": "Outer","Parallel Aware": false,"Async Capable": false,"Index Name": "idx_lineitem_shipdate","Startup Cost": 0.00,"Total Cost": 5888.12,"Plan Rows": 231569,"Plan Width": 0,"Actual Startup Time": 44.811,"Actual Total Time": 44.815,"Actual Rows": 231305,"Actual Loops": 1,"Index Cond": "((l_shipdate >= '1995-08-01'::date) AND (l_shipdate < '1995-11-01 00:00:00'::timestamp without time zone))"}]}]}]},{"Node Type": "Index Scan","Parent Relationship": "Outer","Parallel Aware": false,"Async Capable": false,"Scan Direction": "Forward","Index Name": "supplier_pkey","Relation Name": "supplier","Alias": "supplier","Startup Cost": 0.29,"Total Cost": 495.43,"Plan Rows": 10000,"Plan Width": 71,"Actual Startup Time": 0.102,"Actual Total Time": 3.125,"Actual Rows": 1822,"Actual Loops": 1},{"Node Type": "Sort","Parent Relationship": "Inner","Parallel Aware": false,"Async Capable": false,"Startup Cost": 124390.26,"Total Cost": 124390.39,"Plan Rows": 50,"Plan Width": 36,"Actual Startup Time": 1922.770,"Actual Total Time": 1922.783,"Actual Rows": 1,"Actual Loops": 1,"Sort Key": ["revenue0.supplier_no"],"Sort Method": "quicksort","Sort Space Used": 25,"Sort Space Type": "Memory","Plans": [{"Node Type": "Subquery Scan","Parent Relationship": "Outer","Parallel Aware": false,"Async Capable": false,"Alias": "revenue0","Startup Cost": 124238.24,"Total Cost": 124388.85,"Plan Rows": 50,"Plan Width": 36,"Actual Startup Time": 1898.789,"Actual Total Time": 1922.734,"Actual Rows": 1,"Actual Loops": 1,"Plans": [{"Node Type": "Aggregate","Strategy": "Hashed","Partial Mode": "Simple","Parent Relationship": "Subquery","Parallel Aware": false,"Async Capable": false,"Startup Cost": 124238.24,"Total Cost": 124388.35,"Plan Rows": 50,"Plan Width": 36,"Actual Startup Time": 1898.783,"Actual Total Time": 1922.722,"Actual Rows": 1,"Actual Loops": 1,"Group Key": ["lineitem.l_suppkey"],"Filter": "(sum((lineitem.l_extendedprice * ('1'::numeric - lineitem.l_discount))) = $0)","Planned Partitions": 0,"HashAgg Batches": 1,"Peak Memory Usage": 4497,"Disk Usage": 0,"Rows Removed by Filter": 9999,"Plans": [{"Node Type": "Bitmap Heap Scan","Parent Relationship": "Outer","Parallel Aware": false,"Async Capable": false,"Relation Name": "lineitem","Alias": "lineitem","Startup Cost": 5946.01,"Total Cost": 121922.55,"Plan Rows": 231569,"Plan Width": 16,"Actual Startup Time": 58.467,"Actual Total Time": 886.844,"Actual Rows": 231305,"Actual Loops": 1,"Recheck Cond": "((l_shipdate >= '1995-08-01'::date) AND (l_shipdate < '1995-11-01 00:00:00'::timestamp without time zone))","Rows Removed by Index Recheck": 0,"Exact Heap Blocks": 67198,"Lossy Heap Blocks": 0,"Plans": [{"Node Type": "Bitmap Index Scan","Parent Relationship": "Outer","Parallel Aware": false,"Async Capable": false,"Index Name": "idx_lineitem_shipdate","Startup Cost": 0.00,"Total Cost": 5888.12,"Plan Rows": 231569,"Plan Width": 0,"Actual Startup Time": 45.062,"Actual Total Time": 45.065,"Actual Rows": 231305,"Actual Loops": 1,"Index Cond": "((l_shipdate >= '1995-08-01'::date) AND (l_shipdate < '1995-11-01 00:00:00'::timestamp without time zone))"}]}]}]}]}]},"Planning Time": 4.599,"Triggers": [],"Execution Time": 1928.090}]
[{"Plan": {"Node Type": "Merge Join","Parallel Aware": false,"Async Capable": false,"Join Type": "Inner","Startup Cost": 248983.50,"Total Cost": 249504.39,"Plan Rows": 50,"Plan Width": 103,"Actual Startup Time": 1938.743,"Actual Total Time": 1938.793,"Actual Rows": 1,"Actual Loops": 1,"Inner Unique": true,"Merge Cond": "(supplier.s_suppkey = revenue0.supplier_no)","Plans": [{"Node Type": "Aggregate","Strategy": "Plain","Partial Mode": "Simple","Parent Relationship": "InitPlan","Subplan Name": "InitPlan 1 (returns $0)","Parallel Aware": false,"Async Capable": false,"Startup Cost": 124540.68,"Total Cost": 124540.69,"Plan Rows": 1,"Plan Width": 32,"Actual Startup Time": 839.155,"Actual Total Time": 839.170,"Actual Rows": 1,"Actual Loops": 1,"Plans": [{"Node Type": "Aggregate","Strategy": "Hashed","Partial Mode": "Simple","Parent Relationship": "Outer","Parallel Aware": false,"Async Capable": false,"Startup Cost": 124290.50,"Total Cost": 124415.59,"Plan Rows": 10007,"Plan Width": 36,"Actual Startup Time": 829.011,"Actual Total Time": 838.572,"Actual Rows": 10000,"Actual Loops": 1,"Group Key": ["lineitem_1.l_suppkey"],"Planned Partitions": 0,"HashAgg Batches": 1,"Peak Memory Usage": 4497,"Disk Usage": 0,"Plans": [{"Node Type": "Bitmap Heap Scan","Parent Relationship": "Outer","Parallel Aware": false,"Async Capable": false,"Relation Name": "lineitem","Alias": "lineitem_1","Startup Cost": 5640.16,"Total Cost": 122093.70,"Plan Rows": 219681,"Plan Width": 16,"Actual Startup Time": 57.904,"Actual Total Time": 668.211,"Actual Rows": 225815,"Actual Loops": 1,"Recheck Cond": "((l_shipdate >= '1996-12-01'::date) AND (l_shipdate < '1997-03-01 00:00:00'::timestamp without time zone))","Rows Removed by Index Recheck": 0,"Exact Heap Blocks": 66669,"Lossy Heap Blocks": 0,"Plans": [{"Node Type": "Bitmap Index Scan","Parent Relationship": "Outer","Parallel Aware": false,"Async Capable": false,"Index Name": "idx_lineitem_shipdate","Startup Cost": 0.00,"Total Cost": 5585.24,"Plan Rows": 219681,"Plan Width": 0,"Actual Startup Time": 44.432,"Actual Total Time": 44.435,"Actual Rows": 225815,"Actual Loops": 1,"Index Cond": "((l_shipdate >= '1996-12-01'::date) AND (l_shipdate < '1997-03-01 00:00:00'::timestamp without time zone))"}]}]}]},{"Node Type": "Index Scan","Parent Relationship": "Outer","Parallel Aware": false,"Async Capable": false,"Scan Direction": "Forward","Index Name": "supplier_pkey","Relation Name": "supplier","Alias": "supplier","Startup Cost": 0.29,"Total Cost": 495.43,"Plan Rows": 10000,"Plan Width": 71,"Actual Startup Time": 0.092,"Actual Total Time": 9.144,"Actual Rows": 5992,"Actual Loops": 1},{"Node Type": "Sort","Parent Relationship": "Inner","Parallel Aware": false,"Async Capable": false,"Startup Cost": 124442.52,"Total Cost": 124442.65,"Plan Rows": 50,"Plan Width": 36,"Actual Startup Time": 1929.238,"Actual Total Time": 1929.255,"Actual Rows": 1,"Actual Loops": 1,"Sort Key": ["revenue0.supplier_no"],"Sort Method": "quicksort","Sort Space Used": 25,"Sort Space Type": "Memory","Plans": [{"Node Type": "Subquery Scan","Parent Relationship": "Outer","Parallel Aware": false,"Async Capable": false,"Alias": "revenue0","Startup Cost": 124290.50,"Total Cost": 124441.11,"Plan Rows": 50,"Plan Width": 36,"Actual Startup Time": 1899.450,"Actual Total Time": 1929.215,"Actual Rows": 1,"Actual Loops": 1,"Plans": [{"Node Type": "Aggregate","Strategy": "Hashed","Partial Mode": "Simple","Parent Relationship": "Subquery","Parallel Aware": false,"Async Capable": false,"Startup Cost": 124290.50,"Total Cost": 124440.61,"Plan Rows": 50,"Plan Width": 36,"Actual Startup Time": 1899.446,"Actual Total Time": 1929.206,"Actual Rows": 1,"Actual Loops": 1,"Group Key": ["lineitem.l_suppkey"],"Filter": "(sum((lineitem.l_extendedprice * ('1'::numeric - lineitem.l_discount))) = $0)","Planned Partitions": 0,"HashAgg Batches": 1,"Peak Memory Usage": 4497,"Disk Usage": 0,"Rows Removed by Filter": 9999,"Plans": [{"Node Type": "Bitmap Heap Scan","Parent Relationship": "Outer","Parallel Aware": false,"Async Capable": false,"Relation Name": "lineitem","Alias": "lineitem","Startup Cost": 5640.16,"Total Cost": 122093.70,"Plan Rows": 219681,"Plan Width": 16,"Actual Startup Time": 57.890,"Actual Total Time": 893.942,"Actual Rows": 225815,"Actual Loops": 1,"Recheck Cond": "((l_shipdate >= '1996-12-01'::date) AND (l_shipdate < '1997-03-01 00:00:00'::timestamp without time zone))","Rows Removed by Index Recheck": 0,"Exact Heap Blocks": 66669,"Lossy Heap Blocks": 0,"Plans": [{"Node Type": "Bitmap Index Scan","Parent Relationship": "Outer","Parallel Aware": false,"Async Capable": false,"Index Name": "idx_lineitem_shipdate","Startup Cost": 0.00,"Total Cost": 5585.24,"Plan Rows": 219681,"Plan Width": 0,"Actual Startup Time": 44.501,"Actual Total Time": 44.501,"Actual Rows": 225815,"Actual Loops": 1,"Index Cond": "((l_shipdate >= '1996-12-01'::date) AND (l_shipdate < '1997-03-01 00:00:00'::timestamp without time zone))"}]}]}]}]}]},"Planning Time": 4.317,"Triggers": [],"Execution Time": 1941.817}]
[{"Plan": {"Node Type": "Merge Join","Parallel Aware": false,"Async Capable": false,"Join Type": "Inner","Startup Cost": 248512.46,"Total Cost": 249033.35,"Plan Rows": 50,"Plan Width": 103,"Actual Startup Time": 1933.150,"Actual Total Time": 1933.206,"Actual Rows": 1,"Actual Loops": 1,"Inner Unique": true,"Merge Cond": "(supplier.s_suppkey = revenue0.supplier_no)","Plans": [{"Node Type": "Aggregate","Strategy": "Plain","Partial Mode": "Simple","Parent Relationship": "InitPlan","Subplan Name": "InitPlan 1 (returns $0)","Parallel Aware": false,"Async Capable": false,"Startup Cost": 124305.16,"Total Cost": 124305.17,"Plan Rows": 1,"Plan Width": 32,"Actual Startup Time": 870.174,"Actual Total Time": 870.194,"Actual Rows": 1,"Actual Loops": 1,"Plans": [{"Node Type": "Aggregate","Strategy": "Hashed","Partial Mode": "Simple","Parent Relationship": "Outer","Parallel Aware": false,"Async Capable": false,"Startup Cost": 124054.99,"Total Cost": 124180.07,"Plan Rows": 10007,"Plan Width": 36,"Actual Startup Time": 862.742,"Actual Total Time": 869.556,"Actual Rows": 10000,"Actual Loops": 1,"Group Key": ["lineitem_1.l_suppkey"],"Planned Partitions": 0,"HashAgg Batches": 1,"Peak Memory Usage": 4497,"Disk Usage": 0,"Plans": [{"Node Type": "Bitmap Heap Scan","Parent Relationship": "Outer","Parallel Aware": false,"Async Capable": false,"Relation Name": "lineitem","Alias": "lineitem_1","Startup Cost": 5853.01,"Total Cost": 121775.40,"Plan Rows": 227959,"Plan Width": 16,"Actual Startup Time": 40.844,"Actual Total Time": 627.508,"Actual Rows": 229968,"Actual Loops": 1,"Recheck Cond": "((l_shipdate >= '1995-06-01'::date) AND (l_shipdate < '1995-09-01 00:00:00'::timestamp without time zone))","Rows Removed by Index Recheck": 0,"Exact Heap Blocks": 67407,"Lossy Heap Blocks": 0,"Plans": [{"Node Type": "Bitmap Index Scan","Parent Relationship": "Outer","Parallel Aware": false,"Async Capable": false,"Index Name": "idx_lineitem_shipdate","Startup Cost": 0.00,"Total Cost": 5796.02,"Plan Rows": 227959,"Plan Width": 0,"Actual Startup Time": 28.150,"Actual Total Time": 28.164,"Actual Rows": 229968,"Actual Loops": 1,"Index Cond": "((l_shipdate >= '1995-06-01'::date) AND (l_shipdate < '1995-09-01 00:00:00'::timestamp without time zone))"}]}]}]},{"Node Type": "Index Scan","Parent Relationship": "Outer","Parallel Aware": false,"Async Capable": false,"Scan Direction": "Forward","Index Name": "supplier_pkey","Relation Name": "supplier","Alias": "supplier","Startup Cost": 0.29,"Total Cost": 495.43,"Plan Rows": 10000,"Plan Width": 71,"Actual Startup Time": 0.101,"Actual Total Time": 2.514,"Actual Rows": 2933,"Actual Loops": 1},{"Node Type": "Sort","Parent Relationship": "Inner","Parallel Aware": false,"Async Capable": false,"Startup Cost": 124207.00,"Total Cost": 124207.13,"Plan Rows": 50,"Plan Width": 36,"Actual Startup Time": 1930.459,"Actual Total Time": 1930.480,"Actual Rows": 1,"Actual Loops": 1,"Sort Key": ["revenue0.supplier_no"],"Sort Method": "quicksort","Sort Space Used": 25,"Sort Space Type": "Memory","Plans": [{"Node Type": "Subquery Scan","Parent Relationship": "Outer","Parallel Aware": false,"Async Capable": false,"Alias": "revenue0","Startup Cost": 124054.99,"Total Cost": 124205.59,"Plan Rows": 50,"Plan Width": 36,"Actual Startup Time": 1925.907,"Actual Total Time": 1930.384,"Actual Rows": 1,"Actual Loops": 1,"Plans": [{"Node Type": "Aggregate","Strategy": "Hashed","Partial Mode": "Simple","Parent Relationship": "Subquery","Parallel Aware": false,"Async Capable": false,"Startup Cost": 124054.99,"Total Cost": 124205.09,"Plan Rows": 50,"Plan Width": 36,"Actual Startup Time": 1925.899,"Actual Total Time": 1930.352,"Actual Rows": 1,"Actual Loops": 1,"Group Key": ["lineitem.l_suppkey"],"Filter": "(sum((lineitem.l_extendedprice * ('1'::numeric - lineitem.l_discount))) = $0)","Planned Partitions": 0,"HashAgg Batches": 1,"Peak Memory Usage": 4497,"Disk Usage": 0,"Rows Removed by Filter": 9999,"Plans": [{"Node Type": "Bitmap Heap Scan","Parent Relationship": "Outer","Parallel Aware": false,"Async Capable": false,"Relation Name": "lineitem","Alias": "lineitem","Startup Cost": 5853.01,"Total Cost": 121775.40,"Plan Rows": 227959,"Plan Width": 16,"Actual Startup Time": 51.555,"Actual Total Time": 823.671,"Actual Rows": 229968,"Actual Loops": 1,"Recheck Cond": "((l_shipdate >= '1995-06-01'::date) AND (l_shipdate < '1995-09-01 00:00:00'::timestamp without time zone))","Rows Removed by Index Recheck": 0,"Exact Heap Blocks": 67407,"Lossy Heap Blocks": 0,"Plans": [{"Node Type": "Bitmap Index Scan","Parent Relationship": "Outer","Parallel Aware": false,"Async Capable": false,"Index Name": "idx_lineitem_shipdate","Startup Cost": 0.00,"Total Cost": 5796.02,"Plan Rows": 227959,"Plan Width": 0,"Actual Startup Time": 38.034,"Actual Total Time": 38.041,"Actual Rows": 229968,"Actual Loops": 1,"Index Cond": "((l_shipdate >= '1995-06-01'::date) AND (l_shipdate < '1995-09-01 00:00:00'::timestamp without time zone))"}]}]}]}]}]},"Planning Time": 4.159,"Triggers": [],"Execution Time": 1935.928}]
[{"Plan": {"Node Type": "Merge Join","Parallel Aware": false,"Async Capable": false,"Join Type": "Inner","Startup Cost": 248394.89,"Total Cost": 248915.78,"Plan Rows": 50,"Plan Width": 103,"Actual Startup Time": 2089.409,"Actual Total Time": 2089.441,"Actual Rows": 1,"Actual Loops": 1,"Inner Unique": true,"Merge Cond": "(supplier.s_suppkey = revenue0.supplier_no)","Plans": [{"Node Type": "Aggregate","Strategy": "Plain","Partial Mode": "Simple","Parent Relationship": "InitPlan","Subplan Name": "InitPlan 1 (returns $0)","Parallel Aware": false,"Async Capable": false,"Startup Cost": 124246.37,"Total Cost": 124246.38,"Plan Rows": 1,"Plan Width": 32,"Actual Startup Time": 948.769,"Actual Total Time": 948.777,"Actual Rows": 1,"Actual Loops": 1,"Plans": [{"Node Type": "Aggregate","Strategy": "Hashed","Partial Mode": "Simple","Parent Relationship": "Outer","Parallel Aware": false,"Async Capable": false,"Startup Cost": 123996.20,"Total Cost": 124121.29,"Plan Rows": 10007,"Plan Width": 36,"Actual Startup Time": 940.788,"Actual Total Time": 948.181,"Actual Rows": 10000,"Actual Loops": 1,"Group Key": ["lineitem_1.l_suppkey"],"Planned Partitions": 0,"HashAgg Batches": 1,"Peak Memory Usage": 4497,"Disk Usage": 0,"Plans": [{"Node Type": "Bitmap Heap Scan","Parent Relationship": "Outer","Parallel Aware": false,"Async Capable": false,"Relation Name": "lineitem","Alias": "lineitem_1","Startup Cost": 5746.17,"Total Cost": 121758.41,"Plan Rows": 223779,"Plan Width": 16,"Actual Startup Time": 59.844,"Actual Total Time": 791.139,"Actual Rows": 229391,"Actual Loops": 1,"Recheck Cond": "((l_shipdate >= '1995-11-01'::date) AND (l_shipdate < '1996-02-01 00:00:00'::timestamp without time zone))","Rows Removed by Index Recheck": 0,"Exact Heap Blocks": 67359,"Lossy Heap Blocks": 0,"Plans": [{"Node Type": "Bitmap Index Scan","Parent Relationship": "Outer","Parallel Aware": false,"Async Capable": false,"Index Name": "idx_lineitem_shipdate","Startup Cost": 0.00,"Total Cost": 5690.22,"Plan Rows": 223779,"Plan Width": 0,"Actual Startup Time": 45.751,"Actual Total Time": 45.753,"Actual Rows": 229391,"Actual Loops": 1,"Index Cond": "((l_shipdate >= '1995-11-01'::date) AND (l_shipdate < '1996-02-01 00:00:00'::timestamp without time zone))"}]}]}]},{"Node Type": "Index Scan","Parent Relationship": "Outer","Parallel Aware": false,"Async Capable": false,"Scan Direction": "Forward","Index Name": "supplier_pkey","Relation Name": "supplier","Alias": "supplier","Startup Cost": 0.29,"Total Cost": 495.43,"Plan Rows": 10000,"Plan Width": 71,"Actual Startup Time": 0.110,"Actual Total Time": 8.010,"Actual Rows": 4886,"Actual Loops": 1},{"Node Type": "Sort","Parent Relationship": "Inner","Parallel Aware": false,"Async Capable": false,"Startup Cost": 124148.22,"Total Cost": 124148.34,"Plan Rows": 50,"Plan Width": 36,"Actual Startup Time": 2081.101,"Actual Total Time": 2081.114,"Actual Rows": 1,"Actual Loops": 1,"Sort Key": ["revenue0.supplier_no"],"Sort Method": "quicksort","Sort Space Used": 25,"Sort Space Type": "Memory","Plans": [{"Node Type": "Subquery Scan","Parent Relationship": "Outer","Parallel Aware": false,"Async Capable": false,"Alias": "revenue0","Startup Cost": 123996.20,"Total Cost": 124146.80,"Plan Rows": 50,"Plan Width": 36,"Actual Startup Time": 2074.974,"Actual Total Time": 2081.065,"Actual Rows": 1,"Actual Loops": 1,"Plans": [{"Node Type": "Aggregate","Strategy": "Hashed","Partial Mode": "Simple","Parent Relationship": "Subquery","Parallel Aware": false,"Async Capable": false,"Startup Cost": 123996.20,"Total Cost": 124146.30,"Plan Rows": 50,"Plan Width": 36,"Actual Startup Time": 2074.966,"Actual Total Time": 2081.051,"Actual Rows": 1,"Actual Loops": 1,"Group Key": ["lineitem.l_suppkey"],"Filter": "(sum((lineitem.l_extendedprice * ('1'::numeric - lineitem.l_discount))) = $0)","Planned Partitions": 0,"HashAgg Batches": 1,"Peak Memory Usage": 4497,"Disk Usage": 0,"Rows Removed by Filter": 9999,"Plans": [{"Node Type": "Bitmap Heap Scan","Parent Relationship": "Outer","Parallel Aware": false,"Async Capable": false,"Relation Name": "lineitem","Alias": "lineitem","Startup Cost": 5746.17,"Total Cost": 121758.41,"Plan Rows": 223779,"Plan Width": 16,"Actual Startup Time": 56.964,"Actual Total Time": 937.159,"Actual Rows": 229391,"Actual Loops": 1,"Recheck Cond": "((l_shipdate >= '1995-11-01'::date) AND (l_shipdate < '1996-02-01 00:00:00'::timestamp without time zone))","Rows Removed by Index Recheck": 0,"Exact Heap Blocks": 67359,"Lossy Heap Blocks": 0,"Plans": [{"Node Type": "Bitmap Index Scan","Parent Relationship": "Outer","Parallel Aware": false,"Async Capable": false,"Index Name": "idx_lineitem_shipdate","Startup Cost": 0.00,"Total Cost": 5690.22,"Plan Rows": 223779,"Plan Width": 0,"Actual Startup Time": 43.201,"Actual Total Time": 43.205,"Actual Rows": 229391,"Actual Loops": 1,"Index Cond": "((l_shipdate >= '1995-11-01'::date) AND (l_shipdate < '1996-02-01 00:00:00'::timestamp without time zone))"}]}]}]}]}]},"Planning Time": 5.341,"Triggers": [],"Execution Time": 2095.570}]
[{"Plan": {"Node Type": "Merge Join","Parallel Aware": false,"Async Capable": false,"Join Type": "Inner","Startup Cost": 249160.41,"Total Cost": 249681.31,"Plan Rows": 50,"Plan Width": 103,"Actual Startup Time": 2073.279,"Actual Total Time": 2073.319,"Actual Rows": 1,"Actual Loops": 1,"Inner Unique": true,"Merge Cond": "(supplier.s_suppkey = revenue0.supplier_no)","Plans": [{"Node Type": "Aggregate","Strategy": "Plain","Partial Mode": "Simple","Parent Relationship": "InitPlan","Subplan Name": "InitPlan 1 (returns $0)","Parallel Aware": false,"Async Capable": false,"Startup Cost": 124629.14,"Total Cost": 124629.15,"Plan Rows": 1,"Plan Width": 32,"Actual Startup Time": 939.006,"Actual Total Time": 939.018,"Actual Rows": 1,"Actual Loops": 1,"Plans": [{"Node Type": "Aggregate","Strategy": "Hashed","Partial Mode": "Simple","Parent Relationship": "Outer","Parallel Aware": false,"Async Capable": false,"Startup Cost": 124378.96,"Total Cost": 124504.05,"Plan Rows": 10007,"Plan Width": 36,"Actual Startup Time": 931.108,"Actual Total Time": 938.419,"Actual Rows": 10000,"Actual Loops": 1,"Group Key": ["lineitem_1.l_suppkey"],"Planned Partitions": 0,"HashAgg Batches": 1,"Peak Memory Usage": 4497,"Disk Usage": 0,"Plans": [{"Node Type": "Bitmap Heap Scan","Parent Relationship": "Outer","Parallel Aware": false,"Async Capable": false,"Relation Name": "lineitem","Alias": "lineitem_1","Startup Cost": 6018.14,"Total Cost": 122035.84,"Plan Rows": 234313,"Plan Width": 16,"Actual Startup Time": 52.989,"Actual Total Time": 776.177,"Actual Rows": 229123,"Actual Loops": 1,"Recheck Cond": "((l_shipdate >= '1994-11-01'::date) AND (l_shipdate < '1995-02-01 00:00:00'::timestamp without time zone))","Rows Removed by Index Recheck": 0,"Exact Heap Blocks": 67216,"Lossy Heap Blocks": 0,"Plans": [{"Node Type": "Bitmap Index Scan","Parent Relationship": "Outer","Parallel Aware": false,"Async Capable": false,"Index Name": "idx_lineitem_shipdate","Startup Cost": 0.00,"Total Cost": 5959.56,"Plan Rows": 234313,"Plan Width": 0,"Actual Startup Time": 39.328,"Actual Total Time": 39.335,"Actual Rows": 229123,"Actual Loops": 1,"Index Cond": "((l_shipdate >= '1994-11-01'::date) AND (l_shipdate < '1995-02-01 00:00:00'::timestamp without time zone))"}]}]}]},{"Node Type": "Index Scan","Parent Relationship": "Outer","Parallel Aware": false,"Async Capable": false,"Scan Direction": "Forward","Index Name": "supplier_pkey","Relation Name": "supplier","Alias": "supplier","Startup Cost": 0.29,"Total Cost": 495.43,"Plan Rows": 10000,"Plan Width": 71,"Actual Startup Time": 0.068,"Actual Total Time": 3.400,"Actual Rows": 1942,"Actual Loops": 1},{"Node Type": "Sort","Parent Relationship": "Inner","Parallel Aware": false,"Async Capable": false,"Startup Cost": 124530.98,"Total Cost": 124531.10,"Plan Rows": 50,"Plan Width": 36,"Actual Startup Time": 2069.742,"Actual Total Time": 2069.754,"Actual Rows": 1,"Actual Loops": 1,"Sort Key": ["revenue0.supplier_no"],"Sort Method": "quicksort","Sort Space Used": 25,"Sort Space Type": "Memory","Plans": [{"Node Type": "Subquery Scan","Parent Relationship": "Outer","Parallel Aware": false,"Async Capable": false,"Alias": "revenue0","Startup Cost": 124378.96,"Total Cost": 124529.57,"Plan Rows": 50,"Plan Width": 36,"Actual Startup Time": 2038.680,"Actual Total Time": 2069.702,"Actual Rows": 1,"Actual Loops": 1,"Plans": [{"Node Type": "Aggregate","Strategy": "Hashed","Partial Mode": "Simple","Parent Relationship": "Subquery","Parallel Aware": false,"Async Capable": false,"Startup Cost": 124378.96,"Total Cost": 124529.07,"Plan Rows": 50,"Plan Width": 36,"Actual Startup Time": 2038.671,"Actual Total Time": 2069.682,"Actual Rows": 1,"Actual Loops": 1,"Group Key": ["lineitem.l_suppkey"],"Filter": "(sum((lineitem.l_extendedprice * ('1'::numeric - lineitem.l_discount))) = $0)","Planned Partitions": 0,"HashAgg Batches": 1,"Peak Memory Usage": 4497,"Disk Usage": 0,"Rows Removed by Filter": 9999,"Plans": [{"Node Type": "Bitmap Heap Scan","Parent Relationship": "Outer","Parallel Aware": false,"Async Capable": false,"Relation Name": "lineitem","Alias": "lineitem","Startup Cost": 6018.14,"Total Cost": 122035.84,"Plan Rows": 234313,"Plan Width": 16,"Actual Startup Time": 55.954,"Actual Total Time": 934.360,"Actual Rows": 229123,"Actual Loops": 1,"Recheck Cond": "((l_shipdate >= '1994-11-01'::date) AND (l_shipdate < '1995-02-01 00:00:00'::timestamp without time zone))","Rows Removed by Index Recheck": 0,"Exact Heap Blocks": 67216,"Lossy Heap Blocks": 0,"Plans": [{"Node Type": "Bitmap Index Scan","Parent Relationship": "Outer","Parallel Aware": false,"Async Capable": false,"Index Name": "idx_lineitem_shipdate","Startup Cost": 0.00,"Total Cost": 5959.56,"Plan Rows": 234313,"Plan Width": 0,"Actual Startup Time": 42.235,"Actual Total Time": 42.239,"Actual Rows": 229123,"Actual Loops": 1,"Index Cond": "((l_shipdate >= '1994-11-01'::date) AND (l_shipdate < '1995-02-01 00:00:00'::timestamp without time zone))"}]}]}]}]}]},"Planning Time": 5.241,"Triggers": [],"Execution Time": 2077.503}]
[{"Plan": {"Node Type": "Merge Join","Parallel Aware": false,"Async Capable": false,"Join Type": "Inner","Startup Cost": 248579.05,"Total Cost": 249099.95,"Plan Rows": 50,"Plan Width": 103,"Actual Startup Time": 1976.935,"Actual Total Time": 1976.985,"Actual Rows": 1,"Actual Loops": 1,"Inner Unique": true,"Merge Cond": "(supplier.s_suppkey = revenue0.supplier_no)","Plans": [{"Node Type": "Aggregate","Strategy": "Plain","Partial Mode": "Simple","Parent Relationship": "InitPlan","Subplan Name": "InitPlan 1 (returns $0)","Parallel Aware": false,"Async Capable": false,"Startup Cost": 124338.46,"Total Cost": 124338.47,"Plan Rows": 1,"Plan Width": 32,"Actual Startup Time": 904.220,"Actual Total Time": 904.239,"Actual Rows": 1,"Actual Loops": 1,"Plans": [{"Node Type": "Aggregate","Strategy": "Hashed","Partial Mode": "Simple","Parent Relationship": "Outer","Parallel Aware": false,"Async Capable": false,"Startup Cost": 124088.28,"Total Cost": 124213.37,"Plan Rows": 10007,"Plan Width": 36,"Actual Startup Time": 892.707,"Actual Total Time": 903.575,"Actual Rows": 10000,"Actual Loops": 1,"Group Key": ["lineitem_1.l_suppkey"],"Planned Partitions": 0,"HashAgg Batches": 1,"Peak Memory Usage": 4497,"Disk Usage": 0,"Plans": [{"Node Type": "Bitmap Heap Scan","Parent Relationship": "Outer","Parallel Aware": false,"Async Capable": false,"Relation Name": "lineitem","Alias": "lineitem_1","Startup Cost": 5871.20,"Total Cost": 121802.65,"Plan Rows": 228563,"Plan Width": 16,"Actual Startup Time": 49.074,"Actual Total Time": 688.668,"Actual Rows": 229923,"Actual Loops": 1,"Recheck Cond": "((l_shipdate >= '1993-10-01'::date) AND (l_shipdate < '1994-01-01 00:00:00'::timestamp without time zone))","Rows Removed by Index Recheck": 0,"Exact Heap Blocks": 67189,"Lossy Heap Blocks": 0,"Plans": [{"Node Type": "Bitmap Index Scan","Parent Relationship": "Outer","Parallel Aware": false,"Async Capable": false,"Index Name": "idx_lineitem_shipdate","Startup Cost": 0.00,"Total Cost": 5814.06,"Plan Rows": 228563,"Plan Width": 0,"Actual Startup Time": 35.482,"Actual Total Time": 35.494,"Actual Rows": 229923,"Actual Loops": 1,"Index Cond": "((l_shipdate >= '1993-10-01'::date) AND (l_shipdate < '1994-01-01 00:00:00'::timestamp without time zone))"}]}]}]},{"Node Type": "Index Scan","Parent Relationship": "Outer","Parallel Aware": false,"Async Capable": false,"Scan Direction": "Forward","Index Name": "supplier_pkey","Relation Name": "supplier","Alias": "supplier","Startup Cost": 0.29,"Total Cost": 495.43,"Plan Rows": 10000,"Plan Width": 71,"Actual Startup Time": 0.088,"Actual Total Time": 5.655,"Actual Rows": 3497,"Actual Loops": 1},{"Node Type": "Sort","Parent Relationship": "Inner","Parallel Aware": false,"Async Capable": false,"Startup Cost": 124240.30,"Total Cost": 124240.42,"Plan Rows": 50,"Plan Width": 36,"Actual Startup Time": 1971.016,"Actual Total Time": 1971.036,"Actual Rows": 1,"Actual Loops": 1,"Sort Key": ["revenue0.supplier_no"],"Sort Method": "quicksort","Sort Space Used": 25,"Sort Space Type": "Memory","Plans": [{"Node Type": "Subquery Scan","Parent Relationship": "Outer","Parallel Aware": false,"Async Capable": false,"Alias": "revenue0","Startup Cost": 124088.28,"Total Cost": 124238.89,"Plan Rows": 50,"Plan Width": 36,"Actual Startup Time": 1964.632,"Actual Total Time": 1970.939,"Actual Rows": 1,"Actual Loops": 1,"Plans": [{"Node Type": "Aggregate","Strategy": "Hashed","Partial Mode": "Simple","Parent Relationship": "Subquery","Parallel Aware": false,"Async Capable": false,"Startup Cost": 124088.28,"Total Cost": 124238.39,"Plan Rows": 50,"Plan Width": 36,"Actual Startup Time": 1964.613,"Actual Total Time": 1970.893,"Actual Rows": 1,"Actual Loops": 1,"Group Key": ["lineitem.l_suppkey"],"Filter": "(sum((lineitem.l_extendedprice * ('1'::numeric - lineitem.l_discount))) = $0)","Planned Partitions": 0,"HashAgg Batches": 1,"Peak Memory Usage": 4497,"Disk Usage": 0,"Rows Removed by Filter": 9999,"Plans": [{"Node Type": "Bitmap Heap Scan","Parent Relationship": "Outer","Parallel Aware": false,"Async Capable": false,"Relation Name": "lineitem","Alias": "lineitem","Startup Cost": 5871.20,"Total Cost": 121802.65,"Plan Rows": 228563,"Plan Width": 16,"Actual Startup Time": 49.258,"Actual Total Time": 883.520,"Actual Rows": 229923,"Actual Loops": 1,"Recheck Cond": "((l_shipdate >= '1993-10-01'::date) AND (l_shipdate < '1994-01-01 00:00:00'::timestamp without time zone))","Rows Removed by Index Recheck": 0,"Exact Heap Blocks": 67189,"Lossy Heap Blocks": 0,"Plans": [{"Node Type": "Bitmap Index Scan","Parent Relationship": "Outer","Parallel Aware": false,"Async Capable": false,"Index Name": "idx_lineitem_shipdate","Startup Cost": 0.00,"Total Cost": 5814.06,"Plan Rows": 228563,"Plan Width": 0,"Actual Startup Time": 35.850,"Actual Total Time": 35.850,"Actual Rows": 229923,"Actual Loops": 1,"Index Cond": "((l_shipdate >= '1993-10-01'::date) AND (l_shipdate < '1994-01-01 00:00:00'::timestamp without time zone))"}]}]}]}]}]},"Planning Time": 4.959,"Triggers": [],"Execution Time": 1982.579}]
[{"Plan": {"Node Type": "Merge Join","Parallel Aware": false,"Async Capable": false,"Join Type": "Inner","Startup Cost": 248749.22,"Total Cost": 249270.12,"Plan Rows": 50,"Plan Width": 103,"Actual Startup Time": 1931.389,"Actual Total Time": 1931.417,"Actual Rows": 1,"Actual Loops": 1,"Inner Unique": true,"Merge Cond": "(supplier.s_suppkey = revenue0.supplier_no)","Plans": [{"Node Type": "Aggregate","Strategy": "Plain","Partial Mode": "Simple","Parent Relationship": "InitPlan","Subplan Name": "InitPlan 1 (returns $0)","Parallel Aware": false,"Async Capable": false,"Startup Cost": 124423.54,"Total Cost": 124423.55,"Plan Rows": 1,"Plan Width": 32,"Actual Startup Time": 829.182,"Actual Total Time": 829.192,"Actual Rows": 1,"Actual Loops": 1,"Plans": [{"Node Type": "Aggregate","Strategy": "Hashed","Partial Mode": "Simple","Parent Relationship": "Outer","Parallel Aware": false,"Async Capable": false,"Startup Cost": 124173.37,"Total Cost": 124298.46,"Plan Rows": 10007,"Plan Width": 36,"Actual Startup Time": 816.902,"Actual Total Time": 828.607,"Actual Rows": 10000,"Actual Loops": 1,"Group Key": ["lineitem_1.l_suppkey"],"Planned Partitions": 0,"HashAgg Batches": 1,"Peak Memory Usage": 4497,"Disk Usage": 0,"Plans": [{"Node Type": "Bitmap Heap Scan","Parent Relationship": "Outer","Parallel Aware": false,"Async Capable": false,"Relation Name": "lineitem","Alias": "lineitem_1","Startup Cost": 5912.97,"Total Cost": 121870.41,"Plan Rows": 230296,"Plan Width": 16,"Actual Startup Time": 50.257,"Actual Total Time": 644.900,"Actual Rows": 230072,"Actual Loops": 1,"Recheck Cond": "((l_shipdate >= '1995-10-01'::date) AND (l_shipdate < '1996-01-01 00:00:00'::timestamp without time zone))","Rows Removed by Index Recheck": 0,"Exact Heap Blocks": 67245,"Lossy Heap Blocks": 0,"Plans": [{"Node Type": "Bitmap Index Scan","Parent Relationship": "Outer","Parallel Aware": false,"Async Capable": false,"Index Name": "idx_lineitem_shipdate","Startup Cost": 0.00,"Total Cost": 5855.39,"Plan Rows": 230296,"Plan Width": 0,"Actual Startup Time": 36.768,"Actual Total Time": 36.770,"Actual Rows": 230072,"Actual Loops": 1,"Index Cond": "((l_shipdate >= '1995-10-01'::date) AND (l_shipdate < '1996-01-01 00:00:00'::timestamp without time zone))"}]}]}]},{"Node Type": "Index Scan","Parent Relationship": "Outer","Parallel Aware": false,"Async Capable": false,"Scan Direction": "Forward","Index Name": "supplier_pkey","Relation Name": "supplier","Alias": "supplier","Startup Cost": 0.29,"Total Cost": 495.43,"Plan Rows": 10000,"Plan Width": 71,"Actual Startup Time": 0.086,"Actual Total Time": 4.053,"Actual Rows": 2388,"Actual Loops": 1},{"Node Type": "Sort","Parent Relationship": "Inner","Parallel Aware": false,"Async Capable": false,"Startup Cost": 124325.38,"Total Cost": 124325.51,"Plan Rows": 50,"Plan Width": 36,"Actual Startup Time": 1927.160,"Actual Total Time": 1927.170,"Actual Rows": 1,"Actual Loops": 1,"Sort Key": ["revenue0.supplier_no"],"Sort Method": "quicksort","Sort Space Used": 25,"Sort Space Type": "Memory","Plans": [{"Node Type": "Subquery Scan","Parent Relationship": "Outer","Parallel Aware": false,"Async Capable": false,"Alias": "revenue0","Startup Cost": 124173.37,"Total Cost": 124323.97,"Plan Rows": 50,"Plan Width": 36,"Actual Startup Time": 1921.461,"Actual Total Time": 1927.124,"Actual Rows": 1,"Actual Loops": 1,"Plans": [{"Node Type": "Aggregate","Strategy": "Hashed","Partial Mode": "Simple","Parent Relationship": "Subquery","Parallel Aware": false,"Async Capable": false,"Startup Cost": 124173.37,"Total Cost": 124323.47,"Plan Rows": 50,"Plan Width": 36,"Actual Startup Time": 1921.452,"Actual Total Time": 1927.108,"Actual Rows": 1,"Actual Loops": 1,"Group Key": ["lineitem.l_suppkey"],"Filter": "(sum((lineitem.l_extendedprice * ('1'::numeric - lineitem.l_discount))) = $0)","Planned Partitions": 0,"HashAgg Batches": 1,"Peak Memory Usage": 4497,"Disk Usage": 0,"Rows Removed by Filter": 9999,"Plans": [{"Node Type": "Bitmap Heap Scan","Parent Relationship": "Outer","Parallel Aware": false,"Async Capable": false,"Relation Name": "lineitem","Alias": "lineitem","Startup Cost": 5912.97,"Total Cost": 121870.41,"Plan Rows": 230296,"Plan Width": 16,"Actual Startup Time": 50.046,"Actual Total Time": 890.624,"Actual Rows": 230072,"Actual Loops": 1,"Recheck Cond": "((l_shipdate >= '1995-10-01'::date) AND (l_shipdate < '1996-01-01 00:00:00'::timestamp without time zone))","Rows Removed by Index Recheck": 0,"Exact Heap Blocks": 67245,"Lossy Heap Blocks": 0,"Plans": [{"Node Type": "Bitmap Index Scan","Parent Relationship": "Outer","Parallel Aware": false,"Async Capable": false,"Index Name": "idx_lineitem_shipdate","Startup Cost": 0.00,"Total Cost": 5855.39,"Plan Rows": 230296,"Plan Width": 0,"Actual Startup Time": 36.694,"Actual Total Time": 36.694,"Actual Rows": 230072,"Actual Loops": 1,"Index Cond": "((l_shipdate >= '1995-10-01'::date) AND (l_shipdate < '1996-01-01 00:00:00'::timestamp without time zone))"}]}]}]}]}]},"Planning Time": 4.561,"Triggers": [],"Execution Time": 1934.601}]
[{"Plan": {"Node Type": "Merge Join","Parallel Aware": false,"Async Capable": false,"Join Type": "Inner","Startup Cost": 249012.02,"Total Cost": 249532.92,"Plan Rows": 50,"Plan Width": 103,"Actual Startup Time": 2119.244,"Actual Total Time": 2119.296,"Actual Rows": 1,"Actual Loops": 1,"Inner Unique": true,"Merge Cond": "(supplier.s_suppkey = revenue0.supplier_no)","Plans": [{"Node Type": "Aggregate","Strategy": "Plain","Partial Mode": "Simple","Parent Relationship": "InitPlan","Subplan Name": "InitPlan 1 (returns $0)","Parallel Aware": false,"Async Capable": false,"Startup Cost": 124554.94,"Total Cost": 124554.95,"Plan Rows": 1,"Plan Width": 32,"Actual Startup Time": 992.757,"Actual Total Time": 992.777,"Actual Rows": 1,"Actual Loops": 1,"Plans": [{"Node Type": "Aggregate","Strategy": "Hashed","Partial Mode": "Simple","Parent Relationship": "Outer","Parallel Aware": false,"Async Capable": false,"Startup Cost": 124304.77,"Total Cost": 124429.86,"Plan Rows": 10007,"Plan Width": 36,"Actual Startup Time": 985.158,"Actual Total Time": 992.112,"Actual Rows": 10000,"Actual Loops": 1,"Group Key": ["lineitem_1.l_suppkey"],"Planned Partitions": 0,"HashAgg Batches": 1,"Peak Memory Usage": 4497,"Disk Usage": 0,"Plans": [{"Node Type": "Bitmap Heap Scan","Parent Relationship": "Outer","Parallel Aware": false,"Async Capable": false,"Relation Name": "lineitem","Alias": "lineitem_1","Startup Cost": 5979.54,"Total Cost": 121975.88,"Plan Rows": 232889,"Plan Width": 16,"Actual Startup Time": 58.676,"Actual Total Time": 780.634,"Actual Rows": 229796,"Actual Loops": 1,"Recheck Cond": "((l_shipdate >= '1993-08-01'::date) AND (l_shipdate < '1993-11-01 00:00:00'::timestamp without time zone))","Rows Removed by Index Recheck": 0,"Exact Heap Blocks": 67184,"Lossy Heap Blocks": 0,"Plans": [{"Node Type": "Bitmap Index Scan","Parent Relationship": "Outer","Parallel Aware": false,"Async Capable": false,"Index Name": "idx_lineitem_shipdate","Startup Cost": 0.00,"Total Cost": 5921.32,"Plan Rows": 232889,"Plan Width": 0,"Actual Startup Time": 44.964,"Actual Total Time": 44.978,"Actual Rows": 229796,"Actual Loops": 1,"Index Cond": "((l_shipdate >= '1993-08-01'::date) AND (l_shipdate < '1993-11-01 00:00:00'::timestamp without time zone))"}]}]}]},{"Node Type": "Index Scan","Parent Relationship": "Outer","Parallel Aware": false,"Async Capable": false,"Scan Direction": "Forward","Index Name": "supplier_pkey","Relation Name": "supplier","Alias": "supplier","Startup Cost": 0.29,"Total Cost": 495.43,"Plan Rows": 10000,"Plan Width": 71,"Actual Startup Time": 0.109,"Actual Total Time": 11.654,"Actual Rows": 6952,"Actual Loops": 1},{"Node Type": "Sort","Parent Relationship": "Inner","Parallel Aware": false,"Async Capable": false,"Startup Cost": 124456.78,"Total Cost": 124456.91,"Plan Rows": 50,"Plan Width": 36,"Actual Startup Time": 2107.151,"Actual Total Time": 2107.177,"Actual Rows": 1,"Actual Loops": 1,"Sort Key": ["revenue0.supplier_no"],"Sort Method": "quicksort","Sort Space Used": 25,"Sort Space Type": "Memory","Plans": [{"Node Type": "Subquery Scan","Parent Relationship": "Outer","Parallel Aware": false,"Async Capable": false,"Alias": "revenue0","Startup Cost": 124304.77,"Total Cost": 124455.37,"Plan Rows": 50,"Plan Width": 36,"Actual Startup Time": 2103.069,"Actual Total Time": 2107.067,"Actual Rows": 1,"Actual Loops": 1,"Plans": [{"Node Type": "Aggregate","Strategy": "Hashed","Partial Mode": "Simple","Parent Relationship": "Subquery","Parallel Aware": false,"Async Capable": false,"Startup Cost": 124304.77,"Total Cost": 124454.87,"Plan Rows": 50,"Plan Width": 36,"Actual Startup Time": 2103.055,"Actual Total Time": 2107.034,"Actual Rows": 1,"Actual Loops": 1,"Group Key": ["lineitem.l_suppkey"],"Filter": "(sum((lineitem.l_extendedprice * ('1'::numeric - lineitem.l_discount))) = $0)","Planned Partitions": 0,"HashAgg Batches": 1,"Peak Memory Usage": 4497,"Disk Usage": 0,"Rows Removed by Filter": 9999,"Plans": [{"Node Type": "Bitmap Heap Scan","Parent Relationship": "Outer","Parallel Aware": false,"Async Capable": false,"Relation Name": "lineitem","Alias": "lineitem","Startup Cost": 5979.54,"Total Cost": 121975.88,"Plan Rows": 232889,"Plan Width": 16,"Actual Startup Time": 55.870,"Actual Total Time": 932.576,"Actual Rows": 229796,"Actual Loops": 1,"Recheck Cond": "((l_shipdate >= '1993-08-01'::date) AND (l_shipdate < '1993-11-01 00:00:00'::timestamp without time zone))","Rows Removed by Index Recheck": 0,"Exact Heap Blocks": 67184,"Lossy Heap Blocks": 0,"Plans": [{"Node Type": "Bitmap Index Scan","Parent Relationship": "Outer","Parallel Aware": false,"Async Capable": false,"Index Name": "idx_lineitem_shipdate","Startup Cost": 0.00,"Total Cost": 5921.32,"Plan Rows": 232889,"Plan Width": 0,"Actual Startup Time": 41.935,"Actual Total Time": 41.948,"Actual Rows": 229796,"Actual Loops": 1,"Index Cond": "((l_shipdate >= '1993-08-01'::date) AND (l_shipdate < '1993-11-01 00:00:00'::timestamp without time zone))"}]}]}]}]}]},"Planning Time": 4.203,"Triggers": [],"Execution Time": 2124.103}]
[{"Plan": {"Node Type": "Merge Join","Parallel Aware": false,"Async Capable": false,"Join Type": "Inner","Startup Cost": 248695.00,"Total Cost": 249215.90,"Plan Rows": 50,"Plan Width": 103,"Actual Startup Time": 2082.592,"Actual Total Time": 2082.640,"Actual Rows": 1,"Actual Loops": 1,"Inner Unique": true,"Merge Cond": "(supplier.s_suppkey = revenue0.supplier_no)","Plans": [{"Node Type": "Aggregate","Strategy": "Plain","Partial Mode": "Simple","Parent Relationship": "InitPlan","Subplan Name": "InitPlan 1 (returns $0)","Parallel Aware": false,"Async Capable": false,"Startup Cost": 124396.43,"Total Cost": 124396.44,"Plan Rows": 1,"Plan Width": 32,"Actual Startup Time": 946.403,"Actual Total Time": 946.419,"Actual Rows": 1,"Actual Loops": 1,"Plans": [{"Node Type": "Aggregate","Strategy": "Hashed","Partial Mode": "Simple","Parent Relationship": "Outer","Parallel Aware": false,"Async Capable": false,"Startup Cost": 124146.26,"Total Cost": 124271.35,"Plan Rows": 10007,"Plan Width": 36,"Actual Startup Time": 938.935,"Actual Total Time": 945.817,"Actual Rows": 10000,"Actual Loops": 1,"Group Key": ["lineitem_1.l_suppkey"],"Planned Partitions": 0,"HashAgg Batches": 1,"Peak Memory Usage": 4497,"Disk Usage": 0,"Plans": [{"Node Type": "Bitmap Heap Scan","Parent Relationship": "Outer","Parallel Aware": false,"Async Capable": false,"Relation Name": "lineitem","Alias": "lineitem_1","Startup Cost": 5899.41,"Total Cost": 121848.72,"Plan Rows": 229754,"Plan Width": 16,"Actual Startup Time": 59.759,"Actual Total Time": 793.376,"Actual Rows": 228921,"Actual Loops": 1,"Recheck Cond": "((l_shipdate >= '1996-03-01'::date) AND (l_shipdate < '1996-06-01 00:00:00'::timestamp without time zone))","Rows Removed by Index Recheck": 0,"Exact Heap Blocks": 67056,"Lossy Heap Blocks": 0,"Plans": [{"Node Type": "Bitmap Index Scan","Parent Relationship": "Outer","Parallel Aware": false,"Async Capable": false,"Index Name": "idx_lineitem_shipdate","Startup Cost": 0.00,"Total Cost": 5841.97,"Plan Rows": 229754,"Plan Width": 0,"Actual Startup Time": 45.910,"Actual Total Time": 45.916,"Actual Rows": 228921,"Actual Loops": 1,"Index Cond": "((l_shipdate >= '1996-03-01'::date) AND (l_shipdate < '1996-06-01 00:00:00'::timestamp without time zone))"}]}]}]},{"Node Type": "Index Scan","Parent Relationship": "Outer","Parallel Aware": false,"Async Capable": false,"Scan Direction": "Forward","Index Name": "supplier_pkey","Relation Name": "supplier","Alias": "supplier","Startup Cost": 0.29,"Total Cost": 495.43,"Plan Rows": 10000,"Plan Width": 71,"Actual Startup Time": 0.102,"Actual Total Time": 2.838,"Actual Rows": 1506,"Actual Loops": 1},{"Node Type": "Sort","Parent Relationship": "Inner","Parallel Aware": false,"Async Capable": false,"Startup Cost": 124298.27,"Total Cost": 124298.40,"Plan Rows": 50,"Plan Width": 36,"Actual Startup Time": 2079.634,"Actual Total Time": 2079.648,"Actual Rows": 1,"Actual Loops": 1,"Sort Key": ["revenue0.supplier_no"],"Sort Method": "quicksort","Sort Space Used": 25,"Sort Space Type": "Memory","Plans": [{"Node Type": "Subquery Scan","Parent Relationship": "Outer","Parallel Aware": false,"Async Capable": false,"Alias": "revenue0","Startup Cost": 124146.26,"Total Cost": 124296.86,"Plan Rows": 50,"Plan Width": 36,"Actual Startup Time": 2064.713,"Actual Total Time": 2079.612,"Actual Rows": 1,"Actual Loops": 1,"Plans": [{"Node Type": "Aggregate","Strategy": "Hashed","Partial Mode": "Simple","Parent Relationship": "Subquery","Parallel Aware": false,"Async Capable": false,"Startup Cost": 124146.26,"Total Cost": 124296.36,"Plan Rows": 50,"Plan Width": 36,"Actual Startup Time": 2064.706,"Actual Total Time": 2079.603,"Actual Rows": 1,"Actual Loops": 1,"Group Key": ["lineitem.l_suppkey"],"Filter": "(sum((lineitem.l_extendedprice * ('1'::numeric - lineitem.l_discount))) = $0)","Planned Partitions": 0,"HashAgg Batches": 1,"Peak Memory Usage": 4497,"Disk Usage": 0,"Rows Removed by Filter": 9999,"Plans": [{"Node Type": "Bitmap Heap Scan","Parent Relationship": "Outer","Parallel Aware": false,"Async Capable": false,"Relation Name": "lineitem","Alias": "lineitem","Startup Cost": 5899.41,"Total Cost": 121848.72,"Plan Rows": 229754,"Plan Width": 16,"Actual Startup Time": 56.873,"Actual Total Time": 935.993,"Actual Rows": 228921,"Actual Loops": 1,"Recheck Cond": "((l_shipdate >= '1996-03-01'::date) AND (l_shipdate < '1996-06-01 00:00:00'::timestamp without time zone))","Rows Removed by Index Recheck": 0,"Exact Heap Blocks": 67056,"Lossy Heap Blocks": 0,"Plans": [{"Node Type": "Bitmap Index Scan","Parent Relationship": "Outer","Parallel Aware": false,"Async Capable": false,"Index Name": "idx_lineitem_shipdate","Startup Cost": 0.00,"Total Cost": 5841.97,"Plan Rows": 229754,"Plan Width": 0,"Actual Startup Time": 43.119,"Actual Total Time": 43.123,"Actual Rows": 228921,"Actual Loops": 1,"Index Cond": "((l_shipdate >= '1996-03-01'::date) AND (l_shipdate < '1996-06-01 00:00:00'::timestamp without time zone))"}]}]}]}]}]},"Planning Time": 4.992,"Triggers": [],"Execution Time": 2086.750}]
[{"Plan": {"Node Type": "Merge Join","Parallel Aware": false,"Async Capable": false,"Join Type": "Inner","Startup Cost": 248716.76,"Total Cost": 249237.66,"Plan Rows": 50,"Plan Width": 103,"Actual Startup Time": 1990.692,"Actual Total Time": 1990.747,"Actual Rows": 1,"Actual Loops": 1,"Inner Unique": true,"Merge Cond": "(supplier.s_suppkey = revenue0.supplier_no)","Plans": [{"Node Type": "Aggregate","Strategy": "Plain","Partial Mode": "Simple","Parent Relationship": "InitPlan","Subplan Name": "InitPlan 1 (returns $0)","Parallel Aware": false,"Async Capable": false,"Startup Cost": 124407.31,"Total Cost": 124407.32,"Plan Rows": 1,"Plan Width": 32,"Actual Startup Time": 912.658,"Actual Total Time": 912.682,"Actual Rows": 1,"Actual Loops": 1,"Plans": [{"Node Type": "Aggregate","Strategy": "Hashed","Partial Mode": "Simple","Parent Relationship": "Outer","Parallel Aware": false,"Async Capable": false,"Startup Cost": 124157.14,"Total Cost": 124282.22,"Plan Rows": 10007,"Plan Width": 36,"Actual Startup Time": 906.053,"Actual Total Time": 912.012,"Actual Rows": 10000,"Actual Loops": 1,"Group Key": ["lineitem_1.l_suppkey"],"Planned Partitions": 0,"HashAgg Batches": 1,"Peak Memory Usage": 4497,"Disk Usage": 0,"Plans": [{"Node Type": "Bitmap Heap Scan","Parent Relationship": "Outer","Parallel Aware": false,"Async Capable": false,"Relation Name": "lineitem","Alias": "lineitem_1","Startup Cost": 5905.41,"Total Cost": 121857.64,"Plan Rows": 229949,"Plan Width": 16,"Actual Startup Time": 50.167,"Actual Total Time": 694.084,"Actual Rows": 228979,"Actual Loops": 1,"Recheck Cond": "((l_shipdate >= '1995-04-01'::date) AND (l_shipdate < '1995-07-01 00:00:00'::timestamp without time zone))","Rows Removed by Index Recheck": 0,"Exact Heap Blocks": 67322,"Lossy Heap Blocks": 0,"Plans": [{"Node Type": "Bitmap Index Scan","Parent Relationship": "Outer","Parallel Aware": false,"Async Capable": false,"Index Name": "idx_lineitem_shipdate","Startup Cost": 0.00,"Total Cost": 5847.92,"Plan Rows": 229949,"Plan Width": 0,"Actual Startup Time": 36.579,"Actual Total Time": 36.594,"Actual Rows": 228979,"Actual Loops": 1,"Index Cond": "((l_shipdate >= '1995-04-01'::date) AND (l_shipdate < '1995-07-01 00:00:00'::timestamp without time zone))"}]}]}]},{"Node Type": "Index Scan","Parent Relationship": "Outer","Parallel Aware": false,"Async Capable": false,"Scan Direction": "Forward","Index Name": "supplier_pkey","Relation Name": "supplier","Alias": "supplier","Startup Cost": 0.29,"Total Cost": 495.43,"Plan Rows": 10000,"Plan Width": 71,"Actual Startup Time": 0.097,"Actual Total Time": 1.843,"Actual Rows": 983,"Actual Loops": 1},{"Node Type": "Sort","Parent Relationship": "Inner","Parallel Aware": false,"Async Capable": false,"Startup Cost": 124309.15,"Total Cost": 124309.28,"Plan Rows": 50,"Plan Width": 36,"Actual Startup Time": 1988.729,"Actual Total Time": 1988.742,"Actual Rows": 1,"Actual Loops": 1,"Sort Key": ["revenue0.supplier_no"],"Sort Method": "quicksort","Sort Space Used": 25,"Sort Space Type": "Memory","Plans": [{"Node Type": "Subquery Scan","Parent Relationship": "Outer","Parallel Aware": false,"Async Capable": false,"Alias": "revenue0","Startup Cost": 124157.14,"Total Cost": 124307.74,"Plan Rows": 50,"Plan Width": 36,"Actual Startup Time": 1987.287,"Actual Total Time": 1988.674,"Actual Rows": 1,"Actual Loops": 1,"Plans": [{"Node Type": "Aggregate","Strategy": "Hashed","Partial Mode": "Simple","Parent Relationship": "Subquery","Parallel Aware": false,"Async Capable": false,"Startup Cost": 124157.14,"Total Cost": 124307.24,"Plan Rows": 50,"Plan Width": 36,"Actual Startup Time": 1987.273,"Actual Total Time": 1988.637,"Actual Rows": 1,"Actual Loops": 1,"Group Key": ["lineitem.l_suppkey"],"Filter": "(sum((lineitem.l_extendedprice * ('1'::numeric - lineitem.l_discount))) = $0)","Planned Partitions": 0,"HashAgg Batches": 1,"Peak Memory Usage": 4497,"Disk Usage": 0,"Rows Removed by Filter": 9999,"Plans": [{"Node Type": "Bitmap Heap Scan","Parent Relationship": "Outer","Parallel Aware": false,"Async Capable": false,"Relation Name": "lineitem","Alias": "lineitem","Startup Cost": 5905.41,"Total Cost": 121857.64,"Plan Rows": 229949,"Plan Width": 16,"Actual Startup Time": 50.252,"Actual Total Time": 888.847,"Actual Rows": 228979,"Actual Loops": 1,"Recheck Cond": "((l_shipdate >= '1995-04-01'::date) AND (l_shipdate < '1995-07-01 00:00:00'::timestamp without time zone))","Rows Removed by Index Recheck": 0,"Exact Heap Blocks": 67322,"Lossy Heap Blocks": 0,"Plans": [{"Node Type": "Bitmap Index Scan","Parent Relationship": "Outer","Parallel Aware": false,"Async Capable": false,"Index Name": "idx_lineitem_shipdate","Startup Cost": 0.00,"Total Cost": 5847.92,"Plan Rows": 229949,"Plan Width": 0,"Actual Startup Time": 36.820,"Actual Total Time": 36.820,"Actual Rows": 228979,"Actual Loops": 1,"Index Cond": "((l_shipdate >= '1995-04-01'::date) AND (l_shipdate < '1995-07-01 00:00:00'::timestamp without time zone))"}]}]}]}]}]},"Planning Time": 4.044,"Triggers": [],"Execution Time": 1996.677}]
[{"Plan": {"Node Type": "Merge Join","Parallel Aware": false,"Async Capable": false,"Join Type": "Inner","Startup Cost": 249277.04,"Total Cost": 249797.93,"Plan Rows": 50,"Plan Width": 103,"Actual Startup Time": 2090.773,"Actual Total Time": 2090.807,"Actual Rows": 1,"Actual Loops": 1,"Inner Unique": true,"Merge Cond": "(supplier.s_suppkey = revenue0.supplier_no)","Plans": [{"Node Type": "Aggregate","Strategy": "Plain","Partial Mode": "Simple","Parent Relationship": "InitPlan","Subplan Name": "InitPlan 1 (returns $0)","Parallel Aware": false,"Async Capable": false,"Startup Cost": 124687.45,"Total Cost": 124687.46,"Plan Rows": 1,"Plan Width": 32,"Actual Startup Time": 953.148,"Actual Total Time": 953.160,"Actual Rows": 1,"Actual Loops": 1,"Plans": [{"Node Type": "Aggregate","Strategy": "Hashed","Partial Mode": "Simple","Parent Relationship": "Outer","Parallel Aware": false,"Async Capable": false,"Startup Cost": 124437.28,"Total Cost": 124562.36,"Plan Rows": 10007,"Plan Width": 36,"Actual Startup Time": 945.306,"Actual Total Time": 952.561,"Actual Rows": 10000,"Actual Loops": 1,"Group Key": ["lineitem_1.l_suppkey"],"Planned Partitions": 0,"HashAgg Batches": 1,"Peak Memory Usage": 4497,"Disk Usage": 0,"Plans": [{"Node Type": "Bitmap Heap Scan","Parent Relationship": "Outer","Parallel Aware": false,"Async Capable": false,"Relation Name": "lineitem","Alias": "lineitem_1","Startup Cost": 5586.60,"Total Cost": 122261.51,"Plan Rows": 217577,"Plan Width": 16,"Actual Startup Time": 66.133,"Actual Total Time": 797.959,"Actual Rows": 228914,"Actual Loops": 1,"Recheck Cond": "((l_shipdate >= '1996-05-01'::date) AND (l_shipdate < '1996-08-01 00:00:00'::timestamp without time zone))","Rows Removed by Index Recheck": 0,"Exact Heap Blocks": 66981,"Lossy Heap Blocks": 0,"Plans": [{"Node Type": "Bitmap Index Scan","Parent Relationship": "Outer","Parallel Aware": false,"Async Capable": false,"Index Name": "idx_lineitem_shipdate","Startup Cost": 0.00,"Total Cost": 5532.20,"Plan Rows": 217577,"Plan Width": 0,"Actual Startup Time": 52.240,"Actual Total Time": 52.246,"Actual Rows": 228914,"Actual Loops": 1,"Index Cond": "((l_shipdate >= '1996-05-01'::date) AND (l_shipdate < '1996-08-01 00:00:00'::timestamp without time zone))"}]}]}]},{"Node Type": "Index Scan","Parent Relationship": "Outer","Parallel Aware": false,"Async Capable": false,"Scan Direction": "Forward","Index Name": "supplier_pkey","Relation Name": "supplier","Alias": "supplier","Startup Cost": 0.29,"Total Cost": 495.43,"Plan Rows": 10000,"Plan Width": 71,"Actual Startup Time": 0.097,"Actual Total Time": 1.857,"Actual Rows": 985,"Actual Loops": 1},{"Node Type": "Sort","Parent Relationship": "Inner","Parallel Aware": false,"Async Capable": false,"Startup Cost": 124589.29,"Total Cost": 124589.42,"Plan Rows": 50,"Plan Width": 36,"Actual Startup Time": 2088.839,"Actual Total Time": 2088.851,"Actual Rows": 1,"Actual Loops": 1,"Sort Key": ["revenue0.supplier_no"],"Sort Method": "quicksort","Sort Space Used": 25,"Sort Space Type": "Memory","Plans": [{"Node Type": "Subquery Scan","Parent Relationship": "Outer","Parallel Aware": false,"Async Capable": false,"Alias": "revenue0","Startup Cost": 124437.28,"Total Cost": 124587.88,"Plan Rows": 50,"Plan Width": 36,"Actual Startup Time": 2064.047,"Actual Total Time": 2088.796,"Actual Rows": 1,"Actual Loops": 1,"Plans": [{"Node Type": "Aggregate","Strategy": "Hashed","Partial Mode": "Simple","Parent Relationship": "Subquery","Parallel Aware": false,"Async Capable": false,"Startup Cost": 124437.28,"Total Cost": 124587.38,"Plan Rows": 50,"Plan Width": 36,"Actual Startup Time": 2064.039,"Actual Total Time": 2088.776,"Actual Rows": 1,"Actual Loops": 1,"Group Key": ["lineitem.l_suppkey"],"Filter": "(sum((lineitem.l_extendedprice * ('1'::numeric - lineitem.l_discount))) = $0)","Planned Partitions": 0,"HashAgg Batches": 1,"Peak Memory Usage": 4497,"Disk Usage": 0,"Rows Removed by Filter": 9999,"Plans": [{"Node Type": "Bitmap Heap Scan","Parent Relationship": "Outer","Parallel Aware": false,"Async Capable": false,"Relation Name": "lineitem","Alias": "lineitem","Startup Cost": 5586.60,"Total Cost": 122261.51,"Plan Rows": 217577,"Plan Width": 16,"Actual Startup Time": 62.509,"Actual Total Time": 940.636,"Actual Rows": 228914,"Actual Loops": 1,"Recheck Cond": "((l_shipdate >= '1996-05-01'::date) AND (l_shipdate < '1996-08-01 00:00:00'::timestamp without time zone))","Rows Removed by Index Recheck": 0,"Exact Heap Blocks": 66981,"Lossy Heap Blocks": 0,"Plans": [{"Node Type": "Bitmap Index Scan","Parent Relationship": "Outer","Parallel Aware": false,"Async Capable": false,"Index Name": "idx_lineitem_shipdate","Startup Cost": 0.00,"Total Cost": 5532.20,"Plan Rows": 217577,"Plan Width": 0,"Actual Startup Time": 48.884,"Actual Total Time": 48.886,"Actual Rows": 228914,"Actual Loops": 1,"Index Cond": "((l_shipdate >= '1996-05-01'::date) AND (l_shipdate < '1996-08-01 00:00:00'::timestamp without time zone))"}]}]}]}]}]},"Planning Time": 4.074,"Triggers": [],"Execution Time": 2095.321}]
[{"Plan": {"Node Type": "Merge Join","Parallel Aware": false,"Async Capable": false,"Join Type": "Inner","Startup Cost": 249108.95,"Total Cost": 249629.85,"Plan Rows": 50,"Plan Width": 103,"Actual Startup Time": 2087.724,"Actual Total Time": 2087.761,"Actual Rows": 1,"Actual Loops": 1,"Inner Unique": true,"Merge Cond": "(supplier.s_suppkey = revenue0.supplier_no)","Plans": [{"Node Type": "Aggregate","Strategy": "Plain","Partial Mode": "Simple","Parent Relationship": "InitPlan","Subplan Name": "InitPlan 1 (returns $0)","Parallel Aware": false,"Async Capable": false,"Startup Cost": 124603.41,"Total Cost": 124603.42,"Plan Rows": 1,"Plan Width": 32,"Actual Startup Time": 943.876,"Actual Total Time": 943.892,"Actual Rows": 1,"Actual Loops": 1,"Plans": [{"Node Type": "Aggregate","Strategy": "Hashed","Partial Mode": "Simple","Parent Relationship": "Outer","Parallel Aware": false,"Async Capable": false,"Startup Cost": 124353.23,"Total Cost": 124478.32,"Plan Rows": 10007,"Plan Width": 36,"Actual Startup Time": 936.828,"Actual Total Time": 943.290,"Actual Rows": 10000,"Actual Loops": 1,"Group Key": ["lineitem_1.l_suppkey"],"Planned Partitions": 0,"HashAgg Batches": 1,"Peak Memory Usage": 4497,"Disk Usage": 0,"Plans": [{"Node Type": "Bitmap Heap Scan","Parent Relationship": "Outer","Parallel Aware": false,"Async Capable": false,"Relation Name": "lineitem","Alias": "lineitem_1","Startup Cost": 6004.98,"Total Cost": 122015.13,"Plan Rows": 233810,"Plan Width": 16,"Actual Startup Time": 58.797,"Actual Total Time": 790.100,"Actual Rows": 229794,"Actual Loops": 1,"Recheck Cond": "((l_shipdate >= '1997-08-01'::date) AND (l_shipdate < '1997-11-01 00:00:00'::timestamp without time zone))","Rows Removed by Index Recheck": 0,"Exact Heap Blocks": 67334,"Lossy Heap Blocks": 0,"Plans": [{"Node Type": "Bitmap Index Scan","Parent Relationship": "Outer","Parallel Aware": false,"Async Capable": false,"Index Name": "idx_lineitem_shipdate","Startup Cost": 0.00,"Total Cost": 5946.53,"Plan Rows": 233810,"Plan Width": 0,"Actual Startup Time": 45.013,"Actual Total Time": 45.020,"Actual Rows": 229794,"Actual Loops": 1,"Index Cond": "((l_shipdate >= '1997-08-01'::date) AND (l_shipdate < '1997-11-01 00:00:00'::timestamp without time zone))"}]}]}]},{"Node Type": "Index Scan","Parent Relationship": "Outer","Parallel Aware": false,"Async Capable": false,"Scan Direction": "Forward","Index Name": "supplier_pkey","Relation Name": "supplier","Alias": "supplier","Startup Cost": 0.29,"Total Cost": 495.43,"Plan Rows": 10000,"Plan Width": 71,"Actual Startup Time": 0.109,"Actual Total Time": 13.835,"Actual Rows": 8863,"Actual Loops": 1},{"Node Type": "Sort","Parent Relationship": "Inner","Parallel Aware": false,"Async Capable": false,"Startup Cost": 124505.25,"Total Cost": 124505.37,"Plan Rows": 50,"Plan Width": 36,"Actual Startup Time": 2073.397,"Actual Total Time": 2073.405,"Actual Rows": 1,"Actual Loops": 1,"Sort Key": ["revenue0.supplier_no"],"Sort Method": "quicksort","Sort Space Used": 25,"Sort Space Type": "Memory","Plans": [{"Node Type": "Subquery Scan","Parent Relationship": "Outer","Parallel Aware": false,"Async Capable": false,"Alias": "revenue0","Startup Cost": 124353.23,"Total Cost": 124503.84,"Plan Rows": 50,"Plan Width": 36,"Actual Startup Time": 2063.613,"Actual Total Time": 2073.361,"Actual Rows": 1,"Actual Loops": 1,"Plans": [{"Node Type": "Aggregate","Strategy": "Hashed","Partial Mode": "Simple","Parent Relationship": "Subquery","Parallel Aware": false,"Async Capable": false,"Startup Cost": 124353.23,"Total Cost": 124503.34,"Plan Rows": 50,"Plan Width": 36,"Actual Startup Time": 2063.607,"Actual Total Time": 2073.353,"Actual Rows": 1,"Actual Loops": 1,"Group Key": ["lineitem.l_suppkey"],"Filter": "(sum((lineitem.l_extendedprice * ('1'::numeric - lineitem.l_discount))) = $0)","Planned Partitions": 0,"HashAgg Batches": 1,"Peak Memory Usage": 4497,"Disk Usage": 0,"Rows Removed by Filter": 9999,"Plans": [{"Node Type": "Bitmap Heap Scan","Parent Relationship": "Outer","Parallel Aware": false,"Async Capable": false,"Relation Name": "lineitem","Alias": "lineitem","Startup Cost": 6004.98,"Total Cost": 122015.13,"Plan Rows": 233810,"Plan Width": 16,"Actual Startup Time": 55.239,"Actual Total Time": 931.307,"Actual Rows": 229794,"Actual Loops": 1,"Recheck Cond": "((l_shipdate >= '1997-08-01'::date) AND (l_shipdate < '1997-11-01 00:00:00'::timestamp without time zone))","Rows Removed by Index Recheck": 0,"Exact Heap Blocks": 67334,"Lossy Heap Blocks": 0,"Plans": [{"Node Type": "Bitmap Index Scan","Parent Relationship": "Outer","Parallel Aware": false,"Async Capable": false,"Index Name": "idx_lineitem_shipdate","Startup Cost": 0.00,"Total Cost": 5946.53,"Plan Rows": 233810,"Plan Width": 0,"Actual Startup Time": 41.454,"Actual Total Time": 41.455,"Actual Rows": 229794,"Actual Loops": 1,"Index Cond": "((l_shipdate >= '1997-08-01'::date) AND (l_shipdate < '1997-11-01 00:00:00'::timestamp without time zone))"}]}]}]}]}]},"Planning Time": 5.207,"Triggers": [],"Execution Time": 2094.251}]
[{"Plan": {"Node Type": "Merge Join","Parallel Aware": false,"Async Capable": false,"Join Type": "Inner","Startup Cost": 249472.28,"Total Cost": 249993.18,"Plan Rows": 50,"Plan Width": 103,"Actual Startup Time": 1952.751,"Actual Total Time": 1952.805,"Actual Rows": 1,"Actual Loops": 1,"Inner Unique": true,"Merge Cond": "(supplier.s_suppkey = revenue0.supplier_no)","Plans": [{"Node Type": "Aggregate","Strategy": "Plain","Partial Mode": "Simple","Parent Relationship": "InitPlan","Subplan Name": "InitPlan 1 (returns $0)","Parallel Aware": false,"Async Capable": false,"Startup Cost": 124785.07,"Total Cost": 124785.08,"Plan Rows": 1,"Plan Width": 32,"Actual Startup Time": 847.271,"Actual Total Time": 847.290,"Actual Rows": 1,"Actual Loops": 1,"Plans": [{"Node Type": "Aggregate","Strategy": "Hashed","Partial Mode": "Simple","Parent Relationship": "Outer","Parallel Aware": false,"Async Capable": false,"Startup Cost": 124534.90,"Total Cost": 124659.99,"Plan Rows": 10007,"Plan Width": 36,"Actual Startup Time": 836.378,"Actual Total Time": 846.694,"Actual Rows": 10000,"Actual Loops": 1,"Group Key": ["lineitem_1.l_suppkey"],"Planned Partitions": 0,"HashAgg Batches": 1,"Peak Memory Usage": 4497,"Disk Usage": 0,"Plans": [{"Node Type": "Bitmap Heap Scan","Parent Relationship": "Outer","Parallel Aware": false,"Async Capable": false,"Relation Name": "lineitem","Alias": "lineitem_1","Startup Cost": 6097.53,"Total Cost": 122161.15,"Plan Rows": 237375,"Plan Width": 16,"Actual Startup Time": 58.987,"Actual Total Time": 672.968,"Actual Rows": 228539,"Actual Loops": 1,"Recheck Cond": "((l_shipdate >= '1993-06-01'::date) AND (l_shipdate < '1993-09-01 00:00:00'::timestamp without time zone))","Rows Removed by Index Recheck": 0,"Exact Heap Blocks": 66999,"Lossy Heap Blocks": 0,"Plans": [{"Node Type": "Bitmap Index Scan","Parent Relationship": "Outer","Parallel Aware": false,"Async Capable": false,"Index Name": "idx_lineitem_shipdate","Startup Cost": 0.00,"Total Cost": 6038.18,"Plan Rows": 237375,"Plan Width": 0,"Actual Startup Time": 45.413,"Actual Total Time": 45.423,"Actual Rows": 228539,"Actual Loops": 1,"Index Cond": "((l_shipdate >= '1993-06-01'::date) AND (l_shipdate < '1993-09-01 00:00:00'::timestamp without time zone))"}]}]}]},{"Node Type": "Index Scan","Parent Relationship": "Outer","Parallel Aware": false,"Async Capable": false,"Scan Direction": "Forward","Index Name": "supplier_pkey","Relation Name": "supplier","Alias": "supplier","Startup Cost": 0.29,"Total Cost": 495.43,"Plan Rows": 10000,"Plan Width": 71,"Actual Startup Time": 0.104,"Actual Total Time": 12.098,"Actual Rows": 7980,"Actual Loops": 1},{"Node Type": "Sort","Parent Relationship": "Inner","Parallel Aware": false,"Async Capable": false,"Startup Cost": 124686.92,"Total Cost": 124687.04,"Plan Rows": 50,"Plan Width": 36,"Actual Startup Time": 1940.190,"Actual Total Time": 1940.213,"Actual Rows": 1,"Actual Loops": 1,"Sort Key": ["revenue0.supplier_no"],"Sort Method": "quicksort","Sort Space Used": 25,"Sort Space Type": "Memory","Plans": [{"Node Type": "Subquery Scan","Parent Relationship": "Outer","Parallel Aware": false,"Async Capable": false,"Alias": "revenue0","Startup Cost": 124534.90,"Total Cost": 124685.50,"Plan Rows": 50,"Plan Width": 36,"Actual Startup Time": 1939.057,"Actual Total Time": 1940.171,"Actual Rows": 1,"Actual Loops": 1,"Plans": [{"Node Type": "Aggregate","Strategy": "Hashed","Partial Mode": "Simple","Parent Relationship": "Subquery","Parallel Aware": false,"Async Capable": false,"Startup Cost": 124534.90,"Total Cost": 124685.00,"Plan Rows": 50,"Plan Width": 36,"Actual Startup Time": 1939.051,"Actual Total Time": 1940.160,"Actual Rows": 1,"Actual Loops": 1,"Group Key": ["lineitem.l_suppkey"],"Filter": "(sum((lineitem.l_extendedprice * ('1'::numeric - lineitem.l_discount))) = $0)","Planned Partitions": 0,"HashAgg Batches": 1,"Peak Memory Usage": 4497,"Disk Usage": 0,"Rows Removed by Filter": 9999,"Plans": [{"Node Type": "Bitmap Heap Scan","Parent Relationship": "Outer","Parallel Aware": false,"Async Capable": false,"Relation Name": "lineitem","Alias": "lineitem","Startup Cost": 6097.53,"Total Cost": 122161.15,"Plan Rows": 237375,"Plan Width": 16,"Actual Startup Time": 58.682,"Actual Total Time": 894.513,"Actual Rows": 228539,"Actual Loops": 1,"Recheck Cond": "((l_shipdate >= '1993-06-01'::date) AND (l_shipdate < '1993-09-01 00:00:00'::timestamp without time zone))","Rows Removed by Index Recheck": 0,"Exact Heap Blocks": 66999,"Lossy Heap Blocks": 0,"Plans": [{"Node Type": "Bitmap Index Scan","Parent Relationship": "Outer","Parallel Aware": false,"Async Capable": false,"Index Name": "idx_lineitem_shipdate","Startup Cost": 0.00,"Total Cost": 6038.18,"Plan Rows": 237375,"Plan Width": 0,"Actual Startup Time": 45.375,"Actual Total Time": 45.379,"Actual Rows": 228539,"Actual Loops": 1,"Index Cond": "((l_shipdate >= '1993-06-01'::date) AND (l_shipdate < '1993-09-01 00:00:00'::timestamp without time zone))"}]}]}]}]}]},"Planning Time": 5.432,"Triggers": [],"Execution Time": 1956.101}]
[{"Plan": {"Node Type": "Merge Join","Parallel Aware": false,"Async Capable": false,"Join Type": "Inner","Startup Cost": 248394.89,"Total Cost": 248915.78,"Plan Rows": 50,"Plan Width": 103,"Actual Startup Time": 2089.409,"Actual Total Time": 2089.441,"Actual Rows": 1,"Actual Loops": 1,"Inner Unique": true,"Merge Cond": "(supplier.s_suppkey = revenue0.supplier_no)","Plans": [{"Node Type": "Aggregate","Strategy": "Plain","Partial Mode": "Simple","Parent Relationship": "InitPlan","Subplan Name": "InitPlan 1 (returns $0)","Parallel Aware": false,"Async Capable": false,"Startup Cost": 124246.37,"Total Cost": 124246.38,"Plan Rows": 1,"Plan Width": 32,"Actual Startup Time": 948.769,"Actual Total Time": 948.777,"Actual Rows": 1,"Actual Loops": 1,"Plans": [{"Node Type": "Aggregate","Strategy": "Hashed","Partial Mode": "Simple","Parent Relationship": "Outer","Parallel Aware": false,"Async Capable": false,"Startup Cost": 123996.20,"Total Cost": 124121.29,"Plan Rows": 10007,"Plan Width": 36,"Actual Startup Time": 940.788,"Actual Total Time": 948.181,"Actual Rows": 10000,"Actual Loops": 1,"Group Key": ["lineitem_1.l_suppkey"],"Planned Partitions": 0,"HashAgg Batches": 1,"Peak Memory Usage": 4497,"Disk Usage": 0,"Plans": [{"Node Type": "Bitmap Heap Scan","Parent Relationship": "Outer","Parallel Aware": false,"Async Capable": false,"Relation Name": "lineitem","Alias": "lineitem_1","Startup Cost": 5746.17,"Total Cost": 121758.41,"Plan Rows": 223779,"Plan Width": 16,"Actual Startup Time": 59.844,"Actual Total Time": 791.139,"Actual Rows": 229391,"Actual Loops": 1,"Recheck Cond": "((l_shipdate >= '1995-11-01'::date) AND (l_shipdate < '1996-02-01 00:00:00'::timestamp without time zone))","Rows Removed by Index Recheck": 0,"Exact Heap Blocks": 67359,"Lossy Heap Blocks": 0,"Plans": [{"Node Type": "Bitmap Index Scan","Parent Relationship": "Outer","Parallel Aware": false,"Async Capable": false,"Index Name": "idx_lineitem_shipdate","Startup Cost": 0.00,"Total Cost": 5690.22,"Plan Rows": 223779,"Plan Width": 0,"Actual Startup Time": 45.751,"Actual Total Time": 45.753,"Actual Rows": 229391,"Actual Loops": 1,"Index Cond": "((l_shipdate >= '1995-11-01'::date) AND (l_shipdate < '1996-02-01 00:00:00'::timestamp without time zone))"}]}]}]},{"Node Type": "Index Scan","Parent Relationship": "Outer","Parallel Aware": false,"Async Capable": false,"Scan Direction": "Forward","Index Name": "supplier_pkey","Relation Name": "supplier","Alias": "supplier","Startup Cost": 0.29,"Total Cost": 495.43,"Plan Rows": 10000,"Plan Width": 71,"Actual Startup Time": 0.110,"Actual Total Time": 8.010,"Actual Rows": 4886,"Actual Loops": 1},{"Node Type": "Sort","Parent Relationship": "Inner","Parallel Aware": false,"Async Capable": false,"Startup Cost": 124148.22,"Total Cost": 124148.34,"Plan Rows": 50,"Plan Width": 36,"Actual Startup Time": 2081.101,"Actual Total Time": 2081.114,"Actual Rows": 1,"Actual Loops": 1,"Sort Key": ["revenue0.supplier_no"],"Sort Method": "quicksort","Sort Space Used": 25,"Sort Space Type": "Memory","Plans": [{"Node Type": "Subquery Scan","Parent Relationship": "Outer","Parallel Aware": false,"Async Capable": false,"Alias": "revenue0","Startup Cost": 123996.20,"Total Cost": 124146.80,"Plan Rows": 50,"Plan Width": 36,"Actual Startup Time": 2074.974,"Actual Total Time": 2081.065,"Actual Rows": 1,"Actual Loops": 1,"Plans": [{"Node Type": "Aggregate","Strategy": "Hashed","Partial Mode": "Simple","Parent Relationship": "Subquery","Parallel Aware": false,"Async Capable": false,"Startup Cost": 123996.20,"Total Cost": 124146.30,"Plan Rows": 50,"Plan Width": 36,"Actual Startup Time": 2074.966,"Actual Total Time": 2081.051,"Actual Rows": 1,"Actual Loops": 1,"Group Key": ["lineitem.l_suppkey"],"Filter": "(sum((lineitem.l_extendedprice * ('1'::numeric - lineitem.l_discount))) = $0)","Planned Partitions": 0,"HashAgg Batches": 1,"Peak Memory Usage": 4497,"Disk Usage": 0,"Rows Removed by Filter": 9999,"Plans": [{"Node Type": "Bitmap Heap Scan","Parent Relationship": "Outer","Parallel Aware": false,"Async Capable": false,"Relation Name": "lineitem","Alias": "lineitem","Startup Cost": 5746.17,"Total Cost": 121758.41,"Plan Rows": 223779,"Plan Width": 16,"Actual Startup Time": 56.964,"Actual Total Time": 937.159,"Actual Rows": 229391,"Actual Loops": 1,"Recheck Cond": "((l_shipdate >= '1995-11-01'::date) AND (l_shipdate < '1996-02-01 00:00:00'::timestamp without time zone))","Rows Removed by Index Recheck": 0,"Exact Heap Blocks": 67359,"Lossy Heap Blocks": 0,"Plans": [{"Node Type": "Bitmap Index Scan","Parent Relationship": "Outer","Parallel Aware": false,"Async Capable": false,"Index Name": "idx_lineitem_shipdate","Startup Cost": 0.00,"Total Cost": 5690.22,"Plan Rows": 223779,"Plan Width": 0,"Actual Startup Time": 43.201,"Actual Total Time": 43.205,"Actual Rows": 229391,"Actual Loops": 1,"Index Cond": "((l_shipdate >= '1995-11-01'::date) AND (l_shipdate < '1996-02-01 00:00:00'::timestamp without time zone))"}]}]}]}]}]},"Planning Time": 5.341,"Triggers": [],"Execution Time": 2095.570}]
[{"Plan": {"Node Type": "Merge Join","Parallel Aware": false,"Async Capable": false,"Join Type": "Inner","Startup Cost": 248612.43,"Total Cost": 249133.33,"Plan Rows": 50,"Plan Width": 103,"Actual Startup Time": 2128.903,"Actual Total Time": 2128.970,"Actual Rows": 1,"Actual Loops": 1,"Inner Unique": true,"Merge Cond": "(supplier.s_suppkey = revenue0.supplier_no)","Plans": [{"Node Type": "Aggregate","Strategy": "Plain","Partial Mode": "Simple","Parent Relationship": "InitPlan","Subplan Name": "InitPlan 1 (returns $0)","Parallel Aware": false,"Async Capable": false,"Startup Cost": 124355.15,"Total Cost": 124355.16,"Plan Rows": 1,"Plan Width": 32,"Actual Startup Time": 997.040,"Actual Total Time": 997.066,"Actual Rows": 1,"Actual Loops": 1,"Plans": [{"Node Type": "Aggregate","Strategy": "Hashed","Partial Mode": "Simple","Parent Relationship": "Outer","Parallel Aware": false,"Async Capable": false,"Startup Cost": 124104.97,"Total Cost": 124230.06,"Plan Rows": 10007,"Plan Width": 36,"Actual Startup Time": 989.503,"Actual Total Time": 996.378,"Actual Rows": 10000,"Actual Loops": 1,"Group Key": ["lineitem_1.l_suppkey"],"Planned Partitions": 0,"HashAgg Batches": 1,"Peak Memory Usage": 4497,"Disk Usage": 0,"Plans": [{"Node Type": "Bitmap Heap Scan","Parent Relationship": "Outer","Parallel Aware": false,"Async Capable": false,"Relation Name": "lineitem","Alias": "lineitem_1","Startup Cost": 5878.89,"Total Cost": 121815.74,"Plan Rows": 228923,"Plan Width": 16,"Actual Startup Time": 65.977,"Actual Total Time": 786.278,"Actual Rows": 230590,"Actual Loops": 1,"Recheck Cond": "((l_shipdate >= '1996-08-01'::date) AND (l_shipdate < '1996-11-01 00:00:00'::timestamp without time zone))","Rows Removed by Index Recheck": 0,"Exact Heap Blocks": 67243,"Lossy Heap Blocks": 0,"Plans": [{"Node Type": "Bitmap Index Scan","Parent Relationship": "Outer","Parallel Aware": false,"Async Capable": false,"Index Name": "idx_lineitem_shipdate","Startup Cost": 0.00,"Total Cost": 5821.66,"Plan Rows": 228923,"Plan Width": 0,"Actual Startup Time": 52.072,"Actual Total Time": 52.087,"Actual Rows": 230590,"Actual Loops": 1,"Index Cond": "((l_shipdate >= '1996-08-01'::date) AND (l_shipdate < '1996-11-01 00:00:00'::timestamp without time zone))"}]}]}]},{"Node Type": "Index Scan","Parent Relationship": "Outer","Parallel Aware": false,"Async Capable": false,"Scan Direction": "Forward","Index Name": "supplier_pkey","Relation Name": "supplier","Alias": "supplier","Startup Cost": 0.29,"Total Cost": 495.43,"Plan Rows": 10000,"Plan Width": 71,"Actual Startup Time": 0.125,"Actual Total Time": 9.409,"Actual Rows": 5473,"Actual Loops": 1},{"Node Type": "Sort","Parent Relationship": "Inner","Parallel Aware": false,"Async Capable": false,"Startup Cost": 124256.99,"Total Cost": 124257.11,"Plan Rows": 50,"Plan Width": 36,"Actual Startup Time": 2119.130,"Actual Total Time": 2119.154,"Actual Rows": 1,"Actual Loops": 1,"Sort Key": ["revenue0.supplier_no"],"Sort Method": "quicksort","Sort Space Used": 25,"Sort Space Type": "Memory","Plans": [{"Node Type": "Subquery Scan","Parent Relationship": "Outer","Parallel Aware": false,"Async Capable": false,"Alias": "revenue0","Startup Cost": 124104.97,"Total Cost": 124255.58,"Plan Rows": 50,"Plan Width": 36,"Actual Startup Time": 2117.072,"Actual Total Time": 2119.050,"Actual Rows": 1,"Actual Loops": 1,"Plans": [{"Node Type": "Aggregate","Strategy": "Hashed","Partial Mode": "Simple","Parent Relationship": "Subquery","Parallel Aware": false,"Async Capable": false,"Startup Cost": 124104.97,"Total Cost": 124255.08,"Plan Rows": 50,"Plan Width": 36,"Actual Startup Time": 2117.050,"Actual Total Time": 2118.993,"Actual Rows": 1,"Actual Loops": 1,"Group Key": ["lineitem.l_suppkey"],"Filter": "(sum((lineitem.l_extendedprice * ('1'::numeric - lineitem.l_discount))) = $0)","Planned Partitions": 0,"HashAgg Batches": 1,"Peak Memory Usage": 4497,"Disk Usage": 0,"Rows Removed by Filter": 9999,"Plans": [{"Node Type": "Bitmap Heap Scan","Parent Relationship": "Outer","Parallel Aware": false,"Async Capable": false,"Relation Name": "lineitem","Alias": "lineitem","Startup Cost": 5878.89,"Total Cost": 121815.74,"Plan Rows": 228923,"Plan Width": 16,"Actual Startup Time": 62.576,"Actual Total Time": 942.310,"Actual Rows": 230590,"Actual Loops": 1,"Recheck Cond": "((l_shipdate >= '1996-08-01'::date) AND (l_shipdate < '1996-11-01 00:00:00'::timestamp without time zone))","Rows Removed by Index Recheck": 0,"Exact Heap Blocks": 67243,"Lossy Heap Blocks": 0,"Plans": [{"Node Type": "Bitmap Index Scan","Parent Relationship": "Outer","Parallel Aware": false,"Async Capable": false,"Index Name": "idx_lineitem_shipdate","Startup Cost": 0.00,"Total Cost": 5821.66,"Plan Rows": 228923,"Plan Width": 0,"Actual Startup Time": 48.784,"Actual Total Time": 48.785,"Actual Rows": 230590,"Actual Loops": 1,"Index Cond": "((l_shipdate >= '1996-08-01'::date) AND (l_shipdate < '1996-11-01 00:00:00'::timestamp without time zone))"}]}]}]}]}]},"Planning Time": 4.845,"Triggers": [],"Execution Time": 2134.422}]
[{"Plan": {"Node Type": "Merge Join","Parallel Aware": false,"Async Capable": false,"Join Type": "Inner","Startup Cost": 248512.46,"Total Cost": 249033.35,"Plan Rows": 50,"Plan Width": 103,"Actual Startup Time": 1933.150,"Actual Total Time": 1933.206,"Actual Rows": 1,"Actual Loops": 1,"Inner Unique": true,"Merge Cond": "(supplier.s_suppkey = revenue0.supplier_no)","Plans": [{"Node Type": "Aggregate","Strategy": "Plain","Partial Mode": "Simple","Parent Relationship": "InitPlan","Subplan Name": "InitPlan 1 (returns $0)","Parallel Aware": false,"Async Capable": false,"Startup Cost": 124305.16,"Total Cost": 124305.17,"Plan Rows": 1,"Plan Width": 32,"Actual Startup Time": 870.174,"Actual Total Time": 870.194,"Actual Rows": 1,"Actual Loops": 1,"Plans": [{"Node Type": "Aggregate","Strategy": "Hashed","Partial Mode": "Simple","Parent Relationship": "Outer","Parallel Aware": false,"Async Capable": false,"Startup Cost": 124054.99,"Total Cost": 124180.07,"Plan Rows": 10007,"Plan Width": 36,"Actual Startup Time": 862.742,"Actual Total Time": 869.556,"Actual Rows": 10000,"Actual Loops": 1,"Group Key": ["lineitem_1.l_suppkey"],"Planned Partitions": 0,"HashAgg Batches": 1,"Peak Memory Usage": 4497,"Disk Usage": 0,"Plans": [{"Node Type": "Bitmap Heap Scan","Parent Relationship": "Outer","Parallel Aware": false,"Async Capable": false,"Relation Name": "lineitem","Alias": "lineitem_1","Startup Cost": 5853.01,"Total Cost": 121775.40,"Plan Rows": 227959,"Plan Width": 16,"Actual Startup Time": 40.844,"Actual Total Time": 627.508,"Actual Rows": 229968,"Actual Loops": 1,"Recheck Cond": "((l_shipdate >= '1995-06-01'::date) AND (l_shipdate < '1995-09-01 00:00:00'::timestamp without time zone))","Rows Removed by Index Recheck": 0,"Exact Heap Blocks": 67407,"Lossy Heap Blocks": 0,"Plans": [{"Node Type": "Bitmap Index Scan","Parent Relationship": "Outer","Parallel Aware": false,"Async Capable": false,"Index Name": "idx_lineitem_shipdate","Startup Cost": 0.00,"Total Cost": 5796.02,"Plan Rows": 227959,"Plan Width": 0,"Actual Startup Time": 28.150,"Actual Total Time": 28.164,"Actual Rows": 229968,"Actual Loops": 1,"Index Cond": "((l_shipdate >= '1995-06-01'::date) AND (l_shipdate < '1995-09-01 00:00:00'::timestamp without time zone))"}]}]}]},{"Node Type": "Index Scan","Parent Relationship": "Outer","Parallel Aware": false,"Async Capable": false,"Scan Direction": "Forward","Index Name": "supplier_pkey","Relation Name": "supplier","Alias": "supplier","Startup Cost": 0.29,"Total Cost": 495.43,"Plan Rows": 10000,"Plan Width": 71,"Actual Startup Time": 0.101,"Actual Total Time": 2.514,"Actual Rows": 2933,"Actual Loops": 1},{"Node Type": "Sort","Parent Relationship": "Inner","Parallel Aware": false,"Async Capable": false,"Startup Cost": 124207.00,"Total Cost": 124207.13,"Plan Rows": 50,"Plan Width": 36,"Actual Startup Time": 1930.459,"Actual Total Time": 1930.480,"Actual Rows": 1,"Actual Loops": 1,"Sort Key": ["revenue0.supplier_no"],"Sort Method": "quicksort","Sort Space Used": 25,"Sort Space Type": "Memory","Plans": [{"Node Type": "Subquery Scan","Parent Relationship": "Outer","Parallel Aware": false,"Async Capable": false,"Alias": "revenue0","Startup Cost": 124054.99,"Total Cost": 124205.59,"Plan Rows": 50,"Plan Width": 36,"Actual Startup Time": 1925.907,"Actual Total Time": 1930.384,"Actual Rows": 1,"Actual Loops": 1,"Plans": [{"Node Type": "Aggregate","Strategy": "Hashed","Partial Mode": "Simple","Parent Relationship": "Subquery","Parallel Aware": false,"Async Capable": false,"Startup Cost": 124054.99,"Total Cost": 124205.09,"Plan Rows": 50,"Plan Width": 36,"Actual Startup Time": 1925.899,"Actual Total Time": 1930.352,"Actual Rows": 1,"Actual Loops": 1,"Group Key": ["lineitem.l_suppkey"],"Filter": "(sum((lineitem.l_extendedprice * ('1'::numeric - lineitem.l_discount))) = $0)","Planned Partitions": 0,"HashAgg Batches": 1,"Peak Memory Usage": 4497,"Disk Usage": 0,"Rows Removed by Filter": 9999,"Plans": [{"Node Type": "Bitmap Heap Scan","Parent Relationship": "Outer","Parallel Aware": false,"Async Capable": false,"Relation Name": "lineitem","Alias": "lineitem","Startup Cost": 5853.01,"Total Cost": 121775.40,"Plan Rows": 227959,"Plan Width": 16,"Actual Startup Time": 51.555,"Actual Total Time": 823.671,"Actual Rows": 229968,"Actual Loops": 1,"Recheck Cond": "((l_shipdate >= '1995-06-01'::date) AND (l_shipdate < '1995-09-01 00:00:00'::timestamp without time zone))","Rows Removed by Index Recheck": 0,"Exact Heap Blocks": 67407,"Lossy Heap Blocks": 0,"Plans": [{"Node Type": "Bitmap Index Scan","Parent Relationship": "Outer","Parallel Aware": false,"Async Capable": false,"Index Name": "idx_lineitem_shipdate","Startup Cost": 0.00,"Total Cost": 5796.02,"Plan Rows": 227959,"Plan Width": 0,"Actual Startup Time": 38.034,"Actual Total Time": 38.041,"Actual Rows": 229968,"Actual Loops": 1,"Index Cond": "((l_shipdate >= '1995-06-01'::date) AND (l_shipdate < '1995-09-01 00:00:00'::timestamp without time zone))"}]}]}]}]}]},"Planning Time": 4.159,"Triggers": [],"Execution Time": 1935.928}]
[{"Plan": {"Node Type": "Merge Join","Parallel Aware": false,"Async Capable": false,"Join Type": "Inner","Startup Cost": 248950.69,"Total Cost": 249471.59,"Plan Rows": 50,"Plan Width": 103,"Actual Startup Time": 2077.217,"Actual Total Time": 2077.254,"Actual Rows": 1,"Actual Loops": 1,"Inner Unique": true,"Merge Cond": "(supplier.s_suppkey = revenue0.supplier_no)","Plans": [{"Node Type": "Aggregate","Strategy": "Plain","Partial Mode": "Simple","Parent Relationship": "InitPlan","Subplan Name": "InitPlan 1 (returns $0)","Parallel Aware": false,"Async Capable": false,"Startup Cost": 124524.28,"Total Cost": 124524.29,"Plan Rows": 1,"Plan Width": 32,"Actual Startup Time": 944.226,"Actual Total Time": 944.239,"Actual Rows": 1,"Actual Loops": 1,"Plans": [{"Node Type": "Aggregate","Strategy": "Hashed","Partial Mode": "Simple","Parent Relationship": "Outer","Parallel Aware": false,"Async Capable": false,"Startup Cost": 124274.10,"Total Cost": 124399.19,"Plan Rows": 10007,"Plan Width": 36,"Actual Startup Time": 935.667,"Actual Total Time": 943.640,"Actual Rows": 10000,"Actual Loops": 1,"Group Key": ["lineitem_1.l_suppkey"],"Planned Partitions": 0,"HashAgg Batches": 1,"Peak Memory Usage": 4497,"Disk Usage": 0,"Plans": [{"Node Type": "Bitmap Heap Scan","Parent Relationship": "Outer","Parallel Aware": false,"Async Capable": false,"Relation Name": "lineitem","Alias": "lineitem_1","Startup Cost": 5964.95,"Total Cost": 121951.64,"Plan Rows": 232246,"Plan Width": 16,"Actual Startup Time": 58.195,"Actual Total Time": 787.901,"Actual Rows": 228485,"Actual Loops": 1,"Recheck Cond": "((l_shipdate >= '1994-10-01'::date) AND (l_shipdate < '1995-01-01 00:00:00'::timestamp without time zone))","Rows Removed by Index Recheck": 0,"Exact Heap Blocks": 67254,"Lossy Heap Blocks": 0,"Plans": [{"Node Type": "Bitmap Index Scan","Parent Relationship": "Outer","Parallel Aware": false,"Async Capable": false,"Index Name": "idx_lineitem_shipdate","Startup Cost": 0.00,"Total Cost": 5906.89,"Plan Rows": 232246,"Plan Width": 0,"Actual Startup Time": 44.283,"Actual Total Time": 44.290,"Actual Rows": 228485,"Actual Loops": 1,"Index Cond": "((l_shipdate >= '1994-10-01'::date) AND (l_shipdate < '1995-01-01 00:00:00'::timestamp without time zone))"}]}]}]},{"Node Type": "Index Scan","Parent Relationship": "Outer","Parallel Aware": false,"Async Capable": false,"Scan Direction": "Forward","Index Name": "supplier_pkey","Relation Name": "supplier","Alias": "supplier","Startup Cost": 0.29,"Total Cost": 495.43,"Plan Rows": 10000,"Plan Width": 71,"Actual Startup Time": 0.119,"Actual Total Time": 5.877,"Actual Rows": 3489,"Actual Loops": 1},{"Node Type": "Sort","Parent Relationship": "Inner","Parallel Aware": false,"Async Capable": false,"Startup Cost": 124426.12,"Total Cost": 124426.24,"Plan Rows": 50,"Plan Width": 36,"Actual Startup Time": 2071.109,"Actual Total Time": 2071.122,"Actual Rows": 1,"Actual Loops": 1,"Sort Key": ["revenue0.supplier_no"],"Sort Method": "quicksort","Sort Space Used": 25,"Sort Space Type": "Memory","Plans": [{"Node Type": "Subquery Scan","Parent Relationship": "Outer","Parallel Aware": false,"Async Capable": false,"Alias": "revenue0","Startup Cost": 124274.10,"Total Cost": 124424.71,"Plan Rows": 50,"Plan Width": 36,"Actual Startup Time": 2068.547,"Actual Total Time": 2071.053,"Actual Rows": 1,"Actual Loops": 1,"Plans": [{"Node Type": "Aggregate","Strategy": "Hashed","Partial Mode": "Simple","Parent Relationship": "Subquery","Parallel Aware": false,"Async Capable": false,"Startup Cost": 124274.10,"Total Cost": 124424.21,"Plan Rows": 50,"Plan Width": 36,"Actual Startup Time": 2068.539,"Actual Total Time": 2071.037,"Actual Rows": 1,"Actual Loops": 1,"Group Key": ["lineitem.l_suppkey"],"Filter": "(sum((lineitem.l_extendedprice * ('1'::numeric - lineitem.l_discount))) = $0)","Planned Partitions": 0,"HashAgg Batches": 1,"Peak Memory Usage": 4497,"Disk Usage": 0,"Rows Removed by Filter": 9999,"Plans": [{"Node Type": "Bitmap Heap Scan","Parent Relationship": "Outer","Parallel Aware": false,"Async Capable": false,"Relation Name": "lineitem","Alias": "lineitem","Startup Cost": 5964.95,"Total Cost": 121951.64,"Plan Rows": 232246,"Plan Width": 16,"Actual Startup Time": 55.484,"Actual Total Time": 929.289,"Actual Rows": 228485,"Actual Loops": 1,"Recheck Cond": "((l_shipdate >= '1994-10-01'::date) AND (l_shipdate < '1995-01-01 00:00:00'::timestamp without time zone))","Rows Removed by Index Recheck": 0,"Exact Heap Blocks": 67254,"Lossy Heap Blocks": 0,"Plans": [{"Node Type": "Bitmap Index Scan","Parent Relationship": "Outer","Parallel Aware": false,"Async Capable": false,"Index Name": "idx_lineitem_shipdate","Startup Cost": 0.00,"Total Cost": 5906.89,"Plan Rows": 232246,"Plan Width": 0,"Actual Startup Time": 41.691,"Actual Total Time": 41.696,"Actual Rows": 228485,"Actual Loops": 1,"Index Cond": "((l_shipdate >= '1994-10-01'::date) AND (l_shipdate < '1995-01-01 00:00:00'::timestamp without time zone))"}]}]}]}]}]},"Planning Time": 4.532,"Triggers": [],"Execution Time": 2082.904}]
[{"Plan": {"Node Type": "Merge Join","Parallel Aware": false,"Async Capable": false,"Join Type": "Inner","Startup Cost": 248577.74,"Total Cost": 249098.63,"Plan Rows": 50,"Plan Width": 103,"Actual Startup Time": 1920.263,"Actual Total Time": 1920.303,"Actual Rows": 1,"Actual Loops": 1,"Inner Unique": true,"Merge Cond": "(supplier.s_suppkey = revenue0.supplier_no)","Plans": [{"Node Type": "Aggregate","Strategy": "Plain","Partial Mode": "Simple","Parent Relationship": "InitPlan","Subplan Name": "InitPlan 1 (returns $0)","Parallel Aware": false,"Async Capable": false,"Startup Cost": 124337.80,"Total Cost": 124337.81,"Plan Rows": 1,"Plan Width": 32,"Actual Startup Time": 838.704,"Actual Total Time": 838.723,"Actual Rows": 1,"Actual Loops": 1,"Plans": [{"Node Type": "Aggregate","Strategy": "Hashed","Partial Mode": "Simple","Parent Relationship": "Outer","Parallel Aware": false,"Async Capable": false,"Startup Cost": 124087.63,"Total Cost": 124212.71,"Plan Rows": 10007,"Plan Width": 36,"Actual Startup Time": 829.393,"Actual Total Time": 838.134,"Actual Rows": 10000,"Actual Loops": 1,"Group Key": ["lineitem_1.l_suppkey"],"Planned Partitions": 0,"HashAgg Batches": 1,"Peak Memory Usage": 4497,"Disk Usage": 0,"Plans": [{"Node Type": "Bitmap Heap Scan","Parent Relationship": "Outer","Parallel Aware": false,"Async Capable": false,"Relation Name": "lineitem","Alias": "lineitem_1","Startup Cost": 5717.73,"Total Cost": 121861.96,"Plan Rows": 222566,"Plan Width": 16,"Actual Startup Time": 56.600,"Actual Total Time": 670.411,"Actual Rows": 225419,"Actual Loops": 1,"Recheck Cond": "((l_shipdate >= '1997-01-01'::date) AND (l_shipdate < '1997-04-01 00:00:00'::timestamp without time zone))","Rows Removed by Index Recheck": 0,"Exact Heap Blocks": 66824,"Lossy Heap Blocks": 0,"Plans": [{"Node Type": "Bitmap Index Scan","Parent Relationship": "Outer","Parallel Aware": false,"Async Capable": false,"Index Name": "idx_lineitem_shipdate","Startup Cost": 0.00,"Total Cost": 5662.09,"Plan Rows": 222566,"Plan Width": 0,"Actual Startup Time": 43.115,"Actual Total Time": 43.121,"Actual Rows": 225419,"Actual Loops": 1,"Index Cond": "((l_shipdate >= '1997-01-01'::date) AND (l_shipdate < '1997-04-01 00:00:00'::timestamp without time zone))"}]}]}]},{"Node Type": "Index Scan","Parent Relationship": "Outer","Parallel Aware": false,"Async Capable": false,"Scan Direction": "Forward","Index Name": "supplier_pkey","Relation Name": "supplier","Alias": "supplier","Startup Cost": 0.29,"Total Cost": 495.43,"Plan Rows": 10000,"Plan Width": 71,"Actual Startup Time": 0.104,"Actual Total Time": 0.867,"Actual Rows": 435,"Actual Loops": 1},{"Node Type": "Sort","Parent Relationship": "Inner","Parallel Aware": false,"Async Capable": false,"Startup Cost": 124239.64,"Total Cost": 124239.77,"Plan Rows": 50,"Plan Width": 36,"Actual Startup Time": 1919.330,"Actual Total Time": 1919.343,"Actual Rows": 1,"Actual Loops": 1,"Sort Key": ["revenue0.supplier_no"],"Sort Method": "quicksort","Sort Space Used": 25,"Sort Space Type": "Memory","Plans": [{"Node Type": "Subquery Scan","Parent Relationship": "Outer","Parallel Aware": false,"Async Capable": false,"Alias": "revenue0","Startup Cost": 124087.63,"Total Cost": 124238.23,"Plan Rows": 50,"Plan Width": 36,"Actual Startup Time": 1908.436,"Actual Total Time": 1919.306,"Actual Rows": 1,"Actual Loops": 1,"Plans": [{"Node Type": "Aggregate","Strategy": "Hashed","Partial Mode": "Simple","Parent Relationship": "Subquery","Parallel Aware": false,"Async Capable": false,"Startup Cost": 124087.63,"Total Cost": 124237.73,"Plan Rows": 50,"Plan Width": 36,"Actual Startup Time": 1908.431,"Actual Total Time": 1919.298,"Actual Rows": 1,"Actual Loops": 1,"Group Key": ["lineitem.l_suppkey"],"Filter": "(sum((lineitem.l_extendedprice * ('1'::numeric - lineitem.l_discount))) = $0)","Planned Partitions": 0,"HashAgg Batches": 1,"Peak Memory Usage": 4497,"Disk Usage": 0,"Rows Removed by Filter": 9999,"Plans": [{"Node Type": "Bitmap Heap Scan","Parent Relationship": "Outer","Parallel Aware": false,"Async Capable": false,"Relation Name": "lineitem","Alias": "lineitem","Startup Cost": 5717.73,"Total Cost": 121861.96,"Plan Rows": 222566,"Plan Width": 16,"Actual Startup Time": 57.810,"Actual Total Time": 882.414,"Actual Rows": 225419,"Actual Loops": 1,"Recheck Cond": "((l_shipdate >= '1997-01-01'::date) AND (l_shipdate < '1997-04-01 00:00:00'::timestamp without time zone))","Rows Removed by Index Recheck": 0,"Exact Heap Blocks": 66824,"Lossy Heap Blocks": 0,"Plans": [{"Node Type": "Bitmap Index Scan","Parent Relationship": "Outer","Parallel Aware": false,"Async Capable": false,"Index Name": "idx_lineitem_shipdate","Startup Cost": 0.00,"Total Cost": 5662.09,"Plan Rows": 222566,"Plan Width": 0,"Actual Startup Time": 44.647,"Actual Total Time": 44.649,"Actual Rows": 225419,"Actual Loops": 1,"Index Cond": "((l_shipdate >= '1997-01-01'::date) AND (l_shipdate < '1997-04-01 00:00:00'::timestamp without time zone))"}]}]}]}]}]},"Planning Time": 5.470,"Triggers": [],"Execution Time": 1924.065}]
[{"Plan": {"Node Type": "Merge Join","Parallel Aware": false,"Async Capable": false,"Join Type": "Inner","Startup Cost": 249082.82,"Total Cost": 249603.72,"Plan Rows": 50,"Plan Width": 103,"Actual Startup Time": 2126.100,"Actual Total Time": 2126.160,"Actual Rows": 1,"Actual Loops": 1,"Inner Unique": true,"Merge Cond": "(supplier.s_suppkey = revenue0.supplier_no)","Plans": [{"Node Type": "Aggregate","Strategy": "Plain","Partial Mode": "Simple","Parent Relationship": "InitPlan","Subplan Name": "InitPlan 1 (returns $0)","Parallel Aware": false,"Async Capable": false,"Startup Cost": 124590.34,"Total Cost": 124590.35,"Plan Rows": 1,"Plan Width": 32,"Actual Startup Time": 998.528,"Actual Total Time": 998.543,"Actual Rows": 1,"Actual Loops": 1,"Plans": [{"Node Type": "Aggregate","Strategy": "Hashed","Partial Mode": "Simple","Parent Relationship": "Outer","Parallel Aware": false,"Async Capable": false,"Startup Cost": 124340.17,"Total Cost": 124465.25,"Plan Rows": 10007,"Plan Width": 36,"Actual Startup Time": 990.764,"Actual Total Time": 997.890,"Actual Rows": 10000,"Actual Loops": 1,"Group Key": ["lineitem_1.l_suppkey"],"Planned Partitions": 0,"HashAgg Batches": 1,"Peak Memory Usage": 4497,"Disk Usage": 0,"Plans": [{"Node Type": "Bitmap Heap Scan","Parent Relationship": "Outer","Parallel Aware": false,"Async Capable": false,"Relation Name": "lineitem","Alias": "lineitem_1","Startup Cost": 5625.22,"Total Cost": 122150.13,"Plan Rows": 219004,"Plan Width": 16,"Actual Startup Time": 59.388,"Actual Total Time": 778.284,"Actual Rows": 230322,"Actual Loops": 1,"Recheck Cond": "((l_shipdate >= '1994-03-01'::date) AND (l_shipdate < '1994-06-01 00:00:00'::timestamp without time zone))","Rows Removed by Index Recheck": 0,"Exact Heap Blocks": 67245,"Lossy Heap Blocks": 0,"Plans": [{"Node Type": "Bitmap Index Scan","Parent Relationship": "Outer","Parallel Aware": false,"Async Capable": false,"Index Name": "idx_lineitem_shipdate","Startup Cost": 0.00,"Total Cost": 5570.47,"Plan Rows": 219004,"Plan Width": 0,"Actual Startup Time": 45.592,"Actual Total Time": 45.604,"Actual Rows": 230322,"Actual Loops": 1,"Index Cond": "((l_shipdate >= '1994-03-01'::date) AND (l_shipdate < '1994-06-01 00:00:00'::timestamp without time zone))"}]}]}]},{"Node Type": "Index Scan","Parent Relationship": "Outer","Parallel Aware": false,"Async Capable": false,"Scan Direction": "Forward","Index Name": "supplier_pkey","Relation Name": "supplier","Alias": "supplier","Startup Cost": 0.29,"Total Cost": 495.43,"Plan Rows": 10000,"Plan Width": 71,"Actual Startup Time": 0.099,"Actual Total Time": 2.588,"Actual Rows": 1344,"Actual Loops": 1},{"Node Type": "Sort","Parent Relationship": "Inner","Parallel Aware": false,"Async Capable": false,"Startup Cost": 124492.18,"Total Cost": 124492.31,"Plan Rows": 50,"Plan Width": 36,"Actual Startup Time": 2123.373,"Actual Total Time": 2123.407,"Actual Rows": 1,"Actual Loops": 1,"Sort Key": ["revenue0.supplier_no"],"Sort Method": "quicksort","Sort Space Used": 25,"Sort Space Type": "Memory","Plans": [{"Node Type": "Subquery Scan","Parent Relationship": "Outer","Parallel Aware": false,"Async Capable": false,"Alias": "revenue0","Startup Cost": 124340.17,"Total Cost": 124490.77,"Plan Rows": 50,"Plan Width": 36,"Actual Startup Time": 2118.456,"Actual Total Time": 2123.316,"Actual Rows": 1,"Actual Loops": 1,"Plans": [{"Node Type": "Aggregate","Strategy": "Hashed","Partial Mode": "Simple","Parent Relationship": "Subquery","Parallel Aware": false,"Async Capable": false,"Startup Cost": 124340.17,"Total Cost": 124490.27,"Plan Rows": 50,"Plan Width": 36,"Actual Startup Time": 2118.440,"Actual Total Time": 2123.277,"Actual Rows": 1,"Actual Loops": 1,"Group Key": ["lineitem.l_suppkey"],"Filter": "(sum((lineitem.l_extendedprice * ('1'::numeric - lineitem.l_discount))) = $0)","Planned Partitions": 0,"HashAgg Batches": 1,"Peak Memory Usage": 4497,"Disk Usage": 0,"Rows Removed by Filter": 9999,"Plans": [{"Node Type": "Bitmap Heap Scan","Parent Relationship": "Outer","Parallel Aware": false,"Async Capable": false,"Relation Name": "lineitem","Alias": "lineitem","Startup Cost": 5625.22,"Total Cost": 122150.13,"Plan Rows": 219004,"Plan Width": 16,"Actual Startup Time": 55.051,"Actual Total Time": 942.271,"Actual Rows": 230322,"Actual Loops": 1,"Recheck Cond": "((l_shipdate >= '1994-03-01'::date) AND (l_shipdate < '1994-06-01 00:00:00'::timestamp without time zone))","Rows Removed by Index Recheck": 0,"Exact Heap Blocks": 67245,"Lossy Heap Blocks": 0,"Plans": [{"Node Type": "Bitmap Index Scan","Parent Relationship": "Outer","Parallel Aware": false,"Async Capable": false,"Index Name": "idx_lineitem_shipdate","Startup Cost": 0.00,"Total Cost": 5570.47,"Plan Rows": 219004,"Plan Width": 0,"Actual Startup Time": 41.443,"Actual Total Time": 41.461,"Actual Rows": 230322,"Actual Loops": 1,"Index Cond": "((l_shipdate >= '1994-03-01'::date) AND (l_shipdate < '1994-06-01 00:00:00'::timestamp without time zone))"}]}]}]}]}]},"Planning Time": 3.928,"Triggers": [],"Execution Time": 2131.152}]
[{"Plan": {"Node Type": "Merge Join","Parallel Aware": false,"Async Capable": false,"Join Type": "Inner","Startup Cost": 248230.62,"Total Cost": 248751.52,"Plan Rows": 50,"Plan Width": 103,"Actual Startup Time": 2088.035,"Actual Total Time": 2088.078,"Actual Rows": 1,"Actual Loops": 1,"Inner Unique": true,"Merge Cond": "(supplier.s_suppkey = revenue0.supplier_no)","Plans": [{"Node Type": "Aggregate","Strategy": "Plain","Partial Mode": "Simple","Parent Relationship": "InitPlan","Subplan Name": "InitPlan 1 (returns $0)","Parallel Aware": false,"Async Capable": false,"Startup Cost": 124164.24,"Total Cost": 124164.25,"Plan Rows": 1,"Plan Width": 32,"Actual Startup Time": 950.841,"Actual Total Time": 950.857,"Actual Rows": 1,"Actual Loops": 1,"Plans": [{"Node Type": "Aggregate","Strategy": "Hashed","Partial Mode": "Simple","Parent Relationship": "Outer","Parallel Aware": false,"Async Capable": false,"Startup Cost": 123914.07,"Total Cost": 124039.16,"Plan Rows": 10007,"Plan Width": 36,"Actual Startup Time": 943.496,"Actual Total Time": 950.271,"Actual Rows": 10000,"Actual Loops": 1,"Group Key": ["lineitem_1.l_suppkey"],"Planned Partitions": 0,"HashAgg Batches": 1,"Peak Memory Usage": 4497,"Disk Usage": 0,"Plans": [{"Node Type": "Bitmap Heap Scan","Parent Relationship": "Outer","Parallel Aware": false,"Async Capable": false,"Relation Name": "lineitem","Alias": "lineitem_1","Startup Cost": 5777.92,"Total Cost": 121664.81,"Plan Rows": 224926,"Plan Width": 16,"Actual Startup Time": 60.846,"Actual Total Time": 795.969,"Actual Rows": 226622,"Actual Loops": 1,"Recheck Cond": "((l_shipdate >= '1996-04-01'::date) AND (l_shipdate < '1996-07-01 00:00:00'::timestamp without time zone))","Rows Removed by Index Recheck": 0,"Exact Heap Blocks": 66749,"Lossy Heap Blocks": 0,"Plans": [{"Node Type": "Bitmap Index Scan","Parent Relationship": "Outer","Parallel Aware": false,"Async Capable": false,"Index Name": "idx_lineitem_shipdate","Startup Cost": 0.00,"Total Cost": 5721.69,"Plan Rows": 224926,"Plan Width": 0,"Actual Startup Time": 47.031,"Actual Total Time": 47.038,"Actual Rows": 226622,"Actual Loops": 1,"Index Cond": "((l_shipdate >= '1996-04-01'::date) AND (l_shipdate < '1996-07-01 00:00:00'::timestamp without time zone))"}]}]}]},{"Node Type": "Index Scan","Parent Relationship": "Outer","Parallel Aware": false,"Async Capable": false,"Scan Direction": "Forward","Index Name": "supplier_pkey","Relation Name": "supplier","Alias": "supplier","Startup Cost": 0.29,"Total Cost": 495.43,"Plan Rows": 10000,"Plan Width": 71,"Actual Startup Time": 0.101,"Actual Total Time": 10.656,"Actual Rows": 6942,"Actual Loops": 1},{"Node Type": "Sort","Parent Relationship": "Inner","Parallel Aware": false,"Async Capable": false,"Startup Cost": 124066.08,"Total Cost": 124066.21,"Plan Rows": 50,"Plan Width": 36,"Actual Startup Time": 2076.966,"Actual Total Time": 2076.978,"Actual Rows": 1,"Actual Loops": 1,"Sort Key": ["revenue0.supplier_no"],"Sort Method": "quicksort","Sort Space Used": 25,"Sort Space Type": "Memory","Plans": [{"Node Type": "Subquery Scan","Parent Relationship": "Outer","Parallel Aware": false,"Async Capable": false,"Alias": "revenue0","Startup Cost": 123914.07,"Total Cost": 124064.67,"Plan Rows": 50,"Plan Width": 36,"Actual Startup Time": 2058.150,"Actual Total Time": 2076.927,"Actual Rows": 1,"Actual Loops": 1,"Plans": [{"Node Type": "Aggregate","Strategy": "Hashed","Partial Mode": "Simple","Parent Relationship": "Subquery","Parallel Aware": false,"Async Capable": false,"Startup Cost": 123914.07,"Total Cost": 124064.17,"Plan Rows": 50,"Plan Width": 36,"Actual Startup Time": 2058.141,"Actual Total Time": 2076.909,"Actual Rows": 1,"Actual Loops": 1,"Group Key": ["lineitem.l_suppkey"],"Filter": "(sum((lineitem.l_extendedprice * ('1'::numeric - lineitem.l_discount))) = $0)","Planned Partitions": 0,"HashAgg Batches": 1,"Peak Memory Usage": 4497,"Disk Usage": 0,"Rows Removed by Filter": 9999,"Plans": [{"Node Type": "Bitmap Heap Scan","Parent Relationship": "Outer","Parallel Aware": false,"Async Capable": false,"Relation Name": "lineitem","Alias": "lineitem","Startup Cost": 5777.92,"Total Cost": 121664.81,"Plan Rows": 224926,"Plan Width": 16,"Actual Startup Time": 54.640,"Actual Total Time": 931.835,"Actual Rows": 226622,"Actual Loops": 1,"Recheck Cond": "((l_shipdate >= '1996-04-01'::date) AND (l_shipdate < '1996-07-01 00:00:00'::timestamp without time zone))","Rows Removed by Index Recheck": 0,"Exact Heap Blocks": 66749,"Lossy Heap Blocks": 0,"Plans": [{"Node Type": "Bitmap Index Scan","Parent Relationship": "Outer","Parallel Aware": false,"Async Capable": false,"Index Name": "idx_lineitem_shipdate","Startup Cost": 0.00,"Total Cost": 5721.69,"Plan Rows": 224926,"Plan Width": 0,"Actual Startup Time": 41.150,"Actual Total Time": 41.151,"Actual Rows": 226622,"Actual Loops": 1,"Index Cond": "((l_shipdate >= '1996-04-01'::date) AND (l_shipdate < '1996-07-01 00:00:00'::timestamp without time zone))"}]}]}]}]}]},"Planning Time": 4.002,"Triggers": [],"Execution Time": 2092.348}]
[{"Plan": {"Node Type": "Merge Join","Parallel Aware": false,"Async Capable": false,"Join Type": "Inner","Startup Cost": 248233.16,"Total Cost": 248754.06,"Plan Rows": 50,"Plan Width": 103,"Actual Startup Time": 2105.260,"Actual Total Time": 2105.296,"Actual Rows": 1,"Actual Loops": 1,"Inner Unique": true,"Merge Cond": "(supplier.s_suppkey = revenue0.supplier_no)","Plans": [{"Node Type": "Aggregate","Strategy": "Plain","Partial Mode": "Simple","Parent Relationship": "InitPlan","Subplan Name": "InitPlan 1 (returns $0)","Parallel Aware": false,"Async Capable": false,"Startup Cost": 124165.51,"Total Cost": 124165.52,"Plan Rows": 1,"Plan Width": 32,"Actual Startup Time": 961.388,"Actual Total Time": 961.403,"Actual Rows": 1,"Actual Loops": 1,"Plans": [{"Node Type": "Aggregate","Strategy": "Hashed","Partial Mode": "Simple","Parent Relationship": "Outer","Parallel Aware": false,"Async Capable": false,"Startup Cost": 123915.34,"Total Cost": 124040.43,"Plan Rows": 10007,"Plan Width": 36,"Actual Startup Time": 954.808,"Actual Total Time": 960.810,"Actual Rows": 10000,"Actual Loops": 1,"Group Key": ["lineitem_1.l_suppkey"],"Planned Partitions": 0,"HashAgg Batches": 1,"Peak Memory Usage": 4497,"Disk Usage": 0,"Plans": [{"Node Type": "Bitmap Heap Scan","Parent Relationship": "Outer","Parallel Aware": false,"Async Capable": false,"Relation Name": "lineitem","Alias": "lineitem_1","Startup Cost": 5773.28,"Total Cost": 121666.71,"Plan Rows": 224863,"Plan Width": 16,"Actual Startup Time": 71.714,"Actual Total Time": 807.278,"Actual Rows": 229559,"Actual Loops": 1,"Recheck Cond": "((l_shipdate >= '1996-07-01'::date) AND (l_shipdate < '1996-10-01 00:00:00'::timestamp without time zone))","Rows Removed by Index Recheck": 0,"Exact Heap Blocks": 67366,"Lossy Heap Blocks": 0,"Plans": [{"Node Type": "Bitmap Index Scan","Parent Relationship": "Outer","Parallel Aware": false,"Async Capable": false,"Index Name": "idx_lineitem_shipdate","Startup Cost": 0.00,"Total Cost": 5717.06,"Plan Rows": 224863,"Plan Width": 0,"Actual Startup Time": 57.516,"Actual Total Time": 57.524,"Actual Rows": 229559,"Actual Loops": 1,"Index Cond": "((l_shipdate >= '1996-07-01'::date) AND (l_shipdate < '1996-10-01 00:00:00'::timestamp without time zone))"}]}]}]},{"Node Type": "Index Scan","Parent Relationship": "Outer","Parallel Aware": false,"Async Capable": false,"Scan Direction": "Forward","Index Name": "supplier_pkey","Relation Name": "supplier","Alias": "supplier","Startup Cost": 0.29,"Total Cost": 495.43,"Plan Rows": 10000,"Plan Width": 71,"Actual Startup Time": 0.107,"Actual Total Time": 1.132,"Actual Rows": 494,"Actual Loops": 1},{"Node Type": "Sort","Parent Relationship": "Inner","Parallel Aware": false,"Async Capable": false,"Startup Cost": 124067.35,"Total Cost": 124067.48,"Plan Rows": 50,"Plan Width": 36,"Actual Startup Time": 2104.066,"Actual Total Time": 2104.076,"Actual Rows": 1,"Actual Loops": 1,"Sort Key": ["revenue0.supplier_no"],"Sort Method": "quicksort","Sort Space Used": 25,"Sort Space Type": "Memory","Plans": [{"Node Type": "Subquery Scan","Parent Relationship": "Outer","Parallel Aware": false,"Async Capable": false,"Alias": "revenue0","Startup Cost": 123915.34,"Total Cost": 124065.94,"Plan Rows": 50,"Plan Width": 36,"Actual Startup Time": 2096.785,"Actual Total Time": 2104.011,"Actual Rows": 1,"Actual Loops": 1,"Plans": [{"Node Type": "Aggregate","Strategy": "Hashed","Partial Mode": "Simple","Parent Relationship": "Subquery","Parallel Aware": false,"Async Capable": false,"Startup Cost": 123915.34,"Total Cost": 124065.44,"Plan Rows": 50,"Plan Width": 36,"Actual Startup Time": 2096.781,"Actual Total Time": 2104.004,"Actual Rows": 1,"Actual Loops": 1,"Group Key": ["lineitem.l_suppkey"],"Filter": "(sum((lineitem.l_extendedprice * ('1'::numeric - lineitem.l_discount))) = $0)","Planned Partitions": 0,"HashAgg Batches": 1,"Peak Memory Usage": 4497,"Disk Usage": 0,"Rows Removed by Filter": 9999,"Plans": [{"Node Type": "Bitmap Heap Scan","Parent Relationship": "Outer","Parallel Aware": false,"Async Capable": false,"Relation Name": "lineitem","Alias": "lineitem","Startup Cost": 5773.28,"Total Cost": 121666.71,"Plan Rows": 224863,"Plan Width": 16,"Actual Startup Time": 68.917,"Actual Total Time": 948.187,"Actual Rows": 229559,"Actual Loops": 1,"Recheck Cond": "((l_shipdate >= '1996-07-01'::date) AND (l_shipdate < '1996-10-01 00:00:00'::timestamp without time zone))","Rows Removed by Index Recheck": 0,"Exact Heap Blocks": 67366,"Lossy Heap Blocks": 0,"Plans": [{"Node Type": "Bitmap Index Scan","Parent Relationship": "Outer","Parallel Aware": false,"Async Capable": false,"Index Name": "idx_lineitem_shipdate","Startup Cost": 0.00,"Total Cost": 5717.06,"Plan Rows": 224863,"Plan Width": 0,"Actual Startup Time": 55.144,"Actual Total Time": 55.147,"Actual Rows": 229559,"Actual Loops": 1,"Index Cond": "((l_shipdate >= '1996-07-01'::date) AND (l_shipdate < '1996-10-01 00:00:00'::timestamp without time zone))"}]}]}]}]}]},"Planning Time": 4.946,"Triggers": [],"Execution Time": 2110.202}]
[{"Plan": {"Node Type": "Merge Join","Parallel Aware": false,"Async Capable": false,"Join Type": "Inner","Startup Cost": 250575.74,"Total Cost": 251096.64,"Plan Rows": 50,"Plan Width": 103,"Actual Startup Time": 1927.149,"Actual Total Time": 1927.196,"Actual Rows": 1,"Actual Loops": 1,"Inner Unique": true,"Merge Cond": "(supplier.s_suppkey = revenue0.supplier_no)","Plans": [{"Node Type": "Aggregate","Strategy": "Plain","Partial Mode": "Simple","Parent Relationship": "InitPlan","Subplan Name": "InitPlan 1 (returns $0)","Parallel Aware": false,"Async Capable": false,"Startup Cost": 125336.80,"Total Cost": 125336.81,"Plan Rows": 1,"Plan Width": 32,"Actual Startup Time": 839.260,"Actual Total Time": 839.275,"Actual Rows": 1,"Actual Loops": 1,"Plans": [{"Node Type": "Aggregate","Strategy": "Hashed","Partial Mode": "Simple","Parent Relationship": "Outer","Parallel Aware": false,"Async Capable": false,"Startup Cost": 125086.63,"Total Cost": 125211.72,"Plan Rows": 10007,"Plan Width": 36,"Actual Startup Time": 831.257,"Actual Total Time": 838.688,"Actual Rows": 10000,"Actual Loops": 1,"Group Key": ["lineitem_1.l_suppkey"],"Planned Partitions": 0,"HashAgg Batches": 1,"Peak Memory Usage": 4497,"Disk Usage": 0,"Plans": [{"Node Type": "Bitmap Heap Scan","Parent Relationship": "Outer","Parallel Aware": false,"Async Capable": false,"Relation Name": "lineitem","Alias": "lineitem_1","Startup Cost": 6377.11,"Total Cost": 122604.02,"Plan Rows": 248261,"Plan Width": 16,"Actual Startup Time": 50.230,"Actual Total Time": 663.119,"Actual Rows": 225253,"Actual Loops": 1,"Recheck Cond": "((l_shipdate >= '1995-01-01'::date) AND (l_shipdate < '1995-04-01 00:00:00'::timestamp without time zone))","Rows Removed by Index Recheck": 0,"Exact Heap Blocks": 66731,"Lossy Heap Blocks": 0,"Plans": [{"Node Type": "Bitmap Index Scan","Parent Relationship": "Outer","Parallel Aware": false,"Async Capable": false,"Index Name": "idx_lineitem_shipdate","Startup Cost": 0.00,"Total Cost": 6315.04,"Plan Rows": 248261,"Plan Width": 0,"Actual Startup Time": 36.910,"Actual Total Time": 36.918,"Actual Rows": 225253,"Actual Loops": 1,"Index Cond": "((l_shipdate >= '1995-01-01'::date) AND (l_shipdate < '1995-04-01 00:00:00'::timestamp without time zone))"}]}]}]},{"Node Type": "Index Scan","Parent Relationship": "Outer","Parallel Aware": false,"Async Capable": false,"Scan Direction": "Forward","Index Name": "supplier_pkey","Relation Name": "supplier","Alias": "supplier","Startup Cost": 0.29,"Total Cost": 495.43,"Plan Rows": 10000,"Plan Width": 71,"Actual Startup Time": 0.115,"Actual Total Time": 13.787,"Actual Rows": 9493,"Actual Loops": 1},{"Node Type": "Sort","Parent Relationship": "Inner","Parallel Aware": false,"Async Capable": false,"Startup Cost": 125238.64,"Total Cost": 125238.77,"Plan Rows": 50,"Plan Width": 36,"Actual Startup Time": 1912.779,"Actual Total Time": 1912.800,"Actual Rows": 1,"Actual Loops": 1,"Sort Key": ["revenue0.supplier_no"],"Sort Method": "quicksort","Sort Space Used": 25,"Sort Space Type": "Memory","Plans": [{"Node Type": "Subquery Scan","Parent Relationship": "Outer","Parallel Aware": false,"Async Capable": false,"Alias": "revenue0","Startup Cost": 125086.63,"Total Cost": 125237.23,"Plan Rows": 50,"Plan Width": 36,"Actual Startup Time": 1882.072,"Actual Total Time": 1912.738,"Actual Rows": 1,"Actual Loops": 1,"Plans": [{"Node Type": "Aggregate","Strategy": "Hashed","Partial Mode": "Simple","Parent Relationship": "Subquery","Parallel Aware": false,"Async Capable": false,"Startup Cost": 125086.63,"Total Cost": 125236.73,"Plan Rows": 50,"Plan Width": 36,"Actual Startup Time": 1882.058,"Actual Total Time": 1912.709,"Actual Rows": 1,"Actual Loops": 1,"Group Key": ["lineitem.l_suppkey"],"Filter": "(sum((lineitem.l_extendedprice * ('1'::numeric - lineitem.l_discount))) = $0)","Planned Partitions": 0,"HashAgg Batches": 1,"Peak Memory Usage": 4497,"Disk Usage": 0,"Rows Removed by Filter": 9999,"Plans": [{"Node Type": "Bitmap Heap Scan","Parent Relationship": "Outer","Parallel Aware": false,"Async Capable": false,"Relation Name": "lineitem","Alias": "lineitem","Startup Cost": 6377.11,"Total Cost": 122604.02,"Plan Rows": 248261,"Plan Width": 16,"Actual Startup Time": 50.168,"Actual Total Time": 877.547,"Actual Rows": 225253,"Actual Loops": 1,"Recheck Cond": "((l_shipdate >= '1995-01-01'::date) AND (l_shipdate < '1995-04-01 00:00:00'::timestamp without time zone))","Rows Removed by Index Recheck": 0,"Exact Heap Blocks": 66731,"Lossy Heap Blocks": 0,"Plans": [{"Node Type": "Bitmap Index Scan","Parent Relationship": "Outer","Parallel Aware": false,"Async Capable": false,"Index Name": "idx_lineitem_shipdate","Startup Cost": 0.00,"Total Cost": 6315.04,"Plan Rows": 248261,"Plan Width": 0,"Actual Startup Time": 36.311,"Actual Total Time": 36.314,"Actual Rows": 225253,"Actual Loops": 1,"Index Cond": "((l_shipdate >= '1995-01-01'::date) AND (l_shipdate < '1995-04-01 00:00:00'::timestamp without time zone))"}]}]}]}]}]},"Planning Time": 5.118,"Triggers": [],"Execution Time": 1930.953}]
[{"Plan": {"Node Type": "Merge Join","Parallel Aware": false,"Async Capable": false,"Join Type": "Inner","Startup Cost": 248837.06,"Total Cost": 249357.95,"Plan Rows": 50,"Plan Width": 103,"Actual Startup Time": 1969.246,"Actual Total Time": 1969.306,"Actual Rows": 1,"Actual Loops": 1,"Inner Unique": true,"Merge Cond": "(supplier.s_suppkey = revenue0.supplier_no)","Plans": [{"Node Type": "Aggregate","Strategy": "Plain","Partial Mode": "Simple","Parent Relationship": "InitPlan","Subplan Name": "InitPlan 1 (returns $0)","Parallel Aware": false,"Async Capable": false,"Startup Cost": 124467.46,"Total Cost": 124467.47,"Plan Rows": 1,"Plan Width": 32,"Actual Startup Time": 899.835,"Actual Total Time": 899.853,"Actual Rows": 1,"Actual Loops": 1,"Plans": [{"Node Type": "Aggregate","Strategy": "Hashed","Partial Mode": "Simple","Parent Relationship": "Outer","Parallel Aware": false,"Async Capable": false,"Startup Cost": 124217.29,"Total Cost": 124342.37,"Plan Rows": 10007,"Plan Width": 36,"Actual Startup Time": 888.951,"Actual Total Time": 899.159,"Actual Rows": 10000,"Actual Loops": 1,"Group Key": ["lineitem_1.l_suppkey"],"Planned Partitions": 0,"HashAgg Batches": 1,"Peak Memory Usage": 4497,"Disk Usage": 0,"Plans": [{"Node Type": "Bitmap Heap Scan","Parent Relationship": "Outer","Parallel Aware": false,"Async Capable": false,"Relation Name": "lineitem","Alias": "lineitem_1","Startup Cost": 5666.73,"Total Cost": 122010.16,"Plan Rows": 220712,"Plan Width": 16,"Actual Startup Time": 50.799,"Actual Total Time": 691.660,"Actual Rows": 227315,"Actual Loops": 1,"Recheck Cond": "((l_shipdate >= '1994-04-01'::date) AND (l_shipdate < '1994-07-01 00:00:00'::timestamp without time zone))","Rows Removed by Index Recheck": 0,"Exact Heap Blocks": 67016,"Lossy Heap Blocks": 0,"Plans": [{"Node Type": "Bitmap Index Scan","Parent Relationship": "Outer","Parallel Aware": false,"Async Capable": false,"Index Name": "idx_lineitem_shipdate","Startup Cost": 0.00,"Total Cost": 5611.55,"Plan Rows": 220712,"Plan Width": 0,"Actual Startup Time": 36.979,"Actual Total Time": 36.992,"Actual Rows": 227315,"Actual Loops": 1,"Index Cond": "((l_shipdate >= '1994-04-01'::date) AND (l_shipdate < '1994-07-01 00:00:00'::timestamp without time zone))"}]}]}]},{"Node Type": "Index Scan","Parent Relationship": "Outer","Parallel Aware": false,"Async Capable": false,"Scan Direction": "Forward","Index Name": "supplier_pkey","Relation Name": "supplier","Alias": "supplier","Startup Cost": 0.29,"Total Cost": 495.43,"Plan Rows": 10000,"Plan Width": 71,"Actual Startup Time": 0.084,"Actual Total Time": 2.331,"Actual Rows": 1360,"Actual Loops": 1},{"Node Type": "Sort","Parent Relationship": "Inner","Parallel Aware": false,"Async Capable": false,"Startup Cost": 124369.30,"Total Cost": 124369.43,"Plan Rows": 50,"Plan Width": 36,"Actual Startup Time": 1966.772,"Actual Total Time": 1966.788,"Actual Rows": 1,"Actual Loops": 1,"Sort Key": ["revenue0.supplier_no"],"Sort Method": "quicksort","Sort Space Used": 25,"Sort Space Type": "Memory","Plans": [{"Node Type": "Subquery Scan","Parent Relationship": "Outer","Parallel Aware": false,"Async Capable": false,"Alias": "revenue0","Startup Cost": 124217.29,"Total Cost": 124367.89,"Plan Rows": 50,"Plan Width": 36,"Actual Startup Time": 1963.574,"Actual Total Time": 1966.737,"Actual Rows": 1,"Actual Loops": 1,"Plans": [{"Node Type": "Aggregate","Strategy": "Hashed","Partial Mode": "Simple","Parent Relationship": "Subquery","Parallel Aware": false,"Async Capable": false,"Startup Cost": 124217.29,"Total Cost": 124367.39,"Plan Rows": 50,"Plan Width": 36,"Actual Startup Time": 1963.555,"Actual Total Time": 1966.695,"Actual Rows": 1,"Actual Loops": 1,"Group Key": ["lineitem.l_suppkey"],"Filter": "(sum((lineitem.l_extendedprice * ('1'::numeric - lineitem.l_discount))) = $0)","Planned Partitions": 0,"HashAgg Batches": 1,"Peak Memory Usage": 4497,"Disk Usage": 0,"Rows Removed by Filter": 9999,"Plans": [{"Node Type": "Bitmap Heap Scan","Parent Relationship": "Outer","Parallel Aware": false,"Async Capable": false,"Relation Name": "lineitem","Alias": "lineitem","Startup Cost": 5666.73,"Total Cost": 122010.16,"Plan Rows": 220712,"Plan Width": 16,"Actual Startup Time": 49.894,"Actual Total Time": 881.952,"Actual Rows": 227315,"Actual Loops": 1,"Recheck Cond": "((l_shipdate >= '1994-04-01'::date) AND (l_shipdate < '1994-07-01 00:00:00'::timestamp without time zone))","Rows Removed by Index Recheck": 0,"Exact Heap Blocks": 67016,"Lossy Heap Blocks": 0,"Plans": [{"Node Type": "Bitmap Index Scan","Parent Relationship": "Outer","Parallel Aware": false,"Async Capable": false,"Index Name": "idx_lineitem_shipdate","Startup Cost": 0.00,"Total Cost": 5611.55,"Plan Rows": 220712,"Plan Width": 0,"Actual Startup Time": 36.453,"Actual Total Time": 36.453,"Actual Rows": 227315,"Actual Loops": 1,"Index Cond": "((l_shipdate >= '1994-04-01'::date) AND (l_shipdate < '1994-07-01 00:00:00'::timestamp without time zone))"}]}]}]}]}]},"Planning Time": 4.191,"Triggers": [],"Execution Time": 1974.742}]
[{"Plan": {"Node Type": "Merge Join","Parallel Aware": false,"Async Capable": false,"Join Type": "Inner","Startup Cost": 248878.98,"Total Cost": 249399.87,"Plan Rows": 50,"Plan Width": 103,"Actual Startup Time": 1926.035,"Actual Total Time": 1926.074,"Actual Rows": 1,"Actual Loops": 1,"Inner Unique": true,"Merge Cond": "(supplier.s_suppkey = revenue0.supplier_no)","Plans": [{"Node Type": "Aggregate","Strategy": "Plain","Partial Mode": "Simple","Parent Relationship": "InitPlan","Subplan Name": "InitPlan 1 (returns $0)","Parallel Aware": false,"Async Capable": false,"Startup Cost": 124488.42,"Total Cost": 124488.43,"Plan Rows": 1,"Plan Width": 32,"Actual Startup Time": 836.881,"Actual Total Time": 836.892,"Actual Rows": 1,"Actual Loops": 1,"Plans": [{"Node Type": "Aggregate","Strategy": "Hashed","Partial Mode": "Simple","Parent Relationship": "Outer","Parallel Aware": false,"Async Capable": false,"Startup Cost": 124238.24,"Total Cost": 124363.33,"Plan Rows": 10007,"Plan Width": 36,"Actual Startup Time": 829.174,"Actual Total Time": 836.298,"Actual Rows": 10000,"Actual Loops": 1,"Group Key": ["lineitem_1.l_suppkey"],"Planned Partitions": 0,"HashAgg Batches": 1,"Peak Memory Usage": 4497,"Disk Usage": 0,"Plans": [{"Node Type": "Bitmap Heap Scan","Parent Relationship": "Outer","Parallel Aware": false,"Async Capable": false,"Relation Name": "lineitem","Alias": "lineitem_1","Startup Cost": 5946.01,"Total Cost": 121922.55,"Plan Rows": 231569,"Plan Width": 16,"Actual Startup Time": 58.548,"Actual Total Time": 683.907,"Actual Rows": 231305,"Actual Loops": 1,"Recheck Cond": "((l_shipdate >= '1995-08-01'::date) AND (l_shipdate < '1995-11-01 00:00:00'::timestamp without time zone))","Rows Removed by Index Recheck": 0,"Exact Heap Blocks": 67198,"Lossy Heap Blocks": 0,"Plans": [{"Node Type": "Bitmap Index Scan","Parent Relationship": "Outer","Parallel Aware": false,"Async Capable": false,"Index Name": "idx_lineitem_shipdate","Startup Cost": 0.00,"Total Cost": 5888.12,"Plan Rows": 231569,"Plan Width": 0,"Actual Startup Time": 44.811,"Actual Total Time": 44.815,"Actual Rows": 231305,"Actual Loops": 1,"Index Cond": "((l_shipdate >= '1995-08-01'::date) AND (l_shipdate < '1995-11-01 00:00:00'::timestamp without time zone))"}]}]}]},{"Node Type": "Index Scan","Parent Relationship": "Outer","Parallel Aware": false,"Async Capable": false,"Scan Direction": "Forward","Index Name": "supplier_pkey","Relation Name": "supplier","Alias": "supplier","Startup Cost": 0.29,"Total Cost": 495.43,"Plan Rows": 10000,"Plan Width": 71,"Actual Startup Time": 0.102,"Actual Total Time": 3.125,"Actual Rows": 1822,"Actual Loops": 1},{"Node Type": "Sort","Parent Relationship": "Inner","Parallel Aware": false,"Async Capable": false,"Startup Cost": 124390.26,"Total Cost": 124390.39,"Plan Rows": 50,"Plan Width": 36,"Actual Startup Time": 1922.770,"Actual Total Time": 1922.783,"Actual Rows": 1,"Actual Loops": 1,"Sort Key": ["revenue0.supplier_no"],"Sort Method": "quicksort","Sort Space Used": 25,"Sort Space Type": "Memory","Plans": [{"Node Type": "Subquery Scan","Parent Relationship": "Outer","Parallel Aware": false,"Async Capable": false,"Alias": "revenue0","Startup Cost": 124238.24,"Total Cost": 124388.85,"Plan Rows": 50,"Plan Width": 36,"Actual Startup Time": 1898.789,"Actual Total Time": 1922.734,"Actual Rows": 1,"Actual Loops": 1,"Plans": [{"Node Type": "Aggregate","Strategy": "Hashed","Partial Mode": "Simple","Parent Relationship": "Subquery","Parallel Aware": false,"Async Capable": false,"Startup Cost": 124238.24,"Total Cost": 124388.35,"Plan Rows": 50,"Plan Width": 36,"Actual Startup Time": 1898.783,"Actual Total Time": 1922.722,"Actual Rows": 1,"Actual Loops": 1,"Group Key": ["lineitem.l_suppkey"],"Filter": "(sum((lineitem.l_extendedprice * ('1'::numeric - lineitem.l_discount))) = $0)","Planned Partitions": 0,"HashAgg Batches": 1,"Peak Memory Usage": 4497,"Disk Usage": 0,"Rows Removed by Filter": 9999,"Plans": [{"Node Type": "Bitmap Heap Scan","Parent Relationship": "Outer","Parallel Aware": false,"Async Capable": false,"Relation Name": "lineitem","Alias": "lineitem","Startup Cost": 5946.01,"Total Cost": 121922.55,"Plan Rows": 231569,"Plan Width": 16,"Actual Startup Time": 58.467,"Actual Total Time": 886.844,"Actual Rows": 231305,"Actual Loops": 1,"Recheck Cond": "((l_shipdate >= '1995-08-01'::date) AND (l_shipdate < '1995-11-01 00:00:00'::timestamp without time zone))","Rows Removed by Index Recheck": 0,"Exact Heap Blocks": 67198,"Lossy Heap Blocks": 0,"Plans": [{"Node Type": "Bitmap Index Scan","Parent Relationship": "Outer","Parallel Aware": false,"Async Capable": false,"Index Name": "idx_lineitem_shipdate","Startup Cost": 0.00,"Total Cost": 5888.12,"Plan Rows": 231569,"Plan Width": 0,"Actual Startup Time": 45.062,"Actual Total Time": 45.065,"Actual Rows": 231305,"Actual Loops": 1,"Index Cond": "((l_shipdate >= '1995-08-01'::date) AND (l_shipdate < '1995-11-01 00:00:00'::timestamp without time zone))"}]}]}]}]}]},"Planning Time": 4.599,"Triggers": [],"Execution Time": 1928.090}]
[{"Plan": {"Node Type": "Merge Join","Parallel Aware": false,"Async Capable": false,"Join Type": "Inner","Startup Cost": 248249.45,"Total Cost": 248770.35,"Plan Rows": 50,"Plan Width": 103,"Actual Startup Time": 1933.210,"Actual Total Time": 1933.238,"Actual Rows": 1,"Actual Loops": 1,"Inner Unique": true,"Merge Cond": "(supplier.s_suppkey = revenue0.supplier_no)","Plans": [{"Node Type": "Aggregate","Strategy": "Plain","Partial Mode": "Simple","Parent Relationship": "InitPlan","Subplan Name": "InitPlan 1 (returns $0)","Parallel Aware": false,"Async Capable": false,"Startup Cost": 124173.66,"Total Cost": 124173.67,"Plan Rows": 1,"Plan Width": 32,"Actual Startup Time": 840.754,"Actual Total Time": 840.766,"Actual Rows": 1,"Actual Loops": 1,"Plans": [{"Node Type": "Aggregate","Strategy": "Hashed","Partial Mode": "Simple","Parent Relationship": "Outer","Parallel Aware": false,"Async Capable": false,"Startup Cost": 123923.48,"Total Cost": 124048.57,"Plan Rows": 10007,"Plan Width": 36,"Actual Startup Time": 831.124,"Actual Total Time": 840.175,"Actual Rows": 10000,"Actual Loops": 1,"Group Key": ["lineitem_1.l_suppkey"],"Planned Partitions": 0,"HashAgg Batches": 1,"Peak Memory Usage": 4497,"Disk Usage": 0,"Plans": [{"Node Type": "Bitmap Heap Scan","Parent Relationship": "Outer","Parallel Aware": false,"Async Capable": false,"Relation Name": "lineitem","Alias": "lineitem_1","Startup Cost": 5786.40,"Total Cost": 121669.85,"Plan Rows": 225363,"Plan Width": 16,"Actual Startup Time": 50.816,"Actual Total Time": 670.813,"Actual Rows": 229315,"Actual Loops": 1,"Recheck Cond": "((l_shipdate >= '1994-05-01'::date) AND (l_shipdate < '1994-08-01 00:00:00'::timestamp without time zone))","Rows Removed by Index Recheck": 0,"Exact Heap Blocks": 67035,"Lossy Heap Blocks": 0,"Plans": [{"Node Type": "Bitmap Index Scan","Parent Relationship": "Outer","Parallel Aware": false,"Async Capable": false,"Index Name": "idx_lineitem_shipdate","Startup Cost": 0.00,"Total Cost": 5730.06,"Plan Rows": 225363,"Plan Width": 0,"Actual Startup Time": 37.324,"Actual Total Time": 37.329,"Actual Rows": 229315,"Actual Loops": 1,"Index Cond": "((l_shipdate >= '1994-05-01'::date) AND (l_shipdate < '1994-08-01 00:00:00'::timestamp without time zone))"}]}]}]},{"Node Type": "Index Scan","Parent Relationship": "Outer","Parallel Aware": false,"Async Capable": false,"Scan Direction": "Forward","Index Name": "supplier_pkey","Relation Name": "supplier","Alias": "supplier","Startup Cost": 0.29,"Total Cost": 495.43,"Plan Rows": 10000,"Plan Width": 71,"Actual Startup Time": 0.122,"Actual Total Time": 5.559,"Actual Rows": 3302,"Actual Loops": 1},{"Node Type": "Sort","Parent Relationship": "Inner","Parallel Aware": false,"Async Capable": false,"Startup Cost": 124075.50,"Total Cost": 124075.62,"Plan Rows": 50,"Plan Width": 36,"Actual Startup Time": 1927.428,"Actual Total Time": 1927.436,"Actual Rows": 1,"Actual Loops": 1,"Sort Key": ["revenue0.supplier_no"],"Sort Method": "quicksort","Sort Space Used": 25,"Sort Space Type": "Memory","Plans": [{"Node Type": "Subquery Scan","Parent Relationship": "Outer","Parallel Aware": false,"Async Capable": false,"Alias": "revenue0","Startup Cost": 123923.48,"Total Cost": 124074.09,"Plan Rows": 50,"Plan Width": 36,"Actual Startup Time": 1920.770,"Actual Total Time": 1927.389,"Actual Rows": 1,"Actual Loops": 1,"Plans": [{"Node Type": "Aggregate","Strategy": "Hashed","Partial Mode": "Simple","Parent Relationship": "Subquery","Parallel Aware": false,"Async Capable": false,"Startup Cost": 123923.48,"Total Cost": 124073.59,"Plan Rows": 50,"Plan Width": 36,"Actual Startup Time": 1920.765,"Actual Total Time": 1927.379,"Actual Rows": 1,"Actual Loops": 1,"Group Key": ["lineitem.l_suppkey"],"Filter": "(sum((lineitem.l_extendedprice * ('1'::numeric - lineitem.l_discount))) = $0)","Planned Partitions": 0,"HashAgg Batches": 1,"Peak Memory Usage": 4497,"Disk Usage": 0,"Rows Removed by Filter": 9999,"Plans": [{"Node Type": "Bitmap Heap Scan","Parent Relationship": "Outer","Parallel Aware": false,"Async Capable": false,"Relation Name": "lineitem","Alias": "lineitem","Startup Cost": 5786.40,"Total Cost": 121669.85,"Plan Rows": 225363,"Plan Width": 16,"Actual Startup Time": 48.974,"Actual Total Time": 887.234,"Actual Rows": 229315,"Actual Loops": 1,"Recheck Cond": "((l_shipdate >= '1994-05-01'::date) AND (l_shipdate < '1994-08-01 00:00:00'::timestamp without time zone))","Rows Removed by Index Recheck": 0,"Exact Heap Blocks": 67035,"Lossy Heap Blocks": 0,"Plans": [{"Node Type": "Bitmap Index Scan","Parent Relationship": "Outer","Parallel Aware": false,"Async Capable": false,"Index Name": "idx_lineitem_shipdate","Startup Cost": 0.00,"Total Cost": 5730.06,"Plan Rows": 225363,"Plan Width": 0,"Actual Startup Time": 35.843,"Actual Total Time": 35.843,"Actual Rows": 229315,"Actual Loops": 1,"Index Cond": "((l_shipdate >= '1994-05-01'::date) AND (l_shipdate < '1994-08-01 00:00:00'::timestamp without time zone))"}]}]}]}]}]},"Planning Time": 4.354,"Triggers": [],"Execution Time": 1936.888}]
[{"Plan": {"Node Type": "Merge Join","Parallel Aware": false,"Async Capable": false,"Join Type": "Inner","Startup Cost": 249007.37,"Total Cost": 249528.27,"Plan Rows": 50,"Plan Width": 103,"Actual Startup Time": 1950.290,"Actual Total Time": 1950.325,"Actual Rows": 1,"Actual Loops": 1,"Inner Unique": true,"Merge Cond": "(supplier.s_suppkey = revenue0.supplier_no)","Plans": [{"Node Type": "Aggregate","Strategy": "Plain","Partial Mode": "Simple","Parent Relationship": "InitPlan","Subplan Name": "InitPlan 1 (returns $0)","Parallel Aware": false,"Async Capable": false,"Startup Cost": 124552.62,"Total Cost": 124552.63,"Plan Rows": 1,"Plan Width": 32,"Actual Startup Time": 860.884,"Actual Total Time": 860.896,"Actual Rows": 1,"Actual Loops": 1,"Plans": [{"Node Type": "Aggregate","Strategy": "Hashed","Partial Mode": "Simple","Parent Relationship": "Outer","Parallel Aware": false,"Async Capable": false,"Startup Cost": 124302.44,"Total Cost": 124427.53,"Plan Rows": 10007,"Plan Width": 36,"Actual Startup Time": 850.275,"Actual Total Time": 860.310,"Actual Rows": 10000,"Actual Loops": 1,"Group Key": ["lineitem_1.l_suppkey"],"Planned Partitions": 0,"HashAgg Batches": 1,"Peak Memory Usage": 4497,"Disk Usage": 0,"Plans": [{"Node Type": "Bitmap Heap Scan","Parent Relationship": "Outer","Parallel Aware": false,"Async Capable": false,"Relation Name": "lineitem","Alias": "lineitem_1","Startup Cost": 5978.87,"Total Cost": 121974.21,"Plan Rows": 232823,"Plan Width": 16,"Actual Startup Time": 57.996,"Actual Total Time": 682.359,"Actual Rows": 230989,"Actual Loops": 1,"Recheck Cond": "((l_shipdate >= '1996-11-01'::date) AND (l_shipdate < '1997-02-01 00:00:00'::timestamp without time zone))","Rows Removed by Index Recheck": 0,"Exact Heap Blocks": 67204,"Lossy Heap Blocks": 0,"Plans": [{"Node Type": "Bitmap Index Scan","Parent Relationship": "Outer","Parallel Aware": false,"Async Capable": false,"Index Name": "idx_lineitem_shipdate","Startup Cost": 0.00,"Total Cost": 5920.66,"Plan Rows": 232823,"Plan Width": 0,"Actual Startup Time": 43.736,"Actual Total Time": 43.740,"Actual Rows": 230989,"Actual Loops": 1,"Index Cond": "((l_shipdate >= '1996-11-01'::date) AND (l_shipdate < '1997-02-01 00:00:00'::timestamp without time zone))"}]}]}]},{"Node Type": "Index Scan","Parent Relationship": "Outer","Parallel Aware": false,"Async Capable": false,"Scan Direction": "Forward","Index Name": "supplier_pkey","Relation Name": "supplier","Alias": "supplier","Startup Cost": 0.29,"Total Cost": 495.43,"Plan Rows": 10000,"Plan Width": 71,"Actual Startup Time": 0.101,"Actual Total Time": 0.973,"Actual Rows": 483,"Actual Loops": 1},{"Node Type": "Sort","Parent Relationship": "Inner","Parallel Aware": false,"Async Capable": false,"Startup Cost": 124454.46,"Total Cost": 124454.58,"Plan Rows": 50,"Plan Width": 36,"Actual Startup Time": 1949.248,"Actual Total Time": 1949.262,"Actual Rows": 1,"Actual Loops": 1,"Sort Key": ["revenue0.supplier_no"],"Sort Method": "quicksort","Sort Space Used": 25,"Sort Space Type": "Memory","Plans": [{"Node Type": "Subquery Scan","Parent Relationship": "Outer","Parallel Aware": false,"Async Capable": false,"Alias": "revenue0","Startup Cost": 124302.44,"Total Cost": 124453.05,"Plan Rows": 50,"Plan Width": 36,"Actual Startup Time": 1948.543,"Actual Total Time": 1949.217,"Actual Rows": 1,"Actual Loops": 1,"Plans": [{"Node Type": "Aggregate","Strategy": "Hashed","Partial Mode": "Simple","Parent Relationship": "Subquery","Parallel Aware": false,"Async Capable": false,"Startup Cost": 124302.44,"Total Cost": 124452.55,"Plan Rows": 50,"Plan Width": 36,"Actual Startup Time": 1948.534,"Actual Total Time": 1949.205,"Actual Rows": 1,"Actual Loops": 1,"Group Key": ["lineitem.l_suppkey"],"Filter": "(sum((lineitem.l_extendedprice * ('1'::numeric - lineitem.l_discount))) = $0)","Planned Partitions": 0,"HashAgg Batches": 1,"Peak Memory Usage": 4497,"Disk Usage": 0,"Rows Removed by Filter": 9999,"Plans": [{"Node Type": "Bitmap Heap Scan","Parent Relationship": "Outer","Parallel Aware": false,"Async Capable": false,"Relation Name": "lineitem","Alias": "lineitem","Startup Cost": 5978.87,"Total Cost": 121974.21,"Plan Rows": 232823,"Plan Width": 16,"Actual Startup Time": 57.232,"Actual Total Time": 886.042,"Actual Rows": 230989,"Actual Loops": 1,"Recheck Cond": "((l_shipdate >= '1996-11-01'::date) AND (l_shipdate < '1997-02-01 00:00:00'::timestamp without time zone))","Rows Removed by Index Recheck": 0,"Exact Heap Blocks": 67204,"Lossy Heap Blocks": 0,"Plans": [{"Node Type": "Bitmap Index Scan","Parent Relationship": "Outer","Parallel Aware": false,"Async Capable": false,"Index Name": "idx_lineitem_shipdate","Startup Cost": 0.00,"Total Cost": 5920.66,"Plan Rows": 232823,"Plan Width": 0,"Actual Startup Time": 43.557,"Actual Total Time": 43.561,"Actual Rows": 230989,"Actual Loops": 1,"Index Cond": "((l_shipdate >= '1996-11-01'::date) AND (l_shipdate < '1997-02-01 00:00:00'::timestamp without time zone))"}]}]}]}]}]},"Planning Time": 4.611,"Triggers": [],"Execution Time": 1953.473}]
[{"Plan": {"Node Type": "Merge Join","Parallel Aware": false,"Async Capable": false,"Join Type": "Inner","Startup Cost": 249007.37,"Total Cost": 249528.27,"Plan Rows": 50,"Plan Width": 103,"Actual Startup Time": 1950.290,"Actual Total Time": 1950.325,"Actual Rows": 1,"Actual Loops": 1,"Inner Unique": true,"Merge Cond": "(supplier.s_suppkey = revenue0.supplier_no)","Plans": [{"Node Type": "Aggregate","Strategy": "Plain","Partial Mode": "Simple","Parent Relationship": "InitPlan","Subplan Name": "InitPlan 1 (returns $0)","Parallel Aware": false,"Async Capable": false,"Startup Cost": 124552.62,"Total Cost": 124552.63,"Plan Rows": 1,"Plan Width": 32,"Actual Startup Time": 860.884,"Actual Total Time": 860.896,"Actual Rows": 1,"Actual Loops": 1,"Plans": [{"Node Type": "Aggregate","Strategy": "Hashed","Partial Mode": "Simple","Parent Relationship": "Outer","Parallel Aware": false,"Async Capable": false,"Startup Cost": 124302.44,"Total Cost": 124427.53,"Plan Rows": 10007,"Plan Width": 36,"Actual Startup Time": 850.275,"Actual Total Time": 860.310,"Actual Rows": 10000,"Actual Loops": 1,"Group Key": ["lineitem_1.l_suppkey"],"Planned Partitions": 0,"HashAgg Batches": 1,"Peak Memory Usage": 4497,"Disk Usage": 0,"Plans": [{"Node Type": "Bitmap Heap Scan","Parent Relationship": "Outer","Parallel Aware": false,"Async Capable": false,"Relation Name": "lineitem","Alias": "lineitem_1","Startup Cost": 5978.87,"Total Cost": 121974.21,"Plan Rows": 232823,"Plan Width": 16,"Actual Startup Time": 57.996,"Actual Total Time": 682.359,"Actual Rows": 230989,"Actual Loops": 1,"Recheck Cond": "((l_shipdate >= '1996-11-01'::date) AND (l_shipdate < '1997-02-01 00:00:00'::timestamp without time zone))","Rows Removed by Index Recheck": 0,"Exact Heap Blocks": 67204,"Lossy Heap Blocks": 0,"Plans": [{"Node Type": "Bitmap Index Scan","Parent Relationship": "Outer","Parallel Aware": false,"Async Capable": false,"Index Name": "idx_lineitem_shipdate","Startup Cost": 0.00,"Total Cost": 5920.66,"Plan Rows": 232823,"Plan Width": 0,"Actual Startup Time": 43.736,"Actual Total Time": 43.740,"Actual Rows": 230989,"Actual Loops": 1,"Index Cond": "((l_shipdate >= '1996-11-01'::date) AND (l_shipdate < '1997-02-01 00:00:00'::timestamp without time zone))"}]}]}]},{"Node Type": "Index Scan","Parent Relationship": "Outer","Parallel Aware": false,"Async Capable": false,"Scan Direction": "Forward","Index Name": "supplier_pkey","Relation Name": "supplier","Alias": "supplier","Startup Cost": 0.29,"Total Cost": 495.43,"Plan Rows": 10000,"Plan Width": 71,"Actual Startup Time": 0.101,"Actual Total Time": 0.973,"Actual Rows": 483,"Actual Loops": 1},{"Node Type": "Sort","Parent Relationship": "Inner","Parallel Aware": false,"Async Capable": false,"Startup Cost": 124454.46,"Total Cost": 124454.58,"Plan Rows": 50,"Plan Width": 36,"Actual Startup Time": 1949.248,"Actual Total Time": 1949.262,"Actual Rows": 1,"Actual Loops": 1,"Sort Key": ["revenue0.supplier_no"],"Sort Method": "quicksort","Sort Space Used": 25,"Sort Space Type": "Memory","Plans": [{"Node Type": "Subquery Scan","Parent Relationship": "Outer","Parallel Aware": false,"Async Capable": false,"Alias": "revenue0","Startup Cost": 124302.44,"Total Cost": 124453.05,"Plan Rows": 50,"Plan Width": 36,"Actual Startup Time": 1948.543,"Actual Total Time": 1949.217,"Actual Rows": 1,"Actual Loops": 1,"Plans": [{"Node Type": "Aggregate","Strategy": "Hashed","Partial Mode": "Simple","Parent Relationship": "Subquery","Parallel Aware": false,"Async Capable": false,"Startup Cost": 124302.44,"Total Cost": 124452.55,"Plan Rows": 50,"Plan Width": 36,"Actual Startup Time": 1948.534,"Actual Total Time": 1949.205,"Actual Rows": 1,"Actual Loops": 1,"Group Key": ["lineitem.l_suppkey"],"Filter": "(sum((lineitem.l_extendedprice * ('1'::numeric - lineitem.l_discount))) = $0)","Planned Partitions": 0,"HashAgg Batches": 1,"Peak Memory Usage": 4497,"Disk Usage": 0,"Rows Removed by Filter": 9999,"Plans": [{"Node Type": "Bitmap Heap Scan","Parent Relationship": "Outer","Parallel Aware": false,"Async Capable": false,"Relation Name": "lineitem","Alias": "lineitem","Startup Cost": 5978.87,"Total Cost": 121974.21,"Plan Rows": 232823,"Plan Width": 16,"Actual Startup Time": 57.232,"Actual Total Time": 886.042,"Actual Rows": 230989,"Actual Loops": 1,"Recheck Cond": "((l_shipdate >= '1996-11-01'::date) AND (l_shipdate < '1997-02-01 00:00:00'::timestamp without time zone))","Rows Removed by Index Recheck": 0,"Exact Heap Blocks": 67204,"Lossy Heap Blocks": 0,"Plans": [{"Node Type": "Bitmap Index Scan","Parent Relationship": "Outer","Parallel Aware": false,"Async Capable": false,"Index Name": "idx_lineitem_shipdate","Startup Cost": 0.00,"Total Cost": 5920.66,"Plan Rows": 232823,"Plan Width": 0,"Actual Startup Time": 43.557,"Actual Total Time": 43.561,"Actual Rows": 230989,"Actual Loops": 1,"Index Cond": "((l_shipdate >= '1996-11-01'::date) AND (l_shipdate < '1997-02-01 00:00:00'::timestamp without time zone))"}]}]}]}]}]},"Planning Time": 4.611,"Triggers": [],"Execution Time": 1953.473}]
[{"Plan": {"Node Type": "Merge Join","Parallel Aware": false,"Async Capable": false,"Join Type": "Inner","Startup Cost": 248749.22,"Total Cost": 249270.12,"Plan Rows": 50,"Plan Width": 103,"Actual Startup Time": 1931.389,"Actual Total Time": 1931.417,"Actual Rows": 1,"Actual Loops": 1,"Inner Unique": true,"Merge Cond": "(supplier.s_suppkey = revenue0.supplier_no)","Plans": [{"Node Type": "Aggregate","Strategy": "Plain","Partial Mode": "Simple","Parent Relationship": "InitPlan","Subplan Name": "InitPlan 1 (returns $0)","Parallel Aware": false,"Async Capable": false,"Startup Cost": 124423.54,"Total Cost": 124423.55,"Plan Rows": 1,"Plan Width": 32,"Actual Startup Time": 829.182,"Actual Total Time": 829.192,"Actual Rows": 1,"Actual Loops": 1,"Plans": [{"Node Type": "Aggregate","Strategy": "Hashed","Partial Mode": "Simple","Parent Relationship": "Outer","Parallel Aware": false,"Async Capable": false,"Startup Cost": 124173.37,"Total Cost": 124298.46,"Plan Rows": 10007,"Plan Width": 36,"Actual Startup Time": 816.902,"Actual Total Time": 828.607,"Actual Rows": 10000,"Actual Loops": 1,"Group Key": ["lineitem_1.l_suppkey"],"Planned Partitions": 0,"HashAgg Batches": 1,"Peak Memory Usage": 4497,"Disk Usage": 0,"Plans": [{"Node Type": "Bitmap Heap Scan","Parent Relationship": "Outer","Parallel Aware": false,"Async Capable": false,"Relation Name": "lineitem","Alias": "lineitem_1","Startup Cost": 5912.97,"Total Cost": 121870.41,"Plan Rows": 230296,"Plan Width": 16,"Actual Startup Time": 50.257,"Actual Total Time": 644.900,"Actual Rows": 230072,"Actual Loops": 1,"Recheck Cond": "((l_shipdate >= '1995-10-01'::date) AND (l_shipdate < '1996-01-01 00:00:00'::timestamp without time zone))","Rows Removed by Index Recheck": 0,"Exact Heap Blocks": 67245,"Lossy Heap Blocks": 0,"Plans": [{"Node Type": "Bitmap Index Scan","Parent Relationship": "Outer","Parallel Aware": false,"Async Capable": false,"Index Name": "idx_lineitem_shipdate","Startup Cost": 0.00,"Total Cost": 5855.39,"Plan Rows": 230296,"Plan Width": 0,"Actual Startup Time": 36.768,"Actual Total Time": 36.770,"Actual Rows": 230072,"Actual Loops": 1,"Index Cond": "((l_shipdate >= '1995-10-01'::date) AND (l_shipdate < '1996-01-01 00:00:00'::timestamp without time zone))"}]}]}]},{"Node Type": "Index Scan","Parent Relationship": "Outer","Parallel Aware": false,"Async Capable": false,"Scan Direction": "Forward","Index Name": "supplier_pkey","Relation Name": "supplier","Alias": "supplier","Startup Cost": 0.29,"Total Cost": 495.43,"Plan Rows": 10000,"Plan Width": 71,"Actual Startup Time": 0.086,"Actual Total Time": 4.053,"Actual Rows": 2388,"Actual Loops": 1},{"Node Type": "Sort","Parent Relationship": "Inner","Parallel Aware": false,"Async Capable": false,"Startup Cost": 124325.38,"Total Cost": 124325.51,"Plan Rows": 50,"Plan Width": 36,"Actual Startup Time": 1927.160,"Actual Total Time": 1927.170,"Actual Rows": 1,"Actual Loops": 1,"Sort Key": ["revenue0.supplier_no"],"Sort Method": "quicksort","Sort Space Used": 25,"Sort Space Type": "Memory","Plans": [{"Node Type": "Subquery Scan","Parent Relationship": "Outer","Parallel Aware": false,"Async Capable": false,"Alias": "revenue0","Startup Cost": 124173.37,"Total Cost": 124323.97,"Plan Rows": 50,"Plan Width": 36,"Actual Startup Time": 1921.461,"Actual Total Time": 1927.124,"Actual Rows": 1,"Actual Loops": 1,"Plans": [{"Node Type": "Aggregate","Strategy": "Hashed","Partial Mode": "Simple","Parent Relationship": "Subquery","Parallel Aware": false,"Async Capable": false,"Startup Cost": 124173.37,"Total Cost": 124323.47,"Plan Rows": 50,"Plan Width": 36,"Actual Startup Time": 1921.452,"Actual Total Time": 1927.108,"Actual Rows": 1,"Actual Loops": 1,"Group Key": ["lineitem.l_suppkey"],"Filter": "(sum((lineitem.l_extendedprice * ('1'::numeric - lineitem.l_discount))) = $0)","Planned Partitions": 0,"HashAgg Batches": 1,"Peak Memory Usage": 4497,"Disk Usage": 0,"Rows Removed by Filter": 9999,"Plans": [{"Node Type": "Bitmap Heap Scan","Parent Relationship": "Outer","Parallel Aware": false,"Async Capable": false,"Relation Name": "lineitem","Alias": "lineitem","Startup Cost": 5912.97,"Total Cost": 121870.41,"Plan Rows": 230296,"Plan Width": 16,"Actual Startup Time": 50.046,"Actual Total Time": 890.624,"Actual Rows": 230072,"Actual Loops": 1,"Recheck Cond": "((l_shipdate >= '1995-10-01'::date) AND (l_shipdate < '1996-01-01 00:00:00'::timestamp without time zone))","Rows Removed by Index Recheck": 0,"Exact Heap Blocks": 67245,"Lossy Heap Blocks": 0,"Plans": [{"Node Type": "Bitmap Index Scan","Parent Relationship": "Outer","Parallel Aware": false,"Async Capable": false,"Index Name": "idx_lineitem_shipdate","Startup Cost": 0.00,"Total Cost": 5855.39,"Plan Rows": 230296,"Plan Width": 0,"Actual Startup Time": 36.694,"Actual Total Time": 36.694,"Actual Rows": 230072,"Actual Loops": 1,"Index Cond": "((l_shipdate >= '1995-10-01'::date) AND (l_shipdate < '1996-01-01 00:00:00'::timestamp without time zone))"}]}]}]}]}]},"Planning Time": 4.561,"Triggers": [],"Execution Time": 1934.601}]
[{"Plan": {"Node Type": "Merge Join","Parallel Aware": false,"Async Capable": false,"Join Type": "Inner","Startup Cost": 249448.72,"Total Cost": 249969.61,"Plan Rows": 50,"Plan Width": 103,"Actual Startup Time": 1952.448,"Actual Total Time": 1952.508,"Actual Rows": 1,"Actual Loops": 1,"Inner Unique": true,"Merge Cond": "(supplier.s_suppkey = revenue0.supplier_no)","Plans": [{"Node Type": "Aggregate","Strategy": "Plain","Partial Mode": "Simple","Parent Relationship": "InitPlan","Subplan Name": "InitPlan 1 (returns $0)","Parallel Aware": false,"Async Capable": false,"Startup Cost": 124773.29,"Total Cost": 124773.30,"Plan Rows": 1,"Plan Width": 32,"Actual Startup Time": 900.052,"Actual Total Time": 900.075,"Actual Rows": 1,"Actual Loops": 1,"Plans": [{"Node Type": "Aggregate","Strategy": "Hashed","Partial Mode": "Simple","Parent Relationship": "Outer","Parallel Aware": false,"Async Capable": false,"Startup Cost": 124523.11,"Total Cost": 124648.20,"Plan Rows": 10007,"Plan Width": 36,"Actual Startup Time": 890.849,"Actual Total Time": 899.431,"Actual Rows": 10000,"Actual Loops": 1,"Group Key": ["lineitem_1.l_suppkey"],"Planned Partitions": 0,"HashAgg Batches": 1,"Peak Memory Usage": 4497,"Disk Usage": 0,"Plans": [{"Node Type": "Bitmap Heap Scan","Parent Relationship": "Outer","Parallel Aware": false,"Async Capable": false,"Relation Name": "lineitem","Alias": "lineitem_1","Startup Cost": 6091.26,"Total Cost": 122151.57,"Plan Rows": 237154,"Plan Width": 16,"Actual Startup Time": 48.844,"Actual Total Time": 683.550,"Actual Rows": 224101,"Actual Loops": 1,"Recheck Cond": "((l_shipdate >= '1994-12-01'::date) AND (l_shipdate < '1995-03-01 00:00:00'::timestamp without time zone))","Rows Removed by Index Recheck": 0,"Exact Heap Blocks": 66615,"Lossy Heap Blocks": 0,"Plans": [{"Node Type": "Bitmap Index Scan","Parent Relationship": "Outer","Parallel Aware": false,"Async Capable": false,"Index Name": "idx_lineitem_shipdate","Startup Cost": 0.00,"Total Cost": 6031.97,"Plan Rows": 237154,"Plan Width": 0,"Actual Startup Time": 35.547,"Actual Total Time": 35.567,"Actual Rows": 224101,"Actual Loops": 1,"Index Cond": "((l_shipdate >= '1994-12-01'::date) AND (l_shipdate < '1995-03-01 00:00:00'::timestamp without time zone))"}]}]}]},{"Node Type": "Index Scan","Parent Relationship": "Outer","Parallel Aware": false,"Async Capable": false,"Scan Direction": "Forward","Index Name": "supplier_pkey","Relation Name": "supplier","Alias": "supplier","Startup Cost": 0.29,"Total Cost": 495.43,"Plan Rows": 10000,"Plan Width": 71,"Actual Startup Time": 0.085,"Actual Total Time": 12.935,"Actual Rows": 8423,"Actual Loops": 1},{"Node Type": "Sort","Parent Relationship": "Inner","Parallel Aware": false,"Async Capable": false,"Startup Cost": 124675.13,"Total Cost": 124675.26,"Plan Rows": 50,"Plan Width": 36,"Actual Startup Time": 1938.983,"Actual Total Time": 1938.999,"Actual Rows": 1,"Actual Loops": 1,"Sort Key": ["revenue0.supplier_no"],"Sort Method": "quicksort","Sort Space Used": 25,"Sort Space Type": "Memory","Plans": [{"Node Type": "Subquery Scan","Parent Relationship": "Outer","Parallel Aware": false,"Async Capable": false,"Alias": "revenue0","Startup Cost": 124523.11,"Total Cost": 124673.72,"Plan Rows": 50,"Plan Width": 36,"Actual Startup Time": 1938.890,"Actual Total Time": 1938.948,"Actual Rows": 1,"Actual Loops": 1,"Plans": [{"Node Type": "Aggregate","Strategy": "Hashed","Partial Mode": "Simple","Parent Relationship": "Subquery","Parallel Aware": false,"Async Capable": false,"Startup Cost": 124523.11,"Total Cost": 124673.22,"Plan Rows": 50,"Plan Width": 36,"Actual Startup Time": 1938.875,"Actual Total Time": 1938.909,"Actual Rows": 1,"Actual Loops": 1,"Group Key": ["lineitem.l_suppkey"],"Filter": "(sum((lineitem.l_extendedprice * ('1'::numeric - lineitem.l_discount))) = $0)","Planned Partitions": 0,"HashAgg Batches": 1,"Peak Memory Usage": 4497,"Disk Usage": 0,"Rows Removed by Filter": 9999,"Plans": [{"Node Type": "Bitmap Heap Scan","Parent Relationship": "Outer","Parallel Aware": false,"Async Capable": false,"Relation Name": "lineitem","Alias": "lineitem","Startup Cost": 6091.26,"Total Cost": 122151.57,"Plan Rows": 237154,"Plan Width": 16,"Actual Startup Time": 49.105,"Actual Total Time": 856.632,"Actual Rows": 224101,"Actual Loops": 1,"Recheck Cond": "((l_shipdate >= '1994-12-01'::date) AND (l_shipdate < '1995-03-01 00:00:00'::timestamp without time zone))","Rows Removed by Index Recheck": 0,"Exact Heap Blocks": 66615,"Lossy Heap Blocks": 0,"Plans": [{"Node Type": "Bitmap Index Scan","Parent Relationship": "Outer","Parallel Aware": false,"Async Capable": false,"Index Name": "idx_lineitem_shipdate","Startup Cost": 0.00,"Total Cost": 6031.97,"Plan Rows": 237154,"Plan Width": 0,"Actual Startup Time": 35.803,"Actual Total Time": 35.803,"Actual Rows": 224101,"Actual Loops": 1,"Index Cond": "((l_shipdate >= '1994-12-01'::date) AND (l_shipdate < '1995-03-01 00:00:00'::timestamp without time zone))"}]}]}]}]}]},"Planning Time": 5.356,"Triggers": [],"Execution Time": 1958.420}]
[{"Plan": {"Node Type": "Merge Join","Parallel Aware": false,"Async Capable": false,"Join Type": "Inner","Startup Cost": 248695.00,"Total Cost": 249215.90,"Plan Rows": 50,"Plan Width": 103,"Actual Startup Time": 2082.592,"Actual Total Time": 2082.640,"Actual Rows": 1,"Actual Loops": 1,"Inner Unique": true,"Merge Cond": "(supplier.s_suppkey = revenue0.supplier_no)","Plans": [{"Node Type": "Aggregate","Strategy": "Plain","Partial Mode": "Simple","Parent Relationship": "InitPlan","Subplan Name": "InitPlan 1 (returns $0)","Parallel Aware": false,"Async Capable": false,"Startup Cost": 124396.43,"Total Cost": 124396.44,"Plan Rows": 1,"Plan Width": 32,"Actual Startup Time": 946.403,"Actual Total Time": 946.419,"Actual Rows": 1,"Actual Loops": 1,"Plans": [{"Node Type": "Aggregate","Strategy": "Hashed","Partial Mode": "Simple","Parent Relationship": "Outer","Parallel Aware": false,"Async Capable": false,"Startup Cost": 124146.26,"Total Cost": 124271.35,"Plan Rows": 10007,"Plan Width": 36,"Actual Startup Time": 938.935,"Actual Total Time": 945.817,"Actual Rows": 10000,"Actual Loops": 1,"Group Key": ["lineitem_1.l_suppkey"],"Planned Partitions": 0,"HashAgg Batches": 1,"Peak Memory Usage": 4497,"Disk Usage": 0,"Plans": [{"Node Type": "Bitmap Heap Scan","Parent Relationship": "Outer","Parallel Aware": false,"Async Capable": false,"Relation Name": "lineitem","Alias": "lineitem_1","Startup Cost": 5899.41,"Total Cost": 121848.72,"Plan Rows": 229754,"Plan Width": 16,"Actual Startup Time": 59.759,"Actual Total Time": 793.376,"Actual Rows": 228921,"Actual Loops": 1,"Recheck Cond": "((l_shipdate >= '1996-03-01'::date) AND (l_shipdate < '1996-06-01 00:00:00'::timestamp without time zone))","Rows Removed by Index Recheck": 0,"Exact Heap Blocks": 67056,"Lossy Heap Blocks": 0,"Plans": [{"Node Type": "Bitmap Index Scan","Parent Relationship": "Outer","Parallel Aware": false,"Async Capable": false,"Index Name": "idx_lineitem_shipdate","Startup Cost": 0.00,"Total Cost": 5841.97,"Plan Rows": 229754,"Plan Width": 0,"Actual Startup Time": 45.910,"Actual Total Time": 45.916,"Actual Rows": 228921,"Actual Loops": 1,"Index Cond": "((l_shipdate >= '1996-03-01'::date) AND (l_shipdate < '1996-06-01 00:00:00'::timestamp without time zone))"}]}]}]},{"Node Type": "Index Scan","Parent Relationship": "Outer","Parallel Aware": false,"Async Capable": false,"Scan Direction": "Forward","Index Name": "supplier_pkey","Relation Name": "supplier","Alias": "supplier","Startup Cost": 0.29,"Total Cost": 495.43,"Plan Rows": 10000,"Plan Width": 71,"Actual Startup Time": 0.102,"Actual Total Time": 2.838,"Actual Rows": 1506,"Actual Loops": 1},{"Node Type": "Sort","Parent Relationship": "Inner","Parallel Aware": false,"Async Capable": false,"Startup Cost": 124298.27,"Total Cost": 124298.40,"Plan Rows": 50,"Plan Width": 36,"Actual Startup Time": 2079.634,"Actual Total Time": 2079.648,"Actual Rows": 1,"Actual Loops": 1,"Sort Key": ["revenue0.supplier_no"],"Sort Method": "quicksort","Sort Space Used": 25,"Sort Space Type": "Memory","Plans": [{"Node Type": "Subquery Scan","Parent Relationship": "Outer","Parallel Aware": false,"Async Capable": false,"Alias": "revenue0","Startup Cost": 124146.26,"Total Cost": 124296.86,"Plan Rows": 50,"Plan Width": 36,"Actual Startup Time": 2064.713,"Actual Total Time": 2079.612,"Actual Rows": 1,"Actual Loops": 1,"Plans": [{"Node Type": "Aggregate","Strategy": "Hashed","Partial Mode": "Simple","Parent Relationship": "Subquery","Parallel Aware": false,"Async Capable": false,"Startup Cost": 124146.26,"Total Cost": 124296.36,"Plan Rows": 50,"Plan Width": 36,"Actual Startup Time": 2064.706,"Actual Total Time": 2079.603,"Actual Rows": 1,"Actual Loops": 1,"Group Key": ["lineitem.l_suppkey"],"Filter": "(sum((lineitem.l_extendedprice * ('1'::numeric - lineitem.l_discount))) = $0)","Planned Partitions": 0,"HashAgg Batches": 1,"Peak Memory Usage": 4497,"Disk Usage": 0,"Rows Removed by Filter": 9999,"Plans": [{"Node Type": "Bitmap Heap Scan","Parent Relationship": "Outer","Parallel Aware": false,"Async Capable": false,"Relation Name": "lineitem","Alias": "lineitem","Startup Cost": 5899.41,"Total Cost": 121848.72,"Plan Rows": 229754,"Plan Width": 16,"Actual Startup Time": 56.873,"Actual Total Time": 935.993,"Actual Rows": 228921,"Actual Loops": 1,"Recheck Cond": "((l_shipdate >= '1996-03-01'::date) AND (l_shipdate < '1996-06-01 00:00:00'::timestamp without time zone))","Rows Removed by Index Recheck": 0,"Exact Heap Blocks": 67056,"Lossy Heap Blocks": 0,"Plans": [{"Node Type": "Bitmap Index Scan","Parent Relationship": "Outer","Parallel Aware": false,"Async Capable": false,"Index Name": "idx_lineitem_shipdate","Startup Cost": 0.00,"Total Cost": 5841.97,"Plan Rows": 229754,"Plan Width": 0,"Actual Startup Time": 43.119,"Actual Total Time": 43.123,"Actual Rows": 228921,"Actual Loops": 1,"Index Cond": "((l_shipdate >= '1996-03-01'::date) AND (l_shipdate < '1996-06-01 00:00:00'::timestamp without time zone))"}]}]}]}]}]},"Planning Time": 4.992,"Triggers": [],"Execution Time": 2086.750}]
[{"Plan": {"Node Type": "Merge Join","Parallel Aware": false,"Async Capable": false,"Join Type": "Inner","Startup Cost": 249444.62,"Total Cost": 249965.52,"Plan Rows": 50,"Plan Width": 103,"Actual Startup Time": 2087.809,"Actual Total Time": 2087.855,"Actual Rows": 1,"Actual Loops": 1,"Inner Unique": true,"Merge Cond": "(supplier.s_suppkey = revenue0.supplier_no)","Plans": [{"Node Type": "Aggregate","Strategy": "Plain","Partial Mode": "Simple","Parent Relationship": "InitPlan","Subplan Name": "InitPlan 1 (returns $0)","Parallel Aware": false,"Async Capable": false,"Startup Cost": 124771.24,"Total Cost": 124771.25,"Plan Rows": 1,"Plan Width": 32,"Actual Startup Time": 947.517,"Actual Total Time": 947.530,"Actual Rows": 1,"Actual Loops": 1,"Plans": [{"Node Type": "Aggregate","Strategy": "Hashed","Partial Mode": "Simple","Parent Relationship": "Outer","Parallel Aware": false,"Async Capable": false,"Startup Cost": 124521.07,"Total Cost": 124646.15,"Plan Rows": 10007,"Plan Width": 36,"Actual Startup Time": 940.365,"Actual Total Time": 946.934,"Actual Rows": 10000,"Actual Loops": 1,"Group Key": ["lineitem_1.l_suppkey"],"Planned Partitions": 0,"HashAgg Batches": 1,"Peak Memory Usage": 4497,"Disk Usage": 0,"Plans": [{"Node Type": "Bitmap Heap Scan","Parent Relationship": "Outer","Parallel Aware": false,"Async Capable": false,"Relation Name": "lineitem","Alias": "lineitem_1","Startup Cost": 6090.67,"Total Cost": 122150.11,"Plan Rows": 237096,"Plan Width": 16,"Actual Startup Time": 58.913,"Actual Total Time": 793.107,"Actual Rows": 230437,"Actual Loops": 1,"Recheck Cond": "((l_shipdate >= '1997-06-01'::date) AND (l_shipdate < '1997-09-01 00:00:00'::timestamp without time zone))","Rows Removed by Index Recheck": 0,"Exact Heap Blocks": 67249,"Lossy Heap Blocks": 0,"Plans": [{"Node Type": "Bitmap Index Scan","Parent Relationship": "Outer","Parallel Aware": false,"Async Capable": false,"Index Name": "idx_lineitem_shipdate","Startup Cost": 0.00,"Total Cost": 6031.39,"Plan Rows": 237096,"Plan Width": 0,"Actual Startup Time": 45.234,"Actual Total Time": 45.241,"Actual Rows": 230437,"Actual Loops": 1,"Index Cond": "((l_shipdate >= '1997-06-01'::date) AND (l_shipdate < '1997-09-01 00:00:00'::timestamp without time zone))"}]}]}]},{"Node Type": "Index Scan","Parent Relationship": "Outer","Parallel Aware": false,"Async Capable": false,"Scan Direction": "Forward","Index Name": "supplier_pkey","Relation Name": "supplier","Alias": "supplier","Startup Cost": 0.29,"Total Cost": 495.43,"Plan Rows": 10000,"Plan Width": 71,"Actual Startup Time": 0.071,"Actual Total Time": 8.069,"Actual Rows": 4963,"Actual Loops": 1},{"Node Type": "Sort","Parent Relationship": "Inner","Parallel Aware": false,"Async Capable": false,"Startup Cost": 124673.08,"Total Cost": 124673.21,"Plan Rows": 50,"Plan Width": 36,"Actual Startup Time": 2079.426,"Actual Total Time": 2079.438,"Actual Rows": 1,"Actual Loops": 1,"Sort Key": ["revenue0.supplier_no"],"Sort Method": "quicksort","Sort Space Used": 25,"Sort Space Type": "Memory","Plans": [{"Node Type": "Subquery Scan","Parent Relationship": "Outer","Parallel Aware": false,"Async Capable": false,"Alias": "revenue0","Startup Cost": 124521.07,"Total Cost": 124671.67,"Plan Rows": 50,"Plan Width": 36,"Actual Startup Time": 2064.256,"Actual Total Time": 2079.384,"Actual Rows": 1,"Actual Loops": 1,"Plans": [{"Node Type": "Aggregate","Strategy": "Hashed","Partial Mode": "Simple","Parent Relationship": "Subquery","Parallel Aware": false,"Async Capable": false,"Startup Cost": 124521.07,"Total Cost": 124671.17,"Plan Rows": 50,"Plan Width": 36,"Actual Startup Time": 2064.247,"Actual Total Time": 2079.364,"Actual Rows": 1,"Actual Loops": 1,"Group Key": ["lineitem.l_suppkey"],"Filter": "(sum((lineitem.l_extendedprice * ('1'::numeric - lineitem.l_discount))) = $0)","Planned Partitions": 0,"HashAgg Batches": 1,"Peak Memory Usage": 4497,"Disk Usage": 0,"Rows Removed by Filter": 9999,"Plans": [{"Node Type": "Bitmap Heap Scan","Parent Relationship": "Outer","Parallel Aware": false,"Async Capable": false,"Relation Name": "lineitem","Alias": "lineitem","Startup Cost": 6090.67,"Total Cost": 122150.11,"Plan Rows": 237096,"Plan Width": 16,"Actual Startup Time": 55.721,"Actual Total Time": 936.714,"Actual Rows": 230437,"Actual Loops": 1,"Recheck Cond": "((l_shipdate >= '1997-06-01'::date) AND (l_shipdate < '1997-09-01 00:00:00'::timestamp without time zone))","Rows Removed by Index Recheck": 0,"Exact Heap Blocks": 67249,"Lossy Heap Blocks": 0,"Plans": [{"Node Type": "Bitmap Index Scan","Parent Relationship": "Outer","Parallel Aware": false,"Async Capable": false,"Index Name": "idx_lineitem_shipdate","Startup Cost": 0.00,"Total Cost": 6031.39,"Plan Rows": 237096,"Plan Width": 0,"Actual Startup Time": 42.178,"Actual Total Time": 42.181,"Actual Rows": 230437,"Actual Loops": 1,"Index Cond": "((l_shipdate >= '1997-06-01'::date) AND (l_shipdate < '1997-09-01 00:00:00'::timestamp without time zone))"}]}]}]}]}]},"Planning Time": 4.884,"Triggers": [],"Execution Time": 2093.730}]
[{"Plan": {"Node Type": "Merge Join","Parallel Aware": false,"Async Capable": false,"Join Type": "Inner","Startup Cost": 249457.74,"Total Cost": 249978.63,"Plan Rows": 50,"Plan Width": 103,"Actual Startup Time": 2127.109,"Actual Total Time": 2127.171,"Actual Rows": 1,"Actual Loops": 1,"Inner Unique": true,"Merge Cond": "(supplier.s_suppkey = revenue0.supplier_no)","Plans": [{"Node Type": "Aggregate","Strategy": "Plain","Partial Mode": "Simple","Parent Relationship": "InitPlan","Subplan Name": "InitPlan 1 (returns $0)","Parallel Aware": false,"Async Capable": false,"Startup Cost": 124777.80,"Total Cost": 124777.81,"Plan Rows": 1,"Plan Width": 32,"Actual Startup Time": 997.906,"Actual Total Time": 997.926,"Actual Rows": 1,"Actual Loops": 1,"Plans": [{"Node Type": "Aggregate","Strategy": "Hashed","Partial Mode": "Simple","Parent Relationship": "Outer","Parallel Aware": false,"Async Capable": false,"Startup Cost": 124527.62,"Total Cost": 124652.71,"Plan Rows": 10007,"Plan Width": 36,"Actual Startup Time": 989.617,"Actual Total Time": 997.244,"Actual Rows": 10000,"Actual Loops": 1,"Group Key": ["lineitem_1.l_suppkey"],"Planned Partitions": 0,"HashAgg Batches": 1,"Peak Memory Usage": 4497,"Disk Usage": 0,"Plans": [{"Node Type": "Bitmap Heap Scan","Parent Relationship": "Outer","Parallel Aware": false,"Async Capable": false,"Relation Name": "lineitem","Alias": "lineitem_1","Startup Cost": 6092.57,"Total Cost": 122154.80,"Plan Rows": 237282,"Plan Width": 16,"Actual Startup Time": 59.269,"Actual Total Time": 782.096,"Actual Rows": 230274,"Actual Loops": 1,"Recheck Cond": "((l_shipdate >= '1997-07-01'::date) AND (l_shipdate < '1997-10-01 00:00:00'::timestamp without time zone))","Rows Removed by Index Recheck": 0,"Exact Heap Blocks": 67274,"Lossy Heap Blocks": 0,"Plans": [{"Node Type": "Bitmap Index Scan","Parent Relationship": "Outer","Parallel Aware": false,"Async Capable": false,"Index Name": "idx_lineitem_shipdate","Startup Cost": 0.00,"Total Cost": 6033.25,"Plan Rows": 237282,"Plan Width": 0,"Actual Startup Time": 45.354,"Actual Total Time": 45.368,"Actual Rows": 230274,"Actual Loops": 1,"Index Cond": "((l_shipdate >= '1997-07-01'::date) AND (l_shipdate < '1997-10-01 00:00:00'::timestamp without time zone))"}]}]}]},{"Node Type": "Index Scan","Parent Relationship": "Outer","Parallel Aware": false,"Async Capable": false,"Scan Direction": "Forward","Index Name": "supplier_pkey","Relation Name": "supplier","Alias": "supplier","Startup Cost": 0.29,"Total Cost": 495.43,"Plan Rows": 10000,"Plan Width": 71,"Actual Startup Time": 0.082,"Actual Total Time": 9.953,"Actual Rows": 5903,"Actual Loops": 1},{"Node Type": "Sort","Parent Relationship": "Inner","Parallel Aware": false,"Async Capable": false,"Startup Cost": 124679.64,"Total Cost": 124679.77,"Plan Rows": 50,"Plan Width": 36,"Actual Startup Time": 2116.784,"Actual Total Time": 2116.821,"Actual Rows": 1,"Actual Loops": 1,"Sort Key": ["revenue0.supplier_no"],"Sort Method": "quicksort","Sort Space Used": 25,"Sort Space Type": "Memory","Plans": [{"Node Type": "Subquery Scan","Parent Relationship": "Outer","Parallel Aware": false,"Async Capable": false,"Alias": "revenue0","Startup Cost": 124527.62,"Total Cost": 124678.23,"Plan Rows": 50,"Plan Width": 36,"Actual Startup Time": 2113.870,"Actual Total Time": 2116.736,"Actual Rows": 1,"Actual Loops": 1,"Plans": [{"Node Type": "Aggregate","Strategy": "Hashed","Partial Mode": "Simple","Parent Relationship": "Subquery","Parallel Aware": false,"Async Capable": false,"Startup Cost": 124527.62,"Total Cost": 124677.73,"Plan Rows": 50,"Plan Width": 36,"Actual Startup Time": 2113.854,"Actual Total Time": 2116.701,"Actual Rows": 1,"Actual Loops": 1,"Group Key": ["lineitem.l_suppkey"],"Filter": "(sum((lineitem.l_extendedprice * ('1'::numeric - lineitem.l_discount))) = $0)","Planned Partitions": 0,"HashAgg Batches": 1,"Peak Memory Usage": 4497,"Disk Usage": 0,"Rows Removed by Filter": 9999,"Plans": [{"Node Type": "Bitmap Heap Scan","Parent Relationship": "Outer","Parallel Aware": false,"Async Capable": false,"Relation Name": "lineitem","Alias": "lineitem","Startup Cost": 6092.57,"Total Cost": 122154.80,"Plan Rows": 237282,"Plan Width": 16,"Actual Startup Time": 54.610,"Actual Total Time": 936.260,"Actual Rows": 230274,"Actual Loops": 1,"Recheck Cond": "((l_shipdate >= '1997-07-01'::date) AND (l_shipdate < '1997-10-01 00:00:00'::timestamp without time zone))","Rows Removed by Index Recheck": 0,"Exact Heap Blocks": 67274,"Lossy Heap Blocks": 0,"Plans": [{"Node Type": "Bitmap Index Scan","Parent Relationship": "Outer","Parallel Aware": false,"Async Capable": false,"Index Name": "idx_lineitem_shipdate","Startup Cost": 0.00,"Total Cost": 6033.25,"Plan Rows": 237282,"Plan Width": 0,"Actual Startup Time": 40.982,"Actual Total Time": 41.009,"Actual Rows": 230274,"Actual Loops": 1,"Index Cond": "((l_shipdate >= '1997-07-01'::date) AND (l_shipdate < '1997-10-01 00:00:00'::timestamp without time zone))"}]}]}]}]}]},"Planning Time": 4.364,"Triggers": [],"Execution Time": 2132.001}]
[{"Plan": {"Node Type": "Merge Join","Parallel Aware": false,"Async Capable": false,"Join Type": "Inner","Startup Cost": 249067.58,"Total Cost": 249588.48,"Plan Rows": 50,"Plan Width": 103,"Actual Startup Time": 1943.314,"Actual Total Time": 1943.349,"Actual Rows": 1,"Actual Loops": 1,"Inner Unique": true,"Merge Cond": "(supplier.s_suppkey = revenue0.supplier_no)","Plans": [{"Node Type": "Aggregate","Strategy": "Plain","Partial Mode": "Simple","Parent Relationship": "InitPlan","Subplan Name": "InitPlan 1 (returns $0)","Parallel Aware": false,"Async Capable": false,"Startup Cost": 124582.72,"Total Cost": 124582.73,"Plan Rows": 1,"Plan Width": 32,"Actual Startup Time": 848.418,"Actual Total Time": 848.429,"Actual Rows": 1,"Actual Loops": 1,"Plans": [{"Node Type": "Aggregate","Strategy": "Hashed","Partial Mode": "Simple","Parent Relationship": "Outer","Parallel Aware": false,"Async Capable": false,"Startup Cost": 124332.55,"Total Cost": 124457.64,"Plan Rows": 10007,"Plan Width": 36,"Actual Startup Time": 837.964,"Actual Total Time": 847.834,"Actual Rows": 10000,"Actual Loops": 1,"Group Key": ["lineitem_1.l_suppkey"],"Planned Partitions": 0,"HashAgg Batches": 1,"Peak Memory Usage": 4497,"Disk Usage": 0,"Plans": [{"Node Type": "Bitmap Heap Scan","Parent Relationship": "Outer","Parallel Aware": false,"Async Capable": false,"Relation Name": "lineitem","Alias": "lineitem_1","Startup Cost": 5993.30,"Total Cost": 121998.05,"Plan Rows": 233450,"Plan Width": 16,"Actual Startup Time": 50.617,"Actual Total Time": 672.114,"Actual Rows": 230363,"Actual Loops": 1,"Recheck Cond": "((l_shipdate >= '1995-05-01'::date) AND (l_shipdate < '1995-08-01 00:00:00'::timestamp without time zone))","Rows Removed by Index Recheck": 0,"Exact Heap Blocks": 67561,"Lossy Heap Blocks": 0,"Plans": [{"Node Type": "Bitmap Index Scan","Parent Relationship": "Outer","Parallel Aware": false,"Async Capable": false,"Index Name": "idx_lineitem_shipdate","Startup Cost": 0.00,"Total Cost": 5934.93,"Plan Rows": 233450,"Plan Width": 0,"Actual Startup Time": 37.100,"Actual Total Time": 37.103,"Actual Rows": 230363,"Actual Loops": 1,"Index Cond": "((l_shipdate >= '1995-05-01'::date) AND (l_shipdate < '1995-08-01 00:00:00'::timestamp without time zone))"}]}]}]},{"Node Type": "Index Scan","Parent Relationship": "Outer","Parallel Aware": false,"Async Capable": false,"Scan Direction": "Forward","Index Name": "supplier_pkey","Relation Name": "supplier","Alias": "supplier","Startup Cost": 0.29,"Total Cost": 495.43,"Plan Rows": 10000,"Plan Width": 71,"Actual Startup Time": 0.105,"Actual Total Time": 6.996,"Actual Rows": 4313,"Actual Loops": 1},{"Node Type": "Sort","Parent Relationship": "Inner","Parallel Aware": false,"Async Capable": false,"Startup Cost": 124484.57,"Total Cost": 124484.69,"Plan Rows": 50,"Plan Width": 36,"Actual Startup Time": 1936.037,"Actual Total Time": 1936.050,"Actual Rows": 1,"Actual Loops": 1,"Sort Key": ["revenue0.supplier_no"],"Sort Method": "quicksort","Sort Space Used": 25,"Sort Space Type": "Memory","Plans": [{"Node Type": "Subquery Scan","Parent Relationship": "Outer","Parallel Aware": false,"Async Capable": false,"Alias": "revenue0","Startup Cost": 124332.55,"Total Cost": 124483.15,"Plan Rows": 50,"Plan Width": 36,"Actual Startup Time": 1918.349,"Actual Total Time": 1936.015,"Actual Rows": 1,"Actual Loops": 1,"Plans": [{"Node Type": "Aggregate","Strategy": "Hashed","Partial Mode": "Simple","Parent Relationship": "Subquery","Parallel Aware": false,"Async Capable": false,"Startup Cost": 124332.55,"Total Cost": 124482.65,"Plan Rows": 50,"Plan Width": 36,"Actual Startup Time": 1918.345,"Actual Total Time": 1936.006,"Actual Rows": 1,"Actual Loops": 1,"Group Key": ["lineitem.l_suppkey"],"Filter": "(sum((lineitem.l_extendedprice * ('1'::numeric - lineitem.l_discount))) = $0)","Planned Partitions": 0,"HashAgg Batches": 1,"Peak Memory Usage": 4497,"Disk Usage": 0,"Rows Removed by Filter": 9999,"Plans": [{"Node Type": "Bitmap Heap Scan","Parent Relationship": "Outer","Parallel Aware": false,"Async Capable": false,"Relation Name": "lineitem","Alias": "lineitem","Startup Cost": 5993.30,"Total Cost": 121998.05,"Plan Rows": 233450,"Plan Width": 16,"Actual Startup Time": 50.872,"Actual Total Time": 888.924,"Actual Rows": 230363,"Actual Loops": 1,"Recheck Cond": "((l_shipdate >= '1995-05-01'::date) AND (l_shipdate < '1995-08-01 00:00:00'::timestamp without time zone))","Rows Removed by Index Recheck": 0,"Exact Heap Blocks": 67561,"Lossy Heap Blocks": 0,"Plans": [{"Node Type": "Bitmap Index Scan","Parent Relationship": "Outer","Parallel Aware": false,"Async Capable": false,"Index Name": "idx_lineitem_shipdate","Startup Cost": 0.00,"Total Cost": 5934.93,"Plan Rows": 233450,"Plan Width": 0,"Actual Startup Time": 37.359,"Actual Total Time": 37.360,"Actual Rows": 230363,"Actual Loops": 1,"Index Cond": "((l_shipdate >= '1995-05-01'::date) AND (l_shipdate < '1995-08-01 00:00:00'::timestamp without time zone))"}]}]}]}]}]},"Planning Time": 4.245,"Triggers": [],"Execution Time": 1946.397}]
[{"Plan": {"Node Type": "Merge Join","Parallel Aware": false,"Async Capable": false,"Join Type": "Inner","Startup Cost": 249457.74,"Total Cost": 249978.63,"Plan Rows": 50,"Plan Width": 103,"Actual Startup Time": 2127.109,"Actual Total Time": 2127.171,"Actual Rows": 1,"Actual Loops": 1,"Inner Unique": true,"Merge Cond": "(supplier.s_suppkey = revenue0.supplier_no)","Plans": [{"Node Type": "Aggregate","Strategy": "Plain","Partial Mode": "Simple","Parent Relationship": "InitPlan","Subplan Name": "InitPlan 1 (returns $0)","Parallel Aware": false,"Async Capable": false,"Startup Cost": 124777.80,"Total Cost": 124777.81,"Plan Rows": 1,"Plan Width": 32,"Actual Startup Time": 997.906,"Actual Total Time": 997.926,"Actual Rows": 1,"Actual Loops": 1,"Plans": [{"Node Type": "Aggregate","Strategy": "Hashed","Partial Mode": "Simple","Parent Relationship": "Outer","Parallel Aware": false,"Async Capable": false,"Startup Cost": 124527.62,"Total Cost": 124652.71,"Plan Rows": 10007,"Plan Width": 36,"Actual Startup Time": 989.617,"Actual Total Time": 997.244,"Actual Rows": 10000,"Actual Loops": 1,"Group Key": ["lineitem_1.l_suppkey"],"Planned Partitions": 0,"HashAgg Batches": 1,"Peak Memory Usage": 4497,"Disk Usage": 0,"Plans": [{"Node Type": "Bitmap Heap Scan","Parent Relationship": "Outer","Parallel Aware": false,"Async Capable": false,"Relation Name": "lineitem","Alias": "lineitem_1","Startup Cost": 6092.57,"Total Cost": 122154.80,"Plan Rows": 237282,"Plan Width": 16,"Actual Startup Time": 59.269,"Actual Total Time": 782.096,"Actual Rows": 230274,"Actual Loops": 1,"Recheck Cond": "((l_shipdate >= '1997-07-01'::date) AND (l_shipdate < '1997-10-01 00:00:00'::timestamp without time zone))","Rows Removed by Index Recheck": 0,"Exact Heap Blocks": 67274,"Lossy Heap Blocks": 0,"Plans": [{"Node Type": "Bitmap Index Scan","Parent Relationship": "Outer","Parallel Aware": false,"Async Capable": false,"Index Name": "idx_lineitem_shipdate","Startup Cost": 0.00,"Total Cost": 6033.25,"Plan Rows": 237282,"Plan Width": 0,"Actual Startup Time": 45.354,"Actual Total Time": 45.368,"Actual Rows": 230274,"Actual Loops": 1,"Index Cond": "((l_shipdate >= '1997-07-01'::date) AND (l_shipdate < '1997-10-01 00:00:00'::timestamp without time zone))"}]}]}]},{"Node Type": "Index Scan","Parent Relationship": "Outer","Parallel Aware": false,"Async Capable": false,"Scan Direction": "Forward","Index Name": "supplier_pkey","Relation Name": "supplier","Alias": "supplier","Startup Cost": 0.29,"Total Cost": 495.43,"Plan Rows": 10000,"Plan Width": 71,"Actual Startup Time": 0.082,"Actual Total Time": 9.953,"Actual Rows": 5903,"Actual Loops": 1},{"Node Type": "Sort","Parent Relationship": "Inner","Parallel Aware": false,"Async Capable": false,"Startup Cost": 124679.64,"Total Cost": 124679.77,"Plan Rows": 50,"Plan Width": 36,"Actual Startup Time": 2116.784,"Actual Total Time": 2116.821,"Actual Rows": 1,"Actual Loops": 1,"Sort Key": ["revenue0.supplier_no"],"Sort Method": "quicksort","Sort Space Used": 25,"Sort Space Type": "Memory","Plans": [{"Node Type": "Subquery Scan","Parent Relationship": "Outer","Parallel Aware": false,"Async Capable": false,"Alias": "revenue0","Startup Cost": 124527.62,"Total Cost": 124678.23,"Plan Rows": 50,"Plan Width": 36,"Actual Startup Time": 2113.870,"Actual Total Time": 2116.736,"Actual Rows": 1,"Actual Loops": 1,"Plans": [{"Node Type": "Aggregate","Strategy": "Hashed","Partial Mode": "Simple","Parent Relationship": "Subquery","Parallel Aware": false,"Async Capable": false,"Startup Cost": 124527.62,"Total Cost": 124677.73,"Plan Rows": 50,"Plan Width": 36,"Actual Startup Time": 2113.854,"Actual Total Time": 2116.701,"Actual Rows": 1,"Actual Loops": 1,"Group Key": ["lineitem.l_suppkey"],"Filter": "(sum((lineitem.l_extendedprice * ('1'::numeric - lineitem.l_discount))) = $0)","Planned Partitions": 0,"HashAgg Batches": 1,"Peak Memory Usage": 4497,"Disk Usage": 0,"Rows Removed by Filter": 9999,"Plans": [{"Node Type": "Bitmap Heap Scan","Parent Relationship": "Outer","Parallel Aware": false,"Async Capable": false,"Relation Name": "lineitem","Alias": "lineitem","Startup Cost": 6092.57,"Total Cost": 122154.80,"Plan Rows": 237282,"Plan Width": 16,"Actual Startup Time": 54.610,"Actual Total Time": 936.260,"Actual Rows": 230274,"Actual Loops": 1,"Recheck Cond": "((l_shipdate >= '1997-07-01'::date) AND (l_shipdate < '1997-10-01 00:00:00'::timestamp without time zone))","Rows Removed by Index Recheck": 0,"Exact Heap Blocks": 67274,"Lossy Heap Blocks": 0,"Plans": [{"Node Type": "Bitmap Index Scan","Parent Relationship": "Outer","Parallel Aware": false,"Async Capable": false,"Index Name": "idx_lineitem_shipdate","Startup Cost": 0.00,"Total Cost": 6033.25,"Plan Rows": 237282,"Plan Width": 0,"Actual Startup Time": 40.982,"Actual Total Time": 41.009,"Actual Rows": 230274,"Actual Loops": 1,"Index Cond": "((l_shipdate >= '1997-07-01'::date) AND (l_shipdate < '1997-10-01 00:00:00'::timestamp without time zone))"}]}]}]}]}]},"Planning Time": 4.364,"Triggers": [],"Execution Time": 2132.001}]
[{"Plan": {"Node Type": "Merge Join","Parallel Aware": false,"Async Capable": false,"Join Type": "Inner","Startup Cost": 248878.98,"Total Cost": 249399.87,"Plan Rows": 50,"Plan Width": 103,"Actual Startup Time": 1926.035,"Actual Total Time": 1926.074,"Actual Rows": 1,"Actual Loops": 1,"Inner Unique": true,"Merge Cond": "(supplier.s_suppkey = revenue0.supplier_no)","Plans": [{"Node Type": "Aggregate","Strategy": "Plain","Partial Mode": "Simple","Parent Relationship": "InitPlan","Subplan Name": "InitPlan 1 (returns $0)","Parallel Aware": false,"Async Capable": false,"Startup Cost": 124488.42,"Total Cost": 124488.43,"Plan Rows": 1,"Plan Width": 32,"Actual Startup Time": 836.881,"Actual Total Time": 836.892,"Actual Rows": 1,"Actual Loops": 1,"Plans": [{"Node Type": "Aggregate","Strategy": "Hashed","Partial Mode": "Simple","Parent Relationship": "Outer","Parallel Aware": false,"Async Capable": false,"Startup Cost": 124238.24,"Total Cost": 124363.33,"Plan Rows": 10007,"Plan Width": 36,"Actual Startup Time": 829.174,"Actual Total Time": 836.298,"Actual Rows": 10000,"Actual Loops": 1,"Group Key": ["lineitem_1.l_suppkey"],"Planned Partitions": 0,"HashAgg Batches": 1,"Peak Memory Usage": 4497,"Disk Usage": 0,"Plans": [{"Node Type": "Bitmap Heap Scan","Parent Relationship": "Outer","Parallel Aware": false,"Async Capable": false,"Relation Name": "lineitem","Alias": "lineitem_1","Startup Cost": 5946.01,"Total Cost": 121922.55,"Plan Rows": 231569,"Plan Width": 16,"Actual Startup Time": 58.548,"Actual Total Time": 683.907,"Actual Rows": 231305,"Actual Loops": 1,"Recheck Cond": "((l_shipdate >= '1995-08-01'::date) AND (l_shipdate < '1995-11-01 00:00:00'::timestamp without time zone))","Rows Removed by Index Recheck": 0,"Exact Heap Blocks": 67198,"Lossy Heap Blocks": 0,"Plans": [{"Node Type": "Bitmap Index Scan","Parent Relationship": "Outer","Parallel Aware": false,"Async Capable": false,"Index Name": "idx_lineitem_shipdate","Startup Cost": 0.00,"Total Cost": 5888.12,"Plan Rows": 231569,"Plan Width": 0,"Actual Startup Time": 44.811,"Actual Total Time": 44.815,"Actual Rows": 231305,"Actual Loops": 1,"Index Cond": "((l_shipdate >= '1995-08-01'::date) AND (l_shipdate < '1995-11-01 00:00:00'::timestamp without time zone))"}]}]}]},{"Node Type": "Index Scan","Parent Relationship": "Outer","Parallel Aware": false,"Async Capable": false,"Scan Direction": "Forward","Index Name": "supplier_pkey","Relation Name": "supplier","Alias": "supplier","Startup Cost": 0.29,"Total Cost": 495.43,"Plan Rows": 10000,"Plan Width": 71,"Actual Startup Time": 0.102,"Actual Total Time": 3.125,"Actual Rows": 1822,"Actual Loops": 1},{"Node Type": "Sort","Parent Relationship": "Inner","Parallel Aware": false,"Async Capable": false,"Startup Cost": 124390.26,"Total Cost": 124390.39,"Plan Rows": 50,"Plan Width": 36,"Actual Startup Time": 1922.770,"Actual Total Time": 1922.783,"Actual Rows": 1,"Actual Loops": 1,"Sort Key": ["revenue0.supplier_no"],"Sort Method": "quicksort","Sort Space Used": 25,"Sort Space Type": "Memory","Plans": [{"Node Type": "Subquery Scan","Parent Relationship": "Outer","Parallel Aware": false,"Async Capable": false,"Alias": "revenue0","Startup Cost": 124238.24,"Total Cost": 124388.85,"Plan Rows": 50,"Plan Width": 36,"Actual Startup Time": 1898.789,"Actual Total Time": 1922.734,"Actual Rows": 1,"Actual Loops": 1,"Plans": [{"Node Type": "Aggregate","Strategy": "Hashed","Partial Mode": "Simple","Parent Relationship": "Subquery","Parallel Aware": false,"Async Capable": false,"Startup Cost": 124238.24,"Total Cost": 124388.35,"Plan Rows": 50,"Plan Width": 36,"Actual Startup Time": 1898.783,"Actual Total Time": 1922.722,"Actual Rows": 1,"Actual Loops": 1,"Group Key": ["lineitem.l_suppkey"],"Filter": "(sum((lineitem.l_extendedprice * ('1'::numeric - lineitem.l_discount))) = $0)","Planned Partitions": 0,"HashAgg Batches": 1,"Peak Memory Usage": 4497,"Disk Usage": 0,"Rows Removed by Filter": 9999,"Plans": [{"Node Type": "Bitmap Heap Scan","Parent Relationship": "Outer","Parallel Aware": false,"Async Capable": false,"Relation Name": "lineitem","Alias": "lineitem","Startup Cost": 5946.01,"Total Cost": 121922.55,"Plan Rows": 231569,"Plan Width": 16,"Actual Startup Time": 58.467,"Actual Total Time": 886.844,"Actual Rows": 231305,"Actual Loops": 1,"Recheck Cond": "((l_shipdate >= '1995-08-01'::date) AND (l_shipdate < '1995-11-01 00:00:00'::timestamp without time zone))","Rows Removed by Index Recheck": 0,"Exact Heap Blocks": 67198,"Lossy Heap Blocks": 0,"Plans": [{"Node Type": "Bitmap Index Scan","Parent Relationship": "Outer","Parallel Aware": false,"Async Capable": false,"Index Name": "idx_lineitem_shipdate","Startup Cost": 0.00,"Total Cost": 5888.12,"Plan Rows": 231569,"Plan Width": 0,"Actual Startup Time": 45.062,"Actual Total Time": 45.065,"Actual Rows": 231305,"Actual Loops": 1,"Index Cond": "((l_shipdate >= '1995-08-01'::date) AND (l_shipdate < '1995-11-01 00:00:00'::timestamp without time zone))"}]}]}]}]}]},"Planning Time": 4.599,"Triggers": [],"Execution Time": 1928.090}]
[{"Plan": {"Node Type": "Merge Join","Parallel Aware": false,"Async Capable": false,"Join Type": "Inner","Startup Cost": 249448.72,"Total Cost": 249969.61,"Plan Rows": 50,"Plan Width": 103,"Actual Startup Time": 1952.448,"Actual Total Time": 1952.508,"Actual Rows": 1,"Actual Loops": 1,"Inner Unique": true,"Merge Cond": "(supplier.s_suppkey = revenue0.supplier_no)","Plans": [{"Node Type": "Aggregate","Strategy": "Plain","Partial Mode": "Simple","Parent Relationship": "InitPlan","Subplan Name": "InitPlan 1 (returns $0)","Parallel Aware": false,"Async Capable": false,"Startup Cost": 124773.29,"Total Cost": 124773.30,"Plan Rows": 1,"Plan Width": 32,"Actual Startup Time": 900.052,"Actual Total Time": 900.075,"Actual Rows": 1,"Actual Loops": 1,"Plans": [{"Node Type": "Aggregate","Strategy": "Hashed","Partial Mode": "Simple","Parent Relationship": "Outer","Parallel Aware": false,"Async Capable": false,"Startup Cost": 124523.11,"Total Cost": 124648.20,"Plan Rows": 10007,"Plan Width": 36,"Actual Startup Time": 890.849,"Actual Total Time": 899.431,"Actual Rows": 10000,"Actual Loops": 1,"Group Key": ["lineitem_1.l_suppkey"],"Planned Partitions": 0,"HashAgg Batches": 1,"Peak Memory Usage": 4497,"Disk Usage": 0,"Plans": [{"Node Type": "Bitmap Heap Scan","Parent Relationship": "Outer","Parallel Aware": false,"Async Capable": false,"Relation Name": "lineitem","Alias": "lineitem_1","Startup Cost": 6091.26,"Total Cost": 122151.57,"Plan Rows": 237154,"Plan Width": 16,"Actual Startup Time": 48.844,"Actual Total Time": 683.550,"Actual Rows": 224101,"Actual Loops": 1,"Recheck Cond": "((l_shipdate >= '1994-12-01'::date) AND (l_shipdate < '1995-03-01 00:00:00'::timestamp without time zone))","Rows Removed by Index Recheck": 0,"Exact Heap Blocks": 66615,"Lossy Heap Blocks": 0,"Plans": [{"Node Type": "Bitmap Index Scan","Parent Relationship": "Outer","Parallel Aware": false,"Async Capable": false,"Index Name": "idx_lineitem_shipdate","Startup Cost": 0.00,"Total Cost": 6031.97,"Plan Rows": 237154,"Plan Width": 0,"Actual Startup Time": 35.547,"Actual Total Time": 35.567,"Actual Rows": 224101,"Actual Loops": 1,"Index Cond": "((l_shipdate >= '1994-12-01'::date) AND (l_shipdate < '1995-03-01 00:00:00'::timestamp without time zone))"}]}]}]},{"Node Type": "Index Scan","Parent Relationship": "Outer","Parallel Aware": false,"Async Capable": false,"Scan Direction": "Forward","Index Name": "supplier_pkey","Relation Name": "supplier","Alias": "supplier","Startup Cost": 0.29,"Total Cost": 495.43,"Plan Rows": 10000,"Plan Width": 71,"Actual Startup Time": 0.085,"Actual Total Time": 12.935,"Actual Rows": 8423,"Actual Loops": 1},{"Node Type": "Sort","Parent Relationship": "Inner","Parallel Aware": false,"Async Capable": false,"Startup Cost": 124675.13,"Total Cost": 124675.26,"Plan Rows": 50,"Plan Width": 36,"Actual Startup Time": 1938.983,"Actual Total Time": 1938.999,"Actual Rows": 1,"Actual Loops": 1,"Sort Key": ["revenue0.supplier_no"],"Sort Method": "quicksort","Sort Space Used": 25,"Sort Space Type": "Memory","Plans": [{"Node Type": "Subquery Scan","Parent Relationship": "Outer","Parallel Aware": false,"Async Capable": false,"Alias": "revenue0","Startup Cost": 124523.11,"Total Cost": 124673.72,"Plan Rows": 50,"Plan Width": 36,"Actual Startup Time": 1938.890,"Actual Total Time": 1938.948,"Actual Rows": 1,"Actual Loops": 1,"Plans": [{"Node Type": "Aggregate","Strategy": "Hashed","Partial Mode": "Simple","Parent Relationship": "Subquery","Parallel Aware": false,"Async Capable": false,"Startup Cost": 124523.11,"Total Cost": 124673.22,"Plan Rows": 50,"Plan Width": 36,"Actual Startup Time": 1938.875,"Actual Total Time": 1938.909,"Actual Rows": 1,"Actual Loops": 1,"Group Key": ["lineitem.l_suppkey"],"Filter": "(sum((lineitem.l_extendedprice * ('1'::numeric - lineitem.l_discount))) = $0)","Planned Partitions": 0,"HashAgg Batches": 1,"Peak Memory Usage": 4497,"Disk Usage": 0,"Rows Removed by Filter": 9999,"Plans": [{"Node Type": "Bitmap Heap Scan","Parent Relationship": "Outer","Parallel Aware": false,"Async Capable": false,"Relation Name": "lineitem","Alias": "lineitem","Startup Cost": 6091.26,"Total Cost": 122151.57,"Plan Rows": 237154,"Plan Width": 16,"Actual Startup Time": 49.105,"Actual Total Time": 856.632,"Actual Rows": 224101,"Actual Loops": 1,"Recheck Cond": "((l_shipdate >= '1994-12-01'::date) AND (l_shipdate < '1995-03-01 00:00:00'::timestamp without time zone))","Rows Removed by Index Recheck": 0,"Exact Heap Blocks": 66615,"Lossy Heap Blocks": 0,"Plans": [{"Node Type": "Bitmap Index Scan","Parent Relationship": "Outer","Parallel Aware": false,"Async Capable": false,"Index Name": "idx_lineitem_shipdate","Startup Cost": 0.00,"Total Cost": 6031.97,"Plan Rows": 237154,"Plan Width": 0,"Actual Startup Time": 35.803,"Actual Total Time": 35.803,"Actual Rows": 224101,"Actual Loops": 1,"Index Cond": "((l_shipdate >= '1994-12-01'::date) AND (l_shipdate < '1995-03-01 00:00:00'::timestamp without time zone))"}]}]}]}]}]},"Planning Time": 5.356,"Triggers": [],"Execution Time": 1958.420}]
[{"Plan": {"Node Type": "Merge Join","Parallel Aware": false,"Async Capable": false,"Join Type": "Inner","Startup Cost": 248318.66,"Total Cost": 248839.56,"Plan Rows": 50,"Plan Width": 103,"Actual Startup Time": 1910.643,"Actual Total Time": 1910.686,"Actual Rows": 1,"Actual Loops": 1,"Inner Unique": true,"Merge Cond": "(supplier.s_suppkey = revenue0.supplier_no)","Plans": [{"Node Type": "Aggregate","Strategy": "Plain","Partial Mode": "Simple","Parent Relationship": "InitPlan","Subplan Name": "InitPlan 1 (returns $0)","Parallel Aware": false,"Async Capable": false,"Startup Cost": 124208.26,"Total Cost": 124208.27,"Plan Rows": 1,"Plan Width": 32,"Actual Startup Time": 821.670,"Actual Total Time": 821.683,"Actual Rows": 1,"Actual Loops": 1,"Plans": [{"Node Type": "Aggregate","Strategy": "Hashed","Partial Mode": "Simple","Parent Relationship": "Outer","Parallel Aware": false,"Async Capable": false,"Startup Cost": 123958.09,"Total Cost": 124083.18,"Plan Rows": 10007,"Plan Width": 36,"Actual Startup Time": 815.842,"Actual Total Time": 821.087,"Actual Rows": 10000,"Actual Loops": 1,"Group Key": ["lineitem_1.l_suppkey"],"Planned Partitions": 0,"HashAgg Batches": 1,"Peak Memory Usage": 4497,"Disk Usage": 0,"Plans": [{"Node Type": "Bitmap Heap Scan","Parent Relationship": "Outer","Parallel Aware": false,"Async Capable": false,"Relation Name": "lineitem","Alias": "lineitem_1","Startup Cost": 5759.48,"Total Cost": 121715.12,"Plan Rows": 224297,"Plan Width": 16,"Actual Startup Time": 50.117,"Actual Total Time": 672.213,"Actual Rows": 227014,"Actual Loops": 1,"Recheck Cond": "((l_shipdate >= '1997-04-01'::date) AND (l_shipdate < '1997-07-01 00:00:00'::timestamp without time zone))","Rows Removed by Index Recheck": 0,"Exact Heap Blocks": 66860,"Lossy Heap Blocks": 0,"Plans": [{"Node Type": "Bitmap Index Scan","Parent Relationship": "Outer","Parallel Aware": false,"Async Capable": false,"Index Name": "idx_lineitem_shipdate","Startup Cost": 0.00,"Total Cost": 5703.40,"Plan Rows": 224297,"Plan Width": 0,"Actual Startup Time": 36.622,"Actual Total Time": 36.629,"Actual Rows": 227014,"Actual Loops": 1,"Index Cond": "((l_shipdate >= '1997-04-01'::date) AND (l_shipdate < '1997-07-01 00:00:00'::timestamp without time zone))"}]}]}]},{"Node Type": "Index Scan","Parent Relationship": "Outer","Parallel Aware": false,"Async Capable": false,"Scan Direction": "Forward","Index Name": "supplier_pkey","Relation Name": "supplier","Alias": "supplier","Startup Cost": 0.29,"Total Cost": 495.43,"Plan Rows": 10000,"Plan Width": 71,"Actual Startup Time": 0.097,"Actual Total Time": 9.942,"Actual Rows": 5930,"Actual Loops": 1},{"Node Type": "Sort","Parent Relationship": "Inner","Parallel Aware": false,"Async Capable": false,"Startup Cost": 124110.11,"Total Cost": 124110.23,"Plan Rows": 50,"Plan Width": 36,"Actual Startup Time": 1900.329,"Actual Total Time": 1900.348,"Actual Rows": 1,"Actual Loops": 1,"Sort Key": ["revenue0.supplier_no"],"Sort Method": "quicksort","Sort Space Used": 25,"Sort Space Type": "Memory","Plans": [{"Node Type": "Subquery Scan","Parent Relationship": "Outer","Parallel Aware": false,"Async Capable": false,"Alias": "revenue0","Startup Cost": 123958.09,"Total Cost": 124108.69,"Plan Rows": 50,"Plan Width": 36,"Actual Startup Time": 1881.723,"Actual Total Time": 1900.298,"Actual Rows": 1,"Actual Loops": 1,"Plans": [{"Node Type": "Aggregate","Strategy": "Hashed","Partial Mode": "Simple","Parent Relationship": "Subquery","Parallel Aware": false,"Async Capable": false,"Startup Cost": 123958.09,"Total Cost": 124108.19,"Plan Rows": 50,"Plan Width": 36,"Actual Startup Time": 1881.719,"Actual Total Time": 1900.288,"Actual Rows": 1,"Actual Loops": 1,"Group Key": ["lineitem.l_suppkey"],"Filter": "(sum((lineitem.l_extendedprice * ('1'::numeric - lineitem.l_discount))) = $0)","Planned Partitions": 0,"HashAgg Batches": 1,"Peak Memory Usage": 4497,"Disk Usage": 0,"Rows Removed by Filter": 9999,"Plans": [{"Node Type": "Bitmap Heap Scan","Parent Relationship": "Outer","Parallel Aware": false,"Async Capable": false,"Relation Name": "lineitem","Alias": "lineitem","Startup Cost": 5759.48,"Total Cost": 121715.12,"Plan Rows": 224297,"Plan Width": 16,"Actual Startup Time": 48.813,"Actual Total Time": 884.760,"Actual Rows": 227014,"Actual Loops": 1,"Recheck Cond": "((l_shipdate >= '1997-04-01'::date) AND (l_shipdate < '1997-07-01 00:00:00'::timestamp without time zone))","Rows Removed by Index Recheck": 0,"Exact Heap Blocks": 66860,"Lossy Heap Blocks": 0,"Plans": [{"Node Type": "Bitmap Index Scan","Parent Relationship": "Outer","Parallel Aware": false,"Async Capable": false,"Index Name": "idx_lineitem_shipdate","Startup Cost": 0.00,"Total Cost": 5703.40,"Plan Rows": 224297,"Plan Width": 0,"Actual Startup Time": 35.388,"Actual Total Time": 35.392,"Actual Rows": 227014,"Actual Loops": 1,"Index Cond": "((l_shipdate >= '1997-04-01'::date) AND (l_shipdate < '1997-07-01 00:00:00'::timestamp without time zone))"}]}]}]}]}]},"Planning Time": 4.444,"Triggers": [],"Execution Time": 1913.029}]
[{"Plan": {"Node Type": "Merge Join","Parallel Aware": false,"Async Capable": false,"Join Type": "Inner","Startup Cost": 249012.02,"Total Cost": 249532.92,"Plan Rows": 50,"Plan Width": 103,"Actual Startup Time": 2119.244,"Actual Total Time": 2119.296,"Actual Rows": 1,"Actual Loops": 1,"Inner Unique": true,"Merge Cond": "(supplier.s_suppkey = revenue0.supplier_no)","Plans": [{"Node Type": "Aggregate","Strategy": "Plain","Partial Mode": "Simple","Parent Relationship": "InitPlan","Subplan Name": "InitPlan 1 (returns $0)","Parallel Aware": false,"Async Capable": false,"Startup Cost": 124554.94,"Total Cost": 124554.95,"Plan Rows": 1,"Plan Width": 32,"Actual Startup Time": 992.757,"Actual Total Time": 992.777,"Actual Rows": 1,"Actual Loops": 1,"Plans": [{"Node Type": "Aggregate","Strategy": "Hashed","Partial Mode": "Simple","Parent Relationship": "Outer","Parallel Aware": false,"Async Capable": false,"Startup Cost": 124304.77,"Total Cost": 124429.86,"Plan Rows": 10007,"Plan Width": 36,"Actual Startup Time": 985.158,"Actual Total Time": 992.112,"Actual Rows": 10000,"Actual Loops": 1,"Group Key": ["lineitem_1.l_suppkey"],"Planned Partitions": 0,"HashAgg Batches": 1,"Peak Memory Usage": 4497,"Disk Usage": 0,"Plans": [{"Node Type": "Bitmap Heap Scan","Parent Relationship": "Outer","Parallel Aware": false,"Async Capable": false,"Relation Name": "lineitem","Alias": "lineitem_1","Startup Cost": 5979.54,"Total Cost": 121975.88,"Plan Rows": 232889,"Plan Width": 16,"Actual Startup Time": 58.676,"Actual Total Time": 780.634,"Actual Rows": 229796,"Actual Loops": 1,"Recheck Cond": "((l_shipdate >= '1993-08-01'::date) AND (l_shipdate < '1993-11-01 00:00:00'::timestamp without time zone))","Rows Removed by Index Recheck": 0,"Exact Heap Blocks": 67184,"Lossy Heap Blocks": 0,"Plans": [{"Node Type": "Bitmap Index Scan","Parent Relationship": "Outer","Parallel Aware": false,"Async Capable": false,"Index Name": "idx_lineitem_shipdate","Startup Cost": 0.00,"Total Cost": 5921.32,"Plan Rows": 232889,"Plan Width": 0,"Actual Startup Time": 44.964,"Actual Total Time": 44.978,"Actual Rows": 229796,"Actual Loops": 1,"Index Cond": "((l_shipdate >= '1993-08-01'::date) AND (l_shipdate < '1993-11-01 00:00:00'::timestamp without time zone))"}]}]}]},{"Node Type": "Index Scan","Parent Relationship": "Outer","Parallel Aware": false,"Async Capable": false,"Scan Direction": "Forward","Index Name": "supplier_pkey","Relation Name": "supplier","Alias": "supplier","Startup Cost": 0.29,"Total Cost": 495.43,"Plan Rows": 10000,"Plan Width": 71,"Actual Startup Time": 0.109,"Actual Total Time": 11.654,"Actual Rows": 6952,"Actual Loops": 1},{"Node Type": "Sort","Parent Relationship": "Inner","Parallel Aware": false,"Async Capable": false,"Startup Cost": 124456.78,"Total Cost": 124456.91,"Plan Rows": 50,"Plan Width": 36,"Actual Startup Time": 2107.151,"Actual Total Time": 2107.177,"Actual Rows": 1,"Actual Loops": 1,"Sort Key": ["revenue0.supplier_no"],"Sort Method": "quicksort","Sort Space Used": 25,"Sort Space Type": "Memory","Plans": [{"Node Type": "Subquery Scan","Parent Relationship": "Outer","Parallel Aware": false,"Async Capable": false,"Alias": "revenue0","Startup Cost": 124304.77,"Total Cost": 124455.37,"Plan Rows": 50,"Plan Width": 36,"Actual Startup Time": 2103.069,"Actual Total Time": 2107.067,"Actual Rows": 1,"Actual Loops": 1,"Plans": [{"Node Type": "Aggregate","Strategy": "Hashed","Partial Mode": "Simple","Parent Relationship": "Subquery","Parallel Aware": false,"Async Capable": false,"Startup Cost": 124304.77,"Total Cost": 124454.87,"Plan Rows": 50,"Plan Width": 36,"Actual Startup Time": 2103.055,"Actual Total Time": 2107.034,"Actual Rows": 1,"Actual Loops": 1,"Group Key": ["lineitem.l_suppkey"],"Filter": "(sum((lineitem.l_extendedprice * ('1'::numeric - lineitem.l_discount))) = $0)","Planned Partitions": 0,"HashAgg Batches": 1,"Peak Memory Usage": 4497,"Disk Usage": 0,"Rows Removed by Filter": 9999,"Plans": [{"Node Type": "Bitmap Heap Scan","Parent Relationship": "Outer","Parallel Aware": false,"Async Capable": false,"Relation Name": "lineitem","Alias": "lineitem","Startup Cost": 5979.54,"Total Cost": 121975.88,"Plan Rows": 232889,"Plan Width": 16,"Actual Startup Time": 55.870,"Actual Total Time": 932.576,"Actual Rows": 229796,"Actual Loops": 1,"Recheck Cond": "((l_shipdate >= '1993-08-01'::date) AND (l_shipdate < '1993-11-01 00:00:00'::timestamp without time zone))","Rows Removed by Index Recheck": 0,"Exact Heap Blocks": 67184,"Lossy Heap Blocks": 0,"Plans": [{"Node Type": "Bitmap Index Scan","Parent Relationship": "Outer","Parallel Aware": false,"Async Capable": false,"Index Name": "idx_lineitem_shipdate","Startup Cost": 0.00,"Total Cost": 5921.32,"Plan Rows": 232889,"Plan Width": 0,"Actual Startup Time": 41.935,"Actual Total Time": 41.948,"Actual Rows": 229796,"Actual Loops": 1,"Index Cond": "((l_shipdate >= '1993-08-01'::date) AND (l_shipdate < '1993-11-01 00:00:00'::timestamp without time zone))"}]}]}]}]}]},"Planning Time": 4.203,"Triggers": [],"Execution Time": 2124.103}]
[{"Plan": {"Node Type": "Merge Join","Parallel Aware": false,"Async Capable": false,"Join Type": "Inner","Startup Cost": 248506.89,"Total Cost": 249027.79,"Plan Rows": 50,"Plan Width": 103,"Actual Startup Time": 2084.454,"Actual Total Time": 2084.489,"Actual Rows": 1,"Actual Loops": 1,"Inner Unique": true,"Merge Cond": "(supplier.s_suppkey = revenue0.supplier_no)","Plans": [{"Node Type": "Aggregate","Strategy": "Plain","Partial Mode": "Simple","Parent Relationship": "InitPlan","Subplan Name": "InitPlan 1 (returns $0)","Parallel Aware": false,"Async Capable": false,"Startup Cost": 124302.38,"Total Cost": 124302.39,"Plan Rows": 1,"Plan Width": 32,"Actual Startup Time": 949.807,"Actual Total Time": 949.821,"Actual Rows": 1,"Actual Loops": 1,"Plans": [{"Node Type": "Aggregate","Strategy": "Hashed","Partial Mode": "Simple","Parent Relationship": "Outer","Parallel Aware": false,"Async Capable": false,"Startup Cost": 124052.20,"Total Cost": 124177.29,"Plan Rows": 10007,"Plan Width": 36,"Actual Startup Time": 942.227,"Actual Total Time": 949.217,"Actual Rows": 10000,"Actual Loops": 1,"Group Key": ["lineitem_1.l_suppkey"],"Planned Partitions": 0,"HashAgg Batches": 1,"Peak Memory Usage": 4497,"Disk Usage": 0,"Plans": [{"Node Type": "Bitmap Heap Scan","Parent Relationship": "Outer","Parallel Aware": false,"Async Capable": false,"Relation Name": "lineitem","Alias": "lineitem_1","Startup Cost": 5852.20,"Total Cost": 121773.40,"Plan Rows": 227880,"Plan Width": 16,"Actual Startup Time": 60.518,"Actual Total Time": 792.932,"Actual Rows": 229533,"Actual Loops": 1,"Recheck Cond": "((l_shipdate >= '1994-07-01'::date) AND (l_shipdate < '1994-10-01 00:00:00'::timestamp without time zone))","Rows Removed by Index Recheck": 0,"Exact Heap Blocks": 67313,"Lossy Heap Blocks": 0,"Plans": [{"Node Type": "Bitmap Index Scan","Parent Relationship": "Outer","Parallel Aware": false,"Async Capable": false,"Index Name": "idx_lineitem_shipdate","Startup Cost": 0.00,"Total Cost": 5795.23,"Plan Rows": 227880,"Plan Width": 0,"Actual Startup Time": 46.388,"Actual Total Time": 46.392,"Actual Rows": 229533,"Actual Loops": 1,"Index Cond": "((l_shipdate >= '1994-07-01'::date) AND (l_shipdate < '1994-10-01 00:00:00'::timestamp without time zone))"}]}]}]},{"Node Type": "Index Scan","Parent Relationship": "Outer","Parallel Aware": false,"Async Capable": false,"Scan Direction": "Forward","Index Name": "supplier_pkey","Relation Name": "supplier","Alias": "supplier","Startup Cost": 0.29,"Total Cost": 495.43,"Plan Rows": 10000,"Plan Width": 71,"Actual Startup Time": 0.078,"Actual Total Time": 4.242,"Actual Rows": 2492,"Actual Loops": 1},{"Node Type": "Sort","Parent Relationship": "Inner","Parallel Aware": false,"Async Capable": false,"Startup Cost": 124204.22,"Total Cost": 124204.35,"Plan Rows": 50,"Plan Width": 36,"Actual Startup Time": 2080.035,"Actual Total Time": 2080.045,"Actual Rows": 1,"Actual Loops": 1,"Sort Key": ["revenue0.supplier_no"],"Sort Method": "quicksort","Sort Space Used": 25,"Sort Space Type": "Memory","Plans": [{"Node Type": "Subquery Scan","Parent Relationship": "Outer","Parallel Aware": false,"Async Capable": false,"Alias": "revenue0","Startup Cost": 124052.20,"Total Cost": 124202.81,"Plan Rows": 50,"Plan Width": 36,"Actual Startup Time": 2071.764,"Actual Total Time": 2079.996,"Actual Rows": 1,"Actual Loops": 1,"Plans": [{"Node Type": "Aggregate","Strategy": "Hashed","Partial Mode": "Simple","Parent Relationship": "Subquery","Parallel Aware": false,"Async Capable": false,"Startup Cost": 124052.20,"Total Cost": 124202.31,"Plan Rows": 50,"Plan Width": 36,"Actual Startup Time": 2071.758,"Actual Total Time": 2079.989,"Actual Rows": 1,"Actual Loops": 1,"Group Key": ["lineitem.l_suppkey"],"Filter": "(sum((lineitem.l_extendedprice * ('1'::numeric - lineitem.l_discount))) = $0)","Planned Partitions": 0,"HashAgg Batches": 1,"Peak Memory Usage": 4497,"Disk Usage": 0,"Rows Removed by Filter": 9999,"Plans": [{"Node Type": "Bitmap Heap Scan","Parent Relationship": "Outer","Parallel Aware": false,"Async Capable": false,"Relation Name": "lineitem","Alias": "lineitem","Startup Cost": 5852.20,"Total Cost": 121773.40,"Plan Rows": 227880,"Plan Width": 16,"Actual Startup Time": 54.242,"Actual Total Time": 934.940,"Actual Rows": 229533,"Actual Loops": 1,"Recheck Cond": "((l_shipdate >= '1994-07-01'::date) AND (l_shipdate < '1994-10-01 00:00:00'::timestamp without time zone))","Rows Removed by Index Recheck": 0,"Exact Heap Blocks": 67313,"Lossy Heap Blocks": 0,"Plans": [{"Node Type": "Bitmap Index Scan","Parent Relationship": "Outer","Parallel Aware": false,"Async Capable": false,"Index Name": "idx_lineitem_shipdate","Startup Cost": 0.00,"Total Cost": 5795.23,"Plan Rows": 227880,"Plan Width": 0,"Actual Startup Time": 40.585,"Actual Total Time": 40.586,"Actual Rows": 229533,"Actual Loops": 1,"Index Cond": "((l_shipdate >= '1994-07-01'::date) AND (l_shipdate < '1994-10-01 00:00:00'::timestamp without time zone))"}]}]}]}]}]},"Planning Time": 4.544,"Triggers": [],"Execution Time": 2088.902}]
[{"Plan": {"Node Type": "Merge Join","Parallel Aware": false,"Async Capable": false,"Join Type": "Inner","Startup Cost": 248396.78,"Total Cost": 248917.68,"Plan Rows": 50,"Plan Width": 103,"Actual Startup Time": 2095.850,"Actual Total Time": 2095.890,"Actual Rows": 1,"Actual Loops": 1,"Inner Unique": true,"Merge Cond": "(supplier.s_suppkey = revenue0.supplier_no)","Plans": [{"Node Type": "Aggregate","Strategy": "Plain","Partial Mode": "Simple","Parent Relationship": "InitPlan","Subplan Name": "InitPlan 1 (returns $0)","Parallel Aware": false,"Async Capable": false,"Startup Cost": 124247.32,"Total Cost": 124247.33,"Plan Rows": 1,"Plan Width": 32,"Actual Startup Time": 948.091,"Actual Total Time": 948.105,"Actual Rows": 1,"Actual Loops": 1,"Plans": [{"Node Type": "Aggregate","Strategy": "Hashed","Partial Mode": "Simple","Parent Relationship": "Outer","Parallel Aware": false,"Async Capable": false,"Startup Cost": 123997.15,"Total Cost": 124122.24,"Plan Rows": 10007,"Plan Width": 36,"Actual Startup Time": 942.301,"Actual Total Time": 947.490,"Actual Rows": 10000,"Actual Loops": 1,"Group Key": ["lineitem_1.l_suppkey"],"Planned Partitions": 0,"HashAgg Batches": 1,"Peak Memory Usage": 4497,"Disk Usage": 0,"Plans": [{"Node Type": "Bitmap Heap Scan","Parent Relationship": "Outer","Parallel Aware": false,"Async Capable": false,"Relation Name": "lineitem","Alias": "lineitem_1","Startup Cost": 5824.85,"Total Cost": 121729.43,"Plan Rows": 226772,"Plan Width": 16,"Actual Startup Time": 65.919,"Actual Total Time": 796.903,"Actual Rows": 228852,"Actual Loops": 1,"Recheck Cond": "((l_shipdate >= '1995-09-01'::date) AND (l_shipdate < '1995-12-01 00:00:00'::timestamp without time zone))","Rows Removed by Index Recheck": 0,"Exact Heap Blocks": 67143,"Lossy Heap Blocks": 0,"Plans": [{"Node Type": "Bitmap Index Scan","Parent Relationship": "Outer","Parallel Aware": false,"Async Capable": false,"Index Name": "idx_lineitem_shipdate","Startup Cost": 0.00,"Total Cost": 5768.15,"Plan Rows": 226772,"Plan Width": 0,"Actual Startup Time": 51.856,"Actual Total Time": 51.860,"Actual Rows": 228852,"Actual Loops": 1,"Index Cond": "((l_shipdate >= '1995-09-01'::date) AND (l_shipdate < '1995-12-01 00:00:00'::timestamp without time zone))"}]}]}]},{"Node Type": "Index Scan","Parent Relationship": "Outer","Parallel Aware": false,"Async Capable": false,"Scan Direction": "Forward","Index Name": "supplier_pkey","Relation Name": "supplier","Alias": "supplier","Startup Cost": 0.29,"Total Cost": 495.43,"Plan Rows": 10000,"Plan Width": 71,"Actual Startup Time": 0.115,"Actual Total Time": 10.908,"Actual Rows": 6981,"Actual Loops": 1},{"Node Type": "Sort","Parent Relationship": "Inner","Parallel Aware": false,"Async Capable": false,"Startup Cost": 124149.17,"Total Cost": 124149.29,"Plan Rows": 50,"Plan Width": 36,"Actual Startup Time": 2084.538,"Actual Total Time": 2084.549,"Actual Rows": 1,"Actual Loops": 1,"Sort Key": ["revenue0.supplier_no"],"Sort Method": "quicksort","Sort Space Used": 25,"Sort Space Type": "Memory","Plans": [{"Node Type": "Subquery Scan","Parent Relationship": "Outer","Parallel Aware": false,"Async Capable": false,"Alias": "revenue0","Startup Cost": 123997.15,"Total Cost": 124147.75,"Plan Rows": 50,"Plan Width": 36,"Actual Startup Time": 2063.527,"Actual Total Time": 2084.498,"Actual Rows": 1,"Actual Loops": 1,"Plans": [{"Node Type": "Aggregate","Strategy": "Hashed","Partial Mode": "Simple","Parent Relationship": "Subquery","Parallel Aware": false,"Async Capable": false,"Startup Cost": 123997.15,"Total Cost": 124147.25,"Plan Rows": 50,"Plan Width": 36,"Actual Startup Time": 2063.519,"Actual Total Time": 2084.488,"Actual Rows": 1,"Actual Loops": 1,"Group Key": ["lineitem.l_suppkey"],"Filter": "(sum((lineitem.l_extendedprice * ('1'::numeric - lineitem.l_discount))) = $0)","Planned Partitions": 0,"HashAgg Batches": 1,"Peak Memory Usage": 4497,"Disk Usage": 0,"Rows Removed by Filter": 9999,"Plans": [{"Node Type": "Bitmap Heap Scan","Parent Relationship": "Outer","Parallel Aware": false,"Async Capable": false,"Relation Name": "lineitem","Alias": "lineitem","Startup Cost": 5824.85,"Total Cost": 121729.43,"Plan Rows": 226772,"Plan Width": 16,"Actual Startup Time": 62.224,"Actual Total Time": 938.636,"Actual Rows": 228852,"Actual Loops": 1,"Recheck Cond": "((l_shipdate >= '1995-09-01'::date) AND (l_shipdate < '1995-12-01 00:00:00'::timestamp without time zone))","Rows Removed by Index Recheck": 0,"Exact Heap Blocks": 67143,"Lossy Heap Blocks": 0,"Plans": [{"Node Type": "Bitmap Index Scan","Parent Relationship": "Outer","Parallel Aware": false,"Async Capable": false,"Index Name": "idx_lineitem_shipdate","Startup Cost": 0.00,"Total Cost": 5768.15,"Plan Rows": 226772,"Plan Width": 0,"Actual Startup Time": 48.458,"Actual Total Time": 48.459,"Actual Rows": 228852,"Actual Loops": 1,"Index Cond": "((l_shipdate >= '1995-09-01'::date) AND (l_shipdate < '1995-12-01 00:00:00'::timestamp without time zone))"}]}]}]}]}]},"Planning Time": 4.958,"Triggers": [],"Execution Time": 2102.199}]
[{"Plan": {"Node Type": "Merge Join","Parallel Aware": false,"Async Capable": false,"Join Type": "Inner","Startup Cost": 248394.89,"Total Cost": 248915.78,"Plan Rows": 50,"Plan Width": 103,"Actual Startup Time": 2089.409,"Actual Total Time": 2089.441,"Actual Rows": 1,"Actual Loops": 1,"Inner Unique": true,"Merge Cond": "(supplier.s_suppkey = revenue0.supplier_no)","Plans": [{"Node Type": "Aggregate","Strategy": "Plain","Partial Mode": "Simple","Parent Relationship": "InitPlan","Subplan Name": "InitPlan 1 (returns $0)","Parallel Aware": false,"Async Capable": false,"Startup Cost": 124246.37,"Total Cost": 124246.38,"Plan Rows": 1,"Plan Width": 32,"Actual Startup Time": 948.769,"Actual Total Time": 948.777,"Actual Rows": 1,"Actual Loops": 1,"Plans": [{"Node Type": "Aggregate","Strategy": "Hashed","Partial Mode": "Simple","Parent Relationship": "Outer","Parallel Aware": false,"Async Capable": false,"Startup Cost": 123996.20,"Total Cost": 124121.29,"Plan Rows": 10007,"Plan Width": 36,"Actual Startup Time": 940.788,"Actual Total Time": 948.181,"Actual Rows": 10000,"Actual Loops": 1,"Group Key": ["lineitem_1.l_suppkey"],"Planned Partitions": 0,"HashAgg Batches": 1,"Peak Memory Usage": 4497,"Disk Usage": 0,"Plans": [{"Node Type": "Bitmap Heap Scan","Parent Relationship": "Outer","Parallel Aware": false,"Async Capable": false,"Relation Name": "lineitem","Alias": "lineitem_1","Startup Cost": 5746.17,"Total Cost": 121758.41,"Plan Rows": 223779,"Plan Width": 16,"Actual Startup Time": 59.844,"Actual Total Time": 791.139,"Actual Rows": 229391,"Actual Loops": 1,"Recheck Cond": "((l_shipdate >= '1995-11-01'::date) AND (l_shipdate < '1996-02-01 00:00:00'::timestamp without time zone))","Rows Removed by Index Recheck": 0,"Exact Heap Blocks": 67359,"Lossy Heap Blocks": 0,"Plans": [{"Node Type": "Bitmap Index Scan","Parent Relationship": "Outer","Parallel Aware": false,"Async Capable": false,"Index Name": "idx_lineitem_shipdate","Startup Cost": 0.00,"Total Cost": 5690.22,"Plan Rows": 223779,"Plan Width": 0,"Actual Startup Time": 45.751,"Actual Total Time": 45.753,"Actual Rows": 229391,"Actual Loops": 1,"Index Cond": "((l_shipdate >= '1995-11-01'::date) AND (l_shipdate < '1996-02-01 00:00:00'::timestamp without time zone))"}]}]}]},{"Node Type": "Index Scan","Parent Relationship": "Outer","Parallel Aware": false,"Async Capable": false,"Scan Direction": "Forward","Index Name": "supplier_pkey","Relation Name": "supplier","Alias": "supplier","Startup Cost": 0.29,"Total Cost": 495.43,"Plan Rows": 10000,"Plan Width": 71,"Actual Startup Time": 0.110,"Actual Total Time": 8.010,"Actual Rows": 4886,"Actual Loops": 1},{"Node Type": "Sort","Parent Relationship": "Inner","Parallel Aware": false,"Async Capable": false,"Startup Cost": 124148.22,"Total Cost": 124148.34,"Plan Rows": 50,"Plan Width": 36,"Actual Startup Time": 2081.101,"Actual Total Time": 2081.114,"Actual Rows": 1,"Actual Loops": 1,"Sort Key": ["revenue0.supplier_no"],"Sort Method": "quicksort","Sort Space Used": 25,"Sort Space Type": "Memory","Plans": [{"Node Type": "Subquery Scan","Parent Relationship": "Outer","Parallel Aware": false,"Async Capable": false,"Alias": "revenue0","Startup Cost": 123996.20,"Total Cost": 124146.80,"Plan Rows": 50,"Plan Width": 36,"Actual Startup Time": 2074.974,"Actual Total Time": 2081.065,"Actual Rows": 1,"Actual Loops": 1,"Plans": [{"Node Type": "Aggregate","Strategy": "Hashed","Partial Mode": "Simple","Parent Relationship": "Subquery","Parallel Aware": false,"Async Capable": false,"Startup Cost": 123996.20,"Total Cost": 124146.30,"Plan Rows": 50,"Plan Width": 36,"Actual Startup Time": 2074.966,"Actual Total Time": 2081.051,"Actual Rows": 1,"Actual Loops": 1,"Group Key": ["lineitem.l_suppkey"],"Filter": "(sum((lineitem.l_extendedprice * ('1'::numeric - lineitem.l_discount))) = $0)","Planned Partitions": 0,"HashAgg Batches": 1,"Peak Memory Usage": 4497,"Disk Usage": 0,"Rows Removed by Filter": 9999,"Plans": [{"Node Type": "Bitmap Heap Scan","Parent Relationship": "Outer","Parallel Aware": false,"Async Capable": false,"Relation Name": "lineitem","Alias": "lineitem","Startup Cost": 5746.17,"Total Cost": 121758.41,"Plan Rows": 223779,"Plan Width": 16,"Actual Startup Time": 56.964,"Actual Total Time": 937.159,"Actual Rows": 229391,"Actual Loops": 1,"Recheck Cond": "((l_shipdate >= '1995-11-01'::date) AND (l_shipdate < '1996-02-01 00:00:00'::timestamp without time zone))","Rows Removed by Index Recheck": 0,"Exact Heap Blocks": 67359,"Lossy Heap Blocks": 0,"Plans": [{"Node Type": "Bitmap Index Scan","Parent Relationship": "Outer","Parallel Aware": false,"Async Capable": false,"Index Name": "idx_lineitem_shipdate","Startup Cost": 0.00,"Total Cost": 5690.22,"Plan Rows": 223779,"Plan Width": 0,"Actual Startup Time": 43.201,"Actual Total Time": 43.205,"Actual Rows": 229391,"Actual Loops": 1,"Index Cond": "((l_shipdate >= '1995-11-01'::date) AND (l_shipdate < '1996-02-01 00:00:00'::timestamp without time zone))"}]}]}]}]}]},"Planning Time": 5.341,"Triggers": [],"Execution Time": 2095.570}]
[{"Plan": {"Node Type": "Merge Join","Parallel Aware": false,"Async Capable": false,"Join Type": "Inner","Startup Cost": 249129.82,"Total Cost": 249650.72,"Plan Rows": 50,"Plan Width": 103,"Actual Startup Time": 2040.373,"Actual Total Time": 2040.424,"Actual Rows": 1,"Actual Loops": 1,"Inner Unique": true,"Merge Cond": "(supplier.s_suppkey = revenue0.supplier_no)","Plans": [{"Node Type": "Aggregate","Strategy": "Plain","Partial Mode": "Simple","Parent Relationship": "InitPlan","Subplan Name": "InitPlan 1 (returns $0)","Parallel Aware": false,"Async Capable": false,"Startup Cost": 124613.84,"Total Cost": 124613.85,"Plan Rows": 1,"Plan Width": 32,"Actual Startup Time": 918.752,"Actual Total Time": 918.766,"Actual Rows": 1,"Actual Loops": 1,"Plans": [{"Node Type": "Aggregate","Strategy": "Hashed","Partial Mode": "Simple","Parent Relationship": "Outer","Parallel Aware": false,"Async Capable": false,"Startup Cost": 124363.67,"Total Cost": 124488.76,"Plan Rows": 10007,"Plan Width": 36,"Actual Startup Time": 912.515,"Actual Total Time": 918.159,"Actual Rows": 10000,"Actual Loops": 1,"Group Key": ["lineitem_1.l_suppkey"],"Planned Partitions": 0,"HashAgg Batches": 1,"Peak Memory Usage": 4497,"Disk Usage": 0,"Plans": [{"Node Type": "Bitmap Heap Scan","Parent Relationship": "Outer","Parallel Aware": false,"Async Capable": false,"Relation Name": "lineitem","Alias": "lineitem_1","Startup Cost": 5613.44,"Total Cost": 122177.32,"Plan Rows": 218635,"Plan Width": 16,"Actual Startup Time": 56.617,"Actual Total Time": 768.840,"Actual Rows": 222109,"Actual Loops": 1,"Recheck Cond": "((l_shipdate >= '1993-02-01'::date) AND (l_shipdate < '1993-05-01 00:00:00'::timestamp without time zone))","Rows Removed by Index Recheck": 0,"Exact Heap Blocks": 66260,"Lossy Heap Blocks": 0,"Plans": [{"Node Type": "Bitmap Index Scan","Parent Relationship": "Outer","Parallel Aware": false,"Async Capable": false,"Index Name": "idx_lineitem_shipdate","Startup Cost": 0.00,"Total Cost": 5558.78,"Plan Rows": 218635,"Plan Width": 0,"Actual Startup Time": 43.062,"Actual Total Time": 43.067,"Actual Rows": 222109,"Actual Loops": 1,"Index Cond": "((l_shipdate >= '1993-02-01'::date) AND (l_shipdate < '1993-05-01 00:00:00'::timestamp without time zone))"}]}]}]},{"Node Type": "Index Scan","Parent Relationship": "Outer","Parallel Aware": false,"Async Capable": false,"Scan Direction": "Forward","Index Name": "supplier_pkey","Relation Name": "supplier","Alias": "supplier","Startup Cost": 0.29,"Total Cost": 495.43,"Plan Rows": 10000,"Plan Width": 71,"Actual Startup Time": 0.102,"Actual Total Time": 14.495,"Actual Rows": 9462,"Actual Loops": 1},{"Node Type": "Sort","Parent Relationship": "Inner","Parallel Aware": false,"Async Capable": false,"Startup Cost": 124515.68,"Total Cost": 124515.81,"Plan Rows": 50,"Plan Width": 36,"Actual Startup Time": 2025.337,"Actual Total Time": 2025.356,"Actual Rows": 1,"Actual Loops": 1,"Sort Key": ["revenue0.supplier_no"],"Sort Method": "quicksort","Sort Space Used": 25,"Sort Space Type": "Memory","Plans": [{"Node Type": "Subquery Scan","Parent Relationship": "Outer","Parallel Aware": false,"Async Capable": false,"Alias": "revenue0","Startup Cost": 124363.67,"Total Cost": 124514.27,"Plan Rows": 50,"Plan Width": 36,"Actual Startup Time": 2023.327,"Actual Total Time": 2025.299,"Actual Rows": 1,"Actual Loops": 1,"Plans": [{"Node Type": "Aggregate","Strategy": "Hashed","Partial Mode": "Simple","Parent Relationship": "Subquery","Parallel Aware": false,"Async Capable": false,"Startup Cost": 124363.67,"Total Cost": 124513.77,"Plan Rows": 50,"Plan Width": 36,"Actual Startup Time": 2023.320,"Actual Total Time": 2025.281,"Actual Rows": 1,"Actual Loops": 1,"Group Key": ["lineitem.l_suppkey"],"Filter": "(sum((lineitem.l_extendedprice * ('1'::numeric - lineitem.l_discount))) = $0)","Planned Partitions": 0,"HashAgg Batches": 1,"Peak Memory Usage": 4497,"Disk Usage": 0,"Rows Removed by Filter": 9999,"Plans": [{"Node Type": "Bitmap Heap Scan","Parent Relationship": "Outer","Parallel Aware": false,"Async Capable": false,"Relation Name": "lineitem","Alias": "lineitem","Startup Cost": 5613.44,"Total Cost": 122177.32,"Plan Rows": 218635,"Plan Width": 16,"Actual Startup Time": 53.952,"Actual Total Time": 912.955,"Actual Rows": 222109,"Actual Loops": 1,"Recheck Cond": "((l_shipdate >= '1993-02-01'::date) AND (l_shipdate < '1993-05-01 00:00:00'::timestamp without time zone))","Rows Removed by Index Recheck": 0,"Exact Heap Blocks": 66260,"Lossy Heap Blocks": 0,"Plans": [{"Node Type": "Bitmap Index Scan","Parent Relationship": "Outer","Parallel Aware": false,"Async Capable": false,"Index Name": "idx_lineitem_shipdate","Startup Cost": 0.00,"Total Cost": 5558.78,"Plan Rows": 218635,"Plan Width": 0,"Actual Startup Time": 40.555,"Actual Total Time": 40.556,"Actual Rows": 222109,"Actual Loops": 1,"Index Cond": "((l_shipdate >= '1993-02-01'::date) AND (l_shipdate < '1993-05-01 00:00:00'::timestamp without time zone))"}]}]}]}]}]},"Planning Time": 4.191,"Triggers": [],"Execution Time": 2046.034}]
[{"Plan": {"Node Type": "Merge Join","Parallel Aware": false,"Async Capable": false,"Join Type": "Inner","Startup Cost": 248343.83,"Total Cost": 248864.72,"Plan Rows": 50,"Plan Width": 103,"Actual Startup Time": 1973.395,"Actual Total Time": 1973.462,"Actual Rows": 1,"Actual Loops": 1,"Inner Unique": true,"Merge Cond": "(supplier.s_suppkey = revenue0.supplier_no)","Plans": [{"Node Type": "Aggregate","Strategy": "Plain","Partial Mode": "Simple","Parent Relationship": "InitPlan","Subplan Name": "InitPlan 1 (returns $0)","Parallel Aware": false,"Async Capable": false,"Startup Cost": 124220.85,"Total Cost": 124220.86,"Plan Rows": 1,"Plan Width": 32,"Actual Startup Time": 908.782,"Actual Total Time": 908.807,"Actual Rows": 1,"Actual Loops": 1,"Plans": [{"Node Type": "Aggregate","Strategy": "Hashed","Partial Mode": "Simple","Parent Relationship": "Outer","Parallel Aware": false,"Async Capable": false,"Startup Cost": 123970.67,"Total Cost": 124095.76,"Plan Rows": 10007,"Plan Width": 36,"Actual Startup Time": 900.063,"Actual Total Time": 908.145,"Actual Rows": 10000,"Actual Loops": 1,"Group Key": ["lineitem_1.l_suppkey"],"Planned Partitions": 0,"HashAgg Batches": 1,"Peak Memory Usage": 4497,"Disk Usage": 0,"Plans": [{"Node Type": "Bitmap Heap Scan","Parent Relationship": "Outer","Parallel Aware": false,"Async Capable": false,"Relation Name": "lineitem","Alias": "lineitem_1","Startup Cost": 5811.47,"Total Cost": 121708.19,"Plan Rows": 226248,"Plan Width": 16,"Actual Startup Time": 49.217,"Actual Total Time": 692.336,"Actual Rows": 229039,"Actual Loops": 1,"Recheck Cond": "((l_shipdate >= '1994-06-01'::date) AND (l_shipdate < '1994-09-01 00:00:00'::timestamp without time zone))","Rows Removed by Index Recheck": 0,"Exact Heap Blocks": 67238,"Lossy Heap Blocks": 0,"Plans": [{"Node Type": "Bitmap Index Scan","Parent Relationship": "Outer","Parallel Aware": false,"Async Capable": false,"Index Name": "idx_lineitem_shipdate","Startup Cost": 0.00,"Total Cost": 5754.91,"Plan Rows": 226248,"Plan Width": 0,"Actual Startup Time": 35.633,"Actual Total Time": 35.648,"Actual Rows": 229039,"Actual Loops": 1,"Index Cond": "((l_shipdate >= '1994-06-01'::date) AND (l_shipdate < '1994-09-01 00:00:00'::timestamp without time zone))"}]}]}]},{"Node Type": "Index Scan","Parent Relationship": "Outer","Parallel Aware": false,"Async Capable": false,"Scan Direction": "Forward","Index Name": "supplier_pkey","Relation Name": "supplier","Alias": "supplier","Startup Cost": 0.29,"Total Cost": 495.43,"Plan Rows": 10000,"Plan Width": 71,"Actual Startup Time": 0.121,"Actual Total Time": 12.024,"Actual Rows": 7946,"Actual Loops": 1},{"Node Type": "Sort","Parent Relationship": "Inner","Parallel Aware": false,"Async Capable": false,"Startup Cost": 124122.69,"Total Cost": 124122.81,"Plan Rows": 50,"Plan Width": 36,"Actual Startup Time": 1960.894,"Actual Total Time": 1960.930,"Actual Rows": 1,"Actual Loops": 1,"Sort Key": ["revenue0.supplier_no"],"Sort Method": "quicksort","Sort Space Used": 25,"Sort Space Type": "Memory","Plans": [{"Node Type": "Subquery Scan","Parent Relationship": "Outer","Parallel Aware": false,"Async Capable": false,"Alias": "revenue0","Startup Cost": 123970.67,"Total Cost": 124121.28,"Plan Rows": 50,"Plan Width": 36,"Actual Startup Time": 1956.612,"Actual Total Time": 1960.848,"Actual Rows": 1,"Actual Loops": 1,"Plans": [{"Node Type": "Aggregate","Strategy": "Hashed","Partial Mode": "Simple","Parent Relationship": "Subquery","Parallel Aware": false,"Async Capable": false,"Startup Cost": 123970.67,"Total Cost": 124120.78,"Plan Rows": 50,"Plan Width": 36,"Actual Startup Time": 1956.600,"Actual Total Time": 1960.810,"Actual Rows": 1,"Actual Loops": 1,"Group Key": ["lineitem.l_suppkey"],"Filter": "(sum((lineitem.l_extendedprice * ('1'::numeric - lineitem.l_discount))) = $0)","Planned Partitions": 0,"HashAgg Batches": 1,"Peak Memory Usage": 4497,"Disk Usage": 0,"Rows Removed by Filter": 9999,"Plans": [{"Node Type": "Bitmap Heap Scan","Parent Relationship": "Outer","Parallel Aware": false,"Async Capable": false,"Relation Name": "lineitem","Alias": "lineitem","Startup Cost": 5811.47,"Total Cost": 121708.19,"Plan Rows": 226248,"Plan Width": 16,"Actual Startup Time": 51.748,"Actual Total Time": 872.040,"Actual Rows": 229039,"Actual Loops": 1,"Recheck Cond": "((l_shipdate >= '1994-06-01'::date) AND (l_shipdate < '1994-09-01 00:00:00'::timestamp without time zone))","Rows Removed by Index Recheck": 0,"Exact Heap Blocks": 67238,"Lossy Heap Blocks": 0,"Plans": [{"Node Type": "Bitmap Index Scan","Parent Relationship": "Outer","Parallel Aware": false,"Async Capable": false,"Index Name": "idx_lineitem_shipdate","Startup Cost": 0.00,"Total Cost": 5754.91,"Plan Rows": 226248,"Plan Width": 0,"Actual Startup Time": 38.292,"Actual Total Time": 38.307,"Actual Rows": 229039,"Actual Loops": 1,"Index Cond": "((l_shipdate >= '1994-06-01'::date) AND (l_shipdate < '1994-09-01 00:00:00'::timestamp without time zone))"}]}]}]}]}]},"Planning Time": 5.138,"Triggers": [],"Execution Time": 1979.821}]
[{"Plan": {"Node Type": "Merge Join","Parallel Aware": false,"Async Capable": false,"Join Type": "Inner","Startup Cost": 249277.04,"Total Cost": 249797.93,"Plan Rows": 50,"Plan Width": 103,"Actual Startup Time": 2090.773,"Actual Total Time": 2090.807,"Actual Rows": 1,"Actual Loops": 1,"Inner Unique": true,"Merge Cond": "(supplier.s_suppkey = revenue0.supplier_no)","Plans": [{"Node Type": "Aggregate","Strategy": "Plain","Partial Mode": "Simple","Parent Relationship": "InitPlan","Subplan Name": "InitPlan 1 (returns $0)","Parallel Aware": false,"Async Capable": false,"Startup Cost": 124687.45,"Total Cost": 124687.46,"Plan Rows": 1,"Plan Width": 32,"Actual Startup Time": 953.148,"Actual Total Time": 953.160,"Actual Rows": 1,"Actual Loops": 1,"Plans": [{"Node Type": "Aggregate","Strategy": "Hashed","Partial Mode": "Simple","Parent Relationship": "Outer","Parallel Aware": false,"Async Capable": false,"Startup Cost": 124437.28,"Total Cost": 124562.36,"Plan Rows": 10007,"Plan Width": 36,"Actual Startup Time": 945.306,"Actual Total Time": 952.561,"Actual Rows": 10000,"Actual Loops": 1,"Group Key": ["lineitem_1.l_suppkey"],"Planned Partitions": 0,"HashAgg Batches": 1,"Peak Memory Usage": 4497,"Disk Usage": 0,"Plans": [{"Node Type": "Bitmap Heap Scan","Parent Relationship": "Outer","Parallel Aware": false,"Async Capable": false,"Relation Name": "lineitem","Alias": "lineitem_1","Startup Cost": 5586.60,"Total Cost": 122261.51,"Plan Rows": 217577,"Plan Width": 16,"Actual Startup Time": 66.133,"Actual Total Time": 797.959,"Actual Rows": 228914,"Actual Loops": 1,"Recheck Cond": "((l_shipdate >= '1996-05-01'::date) AND (l_shipdate < '1996-08-01 00:00:00'::timestamp without time zone))","Rows Removed by Index Recheck": 0,"Exact Heap Blocks": 66981,"Lossy Heap Blocks": 0,"Plans": [{"Node Type": "Bitmap Index Scan","Parent Relationship": "Outer","Parallel Aware": false,"Async Capable": false,"Index Name": "idx_lineitem_shipdate","Startup Cost": 0.00,"Total Cost": 5532.20,"Plan Rows": 217577,"Plan Width": 0,"Actual Startup Time": 52.240,"Actual Total Time": 52.246,"Actual Rows": 228914,"Actual Loops": 1,"Index Cond": "((l_shipdate >= '1996-05-01'::date) AND (l_shipdate < '1996-08-01 00:00:00'::timestamp without time zone))"}]}]}]},{"Node Type": "Index Scan","Parent Relationship": "Outer","Parallel Aware": false,"Async Capable": false,"Scan Direction": "Forward","Index Name": "supplier_pkey","Relation Name": "supplier","Alias": "supplier","Startup Cost": 0.29,"Total Cost": 495.43,"Plan Rows": 10000,"Plan Width": 71,"Actual Startup Time": 0.097,"Actual Total Time": 1.857,"Actual Rows": 985,"Actual Loops": 1},{"Node Type": "Sort","Parent Relationship": "Inner","Parallel Aware": false,"Async Capable": false,"Startup Cost": 124589.29,"Total Cost": 124589.42,"Plan Rows": 50,"Plan Width": 36,"Actual Startup Time": 2088.839,"Actual Total Time": 2088.851,"Actual Rows": 1,"Actual Loops": 1,"Sort Key": ["revenue0.supplier_no"],"Sort Method": "quicksort","Sort Space Used": 25,"Sort Space Type": "Memory","Plans": [{"Node Type": "Subquery Scan","Parent Relationship": "Outer","Parallel Aware": false,"Async Capable": false,"Alias": "revenue0","Startup Cost": 124437.28,"Total Cost": 124587.88,"Plan Rows": 50,"Plan Width": 36,"Actual Startup Time": 2064.047,"Actual Total Time": 2088.796,"Actual Rows": 1,"Actual Loops": 1,"Plans": [{"Node Type": "Aggregate","Strategy": "Hashed","Partial Mode": "Simple","Parent Relationship": "Subquery","Parallel Aware": false,"Async Capable": false,"Startup Cost": 124437.28,"Total Cost": 124587.38,"Plan Rows": 50,"Plan Width": 36,"Actual Startup Time": 2064.039,"Actual Total Time": 2088.776,"Actual Rows": 1,"Actual Loops": 1,"Group Key": ["lineitem.l_suppkey"],"Filter": "(sum((lineitem.l_extendedprice * ('1'::numeric - lineitem.l_discount))) = $0)","Planned Partitions": 0,"HashAgg Batches": 1,"Peak Memory Usage": 4497,"Disk Usage": 0,"Rows Removed by Filter": 9999,"Plans": [{"Node Type": "Bitmap Heap Scan","Parent Relationship": "Outer","Parallel Aware": false,"Async Capable": false,"Relation Name": "lineitem","Alias": "lineitem","Startup Cost": 5586.60,"Total Cost": 122261.51,"Plan Rows": 217577,"Plan Width": 16,"Actual Startup Time": 62.509,"Actual Total Time": 940.636,"Actual Rows": 228914,"Actual Loops": 1,"Recheck Cond": "((l_shipdate >= '1996-05-01'::date) AND (l_shipdate < '1996-08-01 00:00:00'::timestamp without time zone))","Rows Removed by Index Recheck": 0,"Exact Heap Blocks": 66981,"Lossy Heap Blocks": 0,"Plans": [{"Node Type": "Bitmap Index Scan","Parent Relationship": "Outer","Parallel Aware": false,"Async Capable": false,"Index Name": "idx_lineitem_shipdate","Startup Cost": 0.00,"Total Cost": 5532.20,"Plan Rows": 217577,"Plan Width": 0,"Actual Startup Time": 48.884,"Actual Total Time": 48.886,"Actual Rows": 228914,"Actual Loops": 1,"Index Cond": "((l_shipdate >= '1996-05-01'::date) AND (l_shipdate < '1996-08-01 00:00:00'::timestamp without time zone))"}]}]}]}]}]},"Planning Time": 4.074,"Triggers": [],"Execution Time": 2095.321}]
[{"Plan": {"Node Type": "Merge Join","Parallel Aware": false,"Async Capable": false,"Join Type": "Inner","Startup Cost": 249444.62,"Total Cost": 249965.52,"Plan Rows": 50,"Plan Width": 103,"Actual Startup Time": 2087.809,"Actual Total Time": 2087.855,"Actual Rows": 1,"Actual Loops": 1,"Inner Unique": true,"Merge Cond": "(supplier.s_suppkey = revenue0.supplier_no)","Plans": [{"Node Type": "Aggregate","Strategy": "Plain","Partial Mode": "Simple","Parent Relationship": "InitPlan","Subplan Name": "InitPlan 1 (returns $0)","Parallel Aware": false,"Async Capable": false,"Startup Cost": 124771.24,"Total Cost": 124771.25,"Plan Rows": 1,"Plan Width": 32,"Actual Startup Time": 947.517,"Actual Total Time": 947.530,"Actual Rows": 1,"Actual Loops": 1,"Plans": [{"Node Type": "Aggregate","Strategy": "Hashed","Partial Mode": "Simple","Parent Relationship": "Outer","Parallel Aware": false,"Async Capable": false,"Startup Cost": 124521.07,"Total Cost": 124646.15,"Plan Rows": 10007,"Plan Width": 36,"Actual Startup Time": 940.365,"Actual Total Time": 946.934,"Actual Rows": 10000,"Actual Loops": 1,"Group Key": ["lineitem_1.l_suppkey"],"Planned Partitions": 0,"HashAgg Batches": 1,"Peak Memory Usage": 4497,"Disk Usage": 0,"Plans": [{"Node Type": "Bitmap Heap Scan","Parent Relationship": "Outer","Parallel Aware": false,"Async Capable": false,"Relation Name": "lineitem","Alias": "lineitem_1","Startup Cost": 6090.67,"Total Cost": 122150.11,"Plan Rows": 237096,"Plan Width": 16,"Actual Startup Time": 58.913,"Actual Total Time": 793.107,"Actual Rows": 230437,"Actual Loops": 1,"Recheck Cond": "((l_shipdate >= '1997-06-01'::date) AND (l_shipdate < '1997-09-01 00:00:00'::timestamp without time zone))","Rows Removed by Index Recheck": 0,"Exact Heap Blocks": 67249,"Lossy Heap Blocks": 0,"Plans": [{"Node Type": "Bitmap Index Scan","Parent Relationship": "Outer","Parallel Aware": false,"Async Capable": false,"Index Name": "idx_lineitem_shipdate","Startup Cost": 0.00,"Total Cost": 6031.39,"Plan Rows": 237096,"Plan Width": 0,"Actual Startup Time": 45.234,"Actual Total Time": 45.241,"Actual Rows": 230437,"Actual Loops": 1,"Index Cond": "((l_shipdate >= '1997-06-01'::date) AND (l_shipdate < '1997-09-01 00:00:00'::timestamp without time zone))"}]}]}]},{"Node Type": "Index Scan","Parent Relationship": "Outer","Parallel Aware": false,"Async Capable": false,"Scan Direction": "Forward","Index Name": "supplier_pkey","Relation Name": "supplier","Alias": "supplier","Startup Cost": 0.29,"Total Cost": 495.43,"Plan Rows": 10000,"Plan Width": 71,"Actual Startup Time": 0.071,"Actual Total Time": 8.069,"Actual Rows": 4963,"Actual Loops": 1},{"Node Type": "Sort","Parent Relationship": "Inner","Parallel Aware": false,"Async Capable": false,"Startup Cost": 124673.08,"Total Cost": 124673.21,"Plan Rows": 50,"Plan Width": 36,"Actual Startup Time": 2079.426,"Actual Total Time": 2079.438,"Actual Rows": 1,"Actual Loops": 1,"Sort Key": ["revenue0.supplier_no"],"Sort Method": "quicksort","Sort Space Used": 25,"Sort Space Type": "Memory","Plans": [{"Node Type": "Subquery Scan","Parent Relationship": "Outer","Parallel Aware": false,"Async Capable": false,"Alias": "revenue0","Startup Cost": 124521.07,"Total Cost": 124671.67,"Plan Rows": 50,"Plan Width": 36,"Actual Startup Time": 2064.256,"Actual Total Time": 2079.384,"Actual Rows": 1,"Actual Loops": 1,"Plans": [{"Node Type": "Aggregate","Strategy": "Hashed","Partial Mode": "Simple","Parent Relationship": "Subquery","Parallel Aware": false,"Async Capable": false,"Startup Cost": 124521.07,"Total Cost": 124671.17,"Plan Rows": 50,"Plan Width": 36,"Actual Startup Time": 2064.247,"Actual Total Time": 2079.364,"Actual Rows": 1,"Actual Loops": 1,"Group Key": ["lineitem.l_suppkey"],"Filter": "(sum((lineitem.l_extendedprice * ('1'::numeric - lineitem.l_discount))) = $0)","Planned Partitions": 0,"HashAgg Batches": 1,"Peak Memory Usage": 4497,"Disk Usage": 0,"Rows Removed by Filter": 9999,"Plans": [{"Node Type": "Bitmap Heap Scan","Parent Relationship": "Outer","Parallel Aware": false,"Async Capable": false,"Relation Name": "lineitem","Alias": "lineitem","Startup Cost": 6090.67,"Total Cost": 122150.11,"Plan Rows": 237096,"Plan Width": 16,"Actual Startup Time": 55.721,"Actual Total Time": 936.714,"Actual Rows": 230437,"Actual Loops": 1,"Recheck Cond": "((l_shipdate >= '1997-06-01'::date) AND (l_shipdate < '1997-09-01 00:00:00'::timestamp without time zone))","Rows Removed by Index Recheck": 0,"Exact Heap Blocks": 67249,"Lossy Heap Blocks": 0,"Plans": [{"Node Type": "Bitmap Index Scan","Parent Relationship": "Outer","Parallel Aware": false,"Async Capable": false,"Index Name": "idx_lineitem_shipdate","Startup Cost": 0.00,"Total Cost": 6031.39,"Plan Rows": 237096,"Plan Width": 0,"Actual Startup Time": 42.178,"Actual Total Time": 42.181,"Actual Rows": 230437,"Actual Loops": 1,"Index Cond": "((l_shipdate >= '1997-06-01'::date) AND (l_shipdate < '1997-09-01 00:00:00'::timestamp without time zone))"}]}]}]}]}]},"Planning Time": 4.884,"Triggers": [],"Execution Time": 2093.730}]
[{"Plan": {"Node Type": "Merge Join","Parallel Aware": false,"Async Capable": false,"Join Type": "Inner","Startup Cost": 248577.74,"Total Cost": 249098.63,"Plan Rows": 50,"Plan Width": 103,"Actual Startup Time": 1920.263,"Actual Total Time": 1920.303,"Actual Rows": 1,"Actual Loops": 1,"Inner Unique": true,"Merge Cond": "(supplier.s_suppkey = revenue0.supplier_no)","Plans": [{"Node Type": "Aggregate","Strategy": "Plain","Partial Mode": "Simple","Parent Relationship": "InitPlan","Subplan Name": "InitPlan 1 (returns $0)","Parallel Aware": false,"Async Capable": false,"Startup Cost": 124337.80,"Total Cost": 124337.81,"Plan Rows": 1,"Plan Width": 32,"Actual Startup Time": 838.704,"Actual Total Time": 838.723,"Actual Rows": 1,"Actual Loops": 1,"Plans": [{"Node Type": "Aggregate","Strategy": "Hashed","Partial Mode": "Simple","Parent Relationship": "Outer","Parallel Aware": false,"Async Capable": false,"Startup Cost": 124087.63,"Total Cost": 124212.71,"Plan Rows": 10007,"Plan Width": 36,"Actual Startup Time": 829.393,"Actual Total Time": 838.134,"Actual Rows": 10000,"Actual Loops": 1,"Group Key": ["lineitem_1.l_suppkey"],"Planned Partitions": 0,"HashAgg Batches": 1,"Peak Memory Usage": 4497,"Disk Usage": 0,"Plans": [{"Node Type": "Bitmap Heap Scan","Parent Relationship": "Outer","Parallel Aware": false,"Async Capable": false,"Relation Name": "lineitem","Alias": "lineitem_1","Startup Cost": 5717.73,"Total Cost": 121861.96,"Plan Rows": 222566,"Plan Width": 16,"Actual Startup Time": 56.600,"Actual Total Time": 670.411,"Actual Rows": 225419,"Actual Loops": 1,"Recheck Cond": "((l_shipdate >= '1997-01-01'::date) AND (l_shipdate < '1997-04-01 00:00:00'::timestamp without time zone))","Rows Removed by Index Recheck": 0,"Exact Heap Blocks": 66824,"Lossy Heap Blocks": 0,"Plans": [{"Node Type": "Bitmap Index Scan","Parent Relationship": "Outer","Parallel Aware": false,"Async Capable": false,"Index Name": "idx_lineitem_shipdate","Startup Cost": 0.00,"Total Cost": 5662.09,"Plan Rows": 222566,"Plan Width": 0,"Actual Startup Time": 43.115,"Actual Total Time": 43.121,"Actual Rows": 225419,"Actual Loops": 1,"Index Cond": "((l_shipdate >= '1997-01-01'::date) AND (l_shipdate < '1997-04-01 00:00:00'::timestamp without time zone))"}]}]}]},{"Node Type": "Index Scan","Parent Relationship": "Outer","Parallel Aware": false,"Async Capable": false,"Scan Direction": "Forward","Index Name": "supplier_pkey","Relation Name": "supplier","Alias": "supplier","Startup Cost": 0.29,"Total Cost": 495.43,"Plan Rows": 10000,"Plan Width": 71,"Actual Startup Time": 0.104,"Actual Total Time": 0.867,"Actual Rows": 435,"Actual Loops": 1},{"Node Type": "Sort","Parent Relationship": "Inner","Parallel Aware": false,"Async Capable": false,"Startup Cost": 124239.64,"Total Cost": 124239.77,"Plan Rows": 50,"Plan Width": 36,"Actual Startup Time": 1919.330,"Actual Total Time": 1919.343,"Actual Rows": 1,"Actual Loops": 1,"Sort Key": ["revenue0.supplier_no"],"Sort Method": "quicksort","Sort Space Used": 25,"Sort Space Type": "Memory","Plans": [{"Node Type": "Subquery Scan","Parent Relationship": "Outer","Parallel Aware": false,"Async Capable": false,"Alias": "revenue0","Startup Cost": 124087.63,"Total Cost": 124238.23,"Plan Rows": 50,"Plan Width": 36,"Actual Startup Time": 1908.436,"Actual Total Time": 1919.306,"Actual Rows": 1,"Actual Loops": 1,"Plans": [{"Node Type": "Aggregate","Strategy": "Hashed","Partial Mode": "Simple","Parent Relationship": "Subquery","Parallel Aware": false,"Async Capable": false,"Startup Cost": 124087.63,"Total Cost": 124237.73,"Plan Rows": 50,"Plan Width": 36,"Actual Startup Time": 1908.431,"Actual Total Time": 1919.298,"Actual Rows": 1,"Actual Loops": 1,"Group Key": ["lineitem.l_suppkey"],"Filter": "(sum((lineitem.l_extendedprice * ('1'::numeric - lineitem.l_discount))) = $0)","Planned Partitions": 0,"HashAgg Batches": 1,"Peak Memory Usage": 4497,"Disk Usage": 0,"Rows Removed by Filter": 9999,"Plans": [{"Node Type": "Bitmap Heap Scan","Parent Relationship": "Outer","Parallel Aware": false,"Async Capable": false,"Relation Name": "lineitem","Alias": "lineitem","Startup Cost": 5717.73,"Total Cost": 121861.96,"Plan Rows": 222566,"Plan Width": 16,"Actual Startup Time": 57.810,"Actual Total Time": 882.414,"Actual Rows": 225419,"Actual Loops": 1,"Recheck Cond": "((l_shipdate >= '1997-01-01'::date) AND (l_shipdate < '1997-04-01 00:00:00'::timestamp without time zone))","Rows Removed by Index Recheck": 0,"Exact Heap Blocks": 66824,"Lossy Heap Blocks": 0,"Plans": [{"Node Type": "Bitmap Index Scan","Parent Relationship": "Outer","Parallel Aware": false,"Async Capable": false,"Index Name": "idx_lineitem_shipdate","Startup Cost": 0.00,"Total Cost": 5662.09,"Plan Rows": 222566,"Plan Width": 0,"Actual Startup Time": 44.647,"Actual Total Time": 44.649,"Actual Rows": 225419,"Actual Loops": 1,"Index Cond": "((l_shipdate >= '1997-01-01'::date) AND (l_shipdate < '1997-04-01 00:00:00'::timestamp without time zone))"}]}]}]}]}]},"Planning Time": 5.470,"Triggers": [],"Execution Time": 1924.065}]
[{"Plan": {"Node Type": "Merge Join","Parallel Aware": false,"Async Capable": false,"Join Type": "Inner","Startup Cost": 248243.53,"Total Cost": 248764.43,"Plan Rows": 50,"Plan Width": 103,"Actual Startup Time": 1915.884,"Actual Total Time": 1915.929,"Actual Rows": 1,"Actual Loops": 1,"Inner Unique": true,"Merge Cond": "(supplier.s_suppkey = revenue0.supplier_no)","Plans": [{"Node Type": "Aggregate","Strategy": "Plain","Partial Mode": "Simple","Parent Relationship": "InitPlan","Subplan Name": "InitPlan 1 (returns $0)","Parallel Aware": false,"Async Capable": false,"Startup Cost": 124170.70,"Total Cost": 124170.71,"Plan Rows": 1,"Plan Width": 32,"Actual Startup Time": 821.081,"Actual Total Time": 821.096,"Actual Rows": 1,"Actual Loops": 1,"Plans": [{"Node Type": "Aggregate","Strategy": "Hashed","Partial Mode": "Simple","Parent Relationship": "Outer","Parallel Aware": false,"Async Capable": false,"Startup Cost": 123920.52,"Total Cost": 124045.61,"Plan Rows": 10007,"Plan Width": 36,"Actual Startup Time": 813.173,"Actual Total Time": 820.503,"Actual Rows": 10000,"Actual Loops": 1,"Group Key": ["lineitem_1.l_suppkey"],"Planned Partitions": 0,"HashAgg Batches": 1,"Peak Memory Usage": 4497,"Disk Usage": 0,"Plans": [{"Node Type": "Bitmap Heap Scan","Parent Relationship": "Outer","Parallel Aware": false,"Async Capable": false,"Relation Name": "lineitem","Alias": "lineitem_1","Startup Cost": 5785.54,"Total Cost": 121667.73,"Plan Rows": 225279,"Plan Width": 16,"Actual Startup Time": 53.465,"Actual Total Time": 668.418,"Actual Rows": 228688,"Actual Loops": 1,"Recheck Cond": "((l_shipdate >= '1997-10-01'::date) AND (l_shipdate < '1998-01-01 00:00:00'::timestamp without time zone))","Rows Removed by Index Recheck": 0,"Exact Heap Blocks": 67089,"Lossy Heap Blocks": 0,"Plans": [{"Node Type": "Bitmap Index Scan","Parent Relationship": "Outer","Parallel Aware": false,"Async Capable": false,"Index Name": "idx_lineitem_shipdate","Startup Cost": 0.00,"Total Cost": 5729.22,"Plan Rows": 225279,"Plan Width": 0,"Actual Startup Time": 39.849,"Actual Total Time": 39.857,"Actual Rows": 228688,"Actual Loops": 1,"Index Cond": "((l_shipdate >= '1997-10-01'::date) AND (l_shipdate < '1998-01-01 00:00:00'::timestamp without time zone))"}]}]}]},{"Node Type": "Index Scan","Parent Relationship": "Outer","Parallel Aware": false,"Async Capable": false,"Scan Direction": "Forward","Index Name": "supplier_pkey","Relation Name": "supplier","Alias": "supplier","Startup Cost": 0.29,"Total Cost": 495.43,"Plan Rows": 10000,"Plan Width": 71,"Actual Startup Time": 0.114,"Actual Total Time": 13.613,"Actual Rows": 8489,"Actual Loops": 1},{"Node Type": "Sort","Parent Relationship": "Inner","Parallel Aware": false,"Async Capable": false,"Startup Cost": 124072.54,"Total Cost": 124072.66,"Plan Rows": 50,"Plan Width": 36,"Actual Startup Time": 1901.761,"Actual Total Time": 1901.777,"Actual Rows": 1,"Actual Loops": 1,"Sort Key": ["revenue0.supplier_no"],"Sort Method": "quicksort","Sort Space Used": 25,"Sort Space Type": "Memory","Plans": [{"Node Type": "Subquery Scan","Parent Relationship": "Outer","Parallel Aware": false,"Async Capable": false,"Alias": "revenue0","Startup Cost": 123920.52,"Total Cost": 124071.13,"Plan Rows": 50,"Plan Width": 36,"Actual Startup Time": 1891.664,"Actual Total Time": 1901.731,"Actual Rows": 1,"Actual Loops": 1,"Plans": [{"Node Type": "Aggregate","Strategy": "Hashed","Partial Mode": "Simple","Parent Relationship": "Subquery","Parallel Aware": false,"Async Capable": false,"Startup Cost": 123920.52,"Total Cost": 124070.63,"Plan Rows": 50,"Plan Width": 36,"Actual Startup Time": 1891.658,"Actual Total Time": 1901.722,"Actual Rows": 1,"Actual Loops": 1,"Group Key": ["lineitem.l_suppkey"],"Filter": "(sum((lineitem.l_extendedprice * ('1'::numeric - lineitem.l_discount))) = $0)","Planned Partitions": 0,"HashAgg Batches": 1,"Peak Memory Usage": 4497,"Disk Usage": 0,"Rows Removed by Filter": 9999,"Plans": [{"Node Type": "Bitmap Heap Scan","Parent Relationship": "Outer","Parallel Aware": false,"Async Capable": false,"Relation Name": "lineitem","Alias": "lineitem","Startup Cost": 5785.54,"Total Cost": 121667.73,"Plan Rows": 225279,"Plan Width": 16,"Actual Startup Time": 53.563,"Actual Total Time": 882.400,"Actual Rows": 228688,"Actual Loops": 1,"Recheck Cond": "((l_shipdate >= '1997-10-01'::date) AND (l_shipdate < '1998-01-01 00:00:00'::timestamp without time zone))","Rows Removed by Index Recheck": 0,"Exact Heap Blocks": 67089,"Lossy Heap Blocks": 0,"Plans": [{"Node Type": "Bitmap Index Scan","Parent Relationship": "Outer","Parallel Aware": false,"Async Capable": false,"Index Name": "idx_lineitem_shipdate","Startup Cost": 0.00,"Total Cost": 5729.22,"Plan Rows": 225279,"Plan Width": 0,"Actual Startup Time": 40.246,"Actual Total Time": 40.250,"Actual Rows": 228688,"Actual Loops": 1,"Index Cond": "((l_shipdate >= '1997-10-01'::date) AND (l_shipdate < '1998-01-01 00:00:00'::timestamp without time zone))"}]}]}]}]}]},"Planning Time": 3.944,"Triggers": [],"Execution Time": 1917.936}]
[{"Plan": {"Node Type": "Merge Join","Parallel Aware": false,"Async Capable": false,"Join Type": "Inner","Startup Cost": 248343.83,"Total Cost": 248864.72,"Plan Rows": 50,"Plan Width": 103,"Actual Startup Time": 1973.395,"Actual Total Time": 1973.462,"Actual Rows": 1,"Actual Loops": 1,"Inner Unique": true,"Merge Cond": "(supplier.s_suppkey = revenue0.supplier_no)","Plans": [{"Node Type": "Aggregate","Strategy": "Plain","Partial Mode": "Simple","Parent Relationship": "InitPlan","Subplan Name": "InitPlan 1 (returns $0)","Parallel Aware": false,"Async Capable": false,"Startup Cost": 124220.85,"Total Cost": 124220.86,"Plan Rows": 1,"Plan Width": 32,"Actual Startup Time": 908.782,"Actual Total Time": 908.807,"Actual Rows": 1,"Actual Loops": 1,"Plans": [{"Node Type": "Aggregate","Strategy": "Hashed","Partial Mode": "Simple","Parent Relationship": "Outer","Parallel Aware": false,"Async Capable": false,"Startup Cost": 123970.67,"Total Cost": 124095.76,"Plan Rows": 10007,"Plan Width": 36,"Actual Startup Time": 900.063,"Actual Total Time": 908.145,"Actual Rows": 10000,"Actual Loops": 1,"Group Key": ["lineitem_1.l_suppkey"],"Planned Partitions": 0,"HashAgg Batches": 1,"Peak Memory Usage": 4497,"Disk Usage": 0,"Plans": [{"Node Type": "Bitmap Heap Scan","Parent Relationship": "Outer","Parallel Aware": false,"Async Capable": false,"Relation Name": "lineitem","Alias": "lineitem_1","Startup Cost": 5811.47,"Total Cost": 121708.19,"Plan Rows": 226248,"Plan Width": 16,"Actual Startup Time": 49.217,"Actual Total Time": 692.336,"Actual Rows": 229039,"Actual Loops": 1,"Recheck Cond": "((l_shipdate >= '1994-06-01'::date) AND (l_shipdate < '1994-09-01 00:00:00'::timestamp without time zone))","Rows Removed by Index Recheck": 0,"Exact Heap Blocks": 67238,"Lossy Heap Blocks": 0,"Plans": [{"Node Type": "Bitmap Index Scan","Parent Relationship": "Outer","Parallel Aware": false,"Async Capable": false,"Index Name": "idx_lineitem_shipdate","Startup Cost": 0.00,"Total Cost": 5754.91,"Plan Rows": 226248,"Plan Width": 0,"Actual Startup Time": 35.633,"Actual Total Time": 35.648,"Actual Rows": 229039,"Actual Loops": 1,"Index Cond": "((l_shipdate >= '1994-06-01'::date) AND (l_shipdate < '1994-09-01 00:00:00'::timestamp without time zone))"}]}]}]},{"Node Type": "Index Scan","Parent Relationship": "Outer","Parallel Aware": false,"Async Capable": false,"Scan Direction": "Forward","Index Name": "supplier_pkey","Relation Name": "supplier","Alias": "supplier","Startup Cost": 0.29,"Total Cost": 495.43,"Plan Rows": 10000,"Plan Width": 71,"Actual Startup Time": 0.121,"Actual Total Time": 12.024,"Actual Rows": 7946,"Actual Loops": 1},{"Node Type": "Sort","Parent Relationship": "Inner","Parallel Aware": false,"Async Capable": false,"Startup Cost": 124122.69,"Total Cost": 124122.81,"Plan Rows": 50,"Plan Width": 36,"Actual Startup Time": 1960.894,"Actual Total Time": 1960.930,"Actual Rows": 1,"Actual Loops": 1,"Sort Key": ["revenue0.supplier_no"],"Sort Method": "quicksort","Sort Space Used": 25,"Sort Space Type": "Memory","Plans": [{"Node Type": "Subquery Scan","Parent Relationship": "Outer","Parallel Aware": false,"Async Capable": false,"Alias": "revenue0","Startup Cost": 123970.67,"Total Cost": 124121.28,"Plan Rows": 50,"Plan Width": 36,"Actual Startup Time": 1956.612,"Actual Total Time": 1960.848,"Actual Rows": 1,"Actual Loops": 1,"Plans": [{"Node Type": "Aggregate","Strategy": "Hashed","Partial Mode": "Simple","Parent Relationship": "Subquery","Parallel Aware": false,"Async Capable": false,"Startup Cost": 123970.67,"Total Cost": 124120.78,"Plan Rows": 50,"Plan Width": 36,"Actual Startup Time": 1956.600,"Actual Total Time": 1960.810,"Actual Rows": 1,"Actual Loops": 1,"Group Key": ["lineitem.l_suppkey"],"Filter": "(sum((lineitem.l_extendedprice * ('1'::numeric - lineitem.l_discount))) = $0)","Planned Partitions": 0,"HashAgg Batches": 1,"Peak Memory Usage": 4497,"Disk Usage": 0,"Rows Removed by Filter": 9999,"Plans": [{"Node Type": "Bitmap Heap Scan","Parent Relationship": "Outer","Parallel Aware": false,"Async Capable": false,"Relation Name": "lineitem","Alias": "lineitem","Startup Cost": 5811.47,"Total Cost": 121708.19,"Plan Rows": 226248,"Plan Width": 16,"Actual Startup Time": 51.748,"Actual Total Time": 872.040,"Actual Rows": 229039,"Actual Loops": 1,"Recheck Cond": "((l_shipdate >= '1994-06-01'::date) AND (l_shipdate < '1994-09-01 00:00:00'::timestamp without time zone))","Rows Removed by Index Recheck": 0,"Exact Heap Blocks": 67238,"Lossy Heap Blocks": 0,"Plans": [{"Node Type": "Bitmap Index Scan","Parent Relationship": "Outer","Parallel Aware": false,"Async Capable": false,"Index Name": "idx_lineitem_shipdate","Startup Cost": 0.00,"Total Cost": 5754.91,"Plan Rows": 226248,"Plan Width": 0,"Actual Startup Time": 38.292,"Actual Total Time": 38.307,"Actual Rows": 229039,"Actual Loops": 1,"Index Cond": "((l_shipdate >= '1994-06-01'::date) AND (l_shipdate < '1994-09-01 00:00:00'::timestamp without time zone))"}]}]}]}]}]},"Planning Time": 5.138,"Triggers": [],"Execution Time": 1979.821}]
[{"Plan": {"Node Type": "Merge Join","Parallel Aware": false,"Async Capable": false,"Join Type": "Inner","Startup Cost": 248643.56,"Total Cost": 249164.46,"Plan Rows": 50,"Plan Width": 103,"Actual Startup Time": 2051.080,"Actual Total Time": 2051.125,"Actual Rows": 1,"Actual Loops": 1,"Inner Unique": true,"Merge Cond": "(supplier.s_suppkey = revenue0.supplier_no)","Plans": [{"Node Type": "Aggregate","Strategy": "Plain","Partial Mode": "Simple","Parent Relationship": "InitPlan","Subplan Name": "InitPlan 1 (returns $0)","Parallel Aware": false,"Async Capable": false,"Startup Cost": 124370.71,"Total Cost": 124370.72,"Plan Rows": 1,"Plan Width": 32,"Actual Startup Time": 925.866,"Actual Total Time": 925.883,"Actual Rows": 1,"Actual Loops": 1,"Plans": [{"Node Type": "Aggregate","Strategy": "Hashed","Partial Mode": "Simple","Parent Relationship": "Outer","Parallel Aware": false,"Async Capable": false,"Startup Cost": 124120.54,"Total Cost": 124245.62,"Plan Rows": 10007,"Plan Width": 36,"Actual Startup Time": 919.658,"Actual Total Time": 925.281,"Actual Rows": 10000,"Actual Loops": 1,"Group Key": ["lineitem_1.l_suppkey"],"Planned Partitions": 0,"HashAgg Batches": 1,"Peak Memory Usage": 4497,"Disk Usage": 0,"Plans": [{"Node Type": "Bitmap Heap Scan","Parent Relationship": "Outer","Parallel Aware": false,"Async Capable": false,"Relation Name": "lineitem","Alias": "lineitem_1","Startup Cost": 5704.94,"Total Cost": 121899.56,"Plan Rows": 222098,"Plan Width": 16,"Actual Startup Time": 58.148,"Actual Total Time": 772.764,"Actual Rows": 223616,"Actual Loops": 1,"Recheck Cond": "((l_shipdate >= '1993-12-01'::date) AND (l_shipdate < '1994-03-01 00:00:00'::timestamp without time zone))","Rows Removed by Index Recheck": 0,"Exact Heap Blocks": 66445,"Lossy Heap Blocks": 0,"Plans": [{"Node Type": "Bitmap Index Scan","Parent Relationship": "Outer","Parallel Aware": false,"Async Capable": false,"Index Name": "idx_lineitem_shipdate","Startup Cost": 0.00,"Total Cost": 5649.41,"Plan Rows": 222098,"Plan Width": 0,"Actual Startup Time": 44.427,"Actual Total Time": 44.430,"Actual Rows": 223616,"Actual Loops": 1,"Index Cond": "((l_shipdate >= '1993-12-01'::date) AND (l_shipdate < '1994-03-01 00:00:00'::timestamp without time zone))"}]}]}]},{"Node Type": "Index Scan","Parent Relationship": "Outer","Parallel Aware": false,"Async Capable": false,"Scan Direction": "Forward","Index Name": "supplier_pkey","Relation Name": "supplier","Alias": "supplier","Startup Cost": 0.29,"Total Cost": 495.43,"Plan Rows": 10000,"Plan Width": 71,"Actual Startup Time": 0.103,"Actual Total Time": 8.477,"Actual Rows": 5450,"Actual Loops": 1},{"Node Type": "Sort","Parent Relationship": "Inner","Parallel Aware": false,"Async Capable": false,"Startup Cost": 124272.55,"Total Cost": 124272.68,"Plan Rows": 50,"Plan Width": 36,"Actual Startup Time": 2042.272,"Actual Total Time": 2042.286,"Actual Rows": 1,"Actual Loops": 1,"Sort Key": ["revenue0.supplier_no"],"Sort Method": "quicksort","Sort Space Used": 25,"Sort Space Type": "Memory","Plans": [{"Node Type": "Subquery Scan","Parent Relationship": "Outer","Parallel Aware": false,"Async Capable": false,"Alias": "revenue0","Startup Cost": 124120.54,"Total Cost": 124271.14,"Plan Rows": 50,"Plan Width": 36,"Actual Startup Time": 2038.275,"Actual Total Time": 2042.231,"Actual Rows": 1,"Actual Loops": 1,"Plans": [{"Node Type": "Aggregate","Strategy": "Hashed","Partial Mode": "Simple","Parent Relationship": "Subquery","Parallel Aware": false,"Async Capable": false,"Startup Cost": 124120.54,"Total Cost": 124270.64,"Plan Rows": 50,"Plan Width": 36,"Actual Startup Time": 2038.266,"Actual Total Time": 2042.216,"Actual Rows": 1,"Actual Loops": 1,"Group Key": ["lineitem.l_suppkey"],"Filter": "(sum((lineitem.l_extendedprice * ('1'::numeric - lineitem.l_discount))) = $0)","Planned Partitions": 0,"HashAgg Batches": 1,"Peak Memory Usage": 4497,"Disk Usage": 0,"Rows Removed by Filter": 9999,"Plans": [{"Node Type": "Bitmap Heap Scan","Parent Relationship": "Outer","Parallel Aware": false,"Async Capable": false,"Relation Name": "lineitem","Alias": "lineitem","Startup Cost": 5704.94,"Total Cost": 121899.56,"Plan Rows": 222098,"Plan Width": 16,"Actual Startup Time": 55.253,"Actual Total Time": 922.575,"Actual Rows": 223616,"Actual Loops": 1,"Recheck Cond": "((l_shipdate >= '1993-12-01'::date) AND (l_shipdate < '1994-03-01 00:00:00'::timestamp without time zone))","Rows Removed by Index Recheck": 0,"Exact Heap Blocks": 66445,"Lossy Heap Blocks": 0,"Plans": [{"Node Type": "Bitmap Index Scan","Parent Relationship": "Outer","Parallel Aware": false,"Async Capable": false,"Index Name": "idx_lineitem_shipdate","Startup Cost": 0.00,"Total Cost": 5649.41,"Plan Rows": 222098,"Plan Width": 0,"Actual Startup Time": 41.648,"Actual Total Time": 41.651,"Actual Rows": 223616,"Actual Loops": 1,"Index Cond": "((l_shipdate >= '1993-12-01'::date) AND (l_shipdate < '1994-03-01 00:00:00'::timestamp without time zone))"}]}]}]}]}]},"Planning Time": 3.986,"Triggers": [],"Execution Time": 2056.157}]
[{"Plan": {"Node Type": "Merge Join","Parallel Aware": false,"Async Capable": false,"Join Type": "Inner","Startup Cost": 249129.82,"Total Cost": 249650.72,"Plan Rows": 50,"Plan Width": 103,"Actual Startup Time": 2040.373,"Actual Total Time": 2040.424,"Actual Rows": 1,"Actual Loops": 1,"Inner Unique": true,"Merge Cond": "(supplier.s_suppkey = revenue0.supplier_no)","Plans": [{"Node Type": "Aggregate","Strategy": "Plain","Partial Mode": "Simple","Parent Relationship": "InitPlan","Subplan Name": "InitPlan 1 (returns $0)","Parallel Aware": false,"Async Capable": false,"Startup Cost": 124613.84,"Total Cost": 124613.85,"Plan Rows": 1,"Plan Width": 32,"Actual Startup Time": 918.752,"Actual Total Time": 918.766,"Actual Rows": 1,"Actual Loops": 1,"Plans": [{"Node Type": "Aggregate","Strategy": "Hashed","Partial Mode": "Simple","Parent Relationship": "Outer","Parallel Aware": false,"Async Capable": false,"Startup Cost": 124363.67,"Total Cost": 124488.76,"Plan Rows": 10007,"Plan Width": 36,"Actual Startup Time": 912.515,"Actual Total Time": 918.159,"Actual Rows": 10000,"Actual Loops": 1,"Group Key": ["lineitem_1.l_suppkey"],"Planned Partitions": 0,"HashAgg Batches": 1,"Peak Memory Usage": 4497,"Disk Usage": 0,"Plans": [{"Node Type": "Bitmap Heap Scan","Parent Relationship": "Outer","Parallel Aware": false,"Async Capable": false,"Relation Name": "lineitem","Alias": "lineitem_1","Startup Cost": 5613.44,"Total Cost": 122177.32,"Plan Rows": 218635,"Plan Width": 16,"Actual Startup Time": 56.617,"Actual Total Time": 768.840,"Actual Rows": 222109,"Actual Loops": 1,"Recheck Cond": "((l_shipdate >= '1993-02-01'::date) AND (l_shipdate < '1993-05-01 00:00:00'::timestamp without time zone))","Rows Removed by Index Recheck": 0,"Exact Heap Blocks": 66260,"Lossy Heap Blocks": 0,"Plans": [{"Node Type": "Bitmap Index Scan","Parent Relationship": "Outer","Parallel Aware": false,"Async Capable": false,"Index Name": "idx_lineitem_shipdate","Startup Cost": 0.00,"Total Cost": 5558.78,"Plan Rows": 218635,"Plan Width": 0,"Actual Startup Time": 43.062,"Actual Total Time": 43.067,"Actual Rows": 222109,"Actual Loops": 1,"Index Cond": "((l_shipdate >= '1993-02-01'::date) AND (l_shipdate < '1993-05-01 00:00:00'::timestamp without time zone))"}]}]}]},{"Node Type": "Index Scan","Parent Relationship": "Outer","Parallel Aware": false,"Async Capable": false,"Scan Direction": "Forward","Index Name": "supplier_pkey","Relation Name": "supplier","Alias": "supplier","Startup Cost": 0.29,"Total Cost": 495.43,"Plan Rows": 10000,"Plan Width": 71,"Actual Startup Time": 0.102,"Actual Total Time": 14.495,"Actual Rows": 9462,"Actual Loops": 1},{"Node Type": "Sort","Parent Relationship": "Inner","Parallel Aware": false,"Async Capable": false,"Startup Cost": 124515.68,"Total Cost": 124515.81,"Plan Rows": 50,"Plan Width": 36,"Actual Startup Time": 2025.337,"Actual Total Time": 2025.356,"Actual Rows": 1,"Actual Loops": 1,"Sort Key": ["revenue0.supplier_no"],"Sort Method": "quicksort","Sort Space Used": 25,"Sort Space Type": "Memory","Plans": [{"Node Type": "Subquery Scan","Parent Relationship": "Outer","Parallel Aware": false,"Async Capable": false,"Alias": "revenue0","Startup Cost": 124363.67,"Total Cost": 124514.27,"Plan Rows": 50,"Plan Width": 36,"Actual Startup Time": 2023.327,"Actual Total Time": 2025.299,"Actual Rows": 1,"Actual Loops": 1,"Plans": [{"Node Type": "Aggregate","Strategy": "Hashed","Partial Mode": "Simple","Parent Relationship": "Subquery","Parallel Aware": false,"Async Capable": false,"Startup Cost": 124363.67,"Total Cost": 124513.77,"Plan Rows": 50,"Plan Width": 36,"Actual Startup Time": 2023.320,"Actual Total Time": 2025.281,"Actual Rows": 1,"Actual Loops": 1,"Group Key": ["lineitem.l_suppkey"],"Filter": "(sum((lineitem.l_extendedprice * ('1'::numeric - lineitem.l_discount))) = $0)","Planned Partitions": 0,"HashAgg Batches": 1,"Peak Memory Usage": 4497,"Disk Usage": 0,"Rows Removed by Filter": 9999,"Plans": [{"Node Type": "Bitmap Heap Scan","Parent Relationship": "Outer","Parallel Aware": false,"Async Capable": false,"Relation Name": "lineitem","Alias": "lineitem","Startup Cost": 5613.44,"Total Cost": 122177.32,"Plan Rows": 218635,"Plan Width": 16,"Actual Startup Time": 53.952,"Actual Total Time": 912.955,"Actual Rows": 222109,"Actual Loops": 1,"Recheck Cond": "((l_shipdate >= '1993-02-01'::date) AND (l_shipdate < '1993-05-01 00:00:00'::timestamp without time zone))","Rows Removed by Index Recheck": 0,"Exact Heap Blocks": 66260,"Lossy Heap Blocks": 0,"Plans": [{"Node Type": "Bitmap Index Scan","Parent Relationship": "Outer","Parallel Aware": false,"Async Capable": false,"Index Name": "idx_lineitem_shipdate","Startup Cost": 0.00,"Total Cost": 5558.78,"Plan Rows": 218635,"Plan Width": 0,"Actual Startup Time": 40.555,"Actual Total Time": 40.556,"Actual Rows": 222109,"Actual Loops": 1,"Index Cond": "((l_shipdate >= '1993-02-01'::date) AND (l_shipdate < '1993-05-01 00:00:00'::timestamp without time zone))"}]}]}]}]}]},"Planning Time": 4.191,"Triggers": [],"Execution Time": 2046.034}]
[{"Plan": {"Node Type": "Merge Join","Parallel Aware": false,"Async Capable": false,"Join Type": "Inner","Startup Cost": 249295.94,"Total Cost": 249816.84,"Plan Rows": 50,"Plan Width": 103,"Actual Startup Time": 2107.893,"Actual Total Time": 2107.941,"Actual Rows": 1,"Actual Loops": 1,"Inner Unique": true,"Merge Cond": "(supplier.s_suppkey = revenue0.supplier_no)","Plans": [{"Node Type": "Aggregate","Strategy": "Plain","Partial Mode": "Simple","Parent Relationship": "InitPlan","Subplan Name": "InitPlan 1 (returns $0)","Parallel Aware": false,"Async Capable": false,"Startup Cost": 124696.90,"Total Cost": 124696.91,"Plan Rows": 1,"Plan Width": 32,"Actual Startup Time": 955.446,"Actual Total Time": 955.454,"Actual Rows": 1,"Actual Loops": 1,"Plans": [{"Node Type": "Aggregate","Strategy": "Hashed","Partial Mode": "Simple","Parent Relationship": "Outer","Parallel Aware": false,"Async Capable": false,"Startup Cost": 124446.73,"Total Cost": 124571.81,"Plan Rows": 10007,"Plan Width": 36,"Actual Startup Time": 947.982,"Actual Total Time": 954.846,"Actual Rows": 10000,"Actual Loops": 1,"Group Key": ["lineitem_1.l_suppkey"],"Planned Partitions": 0,"HashAgg Batches": 1,"Peak Memory Usage": 4497,"Disk Usage": 0,"Plans": [{"Node Type": "Bitmap Heap Scan","Parent Relationship": "Outer","Parallel Aware": false,"Async Capable": false,"Relation Name": "lineitem","Alias": "lineitem_1","Startup Cost": 6052.03,"Total Cost": 122090.05,"Plan Rows": 235668,"Plan Width": 16,"Actual Startup Time": 70.238,"Actual Total Time": 801.015,"Actual Rows": 228673,"Actual Loops": 1,"Recheck Cond": "((l_shipdate >= '1996-09-01'::date) AND (l_shipdate < '1996-12-01 00:00:00'::timestamp without time zone))","Rows Removed by Index Recheck": 0,"Exact Heap Blocks": 67144,"Lossy Heap Blocks": 0,"Plans": [{"Node Type": "Bitmap Index Scan","Parent Relationship": "Outer","Parallel Aware": false,"Async Capable": false,"Index Name": "idx_lineitem_shipdate","Startup Cost": 0.00,"Total Cost": 5993.11,"Plan Rows": 235668,"Plan Width": 0,"Actual Startup Time": 56.242,"Actual Total Time": 56.247,"Actual Rows": 228673,"Actual Loops": 1,"Index Cond": "((l_shipdate >= '1996-09-01'::date) AND (l_shipdate < '1996-12-01 00:00:00'::timestamp without time zone))"}]}]}]},{"Node Type": "Index Scan","Parent Relationship": "Outer","Parallel Aware": false,"Async Capable": false,"Scan Direction": "Forward","Index Name": "supplier_pkey","Relation Name": "supplier","Alias": "supplier","Startup Cost": 0.29,"Total Cost": 495.43,"Plan Rows": 10000,"Plan Width": 71,"Actual Startup Time": 0.093,"Actual Total Time": 7.858,"Actual Rows": 4994,"Actual Loops": 1},{"Node Type": "Sort","Parent Relationship": "Inner","Parallel Aware": false,"Async Capable": false,"Startup Cost": 124598.74,"Total Cost": 124598.87,"Plan Rows": 50,"Plan Width": 36,"Actual Startup Time": 2099.718,"Actual Total Time": 2099.739,"Actual Rows": 1,"Actual Loops": 1,"Sort Key": ["revenue0.supplier_no"],"Sort Method": "quicksort","Sort Space Used": 25,"Sort Space Type": "Memory","Plans": [{"Node Type": "Subquery Scan","Parent Relationship": "Outer","Parallel Aware": false,"Async Capable": false,"Alias": "revenue0","Startup Cost": 124446.73,"Total Cost": 124597.33,"Plan Rows": 50,"Plan Width": 36,"Actual Startup Time": 2069.111,"Actual Total Time": 2099.684,"Actual Rows": 1,"Actual Loops": 1,"Plans": [{"Node Type": "Aggregate","Strategy": "Hashed","Partial Mode": "Simple","Parent Relationship": "Subquery","Parallel Aware": false,"Async Capable": false,"Startup Cost": 124446.73,"Total Cost": 124596.83,"Plan Rows": 50,"Plan Width": 36,"Actual Startup Time": 2069.102,"Actual Total Time": 2099.662,"Actual Rows": 1,"Actual Loops": 1,"Group Key": ["lineitem.l_suppkey"],"Filter": "(sum((lineitem.l_extendedprice * ('1'::numeric - lineitem.l_discount))) = $0)","Planned Partitions": 0,"HashAgg Batches": 1,"Peak Memory Usage": 4497,"Disk Usage": 0,"Rows Removed by Filter": 9999,"Plans": [{"Node Type": "Bitmap Heap Scan","Parent Relationship": "Outer","Parallel Aware": false,"Async Capable": false,"Relation Name": "lineitem","Alias": "lineitem","Startup Cost": 6052.03,"Total Cost": 122090.05,"Plan Rows": 235668,"Plan Width": 16,"Actual Startup Time": 68.656,"Actual Total Time": 947.522,"Actual Rows": 228673,"Actual Loops": 1,"Recheck Cond": "((l_shipdate >= '1996-09-01'::date) AND (l_shipdate < '1996-12-01 00:00:00'::timestamp without time zone))","Rows Removed by Index Recheck": 0,"Exact Heap Blocks": 67144,"Lossy Heap Blocks": 0,"Plans": [{"Node Type": "Bitmap Index Scan","Parent Relationship": "Outer","Parallel Aware": false,"Async Capable": false,"Index Name": "idx_lineitem_shipdate","Startup Cost": 0.00,"Total Cost": 5993.11,"Plan Rows": 235668,"Plan Width": 0,"Actual Startup Time": 54.893,"Actual Total Time": 54.895,"Actual Rows": 228673,"Actual Loops": 1,"Index Cond": "((l_shipdate >= '1996-09-01'::date) AND (l_shipdate < '1996-12-01 00:00:00'::timestamp without time zone))"}]}]}]}]}]},"Planning Time": 5.183,"Triggers": [],"Execution Time": 2113.434}]
[{"Plan": {"Node Type": "Merge Join","Parallel Aware": false,"Async Capable": false,"Join Type": "Inner","Startup Cost": 249457.74,"Total Cost": 249978.63,"Plan Rows": 50,"Plan Width": 103,"Actual Startup Time": 2127.109,"Actual Total Time": 2127.171,"Actual Rows": 1,"Actual Loops": 1,"Inner Unique": true,"Merge Cond": "(supplier.s_suppkey = revenue0.supplier_no)","Plans": [{"Node Type": "Aggregate","Strategy": "Plain","Partial Mode": "Simple","Parent Relationship": "InitPlan","Subplan Name": "InitPlan 1 (returns $0)","Parallel Aware": false,"Async Capable": false,"Startup Cost": 124777.80,"Total Cost": 124777.81,"Plan Rows": 1,"Plan Width": 32,"Actual Startup Time": 997.906,"Actual Total Time": 997.926,"Actual Rows": 1,"Actual Loops": 1,"Plans": [{"Node Type": "Aggregate","Strategy": "Hashed","Partial Mode": "Simple","Parent Relationship": "Outer","Parallel Aware": false,"Async Capable": false,"Startup Cost": 124527.62,"Total Cost": 124652.71,"Plan Rows": 10007,"Plan Width": 36,"Actual Startup Time": 989.617,"Actual Total Time": 997.244,"Actual Rows": 10000,"Actual Loops": 1,"Group Key": ["lineitem_1.l_suppkey"],"Planned Partitions": 0,"HashAgg Batches": 1,"Peak Memory Usage": 4497,"Disk Usage": 0,"Plans": [{"Node Type": "Bitmap Heap Scan","Parent Relationship": "Outer","Parallel Aware": false,"Async Capable": false,"Relation Name": "lineitem","Alias": "lineitem_1","Startup Cost": 6092.57,"Total Cost": 122154.80,"Plan Rows": 237282,"Plan Width": 16,"Actual Startup Time": 59.269,"Actual Total Time": 782.096,"Actual Rows": 230274,"Actual Loops": 1,"Recheck Cond": "((l_shipdate >= '1997-07-01'::date) AND (l_shipdate < '1997-10-01 00:00:00'::timestamp without time zone))","Rows Removed by Index Recheck": 0,"Exact Heap Blocks": 67274,"Lossy Heap Blocks": 0,"Plans": [{"Node Type": "Bitmap Index Scan","Parent Relationship": "Outer","Parallel Aware": false,"Async Capable": false,"Index Name": "idx_lineitem_shipdate","Startup Cost": 0.00,"Total Cost": 6033.25,"Plan Rows": 237282,"Plan Width": 0,"Actual Startup Time": 45.354,"Actual Total Time": 45.368,"Actual Rows": 230274,"Actual Loops": 1,"Index Cond": "((l_shipdate >= '1997-07-01'::date) AND (l_shipdate < '1997-10-01 00:00:00'::timestamp without time zone))"}]}]}]},{"Node Type": "Index Scan","Parent Relationship": "Outer","Parallel Aware": false,"Async Capable": false,"Scan Direction": "Forward","Index Name": "supplier_pkey","Relation Name": "supplier","Alias": "supplier","Startup Cost": 0.29,"Total Cost": 495.43,"Plan Rows": 10000,"Plan Width": 71,"Actual Startup Time": 0.082,"Actual Total Time": 9.953,"Actual Rows": 5903,"Actual Loops": 1},{"Node Type": "Sort","Parent Relationship": "Inner","Parallel Aware": false,"Async Capable": false,"Startup Cost": 124679.64,"Total Cost": 124679.77,"Plan Rows": 50,"Plan Width": 36,"Actual Startup Time": 2116.784,"Actual Total Time": 2116.821,"Actual Rows": 1,"Actual Loops": 1,"Sort Key": ["revenue0.supplier_no"],"Sort Method": "quicksort","Sort Space Used": 25,"Sort Space Type": "Memory","Plans": [{"Node Type": "Subquery Scan","Parent Relationship": "Outer","Parallel Aware": false,"Async Capable": false,"Alias": "revenue0","Startup Cost": 124527.62,"Total Cost": 124678.23,"Plan Rows": 50,"Plan Width": 36,"Actual Startup Time": 2113.870,"Actual Total Time": 2116.736,"Actual Rows": 1,"Actual Loops": 1,"Plans": [{"Node Type": "Aggregate","Strategy": "Hashed","Partial Mode": "Simple","Parent Relationship": "Subquery","Parallel Aware": false,"Async Capable": false,"Startup Cost": 124527.62,"Total Cost": 124677.73,"Plan Rows": 50,"Plan Width": 36,"Actual Startup Time": 2113.854,"Actual Total Time": 2116.701,"Actual Rows": 1,"Actual Loops": 1,"Group Key": ["lineitem.l_suppkey"],"Filter": "(sum((lineitem.l_extendedprice * ('1'::numeric - lineitem.l_discount))) = $0)","Planned Partitions": 0,"HashAgg Batches": 1,"Peak Memory Usage": 4497,"Disk Usage": 0,"Rows Removed by Filter": 9999,"Plans": [{"Node Type": "Bitmap Heap Scan","Parent Relationship": "Outer","Parallel Aware": false,"Async Capable": false,"Relation Name": "lineitem","Alias": "lineitem","Startup Cost": 6092.57,"Total Cost": 122154.80,"Plan Rows": 237282,"Plan Width": 16,"Actual Startup Time": 54.610,"Actual Total Time": 936.260,"Actual Rows": 230274,"Actual Loops": 1,"Recheck Cond": "((l_shipdate >= '1997-07-01'::date) AND (l_shipdate < '1997-10-01 00:00:00'::timestamp without time zone))","Rows Removed by Index Recheck": 0,"Exact Heap Blocks": 67274,"Lossy Heap Blocks": 0,"Plans": [{"Node Type": "Bitmap Index Scan","Parent Relationship": "Outer","Parallel Aware": false,"Async Capable": false,"Index Name": "idx_lineitem_shipdate","Startup Cost": 0.00,"Total Cost": 6033.25,"Plan Rows": 237282,"Plan Width": 0,"Actual Startup Time": 40.982,"Actual Total Time": 41.009,"Actual Rows": 230274,"Actual Loops": 1,"Index Cond": "((l_shipdate >= '1997-07-01'::date) AND (l_shipdate < '1997-10-01 00:00:00'::timestamp without time zone))"}]}]}]}]}]},"Planning Time": 4.364,"Triggers": [],"Execution Time": 2132.001}]
[{"Plan": {"Node Type": "Merge Join","Parallel Aware": false,"Async Capable": false,"Join Type": "Inner","Startup Cost": 248524.21,"Total Cost": 249045.10,"Plan Rows": 50,"Plan Width": 103,"Actual Startup Time": 2079.423,"Actual Total Time": 2079.492,"Actual Rows": 1,"Actual Loops": 1,"Inner Unique": true,"Merge Cond": "(supplier.s_suppkey = revenue0.supplier_no)","Plans": [{"Node Type": "Aggregate","Strategy": "Plain","Partial Mode": "Simple","Parent Relationship": "InitPlan","Subplan Name": "InitPlan 1 (returns $0)","Parallel Aware": false,"Async Capable": false,"Startup Cost": 124311.04,"Total Cost": 124311.05,"Plan Rows": 1,"Plan Width": 32,"Actual Startup Time": 980.693,"Actual Total Time": 980.722,"Actual Rows": 1,"Actual Loops": 1,"Plans": [{"Node Type": "Aggregate","Strategy": "Hashed","Partial Mode": "Simple","Parent Relationship": "Outer","Parallel Aware": false,"Async Capable": false,"Startup Cost": 124060.86,"Total Cost": 124185.95,"Plan Rows": 10007,"Plan Width": 36,"Actual Startup Time": 972.593,"Actual Total Time": 980.068,"Actual Rows": 10000,"Actual Loops": 1,"Group Key": ["lineitem_1.l_suppkey"],"Planned Partitions": 0,"HashAgg Batches": 1,"Peak Memory Usage": 4497,"Disk Usage": 0,"Plans": [{"Node Type": "Bitmap Heap Scan","Parent Relationship": "Outer","Parallel Aware": false,"Async Capable": false,"Relation Name": "lineitem","Alias": "lineitem_1","Startup Cost": 5725.29,"Total Cost": 121831.73,"Plan Rows": 222913,"Plan Width": 16,"Actual Startup Time": 57.312,"Actual Total Time": 766.290,"Actual Rows": 222566,"Actual Loops": 1,"Recheck Cond": "((l_shipdate >= '1994-02-01'::date) AND (l_shipdate < '1994-05-01 00:00:00'::timestamp without time zone))","Rows Removed by Index Recheck": 0,"Exact Heap Blocks": 66315,"Lossy Heap Blocks": 0,"Plans": [{"Node Type": "Bitmap Index Scan","Parent Relationship": "Outer","Parallel Aware": false,"Async Capable": false,"Index Name": "idx_lineitem_shipdate","Startup Cost": 0.00,"Total Cost": 5669.56,"Plan Rows": 222913,"Plan Width": 0,"Actual Startup Time": 43.664,"Actual Total Time": 43.688,"Actual Rows": 222566,"Actual Loops": 1,"Index Cond": "((l_shipdate >= '1994-02-01'::date) AND (l_shipdate < '1994-05-01 00:00:00'::timestamp without time zone))"}]}]}]},{"Node Type": "Index Scan","Parent Relationship": "Outer","Parallel Aware": false,"Async Capable": false,"Scan Direction": "Forward","Index Name": "supplier_pkey","Relation Name": "supplier","Alias": "supplier","Startup Cost": 0.29,"Total Cost": 495.43,"Plan Rows": 10000,"Plan Width": 71,"Actual Startup Time": 0.097,"Actual Total Time": 2.547,"Actual Rows": 1344,"Actual Loops": 1},{"Node Type": "Sort","Parent Relationship": "Inner","Parallel Aware": false,"Async Capable": false,"Startup Cost": 124212.88,"Total Cost": 124213.00,"Plan Rows": 50,"Plan Width": 36,"Actual Startup Time": 2076.735,"Actual Total Time": 2076.768,"Actual Rows": 1,"Actual Loops": 1,"Sort Key": ["revenue0.supplier_no"],"Sort Method": "quicksort","Sort Space Used": 25,"Sort Space Type": "Memory","Plans": [{"Node Type": "Subquery Scan","Parent Relationship": "Outer","Parallel Aware": false,"Async Capable": false,"Alias": "revenue0","Startup Cost": 124060.86,"Total Cost": 124211.47,"Plan Rows": 50,"Plan Width": 36,"Actual Startup Time": 2071.927,"Actual Total Time": 2076.661,"Actual Rows": 1,"Actual Loops": 1,"Plans": [{"Node Type": "Aggregate","Strategy": "Hashed","Partial Mode": "Simple","Parent Relationship": "Subquery","Parallel Aware": false,"Async Capable": false,"Startup Cost": 124060.86,"Total Cost": 124210.97,"Plan Rows": 50,"Plan Width": 36,"Actual Startup Time": 2071.917,"Actual Total Time": 2076.627,"Actual Rows": 1,"Actual Loops": 1,"Group Key": ["lineitem.l_suppkey"],"Filter": "(sum((lineitem.l_extendedprice * ('1'::numeric - lineitem.l_discount))) = $0)","Planned Partitions": 0,"HashAgg Batches": 1,"Peak Memory Usage": 4497,"Disk Usage": 0,"Rows Removed by Filter": 9999,"Plans": [{"Node Type": "Bitmap Heap Scan","Parent Relationship": "Outer","Parallel Aware": false,"Async Capable": false,"Relation Name": "lineitem","Alias": "lineitem","Startup Cost": 5725.29,"Total Cost": 121831.73,"Plan Rows": 222913,"Plan Width": 16,"Actual Startup Time": 54.472,"Actual Total Time": 918.417,"Actual Rows": 222566,"Actual Loops": 1,"Recheck Cond": "((l_shipdate >= '1994-02-01'::date) AND (l_shipdate < '1994-05-01 00:00:00'::timestamp without time zone))","Rows Removed by Index Recheck": 0,"Exact Heap Blocks": 66315,"Lossy Heap Blocks": 0,"Plans": [{"Node Type": "Bitmap Index Scan","Parent Relationship": "Outer","Parallel Aware": false,"Async Capable": false,"Index Name": "idx_lineitem_shipdate","Startup Cost": 0.00,"Total Cost": 5669.56,"Plan Rows": 222913,"Plan Width": 0,"Actual Startup Time": 40.835,"Actual Total Time": 40.850,"Actual Rows": 222566,"Actual Loops": 1,"Index Cond": "((l_shipdate >= '1994-02-01'::date) AND (l_shipdate < '1994-05-01 00:00:00'::timestamp without time zone))"}]}]}]}]}]},"Planning Time": 4.834,"Triggers": [],"Execution Time": 2084.411}]
[{"Plan": {"Node Type": "Merge Join","Parallel Aware": false,"Async Capable": false,"Join Type": "Inner","Startup Cost": 248396.78,"Total Cost": 248917.68,"Plan Rows": 50,"Plan Width": 103,"Actual Startup Time": 2095.850,"Actual Total Time": 2095.890,"Actual Rows": 1,"Actual Loops": 1,"Inner Unique": true,"Merge Cond": "(supplier.s_suppkey = revenue0.supplier_no)","Plans": [{"Node Type": "Aggregate","Strategy": "Plain","Partial Mode": "Simple","Parent Relationship": "InitPlan","Subplan Name": "InitPlan 1 (returns $0)","Parallel Aware": false,"Async Capable": false,"Startup Cost": 124247.32,"Total Cost": 124247.33,"Plan Rows": 1,"Plan Width": 32,"Actual Startup Time": 948.091,"Actual Total Time": 948.105,"Actual Rows": 1,"Actual Loops": 1,"Plans": [{"Node Type": "Aggregate","Strategy": "Hashed","Partial Mode": "Simple","Parent Relationship": "Outer","Parallel Aware": false,"Async Capable": false,"Startup Cost": 123997.15,"Total Cost": 124122.24,"Plan Rows": 10007,"Plan Width": 36,"Actual Startup Time": 942.301,"Actual Total Time": 947.490,"Actual Rows": 10000,"Actual Loops": 1,"Group Key": ["lineitem_1.l_suppkey"],"Planned Partitions": 0,"HashAgg Batches": 1,"Peak Memory Usage": 4497,"Disk Usage": 0,"Plans": [{"Node Type": "Bitmap Heap Scan","Parent Relationship": "Outer","Parallel Aware": false,"Async Capable": false,"Relation Name": "lineitem","Alias": "lineitem_1","Startup Cost": 5824.85,"Total Cost": 121729.43,"Plan Rows": 226772,"Plan Width": 16,"Actual Startup Time": 65.919,"Actual Total Time": 796.903,"Actual Rows": 228852,"Actual Loops": 1,"Recheck Cond": "((l_shipdate >= '1995-09-01'::date) AND (l_shipdate < '1995-12-01 00:00:00'::timestamp without time zone))","Rows Removed by Index Recheck": 0,"Exact Heap Blocks": 67143,"Lossy Heap Blocks": 0,"Plans": [{"Node Type": "Bitmap Index Scan","Parent Relationship": "Outer","Parallel Aware": false,"Async Capable": false,"Index Name": "idx_lineitem_shipdate","Startup Cost": 0.00,"Total Cost": 5768.15,"Plan Rows": 226772,"Plan Width": 0,"Actual Startup Time": 51.856,"Actual Total Time": 51.860,"Actual Rows": 228852,"Actual Loops": 1,"Index Cond": "((l_shipdate >= '1995-09-01'::date) AND (l_shipdate < '1995-12-01 00:00:00'::timestamp without time zone))"}]}]}]},{"Node Type": "Index Scan","Parent Relationship": "Outer","Parallel Aware": false,"Async Capable": false,"Scan Direction": "Forward","Index Name": "supplier_pkey","Relation Name": "supplier","Alias": "supplier","Startup Cost": 0.29,"Total Cost": 495.43,"Plan Rows": 10000,"Plan Width": 71,"Actual Startup Time": 0.115,"Actual Total Time": 10.908,"Actual Rows": 6981,"Actual Loops": 1},{"Node Type": "Sort","Parent Relationship": "Inner","Parallel Aware": false,"Async Capable": false,"Startup Cost": 124149.17,"Total Cost": 124149.29,"Plan Rows": 50,"Plan Width": 36,"Actual Startup Time": 2084.538,"Actual Total Time": 2084.549,"Actual Rows": 1,"Actual Loops": 1,"Sort Key": ["revenue0.supplier_no"],"Sort Method": "quicksort","Sort Space Used": 25,"Sort Space Type": "Memory","Plans": [{"Node Type": "Subquery Scan","Parent Relationship": "Outer","Parallel Aware": false,"Async Capable": false,"Alias": "revenue0","Startup Cost": 123997.15,"Total Cost": 124147.75,"Plan Rows": 50,"Plan Width": 36,"Actual Startup Time": 2063.527,"Actual Total Time": 2084.498,"Actual Rows": 1,"Actual Loops": 1,"Plans": [{"Node Type": "Aggregate","Strategy": "Hashed","Partial Mode": "Simple","Parent Relationship": "Subquery","Parallel Aware": false,"Async Capable": false,"Startup Cost": 123997.15,"Total Cost": 124147.25,"Plan Rows": 50,"Plan Width": 36,"Actual Startup Time": 2063.519,"Actual Total Time": 2084.488,"Actual Rows": 1,"Actual Loops": 1,"Group Key": ["lineitem.l_suppkey"],"Filter": "(sum((lineitem.l_extendedprice * ('1'::numeric - lineitem.l_discount))) = $0)","Planned Partitions": 0,"HashAgg Batches": 1,"Peak Memory Usage": 4497,"Disk Usage": 0,"Rows Removed by Filter": 9999,"Plans": [{"Node Type": "Bitmap Heap Scan","Parent Relationship": "Outer","Parallel Aware": false,"Async Capable": false,"Relation Name": "lineitem","Alias": "lineitem","Startup Cost": 5824.85,"Total Cost": 121729.43,"Plan Rows": 226772,"Plan Width": 16,"Actual Startup Time": 62.224,"Actual Total Time": 938.636,"Actual Rows": 228852,"Actual Loops": 1,"Recheck Cond": "((l_shipdate >= '1995-09-01'::date) AND (l_shipdate < '1995-12-01 00:00:00'::timestamp without time zone))","Rows Removed by Index Recheck": 0,"Exact Heap Blocks": 67143,"Lossy Heap Blocks": 0,"Plans": [{"Node Type": "Bitmap Index Scan","Parent Relationship": "Outer","Parallel Aware": false,"Async Capable": false,"Index Name": "idx_lineitem_shipdate","Startup Cost": 0.00,"Total Cost": 5768.15,"Plan Rows": 226772,"Plan Width": 0,"Actual Startup Time": 48.458,"Actual Total Time": 48.459,"Actual Rows": 228852,"Actual Loops": 1,"Index Cond": "((l_shipdate >= '1995-09-01'::date) AND (l_shipdate < '1995-12-01 00:00:00'::timestamp without time zone))"}]}]}]}]}]},"Planning Time": 4.958,"Triggers": [],"Execution Time": 2102.199}]
[{"Plan": {"Node Type": "Merge Join","Parallel Aware": false,"Async Capable": false,"Join Type": "Inner","Startup Cost": 248716.76,"Total Cost": 249237.66,"Plan Rows": 50,"Plan Width": 103,"Actual Startup Time": 1990.692,"Actual Total Time": 1990.747,"Actual Rows": 1,"Actual Loops": 1,"Inner Unique": true,"Merge Cond": "(supplier.s_suppkey = revenue0.supplier_no)","Plans": [{"Node Type": "Aggregate","Strategy": "Plain","Partial Mode": "Simple","Parent Relationship": "InitPlan","Subplan Name": "InitPlan 1 (returns $0)","Parallel Aware": false,"Async Capable": false,"Startup Cost": 124407.31,"Total Cost": 124407.32,"Plan Rows": 1,"Plan Width": 32,"Actual Startup Time": 912.658,"Actual Total Time": 912.682,"Actual Rows": 1,"Actual Loops": 1,"Plans": [{"Node Type": "Aggregate","Strategy": "Hashed","Partial Mode": "Simple","Parent Relationship": "Outer","Parallel Aware": false,"Async Capable": false,"Startup Cost": 124157.14,"Total Cost": 124282.22,"Plan Rows": 10007,"Plan Width": 36,"Actual Startup Time": 906.053,"Actual Total Time": 912.012,"Actual Rows": 10000,"Actual Loops": 1,"Group Key": ["lineitem_1.l_suppkey"],"Planned Partitions": 0,"HashAgg Batches": 1,"Peak Memory Usage": 4497,"Disk Usage": 0,"Plans": [{"Node Type": "Bitmap Heap Scan","Parent Relationship": "Outer","Parallel Aware": false,"Async Capable": false,"Relation Name": "lineitem","Alias": "lineitem_1","Startup Cost": 5905.41,"Total Cost": 121857.64,"Plan Rows": 229949,"Plan Width": 16,"Actual Startup Time": 50.167,"Actual Total Time": 694.084,"Actual Rows": 228979,"Actual Loops": 1,"Recheck Cond": "((l_shipdate >= '1995-04-01'::date) AND (l_shipdate < '1995-07-01 00:00:00'::timestamp without time zone))","Rows Removed by Index Recheck": 0,"Exact Heap Blocks": 67322,"Lossy Heap Blocks": 0,"Plans": [{"Node Type": "Bitmap Index Scan","Parent Relationship": "Outer","Parallel Aware": false,"Async Capable": false,"Index Name": "idx_lineitem_shipdate","Startup Cost": 0.00,"Total Cost": 5847.92,"Plan Rows": 229949,"Plan Width": 0,"Actual Startup Time": 36.579,"Actual Total Time": 36.594,"Actual Rows": 228979,"Actual Loops": 1,"Index Cond": "((l_shipdate >= '1995-04-01'::date) AND (l_shipdate < '1995-07-01 00:00:00'::timestamp without time zone))"}]}]}]},{"Node Type": "Index Scan","Parent Relationship": "Outer","Parallel Aware": false,"Async Capable": false,"Scan Direction": "Forward","Index Name": "supplier_pkey","Relation Name": "supplier","Alias": "supplier","Startup Cost": 0.29,"Total Cost": 495.43,"Plan Rows": 10000,"Plan Width": 71,"Actual Startup Time": 0.097,"Actual Total Time": 1.843,"Actual Rows": 983,"Actual Loops": 1},{"Node Type": "Sort","Parent Relationship": "Inner","Parallel Aware": false,"Async Capable": false,"Startup Cost": 124309.15,"Total Cost": 124309.28,"Plan Rows": 50,"Plan Width": 36,"Actual Startup Time": 1988.729,"Actual Total Time": 1988.742,"Actual Rows": 1,"Actual Loops": 1,"Sort Key": ["revenue0.supplier_no"],"Sort Method": "quicksort","Sort Space Used": 25,"Sort Space Type": "Memory","Plans": [{"Node Type": "Subquery Scan","Parent Relationship": "Outer","Parallel Aware": false,"Async Capable": false,"Alias": "revenue0","Startup Cost": 124157.14,"Total Cost": 124307.74,"Plan Rows": 50,"Plan Width": 36,"Actual Startup Time": 1987.287,"Actual Total Time": 1988.674,"Actual Rows": 1,"Actual Loops": 1,"Plans": [{"Node Type": "Aggregate","Strategy": "Hashed","Partial Mode": "Simple","Parent Relationship": "Subquery","Parallel Aware": false,"Async Capable": false,"Startup Cost": 124157.14,"Total Cost": 124307.24,"Plan Rows": 50,"Plan Width": 36,"Actual Startup Time": 1987.273,"Actual Total Time": 1988.637,"Actual Rows": 1,"Actual Loops": 1,"Group Key": ["lineitem.l_suppkey"],"Filter": "(sum((lineitem.l_extendedprice * ('1'::numeric - lineitem.l_discount))) = $0)","Planned Partitions": 0,"HashAgg Batches": 1,"Peak Memory Usage": 4497,"Disk Usage": 0,"Rows Removed by Filter": 9999,"Plans": [{"Node Type": "Bitmap Heap Scan","Parent Relationship": "Outer","Parallel Aware": false,"Async Capable": false,"Relation Name": "lineitem","Alias": "lineitem","Startup Cost": 5905.41,"Total Cost": 121857.64,"Plan Rows": 229949,"Plan Width": 16,"Actual Startup Time": 50.252,"Actual Total Time": 888.847,"Actual Rows": 228979,"Actual Loops": 1,"Recheck Cond": "((l_shipdate >= '1995-04-01'::date) AND (l_shipdate < '1995-07-01 00:00:00'::timestamp without time zone))","Rows Removed by Index Recheck": 0,"Exact Heap Blocks": 67322,"Lossy Heap Blocks": 0,"Plans": [{"Node Type": "Bitmap Index Scan","Parent Relationship": "Outer","Parallel Aware": false,"Async Capable": false,"Index Name": "idx_lineitem_shipdate","Startup Cost": 0.00,"Total Cost": 5847.92,"Plan Rows": 229949,"Plan Width": 0,"Actual Startup Time": 36.820,"Actual Total Time": 36.820,"Actual Rows": 228979,"Actual Loops": 1,"Index Cond": "((l_shipdate >= '1995-04-01'::date) AND (l_shipdate < '1995-07-01 00:00:00'::timestamp without time zone))"}]}]}]}]}]},"Planning Time": 4.044,"Triggers": [],"Execution Time": 1996.677}]
[{"Plan": {"Node Type": "Merge Join","Parallel Aware": false,"Async Capable": false,"Join Type": "Inner","Startup Cost": 248343.83,"Total Cost": 248864.72,"Plan Rows": 50,"Plan Width": 103,"Actual Startup Time": 1973.395,"Actual Total Time": 1973.462,"Actual Rows": 1,"Actual Loops": 1,"Inner Unique": true,"Merge Cond": "(supplier.s_suppkey = revenue0.supplier_no)","Plans": [{"Node Type": "Aggregate","Strategy": "Plain","Partial Mode": "Simple","Parent Relationship": "InitPlan","Subplan Name": "InitPlan 1 (returns $0)","Parallel Aware": false,"Async Capable": false,"Startup Cost": 124220.85,"Total Cost": 124220.86,"Plan Rows": 1,"Plan Width": 32,"Actual Startup Time": 908.782,"Actual Total Time": 908.807,"Actual Rows": 1,"Actual Loops": 1,"Plans": [{"Node Type": "Aggregate","Strategy": "Hashed","Partial Mode": "Simple","Parent Relationship": "Outer","Parallel Aware": false,"Async Capable": false,"Startup Cost": 123970.67,"Total Cost": 124095.76,"Plan Rows": 10007,"Plan Width": 36,"Actual Startup Time": 900.063,"Actual Total Time": 908.145,"Actual Rows": 10000,"Actual Loops": 1,"Group Key": ["lineitem_1.l_suppkey"],"Planned Partitions": 0,"HashAgg Batches": 1,"Peak Memory Usage": 4497,"Disk Usage": 0,"Plans": [{"Node Type": "Bitmap Heap Scan","Parent Relationship": "Outer","Parallel Aware": false,"Async Capable": false,"Relation Name": "lineitem","Alias": "lineitem_1","Startup Cost": 5811.47,"Total Cost": 121708.19,"Plan Rows": 226248,"Plan Width": 16,"Actual Startup Time": 49.217,"Actual Total Time": 692.336,"Actual Rows": 229039,"Actual Loops": 1,"Recheck Cond": "((l_shipdate >= '1994-06-01'::date) AND (l_shipdate < '1994-09-01 00:00:00'::timestamp without time zone))","Rows Removed by Index Recheck": 0,"Exact Heap Blocks": 67238,"Lossy Heap Blocks": 0,"Plans": [{"Node Type": "Bitmap Index Scan","Parent Relationship": "Outer","Parallel Aware": false,"Async Capable": false,"Index Name": "idx_lineitem_shipdate","Startup Cost": 0.00,"Total Cost": 5754.91,"Plan Rows": 226248,"Plan Width": 0,"Actual Startup Time": 35.633,"Actual Total Time": 35.648,"Actual Rows": 229039,"Actual Loops": 1,"Index Cond": "((l_shipdate >= '1994-06-01'::date) AND (l_shipdate < '1994-09-01 00:00:00'::timestamp without time zone))"}]}]}]},{"Node Type": "Index Scan","Parent Relationship": "Outer","Parallel Aware": false,"Async Capable": false,"Scan Direction": "Forward","Index Name": "supplier_pkey","Relation Name": "supplier","Alias": "supplier","Startup Cost": 0.29,"Total Cost": 495.43,"Plan Rows": 10000,"Plan Width": 71,"Actual Startup Time": 0.121,"Actual Total Time": 12.024,"Actual Rows": 7946,"Actual Loops": 1},{"Node Type": "Sort","Parent Relationship": "Inner","Parallel Aware": false,"Async Capable": false,"Startup Cost": 124122.69,"Total Cost": 124122.81,"Plan Rows": 50,"Plan Width": 36,"Actual Startup Time": 1960.894,"Actual Total Time": 1960.930,"Actual Rows": 1,"Actual Loops": 1,"Sort Key": ["revenue0.supplier_no"],"Sort Method": "quicksort","Sort Space Used": 25,"Sort Space Type": "Memory","Plans": [{"Node Type": "Subquery Scan","Parent Relationship": "Outer","Parallel Aware": false,"Async Capable": false,"Alias": "revenue0","Startup Cost": 123970.67,"Total Cost": 124121.28,"Plan Rows": 50,"Plan Width": 36,"Actual Startup Time": 1956.612,"Actual Total Time": 1960.848,"Actual Rows": 1,"Actual Loops": 1,"Plans": [{"Node Type": "Aggregate","Strategy": "Hashed","Partial Mode": "Simple","Parent Relationship": "Subquery","Parallel Aware": false,"Async Capable": false,"Startup Cost": 123970.67,"Total Cost": 124120.78,"Plan Rows": 50,"Plan Width": 36,"Actual Startup Time": 1956.600,"Actual Total Time": 1960.810,"Actual Rows": 1,"Actual Loops": 1,"Group Key": ["lineitem.l_suppkey"],"Filter": "(sum((lineitem.l_extendedprice * ('1'::numeric - lineitem.l_discount))) = $0)","Planned Partitions": 0,"HashAgg Batches": 1,"Peak Memory Usage": 4497,"Disk Usage": 0,"Rows Removed by Filter": 9999,"Plans": [{"Node Type": "Bitmap Heap Scan","Parent Relationship": "Outer","Parallel Aware": false,"Async Capable": false,"Relation Name": "lineitem","Alias": "lineitem","Startup Cost": 5811.47,"Total Cost": 121708.19,"Plan Rows": 226248,"Plan Width": 16,"Actual Startup Time": 51.748,"Actual Total Time": 872.040,"Actual Rows": 229039,"Actual Loops": 1,"Recheck Cond": "((l_shipdate >= '1994-06-01'::date) AND (l_shipdate < '1994-09-01 00:00:00'::timestamp without time zone))","Rows Removed by Index Recheck": 0,"Exact Heap Blocks": 67238,"Lossy Heap Blocks": 0,"Plans": [{"Node Type": "Bitmap Index Scan","Parent Relationship": "Outer","Parallel Aware": false,"Async Capable": false,"Index Name": "idx_lineitem_shipdate","Startup Cost": 0.00,"Total Cost": 5754.91,"Plan Rows": 226248,"Plan Width": 0,"Actual Startup Time": 38.292,"Actual Total Time": 38.307,"Actual Rows": 229039,"Actual Loops": 1,"Index Cond": "((l_shipdate >= '1994-06-01'::date) AND (l_shipdate < '1994-09-01 00:00:00'::timestamp without time zone))"}]}]}]}]}]},"Planning Time": 5.138,"Triggers": [],"Execution Time": 1979.821}]
[{"Plan": {"Node Type": "Merge Join","Parallel Aware": false,"Async Capable": false,"Join Type": "Inner","Startup Cost": 248551.02,"Total Cost": 249071.91,"Plan Rows": 50,"Plan Width": 103,"Actual Startup Time": 2077.002,"Actual Total Time": 2077.041,"Actual Rows": 1,"Actual Loops": 1,"Inner Unique": true,"Merge Cond": "(supplier.s_suppkey = revenue0.supplier_no)","Plans": [{"Node Type": "Aggregate","Strategy": "Plain","Partial Mode": "Simple","Parent Relationship": "InitPlan","Subplan Name": "InitPlan 1 (returns $0)","Parallel Aware": false,"Async Capable": false,"Startup Cost": 124324.44,"Total Cost": 124324.45,"Plan Rows": 1,"Plan Width": 32,"Actual Startup Time": 940.828,"Actual Total Time": 940.836,"Actual Rows": 1,"Actual Loops": 1,"Plans": [{"Node Type": "Aggregate","Strategy": "Hashed","Partial Mode": "Simple","Parent Relationship": "Outer","Parallel Aware": false,"Async Capable": false,"Startup Cost": 124074.27,"Total Cost": 124199.35,"Plan Rows": 10007,"Plan Width": 36,"Actual Startup Time": 933.956,"Actual Total Time": 940.235,"Actual Rows": 10000,"Actual Loops": 1,"Group Key": ["lineitem_1.l_suppkey"],"Planned Partitions": 0,"HashAgg Batches": 1,"Peak Memory Usage": 4497,"Disk Usage": 0,"Plans": [{"Node Type": "Bitmap Heap Scan","Parent Relationship": "Outer","Parallel Aware": false,"Async Capable": false,"Relation Name": "lineitem","Alias": "lineitem_1","Startup Cost": 5864.29,"Total Cost": 121791.48,"Plan Rows": 228279,"Plan Width": 16,"Actual Startup Time": 57.693,"Actual Total Time": 782.351,"Actual Rows": 227548,"Actual Loops": 1,"Recheck Cond": "((l_shipdate >= '1993-09-01'::date) AND (l_shipdate < '1993-12-01 00:00:00'::timestamp without time zone))","Rows Removed by Index Recheck": 0,"Exact Heap Blocks": 67057,"Lossy Heap Blocks": 0,"Plans": [{"Node Type": "Bitmap Index Scan","Parent Relationship": "Outer","Parallel Aware": false,"Async Capable": false,"Index Name": "idx_lineitem_shipdate","Startup Cost": 0.00,"Total Cost": 5807.22,"Plan Rows": 228279,"Plan Width": 0,"Actual Startup Time": 43.540,"Actual Total Time": 43.543,"Actual Rows": 227548,"Actual Loops": 1,"Index Cond": "((l_shipdate >= '1993-09-01'::date) AND (l_shipdate < '1993-12-01 00:00:00'::timestamp without time zone))"}]}]}]},{"Node Type": "Index Scan","Parent Relationship": "Outer","Parallel Aware": false,"Async Capable": false,"Scan Direction": "Forward","Index Name": "supplier_pkey","Relation Name": "supplier","Alias": "supplier","Startup Cost": 0.29,"Total Cost": 495.43,"Plan Rows": 10000,"Plan Width": 71,"Actual Startup Time": 0.062,"Actual Total Time": 10.969,"Actual Rows": 6952,"Actual Loops": 1},{"Node Type": "Sort","Parent Relationship": "Inner","Parallel Aware": false,"Async Capable": false,"Startup Cost": 124226.28,"Total Cost": 124226.41,"Plan Rows": 50,"Plan Width": 36,"Actual Startup Time": 2065.641,"Actual Total Time": 2065.657,"Actual Rows": 1,"Actual Loops": 1,"Sort Key": ["revenue0.supplier_no"],"Sort Method": "quicksort","Sort Space Used": 25,"Sort Space Type": "Memory","Plans": [{"Node Type": "Subquery Scan","Parent Relationship": "Outer","Parallel Aware": false,"Async Capable": false,"Alias": "revenue0","Startup Cost": 124074.27,"Total Cost": 124224.87,"Plan Rows": 50,"Plan Width": 36,"Actual Startup Time": 2050.272,"Actual Total Time": 2065.610,"Actual Rows": 1,"Actual Loops": 1,"Plans": [{"Node Type": "Aggregate","Strategy": "Hashed","Partial Mode": "Simple","Parent Relationship": "Subquery","Parallel Aware": false,"Async Capable": false,"Startup Cost": 124074.27,"Total Cost": 124224.37,"Plan Rows": 50,"Plan Width": 36,"Actual Startup Time": 2050.266,"Actual Total Time": 2065.591,"Actual Rows": 1,"Actual Loops": 1,"Group Key": ["lineitem.l_suppkey"],"Filter": "(sum((lineitem.l_extendedprice * ('1'::numeric - lineitem.l_discount))) = $0)","Planned Partitions": 0,"HashAgg Batches": 1,"Peak Memory Usage": 4497,"Disk Usage": 0,"Rows Removed by Filter": 9999,"Plans": [{"Node Type": "Bitmap Heap Scan","Parent Relationship": "Outer","Parallel Aware": false,"Async Capable": false,"Relation Name": "lineitem","Alias": "lineitem","Startup Cost": 5864.29,"Total Cost": 121791.48,"Plan Rows": 228279,"Plan Width": 16,"Actual Startup Time": 56.453,"Actual Total Time": 929.176,"Actual Rows": 227548,"Actual Loops": 1,"Recheck Cond": "((l_shipdate >= '1993-09-01'::date) AND (l_shipdate < '1993-12-01 00:00:00'::timestamp without time zone))","Rows Removed by Index Recheck": 0,"Exact Heap Blocks": 67057,"Lossy Heap Blocks": 0,"Plans": [{"Node Type": "Bitmap Index Scan","Parent Relationship": "Outer","Parallel Aware": false,"Async Capable": false,"Index Name": "idx_lineitem_shipdate","Startup Cost": 0.00,"Total Cost": 5807.22,"Plan Rows": 228279,"Plan Width": 0,"Actual Startup Time": 42.721,"Actual Total Time": 42.723,"Actual Rows": 227548,"Actual Loops": 1,"Index Cond": "((l_shipdate >= '1993-09-01'::date) AND (l_shipdate < '1993-12-01 00:00:00'::timestamp without time zone))"}]}]}]}]}]},"Planning Time": 4.464,"Triggers": [],"Execution Time": 2081.593}]
[{"Plan": {"Node Type": "Merge Join","Parallel Aware": false,"Async Capable": false,"Join Type": "Inner","Startup Cost": 248983.50,"Total Cost": 249504.39,"Plan Rows": 50,"Plan Width": 103,"Actual Startup Time": 1938.743,"Actual Total Time": 1938.793,"Actual Rows": 1,"Actual Loops": 1,"Inner Unique": true,"Merge Cond": "(supplier.s_suppkey = revenue0.supplier_no)","Plans": [{"Node Type": "Aggregate","Strategy": "Plain","Partial Mode": "Simple","Parent Relationship": "InitPlan","Subplan Name": "InitPlan 1 (returns $0)","Parallel Aware": false,"Async Capable": false,"Startup Cost": 124540.68,"Total Cost": 124540.69,"Plan Rows": 1,"Plan Width": 32,"Actual Startup Time": 839.155,"Actual Total Time": 839.170,"Actual Rows": 1,"Actual Loops": 1,"Plans": [{"Node Type": "Aggregate","Strategy": "Hashed","Partial Mode": "Simple","Parent Relationship": "Outer","Parallel Aware": false,"Async Capable": false,"Startup Cost": 124290.50,"Total Cost": 124415.59,"Plan Rows": 10007,"Plan Width": 36,"Actual Startup Time": 829.011,"Actual Total Time": 838.572,"Actual Rows": 10000,"Actual Loops": 1,"Group Key": ["lineitem_1.l_suppkey"],"Planned Partitions": 0,"HashAgg Batches": 1,"Peak Memory Usage": 4497,"Disk Usage": 0,"Plans": [{"Node Type": "Bitmap Heap Scan","Parent Relationship": "Outer","Parallel Aware": false,"Async Capable": false,"Relation Name": "lineitem","Alias": "lineitem_1","Startup Cost": 5640.16,"Total Cost": 122093.70,"Plan Rows": 219681,"Plan Width": 16,"Actual Startup Time": 57.904,"Actual Total Time": 668.211,"Actual Rows": 225815,"Actual Loops": 1,"Recheck Cond": "((l_shipdate >= '1996-12-01'::date) AND (l_shipdate < '1997-03-01 00:00:00'::timestamp without time zone))","Rows Removed by Index Recheck": 0,"Exact Heap Blocks": 66669,"Lossy Heap Blocks": 0,"Plans": [{"Node Type": "Bitmap Index Scan","Parent Relationship": "Outer","Parallel Aware": false,"Async Capable": false,"Index Name": "idx_lineitem_shipdate","Startup Cost": 0.00,"Total Cost": 5585.24,"Plan Rows": 219681,"Plan Width": 0,"Actual Startup Time": 44.432,"Actual Total Time": 44.435,"Actual Rows": 225815,"Actual Loops": 1,"Index Cond": "((l_shipdate >= '1996-12-01'::date) AND (l_shipdate < '1997-03-01 00:00:00'::timestamp without time zone))"}]}]}]},{"Node Type": "Index Scan","Parent Relationship": "Outer","Parallel Aware": false,"Async Capable": false,"Scan Direction": "Forward","Index Name": "supplier_pkey","Relation Name": "supplier","Alias": "supplier","Startup Cost": 0.29,"Total Cost": 495.43,"Plan Rows": 10000,"Plan Width": 71,"Actual Startup Time": 0.092,"Actual Total Time": 9.144,"Actual Rows": 5992,"Actual Loops": 1},{"Node Type": "Sort","Parent Relationship": "Inner","Parallel Aware": false,"Async Capable": false,"Startup Cost": 124442.52,"Total Cost": 124442.65,"Plan Rows": 50,"Plan Width": 36,"Actual Startup Time": 1929.238,"Actual Total Time": 1929.255,"Actual Rows": 1,"Actual Loops": 1,"Sort Key": ["revenue0.supplier_no"],"Sort Method": "quicksort","Sort Space Used": 25,"Sort Space Type": "Memory","Plans": [{"Node Type": "Subquery Scan","Parent Relationship": "Outer","Parallel Aware": false,"Async Capable": false,"Alias": "revenue0","Startup Cost": 124290.50,"Total Cost": 124441.11,"Plan Rows": 50,"Plan Width": 36,"Actual Startup Time": 1899.450,"Actual Total Time": 1929.215,"Actual Rows": 1,"Actual Loops": 1,"Plans": [{"Node Type": "Aggregate","Strategy": "Hashed","Partial Mode": "Simple","Parent Relationship": "Subquery","Parallel Aware": false,"Async Capable": false,"Startup Cost": 124290.50,"Total Cost": 124440.61,"Plan Rows": 50,"Plan Width": 36,"Actual Startup Time": 1899.446,"Actual Total Time": 1929.206,"Actual Rows": 1,"Actual Loops": 1,"Group Key": ["lineitem.l_suppkey"],"Filter": "(sum((lineitem.l_extendedprice * ('1'::numeric - lineitem.l_discount))) = $0)","Planned Partitions": 0,"HashAgg Batches": 1,"Peak Memory Usage": 4497,"Disk Usage": 0,"Rows Removed by Filter": 9999,"Plans": [{"Node Type": "Bitmap Heap Scan","Parent Relationship": "Outer","Parallel Aware": false,"Async Capable": false,"Relation Name": "lineitem","Alias": "lineitem","Startup Cost": 5640.16,"Total Cost": 122093.70,"Plan Rows": 219681,"Plan Width": 16,"Actual Startup Time": 57.890,"Actual Total Time": 893.942,"Actual Rows": 225815,"Actual Loops": 1,"Recheck Cond": "((l_shipdate >= '1996-12-01'::date) AND (l_shipdate < '1997-03-01 00:00:00'::timestamp without time zone))","Rows Removed by Index Recheck": 0,"Exact Heap Blocks": 66669,"Lossy Heap Blocks": 0,"Plans": [{"Node Type": "Bitmap Index Scan","Parent Relationship": "Outer","Parallel Aware": false,"Async Capable": false,"Index Name": "idx_lineitem_shipdate","Startup Cost": 0.00,"Total Cost": 5585.24,"Plan Rows": 219681,"Plan Width": 0,"Actual Startup Time": 44.501,"Actual Total Time": 44.501,"Actual Rows": 225815,"Actual Loops": 1,"Index Cond": "((l_shipdate >= '1996-12-01'::date) AND (l_shipdate < '1997-03-01 00:00:00'::timestamp without time zone))"}]}]}]}]}]},"Planning Time": 4.317,"Triggers": [],"Execution Time": 1941.817}]
[{"Plan": {"Node Type": "Merge Join","Parallel Aware": false,"Async Capable": false,"Join Type": "Inner","Startup Cost": 248679.90,"Total Cost": 249200.80,"Plan Rows": 50,"Plan Width": 103,"Actual Startup Time": 2088.450,"Actual Total Time": 2088.494,"Actual Rows": 1,"Actual Loops": 1,"Inner Unique": true,"Merge Cond": "(supplier.s_suppkey = revenue0.supplier_no)","Plans": [{"Node Type": "Aggregate","Strategy": "Plain","Partial Mode": "Simple","Parent Relationship": "InitPlan","Subplan Name": "InitPlan 1 (returns $0)","Parallel Aware": false,"Async Capable": false,"Startup Cost": 124388.88,"Total Cost": 124388.89,"Plan Rows": 1,"Plan Width": 32,"Actual Startup Time": 944.259,"Actual Total Time": 944.274,"Actual Rows": 1,"Actual Loops": 1,"Plans": [{"Node Type": "Aggregate","Strategy": "Hashed","Partial Mode": "Simple","Parent Relationship": "Outer","Parallel Aware": false,"Async Capable": false,"Startup Cost": 124138.71,"Total Cost": 124263.80,"Plan Rows": 10007,"Plan Width": 36,"Actual Startup Time": 936.768,"Actual Total Time": 943.679,"Actual Rows": 10000,"Actual Loops": 1,"Group Key": ["lineitem_1.l_suppkey"],"Planned Partitions": 0,"HashAgg Batches": 1,"Peak Memory Usage": 4497,"Disk Usage": 0,"Plans": [{"Node Type": "Bitmap Heap Scan","Parent Relationship": "Outer","Parallel Aware": false,"Async Capable": false,"Relation Name": "lineitem","Alias": "lineitem_1","Startup Cost": 5698.36,"Total Cost": 121920.24,"Plan Rows": 221847,"Plan Width": 16,"Actual Startup Time": 58.200,"Actual Total Time": 789.243,"Actual Rows": 229512,"Actual Loops": 1,"Recheck Cond": "((l_shipdate >= '1997-03-01'::date) AND (l_shipdate < '1997-06-01 00:00:00'::timestamp without time zone))","Rows Removed by Index Recheck": 0,"Exact Heap Blocks": 67095,"Lossy Heap Blocks": 0,"Plans": [{"Node Type": "Bitmap Index Scan","Parent Relationship": "Outer","Parallel Aware": false,"Async Capable": false,"Index Name": "idx_lineitem_shipdate","Startup Cost": 0.00,"Total Cost": 5642.90,"Plan Rows": 221847,"Plan Width": 0,"Actual Startup Time": 44.354,"Actual Total Time": 44.359,"Actual Rows": 229512,"Actual Loops": 1,"Index Cond": "((l_shipdate >= '1997-03-01'::date) AND (l_shipdate < '1997-06-01 00:00:00'::timestamp without time zone))"}]}]}]},{"Node Type": "Index Scan","Parent Relationship": "Outer","Parallel Aware": false,"Async Capable": false,"Scan Direction": "Forward","Index Name": "supplier_pkey","Relation Name": "supplier","Alias": "supplier","Startup Cost": 0.29,"Total Cost": 495.43,"Plan Rows": 10000,"Plan Width": 71,"Actual Startup Time": 0.093,"Actual Total Time": 14.023,"Actual Rows": 9474,"Actual Loops": 1},{"Node Type": "Sort","Parent Relationship": "Inner","Parallel Aware": false,"Async Capable": false,"Startup Cost": 124290.72,"Total Cost": 124290.85,"Plan Rows": 50,"Plan Width": 36,"Actual Startup Time": 2073.892,"Actual Total Time": 2073.908,"Actual Rows": 1,"Actual Loops": 1,"Sort Key": ["revenue0.supplier_no"],"Sort Method": "quicksort","Sort Space Used": 25,"Sort Space Type": "Memory","Plans": [{"Node Type": "Subquery Scan","Parent Relationship": "Outer","Parallel Aware": false,"Async Capable": false,"Alias": "revenue0","Startup Cost": 124138.71,"Total Cost": 124289.31,"Plan Rows": 50,"Plan Width": 36,"Actual Startup Time": 2060.592,"Actual Total Time": 2073.855,"Actual Rows": 1,"Actual Loops": 1,"Plans": [{"Node Type": "Aggregate","Strategy": "Hashed","Partial Mode": "Simple","Parent Relationship": "Subquery","Parallel Aware": false,"Async Capable": false,"Startup Cost": 124138.71,"Total Cost": 124288.81,"Plan Rows": 50,"Plan Width": 36,"Actual Startup Time": 2060.589,"Actual Total Time": 2073.846,"Actual Rows": 1,"Actual Loops": 1,"Group Key": ["lineitem.l_suppkey"],"Filter": "(sum((lineitem.l_extendedprice * ('1'::numeric - lineitem.l_discount))) = $0)","Planned Partitions": 0,"HashAgg Batches": 1,"Peak Memory Usage": 4497,"Disk Usage": 0,"Rows Removed by Filter": 9999,"Plans": [{"Node Type": "Bitmap Heap Scan","Parent Relationship": "Outer","Parallel Aware": false,"Async Capable": false,"Relation Name": "lineitem","Alias": "lineitem","Startup Cost": 5698.36,"Total Cost": 121920.24,"Plan Rows": 221847,"Plan Width": 16,"Actual Startup Time": 54.794,"Actual Total Time": 933.095,"Actual Rows": 229512,"Actual Loops": 1,"Recheck Cond": "((l_shipdate >= '1997-03-01'::date) AND (l_shipdate < '1997-06-01 00:00:00'::timestamp without time zone))","Rows Removed by Index Recheck": 0,"Exact Heap Blocks": 67095,"Lossy Heap Blocks": 0,"Plans": [{"Node Type": "Bitmap Index Scan","Parent Relationship": "Outer","Parallel Aware": false,"Async Capable": false,"Index Name": "idx_lineitem_shipdate","Startup Cost": 0.00,"Total Cost": 5642.90,"Plan Rows": 221847,"Plan Width": 0,"Actual Startup Time": 41.319,"Actual Total Time": 41.321,"Actual Rows": 229512,"Actual Loops": 1,"Index Cond": "((l_shipdate >= '1997-03-01'::date) AND (l_shipdate < '1997-06-01 00:00:00'::timestamp without time zone))"}]}]}]}]}]},"Planning Time": 4.209,"Triggers": [],"Execution Time": 2093.733}]
[{"Plan": {"Node Type": "Merge Join","Parallel Aware": false,"Async Capable": false,"Join Type": "Inner","Startup Cost": 248878.98,"Total Cost": 249399.87,"Plan Rows": 50,"Plan Width": 103,"Actual Startup Time": 1926.035,"Actual Total Time": 1926.074,"Actual Rows": 1,"Actual Loops": 1,"Inner Unique": true,"Merge Cond": "(supplier.s_suppkey = revenue0.supplier_no)","Plans": [{"Node Type": "Aggregate","Strategy": "Plain","Partial Mode": "Simple","Parent Relationship": "InitPlan","Subplan Name": "InitPlan 1 (returns $0)","Parallel Aware": false,"Async Capable": false,"Startup Cost": 124488.42,"Total Cost": 124488.43,"Plan Rows": 1,"Plan Width": 32,"Actual Startup Time": 836.881,"Actual Total Time": 836.892,"Actual Rows": 1,"Actual Loops": 1,"Plans": [{"Node Type": "Aggregate","Strategy": "Hashed","Partial Mode": "Simple","Parent Relationship": "Outer","Parallel Aware": false,"Async Capable": false,"Startup Cost": 124238.24,"Total Cost": 124363.33,"Plan Rows": 10007,"Plan Width": 36,"Actual Startup Time": 829.174,"Actual Total Time": 836.298,"Actual Rows": 10000,"Actual Loops": 1,"Group Key": ["lineitem_1.l_suppkey"],"Planned Partitions": 0,"HashAgg Batches": 1,"Peak Memory Usage": 4497,"Disk Usage": 0,"Plans": [{"Node Type": "Bitmap Heap Scan","Parent Relationship": "Outer","Parallel Aware": false,"Async Capable": false,"Relation Name": "lineitem","Alias": "lineitem_1","Startup Cost": 5946.01,"Total Cost": 121922.55,"Plan Rows": 231569,"Plan Width": 16,"Actual Startup Time": 58.548,"Actual Total Time": 683.907,"Actual Rows": 231305,"Actual Loops": 1,"Recheck Cond": "((l_shipdate >= '1995-08-01'::date) AND (l_shipdate < '1995-11-01 00:00:00'::timestamp without time zone))","Rows Removed by Index Recheck": 0,"Exact Heap Blocks": 67198,"Lossy Heap Blocks": 0,"Plans": [{"Node Type": "Bitmap Index Scan","Parent Relationship": "Outer","Parallel Aware": false,"Async Capable": false,"Index Name": "idx_lineitem_shipdate","Startup Cost": 0.00,"Total Cost": 5888.12,"Plan Rows": 231569,"Plan Width": 0,"Actual Startup Time": 44.811,"Actual Total Time": 44.815,"Actual Rows": 231305,"Actual Loops": 1,"Index Cond": "((l_shipdate >= '1995-08-01'::date) AND (l_shipdate < '1995-11-01 00:00:00'::timestamp without time zone))"}]}]}]},{"Node Type": "Index Scan","Parent Relationship": "Outer","Parallel Aware": false,"Async Capable": false,"Scan Direction": "Forward","Index Name": "supplier_pkey","Relation Name": "supplier","Alias": "supplier","Startup Cost": 0.29,"Total Cost": 495.43,"Plan Rows": 10000,"Plan Width": 71,"Actual Startup Time": 0.102,"Actual Total Time": 3.125,"Actual Rows": 1822,"Actual Loops": 1},{"Node Type": "Sort","Parent Relationship": "Inner","Parallel Aware": false,"Async Capable": false,"Startup Cost": 124390.26,"Total Cost": 124390.39,"Plan Rows": 50,"Plan Width": 36,"Actual Startup Time": 1922.770,"Actual Total Time": 1922.783,"Actual Rows": 1,"Actual Loops": 1,"Sort Key": ["revenue0.supplier_no"],"Sort Method": "quicksort","Sort Space Used": 25,"Sort Space Type": "Memory","Plans": [{"Node Type": "Subquery Scan","Parent Relationship": "Outer","Parallel Aware": false,"Async Capable": false,"Alias": "revenue0","Startup Cost": 124238.24,"Total Cost": 124388.85,"Plan Rows": 50,"Plan Width": 36,"Actual Startup Time": 1898.789,"Actual Total Time": 1922.734,"Actual Rows": 1,"Actual Loops": 1,"Plans": [{"Node Type": "Aggregate","Strategy": "Hashed","Partial Mode": "Simple","Parent Relationship": "Subquery","Parallel Aware": false,"Async Capable": false,"Startup Cost": 124238.24,"Total Cost": 124388.35,"Plan Rows": 50,"Plan Width": 36,"Actual Startup Time": 1898.783,"Actual Total Time": 1922.722,"Actual Rows": 1,"Actual Loops": 1,"Group Key": ["lineitem.l_suppkey"],"Filter": "(sum((lineitem.l_extendedprice * ('1'::numeric - lineitem.l_discount))) = $0)","Planned Partitions": 0,"HashAgg Batches": 1,"Peak Memory Usage": 4497,"Disk Usage": 0,"Rows Removed by Filter": 9999,"Plans": [{"Node Type": "Bitmap Heap Scan","Parent Relationship": "Outer","Parallel Aware": false,"Async Capable": false,"Relation Name": "lineitem","Alias": "lineitem","Startup Cost": 5946.01,"Total Cost": 121922.55,"Plan Rows": 231569,"Plan Width": 16,"Actual Startup Time": 58.467,"Actual Total Time": 886.844,"Actual Rows": 231305,"Actual Loops": 1,"Recheck Cond": "((l_shipdate >= '1995-08-01'::date) AND (l_shipdate < '1995-11-01 00:00:00'::timestamp without time zone))","Rows Removed by Index Recheck": 0,"Exact Heap Blocks": 67198,"Lossy Heap Blocks": 0,"Plans": [{"Node Type": "Bitmap Index Scan","Parent Relationship": "Outer","Parallel Aware": false,"Async Capable": false,"Index Name": "idx_lineitem_shipdate","Startup Cost": 0.00,"Total Cost": 5888.12,"Plan Rows": 231569,"Plan Width": 0,"Actual Startup Time": 45.062,"Actual Total Time": 45.065,"Actual Rows": 231305,"Actual Loops": 1,"Index Cond": "((l_shipdate >= '1995-08-01'::date) AND (l_shipdate < '1995-11-01 00:00:00'::timestamp without time zone))"}]}]}]}]}]},"Planning Time": 4.599,"Triggers": [],"Execution Time": 1928.090}]
[{"Plan": {"Node Type": "Merge Join","Parallel Aware": false,"Async Capable": false,"Join Type": "Inner","Startup Cost": 248716.76,"Total Cost": 249237.66,"Plan Rows": 50,"Plan Width": 103,"Actual Startup Time": 1990.692,"Actual Total Time": 1990.747,"Actual Rows": 1,"Actual Loops": 1,"Inner Unique": true,"Merge Cond": "(supplier.s_suppkey = revenue0.supplier_no)","Plans": [{"Node Type": "Aggregate","Strategy": "Plain","Partial Mode": "Simple","Parent Relationship": "InitPlan","Subplan Name": "InitPlan 1 (returns $0)","Parallel Aware": false,"Async Capable": false,"Startup Cost": 124407.31,"Total Cost": 124407.32,"Plan Rows": 1,"Plan Width": 32,"Actual Startup Time": 912.658,"Actual Total Time": 912.682,"Actual Rows": 1,"Actual Loops": 1,"Plans": [{"Node Type": "Aggregate","Strategy": "Hashed","Partial Mode": "Simple","Parent Relationship": "Outer","Parallel Aware": false,"Async Capable": false,"Startup Cost": 124157.14,"Total Cost": 124282.22,"Plan Rows": 10007,"Plan Width": 36,"Actual Startup Time": 906.053,"Actual Total Time": 912.012,"Actual Rows": 10000,"Actual Loops": 1,"Group Key": ["lineitem_1.l_suppkey"],"Planned Partitions": 0,"HashAgg Batches": 1,"Peak Memory Usage": 4497,"Disk Usage": 0,"Plans": [{"Node Type": "Bitmap Heap Scan","Parent Relationship": "Outer","Parallel Aware": false,"Async Capable": false,"Relation Name": "lineitem","Alias": "lineitem_1","Startup Cost": 5905.41,"Total Cost": 121857.64,"Plan Rows": 229949,"Plan Width": 16,"Actual Startup Time": 50.167,"Actual Total Time": 694.084,"Actual Rows": 228979,"Actual Loops": 1,"Recheck Cond": "((l_shipdate >= '1995-04-01'::date) AND (l_shipdate < '1995-07-01 00:00:00'::timestamp without time zone))","Rows Removed by Index Recheck": 0,"Exact Heap Blocks": 67322,"Lossy Heap Blocks": 0,"Plans": [{"Node Type": "Bitmap Index Scan","Parent Relationship": "Outer","Parallel Aware": false,"Async Capable": false,"Index Name": "idx_lineitem_shipdate","Startup Cost": 0.00,"Total Cost": 5847.92,"Plan Rows": 229949,"Plan Width": 0,"Actual Startup Time": 36.579,"Actual Total Time": 36.594,"Actual Rows": 228979,"Actual Loops": 1,"Index Cond": "((l_shipdate >= '1995-04-01'::date) AND (l_shipdate < '1995-07-01 00:00:00'::timestamp without time zone))"}]}]}]},{"Node Type": "Index Scan","Parent Relationship": "Outer","Parallel Aware": false,"Async Capable": false,"Scan Direction": "Forward","Index Name": "supplier_pkey","Relation Name": "supplier","Alias": "supplier","Startup Cost": 0.29,"Total Cost": 495.43,"Plan Rows": 10000,"Plan Width": 71,"Actual Startup Time": 0.097,"Actual Total Time": 1.843,"Actual Rows": 983,"Actual Loops": 1},{"Node Type": "Sort","Parent Relationship": "Inner","Parallel Aware": false,"Async Capable": false,"Startup Cost": 124309.15,"Total Cost": 124309.28,"Plan Rows": 50,"Plan Width": 36,"Actual Startup Time": 1988.729,"Actual Total Time": 1988.742,"Actual Rows": 1,"Actual Loops": 1,"Sort Key": ["revenue0.supplier_no"],"Sort Method": "quicksort","Sort Space Used": 25,"Sort Space Type": "Memory","Plans": [{"Node Type": "Subquery Scan","Parent Relationship": "Outer","Parallel Aware": false,"Async Capable": false,"Alias": "revenue0","Startup Cost": 124157.14,"Total Cost": 124307.74,"Plan Rows": 50,"Plan Width": 36,"Actual Startup Time": 1987.287,"Actual Total Time": 1988.674,"Actual Rows": 1,"Actual Loops": 1,"Plans": [{"Node Type": "Aggregate","Strategy": "Hashed","Partial Mode": "Simple","Parent Relationship": "Subquery","Parallel Aware": false,"Async Capable": false,"Startup Cost": 124157.14,"Total Cost": 124307.24,"Plan Rows": 50,"Plan Width": 36,"Actual Startup Time": 1987.273,"Actual Total Time": 1988.637,"Actual Rows": 1,"Actual Loops": 1,"Group Key": ["lineitem.l_suppkey"],"Filter": "(sum((lineitem.l_extendedprice * ('1'::numeric - lineitem.l_discount))) = $0)","Planned Partitions": 0,"HashAgg Batches": 1,"Peak Memory Usage": 4497,"Disk Usage": 0,"Rows Removed by Filter": 9999,"Plans": [{"Node Type": "Bitmap Heap Scan","Parent Relationship": "Outer","Parallel Aware": false,"Async Capable": false,"Relation Name": "lineitem","Alias": "lineitem","Startup Cost": 5905.41,"Total Cost": 121857.64,"Plan Rows": 229949,"Plan Width": 16,"Actual Startup Time": 50.252,"Actual Total Time": 888.847,"Actual Rows": 228979,"Actual Loops": 1,"Recheck Cond": "((l_shipdate >= '1995-04-01'::date) AND (l_shipdate < '1995-07-01 00:00:00'::timestamp without time zone))","Rows Removed by Index Recheck": 0,"Exact Heap Blocks": 67322,"Lossy Heap Blocks": 0,"Plans": [{"Node Type": "Bitmap Index Scan","Parent Relationship": "Outer","Parallel Aware": false,"Async Capable": false,"Index Name": "idx_lineitem_shipdate","Startup Cost": 0.00,"Total Cost": 5847.92,"Plan Rows": 229949,"Plan Width": 0,"Actual Startup Time": 36.820,"Actual Total Time": 36.820,"Actual Rows": 228979,"Actual Loops": 1,"Index Cond": "((l_shipdate >= '1995-04-01'::date) AND (l_shipdate < '1995-07-01 00:00:00'::timestamp without time zone))"}]}]}]}]}]},"Planning Time": 4.044,"Triggers": [],"Execution Time": 1996.677}]
[{"Plan": {"Node Type": "Merge Join","Parallel Aware": false,"Async Capable": false,"Join Type": "Inner","Startup Cost": 248506.89,"Total Cost": 249027.79,"Plan Rows": 50,"Plan Width": 103,"Actual Startup Time": 2084.454,"Actual Total Time": 2084.489,"Actual Rows": 1,"Actual Loops": 1,"Inner Unique": true,"Merge Cond": "(supplier.s_suppkey = revenue0.supplier_no)","Plans": [{"Node Type": "Aggregate","Strategy": "Plain","Partial Mode": "Simple","Parent Relationship": "InitPlan","Subplan Name": "InitPlan 1 (returns $0)","Parallel Aware": false,"Async Capable": false,"Startup Cost": 124302.38,"Total Cost": 124302.39,"Plan Rows": 1,"Plan Width": 32,"Actual Startup Time": 949.807,"Actual Total Time": 949.821,"Actual Rows": 1,"Actual Loops": 1,"Plans": [{"Node Type": "Aggregate","Strategy": "Hashed","Partial Mode": "Simple","Parent Relationship": "Outer","Parallel Aware": false,"Async Capable": false,"Startup Cost": 124052.20,"Total Cost": 124177.29,"Plan Rows": 10007,"Plan Width": 36,"Actual Startup Time": 942.227,"Actual Total Time": 949.217,"Actual Rows": 10000,"Actual Loops": 1,"Group Key": ["lineitem_1.l_suppkey"],"Planned Partitions": 0,"HashAgg Batches": 1,"Peak Memory Usage": 4497,"Disk Usage": 0,"Plans": [{"Node Type": "Bitmap Heap Scan","Parent Relationship": "Outer","Parallel Aware": false,"Async Capable": false,"Relation Name": "lineitem","Alias": "lineitem_1","Startup Cost": 5852.20,"Total Cost": 121773.40,"Plan Rows": 227880,"Plan Width": 16,"Actual Startup Time": 60.518,"Actual Total Time": 792.932,"Actual Rows": 229533,"Actual Loops": 1,"Recheck Cond": "((l_shipdate >= '1994-07-01'::date) AND (l_shipdate < '1994-10-01 00:00:00'::timestamp without time zone))","Rows Removed by Index Recheck": 0,"Exact Heap Blocks": 67313,"Lossy Heap Blocks": 0,"Plans": [{"Node Type": "Bitmap Index Scan","Parent Relationship": "Outer","Parallel Aware": false,"Async Capable": false,"Index Name": "idx_lineitem_shipdate","Startup Cost": 0.00,"Total Cost": 5795.23,"Plan Rows": 227880,"Plan Width": 0,"Actual Startup Time": 46.388,"Actual Total Time": 46.392,"Actual Rows": 229533,"Actual Loops": 1,"Index Cond": "((l_shipdate >= '1994-07-01'::date) AND (l_shipdate < '1994-10-01 00:00:00'::timestamp without time zone))"}]}]}]},{"Node Type": "Index Scan","Parent Relationship": "Outer","Parallel Aware": false,"Async Capable": false,"Scan Direction": "Forward","Index Name": "supplier_pkey","Relation Name": "supplier","Alias": "supplier","Startup Cost": 0.29,"Total Cost": 495.43,"Plan Rows": 10000,"Plan Width": 71,"Actual Startup Time": 0.078,"Actual Total Time": 4.242,"Actual Rows": 2492,"Actual Loops": 1},{"Node Type": "Sort","Parent Relationship": "Inner","Parallel Aware": false,"Async Capable": false,"Startup Cost": 124204.22,"Total Cost": 124204.35,"Plan Rows": 50,"Plan Width": 36,"Actual Startup Time": 2080.035,"Actual Total Time": 2080.045,"Actual Rows": 1,"Actual Loops": 1,"Sort Key": ["revenue0.supplier_no"],"Sort Method": "quicksort","Sort Space Used": 25,"Sort Space Type": "Memory","Plans": [{"Node Type": "Subquery Scan","Parent Relationship": "Outer","Parallel Aware": false,"Async Capable": false,"Alias": "revenue0","Startup Cost": 124052.20,"Total Cost": 124202.81,"Plan Rows": 50,"Plan Width": 36,"Actual Startup Time": 2071.764,"Actual Total Time": 2079.996,"Actual Rows": 1,"Actual Loops": 1,"Plans": [{"Node Type": "Aggregate","Strategy": "Hashed","Partial Mode": "Simple","Parent Relationship": "Subquery","Parallel Aware": false,"Async Capable": false,"Startup Cost": 124052.20,"Total Cost": 124202.31,"Plan Rows": 50,"Plan Width": 36,"Actual Startup Time": 2071.758,"Actual Total Time": 2079.989,"Actual Rows": 1,"Actual Loops": 1,"Group Key": ["lineitem.l_suppkey"],"Filter": "(sum((lineitem.l_extendedprice * ('1'::numeric - lineitem.l_discount))) = $0)","Planned Partitions": 0,"HashAgg Batches": 1,"Peak Memory Usage": 4497,"Disk Usage": 0,"Rows Removed by Filter": 9999,"Plans": [{"Node Type": "Bitmap Heap Scan","Parent Relationship": "Outer","Parallel Aware": false,"Async Capable": false,"Relation Name": "lineitem","Alias": "lineitem","Startup Cost": 5852.20,"Total Cost": 121773.40,"Plan Rows": 227880,"Plan Width": 16,"Actual Startup Time": 54.242,"Actual Total Time": 934.940,"Actual Rows": 229533,"Actual Loops": 1,"Recheck Cond": "((l_shipdate >= '1994-07-01'::date) AND (l_shipdate < '1994-10-01 00:00:00'::timestamp without time zone))","Rows Removed by Index Recheck": 0,"Exact Heap Blocks": 67313,"Lossy Heap Blocks": 0,"Plans": [{"Node Type": "Bitmap Index Scan","Parent Relationship": "Outer","Parallel Aware": false,"Async Capable": false,"Index Name": "idx_lineitem_shipdate","Startup Cost": 0.00,"Total Cost": 5795.23,"Plan Rows": 227880,"Plan Width": 0,"Actual Startup Time": 40.585,"Actual Total Time": 40.586,"Actual Rows": 229533,"Actual Loops": 1,"Index Cond": "((l_shipdate >= '1994-07-01'::date) AND (l_shipdate < '1994-10-01 00:00:00'::timestamp without time zone))"}]}]}]}]}]},"Planning Time": 4.544,"Triggers": [],"Execution Time": 2088.902}]
[{"Plan": {"Node Type": "Merge Join","Parallel Aware": false,"Async Capable": false,"Join Type": "Inner","Startup Cost": 249067.58,"Total Cost": 249588.48,"Plan Rows": 50,"Plan Width": 103,"Actual Startup Time": 1943.314,"Actual Total Time": 1943.349,"Actual Rows": 1,"Actual Loops": 1,"Inner Unique": true,"Merge Cond": "(supplier.s_suppkey = revenue0.supplier_no)","Plans": [{"Node Type": "Aggregate","Strategy": "Plain","Partial Mode": "Simple","Parent Relationship": "InitPlan","Subplan Name": "InitPlan 1 (returns $0)","Parallel Aware": false,"Async Capable": false,"Startup Cost": 124582.72,"Total Cost": 124582.73,"Plan Rows": 1,"Plan Width": 32,"Actual Startup Time": 848.418,"Actual Total Time": 848.429,"Actual Rows": 1,"Actual Loops": 1,"Plans": [{"Node Type": "Aggregate","Strategy": "Hashed","Partial Mode": "Simple","Parent Relationship": "Outer","Parallel Aware": false,"Async Capable": false,"Startup Cost": 124332.55,"Total Cost": 124457.64,"Plan Rows": 10007,"Plan Width": 36,"Actual Startup Time": 837.964,"Actual Total Time": 847.834,"Actual Rows": 10000,"Actual Loops": 1,"Group Key": ["lineitem_1.l_suppkey"],"Planned Partitions": 0,"HashAgg Batches": 1,"Peak Memory Usage": 4497,"Disk Usage": 0,"Plans": [{"Node Type": "Bitmap Heap Scan","Parent Relationship": "Outer","Parallel Aware": false,"Async Capable": false,"Relation Name": "lineitem","Alias": "lineitem_1","Startup Cost": 5993.30,"Total Cost": 121998.05,"Plan Rows": 233450,"Plan Width": 16,"Actual Startup Time": 50.617,"Actual Total Time": 672.114,"Actual Rows": 230363,"Actual Loops": 1,"Recheck Cond": "((l_shipdate >= '1995-05-01'::date) AND (l_shipdate < '1995-08-01 00:00:00'::timestamp without time zone))","Rows Removed by Index Recheck": 0,"Exact Heap Blocks": 67561,"Lossy Heap Blocks": 0,"Plans": [{"Node Type": "Bitmap Index Scan","Parent Relationship": "Outer","Parallel Aware": false,"Async Capable": false,"Index Name": "idx_lineitem_shipdate","Startup Cost": 0.00,"Total Cost": 5934.93,"Plan Rows": 233450,"Plan Width": 0,"Actual Startup Time": 37.100,"Actual Total Time": 37.103,"Actual Rows": 230363,"Actual Loops": 1,"Index Cond": "((l_shipdate >= '1995-05-01'::date) AND (l_shipdate < '1995-08-01 00:00:00'::timestamp without time zone))"}]}]}]},{"Node Type": "Index Scan","Parent Relationship": "Outer","Parallel Aware": false,"Async Capable": false,"Scan Direction": "Forward","Index Name": "supplier_pkey","Relation Name": "supplier","Alias": "supplier","Startup Cost": 0.29,"Total Cost": 495.43,"Plan Rows": 10000,"Plan Width": 71,"Actual Startup Time": 0.105,"Actual Total Time": 6.996,"Actual Rows": 4313,"Actual Loops": 1},{"Node Type": "Sort","Parent Relationship": "Inner","Parallel Aware": false,"Async Capable": false,"Startup Cost": 124484.57,"Total Cost": 124484.69,"Plan Rows": 50,"Plan Width": 36,"Actual Startup Time": 1936.037,"Actual Total Time": 1936.050,"Actual Rows": 1,"Actual Loops": 1,"Sort Key": ["revenue0.supplier_no"],"Sort Method": "quicksort","Sort Space Used": 25,"Sort Space Type": "Memory","Plans": [{"Node Type": "Subquery Scan","Parent Relationship": "Outer","Parallel Aware": false,"Async Capable": false,"Alias": "revenue0","Startup Cost": 124332.55,"Total Cost": 124483.15,"Plan Rows": 50,"Plan Width": 36,"Actual Startup Time": 1918.349,"Actual Total Time": 1936.015,"Actual Rows": 1,"Actual Loops": 1,"Plans": [{"Node Type": "Aggregate","Strategy": "Hashed","Partial Mode": "Simple","Parent Relationship": "Subquery","Parallel Aware": false,"Async Capable": false,"Startup Cost": 124332.55,"Total Cost": 124482.65,"Plan Rows": 50,"Plan Width": 36,"Actual Startup Time": 1918.345,"Actual Total Time": 1936.006,"Actual Rows": 1,"Actual Loops": 1,"Group Key": ["lineitem.l_suppkey"],"Filter": "(sum((lineitem.l_extendedprice * ('1'::numeric - lineitem.l_discount))) = $0)","Planned Partitions": 0,"HashAgg Batches": 1,"Peak Memory Usage": 4497,"Disk Usage": 0,"Rows Removed by Filter": 9999,"Plans": [{"Node Type": "Bitmap Heap Scan","Parent Relationship": "Outer","Parallel Aware": false,"Async Capable": false,"Relation Name": "lineitem","Alias": "lineitem","Startup Cost": 5993.30,"Total Cost": 121998.05,"Plan Rows": 233450,"Plan Width": 16,"Actual Startup Time": 50.872,"Actual Total Time": 888.924,"Actual Rows": 230363,"Actual Loops": 1,"Recheck Cond": "((l_shipdate >= '1995-05-01'::date) AND (l_shipdate < '1995-08-01 00:00:00'::timestamp without time zone))","Rows Removed by Index Recheck": 0,"Exact Heap Blocks": 67561,"Lossy Heap Blocks": 0,"Plans": [{"Node Type": "Bitmap Index Scan","Parent Relationship": "Outer","Parallel Aware": false,"Async Capable": false,"Index Name": "idx_lineitem_shipdate","Startup Cost": 0.00,"Total Cost": 5934.93,"Plan Rows": 233450,"Plan Width": 0,"Actual Startup Time": 37.359,"Actual Total Time": 37.360,"Actual Rows": 230363,"Actual Loops": 1,"Index Cond": "((l_shipdate >= '1995-05-01'::date) AND (l_shipdate < '1995-08-01 00:00:00'::timestamp without time zone))"}]}]}]}]}]},"Planning Time": 4.245,"Triggers": [],"Execution Time": 1946.397}]
[{"Plan": {"Node Type": "Merge Join","Parallel Aware": false,"Async Capable": false,"Join Type": "Inner","Startup Cost": 248249.45,"Total Cost": 248770.35,"Plan Rows": 50,"Plan Width": 103,"Actual Startup Time": 1933.210,"Actual Total Time": 1933.238,"Actual Rows": 1,"Actual Loops": 1,"Inner Unique": true,"Merge Cond": "(supplier.s_suppkey = revenue0.supplier_no)","Plans": [{"Node Type": "Aggregate","Strategy": "Plain","Partial Mode": "Simple","Parent Relationship": "InitPlan","Subplan Name": "InitPlan 1 (returns $0)","Parallel Aware": false,"Async Capable": false,"Startup Cost": 124173.66,"Total Cost": 124173.67,"Plan Rows": 1,"Plan Width": 32,"Actual Startup Time": 840.754,"Actual Total Time": 840.766,"Actual Rows": 1,"Actual Loops": 1,"Plans": [{"Node Type": "Aggregate","Strategy": "Hashed","Partial Mode": "Simple","Parent Relationship": "Outer","Parallel Aware": false,"Async Capable": false,"Startup Cost": 123923.48,"Total Cost": 124048.57,"Plan Rows": 10007,"Plan Width": 36,"Actual Startup Time": 831.124,"Actual Total Time": 840.175,"Actual Rows": 10000,"Actual Loops": 1,"Group Key": ["lineitem_1.l_suppkey"],"Planned Partitions": 0,"HashAgg Batches": 1,"Peak Memory Usage": 4497,"Disk Usage": 0,"Plans": [{"Node Type": "Bitmap Heap Scan","Parent Relationship": "Outer","Parallel Aware": false,"Async Capable": false,"Relation Name": "lineitem","Alias": "lineitem_1","Startup Cost": 5786.40,"Total Cost": 121669.85,"Plan Rows": 225363,"Plan Width": 16,"Actual Startup Time": 50.816,"Actual Total Time": 670.813,"Actual Rows": 229315,"Actual Loops": 1,"Recheck Cond": "((l_shipdate >= '1994-05-01'::date) AND (l_shipdate < '1994-08-01 00:00:00'::timestamp without time zone))","Rows Removed by Index Recheck": 0,"Exact Heap Blocks": 67035,"Lossy Heap Blocks": 0,"Plans": [{"Node Type": "Bitmap Index Scan","Parent Relationship": "Outer","Parallel Aware": false,"Async Capable": false,"Index Name": "idx_lineitem_shipdate","Startup Cost": 0.00,"Total Cost": 5730.06,"Plan Rows": 225363,"Plan Width": 0,"Actual Startup Time": 37.324,"Actual Total Time": 37.329,"Actual Rows": 229315,"Actual Loops": 1,"Index Cond": "((l_shipdate >= '1994-05-01'::date) AND (l_shipdate < '1994-08-01 00:00:00'::timestamp without time zone))"}]}]}]},{"Node Type": "Index Scan","Parent Relationship": "Outer","Parallel Aware": false,"Async Capable": false,"Scan Direction": "Forward","Index Name": "supplier_pkey","Relation Name": "supplier","Alias": "supplier","Startup Cost": 0.29,"Total Cost": 495.43,"Plan Rows": 10000,"Plan Width": 71,"Actual Startup Time": 0.122,"Actual Total Time": 5.559,"Actual Rows": 3302,"Actual Loops": 1},{"Node Type": "Sort","Parent Relationship": "Inner","Parallel Aware": false,"Async Capable": false,"Startup Cost": 124075.50,"Total Cost": 124075.62,"Plan Rows": 50,"Plan Width": 36,"Actual Startup Time": 1927.428,"Actual Total Time": 1927.436,"Actual Rows": 1,"Actual Loops": 1,"Sort Key": ["revenue0.supplier_no"],"Sort Method": "quicksort","Sort Space Used": 25,"Sort Space Type": "Memory","Plans": [{"Node Type": "Subquery Scan","Parent Relationship": "Outer","Parallel Aware": false,"Async Capable": false,"Alias": "revenue0","Startup Cost": 123923.48,"Total Cost": 124074.09,"Plan Rows": 50,"Plan Width": 36,"Actual Startup Time": 1920.770,"Actual Total Time": 1927.389,"Actual Rows": 1,"Actual Loops": 1,"Plans": [{"Node Type": "Aggregate","Strategy": "Hashed","Partial Mode": "Simple","Parent Relationship": "Subquery","Parallel Aware": false,"Async Capable": false,"Startup Cost": 123923.48,"Total Cost": 124073.59,"Plan Rows": 50,"Plan Width": 36,"Actual Startup Time": 1920.765,"Actual Total Time": 1927.379,"Actual Rows": 1,"Actual Loops": 1,"Group Key": ["lineitem.l_suppkey"],"Filter": "(sum((lineitem.l_extendedprice * ('1'::numeric - lineitem.l_discount))) = $0)","Planned Partitions": 0,"HashAgg Batches": 1,"Peak Memory Usage": 4497,"Disk Usage": 0,"Rows Removed by Filter": 9999,"Plans": [{"Node Type": "Bitmap Heap Scan","Parent Relationship": "Outer","Parallel Aware": false,"Async Capable": false,"Relation Name": "lineitem","Alias": "lineitem","Startup Cost": 5786.40,"Total Cost": 121669.85,"Plan Rows": 225363,"Plan Width": 16,"Actual Startup Time": 48.974,"Actual Total Time": 887.234,"Actual Rows": 229315,"Actual Loops": 1,"Recheck Cond": "((l_shipdate >= '1994-05-01'::date) AND (l_shipdate < '1994-08-01 00:00:00'::timestamp without time zone))","Rows Removed by Index Recheck": 0,"Exact Heap Blocks": 67035,"Lossy Heap Blocks": 0,"Plans": [{"Node Type": "Bitmap Index Scan","Parent Relationship": "Outer","Parallel Aware": false,"Async Capable": false,"Index Name": "idx_lineitem_shipdate","Startup Cost": 0.00,"Total Cost": 5730.06,"Plan Rows": 225363,"Plan Width": 0,"Actual Startup Time": 35.843,"Actual Total Time": 35.843,"Actual Rows": 229315,"Actual Loops": 1,"Index Cond": "((l_shipdate >= '1994-05-01'::date) AND (l_shipdate < '1994-08-01 00:00:00'::timestamp without time zone))"}]}]}]}]}]},"Planning Time": 4.354,"Triggers": [],"Execution Time": 1936.888}]
[{"Plan": {"Node Type": "Merge Join","Parallel Aware": false,"Async Capable": false,"Join Type": "Inner","Startup Cost": 249261.15,"Total Cost": 249782.05,"Plan Rows": 50,"Plan Width": 103,"Actual Startup Time": 1929.470,"Actual Total Time": 1929.497,"Actual Rows": 1,"Actual Loops": 1,"Inner Unique": true,"Merge Cond": "(supplier.s_suppkey = revenue0.supplier_no)","Plans": [{"Node Type": "Aggregate","Strategy": "Plain","Partial Mode": "Simple","Parent Relationship": "InitPlan","Subplan Name": "InitPlan 1 (returns $0)","Parallel Aware": false,"Async Capable": false,"Startup Cost": 124679.51,"Total Cost": 124679.52,"Plan Rows": 1,"Plan Width": 32,"Actual Startup Time": 838.041,"Actual Total Time": 838.049,"Actual Rows": 1,"Actual Loops": 1,"Plans": [{"Node Type": "Aggregate","Strategy": "Hashed","Partial Mode": "Simple","Parent Relationship": "Outer","Parallel Aware": false,"Async Capable": false,"Startup Cost": 124429.33,"Total Cost": 124554.42,"Plan Rows": 10007,"Plan Width": 36,"Actual Startup Time": 828.279,"Actual Total Time": 837.462,"Actual Rows": 10000,"Actual Loops": 1,"Group Key": ["lineitem_1.l_suppkey"],"Planned Partitions": 0,"HashAgg Batches": 1,"Peak Memory Usage": 4497,"Disk Usage": 0,"Plans": [{"Node Type": "Bitmap Heap Scan","Parent Relationship": "Outer","Parallel Aware": false,"Async Capable": false,"Relation Name": "lineitem","Alias": "lineitem_1","Startup Cost": 6044.13,"Total Cost": 122076.45,"Plan Rows": 235288,"Plan Width": 16,"Actual Startup Time": 49.284,"Actual Total Time": 665.852,"Actual Rows": 228512,"Actual Loops": 1,"Recheck Cond": "((l_shipdate >= '1993-03-01'::date) AND (l_shipdate < '1993-06-01 00:00:00'::timestamp without time zone))","Rows Removed by Index Recheck": 0,"Exact Heap Blocks": 66961,"Lossy Heap Blocks": 0,"Plans": [{"Node Type": "Bitmap Index Scan","Parent Relationship": "Outer","Parallel Aware": false,"Async Capable": false,"Index Name": "idx_lineitem_shipdate","Startup Cost": 0.00,"Total Cost": 5985.31,"Plan Rows": 235288,"Plan Width": 0,"Actual Startup Time": 35.887,"Actual Total Time": 35.889,"Actual Rows": 228512,"Actual Loops": 1,"Index Cond": "((l_shipdate >= '1993-03-01'::date) AND (l_shipdate < '1993-06-01 00:00:00'::timestamp without time zone))"}]}]}]},{"Node Type": "Index Scan","Parent Relationship": "Outer","Parallel Aware": false,"Async Capable": false,"Scan Direction": "Forward","Index Name": "supplier_pkey","Relation Name": "supplier","Alias": "supplier","Startup Cost": 0.29,"Total Cost": 495.43,"Plan Rows": 10000,"Plan Width": 71,"Actual Startup Time": 0.092,"Actual Total Time": 11.430,"Actual Rows": 7478,"Actual Loops": 1},{"Node Type": "Sort","Parent Relationship": "Inner","Parallel Aware": false,"Async Capable": false,"Startup Cost": 124581.35,"Total Cost": 124581.47,"Plan Rows": 50,"Plan Width": 36,"Actual Startup Time": 1917.596,"Actual Total Time": 1917.609,"Actual Rows": 1,"Actual Loops": 1,"Sort Key": ["revenue0.supplier_no"],"Sort Method": "quicksort","Sort Space Used": 25,"Sort Space Type": "Memory","Plans": [{"Node Type": "Subquery Scan","Parent Relationship": "Outer","Parallel Aware": false,"Async Capable": false,"Alias": "revenue0","Startup Cost": 124429.33,"Total Cost": 124579.94,"Plan Rows": 50,"Plan Width": 36,"Actual Startup Time": 1912.416,"Actual Total Time": 1917.562,"Actual Rows": 1,"Actual Loops": 1,"Plans": [{"Node Type": "Aggregate","Strategy": "Hashed","Partial Mode": "Simple","Parent Relationship": "Subquery","Parallel Aware": false,"Async Capable": false,"Startup Cost": 124429.33,"Total Cost": 124579.44,"Plan Rows": 50,"Plan Width": 36,"Actual Startup Time": 1912.411,"Actual Total Time": 1917.553,"Actual Rows": 1,"Actual Loops": 1,"Group Key": ["lineitem.l_suppkey"],"Filter": "(sum((lineitem.l_extendedprice * ('1'::numeric - lineitem.l_discount))) = $0)","Planned Partitions": 0,"HashAgg Batches": 1,"Peak Memory Usage": 4497,"Disk Usage": 0,"Rows Removed by Filter": 9999,"Plans": [{"Node Type": "Bitmap Heap Scan","Parent Relationship": "Outer","Parallel Aware": false,"Async Capable": false,"Relation Name": "lineitem","Alias": "lineitem","Startup Cost": 6044.13,"Total Cost": 122076.45,"Plan Rows": 235288,"Plan Width": 16,"Actual Startup Time": 49.634,"Actual Total Time": 880.645,"Actual Rows": 228512,"Actual Loops": 1,"Recheck Cond": "((l_shipdate >= '1993-03-01'::date) AND (l_shipdate < '1993-06-01 00:00:00'::timestamp without time zone))","Rows Removed by Index Recheck": 0,"Exact Heap Blocks": 66961,"Lossy Heap Blocks": 0,"Plans": [{"Node Type": "Bitmap Index Scan","Parent Relationship": "Outer","Parallel Aware": false,"Async Capable": false,"Index Name": "idx_lineitem_shipdate","Startup Cost": 0.00,"Total Cost": 5985.31,"Plan Rows": 235288,"Plan Width": 0,"Actual Startup Time": 36.198,"Actual Total Time": 36.201,"Actual Rows": 228512,"Actual Loops": 1,"Index Cond": "((l_shipdate >= '1993-03-01'::date) AND (l_shipdate < '1993-06-01 00:00:00'::timestamp without time zone))"}]}]}]}]}]},"Planning Time": 3.978,"Triggers": [],"Execution Time": 1932.775}]
[{"Plan": {"Node Type": "Merge Join","Parallel Aware": false,"Async Capable": false,"Join Type": "Inner","Startup Cost": 249261.15,"Total Cost": 249782.05,"Plan Rows": 50,"Plan Width": 103,"Actual Startup Time": 1929.470,"Actual Total Time": 1929.497,"Actual Rows": 1,"Actual Loops": 1,"Inner Unique": true,"Merge Cond": "(supplier.s_suppkey = revenue0.supplier_no)","Plans": [{"Node Type": "Aggregate","Strategy": "Plain","Partial Mode": "Simple","Parent Relationship": "InitPlan","Subplan Name": "InitPlan 1 (returns $0)","Parallel Aware": false,"Async Capable": false,"Startup Cost": 124679.51,"Total Cost": 124679.52,"Plan Rows": 1,"Plan Width": 32,"Actual Startup Time": 838.041,"Actual Total Time": 838.049,"Actual Rows": 1,"Actual Loops": 1,"Plans": [{"Node Type": "Aggregate","Strategy": "Hashed","Partial Mode": "Simple","Parent Relationship": "Outer","Parallel Aware": false,"Async Capable": false,"Startup Cost": 124429.33,"Total Cost": 124554.42,"Plan Rows": 10007,"Plan Width": 36,"Actual Startup Time": 828.279,"Actual Total Time": 837.462,"Actual Rows": 10000,"Actual Loops": 1,"Group Key": ["lineitem_1.l_suppkey"],"Planned Partitions": 0,"HashAgg Batches": 1,"Peak Memory Usage": 4497,"Disk Usage": 0,"Plans": [{"Node Type": "Bitmap Heap Scan","Parent Relationship": "Outer","Parallel Aware": false,"Async Capable": false,"Relation Name": "lineitem","Alias": "lineitem_1","Startup Cost": 6044.13,"Total Cost": 122076.45,"Plan Rows": 235288,"Plan Width": 16,"Actual Startup Time": 49.284,"Actual Total Time": 665.852,"Actual Rows": 228512,"Actual Loops": 1,"Recheck Cond": "((l_shipdate >= '1993-03-01'::date) AND (l_shipdate < '1993-06-01 00:00:00'::timestamp without time zone))","Rows Removed by Index Recheck": 0,"Exact Heap Blocks": 66961,"Lossy Heap Blocks": 0,"Plans": [{"Node Type": "Bitmap Index Scan","Parent Relationship": "Outer","Parallel Aware": false,"Async Capable": false,"Index Name": "idx_lineitem_shipdate","Startup Cost": 0.00,"Total Cost": 5985.31,"Plan Rows": 235288,"Plan Width": 0,"Actual Startup Time": 35.887,"Actual Total Time": 35.889,"Actual Rows": 228512,"Actual Loops": 1,"Index Cond": "((l_shipdate >= '1993-03-01'::date) AND (l_shipdate < '1993-06-01 00:00:00'::timestamp without time zone))"}]}]}]},{"Node Type": "Index Scan","Parent Relationship": "Outer","Parallel Aware": false,"Async Capable": false,"Scan Direction": "Forward","Index Name": "supplier_pkey","Relation Name": "supplier","Alias": "supplier","Startup Cost": 0.29,"Total Cost": 495.43,"Plan Rows": 10000,"Plan Width": 71,"Actual Startup Time": 0.092,"Actual Total Time": 11.430,"Actual Rows": 7478,"Actual Loops": 1},{"Node Type": "Sort","Parent Relationship": "Inner","Parallel Aware": false,"Async Capable": false,"Startup Cost": 124581.35,"Total Cost": 124581.47,"Plan Rows": 50,"Plan Width": 36,"Actual Startup Time": 1917.596,"Actual Total Time": 1917.609,"Actual Rows": 1,"Actual Loops": 1,"Sort Key": ["revenue0.supplier_no"],"Sort Method": "quicksort","Sort Space Used": 25,"Sort Space Type": "Memory","Plans": [{"Node Type": "Subquery Scan","Parent Relationship": "Outer","Parallel Aware": false,"Async Capable": false,"Alias": "revenue0","Startup Cost": 124429.33,"Total Cost": 124579.94,"Plan Rows": 50,"Plan Width": 36,"Actual Startup Time": 1912.416,"Actual Total Time": 1917.562,"Actual Rows": 1,"Actual Loops": 1,"Plans": [{"Node Type": "Aggregate","Strategy": "Hashed","Partial Mode": "Simple","Parent Relationship": "Subquery","Parallel Aware": false,"Async Capable": false,"Startup Cost": 124429.33,"Total Cost": 124579.44,"Plan Rows": 50,"Plan Width": 36,"Actual Startup Time": 1912.411,"Actual Total Time": 1917.553,"Actual Rows": 1,"Actual Loops": 1,"Group Key": ["lineitem.l_suppkey"],"Filter": "(sum((lineitem.l_extendedprice * ('1'::numeric - lineitem.l_discount))) = $0)","Planned Partitions": 0,"HashAgg Batches": 1,"Peak Memory Usage": 4497,"Disk Usage": 0,"Rows Removed by Filter": 9999,"Plans": [{"Node Type": "Bitmap Heap Scan","Parent Relationship": "Outer","Parallel Aware": false,"Async Capable": false,"Relation Name": "lineitem","Alias": "lineitem","Startup Cost": 6044.13,"Total Cost": 122076.45,"Plan Rows": 235288,"Plan Width": 16,"Actual Startup Time": 49.634,"Actual Total Time": 880.645,"Actual Rows": 228512,"Actual Loops": 1,"Recheck Cond": "((l_shipdate >= '1993-03-01'::date) AND (l_shipdate < '1993-06-01 00:00:00'::timestamp without time zone))","Rows Removed by Index Recheck": 0,"Exact Heap Blocks": 66961,"Lossy Heap Blocks": 0,"Plans": [{"Node Type": "Bitmap Index Scan","Parent Relationship": "Outer","Parallel Aware": false,"Async Capable": false,"Index Name": "idx_lineitem_shipdate","Startup Cost": 0.00,"Total Cost": 5985.31,"Plan Rows": 235288,"Plan Width": 0,"Actual Startup Time": 36.198,"Actual Total Time": 36.201,"Actual Rows": 228512,"Actual Loops": 1,"Index Cond": "((l_shipdate >= '1993-03-01'::date) AND (l_shipdate < '1993-06-01 00:00:00'::timestamp without time zone))"}]}]}]}]}]},"Planning Time": 3.978,"Triggers": [],"Execution Time": 1932.775}]
[{"Plan": {"Node Type": "Merge Join","Parallel Aware": false,"Async Capable": false,"Join Type": "Inner","Startup Cost": 248716.76,"Total Cost": 249237.66,"Plan Rows": 50,"Plan Width": 103,"Actual Startup Time": 1990.692,"Actual Total Time": 1990.747,"Actual Rows": 1,"Actual Loops": 1,"Inner Unique": true,"Merge Cond": "(supplier.s_suppkey = revenue0.supplier_no)","Plans": [{"Node Type": "Aggregate","Strategy": "Plain","Partial Mode": "Simple","Parent Relationship": "InitPlan","Subplan Name": "InitPlan 1 (returns $0)","Parallel Aware": false,"Async Capable": false,"Startup Cost": 124407.31,"Total Cost": 124407.32,"Plan Rows": 1,"Plan Width": 32,"Actual Startup Time": 912.658,"Actual Total Time": 912.682,"Actual Rows": 1,"Actual Loops": 1,"Plans": [{"Node Type": "Aggregate","Strategy": "Hashed","Partial Mode": "Simple","Parent Relationship": "Outer","Parallel Aware": false,"Async Capable": false,"Startup Cost": 124157.14,"Total Cost": 124282.22,"Plan Rows": 10007,"Plan Width": 36,"Actual Startup Time": 906.053,"Actual Total Time": 912.012,"Actual Rows": 10000,"Actual Loops": 1,"Group Key": ["lineitem_1.l_suppkey"],"Planned Partitions": 0,"HashAgg Batches": 1,"Peak Memory Usage": 4497,"Disk Usage": 0,"Plans": [{"Node Type": "Bitmap Heap Scan","Parent Relationship": "Outer","Parallel Aware": false,"Async Capable": false,"Relation Name": "lineitem","Alias": "lineitem_1","Startup Cost": 5905.41,"Total Cost": 121857.64,"Plan Rows": 229949,"Plan Width": 16,"Actual Startup Time": 50.167,"Actual Total Time": 694.084,"Actual Rows": 228979,"Actual Loops": 1,"Recheck Cond": "((l_shipdate >= '1995-04-01'::date) AND (l_shipdate < '1995-07-01 00:00:00'::timestamp without time zone))","Rows Removed by Index Recheck": 0,"Exact Heap Blocks": 67322,"Lossy Heap Blocks": 0,"Plans": [{"Node Type": "Bitmap Index Scan","Parent Relationship": "Outer","Parallel Aware": false,"Async Capable": false,"Index Name": "idx_lineitem_shipdate","Startup Cost": 0.00,"Total Cost": 5847.92,"Plan Rows": 229949,"Plan Width": 0,"Actual Startup Time": 36.579,"Actual Total Time": 36.594,"Actual Rows": 228979,"Actual Loops": 1,"Index Cond": "((l_shipdate >= '1995-04-01'::date) AND (l_shipdate < '1995-07-01 00:00:00'::timestamp without time zone))"}]}]}]},{"Node Type": "Index Scan","Parent Relationship": "Outer","Parallel Aware": false,"Async Capable": false,"Scan Direction": "Forward","Index Name": "supplier_pkey","Relation Name": "supplier","Alias": "supplier","Startup Cost": 0.29,"Total Cost": 495.43,"Plan Rows": 10000,"Plan Width": 71,"Actual Startup Time": 0.097,"Actual Total Time": 1.843,"Actual Rows": 983,"Actual Loops": 1},{"Node Type": "Sort","Parent Relationship": "Inner","Parallel Aware": false,"Async Capable": false,"Startup Cost": 124309.15,"Total Cost": 124309.28,"Plan Rows": 50,"Plan Width": 36,"Actual Startup Time": 1988.729,"Actual Total Time": 1988.742,"Actual Rows": 1,"Actual Loops": 1,"Sort Key": ["revenue0.supplier_no"],"Sort Method": "quicksort","Sort Space Used": 25,"Sort Space Type": "Memory","Plans": [{"Node Type": "Subquery Scan","Parent Relationship": "Outer","Parallel Aware": false,"Async Capable": false,"Alias": "revenue0","Startup Cost": 124157.14,"Total Cost": 124307.74,"Plan Rows": 50,"Plan Width": 36,"Actual Startup Time": 1987.287,"Actual Total Time": 1988.674,"Actual Rows": 1,"Actual Loops": 1,"Plans": [{"Node Type": "Aggregate","Strategy": "Hashed","Partial Mode": "Simple","Parent Relationship": "Subquery","Parallel Aware": false,"Async Capable": false,"Startup Cost": 124157.14,"Total Cost": 124307.24,"Plan Rows": 50,"Plan Width": 36,"Actual Startup Time": 1987.273,"Actual Total Time": 1988.637,"Actual Rows": 1,"Actual Loops": 1,"Group Key": ["lineitem.l_suppkey"],"Filter": "(sum((lineitem.l_extendedprice * ('1'::numeric - lineitem.l_discount))) = $0)","Planned Partitions": 0,"HashAgg Batches": 1,"Peak Memory Usage": 4497,"Disk Usage": 0,"Rows Removed by Filter": 9999,"Plans": [{"Node Type": "Bitmap Heap Scan","Parent Relationship": "Outer","Parallel Aware": false,"Async Capable": false,"Relation Name": "lineitem","Alias": "lineitem","Startup Cost": 5905.41,"Total Cost": 121857.64,"Plan Rows": 229949,"Plan Width": 16,"Actual Startup Time": 50.252,"Actual Total Time": 888.847,"Actual Rows": 228979,"Actual Loops": 1,"Recheck Cond": "((l_shipdate >= '1995-04-01'::date) AND (l_shipdate < '1995-07-01 00:00:00'::timestamp without time zone))","Rows Removed by Index Recheck": 0,"Exact Heap Blocks": 67322,"Lossy Heap Blocks": 0,"Plans": [{"Node Type": "Bitmap Index Scan","Parent Relationship": "Outer","Parallel Aware": false,"Async Capable": false,"Index Name": "idx_lineitem_shipdate","Startup Cost": 0.00,"Total Cost": 5847.92,"Plan Rows": 229949,"Plan Width": 0,"Actual Startup Time": 36.820,"Actual Total Time": 36.820,"Actual Rows": 228979,"Actual Loops": 1,"Index Cond": "((l_shipdate >= '1995-04-01'::date) AND (l_shipdate < '1995-07-01 00:00:00'::timestamp without time zone))"}]}]}]}]}]},"Planning Time": 4.044,"Triggers": [],"Execution Time": 1996.677}]
[{"Plan": {"Node Type": "Merge Join","Parallel Aware": false,"Async Capable": false,"Join Type": "Inner","Startup Cost": 249457.74,"Total Cost": 249978.63,"Plan Rows": 50,"Plan Width": 103,"Actual Startup Time": 2127.109,"Actual Total Time": 2127.171,"Actual Rows": 1,"Actual Loops": 1,"Inner Unique": true,"Merge Cond": "(supplier.s_suppkey = revenue0.supplier_no)","Plans": [{"Node Type": "Aggregate","Strategy": "Plain","Partial Mode": "Simple","Parent Relationship": "InitPlan","Subplan Name": "InitPlan 1 (returns $0)","Parallel Aware": false,"Async Capable": false,"Startup Cost": 124777.80,"Total Cost": 124777.81,"Plan Rows": 1,"Plan Width": 32,"Actual Startup Time": 997.906,"Actual Total Time": 997.926,"Actual Rows": 1,"Actual Loops": 1,"Plans": [{"Node Type": "Aggregate","Strategy": "Hashed","Partial Mode": "Simple","Parent Relationship": "Outer","Parallel Aware": false,"Async Capable": false,"Startup Cost": 124527.62,"Total Cost": 124652.71,"Plan Rows": 10007,"Plan Width": 36,"Actual Startup Time": 989.617,"Actual Total Time": 997.244,"Actual Rows": 10000,"Actual Loops": 1,"Group Key": ["lineitem_1.l_suppkey"],"Planned Partitions": 0,"HashAgg Batches": 1,"Peak Memory Usage": 4497,"Disk Usage": 0,"Plans": [{"Node Type": "Bitmap Heap Scan","Parent Relationship": "Outer","Parallel Aware": false,"Async Capable": false,"Relation Name": "lineitem","Alias": "lineitem_1","Startup Cost": 6092.57,"Total Cost": 122154.80,"Plan Rows": 237282,"Plan Width": 16,"Actual Startup Time": 59.269,"Actual Total Time": 782.096,"Actual Rows": 230274,"Actual Loops": 1,"Recheck Cond": "((l_shipdate >= '1997-07-01'::date) AND (l_shipdate < '1997-10-01 00:00:00'::timestamp without time zone))","Rows Removed by Index Recheck": 0,"Exact Heap Blocks": 67274,"Lossy Heap Blocks": 0,"Plans": [{"Node Type": "Bitmap Index Scan","Parent Relationship": "Outer","Parallel Aware": false,"Async Capable": false,"Index Name": "idx_lineitem_shipdate","Startup Cost": 0.00,"Total Cost": 6033.25,"Plan Rows": 237282,"Plan Width": 0,"Actual Startup Time": 45.354,"Actual Total Time": 45.368,"Actual Rows": 230274,"Actual Loops": 1,"Index Cond": "((l_shipdate >= '1997-07-01'::date) AND (l_shipdate < '1997-10-01 00:00:00'::timestamp without time zone))"}]}]}]},{"Node Type": "Index Scan","Parent Relationship": "Outer","Parallel Aware": false,"Async Capable": false,"Scan Direction": "Forward","Index Name": "supplier_pkey","Relation Name": "supplier","Alias": "supplier","Startup Cost": 0.29,"Total Cost": 495.43,"Plan Rows": 10000,"Plan Width": 71,"Actual Startup Time": 0.082,"Actual Total Time": 9.953,"Actual Rows": 5903,"Actual Loops": 1},{"Node Type": "Sort","Parent Relationship": "Inner","Parallel Aware": false,"Async Capable": false,"Startup Cost": 124679.64,"Total Cost": 124679.77,"Plan Rows": 50,"Plan Width": 36,"Actual Startup Time": 2116.784,"Actual Total Time": 2116.821,"Actual Rows": 1,"Actual Loops": 1,"Sort Key": ["revenue0.supplier_no"],"Sort Method": "quicksort","Sort Space Used": 25,"Sort Space Type": "Memory","Plans": [{"Node Type": "Subquery Scan","Parent Relationship": "Outer","Parallel Aware": false,"Async Capable": false,"Alias": "revenue0","Startup Cost": 124527.62,"Total Cost": 124678.23,"Plan Rows": 50,"Plan Width": 36,"Actual Startup Time": 2113.870,"Actual Total Time": 2116.736,"Actual Rows": 1,"Actual Loops": 1,"Plans": [{"Node Type": "Aggregate","Strategy": "Hashed","Partial Mode": "Simple","Parent Relationship": "Subquery","Parallel Aware": false,"Async Capable": false,"Startup Cost": 124527.62,"Total Cost": 124677.73,"Plan Rows": 50,"Plan Width": 36,"Actual Startup Time": 2113.854,"Actual Total Time": 2116.701,"Actual Rows": 1,"Actual Loops": 1,"Group Key": ["lineitem.l_suppkey"],"Filter": "(sum((lineitem.l_extendedprice * ('1'::numeric - lineitem.l_discount))) = $0)","Planned Partitions": 0,"HashAgg Batches": 1,"Peak Memory Usage": 4497,"Disk Usage": 0,"Rows Removed by Filter": 9999,"Plans": [{"Node Type": "Bitmap Heap Scan","Parent Relationship": "Outer","Parallel Aware": false,"Async Capable": false,"Relation Name": "lineitem","Alias": "lineitem","Startup Cost": 6092.57,"Total Cost": 122154.80,"Plan Rows": 237282,"Plan Width": 16,"Actual Startup Time": 54.610,"Actual Total Time": 936.260,"Actual Rows": 230274,"Actual Loops": 1,"Recheck Cond": "((l_shipdate >= '1997-07-01'::date) AND (l_shipdate < '1997-10-01 00:00:00'::timestamp without time zone))","Rows Removed by Index Recheck": 0,"Exact Heap Blocks": 67274,"Lossy Heap Blocks": 0,"Plans": [{"Node Type": "Bitmap Index Scan","Parent Relationship": "Outer","Parallel Aware": false,"Async Capable": false,"Index Name": "idx_lineitem_shipdate","Startup Cost": 0.00,"Total Cost": 6033.25,"Plan Rows": 237282,"Plan Width": 0,"Actual Startup Time": 40.982,"Actual Total Time": 41.009,"Actual Rows": 230274,"Actual Loops": 1,"Index Cond": "((l_shipdate >= '1997-07-01'::date) AND (l_shipdate < '1997-10-01 00:00:00'::timestamp without time zone))"}]}]}]}]}]},"Planning Time": 4.364,"Triggers": [],"Execution Time": 2132.001}]
[{"Plan": {"Node Type": "Merge Join","Parallel Aware": false,"Async Capable": false,"Join Type": "Inner","Startup Cost": 248579.05,"Total Cost": 249099.95,"Plan Rows": 50,"Plan Width": 103,"Actual Startup Time": 1976.935,"Actual Total Time": 1976.985,"Actual Rows": 1,"Actual Loops": 1,"Inner Unique": true,"Merge Cond": "(supplier.s_suppkey = revenue0.supplier_no)","Plans": [{"Node Type": "Aggregate","Strategy": "Plain","Partial Mode": "Simple","Parent Relationship": "InitPlan","Subplan Name": "InitPlan 1 (returns $0)","Parallel Aware": false,"Async Capable": false,"Startup Cost": 124338.46,"Total Cost": 124338.47,"Plan Rows": 1,"Plan Width": 32,"Actual Startup Time": 904.220,"Actual Total Time": 904.239,"Actual Rows": 1,"Actual Loops": 1,"Plans": [{"Node Type": "Aggregate","Strategy": "Hashed","Partial Mode": "Simple","Parent Relationship": "Outer","Parallel Aware": false,"Async Capable": false,"Startup Cost": 124088.28,"Total Cost": 124213.37,"Plan Rows": 10007,"Plan Width": 36,"Actual Startup Time": 892.707,"Actual Total Time": 903.575,"Actual Rows": 10000,"Actual Loops": 1,"Group Key": ["lineitem_1.l_suppkey"],"Planned Partitions": 0,"HashAgg Batches": 1,"Peak Memory Usage": 4497,"Disk Usage": 0,"Plans": [{"Node Type": "Bitmap Heap Scan","Parent Relationship": "Outer","Parallel Aware": false,"Async Capable": false,"Relation Name": "lineitem","Alias": "lineitem_1","Startup Cost": 5871.20,"Total Cost": 121802.65,"Plan Rows": 228563,"Plan Width": 16,"Actual Startup Time": 49.074,"Actual Total Time": 688.668,"Actual Rows": 229923,"Actual Loops": 1,"Recheck Cond": "((l_shipdate >= '1993-10-01'::date) AND (l_shipdate < '1994-01-01 00:00:00'::timestamp without time zone))","Rows Removed by Index Recheck": 0,"Exact Heap Blocks": 67189,"Lossy Heap Blocks": 0,"Plans": [{"Node Type": "Bitmap Index Scan","Parent Relationship": "Outer","Parallel Aware": false,"Async Capable": false,"Index Name": "idx_lineitem_shipdate","Startup Cost": 0.00,"Total Cost": 5814.06,"Plan Rows": 228563,"Plan Width": 0,"Actual Startup Time": 35.482,"Actual Total Time": 35.494,"Actual Rows": 229923,"Actual Loops": 1,"Index Cond": "((l_shipdate >= '1993-10-01'::date) AND (l_shipdate < '1994-01-01 00:00:00'::timestamp without time zone))"}]}]}]},{"Node Type": "Index Scan","Parent Relationship": "Outer","Parallel Aware": false,"Async Capable": false,"Scan Direction": "Forward","Index Name": "supplier_pkey","Relation Name": "supplier","Alias": "supplier","Startup Cost": 0.29,"Total Cost": 495.43,"Plan Rows": 10000,"Plan Width": 71,"Actual Startup Time": 0.088,"Actual Total Time": 5.655,"Actual Rows": 3497,"Actual Loops": 1},{"Node Type": "Sort","Parent Relationship": "Inner","Parallel Aware": false,"Async Capable": false,"Startup Cost": 124240.30,"Total Cost": 124240.42,"Plan Rows": 50,"Plan Width": 36,"Actual Startup Time": 1971.016,"Actual Total Time": 1971.036,"Actual Rows": 1,"Actual Loops": 1,"Sort Key": ["revenue0.supplier_no"],"Sort Method": "quicksort","Sort Space Used": 25,"Sort Space Type": "Memory","Plans": [{"Node Type": "Subquery Scan","Parent Relationship": "Outer","Parallel Aware": false,"Async Capable": false,"Alias": "revenue0","Startup Cost": 124088.28,"Total Cost": 124238.89,"Plan Rows": 50,"Plan Width": 36,"Actual Startup Time": 1964.632,"Actual Total Time": 1970.939,"Actual Rows": 1,"Actual Loops": 1,"Plans": [{"Node Type": "Aggregate","Strategy": "Hashed","Partial Mode": "Simple","Parent Relationship": "Subquery","Parallel Aware": false,"Async Capable": false,"Startup Cost": 124088.28,"Total Cost": 124238.39,"Plan Rows": 50,"Plan Width": 36,"Actual Startup Time": 1964.613,"Actual Total Time": 1970.893,"Actual Rows": 1,"Actual Loops": 1,"Group Key": ["lineitem.l_suppkey"],"Filter": "(sum((lineitem.l_extendedprice * ('1'::numeric - lineitem.l_discount))) = $0)","Planned Partitions": 0,"HashAgg Batches": 1,"Peak Memory Usage": 4497,"Disk Usage": 0,"Rows Removed by Filter": 9999,"Plans": [{"Node Type": "Bitmap Heap Scan","Parent Relationship": "Outer","Parallel Aware": false,"Async Capable": false,"Relation Name": "lineitem","Alias": "lineitem","Startup Cost": 5871.20,"Total Cost": 121802.65,"Plan Rows": 228563,"Plan Width": 16,"Actual Startup Time": 49.258,"Actual Total Time": 883.520,"Actual Rows": 229923,"Actual Loops": 1,"Recheck Cond": "((l_shipdate >= '1993-10-01'::date) AND (l_shipdate < '1994-01-01 00:00:00'::timestamp without time zone))","Rows Removed by Index Recheck": 0,"Exact Heap Blocks": 67189,"Lossy Heap Blocks": 0,"Plans": [{"Node Type": "Bitmap Index Scan","Parent Relationship": "Outer","Parallel Aware": false,"Async Capable": false,"Index Name": "idx_lineitem_shipdate","Startup Cost": 0.00,"Total Cost": 5814.06,"Plan Rows": 228563,"Plan Width": 0,"Actual Startup Time": 35.850,"Actual Total Time": 35.850,"Actual Rows": 229923,"Actual Loops": 1,"Index Cond": "((l_shipdate >= '1993-10-01'::date) AND (l_shipdate < '1994-01-01 00:00:00'::timestamp without time zone))"}]}]}]}]}]},"Planning Time": 4.959,"Triggers": [],"Execution Time": 1982.579}]
[{"Plan": {"Node Type": "Merge Join","Parallel Aware": false,"Async Capable": false,"Join Type": "Inner","Startup Cost": 249007.37,"Total Cost": 249528.27,"Plan Rows": 50,"Plan Width": 103,"Actual Startup Time": 1950.290,"Actual Total Time": 1950.325,"Actual Rows": 1,"Actual Loops": 1,"Inner Unique": true,"Merge Cond": "(supplier.s_suppkey = revenue0.supplier_no)","Plans": [{"Node Type": "Aggregate","Strategy": "Plain","Partial Mode": "Simple","Parent Relationship": "InitPlan","Subplan Name": "InitPlan 1 (returns $0)","Parallel Aware": false,"Async Capable": false,"Startup Cost": 124552.62,"Total Cost": 124552.63,"Plan Rows": 1,"Plan Width": 32,"Actual Startup Time": 860.884,"Actual Total Time": 860.896,"Actual Rows": 1,"Actual Loops": 1,"Plans": [{"Node Type": "Aggregate","Strategy": "Hashed","Partial Mode": "Simple","Parent Relationship": "Outer","Parallel Aware": false,"Async Capable": false,"Startup Cost": 124302.44,"Total Cost": 124427.53,"Plan Rows": 10007,"Plan Width": 36,"Actual Startup Time": 850.275,"Actual Total Time": 860.310,"Actual Rows": 10000,"Actual Loops": 1,"Group Key": ["lineitem_1.l_suppkey"],"Planned Partitions": 0,"HashAgg Batches": 1,"Peak Memory Usage": 4497,"Disk Usage": 0,"Plans": [{"Node Type": "Bitmap Heap Scan","Parent Relationship": "Outer","Parallel Aware": false,"Async Capable": false,"Relation Name": "lineitem","Alias": "lineitem_1","Startup Cost": 5978.87,"Total Cost": 121974.21,"Plan Rows": 232823,"Plan Width": 16,"Actual Startup Time": 57.996,"Actual Total Time": 682.359,"Actual Rows": 230989,"Actual Loops": 1,"Recheck Cond": "((l_shipdate >= '1996-11-01'::date) AND (l_shipdate < '1997-02-01 00:00:00'::timestamp without time zone))","Rows Removed by Index Recheck": 0,"Exact Heap Blocks": 67204,"Lossy Heap Blocks": 0,"Plans": [{"Node Type": "Bitmap Index Scan","Parent Relationship": "Outer","Parallel Aware": false,"Async Capable": false,"Index Name": "idx_lineitem_shipdate","Startup Cost": 0.00,"Total Cost": 5920.66,"Plan Rows": 232823,"Plan Width": 0,"Actual Startup Time": 43.736,"Actual Total Time": 43.740,"Actual Rows": 230989,"Actual Loops": 1,"Index Cond": "((l_shipdate >= '1996-11-01'::date) AND (l_shipdate < '1997-02-01 00:00:00'::timestamp without time zone))"}]}]}]},{"Node Type": "Index Scan","Parent Relationship": "Outer","Parallel Aware": false,"Async Capable": false,"Scan Direction": "Forward","Index Name": "supplier_pkey","Relation Name": "supplier","Alias": "supplier","Startup Cost": 0.29,"Total Cost": 495.43,"Plan Rows": 10000,"Plan Width": 71,"Actual Startup Time": 0.101,"Actual Total Time": 0.973,"Actual Rows": 483,"Actual Loops": 1},{"Node Type": "Sort","Parent Relationship": "Inner","Parallel Aware": false,"Async Capable": false,"Startup Cost": 124454.46,"Total Cost": 124454.58,"Plan Rows": 50,"Plan Width": 36,"Actual Startup Time": 1949.248,"Actual Total Time": 1949.262,"Actual Rows": 1,"Actual Loops": 1,"Sort Key": ["revenue0.supplier_no"],"Sort Method": "quicksort","Sort Space Used": 25,"Sort Space Type": "Memory","Plans": [{"Node Type": "Subquery Scan","Parent Relationship": "Outer","Parallel Aware": false,"Async Capable": false,"Alias": "revenue0","Startup Cost": 124302.44,"Total Cost": 124453.05,"Plan Rows": 50,"Plan Width": 36,"Actual Startup Time": 1948.543,"Actual Total Time": 1949.217,"Actual Rows": 1,"Actual Loops": 1,"Plans": [{"Node Type": "Aggregate","Strategy": "Hashed","Partial Mode": "Simple","Parent Relationship": "Subquery","Parallel Aware": false,"Async Capable": false,"Startup Cost": 124302.44,"Total Cost": 124452.55,"Plan Rows": 50,"Plan Width": 36,"Actual Startup Time": 1948.534,"Actual Total Time": 1949.205,"Actual Rows": 1,"Actual Loops": 1,"Group Key": ["lineitem.l_suppkey"],"Filter": "(sum((lineitem.l_extendedprice * ('1'::numeric - lineitem.l_discount))) = $0)","Planned Partitions": 0,"HashAgg Batches": 1,"Peak Memory Usage": 4497,"Disk Usage": 0,"Rows Removed by Filter": 9999,"Plans": [{"Node Type": "Bitmap Heap Scan","Parent Relationship": "Outer","Parallel Aware": false,"Async Capable": false,"Relation Name": "lineitem","Alias": "lineitem","Startup Cost": 5978.87,"Total Cost": 121974.21,"Plan Rows": 232823,"Plan Width": 16,"Actual Startup Time": 57.232,"Actual Total Time": 886.042,"Actual Rows": 230989,"Actual Loops": 1,"Recheck Cond": "((l_shipdate >= '1996-11-01'::date) AND (l_shipdate < '1997-02-01 00:00:00'::timestamp without time zone))","Rows Removed by Index Recheck": 0,"Exact Heap Blocks": 67204,"Lossy Heap Blocks": 0,"Plans": [{"Node Type": "Bitmap Index Scan","Parent Relationship": "Outer","Parallel Aware": false,"Async Capable": false,"Index Name": "idx_lineitem_shipdate","Startup Cost": 0.00,"Total Cost": 5920.66,"Plan Rows": 232823,"Plan Width": 0,"Actual Startup Time": 43.557,"Actual Total Time": 43.561,"Actual Rows": 230989,"Actual Loops": 1,"Index Cond": "((l_shipdate >= '1996-11-01'::date) AND (l_shipdate < '1997-02-01 00:00:00'::timestamp without time zone))"}]}]}]}]}]},"Planning Time": 4.611,"Triggers": [],"Execution Time": 1953.473}]
[{"Plan": {"Node Type": "Merge Join","Parallel Aware": false,"Async Capable": false,"Join Type": "Inner","Startup Cost": 248837.06,"Total Cost": 249357.95,"Plan Rows": 50,"Plan Width": 103,"Actual Startup Time": 1969.246,"Actual Total Time": 1969.306,"Actual Rows": 1,"Actual Loops": 1,"Inner Unique": true,"Merge Cond": "(supplier.s_suppkey = revenue0.supplier_no)","Plans": [{"Node Type": "Aggregate","Strategy": "Plain","Partial Mode": "Simple","Parent Relationship": "InitPlan","Subplan Name": "InitPlan 1 (returns $0)","Parallel Aware": false,"Async Capable": false,"Startup Cost": 124467.46,"Total Cost": 124467.47,"Plan Rows": 1,"Plan Width": 32,"Actual Startup Time": 899.835,"Actual Total Time": 899.853,"Actual Rows": 1,"Actual Loops": 1,"Plans": [{"Node Type": "Aggregate","Strategy": "Hashed","Partial Mode": "Simple","Parent Relationship": "Outer","Parallel Aware": false,"Async Capable": false,"Startup Cost": 124217.29,"Total Cost": 124342.37,"Plan Rows": 10007,"Plan Width": 36,"Actual Startup Time": 888.951,"Actual Total Time": 899.159,"Actual Rows": 10000,"Actual Loops": 1,"Group Key": ["lineitem_1.l_suppkey"],"Planned Partitions": 0,"HashAgg Batches": 1,"Peak Memory Usage": 4497,"Disk Usage": 0,"Plans": [{"Node Type": "Bitmap Heap Scan","Parent Relationship": "Outer","Parallel Aware": false,"Async Capable": false,"Relation Name": "lineitem","Alias": "lineitem_1","Startup Cost": 5666.73,"Total Cost": 122010.16,"Plan Rows": 220712,"Plan Width": 16,"Actual Startup Time": 50.799,"Actual Total Time": 691.660,"Actual Rows": 227315,"Actual Loops": 1,"Recheck Cond": "((l_shipdate >= '1994-04-01'::date) AND (l_shipdate < '1994-07-01 00:00:00'::timestamp without time zone))","Rows Removed by Index Recheck": 0,"Exact Heap Blocks": 67016,"Lossy Heap Blocks": 0,"Plans": [{"Node Type": "Bitmap Index Scan","Parent Relationship": "Outer","Parallel Aware": false,"Async Capable": false,"Index Name": "idx_lineitem_shipdate","Startup Cost": 0.00,"Total Cost": 5611.55,"Plan Rows": 220712,"Plan Width": 0,"Actual Startup Time": 36.979,"Actual Total Time": 36.992,"Actual Rows": 227315,"Actual Loops": 1,"Index Cond": "((l_shipdate >= '1994-04-01'::date) AND (l_shipdate < '1994-07-01 00:00:00'::timestamp without time zone))"}]}]}]},{"Node Type": "Index Scan","Parent Relationship": "Outer","Parallel Aware": false,"Async Capable": false,"Scan Direction": "Forward","Index Name": "supplier_pkey","Relation Name": "supplier","Alias": "supplier","Startup Cost": 0.29,"Total Cost": 495.43,"Plan Rows": 10000,"Plan Width": 71,"Actual Startup Time": 0.084,"Actual Total Time": 2.331,"Actual Rows": 1360,"Actual Loops": 1},{"Node Type": "Sort","Parent Relationship": "Inner","Parallel Aware": false,"Async Capable": false,"Startup Cost": 124369.30,"Total Cost": 124369.43,"Plan Rows": 50,"Plan Width": 36,"Actual Startup Time": 1966.772,"Actual Total Time": 1966.788,"Actual Rows": 1,"Actual Loops": 1,"Sort Key": ["revenue0.supplier_no"],"Sort Method": "quicksort","Sort Space Used": 25,"Sort Space Type": "Memory","Plans": [{"Node Type": "Subquery Scan","Parent Relationship": "Outer","Parallel Aware": false,"Async Capable": false,"Alias": "revenue0","Startup Cost": 124217.29,"Total Cost": 124367.89,"Plan Rows": 50,"Plan Width": 36,"Actual Startup Time": 1963.574,"Actual Total Time": 1966.737,"Actual Rows": 1,"Actual Loops": 1,"Plans": [{"Node Type": "Aggregate","Strategy": "Hashed","Partial Mode": "Simple","Parent Relationship": "Subquery","Parallel Aware": false,"Async Capable": false,"Startup Cost": 124217.29,"Total Cost": 124367.39,"Plan Rows": 50,"Plan Width": 36,"Actual Startup Time": 1963.555,"Actual Total Time": 1966.695,"Actual Rows": 1,"Actual Loops": 1,"Group Key": ["lineitem.l_suppkey"],"Filter": "(sum((lineitem.l_extendedprice * ('1'::numeric - lineitem.l_discount))) = $0)","Planned Partitions": 0,"HashAgg Batches": 1,"Peak Memory Usage": 4497,"Disk Usage": 0,"Rows Removed by Filter": 9999,"Plans": [{"Node Type": "Bitmap Heap Scan","Parent Relationship": "Outer","Parallel Aware": false,"Async Capable": false,"Relation Name": "lineitem","Alias": "lineitem","Startup Cost": 5666.73,"Total Cost": 122010.16,"Plan Rows": 220712,"Plan Width": 16,"Actual Startup Time": 49.894,"Actual Total Time": 881.952,"Actual Rows": 227315,"Actual Loops": 1,"Recheck Cond": "((l_shipdate >= '1994-04-01'::date) AND (l_shipdate < '1994-07-01 00:00:00'::timestamp without time zone))","Rows Removed by Index Recheck": 0,"Exact Heap Blocks": 67016,"Lossy Heap Blocks": 0,"Plans": [{"Node Type": "Bitmap Index Scan","Parent Relationship": "Outer","Parallel Aware": false,"Async Capable": false,"Index Name": "idx_lineitem_shipdate","Startup Cost": 0.00,"Total Cost": 5611.55,"Plan Rows": 220712,"Plan Width": 0,"Actual Startup Time": 36.453,"Actual Total Time": 36.453,"Actual Rows": 227315,"Actual Loops": 1,"Index Cond": "((l_shipdate >= '1994-04-01'::date) AND (l_shipdate < '1994-07-01 00:00:00'::timestamp without time zone))"}]}]}]}]}]},"Planning Time": 4.191,"Triggers": [],"Execution Time": 1974.742}]
[{"Plan": {"Node Type": "Merge Join","Parallel Aware": false,"Async Capable": false,"Join Type": "Inner","Startup Cost": 248343.83,"Total Cost": 248864.72,"Plan Rows": 50,"Plan Width": 103,"Actual Startup Time": 1973.395,"Actual Total Time": 1973.462,"Actual Rows": 1,"Actual Loops": 1,"Inner Unique": true,"Merge Cond": "(supplier.s_suppkey = revenue0.supplier_no)","Plans": [{"Node Type": "Aggregate","Strategy": "Plain","Partial Mode": "Simple","Parent Relationship": "InitPlan","Subplan Name": "InitPlan 1 (returns $0)","Parallel Aware": false,"Async Capable": false,"Startup Cost": 124220.85,"Total Cost": 124220.86,"Plan Rows": 1,"Plan Width": 32,"Actual Startup Time": 908.782,"Actual Total Time": 908.807,"Actual Rows": 1,"Actual Loops": 1,"Plans": [{"Node Type": "Aggregate","Strategy": "Hashed","Partial Mode": "Simple","Parent Relationship": "Outer","Parallel Aware": false,"Async Capable": false,"Startup Cost": 123970.67,"Total Cost": 124095.76,"Plan Rows": 10007,"Plan Width": 36,"Actual Startup Time": 900.063,"Actual Total Time": 908.145,"Actual Rows": 10000,"Actual Loops": 1,"Group Key": ["lineitem_1.l_suppkey"],"Planned Partitions": 0,"HashAgg Batches": 1,"Peak Memory Usage": 4497,"Disk Usage": 0,"Plans": [{"Node Type": "Bitmap Heap Scan","Parent Relationship": "Outer","Parallel Aware": false,"Async Capable": false,"Relation Name": "lineitem","Alias": "lineitem_1","Startup Cost": 5811.47,"Total Cost": 121708.19,"Plan Rows": 226248,"Plan Width": 16,"Actual Startup Time": 49.217,"Actual Total Time": 692.336,"Actual Rows": 229039,"Actual Loops": 1,"Recheck Cond": "((l_shipdate >= '1994-06-01'::date) AND (l_shipdate < '1994-09-01 00:00:00'::timestamp without time zone))","Rows Removed by Index Recheck": 0,"Exact Heap Blocks": 67238,"Lossy Heap Blocks": 0,"Plans": [{"Node Type": "Bitmap Index Scan","Parent Relationship": "Outer","Parallel Aware": false,"Async Capable": false,"Index Name": "idx_lineitem_shipdate","Startup Cost": 0.00,"Total Cost": 5754.91,"Plan Rows": 226248,"Plan Width": 0,"Actual Startup Time": 35.633,"Actual Total Time": 35.648,"Actual Rows": 229039,"Actual Loops": 1,"Index Cond": "((l_shipdate >= '1994-06-01'::date) AND (l_shipdate < '1994-09-01 00:00:00'::timestamp without time zone))"}]}]}]},{"Node Type": "Index Scan","Parent Relationship": "Outer","Parallel Aware": false,"Async Capable": false,"Scan Direction": "Forward","Index Name": "supplier_pkey","Relation Name": "supplier","Alias": "supplier","Startup Cost": 0.29,"Total Cost": 495.43,"Plan Rows": 10000,"Plan Width": 71,"Actual Startup Time": 0.121,"Actual Total Time": 12.024,"Actual Rows": 7946,"Actual Loops": 1},{"Node Type": "Sort","Parent Relationship": "Inner","Parallel Aware": false,"Async Capable": false,"Startup Cost": 124122.69,"Total Cost": 124122.81,"Plan Rows": 50,"Plan Width": 36,"Actual Startup Time": 1960.894,"Actual Total Time": 1960.930,"Actual Rows": 1,"Actual Loops": 1,"Sort Key": ["revenue0.supplier_no"],"Sort Method": "quicksort","Sort Space Used": 25,"Sort Space Type": "Memory","Plans": [{"Node Type": "Subquery Scan","Parent Relationship": "Outer","Parallel Aware": false,"Async Capable": false,"Alias": "revenue0","Startup Cost": 123970.67,"Total Cost": 124121.28,"Plan Rows": 50,"Plan Width": 36,"Actual Startup Time": 1956.612,"Actual Total Time": 1960.848,"Actual Rows": 1,"Actual Loops": 1,"Plans": [{"Node Type": "Aggregate","Strategy": "Hashed","Partial Mode": "Simple","Parent Relationship": "Subquery","Parallel Aware": false,"Async Capable": false,"Startup Cost": 123970.67,"Total Cost": 124120.78,"Plan Rows": 50,"Plan Width": 36,"Actual Startup Time": 1956.600,"Actual Total Time": 1960.810,"Actual Rows": 1,"Actual Loops": 1,"Group Key": ["lineitem.l_suppkey"],"Filter": "(sum((lineitem.l_extendedprice * ('1'::numeric - lineitem.l_discount))) = $0)","Planned Partitions": 0,"HashAgg Batches": 1,"Peak Memory Usage": 4497,"Disk Usage": 0,"Rows Removed by Filter": 9999,"Plans": [{"Node Type": "Bitmap Heap Scan","Parent Relationship": "Outer","Parallel Aware": false,"Async Capable": false,"Relation Name": "lineitem","Alias": "lineitem","Startup Cost": 5811.47,"Total Cost": 121708.19,"Plan Rows": 226248,"Plan Width": 16,"Actual Startup Time": 51.748,"Actual Total Time": 872.040,"Actual Rows": 229039,"Actual Loops": 1,"Recheck Cond": "((l_shipdate >= '1994-06-01'::date) AND (l_shipdate < '1994-09-01 00:00:00'::timestamp without time zone))","Rows Removed by Index Recheck": 0,"Exact Heap Blocks": 67238,"Lossy Heap Blocks": 0,"Plans": [{"Node Type": "Bitmap Index Scan","Parent Relationship": "Outer","Parallel Aware": false,"Async Capable": false,"Index Name": "idx_lineitem_shipdate","Startup Cost": 0.00,"Total Cost": 5754.91,"Plan Rows": 226248,"Plan Width": 0,"Actual Startup Time": 38.292,"Actual Total Time": 38.307,"Actual Rows": 229039,"Actual Loops": 1,"Index Cond": "((l_shipdate >= '1994-06-01'::date) AND (l_shipdate < '1994-09-01 00:00:00'::timestamp without time zone))"}]}]}]}]}]},"Planning Time": 5.138,"Triggers": [],"Execution Time": 1979.821}]
[{"Plan": {"Node Type": "Merge Join","Parallel Aware": false,"Async Capable": false,"Join Type": "Inner","Startup Cost": 248366.65,"Total Cost": 248887.54,"Plan Rows": 50,"Plan Width": 103,"Actual Startup Time": 2072.372,"Actual Total Time": 2072.404,"Actual Rows": 1,"Actual Loops": 1,"Inner Unique": true,"Merge Cond": "(supplier.s_suppkey = revenue0.supplier_no)","Plans": [{"Node Type": "Aggregate","Strategy": "Plain","Partial Mode": "Simple","Parent Relationship": "InitPlan","Subplan Name": "InitPlan 1 (returns $0)","Parallel Aware": false,"Async Capable": false,"Startup Cost": 124232.26,"Total Cost": 124232.27,"Plan Rows": 1,"Plan Width": 32,"Actual Startup Time": 935.409,"Actual Total Time": 935.422,"Actual Rows": 1,"Actual Loops": 1,"Plans": [{"Node Type": "Aggregate","Strategy": "Hashed","Partial Mode": "Simple","Parent Relationship": "Outer","Parallel Aware": false,"Async Capable": false,"Startup Cost": 123982.08,"Total Cost": 124107.17,"Plan Rows": 10007,"Plan Width": 36,"Actual Startup Time": 927.998,"Actual Total Time": 934.834,"Actual Rows": 10000,"Actual Loops": 1,"Group Key": ["lineitem_1.l_suppkey"],"Planned Partitions": 0,"HashAgg Batches": 1,"Peak Memory Usage": 4497,"Disk Usage": 0,"Plans": [{"Node Type": "Bitmap Heap Scan","Parent Relationship": "Outer","Parallel Aware": false,"Async Capable": false,"Relation Name": "lineitem","Alias": "lineitem_1","Startup Cost": 5817.63,"Total Cost": 121717.50,"Plan Rows": 226458,"Plan Width": 16,"Actual Startup Time": 58.327,"Actual Total Time": 782.071,"Actual Rows": 225975,"Actual Loops": 1,"Recheck Cond": "((l_shipdate >= '1995-12-01'::date) AND (l_shipdate < '1996-03-01 00:00:00'::timestamp without time zone))","Rows Removed by Index Recheck": 0,"Exact Heap Blocks": 66957,"Lossy Heap Blocks": 0,"Plans": [{"Node Type": "Bitmap Index Scan","Parent Relationship": "Outer","Parallel Aware": false,"Async Capable": false,"Index Name": "idx_lineitem_shipdate","Startup Cost": 0.00,"Total Cost": 5761.01,"Plan Rows": 226458,"Plan Width": 0,"Actual Startup Time": 44.649,"Actual Total Time": 44.657,"Actual Rows": 225975,"Actual Loops": 1,"Index Cond": "((l_shipdate >= '1995-12-01'::date) AND (l_shipdate < '1996-03-01 00:00:00'::timestamp without time zone))"}]}]}]},{"Node Type": "Index Scan","Parent Relationship": "Outer","Parallel Aware": false,"Async Capable": false,"Scan Direction": "Forward","Index Name": "supplier_pkey","Relation Name": "supplier","Alias": "supplier","Startup Cost": 0.29,"Total Cost": 495.43,"Plan Rows": 10000,"Plan Width": 71,"Actual Startup Time": 0.094,"Actual Total Time": 12.061,"Actual Rows": 7896,"Actual Loops": 1},{"Node Type": "Sort","Parent Relationship": "Inner","Parallel Aware": false,"Async Capable": false,"Startup Cost": 124134.10,"Total Cost": 124134.22,"Plan Rows": 50,"Plan Width": 36,"Actual Startup Time": 2059.847,"Actual Total Time": 2059.860,"Actual Rows": 1,"Actual Loops": 1,"Sort Key": ["revenue0.supplier_no"],"Sort Method": "quicksort","Sort Space Used": 25,"Sort Space Type": "Memory","Plans": [{"Node Type": "Subquery Scan","Parent Relationship": "Outer","Parallel Aware": false,"Async Capable": false,"Alias": "revenue0","Startup Cost": 123982.08,"Total Cost": 124132.69,"Plan Rows": 50,"Plan Width": 36,"Actual Startup Time": 2034.699,"Actual Total Time": 2059.773,"Actual Rows": 1,"Actual Loops": 1,"Plans": [{"Node Type": "Aggregate","Strategy": "Hashed","Partial Mode": "Simple","Parent Relationship": "Subquery","Parallel Aware": false,"Async Capable": false,"Startup Cost": 123982.08,"Total Cost": 124132.19,"Plan Rows": 50,"Plan Width": 36,"Actual Startup Time": 2034.689,"Actual Total Time": 2059.753,"Actual Rows": 1,"Actual Loops": 1,"Group Key": ["lineitem.l_suppkey"],"Filter": "(sum((lineitem.l_extendedprice * ('1'::numeric - lineitem.l_discount))) = $0)","Planned Partitions": 0,"HashAgg Batches": 1,"Peak Memory Usage": 4497,"Disk Usage": 0,"Rows Removed by Filter": 9999,"Plans": [{"Node Type": "Bitmap Heap Scan","Parent Relationship": "Outer","Parallel Aware": false,"Async Capable": false,"Relation Name": "lineitem","Alias": "lineitem","Startup Cost": 5817.63,"Total Cost": 121717.50,"Plan Rows": 226458,"Plan Width": 16,"Actual Startup Time": 55.797,"Actual Total Time": 930.171,"Actual Rows": 225975,"Actual Loops": 1,"Recheck Cond": "((l_shipdate >= '1995-12-01'::date) AND (l_shipdate < '1996-03-01 00:00:00'::timestamp without time zone))","Rows Removed by Index Recheck": 0,"Exact Heap Blocks": 66957,"Lossy Heap Blocks": 0,"Plans": [{"Node Type": "Bitmap Index Scan","Parent Relationship": "Outer","Parallel Aware": false,"Async Capable": false,"Index Name": "idx_lineitem_shipdate","Startup Cost": 0.00,"Total Cost": 5761.01,"Plan Rows": 226458,"Plan Width": 0,"Actual Startup Time": 42.303,"Actual Total Time": 42.304,"Actual Rows": 225975,"Actual Loops": 1,"Index Cond": "((l_shipdate >= '1995-12-01'::date) AND (l_shipdate < '1996-03-01 00:00:00'::timestamp without time zone))"}]}]}]}]}]},"Planning Time": 4.024,"Triggers": [],"Execution Time": 2078.117}]
[{"Plan": {"Node Type": "Merge Join","Parallel Aware": false,"Async Capable": false,"Join Type": "Inner","Startup Cost": 248318.66,"Total Cost": 248839.56,"Plan Rows": 50,"Plan Width": 103,"Actual Startup Time": 1910.643,"Actual Total Time": 1910.686,"Actual Rows": 1,"Actual Loops": 1,"Inner Unique": true,"Merge Cond": "(supplier.s_suppkey = revenue0.supplier_no)","Plans": [{"Node Type": "Aggregate","Strategy": "Plain","Partial Mode": "Simple","Parent Relationship": "InitPlan","Subplan Name": "InitPlan 1 (returns $0)","Parallel Aware": false,"Async Capable": false,"Startup Cost": 124208.26,"Total Cost": 124208.27,"Plan Rows": 1,"Plan Width": 32,"Actual Startup Time": 821.670,"Actual Total Time": 821.683,"Actual Rows": 1,"Actual Loops": 1,"Plans": [{"Node Type": "Aggregate","Strategy": "Hashed","Partial Mode": "Simple","Parent Relationship": "Outer","Parallel Aware": false,"Async Capable": false,"Startup Cost": 123958.09,"Total Cost": 124083.18,"Plan Rows": 10007,"Plan Width": 36,"Actual Startup Time": 815.842,"Actual Total Time": 821.087,"Actual Rows": 10000,"Actual Loops": 1,"Group Key": ["lineitem_1.l_suppkey"],"Planned Partitions": 0,"HashAgg Batches": 1,"Peak Memory Usage": 4497,"Disk Usage": 0,"Plans": [{"Node Type": "Bitmap Heap Scan","Parent Relationship": "Outer","Parallel Aware": false,"Async Capable": false,"Relation Name": "lineitem","Alias": "lineitem_1","Startup Cost": 5759.48,"Total Cost": 121715.12,"Plan Rows": 224297,"Plan Width": 16,"Actual Startup Time": 50.117,"Actual Total Time": 672.213,"Actual Rows": 227014,"Actual Loops": 1,"Recheck Cond": "((l_shipdate >= '1997-04-01'::date) AND (l_shipdate < '1997-07-01 00:00:00'::timestamp without time zone))","Rows Removed by Index Recheck": 0,"Exact Heap Blocks": 66860,"Lossy Heap Blocks": 0,"Plans": [{"Node Type": "Bitmap Index Scan","Parent Relationship": "Outer","Parallel Aware": false,"Async Capable": false,"Index Name": "idx_lineitem_shipdate","Startup Cost": 0.00,"Total Cost": 5703.40,"Plan Rows": 224297,"Plan Width": 0,"Actual Startup Time": 36.622,"Actual Total Time": 36.629,"Actual Rows": 227014,"Actual Loops": 1,"Index Cond": "((l_shipdate >= '1997-04-01'::date) AND (l_shipdate < '1997-07-01 00:00:00'::timestamp without time zone))"}]}]}]},{"Node Type": "Index Scan","Parent Relationship": "Outer","Parallel Aware": false,"Async Capable": false,"Scan Direction": "Forward","Index Name": "supplier_pkey","Relation Name": "supplier","Alias": "supplier","Startup Cost": 0.29,"Total Cost": 495.43,"Plan Rows": 10000,"Plan Width": 71,"Actual Startup Time": 0.097,"Actual Total Time": 9.942,"Actual Rows": 5930,"Actual Loops": 1},{"Node Type": "Sort","Parent Relationship": "Inner","Parallel Aware": false,"Async Capable": false,"Startup Cost": 124110.11,"Total Cost": 124110.23,"Plan Rows": 50,"Plan Width": 36,"Actual Startup Time": 1900.329,"Actual Total Time": 1900.348,"Actual Rows": 1,"Actual Loops": 1,"Sort Key": ["revenue0.supplier_no"],"Sort Method": "quicksort","Sort Space Used": 25,"Sort Space Type": "Memory","Plans": [{"Node Type": "Subquery Scan","Parent Relationship": "Outer","Parallel Aware": false,"Async Capable": false,"Alias": "revenue0","Startup Cost": 123958.09,"Total Cost": 124108.69,"Plan Rows": 50,"Plan Width": 36,"Actual Startup Time": 1881.723,"Actual Total Time": 1900.298,"Actual Rows": 1,"Actual Loops": 1,"Plans": [{"Node Type": "Aggregate","Strategy": "Hashed","Partial Mode": "Simple","Parent Relationship": "Subquery","Parallel Aware": false,"Async Capable": false,"Startup Cost": 123958.09,"Total Cost": 124108.19,"Plan Rows": 50,"Plan Width": 36,"Actual Startup Time": 1881.719,"Actual Total Time": 1900.288,"Actual Rows": 1,"Actual Loops": 1,"Group Key": ["lineitem.l_suppkey"],"Filter": "(sum((lineitem.l_extendedprice * ('1'::numeric - lineitem.l_discount))) = $0)","Planned Partitions": 0,"HashAgg Batches": 1,"Peak Memory Usage": 4497,"Disk Usage": 0,"Rows Removed by Filter": 9999,"Plans": [{"Node Type": "Bitmap Heap Scan","Parent Relationship": "Outer","Parallel Aware": false,"Async Capable": false,"Relation Name": "lineitem","Alias": "lineitem","Startup Cost": 5759.48,"Total Cost": 121715.12,"Plan Rows": 224297,"Plan Width": 16,"Actual Startup Time": 48.813,"Actual Total Time": 884.760,"Actual Rows": 227014,"Actual Loops": 1,"Recheck Cond": "((l_shipdate >= '1997-04-01'::date) AND (l_shipdate < '1997-07-01 00:00:00'::timestamp without time zone))","Rows Removed by Index Recheck": 0,"Exact Heap Blocks": 66860,"Lossy Heap Blocks": 0,"Plans": [{"Node Type": "Bitmap Index Scan","Parent Relationship": "Outer","Parallel Aware": false,"Async Capable": false,"Index Name": "idx_lineitem_shipdate","Startup Cost": 0.00,"Total Cost": 5703.40,"Plan Rows": 224297,"Plan Width": 0,"Actual Startup Time": 35.388,"Actual Total Time": 35.392,"Actual Rows": 227014,"Actual Loops": 1,"Index Cond": "((l_shipdate >= '1997-04-01'::date) AND (l_shipdate < '1997-07-01 00:00:00'::timestamp without time zone))"}]}]}]}]}]},"Planning Time": 4.444,"Triggers": [],"Execution Time": 1913.029}]
[{"Plan": {"Node Type": "Merge Join","Parallel Aware": false,"Async Capable": false,"Join Type": "Inner","Startup Cost": 249146.21,"Total Cost": 249667.11,"Plan Rows": 50,"Plan Width": 103,"Actual Startup Time": 2028.234,"Actual Total Time": 2028.282,"Actual Rows": 1,"Actual Loops": 1,"Inner Unique": true,"Merge Cond": "(supplier.s_suppkey = revenue0.supplier_no)","Plans": [{"Node Type": "Aggregate","Strategy": "Plain","Partial Mode": "Simple","Parent Relationship": "InitPlan","Subplan Name": "InitPlan 1 (returns $0)","Parallel Aware": false,"Async Capable": false,"Startup Cost": 124622.04,"Total Cost": 124622.05,"Plan Rows": 1,"Plan Width": 32,"Actual Startup Time": 930.480,"Actual Total Time": 930.506,"Actual Rows": 1,"Actual Loops": 1,"Plans": [{"Node Type": "Aggregate","Strategy": "Hashed","Partial Mode": "Simple","Parent Relationship": "Outer","Parallel Aware": false,"Async Capable": false,"Startup Cost": 124371.86,"Total Cost": 124496.95,"Plan Rows": 10007,"Plan Width": 36,"Actual Startup Time": 921.451,"Actual Total Time": 929.857,"Actual Rows": 10000,"Actual Loops": 1,"Group Key": ["lineitem_1.l_suppkey"],"Planned Partitions": 0,"HashAgg Batches": 1,"Peak Memory Usage": 4497,"Disk Usage": 0,"Plans": [{"Node Type": "Bitmap Heap Scan","Parent Relationship": "Outer","Parallel Aware": false,"Async Capable": false,"Relation Name": "lineitem","Alias": "lineitem_1","Startup Cost": 6013.24,"Total Cost": 122029.61,"Plan Rows": 234225,"Plan Width": 16,"Actual Startup Time": 55.960,"Actual Total Time": 717.488,"Actual Rows": 231352,"Actual Loops": 1,"Recheck Cond": "((l_shipdate >= '1996-10-01'::date) AND (l_shipdate < '1997-01-01 00:00:00'::timestamp without time zone))","Rows Removed by Index Recheck": 0,"Exact Heap Blocks": 67396,"Lossy Heap Blocks": 0,"Plans": [{"Node Type": "Bitmap Index Scan","Parent Relationship": "Outer","Parallel Aware": false,"Async Capable": false,"Index Name": "idx_lineitem_shipdate","Startup Cost": 0.00,"Total Cost": 5954.68,"Plan Rows": 234225,"Plan Width": 0,"Actual Startup Time": 42.612,"Actual Total Time": 42.627,"Actual Rows": 231352,"Actual Loops": 1,"Index Cond": "((l_shipdate >= '1996-10-01'::date) AND (l_shipdate < '1997-01-01 00:00:00'::timestamp without time zone))"}]}]}]},{"Node Type": "Index Scan","Parent Relationship": "Outer","Parallel Aware": false,"Async Capable": false,"Scan Direction": "Forward","Index Name": "supplier_pkey","Relation Name": "supplier","Alias": "supplier","Startup Cost": 0.29,"Total Cost": 495.43,"Plan Rows": 10000,"Plan Width": 71,"Actual Startup Time": 0.137,"Actual Total Time": 5.844,"Actual Rows": 3442,"Actual Loops": 1},{"Node Type": "Sort","Parent Relationship": "Inner","Parallel Aware": false,"Async Capable": false,"Startup Cost": 124523.88,"Total Cost": 124524.01,"Plan Rows": 50,"Plan Width": 36,"Actual Startup Time": 2022.134,"Actual Total Time": 2022.146,"Actual Rows": 1,"Actual Loops": 1,"Sort Key": ["revenue0.supplier_no"],"Sort Method": "quicksort","Sort Space Used": 25,"Sort Space Type": "Memory","Plans": [{"Node Type": "Subquery Scan","Parent Relationship": "Outer","Parallel Aware": false,"Async Capable": false,"Alias": "revenue0","Startup Cost": 124371.86,"Total Cost": 124522.47,"Plan Rows": 50,"Plan Width": 36,"Actual Startup Time": 2010.890,"Actual Total Time": 2022.087,"Actual Rows": 1,"Actual Loops": 1,"Plans": [{"Node Type": "Aggregate","Strategy": "Hashed","Partial Mode": "Simple","Parent Relationship": "Subquery","Parallel Aware": false,"Async Capable": false,"Startup Cost": 124371.86,"Total Cost": 124521.97,"Plan Rows": 50,"Plan Width": 36,"Actual Startup Time": 2010.873,"Actual Total Time": 2022.049,"Actual Rows": 1,"Actual Loops": 1,"Group Key": ["lineitem.l_suppkey"],"Filter": "(sum((lineitem.l_extendedprice * ('1'::numeric - lineitem.l_discount))) = $0)","Planned Partitions": 0,"HashAgg Batches": 1,"Peak Memory Usage": 4497,"Disk Usage": 0,"Rows Removed by Filter": 9999,"Plans": [{"Node Type": "Bitmap Heap Scan","Parent Relationship": "Outer","Parallel Aware": false,"Async Capable": false,"Relation Name": "lineitem","Alias": "lineitem","Startup Cost": 6013.24,"Total Cost": 122029.61,"Plan Rows": 234225,"Plan Width": 16,"Actual Startup Time": 57.882,"Actual Total Time": 902.129,"Actual Rows": 231352,"Actual Loops": 1,"Recheck Cond": "((l_shipdate >= '1996-10-01'::date) AND (l_shipdate < '1997-01-01 00:00:00'::timestamp without time zone))","Rows Removed by Index Recheck": 0,"Exact Heap Blocks": 67396,"Lossy Heap Blocks": 0,"Plans": [{"Node Type": "Bitmap Index Scan","Parent Relationship": "Outer","Parallel Aware": false,"Async Capable": false,"Index Name": "idx_lineitem_shipdate","Startup Cost": 0.00,"Total Cost": 5954.68,"Plan Rows": 234225,"Plan Width": 0,"Actual Startup Time": 44.484,"Actual Total Time": 44.484,"Actual Rows": 231352,"Actual Loops": 1,"Index Cond": "((l_shipdate >= '1996-10-01'::date) AND (l_shipdate < '1997-01-01 00:00:00'::timestamp without time zone))"}]}]}]}]}]},"Planning Time": 5.220,"Triggers": [],"Execution Time": 2034.122}]
[{"Plan": {"Node Type": "Merge Join","Parallel Aware": false,"Async Capable": false,"Join Type": "Inner","Startup Cost": 248397.34,"Total Cost": 248918.24,"Plan Rows": 50,"Plan Width": 103,"Actual Startup Time": 2132.561,"Actual Total Time": 2132.611,"Actual Rows": 1,"Actual Loops": 1,"Inner Unique": true,"Merge Cond": "(supplier.s_suppkey = revenue0.supplier_no)","Plans": [{"Node Type": "Aggregate","Strategy": "Plain","Partial Mode": "Simple","Parent Relationship": "InitPlan","Subplan Name": "InitPlan 1 (returns $0)","Parallel Aware": false,"Async Capable": false,"Startup Cost": 124247.60,"Total Cost": 124247.61,"Plan Rows": 1,"Plan Width": 32,"Actual Startup Time": 1004.511,"Actual Total Time": 1004.530,"Actual Rows": 1,"Actual Loops": 1,"Plans": [{"Node Type": "Aggregate","Strategy": "Hashed","Partial Mode": "Simple","Parent Relationship": "Outer","Parallel Aware": false,"Async Capable": false,"Startup Cost": 123997.43,"Total Cost": 124122.51,"Plan Rows": 10007,"Plan Width": 36,"Actual Startup Time": 997.133,"Actual Total Time": 1003.860,"Actual Rows": 10000,"Actual Loops": 1,"Group Key": ["lineitem_1.l_suppkey"],"Planned Partitions": 0,"HashAgg Batches": 1,"Peak Memory Usage": 4497,"Disk Usage": 0,"Plans": [{"Node Type": "Bitmap Heap Scan","Parent Relationship": "Outer","Parallel Aware": false,"Async Capable": false,"Relation Name": "lineitem","Alias": "lineitem_1","Startup Cost": 5824.93,"Total Cost": 121729.63,"Plan Rows": 226780,"Plan Width": 16,"Actual Startup Time": 65.404,"Actual Total Time": 789.488,"Actual Rows": 230659,"Actual Loops": 1,"Recheck Cond": "((l_shipdate >= '1995-07-01'::date) AND (l_shipdate < '1995-10-01 00:00:00'::timestamp without time zone))","Rows Removed by Index Recheck": 0,"Exact Heap Blocks": 67431,"Lossy Heap Blocks": 0,"Plans": [{"Node Type": "Bitmap Index Scan","Parent Relationship": "Outer","Parallel Aware": false,"Async Capable": false,"Index Name": "idx_lineitem_shipdate","Startup Cost": 0.00,"Total Cost": 5768.23,"Plan Rows": 226780,"Plan Width": 0,"Actual Startup Time": 51.481,"Actual Total Time": 51.496,"Actual Rows": 230659,"Actual Loops": 1,"Index Cond": "((l_shipdate >= '1995-07-01'::date) AND (l_shipdate < '1995-10-01 00:00:00'::timestamp without time zone))"}]}]}]},{"Node Type": "Index Scan","Parent Relationship": "Outer","Parallel Aware": false,"Async Capable": false,"Scan Direction": "Forward","Index Name": "supplier_pkey","Relation Name": "supplier","Alias": "supplier","Startup Cost": 0.29,"Total Cost": 495.43,"Plan Rows": 10000,"Plan Width": 71,"Actual Startup Time": 0.120,"Actual Total Time": 0.700,"Actual Rows": 264,"Actual Loops": 1},{"Node Type": "Sort","Parent Relationship": "Inner","Parallel Aware": false,"Async Capable": false,"Startup Cost": 124149.44,"Total Cost": 124149.57,"Plan Rows": 50,"Plan Width": 36,"Actual Startup Time": 2131.781,"Actual Total Time": 2131.792,"Actual Rows": 1,"Actual Loops": 1,"Sort Key": ["revenue0.supplier_no"],"Sort Method": "quicksort","Sort Space Used": 25,"Sort Space Type": "Memory","Plans": [{"Node Type": "Subquery Scan","Parent Relationship": "Outer","Parallel Aware": false,"Async Capable": false,"Alias": "revenue0","Startup Cost": 123997.43,"Total Cost": 124148.03,"Plan Rows": 50,"Plan Width": 36,"Actual Startup Time": 2129.290,"Actual Total Time": 2131.723,"Actual Rows": 1,"Actual Loops": 1,"Plans": [{"Node Type": "Aggregate","Strategy": "Hashed","Partial Mode": "Simple","Parent Relationship": "Subquery","Parallel Aware": false,"Async Capable": false,"Startup Cost": 123997.43,"Total Cost": 124147.53,"Plan Rows": 50,"Plan Width": 36,"Actual Startup Time": 2129.272,"Actual Total Time": 2131.683,"Actual Rows": 1,"Actual Loops": 1,"Group Key": ["lineitem.l_suppkey"],"Filter": "(sum((lineitem.l_extendedprice * ('1'::numeric - lineitem.l_discount))) = $0)","Planned Partitions": 0,"HashAgg Batches": 1,"Peak Memory Usage": 4497,"Disk Usage": 0,"Rows Removed by Filter": 9999,"Plans": [{"Node Type": "Bitmap Heap Scan","Parent Relationship": "Outer","Parallel Aware": false,"Async Capable": false,"Relation Name": "lineitem","Alias": "lineitem","Startup Cost": 5824.93,"Total Cost": 121729.63,"Plan Rows": 226780,"Plan Width": 16,"Actual Startup Time": 62.757,"Actual Total Time": 945.261,"Actual Rows": 230659,"Actual Loops": 1,"Recheck Cond": "((l_shipdate >= '1995-07-01'::date) AND (l_shipdate < '1995-10-01 00:00:00'::timestamp without time zone))","Rows Removed by Index Recheck": 0,"Exact Heap Blocks": 67431,"Lossy Heap Blocks": 0,"Plans": [{"Node Type": "Bitmap Index Scan","Parent Relationship": "Outer","Parallel Aware": false,"Async Capable": false,"Index Name": "idx_lineitem_shipdate","Startup Cost": 0.00,"Total Cost": 5768.23,"Plan Rows": 226780,"Plan Width": 0,"Actual Startup Time": 49.243,"Actual Total Time": 49.243,"Actual Rows": 230659,"Actual Loops": 1,"Index Cond": "((l_shipdate >= '1995-07-01'::date) AND (l_shipdate < '1995-10-01 00:00:00'::timestamp without time zone))"}]}]}]}]}]},"Planning Time": 3.858,"Triggers": [],"Execution Time": 2137.592}]
[{"Plan": {"Node Type": "Merge Join","Parallel Aware": false,"Async Capable": false,"Join Type": "Inner","Startup Cost": 248906.53,"Total Cost": 249427.43,"Plan Rows": 50,"Plan Width": 103,"Actual Startup Time": 2120.338,"Actual Total Time": 2120.405,"Actual Rows": 1,"Actual Loops": 1,"Inner Unique": true,"Merge Cond": "(supplier.s_suppkey = revenue0.supplier_no)","Plans": [{"Node Type": "Aggregate","Strategy": "Plain","Partial Mode": "Simple","Parent Relationship": "InitPlan","Subplan Name": "InitPlan 1 (returns $0)","Parallel Aware": false,"Async Capable": false,"Startup Cost": 124502.20,"Total Cost": 124502.21,"Plan Rows": 1,"Plan Width": 32,"Actual Startup Time": 995.653,"Actual Total Time": 995.675,"Actual Rows": 1,"Actual Loops": 1,"Plans": [{"Node Type": "Aggregate","Strategy": "Hashed","Partial Mode": "Simple","Parent Relationship": "Outer","Parallel Aware": false,"Async Capable": false,"Startup Cost": 124252.02,"Total Cost": 124377.11,"Plan Rows": 10007,"Plan Width": 36,"Actual Startup Time": 988.573,"Actual Total Time": 995.015,"Actual Rows": 10000,"Actual Loops": 1,"Group Key": ["lineitem_1.l_suppkey"],"Planned Partitions": 0,"HashAgg Batches": 1,"Peak Memory Usage": 4497,"Disk Usage": 0,"Plans": [{"Node Type": "Bitmap Heap Scan","Parent Relationship": "Outer","Parallel Aware": false,"Async Capable": false,"Relation Name": "lineitem","Alias": "lineitem_1","Startup Cost": 5658.18,"Total Cost": 122049.35,"Plan Rows": 220268,"Plan Width": 16,"Actual Startup Time": 64.084,"Actual Total Time": 782.585,"Actual Rows": 229188,"Actual Loops": 1,"Recheck Cond": "((l_shipdate >= '1996-06-01'::date) AND (l_shipdate < '1996-09-01 00:00:00'::timestamp without time zone))","Rows Removed by Index Recheck": 0,"Exact Heap Blocks": 67237,"Lossy Heap Blocks": 0,"Plans": [{"Node Type": "Bitmap Index Scan","Parent Relationship": "Outer","Parallel Aware": false,"Async Capable": false,"Index Name": "idx_lineitem_shipdate","Startup Cost": 0.00,"Total Cost": 5603.11,"Plan Rows": 220268,"Plan Width": 0,"Actual Startup Time": 50.249,"Actual Total Time": 50.261,"Actual Rows": 229188,"Actual Loops": 1,"Index Cond": "((l_shipdate >= '1996-06-01'::date) AND (l_shipdate < '1996-09-01 00:00:00'::timestamp without time zone))"}]}]}]},{"Node Type": "Index Scan","Parent Relationship": "Outer","Parallel Aware": false,"Async Capable": false,"Scan Direction": "Forward","Index Name": "supplier_pkey","Relation Name": "supplier","Alias": "supplier","Startup Cost": 0.29,"Total Cost": 495.43,"Plan Rows": 10000,"Plan Width": 71,"Actual Startup Time": 0.111,"Actual Total Time": 6.155,"Actual Rows": 3498,"Actual Loops": 1},{"Node Type": "Sort","Parent Relationship": "Inner","Parallel Aware": false,"Async Capable": false,"Startup Cost": 124404.04,"Total Cost": 124404.16,"Plan Rows": 50,"Plan Width": 36,"Actual Startup Time": 2113.926,"Actual Total Time": 2113.963,"Actual Rows": 1,"Actual Loops": 1,"Sort Key": ["revenue0.supplier_no"],"Sort Method": "quicksort","Sort Space Used": 25,"Sort Space Type": "Memory","Plans": [{"Node Type": "Subquery Scan","Parent Relationship": "Outer","Parallel Aware": false,"Async Capable": false,"Alias": "revenue0","Startup Cost": 124252.02,"Total Cost": 124402.63,"Plan Rows": 50,"Plan Width": 36,"Actual Startup Time": 2110.361,"Actual Total Time": 2113.880,"Actual Rows": 1,"Actual Loops": 1,"Plans": [{"Node Type": "Aggregate","Strategy": "Hashed","Partial Mode": "Simple","Parent Relationship": "Subquery","Parallel Aware": false,"Async Capable": false,"Startup Cost": 124252.02,"Total Cost": 124402.13,"Plan Rows": 50,"Plan Width": 36,"Actual Startup Time": 2110.349,"Actual Total Time": 2113.833,"Actual Rows": 1,"Actual Loops": 1,"Group Key": ["lineitem.l_suppkey"],"Filter": "(sum((lineitem.l_extendedprice * ('1'::numeric - lineitem.l_discount))) = $0)","Planned Partitions": 0,"HashAgg Batches": 1,"Peak Memory Usage": 4497,"Disk Usage": 0,"Rows Removed by Filter": 9999,"Plans": [{"Node Type": "Bitmap Heap Scan","Parent Relationship": "Outer","Parallel Aware": false,"Async Capable": false,"Relation Name": "lineitem","Alias": "lineitem","Startup Cost": 5658.18,"Total Cost": 122049.35,"Plan Rows": 220268,"Plan Width": 16,"Actual Startup Time": 61.436,"Actual Total Time": 938.941,"Actual Rows": 229188,"Actual Loops": 1,"Recheck Cond": "((l_shipdate >= '1996-06-01'::date) AND (l_shipdate < '1996-09-01 00:00:00'::timestamp without time zone))","Rows Removed by Index Recheck": 0,"Exact Heap Blocks": 67237,"Lossy Heap Blocks": 0,"Plans": [{"Node Type": "Bitmap Index Scan","Parent Relationship": "Outer","Parallel Aware": false,"Async Capable": false,"Index Name": "idx_lineitem_shipdate","Startup Cost": 0.00,"Total Cost": 5603.11,"Plan Rows": 220268,"Plan Width": 0,"Actual Startup Time": 47.976,"Actual Total Time": 47.995,"Actual Rows": 229188,"Actual Loops": 1,"Index Cond": "((l_shipdate >= '1996-06-01'::date) AND (l_shipdate < '1996-09-01 00:00:00'::timestamp without time zone))"}]}]}]}]}]},"Planning Time": 3.999,"Triggers": [],"Execution Time": 2125.477}]
[{"Plan": {"Node Type": "Merge Join","Parallel Aware": false,"Async Capable": false,"Join Type": "Inner","Startup Cost": 249472.28,"Total Cost": 249993.18,"Plan Rows": 50,"Plan Width": 103,"Actual Startup Time": 1952.751,"Actual Total Time": 1952.805,"Actual Rows": 1,"Actual Loops": 1,"Inner Unique": true,"Merge Cond": "(supplier.s_suppkey = revenue0.supplier_no)","Plans": [{"Node Type": "Aggregate","Strategy": "Plain","Partial Mode": "Simple","Parent Relationship": "InitPlan","Subplan Name": "InitPlan 1 (returns $0)","Parallel Aware": false,"Async Capable": false,"Startup Cost": 124785.07,"Total Cost": 124785.08,"Plan Rows": 1,"Plan Width": 32,"Actual Startup Time": 847.271,"Actual Total Time": 847.290,"Actual Rows": 1,"Actual Loops": 1,"Plans": [{"Node Type": "Aggregate","Strategy": "Hashed","Partial Mode": "Simple","Parent Relationship": "Outer","Parallel Aware": false,"Async Capable": false,"Startup Cost": 124534.90,"Total Cost": 124659.99,"Plan Rows": 10007,"Plan Width": 36,"Actual Startup Time": 836.378,"Actual Total Time": 846.694,"Actual Rows": 10000,"Actual Loops": 1,"Group Key": ["lineitem_1.l_suppkey"],"Planned Partitions": 0,"HashAgg Batches": 1,"Peak Memory Usage": 4497,"Disk Usage": 0,"Plans": [{"Node Type": "Bitmap Heap Scan","Parent Relationship": "Outer","Parallel Aware": false,"Async Capable": false,"Relation Name": "lineitem","Alias": "lineitem_1","Startup Cost": 6097.53,"Total Cost": 122161.15,"Plan Rows": 237375,"Plan Width": 16,"Actual Startup Time": 58.987,"Actual Total Time": 672.968,"Actual Rows": 228539,"Actual Loops": 1,"Recheck Cond": "((l_shipdate >= '1993-06-01'::date) AND (l_shipdate < '1993-09-01 00:00:00'::timestamp without time zone))","Rows Removed by Index Recheck": 0,"Exact Heap Blocks": 66999,"Lossy Heap Blocks": 0,"Plans": [{"Node Type": "Bitmap Index Scan","Parent Relationship": "Outer","Parallel Aware": false,"Async Capable": false,"Index Name": "idx_lineitem_shipdate","Startup Cost": 0.00,"Total Cost": 6038.18,"Plan Rows": 237375,"Plan Width": 0,"Actual Startup Time": 45.413,"Actual Total Time": 45.423,"Actual Rows": 228539,"Actual Loops": 1,"Index Cond": "((l_shipdate >= '1993-06-01'::date) AND (l_shipdate < '1993-09-01 00:00:00'::timestamp without time zone))"}]}]}]},{"Node Type": "Index Scan","Parent Relationship": "Outer","Parallel Aware": false,"Async Capable": false,"Scan Direction": "Forward","Index Name": "supplier_pkey","Relation Name": "supplier","Alias": "supplier","Startup Cost": 0.29,"Total Cost": 495.43,"Plan Rows": 10000,"Plan Width": 71,"Actual Startup Time": 0.104,"Actual Total Time": 12.098,"Actual Rows": 7980,"Actual Loops": 1},{"Node Type": "Sort","Parent Relationship": "Inner","Parallel Aware": false,"Async Capable": false,"Startup Cost": 124686.92,"Total Cost": 124687.04,"Plan Rows": 50,"Plan Width": 36,"Actual Startup Time": 1940.190,"Actual Total Time": 1940.213,"Actual Rows": 1,"Actual Loops": 1,"Sort Key": ["revenue0.supplier_no"],"Sort Method": "quicksort","Sort Space Used": 25,"Sort Space Type": "Memory","Plans": [{"Node Type": "Subquery Scan","Parent Relationship": "Outer","Parallel Aware": false,"Async Capable": false,"Alias": "revenue0","Startup Cost": 124534.90,"Total Cost": 124685.50,"Plan Rows": 50,"Plan Width": 36,"Actual Startup Time": 1939.057,"Actual Total Time": 1940.171,"Actual Rows": 1,"Actual Loops": 1,"Plans": [{"Node Type": "Aggregate","Strategy": "Hashed","Partial Mode": "Simple","Parent Relationship": "Subquery","Parallel Aware": false,"Async Capable": false,"Startup Cost": 124534.90,"Total Cost": 124685.00,"Plan Rows": 50,"Plan Width": 36,"Actual Startup Time": 1939.051,"Actual Total Time": 1940.160,"Actual Rows": 1,"Actual Loops": 1,"Group Key": ["lineitem.l_suppkey"],"Filter": "(sum((lineitem.l_extendedprice * ('1'::numeric - lineitem.l_discount))) = $0)","Planned Partitions": 0,"HashAgg Batches": 1,"Peak Memory Usage": 4497,"Disk Usage": 0,"Rows Removed by Filter": 9999,"Plans": [{"Node Type": "Bitmap Heap Scan","Parent Relationship": "Outer","Parallel Aware": false,"Async Capable": false,"Relation Name": "lineitem","Alias": "lineitem","Startup Cost": 6097.53,"Total Cost": 122161.15,"Plan Rows": 237375,"Plan Width": 16,"Actual Startup Time": 58.682,"Actual Total Time": 894.513,"Actual Rows": 228539,"Actual Loops": 1,"Recheck Cond": "((l_shipdate >= '1993-06-01'::date) AND (l_shipdate < '1993-09-01 00:00:00'::timestamp without time zone))","Rows Removed by Index Recheck": 0,"Exact Heap Blocks": 66999,"Lossy Heap Blocks": 0,"Plans": [{"Node Type": "Bitmap Index Scan","Parent Relationship": "Outer","Parallel Aware": false,"Async Capable": false,"Index Name": "idx_lineitem_shipdate","Startup Cost": 0.00,"Total Cost": 6038.18,"Plan Rows": 237375,"Plan Width": 0,"Actual Startup Time": 45.375,"Actual Total Time": 45.379,"Actual Rows": 228539,"Actual Loops": 1,"Index Cond": "((l_shipdate >= '1993-06-01'::date) AND (l_shipdate < '1993-09-01 00:00:00'::timestamp without time zone))"}]}]}]}]}]},"Planning Time": 5.432,"Triggers": [],"Execution Time": 1956.101}]
[{"Plan": {"Node Type": "Merge Join","Parallel Aware": false,"Async Capable": false,"Join Type": "Inner","Startup Cost": 248366.65,"Total Cost": 248887.54,"Plan Rows": 50,"Plan Width": 103,"Actual Startup Time": 2072.372,"Actual Total Time": 2072.404,"Actual Rows": 1,"Actual Loops": 1,"Inner Unique": true,"Merge Cond": "(supplier.s_suppkey = revenue0.supplier_no)","Plans": [{"Node Type": "Aggregate","Strategy": "Plain","Partial Mode": "Simple","Parent Relationship": "InitPlan","Subplan Name": "InitPlan 1 (returns $0)","Parallel Aware": false,"Async Capable": false,"Startup Cost": 124232.26,"Total Cost": 124232.27,"Plan Rows": 1,"Plan Width": 32,"Actual Startup Time": 935.409,"Actual Total Time": 935.422,"Actual Rows": 1,"Actual Loops": 1,"Plans": [{"Node Type": "Aggregate","Strategy": "Hashed","Partial Mode": "Simple","Parent Relationship": "Outer","Parallel Aware": false,"Async Capable": false,"Startup Cost": 123982.08,"Total Cost": 124107.17,"Plan Rows": 10007,"Plan Width": 36,"Actual Startup Time": 927.998,"Actual Total Time": 934.834,"Actual Rows": 10000,"Actual Loops": 1,"Group Key": ["lineitem_1.l_suppkey"],"Planned Partitions": 0,"HashAgg Batches": 1,"Peak Memory Usage": 4497,"Disk Usage": 0,"Plans": [{"Node Type": "Bitmap Heap Scan","Parent Relationship": "Outer","Parallel Aware": false,"Async Capable": false,"Relation Name": "lineitem","Alias": "lineitem_1","Startup Cost": 5817.63,"Total Cost": 121717.50,"Plan Rows": 226458,"Plan Width": 16,"Actual Startup Time": 58.327,"Actual Total Time": 782.071,"Actual Rows": 225975,"Actual Loops": 1,"Recheck Cond": "((l_shipdate >= '1995-12-01'::date) AND (l_shipdate < '1996-03-01 00:00:00'::timestamp without time zone))","Rows Removed by Index Recheck": 0,"Exact Heap Blocks": 66957,"Lossy Heap Blocks": 0,"Plans": [{"Node Type": "Bitmap Index Scan","Parent Relationship": "Outer","Parallel Aware": false,"Async Capable": false,"Index Name": "idx_lineitem_shipdate","Startup Cost": 0.00,"Total Cost": 5761.01,"Plan Rows": 226458,"Plan Width": 0,"Actual Startup Time": 44.649,"Actual Total Time": 44.657,"Actual Rows": 225975,"Actual Loops": 1,"Index Cond": "((l_shipdate >= '1995-12-01'::date) AND (l_shipdate < '1996-03-01 00:00:00'::timestamp without time zone))"}]}]}]},{"Node Type": "Index Scan","Parent Relationship": "Outer","Parallel Aware": false,"Async Capable": false,"Scan Direction": "Forward","Index Name": "supplier_pkey","Relation Name": "supplier","Alias": "supplier","Startup Cost": 0.29,"Total Cost": 495.43,"Plan Rows": 10000,"Plan Width": 71,"Actual Startup Time": 0.094,"Actual Total Time": 12.061,"Actual Rows": 7896,"Actual Loops": 1},{"Node Type": "Sort","Parent Relationship": "Inner","Parallel Aware": false,"Async Capable": false,"Startup Cost": 124134.10,"Total Cost": 124134.22,"Plan Rows": 50,"Plan Width": 36,"Actual Startup Time": 2059.847,"Actual Total Time": 2059.860,"Actual Rows": 1,"Actual Loops": 1,"Sort Key": ["revenue0.supplier_no"],"Sort Method": "quicksort","Sort Space Used": 25,"Sort Space Type": "Memory","Plans": [{"Node Type": "Subquery Scan","Parent Relationship": "Outer","Parallel Aware": false,"Async Capable": false,"Alias": "revenue0","Startup Cost": 123982.08,"Total Cost": 124132.69,"Plan Rows": 50,"Plan Width": 36,"Actual Startup Time": 2034.699,"Actual Total Time": 2059.773,"Actual Rows": 1,"Actual Loops": 1,"Plans": [{"Node Type": "Aggregate","Strategy": "Hashed","Partial Mode": "Simple","Parent Relationship": "Subquery","Parallel Aware": false,"Async Capable": false,"Startup Cost": 123982.08,"Total Cost": 124132.19,"Plan Rows": 50,"Plan Width": 36,"Actual Startup Time": 2034.689,"Actual Total Time": 2059.753,"Actual Rows": 1,"Actual Loops": 1,"Group Key": ["lineitem.l_suppkey"],"Filter": "(sum((lineitem.l_extendedprice * ('1'::numeric - lineitem.l_discount))) = $0)","Planned Partitions": 0,"HashAgg Batches": 1,"Peak Memory Usage": 4497,"Disk Usage": 0,"Rows Removed by Filter": 9999,"Plans": [{"Node Type": "Bitmap Heap Scan","Parent Relationship": "Outer","Parallel Aware": false,"Async Capable": false,"Relation Name": "lineitem","Alias": "lineitem","Startup Cost": 5817.63,"Total Cost": 121717.50,"Plan Rows": 226458,"Plan Width": 16,"Actual Startup Time": 55.797,"Actual Total Time": 930.171,"Actual Rows": 225975,"Actual Loops": 1,"Recheck Cond": "((l_shipdate >= '1995-12-01'::date) AND (l_shipdate < '1996-03-01 00:00:00'::timestamp without time zone))","Rows Removed by Index Recheck": 0,"Exact Heap Blocks": 66957,"Lossy Heap Blocks": 0,"Plans": [{"Node Type": "Bitmap Index Scan","Parent Relationship": "Outer","Parallel Aware": false,"Async Capable": false,"Index Name": "idx_lineitem_shipdate","Startup Cost": 0.00,"Total Cost": 5761.01,"Plan Rows": 226458,"Plan Width": 0,"Actual Startup Time": 42.303,"Actual Total Time": 42.304,"Actual Rows": 225975,"Actual Loops": 1,"Index Cond": "((l_shipdate >= '1995-12-01'::date) AND (l_shipdate < '1996-03-01 00:00:00'::timestamp without time zone))"}]}]}]}]}]},"Planning Time": 4.024,"Triggers": [],"Execution Time": 2078.117}]
[{"Plan": {"Node Type": "Merge Join","Parallel Aware": false,"Async Capable": false,"Join Type": "Inner","Startup Cost": 249444.62,"Total Cost": 249965.52,"Plan Rows": 50,"Plan Width": 103,"Actual Startup Time": 2087.809,"Actual Total Time": 2087.855,"Actual Rows": 1,"Actual Loops": 1,"Inner Unique": true,"Merge Cond": "(supplier.s_suppkey = revenue0.supplier_no)","Plans": [{"Node Type": "Aggregate","Strategy": "Plain","Partial Mode": "Simple","Parent Relationship": "InitPlan","Subplan Name": "InitPlan 1 (returns $0)","Parallel Aware": false,"Async Capable": false,"Startup Cost": 124771.24,"Total Cost": 124771.25,"Plan Rows": 1,"Plan Width": 32,"Actual Startup Time": 947.517,"Actual Total Time": 947.530,"Actual Rows": 1,"Actual Loops": 1,"Plans": [{"Node Type": "Aggregate","Strategy": "Hashed","Partial Mode": "Simple","Parent Relationship": "Outer","Parallel Aware": false,"Async Capable": false,"Startup Cost": 124521.07,"Total Cost": 124646.15,"Plan Rows": 10007,"Plan Width": 36,"Actual Startup Time": 940.365,"Actual Total Time": 946.934,"Actual Rows": 10000,"Actual Loops": 1,"Group Key": ["lineitem_1.l_suppkey"],"Planned Partitions": 0,"HashAgg Batches": 1,"Peak Memory Usage": 4497,"Disk Usage": 0,"Plans": [{"Node Type": "Bitmap Heap Scan","Parent Relationship": "Outer","Parallel Aware": false,"Async Capable": false,"Relation Name": "lineitem","Alias": "lineitem_1","Startup Cost": 6090.67,"Total Cost": 122150.11,"Plan Rows": 237096,"Plan Width": 16,"Actual Startup Time": 58.913,"Actual Total Time": 793.107,"Actual Rows": 230437,"Actual Loops": 1,"Recheck Cond": "((l_shipdate >= '1997-06-01'::date) AND (l_shipdate < '1997-09-01 00:00:00'::timestamp without time zone))","Rows Removed by Index Recheck": 0,"Exact Heap Blocks": 67249,"Lossy Heap Blocks": 0,"Plans": [{"Node Type": "Bitmap Index Scan","Parent Relationship": "Outer","Parallel Aware": false,"Async Capable": false,"Index Name": "idx_lineitem_shipdate","Startup Cost": 0.00,"Total Cost": 6031.39,"Plan Rows": 237096,"Plan Width": 0,"Actual Startup Time": 45.234,"Actual Total Time": 45.241,"Actual Rows": 230437,"Actual Loops": 1,"Index Cond": "((l_shipdate >= '1997-06-01'::date) AND (l_shipdate < '1997-09-01 00:00:00'::timestamp without time zone))"}]}]}]},{"Node Type": "Index Scan","Parent Relationship": "Outer","Parallel Aware": false,"Async Capable": false,"Scan Direction": "Forward","Index Name": "supplier_pkey","Relation Name": "supplier","Alias": "supplier","Startup Cost": 0.29,"Total Cost": 495.43,"Plan Rows": 10000,"Plan Width": 71,"Actual Startup Time": 0.071,"Actual Total Time": 8.069,"Actual Rows": 4963,"Actual Loops": 1},{"Node Type": "Sort","Parent Relationship": "Inner","Parallel Aware": false,"Async Capable": false,"Startup Cost": 124673.08,"Total Cost": 124673.21,"Plan Rows": 50,"Plan Width": 36,"Actual Startup Time": 2079.426,"Actual Total Time": 2079.438,"Actual Rows": 1,"Actual Loops": 1,"Sort Key": ["revenue0.supplier_no"],"Sort Method": "quicksort","Sort Space Used": 25,"Sort Space Type": "Memory","Plans": [{"Node Type": "Subquery Scan","Parent Relationship": "Outer","Parallel Aware": false,"Async Capable": false,"Alias": "revenue0","Startup Cost": 124521.07,"Total Cost": 124671.67,"Plan Rows": 50,"Plan Width": 36,"Actual Startup Time": 2064.256,"Actual Total Time": 2079.384,"Actual Rows": 1,"Actual Loops": 1,"Plans": [{"Node Type": "Aggregate","Strategy": "Hashed","Partial Mode": "Simple","Parent Relationship": "Subquery","Parallel Aware": false,"Async Capable": false,"Startup Cost": 124521.07,"Total Cost": 124671.17,"Plan Rows": 50,"Plan Width": 36,"Actual Startup Time": 2064.247,"Actual Total Time": 2079.364,"Actual Rows": 1,"Actual Loops": 1,"Group Key": ["lineitem.l_suppkey"],"Filter": "(sum((lineitem.l_extendedprice * ('1'::numeric - lineitem.l_discount))) = $0)","Planned Partitions": 0,"HashAgg Batches": 1,"Peak Memory Usage": 4497,"Disk Usage": 0,"Rows Removed by Filter": 9999,"Plans": [{"Node Type": "Bitmap Heap Scan","Parent Relationship": "Outer","Parallel Aware": false,"Async Capable": false,"Relation Name": "lineitem","Alias": "lineitem","Startup Cost": 6090.67,"Total Cost": 122150.11,"Plan Rows": 237096,"Plan Width": 16,"Actual Startup Time": 55.721,"Actual Total Time": 936.714,"Actual Rows": 230437,"Actual Loops": 1,"Recheck Cond": "((l_shipdate >= '1997-06-01'::date) AND (l_shipdate < '1997-09-01 00:00:00'::timestamp without time zone))","Rows Removed by Index Recheck": 0,"Exact Heap Blocks": 67249,"Lossy Heap Blocks": 0,"Plans": [{"Node Type": "Bitmap Index Scan","Parent Relationship": "Outer","Parallel Aware": false,"Async Capable": false,"Index Name": "idx_lineitem_shipdate","Startup Cost": 0.00,"Total Cost": 6031.39,"Plan Rows": 237096,"Plan Width": 0,"Actual Startup Time": 42.178,"Actual Total Time": 42.181,"Actual Rows": 230437,"Actual Loops": 1,"Index Cond": "((l_shipdate >= '1997-06-01'::date) AND (l_shipdate < '1997-09-01 00:00:00'::timestamp without time zone))"}]}]}]}]}]},"Planning Time": 4.884,"Triggers": [],"Execution Time": 2093.730}]
[{"Plan": {"Node Type": "Merge Join","Parallel Aware": false,"Async Capable": false,"Join Type": "Inner","Startup Cost": 248790.52,"Total Cost": 249311.42,"Plan Rows": 50,"Plan Width": 103,"Actual Startup Time": 1983.963,"Actual Total Time": 1983.999,"Actual Rows": 1,"Actual Loops": 1,"Inner Unique": true,"Merge Cond": "(supplier.s_suppkey = revenue0.supplier_no)","Plans": [{"Node Type": "Aggregate","Strategy": "Plain","Partial Mode": "Simple","Parent Relationship": "InitPlan","Subplan Name": "InitPlan 1 (returns $0)","Parallel Aware": false,"Async Capable": false,"Startup Cost": 124444.19,"Total Cost": 124444.20,"Plan Rows": 1,"Plan Width": 32,"Actual Startup Time": 870.346,"Actual Total Time": 870.363,"Actual Rows": 1,"Actual Loops": 1,"Plans": [{"Node Type": "Aggregate","Strategy": "Hashed","Partial Mode": "Simple","Parent Relationship": "Outer","Parallel Aware": false,"Async Capable": false,"Startup Cost": 124194.02,"Total Cost": 124319.10,"Plan Rows": 10007,"Plan Width": 36,"Actual Startup Time": 861.387,"Actual Total Time": 869.774,"Actual Rows": 10000,"Actual Loops": 1,"Group Key": ["lineitem_1.l_suppkey"],"Planned Partitions": 0,"HashAgg Batches": 1,"Peak Memory Usage": 4497,"Disk Usage": 0,"Plans": [{"Node Type": "Bitmap Heap Scan","Parent Relationship": "Outer","Parallel Aware": false,"Async Capable": false,"Relation Name": "lineitem","Alias": "lineitem_1","Startup Cost": 5924.65,"Total Cost": 121887.47,"Plan Rows": 230655,"Plan Width": 16,"Actual Startup Time": 48.641,"Actual Total Time": 688.563,"Actual Rows": 229970,"Actual Loops": 1,"Recheck Cond": "((l_shipdate >= '1997-05-01'::date) AND (l_shipdate < '1997-08-01 00:00:00'::timestamp without time zone))","Rows Removed by Index Recheck": 0,"Exact Heap Blocks": 67328,"Lossy Heap Blocks": 0,"Plans": [{"Node Type": "Bitmap Index Scan","Parent Relationship": "Outer","Parallel Aware": false,"Async Capable": false,"Index Name": "idx_lineitem_shipdate","Startup Cost": 0.00,"Total Cost": 5866.98,"Plan Rows": 230655,"Plan Width": 0,"Actual Startup Time": 35.373,"Actual Total Time": 35.379,"Actual Rows": 229970,"Actual Loops": 1,"Index Cond": "((l_shipdate >= '1997-05-01'::date) AND (l_shipdate < '1997-08-01 00:00:00'::timestamp without time zone))"}]}]}]},{"Node Type": "Index Scan","Parent Relationship": "Outer","Parallel Aware": false,"Async Capable": false,"Scan Direction": "Forward","Index Name": "supplier_pkey","Relation Name": "supplier","Alias": "supplier","Startup Cost": 0.29,"Total Cost": 495.43,"Plan Rows": 10000,"Plan Width": 71,"Actual Startup Time": 0.081,"Actual Total Time": 1.818,"Actual Rows": 977,"Actual Loops": 1},{"Node Type": "Sort","Parent Relationship": "Inner","Parallel Aware": false,"Async Capable": false,"Startup Cost": 124346.03,"Total Cost": 124346.16,"Plan Rows": 50,"Plan Width": 36,"Actual Startup Time": 1982.064,"Actual Total Time": 1982.074,"Actual Rows": 1,"Actual Loops": 1,"Sort Key": ["revenue0.supplier_no"],"Sort Method": "quicksort","Sort Space Used": 25,"Sort Space Type": "Memory","Plans": [{"Node Type": "Subquery Scan","Parent Relationship": "Outer","Parallel Aware": false,"Async Capable": false,"Alias": "revenue0","Startup Cost": 124194.02,"Total Cost": 124344.62,"Plan Rows": 50,"Plan Width": 36,"Actual Startup Time": 1977.425,"Actual Total Time": 1982.032,"Actual Rows": 1,"Actual Loops": 1,"Plans": [{"Node Type": "Aggregate","Strategy": "Hashed","Partial Mode": "Simple","Parent Relationship": "Subquery","Parallel Aware": false,"Async Capable": false,"Startup Cost": 124194.02,"Total Cost": 124344.12,"Plan Rows": 50,"Plan Width": 36,"Actual Startup Time": 1977.416,"Actual Total Time": 1982.019,"Actual Rows": 1,"Actual Loops": 1,"Group Key": ["lineitem.l_suppkey"],"Filter": "(sum((lineitem.l_extendedprice * ('1'::numeric - lineitem.l_discount))) = $0)","Planned Partitions": 0,"HashAgg Batches": 1,"Peak Memory Usage": 4497,"Disk Usage": 0,"Rows Removed by Filter": 9999,"Plans": [{"Node Type": "Bitmap Heap Scan","Parent Relationship": "Outer","Parallel Aware": false,"Async Capable": false,"Relation Name": "lineitem","Alias": "lineitem","Startup Cost": 5924.65,"Total Cost": 121887.47,"Plan Rows": 230655,"Plan Width": 16,"Actual Startup Time": 49.950,"Actual Total Time": 900.000,"Actual Rows": 229970,"Actual Loops": 1,"Recheck Cond": "((l_shipdate >= '1997-05-01'::date) AND (l_shipdate < '1997-08-01 00:00:00'::timestamp without time zone))","Rows Removed by Index Recheck": 0,"Exact Heap Blocks": 67328,"Lossy Heap Blocks": 0,"Plans": [{"Node Type": "Bitmap Index Scan","Parent Relationship": "Outer","Parallel Aware": false,"Async Capable": false,"Index Name": "idx_lineitem_shipdate","Startup Cost": 0.00,"Total Cost": 5866.98,"Plan Rows": 230655,"Plan Width": 0,"Actual Startup Time": 36.810,"Actual Total Time": 36.810,"Actual Rows": 229970,"Actual Loops": 1,"Index Cond": "((l_shipdate >= '1997-05-01'::date) AND (l_shipdate < '1997-08-01 00:00:00'::timestamp without time zone))"}]}]}]}]}]},"Planning Time": 5.469,"Triggers": [],"Execution Time": 1986.524}]
[{"Plan": {"Node Type": "Merge Join","Parallel Aware": false,"Async Capable": false,"Join Type": "Inner","Startup Cost": 248790.52,"Total Cost": 249311.42,"Plan Rows": 50,"Plan Width": 103,"Actual Startup Time": 1983.963,"Actual Total Time": 1983.999,"Actual Rows": 1,"Actual Loops": 1,"Inner Unique": true,"Merge Cond": "(supplier.s_suppkey = revenue0.supplier_no)","Plans": [{"Node Type": "Aggregate","Strategy": "Plain","Partial Mode": "Simple","Parent Relationship": "InitPlan","Subplan Name": "InitPlan 1 (returns $0)","Parallel Aware": false,"Async Capable": false,"Startup Cost": 124444.19,"Total Cost": 124444.20,"Plan Rows": 1,"Plan Width": 32,"Actual Startup Time": 870.346,"Actual Total Time": 870.363,"Actual Rows": 1,"Actual Loops": 1,"Plans": [{"Node Type": "Aggregate","Strategy": "Hashed","Partial Mode": "Simple","Parent Relationship": "Outer","Parallel Aware": false,"Async Capable": false,"Startup Cost": 124194.02,"Total Cost": 124319.10,"Plan Rows": 10007,"Plan Width": 36,"Actual Startup Time": 861.387,"Actual Total Time": 869.774,"Actual Rows": 10000,"Actual Loops": 1,"Group Key": ["lineitem_1.l_suppkey"],"Planned Partitions": 0,"HashAgg Batches": 1,"Peak Memory Usage": 4497,"Disk Usage": 0,"Plans": [{"Node Type": "Bitmap Heap Scan","Parent Relationship": "Outer","Parallel Aware": false,"Async Capable": false,"Relation Name": "lineitem","Alias": "lineitem_1","Startup Cost": 5924.65,"Total Cost": 121887.47,"Plan Rows": 230655,"Plan Width": 16,"Actual Startup Time": 48.641,"Actual Total Time": 688.563,"Actual Rows": 229970,"Actual Loops": 1,"Recheck Cond": "((l_shipdate >= '1997-05-01'::date) AND (l_shipdate < '1997-08-01 00:00:00'::timestamp without time zone))","Rows Removed by Index Recheck": 0,"Exact Heap Blocks": 67328,"Lossy Heap Blocks": 0,"Plans": [{"Node Type": "Bitmap Index Scan","Parent Relationship": "Outer","Parallel Aware": false,"Async Capable": false,"Index Name": "idx_lineitem_shipdate","Startup Cost": 0.00,"Total Cost": 5866.98,"Plan Rows": 230655,"Plan Width": 0,"Actual Startup Time": 35.373,"Actual Total Time": 35.379,"Actual Rows": 229970,"Actual Loops": 1,"Index Cond": "((l_shipdate >= '1997-05-01'::date) AND (l_shipdate < '1997-08-01 00:00:00'::timestamp without time zone))"}]}]}]},{"Node Type": "Index Scan","Parent Relationship": "Outer","Parallel Aware": false,"Async Capable": false,"Scan Direction": "Forward","Index Name": "supplier_pkey","Relation Name": "supplier","Alias": "supplier","Startup Cost": 0.29,"Total Cost": 495.43,"Plan Rows": 10000,"Plan Width": 71,"Actual Startup Time": 0.081,"Actual Total Time": 1.818,"Actual Rows": 977,"Actual Loops": 1},{"Node Type": "Sort","Parent Relationship": "Inner","Parallel Aware": false,"Async Capable": false,"Startup Cost": 124346.03,"Total Cost": 124346.16,"Plan Rows": 50,"Plan Width": 36,"Actual Startup Time": 1982.064,"Actual Total Time": 1982.074,"Actual Rows": 1,"Actual Loops": 1,"Sort Key": ["revenue0.supplier_no"],"Sort Method": "quicksort","Sort Space Used": 25,"Sort Space Type": "Memory","Plans": [{"Node Type": "Subquery Scan","Parent Relationship": "Outer","Parallel Aware": false,"Async Capable": false,"Alias": "revenue0","Startup Cost": 124194.02,"Total Cost": 124344.62,"Plan Rows": 50,"Plan Width": 36,"Actual Startup Time": 1977.425,"Actual Total Time": 1982.032,"Actual Rows": 1,"Actual Loops": 1,"Plans": [{"Node Type": "Aggregate","Strategy": "Hashed","Partial Mode": "Simple","Parent Relationship": "Subquery","Parallel Aware": false,"Async Capable": false,"Startup Cost": 124194.02,"Total Cost": 124344.12,"Plan Rows": 50,"Plan Width": 36,"Actual Startup Time": 1977.416,"Actual Total Time": 1982.019,"Actual Rows": 1,"Actual Loops": 1,"Group Key": ["lineitem.l_suppkey"],"Filter": "(sum((lineitem.l_extendedprice * ('1'::numeric - lineitem.l_discount))) = $0)","Planned Partitions": 0,"HashAgg Batches": 1,"Peak Memory Usage": 4497,"Disk Usage": 0,"Rows Removed by Filter": 9999,"Plans": [{"Node Type": "Bitmap Heap Scan","Parent Relationship": "Outer","Parallel Aware": false,"Async Capable": false,"Relation Name": "lineitem","Alias": "lineitem","Startup Cost": 5924.65,"Total Cost": 121887.47,"Plan Rows": 230655,"Plan Width": 16,"Actual Startup Time": 49.950,"Actual Total Time": 900.000,"Actual Rows": 229970,"Actual Loops": 1,"Recheck Cond": "((l_shipdate >= '1997-05-01'::date) AND (l_shipdate < '1997-08-01 00:00:00'::timestamp without time zone))","Rows Removed by Index Recheck": 0,"Exact Heap Blocks": 67328,"Lossy Heap Blocks": 0,"Plans": [{"Node Type": "Bitmap Index Scan","Parent Relationship": "Outer","Parallel Aware": false,"Async Capable": false,"Index Name": "idx_lineitem_shipdate","Startup Cost": 0.00,"Total Cost": 5866.98,"Plan Rows": 230655,"Plan Width": 0,"Actual Startup Time": 36.810,"Actual Total Time": 36.810,"Actual Rows": 229970,"Actual Loops": 1,"Index Cond": "((l_shipdate >= '1997-05-01'::date) AND (l_shipdate < '1997-08-01 00:00:00'::timestamp without time zone))"}]}]}]}]}]},"Planning Time": 5.469,"Triggers": [],"Execution Time": 1986.524}]
[{"Plan": {"Node Type": "Merge Join","Parallel Aware": false,"Async Capable": false,"Join Type": "Inner","Startup Cost": 249071.51,"Total Cost": 249592.41,"Plan Rows": 50,"Plan Width": 103,"Actual Startup Time": 2110.599,"Actual Total Time": 2110.677,"Actual Rows": 1,"Actual Loops": 1,"Inner Unique": true,"Merge Cond": "(supplier.s_suppkey = revenue0.supplier_no)","Plans": [{"Node Type": "Aggregate","Strategy": "Plain","Partial Mode": "Simple","Parent Relationship": "InitPlan","Subplan Name": "InitPlan 1 (returns $0)","Parallel Aware": false,"Async Capable": false,"Startup Cost": 124584.69,"Total Cost": 124584.70,"Plan Rows": 1,"Plan Width": 32,"Actual Startup Time": 993.769,"Actual Total Time": 993.795,"Actual Rows": 1,"Actual Loops": 1,"Plans": [{"Node Type": "Aggregate","Strategy": "Hashed","Partial Mode": "Simple","Parent Relationship": "Outer","Parallel Aware": false,"Async Capable": false,"Startup Cost": 124334.51,"Total Cost": 124459.60,"Plan Rows": 10007,"Plan Width": 36,"Actual Startup Time": 986.871,"Actual Total Time": 993.109,"Actual Rows": 10000,"Actual Loops": 1,"Group Key": ["lineitem_1.l_suppkey"],"Planned Partitions": 0,"HashAgg Batches": 1,"Peak Memory Usage": 4497,"Disk Usage": 0,"Plans": [{"Node Type": "Bitmap Heap Scan","Parent Relationship": "Outer","Parallel Aware": false,"Async Capable": false,"Relation Name": "lineitem","Alias": "lineitem_1","Startup Cost": 5625.90,"Total Cost": 122143.81,"Plan Rows": 219070,"Plan Width": 16,"Actual Startup Time": 58.722,"Actual Total Time": 774.337,"Actual Rows": 229004,"Actual Loops": 1,"Recheck Cond": "((l_shipdate >= '1993-11-01'::date) AND (l_shipdate < '1994-02-01 00:00:00'::timestamp without time zone))","Rows Removed by Index Recheck": 0,"Exact Heap Blocks": 67131,"Lossy Heap Blocks": 0,"Plans": [{"Node Type": "Bitmap Index Scan","Parent Relationship": "Outer","Parallel Aware": false,"Async Capable": false,"Index Name": "idx_lineitem_shipdate","Startup Cost": 0.00,"Total Cost": 5571.13,"Plan Rows": 219070,"Plan Width": 0,"Actual Startup Time": 44.914,"Actual Total Time": 44.935,"Actual Rows": 229004,"Actual Loops": 1,"Index Cond": "((l_shipdate >= '1993-11-01'::date) AND (l_shipdate < '1994-02-01 00:00:00'::timestamp without time zone))"}]}]}]},{"Node Type": "Index Scan","Parent Relationship": "Outer","Parallel Aware": false,"Async Capable": false,"Scan Direction": "Forward","Index Name": "supplier_pkey","Relation Name": "supplier","Alias": "supplier","Startup Cost": 0.29,"Total Cost": 495.43,"Plan Rows": 10000,"Plan Width": 71,"Actual Startup Time": 0.107,"Actual Total Time": 9.434,"Actual Rows": 5487,"Actual Loops": 1},{"Node Type": "Sort","Parent Relationship": "Inner","Parallel Aware": false,"Async Capable": false,"Startup Cost": 124486.53,"Total Cost": 124486.65,"Plan Rows": 50,"Plan Width": 36,"Actual Startup Time": 2100.793,"Actual Total Time": 2100.813,"Actual Rows": 1,"Actual Loops": 1,"Sort Key": ["revenue0.supplier_no"],"Sort Method": "quicksort","Sort Space Used": 25,"Sort Space Type": "Memory","Plans": [{"Node Type": "Subquery Scan","Parent Relationship": "Outer","Parallel Aware": false,"Async Capable": false,"Alias": "revenue0","Startup Cost": 124334.51,"Total Cost": 124485.12,"Plan Rows": 50,"Plan Width": 36,"Actual Startup Time": 2097.633,"Actual Total Time": 2100.707,"Actual Rows": 1,"Actual Loops": 1,"Plans": [{"Node Type": "Aggregate","Strategy": "Hashed","Partial Mode": "Simple","Parent Relationship": "Subquery","Parallel Aware": false,"Async Capable": false,"Startup Cost": 124334.51,"Total Cost": 124484.62,"Plan Rows": 50,"Plan Width": 36,"Actual Startup Time": 2097.616,"Actual Total Time": 2100.659,"Actual Rows": 1,"Actual Loops": 1,"Group Key": ["lineitem.l_suppkey"],"Filter": "(sum((lineitem.l_extendedprice * ('1'::numeric - lineitem.l_discount))) = $0)","Planned Partitions": 0,"HashAgg Batches": 1,"Peak Memory Usage": 4497,"Disk Usage": 0,"Rows Removed by Filter": 9999,"Plans": [{"Node Type": "Bitmap Heap Scan","Parent Relationship": "Outer","Parallel Aware": false,"Async Capable": false,"Relation Name": "lineitem","Alias": "lineitem","Startup Cost": 5625.90,"Total Cost": 122143.81,"Plan Rows": 219070,"Plan Width": 16,"Actual Startup Time": 54.544,"Actual Total Time": 928.571,"Actual Rows": 229004,"Actual Loops": 1,"Recheck Cond": "((l_shipdate >= '1993-11-01'::date) AND (l_shipdate < '1994-02-01 00:00:00'::timestamp without time zone))","Rows Removed by Index Recheck": 0,"Exact Heap Blocks": 67131,"Lossy Heap Blocks": 0,"Plans": [{"Node Type": "Bitmap Index Scan","Parent Relationship": "Outer","Parallel Aware": false,"Async Capable": false,"Index Name": "idx_lineitem_shipdate","Startup Cost": 0.00,"Total Cost": 5571.13,"Plan Rows": 219070,"Plan Width": 0,"Actual Startup Time": 41.027,"Actual Total Time": 41.029,"Actual Rows": 229004,"Actual Loops": 1,"Index Cond": "((l_shipdate >= '1993-11-01'::date) AND (l_shipdate < '1994-02-01 00:00:00'::timestamp without time zone))"}]}]}]}]}]},"Planning Time": 4.907,"Triggers": [],"Execution Time": 2115.877}]
[{"Plan": {"Node Type": "Merge Join","Parallel Aware": false,"Async Capable": false,"Join Type": "Inner","Startup Cost": 248695.00,"Total Cost": 249215.90,"Plan Rows": 50,"Plan Width": 103,"Actual Startup Time": 2082.592,"Actual Total Time": 2082.640,"Actual Rows": 1,"Actual Loops": 1,"Inner Unique": true,"Merge Cond": "(supplier.s_suppkey = revenue0.supplier_no)","Plans": [{"Node Type": "Aggregate","Strategy": "Plain","Partial Mode": "Simple","Parent Relationship": "InitPlan","Subplan Name": "InitPlan 1 (returns $0)","Parallel Aware": false,"Async Capable": false,"Startup Cost": 124396.43,"Total Cost": 124396.44,"Plan Rows": 1,"Plan Width": 32,"Actual Startup Time": 946.403,"Actual Total Time": 946.419,"Actual Rows": 1,"Actual Loops": 1,"Plans": [{"Node Type": "Aggregate","Strategy": "Hashed","Partial Mode": "Simple","Parent Relationship": "Outer","Parallel Aware": false,"Async Capable": false,"Startup Cost": 124146.26,"Total Cost": 124271.35,"Plan Rows": 10007,"Plan Width": 36,"Actual Startup Time": 938.935,"Actual Total Time": 945.817,"Actual Rows": 10000,"Actual Loops": 1,"Group Key": ["lineitem_1.l_suppkey"],"Planned Partitions": 0,"HashAgg Batches": 1,"Peak Memory Usage": 4497,"Disk Usage": 0,"Plans": [{"Node Type": "Bitmap Heap Scan","Parent Relationship": "Outer","Parallel Aware": false,"Async Capable": false,"Relation Name": "lineitem","Alias": "lineitem_1","Startup Cost": 5899.41,"Total Cost": 121848.72,"Plan Rows": 229754,"Plan Width": 16,"Actual Startup Time": 59.759,"Actual Total Time": 793.376,"Actual Rows": 228921,"Actual Loops": 1,"Recheck Cond": "((l_shipdate >= '1996-03-01'::date) AND (l_shipdate < '1996-06-01 00:00:00'::timestamp without time zone))","Rows Removed by Index Recheck": 0,"Exact Heap Blocks": 67056,"Lossy Heap Blocks": 0,"Plans": [{"Node Type": "Bitmap Index Scan","Parent Relationship": "Outer","Parallel Aware": false,"Async Capable": false,"Index Name": "idx_lineitem_shipdate","Startup Cost": 0.00,"Total Cost": 5841.97,"Plan Rows": 229754,"Plan Width": 0,"Actual Startup Time": 45.910,"Actual Total Time": 45.916,"Actual Rows": 228921,"Actual Loops": 1,"Index Cond": "((l_shipdate >= '1996-03-01'::date) AND (l_shipdate < '1996-06-01 00:00:00'::timestamp without time zone))"}]}]}]},{"Node Type": "Index Scan","Parent Relationship": "Outer","Parallel Aware": false,"Async Capable": false,"Scan Direction": "Forward","Index Name": "supplier_pkey","Relation Name": "supplier","Alias": "supplier","Startup Cost": 0.29,"Total Cost": 495.43,"Plan Rows": 10000,"Plan Width": 71,"Actual Startup Time": 0.102,"Actual Total Time": 2.838,"Actual Rows": 1506,"Actual Loops": 1},{"Node Type": "Sort","Parent Relationship": "Inner","Parallel Aware": false,"Async Capable": false,"Startup Cost": 124298.27,"Total Cost": 124298.40,"Plan Rows": 50,"Plan Width": 36,"Actual Startup Time": 2079.634,"Actual Total Time": 2079.648,"Actual Rows": 1,"Actual Loops": 1,"Sort Key": ["revenue0.supplier_no"],"Sort Method": "quicksort","Sort Space Used": 25,"Sort Space Type": "Memory","Plans": [{"Node Type": "Subquery Scan","Parent Relationship": "Outer","Parallel Aware": false,"Async Capable": false,"Alias": "revenue0","Startup Cost": 124146.26,"Total Cost": 124296.86,"Plan Rows": 50,"Plan Width": 36,"Actual Startup Time": 2064.713,"Actual Total Time": 2079.612,"Actual Rows": 1,"Actual Loops": 1,"Plans": [{"Node Type": "Aggregate","Strategy": "Hashed","Partial Mode": "Simple","Parent Relationship": "Subquery","Parallel Aware": false,"Async Capable": false,"Startup Cost": 124146.26,"Total Cost": 124296.36,"Plan Rows": 50,"Plan Width": 36,"Actual Startup Time": 2064.706,"Actual Total Time": 2079.603,"Actual Rows": 1,"Actual Loops": 1,"Group Key": ["lineitem.l_suppkey"],"Filter": "(sum((lineitem.l_extendedprice * ('1'::numeric - lineitem.l_discount))) = $0)","Planned Partitions": 0,"HashAgg Batches": 1,"Peak Memory Usage": 4497,"Disk Usage": 0,"Rows Removed by Filter": 9999,"Plans": [{"Node Type": "Bitmap Heap Scan","Parent Relationship": "Outer","Parallel Aware": false,"Async Capable": false,"Relation Name": "lineitem","Alias": "lineitem","Startup Cost": 5899.41,"Total Cost": 121848.72,"Plan Rows": 229754,"Plan Width": 16,"Actual Startup Time": 56.873,"Actual Total Time": 935.993,"Actual Rows": 228921,"Actual Loops": 1,"Recheck Cond": "((l_shipdate >= '1996-03-01'::date) AND (l_shipdate < '1996-06-01 00:00:00'::timestamp without time zone))","Rows Removed by Index Recheck": 0,"Exact Heap Blocks": 67056,"Lossy Heap Blocks": 0,"Plans": [{"Node Type": "Bitmap Index Scan","Parent Relationship": "Outer","Parallel Aware": false,"Async Capable": false,"Index Name": "idx_lineitem_shipdate","Startup Cost": 0.00,"Total Cost": 5841.97,"Plan Rows": 229754,"Plan Width": 0,"Actual Startup Time": 43.119,"Actual Total Time": 43.123,"Actual Rows": 228921,"Actual Loops": 1,"Index Cond": "((l_shipdate >= '1996-03-01'::date) AND (l_shipdate < '1996-06-01 00:00:00'::timestamp without time zone))"}]}]}]}]}]},"Planning Time": 4.992,"Triggers": [],"Execution Time": 2086.750}]
[{"Plan": {"Node Type": "Merge Join","Parallel Aware": false,"Async Capable": false,"Join Type": "Inner","Startup Cost": 248524.21,"Total Cost": 249045.10,"Plan Rows": 50,"Plan Width": 103,"Actual Startup Time": 2079.423,"Actual Total Time": 2079.492,"Actual Rows": 1,"Actual Loops": 1,"Inner Unique": true,"Merge Cond": "(supplier.s_suppkey = revenue0.supplier_no)","Plans": [{"Node Type": "Aggregate","Strategy": "Plain","Partial Mode": "Simple","Parent Relationship": "InitPlan","Subplan Name": "InitPlan 1 (returns $0)","Parallel Aware": false,"Async Capable": false,"Startup Cost": 124311.04,"Total Cost": 124311.05,"Plan Rows": 1,"Plan Width": 32,"Actual Startup Time": 980.693,"Actual Total Time": 980.722,"Actual Rows": 1,"Actual Loops": 1,"Plans": [{"Node Type": "Aggregate","Strategy": "Hashed","Partial Mode": "Simple","Parent Relationship": "Outer","Parallel Aware": false,"Async Capable": false,"Startup Cost": 124060.86,"Total Cost": 124185.95,"Plan Rows": 10007,"Plan Width": 36,"Actual Startup Time": 972.593,"Actual Total Time": 980.068,"Actual Rows": 10000,"Actual Loops": 1,"Group Key": ["lineitem_1.l_suppkey"],"Planned Partitions": 0,"HashAgg Batches": 1,"Peak Memory Usage": 4497,"Disk Usage": 0,"Plans": [{"Node Type": "Bitmap Heap Scan","Parent Relationship": "Outer","Parallel Aware": false,"Async Capable": false,"Relation Name": "lineitem","Alias": "lineitem_1","Startup Cost": 5725.29,"Total Cost": 121831.73,"Plan Rows": 222913,"Plan Width": 16,"Actual Startup Time": 57.312,"Actual Total Time": 766.290,"Actual Rows": 222566,"Actual Loops": 1,"Recheck Cond": "((l_shipdate >= '1994-02-01'::date) AND (l_shipdate < '1994-05-01 00:00:00'::timestamp without time zone))","Rows Removed by Index Recheck": 0,"Exact Heap Blocks": 66315,"Lossy Heap Blocks": 0,"Plans": [{"Node Type": "Bitmap Index Scan","Parent Relationship": "Outer","Parallel Aware": false,"Async Capable": false,"Index Name": "idx_lineitem_shipdate","Startup Cost": 0.00,"Total Cost": 5669.56,"Plan Rows": 222913,"Plan Width": 0,"Actual Startup Time": 43.664,"Actual Total Time": 43.688,"Actual Rows": 222566,"Actual Loops": 1,"Index Cond": "((l_shipdate >= '1994-02-01'::date) AND (l_shipdate < '1994-05-01 00:00:00'::timestamp without time zone))"}]}]}]},{"Node Type": "Index Scan","Parent Relationship": "Outer","Parallel Aware": false,"Async Capable": false,"Scan Direction": "Forward","Index Name": "supplier_pkey","Relation Name": "supplier","Alias": "supplier","Startup Cost": 0.29,"Total Cost": 495.43,"Plan Rows": 10000,"Plan Width": 71,"Actual Startup Time": 0.097,"Actual Total Time": 2.547,"Actual Rows": 1344,"Actual Loops": 1},{"Node Type": "Sort","Parent Relationship": "Inner","Parallel Aware": false,"Async Capable": false,"Startup Cost": 124212.88,"Total Cost": 124213.00,"Plan Rows": 50,"Plan Width": 36,"Actual Startup Time": 2076.735,"Actual Total Time": 2076.768,"Actual Rows": 1,"Actual Loops": 1,"Sort Key": ["revenue0.supplier_no"],"Sort Method": "quicksort","Sort Space Used": 25,"Sort Space Type": "Memory","Plans": [{"Node Type": "Subquery Scan","Parent Relationship": "Outer","Parallel Aware": false,"Async Capable": false,"Alias": "revenue0","Startup Cost": 124060.86,"Total Cost": 124211.47,"Plan Rows": 50,"Plan Width": 36,"Actual Startup Time": 2071.927,"Actual Total Time": 2076.661,"Actual Rows": 1,"Actual Loops": 1,"Plans": [{"Node Type": "Aggregate","Strategy": "Hashed","Partial Mode": "Simple","Parent Relationship": "Subquery","Parallel Aware": false,"Async Capable": false,"Startup Cost": 124060.86,"Total Cost": 124210.97,"Plan Rows": 50,"Plan Width": 36,"Actual Startup Time": 2071.917,"Actual Total Time": 2076.627,"Actual Rows": 1,"Actual Loops": 1,"Group Key": ["lineitem.l_suppkey"],"Filter": "(sum((lineitem.l_extendedprice * ('1'::numeric - lineitem.l_discount))) = $0)","Planned Partitions": 0,"HashAgg Batches": 1,"Peak Memory Usage": 4497,"Disk Usage": 0,"Rows Removed by Filter": 9999,"Plans": [{"Node Type": "Bitmap Heap Scan","Parent Relationship": "Outer","Parallel Aware": false,"Async Capable": false,"Relation Name": "lineitem","Alias": "lineitem","Startup Cost": 5725.29,"Total Cost": 121831.73,"Plan Rows": 222913,"Plan Width": 16,"Actual Startup Time": 54.472,"Actual Total Time": 918.417,"Actual Rows": 222566,"Actual Loops": 1,"Recheck Cond": "((l_shipdate >= '1994-02-01'::date) AND (l_shipdate < '1994-05-01 00:00:00'::timestamp without time zone))","Rows Removed by Index Recheck": 0,"Exact Heap Blocks": 66315,"Lossy Heap Blocks": 0,"Plans": [{"Node Type": "Bitmap Index Scan","Parent Relationship": "Outer","Parallel Aware": false,"Async Capable": false,"Index Name": "idx_lineitem_shipdate","Startup Cost": 0.00,"Total Cost": 5669.56,"Plan Rows": 222913,"Plan Width": 0,"Actual Startup Time": 40.835,"Actual Total Time": 40.850,"Actual Rows": 222566,"Actual Loops": 1,"Index Cond": "((l_shipdate >= '1994-02-01'::date) AND (l_shipdate < '1994-05-01 00:00:00'::timestamp without time zone))"}]}]}]}]}]},"Planning Time": 4.834,"Triggers": [],"Execution Time": 2084.411}]
[{"Plan": {"Node Type": "Merge Join","Parallel Aware": false,"Async Capable": false,"Join Type": "Inner","Startup Cost": 248695.00,"Total Cost": 249215.90,"Plan Rows": 50,"Plan Width": 103,"Actual Startup Time": 2082.592,"Actual Total Time": 2082.640,"Actual Rows": 1,"Actual Loops": 1,"Inner Unique": true,"Merge Cond": "(supplier.s_suppkey = revenue0.supplier_no)","Plans": [{"Node Type": "Aggregate","Strategy": "Plain","Partial Mode": "Simple","Parent Relationship": "InitPlan","Subplan Name": "InitPlan 1 (returns $0)","Parallel Aware": false,"Async Capable": false,"Startup Cost": 124396.43,"Total Cost": 124396.44,"Plan Rows": 1,"Plan Width": 32,"Actual Startup Time": 946.403,"Actual Total Time": 946.419,"Actual Rows": 1,"Actual Loops": 1,"Plans": [{"Node Type": "Aggregate","Strategy": "Hashed","Partial Mode": "Simple","Parent Relationship": "Outer","Parallel Aware": false,"Async Capable": false,"Startup Cost": 124146.26,"Total Cost": 124271.35,"Plan Rows": 10007,"Plan Width": 36,"Actual Startup Time": 938.935,"Actual Total Time": 945.817,"Actual Rows": 10000,"Actual Loops": 1,"Group Key": ["lineitem_1.l_suppkey"],"Planned Partitions": 0,"HashAgg Batches": 1,"Peak Memory Usage": 4497,"Disk Usage": 0,"Plans": [{"Node Type": "Bitmap Heap Scan","Parent Relationship": "Outer","Parallel Aware": false,"Async Capable": false,"Relation Name": "lineitem","Alias": "lineitem_1","Startup Cost": 5899.41,"Total Cost": 121848.72,"Plan Rows": 229754,"Plan Width": 16,"Actual Startup Time": 59.759,"Actual Total Time": 793.376,"Actual Rows": 228921,"Actual Loops": 1,"Recheck Cond": "((l_shipdate >= '1996-03-01'::date) AND (l_shipdate < '1996-06-01 00:00:00'::timestamp without time zone))","Rows Removed by Index Recheck": 0,"Exact Heap Blocks": 67056,"Lossy Heap Blocks": 0,"Plans": [{"Node Type": "Bitmap Index Scan","Parent Relationship": "Outer","Parallel Aware": false,"Async Capable": false,"Index Name": "idx_lineitem_shipdate","Startup Cost": 0.00,"Total Cost": 5841.97,"Plan Rows": 229754,"Plan Width": 0,"Actual Startup Time": 45.910,"Actual Total Time": 45.916,"Actual Rows": 228921,"Actual Loops": 1,"Index Cond": "((l_shipdate >= '1996-03-01'::date) AND (l_shipdate < '1996-06-01 00:00:00'::timestamp without time zone))"}]}]}]},{"Node Type": "Index Scan","Parent Relationship": "Outer","Parallel Aware": false,"Async Capable": false,"Scan Direction": "Forward","Index Name": "supplier_pkey","Relation Name": "supplier","Alias": "supplier","Startup Cost": 0.29,"Total Cost": 495.43,"Plan Rows": 10000,"Plan Width": 71,"Actual Startup Time": 0.102,"Actual Total Time": 2.838,"Actual Rows": 1506,"Actual Loops": 1},{"Node Type": "Sort","Parent Relationship": "Inner","Parallel Aware": false,"Async Capable": false,"Startup Cost": 124298.27,"Total Cost": 124298.40,"Plan Rows": 50,"Plan Width": 36,"Actual Startup Time": 2079.634,"Actual Total Time": 2079.648,"Actual Rows": 1,"Actual Loops": 1,"Sort Key": ["revenue0.supplier_no"],"Sort Method": "quicksort","Sort Space Used": 25,"Sort Space Type": "Memory","Plans": [{"Node Type": "Subquery Scan","Parent Relationship": "Outer","Parallel Aware": false,"Async Capable": false,"Alias": "revenue0","Startup Cost": 124146.26,"Total Cost": 124296.86,"Plan Rows": 50,"Plan Width": 36,"Actual Startup Time": 2064.713,"Actual Total Time": 2079.612,"Actual Rows": 1,"Actual Loops": 1,"Plans": [{"Node Type": "Aggregate","Strategy": "Hashed","Partial Mode": "Simple","Parent Relationship": "Subquery","Parallel Aware": false,"Async Capable": false,"Startup Cost": 124146.26,"Total Cost": 124296.36,"Plan Rows": 50,"Plan Width": 36,"Actual Startup Time": 2064.706,"Actual Total Time": 2079.603,"Actual Rows": 1,"Actual Loops": 1,"Group Key": ["lineitem.l_suppkey"],"Filter": "(sum((lineitem.l_extendedprice * ('1'::numeric - lineitem.l_discount))) = $0)","Planned Partitions": 0,"HashAgg Batches": 1,"Peak Memory Usage": 4497,"Disk Usage": 0,"Rows Removed by Filter": 9999,"Plans": [{"Node Type": "Bitmap Heap Scan","Parent Relationship": "Outer","Parallel Aware": false,"Async Capable": false,"Relation Name": "lineitem","Alias": "lineitem","Startup Cost": 5899.41,"Total Cost": 121848.72,"Plan Rows": 229754,"Plan Width": 16,"Actual Startup Time": 56.873,"Actual Total Time": 935.993,"Actual Rows": 228921,"Actual Loops": 1,"Recheck Cond": "((l_shipdate >= '1996-03-01'::date) AND (l_shipdate < '1996-06-01 00:00:00'::timestamp without time zone))","Rows Removed by Index Recheck": 0,"Exact Heap Blocks": 67056,"Lossy Heap Blocks": 0,"Plans": [{"Node Type": "Bitmap Index Scan","Parent Relationship": "Outer","Parallel Aware": false,"Async Capable": false,"Index Name": "idx_lineitem_shipdate","Startup Cost": 0.00,"Total Cost": 5841.97,"Plan Rows": 229754,"Plan Width": 0,"Actual Startup Time": 43.119,"Actual Total Time": 43.123,"Actual Rows": 228921,"Actual Loops": 1,"Index Cond": "((l_shipdate >= '1996-03-01'::date) AND (l_shipdate < '1996-06-01 00:00:00'::timestamp without time zone))"}]}]}]}]}]},"Planning Time": 4.992,"Triggers": [],"Execution Time": 2086.750}]
[{"Plan": {"Node Type": "Merge Join","Parallel Aware": false,"Async Capable": false,"Join Type": "Inner","Startup Cost": 248612.43,"Total Cost": 249133.33,"Plan Rows": 50,"Plan Width": 103,"Actual Startup Time": 2128.903,"Actual Total Time": 2128.970,"Actual Rows": 1,"Actual Loops": 1,"Inner Unique": true,"Merge Cond": "(supplier.s_suppkey = revenue0.supplier_no)","Plans": [{"Node Type": "Aggregate","Strategy": "Plain","Partial Mode": "Simple","Parent Relationship": "InitPlan","Subplan Name": "InitPlan 1 (returns $0)","Parallel Aware": false,"Async Capable": false,"Startup Cost": 124355.15,"Total Cost": 124355.16,"Plan Rows": 1,"Plan Width": 32,"Actual Startup Time": 997.040,"Actual Total Time": 997.066,"Actual Rows": 1,"Actual Loops": 1,"Plans": [{"Node Type": "Aggregate","Strategy": "Hashed","Partial Mode": "Simple","Parent Relationship": "Outer","Parallel Aware": false,"Async Capable": false,"Startup Cost": 124104.97,"Total Cost": 124230.06,"Plan Rows": 10007,"Plan Width": 36,"Actual Startup Time": 989.503,"Actual Total Time": 996.378,"Actual Rows": 10000,"Actual Loops": 1,"Group Key": ["lineitem_1.l_suppkey"],"Planned Partitions": 0,"HashAgg Batches": 1,"Peak Memory Usage": 4497,"Disk Usage": 0,"Plans": [{"Node Type": "Bitmap Heap Scan","Parent Relationship": "Outer","Parallel Aware": false,"Async Capable": false,"Relation Name": "lineitem","Alias": "lineitem_1","Startup Cost": 5878.89,"Total Cost": 121815.74,"Plan Rows": 228923,"Plan Width": 16,"Actual Startup Time": 65.977,"Actual Total Time": 786.278,"Actual Rows": 230590,"Actual Loops": 1,"Recheck Cond": "((l_shipdate >= '1996-08-01'::date) AND (l_shipdate < '1996-11-01 00:00:00'::timestamp without time zone))","Rows Removed by Index Recheck": 0,"Exact Heap Blocks": 67243,"Lossy Heap Blocks": 0,"Plans": [{"Node Type": "Bitmap Index Scan","Parent Relationship": "Outer","Parallel Aware": false,"Async Capable": false,"Index Name": "idx_lineitem_shipdate","Startup Cost": 0.00,"Total Cost": 5821.66,"Plan Rows": 228923,"Plan Width": 0,"Actual Startup Time": 52.072,"Actual Total Time": 52.087,"Actual Rows": 230590,"Actual Loops": 1,"Index Cond": "((l_shipdate >= '1996-08-01'::date) AND (l_shipdate < '1996-11-01 00:00:00'::timestamp without time zone))"}]}]}]},{"Node Type": "Index Scan","Parent Relationship": "Outer","Parallel Aware": false,"Async Capable": false,"Scan Direction": "Forward","Index Name": "supplier_pkey","Relation Name": "supplier","Alias": "supplier","Startup Cost": 0.29,"Total Cost": 495.43,"Plan Rows": 10000,"Plan Width": 71,"Actual Startup Time": 0.125,"Actual Total Time": 9.409,"Actual Rows": 5473,"Actual Loops": 1},{"Node Type": "Sort","Parent Relationship": "Inner","Parallel Aware": false,"Async Capable": false,"Startup Cost": 124256.99,"Total Cost": 124257.11,"Plan Rows": 50,"Plan Width": 36,"Actual Startup Time": 2119.130,"Actual Total Time": 2119.154,"Actual Rows": 1,"Actual Loops": 1,"Sort Key": ["revenue0.supplier_no"],"Sort Method": "quicksort","Sort Space Used": 25,"Sort Space Type": "Memory","Plans": [{"Node Type": "Subquery Scan","Parent Relationship": "Outer","Parallel Aware": false,"Async Capable": false,"Alias": "revenue0","Startup Cost": 124104.97,"Total Cost": 124255.58,"Plan Rows": 50,"Plan Width": 36,"Actual Startup Time": 2117.072,"Actual Total Time": 2119.050,"Actual Rows": 1,"Actual Loops": 1,"Plans": [{"Node Type": "Aggregate","Strategy": "Hashed","Partial Mode": "Simple","Parent Relationship": "Subquery","Parallel Aware": false,"Async Capable": false,"Startup Cost": 124104.97,"Total Cost": 124255.08,"Plan Rows": 50,"Plan Width": 36,"Actual Startup Time": 2117.050,"Actual Total Time": 2118.993,"Actual Rows": 1,"Actual Loops": 1,"Group Key": ["lineitem.l_suppkey"],"Filter": "(sum((lineitem.l_extendedprice * ('1'::numeric - lineitem.l_discount))) = $0)","Planned Partitions": 0,"HashAgg Batches": 1,"Peak Memory Usage": 4497,"Disk Usage": 0,"Rows Removed by Filter": 9999,"Plans": [{"Node Type": "Bitmap Heap Scan","Parent Relationship": "Outer","Parallel Aware": false,"Async Capable": false,"Relation Name": "lineitem","Alias": "lineitem","Startup Cost": 5878.89,"Total Cost": 121815.74,"Plan Rows": 228923,"Plan Width": 16,"Actual Startup Time": 62.576,"Actual Total Time": 942.310,"Actual Rows": 230590,"Actual Loops": 1,"Recheck Cond": "((l_shipdate >= '1996-08-01'::date) AND (l_shipdate < '1996-11-01 00:00:00'::timestamp without time zone))","Rows Removed by Index Recheck": 0,"Exact Heap Blocks": 67243,"Lossy Heap Blocks": 0,"Plans": [{"Node Type": "Bitmap Index Scan","Parent Relationship": "Outer","Parallel Aware": false,"Async Capable": false,"Index Name": "idx_lineitem_shipdate","Startup Cost": 0.00,"Total Cost": 5821.66,"Plan Rows": 228923,"Plan Width": 0,"Actual Startup Time": 48.784,"Actual Total Time": 48.785,"Actual Rows": 230590,"Actual Loops": 1,"Index Cond": "((l_shipdate >= '1996-08-01'::date) AND (l_shipdate < '1996-11-01 00:00:00'::timestamp without time zone))"}]}]}]}]}]},"Planning Time": 4.845,"Triggers": [],"Execution Time": 2134.422}]
[{"Plan": {"Node Type": "Merge Join","Parallel Aware": false,"Async Capable": false,"Join Type": "Inner","Startup Cost": 248579.05,"Total Cost": 249099.95,"Plan Rows": 50,"Plan Width": 103,"Actual Startup Time": 1976.935,"Actual Total Time": 1976.985,"Actual Rows": 1,"Actual Loops": 1,"Inner Unique": true,"Merge Cond": "(supplier.s_suppkey = revenue0.supplier_no)","Plans": [{"Node Type": "Aggregate","Strategy": "Plain","Partial Mode": "Simple","Parent Relationship": "InitPlan","Subplan Name": "InitPlan 1 (returns $0)","Parallel Aware": false,"Async Capable": false,"Startup Cost": 124338.46,"Total Cost": 124338.47,"Plan Rows": 1,"Plan Width": 32,"Actual Startup Time": 904.220,"Actual Total Time": 904.239,"Actual Rows": 1,"Actual Loops": 1,"Plans": [{"Node Type": "Aggregate","Strategy": "Hashed","Partial Mode": "Simple","Parent Relationship": "Outer","Parallel Aware": false,"Async Capable": false,"Startup Cost": 124088.28,"Total Cost": 124213.37,"Plan Rows": 10007,"Plan Width": 36,"Actual Startup Time": 892.707,"Actual Total Time": 903.575,"Actual Rows": 10000,"Actual Loops": 1,"Group Key": ["lineitem_1.l_suppkey"],"Planned Partitions": 0,"HashAgg Batches": 1,"Peak Memory Usage": 4497,"Disk Usage": 0,"Plans": [{"Node Type": "Bitmap Heap Scan","Parent Relationship": "Outer","Parallel Aware": false,"Async Capable": false,"Relation Name": "lineitem","Alias": "lineitem_1","Startup Cost": 5871.20,"Total Cost": 121802.65,"Plan Rows": 228563,"Plan Width": 16,"Actual Startup Time": 49.074,"Actual Total Time": 688.668,"Actual Rows": 229923,"Actual Loops": 1,"Recheck Cond": "((l_shipdate >= '1993-10-01'::date) AND (l_shipdate < '1994-01-01 00:00:00'::timestamp without time zone))","Rows Removed by Index Recheck": 0,"Exact Heap Blocks": 67189,"Lossy Heap Blocks": 0,"Plans": [{"Node Type": "Bitmap Index Scan","Parent Relationship": "Outer","Parallel Aware": false,"Async Capable": false,"Index Name": "idx_lineitem_shipdate","Startup Cost": 0.00,"Total Cost": 5814.06,"Plan Rows": 228563,"Plan Width": 0,"Actual Startup Time": 35.482,"Actual Total Time": 35.494,"Actual Rows": 229923,"Actual Loops": 1,"Index Cond": "((l_shipdate >= '1993-10-01'::date) AND (l_shipdate < '1994-01-01 00:00:00'::timestamp without time zone))"}]}]}]},{"Node Type": "Index Scan","Parent Relationship": "Outer","Parallel Aware": false,"Async Capable": false,"Scan Direction": "Forward","Index Name": "supplier_pkey","Relation Name": "supplier","Alias": "supplier","Startup Cost": 0.29,"Total Cost": 495.43,"Plan Rows": 10000,"Plan Width": 71,"Actual Startup Time": 0.088,"Actual Total Time": 5.655,"Actual Rows": 3497,"Actual Loops": 1},{"Node Type": "Sort","Parent Relationship": "Inner","Parallel Aware": false,"Async Capable": false,"Startup Cost": 124240.30,"Total Cost": 124240.42,"Plan Rows": 50,"Plan Width": 36,"Actual Startup Time": 1971.016,"Actual Total Time": 1971.036,"Actual Rows": 1,"Actual Loops": 1,"Sort Key": ["revenue0.supplier_no"],"Sort Method": "quicksort","Sort Space Used": 25,"Sort Space Type": "Memory","Plans": [{"Node Type": "Subquery Scan","Parent Relationship": "Outer","Parallel Aware": false,"Async Capable": false,"Alias": "revenue0","Startup Cost": 124088.28,"Total Cost": 124238.89,"Plan Rows": 50,"Plan Width": 36,"Actual Startup Time": 1964.632,"Actual Total Time": 1970.939,"Actual Rows": 1,"Actual Loops": 1,"Plans": [{"Node Type": "Aggregate","Strategy": "Hashed","Partial Mode": "Simple","Parent Relationship": "Subquery","Parallel Aware": false,"Async Capable": false,"Startup Cost": 124088.28,"Total Cost": 124238.39,"Plan Rows": 50,"Plan Width": 36,"Actual Startup Time": 1964.613,"Actual Total Time": 1970.893,"Actual Rows": 1,"Actual Loops": 1,"Group Key": ["lineitem.l_suppkey"],"Filter": "(sum((lineitem.l_extendedprice * ('1'::numeric - lineitem.l_discount))) = $0)","Planned Partitions": 0,"HashAgg Batches": 1,"Peak Memory Usage": 4497,"Disk Usage": 0,"Rows Removed by Filter": 9999,"Plans": [{"Node Type": "Bitmap Heap Scan","Parent Relationship": "Outer","Parallel Aware": false,"Async Capable": false,"Relation Name": "lineitem","Alias": "lineitem","Startup Cost": 5871.20,"Total Cost": 121802.65,"Plan Rows": 228563,"Plan Width": 16,"Actual Startup Time": 49.258,"Actual Total Time": 883.520,"Actual Rows": 229923,"Actual Loops": 1,"Recheck Cond": "((l_shipdate >= '1993-10-01'::date) AND (l_shipdate < '1994-01-01 00:00:00'::timestamp without time zone))","Rows Removed by Index Recheck": 0,"Exact Heap Blocks": 67189,"Lossy Heap Blocks": 0,"Plans": [{"Node Type": "Bitmap Index Scan","Parent Relationship": "Outer","Parallel Aware": false,"Async Capable": false,"Index Name": "idx_lineitem_shipdate","Startup Cost": 0.00,"Total Cost": 5814.06,"Plan Rows": 228563,"Plan Width": 0,"Actual Startup Time": 35.850,"Actual Total Time": 35.850,"Actual Rows": 229923,"Actual Loops": 1,"Index Cond": "((l_shipdate >= '1993-10-01'::date) AND (l_shipdate < '1994-01-01 00:00:00'::timestamp without time zone))"}]}]}]}]}]},"Planning Time": 4.959,"Triggers": [],"Execution Time": 1982.579}]
[{"Plan": {"Node Type": "Merge Join","Parallel Aware": false,"Async Capable": false,"Join Type": "Inner","Startup Cost": 249082.82,"Total Cost": 249603.72,"Plan Rows": 50,"Plan Width": 103,"Actual Startup Time": 2126.100,"Actual Total Time": 2126.160,"Actual Rows": 1,"Actual Loops": 1,"Inner Unique": true,"Merge Cond": "(supplier.s_suppkey = revenue0.supplier_no)","Plans": [{"Node Type": "Aggregate","Strategy": "Plain","Partial Mode": "Simple","Parent Relationship": "InitPlan","Subplan Name": "InitPlan 1 (returns $0)","Parallel Aware": false,"Async Capable": false,"Startup Cost": 124590.34,"Total Cost": 124590.35,"Plan Rows": 1,"Plan Width": 32,"Actual Startup Time": 998.528,"Actual Total Time": 998.543,"Actual Rows": 1,"Actual Loops": 1,"Plans": [{"Node Type": "Aggregate","Strategy": "Hashed","Partial Mode": "Simple","Parent Relationship": "Outer","Parallel Aware": false,"Async Capable": false,"Startup Cost": 124340.17,"Total Cost": 124465.25,"Plan Rows": 10007,"Plan Width": 36,"Actual Startup Time": 990.764,"Actual Total Time": 997.890,"Actual Rows": 10000,"Actual Loops": 1,"Group Key": ["lineitem_1.l_suppkey"],"Planned Partitions": 0,"HashAgg Batches": 1,"Peak Memory Usage": 4497,"Disk Usage": 0,"Plans": [{"Node Type": "Bitmap Heap Scan","Parent Relationship": "Outer","Parallel Aware": false,"Async Capable": false,"Relation Name": "lineitem","Alias": "lineitem_1","Startup Cost": 5625.22,"Total Cost": 122150.13,"Plan Rows": 219004,"Plan Width": 16,"Actual Startup Time": 59.388,"Actual Total Time": 778.284,"Actual Rows": 230322,"Actual Loops": 1,"Recheck Cond": "((l_shipdate >= '1994-03-01'::date) AND (l_shipdate < '1994-06-01 00:00:00'::timestamp without time zone))","Rows Removed by Index Recheck": 0,"Exact Heap Blocks": 67245,"Lossy Heap Blocks": 0,"Plans": [{"Node Type": "Bitmap Index Scan","Parent Relationship": "Outer","Parallel Aware": false,"Async Capable": false,"Index Name": "idx_lineitem_shipdate","Startup Cost": 0.00,"Total Cost": 5570.47,"Plan Rows": 219004,"Plan Width": 0,"Actual Startup Time": 45.592,"Actual Total Time": 45.604,"Actual Rows": 230322,"Actual Loops": 1,"Index Cond": "((l_shipdate >= '1994-03-01'::date) AND (l_shipdate < '1994-06-01 00:00:00'::timestamp without time zone))"}]}]}]},{"Node Type": "Index Scan","Parent Relationship": "Outer","Parallel Aware": false,"Async Capable": false,"Scan Direction": "Forward","Index Name": "supplier_pkey","Relation Name": "supplier","Alias": "supplier","Startup Cost": 0.29,"Total Cost": 495.43,"Plan Rows": 10000,"Plan Width": 71,"Actual Startup Time": 0.099,"Actual Total Time": 2.588,"Actual Rows": 1344,"Actual Loops": 1},{"Node Type": "Sort","Parent Relationship": "Inner","Parallel Aware": false,"Async Capable": false,"Startup Cost": 124492.18,"Total Cost": 124492.31,"Plan Rows": 50,"Plan Width": 36,"Actual Startup Time": 2123.373,"Actual Total Time": 2123.407,"Actual Rows": 1,"Actual Loops": 1,"Sort Key": ["revenue0.supplier_no"],"Sort Method": "quicksort","Sort Space Used": 25,"Sort Space Type": "Memory","Plans": [{"Node Type": "Subquery Scan","Parent Relationship": "Outer","Parallel Aware": false,"Async Capable": false,"Alias": "revenue0","Startup Cost": 124340.17,"Total Cost": 124490.77,"Plan Rows": 50,"Plan Width": 36,"Actual Startup Time": 2118.456,"Actual Total Time": 2123.316,"Actual Rows": 1,"Actual Loops": 1,"Plans": [{"Node Type": "Aggregate","Strategy": "Hashed","Partial Mode": "Simple","Parent Relationship": "Subquery","Parallel Aware": false,"Async Capable": false,"Startup Cost": 124340.17,"Total Cost": 124490.27,"Plan Rows": 50,"Plan Width": 36,"Actual Startup Time": 2118.440,"Actual Total Time": 2123.277,"Actual Rows": 1,"Actual Loops": 1,"Group Key": ["lineitem.l_suppkey"],"Filter": "(sum((lineitem.l_extendedprice * ('1'::numeric - lineitem.l_discount))) = $0)","Planned Partitions": 0,"HashAgg Batches": 1,"Peak Memory Usage": 4497,"Disk Usage": 0,"Rows Removed by Filter": 9999,"Plans": [{"Node Type": "Bitmap Heap Scan","Parent Relationship": "Outer","Parallel Aware": false,"Async Capable": false,"Relation Name": "lineitem","Alias": "lineitem","Startup Cost": 5625.22,"Total Cost": 122150.13,"Plan Rows": 219004,"Plan Width": 16,"Actual Startup Time": 55.051,"Actual Total Time": 942.271,"Actual Rows": 230322,"Actual Loops": 1,"Recheck Cond": "((l_shipdate >= '1994-03-01'::date) AND (l_shipdate < '1994-06-01 00:00:00'::timestamp without time zone))","Rows Removed by Index Recheck": 0,"Exact Heap Blocks": 67245,"Lossy Heap Blocks": 0,"Plans": [{"Node Type": "Bitmap Index Scan","Parent Relationship": "Outer","Parallel Aware": false,"Async Capable": false,"Index Name": "idx_lineitem_shipdate","Startup Cost": 0.00,"Total Cost": 5570.47,"Plan Rows": 219004,"Plan Width": 0,"Actual Startup Time": 41.443,"Actual Total Time": 41.461,"Actual Rows": 230322,"Actual Loops": 1,"Index Cond": "((l_shipdate >= '1994-03-01'::date) AND (l_shipdate < '1994-06-01 00:00:00'::timestamp without time zone))"}]}]}]}]}]},"Planning Time": 3.928,"Triggers": [],"Execution Time": 2131.152}]
[{"Plan": {"Node Type": "Merge Join","Parallel Aware": false,"Async Capable": false,"Join Type": "Inner","Startup Cost": 248551.02,"Total Cost": 249071.91,"Plan Rows": 50,"Plan Width": 103,"Actual Startup Time": 2077.002,"Actual Total Time": 2077.041,"Actual Rows": 1,"Actual Loops": 1,"Inner Unique": true,"Merge Cond": "(supplier.s_suppkey = revenue0.supplier_no)","Plans": [{"Node Type": "Aggregate","Strategy": "Plain","Partial Mode": "Simple","Parent Relationship": "InitPlan","Subplan Name": "InitPlan 1 (returns $0)","Parallel Aware": false,"Async Capable": false,"Startup Cost": 124324.44,"Total Cost": 124324.45,"Plan Rows": 1,"Plan Width": 32,"Actual Startup Time": 940.828,"Actual Total Time": 940.836,"Actual Rows": 1,"Actual Loops": 1,"Plans": [{"Node Type": "Aggregate","Strategy": "Hashed","Partial Mode": "Simple","Parent Relationship": "Outer","Parallel Aware": false,"Async Capable": false,"Startup Cost": 124074.27,"Total Cost": 124199.35,"Plan Rows": 10007,"Plan Width": 36,"Actual Startup Time": 933.956,"Actual Total Time": 940.235,"Actual Rows": 10000,"Actual Loops": 1,"Group Key": ["lineitem_1.l_suppkey"],"Planned Partitions": 0,"HashAgg Batches": 1,"Peak Memory Usage": 4497,"Disk Usage": 0,"Plans": [{"Node Type": "Bitmap Heap Scan","Parent Relationship": "Outer","Parallel Aware": false,"Async Capable": false,"Relation Name": "lineitem","Alias": "lineitem_1","Startup Cost": 5864.29,"Total Cost": 121791.48,"Plan Rows": 228279,"Plan Width": 16,"Actual Startup Time": 57.693,"Actual Total Time": 782.351,"Actual Rows": 227548,"Actual Loops": 1,"Recheck Cond": "((l_shipdate >= '1993-09-01'::date) AND (l_shipdate < '1993-12-01 00:00:00'::timestamp without time zone))","Rows Removed by Index Recheck": 0,"Exact Heap Blocks": 67057,"Lossy Heap Blocks": 0,"Plans": [{"Node Type": "Bitmap Index Scan","Parent Relationship": "Outer","Parallel Aware": false,"Async Capable": false,"Index Name": "idx_lineitem_shipdate","Startup Cost": 0.00,"Total Cost": 5807.22,"Plan Rows": 228279,"Plan Width": 0,"Actual Startup Time": 43.540,"Actual Total Time": 43.543,"Actual Rows": 227548,"Actual Loops": 1,"Index Cond": "((l_shipdate >= '1993-09-01'::date) AND (l_shipdate < '1993-12-01 00:00:00'::timestamp without time zone))"}]}]}]},{"Node Type": "Index Scan","Parent Relationship": "Outer","Parallel Aware": false,"Async Capable": false,"Scan Direction": "Forward","Index Name": "supplier_pkey","Relation Name": "supplier","Alias": "supplier","Startup Cost": 0.29,"Total Cost": 495.43,"Plan Rows": 10000,"Plan Width": 71,"Actual Startup Time": 0.062,"Actual Total Time": 10.969,"Actual Rows": 6952,"Actual Loops": 1},{"Node Type": "Sort","Parent Relationship": "Inner","Parallel Aware": false,"Async Capable": false,"Startup Cost": 124226.28,"Total Cost": 124226.41,"Plan Rows": 50,"Plan Width": 36,"Actual Startup Time": 2065.641,"Actual Total Time": 2065.657,"Actual Rows": 1,"Actual Loops": 1,"Sort Key": ["revenue0.supplier_no"],"Sort Method": "quicksort","Sort Space Used": 25,"Sort Space Type": "Memory","Plans": [{"Node Type": "Subquery Scan","Parent Relationship": "Outer","Parallel Aware": false,"Async Capable": false,"Alias": "revenue0","Startup Cost": 124074.27,"Total Cost": 124224.87,"Plan Rows": 50,"Plan Width": 36,"Actual Startup Time": 2050.272,"Actual Total Time": 2065.610,"Actual Rows": 1,"Actual Loops": 1,"Plans": [{"Node Type": "Aggregate","Strategy": "Hashed","Partial Mode": "Simple","Parent Relationship": "Subquery","Parallel Aware": false,"Async Capable": false,"Startup Cost": 124074.27,"Total Cost": 124224.37,"Plan Rows": 50,"Plan Width": 36,"Actual Startup Time": 2050.266,"Actual Total Time": 2065.591,"Actual Rows": 1,"Actual Loops": 1,"Group Key": ["lineitem.l_suppkey"],"Filter": "(sum((lineitem.l_extendedprice * ('1'::numeric - lineitem.l_discount))) = $0)","Planned Partitions": 0,"HashAgg Batches": 1,"Peak Memory Usage": 4497,"Disk Usage": 0,"Rows Removed by Filter": 9999,"Plans": [{"Node Type": "Bitmap Heap Scan","Parent Relationship": "Outer","Parallel Aware": false,"Async Capable": false,"Relation Name": "lineitem","Alias": "lineitem","Startup Cost": 5864.29,"Total Cost": 121791.48,"Plan Rows": 228279,"Plan Width": 16,"Actual Startup Time": 56.453,"Actual Total Time": 929.176,"Actual Rows": 227548,"Actual Loops": 1,"Recheck Cond": "((l_shipdate >= '1993-09-01'::date) AND (l_shipdate < '1993-12-01 00:00:00'::timestamp without time zone))","Rows Removed by Index Recheck": 0,"Exact Heap Blocks": 67057,"Lossy Heap Blocks": 0,"Plans": [{"Node Type": "Bitmap Index Scan","Parent Relationship": "Outer","Parallel Aware": false,"Async Capable": false,"Index Name": "idx_lineitem_shipdate","Startup Cost": 0.00,"Total Cost": 5807.22,"Plan Rows": 228279,"Plan Width": 0,"Actual Startup Time": 42.721,"Actual Total Time": 42.723,"Actual Rows": 227548,"Actual Loops": 1,"Index Cond": "((l_shipdate >= '1993-09-01'::date) AND (l_shipdate < '1993-12-01 00:00:00'::timestamp without time zone))"}]}]}]}]}]},"Planning Time": 4.464,"Triggers": [],"Execution Time": 2081.593}]
[{"Plan": {"Node Type": "Merge Join","Parallel Aware": false,"Async Capable": false,"Join Type": "Inner","Startup Cost": 248524.21,"Total Cost": 249045.10,"Plan Rows": 50,"Plan Width": 103,"Actual Startup Time": 2079.423,"Actual Total Time": 2079.492,"Actual Rows": 1,"Actual Loops": 1,"Inner Unique": true,"Merge Cond": "(supplier.s_suppkey = revenue0.supplier_no)","Plans": [{"Node Type": "Aggregate","Strategy": "Plain","Partial Mode": "Simple","Parent Relationship": "InitPlan","Subplan Name": "InitPlan 1 (returns $0)","Parallel Aware": false,"Async Capable": false,"Startup Cost": 124311.04,"Total Cost": 124311.05,"Plan Rows": 1,"Plan Width": 32,"Actual Startup Time": 980.693,"Actual Total Time": 980.722,"Actual Rows": 1,"Actual Loops": 1,"Plans": [{"Node Type": "Aggregate","Strategy": "Hashed","Partial Mode": "Simple","Parent Relationship": "Outer","Parallel Aware": false,"Async Capable": false,"Startup Cost": 124060.86,"Total Cost": 124185.95,"Plan Rows": 10007,"Plan Width": 36,"Actual Startup Time": 972.593,"Actual Total Time": 980.068,"Actual Rows": 10000,"Actual Loops": 1,"Group Key": ["lineitem_1.l_suppkey"],"Planned Partitions": 0,"HashAgg Batches": 1,"Peak Memory Usage": 4497,"Disk Usage": 0,"Plans": [{"Node Type": "Bitmap Heap Scan","Parent Relationship": "Outer","Parallel Aware": false,"Async Capable": false,"Relation Name": "lineitem","Alias": "lineitem_1","Startup Cost": 5725.29,"Total Cost": 121831.73,"Plan Rows": 222913,"Plan Width": 16,"Actual Startup Time": 57.312,"Actual Total Time": 766.290,"Actual Rows": 222566,"Actual Loops": 1,"Recheck Cond": "((l_shipdate >= '1994-02-01'::date) AND (l_shipdate < '1994-05-01 00:00:00'::timestamp without time zone))","Rows Removed by Index Recheck": 0,"Exact Heap Blocks": 66315,"Lossy Heap Blocks": 0,"Plans": [{"Node Type": "Bitmap Index Scan","Parent Relationship": "Outer","Parallel Aware": false,"Async Capable": false,"Index Name": "idx_lineitem_shipdate","Startup Cost": 0.00,"Total Cost": 5669.56,"Plan Rows": 222913,"Plan Width": 0,"Actual Startup Time": 43.664,"Actual Total Time": 43.688,"Actual Rows": 222566,"Actual Loops": 1,"Index Cond": "((l_shipdate >= '1994-02-01'::date) AND (l_shipdate < '1994-05-01 00:00:00'::timestamp without time zone))"}]}]}]},{"Node Type": "Index Scan","Parent Relationship": "Outer","Parallel Aware": false,"Async Capable": false,"Scan Direction": "Forward","Index Name": "supplier_pkey","Relation Name": "supplier","Alias": "supplier","Startup Cost": 0.29,"Total Cost": 495.43,"Plan Rows": 10000,"Plan Width": 71,"Actual Startup Time": 0.097,"Actual Total Time": 2.547,"Actual Rows": 1344,"Actual Loops": 1},{"Node Type": "Sort","Parent Relationship": "Inner","Parallel Aware": false,"Async Capable": false,"Startup Cost": 124212.88,"Total Cost": 124213.00,"Plan Rows": 50,"Plan Width": 36,"Actual Startup Time": 2076.735,"Actual Total Time": 2076.768,"Actual Rows": 1,"Actual Loops": 1,"Sort Key": ["revenue0.supplier_no"],"Sort Method": "quicksort","Sort Space Used": 25,"Sort Space Type": "Memory","Plans": [{"Node Type": "Subquery Scan","Parent Relationship": "Outer","Parallel Aware": false,"Async Capable": false,"Alias": "revenue0","Startup Cost": 124060.86,"Total Cost": 124211.47,"Plan Rows": 50,"Plan Width": 36,"Actual Startup Time": 2071.927,"Actual Total Time": 2076.661,"Actual Rows": 1,"Actual Loops": 1,"Plans": [{"Node Type": "Aggregate","Strategy": "Hashed","Partial Mode": "Simple","Parent Relationship": "Subquery","Parallel Aware": false,"Async Capable": false,"Startup Cost": 124060.86,"Total Cost": 124210.97,"Plan Rows": 50,"Plan Width": 36,"Actual Startup Time": 2071.917,"Actual Total Time": 2076.627,"Actual Rows": 1,"Actual Loops": 1,"Group Key": ["lineitem.l_suppkey"],"Filter": "(sum((lineitem.l_extendedprice * ('1'::numeric - lineitem.l_discount))) = $0)","Planned Partitions": 0,"HashAgg Batches": 1,"Peak Memory Usage": 4497,"Disk Usage": 0,"Rows Removed by Filter": 9999,"Plans": [{"Node Type": "Bitmap Heap Scan","Parent Relationship": "Outer","Parallel Aware": false,"Async Capable": false,"Relation Name": "lineitem","Alias": "lineitem","Startup Cost": 5725.29,"Total Cost": 121831.73,"Plan Rows": 222913,"Plan Width": 16,"Actual Startup Time": 54.472,"Actual Total Time": 918.417,"Actual Rows": 222566,"Actual Loops": 1,"Recheck Cond": "((l_shipdate >= '1994-02-01'::date) AND (l_shipdate < '1994-05-01 00:00:00'::timestamp without time zone))","Rows Removed by Index Recheck": 0,"Exact Heap Blocks": 66315,"Lossy Heap Blocks": 0,"Plans": [{"Node Type": "Bitmap Index Scan","Parent Relationship": "Outer","Parallel Aware": false,"Async Capable": false,"Index Name": "idx_lineitem_shipdate","Startup Cost": 0.00,"Total Cost": 5669.56,"Plan Rows": 222913,"Plan Width": 0,"Actual Startup Time": 40.835,"Actual Total Time": 40.850,"Actual Rows": 222566,"Actual Loops": 1,"Index Cond": "((l_shipdate >= '1994-02-01'::date) AND (l_shipdate < '1994-05-01 00:00:00'::timestamp without time zone))"}]}]}]}]}]},"Planning Time": 4.834,"Triggers": [],"Execution Time": 2084.411}]
[{"Plan": {"Node Type": "Merge Join","Parallel Aware": false,"Async Capable": false,"Join Type": "Inner","Startup Cost": 249261.15,"Total Cost": 249782.05,"Plan Rows": 50,"Plan Width": 103,"Actual Startup Time": 1929.470,"Actual Total Time": 1929.497,"Actual Rows": 1,"Actual Loops": 1,"Inner Unique": true,"Merge Cond": "(supplier.s_suppkey = revenue0.supplier_no)","Plans": [{"Node Type": "Aggregate","Strategy": "Plain","Partial Mode": "Simple","Parent Relationship": "InitPlan","Subplan Name": "InitPlan 1 (returns $0)","Parallel Aware": false,"Async Capable": false,"Startup Cost": 124679.51,"Total Cost": 124679.52,"Plan Rows": 1,"Plan Width": 32,"Actual Startup Time": 838.041,"Actual Total Time": 838.049,"Actual Rows": 1,"Actual Loops": 1,"Plans": [{"Node Type": "Aggregate","Strategy": "Hashed","Partial Mode": "Simple","Parent Relationship": "Outer","Parallel Aware": false,"Async Capable": false,"Startup Cost": 124429.33,"Total Cost": 124554.42,"Plan Rows": 10007,"Plan Width": 36,"Actual Startup Time": 828.279,"Actual Total Time": 837.462,"Actual Rows": 10000,"Actual Loops": 1,"Group Key": ["lineitem_1.l_suppkey"],"Planned Partitions": 0,"HashAgg Batches": 1,"Peak Memory Usage": 4497,"Disk Usage": 0,"Plans": [{"Node Type": "Bitmap Heap Scan","Parent Relationship": "Outer","Parallel Aware": false,"Async Capable": false,"Relation Name": "lineitem","Alias": "lineitem_1","Startup Cost": 6044.13,"Total Cost": 122076.45,"Plan Rows": 235288,"Plan Width": 16,"Actual Startup Time": 49.284,"Actual Total Time": 665.852,"Actual Rows": 228512,"Actual Loops": 1,"Recheck Cond": "((l_shipdate >= '1993-03-01'::date) AND (l_shipdate < '1993-06-01 00:00:00'::timestamp without time zone))","Rows Removed by Index Recheck": 0,"Exact Heap Blocks": 66961,"Lossy Heap Blocks": 0,"Plans": [{"Node Type": "Bitmap Index Scan","Parent Relationship": "Outer","Parallel Aware": false,"Async Capable": false,"Index Name": "idx_lineitem_shipdate","Startup Cost": 0.00,"Total Cost": 5985.31,"Plan Rows": 235288,"Plan Width": 0,"Actual Startup Time": 35.887,"Actual Total Time": 35.889,"Actual Rows": 228512,"Actual Loops": 1,"Index Cond": "((l_shipdate >= '1993-03-01'::date) AND (l_shipdate < '1993-06-01 00:00:00'::timestamp without time zone))"}]}]}]},{"Node Type": "Index Scan","Parent Relationship": "Outer","Parallel Aware": false,"Async Capable": false,"Scan Direction": "Forward","Index Name": "supplier_pkey","Relation Name": "supplier","Alias": "supplier","Startup Cost": 0.29,"Total Cost": 495.43,"Plan Rows": 10000,"Plan Width": 71,"Actual Startup Time": 0.092,"Actual Total Time": 11.430,"Actual Rows": 7478,"Actual Loops": 1},{"Node Type": "Sort","Parent Relationship": "Inner","Parallel Aware": false,"Async Capable": false,"Startup Cost": 124581.35,"Total Cost": 124581.47,"Plan Rows": 50,"Plan Width": 36,"Actual Startup Time": 1917.596,"Actual Total Time": 1917.609,"Actual Rows": 1,"Actual Loops": 1,"Sort Key": ["revenue0.supplier_no"],"Sort Method": "quicksort","Sort Space Used": 25,"Sort Space Type": "Memory","Plans": [{"Node Type": "Subquery Scan","Parent Relationship": "Outer","Parallel Aware": false,"Async Capable": false,"Alias": "revenue0","Startup Cost": 124429.33,"Total Cost": 124579.94,"Plan Rows": 50,"Plan Width": 36,"Actual Startup Time": 1912.416,"Actual Total Time": 1917.562,"Actual Rows": 1,"Actual Loops": 1,"Plans": [{"Node Type": "Aggregate","Strategy": "Hashed","Partial Mode": "Simple","Parent Relationship": "Subquery","Parallel Aware": false,"Async Capable": false,"Startup Cost": 124429.33,"Total Cost": 124579.44,"Plan Rows": 50,"Plan Width": 36,"Actual Startup Time": 1912.411,"Actual Total Time": 1917.553,"Actual Rows": 1,"Actual Loops": 1,"Group Key": ["lineitem.l_suppkey"],"Filter": "(sum((lineitem.l_extendedprice * ('1'::numeric - lineitem.l_discount))) = $0)","Planned Partitions": 0,"HashAgg Batches": 1,"Peak Memory Usage": 4497,"Disk Usage": 0,"Rows Removed by Filter": 9999,"Plans": [{"Node Type": "Bitmap Heap Scan","Parent Relationship": "Outer","Parallel Aware": false,"Async Capable": false,"Relation Name": "lineitem","Alias": "lineitem","Startup Cost": 6044.13,"Total Cost": 122076.45,"Plan Rows": 235288,"Plan Width": 16,"Actual Startup Time": 49.634,"Actual Total Time": 880.645,"Actual Rows": 228512,"Actual Loops": 1,"Recheck Cond": "((l_shipdate >= '1993-03-01'::date) AND (l_shipdate < '1993-06-01 00:00:00'::timestamp without time zone))","Rows Removed by Index Recheck": 0,"Exact Heap Blocks": 66961,"Lossy Heap Blocks": 0,"Plans": [{"Node Type": "Bitmap Index Scan","Parent Relationship": "Outer","Parallel Aware": false,"Async Capable": false,"Index Name": "idx_lineitem_shipdate","Startup Cost": 0.00,"Total Cost": 5985.31,"Plan Rows": 235288,"Plan Width": 0,"Actual Startup Time": 36.198,"Actual Total Time": 36.201,"Actual Rows": 228512,"Actual Loops": 1,"Index Cond": "((l_shipdate >= '1993-03-01'::date) AND (l_shipdate < '1993-06-01 00:00:00'::timestamp without time zone))"}]}]}]}]}]},"Planning Time": 3.978,"Triggers": [],"Execution Time": 1932.775}]
[{"Plan": {"Node Type": "Merge Join","Parallel Aware": false,"Async Capable": false,"Join Type": "Inner","Startup Cost": 249082.82,"Total Cost": 249603.72,"Plan Rows": 50,"Plan Width": 103,"Actual Startup Time": 2126.100,"Actual Total Time": 2126.160,"Actual Rows": 1,"Actual Loops": 1,"Inner Unique": true,"Merge Cond": "(supplier.s_suppkey = revenue0.supplier_no)","Plans": [{"Node Type": "Aggregate","Strategy": "Plain","Partial Mode": "Simple","Parent Relationship": "InitPlan","Subplan Name": "InitPlan 1 (returns $0)","Parallel Aware": false,"Async Capable": false,"Startup Cost": 124590.34,"Total Cost": 124590.35,"Plan Rows": 1,"Plan Width": 32,"Actual Startup Time": 998.528,"Actual Total Time": 998.543,"Actual Rows": 1,"Actual Loops": 1,"Plans": [{"Node Type": "Aggregate","Strategy": "Hashed","Partial Mode": "Simple","Parent Relationship": "Outer","Parallel Aware": false,"Async Capable": false,"Startup Cost": 124340.17,"Total Cost": 124465.25,"Plan Rows": 10007,"Plan Width": 36,"Actual Startup Time": 990.764,"Actual Total Time": 997.890,"Actual Rows": 10000,"Actual Loops": 1,"Group Key": ["lineitem_1.l_suppkey"],"Planned Partitions": 0,"HashAgg Batches": 1,"Peak Memory Usage": 4497,"Disk Usage": 0,"Plans": [{"Node Type": "Bitmap Heap Scan","Parent Relationship": "Outer","Parallel Aware": false,"Async Capable": false,"Relation Name": "lineitem","Alias": "lineitem_1","Startup Cost": 5625.22,"Total Cost": 122150.13,"Plan Rows": 219004,"Plan Width": 16,"Actual Startup Time": 59.388,"Actual Total Time": 778.284,"Actual Rows": 230322,"Actual Loops": 1,"Recheck Cond": "((l_shipdate >= '1994-03-01'::date) AND (l_shipdate < '1994-06-01 00:00:00'::timestamp without time zone))","Rows Removed by Index Recheck": 0,"Exact Heap Blocks": 67245,"Lossy Heap Blocks": 0,"Plans": [{"Node Type": "Bitmap Index Scan","Parent Relationship": "Outer","Parallel Aware": false,"Async Capable": false,"Index Name": "idx_lineitem_shipdate","Startup Cost": 0.00,"Total Cost": 5570.47,"Plan Rows": 219004,"Plan Width": 0,"Actual Startup Time": 45.592,"Actual Total Time": 45.604,"Actual Rows": 230322,"Actual Loops": 1,"Index Cond": "((l_shipdate >= '1994-03-01'::date) AND (l_shipdate < '1994-06-01 00:00:00'::timestamp without time zone))"}]}]}]},{"Node Type": "Index Scan","Parent Relationship": "Outer","Parallel Aware": false,"Async Capable": false,"Scan Direction": "Forward","Index Name": "supplier_pkey","Relation Name": "supplier","Alias": "supplier","Startup Cost": 0.29,"Total Cost": 495.43,"Plan Rows": 10000,"Plan Width": 71,"Actual Startup Time": 0.099,"Actual Total Time": 2.588,"Actual Rows": 1344,"Actual Loops": 1},{"Node Type": "Sort","Parent Relationship": "Inner","Parallel Aware": false,"Async Capable": false,"Startup Cost": 124492.18,"Total Cost": 124492.31,"Plan Rows": 50,"Plan Width": 36,"Actual Startup Time": 2123.373,"Actual Total Time": 2123.407,"Actual Rows": 1,"Actual Loops": 1,"Sort Key": ["revenue0.supplier_no"],"Sort Method": "quicksort","Sort Space Used": 25,"Sort Space Type": "Memory","Plans": [{"Node Type": "Subquery Scan","Parent Relationship": "Outer","Parallel Aware": false,"Async Capable": false,"Alias": "revenue0","Startup Cost": 124340.17,"Total Cost": 124490.77,"Plan Rows": 50,"Plan Width": 36,"Actual Startup Time": 2118.456,"Actual Total Time": 2123.316,"Actual Rows": 1,"Actual Loops": 1,"Plans": [{"Node Type": "Aggregate","Strategy": "Hashed","Partial Mode": "Simple","Parent Relationship": "Subquery","Parallel Aware": false,"Async Capable": false,"Startup Cost": 124340.17,"Total Cost": 124490.27,"Plan Rows": 50,"Plan Width": 36,"Actual Startup Time": 2118.440,"Actual Total Time": 2123.277,"Actual Rows": 1,"Actual Loops": 1,"Group Key": ["lineitem.l_suppkey"],"Filter": "(sum((lineitem.l_extendedprice * ('1'::numeric - lineitem.l_discount))) = $0)","Planned Partitions": 0,"HashAgg Batches": 1,"Peak Memory Usage": 4497,"Disk Usage": 0,"Rows Removed by Filter": 9999,"Plans": [{"Node Type": "Bitmap Heap Scan","Parent Relationship": "Outer","Parallel Aware": false,"Async Capable": false,"Relation Name": "lineitem","Alias": "lineitem","Startup Cost": 5625.22,"Total Cost": 122150.13,"Plan Rows": 219004,"Plan Width": 16,"Actual Startup Time": 55.051,"Actual Total Time": 942.271,"Actual Rows": 230322,"Actual Loops": 1,"Recheck Cond": "((l_shipdate >= '1994-03-01'::date) AND (l_shipdate < '1994-06-01 00:00:00'::timestamp without time zone))","Rows Removed by Index Recheck": 0,"Exact Heap Blocks": 67245,"Lossy Heap Blocks": 0,"Plans": [{"Node Type": "Bitmap Index Scan","Parent Relationship": "Outer","Parallel Aware": false,"Async Capable": false,"Index Name": "idx_lineitem_shipdate","Startup Cost": 0.00,"Total Cost": 5570.47,"Plan Rows": 219004,"Plan Width": 0,"Actual Startup Time": 41.443,"Actual Total Time": 41.461,"Actual Rows": 230322,"Actual Loops": 1,"Index Cond": "((l_shipdate >= '1994-03-01'::date) AND (l_shipdate < '1994-06-01 00:00:00'::timestamp without time zone))"}]}]}]}]}]},"Planning Time": 3.928,"Triggers": [],"Execution Time": 2131.152}]
[{"Plan": {"Node Type": "Merge Join","Parallel Aware": false,"Async Capable": false,"Join Type": "Inner","Startup Cost": 248233.16,"Total Cost": 248754.06,"Plan Rows": 50,"Plan Width": 103,"Actual Startup Time": 2105.260,"Actual Total Time": 2105.296,"Actual Rows": 1,"Actual Loops": 1,"Inner Unique": true,"Merge Cond": "(supplier.s_suppkey = revenue0.supplier_no)","Plans": [{"Node Type": "Aggregate","Strategy": "Plain","Partial Mode": "Simple","Parent Relationship": "InitPlan","Subplan Name": "InitPlan 1 (returns $0)","Parallel Aware": false,"Async Capable": false,"Startup Cost": 124165.51,"Total Cost": 124165.52,"Plan Rows": 1,"Plan Width": 32,"Actual Startup Time": 961.388,"Actual Total Time": 961.403,"Actual Rows": 1,"Actual Loops": 1,"Plans": [{"Node Type": "Aggregate","Strategy": "Hashed","Partial Mode": "Simple","Parent Relationship": "Outer","Parallel Aware": false,"Async Capable": false,"Startup Cost": 123915.34,"Total Cost": 124040.43,"Plan Rows": 10007,"Plan Width": 36,"Actual Startup Time": 954.808,"Actual Total Time": 960.810,"Actual Rows": 10000,"Actual Loops": 1,"Group Key": ["lineitem_1.l_suppkey"],"Planned Partitions": 0,"HashAgg Batches": 1,"Peak Memory Usage": 4497,"Disk Usage": 0,"Plans": [{"Node Type": "Bitmap Heap Scan","Parent Relationship": "Outer","Parallel Aware": false,"Async Capable": false,"Relation Name": "lineitem","Alias": "lineitem_1","Startup Cost": 5773.28,"Total Cost": 121666.71,"Plan Rows": 224863,"Plan Width": 16,"Actual Startup Time": 71.714,"Actual Total Time": 807.278,"Actual Rows": 229559,"Actual Loops": 1,"Recheck Cond": "((l_shipdate >= '1996-07-01'::date) AND (l_shipdate < '1996-10-01 00:00:00'::timestamp without time zone))","Rows Removed by Index Recheck": 0,"Exact Heap Blocks": 67366,"Lossy Heap Blocks": 0,"Plans": [{"Node Type": "Bitmap Index Scan","Parent Relationship": "Outer","Parallel Aware": false,"Async Capable": false,"Index Name": "idx_lineitem_shipdate","Startup Cost": 0.00,"Total Cost": 5717.06,"Plan Rows": 224863,"Plan Width": 0,"Actual Startup Time": 57.516,"Actual Total Time": 57.524,"Actual Rows": 229559,"Actual Loops": 1,"Index Cond": "((l_shipdate >= '1996-07-01'::date) AND (l_shipdate < '1996-10-01 00:00:00'::timestamp without time zone))"}]}]}]},{"Node Type": "Index Scan","Parent Relationship": "Outer","Parallel Aware": false,"Async Capable": false,"Scan Direction": "Forward","Index Name": "supplier_pkey","Relation Name": "supplier","Alias": "supplier","Startup Cost": 0.29,"Total Cost": 495.43,"Plan Rows": 10000,"Plan Width": 71,"Actual Startup Time": 0.107,"Actual Total Time": 1.132,"Actual Rows": 494,"Actual Loops": 1},{"Node Type": "Sort","Parent Relationship": "Inner","Parallel Aware": false,"Async Capable": false,"Startup Cost": 124067.35,"Total Cost": 124067.48,"Plan Rows": 50,"Plan Width": 36,"Actual Startup Time": 2104.066,"Actual Total Time": 2104.076,"Actual Rows": 1,"Actual Loops": 1,"Sort Key": ["revenue0.supplier_no"],"Sort Method": "quicksort","Sort Space Used": 25,"Sort Space Type": "Memory","Plans": [{"Node Type": "Subquery Scan","Parent Relationship": "Outer","Parallel Aware": false,"Async Capable": false,"Alias": "revenue0","Startup Cost": 123915.34,"Total Cost": 124065.94,"Plan Rows": 50,"Plan Width": 36,"Actual Startup Time": 2096.785,"Actual Total Time": 2104.011,"Actual Rows": 1,"Actual Loops": 1,"Plans": [{"Node Type": "Aggregate","Strategy": "Hashed","Partial Mode": "Simple","Parent Relationship": "Subquery","Parallel Aware": false,"Async Capable": false,"Startup Cost": 123915.34,"Total Cost": 124065.44,"Plan Rows": 50,"Plan Width": 36,"Actual Startup Time": 2096.781,"Actual Total Time": 2104.004,"Actual Rows": 1,"Actual Loops": 1,"Group Key": ["lineitem.l_suppkey"],"Filter": "(sum((lineitem.l_extendedprice * ('1'::numeric - lineitem.l_discount))) = $0)","Planned Partitions": 0,"HashAgg Batches": 1,"Peak Memory Usage": 4497,"Disk Usage": 0,"Rows Removed by Filter": 9999,"Plans": [{"Node Type": "Bitmap Heap Scan","Parent Relationship": "Outer","Parallel Aware": false,"Async Capable": false,"Relation Name": "lineitem","Alias": "lineitem","Startup Cost": 5773.28,"Total Cost": 121666.71,"Plan Rows": 224863,"Plan Width": 16,"Actual Startup Time": 68.917,"Actual Total Time": 948.187,"Actual Rows": 229559,"Actual Loops": 1,"Recheck Cond": "((l_shipdate >= '1996-07-01'::date) AND (l_shipdate < '1996-10-01 00:00:00'::timestamp without time zone))","Rows Removed by Index Recheck": 0,"Exact Heap Blocks": 67366,"Lossy Heap Blocks": 0,"Plans": [{"Node Type": "Bitmap Index Scan","Parent Relationship": "Outer","Parallel Aware": false,"Async Capable": false,"Index Name": "idx_lineitem_shipdate","Startup Cost": 0.00,"Total Cost": 5717.06,"Plan Rows": 224863,"Plan Width": 0,"Actual Startup Time": 55.144,"Actual Total Time": 55.147,"Actual Rows": 229559,"Actual Loops": 1,"Index Cond": "((l_shipdate >= '1996-07-01'::date) AND (l_shipdate < '1996-10-01 00:00:00'::timestamp without time zone))"}]}]}]}]}]},"Planning Time": 4.946,"Triggers": [],"Execution Time": 2110.202}]
[{"Plan": {"Node Type": "Merge Join","Parallel Aware": false,"Async Capable": false,"Join Type": "Inner","Startup Cost": 249118.89,"Total Cost": 249639.79,"Plan Rows": 50,"Plan Width": 103,"Actual Startup Time": 2101.709,"Actual Total Time": 2101.748,"Actual Rows": 1,"Actual Loops": 1,"Inner Unique": true,"Merge Cond": "(supplier.s_suppkey = revenue0.supplier_no)","Plans": [{"Node Type": "Aggregate","Strategy": "Plain","Partial Mode": "Simple","Parent Relationship": "InitPlan","Subplan Name": "InitPlan 1 (returns $0)","Parallel Aware": false,"Async Capable": false,"Startup Cost": 124608.38,"Total Cost": 124608.39,"Plan Rows": 1,"Plan Width": 32,"Actual Startup Time": 954.180,"Actual Total Time": 954.190,"Actual Rows": 1,"Actual Loops": 1,"Plans": [{"Node Type": "Aggregate","Strategy": "Hashed","Partial Mode": "Simple","Parent Relationship": "Outer","Parallel Aware": false,"Async Capable": false,"Startup Cost": 124358.20,"Total Cost": 124483.29,"Plan Rows": 10007,"Plan Width": 36,"Actual Startup Time": 944.717,"Actual Total Time": 953.609,"Actual Rows": 10000,"Actual Loops": 1,"Group Key": ["lineitem_1.l_suppkey"],"Planned Partitions": 0,"HashAgg Batches": 1,"Peak Memory Usage": 4497,"Disk Usage": 0,"Plans": [{"Node Type": "Bitmap Heap Scan","Parent Relationship": "Outer","Parallel Aware": false,"Async Capable": false,"Relation Name": "lineitem","Alias": "lineitem_1","Startup Cost": 6006.43,"Total Cost": 122018.70,"Plan Rows": 233951,"Plan Width": 16,"Actual Startup Time": 66.327,"Actual Total Time": 795.231,"Actual Rows": 229338,"Actual Loops": 1,"Recheck Cond": "((l_shipdate >= '1993-07-01'::date) AND (l_shipdate < '1993-10-01 00:00:00'::timestamp without time zone))","Rows Removed by Index Recheck": 0,"Exact Heap Blocks": 67061,"Lossy Heap Blocks": 0,"Plans": [{"Node Type": "Bitmap Index Scan","Parent Relationship": "Outer","Parallel Aware": false,"Async Capable": false,"Index Name": "idx_lineitem_shipdate","Startup Cost": 0.00,"Total Cost": 5947.94,"Plan Rows": 233951,"Plan Width": 0,"Actual Startup Time": 52.411,"Actual Total Time": 52.417,"Actual Rows": 229338,"Actual Loops": 1,"Index Cond": "((l_shipdate >= '1993-07-01'::date) AND (l_shipdate < '1993-10-01 00:00:00'::timestamp without time zone))"}]}]}]},{"Node Type": "Index Scan","Parent Relationship": "Outer","Parallel Aware": false,"Async Capable": false,"Scan Direction": "Forward","Index Name": "supplier_pkey","Relation Name": "supplier","Alias": "supplier","Startup Cost": 0.29,"Total Cost": 495.43,"Plan Rows": 10000,"Plan Width": 71,"Actual Startup Time": 0.105,"Actual Total Time": 12.941,"Actual Rows": 8280,"Actual Loops": 1},{"Node Type": "Sort","Parent Relationship": "Inner","Parallel Aware": false,"Async Capable": false,"Startup Cost": 124510.22,"Total Cost": 124510.34,"Plan Rows": 50,"Plan Width": 36,"Actual Startup Time": 2088.290,"Actual Total Time": 2088.302,"Actual Rows": 1,"Actual Loops": 1,"Sort Key": ["revenue0.supplier_no"],"Sort Method": "quicksort","Sort Space Used": 25,"Sort Space Type": "Memory","Plans": [{"Node Type": "Subquery Scan","Parent Relationship": "Outer","Parallel Aware": false,"Async Capable": false,"Alias": "revenue0","Startup Cost": 124358.20,"Total Cost": 124508.81,"Plan Rows": 50,"Plan Width": 36,"Actual Startup Time": 2064.473,"Actual Total Time": 2088.234,"Actual Rows": 1,"Actual Loops": 1,"Plans": [{"Node Type": "Aggregate","Strategy": "Hashed","Partial Mode": "Simple","Parent Relationship": "Subquery","Parallel Aware": false,"Async Capable": false,"Startup Cost": 124358.20,"Total Cost": 124508.31,"Plan Rows": 50,"Plan Width": 36,"Actual Startup Time": 2064.468,"Actual Total Time": 2088.223,"Actual Rows": 1,"Actual Loops": 1,"Group Key": ["lineitem.l_suppkey"],"Filter": "(sum((lineitem.l_extendedprice * ('1'::numeric - lineitem.l_discount))) = $0)","Planned Partitions": 0,"HashAgg Batches": 1,"Peak Memory Usage": 4497,"Disk Usage": 0,"Rows Removed by Filter": 9999,"Plans": [{"Node Type": "Bitmap Heap Scan","Parent Relationship": "Outer","Parallel Aware": false,"Async Capable": false,"Relation Name": "lineitem","Alias": "lineitem","Startup Cost": 6006.43,"Total Cost": 122018.70,"Plan Rows": 233951,"Plan Width": 16,"Actual Startup Time": 62.518,"Actual Total Time": 939.412,"Actual Rows": 229338,"Actual Loops": 1,"Recheck Cond": "((l_shipdate >= '1993-07-01'::date) AND (l_shipdate < '1993-10-01 00:00:00'::timestamp without time zone))","Rows Removed by Index Recheck": 0,"Exact Heap Blocks": 67061,"Lossy Heap Blocks": 0,"Plans": [{"Node Type": "Bitmap Index Scan","Parent Relationship": "Outer","Parallel Aware": false,"Async Capable": false,"Index Name": "idx_lineitem_shipdate","Startup Cost": 0.00,"Total Cost": 5947.94,"Plan Rows": 233951,"Plan Width": 0,"Actual Startup Time": 48.803,"Actual Total Time": 48.804,"Actual Rows": 229338,"Actual Loops": 1,"Index Cond": "((l_shipdate >= '1993-07-01'::date) AND (l_shipdate < '1993-10-01 00:00:00'::timestamp without time zone))"}]}]}]}]}]},"Planning Time": 4.394,"Triggers": [],"Execution Time": 2106.441}]
[{"Plan": {"Node Type": "Merge Join","Parallel Aware": false,"Async Capable": false,"Join Type": "Inner","Startup Cost": 248249.45,"Total Cost": 248770.35,"Plan Rows": 50,"Plan Width": 103,"Actual Startup Time": 1933.210,"Actual Total Time": 1933.238,"Actual Rows": 1,"Actual Loops": 1,"Inner Unique": true,"Merge Cond": "(supplier.s_suppkey = revenue0.supplier_no)","Plans": [{"Node Type": "Aggregate","Strategy": "Plain","Partial Mode": "Simple","Parent Relationship": "InitPlan","Subplan Name": "InitPlan 1 (returns $0)","Parallel Aware": false,"Async Capable": false,"Startup Cost": 124173.66,"Total Cost": 124173.67,"Plan Rows": 1,"Plan Width": 32,"Actual Startup Time": 840.754,"Actual Total Time": 840.766,"Actual Rows": 1,"Actual Loops": 1,"Plans": [{"Node Type": "Aggregate","Strategy": "Hashed","Partial Mode": "Simple","Parent Relationship": "Outer","Parallel Aware": false,"Async Capable": false,"Startup Cost": 123923.48,"Total Cost": 124048.57,"Plan Rows": 10007,"Plan Width": 36,"Actual Startup Time": 831.124,"Actual Total Time": 840.175,"Actual Rows": 10000,"Actual Loops": 1,"Group Key": ["lineitem_1.l_suppkey"],"Planned Partitions": 0,"HashAgg Batches": 1,"Peak Memory Usage": 4497,"Disk Usage": 0,"Plans": [{"Node Type": "Bitmap Heap Scan","Parent Relationship": "Outer","Parallel Aware": false,"Async Capable": false,"Relation Name": "lineitem","Alias": "lineitem_1","Startup Cost": 5786.40,"Total Cost": 121669.85,"Plan Rows": 225363,"Plan Width": 16,"Actual Startup Time": 50.816,"Actual Total Time": 670.813,"Actual Rows": 229315,"Actual Loops": 1,"Recheck Cond": "((l_shipdate >= '1994-05-01'::date) AND (l_shipdate < '1994-08-01 00:00:00'::timestamp without time zone))","Rows Removed by Index Recheck": 0,"Exact Heap Blocks": 67035,"Lossy Heap Blocks": 0,"Plans": [{"Node Type": "Bitmap Index Scan","Parent Relationship": "Outer","Parallel Aware": false,"Async Capable": false,"Index Name": "idx_lineitem_shipdate","Startup Cost": 0.00,"Total Cost": 5730.06,"Plan Rows": 225363,"Plan Width": 0,"Actual Startup Time": 37.324,"Actual Total Time": 37.329,"Actual Rows": 229315,"Actual Loops": 1,"Index Cond": "((l_shipdate >= '1994-05-01'::date) AND (l_shipdate < '1994-08-01 00:00:00'::timestamp without time zone))"}]}]}]},{"Node Type": "Index Scan","Parent Relationship": "Outer","Parallel Aware": false,"Async Capable": false,"Scan Direction": "Forward","Index Name": "supplier_pkey","Relation Name": "supplier","Alias": "supplier","Startup Cost": 0.29,"Total Cost": 495.43,"Plan Rows": 10000,"Plan Width": 71,"Actual Startup Time": 0.122,"Actual Total Time": 5.559,"Actual Rows": 3302,"Actual Loops": 1},{"Node Type": "Sort","Parent Relationship": "Inner","Parallel Aware": false,"Async Capable": false,"Startup Cost": 124075.50,"Total Cost": 124075.62,"Plan Rows": 50,"Plan Width": 36,"Actual Startup Time": 1927.428,"Actual Total Time": 1927.436,"Actual Rows": 1,"Actual Loops": 1,"Sort Key": ["revenue0.supplier_no"],"Sort Method": "quicksort","Sort Space Used": 25,"Sort Space Type": "Memory","Plans": [{"Node Type": "Subquery Scan","Parent Relationship": "Outer","Parallel Aware": false,"Async Capable": false,"Alias": "revenue0","Startup Cost": 123923.48,"Total Cost": 124074.09,"Plan Rows": 50,"Plan Width": 36,"Actual Startup Time": 1920.770,"Actual Total Time": 1927.389,"Actual Rows": 1,"Actual Loops": 1,"Plans": [{"Node Type": "Aggregate","Strategy": "Hashed","Partial Mode": "Simple","Parent Relationship": "Subquery","Parallel Aware": false,"Async Capable": false,"Startup Cost": 123923.48,"Total Cost": 124073.59,"Plan Rows": 50,"Plan Width": 36,"Actual Startup Time": 1920.765,"Actual Total Time": 1927.379,"Actual Rows": 1,"Actual Loops": 1,"Group Key": ["lineitem.l_suppkey"],"Filter": "(sum((lineitem.l_extendedprice * ('1'::numeric - lineitem.l_discount))) = $0)","Planned Partitions": 0,"HashAgg Batches": 1,"Peak Memory Usage": 4497,"Disk Usage": 0,"Rows Removed by Filter": 9999,"Plans": [{"Node Type": "Bitmap Heap Scan","Parent Relationship": "Outer","Parallel Aware": false,"Async Capable": false,"Relation Name": "lineitem","Alias": "lineitem","Startup Cost": 5786.40,"Total Cost": 121669.85,"Plan Rows": 225363,"Plan Width": 16,"Actual Startup Time": 48.974,"Actual Total Time": 887.234,"Actual Rows": 229315,"Actual Loops": 1,"Recheck Cond": "((l_shipdate >= '1994-05-01'::date) AND (l_shipdate < '1994-08-01 00:00:00'::timestamp without time zone))","Rows Removed by Index Recheck": 0,"Exact Heap Blocks": 67035,"Lossy Heap Blocks": 0,"Plans": [{"Node Type": "Bitmap Index Scan","Parent Relationship": "Outer","Parallel Aware": false,"Async Capable": false,"Index Name": "idx_lineitem_shipdate","Startup Cost": 0.00,"Total Cost": 5730.06,"Plan Rows": 225363,"Plan Width": 0,"Actual Startup Time": 35.843,"Actual Total Time": 35.843,"Actual Rows": 229315,"Actual Loops": 1,"Index Cond": "((l_shipdate >= '1994-05-01'::date) AND (l_shipdate < '1994-08-01 00:00:00'::timestamp without time zone))"}]}]}]}]}]},"Planning Time": 4.354,"Triggers": [],"Execution Time": 1936.888}]
[{"Plan": {"Node Type": "Merge Join","Parallel Aware": false,"Async Capable": false,"Join Type": "Inner","Startup Cost": 248343.83,"Total Cost": 248864.72,"Plan Rows": 50,"Plan Width": 103,"Actual Startup Time": 1973.395,"Actual Total Time": 1973.462,"Actual Rows": 1,"Actual Loops": 1,"Inner Unique": true,"Merge Cond": "(supplier.s_suppkey = revenue0.supplier_no)","Plans": [{"Node Type": "Aggregate","Strategy": "Plain","Partial Mode": "Simple","Parent Relationship": "InitPlan","Subplan Name": "InitPlan 1 (returns $0)","Parallel Aware": false,"Async Capable": false,"Startup Cost": 124220.85,"Total Cost": 124220.86,"Plan Rows": 1,"Plan Width": 32,"Actual Startup Time": 908.782,"Actual Total Time": 908.807,"Actual Rows": 1,"Actual Loops": 1,"Plans": [{"Node Type": "Aggregate","Strategy": "Hashed","Partial Mode": "Simple","Parent Relationship": "Outer","Parallel Aware": false,"Async Capable": false,"Startup Cost": 123970.67,"Total Cost": 124095.76,"Plan Rows": 10007,"Plan Width": 36,"Actual Startup Time": 900.063,"Actual Total Time": 908.145,"Actual Rows": 10000,"Actual Loops": 1,"Group Key": ["lineitem_1.l_suppkey"],"Planned Partitions": 0,"HashAgg Batches": 1,"Peak Memory Usage": 4497,"Disk Usage": 0,"Plans": [{"Node Type": "Bitmap Heap Scan","Parent Relationship": "Outer","Parallel Aware": false,"Async Capable": false,"Relation Name": "lineitem","Alias": "lineitem_1","Startup Cost": 5811.47,"Total Cost": 121708.19,"Plan Rows": 226248,"Plan Width": 16,"Actual Startup Time": 49.217,"Actual Total Time": 692.336,"Actual Rows": 229039,"Actual Loops": 1,"Recheck Cond": "((l_shipdate >= '1994-06-01'::date) AND (l_shipdate < '1994-09-01 00:00:00'::timestamp without time zone))","Rows Removed by Index Recheck": 0,"Exact Heap Blocks": 67238,"Lossy Heap Blocks": 0,"Plans": [{"Node Type": "Bitmap Index Scan","Parent Relationship": "Outer","Parallel Aware": false,"Async Capable": false,"Index Name": "idx_lineitem_shipdate","Startup Cost": 0.00,"Total Cost": 5754.91,"Plan Rows": 226248,"Plan Width": 0,"Actual Startup Time": 35.633,"Actual Total Time": 35.648,"Actual Rows": 229039,"Actual Loops": 1,"Index Cond": "((l_shipdate >= '1994-06-01'::date) AND (l_shipdate < '1994-09-01 00:00:00'::timestamp without time zone))"}]}]}]},{"Node Type": "Index Scan","Parent Relationship": "Outer","Parallel Aware": false,"Async Capable": false,"Scan Direction": "Forward","Index Name": "supplier_pkey","Relation Name": "supplier","Alias": "supplier","Startup Cost": 0.29,"Total Cost": 495.43,"Plan Rows": 10000,"Plan Width": 71,"Actual Startup Time": 0.121,"Actual Total Time": 12.024,"Actual Rows": 7946,"Actual Loops": 1},{"Node Type": "Sort","Parent Relationship": "Inner","Parallel Aware": false,"Async Capable": false,"Startup Cost": 124122.69,"Total Cost": 124122.81,"Plan Rows": 50,"Plan Width": 36,"Actual Startup Time": 1960.894,"Actual Total Time": 1960.930,"Actual Rows": 1,"Actual Loops": 1,"Sort Key": ["revenue0.supplier_no"],"Sort Method": "quicksort","Sort Space Used": 25,"Sort Space Type": "Memory","Plans": [{"Node Type": "Subquery Scan","Parent Relationship": "Outer","Parallel Aware": false,"Async Capable": false,"Alias": "revenue0","Startup Cost": 123970.67,"Total Cost": 124121.28,"Plan Rows": 50,"Plan Width": 36,"Actual Startup Time": 1956.612,"Actual Total Time": 1960.848,"Actual Rows": 1,"Actual Loops": 1,"Plans": [{"Node Type": "Aggregate","Strategy": "Hashed","Partial Mode": "Simple","Parent Relationship": "Subquery","Parallel Aware": false,"Async Capable": false,"Startup Cost": 123970.67,"Total Cost": 124120.78,"Plan Rows": 50,"Plan Width": 36,"Actual Startup Time": 1956.600,"Actual Total Time": 1960.810,"Actual Rows": 1,"Actual Loops": 1,"Group Key": ["lineitem.l_suppkey"],"Filter": "(sum((lineitem.l_extendedprice * ('1'::numeric - lineitem.l_discount))) = $0)","Planned Partitions": 0,"HashAgg Batches": 1,"Peak Memory Usage": 4497,"Disk Usage": 0,"Rows Removed by Filter": 9999,"Plans": [{"Node Type": "Bitmap Heap Scan","Parent Relationship": "Outer","Parallel Aware": false,"Async Capable": false,"Relation Name": "lineitem","Alias": "lineitem","Startup Cost": 5811.47,"Total Cost": 121708.19,"Plan Rows": 226248,"Plan Width": 16,"Actual Startup Time": 51.748,"Actual Total Time": 872.040,"Actual Rows": 229039,"Actual Loops": 1,"Recheck Cond": "((l_shipdate >= '1994-06-01'::date) AND (l_shipdate < '1994-09-01 00:00:00'::timestamp without time zone))","Rows Removed by Index Recheck": 0,"Exact Heap Blocks": 67238,"Lossy Heap Blocks": 0,"Plans": [{"Node Type": "Bitmap Index Scan","Parent Relationship": "Outer","Parallel Aware": false,"Async Capable": false,"Index Name": "idx_lineitem_shipdate","Startup Cost": 0.00,"Total Cost": 5754.91,"Plan Rows": 226248,"Plan Width": 0,"Actual Startup Time": 38.292,"Actual Total Time": 38.307,"Actual Rows": 229039,"Actual Loops": 1,"Index Cond": "((l_shipdate >= '1994-06-01'::date) AND (l_shipdate < '1994-09-01 00:00:00'::timestamp without time zone))"}]}]}]}]}]},"Planning Time": 5.138,"Triggers": [],"Execution Time": 1979.821}]
[{"Plan": {"Node Type": "Merge Join","Parallel Aware": false,"Async Capable": false,"Join Type": "Inner","Startup Cost": 248749.22,"Total Cost": 249270.12,"Plan Rows": 50,"Plan Width": 103,"Actual Startup Time": 1931.389,"Actual Total Time": 1931.417,"Actual Rows": 1,"Actual Loops": 1,"Inner Unique": true,"Merge Cond": "(supplier.s_suppkey = revenue0.supplier_no)","Plans": [{"Node Type": "Aggregate","Strategy": "Plain","Partial Mode": "Simple","Parent Relationship": "InitPlan","Subplan Name": "InitPlan 1 (returns $0)","Parallel Aware": false,"Async Capable": false,"Startup Cost": 124423.54,"Total Cost": 124423.55,"Plan Rows": 1,"Plan Width": 32,"Actual Startup Time": 829.182,"Actual Total Time": 829.192,"Actual Rows": 1,"Actual Loops": 1,"Plans": [{"Node Type": "Aggregate","Strategy": "Hashed","Partial Mode": "Simple","Parent Relationship": "Outer","Parallel Aware": false,"Async Capable": false,"Startup Cost": 124173.37,"Total Cost": 124298.46,"Plan Rows": 10007,"Plan Width": 36,"Actual Startup Time": 816.902,"Actual Total Time": 828.607,"Actual Rows": 10000,"Actual Loops": 1,"Group Key": ["lineitem_1.l_suppkey"],"Planned Partitions": 0,"HashAgg Batches": 1,"Peak Memory Usage": 4497,"Disk Usage": 0,"Plans": [{"Node Type": "Bitmap Heap Scan","Parent Relationship": "Outer","Parallel Aware": false,"Async Capable": false,"Relation Name": "lineitem","Alias": "lineitem_1","Startup Cost": 5912.97,"Total Cost": 121870.41,"Plan Rows": 230296,"Plan Width": 16,"Actual Startup Time": 50.257,"Actual Total Time": 644.900,"Actual Rows": 230072,"Actual Loops": 1,"Recheck Cond": "((l_shipdate >= '1995-10-01'::date) AND (l_shipdate < '1996-01-01 00:00:00'::timestamp without time zone))","Rows Removed by Index Recheck": 0,"Exact Heap Blocks": 67245,"Lossy Heap Blocks": 0,"Plans": [{"Node Type": "Bitmap Index Scan","Parent Relationship": "Outer","Parallel Aware": false,"Async Capable": false,"Index Name": "idx_lineitem_shipdate","Startup Cost": 0.00,"Total Cost": 5855.39,"Plan Rows": 230296,"Plan Width": 0,"Actual Startup Time": 36.768,"Actual Total Time": 36.770,"Actual Rows": 230072,"Actual Loops": 1,"Index Cond": "((l_shipdate >= '1995-10-01'::date) AND (l_shipdate < '1996-01-01 00:00:00'::timestamp without time zone))"}]}]}]},{"Node Type": "Index Scan","Parent Relationship": "Outer","Parallel Aware": false,"Async Capable": false,"Scan Direction": "Forward","Index Name": "supplier_pkey","Relation Name": "supplier","Alias": "supplier","Startup Cost": 0.29,"Total Cost": 495.43,"Plan Rows": 10000,"Plan Width": 71,"Actual Startup Time": 0.086,"Actual Total Time": 4.053,"Actual Rows": 2388,"Actual Loops": 1},{"Node Type": "Sort","Parent Relationship": "Inner","Parallel Aware": false,"Async Capable": false,"Startup Cost": 124325.38,"Total Cost": 124325.51,"Plan Rows": 50,"Plan Width": 36,"Actual Startup Time": 1927.160,"Actual Total Time": 1927.170,"Actual Rows": 1,"Actual Loops": 1,"Sort Key": ["revenue0.supplier_no"],"Sort Method": "quicksort","Sort Space Used": 25,"Sort Space Type": "Memory","Plans": [{"Node Type": "Subquery Scan","Parent Relationship": "Outer","Parallel Aware": false,"Async Capable": false,"Alias": "revenue0","Startup Cost": 124173.37,"Total Cost": 124323.97,"Plan Rows": 50,"Plan Width": 36,"Actual Startup Time": 1921.461,"Actual Total Time": 1927.124,"Actual Rows": 1,"Actual Loops": 1,"Plans": [{"Node Type": "Aggregate","Strategy": "Hashed","Partial Mode": "Simple","Parent Relationship": "Subquery","Parallel Aware": false,"Async Capable": false,"Startup Cost": 124173.37,"Total Cost": 124323.47,"Plan Rows": 50,"Plan Width": 36,"Actual Startup Time": 1921.452,"Actual Total Time": 1927.108,"Actual Rows": 1,"Actual Loops": 1,"Group Key": ["lineitem.l_suppkey"],"Filter": "(sum((lineitem.l_extendedprice * ('1'::numeric - lineitem.l_discount))) = $0)","Planned Partitions": 0,"HashAgg Batches": 1,"Peak Memory Usage": 4497,"Disk Usage": 0,"Rows Removed by Filter": 9999,"Plans": [{"Node Type": "Bitmap Heap Scan","Parent Relationship": "Outer","Parallel Aware": false,"Async Capable": false,"Relation Name": "lineitem","Alias": "lineitem","Startup Cost": 5912.97,"Total Cost": 121870.41,"Plan Rows": 230296,"Plan Width": 16,"Actual Startup Time": 50.046,"Actual Total Time": 890.624,"Actual Rows": 230072,"Actual Loops": 1,"Recheck Cond": "((l_shipdate >= '1995-10-01'::date) AND (l_shipdate < '1996-01-01 00:00:00'::timestamp without time zone))","Rows Removed by Index Recheck": 0,"Exact Heap Blocks": 67245,"Lossy Heap Blocks": 0,"Plans": [{"Node Type": "Bitmap Index Scan","Parent Relationship": "Outer","Parallel Aware": false,"Async Capable": false,"Index Name": "idx_lineitem_shipdate","Startup Cost": 0.00,"Total Cost": 5855.39,"Plan Rows": 230296,"Plan Width": 0,"Actual Startup Time": 36.694,"Actual Total Time": 36.694,"Actual Rows": 230072,"Actual Loops": 1,"Index Cond": "((l_shipdate >= '1995-10-01'::date) AND (l_shipdate < '1996-01-01 00:00:00'::timestamp without time zone))"}]}]}]}]}]},"Planning Time": 4.561,"Triggers": [],"Execution Time": 1934.601}]
[{"Plan": {"Node Type": "Merge Join","Parallel Aware": false,"Async Capable": false,"Join Type": "Inner","Startup Cost": 248978.65,"Total Cost": 249499.55,"Plan Rows": 50,"Plan Width": 103,"Actual Startup Time": 2096.212,"Actual Total Time": 2096.274,"Actual Rows": 1,"Actual Loops": 1,"Inner Unique": true,"Merge Cond": "(supplier.s_suppkey = revenue0.supplier_no)","Plans": [{"Node Type": "Aggregate","Strategy": "Plain","Partial Mode": "Simple","Parent Relationship": "InitPlan","Subplan Name": "InitPlan 1 (returns $0)","Parallel Aware": false,"Async Capable": false,"Startup Cost": 124538.26,"Total Cost": 124538.27,"Plan Rows": 1,"Plan Width": 32,"Actual Startup Time": 983.907,"Actual Total Time": 983.932,"Actual Rows": 1,"Actual Loops": 1,"Plans": [{"Node Type": "Aggregate","Strategy": "Hashed","Partial Mode": "Simple","Parent Relationship": "Outer","Parallel Aware": false,"Async Capable": false,"Startup Cost": 124288.08,"Total Cost": 124413.17,"Plan Rows": 10007,"Plan Width": 36,"Actual Startup Time": 975.922,"Actual Total Time": 983.270,"Actual Rows": 10000,"Actual Loops": 1,"Group Key": ["lineitem_1.l_suppkey"],"Planned Partitions": 0,"HashAgg Batches": 1,"Peak Memory Usage": 4497,"Disk Usage": 0,"Plans": [{"Node Type": "Bitmap Heap Scan","Parent Relationship": "Outer","Parallel Aware": false,"Async Capable": false,"Relation Name": "lineitem","Alias": "lineitem_1","Startup Cost": 5640.42,"Total Cost": 122091.02,"Plan Rows": 219706,"Plan Width": 16,"Actual Startup Time": 58.372,"Actual Total Time": 769.400,"Actual Rows": 224003,"Actual Loops": 1,"Recheck Cond": "((l_shipdate >= '1993-01-01'::date) AND (l_shipdate < '1993-04-01 00:00:00'::timestamp without time zone))","Rows Removed by Index Recheck": 0,"Exact Heap Blocks": 66450,"Lossy Heap Blocks": 0,"Plans": [{"Node Type": "Bitmap Index Scan","Parent Relationship": "Outer","Parallel Aware": false,"Async Capable": false,"Index Name": "idx_lineitem_shipdate","Startup Cost": 0.00,"Total Cost": 5585.49,"Plan Rows": 219706,"Plan Width": 0,"Actual Startup Time": 44.700,"Actual Total Time": 44.716,"Actual Rows": 224003,"Actual Loops": 1,"Index Cond": "((l_shipdate >= '1993-01-01'::date) AND (l_shipdate < '1993-04-01 00:00:00'::timestamp without time zone))"}]}]}]},{"Node Type": "Index Scan","Parent Relationship": "Outer","Parallel Aware": false,"Async Capable": false,"Scan Direction": "Forward","Index Name": "supplier_pkey","Relation Name": "supplier","Alias": "supplier","Startup Cost": 0.29,"Total Cost": 495.43,"Plan Rows": 10000,"Plan Width": 71,"Actual Startup Time": 0.093,"Actual Total Time": 9.121,"Actual Rows": 5369,"Actual Loops": 1},{"Node Type": "Sort","Parent Relationship": "Inner","Parallel Aware": false,"Async Capable": false,"Startup Cost": 124440.10,"Total Cost": 124440.22,"Plan Rows": 50,"Plan Width": 36,"Actual Startup Time": 2086.718,"Actual Total Time": 2086.732,"Actual Rows": 1,"Actual Loops": 1,"Sort Key": ["revenue0.supplier_no"],"Sort Method": "quicksort","Sort Space Used": 25,"Sort Space Type": "Memory","Plans": [{"Node Type": "Subquery Scan","Parent Relationship": "Outer","Parallel Aware": false,"Async Capable": false,"Alias": "revenue0","Startup Cost": 124288.08,"Total Cost": 124438.69,"Plan Rows": 50,"Plan Width": 36,"Actual Startup Time": 2085.226,"Actual Total Time": 2086.666,"Actual Rows": 1,"Actual Loops": 1,"Plans": [{"Node Type": "Aggregate","Strategy": "Hashed","Partial Mode": "Simple","Parent Relationship": "Subquery","Parallel Aware": false,"Async Capable": false,"Startup Cost": 124288.08,"Total Cost": 124438.19,"Plan Rows": 50,"Plan Width": 36,"Actual Startup Time": 2085.209,"Actual Total Time": 2086.627,"Actual Rows": 1,"Actual Loops": 1,"Group Key": ["lineitem.l_suppkey"],"Filter": "(sum((lineitem.l_extendedprice * ('1'::numeric - lineitem.l_discount))) = $0)","Planned Partitions": 0,"HashAgg Batches": 1,"Peak Memory Usage": 4497,"Disk Usage": 0,"Rows Removed by Filter": 9999,"Plans": [{"Node Type": "Bitmap Heap Scan","Parent Relationship": "Outer","Parallel Aware": false,"Async Capable": false,"Relation Name": "lineitem","Alias": "lineitem","Startup Cost": 5640.42,"Total Cost": 122091.02,"Plan Rows": 219706,"Plan Width": 16,"Actual Startup Time": 54.479,"Actual Total Time": 923.475,"Actual Rows": 224003,"Actual Loops": 1,"Recheck Cond": "((l_shipdate >= '1993-01-01'::date) AND (l_shipdate < '1993-04-01 00:00:00'::timestamp without time zone))","Rows Removed by Index Recheck": 0,"Exact Heap Blocks": 66450,"Lossy Heap Blocks": 0,"Plans": [{"Node Type": "Bitmap Index Scan","Parent Relationship": "Outer","Parallel Aware": false,"Async Capable": false,"Index Name": "idx_lineitem_shipdate","Startup Cost": 0.00,"Total Cost": 5585.49,"Plan Rows": 219706,"Plan Width": 0,"Actual Startup Time": 41.018,"Actual Total Time": 41.018,"Actual Rows": 224003,"Actual Loops": 1,"Index Cond": "((l_shipdate >= '1993-01-01'::date) AND (l_shipdate < '1993-04-01 00:00:00'::timestamp without time zone))"}]}]}]}]}]},"Planning Time": 5.332,"Triggers": [],"Execution Time": 2101.239}]
[{"Plan": {"Node Type": "Merge Join","Parallel Aware": false,"Async Capable": false,"Join Type": "Inner","Startup Cost": 248837.06,"Total Cost": 249357.95,"Plan Rows": 50,"Plan Width": 103,"Actual Startup Time": 1969.246,"Actual Total Time": 1969.306,"Actual Rows": 1,"Actual Loops": 1,"Inner Unique": true,"Merge Cond": "(supplier.s_suppkey = revenue0.supplier_no)","Plans": [{"Node Type": "Aggregate","Strategy": "Plain","Partial Mode": "Simple","Parent Relationship": "InitPlan","Subplan Name": "InitPlan 1 (returns $0)","Parallel Aware": false,"Async Capable": false,"Startup Cost": 124467.46,"Total Cost": 124467.47,"Plan Rows": 1,"Plan Width": 32,"Actual Startup Time": 899.835,"Actual Total Time": 899.853,"Actual Rows": 1,"Actual Loops": 1,"Plans": [{"Node Type": "Aggregate","Strategy": "Hashed","Partial Mode": "Simple","Parent Relationship": "Outer","Parallel Aware": false,"Async Capable": false,"Startup Cost": 124217.29,"Total Cost": 124342.37,"Plan Rows": 10007,"Plan Width": 36,"Actual Startup Time": 888.951,"Actual Total Time": 899.159,"Actual Rows": 10000,"Actual Loops": 1,"Group Key": ["lineitem_1.l_suppkey"],"Planned Partitions": 0,"HashAgg Batches": 1,"Peak Memory Usage": 4497,"Disk Usage": 0,"Plans": [{"Node Type": "Bitmap Heap Scan","Parent Relationship": "Outer","Parallel Aware": false,"Async Capable": false,"Relation Name": "lineitem","Alias": "lineitem_1","Startup Cost": 5666.73,"Total Cost": 122010.16,"Plan Rows": 220712,"Plan Width": 16,"Actual Startup Time": 50.799,"Actual Total Time": 691.660,"Actual Rows": 227315,"Actual Loops": 1,"Recheck Cond": "((l_shipdate >= '1994-04-01'::date) AND (l_shipdate < '1994-07-01 00:00:00'::timestamp without time zone))","Rows Removed by Index Recheck": 0,"Exact Heap Blocks": 67016,"Lossy Heap Blocks": 0,"Plans": [{"Node Type": "Bitmap Index Scan","Parent Relationship": "Outer","Parallel Aware": false,"Async Capable": false,"Index Name": "idx_lineitem_shipdate","Startup Cost": 0.00,"Total Cost": 5611.55,"Plan Rows": 220712,"Plan Width": 0,"Actual Startup Time": 36.979,"Actual Total Time": 36.992,"Actual Rows": 227315,"Actual Loops": 1,"Index Cond": "((l_shipdate >= '1994-04-01'::date) AND (l_shipdate < '1994-07-01 00:00:00'::timestamp without time zone))"}]}]}]},{"Node Type": "Index Scan","Parent Relationship": "Outer","Parallel Aware": false,"Async Capable": false,"Scan Direction": "Forward","Index Name": "supplier_pkey","Relation Name": "supplier","Alias": "supplier","Startup Cost": 0.29,"Total Cost": 495.43,"Plan Rows": 10000,"Plan Width": 71,"Actual Startup Time": 0.084,"Actual Total Time": 2.331,"Actual Rows": 1360,"Actual Loops": 1},{"Node Type": "Sort","Parent Relationship": "Inner","Parallel Aware": false,"Async Capable": false,"Startup Cost": 124369.30,"Total Cost": 124369.43,"Plan Rows": 50,"Plan Width": 36,"Actual Startup Time": 1966.772,"Actual Total Time": 1966.788,"Actual Rows": 1,"Actual Loops": 1,"Sort Key": ["revenue0.supplier_no"],"Sort Method": "quicksort","Sort Space Used": 25,"Sort Space Type": "Memory","Plans": [{"Node Type": "Subquery Scan","Parent Relationship": "Outer","Parallel Aware": false,"Async Capable": false,"Alias": "revenue0","Startup Cost": 124217.29,"Total Cost": 124367.89,"Plan Rows": 50,"Plan Width": 36,"Actual Startup Time": 1963.574,"Actual Total Time": 1966.737,"Actual Rows": 1,"Actual Loops": 1,"Plans": [{"Node Type": "Aggregate","Strategy": "Hashed","Partial Mode": "Simple","Parent Relationship": "Subquery","Parallel Aware": false,"Async Capable": false,"Startup Cost": 124217.29,"Total Cost": 124367.39,"Plan Rows": 50,"Plan Width": 36,"Actual Startup Time": 1963.555,"Actual Total Time": 1966.695,"Actual Rows": 1,"Actual Loops": 1,"Group Key": ["lineitem.l_suppkey"],"Filter": "(sum((lineitem.l_extendedprice * ('1'::numeric - lineitem.l_discount))) = $0)","Planned Partitions": 0,"HashAgg Batches": 1,"Peak Memory Usage": 4497,"Disk Usage": 0,"Rows Removed by Filter": 9999,"Plans": [{"Node Type": "Bitmap Heap Scan","Parent Relationship": "Outer","Parallel Aware": false,"Async Capable": false,"Relation Name": "lineitem","Alias": "lineitem","Startup Cost": 5666.73,"Total Cost": 122010.16,"Plan Rows": 220712,"Plan Width": 16,"Actual Startup Time": 49.894,"Actual Total Time": 881.952,"Actual Rows": 227315,"Actual Loops": 1,"Recheck Cond": "((l_shipdate >= '1994-04-01'::date) AND (l_shipdate < '1994-07-01 00:00:00'::timestamp without time zone))","Rows Removed by Index Recheck": 0,"Exact Heap Blocks": 67016,"Lossy Heap Blocks": 0,"Plans": [{"Node Type": "Bitmap Index Scan","Parent Relationship": "Outer","Parallel Aware": false,"Async Capable": false,"Index Name": "idx_lineitem_shipdate","Startup Cost": 0.00,"Total Cost": 5611.55,"Plan Rows": 220712,"Plan Width": 0,"Actual Startup Time": 36.453,"Actual Total Time": 36.453,"Actual Rows": 227315,"Actual Loops": 1,"Index Cond": "((l_shipdate >= '1994-04-01'::date) AND (l_shipdate < '1994-07-01 00:00:00'::timestamp without time zone))"}]}]}]}]}]},"Planning Time": 4.191,"Triggers": [],"Execution Time": 1974.742}]
[{"Plan": {"Node Type": "Merge Join","Parallel Aware": false,"Async Capable": false,"Join Type": "Inner","Startup Cost": 249160.41,"Total Cost": 249681.31,"Plan Rows": 50,"Plan Width": 103,"Actual Startup Time": 2073.279,"Actual Total Time": 2073.319,"Actual Rows": 1,"Actual Loops": 1,"Inner Unique": true,"Merge Cond": "(supplier.s_suppkey = revenue0.supplier_no)","Plans": [{"Node Type": "Aggregate","Strategy": "Plain","Partial Mode": "Simple","Parent Relationship": "InitPlan","Subplan Name": "InitPlan 1 (returns $0)","Parallel Aware": false,"Async Capable": false,"Startup Cost": 124629.14,"Total Cost": 124629.15,"Plan Rows": 1,"Plan Width": 32,"Actual Startup Time": 939.006,"Actual Total Time": 939.018,"Actual Rows": 1,"Actual Loops": 1,"Plans": [{"Node Type": "Aggregate","Strategy": "Hashed","Partial Mode": "Simple","Parent Relationship": "Outer","Parallel Aware": false,"Async Capable": false,"Startup Cost": 124378.96,"Total Cost": 124504.05,"Plan Rows": 10007,"Plan Width": 36,"Actual Startup Time": 931.108,"Actual Total Time": 938.419,"Actual Rows": 10000,"Actual Loops": 1,"Group Key": ["lineitem_1.l_suppkey"],"Planned Partitions": 0,"HashAgg Batches": 1,"Peak Memory Usage": 4497,"Disk Usage": 0,"Plans": [{"Node Type": "Bitmap Heap Scan","Parent Relationship": "Outer","Parallel Aware": false,"Async Capable": false,"Relation Name": "lineitem","Alias": "lineitem_1","Startup Cost": 6018.14,"Total Cost": 122035.84,"Plan Rows": 234313,"Plan Width": 16,"Actual Startup Time": 52.989,"Actual Total Time": 776.177,"Actual Rows": 229123,"Actual Loops": 1,"Recheck Cond": "((l_shipdate >= '1994-11-01'::date) AND (l_shipdate < '1995-02-01 00:00:00'::timestamp without time zone))","Rows Removed by Index Recheck": 0,"Exact Heap Blocks": 67216,"Lossy Heap Blocks": 0,"Plans": [{"Node Type": "Bitmap Index Scan","Parent Relationship": "Outer","Parallel Aware": false,"Async Capable": false,"Index Name": "idx_lineitem_shipdate","Startup Cost": 0.00,"Total Cost": 5959.56,"Plan Rows": 234313,"Plan Width": 0,"Actual Startup Time": 39.328,"Actual Total Time": 39.335,"Actual Rows": 229123,"Actual Loops": 1,"Index Cond": "((l_shipdate >= '1994-11-01'::date) AND (l_shipdate < '1995-02-01 00:00:00'::timestamp without time zone))"}]}]}]},{"Node Type": "Index Scan","Parent Relationship": "Outer","Parallel Aware": false,"Async Capable": false,"Scan Direction": "Forward","Index Name": "supplier_pkey","Relation Name": "supplier","Alias": "supplier","Startup Cost": 0.29,"Total Cost": 495.43,"Plan Rows": 10000,"Plan Width": 71,"Actual Startup Time": 0.068,"Actual Total Time": 3.400,"Actual Rows": 1942,"Actual Loops": 1},{"Node Type": "Sort","Parent Relationship": "Inner","Parallel Aware": false,"Async Capable": false,"Startup Cost": 124530.98,"Total Cost": 124531.10,"Plan Rows": 50,"Plan Width": 36,"Actual Startup Time": 2069.742,"Actual Total Time": 2069.754,"Actual Rows": 1,"Actual Loops": 1,"Sort Key": ["revenue0.supplier_no"],"Sort Method": "quicksort","Sort Space Used": 25,"Sort Space Type": "Memory","Plans": [{"Node Type": "Subquery Scan","Parent Relationship": "Outer","Parallel Aware": false,"Async Capable": false,"Alias": "revenue0","Startup Cost": 124378.96,"Total Cost": 124529.57,"Plan Rows": 50,"Plan Width": 36,"Actual Startup Time": 2038.680,"Actual Total Time": 2069.702,"Actual Rows": 1,"Actual Loops": 1,"Plans": [{"Node Type": "Aggregate","Strategy": "Hashed","Partial Mode": "Simple","Parent Relationship": "Subquery","Parallel Aware": false,"Async Capable": false,"Startup Cost": 124378.96,"Total Cost": 124529.07,"Plan Rows": 50,"Plan Width": 36,"Actual Startup Time": 2038.671,"Actual Total Time": 2069.682,"Actual Rows": 1,"Actual Loops": 1,"Group Key": ["lineitem.l_suppkey"],"Filter": "(sum((lineitem.l_extendedprice * ('1'::numeric - lineitem.l_discount))) = $0)","Planned Partitions": 0,"HashAgg Batches": 1,"Peak Memory Usage": 4497,"Disk Usage": 0,"Rows Removed by Filter": 9999,"Plans": [{"Node Type": "Bitmap Heap Scan","Parent Relationship": "Outer","Parallel Aware": false,"Async Capable": false,"Relation Name": "lineitem","Alias": "lineitem","Startup Cost": 6018.14,"Total Cost": 122035.84,"Plan Rows": 234313,"Plan Width": 16,"Actual Startup Time": 55.954,"Actual Total Time": 934.360,"Actual Rows": 229123,"Actual Loops": 1,"Recheck Cond": "((l_shipdate >= '1994-11-01'::date) AND (l_shipdate < '1995-02-01 00:00:00'::timestamp without time zone))","Rows Removed by Index Recheck": 0,"Exact Heap Blocks": 67216,"Lossy Heap Blocks": 0,"Plans": [{"Node Type": "Bitmap Index Scan","Parent Relationship": "Outer","Parallel Aware": false,"Async Capable": false,"Index Name": "idx_lineitem_shipdate","Startup Cost": 0.00,"Total Cost": 5959.56,"Plan Rows": 234313,"Plan Width": 0,"Actual Startup Time": 42.235,"Actual Total Time": 42.239,"Actual Rows": 229123,"Actual Loops": 1,"Index Cond": "((l_shipdate >= '1994-11-01'::date) AND (l_shipdate < '1995-02-01 00:00:00'::timestamp without time zone))"}]}]}]}]}]},"Planning Time": 5.241,"Triggers": [],"Execution Time": 2077.503}]
[{"Plan": {"Node Type": "Merge Join","Parallel Aware": false,"Async Capable": false,"Join Type": "Inner","Startup Cost": 248837.06,"Total Cost": 249357.95,"Plan Rows": 50,"Plan Width": 103,"Actual Startup Time": 1969.246,"Actual Total Time": 1969.306,"Actual Rows": 1,"Actual Loops": 1,"Inner Unique": true,"Merge Cond": "(supplier.s_suppkey = revenue0.supplier_no)","Plans": [{"Node Type": "Aggregate","Strategy": "Plain","Partial Mode": "Simple","Parent Relationship": "InitPlan","Subplan Name": "InitPlan 1 (returns $0)","Parallel Aware": false,"Async Capable": false,"Startup Cost": 124467.46,"Total Cost": 124467.47,"Plan Rows": 1,"Plan Width": 32,"Actual Startup Time": 899.835,"Actual Total Time": 899.853,"Actual Rows": 1,"Actual Loops": 1,"Plans": [{"Node Type": "Aggregate","Strategy": "Hashed","Partial Mode": "Simple","Parent Relationship": "Outer","Parallel Aware": false,"Async Capable": false,"Startup Cost": 124217.29,"Total Cost": 124342.37,"Plan Rows": 10007,"Plan Width": 36,"Actual Startup Time": 888.951,"Actual Total Time": 899.159,"Actual Rows": 10000,"Actual Loops": 1,"Group Key": ["lineitem_1.l_suppkey"],"Planned Partitions": 0,"HashAgg Batches": 1,"Peak Memory Usage": 4497,"Disk Usage": 0,"Plans": [{"Node Type": "Bitmap Heap Scan","Parent Relationship": "Outer","Parallel Aware": false,"Async Capable": false,"Relation Name": "lineitem","Alias": "lineitem_1","Startup Cost": 5666.73,"Total Cost": 122010.16,"Plan Rows": 220712,"Plan Width": 16,"Actual Startup Time": 50.799,"Actual Total Time": 691.660,"Actual Rows": 227315,"Actual Loops": 1,"Recheck Cond": "((l_shipdate >= '1994-04-01'::date) AND (l_shipdate < '1994-07-01 00:00:00'::timestamp without time zone))","Rows Removed by Index Recheck": 0,"Exact Heap Blocks": 67016,"Lossy Heap Blocks": 0,"Plans": [{"Node Type": "Bitmap Index Scan","Parent Relationship": "Outer","Parallel Aware": false,"Async Capable": false,"Index Name": "idx_lineitem_shipdate","Startup Cost": 0.00,"Total Cost": 5611.55,"Plan Rows": 220712,"Plan Width": 0,"Actual Startup Time": 36.979,"Actual Total Time": 36.992,"Actual Rows": 227315,"Actual Loops": 1,"Index Cond": "((l_shipdate >= '1994-04-01'::date) AND (l_shipdate < '1994-07-01 00:00:00'::timestamp without time zone))"}]}]}]},{"Node Type": "Index Scan","Parent Relationship": "Outer","Parallel Aware": false,"Async Capable": false,"Scan Direction": "Forward","Index Name": "supplier_pkey","Relation Name": "supplier","Alias": "supplier","Startup Cost": 0.29,"Total Cost": 495.43,"Plan Rows": 10000,"Plan Width": 71,"Actual Startup Time": 0.084,"Actual Total Time": 2.331,"Actual Rows": 1360,"Actual Loops": 1},{"Node Type": "Sort","Parent Relationship": "Inner","Parallel Aware": false,"Async Capable": false,"Startup Cost": 124369.30,"Total Cost": 124369.43,"Plan Rows": 50,"Plan Width": 36,"Actual Startup Time": 1966.772,"Actual Total Time": 1966.788,"Actual Rows": 1,"Actual Loops": 1,"Sort Key": ["revenue0.supplier_no"],"Sort Method": "quicksort","Sort Space Used": 25,"Sort Space Type": "Memory","Plans": [{"Node Type": "Subquery Scan","Parent Relationship": "Outer","Parallel Aware": false,"Async Capable": false,"Alias": "revenue0","Startup Cost": 124217.29,"Total Cost": 124367.89,"Plan Rows": 50,"Plan Width": 36,"Actual Startup Time": 1963.574,"Actual Total Time": 1966.737,"Actual Rows": 1,"Actual Loops": 1,"Plans": [{"Node Type": "Aggregate","Strategy": "Hashed","Partial Mode": "Simple","Parent Relationship": "Subquery","Parallel Aware": false,"Async Capable": false,"Startup Cost": 124217.29,"Total Cost": 124367.39,"Plan Rows": 50,"Plan Width": 36,"Actual Startup Time": 1963.555,"Actual Total Time": 1966.695,"Actual Rows": 1,"Actual Loops": 1,"Group Key": ["lineitem.l_suppkey"],"Filter": "(sum((lineitem.l_extendedprice * ('1'::numeric - lineitem.l_discount))) = $0)","Planned Partitions": 0,"HashAgg Batches": 1,"Peak Memory Usage": 4497,"Disk Usage": 0,"Rows Removed by Filter": 9999,"Plans": [{"Node Type": "Bitmap Heap Scan","Parent Relationship": "Outer","Parallel Aware": false,"Async Capable": false,"Relation Name": "lineitem","Alias": "lineitem","Startup Cost": 5666.73,"Total Cost": 122010.16,"Plan Rows": 220712,"Plan Width": 16,"Actual Startup Time": 49.894,"Actual Total Time": 881.952,"Actual Rows": 227315,"Actual Loops": 1,"Recheck Cond": "((l_shipdate >= '1994-04-01'::date) AND (l_shipdate < '1994-07-01 00:00:00'::timestamp without time zone))","Rows Removed by Index Recheck": 0,"Exact Heap Blocks": 67016,"Lossy Heap Blocks": 0,"Plans": [{"Node Type": "Bitmap Index Scan","Parent Relationship": "Outer","Parallel Aware": false,"Async Capable": false,"Index Name": "idx_lineitem_shipdate","Startup Cost": 0.00,"Total Cost": 5611.55,"Plan Rows": 220712,"Plan Width": 0,"Actual Startup Time": 36.453,"Actual Total Time": 36.453,"Actual Rows": 227315,"Actual Loops": 1,"Index Cond": "((l_shipdate >= '1994-04-01'::date) AND (l_shipdate < '1994-07-01 00:00:00'::timestamp without time zone))"}]}]}]}]}]},"Planning Time": 4.191,"Triggers": [],"Execution Time": 1974.742}]
[{"Plan": {"Node Type": "Merge Join","Parallel Aware": false,"Async Capable": false,"Join Type": "Inner","Startup Cost": 248396.78,"Total Cost": 248917.68,"Plan Rows": 50,"Plan Width": 103,"Actual Startup Time": 2095.850,"Actual Total Time": 2095.890,"Actual Rows": 1,"Actual Loops": 1,"Inner Unique": true,"Merge Cond": "(supplier.s_suppkey = revenue0.supplier_no)","Plans": [{"Node Type": "Aggregate","Strategy": "Plain","Partial Mode": "Simple","Parent Relationship": "InitPlan","Subplan Name": "InitPlan 1 (returns $0)","Parallel Aware": false,"Async Capable": false,"Startup Cost": 124247.32,"Total Cost": 124247.33,"Plan Rows": 1,"Plan Width": 32,"Actual Startup Time": 948.091,"Actual Total Time": 948.105,"Actual Rows": 1,"Actual Loops": 1,"Plans": [{"Node Type": "Aggregate","Strategy": "Hashed","Partial Mode": "Simple","Parent Relationship": "Outer","Parallel Aware": false,"Async Capable": false,"Startup Cost": 123997.15,"Total Cost": 124122.24,"Plan Rows": 10007,"Plan Width": 36,"Actual Startup Time": 942.301,"Actual Total Time": 947.490,"Actual Rows": 10000,"Actual Loops": 1,"Group Key": ["lineitem_1.l_suppkey"],"Planned Partitions": 0,"HashAgg Batches": 1,"Peak Memory Usage": 4497,"Disk Usage": 0,"Plans": [{"Node Type": "Bitmap Heap Scan","Parent Relationship": "Outer","Parallel Aware": false,"Async Capable": false,"Relation Name": "lineitem","Alias": "lineitem_1","Startup Cost": 5824.85,"Total Cost": 121729.43,"Plan Rows": 226772,"Plan Width": 16,"Actual Startup Time": 65.919,"Actual Total Time": 796.903,"Actual Rows": 228852,"Actual Loops": 1,"Recheck Cond": "((l_shipdate >= '1995-09-01'::date) AND (l_shipdate < '1995-12-01 00:00:00'::timestamp without time zone))","Rows Removed by Index Recheck": 0,"Exact Heap Blocks": 67143,"Lossy Heap Blocks": 0,"Plans": [{"Node Type": "Bitmap Index Scan","Parent Relationship": "Outer","Parallel Aware": false,"Async Capable": false,"Index Name": "idx_lineitem_shipdate","Startup Cost": 0.00,"Total Cost": 5768.15,"Plan Rows": 226772,"Plan Width": 0,"Actual Startup Time": 51.856,"Actual Total Time": 51.860,"Actual Rows": 228852,"Actual Loops": 1,"Index Cond": "((l_shipdate >= '1995-09-01'::date) AND (l_shipdate < '1995-12-01 00:00:00'::timestamp without time zone))"}]}]}]},{"Node Type": "Index Scan","Parent Relationship": "Outer","Parallel Aware": false,"Async Capable": false,"Scan Direction": "Forward","Index Name": "supplier_pkey","Relation Name": "supplier","Alias": "supplier","Startup Cost": 0.29,"Total Cost": 495.43,"Plan Rows": 10000,"Plan Width": 71,"Actual Startup Time": 0.115,"Actual Total Time": 10.908,"Actual Rows": 6981,"Actual Loops": 1},{"Node Type": "Sort","Parent Relationship": "Inner","Parallel Aware": false,"Async Capable": false,"Startup Cost": 124149.17,"Total Cost": 124149.29,"Plan Rows": 50,"Plan Width": 36,"Actual Startup Time": 2084.538,"Actual Total Time": 2084.549,"Actual Rows": 1,"Actual Loops": 1,"Sort Key": ["revenue0.supplier_no"],"Sort Method": "quicksort","Sort Space Used": 25,"Sort Space Type": "Memory","Plans": [{"Node Type": "Subquery Scan","Parent Relationship": "Outer","Parallel Aware": false,"Async Capable": false,"Alias": "revenue0","Startup Cost": 123997.15,"Total Cost": 124147.75,"Plan Rows": 50,"Plan Width": 36,"Actual Startup Time": 2063.527,"Actual Total Time": 2084.498,"Actual Rows": 1,"Actual Loops": 1,"Plans": [{"Node Type": "Aggregate","Strategy": "Hashed","Partial Mode": "Simple","Parent Relationship": "Subquery","Parallel Aware": false,"Async Capable": false,"Startup Cost": 123997.15,"Total Cost": 124147.25,"Plan Rows": 50,"Plan Width": 36,"Actual Startup Time": 2063.519,"Actual Total Time": 2084.488,"Actual Rows": 1,"Actual Loops": 1,"Group Key": ["lineitem.l_suppkey"],"Filter": "(sum((lineitem.l_extendedprice * ('1'::numeric - lineitem.l_discount))) = $0)","Planned Partitions": 0,"HashAgg Batches": 1,"Peak Memory Usage": 4497,"Disk Usage": 0,"Rows Removed by Filter": 9999,"Plans": [{"Node Type": "Bitmap Heap Scan","Parent Relationship": "Outer","Parallel Aware": false,"Async Capable": false,"Relation Name": "lineitem","Alias": "lineitem","Startup Cost": 5824.85,"Total Cost": 121729.43,"Plan Rows": 226772,"Plan Width": 16,"Actual Startup Time": 62.224,"Actual Total Time": 938.636,"Actual Rows": 228852,"Actual Loops": 1,"Recheck Cond": "((l_shipdate >= '1995-09-01'::date) AND (l_shipdate < '1995-12-01 00:00:00'::timestamp without time zone))","Rows Removed by Index Recheck": 0,"Exact Heap Blocks": 67143,"Lossy Heap Blocks": 0,"Plans": [{"Node Type": "Bitmap Index Scan","Parent Relationship": "Outer","Parallel Aware": false,"Async Capable": false,"Index Name": "idx_lineitem_shipdate","Startup Cost": 0.00,"Total Cost": 5768.15,"Plan Rows": 226772,"Plan Width": 0,"Actual Startup Time": 48.458,"Actual Total Time": 48.459,"Actual Rows": 228852,"Actual Loops": 1,"Index Cond": "((l_shipdate >= '1995-09-01'::date) AND (l_shipdate < '1995-12-01 00:00:00'::timestamp without time zone))"}]}]}]}]}]},"Planning Time": 4.958,"Triggers": [],"Execution Time": 2102.199}]
[{"Plan": {"Node Type": "Merge Join","Parallel Aware": false,"Async Capable": false,"Join Type": "Inner","Startup Cost": 248243.53,"Total Cost": 248764.43,"Plan Rows": 50,"Plan Width": 103,"Actual Startup Time": 1915.884,"Actual Total Time": 1915.929,"Actual Rows": 1,"Actual Loops": 1,"Inner Unique": true,"Merge Cond": "(supplier.s_suppkey = revenue0.supplier_no)","Plans": [{"Node Type": "Aggregate","Strategy": "Plain","Partial Mode": "Simple","Parent Relationship": "InitPlan","Subplan Name": "InitPlan 1 (returns $0)","Parallel Aware": false,"Async Capable": false,"Startup Cost": 124170.70,"Total Cost": 124170.71,"Plan Rows": 1,"Plan Width": 32,"Actual Startup Time": 821.081,"Actual Total Time": 821.096,"Actual Rows": 1,"Actual Loops": 1,"Plans": [{"Node Type": "Aggregate","Strategy": "Hashed","Partial Mode": "Simple","Parent Relationship": "Outer","Parallel Aware": false,"Async Capable": false,"Startup Cost": 123920.52,"Total Cost": 124045.61,"Plan Rows": 10007,"Plan Width": 36,"Actual Startup Time": 813.173,"Actual Total Time": 820.503,"Actual Rows": 10000,"Actual Loops": 1,"Group Key": ["lineitem_1.l_suppkey"],"Planned Partitions": 0,"HashAgg Batches": 1,"Peak Memory Usage": 4497,"Disk Usage": 0,"Plans": [{"Node Type": "Bitmap Heap Scan","Parent Relationship": "Outer","Parallel Aware": false,"Async Capable": false,"Relation Name": "lineitem","Alias": "lineitem_1","Startup Cost": 5785.54,"Total Cost": 121667.73,"Plan Rows": 225279,"Plan Width": 16,"Actual Startup Time": 53.465,"Actual Total Time": 668.418,"Actual Rows": 228688,"Actual Loops": 1,"Recheck Cond": "((l_shipdate >= '1997-10-01'::date) AND (l_shipdate < '1998-01-01 00:00:00'::timestamp without time zone))","Rows Removed by Index Recheck": 0,"Exact Heap Blocks": 67089,"Lossy Heap Blocks": 0,"Plans": [{"Node Type": "Bitmap Index Scan","Parent Relationship": "Outer","Parallel Aware": false,"Async Capable": false,"Index Name": "idx_lineitem_shipdate","Startup Cost": 0.00,"Total Cost": 5729.22,"Plan Rows": 225279,"Plan Width": 0,"Actual Startup Time": 39.849,"Actual Total Time": 39.857,"Actual Rows": 228688,"Actual Loops": 1,"Index Cond": "((l_shipdate >= '1997-10-01'::date) AND (l_shipdate < '1998-01-01 00:00:00'::timestamp without time zone))"}]}]}]},{"Node Type": "Index Scan","Parent Relationship": "Outer","Parallel Aware": false,"Async Capable": false,"Scan Direction": "Forward","Index Name": "supplier_pkey","Relation Name": "supplier","Alias": "supplier","Startup Cost": 0.29,"Total Cost": 495.43,"Plan Rows": 10000,"Plan Width": 71,"Actual Startup Time": 0.114,"Actual Total Time": 13.613,"Actual Rows": 8489,"Actual Loops": 1},{"Node Type": "Sort","Parent Relationship": "Inner","Parallel Aware": false,"Async Capable": false,"Startup Cost": 124072.54,"Total Cost": 124072.66,"Plan Rows": 50,"Plan Width": 36,"Actual Startup Time": 1901.761,"Actual Total Time": 1901.777,"Actual Rows": 1,"Actual Loops": 1,"Sort Key": ["revenue0.supplier_no"],"Sort Method": "quicksort","Sort Space Used": 25,"Sort Space Type": "Memory","Plans": [{"Node Type": "Subquery Scan","Parent Relationship": "Outer","Parallel Aware": false,"Async Capable": false,"Alias": "revenue0","Startup Cost": 123920.52,"Total Cost": 124071.13,"Plan Rows": 50,"Plan Width": 36,"Actual Startup Time": 1891.664,"Actual Total Time": 1901.731,"Actual Rows": 1,"Actual Loops": 1,"Plans": [{"Node Type": "Aggregate","Strategy": "Hashed","Partial Mode": "Simple","Parent Relationship": "Subquery","Parallel Aware": false,"Async Capable": false,"Startup Cost": 123920.52,"Total Cost": 124070.63,"Plan Rows": 50,"Plan Width": 36,"Actual Startup Time": 1891.658,"Actual Total Time": 1901.722,"Actual Rows": 1,"Actual Loops": 1,"Group Key": ["lineitem.l_suppkey"],"Filter": "(sum((lineitem.l_extendedprice * ('1'::numeric - lineitem.l_discount))) = $0)","Planned Partitions": 0,"HashAgg Batches": 1,"Peak Memory Usage": 4497,"Disk Usage": 0,"Rows Removed by Filter": 9999,"Plans": [{"Node Type": "Bitmap Heap Scan","Parent Relationship": "Outer","Parallel Aware": false,"Async Capable": false,"Relation Name": "lineitem","Alias": "lineitem","Startup Cost": 5785.54,"Total Cost": 121667.73,"Plan Rows": 225279,"Plan Width": 16,"Actual Startup Time": 53.563,"Actual Total Time": 882.400,"Actual Rows": 228688,"Actual Loops": 1,"Recheck Cond": "((l_shipdate >= '1997-10-01'::date) AND (l_shipdate < '1998-01-01 00:00:00'::timestamp without time zone))","Rows Removed by Index Recheck": 0,"Exact Heap Blocks": 67089,"Lossy Heap Blocks": 0,"Plans": [{"Node Type": "Bitmap Index Scan","Parent Relationship": "Outer","Parallel Aware": false,"Async Capable": false,"Index Name": "idx_lineitem_shipdate","Startup Cost": 0.00,"Total Cost": 5729.22,"Plan Rows": 225279,"Plan Width": 0,"Actual Startup Time": 40.246,"Actual Total Time": 40.250,"Actual Rows": 228688,"Actual Loops": 1,"Index Cond": "((l_shipdate >= '1997-10-01'::date) AND (l_shipdate < '1998-01-01 00:00:00'::timestamp without time zone))"}]}]}]}]}]},"Planning Time": 3.944,"Triggers": [],"Execution Time": 1917.936}]
[{"Plan": {"Node Type": "Merge Join","Parallel Aware": false,"Async Capable": false,"Join Type": "Inner","Startup Cost": 249457.74,"Total Cost": 249978.63,"Plan Rows": 50,"Plan Width": 103,"Actual Startup Time": 2127.109,"Actual Total Time": 2127.171,"Actual Rows": 1,"Actual Loops": 1,"Inner Unique": true,"Merge Cond": "(supplier.s_suppkey = revenue0.supplier_no)","Plans": [{"Node Type": "Aggregate","Strategy": "Plain","Partial Mode": "Simple","Parent Relationship": "InitPlan","Subplan Name": "InitPlan 1 (returns $0)","Parallel Aware": false,"Async Capable": false,"Startup Cost": 124777.80,"Total Cost": 124777.81,"Plan Rows": 1,"Plan Width": 32,"Actual Startup Time": 997.906,"Actual Total Time": 997.926,"Actual Rows": 1,"Actual Loops": 1,"Plans": [{"Node Type": "Aggregate","Strategy": "Hashed","Partial Mode": "Simple","Parent Relationship": "Outer","Parallel Aware": false,"Async Capable": false,"Startup Cost": 124527.62,"Total Cost": 124652.71,"Plan Rows": 10007,"Plan Width": 36,"Actual Startup Time": 989.617,"Actual Total Time": 997.244,"Actual Rows": 10000,"Actual Loops": 1,"Group Key": ["lineitem_1.l_suppkey"],"Planned Partitions": 0,"HashAgg Batches": 1,"Peak Memory Usage": 4497,"Disk Usage": 0,"Plans": [{"Node Type": "Bitmap Heap Scan","Parent Relationship": "Outer","Parallel Aware": false,"Async Capable": false,"Relation Name": "lineitem","Alias": "lineitem_1","Startup Cost": 6092.57,"Total Cost": 122154.80,"Plan Rows": 237282,"Plan Width": 16,"Actual Startup Time": 59.269,"Actual Total Time": 782.096,"Actual Rows": 230274,"Actual Loops": 1,"Recheck Cond": "((l_shipdate >= '1997-07-01'::date) AND (l_shipdate < '1997-10-01 00:00:00'::timestamp without time zone))","Rows Removed by Index Recheck": 0,"Exact Heap Blocks": 67274,"Lossy Heap Blocks": 0,"Plans": [{"Node Type": "Bitmap Index Scan","Parent Relationship": "Outer","Parallel Aware": false,"Async Capable": false,"Index Name": "idx_lineitem_shipdate","Startup Cost": 0.00,"Total Cost": 6033.25,"Plan Rows": 237282,"Plan Width": 0,"Actual Startup Time": 45.354,"Actual Total Time": 45.368,"Actual Rows": 230274,"Actual Loops": 1,"Index Cond": "((l_shipdate >= '1997-07-01'::date) AND (l_shipdate < '1997-10-01 00:00:00'::timestamp without time zone))"}]}]}]},{"Node Type": "Index Scan","Parent Relationship": "Outer","Parallel Aware": false,"Async Capable": false,"Scan Direction": "Forward","Index Name": "supplier_pkey","Relation Name": "supplier","Alias": "supplier","Startup Cost": 0.29,"Total Cost": 495.43,"Plan Rows": 10000,"Plan Width": 71,"Actual Startup Time": 0.082,"Actual Total Time": 9.953,"Actual Rows": 5903,"Actual Loops": 1},{"Node Type": "Sort","Parent Relationship": "Inner","Parallel Aware": false,"Async Capable": false,"Startup Cost": 124679.64,"Total Cost": 124679.77,"Plan Rows": 50,"Plan Width": 36,"Actual Startup Time": 2116.784,"Actual Total Time": 2116.821,"Actual Rows": 1,"Actual Loops": 1,"Sort Key": ["revenue0.supplier_no"],"Sort Method": "quicksort","Sort Space Used": 25,"Sort Space Type": "Memory","Plans": [{"Node Type": "Subquery Scan","Parent Relationship": "Outer","Parallel Aware": false,"Async Capable": false,"Alias": "revenue0","Startup Cost": 124527.62,"Total Cost": 124678.23,"Plan Rows": 50,"Plan Width": 36,"Actual Startup Time": 2113.870,"Actual Total Time": 2116.736,"Actual Rows": 1,"Actual Loops": 1,"Plans": [{"Node Type": "Aggregate","Strategy": "Hashed","Partial Mode": "Simple","Parent Relationship": "Subquery","Parallel Aware": false,"Async Capable": false,"Startup Cost": 124527.62,"Total Cost": 124677.73,"Plan Rows": 50,"Plan Width": 36,"Actual Startup Time": 2113.854,"Actual Total Time": 2116.701,"Actual Rows": 1,"Actual Loops": 1,"Group Key": ["lineitem.l_suppkey"],"Filter": "(sum((lineitem.l_extendedprice * ('1'::numeric - lineitem.l_discount))) = $0)","Planned Partitions": 0,"HashAgg Batches": 1,"Peak Memory Usage": 4497,"Disk Usage": 0,"Rows Removed by Filter": 9999,"Plans": [{"Node Type": "Bitmap Heap Scan","Parent Relationship": "Outer","Parallel Aware": false,"Async Capable": false,"Relation Name": "lineitem","Alias": "lineitem","Startup Cost": 6092.57,"Total Cost": 122154.80,"Plan Rows": 237282,"Plan Width": 16,"Actual Startup Time": 54.610,"Actual Total Time": 936.260,"Actual Rows": 230274,"Actual Loops": 1,"Recheck Cond": "((l_shipdate >= '1997-07-01'::date) AND (l_shipdate < '1997-10-01 00:00:00'::timestamp without time zone))","Rows Removed by Index Recheck": 0,"Exact Heap Blocks": 67274,"Lossy Heap Blocks": 0,"Plans": [{"Node Type": "Bitmap Index Scan","Parent Relationship": "Outer","Parallel Aware": false,"Async Capable": false,"Index Name": "idx_lineitem_shipdate","Startup Cost": 0.00,"Total Cost": 6033.25,"Plan Rows": 237282,"Plan Width": 0,"Actual Startup Time": 40.982,"Actual Total Time": 41.009,"Actual Rows": 230274,"Actual Loops": 1,"Index Cond": "((l_shipdate >= '1997-07-01'::date) AND (l_shipdate < '1997-10-01 00:00:00'::timestamp without time zone))"}]}]}]}]}]},"Planning Time": 4.364,"Triggers": [],"Execution Time": 2132.001}]
[{"Plan": {"Node Type": "Merge Join","Parallel Aware": false,"Async Capable": false,"Join Type": "Inner","Startup Cost": 248695.00,"Total Cost": 249215.90,"Plan Rows": 50,"Plan Width": 103,"Actual Startup Time": 2082.592,"Actual Total Time": 2082.640,"Actual Rows": 1,"Actual Loops": 1,"Inner Unique": true,"Merge Cond": "(supplier.s_suppkey = revenue0.supplier_no)","Plans": [{"Node Type": "Aggregate","Strategy": "Plain","Partial Mode": "Simple","Parent Relationship": "InitPlan","Subplan Name": "InitPlan 1 (returns $0)","Parallel Aware": false,"Async Capable": false,"Startup Cost": 124396.43,"Total Cost": 124396.44,"Plan Rows": 1,"Plan Width": 32,"Actual Startup Time": 946.403,"Actual Total Time": 946.419,"Actual Rows": 1,"Actual Loops": 1,"Plans": [{"Node Type": "Aggregate","Strategy": "Hashed","Partial Mode": "Simple","Parent Relationship": "Outer","Parallel Aware": false,"Async Capable": false,"Startup Cost": 124146.26,"Total Cost": 124271.35,"Plan Rows": 10007,"Plan Width": 36,"Actual Startup Time": 938.935,"Actual Total Time": 945.817,"Actual Rows": 10000,"Actual Loops": 1,"Group Key": ["lineitem_1.l_suppkey"],"Planned Partitions": 0,"HashAgg Batches": 1,"Peak Memory Usage": 4497,"Disk Usage": 0,"Plans": [{"Node Type": "Bitmap Heap Scan","Parent Relationship": "Outer","Parallel Aware": false,"Async Capable": false,"Relation Name": "lineitem","Alias": "lineitem_1","Startup Cost": 5899.41,"Total Cost": 121848.72,"Plan Rows": 229754,"Plan Width": 16,"Actual Startup Time": 59.759,"Actual Total Time": 793.376,"Actual Rows": 228921,"Actual Loops": 1,"Recheck Cond": "((l_shipdate >= '1996-03-01'::date) AND (l_shipdate < '1996-06-01 00:00:00'::timestamp without time zone))","Rows Removed by Index Recheck": 0,"Exact Heap Blocks": 67056,"Lossy Heap Blocks": 0,"Plans": [{"Node Type": "Bitmap Index Scan","Parent Relationship": "Outer","Parallel Aware": false,"Async Capable": false,"Index Name": "idx_lineitem_shipdate","Startup Cost": 0.00,"Total Cost": 5841.97,"Plan Rows": 229754,"Plan Width": 0,"Actual Startup Time": 45.910,"Actual Total Time": 45.916,"Actual Rows": 228921,"Actual Loops": 1,"Index Cond": "((l_shipdate >= '1996-03-01'::date) AND (l_shipdate < '1996-06-01 00:00:00'::timestamp without time zone))"}]}]}]},{"Node Type": "Index Scan","Parent Relationship": "Outer","Parallel Aware": false,"Async Capable": false,"Scan Direction": "Forward","Index Name": "supplier_pkey","Relation Name": "supplier","Alias": "supplier","Startup Cost": 0.29,"Total Cost": 495.43,"Plan Rows": 10000,"Plan Width": 71,"Actual Startup Time": 0.102,"Actual Total Time": 2.838,"Actual Rows": 1506,"Actual Loops": 1},{"Node Type": "Sort","Parent Relationship": "Inner","Parallel Aware": false,"Async Capable": false,"Startup Cost": 124298.27,"Total Cost": 124298.40,"Plan Rows": 50,"Plan Width": 36,"Actual Startup Time": 2079.634,"Actual Total Time": 2079.648,"Actual Rows": 1,"Actual Loops": 1,"Sort Key": ["revenue0.supplier_no"],"Sort Method": "quicksort","Sort Space Used": 25,"Sort Space Type": "Memory","Plans": [{"Node Type": "Subquery Scan","Parent Relationship": "Outer","Parallel Aware": false,"Async Capable": false,"Alias": "revenue0","Startup Cost": 124146.26,"Total Cost": 124296.86,"Plan Rows": 50,"Plan Width": 36,"Actual Startup Time": 2064.713,"Actual Total Time": 2079.612,"Actual Rows": 1,"Actual Loops": 1,"Plans": [{"Node Type": "Aggregate","Strategy": "Hashed","Partial Mode": "Simple","Parent Relationship": "Subquery","Parallel Aware": false,"Async Capable": false,"Startup Cost": 124146.26,"Total Cost": 124296.36,"Plan Rows": 50,"Plan Width": 36,"Actual Startup Time": 2064.706,"Actual Total Time": 2079.603,"Actual Rows": 1,"Actual Loops": 1,"Group Key": ["lineitem.l_suppkey"],"Filter": "(sum((lineitem.l_extendedprice * ('1'::numeric - lineitem.l_discount))) = $0)","Planned Partitions": 0,"HashAgg Batches": 1,"Peak Memory Usage": 4497,"Disk Usage": 0,"Rows Removed by Filter": 9999,"Plans": [{"Node Type": "Bitmap Heap Scan","Parent Relationship": "Outer","Parallel Aware": false,"Async Capable": false,"Relation Name": "lineitem","Alias": "lineitem","Startup Cost": 5899.41,"Total Cost": 121848.72,"Plan Rows": 229754,"Plan Width": 16,"Actual Startup Time": 56.873,"Actual Total Time": 935.993,"Actual Rows": 228921,"Actual Loops": 1,"Recheck Cond": "((l_shipdate >= '1996-03-01'::date) AND (l_shipdate < '1996-06-01 00:00:00'::timestamp without time zone))","Rows Removed by Index Recheck": 0,"Exact Heap Blocks": 67056,"Lossy Heap Blocks": 0,"Plans": [{"Node Type": "Bitmap Index Scan","Parent Relationship": "Outer","Parallel Aware": false,"Async Capable": false,"Index Name": "idx_lineitem_shipdate","Startup Cost": 0.00,"Total Cost": 5841.97,"Plan Rows": 229754,"Plan Width": 0,"Actual Startup Time": 43.119,"Actual Total Time": 43.123,"Actual Rows": 228921,"Actual Loops": 1,"Index Cond": "((l_shipdate >= '1996-03-01'::date) AND (l_shipdate < '1996-06-01 00:00:00'::timestamp without time zone))"}]}]}]}]}]},"Planning Time": 4.992,"Triggers": [],"Execution Time": 2086.750}]
[{"Plan": {"Node Type": "Merge Join","Parallel Aware": false,"Async Capable": false,"Join Type": "Inner","Startup Cost": 248577.74,"Total Cost": 249098.63,"Plan Rows": 50,"Plan Width": 103,"Actual Startup Time": 1920.263,"Actual Total Time": 1920.303,"Actual Rows": 1,"Actual Loops": 1,"Inner Unique": true,"Merge Cond": "(supplier.s_suppkey = revenue0.supplier_no)","Plans": [{"Node Type": "Aggregate","Strategy": "Plain","Partial Mode": "Simple","Parent Relationship": "InitPlan","Subplan Name": "InitPlan 1 (returns $0)","Parallel Aware": false,"Async Capable": false,"Startup Cost": 124337.80,"Total Cost": 124337.81,"Plan Rows": 1,"Plan Width": 32,"Actual Startup Time": 838.704,"Actual Total Time": 838.723,"Actual Rows": 1,"Actual Loops": 1,"Plans": [{"Node Type": "Aggregate","Strategy": "Hashed","Partial Mode": "Simple","Parent Relationship": "Outer","Parallel Aware": false,"Async Capable": false,"Startup Cost": 124087.63,"Total Cost": 124212.71,"Plan Rows": 10007,"Plan Width": 36,"Actual Startup Time": 829.393,"Actual Total Time": 838.134,"Actual Rows": 10000,"Actual Loops": 1,"Group Key": ["lineitem_1.l_suppkey"],"Planned Partitions": 0,"HashAgg Batches": 1,"Peak Memory Usage": 4497,"Disk Usage": 0,"Plans": [{"Node Type": "Bitmap Heap Scan","Parent Relationship": "Outer","Parallel Aware": false,"Async Capable": false,"Relation Name": "lineitem","Alias": "lineitem_1","Startup Cost": 5717.73,"Total Cost": 121861.96,"Plan Rows": 222566,"Plan Width": 16,"Actual Startup Time": 56.600,"Actual Total Time": 670.411,"Actual Rows": 225419,"Actual Loops": 1,"Recheck Cond": "((l_shipdate >= '1997-01-01'::date) AND (l_shipdate < '1997-04-01 00:00:00'::timestamp without time zone))","Rows Removed by Index Recheck": 0,"Exact Heap Blocks": 66824,"Lossy Heap Blocks": 0,"Plans": [{"Node Type": "Bitmap Index Scan","Parent Relationship": "Outer","Parallel Aware": false,"Async Capable": false,"Index Name": "idx_lineitem_shipdate","Startup Cost": 0.00,"Total Cost": 5662.09,"Plan Rows": 222566,"Plan Width": 0,"Actual Startup Time": 43.115,"Actual Total Time": 43.121,"Actual Rows": 225419,"Actual Loops": 1,"Index Cond": "((l_shipdate >= '1997-01-01'::date) AND (l_shipdate < '1997-04-01 00:00:00'::timestamp without time zone))"}]}]}]},{"Node Type": "Index Scan","Parent Relationship": "Outer","Parallel Aware": false,"Async Capable": false,"Scan Direction": "Forward","Index Name": "supplier_pkey","Relation Name": "supplier","Alias": "supplier","Startup Cost": 0.29,"Total Cost": 495.43,"Plan Rows": 10000,"Plan Width": 71,"Actual Startup Time": 0.104,"Actual Total Time": 0.867,"Actual Rows": 435,"Actual Loops": 1},{"Node Type": "Sort","Parent Relationship": "Inner","Parallel Aware": false,"Async Capable": false,"Startup Cost": 124239.64,"Total Cost": 124239.77,"Plan Rows": 50,"Plan Width": 36,"Actual Startup Time": 1919.330,"Actual Total Time": 1919.343,"Actual Rows": 1,"Actual Loops": 1,"Sort Key": ["revenue0.supplier_no"],"Sort Method": "quicksort","Sort Space Used": 25,"Sort Space Type": "Memory","Plans": [{"Node Type": "Subquery Scan","Parent Relationship": "Outer","Parallel Aware": false,"Async Capable": false,"Alias": "revenue0","Startup Cost": 124087.63,"Total Cost": 124238.23,"Plan Rows": 50,"Plan Width": 36,"Actual Startup Time": 1908.436,"Actual Total Time": 1919.306,"Actual Rows": 1,"Actual Loops": 1,"Plans": [{"Node Type": "Aggregate","Strategy": "Hashed","Partial Mode": "Simple","Parent Relationship": "Subquery","Parallel Aware": false,"Async Capable": false,"Startup Cost": 124087.63,"Total Cost": 124237.73,"Plan Rows": 50,"Plan Width": 36,"Actual Startup Time": 1908.431,"Actual Total Time": 1919.298,"Actual Rows": 1,"Actual Loops": 1,"Group Key": ["lineitem.l_suppkey"],"Filter": "(sum((lineitem.l_extendedprice * ('1'::numeric - lineitem.l_discount))) = $0)","Planned Partitions": 0,"HashAgg Batches": 1,"Peak Memory Usage": 4497,"Disk Usage": 0,"Rows Removed by Filter": 9999,"Plans": [{"Node Type": "Bitmap Heap Scan","Parent Relationship": "Outer","Parallel Aware": false,"Async Capable": false,"Relation Name": "lineitem","Alias": "lineitem","Startup Cost": 5717.73,"Total Cost": 121861.96,"Plan Rows": 222566,"Plan Width": 16,"Actual Startup Time": 57.810,"Actual Total Time": 882.414,"Actual Rows": 225419,"Actual Loops": 1,"Recheck Cond": "((l_shipdate >= '1997-01-01'::date) AND (l_shipdate < '1997-04-01 00:00:00'::timestamp without time zone))","Rows Removed by Index Recheck": 0,"Exact Heap Blocks": 66824,"Lossy Heap Blocks": 0,"Plans": [{"Node Type": "Bitmap Index Scan","Parent Relationship": "Outer","Parallel Aware": false,"Async Capable": false,"Index Name": "idx_lineitem_shipdate","Startup Cost": 0.00,"Total Cost": 5662.09,"Plan Rows": 222566,"Plan Width": 0,"Actual Startup Time": 44.647,"Actual Total Time": 44.649,"Actual Rows": 225419,"Actual Loops": 1,"Index Cond": "((l_shipdate >= '1997-01-01'::date) AND (l_shipdate < '1997-04-01 00:00:00'::timestamp without time zone))"}]}]}]}]}]},"Planning Time": 5.470,"Triggers": [],"Execution Time": 1924.065}]
[{"Plan": {"Node Type": "Merge Join","Parallel Aware": false,"Async Capable": false,"Join Type": "Inner","Startup Cost": 248643.56,"Total Cost": 249164.46,"Plan Rows": 50,"Plan Width": 103,"Actual Startup Time": 2051.080,"Actual Total Time": 2051.125,"Actual Rows": 1,"Actual Loops": 1,"Inner Unique": true,"Merge Cond": "(supplier.s_suppkey = revenue0.supplier_no)","Plans": [{"Node Type": "Aggregate","Strategy": "Plain","Partial Mode": "Simple","Parent Relationship": "InitPlan","Subplan Name": "InitPlan 1 (returns $0)","Parallel Aware": false,"Async Capable": false,"Startup Cost": 124370.71,"Total Cost": 124370.72,"Plan Rows": 1,"Plan Width": 32,"Actual Startup Time": 925.866,"Actual Total Time": 925.883,"Actual Rows": 1,"Actual Loops": 1,"Plans": [{"Node Type": "Aggregate","Strategy": "Hashed","Partial Mode": "Simple","Parent Relationship": "Outer","Parallel Aware": false,"Async Capable": false,"Startup Cost": 124120.54,"Total Cost": 124245.62,"Plan Rows": 10007,"Plan Width": 36,"Actual Startup Time": 919.658,"Actual Total Time": 925.281,"Actual Rows": 10000,"Actual Loops": 1,"Group Key": ["lineitem_1.l_suppkey"],"Planned Partitions": 0,"HashAgg Batches": 1,"Peak Memory Usage": 4497,"Disk Usage": 0,"Plans": [{"Node Type": "Bitmap Heap Scan","Parent Relationship": "Outer","Parallel Aware": false,"Async Capable": false,"Relation Name": "lineitem","Alias": "lineitem_1","Startup Cost": 5704.94,"Total Cost": 121899.56,"Plan Rows": 222098,"Plan Width": 16,"Actual Startup Time": 58.148,"Actual Total Time": 772.764,"Actual Rows": 223616,"Actual Loops": 1,"Recheck Cond": "((l_shipdate >= '1993-12-01'::date) AND (l_shipdate < '1994-03-01 00:00:00'::timestamp without time zone))","Rows Removed by Index Recheck": 0,"Exact Heap Blocks": 66445,"Lossy Heap Blocks": 0,"Plans": [{"Node Type": "Bitmap Index Scan","Parent Relationship": "Outer","Parallel Aware": false,"Async Capable": false,"Index Name": "idx_lineitem_shipdate","Startup Cost": 0.00,"Total Cost": 5649.41,"Plan Rows": 222098,"Plan Width": 0,"Actual Startup Time": 44.427,"Actual Total Time": 44.430,"Actual Rows": 223616,"Actual Loops": 1,"Index Cond": "((l_shipdate >= '1993-12-01'::date) AND (l_shipdate < '1994-03-01 00:00:00'::timestamp without time zone))"}]}]}]},{"Node Type": "Index Scan","Parent Relationship": "Outer","Parallel Aware": false,"Async Capable": false,"Scan Direction": "Forward","Index Name": "supplier_pkey","Relation Name": "supplier","Alias": "supplier","Startup Cost": 0.29,"Total Cost": 495.43,"Plan Rows": 10000,"Plan Width": 71,"Actual Startup Time": 0.103,"Actual Total Time": 8.477,"Actual Rows": 5450,"Actual Loops": 1},{"Node Type": "Sort","Parent Relationship": "Inner","Parallel Aware": false,"Async Capable": false,"Startup Cost": 124272.55,"Total Cost": 124272.68,"Plan Rows": 50,"Plan Width": 36,"Actual Startup Time": 2042.272,"Actual Total Time": 2042.286,"Actual Rows": 1,"Actual Loops": 1,"Sort Key": ["revenue0.supplier_no"],"Sort Method": "quicksort","Sort Space Used": 25,"Sort Space Type": "Memory","Plans": [{"Node Type": "Subquery Scan","Parent Relationship": "Outer","Parallel Aware": false,"Async Capable": false,"Alias": "revenue0","Startup Cost": 124120.54,"Total Cost": 124271.14,"Plan Rows": 50,"Plan Width": 36,"Actual Startup Time": 2038.275,"Actual Total Time": 2042.231,"Actual Rows": 1,"Actual Loops": 1,"Plans": [{"Node Type": "Aggregate","Strategy": "Hashed","Partial Mode": "Simple","Parent Relationship": "Subquery","Parallel Aware": false,"Async Capable": false,"Startup Cost": 124120.54,"Total Cost": 124270.64,"Plan Rows": 50,"Plan Width": 36,"Actual Startup Time": 2038.266,"Actual Total Time": 2042.216,"Actual Rows": 1,"Actual Loops": 1,"Group Key": ["lineitem.l_suppkey"],"Filter": "(sum((lineitem.l_extendedprice * ('1'::numeric - lineitem.l_discount))) = $0)","Planned Partitions": 0,"HashAgg Batches": 1,"Peak Memory Usage": 4497,"Disk Usage": 0,"Rows Removed by Filter": 9999,"Plans": [{"Node Type": "Bitmap Heap Scan","Parent Relationship": "Outer","Parallel Aware": false,"Async Capable": false,"Relation Name": "lineitem","Alias": "lineitem","Startup Cost": 5704.94,"Total Cost": 121899.56,"Plan Rows": 222098,"Plan Width": 16,"Actual Startup Time": 55.253,"Actual Total Time": 922.575,"Actual Rows": 223616,"Actual Loops": 1,"Recheck Cond": "((l_shipdate >= '1993-12-01'::date) AND (l_shipdate < '1994-03-01 00:00:00'::timestamp without time zone))","Rows Removed by Index Recheck": 0,"Exact Heap Blocks": 66445,"Lossy Heap Blocks": 0,"Plans": [{"Node Type": "Bitmap Index Scan","Parent Relationship": "Outer","Parallel Aware": false,"Async Capable": false,"Index Name": "idx_lineitem_shipdate","Startup Cost": 0.00,"Total Cost": 5649.41,"Plan Rows": 222098,"Plan Width": 0,"Actual Startup Time": 41.648,"Actual Total Time": 41.651,"Actual Rows": 223616,"Actual Loops": 1,"Index Cond": "((l_shipdate >= '1993-12-01'::date) AND (l_shipdate < '1994-03-01 00:00:00'::timestamp without time zone))"}]}]}]}]}]},"Planning Time": 3.986,"Triggers": [],"Execution Time": 2056.157}]
[{"Plan": {"Node Type": "Merge Join","Parallel Aware": false,"Async Capable": false,"Join Type": "Inner","Startup Cost": 248612.43,"Total Cost": 249133.33,"Plan Rows": 50,"Plan Width": 103,"Actual Startup Time": 2128.903,"Actual Total Time": 2128.970,"Actual Rows": 1,"Actual Loops": 1,"Inner Unique": true,"Merge Cond": "(supplier.s_suppkey = revenue0.supplier_no)","Plans": [{"Node Type": "Aggregate","Strategy": "Plain","Partial Mode": "Simple","Parent Relationship": "InitPlan","Subplan Name": "InitPlan 1 (returns $0)","Parallel Aware": false,"Async Capable": false,"Startup Cost": 124355.15,"Total Cost": 124355.16,"Plan Rows": 1,"Plan Width": 32,"Actual Startup Time": 997.040,"Actual Total Time": 997.066,"Actual Rows": 1,"Actual Loops": 1,"Plans": [{"Node Type": "Aggregate","Strategy": "Hashed","Partial Mode": "Simple","Parent Relationship": "Outer","Parallel Aware": false,"Async Capable": false,"Startup Cost": 124104.97,"Total Cost": 124230.06,"Plan Rows": 10007,"Plan Width": 36,"Actual Startup Time": 989.503,"Actual Total Time": 996.378,"Actual Rows": 10000,"Actual Loops": 1,"Group Key": ["lineitem_1.l_suppkey"],"Planned Partitions": 0,"HashAgg Batches": 1,"Peak Memory Usage": 4497,"Disk Usage": 0,"Plans": [{"Node Type": "Bitmap Heap Scan","Parent Relationship": "Outer","Parallel Aware": false,"Async Capable": false,"Relation Name": "lineitem","Alias": "lineitem_1","Startup Cost": 5878.89,"Total Cost": 121815.74,"Plan Rows": 228923,"Plan Width": 16,"Actual Startup Time": 65.977,"Actual Total Time": 786.278,"Actual Rows": 230590,"Actual Loops": 1,"Recheck Cond": "((l_shipdate >= '1996-08-01'::date) AND (l_shipdate < '1996-11-01 00:00:00'::timestamp without time zone))","Rows Removed by Index Recheck": 0,"Exact Heap Blocks": 67243,"Lossy Heap Blocks": 0,"Plans": [{"Node Type": "Bitmap Index Scan","Parent Relationship": "Outer","Parallel Aware": false,"Async Capable": false,"Index Name": "idx_lineitem_shipdate","Startup Cost": 0.00,"Total Cost": 5821.66,"Plan Rows": 228923,"Plan Width": 0,"Actual Startup Time": 52.072,"Actual Total Time": 52.087,"Actual Rows": 230590,"Actual Loops": 1,"Index Cond": "((l_shipdate >= '1996-08-01'::date) AND (l_shipdate < '1996-11-01 00:00:00'::timestamp without time zone))"}]}]}]},{"Node Type": "Index Scan","Parent Relationship": "Outer","Parallel Aware": false,"Async Capable": false,"Scan Direction": "Forward","Index Name": "supplier_pkey","Relation Name": "supplier","Alias": "supplier","Startup Cost": 0.29,"Total Cost": 495.43,"Plan Rows": 10000,"Plan Width": 71,"Actual Startup Time": 0.125,"Actual Total Time": 9.409,"Actual Rows": 5473,"Actual Loops": 1},{"Node Type": "Sort","Parent Relationship": "Inner","Parallel Aware": false,"Async Capable": false,"Startup Cost": 124256.99,"Total Cost": 124257.11,"Plan Rows": 50,"Plan Width": 36,"Actual Startup Time": 2119.130,"Actual Total Time": 2119.154,"Actual Rows": 1,"Actual Loops": 1,"Sort Key": ["revenue0.supplier_no"],"Sort Method": "quicksort","Sort Space Used": 25,"Sort Space Type": "Memory","Plans": [{"Node Type": "Subquery Scan","Parent Relationship": "Outer","Parallel Aware": false,"Async Capable": false,"Alias": "revenue0","Startup Cost": 124104.97,"Total Cost": 124255.58,"Plan Rows": 50,"Plan Width": 36,"Actual Startup Time": 2117.072,"Actual Total Time": 2119.050,"Actual Rows": 1,"Actual Loops": 1,"Plans": [{"Node Type": "Aggregate","Strategy": "Hashed","Partial Mode": "Simple","Parent Relationship": "Subquery","Parallel Aware": false,"Async Capable": false,"Startup Cost": 124104.97,"Total Cost": 124255.08,"Plan Rows": 50,"Plan Width": 36,"Actual Startup Time": 2117.050,"Actual Total Time": 2118.993,"Actual Rows": 1,"Actual Loops": 1,"Group Key": ["lineitem.l_suppkey"],"Filter": "(sum((lineitem.l_extendedprice * ('1'::numeric - lineitem.l_discount))) = $0)","Planned Partitions": 0,"HashAgg Batches": 1,"Peak Memory Usage": 4497,"Disk Usage": 0,"Rows Removed by Filter": 9999,"Plans": [{"Node Type": "Bitmap Heap Scan","Parent Relationship": "Outer","Parallel Aware": false,"Async Capable": false,"Relation Name": "lineitem","Alias": "lineitem","Startup Cost": 5878.89,"Total Cost": 121815.74,"Plan Rows": 228923,"Plan Width": 16,"Actual Startup Time": 62.576,"Actual Total Time": 942.310,"Actual Rows": 230590,"Actual Loops": 1,"Recheck Cond": "((l_shipdate >= '1996-08-01'::date) AND (l_shipdate < '1996-11-01 00:00:00'::timestamp without time zone))","Rows Removed by Index Recheck": 0,"Exact Heap Blocks": 67243,"Lossy Heap Blocks": 0,"Plans": [{"Node Type": "Bitmap Index Scan","Parent Relationship": "Outer","Parallel Aware": false,"Async Capable": false,"Index Name": "idx_lineitem_shipdate","Startup Cost": 0.00,"Total Cost": 5821.66,"Plan Rows": 228923,"Plan Width": 0,"Actual Startup Time": 48.784,"Actual Total Time": 48.785,"Actual Rows": 230590,"Actual Loops": 1,"Index Cond": "((l_shipdate >= '1996-08-01'::date) AND (l_shipdate < '1996-11-01 00:00:00'::timestamp without time zone))"}]}]}]}]}]},"Planning Time": 4.845,"Triggers": [],"Execution Time": 2134.422}]
[{"Plan": {"Node Type": "Merge Join","Parallel Aware": false,"Async Capable": false,"Join Type": "Inner","Startup Cost": 250155.19,"Total Cost": 250676.08,"Plan Rows": 50,"Plan Width": 103,"Actual Startup Time": 2061.815,"Actual Total Time": 2061.857,"Actual Rows": 1,"Actual Loops": 1,"Inner Unique": true,"Merge Cond": "(supplier.s_suppkey = revenue0.supplier_no)","Plans": [{"Node Type": "Aggregate","Strategy": "Plain","Partial Mode": "Simple","Parent Relationship": "InitPlan","Subplan Name": "InitPlan 1 (returns $0)","Parallel Aware": false,"Async Capable": false,"Startup Cost": 125126.52,"Total Cost": 125126.53,"Plan Rows": 1,"Plan Width": 32,"Actual Startup Time": 936.426,"Actual Total Time": 936.443,"Actual Rows": 1,"Actual Loops": 1,"Plans": [{"Node Type": "Aggregate","Strategy": "Hashed","Partial Mode": "Simple","Parent Relationship": "Outer","Parallel Aware": false,"Async Capable": false,"Startup Cost": 124876.35,"Total Cost": 125001.44,"Plan Rows": 10007,"Plan Width": 36,"Actual Startup Time": 930.037,"Actual Total Time": 935.848,"Actual Rows": 10000,"Actual Loops": 1,"Group Key": ["lineitem_1.l_suppkey"],"Planned Partitions": 0,"HashAgg Batches": 1,"Peak Memory Usage": 4497,"Disk Usage": 0,"Plans": [{"Node Type": "Bitmap Heap Scan","Parent Relationship": "Outer","Parallel Aware": false,"Async Capable": false,"Relation Name": "lineitem","Alias": "lineitem_1","Startup Cost": 6270.57,"Total Cost": 122435.24,"Plan Rows": 244111,"Plan Width": 16,"Actual Startup Time": 59.534,"Actual Total Time": 784.112,"Actual Rows": 223684,"Actual Loops": 1,"Recheck Cond": "((l_shipdate >= '1995-02-01'::date) AND (l_shipdate < '1995-05-01 00:00:00'::timestamp without time zone))","Rows Removed by Index Recheck": 0,"Exact Heap Blocks": 66599,"Lossy Heap Blocks": 0,"Plans": [{"Node Type": "Bitmap Index Scan","Parent Relationship": "Outer","Parallel Aware": false,"Async Capable": false,"Index Name": "idx_lineitem_shipdate","Startup Cost": 0.00,"Total Cost": 6209.54,"Plan Rows": 244111,"Plan Width": 0,"Actual Startup Time": 45.558,"Actual Total Time": 45.563,"Actual Rows": 223684,"Actual Loops": 1,"Index Cond": "((l_shipdate >= '1995-02-01'::date) AND (l_shipdate < '1995-05-01 00:00:00'::timestamp without time zone))"}]}]}]},{"Node Type": "Index Scan","Parent Relationship": "Outer","Parallel Aware": false,"Async Capable": false,"Scan Direction": "Forward","Index Name": "supplier_pkey","Relation Name": "supplier","Alias": "supplier","Startup Cost": 0.29,"Total Cost": 495.43,"Plan Rows": 10000,"Plan Width": 71,"Actual Startup Time": 0.088,"Actual Total Time": 10.279,"Actual Rows": 5488,"Actual Loops": 1},{"Node Type": "Sort","Parent Relationship": "Inner","Parallel Aware": false,"Async Capable": false,"Startup Cost": 125028.37,"Total Cost": 125028.49,"Plan Rows": 50,"Plan Width": 36,"Actual Startup Time": 2051.201,"Actual Total Time": 2051.212,"Actual Rows": 1,"Actual Loops": 1,"Sort Key": ["revenue0.supplier_no"],"Sort Method": "quicksort","Sort Space Used": 25,"Sort Space Type": "Memory","Plans": [{"Node Type": "Subquery Scan","Parent Relationship": "Outer","Parallel Aware": false,"Async Capable": false,"Alias": "revenue0","Startup Cost": 124876.35,"Total Cost": 125026.95,"Plan Rows": 50,"Plan Width": 36,"Actual Startup Time": 2027.844,"Actual Total Time": 2051.166,"Actual Rows": 1,"Actual Loops": 1,"Plans": [{"Node Type": "Aggregate","Strategy": "Hashed","Partial Mode": "Simple","Parent Relationship": "Subquery","Parallel Aware": false,"Async Capable": false,"Startup Cost": 124876.35,"Total Cost": 125026.45,"Plan Rows": 50,"Plan Width": 36,"Actual Startup Time": 2027.836,"Actual Total Time": 2051.152,"Actual Rows": 1,"Actual Loops": 1,"Group Key": ["lineitem.l_suppkey"],"Filter": "(sum((lineitem.l_extendedprice * ('1'::numeric - lineitem.l_discount))) = $0)","Planned Partitions": 0,"HashAgg Batches": 1,"Peak Memory Usage": 4497,"Disk Usage": 0,"Rows Removed by Filter": 9999,"Plans": [{"Node Type": "Bitmap Heap Scan","Parent Relationship": "Outer","Parallel Aware": false,"Async Capable": false,"Relation Name": "lineitem","Alias": "lineitem","Startup Cost": 6270.57,"Total Cost": 122435.24,"Plan Rows": 244111,"Plan Width": 16,"Actual Startup Time": 52.140,"Actual Total Time": 922.158,"Actual Rows": 223684,"Actual Loops": 1,"Recheck Cond": "((l_shipdate >= '1995-02-01'::date) AND (l_shipdate < '1995-05-01 00:00:00'::timestamp without time zone))","Rows Removed by Index Recheck": 0,"Exact Heap Blocks": 66599,"Lossy Heap Blocks": 0,"Plans": [{"Node Type": "Bitmap Index Scan","Parent Relationship": "Outer","Parallel Aware": false,"Async Capable": false,"Index Name": "idx_lineitem_shipdate","Startup Cost": 0.00,"Total Cost": 6209.54,"Plan Rows": 244111,"Plan Width": 0,"Actual Startup Time": 38.741,"Actual Total Time": 38.742,"Actual Rows": 223684,"Actual Loops": 1,"Index Cond": "((l_shipdate >= '1995-02-01'::date) AND (l_shipdate < '1995-05-01 00:00:00'::timestamp without time zone))"}]}]}]}]}]},"Planning Time": 5.160,"Triggers": [],"Execution Time": 2066.653}]
[{"Plan": {"Node Type": "Merge Join","Parallel Aware": false,"Async Capable": false,"Join Type": "Inner","Startup Cost": 249012.02,"Total Cost": 249532.92,"Plan Rows": 50,"Plan Width": 103,"Actual Startup Time": 2119.244,"Actual Total Time": 2119.296,"Actual Rows": 1,"Actual Loops": 1,"Inner Unique": true,"Merge Cond": "(supplier.s_suppkey = revenue0.supplier_no)","Plans": [{"Node Type": "Aggregate","Strategy": "Plain","Partial Mode": "Simple","Parent Relationship": "InitPlan","Subplan Name": "InitPlan 1 (returns $0)","Parallel Aware": false,"Async Capable": false,"Startup Cost": 124554.94,"Total Cost": 124554.95,"Plan Rows": 1,"Plan Width": 32,"Actual Startup Time": 992.757,"Actual Total Time": 992.777,"Actual Rows": 1,"Actual Loops": 1,"Plans": [{"Node Type": "Aggregate","Strategy": "Hashed","Partial Mode": "Simple","Parent Relationship": "Outer","Parallel Aware": false,"Async Capable": false,"Startup Cost": 124304.77,"Total Cost": 124429.86,"Plan Rows": 10007,"Plan Width": 36,"Actual Startup Time": 985.158,"Actual Total Time": 992.112,"Actual Rows": 10000,"Actual Loops": 1,"Group Key": ["lineitem_1.l_suppkey"],"Planned Partitions": 0,"HashAgg Batches": 1,"Peak Memory Usage": 4497,"Disk Usage": 0,"Plans": [{"Node Type": "Bitmap Heap Scan","Parent Relationship": "Outer","Parallel Aware": false,"Async Capable": false,"Relation Name": "lineitem","Alias": "lineitem_1","Startup Cost": 5979.54,"Total Cost": 121975.88,"Plan Rows": 232889,"Plan Width": 16,"Actual Startup Time": 58.676,"Actual Total Time": 780.634,"Actual Rows": 229796,"Actual Loops": 1,"Recheck Cond": "((l_shipdate >= '1993-08-01'::date) AND (l_shipdate < '1993-11-01 00:00:00'::timestamp without time zone))","Rows Removed by Index Recheck": 0,"Exact Heap Blocks": 67184,"Lossy Heap Blocks": 0,"Plans": [{"Node Type": "Bitmap Index Scan","Parent Relationship": "Outer","Parallel Aware": false,"Async Capable": false,"Index Name": "idx_lineitem_shipdate","Startup Cost": 0.00,"Total Cost": 5921.32,"Plan Rows": 232889,"Plan Width": 0,"Actual Startup Time": 44.964,"Actual Total Time": 44.978,"Actual Rows": 229796,"Actual Loops": 1,"Index Cond": "((l_shipdate >= '1993-08-01'::date) AND (l_shipdate < '1993-11-01 00:00:00'::timestamp without time zone))"}]}]}]},{"Node Type": "Index Scan","Parent Relationship": "Outer","Parallel Aware": false,"Async Capable": false,"Scan Direction": "Forward","Index Name": "supplier_pkey","Relation Name": "supplier","Alias": "supplier","Startup Cost": 0.29,"Total Cost": 495.43,"Plan Rows": 10000,"Plan Width": 71,"Actual Startup Time": 0.109,"Actual Total Time": 11.654,"Actual Rows": 6952,"Actual Loops": 1},{"Node Type": "Sort","Parent Relationship": "Inner","Parallel Aware": false,"Async Capable": false,"Startup Cost": 124456.78,"Total Cost": 124456.91,"Plan Rows": 50,"Plan Width": 36,"Actual Startup Time": 2107.151,"Actual Total Time": 2107.177,"Actual Rows": 1,"Actual Loops": 1,"Sort Key": ["revenue0.supplier_no"],"Sort Method": "quicksort","Sort Space Used": 25,"Sort Space Type": "Memory","Plans": [{"Node Type": "Subquery Scan","Parent Relationship": "Outer","Parallel Aware": false,"Async Capable": false,"Alias": "revenue0","Startup Cost": 124304.77,"Total Cost": 124455.37,"Plan Rows": 50,"Plan Width": 36,"Actual Startup Time": 2103.069,"Actual Total Time": 2107.067,"Actual Rows": 1,"Actual Loops": 1,"Plans": [{"Node Type": "Aggregate","Strategy": "Hashed","Partial Mode": "Simple","Parent Relationship": "Subquery","Parallel Aware": false,"Async Capable": false,"Startup Cost": 124304.77,"Total Cost": 124454.87,"Plan Rows": 50,"Plan Width": 36,"Actual Startup Time": 2103.055,"Actual Total Time": 2107.034,"Actual Rows": 1,"Actual Loops": 1,"Group Key": ["lineitem.l_suppkey"],"Filter": "(sum((lineitem.l_extendedprice * ('1'::numeric - lineitem.l_discount))) = $0)","Planned Partitions": 0,"HashAgg Batches": 1,"Peak Memory Usage": 4497,"Disk Usage": 0,"Rows Removed by Filter": 9999,"Plans": [{"Node Type": "Bitmap Heap Scan","Parent Relationship": "Outer","Parallel Aware": false,"Async Capable": false,"Relation Name": "lineitem","Alias": "lineitem","Startup Cost": 5979.54,"Total Cost": 121975.88,"Plan Rows": 232889,"Plan Width": 16,"Actual Startup Time": 55.870,"Actual Total Time": 932.576,"Actual Rows": 229796,"Actual Loops": 1,"Recheck Cond": "((l_shipdate >= '1993-08-01'::date) AND (l_shipdate < '1993-11-01 00:00:00'::timestamp without time zone))","Rows Removed by Index Recheck": 0,"Exact Heap Blocks": 67184,"Lossy Heap Blocks": 0,"Plans": [{"Node Type": "Bitmap Index Scan","Parent Relationship": "Outer","Parallel Aware": false,"Async Capable": false,"Index Name": "idx_lineitem_shipdate","Startup Cost": 0.00,"Total Cost": 5921.32,"Plan Rows": 232889,"Plan Width": 0,"Actual Startup Time": 41.935,"Actual Total Time": 41.948,"Actual Rows": 229796,"Actual Loops": 1,"Index Cond": "((l_shipdate >= '1993-08-01'::date) AND (l_shipdate < '1993-11-01 00:00:00'::timestamp without time zone))"}]}]}]}]}]},"Planning Time": 4.203,"Triggers": [],"Execution Time": 2124.103}]
[{"Plan": {"Node Type": "Merge Join","Parallel Aware": false,"Async Capable": false,"Join Type": "Inner","Startup Cost": 248718.93,"Total Cost": 249239.83,"Plan Rows": 50,"Plan Width": 103,"Actual Startup Time": 2107.161,"Actual Total Time": 2107.228,"Actual Rows": 1,"Actual Loops": 1,"Inner Unique": true,"Merge Cond": "(supplier.s_suppkey = revenue0.supplier_no)","Plans": [{"Node Type": "Aggregate","Strategy": "Plain","Partial Mode": "Simple","Parent Relationship": "InitPlan","Subplan Name": "InitPlan 1 (returns $0)","Parallel Aware": false,"Async Capable": false,"Startup Cost": 124408.40,"Total Cost": 124408.41,"Plan Rows": 1,"Plan Width": 32,"Actual Startup Time": 1002.061,"Actual Total Time": 1002.085,"Actual Rows": 1,"Actual Loops": 1,"Plans": [{"Node Type": "Aggregate","Strategy": "Hashed","Partial Mode": "Simple","Parent Relationship": "Outer","Parallel Aware": false,"Async Capable": false,"Startup Cost": 124158.22,"Total Cost": 124283.31,"Plan Rows": 10007,"Plan Width": 36,"Actual Startup Time": 992.934,"Actual Total Time": 1001.412,"Actual Rows": 10000,"Actual Loops": 1,"Group Key": ["lineitem_1.l_suppkey"],"Planned Partitions": 0,"HashAgg Batches": 1,"Peak Memory Usage": 4497,"Disk Usage": 0,"Plans": [{"Node Type": "Bitmap Heap Scan","Parent Relationship": "Outer","Parallel Aware": false,"Async Capable": false,"Relation Name": "lineitem","Alias": "lineitem_1","Startup Cost": 5905.73,"Total Cost": 121858.43,"Plan Rows": 229980,"Plan Width": 16,"Actual Startup Time": 59.024,"Actual Total Time": 766.380,"Actual Rows": 223495,"Actual Loops": 1,"Recheck Cond": "((l_shipdate >= '1996-02-01'::date) AND (l_shipdate < '1996-05-01 00:00:00'::timestamp without time zone))","Rows Removed by Index Recheck": 0,"Exact Heap Blocks": 66629,"Lossy Heap Blocks": 0,"Plans": [{"Node Type": "Bitmap Index Scan","Parent Relationship": "Outer","Parallel Aware": false,"Async Capable": false,"Index Name": "idx_lineitem_shipdate","Startup Cost": 0.00,"Total Cost": 5848.23,"Plan Rows": 229980,"Plan Width": 0,"Actual Startup Time": 45.099,"Actual Total Time": 45.117,"Actual Rows": 223495,"Actual Loops": 1,"Index Cond": "((l_shipdate >= '1996-02-01'::date) AND (l_shipdate < '1996-05-01 00:00:00'::timestamp without time zone))"}]}]}]},{"Node Type": "Index Scan","Parent Relationship": "Outer","Parallel Aware": false,"Async Capable": false,"Scan Direction": "Forward","Index Name": "supplier_pkey","Relation Name": "supplier","Alias": "supplier","Startup Cost": 0.29,"Total Cost": 495.43,"Plan Rows": 10000,"Plan Width": 71,"Actual Startup Time": 0.089,"Actual Total Time": 1.935,"Actual Rows": 939,"Actual Loops": 1},{"Node Type": "Sort","Parent Relationship": "Inner","Parallel Aware": false,"Async Capable": false,"Startup Cost": 124310.24,"Total Cost": 124310.37,"Plan Rows": 50,"Plan Width": 36,"Actual Startup Time": 2105.094,"Actual Total Time": 2105.129,"Actual Rows": 1,"Actual Loops": 1,"Sort Key": ["revenue0.supplier_no"],"Sort Method": "quicksort","Sort Space Used": 25,"Sort Space Type": "Memory","Plans": [{"Node Type": "Subquery Scan","Parent Relationship": "Outer","Parallel Aware": false,"Async Capable": false,"Alias": "revenue0","Startup Cost": 124158.22,"Total Cost": 124308.83,"Plan Rows": 50,"Plan Width": 36,"Actual Startup Time": 2102.538,"Actual Total Time": 2105.041,"Actual Rows": 1,"Actual Loops": 1,"Plans": [{"Node Type": "Aggregate","Strategy": "Hashed","Partial Mode": "Simple","Parent Relationship": "Subquery","Parallel Aware": false,"Async Capable": false,"Startup Cost": 124158.22,"Total Cost": 124308.33,"Plan Rows": 50,"Plan Width": 36,"Actual Startup Time": 2102.523,"Actual Total Time": 2105.002,"Actual Rows": 1,"Actual Loops": 1,"Group Key": ["lineitem.l_suppkey"],"Filter": "(sum((lineitem.l_extendedprice * ('1'::numeric - lineitem.l_discount))) = $0)","Planned Partitions": 0,"HashAgg Batches": 1,"Peak Memory Usage": 4497,"Disk Usage": 0,"Rows Removed by Filter": 9999,"Plans": [{"Node Type": "Bitmap Heap Scan","Parent Relationship": "Outer","Parallel Aware": false,"Async Capable": false,"Relation Name": "lineitem","Alias": "lineitem","Startup Cost": 5905.73,"Total Cost": 121858.43,"Plan Rows": 229980,"Plan Width": 16,"Actual Startup Time": 54.609,"Actual Total Time": 923.384,"Actual Rows": 223495,"Actual Loops": 1,"Recheck Cond": "((l_shipdate >= '1996-02-01'::date) AND (l_shipdate < '1996-05-01 00:00:00'::timestamp without time zone))","Rows Removed by Index Recheck": 0,"Exact Heap Blocks": 66629,"Lossy Heap Blocks": 0,"Plans": [{"Node Type": "Bitmap Index Scan","Parent Relationship": "Outer","Parallel Aware": false,"Async Capable": false,"Index Name": "idx_lineitem_shipdate","Startup Cost": 0.00,"Total Cost": 5848.23,"Plan Rows": 229980,"Plan Width": 0,"Actual Startup Time": 41.080,"Actual Total Time": 41.096,"Actual Rows": 223495,"Actual Loops": 1,"Index Cond": "((l_shipdate >= '1996-02-01'::date) AND (l_shipdate < '1996-05-01 00:00:00'::timestamp without time zone))"}]}]}]}]}]},"Planning Time": 5.322,"Triggers": [],"Execution Time": 2112.257}]
[{"Plan": {"Node Type": "Merge Join","Parallel Aware": false,"Async Capable": false,"Join Type": "Inner","Startup Cost": 249118.89,"Total Cost": 249639.79,"Plan Rows": 50,"Plan Width": 103,"Actual Startup Time": 2101.709,"Actual Total Time": 2101.748,"Actual Rows": 1,"Actual Loops": 1,"Inner Unique": true,"Merge Cond": "(supplier.s_suppkey = revenue0.supplier_no)","Plans": [{"Node Type": "Aggregate","Strategy": "Plain","Partial Mode": "Simple","Parent Relationship": "InitPlan","Subplan Name": "InitPlan 1 (returns $0)","Parallel Aware": false,"Async Capable": false,"Startup Cost": 124608.38,"Total Cost": 124608.39,"Plan Rows": 1,"Plan Width": 32,"Actual Startup Time": 954.180,"Actual Total Time": 954.190,"Actual Rows": 1,"Actual Loops": 1,"Plans": [{"Node Type": "Aggregate","Strategy": "Hashed","Partial Mode": "Simple","Parent Relationship": "Outer","Parallel Aware": false,"Async Capable": false,"Startup Cost": 124358.20,"Total Cost": 124483.29,"Plan Rows": 10007,"Plan Width": 36,"Actual Startup Time": 944.717,"Actual Total Time": 953.609,"Actual Rows": 10000,"Actual Loops": 1,"Group Key": ["lineitem_1.l_suppkey"],"Planned Partitions": 0,"HashAgg Batches": 1,"Peak Memory Usage": 4497,"Disk Usage": 0,"Plans": [{"Node Type": "Bitmap Heap Scan","Parent Relationship": "Outer","Parallel Aware": false,"Async Capable": false,"Relation Name": "lineitem","Alias": "lineitem_1","Startup Cost": 6006.43,"Total Cost": 122018.70,"Plan Rows": 233951,"Plan Width": 16,"Actual Startup Time": 66.327,"Actual Total Time": 795.231,"Actual Rows": 229338,"Actual Loops": 1,"Recheck Cond": "((l_shipdate >= '1993-07-01'::date) AND (l_shipdate < '1993-10-01 00:00:00'::timestamp without time zone))","Rows Removed by Index Recheck": 0,"Exact Heap Blocks": 67061,"Lossy Heap Blocks": 0,"Plans": [{"Node Type": "Bitmap Index Scan","Parent Relationship": "Outer","Parallel Aware": false,"Async Capable": false,"Index Name": "idx_lineitem_shipdate","Startup Cost": 0.00,"Total Cost": 5947.94,"Plan Rows": 233951,"Plan Width": 0,"Actual Startup Time": 52.411,"Actual Total Time": 52.417,"Actual Rows": 229338,"Actual Loops": 1,"Index Cond": "((l_shipdate >= '1993-07-01'::date) AND (l_shipdate < '1993-10-01 00:00:00'::timestamp without time zone))"}]}]}]},{"Node Type": "Index Scan","Parent Relationship": "Outer","Parallel Aware": false,"Async Capable": false,"Scan Direction": "Forward","Index Name": "supplier_pkey","Relation Name": "supplier","Alias": "supplier","Startup Cost": 0.29,"Total Cost": 495.43,"Plan Rows": 10000,"Plan Width": 71,"Actual Startup Time": 0.105,"Actual Total Time": 12.941,"Actual Rows": 8280,"Actual Loops": 1},{"Node Type": "Sort","Parent Relationship": "Inner","Parallel Aware": false,"Async Capable": false,"Startup Cost": 124510.22,"Total Cost": 124510.34,"Plan Rows": 50,"Plan Width": 36,"Actual Startup Time": 2088.290,"Actual Total Time": 2088.302,"Actual Rows": 1,"Actual Loops": 1,"Sort Key": ["revenue0.supplier_no"],"Sort Method": "quicksort","Sort Space Used": 25,"Sort Space Type": "Memory","Plans": [{"Node Type": "Subquery Scan","Parent Relationship": "Outer","Parallel Aware": false,"Async Capable": false,"Alias": "revenue0","Startup Cost": 124358.20,"Total Cost": 124508.81,"Plan Rows": 50,"Plan Width": 36,"Actual Startup Time": 2064.473,"Actual Total Time": 2088.234,"Actual Rows": 1,"Actual Loops": 1,"Plans": [{"Node Type": "Aggregate","Strategy": "Hashed","Partial Mode": "Simple","Parent Relationship": "Subquery","Parallel Aware": false,"Async Capable": false,"Startup Cost": 124358.20,"Total Cost": 124508.31,"Plan Rows": 50,"Plan Width": 36,"Actual Startup Time": 2064.468,"Actual Total Time": 2088.223,"Actual Rows": 1,"Actual Loops": 1,"Group Key": ["lineitem.l_suppkey"],"Filter": "(sum((lineitem.l_extendedprice * ('1'::numeric - lineitem.l_discount))) = $0)","Planned Partitions": 0,"HashAgg Batches": 1,"Peak Memory Usage": 4497,"Disk Usage": 0,"Rows Removed by Filter": 9999,"Plans": [{"Node Type": "Bitmap Heap Scan","Parent Relationship": "Outer","Parallel Aware": false,"Async Capable": false,"Relation Name": "lineitem","Alias": "lineitem","Startup Cost": 6006.43,"Total Cost": 122018.70,"Plan Rows": 233951,"Plan Width": 16,"Actual Startup Time": 62.518,"Actual Total Time": 939.412,"Actual Rows": 229338,"Actual Loops": 1,"Recheck Cond": "((l_shipdate >= '1993-07-01'::date) AND (l_shipdate < '1993-10-01 00:00:00'::timestamp without time zone))","Rows Removed by Index Recheck": 0,"Exact Heap Blocks": 67061,"Lossy Heap Blocks": 0,"Plans": [{"Node Type": "Bitmap Index Scan","Parent Relationship": "Outer","Parallel Aware": false,"Async Capable": false,"Index Name": "idx_lineitem_shipdate","Startup Cost": 0.00,"Total Cost": 5947.94,"Plan Rows": 233951,"Plan Width": 0,"Actual Startup Time": 48.803,"Actual Total Time": 48.804,"Actual Rows": 229338,"Actual Loops": 1,"Index Cond": "((l_shipdate >= '1993-07-01'::date) AND (l_shipdate < '1993-10-01 00:00:00'::timestamp without time zone))"}]}]}]}]}]},"Planning Time": 4.394,"Triggers": [],"Execution Time": 2106.441}]
[{"Plan": {"Node Type": "Merge Join","Parallel Aware": false,"Async Capable": false,"Join Type": "Inner","Startup Cost": 249472.28,"Total Cost": 249993.18,"Plan Rows": 50,"Plan Width": 103,"Actual Startup Time": 1952.751,"Actual Total Time": 1952.805,"Actual Rows": 1,"Actual Loops": 1,"Inner Unique": true,"Merge Cond": "(supplier.s_suppkey = revenue0.supplier_no)","Plans": [{"Node Type": "Aggregate","Strategy": "Plain","Partial Mode": "Simple","Parent Relationship": "InitPlan","Subplan Name": "InitPlan 1 (returns $0)","Parallel Aware": false,"Async Capable": false,"Startup Cost": 124785.07,"Total Cost": 124785.08,"Plan Rows": 1,"Plan Width": 32,"Actual Startup Time": 847.271,"Actual Total Time": 847.290,"Actual Rows": 1,"Actual Loops": 1,"Plans": [{"Node Type": "Aggregate","Strategy": "Hashed","Partial Mode": "Simple","Parent Relationship": "Outer","Parallel Aware": false,"Async Capable": false,"Startup Cost": 124534.90,"Total Cost": 124659.99,"Plan Rows": 10007,"Plan Width": 36,"Actual Startup Time": 836.378,"Actual Total Time": 846.694,"Actual Rows": 10000,"Actual Loops": 1,"Group Key": ["lineitem_1.l_suppkey"],"Planned Partitions": 0,"HashAgg Batches": 1,"Peak Memory Usage": 4497,"Disk Usage": 0,"Plans": [{"Node Type": "Bitmap Heap Scan","Parent Relationship": "Outer","Parallel Aware": false,"Async Capable": false,"Relation Name": "lineitem","Alias": "lineitem_1","Startup Cost": 6097.53,"Total Cost": 122161.15,"Plan Rows": 237375,"Plan Width": 16,"Actual Startup Time": 58.987,"Actual Total Time": 672.968,"Actual Rows": 228539,"Actual Loops": 1,"Recheck Cond": "((l_shipdate >= '1993-06-01'::date) AND (l_shipdate < '1993-09-01 00:00:00'::timestamp without time zone))","Rows Removed by Index Recheck": 0,"Exact Heap Blocks": 66999,"Lossy Heap Blocks": 0,"Plans": [{"Node Type": "Bitmap Index Scan","Parent Relationship": "Outer","Parallel Aware": false,"Async Capable": false,"Index Name": "idx_lineitem_shipdate","Startup Cost": 0.00,"Total Cost": 6038.18,"Plan Rows": 237375,"Plan Width": 0,"Actual Startup Time": 45.413,"Actual Total Time": 45.423,"Actual Rows": 228539,"Actual Loops": 1,"Index Cond": "((l_shipdate >= '1993-06-01'::date) AND (l_shipdate < '1993-09-01 00:00:00'::timestamp without time zone))"}]}]}]},{"Node Type": "Index Scan","Parent Relationship": "Outer","Parallel Aware": false,"Async Capable": false,"Scan Direction": "Forward","Index Name": "supplier_pkey","Relation Name": "supplier","Alias": "supplier","Startup Cost": 0.29,"Total Cost": 495.43,"Plan Rows": 10000,"Plan Width": 71,"Actual Startup Time": 0.104,"Actual Total Time": 12.098,"Actual Rows": 7980,"Actual Loops": 1},{"Node Type": "Sort","Parent Relationship": "Inner","Parallel Aware": false,"Async Capable": false,"Startup Cost": 124686.92,"Total Cost": 124687.04,"Plan Rows": 50,"Plan Width": 36,"Actual Startup Time": 1940.190,"Actual Total Time": 1940.213,"Actual Rows": 1,"Actual Loops": 1,"Sort Key": ["revenue0.supplier_no"],"Sort Method": "quicksort","Sort Space Used": 25,"Sort Space Type": "Memory","Plans": [{"Node Type": "Subquery Scan","Parent Relationship": "Outer","Parallel Aware": false,"Async Capable": false,"Alias": "revenue0","Startup Cost": 124534.90,"Total Cost": 124685.50,"Plan Rows": 50,"Plan Width": 36,"Actual Startup Time": 1939.057,"Actual Total Time": 1940.171,"Actual Rows": 1,"Actual Loops": 1,"Plans": [{"Node Type": "Aggregate","Strategy": "Hashed","Partial Mode": "Simple","Parent Relationship": "Subquery","Parallel Aware": false,"Async Capable": false,"Startup Cost": 124534.90,"Total Cost": 124685.00,"Plan Rows": 50,"Plan Width": 36,"Actual Startup Time": 1939.051,"Actual Total Time": 1940.160,"Actual Rows": 1,"Actual Loops": 1,"Group Key": ["lineitem.l_suppkey"],"Filter": "(sum((lineitem.l_extendedprice * ('1'::numeric - lineitem.l_discount))) = $0)","Planned Partitions": 0,"HashAgg Batches": 1,"Peak Memory Usage": 4497,"Disk Usage": 0,"Rows Removed by Filter": 9999,"Plans": [{"Node Type": "Bitmap Heap Scan","Parent Relationship": "Outer","Parallel Aware": false,"Async Capable": false,"Relation Name": "lineitem","Alias": "lineitem","Startup Cost": 6097.53,"Total Cost": 122161.15,"Plan Rows": 237375,"Plan Width": 16,"Actual Startup Time": 58.682,"Actual Total Time": 894.513,"Actual Rows": 228539,"Actual Loops": 1,"Recheck Cond": "((l_shipdate >= '1993-06-01'::date) AND (l_shipdate < '1993-09-01 00:00:00'::timestamp without time zone))","Rows Removed by Index Recheck": 0,"Exact Heap Blocks": 66999,"Lossy Heap Blocks": 0,"Plans": [{"Node Type": "Bitmap Index Scan","Parent Relationship": "Outer","Parallel Aware": false,"Async Capable": false,"Index Name": "idx_lineitem_shipdate","Startup Cost": 0.00,"Total Cost": 6038.18,"Plan Rows": 237375,"Plan Width": 0,"Actual Startup Time": 45.375,"Actual Total Time": 45.379,"Actual Rows": 228539,"Actual Loops": 1,"Index Cond": "((l_shipdate >= '1993-06-01'::date) AND (l_shipdate < '1993-09-01 00:00:00'::timestamp without time zone))"}]}]}]}]}]},"Planning Time": 5.432,"Triggers": [],"Execution Time": 1956.101}]
[{"Plan": {"Node Type": "Merge Join","Parallel Aware": false,"Async Capable": false,"Join Type": "Inner","Startup Cost": 249472.28,"Total Cost": 249993.18,"Plan Rows": 50,"Plan Width": 103,"Actual Startup Time": 1952.751,"Actual Total Time": 1952.805,"Actual Rows": 1,"Actual Loops": 1,"Inner Unique": true,"Merge Cond": "(supplier.s_suppkey = revenue0.supplier_no)","Plans": [{"Node Type": "Aggregate","Strategy": "Plain","Partial Mode": "Simple","Parent Relationship": "InitPlan","Subplan Name": "InitPlan 1 (returns $0)","Parallel Aware": false,"Async Capable": false,"Startup Cost": 124785.07,"Total Cost": 124785.08,"Plan Rows": 1,"Plan Width": 32,"Actual Startup Time": 847.271,"Actual Total Time": 847.290,"Actual Rows": 1,"Actual Loops": 1,"Plans": [{"Node Type": "Aggregate","Strategy": "Hashed","Partial Mode": "Simple","Parent Relationship": "Outer","Parallel Aware": false,"Async Capable": false,"Startup Cost": 124534.90,"Total Cost": 124659.99,"Plan Rows": 10007,"Plan Width": 36,"Actual Startup Time": 836.378,"Actual Total Time": 846.694,"Actual Rows": 10000,"Actual Loops": 1,"Group Key": ["lineitem_1.l_suppkey"],"Planned Partitions": 0,"HashAgg Batches": 1,"Peak Memory Usage": 4497,"Disk Usage": 0,"Plans": [{"Node Type": "Bitmap Heap Scan","Parent Relationship": "Outer","Parallel Aware": false,"Async Capable": false,"Relation Name": "lineitem","Alias": "lineitem_1","Startup Cost": 6097.53,"Total Cost": 122161.15,"Plan Rows": 237375,"Plan Width": 16,"Actual Startup Time": 58.987,"Actual Total Time": 672.968,"Actual Rows": 228539,"Actual Loops": 1,"Recheck Cond": "((l_shipdate >= '1993-06-01'::date) AND (l_shipdate < '1993-09-01 00:00:00'::timestamp without time zone))","Rows Removed by Index Recheck": 0,"Exact Heap Blocks": 66999,"Lossy Heap Blocks": 0,"Plans": [{"Node Type": "Bitmap Index Scan","Parent Relationship": "Outer","Parallel Aware": false,"Async Capable": false,"Index Name": "idx_lineitem_shipdate","Startup Cost": 0.00,"Total Cost": 6038.18,"Plan Rows": 237375,"Plan Width": 0,"Actual Startup Time": 45.413,"Actual Total Time": 45.423,"Actual Rows": 228539,"Actual Loops": 1,"Index Cond": "((l_shipdate >= '1993-06-01'::date) AND (l_shipdate < '1993-09-01 00:00:00'::timestamp without time zone))"}]}]}]},{"Node Type": "Index Scan","Parent Relationship": "Outer","Parallel Aware": false,"Async Capable": false,"Scan Direction": "Forward","Index Name": "supplier_pkey","Relation Name": "supplier","Alias": "supplier","Startup Cost": 0.29,"Total Cost": 495.43,"Plan Rows": 10000,"Plan Width": 71,"Actual Startup Time": 0.104,"Actual Total Time": 12.098,"Actual Rows": 7980,"Actual Loops": 1},{"Node Type": "Sort","Parent Relationship": "Inner","Parallel Aware": false,"Async Capable": false,"Startup Cost": 124686.92,"Total Cost": 124687.04,"Plan Rows": 50,"Plan Width": 36,"Actual Startup Time": 1940.190,"Actual Total Time": 1940.213,"Actual Rows": 1,"Actual Loops": 1,"Sort Key": ["revenue0.supplier_no"],"Sort Method": "quicksort","Sort Space Used": 25,"Sort Space Type": "Memory","Plans": [{"Node Type": "Subquery Scan","Parent Relationship": "Outer","Parallel Aware": false,"Async Capable": false,"Alias": "revenue0","Startup Cost": 124534.90,"Total Cost": 124685.50,"Plan Rows": 50,"Plan Width": 36,"Actual Startup Time": 1939.057,"Actual Total Time": 1940.171,"Actual Rows": 1,"Actual Loops": 1,"Plans": [{"Node Type": "Aggregate","Strategy": "Hashed","Partial Mode": "Simple","Parent Relationship": "Subquery","Parallel Aware": false,"Async Capable": false,"Startup Cost": 124534.90,"Total Cost": 124685.00,"Plan Rows": 50,"Plan Width": 36,"Actual Startup Time": 1939.051,"Actual Total Time": 1940.160,"Actual Rows": 1,"Actual Loops": 1,"Group Key": ["lineitem.l_suppkey"],"Filter": "(sum((lineitem.l_extendedprice * ('1'::numeric - lineitem.l_discount))) = $0)","Planned Partitions": 0,"HashAgg Batches": 1,"Peak Memory Usage": 4497,"Disk Usage": 0,"Rows Removed by Filter": 9999,"Plans": [{"Node Type": "Bitmap Heap Scan","Parent Relationship": "Outer","Parallel Aware": false,"Async Capable": false,"Relation Name": "lineitem","Alias": "lineitem","Startup Cost": 6097.53,"Total Cost": 122161.15,"Plan Rows": 237375,"Plan Width": 16,"Actual Startup Time": 58.682,"Actual Total Time": 894.513,"Actual Rows": 228539,"Actual Loops": 1,"Recheck Cond": "((l_shipdate >= '1993-06-01'::date) AND (l_shipdate < '1993-09-01 00:00:00'::timestamp without time zone))","Rows Removed by Index Recheck": 0,"Exact Heap Blocks": 66999,"Lossy Heap Blocks": 0,"Plans": [{"Node Type": "Bitmap Index Scan","Parent Relationship": "Outer","Parallel Aware": false,"Async Capable": false,"Index Name": "idx_lineitem_shipdate","Startup Cost": 0.00,"Total Cost": 6038.18,"Plan Rows": 237375,"Plan Width": 0,"Actual Startup Time": 45.375,"Actual Total Time": 45.379,"Actual Rows": 228539,"Actual Loops": 1,"Index Cond": "((l_shipdate >= '1993-06-01'::date) AND (l_shipdate < '1993-09-01 00:00:00'::timestamp without time zone))"}]}]}]}]}]},"Planning Time": 5.432,"Triggers": [],"Execution Time": 1956.101}]
[{"Plan": {"Node Type": "Merge Join","Parallel Aware": false,"Async Capable": false,"Join Type": "Inner","Startup Cost": 249012.02,"Total Cost": 249532.92,"Plan Rows": 50,"Plan Width": 103,"Actual Startup Time": 2119.244,"Actual Total Time": 2119.296,"Actual Rows": 1,"Actual Loops": 1,"Inner Unique": true,"Merge Cond": "(supplier.s_suppkey = revenue0.supplier_no)","Plans": [{"Node Type": "Aggregate","Strategy": "Plain","Partial Mode": "Simple","Parent Relationship": "InitPlan","Subplan Name": "InitPlan 1 (returns $0)","Parallel Aware": false,"Async Capable": false,"Startup Cost": 124554.94,"Total Cost": 124554.95,"Plan Rows": 1,"Plan Width": 32,"Actual Startup Time": 992.757,"Actual Total Time": 992.777,"Actual Rows": 1,"Actual Loops": 1,"Plans": [{"Node Type": "Aggregate","Strategy": "Hashed","Partial Mode": "Simple","Parent Relationship": "Outer","Parallel Aware": false,"Async Capable": false,"Startup Cost": 124304.77,"Total Cost": 124429.86,"Plan Rows": 10007,"Plan Width": 36,"Actual Startup Time": 985.158,"Actual Total Time": 992.112,"Actual Rows": 10000,"Actual Loops": 1,"Group Key": ["lineitem_1.l_suppkey"],"Planned Partitions": 0,"HashAgg Batches": 1,"Peak Memory Usage": 4497,"Disk Usage": 0,"Plans": [{"Node Type": "Bitmap Heap Scan","Parent Relationship": "Outer","Parallel Aware": false,"Async Capable": false,"Relation Name": "lineitem","Alias": "lineitem_1","Startup Cost": 5979.54,"Total Cost": 121975.88,"Plan Rows": 232889,"Plan Width": 16,"Actual Startup Time": 58.676,"Actual Total Time": 780.634,"Actual Rows": 229796,"Actual Loops": 1,"Recheck Cond": "((l_shipdate >= '1993-08-01'::date) AND (l_shipdate < '1993-11-01 00:00:00'::timestamp without time zone))","Rows Removed by Index Recheck": 0,"Exact Heap Blocks": 67184,"Lossy Heap Blocks": 0,"Plans": [{"Node Type": "Bitmap Index Scan","Parent Relationship": "Outer","Parallel Aware": false,"Async Capable": false,"Index Name": "idx_lineitem_shipdate","Startup Cost": 0.00,"Total Cost": 5921.32,"Plan Rows": 232889,"Plan Width": 0,"Actual Startup Time": 44.964,"Actual Total Time": 44.978,"Actual Rows": 229796,"Actual Loops": 1,"Index Cond": "((l_shipdate >= '1993-08-01'::date) AND (l_shipdate < '1993-11-01 00:00:00'::timestamp without time zone))"}]}]}]},{"Node Type": "Index Scan","Parent Relationship": "Outer","Parallel Aware": false,"Async Capable": false,"Scan Direction": "Forward","Index Name": "supplier_pkey","Relation Name": "supplier","Alias": "supplier","Startup Cost": 0.29,"Total Cost": 495.43,"Plan Rows": 10000,"Plan Width": 71,"Actual Startup Time": 0.109,"Actual Total Time": 11.654,"Actual Rows": 6952,"Actual Loops": 1},{"Node Type": "Sort","Parent Relationship": "Inner","Parallel Aware": false,"Async Capable": false,"Startup Cost": 124456.78,"Total Cost": 124456.91,"Plan Rows": 50,"Plan Width": 36,"Actual Startup Time": 2107.151,"Actual Total Time": 2107.177,"Actual Rows": 1,"Actual Loops": 1,"Sort Key": ["revenue0.supplier_no"],"Sort Method": "quicksort","Sort Space Used": 25,"Sort Space Type": "Memory","Plans": [{"Node Type": "Subquery Scan","Parent Relationship": "Outer","Parallel Aware": false,"Async Capable": false,"Alias": "revenue0","Startup Cost": 124304.77,"Total Cost": 124455.37,"Plan Rows": 50,"Plan Width": 36,"Actual Startup Time": 2103.069,"Actual Total Time": 2107.067,"Actual Rows": 1,"Actual Loops": 1,"Plans": [{"Node Type": "Aggregate","Strategy": "Hashed","Partial Mode": "Simple","Parent Relationship": "Subquery","Parallel Aware": false,"Async Capable": false,"Startup Cost": 124304.77,"Total Cost": 124454.87,"Plan Rows": 50,"Plan Width": 36,"Actual Startup Time": 2103.055,"Actual Total Time": 2107.034,"Actual Rows": 1,"Actual Loops": 1,"Group Key": ["lineitem.l_suppkey"],"Filter": "(sum((lineitem.l_extendedprice * ('1'::numeric - lineitem.l_discount))) = $0)","Planned Partitions": 0,"HashAgg Batches": 1,"Peak Memory Usage": 4497,"Disk Usage": 0,"Rows Removed by Filter": 9999,"Plans": [{"Node Type": "Bitmap Heap Scan","Parent Relationship": "Outer","Parallel Aware": false,"Async Capable": false,"Relation Name": "lineitem","Alias": "lineitem","Startup Cost": 5979.54,"Total Cost": 121975.88,"Plan Rows": 232889,"Plan Width": 16,"Actual Startup Time": 55.870,"Actual Total Time": 932.576,"Actual Rows": 229796,"Actual Loops": 1,"Recheck Cond": "((l_shipdate >= '1993-08-01'::date) AND (l_shipdate < '1993-11-01 00:00:00'::timestamp without time zone))","Rows Removed by Index Recheck": 0,"Exact Heap Blocks": 67184,"Lossy Heap Blocks": 0,"Plans": [{"Node Type": "Bitmap Index Scan","Parent Relationship": "Outer","Parallel Aware": false,"Async Capable": false,"Index Name": "idx_lineitem_shipdate","Startup Cost": 0.00,"Total Cost": 5921.32,"Plan Rows": 232889,"Plan Width": 0,"Actual Startup Time": 41.935,"Actual Total Time": 41.948,"Actual Rows": 229796,"Actual Loops": 1,"Index Cond": "((l_shipdate >= '1993-08-01'::date) AND (l_shipdate < '1993-11-01 00:00:00'::timestamp without time zone))"}]}]}]}]}]},"Planning Time": 4.203,"Triggers": [],"Execution Time": 2124.103}]
[{"Plan": {"Node Type": "Merge Join","Parallel Aware": false,"Async Capable": false,"Join Type": "Inner","Startup Cost": 249429.21,"Total Cost": 249950.11,"Plan Rows": 50,"Plan Width": 103,"Actual Startup Time": 1898.287,"Actual Total Time": 1898.337,"Actual Rows": 1,"Actual Loops": 1,"Inner Unique": true,"Merge Cond": "(supplier.s_suppkey = revenue0.supplier_no)","Plans": [{"Node Type": "Aggregate","Strategy": "Plain","Partial Mode": "Simple","Parent Relationship": "InitPlan","Subplan Name": "InitPlan 1 (returns $0)","Parallel Aware": false,"Async Capable": false,"Startup Cost": 124763.54,"Total Cost": 124763.55,"Plan Rows": 1,"Plan Width": 32,"Actual Startup Time": 815.553,"Actual Total Time": 815.566,"Actual Rows": 1,"Actual Loops": 1,"Plans": [{"Node Type": "Aggregate","Strategy": "Hashed","Partial Mode": "Simple","Parent Relationship": "Outer","Parallel Aware": false,"Async Capable": false,"Startup Cost": 124513.36,"Total Cost": 124638.45,"Plan Rows": 10007,"Plan Width": 36,"Actual Startup Time": 809.471,"Actual Total Time": 814.969,"Actual Rows": 10000,"Actual Loops": 1,"Group Key": ["lineitem_1.l_suppkey"],"Planned Partitions": 0,"HashAgg Batches": 1,"Peak Memory Usage": 4497,"Disk Usage": 0,"Plans": [{"Node Type": "Bitmap Heap Scan","Parent Relationship": "Outer","Parallel Aware": false,"Async Capable": false,"Relation Name": "lineitem","Alias": "lineitem_1","Startup Cost": 6085.59,"Total Cost": 122143.46,"Plan Rows": 236991,"Plan Width": 16,"Actual Startup Time": 49.104,"Actual Total Time": 665.753,"Actual Rows": 225457,"Actual Loops": 1,"Recheck Cond": "((l_shipdate >= '1993-04-01'::date) AND (l_shipdate < '1993-07-01 00:00:00'::timestamp without time zone))","Rows Removed by Index Recheck": 0,"Exact Heap Blocks": 66507,"Lossy Heap Blocks": 0,"Plans": [{"Node Type": "Bitmap Index Scan","Parent Relationship": "Outer","Parallel Aware": false,"Async Capable": false,"Index Name": "idx_lineitem_shipdate","Startup Cost": 0.00,"Total Cost": 6026.34,"Plan Rows": 236991,"Plan Width": 0,"Actual Startup Time": 35.669,"Actual Total Time": 35.673,"Actual Rows": 225457,"Actual Loops": 1,"Index Cond": "((l_shipdate >= '1993-04-01'::date) AND (l_shipdate < '1993-07-01 00:00:00'::timestamp without time zone))"}]}]}]},{"Node Type": "Index Scan","Parent Relationship": "Outer","Parallel Aware": false,"Async Capable": false,"Scan Direction": "Forward","Index Name": "supplier_pkey","Relation Name": "supplier","Alias": "supplier","Startup Cost": 0.29,"Total Cost": 495.43,"Plan Rows": 10000,"Plan Width": 71,"Actual Startup Time": 0.093,"Actual Total Time": 12.333,"Actual Rows": 7478,"Actual Loops": 1},{"Node Type": "Sort","Parent Relationship": "Inner","Parallel Aware": false,"Async Capable": false,"Startup Cost": 124665.38,"Total Cost": 124665.50,"Plan Rows": 50,"Plan Width": 36,"Actual Startup Time": 1885.515,"Actual Total Time": 1885.531,"Actual Rows": 1,"Actual Loops": 1,"Sort Key": ["revenue0.supplier_no"],"Sort Method": "quicksort","Sort Space Used": 25,"Sort Space Type": "Memory","Plans": [{"Node Type": "Subquery Scan","Parent Relationship": "Outer","Parallel Aware": false,"Async Capable": false,"Alias": "revenue0","Startup Cost": 124513.36,"Total Cost": 124663.97,"Plan Rows": 50,"Plan Width": 36,"Actual Startup Time": 1880.649,"Actual Total Time": 1885.498,"Actual Rows": 1,"Actual Loops": 1,"Plans": [{"Node Type": "Aggregate","Strategy": "Hashed","Partial Mode": "Simple","Parent Relationship": "Subquery","Parallel Aware": false,"Async Capable": false,"Startup Cost": 124513.36,"Total Cost": 124663.47,"Plan Rows": 50,"Plan Width": 36,"Actual Startup Time": 1880.643,"Actual Total Time": 1885.490,"Actual Rows": 1,"Actual Loops": 1,"Group Key": ["lineitem.l_suppkey"],"Filter": "(sum((lineitem.l_extendedprice * ('1'::numeric - lineitem.l_discount))) = $0)","Planned Partitions": 0,"HashAgg Batches": 1,"Peak Memory Usage": 4497,"Disk Usage": 0,"Rows Removed by Filter": 9999,"Plans": [{"Node Type": "Bitmap Heap Scan","Parent Relationship": "Outer","Parallel Aware": false,"Async Capable": false,"Relation Name": "lineitem","Alias": "lineitem","Startup Cost": 6085.59,"Total Cost": 122143.46,"Plan Rows": 236991,"Plan Width": 16,"Actual Startup Time": 49.990,"Actual Total Time": 876.930,"Actual Rows": 225457,"Actual Loops": 1,"Recheck Cond": "((l_shipdate >= '1993-04-01'::date) AND (l_shipdate < '1993-07-01 00:00:00'::timestamp without time zone))","Rows Removed by Index Recheck": 0,"Exact Heap Blocks": 66507,"Lossy Heap Blocks": 0,"Plans": [{"Node Type": "Bitmap Index Scan","Parent Relationship": "Outer","Parallel Aware": false,"Async Capable": false,"Index Name": "idx_lineitem_shipdate","Startup Cost": 0.00,"Total Cost": 6026.34,"Plan Rows": 236991,"Plan Width": 0,"Actual Startup Time": 36.697,"Actual Total Time": 36.700,"Actual Rows": 225457,"Actual Loops": 1,"Index Cond": "((l_shipdate >= '1993-04-01'::date) AND (l_shipdate < '1993-07-01 00:00:00'::timestamp without time zone))"}]}]}]}]}]},"Planning Time": 4.174,"Triggers": [],"Execution Time": 1900.156}]
[{"Plan": {"Node Type": "Merge Join","Parallel Aware": false,"Async Capable": false,"Join Type": "Inner","Startup Cost": 248950.69,"Total Cost": 249471.59,"Plan Rows": 50,"Plan Width": 103,"Actual Startup Time": 2077.217,"Actual Total Time": 2077.254,"Actual Rows": 1,"Actual Loops": 1,"Inner Unique": true,"Merge Cond": "(supplier.s_suppkey = revenue0.supplier_no)","Plans": [{"Node Type": "Aggregate","Strategy": "Plain","Partial Mode": "Simple","Parent Relationship": "InitPlan","Subplan Name": "InitPlan 1 (returns $0)","Parallel Aware": false,"Async Capable": false,"Startup Cost": 124524.28,"Total Cost": 124524.29,"Plan Rows": 1,"Plan Width": 32,"Actual Startup Time": 944.226,"Actual Total Time": 944.239,"Actual Rows": 1,"Actual Loops": 1,"Plans": [{"Node Type": "Aggregate","Strategy": "Hashed","Partial Mode": "Simple","Parent Relationship": "Outer","Parallel Aware": false,"Async Capable": false,"Startup Cost": 124274.10,"Total Cost": 124399.19,"Plan Rows": 10007,"Plan Width": 36,"Actual Startup Time": 935.667,"Actual Total Time": 943.640,"Actual Rows": 10000,"Actual Loops": 1,"Group Key": ["lineitem_1.l_suppkey"],"Planned Partitions": 0,"HashAgg Batches": 1,"Peak Memory Usage": 4497,"Disk Usage": 0,"Plans": [{"Node Type": "Bitmap Heap Scan","Parent Relationship": "Outer","Parallel Aware": false,"Async Capable": false,"Relation Name": "lineitem","Alias": "lineitem_1","Startup Cost": 5964.95,"Total Cost": 121951.64,"Plan Rows": 232246,"Plan Width": 16,"Actual Startup Time": 58.195,"Actual Total Time": 787.901,"Actual Rows": 228485,"Actual Loops": 1,"Recheck Cond": "((l_shipdate >= '1994-10-01'::date) AND (l_shipdate < '1995-01-01 00:00:00'::timestamp without time zone))","Rows Removed by Index Recheck": 0,"Exact Heap Blocks": 67254,"Lossy Heap Blocks": 0,"Plans": [{"Node Type": "Bitmap Index Scan","Parent Relationship": "Outer","Parallel Aware": false,"Async Capable": false,"Index Name": "idx_lineitem_shipdate","Startup Cost": 0.00,"Total Cost": 5906.89,"Plan Rows": 232246,"Plan Width": 0,"Actual Startup Time": 44.283,"Actual Total Time": 44.290,"Actual Rows": 228485,"Actual Loops": 1,"Index Cond": "((l_shipdate >= '1994-10-01'::date) AND (l_shipdate < '1995-01-01 00:00:00'::timestamp without time zone))"}]}]}]},{"Node Type": "Index Scan","Parent Relationship": "Outer","Parallel Aware": false,"Async Capable": false,"Scan Direction": "Forward","Index Name": "supplier_pkey","Relation Name": "supplier","Alias": "supplier","Startup Cost": 0.29,"Total Cost": 495.43,"Plan Rows": 10000,"Plan Width": 71,"Actual Startup Time": 0.119,"Actual Total Time": 5.877,"Actual Rows": 3489,"Actual Loops": 1},{"Node Type": "Sort","Parent Relationship": "Inner","Parallel Aware": false,"Async Capable": false,"Startup Cost": 124426.12,"Total Cost": 124426.24,"Plan Rows": 50,"Plan Width": 36,"Actual Startup Time": 2071.109,"Actual Total Time": 2071.122,"Actual Rows": 1,"Actual Loops": 1,"Sort Key": ["revenue0.supplier_no"],"Sort Method": "quicksort","Sort Space Used": 25,"Sort Space Type": "Memory","Plans": [{"Node Type": "Subquery Scan","Parent Relationship": "Outer","Parallel Aware": false,"Async Capable": false,"Alias": "revenue0","Startup Cost": 124274.10,"Total Cost": 124424.71,"Plan Rows": 50,"Plan Width": 36,"Actual Startup Time": 2068.547,"Actual Total Time": 2071.053,"Actual Rows": 1,"Actual Loops": 1,"Plans": [{"Node Type": "Aggregate","Strategy": "Hashed","Partial Mode": "Simple","Parent Relationship": "Subquery","Parallel Aware": false,"Async Capable": false,"Startup Cost": 124274.10,"Total Cost": 124424.21,"Plan Rows": 50,"Plan Width": 36,"Actual Startup Time": 2068.539,"Actual Total Time": 2071.037,"Actual Rows": 1,"Actual Loops": 1,"Group Key": ["lineitem.l_suppkey"],"Filter": "(sum((lineitem.l_extendedprice * ('1'::numeric - lineitem.l_discount))) = $0)","Planned Partitions": 0,"HashAgg Batches": 1,"Peak Memory Usage": 4497,"Disk Usage": 0,"Rows Removed by Filter": 9999,"Plans": [{"Node Type": "Bitmap Heap Scan","Parent Relationship": "Outer","Parallel Aware": false,"Async Capable": false,"Relation Name": "lineitem","Alias": "lineitem","Startup Cost": 5964.95,"Total Cost": 121951.64,"Plan Rows": 232246,"Plan Width": 16,"Actual Startup Time": 55.484,"Actual Total Time": 929.289,"Actual Rows": 228485,"Actual Loops": 1,"Recheck Cond": "((l_shipdate >= '1994-10-01'::date) AND (l_shipdate < '1995-01-01 00:00:00'::timestamp without time zone))","Rows Removed by Index Recheck": 0,"Exact Heap Blocks": 67254,"Lossy Heap Blocks": 0,"Plans": [{"Node Type": "Bitmap Index Scan","Parent Relationship": "Outer","Parallel Aware": false,"Async Capable": false,"Index Name": "idx_lineitem_shipdate","Startup Cost": 0.00,"Total Cost": 5906.89,"Plan Rows": 232246,"Plan Width": 0,"Actual Startup Time": 41.691,"Actual Total Time": 41.696,"Actual Rows": 228485,"Actual Loops": 1,"Index Cond": "((l_shipdate >= '1994-10-01'::date) AND (l_shipdate < '1995-01-01 00:00:00'::timestamp without time zone))"}]}]}]}]}]},"Planning Time": 4.532,"Triggers": [],"Execution Time": 2082.904}]
[{"Plan": {"Node Type": "Merge Join","Parallel Aware": false,"Async Capable": false,"Join Type": "Inner","Startup Cost": 248983.50,"Total Cost": 249504.39,"Plan Rows": 50,"Plan Width": 103,"Actual Startup Time": 1938.743,"Actual Total Time": 1938.793,"Actual Rows": 1,"Actual Loops": 1,"Inner Unique": true,"Merge Cond": "(supplier.s_suppkey = revenue0.supplier_no)","Plans": [{"Node Type": "Aggregate","Strategy": "Plain","Partial Mode": "Simple","Parent Relationship": "InitPlan","Subplan Name": "InitPlan 1 (returns $0)","Parallel Aware": false,"Async Capable": false,"Startup Cost": 124540.68,"Total Cost": 124540.69,"Plan Rows": 1,"Plan Width": 32,"Actual Startup Time": 839.155,"Actual Total Time": 839.170,"Actual Rows": 1,"Actual Loops": 1,"Plans": [{"Node Type": "Aggregate","Strategy": "Hashed","Partial Mode": "Simple","Parent Relationship": "Outer","Parallel Aware": false,"Async Capable": false,"Startup Cost": 124290.50,"Total Cost": 124415.59,"Plan Rows": 10007,"Plan Width": 36,"Actual Startup Time": 829.011,"Actual Total Time": 838.572,"Actual Rows": 10000,"Actual Loops": 1,"Group Key": ["lineitem_1.l_suppkey"],"Planned Partitions": 0,"HashAgg Batches": 1,"Peak Memory Usage": 4497,"Disk Usage": 0,"Plans": [{"Node Type": "Bitmap Heap Scan","Parent Relationship": "Outer","Parallel Aware": false,"Async Capable": false,"Relation Name": "lineitem","Alias": "lineitem_1","Startup Cost": 5640.16,"Total Cost": 122093.70,"Plan Rows": 219681,"Plan Width": 16,"Actual Startup Time": 57.904,"Actual Total Time": 668.211,"Actual Rows": 225815,"Actual Loops": 1,"Recheck Cond": "((l_shipdate >= '1996-12-01'::date) AND (l_shipdate < '1997-03-01 00:00:00'::timestamp without time zone))","Rows Removed by Index Recheck": 0,"Exact Heap Blocks": 66669,"Lossy Heap Blocks": 0,"Plans": [{"Node Type": "Bitmap Index Scan","Parent Relationship": "Outer","Parallel Aware": false,"Async Capable": false,"Index Name": "idx_lineitem_shipdate","Startup Cost": 0.00,"Total Cost": 5585.24,"Plan Rows": 219681,"Plan Width": 0,"Actual Startup Time": 44.432,"Actual Total Time": 44.435,"Actual Rows": 225815,"Actual Loops": 1,"Index Cond": "((l_shipdate >= '1996-12-01'::date) AND (l_shipdate < '1997-03-01 00:00:00'::timestamp without time zone))"}]}]}]},{"Node Type": "Index Scan","Parent Relationship": "Outer","Parallel Aware": false,"Async Capable": false,"Scan Direction": "Forward","Index Name": "supplier_pkey","Relation Name": "supplier","Alias": "supplier","Startup Cost": 0.29,"Total Cost": 495.43,"Plan Rows": 10000,"Plan Width": 71,"Actual Startup Time": 0.092,"Actual Total Time": 9.144,"Actual Rows": 5992,"Actual Loops": 1},{"Node Type": "Sort","Parent Relationship": "Inner","Parallel Aware": false,"Async Capable": false,"Startup Cost": 124442.52,"Total Cost": 124442.65,"Plan Rows": 50,"Plan Width": 36,"Actual Startup Time": 1929.238,"Actual Total Time": 1929.255,"Actual Rows": 1,"Actual Loops": 1,"Sort Key": ["revenue0.supplier_no"],"Sort Method": "quicksort","Sort Space Used": 25,"Sort Space Type": "Memory","Plans": [{"Node Type": "Subquery Scan","Parent Relationship": "Outer","Parallel Aware": false,"Async Capable": false,"Alias": "revenue0","Startup Cost": 124290.50,"Total Cost": 124441.11,"Plan Rows": 50,"Plan Width": 36,"Actual Startup Time": 1899.450,"Actual Total Time": 1929.215,"Actual Rows": 1,"Actual Loops": 1,"Plans": [{"Node Type": "Aggregate","Strategy": "Hashed","Partial Mode": "Simple","Parent Relationship": "Subquery","Parallel Aware": false,"Async Capable": false,"Startup Cost": 124290.50,"Total Cost": 124440.61,"Plan Rows": 50,"Plan Width": 36,"Actual Startup Time": 1899.446,"Actual Total Time": 1929.206,"Actual Rows": 1,"Actual Loops": 1,"Group Key": ["lineitem.l_suppkey"],"Filter": "(sum((lineitem.l_extendedprice * ('1'::numeric - lineitem.l_discount))) = $0)","Planned Partitions": 0,"HashAgg Batches": 1,"Peak Memory Usage": 4497,"Disk Usage": 0,"Rows Removed by Filter": 9999,"Plans": [{"Node Type": "Bitmap Heap Scan","Parent Relationship": "Outer","Parallel Aware": false,"Async Capable": false,"Relation Name": "lineitem","Alias": "lineitem","Startup Cost": 5640.16,"Total Cost": 122093.70,"Plan Rows": 219681,"Plan Width": 16,"Actual Startup Time": 57.890,"Actual Total Time": 893.942,"Actual Rows": 225815,"Actual Loops": 1,"Recheck Cond": "((l_shipdate >= '1996-12-01'::date) AND (l_shipdate < '1997-03-01 00:00:00'::timestamp without time zone))","Rows Removed by Index Recheck": 0,"Exact Heap Blocks": 66669,"Lossy Heap Blocks": 0,"Plans": [{"Node Type": "Bitmap Index Scan","Parent Relationship": "Outer","Parallel Aware": false,"Async Capable": false,"Index Name": "idx_lineitem_shipdate","Startup Cost": 0.00,"Total Cost": 5585.24,"Plan Rows": 219681,"Plan Width": 0,"Actual Startup Time": 44.501,"Actual Total Time": 44.501,"Actual Rows": 225815,"Actual Loops": 1,"Index Cond": "((l_shipdate >= '1996-12-01'::date) AND (l_shipdate < '1997-03-01 00:00:00'::timestamp without time zone))"}]}]}]}]}]},"Planning Time": 4.317,"Triggers": [],"Execution Time": 1941.817}]
[{"Plan": {"Node Type": "Merge Join","Parallel Aware": false,"Async Capable": false,"Join Type": "Inner","Startup Cost": 248343.83,"Total Cost": 248864.72,"Plan Rows": 50,"Plan Width": 103,"Actual Startup Time": 1973.395,"Actual Total Time": 1973.462,"Actual Rows": 1,"Actual Loops": 1,"Inner Unique": true,"Merge Cond": "(supplier.s_suppkey = revenue0.supplier_no)","Plans": [{"Node Type": "Aggregate","Strategy": "Plain","Partial Mode": "Simple","Parent Relationship": "InitPlan","Subplan Name": "InitPlan 1 (returns $0)","Parallel Aware": false,"Async Capable": false,"Startup Cost": 124220.85,"Total Cost": 124220.86,"Plan Rows": 1,"Plan Width": 32,"Actual Startup Time": 908.782,"Actual Total Time": 908.807,"Actual Rows": 1,"Actual Loops": 1,"Plans": [{"Node Type": "Aggregate","Strategy": "Hashed","Partial Mode": "Simple","Parent Relationship": "Outer","Parallel Aware": false,"Async Capable": false,"Startup Cost": 123970.67,"Total Cost": 124095.76,"Plan Rows": 10007,"Plan Width": 36,"Actual Startup Time": 900.063,"Actual Total Time": 908.145,"Actual Rows": 10000,"Actual Loops": 1,"Group Key": ["lineitem_1.l_suppkey"],"Planned Partitions": 0,"HashAgg Batches": 1,"Peak Memory Usage": 4497,"Disk Usage": 0,"Plans": [{"Node Type": "Bitmap Heap Scan","Parent Relationship": "Outer","Parallel Aware": false,"Async Capable": false,"Relation Name": "lineitem","Alias": "lineitem_1","Startup Cost": 5811.47,"Total Cost": 121708.19,"Plan Rows": 226248,"Plan Width": 16,"Actual Startup Time": 49.217,"Actual Total Time": 692.336,"Actual Rows": 229039,"Actual Loops": 1,"Recheck Cond": "((l_shipdate >= '1994-06-01'::date) AND (l_shipdate < '1994-09-01 00:00:00'::timestamp without time zone))","Rows Removed by Index Recheck": 0,"Exact Heap Blocks": 67238,"Lossy Heap Blocks": 0,"Plans": [{"Node Type": "Bitmap Index Scan","Parent Relationship": "Outer","Parallel Aware": false,"Async Capable": false,"Index Name": "idx_lineitem_shipdate","Startup Cost": 0.00,"Total Cost": 5754.91,"Plan Rows": 226248,"Plan Width": 0,"Actual Startup Time": 35.633,"Actual Total Time": 35.648,"Actual Rows": 229039,"Actual Loops": 1,"Index Cond": "((l_shipdate >= '1994-06-01'::date) AND (l_shipdate < '1994-09-01 00:00:00'::timestamp without time zone))"}]}]}]},{"Node Type": "Index Scan","Parent Relationship": "Outer","Parallel Aware": false,"Async Capable": false,"Scan Direction": "Forward","Index Name": "supplier_pkey","Relation Name": "supplier","Alias": "supplier","Startup Cost": 0.29,"Total Cost": 495.43,"Plan Rows": 10000,"Plan Width": 71,"Actual Startup Time": 0.121,"Actual Total Time": 12.024,"Actual Rows": 7946,"Actual Loops": 1},{"Node Type": "Sort","Parent Relationship": "Inner","Parallel Aware": false,"Async Capable": false,"Startup Cost": 124122.69,"Total Cost": 124122.81,"Plan Rows": 50,"Plan Width": 36,"Actual Startup Time": 1960.894,"Actual Total Time": 1960.930,"Actual Rows": 1,"Actual Loops": 1,"Sort Key": ["revenue0.supplier_no"],"Sort Method": "quicksort","Sort Space Used": 25,"Sort Space Type": "Memory","Plans": [{"Node Type": "Subquery Scan","Parent Relationship": "Outer","Parallel Aware": false,"Async Capable": false,"Alias": "revenue0","Startup Cost": 123970.67,"Total Cost": 124121.28,"Plan Rows": 50,"Plan Width": 36,"Actual Startup Time": 1956.612,"Actual Total Time": 1960.848,"Actual Rows": 1,"Actual Loops": 1,"Plans": [{"Node Type": "Aggregate","Strategy": "Hashed","Partial Mode": "Simple","Parent Relationship": "Subquery","Parallel Aware": false,"Async Capable": false,"Startup Cost": 123970.67,"Total Cost": 124120.78,"Plan Rows": 50,"Plan Width": 36,"Actual Startup Time": 1956.600,"Actual Total Time": 1960.810,"Actual Rows": 1,"Actual Loops": 1,"Group Key": ["lineitem.l_suppkey"],"Filter": "(sum((lineitem.l_extendedprice * ('1'::numeric - lineitem.l_discount))) = $0)","Planned Partitions": 0,"HashAgg Batches": 1,"Peak Memory Usage": 4497,"Disk Usage": 0,"Rows Removed by Filter": 9999,"Plans": [{"Node Type": "Bitmap Heap Scan","Parent Relationship": "Outer","Parallel Aware": false,"Async Capable": false,"Relation Name": "lineitem","Alias": "lineitem","Startup Cost": 5811.47,"Total Cost": 121708.19,"Plan Rows": 226248,"Plan Width": 16,"Actual Startup Time": 51.748,"Actual Total Time": 872.040,"Actual Rows": 229039,"Actual Loops": 1,"Recheck Cond": "((l_shipdate >= '1994-06-01'::date) AND (l_shipdate < '1994-09-01 00:00:00'::timestamp without time zone))","Rows Removed by Index Recheck": 0,"Exact Heap Blocks": 67238,"Lossy Heap Blocks": 0,"Plans": [{"Node Type": "Bitmap Index Scan","Parent Relationship": "Outer","Parallel Aware": false,"Async Capable": false,"Index Name": "idx_lineitem_shipdate","Startup Cost": 0.00,"Total Cost": 5754.91,"Plan Rows": 226248,"Plan Width": 0,"Actual Startup Time": 38.292,"Actual Total Time": 38.307,"Actual Rows": 229039,"Actual Loops": 1,"Index Cond": "((l_shipdate >= '1994-06-01'::date) AND (l_shipdate < '1994-09-01 00:00:00'::timestamp without time zone))"}]}]}]}]}]},"Planning Time": 5.138,"Triggers": [],"Execution Time": 1979.821}]
[{"Plan": {"Node Type": "Merge Join","Parallel Aware": false,"Async Capable": false,"Join Type": "Inner","Startup Cost": 248249.45,"Total Cost": 248770.35,"Plan Rows": 50,"Plan Width": 103,"Actual Startup Time": 1933.210,"Actual Total Time": 1933.238,"Actual Rows": 1,"Actual Loops": 1,"Inner Unique": true,"Merge Cond": "(supplier.s_suppkey = revenue0.supplier_no)","Plans": [{"Node Type": "Aggregate","Strategy": "Plain","Partial Mode": "Simple","Parent Relationship": "InitPlan","Subplan Name": "InitPlan 1 (returns $0)","Parallel Aware": false,"Async Capable": false,"Startup Cost": 124173.66,"Total Cost": 124173.67,"Plan Rows": 1,"Plan Width": 32,"Actual Startup Time": 840.754,"Actual Total Time": 840.766,"Actual Rows": 1,"Actual Loops": 1,"Plans": [{"Node Type": "Aggregate","Strategy": "Hashed","Partial Mode": "Simple","Parent Relationship": "Outer","Parallel Aware": false,"Async Capable": false,"Startup Cost": 123923.48,"Total Cost": 124048.57,"Plan Rows": 10007,"Plan Width": 36,"Actual Startup Time": 831.124,"Actual Total Time": 840.175,"Actual Rows": 10000,"Actual Loops": 1,"Group Key": ["lineitem_1.l_suppkey"],"Planned Partitions": 0,"HashAgg Batches": 1,"Peak Memory Usage": 4497,"Disk Usage": 0,"Plans": [{"Node Type": "Bitmap Heap Scan","Parent Relationship": "Outer","Parallel Aware": false,"Async Capable": false,"Relation Name": "lineitem","Alias": "lineitem_1","Startup Cost": 5786.40,"Total Cost": 121669.85,"Plan Rows": 225363,"Plan Width": 16,"Actual Startup Time": 50.816,"Actual Total Time": 670.813,"Actual Rows": 229315,"Actual Loops": 1,"Recheck Cond": "((l_shipdate >= '1994-05-01'::date) AND (l_shipdate < '1994-08-01 00:00:00'::timestamp without time zone))","Rows Removed by Index Recheck": 0,"Exact Heap Blocks": 67035,"Lossy Heap Blocks": 0,"Plans": [{"Node Type": "Bitmap Index Scan","Parent Relationship": "Outer","Parallel Aware": false,"Async Capable": false,"Index Name": "idx_lineitem_shipdate","Startup Cost": 0.00,"Total Cost": 5730.06,"Plan Rows": 225363,"Plan Width": 0,"Actual Startup Time": 37.324,"Actual Total Time": 37.329,"Actual Rows": 229315,"Actual Loops": 1,"Index Cond": "((l_shipdate >= '1994-05-01'::date) AND (l_shipdate < '1994-08-01 00:00:00'::timestamp without time zone))"}]}]}]},{"Node Type": "Index Scan","Parent Relationship": "Outer","Parallel Aware": false,"Async Capable": false,"Scan Direction": "Forward","Index Name": "supplier_pkey","Relation Name": "supplier","Alias": "supplier","Startup Cost": 0.29,"Total Cost": 495.43,"Plan Rows": 10000,"Plan Width": 71,"Actual Startup Time": 0.122,"Actual Total Time": 5.559,"Actual Rows": 3302,"Actual Loops": 1},{"Node Type": "Sort","Parent Relationship": "Inner","Parallel Aware": false,"Async Capable": false,"Startup Cost": 124075.50,"Total Cost": 124075.62,"Plan Rows": 50,"Plan Width": 36,"Actual Startup Time": 1927.428,"Actual Total Time": 1927.436,"Actual Rows": 1,"Actual Loops": 1,"Sort Key": ["revenue0.supplier_no"],"Sort Method": "quicksort","Sort Space Used": 25,"Sort Space Type": "Memory","Plans": [{"Node Type": "Subquery Scan","Parent Relationship": "Outer","Parallel Aware": false,"Async Capable": false,"Alias": "revenue0","Startup Cost": 123923.48,"Total Cost": 124074.09,"Plan Rows": 50,"Plan Width": 36,"Actual Startup Time": 1920.770,"Actual Total Time": 1927.389,"Actual Rows": 1,"Actual Loops": 1,"Plans": [{"Node Type": "Aggregate","Strategy": "Hashed","Partial Mode": "Simple","Parent Relationship": "Subquery","Parallel Aware": false,"Async Capable": false,"Startup Cost": 123923.48,"Total Cost": 124073.59,"Plan Rows": 50,"Plan Width": 36,"Actual Startup Time": 1920.765,"Actual Total Time": 1927.379,"Actual Rows": 1,"Actual Loops": 1,"Group Key": ["lineitem.l_suppkey"],"Filter": "(sum((lineitem.l_extendedprice * ('1'::numeric - lineitem.l_discount))) = $0)","Planned Partitions": 0,"HashAgg Batches": 1,"Peak Memory Usage": 4497,"Disk Usage": 0,"Rows Removed by Filter": 9999,"Plans": [{"Node Type": "Bitmap Heap Scan","Parent Relationship": "Outer","Parallel Aware": false,"Async Capable": false,"Relation Name": "lineitem","Alias": "lineitem","Startup Cost": 5786.40,"Total Cost": 121669.85,"Plan Rows": 225363,"Plan Width": 16,"Actual Startup Time": 48.974,"Actual Total Time": 887.234,"Actual Rows": 229315,"Actual Loops": 1,"Recheck Cond": "((l_shipdate >= '1994-05-01'::date) AND (l_shipdate < '1994-08-01 00:00:00'::timestamp without time zone))","Rows Removed by Index Recheck": 0,"Exact Heap Blocks": 67035,"Lossy Heap Blocks": 0,"Plans": [{"Node Type": "Bitmap Index Scan","Parent Relationship": "Outer","Parallel Aware": false,"Async Capable": false,"Index Name": "idx_lineitem_shipdate","Startup Cost": 0.00,"Total Cost": 5730.06,"Plan Rows": 225363,"Plan Width": 0,"Actual Startup Time": 35.843,"Actual Total Time": 35.843,"Actual Rows": 229315,"Actual Loops": 1,"Index Cond": "((l_shipdate >= '1994-05-01'::date) AND (l_shipdate < '1994-08-01 00:00:00'::timestamp without time zone))"}]}]}]}]}]},"Planning Time": 4.354,"Triggers": [],"Execution Time": 1936.888}]
[{"Plan": {"Node Type": "Merge Join","Parallel Aware": false,"Async Capable": false,"Join Type": "Inner","Startup Cost": 249429.21,"Total Cost": 249950.11,"Plan Rows": 50,"Plan Width": 103,"Actual Startup Time": 1898.287,"Actual Total Time": 1898.337,"Actual Rows": 1,"Actual Loops": 1,"Inner Unique": true,"Merge Cond": "(supplier.s_suppkey = revenue0.supplier_no)","Plans": [{"Node Type": "Aggregate","Strategy": "Plain","Partial Mode": "Simple","Parent Relationship": "InitPlan","Subplan Name": "InitPlan 1 (returns $0)","Parallel Aware": false,"Async Capable": false,"Startup Cost": 124763.54,"Total Cost": 124763.55,"Plan Rows": 1,"Plan Width": 32,"Actual Startup Time": 815.553,"Actual Total Time": 815.566,"Actual Rows": 1,"Actual Loops": 1,"Plans": [{"Node Type": "Aggregate","Strategy": "Hashed","Partial Mode": "Simple","Parent Relationship": "Outer","Parallel Aware": false,"Async Capable": false,"Startup Cost": 124513.36,"Total Cost": 124638.45,"Plan Rows": 10007,"Plan Width": 36,"Actual Startup Time": 809.471,"Actual Total Time": 814.969,"Actual Rows": 10000,"Actual Loops": 1,"Group Key": ["lineitem_1.l_suppkey"],"Planned Partitions": 0,"HashAgg Batches": 1,"Peak Memory Usage": 4497,"Disk Usage": 0,"Plans": [{"Node Type": "Bitmap Heap Scan","Parent Relationship": "Outer","Parallel Aware": false,"Async Capable": false,"Relation Name": "lineitem","Alias": "lineitem_1","Startup Cost": 6085.59,"Total Cost": 122143.46,"Plan Rows": 236991,"Plan Width": 16,"Actual Startup Time": 49.104,"Actual Total Time": 665.753,"Actual Rows": 225457,"Actual Loops": 1,"Recheck Cond": "((l_shipdate >= '1993-04-01'::date) AND (l_shipdate < '1993-07-01 00:00:00'::timestamp without time zone))","Rows Removed by Index Recheck": 0,"Exact Heap Blocks": 66507,"Lossy Heap Blocks": 0,"Plans": [{"Node Type": "Bitmap Index Scan","Parent Relationship": "Outer","Parallel Aware": false,"Async Capable": false,"Index Name": "idx_lineitem_shipdate","Startup Cost": 0.00,"Total Cost": 6026.34,"Plan Rows": 236991,"Plan Width": 0,"Actual Startup Time": 35.669,"Actual Total Time": 35.673,"Actual Rows": 225457,"Actual Loops": 1,"Index Cond": "((l_shipdate >= '1993-04-01'::date) AND (l_shipdate < '1993-07-01 00:00:00'::timestamp without time zone))"}]}]}]},{"Node Type": "Index Scan","Parent Relationship": "Outer","Parallel Aware": false,"Async Capable": false,"Scan Direction": "Forward","Index Name": "supplier_pkey","Relation Name": "supplier","Alias": "supplier","Startup Cost": 0.29,"Total Cost": 495.43,"Plan Rows": 10000,"Plan Width": 71,"Actual Startup Time": 0.093,"Actual Total Time": 12.333,"Actual Rows": 7478,"Actual Loops": 1},{"Node Type": "Sort","Parent Relationship": "Inner","Parallel Aware": false,"Async Capable": false,"Startup Cost": 124665.38,"Total Cost": 124665.50,"Plan Rows": 50,"Plan Width": 36,"Actual Startup Time": 1885.515,"Actual Total Time": 1885.531,"Actual Rows": 1,"Actual Loops": 1,"Sort Key": ["revenue0.supplier_no"],"Sort Method": "quicksort","Sort Space Used": 25,"Sort Space Type": "Memory","Plans": [{"Node Type": "Subquery Scan","Parent Relationship": "Outer","Parallel Aware": false,"Async Capable": false,"Alias": "revenue0","Startup Cost": 124513.36,"Total Cost": 124663.97,"Plan Rows": 50,"Plan Width": 36,"Actual Startup Time": 1880.649,"Actual Total Time": 1885.498,"Actual Rows": 1,"Actual Loops": 1,"Plans": [{"Node Type": "Aggregate","Strategy": "Hashed","Partial Mode": "Simple","Parent Relationship": "Subquery","Parallel Aware": false,"Async Capable": false,"Startup Cost": 124513.36,"Total Cost": 124663.47,"Plan Rows": 50,"Plan Width": 36,"Actual Startup Time": 1880.643,"Actual Total Time": 1885.490,"Actual Rows": 1,"Actual Loops": 1,"Group Key": ["lineitem.l_suppkey"],"Filter": "(sum((lineitem.l_extendedprice * ('1'::numeric - lineitem.l_discount))) = $0)","Planned Partitions": 0,"HashAgg Batches": 1,"Peak Memory Usage": 4497,"Disk Usage": 0,"Rows Removed by Filter": 9999,"Plans": [{"Node Type": "Bitmap Heap Scan","Parent Relationship": "Outer","Parallel Aware": false,"Async Capable": false,"Relation Name": "lineitem","Alias": "lineitem","Startup Cost": 6085.59,"Total Cost": 122143.46,"Plan Rows": 236991,"Plan Width": 16,"Actual Startup Time": 49.990,"Actual Total Time": 876.930,"Actual Rows": 225457,"Actual Loops": 1,"Recheck Cond": "((l_shipdate >= '1993-04-01'::date) AND (l_shipdate < '1993-07-01 00:00:00'::timestamp without time zone))","Rows Removed by Index Recheck": 0,"Exact Heap Blocks": 66507,"Lossy Heap Blocks": 0,"Plans": [{"Node Type": "Bitmap Index Scan","Parent Relationship": "Outer","Parallel Aware": false,"Async Capable": false,"Index Name": "idx_lineitem_shipdate","Startup Cost": 0.00,"Total Cost": 6026.34,"Plan Rows": 236991,"Plan Width": 0,"Actual Startup Time": 36.697,"Actual Total Time": 36.700,"Actual Rows": 225457,"Actual Loops": 1,"Index Cond": "((l_shipdate >= '1993-04-01'::date) AND (l_shipdate < '1993-07-01 00:00:00'::timestamp without time zone))"}]}]}]}]}]},"Planning Time": 4.174,"Triggers": [],"Execution Time": 1900.156}]
[{"Plan": {"Node Type": "Merge Join","Parallel Aware": false,"Async Capable": false,"Join Type": "Inner","Startup Cost": 249012.02,"Total Cost": 249532.92,"Plan Rows": 50,"Plan Width": 103,"Actual Startup Time": 2119.244,"Actual Total Time": 2119.296,"Actual Rows": 1,"Actual Loops": 1,"Inner Unique": true,"Merge Cond": "(supplier.s_suppkey = revenue0.supplier_no)","Plans": [{"Node Type": "Aggregate","Strategy": "Plain","Partial Mode": "Simple","Parent Relationship": "InitPlan","Subplan Name": "InitPlan 1 (returns $0)","Parallel Aware": false,"Async Capable": false,"Startup Cost": 124554.94,"Total Cost": 124554.95,"Plan Rows": 1,"Plan Width": 32,"Actual Startup Time": 992.757,"Actual Total Time": 992.777,"Actual Rows": 1,"Actual Loops": 1,"Plans": [{"Node Type": "Aggregate","Strategy": "Hashed","Partial Mode": "Simple","Parent Relationship": "Outer","Parallel Aware": false,"Async Capable": false,"Startup Cost": 124304.77,"Total Cost": 124429.86,"Plan Rows": 10007,"Plan Width": 36,"Actual Startup Time": 985.158,"Actual Total Time": 992.112,"Actual Rows": 10000,"Actual Loops": 1,"Group Key": ["lineitem_1.l_suppkey"],"Planned Partitions": 0,"HashAgg Batches": 1,"Peak Memory Usage": 4497,"Disk Usage": 0,"Plans": [{"Node Type": "Bitmap Heap Scan","Parent Relationship": "Outer","Parallel Aware": false,"Async Capable": false,"Relation Name": "lineitem","Alias": "lineitem_1","Startup Cost": 5979.54,"Total Cost": 121975.88,"Plan Rows": 232889,"Plan Width": 16,"Actual Startup Time": 58.676,"Actual Total Time": 780.634,"Actual Rows": 229796,"Actual Loops": 1,"Recheck Cond": "((l_shipdate >= '1993-08-01'::date) AND (l_shipdate < '1993-11-01 00:00:00'::timestamp without time zone))","Rows Removed by Index Recheck": 0,"Exact Heap Blocks": 67184,"Lossy Heap Blocks": 0,"Plans": [{"Node Type": "Bitmap Index Scan","Parent Relationship": "Outer","Parallel Aware": false,"Async Capable": false,"Index Name": "idx_lineitem_shipdate","Startup Cost": 0.00,"Total Cost": 5921.32,"Plan Rows": 232889,"Plan Width": 0,"Actual Startup Time": 44.964,"Actual Total Time": 44.978,"Actual Rows": 229796,"Actual Loops": 1,"Index Cond": "((l_shipdate >= '1993-08-01'::date) AND (l_shipdate < '1993-11-01 00:00:00'::timestamp without time zone))"}]}]}]},{"Node Type": "Index Scan","Parent Relationship": "Outer","Parallel Aware": false,"Async Capable": false,"Scan Direction": "Forward","Index Name": "supplier_pkey","Relation Name": "supplier","Alias": "supplier","Startup Cost": 0.29,"Total Cost": 495.43,"Plan Rows": 10000,"Plan Width": 71,"Actual Startup Time": 0.109,"Actual Total Time": 11.654,"Actual Rows": 6952,"Actual Loops": 1},{"Node Type": "Sort","Parent Relationship": "Inner","Parallel Aware": false,"Async Capable": false,"Startup Cost": 124456.78,"Total Cost": 124456.91,"Plan Rows": 50,"Plan Width": 36,"Actual Startup Time": 2107.151,"Actual Total Time": 2107.177,"Actual Rows": 1,"Actual Loops": 1,"Sort Key": ["revenue0.supplier_no"],"Sort Method": "quicksort","Sort Space Used": 25,"Sort Space Type": "Memory","Plans": [{"Node Type": "Subquery Scan","Parent Relationship": "Outer","Parallel Aware": false,"Async Capable": false,"Alias": "revenue0","Startup Cost": 124304.77,"Total Cost": 124455.37,"Plan Rows": 50,"Plan Width": 36,"Actual Startup Time": 2103.069,"Actual Total Time": 2107.067,"Actual Rows": 1,"Actual Loops": 1,"Plans": [{"Node Type": "Aggregate","Strategy": "Hashed","Partial Mode": "Simple","Parent Relationship": "Subquery","Parallel Aware": false,"Async Capable": false,"Startup Cost": 124304.77,"Total Cost": 124454.87,"Plan Rows": 50,"Plan Width": 36,"Actual Startup Time": 2103.055,"Actual Total Time": 2107.034,"Actual Rows": 1,"Actual Loops": 1,"Group Key": ["lineitem.l_suppkey"],"Filter": "(sum((lineitem.l_extendedprice * ('1'::numeric - lineitem.l_discount))) = $0)","Planned Partitions": 0,"HashAgg Batches": 1,"Peak Memory Usage": 4497,"Disk Usage": 0,"Rows Removed by Filter": 9999,"Plans": [{"Node Type": "Bitmap Heap Scan","Parent Relationship": "Outer","Parallel Aware": false,"Async Capable": false,"Relation Name": "lineitem","Alias": "lineitem","Startup Cost": 5979.54,"Total Cost": 121975.88,"Plan Rows": 232889,"Plan Width": 16,"Actual Startup Time": 55.870,"Actual Total Time": 932.576,"Actual Rows": 229796,"Actual Loops": 1,"Recheck Cond": "((l_shipdate >= '1993-08-01'::date) AND (l_shipdate < '1993-11-01 00:00:00'::timestamp without time zone))","Rows Removed by Index Recheck": 0,"Exact Heap Blocks": 67184,"Lossy Heap Blocks": 0,"Plans": [{"Node Type": "Bitmap Index Scan","Parent Relationship": "Outer","Parallel Aware": false,"Async Capable": false,"Index Name": "idx_lineitem_shipdate","Startup Cost": 0.00,"Total Cost": 5921.32,"Plan Rows": 232889,"Plan Width": 0,"Actual Startup Time": 41.935,"Actual Total Time": 41.948,"Actual Rows": 229796,"Actual Loops": 1,"Index Cond": "((l_shipdate >= '1993-08-01'::date) AND (l_shipdate < '1993-11-01 00:00:00'::timestamp without time zone))"}]}]}]}]}]},"Planning Time": 4.203,"Triggers": [],"Execution Time": 2124.103}]
[{"Plan": {"Node Type": "Merge Join","Parallel Aware": false,"Async Capable": false,"Join Type": "Inner","Startup Cost": 248878.98,"Total Cost": 249399.87,"Plan Rows": 50,"Plan Width": 103,"Actual Startup Time": 1926.035,"Actual Total Time": 1926.074,"Actual Rows": 1,"Actual Loops": 1,"Inner Unique": true,"Merge Cond": "(supplier.s_suppkey = revenue0.supplier_no)","Plans": [{"Node Type": "Aggregate","Strategy": "Plain","Partial Mode": "Simple","Parent Relationship": "InitPlan","Subplan Name": "InitPlan 1 (returns $0)","Parallel Aware": false,"Async Capable": false,"Startup Cost": 124488.42,"Total Cost": 124488.43,"Plan Rows": 1,"Plan Width": 32,"Actual Startup Time": 836.881,"Actual Total Time": 836.892,"Actual Rows": 1,"Actual Loops": 1,"Plans": [{"Node Type": "Aggregate","Strategy": "Hashed","Partial Mode": "Simple","Parent Relationship": "Outer","Parallel Aware": false,"Async Capable": false,"Startup Cost": 124238.24,"Total Cost": 124363.33,"Plan Rows": 10007,"Plan Width": 36,"Actual Startup Time": 829.174,"Actual Total Time": 836.298,"Actual Rows": 10000,"Actual Loops": 1,"Group Key": ["lineitem_1.l_suppkey"],"Planned Partitions": 0,"HashAgg Batches": 1,"Peak Memory Usage": 4497,"Disk Usage": 0,"Plans": [{"Node Type": "Bitmap Heap Scan","Parent Relationship": "Outer","Parallel Aware": false,"Async Capable": false,"Relation Name": "lineitem","Alias": "lineitem_1","Startup Cost": 5946.01,"Total Cost": 121922.55,"Plan Rows": 231569,"Plan Width": 16,"Actual Startup Time": 58.548,"Actual Total Time": 683.907,"Actual Rows": 231305,"Actual Loops": 1,"Recheck Cond": "((l_shipdate >= '1995-08-01'::date) AND (l_shipdate < '1995-11-01 00:00:00'::timestamp without time zone))","Rows Removed by Index Recheck": 0,"Exact Heap Blocks": 67198,"Lossy Heap Blocks": 0,"Plans": [{"Node Type": "Bitmap Index Scan","Parent Relationship": "Outer","Parallel Aware": false,"Async Capable": false,"Index Name": "idx_lineitem_shipdate","Startup Cost": 0.00,"Total Cost": 5888.12,"Plan Rows": 231569,"Plan Width": 0,"Actual Startup Time": 44.811,"Actual Total Time": 44.815,"Actual Rows": 231305,"Actual Loops": 1,"Index Cond": "((l_shipdate >= '1995-08-01'::date) AND (l_shipdate < '1995-11-01 00:00:00'::timestamp without time zone))"}]}]}]},{"Node Type": "Index Scan","Parent Relationship": "Outer","Parallel Aware": false,"Async Capable": false,"Scan Direction": "Forward","Index Name": "supplier_pkey","Relation Name": "supplier","Alias": "supplier","Startup Cost": 0.29,"Total Cost": 495.43,"Plan Rows": 10000,"Plan Width": 71,"Actual Startup Time": 0.102,"Actual Total Time": 3.125,"Actual Rows": 1822,"Actual Loops": 1},{"Node Type": "Sort","Parent Relationship": "Inner","Parallel Aware": false,"Async Capable": false,"Startup Cost": 124390.26,"Total Cost": 124390.39,"Plan Rows": 50,"Plan Width": 36,"Actual Startup Time": 1922.770,"Actual Total Time": 1922.783,"Actual Rows": 1,"Actual Loops": 1,"Sort Key": ["revenue0.supplier_no"],"Sort Method": "quicksort","Sort Space Used": 25,"Sort Space Type": "Memory","Plans": [{"Node Type": "Subquery Scan","Parent Relationship": "Outer","Parallel Aware": false,"Async Capable": false,"Alias": "revenue0","Startup Cost": 124238.24,"Total Cost": 124388.85,"Plan Rows": 50,"Plan Width": 36,"Actual Startup Time": 1898.789,"Actual Total Time": 1922.734,"Actual Rows": 1,"Actual Loops": 1,"Plans": [{"Node Type": "Aggregate","Strategy": "Hashed","Partial Mode": "Simple","Parent Relationship": "Subquery","Parallel Aware": false,"Async Capable": false,"Startup Cost": 124238.24,"Total Cost": 124388.35,"Plan Rows": 50,"Plan Width": 36,"Actual Startup Time": 1898.783,"Actual Total Time": 1922.722,"Actual Rows": 1,"Actual Loops": 1,"Group Key": ["lineitem.l_suppkey"],"Filter": "(sum((lineitem.l_extendedprice * ('1'::numeric - lineitem.l_discount))) = $0)","Planned Partitions": 0,"HashAgg Batches": 1,"Peak Memory Usage": 4497,"Disk Usage": 0,"Rows Removed by Filter": 9999,"Plans": [{"Node Type": "Bitmap Heap Scan","Parent Relationship": "Outer","Parallel Aware": false,"Async Capable": false,"Relation Name": "lineitem","Alias": "lineitem","Startup Cost": 5946.01,"Total Cost": 121922.55,"Plan Rows": 231569,"Plan Width": 16,"Actual Startup Time": 58.467,"Actual Total Time": 886.844,"Actual Rows": 231305,"Actual Loops": 1,"Recheck Cond": "((l_shipdate >= '1995-08-01'::date) AND (l_shipdate < '1995-11-01 00:00:00'::timestamp without time zone))","Rows Removed by Index Recheck": 0,"Exact Heap Blocks": 67198,"Lossy Heap Blocks": 0,"Plans": [{"Node Type": "Bitmap Index Scan","Parent Relationship": "Outer","Parallel Aware": false,"Async Capable": false,"Index Name": "idx_lineitem_shipdate","Startup Cost": 0.00,"Total Cost": 5888.12,"Plan Rows": 231569,"Plan Width": 0,"Actual Startup Time": 45.062,"Actual Total Time": 45.065,"Actual Rows": 231305,"Actual Loops": 1,"Index Cond": "((l_shipdate >= '1995-08-01'::date) AND (l_shipdate < '1995-11-01 00:00:00'::timestamp without time zone))"}]}]}]}]}]},"Planning Time": 4.599,"Triggers": [],"Execution Time": 1928.090}]
[{"Plan": {"Node Type": "Merge Join","Parallel Aware": false,"Async Capable": false,"Join Type": "Inner","Startup Cost": 248749.22,"Total Cost": 249270.12,"Plan Rows": 50,"Plan Width": 103,"Actual Startup Time": 1931.389,"Actual Total Time": 1931.417,"Actual Rows": 1,"Actual Loops": 1,"Inner Unique": true,"Merge Cond": "(supplier.s_suppkey = revenue0.supplier_no)","Plans": [{"Node Type": "Aggregate","Strategy": "Plain","Partial Mode": "Simple","Parent Relationship": "InitPlan","Subplan Name": "InitPlan 1 (returns $0)","Parallel Aware": false,"Async Capable": false,"Startup Cost": 124423.54,"Total Cost": 124423.55,"Plan Rows": 1,"Plan Width": 32,"Actual Startup Time": 829.182,"Actual Total Time": 829.192,"Actual Rows": 1,"Actual Loops": 1,"Plans": [{"Node Type": "Aggregate","Strategy": "Hashed","Partial Mode": "Simple","Parent Relationship": "Outer","Parallel Aware": false,"Async Capable": false,"Startup Cost": 124173.37,"Total Cost": 124298.46,"Plan Rows": 10007,"Plan Width": 36,"Actual Startup Time": 816.902,"Actual Total Time": 828.607,"Actual Rows": 10000,"Actual Loops": 1,"Group Key": ["lineitem_1.l_suppkey"],"Planned Partitions": 0,"HashAgg Batches": 1,"Peak Memory Usage": 4497,"Disk Usage": 0,"Plans": [{"Node Type": "Bitmap Heap Scan","Parent Relationship": "Outer","Parallel Aware": false,"Async Capable": false,"Relation Name": "lineitem","Alias": "lineitem_1","Startup Cost": 5912.97,"Total Cost": 121870.41,"Plan Rows": 230296,"Plan Width": 16,"Actual Startup Time": 50.257,"Actual Total Time": 644.900,"Actual Rows": 230072,"Actual Loops": 1,"Recheck Cond": "((l_shipdate >= '1995-10-01'::date) AND (l_shipdate < '1996-01-01 00:00:00'::timestamp without time zone))","Rows Removed by Index Recheck": 0,"Exact Heap Blocks": 67245,"Lossy Heap Blocks": 0,"Plans": [{"Node Type": "Bitmap Index Scan","Parent Relationship": "Outer","Parallel Aware": false,"Async Capable": false,"Index Name": "idx_lineitem_shipdate","Startup Cost": 0.00,"Total Cost": 5855.39,"Plan Rows": 230296,"Plan Width": 0,"Actual Startup Time": 36.768,"Actual Total Time": 36.770,"Actual Rows": 230072,"Actual Loops": 1,"Index Cond": "((l_shipdate >= '1995-10-01'::date) AND (l_shipdate < '1996-01-01 00:00:00'::timestamp without time zone))"}]}]}]},{"Node Type": "Index Scan","Parent Relationship": "Outer","Parallel Aware": false,"Async Capable": false,"Scan Direction": "Forward","Index Name": "supplier_pkey","Relation Name": "supplier","Alias": "supplier","Startup Cost": 0.29,"Total Cost": 495.43,"Plan Rows": 10000,"Plan Width": 71,"Actual Startup Time": 0.086,"Actual Total Time": 4.053,"Actual Rows": 2388,"Actual Loops": 1},{"Node Type": "Sort","Parent Relationship": "Inner","Parallel Aware": false,"Async Capable": false,"Startup Cost": 124325.38,"Total Cost": 124325.51,"Plan Rows": 50,"Plan Width": 36,"Actual Startup Time": 1927.160,"Actual Total Time": 1927.170,"Actual Rows": 1,"Actual Loops": 1,"Sort Key": ["revenue0.supplier_no"],"Sort Method": "quicksort","Sort Space Used": 25,"Sort Space Type": "Memory","Plans": [{"Node Type": "Subquery Scan","Parent Relationship": "Outer","Parallel Aware": false,"Async Capable": false,"Alias": "revenue0","Startup Cost": 124173.37,"Total Cost": 124323.97,"Plan Rows": 50,"Plan Width": 36,"Actual Startup Time": 1921.461,"Actual Total Time": 1927.124,"Actual Rows": 1,"Actual Loops": 1,"Plans": [{"Node Type": "Aggregate","Strategy": "Hashed","Partial Mode": "Simple","Parent Relationship": "Subquery","Parallel Aware": false,"Async Capable": false,"Startup Cost": 124173.37,"Total Cost": 124323.47,"Plan Rows": 50,"Plan Width": 36,"Actual Startup Time": 1921.452,"Actual Total Time": 1927.108,"Actual Rows": 1,"Actual Loops": 1,"Group Key": ["lineitem.l_suppkey"],"Filter": "(sum((lineitem.l_extendedprice * ('1'::numeric - lineitem.l_discount))) = $0)","Planned Partitions": 0,"HashAgg Batches": 1,"Peak Memory Usage": 4497,"Disk Usage": 0,"Rows Removed by Filter": 9999,"Plans": [{"Node Type": "Bitmap Heap Scan","Parent Relationship": "Outer","Parallel Aware": false,"Async Capable": false,"Relation Name": "lineitem","Alias": "lineitem","Startup Cost": 5912.97,"Total Cost": 121870.41,"Plan Rows": 230296,"Plan Width": 16,"Actual Startup Time": 50.046,"Actual Total Time": 890.624,"Actual Rows": 230072,"Actual Loops": 1,"Recheck Cond": "((l_shipdate >= '1995-10-01'::date) AND (l_shipdate < '1996-01-01 00:00:00'::timestamp without time zone))","Rows Removed by Index Recheck": 0,"Exact Heap Blocks": 67245,"Lossy Heap Blocks": 0,"Plans": [{"Node Type": "Bitmap Index Scan","Parent Relationship": "Outer","Parallel Aware": false,"Async Capable": false,"Index Name": "idx_lineitem_shipdate","Startup Cost": 0.00,"Total Cost": 5855.39,"Plan Rows": 230296,"Plan Width": 0,"Actual Startup Time": 36.694,"Actual Total Time": 36.694,"Actual Rows": 230072,"Actual Loops": 1,"Index Cond": "((l_shipdate >= '1995-10-01'::date) AND (l_shipdate < '1996-01-01 00:00:00'::timestamp without time zone))"}]}]}]}]}]},"Planning Time": 4.561,"Triggers": [],"Execution Time": 1934.601}]
[{"Plan": {"Node Type": "Merge Join","Parallel Aware": false,"Async Capable": false,"Join Type": "Inner","Startup Cost": 249082.82,"Total Cost": 249603.72,"Plan Rows": 50,"Plan Width": 103,"Actual Startup Time": 2126.100,"Actual Total Time": 2126.160,"Actual Rows": 1,"Actual Loops": 1,"Inner Unique": true,"Merge Cond": "(supplier.s_suppkey = revenue0.supplier_no)","Plans": [{"Node Type": "Aggregate","Strategy": "Plain","Partial Mode": "Simple","Parent Relationship": "InitPlan","Subplan Name": "InitPlan 1 (returns $0)","Parallel Aware": false,"Async Capable": false,"Startup Cost": 124590.34,"Total Cost": 124590.35,"Plan Rows": 1,"Plan Width": 32,"Actual Startup Time": 998.528,"Actual Total Time": 998.543,"Actual Rows": 1,"Actual Loops": 1,"Plans": [{"Node Type": "Aggregate","Strategy": "Hashed","Partial Mode": "Simple","Parent Relationship": "Outer","Parallel Aware": false,"Async Capable": false,"Startup Cost": 124340.17,"Total Cost": 124465.25,"Plan Rows": 10007,"Plan Width": 36,"Actual Startup Time": 990.764,"Actual Total Time": 997.890,"Actual Rows": 10000,"Actual Loops": 1,"Group Key": ["lineitem_1.l_suppkey"],"Planned Partitions": 0,"HashAgg Batches": 1,"Peak Memory Usage": 4497,"Disk Usage": 0,"Plans": [{"Node Type": "Bitmap Heap Scan","Parent Relationship": "Outer","Parallel Aware": false,"Async Capable": false,"Relation Name": "lineitem","Alias": "lineitem_1","Startup Cost": 5625.22,"Total Cost": 122150.13,"Plan Rows": 219004,"Plan Width": 16,"Actual Startup Time": 59.388,"Actual Total Time": 778.284,"Actual Rows": 230322,"Actual Loops": 1,"Recheck Cond": "((l_shipdate >= '1994-03-01'::date) AND (l_shipdate < '1994-06-01 00:00:00'::timestamp without time zone))","Rows Removed by Index Recheck": 0,"Exact Heap Blocks": 67245,"Lossy Heap Blocks": 0,"Plans": [{"Node Type": "Bitmap Index Scan","Parent Relationship": "Outer","Parallel Aware": false,"Async Capable": false,"Index Name": "idx_lineitem_shipdate","Startup Cost": 0.00,"Total Cost": 5570.47,"Plan Rows": 219004,"Plan Width": 0,"Actual Startup Time": 45.592,"Actual Total Time": 45.604,"Actual Rows": 230322,"Actual Loops": 1,"Index Cond": "((l_shipdate >= '1994-03-01'::date) AND (l_shipdate < '1994-06-01 00:00:00'::timestamp without time zone))"}]}]}]},{"Node Type": "Index Scan","Parent Relationship": "Outer","Parallel Aware": false,"Async Capable": false,"Scan Direction": "Forward","Index Name": "supplier_pkey","Relation Name": "supplier","Alias": "supplier","Startup Cost": 0.29,"Total Cost": 495.43,"Plan Rows": 10000,"Plan Width": 71,"Actual Startup Time": 0.099,"Actual Total Time": 2.588,"Actual Rows": 1344,"Actual Loops": 1},{"Node Type": "Sort","Parent Relationship": "Inner","Parallel Aware": false,"Async Capable": false,"Startup Cost": 124492.18,"Total Cost": 124492.31,"Plan Rows": 50,"Plan Width": 36,"Actual Startup Time": 2123.373,"Actual Total Time": 2123.407,"Actual Rows": 1,"Actual Loops": 1,"Sort Key": ["revenue0.supplier_no"],"Sort Method": "quicksort","Sort Space Used": 25,"Sort Space Type": "Memory","Plans": [{"Node Type": "Subquery Scan","Parent Relationship": "Outer","Parallel Aware": false,"Async Capable": false,"Alias": "revenue0","Startup Cost": 124340.17,"Total Cost": 124490.77,"Plan Rows": 50,"Plan Width": 36,"Actual Startup Time": 2118.456,"Actual Total Time": 2123.316,"Actual Rows": 1,"Actual Loops": 1,"Plans": [{"Node Type": "Aggregate","Strategy": "Hashed","Partial Mode": "Simple","Parent Relationship": "Subquery","Parallel Aware": false,"Async Capable": false,"Startup Cost": 124340.17,"Total Cost": 124490.27,"Plan Rows": 50,"Plan Width": 36,"Actual Startup Time": 2118.440,"Actual Total Time": 2123.277,"Actual Rows": 1,"Actual Loops": 1,"Group Key": ["lineitem.l_suppkey"],"Filter": "(sum((lineitem.l_extendedprice * ('1'::numeric - lineitem.l_discount))) = $0)","Planned Partitions": 0,"HashAgg Batches": 1,"Peak Memory Usage": 4497,"Disk Usage": 0,"Rows Removed by Filter": 9999,"Plans": [{"Node Type": "Bitmap Heap Scan","Parent Relationship": "Outer","Parallel Aware": false,"Async Capable": false,"Relation Name": "lineitem","Alias": "lineitem","Startup Cost": 5625.22,"Total Cost": 122150.13,"Plan Rows": 219004,"Plan Width": 16,"Actual Startup Time": 55.051,"Actual Total Time": 942.271,"Actual Rows": 230322,"Actual Loops": 1,"Recheck Cond": "((l_shipdate >= '1994-03-01'::date) AND (l_shipdate < '1994-06-01 00:00:00'::timestamp without time zone))","Rows Removed by Index Recheck": 0,"Exact Heap Blocks": 67245,"Lossy Heap Blocks": 0,"Plans": [{"Node Type": "Bitmap Index Scan","Parent Relationship": "Outer","Parallel Aware": false,"Async Capable": false,"Index Name": "idx_lineitem_shipdate","Startup Cost": 0.00,"Total Cost": 5570.47,"Plan Rows": 219004,"Plan Width": 0,"Actual Startup Time": 41.443,"Actual Total Time": 41.461,"Actual Rows": 230322,"Actual Loops": 1,"Index Cond": "((l_shipdate >= '1994-03-01'::date) AND (l_shipdate < '1994-06-01 00:00:00'::timestamp without time zone))"}]}]}]}]}]},"Planning Time": 3.928,"Triggers": [],"Execution Time": 2131.152}]
[{"Plan": {"Node Type": "Merge Join","Parallel Aware": false,"Async Capable": false,"Join Type": "Inner","Startup Cost": 248366.65,"Total Cost": 248887.54,"Plan Rows": 50,"Plan Width": 103,"Actual Startup Time": 2072.372,"Actual Total Time": 2072.404,"Actual Rows": 1,"Actual Loops": 1,"Inner Unique": true,"Merge Cond": "(supplier.s_suppkey = revenue0.supplier_no)","Plans": [{"Node Type": "Aggregate","Strategy": "Plain","Partial Mode": "Simple","Parent Relationship": "InitPlan","Subplan Name": "InitPlan 1 (returns $0)","Parallel Aware": false,"Async Capable": false,"Startup Cost": 124232.26,"Total Cost": 124232.27,"Plan Rows": 1,"Plan Width": 32,"Actual Startup Time": 935.409,"Actual Total Time": 935.422,"Actual Rows": 1,"Actual Loops": 1,"Plans": [{"Node Type": "Aggregate","Strategy": "Hashed","Partial Mode": "Simple","Parent Relationship": "Outer","Parallel Aware": false,"Async Capable": false,"Startup Cost": 123982.08,"Total Cost": 124107.17,"Plan Rows": 10007,"Plan Width": 36,"Actual Startup Time": 927.998,"Actual Total Time": 934.834,"Actual Rows": 10000,"Actual Loops": 1,"Group Key": ["lineitem_1.l_suppkey"],"Planned Partitions": 0,"HashAgg Batches": 1,"Peak Memory Usage": 4497,"Disk Usage": 0,"Plans": [{"Node Type": "Bitmap Heap Scan","Parent Relationship": "Outer","Parallel Aware": false,"Async Capable": false,"Relation Name": "lineitem","Alias": "lineitem_1","Startup Cost": 5817.63,"Total Cost": 121717.50,"Plan Rows": 226458,"Plan Width": 16,"Actual Startup Time": 58.327,"Actual Total Time": 782.071,"Actual Rows": 225975,"Actual Loops": 1,"Recheck Cond": "((l_shipdate >= '1995-12-01'::date) AND (l_shipdate < '1996-03-01 00:00:00'::timestamp without time zone))","Rows Removed by Index Recheck": 0,"Exact Heap Blocks": 66957,"Lossy Heap Blocks": 0,"Plans": [{"Node Type": "Bitmap Index Scan","Parent Relationship": "Outer","Parallel Aware": false,"Async Capable": false,"Index Name": "idx_lineitem_shipdate","Startup Cost": 0.00,"Total Cost": 5761.01,"Plan Rows": 226458,"Plan Width": 0,"Actual Startup Time": 44.649,"Actual Total Time": 44.657,"Actual Rows": 225975,"Actual Loops": 1,"Index Cond": "((l_shipdate >= '1995-12-01'::date) AND (l_shipdate < '1996-03-01 00:00:00'::timestamp without time zone))"}]}]}]},{"Node Type": "Index Scan","Parent Relationship": "Outer","Parallel Aware": false,"Async Capable": false,"Scan Direction": "Forward","Index Name": "supplier_pkey","Relation Name": "supplier","Alias": "supplier","Startup Cost": 0.29,"Total Cost": 495.43,"Plan Rows": 10000,"Plan Width": 71,"Actual Startup Time": 0.094,"Actual Total Time": 12.061,"Actual Rows": 7896,"Actual Loops": 1},{"Node Type": "Sort","Parent Relationship": "Inner","Parallel Aware": false,"Async Capable": false,"Startup Cost": 124134.10,"Total Cost": 124134.22,"Plan Rows": 50,"Plan Width": 36,"Actual Startup Time": 2059.847,"Actual Total Time": 2059.860,"Actual Rows": 1,"Actual Loops": 1,"Sort Key": ["revenue0.supplier_no"],"Sort Method": "quicksort","Sort Space Used": 25,"Sort Space Type": "Memory","Plans": [{"Node Type": "Subquery Scan","Parent Relationship": "Outer","Parallel Aware": false,"Async Capable": false,"Alias": "revenue0","Startup Cost": 123982.08,"Total Cost": 124132.69,"Plan Rows": 50,"Plan Width": 36,"Actual Startup Time": 2034.699,"Actual Total Time": 2059.773,"Actual Rows": 1,"Actual Loops": 1,"Plans": [{"Node Type": "Aggregate","Strategy": "Hashed","Partial Mode": "Simple","Parent Relationship": "Subquery","Parallel Aware": false,"Async Capable": false,"Startup Cost": 123982.08,"Total Cost": 124132.19,"Plan Rows": 50,"Plan Width": 36,"Actual Startup Time": 2034.689,"Actual Total Time": 2059.753,"Actual Rows": 1,"Actual Loops": 1,"Group Key": ["lineitem.l_suppkey"],"Filter": "(sum((lineitem.l_extendedprice * ('1'::numeric - lineitem.l_discount))) = $0)","Planned Partitions": 0,"HashAgg Batches": 1,"Peak Memory Usage": 4497,"Disk Usage": 0,"Rows Removed by Filter": 9999,"Plans": [{"Node Type": "Bitmap Heap Scan","Parent Relationship": "Outer","Parallel Aware": false,"Async Capable": false,"Relation Name": "lineitem","Alias": "lineitem","Startup Cost": 5817.63,"Total Cost": 121717.50,"Plan Rows": 226458,"Plan Width": 16,"Actual Startup Time": 55.797,"Actual Total Time": 930.171,"Actual Rows": 225975,"Actual Loops": 1,"Recheck Cond": "((l_shipdate >= '1995-12-01'::date) AND (l_shipdate < '1996-03-01 00:00:00'::timestamp without time zone))","Rows Removed by Index Recheck": 0,"Exact Heap Blocks": 66957,"Lossy Heap Blocks": 0,"Plans": [{"Node Type": "Bitmap Index Scan","Parent Relationship": "Outer","Parallel Aware": false,"Async Capable": false,"Index Name": "idx_lineitem_shipdate","Startup Cost": 0.00,"Total Cost": 5761.01,"Plan Rows": 226458,"Plan Width": 0,"Actual Startup Time": 42.303,"Actual Total Time": 42.304,"Actual Rows": 225975,"Actual Loops": 1,"Index Cond": "((l_shipdate >= '1995-12-01'::date) AND (l_shipdate < '1996-03-01 00:00:00'::timestamp without time zone))"}]}]}]}]}]},"Planning Time": 4.024,"Triggers": [],"Execution Time": 2078.117}]
[{"Plan": {"Node Type": "Merge Join","Parallel Aware": false,"Async Capable": false,"Join Type": "Inner","Startup Cost": 248695.00,"Total Cost": 249215.90,"Plan Rows": 50,"Plan Width": 103,"Actual Startup Time": 2082.592,"Actual Total Time": 2082.640,"Actual Rows": 1,"Actual Loops": 1,"Inner Unique": true,"Merge Cond": "(supplier.s_suppkey = revenue0.supplier_no)","Plans": [{"Node Type": "Aggregate","Strategy": "Plain","Partial Mode": "Simple","Parent Relationship": "InitPlan","Subplan Name": "InitPlan 1 (returns $0)","Parallel Aware": false,"Async Capable": false,"Startup Cost": 124396.43,"Total Cost": 124396.44,"Plan Rows": 1,"Plan Width": 32,"Actual Startup Time": 946.403,"Actual Total Time": 946.419,"Actual Rows": 1,"Actual Loops": 1,"Plans": [{"Node Type": "Aggregate","Strategy": "Hashed","Partial Mode": "Simple","Parent Relationship": "Outer","Parallel Aware": false,"Async Capable": false,"Startup Cost": 124146.26,"Total Cost": 124271.35,"Plan Rows": 10007,"Plan Width": 36,"Actual Startup Time": 938.935,"Actual Total Time": 945.817,"Actual Rows": 10000,"Actual Loops": 1,"Group Key": ["lineitem_1.l_suppkey"],"Planned Partitions": 0,"HashAgg Batches": 1,"Peak Memory Usage": 4497,"Disk Usage": 0,"Plans": [{"Node Type": "Bitmap Heap Scan","Parent Relationship": "Outer","Parallel Aware": false,"Async Capable": false,"Relation Name": "lineitem","Alias": "lineitem_1","Startup Cost": 5899.41,"Total Cost": 121848.72,"Plan Rows": 229754,"Plan Width": 16,"Actual Startup Time": 59.759,"Actual Total Time": 793.376,"Actual Rows": 228921,"Actual Loops": 1,"Recheck Cond": "((l_shipdate >= '1996-03-01'::date) AND (l_shipdate < '1996-06-01 00:00:00'::timestamp without time zone))","Rows Removed by Index Recheck": 0,"Exact Heap Blocks": 67056,"Lossy Heap Blocks": 0,"Plans": [{"Node Type": "Bitmap Index Scan","Parent Relationship": "Outer","Parallel Aware": false,"Async Capable": false,"Index Name": "idx_lineitem_shipdate","Startup Cost": 0.00,"Total Cost": 5841.97,"Plan Rows": 229754,"Plan Width": 0,"Actual Startup Time": 45.910,"Actual Total Time": 45.916,"Actual Rows": 228921,"Actual Loops": 1,"Index Cond": "((l_shipdate >= '1996-03-01'::date) AND (l_shipdate < '1996-06-01 00:00:00'::timestamp without time zone))"}]}]}]},{"Node Type": "Index Scan","Parent Relationship": "Outer","Parallel Aware": false,"Async Capable": false,"Scan Direction": "Forward","Index Name": "supplier_pkey","Relation Name": "supplier","Alias": "supplier","Startup Cost": 0.29,"Total Cost": 495.43,"Plan Rows": 10000,"Plan Width": 71,"Actual Startup Time": 0.102,"Actual Total Time": 2.838,"Actual Rows": 1506,"Actual Loops": 1},{"Node Type": "Sort","Parent Relationship": "Inner","Parallel Aware": false,"Async Capable": false,"Startup Cost": 124298.27,"Total Cost": 124298.40,"Plan Rows": 50,"Plan Width": 36,"Actual Startup Time": 2079.634,"Actual Total Time": 2079.648,"Actual Rows": 1,"Actual Loops": 1,"Sort Key": ["revenue0.supplier_no"],"Sort Method": "quicksort","Sort Space Used": 25,"Sort Space Type": "Memory","Plans": [{"Node Type": "Subquery Scan","Parent Relationship": "Outer","Parallel Aware": false,"Async Capable": false,"Alias": "revenue0","Startup Cost": 124146.26,"Total Cost": 124296.86,"Plan Rows": 50,"Plan Width": 36,"Actual Startup Time": 2064.713,"Actual Total Time": 2079.612,"Actual Rows": 1,"Actual Loops": 1,"Plans": [{"Node Type": "Aggregate","Strategy": "Hashed","Partial Mode": "Simple","Parent Relationship": "Subquery","Parallel Aware": false,"Async Capable": false,"Startup Cost": 124146.26,"Total Cost": 124296.36,"Plan Rows": 50,"Plan Width": 36,"Actual Startup Time": 2064.706,"Actual Total Time": 2079.603,"Actual Rows": 1,"Actual Loops": 1,"Group Key": ["lineitem.l_suppkey"],"Filter": "(sum((lineitem.l_extendedprice * ('1'::numeric - lineitem.l_discount))) = $0)","Planned Partitions": 0,"HashAgg Batches": 1,"Peak Memory Usage": 4497,"Disk Usage": 0,"Rows Removed by Filter": 9999,"Plans": [{"Node Type": "Bitmap Heap Scan","Parent Relationship": "Outer","Parallel Aware": false,"Async Capable": false,"Relation Name": "lineitem","Alias": "lineitem","Startup Cost": 5899.41,"Total Cost": 121848.72,"Plan Rows": 229754,"Plan Width": 16,"Actual Startup Time": 56.873,"Actual Total Time": 935.993,"Actual Rows": 228921,"Actual Loops": 1,"Recheck Cond": "((l_shipdate >= '1996-03-01'::date) AND (l_shipdate < '1996-06-01 00:00:00'::timestamp without time zone))","Rows Removed by Index Recheck": 0,"Exact Heap Blocks": 67056,"Lossy Heap Blocks": 0,"Plans": [{"Node Type": "Bitmap Index Scan","Parent Relationship": "Outer","Parallel Aware": false,"Async Capable": false,"Index Name": "idx_lineitem_shipdate","Startup Cost": 0.00,"Total Cost": 5841.97,"Plan Rows": 229754,"Plan Width": 0,"Actual Startup Time": 43.119,"Actual Total Time": 43.123,"Actual Rows": 228921,"Actual Loops": 1,"Index Cond": "((l_shipdate >= '1996-03-01'::date) AND (l_shipdate < '1996-06-01 00:00:00'::timestamp without time zone))"}]}]}]}]}]},"Planning Time": 4.992,"Triggers": [],"Execution Time": 2086.750}]
[{"Plan": {"Node Type": "Merge Join","Parallel Aware": false,"Async Capable": false,"Join Type": "Inner","Startup Cost": 248366.65,"Total Cost": 248887.54,"Plan Rows": 50,"Plan Width": 103,"Actual Startup Time": 2072.372,"Actual Total Time": 2072.404,"Actual Rows": 1,"Actual Loops": 1,"Inner Unique": true,"Merge Cond": "(supplier.s_suppkey = revenue0.supplier_no)","Plans": [{"Node Type": "Aggregate","Strategy": "Plain","Partial Mode": "Simple","Parent Relationship": "InitPlan","Subplan Name": "InitPlan 1 (returns $0)","Parallel Aware": false,"Async Capable": false,"Startup Cost": 124232.26,"Total Cost": 124232.27,"Plan Rows": 1,"Plan Width": 32,"Actual Startup Time": 935.409,"Actual Total Time": 935.422,"Actual Rows": 1,"Actual Loops": 1,"Plans": [{"Node Type": "Aggregate","Strategy": "Hashed","Partial Mode": "Simple","Parent Relationship": "Outer","Parallel Aware": false,"Async Capable": false,"Startup Cost": 123982.08,"Total Cost": 124107.17,"Plan Rows": 10007,"Plan Width": 36,"Actual Startup Time": 927.998,"Actual Total Time": 934.834,"Actual Rows": 10000,"Actual Loops": 1,"Group Key": ["lineitem_1.l_suppkey"],"Planned Partitions": 0,"HashAgg Batches": 1,"Peak Memory Usage": 4497,"Disk Usage": 0,"Plans": [{"Node Type": "Bitmap Heap Scan","Parent Relationship": "Outer","Parallel Aware": false,"Async Capable": false,"Relation Name": "lineitem","Alias": "lineitem_1","Startup Cost": 5817.63,"Total Cost": 121717.50,"Plan Rows": 226458,"Plan Width": 16,"Actual Startup Time": 58.327,"Actual Total Time": 782.071,"Actual Rows": 225975,"Actual Loops": 1,"Recheck Cond": "((l_shipdate >= '1995-12-01'::date) AND (l_shipdate < '1996-03-01 00:00:00'::timestamp without time zone))","Rows Removed by Index Recheck": 0,"Exact Heap Blocks": 66957,"Lossy Heap Blocks": 0,"Plans": [{"Node Type": "Bitmap Index Scan","Parent Relationship": "Outer","Parallel Aware": false,"Async Capable": false,"Index Name": "idx_lineitem_shipdate","Startup Cost": 0.00,"Total Cost": 5761.01,"Plan Rows": 226458,"Plan Width": 0,"Actual Startup Time": 44.649,"Actual Total Time": 44.657,"Actual Rows": 225975,"Actual Loops": 1,"Index Cond": "((l_shipdate >= '1995-12-01'::date) AND (l_shipdate < '1996-03-01 00:00:00'::timestamp without time zone))"}]}]}]},{"Node Type": "Index Scan","Parent Relationship": "Outer","Parallel Aware": false,"Async Capable": false,"Scan Direction": "Forward","Index Name": "supplier_pkey","Relation Name": "supplier","Alias": "supplier","Startup Cost": 0.29,"Total Cost": 495.43,"Plan Rows": 10000,"Plan Width": 71,"Actual Startup Time": 0.094,"Actual Total Time": 12.061,"Actual Rows": 7896,"Actual Loops": 1},{"Node Type": "Sort","Parent Relationship": "Inner","Parallel Aware": false,"Async Capable": false,"Startup Cost": 124134.10,"Total Cost": 124134.22,"Plan Rows": 50,"Plan Width": 36,"Actual Startup Time": 2059.847,"Actual Total Time": 2059.860,"Actual Rows": 1,"Actual Loops": 1,"Sort Key": ["revenue0.supplier_no"],"Sort Method": "quicksort","Sort Space Used": 25,"Sort Space Type": "Memory","Plans": [{"Node Type": "Subquery Scan","Parent Relationship": "Outer","Parallel Aware": false,"Async Capable": false,"Alias": "revenue0","Startup Cost": 123982.08,"Total Cost": 124132.69,"Plan Rows": 50,"Plan Width": 36,"Actual Startup Time": 2034.699,"Actual Total Time": 2059.773,"Actual Rows": 1,"Actual Loops": 1,"Plans": [{"Node Type": "Aggregate","Strategy": "Hashed","Partial Mode": "Simple","Parent Relationship": "Subquery","Parallel Aware": false,"Async Capable": false,"Startup Cost": 123982.08,"Total Cost": 124132.19,"Plan Rows": 50,"Plan Width": 36,"Actual Startup Time": 2034.689,"Actual Total Time": 2059.753,"Actual Rows": 1,"Actual Loops": 1,"Group Key": ["lineitem.l_suppkey"],"Filter": "(sum((lineitem.l_extendedprice * ('1'::numeric - lineitem.l_discount))) = $0)","Planned Partitions": 0,"HashAgg Batches": 1,"Peak Memory Usage": 4497,"Disk Usage": 0,"Rows Removed by Filter": 9999,"Plans": [{"Node Type": "Bitmap Heap Scan","Parent Relationship": "Outer","Parallel Aware": false,"Async Capable": false,"Relation Name": "lineitem","Alias": "lineitem","Startup Cost": 5817.63,"Total Cost": 121717.50,"Plan Rows": 226458,"Plan Width": 16,"Actual Startup Time": 55.797,"Actual Total Time": 930.171,"Actual Rows": 225975,"Actual Loops": 1,"Recheck Cond": "((l_shipdate >= '1995-12-01'::date) AND (l_shipdate < '1996-03-01 00:00:00'::timestamp without time zone))","Rows Removed by Index Recheck": 0,"Exact Heap Blocks": 66957,"Lossy Heap Blocks": 0,"Plans": [{"Node Type": "Bitmap Index Scan","Parent Relationship": "Outer","Parallel Aware": false,"Async Capable": false,"Index Name": "idx_lineitem_shipdate","Startup Cost": 0.00,"Total Cost": 5761.01,"Plan Rows": 226458,"Plan Width": 0,"Actual Startup Time": 42.303,"Actual Total Time": 42.304,"Actual Rows": 225975,"Actual Loops": 1,"Index Cond": "((l_shipdate >= '1995-12-01'::date) AND (l_shipdate < '1996-03-01 00:00:00'::timestamp without time zone))"}]}]}]}]}]},"Planning Time": 4.024,"Triggers": [],"Execution Time": 2078.117}]
[{"Plan": {"Node Type": "Merge Join","Parallel Aware": false,"Async Capable": false,"Join Type": "Inner","Startup Cost": 248366.65,"Total Cost": 248887.54,"Plan Rows": 50,"Plan Width": 103,"Actual Startup Time": 2072.372,"Actual Total Time": 2072.404,"Actual Rows": 1,"Actual Loops": 1,"Inner Unique": true,"Merge Cond": "(supplier.s_suppkey = revenue0.supplier_no)","Plans": [{"Node Type": "Aggregate","Strategy": "Plain","Partial Mode": "Simple","Parent Relationship": "InitPlan","Subplan Name": "InitPlan 1 (returns $0)","Parallel Aware": false,"Async Capable": false,"Startup Cost": 124232.26,"Total Cost": 124232.27,"Plan Rows": 1,"Plan Width": 32,"Actual Startup Time": 935.409,"Actual Total Time": 935.422,"Actual Rows": 1,"Actual Loops": 1,"Plans": [{"Node Type": "Aggregate","Strategy": "Hashed","Partial Mode": "Simple","Parent Relationship": "Outer","Parallel Aware": false,"Async Capable": false,"Startup Cost": 123982.08,"Total Cost": 124107.17,"Plan Rows": 10007,"Plan Width": 36,"Actual Startup Time": 927.998,"Actual Total Time": 934.834,"Actual Rows": 10000,"Actual Loops": 1,"Group Key": ["lineitem_1.l_suppkey"],"Planned Partitions": 0,"HashAgg Batches": 1,"Peak Memory Usage": 4497,"Disk Usage": 0,"Plans": [{"Node Type": "Bitmap Heap Scan","Parent Relationship": "Outer","Parallel Aware": false,"Async Capable": false,"Relation Name": "lineitem","Alias": "lineitem_1","Startup Cost": 5817.63,"Total Cost": 121717.50,"Plan Rows": 226458,"Plan Width": 16,"Actual Startup Time": 58.327,"Actual Total Time": 782.071,"Actual Rows": 225975,"Actual Loops": 1,"Recheck Cond": "((l_shipdate >= '1995-12-01'::date) AND (l_shipdate < '1996-03-01 00:00:00'::timestamp without time zone))","Rows Removed by Index Recheck": 0,"Exact Heap Blocks": 66957,"Lossy Heap Blocks": 0,"Plans": [{"Node Type": "Bitmap Index Scan","Parent Relationship": "Outer","Parallel Aware": false,"Async Capable": false,"Index Name": "idx_lineitem_shipdate","Startup Cost": 0.00,"Total Cost": 5761.01,"Plan Rows": 226458,"Plan Width": 0,"Actual Startup Time": 44.649,"Actual Total Time": 44.657,"Actual Rows": 225975,"Actual Loops": 1,"Index Cond": "((l_shipdate >= '1995-12-01'::date) AND (l_shipdate < '1996-03-01 00:00:00'::timestamp without time zone))"}]}]}]},{"Node Type": "Index Scan","Parent Relationship": "Outer","Parallel Aware": false,"Async Capable": false,"Scan Direction": "Forward","Index Name": "supplier_pkey","Relation Name": "supplier","Alias": "supplier","Startup Cost": 0.29,"Total Cost": 495.43,"Plan Rows": 10000,"Plan Width": 71,"Actual Startup Time": 0.094,"Actual Total Time": 12.061,"Actual Rows": 7896,"Actual Loops": 1},{"Node Type": "Sort","Parent Relationship": "Inner","Parallel Aware": false,"Async Capable": false,"Startup Cost": 124134.10,"Total Cost": 124134.22,"Plan Rows": 50,"Plan Width": 36,"Actual Startup Time": 2059.847,"Actual Total Time": 2059.860,"Actual Rows": 1,"Actual Loops": 1,"Sort Key": ["revenue0.supplier_no"],"Sort Method": "quicksort","Sort Space Used": 25,"Sort Space Type": "Memory","Plans": [{"Node Type": "Subquery Scan","Parent Relationship": "Outer","Parallel Aware": false,"Async Capable": false,"Alias": "revenue0","Startup Cost": 123982.08,"Total Cost": 124132.69,"Plan Rows": 50,"Plan Width": 36,"Actual Startup Time": 2034.699,"Actual Total Time": 2059.773,"Actual Rows": 1,"Actual Loops": 1,"Plans": [{"Node Type": "Aggregate","Strategy": "Hashed","Partial Mode": "Simple","Parent Relationship": "Subquery","Parallel Aware": false,"Async Capable": false,"Startup Cost": 123982.08,"Total Cost": 124132.19,"Plan Rows": 50,"Plan Width": 36,"Actual Startup Time": 2034.689,"Actual Total Time": 2059.753,"Actual Rows": 1,"Actual Loops": 1,"Group Key": ["lineitem.l_suppkey"],"Filter": "(sum((lineitem.l_extendedprice * ('1'::numeric - lineitem.l_discount))) = $0)","Planned Partitions": 0,"HashAgg Batches": 1,"Peak Memory Usage": 4497,"Disk Usage": 0,"Rows Removed by Filter": 9999,"Plans": [{"Node Type": "Bitmap Heap Scan","Parent Relationship": "Outer","Parallel Aware": false,"Async Capable": false,"Relation Name": "lineitem","Alias": "lineitem","Startup Cost": 5817.63,"Total Cost": 121717.50,"Plan Rows": 226458,"Plan Width": 16,"Actual Startup Time": 55.797,"Actual Total Time": 930.171,"Actual Rows": 225975,"Actual Loops": 1,"Recheck Cond": "((l_shipdate >= '1995-12-01'::date) AND (l_shipdate < '1996-03-01 00:00:00'::timestamp without time zone))","Rows Removed by Index Recheck": 0,"Exact Heap Blocks": 66957,"Lossy Heap Blocks": 0,"Plans": [{"Node Type": "Bitmap Index Scan","Parent Relationship": "Outer","Parallel Aware": false,"Async Capable": false,"Index Name": "idx_lineitem_shipdate","Startup Cost": 0.00,"Total Cost": 5761.01,"Plan Rows": 226458,"Plan Width": 0,"Actual Startup Time": 42.303,"Actual Total Time": 42.304,"Actual Rows": 225975,"Actual Loops": 1,"Index Cond": "((l_shipdate >= '1995-12-01'::date) AND (l_shipdate < '1996-03-01 00:00:00'::timestamp without time zone))"}]}]}]}]}]},"Planning Time": 4.024,"Triggers": [],"Execution Time": 2078.117}]
[{"Plan": {"Node Type": "Merge Join","Parallel Aware": false,"Async Capable": false,"Join Type": "Inner","Startup Cost": 250128.21,"Total Cost": 250649.11,"Plan Rows": 50,"Plan Width": 103,"Actual Startup Time": 2022.562,"Actual Total Time": 2022.614,"Actual Rows": 1,"Actual Loops": 1,"Inner Unique": true,"Merge Cond": "(supplier.s_suppkey = revenue0.supplier_no)","Plans": [{"Node Type": "Aggregate","Strategy": "Plain","Partial Mode": "Simple","Parent Relationship": "InitPlan","Subplan Name": "InitPlan 1 (returns $0)","Parallel Aware": false,"Async Capable": false,"Startup Cost": 125113.04,"Total Cost": 125113.05,"Plan Rows": 1,"Plan Width": 32,"Actual Startup Time": 928.683,"Actual Total Time": 928.707,"Actual Rows": 1,"Actual Loops": 1,"Plans": [{"Node Type": "Aggregate","Strategy": "Hashed","Partial Mode": "Simple","Parent Relationship": "Outer","Parallel Aware": false,"Async Capable": false,"Startup Cost": 124862.86,"Total Cost": 124987.95,"Plan Rows": 10007,"Plan Width": 36,"Actual Startup Time": 922.246,"Actual Total Time": 928.037,"Actual Rows": 10000,"Actual Loops": 1,"Group Key": ["lineitem_1.l_suppkey"],"Planned Partitions": 0,"HashAgg Batches": 1,"Peak Memory Usage": 4497,"Disk Usage": 0,"Plans": [{"Node Type": "Bitmap Heap Scan","Parent Relationship": "Outer","Parallel Aware": false,"Async Capable": false,"Relation Name": "lineitem","Alias": "lineitem_1","Startup Cost": 6263.81,"Total Cost": 122424.44,"Plan Rows": 243842,"Plan Width": 16,"Actual Startup Time": 48.690,"Actual Total Time": 710.961,"Actual Rows": 231712,"Actual Loops": 1,"Recheck Cond": "((l_shipdate >= '1995-03-01'::date) AND (l_shipdate < '1995-06-01 00:00:00'::timestamp without time zone))","Rows Removed by Index Recheck": 0,"Exact Heap Blocks": 67567,"Lossy Heap Blocks": 0,"Plans": [{"Node Type": "Bitmap Index Scan","Parent Relationship": "Outer","Parallel Aware": false,"Async Capable": false,"Index Name": "idx_lineitem_shipdate","Startup Cost": 0.00,"Total Cost": 6202.85,"Plan Rows": 243842,"Plan Width": 0,"Actual Startup Time": 35.293,"Actual Total Time": 35.308,"Actual Rows": 231712,"Actual Loops": 1,"Index Cond": "((l_shipdate >= '1995-03-01'::date) AND (l_shipdate < '1995-06-01 00:00:00'::timestamp without time zone))"}]}]}]},{"Node Type": "Index Scan","Parent Relationship": "Outer","Parallel Aware": false,"Async Capable": false,"Scan Direction": "Forward","Index Name": "supplier_pkey","Relation Name": "supplier","Alias": "supplier","Startup Cost": 0.29,"Total Cost": 495.43,"Plan Rows": 10000,"Plan Width": 71,"Actual Startup Time": 0.085,"Actual Total Time": 4.032,"Actual Rows": 2389,"Actual Loops": 1},{"Node Type": "Sort","Parent Relationship": "Inner","Parallel Aware": false,"Async Capable": false,"Startup Cost": 125014.88,"Total Cost": 125015.00,"Plan Rows": 50,"Plan Width": 36,"Actual Startup Time": 2018.326,"Actual Total Time": 2018.343,"Actual Rows": 1,"Actual Loops": 1,"Sort Key": ["revenue0.supplier_no"],"Sort Method": "quicksort","Sort Space Used": 25,"Sort Space Type": "Memory","Plans": [{"Node Type": "Subquery Scan","Parent Relationship": "Outer","Parallel Aware": false,"Async Capable": false,"Alias": "revenue0","Startup Cost": 124862.86,"Total Cost": 125013.47,"Plan Rows": 50,"Plan Width": 36,"Actual Startup Time": 2012.310,"Actual Total Time": 2018.289,"Actual Rows": 1,"Actual Loops": 1,"Plans": [{"Node Type": "Aggregate","Strategy": "Hashed","Partial Mode": "Simple","Parent Relationship": "Subquery","Parallel Aware": false,"Async Capable": false,"Startup Cost": 124862.86,"Total Cost": 125012.97,"Plan Rows": 50,"Plan Width": 36,"Actual Startup Time": 2012.297,"Actual Total Time": 2018.253,"Actual Rows": 1,"Actual Loops": 1,"Group Key": ["lineitem.l_suppkey"],"Filter": "(sum((lineitem.l_extendedprice * ('1'::numeric - lineitem.l_discount))) = $0)","Planned Partitions": 0,"HashAgg Batches": 1,"Peak Memory Usage": 4497,"Disk Usage": 0,"Rows Removed by Filter": 9999,"Plans": [{"Node Type": "Bitmap Heap Scan","Parent Relationship": "Outer","Parallel Aware": false,"Async Capable": false,"Relation Name": "lineitem","Alias": "lineitem","Startup Cost": 6263.81,"Total Cost": 122424.44,"Plan Rows": 243842,"Plan Width": 16,"Actual Startup Time": 47.520,"Actual Total Time": 900.245,"Actual Rows": 231712,"Actual Loops": 1,"Recheck Cond": "((l_shipdate >= '1995-03-01'::date) AND (l_shipdate < '1995-06-01 00:00:00'::timestamp without time zone))","Rows Removed by Index Recheck": 0,"Exact Heap Blocks": 67567,"Lossy Heap Blocks": 0,"Plans": [{"Node Type": "Bitmap Index Scan","Parent Relationship": "Outer","Parallel Aware": false,"Async Capable": false,"Index Name": "idx_lineitem_shipdate","Startup Cost": 0.00,"Total Cost": 6202.85,"Plan Rows": 243842,"Plan Width": 0,"Actual Startup Time": 34.598,"Actual Total Time": 34.600,"Actual Rows": 231712,"Actual Loops": 1,"Index Cond": "((l_shipdate >= '1995-03-01'::date) AND (l_shipdate < '1995-06-01 00:00:00'::timestamp without time zone))"}]}]}]}]}]},"Planning Time": 4.581,"Triggers": [],"Execution Time": 2027.411}]
[{"Plan": {"Node Type": "Merge Join","Parallel Aware": false,"Async Capable": false,"Join Type": "Inner","Startup Cost": 249295.94,"Total Cost": 249816.84,"Plan Rows": 50,"Plan Width": 103,"Actual Startup Time": 2107.893,"Actual Total Time": 2107.941,"Actual Rows": 1,"Actual Loops": 1,"Inner Unique": true,"Merge Cond": "(supplier.s_suppkey = revenue0.supplier_no)","Plans": [{"Node Type": "Aggregate","Strategy": "Plain","Partial Mode": "Simple","Parent Relationship": "InitPlan","Subplan Name": "InitPlan 1 (returns $0)","Parallel Aware": false,"Async Capable": false,"Startup Cost": 124696.90,"Total Cost": 124696.91,"Plan Rows": 1,"Plan Width": 32,"Actual Startup Time": 955.446,"Actual Total Time": 955.454,"Actual Rows": 1,"Actual Loops": 1,"Plans": [{"Node Type": "Aggregate","Strategy": "Hashed","Partial Mode": "Simple","Parent Relationship": "Outer","Parallel Aware": false,"Async Capable": false,"Startup Cost": 124446.73,"Total Cost": 124571.81,"Plan Rows": 10007,"Plan Width": 36,"Actual Startup Time": 947.982,"Actual Total Time": 954.846,"Actual Rows": 10000,"Actual Loops": 1,"Group Key": ["lineitem_1.l_suppkey"],"Planned Partitions": 0,"HashAgg Batches": 1,"Peak Memory Usage": 4497,"Disk Usage": 0,"Plans": [{"Node Type": "Bitmap Heap Scan","Parent Relationship": "Outer","Parallel Aware": false,"Async Capable": false,"Relation Name": "lineitem","Alias": "lineitem_1","Startup Cost": 6052.03,"Total Cost": 122090.05,"Plan Rows": 235668,"Plan Width": 16,"Actual Startup Time": 70.238,"Actual Total Time": 801.015,"Actual Rows": 228673,"Actual Loops": 1,"Recheck Cond": "((l_shipdate >= '1996-09-01'::date) AND (l_shipdate < '1996-12-01 00:00:00'::timestamp without time zone))","Rows Removed by Index Recheck": 0,"Exact Heap Blocks": 67144,"Lossy Heap Blocks": 0,"Plans": [{"Node Type": "Bitmap Index Scan","Parent Relationship": "Outer","Parallel Aware": false,"Async Capable": false,"Index Name": "idx_lineitem_shipdate","Startup Cost": 0.00,"Total Cost": 5993.11,"Plan Rows": 235668,"Plan Width": 0,"Actual Startup Time": 56.242,"Actual Total Time": 56.247,"Actual Rows": 228673,"Actual Loops": 1,"Index Cond": "((l_shipdate >= '1996-09-01'::date) AND (l_shipdate < '1996-12-01 00:00:00'::timestamp without time zone))"}]}]}]},{"Node Type": "Index Scan","Parent Relationship": "Outer","Parallel Aware": false,"Async Capable": false,"Scan Direction": "Forward","Index Name": "supplier_pkey","Relation Name": "supplier","Alias": "supplier","Startup Cost": 0.29,"Total Cost": 495.43,"Plan Rows": 10000,"Plan Width": 71,"Actual Startup Time": 0.093,"Actual Total Time": 7.858,"Actual Rows": 4994,"Actual Loops": 1},{"Node Type": "Sort","Parent Relationship": "Inner","Parallel Aware": false,"Async Capable": false,"Startup Cost": 124598.74,"Total Cost": 124598.87,"Plan Rows": 50,"Plan Width": 36,"Actual Startup Time": 2099.718,"Actual Total Time": 2099.739,"Actual Rows": 1,"Actual Loops": 1,"Sort Key": ["revenue0.supplier_no"],"Sort Method": "quicksort","Sort Space Used": 25,"Sort Space Type": "Memory","Plans": [{"Node Type": "Subquery Scan","Parent Relationship": "Outer","Parallel Aware": false,"Async Capable": false,"Alias": "revenue0","Startup Cost": 124446.73,"Total Cost": 124597.33,"Plan Rows": 50,"Plan Width": 36,"Actual Startup Time": 2069.111,"Actual Total Time": 2099.684,"Actual Rows": 1,"Actual Loops": 1,"Plans": [{"Node Type": "Aggregate","Strategy": "Hashed","Partial Mode": "Simple","Parent Relationship": "Subquery","Parallel Aware": false,"Async Capable": false,"Startup Cost": 124446.73,"Total Cost": 124596.83,"Plan Rows": 50,"Plan Width": 36,"Actual Startup Time": 2069.102,"Actual Total Time": 2099.662,"Actual Rows": 1,"Actual Loops": 1,"Group Key": ["lineitem.l_suppkey"],"Filter": "(sum((lineitem.l_extendedprice * ('1'::numeric - lineitem.l_discount))) = $0)","Planned Partitions": 0,"HashAgg Batches": 1,"Peak Memory Usage": 4497,"Disk Usage": 0,"Rows Removed by Filter": 9999,"Plans": [{"Node Type": "Bitmap Heap Scan","Parent Relationship": "Outer","Parallel Aware": false,"Async Capable": false,"Relation Name": "lineitem","Alias": "lineitem","Startup Cost": 6052.03,"Total Cost": 122090.05,"Plan Rows": 235668,"Plan Width": 16,"Actual Startup Time": 68.656,"Actual Total Time": 947.522,"Actual Rows": 228673,"Actual Loops": 1,"Recheck Cond": "((l_shipdate >= '1996-09-01'::date) AND (l_shipdate < '1996-12-01 00:00:00'::timestamp without time zone))","Rows Removed by Index Recheck": 0,"Exact Heap Blocks": 67144,"Lossy Heap Blocks": 0,"Plans": [{"Node Type": "Bitmap Index Scan","Parent Relationship": "Outer","Parallel Aware": false,"Async Capable": false,"Index Name": "idx_lineitem_shipdate","Startup Cost": 0.00,"Total Cost": 5993.11,"Plan Rows": 235668,"Plan Width": 0,"Actual Startup Time": 54.893,"Actual Total Time": 54.895,"Actual Rows": 228673,"Actual Loops": 1,"Index Cond": "((l_shipdate >= '1996-09-01'::date) AND (l_shipdate < '1996-12-01 00:00:00'::timestamp without time zone))"}]}]}]}]}]},"Planning Time": 5.183,"Triggers": [],"Execution Time": 2113.434}]
[{"Plan": {"Node Type": "Merge Join","Parallel Aware": false,"Async Capable": false,"Join Type": "Inner","Startup Cost": 248695.00,"Total Cost": 249215.90,"Plan Rows": 50,"Plan Width": 103,"Actual Startup Time": 2082.592,"Actual Total Time": 2082.640,"Actual Rows": 1,"Actual Loops": 1,"Inner Unique": true,"Merge Cond": "(supplier.s_suppkey = revenue0.supplier_no)","Plans": [{"Node Type": "Aggregate","Strategy": "Plain","Partial Mode": "Simple","Parent Relationship": "InitPlan","Subplan Name": "InitPlan 1 (returns $0)","Parallel Aware": false,"Async Capable": false,"Startup Cost": 124396.43,"Total Cost": 124396.44,"Plan Rows": 1,"Plan Width": 32,"Actual Startup Time": 946.403,"Actual Total Time": 946.419,"Actual Rows": 1,"Actual Loops": 1,"Plans": [{"Node Type": "Aggregate","Strategy": "Hashed","Partial Mode": "Simple","Parent Relationship": "Outer","Parallel Aware": false,"Async Capable": false,"Startup Cost": 124146.26,"Total Cost": 124271.35,"Plan Rows": 10007,"Plan Width": 36,"Actual Startup Time": 938.935,"Actual Total Time": 945.817,"Actual Rows": 10000,"Actual Loops": 1,"Group Key": ["lineitem_1.l_suppkey"],"Planned Partitions": 0,"HashAgg Batches": 1,"Peak Memory Usage": 4497,"Disk Usage": 0,"Plans": [{"Node Type": "Bitmap Heap Scan","Parent Relationship": "Outer","Parallel Aware": false,"Async Capable": false,"Relation Name": "lineitem","Alias": "lineitem_1","Startup Cost": 5899.41,"Total Cost": 121848.72,"Plan Rows": 229754,"Plan Width": 16,"Actual Startup Time": 59.759,"Actual Total Time": 793.376,"Actual Rows": 228921,"Actual Loops": 1,"Recheck Cond": "((l_shipdate >= '1996-03-01'::date) AND (l_shipdate < '1996-06-01 00:00:00'::timestamp without time zone))","Rows Removed by Index Recheck": 0,"Exact Heap Blocks": 67056,"Lossy Heap Blocks": 0,"Plans": [{"Node Type": "Bitmap Index Scan","Parent Relationship": "Outer","Parallel Aware": false,"Async Capable": false,"Index Name": "idx_lineitem_shipdate","Startup Cost": 0.00,"Total Cost": 5841.97,"Plan Rows": 229754,"Plan Width": 0,"Actual Startup Time": 45.910,"Actual Total Time": 45.916,"Actual Rows": 228921,"Actual Loops": 1,"Index Cond": "((l_shipdate >= '1996-03-01'::date) AND (l_shipdate < '1996-06-01 00:00:00'::timestamp without time zone))"}]}]}]},{"Node Type": "Index Scan","Parent Relationship": "Outer","Parallel Aware": false,"Async Capable": false,"Scan Direction": "Forward","Index Name": "supplier_pkey","Relation Name": "supplier","Alias": "supplier","Startup Cost": 0.29,"Total Cost": 495.43,"Plan Rows": 10000,"Plan Width": 71,"Actual Startup Time": 0.102,"Actual Total Time": 2.838,"Actual Rows": 1506,"Actual Loops": 1},{"Node Type": "Sort","Parent Relationship": "Inner","Parallel Aware": false,"Async Capable": false,"Startup Cost": 124298.27,"Total Cost": 124298.40,"Plan Rows": 50,"Plan Width": 36,"Actual Startup Time": 2079.634,"Actual Total Time": 2079.648,"Actual Rows": 1,"Actual Loops": 1,"Sort Key": ["revenue0.supplier_no"],"Sort Method": "quicksort","Sort Space Used": 25,"Sort Space Type": "Memory","Plans": [{"Node Type": "Subquery Scan","Parent Relationship": "Outer","Parallel Aware": false,"Async Capable": false,"Alias": "revenue0","Startup Cost": 124146.26,"Total Cost": 124296.86,"Plan Rows": 50,"Plan Width": 36,"Actual Startup Time": 2064.713,"Actual Total Time": 2079.612,"Actual Rows": 1,"Actual Loops": 1,"Plans": [{"Node Type": "Aggregate","Strategy": "Hashed","Partial Mode": "Simple","Parent Relationship": "Subquery","Parallel Aware": false,"Async Capable": false,"Startup Cost": 124146.26,"Total Cost": 124296.36,"Plan Rows": 50,"Plan Width": 36,"Actual Startup Time": 2064.706,"Actual Total Time": 2079.603,"Actual Rows": 1,"Actual Loops": 1,"Group Key": ["lineitem.l_suppkey"],"Filter": "(sum((lineitem.l_extendedprice * ('1'::numeric - lineitem.l_discount))) = $0)","Planned Partitions": 0,"HashAgg Batches": 1,"Peak Memory Usage": 4497,"Disk Usage": 0,"Rows Removed by Filter": 9999,"Plans": [{"Node Type": "Bitmap Heap Scan","Parent Relationship": "Outer","Parallel Aware": false,"Async Capable": false,"Relation Name": "lineitem","Alias": "lineitem","Startup Cost": 5899.41,"Total Cost": 121848.72,"Plan Rows": 229754,"Plan Width": 16,"Actual Startup Time": 56.873,"Actual Total Time": 935.993,"Actual Rows": 228921,"Actual Loops": 1,"Recheck Cond": "((l_shipdate >= '1996-03-01'::date) AND (l_shipdate < '1996-06-01 00:00:00'::timestamp without time zone))","Rows Removed by Index Recheck": 0,"Exact Heap Blocks": 67056,"Lossy Heap Blocks": 0,"Plans": [{"Node Type": "Bitmap Index Scan","Parent Relationship": "Outer","Parallel Aware": false,"Async Capable": false,"Index Name": "idx_lineitem_shipdate","Startup Cost": 0.00,"Total Cost": 5841.97,"Plan Rows": 229754,"Plan Width": 0,"Actual Startup Time": 43.119,"Actual Total Time": 43.123,"Actual Rows": 228921,"Actual Loops": 1,"Index Cond": "((l_shipdate >= '1996-03-01'::date) AND (l_shipdate < '1996-06-01 00:00:00'::timestamp without time zone))"}]}]}]}]}]},"Planning Time": 4.992,"Triggers": [],"Execution Time": 2086.750}]
[{"Plan": {"Node Type": "Merge Join","Parallel Aware": false,"Async Capable": false,"Join Type": "Inner","Startup Cost": 249007.37,"Total Cost": 249528.27,"Plan Rows": 50,"Plan Width": 103,"Actual Startup Time": 1950.290,"Actual Total Time": 1950.325,"Actual Rows": 1,"Actual Loops": 1,"Inner Unique": true,"Merge Cond": "(supplier.s_suppkey = revenue0.supplier_no)","Plans": [{"Node Type": "Aggregate","Strategy": "Plain","Partial Mode": "Simple","Parent Relationship": "InitPlan","Subplan Name": "InitPlan 1 (returns $0)","Parallel Aware": false,"Async Capable": false,"Startup Cost": 124552.62,"Total Cost": 124552.63,"Plan Rows": 1,"Plan Width": 32,"Actual Startup Time": 860.884,"Actual Total Time": 860.896,"Actual Rows": 1,"Actual Loops": 1,"Plans": [{"Node Type": "Aggregate","Strategy": "Hashed","Partial Mode": "Simple","Parent Relationship": "Outer","Parallel Aware": false,"Async Capable": false,"Startup Cost": 124302.44,"Total Cost": 124427.53,"Plan Rows": 10007,"Plan Width": 36,"Actual Startup Time": 850.275,"Actual Total Time": 860.310,"Actual Rows": 10000,"Actual Loops": 1,"Group Key": ["lineitem_1.l_suppkey"],"Planned Partitions": 0,"HashAgg Batches": 1,"Peak Memory Usage": 4497,"Disk Usage": 0,"Plans": [{"Node Type": "Bitmap Heap Scan","Parent Relationship": "Outer","Parallel Aware": false,"Async Capable": false,"Relation Name": "lineitem","Alias": "lineitem_1","Startup Cost": 5978.87,"Total Cost": 121974.21,"Plan Rows": 232823,"Plan Width": 16,"Actual Startup Time": 57.996,"Actual Total Time": 682.359,"Actual Rows": 230989,"Actual Loops": 1,"Recheck Cond": "((l_shipdate >= '1996-11-01'::date) AND (l_shipdate < '1997-02-01 00:00:00'::timestamp without time zone))","Rows Removed by Index Recheck": 0,"Exact Heap Blocks": 67204,"Lossy Heap Blocks": 0,"Plans": [{"Node Type": "Bitmap Index Scan","Parent Relationship": "Outer","Parallel Aware": false,"Async Capable": false,"Index Name": "idx_lineitem_shipdate","Startup Cost": 0.00,"Total Cost": 5920.66,"Plan Rows": 232823,"Plan Width": 0,"Actual Startup Time": 43.736,"Actual Total Time": 43.740,"Actual Rows": 230989,"Actual Loops": 1,"Index Cond": "((l_shipdate >= '1996-11-01'::date) AND (l_shipdate < '1997-02-01 00:00:00'::timestamp without time zone))"}]}]}]},{"Node Type": "Index Scan","Parent Relationship": "Outer","Parallel Aware": false,"Async Capable": false,"Scan Direction": "Forward","Index Name": "supplier_pkey","Relation Name": "supplier","Alias": "supplier","Startup Cost": 0.29,"Total Cost": 495.43,"Plan Rows": 10000,"Plan Width": 71,"Actual Startup Time": 0.101,"Actual Total Time": 0.973,"Actual Rows": 483,"Actual Loops": 1},{"Node Type": "Sort","Parent Relationship": "Inner","Parallel Aware": false,"Async Capable": false,"Startup Cost": 124454.46,"Total Cost": 124454.58,"Plan Rows": 50,"Plan Width": 36,"Actual Startup Time": 1949.248,"Actual Total Time": 1949.262,"Actual Rows": 1,"Actual Loops": 1,"Sort Key": ["revenue0.supplier_no"],"Sort Method": "quicksort","Sort Space Used": 25,"Sort Space Type": "Memory","Plans": [{"Node Type": "Subquery Scan","Parent Relationship": "Outer","Parallel Aware": false,"Async Capable": false,"Alias": "revenue0","Startup Cost": 124302.44,"Total Cost": 124453.05,"Plan Rows": 50,"Plan Width": 36,"Actual Startup Time": 1948.543,"Actual Total Time": 1949.217,"Actual Rows": 1,"Actual Loops": 1,"Plans": [{"Node Type": "Aggregate","Strategy": "Hashed","Partial Mode": "Simple","Parent Relationship": "Subquery","Parallel Aware": false,"Async Capable": false,"Startup Cost": 124302.44,"Total Cost": 124452.55,"Plan Rows": 50,"Plan Width": 36,"Actual Startup Time": 1948.534,"Actual Total Time": 1949.205,"Actual Rows": 1,"Actual Loops": 1,"Group Key": ["lineitem.l_suppkey"],"Filter": "(sum((lineitem.l_extendedprice * ('1'::numeric - lineitem.l_discount))) = $0)","Planned Partitions": 0,"HashAgg Batches": 1,"Peak Memory Usage": 4497,"Disk Usage": 0,"Rows Removed by Filter": 9999,"Plans": [{"Node Type": "Bitmap Heap Scan","Parent Relationship": "Outer","Parallel Aware": false,"Async Capable": false,"Relation Name": "lineitem","Alias": "lineitem","Startup Cost": 5978.87,"Total Cost": 121974.21,"Plan Rows": 232823,"Plan Width": 16,"Actual Startup Time": 57.232,"Actual Total Time": 886.042,"Actual Rows": 230989,"Actual Loops": 1,"Recheck Cond": "((l_shipdate >= '1996-11-01'::date) AND (l_shipdate < '1997-02-01 00:00:00'::timestamp without time zone))","Rows Removed by Index Recheck": 0,"Exact Heap Blocks": 67204,"Lossy Heap Blocks": 0,"Plans": [{"Node Type": "Bitmap Index Scan","Parent Relationship": "Outer","Parallel Aware": false,"Async Capable": false,"Index Name": "idx_lineitem_shipdate","Startup Cost": 0.00,"Total Cost": 5920.66,"Plan Rows": 232823,"Plan Width": 0,"Actual Startup Time": 43.557,"Actual Total Time": 43.561,"Actual Rows": 230989,"Actual Loops": 1,"Index Cond": "((l_shipdate >= '1996-11-01'::date) AND (l_shipdate < '1997-02-01 00:00:00'::timestamp without time zone))"}]}]}]}]}]},"Planning Time": 4.611,"Triggers": [],"Execution Time": 1953.473}]
[{"Plan": {"Node Type": "Merge Join","Parallel Aware": false,"Async Capable": false,"Join Type": "Inner","Startup Cost": 249919.13,"Total Cost": 250440.03,"Plan Rows": 50,"Plan Width": 103,"Actual Startup Time": 1938.438,"Actual Total Time": 1938.484,"Actual Rows": 1,"Actual Loops": 1,"Inner Unique": true,"Merge Cond": "(supplier.s_suppkey = revenue0.supplier_no)","Plans": [{"Node Type": "Aggregate","Strategy": "Plain","Partial Mode": "Simple","Parent Relationship": "InitPlan","Subplan Name": "InitPlan 1 (returns $0)","Parallel Aware": false,"Async Capable": false,"Startup Cost": 125008.50,"Total Cost": 125008.51,"Plan Rows": 1,"Plan Width": 32,"Actual Startup Time": 846.218,"Actual Total Time": 846.240,"Actual Rows": 1,"Actual Loops": 1,"Plans": [{"Node Type": "Aggregate","Strategy": "Hashed","Partial Mode": "Simple","Parent Relationship": "Outer","Parallel Aware": false,"Async Capable": false,"Startup Cost": 124758.32,"Total Cost": 124883.41,"Plan Rows": 10007,"Plan Width": 36,"Actual Startup Time": 837.029,"Actual Total Time": 845.645,"Actual Rows": 10000,"Actual Loops": 1,"Group Key": ["lineitem_1.l_suppkey"],"Planned Partitions": 0,"HashAgg Batches": 1,"Peak Memory Usage": 4497,"Disk Usage": 0,"Plans": [{"Node Type": "Bitmap Heap Scan","Parent Relationship": "Outer","Parallel Aware": false,"Async Capable": false,"Relation Name": "lineitem","Alias": "lineitem_1","Startup Cost": 6210.72,"Total Cost": 122340.48,"Plan Rows": 241784,"Plan Width": 16,"Actual Startup Time": 57.576,"Actual Total Time": 672.754,"Actual Rows": 227694,"Actual Loops": 1,"Recheck Cond": "((l_shipdate >= '1993-05-01'::date) AND (l_shipdate < '1993-08-01 00:00:00'::timestamp without time zone))","Rows Removed by Index Recheck": 0,"Exact Heap Blocks": 66876,"Lossy Heap Blocks": 0,"Plans": [{"Node Type": "Bitmap Index Scan","Parent Relationship": "Outer","Parallel Aware": false,"Async Capable": false,"Index Name": "idx_lineitem_shipdate","Startup Cost": 0.00,"Total Cost": 6150.27,"Plan Rows": 241784,"Plan Width": 0,"Actual Startup Time": 44.048,"Actual Total Time": 44.059,"Actual Rows": 227694,"Actual Loops": 1,"Index Cond": "((l_shipdate >= '1993-05-01'::date) AND (l_shipdate < '1993-08-01 00:00:00'::timestamp without time zone))"}]}]}]},{"Node Type": "Index Scan","Parent Relationship": "Outer","Parallel Aware": false,"Async Capable": false,"Scan Direction": "Forward","Index Name": "supplier_pkey","Relation Name": "supplier","Alias": "supplier","Startup Cost": 0.29,"Total Cost": 495.43,"Plan Rows": 10000,"Plan Width": 71,"Actual Startup Time": 0.103,"Actual Total Time": 9.443,"Actual Rows": 5891,"Actual Loops": 1},{"Node Type": "Sort","Parent Relationship": "Inner","Parallel Aware": false,"Async Capable": false,"Startup Cost": 124910.34,"Total Cost": 124910.46,"Plan Rows": 50,"Plan Width": 36,"Actual Startup Time": 1928.643,"Actual Total Time": 1928.657,"Actual Rows": 1,"Actual Loops": 1,"Sort Key": ["revenue0.supplier_no"],"Sort Method": "quicksort","Sort Space Used": 25,"Sort Space Type": "Memory","Plans": [{"Node Type": "Subquery Scan","Parent Relationship": "Outer","Parallel Aware": false,"Async Capable": false,"Alias": "revenue0","Startup Cost": 124758.32,"Total Cost": 124908.93,"Plan Rows": 50,"Plan Width": 36,"Actual Startup Time": 1917.063,"Actual Total Time": 1928.619,"Actual Rows": 1,"Actual Loops": 1,"Plans": [{"Node Type": "Aggregate","Strategy": "Hashed","Partial Mode": "Simple","Parent Relationship": "Subquery","Parallel Aware": false,"Async Capable": false,"Startup Cost": 124758.32,"Total Cost": 124908.43,"Plan Rows": 50,"Plan Width": 36,"Actual Startup Time": 1917.055,"Actual Total Time": 1928.608,"Actual Rows": 1,"Actual Loops": 1,"Group Key": ["lineitem.l_suppkey"],"Filter": "(sum((lineitem.l_extendedprice * ('1'::numeric - lineitem.l_discount))) = $0)","Planned Partitions": 0,"HashAgg Batches": 1,"Peak Memory Usage": 4497,"Disk Usage": 0,"Rows Removed by Filter": 9999,"Plans": [{"Node Type": "Bitmap Heap Scan","Parent Relationship": "Outer","Parallel Aware": false,"Async Capable": false,"Relation Name": "lineitem","Alias": "lineitem","Startup Cost": 6210.72,"Total Cost": 122340.48,"Plan Rows": 241784,"Plan Width": 16,"Actual Startup Time": 59.880,"Actual Total Time": 887.270,"Actual Rows": 227694,"Actual Loops": 1,"Recheck Cond": "((l_shipdate >= '1993-05-01'::date) AND (l_shipdate < '1993-08-01 00:00:00'::timestamp without time zone))","Rows Removed by Index Recheck": 0,"Exact Heap Blocks": 66876,"Lossy Heap Blocks": 0,"Plans": [{"Node Type": "Bitmap Index Scan","Parent Relationship": "Outer","Parallel Aware": false,"Async Capable": false,"Index Name": "idx_lineitem_shipdate","Startup Cost": 0.00,"Total Cost": 6150.27,"Plan Rows": 241784,"Plan Width": 0,"Actual Startup Time": 46.380,"Actual Total Time": 46.383,"Actual Rows": 227694,"Actual Loops": 1,"Index Cond": "((l_shipdate >= '1993-05-01'::date) AND (l_shipdate < '1993-08-01 00:00:00'::timestamp without time zone))"}]}]}]}]}]},"Planning Time": 5.126,"Triggers": [],"Execution Time": 1942.320}]
[{"Plan": {"Node Type": "Merge Join","Parallel Aware": false,"Async Capable": false,"Join Type": "Inner","Startup Cost": 248551.02,"Total Cost": 249071.91,"Plan Rows": 50,"Plan Width": 103,"Actual Startup Time": 2077.002,"Actual Total Time": 2077.041,"Actual Rows": 1,"Actual Loops": 1,"Inner Unique": true,"Merge Cond": "(supplier.s_suppkey = revenue0.supplier_no)","Plans": [{"Node Type": "Aggregate","Strategy": "Plain","Partial Mode": "Simple","Parent Relationship": "InitPlan","Subplan Name": "InitPlan 1 (returns $0)","Parallel Aware": false,"Async Capable": false,"Startup Cost": 124324.44,"Total Cost": 124324.45,"Plan Rows": 1,"Plan Width": 32,"Actual Startup Time": 940.828,"Actual Total Time": 940.836,"Actual Rows": 1,"Actual Loops": 1,"Plans": [{"Node Type": "Aggregate","Strategy": "Hashed","Partial Mode": "Simple","Parent Relationship": "Outer","Parallel Aware": false,"Async Capable": false,"Startup Cost": 124074.27,"Total Cost": 124199.35,"Plan Rows": 10007,"Plan Width": 36,"Actual Startup Time": 933.956,"Actual Total Time": 940.235,"Actual Rows": 10000,"Actual Loops": 1,"Group Key": ["lineitem_1.l_suppkey"],"Planned Partitions": 0,"HashAgg Batches": 1,"Peak Memory Usage": 4497,"Disk Usage": 0,"Plans": [{"Node Type": "Bitmap Heap Scan","Parent Relationship": "Outer","Parallel Aware": false,"Async Capable": false,"Relation Name": "lineitem","Alias": "lineitem_1","Startup Cost": 5864.29,"Total Cost": 121791.48,"Plan Rows": 228279,"Plan Width": 16,"Actual Startup Time": 57.693,"Actual Total Time": 782.351,"Actual Rows": 227548,"Actual Loops": 1,"Recheck Cond": "((l_shipdate >= '1993-09-01'::date) AND (l_shipdate < '1993-12-01 00:00:00'::timestamp without time zone))","Rows Removed by Index Recheck": 0,"Exact Heap Blocks": 67057,"Lossy Heap Blocks": 0,"Plans": [{"Node Type": "Bitmap Index Scan","Parent Relationship": "Outer","Parallel Aware": false,"Async Capable": false,"Index Name": "idx_lineitem_shipdate","Startup Cost": 0.00,"Total Cost": 5807.22,"Plan Rows": 228279,"Plan Width": 0,"Actual Startup Time": 43.540,"Actual Total Time": 43.543,"Actual Rows": 227548,"Actual Loops": 1,"Index Cond": "((l_shipdate >= '1993-09-01'::date) AND (l_shipdate < '1993-12-01 00:00:00'::timestamp without time zone))"}]}]}]},{"Node Type": "Index Scan","Parent Relationship": "Outer","Parallel Aware": false,"Async Capable": false,"Scan Direction": "Forward","Index Name": "supplier_pkey","Relation Name": "supplier","Alias": "supplier","Startup Cost": 0.29,"Total Cost": 495.43,"Plan Rows": 10000,"Plan Width": 71,"Actual Startup Time": 0.062,"Actual Total Time": 10.969,"Actual Rows": 6952,"Actual Loops": 1},{"Node Type": "Sort","Parent Relationship": "Inner","Parallel Aware": false,"Async Capable": false,"Startup Cost": 124226.28,"Total Cost": 124226.41,"Plan Rows": 50,"Plan Width": 36,"Actual Startup Time": 2065.641,"Actual Total Time": 2065.657,"Actual Rows": 1,"Actual Loops": 1,"Sort Key": ["revenue0.supplier_no"],"Sort Method": "quicksort","Sort Space Used": 25,"Sort Space Type": "Memory","Plans": [{"Node Type": "Subquery Scan","Parent Relationship": "Outer","Parallel Aware": false,"Async Capable": false,"Alias": "revenue0","Startup Cost": 124074.27,"Total Cost": 124224.87,"Plan Rows": 50,"Plan Width": 36,"Actual Startup Time": 2050.272,"Actual Total Time": 2065.610,"Actual Rows": 1,"Actual Loops": 1,"Plans": [{"Node Type": "Aggregate","Strategy": "Hashed","Partial Mode": "Simple","Parent Relationship": "Subquery","Parallel Aware": false,"Async Capable": false,"Startup Cost": 124074.27,"Total Cost": 124224.37,"Plan Rows": 50,"Plan Width": 36,"Actual Startup Time": 2050.266,"Actual Total Time": 2065.591,"Actual Rows": 1,"Actual Loops": 1,"Group Key": ["lineitem.l_suppkey"],"Filter": "(sum((lineitem.l_extendedprice * ('1'::numeric - lineitem.l_discount))) = $0)","Planned Partitions": 0,"HashAgg Batches": 1,"Peak Memory Usage": 4497,"Disk Usage": 0,"Rows Removed by Filter": 9999,"Plans": [{"Node Type": "Bitmap Heap Scan","Parent Relationship": "Outer","Parallel Aware": false,"Async Capable": false,"Relation Name": "lineitem","Alias": "lineitem","Startup Cost": 5864.29,"Total Cost": 121791.48,"Plan Rows": 228279,"Plan Width": 16,"Actual Startup Time": 56.453,"Actual Total Time": 929.176,"Actual Rows": 227548,"Actual Loops": 1,"Recheck Cond": "((l_shipdate >= '1993-09-01'::date) AND (l_shipdate < '1993-12-01 00:00:00'::timestamp without time zone))","Rows Removed by Index Recheck": 0,"Exact Heap Blocks": 67057,"Lossy Heap Blocks": 0,"Plans": [{"Node Type": "Bitmap Index Scan","Parent Relationship": "Outer","Parallel Aware": false,"Async Capable": false,"Index Name": "idx_lineitem_shipdate","Startup Cost": 0.00,"Total Cost": 5807.22,"Plan Rows": 228279,"Plan Width": 0,"Actual Startup Time": 42.721,"Actual Total Time": 42.723,"Actual Rows": 227548,"Actual Loops": 1,"Index Cond": "((l_shipdate >= '1993-09-01'::date) AND (l_shipdate < '1993-12-01 00:00:00'::timestamp without time zone))"}]}]}]}]}]},"Planning Time": 4.464,"Triggers": [],"Execution Time": 2081.593}]
[{"Plan": {"Node Type": "Merge Join","Parallel Aware": false,"Async Capable": false,"Join Type": "Inner","Startup Cost": 250128.21,"Total Cost": 250649.11,"Plan Rows": 50,"Plan Width": 103,"Actual Startup Time": 2022.562,"Actual Total Time": 2022.614,"Actual Rows": 1,"Actual Loops": 1,"Inner Unique": true,"Merge Cond": "(supplier.s_suppkey = revenue0.supplier_no)","Plans": [{"Node Type": "Aggregate","Strategy": "Plain","Partial Mode": "Simple","Parent Relationship": "InitPlan","Subplan Name": "InitPlan 1 (returns $0)","Parallel Aware": false,"Async Capable": false,"Startup Cost": 125113.04,"Total Cost": 125113.05,"Plan Rows": 1,"Plan Width": 32,"Actual Startup Time": 928.683,"Actual Total Time": 928.707,"Actual Rows": 1,"Actual Loops": 1,"Plans": [{"Node Type": "Aggregate","Strategy": "Hashed","Partial Mode": "Simple","Parent Relationship": "Outer","Parallel Aware": false,"Async Capable": false,"Startup Cost": 124862.86,"Total Cost": 124987.95,"Plan Rows": 10007,"Plan Width": 36,"Actual Startup Time": 922.246,"Actual Total Time": 928.037,"Actual Rows": 10000,"Actual Loops": 1,"Group Key": ["lineitem_1.l_suppkey"],"Planned Partitions": 0,"HashAgg Batches": 1,"Peak Memory Usage": 4497,"Disk Usage": 0,"Plans": [{"Node Type": "Bitmap Heap Scan","Parent Relationship": "Outer","Parallel Aware": false,"Async Capable": false,"Relation Name": "lineitem","Alias": "lineitem_1","Startup Cost": 6263.81,"Total Cost": 122424.44,"Plan Rows": 243842,"Plan Width": 16,"Actual Startup Time": 48.690,"Actual Total Time": 710.961,"Actual Rows": 231712,"Actual Loops": 1,"Recheck Cond": "((l_shipdate >= '1995-03-01'::date) AND (l_shipdate < '1995-06-01 00:00:00'::timestamp without time zone))","Rows Removed by Index Recheck": 0,"Exact Heap Blocks": 67567,"Lossy Heap Blocks": 0,"Plans": [{"Node Type": "Bitmap Index Scan","Parent Relationship": "Outer","Parallel Aware": false,"Async Capable": false,"Index Name": "idx_lineitem_shipdate","Startup Cost": 0.00,"Total Cost": 6202.85,"Plan Rows": 243842,"Plan Width": 0,"Actual Startup Time": 35.293,"Actual Total Time": 35.308,"Actual Rows": 231712,"Actual Loops": 1,"Index Cond": "((l_shipdate >= '1995-03-01'::date) AND (l_shipdate < '1995-06-01 00:00:00'::timestamp without time zone))"}]}]}]},{"Node Type": "Index Scan","Parent Relationship": "Outer","Parallel Aware": false,"Async Capable": false,"Scan Direction": "Forward","Index Name": "supplier_pkey","Relation Name": "supplier","Alias": "supplier","Startup Cost": 0.29,"Total Cost": 495.43,"Plan Rows": 10000,"Plan Width": 71,"Actual Startup Time": 0.085,"Actual Total Time": 4.032,"Actual Rows": 2389,"Actual Loops": 1},{"Node Type": "Sort","Parent Relationship": "Inner","Parallel Aware": false,"Async Capable": false,"Startup Cost": 125014.88,"Total Cost": 125015.00,"Plan Rows": 50,"Plan Width": 36,"Actual Startup Time": 2018.326,"Actual Total Time": 2018.343,"Actual Rows": 1,"Actual Loops": 1,"Sort Key": ["revenue0.supplier_no"],"Sort Method": "quicksort","Sort Space Used": 25,"Sort Space Type": "Memory","Plans": [{"Node Type": "Subquery Scan","Parent Relationship": "Outer","Parallel Aware": false,"Async Capable": false,"Alias": "revenue0","Startup Cost": 124862.86,"Total Cost": 125013.47,"Plan Rows": 50,"Plan Width": 36,"Actual Startup Time": 2012.310,"Actual Total Time": 2018.289,"Actual Rows": 1,"Actual Loops": 1,"Plans": [{"Node Type": "Aggregate","Strategy": "Hashed","Partial Mode": "Simple","Parent Relationship": "Subquery","Parallel Aware": false,"Async Capable": false,"Startup Cost": 124862.86,"Total Cost": 125012.97,"Plan Rows": 50,"Plan Width": 36,"Actual Startup Time": 2012.297,"Actual Total Time": 2018.253,"Actual Rows": 1,"Actual Loops": 1,"Group Key": ["lineitem.l_suppkey"],"Filter": "(sum((lineitem.l_extendedprice * ('1'::numeric - lineitem.l_discount))) = $0)","Planned Partitions": 0,"HashAgg Batches": 1,"Peak Memory Usage": 4497,"Disk Usage": 0,"Rows Removed by Filter": 9999,"Plans": [{"Node Type": "Bitmap Heap Scan","Parent Relationship": "Outer","Parallel Aware": false,"Async Capable": false,"Relation Name": "lineitem","Alias": "lineitem","Startup Cost": 6263.81,"Total Cost": 122424.44,"Plan Rows": 243842,"Plan Width": 16,"Actual Startup Time": 47.520,"Actual Total Time": 900.245,"Actual Rows": 231712,"Actual Loops": 1,"Recheck Cond": "((l_shipdate >= '1995-03-01'::date) AND (l_shipdate < '1995-06-01 00:00:00'::timestamp without time zone))","Rows Removed by Index Recheck": 0,"Exact Heap Blocks": 67567,"Lossy Heap Blocks": 0,"Plans": [{"Node Type": "Bitmap Index Scan","Parent Relationship": "Outer","Parallel Aware": false,"Async Capable": false,"Index Name": "idx_lineitem_shipdate","Startup Cost": 0.00,"Total Cost": 6202.85,"Plan Rows": 243842,"Plan Width": 0,"Actual Startup Time": 34.598,"Actual Total Time": 34.600,"Actual Rows": 231712,"Actual Loops": 1,"Index Cond": "((l_shipdate >= '1995-03-01'::date) AND (l_shipdate < '1995-06-01 00:00:00'::timestamp without time zone))"}]}]}]}]}]},"Planning Time": 4.581,"Triggers": [],"Execution Time": 2027.411}]
[{"Plan": {"Node Type": "Merge Join","Parallel Aware": false,"Async Capable": false,"Join Type": "Inner","Startup Cost": 248790.52,"Total Cost": 249311.42,"Plan Rows": 50,"Plan Width": 103,"Actual Startup Time": 1983.963,"Actual Total Time": 1983.999,"Actual Rows": 1,"Actual Loops": 1,"Inner Unique": true,"Merge Cond": "(supplier.s_suppkey = revenue0.supplier_no)","Plans": [{"Node Type": "Aggregate","Strategy": "Plain","Partial Mode": "Simple","Parent Relationship": "InitPlan","Subplan Name": "InitPlan 1 (returns $0)","Parallel Aware": false,"Async Capable": false,"Startup Cost": 124444.19,"Total Cost": 124444.20,"Plan Rows": 1,"Plan Width": 32,"Actual Startup Time": 870.346,"Actual Total Time": 870.363,"Actual Rows": 1,"Actual Loops": 1,"Plans": [{"Node Type": "Aggregate","Strategy": "Hashed","Partial Mode": "Simple","Parent Relationship": "Outer","Parallel Aware": false,"Async Capable": false,"Startup Cost": 124194.02,"Total Cost": 124319.10,"Plan Rows": 10007,"Plan Width": 36,"Actual Startup Time": 861.387,"Actual Total Time": 869.774,"Actual Rows": 10000,"Actual Loops": 1,"Group Key": ["lineitem_1.l_suppkey"],"Planned Partitions": 0,"HashAgg Batches": 1,"Peak Memory Usage": 4497,"Disk Usage": 0,"Plans": [{"Node Type": "Bitmap Heap Scan","Parent Relationship": "Outer","Parallel Aware": false,"Async Capable": false,"Relation Name": "lineitem","Alias": "lineitem_1","Startup Cost": 5924.65,"Total Cost": 121887.47,"Plan Rows": 230655,"Plan Width": 16,"Actual Startup Time": 48.641,"Actual Total Time": 688.563,"Actual Rows": 229970,"Actual Loops": 1,"Recheck Cond": "((l_shipdate >= '1997-05-01'::date) AND (l_shipdate < '1997-08-01 00:00:00'::timestamp without time zone))","Rows Removed by Index Recheck": 0,"Exact Heap Blocks": 67328,"Lossy Heap Blocks": 0,"Plans": [{"Node Type": "Bitmap Index Scan","Parent Relationship": "Outer","Parallel Aware": false,"Async Capable": false,"Index Name": "idx_lineitem_shipdate","Startup Cost": 0.00,"Total Cost": 5866.98,"Plan Rows": 230655,"Plan Width": 0,"Actual Startup Time": 35.373,"Actual Total Time": 35.379,"Actual Rows": 229970,"Actual Loops": 1,"Index Cond": "((l_shipdate >= '1997-05-01'::date) AND (l_shipdate < '1997-08-01 00:00:00'::timestamp without time zone))"}]}]}]},{"Node Type": "Index Scan","Parent Relationship": "Outer","Parallel Aware": false,"Async Capable": false,"Scan Direction": "Forward","Index Name": "supplier_pkey","Relation Name": "supplier","Alias": "supplier","Startup Cost": 0.29,"Total Cost": 495.43,"Plan Rows": 10000,"Plan Width": 71,"Actual Startup Time": 0.081,"Actual Total Time": 1.818,"Actual Rows": 977,"Actual Loops": 1},{"Node Type": "Sort","Parent Relationship": "Inner","Parallel Aware": false,"Async Capable": false,"Startup Cost": 124346.03,"Total Cost": 124346.16,"Plan Rows": 50,"Plan Width": 36,"Actual Startup Time": 1982.064,"Actual Total Time": 1982.074,"Actual Rows": 1,"Actual Loops": 1,"Sort Key": ["revenue0.supplier_no"],"Sort Method": "quicksort","Sort Space Used": 25,"Sort Space Type": "Memory","Plans": [{"Node Type": "Subquery Scan","Parent Relationship": "Outer","Parallel Aware": false,"Async Capable": false,"Alias": "revenue0","Startup Cost": 124194.02,"Total Cost": 124344.62,"Plan Rows": 50,"Plan Width": 36,"Actual Startup Time": 1977.425,"Actual Total Time": 1982.032,"Actual Rows": 1,"Actual Loops": 1,"Plans": [{"Node Type": "Aggregate","Strategy": "Hashed","Partial Mode": "Simple","Parent Relationship": "Subquery","Parallel Aware": false,"Async Capable": false,"Startup Cost": 124194.02,"Total Cost": 124344.12,"Plan Rows": 50,"Plan Width": 36,"Actual Startup Time": 1977.416,"Actual Total Time": 1982.019,"Actual Rows": 1,"Actual Loops": 1,"Group Key": ["lineitem.l_suppkey"],"Filter": "(sum((lineitem.l_extendedprice * ('1'::numeric - lineitem.l_discount))) = $0)","Planned Partitions": 0,"HashAgg Batches": 1,"Peak Memory Usage": 4497,"Disk Usage": 0,"Rows Removed by Filter": 9999,"Plans": [{"Node Type": "Bitmap Heap Scan","Parent Relationship": "Outer","Parallel Aware": false,"Async Capable": false,"Relation Name": "lineitem","Alias": "lineitem","Startup Cost": 5924.65,"Total Cost": 121887.47,"Plan Rows": 230655,"Plan Width": 16,"Actual Startup Time": 49.950,"Actual Total Time": 900.000,"Actual Rows": 229970,"Actual Loops": 1,"Recheck Cond": "((l_shipdate >= '1997-05-01'::date) AND (l_shipdate < '1997-08-01 00:00:00'::timestamp without time zone))","Rows Removed by Index Recheck": 0,"Exact Heap Blocks": 67328,"Lossy Heap Blocks": 0,"Plans": [{"Node Type": "Bitmap Index Scan","Parent Relationship": "Outer","Parallel Aware": false,"Async Capable": false,"Index Name": "idx_lineitem_shipdate","Startup Cost": 0.00,"Total Cost": 5866.98,"Plan Rows": 230655,"Plan Width": 0,"Actual Startup Time": 36.810,"Actual Total Time": 36.810,"Actual Rows": 229970,"Actual Loops": 1,"Index Cond": "((l_shipdate >= '1997-05-01'::date) AND (l_shipdate < '1997-08-01 00:00:00'::timestamp without time zone))"}]}]}]}]}]},"Planning Time": 5.469,"Triggers": [],"Execution Time": 1986.524}]
[{"Plan": {"Node Type": "Merge Join","Parallel Aware": false,"Async Capable": false,"Join Type": "Inner","Startup Cost": 248646.16,"Total Cost": 249167.06,"Plan Rows": 50,"Plan Width": 103,"Actual Startup Time": 2067.824,"Actual Total Time": 2067.872,"Actual Rows": 1,"Actual Loops": 1,"Inner Unique": true,"Merge Cond": "(supplier.s_suppkey = revenue0.supplier_no)","Plans": [{"Node Type": "Aggregate","Strategy": "Plain","Partial Mode": "Simple","Parent Relationship": "InitPlan","Subplan Name": "InitPlan 1 (returns $0)","Parallel Aware": false,"Async Capable": false,"Startup Cost": 124372.01,"Total Cost": 124372.02,"Plan Rows": 1,"Plan Width": 32,"Actual Startup Time": 931.824,"Actual Total Time": 931.838,"Actual Rows": 1,"Actual Loops": 1,"Plans": [{"Node Type": "Aggregate","Strategy": "Hashed","Partial Mode": "Simple","Parent Relationship": "Outer","Parallel Aware": false,"Async Capable": false,"Startup Cost": 124121.84,"Total Cost": 124246.93,"Plan Rows": 10007,"Plan Width": 36,"Actual Startup Time": 922.356,"Actual Total Time": 931.242,"Actual Rows": 10000,"Actual Loops": 1,"Group Key": ["lineitem_1.l_suppkey"],"Planned Partitions": 0,"HashAgg Batches": 1,"Peak Memory Usage": 4497,"Disk Usage": 0,"Plans": [{"Node Type": "Bitmap Heap Scan","Parent Relationship": "Outer","Parallel Aware": false,"Async Capable": false,"Relation Name": "lineitem","Alias": "lineitem_1","Startup Cost": 5886.63,"Total Cost": 121828.95,"Plan Rows": 229288,"Plan Width": 16,"Actual Startup Time": 58.527,"Actual Total Time": 775.769,"Actual Rows": 229065,"Actual Loops": 1,"Recheck Cond": "((l_shipdate >= '1994-08-01'::date) AND (l_shipdate < '1994-11-01 00:00:00'::timestamp without time zone))","Rows Removed by Index Recheck": 0,"Exact Heap Blocks": 67202,"Lossy Heap Blocks": 0,"Plans": [{"Node Type": "Bitmap Index Scan","Parent Relationship": "Outer","Parallel Aware": false,"Async Capable": false,"Index Name": "idx_lineitem_shipdate","Startup Cost": 0.00,"Total Cost": 5829.31,"Plan Rows": 229288,"Plan Width": 0,"Actual Startup Time": 45.025,"Actual Total Time": 45.031,"Actual Rows": 229065,"Actual Loops": 1,"Index Cond": "((l_shipdate >= '1994-08-01'::date) AND (l_shipdate < '1994-11-01 00:00:00'::timestamp without time zone))"}]}]}]},{"Node Type": "Index Scan","Parent Relationship": "Outer","Parallel Aware": false,"Async Capable": false,"Scan Direction": "Forward","Index Name": "supplier_pkey","Relation Name": "supplier","Alias": "supplier","Startup Cost": 0.29,"Total Cost": 495.43,"Plan Rows": 10000,"Plan Width": 71,"Actual Startup Time": 0.106,"Actual Total Time": 14.913,"Actual Rows": 9980,"Actual Loops": 1},{"Node Type": "Sort","Parent Relationship": "Inner","Parallel Aware": false,"Async Capable": false,"Startup Cost": 124273.86,"Total Cost": 124273.98,"Plan Rows": 50,"Plan Width": 36,"Actual Startup Time": 2052.345,"Actual Total Time": 2052.360,"Actual Rows": 1,"Actual Loops": 1,"Sort Key": ["revenue0.supplier_no"],"Sort Method": "quicksort","Sort Space Used": 25,"Sort Space Type": "Memory","Plans": [{"Node Type": "Subquery Scan","Parent Relationship": "Outer","Parallel Aware": false,"Async Capable": false,"Alias": "revenue0","Startup Cost": 124121.84,"Total Cost": 124272.44,"Plan Rows": 50,"Plan Width": 36,"Actual Startup Time": 2031.394,"Actual Total Time": 2052.312,"Actual Rows": 1,"Actual Loops": 1,"Plans": [{"Node Type": "Aggregate","Strategy": "Hashed","Partial Mode": "Simple","Parent Relationship": "Subquery","Parallel Aware": false,"Async Capable": false,"Startup Cost": 124121.84,"Total Cost": 124271.94,"Plan Rows": 50,"Plan Width": 36,"Actual Startup Time": 2031.385,"Actual Total Time": 2052.295,"Actual Rows": 1,"Actual Loops": 1,"Group Key": ["lineitem.l_suppkey"],"Filter": "(sum((lineitem.l_extendedprice * ('1'::numeric - lineitem.l_discount))) = $0)","Planned Partitions": 0,"HashAgg Batches": 1,"Peak Memory Usage": 4497,"Disk Usage": 0,"Rows Removed by Filter": 9999,"Plans": [{"Node Type": "Bitmap Heap Scan","Parent Relationship": "Outer","Parallel Aware": false,"Async Capable": false,"Relation Name": "lineitem","Alias": "lineitem","Startup Cost": 5886.63,"Total Cost": 121828.95,"Plan Rows": 229288,"Plan Width": 16,"Actual Startup Time": 54.472,"Actual Total Time": 926.953,"Actual Rows": 229065,"Actual Loops": 1,"Recheck Cond": "((l_shipdate >= '1994-08-01'::date) AND (l_shipdate < '1994-11-01 00:00:00'::timestamp without time zone))","Rows Removed by Index Recheck": 0,"Exact Heap Blocks": 67202,"Lossy Heap Blocks": 0,"Plans": [{"Node Type": "Bitmap Index Scan","Parent Relationship": "Outer","Parallel Aware": false,"Async Capable": false,"Index Name": "idx_lineitem_shipdate","Startup Cost": 0.00,"Total Cost": 5829.31,"Plan Rows": 229288,"Plan Width": 0,"Actual Startup Time": 41.071,"Actual Total Time": 41.073,"Actual Rows": 229065,"Actual Loops": 1,"Index Cond": "((l_shipdate >= '1994-08-01'::date) AND (l_shipdate < '1994-11-01 00:00:00'::timestamp without time zone))"}]}]}]}]}]},"Planning Time": 4.637,"Triggers": [],"Execution Time": 2073.259}]
[{"Plan": {"Node Type": "Merge Join","Parallel Aware": false,"Async Capable": false,"Join Type": "Inner","Startup Cost": 248479.68,"Total Cost": 249000.57,"Plan Rows": 50,"Plan Width": 103,"Actual Startup Time": 2053.100,"Actual Total Time": 2053.133,"Actual Rows": 1,"Actual Loops": 1,"Inner Unique": true,"Merge Cond": "(supplier.s_suppkey = revenue0.supplier_no)","Plans": [{"Node Type": "Aggregate","Strategy": "Plain","Partial Mode": "Simple","Parent Relationship": "InitPlan","Subplan Name": "InitPlan 1 (returns $0)","Parallel Aware": false,"Async Capable": false,"Startup Cost": 124288.77,"Total Cost": 124288.78,"Plan Rows": 1,"Plan Width": 32,"Actual Startup Time": 929.631,"Actual Total Time": 929.645,"Actual Rows": 1,"Actual Loops": 1,"Plans": [{"Node Type": "Aggregate","Strategy": "Hashed","Partial Mode": "Simple","Parent Relationship": "Outer","Parallel Aware": false,"Async Capable": false,"Startup Cost": 124038.60,"Total Cost": 124163.68,"Plan Rows": 10007,"Plan Width": 36,"Actual Startup Time": 921.618,"Actual Total Time": 929.055,"Actual Rows": 10000,"Actual Loops": 1,"Group Key": ["lineitem_1.l_suppkey"],"Planned Partitions": 0,"HashAgg Batches": 1,"Peak Memory Usage": 4497,"Disk Usage": 0,"Plans": [{"Node Type": "Bitmap Heap Scan","Parent Relationship": "Outer","Parallel Aware": false,"Async Capable": false,"Relation Name": "lineitem","Alias": "lineitem_1","Startup Cost": 5732.35,"Total Cost": 121806.48,"Plan Rows": 223211,"Plan Width": 16,"Actual Startup Time": 58.729,"Actual Total Time": 776.902,"Actual Rows": 224122,"Actual Loops": 1,"Recheck Cond": "((l_shipdate >= '1994-01-01'::date) AND (l_shipdate < '1994-04-01 00:00:00'::timestamp without time zone))","Rows Removed by Index Recheck": 0,"Exact Heap Blocks": 66544,"Lossy Heap Blocks": 0,"Plans": [{"Node Type": "Bitmap Index Scan","Parent Relationship": "Outer","Parallel Aware": false,"Async Capable": false,"Index Name": "idx_lineitem_shipdate","Startup Cost": 0.00,"Total Cost": 5676.54,"Plan Rows": 223211,"Plan Width": 0,"Actual Startup Time": 44.999,"Actual Total Time": 45.004,"Actual Rows": 224122,"Actual Loops": 1,"Index Cond": "((l_shipdate >= '1994-01-01'::date) AND (l_shipdate < '1994-04-01 00:00:00'::timestamp without time zone))"}]}]}]},{"Node Type": "Index Scan","Parent Relationship": "Outer","Parallel Aware": false,"Async Capable": false,"Scan Direction": "Forward","Index Name": "supplier_pkey","Relation Name": "supplier","Alias": "supplier","Startup Cost": 0.29,"Total Cost": 495.43,"Plan Rows": 10000,"Plan Width": 71,"Actual Startup Time": 0.106,"Actual Total Time": 4.039,"Actual Rows": 2328,"Actual Loops": 1},{"Node Type": "Sort","Parent Relationship": "Inner","Parallel Aware": false,"Async Capable": false,"Startup Cost": 124190.61,"Total Cost": 124190.74,"Plan Rows": 50,"Plan Width": 36,"Actual Startup Time": 2048.905,"Actual Total Time": 2048.913,"Actual Rows": 1,"Actual Loops": 1,"Sort Key": ["revenue0.supplier_no"],"Sort Method": "quicksort","Sort Space Used": 25,"Sort Space Type": "Memory","Plans": [{"Node Type": "Subquery Scan","Parent Relationship": "Outer","Parallel Aware": false,"Async Capable": false,"Alias": "revenue0","Startup Cost": 124038.60,"Total Cost": 124189.20,"Plan Rows": 50,"Plan Width": 36,"Actual Startup Time": 2034.594,"Actual Total Time": 2048.883,"Actual Rows": 1,"Actual Loops": 1,"Plans": [{"Node Type": "Aggregate","Strategy": "Hashed","Partial Mode": "Simple","Parent Relationship": "Subquery","Parallel Aware": false,"Async Capable": false,"Startup Cost": 124038.60,"Total Cost": 124188.70,"Plan Rows": 50,"Plan Width": 36,"Actual Startup Time": 2034.588,"Actual Total Time": 2048.875,"Actual Rows": 1,"Actual Loops": 1,"Group Key": ["lineitem.l_suppkey"],"Filter": "(sum((lineitem.l_extendedprice * ('1'::numeric - lineitem.l_discount))) = $0)","Planned Partitions": 0,"HashAgg Batches": 1,"Peak Memory Usage": 4497,"Disk Usage": 0,"Rows Removed by Filter": 9999,"Plans": [{"Node Type": "Bitmap Heap Scan","Parent Relationship": "Outer","Parallel Aware": false,"Async Capable": false,"Relation Name": "lineitem","Alias": "lineitem","Startup Cost": 5732.35,"Total Cost": 121806.48,"Plan Rows": 223211,"Plan Width": 16,"Actual Startup Time": 54.443,"Actual Total Time": 924.226,"Actual Rows": 224122,"Actual Loops": 1,"Recheck Cond": "((l_shipdate >= '1994-01-01'::date) AND (l_shipdate < '1994-04-01 00:00:00'::timestamp without time zone))","Rows Removed by Index Recheck": 0,"Exact Heap Blocks": 66544,"Lossy Heap Blocks": 0,"Plans": [{"Node Type": "Bitmap Index Scan","Parent Relationship": "Outer","Parallel Aware": false,"Async Capable": false,"Index Name": "idx_lineitem_shipdate","Startup Cost": 0.00,"Total Cost": 5676.54,"Plan Rows": 223211,"Plan Width": 0,"Actual Startup Time": 40.756,"Actual Total Time": 40.756,"Actual Rows": 224122,"Actual Loops": 1,"Index Cond": "((l_shipdate >= '1994-01-01'::date) AND (l_shipdate < '1994-04-01 00:00:00'::timestamp without time zone))"}]}]}]}]}]},"Planning Time": 4.844,"Triggers": [],"Execution Time": 2058.211}]
[{"Plan": {"Node Type": "Merge Join","Parallel Aware": false,"Async Capable": false,"Join Type": "Inner","Startup Cost": 249012.02,"Total Cost": 249532.92,"Plan Rows": 50,"Plan Width": 103,"Actual Startup Time": 2119.244,"Actual Total Time": 2119.296,"Actual Rows": 1,"Actual Loops": 1,"Inner Unique": true,"Merge Cond": "(supplier.s_suppkey = revenue0.supplier_no)","Plans": [{"Node Type": "Aggregate","Strategy": "Plain","Partial Mode": "Simple","Parent Relationship": "InitPlan","Subplan Name": "InitPlan 1 (returns $0)","Parallel Aware": false,"Async Capable": false,"Startup Cost": 124554.94,"Total Cost": 124554.95,"Plan Rows": 1,"Plan Width": 32,"Actual Startup Time": 992.757,"Actual Total Time": 992.777,"Actual Rows": 1,"Actual Loops": 1,"Plans": [{"Node Type": "Aggregate","Strategy": "Hashed","Partial Mode": "Simple","Parent Relationship": "Outer","Parallel Aware": false,"Async Capable": false,"Startup Cost": 124304.77,"Total Cost": 124429.86,"Plan Rows": 10007,"Plan Width": 36,"Actual Startup Time": 985.158,"Actual Total Time": 992.112,"Actual Rows": 10000,"Actual Loops": 1,"Group Key": ["lineitem_1.l_suppkey"],"Planned Partitions": 0,"HashAgg Batches": 1,"Peak Memory Usage": 4497,"Disk Usage": 0,"Plans": [{"Node Type": "Bitmap Heap Scan","Parent Relationship": "Outer","Parallel Aware": false,"Async Capable": false,"Relation Name": "lineitem","Alias": "lineitem_1","Startup Cost": 5979.54,"Total Cost": 121975.88,"Plan Rows": 232889,"Plan Width": 16,"Actual Startup Time": 58.676,"Actual Total Time": 780.634,"Actual Rows": 229796,"Actual Loops": 1,"Recheck Cond": "((l_shipdate >= '1993-08-01'::date) AND (l_shipdate < '1993-11-01 00:00:00'::timestamp without time zone))","Rows Removed by Index Recheck": 0,"Exact Heap Blocks": 67184,"Lossy Heap Blocks": 0,"Plans": [{"Node Type": "Bitmap Index Scan","Parent Relationship": "Outer","Parallel Aware": false,"Async Capable": false,"Index Name": "idx_lineitem_shipdate","Startup Cost": 0.00,"Total Cost": 5921.32,"Plan Rows": 232889,"Plan Width": 0,"Actual Startup Time": 44.964,"Actual Total Time": 44.978,"Actual Rows": 229796,"Actual Loops": 1,"Index Cond": "((l_shipdate >= '1993-08-01'::date) AND (l_shipdate < '1993-11-01 00:00:00'::timestamp without time zone))"}]}]}]},{"Node Type": "Index Scan","Parent Relationship": "Outer","Parallel Aware": false,"Async Capable": false,"Scan Direction": "Forward","Index Name": "supplier_pkey","Relation Name": "supplier","Alias": "supplier","Startup Cost": 0.29,"Total Cost": 495.43,"Plan Rows": 10000,"Plan Width": 71,"Actual Startup Time": 0.109,"Actual Total Time": 11.654,"Actual Rows": 6952,"Actual Loops": 1},{"Node Type": "Sort","Parent Relationship": "Inner","Parallel Aware": false,"Async Capable": false,"Startup Cost": 124456.78,"Total Cost": 124456.91,"Plan Rows": 50,"Plan Width": 36,"Actual Startup Time": 2107.151,"Actual Total Time": 2107.177,"Actual Rows": 1,"Actual Loops": 1,"Sort Key": ["revenue0.supplier_no"],"Sort Method": "quicksort","Sort Space Used": 25,"Sort Space Type": "Memory","Plans": [{"Node Type": "Subquery Scan","Parent Relationship": "Outer","Parallel Aware": false,"Async Capable": false,"Alias": "revenue0","Startup Cost": 124304.77,"Total Cost": 124455.37,"Plan Rows": 50,"Plan Width": 36,"Actual Startup Time": 2103.069,"Actual Total Time": 2107.067,"Actual Rows": 1,"Actual Loops": 1,"Plans": [{"Node Type": "Aggregate","Strategy": "Hashed","Partial Mode": "Simple","Parent Relationship": "Subquery","Parallel Aware": false,"Async Capable": false,"Startup Cost": 124304.77,"Total Cost": 124454.87,"Plan Rows": 50,"Plan Width": 36,"Actual Startup Time": 2103.055,"Actual Total Time": 2107.034,"Actual Rows": 1,"Actual Loops": 1,"Group Key": ["lineitem.l_suppkey"],"Filter": "(sum((lineitem.l_extendedprice * ('1'::numeric - lineitem.l_discount))) = $0)","Planned Partitions": 0,"HashAgg Batches": 1,"Peak Memory Usage": 4497,"Disk Usage": 0,"Rows Removed by Filter": 9999,"Plans": [{"Node Type": "Bitmap Heap Scan","Parent Relationship": "Outer","Parallel Aware": false,"Async Capable": false,"Relation Name": "lineitem","Alias": "lineitem","Startup Cost": 5979.54,"Total Cost": 121975.88,"Plan Rows": 232889,"Plan Width": 16,"Actual Startup Time": 55.870,"Actual Total Time": 932.576,"Actual Rows": 229796,"Actual Loops": 1,"Recheck Cond": "((l_shipdate >= '1993-08-01'::date) AND (l_shipdate < '1993-11-01 00:00:00'::timestamp without time zone))","Rows Removed by Index Recheck": 0,"Exact Heap Blocks": 67184,"Lossy Heap Blocks": 0,"Plans": [{"Node Type": "Bitmap Index Scan","Parent Relationship": "Outer","Parallel Aware": false,"Async Capable": false,"Index Name": "idx_lineitem_shipdate","Startup Cost": 0.00,"Total Cost": 5921.32,"Plan Rows": 232889,"Plan Width": 0,"Actual Startup Time": 41.935,"Actual Total Time": 41.948,"Actual Rows": 229796,"Actual Loops": 1,"Index Cond": "((l_shipdate >= '1993-08-01'::date) AND (l_shipdate < '1993-11-01 00:00:00'::timestamp without time zone))"}]}]}]}]}]},"Planning Time": 4.203,"Triggers": [],"Execution Time": 2124.103}]
[{"Plan": {"Node Type": "Merge Join","Parallel Aware": false,"Async Capable": false,"Join Type": "Inner","Startup Cost": 249082.82,"Total Cost": 249603.72,"Plan Rows": 50,"Plan Width": 103,"Actual Startup Time": 2126.100,"Actual Total Time": 2126.160,"Actual Rows": 1,"Actual Loops": 1,"Inner Unique": true,"Merge Cond": "(supplier.s_suppkey = revenue0.supplier_no)","Plans": [{"Node Type": "Aggregate","Strategy": "Plain","Partial Mode": "Simple","Parent Relationship": "InitPlan","Subplan Name": "InitPlan 1 (returns $0)","Parallel Aware": false,"Async Capable": false,"Startup Cost": 124590.34,"Total Cost": 124590.35,"Plan Rows": 1,"Plan Width": 32,"Actual Startup Time": 998.528,"Actual Total Time": 998.543,"Actual Rows": 1,"Actual Loops": 1,"Plans": [{"Node Type": "Aggregate","Strategy": "Hashed","Partial Mode": "Simple","Parent Relationship": "Outer","Parallel Aware": false,"Async Capable": false,"Startup Cost": 124340.17,"Total Cost": 124465.25,"Plan Rows": 10007,"Plan Width": 36,"Actual Startup Time": 990.764,"Actual Total Time": 997.890,"Actual Rows": 10000,"Actual Loops": 1,"Group Key": ["lineitem_1.l_suppkey"],"Planned Partitions": 0,"HashAgg Batches": 1,"Peak Memory Usage": 4497,"Disk Usage": 0,"Plans": [{"Node Type": "Bitmap Heap Scan","Parent Relationship": "Outer","Parallel Aware": false,"Async Capable": false,"Relation Name": "lineitem","Alias": "lineitem_1","Startup Cost": 5625.22,"Total Cost": 122150.13,"Plan Rows": 219004,"Plan Width": 16,"Actual Startup Time": 59.388,"Actual Total Time": 778.284,"Actual Rows": 230322,"Actual Loops": 1,"Recheck Cond": "((l_shipdate >= '1994-03-01'::date) AND (l_shipdate < '1994-06-01 00:00:00'::timestamp without time zone))","Rows Removed by Index Recheck": 0,"Exact Heap Blocks": 67245,"Lossy Heap Blocks": 0,"Plans": [{"Node Type": "Bitmap Index Scan","Parent Relationship": "Outer","Parallel Aware": false,"Async Capable": false,"Index Name": "idx_lineitem_shipdate","Startup Cost": 0.00,"Total Cost": 5570.47,"Plan Rows": 219004,"Plan Width": 0,"Actual Startup Time": 45.592,"Actual Total Time": 45.604,"Actual Rows": 230322,"Actual Loops": 1,"Index Cond": "((l_shipdate >= '1994-03-01'::date) AND (l_shipdate < '1994-06-01 00:00:00'::timestamp without time zone))"}]}]}]},{"Node Type": "Index Scan","Parent Relationship": "Outer","Parallel Aware": false,"Async Capable": false,"Scan Direction": "Forward","Index Name": "supplier_pkey","Relation Name": "supplier","Alias": "supplier","Startup Cost": 0.29,"Total Cost": 495.43,"Plan Rows": 10000,"Plan Width": 71,"Actual Startup Time": 0.099,"Actual Total Time": 2.588,"Actual Rows": 1344,"Actual Loops": 1},{"Node Type": "Sort","Parent Relationship": "Inner","Parallel Aware": false,"Async Capable": false,"Startup Cost": 124492.18,"Total Cost": 124492.31,"Plan Rows": 50,"Plan Width": 36,"Actual Startup Time": 2123.373,"Actual Total Time": 2123.407,"Actual Rows": 1,"Actual Loops": 1,"Sort Key": ["revenue0.supplier_no"],"Sort Method": "quicksort","Sort Space Used": 25,"Sort Space Type": "Memory","Plans": [{"Node Type": "Subquery Scan","Parent Relationship": "Outer","Parallel Aware": false,"Async Capable": false,"Alias": "revenue0","Startup Cost": 124340.17,"Total Cost": 124490.77,"Plan Rows": 50,"Plan Width": 36,"Actual Startup Time": 2118.456,"Actual Total Time": 2123.316,"Actual Rows": 1,"Actual Loops": 1,"Plans": [{"Node Type": "Aggregate","Strategy": "Hashed","Partial Mode": "Simple","Parent Relationship": "Subquery","Parallel Aware": false,"Async Capable": false,"Startup Cost": 124340.17,"Total Cost": 124490.27,"Plan Rows": 50,"Plan Width": 36,"Actual Startup Time": 2118.440,"Actual Total Time": 2123.277,"Actual Rows": 1,"Actual Loops": 1,"Group Key": ["lineitem.l_suppkey"],"Filter": "(sum((lineitem.l_extendedprice * ('1'::numeric - lineitem.l_discount))) = $0)","Planned Partitions": 0,"HashAgg Batches": 1,"Peak Memory Usage": 4497,"Disk Usage": 0,"Rows Removed by Filter": 9999,"Plans": [{"Node Type": "Bitmap Heap Scan","Parent Relationship": "Outer","Parallel Aware": false,"Async Capable": false,"Relation Name": "lineitem","Alias": "lineitem","Startup Cost": 5625.22,"Total Cost": 122150.13,"Plan Rows": 219004,"Plan Width": 16,"Actual Startup Time": 55.051,"Actual Total Time": 942.271,"Actual Rows": 230322,"Actual Loops": 1,"Recheck Cond": "((l_shipdate >= '1994-03-01'::date) AND (l_shipdate < '1994-06-01 00:00:00'::timestamp without time zone))","Rows Removed by Index Recheck": 0,"Exact Heap Blocks": 67245,"Lossy Heap Blocks": 0,"Plans": [{"Node Type": "Bitmap Index Scan","Parent Relationship": "Outer","Parallel Aware": false,"Async Capable": false,"Index Name": "idx_lineitem_shipdate","Startup Cost": 0.00,"Total Cost": 5570.47,"Plan Rows": 219004,"Plan Width": 0,"Actual Startup Time": 41.443,"Actual Total Time": 41.461,"Actual Rows": 230322,"Actual Loops": 1,"Index Cond": "((l_shipdate >= '1994-03-01'::date) AND (l_shipdate < '1994-06-01 00:00:00'::timestamp without time zone))"}]}]}]}]}]},"Planning Time": 3.928,"Triggers": [],"Execution Time": 2131.152}]
[{"Plan": {"Node Type": "Merge Join","Parallel Aware": false,"Async Capable": false,"Join Type": "Inner","Startup Cost": 248579.05,"Total Cost": 249099.95,"Plan Rows": 50,"Plan Width": 103,"Actual Startup Time": 1976.935,"Actual Total Time": 1976.985,"Actual Rows": 1,"Actual Loops": 1,"Inner Unique": true,"Merge Cond": "(supplier.s_suppkey = revenue0.supplier_no)","Plans": [{"Node Type": "Aggregate","Strategy": "Plain","Partial Mode": "Simple","Parent Relationship": "InitPlan","Subplan Name": "InitPlan 1 (returns $0)","Parallel Aware": false,"Async Capable": false,"Startup Cost": 124338.46,"Total Cost": 124338.47,"Plan Rows": 1,"Plan Width": 32,"Actual Startup Time": 904.220,"Actual Total Time": 904.239,"Actual Rows": 1,"Actual Loops": 1,"Plans": [{"Node Type": "Aggregate","Strategy": "Hashed","Partial Mode": "Simple","Parent Relationship": "Outer","Parallel Aware": false,"Async Capable": false,"Startup Cost": 124088.28,"Total Cost": 124213.37,"Plan Rows": 10007,"Plan Width": 36,"Actual Startup Time": 892.707,"Actual Total Time": 903.575,"Actual Rows": 10000,"Actual Loops": 1,"Group Key": ["lineitem_1.l_suppkey"],"Planned Partitions": 0,"HashAgg Batches": 1,"Peak Memory Usage": 4497,"Disk Usage": 0,"Plans": [{"Node Type": "Bitmap Heap Scan","Parent Relationship": "Outer","Parallel Aware": false,"Async Capable": false,"Relation Name": "lineitem","Alias": "lineitem_1","Startup Cost": 5871.20,"Total Cost": 121802.65,"Plan Rows": 228563,"Plan Width": 16,"Actual Startup Time": 49.074,"Actual Total Time": 688.668,"Actual Rows": 229923,"Actual Loops": 1,"Recheck Cond": "((l_shipdate >= '1993-10-01'::date) AND (l_shipdate < '1994-01-01 00:00:00'::timestamp without time zone))","Rows Removed by Index Recheck": 0,"Exact Heap Blocks": 67189,"Lossy Heap Blocks": 0,"Plans": [{"Node Type": "Bitmap Index Scan","Parent Relationship": "Outer","Parallel Aware": false,"Async Capable": false,"Index Name": "idx_lineitem_shipdate","Startup Cost": 0.00,"Total Cost": 5814.06,"Plan Rows": 228563,"Plan Width": 0,"Actual Startup Time": 35.482,"Actual Total Time": 35.494,"Actual Rows": 229923,"Actual Loops": 1,"Index Cond": "((l_shipdate >= '1993-10-01'::date) AND (l_shipdate < '1994-01-01 00:00:00'::timestamp without time zone))"}]}]}]},{"Node Type": "Index Scan","Parent Relationship": "Outer","Parallel Aware": false,"Async Capable": false,"Scan Direction": "Forward","Index Name": "supplier_pkey","Relation Name": "supplier","Alias": "supplier","Startup Cost": 0.29,"Total Cost": 495.43,"Plan Rows": 10000,"Plan Width": 71,"Actual Startup Time": 0.088,"Actual Total Time": 5.655,"Actual Rows": 3497,"Actual Loops": 1},{"Node Type": "Sort","Parent Relationship": "Inner","Parallel Aware": false,"Async Capable": false,"Startup Cost": 124240.30,"Total Cost": 124240.42,"Plan Rows": 50,"Plan Width": 36,"Actual Startup Time": 1971.016,"Actual Total Time": 1971.036,"Actual Rows": 1,"Actual Loops": 1,"Sort Key": ["revenue0.supplier_no"],"Sort Method": "quicksort","Sort Space Used": 25,"Sort Space Type": "Memory","Plans": [{"Node Type": "Subquery Scan","Parent Relationship": "Outer","Parallel Aware": false,"Async Capable": false,"Alias": "revenue0","Startup Cost": 124088.28,"Total Cost": 124238.89,"Plan Rows": 50,"Plan Width": 36,"Actual Startup Time": 1964.632,"Actual Total Time": 1970.939,"Actual Rows": 1,"Actual Loops": 1,"Plans": [{"Node Type": "Aggregate","Strategy": "Hashed","Partial Mode": "Simple","Parent Relationship": "Subquery","Parallel Aware": false,"Async Capable": false,"Startup Cost": 124088.28,"Total Cost": 124238.39,"Plan Rows": 50,"Plan Width": 36,"Actual Startup Time": 1964.613,"Actual Total Time": 1970.893,"Actual Rows": 1,"Actual Loops": 1,"Group Key": ["lineitem.l_suppkey"],"Filter": "(sum((lineitem.l_extendedprice * ('1'::numeric - lineitem.l_discount))) = $0)","Planned Partitions": 0,"HashAgg Batches": 1,"Peak Memory Usage": 4497,"Disk Usage": 0,"Rows Removed by Filter": 9999,"Plans": [{"Node Type": "Bitmap Heap Scan","Parent Relationship": "Outer","Parallel Aware": false,"Async Capable": false,"Relation Name": "lineitem","Alias": "lineitem","Startup Cost": 5871.20,"Total Cost": 121802.65,"Plan Rows": 228563,"Plan Width": 16,"Actual Startup Time": 49.258,"Actual Total Time": 883.520,"Actual Rows": 229923,"Actual Loops": 1,"Recheck Cond": "((l_shipdate >= '1993-10-01'::date) AND (l_shipdate < '1994-01-01 00:00:00'::timestamp without time zone))","Rows Removed by Index Recheck": 0,"Exact Heap Blocks": 67189,"Lossy Heap Blocks": 0,"Plans": [{"Node Type": "Bitmap Index Scan","Parent Relationship": "Outer","Parallel Aware": false,"Async Capable": false,"Index Name": "idx_lineitem_shipdate","Startup Cost": 0.00,"Total Cost": 5814.06,"Plan Rows": 228563,"Plan Width": 0,"Actual Startup Time": 35.850,"Actual Total Time": 35.850,"Actual Rows": 229923,"Actual Loops": 1,"Index Cond": "((l_shipdate >= '1993-10-01'::date) AND (l_shipdate < '1994-01-01 00:00:00'::timestamp without time zone))"}]}]}]}]}]},"Planning Time": 4.959,"Triggers": [],"Execution Time": 1982.579}]
[{"Plan": {"Node Type": "Merge Join","Parallel Aware": false,"Async Capable": false,"Join Type": "Inner","Startup Cost": 248396.78,"Total Cost": 248917.68,"Plan Rows": 50,"Plan Width": 103,"Actual Startup Time": 2095.850,"Actual Total Time": 2095.890,"Actual Rows": 1,"Actual Loops": 1,"Inner Unique": true,"Merge Cond": "(supplier.s_suppkey = revenue0.supplier_no)","Plans": [{"Node Type": "Aggregate","Strategy": "Plain","Partial Mode": "Simple","Parent Relationship": "InitPlan","Subplan Name": "InitPlan 1 (returns $0)","Parallel Aware": false,"Async Capable": false,"Startup Cost": 124247.32,"Total Cost": 124247.33,"Plan Rows": 1,"Plan Width": 32,"Actual Startup Time": 948.091,"Actual Total Time": 948.105,"Actual Rows": 1,"Actual Loops": 1,"Plans": [{"Node Type": "Aggregate","Strategy": "Hashed","Partial Mode": "Simple","Parent Relationship": "Outer","Parallel Aware": false,"Async Capable": false,"Startup Cost": 123997.15,"Total Cost": 124122.24,"Plan Rows": 10007,"Plan Width": 36,"Actual Startup Time": 942.301,"Actual Total Time": 947.490,"Actual Rows": 10000,"Actual Loops": 1,"Group Key": ["lineitem_1.l_suppkey"],"Planned Partitions": 0,"HashAgg Batches": 1,"Peak Memory Usage": 4497,"Disk Usage": 0,"Plans": [{"Node Type": "Bitmap Heap Scan","Parent Relationship": "Outer","Parallel Aware": false,"Async Capable": false,"Relation Name": "lineitem","Alias": "lineitem_1","Startup Cost": 5824.85,"Total Cost": 121729.43,"Plan Rows": 226772,"Plan Width": 16,"Actual Startup Time": 65.919,"Actual Total Time": 796.903,"Actual Rows": 228852,"Actual Loops": 1,"Recheck Cond": "((l_shipdate >= '1995-09-01'::date) AND (l_shipdate < '1995-12-01 00:00:00'::timestamp without time zone))","Rows Removed by Index Recheck": 0,"Exact Heap Blocks": 67143,"Lossy Heap Blocks": 0,"Plans": [{"Node Type": "Bitmap Index Scan","Parent Relationship": "Outer","Parallel Aware": false,"Async Capable": false,"Index Name": "idx_lineitem_shipdate","Startup Cost": 0.00,"Total Cost": 5768.15,"Plan Rows": 226772,"Plan Width": 0,"Actual Startup Time": 51.856,"Actual Total Time": 51.860,"Actual Rows": 228852,"Actual Loops": 1,"Index Cond": "((l_shipdate >= '1995-09-01'::date) AND (l_shipdate < '1995-12-01 00:00:00'::timestamp without time zone))"}]}]}]},{"Node Type": "Index Scan","Parent Relationship": "Outer","Parallel Aware": false,"Async Capable": false,"Scan Direction": "Forward","Index Name": "supplier_pkey","Relation Name": "supplier","Alias": "supplier","Startup Cost": 0.29,"Total Cost": 495.43,"Plan Rows": 10000,"Plan Width": 71,"Actual Startup Time": 0.115,"Actual Total Time": 10.908,"Actual Rows": 6981,"Actual Loops": 1},{"Node Type": "Sort","Parent Relationship": "Inner","Parallel Aware": false,"Async Capable": false,"Startup Cost": 124149.17,"Total Cost": 124149.29,"Plan Rows": 50,"Plan Width": 36,"Actual Startup Time": 2084.538,"Actual Total Time": 2084.549,"Actual Rows": 1,"Actual Loops": 1,"Sort Key": ["revenue0.supplier_no"],"Sort Method": "quicksort","Sort Space Used": 25,"Sort Space Type": "Memory","Plans": [{"Node Type": "Subquery Scan","Parent Relationship": "Outer","Parallel Aware": false,"Async Capable": false,"Alias": "revenue0","Startup Cost": 123997.15,"Total Cost": 124147.75,"Plan Rows": 50,"Plan Width": 36,"Actual Startup Time": 2063.527,"Actual Total Time": 2084.498,"Actual Rows": 1,"Actual Loops": 1,"Plans": [{"Node Type": "Aggregate","Strategy": "Hashed","Partial Mode": "Simple","Parent Relationship": "Subquery","Parallel Aware": false,"Async Capable": false,"Startup Cost": 123997.15,"Total Cost": 124147.25,"Plan Rows": 50,"Plan Width": 36,"Actual Startup Time": 2063.519,"Actual Total Time": 2084.488,"Actual Rows": 1,"Actual Loops": 1,"Group Key": ["lineitem.l_suppkey"],"Filter": "(sum((lineitem.l_extendedprice * ('1'::numeric - lineitem.l_discount))) = $0)","Planned Partitions": 0,"HashAgg Batches": 1,"Peak Memory Usage": 4497,"Disk Usage": 0,"Rows Removed by Filter": 9999,"Plans": [{"Node Type": "Bitmap Heap Scan","Parent Relationship": "Outer","Parallel Aware": false,"Async Capable": false,"Relation Name": "lineitem","Alias": "lineitem","Startup Cost": 5824.85,"Total Cost": 121729.43,"Plan Rows": 226772,"Plan Width": 16,"Actual Startup Time": 62.224,"Actual Total Time": 938.636,"Actual Rows": 228852,"Actual Loops": 1,"Recheck Cond": "((l_shipdate >= '1995-09-01'::date) AND (l_shipdate < '1995-12-01 00:00:00'::timestamp without time zone))","Rows Removed by Index Recheck": 0,"Exact Heap Blocks": 67143,"Lossy Heap Blocks": 0,"Plans": [{"Node Type": "Bitmap Index Scan","Parent Relationship": "Outer","Parallel Aware": false,"Async Capable": false,"Index Name": "idx_lineitem_shipdate","Startup Cost": 0.00,"Total Cost": 5768.15,"Plan Rows": 226772,"Plan Width": 0,"Actual Startup Time": 48.458,"Actual Total Time": 48.459,"Actual Rows": 228852,"Actual Loops": 1,"Index Cond": "((l_shipdate >= '1995-09-01'::date) AND (l_shipdate < '1995-12-01 00:00:00'::timestamp without time zone))"}]}]}]}]}]},"Planning Time": 4.958,"Triggers": [],"Execution Time": 2102.199}]
[{"Plan": {"Node Type": "Merge Join","Parallel Aware": false,"Async Capable": false,"Join Type": "Inner","Startup Cost": 248679.90,"Total Cost": 249200.80,"Plan Rows": 50,"Plan Width": 103,"Actual Startup Time": 2088.450,"Actual Total Time": 2088.494,"Actual Rows": 1,"Actual Loops": 1,"Inner Unique": true,"Merge Cond": "(supplier.s_suppkey = revenue0.supplier_no)","Plans": [{"Node Type": "Aggregate","Strategy": "Plain","Partial Mode": "Simple","Parent Relationship": "InitPlan","Subplan Name": "InitPlan 1 (returns $0)","Parallel Aware": false,"Async Capable": false,"Startup Cost": 124388.88,"Total Cost": 124388.89,"Plan Rows": 1,"Plan Width": 32,"Actual Startup Time": 944.259,"Actual Total Time": 944.274,"Actual Rows": 1,"Actual Loops": 1,"Plans": [{"Node Type": "Aggregate","Strategy": "Hashed","Partial Mode": "Simple","Parent Relationship": "Outer","Parallel Aware": false,"Async Capable": false,"Startup Cost": 124138.71,"Total Cost": 124263.80,"Plan Rows": 10007,"Plan Width": 36,"Actual Startup Time": 936.768,"Actual Total Time": 943.679,"Actual Rows": 10000,"Actual Loops": 1,"Group Key": ["lineitem_1.l_suppkey"],"Planned Partitions": 0,"HashAgg Batches": 1,"Peak Memory Usage": 4497,"Disk Usage": 0,"Plans": [{"Node Type": "Bitmap Heap Scan","Parent Relationship": "Outer","Parallel Aware": false,"Async Capable": false,"Relation Name": "lineitem","Alias": "lineitem_1","Startup Cost": 5698.36,"Total Cost": 121920.24,"Plan Rows": 221847,"Plan Width": 16,"Actual Startup Time": 58.200,"Actual Total Time": 789.243,"Actual Rows": 229512,"Actual Loops": 1,"Recheck Cond": "((l_shipdate >= '1997-03-01'::date) AND (l_shipdate < '1997-06-01 00:00:00'::timestamp without time zone))","Rows Removed by Index Recheck": 0,"Exact Heap Blocks": 67095,"Lossy Heap Blocks": 0,"Plans": [{"Node Type": "Bitmap Index Scan","Parent Relationship": "Outer","Parallel Aware": false,"Async Capable": false,"Index Name": "idx_lineitem_shipdate","Startup Cost": 0.00,"Total Cost": 5642.90,"Plan Rows": 221847,"Plan Width": 0,"Actual Startup Time": 44.354,"Actual Total Time": 44.359,"Actual Rows": 229512,"Actual Loops": 1,"Index Cond": "((l_shipdate >= '1997-03-01'::date) AND (l_shipdate < '1997-06-01 00:00:00'::timestamp without time zone))"}]}]}]},{"Node Type": "Index Scan","Parent Relationship": "Outer","Parallel Aware": false,"Async Capable": false,"Scan Direction": "Forward","Index Name": "supplier_pkey","Relation Name": "supplier","Alias": "supplier","Startup Cost": 0.29,"Total Cost": 495.43,"Plan Rows": 10000,"Plan Width": 71,"Actual Startup Time": 0.093,"Actual Total Time": 14.023,"Actual Rows": 9474,"Actual Loops": 1},{"Node Type": "Sort","Parent Relationship": "Inner","Parallel Aware": false,"Async Capable": false,"Startup Cost": 124290.72,"Total Cost": 124290.85,"Plan Rows": 50,"Plan Width": 36,"Actual Startup Time": 2073.892,"Actual Total Time": 2073.908,"Actual Rows": 1,"Actual Loops": 1,"Sort Key": ["revenue0.supplier_no"],"Sort Method": "quicksort","Sort Space Used": 25,"Sort Space Type": "Memory","Plans": [{"Node Type": "Subquery Scan","Parent Relationship": "Outer","Parallel Aware": false,"Async Capable": false,"Alias": "revenue0","Startup Cost": 124138.71,"Total Cost": 124289.31,"Plan Rows": 50,"Plan Width": 36,"Actual Startup Time": 2060.592,"Actual Total Time": 2073.855,"Actual Rows": 1,"Actual Loops": 1,"Plans": [{"Node Type": "Aggregate","Strategy": "Hashed","Partial Mode": "Simple","Parent Relationship": "Subquery","Parallel Aware": false,"Async Capable": false,"Startup Cost": 124138.71,"Total Cost": 124288.81,"Plan Rows": 50,"Plan Width": 36,"Actual Startup Time": 2060.589,"Actual Total Time": 2073.846,"Actual Rows": 1,"Actual Loops": 1,"Group Key": ["lineitem.l_suppkey"],"Filter": "(sum((lineitem.l_extendedprice * ('1'::numeric - lineitem.l_discount))) = $0)","Planned Partitions": 0,"HashAgg Batches": 1,"Peak Memory Usage": 4497,"Disk Usage": 0,"Rows Removed by Filter": 9999,"Plans": [{"Node Type": "Bitmap Heap Scan","Parent Relationship": "Outer","Parallel Aware": false,"Async Capable": false,"Relation Name": "lineitem","Alias": "lineitem","Startup Cost": 5698.36,"Total Cost": 121920.24,"Plan Rows": 221847,"Plan Width": 16,"Actual Startup Time": 54.794,"Actual Total Time": 933.095,"Actual Rows": 229512,"Actual Loops": 1,"Recheck Cond": "((l_shipdate >= '1997-03-01'::date) AND (l_shipdate < '1997-06-01 00:00:00'::timestamp without time zone))","Rows Removed by Index Recheck": 0,"Exact Heap Blocks": 67095,"Lossy Heap Blocks": 0,"Plans": [{"Node Type": "Bitmap Index Scan","Parent Relationship": "Outer","Parallel Aware": false,"Async Capable": false,"Index Name": "idx_lineitem_shipdate","Startup Cost": 0.00,"Total Cost": 5642.90,"Plan Rows": 221847,"Plan Width": 0,"Actual Startup Time": 41.319,"Actual Total Time": 41.321,"Actual Rows": 229512,"Actual Loops": 1,"Index Cond": "((l_shipdate >= '1997-03-01'::date) AND (l_shipdate < '1997-06-01 00:00:00'::timestamp without time zone))"}]}]}]}]}]},"Planning Time": 4.209,"Triggers": [],"Execution Time": 2093.733}]
[{"Plan": {"Node Type": "Merge Join","Parallel Aware": false,"Async Capable": false,"Join Type": "Inner","Startup Cost": 249261.15,"Total Cost": 249782.05,"Plan Rows": 50,"Plan Width": 103,"Actual Startup Time": 1929.470,"Actual Total Time": 1929.497,"Actual Rows": 1,"Actual Loops": 1,"Inner Unique": true,"Merge Cond": "(supplier.s_suppkey = revenue0.supplier_no)","Plans": [{"Node Type": "Aggregate","Strategy": "Plain","Partial Mode": "Simple","Parent Relationship": "InitPlan","Subplan Name": "InitPlan 1 (returns $0)","Parallel Aware": false,"Async Capable": false,"Startup Cost": 124679.51,"Total Cost": 124679.52,"Plan Rows": 1,"Plan Width": 32,"Actual Startup Time": 838.041,"Actual Total Time": 838.049,"Actual Rows": 1,"Actual Loops": 1,"Plans": [{"Node Type": "Aggregate","Strategy": "Hashed","Partial Mode": "Simple","Parent Relationship": "Outer","Parallel Aware": false,"Async Capable": false,"Startup Cost": 124429.33,"Total Cost": 124554.42,"Plan Rows": 10007,"Plan Width": 36,"Actual Startup Time": 828.279,"Actual Total Time": 837.462,"Actual Rows": 10000,"Actual Loops": 1,"Group Key": ["lineitem_1.l_suppkey"],"Planned Partitions": 0,"HashAgg Batches": 1,"Peak Memory Usage": 4497,"Disk Usage": 0,"Plans": [{"Node Type": "Bitmap Heap Scan","Parent Relationship": "Outer","Parallel Aware": false,"Async Capable": false,"Relation Name": "lineitem","Alias": "lineitem_1","Startup Cost": 6044.13,"Total Cost": 122076.45,"Plan Rows": 235288,"Plan Width": 16,"Actual Startup Time": 49.284,"Actual Total Time": 665.852,"Actual Rows": 228512,"Actual Loops": 1,"Recheck Cond": "((l_shipdate >= '1993-03-01'::date) AND (l_shipdate < '1993-06-01 00:00:00'::timestamp without time zone))","Rows Removed by Index Recheck": 0,"Exact Heap Blocks": 66961,"Lossy Heap Blocks": 0,"Plans": [{"Node Type": "Bitmap Index Scan","Parent Relationship": "Outer","Parallel Aware": false,"Async Capable": false,"Index Name": "idx_lineitem_shipdate","Startup Cost": 0.00,"Total Cost": 5985.31,"Plan Rows": 235288,"Plan Width": 0,"Actual Startup Time": 35.887,"Actual Total Time": 35.889,"Actual Rows": 228512,"Actual Loops": 1,"Index Cond": "((l_shipdate >= '1993-03-01'::date) AND (l_shipdate < '1993-06-01 00:00:00'::timestamp without time zone))"}]}]}]},{"Node Type": "Index Scan","Parent Relationship": "Outer","Parallel Aware": false,"Async Capable": false,"Scan Direction": "Forward","Index Name": "supplier_pkey","Relation Name": "supplier","Alias": "supplier","Startup Cost": 0.29,"Total Cost": 495.43,"Plan Rows": 10000,"Plan Width": 71,"Actual Startup Time": 0.092,"Actual Total Time": 11.430,"Actual Rows": 7478,"Actual Loops": 1},{"Node Type": "Sort","Parent Relationship": "Inner","Parallel Aware": false,"Async Capable": false,"Startup Cost": 124581.35,"Total Cost": 124581.47,"Plan Rows": 50,"Plan Width": 36,"Actual Startup Time": 1917.596,"Actual Total Time": 1917.609,"Actual Rows": 1,"Actual Loops": 1,"Sort Key": ["revenue0.supplier_no"],"Sort Method": "quicksort","Sort Space Used": 25,"Sort Space Type": "Memory","Plans": [{"Node Type": "Subquery Scan","Parent Relationship": "Outer","Parallel Aware": false,"Async Capable": false,"Alias": "revenue0","Startup Cost": 124429.33,"Total Cost": 124579.94,"Plan Rows": 50,"Plan Width": 36,"Actual Startup Time": 1912.416,"Actual Total Time": 1917.562,"Actual Rows": 1,"Actual Loops": 1,"Plans": [{"Node Type": "Aggregate","Strategy": "Hashed","Partial Mode": "Simple","Parent Relationship": "Subquery","Parallel Aware": false,"Async Capable": false,"Startup Cost": 124429.33,"Total Cost": 124579.44,"Plan Rows": 50,"Plan Width": 36,"Actual Startup Time": 1912.411,"Actual Total Time": 1917.553,"Actual Rows": 1,"Actual Loops": 1,"Group Key": ["lineitem.l_suppkey"],"Filter": "(sum((lineitem.l_extendedprice * ('1'::numeric - lineitem.l_discount))) = $0)","Planned Partitions": 0,"HashAgg Batches": 1,"Peak Memory Usage": 4497,"Disk Usage": 0,"Rows Removed by Filter": 9999,"Plans": [{"Node Type": "Bitmap Heap Scan","Parent Relationship": "Outer","Parallel Aware": false,"Async Capable": false,"Relation Name": "lineitem","Alias": "lineitem","Startup Cost": 6044.13,"Total Cost": 122076.45,"Plan Rows": 235288,"Plan Width": 16,"Actual Startup Time": 49.634,"Actual Total Time": 880.645,"Actual Rows": 228512,"Actual Loops": 1,"Recheck Cond": "((l_shipdate >= '1993-03-01'::date) AND (l_shipdate < '1993-06-01 00:00:00'::timestamp without time zone))","Rows Removed by Index Recheck": 0,"Exact Heap Blocks": 66961,"Lossy Heap Blocks": 0,"Plans": [{"Node Type": "Bitmap Index Scan","Parent Relationship": "Outer","Parallel Aware": false,"Async Capable": false,"Index Name": "idx_lineitem_shipdate","Startup Cost": 0.00,"Total Cost": 5985.31,"Plan Rows": 235288,"Plan Width": 0,"Actual Startup Time": 36.198,"Actual Total Time": 36.201,"Actual Rows": 228512,"Actual Loops": 1,"Index Cond": "((l_shipdate >= '1993-03-01'::date) AND (l_shipdate < '1993-06-01 00:00:00'::timestamp without time zone))"}]}]}]}]}]},"Planning Time": 3.978,"Triggers": [],"Execution Time": 1932.775}]
[{"Plan": {"Node Type": "Merge Join","Parallel Aware": false,"Async Capable": false,"Join Type": "Inner","Startup Cost": 249277.04,"Total Cost": 249797.93,"Plan Rows": 50,"Plan Width": 103,"Actual Startup Time": 2090.773,"Actual Total Time": 2090.807,"Actual Rows": 1,"Actual Loops": 1,"Inner Unique": true,"Merge Cond": "(supplier.s_suppkey = revenue0.supplier_no)","Plans": [{"Node Type": "Aggregate","Strategy": "Plain","Partial Mode": "Simple","Parent Relationship": "InitPlan","Subplan Name": "InitPlan 1 (returns $0)","Parallel Aware": false,"Async Capable": false,"Startup Cost": 124687.45,"Total Cost": 124687.46,"Plan Rows": 1,"Plan Width": 32,"Actual Startup Time": 953.148,"Actual Total Time": 953.160,"Actual Rows": 1,"Actual Loops": 1,"Plans": [{"Node Type": "Aggregate","Strategy": "Hashed","Partial Mode": "Simple","Parent Relationship": "Outer","Parallel Aware": false,"Async Capable": false,"Startup Cost": 124437.28,"Total Cost": 124562.36,"Plan Rows": 10007,"Plan Width": 36,"Actual Startup Time": 945.306,"Actual Total Time": 952.561,"Actual Rows": 10000,"Actual Loops": 1,"Group Key": ["lineitem_1.l_suppkey"],"Planned Partitions": 0,"HashAgg Batches": 1,"Peak Memory Usage": 4497,"Disk Usage": 0,"Plans": [{"Node Type": "Bitmap Heap Scan","Parent Relationship": "Outer","Parallel Aware": false,"Async Capable": false,"Relation Name": "lineitem","Alias": "lineitem_1","Startup Cost": 5586.60,"Total Cost": 122261.51,"Plan Rows": 217577,"Plan Width": 16,"Actual Startup Time": 66.133,"Actual Total Time": 797.959,"Actual Rows": 228914,"Actual Loops": 1,"Recheck Cond": "((l_shipdate >= '1996-05-01'::date) AND (l_shipdate < '1996-08-01 00:00:00'::timestamp without time zone))","Rows Removed by Index Recheck": 0,"Exact Heap Blocks": 66981,"Lossy Heap Blocks": 0,"Plans": [{"Node Type": "Bitmap Index Scan","Parent Relationship": "Outer","Parallel Aware": false,"Async Capable": false,"Index Name": "idx_lineitem_shipdate","Startup Cost": 0.00,"Total Cost": 5532.20,"Plan Rows": 217577,"Plan Width": 0,"Actual Startup Time": 52.240,"Actual Total Time": 52.246,"Actual Rows": 228914,"Actual Loops": 1,"Index Cond": "((l_shipdate >= '1996-05-01'::date) AND (l_shipdate < '1996-08-01 00:00:00'::timestamp without time zone))"}]}]}]},{"Node Type": "Index Scan","Parent Relationship": "Outer","Parallel Aware": false,"Async Capable": false,"Scan Direction": "Forward","Index Name": "supplier_pkey","Relation Name": "supplier","Alias": "supplier","Startup Cost": 0.29,"Total Cost": 495.43,"Plan Rows": 10000,"Plan Width": 71,"Actual Startup Time": 0.097,"Actual Total Time": 1.857,"Actual Rows": 985,"Actual Loops": 1},{"Node Type": "Sort","Parent Relationship": "Inner","Parallel Aware": false,"Async Capable": false,"Startup Cost": 124589.29,"Total Cost": 124589.42,"Plan Rows": 50,"Plan Width": 36,"Actual Startup Time": 2088.839,"Actual Total Time": 2088.851,"Actual Rows": 1,"Actual Loops": 1,"Sort Key": ["revenue0.supplier_no"],"Sort Method": "quicksort","Sort Space Used": 25,"Sort Space Type": "Memory","Plans": [{"Node Type": "Subquery Scan","Parent Relationship": "Outer","Parallel Aware": false,"Async Capable": false,"Alias": "revenue0","Startup Cost": 124437.28,"Total Cost": 124587.88,"Plan Rows": 50,"Plan Width": 36,"Actual Startup Time": 2064.047,"Actual Total Time": 2088.796,"Actual Rows": 1,"Actual Loops": 1,"Plans": [{"Node Type": "Aggregate","Strategy": "Hashed","Partial Mode": "Simple","Parent Relationship": "Subquery","Parallel Aware": false,"Async Capable": false,"Startup Cost": 124437.28,"Total Cost": 124587.38,"Plan Rows": 50,"Plan Width": 36,"Actual Startup Time": 2064.039,"Actual Total Time": 2088.776,"Actual Rows": 1,"Actual Loops": 1,"Group Key": ["lineitem.l_suppkey"],"Filter": "(sum((lineitem.l_extendedprice * ('1'::numeric - lineitem.l_discount))) = $0)","Planned Partitions": 0,"HashAgg Batches": 1,"Peak Memory Usage": 4497,"Disk Usage": 0,"Rows Removed by Filter": 9999,"Plans": [{"Node Type": "Bitmap Heap Scan","Parent Relationship": "Outer","Parallel Aware": false,"Async Capable": false,"Relation Name": "lineitem","Alias": "lineitem","Startup Cost": 5586.60,"Total Cost": 122261.51,"Plan Rows": 217577,"Plan Width": 16,"Actual Startup Time": 62.509,"Actual Total Time": 940.636,"Actual Rows": 228914,"Actual Loops": 1,"Recheck Cond": "((l_shipdate >= '1996-05-01'::date) AND (l_shipdate < '1996-08-01 00:00:00'::timestamp without time zone))","Rows Removed by Index Recheck": 0,"Exact Heap Blocks": 66981,"Lossy Heap Blocks": 0,"Plans": [{"Node Type": "Bitmap Index Scan","Parent Relationship": "Outer","Parallel Aware": false,"Async Capable": false,"Index Name": "idx_lineitem_shipdate","Startup Cost": 0.00,"Total Cost": 5532.20,"Plan Rows": 217577,"Plan Width": 0,"Actual Startup Time": 48.884,"Actual Total Time": 48.886,"Actual Rows": 228914,"Actual Loops": 1,"Index Cond": "((l_shipdate >= '1996-05-01'::date) AND (l_shipdate < '1996-08-01 00:00:00'::timestamp without time zone))"}]}]}]}]}]},"Planning Time": 4.074,"Triggers": [],"Execution Time": 2095.321}]
[{"Plan": {"Node Type": "Merge Join","Parallel Aware": false,"Async Capable": false,"Join Type": "Inner","Startup Cost": 249444.62,"Total Cost": 249965.52,"Plan Rows": 50,"Plan Width": 103,"Actual Startup Time": 2087.809,"Actual Total Time": 2087.855,"Actual Rows": 1,"Actual Loops": 1,"Inner Unique": true,"Merge Cond": "(supplier.s_suppkey = revenue0.supplier_no)","Plans": [{"Node Type": "Aggregate","Strategy": "Plain","Partial Mode": "Simple","Parent Relationship": "InitPlan","Subplan Name": "InitPlan 1 (returns $0)","Parallel Aware": false,"Async Capable": false,"Startup Cost": 124771.24,"Total Cost": 124771.25,"Plan Rows": 1,"Plan Width": 32,"Actual Startup Time": 947.517,"Actual Total Time": 947.530,"Actual Rows": 1,"Actual Loops": 1,"Plans": [{"Node Type": "Aggregate","Strategy": "Hashed","Partial Mode": "Simple","Parent Relationship": "Outer","Parallel Aware": false,"Async Capable": false,"Startup Cost": 124521.07,"Total Cost": 124646.15,"Plan Rows": 10007,"Plan Width": 36,"Actual Startup Time": 940.365,"Actual Total Time": 946.934,"Actual Rows": 10000,"Actual Loops": 1,"Group Key": ["lineitem_1.l_suppkey"],"Planned Partitions": 0,"HashAgg Batches": 1,"Peak Memory Usage": 4497,"Disk Usage": 0,"Plans": [{"Node Type": "Bitmap Heap Scan","Parent Relationship": "Outer","Parallel Aware": false,"Async Capable": false,"Relation Name": "lineitem","Alias": "lineitem_1","Startup Cost": 6090.67,"Total Cost": 122150.11,"Plan Rows": 237096,"Plan Width": 16,"Actual Startup Time": 58.913,"Actual Total Time": 793.107,"Actual Rows": 230437,"Actual Loops": 1,"Recheck Cond": "((l_shipdate >= '1997-06-01'::date) AND (l_shipdate < '1997-09-01 00:00:00'::timestamp without time zone))","Rows Removed by Index Recheck": 0,"Exact Heap Blocks": 67249,"Lossy Heap Blocks": 0,"Plans": [{"Node Type": "Bitmap Index Scan","Parent Relationship": "Outer","Parallel Aware": false,"Async Capable": false,"Index Name": "idx_lineitem_shipdate","Startup Cost": 0.00,"Total Cost": 6031.39,"Plan Rows": 237096,"Plan Width": 0,"Actual Startup Time": 45.234,"Actual Total Time": 45.241,"Actual Rows": 230437,"Actual Loops": 1,"Index Cond": "((l_shipdate >= '1997-06-01'::date) AND (l_shipdate < '1997-09-01 00:00:00'::timestamp without time zone))"}]}]}]},{"Node Type": "Index Scan","Parent Relationship": "Outer","Parallel Aware": false,"Async Capable": false,"Scan Direction": "Forward","Index Name": "supplier_pkey","Relation Name": "supplier","Alias": "supplier","Startup Cost": 0.29,"Total Cost": 495.43,"Plan Rows": 10000,"Plan Width": 71,"Actual Startup Time": 0.071,"Actual Total Time": 8.069,"Actual Rows": 4963,"Actual Loops": 1},{"Node Type": "Sort","Parent Relationship": "Inner","Parallel Aware": false,"Async Capable": false,"Startup Cost": 124673.08,"Total Cost": 124673.21,"Plan Rows": 50,"Plan Width": 36,"Actual Startup Time": 2079.426,"Actual Total Time": 2079.438,"Actual Rows": 1,"Actual Loops": 1,"Sort Key": ["revenue0.supplier_no"],"Sort Method": "quicksort","Sort Space Used": 25,"Sort Space Type": "Memory","Plans": [{"Node Type": "Subquery Scan","Parent Relationship": "Outer","Parallel Aware": false,"Async Capable": false,"Alias": "revenue0","Startup Cost": 124521.07,"Total Cost": 124671.67,"Plan Rows": 50,"Plan Width": 36,"Actual Startup Time": 2064.256,"Actual Total Time": 2079.384,"Actual Rows": 1,"Actual Loops": 1,"Plans": [{"Node Type": "Aggregate","Strategy": "Hashed","Partial Mode": "Simple","Parent Relationship": "Subquery","Parallel Aware": false,"Async Capable": false,"Startup Cost": 124521.07,"Total Cost": 124671.17,"Plan Rows": 50,"Plan Width": 36,"Actual Startup Time": 2064.247,"Actual Total Time": 2079.364,"Actual Rows": 1,"Actual Loops": 1,"Group Key": ["lineitem.l_suppkey"],"Filter": "(sum((lineitem.l_extendedprice * ('1'::numeric - lineitem.l_discount))) = $0)","Planned Partitions": 0,"HashAgg Batches": 1,"Peak Memory Usage": 4497,"Disk Usage": 0,"Rows Removed by Filter": 9999,"Plans": [{"Node Type": "Bitmap Heap Scan","Parent Relationship": "Outer","Parallel Aware": false,"Async Capable": false,"Relation Name": "lineitem","Alias": "lineitem","Startup Cost": 6090.67,"Total Cost": 122150.11,"Plan Rows": 237096,"Plan Width": 16,"Actual Startup Time": 55.721,"Actual Total Time": 936.714,"Actual Rows": 230437,"Actual Loops": 1,"Recheck Cond": "((l_shipdate >= '1997-06-01'::date) AND (l_shipdate < '1997-09-01 00:00:00'::timestamp without time zone))","Rows Removed by Index Recheck": 0,"Exact Heap Blocks": 67249,"Lossy Heap Blocks": 0,"Plans": [{"Node Type": "Bitmap Index Scan","Parent Relationship": "Outer","Parallel Aware": false,"Async Capable": false,"Index Name": "idx_lineitem_shipdate","Startup Cost": 0.00,"Total Cost": 6031.39,"Plan Rows": 237096,"Plan Width": 0,"Actual Startup Time": 42.178,"Actual Total Time": 42.181,"Actual Rows": 230437,"Actual Loops": 1,"Index Cond": "((l_shipdate >= '1997-06-01'::date) AND (l_shipdate < '1997-09-01 00:00:00'::timestamp without time zone))"}]}]}]}]}]},"Planning Time": 4.884,"Triggers": [],"Execution Time": 2093.730}]
[{"Plan": {"Node Type": "Merge Join","Parallel Aware": false,"Async Capable": false,"Join Type": "Inner","Startup Cost": 248643.56,"Total Cost": 249164.46,"Plan Rows": 50,"Plan Width": 103,"Actual Startup Time": 2051.080,"Actual Total Time": 2051.125,"Actual Rows": 1,"Actual Loops": 1,"Inner Unique": true,"Merge Cond": "(supplier.s_suppkey = revenue0.supplier_no)","Plans": [{"Node Type": "Aggregate","Strategy": "Plain","Partial Mode": "Simple","Parent Relationship": "InitPlan","Subplan Name": "InitPlan 1 (returns $0)","Parallel Aware": false,"Async Capable": false,"Startup Cost": 124370.71,"Total Cost": 124370.72,"Plan Rows": 1,"Plan Width": 32,"Actual Startup Time": 925.866,"Actual Total Time": 925.883,"Actual Rows": 1,"Actual Loops": 1,"Plans": [{"Node Type": "Aggregate","Strategy": "Hashed","Partial Mode": "Simple","Parent Relationship": "Outer","Parallel Aware": false,"Async Capable": false,"Startup Cost": 124120.54,"Total Cost": 124245.62,"Plan Rows": 10007,"Plan Width": 36,"Actual Startup Time": 919.658,"Actual Total Time": 925.281,"Actual Rows": 10000,"Actual Loops": 1,"Group Key": ["lineitem_1.l_suppkey"],"Planned Partitions": 0,"HashAgg Batches": 1,"Peak Memory Usage": 4497,"Disk Usage": 0,"Plans": [{"Node Type": "Bitmap Heap Scan","Parent Relationship": "Outer","Parallel Aware": false,"Async Capable": false,"Relation Name": "lineitem","Alias": "lineitem_1","Startup Cost": 5704.94,"Total Cost": 121899.56,"Plan Rows": 222098,"Plan Width": 16,"Actual Startup Time": 58.148,"Actual Total Time": 772.764,"Actual Rows": 223616,"Actual Loops": 1,"Recheck Cond": "((l_shipdate >= '1993-12-01'::date) AND (l_shipdate < '1994-03-01 00:00:00'::timestamp without time zone))","Rows Removed by Index Recheck": 0,"Exact Heap Blocks": 66445,"Lossy Heap Blocks": 0,"Plans": [{"Node Type": "Bitmap Index Scan","Parent Relationship": "Outer","Parallel Aware": false,"Async Capable": false,"Index Name": "idx_lineitem_shipdate","Startup Cost": 0.00,"Total Cost": 5649.41,"Plan Rows": 222098,"Plan Width": 0,"Actual Startup Time": 44.427,"Actual Total Time": 44.430,"Actual Rows": 223616,"Actual Loops": 1,"Index Cond": "((l_shipdate >= '1993-12-01'::date) AND (l_shipdate < '1994-03-01 00:00:00'::timestamp without time zone))"}]}]}]},{"Node Type": "Index Scan","Parent Relationship": "Outer","Parallel Aware": false,"Async Capable": false,"Scan Direction": "Forward","Index Name": "supplier_pkey","Relation Name": "supplier","Alias": "supplier","Startup Cost": 0.29,"Total Cost": 495.43,"Plan Rows": 10000,"Plan Width": 71,"Actual Startup Time": 0.103,"Actual Total Time": 8.477,"Actual Rows": 5450,"Actual Loops": 1},{"Node Type": "Sort","Parent Relationship": "Inner","Parallel Aware": false,"Async Capable": false,"Startup Cost": 124272.55,"Total Cost": 124272.68,"Plan Rows": 50,"Plan Width": 36,"Actual Startup Time": 2042.272,"Actual Total Time": 2042.286,"Actual Rows": 1,"Actual Loops": 1,"Sort Key": ["revenue0.supplier_no"],"Sort Method": "quicksort","Sort Space Used": 25,"Sort Space Type": "Memory","Plans": [{"Node Type": "Subquery Scan","Parent Relationship": "Outer","Parallel Aware": false,"Async Capable": false,"Alias": "revenue0","Startup Cost": 124120.54,"Total Cost": 124271.14,"Plan Rows": 50,"Plan Width": 36,"Actual Startup Time": 2038.275,"Actual Total Time": 2042.231,"Actual Rows": 1,"Actual Loops": 1,"Plans": [{"Node Type": "Aggregate","Strategy": "Hashed","Partial Mode": "Simple","Parent Relationship": "Subquery","Parallel Aware": false,"Async Capable": false,"Startup Cost": 124120.54,"Total Cost": 124270.64,"Plan Rows": 50,"Plan Width": 36,"Actual Startup Time": 2038.266,"Actual Total Time": 2042.216,"Actual Rows": 1,"Actual Loops": 1,"Group Key": ["lineitem.l_suppkey"],"Filter": "(sum((lineitem.l_extendedprice * ('1'::numeric - lineitem.l_discount))) = $0)","Planned Partitions": 0,"HashAgg Batches": 1,"Peak Memory Usage": 4497,"Disk Usage": 0,"Rows Removed by Filter": 9999,"Plans": [{"Node Type": "Bitmap Heap Scan","Parent Relationship": "Outer","Parallel Aware": false,"Async Capable": false,"Relation Name": "lineitem","Alias": "lineitem","Startup Cost": 5704.94,"Total Cost": 121899.56,"Plan Rows": 222098,"Plan Width": 16,"Actual Startup Time": 55.253,"Actual Total Time": 922.575,"Actual Rows": 223616,"Actual Loops": 1,"Recheck Cond": "((l_shipdate >= '1993-12-01'::date) AND (l_shipdate < '1994-03-01 00:00:00'::timestamp without time zone))","Rows Removed by Index Recheck": 0,"Exact Heap Blocks": 66445,"Lossy Heap Blocks": 0,"Plans": [{"Node Type": "Bitmap Index Scan","Parent Relationship": "Outer","Parallel Aware": false,"Async Capable": false,"Index Name": "idx_lineitem_shipdate","Startup Cost": 0.00,"Total Cost": 5649.41,"Plan Rows": 222098,"Plan Width": 0,"Actual Startup Time": 41.648,"Actual Total Time": 41.651,"Actual Rows": 223616,"Actual Loops": 1,"Index Cond": "((l_shipdate >= '1993-12-01'::date) AND (l_shipdate < '1994-03-01 00:00:00'::timestamp without time zone))"}]}]}]}]}]},"Planning Time": 3.986,"Triggers": [],"Execution Time": 2056.157}]
[{"Plan": {"Node Type": "Merge Join","Parallel Aware": false,"Async Capable": false,"Join Type": "Inner","Startup Cost": 248343.83,"Total Cost": 248864.72,"Plan Rows": 50,"Plan Width": 103,"Actual Startup Time": 1973.395,"Actual Total Time": 1973.462,"Actual Rows": 1,"Actual Loops": 1,"Inner Unique": true,"Merge Cond": "(supplier.s_suppkey = revenue0.supplier_no)","Plans": [{"Node Type": "Aggregate","Strategy": "Plain","Partial Mode": "Simple","Parent Relationship": "InitPlan","Subplan Name": "InitPlan 1 (returns $0)","Parallel Aware": false,"Async Capable": false,"Startup Cost": 124220.85,"Total Cost": 124220.86,"Plan Rows": 1,"Plan Width": 32,"Actual Startup Time": 908.782,"Actual Total Time": 908.807,"Actual Rows": 1,"Actual Loops": 1,"Plans": [{"Node Type": "Aggregate","Strategy": "Hashed","Partial Mode": "Simple","Parent Relationship": "Outer","Parallel Aware": false,"Async Capable": false,"Startup Cost": 123970.67,"Total Cost": 124095.76,"Plan Rows": 10007,"Plan Width": 36,"Actual Startup Time": 900.063,"Actual Total Time": 908.145,"Actual Rows": 10000,"Actual Loops": 1,"Group Key": ["lineitem_1.l_suppkey"],"Planned Partitions": 0,"HashAgg Batches": 1,"Peak Memory Usage": 4497,"Disk Usage": 0,"Plans": [{"Node Type": "Bitmap Heap Scan","Parent Relationship": "Outer","Parallel Aware": false,"Async Capable": false,"Relation Name": "lineitem","Alias": "lineitem_1","Startup Cost": 5811.47,"Total Cost": 121708.19,"Plan Rows": 226248,"Plan Width": 16,"Actual Startup Time": 49.217,"Actual Total Time": 692.336,"Actual Rows": 229039,"Actual Loops": 1,"Recheck Cond": "((l_shipdate >= '1994-06-01'::date) AND (l_shipdate < '1994-09-01 00:00:00'::timestamp without time zone))","Rows Removed by Index Recheck": 0,"Exact Heap Blocks": 67238,"Lossy Heap Blocks": 0,"Plans": [{"Node Type": "Bitmap Index Scan","Parent Relationship": "Outer","Parallel Aware": false,"Async Capable": false,"Index Name": "idx_lineitem_shipdate","Startup Cost": 0.00,"Total Cost": 5754.91,"Plan Rows": 226248,"Plan Width": 0,"Actual Startup Time": 35.633,"Actual Total Time": 35.648,"Actual Rows": 229039,"Actual Loops": 1,"Index Cond": "((l_shipdate >= '1994-06-01'::date) AND (l_shipdate < '1994-09-01 00:00:00'::timestamp without time zone))"}]}]}]},{"Node Type": "Index Scan","Parent Relationship": "Outer","Parallel Aware": false,"Async Capable": false,"Scan Direction": "Forward","Index Name": "supplier_pkey","Relation Name": "supplier","Alias": "supplier","Startup Cost": 0.29,"Total Cost": 495.43,"Plan Rows": 10000,"Plan Width": 71,"Actual Startup Time": 0.121,"Actual Total Time": 12.024,"Actual Rows": 7946,"Actual Loops": 1},{"Node Type": "Sort","Parent Relationship": "Inner","Parallel Aware": false,"Async Capable": false,"Startup Cost": 124122.69,"Total Cost": 124122.81,"Plan Rows": 50,"Plan Width": 36,"Actual Startup Time": 1960.894,"Actual Total Time": 1960.930,"Actual Rows": 1,"Actual Loops": 1,"Sort Key": ["revenue0.supplier_no"],"Sort Method": "quicksort","Sort Space Used": 25,"Sort Space Type": "Memory","Plans": [{"Node Type": "Subquery Scan","Parent Relationship": "Outer","Parallel Aware": false,"Async Capable": false,"Alias": "revenue0","Startup Cost": 123970.67,"Total Cost": 124121.28,"Plan Rows": 50,"Plan Width": 36,"Actual Startup Time": 1956.612,"Actual Total Time": 1960.848,"Actual Rows": 1,"Actual Loops": 1,"Plans": [{"Node Type": "Aggregate","Strategy": "Hashed","Partial Mode": "Simple","Parent Relationship": "Subquery","Parallel Aware": false,"Async Capable": false,"Startup Cost": 123970.67,"Total Cost": 124120.78,"Plan Rows": 50,"Plan Width": 36,"Actual Startup Time": 1956.600,"Actual Total Time": 1960.810,"Actual Rows": 1,"Actual Loops": 1,"Group Key": ["lineitem.l_suppkey"],"Filter": "(sum((lineitem.l_extendedprice * ('1'::numeric - lineitem.l_discount))) = $0)","Planned Partitions": 0,"HashAgg Batches": 1,"Peak Memory Usage": 4497,"Disk Usage": 0,"Rows Removed by Filter": 9999,"Plans": [{"Node Type": "Bitmap Heap Scan","Parent Relationship": "Outer","Parallel Aware": false,"Async Capable": false,"Relation Name": "lineitem","Alias": "lineitem","Startup Cost": 5811.47,"Total Cost": 121708.19,"Plan Rows": 226248,"Plan Width": 16,"Actual Startup Time": 51.748,"Actual Total Time": 872.040,"Actual Rows": 229039,"Actual Loops": 1,"Recheck Cond": "((l_shipdate >= '1994-06-01'::date) AND (l_shipdate < '1994-09-01 00:00:00'::timestamp without time zone))","Rows Removed by Index Recheck": 0,"Exact Heap Blocks": 67238,"Lossy Heap Blocks": 0,"Plans": [{"Node Type": "Bitmap Index Scan","Parent Relationship": "Outer","Parallel Aware": false,"Async Capable": false,"Index Name": "idx_lineitem_shipdate","Startup Cost": 0.00,"Total Cost": 5754.91,"Plan Rows": 226248,"Plan Width": 0,"Actual Startup Time": 38.292,"Actual Total Time": 38.307,"Actual Rows": 229039,"Actual Loops": 1,"Index Cond": "((l_shipdate >= '1994-06-01'::date) AND (l_shipdate < '1994-09-01 00:00:00'::timestamp without time zone))"}]}]}]}]}]},"Planning Time": 5.138,"Triggers": [],"Execution Time": 1979.821}]
[{"Plan": {"Node Type": "Merge Join","Parallel Aware": false,"Async Capable": false,"Join Type": "Inner","Startup Cost": 248978.65,"Total Cost": 249499.55,"Plan Rows": 50,"Plan Width": 103,"Actual Startup Time": 2096.212,"Actual Total Time": 2096.274,"Actual Rows": 1,"Actual Loops": 1,"Inner Unique": true,"Merge Cond": "(supplier.s_suppkey = revenue0.supplier_no)","Plans": [{"Node Type": "Aggregate","Strategy": "Plain","Partial Mode": "Simple","Parent Relationship": "InitPlan","Subplan Name": "InitPlan 1 (returns $0)","Parallel Aware": false,"Async Capable": false,"Startup Cost": 124538.26,"Total Cost": 124538.27,"Plan Rows": 1,"Plan Width": 32,"Actual Startup Time": 983.907,"Actual Total Time": 983.932,"Actual Rows": 1,"Actual Loops": 1,"Plans": [{"Node Type": "Aggregate","Strategy": "Hashed","Partial Mode": "Simple","Parent Relationship": "Outer","Parallel Aware": false,"Async Capable": false,"Startup Cost": 124288.08,"Total Cost": 124413.17,"Plan Rows": 10007,"Plan Width": 36,"Actual Startup Time": 975.922,"Actual Total Time": 983.270,"Actual Rows": 10000,"Actual Loops": 1,"Group Key": ["lineitem_1.l_suppkey"],"Planned Partitions": 0,"HashAgg Batches": 1,"Peak Memory Usage": 4497,"Disk Usage": 0,"Plans": [{"Node Type": "Bitmap Heap Scan","Parent Relationship": "Outer","Parallel Aware": false,"Async Capable": false,"Relation Name": "lineitem","Alias": "lineitem_1","Startup Cost": 5640.42,"Total Cost": 122091.02,"Plan Rows": 219706,"Plan Width": 16,"Actual Startup Time": 58.372,"Actual Total Time": 769.400,"Actual Rows": 224003,"Actual Loops": 1,"Recheck Cond": "((l_shipdate >= '1993-01-01'::date) AND (l_shipdate < '1993-04-01 00:00:00'::timestamp without time zone))","Rows Removed by Index Recheck": 0,"Exact Heap Blocks": 66450,"Lossy Heap Blocks": 0,"Plans": [{"Node Type": "Bitmap Index Scan","Parent Relationship": "Outer","Parallel Aware": false,"Async Capable": false,"Index Name": "idx_lineitem_shipdate","Startup Cost": 0.00,"Total Cost": 5585.49,"Plan Rows": 219706,"Plan Width": 0,"Actual Startup Time": 44.700,"Actual Total Time": 44.716,"Actual Rows": 224003,"Actual Loops": 1,"Index Cond": "((l_shipdate >= '1993-01-01'::date) AND (l_shipdate < '1993-04-01 00:00:00'::timestamp without time zone))"}]}]}]},{"Node Type": "Index Scan","Parent Relationship": "Outer","Parallel Aware": false,"Async Capable": false,"Scan Direction": "Forward","Index Name": "supplier_pkey","Relation Name": "supplier","Alias": "supplier","Startup Cost": 0.29,"Total Cost": 495.43,"Plan Rows": 10000,"Plan Width": 71,"Actual Startup Time": 0.093,"Actual Total Time": 9.121,"Actual Rows": 5369,"Actual Loops": 1},{"Node Type": "Sort","Parent Relationship": "Inner","Parallel Aware": false,"Async Capable": false,"Startup Cost": 124440.10,"Total Cost": 124440.22,"Plan Rows": 50,"Plan Width": 36,"Actual Startup Time": 2086.718,"Actual Total Time": 2086.732,"Actual Rows": 1,"Actual Loops": 1,"Sort Key": ["revenue0.supplier_no"],"Sort Method": "quicksort","Sort Space Used": 25,"Sort Space Type": "Memory","Plans": [{"Node Type": "Subquery Scan","Parent Relationship": "Outer","Parallel Aware": false,"Async Capable": false,"Alias": "revenue0","Startup Cost": 124288.08,"Total Cost": 124438.69,"Plan Rows": 50,"Plan Width": 36,"Actual Startup Time": 2085.226,"Actual Total Time": 2086.666,"Actual Rows": 1,"Actual Loops": 1,"Plans": [{"Node Type": "Aggregate","Strategy": "Hashed","Partial Mode": "Simple","Parent Relationship": "Subquery","Parallel Aware": false,"Async Capable": false,"Startup Cost": 124288.08,"Total Cost": 124438.19,"Plan Rows": 50,"Plan Width": 36,"Actual Startup Time": 2085.209,"Actual Total Time": 2086.627,"Actual Rows": 1,"Actual Loops": 1,"Group Key": ["lineitem.l_suppkey"],"Filter": "(sum((lineitem.l_extendedprice * ('1'::numeric - lineitem.l_discount))) = $0)","Planned Partitions": 0,"HashAgg Batches": 1,"Peak Memory Usage": 4497,"Disk Usage": 0,"Rows Removed by Filter": 9999,"Plans": [{"Node Type": "Bitmap Heap Scan","Parent Relationship": "Outer","Parallel Aware": false,"Async Capable": false,"Relation Name": "lineitem","Alias": "lineitem","Startup Cost": 5640.42,"Total Cost": 122091.02,"Plan Rows": 219706,"Plan Width": 16,"Actual Startup Time": 54.479,"Actual Total Time": 923.475,"Actual Rows": 224003,"Actual Loops": 1,"Recheck Cond": "((l_shipdate >= '1993-01-01'::date) AND (l_shipdate < '1993-04-01 00:00:00'::timestamp without time zone))","Rows Removed by Index Recheck": 0,"Exact Heap Blocks": 66450,"Lossy Heap Blocks": 0,"Plans": [{"Node Type": "Bitmap Index Scan","Parent Relationship": "Outer","Parallel Aware": false,"Async Capable": false,"Index Name": "idx_lineitem_shipdate","Startup Cost": 0.00,"Total Cost": 5585.49,"Plan Rows": 219706,"Plan Width": 0,"Actual Startup Time": 41.018,"Actual Total Time": 41.018,"Actual Rows": 224003,"Actual Loops": 1,"Index Cond": "((l_shipdate >= '1993-01-01'::date) AND (l_shipdate < '1993-04-01 00:00:00'::timestamp without time zone))"}]}]}]}]}]},"Planning Time": 5.332,"Triggers": [],"Execution Time": 2101.239}]
[{"Plan": {"Node Type": "Merge Join","Parallel Aware": false,"Async Capable": false,"Join Type": "Inner","Startup Cost": 248837.06,"Total Cost": 249357.95,"Plan Rows": 50,"Plan Width": 103,"Actual Startup Time": 1969.246,"Actual Total Time": 1969.306,"Actual Rows": 1,"Actual Loops": 1,"Inner Unique": true,"Merge Cond": "(supplier.s_suppkey = revenue0.supplier_no)","Plans": [{"Node Type": "Aggregate","Strategy": "Plain","Partial Mode": "Simple","Parent Relationship": "InitPlan","Subplan Name": "InitPlan 1 (returns $0)","Parallel Aware": false,"Async Capable": false,"Startup Cost": 124467.46,"Total Cost": 124467.47,"Plan Rows": 1,"Plan Width": 32,"Actual Startup Time": 899.835,"Actual Total Time": 899.853,"Actual Rows": 1,"Actual Loops": 1,"Plans": [{"Node Type": "Aggregate","Strategy": "Hashed","Partial Mode": "Simple","Parent Relationship": "Outer","Parallel Aware": false,"Async Capable": false,"Startup Cost": 124217.29,"Total Cost": 124342.37,"Plan Rows": 10007,"Plan Width": 36,"Actual Startup Time": 888.951,"Actual Total Time": 899.159,"Actual Rows": 10000,"Actual Loops": 1,"Group Key": ["lineitem_1.l_suppkey"],"Planned Partitions": 0,"HashAgg Batches": 1,"Peak Memory Usage": 4497,"Disk Usage": 0,"Plans": [{"Node Type": "Bitmap Heap Scan","Parent Relationship": "Outer","Parallel Aware": false,"Async Capable": false,"Relation Name": "lineitem","Alias": "lineitem_1","Startup Cost": 5666.73,"Total Cost": 122010.16,"Plan Rows": 220712,"Plan Width": 16,"Actual Startup Time": 50.799,"Actual Total Time": 691.660,"Actual Rows": 227315,"Actual Loops": 1,"Recheck Cond": "((l_shipdate >= '1994-04-01'::date) AND (l_shipdate < '1994-07-01 00:00:00'::timestamp without time zone))","Rows Removed by Index Recheck": 0,"Exact Heap Blocks": 67016,"Lossy Heap Blocks": 0,"Plans": [{"Node Type": "Bitmap Index Scan","Parent Relationship": "Outer","Parallel Aware": false,"Async Capable": false,"Index Name": "idx_lineitem_shipdate","Startup Cost": 0.00,"Total Cost": 5611.55,"Plan Rows": 220712,"Plan Width": 0,"Actual Startup Time": 36.979,"Actual Total Time": 36.992,"Actual Rows": 227315,"Actual Loops": 1,"Index Cond": "((l_shipdate >= '1994-04-01'::date) AND (l_shipdate < '1994-07-01 00:00:00'::timestamp without time zone))"}]}]}]},{"Node Type": "Index Scan","Parent Relationship": "Outer","Parallel Aware": false,"Async Capable": false,"Scan Direction": "Forward","Index Name": "supplier_pkey","Relation Name": "supplier","Alias": "supplier","Startup Cost": 0.29,"Total Cost": 495.43,"Plan Rows": 10000,"Plan Width": 71,"Actual Startup Time": 0.084,"Actual Total Time": 2.331,"Actual Rows": 1360,"Actual Loops": 1},{"Node Type": "Sort","Parent Relationship": "Inner","Parallel Aware": false,"Async Capable": false,"Startup Cost": 124369.30,"Total Cost": 124369.43,"Plan Rows": 50,"Plan Width": 36,"Actual Startup Time": 1966.772,"Actual Total Time": 1966.788,"Actual Rows": 1,"Actual Loops": 1,"Sort Key": ["revenue0.supplier_no"],"Sort Method": "quicksort","Sort Space Used": 25,"Sort Space Type": "Memory","Plans": [{"Node Type": "Subquery Scan","Parent Relationship": "Outer","Parallel Aware": false,"Async Capable": false,"Alias": "revenue0","Startup Cost": 124217.29,"Total Cost": 124367.89,"Plan Rows": 50,"Plan Width": 36,"Actual Startup Time": 1963.574,"Actual Total Time": 1966.737,"Actual Rows": 1,"Actual Loops": 1,"Plans": [{"Node Type": "Aggregate","Strategy": "Hashed","Partial Mode": "Simple","Parent Relationship": "Subquery","Parallel Aware": false,"Async Capable": false,"Startup Cost": 124217.29,"Total Cost": 124367.39,"Plan Rows": 50,"Plan Width": 36,"Actual Startup Time": 1963.555,"Actual Total Time": 1966.695,"Actual Rows": 1,"Actual Loops": 1,"Group Key": ["lineitem.l_suppkey"],"Filter": "(sum((lineitem.l_extendedprice * ('1'::numeric - lineitem.l_discount))) = $0)","Planned Partitions": 0,"HashAgg Batches": 1,"Peak Memory Usage": 4497,"Disk Usage": 0,"Rows Removed by Filter": 9999,"Plans": [{"Node Type": "Bitmap Heap Scan","Parent Relationship": "Outer","Parallel Aware": false,"Async Capable": false,"Relation Name": "lineitem","Alias": "lineitem","Startup Cost": 5666.73,"Total Cost": 122010.16,"Plan Rows": 220712,"Plan Width": 16,"Actual Startup Time": 49.894,"Actual Total Time": 881.952,"Actual Rows": 227315,"Actual Loops": 1,"Recheck Cond": "((l_shipdate >= '1994-04-01'::date) AND (l_shipdate < '1994-07-01 00:00:00'::timestamp without time zone))","Rows Removed by Index Recheck": 0,"Exact Heap Blocks": 67016,"Lossy Heap Blocks": 0,"Plans": [{"Node Type": "Bitmap Index Scan","Parent Relationship": "Outer","Parallel Aware": false,"Async Capable": false,"Index Name": "idx_lineitem_shipdate","Startup Cost": 0.00,"Total Cost": 5611.55,"Plan Rows": 220712,"Plan Width": 0,"Actual Startup Time": 36.453,"Actual Total Time": 36.453,"Actual Rows": 227315,"Actual Loops": 1,"Index Cond": "((l_shipdate >= '1994-04-01'::date) AND (l_shipdate < '1994-07-01 00:00:00'::timestamp without time zone))"}]}]}]}]}]},"Planning Time": 4.191,"Triggers": [],"Execution Time": 1974.742}]
[{"Plan": {"Node Type": "Merge Join","Parallel Aware": false,"Async Capable": false,"Join Type": "Inner","Startup Cost": 248579.05,"Total Cost": 249099.95,"Plan Rows": 50,"Plan Width": 103,"Actual Startup Time": 1976.935,"Actual Total Time": 1976.985,"Actual Rows": 1,"Actual Loops": 1,"Inner Unique": true,"Merge Cond": "(supplier.s_suppkey = revenue0.supplier_no)","Plans": [{"Node Type": "Aggregate","Strategy": "Plain","Partial Mode": "Simple","Parent Relationship": "InitPlan","Subplan Name": "InitPlan 1 (returns $0)","Parallel Aware": false,"Async Capable": false,"Startup Cost": 124338.46,"Total Cost": 124338.47,"Plan Rows": 1,"Plan Width": 32,"Actual Startup Time": 904.220,"Actual Total Time": 904.239,"Actual Rows": 1,"Actual Loops": 1,"Plans": [{"Node Type": "Aggregate","Strategy": "Hashed","Partial Mode": "Simple","Parent Relationship": "Outer","Parallel Aware": false,"Async Capable": false,"Startup Cost": 124088.28,"Total Cost": 124213.37,"Plan Rows": 10007,"Plan Width": 36,"Actual Startup Time": 892.707,"Actual Total Time": 903.575,"Actual Rows": 10000,"Actual Loops": 1,"Group Key": ["lineitem_1.l_suppkey"],"Planned Partitions": 0,"HashAgg Batches": 1,"Peak Memory Usage": 4497,"Disk Usage": 0,"Plans": [{"Node Type": "Bitmap Heap Scan","Parent Relationship": "Outer","Parallel Aware": false,"Async Capable": false,"Relation Name": "lineitem","Alias": "lineitem_1","Startup Cost": 5871.20,"Total Cost": 121802.65,"Plan Rows": 228563,"Plan Width": 16,"Actual Startup Time": 49.074,"Actual Total Time": 688.668,"Actual Rows": 229923,"Actual Loops": 1,"Recheck Cond": "((l_shipdate >= '1993-10-01'::date) AND (l_shipdate < '1994-01-01 00:00:00'::timestamp without time zone))","Rows Removed by Index Recheck": 0,"Exact Heap Blocks": 67189,"Lossy Heap Blocks": 0,"Plans": [{"Node Type": "Bitmap Index Scan","Parent Relationship": "Outer","Parallel Aware": false,"Async Capable": false,"Index Name": "idx_lineitem_shipdate","Startup Cost": 0.00,"Total Cost": 5814.06,"Plan Rows": 228563,"Plan Width": 0,"Actual Startup Time": 35.482,"Actual Total Time": 35.494,"Actual Rows": 229923,"Actual Loops": 1,"Index Cond": "((l_shipdate >= '1993-10-01'::date) AND (l_shipdate < '1994-01-01 00:00:00'::timestamp without time zone))"}]}]}]},{"Node Type": "Index Scan","Parent Relationship": "Outer","Parallel Aware": false,"Async Capable": false,"Scan Direction": "Forward","Index Name": "supplier_pkey","Relation Name": "supplier","Alias": "supplier","Startup Cost": 0.29,"Total Cost": 495.43,"Plan Rows": 10000,"Plan Width": 71,"Actual Startup Time": 0.088,"Actual Total Time": 5.655,"Actual Rows": 3497,"Actual Loops": 1},{"Node Type": "Sort","Parent Relationship": "Inner","Parallel Aware": false,"Async Capable": false,"Startup Cost": 124240.30,"Total Cost": 124240.42,"Plan Rows": 50,"Plan Width": 36,"Actual Startup Time": 1971.016,"Actual Total Time": 1971.036,"Actual Rows": 1,"Actual Loops": 1,"Sort Key": ["revenue0.supplier_no"],"Sort Method": "quicksort","Sort Space Used": 25,"Sort Space Type": "Memory","Plans": [{"Node Type": "Subquery Scan","Parent Relationship": "Outer","Parallel Aware": false,"Async Capable": false,"Alias": "revenue0","Startup Cost": 124088.28,"Total Cost": 124238.89,"Plan Rows": 50,"Plan Width": 36,"Actual Startup Time": 1964.632,"Actual Total Time": 1970.939,"Actual Rows": 1,"Actual Loops": 1,"Plans": [{"Node Type": "Aggregate","Strategy": "Hashed","Partial Mode": "Simple","Parent Relationship": "Subquery","Parallel Aware": false,"Async Capable": false,"Startup Cost": 124088.28,"Total Cost": 124238.39,"Plan Rows": 50,"Plan Width": 36,"Actual Startup Time": 1964.613,"Actual Total Time": 1970.893,"Actual Rows": 1,"Actual Loops": 1,"Group Key": ["lineitem.l_suppkey"],"Filter": "(sum((lineitem.l_extendedprice * ('1'::numeric - lineitem.l_discount))) = $0)","Planned Partitions": 0,"HashAgg Batches": 1,"Peak Memory Usage": 4497,"Disk Usage": 0,"Rows Removed by Filter": 9999,"Plans": [{"Node Type": "Bitmap Heap Scan","Parent Relationship": "Outer","Parallel Aware": false,"Async Capable": false,"Relation Name": "lineitem","Alias": "lineitem","Startup Cost": 5871.20,"Total Cost": 121802.65,"Plan Rows": 228563,"Plan Width": 16,"Actual Startup Time": 49.258,"Actual Total Time": 883.520,"Actual Rows": 229923,"Actual Loops": 1,"Recheck Cond": "((l_shipdate >= '1993-10-01'::date) AND (l_shipdate < '1994-01-01 00:00:00'::timestamp without time zone))","Rows Removed by Index Recheck": 0,"Exact Heap Blocks": 67189,"Lossy Heap Blocks": 0,"Plans": [{"Node Type": "Bitmap Index Scan","Parent Relationship": "Outer","Parallel Aware": false,"Async Capable": false,"Index Name": "idx_lineitem_shipdate","Startup Cost": 0.00,"Total Cost": 5814.06,"Plan Rows": 228563,"Plan Width": 0,"Actual Startup Time": 35.850,"Actual Total Time": 35.850,"Actual Rows": 229923,"Actual Loops": 1,"Index Cond": "((l_shipdate >= '1993-10-01'::date) AND (l_shipdate < '1994-01-01 00:00:00'::timestamp without time zone))"}]}]}]}]}]},"Planning Time": 4.959,"Triggers": [],"Execution Time": 1982.579}]
[{"Plan": {"Node Type": "Merge Join","Parallel Aware": false,"Async Capable": false,"Join Type": "Inner","Startup Cost": 248716.76,"Total Cost": 249237.66,"Plan Rows": 50,"Plan Width": 103,"Actual Startup Time": 1990.692,"Actual Total Time": 1990.747,"Actual Rows": 1,"Actual Loops": 1,"Inner Unique": true,"Merge Cond": "(supplier.s_suppkey = revenue0.supplier_no)","Plans": [{"Node Type": "Aggregate","Strategy": "Plain","Partial Mode": "Simple","Parent Relationship": "InitPlan","Subplan Name": "InitPlan 1 (returns $0)","Parallel Aware": false,"Async Capable": false,"Startup Cost": 124407.31,"Total Cost": 124407.32,"Plan Rows": 1,"Plan Width": 32,"Actual Startup Time": 912.658,"Actual Total Time": 912.682,"Actual Rows": 1,"Actual Loops": 1,"Plans": [{"Node Type": "Aggregate","Strategy": "Hashed","Partial Mode": "Simple","Parent Relationship": "Outer","Parallel Aware": false,"Async Capable": false,"Startup Cost": 124157.14,"Total Cost": 124282.22,"Plan Rows": 10007,"Plan Width": 36,"Actual Startup Time": 906.053,"Actual Total Time": 912.012,"Actual Rows": 10000,"Actual Loops": 1,"Group Key": ["lineitem_1.l_suppkey"],"Planned Partitions": 0,"HashAgg Batches": 1,"Peak Memory Usage": 4497,"Disk Usage": 0,"Plans": [{"Node Type": "Bitmap Heap Scan","Parent Relationship": "Outer","Parallel Aware": false,"Async Capable": false,"Relation Name": "lineitem","Alias": "lineitem_1","Startup Cost": 5905.41,"Total Cost": 121857.64,"Plan Rows": 229949,"Plan Width": 16,"Actual Startup Time": 50.167,"Actual Total Time": 694.084,"Actual Rows": 228979,"Actual Loops": 1,"Recheck Cond": "((l_shipdate >= '1995-04-01'::date) AND (l_shipdate < '1995-07-01 00:00:00'::timestamp without time zone))","Rows Removed by Index Recheck": 0,"Exact Heap Blocks": 67322,"Lossy Heap Blocks": 0,"Plans": [{"Node Type": "Bitmap Index Scan","Parent Relationship": "Outer","Parallel Aware": false,"Async Capable": false,"Index Name": "idx_lineitem_shipdate","Startup Cost": 0.00,"Total Cost": 5847.92,"Plan Rows": 229949,"Plan Width": 0,"Actual Startup Time": 36.579,"Actual Total Time": 36.594,"Actual Rows": 228979,"Actual Loops": 1,"Index Cond": "((l_shipdate >= '1995-04-01'::date) AND (l_shipdate < '1995-07-01 00:00:00'::timestamp without time zone))"}]}]}]},{"Node Type": "Index Scan","Parent Relationship": "Outer","Parallel Aware": false,"Async Capable": false,"Scan Direction": "Forward","Index Name": "supplier_pkey","Relation Name": "supplier","Alias": "supplier","Startup Cost": 0.29,"Total Cost": 495.43,"Plan Rows": 10000,"Plan Width": 71,"Actual Startup Time": 0.097,"Actual Total Time": 1.843,"Actual Rows": 983,"Actual Loops": 1},{"Node Type": "Sort","Parent Relationship": "Inner","Parallel Aware": false,"Async Capable": false,"Startup Cost": 124309.15,"Total Cost": 124309.28,"Plan Rows": 50,"Plan Width": 36,"Actual Startup Time": 1988.729,"Actual Total Time": 1988.742,"Actual Rows": 1,"Actual Loops": 1,"Sort Key": ["revenue0.supplier_no"],"Sort Method": "quicksort","Sort Space Used": 25,"Sort Space Type": "Memory","Plans": [{"Node Type": "Subquery Scan","Parent Relationship": "Outer","Parallel Aware": false,"Async Capable": false,"Alias": "revenue0","Startup Cost": 124157.14,"Total Cost": 124307.74,"Plan Rows": 50,"Plan Width": 36,"Actual Startup Time": 1987.287,"Actual Total Time": 1988.674,"Actual Rows": 1,"Actual Loops": 1,"Plans": [{"Node Type": "Aggregate","Strategy": "Hashed","Partial Mode": "Simple","Parent Relationship": "Subquery","Parallel Aware": false,"Async Capable": false,"Startup Cost": 124157.14,"Total Cost": 124307.24,"Plan Rows": 50,"Plan Width": 36,"Actual Startup Time": 1987.273,"Actual Total Time": 1988.637,"Actual Rows": 1,"Actual Loops": 1,"Group Key": ["lineitem.l_suppkey"],"Filter": "(sum((lineitem.l_extendedprice * ('1'::numeric - lineitem.l_discount))) = $0)","Planned Partitions": 0,"HashAgg Batches": 1,"Peak Memory Usage": 4497,"Disk Usage": 0,"Rows Removed by Filter": 9999,"Plans": [{"Node Type": "Bitmap Heap Scan","Parent Relationship": "Outer","Parallel Aware": false,"Async Capable": false,"Relation Name": "lineitem","Alias": "lineitem","Startup Cost": 5905.41,"Total Cost": 121857.64,"Plan Rows": 229949,"Plan Width": 16,"Actual Startup Time": 50.252,"Actual Total Time": 888.847,"Actual Rows": 228979,"Actual Loops": 1,"Recheck Cond": "((l_shipdate >= '1995-04-01'::date) AND (l_shipdate < '1995-07-01 00:00:00'::timestamp without time zone))","Rows Removed by Index Recheck": 0,"Exact Heap Blocks": 67322,"Lossy Heap Blocks": 0,"Plans": [{"Node Type": "Bitmap Index Scan","Parent Relationship": "Outer","Parallel Aware": false,"Async Capable": false,"Index Name": "idx_lineitem_shipdate","Startup Cost": 0.00,"Total Cost": 5847.92,"Plan Rows": 229949,"Plan Width": 0,"Actual Startup Time": 36.820,"Actual Total Time": 36.820,"Actual Rows": 228979,"Actual Loops": 1,"Index Cond": "((l_shipdate >= '1995-04-01'::date) AND (l_shipdate < '1995-07-01 00:00:00'::timestamp without time zone))"}]}]}]}]}]},"Planning Time": 4.044,"Triggers": [],"Execution Time": 1996.677}]
[{"Plan": {"Node Type": "Merge Join","Parallel Aware": false,"Async Capable": false,"Join Type": "Inner","Startup Cost": 249007.37,"Total Cost": 249528.27,"Plan Rows": 50,"Plan Width": 103,"Actual Startup Time": 1950.290,"Actual Total Time": 1950.325,"Actual Rows": 1,"Actual Loops": 1,"Inner Unique": true,"Merge Cond": "(supplier.s_suppkey = revenue0.supplier_no)","Plans": [{"Node Type": "Aggregate","Strategy": "Plain","Partial Mode": "Simple","Parent Relationship": "InitPlan","Subplan Name": "InitPlan 1 (returns $0)","Parallel Aware": false,"Async Capable": false,"Startup Cost": 124552.62,"Total Cost": 124552.63,"Plan Rows": 1,"Plan Width": 32,"Actual Startup Time": 860.884,"Actual Total Time": 860.896,"Actual Rows": 1,"Actual Loops": 1,"Plans": [{"Node Type": "Aggregate","Strategy": "Hashed","Partial Mode": "Simple","Parent Relationship": "Outer","Parallel Aware": false,"Async Capable": false,"Startup Cost": 124302.44,"Total Cost": 124427.53,"Plan Rows": 10007,"Plan Width": 36,"Actual Startup Time": 850.275,"Actual Total Time": 860.310,"Actual Rows": 10000,"Actual Loops": 1,"Group Key": ["lineitem_1.l_suppkey"],"Planned Partitions": 0,"HashAgg Batches": 1,"Peak Memory Usage": 4497,"Disk Usage": 0,"Plans": [{"Node Type": "Bitmap Heap Scan","Parent Relationship": "Outer","Parallel Aware": false,"Async Capable": false,"Relation Name": "lineitem","Alias": "lineitem_1","Startup Cost": 5978.87,"Total Cost": 121974.21,"Plan Rows": 232823,"Plan Width": 16,"Actual Startup Time": 57.996,"Actual Total Time": 682.359,"Actual Rows": 230989,"Actual Loops": 1,"Recheck Cond": "((l_shipdate >= '1996-11-01'::date) AND (l_shipdate < '1997-02-01 00:00:00'::timestamp without time zone))","Rows Removed by Index Recheck": 0,"Exact Heap Blocks": 67204,"Lossy Heap Blocks": 0,"Plans": [{"Node Type": "Bitmap Index Scan","Parent Relationship": "Outer","Parallel Aware": false,"Async Capable": false,"Index Name": "idx_lineitem_shipdate","Startup Cost": 0.00,"Total Cost": 5920.66,"Plan Rows": 232823,"Plan Width": 0,"Actual Startup Time": 43.736,"Actual Total Time": 43.740,"Actual Rows": 230989,"Actual Loops": 1,"Index Cond": "((l_shipdate >= '1996-11-01'::date) AND (l_shipdate < '1997-02-01 00:00:00'::timestamp without time zone))"}]}]}]},{"Node Type": "Index Scan","Parent Relationship": "Outer","Parallel Aware": false,"Async Capable": false,"Scan Direction": "Forward","Index Name": "supplier_pkey","Relation Name": "supplier","Alias": "supplier","Startup Cost": 0.29,"Total Cost": 495.43,"Plan Rows": 10000,"Plan Width": 71,"Actual Startup Time": 0.101,"Actual Total Time": 0.973,"Actual Rows": 483,"Actual Loops": 1},{"Node Type": "Sort","Parent Relationship": "Inner","Parallel Aware": false,"Async Capable": false,"Startup Cost": 124454.46,"Total Cost": 124454.58,"Plan Rows": 50,"Plan Width": 36,"Actual Startup Time": 1949.248,"Actual Total Time": 1949.262,"Actual Rows": 1,"Actual Loops": 1,"Sort Key": ["revenue0.supplier_no"],"Sort Method": "quicksort","Sort Space Used": 25,"Sort Space Type": "Memory","Plans": [{"Node Type": "Subquery Scan","Parent Relationship": "Outer","Parallel Aware": false,"Async Capable": false,"Alias": "revenue0","Startup Cost": 124302.44,"Total Cost": 124453.05,"Plan Rows": 50,"Plan Width": 36,"Actual Startup Time": 1948.543,"Actual Total Time": 1949.217,"Actual Rows": 1,"Actual Loops": 1,"Plans": [{"Node Type": "Aggregate","Strategy": "Hashed","Partial Mode": "Simple","Parent Relationship": "Subquery","Parallel Aware": false,"Async Capable": false,"Startup Cost": 124302.44,"Total Cost": 124452.55,"Plan Rows": 50,"Plan Width": 36,"Actual Startup Time": 1948.534,"Actual Total Time": 1949.205,"Actual Rows": 1,"Actual Loops": 1,"Group Key": ["lineitem.l_suppkey"],"Filter": "(sum((lineitem.l_extendedprice * ('1'::numeric - lineitem.l_discount))) = $0)","Planned Partitions": 0,"HashAgg Batches": 1,"Peak Memory Usage": 4497,"Disk Usage": 0,"Rows Removed by Filter": 9999,"Plans": [{"Node Type": "Bitmap Heap Scan","Parent Relationship": "Outer","Parallel Aware": false,"Async Capable": false,"Relation Name": "lineitem","Alias": "lineitem","Startup Cost": 5978.87,"Total Cost": 121974.21,"Plan Rows": 232823,"Plan Width": 16,"Actual Startup Time": 57.232,"Actual Total Time": 886.042,"Actual Rows": 230989,"Actual Loops": 1,"Recheck Cond": "((l_shipdate >= '1996-11-01'::date) AND (l_shipdate < '1997-02-01 00:00:00'::timestamp without time zone))","Rows Removed by Index Recheck": 0,"Exact Heap Blocks": 67204,"Lossy Heap Blocks": 0,"Plans": [{"Node Type": "Bitmap Index Scan","Parent Relationship": "Outer","Parallel Aware": false,"Async Capable": false,"Index Name": "idx_lineitem_shipdate","Startup Cost": 0.00,"Total Cost": 5920.66,"Plan Rows": 232823,"Plan Width": 0,"Actual Startup Time": 43.557,"Actual Total Time": 43.561,"Actual Rows": 230989,"Actual Loops": 1,"Index Cond": "((l_shipdate >= '1996-11-01'::date) AND (l_shipdate < '1997-02-01 00:00:00'::timestamp without time zone))"}]}]}]}]}]},"Planning Time": 4.611,"Triggers": [],"Execution Time": 1953.473}]
[{"Plan": {"Node Type": "Merge Join","Parallel Aware": false,"Async Capable": false,"Join Type": "Inner","Startup Cost": 248837.06,"Total Cost": 249357.95,"Plan Rows": 50,"Plan Width": 103,"Actual Startup Time": 1969.246,"Actual Total Time": 1969.306,"Actual Rows": 1,"Actual Loops": 1,"Inner Unique": true,"Merge Cond": "(supplier.s_suppkey = revenue0.supplier_no)","Plans": [{"Node Type": "Aggregate","Strategy": "Plain","Partial Mode": "Simple","Parent Relationship": "InitPlan","Subplan Name": "InitPlan 1 (returns $0)","Parallel Aware": false,"Async Capable": false,"Startup Cost": 124467.46,"Total Cost": 124467.47,"Plan Rows": 1,"Plan Width": 32,"Actual Startup Time": 899.835,"Actual Total Time": 899.853,"Actual Rows": 1,"Actual Loops": 1,"Plans": [{"Node Type": "Aggregate","Strategy": "Hashed","Partial Mode": "Simple","Parent Relationship": "Outer","Parallel Aware": false,"Async Capable": false,"Startup Cost": 124217.29,"Total Cost": 124342.37,"Plan Rows": 10007,"Plan Width": 36,"Actual Startup Time": 888.951,"Actual Total Time": 899.159,"Actual Rows": 10000,"Actual Loops": 1,"Group Key": ["lineitem_1.l_suppkey"],"Planned Partitions": 0,"HashAgg Batches": 1,"Peak Memory Usage": 4497,"Disk Usage": 0,"Plans": [{"Node Type": "Bitmap Heap Scan","Parent Relationship": "Outer","Parallel Aware": false,"Async Capable": false,"Relation Name": "lineitem","Alias": "lineitem_1","Startup Cost": 5666.73,"Total Cost": 122010.16,"Plan Rows": 220712,"Plan Width": 16,"Actual Startup Time": 50.799,"Actual Total Time": 691.660,"Actual Rows": 227315,"Actual Loops": 1,"Recheck Cond": "((l_shipdate >= '1994-04-01'::date) AND (l_shipdate < '1994-07-01 00:00:00'::timestamp without time zone))","Rows Removed by Index Recheck": 0,"Exact Heap Blocks": 67016,"Lossy Heap Blocks": 0,"Plans": [{"Node Type": "Bitmap Index Scan","Parent Relationship": "Outer","Parallel Aware": false,"Async Capable": false,"Index Name": "idx_lineitem_shipdate","Startup Cost": 0.00,"Total Cost": 5611.55,"Plan Rows": 220712,"Plan Width": 0,"Actual Startup Time": 36.979,"Actual Total Time": 36.992,"Actual Rows": 227315,"Actual Loops": 1,"Index Cond": "((l_shipdate >= '1994-04-01'::date) AND (l_shipdate < '1994-07-01 00:00:00'::timestamp without time zone))"}]}]}]},{"Node Type": "Index Scan","Parent Relationship": "Outer","Parallel Aware": false,"Async Capable": false,"Scan Direction": "Forward","Index Name": "supplier_pkey","Relation Name": "supplier","Alias": "supplier","Startup Cost": 0.29,"Total Cost": 495.43,"Plan Rows": 10000,"Plan Width": 71,"Actual Startup Time": 0.084,"Actual Total Time": 2.331,"Actual Rows": 1360,"Actual Loops": 1},{"Node Type": "Sort","Parent Relationship": "Inner","Parallel Aware": false,"Async Capable": false,"Startup Cost": 124369.30,"Total Cost": 124369.43,"Plan Rows": 50,"Plan Width": 36,"Actual Startup Time": 1966.772,"Actual Total Time": 1966.788,"Actual Rows": 1,"Actual Loops": 1,"Sort Key": ["revenue0.supplier_no"],"Sort Method": "quicksort","Sort Space Used": 25,"Sort Space Type": "Memory","Plans": [{"Node Type": "Subquery Scan","Parent Relationship": "Outer","Parallel Aware": false,"Async Capable": false,"Alias": "revenue0","Startup Cost": 124217.29,"Total Cost": 124367.89,"Plan Rows": 50,"Plan Width": 36,"Actual Startup Time": 1963.574,"Actual Total Time": 1966.737,"Actual Rows": 1,"Actual Loops": 1,"Plans": [{"Node Type": "Aggregate","Strategy": "Hashed","Partial Mode": "Simple","Parent Relationship": "Subquery","Parallel Aware": false,"Async Capable": false,"Startup Cost": 124217.29,"Total Cost": 124367.39,"Plan Rows": 50,"Plan Width": 36,"Actual Startup Time": 1963.555,"Actual Total Time": 1966.695,"Actual Rows": 1,"Actual Loops": 1,"Group Key": ["lineitem.l_suppkey"],"Filter": "(sum((lineitem.l_extendedprice * ('1'::numeric - lineitem.l_discount))) = $0)","Planned Partitions": 0,"HashAgg Batches": 1,"Peak Memory Usage": 4497,"Disk Usage": 0,"Rows Removed by Filter": 9999,"Plans": [{"Node Type": "Bitmap Heap Scan","Parent Relationship": "Outer","Parallel Aware": false,"Async Capable": false,"Relation Name": "lineitem","Alias": "lineitem","Startup Cost": 5666.73,"Total Cost": 122010.16,"Plan Rows": 220712,"Plan Width": 16,"Actual Startup Time": 49.894,"Actual Total Time": 881.952,"Actual Rows": 227315,"Actual Loops": 1,"Recheck Cond": "((l_shipdate >= '1994-04-01'::date) AND (l_shipdate < '1994-07-01 00:00:00'::timestamp without time zone))","Rows Removed by Index Recheck": 0,"Exact Heap Blocks": 67016,"Lossy Heap Blocks": 0,"Plans": [{"Node Type": "Bitmap Index Scan","Parent Relationship": "Outer","Parallel Aware": false,"Async Capable": false,"Index Name": "idx_lineitem_shipdate","Startup Cost": 0.00,"Total Cost": 5611.55,"Plan Rows": 220712,"Plan Width": 0,"Actual Startup Time": 36.453,"Actual Total Time": 36.453,"Actual Rows": 227315,"Actual Loops": 1,"Index Cond": "((l_shipdate >= '1994-04-01'::date) AND (l_shipdate < '1994-07-01 00:00:00'::timestamp without time zone))"}]}]}]}]}]},"Planning Time": 4.191,"Triggers": [],"Execution Time": 1974.742}]
[{"Plan": {"Node Type": "Merge Join","Parallel Aware": false,"Async Capable": false,"Join Type": "Inner","Startup Cost": 249067.58,"Total Cost": 249588.48,"Plan Rows": 50,"Plan Width": 103,"Actual Startup Time": 1943.314,"Actual Total Time": 1943.349,"Actual Rows": 1,"Actual Loops": 1,"Inner Unique": true,"Merge Cond": "(supplier.s_suppkey = revenue0.supplier_no)","Plans": [{"Node Type": "Aggregate","Strategy": "Plain","Partial Mode": "Simple","Parent Relationship": "InitPlan","Subplan Name": "InitPlan 1 (returns $0)","Parallel Aware": false,"Async Capable": false,"Startup Cost": 124582.72,"Total Cost": 124582.73,"Plan Rows": 1,"Plan Width": 32,"Actual Startup Time": 848.418,"Actual Total Time": 848.429,"Actual Rows": 1,"Actual Loops": 1,"Plans": [{"Node Type": "Aggregate","Strategy": "Hashed","Partial Mode": "Simple","Parent Relationship": "Outer","Parallel Aware": false,"Async Capable": false,"Startup Cost": 124332.55,"Total Cost": 124457.64,"Plan Rows": 10007,"Plan Width": 36,"Actual Startup Time": 837.964,"Actual Total Time": 847.834,"Actual Rows": 10000,"Actual Loops": 1,"Group Key": ["lineitem_1.l_suppkey"],"Planned Partitions": 0,"HashAgg Batches": 1,"Peak Memory Usage": 4497,"Disk Usage": 0,"Plans": [{"Node Type": "Bitmap Heap Scan","Parent Relationship": "Outer","Parallel Aware": false,"Async Capable": false,"Relation Name": "lineitem","Alias": "lineitem_1","Startup Cost": 5993.30,"Total Cost": 121998.05,"Plan Rows": 233450,"Plan Width": 16,"Actual Startup Time": 50.617,"Actual Total Time": 672.114,"Actual Rows": 230363,"Actual Loops": 1,"Recheck Cond": "((l_shipdate >= '1995-05-01'::date) AND (l_shipdate < '1995-08-01 00:00:00'::timestamp without time zone))","Rows Removed by Index Recheck": 0,"Exact Heap Blocks": 67561,"Lossy Heap Blocks": 0,"Plans": [{"Node Type": "Bitmap Index Scan","Parent Relationship": "Outer","Parallel Aware": false,"Async Capable": false,"Index Name": "idx_lineitem_shipdate","Startup Cost": 0.00,"Total Cost": 5934.93,"Plan Rows": 233450,"Plan Width": 0,"Actual Startup Time": 37.100,"Actual Total Time": 37.103,"Actual Rows": 230363,"Actual Loops": 1,"Index Cond": "((l_shipdate >= '1995-05-01'::date) AND (l_shipdate < '1995-08-01 00:00:00'::timestamp without time zone))"}]}]}]},{"Node Type": "Index Scan","Parent Relationship": "Outer","Parallel Aware": false,"Async Capable": false,"Scan Direction": "Forward","Index Name": "supplier_pkey","Relation Name": "supplier","Alias": "supplier","Startup Cost": 0.29,"Total Cost": 495.43,"Plan Rows": 10000,"Plan Width": 71,"Actual Startup Time": 0.105,"Actual Total Time": 6.996,"Actual Rows": 4313,"Actual Loops": 1},{"Node Type": "Sort","Parent Relationship": "Inner","Parallel Aware": false,"Async Capable": false,"Startup Cost": 124484.57,"Total Cost": 124484.69,"Plan Rows": 50,"Plan Width": 36,"Actual Startup Time": 1936.037,"Actual Total Time": 1936.050,"Actual Rows": 1,"Actual Loops": 1,"Sort Key": ["revenue0.supplier_no"],"Sort Method": "quicksort","Sort Space Used": 25,"Sort Space Type": "Memory","Plans": [{"Node Type": "Subquery Scan","Parent Relationship": "Outer","Parallel Aware": false,"Async Capable": false,"Alias": "revenue0","Startup Cost": 124332.55,"Total Cost": 124483.15,"Plan Rows": 50,"Plan Width": 36,"Actual Startup Time": 1918.349,"Actual Total Time": 1936.015,"Actual Rows": 1,"Actual Loops": 1,"Plans": [{"Node Type": "Aggregate","Strategy": "Hashed","Partial Mode": "Simple","Parent Relationship": "Subquery","Parallel Aware": false,"Async Capable": false,"Startup Cost": 124332.55,"Total Cost": 124482.65,"Plan Rows": 50,"Plan Width": 36,"Actual Startup Time": 1918.345,"Actual Total Time": 1936.006,"Actual Rows": 1,"Actual Loops": 1,"Group Key": ["lineitem.l_suppkey"],"Filter": "(sum((lineitem.l_extendedprice * ('1'::numeric - lineitem.l_discount))) = $0)","Planned Partitions": 0,"HashAgg Batches": 1,"Peak Memory Usage": 4497,"Disk Usage": 0,"Rows Removed by Filter": 9999,"Plans": [{"Node Type": "Bitmap Heap Scan","Parent Relationship": "Outer","Parallel Aware": false,"Async Capable": false,"Relation Name": "lineitem","Alias": "lineitem","Startup Cost": 5993.30,"Total Cost": 121998.05,"Plan Rows": 233450,"Plan Width": 16,"Actual Startup Time": 50.872,"Actual Total Time": 888.924,"Actual Rows": 230363,"Actual Loops": 1,"Recheck Cond": "((l_shipdate >= '1995-05-01'::date) AND (l_shipdate < '1995-08-01 00:00:00'::timestamp without time zone))","Rows Removed by Index Recheck": 0,"Exact Heap Blocks": 67561,"Lossy Heap Blocks": 0,"Plans": [{"Node Type": "Bitmap Index Scan","Parent Relationship": "Outer","Parallel Aware": false,"Async Capable": false,"Index Name": "idx_lineitem_shipdate","Startup Cost": 0.00,"Total Cost": 5934.93,"Plan Rows": 233450,"Plan Width": 0,"Actual Startup Time": 37.359,"Actual Total Time": 37.360,"Actual Rows": 230363,"Actual Loops": 1,"Index Cond": "((l_shipdate >= '1995-05-01'::date) AND (l_shipdate < '1995-08-01 00:00:00'::timestamp without time zone))"}]}]}]}]}]},"Planning Time": 4.245,"Triggers": [],"Execution Time": 1946.397}]
[{"Plan": {"Node Type": "Merge Join","Parallel Aware": false,"Async Capable": false,"Join Type": "Inner","Startup Cost": 249448.72,"Total Cost": 249969.61,"Plan Rows": 50,"Plan Width": 103,"Actual Startup Time": 1952.448,"Actual Total Time": 1952.508,"Actual Rows": 1,"Actual Loops": 1,"Inner Unique": true,"Merge Cond": "(supplier.s_suppkey = revenue0.supplier_no)","Plans": [{"Node Type": "Aggregate","Strategy": "Plain","Partial Mode": "Simple","Parent Relationship": "InitPlan","Subplan Name": "InitPlan 1 (returns $0)","Parallel Aware": false,"Async Capable": false,"Startup Cost": 124773.29,"Total Cost": 124773.30,"Plan Rows": 1,"Plan Width": 32,"Actual Startup Time": 900.052,"Actual Total Time": 900.075,"Actual Rows": 1,"Actual Loops": 1,"Plans": [{"Node Type": "Aggregate","Strategy": "Hashed","Partial Mode": "Simple","Parent Relationship": "Outer","Parallel Aware": false,"Async Capable": false,"Startup Cost": 124523.11,"Total Cost": 124648.20,"Plan Rows": 10007,"Plan Width": 36,"Actual Startup Time": 890.849,"Actual Total Time": 899.431,"Actual Rows": 10000,"Actual Loops": 1,"Group Key": ["lineitem_1.l_suppkey"],"Planned Partitions": 0,"HashAgg Batches": 1,"Peak Memory Usage": 4497,"Disk Usage": 0,"Plans": [{"Node Type": "Bitmap Heap Scan","Parent Relationship": "Outer","Parallel Aware": false,"Async Capable": false,"Relation Name": "lineitem","Alias": "lineitem_1","Startup Cost": 6091.26,"Total Cost": 122151.57,"Plan Rows": 237154,"Plan Width": 16,"Actual Startup Time": 48.844,"Actual Total Time": 683.550,"Actual Rows": 224101,"Actual Loops": 1,"Recheck Cond": "((l_shipdate >= '1994-12-01'::date) AND (l_shipdate < '1995-03-01 00:00:00'::timestamp without time zone))","Rows Removed by Index Recheck": 0,"Exact Heap Blocks": 66615,"Lossy Heap Blocks": 0,"Plans": [{"Node Type": "Bitmap Index Scan","Parent Relationship": "Outer","Parallel Aware": false,"Async Capable": false,"Index Name": "idx_lineitem_shipdate","Startup Cost": 0.00,"Total Cost": 6031.97,"Plan Rows": 237154,"Plan Width": 0,"Actual Startup Time": 35.547,"Actual Total Time": 35.567,"Actual Rows": 224101,"Actual Loops": 1,"Index Cond": "((l_shipdate >= '1994-12-01'::date) AND (l_shipdate < '1995-03-01 00:00:00'::timestamp without time zone))"}]}]}]},{"Node Type": "Index Scan","Parent Relationship": "Outer","Parallel Aware": false,"Async Capable": false,"Scan Direction": "Forward","Index Name": "supplier_pkey","Relation Name": "supplier","Alias": "supplier","Startup Cost": 0.29,"Total Cost": 495.43,"Plan Rows": 10000,"Plan Width": 71,"Actual Startup Time": 0.085,"Actual Total Time": 12.935,"Actual Rows": 8423,"Actual Loops": 1},{"Node Type": "Sort","Parent Relationship": "Inner","Parallel Aware": false,"Async Capable": false,"Startup Cost": 124675.13,"Total Cost": 124675.26,"Plan Rows": 50,"Plan Width": 36,"Actual Startup Time": 1938.983,"Actual Total Time": 1938.999,"Actual Rows": 1,"Actual Loops": 1,"Sort Key": ["revenue0.supplier_no"],"Sort Method": "quicksort","Sort Space Used": 25,"Sort Space Type": "Memory","Plans": [{"Node Type": "Subquery Scan","Parent Relationship": "Outer","Parallel Aware": false,"Async Capable": false,"Alias": "revenue0","Startup Cost": 124523.11,"Total Cost": 124673.72,"Plan Rows": 50,"Plan Width": 36,"Actual Startup Time": 1938.890,"Actual Total Time": 1938.948,"Actual Rows": 1,"Actual Loops": 1,"Plans": [{"Node Type": "Aggregate","Strategy": "Hashed","Partial Mode": "Simple","Parent Relationship": "Subquery","Parallel Aware": false,"Async Capable": false,"Startup Cost": 124523.11,"Total Cost": 124673.22,"Plan Rows": 50,"Plan Width": 36,"Actual Startup Time": 1938.875,"Actual Total Time": 1938.909,"Actual Rows": 1,"Actual Loops": 1,"Group Key": ["lineitem.l_suppkey"],"Filter": "(sum((lineitem.l_extendedprice * ('1'::numeric - lineitem.l_discount))) = $0)","Planned Partitions": 0,"HashAgg Batches": 1,"Peak Memory Usage": 4497,"Disk Usage": 0,"Rows Removed by Filter": 9999,"Plans": [{"Node Type": "Bitmap Heap Scan","Parent Relationship": "Outer","Parallel Aware": false,"Async Capable": false,"Relation Name": "lineitem","Alias": "lineitem","Startup Cost": 6091.26,"Total Cost": 122151.57,"Plan Rows": 237154,"Plan Width": 16,"Actual Startup Time": 49.105,"Actual Total Time": 856.632,"Actual Rows": 224101,"Actual Loops": 1,"Recheck Cond": "((l_shipdate >= '1994-12-01'::date) AND (l_shipdate < '1995-03-01 00:00:00'::timestamp without time zone))","Rows Removed by Index Recheck": 0,"Exact Heap Blocks": 66615,"Lossy Heap Blocks": 0,"Plans": [{"Node Type": "Bitmap Index Scan","Parent Relationship": "Outer","Parallel Aware": false,"Async Capable": false,"Index Name": "idx_lineitem_shipdate","Startup Cost": 0.00,"Total Cost": 6031.97,"Plan Rows": 237154,"Plan Width": 0,"Actual Startup Time": 35.803,"Actual Total Time": 35.803,"Actual Rows": 224101,"Actual Loops": 1,"Index Cond": "((l_shipdate >= '1994-12-01'::date) AND (l_shipdate < '1995-03-01 00:00:00'::timestamp without time zone))"}]}]}]}]}]},"Planning Time": 5.356,"Triggers": [],"Execution Time": 1958.420}]
[{"Plan": {"Node Type": "Merge Join","Parallel Aware": false,"Async Capable": false,"Join Type": "Inner","Startup Cost": 249457.74,"Total Cost": 249978.63,"Plan Rows": 50,"Plan Width": 103,"Actual Startup Time": 2127.109,"Actual Total Time": 2127.171,"Actual Rows": 1,"Actual Loops": 1,"Inner Unique": true,"Merge Cond": "(supplier.s_suppkey = revenue0.supplier_no)","Plans": [{"Node Type": "Aggregate","Strategy": "Plain","Partial Mode": "Simple","Parent Relationship": "InitPlan","Subplan Name": "InitPlan 1 (returns $0)","Parallel Aware": false,"Async Capable": false,"Startup Cost": 124777.80,"Total Cost": 124777.81,"Plan Rows": 1,"Plan Width": 32,"Actual Startup Time": 997.906,"Actual Total Time": 997.926,"Actual Rows": 1,"Actual Loops": 1,"Plans": [{"Node Type": "Aggregate","Strategy": "Hashed","Partial Mode": "Simple","Parent Relationship": "Outer","Parallel Aware": false,"Async Capable": false,"Startup Cost": 124527.62,"Total Cost": 124652.71,"Plan Rows": 10007,"Plan Width": 36,"Actual Startup Time": 989.617,"Actual Total Time": 997.244,"Actual Rows": 10000,"Actual Loops": 1,"Group Key": ["lineitem_1.l_suppkey"],"Planned Partitions": 0,"HashAgg Batches": 1,"Peak Memory Usage": 4497,"Disk Usage": 0,"Plans": [{"Node Type": "Bitmap Heap Scan","Parent Relationship": "Outer","Parallel Aware": false,"Async Capable": false,"Relation Name": "lineitem","Alias": "lineitem_1","Startup Cost": 6092.57,"Total Cost": 122154.80,"Plan Rows": 237282,"Plan Width": 16,"Actual Startup Time": 59.269,"Actual Total Time": 782.096,"Actual Rows": 230274,"Actual Loops": 1,"Recheck Cond": "((l_shipdate >= '1997-07-01'::date) AND (l_shipdate < '1997-10-01 00:00:00'::timestamp without time zone))","Rows Removed by Index Recheck": 0,"Exact Heap Blocks": 67274,"Lossy Heap Blocks": 0,"Plans": [{"Node Type": "Bitmap Index Scan","Parent Relationship": "Outer","Parallel Aware": false,"Async Capable": false,"Index Name": "idx_lineitem_shipdate","Startup Cost": 0.00,"Total Cost": 6033.25,"Plan Rows": 237282,"Plan Width": 0,"Actual Startup Time": 45.354,"Actual Total Time": 45.368,"Actual Rows": 230274,"Actual Loops": 1,"Index Cond": "((l_shipdate >= '1997-07-01'::date) AND (l_shipdate < '1997-10-01 00:00:00'::timestamp without time zone))"}]}]}]},{"Node Type": "Index Scan","Parent Relationship": "Outer","Parallel Aware": false,"Async Capable": false,"Scan Direction": "Forward","Index Name": "supplier_pkey","Relation Name": "supplier","Alias": "supplier","Startup Cost": 0.29,"Total Cost": 495.43,"Plan Rows": 10000,"Plan Width": 71,"Actual Startup Time": 0.082,"Actual Total Time": 9.953,"Actual Rows": 5903,"Actual Loops": 1},{"Node Type": "Sort","Parent Relationship": "Inner","Parallel Aware": false,"Async Capable": false,"Startup Cost": 124679.64,"Total Cost": 124679.77,"Plan Rows": 50,"Plan Width": 36,"Actual Startup Time": 2116.784,"Actual Total Time": 2116.821,"Actual Rows": 1,"Actual Loops": 1,"Sort Key": ["revenue0.supplier_no"],"Sort Method": "quicksort","Sort Space Used": 25,"Sort Space Type": "Memory","Plans": [{"Node Type": "Subquery Scan","Parent Relationship": "Outer","Parallel Aware": false,"Async Capable": false,"Alias": "revenue0","Startup Cost": 124527.62,"Total Cost": 124678.23,"Plan Rows": 50,"Plan Width": 36,"Actual Startup Time": 2113.870,"Actual Total Time": 2116.736,"Actual Rows": 1,"Actual Loops": 1,"Plans": [{"Node Type": "Aggregate","Strategy": "Hashed","Partial Mode": "Simple","Parent Relationship": "Subquery","Parallel Aware": false,"Async Capable": false,"Startup Cost": 124527.62,"Total Cost": 124677.73,"Plan Rows": 50,"Plan Width": 36,"Actual Startup Time": 2113.854,"Actual Total Time": 2116.701,"Actual Rows": 1,"Actual Loops": 1,"Group Key": ["lineitem.l_suppkey"],"Filter": "(sum((lineitem.l_extendedprice * ('1'::numeric - lineitem.l_discount))) = $0)","Planned Partitions": 0,"HashAgg Batches": 1,"Peak Memory Usage": 4497,"Disk Usage": 0,"Rows Removed by Filter": 9999,"Plans": [{"Node Type": "Bitmap Heap Scan","Parent Relationship": "Outer","Parallel Aware": false,"Async Capable": false,"Relation Name": "lineitem","Alias": "lineitem","Startup Cost": 6092.57,"Total Cost": 122154.80,"Plan Rows": 237282,"Plan Width": 16,"Actual Startup Time": 54.610,"Actual Total Time": 936.260,"Actual Rows": 230274,"Actual Loops": 1,"Recheck Cond": "((l_shipdate >= '1997-07-01'::date) AND (l_shipdate < '1997-10-01 00:00:00'::timestamp without time zone))","Rows Removed by Index Recheck": 0,"Exact Heap Blocks": 67274,"Lossy Heap Blocks": 0,"Plans": [{"Node Type": "Bitmap Index Scan","Parent Relationship": "Outer","Parallel Aware": false,"Async Capable": false,"Index Name": "idx_lineitem_shipdate","Startup Cost": 0.00,"Total Cost": 6033.25,"Plan Rows": 237282,"Plan Width": 0,"Actual Startup Time": 40.982,"Actual Total Time": 41.009,"Actual Rows": 230274,"Actual Loops": 1,"Index Cond": "((l_shipdate >= '1997-07-01'::date) AND (l_shipdate < '1997-10-01 00:00:00'::timestamp without time zone))"}]}]}]}]}]},"Planning Time": 4.364,"Triggers": [],"Execution Time": 2132.001}]
[{"Plan": {"Node Type": "Merge Join","Parallel Aware": false,"Async Capable": false,"Join Type": "Inner","Startup Cost": 248219.14,"Total Cost": 248740.03,"Plan Rows": 50,"Plan Width": 103,"Actual Startup Time": 2054.866,"Actual Total Time": 2054.924,"Actual Rows": 1,"Actual Loops": 1,"Inner Unique": true,"Merge Cond": "(supplier.s_suppkey = revenue0.supplier_no)","Plans": [{"Node Type": "Aggregate","Strategy": "Plain","Partial Mode": "Simple","Parent Relationship": "InitPlan","Subplan Name": "InitPlan 1 (returns $0)","Parallel Aware": false,"Async Capable": false,"Startup Cost": 124158.50,"Total Cost": 124158.51,"Plan Rows": 1,"Plan Width": 32,"Actual Startup Time": 912.132,"Actual Total Time": 912.157,"Actual Rows": 1,"Actual Loops": 1,"Plans": [{"Node Type": "Aggregate","Strategy": "Hashed","Partial Mode": "Simple","Parent Relationship": "Outer","Parallel Aware": false,"Async Capable": false,"Startup Cost": 123908.32,"Total Cost": 124033.41,"Plan Rows": 10007,"Plan Width": 36,"Actual Startup Time": 904.470,"Actual Total Time": 911.507,"Actual Rows": 10000,"Actual Loops": 1,"Group Key": ["lineitem_1.l_suppkey"],"Planned Partitions": 0,"HashAgg Batches": 1,"Peak Memory Usage": 4497,"Disk Usage": 0,"Plans": [{"Node Type": "Bitmap Heap Scan","Parent Relationship": "Outer","Parallel Aware": false,"Async Capable": false,"Relation Name": "lineitem","Alias": "lineitem_1","Startup Cost": 5778.58,"Total Cost": 121658.43,"Plan Rows": 224990,"Plan Width": 16,"Actual Startup Time": 51.201,"Actual Total Time": 704.457,"Actual Rows": 225954,"Actual Loops": 1,"Recheck Cond": "((l_shipdate >= '1996-01-01'::date) AND (l_shipdate < '1996-04-01 00:00:00'::timestamp without time zone))","Rows Removed by Index Recheck": 0,"Exact Heap Blocks": 66894,"Lossy Heap Blocks": 0,"Plans": [{"Node Type": "Bitmap Index Scan","Parent Relationship": "Outer","Parallel Aware": false,"Async Capable": false,"Index Name": "idx_lineitem_shipdate","Startup Cost": 0.00,"Total Cost": 5722.33,"Plan Rows": 224990,"Plan Width": 0,"Actual Startup Time": 37.658,"Actual Total Time": 37.675,"Actual Rows": 225954,"Actual Loops": 1,"Index Cond": "((l_shipdate >= '1996-01-01'::date) AND (l_shipdate < '1996-04-01 00:00:00'::timestamp without time zone))"}]}]}]},{"Node Type": "Index Scan","Parent Relationship": "Outer","Parallel Aware": false,"Async Capable": false,"Scan Direction": "Forward","Index Name": "supplier_pkey","Relation Name": "supplier","Alias": "supplier","Startup Cost": 0.29,"Total Cost": 495.43,"Plan Rows": 10000,"Plan Width": 71,"Actual Startup Time": 0.122,"Actual Total Time": 14.191,"Actual Rows": 8450,"Actual Loops": 1},{"Node Type": "Sort","Parent Relationship": "Inner","Parallel Aware": false,"Async Capable": false,"Startup Cost": 124060.34,"Total Cost": 124060.47,"Plan Rows": 50,"Plan Width": 36,"Actual Startup Time": 2040.148,"Actual Total Time": 2040.163,"Actual Rows": 1,"Actual Loops": 1,"Sort Key": ["revenue0.supplier_no"],"Sort Method": "quicksort","Sort Space Used": 25,"Sort Space Type": "Memory","Plans": [{"Node Type": "Subquery Scan","Parent Relationship": "Outer","Parallel Aware": false,"Async Capable": false,"Alias": "revenue0","Startup Cost": 123908.32,"Total Cost": 124058.93,"Plan Rows": 50,"Plan Width": 36,"Actual Startup Time": 2033.928,"Actual Total Time": 2040.084,"Actual Rows": 1,"Actual Loops": 1,"Plans": [{"Node Type": "Aggregate","Strategy": "Hashed","Partial Mode": "Simple","Parent Relationship": "Subquery","Parallel Aware": false,"Async Capable": false,"Startup Cost": 123908.32,"Total Cost": 124058.43,"Plan Rows": 50,"Plan Width": 36,"Actual Startup Time": 2033.913,"Actual Total Time": 2040.046,"Actual Rows": 1,"Actual Loops": 1,"Group Key": ["lineitem.l_suppkey"],"Filter": "(sum((lineitem.l_extendedprice * ('1'::numeric - lineitem.l_discount))) = $0)","Planned Partitions": 0,"HashAgg Batches": 1,"Peak Memory Usage": 4497,"Disk Usage": 0,"Rows Removed by Filter": 9999,"Plans": [{"Node Type": "Bitmap Heap Scan","Parent Relationship": "Outer","Parallel Aware": false,"Async Capable": false,"Relation Name": "lineitem","Alias": "lineitem","Startup Cost": 5778.58,"Total Cost": 121658.43,"Plan Rows": 224990,"Plan Width": 16,"Actual Startup Time": 51.509,"Actual Total Time": 899.433,"Actual Rows": 225954,"Actual Loops": 1,"Recheck Cond": "((l_shipdate >= '1996-01-01'::date) AND (l_shipdate < '1996-04-01 00:00:00'::timestamp without time zone))","Rows Removed by Index Recheck": 0,"Exact Heap Blocks": 66894,"Lossy Heap Blocks": 0,"Plans": [{"Node Type": "Bitmap Index Scan","Parent Relationship": "Outer","Parallel Aware": false,"Async Capable": false,"Index Name": "idx_lineitem_shipdate","Startup Cost": 0.00,"Total Cost": 5722.33,"Plan Rows": 224990,"Plan Width": 0,"Actual Startup Time": 38.031,"Actual Total Time": 38.032,"Actual Rows": 225954,"Actual Loops": 1,"Index Cond": "((l_shipdate >= '1996-01-01'::date) AND (l_shipdate < '1996-04-01 00:00:00'::timestamp without time zone))"}]}]}]}]}]},"Planning Time": 4.188,"Triggers": [],"Execution Time": 2060.031}]
[{"Plan": {"Node Type": "Merge Join","Parallel Aware": false,"Async Capable": false,"Join Type": "Inner","Startup Cost": 248978.65,"Total Cost": 249499.55,"Plan Rows": 50,"Plan Width": 103,"Actual Startup Time": 2096.212,"Actual Total Time": 2096.274,"Actual Rows": 1,"Actual Loops": 1,"Inner Unique": true,"Merge Cond": "(supplier.s_suppkey = revenue0.supplier_no)","Plans": [{"Node Type": "Aggregate","Strategy": "Plain","Partial Mode": "Simple","Parent Relationship": "InitPlan","Subplan Name": "InitPlan 1 (returns $0)","Parallel Aware": false,"Async Capable": false,"Startup Cost": 124538.26,"Total Cost": 124538.27,"Plan Rows": 1,"Plan Width": 32,"Actual Startup Time": 983.907,"Actual Total Time": 983.932,"Actual Rows": 1,"Actual Loops": 1,"Plans": [{"Node Type": "Aggregate","Strategy": "Hashed","Partial Mode": "Simple","Parent Relationship": "Outer","Parallel Aware": false,"Async Capable": false,"Startup Cost": 124288.08,"Total Cost": 124413.17,"Plan Rows": 10007,"Plan Width": 36,"Actual Startup Time": 975.922,"Actual Total Time": 983.270,"Actual Rows": 10000,"Actual Loops": 1,"Group Key": ["lineitem_1.l_suppkey"],"Planned Partitions": 0,"HashAgg Batches": 1,"Peak Memory Usage": 4497,"Disk Usage": 0,"Plans": [{"Node Type": "Bitmap Heap Scan","Parent Relationship": "Outer","Parallel Aware": false,"Async Capable": false,"Relation Name": "lineitem","Alias": "lineitem_1","Startup Cost": 5640.42,"Total Cost": 122091.02,"Plan Rows": 219706,"Plan Width": 16,"Actual Startup Time": 58.372,"Actual Total Time": 769.400,"Actual Rows": 224003,"Actual Loops": 1,"Recheck Cond": "((l_shipdate >= '1993-01-01'::date) AND (l_shipdate < '1993-04-01 00:00:00'::timestamp without time zone))","Rows Removed by Index Recheck": 0,"Exact Heap Blocks": 66450,"Lossy Heap Blocks": 0,"Plans": [{"Node Type": "Bitmap Index Scan","Parent Relationship": "Outer","Parallel Aware": false,"Async Capable": false,"Index Name": "idx_lineitem_shipdate","Startup Cost": 0.00,"Total Cost": 5585.49,"Plan Rows": 219706,"Plan Width": 0,"Actual Startup Time": 44.700,"Actual Total Time": 44.716,"Actual Rows": 224003,"Actual Loops": 1,"Index Cond": "((l_shipdate >= '1993-01-01'::date) AND (l_shipdate < '1993-04-01 00:00:00'::timestamp without time zone))"}]}]}]},{"Node Type": "Index Scan","Parent Relationship": "Outer","Parallel Aware": false,"Async Capable": false,"Scan Direction": "Forward","Index Name": "supplier_pkey","Relation Name": "supplier","Alias": "supplier","Startup Cost": 0.29,"Total Cost": 495.43,"Plan Rows": 10000,"Plan Width": 71,"Actual Startup Time": 0.093,"Actual Total Time": 9.121,"Actual Rows": 5369,"Actual Loops": 1},{"Node Type": "Sort","Parent Relationship": "Inner","Parallel Aware": false,"Async Capable": false,"Startup Cost": 124440.10,"Total Cost": 124440.22,"Plan Rows": 50,"Plan Width": 36,"Actual Startup Time": 2086.718,"Actual Total Time": 2086.732,"Actual Rows": 1,"Actual Loops": 1,"Sort Key": ["revenue0.supplier_no"],"Sort Method": "quicksort","Sort Space Used": 25,"Sort Space Type": "Memory","Plans": [{"Node Type": "Subquery Scan","Parent Relationship": "Outer","Parallel Aware": false,"Async Capable": false,"Alias": "revenue0","Startup Cost": 124288.08,"Total Cost": 124438.69,"Plan Rows": 50,"Plan Width": 36,"Actual Startup Time": 2085.226,"Actual Total Time": 2086.666,"Actual Rows": 1,"Actual Loops": 1,"Plans": [{"Node Type": "Aggregate","Strategy": "Hashed","Partial Mode": "Simple","Parent Relationship": "Subquery","Parallel Aware": false,"Async Capable": false,"Startup Cost": 124288.08,"Total Cost": 124438.19,"Plan Rows": 50,"Plan Width": 36,"Actual Startup Time": 2085.209,"Actual Total Time": 2086.627,"Actual Rows": 1,"Actual Loops": 1,"Group Key": ["lineitem.l_suppkey"],"Filter": "(sum((lineitem.l_extendedprice * ('1'::numeric - lineitem.l_discount))) = $0)","Planned Partitions": 0,"HashAgg Batches": 1,"Peak Memory Usage": 4497,"Disk Usage": 0,"Rows Removed by Filter": 9999,"Plans": [{"Node Type": "Bitmap Heap Scan","Parent Relationship": "Outer","Parallel Aware": false,"Async Capable": false,"Relation Name": "lineitem","Alias": "lineitem","Startup Cost": 5640.42,"Total Cost": 122091.02,"Plan Rows": 219706,"Plan Width": 16,"Actual Startup Time": 54.479,"Actual Total Time": 923.475,"Actual Rows": 224003,"Actual Loops": 1,"Recheck Cond": "((l_shipdate >= '1993-01-01'::date) AND (l_shipdate < '1993-04-01 00:00:00'::timestamp without time zone))","Rows Removed by Index Recheck": 0,"Exact Heap Blocks": 66450,"Lossy Heap Blocks": 0,"Plans": [{"Node Type": "Bitmap Index Scan","Parent Relationship": "Outer","Parallel Aware": false,"Async Capable": false,"Index Name": "idx_lineitem_shipdate","Startup Cost": 0.00,"Total Cost": 5585.49,"Plan Rows": 219706,"Plan Width": 0,"Actual Startup Time": 41.018,"Actual Total Time": 41.018,"Actual Rows": 224003,"Actual Loops": 1,"Index Cond": "((l_shipdate >= '1993-01-01'::date) AND (l_shipdate < '1993-04-01 00:00:00'::timestamp without time zone))"}]}]}]}]}]},"Planning Time": 5.332,"Triggers": [],"Execution Time": 2101.239}]
[{"Plan": {"Node Type": "Merge Join","Parallel Aware": false,"Async Capable": false,"Join Type": "Inner","Startup Cost": 249071.51,"Total Cost": 249592.41,"Plan Rows": 50,"Plan Width": 103,"Actual Startup Time": 2110.599,"Actual Total Time": 2110.677,"Actual Rows": 1,"Actual Loops": 1,"Inner Unique": true,"Merge Cond": "(supplier.s_suppkey = revenue0.supplier_no)","Plans": [{"Node Type": "Aggregate","Strategy": "Plain","Partial Mode": "Simple","Parent Relationship": "InitPlan","Subplan Name": "InitPlan 1 (returns $0)","Parallel Aware": false,"Async Capable": false,"Startup Cost": 124584.69,"Total Cost": 124584.70,"Plan Rows": 1,"Plan Width": 32,"Actual Startup Time": 993.769,"Actual Total Time": 993.795,"Actual Rows": 1,"Actual Loops": 1,"Plans": [{"Node Type": "Aggregate","Strategy": "Hashed","Partial Mode": "Simple","Parent Relationship": "Outer","Parallel Aware": false,"Async Capable": false,"Startup Cost": 124334.51,"Total Cost": 124459.60,"Plan Rows": 10007,"Plan Width": 36,"Actual Startup Time": 986.871,"Actual Total Time": 993.109,"Actual Rows": 10000,"Actual Loops": 1,"Group Key": ["lineitem_1.l_suppkey"],"Planned Partitions": 0,"HashAgg Batches": 1,"Peak Memory Usage": 4497,"Disk Usage": 0,"Plans": [{"Node Type": "Bitmap Heap Scan","Parent Relationship": "Outer","Parallel Aware": false,"Async Capable": false,"Relation Name": "lineitem","Alias": "lineitem_1","Startup Cost": 5625.90,"Total Cost": 122143.81,"Plan Rows": 219070,"Plan Width": 16,"Actual Startup Time": 58.722,"Actual Total Time": 774.337,"Actual Rows": 229004,"Actual Loops": 1,"Recheck Cond": "((l_shipdate >= '1993-11-01'::date) AND (l_shipdate < '1994-02-01 00:00:00'::timestamp without time zone))","Rows Removed by Index Recheck": 0,"Exact Heap Blocks": 67131,"Lossy Heap Blocks": 0,"Plans": [{"Node Type": "Bitmap Index Scan","Parent Relationship": "Outer","Parallel Aware": false,"Async Capable": false,"Index Name": "idx_lineitem_shipdate","Startup Cost": 0.00,"Total Cost": 5571.13,"Plan Rows": 219070,"Plan Width": 0,"Actual Startup Time": 44.914,"Actual Total Time": 44.935,"Actual Rows": 229004,"Actual Loops": 1,"Index Cond": "((l_shipdate >= '1993-11-01'::date) AND (l_shipdate < '1994-02-01 00:00:00'::timestamp without time zone))"}]}]}]},{"Node Type": "Index Scan","Parent Relationship": "Outer","Parallel Aware": false,"Async Capable": false,"Scan Direction": "Forward","Index Name": "supplier_pkey","Relation Name": "supplier","Alias": "supplier","Startup Cost": 0.29,"Total Cost": 495.43,"Plan Rows": 10000,"Plan Width": 71,"Actual Startup Time": 0.107,"Actual Total Time": 9.434,"Actual Rows": 5487,"Actual Loops": 1},{"Node Type": "Sort","Parent Relationship": "Inner","Parallel Aware": false,"Async Capable": false,"Startup Cost": 124486.53,"Total Cost": 124486.65,"Plan Rows": 50,"Plan Width": 36,"Actual Startup Time": 2100.793,"Actual Total Time": 2100.813,"Actual Rows": 1,"Actual Loops": 1,"Sort Key": ["revenue0.supplier_no"],"Sort Method": "quicksort","Sort Space Used": 25,"Sort Space Type": "Memory","Plans": [{"Node Type": "Subquery Scan","Parent Relationship": "Outer","Parallel Aware": false,"Async Capable": false,"Alias": "revenue0","Startup Cost": 124334.51,"Total Cost": 124485.12,"Plan Rows": 50,"Plan Width": 36,"Actual Startup Time": 2097.633,"Actual Total Time": 2100.707,"Actual Rows": 1,"Actual Loops": 1,"Plans": [{"Node Type": "Aggregate","Strategy": "Hashed","Partial Mode": "Simple","Parent Relationship": "Subquery","Parallel Aware": false,"Async Capable": false,"Startup Cost": 124334.51,"Total Cost": 124484.62,"Plan Rows": 50,"Plan Width": 36,"Actual Startup Time": 2097.616,"Actual Total Time": 2100.659,"Actual Rows": 1,"Actual Loops": 1,"Group Key": ["lineitem.l_suppkey"],"Filter": "(sum((lineitem.l_extendedprice * ('1'::numeric - lineitem.l_discount))) = $0)","Planned Partitions": 0,"HashAgg Batches": 1,"Peak Memory Usage": 4497,"Disk Usage": 0,"Rows Removed by Filter": 9999,"Plans": [{"Node Type": "Bitmap Heap Scan","Parent Relationship": "Outer","Parallel Aware": false,"Async Capable": false,"Relation Name": "lineitem","Alias": "lineitem","Startup Cost": 5625.90,"Total Cost": 122143.81,"Plan Rows": 219070,"Plan Width": 16,"Actual Startup Time": 54.544,"Actual Total Time": 928.571,"Actual Rows": 229004,"Actual Loops": 1,"Recheck Cond": "((l_shipdate >= '1993-11-01'::date) AND (l_shipdate < '1994-02-01 00:00:00'::timestamp without time zone))","Rows Removed by Index Recheck": 0,"Exact Heap Blocks": 67131,"Lossy Heap Blocks": 0,"Plans": [{"Node Type": "Bitmap Index Scan","Parent Relationship": "Outer","Parallel Aware": false,"Async Capable": false,"Index Name": "idx_lineitem_shipdate","Startup Cost": 0.00,"Total Cost": 5571.13,"Plan Rows": 219070,"Plan Width": 0,"Actual Startup Time": 41.027,"Actual Total Time": 41.029,"Actual Rows": 229004,"Actual Loops": 1,"Index Cond": "((l_shipdate >= '1993-11-01'::date) AND (l_shipdate < '1994-02-01 00:00:00'::timestamp without time zone))"}]}]}]}]}]},"Planning Time": 4.907,"Triggers": [],"Execution Time": 2115.877}]
[{"Plan": {"Node Type": "Merge Join","Parallel Aware": false,"Async Capable": false,"Join Type": "Inner","Startup Cost": 248643.56,"Total Cost": 249164.46,"Plan Rows": 50,"Plan Width": 103,"Actual Startup Time": 2051.080,"Actual Total Time": 2051.125,"Actual Rows": 1,"Actual Loops": 1,"Inner Unique": true,"Merge Cond": "(supplier.s_suppkey = revenue0.supplier_no)","Plans": [{"Node Type": "Aggregate","Strategy": "Plain","Partial Mode": "Simple","Parent Relationship": "InitPlan","Subplan Name": "InitPlan 1 (returns $0)","Parallel Aware": false,"Async Capable": false,"Startup Cost": 124370.71,"Total Cost": 124370.72,"Plan Rows": 1,"Plan Width": 32,"Actual Startup Time": 925.866,"Actual Total Time": 925.883,"Actual Rows": 1,"Actual Loops": 1,"Plans": [{"Node Type": "Aggregate","Strategy": "Hashed","Partial Mode": "Simple","Parent Relationship": "Outer","Parallel Aware": false,"Async Capable": false,"Startup Cost": 124120.54,"Total Cost": 124245.62,"Plan Rows": 10007,"Plan Width": 36,"Actual Startup Time": 919.658,"Actual Total Time": 925.281,"Actual Rows": 10000,"Actual Loops": 1,"Group Key": ["lineitem_1.l_suppkey"],"Planned Partitions": 0,"HashAgg Batches": 1,"Peak Memory Usage": 4497,"Disk Usage": 0,"Plans": [{"Node Type": "Bitmap Heap Scan","Parent Relationship": "Outer","Parallel Aware": false,"Async Capable": false,"Relation Name": "lineitem","Alias": "lineitem_1","Startup Cost": 5704.94,"Total Cost": 121899.56,"Plan Rows": 222098,"Plan Width": 16,"Actual Startup Time": 58.148,"Actual Total Time": 772.764,"Actual Rows": 223616,"Actual Loops": 1,"Recheck Cond": "((l_shipdate >= '1993-12-01'::date) AND (l_shipdate < '1994-03-01 00:00:00'::timestamp without time zone))","Rows Removed by Index Recheck": 0,"Exact Heap Blocks": 66445,"Lossy Heap Blocks": 0,"Plans": [{"Node Type": "Bitmap Index Scan","Parent Relationship": "Outer","Parallel Aware": false,"Async Capable": false,"Index Name": "idx_lineitem_shipdate","Startup Cost": 0.00,"Total Cost": 5649.41,"Plan Rows": 222098,"Plan Width": 0,"Actual Startup Time": 44.427,"Actual Total Time": 44.430,"Actual Rows": 223616,"Actual Loops": 1,"Index Cond": "((l_shipdate >= '1993-12-01'::date) AND (l_shipdate < '1994-03-01 00:00:00'::timestamp without time zone))"}]}]}]},{"Node Type": "Index Scan","Parent Relationship": "Outer","Parallel Aware": false,"Async Capable": false,"Scan Direction": "Forward","Index Name": "supplier_pkey","Relation Name": "supplier","Alias": "supplier","Startup Cost": 0.29,"Total Cost": 495.43,"Plan Rows": 10000,"Plan Width": 71,"Actual Startup Time": 0.103,"Actual Total Time": 8.477,"Actual Rows": 5450,"Actual Loops": 1},{"Node Type": "Sort","Parent Relationship": "Inner","Parallel Aware": false,"Async Capable": false,"Startup Cost": 124272.55,"Total Cost": 124272.68,"Plan Rows": 50,"Plan Width": 36,"Actual Startup Time": 2042.272,"Actual Total Time": 2042.286,"Actual Rows": 1,"Actual Loops": 1,"Sort Key": ["revenue0.supplier_no"],"Sort Method": "quicksort","Sort Space Used": 25,"Sort Space Type": "Memory","Plans": [{"Node Type": "Subquery Scan","Parent Relationship": "Outer","Parallel Aware": false,"Async Capable": false,"Alias": "revenue0","Startup Cost": 124120.54,"Total Cost": 124271.14,"Plan Rows": 50,"Plan Width": 36,"Actual Startup Time": 2038.275,"Actual Total Time": 2042.231,"Actual Rows": 1,"Actual Loops": 1,"Plans": [{"Node Type": "Aggregate","Strategy": "Hashed","Partial Mode": "Simple","Parent Relationship": "Subquery","Parallel Aware": false,"Async Capable": false,"Startup Cost": 124120.54,"Total Cost": 124270.64,"Plan Rows": 50,"Plan Width": 36,"Actual Startup Time": 2038.266,"Actual Total Time": 2042.216,"Actual Rows": 1,"Actual Loops": 1,"Group Key": ["lineitem.l_suppkey"],"Filter": "(sum((lineitem.l_extendedprice * ('1'::numeric - lineitem.l_discount))) = $0)","Planned Partitions": 0,"HashAgg Batches": 1,"Peak Memory Usage": 4497,"Disk Usage": 0,"Rows Removed by Filter": 9999,"Plans": [{"Node Type": "Bitmap Heap Scan","Parent Relationship": "Outer","Parallel Aware": false,"Async Capable": false,"Relation Name": "lineitem","Alias": "lineitem","Startup Cost": 5704.94,"Total Cost": 121899.56,"Plan Rows": 222098,"Plan Width": 16,"Actual Startup Time": 55.253,"Actual Total Time": 922.575,"Actual Rows": 223616,"Actual Loops": 1,"Recheck Cond": "((l_shipdate >= '1993-12-01'::date) AND (l_shipdate < '1994-03-01 00:00:00'::timestamp without time zone))","Rows Removed by Index Recheck": 0,"Exact Heap Blocks": 66445,"Lossy Heap Blocks": 0,"Plans": [{"Node Type": "Bitmap Index Scan","Parent Relationship": "Outer","Parallel Aware": false,"Async Capable": false,"Index Name": "idx_lineitem_shipdate","Startup Cost": 0.00,"Total Cost": 5649.41,"Plan Rows": 222098,"Plan Width": 0,"Actual Startup Time": 41.648,"Actual Total Time": 41.651,"Actual Rows": 223616,"Actual Loops": 1,"Index Cond": "((l_shipdate >= '1993-12-01'::date) AND (l_shipdate < '1994-03-01 00:00:00'::timestamp without time zone))"}]}]}]}]}]},"Planning Time": 3.986,"Triggers": [],"Execution Time": 2056.157}]
[{"Plan": {"Node Type": "Merge Join","Parallel Aware": false,"Async Capable": false,"Join Type": "Inner","Startup Cost": 248479.68,"Total Cost": 249000.57,"Plan Rows": 50,"Plan Width": 103,"Actual Startup Time": 2053.100,"Actual Total Time": 2053.133,"Actual Rows": 1,"Actual Loops": 1,"Inner Unique": true,"Merge Cond": "(supplier.s_suppkey = revenue0.supplier_no)","Plans": [{"Node Type": "Aggregate","Strategy": "Plain","Partial Mode": "Simple","Parent Relationship": "InitPlan","Subplan Name": "InitPlan 1 (returns $0)","Parallel Aware": false,"Async Capable": false,"Startup Cost": 124288.77,"Total Cost": 124288.78,"Plan Rows": 1,"Plan Width": 32,"Actual Startup Time": 929.631,"Actual Total Time": 929.645,"Actual Rows": 1,"Actual Loops": 1,"Plans": [{"Node Type": "Aggregate","Strategy": "Hashed","Partial Mode": "Simple","Parent Relationship": "Outer","Parallel Aware": false,"Async Capable": false,"Startup Cost": 124038.60,"Total Cost": 124163.68,"Plan Rows": 10007,"Plan Width": 36,"Actual Startup Time": 921.618,"Actual Total Time": 929.055,"Actual Rows": 10000,"Actual Loops": 1,"Group Key": ["lineitem_1.l_suppkey"],"Planned Partitions": 0,"HashAgg Batches": 1,"Peak Memory Usage": 4497,"Disk Usage": 0,"Plans": [{"Node Type": "Bitmap Heap Scan","Parent Relationship": "Outer","Parallel Aware": false,"Async Capable": false,"Relation Name": "lineitem","Alias": "lineitem_1","Startup Cost": 5732.35,"Total Cost": 121806.48,"Plan Rows": 223211,"Plan Width": 16,"Actual Startup Time": 58.729,"Actual Total Time": 776.902,"Actual Rows": 224122,"Actual Loops": 1,"Recheck Cond": "((l_shipdate >= '1994-01-01'::date) AND (l_shipdate < '1994-04-01 00:00:00'::timestamp without time zone))","Rows Removed by Index Recheck": 0,"Exact Heap Blocks": 66544,"Lossy Heap Blocks": 0,"Plans": [{"Node Type": "Bitmap Index Scan","Parent Relationship": "Outer","Parallel Aware": false,"Async Capable": false,"Index Name": "idx_lineitem_shipdate","Startup Cost": 0.00,"Total Cost": 5676.54,"Plan Rows": 223211,"Plan Width": 0,"Actual Startup Time": 44.999,"Actual Total Time": 45.004,"Actual Rows": 224122,"Actual Loops": 1,"Index Cond": "((l_shipdate >= '1994-01-01'::date) AND (l_shipdate < '1994-04-01 00:00:00'::timestamp without time zone))"}]}]}]},{"Node Type": "Index Scan","Parent Relationship": "Outer","Parallel Aware": false,"Async Capable": false,"Scan Direction": "Forward","Index Name": "supplier_pkey","Relation Name": "supplier","Alias": "supplier","Startup Cost": 0.29,"Total Cost": 495.43,"Plan Rows": 10000,"Plan Width": 71,"Actual Startup Time": 0.106,"Actual Total Time": 4.039,"Actual Rows": 2328,"Actual Loops": 1},{"Node Type": "Sort","Parent Relationship": "Inner","Parallel Aware": false,"Async Capable": false,"Startup Cost": 124190.61,"Total Cost": 124190.74,"Plan Rows": 50,"Plan Width": 36,"Actual Startup Time": 2048.905,"Actual Total Time": 2048.913,"Actual Rows": 1,"Actual Loops": 1,"Sort Key": ["revenue0.supplier_no"],"Sort Method": "quicksort","Sort Space Used": 25,"Sort Space Type": "Memory","Plans": [{"Node Type": "Subquery Scan","Parent Relationship": "Outer","Parallel Aware": false,"Async Capable": false,"Alias": "revenue0","Startup Cost": 124038.60,"Total Cost": 124189.20,"Plan Rows": 50,"Plan Width": 36,"Actual Startup Time": 2034.594,"Actual Total Time": 2048.883,"Actual Rows": 1,"Actual Loops": 1,"Plans": [{"Node Type": "Aggregate","Strategy": "Hashed","Partial Mode": "Simple","Parent Relationship": "Subquery","Parallel Aware": false,"Async Capable": false,"Startup Cost": 124038.60,"Total Cost": 124188.70,"Plan Rows": 50,"Plan Width": 36,"Actual Startup Time": 2034.588,"Actual Total Time": 2048.875,"Actual Rows": 1,"Actual Loops": 1,"Group Key": ["lineitem.l_suppkey"],"Filter": "(sum((lineitem.l_extendedprice * ('1'::numeric - lineitem.l_discount))) = $0)","Planned Partitions": 0,"HashAgg Batches": 1,"Peak Memory Usage": 4497,"Disk Usage": 0,"Rows Removed by Filter": 9999,"Plans": [{"Node Type": "Bitmap Heap Scan","Parent Relationship": "Outer","Parallel Aware": false,"Async Capable": false,"Relation Name": "lineitem","Alias": "lineitem","Startup Cost": 5732.35,"Total Cost": 121806.48,"Plan Rows": 223211,"Plan Width": 16,"Actual Startup Time": 54.443,"Actual Total Time": 924.226,"Actual Rows": 224122,"Actual Loops": 1,"Recheck Cond": "((l_shipdate >= '1994-01-01'::date) AND (l_shipdate < '1994-04-01 00:00:00'::timestamp without time zone))","Rows Removed by Index Recheck": 0,"Exact Heap Blocks": 66544,"Lossy Heap Blocks": 0,"Plans": [{"Node Type": "Bitmap Index Scan","Parent Relationship": "Outer","Parallel Aware": false,"Async Capable": false,"Index Name": "idx_lineitem_shipdate","Startup Cost": 0.00,"Total Cost": 5676.54,"Plan Rows": 223211,"Plan Width": 0,"Actual Startup Time": 40.756,"Actual Total Time": 40.756,"Actual Rows": 224122,"Actual Loops": 1,"Index Cond": "((l_shipdate >= '1994-01-01'::date) AND (l_shipdate < '1994-04-01 00:00:00'::timestamp without time zone))"}]}]}]}]}]},"Planning Time": 4.844,"Triggers": [],"Execution Time": 2058.211}]
[{"Plan": {"Node Type": "Merge Join","Parallel Aware": false,"Async Capable": false,"Join Type": "Inner","Startup Cost": 248397.34,"Total Cost": 248918.24,"Plan Rows": 50,"Plan Width": 103,"Actual Startup Time": 2132.561,"Actual Total Time": 2132.611,"Actual Rows": 1,"Actual Loops": 1,"Inner Unique": true,"Merge Cond": "(supplier.s_suppkey = revenue0.supplier_no)","Plans": [{"Node Type": "Aggregate","Strategy": "Plain","Partial Mode": "Simple","Parent Relationship": "InitPlan","Subplan Name": "InitPlan 1 (returns $0)","Parallel Aware": false,"Async Capable": false,"Startup Cost": 124247.60,"Total Cost": 124247.61,"Plan Rows": 1,"Plan Width": 32,"Actual Startup Time": 1004.511,"Actual Total Time": 1004.530,"Actual Rows": 1,"Actual Loops": 1,"Plans": [{"Node Type": "Aggregate","Strategy": "Hashed","Partial Mode": "Simple","Parent Relationship": "Outer","Parallel Aware": false,"Async Capable": false,"Startup Cost": 123997.43,"Total Cost": 124122.51,"Plan Rows": 10007,"Plan Width": 36,"Actual Startup Time": 997.133,"Actual Total Time": 1003.860,"Actual Rows": 10000,"Actual Loops": 1,"Group Key": ["lineitem_1.l_suppkey"],"Planned Partitions": 0,"HashAgg Batches": 1,"Peak Memory Usage": 4497,"Disk Usage": 0,"Plans": [{"Node Type": "Bitmap Heap Scan","Parent Relationship": "Outer","Parallel Aware": false,"Async Capable": false,"Relation Name": "lineitem","Alias": "lineitem_1","Startup Cost": 5824.93,"Total Cost": 121729.63,"Plan Rows": 226780,"Plan Width": 16,"Actual Startup Time": 65.404,"Actual Total Time": 789.488,"Actual Rows": 230659,"Actual Loops": 1,"Recheck Cond": "((l_shipdate >= '1995-07-01'::date) AND (l_shipdate < '1995-10-01 00:00:00'::timestamp without time zone))","Rows Removed by Index Recheck": 0,"Exact Heap Blocks": 67431,"Lossy Heap Blocks": 0,"Plans": [{"Node Type": "Bitmap Index Scan","Parent Relationship": "Outer","Parallel Aware": false,"Async Capable": false,"Index Name": "idx_lineitem_shipdate","Startup Cost": 0.00,"Total Cost": 5768.23,"Plan Rows": 226780,"Plan Width": 0,"Actual Startup Time": 51.481,"Actual Total Time": 51.496,"Actual Rows": 230659,"Actual Loops": 1,"Index Cond": "((l_shipdate >= '1995-07-01'::date) AND (l_shipdate < '1995-10-01 00:00:00'::timestamp without time zone))"}]}]}]},{"Node Type": "Index Scan","Parent Relationship": "Outer","Parallel Aware": false,"Async Capable": false,"Scan Direction": "Forward","Index Name": "supplier_pkey","Relation Name": "supplier","Alias": "supplier","Startup Cost": 0.29,"Total Cost": 495.43,"Plan Rows": 10000,"Plan Width": 71,"Actual Startup Time": 0.120,"Actual Total Time": 0.700,"Actual Rows": 264,"Actual Loops": 1},{"Node Type": "Sort","Parent Relationship": "Inner","Parallel Aware": false,"Async Capable": false,"Startup Cost": 124149.44,"Total Cost": 124149.57,"Plan Rows": 50,"Plan Width": 36,"Actual Startup Time": 2131.781,"Actual Total Time": 2131.792,"Actual Rows": 1,"Actual Loops": 1,"Sort Key": ["revenue0.supplier_no"],"Sort Method": "quicksort","Sort Space Used": 25,"Sort Space Type": "Memory","Plans": [{"Node Type": "Subquery Scan","Parent Relationship": "Outer","Parallel Aware": false,"Async Capable": false,"Alias": "revenue0","Startup Cost": 123997.43,"Total Cost": 124148.03,"Plan Rows": 50,"Plan Width": 36,"Actual Startup Time": 2129.290,"Actual Total Time": 2131.723,"Actual Rows": 1,"Actual Loops": 1,"Plans": [{"Node Type": "Aggregate","Strategy": "Hashed","Partial Mode": "Simple","Parent Relationship": "Subquery","Parallel Aware": false,"Async Capable": false,"Startup Cost": 123997.43,"Total Cost": 124147.53,"Plan Rows": 50,"Plan Width": 36,"Actual Startup Time": 2129.272,"Actual Total Time": 2131.683,"Actual Rows": 1,"Actual Loops": 1,"Group Key": ["lineitem.l_suppkey"],"Filter": "(sum((lineitem.l_extendedprice * ('1'::numeric - lineitem.l_discount))) = $0)","Planned Partitions": 0,"HashAgg Batches": 1,"Peak Memory Usage": 4497,"Disk Usage": 0,"Rows Removed by Filter": 9999,"Plans": [{"Node Type": "Bitmap Heap Scan","Parent Relationship": "Outer","Parallel Aware": false,"Async Capable": false,"Relation Name": "lineitem","Alias": "lineitem","Startup Cost": 5824.93,"Total Cost": 121729.63,"Plan Rows": 226780,"Plan Width": 16,"Actual Startup Time": 62.757,"Actual Total Time": 945.261,"Actual Rows": 230659,"Actual Loops": 1,"Recheck Cond": "((l_shipdate >= '1995-07-01'::date) AND (l_shipdate < '1995-10-01 00:00:00'::timestamp without time zone))","Rows Removed by Index Recheck": 0,"Exact Heap Blocks": 67431,"Lossy Heap Blocks": 0,"Plans": [{"Node Type": "Bitmap Index Scan","Parent Relationship": "Outer","Parallel Aware": false,"Async Capable": false,"Index Name": "idx_lineitem_shipdate","Startup Cost": 0.00,"Total Cost": 5768.23,"Plan Rows": 226780,"Plan Width": 0,"Actual Startup Time": 49.243,"Actual Total Time": 49.243,"Actual Rows": 230659,"Actual Loops": 1,"Index Cond": "((l_shipdate >= '1995-07-01'::date) AND (l_shipdate < '1995-10-01 00:00:00'::timestamp without time zone))"}]}]}]}]}]},"Planning Time": 3.858,"Triggers": [],"Execution Time": 2137.592}]
[{"Plan": {"Node Type": "Merge Join","Parallel Aware": false,"Async Capable": false,"Join Type": "Inner","Startup Cost": 248837.06,"Total Cost": 249357.95,"Plan Rows": 50,"Plan Width": 103,"Actual Startup Time": 1969.246,"Actual Total Time": 1969.306,"Actual Rows": 1,"Actual Loops": 1,"Inner Unique": true,"Merge Cond": "(supplier.s_suppkey = revenue0.supplier_no)","Plans": [{"Node Type": "Aggregate","Strategy": "Plain","Partial Mode": "Simple","Parent Relationship": "InitPlan","Subplan Name": "InitPlan 1 (returns $0)","Parallel Aware": false,"Async Capable": false,"Startup Cost": 124467.46,"Total Cost": 124467.47,"Plan Rows": 1,"Plan Width": 32,"Actual Startup Time": 899.835,"Actual Total Time": 899.853,"Actual Rows": 1,"Actual Loops": 1,"Plans": [{"Node Type": "Aggregate","Strategy": "Hashed","Partial Mode": "Simple","Parent Relationship": "Outer","Parallel Aware": false,"Async Capable": false,"Startup Cost": 124217.29,"Total Cost": 124342.37,"Plan Rows": 10007,"Plan Width": 36,"Actual Startup Time": 888.951,"Actual Total Time": 899.159,"Actual Rows": 10000,"Actual Loops": 1,"Group Key": ["lineitem_1.l_suppkey"],"Planned Partitions": 0,"HashAgg Batches": 1,"Peak Memory Usage": 4497,"Disk Usage": 0,"Plans": [{"Node Type": "Bitmap Heap Scan","Parent Relationship": "Outer","Parallel Aware": false,"Async Capable": false,"Relation Name": "lineitem","Alias": "lineitem_1","Startup Cost": 5666.73,"Total Cost": 122010.16,"Plan Rows": 220712,"Plan Width": 16,"Actual Startup Time": 50.799,"Actual Total Time": 691.660,"Actual Rows": 227315,"Actual Loops": 1,"Recheck Cond": "((l_shipdate >= '1994-04-01'::date) AND (l_shipdate < '1994-07-01 00:00:00'::timestamp without time zone))","Rows Removed by Index Recheck": 0,"Exact Heap Blocks": 67016,"Lossy Heap Blocks": 0,"Plans": [{"Node Type": "Bitmap Index Scan","Parent Relationship": "Outer","Parallel Aware": false,"Async Capable": false,"Index Name": "idx_lineitem_shipdate","Startup Cost": 0.00,"Total Cost": 5611.55,"Plan Rows": 220712,"Plan Width": 0,"Actual Startup Time": 36.979,"Actual Total Time": 36.992,"Actual Rows": 227315,"Actual Loops": 1,"Index Cond": "((l_shipdate >= '1994-04-01'::date) AND (l_shipdate < '1994-07-01 00:00:00'::timestamp without time zone))"}]}]}]},{"Node Type": "Index Scan","Parent Relationship": "Outer","Parallel Aware": false,"Async Capable": false,"Scan Direction": "Forward","Index Name": "supplier_pkey","Relation Name": "supplier","Alias": "supplier","Startup Cost": 0.29,"Total Cost": 495.43,"Plan Rows": 10000,"Plan Width": 71,"Actual Startup Time": 0.084,"Actual Total Time": 2.331,"Actual Rows": 1360,"Actual Loops": 1},{"Node Type": "Sort","Parent Relationship": "Inner","Parallel Aware": false,"Async Capable": false,"Startup Cost": 124369.30,"Total Cost": 124369.43,"Plan Rows": 50,"Plan Width": 36,"Actual Startup Time": 1966.772,"Actual Total Time": 1966.788,"Actual Rows": 1,"Actual Loops": 1,"Sort Key": ["revenue0.supplier_no"],"Sort Method": "quicksort","Sort Space Used": 25,"Sort Space Type": "Memory","Plans": [{"Node Type": "Subquery Scan","Parent Relationship": "Outer","Parallel Aware": false,"Async Capable": false,"Alias": "revenue0","Startup Cost": 124217.29,"Total Cost": 124367.89,"Plan Rows": 50,"Plan Width": 36,"Actual Startup Time": 1963.574,"Actual Total Time": 1966.737,"Actual Rows": 1,"Actual Loops": 1,"Plans": [{"Node Type": "Aggregate","Strategy": "Hashed","Partial Mode": "Simple","Parent Relationship": "Subquery","Parallel Aware": false,"Async Capable": false,"Startup Cost": 124217.29,"Total Cost": 124367.39,"Plan Rows": 50,"Plan Width": 36,"Actual Startup Time": 1963.555,"Actual Total Time": 1966.695,"Actual Rows": 1,"Actual Loops": 1,"Group Key": ["lineitem.l_suppkey"],"Filter": "(sum((lineitem.l_extendedprice * ('1'::numeric - lineitem.l_discount))) = $0)","Planned Partitions": 0,"HashAgg Batches": 1,"Peak Memory Usage": 4497,"Disk Usage": 0,"Rows Removed by Filter": 9999,"Plans": [{"Node Type": "Bitmap Heap Scan","Parent Relationship": "Outer","Parallel Aware": false,"Async Capable": false,"Relation Name": "lineitem","Alias": "lineitem","Startup Cost": 5666.73,"Total Cost": 122010.16,"Plan Rows": 220712,"Plan Width": 16,"Actual Startup Time": 49.894,"Actual Total Time": 881.952,"Actual Rows": 227315,"Actual Loops": 1,"Recheck Cond": "((l_shipdate >= '1994-04-01'::date) AND (l_shipdate < '1994-07-01 00:00:00'::timestamp without time zone))","Rows Removed by Index Recheck": 0,"Exact Heap Blocks": 67016,"Lossy Heap Blocks": 0,"Plans": [{"Node Type": "Bitmap Index Scan","Parent Relationship": "Outer","Parallel Aware": false,"Async Capable": false,"Index Name": "idx_lineitem_shipdate","Startup Cost": 0.00,"Total Cost": 5611.55,"Plan Rows": 220712,"Plan Width": 0,"Actual Startup Time": 36.453,"Actual Total Time": 36.453,"Actual Rows": 227315,"Actual Loops": 1,"Index Cond": "((l_shipdate >= '1994-04-01'::date) AND (l_shipdate < '1994-07-01 00:00:00'::timestamp without time zone))"}]}]}]}]}]},"Planning Time": 4.191,"Triggers": [],"Execution Time": 1974.742}]
[{"Plan": {"Node Type": "Merge Join","Parallel Aware": false,"Async Capable": false,"Join Type": "Inner","Startup Cost": 249012.02,"Total Cost": 249532.92,"Plan Rows": 50,"Plan Width": 103,"Actual Startup Time": 2119.244,"Actual Total Time": 2119.296,"Actual Rows": 1,"Actual Loops": 1,"Inner Unique": true,"Merge Cond": "(supplier.s_suppkey = revenue0.supplier_no)","Plans": [{"Node Type": "Aggregate","Strategy": "Plain","Partial Mode": "Simple","Parent Relationship": "InitPlan","Subplan Name": "InitPlan 1 (returns $0)","Parallel Aware": false,"Async Capable": false,"Startup Cost": 124554.94,"Total Cost": 124554.95,"Plan Rows": 1,"Plan Width": 32,"Actual Startup Time": 992.757,"Actual Total Time": 992.777,"Actual Rows": 1,"Actual Loops": 1,"Plans": [{"Node Type": "Aggregate","Strategy": "Hashed","Partial Mode": "Simple","Parent Relationship": "Outer","Parallel Aware": false,"Async Capable": false,"Startup Cost": 124304.77,"Total Cost": 124429.86,"Plan Rows": 10007,"Plan Width": 36,"Actual Startup Time": 985.158,"Actual Total Time": 992.112,"Actual Rows": 10000,"Actual Loops": 1,"Group Key": ["lineitem_1.l_suppkey"],"Planned Partitions": 0,"HashAgg Batches": 1,"Peak Memory Usage": 4497,"Disk Usage": 0,"Plans": [{"Node Type": "Bitmap Heap Scan","Parent Relationship": "Outer","Parallel Aware": false,"Async Capable": false,"Relation Name": "lineitem","Alias": "lineitem_1","Startup Cost": 5979.54,"Total Cost": 121975.88,"Plan Rows": 232889,"Plan Width": 16,"Actual Startup Time": 58.676,"Actual Total Time": 780.634,"Actual Rows": 229796,"Actual Loops": 1,"Recheck Cond": "((l_shipdate >= '1993-08-01'::date) AND (l_shipdate < '1993-11-01 00:00:00'::timestamp without time zone))","Rows Removed by Index Recheck": 0,"Exact Heap Blocks": 67184,"Lossy Heap Blocks": 0,"Plans": [{"Node Type": "Bitmap Index Scan","Parent Relationship": "Outer","Parallel Aware": false,"Async Capable": false,"Index Name": "idx_lineitem_shipdate","Startup Cost": 0.00,"Total Cost": 5921.32,"Plan Rows": 232889,"Plan Width": 0,"Actual Startup Time": 44.964,"Actual Total Time": 44.978,"Actual Rows": 229796,"Actual Loops": 1,"Index Cond": "((l_shipdate >= '1993-08-01'::date) AND (l_shipdate < '1993-11-01 00:00:00'::timestamp without time zone))"}]}]}]},{"Node Type": "Index Scan","Parent Relationship": "Outer","Parallel Aware": false,"Async Capable": false,"Scan Direction": "Forward","Index Name": "supplier_pkey","Relation Name": "supplier","Alias": "supplier","Startup Cost": 0.29,"Total Cost": 495.43,"Plan Rows": 10000,"Plan Width": 71,"Actual Startup Time": 0.109,"Actual Total Time": 11.654,"Actual Rows": 6952,"Actual Loops": 1},{"Node Type": "Sort","Parent Relationship": "Inner","Parallel Aware": false,"Async Capable": false,"Startup Cost": 124456.78,"Total Cost": 124456.91,"Plan Rows": 50,"Plan Width": 36,"Actual Startup Time": 2107.151,"Actual Total Time": 2107.177,"Actual Rows": 1,"Actual Loops": 1,"Sort Key": ["revenue0.supplier_no"],"Sort Method": "quicksort","Sort Space Used": 25,"Sort Space Type": "Memory","Plans": [{"Node Type": "Subquery Scan","Parent Relationship": "Outer","Parallel Aware": false,"Async Capable": false,"Alias": "revenue0","Startup Cost": 124304.77,"Total Cost": 124455.37,"Plan Rows": 50,"Plan Width": 36,"Actual Startup Time": 2103.069,"Actual Total Time": 2107.067,"Actual Rows": 1,"Actual Loops": 1,"Plans": [{"Node Type": "Aggregate","Strategy": "Hashed","Partial Mode": "Simple","Parent Relationship": "Subquery","Parallel Aware": false,"Async Capable": false,"Startup Cost": 124304.77,"Total Cost": 124454.87,"Plan Rows": 50,"Plan Width": 36,"Actual Startup Time": 2103.055,"Actual Total Time": 2107.034,"Actual Rows": 1,"Actual Loops": 1,"Group Key": ["lineitem.l_suppkey"],"Filter": "(sum((lineitem.l_extendedprice * ('1'::numeric - lineitem.l_discount))) = $0)","Planned Partitions": 0,"HashAgg Batches": 1,"Peak Memory Usage": 4497,"Disk Usage": 0,"Rows Removed by Filter": 9999,"Plans": [{"Node Type": "Bitmap Heap Scan","Parent Relationship": "Outer","Parallel Aware": false,"Async Capable": false,"Relation Name": "lineitem","Alias": "lineitem","Startup Cost": 5979.54,"Total Cost": 121975.88,"Plan Rows": 232889,"Plan Width": 16,"Actual Startup Time": 55.870,"Actual Total Time": 932.576,"Actual Rows": 229796,"Actual Loops": 1,"Recheck Cond": "((l_shipdate >= '1993-08-01'::date) AND (l_shipdate < '1993-11-01 00:00:00'::timestamp without time zone))","Rows Removed by Index Recheck": 0,"Exact Heap Blocks": 67184,"Lossy Heap Blocks": 0,"Plans": [{"Node Type": "Bitmap Index Scan","Parent Relationship": "Outer","Parallel Aware": false,"Async Capable": false,"Index Name": "idx_lineitem_shipdate","Startup Cost": 0.00,"Total Cost": 5921.32,"Plan Rows": 232889,"Plan Width": 0,"Actual Startup Time": 41.935,"Actual Total Time": 41.948,"Actual Rows": 229796,"Actual Loops": 1,"Index Cond": "((l_shipdate >= '1993-08-01'::date) AND (l_shipdate < '1993-11-01 00:00:00'::timestamp without time zone))"}]}]}]}]}]},"Planning Time": 4.203,"Triggers": [],"Execution Time": 2124.103}]
[{"Plan": {"Node Type": "Merge Join","Parallel Aware": false,"Async Capable": false,"Join Type": "Inner","Startup Cost": 248243.53,"Total Cost": 248764.43,"Plan Rows": 50,"Plan Width": 103,"Actual Startup Time": 1915.884,"Actual Total Time": 1915.929,"Actual Rows": 1,"Actual Loops": 1,"Inner Unique": true,"Merge Cond": "(supplier.s_suppkey = revenue0.supplier_no)","Plans": [{"Node Type": "Aggregate","Strategy": "Plain","Partial Mode": "Simple","Parent Relationship": "InitPlan","Subplan Name": "InitPlan 1 (returns $0)","Parallel Aware": false,"Async Capable": false,"Startup Cost": 124170.70,"Total Cost": 124170.71,"Plan Rows": 1,"Plan Width": 32,"Actual Startup Time": 821.081,"Actual Total Time": 821.096,"Actual Rows": 1,"Actual Loops": 1,"Plans": [{"Node Type": "Aggregate","Strategy": "Hashed","Partial Mode": "Simple","Parent Relationship": "Outer","Parallel Aware": false,"Async Capable": false,"Startup Cost": 123920.52,"Total Cost": 124045.61,"Plan Rows": 10007,"Plan Width": 36,"Actual Startup Time": 813.173,"Actual Total Time": 820.503,"Actual Rows": 10000,"Actual Loops": 1,"Group Key": ["lineitem_1.l_suppkey"],"Planned Partitions": 0,"HashAgg Batches": 1,"Peak Memory Usage": 4497,"Disk Usage": 0,"Plans": [{"Node Type": "Bitmap Heap Scan","Parent Relationship": "Outer","Parallel Aware": false,"Async Capable": false,"Relation Name": "lineitem","Alias": "lineitem_1","Startup Cost": 5785.54,"Total Cost": 121667.73,"Plan Rows": 225279,"Plan Width": 16,"Actual Startup Time": 53.465,"Actual Total Time": 668.418,"Actual Rows": 228688,"Actual Loops": 1,"Recheck Cond": "((l_shipdate >= '1997-10-01'::date) AND (l_shipdate < '1998-01-01 00:00:00'::timestamp without time zone))","Rows Removed by Index Recheck": 0,"Exact Heap Blocks": 67089,"Lossy Heap Blocks": 0,"Plans": [{"Node Type": "Bitmap Index Scan","Parent Relationship": "Outer","Parallel Aware": false,"Async Capable": false,"Index Name": "idx_lineitem_shipdate","Startup Cost": 0.00,"Total Cost": 5729.22,"Plan Rows": 225279,"Plan Width": 0,"Actual Startup Time": 39.849,"Actual Total Time": 39.857,"Actual Rows": 228688,"Actual Loops": 1,"Index Cond": "((l_shipdate >= '1997-10-01'::date) AND (l_shipdate < '1998-01-01 00:00:00'::timestamp without time zone))"}]}]}]},{"Node Type": "Index Scan","Parent Relationship": "Outer","Parallel Aware": false,"Async Capable": false,"Scan Direction": "Forward","Index Name": "supplier_pkey","Relation Name": "supplier","Alias": "supplier","Startup Cost": 0.29,"Total Cost": 495.43,"Plan Rows": 10000,"Plan Width": 71,"Actual Startup Time": 0.114,"Actual Total Time": 13.613,"Actual Rows": 8489,"Actual Loops": 1},{"Node Type": "Sort","Parent Relationship": "Inner","Parallel Aware": false,"Async Capable": false,"Startup Cost": 124072.54,"Total Cost": 124072.66,"Plan Rows": 50,"Plan Width": 36,"Actual Startup Time": 1901.761,"Actual Total Time": 1901.777,"Actual Rows": 1,"Actual Loops": 1,"Sort Key": ["revenue0.supplier_no"],"Sort Method": "quicksort","Sort Space Used": 25,"Sort Space Type": "Memory","Plans": [{"Node Type": "Subquery Scan","Parent Relationship": "Outer","Parallel Aware": false,"Async Capable": false,"Alias": "revenue0","Startup Cost": 123920.52,"Total Cost": 124071.13,"Plan Rows": 50,"Plan Width": 36,"Actual Startup Time": 1891.664,"Actual Total Time": 1901.731,"Actual Rows": 1,"Actual Loops": 1,"Plans": [{"Node Type": "Aggregate","Strategy": "Hashed","Partial Mode": "Simple","Parent Relationship": "Subquery","Parallel Aware": false,"Async Capable": false,"Startup Cost": 123920.52,"Total Cost": 124070.63,"Plan Rows": 50,"Plan Width": 36,"Actual Startup Time": 1891.658,"Actual Total Time": 1901.722,"Actual Rows": 1,"Actual Loops": 1,"Group Key": ["lineitem.l_suppkey"],"Filter": "(sum((lineitem.l_extendedprice * ('1'::numeric - lineitem.l_discount))) = $0)","Planned Partitions": 0,"HashAgg Batches": 1,"Peak Memory Usage": 4497,"Disk Usage": 0,"Rows Removed by Filter": 9999,"Plans": [{"Node Type": "Bitmap Heap Scan","Parent Relationship": "Outer","Parallel Aware": false,"Async Capable": false,"Relation Name": "lineitem","Alias": "lineitem","Startup Cost": 5785.54,"Total Cost": 121667.73,"Plan Rows": 225279,"Plan Width": 16,"Actual Startup Time": 53.563,"Actual Total Time": 882.400,"Actual Rows": 228688,"Actual Loops": 1,"Recheck Cond": "((l_shipdate >= '1997-10-01'::date) AND (l_shipdate < '1998-01-01 00:00:00'::timestamp without time zone))","Rows Removed by Index Recheck": 0,"Exact Heap Blocks": 67089,"Lossy Heap Blocks": 0,"Plans": [{"Node Type": "Bitmap Index Scan","Parent Relationship": "Outer","Parallel Aware": false,"Async Capable": false,"Index Name": "idx_lineitem_shipdate","Startup Cost": 0.00,"Total Cost": 5729.22,"Plan Rows": 225279,"Plan Width": 0,"Actual Startup Time": 40.246,"Actual Total Time": 40.250,"Actual Rows": 228688,"Actual Loops": 1,"Index Cond": "((l_shipdate >= '1997-10-01'::date) AND (l_shipdate < '1998-01-01 00:00:00'::timestamp without time zone))"}]}]}]}]}]},"Planning Time": 3.944,"Triggers": [],"Execution Time": 1917.936}]
[{"Plan": {"Node Type": "Merge Join","Parallel Aware": false,"Async Capable": false,"Join Type": "Inner","Startup Cost": 249108.95,"Total Cost": 249629.85,"Plan Rows": 50,"Plan Width": 103,"Actual Startup Time": 2087.724,"Actual Total Time": 2087.761,"Actual Rows": 1,"Actual Loops": 1,"Inner Unique": true,"Merge Cond": "(supplier.s_suppkey = revenue0.supplier_no)","Plans": [{"Node Type": "Aggregate","Strategy": "Plain","Partial Mode": "Simple","Parent Relationship": "InitPlan","Subplan Name": "InitPlan 1 (returns $0)","Parallel Aware": false,"Async Capable": false,"Startup Cost": 124603.41,"Total Cost": 124603.42,"Plan Rows": 1,"Plan Width": 32,"Actual Startup Time": 943.876,"Actual Total Time": 943.892,"Actual Rows": 1,"Actual Loops": 1,"Plans": [{"Node Type": "Aggregate","Strategy": "Hashed","Partial Mode": "Simple","Parent Relationship": "Outer","Parallel Aware": false,"Async Capable": false,"Startup Cost": 124353.23,"Total Cost": 124478.32,"Plan Rows": 10007,"Plan Width": 36,"Actual Startup Time": 936.828,"Actual Total Time": 943.290,"Actual Rows": 10000,"Actual Loops": 1,"Group Key": ["lineitem_1.l_suppkey"],"Planned Partitions": 0,"HashAgg Batches": 1,"Peak Memory Usage": 4497,"Disk Usage": 0,"Plans": [{"Node Type": "Bitmap Heap Scan","Parent Relationship": "Outer","Parallel Aware": false,"Async Capable": false,"Relation Name": "lineitem","Alias": "lineitem_1","Startup Cost": 6004.98,"Total Cost": 122015.13,"Plan Rows": 233810,"Plan Width": 16,"Actual Startup Time": 58.797,"Actual Total Time": 790.100,"Actual Rows": 229794,"Actual Loops": 1,"Recheck Cond": "((l_shipdate >= '1997-08-01'::date) AND (l_shipdate < '1997-11-01 00:00:00'::timestamp without time zone))","Rows Removed by Index Recheck": 0,"Exact Heap Blocks": 67334,"Lossy Heap Blocks": 0,"Plans": [{"Node Type": "Bitmap Index Scan","Parent Relationship": "Outer","Parallel Aware": false,"Async Capable": false,"Index Name": "idx_lineitem_shipdate","Startup Cost": 0.00,"Total Cost": 5946.53,"Plan Rows": 233810,"Plan Width": 0,"Actual Startup Time": 45.013,"Actual Total Time": 45.020,"Actual Rows": 229794,"Actual Loops": 1,"Index Cond": "((l_shipdate >= '1997-08-01'::date) AND (l_shipdate < '1997-11-01 00:00:00'::timestamp without time zone))"}]}]}]},{"Node Type": "Index Scan","Parent Relationship": "Outer","Parallel Aware": false,"Async Capable": false,"Scan Direction": "Forward","Index Name": "supplier_pkey","Relation Name": "supplier","Alias": "supplier","Startup Cost": 0.29,"Total Cost": 495.43,"Plan Rows": 10000,"Plan Width": 71,"Actual Startup Time": 0.109,"Actual Total Time": 13.835,"Actual Rows": 8863,"Actual Loops": 1},{"Node Type": "Sort","Parent Relationship": "Inner","Parallel Aware": false,"Async Capable": false,"Startup Cost": 124505.25,"Total Cost": 124505.37,"Plan Rows": 50,"Plan Width": 36,"Actual Startup Time": 2073.397,"Actual Total Time": 2073.405,"Actual Rows": 1,"Actual Loops": 1,"Sort Key": ["revenue0.supplier_no"],"Sort Method": "quicksort","Sort Space Used": 25,"Sort Space Type": "Memory","Plans": [{"Node Type": "Subquery Scan","Parent Relationship": "Outer","Parallel Aware": false,"Async Capable": false,"Alias": "revenue0","Startup Cost": 124353.23,"Total Cost": 124503.84,"Plan Rows": 50,"Plan Width": 36,"Actual Startup Time": 2063.613,"Actual Total Time": 2073.361,"Actual Rows": 1,"Actual Loops": 1,"Plans": [{"Node Type": "Aggregate","Strategy": "Hashed","Partial Mode": "Simple","Parent Relationship": "Subquery","Parallel Aware": false,"Async Capable": false,"Startup Cost": 124353.23,"Total Cost": 124503.34,"Plan Rows": 50,"Plan Width": 36,"Actual Startup Time": 2063.607,"Actual Total Time": 2073.353,"Actual Rows": 1,"Actual Loops": 1,"Group Key": ["lineitem.l_suppkey"],"Filter": "(sum((lineitem.l_extendedprice * ('1'::numeric - lineitem.l_discount))) = $0)","Planned Partitions": 0,"HashAgg Batches": 1,"Peak Memory Usage": 4497,"Disk Usage": 0,"Rows Removed by Filter": 9999,"Plans": [{"Node Type": "Bitmap Heap Scan","Parent Relationship": "Outer","Parallel Aware": false,"Async Capable": false,"Relation Name": "lineitem","Alias": "lineitem","Startup Cost": 6004.98,"Total Cost": 122015.13,"Plan Rows": 233810,"Plan Width": 16,"Actual Startup Time": 55.239,"Actual Total Time": 931.307,"Actual Rows": 229794,"Actual Loops": 1,"Recheck Cond": "((l_shipdate >= '1997-08-01'::date) AND (l_shipdate < '1997-11-01 00:00:00'::timestamp without time zone))","Rows Removed by Index Recheck": 0,"Exact Heap Blocks": 67334,"Lossy Heap Blocks": 0,"Plans": [{"Node Type": "Bitmap Index Scan","Parent Relationship": "Outer","Parallel Aware": false,"Async Capable": false,"Index Name": "idx_lineitem_shipdate","Startup Cost": 0.00,"Total Cost": 5946.53,"Plan Rows": 233810,"Plan Width": 0,"Actual Startup Time": 41.454,"Actual Total Time": 41.455,"Actual Rows": 229794,"Actual Loops": 1,"Index Cond": "((l_shipdate >= '1997-08-01'::date) AND (l_shipdate < '1997-11-01 00:00:00'::timestamp without time zone))"}]}]}]}]}]},"Planning Time": 5.207,"Triggers": [],"Execution Time": 2094.251}]
[{"Plan": {"Node Type": "Merge Join","Parallel Aware": false,"Async Capable": false,"Join Type": "Inner","Startup Cost": 248716.76,"Total Cost": 249237.66,"Plan Rows": 50,"Plan Width": 103,"Actual Startup Time": 1990.692,"Actual Total Time": 1990.747,"Actual Rows": 1,"Actual Loops": 1,"Inner Unique": true,"Merge Cond": "(supplier.s_suppkey = revenue0.supplier_no)","Plans": [{"Node Type": "Aggregate","Strategy": "Plain","Partial Mode": "Simple","Parent Relationship": "InitPlan","Subplan Name": "InitPlan 1 (returns $0)","Parallel Aware": false,"Async Capable": false,"Startup Cost": 124407.31,"Total Cost": 124407.32,"Plan Rows": 1,"Plan Width": 32,"Actual Startup Time": 912.658,"Actual Total Time": 912.682,"Actual Rows": 1,"Actual Loops": 1,"Plans": [{"Node Type": "Aggregate","Strategy": "Hashed","Partial Mode": "Simple","Parent Relationship": "Outer","Parallel Aware": false,"Async Capable": false,"Startup Cost": 124157.14,"Total Cost": 124282.22,"Plan Rows": 10007,"Plan Width": 36,"Actual Startup Time": 906.053,"Actual Total Time": 912.012,"Actual Rows": 10000,"Actual Loops": 1,"Group Key": ["lineitem_1.l_suppkey"],"Planned Partitions": 0,"HashAgg Batches": 1,"Peak Memory Usage": 4497,"Disk Usage": 0,"Plans": [{"Node Type": "Bitmap Heap Scan","Parent Relationship": "Outer","Parallel Aware": false,"Async Capable": false,"Relation Name": "lineitem","Alias": "lineitem_1","Startup Cost": 5905.41,"Total Cost": 121857.64,"Plan Rows": 229949,"Plan Width": 16,"Actual Startup Time": 50.167,"Actual Total Time": 694.084,"Actual Rows": 228979,"Actual Loops": 1,"Recheck Cond": "((l_shipdate >= '1995-04-01'::date) AND (l_shipdate < '1995-07-01 00:00:00'::timestamp without time zone))","Rows Removed by Index Recheck": 0,"Exact Heap Blocks": 67322,"Lossy Heap Blocks": 0,"Plans": [{"Node Type": "Bitmap Index Scan","Parent Relationship": "Outer","Parallel Aware": false,"Async Capable": false,"Index Name": "idx_lineitem_shipdate","Startup Cost": 0.00,"Total Cost": 5847.92,"Plan Rows": 229949,"Plan Width": 0,"Actual Startup Time": 36.579,"Actual Total Time": 36.594,"Actual Rows": 228979,"Actual Loops": 1,"Index Cond": "((l_shipdate >= '1995-04-01'::date) AND (l_shipdate < '1995-07-01 00:00:00'::timestamp without time zone))"}]}]}]},{"Node Type": "Index Scan","Parent Relationship": "Outer","Parallel Aware": false,"Async Capable": false,"Scan Direction": "Forward","Index Name": "supplier_pkey","Relation Name": "supplier","Alias": "supplier","Startup Cost": 0.29,"Total Cost": 495.43,"Plan Rows": 10000,"Plan Width": 71,"Actual Startup Time": 0.097,"Actual Total Time": 1.843,"Actual Rows": 983,"Actual Loops": 1},{"Node Type": "Sort","Parent Relationship": "Inner","Parallel Aware": false,"Async Capable": false,"Startup Cost": 124309.15,"Total Cost": 124309.28,"Plan Rows": 50,"Plan Width": 36,"Actual Startup Time": 1988.729,"Actual Total Time": 1988.742,"Actual Rows": 1,"Actual Loops": 1,"Sort Key": ["revenue0.supplier_no"],"Sort Method": "quicksort","Sort Space Used": 25,"Sort Space Type": "Memory","Plans": [{"Node Type": "Subquery Scan","Parent Relationship": "Outer","Parallel Aware": false,"Async Capable": false,"Alias": "revenue0","Startup Cost": 124157.14,"Total Cost": 124307.74,"Plan Rows": 50,"Plan Width": 36,"Actual Startup Time": 1987.287,"Actual Total Time": 1988.674,"Actual Rows": 1,"Actual Loops": 1,"Plans": [{"Node Type": "Aggregate","Strategy": "Hashed","Partial Mode": "Simple","Parent Relationship": "Subquery","Parallel Aware": false,"Async Capable": false,"Startup Cost": 124157.14,"Total Cost": 124307.24,"Plan Rows": 50,"Plan Width": 36,"Actual Startup Time": 1987.273,"Actual Total Time": 1988.637,"Actual Rows": 1,"Actual Loops": 1,"Group Key": ["lineitem.l_suppkey"],"Filter": "(sum((lineitem.l_extendedprice * ('1'::numeric - lineitem.l_discount))) = $0)","Planned Partitions": 0,"HashAgg Batches": 1,"Peak Memory Usage": 4497,"Disk Usage": 0,"Rows Removed by Filter": 9999,"Plans": [{"Node Type": "Bitmap Heap Scan","Parent Relationship": "Outer","Parallel Aware": false,"Async Capable": false,"Relation Name": "lineitem","Alias": "lineitem","Startup Cost": 5905.41,"Total Cost": 121857.64,"Plan Rows": 229949,"Plan Width": 16,"Actual Startup Time": 50.252,"Actual Total Time": 888.847,"Actual Rows": 228979,"Actual Loops": 1,"Recheck Cond": "((l_shipdate >= '1995-04-01'::date) AND (l_shipdate < '1995-07-01 00:00:00'::timestamp without time zone))","Rows Removed by Index Recheck": 0,"Exact Heap Blocks": 67322,"Lossy Heap Blocks": 0,"Plans": [{"Node Type": "Bitmap Index Scan","Parent Relationship": "Outer","Parallel Aware": false,"Async Capable": false,"Index Name": "idx_lineitem_shipdate","Startup Cost": 0.00,"Total Cost": 5847.92,"Plan Rows": 229949,"Plan Width": 0,"Actual Startup Time": 36.820,"Actual Total Time": 36.820,"Actual Rows": 228979,"Actual Loops": 1,"Index Cond": "((l_shipdate >= '1995-04-01'::date) AND (l_shipdate < '1995-07-01 00:00:00'::timestamp without time zone))"}]}]}]}]}]},"Planning Time": 4.044,"Triggers": [],"Execution Time": 1996.677}]
[{"Plan": {"Node Type": "Merge Join","Parallel Aware": false,"Async Capable": false,"Join Type": "Inner","Startup Cost": 248512.46,"Total Cost": 249033.35,"Plan Rows": 50,"Plan Width": 103,"Actual Startup Time": 1933.150,"Actual Total Time": 1933.206,"Actual Rows": 1,"Actual Loops": 1,"Inner Unique": true,"Merge Cond": "(supplier.s_suppkey = revenue0.supplier_no)","Plans": [{"Node Type": "Aggregate","Strategy": "Plain","Partial Mode": "Simple","Parent Relationship": "InitPlan","Subplan Name": "InitPlan 1 (returns $0)","Parallel Aware": false,"Async Capable": false,"Startup Cost": 124305.16,"Total Cost": 124305.17,"Plan Rows": 1,"Plan Width": 32,"Actual Startup Time": 870.174,"Actual Total Time": 870.194,"Actual Rows": 1,"Actual Loops": 1,"Plans": [{"Node Type": "Aggregate","Strategy": "Hashed","Partial Mode": "Simple","Parent Relationship": "Outer","Parallel Aware": false,"Async Capable": false,"Startup Cost": 124054.99,"Total Cost": 124180.07,"Plan Rows": 10007,"Plan Width": 36,"Actual Startup Time": 862.742,"Actual Total Time": 869.556,"Actual Rows": 10000,"Actual Loops": 1,"Group Key": ["lineitem_1.l_suppkey"],"Planned Partitions": 0,"HashAgg Batches": 1,"Peak Memory Usage": 4497,"Disk Usage": 0,"Plans": [{"Node Type": "Bitmap Heap Scan","Parent Relationship": "Outer","Parallel Aware": false,"Async Capable": false,"Relation Name": "lineitem","Alias": "lineitem_1","Startup Cost": 5853.01,"Total Cost": 121775.40,"Plan Rows": 227959,"Plan Width": 16,"Actual Startup Time": 40.844,"Actual Total Time": 627.508,"Actual Rows": 229968,"Actual Loops": 1,"Recheck Cond": "((l_shipdate >= '1995-06-01'::date) AND (l_shipdate < '1995-09-01 00:00:00'::timestamp without time zone))","Rows Removed by Index Recheck": 0,"Exact Heap Blocks": 67407,"Lossy Heap Blocks": 0,"Plans": [{"Node Type": "Bitmap Index Scan","Parent Relationship": "Outer","Parallel Aware": false,"Async Capable": false,"Index Name": "idx_lineitem_shipdate","Startup Cost": 0.00,"Total Cost": 5796.02,"Plan Rows": 227959,"Plan Width": 0,"Actual Startup Time": 28.150,"Actual Total Time": 28.164,"Actual Rows": 229968,"Actual Loops": 1,"Index Cond": "((l_shipdate >= '1995-06-01'::date) AND (l_shipdate < '1995-09-01 00:00:00'::timestamp without time zone))"}]}]}]},{"Node Type": "Index Scan","Parent Relationship": "Outer","Parallel Aware": false,"Async Capable": false,"Scan Direction": "Forward","Index Name": "supplier_pkey","Relation Name": "supplier","Alias": "supplier","Startup Cost": 0.29,"Total Cost": 495.43,"Plan Rows": 10000,"Plan Width": 71,"Actual Startup Time": 0.101,"Actual Total Time": 2.514,"Actual Rows": 2933,"Actual Loops": 1},{"Node Type": "Sort","Parent Relationship": "Inner","Parallel Aware": false,"Async Capable": false,"Startup Cost": 124207.00,"Total Cost": 124207.13,"Plan Rows": 50,"Plan Width": 36,"Actual Startup Time": 1930.459,"Actual Total Time": 1930.480,"Actual Rows": 1,"Actual Loops": 1,"Sort Key": ["revenue0.supplier_no"],"Sort Method": "quicksort","Sort Space Used": 25,"Sort Space Type": "Memory","Plans": [{"Node Type": "Subquery Scan","Parent Relationship": "Outer","Parallel Aware": false,"Async Capable": false,"Alias": "revenue0","Startup Cost": 124054.99,"Total Cost": 124205.59,"Plan Rows": 50,"Plan Width": 36,"Actual Startup Time": 1925.907,"Actual Total Time": 1930.384,"Actual Rows": 1,"Actual Loops": 1,"Plans": [{"Node Type": "Aggregate","Strategy": "Hashed","Partial Mode": "Simple","Parent Relationship": "Subquery","Parallel Aware": false,"Async Capable": false,"Startup Cost": 124054.99,"Total Cost": 124205.09,"Plan Rows": 50,"Plan Width": 36,"Actual Startup Time": 1925.899,"Actual Total Time": 1930.352,"Actual Rows": 1,"Actual Loops": 1,"Group Key": ["lineitem.l_suppkey"],"Filter": "(sum((lineitem.l_extendedprice * ('1'::numeric - lineitem.l_discount))) = $0)","Planned Partitions": 0,"HashAgg Batches": 1,"Peak Memory Usage": 4497,"Disk Usage": 0,"Rows Removed by Filter": 9999,"Plans": [{"Node Type": "Bitmap Heap Scan","Parent Relationship": "Outer","Parallel Aware": false,"Async Capable": false,"Relation Name": "lineitem","Alias": "lineitem","Startup Cost": 5853.01,"Total Cost": 121775.40,"Plan Rows": 227959,"Plan Width": 16,"Actual Startup Time": 51.555,"Actual Total Time": 823.671,"Actual Rows": 229968,"Actual Loops": 1,"Recheck Cond": "((l_shipdate >= '1995-06-01'::date) AND (l_shipdate < '1995-09-01 00:00:00'::timestamp without time zone))","Rows Removed by Index Recheck": 0,"Exact Heap Blocks": 67407,"Lossy Heap Blocks": 0,"Plans": [{"Node Type": "Bitmap Index Scan","Parent Relationship": "Outer","Parallel Aware": false,"Async Capable": false,"Index Name": "idx_lineitem_shipdate","Startup Cost": 0.00,"Total Cost": 5796.02,"Plan Rows": 227959,"Plan Width": 0,"Actual Startup Time": 38.034,"Actual Total Time": 38.041,"Actual Rows": 229968,"Actual Loops": 1,"Index Cond": "((l_shipdate >= '1995-06-01'::date) AND (l_shipdate < '1995-09-01 00:00:00'::timestamp without time zone))"}]}]}]}]}]},"Planning Time": 4.159,"Triggers": [],"Execution Time": 1935.928}]
[{"Plan": {"Node Type": "Merge Join","Parallel Aware": false,"Async Capable": false,"Join Type": "Inner","Startup Cost": 248366.65,"Total Cost": 248887.54,"Plan Rows": 50,"Plan Width": 103,"Actual Startup Time": 2072.372,"Actual Total Time": 2072.404,"Actual Rows": 1,"Actual Loops": 1,"Inner Unique": true,"Merge Cond": "(supplier.s_suppkey = revenue0.supplier_no)","Plans": [{"Node Type": "Aggregate","Strategy": "Plain","Partial Mode": "Simple","Parent Relationship": "InitPlan","Subplan Name": "InitPlan 1 (returns $0)","Parallel Aware": false,"Async Capable": false,"Startup Cost": 124232.26,"Total Cost": 124232.27,"Plan Rows": 1,"Plan Width": 32,"Actual Startup Time": 935.409,"Actual Total Time": 935.422,"Actual Rows": 1,"Actual Loops": 1,"Plans": [{"Node Type": "Aggregate","Strategy": "Hashed","Partial Mode": "Simple","Parent Relationship": "Outer","Parallel Aware": false,"Async Capable": false,"Startup Cost": 123982.08,"Total Cost": 124107.17,"Plan Rows": 10007,"Plan Width": 36,"Actual Startup Time": 927.998,"Actual Total Time": 934.834,"Actual Rows": 10000,"Actual Loops": 1,"Group Key": ["lineitem_1.l_suppkey"],"Planned Partitions": 0,"HashAgg Batches": 1,"Peak Memory Usage": 4497,"Disk Usage": 0,"Plans": [{"Node Type": "Bitmap Heap Scan","Parent Relationship": "Outer","Parallel Aware": false,"Async Capable": false,"Relation Name": "lineitem","Alias": "lineitem_1","Startup Cost": 5817.63,"Total Cost": 121717.50,"Plan Rows": 226458,"Plan Width": 16,"Actual Startup Time": 58.327,"Actual Total Time": 782.071,"Actual Rows": 225975,"Actual Loops": 1,"Recheck Cond": "((l_shipdate >= '1995-12-01'::date) AND (l_shipdate < '1996-03-01 00:00:00'::timestamp without time zone))","Rows Removed by Index Recheck": 0,"Exact Heap Blocks": 66957,"Lossy Heap Blocks": 0,"Plans": [{"Node Type": "Bitmap Index Scan","Parent Relationship": "Outer","Parallel Aware": false,"Async Capable": false,"Index Name": "idx_lineitem_shipdate","Startup Cost": 0.00,"Total Cost": 5761.01,"Plan Rows": 226458,"Plan Width": 0,"Actual Startup Time": 44.649,"Actual Total Time": 44.657,"Actual Rows": 225975,"Actual Loops": 1,"Index Cond": "((l_shipdate >= '1995-12-01'::date) AND (l_shipdate < '1996-03-01 00:00:00'::timestamp without time zone))"}]}]}]},{"Node Type": "Index Scan","Parent Relationship": "Outer","Parallel Aware": false,"Async Capable": false,"Scan Direction": "Forward","Index Name": "supplier_pkey","Relation Name": "supplier","Alias": "supplier","Startup Cost": 0.29,"Total Cost": 495.43,"Plan Rows": 10000,"Plan Width": 71,"Actual Startup Time": 0.094,"Actual Total Time": 12.061,"Actual Rows": 7896,"Actual Loops": 1},{"Node Type": "Sort","Parent Relationship": "Inner","Parallel Aware": false,"Async Capable": false,"Startup Cost": 124134.10,"Total Cost": 124134.22,"Plan Rows": 50,"Plan Width": 36,"Actual Startup Time": 2059.847,"Actual Total Time": 2059.860,"Actual Rows": 1,"Actual Loops": 1,"Sort Key": ["revenue0.supplier_no"],"Sort Method": "quicksort","Sort Space Used": 25,"Sort Space Type": "Memory","Plans": [{"Node Type": "Subquery Scan","Parent Relationship": "Outer","Parallel Aware": false,"Async Capable": false,"Alias": "revenue0","Startup Cost": 123982.08,"Total Cost": 124132.69,"Plan Rows": 50,"Plan Width": 36,"Actual Startup Time": 2034.699,"Actual Total Time": 2059.773,"Actual Rows": 1,"Actual Loops": 1,"Plans": [{"Node Type": "Aggregate","Strategy": "Hashed","Partial Mode": "Simple","Parent Relationship": "Subquery","Parallel Aware": false,"Async Capable": false,"Startup Cost": 123982.08,"Total Cost": 124132.19,"Plan Rows": 50,"Plan Width": 36,"Actual Startup Time": 2034.689,"Actual Total Time": 2059.753,"Actual Rows": 1,"Actual Loops": 1,"Group Key": ["lineitem.l_suppkey"],"Filter": "(sum((lineitem.l_extendedprice * ('1'::numeric - lineitem.l_discount))) = $0)","Planned Partitions": 0,"HashAgg Batches": 1,"Peak Memory Usage": 4497,"Disk Usage": 0,"Rows Removed by Filter": 9999,"Plans": [{"Node Type": "Bitmap Heap Scan","Parent Relationship": "Outer","Parallel Aware": false,"Async Capable": false,"Relation Name": "lineitem","Alias": "lineitem","Startup Cost": 5817.63,"Total Cost": 121717.50,"Plan Rows": 226458,"Plan Width": 16,"Actual Startup Time": 55.797,"Actual Total Time": 930.171,"Actual Rows": 225975,"Actual Loops": 1,"Recheck Cond": "((l_shipdate >= '1995-12-01'::date) AND (l_shipdate < '1996-03-01 00:00:00'::timestamp without time zone))","Rows Removed by Index Recheck": 0,"Exact Heap Blocks": 66957,"Lossy Heap Blocks": 0,"Plans": [{"Node Type": "Bitmap Index Scan","Parent Relationship": "Outer","Parallel Aware": false,"Async Capable": false,"Index Name": "idx_lineitem_shipdate","Startup Cost": 0.00,"Total Cost": 5761.01,"Plan Rows": 226458,"Plan Width": 0,"Actual Startup Time": 42.303,"Actual Total Time": 42.304,"Actual Rows": 225975,"Actual Loops": 1,"Index Cond": "((l_shipdate >= '1995-12-01'::date) AND (l_shipdate < '1996-03-01 00:00:00'::timestamp without time zone))"}]}]}]}]}]},"Planning Time": 4.024,"Triggers": [],"Execution Time": 2078.117}]
[{"Plan": {"Node Type": "Merge Join","Parallel Aware": false,"Async Capable": false,"Join Type": "Inner","Startup Cost": 248906.53,"Total Cost": 249427.43,"Plan Rows": 50,"Plan Width": 103,"Actual Startup Time": 2120.338,"Actual Total Time": 2120.405,"Actual Rows": 1,"Actual Loops": 1,"Inner Unique": true,"Merge Cond": "(supplier.s_suppkey = revenue0.supplier_no)","Plans": [{"Node Type": "Aggregate","Strategy": "Plain","Partial Mode": "Simple","Parent Relationship": "InitPlan","Subplan Name": "InitPlan 1 (returns $0)","Parallel Aware": false,"Async Capable": false,"Startup Cost": 124502.20,"Total Cost": 124502.21,"Plan Rows": 1,"Plan Width": 32,"Actual Startup Time": 995.653,"Actual Total Time": 995.675,"Actual Rows": 1,"Actual Loops": 1,"Plans": [{"Node Type": "Aggregate","Strategy": "Hashed","Partial Mode": "Simple","Parent Relationship": "Outer","Parallel Aware": false,"Async Capable": false,"Startup Cost": 124252.02,"Total Cost": 124377.11,"Plan Rows": 10007,"Plan Width": 36,"Actual Startup Time": 988.573,"Actual Total Time": 995.015,"Actual Rows": 10000,"Actual Loops": 1,"Group Key": ["lineitem_1.l_suppkey"],"Planned Partitions": 0,"HashAgg Batches": 1,"Peak Memory Usage": 4497,"Disk Usage": 0,"Plans": [{"Node Type": "Bitmap Heap Scan","Parent Relationship": "Outer","Parallel Aware": false,"Async Capable": false,"Relation Name": "lineitem","Alias": "lineitem_1","Startup Cost": 5658.18,"Total Cost": 122049.35,"Plan Rows": 220268,"Plan Width": 16,"Actual Startup Time": 64.084,"Actual Total Time": 782.585,"Actual Rows": 229188,"Actual Loops": 1,"Recheck Cond": "((l_shipdate >= '1996-06-01'::date) AND (l_shipdate < '1996-09-01 00:00:00'::timestamp without time zone))","Rows Removed by Index Recheck": 0,"Exact Heap Blocks": 67237,"Lossy Heap Blocks": 0,"Plans": [{"Node Type": "Bitmap Index Scan","Parent Relationship": "Outer","Parallel Aware": false,"Async Capable": false,"Index Name": "idx_lineitem_shipdate","Startup Cost": 0.00,"Total Cost": 5603.11,"Plan Rows": 220268,"Plan Width": 0,"Actual Startup Time": 50.249,"Actual Total Time": 50.261,"Actual Rows": 229188,"Actual Loops": 1,"Index Cond": "((l_shipdate >= '1996-06-01'::date) AND (l_shipdate < '1996-09-01 00:00:00'::timestamp without time zone))"}]}]}]},{"Node Type": "Index Scan","Parent Relationship": "Outer","Parallel Aware": false,"Async Capable": false,"Scan Direction": "Forward","Index Name": "supplier_pkey","Relation Name": "supplier","Alias": "supplier","Startup Cost": 0.29,"Total Cost": 495.43,"Plan Rows": 10000,"Plan Width": 71,"Actual Startup Time": 0.111,"Actual Total Time": 6.155,"Actual Rows": 3498,"Actual Loops": 1},{"Node Type": "Sort","Parent Relationship": "Inner","Parallel Aware": false,"Async Capable": false,"Startup Cost": 124404.04,"Total Cost": 124404.16,"Plan Rows": 50,"Plan Width": 36,"Actual Startup Time": 2113.926,"Actual Total Time": 2113.963,"Actual Rows": 1,"Actual Loops": 1,"Sort Key": ["revenue0.supplier_no"],"Sort Method": "quicksort","Sort Space Used": 25,"Sort Space Type": "Memory","Plans": [{"Node Type": "Subquery Scan","Parent Relationship": "Outer","Parallel Aware": false,"Async Capable": false,"Alias": "revenue0","Startup Cost": 124252.02,"Total Cost": 124402.63,"Plan Rows": 50,"Plan Width": 36,"Actual Startup Time": 2110.361,"Actual Total Time": 2113.880,"Actual Rows": 1,"Actual Loops": 1,"Plans": [{"Node Type": "Aggregate","Strategy": "Hashed","Partial Mode": "Simple","Parent Relationship": "Subquery","Parallel Aware": false,"Async Capable": false,"Startup Cost": 124252.02,"Total Cost": 124402.13,"Plan Rows": 50,"Plan Width": 36,"Actual Startup Time": 2110.349,"Actual Total Time": 2113.833,"Actual Rows": 1,"Actual Loops": 1,"Group Key": ["lineitem.l_suppkey"],"Filter": "(sum((lineitem.l_extendedprice * ('1'::numeric - lineitem.l_discount))) = $0)","Planned Partitions": 0,"HashAgg Batches": 1,"Peak Memory Usage": 4497,"Disk Usage": 0,"Rows Removed by Filter": 9999,"Plans": [{"Node Type": "Bitmap Heap Scan","Parent Relationship": "Outer","Parallel Aware": false,"Async Capable": false,"Relation Name": "lineitem","Alias": "lineitem","Startup Cost": 5658.18,"Total Cost": 122049.35,"Plan Rows": 220268,"Plan Width": 16,"Actual Startup Time": 61.436,"Actual Total Time": 938.941,"Actual Rows": 229188,"Actual Loops": 1,"Recheck Cond": "((l_shipdate >= '1996-06-01'::date) AND (l_shipdate < '1996-09-01 00:00:00'::timestamp without time zone))","Rows Removed by Index Recheck": 0,"Exact Heap Blocks": 67237,"Lossy Heap Blocks": 0,"Plans": [{"Node Type": "Bitmap Index Scan","Parent Relationship": "Outer","Parallel Aware": false,"Async Capable": false,"Index Name": "idx_lineitem_shipdate","Startup Cost": 0.00,"Total Cost": 5603.11,"Plan Rows": 220268,"Plan Width": 0,"Actual Startup Time": 47.976,"Actual Total Time": 47.995,"Actual Rows": 229188,"Actual Loops": 1,"Index Cond": "((l_shipdate >= '1996-06-01'::date) AND (l_shipdate < '1996-09-01 00:00:00'::timestamp without time zone))"}]}]}]}]}]},"Planning Time": 3.999,"Triggers": [],"Execution Time": 2125.477}]
[{"Plan": {"Node Type": "Merge Join","Parallel Aware": false,"Async Capable": false,"Join Type": "Inner","Startup Cost": 248716.76,"Total Cost": 249237.66,"Plan Rows": 50,"Plan Width": 103,"Actual Startup Time": 1990.692,"Actual Total Time": 1990.747,"Actual Rows": 1,"Actual Loops": 1,"Inner Unique": true,"Merge Cond": "(supplier.s_suppkey = revenue0.supplier_no)","Plans": [{"Node Type": "Aggregate","Strategy": "Plain","Partial Mode": "Simple","Parent Relationship": "InitPlan","Subplan Name": "InitPlan 1 (returns $0)","Parallel Aware": false,"Async Capable": false,"Startup Cost": 124407.31,"Total Cost": 124407.32,"Plan Rows": 1,"Plan Width": 32,"Actual Startup Time": 912.658,"Actual Total Time": 912.682,"Actual Rows": 1,"Actual Loops": 1,"Plans": [{"Node Type": "Aggregate","Strategy": "Hashed","Partial Mode": "Simple","Parent Relationship": "Outer","Parallel Aware": false,"Async Capable": false,"Startup Cost": 124157.14,"Total Cost": 124282.22,"Plan Rows": 10007,"Plan Width": 36,"Actual Startup Time": 906.053,"Actual Total Time": 912.012,"Actual Rows": 10000,"Actual Loops": 1,"Group Key": ["lineitem_1.l_suppkey"],"Planned Partitions": 0,"HashAgg Batches": 1,"Peak Memory Usage": 4497,"Disk Usage": 0,"Plans": [{"Node Type": "Bitmap Heap Scan","Parent Relationship": "Outer","Parallel Aware": false,"Async Capable": false,"Relation Name": "lineitem","Alias": "lineitem_1","Startup Cost": 5905.41,"Total Cost": 121857.64,"Plan Rows": 229949,"Plan Width": 16,"Actual Startup Time": 50.167,"Actual Total Time": 694.084,"Actual Rows": 228979,"Actual Loops": 1,"Recheck Cond": "((l_shipdate >= '1995-04-01'::date) AND (l_shipdate < '1995-07-01 00:00:00'::timestamp without time zone))","Rows Removed by Index Recheck": 0,"Exact Heap Blocks": 67322,"Lossy Heap Blocks": 0,"Plans": [{"Node Type": "Bitmap Index Scan","Parent Relationship": "Outer","Parallel Aware": false,"Async Capable": false,"Index Name": "idx_lineitem_shipdate","Startup Cost": 0.00,"Total Cost": 5847.92,"Plan Rows": 229949,"Plan Width": 0,"Actual Startup Time": 36.579,"Actual Total Time": 36.594,"Actual Rows": 228979,"Actual Loops": 1,"Index Cond": "((l_shipdate >= '1995-04-01'::date) AND (l_shipdate < '1995-07-01 00:00:00'::timestamp without time zone))"}]}]}]},{"Node Type": "Index Scan","Parent Relationship": "Outer","Parallel Aware": false,"Async Capable": false,"Scan Direction": "Forward","Index Name": "supplier_pkey","Relation Name": "supplier","Alias": "supplier","Startup Cost": 0.29,"Total Cost": 495.43,"Plan Rows": 10000,"Plan Width": 71,"Actual Startup Time": 0.097,"Actual Total Time": 1.843,"Actual Rows": 983,"Actual Loops": 1},{"Node Type": "Sort","Parent Relationship": "Inner","Parallel Aware": false,"Async Capable": false,"Startup Cost": 124309.15,"Total Cost": 124309.28,"Plan Rows": 50,"Plan Width": 36,"Actual Startup Time": 1988.729,"Actual Total Time": 1988.742,"Actual Rows": 1,"Actual Loops": 1,"Sort Key": ["revenue0.supplier_no"],"Sort Method": "quicksort","Sort Space Used": 25,"Sort Space Type": "Memory","Plans": [{"Node Type": "Subquery Scan","Parent Relationship": "Outer","Parallel Aware": false,"Async Capable": false,"Alias": "revenue0","Startup Cost": 124157.14,"Total Cost": 124307.74,"Plan Rows": 50,"Plan Width": 36,"Actual Startup Time": 1987.287,"Actual Total Time": 1988.674,"Actual Rows": 1,"Actual Loops": 1,"Plans": [{"Node Type": "Aggregate","Strategy": "Hashed","Partial Mode": "Simple","Parent Relationship": "Subquery","Parallel Aware": false,"Async Capable": false,"Startup Cost": 124157.14,"Total Cost": 124307.24,"Plan Rows": 50,"Plan Width": 36,"Actual Startup Time": 1987.273,"Actual Total Time": 1988.637,"Actual Rows": 1,"Actual Loops": 1,"Group Key": ["lineitem.l_suppkey"],"Filter": "(sum((lineitem.l_extendedprice * ('1'::numeric - lineitem.l_discount))) = $0)","Planned Partitions": 0,"HashAgg Batches": 1,"Peak Memory Usage": 4497,"Disk Usage": 0,"Rows Removed by Filter": 9999,"Plans": [{"Node Type": "Bitmap Heap Scan","Parent Relationship": "Outer","Parallel Aware": false,"Async Capable": false,"Relation Name": "lineitem","Alias": "lineitem","Startup Cost": 5905.41,"Total Cost": 121857.64,"Plan Rows": 229949,"Plan Width": 16,"Actual Startup Time": 50.252,"Actual Total Time": 888.847,"Actual Rows": 228979,"Actual Loops": 1,"Recheck Cond": "((l_shipdate >= '1995-04-01'::date) AND (l_shipdate < '1995-07-01 00:00:00'::timestamp without time zone))","Rows Removed by Index Recheck": 0,"Exact Heap Blocks": 67322,"Lossy Heap Blocks": 0,"Plans": [{"Node Type": "Bitmap Index Scan","Parent Relationship": "Outer","Parallel Aware": false,"Async Capable": false,"Index Name": "idx_lineitem_shipdate","Startup Cost": 0.00,"Total Cost": 5847.92,"Plan Rows": 229949,"Plan Width": 0,"Actual Startup Time": 36.820,"Actual Total Time": 36.820,"Actual Rows": 228979,"Actual Loops": 1,"Index Cond": "((l_shipdate >= '1995-04-01'::date) AND (l_shipdate < '1995-07-01 00:00:00'::timestamp without time zone))"}]}]}]}]}]},"Planning Time": 4.044,"Triggers": [],"Execution Time": 1996.677}]
[{"Plan": {"Node Type": "Merge Join","Parallel Aware": false,"Async Capable": false,"Join Type": "Inner","Startup Cost": 248579.05,"Total Cost": 249099.95,"Plan Rows": 50,"Plan Width": 103,"Actual Startup Time": 1976.935,"Actual Total Time": 1976.985,"Actual Rows": 1,"Actual Loops": 1,"Inner Unique": true,"Merge Cond": "(supplier.s_suppkey = revenue0.supplier_no)","Plans": [{"Node Type": "Aggregate","Strategy": "Plain","Partial Mode": "Simple","Parent Relationship": "InitPlan","Subplan Name": "InitPlan 1 (returns $0)","Parallel Aware": false,"Async Capable": false,"Startup Cost": 124338.46,"Total Cost": 124338.47,"Plan Rows": 1,"Plan Width": 32,"Actual Startup Time": 904.220,"Actual Total Time": 904.239,"Actual Rows": 1,"Actual Loops": 1,"Plans": [{"Node Type": "Aggregate","Strategy": "Hashed","Partial Mode": "Simple","Parent Relationship": "Outer","Parallel Aware": false,"Async Capable": false,"Startup Cost": 124088.28,"Total Cost": 124213.37,"Plan Rows": 10007,"Plan Width": 36,"Actual Startup Time": 892.707,"Actual Total Time": 903.575,"Actual Rows": 10000,"Actual Loops": 1,"Group Key": ["lineitem_1.l_suppkey"],"Planned Partitions": 0,"HashAgg Batches": 1,"Peak Memory Usage": 4497,"Disk Usage": 0,"Plans": [{"Node Type": "Bitmap Heap Scan","Parent Relationship": "Outer","Parallel Aware": false,"Async Capable": false,"Relation Name": "lineitem","Alias": "lineitem_1","Startup Cost": 5871.20,"Total Cost": 121802.65,"Plan Rows": 228563,"Plan Width": 16,"Actual Startup Time": 49.074,"Actual Total Time": 688.668,"Actual Rows": 229923,"Actual Loops": 1,"Recheck Cond": "((l_shipdate >= '1993-10-01'::date) AND (l_shipdate < '1994-01-01 00:00:00'::timestamp without time zone))","Rows Removed by Index Recheck": 0,"Exact Heap Blocks": 67189,"Lossy Heap Blocks": 0,"Plans": [{"Node Type": "Bitmap Index Scan","Parent Relationship": "Outer","Parallel Aware": false,"Async Capable": false,"Index Name": "idx_lineitem_shipdate","Startup Cost": 0.00,"Total Cost": 5814.06,"Plan Rows": 228563,"Plan Width": 0,"Actual Startup Time": 35.482,"Actual Total Time": 35.494,"Actual Rows": 229923,"Actual Loops": 1,"Index Cond": "((l_shipdate >= '1993-10-01'::date) AND (l_shipdate < '1994-01-01 00:00:00'::timestamp without time zone))"}]}]}]},{"Node Type": "Index Scan","Parent Relationship": "Outer","Parallel Aware": false,"Async Capable": false,"Scan Direction": "Forward","Index Name": "supplier_pkey","Relation Name": "supplier","Alias": "supplier","Startup Cost": 0.29,"Total Cost": 495.43,"Plan Rows": 10000,"Plan Width": 71,"Actual Startup Time": 0.088,"Actual Total Time": 5.655,"Actual Rows": 3497,"Actual Loops": 1},{"Node Type": "Sort","Parent Relationship": "Inner","Parallel Aware": false,"Async Capable": false,"Startup Cost": 124240.30,"Total Cost": 124240.42,"Plan Rows": 50,"Plan Width": 36,"Actual Startup Time": 1971.016,"Actual Total Time": 1971.036,"Actual Rows": 1,"Actual Loops": 1,"Sort Key": ["revenue0.supplier_no"],"Sort Method": "quicksort","Sort Space Used": 25,"Sort Space Type": "Memory","Plans": [{"Node Type": "Subquery Scan","Parent Relationship": "Outer","Parallel Aware": false,"Async Capable": false,"Alias": "revenue0","Startup Cost": 124088.28,"Total Cost": 124238.89,"Plan Rows": 50,"Plan Width": 36,"Actual Startup Time": 1964.632,"Actual Total Time": 1970.939,"Actual Rows": 1,"Actual Loops": 1,"Plans": [{"Node Type": "Aggregate","Strategy": "Hashed","Partial Mode": "Simple","Parent Relationship": "Subquery","Parallel Aware": false,"Async Capable": false,"Startup Cost": 124088.28,"Total Cost": 124238.39,"Plan Rows": 50,"Plan Width": 36,"Actual Startup Time": 1964.613,"Actual Total Time": 1970.893,"Actual Rows": 1,"Actual Loops": 1,"Group Key": ["lineitem.l_suppkey"],"Filter": "(sum((lineitem.l_extendedprice * ('1'::numeric - lineitem.l_discount))) = $0)","Planned Partitions": 0,"HashAgg Batches": 1,"Peak Memory Usage": 4497,"Disk Usage": 0,"Rows Removed by Filter": 9999,"Plans": [{"Node Type": "Bitmap Heap Scan","Parent Relationship": "Outer","Parallel Aware": false,"Async Capable": false,"Relation Name": "lineitem","Alias": "lineitem","Startup Cost": 5871.20,"Total Cost": 121802.65,"Plan Rows": 228563,"Plan Width": 16,"Actual Startup Time": 49.258,"Actual Total Time": 883.520,"Actual Rows": 229923,"Actual Loops": 1,"Recheck Cond": "((l_shipdate >= '1993-10-01'::date) AND (l_shipdate < '1994-01-01 00:00:00'::timestamp without time zone))","Rows Removed by Index Recheck": 0,"Exact Heap Blocks": 67189,"Lossy Heap Blocks": 0,"Plans": [{"Node Type": "Bitmap Index Scan","Parent Relationship": "Outer","Parallel Aware": false,"Async Capable": false,"Index Name": "idx_lineitem_shipdate","Startup Cost": 0.00,"Total Cost": 5814.06,"Plan Rows": 228563,"Plan Width": 0,"Actual Startup Time": 35.850,"Actual Total Time": 35.850,"Actual Rows": 229923,"Actual Loops": 1,"Index Cond": "((l_shipdate >= '1993-10-01'::date) AND (l_shipdate < '1994-01-01 00:00:00'::timestamp without time zone))"}]}]}]}]}]},"Planning Time": 4.959,"Triggers": [],"Execution Time": 1982.579}]
[{"Plan": {"Node Type": "Merge Join","Parallel Aware": false,"Async Capable": false,"Join Type": "Inner","Startup Cost": 248950.69,"Total Cost": 249471.59,"Plan Rows": 50,"Plan Width": 103,"Actual Startup Time": 2077.217,"Actual Total Time": 2077.254,"Actual Rows": 1,"Actual Loops": 1,"Inner Unique": true,"Merge Cond": "(supplier.s_suppkey = revenue0.supplier_no)","Plans": [{"Node Type": "Aggregate","Strategy": "Plain","Partial Mode": "Simple","Parent Relationship": "InitPlan","Subplan Name": "InitPlan 1 (returns $0)","Parallel Aware": false,"Async Capable": false,"Startup Cost": 124524.28,"Total Cost": 124524.29,"Plan Rows": 1,"Plan Width": 32,"Actual Startup Time": 944.226,"Actual Total Time": 944.239,"Actual Rows": 1,"Actual Loops": 1,"Plans": [{"Node Type": "Aggregate","Strategy": "Hashed","Partial Mode": "Simple","Parent Relationship": "Outer","Parallel Aware": false,"Async Capable": false,"Startup Cost": 124274.10,"Total Cost": 124399.19,"Plan Rows": 10007,"Plan Width": 36,"Actual Startup Time": 935.667,"Actual Total Time": 943.640,"Actual Rows": 10000,"Actual Loops": 1,"Group Key": ["lineitem_1.l_suppkey"],"Planned Partitions": 0,"HashAgg Batches": 1,"Peak Memory Usage": 4497,"Disk Usage": 0,"Plans": [{"Node Type": "Bitmap Heap Scan","Parent Relationship": "Outer","Parallel Aware": false,"Async Capable": false,"Relation Name": "lineitem","Alias": "lineitem_1","Startup Cost": 5964.95,"Total Cost": 121951.64,"Plan Rows": 232246,"Plan Width": 16,"Actual Startup Time": 58.195,"Actual Total Time": 787.901,"Actual Rows": 228485,"Actual Loops": 1,"Recheck Cond": "((l_shipdate >= '1994-10-01'::date) AND (l_shipdate < '1995-01-01 00:00:00'::timestamp without time zone))","Rows Removed by Index Recheck": 0,"Exact Heap Blocks": 67254,"Lossy Heap Blocks": 0,"Plans": [{"Node Type": "Bitmap Index Scan","Parent Relationship": "Outer","Parallel Aware": false,"Async Capable": false,"Index Name": "idx_lineitem_shipdate","Startup Cost": 0.00,"Total Cost": 5906.89,"Plan Rows": 232246,"Plan Width": 0,"Actual Startup Time": 44.283,"Actual Total Time": 44.290,"Actual Rows": 228485,"Actual Loops": 1,"Index Cond": "((l_shipdate >= '1994-10-01'::date) AND (l_shipdate < '1995-01-01 00:00:00'::timestamp without time zone))"}]}]}]},{"Node Type": "Index Scan","Parent Relationship": "Outer","Parallel Aware": false,"Async Capable": false,"Scan Direction": "Forward","Index Name": "supplier_pkey","Relation Name": "supplier","Alias": "supplier","Startup Cost": 0.29,"Total Cost": 495.43,"Plan Rows": 10000,"Plan Width": 71,"Actual Startup Time": 0.119,"Actual Total Time": 5.877,"Actual Rows": 3489,"Actual Loops": 1},{"Node Type": "Sort","Parent Relationship": "Inner","Parallel Aware": false,"Async Capable": false,"Startup Cost": 124426.12,"Total Cost": 124426.24,"Plan Rows": 50,"Plan Width": 36,"Actual Startup Time": 2071.109,"Actual Total Time": 2071.122,"Actual Rows": 1,"Actual Loops": 1,"Sort Key": ["revenue0.supplier_no"],"Sort Method": "quicksort","Sort Space Used": 25,"Sort Space Type": "Memory","Plans": [{"Node Type": "Subquery Scan","Parent Relationship": "Outer","Parallel Aware": false,"Async Capable": false,"Alias": "revenue0","Startup Cost": 124274.10,"Total Cost": 124424.71,"Plan Rows": 50,"Plan Width": 36,"Actual Startup Time": 2068.547,"Actual Total Time": 2071.053,"Actual Rows": 1,"Actual Loops": 1,"Plans": [{"Node Type": "Aggregate","Strategy": "Hashed","Partial Mode": "Simple","Parent Relationship": "Subquery","Parallel Aware": false,"Async Capable": false,"Startup Cost": 124274.10,"Total Cost": 124424.21,"Plan Rows": 50,"Plan Width": 36,"Actual Startup Time": 2068.539,"Actual Total Time": 2071.037,"Actual Rows": 1,"Actual Loops": 1,"Group Key": ["lineitem.l_suppkey"],"Filter": "(sum((lineitem.l_extendedprice * ('1'::numeric - lineitem.l_discount))) = $0)","Planned Partitions": 0,"HashAgg Batches": 1,"Peak Memory Usage": 4497,"Disk Usage": 0,"Rows Removed by Filter": 9999,"Plans": [{"Node Type": "Bitmap Heap Scan","Parent Relationship": "Outer","Parallel Aware": false,"Async Capable": false,"Relation Name": "lineitem","Alias": "lineitem","Startup Cost": 5964.95,"Total Cost": 121951.64,"Plan Rows": 232246,"Plan Width": 16,"Actual Startup Time": 55.484,"Actual Total Time": 929.289,"Actual Rows": 228485,"Actual Loops": 1,"Recheck Cond": "((l_shipdate >= '1994-10-01'::date) AND (l_shipdate < '1995-01-01 00:00:00'::timestamp without time zone))","Rows Removed by Index Recheck": 0,"Exact Heap Blocks": 67254,"Lossy Heap Blocks": 0,"Plans": [{"Node Type": "Bitmap Index Scan","Parent Relationship": "Outer","Parallel Aware": false,"Async Capable": false,"Index Name": "idx_lineitem_shipdate","Startup Cost": 0.00,"Total Cost": 5906.89,"Plan Rows": 232246,"Plan Width": 0,"Actual Startup Time": 41.691,"Actual Total Time": 41.696,"Actual Rows": 228485,"Actual Loops": 1,"Index Cond": "((l_shipdate >= '1994-10-01'::date) AND (l_shipdate < '1995-01-01 00:00:00'::timestamp without time zone))"}]}]}]}]}]},"Planning Time": 4.532,"Triggers": [],"Execution Time": 2082.904}]
[{"Plan": {"Node Type": "Merge Join","Parallel Aware": false,"Async Capable": false,"Join Type": "Inner","Startup Cost": 248512.46,"Total Cost": 249033.35,"Plan Rows": 50,"Plan Width": 103,"Actual Startup Time": 1933.150,"Actual Total Time": 1933.206,"Actual Rows": 1,"Actual Loops": 1,"Inner Unique": true,"Merge Cond": "(supplier.s_suppkey = revenue0.supplier_no)","Plans": [{"Node Type": "Aggregate","Strategy": "Plain","Partial Mode": "Simple","Parent Relationship": "InitPlan","Subplan Name": "InitPlan 1 (returns $0)","Parallel Aware": false,"Async Capable": false,"Startup Cost": 124305.16,"Total Cost": 124305.17,"Plan Rows": 1,"Plan Width": 32,"Actual Startup Time": 870.174,"Actual Total Time": 870.194,"Actual Rows": 1,"Actual Loops": 1,"Plans": [{"Node Type": "Aggregate","Strategy": "Hashed","Partial Mode": "Simple","Parent Relationship": "Outer","Parallel Aware": false,"Async Capable": false,"Startup Cost": 124054.99,"Total Cost": 124180.07,"Plan Rows": 10007,"Plan Width": 36,"Actual Startup Time": 862.742,"Actual Total Time": 869.556,"Actual Rows": 10000,"Actual Loops": 1,"Group Key": ["lineitem_1.l_suppkey"],"Planned Partitions": 0,"HashAgg Batches": 1,"Peak Memory Usage": 4497,"Disk Usage": 0,"Plans": [{"Node Type": "Bitmap Heap Scan","Parent Relationship": "Outer","Parallel Aware": false,"Async Capable": false,"Relation Name": "lineitem","Alias": "lineitem_1","Startup Cost": 5853.01,"Total Cost": 121775.40,"Plan Rows": 227959,"Plan Width": 16,"Actual Startup Time": 40.844,"Actual Total Time": 627.508,"Actual Rows": 229968,"Actual Loops": 1,"Recheck Cond": "((l_shipdate >= '1995-06-01'::date) AND (l_shipdate < '1995-09-01 00:00:00'::timestamp without time zone))","Rows Removed by Index Recheck": 0,"Exact Heap Blocks": 67407,"Lossy Heap Blocks": 0,"Plans": [{"Node Type": "Bitmap Index Scan","Parent Relationship": "Outer","Parallel Aware": false,"Async Capable": false,"Index Name": "idx_lineitem_shipdate","Startup Cost": 0.00,"Total Cost": 5796.02,"Plan Rows": 227959,"Plan Width": 0,"Actual Startup Time": 28.150,"Actual Total Time": 28.164,"Actual Rows": 229968,"Actual Loops": 1,"Index Cond": "((l_shipdate >= '1995-06-01'::date) AND (l_shipdate < '1995-09-01 00:00:00'::timestamp without time zone))"}]}]}]},{"Node Type": "Index Scan","Parent Relationship": "Outer","Parallel Aware": false,"Async Capable": false,"Scan Direction": "Forward","Index Name": "supplier_pkey","Relation Name": "supplier","Alias": "supplier","Startup Cost": 0.29,"Total Cost": 495.43,"Plan Rows": 10000,"Plan Width": 71,"Actual Startup Time": 0.101,"Actual Total Time": 2.514,"Actual Rows": 2933,"Actual Loops": 1},{"Node Type": "Sort","Parent Relationship": "Inner","Parallel Aware": false,"Async Capable": false,"Startup Cost": 124207.00,"Total Cost": 124207.13,"Plan Rows": 50,"Plan Width": 36,"Actual Startup Time": 1930.459,"Actual Total Time": 1930.480,"Actual Rows": 1,"Actual Loops": 1,"Sort Key": ["revenue0.supplier_no"],"Sort Method": "quicksort","Sort Space Used": 25,"Sort Space Type": "Memory","Plans": [{"Node Type": "Subquery Scan","Parent Relationship": "Outer","Parallel Aware": false,"Async Capable": false,"Alias": "revenue0","Startup Cost": 124054.99,"Total Cost": 124205.59,"Plan Rows": 50,"Plan Width": 36,"Actual Startup Time": 1925.907,"Actual Total Time": 1930.384,"Actual Rows": 1,"Actual Loops": 1,"Plans": [{"Node Type": "Aggregate","Strategy": "Hashed","Partial Mode": "Simple","Parent Relationship": "Subquery","Parallel Aware": false,"Async Capable": false,"Startup Cost": 124054.99,"Total Cost": 124205.09,"Plan Rows": 50,"Plan Width": 36,"Actual Startup Time": 1925.899,"Actual Total Time": 1930.352,"Actual Rows": 1,"Actual Loops": 1,"Group Key": ["lineitem.l_suppkey"],"Filter": "(sum((lineitem.l_extendedprice * ('1'::numeric - lineitem.l_discount))) = $0)","Planned Partitions": 0,"HashAgg Batches": 1,"Peak Memory Usage": 4497,"Disk Usage": 0,"Rows Removed by Filter": 9999,"Plans": [{"Node Type": "Bitmap Heap Scan","Parent Relationship": "Outer","Parallel Aware": false,"Async Capable": false,"Relation Name": "lineitem","Alias": "lineitem","Startup Cost": 5853.01,"Total Cost": 121775.40,"Plan Rows": 227959,"Plan Width": 16,"Actual Startup Time": 51.555,"Actual Total Time": 823.671,"Actual Rows": 229968,"Actual Loops": 1,"Recheck Cond": "((l_shipdate >= '1995-06-01'::date) AND (l_shipdate < '1995-09-01 00:00:00'::timestamp without time zone))","Rows Removed by Index Recheck": 0,"Exact Heap Blocks": 67407,"Lossy Heap Blocks": 0,"Plans": [{"Node Type": "Bitmap Index Scan","Parent Relationship": "Outer","Parallel Aware": false,"Async Capable": false,"Index Name": "idx_lineitem_shipdate","Startup Cost": 0.00,"Total Cost": 5796.02,"Plan Rows": 227959,"Plan Width": 0,"Actual Startup Time": 38.034,"Actual Total Time": 38.041,"Actual Rows": 229968,"Actual Loops": 1,"Index Cond": "((l_shipdate >= '1995-06-01'::date) AND (l_shipdate < '1995-09-01 00:00:00'::timestamp without time zone))"}]}]}]}]}]},"Planning Time": 4.159,"Triggers": [],"Execution Time": 1935.928}]
[{"Plan": {"Node Type": "Merge Join","Parallel Aware": false,"Async Capable": false,"Join Type": "Inner","Startup Cost": 248718.93,"Total Cost": 249239.83,"Plan Rows": 50,"Plan Width": 103,"Actual Startup Time": 2107.161,"Actual Total Time": 2107.228,"Actual Rows": 1,"Actual Loops": 1,"Inner Unique": true,"Merge Cond": "(supplier.s_suppkey = revenue0.supplier_no)","Plans": [{"Node Type": "Aggregate","Strategy": "Plain","Partial Mode": "Simple","Parent Relationship": "InitPlan","Subplan Name": "InitPlan 1 (returns $0)","Parallel Aware": false,"Async Capable": false,"Startup Cost": 124408.40,"Total Cost": 124408.41,"Plan Rows": 1,"Plan Width": 32,"Actual Startup Time": 1002.061,"Actual Total Time": 1002.085,"Actual Rows": 1,"Actual Loops": 1,"Plans": [{"Node Type": "Aggregate","Strategy": "Hashed","Partial Mode": "Simple","Parent Relationship": "Outer","Parallel Aware": false,"Async Capable": false,"Startup Cost": 124158.22,"Total Cost": 124283.31,"Plan Rows": 10007,"Plan Width": 36,"Actual Startup Time": 992.934,"Actual Total Time": 1001.412,"Actual Rows": 10000,"Actual Loops": 1,"Group Key": ["lineitem_1.l_suppkey"],"Planned Partitions": 0,"HashAgg Batches": 1,"Peak Memory Usage": 4497,"Disk Usage": 0,"Plans": [{"Node Type": "Bitmap Heap Scan","Parent Relationship": "Outer","Parallel Aware": false,"Async Capable": false,"Relation Name": "lineitem","Alias": "lineitem_1","Startup Cost": 5905.73,"Total Cost": 121858.43,"Plan Rows": 229980,"Plan Width": 16,"Actual Startup Time": 59.024,"Actual Total Time": 766.380,"Actual Rows": 223495,"Actual Loops": 1,"Recheck Cond": "((l_shipdate >= '1996-02-01'::date) AND (l_shipdate < '1996-05-01 00:00:00'::timestamp without time zone))","Rows Removed by Index Recheck": 0,"Exact Heap Blocks": 66629,"Lossy Heap Blocks": 0,"Plans": [{"Node Type": "Bitmap Index Scan","Parent Relationship": "Outer","Parallel Aware": false,"Async Capable": false,"Index Name": "idx_lineitem_shipdate","Startup Cost": 0.00,"Total Cost": 5848.23,"Plan Rows": 229980,"Plan Width": 0,"Actual Startup Time": 45.099,"Actual Total Time": 45.117,"Actual Rows": 223495,"Actual Loops": 1,"Index Cond": "((l_shipdate >= '1996-02-01'::date) AND (l_shipdate < '1996-05-01 00:00:00'::timestamp without time zone))"}]}]}]},{"Node Type": "Index Scan","Parent Relationship": "Outer","Parallel Aware": false,"Async Capable": false,"Scan Direction": "Forward","Index Name": "supplier_pkey","Relation Name": "supplier","Alias": "supplier","Startup Cost": 0.29,"Total Cost": 495.43,"Plan Rows": 10000,"Plan Width": 71,"Actual Startup Time": 0.089,"Actual Total Time": 1.935,"Actual Rows": 939,"Actual Loops": 1},{"Node Type": "Sort","Parent Relationship": "Inner","Parallel Aware": false,"Async Capable": false,"Startup Cost": 124310.24,"Total Cost": 124310.37,"Plan Rows": 50,"Plan Width": 36,"Actual Startup Time": 2105.094,"Actual Total Time": 2105.129,"Actual Rows": 1,"Actual Loops": 1,"Sort Key": ["revenue0.supplier_no"],"Sort Method": "quicksort","Sort Space Used": 25,"Sort Space Type": "Memory","Plans": [{"Node Type": "Subquery Scan","Parent Relationship": "Outer","Parallel Aware": false,"Async Capable": false,"Alias": "revenue0","Startup Cost": 124158.22,"Total Cost": 124308.83,"Plan Rows": 50,"Plan Width": 36,"Actual Startup Time": 2102.538,"Actual Total Time": 2105.041,"Actual Rows": 1,"Actual Loops": 1,"Plans": [{"Node Type": "Aggregate","Strategy": "Hashed","Partial Mode": "Simple","Parent Relationship": "Subquery","Parallel Aware": false,"Async Capable": false,"Startup Cost": 124158.22,"Total Cost": 124308.33,"Plan Rows": 50,"Plan Width": 36,"Actual Startup Time": 2102.523,"Actual Total Time": 2105.002,"Actual Rows": 1,"Actual Loops": 1,"Group Key": ["lineitem.l_suppkey"],"Filter": "(sum((lineitem.l_extendedprice * ('1'::numeric - lineitem.l_discount))) = $0)","Planned Partitions": 0,"HashAgg Batches": 1,"Peak Memory Usage": 4497,"Disk Usage": 0,"Rows Removed by Filter": 9999,"Plans": [{"Node Type": "Bitmap Heap Scan","Parent Relationship": "Outer","Parallel Aware": false,"Async Capable": false,"Relation Name": "lineitem","Alias": "lineitem","Startup Cost": 5905.73,"Total Cost": 121858.43,"Plan Rows": 229980,"Plan Width": 16,"Actual Startup Time": 54.609,"Actual Total Time": 923.384,"Actual Rows": 223495,"Actual Loops": 1,"Recheck Cond": "((l_shipdate >= '1996-02-01'::date) AND (l_shipdate < '1996-05-01 00:00:00'::timestamp without time zone))","Rows Removed by Index Recheck": 0,"Exact Heap Blocks": 66629,"Lossy Heap Blocks": 0,"Plans": [{"Node Type": "Bitmap Index Scan","Parent Relationship": "Outer","Parallel Aware": false,"Async Capable": false,"Index Name": "idx_lineitem_shipdate","Startup Cost": 0.00,"Total Cost": 5848.23,"Plan Rows": 229980,"Plan Width": 0,"Actual Startup Time": 41.080,"Actual Total Time": 41.096,"Actual Rows": 223495,"Actual Loops": 1,"Index Cond": "((l_shipdate >= '1996-02-01'::date) AND (l_shipdate < '1996-05-01 00:00:00'::timestamp without time zone))"}]}]}]}]}]},"Planning Time": 5.322,"Triggers": [],"Execution Time": 2112.257}]
[{"Plan": {"Node Type": "Merge Join","Parallel Aware": false,"Async Capable": false,"Join Type": "Inner","Startup Cost": 249919.13,"Total Cost": 250440.03,"Plan Rows": 50,"Plan Width": 103,"Actual Startup Time": 1938.438,"Actual Total Time": 1938.484,"Actual Rows": 1,"Actual Loops": 1,"Inner Unique": true,"Merge Cond": "(supplier.s_suppkey = revenue0.supplier_no)","Plans": [{"Node Type": "Aggregate","Strategy": "Plain","Partial Mode": "Simple","Parent Relationship": "InitPlan","Subplan Name": "InitPlan 1 (returns $0)","Parallel Aware": false,"Async Capable": false,"Startup Cost": 125008.50,"Total Cost": 125008.51,"Plan Rows": 1,"Plan Width": 32,"Actual Startup Time": 846.218,"Actual Total Time": 846.240,"Actual Rows": 1,"Actual Loops": 1,"Plans": [{"Node Type": "Aggregate","Strategy": "Hashed","Partial Mode": "Simple","Parent Relationship": "Outer","Parallel Aware": false,"Async Capable": false,"Startup Cost": 124758.32,"Total Cost": 124883.41,"Plan Rows": 10007,"Plan Width": 36,"Actual Startup Time": 837.029,"Actual Total Time": 845.645,"Actual Rows": 10000,"Actual Loops": 1,"Group Key": ["lineitem_1.l_suppkey"],"Planned Partitions": 0,"HashAgg Batches": 1,"Peak Memory Usage": 4497,"Disk Usage": 0,"Plans": [{"Node Type": "Bitmap Heap Scan","Parent Relationship": "Outer","Parallel Aware": false,"Async Capable": false,"Relation Name": "lineitem","Alias": "lineitem_1","Startup Cost": 6210.72,"Total Cost": 122340.48,"Plan Rows": 241784,"Plan Width": 16,"Actual Startup Time": 57.576,"Actual Total Time": 672.754,"Actual Rows": 227694,"Actual Loops": 1,"Recheck Cond": "((l_shipdate >= '1993-05-01'::date) AND (l_shipdate < '1993-08-01 00:00:00'::timestamp without time zone))","Rows Removed by Index Recheck": 0,"Exact Heap Blocks": 66876,"Lossy Heap Blocks": 0,"Plans": [{"Node Type": "Bitmap Index Scan","Parent Relationship": "Outer","Parallel Aware": false,"Async Capable": false,"Index Name": "idx_lineitem_shipdate","Startup Cost": 0.00,"Total Cost": 6150.27,"Plan Rows": 241784,"Plan Width": 0,"Actual Startup Time": 44.048,"Actual Total Time": 44.059,"Actual Rows": 227694,"Actual Loops": 1,"Index Cond": "((l_shipdate >= '1993-05-01'::date) AND (l_shipdate < '1993-08-01 00:00:00'::timestamp without time zone))"}]}]}]},{"Node Type": "Index Scan","Parent Relationship": "Outer","Parallel Aware": false,"Async Capable": false,"Scan Direction": "Forward","Index Name": "supplier_pkey","Relation Name": "supplier","Alias": "supplier","Startup Cost": 0.29,"Total Cost": 495.43,"Plan Rows": 10000,"Plan Width": 71,"Actual Startup Time": 0.103,"Actual Total Time": 9.443,"Actual Rows": 5891,"Actual Loops": 1},{"Node Type": "Sort","Parent Relationship": "Inner","Parallel Aware": false,"Async Capable": false,"Startup Cost": 124910.34,"Total Cost": 124910.46,"Plan Rows": 50,"Plan Width": 36,"Actual Startup Time": 1928.643,"Actual Total Time": 1928.657,"Actual Rows": 1,"Actual Loops": 1,"Sort Key": ["revenue0.supplier_no"],"Sort Method": "quicksort","Sort Space Used": 25,"Sort Space Type": "Memory","Plans": [{"Node Type": "Subquery Scan","Parent Relationship": "Outer","Parallel Aware": false,"Async Capable": false,"Alias": "revenue0","Startup Cost": 124758.32,"Total Cost": 124908.93,"Plan Rows": 50,"Plan Width": 36,"Actual Startup Time": 1917.063,"Actual Total Time": 1928.619,"Actual Rows": 1,"Actual Loops": 1,"Plans": [{"Node Type": "Aggregate","Strategy": "Hashed","Partial Mode": "Simple","Parent Relationship": "Subquery","Parallel Aware": false,"Async Capable": false,"Startup Cost": 124758.32,"Total Cost": 124908.43,"Plan Rows": 50,"Plan Width": 36,"Actual Startup Time": 1917.055,"Actual Total Time": 1928.608,"Actual Rows": 1,"Actual Loops": 1,"Group Key": ["lineitem.l_suppkey"],"Filter": "(sum((lineitem.l_extendedprice * ('1'::numeric - lineitem.l_discount))) = $0)","Planned Partitions": 0,"HashAgg Batches": 1,"Peak Memory Usage": 4497,"Disk Usage": 0,"Rows Removed by Filter": 9999,"Plans": [{"Node Type": "Bitmap Heap Scan","Parent Relationship": "Outer","Parallel Aware": false,"Async Capable": false,"Relation Name": "lineitem","Alias": "lineitem","Startup Cost": 6210.72,"Total Cost": 122340.48,"Plan Rows": 241784,"Plan Width": 16,"Actual Startup Time": 59.880,"Actual Total Time": 887.270,"Actual Rows": 227694,"Actual Loops": 1,"Recheck Cond": "((l_shipdate >= '1993-05-01'::date) AND (l_shipdate < '1993-08-01 00:00:00'::timestamp without time zone))","Rows Removed by Index Recheck": 0,"Exact Heap Blocks": 66876,"Lossy Heap Blocks": 0,"Plans": [{"Node Type": "Bitmap Index Scan","Parent Relationship": "Outer","Parallel Aware": false,"Async Capable": false,"Index Name": "idx_lineitem_shipdate","Startup Cost": 0.00,"Total Cost": 6150.27,"Plan Rows": 241784,"Plan Width": 0,"Actual Startup Time": 46.380,"Actual Total Time": 46.383,"Actual Rows": 227694,"Actual Loops": 1,"Index Cond": "((l_shipdate >= '1993-05-01'::date) AND (l_shipdate < '1993-08-01 00:00:00'::timestamp without time zone))"}]}]}]}]}]},"Planning Time": 5.126,"Triggers": [],"Execution Time": 1942.320}]
[{"Plan": {"Node Type": "Merge Join","Parallel Aware": false,"Async Capable": false,"Join Type": "Inner","Startup Cost": 249129.82,"Total Cost": 249650.72,"Plan Rows": 50,"Plan Width": 103,"Actual Startup Time": 2040.373,"Actual Total Time": 2040.424,"Actual Rows": 1,"Actual Loops": 1,"Inner Unique": true,"Merge Cond": "(supplier.s_suppkey = revenue0.supplier_no)","Plans": [{"Node Type": "Aggregate","Strategy": "Plain","Partial Mode": "Simple","Parent Relationship": "InitPlan","Subplan Name": "InitPlan 1 (returns $0)","Parallel Aware": false,"Async Capable": false,"Startup Cost": 124613.84,"Total Cost": 124613.85,"Plan Rows": 1,"Plan Width": 32,"Actual Startup Time": 918.752,"Actual Total Time": 918.766,"Actual Rows": 1,"Actual Loops": 1,"Plans": [{"Node Type": "Aggregate","Strategy": "Hashed","Partial Mode": "Simple","Parent Relationship": "Outer","Parallel Aware": false,"Async Capable": false,"Startup Cost": 124363.67,"Total Cost": 124488.76,"Plan Rows": 10007,"Plan Width": 36,"Actual Startup Time": 912.515,"Actual Total Time": 918.159,"Actual Rows": 10000,"Actual Loops": 1,"Group Key": ["lineitem_1.l_suppkey"],"Planned Partitions": 0,"HashAgg Batches": 1,"Peak Memory Usage": 4497,"Disk Usage": 0,"Plans": [{"Node Type": "Bitmap Heap Scan","Parent Relationship": "Outer","Parallel Aware": false,"Async Capable": false,"Relation Name": "lineitem","Alias": "lineitem_1","Startup Cost": 5613.44,"Total Cost": 122177.32,"Plan Rows": 218635,"Plan Width": 16,"Actual Startup Time": 56.617,"Actual Total Time": 768.840,"Actual Rows": 222109,"Actual Loops": 1,"Recheck Cond": "((l_shipdate >= '1993-02-01'::date) AND (l_shipdate < '1993-05-01 00:00:00'::timestamp without time zone))","Rows Removed by Index Recheck": 0,"Exact Heap Blocks": 66260,"Lossy Heap Blocks": 0,"Plans": [{"Node Type": "Bitmap Index Scan","Parent Relationship": "Outer","Parallel Aware": false,"Async Capable": false,"Index Name": "idx_lineitem_shipdate","Startup Cost": 0.00,"Total Cost": 5558.78,"Plan Rows": 218635,"Plan Width": 0,"Actual Startup Time": 43.062,"Actual Total Time": 43.067,"Actual Rows": 222109,"Actual Loops": 1,"Index Cond": "((l_shipdate >= '1993-02-01'::date) AND (l_shipdate < '1993-05-01 00:00:00'::timestamp without time zone))"}]}]}]},{"Node Type": "Index Scan","Parent Relationship": "Outer","Parallel Aware": false,"Async Capable": false,"Scan Direction": "Forward","Index Name": "supplier_pkey","Relation Name": "supplier","Alias": "supplier","Startup Cost": 0.29,"Total Cost": 495.43,"Plan Rows": 10000,"Plan Width": 71,"Actual Startup Time": 0.102,"Actual Total Time": 14.495,"Actual Rows": 9462,"Actual Loops": 1},{"Node Type": "Sort","Parent Relationship": "Inner","Parallel Aware": false,"Async Capable": false,"Startup Cost": 124515.68,"Total Cost": 124515.81,"Plan Rows": 50,"Plan Width": 36,"Actual Startup Time": 2025.337,"Actual Total Time": 2025.356,"Actual Rows": 1,"Actual Loops": 1,"Sort Key": ["revenue0.supplier_no"],"Sort Method": "quicksort","Sort Space Used": 25,"Sort Space Type": "Memory","Plans": [{"Node Type": "Subquery Scan","Parent Relationship": "Outer","Parallel Aware": false,"Async Capable": false,"Alias": "revenue0","Startup Cost": 124363.67,"Total Cost": 124514.27,"Plan Rows": 50,"Plan Width": 36,"Actual Startup Time": 2023.327,"Actual Total Time": 2025.299,"Actual Rows": 1,"Actual Loops": 1,"Plans": [{"Node Type": "Aggregate","Strategy": "Hashed","Partial Mode": "Simple","Parent Relationship": "Subquery","Parallel Aware": false,"Async Capable": false,"Startup Cost": 124363.67,"Total Cost": 124513.77,"Plan Rows": 50,"Plan Width": 36,"Actual Startup Time": 2023.320,"Actual Total Time": 2025.281,"Actual Rows": 1,"Actual Loops": 1,"Group Key": ["lineitem.l_suppkey"],"Filter": "(sum((lineitem.l_extendedprice * ('1'::numeric - lineitem.l_discount))) = $0)","Planned Partitions": 0,"HashAgg Batches": 1,"Peak Memory Usage": 4497,"Disk Usage": 0,"Rows Removed by Filter": 9999,"Plans": [{"Node Type": "Bitmap Heap Scan","Parent Relationship": "Outer","Parallel Aware": false,"Async Capable": false,"Relation Name": "lineitem","Alias": "lineitem","Startup Cost": 5613.44,"Total Cost": 122177.32,"Plan Rows": 218635,"Plan Width": 16,"Actual Startup Time": 53.952,"Actual Total Time": 912.955,"Actual Rows": 222109,"Actual Loops": 1,"Recheck Cond": "((l_shipdate >= '1993-02-01'::date) AND (l_shipdate < '1993-05-01 00:00:00'::timestamp without time zone))","Rows Removed by Index Recheck": 0,"Exact Heap Blocks": 66260,"Lossy Heap Blocks": 0,"Plans": [{"Node Type": "Bitmap Index Scan","Parent Relationship": "Outer","Parallel Aware": false,"Async Capable": false,"Index Name": "idx_lineitem_shipdate","Startup Cost": 0.00,"Total Cost": 5558.78,"Plan Rows": 218635,"Plan Width": 0,"Actual Startup Time": 40.555,"Actual Total Time": 40.556,"Actual Rows": 222109,"Actual Loops": 1,"Index Cond": "((l_shipdate >= '1993-02-01'::date) AND (l_shipdate < '1993-05-01 00:00:00'::timestamp without time zone))"}]}]}]}]}]},"Planning Time": 4.191,"Triggers": [],"Execution Time": 2046.034}]
[{"Plan": {"Node Type": "Merge Join","Parallel Aware": false,"Async Capable": false,"Join Type": "Inner","Startup Cost": 248837.06,"Total Cost": 249357.95,"Plan Rows": 50,"Plan Width": 103,"Actual Startup Time": 1969.246,"Actual Total Time": 1969.306,"Actual Rows": 1,"Actual Loops": 1,"Inner Unique": true,"Merge Cond": "(supplier.s_suppkey = revenue0.supplier_no)","Plans": [{"Node Type": "Aggregate","Strategy": "Plain","Partial Mode": "Simple","Parent Relationship": "InitPlan","Subplan Name": "InitPlan 1 (returns $0)","Parallel Aware": false,"Async Capable": false,"Startup Cost": 124467.46,"Total Cost": 124467.47,"Plan Rows": 1,"Plan Width": 32,"Actual Startup Time": 899.835,"Actual Total Time": 899.853,"Actual Rows": 1,"Actual Loops": 1,"Plans": [{"Node Type": "Aggregate","Strategy": "Hashed","Partial Mode": "Simple","Parent Relationship": "Outer","Parallel Aware": false,"Async Capable": false,"Startup Cost": 124217.29,"Total Cost": 124342.37,"Plan Rows": 10007,"Plan Width": 36,"Actual Startup Time": 888.951,"Actual Total Time": 899.159,"Actual Rows": 10000,"Actual Loops": 1,"Group Key": ["lineitem_1.l_suppkey"],"Planned Partitions": 0,"HashAgg Batches": 1,"Peak Memory Usage": 4497,"Disk Usage": 0,"Plans": [{"Node Type": "Bitmap Heap Scan","Parent Relationship": "Outer","Parallel Aware": false,"Async Capable": false,"Relation Name": "lineitem","Alias": "lineitem_1","Startup Cost": 5666.73,"Total Cost": 122010.16,"Plan Rows": 220712,"Plan Width": 16,"Actual Startup Time": 50.799,"Actual Total Time": 691.660,"Actual Rows": 227315,"Actual Loops": 1,"Recheck Cond": "((l_shipdate >= '1994-04-01'::date) AND (l_shipdate < '1994-07-01 00:00:00'::timestamp without time zone))","Rows Removed by Index Recheck": 0,"Exact Heap Blocks": 67016,"Lossy Heap Blocks": 0,"Plans": [{"Node Type": "Bitmap Index Scan","Parent Relationship": "Outer","Parallel Aware": false,"Async Capable": false,"Index Name": "idx_lineitem_shipdate","Startup Cost": 0.00,"Total Cost": 5611.55,"Plan Rows": 220712,"Plan Width": 0,"Actual Startup Time": 36.979,"Actual Total Time": 36.992,"Actual Rows": 227315,"Actual Loops": 1,"Index Cond": "((l_shipdate >= '1994-04-01'::date) AND (l_shipdate < '1994-07-01 00:00:00'::timestamp without time zone))"}]}]}]},{"Node Type": "Index Scan","Parent Relationship": "Outer","Parallel Aware": false,"Async Capable": false,"Scan Direction": "Forward","Index Name": "supplier_pkey","Relation Name": "supplier","Alias": "supplier","Startup Cost": 0.29,"Total Cost": 495.43,"Plan Rows": 10000,"Plan Width": 71,"Actual Startup Time": 0.084,"Actual Total Time": 2.331,"Actual Rows": 1360,"Actual Loops": 1},{"Node Type": "Sort","Parent Relationship": "Inner","Parallel Aware": false,"Async Capable": false,"Startup Cost": 124369.30,"Total Cost": 124369.43,"Plan Rows": 50,"Plan Width": 36,"Actual Startup Time": 1966.772,"Actual Total Time": 1966.788,"Actual Rows": 1,"Actual Loops": 1,"Sort Key": ["revenue0.supplier_no"],"Sort Method": "quicksort","Sort Space Used": 25,"Sort Space Type": "Memory","Plans": [{"Node Type": "Subquery Scan","Parent Relationship": "Outer","Parallel Aware": false,"Async Capable": false,"Alias": "revenue0","Startup Cost": 124217.29,"Total Cost": 124367.89,"Plan Rows": 50,"Plan Width": 36,"Actual Startup Time": 1963.574,"Actual Total Time": 1966.737,"Actual Rows": 1,"Actual Loops": 1,"Plans": [{"Node Type": "Aggregate","Strategy": "Hashed","Partial Mode": "Simple","Parent Relationship": "Subquery","Parallel Aware": false,"Async Capable": false,"Startup Cost": 124217.29,"Total Cost": 124367.39,"Plan Rows": 50,"Plan Width": 36,"Actual Startup Time": 1963.555,"Actual Total Time": 1966.695,"Actual Rows": 1,"Actual Loops": 1,"Group Key": ["lineitem.l_suppkey"],"Filter": "(sum((lineitem.l_extendedprice * ('1'::numeric - lineitem.l_discount))) = $0)","Planned Partitions": 0,"HashAgg Batches": 1,"Peak Memory Usage": 4497,"Disk Usage": 0,"Rows Removed by Filter": 9999,"Plans": [{"Node Type": "Bitmap Heap Scan","Parent Relationship": "Outer","Parallel Aware": false,"Async Capable": false,"Relation Name": "lineitem","Alias": "lineitem","Startup Cost": 5666.73,"Total Cost": 122010.16,"Plan Rows": 220712,"Plan Width": 16,"Actual Startup Time": 49.894,"Actual Total Time": 881.952,"Actual Rows": 227315,"Actual Loops": 1,"Recheck Cond": "((l_shipdate >= '1994-04-01'::date) AND (l_shipdate < '1994-07-01 00:00:00'::timestamp without time zone))","Rows Removed by Index Recheck": 0,"Exact Heap Blocks": 67016,"Lossy Heap Blocks": 0,"Plans": [{"Node Type": "Bitmap Index Scan","Parent Relationship": "Outer","Parallel Aware": false,"Async Capable": false,"Index Name": "idx_lineitem_shipdate","Startup Cost": 0.00,"Total Cost": 5611.55,"Plan Rows": 220712,"Plan Width": 0,"Actual Startup Time": 36.453,"Actual Total Time": 36.453,"Actual Rows": 227315,"Actual Loops": 1,"Index Cond": "((l_shipdate >= '1994-04-01'::date) AND (l_shipdate < '1994-07-01 00:00:00'::timestamp without time zone))"}]}]}]}]}]},"Planning Time": 4.191,"Triggers": [],"Execution Time": 1974.742}]
[{"Plan": {"Node Type": "Merge Join","Parallel Aware": false,"Async Capable": false,"Join Type": "Inner","Startup Cost": 249448.72,"Total Cost": 249969.61,"Plan Rows": 50,"Plan Width": 103,"Actual Startup Time": 1952.448,"Actual Total Time": 1952.508,"Actual Rows": 1,"Actual Loops": 1,"Inner Unique": true,"Merge Cond": "(supplier.s_suppkey = revenue0.supplier_no)","Plans": [{"Node Type": "Aggregate","Strategy": "Plain","Partial Mode": "Simple","Parent Relationship": "InitPlan","Subplan Name": "InitPlan 1 (returns $0)","Parallel Aware": false,"Async Capable": false,"Startup Cost": 124773.29,"Total Cost": 124773.30,"Plan Rows": 1,"Plan Width": 32,"Actual Startup Time": 900.052,"Actual Total Time": 900.075,"Actual Rows": 1,"Actual Loops": 1,"Plans": [{"Node Type": "Aggregate","Strategy": "Hashed","Partial Mode": "Simple","Parent Relationship": "Outer","Parallel Aware": false,"Async Capable": false,"Startup Cost": 124523.11,"Total Cost": 124648.20,"Plan Rows": 10007,"Plan Width": 36,"Actual Startup Time": 890.849,"Actual Total Time": 899.431,"Actual Rows": 10000,"Actual Loops": 1,"Group Key": ["lineitem_1.l_suppkey"],"Planned Partitions": 0,"HashAgg Batches": 1,"Peak Memory Usage": 4497,"Disk Usage": 0,"Plans": [{"Node Type": "Bitmap Heap Scan","Parent Relationship": "Outer","Parallel Aware": false,"Async Capable": false,"Relation Name": "lineitem","Alias": "lineitem_1","Startup Cost": 6091.26,"Total Cost": 122151.57,"Plan Rows": 237154,"Plan Width": 16,"Actual Startup Time": 48.844,"Actual Total Time": 683.550,"Actual Rows": 224101,"Actual Loops": 1,"Recheck Cond": "((l_shipdate >= '1994-12-01'::date) AND (l_shipdate < '1995-03-01 00:00:00'::timestamp without time zone))","Rows Removed by Index Recheck": 0,"Exact Heap Blocks": 66615,"Lossy Heap Blocks": 0,"Plans": [{"Node Type": "Bitmap Index Scan","Parent Relationship": "Outer","Parallel Aware": false,"Async Capable": false,"Index Name": "idx_lineitem_shipdate","Startup Cost": 0.00,"Total Cost": 6031.97,"Plan Rows": 237154,"Plan Width": 0,"Actual Startup Time": 35.547,"Actual Total Time": 35.567,"Actual Rows": 224101,"Actual Loops": 1,"Index Cond": "((l_shipdate >= '1994-12-01'::date) AND (l_shipdate < '1995-03-01 00:00:00'::timestamp without time zone))"}]}]}]},{"Node Type": "Index Scan","Parent Relationship": "Outer","Parallel Aware": false,"Async Capable": false,"Scan Direction": "Forward","Index Name": "supplier_pkey","Relation Name": "supplier","Alias": "supplier","Startup Cost": 0.29,"Total Cost": 495.43,"Plan Rows": 10000,"Plan Width": 71,"Actual Startup Time": 0.085,"Actual Total Time": 12.935,"Actual Rows": 8423,"Actual Loops": 1},{"Node Type": "Sort","Parent Relationship": "Inner","Parallel Aware": false,"Async Capable": false,"Startup Cost": 124675.13,"Total Cost": 124675.26,"Plan Rows": 50,"Plan Width": 36,"Actual Startup Time": 1938.983,"Actual Total Time": 1938.999,"Actual Rows": 1,"Actual Loops": 1,"Sort Key": ["revenue0.supplier_no"],"Sort Method": "quicksort","Sort Space Used": 25,"Sort Space Type": "Memory","Plans": [{"Node Type": "Subquery Scan","Parent Relationship": "Outer","Parallel Aware": false,"Async Capable": false,"Alias": "revenue0","Startup Cost": 124523.11,"Total Cost": 124673.72,"Plan Rows": 50,"Plan Width": 36,"Actual Startup Time": 1938.890,"Actual Total Time": 1938.948,"Actual Rows": 1,"Actual Loops": 1,"Plans": [{"Node Type": "Aggregate","Strategy": "Hashed","Partial Mode": "Simple","Parent Relationship": "Subquery","Parallel Aware": false,"Async Capable": false,"Startup Cost": 124523.11,"Total Cost": 124673.22,"Plan Rows": 50,"Plan Width": 36,"Actual Startup Time": 1938.875,"Actual Total Time": 1938.909,"Actual Rows": 1,"Actual Loops": 1,"Group Key": ["lineitem.l_suppkey"],"Filter": "(sum((lineitem.l_extendedprice * ('1'::numeric - lineitem.l_discount))) = $0)","Planned Partitions": 0,"HashAgg Batches": 1,"Peak Memory Usage": 4497,"Disk Usage": 0,"Rows Removed by Filter": 9999,"Plans": [{"Node Type": "Bitmap Heap Scan","Parent Relationship": "Outer","Parallel Aware": false,"Async Capable": false,"Relation Name": "lineitem","Alias": "lineitem","Startup Cost": 6091.26,"Total Cost": 122151.57,"Plan Rows": 237154,"Plan Width": 16,"Actual Startup Time": 49.105,"Actual Total Time": 856.632,"Actual Rows": 224101,"Actual Loops": 1,"Recheck Cond": "((l_shipdate >= '1994-12-01'::date) AND (l_shipdate < '1995-03-01 00:00:00'::timestamp without time zone))","Rows Removed by Index Recheck": 0,"Exact Heap Blocks": 66615,"Lossy Heap Blocks": 0,"Plans": [{"Node Type": "Bitmap Index Scan","Parent Relationship": "Outer","Parallel Aware": false,"Async Capable": false,"Index Name": "idx_lineitem_shipdate","Startup Cost": 0.00,"Total Cost": 6031.97,"Plan Rows": 237154,"Plan Width": 0,"Actual Startup Time": 35.803,"Actual Total Time": 35.803,"Actual Rows": 224101,"Actual Loops": 1,"Index Cond": "((l_shipdate >= '1994-12-01'::date) AND (l_shipdate < '1995-03-01 00:00:00'::timestamp without time zone))"}]}]}]}]}]},"Planning Time": 5.356,"Triggers": [],"Execution Time": 1958.420}]
[{"Plan": {"Node Type": "Merge Join","Parallel Aware": false,"Async Capable": false,"Join Type": "Inner","Startup Cost": 248249.45,"Total Cost": 248770.35,"Plan Rows": 50,"Plan Width": 103,"Actual Startup Time": 1933.210,"Actual Total Time": 1933.238,"Actual Rows": 1,"Actual Loops": 1,"Inner Unique": true,"Merge Cond": "(supplier.s_suppkey = revenue0.supplier_no)","Plans": [{"Node Type": "Aggregate","Strategy": "Plain","Partial Mode": "Simple","Parent Relationship": "InitPlan","Subplan Name": "InitPlan 1 (returns $0)","Parallel Aware": false,"Async Capable": false,"Startup Cost": 124173.66,"Total Cost": 124173.67,"Plan Rows": 1,"Plan Width": 32,"Actual Startup Time": 840.754,"Actual Total Time": 840.766,"Actual Rows": 1,"Actual Loops": 1,"Plans": [{"Node Type": "Aggregate","Strategy": "Hashed","Partial Mode": "Simple","Parent Relationship": "Outer","Parallel Aware": false,"Async Capable": false,"Startup Cost": 123923.48,"Total Cost": 124048.57,"Plan Rows": 10007,"Plan Width": 36,"Actual Startup Time": 831.124,"Actual Total Time": 840.175,"Actual Rows": 10000,"Actual Loops": 1,"Group Key": ["lineitem_1.l_suppkey"],"Planned Partitions": 0,"HashAgg Batches": 1,"Peak Memory Usage": 4497,"Disk Usage": 0,"Plans": [{"Node Type": "Bitmap Heap Scan","Parent Relationship": "Outer","Parallel Aware": false,"Async Capable": false,"Relation Name": "lineitem","Alias": "lineitem_1","Startup Cost": 5786.40,"Total Cost": 121669.85,"Plan Rows": 225363,"Plan Width": 16,"Actual Startup Time": 50.816,"Actual Total Time": 670.813,"Actual Rows": 229315,"Actual Loops": 1,"Recheck Cond": "((l_shipdate >= '1994-05-01'::date) AND (l_shipdate < '1994-08-01 00:00:00'::timestamp without time zone))","Rows Removed by Index Recheck": 0,"Exact Heap Blocks": 67035,"Lossy Heap Blocks": 0,"Plans": [{"Node Type": "Bitmap Index Scan","Parent Relationship": "Outer","Parallel Aware": false,"Async Capable": false,"Index Name": "idx_lineitem_shipdate","Startup Cost": 0.00,"Total Cost": 5730.06,"Plan Rows": 225363,"Plan Width": 0,"Actual Startup Time": 37.324,"Actual Total Time": 37.329,"Actual Rows": 229315,"Actual Loops": 1,"Index Cond": "((l_shipdate >= '1994-05-01'::date) AND (l_shipdate < '1994-08-01 00:00:00'::timestamp without time zone))"}]}]}]},{"Node Type": "Index Scan","Parent Relationship": "Outer","Parallel Aware": false,"Async Capable": false,"Scan Direction": "Forward","Index Name": "supplier_pkey","Relation Name": "supplier","Alias": "supplier","Startup Cost": 0.29,"Total Cost": 495.43,"Plan Rows": 10000,"Plan Width": 71,"Actual Startup Time": 0.122,"Actual Total Time": 5.559,"Actual Rows": 3302,"Actual Loops": 1},{"Node Type": "Sort","Parent Relationship": "Inner","Parallel Aware": false,"Async Capable": false,"Startup Cost": 124075.50,"Total Cost": 124075.62,"Plan Rows": 50,"Plan Width": 36,"Actual Startup Time": 1927.428,"Actual Total Time": 1927.436,"Actual Rows": 1,"Actual Loops": 1,"Sort Key": ["revenue0.supplier_no"],"Sort Method": "quicksort","Sort Space Used": 25,"Sort Space Type": "Memory","Plans": [{"Node Type": "Subquery Scan","Parent Relationship": "Outer","Parallel Aware": false,"Async Capable": false,"Alias": "revenue0","Startup Cost": 123923.48,"Total Cost": 124074.09,"Plan Rows": 50,"Plan Width": 36,"Actual Startup Time": 1920.770,"Actual Total Time": 1927.389,"Actual Rows": 1,"Actual Loops": 1,"Plans": [{"Node Type": "Aggregate","Strategy": "Hashed","Partial Mode": "Simple","Parent Relationship": "Subquery","Parallel Aware": false,"Async Capable": false,"Startup Cost": 123923.48,"Total Cost": 124073.59,"Plan Rows": 50,"Plan Width": 36,"Actual Startup Time": 1920.765,"Actual Total Time": 1927.379,"Actual Rows": 1,"Actual Loops": 1,"Group Key": ["lineitem.l_suppkey"],"Filter": "(sum((lineitem.l_extendedprice * ('1'::numeric - lineitem.l_discount))) = $0)","Planned Partitions": 0,"HashAgg Batches": 1,"Peak Memory Usage": 4497,"Disk Usage": 0,"Rows Removed by Filter": 9999,"Plans": [{"Node Type": "Bitmap Heap Scan","Parent Relationship": "Outer","Parallel Aware": false,"Async Capable": false,"Relation Name": "lineitem","Alias": "lineitem","Startup Cost": 5786.40,"Total Cost": 121669.85,"Plan Rows": 225363,"Plan Width": 16,"Actual Startup Time": 48.974,"Actual Total Time": 887.234,"Actual Rows": 229315,"Actual Loops": 1,"Recheck Cond": "((l_shipdate >= '1994-05-01'::date) AND (l_shipdate < '1994-08-01 00:00:00'::timestamp without time zone))","Rows Removed by Index Recheck": 0,"Exact Heap Blocks": 67035,"Lossy Heap Blocks": 0,"Plans": [{"Node Type": "Bitmap Index Scan","Parent Relationship": "Outer","Parallel Aware": false,"Async Capable": false,"Index Name": "idx_lineitem_shipdate","Startup Cost": 0.00,"Total Cost": 5730.06,"Plan Rows": 225363,"Plan Width": 0,"Actual Startup Time": 35.843,"Actual Total Time": 35.843,"Actual Rows": 229315,"Actual Loops": 1,"Index Cond": "((l_shipdate >= '1994-05-01'::date) AND (l_shipdate < '1994-08-01 00:00:00'::timestamp without time zone))"}]}]}]}]}]},"Planning Time": 4.354,"Triggers": [],"Execution Time": 1936.888}]
[{"Plan": {"Node Type": "Merge Join","Parallel Aware": false,"Async Capable": false,"Join Type": "Inner","Startup Cost": 250575.74,"Total Cost": 251096.64,"Plan Rows": 50,"Plan Width": 103,"Actual Startup Time": 1927.149,"Actual Total Time": 1927.196,"Actual Rows": 1,"Actual Loops": 1,"Inner Unique": true,"Merge Cond": "(supplier.s_suppkey = revenue0.supplier_no)","Plans": [{"Node Type": "Aggregate","Strategy": "Plain","Partial Mode": "Simple","Parent Relationship": "InitPlan","Subplan Name": "InitPlan 1 (returns $0)","Parallel Aware": false,"Async Capable": false,"Startup Cost": 125336.80,"Total Cost": 125336.81,"Plan Rows": 1,"Plan Width": 32,"Actual Startup Time": 839.260,"Actual Total Time": 839.275,"Actual Rows": 1,"Actual Loops": 1,"Plans": [{"Node Type": "Aggregate","Strategy": "Hashed","Partial Mode": "Simple","Parent Relationship": "Outer","Parallel Aware": false,"Async Capable": false,"Startup Cost": 125086.63,"Total Cost": 125211.72,"Plan Rows": 10007,"Plan Width": 36,"Actual Startup Time": 831.257,"Actual Total Time": 838.688,"Actual Rows": 10000,"Actual Loops": 1,"Group Key": ["lineitem_1.l_suppkey"],"Planned Partitions": 0,"HashAgg Batches": 1,"Peak Memory Usage": 4497,"Disk Usage": 0,"Plans": [{"Node Type": "Bitmap Heap Scan","Parent Relationship": "Outer","Parallel Aware": false,"Async Capable": false,"Relation Name": "lineitem","Alias": "lineitem_1","Startup Cost": 6377.11,"Total Cost": 122604.02,"Plan Rows": 248261,"Plan Width": 16,"Actual Startup Time": 50.230,"Actual Total Time": 663.119,"Actual Rows": 225253,"Actual Loops": 1,"Recheck Cond": "((l_shipdate >= '1995-01-01'::date) AND (l_shipdate < '1995-04-01 00:00:00'::timestamp without time zone))","Rows Removed by Index Recheck": 0,"Exact Heap Blocks": 66731,"Lossy Heap Blocks": 0,"Plans": [{"Node Type": "Bitmap Index Scan","Parent Relationship": "Outer","Parallel Aware": false,"Async Capable": false,"Index Name": "idx_lineitem_shipdate","Startup Cost": 0.00,"Total Cost": 6315.04,"Plan Rows": 248261,"Plan Width": 0,"Actual Startup Time": 36.910,"Actual Total Time": 36.918,"Actual Rows": 225253,"Actual Loops": 1,"Index Cond": "((l_shipdate >= '1995-01-01'::date) AND (l_shipdate < '1995-04-01 00:00:00'::timestamp without time zone))"}]}]}]},{"Node Type": "Index Scan","Parent Relationship": "Outer","Parallel Aware": false,"Async Capable": false,"Scan Direction": "Forward","Index Name": "supplier_pkey","Relation Name": "supplier","Alias": "supplier","Startup Cost": 0.29,"Total Cost": 495.43,"Plan Rows": 10000,"Plan Width": 71,"Actual Startup Time": 0.115,"Actual Total Time": 13.787,"Actual Rows": 9493,"Actual Loops": 1},{"Node Type": "Sort","Parent Relationship": "Inner","Parallel Aware": false,"Async Capable": false,"Startup Cost": 125238.64,"Total Cost": 125238.77,"Plan Rows": 50,"Plan Width": 36,"Actual Startup Time": 1912.779,"Actual Total Time": 1912.800,"Actual Rows": 1,"Actual Loops": 1,"Sort Key": ["revenue0.supplier_no"],"Sort Method": "quicksort","Sort Space Used": 25,"Sort Space Type": "Memory","Plans": [{"Node Type": "Subquery Scan","Parent Relationship": "Outer","Parallel Aware": false,"Async Capable": false,"Alias": "revenue0","Startup Cost": 125086.63,"Total Cost": 125237.23,"Plan Rows": 50,"Plan Width": 36,"Actual Startup Time": 1882.072,"Actual Total Time": 1912.738,"Actual Rows": 1,"Actual Loops": 1,"Plans": [{"Node Type": "Aggregate","Strategy": "Hashed","Partial Mode": "Simple","Parent Relationship": "Subquery","Parallel Aware": false,"Async Capable": false,"Startup Cost": 125086.63,"Total Cost": 125236.73,"Plan Rows": 50,"Plan Width": 36,"Actual Startup Time": 1882.058,"Actual Total Time": 1912.709,"Actual Rows": 1,"Actual Loops": 1,"Group Key": ["lineitem.l_suppkey"],"Filter": "(sum((lineitem.l_extendedprice * ('1'::numeric - lineitem.l_discount))) = $0)","Planned Partitions": 0,"HashAgg Batches": 1,"Peak Memory Usage": 4497,"Disk Usage": 0,"Rows Removed by Filter": 9999,"Plans": [{"Node Type": "Bitmap Heap Scan","Parent Relationship": "Outer","Parallel Aware": false,"Async Capable": false,"Relation Name": "lineitem","Alias": "lineitem","Startup Cost": 6377.11,"Total Cost": 122604.02,"Plan Rows": 248261,"Plan Width": 16,"Actual Startup Time": 50.168,"Actual Total Time": 877.547,"Actual Rows": 225253,"Actual Loops": 1,"Recheck Cond": "((l_shipdate >= '1995-01-01'::date) AND (l_shipdate < '1995-04-01 00:00:00'::timestamp without time zone))","Rows Removed by Index Recheck": 0,"Exact Heap Blocks": 66731,"Lossy Heap Blocks": 0,"Plans": [{"Node Type": "Bitmap Index Scan","Parent Relationship": "Outer","Parallel Aware": false,"Async Capable": false,"Index Name": "idx_lineitem_shipdate","Startup Cost": 0.00,"Total Cost": 6315.04,"Plan Rows": 248261,"Plan Width": 0,"Actual Startup Time": 36.311,"Actual Total Time": 36.314,"Actual Rows": 225253,"Actual Loops": 1,"Index Cond": "((l_shipdate >= '1995-01-01'::date) AND (l_shipdate < '1995-04-01 00:00:00'::timestamp without time zone))"}]}]}]}]}]},"Planning Time": 5.118,"Triggers": [],"Execution Time": 1930.953}]
[{"Plan": {"Node Type": "Merge Join","Parallel Aware": false,"Async Capable": false,"Join Type": "Inner","Startup Cost": 248679.90,"Total Cost": 249200.80,"Plan Rows": 50,"Plan Width": 103,"Actual Startup Time": 2088.450,"Actual Total Time": 2088.494,"Actual Rows": 1,"Actual Loops": 1,"Inner Unique": true,"Merge Cond": "(supplier.s_suppkey = revenue0.supplier_no)","Plans": [{"Node Type": "Aggregate","Strategy": "Plain","Partial Mode": "Simple","Parent Relationship": "InitPlan","Subplan Name": "InitPlan 1 (returns $0)","Parallel Aware": false,"Async Capable": false,"Startup Cost": 124388.88,"Total Cost": 124388.89,"Plan Rows": 1,"Plan Width": 32,"Actual Startup Time": 944.259,"Actual Total Time": 944.274,"Actual Rows": 1,"Actual Loops": 1,"Plans": [{"Node Type": "Aggregate","Strategy": "Hashed","Partial Mode": "Simple","Parent Relationship": "Outer","Parallel Aware": false,"Async Capable": false,"Startup Cost": 124138.71,"Total Cost": 124263.80,"Plan Rows": 10007,"Plan Width": 36,"Actual Startup Time": 936.768,"Actual Total Time": 943.679,"Actual Rows": 10000,"Actual Loops": 1,"Group Key": ["lineitem_1.l_suppkey"],"Planned Partitions": 0,"HashAgg Batches": 1,"Peak Memory Usage": 4497,"Disk Usage": 0,"Plans": [{"Node Type": "Bitmap Heap Scan","Parent Relationship": "Outer","Parallel Aware": false,"Async Capable": false,"Relation Name": "lineitem","Alias": "lineitem_1","Startup Cost": 5698.36,"Total Cost": 121920.24,"Plan Rows": 221847,"Plan Width": 16,"Actual Startup Time": 58.200,"Actual Total Time": 789.243,"Actual Rows": 229512,"Actual Loops": 1,"Recheck Cond": "((l_shipdate >= '1997-03-01'::date) AND (l_shipdate < '1997-06-01 00:00:00'::timestamp without time zone))","Rows Removed by Index Recheck": 0,"Exact Heap Blocks": 67095,"Lossy Heap Blocks": 0,"Plans": [{"Node Type": "Bitmap Index Scan","Parent Relationship": "Outer","Parallel Aware": false,"Async Capable": false,"Index Name": "idx_lineitem_shipdate","Startup Cost": 0.00,"Total Cost": 5642.90,"Plan Rows": 221847,"Plan Width": 0,"Actual Startup Time": 44.354,"Actual Total Time": 44.359,"Actual Rows": 229512,"Actual Loops": 1,"Index Cond": "((l_shipdate >= '1997-03-01'::date) AND (l_shipdate < '1997-06-01 00:00:00'::timestamp without time zone))"}]}]}]},{"Node Type": "Index Scan","Parent Relationship": "Outer","Parallel Aware": false,"Async Capable": false,"Scan Direction": "Forward","Index Name": "supplier_pkey","Relation Name": "supplier","Alias": "supplier","Startup Cost": 0.29,"Total Cost": 495.43,"Plan Rows": 10000,"Plan Width": 71,"Actual Startup Time": 0.093,"Actual Total Time": 14.023,"Actual Rows": 9474,"Actual Loops": 1},{"Node Type": "Sort","Parent Relationship": "Inner","Parallel Aware": false,"Async Capable": false,"Startup Cost": 124290.72,"Total Cost": 124290.85,"Plan Rows": 50,"Plan Width": 36,"Actual Startup Time": 2073.892,"Actual Total Time": 2073.908,"Actual Rows": 1,"Actual Loops": 1,"Sort Key": ["revenue0.supplier_no"],"Sort Method": "quicksort","Sort Space Used": 25,"Sort Space Type": "Memory","Plans": [{"Node Type": "Subquery Scan","Parent Relationship": "Outer","Parallel Aware": false,"Async Capable": false,"Alias": "revenue0","Startup Cost": 124138.71,"Total Cost": 124289.31,"Plan Rows": 50,"Plan Width": 36,"Actual Startup Time": 2060.592,"Actual Total Time": 2073.855,"Actual Rows": 1,"Actual Loops": 1,"Plans": [{"Node Type": "Aggregate","Strategy": "Hashed","Partial Mode": "Simple","Parent Relationship": "Subquery","Parallel Aware": false,"Async Capable": false,"Startup Cost": 124138.71,"Total Cost": 124288.81,"Plan Rows": 50,"Plan Width": 36,"Actual Startup Time": 2060.589,"Actual Total Time": 2073.846,"Actual Rows": 1,"Actual Loops": 1,"Group Key": ["lineitem.l_suppkey"],"Filter": "(sum((lineitem.l_extendedprice * ('1'::numeric - lineitem.l_discount))) = $0)","Planned Partitions": 0,"HashAgg Batches": 1,"Peak Memory Usage": 4497,"Disk Usage": 0,"Rows Removed by Filter": 9999,"Plans": [{"Node Type": "Bitmap Heap Scan","Parent Relationship": "Outer","Parallel Aware": false,"Async Capable": false,"Relation Name": "lineitem","Alias": "lineitem","Startup Cost": 5698.36,"Total Cost": 121920.24,"Plan Rows": 221847,"Plan Width": 16,"Actual Startup Time": 54.794,"Actual Total Time": 933.095,"Actual Rows": 229512,"Actual Loops": 1,"Recheck Cond": "((l_shipdate >= '1997-03-01'::date) AND (l_shipdate < '1997-06-01 00:00:00'::timestamp without time zone))","Rows Removed by Index Recheck": 0,"Exact Heap Blocks": 67095,"Lossy Heap Blocks": 0,"Plans": [{"Node Type": "Bitmap Index Scan","Parent Relationship": "Outer","Parallel Aware": false,"Async Capable": false,"Index Name": "idx_lineitem_shipdate","Startup Cost": 0.00,"Total Cost": 5642.90,"Plan Rows": 221847,"Plan Width": 0,"Actual Startup Time": 41.319,"Actual Total Time": 41.321,"Actual Rows": 229512,"Actual Loops": 1,"Index Cond": "((l_shipdate >= '1997-03-01'::date) AND (l_shipdate < '1997-06-01 00:00:00'::timestamp without time zone))"}]}]}]}]}]},"Planning Time": 4.209,"Triggers": [],"Execution Time": 2093.733}]
[{"Plan": {"Node Type": "Merge Join","Parallel Aware": false,"Async Capable": false,"Join Type": "Inner","Startup Cost": 249448.72,"Total Cost": 249969.61,"Plan Rows": 50,"Plan Width": 103,"Actual Startup Time": 1952.448,"Actual Total Time": 1952.508,"Actual Rows": 1,"Actual Loops": 1,"Inner Unique": true,"Merge Cond": "(supplier.s_suppkey = revenue0.supplier_no)","Plans": [{"Node Type": "Aggregate","Strategy": "Plain","Partial Mode": "Simple","Parent Relationship": "InitPlan","Subplan Name": "InitPlan 1 (returns $0)","Parallel Aware": false,"Async Capable": false,"Startup Cost": 124773.29,"Total Cost": 124773.30,"Plan Rows": 1,"Plan Width": 32,"Actual Startup Time": 900.052,"Actual Total Time": 900.075,"Actual Rows": 1,"Actual Loops": 1,"Plans": [{"Node Type": "Aggregate","Strategy": "Hashed","Partial Mode": "Simple","Parent Relationship": "Outer","Parallel Aware": false,"Async Capable": false,"Startup Cost": 124523.11,"Total Cost": 124648.20,"Plan Rows": 10007,"Plan Width": 36,"Actual Startup Time": 890.849,"Actual Total Time": 899.431,"Actual Rows": 10000,"Actual Loops": 1,"Group Key": ["lineitem_1.l_suppkey"],"Planned Partitions": 0,"HashAgg Batches": 1,"Peak Memory Usage": 4497,"Disk Usage": 0,"Plans": [{"Node Type": "Bitmap Heap Scan","Parent Relationship": "Outer","Parallel Aware": false,"Async Capable": false,"Relation Name": "lineitem","Alias": "lineitem_1","Startup Cost": 6091.26,"Total Cost": 122151.57,"Plan Rows": 237154,"Plan Width": 16,"Actual Startup Time": 48.844,"Actual Total Time": 683.550,"Actual Rows": 224101,"Actual Loops": 1,"Recheck Cond": "((l_shipdate >= '1994-12-01'::date) AND (l_shipdate < '1995-03-01 00:00:00'::timestamp without time zone))","Rows Removed by Index Recheck": 0,"Exact Heap Blocks": 66615,"Lossy Heap Blocks": 0,"Plans": [{"Node Type": "Bitmap Index Scan","Parent Relationship": "Outer","Parallel Aware": false,"Async Capable": false,"Index Name": "idx_lineitem_shipdate","Startup Cost": 0.00,"Total Cost": 6031.97,"Plan Rows": 237154,"Plan Width": 0,"Actual Startup Time": 35.547,"Actual Total Time": 35.567,"Actual Rows": 224101,"Actual Loops": 1,"Index Cond": "((l_shipdate >= '1994-12-01'::date) AND (l_shipdate < '1995-03-01 00:00:00'::timestamp without time zone))"}]}]}]},{"Node Type": "Index Scan","Parent Relationship": "Outer","Parallel Aware": false,"Async Capable": false,"Scan Direction": "Forward","Index Name": "supplier_pkey","Relation Name": "supplier","Alias": "supplier","Startup Cost": 0.29,"Total Cost": 495.43,"Plan Rows": 10000,"Plan Width": 71,"Actual Startup Time": 0.085,"Actual Total Time": 12.935,"Actual Rows": 8423,"Actual Loops": 1},{"Node Type": "Sort","Parent Relationship": "Inner","Parallel Aware": false,"Async Capable": false,"Startup Cost": 124675.13,"Total Cost": 124675.26,"Plan Rows": 50,"Plan Width": 36,"Actual Startup Time": 1938.983,"Actual Total Time": 1938.999,"Actual Rows": 1,"Actual Loops": 1,"Sort Key": ["revenue0.supplier_no"],"Sort Method": "quicksort","Sort Space Used": 25,"Sort Space Type": "Memory","Plans": [{"Node Type": "Subquery Scan","Parent Relationship": "Outer","Parallel Aware": false,"Async Capable": false,"Alias": "revenue0","Startup Cost": 124523.11,"Total Cost": 124673.72,"Plan Rows": 50,"Plan Width": 36,"Actual Startup Time": 1938.890,"Actual Total Time": 1938.948,"Actual Rows": 1,"Actual Loops": 1,"Plans": [{"Node Type": "Aggregate","Strategy": "Hashed","Partial Mode": "Simple","Parent Relationship": "Subquery","Parallel Aware": false,"Async Capable": false,"Startup Cost": 124523.11,"Total Cost": 124673.22,"Plan Rows": 50,"Plan Width": 36,"Actual Startup Time": 1938.875,"Actual Total Time": 1938.909,"Actual Rows": 1,"Actual Loops": 1,"Group Key": ["lineitem.l_suppkey"],"Filter": "(sum((lineitem.l_extendedprice * ('1'::numeric - lineitem.l_discount))) = $0)","Planned Partitions": 0,"HashAgg Batches": 1,"Peak Memory Usage": 4497,"Disk Usage": 0,"Rows Removed by Filter": 9999,"Plans": [{"Node Type": "Bitmap Heap Scan","Parent Relationship": "Outer","Parallel Aware": false,"Async Capable": false,"Relation Name": "lineitem","Alias": "lineitem","Startup Cost": 6091.26,"Total Cost": 122151.57,"Plan Rows": 237154,"Plan Width": 16,"Actual Startup Time": 49.105,"Actual Total Time": 856.632,"Actual Rows": 224101,"Actual Loops": 1,"Recheck Cond": "((l_shipdate >= '1994-12-01'::date) AND (l_shipdate < '1995-03-01 00:00:00'::timestamp without time zone))","Rows Removed by Index Recheck": 0,"Exact Heap Blocks": 66615,"Lossy Heap Blocks": 0,"Plans": [{"Node Type": "Bitmap Index Scan","Parent Relationship": "Outer","Parallel Aware": false,"Async Capable": false,"Index Name": "idx_lineitem_shipdate","Startup Cost": 0.00,"Total Cost": 6031.97,"Plan Rows": 237154,"Plan Width": 0,"Actual Startup Time": 35.803,"Actual Total Time": 35.803,"Actual Rows": 224101,"Actual Loops": 1,"Index Cond": "((l_shipdate >= '1994-12-01'::date) AND (l_shipdate < '1995-03-01 00:00:00'::timestamp without time zone))"}]}]}]}]}]},"Planning Time": 5.356,"Triggers": [],"Execution Time": 1958.420}]
[{"Plan": {"Node Type": "Merge Join","Parallel Aware": false,"Async Capable": false,"Join Type": "Inner","Startup Cost": 249277.04,"Total Cost": 249797.93,"Plan Rows": 50,"Plan Width": 103,"Actual Startup Time": 2090.773,"Actual Total Time": 2090.807,"Actual Rows": 1,"Actual Loops": 1,"Inner Unique": true,"Merge Cond": "(supplier.s_suppkey = revenue0.supplier_no)","Plans": [{"Node Type": "Aggregate","Strategy": "Plain","Partial Mode": "Simple","Parent Relationship": "InitPlan","Subplan Name": "InitPlan 1 (returns $0)","Parallel Aware": false,"Async Capable": false,"Startup Cost": 124687.45,"Total Cost": 124687.46,"Plan Rows": 1,"Plan Width": 32,"Actual Startup Time": 953.148,"Actual Total Time": 953.160,"Actual Rows": 1,"Actual Loops": 1,"Plans": [{"Node Type": "Aggregate","Strategy": "Hashed","Partial Mode": "Simple","Parent Relationship": "Outer","Parallel Aware": false,"Async Capable": false,"Startup Cost": 124437.28,"Total Cost": 124562.36,"Plan Rows": 10007,"Plan Width": 36,"Actual Startup Time": 945.306,"Actual Total Time": 952.561,"Actual Rows": 10000,"Actual Loops": 1,"Group Key": ["lineitem_1.l_suppkey"],"Planned Partitions": 0,"HashAgg Batches": 1,"Peak Memory Usage": 4497,"Disk Usage": 0,"Plans": [{"Node Type": "Bitmap Heap Scan","Parent Relationship": "Outer","Parallel Aware": false,"Async Capable": false,"Relation Name": "lineitem","Alias": "lineitem_1","Startup Cost": 5586.60,"Total Cost": 122261.51,"Plan Rows": 217577,"Plan Width": 16,"Actual Startup Time": 66.133,"Actual Total Time": 797.959,"Actual Rows": 228914,"Actual Loops": 1,"Recheck Cond": "((l_shipdate >= '1996-05-01'::date) AND (l_shipdate < '1996-08-01 00:00:00'::timestamp without time zone))","Rows Removed by Index Recheck": 0,"Exact Heap Blocks": 66981,"Lossy Heap Blocks": 0,"Plans": [{"Node Type": "Bitmap Index Scan","Parent Relationship": "Outer","Parallel Aware": false,"Async Capable": false,"Index Name": "idx_lineitem_shipdate","Startup Cost": 0.00,"Total Cost": 5532.20,"Plan Rows": 217577,"Plan Width": 0,"Actual Startup Time": 52.240,"Actual Total Time": 52.246,"Actual Rows": 228914,"Actual Loops": 1,"Index Cond": "((l_shipdate >= '1996-05-01'::date) AND (l_shipdate < '1996-08-01 00:00:00'::timestamp without time zone))"}]}]}]},{"Node Type": "Index Scan","Parent Relationship": "Outer","Parallel Aware": false,"Async Capable": false,"Scan Direction": "Forward","Index Name": "supplier_pkey","Relation Name": "supplier","Alias": "supplier","Startup Cost": 0.29,"Total Cost": 495.43,"Plan Rows": 10000,"Plan Width": 71,"Actual Startup Time": 0.097,"Actual Total Time": 1.857,"Actual Rows": 985,"Actual Loops": 1},{"Node Type": "Sort","Parent Relationship": "Inner","Parallel Aware": false,"Async Capable": false,"Startup Cost": 124589.29,"Total Cost": 124589.42,"Plan Rows": 50,"Plan Width": 36,"Actual Startup Time": 2088.839,"Actual Total Time": 2088.851,"Actual Rows": 1,"Actual Loops": 1,"Sort Key": ["revenue0.supplier_no"],"Sort Method": "quicksort","Sort Space Used": 25,"Sort Space Type": "Memory","Plans": [{"Node Type": "Subquery Scan","Parent Relationship": "Outer","Parallel Aware": false,"Async Capable": false,"Alias": "revenue0","Startup Cost": 124437.28,"Total Cost": 124587.88,"Plan Rows": 50,"Plan Width": 36,"Actual Startup Time": 2064.047,"Actual Total Time": 2088.796,"Actual Rows": 1,"Actual Loops": 1,"Plans": [{"Node Type": "Aggregate","Strategy": "Hashed","Partial Mode": "Simple","Parent Relationship": "Subquery","Parallel Aware": false,"Async Capable": false,"Startup Cost": 124437.28,"Total Cost": 124587.38,"Plan Rows": 50,"Plan Width": 36,"Actual Startup Time": 2064.039,"Actual Total Time": 2088.776,"Actual Rows": 1,"Actual Loops": 1,"Group Key": ["lineitem.l_suppkey"],"Filter": "(sum((lineitem.l_extendedprice * ('1'::numeric - lineitem.l_discount))) = $0)","Planned Partitions": 0,"HashAgg Batches": 1,"Peak Memory Usage": 4497,"Disk Usage": 0,"Rows Removed by Filter": 9999,"Plans": [{"Node Type": "Bitmap Heap Scan","Parent Relationship": "Outer","Parallel Aware": false,"Async Capable": false,"Relation Name": "lineitem","Alias": "lineitem","Startup Cost": 5586.60,"Total Cost": 122261.51,"Plan Rows": 217577,"Plan Width": 16,"Actual Startup Time": 62.509,"Actual Total Time": 940.636,"Actual Rows": 228914,"Actual Loops": 1,"Recheck Cond": "((l_shipdate >= '1996-05-01'::date) AND (l_shipdate < '1996-08-01 00:00:00'::timestamp without time zone))","Rows Removed by Index Recheck": 0,"Exact Heap Blocks": 66981,"Lossy Heap Blocks": 0,"Plans": [{"Node Type": "Bitmap Index Scan","Parent Relationship": "Outer","Parallel Aware": false,"Async Capable": false,"Index Name": "idx_lineitem_shipdate","Startup Cost": 0.00,"Total Cost": 5532.20,"Plan Rows": 217577,"Plan Width": 0,"Actual Startup Time": 48.884,"Actual Total Time": 48.886,"Actual Rows": 228914,"Actual Loops": 1,"Index Cond": "((l_shipdate >= '1996-05-01'::date) AND (l_shipdate < '1996-08-01 00:00:00'::timestamp without time zone))"}]}]}]}]}]},"Planning Time": 4.074,"Triggers": [],"Execution Time": 2095.321}]
[{"Plan": {"Node Type": "Merge Join","Parallel Aware": false,"Async Capable": false,"Join Type": "Inner","Startup Cost": 248551.02,"Total Cost": 249071.91,"Plan Rows": 50,"Plan Width": 103,"Actual Startup Time": 2077.002,"Actual Total Time": 2077.041,"Actual Rows": 1,"Actual Loops": 1,"Inner Unique": true,"Merge Cond": "(supplier.s_suppkey = revenue0.supplier_no)","Plans": [{"Node Type": "Aggregate","Strategy": "Plain","Partial Mode": "Simple","Parent Relationship": "InitPlan","Subplan Name": "InitPlan 1 (returns $0)","Parallel Aware": false,"Async Capable": false,"Startup Cost": 124324.44,"Total Cost": 124324.45,"Plan Rows": 1,"Plan Width": 32,"Actual Startup Time": 940.828,"Actual Total Time": 940.836,"Actual Rows": 1,"Actual Loops": 1,"Plans": [{"Node Type": "Aggregate","Strategy": "Hashed","Partial Mode": "Simple","Parent Relationship": "Outer","Parallel Aware": false,"Async Capable": false,"Startup Cost": 124074.27,"Total Cost": 124199.35,"Plan Rows": 10007,"Plan Width": 36,"Actual Startup Time": 933.956,"Actual Total Time": 940.235,"Actual Rows": 10000,"Actual Loops": 1,"Group Key": ["lineitem_1.l_suppkey"],"Planned Partitions": 0,"HashAgg Batches": 1,"Peak Memory Usage": 4497,"Disk Usage": 0,"Plans": [{"Node Type": "Bitmap Heap Scan","Parent Relationship": "Outer","Parallel Aware": false,"Async Capable": false,"Relation Name": "lineitem","Alias": "lineitem_1","Startup Cost": 5864.29,"Total Cost": 121791.48,"Plan Rows": 228279,"Plan Width": 16,"Actual Startup Time": 57.693,"Actual Total Time": 782.351,"Actual Rows": 227548,"Actual Loops": 1,"Recheck Cond": "((l_shipdate >= '1993-09-01'::date) AND (l_shipdate < '1993-12-01 00:00:00'::timestamp without time zone))","Rows Removed by Index Recheck": 0,"Exact Heap Blocks": 67057,"Lossy Heap Blocks": 0,"Plans": [{"Node Type": "Bitmap Index Scan","Parent Relationship": "Outer","Parallel Aware": false,"Async Capable": false,"Index Name": "idx_lineitem_shipdate","Startup Cost": 0.00,"Total Cost": 5807.22,"Plan Rows": 228279,"Plan Width": 0,"Actual Startup Time": 43.540,"Actual Total Time": 43.543,"Actual Rows": 227548,"Actual Loops": 1,"Index Cond": "((l_shipdate >= '1993-09-01'::date) AND (l_shipdate < '1993-12-01 00:00:00'::timestamp without time zone))"}]}]}]},{"Node Type": "Index Scan","Parent Relationship": "Outer","Parallel Aware": false,"Async Capable": false,"Scan Direction": "Forward","Index Name": "supplier_pkey","Relation Name": "supplier","Alias": "supplier","Startup Cost": 0.29,"Total Cost": 495.43,"Plan Rows": 10000,"Plan Width": 71,"Actual Startup Time": 0.062,"Actual Total Time": 10.969,"Actual Rows": 6952,"Actual Loops": 1},{"Node Type": "Sort","Parent Relationship": "Inner","Parallel Aware": false,"Async Capable": false,"Startup Cost": 124226.28,"Total Cost": 124226.41,"Plan Rows": 50,"Plan Width": 36,"Actual Startup Time": 2065.641,"Actual Total Time": 2065.657,"Actual Rows": 1,"Actual Loops": 1,"Sort Key": ["revenue0.supplier_no"],"Sort Method": "quicksort","Sort Space Used": 25,"Sort Space Type": "Memory","Plans": [{"Node Type": "Subquery Scan","Parent Relationship": "Outer","Parallel Aware": false,"Async Capable": false,"Alias": "revenue0","Startup Cost": 124074.27,"Total Cost": 124224.87,"Plan Rows": 50,"Plan Width": 36,"Actual Startup Time": 2050.272,"Actual Total Time": 2065.610,"Actual Rows": 1,"Actual Loops": 1,"Plans": [{"Node Type": "Aggregate","Strategy": "Hashed","Partial Mode": "Simple","Parent Relationship": "Subquery","Parallel Aware": false,"Async Capable": false,"Startup Cost": 124074.27,"Total Cost": 124224.37,"Plan Rows": 50,"Plan Width": 36,"Actual Startup Time": 2050.266,"Actual Total Time": 2065.591,"Actual Rows": 1,"Actual Loops": 1,"Group Key": ["lineitem.l_suppkey"],"Filter": "(sum((lineitem.l_extendedprice * ('1'::numeric - lineitem.l_discount))) = $0)","Planned Partitions": 0,"HashAgg Batches": 1,"Peak Memory Usage": 4497,"Disk Usage": 0,"Rows Removed by Filter": 9999,"Plans": [{"Node Type": "Bitmap Heap Scan","Parent Relationship": "Outer","Parallel Aware": false,"Async Capable": false,"Relation Name": "lineitem","Alias": "lineitem","Startup Cost": 5864.29,"Total Cost": 121791.48,"Plan Rows": 228279,"Plan Width": 16,"Actual Startup Time": 56.453,"Actual Total Time": 929.176,"Actual Rows": 227548,"Actual Loops": 1,"Recheck Cond": "((l_shipdate >= '1993-09-01'::date) AND (l_shipdate < '1993-12-01 00:00:00'::timestamp without time zone))","Rows Removed by Index Recheck": 0,"Exact Heap Blocks": 67057,"Lossy Heap Blocks": 0,"Plans": [{"Node Type": "Bitmap Index Scan","Parent Relationship": "Outer","Parallel Aware": false,"Async Capable": false,"Index Name": "idx_lineitem_shipdate","Startup Cost": 0.00,"Total Cost": 5807.22,"Plan Rows": 228279,"Plan Width": 0,"Actual Startup Time": 42.721,"Actual Total Time": 42.723,"Actual Rows": 227548,"Actual Loops": 1,"Index Cond": "((l_shipdate >= '1993-09-01'::date) AND (l_shipdate < '1993-12-01 00:00:00'::timestamp without time zone))"}]}]}]}]}]},"Planning Time": 4.464,"Triggers": [],"Execution Time": 2081.593}]
[{"Plan": {"Node Type": "Merge Join","Parallel Aware": false,"Async Capable": false,"Join Type": "Inner","Startup Cost": 248983.50,"Total Cost": 249504.39,"Plan Rows": 50,"Plan Width": 103,"Actual Startup Time": 1938.743,"Actual Total Time": 1938.793,"Actual Rows": 1,"Actual Loops": 1,"Inner Unique": true,"Merge Cond": "(supplier.s_suppkey = revenue0.supplier_no)","Plans": [{"Node Type": "Aggregate","Strategy": "Plain","Partial Mode": "Simple","Parent Relationship": "InitPlan","Subplan Name": "InitPlan 1 (returns $0)","Parallel Aware": false,"Async Capable": false,"Startup Cost": 124540.68,"Total Cost": 124540.69,"Plan Rows": 1,"Plan Width": 32,"Actual Startup Time": 839.155,"Actual Total Time": 839.170,"Actual Rows": 1,"Actual Loops": 1,"Plans": [{"Node Type": "Aggregate","Strategy": "Hashed","Partial Mode": "Simple","Parent Relationship": "Outer","Parallel Aware": false,"Async Capable": false,"Startup Cost": 124290.50,"Total Cost": 124415.59,"Plan Rows": 10007,"Plan Width": 36,"Actual Startup Time": 829.011,"Actual Total Time": 838.572,"Actual Rows": 10000,"Actual Loops": 1,"Group Key": ["lineitem_1.l_suppkey"],"Planned Partitions": 0,"HashAgg Batches": 1,"Peak Memory Usage": 4497,"Disk Usage": 0,"Plans": [{"Node Type": "Bitmap Heap Scan","Parent Relationship": "Outer","Parallel Aware": false,"Async Capable": false,"Relation Name": "lineitem","Alias": "lineitem_1","Startup Cost": 5640.16,"Total Cost": 122093.70,"Plan Rows": 219681,"Plan Width": 16,"Actual Startup Time": 57.904,"Actual Total Time": 668.211,"Actual Rows": 225815,"Actual Loops": 1,"Recheck Cond": "((l_shipdate >= '1996-12-01'::date) AND (l_shipdate < '1997-03-01 00:00:00'::timestamp without time zone))","Rows Removed by Index Recheck": 0,"Exact Heap Blocks": 66669,"Lossy Heap Blocks": 0,"Plans": [{"Node Type": "Bitmap Index Scan","Parent Relationship": "Outer","Parallel Aware": false,"Async Capable": false,"Index Name": "idx_lineitem_shipdate","Startup Cost": 0.00,"Total Cost": 5585.24,"Plan Rows": 219681,"Plan Width": 0,"Actual Startup Time": 44.432,"Actual Total Time": 44.435,"Actual Rows": 225815,"Actual Loops": 1,"Index Cond": "((l_shipdate >= '1996-12-01'::date) AND (l_shipdate < '1997-03-01 00:00:00'::timestamp without time zone))"}]}]}]},{"Node Type": "Index Scan","Parent Relationship": "Outer","Parallel Aware": false,"Async Capable": false,"Scan Direction": "Forward","Index Name": "supplier_pkey","Relation Name": "supplier","Alias": "supplier","Startup Cost": 0.29,"Total Cost": 495.43,"Plan Rows": 10000,"Plan Width": 71,"Actual Startup Time": 0.092,"Actual Total Time": 9.144,"Actual Rows": 5992,"Actual Loops": 1},{"Node Type": "Sort","Parent Relationship": "Inner","Parallel Aware": false,"Async Capable": false,"Startup Cost": 124442.52,"Total Cost": 124442.65,"Plan Rows": 50,"Plan Width": 36,"Actual Startup Time": 1929.238,"Actual Total Time": 1929.255,"Actual Rows": 1,"Actual Loops": 1,"Sort Key": ["revenue0.supplier_no"],"Sort Method": "quicksort","Sort Space Used": 25,"Sort Space Type": "Memory","Plans": [{"Node Type": "Subquery Scan","Parent Relationship": "Outer","Parallel Aware": false,"Async Capable": false,"Alias": "revenue0","Startup Cost": 124290.50,"Total Cost": 124441.11,"Plan Rows": 50,"Plan Width": 36,"Actual Startup Time": 1899.450,"Actual Total Time": 1929.215,"Actual Rows": 1,"Actual Loops": 1,"Plans": [{"Node Type": "Aggregate","Strategy": "Hashed","Partial Mode": "Simple","Parent Relationship": "Subquery","Parallel Aware": false,"Async Capable": false,"Startup Cost": 124290.50,"Total Cost": 124440.61,"Plan Rows": 50,"Plan Width": 36,"Actual Startup Time": 1899.446,"Actual Total Time": 1929.206,"Actual Rows": 1,"Actual Loops": 1,"Group Key": ["lineitem.l_suppkey"],"Filter": "(sum((lineitem.l_extendedprice * ('1'::numeric - lineitem.l_discount))) = $0)","Planned Partitions": 0,"HashAgg Batches": 1,"Peak Memory Usage": 4497,"Disk Usage": 0,"Rows Removed by Filter": 9999,"Plans": [{"Node Type": "Bitmap Heap Scan","Parent Relationship": "Outer","Parallel Aware": false,"Async Capable": false,"Relation Name": "lineitem","Alias": "lineitem","Startup Cost": 5640.16,"Total Cost": 122093.70,"Plan Rows": 219681,"Plan Width": 16,"Actual Startup Time": 57.890,"Actual Total Time": 893.942,"Actual Rows": 225815,"Actual Loops": 1,"Recheck Cond": "((l_shipdate >= '1996-12-01'::date) AND (l_shipdate < '1997-03-01 00:00:00'::timestamp without time zone))","Rows Removed by Index Recheck": 0,"Exact Heap Blocks": 66669,"Lossy Heap Blocks": 0,"Plans": [{"Node Type": "Bitmap Index Scan","Parent Relationship": "Outer","Parallel Aware": false,"Async Capable": false,"Index Name": "idx_lineitem_shipdate","Startup Cost": 0.00,"Total Cost": 5585.24,"Plan Rows": 219681,"Plan Width": 0,"Actual Startup Time": 44.501,"Actual Total Time": 44.501,"Actual Rows": 225815,"Actual Loops": 1,"Index Cond": "((l_shipdate >= '1996-12-01'::date) AND (l_shipdate < '1997-03-01 00:00:00'::timestamp without time zone))"}]}]}]}]}]},"Planning Time": 4.317,"Triggers": [],"Execution Time": 1941.817}]
[{"Plan": {"Node Type": "Merge Join","Parallel Aware": false,"Async Capable": false,"Join Type": "Inner","Startup Cost": 249457.74,"Total Cost": 249978.63,"Plan Rows": 50,"Plan Width": 103,"Actual Startup Time": 2127.109,"Actual Total Time": 2127.171,"Actual Rows": 1,"Actual Loops": 1,"Inner Unique": true,"Merge Cond": "(supplier.s_suppkey = revenue0.supplier_no)","Plans": [{"Node Type": "Aggregate","Strategy": "Plain","Partial Mode": "Simple","Parent Relationship": "InitPlan","Subplan Name": "InitPlan 1 (returns $0)","Parallel Aware": false,"Async Capable": false,"Startup Cost": 124777.80,"Total Cost": 124777.81,"Plan Rows": 1,"Plan Width": 32,"Actual Startup Time": 997.906,"Actual Total Time": 997.926,"Actual Rows": 1,"Actual Loops": 1,"Plans": [{"Node Type": "Aggregate","Strategy": "Hashed","Partial Mode": "Simple","Parent Relationship": "Outer","Parallel Aware": false,"Async Capable": false,"Startup Cost": 124527.62,"Total Cost": 124652.71,"Plan Rows": 10007,"Plan Width": 36,"Actual Startup Time": 989.617,"Actual Total Time": 997.244,"Actual Rows": 10000,"Actual Loops": 1,"Group Key": ["lineitem_1.l_suppkey"],"Planned Partitions": 0,"HashAgg Batches": 1,"Peak Memory Usage": 4497,"Disk Usage": 0,"Plans": [{"Node Type": "Bitmap Heap Scan","Parent Relationship": "Outer","Parallel Aware": false,"Async Capable": false,"Relation Name": "lineitem","Alias": "lineitem_1","Startup Cost": 6092.57,"Total Cost": 122154.80,"Plan Rows": 237282,"Plan Width": 16,"Actual Startup Time": 59.269,"Actual Total Time": 782.096,"Actual Rows": 230274,"Actual Loops": 1,"Recheck Cond": "((l_shipdate >= '1997-07-01'::date) AND (l_shipdate < '1997-10-01 00:00:00'::timestamp without time zone))","Rows Removed by Index Recheck": 0,"Exact Heap Blocks": 67274,"Lossy Heap Blocks": 0,"Plans": [{"Node Type": "Bitmap Index Scan","Parent Relationship": "Outer","Parallel Aware": false,"Async Capable": false,"Index Name": "idx_lineitem_shipdate","Startup Cost": 0.00,"Total Cost": 6033.25,"Plan Rows": 237282,"Plan Width": 0,"Actual Startup Time": 45.354,"Actual Total Time": 45.368,"Actual Rows": 230274,"Actual Loops": 1,"Index Cond": "((l_shipdate >= '1997-07-01'::date) AND (l_shipdate < '1997-10-01 00:00:00'::timestamp without time zone))"}]}]}]},{"Node Type": "Index Scan","Parent Relationship": "Outer","Parallel Aware": false,"Async Capable": false,"Scan Direction": "Forward","Index Name": "supplier_pkey","Relation Name": "supplier","Alias": "supplier","Startup Cost": 0.29,"Total Cost": 495.43,"Plan Rows": 10000,"Plan Width": 71,"Actual Startup Time": 0.082,"Actual Total Time": 9.953,"Actual Rows": 5903,"Actual Loops": 1},{"Node Type": "Sort","Parent Relationship": "Inner","Parallel Aware": false,"Async Capable": false,"Startup Cost": 124679.64,"Total Cost": 124679.77,"Plan Rows": 50,"Plan Width": 36,"Actual Startup Time": 2116.784,"Actual Total Time": 2116.821,"Actual Rows": 1,"Actual Loops": 1,"Sort Key": ["revenue0.supplier_no"],"Sort Method": "quicksort","Sort Space Used": 25,"Sort Space Type": "Memory","Plans": [{"Node Type": "Subquery Scan","Parent Relationship": "Outer","Parallel Aware": false,"Async Capable": false,"Alias": "revenue0","Startup Cost": 124527.62,"Total Cost": 124678.23,"Plan Rows": 50,"Plan Width": 36,"Actual Startup Time": 2113.870,"Actual Total Time": 2116.736,"Actual Rows": 1,"Actual Loops": 1,"Plans": [{"Node Type": "Aggregate","Strategy": "Hashed","Partial Mode": "Simple","Parent Relationship": "Subquery","Parallel Aware": false,"Async Capable": false,"Startup Cost": 124527.62,"Total Cost": 124677.73,"Plan Rows": 50,"Plan Width": 36,"Actual Startup Time": 2113.854,"Actual Total Time": 2116.701,"Actual Rows": 1,"Actual Loops": 1,"Group Key": ["lineitem.l_suppkey"],"Filter": "(sum((lineitem.l_extendedprice * ('1'::numeric - lineitem.l_discount))) = $0)","Planned Partitions": 0,"HashAgg Batches": 1,"Peak Memory Usage": 4497,"Disk Usage": 0,"Rows Removed by Filter": 9999,"Plans": [{"Node Type": "Bitmap Heap Scan","Parent Relationship": "Outer","Parallel Aware": false,"Async Capable": false,"Relation Name": "lineitem","Alias": "lineitem","Startup Cost": 6092.57,"Total Cost": 122154.80,"Plan Rows": 237282,"Plan Width": 16,"Actual Startup Time": 54.610,"Actual Total Time": 936.260,"Actual Rows": 230274,"Actual Loops": 1,"Recheck Cond": "((l_shipdate >= '1997-07-01'::date) AND (l_shipdate < '1997-10-01 00:00:00'::timestamp without time zone))","Rows Removed by Index Recheck": 0,"Exact Heap Blocks": 67274,"Lossy Heap Blocks": 0,"Plans": [{"Node Type": "Bitmap Index Scan","Parent Relationship": "Outer","Parallel Aware": false,"Async Capable": false,"Index Name": "idx_lineitem_shipdate","Startup Cost": 0.00,"Total Cost": 6033.25,"Plan Rows": 237282,"Plan Width": 0,"Actual Startup Time": 40.982,"Actual Total Time": 41.009,"Actual Rows": 230274,"Actual Loops": 1,"Index Cond": "((l_shipdate >= '1997-07-01'::date) AND (l_shipdate < '1997-10-01 00:00:00'::timestamp without time zone))"}]}]}]}]}]},"Planning Time": 4.364,"Triggers": [],"Execution Time": 2132.001}]
[{"Plan": {"Node Type": "Merge Join","Parallel Aware": false,"Async Capable": false,"Join Type": "Inner","Startup Cost": 249146.21,"Total Cost": 249667.11,"Plan Rows": 50,"Plan Width": 103,"Actual Startup Time": 2028.234,"Actual Total Time": 2028.282,"Actual Rows": 1,"Actual Loops": 1,"Inner Unique": true,"Merge Cond": "(supplier.s_suppkey = revenue0.supplier_no)","Plans": [{"Node Type": "Aggregate","Strategy": "Plain","Partial Mode": "Simple","Parent Relationship": "InitPlan","Subplan Name": "InitPlan 1 (returns $0)","Parallel Aware": false,"Async Capable": false,"Startup Cost": 124622.04,"Total Cost": 124622.05,"Plan Rows": 1,"Plan Width": 32,"Actual Startup Time": 930.480,"Actual Total Time": 930.506,"Actual Rows": 1,"Actual Loops": 1,"Plans": [{"Node Type": "Aggregate","Strategy": "Hashed","Partial Mode": "Simple","Parent Relationship": "Outer","Parallel Aware": false,"Async Capable": false,"Startup Cost": 124371.86,"Total Cost": 124496.95,"Plan Rows": 10007,"Plan Width": 36,"Actual Startup Time": 921.451,"Actual Total Time": 929.857,"Actual Rows": 10000,"Actual Loops": 1,"Group Key": ["lineitem_1.l_suppkey"],"Planned Partitions": 0,"HashAgg Batches": 1,"Peak Memory Usage": 4497,"Disk Usage": 0,"Plans": [{"Node Type": "Bitmap Heap Scan","Parent Relationship": "Outer","Parallel Aware": false,"Async Capable": false,"Relation Name": "lineitem","Alias": "lineitem_1","Startup Cost": 6013.24,"Total Cost": 122029.61,"Plan Rows": 234225,"Plan Width": 16,"Actual Startup Time": 55.960,"Actual Total Time": 717.488,"Actual Rows": 231352,"Actual Loops": 1,"Recheck Cond": "((l_shipdate >= '1996-10-01'::date) AND (l_shipdate < '1997-01-01 00:00:00'::timestamp without time zone))","Rows Removed by Index Recheck": 0,"Exact Heap Blocks": 67396,"Lossy Heap Blocks": 0,"Plans": [{"Node Type": "Bitmap Index Scan","Parent Relationship": "Outer","Parallel Aware": false,"Async Capable": false,"Index Name": "idx_lineitem_shipdate","Startup Cost": 0.00,"Total Cost": 5954.68,"Plan Rows": 234225,"Plan Width": 0,"Actual Startup Time": 42.612,"Actual Total Time": 42.627,"Actual Rows": 231352,"Actual Loops": 1,"Index Cond": "((l_shipdate >= '1996-10-01'::date) AND (l_shipdate < '1997-01-01 00:00:00'::timestamp without time zone))"}]}]}]},{"Node Type": "Index Scan","Parent Relationship": "Outer","Parallel Aware": false,"Async Capable": false,"Scan Direction": "Forward","Index Name": "supplier_pkey","Relation Name": "supplier","Alias": "supplier","Startup Cost": 0.29,"Total Cost": 495.43,"Plan Rows": 10000,"Plan Width": 71,"Actual Startup Time": 0.137,"Actual Total Time": 5.844,"Actual Rows": 3442,"Actual Loops": 1},{"Node Type": "Sort","Parent Relationship": "Inner","Parallel Aware": false,"Async Capable": false,"Startup Cost": 124523.88,"Total Cost": 124524.01,"Plan Rows": 50,"Plan Width": 36,"Actual Startup Time": 2022.134,"Actual Total Time": 2022.146,"Actual Rows": 1,"Actual Loops": 1,"Sort Key": ["revenue0.supplier_no"],"Sort Method": "quicksort","Sort Space Used": 25,"Sort Space Type": "Memory","Plans": [{"Node Type": "Subquery Scan","Parent Relationship": "Outer","Parallel Aware": false,"Async Capable": false,"Alias": "revenue0","Startup Cost": 124371.86,"Total Cost": 124522.47,"Plan Rows": 50,"Plan Width": 36,"Actual Startup Time": 2010.890,"Actual Total Time": 2022.087,"Actual Rows": 1,"Actual Loops": 1,"Plans": [{"Node Type": "Aggregate","Strategy": "Hashed","Partial Mode": "Simple","Parent Relationship": "Subquery","Parallel Aware": false,"Async Capable": false,"Startup Cost": 124371.86,"Total Cost": 124521.97,"Plan Rows": 50,"Plan Width": 36,"Actual Startup Time": 2010.873,"Actual Total Time": 2022.049,"Actual Rows": 1,"Actual Loops": 1,"Group Key": ["lineitem.l_suppkey"],"Filter": "(sum((lineitem.l_extendedprice * ('1'::numeric - lineitem.l_discount))) = $0)","Planned Partitions": 0,"HashAgg Batches": 1,"Peak Memory Usage": 4497,"Disk Usage": 0,"Rows Removed by Filter": 9999,"Plans": [{"Node Type": "Bitmap Heap Scan","Parent Relationship": "Outer","Parallel Aware": false,"Async Capable": false,"Relation Name": "lineitem","Alias": "lineitem","Startup Cost": 6013.24,"Total Cost": 122029.61,"Plan Rows": 234225,"Plan Width": 16,"Actual Startup Time": 57.882,"Actual Total Time": 902.129,"Actual Rows": 231352,"Actual Loops": 1,"Recheck Cond": "((l_shipdate >= '1996-10-01'::date) AND (l_shipdate < '1997-01-01 00:00:00'::timestamp without time zone))","Rows Removed by Index Recheck": 0,"Exact Heap Blocks": 67396,"Lossy Heap Blocks": 0,"Plans": [{"Node Type": "Bitmap Index Scan","Parent Relationship": "Outer","Parallel Aware": false,"Async Capable": false,"Index Name": "idx_lineitem_shipdate","Startup Cost": 0.00,"Total Cost": 5954.68,"Plan Rows": 234225,"Plan Width": 0,"Actual Startup Time": 44.484,"Actual Total Time": 44.484,"Actual Rows": 231352,"Actual Loops": 1,"Index Cond": "((l_shipdate >= '1996-10-01'::date) AND (l_shipdate < '1997-01-01 00:00:00'::timestamp without time zone))"}]}]}]}]}]},"Planning Time": 5.220,"Triggers": [],"Execution Time": 2034.122}]
[{"Plan": {"Node Type": "Merge Join","Parallel Aware": false,"Async Capable": false,"Join Type": "Inner","Startup Cost": 248551.02,"Total Cost": 249071.91,"Plan Rows": 50,"Plan Width": 103,"Actual Startup Time": 2077.002,"Actual Total Time": 2077.041,"Actual Rows": 1,"Actual Loops": 1,"Inner Unique": true,"Merge Cond": "(supplier.s_suppkey = revenue0.supplier_no)","Plans": [{"Node Type": "Aggregate","Strategy": "Plain","Partial Mode": "Simple","Parent Relationship": "InitPlan","Subplan Name": "InitPlan 1 (returns $0)","Parallel Aware": false,"Async Capable": false,"Startup Cost": 124324.44,"Total Cost": 124324.45,"Plan Rows": 1,"Plan Width": 32,"Actual Startup Time": 940.828,"Actual Total Time": 940.836,"Actual Rows": 1,"Actual Loops": 1,"Plans": [{"Node Type": "Aggregate","Strategy": "Hashed","Partial Mode": "Simple","Parent Relationship": "Outer","Parallel Aware": false,"Async Capable": false,"Startup Cost": 124074.27,"Total Cost": 124199.35,"Plan Rows": 10007,"Plan Width": 36,"Actual Startup Time": 933.956,"Actual Total Time": 940.235,"Actual Rows": 10000,"Actual Loops": 1,"Group Key": ["lineitem_1.l_suppkey"],"Planned Partitions": 0,"HashAgg Batches": 1,"Peak Memory Usage": 4497,"Disk Usage": 0,"Plans": [{"Node Type": "Bitmap Heap Scan","Parent Relationship": "Outer","Parallel Aware": false,"Async Capable": false,"Relation Name": "lineitem","Alias": "lineitem_1","Startup Cost": 5864.29,"Total Cost": 121791.48,"Plan Rows": 228279,"Plan Width": 16,"Actual Startup Time": 57.693,"Actual Total Time": 782.351,"Actual Rows": 227548,"Actual Loops": 1,"Recheck Cond": "((l_shipdate >= '1993-09-01'::date) AND (l_shipdate < '1993-12-01 00:00:00'::timestamp without time zone))","Rows Removed by Index Recheck": 0,"Exact Heap Blocks": 67057,"Lossy Heap Blocks": 0,"Plans": [{"Node Type": "Bitmap Index Scan","Parent Relationship": "Outer","Parallel Aware": false,"Async Capable": false,"Index Name": "idx_lineitem_shipdate","Startup Cost": 0.00,"Total Cost": 5807.22,"Plan Rows": 228279,"Plan Width": 0,"Actual Startup Time": 43.540,"Actual Total Time": 43.543,"Actual Rows": 227548,"Actual Loops": 1,"Index Cond": "((l_shipdate >= '1993-09-01'::date) AND (l_shipdate < '1993-12-01 00:00:00'::timestamp without time zone))"}]}]}]},{"Node Type": "Index Scan","Parent Relationship": "Outer","Parallel Aware": false,"Async Capable": false,"Scan Direction": "Forward","Index Name": "supplier_pkey","Relation Name": "supplier","Alias": "supplier","Startup Cost": 0.29,"Total Cost": 495.43,"Plan Rows": 10000,"Plan Width": 71,"Actual Startup Time": 0.062,"Actual Total Time": 10.969,"Actual Rows": 6952,"Actual Loops": 1},{"Node Type": "Sort","Parent Relationship": "Inner","Parallel Aware": false,"Async Capable": false,"Startup Cost": 124226.28,"Total Cost": 124226.41,"Plan Rows": 50,"Plan Width": 36,"Actual Startup Time": 2065.641,"Actual Total Time": 2065.657,"Actual Rows": 1,"Actual Loops": 1,"Sort Key": ["revenue0.supplier_no"],"Sort Method": "quicksort","Sort Space Used": 25,"Sort Space Type": "Memory","Plans": [{"Node Type": "Subquery Scan","Parent Relationship": "Outer","Parallel Aware": false,"Async Capable": false,"Alias": "revenue0","Startup Cost": 124074.27,"Total Cost": 124224.87,"Plan Rows": 50,"Plan Width": 36,"Actual Startup Time": 2050.272,"Actual Total Time": 2065.610,"Actual Rows": 1,"Actual Loops": 1,"Plans": [{"Node Type": "Aggregate","Strategy": "Hashed","Partial Mode": "Simple","Parent Relationship": "Subquery","Parallel Aware": false,"Async Capable": false,"Startup Cost": 124074.27,"Total Cost": 124224.37,"Plan Rows": 50,"Plan Width": 36,"Actual Startup Time": 2050.266,"Actual Total Time": 2065.591,"Actual Rows": 1,"Actual Loops": 1,"Group Key": ["lineitem.l_suppkey"],"Filter": "(sum((lineitem.l_extendedprice * ('1'::numeric - lineitem.l_discount))) = $0)","Planned Partitions": 0,"HashAgg Batches": 1,"Peak Memory Usage": 4497,"Disk Usage": 0,"Rows Removed by Filter": 9999,"Plans": [{"Node Type": "Bitmap Heap Scan","Parent Relationship": "Outer","Parallel Aware": false,"Async Capable": false,"Relation Name": "lineitem","Alias": "lineitem","Startup Cost": 5864.29,"Total Cost": 121791.48,"Plan Rows": 228279,"Plan Width": 16,"Actual Startup Time": 56.453,"Actual Total Time": 929.176,"Actual Rows": 227548,"Actual Loops": 1,"Recheck Cond": "((l_shipdate >= '1993-09-01'::date) AND (l_shipdate < '1993-12-01 00:00:00'::timestamp without time zone))","Rows Removed by Index Recheck": 0,"Exact Heap Blocks": 67057,"Lossy Heap Blocks": 0,"Plans": [{"Node Type": "Bitmap Index Scan","Parent Relationship": "Outer","Parallel Aware": false,"Async Capable": false,"Index Name": "idx_lineitem_shipdate","Startup Cost": 0.00,"Total Cost": 5807.22,"Plan Rows": 228279,"Plan Width": 0,"Actual Startup Time": 42.721,"Actual Total Time": 42.723,"Actual Rows": 227548,"Actual Loops": 1,"Index Cond": "((l_shipdate >= '1993-09-01'::date) AND (l_shipdate < '1993-12-01 00:00:00'::timestamp without time zone))"}]}]}]}]}]},"Planning Time": 4.464,"Triggers": [],"Execution Time": 2081.593}]
[{"Plan": {"Node Type": "Merge Join","Parallel Aware": false,"Async Capable": false,"Join Type": "Inner","Startup Cost": 249012.02,"Total Cost": 249532.92,"Plan Rows": 50,"Plan Width": 103,"Actual Startup Time": 2119.244,"Actual Total Time": 2119.296,"Actual Rows": 1,"Actual Loops": 1,"Inner Unique": true,"Merge Cond": "(supplier.s_suppkey = revenue0.supplier_no)","Plans": [{"Node Type": "Aggregate","Strategy": "Plain","Partial Mode": "Simple","Parent Relationship": "InitPlan","Subplan Name": "InitPlan 1 (returns $0)","Parallel Aware": false,"Async Capable": false,"Startup Cost": 124554.94,"Total Cost": 124554.95,"Plan Rows": 1,"Plan Width": 32,"Actual Startup Time": 992.757,"Actual Total Time": 992.777,"Actual Rows": 1,"Actual Loops": 1,"Plans": [{"Node Type": "Aggregate","Strategy": "Hashed","Partial Mode": "Simple","Parent Relationship": "Outer","Parallel Aware": false,"Async Capable": false,"Startup Cost": 124304.77,"Total Cost": 124429.86,"Plan Rows": 10007,"Plan Width": 36,"Actual Startup Time": 985.158,"Actual Total Time": 992.112,"Actual Rows": 10000,"Actual Loops": 1,"Group Key": ["lineitem_1.l_suppkey"],"Planned Partitions": 0,"HashAgg Batches": 1,"Peak Memory Usage": 4497,"Disk Usage": 0,"Plans": [{"Node Type": "Bitmap Heap Scan","Parent Relationship": "Outer","Parallel Aware": false,"Async Capable": false,"Relation Name": "lineitem","Alias": "lineitem_1","Startup Cost": 5979.54,"Total Cost": 121975.88,"Plan Rows": 232889,"Plan Width": 16,"Actual Startup Time": 58.676,"Actual Total Time": 780.634,"Actual Rows": 229796,"Actual Loops": 1,"Recheck Cond": "((l_shipdate >= '1993-08-01'::date) AND (l_shipdate < '1993-11-01 00:00:00'::timestamp without time zone))","Rows Removed by Index Recheck": 0,"Exact Heap Blocks": 67184,"Lossy Heap Blocks": 0,"Plans": [{"Node Type": "Bitmap Index Scan","Parent Relationship": "Outer","Parallel Aware": false,"Async Capable": false,"Index Name": "idx_lineitem_shipdate","Startup Cost": 0.00,"Total Cost": 5921.32,"Plan Rows": 232889,"Plan Width": 0,"Actual Startup Time": 44.964,"Actual Total Time": 44.978,"Actual Rows": 229796,"Actual Loops": 1,"Index Cond": "((l_shipdate >= '1993-08-01'::date) AND (l_shipdate < '1993-11-01 00:00:00'::timestamp without time zone))"}]}]}]},{"Node Type": "Index Scan","Parent Relationship": "Outer","Parallel Aware": false,"Async Capable": false,"Scan Direction": "Forward","Index Name": "supplier_pkey","Relation Name": "supplier","Alias": "supplier","Startup Cost": 0.29,"Total Cost": 495.43,"Plan Rows": 10000,"Plan Width": 71,"Actual Startup Time": 0.109,"Actual Total Time": 11.654,"Actual Rows": 6952,"Actual Loops": 1},{"Node Type": "Sort","Parent Relationship": "Inner","Parallel Aware": false,"Async Capable": false,"Startup Cost": 124456.78,"Total Cost": 124456.91,"Plan Rows": 50,"Plan Width": 36,"Actual Startup Time": 2107.151,"Actual Total Time": 2107.177,"Actual Rows": 1,"Actual Loops": 1,"Sort Key": ["revenue0.supplier_no"],"Sort Method": "quicksort","Sort Space Used": 25,"Sort Space Type": "Memory","Plans": [{"Node Type": "Subquery Scan","Parent Relationship": "Outer","Parallel Aware": false,"Async Capable": false,"Alias": "revenue0","Startup Cost": 124304.77,"Total Cost": 124455.37,"Plan Rows": 50,"Plan Width": 36,"Actual Startup Time": 2103.069,"Actual Total Time": 2107.067,"Actual Rows": 1,"Actual Loops": 1,"Plans": [{"Node Type": "Aggregate","Strategy": "Hashed","Partial Mode": "Simple","Parent Relationship": "Subquery","Parallel Aware": false,"Async Capable": false,"Startup Cost": 124304.77,"Total Cost": 124454.87,"Plan Rows": 50,"Plan Width": 36,"Actual Startup Time": 2103.055,"Actual Total Time": 2107.034,"Actual Rows": 1,"Actual Loops": 1,"Group Key": ["lineitem.l_suppkey"],"Filter": "(sum((lineitem.l_extendedprice * ('1'::numeric - lineitem.l_discount))) = $0)","Planned Partitions": 0,"HashAgg Batches": 1,"Peak Memory Usage": 4497,"Disk Usage": 0,"Rows Removed by Filter": 9999,"Plans": [{"Node Type": "Bitmap Heap Scan","Parent Relationship": "Outer","Parallel Aware": false,"Async Capable": false,"Relation Name": "lineitem","Alias": "lineitem","Startup Cost": 5979.54,"Total Cost": 121975.88,"Plan Rows": 232889,"Plan Width": 16,"Actual Startup Time": 55.870,"Actual Total Time": 932.576,"Actual Rows": 229796,"Actual Loops": 1,"Recheck Cond": "((l_shipdate >= '1993-08-01'::date) AND (l_shipdate < '1993-11-01 00:00:00'::timestamp without time zone))","Rows Removed by Index Recheck": 0,"Exact Heap Blocks": 67184,"Lossy Heap Blocks": 0,"Plans": [{"Node Type": "Bitmap Index Scan","Parent Relationship": "Outer","Parallel Aware": false,"Async Capable": false,"Index Name": "idx_lineitem_shipdate","Startup Cost": 0.00,"Total Cost": 5921.32,"Plan Rows": 232889,"Plan Width": 0,"Actual Startup Time": 41.935,"Actual Total Time": 41.948,"Actual Rows": 229796,"Actual Loops": 1,"Index Cond": "((l_shipdate >= '1993-08-01'::date) AND (l_shipdate < '1993-11-01 00:00:00'::timestamp without time zone))"}]}]}]}]}]},"Planning Time": 4.203,"Triggers": [],"Execution Time": 2124.103}]
[{"Plan": {"Node Type": "Merge Join","Parallel Aware": false,"Async Capable": false,"Join Type": "Inner","Startup Cost": 248249.45,"Total Cost": 248770.35,"Plan Rows": 50,"Plan Width": 103,"Actual Startup Time": 1933.210,"Actual Total Time": 1933.238,"Actual Rows": 1,"Actual Loops": 1,"Inner Unique": true,"Merge Cond": "(supplier.s_suppkey = revenue0.supplier_no)","Plans": [{"Node Type": "Aggregate","Strategy": "Plain","Partial Mode": "Simple","Parent Relationship": "InitPlan","Subplan Name": "InitPlan 1 (returns $0)","Parallel Aware": false,"Async Capable": false,"Startup Cost": 124173.66,"Total Cost": 124173.67,"Plan Rows": 1,"Plan Width": 32,"Actual Startup Time": 840.754,"Actual Total Time": 840.766,"Actual Rows": 1,"Actual Loops": 1,"Plans": [{"Node Type": "Aggregate","Strategy": "Hashed","Partial Mode": "Simple","Parent Relationship": "Outer","Parallel Aware": false,"Async Capable": false,"Startup Cost": 123923.48,"Total Cost": 124048.57,"Plan Rows": 10007,"Plan Width": 36,"Actual Startup Time": 831.124,"Actual Total Time": 840.175,"Actual Rows": 10000,"Actual Loops": 1,"Group Key": ["lineitem_1.l_suppkey"],"Planned Partitions": 0,"HashAgg Batches": 1,"Peak Memory Usage": 4497,"Disk Usage": 0,"Plans": [{"Node Type": "Bitmap Heap Scan","Parent Relationship": "Outer","Parallel Aware": false,"Async Capable": false,"Relation Name": "lineitem","Alias": "lineitem_1","Startup Cost": 5786.40,"Total Cost": 121669.85,"Plan Rows": 225363,"Plan Width": 16,"Actual Startup Time": 50.816,"Actual Total Time": 670.813,"Actual Rows": 229315,"Actual Loops": 1,"Recheck Cond": "((l_shipdate >= '1994-05-01'::date) AND (l_shipdate < '1994-08-01 00:00:00'::timestamp without time zone))","Rows Removed by Index Recheck": 0,"Exact Heap Blocks": 67035,"Lossy Heap Blocks": 0,"Plans": [{"Node Type": "Bitmap Index Scan","Parent Relationship": "Outer","Parallel Aware": false,"Async Capable": false,"Index Name": "idx_lineitem_shipdate","Startup Cost": 0.00,"Total Cost": 5730.06,"Plan Rows": 225363,"Plan Width": 0,"Actual Startup Time": 37.324,"Actual Total Time": 37.329,"Actual Rows": 229315,"Actual Loops": 1,"Index Cond": "((l_shipdate >= '1994-05-01'::date) AND (l_shipdate < '1994-08-01 00:00:00'::timestamp without time zone))"}]}]}]},{"Node Type": "Index Scan","Parent Relationship": "Outer","Parallel Aware": false,"Async Capable": false,"Scan Direction": "Forward","Index Name": "supplier_pkey","Relation Name": "supplier","Alias": "supplier","Startup Cost": 0.29,"Total Cost": 495.43,"Plan Rows": 10000,"Plan Width": 71,"Actual Startup Time": 0.122,"Actual Total Time": 5.559,"Actual Rows": 3302,"Actual Loops": 1},{"Node Type": "Sort","Parent Relationship": "Inner","Parallel Aware": false,"Async Capable": false,"Startup Cost": 124075.50,"Total Cost": 124075.62,"Plan Rows": 50,"Plan Width": 36,"Actual Startup Time": 1927.428,"Actual Total Time": 1927.436,"Actual Rows": 1,"Actual Loops": 1,"Sort Key": ["revenue0.supplier_no"],"Sort Method": "quicksort","Sort Space Used": 25,"Sort Space Type": "Memory","Plans": [{"Node Type": "Subquery Scan","Parent Relationship": "Outer","Parallel Aware": false,"Async Capable": false,"Alias": "revenue0","Startup Cost": 123923.48,"Total Cost": 124074.09,"Plan Rows": 50,"Plan Width": 36,"Actual Startup Time": 1920.770,"Actual Total Time": 1927.389,"Actual Rows": 1,"Actual Loops": 1,"Plans": [{"Node Type": "Aggregate","Strategy": "Hashed","Partial Mode": "Simple","Parent Relationship": "Subquery","Parallel Aware": false,"Async Capable": false,"Startup Cost": 123923.48,"Total Cost": 124073.59,"Plan Rows": 50,"Plan Width": 36,"Actual Startup Time": 1920.765,"Actual Total Time": 1927.379,"Actual Rows": 1,"Actual Loops": 1,"Group Key": ["lineitem.l_suppkey"],"Filter": "(sum((lineitem.l_extendedprice * ('1'::numeric - lineitem.l_discount))) = $0)","Planned Partitions": 0,"HashAgg Batches": 1,"Peak Memory Usage": 4497,"Disk Usage": 0,"Rows Removed by Filter": 9999,"Plans": [{"Node Type": "Bitmap Heap Scan","Parent Relationship": "Outer","Parallel Aware": false,"Async Capable": false,"Relation Name": "lineitem","Alias": "lineitem","Startup Cost": 5786.40,"Total Cost": 121669.85,"Plan Rows": 225363,"Plan Width": 16,"Actual Startup Time": 48.974,"Actual Total Time": 887.234,"Actual Rows": 229315,"Actual Loops": 1,"Recheck Cond": "((l_shipdate >= '1994-05-01'::date) AND (l_shipdate < '1994-08-01 00:00:00'::timestamp without time zone))","Rows Removed by Index Recheck": 0,"Exact Heap Blocks": 67035,"Lossy Heap Blocks": 0,"Plans": [{"Node Type": "Bitmap Index Scan","Parent Relationship": "Outer","Parallel Aware": false,"Async Capable": false,"Index Name": "idx_lineitem_shipdate","Startup Cost": 0.00,"Total Cost": 5730.06,"Plan Rows": 225363,"Plan Width": 0,"Actual Startup Time": 35.843,"Actual Total Time": 35.843,"Actual Rows": 229315,"Actual Loops": 1,"Index Cond": "((l_shipdate >= '1994-05-01'::date) AND (l_shipdate < '1994-08-01 00:00:00'::timestamp without time zone))"}]}]}]}]}]},"Planning Time": 4.354,"Triggers": [],"Execution Time": 1936.888}]
[{"Plan": {"Node Type": "Merge Join","Parallel Aware": false,"Async Capable": false,"Join Type": "Inner","Startup Cost": 249012.02,"Total Cost": 249532.92,"Plan Rows": 50,"Plan Width": 103,"Actual Startup Time": 2119.244,"Actual Total Time": 2119.296,"Actual Rows": 1,"Actual Loops": 1,"Inner Unique": true,"Merge Cond": "(supplier.s_suppkey = revenue0.supplier_no)","Plans": [{"Node Type": "Aggregate","Strategy": "Plain","Partial Mode": "Simple","Parent Relationship": "InitPlan","Subplan Name": "InitPlan 1 (returns $0)","Parallel Aware": false,"Async Capable": false,"Startup Cost": 124554.94,"Total Cost": 124554.95,"Plan Rows": 1,"Plan Width": 32,"Actual Startup Time": 992.757,"Actual Total Time": 992.777,"Actual Rows": 1,"Actual Loops": 1,"Plans": [{"Node Type": "Aggregate","Strategy": "Hashed","Partial Mode": "Simple","Parent Relationship": "Outer","Parallel Aware": false,"Async Capable": false,"Startup Cost": 124304.77,"Total Cost": 124429.86,"Plan Rows": 10007,"Plan Width": 36,"Actual Startup Time": 985.158,"Actual Total Time": 992.112,"Actual Rows": 10000,"Actual Loops": 1,"Group Key": ["lineitem_1.l_suppkey"],"Planned Partitions": 0,"HashAgg Batches": 1,"Peak Memory Usage": 4497,"Disk Usage": 0,"Plans": [{"Node Type": "Bitmap Heap Scan","Parent Relationship": "Outer","Parallel Aware": false,"Async Capable": false,"Relation Name": "lineitem","Alias": "lineitem_1","Startup Cost": 5979.54,"Total Cost": 121975.88,"Plan Rows": 232889,"Plan Width": 16,"Actual Startup Time": 58.676,"Actual Total Time": 780.634,"Actual Rows": 229796,"Actual Loops": 1,"Recheck Cond": "((l_shipdate >= '1993-08-01'::date) AND (l_shipdate < '1993-11-01 00:00:00'::timestamp without time zone))","Rows Removed by Index Recheck": 0,"Exact Heap Blocks": 67184,"Lossy Heap Blocks": 0,"Plans": [{"Node Type": "Bitmap Index Scan","Parent Relationship": "Outer","Parallel Aware": false,"Async Capable": false,"Index Name": "idx_lineitem_shipdate","Startup Cost": 0.00,"Total Cost": 5921.32,"Plan Rows": 232889,"Plan Width": 0,"Actual Startup Time": 44.964,"Actual Total Time": 44.978,"Actual Rows": 229796,"Actual Loops": 1,"Index Cond": "((l_shipdate >= '1993-08-01'::date) AND (l_shipdate < '1993-11-01 00:00:00'::timestamp without time zone))"}]}]}]},{"Node Type": "Index Scan","Parent Relationship": "Outer","Parallel Aware": false,"Async Capable": false,"Scan Direction": "Forward","Index Name": "supplier_pkey","Relation Name": "supplier","Alias": "supplier","Startup Cost": 0.29,"Total Cost": 495.43,"Plan Rows": 10000,"Plan Width": 71,"Actual Startup Time": 0.109,"Actual Total Time": 11.654,"Actual Rows": 6952,"Actual Loops": 1},{"Node Type": "Sort","Parent Relationship": "Inner","Parallel Aware": false,"Async Capable": false,"Startup Cost": 124456.78,"Total Cost": 124456.91,"Plan Rows": 50,"Plan Width": 36,"Actual Startup Time": 2107.151,"Actual Total Time": 2107.177,"Actual Rows": 1,"Actual Loops": 1,"Sort Key": ["revenue0.supplier_no"],"Sort Method": "quicksort","Sort Space Used": 25,"Sort Space Type": "Memory","Plans": [{"Node Type": "Subquery Scan","Parent Relationship": "Outer","Parallel Aware": false,"Async Capable": false,"Alias": "revenue0","Startup Cost": 124304.77,"Total Cost": 124455.37,"Plan Rows": 50,"Plan Width": 36,"Actual Startup Time": 2103.069,"Actual Total Time": 2107.067,"Actual Rows": 1,"Actual Loops": 1,"Plans": [{"Node Type": "Aggregate","Strategy": "Hashed","Partial Mode": "Simple","Parent Relationship": "Subquery","Parallel Aware": false,"Async Capable": false,"Startup Cost": 124304.77,"Total Cost": 124454.87,"Plan Rows": 50,"Plan Width": 36,"Actual Startup Time": 2103.055,"Actual Total Time": 2107.034,"Actual Rows": 1,"Actual Loops": 1,"Group Key": ["lineitem.l_suppkey"],"Filter": "(sum((lineitem.l_extendedprice * ('1'::numeric - lineitem.l_discount))) = $0)","Planned Partitions": 0,"HashAgg Batches": 1,"Peak Memory Usage": 4497,"Disk Usage": 0,"Rows Removed by Filter": 9999,"Plans": [{"Node Type": "Bitmap Heap Scan","Parent Relationship": "Outer","Parallel Aware": false,"Async Capable": false,"Relation Name": "lineitem","Alias": "lineitem","Startup Cost": 5979.54,"Total Cost": 121975.88,"Plan Rows": 232889,"Plan Width": 16,"Actual Startup Time": 55.870,"Actual Total Time": 932.576,"Actual Rows": 229796,"Actual Loops": 1,"Recheck Cond": "((l_shipdate >= '1993-08-01'::date) AND (l_shipdate < '1993-11-01 00:00:00'::timestamp without time zone))","Rows Removed by Index Recheck": 0,"Exact Heap Blocks": 67184,"Lossy Heap Blocks": 0,"Plans": [{"Node Type": "Bitmap Index Scan","Parent Relationship": "Outer","Parallel Aware": false,"Async Capable": false,"Index Name": "idx_lineitem_shipdate","Startup Cost": 0.00,"Total Cost": 5921.32,"Plan Rows": 232889,"Plan Width": 0,"Actual Startup Time": 41.935,"Actual Total Time": 41.948,"Actual Rows": 229796,"Actual Loops": 1,"Index Cond": "((l_shipdate >= '1993-08-01'::date) AND (l_shipdate < '1993-11-01 00:00:00'::timestamp without time zone))"}]}]}]}]}]},"Planning Time": 4.203,"Triggers": [],"Execution Time": 2124.103}]
[{"Plan": {"Node Type": "Merge Join","Parallel Aware": false,"Async Capable": false,"Join Type": "Inner","Startup Cost": 248695.00,"Total Cost": 249215.90,"Plan Rows": 50,"Plan Width": 103,"Actual Startup Time": 2082.592,"Actual Total Time": 2082.640,"Actual Rows": 1,"Actual Loops": 1,"Inner Unique": true,"Merge Cond": "(supplier.s_suppkey = revenue0.supplier_no)","Plans": [{"Node Type": "Aggregate","Strategy": "Plain","Partial Mode": "Simple","Parent Relationship": "InitPlan","Subplan Name": "InitPlan 1 (returns $0)","Parallel Aware": false,"Async Capable": false,"Startup Cost": 124396.43,"Total Cost": 124396.44,"Plan Rows": 1,"Plan Width": 32,"Actual Startup Time": 946.403,"Actual Total Time": 946.419,"Actual Rows": 1,"Actual Loops": 1,"Plans": [{"Node Type": "Aggregate","Strategy": "Hashed","Partial Mode": "Simple","Parent Relationship": "Outer","Parallel Aware": false,"Async Capable": false,"Startup Cost": 124146.26,"Total Cost": 124271.35,"Plan Rows": 10007,"Plan Width": 36,"Actual Startup Time": 938.935,"Actual Total Time": 945.817,"Actual Rows": 10000,"Actual Loops": 1,"Group Key": ["lineitem_1.l_suppkey"],"Planned Partitions": 0,"HashAgg Batches": 1,"Peak Memory Usage": 4497,"Disk Usage": 0,"Plans": [{"Node Type": "Bitmap Heap Scan","Parent Relationship": "Outer","Parallel Aware": false,"Async Capable": false,"Relation Name": "lineitem","Alias": "lineitem_1","Startup Cost": 5899.41,"Total Cost": 121848.72,"Plan Rows": 229754,"Plan Width": 16,"Actual Startup Time": 59.759,"Actual Total Time": 793.376,"Actual Rows": 228921,"Actual Loops": 1,"Recheck Cond": "((l_shipdate >= '1996-03-01'::date) AND (l_shipdate < '1996-06-01 00:00:00'::timestamp without time zone))","Rows Removed by Index Recheck": 0,"Exact Heap Blocks": 67056,"Lossy Heap Blocks": 0,"Plans": [{"Node Type": "Bitmap Index Scan","Parent Relationship": "Outer","Parallel Aware": false,"Async Capable": false,"Index Name": "idx_lineitem_shipdate","Startup Cost": 0.00,"Total Cost": 5841.97,"Plan Rows": 229754,"Plan Width": 0,"Actual Startup Time": 45.910,"Actual Total Time": 45.916,"Actual Rows": 228921,"Actual Loops": 1,"Index Cond": "((l_shipdate >= '1996-03-01'::date) AND (l_shipdate < '1996-06-01 00:00:00'::timestamp without time zone))"}]}]}]},{"Node Type": "Index Scan","Parent Relationship": "Outer","Parallel Aware": false,"Async Capable": false,"Scan Direction": "Forward","Index Name": "supplier_pkey","Relation Name": "supplier","Alias": "supplier","Startup Cost": 0.29,"Total Cost": 495.43,"Plan Rows": 10000,"Plan Width": 71,"Actual Startup Time": 0.102,"Actual Total Time": 2.838,"Actual Rows": 1506,"Actual Loops": 1},{"Node Type": "Sort","Parent Relationship": "Inner","Parallel Aware": false,"Async Capable": false,"Startup Cost": 124298.27,"Total Cost": 124298.40,"Plan Rows": 50,"Plan Width": 36,"Actual Startup Time": 2079.634,"Actual Total Time": 2079.648,"Actual Rows": 1,"Actual Loops": 1,"Sort Key": ["revenue0.supplier_no"],"Sort Method": "quicksort","Sort Space Used": 25,"Sort Space Type": "Memory","Plans": [{"Node Type": "Subquery Scan","Parent Relationship": "Outer","Parallel Aware": false,"Async Capable": false,"Alias": "revenue0","Startup Cost": 124146.26,"Total Cost": 124296.86,"Plan Rows": 50,"Plan Width": 36,"Actual Startup Time": 2064.713,"Actual Total Time": 2079.612,"Actual Rows": 1,"Actual Loops": 1,"Plans": [{"Node Type": "Aggregate","Strategy": "Hashed","Partial Mode": "Simple","Parent Relationship": "Subquery","Parallel Aware": false,"Async Capable": false,"Startup Cost": 124146.26,"Total Cost": 124296.36,"Plan Rows": 50,"Plan Width": 36,"Actual Startup Time": 2064.706,"Actual Total Time": 2079.603,"Actual Rows": 1,"Actual Loops": 1,"Group Key": ["lineitem.l_suppkey"],"Filter": "(sum((lineitem.l_extendedprice * ('1'::numeric - lineitem.l_discount))) = $0)","Planned Partitions": 0,"HashAgg Batches": 1,"Peak Memory Usage": 4497,"Disk Usage": 0,"Rows Removed by Filter": 9999,"Plans": [{"Node Type": "Bitmap Heap Scan","Parent Relationship": "Outer","Parallel Aware": false,"Async Capable": false,"Relation Name": "lineitem","Alias": "lineitem","Startup Cost": 5899.41,"Total Cost": 121848.72,"Plan Rows": 229754,"Plan Width": 16,"Actual Startup Time": 56.873,"Actual Total Time": 935.993,"Actual Rows": 228921,"Actual Loops": 1,"Recheck Cond": "((l_shipdate >= '1996-03-01'::date) AND (l_shipdate < '1996-06-01 00:00:00'::timestamp without time zone))","Rows Removed by Index Recheck": 0,"Exact Heap Blocks": 67056,"Lossy Heap Blocks": 0,"Plans": [{"Node Type": "Bitmap Index Scan","Parent Relationship": "Outer","Parallel Aware": false,"Async Capable": false,"Index Name": "idx_lineitem_shipdate","Startup Cost": 0.00,"Total Cost": 5841.97,"Plan Rows": 229754,"Plan Width": 0,"Actual Startup Time": 43.119,"Actual Total Time": 43.123,"Actual Rows": 228921,"Actual Loops": 1,"Index Cond": "((l_shipdate >= '1996-03-01'::date) AND (l_shipdate < '1996-06-01 00:00:00'::timestamp without time zone))"}]}]}]}]}]},"Planning Time": 4.992,"Triggers": [],"Execution Time": 2086.750}]
[{"Plan": {"Node Type": "Merge Join","Parallel Aware": false,"Async Capable": false,"Join Type": "Inner","Startup Cost": 248396.78,"Total Cost": 248917.68,"Plan Rows": 50,"Plan Width": 103,"Actual Startup Time": 2095.850,"Actual Total Time": 2095.890,"Actual Rows": 1,"Actual Loops": 1,"Inner Unique": true,"Merge Cond": "(supplier.s_suppkey = revenue0.supplier_no)","Plans": [{"Node Type": "Aggregate","Strategy": "Plain","Partial Mode": "Simple","Parent Relationship": "InitPlan","Subplan Name": "InitPlan 1 (returns $0)","Parallel Aware": false,"Async Capable": false,"Startup Cost": 124247.32,"Total Cost": 124247.33,"Plan Rows": 1,"Plan Width": 32,"Actual Startup Time": 948.091,"Actual Total Time": 948.105,"Actual Rows": 1,"Actual Loops": 1,"Plans": [{"Node Type": "Aggregate","Strategy": "Hashed","Partial Mode": "Simple","Parent Relationship": "Outer","Parallel Aware": false,"Async Capable": false,"Startup Cost": 123997.15,"Total Cost": 124122.24,"Plan Rows": 10007,"Plan Width": 36,"Actual Startup Time": 942.301,"Actual Total Time": 947.490,"Actual Rows": 10000,"Actual Loops": 1,"Group Key": ["lineitem_1.l_suppkey"],"Planned Partitions": 0,"HashAgg Batches": 1,"Peak Memory Usage": 4497,"Disk Usage": 0,"Plans": [{"Node Type": "Bitmap Heap Scan","Parent Relationship": "Outer","Parallel Aware": false,"Async Capable": false,"Relation Name": "lineitem","Alias": "lineitem_1","Startup Cost": 5824.85,"Total Cost": 121729.43,"Plan Rows": 226772,"Plan Width": 16,"Actual Startup Time": 65.919,"Actual Total Time": 796.903,"Actual Rows": 228852,"Actual Loops": 1,"Recheck Cond": "((l_shipdate >= '1995-09-01'::date) AND (l_shipdate < '1995-12-01 00:00:00'::timestamp without time zone))","Rows Removed by Index Recheck": 0,"Exact Heap Blocks": 67143,"Lossy Heap Blocks": 0,"Plans": [{"Node Type": "Bitmap Index Scan","Parent Relationship": "Outer","Parallel Aware": false,"Async Capable": false,"Index Name": "idx_lineitem_shipdate","Startup Cost": 0.00,"Total Cost": 5768.15,"Plan Rows": 226772,"Plan Width": 0,"Actual Startup Time": 51.856,"Actual Total Time": 51.860,"Actual Rows": 228852,"Actual Loops": 1,"Index Cond": "((l_shipdate >= '1995-09-01'::date) AND (l_shipdate < '1995-12-01 00:00:00'::timestamp without time zone))"}]}]}]},{"Node Type": "Index Scan","Parent Relationship": "Outer","Parallel Aware": false,"Async Capable": false,"Scan Direction": "Forward","Index Name": "supplier_pkey","Relation Name": "supplier","Alias": "supplier","Startup Cost": 0.29,"Total Cost": 495.43,"Plan Rows": 10000,"Plan Width": 71,"Actual Startup Time": 0.115,"Actual Total Time": 10.908,"Actual Rows": 6981,"Actual Loops": 1},{"Node Type": "Sort","Parent Relationship": "Inner","Parallel Aware": false,"Async Capable": false,"Startup Cost": 124149.17,"Total Cost": 124149.29,"Plan Rows": 50,"Plan Width": 36,"Actual Startup Time": 2084.538,"Actual Total Time": 2084.549,"Actual Rows": 1,"Actual Loops": 1,"Sort Key": ["revenue0.supplier_no"],"Sort Method": "quicksort","Sort Space Used": 25,"Sort Space Type": "Memory","Plans": [{"Node Type": "Subquery Scan","Parent Relationship": "Outer","Parallel Aware": false,"Async Capable": false,"Alias": "revenue0","Startup Cost": 123997.15,"Total Cost": 124147.75,"Plan Rows": 50,"Plan Width": 36,"Actual Startup Time": 2063.527,"Actual Total Time": 2084.498,"Actual Rows": 1,"Actual Loops": 1,"Plans": [{"Node Type": "Aggregate","Strategy": "Hashed","Partial Mode": "Simple","Parent Relationship": "Subquery","Parallel Aware": false,"Async Capable": false,"Startup Cost": 123997.15,"Total Cost": 124147.25,"Plan Rows": 50,"Plan Width": 36,"Actual Startup Time": 2063.519,"Actual Total Time": 2084.488,"Actual Rows": 1,"Actual Loops": 1,"Group Key": ["lineitem.l_suppkey"],"Filter": "(sum((lineitem.l_extendedprice * ('1'::numeric - lineitem.l_discount))) = $0)","Planned Partitions": 0,"HashAgg Batches": 1,"Peak Memory Usage": 4497,"Disk Usage": 0,"Rows Removed by Filter": 9999,"Plans": [{"Node Type": "Bitmap Heap Scan","Parent Relationship": "Outer","Parallel Aware": false,"Async Capable": false,"Relation Name": "lineitem","Alias": "lineitem","Startup Cost": 5824.85,"Total Cost": 121729.43,"Plan Rows": 226772,"Plan Width": 16,"Actual Startup Time": 62.224,"Actual Total Time": 938.636,"Actual Rows": 228852,"Actual Loops": 1,"Recheck Cond": "((l_shipdate >= '1995-09-01'::date) AND (l_shipdate < '1995-12-01 00:00:00'::timestamp without time zone))","Rows Removed by Index Recheck": 0,"Exact Heap Blocks": 67143,"Lossy Heap Blocks": 0,"Plans": [{"Node Type": "Bitmap Index Scan","Parent Relationship": "Outer","Parallel Aware": false,"Async Capable": false,"Index Name": "idx_lineitem_shipdate","Startup Cost": 0.00,"Total Cost": 5768.15,"Plan Rows": 226772,"Plan Width": 0,"Actual Startup Time": 48.458,"Actual Total Time": 48.459,"Actual Rows": 228852,"Actual Loops": 1,"Index Cond": "((l_shipdate >= '1995-09-01'::date) AND (l_shipdate < '1995-12-01 00:00:00'::timestamp without time zone))"}]}]}]}]}]},"Planning Time": 4.958,"Triggers": [],"Execution Time": 2102.199}]
[{"Plan": {"Node Type": "Merge Join","Parallel Aware": false,"Async Capable": false,"Join Type": "Inner","Startup Cost": 248837.06,"Total Cost": 249357.95,"Plan Rows": 50,"Plan Width": 103,"Actual Startup Time": 1969.246,"Actual Total Time": 1969.306,"Actual Rows": 1,"Actual Loops": 1,"Inner Unique": true,"Merge Cond": "(supplier.s_suppkey = revenue0.supplier_no)","Plans": [{"Node Type": "Aggregate","Strategy": "Plain","Partial Mode": "Simple","Parent Relationship": "InitPlan","Subplan Name": "InitPlan 1 (returns $0)","Parallel Aware": false,"Async Capable": false,"Startup Cost": 124467.46,"Total Cost": 124467.47,"Plan Rows": 1,"Plan Width": 32,"Actual Startup Time": 899.835,"Actual Total Time": 899.853,"Actual Rows": 1,"Actual Loops": 1,"Plans": [{"Node Type": "Aggregate","Strategy": "Hashed","Partial Mode": "Simple","Parent Relationship": "Outer","Parallel Aware": false,"Async Capable": false,"Startup Cost": 124217.29,"Total Cost": 124342.37,"Plan Rows": 10007,"Plan Width": 36,"Actual Startup Time": 888.951,"Actual Total Time": 899.159,"Actual Rows": 10000,"Actual Loops": 1,"Group Key": ["lineitem_1.l_suppkey"],"Planned Partitions": 0,"HashAgg Batches": 1,"Peak Memory Usage": 4497,"Disk Usage": 0,"Plans": [{"Node Type": "Bitmap Heap Scan","Parent Relationship": "Outer","Parallel Aware": false,"Async Capable": false,"Relation Name": "lineitem","Alias": "lineitem_1","Startup Cost": 5666.73,"Total Cost": 122010.16,"Plan Rows": 220712,"Plan Width": 16,"Actual Startup Time": 50.799,"Actual Total Time": 691.660,"Actual Rows": 227315,"Actual Loops": 1,"Recheck Cond": "((l_shipdate >= '1994-04-01'::date) AND (l_shipdate < '1994-07-01 00:00:00'::timestamp without time zone))","Rows Removed by Index Recheck": 0,"Exact Heap Blocks": 67016,"Lossy Heap Blocks": 0,"Plans": [{"Node Type": "Bitmap Index Scan","Parent Relationship": "Outer","Parallel Aware": false,"Async Capable": false,"Index Name": "idx_lineitem_shipdate","Startup Cost": 0.00,"Total Cost": 5611.55,"Plan Rows": 220712,"Plan Width": 0,"Actual Startup Time": 36.979,"Actual Total Time": 36.992,"Actual Rows": 227315,"Actual Loops": 1,"Index Cond": "((l_shipdate >= '1994-04-01'::date) AND (l_shipdate < '1994-07-01 00:00:00'::timestamp without time zone))"}]}]}]},{"Node Type": "Index Scan","Parent Relationship": "Outer","Parallel Aware": false,"Async Capable": false,"Scan Direction": "Forward","Index Name": "supplier_pkey","Relation Name": "supplier","Alias": "supplier","Startup Cost": 0.29,"Total Cost": 495.43,"Plan Rows": 10000,"Plan Width": 71,"Actual Startup Time": 0.084,"Actual Total Time": 2.331,"Actual Rows": 1360,"Actual Loops": 1},{"Node Type": "Sort","Parent Relationship": "Inner","Parallel Aware": false,"Async Capable": false,"Startup Cost": 124369.30,"Total Cost": 124369.43,"Plan Rows": 50,"Plan Width": 36,"Actual Startup Time": 1966.772,"Actual Total Time": 1966.788,"Actual Rows": 1,"Actual Loops": 1,"Sort Key": ["revenue0.supplier_no"],"Sort Method": "quicksort","Sort Space Used": 25,"Sort Space Type": "Memory","Plans": [{"Node Type": "Subquery Scan","Parent Relationship": "Outer","Parallel Aware": false,"Async Capable": false,"Alias": "revenue0","Startup Cost": 124217.29,"Total Cost": 124367.89,"Plan Rows": 50,"Plan Width": 36,"Actual Startup Time": 1963.574,"Actual Total Time": 1966.737,"Actual Rows": 1,"Actual Loops": 1,"Plans": [{"Node Type": "Aggregate","Strategy": "Hashed","Partial Mode": "Simple","Parent Relationship": "Subquery","Parallel Aware": false,"Async Capable": false,"Startup Cost": 124217.29,"Total Cost": 124367.39,"Plan Rows": 50,"Plan Width": 36,"Actual Startup Time": 1963.555,"Actual Total Time": 1966.695,"Actual Rows": 1,"Actual Loops": 1,"Group Key": ["lineitem.l_suppkey"],"Filter": "(sum((lineitem.l_extendedprice * ('1'::numeric - lineitem.l_discount))) = $0)","Planned Partitions": 0,"HashAgg Batches": 1,"Peak Memory Usage": 4497,"Disk Usage": 0,"Rows Removed by Filter": 9999,"Plans": [{"Node Type": "Bitmap Heap Scan","Parent Relationship": "Outer","Parallel Aware": false,"Async Capable": false,"Relation Name": "lineitem","Alias": "lineitem","Startup Cost": 5666.73,"Total Cost": 122010.16,"Plan Rows": 220712,"Plan Width": 16,"Actual Startup Time": 49.894,"Actual Total Time": 881.952,"Actual Rows": 227315,"Actual Loops": 1,"Recheck Cond": "((l_shipdate >= '1994-04-01'::date) AND (l_shipdate < '1994-07-01 00:00:00'::timestamp without time zone))","Rows Removed by Index Recheck": 0,"Exact Heap Blocks": 67016,"Lossy Heap Blocks": 0,"Plans": [{"Node Type": "Bitmap Index Scan","Parent Relationship": "Outer","Parallel Aware": false,"Async Capable": false,"Index Name": "idx_lineitem_shipdate","Startup Cost": 0.00,"Total Cost": 5611.55,"Plan Rows": 220712,"Plan Width": 0,"Actual Startup Time": 36.453,"Actual Total Time": 36.453,"Actual Rows": 227315,"Actual Loops": 1,"Index Cond": "((l_shipdate >= '1994-04-01'::date) AND (l_shipdate < '1994-07-01 00:00:00'::timestamp without time zone))"}]}]}]}]}]},"Planning Time": 4.191,"Triggers": [],"Execution Time": 1974.742}]
[{"Plan": {"Node Type": "Merge Join","Parallel Aware": false,"Async Capable": false,"Join Type": "Inner","Startup Cost": 249071.51,"Total Cost": 249592.41,"Plan Rows": 50,"Plan Width": 103,"Actual Startup Time": 2110.599,"Actual Total Time": 2110.677,"Actual Rows": 1,"Actual Loops": 1,"Inner Unique": true,"Merge Cond": "(supplier.s_suppkey = revenue0.supplier_no)","Plans": [{"Node Type": "Aggregate","Strategy": "Plain","Partial Mode": "Simple","Parent Relationship": "InitPlan","Subplan Name": "InitPlan 1 (returns $0)","Parallel Aware": false,"Async Capable": false,"Startup Cost": 124584.69,"Total Cost": 124584.70,"Plan Rows": 1,"Plan Width": 32,"Actual Startup Time": 993.769,"Actual Total Time": 993.795,"Actual Rows": 1,"Actual Loops": 1,"Plans": [{"Node Type": "Aggregate","Strategy": "Hashed","Partial Mode": "Simple","Parent Relationship": "Outer","Parallel Aware": false,"Async Capable": false,"Startup Cost": 124334.51,"Total Cost": 124459.60,"Plan Rows": 10007,"Plan Width": 36,"Actual Startup Time": 986.871,"Actual Total Time": 993.109,"Actual Rows": 10000,"Actual Loops": 1,"Group Key": ["lineitem_1.l_suppkey"],"Planned Partitions": 0,"HashAgg Batches": 1,"Peak Memory Usage": 4497,"Disk Usage": 0,"Plans": [{"Node Type": "Bitmap Heap Scan","Parent Relationship": "Outer","Parallel Aware": false,"Async Capable": false,"Relation Name": "lineitem","Alias": "lineitem_1","Startup Cost": 5625.90,"Total Cost": 122143.81,"Plan Rows": 219070,"Plan Width": 16,"Actual Startup Time": 58.722,"Actual Total Time": 774.337,"Actual Rows": 229004,"Actual Loops": 1,"Recheck Cond": "((l_shipdate >= '1993-11-01'::date) AND (l_shipdate < '1994-02-01 00:00:00'::timestamp without time zone))","Rows Removed by Index Recheck": 0,"Exact Heap Blocks": 67131,"Lossy Heap Blocks": 0,"Plans": [{"Node Type": "Bitmap Index Scan","Parent Relationship": "Outer","Parallel Aware": false,"Async Capable": false,"Index Name": "idx_lineitem_shipdate","Startup Cost": 0.00,"Total Cost": 5571.13,"Plan Rows": 219070,"Plan Width": 0,"Actual Startup Time": 44.914,"Actual Total Time": 44.935,"Actual Rows": 229004,"Actual Loops": 1,"Index Cond": "((l_shipdate >= '1993-11-01'::date) AND (l_shipdate < '1994-02-01 00:00:00'::timestamp without time zone))"}]}]}]},{"Node Type": "Index Scan","Parent Relationship": "Outer","Parallel Aware": false,"Async Capable": false,"Scan Direction": "Forward","Index Name": "supplier_pkey","Relation Name": "supplier","Alias": "supplier","Startup Cost": 0.29,"Total Cost": 495.43,"Plan Rows": 10000,"Plan Width": 71,"Actual Startup Time": 0.107,"Actual Total Time": 9.434,"Actual Rows": 5487,"Actual Loops": 1},{"Node Type": "Sort","Parent Relationship": "Inner","Parallel Aware": false,"Async Capable": false,"Startup Cost": 124486.53,"Total Cost": 124486.65,"Plan Rows": 50,"Plan Width": 36,"Actual Startup Time": 2100.793,"Actual Total Time": 2100.813,"Actual Rows": 1,"Actual Loops": 1,"Sort Key": ["revenue0.supplier_no"],"Sort Method": "quicksort","Sort Space Used": 25,"Sort Space Type": "Memory","Plans": [{"Node Type": "Subquery Scan","Parent Relationship": "Outer","Parallel Aware": false,"Async Capable": false,"Alias": "revenue0","Startup Cost": 124334.51,"Total Cost": 124485.12,"Plan Rows": 50,"Plan Width": 36,"Actual Startup Time": 2097.633,"Actual Total Time": 2100.707,"Actual Rows": 1,"Actual Loops": 1,"Plans": [{"Node Type": "Aggregate","Strategy": "Hashed","Partial Mode": "Simple","Parent Relationship": "Subquery","Parallel Aware": false,"Async Capable": false,"Startup Cost": 124334.51,"Total Cost": 124484.62,"Plan Rows": 50,"Plan Width": 36,"Actual Startup Time": 2097.616,"Actual Total Time": 2100.659,"Actual Rows": 1,"Actual Loops": 1,"Group Key": ["lineitem.l_suppkey"],"Filter": "(sum((lineitem.l_extendedprice * ('1'::numeric - lineitem.l_discount))) = $0)","Planned Partitions": 0,"HashAgg Batches": 1,"Peak Memory Usage": 4497,"Disk Usage": 0,"Rows Removed by Filter": 9999,"Plans": [{"Node Type": "Bitmap Heap Scan","Parent Relationship": "Outer","Parallel Aware": false,"Async Capable": false,"Relation Name": "lineitem","Alias": "lineitem","Startup Cost": 5625.90,"Total Cost": 122143.81,"Plan Rows": 219070,"Plan Width": 16,"Actual Startup Time": 54.544,"Actual Total Time": 928.571,"Actual Rows": 229004,"Actual Loops": 1,"Recheck Cond": "((l_shipdate >= '1993-11-01'::date) AND (l_shipdate < '1994-02-01 00:00:00'::timestamp without time zone))","Rows Removed by Index Recheck": 0,"Exact Heap Blocks": 67131,"Lossy Heap Blocks": 0,"Plans": [{"Node Type": "Bitmap Index Scan","Parent Relationship": "Outer","Parallel Aware": false,"Async Capable": false,"Index Name": "idx_lineitem_shipdate","Startup Cost": 0.00,"Total Cost": 5571.13,"Plan Rows": 219070,"Plan Width": 0,"Actual Startup Time": 41.027,"Actual Total Time": 41.029,"Actual Rows": 229004,"Actual Loops": 1,"Index Cond": "((l_shipdate >= '1993-11-01'::date) AND (l_shipdate < '1994-02-01 00:00:00'::timestamp without time zone))"}]}]}]}]}]},"Planning Time": 4.907,"Triggers": [],"Execution Time": 2115.877}]
[{"Plan": {"Node Type": "Merge Join","Parallel Aware": false,"Async Capable": false,"Join Type": "Inner","Startup Cost": 249261.15,"Total Cost": 249782.05,"Plan Rows": 50,"Plan Width": 103,"Actual Startup Time": 1929.470,"Actual Total Time": 1929.497,"Actual Rows": 1,"Actual Loops": 1,"Inner Unique": true,"Merge Cond": "(supplier.s_suppkey = revenue0.supplier_no)","Plans": [{"Node Type": "Aggregate","Strategy": "Plain","Partial Mode": "Simple","Parent Relationship": "InitPlan","Subplan Name": "InitPlan 1 (returns $0)","Parallel Aware": false,"Async Capable": false,"Startup Cost": 124679.51,"Total Cost": 124679.52,"Plan Rows": 1,"Plan Width": 32,"Actual Startup Time": 838.041,"Actual Total Time": 838.049,"Actual Rows": 1,"Actual Loops": 1,"Plans": [{"Node Type": "Aggregate","Strategy": "Hashed","Partial Mode": "Simple","Parent Relationship": "Outer","Parallel Aware": false,"Async Capable": false,"Startup Cost": 124429.33,"Total Cost": 124554.42,"Plan Rows": 10007,"Plan Width": 36,"Actual Startup Time": 828.279,"Actual Total Time": 837.462,"Actual Rows": 10000,"Actual Loops": 1,"Group Key": ["lineitem_1.l_suppkey"],"Planned Partitions": 0,"HashAgg Batches": 1,"Peak Memory Usage": 4497,"Disk Usage": 0,"Plans": [{"Node Type": "Bitmap Heap Scan","Parent Relationship": "Outer","Parallel Aware": false,"Async Capable": false,"Relation Name": "lineitem","Alias": "lineitem_1","Startup Cost": 6044.13,"Total Cost": 122076.45,"Plan Rows": 235288,"Plan Width": 16,"Actual Startup Time": 49.284,"Actual Total Time": 665.852,"Actual Rows": 228512,"Actual Loops": 1,"Recheck Cond": "((l_shipdate >= '1993-03-01'::date) AND (l_shipdate < '1993-06-01 00:00:00'::timestamp without time zone))","Rows Removed by Index Recheck": 0,"Exact Heap Blocks": 66961,"Lossy Heap Blocks": 0,"Plans": [{"Node Type": "Bitmap Index Scan","Parent Relationship": "Outer","Parallel Aware": false,"Async Capable": false,"Index Name": "idx_lineitem_shipdate","Startup Cost": 0.00,"Total Cost": 5985.31,"Plan Rows": 235288,"Plan Width": 0,"Actual Startup Time": 35.887,"Actual Total Time": 35.889,"Actual Rows": 228512,"Actual Loops": 1,"Index Cond": "((l_shipdate >= '1993-03-01'::date) AND (l_shipdate < '1993-06-01 00:00:00'::timestamp without time zone))"}]}]}]},{"Node Type": "Index Scan","Parent Relationship": "Outer","Parallel Aware": false,"Async Capable": false,"Scan Direction": "Forward","Index Name": "supplier_pkey","Relation Name": "supplier","Alias": "supplier","Startup Cost": 0.29,"Total Cost": 495.43,"Plan Rows": 10000,"Plan Width": 71,"Actual Startup Time": 0.092,"Actual Total Time": 11.430,"Actual Rows": 7478,"Actual Loops": 1},{"Node Type": "Sort","Parent Relationship": "Inner","Parallel Aware": false,"Async Capable": false,"Startup Cost": 124581.35,"Total Cost": 124581.47,"Plan Rows": 50,"Plan Width": 36,"Actual Startup Time": 1917.596,"Actual Total Time": 1917.609,"Actual Rows": 1,"Actual Loops": 1,"Sort Key": ["revenue0.supplier_no"],"Sort Method": "quicksort","Sort Space Used": 25,"Sort Space Type": "Memory","Plans": [{"Node Type": "Subquery Scan","Parent Relationship": "Outer","Parallel Aware": false,"Async Capable": false,"Alias": "revenue0","Startup Cost": 124429.33,"Total Cost": 124579.94,"Plan Rows": 50,"Plan Width": 36,"Actual Startup Time": 1912.416,"Actual Total Time": 1917.562,"Actual Rows": 1,"Actual Loops": 1,"Plans": [{"Node Type": "Aggregate","Strategy": "Hashed","Partial Mode": "Simple","Parent Relationship": "Subquery","Parallel Aware": false,"Async Capable": false,"Startup Cost": 124429.33,"Total Cost": 124579.44,"Plan Rows": 50,"Plan Width": 36,"Actual Startup Time": 1912.411,"Actual Total Time": 1917.553,"Actual Rows": 1,"Actual Loops": 1,"Group Key": ["lineitem.l_suppkey"],"Filter": "(sum((lineitem.l_extendedprice * ('1'::numeric - lineitem.l_discount))) = $0)","Planned Partitions": 0,"HashAgg Batches": 1,"Peak Memory Usage": 4497,"Disk Usage": 0,"Rows Removed by Filter": 9999,"Plans": [{"Node Type": "Bitmap Heap Scan","Parent Relationship": "Outer","Parallel Aware": false,"Async Capable": false,"Relation Name": "lineitem","Alias": "lineitem","Startup Cost": 6044.13,"Total Cost": 122076.45,"Plan Rows": 235288,"Plan Width": 16,"Actual Startup Time": 49.634,"Actual Total Time": 880.645,"Actual Rows": 228512,"Actual Loops": 1,"Recheck Cond": "((l_shipdate >= '1993-03-01'::date) AND (l_shipdate < '1993-06-01 00:00:00'::timestamp without time zone))","Rows Removed by Index Recheck": 0,"Exact Heap Blocks": 66961,"Lossy Heap Blocks": 0,"Plans": [{"Node Type": "Bitmap Index Scan","Parent Relationship": "Outer","Parallel Aware": false,"Async Capable": false,"Index Name": "idx_lineitem_shipdate","Startup Cost": 0.00,"Total Cost": 5985.31,"Plan Rows": 235288,"Plan Width": 0,"Actual Startup Time": 36.198,"Actual Total Time": 36.201,"Actual Rows": 228512,"Actual Loops": 1,"Index Cond": "((l_shipdate >= '1993-03-01'::date) AND (l_shipdate < '1993-06-01 00:00:00'::timestamp without time zone))"}]}]}]}]}]},"Planning Time": 3.978,"Triggers": [],"Execution Time": 1932.775}]
[{"Plan": {"Node Type": "Merge Join","Parallel Aware": false,"Async Capable": false,"Join Type": "Inner","Startup Cost": 248397.34,"Total Cost": 248918.24,"Plan Rows": 50,"Plan Width": 103,"Actual Startup Time": 2132.561,"Actual Total Time": 2132.611,"Actual Rows": 1,"Actual Loops": 1,"Inner Unique": true,"Merge Cond": "(supplier.s_suppkey = revenue0.supplier_no)","Plans": [{"Node Type": "Aggregate","Strategy": "Plain","Partial Mode": "Simple","Parent Relationship": "InitPlan","Subplan Name": "InitPlan 1 (returns $0)","Parallel Aware": false,"Async Capable": false,"Startup Cost": 124247.60,"Total Cost": 124247.61,"Plan Rows": 1,"Plan Width": 32,"Actual Startup Time": 1004.511,"Actual Total Time": 1004.530,"Actual Rows": 1,"Actual Loops": 1,"Plans": [{"Node Type": "Aggregate","Strategy": "Hashed","Partial Mode": "Simple","Parent Relationship": "Outer","Parallel Aware": false,"Async Capable": false,"Startup Cost": 123997.43,"Total Cost": 124122.51,"Plan Rows": 10007,"Plan Width": 36,"Actual Startup Time": 997.133,"Actual Total Time": 1003.860,"Actual Rows": 10000,"Actual Loops": 1,"Group Key": ["lineitem_1.l_suppkey"],"Planned Partitions": 0,"HashAgg Batches": 1,"Peak Memory Usage": 4497,"Disk Usage": 0,"Plans": [{"Node Type": "Bitmap Heap Scan","Parent Relationship": "Outer","Parallel Aware": false,"Async Capable": false,"Relation Name": "lineitem","Alias": "lineitem_1","Startup Cost": 5824.93,"Total Cost": 121729.63,"Plan Rows": 226780,"Plan Width": 16,"Actual Startup Time": 65.404,"Actual Total Time": 789.488,"Actual Rows": 230659,"Actual Loops": 1,"Recheck Cond": "((l_shipdate >= '1995-07-01'::date) AND (l_shipdate < '1995-10-01 00:00:00'::timestamp without time zone))","Rows Removed by Index Recheck": 0,"Exact Heap Blocks": 67431,"Lossy Heap Blocks": 0,"Plans": [{"Node Type": "Bitmap Index Scan","Parent Relationship": "Outer","Parallel Aware": false,"Async Capable": false,"Index Name": "idx_lineitem_shipdate","Startup Cost": 0.00,"Total Cost": 5768.23,"Plan Rows": 226780,"Plan Width": 0,"Actual Startup Time": 51.481,"Actual Total Time": 51.496,"Actual Rows": 230659,"Actual Loops": 1,"Index Cond": "((l_shipdate >= '1995-07-01'::date) AND (l_shipdate < '1995-10-01 00:00:00'::timestamp without time zone))"}]}]}]},{"Node Type": "Index Scan","Parent Relationship": "Outer","Parallel Aware": false,"Async Capable": false,"Scan Direction": "Forward","Index Name": "supplier_pkey","Relation Name": "supplier","Alias": "supplier","Startup Cost": 0.29,"Total Cost": 495.43,"Plan Rows": 10000,"Plan Width": 71,"Actual Startup Time": 0.120,"Actual Total Time": 0.700,"Actual Rows": 264,"Actual Loops": 1},{"Node Type": "Sort","Parent Relationship": "Inner","Parallel Aware": false,"Async Capable": false,"Startup Cost": 124149.44,"Total Cost": 124149.57,"Plan Rows": 50,"Plan Width": 36,"Actual Startup Time": 2131.781,"Actual Total Time": 2131.792,"Actual Rows": 1,"Actual Loops": 1,"Sort Key": ["revenue0.supplier_no"],"Sort Method": "quicksort","Sort Space Used": 25,"Sort Space Type": "Memory","Plans": [{"Node Type": "Subquery Scan","Parent Relationship": "Outer","Parallel Aware": false,"Async Capable": false,"Alias": "revenue0","Startup Cost": 123997.43,"Total Cost": 124148.03,"Plan Rows": 50,"Plan Width": 36,"Actual Startup Time": 2129.290,"Actual Total Time": 2131.723,"Actual Rows": 1,"Actual Loops": 1,"Plans": [{"Node Type": "Aggregate","Strategy": "Hashed","Partial Mode": "Simple","Parent Relationship": "Subquery","Parallel Aware": false,"Async Capable": false,"Startup Cost": 123997.43,"Total Cost": 124147.53,"Plan Rows": 50,"Plan Width": 36,"Actual Startup Time": 2129.272,"Actual Total Time": 2131.683,"Actual Rows": 1,"Actual Loops": 1,"Group Key": ["lineitem.l_suppkey"],"Filter": "(sum((lineitem.l_extendedprice * ('1'::numeric - lineitem.l_discount))) = $0)","Planned Partitions": 0,"HashAgg Batches": 1,"Peak Memory Usage": 4497,"Disk Usage": 0,"Rows Removed by Filter": 9999,"Plans": [{"Node Type": "Bitmap Heap Scan","Parent Relationship": "Outer","Parallel Aware": false,"Async Capable": false,"Relation Name": "lineitem","Alias": "lineitem","Startup Cost": 5824.93,"Total Cost": 121729.63,"Plan Rows": 226780,"Plan Width": 16,"Actual Startup Time": 62.757,"Actual Total Time": 945.261,"Actual Rows": 230659,"Actual Loops": 1,"Recheck Cond": "((l_shipdate >= '1995-07-01'::date) AND (l_shipdate < '1995-10-01 00:00:00'::timestamp without time zone))","Rows Removed by Index Recheck": 0,"Exact Heap Blocks": 67431,"Lossy Heap Blocks": 0,"Plans": [{"Node Type": "Bitmap Index Scan","Parent Relationship": "Outer","Parallel Aware": false,"Async Capable": false,"Index Name": "idx_lineitem_shipdate","Startup Cost": 0.00,"Total Cost": 5768.23,"Plan Rows": 226780,"Plan Width": 0,"Actual Startup Time": 49.243,"Actual Total Time": 49.243,"Actual Rows": 230659,"Actual Loops": 1,"Index Cond": "((l_shipdate >= '1995-07-01'::date) AND (l_shipdate < '1995-10-01 00:00:00'::timestamp without time zone))"}]}]}]}]}]},"Planning Time": 3.858,"Triggers": [],"Execution Time": 2137.592}]
[{"Plan": {"Node Type": "Merge Join","Parallel Aware": false,"Async Capable": false,"Join Type": "Inner","Startup Cost": 248716.76,"Total Cost": 249237.66,"Plan Rows": 50,"Plan Width": 103,"Actual Startup Time": 1990.692,"Actual Total Time": 1990.747,"Actual Rows": 1,"Actual Loops": 1,"Inner Unique": true,"Merge Cond": "(supplier.s_suppkey = revenue0.supplier_no)","Plans": [{"Node Type": "Aggregate","Strategy": "Plain","Partial Mode": "Simple","Parent Relationship": "InitPlan","Subplan Name": "InitPlan 1 (returns $0)","Parallel Aware": false,"Async Capable": false,"Startup Cost": 124407.31,"Total Cost": 124407.32,"Plan Rows": 1,"Plan Width": 32,"Actual Startup Time": 912.658,"Actual Total Time": 912.682,"Actual Rows": 1,"Actual Loops": 1,"Plans": [{"Node Type": "Aggregate","Strategy": "Hashed","Partial Mode": "Simple","Parent Relationship": "Outer","Parallel Aware": false,"Async Capable": false,"Startup Cost": 124157.14,"Total Cost": 124282.22,"Plan Rows": 10007,"Plan Width": 36,"Actual Startup Time": 906.053,"Actual Total Time": 912.012,"Actual Rows": 10000,"Actual Loops": 1,"Group Key": ["lineitem_1.l_suppkey"],"Planned Partitions": 0,"HashAgg Batches": 1,"Peak Memory Usage": 4497,"Disk Usage": 0,"Plans": [{"Node Type": "Bitmap Heap Scan","Parent Relationship": "Outer","Parallel Aware": false,"Async Capable": false,"Relation Name": "lineitem","Alias": "lineitem_1","Startup Cost": 5905.41,"Total Cost": 121857.64,"Plan Rows": 229949,"Plan Width": 16,"Actual Startup Time": 50.167,"Actual Total Time": 694.084,"Actual Rows": 228979,"Actual Loops": 1,"Recheck Cond": "((l_shipdate >= '1995-04-01'::date) AND (l_shipdate < '1995-07-01 00:00:00'::timestamp without time zone))","Rows Removed by Index Recheck": 0,"Exact Heap Blocks": 67322,"Lossy Heap Blocks": 0,"Plans": [{"Node Type": "Bitmap Index Scan","Parent Relationship": "Outer","Parallel Aware": false,"Async Capable": false,"Index Name": "idx_lineitem_shipdate","Startup Cost": 0.00,"Total Cost": 5847.92,"Plan Rows": 229949,"Plan Width": 0,"Actual Startup Time": 36.579,"Actual Total Time": 36.594,"Actual Rows": 228979,"Actual Loops": 1,"Index Cond": "((l_shipdate >= '1995-04-01'::date) AND (l_shipdate < '1995-07-01 00:00:00'::timestamp without time zone))"}]}]}]},{"Node Type": "Index Scan","Parent Relationship": "Outer","Parallel Aware": false,"Async Capable": false,"Scan Direction": "Forward","Index Name": "supplier_pkey","Relation Name": "supplier","Alias": "supplier","Startup Cost": 0.29,"Total Cost": 495.43,"Plan Rows": 10000,"Plan Width": 71,"Actual Startup Time": 0.097,"Actual Total Time": 1.843,"Actual Rows": 983,"Actual Loops": 1},{"Node Type": "Sort","Parent Relationship": "Inner","Parallel Aware": false,"Async Capable": false,"Startup Cost": 124309.15,"Total Cost": 124309.28,"Plan Rows": 50,"Plan Width": 36,"Actual Startup Time": 1988.729,"Actual Total Time": 1988.742,"Actual Rows": 1,"Actual Loops": 1,"Sort Key": ["revenue0.supplier_no"],"Sort Method": "quicksort","Sort Space Used": 25,"Sort Space Type": "Memory","Plans": [{"Node Type": "Subquery Scan","Parent Relationship": "Outer","Parallel Aware": false,"Async Capable": false,"Alias": "revenue0","Startup Cost": 124157.14,"Total Cost": 124307.74,"Plan Rows": 50,"Plan Width": 36,"Actual Startup Time": 1987.287,"Actual Total Time": 1988.674,"Actual Rows": 1,"Actual Loops": 1,"Plans": [{"Node Type": "Aggregate","Strategy": "Hashed","Partial Mode": "Simple","Parent Relationship": "Subquery","Parallel Aware": false,"Async Capable": false,"Startup Cost": 124157.14,"Total Cost": 124307.24,"Plan Rows": 50,"Plan Width": 36,"Actual Startup Time": 1987.273,"Actual Total Time": 1988.637,"Actual Rows": 1,"Actual Loops": 1,"Group Key": ["lineitem.l_suppkey"],"Filter": "(sum((lineitem.l_extendedprice * ('1'::numeric - lineitem.l_discount))) = $0)","Planned Partitions": 0,"HashAgg Batches": 1,"Peak Memory Usage": 4497,"Disk Usage": 0,"Rows Removed by Filter": 9999,"Plans": [{"Node Type": "Bitmap Heap Scan","Parent Relationship": "Outer","Parallel Aware": false,"Async Capable": false,"Relation Name": "lineitem","Alias": "lineitem","Startup Cost": 5905.41,"Total Cost": 121857.64,"Plan Rows": 229949,"Plan Width": 16,"Actual Startup Time": 50.252,"Actual Total Time": 888.847,"Actual Rows": 228979,"Actual Loops": 1,"Recheck Cond": "((l_shipdate >= '1995-04-01'::date) AND (l_shipdate < '1995-07-01 00:00:00'::timestamp without time zone))","Rows Removed by Index Recheck": 0,"Exact Heap Blocks": 67322,"Lossy Heap Blocks": 0,"Plans": [{"Node Type": "Bitmap Index Scan","Parent Relationship": "Outer","Parallel Aware": false,"Async Capable": false,"Index Name": "idx_lineitem_shipdate","Startup Cost": 0.00,"Total Cost": 5847.92,"Plan Rows": 229949,"Plan Width": 0,"Actual Startup Time": 36.820,"Actual Total Time": 36.820,"Actual Rows": 228979,"Actual Loops": 1,"Index Cond": "((l_shipdate >= '1995-04-01'::date) AND (l_shipdate < '1995-07-01 00:00:00'::timestamp without time zone))"}]}]}]}]}]},"Planning Time": 4.044,"Triggers": [],"Execution Time": 1996.677}]
[{"Plan": {"Node Type": "Merge Join","Parallel Aware": false,"Async Capable": false,"Join Type": "Inner","Startup Cost": 250155.19,"Total Cost": 250676.08,"Plan Rows": 50,"Plan Width": 103,"Actual Startup Time": 2061.815,"Actual Total Time": 2061.857,"Actual Rows": 1,"Actual Loops": 1,"Inner Unique": true,"Merge Cond": "(supplier.s_suppkey = revenue0.supplier_no)","Plans": [{"Node Type": "Aggregate","Strategy": "Plain","Partial Mode": "Simple","Parent Relationship": "InitPlan","Subplan Name": "InitPlan 1 (returns $0)","Parallel Aware": false,"Async Capable": false,"Startup Cost": 125126.52,"Total Cost": 125126.53,"Plan Rows": 1,"Plan Width": 32,"Actual Startup Time": 936.426,"Actual Total Time": 936.443,"Actual Rows": 1,"Actual Loops": 1,"Plans": [{"Node Type": "Aggregate","Strategy": "Hashed","Partial Mode": "Simple","Parent Relationship": "Outer","Parallel Aware": false,"Async Capable": false,"Startup Cost": 124876.35,"Total Cost": 125001.44,"Plan Rows": 10007,"Plan Width": 36,"Actual Startup Time": 930.037,"Actual Total Time": 935.848,"Actual Rows": 10000,"Actual Loops": 1,"Group Key": ["lineitem_1.l_suppkey"],"Planned Partitions": 0,"HashAgg Batches": 1,"Peak Memory Usage": 4497,"Disk Usage": 0,"Plans": [{"Node Type": "Bitmap Heap Scan","Parent Relationship": "Outer","Parallel Aware": false,"Async Capable": false,"Relation Name": "lineitem","Alias": "lineitem_1","Startup Cost": 6270.57,"Total Cost": 122435.24,"Plan Rows": 244111,"Plan Width": 16,"Actual Startup Time": 59.534,"Actual Total Time": 784.112,"Actual Rows": 223684,"Actual Loops": 1,"Recheck Cond": "((l_shipdate >= '1995-02-01'::date) AND (l_shipdate < '1995-05-01 00:00:00'::timestamp without time zone))","Rows Removed by Index Recheck": 0,"Exact Heap Blocks": 66599,"Lossy Heap Blocks": 0,"Plans": [{"Node Type": "Bitmap Index Scan","Parent Relationship": "Outer","Parallel Aware": false,"Async Capable": false,"Index Name": "idx_lineitem_shipdate","Startup Cost": 0.00,"Total Cost": 6209.54,"Plan Rows": 244111,"Plan Width": 0,"Actual Startup Time": 45.558,"Actual Total Time": 45.563,"Actual Rows": 223684,"Actual Loops": 1,"Index Cond": "((l_shipdate >= '1995-02-01'::date) AND (l_shipdate < '1995-05-01 00:00:00'::timestamp without time zone))"}]}]}]},{"Node Type": "Index Scan","Parent Relationship": "Outer","Parallel Aware": false,"Async Capable": false,"Scan Direction": "Forward","Index Name": "supplier_pkey","Relation Name": "supplier","Alias": "supplier","Startup Cost": 0.29,"Total Cost": 495.43,"Plan Rows": 10000,"Plan Width": 71,"Actual Startup Time": 0.088,"Actual Total Time": 10.279,"Actual Rows": 5488,"Actual Loops": 1},{"Node Type": "Sort","Parent Relationship": "Inner","Parallel Aware": false,"Async Capable": false,"Startup Cost": 125028.37,"Total Cost": 125028.49,"Plan Rows": 50,"Plan Width": 36,"Actual Startup Time": 2051.201,"Actual Total Time": 2051.212,"Actual Rows": 1,"Actual Loops": 1,"Sort Key": ["revenue0.supplier_no"],"Sort Method": "quicksort","Sort Space Used": 25,"Sort Space Type": "Memory","Plans": [{"Node Type": "Subquery Scan","Parent Relationship": "Outer","Parallel Aware": false,"Async Capable": false,"Alias": "revenue0","Startup Cost": 124876.35,"Total Cost": 125026.95,"Plan Rows": 50,"Plan Width": 36,"Actual Startup Time": 2027.844,"Actual Total Time": 2051.166,"Actual Rows": 1,"Actual Loops": 1,"Plans": [{"Node Type": "Aggregate","Strategy": "Hashed","Partial Mode": "Simple","Parent Relationship": "Subquery","Parallel Aware": false,"Async Capable": false,"Startup Cost": 124876.35,"Total Cost": 125026.45,"Plan Rows": 50,"Plan Width": 36,"Actual Startup Time": 2027.836,"Actual Total Time": 2051.152,"Actual Rows": 1,"Actual Loops": 1,"Group Key": ["lineitem.l_suppkey"],"Filter": "(sum((lineitem.l_extendedprice * ('1'::numeric - lineitem.l_discount))) = $0)","Planned Partitions": 0,"HashAgg Batches": 1,"Peak Memory Usage": 4497,"Disk Usage": 0,"Rows Removed by Filter": 9999,"Plans": [{"Node Type": "Bitmap Heap Scan","Parent Relationship": "Outer","Parallel Aware": false,"Async Capable": false,"Relation Name": "lineitem","Alias": "lineitem","Startup Cost": 6270.57,"Total Cost": 122435.24,"Plan Rows": 244111,"Plan Width": 16,"Actual Startup Time": 52.140,"Actual Total Time": 922.158,"Actual Rows": 223684,"Actual Loops": 1,"Recheck Cond": "((l_shipdate >= '1995-02-01'::date) AND (l_shipdate < '1995-05-01 00:00:00'::timestamp without time zone))","Rows Removed by Index Recheck": 0,"Exact Heap Blocks": 66599,"Lossy Heap Blocks": 0,"Plans": [{"Node Type": "Bitmap Index Scan","Parent Relationship": "Outer","Parallel Aware": false,"Async Capable": false,"Index Name": "idx_lineitem_shipdate","Startup Cost": 0.00,"Total Cost": 6209.54,"Plan Rows": 244111,"Plan Width": 0,"Actual Startup Time": 38.741,"Actual Total Time": 38.742,"Actual Rows": 223684,"Actual Loops": 1,"Index Cond": "((l_shipdate >= '1995-02-01'::date) AND (l_shipdate < '1995-05-01 00:00:00'::timestamp without time zone))"}]}]}]}]}]},"Planning Time": 5.160,"Triggers": [],"Execution Time": 2066.653}]
[{"Plan": {"Node Type": "Merge Join","Parallel Aware": false,"Async Capable": false,"Join Type": "Inner","Startup Cost": 249129.82,"Total Cost": 249650.72,"Plan Rows": 50,"Plan Width": 103,"Actual Startup Time": 2040.373,"Actual Total Time": 2040.424,"Actual Rows": 1,"Actual Loops": 1,"Inner Unique": true,"Merge Cond": "(supplier.s_suppkey = revenue0.supplier_no)","Plans": [{"Node Type": "Aggregate","Strategy": "Plain","Partial Mode": "Simple","Parent Relationship": "InitPlan","Subplan Name": "InitPlan 1 (returns $0)","Parallel Aware": false,"Async Capable": false,"Startup Cost": 124613.84,"Total Cost": 124613.85,"Plan Rows": 1,"Plan Width": 32,"Actual Startup Time": 918.752,"Actual Total Time": 918.766,"Actual Rows": 1,"Actual Loops": 1,"Plans": [{"Node Type": "Aggregate","Strategy": "Hashed","Partial Mode": "Simple","Parent Relationship": "Outer","Parallel Aware": false,"Async Capable": false,"Startup Cost": 124363.67,"Total Cost": 124488.76,"Plan Rows": 10007,"Plan Width": 36,"Actual Startup Time": 912.515,"Actual Total Time": 918.159,"Actual Rows": 10000,"Actual Loops": 1,"Group Key": ["lineitem_1.l_suppkey"],"Planned Partitions": 0,"HashAgg Batches": 1,"Peak Memory Usage": 4497,"Disk Usage": 0,"Plans": [{"Node Type": "Bitmap Heap Scan","Parent Relationship": "Outer","Parallel Aware": false,"Async Capable": false,"Relation Name": "lineitem","Alias": "lineitem_1","Startup Cost": 5613.44,"Total Cost": 122177.32,"Plan Rows": 218635,"Plan Width": 16,"Actual Startup Time": 56.617,"Actual Total Time": 768.840,"Actual Rows": 222109,"Actual Loops": 1,"Recheck Cond": "((l_shipdate >= '1993-02-01'::date) AND (l_shipdate < '1993-05-01 00:00:00'::timestamp without time zone))","Rows Removed by Index Recheck": 0,"Exact Heap Blocks": 66260,"Lossy Heap Blocks": 0,"Plans": [{"Node Type": "Bitmap Index Scan","Parent Relationship": "Outer","Parallel Aware": false,"Async Capable": false,"Index Name": "idx_lineitem_shipdate","Startup Cost": 0.00,"Total Cost": 5558.78,"Plan Rows": 218635,"Plan Width": 0,"Actual Startup Time": 43.062,"Actual Total Time": 43.067,"Actual Rows": 222109,"Actual Loops": 1,"Index Cond": "((l_shipdate >= '1993-02-01'::date) AND (l_shipdate < '1993-05-01 00:00:00'::timestamp without time zone))"}]}]}]},{"Node Type": "Index Scan","Parent Relationship": "Outer","Parallel Aware": false,"Async Capable": false,"Scan Direction": "Forward","Index Name": "supplier_pkey","Relation Name": "supplier","Alias": "supplier","Startup Cost": 0.29,"Total Cost": 495.43,"Plan Rows": 10000,"Plan Width": 71,"Actual Startup Time": 0.102,"Actual Total Time": 14.495,"Actual Rows": 9462,"Actual Loops": 1},{"Node Type": "Sort","Parent Relationship": "Inner","Parallel Aware": false,"Async Capable": false,"Startup Cost": 124515.68,"Total Cost": 124515.81,"Plan Rows": 50,"Plan Width": 36,"Actual Startup Time": 2025.337,"Actual Total Time": 2025.356,"Actual Rows": 1,"Actual Loops": 1,"Sort Key": ["revenue0.supplier_no"],"Sort Method": "quicksort","Sort Space Used": 25,"Sort Space Type": "Memory","Plans": [{"Node Type": "Subquery Scan","Parent Relationship": "Outer","Parallel Aware": false,"Async Capable": false,"Alias": "revenue0","Startup Cost": 124363.67,"Total Cost": 124514.27,"Plan Rows": 50,"Plan Width": 36,"Actual Startup Time": 2023.327,"Actual Total Time": 2025.299,"Actual Rows": 1,"Actual Loops": 1,"Plans": [{"Node Type": "Aggregate","Strategy": "Hashed","Partial Mode": "Simple","Parent Relationship": "Subquery","Parallel Aware": false,"Async Capable": false,"Startup Cost": 124363.67,"Total Cost": 124513.77,"Plan Rows": 50,"Plan Width": 36,"Actual Startup Time": 2023.320,"Actual Total Time": 2025.281,"Actual Rows": 1,"Actual Loops": 1,"Group Key": ["lineitem.l_suppkey"],"Filter": "(sum((lineitem.l_extendedprice * ('1'::numeric - lineitem.l_discount))) = $0)","Planned Partitions": 0,"HashAgg Batches": 1,"Peak Memory Usage": 4497,"Disk Usage": 0,"Rows Removed by Filter": 9999,"Plans": [{"Node Type": "Bitmap Heap Scan","Parent Relationship": "Outer","Parallel Aware": false,"Async Capable": false,"Relation Name": "lineitem","Alias": "lineitem","Startup Cost": 5613.44,"Total Cost": 122177.32,"Plan Rows": 218635,"Plan Width": 16,"Actual Startup Time": 53.952,"Actual Total Time": 912.955,"Actual Rows": 222109,"Actual Loops": 1,"Recheck Cond": "((l_shipdate >= '1993-02-01'::date) AND (l_shipdate < '1993-05-01 00:00:00'::timestamp without time zone))","Rows Removed by Index Recheck": 0,"Exact Heap Blocks": 66260,"Lossy Heap Blocks": 0,"Plans": [{"Node Type": "Bitmap Index Scan","Parent Relationship": "Outer","Parallel Aware": false,"Async Capable": false,"Index Name": "idx_lineitem_shipdate","Startup Cost": 0.00,"Total Cost": 5558.78,"Plan Rows": 218635,"Plan Width": 0,"Actual Startup Time": 40.555,"Actual Total Time": 40.556,"Actual Rows": 222109,"Actual Loops": 1,"Index Cond": "((l_shipdate >= '1993-02-01'::date) AND (l_shipdate < '1993-05-01 00:00:00'::timestamp without time zone))"}]}]}]}]}]},"Planning Time": 4.191,"Triggers": [],"Execution Time": 2046.034}]
[{"Plan": {"Node Type": "Merge Join","Parallel Aware": false,"Async Capable": false,"Join Type": "Inner","Startup Cost": 249457.74,"Total Cost": 249978.63,"Plan Rows": 50,"Plan Width": 103,"Actual Startup Time": 2127.109,"Actual Total Time": 2127.171,"Actual Rows": 1,"Actual Loops": 1,"Inner Unique": true,"Merge Cond": "(supplier.s_suppkey = revenue0.supplier_no)","Plans": [{"Node Type": "Aggregate","Strategy": "Plain","Partial Mode": "Simple","Parent Relationship": "InitPlan","Subplan Name": "InitPlan 1 (returns $0)","Parallel Aware": false,"Async Capable": false,"Startup Cost": 124777.80,"Total Cost": 124777.81,"Plan Rows": 1,"Plan Width": 32,"Actual Startup Time": 997.906,"Actual Total Time": 997.926,"Actual Rows": 1,"Actual Loops": 1,"Plans": [{"Node Type": "Aggregate","Strategy": "Hashed","Partial Mode": "Simple","Parent Relationship": "Outer","Parallel Aware": false,"Async Capable": false,"Startup Cost": 124527.62,"Total Cost": 124652.71,"Plan Rows": 10007,"Plan Width": 36,"Actual Startup Time": 989.617,"Actual Total Time": 997.244,"Actual Rows": 10000,"Actual Loops": 1,"Group Key": ["lineitem_1.l_suppkey"],"Planned Partitions": 0,"HashAgg Batches": 1,"Peak Memory Usage": 4497,"Disk Usage": 0,"Plans": [{"Node Type": "Bitmap Heap Scan","Parent Relationship": "Outer","Parallel Aware": false,"Async Capable": false,"Relation Name": "lineitem","Alias": "lineitem_1","Startup Cost": 6092.57,"Total Cost": 122154.80,"Plan Rows": 237282,"Plan Width": 16,"Actual Startup Time": 59.269,"Actual Total Time": 782.096,"Actual Rows": 230274,"Actual Loops": 1,"Recheck Cond": "((l_shipdate >= '1997-07-01'::date) AND (l_shipdate < '1997-10-01 00:00:00'::timestamp without time zone))","Rows Removed by Index Recheck": 0,"Exact Heap Blocks": 67274,"Lossy Heap Blocks": 0,"Plans": [{"Node Type": "Bitmap Index Scan","Parent Relationship": "Outer","Parallel Aware": false,"Async Capable": false,"Index Name": "idx_lineitem_shipdate","Startup Cost": 0.00,"Total Cost": 6033.25,"Plan Rows": 237282,"Plan Width": 0,"Actual Startup Time": 45.354,"Actual Total Time": 45.368,"Actual Rows": 230274,"Actual Loops": 1,"Index Cond": "((l_shipdate >= '1997-07-01'::date) AND (l_shipdate < '1997-10-01 00:00:00'::timestamp without time zone))"}]}]}]},{"Node Type": "Index Scan","Parent Relationship": "Outer","Parallel Aware": false,"Async Capable": false,"Scan Direction": "Forward","Index Name": "supplier_pkey","Relation Name": "supplier","Alias": "supplier","Startup Cost": 0.29,"Total Cost": 495.43,"Plan Rows": 10000,"Plan Width": 71,"Actual Startup Time": 0.082,"Actual Total Time": 9.953,"Actual Rows": 5903,"Actual Loops": 1},{"Node Type": "Sort","Parent Relationship": "Inner","Parallel Aware": false,"Async Capable": false,"Startup Cost": 124679.64,"Total Cost": 124679.77,"Plan Rows": 50,"Plan Width": 36,"Actual Startup Time": 2116.784,"Actual Total Time": 2116.821,"Actual Rows": 1,"Actual Loops": 1,"Sort Key": ["revenue0.supplier_no"],"Sort Method": "quicksort","Sort Space Used": 25,"Sort Space Type": "Memory","Plans": [{"Node Type": "Subquery Scan","Parent Relationship": "Outer","Parallel Aware": false,"Async Capable": false,"Alias": "revenue0","Startup Cost": 124527.62,"Total Cost": 124678.23,"Plan Rows": 50,"Plan Width": 36,"Actual Startup Time": 2113.870,"Actual Total Time": 2116.736,"Actual Rows": 1,"Actual Loops": 1,"Plans": [{"Node Type": "Aggregate","Strategy": "Hashed","Partial Mode": "Simple","Parent Relationship": "Subquery","Parallel Aware": false,"Async Capable": false,"Startup Cost": 124527.62,"Total Cost": 124677.73,"Plan Rows": 50,"Plan Width": 36,"Actual Startup Time": 2113.854,"Actual Total Time": 2116.701,"Actual Rows": 1,"Actual Loops": 1,"Group Key": ["lineitem.l_suppkey"],"Filter": "(sum((lineitem.l_extendedprice * ('1'::numeric - lineitem.l_discount))) = $0)","Planned Partitions": 0,"HashAgg Batches": 1,"Peak Memory Usage": 4497,"Disk Usage": 0,"Rows Removed by Filter": 9999,"Plans": [{"Node Type": "Bitmap Heap Scan","Parent Relationship": "Outer","Parallel Aware": false,"Async Capable": false,"Relation Name": "lineitem","Alias": "lineitem","Startup Cost": 6092.57,"Total Cost": 122154.80,"Plan Rows": 237282,"Plan Width": 16,"Actual Startup Time": 54.610,"Actual Total Time": 936.260,"Actual Rows": 230274,"Actual Loops": 1,"Recheck Cond": "((l_shipdate >= '1997-07-01'::date) AND (l_shipdate < '1997-10-01 00:00:00'::timestamp without time zone))","Rows Removed by Index Recheck": 0,"Exact Heap Blocks": 67274,"Lossy Heap Blocks": 0,"Plans": [{"Node Type": "Bitmap Index Scan","Parent Relationship": "Outer","Parallel Aware": false,"Async Capable": false,"Index Name": "idx_lineitem_shipdate","Startup Cost": 0.00,"Total Cost": 6033.25,"Plan Rows": 237282,"Plan Width": 0,"Actual Startup Time": 40.982,"Actual Total Time": 41.009,"Actual Rows": 230274,"Actual Loops": 1,"Index Cond": "((l_shipdate >= '1997-07-01'::date) AND (l_shipdate < '1997-10-01 00:00:00'::timestamp without time zone))"}]}]}]}]}]},"Planning Time": 4.364,"Triggers": [],"Execution Time": 2132.001}]
[{"Plan": {"Node Type": "Merge Join","Parallel Aware": false,"Async Capable": false,"Join Type": "Inner","Startup Cost": 249160.41,"Total Cost": 249681.31,"Plan Rows": 50,"Plan Width": 103,"Actual Startup Time": 2073.279,"Actual Total Time": 2073.319,"Actual Rows": 1,"Actual Loops": 1,"Inner Unique": true,"Merge Cond": "(supplier.s_suppkey = revenue0.supplier_no)","Plans": [{"Node Type": "Aggregate","Strategy": "Plain","Partial Mode": "Simple","Parent Relationship": "InitPlan","Subplan Name": "InitPlan 1 (returns $0)","Parallel Aware": false,"Async Capable": false,"Startup Cost": 124629.14,"Total Cost": 124629.15,"Plan Rows": 1,"Plan Width": 32,"Actual Startup Time": 939.006,"Actual Total Time": 939.018,"Actual Rows": 1,"Actual Loops": 1,"Plans": [{"Node Type": "Aggregate","Strategy": "Hashed","Partial Mode": "Simple","Parent Relationship": "Outer","Parallel Aware": false,"Async Capable": false,"Startup Cost": 124378.96,"Total Cost": 124504.05,"Plan Rows": 10007,"Plan Width": 36,"Actual Startup Time": 931.108,"Actual Total Time": 938.419,"Actual Rows": 10000,"Actual Loops": 1,"Group Key": ["lineitem_1.l_suppkey"],"Planned Partitions": 0,"HashAgg Batches": 1,"Peak Memory Usage": 4497,"Disk Usage": 0,"Plans": [{"Node Type": "Bitmap Heap Scan","Parent Relationship": "Outer","Parallel Aware": false,"Async Capable": false,"Relation Name": "lineitem","Alias": "lineitem_1","Startup Cost": 6018.14,"Total Cost": 122035.84,"Plan Rows": 234313,"Plan Width": 16,"Actual Startup Time": 52.989,"Actual Total Time": 776.177,"Actual Rows": 229123,"Actual Loops": 1,"Recheck Cond": "((l_shipdate >= '1994-11-01'::date) AND (l_shipdate < '1995-02-01 00:00:00'::timestamp without time zone))","Rows Removed by Index Recheck": 0,"Exact Heap Blocks": 67216,"Lossy Heap Blocks": 0,"Plans": [{"Node Type": "Bitmap Index Scan","Parent Relationship": "Outer","Parallel Aware": false,"Async Capable": false,"Index Name": "idx_lineitem_shipdate","Startup Cost": 0.00,"Total Cost": 5959.56,"Plan Rows": 234313,"Plan Width": 0,"Actual Startup Time": 39.328,"Actual Total Time": 39.335,"Actual Rows": 229123,"Actual Loops": 1,"Index Cond": "((l_shipdate >= '1994-11-01'::date) AND (l_shipdate < '1995-02-01 00:00:00'::timestamp without time zone))"}]}]}]},{"Node Type": "Index Scan","Parent Relationship": "Outer","Parallel Aware": false,"Async Capable": false,"Scan Direction": "Forward","Index Name": "supplier_pkey","Relation Name": "supplier","Alias": "supplier","Startup Cost": 0.29,"Total Cost": 495.43,"Plan Rows": 10000,"Plan Width": 71,"Actual Startup Time": 0.068,"Actual Total Time": 3.400,"Actual Rows": 1942,"Actual Loops": 1},{"Node Type": "Sort","Parent Relationship": "Inner","Parallel Aware": false,"Async Capable": false,"Startup Cost": 124530.98,"Total Cost": 124531.10,"Plan Rows": 50,"Plan Width": 36,"Actual Startup Time": 2069.742,"Actual Total Time": 2069.754,"Actual Rows": 1,"Actual Loops": 1,"Sort Key": ["revenue0.supplier_no"],"Sort Method": "quicksort","Sort Space Used": 25,"Sort Space Type": "Memory","Plans": [{"Node Type": "Subquery Scan","Parent Relationship": "Outer","Parallel Aware": false,"Async Capable": false,"Alias": "revenue0","Startup Cost": 124378.96,"Total Cost": 124529.57,"Plan Rows": 50,"Plan Width": 36,"Actual Startup Time": 2038.680,"Actual Total Time": 2069.702,"Actual Rows": 1,"Actual Loops": 1,"Plans": [{"Node Type": "Aggregate","Strategy": "Hashed","Partial Mode": "Simple","Parent Relationship": "Subquery","Parallel Aware": false,"Async Capable": false,"Startup Cost": 124378.96,"Total Cost": 124529.07,"Plan Rows": 50,"Plan Width": 36,"Actual Startup Time": 2038.671,"Actual Total Time": 2069.682,"Actual Rows": 1,"Actual Loops": 1,"Group Key": ["lineitem.l_suppkey"],"Filter": "(sum((lineitem.l_extendedprice * ('1'::numeric - lineitem.l_discount))) = $0)","Planned Partitions": 0,"HashAgg Batches": 1,"Peak Memory Usage": 4497,"Disk Usage": 0,"Rows Removed by Filter": 9999,"Plans": [{"Node Type": "Bitmap Heap Scan","Parent Relationship": "Outer","Parallel Aware": false,"Async Capable": false,"Relation Name": "lineitem","Alias": "lineitem","Startup Cost": 6018.14,"Total Cost": 122035.84,"Plan Rows": 234313,"Plan Width": 16,"Actual Startup Time": 55.954,"Actual Total Time": 934.360,"Actual Rows": 229123,"Actual Loops": 1,"Recheck Cond": "((l_shipdate >= '1994-11-01'::date) AND (l_shipdate < '1995-02-01 00:00:00'::timestamp without time zone))","Rows Removed by Index Recheck": 0,"Exact Heap Blocks": 67216,"Lossy Heap Blocks": 0,"Plans": [{"Node Type": "Bitmap Index Scan","Parent Relationship": "Outer","Parallel Aware": false,"Async Capable": false,"Index Name": "idx_lineitem_shipdate","Startup Cost": 0.00,"Total Cost": 5959.56,"Plan Rows": 234313,"Plan Width": 0,"Actual Startup Time": 42.235,"Actual Total Time": 42.239,"Actual Rows": 229123,"Actual Loops": 1,"Index Cond": "((l_shipdate >= '1994-11-01'::date) AND (l_shipdate < '1995-02-01 00:00:00'::timestamp without time zone))"}]}]}]}]}]},"Planning Time": 5.241,"Triggers": [],"Execution Time": 2077.503}]
[{"Plan": {"Node Type": "Merge Join","Parallel Aware": false,"Async Capable": false,"Join Type": "Inner","Startup Cost": 249457.74,"Total Cost": 249978.63,"Plan Rows": 50,"Plan Width": 103,"Actual Startup Time": 2127.109,"Actual Total Time": 2127.171,"Actual Rows": 1,"Actual Loops": 1,"Inner Unique": true,"Merge Cond": "(supplier.s_suppkey = revenue0.supplier_no)","Plans": [{"Node Type": "Aggregate","Strategy": "Plain","Partial Mode": "Simple","Parent Relationship": "InitPlan","Subplan Name": "InitPlan 1 (returns $0)","Parallel Aware": false,"Async Capable": false,"Startup Cost": 124777.80,"Total Cost": 124777.81,"Plan Rows": 1,"Plan Width": 32,"Actual Startup Time": 997.906,"Actual Total Time": 997.926,"Actual Rows": 1,"Actual Loops": 1,"Plans": [{"Node Type": "Aggregate","Strategy": "Hashed","Partial Mode": "Simple","Parent Relationship": "Outer","Parallel Aware": false,"Async Capable": false,"Startup Cost": 124527.62,"Total Cost": 124652.71,"Plan Rows": 10007,"Plan Width": 36,"Actual Startup Time": 989.617,"Actual Total Time": 997.244,"Actual Rows": 10000,"Actual Loops": 1,"Group Key": ["lineitem_1.l_suppkey"],"Planned Partitions": 0,"HashAgg Batches": 1,"Peak Memory Usage": 4497,"Disk Usage": 0,"Plans": [{"Node Type": "Bitmap Heap Scan","Parent Relationship": "Outer","Parallel Aware": false,"Async Capable": false,"Relation Name": "lineitem","Alias": "lineitem_1","Startup Cost": 6092.57,"Total Cost": 122154.80,"Plan Rows": 237282,"Plan Width": 16,"Actual Startup Time": 59.269,"Actual Total Time": 782.096,"Actual Rows": 230274,"Actual Loops": 1,"Recheck Cond": "((l_shipdate >= '1997-07-01'::date) AND (l_shipdate < '1997-10-01 00:00:00'::timestamp without time zone))","Rows Removed by Index Recheck": 0,"Exact Heap Blocks": 67274,"Lossy Heap Blocks": 0,"Plans": [{"Node Type": "Bitmap Index Scan","Parent Relationship": "Outer","Parallel Aware": false,"Async Capable": false,"Index Name": "idx_lineitem_shipdate","Startup Cost": 0.00,"Total Cost": 6033.25,"Plan Rows": 237282,"Plan Width": 0,"Actual Startup Time": 45.354,"Actual Total Time": 45.368,"Actual Rows": 230274,"Actual Loops": 1,"Index Cond": "((l_shipdate >= '1997-07-01'::date) AND (l_shipdate < '1997-10-01 00:00:00'::timestamp without time zone))"}]}]}]},{"Node Type": "Index Scan","Parent Relationship": "Outer","Parallel Aware": false,"Async Capable": false,"Scan Direction": "Forward","Index Name": "supplier_pkey","Relation Name": "supplier","Alias": "supplier","Startup Cost": 0.29,"Total Cost": 495.43,"Plan Rows": 10000,"Plan Width": 71,"Actual Startup Time": 0.082,"Actual Total Time": 9.953,"Actual Rows": 5903,"Actual Loops": 1},{"Node Type": "Sort","Parent Relationship": "Inner","Parallel Aware": false,"Async Capable": false,"Startup Cost": 124679.64,"Total Cost": 124679.77,"Plan Rows": 50,"Plan Width": 36,"Actual Startup Time": 2116.784,"Actual Total Time": 2116.821,"Actual Rows": 1,"Actual Loops": 1,"Sort Key": ["revenue0.supplier_no"],"Sort Method": "quicksort","Sort Space Used": 25,"Sort Space Type": "Memory","Plans": [{"Node Type": "Subquery Scan","Parent Relationship": "Outer","Parallel Aware": false,"Async Capable": false,"Alias": "revenue0","Startup Cost": 124527.62,"Total Cost": 124678.23,"Plan Rows": 50,"Plan Width": 36,"Actual Startup Time": 2113.870,"Actual Total Time": 2116.736,"Actual Rows": 1,"Actual Loops": 1,"Plans": [{"Node Type": "Aggregate","Strategy": "Hashed","Partial Mode": "Simple","Parent Relationship": "Subquery","Parallel Aware": false,"Async Capable": false,"Startup Cost": 124527.62,"Total Cost": 124677.73,"Plan Rows": 50,"Plan Width": 36,"Actual Startup Time": 2113.854,"Actual Total Time": 2116.701,"Actual Rows": 1,"Actual Loops": 1,"Group Key": ["lineitem.l_suppkey"],"Filter": "(sum((lineitem.l_extendedprice * ('1'::numeric - lineitem.l_discount))) = $0)","Planned Partitions": 0,"HashAgg Batches": 1,"Peak Memory Usage": 4497,"Disk Usage": 0,"Rows Removed by Filter": 9999,"Plans": [{"Node Type": "Bitmap Heap Scan","Parent Relationship": "Outer","Parallel Aware": false,"Async Capable": false,"Relation Name": "lineitem","Alias": "lineitem","Startup Cost": 6092.57,"Total Cost": 122154.80,"Plan Rows": 237282,"Plan Width": 16,"Actual Startup Time": 54.610,"Actual Total Time": 936.260,"Actual Rows": 230274,"Actual Loops": 1,"Recheck Cond": "((l_shipdate >= '1997-07-01'::date) AND (l_shipdate < '1997-10-01 00:00:00'::timestamp without time zone))","Rows Removed by Index Recheck": 0,"Exact Heap Blocks": 67274,"Lossy Heap Blocks": 0,"Plans": [{"Node Type": "Bitmap Index Scan","Parent Relationship": "Outer","Parallel Aware": false,"Async Capable": false,"Index Name": "idx_lineitem_shipdate","Startup Cost": 0.00,"Total Cost": 6033.25,"Plan Rows": 237282,"Plan Width": 0,"Actual Startup Time": 40.982,"Actual Total Time": 41.009,"Actual Rows": 230274,"Actual Loops": 1,"Index Cond": "((l_shipdate >= '1997-07-01'::date) AND (l_shipdate < '1997-10-01 00:00:00'::timestamp without time zone))"}]}]}]}]}]},"Planning Time": 4.364,"Triggers": [],"Execution Time": 2132.001}]
[{"Plan": {"Node Type": "Merge Join","Parallel Aware": false,"Async Capable": false,"Join Type": "Inner","Startup Cost": 248524.21,"Total Cost": 249045.10,"Plan Rows": 50,"Plan Width": 103,"Actual Startup Time": 2079.423,"Actual Total Time": 2079.492,"Actual Rows": 1,"Actual Loops": 1,"Inner Unique": true,"Merge Cond": "(supplier.s_suppkey = revenue0.supplier_no)","Plans": [{"Node Type": "Aggregate","Strategy": "Plain","Partial Mode": "Simple","Parent Relationship": "InitPlan","Subplan Name": "InitPlan 1 (returns $0)","Parallel Aware": false,"Async Capable": false,"Startup Cost": 124311.04,"Total Cost": 124311.05,"Plan Rows": 1,"Plan Width": 32,"Actual Startup Time": 980.693,"Actual Total Time": 980.722,"Actual Rows": 1,"Actual Loops": 1,"Plans": [{"Node Type": "Aggregate","Strategy": "Hashed","Partial Mode": "Simple","Parent Relationship": "Outer","Parallel Aware": false,"Async Capable": false,"Startup Cost": 124060.86,"Total Cost": 124185.95,"Plan Rows": 10007,"Plan Width": 36,"Actual Startup Time": 972.593,"Actual Total Time": 980.068,"Actual Rows": 10000,"Actual Loops": 1,"Group Key": ["lineitem_1.l_suppkey"],"Planned Partitions": 0,"HashAgg Batches": 1,"Peak Memory Usage": 4497,"Disk Usage": 0,"Plans": [{"Node Type": "Bitmap Heap Scan","Parent Relationship": "Outer","Parallel Aware": false,"Async Capable": false,"Relation Name": "lineitem","Alias": "lineitem_1","Startup Cost": 5725.29,"Total Cost": 121831.73,"Plan Rows": 222913,"Plan Width": 16,"Actual Startup Time": 57.312,"Actual Total Time": 766.290,"Actual Rows": 222566,"Actual Loops": 1,"Recheck Cond": "((l_shipdate >= '1994-02-01'::date) AND (l_shipdate < '1994-05-01 00:00:00'::timestamp without time zone))","Rows Removed by Index Recheck": 0,"Exact Heap Blocks": 66315,"Lossy Heap Blocks": 0,"Plans": [{"Node Type": "Bitmap Index Scan","Parent Relationship": "Outer","Parallel Aware": false,"Async Capable": false,"Index Name": "idx_lineitem_shipdate","Startup Cost": 0.00,"Total Cost": 5669.56,"Plan Rows": 222913,"Plan Width": 0,"Actual Startup Time": 43.664,"Actual Total Time": 43.688,"Actual Rows": 222566,"Actual Loops": 1,"Index Cond": "((l_shipdate >= '1994-02-01'::date) AND (l_shipdate < '1994-05-01 00:00:00'::timestamp without time zone))"}]}]}]},{"Node Type": "Index Scan","Parent Relationship": "Outer","Parallel Aware": false,"Async Capable": false,"Scan Direction": "Forward","Index Name": "supplier_pkey","Relation Name": "supplier","Alias": "supplier","Startup Cost": 0.29,"Total Cost": 495.43,"Plan Rows": 10000,"Plan Width": 71,"Actual Startup Time": 0.097,"Actual Total Time": 2.547,"Actual Rows": 1344,"Actual Loops": 1},{"Node Type": "Sort","Parent Relationship": "Inner","Parallel Aware": false,"Async Capable": false,"Startup Cost": 124212.88,"Total Cost": 124213.00,"Plan Rows": 50,"Plan Width": 36,"Actual Startup Time": 2076.735,"Actual Total Time": 2076.768,"Actual Rows": 1,"Actual Loops": 1,"Sort Key": ["revenue0.supplier_no"],"Sort Method": "quicksort","Sort Space Used": 25,"Sort Space Type": "Memory","Plans": [{"Node Type": "Subquery Scan","Parent Relationship": "Outer","Parallel Aware": false,"Async Capable": false,"Alias": "revenue0","Startup Cost": 124060.86,"Total Cost": 124211.47,"Plan Rows": 50,"Plan Width": 36,"Actual Startup Time": 2071.927,"Actual Total Time": 2076.661,"Actual Rows": 1,"Actual Loops": 1,"Plans": [{"Node Type": "Aggregate","Strategy": "Hashed","Partial Mode": "Simple","Parent Relationship": "Subquery","Parallel Aware": false,"Async Capable": false,"Startup Cost": 124060.86,"Total Cost": 124210.97,"Plan Rows": 50,"Plan Width": 36,"Actual Startup Time": 2071.917,"Actual Total Time": 2076.627,"Actual Rows": 1,"Actual Loops": 1,"Group Key": ["lineitem.l_suppkey"],"Filter": "(sum((lineitem.l_extendedprice * ('1'::numeric - lineitem.l_discount))) = $0)","Planned Partitions": 0,"HashAgg Batches": 1,"Peak Memory Usage": 4497,"Disk Usage": 0,"Rows Removed by Filter": 9999,"Plans": [{"Node Type": "Bitmap Heap Scan","Parent Relationship": "Outer","Parallel Aware": false,"Async Capable": false,"Relation Name": "lineitem","Alias": "lineitem","Startup Cost": 5725.29,"Total Cost": 121831.73,"Plan Rows": 222913,"Plan Width": 16,"Actual Startup Time": 54.472,"Actual Total Time": 918.417,"Actual Rows": 222566,"Actual Loops": 1,"Recheck Cond": "((l_shipdate >= '1994-02-01'::date) AND (l_shipdate < '1994-05-01 00:00:00'::timestamp without time zone))","Rows Removed by Index Recheck": 0,"Exact Heap Blocks": 66315,"Lossy Heap Blocks": 0,"Plans": [{"Node Type": "Bitmap Index Scan","Parent Relationship": "Outer","Parallel Aware": false,"Async Capable": false,"Index Name": "idx_lineitem_shipdate","Startup Cost": 0.00,"Total Cost": 5669.56,"Plan Rows": 222913,"Plan Width": 0,"Actual Startup Time": 40.835,"Actual Total Time": 40.850,"Actual Rows": 222566,"Actual Loops": 1,"Index Cond": "((l_shipdate >= '1994-02-01'::date) AND (l_shipdate < '1994-05-01 00:00:00'::timestamp without time zone))"}]}]}]}]}]},"Planning Time": 4.834,"Triggers": [],"Execution Time": 2084.411}]
[{"Plan": {"Node Type": "Merge Join","Parallel Aware": false,"Async Capable": false,"Join Type": "Inner","Startup Cost": 249261.15,"Total Cost": 249782.05,"Plan Rows": 50,"Plan Width": 103,"Actual Startup Time": 1929.470,"Actual Total Time": 1929.497,"Actual Rows": 1,"Actual Loops": 1,"Inner Unique": true,"Merge Cond": "(supplier.s_suppkey = revenue0.supplier_no)","Plans": [{"Node Type": "Aggregate","Strategy": "Plain","Partial Mode": "Simple","Parent Relationship": "InitPlan","Subplan Name": "InitPlan 1 (returns $0)","Parallel Aware": false,"Async Capable": false,"Startup Cost": 124679.51,"Total Cost": 124679.52,"Plan Rows": 1,"Plan Width": 32,"Actual Startup Time": 838.041,"Actual Total Time": 838.049,"Actual Rows": 1,"Actual Loops": 1,"Plans": [{"Node Type": "Aggregate","Strategy": "Hashed","Partial Mode": "Simple","Parent Relationship": "Outer","Parallel Aware": false,"Async Capable": false,"Startup Cost": 124429.33,"Total Cost": 124554.42,"Plan Rows": 10007,"Plan Width": 36,"Actual Startup Time": 828.279,"Actual Total Time": 837.462,"Actual Rows": 10000,"Actual Loops": 1,"Group Key": ["lineitem_1.l_suppkey"],"Planned Partitions": 0,"HashAgg Batches": 1,"Peak Memory Usage": 4497,"Disk Usage": 0,"Plans": [{"Node Type": "Bitmap Heap Scan","Parent Relationship": "Outer","Parallel Aware": false,"Async Capable": false,"Relation Name": "lineitem","Alias": "lineitem_1","Startup Cost": 6044.13,"Total Cost": 122076.45,"Plan Rows": 235288,"Plan Width": 16,"Actual Startup Time": 49.284,"Actual Total Time": 665.852,"Actual Rows": 228512,"Actual Loops": 1,"Recheck Cond": "((l_shipdate >= '1993-03-01'::date) AND (l_shipdate < '1993-06-01 00:00:00'::timestamp without time zone))","Rows Removed by Index Recheck": 0,"Exact Heap Blocks": 66961,"Lossy Heap Blocks": 0,"Plans": [{"Node Type": "Bitmap Index Scan","Parent Relationship": "Outer","Parallel Aware": false,"Async Capable": false,"Index Name": "idx_lineitem_shipdate","Startup Cost": 0.00,"Total Cost": 5985.31,"Plan Rows": 235288,"Plan Width": 0,"Actual Startup Time": 35.887,"Actual Total Time": 35.889,"Actual Rows": 228512,"Actual Loops": 1,"Index Cond": "((l_shipdate >= '1993-03-01'::date) AND (l_shipdate < '1993-06-01 00:00:00'::timestamp without time zone))"}]}]}]},{"Node Type": "Index Scan","Parent Relationship": "Outer","Parallel Aware": false,"Async Capable": false,"Scan Direction": "Forward","Index Name": "supplier_pkey","Relation Name": "supplier","Alias": "supplier","Startup Cost": 0.29,"Total Cost": 495.43,"Plan Rows": 10000,"Plan Width": 71,"Actual Startup Time": 0.092,"Actual Total Time": 11.430,"Actual Rows": 7478,"Actual Loops": 1},{"Node Type": "Sort","Parent Relationship": "Inner","Parallel Aware": false,"Async Capable": false,"Startup Cost": 124581.35,"Total Cost": 124581.47,"Plan Rows": 50,"Plan Width": 36,"Actual Startup Time": 1917.596,"Actual Total Time": 1917.609,"Actual Rows": 1,"Actual Loops": 1,"Sort Key": ["revenue0.supplier_no"],"Sort Method": "quicksort","Sort Space Used": 25,"Sort Space Type": "Memory","Plans": [{"Node Type": "Subquery Scan","Parent Relationship": "Outer","Parallel Aware": false,"Async Capable": false,"Alias": "revenue0","Startup Cost": 124429.33,"Total Cost": 124579.94,"Plan Rows": 50,"Plan Width": 36,"Actual Startup Time": 1912.416,"Actual Total Time": 1917.562,"Actual Rows": 1,"Actual Loops": 1,"Plans": [{"Node Type": "Aggregate","Strategy": "Hashed","Partial Mode": "Simple","Parent Relationship": "Subquery","Parallel Aware": false,"Async Capable": false,"Startup Cost": 124429.33,"Total Cost": 124579.44,"Plan Rows": 50,"Plan Width": 36,"Actual Startup Time": 1912.411,"Actual Total Time": 1917.553,"Actual Rows": 1,"Actual Loops": 1,"Group Key": ["lineitem.l_suppkey"],"Filter": "(sum((lineitem.l_extendedprice * ('1'::numeric - lineitem.l_discount))) = $0)","Planned Partitions": 0,"HashAgg Batches": 1,"Peak Memory Usage": 4497,"Disk Usage": 0,"Rows Removed by Filter": 9999,"Plans": [{"Node Type": "Bitmap Heap Scan","Parent Relationship": "Outer","Parallel Aware": false,"Async Capable": false,"Relation Name": "lineitem","Alias": "lineitem","Startup Cost": 6044.13,"Total Cost": 122076.45,"Plan Rows": 235288,"Plan Width": 16,"Actual Startup Time": 49.634,"Actual Total Time": 880.645,"Actual Rows": 228512,"Actual Loops": 1,"Recheck Cond": "((l_shipdate >= '1993-03-01'::date) AND (l_shipdate < '1993-06-01 00:00:00'::timestamp without time zone))","Rows Removed by Index Recheck": 0,"Exact Heap Blocks": 66961,"Lossy Heap Blocks": 0,"Plans": [{"Node Type": "Bitmap Index Scan","Parent Relationship": "Outer","Parallel Aware": false,"Async Capable": false,"Index Name": "idx_lineitem_shipdate","Startup Cost": 0.00,"Total Cost": 5985.31,"Plan Rows": 235288,"Plan Width": 0,"Actual Startup Time": 36.198,"Actual Total Time": 36.201,"Actual Rows": 228512,"Actual Loops": 1,"Index Cond": "((l_shipdate >= '1993-03-01'::date) AND (l_shipdate < '1993-06-01 00:00:00'::timestamp without time zone))"}]}]}]}]}]},"Planning Time": 3.978,"Triggers": [],"Execution Time": 1932.775}]
[{"Plan": {"Node Type": "Merge Join","Parallel Aware": false,"Async Capable": false,"Join Type": "Inner","Startup Cost": 249007.37,"Total Cost": 249528.27,"Plan Rows": 50,"Plan Width": 103,"Actual Startup Time": 1950.290,"Actual Total Time": 1950.325,"Actual Rows": 1,"Actual Loops": 1,"Inner Unique": true,"Merge Cond": "(supplier.s_suppkey = revenue0.supplier_no)","Plans": [{"Node Type": "Aggregate","Strategy": "Plain","Partial Mode": "Simple","Parent Relationship": "InitPlan","Subplan Name": "InitPlan 1 (returns $0)","Parallel Aware": false,"Async Capable": false,"Startup Cost": 124552.62,"Total Cost": 124552.63,"Plan Rows": 1,"Plan Width": 32,"Actual Startup Time": 860.884,"Actual Total Time": 860.896,"Actual Rows": 1,"Actual Loops": 1,"Plans": [{"Node Type": "Aggregate","Strategy": "Hashed","Partial Mode": "Simple","Parent Relationship": "Outer","Parallel Aware": false,"Async Capable": false,"Startup Cost": 124302.44,"Total Cost": 124427.53,"Plan Rows": 10007,"Plan Width": 36,"Actual Startup Time": 850.275,"Actual Total Time": 860.310,"Actual Rows": 10000,"Actual Loops": 1,"Group Key": ["lineitem_1.l_suppkey"],"Planned Partitions": 0,"HashAgg Batches": 1,"Peak Memory Usage": 4497,"Disk Usage": 0,"Plans": [{"Node Type": "Bitmap Heap Scan","Parent Relationship": "Outer","Parallel Aware": false,"Async Capable": false,"Relation Name": "lineitem","Alias": "lineitem_1","Startup Cost": 5978.87,"Total Cost": 121974.21,"Plan Rows": 232823,"Plan Width": 16,"Actual Startup Time": 57.996,"Actual Total Time": 682.359,"Actual Rows": 230989,"Actual Loops": 1,"Recheck Cond": "((l_shipdate >= '1996-11-01'::date) AND (l_shipdate < '1997-02-01 00:00:00'::timestamp without time zone))","Rows Removed by Index Recheck": 0,"Exact Heap Blocks": 67204,"Lossy Heap Blocks": 0,"Plans": [{"Node Type": "Bitmap Index Scan","Parent Relationship": "Outer","Parallel Aware": false,"Async Capable": false,"Index Name": "idx_lineitem_shipdate","Startup Cost": 0.00,"Total Cost": 5920.66,"Plan Rows": 232823,"Plan Width": 0,"Actual Startup Time": 43.736,"Actual Total Time": 43.740,"Actual Rows": 230989,"Actual Loops": 1,"Index Cond": "((l_shipdate >= '1996-11-01'::date) AND (l_shipdate < '1997-02-01 00:00:00'::timestamp without time zone))"}]}]}]},{"Node Type": "Index Scan","Parent Relationship": "Outer","Parallel Aware": false,"Async Capable": false,"Scan Direction": "Forward","Index Name": "supplier_pkey","Relation Name": "supplier","Alias": "supplier","Startup Cost": 0.29,"Total Cost": 495.43,"Plan Rows": 10000,"Plan Width": 71,"Actual Startup Time": 0.101,"Actual Total Time": 0.973,"Actual Rows": 483,"Actual Loops": 1},{"Node Type": "Sort","Parent Relationship": "Inner","Parallel Aware": false,"Async Capable": false,"Startup Cost": 124454.46,"Total Cost": 124454.58,"Plan Rows": 50,"Plan Width": 36,"Actual Startup Time": 1949.248,"Actual Total Time": 1949.262,"Actual Rows": 1,"Actual Loops": 1,"Sort Key": ["revenue0.supplier_no"],"Sort Method": "quicksort","Sort Space Used": 25,"Sort Space Type": "Memory","Plans": [{"Node Type": "Subquery Scan","Parent Relationship": "Outer","Parallel Aware": false,"Async Capable": false,"Alias": "revenue0","Startup Cost": 124302.44,"Total Cost": 124453.05,"Plan Rows": 50,"Plan Width": 36,"Actual Startup Time": 1948.543,"Actual Total Time": 1949.217,"Actual Rows": 1,"Actual Loops": 1,"Plans": [{"Node Type": "Aggregate","Strategy": "Hashed","Partial Mode": "Simple","Parent Relationship": "Subquery","Parallel Aware": false,"Async Capable": false,"Startup Cost": 124302.44,"Total Cost": 124452.55,"Plan Rows": 50,"Plan Width": 36,"Actual Startup Time": 1948.534,"Actual Total Time": 1949.205,"Actual Rows": 1,"Actual Loops": 1,"Group Key": ["lineitem.l_suppkey"],"Filter": "(sum((lineitem.l_extendedprice * ('1'::numeric - lineitem.l_discount))) = $0)","Planned Partitions": 0,"HashAgg Batches": 1,"Peak Memory Usage": 4497,"Disk Usage": 0,"Rows Removed by Filter": 9999,"Plans": [{"Node Type": "Bitmap Heap Scan","Parent Relationship": "Outer","Parallel Aware": false,"Async Capable": false,"Relation Name": "lineitem","Alias": "lineitem","Startup Cost": 5978.87,"Total Cost": 121974.21,"Plan Rows": 232823,"Plan Width": 16,"Actual Startup Time": 57.232,"Actual Total Time": 886.042,"Actual Rows": 230989,"Actual Loops": 1,"Recheck Cond": "((l_shipdate >= '1996-11-01'::date) AND (l_shipdate < '1997-02-01 00:00:00'::timestamp without time zone))","Rows Removed by Index Recheck": 0,"Exact Heap Blocks": 67204,"Lossy Heap Blocks": 0,"Plans": [{"Node Type": "Bitmap Index Scan","Parent Relationship": "Outer","Parallel Aware": false,"Async Capable": false,"Index Name": "idx_lineitem_shipdate","Startup Cost": 0.00,"Total Cost": 5920.66,"Plan Rows": 232823,"Plan Width": 0,"Actual Startup Time": 43.557,"Actual Total Time": 43.561,"Actual Rows": 230989,"Actual Loops": 1,"Index Cond": "((l_shipdate >= '1996-11-01'::date) AND (l_shipdate < '1997-02-01 00:00:00'::timestamp without time zone))"}]}]}]}]}]},"Planning Time": 4.611,"Triggers": [],"Execution Time": 1953.473}]
[{"Plan": {"Node Type": "Merge Join","Parallel Aware": false,"Async Capable": false,"Join Type": "Inner","Startup Cost": 249082.82,"Total Cost": 249603.72,"Plan Rows": 50,"Plan Width": 103,"Actual Startup Time": 2126.100,"Actual Total Time": 2126.160,"Actual Rows": 1,"Actual Loops": 1,"Inner Unique": true,"Merge Cond": "(supplier.s_suppkey = revenue0.supplier_no)","Plans": [{"Node Type": "Aggregate","Strategy": "Plain","Partial Mode": "Simple","Parent Relationship": "InitPlan","Subplan Name": "InitPlan 1 (returns $0)","Parallel Aware": false,"Async Capable": false,"Startup Cost": 124590.34,"Total Cost": 124590.35,"Plan Rows": 1,"Plan Width": 32,"Actual Startup Time": 998.528,"Actual Total Time": 998.543,"Actual Rows": 1,"Actual Loops": 1,"Plans": [{"Node Type": "Aggregate","Strategy": "Hashed","Partial Mode": "Simple","Parent Relationship": "Outer","Parallel Aware": false,"Async Capable": false,"Startup Cost": 124340.17,"Total Cost": 124465.25,"Plan Rows": 10007,"Plan Width": 36,"Actual Startup Time": 990.764,"Actual Total Time": 997.890,"Actual Rows": 10000,"Actual Loops": 1,"Group Key": ["lineitem_1.l_suppkey"],"Planned Partitions": 0,"HashAgg Batches": 1,"Peak Memory Usage": 4497,"Disk Usage": 0,"Plans": [{"Node Type": "Bitmap Heap Scan","Parent Relationship": "Outer","Parallel Aware": false,"Async Capable": false,"Relation Name": "lineitem","Alias": "lineitem_1","Startup Cost": 5625.22,"Total Cost": 122150.13,"Plan Rows": 219004,"Plan Width": 16,"Actual Startup Time": 59.388,"Actual Total Time": 778.284,"Actual Rows": 230322,"Actual Loops": 1,"Recheck Cond": "((l_shipdate >= '1994-03-01'::date) AND (l_shipdate < '1994-06-01 00:00:00'::timestamp without time zone))","Rows Removed by Index Recheck": 0,"Exact Heap Blocks": 67245,"Lossy Heap Blocks": 0,"Plans": [{"Node Type": "Bitmap Index Scan","Parent Relationship": "Outer","Parallel Aware": false,"Async Capable": false,"Index Name": "idx_lineitem_shipdate","Startup Cost": 0.00,"Total Cost": 5570.47,"Plan Rows": 219004,"Plan Width": 0,"Actual Startup Time": 45.592,"Actual Total Time": 45.604,"Actual Rows": 230322,"Actual Loops": 1,"Index Cond": "((l_shipdate >= '1994-03-01'::date) AND (l_shipdate < '1994-06-01 00:00:00'::timestamp without time zone))"}]}]}]},{"Node Type": "Index Scan","Parent Relationship": "Outer","Parallel Aware": false,"Async Capable": false,"Scan Direction": "Forward","Index Name": "supplier_pkey","Relation Name": "supplier","Alias": "supplier","Startup Cost": 0.29,"Total Cost": 495.43,"Plan Rows": 10000,"Plan Width": 71,"Actual Startup Time": 0.099,"Actual Total Time": 2.588,"Actual Rows": 1344,"Actual Loops": 1},{"Node Type": "Sort","Parent Relationship": "Inner","Parallel Aware": false,"Async Capable": false,"Startup Cost": 124492.18,"Total Cost": 124492.31,"Plan Rows": 50,"Plan Width": 36,"Actual Startup Time": 2123.373,"Actual Total Time": 2123.407,"Actual Rows": 1,"Actual Loops": 1,"Sort Key": ["revenue0.supplier_no"],"Sort Method": "quicksort","Sort Space Used": 25,"Sort Space Type": "Memory","Plans": [{"Node Type": "Subquery Scan","Parent Relationship": "Outer","Parallel Aware": false,"Async Capable": false,"Alias": "revenue0","Startup Cost": 124340.17,"Total Cost": 124490.77,"Plan Rows": 50,"Plan Width": 36,"Actual Startup Time": 2118.456,"Actual Total Time": 2123.316,"Actual Rows": 1,"Actual Loops": 1,"Plans": [{"Node Type": "Aggregate","Strategy": "Hashed","Partial Mode": "Simple","Parent Relationship": "Subquery","Parallel Aware": false,"Async Capable": false,"Startup Cost": 124340.17,"Total Cost": 124490.27,"Plan Rows": 50,"Plan Width": 36,"Actual Startup Time": 2118.440,"Actual Total Time": 2123.277,"Actual Rows": 1,"Actual Loops": 1,"Group Key": ["lineitem.l_suppkey"],"Filter": "(sum((lineitem.l_extendedprice * ('1'::numeric - lineitem.l_discount))) = $0)","Planned Partitions": 0,"HashAgg Batches": 1,"Peak Memory Usage": 4497,"Disk Usage": 0,"Rows Removed by Filter": 9999,"Plans": [{"Node Type": "Bitmap Heap Scan","Parent Relationship": "Outer","Parallel Aware": false,"Async Capable": false,"Relation Name": "lineitem","Alias": "lineitem","Startup Cost": 5625.22,"Total Cost": 122150.13,"Plan Rows": 219004,"Plan Width": 16,"Actual Startup Time": 55.051,"Actual Total Time": 942.271,"Actual Rows": 230322,"Actual Loops": 1,"Recheck Cond": "((l_shipdate >= '1994-03-01'::date) AND (l_shipdate < '1994-06-01 00:00:00'::timestamp without time zone))","Rows Removed by Index Recheck": 0,"Exact Heap Blocks": 67245,"Lossy Heap Blocks": 0,"Plans": [{"Node Type": "Bitmap Index Scan","Parent Relationship": "Outer","Parallel Aware": false,"Async Capable": false,"Index Name": "idx_lineitem_shipdate","Startup Cost": 0.00,"Total Cost": 5570.47,"Plan Rows": 219004,"Plan Width": 0,"Actual Startup Time": 41.443,"Actual Total Time": 41.461,"Actual Rows": 230322,"Actual Loops": 1,"Index Cond": "((l_shipdate >= '1994-03-01'::date) AND (l_shipdate < '1994-06-01 00:00:00'::timestamp without time zone))"}]}]}]}]}]},"Planning Time": 3.928,"Triggers": [],"Execution Time": 2131.152}]
[{"Plan": {"Node Type": "Merge Join","Parallel Aware": false,"Async Capable": false,"Join Type": "Inner","Startup Cost": 248343.83,"Total Cost": 248864.72,"Plan Rows": 50,"Plan Width": 103,"Actual Startup Time": 1973.395,"Actual Total Time": 1973.462,"Actual Rows": 1,"Actual Loops": 1,"Inner Unique": true,"Merge Cond": "(supplier.s_suppkey = revenue0.supplier_no)","Plans": [{"Node Type": "Aggregate","Strategy": "Plain","Partial Mode": "Simple","Parent Relationship": "InitPlan","Subplan Name": "InitPlan 1 (returns $0)","Parallel Aware": false,"Async Capable": false,"Startup Cost": 124220.85,"Total Cost": 124220.86,"Plan Rows": 1,"Plan Width": 32,"Actual Startup Time": 908.782,"Actual Total Time": 908.807,"Actual Rows": 1,"Actual Loops": 1,"Plans": [{"Node Type": "Aggregate","Strategy": "Hashed","Partial Mode": "Simple","Parent Relationship": "Outer","Parallel Aware": false,"Async Capable": false,"Startup Cost": 123970.67,"Total Cost": 124095.76,"Plan Rows": 10007,"Plan Width": 36,"Actual Startup Time": 900.063,"Actual Total Time": 908.145,"Actual Rows": 10000,"Actual Loops": 1,"Group Key": ["lineitem_1.l_suppkey"],"Planned Partitions": 0,"HashAgg Batches": 1,"Peak Memory Usage": 4497,"Disk Usage": 0,"Plans": [{"Node Type": "Bitmap Heap Scan","Parent Relationship": "Outer","Parallel Aware": false,"Async Capable": false,"Relation Name": "lineitem","Alias": "lineitem_1","Startup Cost": 5811.47,"Total Cost": 121708.19,"Plan Rows": 226248,"Plan Width": 16,"Actual Startup Time": 49.217,"Actual Total Time": 692.336,"Actual Rows": 229039,"Actual Loops": 1,"Recheck Cond": "((l_shipdate >= '1994-06-01'::date) AND (l_shipdate < '1994-09-01 00:00:00'::timestamp without time zone))","Rows Removed by Index Recheck": 0,"Exact Heap Blocks": 67238,"Lossy Heap Blocks": 0,"Plans": [{"Node Type": "Bitmap Index Scan","Parent Relationship": "Outer","Parallel Aware": false,"Async Capable": false,"Index Name": "idx_lineitem_shipdate","Startup Cost": 0.00,"Total Cost": 5754.91,"Plan Rows": 226248,"Plan Width": 0,"Actual Startup Time": 35.633,"Actual Total Time": 35.648,"Actual Rows": 229039,"Actual Loops": 1,"Index Cond": "((l_shipdate >= '1994-06-01'::date) AND (l_shipdate < '1994-09-01 00:00:00'::timestamp without time zone))"}]}]}]},{"Node Type": "Index Scan","Parent Relationship": "Outer","Parallel Aware": false,"Async Capable": false,"Scan Direction": "Forward","Index Name": "supplier_pkey","Relation Name": "supplier","Alias": "supplier","Startup Cost": 0.29,"Total Cost": 495.43,"Plan Rows": 10000,"Plan Width": 71,"Actual Startup Time": 0.121,"Actual Total Time": 12.024,"Actual Rows": 7946,"Actual Loops": 1},{"Node Type": "Sort","Parent Relationship": "Inner","Parallel Aware": false,"Async Capable": false,"Startup Cost": 124122.69,"Total Cost": 124122.81,"Plan Rows": 50,"Plan Width": 36,"Actual Startup Time": 1960.894,"Actual Total Time": 1960.930,"Actual Rows": 1,"Actual Loops": 1,"Sort Key": ["revenue0.supplier_no"],"Sort Method": "quicksort","Sort Space Used": 25,"Sort Space Type": "Memory","Plans": [{"Node Type": "Subquery Scan","Parent Relationship": "Outer","Parallel Aware": false,"Async Capable": false,"Alias": "revenue0","Startup Cost": 123970.67,"Total Cost": 124121.28,"Plan Rows": 50,"Plan Width": 36,"Actual Startup Time": 1956.612,"Actual Total Time": 1960.848,"Actual Rows": 1,"Actual Loops": 1,"Plans": [{"Node Type": "Aggregate","Strategy": "Hashed","Partial Mode": "Simple","Parent Relationship": "Subquery","Parallel Aware": false,"Async Capable": false,"Startup Cost": 123970.67,"Total Cost": 124120.78,"Plan Rows": 50,"Plan Width": 36,"Actual Startup Time": 1956.600,"Actual Total Time": 1960.810,"Actual Rows": 1,"Actual Loops": 1,"Group Key": ["lineitem.l_suppkey"],"Filter": "(sum((lineitem.l_extendedprice * ('1'::numeric - lineitem.l_discount))) = $0)","Planned Partitions": 0,"HashAgg Batches": 1,"Peak Memory Usage": 4497,"Disk Usage": 0,"Rows Removed by Filter": 9999,"Plans": [{"Node Type": "Bitmap Heap Scan","Parent Relationship": "Outer","Parallel Aware": false,"Async Capable": false,"Relation Name": "lineitem","Alias": "lineitem","Startup Cost": 5811.47,"Total Cost": 121708.19,"Plan Rows": 226248,"Plan Width": 16,"Actual Startup Time": 51.748,"Actual Total Time": 872.040,"Actual Rows": 229039,"Actual Loops": 1,"Recheck Cond": "((l_shipdate >= '1994-06-01'::date) AND (l_shipdate < '1994-09-01 00:00:00'::timestamp without time zone))","Rows Removed by Index Recheck": 0,"Exact Heap Blocks": 67238,"Lossy Heap Blocks": 0,"Plans": [{"Node Type": "Bitmap Index Scan","Parent Relationship": "Outer","Parallel Aware": false,"Async Capable": false,"Index Name": "idx_lineitem_shipdate","Startup Cost": 0.00,"Total Cost": 5754.91,"Plan Rows": 226248,"Plan Width": 0,"Actual Startup Time": 38.292,"Actual Total Time": 38.307,"Actual Rows": 229039,"Actual Loops": 1,"Index Cond": "((l_shipdate >= '1994-06-01'::date) AND (l_shipdate < '1994-09-01 00:00:00'::timestamp without time zone))"}]}]}]}]}]},"Planning Time": 5.138,"Triggers": [],"Execution Time": 1979.821}]
[{"Plan": {"Node Type": "Merge Join","Parallel Aware": false,"Async Capable": false,"Join Type": "Inner","Startup Cost": 248643.56,"Total Cost": 249164.46,"Plan Rows": 50,"Plan Width": 103,"Actual Startup Time": 2051.080,"Actual Total Time": 2051.125,"Actual Rows": 1,"Actual Loops": 1,"Inner Unique": true,"Merge Cond": "(supplier.s_suppkey = revenue0.supplier_no)","Plans": [{"Node Type": "Aggregate","Strategy": "Plain","Partial Mode": "Simple","Parent Relationship": "InitPlan","Subplan Name": "InitPlan 1 (returns $0)","Parallel Aware": false,"Async Capable": false,"Startup Cost": 124370.71,"Total Cost": 124370.72,"Plan Rows": 1,"Plan Width": 32,"Actual Startup Time": 925.866,"Actual Total Time": 925.883,"Actual Rows": 1,"Actual Loops": 1,"Plans": [{"Node Type": "Aggregate","Strategy": "Hashed","Partial Mode": "Simple","Parent Relationship": "Outer","Parallel Aware": false,"Async Capable": false,"Startup Cost": 124120.54,"Total Cost": 124245.62,"Plan Rows": 10007,"Plan Width": 36,"Actual Startup Time": 919.658,"Actual Total Time": 925.281,"Actual Rows": 10000,"Actual Loops": 1,"Group Key": ["lineitem_1.l_suppkey"],"Planned Partitions": 0,"HashAgg Batches": 1,"Peak Memory Usage": 4497,"Disk Usage": 0,"Plans": [{"Node Type": "Bitmap Heap Scan","Parent Relationship": "Outer","Parallel Aware": false,"Async Capable": false,"Relation Name": "lineitem","Alias": "lineitem_1","Startup Cost": 5704.94,"Total Cost": 121899.56,"Plan Rows": 222098,"Plan Width": 16,"Actual Startup Time": 58.148,"Actual Total Time": 772.764,"Actual Rows": 223616,"Actual Loops": 1,"Recheck Cond": "((l_shipdate >= '1993-12-01'::date) AND (l_shipdate < '1994-03-01 00:00:00'::timestamp without time zone))","Rows Removed by Index Recheck": 0,"Exact Heap Blocks": 66445,"Lossy Heap Blocks": 0,"Plans": [{"Node Type": "Bitmap Index Scan","Parent Relationship": "Outer","Parallel Aware": false,"Async Capable": false,"Index Name": "idx_lineitem_shipdate","Startup Cost": 0.00,"Total Cost": 5649.41,"Plan Rows": 222098,"Plan Width": 0,"Actual Startup Time": 44.427,"Actual Total Time": 44.430,"Actual Rows": 223616,"Actual Loops": 1,"Index Cond": "((l_shipdate >= '1993-12-01'::date) AND (l_shipdate < '1994-03-01 00:00:00'::timestamp without time zone))"}]}]}]},{"Node Type": "Index Scan","Parent Relationship": "Outer","Parallel Aware": false,"Async Capable": false,"Scan Direction": "Forward","Index Name": "supplier_pkey","Relation Name": "supplier","Alias": "supplier","Startup Cost": 0.29,"Total Cost": 495.43,"Plan Rows": 10000,"Plan Width": 71,"Actual Startup Time": 0.103,"Actual Total Time": 8.477,"Actual Rows": 5450,"Actual Loops": 1},{"Node Type": "Sort","Parent Relationship": "Inner","Parallel Aware": false,"Async Capable": false,"Startup Cost": 124272.55,"Total Cost": 124272.68,"Plan Rows": 50,"Plan Width": 36,"Actual Startup Time": 2042.272,"Actual Total Time": 2042.286,"Actual Rows": 1,"Actual Loops": 1,"Sort Key": ["revenue0.supplier_no"],"Sort Method": "quicksort","Sort Space Used": 25,"Sort Space Type": "Memory","Plans": [{"Node Type": "Subquery Scan","Parent Relationship": "Outer","Parallel Aware": false,"Async Capable": false,"Alias": "revenue0","Startup Cost": 124120.54,"Total Cost": 124271.14,"Plan Rows": 50,"Plan Width": 36,"Actual Startup Time": 2038.275,"Actual Total Time": 2042.231,"Actual Rows": 1,"Actual Loops": 1,"Plans": [{"Node Type": "Aggregate","Strategy": "Hashed","Partial Mode": "Simple","Parent Relationship": "Subquery","Parallel Aware": false,"Async Capable": false,"Startup Cost": 124120.54,"Total Cost": 124270.64,"Plan Rows": 50,"Plan Width": 36,"Actual Startup Time": 2038.266,"Actual Total Time": 2042.216,"Actual Rows": 1,"Actual Loops": 1,"Group Key": ["lineitem.l_suppkey"],"Filter": "(sum((lineitem.l_extendedprice * ('1'::numeric - lineitem.l_discount))) = $0)","Planned Partitions": 0,"HashAgg Batches": 1,"Peak Memory Usage": 4497,"Disk Usage": 0,"Rows Removed by Filter": 9999,"Plans": [{"Node Type": "Bitmap Heap Scan","Parent Relationship": "Outer","Parallel Aware": false,"Async Capable": false,"Relation Name": "lineitem","Alias": "lineitem","Startup Cost": 5704.94,"Total Cost": 121899.56,"Plan Rows": 222098,"Plan Width": 16,"Actual Startup Time": 55.253,"Actual Total Time": 922.575,"Actual Rows": 223616,"Actual Loops": 1,"Recheck Cond": "((l_shipdate >= '1993-12-01'::date) AND (l_shipdate < '1994-03-01 00:00:00'::timestamp without time zone))","Rows Removed by Index Recheck": 0,"Exact Heap Blocks": 66445,"Lossy Heap Blocks": 0,"Plans": [{"Node Type": "Bitmap Index Scan","Parent Relationship": "Outer","Parallel Aware": false,"Async Capable": false,"Index Name": "idx_lineitem_shipdate","Startup Cost": 0.00,"Total Cost": 5649.41,"Plan Rows": 222098,"Plan Width": 0,"Actual Startup Time": 41.648,"Actual Total Time": 41.651,"Actual Rows": 223616,"Actual Loops": 1,"Index Cond": "((l_shipdate >= '1993-12-01'::date) AND (l_shipdate < '1994-03-01 00:00:00'::timestamp without time zone))"}]}]}]}]}]},"Planning Time": 3.986,"Triggers": [],"Execution Time": 2056.157}]
[{"Plan": {"Node Type": "Merge Join","Parallel Aware": false,"Async Capable": false,"Join Type": "Inner","Startup Cost": 249258.26,"Total Cost": 249779.16,"Plan Rows": 50,"Plan Width": 103,"Actual Startup Time": 2049.284,"Actual Total Time": 2049.315,"Actual Rows": 1,"Actual Loops": 1,"Inner Unique": true,"Merge Cond": "(supplier.s_suppkey = revenue0.supplier_no)","Plans": [{"Node Type": "Aggregate","Strategy": "Plain","Partial Mode": "Simple","Parent Relationship": "InitPlan","Subplan Name": "InitPlan 1 (returns $0)","Parallel Aware": false,"Async Capable": false,"Startup Cost": 124678.06,"Total Cost": 124678.07,"Plan Rows": 1,"Plan Width": 32,"Actual Startup Time": 930.818,"Actual Total Time": 930.829,"Actual Rows": 1,"Actual Loops": 1,"Plans": [{"Node Type": "Aggregate","Strategy": "Hashed","Partial Mode": "Simple","Parent Relationship": "Outer","Parallel Aware": false,"Async Capable": false,"Startup Cost": 124427.89,"Total Cost": 124552.98,"Plan Rows": 10007,"Plan Width": 36,"Actual Startup Time": 924.477,"Actual Total Time": 930.237,"Actual Rows": 10000,"Actual Loops": 1,"Group Key": ["lineitem_1.l_suppkey"],"Planned Partitions": 0,"HashAgg Batches": 1,"Peak Memory Usage": 4497,"Disk Usage": 0,"Plans": [{"Node Type": "Bitmap Heap Scan","Parent Relationship": "Outer","Parallel Aware": false,"Async Capable": false,"Relation Name": "lineitem","Alias": "lineitem_1","Startup Cost": 5592.22,"Total Cost": 122250.53,"Plan Rows": 217735,"Plan Width": 16,"Actual Startup Time": 64.565,"Actual Total Time": 777.964,"Actual Rows": 222319,"Actual Loops": 1,"Recheck Cond": "((l_shipdate >= '1997-02-01'::date) AND (l_shipdate < '1997-05-01 00:00:00'::timestamp without time zone))","Rows Removed by Index Recheck": 0,"Exact Heap Blocks": 66311,"Lossy Heap Blocks": 0,"Plans": [{"Node Type": "Bitmap Index Scan","Parent Relationship": "Outer","Parallel Aware": false,"Async Capable": false,"Index Name": "idx_lineitem_shipdate","Startup Cost": 0.00,"Total Cost": 5537.78,"Plan Rows": 217735,"Plan Width": 0,"Actual Startup Time": 50.700,"Actual Total Time": 50.704,"Actual Rows": 222319,"Actual Loops": 1,"Index Cond": "((l_shipdate >= '1997-02-01'::date) AND (l_shipdate < '1997-05-01 00:00:00'::timestamp without time zone))"}]}]}]},{"Node Type": "Index Scan","Parent Relationship": "Outer","Parallel Aware": false,"Async Capable": false,"Scan Direction": "Forward","Index Name": "supplier_pkey","Relation Name": "supplier","Alias": "supplier","Startup Cost": 0.29,"Total Cost": 495.43,"Plan Rows": 10000,"Plan Width": 71,"Actual Startup Time": 0.105,"Actual Total Time": 1.005,"Actual Rows": 435,"Actual Loops": 1},{"Node Type": "Sort","Parent Relationship": "Inner","Parallel Aware": false,"Async Capable": false,"Startup Cost": 124579.90,"Total Cost": 124580.03,"Plan Rows": 50,"Plan Width": 36,"Actual Startup Time": 2048.234,"Actual Total Time": 2048.243,"Actual Rows": 1,"Actual Loops": 1,"Sort Key": ["revenue0.supplier_no"],"Sort Method": "quicksort","Sort Space Used": 25,"Sort Space Type": "Memory","Plans": [{"Node Type": "Subquery Scan","Parent Relationship": "Outer","Parallel Aware": false,"Async Capable": false,"Alias": "revenue0","Startup Cost": 124427.89,"Total Cost": 124578.49,"Plan Rows": 50,"Plan Width": 36,"Actual Startup Time": 2038.148,"Actual Total Time": 2048.197,"Actual Rows": 1,"Actual Loops": 1,"Plans": [{"Node Type": "Aggregate","Strategy": "Hashed","Partial Mode": "Simple","Parent Relationship": "Subquery","Parallel Aware": false,"Async Capable": false,"Startup Cost": 124427.89,"Total Cost": 124577.99,"Plan Rows": 50,"Plan Width": 36,"Actual Startup Time": 2038.142,"Actual Total Time": 2048.186,"Actual Rows": 1,"Actual Loops": 1,"Group Key": ["lineitem.l_suppkey"],"Filter": "(sum((lineitem.l_extendedprice * ('1'::numeric - lineitem.l_discount))) = $0)","Planned Partitions": 0,"HashAgg Batches": 1,"Peak Memory Usage": 4497,"Disk Usage": 0,"Rows Removed by Filter": 9999,"Plans": [{"Node Type": "Bitmap Heap Scan","Parent Relationship": "Outer","Parallel Aware": false,"Async Capable": false,"Relation Name": "lineitem","Alias": "lineitem","Startup Cost": 5592.22,"Total Cost": 122250.53,"Plan Rows": 217735,"Plan Width": 16,"Actual Startup Time": 61.157,"Actual Total Time": 924.315,"Actual Rows": 222319,"Actual Loops": 1,"Recheck Cond": "((l_shipdate >= '1997-02-01'::date) AND (l_shipdate < '1997-05-01 00:00:00'::timestamp without time zone))","Rows Removed by Index Recheck": 0,"Exact Heap Blocks": 66311,"Lossy Heap Blocks": 0,"Plans": [{"Node Type": "Bitmap Index Scan","Parent Relationship": "Outer","Parallel Aware": false,"Async Capable": false,"Index Name": "idx_lineitem_shipdate","Startup Cost": 0.00,"Total Cost": 5537.78,"Plan Rows": 217735,"Plan Width": 0,"Actual Startup Time": 47.523,"Actual Total Time": 47.523,"Actual Rows": 222319,"Actual Loops": 1,"Index Cond": "((l_shipdate >= '1997-02-01'::date) AND (l_shipdate < '1997-05-01 00:00:00'::timestamp without time zone))"}]}]}]}]}]},"Planning Time": 4.276,"Triggers": [],"Execution Time": 2055.156}]
[{"Plan": {"Node Type": "Merge Join","Parallel Aware": false,"Async Capable": false,"Join Type": "Inner","Startup Cost": 249082.82,"Total Cost": 249603.72,"Plan Rows": 50,"Plan Width": 103,"Actual Startup Time": 2126.100,"Actual Total Time": 2126.160,"Actual Rows": 1,"Actual Loops": 1,"Inner Unique": true,"Merge Cond": "(supplier.s_suppkey = revenue0.supplier_no)","Plans": [{"Node Type": "Aggregate","Strategy": "Plain","Partial Mode": "Simple","Parent Relationship": "InitPlan","Subplan Name": "InitPlan 1 (returns $0)","Parallel Aware": false,"Async Capable": false,"Startup Cost": 124590.34,"Total Cost": 124590.35,"Plan Rows": 1,"Plan Width": 32,"Actual Startup Time": 998.528,"Actual Total Time": 998.543,"Actual Rows": 1,"Actual Loops": 1,"Plans": [{"Node Type": "Aggregate","Strategy": "Hashed","Partial Mode": "Simple","Parent Relationship": "Outer","Parallel Aware": false,"Async Capable": false,"Startup Cost": 124340.17,"Total Cost": 124465.25,"Plan Rows": 10007,"Plan Width": 36,"Actual Startup Time": 990.764,"Actual Total Time": 997.890,"Actual Rows": 10000,"Actual Loops": 1,"Group Key": ["lineitem_1.l_suppkey"],"Planned Partitions": 0,"HashAgg Batches": 1,"Peak Memory Usage": 4497,"Disk Usage": 0,"Plans": [{"Node Type": "Bitmap Heap Scan","Parent Relationship": "Outer","Parallel Aware": false,"Async Capable": false,"Relation Name": "lineitem","Alias": "lineitem_1","Startup Cost": 5625.22,"Total Cost": 122150.13,"Plan Rows": 219004,"Plan Width": 16,"Actual Startup Time": 59.388,"Actual Total Time": 778.284,"Actual Rows": 230322,"Actual Loops": 1,"Recheck Cond": "((l_shipdate >= '1994-03-01'::date) AND (l_shipdate < '1994-06-01 00:00:00'::timestamp without time zone))","Rows Removed by Index Recheck": 0,"Exact Heap Blocks": 67245,"Lossy Heap Blocks": 0,"Plans": [{"Node Type": "Bitmap Index Scan","Parent Relationship": "Outer","Parallel Aware": false,"Async Capable": false,"Index Name": "idx_lineitem_shipdate","Startup Cost": 0.00,"Total Cost": 5570.47,"Plan Rows": 219004,"Plan Width": 0,"Actual Startup Time": 45.592,"Actual Total Time": 45.604,"Actual Rows": 230322,"Actual Loops": 1,"Index Cond": "((l_shipdate >= '1994-03-01'::date) AND (l_shipdate < '1994-06-01 00:00:00'::timestamp without time zone))"}]}]}]},{"Node Type": "Index Scan","Parent Relationship": "Outer","Parallel Aware": false,"Async Capable": false,"Scan Direction": "Forward","Index Name": "supplier_pkey","Relation Name": "supplier","Alias": "supplier","Startup Cost": 0.29,"Total Cost": 495.43,"Plan Rows": 10000,"Plan Width": 71,"Actual Startup Time": 0.099,"Actual Total Time": 2.588,"Actual Rows": 1344,"Actual Loops": 1},{"Node Type": "Sort","Parent Relationship": "Inner","Parallel Aware": false,"Async Capable": false,"Startup Cost": 124492.18,"Total Cost": 124492.31,"Plan Rows": 50,"Plan Width": 36,"Actual Startup Time": 2123.373,"Actual Total Time": 2123.407,"Actual Rows": 1,"Actual Loops": 1,"Sort Key": ["revenue0.supplier_no"],"Sort Method": "quicksort","Sort Space Used": 25,"Sort Space Type": "Memory","Plans": [{"Node Type": "Subquery Scan","Parent Relationship": "Outer","Parallel Aware": false,"Async Capable": false,"Alias": "revenue0","Startup Cost": 124340.17,"Total Cost": 124490.77,"Plan Rows": 50,"Plan Width": 36,"Actual Startup Time": 2118.456,"Actual Total Time": 2123.316,"Actual Rows": 1,"Actual Loops": 1,"Plans": [{"Node Type": "Aggregate","Strategy": "Hashed","Partial Mode": "Simple","Parent Relationship": "Subquery","Parallel Aware": false,"Async Capable": false,"Startup Cost": 124340.17,"Total Cost": 124490.27,"Plan Rows": 50,"Plan Width": 36,"Actual Startup Time": 2118.440,"Actual Total Time": 2123.277,"Actual Rows": 1,"Actual Loops": 1,"Group Key": ["lineitem.l_suppkey"],"Filter": "(sum((lineitem.l_extendedprice * ('1'::numeric - lineitem.l_discount))) = $0)","Planned Partitions": 0,"HashAgg Batches": 1,"Peak Memory Usage": 4497,"Disk Usage": 0,"Rows Removed by Filter": 9999,"Plans": [{"Node Type": "Bitmap Heap Scan","Parent Relationship": "Outer","Parallel Aware": false,"Async Capable": false,"Relation Name": "lineitem","Alias": "lineitem","Startup Cost": 5625.22,"Total Cost": 122150.13,"Plan Rows": 219004,"Plan Width": 16,"Actual Startup Time": 55.051,"Actual Total Time": 942.271,"Actual Rows": 230322,"Actual Loops": 1,"Recheck Cond": "((l_shipdate >= '1994-03-01'::date) AND (l_shipdate < '1994-06-01 00:00:00'::timestamp without time zone))","Rows Removed by Index Recheck": 0,"Exact Heap Blocks": 67245,"Lossy Heap Blocks": 0,"Plans": [{"Node Type": "Bitmap Index Scan","Parent Relationship": "Outer","Parallel Aware": false,"Async Capable": false,"Index Name": "idx_lineitem_shipdate","Startup Cost": 0.00,"Total Cost": 5570.47,"Plan Rows": 219004,"Plan Width": 0,"Actual Startup Time": 41.443,"Actual Total Time": 41.461,"Actual Rows": 230322,"Actual Loops": 1,"Index Cond": "((l_shipdate >= '1994-03-01'::date) AND (l_shipdate < '1994-06-01 00:00:00'::timestamp without time zone))"}]}]}]}]}]},"Planning Time": 3.928,"Triggers": [],"Execution Time": 2131.152}]
[{"Plan": {"Node Type": "Merge Join","Parallel Aware": false,"Async Capable": false,"Join Type": "Inner","Startup Cost": 248679.90,"Total Cost": 249200.80,"Plan Rows": 50,"Plan Width": 103,"Actual Startup Time": 2088.450,"Actual Total Time": 2088.494,"Actual Rows": 1,"Actual Loops": 1,"Inner Unique": true,"Merge Cond": "(supplier.s_suppkey = revenue0.supplier_no)","Plans": [{"Node Type": "Aggregate","Strategy": "Plain","Partial Mode": "Simple","Parent Relationship": "InitPlan","Subplan Name": "InitPlan 1 (returns $0)","Parallel Aware": false,"Async Capable": false,"Startup Cost": 124388.88,"Total Cost": 124388.89,"Plan Rows": 1,"Plan Width": 32,"Actual Startup Time": 944.259,"Actual Total Time": 944.274,"Actual Rows": 1,"Actual Loops": 1,"Plans": [{"Node Type": "Aggregate","Strategy": "Hashed","Partial Mode": "Simple","Parent Relationship": "Outer","Parallel Aware": false,"Async Capable": false,"Startup Cost": 124138.71,"Total Cost": 124263.80,"Plan Rows": 10007,"Plan Width": 36,"Actual Startup Time": 936.768,"Actual Total Time": 943.679,"Actual Rows": 10000,"Actual Loops": 1,"Group Key": ["lineitem_1.l_suppkey"],"Planned Partitions": 0,"HashAgg Batches": 1,"Peak Memory Usage": 4497,"Disk Usage": 0,"Plans": [{"Node Type": "Bitmap Heap Scan","Parent Relationship": "Outer","Parallel Aware": false,"Async Capable": false,"Relation Name": "lineitem","Alias": "lineitem_1","Startup Cost": 5698.36,"Total Cost": 121920.24,"Plan Rows": 221847,"Plan Width": 16,"Actual Startup Time": 58.200,"Actual Total Time": 789.243,"Actual Rows": 229512,"Actual Loops": 1,"Recheck Cond": "((l_shipdate >= '1997-03-01'::date) AND (l_shipdate < '1997-06-01 00:00:00'::timestamp without time zone))","Rows Removed by Index Recheck": 0,"Exact Heap Blocks": 67095,"Lossy Heap Blocks": 0,"Plans": [{"Node Type": "Bitmap Index Scan","Parent Relationship": "Outer","Parallel Aware": false,"Async Capable": false,"Index Name": "idx_lineitem_shipdate","Startup Cost": 0.00,"Total Cost": 5642.90,"Plan Rows": 221847,"Plan Width": 0,"Actual Startup Time": 44.354,"Actual Total Time": 44.359,"Actual Rows": 229512,"Actual Loops": 1,"Index Cond": "((l_shipdate >= '1997-03-01'::date) AND (l_shipdate < '1997-06-01 00:00:00'::timestamp without time zone))"}]}]}]},{"Node Type": "Index Scan","Parent Relationship": "Outer","Parallel Aware": false,"Async Capable": false,"Scan Direction": "Forward","Index Name": "supplier_pkey","Relation Name": "supplier","Alias": "supplier","Startup Cost": 0.29,"Total Cost": 495.43,"Plan Rows": 10000,"Plan Width": 71,"Actual Startup Time": 0.093,"Actual Total Time": 14.023,"Actual Rows": 9474,"Actual Loops": 1},{"Node Type": "Sort","Parent Relationship": "Inner","Parallel Aware": false,"Async Capable": false,"Startup Cost": 124290.72,"Total Cost": 124290.85,"Plan Rows": 50,"Plan Width": 36,"Actual Startup Time": 2073.892,"Actual Total Time": 2073.908,"Actual Rows": 1,"Actual Loops": 1,"Sort Key": ["revenue0.supplier_no"],"Sort Method": "quicksort","Sort Space Used": 25,"Sort Space Type": "Memory","Plans": [{"Node Type": "Subquery Scan","Parent Relationship": "Outer","Parallel Aware": false,"Async Capable": false,"Alias": "revenue0","Startup Cost": 124138.71,"Total Cost": 124289.31,"Plan Rows": 50,"Plan Width": 36,"Actual Startup Time": 2060.592,"Actual Total Time": 2073.855,"Actual Rows": 1,"Actual Loops": 1,"Plans": [{"Node Type": "Aggregate","Strategy": "Hashed","Partial Mode": "Simple","Parent Relationship": "Subquery","Parallel Aware": false,"Async Capable": false,"Startup Cost": 124138.71,"Total Cost": 124288.81,"Plan Rows": 50,"Plan Width": 36,"Actual Startup Time": 2060.589,"Actual Total Time": 2073.846,"Actual Rows": 1,"Actual Loops": 1,"Group Key": ["lineitem.l_suppkey"],"Filter": "(sum((lineitem.l_extendedprice * ('1'::numeric - lineitem.l_discount))) = $0)","Planned Partitions": 0,"HashAgg Batches": 1,"Peak Memory Usage": 4497,"Disk Usage": 0,"Rows Removed by Filter": 9999,"Plans": [{"Node Type": "Bitmap Heap Scan","Parent Relationship": "Outer","Parallel Aware": false,"Async Capable": false,"Relation Name": "lineitem","Alias": "lineitem","Startup Cost": 5698.36,"Total Cost": 121920.24,"Plan Rows": 221847,"Plan Width": 16,"Actual Startup Time": 54.794,"Actual Total Time": 933.095,"Actual Rows": 229512,"Actual Loops": 1,"Recheck Cond": "((l_shipdate >= '1997-03-01'::date) AND (l_shipdate < '1997-06-01 00:00:00'::timestamp without time zone))","Rows Removed by Index Recheck": 0,"Exact Heap Blocks": 67095,"Lossy Heap Blocks": 0,"Plans": [{"Node Type": "Bitmap Index Scan","Parent Relationship": "Outer","Parallel Aware": false,"Async Capable": false,"Index Name": "idx_lineitem_shipdate","Startup Cost": 0.00,"Total Cost": 5642.90,"Plan Rows": 221847,"Plan Width": 0,"Actual Startup Time": 41.319,"Actual Total Time": 41.321,"Actual Rows": 229512,"Actual Loops": 1,"Index Cond": "((l_shipdate >= '1997-03-01'::date) AND (l_shipdate < '1997-06-01 00:00:00'::timestamp without time zone))"}]}]}]}]}]},"Planning Time": 4.209,"Triggers": [],"Execution Time": 2093.733}]
[{"Plan": {"Node Type": "Merge Join","Parallel Aware": false,"Async Capable": false,"Join Type": "Inner","Startup Cost": 249082.82,"Total Cost": 249603.72,"Plan Rows": 50,"Plan Width": 103,"Actual Startup Time": 2126.100,"Actual Total Time": 2126.160,"Actual Rows": 1,"Actual Loops": 1,"Inner Unique": true,"Merge Cond": "(supplier.s_suppkey = revenue0.supplier_no)","Plans": [{"Node Type": "Aggregate","Strategy": "Plain","Partial Mode": "Simple","Parent Relationship": "InitPlan","Subplan Name": "InitPlan 1 (returns $0)","Parallel Aware": false,"Async Capable": false,"Startup Cost": 124590.34,"Total Cost": 124590.35,"Plan Rows": 1,"Plan Width": 32,"Actual Startup Time": 998.528,"Actual Total Time": 998.543,"Actual Rows": 1,"Actual Loops": 1,"Plans": [{"Node Type": "Aggregate","Strategy": "Hashed","Partial Mode": "Simple","Parent Relationship": "Outer","Parallel Aware": false,"Async Capable": false,"Startup Cost": 124340.17,"Total Cost": 124465.25,"Plan Rows": 10007,"Plan Width": 36,"Actual Startup Time": 990.764,"Actual Total Time": 997.890,"Actual Rows": 10000,"Actual Loops": 1,"Group Key": ["lineitem_1.l_suppkey"],"Planned Partitions": 0,"HashAgg Batches": 1,"Peak Memory Usage": 4497,"Disk Usage": 0,"Plans": [{"Node Type": "Bitmap Heap Scan","Parent Relationship": "Outer","Parallel Aware": false,"Async Capable": false,"Relation Name": "lineitem","Alias": "lineitem_1","Startup Cost": 5625.22,"Total Cost": 122150.13,"Plan Rows": 219004,"Plan Width": 16,"Actual Startup Time": 59.388,"Actual Total Time": 778.284,"Actual Rows": 230322,"Actual Loops": 1,"Recheck Cond": "((l_shipdate >= '1994-03-01'::date) AND (l_shipdate < '1994-06-01 00:00:00'::timestamp without time zone))","Rows Removed by Index Recheck": 0,"Exact Heap Blocks": 67245,"Lossy Heap Blocks": 0,"Plans": [{"Node Type": "Bitmap Index Scan","Parent Relationship": "Outer","Parallel Aware": false,"Async Capable": false,"Index Name": "idx_lineitem_shipdate","Startup Cost": 0.00,"Total Cost": 5570.47,"Plan Rows": 219004,"Plan Width": 0,"Actual Startup Time": 45.592,"Actual Total Time": 45.604,"Actual Rows": 230322,"Actual Loops": 1,"Index Cond": "((l_shipdate >= '1994-03-01'::date) AND (l_shipdate < '1994-06-01 00:00:00'::timestamp without time zone))"}]}]}]},{"Node Type": "Index Scan","Parent Relationship": "Outer","Parallel Aware": false,"Async Capable": false,"Scan Direction": "Forward","Index Name": "supplier_pkey","Relation Name": "supplier","Alias": "supplier","Startup Cost": 0.29,"Total Cost": 495.43,"Plan Rows": 10000,"Plan Width": 71,"Actual Startup Time": 0.099,"Actual Total Time": 2.588,"Actual Rows": 1344,"Actual Loops": 1},{"Node Type": "Sort","Parent Relationship": "Inner","Parallel Aware": false,"Async Capable": false,"Startup Cost": 124492.18,"Total Cost": 124492.31,"Plan Rows": 50,"Plan Width": 36,"Actual Startup Time": 2123.373,"Actual Total Time": 2123.407,"Actual Rows": 1,"Actual Loops": 1,"Sort Key": ["revenue0.supplier_no"],"Sort Method": "quicksort","Sort Space Used": 25,"Sort Space Type": "Memory","Plans": [{"Node Type": "Subquery Scan","Parent Relationship": "Outer","Parallel Aware": false,"Async Capable": false,"Alias": "revenue0","Startup Cost": 124340.17,"Total Cost": 124490.77,"Plan Rows": 50,"Plan Width": 36,"Actual Startup Time": 2118.456,"Actual Total Time": 2123.316,"Actual Rows": 1,"Actual Loops": 1,"Plans": [{"Node Type": "Aggregate","Strategy": "Hashed","Partial Mode": "Simple","Parent Relationship": "Subquery","Parallel Aware": false,"Async Capable": false,"Startup Cost": 124340.17,"Total Cost": 124490.27,"Plan Rows": 50,"Plan Width": 36,"Actual Startup Time": 2118.440,"Actual Total Time": 2123.277,"Actual Rows": 1,"Actual Loops": 1,"Group Key": ["lineitem.l_suppkey"],"Filter": "(sum((lineitem.l_extendedprice * ('1'::numeric - lineitem.l_discount))) = $0)","Planned Partitions": 0,"HashAgg Batches": 1,"Peak Memory Usage": 4497,"Disk Usage": 0,"Rows Removed by Filter": 9999,"Plans": [{"Node Type": "Bitmap Heap Scan","Parent Relationship": "Outer","Parallel Aware": false,"Async Capable": false,"Relation Name": "lineitem","Alias": "lineitem","Startup Cost": 5625.22,"Total Cost": 122150.13,"Plan Rows": 219004,"Plan Width": 16,"Actual Startup Time": 55.051,"Actual Total Time": 942.271,"Actual Rows": 230322,"Actual Loops": 1,"Recheck Cond": "((l_shipdate >= '1994-03-01'::date) AND (l_shipdate < '1994-06-01 00:00:00'::timestamp without time zone))","Rows Removed by Index Recheck": 0,"Exact Heap Blocks": 67245,"Lossy Heap Blocks": 0,"Plans": [{"Node Type": "Bitmap Index Scan","Parent Relationship": "Outer","Parallel Aware": false,"Async Capable": false,"Index Name": "idx_lineitem_shipdate","Startup Cost": 0.00,"Total Cost": 5570.47,"Plan Rows": 219004,"Plan Width": 0,"Actual Startup Time": 41.443,"Actual Total Time": 41.461,"Actual Rows": 230322,"Actual Loops": 1,"Index Cond": "((l_shipdate >= '1994-03-01'::date) AND (l_shipdate < '1994-06-01 00:00:00'::timestamp without time zone))"}]}]}]}]}]},"Planning Time": 3.928,"Triggers": [],"Execution Time": 2131.152}]
[{"Plan": {"Node Type": "Merge Join","Parallel Aware": false,"Async Capable": false,"Join Type": "Inner","Startup Cost": 248233.16,"Total Cost": 248754.06,"Plan Rows": 50,"Plan Width": 103,"Actual Startup Time": 2105.260,"Actual Total Time": 2105.296,"Actual Rows": 1,"Actual Loops": 1,"Inner Unique": true,"Merge Cond": "(supplier.s_suppkey = revenue0.supplier_no)","Plans": [{"Node Type": "Aggregate","Strategy": "Plain","Partial Mode": "Simple","Parent Relationship": "InitPlan","Subplan Name": "InitPlan 1 (returns $0)","Parallel Aware": false,"Async Capable": false,"Startup Cost": 124165.51,"Total Cost": 124165.52,"Plan Rows": 1,"Plan Width": 32,"Actual Startup Time": 961.388,"Actual Total Time": 961.403,"Actual Rows": 1,"Actual Loops": 1,"Plans": [{"Node Type": "Aggregate","Strategy": "Hashed","Partial Mode": "Simple","Parent Relationship": "Outer","Parallel Aware": false,"Async Capable": false,"Startup Cost": 123915.34,"Total Cost": 124040.43,"Plan Rows": 10007,"Plan Width": 36,"Actual Startup Time": 954.808,"Actual Total Time": 960.810,"Actual Rows": 10000,"Actual Loops": 1,"Group Key": ["lineitem_1.l_suppkey"],"Planned Partitions": 0,"HashAgg Batches": 1,"Peak Memory Usage": 4497,"Disk Usage": 0,"Plans": [{"Node Type": "Bitmap Heap Scan","Parent Relationship": "Outer","Parallel Aware": false,"Async Capable": false,"Relation Name": "lineitem","Alias": "lineitem_1","Startup Cost": 5773.28,"Total Cost": 121666.71,"Plan Rows": 224863,"Plan Width": 16,"Actual Startup Time": 71.714,"Actual Total Time": 807.278,"Actual Rows": 229559,"Actual Loops": 1,"Recheck Cond": "((l_shipdate >= '1996-07-01'::date) AND (l_shipdate < '1996-10-01 00:00:00'::timestamp without time zone))","Rows Removed by Index Recheck": 0,"Exact Heap Blocks": 67366,"Lossy Heap Blocks": 0,"Plans": [{"Node Type": "Bitmap Index Scan","Parent Relationship": "Outer","Parallel Aware": false,"Async Capable": false,"Index Name": "idx_lineitem_shipdate","Startup Cost": 0.00,"Total Cost": 5717.06,"Plan Rows": 224863,"Plan Width": 0,"Actual Startup Time": 57.516,"Actual Total Time": 57.524,"Actual Rows": 229559,"Actual Loops": 1,"Index Cond": "((l_shipdate >= '1996-07-01'::date) AND (l_shipdate < '1996-10-01 00:00:00'::timestamp without time zone))"}]}]}]},{"Node Type": "Index Scan","Parent Relationship": "Outer","Parallel Aware": false,"Async Capable": false,"Scan Direction": "Forward","Index Name": "supplier_pkey","Relation Name": "supplier","Alias": "supplier","Startup Cost": 0.29,"Total Cost": 495.43,"Plan Rows": 10000,"Plan Width": 71,"Actual Startup Time": 0.107,"Actual Total Time": 1.132,"Actual Rows": 494,"Actual Loops": 1},{"Node Type": "Sort","Parent Relationship": "Inner","Parallel Aware": false,"Async Capable": false,"Startup Cost": 124067.35,"Total Cost": 124067.48,"Plan Rows": 50,"Plan Width": 36,"Actual Startup Time": 2104.066,"Actual Total Time": 2104.076,"Actual Rows": 1,"Actual Loops": 1,"Sort Key": ["revenue0.supplier_no"],"Sort Method": "quicksort","Sort Space Used": 25,"Sort Space Type": "Memory","Plans": [{"Node Type": "Subquery Scan","Parent Relationship": "Outer","Parallel Aware": false,"Async Capable": false,"Alias": "revenue0","Startup Cost": 123915.34,"Total Cost": 124065.94,"Plan Rows": 50,"Plan Width": 36,"Actual Startup Time": 2096.785,"Actual Total Time": 2104.011,"Actual Rows": 1,"Actual Loops": 1,"Plans": [{"Node Type": "Aggregate","Strategy": "Hashed","Partial Mode": "Simple","Parent Relationship": "Subquery","Parallel Aware": false,"Async Capable": false,"Startup Cost": 123915.34,"Total Cost": 124065.44,"Plan Rows": 50,"Plan Width": 36,"Actual Startup Time": 2096.781,"Actual Total Time": 2104.004,"Actual Rows": 1,"Actual Loops": 1,"Group Key": ["lineitem.l_suppkey"],"Filter": "(sum((lineitem.l_extendedprice * ('1'::numeric - lineitem.l_discount))) = $0)","Planned Partitions": 0,"HashAgg Batches": 1,"Peak Memory Usage": 4497,"Disk Usage": 0,"Rows Removed by Filter": 9999,"Plans": [{"Node Type": "Bitmap Heap Scan","Parent Relationship": "Outer","Parallel Aware": false,"Async Capable": false,"Relation Name": "lineitem","Alias": "lineitem","Startup Cost": 5773.28,"Total Cost": 121666.71,"Plan Rows": 224863,"Plan Width": 16,"Actual Startup Time": 68.917,"Actual Total Time": 948.187,"Actual Rows": 229559,"Actual Loops": 1,"Recheck Cond": "((l_shipdate >= '1996-07-01'::date) AND (l_shipdate < '1996-10-01 00:00:00'::timestamp without time zone))","Rows Removed by Index Recheck": 0,"Exact Heap Blocks": 67366,"Lossy Heap Blocks": 0,"Plans": [{"Node Type": "Bitmap Index Scan","Parent Relationship": "Outer","Parallel Aware": false,"Async Capable": false,"Index Name": "idx_lineitem_shipdate","Startup Cost": 0.00,"Total Cost": 5717.06,"Plan Rows": 224863,"Plan Width": 0,"Actual Startup Time": 55.144,"Actual Total Time": 55.147,"Actual Rows": 229559,"Actual Loops": 1,"Index Cond": "((l_shipdate >= '1996-07-01'::date) AND (l_shipdate < '1996-10-01 00:00:00'::timestamp without time zone))"}]}]}]}]}]},"Planning Time": 4.946,"Triggers": [],"Execution Time": 2110.202}]
[{"Plan": {"Node Type": "Merge Join","Parallel Aware": false,"Async Capable": false,"Join Type": "Inner","Startup Cost": 248878.98,"Total Cost": 249399.87,"Plan Rows": 50,"Plan Width": 103,"Actual Startup Time": 1926.035,"Actual Total Time": 1926.074,"Actual Rows": 1,"Actual Loops": 1,"Inner Unique": true,"Merge Cond": "(supplier.s_suppkey = revenue0.supplier_no)","Plans": [{"Node Type": "Aggregate","Strategy": "Plain","Partial Mode": "Simple","Parent Relationship": "InitPlan","Subplan Name": "InitPlan 1 (returns $0)","Parallel Aware": false,"Async Capable": false,"Startup Cost": 124488.42,"Total Cost": 124488.43,"Plan Rows": 1,"Plan Width": 32,"Actual Startup Time": 836.881,"Actual Total Time": 836.892,"Actual Rows": 1,"Actual Loops": 1,"Plans": [{"Node Type": "Aggregate","Strategy": "Hashed","Partial Mode": "Simple","Parent Relationship": "Outer","Parallel Aware": false,"Async Capable": false,"Startup Cost": 124238.24,"Total Cost": 124363.33,"Plan Rows": 10007,"Plan Width": 36,"Actual Startup Time": 829.174,"Actual Total Time": 836.298,"Actual Rows": 10000,"Actual Loops": 1,"Group Key": ["lineitem_1.l_suppkey"],"Planned Partitions": 0,"HashAgg Batches": 1,"Peak Memory Usage": 4497,"Disk Usage": 0,"Plans": [{"Node Type": "Bitmap Heap Scan","Parent Relationship": "Outer","Parallel Aware": false,"Async Capable": false,"Relation Name": "lineitem","Alias": "lineitem_1","Startup Cost": 5946.01,"Total Cost": 121922.55,"Plan Rows": 231569,"Plan Width": 16,"Actual Startup Time": 58.548,"Actual Total Time": 683.907,"Actual Rows": 231305,"Actual Loops": 1,"Recheck Cond": "((l_shipdate >= '1995-08-01'::date) AND (l_shipdate < '1995-11-01 00:00:00'::timestamp without time zone))","Rows Removed by Index Recheck": 0,"Exact Heap Blocks": 67198,"Lossy Heap Blocks": 0,"Plans": [{"Node Type": "Bitmap Index Scan","Parent Relationship": "Outer","Parallel Aware": false,"Async Capable": false,"Index Name": "idx_lineitem_shipdate","Startup Cost": 0.00,"Total Cost": 5888.12,"Plan Rows": 231569,"Plan Width": 0,"Actual Startup Time": 44.811,"Actual Total Time": 44.815,"Actual Rows": 231305,"Actual Loops": 1,"Index Cond": "((l_shipdate >= '1995-08-01'::date) AND (l_shipdate < '1995-11-01 00:00:00'::timestamp without time zone))"}]}]}]},{"Node Type": "Index Scan","Parent Relationship": "Outer","Parallel Aware": false,"Async Capable": false,"Scan Direction": "Forward","Index Name": "supplier_pkey","Relation Name": "supplier","Alias": "supplier","Startup Cost": 0.29,"Total Cost": 495.43,"Plan Rows": 10000,"Plan Width": 71,"Actual Startup Time": 0.102,"Actual Total Time": 3.125,"Actual Rows": 1822,"Actual Loops": 1},{"Node Type": "Sort","Parent Relationship": "Inner","Parallel Aware": false,"Async Capable": false,"Startup Cost": 124390.26,"Total Cost": 124390.39,"Plan Rows": 50,"Plan Width": 36,"Actual Startup Time": 1922.770,"Actual Total Time": 1922.783,"Actual Rows": 1,"Actual Loops": 1,"Sort Key": ["revenue0.supplier_no"],"Sort Method": "quicksort","Sort Space Used": 25,"Sort Space Type": "Memory","Plans": [{"Node Type": "Subquery Scan","Parent Relationship": "Outer","Parallel Aware": false,"Async Capable": false,"Alias": "revenue0","Startup Cost": 124238.24,"Total Cost": 124388.85,"Plan Rows": 50,"Plan Width": 36,"Actual Startup Time": 1898.789,"Actual Total Time": 1922.734,"Actual Rows": 1,"Actual Loops": 1,"Plans": [{"Node Type": "Aggregate","Strategy": "Hashed","Partial Mode": "Simple","Parent Relationship": "Subquery","Parallel Aware": false,"Async Capable": false,"Startup Cost": 124238.24,"Total Cost": 124388.35,"Plan Rows": 50,"Plan Width": 36,"Actual Startup Time": 1898.783,"Actual Total Time": 1922.722,"Actual Rows": 1,"Actual Loops": 1,"Group Key": ["lineitem.l_suppkey"],"Filter": "(sum((lineitem.l_extendedprice * ('1'::numeric - lineitem.l_discount))) = $0)","Planned Partitions": 0,"HashAgg Batches": 1,"Peak Memory Usage": 4497,"Disk Usage": 0,"Rows Removed by Filter": 9999,"Plans": [{"Node Type": "Bitmap Heap Scan","Parent Relationship": "Outer","Parallel Aware": false,"Async Capable": false,"Relation Name": "lineitem","Alias": "lineitem","Startup Cost": 5946.01,"Total Cost": 121922.55,"Plan Rows": 231569,"Plan Width": 16,"Actual Startup Time": 58.467,"Actual Total Time": 886.844,"Actual Rows": 231305,"Actual Loops": 1,"Recheck Cond": "((l_shipdate >= '1995-08-01'::date) AND (l_shipdate < '1995-11-01 00:00:00'::timestamp without time zone))","Rows Removed by Index Recheck": 0,"Exact Heap Blocks": 67198,"Lossy Heap Blocks": 0,"Plans": [{"Node Type": "Bitmap Index Scan","Parent Relationship": "Outer","Parallel Aware": false,"Async Capable": false,"Index Name": "idx_lineitem_shipdate","Startup Cost": 0.00,"Total Cost": 5888.12,"Plan Rows": 231569,"Plan Width": 0,"Actual Startup Time": 45.062,"Actual Total Time": 45.065,"Actual Rows": 231305,"Actual Loops": 1,"Index Cond": "((l_shipdate >= '1995-08-01'::date) AND (l_shipdate < '1995-11-01 00:00:00'::timestamp without time zone))"}]}]}]}]}]},"Planning Time": 4.599,"Triggers": [],"Execution Time": 1928.090}]
[{"Plan": {"Node Type": "Merge Join","Parallel Aware": false,"Async Capable": false,"Join Type": "Inner","Startup Cost": 249258.26,"Total Cost": 249779.16,"Plan Rows": 50,"Plan Width": 103,"Actual Startup Time": 2049.284,"Actual Total Time": 2049.315,"Actual Rows": 1,"Actual Loops": 1,"Inner Unique": true,"Merge Cond": "(supplier.s_suppkey = revenue0.supplier_no)","Plans": [{"Node Type": "Aggregate","Strategy": "Plain","Partial Mode": "Simple","Parent Relationship": "InitPlan","Subplan Name": "InitPlan 1 (returns $0)","Parallel Aware": false,"Async Capable": false,"Startup Cost": 124678.06,"Total Cost": 124678.07,"Plan Rows": 1,"Plan Width": 32,"Actual Startup Time": 930.818,"Actual Total Time": 930.829,"Actual Rows": 1,"Actual Loops": 1,"Plans": [{"Node Type": "Aggregate","Strategy": "Hashed","Partial Mode": "Simple","Parent Relationship": "Outer","Parallel Aware": false,"Async Capable": false,"Startup Cost": 124427.89,"Total Cost": 124552.98,"Plan Rows": 10007,"Plan Width": 36,"Actual Startup Time": 924.477,"Actual Total Time": 930.237,"Actual Rows": 10000,"Actual Loops": 1,"Group Key": ["lineitem_1.l_suppkey"],"Planned Partitions": 0,"HashAgg Batches": 1,"Peak Memory Usage": 4497,"Disk Usage": 0,"Plans": [{"Node Type": "Bitmap Heap Scan","Parent Relationship": "Outer","Parallel Aware": false,"Async Capable": false,"Relation Name": "lineitem","Alias": "lineitem_1","Startup Cost": 5592.22,"Total Cost": 122250.53,"Plan Rows": 217735,"Plan Width": 16,"Actual Startup Time": 64.565,"Actual Total Time": 777.964,"Actual Rows": 222319,"Actual Loops": 1,"Recheck Cond": "((l_shipdate >= '1997-02-01'::date) AND (l_shipdate < '1997-05-01 00:00:00'::timestamp without time zone))","Rows Removed by Index Recheck": 0,"Exact Heap Blocks": 66311,"Lossy Heap Blocks": 0,"Plans": [{"Node Type": "Bitmap Index Scan","Parent Relationship": "Outer","Parallel Aware": false,"Async Capable": false,"Index Name": "idx_lineitem_shipdate","Startup Cost": 0.00,"Total Cost": 5537.78,"Plan Rows": 217735,"Plan Width": 0,"Actual Startup Time": 50.700,"Actual Total Time": 50.704,"Actual Rows": 222319,"Actual Loops": 1,"Index Cond": "((l_shipdate >= '1997-02-01'::date) AND (l_shipdate < '1997-05-01 00:00:00'::timestamp without time zone))"}]}]}]},{"Node Type": "Index Scan","Parent Relationship": "Outer","Parallel Aware": false,"Async Capable": false,"Scan Direction": "Forward","Index Name": "supplier_pkey","Relation Name": "supplier","Alias": "supplier","Startup Cost": 0.29,"Total Cost": 495.43,"Plan Rows": 10000,"Plan Width": 71,"Actual Startup Time": 0.105,"Actual Total Time": 1.005,"Actual Rows": 435,"Actual Loops": 1},{"Node Type": "Sort","Parent Relationship": "Inner","Parallel Aware": false,"Async Capable": false,"Startup Cost": 124579.90,"Total Cost": 124580.03,"Plan Rows": 50,"Plan Width": 36,"Actual Startup Time": 2048.234,"Actual Total Time": 2048.243,"Actual Rows": 1,"Actual Loops": 1,"Sort Key": ["revenue0.supplier_no"],"Sort Method": "quicksort","Sort Space Used": 25,"Sort Space Type": "Memory","Plans": [{"Node Type": "Subquery Scan","Parent Relationship": "Outer","Parallel Aware": false,"Async Capable": false,"Alias": "revenue0","Startup Cost": 124427.89,"Total Cost": 124578.49,"Plan Rows": 50,"Plan Width": 36,"Actual Startup Time": 2038.148,"Actual Total Time": 2048.197,"Actual Rows": 1,"Actual Loops": 1,"Plans": [{"Node Type": "Aggregate","Strategy": "Hashed","Partial Mode": "Simple","Parent Relationship": "Subquery","Parallel Aware": false,"Async Capable": false,"Startup Cost": 124427.89,"Total Cost": 124577.99,"Plan Rows": 50,"Plan Width": 36,"Actual Startup Time": 2038.142,"Actual Total Time": 2048.186,"Actual Rows": 1,"Actual Loops": 1,"Group Key": ["lineitem.l_suppkey"],"Filter": "(sum((lineitem.l_extendedprice * ('1'::numeric - lineitem.l_discount))) = $0)","Planned Partitions": 0,"HashAgg Batches": 1,"Peak Memory Usage": 4497,"Disk Usage": 0,"Rows Removed by Filter": 9999,"Plans": [{"Node Type": "Bitmap Heap Scan","Parent Relationship": "Outer","Parallel Aware": false,"Async Capable": false,"Relation Name": "lineitem","Alias": "lineitem","Startup Cost": 5592.22,"Total Cost": 122250.53,"Plan Rows": 217735,"Plan Width": 16,"Actual Startup Time": 61.157,"Actual Total Time": 924.315,"Actual Rows": 222319,"Actual Loops": 1,"Recheck Cond": "((l_shipdate >= '1997-02-01'::date) AND (l_shipdate < '1997-05-01 00:00:00'::timestamp without time zone))","Rows Removed by Index Recheck": 0,"Exact Heap Blocks": 66311,"Lossy Heap Blocks": 0,"Plans": [{"Node Type": "Bitmap Index Scan","Parent Relationship": "Outer","Parallel Aware": false,"Async Capable": false,"Index Name": "idx_lineitem_shipdate","Startup Cost": 0.00,"Total Cost": 5537.78,"Plan Rows": 217735,"Plan Width": 0,"Actual Startup Time": 47.523,"Actual Total Time": 47.523,"Actual Rows": 222319,"Actual Loops": 1,"Index Cond": "((l_shipdate >= '1997-02-01'::date) AND (l_shipdate < '1997-05-01 00:00:00'::timestamp without time zone))"}]}]}]}]}]},"Planning Time": 4.276,"Triggers": [],"Execution Time": 2055.156}]
[{"Plan": {"Node Type": "Merge Join","Parallel Aware": false,"Async Capable": false,"Join Type": "Inner","Startup Cost": 248230.62,"Total Cost": 248751.52,"Plan Rows": 50,"Plan Width": 103,"Actual Startup Time": 2088.035,"Actual Total Time": 2088.078,"Actual Rows": 1,"Actual Loops": 1,"Inner Unique": true,"Merge Cond": "(supplier.s_suppkey = revenue0.supplier_no)","Plans": [{"Node Type": "Aggregate","Strategy": "Plain","Partial Mode": "Simple","Parent Relationship": "InitPlan","Subplan Name": "InitPlan 1 (returns $0)","Parallel Aware": false,"Async Capable": false,"Startup Cost": 124164.24,"Total Cost": 124164.25,"Plan Rows": 1,"Plan Width": 32,"Actual Startup Time": 950.841,"Actual Total Time": 950.857,"Actual Rows": 1,"Actual Loops": 1,"Plans": [{"Node Type": "Aggregate","Strategy": "Hashed","Partial Mode": "Simple","Parent Relationship": "Outer","Parallel Aware": false,"Async Capable": false,"Startup Cost": 123914.07,"Total Cost": 124039.16,"Plan Rows": 10007,"Plan Width": 36,"Actual Startup Time": 943.496,"Actual Total Time": 950.271,"Actual Rows": 10000,"Actual Loops": 1,"Group Key": ["lineitem_1.l_suppkey"],"Planned Partitions": 0,"HashAgg Batches": 1,"Peak Memory Usage": 4497,"Disk Usage": 0,"Plans": [{"Node Type": "Bitmap Heap Scan","Parent Relationship": "Outer","Parallel Aware": false,"Async Capable": false,"Relation Name": "lineitem","Alias": "lineitem_1","Startup Cost": 5777.92,"Total Cost": 121664.81,"Plan Rows": 224926,"Plan Width": 16,"Actual Startup Time": 60.846,"Actual Total Time": 795.969,"Actual Rows": 226622,"Actual Loops": 1,"Recheck Cond": "((l_shipdate >= '1996-04-01'::date) AND (l_shipdate < '1996-07-01 00:00:00'::timestamp without time zone))","Rows Removed by Index Recheck": 0,"Exact Heap Blocks": 66749,"Lossy Heap Blocks": 0,"Plans": [{"Node Type": "Bitmap Index Scan","Parent Relationship": "Outer","Parallel Aware": false,"Async Capable": false,"Index Name": "idx_lineitem_shipdate","Startup Cost": 0.00,"Total Cost": 5721.69,"Plan Rows": 224926,"Plan Width": 0,"Actual Startup Time": 47.031,"Actual Total Time": 47.038,"Actual Rows": 226622,"Actual Loops": 1,"Index Cond": "((l_shipdate >= '1996-04-01'::date) AND (l_shipdate < '1996-07-01 00:00:00'::timestamp without time zone))"}]}]}]},{"Node Type": "Index Scan","Parent Relationship": "Outer","Parallel Aware": false,"Async Capable": false,"Scan Direction": "Forward","Index Name": "supplier_pkey","Relation Name": "supplier","Alias": "supplier","Startup Cost": 0.29,"Total Cost": 495.43,"Plan Rows": 10000,"Plan Width": 71,"Actual Startup Time": 0.101,"Actual Total Time": 10.656,"Actual Rows": 6942,"Actual Loops": 1},{"Node Type": "Sort","Parent Relationship": "Inner","Parallel Aware": false,"Async Capable": false,"Startup Cost": 124066.08,"Total Cost": 124066.21,"Plan Rows": 50,"Plan Width": 36,"Actual Startup Time": 2076.966,"Actual Total Time": 2076.978,"Actual Rows": 1,"Actual Loops": 1,"Sort Key": ["revenue0.supplier_no"],"Sort Method": "quicksort","Sort Space Used": 25,"Sort Space Type": "Memory","Plans": [{"Node Type": "Subquery Scan","Parent Relationship": "Outer","Parallel Aware": false,"Async Capable": false,"Alias": "revenue0","Startup Cost": 123914.07,"Total Cost": 124064.67,"Plan Rows": 50,"Plan Width": 36,"Actual Startup Time": 2058.150,"Actual Total Time": 2076.927,"Actual Rows": 1,"Actual Loops": 1,"Plans": [{"Node Type": "Aggregate","Strategy": "Hashed","Partial Mode": "Simple","Parent Relationship": "Subquery","Parallel Aware": false,"Async Capable": false,"Startup Cost": 123914.07,"Total Cost": 124064.17,"Plan Rows": 50,"Plan Width": 36,"Actual Startup Time": 2058.141,"Actual Total Time": 2076.909,"Actual Rows": 1,"Actual Loops": 1,"Group Key": ["lineitem.l_suppkey"],"Filter": "(sum((lineitem.l_extendedprice * ('1'::numeric - lineitem.l_discount))) = $0)","Planned Partitions": 0,"HashAgg Batches": 1,"Peak Memory Usage": 4497,"Disk Usage": 0,"Rows Removed by Filter": 9999,"Plans": [{"Node Type": "Bitmap Heap Scan","Parent Relationship": "Outer","Parallel Aware": false,"Async Capable": false,"Relation Name": "lineitem","Alias": "lineitem","Startup Cost": 5777.92,"Total Cost": 121664.81,"Plan Rows": 224926,"Plan Width": 16,"Actual Startup Time": 54.640,"Actual Total Time": 931.835,"Actual Rows": 226622,"Actual Loops": 1,"Recheck Cond": "((l_shipdate >= '1996-04-01'::date) AND (l_shipdate < '1996-07-01 00:00:00'::timestamp without time zone))","Rows Removed by Index Recheck": 0,"Exact Heap Blocks": 66749,"Lossy Heap Blocks": 0,"Plans": [{"Node Type": "Bitmap Index Scan","Parent Relationship": "Outer","Parallel Aware": false,"Async Capable": false,"Index Name": "idx_lineitem_shipdate","Startup Cost": 0.00,"Total Cost": 5721.69,"Plan Rows": 224926,"Plan Width": 0,"Actual Startup Time": 41.150,"Actual Total Time": 41.151,"Actual Rows": 226622,"Actual Loops": 1,"Index Cond": "((l_shipdate >= '1996-04-01'::date) AND (l_shipdate < '1996-07-01 00:00:00'::timestamp without time zone))"}]}]}]}]}]},"Planning Time": 4.002,"Triggers": [],"Execution Time": 2092.348}]
[{"Plan": {"Node Type": "Merge Join","Parallel Aware": false,"Async Capable": false,"Join Type": "Inner","Startup Cost": 249118.89,"Total Cost": 249639.79,"Plan Rows": 50,"Plan Width": 103,"Actual Startup Time": 2101.709,"Actual Total Time": 2101.748,"Actual Rows": 1,"Actual Loops": 1,"Inner Unique": true,"Merge Cond": "(supplier.s_suppkey = revenue0.supplier_no)","Plans": [{"Node Type": "Aggregate","Strategy": "Plain","Partial Mode": "Simple","Parent Relationship": "InitPlan","Subplan Name": "InitPlan 1 (returns $0)","Parallel Aware": false,"Async Capable": false,"Startup Cost": 124608.38,"Total Cost": 124608.39,"Plan Rows": 1,"Plan Width": 32,"Actual Startup Time": 954.180,"Actual Total Time": 954.190,"Actual Rows": 1,"Actual Loops": 1,"Plans": [{"Node Type": "Aggregate","Strategy": "Hashed","Partial Mode": "Simple","Parent Relationship": "Outer","Parallel Aware": false,"Async Capable": false,"Startup Cost": 124358.20,"Total Cost": 124483.29,"Plan Rows": 10007,"Plan Width": 36,"Actual Startup Time": 944.717,"Actual Total Time": 953.609,"Actual Rows": 10000,"Actual Loops": 1,"Group Key": ["lineitem_1.l_suppkey"],"Planned Partitions": 0,"HashAgg Batches": 1,"Peak Memory Usage": 4497,"Disk Usage": 0,"Plans": [{"Node Type": "Bitmap Heap Scan","Parent Relationship": "Outer","Parallel Aware": false,"Async Capable": false,"Relation Name": "lineitem","Alias": "lineitem_1","Startup Cost": 6006.43,"Total Cost": 122018.70,"Plan Rows": 233951,"Plan Width": 16,"Actual Startup Time": 66.327,"Actual Total Time": 795.231,"Actual Rows": 229338,"Actual Loops": 1,"Recheck Cond": "((l_shipdate >= '1993-07-01'::date) AND (l_shipdate < '1993-10-01 00:00:00'::timestamp without time zone))","Rows Removed by Index Recheck": 0,"Exact Heap Blocks": 67061,"Lossy Heap Blocks": 0,"Plans": [{"Node Type": "Bitmap Index Scan","Parent Relationship": "Outer","Parallel Aware": false,"Async Capable": false,"Index Name": "idx_lineitem_shipdate","Startup Cost": 0.00,"Total Cost": 5947.94,"Plan Rows": 233951,"Plan Width": 0,"Actual Startup Time": 52.411,"Actual Total Time": 52.417,"Actual Rows": 229338,"Actual Loops": 1,"Index Cond": "((l_shipdate >= '1993-07-01'::date) AND (l_shipdate < '1993-10-01 00:00:00'::timestamp without time zone))"}]}]}]},{"Node Type": "Index Scan","Parent Relationship": "Outer","Parallel Aware": false,"Async Capable": false,"Scan Direction": "Forward","Index Name": "supplier_pkey","Relation Name": "supplier","Alias": "supplier","Startup Cost": 0.29,"Total Cost": 495.43,"Plan Rows": 10000,"Plan Width": 71,"Actual Startup Time": 0.105,"Actual Total Time": 12.941,"Actual Rows": 8280,"Actual Loops": 1},{"Node Type": "Sort","Parent Relationship": "Inner","Parallel Aware": false,"Async Capable": false,"Startup Cost": 124510.22,"Total Cost": 124510.34,"Plan Rows": 50,"Plan Width": 36,"Actual Startup Time": 2088.290,"Actual Total Time": 2088.302,"Actual Rows": 1,"Actual Loops": 1,"Sort Key": ["revenue0.supplier_no"],"Sort Method": "quicksort","Sort Space Used": 25,"Sort Space Type": "Memory","Plans": [{"Node Type": "Subquery Scan","Parent Relationship": "Outer","Parallel Aware": false,"Async Capable": false,"Alias": "revenue0","Startup Cost": 124358.20,"Total Cost": 124508.81,"Plan Rows": 50,"Plan Width": 36,"Actual Startup Time": 2064.473,"Actual Total Time": 2088.234,"Actual Rows": 1,"Actual Loops": 1,"Plans": [{"Node Type": "Aggregate","Strategy": "Hashed","Partial Mode": "Simple","Parent Relationship": "Subquery","Parallel Aware": false,"Async Capable": false,"Startup Cost": 124358.20,"Total Cost": 124508.31,"Plan Rows": 50,"Plan Width": 36,"Actual Startup Time": 2064.468,"Actual Total Time": 2088.223,"Actual Rows": 1,"Actual Loops": 1,"Group Key": ["lineitem.l_suppkey"],"Filter": "(sum((lineitem.l_extendedprice * ('1'::numeric - lineitem.l_discount))) = $0)","Planned Partitions": 0,"HashAgg Batches": 1,"Peak Memory Usage": 4497,"Disk Usage": 0,"Rows Removed by Filter": 9999,"Plans": [{"Node Type": "Bitmap Heap Scan","Parent Relationship": "Outer","Parallel Aware": false,"Async Capable": false,"Relation Name": "lineitem","Alias": "lineitem","Startup Cost": 6006.43,"Total Cost": 122018.70,"Plan Rows": 233951,"Plan Width": 16,"Actual Startup Time": 62.518,"Actual Total Time": 939.412,"Actual Rows": 229338,"Actual Loops": 1,"Recheck Cond": "((l_shipdate >= '1993-07-01'::date) AND (l_shipdate < '1993-10-01 00:00:00'::timestamp without time zone))","Rows Removed by Index Recheck": 0,"Exact Heap Blocks": 67061,"Lossy Heap Blocks": 0,"Plans": [{"Node Type": "Bitmap Index Scan","Parent Relationship": "Outer","Parallel Aware": false,"Async Capable": false,"Index Name": "idx_lineitem_shipdate","Startup Cost": 0.00,"Total Cost": 5947.94,"Plan Rows": 233951,"Plan Width": 0,"Actual Startup Time": 48.803,"Actual Total Time": 48.804,"Actual Rows": 229338,"Actual Loops": 1,"Index Cond": "((l_shipdate >= '1993-07-01'::date) AND (l_shipdate < '1993-10-01 00:00:00'::timestamp without time zone))"}]}]}]}]}]},"Planning Time": 4.394,"Triggers": [],"Execution Time": 2106.441}]
[{"Plan": {"Node Type": "Merge Join","Parallel Aware": false,"Async Capable": false,"Join Type": "Inner","Startup Cost": 248243.53,"Total Cost": 248764.43,"Plan Rows": 50,"Plan Width": 103,"Actual Startup Time": 1915.884,"Actual Total Time": 1915.929,"Actual Rows": 1,"Actual Loops": 1,"Inner Unique": true,"Merge Cond": "(supplier.s_suppkey = revenue0.supplier_no)","Plans": [{"Node Type": "Aggregate","Strategy": "Plain","Partial Mode": "Simple","Parent Relationship": "InitPlan","Subplan Name": "InitPlan 1 (returns $0)","Parallel Aware": false,"Async Capable": false,"Startup Cost": 124170.70,"Total Cost": 124170.71,"Plan Rows": 1,"Plan Width": 32,"Actual Startup Time": 821.081,"Actual Total Time": 821.096,"Actual Rows": 1,"Actual Loops": 1,"Plans": [{"Node Type": "Aggregate","Strategy": "Hashed","Partial Mode": "Simple","Parent Relationship": "Outer","Parallel Aware": false,"Async Capable": false,"Startup Cost": 123920.52,"Total Cost": 124045.61,"Plan Rows": 10007,"Plan Width": 36,"Actual Startup Time": 813.173,"Actual Total Time": 820.503,"Actual Rows": 10000,"Actual Loops": 1,"Group Key": ["lineitem_1.l_suppkey"],"Planned Partitions": 0,"HashAgg Batches": 1,"Peak Memory Usage": 4497,"Disk Usage": 0,"Plans": [{"Node Type": "Bitmap Heap Scan","Parent Relationship": "Outer","Parallel Aware": false,"Async Capable": false,"Relation Name": "lineitem","Alias": "lineitem_1","Startup Cost": 5785.54,"Total Cost": 121667.73,"Plan Rows": 225279,"Plan Width": 16,"Actual Startup Time": 53.465,"Actual Total Time": 668.418,"Actual Rows": 228688,"Actual Loops": 1,"Recheck Cond": "((l_shipdate >= '1997-10-01'::date) AND (l_shipdate < '1998-01-01 00:00:00'::timestamp without time zone))","Rows Removed by Index Recheck": 0,"Exact Heap Blocks": 67089,"Lossy Heap Blocks": 0,"Plans": [{"Node Type": "Bitmap Index Scan","Parent Relationship": "Outer","Parallel Aware": false,"Async Capable": false,"Index Name": "idx_lineitem_shipdate","Startup Cost": 0.00,"Total Cost": 5729.22,"Plan Rows": 225279,"Plan Width": 0,"Actual Startup Time": 39.849,"Actual Total Time": 39.857,"Actual Rows": 228688,"Actual Loops": 1,"Index Cond": "((l_shipdate >= '1997-10-01'::date) AND (l_shipdate < '1998-01-01 00:00:00'::timestamp without time zone))"}]}]}]},{"Node Type": "Index Scan","Parent Relationship": "Outer","Parallel Aware": false,"Async Capable": false,"Scan Direction": "Forward","Index Name": "supplier_pkey","Relation Name": "supplier","Alias": "supplier","Startup Cost": 0.29,"Total Cost": 495.43,"Plan Rows": 10000,"Plan Width": 71,"Actual Startup Time": 0.114,"Actual Total Time": 13.613,"Actual Rows": 8489,"Actual Loops": 1},{"Node Type": "Sort","Parent Relationship": "Inner","Parallel Aware": false,"Async Capable": false,"Startup Cost": 124072.54,"Total Cost": 124072.66,"Plan Rows": 50,"Plan Width": 36,"Actual Startup Time": 1901.761,"Actual Total Time": 1901.777,"Actual Rows": 1,"Actual Loops": 1,"Sort Key": ["revenue0.supplier_no"],"Sort Method": "quicksort","Sort Space Used": 25,"Sort Space Type": "Memory","Plans": [{"Node Type": "Subquery Scan","Parent Relationship": "Outer","Parallel Aware": false,"Async Capable": false,"Alias": "revenue0","Startup Cost": 123920.52,"Total Cost": 124071.13,"Plan Rows": 50,"Plan Width": 36,"Actual Startup Time": 1891.664,"Actual Total Time": 1901.731,"Actual Rows": 1,"Actual Loops": 1,"Plans": [{"Node Type": "Aggregate","Strategy": "Hashed","Partial Mode": "Simple","Parent Relationship": "Subquery","Parallel Aware": false,"Async Capable": false,"Startup Cost": 123920.52,"Total Cost": 124070.63,"Plan Rows": 50,"Plan Width": 36,"Actual Startup Time": 1891.658,"Actual Total Time": 1901.722,"Actual Rows": 1,"Actual Loops": 1,"Group Key": ["lineitem.l_suppkey"],"Filter": "(sum((lineitem.l_extendedprice * ('1'::numeric - lineitem.l_discount))) = $0)","Planned Partitions": 0,"HashAgg Batches": 1,"Peak Memory Usage": 4497,"Disk Usage": 0,"Rows Removed by Filter": 9999,"Plans": [{"Node Type": "Bitmap Heap Scan","Parent Relationship": "Outer","Parallel Aware": false,"Async Capable": false,"Relation Name": "lineitem","Alias": "lineitem","Startup Cost": 5785.54,"Total Cost": 121667.73,"Plan Rows": 225279,"Plan Width": 16,"Actual Startup Time": 53.563,"Actual Total Time": 882.400,"Actual Rows": 228688,"Actual Loops": 1,"Recheck Cond": "((l_shipdate >= '1997-10-01'::date) AND (l_shipdate < '1998-01-01 00:00:00'::timestamp without time zone))","Rows Removed by Index Recheck": 0,"Exact Heap Blocks": 67089,"Lossy Heap Blocks": 0,"Plans": [{"Node Type": "Bitmap Index Scan","Parent Relationship": "Outer","Parallel Aware": false,"Async Capable": false,"Index Name": "idx_lineitem_shipdate","Startup Cost": 0.00,"Total Cost": 5729.22,"Plan Rows": 225279,"Plan Width": 0,"Actual Startup Time": 40.246,"Actual Total Time": 40.250,"Actual Rows": 228688,"Actual Loops": 1,"Index Cond": "((l_shipdate >= '1997-10-01'::date) AND (l_shipdate < '1998-01-01 00:00:00'::timestamp without time zone))"}]}]}]}]}]},"Planning Time": 3.944,"Triggers": [],"Execution Time": 1917.936}]
[{"Plan": {"Node Type": "Merge Join","Parallel Aware": false,"Async Capable": false,"Join Type": "Inner","Startup Cost": 249012.02,"Total Cost": 249532.92,"Plan Rows": 50,"Plan Width": 103,"Actual Startup Time": 2119.244,"Actual Total Time": 2119.296,"Actual Rows": 1,"Actual Loops": 1,"Inner Unique": true,"Merge Cond": "(supplier.s_suppkey = revenue0.supplier_no)","Plans": [{"Node Type": "Aggregate","Strategy": "Plain","Partial Mode": "Simple","Parent Relationship": "InitPlan","Subplan Name": "InitPlan 1 (returns $0)","Parallel Aware": false,"Async Capable": false,"Startup Cost": 124554.94,"Total Cost": 124554.95,"Plan Rows": 1,"Plan Width": 32,"Actual Startup Time": 992.757,"Actual Total Time": 992.777,"Actual Rows": 1,"Actual Loops": 1,"Plans": [{"Node Type": "Aggregate","Strategy": "Hashed","Partial Mode": "Simple","Parent Relationship": "Outer","Parallel Aware": false,"Async Capable": false,"Startup Cost": 124304.77,"Total Cost": 124429.86,"Plan Rows": 10007,"Plan Width": 36,"Actual Startup Time": 985.158,"Actual Total Time": 992.112,"Actual Rows": 10000,"Actual Loops": 1,"Group Key": ["lineitem_1.l_suppkey"],"Planned Partitions": 0,"HashAgg Batches": 1,"Peak Memory Usage": 4497,"Disk Usage": 0,"Plans": [{"Node Type": "Bitmap Heap Scan","Parent Relationship": "Outer","Parallel Aware": false,"Async Capable": false,"Relation Name": "lineitem","Alias": "lineitem_1","Startup Cost": 5979.54,"Total Cost": 121975.88,"Plan Rows": 232889,"Plan Width": 16,"Actual Startup Time": 58.676,"Actual Total Time": 780.634,"Actual Rows": 229796,"Actual Loops": 1,"Recheck Cond": "((l_shipdate >= '1993-08-01'::date) AND (l_shipdate < '1993-11-01 00:00:00'::timestamp without time zone))","Rows Removed by Index Recheck": 0,"Exact Heap Blocks": 67184,"Lossy Heap Blocks": 0,"Plans": [{"Node Type": "Bitmap Index Scan","Parent Relationship": "Outer","Parallel Aware": false,"Async Capable": false,"Index Name": "idx_lineitem_shipdate","Startup Cost": 0.00,"Total Cost": 5921.32,"Plan Rows": 232889,"Plan Width": 0,"Actual Startup Time": 44.964,"Actual Total Time": 44.978,"Actual Rows": 229796,"Actual Loops": 1,"Index Cond": "((l_shipdate >= '1993-08-01'::date) AND (l_shipdate < '1993-11-01 00:00:00'::timestamp without time zone))"}]}]}]},{"Node Type": "Index Scan","Parent Relationship": "Outer","Parallel Aware": false,"Async Capable": false,"Scan Direction": "Forward","Index Name": "supplier_pkey","Relation Name": "supplier","Alias": "supplier","Startup Cost": 0.29,"Total Cost": 495.43,"Plan Rows": 10000,"Plan Width": 71,"Actual Startup Time": 0.109,"Actual Total Time": 11.654,"Actual Rows": 6952,"Actual Loops": 1},{"Node Type": "Sort","Parent Relationship": "Inner","Parallel Aware": false,"Async Capable": false,"Startup Cost": 124456.78,"Total Cost": 124456.91,"Plan Rows": 50,"Plan Width": 36,"Actual Startup Time": 2107.151,"Actual Total Time": 2107.177,"Actual Rows": 1,"Actual Loops": 1,"Sort Key": ["revenue0.supplier_no"],"Sort Method": "quicksort","Sort Space Used": 25,"Sort Space Type": "Memory","Plans": [{"Node Type": "Subquery Scan","Parent Relationship": "Outer","Parallel Aware": false,"Async Capable": false,"Alias": "revenue0","Startup Cost": 124304.77,"Total Cost": 124455.37,"Plan Rows": 50,"Plan Width": 36,"Actual Startup Time": 2103.069,"Actual Total Time": 2107.067,"Actual Rows": 1,"Actual Loops": 1,"Plans": [{"Node Type": "Aggregate","Strategy": "Hashed","Partial Mode": "Simple","Parent Relationship": "Subquery","Parallel Aware": false,"Async Capable": false,"Startup Cost": 124304.77,"Total Cost": 124454.87,"Plan Rows": 50,"Plan Width": 36,"Actual Startup Time": 2103.055,"Actual Total Time": 2107.034,"Actual Rows": 1,"Actual Loops": 1,"Group Key": ["lineitem.l_suppkey"],"Filter": "(sum((lineitem.l_extendedprice * ('1'::numeric - lineitem.l_discount))) = $0)","Planned Partitions": 0,"HashAgg Batches": 1,"Peak Memory Usage": 4497,"Disk Usage": 0,"Rows Removed by Filter": 9999,"Plans": [{"Node Type": "Bitmap Heap Scan","Parent Relationship": "Outer","Parallel Aware": false,"Async Capable": false,"Relation Name": "lineitem","Alias": "lineitem","Startup Cost": 5979.54,"Total Cost": 121975.88,"Plan Rows": 232889,"Plan Width": 16,"Actual Startup Time": 55.870,"Actual Total Time": 932.576,"Actual Rows": 229796,"Actual Loops": 1,"Recheck Cond": "((l_shipdate >= '1993-08-01'::date) AND (l_shipdate < '1993-11-01 00:00:00'::timestamp without time zone))","Rows Removed by Index Recheck": 0,"Exact Heap Blocks": 67184,"Lossy Heap Blocks": 0,"Plans": [{"Node Type": "Bitmap Index Scan","Parent Relationship": "Outer","Parallel Aware": false,"Async Capable": false,"Index Name": "idx_lineitem_shipdate","Startup Cost": 0.00,"Total Cost": 5921.32,"Plan Rows": 232889,"Plan Width": 0,"Actual Startup Time": 41.935,"Actual Total Time": 41.948,"Actual Rows": 229796,"Actual Loops": 1,"Index Cond": "((l_shipdate >= '1993-08-01'::date) AND (l_shipdate < '1993-11-01 00:00:00'::timestamp without time zone))"}]}]}]}]}]},"Planning Time": 4.203,"Triggers": [],"Execution Time": 2124.103}]
[{"Plan": {"Node Type": "Merge Join","Parallel Aware": false,"Async Capable": false,"Join Type": "Inner","Startup Cost": 249448.72,"Total Cost": 249969.61,"Plan Rows": 50,"Plan Width": 103,"Actual Startup Time": 1952.448,"Actual Total Time": 1952.508,"Actual Rows": 1,"Actual Loops": 1,"Inner Unique": true,"Merge Cond": "(supplier.s_suppkey = revenue0.supplier_no)","Plans": [{"Node Type": "Aggregate","Strategy": "Plain","Partial Mode": "Simple","Parent Relationship": "InitPlan","Subplan Name": "InitPlan 1 (returns $0)","Parallel Aware": false,"Async Capable": false,"Startup Cost": 124773.29,"Total Cost": 124773.30,"Plan Rows": 1,"Plan Width": 32,"Actual Startup Time": 900.052,"Actual Total Time": 900.075,"Actual Rows": 1,"Actual Loops": 1,"Plans": [{"Node Type": "Aggregate","Strategy": "Hashed","Partial Mode": "Simple","Parent Relationship": "Outer","Parallel Aware": false,"Async Capable": false,"Startup Cost": 124523.11,"Total Cost": 124648.20,"Plan Rows": 10007,"Plan Width": 36,"Actual Startup Time": 890.849,"Actual Total Time": 899.431,"Actual Rows": 10000,"Actual Loops": 1,"Group Key": ["lineitem_1.l_suppkey"],"Planned Partitions": 0,"HashAgg Batches": 1,"Peak Memory Usage": 4497,"Disk Usage": 0,"Plans": [{"Node Type": "Bitmap Heap Scan","Parent Relationship": "Outer","Parallel Aware": false,"Async Capable": false,"Relation Name": "lineitem","Alias": "lineitem_1","Startup Cost": 6091.26,"Total Cost": 122151.57,"Plan Rows": 237154,"Plan Width": 16,"Actual Startup Time": 48.844,"Actual Total Time": 683.550,"Actual Rows": 224101,"Actual Loops": 1,"Recheck Cond": "((l_shipdate >= '1994-12-01'::date) AND (l_shipdate < '1995-03-01 00:00:00'::timestamp without time zone))","Rows Removed by Index Recheck": 0,"Exact Heap Blocks": 66615,"Lossy Heap Blocks": 0,"Plans": [{"Node Type": "Bitmap Index Scan","Parent Relationship": "Outer","Parallel Aware": false,"Async Capable": false,"Index Name": "idx_lineitem_shipdate","Startup Cost": 0.00,"Total Cost": 6031.97,"Plan Rows": 237154,"Plan Width": 0,"Actual Startup Time": 35.547,"Actual Total Time": 35.567,"Actual Rows": 224101,"Actual Loops": 1,"Index Cond": "((l_shipdate >= '1994-12-01'::date) AND (l_shipdate < '1995-03-01 00:00:00'::timestamp without time zone))"}]}]}]},{"Node Type": "Index Scan","Parent Relationship": "Outer","Parallel Aware": false,"Async Capable": false,"Scan Direction": "Forward","Index Name": "supplier_pkey","Relation Name": "supplier","Alias": "supplier","Startup Cost": 0.29,"Total Cost": 495.43,"Plan Rows": 10000,"Plan Width": 71,"Actual Startup Time": 0.085,"Actual Total Time": 12.935,"Actual Rows": 8423,"Actual Loops": 1},{"Node Type": "Sort","Parent Relationship": "Inner","Parallel Aware": false,"Async Capable": false,"Startup Cost": 124675.13,"Total Cost": 124675.26,"Plan Rows": 50,"Plan Width": 36,"Actual Startup Time": 1938.983,"Actual Total Time": 1938.999,"Actual Rows": 1,"Actual Loops": 1,"Sort Key": ["revenue0.supplier_no"],"Sort Method": "quicksort","Sort Space Used": 25,"Sort Space Type": "Memory","Plans": [{"Node Type": "Subquery Scan","Parent Relationship": "Outer","Parallel Aware": false,"Async Capable": false,"Alias": "revenue0","Startup Cost": 124523.11,"Total Cost": 124673.72,"Plan Rows": 50,"Plan Width": 36,"Actual Startup Time": 1938.890,"Actual Total Time": 1938.948,"Actual Rows": 1,"Actual Loops": 1,"Plans": [{"Node Type": "Aggregate","Strategy": "Hashed","Partial Mode": "Simple","Parent Relationship": "Subquery","Parallel Aware": false,"Async Capable": false,"Startup Cost": 124523.11,"Total Cost": 124673.22,"Plan Rows": 50,"Plan Width": 36,"Actual Startup Time": 1938.875,"Actual Total Time": 1938.909,"Actual Rows": 1,"Actual Loops": 1,"Group Key": ["lineitem.l_suppkey"],"Filter": "(sum((lineitem.l_extendedprice * ('1'::numeric - lineitem.l_discount))) = $0)","Planned Partitions": 0,"HashAgg Batches": 1,"Peak Memory Usage": 4497,"Disk Usage": 0,"Rows Removed by Filter": 9999,"Plans": [{"Node Type": "Bitmap Heap Scan","Parent Relationship": "Outer","Parallel Aware": false,"Async Capable": false,"Relation Name": "lineitem","Alias": "lineitem","Startup Cost": 6091.26,"Total Cost": 122151.57,"Plan Rows": 237154,"Plan Width": 16,"Actual Startup Time": 49.105,"Actual Total Time": 856.632,"Actual Rows": 224101,"Actual Loops": 1,"Recheck Cond": "((l_shipdate >= '1994-12-01'::date) AND (l_shipdate < '1995-03-01 00:00:00'::timestamp without time zone))","Rows Removed by Index Recheck": 0,"Exact Heap Blocks": 66615,"Lossy Heap Blocks": 0,"Plans": [{"Node Type": "Bitmap Index Scan","Parent Relationship": "Outer","Parallel Aware": false,"Async Capable": false,"Index Name": "idx_lineitem_shipdate","Startup Cost": 0.00,"Total Cost": 6031.97,"Plan Rows": 237154,"Plan Width": 0,"Actual Startup Time": 35.803,"Actual Total Time": 35.803,"Actual Rows": 224101,"Actual Loops": 1,"Index Cond": "((l_shipdate >= '1994-12-01'::date) AND (l_shipdate < '1995-03-01 00:00:00'::timestamp without time zone))"}]}]}]}]}]},"Planning Time": 5.356,"Triggers": [],"Execution Time": 1958.420}]
[{"Plan": {"Node Type": "Merge Join","Parallel Aware": false,"Async Capable": false,"Join Type": "Inner","Startup Cost": 248790.52,"Total Cost": 249311.42,"Plan Rows": 50,"Plan Width": 103,"Actual Startup Time": 1983.963,"Actual Total Time": 1983.999,"Actual Rows": 1,"Actual Loops": 1,"Inner Unique": true,"Merge Cond": "(supplier.s_suppkey = revenue0.supplier_no)","Plans": [{"Node Type": "Aggregate","Strategy": "Plain","Partial Mode": "Simple","Parent Relationship": "InitPlan","Subplan Name": "InitPlan 1 (returns $0)","Parallel Aware": false,"Async Capable": false,"Startup Cost": 124444.19,"Total Cost": 124444.20,"Plan Rows": 1,"Plan Width": 32,"Actual Startup Time": 870.346,"Actual Total Time": 870.363,"Actual Rows": 1,"Actual Loops": 1,"Plans": [{"Node Type": "Aggregate","Strategy": "Hashed","Partial Mode": "Simple","Parent Relationship": "Outer","Parallel Aware": false,"Async Capable": false,"Startup Cost": 124194.02,"Total Cost": 124319.10,"Plan Rows": 10007,"Plan Width": 36,"Actual Startup Time": 861.387,"Actual Total Time": 869.774,"Actual Rows": 10000,"Actual Loops": 1,"Group Key": ["lineitem_1.l_suppkey"],"Planned Partitions": 0,"HashAgg Batches": 1,"Peak Memory Usage": 4497,"Disk Usage": 0,"Plans": [{"Node Type": "Bitmap Heap Scan","Parent Relationship": "Outer","Parallel Aware": false,"Async Capable": false,"Relation Name": "lineitem","Alias": "lineitem_1","Startup Cost": 5924.65,"Total Cost": 121887.47,"Plan Rows": 230655,"Plan Width": 16,"Actual Startup Time": 48.641,"Actual Total Time": 688.563,"Actual Rows": 229970,"Actual Loops": 1,"Recheck Cond": "((l_shipdate >= '1997-05-01'::date) AND (l_shipdate < '1997-08-01 00:00:00'::timestamp without time zone))","Rows Removed by Index Recheck": 0,"Exact Heap Blocks": 67328,"Lossy Heap Blocks": 0,"Plans": [{"Node Type": "Bitmap Index Scan","Parent Relationship": "Outer","Parallel Aware": false,"Async Capable": false,"Index Name": "idx_lineitem_shipdate","Startup Cost": 0.00,"Total Cost": 5866.98,"Plan Rows": 230655,"Plan Width": 0,"Actual Startup Time": 35.373,"Actual Total Time": 35.379,"Actual Rows": 229970,"Actual Loops": 1,"Index Cond": "((l_shipdate >= '1997-05-01'::date) AND (l_shipdate < '1997-08-01 00:00:00'::timestamp without time zone))"}]}]}]},{"Node Type": "Index Scan","Parent Relationship": "Outer","Parallel Aware": false,"Async Capable": false,"Scan Direction": "Forward","Index Name": "supplier_pkey","Relation Name": "supplier","Alias": "supplier","Startup Cost": 0.29,"Total Cost": 495.43,"Plan Rows": 10000,"Plan Width": 71,"Actual Startup Time": 0.081,"Actual Total Time": 1.818,"Actual Rows": 977,"Actual Loops": 1},{"Node Type": "Sort","Parent Relationship": "Inner","Parallel Aware": false,"Async Capable": false,"Startup Cost": 124346.03,"Total Cost": 124346.16,"Plan Rows": 50,"Plan Width": 36,"Actual Startup Time": 1982.064,"Actual Total Time": 1982.074,"Actual Rows": 1,"Actual Loops": 1,"Sort Key": ["revenue0.supplier_no"],"Sort Method": "quicksort","Sort Space Used": 25,"Sort Space Type": "Memory","Plans": [{"Node Type": "Subquery Scan","Parent Relationship": "Outer","Parallel Aware": false,"Async Capable": false,"Alias": "revenue0","Startup Cost": 124194.02,"Total Cost": 124344.62,"Plan Rows": 50,"Plan Width": 36,"Actual Startup Time": 1977.425,"Actual Total Time": 1982.032,"Actual Rows": 1,"Actual Loops": 1,"Plans": [{"Node Type": "Aggregate","Strategy": "Hashed","Partial Mode": "Simple","Parent Relationship": "Subquery","Parallel Aware": false,"Async Capable": false,"Startup Cost": 124194.02,"Total Cost": 124344.12,"Plan Rows": 50,"Plan Width": 36,"Actual Startup Time": 1977.416,"Actual Total Time": 1982.019,"Actual Rows": 1,"Actual Loops": 1,"Group Key": ["lineitem.l_suppkey"],"Filter": "(sum((lineitem.l_extendedprice * ('1'::numeric - lineitem.l_discount))) = $0)","Planned Partitions": 0,"HashAgg Batches": 1,"Peak Memory Usage": 4497,"Disk Usage": 0,"Rows Removed by Filter": 9999,"Plans": [{"Node Type": "Bitmap Heap Scan","Parent Relationship": "Outer","Parallel Aware": false,"Async Capable": false,"Relation Name": "lineitem","Alias": "lineitem","Startup Cost": 5924.65,"Total Cost": 121887.47,"Plan Rows": 230655,"Plan Width": 16,"Actual Startup Time": 49.950,"Actual Total Time": 900.000,"Actual Rows": 229970,"Actual Loops": 1,"Recheck Cond": "((l_shipdate >= '1997-05-01'::date) AND (l_shipdate < '1997-08-01 00:00:00'::timestamp without time zone))","Rows Removed by Index Recheck": 0,"Exact Heap Blocks": 67328,"Lossy Heap Blocks": 0,"Plans": [{"Node Type": "Bitmap Index Scan","Parent Relationship": "Outer","Parallel Aware": false,"Async Capable": false,"Index Name": "idx_lineitem_shipdate","Startup Cost": 0.00,"Total Cost": 5866.98,"Plan Rows": 230655,"Plan Width": 0,"Actual Startup Time": 36.810,"Actual Total Time": 36.810,"Actual Rows": 229970,"Actual Loops": 1,"Index Cond": "((l_shipdate >= '1997-05-01'::date) AND (l_shipdate < '1997-08-01 00:00:00'::timestamp without time zone))"}]}]}]}]}]},"Planning Time": 5.469,"Triggers": [],"Execution Time": 1986.524}]
[{"Plan": {"Node Type": "Merge Join","Parallel Aware": false,"Async Capable": false,"Join Type": "Inner","Startup Cost": 249146.21,"Total Cost": 249667.11,"Plan Rows": 50,"Plan Width": 103,"Actual Startup Time": 2028.234,"Actual Total Time": 2028.282,"Actual Rows": 1,"Actual Loops": 1,"Inner Unique": true,"Merge Cond": "(supplier.s_suppkey = revenue0.supplier_no)","Plans": [{"Node Type": "Aggregate","Strategy": "Plain","Partial Mode": "Simple","Parent Relationship": "InitPlan","Subplan Name": "InitPlan 1 (returns $0)","Parallel Aware": false,"Async Capable": false,"Startup Cost": 124622.04,"Total Cost": 124622.05,"Plan Rows": 1,"Plan Width": 32,"Actual Startup Time": 930.480,"Actual Total Time": 930.506,"Actual Rows": 1,"Actual Loops": 1,"Plans": [{"Node Type": "Aggregate","Strategy": "Hashed","Partial Mode": "Simple","Parent Relationship": "Outer","Parallel Aware": false,"Async Capable": false,"Startup Cost": 124371.86,"Total Cost": 124496.95,"Plan Rows": 10007,"Plan Width": 36,"Actual Startup Time": 921.451,"Actual Total Time": 929.857,"Actual Rows": 10000,"Actual Loops": 1,"Group Key": ["lineitem_1.l_suppkey"],"Planned Partitions": 0,"HashAgg Batches": 1,"Peak Memory Usage": 4497,"Disk Usage": 0,"Plans": [{"Node Type": "Bitmap Heap Scan","Parent Relationship": "Outer","Parallel Aware": false,"Async Capable": false,"Relation Name": "lineitem","Alias": "lineitem_1","Startup Cost": 6013.24,"Total Cost": 122029.61,"Plan Rows": 234225,"Plan Width": 16,"Actual Startup Time": 55.960,"Actual Total Time": 717.488,"Actual Rows": 231352,"Actual Loops": 1,"Recheck Cond": "((l_shipdate >= '1996-10-01'::date) AND (l_shipdate < '1997-01-01 00:00:00'::timestamp without time zone))","Rows Removed by Index Recheck": 0,"Exact Heap Blocks": 67396,"Lossy Heap Blocks": 0,"Plans": [{"Node Type": "Bitmap Index Scan","Parent Relationship": "Outer","Parallel Aware": false,"Async Capable": false,"Index Name": "idx_lineitem_shipdate","Startup Cost": 0.00,"Total Cost": 5954.68,"Plan Rows": 234225,"Plan Width": 0,"Actual Startup Time": 42.612,"Actual Total Time": 42.627,"Actual Rows": 231352,"Actual Loops": 1,"Index Cond": "((l_shipdate >= '1996-10-01'::date) AND (l_shipdate < '1997-01-01 00:00:00'::timestamp without time zone))"}]}]}]},{"Node Type": "Index Scan","Parent Relationship": "Outer","Parallel Aware": false,"Async Capable": false,"Scan Direction": "Forward","Index Name": "supplier_pkey","Relation Name": "supplier","Alias": "supplier","Startup Cost": 0.29,"Total Cost": 495.43,"Plan Rows": 10000,"Plan Width": 71,"Actual Startup Time": 0.137,"Actual Total Time": 5.844,"Actual Rows": 3442,"Actual Loops": 1},{"Node Type": "Sort","Parent Relationship": "Inner","Parallel Aware": false,"Async Capable": false,"Startup Cost": 124523.88,"Total Cost": 124524.01,"Plan Rows": 50,"Plan Width": 36,"Actual Startup Time": 2022.134,"Actual Total Time": 2022.146,"Actual Rows": 1,"Actual Loops": 1,"Sort Key": ["revenue0.supplier_no"],"Sort Method": "quicksort","Sort Space Used": 25,"Sort Space Type": "Memory","Plans": [{"Node Type": "Subquery Scan","Parent Relationship": "Outer","Parallel Aware": false,"Async Capable": false,"Alias": "revenue0","Startup Cost": 124371.86,"Total Cost": 124522.47,"Plan Rows": 50,"Plan Width": 36,"Actual Startup Time": 2010.890,"Actual Total Time": 2022.087,"Actual Rows": 1,"Actual Loops": 1,"Plans": [{"Node Type": "Aggregate","Strategy": "Hashed","Partial Mode": "Simple","Parent Relationship": "Subquery","Parallel Aware": false,"Async Capable": false,"Startup Cost": 124371.86,"Total Cost": 124521.97,"Plan Rows": 50,"Plan Width": 36,"Actual Startup Time": 2010.873,"Actual Total Time": 2022.049,"Actual Rows": 1,"Actual Loops": 1,"Group Key": ["lineitem.l_suppkey"],"Filter": "(sum((lineitem.l_extendedprice * ('1'::numeric - lineitem.l_discount))) = $0)","Planned Partitions": 0,"HashAgg Batches": 1,"Peak Memory Usage": 4497,"Disk Usage": 0,"Rows Removed by Filter": 9999,"Plans": [{"Node Type": "Bitmap Heap Scan","Parent Relationship": "Outer","Parallel Aware": false,"Async Capable": false,"Relation Name": "lineitem","Alias": "lineitem","Startup Cost": 6013.24,"Total Cost": 122029.61,"Plan Rows": 234225,"Plan Width": 16,"Actual Startup Time": 57.882,"Actual Total Time": 902.129,"Actual Rows": 231352,"Actual Loops": 1,"Recheck Cond": "((l_shipdate >= '1996-10-01'::date) AND (l_shipdate < '1997-01-01 00:00:00'::timestamp without time zone))","Rows Removed by Index Recheck": 0,"Exact Heap Blocks": 67396,"Lossy Heap Blocks": 0,"Plans": [{"Node Type": "Bitmap Index Scan","Parent Relationship": "Outer","Parallel Aware": false,"Async Capable": false,"Index Name": "idx_lineitem_shipdate","Startup Cost": 0.00,"Total Cost": 5954.68,"Plan Rows": 234225,"Plan Width": 0,"Actual Startup Time": 44.484,"Actual Total Time": 44.484,"Actual Rows": 231352,"Actual Loops": 1,"Index Cond": "((l_shipdate >= '1996-10-01'::date) AND (l_shipdate < '1997-01-01 00:00:00'::timestamp without time zone))"}]}]}]}]}]},"Planning Time": 5.220,"Triggers": [],"Execution Time": 2034.122}]
[{"Plan": {"Node Type": "Merge Join","Parallel Aware": false,"Async Capable": false,"Join Type": "Inner","Startup Cost": 249067.58,"Total Cost": 249588.48,"Plan Rows": 50,"Plan Width": 103,"Actual Startup Time": 1943.314,"Actual Total Time": 1943.349,"Actual Rows": 1,"Actual Loops": 1,"Inner Unique": true,"Merge Cond": "(supplier.s_suppkey = revenue0.supplier_no)","Plans": [{"Node Type": "Aggregate","Strategy": "Plain","Partial Mode": "Simple","Parent Relationship": "InitPlan","Subplan Name": "InitPlan 1 (returns $0)","Parallel Aware": false,"Async Capable": false,"Startup Cost": 124582.72,"Total Cost": 124582.73,"Plan Rows": 1,"Plan Width": 32,"Actual Startup Time": 848.418,"Actual Total Time": 848.429,"Actual Rows": 1,"Actual Loops": 1,"Plans": [{"Node Type": "Aggregate","Strategy": "Hashed","Partial Mode": "Simple","Parent Relationship": "Outer","Parallel Aware": false,"Async Capable": false,"Startup Cost": 124332.55,"Total Cost": 124457.64,"Plan Rows": 10007,"Plan Width": 36,"Actual Startup Time": 837.964,"Actual Total Time": 847.834,"Actual Rows": 10000,"Actual Loops": 1,"Group Key": ["lineitem_1.l_suppkey"],"Planned Partitions": 0,"HashAgg Batches": 1,"Peak Memory Usage": 4497,"Disk Usage": 0,"Plans": [{"Node Type": "Bitmap Heap Scan","Parent Relationship": "Outer","Parallel Aware": false,"Async Capable": false,"Relation Name": "lineitem","Alias": "lineitem_1","Startup Cost": 5993.30,"Total Cost": 121998.05,"Plan Rows": 233450,"Plan Width": 16,"Actual Startup Time": 50.617,"Actual Total Time": 672.114,"Actual Rows": 230363,"Actual Loops": 1,"Recheck Cond": "((l_shipdate >= '1995-05-01'::date) AND (l_shipdate < '1995-08-01 00:00:00'::timestamp without time zone))","Rows Removed by Index Recheck": 0,"Exact Heap Blocks": 67561,"Lossy Heap Blocks": 0,"Plans": [{"Node Type": "Bitmap Index Scan","Parent Relationship": "Outer","Parallel Aware": false,"Async Capable": false,"Index Name": "idx_lineitem_shipdate","Startup Cost": 0.00,"Total Cost": 5934.93,"Plan Rows": 233450,"Plan Width": 0,"Actual Startup Time": 37.100,"Actual Total Time": 37.103,"Actual Rows": 230363,"Actual Loops": 1,"Index Cond": "((l_shipdate >= '1995-05-01'::date) AND (l_shipdate < '1995-08-01 00:00:00'::timestamp without time zone))"}]}]}]},{"Node Type": "Index Scan","Parent Relationship": "Outer","Parallel Aware": false,"Async Capable": false,"Scan Direction": "Forward","Index Name": "supplier_pkey","Relation Name": "supplier","Alias": "supplier","Startup Cost": 0.29,"Total Cost": 495.43,"Plan Rows": 10000,"Plan Width": 71,"Actual Startup Time": 0.105,"Actual Total Time": 6.996,"Actual Rows": 4313,"Actual Loops": 1},{"Node Type": "Sort","Parent Relationship": "Inner","Parallel Aware": false,"Async Capable": false,"Startup Cost": 124484.57,"Total Cost": 124484.69,"Plan Rows": 50,"Plan Width": 36,"Actual Startup Time": 1936.037,"Actual Total Time": 1936.050,"Actual Rows": 1,"Actual Loops": 1,"Sort Key": ["revenue0.supplier_no"],"Sort Method": "quicksort","Sort Space Used": 25,"Sort Space Type": "Memory","Plans": [{"Node Type": "Subquery Scan","Parent Relationship": "Outer","Parallel Aware": false,"Async Capable": false,"Alias": "revenue0","Startup Cost": 124332.55,"Total Cost": 124483.15,"Plan Rows": 50,"Plan Width": 36,"Actual Startup Time": 1918.349,"Actual Total Time": 1936.015,"Actual Rows": 1,"Actual Loops": 1,"Plans": [{"Node Type": "Aggregate","Strategy": "Hashed","Partial Mode": "Simple","Parent Relationship": "Subquery","Parallel Aware": false,"Async Capable": false,"Startup Cost": 124332.55,"Total Cost": 124482.65,"Plan Rows": 50,"Plan Width": 36,"Actual Startup Time": 1918.345,"Actual Total Time": 1936.006,"Actual Rows": 1,"Actual Loops": 1,"Group Key": ["lineitem.l_suppkey"],"Filter": "(sum((lineitem.l_extendedprice * ('1'::numeric - lineitem.l_discount))) = $0)","Planned Partitions": 0,"HashAgg Batches": 1,"Peak Memory Usage": 4497,"Disk Usage": 0,"Rows Removed by Filter": 9999,"Plans": [{"Node Type": "Bitmap Heap Scan","Parent Relationship": "Outer","Parallel Aware": false,"Async Capable": false,"Relation Name": "lineitem","Alias": "lineitem","Startup Cost": 5993.30,"Total Cost": 121998.05,"Plan Rows": 233450,"Plan Width": 16,"Actual Startup Time": 50.872,"Actual Total Time": 888.924,"Actual Rows": 230363,"Actual Loops": 1,"Recheck Cond": "((l_shipdate >= '1995-05-01'::date) AND (l_shipdate < '1995-08-01 00:00:00'::timestamp without time zone))","Rows Removed by Index Recheck": 0,"Exact Heap Blocks": 67561,"Lossy Heap Blocks": 0,"Plans": [{"Node Type": "Bitmap Index Scan","Parent Relationship": "Outer","Parallel Aware": false,"Async Capable": false,"Index Name": "idx_lineitem_shipdate","Startup Cost": 0.00,"Total Cost": 5934.93,"Plan Rows": 233450,"Plan Width": 0,"Actual Startup Time": 37.359,"Actual Total Time": 37.360,"Actual Rows": 230363,"Actual Loops": 1,"Index Cond": "((l_shipdate >= '1995-05-01'::date) AND (l_shipdate < '1995-08-01 00:00:00'::timestamp without time zone))"}]}]}]}]}]},"Planning Time": 4.245,"Triggers": [],"Execution Time": 1946.397}]
[{"Plan": {"Node Type": "Merge Join","Parallel Aware": false,"Async Capable": false,"Join Type": "Inner","Startup Cost": 249108.95,"Total Cost": 249629.85,"Plan Rows": 50,"Plan Width": 103,"Actual Startup Time": 2087.724,"Actual Total Time": 2087.761,"Actual Rows": 1,"Actual Loops": 1,"Inner Unique": true,"Merge Cond": "(supplier.s_suppkey = revenue0.supplier_no)","Plans": [{"Node Type": "Aggregate","Strategy": "Plain","Partial Mode": "Simple","Parent Relationship": "InitPlan","Subplan Name": "InitPlan 1 (returns $0)","Parallel Aware": false,"Async Capable": false,"Startup Cost": 124603.41,"Total Cost": 124603.42,"Plan Rows": 1,"Plan Width": 32,"Actual Startup Time": 943.876,"Actual Total Time": 943.892,"Actual Rows": 1,"Actual Loops": 1,"Plans": [{"Node Type": "Aggregate","Strategy": "Hashed","Partial Mode": "Simple","Parent Relationship": "Outer","Parallel Aware": false,"Async Capable": false,"Startup Cost": 124353.23,"Total Cost": 124478.32,"Plan Rows": 10007,"Plan Width": 36,"Actual Startup Time": 936.828,"Actual Total Time": 943.290,"Actual Rows": 10000,"Actual Loops": 1,"Group Key": ["lineitem_1.l_suppkey"],"Planned Partitions": 0,"HashAgg Batches": 1,"Peak Memory Usage": 4497,"Disk Usage": 0,"Plans": [{"Node Type": "Bitmap Heap Scan","Parent Relationship": "Outer","Parallel Aware": false,"Async Capable": false,"Relation Name": "lineitem","Alias": "lineitem_1","Startup Cost": 6004.98,"Total Cost": 122015.13,"Plan Rows": 233810,"Plan Width": 16,"Actual Startup Time": 58.797,"Actual Total Time": 790.100,"Actual Rows": 229794,"Actual Loops": 1,"Recheck Cond": "((l_shipdate >= '1997-08-01'::date) AND (l_shipdate < '1997-11-01 00:00:00'::timestamp without time zone))","Rows Removed by Index Recheck": 0,"Exact Heap Blocks": 67334,"Lossy Heap Blocks": 0,"Plans": [{"Node Type": "Bitmap Index Scan","Parent Relationship": "Outer","Parallel Aware": false,"Async Capable": false,"Index Name": "idx_lineitem_shipdate","Startup Cost": 0.00,"Total Cost": 5946.53,"Plan Rows": 233810,"Plan Width": 0,"Actual Startup Time": 45.013,"Actual Total Time": 45.020,"Actual Rows": 229794,"Actual Loops": 1,"Index Cond": "((l_shipdate >= '1997-08-01'::date) AND (l_shipdate < '1997-11-01 00:00:00'::timestamp without time zone))"}]}]}]},{"Node Type": "Index Scan","Parent Relationship": "Outer","Parallel Aware": false,"Async Capable": false,"Scan Direction": "Forward","Index Name": "supplier_pkey","Relation Name": "supplier","Alias": "supplier","Startup Cost": 0.29,"Total Cost": 495.43,"Plan Rows": 10000,"Plan Width": 71,"Actual Startup Time": 0.109,"Actual Total Time": 13.835,"Actual Rows": 8863,"Actual Loops": 1},{"Node Type": "Sort","Parent Relationship": "Inner","Parallel Aware": false,"Async Capable": false,"Startup Cost": 124505.25,"Total Cost": 124505.37,"Plan Rows": 50,"Plan Width": 36,"Actual Startup Time": 2073.397,"Actual Total Time": 2073.405,"Actual Rows": 1,"Actual Loops": 1,"Sort Key": ["revenue0.supplier_no"],"Sort Method": "quicksort","Sort Space Used": 25,"Sort Space Type": "Memory","Plans": [{"Node Type": "Subquery Scan","Parent Relationship": "Outer","Parallel Aware": false,"Async Capable": false,"Alias": "revenue0","Startup Cost": 124353.23,"Total Cost": 124503.84,"Plan Rows": 50,"Plan Width": 36,"Actual Startup Time": 2063.613,"Actual Total Time": 2073.361,"Actual Rows": 1,"Actual Loops": 1,"Plans": [{"Node Type": "Aggregate","Strategy": "Hashed","Partial Mode": "Simple","Parent Relationship": "Subquery","Parallel Aware": false,"Async Capable": false,"Startup Cost": 124353.23,"Total Cost": 124503.34,"Plan Rows": 50,"Plan Width": 36,"Actual Startup Time": 2063.607,"Actual Total Time": 2073.353,"Actual Rows": 1,"Actual Loops": 1,"Group Key": ["lineitem.l_suppkey"],"Filter": "(sum((lineitem.l_extendedprice * ('1'::numeric - lineitem.l_discount))) = $0)","Planned Partitions": 0,"HashAgg Batches": 1,"Peak Memory Usage": 4497,"Disk Usage": 0,"Rows Removed by Filter": 9999,"Plans": [{"Node Type": "Bitmap Heap Scan","Parent Relationship": "Outer","Parallel Aware": false,"Async Capable": false,"Relation Name": "lineitem","Alias": "lineitem","Startup Cost": 6004.98,"Total Cost": 122015.13,"Plan Rows": 233810,"Plan Width": 16,"Actual Startup Time": 55.239,"Actual Total Time": 931.307,"Actual Rows": 229794,"Actual Loops": 1,"Recheck Cond": "((l_shipdate >= '1997-08-01'::date) AND (l_shipdate < '1997-11-01 00:00:00'::timestamp without time zone))","Rows Removed by Index Recheck": 0,"Exact Heap Blocks": 67334,"Lossy Heap Blocks": 0,"Plans": [{"Node Type": "Bitmap Index Scan","Parent Relationship": "Outer","Parallel Aware": false,"Async Capable": false,"Index Name": "idx_lineitem_shipdate","Startup Cost": 0.00,"Total Cost": 5946.53,"Plan Rows": 233810,"Plan Width": 0,"Actual Startup Time": 41.454,"Actual Total Time": 41.455,"Actual Rows": 229794,"Actual Loops": 1,"Index Cond": "((l_shipdate >= '1997-08-01'::date) AND (l_shipdate < '1997-11-01 00:00:00'::timestamp without time zone))"}]}]}]}]}]},"Planning Time": 5.207,"Triggers": [],"Execution Time": 2094.251}]
[{"Plan": {"Node Type": "Merge Join","Parallel Aware": false,"Async Capable": false,"Join Type": "Inner","Startup Cost": 248233.16,"Total Cost": 248754.06,"Plan Rows": 50,"Plan Width": 103,"Actual Startup Time": 2105.260,"Actual Total Time": 2105.296,"Actual Rows": 1,"Actual Loops": 1,"Inner Unique": true,"Merge Cond": "(supplier.s_suppkey = revenue0.supplier_no)","Plans": [{"Node Type": "Aggregate","Strategy": "Plain","Partial Mode": "Simple","Parent Relationship": "InitPlan","Subplan Name": "InitPlan 1 (returns $0)","Parallel Aware": false,"Async Capable": false,"Startup Cost": 124165.51,"Total Cost": 124165.52,"Plan Rows": 1,"Plan Width": 32,"Actual Startup Time": 961.388,"Actual Total Time": 961.403,"Actual Rows": 1,"Actual Loops": 1,"Plans": [{"Node Type": "Aggregate","Strategy": "Hashed","Partial Mode": "Simple","Parent Relationship": "Outer","Parallel Aware": false,"Async Capable": false,"Startup Cost": 123915.34,"Total Cost": 124040.43,"Plan Rows": 10007,"Plan Width": 36,"Actual Startup Time": 954.808,"Actual Total Time": 960.810,"Actual Rows": 10000,"Actual Loops": 1,"Group Key": ["lineitem_1.l_suppkey"],"Planned Partitions": 0,"HashAgg Batches": 1,"Peak Memory Usage": 4497,"Disk Usage": 0,"Plans": [{"Node Type": "Bitmap Heap Scan","Parent Relationship": "Outer","Parallel Aware": false,"Async Capable": false,"Relation Name": "lineitem","Alias": "lineitem_1","Startup Cost": 5773.28,"Total Cost": 121666.71,"Plan Rows": 224863,"Plan Width": 16,"Actual Startup Time": 71.714,"Actual Total Time": 807.278,"Actual Rows": 229559,"Actual Loops": 1,"Recheck Cond": "((l_shipdate >= '1996-07-01'::date) AND (l_shipdate < '1996-10-01 00:00:00'::timestamp without time zone))","Rows Removed by Index Recheck": 0,"Exact Heap Blocks": 67366,"Lossy Heap Blocks": 0,"Plans": [{"Node Type": "Bitmap Index Scan","Parent Relationship": "Outer","Parallel Aware": false,"Async Capable": false,"Index Name": "idx_lineitem_shipdate","Startup Cost": 0.00,"Total Cost": 5717.06,"Plan Rows": 224863,"Plan Width": 0,"Actual Startup Time": 57.516,"Actual Total Time": 57.524,"Actual Rows": 229559,"Actual Loops": 1,"Index Cond": "((l_shipdate >= '1996-07-01'::date) AND (l_shipdate < '1996-10-01 00:00:00'::timestamp without time zone))"}]}]}]},{"Node Type": "Index Scan","Parent Relationship": "Outer","Parallel Aware": false,"Async Capable": false,"Scan Direction": "Forward","Index Name": "supplier_pkey","Relation Name": "supplier","Alias": "supplier","Startup Cost": 0.29,"Total Cost": 495.43,"Plan Rows": 10000,"Plan Width": 71,"Actual Startup Time": 0.107,"Actual Total Time": 1.132,"Actual Rows": 494,"Actual Loops": 1},{"Node Type": "Sort","Parent Relationship": "Inner","Parallel Aware": false,"Async Capable": false,"Startup Cost": 124067.35,"Total Cost": 124067.48,"Plan Rows": 50,"Plan Width": 36,"Actual Startup Time": 2104.066,"Actual Total Time": 2104.076,"Actual Rows": 1,"Actual Loops": 1,"Sort Key": ["revenue0.supplier_no"],"Sort Method": "quicksort","Sort Space Used": 25,"Sort Space Type": "Memory","Plans": [{"Node Type": "Subquery Scan","Parent Relationship": "Outer","Parallel Aware": false,"Async Capable": false,"Alias": "revenue0","Startup Cost": 123915.34,"Total Cost": 124065.94,"Plan Rows": 50,"Plan Width": 36,"Actual Startup Time": 2096.785,"Actual Total Time": 2104.011,"Actual Rows": 1,"Actual Loops": 1,"Plans": [{"Node Type": "Aggregate","Strategy": "Hashed","Partial Mode": "Simple","Parent Relationship": "Subquery","Parallel Aware": false,"Async Capable": false,"Startup Cost": 123915.34,"Total Cost": 124065.44,"Plan Rows": 50,"Plan Width": 36,"Actual Startup Time": 2096.781,"Actual Total Time": 2104.004,"Actual Rows": 1,"Actual Loops": 1,"Group Key": ["lineitem.l_suppkey"],"Filter": "(sum((lineitem.l_extendedprice * ('1'::numeric - lineitem.l_discount))) = $0)","Planned Partitions": 0,"HashAgg Batches": 1,"Peak Memory Usage": 4497,"Disk Usage": 0,"Rows Removed by Filter": 9999,"Plans": [{"Node Type": "Bitmap Heap Scan","Parent Relationship": "Outer","Parallel Aware": false,"Async Capable": false,"Relation Name": "lineitem","Alias": "lineitem","Startup Cost": 5773.28,"Total Cost": 121666.71,"Plan Rows": 224863,"Plan Width": 16,"Actual Startup Time": 68.917,"Actual Total Time": 948.187,"Actual Rows": 229559,"Actual Loops": 1,"Recheck Cond": "((l_shipdate >= '1996-07-01'::date) AND (l_shipdate < '1996-10-01 00:00:00'::timestamp without time zone))","Rows Removed by Index Recheck": 0,"Exact Heap Blocks": 67366,"Lossy Heap Blocks": 0,"Plans": [{"Node Type": "Bitmap Index Scan","Parent Relationship": "Outer","Parallel Aware": false,"Async Capable": false,"Index Name": "idx_lineitem_shipdate","Startup Cost": 0.00,"Total Cost": 5717.06,"Plan Rows": 224863,"Plan Width": 0,"Actual Startup Time": 55.144,"Actual Total Time": 55.147,"Actual Rows": 229559,"Actual Loops": 1,"Index Cond": "((l_shipdate >= '1996-07-01'::date) AND (l_shipdate < '1996-10-01 00:00:00'::timestamp without time zone))"}]}]}]}]}]},"Planning Time": 4.946,"Triggers": [],"Execution Time": 2110.202}]
[{"Plan": {"Node Type": "Merge Join","Parallel Aware": false,"Async Capable": false,"Join Type": "Inner","Startup Cost": 248506.89,"Total Cost": 249027.79,"Plan Rows": 50,"Plan Width": 103,"Actual Startup Time": 2084.454,"Actual Total Time": 2084.489,"Actual Rows": 1,"Actual Loops": 1,"Inner Unique": true,"Merge Cond": "(supplier.s_suppkey = revenue0.supplier_no)","Plans": [{"Node Type": "Aggregate","Strategy": "Plain","Partial Mode": "Simple","Parent Relationship": "InitPlan","Subplan Name": "InitPlan 1 (returns $0)","Parallel Aware": false,"Async Capable": false,"Startup Cost": 124302.38,"Total Cost": 124302.39,"Plan Rows": 1,"Plan Width": 32,"Actual Startup Time": 949.807,"Actual Total Time": 949.821,"Actual Rows": 1,"Actual Loops": 1,"Plans": [{"Node Type": "Aggregate","Strategy": "Hashed","Partial Mode": "Simple","Parent Relationship": "Outer","Parallel Aware": false,"Async Capable": false,"Startup Cost": 124052.20,"Total Cost": 124177.29,"Plan Rows": 10007,"Plan Width": 36,"Actual Startup Time": 942.227,"Actual Total Time": 949.217,"Actual Rows": 10000,"Actual Loops": 1,"Group Key": ["lineitem_1.l_suppkey"],"Planned Partitions": 0,"HashAgg Batches": 1,"Peak Memory Usage": 4497,"Disk Usage": 0,"Plans": [{"Node Type": "Bitmap Heap Scan","Parent Relationship": "Outer","Parallel Aware": false,"Async Capable": false,"Relation Name": "lineitem","Alias": "lineitem_1","Startup Cost": 5852.20,"Total Cost": 121773.40,"Plan Rows": 227880,"Plan Width": 16,"Actual Startup Time": 60.518,"Actual Total Time": 792.932,"Actual Rows": 229533,"Actual Loops": 1,"Recheck Cond": "((l_shipdate >= '1994-07-01'::date) AND (l_shipdate < '1994-10-01 00:00:00'::timestamp without time zone))","Rows Removed by Index Recheck": 0,"Exact Heap Blocks": 67313,"Lossy Heap Blocks": 0,"Plans": [{"Node Type": "Bitmap Index Scan","Parent Relationship": "Outer","Parallel Aware": false,"Async Capable": false,"Index Name": "idx_lineitem_shipdate","Startup Cost": 0.00,"Total Cost": 5795.23,"Plan Rows": 227880,"Plan Width": 0,"Actual Startup Time": 46.388,"Actual Total Time": 46.392,"Actual Rows": 229533,"Actual Loops": 1,"Index Cond": "((l_shipdate >= '1994-07-01'::date) AND (l_shipdate < '1994-10-01 00:00:00'::timestamp without time zone))"}]}]}]},{"Node Type": "Index Scan","Parent Relationship": "Outer","Parallel Aware": false,"Async Capable": false,"Scan Direction": "Forward","Index Name": "supplier_pkey","Relation Name": "supplier","Alias": "supplier","Startup Cost": 0.29,"Total Cost": 495.43,"Plan Rows": 10000,"Plan Width": 71,"Actual Startup Time": 0.078,"Actual Total Time": 4.242,"Actual Rows": 2492,"Actual Loops": 1},{"Node Type": "Sort","Parent Relationship": "Inner","Parallel Aware": false,"Async Capable": false,"Startup Cost": 124204.22,"Total Cost": 124204.35,"Plan Rows": 50,"Plan Width": 36,"Actual Startup Time": 2080.035,"Actual Total Time": 2080.045,"Actual Rows": 1,"Actual Loops": 1,"Sort Key": ["revenue0.supplier_no"],"Sort Method": "quicksort","Sort Space Used": 25,"Sort Space Type": "Memory","Plans": [{"Node Type": "Subquery Scan","Parent Relationship": "Outer","Parallel Aware": false,"Async Capable": false,"Alias": "revenue0","Startup Cost": 124052.20,"Total Cost": 124202.81,"Plan Rows": 50,"Plan Width": 36,"Actual Startup Time": 2071.764,"Actual Total Time": 2079.996,"Actual Rows": 1,"Actual Loops": 1,"Plans": [{"Node Type": "Aggregate","Strategy": "Hashed","Partial Mode": "Simple","Parent Relationship": "Subquery","Parallel Aware": false,"Async Capable": false,"Startup Cost": 124052.20,"Total Cost": 124202.31,"Plan Rows": 50,"Plan Width": 36,"Actual Startup Time": 2071.758,"Actual Total Time": 2079.989,"Actual Rows": 1,"Actual Loops": 1,"Group Key": ["lineitem.l_suppkey"],"Filter": "(sum((lineitem.l_extendedprice * ('1'::numeric - lineitem.l_discount))) = $0)","Planned Partitions": 0,"HashAgg Batches": 1,"Peak Memory Usage": 4497,"Disk Usage": 0,"Rows Removed by Filter": 9999,"Plans": [{"Node Type": "Bitmap Heap Scan","Parent Relationship": "Outer","Parallel Aware": false,"Async Capable": false,"Relation Name": "lineitem","Alias": "lineitem","Startup Cost": 5852.20,"Total Cost": 121773.40,"Plan Rows": 227880,"Plan Width": 16,"Actual Startup Time": 54.242,"Actual Total Time": 934.940,"Actual Rows": 229533,"Actual Loops": 1,"Recheck Cond": "((l_shipdate >= '1994-07-01'::date) AND (l_shipdate < '1994-10-01 00:00:00'::timestamp without time zone))","Rows Removed by Index Recheck": 0,"Exact Heap Blocks": 67313,"Lossy Heap Blocks": 0,"Plans": [{"Node Type": "Bitmap Index Scan","Parent Relationship": "Outer","Parallel Aware": false,"Async Capable": false,"Index Name": "idx_lineitem_shipdate","Startup Cost": 0.00,"Total Cost": 5795.23,"Plan Rows": 227880,"Plan Width": 0,"Actual Startup Time": 40.585,"Actual Total Time": 40.586,"Actual Rows": 229533,"Actual Loops": 1,"Index Cond": "((l_shipdate >= '1994-07-01'::date) AND (l_shipdate < '1994-10-01 00:00:00'::timestamp without time zone))"}]}]}]}]}]},"Planning Time": 4.544,"Triggers": [],"Execution Time": 2088.902}]
[{"Plan": {"Node Type": "Merge Join","Parallel Aware": false,"Async Capable": false,"Join Type": "Inner","Startup Cost": 249067.58,"Total Cost": 249588.48,"Plan Rows": 50,"Plan Width": 103,"Actual Startup Time": 1943.314,"Actual Total Time": 1943.349,"Actual Rows": 1,"Actual Loops": 1,"Inner Unique": true,"Merge Cond": "(supplier.s_suppkey = revenue0.supplier_no)","Plans": [{"Node Type": "Aggregate","Strategy": "Plain","Partial Mode": "Simple","Parent Relationship": "InitPlan","Subplan Name": "InitPlan 1 (returns $0)","Parallel Aware": false,"Async Capable": false,"Startup Cost": 124582.72,"Total Cost": 124582.73,"Plan Rows": 1,"Plan Width": 32,"Actual Startup Time": 848.418,"Actual Total Time": 848.429,"Actual Rows": 1,"Actual Loops": 1,"Plans": [{"Node Type": "Aggregate","Strategy": "Hashed","Partial Mode": "Simple","Parent Relationship": "Outer","Parallel Aware": false,"Async Capable": false,"Startup Cost": 124332.55,"Total Cost": 124457.64,"Plan Rows": 10007,"Plan Width": 36,"Actual Startup Time": 837.964,"Actual Total Time": 847.834,"Actual Rows": 10000,"Actual Loops": 1,"Group Key": ["lineitem_1.l_suppkey"],"Planned Partitions": 0,"HashAgg Batches": 1,"Peak Memory Usage": 4497,"Disk Usage": 0,"Plans": [{"Node Type": "Bitmap Heap Scan","Parent Relationship": "Outer","Parallel Aware": false,"Async Capable": false,"Relation Name": "lineitem","Alias": "lineitem_1","Startup Cost": 5993.30,"Total Cost": 121998.05,"Plan Rows": 233450,"Plan Width": 16,"Actual Startup Time": 50.617,"Actual Total Time": 672.114,"Actual Rows": 230363,"Actual Loops": 1,"Recheck Cond": "((l_shipdate >= '1995-05-01'::date) AND (l_shipdate < '1995-08-01 00:00:00'::timestamp without time zone))","Rows Removed by Index Recheck": 0,"Exact Heap Blocks": 67561,"Lossy Heap Blocks": 0,"Plans": [{"Node Type": "Bitmap Index Scan","Parent Relationship": "Outer","Parallel Aware": false,"Async Capable": false,"Index Name": "idx_lineitem_shipdate","Startup Cost": 0.00,"Total Cost": 5934.93,"Plan Rows": 233450,"Plan Width": 0,"Actual Startup Time": 37.100,"Actual Total Time": 37.103,"Actual Rows": 230363,"Actual Loops": 1,"Index Cond": "((l_shipdate >= '1995-05-01'::date) AND (l_shipdate < '1995-08-01 00:00:00'::timestamp without time zone))"}]}]}]},{"Node Type": "Index Scan","Parent Relationship": "Outer","Parallel Aware": false,"Async Capable": false,"Scan Direction": "Forward","Index Name": "supplier_pkey","Relation Name": "supplier","Alias": "supplier","Startup Cost": 0.29,"Total Cost": 495.43,"Plan Rows": 10000,"Plan Width": 71,"Actual Startup Time": 0.105,"Actual Total Time": 6.996,"Actual Rows": 4313,"Actual Loops": 1},{"Node Type": "Sort","Parent Relationship": "Inner","Parallel Aware": false,"Async Capable": false,"Startup Cost": 124484.57,"Total Cost": 124484.69,"Plan Rows": 50,"Plan Width": 36,"Actual Startup Time": 1936.037,"Actual Total Time": 1936.050,"Actual Rows": 1,"Actual Loops": 1,"Sort Key": ["revenue0.supplier_no"],"Sort Method": "quicksort","Sort Space Used": 25,"Sort Space Type": "Memory","Plans": [{"Node Type": "Subquery Scan","Parent Relationship": "Outer","Parallel Aware": false,"Async Capable": false,"Alias": "revenue0","Startup Cost": 124332.55,"Total Cost": 124483.15,"Plan Rows": 50,"Plan Width": 36,"Actual Startup Time": 1918.349,"Actual Total Time": 1936.015,"Actual Rows": 1,"Actual Loops": 1,"Plans": [{"Node Type": "Aggregate","Strategy": "Hashed","Partial Mode": "Simple","Parent Relationship": "Subquery","Parallel Aware": false,"Async Capable": false,"Startup Cost": 124332.55,"Total Cost": 124482.65,"Plan Rows": 50,"Plan Width": 36,"Actual Startup Time": 1918.345,"Actual Total Time": 1936.006,"Actual Rows": 1,"Actual Loops": 1,"Group Key": ["lineitem.l_suppkey"],"Filter": "(sum((lineitem.l_extendedprice * ('1'::numeric - lineitem.l_discount))) = $0)","Planned Partitions": 0,"HashAgg Batches": 1,"Peak Memory Usage": 4497,"Disk Usage": 0,"Rows Removed by Filter": 9999,"Plans": [{"Node Type": "Bitmap Heap Scan","Parent Relationship": "Outer","Parallel Aware": false,"Async Capable": false,"Relation Name": "lineitem","Alias": "lineitem","Startup Cost": 5993.30,"Total Cost": 121998.05,"Plan Rows": 233450,"Plan Width": 16,"Actual Startup Time": 50.872,"Actual Total Time": 888.924,"Actual Rows": 230363,"Actual Loops": 1,"Recheck Cond": "((l_shipdate >= '1995-05-01'::date) AND (l_shipdate < '1995-08-01 00:00:00'::timestamp without time zone))","Rows Removed by Index Recheck": 0,"Exact Heap Blocks": 67561,"Lossy Heap Blocks": 0,"Plans": [{"Node Type": "Bitmap Index Scan","Parent Relationship": "Outer","Parallel Aware": false,"Async Capable": false,"Index Name": "idx_lineitem_shipdate","Startup Cost": 0.00,"Total Cost": 5934.93,"Plan Rows": 233450,"Plan Width": 0,"Actual Startup Time": 37.359,"Actual Total Time": 37.360,"Actual Rows": 230363,"Actual Loops": 1,"Index Cond": "((l_shipdate >= '1995-05-01'::date) AND (l_shipdate < '1995-08-01 00:00:00'::timestamp without time zone))"}]}]}]}]}]},"Planning Time": 4.245,"Triggers": [],"Execution Time": 1946.397}]
[{"Plan": {"Node Type": "Merge Join","Parallel Aware": false,"Async Capable": false,"Join Type": "Inner","Startup Cost": 248243.53,"Total Cost": 248764.43,"Plan Rows": 50,"Plan Width": 103,"Actual Startup Time": 1915.884,"Actual Total Time": 1915.929,"Actual Rows": 1,"Actual Loops": 1,"Inner Unique": true,"Merge Cond": "(supplier.s_suppkey = revenue0.supplier_no)","Plans": [{"Node Type": "Aggregate","Strategy": "Plain","Partial Mode": "Simple","Parent Relationship": "InitPlan","Subplan Name": "InitPlan 1 (returns $0)","Parallel Aware": false,"Async Capable": false,"Startup Cost": 124170.70,"Total Cost": 124170.71,"Plan Rows": 1,"Plan Width": 32,"Actual Startup Time": 821.081,"Actual Total Time": 821.096,"Actual Rows": 1,"Actual Loops": 1,"Plans": [{"Node Type": "Aggregate","Strategy": "Hashed","Partial Mode": "Simple","Parent Relationship": "Outer","Parallel Aware": false,"Async Capable": false,"Startup Cost": 123920.52,"Total Cost": 124045.61,"Plan Rows": 10007,"Plan Width": 36,"Actual Startup Time": 813.173,"Actual Total Time": 820.503,"Actual Rows": 10000,"Actual Loops": 1,"Group Key": ["lineitem_1.l_suppkey"],"Planned Partitions": 0,"HashAgg Batches": 1,"Peak Memory Usage": 4497,"Disk Usage": 0,"Plans": [{"Node Type": "Bitmap Heap Scan","Parent Relationship": "Outer","Parallel Aware": false,"Async Capable": false,"Relation Name": "lineitem","Alias": "lineitem_1","Startup Cost": 5785.54,"Total Cost": 121667.73,"Plan Rows": 225279,"Plan Width": 16,"Actual Startup Time": 53.465,"Actual Total Time": 668.418,"Actual Rows": 228688,"Actual Loops": 1,"Recheck Cond": "((l_shipdate >= '1997-10-01'::date) AND (l_shipdate < '1998-01-01 00:00:00'::timestamp without time zone))","Rows Removed by Index Recheck": 0,"Exact Heap Blocks": 67089,"Lossy Heap Blocks": 0,"Plans": [{"Node Type": "Bitmap Index Scan","Parent Relationship": "Outer","Parallel Aware": false,"Async Capable": false,"Index Name": "idx_lineitem_shipdate","Startup Cost": 0.00,"Total Cost": 5729.22,"Plan Rows": 225279,"Plan Width": 0,"Actual Startup Time": 39.849,"Actual Total Time": 39.857,"Actual Rows": 228688,"Actual Loops": 1,"Index Cond": "((l_shipdate >= '1997-10-01'::date) AND (l_shipdate < '1998-01-01 00:00:00'::timestamp without time zone))"}]}]}]},{"Node Type": "Index Scan","Parent Relationship": "Outer","Parallel Aware": false,"Async Capable": false,"Scan Direction": "Forward","Index Name": "supplier_pkey","Relation Name": "supplier","Alias": "supplier","Startup Cost": 0.29,"Total Cost": 495.43,"Plan Rows": 10000,"Plan Width": 71,"Actual Startup Time": 0.114,"Actual Total Time": 13.613,"Actual Rows": 8489,"Actual Loops": 1},{"Node Type": "Sort","Parent Relationship": "Inner","Parallel Aware": false,"Async Capable": false,"Startup Cost": 124072.54,"Total Cost": 124072.66,"Plan Rows": 50,"Plan Width": 36,"Actual Startup Time": 1901.761,"Actual Total Time": 1901.777,"Actual Rows": 1,"Actual Loops": 1,"Sort Key": ["revenue0.supplier_no"],"Sort Method": "quicksort","Sort Space Used": 25,"Sort Space Type": "Memory","Plans": [{"Node Type": "Subquery Scan","Parent Relationship": "Outer","Parallel Aware": false,"Async Capable": false,"Alias": "revenue0","Startup Cost": 123920.52,"Total Cost": 124071.13,"Plan Rows": 50,"Plan Width": 36,"Actual Startup Time": 1891.664,"Actual Total Time": 1901.731,"Actual Rows": 1,"Actual Loops": 1,"Plans": [{"Node Type": "Aggregate","Strategy": "Hashed","Partial Mode": "Simple","Parent Relationship": "Subquery","Parallel Aware": false,"Async Capable": false,"Startup Cost": 123920.52,"Total Cost": 124070.63,"Plan Rows": 50,"Plan Width": 36,"Actual Startup Time": 1891.658,"Actual Total Time": 1901.722,"Actual Rows": 1,"Actual Loops": 1,"Group Key": ["lineitem.l_suppkey"],"Filter": "(sum((lineitem.l_extendedprice * ('1'::numeric - lineitem.l_discount))) = $0)","Planned Partitions": 0,"HashAgg Batches": 1,"Peak Memory Usage": 4497,"Disk Usage": 0,"Rows Removed by Filter": 9999,"Plans": [{"Node Type": "Bitmap Heap Scan","Parent Relationship": "Outer","Parallel Aware": false,"Async Capable": false,"Relation Name": "lineitem","Alias": "lineitem","Startup Cost": 5785.54,"Total Cost": 121667.73,"Plan Rows": 225279,"Plan Width": 16,"Actual Startup Time": 53.563,"Actual Total Time": 882.400,"Actual Rows": 228688,"Actual Loops": 1,"Recheck Cond": "((l_shipdate >= '1997-10-01'::date) AND (l_shipdate < '1998-01-01 00:00:00'::timestamp without time zone))","Rows Removed by Index Recheck": 0,"Exact Heap Blocks": 67089,"Lossy Heap Blocks": 0,"Plans": [{"Node Type": "Bitmap Index Scan","Parent Relationship": "Outer","Parallel Aware": false,"Async Capable": false,"Index Name": "idx_lineitem_shipdate","Startup Cost": 0.00,"Total Cost": 5729.22,"Plan Rows": 225279,"Plan Width": 0,"Actual Startup Time": 40.246,"Actual Total Time": 40.250,"Actual Rows": 228688,"Actual Loops": 1,"Index Cond": "((l_shipdate >= '1997-10-01'::date) AND (l_shipdate < '1998-01-01 00:00:00'::timestamp without time zone))"}]}]}]}]}]},"Planning Time": 3.944,"Triggers": [],"Execution Time": 1917.936}]
[{"Plan": {"Node Type": "Merge Join","Parallel Aware": false,"Async Capable": false,"Join Type": "Inner","Startup Cost": 249295.94,"Total Cost": 249816.84,"Plan Rows": 50,"Plan Width": 103,"Actual Startup Time": 2107.893,"Actual Total Time": 2107.941,"Actual Rows": 1,"Actual Loops": 1,"Inner Unique": true,"Merge Cond": "(supplier.s_suppkey = revenue0.supplier_no)","Plans": [{"Node Type": "Aggregate","Strategy": "Plain","Partial Mode": "Simple","Parent Relationship": "InitPlan","Subplan Name": "InitPlan 1 (returns $0)","Parallel Aware": false,"Async Capable": false,"Startup Cost": 124696.90,"Total Cost": 124696.91,"Plan Rows": 1,"Plan Width": 32,"Actual Startup Time": 955.446,"Actual Total Time": 955.454,"Actual Rows": 1,"Actual Loops": 1,"Plans": [{"Node Type": "Aggregate","Strategy": "Hashed","Partial Mode": "Simple","Parent Relationship": "Outer","Parallel Aware": false,"Async Capable": false,"Startup Cost": 124446.73,"Total Cost": 124571.81,"Plan Rows": 10007,"Plan Width": 36,"Actual Startup Time": 947.982,"Actual Total Time": 954.846,"Actual Rows": 10000,"Actual Loops": 1,"Group Key": ["lineitem_1.l_suppkey"],"Planned Partitions": 0,"HashAgg Batches": 1,"Peak Memory Usage": 4497,"Disk Usage": 0,"Plans": [{"Node Type": "Bitmap Heap Scan","Parent Relationship": "Outer","Parallel Aware": false,"Async Capable": false,"Relation Name": "lineitem","Alias": "lineitem_1","Startup Cost": 6052.03,"Total Cost": 122090.05,"Plan Rows": 235668,"Plan Width": 16,"Actual Startup Time": 70.238,"Actual Total Time": 801.015,"Actual Rows": 228673,"Actual Loops": 1,"Recheck Cond": "((l_shipdate >= '1996-09-01'::date) AND (l_shipdate < '1996-12-01 00:00:00'::timestamp without time zone))","Rows Removed by Index Recheck": 0,"Exact Heap Blocks": 67144,"Lossy Heap Blocks": 0,"Plans": [{"Node Type": "Bitmap Index Scan","Parent Relationship": "Outer","Parallel Aware": false,"Async Capable": false,"Index Name": "idx_lineitem_shipdate","Startup Cost": 0.00,"Total Cost": 5993.11,"Plan Rows": 235668,"Plan Width": 0,"Actual Startup Time": 56.242,"Actual Total Time": 56.247,"Actual Rows": 228673,"Actual Loops": 1,"Index Cond": "((l_shipdate >= '1996-09-01'::date) AND (l_shipdate < '1996-12-01 00:00:00'::timestamp without time zone))"}]}]}]},{"Node Type": "Index Scan","Parent Relationship": "Outer","Parallel Aware": false,"Async Capable": false,"Scan Direction": "Forward","Index Name": "supplier_pkey","Relation Name": "supplier","Alias": "supplier","Startup Cost": 0.29,"Total Cost": 495.43,"Plan Rows": 10000,"Plan Width": 71,"Actual Startup Time": 0.093,"Actual Total Time": 7.858,"Actual Rows": 4994,"Actual Loops": 1},{"Node Type": "Sort","Parent Relationship": "Inner","Parallel Aware": false,"Async Capable": false,"Startup Cost": 124598.74,"Total Cost": 124598.87,"Plan Rows": 50,"Plan Width": 36,"Actual Startup Time": 2099.718,"Actual Total Time": 2099.739,"Actual Rows": 1,"Actual Loops": 1,"Sort Key": ["revenue0.supplier_no"],"Sort Method": "quicksort","Sort Space Used": 25,"Sort Space Type": "Memory","Plans": [{"Node Type": "Subquery Scan","Parent Relationship": "Outer","Parallel Aware": false,"Async Capable": false,"Alias": "revenue0","Startup Cost": 124446.73,"Total Cost": 124597.33,"Plan Rows": 50,"Plan Width": 36,"Actual Startup Time": 2069.111,"Actual Total Time": 2099.684,"Actual Rows": 1,"Actual Loops": 1,"Plans": [{"Node Type": "Aggregate","Strategy": "Hashed","Partial Mode": "Simple","Parent Relationship": "Subquery","Parallel Aware": false,"Async Capable": false,"Startup Cost": 124446.73,"Total Cost": 124596.83,"Plan Rows": 50,"Plan Width": 36,"Actual Startup Time": 2069.102,"Actual Total Time": 2099.662,"Actual Rows": 1,"Actual Loops": 1,"Group Key": ["lineitem.l_suppkey"],"Filter": "(sum((lineitem.l_extendedprice * ('1'::numeric - lineitem.l_discount))) = $0)","Planned Partitions": 0,"HashAgg Batches": 1,"Peak Memory Usage": 4497,"Disk Usage": 0,"Rows Removed by Filter": 9999,"Plans": [{"Node Type": "Bitmap Heap Scan","Parent Relationship": "Outer","Parallel Aware": false,"Async Capable": false,"Relation Name": "lineitem","Alias": "lineitem","Startup Cost": 6052.03,"Total Cost": 122090.05,"Plan Rows": 235668,"Plan Width": 16,"Actual Startup Time": 68.656,"Actual Total Time": 947.522,"Actual Rows": 228673,"Actual Loops": 1,"Recheck Cond": "((l_shipdate >= '1996-09-01'::date) AND (l_shipdate < '1996-12-01 00:00:00'::timestamp without time zone))","Rows Removed by Index Recheck": 0,"Exact Heap Blocks": 67144,"Lossy Heap Blocks": 0,"Plans": [{"Node Type": "Bitmap Index Scan","Parent Relationship": "Outer","Parallel Aware": false,"Async Capable": false,"Index Name": "idx_lineitem_shipdate","Startup Cost": 0.00,"Total Cost": 5993.11,"Plan Rows": 235668,"Plan Width": 0,"Actual Startup Time": 54.893,"Actual Total Time": 54.895,"Actual Rows": 228673,"Actual Loops": 1,"Index Cond": "((l_shipdate >= '1996-09-01'::date) AND (l_shipdate < '1996-12-01 00:00:00'::timestamp without time zone))"}]}]}]}]}]},"Planning Time": 5.183,"Triggers": [],"Execution Time": 2113.434}]
[{"Plan": {"Node Type": "Merge Join","Parallel Aware": false,"Async Capable": false,"Join Type": "Inner","Startup Cost": 248577.74,"Total Cost": 249098.63,"Plan Rows": 50,"Plan Width": 103,"Actual Startup Time": 1920.263,"Actual Total Time": 1920.303,"Actual Rows": 1,"Actual Loops": 1,"Inner Unique": true,"Merge Cond": "(supplier.s_suppkey = revenue0.supplier_no)","Plans": [{"Node Type": "Aggregate","Strategy": "Plain","Partial Mode": "Simple","Parent Relationship": "InitPlan","Subplan Name": "InitPlan 1 (returns $0)","Parallel Aware": false,"Async Capable": false,"Startup Cost": 124337.80,"Total Cost": 124337.81,"Plan Rows": 1,"Plan Width": 32,"Actual Startup Time": 838.704,"Actual Total Time": 838.723,"Actual Rows": 1,"Actual Loops": 1,"Plans": [{"Node Type": "Aggregate","Strategy": "Hashed","Partial Mode": "Simple","Parent Relationship": "Outer","Parallel Aware": false,"Async Capable": false,"Startup Cost": 124087.63,"Total Cost": 124212.71,"Plan Rows": 10007,"Plan Width": 36,"Actual Startup Time": 829.393,"Actual Total Time": 838.134,"Actual Rows": 10000,"Actual Loops": 1,"Group Key": ["lineitem_1.l_suppkey"],"Planned Partitions": 0,"HashAgg Batches": 1,"Peak Memory Usage": 4497,"Disk Usage": 0,"Plans": [{"Node Type": "Bitmap Heap Scan","Parent Relationship": "Outer","Parallel Aware": false,"Async Capable": false,"Relation Name": "lineitem","Alias": "lineitem_1","Startup Cost": 5717.73,"Total Cost": 121861.96,"Plan Rows": 222566,"Plan Width": 16,"Actual Startup Time": 56.600,"Actual Total Time": 670.411,"Actual Rows": 225419,"Actual Loops": 1,"Recheck Cond": "((l_shipdate >= '1997-01-01'::date) AND (l_shipdate < '1997-04-01 00:00:00'::timestamp without time zone))","Rows Removed by Index Recheck": 0,"Exact Heap Blocks": 66824,"Lossy Heap Blocks": 0,"Plans": [{"Node Type": "Bitmap Index Scan","Parent Relationship": "Outer","Parallel Aware": false,"Async Capable": false,"Index Name": "idx_lineitem_shipdate","Startup Cost": 0.00,"Total Cost": 5662.09,"Plan Rows": 222566,"Plan Width": 0,"Actual Startup Time": 43.115,"Actual Total Time": 43.121,"Actual Rows": 225419,"Actual Loops": 1,"Index Cond": "((l_shipdate >= '1997-01-01'::date) AND (l_shipdate < '1997-04-01 00:00:00'::timestamp without time zone))"}]}]}]},{"Node Type": "Index Scan","Parent Relationship": "Outer","Parallel Aware": false,"Async Capable": false,"Scan Direction": "Forward","Index Name": "supplier_pkey","Relation Name": "supplier","Alias": "supplier","Startup Cost": 0.29,"Total Cost": 495.43,"Plan Rows": 10000,"Plan Width": 71,"Actual Startup Time": 0.104,"Actual Total Time": 0.867,"Actual Rows": 435,"Actual Loops": 1},{"Node Type": "Sort","Parent Relationship": "Inner","Parallel Aware": false,"Async Capable": false,"Startup Cost": 124239.64,"Total Cost": 124239.77,"Plan Rows": 50,"Plan Width": 36,"Actual Startup Time": 1919.330,"Actual Total Time": 1919.343,"Actual Rows": 1,"Actual Loops": 1,"Sort Key": ["revenue0.supplier_no"],"Sort Method": "quicksort","Sort Space Used": 25,"Sort Space Type": "Memory","Plans": [{"Node Type": "Subquery Scan","Parent Relationship": "Outer","Parallel Aware": false,"Async Capable": false,"Alias": "revenue0","Startup Cost": 124087.63,"Total Cost": 124238.23,"Plan Rows": 50,"Plan Width": 36,"Actual Startup Time": 1908.436,"Actual Total Time": 1919.306,"Actual Rows": 1,"Actual Loops": 1,"Plans": [{"Node Type": "Aggregate","Strategy": "Hashed","Partial Mode": "Simple","Parent Relationship": "Subquery","Parallel Aware": false,"Async Capable": false,"Startup Cost": 124087.63,"Total Cost": 124237.73,"Plan Rows": 50,"Plan Width": 36,"Actual Startup Time": 1908.431,"Actual Total Time": 1919.298,"Actual Rows": 1,"Actual Loops": 1,"Group Key": ["lineitem.l_suppkey"],"Filter": "(sum((lineitem.l_extendedprice * ('1'::numeric - lineitem.l_discount))) = $0)","Planned Partitions": 0,"HashAgg Batches": 1,"Peak Memory Usage": 4497,"Disk Usage": 0,"Rows Removed by Filter": 9999,"Plans": [{"Node Type": "Bitmap Heap Scan","Parent Relationship": "Outer","Parallel Aware": false,"Async Capable": false,"Relation Name": "lineitem","Alias": "lineitem","Startup Cost": 5717.73,"Total Cost": 121861.96,"Plan Rows": 222566,"Plan Width": 16,"Actual Startup Time": 57.810,"Actual Total Time": 882.414,"Actual Rows": 225419,"Actual Loops": 1,"Recheck Cond": "((l_shipdate >= '1997-01-01'::date) AND (l_shipdate < '1997-04-01 00:00:00'::timestamp without time zone))","Rows Removed by Index Recheck": 0,"Exact Heap Blocks": 66824,"Lossy Heap Blocks": 0,"Plans": [{"Node Type": "Bitmap Index Scan","Parent Relationship": "Outer","Parallel Aware": false,"Async Capable": false,"Index Name": "idx_lineitem_shipdate","Startup Cost": 0.00,"Total Cost": 5662.09,"Plan Rows": 222566,"Plan Width": 0,"Actual Startup Time": 44.647,"Actual Total Time": 44.649,"Actual Rows": 225419,"Actual Loops": 1,"Index Cond": "((l_shipdate >= '1997-01-01'::date) AND (l_shipdate < '1997-04-01 00:00:00'::timestamp without time zone))"}]}]}]}]}]},"Planning Time": 5.470,"Triggers": [],"Execution Time": 1924.065}]
[{"Plan": {"Node Type": "Merge Join","Parallel Aware": false,"Async Capable": false,"Join Type": "Inner","Startup Cost": 249444.62,"Total Cost": 249965.52,"Plan Rows": 50,"Plan Width": 103,"Actual Startup Time": 2087.809,"Actual Total Time": 2087.855,"Actual Rows": 1,"Actual Loops": 1,"Inner Unique": true,"Merge Cond": "(supplier.s_suppkey = revenue0.supplier_no)","Plans": [{"Node Type": "Aggregate","Strategy": "Plain","Partial Mode": "Simple","Parent Relationship": "InitPlan","Subplan Name": "InitPlan 1 (returns $0)","Parallel Aware": false,"Async Capable": false,"Startup Cost": 124771.24,"Total Cost": 124771.25,"Plan Rows": 1,"Plan Width": 32,"Actual Startup Time": 947.517,"Actual Total Time": 947.530,"Actual Rows": 1,"Actual Loops": 1,"Plans": [{"Node Type": "Aggregate","Strategy": "Hashed","Partial Mode": "Simple","Parent Relationship": "Outer","Parallel Aware": false,"Async Capable": false,"Startup Cost": 124521.07,"Total Cost": 124646.15,"Plan Rows": 10007,"Plan Width": 36,"Actual Startup Time": 940.365,"Actual Total Time": 946.934,"Actual Rows": 10000,"Actual Loops": 1,"Group Key": ["lineitem_1.l_suppkey"],"Planned Partitions": 0,"HashAgg Batches": 1,"Peak Memory Usage": 4497,"Disk Usage": 0,"Plans": [{"Node Type": "Bitmap Heap Scan","Parent Relationship": "Outer","Parallel Aware": false,"Async Capable": false,"Relation Name": "lineitem","Alias": "lineitem_1","Startup Cost": 6090.67,"Total Cost": 122150.11,"Plan Rows": 237096,"Plan Width": 16,"Actual Startup Time": 58.913,"Actual Total Time": 793.107,"Actual Rows": 230437,"Actual Loops": 1,"Recheck Cond": "((l_shipdate >= '1997-06-01'::date) AND (l_shipdate < '1997-09-01 00:00:00'::timestamp without time zone))","Rows Removed by Index Recheck": 0,"Exact Heap Blocks": 67249,"Lossy Heap Blocks": 0,"Plans": [{"Node Type": "Bitmap Index Scan","Parent Relationship": "Outer","Parallel Aware": false,"Async Capable": false,"Index Name": "idx_lineitem_shipdate","Startup Cost": 0.00,"Total Cost": 6031.39,"Plan Rows": 237096,"Plan Width": 0,"Actual Startup Time": 45.234,"Actual Total Time": 45.241,"Actual Rows": 230437,"Actual Loops": 1,"Index Cond": "((l_shipdate >= '1997-06-01'::date) AND (l_shipdate < '1997-09-01 00:00:00'::timestamp without time zone))"}]}]}]},{"Node Type": "Index Scan","Parent Relationship": "Outer","Parallel Aware": false,"Async Capable": false,"Scan Direction": "Forward","Index Name": "supplier_pkey","Relation Name": "supplier","Alias": "supplier","Startup Cost": 0.29,"Total Cost": 495.43,"Plan Rows": 10000,"Plan Width": 71,"Actual Startup Time": 0.071,"Actual Total Time": 8.069,"Actual Rows": 4963,"Actual Loops": 1},{"Node Type": "Sort","Parent Relationship": "Inner","Parallel Aware": false,"Async Capable": false,"Startup Cost": 124673.08,"Total Cost": 124673.21,"Plan Rows": 50,"Plan Width": 36,"Actual Startup Time": 2079.426,"Actual Total Time": 2079.438,"Actual Rows": 1,"Actual Loops": 1,"Sort Key": ["revenue0.supplier_no"],"Sort Method": "quicksort","Sort Space Used": 25,"Sort Space Type": "Memory","Plans": [{"Node Type": "Subquery Scan","Parent Relationship": "Outer","Parallel Aware": false,"Async Capable": false,"Alias": "revenue0","Startup Cost": 124521.07,"Total Cost": 124671.67,"Plan Rows": 50,"Plan Width": 36,"Actual Startup Time": 2064.256,"Actual Total Time": 2079.384,"Actual Rows": 1,"Actual Loops": 1,"Plans": [{"Node Type": "Aggregate","Strategy": "Hashed","Partial Mode": "Simple","Parent Relationship": "Subquery","Parallel Aware": false,"Async Capable": false,"Startup Cost": 124521.07,"Total Cost": 124671.17,"Plan Rows": 50,"Plan Width": 36,"Actual Startup Time": 2064.247,"Actual Total Time": 2079.364,"Actual Rows": 1,"Actual Loops": 1,"Group Key": ["lineitem.l_suppkey"],"Filter": "(sum((lineitem.l_extendedprice * ('1'::numeric - lineitem.l_discount))) = $0)","Planned Partitions": 0,"HashAgg Batches": 1,"Peak Memory Usage": 4497,"Disk Usage": 0,"Rows Removed by Filter": 9999,"Plans": [{"Node Type": "Bitmap Heap Scan","Parent Relationship": "Outer","Parallel Aware": false,"Async Capable": false,"Relation Name": "lineitem","Alias": "lineitem","Startup Cost": 6090.67,"Total Cost": 122150.11,"Plan Rows": 237096,"Plan Width": 16,"Actual Startup Time": 55.721,"Actual Total Time": 936.714,"Actual Rows": 230437,"Actual Loops": 1,"Recheck Cond": "((l_shipdate >= '1997-06-01'::date) AND (l_shipdate < '1997-09-01 00:00:00'::timestamp without time zone))","Rows Removed by Index Recheck": 0,"Exact Heap Blocks": 67249,"Lossy Heap Blocks": 0,"Plans": [{"Node Type": "Bitmap Index Scan","Parent Relationship": "Outer","Parallel Aware": false,"Async Capable": false,"Index Name": "idx_lineitem_shipdate","Startup Cost": 0.00,"Total Cost": 6031.39,"Plan Rows": 237096,"Plan Width": 0,"Actual Startup Time": 42.178,"Actual Total Time": 42.181,"Actual Rows": 230437,"Actual Loops": 1,"Index Cond": "((l_shipdate >= '1997-06-01'::date) AND (l_shipdate < '1997-09-01 00:00:00'::timestamp without time zone))"}]}]}]}]}]},"Planning Time": 4.884,"Triggers": [],"Execution Time": 2093.730}]
[{"Plan": {"Node Type": "Merge Join","Parallel Aware": false,"Async Capable": false,"Join Type": "Inner","Startup Cost": 248551.02,"Total Cost": 249071.91,"Plan Rows": 50,"Plan Width": 103,"Actual Startup Time": 2077.002,"Actual Total Time": 2077.041,"Actual Rows": 1,"Actual Loops": 1,"Inner Unique": true,"Merge Cond": "(supplier.s_suppkey = revenue0.supplier_no)","Plans": [{"Node Type": "Aggregate","Strategy": "Plain","Partial Mode": "Simple","Parent Relationship": "InitPlan","Subplan Name": "InitPlan 1 (returns $0)","Parallel Aware": false,"Async Capable": false,"Startup Cost": 124324.44,"Total Cost": 124324.45,"Plan Rows": 1,"Plan Width": 32,"Actual Startup Time": 940.828,"Actual Total Time": 940.836,"Actual Rows": 1,"Actual Loops": 1,"Plans": [{"Node Type": "Aggregate","Strategy": "Hashed","Partial Mode": "Simple","Parent Relationship": "Outer","Parallel Aware": false,"Async Capable": false,"Startup Cost": 124074.27,"Total Cost": 124199.35,"Plan Rows": 10007,"Plan Width": 36,"Actual Startup Time": 933.956,"Actual Total Time": 940.235,"Actual Rows": 10000,"Actual Loops": 1,"Group Key": ["lineitem_1.l_suppkey"],"Planned Partitions": 0,"HashAgg Batches": 1,"Peak Memory Usage": 4497,"Disk Usage": 0,"Plans": [{"Node Type": "Bitmap Heap Scan","Parent Relationship": "Outer","Parallel Aware": false,"Async Capable": false,"Relation Name": "lineitem","Alias": "lineitem_1","Startup Cost": 5864.29,"Total Cost": 121791.48,"Plan Rows": 228279,"Plan Width": 16,"Actual Startup Time": 57.693,"Actual Total Time": 782.351,"Actual Rows": 227548,"Actual Loops": 1,"Recheck Cond": "((l_shipdate >= '1993-09-01'::date) AND (l_shipdate < '1993-12-01 00:00:00'::timestamp without time zone))","Rows Removed by Index Recheck": 0,"Exact Heap Blocks": 67057,"Lossy Heap Blocks": 0,"Plans": [{"Node Type": "Bitmap Index Scan","Parent Relationship": "Outer","Parallel Aware": false,"Async Capable": false,"Index Name": "idx_lineitem_shipdate","Startup Cost": 0.00,"Total Cost": 5807.22,"Plan Rows": 228279,"Plan Width": 0,"Actual Startup Time": 43.540,"Actual Total Time": 43.543,"Actual Rows": 227548,"Actual Loops": 1,"Index Cond": "((l_shipdate >= '1993-09-01'::date) AND (l_shipdate < '1993-12-01 00:00:00'::timestamp without time zone))"}]}]}]},{"Node Type": "Index Scan","Parent Relationship": "Outer","Parallel Aware": false,"Async Capable": false,"Scan Direction": "Forward","Index Name": "supplier_pkey","Relation Name": "supplier","Alias": "supplier","Startup Cost": 0.29,"Total Cost": 495.43,"Plan Rows": 10000,"Plan Width": 71,"Actual Startup Time": 0.062,"Actual Total Time": 10.969,"Actual Rows": 6952,"Actual Loops": 1},{"Node Type": "Sort","Parent Relationship": "Inner","Parallel Aware": false,"Async Capable": false,"Startup Cost": 124226.28,"Total Cost": 124226.41,"Plan Rows": 50,"Plan Width": 36,"Actual Startup Time": 2065.641,"Actual Total Time": 2065.657,"Actual Rows": 1,"Actual Loops": 1,"Sort Key": ["revenue0.supplier_no"],"Sort Method": "quicksort","Sort Space Used": 25,"Sort Space Type": "Memory","Plans": [{"Node Type": "Subquery Scan","Parent Relationship": "Outer","Parallel Aware": false,"Async Capable": false,"Alias": "revenue0","Startup Cost": 124074.27,"Total Cost": 124224.87,"Plan Rows": 50,"Plan Width": 36,"Actual Startup Time": 2050.272,"Actual Total Time": 2065.610,"Actual Rows": 1,"Actual Loops": 1,"Plans": [{"Node Type": "Aggregate","Strategy": "Hashed","Partial Mode": "Simple","Parent Relationship": "Subquery","Parallel Aware": false,"Async Capable": false,"Startup Cost": 124074.27,"Total Cost": 124224.37,"Plan Rows": 50,"Plan Width": 36,"Actual Startup Time": 2050.266,"Actual Total Time": 2065.591,"Actual Rows": 1,"Actual Loops": 1,"Group Key": ["lineitem.l_suppkey"],"Filter": "(sum((lineitem.l_extendedprice * ('1'::numeric - lineitem.l_discount))) = $0)","Planned Partitions": 0,"HashAgg Batches": 1,"Peak Memory Usage": 4497,"Disk Usage": 0,"Rows Removed by Filter": 9999,"Plans": [{"Node Type": "Bitmap Heap Scan","Parent Relationship": "Outer","Parallel Aware": false,"Async Capable": false,"Relation Name": "lineitem","Alias": "lineitem","Startup Cost": 5864.29,"Total Cost": 121791.48,"Plan Rows": 228279,"Plan Width": 16,"Actual Startup Time": 56.453,"Actual Total Time": 929.176,"Actual Rows": 227548,"Actual Loops": 1,"Recheck Cond": "((l_shipdate >= '1993-09-01'::date) AND (l_shipdate < '1993-12-01 00:00:00'::timestamp without time zone))","Rows Removed by Index Recheck": 0,"Exact Heap Blocks": 67057,"Lossy Heap Blocks": 0,"Plans": [{"Node Type": "Bitmap Index Scan","Parent Relationship": "Outer","Parallel Aware": false,"Async Capable": false,"Index Name": "idx_lineitem_shipdate","Startup Cost": 0.00,"Total Cost": 5807.22,"Plan Rows": 228279,"Plan Width": 0,"Actual Startup Time": 42.721,"Actual Total Time": 42.723,"Actual Rows": 227548,"Actual Loops": 1,"Index Cond": "((l_shipdate >= '1993-09-01'::date) AND (l_shipdate < '1993-12-01 00:00:00'::timestamp without time zone))"}]}]}]}]}]},"Planning Time": 4.464,"Triggers": [],"Execution Time": 2081.593}]
[{"Plan": {"Node Type": "Merge Join","Parallel Aware": false,"Async Capable": false,"Join Type": "Inner","Startup Cost": 249295.94,"Total Cost": 249816.84,"Plan Rows": 50,"Plan Width": 103,"Actual Startup Time": 2107.893,"Actual Total Time": 2107.941,"Actual Rows": 1,"Actual Loops": 1,"Inner Unique": true,"Merge Cond": "(supplier.s_suppkey = revenue0.supplier_no)","Plans": [{"Node Type": "Aggregate","Strategy": "Plain","Partial Mode": "Simple","Parent Relationship": "InitPlan","Subplan Name": "InitPlan 1 (returns $0)","Parallel Aware": false,"Async Capable": false,"Startup Cost": 124696.90,"Total Cost": 124696.91,"Plan Rows": 1,"Plan Width": 32,"Actual Startup Time": 955.446,"Actual Total Time": 955.454,"Actual Rows": 1,"Actual Loops": 1,"Plans": [{"Node Type": "Aggregate","Strategy": "Hashed","Partial Mode": "Simple","Parent Relationship": "Outer","Parallel Aware": false,"Async Capable": false,"Startup Cost": 124446.73,"Total Cost": 124571.81,"Plan Rows": 10007,"Plan Width": 36,"Actual Startup Time": 947.982,"Actual Total Time": 954.846,"Actual Rows": 10000,"Actual Loops": 1,"Group Key": ["lineitem_1.l_suppkey"],"Planned Partitions": 0,"HashAgg Batches": 1,"Peak Memory Usage": 4497,"Disk Usage": 0,"Plans": [{"Node Type": "Bitmap Heap Scan","Parent Relationship": "Outer","Parallel Aware": false,"Async Capable": false,"Relation Name": "lineitem","Alias": "lineitem_1","Startup Cost": 6052.03,"Total Cost": 122090.05,"Plan Rows": 235668,"Plan Width": 16,"Actual Startup Time": 70.238,"Actual Total Time": 801.015,"Actual Rows": 228673,"Actual Loops": 1,"Recheck Cond": "((l_shipdate >= '1996-09-01'::date) AND (l_shipdate < '1996-12-01 00:00:00'::timestamp without time zone))","Rows Removed by Index Recheck": 0,"Exact Heap Blocks": 67144,"Lossy Heap Blocks": 0,"Plans": [{"Node Type": "Bitmap Index Scan","Parent Relationship": "Outer","Parallel Aware": false,"Async Capable": false,"Index Name": "idx_lineitem_shipdate","Startup Cost": 0.00,"Total Cost": 5993.11,"Plan Rows": 235668,"Plan Width": 0,"Actual Startup Time": 56.242,"Actual Total Time": 56.247,"Actual Rows": 228673,"Actual Loops": 1,"Index Cond": "((l_shipdate >= '1996-09-01'::date) AND (l_shipdate < '1996-12-01 00:00:00'::timestamp without time zone))"}]}]}]},{"Node Type": "Index Scan","Parent Relationship": "Outer","Parallel Aware": false,"Async Capable": false,"Scan Direction": "Forward","Index Name": "supplier_pkey","Relation Name": "supplier","Alias": "supplier","Startup Cost": 0.29,"Total Cost": 495.43,"Plan Rows": 10000,"Plan Width": 71,"Actual Startup Time": 0.093,"Actual Total Time": 7.858,"Actual Rows": 4994,"Actual Loops": 1},{"Node Type": "Sort","Parent Relationship": "Inner","Parallel Aware": false,"Async Capable": false,"Startup Cost": 124598.74,"Total Cost": 124598.87,"Plan Rows": 50,"Plan Width": 36,"Actual Startup Time": 2099.718,"Actual Total Time": 2099.739,"Actual Rows": 1,"Actual Loops": 1,"Sort Key": ["revenue0.supplier_no"],"Sort Method": "quicksort","Sort Space Used": 25,"Sort Space Type": "Memory","Plans": [{"Node Type": "Subquery Scan","Parent Relationship": "Outer","Parallel Aware": false,"Async Capable": false,"Alias": "revenue0","Startup Cost": 124446.73,"Total Cost": 124597.33,"Plan Rows": 50,"Plan Width": 36,"Actual Startup Time": 2069.111,"Actual Total Time": 2099.684,"Actual Rows": 1,"Actual Loops": 1,"Plans": [{"Node Type": "Aggregate","Strategy": "Hashed","Partial Mode": "Simple","Parent Relationship": "Subquery","Parallel Aware": false,"Async Capable": false,"Startup Cost": 124446.73,"Total Cost": 124596.83,"Plan Rows": 50,"Plan Width": 36,"Actual Startup Time": 2069.102,"Actual Total Time": 2099.662,"Actual Rows": 1,"Actual Loops": 1,"Group Key": ["lineitem.l_suppkey"],"Filter": "(sum((lineitem.l_extendedprice * ('1'::numeric - lineitem.l_discount))) = $0)","Planned Partitions": 0,"HashAgg Batches": 1,"Peak Memory Usage": 4497,"Disk Usage": 0,"Rows Removed by Filter": 9999,"Plans": [{"Node Type": "Bitmap Heap Scan","Parent Relationship": "Outer","Parallel Aware": false,"Async Capable": false,"Relation Name": "lineitem","Alias": "lineitem","Startup Cost": 6052.03,"Total Cost": 122090.05,"Plan Rows": 235668,"Plan Width": 16,"Actual Startup Time": 68.656,"Actual Total Time": 947.522,"Actual Rows": 228673,"Actual Loops": 1,"Recheck Cond": "((l_shipdate >= '1996-09-01'::date) AND (l_shipdate < '1996-12-01 00:00:00'::timestamp without time zone))","Rows Removed by Index Recheck": 0,"Exact Heap Blocks": 67144,"Lossy Heap Blocks": 0,"Plans": [{"Node Type": "Bitmap Index Scan","Parent Relationship": "Outer","Parallel Aware": false,"Async Capable": false,"Index Name": "idx_lineitem_shipdate","Startup Cost": 0.00,"Total Cost": 5993.11,"Plan Rows": 235668,"Plan Width": 0,"Actual Startup Time": 54.893,"Actual Total Time": 54.895,"Actual Rows": 228673,"Actual Loops": 1,"Index Cond": "((l_shipdate >= '1996-09-01'::date) AND (l_shipdate < '1996-12-01 00:00:00'::timestamp without time zone))"}]}]}]}]}]},"Planning Time": 5.183,"Triggers": [],"Execution Time": 2113.434}]
[{"Plan": {"Node Type": "Merge Join","Parallel Aware": false,"Async Capable": false,"Join Type": "Inner","Startup Cost": 249277.04,"Total Cost": 249797.93,"Plan Rows": 50,"Plan Width": 103,"Actual Startup Time": 2090.773,"Actual Total Time": 2090.807,"Actual Rows": 1,"Actual Loops": 1,"Inner Unique": true,"Merge Cond": "(supplier.s_suppkey = revenue0.supplier_no)","Plans": [{"Node Type": "Aggregate","Strategy": "Plain","Partial Mode": "Simple","Parent Relationship": "InitPlan","Subplan Name": "InitPlan 1 (returns $0)","Parallel Aware": false,"Async Capable": false,"Startup Cost": 124687.45,"Total Cost": 124687.46,"Plan Rows": 1,"Plan Width": 32,"Actual Startup Time": 953.148,"Actual Total Time": 953.160,"Actual Rows": 1,"Actual Loops": 1,"Plans": [{"Node Type": "Aggregate","Strategy": "Hashed","Partial Mode": "Simple","Parent Relationship": "Outer","Parallel Aware": false,"Async Capable": false,"Startup Cost": 124437.28,"Total Cost": 124562.36,"Plan Rows": 10007,"Plan Width": 36,"Actual Startup Time": 945.306,"Actual Total Time": 952.561,"Actual Rows": 10000,"Actual Loops": 1,"Group Key": ["lineitem_1.l_suppkey"],"Planned Partitions": 0,"HashAgg Batches": 1,"Peak Memory Usage": 4497,"Disk Usage": 0,"Plans": [{"Node Type": "Bitmap Heap Scan","Parent Relationship": "Outer","Parallel Aware": false,"Async Capable": false,"Relation Name": "lineitem","Alias": "lineitem_1","Startup Cost": 5586.60,"Total Cost": 122261.51,"Plan Rows": 217577,"Plan Width": 16,"Actual Startup Time": 66.133,"Actual Total Time": 797.959,"Actual Rows": 228914,"Actual Loops": 1,"Recheck Cond": "((l_shipdate >= '1996-05-01'::date) AND (l_shipdate < '1996-08-01 00:00:00'::timestamp without time zone))","Rows Removed by Index Recheck": 0,"Exact Heap Blocks": 66981,"Lossy Heap Blocks": 0,"Plans": [{"Node Type": "Bitmap Index Scan","Parent Relationship": "Outer","Parallel Aware": false,"Async Capable": false,"Index Name": "idx_lineitem_shipdate","Startup Cost": 0.00,"Total Cost": 5532.20,"Plan Rows": 217577,"Plan Width": 0,"Actual Startup Time": 52.240,"Actual Total Time": 52.246,"Actual Rows": 228914,"Actual Loops": 1,"Index Cond": "((l_shipdate >= '1996-05-01'::date) AND (l_shipdate < '1996-08-01 00:00:00'::timestamp without time zone))"}]}]}]},{"Node Type": "Index Scan","Parent Relationship": "Outer","Parallel Aware": false,"Async Capable": false,"Scan Direction": "Forward","Index Name": "supplier_pkey","Relation Name": "supplier","Alias": "supplier","Startup Cost": 0.29,"Total Cost": 495.43,"Plan Rows": 10000,"Plan Width": 71,"Actual Startup Time": 0.097,"Actual Total Time": 1.857,"Actual Rows": 985,"Actual Loops": 1},{"Node Type": "Sort","Parent Relationship": "Inner","Parallel Aware": false,"Async Capable": false,"Startup Cost": 124589.29,"Total Cost": 124589.42,"Plan Rows": 50,"Plan Width": 36,"Actual Startup Time": 2088.839,"Actual Total Time": 2088.851,"Actual Rows": 1,"Actual Loops": 1,"Sort Key": ["revenue0.supplier_no"],"Sort Method": "quicksort","Sort Space Used": 25,"Sort Space Type": "Memory","Plans": [{"Node Type": "Subquery Scan","Parent Relationship": "Outer","Parallel Aware": false,"Async Capable": false,"Alias": "revenue0","Startup Cost": 124437.28,"Total Cost": 124587.88,"Plan Rows": 50,"Plan Width": 36,"Actual Startup Time": 2064.047,"Actual Total Time": 2088.796,"Actual Rows": 1,"Actual Loops": 1,"Plans": [{"Node Type": "Aggregate","Strategy": "Hashed","Partial Mode": "Simple","Parent Relationship": "Subquery","Parallel Aware": false,"Async Capable": false,"Startup Cost": 124437.28,"Total Cost": 124587.38,"Plan Rows": 50,"Plan Width": 36,"Actual Startup Time": 2064.039,"Actual Total Time": 2088.776,"Actual Rows": 1,"Actual Loops": 1,"Group Key": ["lineitem.l_suppkey"],"Filter": "(sum((lineitem.l_extendedprice * ('1'::numeric - lineitem.l_discount))) = $0)","Planned Partitions": 0,"HashAgg Batches": 1,"Peak Memory Usage": 4497,"Disk Usage": 0,"Rows Removed by Filter": 9999,"Plans": [{"Node Type": "Bitmap Heap Scan","Parent Relationship": "Outer","Parallel Aware": false,"Async Capable": false,"Relation Name": "lineitem","Alias": "lineitem","Startup Cost": 5586.60,"Total Cost": 122261.51,"Plan Rows": 217577,"Plan Width": 16,"Actual Startup Time": 62.509,"Actual Total Time": 940.636,"Actual Rows": 228914,"Actual Loops": 1,"Recheck Cond": "((l_shipdate >= '1996-05-01'::date) AND (l_shipdate < '1996-08-01 00:00:00'::timestamp without time zone))","Rows Removed by Index Recheck": 0,"Exact Heap Blocks": 66981,"Lossy Heap Blocks": 0,"Plans": [{"Node Type": "Bitmap Index Scan","Parent Relationship": "Outer","Parallel Aware": false,"Async Capable": false,"Index Name": "idx_lineitem_shipdate","Startup Cost": 0.00,"Total Cost": 5532.20,"Plan Rows": 217577,"Plan Width": 0,"Actual Startup Time": 48.884,"Actual Total Time": 48.886,"Actual Rows": 228914,"Actual Loops": 1,"Index Cond": "((l_shipdate >= '1996-05-01'::date) AND (l_shipdate < '1996-08-01 00:00:00'::timestamp without time zone))"}]}]}]}]}]},"Planning Time": 4.074,"Triggers": [],"Execution Time": 2095.321}]
[{"Plan": {"Node Type": "Merge Join","Parallel Aware": false,"Async Capable": false,"Join Type": "Inner","Startup Cost": 248589.82,"Total Cost": 249110.72,"Plan Rows": 50,"Plan Width": 103,"Actual Startup Time": 1987.373,"Actual Total Time": 1987.432,"Actual Rows": 1,"Actual Loops": 1,"Inner Unique": true,"Merge Cond": "(supplier.s_suppkey = revenue0.supplier_no)","Plans": [{"Node Type": "Aggregate","Strategy": "Plain","Partial Mode": "Simple","Parent Relationship": "InitPlan","Subplan Name": "InitPlan 1 (returns $0)","Parallel Aware": false,"Async Capable": false,"Startup Cost": 124343.84,"Total Cost": 124343.85,"Plan Rows": 1,"Plan Width": 32,"Actual Startup Time": 910.258,"Actual Total Time": 910.282,"Actual Rows": 1,"Actual Loops": 1,"Plans": [{"Node Type": "Aggregate","Strategy": "Hashed","Partial Mode": "Simple","Parent Relationship": "Outer","Parallel Aware": false,"Async Capable": false,"Startup Cost": 124093.67,"Total Cost": 124218.76,"Plan Rows": 10007,"Plan Width": 36,"Actual Startup Time": 902.249,"Actual Total Time": 909.620,"Actual Rows": 10000,"Actual Loops": 1,"Group Key": ["lineitem_1.l_suppkey"],"Planned Partitions": 0,"HashAgg Batches": 1,"Peak Memory Usage": 4497,"Disk Usage": 0,"Plans": [{"Node Type": "Bitmap Heap Scan","Parent Relationship": "Outer","Parallel Aware": false,"Async Capable": false,"Relation Name": "lineitem","Alias": "lineitem_1","Startup Cost": 5872.77,"Total Cost": 121806.51,"Plan Rows": 228716,"Plan Width": 16,"Actual Startup Time": 52.917,"Actual Total Time": 689.706,"Actual Rows": 226297,"Actual Loops": 1,"Recheck Cond": "((l_shipdate >= '1997-09-01'::date) AND (l_shipdate < '1997-12-01 00:00:00'::timestamp without time zone))","Rows Removed by Index Recheck": 0,"Exact Heap Blocks": 66850,"Lossy Heap Blocks": 0,"Plans": [{"Node Type": "Bitmap Index Scan","Parent Relationship": "Outer","Parallel Aware": false,"Async Capable": false,"Index Name": "idx_lineitem_shipdate","Startup Cost": 0.00,"Total Cost": 5815.59,"Plan Rows": 228716,"Plan Width": 0,"Actual Startup Time": 39.420,"Actual Total Time": 39.436,"Actual Rows": 226297,"Actual Loops": 1,"Index Cond": "((l_shipdate >= '1997-09-01'::date) AND (l_shipdate < '1997-12-01 00:00:00'::timestamp without time zone))"}]}]}]},{"Node Type": "Index Scan","Parent Relationship": "Outer","Parallel Aware": false,"Async Capable": false,"Scan Direction": "Forward","Index Name": "supplier_pkey","Relation Name": "supplier","Alias": "supplier","Startup Cost": 0.29,"Total Cost": 495.43,"Plan Rows": 10000,"Plan Width": 71,"Actual Startup Time": 0.106,"Actual Total Time": 8.664,"Actual Rows": 5353,"Actual Loops": 1},{"Node Type": "Sort","Parent Relationship": "Inner","Parallel Aware": false,"Async Capable": false,"Startup Cost": 124245.69,"Total Cost": 124245.81,"Plan Rows": 50,"Plan Width": 36,"Actual Startup Time": 1978.350,"Actual Total Time": 1978.371,"Actual Rows": 1,"Actual Loops": 1,"Sort Key": ["revenue0.supplier_no"],"Sort Method": "quicksort","Sort Space Used": 25,"Sort Space Type": "Memory","Plans": [{"Node Type": "Subquery Scan","Parent Relationship": "Outer","Parallel Aware": false,"Async Capable": false,"Alias": "revenue0","Startup Cost": 124093.67,"Total Cost": 124244.27,"Plan Rows": 50,"Plan Width": 36,"Actual Startup Time": 1964.852,"Actual Total Time": 1978.305,"Actual Rows": 1,"Actual Loops": 1,"Plans": [{"Node Type": "Aggregate","Strategy": "Hashed","Partial Mode": "Simple","Parent Relationship": "Subquery","Parallel Aware": false,"Async Capable": false,"Startup Cost": 124093.67,"Total Cost": 124243.77,"Plan Rows": 50,"Plan Width": 36,"Actual Startup Time": 1964.839,"Actual Total Time": 1978.262,"Actual Rows": 1,"Actual Loops": 1,"Group Key": ["lineitem.l_suppkey"],"Filter": "(sum((lineitem.l_extendedprice * ('1'::numeric - lineitem.l_discount))) = $0)","Planned Partitions": 0,"HashAgg Batches": 1,"Peak Memory Usage": 4497,"Disk Usage": 0,"Rows Removed by Filter": 9999,"Plans": [{"Node Type": "Bitmap Heap Scan","Parent Relationship": "Outer","Parallel Aware": false,"Async Capable": false,"Relation Name": "lineitem","Alias": "lineitem","Startup Cost": 5872.77,"Total Cost": 121806.51,"Plan Rows": 228716,"Plan Width": 16,"Actual Startup Time": 51.286,"Actual Total Time": 878.790,"Actual Rows": 226297,"Actual Loops": 1,"Recheck Cond": "((l_shipdate >= '1997-09-01'::date) AND (l_shipdate < '1997-12-01 00:00:00'::timestamp without time zone))","Rows Removed by Index Recheck": 0,"Exact Heap Blocks": 66850,"Lossy Heap Blocks": 0,"Plans": [{"Node Type": "Bitmap Index Scan","Parent Relationship": "Outer","Parallel Aware": false,"Async Capable": false,"Index Name": "idx_lineitem_shipdate","Startup Cost": 0.00,"Total Cost": 5815.59,"Plan Rows": 228716,"Plan Width": 0,"Actual Startup Time": 37.772,"Actual Total Time": 37.772,"Actual Rows": 226297,"Actual Loops": 1,"Index Cond": "((l_shipdate >= '1997-09-01'::date) AND (l_shipdate < '1997-12-01 00:00:00'::timestamp without time zone))"}]}]}]}]}]},"Planning Time": 4.702,"Triggers": [],"Execution Time": 1993.549}]
[{"Plan": {"Node Type": "Merge Join","Parallel Aware": false,"Async Capable": false,"Join Type": "Inner","Startup Cost": 248853.69,"Total Cost": 249374.58,"Plan Rows": 50,"Plan Width": 103,"Actual Startup Time": 2069.794,"Actual Total Time": 2069.839,"Actual Rows": 1,"Actual Loops": 1,"Inner Unique": true,"Merge Cond": "(supplier.s_suppkey = revenue0.supplier_no)","Plans": [{"Node Type": "Aggregate","Strategy": "Plain","Partial Mode": "Simple","Parent Relationship": "InitPlan","Subplan Name": "InitPlan 1 (returns $0)","Parallel Aware": false,"Async Capable": false,"Startup Cost": 124475.78,"Total Cost": 124475.79,"Plan Rows": 1,"Plan Width": 32,"Actual Startup Time": 939.556,"Actual Total Time": 939.568,"Actual Rows": 1,"Actual Loops": 1,"Plans": [{"Node Type": "Aggregate","Strategy": "Hashed","Partial Mode": "Simple","Parent Relationship": "Outer","Parallel Aware": false,"Async Capable": false,"Startup Cost": 124225.60,"Total Cost": 124350.69,"Plan Rows": 10007,"Plan Width": 36,"Actual Startup Time": 931.775,"Actual Total Time": 938.967,"Actual Rows": 10000,"Actual Loops": 1,"Group Key": ["lineitem_1.l_suppkey"],"Planned Partitions": 0,"HashAgg Batches": 1,"Peak Memory Usage": 4497,"Disk Usage": 0,"Plans": [{"Node Type": "Bitmap Heap Scan","Parent Relationship": "Outer","Parallel Aware": false,"Async Capable": false,"Relation Name": "lineitem","Alias": "lineitem_1","Startup Cost": 5939.50,"Total Cost": 121912.36,"Plan Rows": 231324,"Plan Width": 16,"Actual Startup Time": 57.879,"Actual Total Time": 785.253,"Actual Rows": 226918,"Actual Loops": 1,"Recheck Cond": "((l_shipdate >= '1994-09-01'::date) AND (l_shipdate < '1994-12-01 00:00:00'::timestamp without time zone))","Rows Removed by Index Recheck": 0,"Exact Heap Blocks": 67096,"Lossy Heap Blocks": 0,"Plans": [{"Node Type": "Bitmap Index Scan","Parent Relationship": "Outer","Parallel Aware": false,"Async Capable": false,"Index Name": "idx_lineitem_shipdate","Startup Cost": 0.00,"Total Cost": 5881.67,"Plan Rows": 231324,"Plan Width": 0,"Actual Startup Time": 44.092,"Actual Total Time": 44.094,"Actual Rows": 226918,"Actual Loops": 1,"Index Cond": "((l_shipdate >= '1994-09-01'::date) AND (l_shipdate < '1994-12-01 00:00:00'::timestamp without time zone))"}]}]}]},{"Node Type": "Index Scan","Parent Relationship": "Outer","Parallel Aware": false,"Async Capable": false,"Scan Direction": "Forward","Index Name": "supplier_pkey","Relation Name": "supplier","Alias": "supplier","Startup Cost": 0.29,"Total Cost": 495.43,"Plan Rows": 10000,"Plan Width": 71,"Actual Startup Time": 0.128,"Actual Total Time": 7.377,"Actual Rows": 4443,"Actual Loops": 1},{"Node Type": "Sort","Parent Relationship": "Inner","Parallel Aware": false,"Async Capable": false,"Startup Cost": 124377.62,"Total Cost": 124377.74,"Plan Rows": 50,"Plan Width": 36,"Actual Startup Time": 2062.143,"Actual Total Time": 2062.163,"Actual Rows": 1,"Actual Loops": 1,"Sort Key": ["revenue0.supplier_no"],"Sort Method": "quicksort","Sort Space Used": 25,"Sort Space Type": "Memory","Plans": [{"Node Type": "Subquery Scan","Parent Relationship": "Outer","Parallel Aware": false,"Async Capable": false,"Alias": "revenue0","Startup Cost": 124225.60,"Total Cost": 124376.21,"Plan Rows": 50,"Plan Width": 36,"Actual Startup Time": 2040.368,"Actual Total Time": 2062.123,"Actual Rows": 1,"Actual Loops": 1,"Plans": [{"Node Type": "Aggregate","Strategy": "Hashed","Partial Mode": "Simple","Parent Relationship": "Subquery","Parallel Aware": false,"Async Capable": false,"Startup Cost": 124225.60,"Total Cost": 124375.71,"Plan Rows": 50,"Plan Width": 36,"Actual Startup Time": 2040.362,"Actual Total Time": 2062.108,"Actual Rows": 1,"Actual Loops": 1,"Group Key": ["lineitem.l_suppkey"],"Filter": "(sum((lineitem.l_extendedprice * ('1'::numeric - lineitem.l_discount))) = $0)","Planned Partitions": 0,"HashAgg Batches": 1,"Peak Memory Usage": 4497,"Disk Usage": 0,"Rows Removed by Filter": 9999,"Plans": [{"Node Type": "Bitmap Heap Scan","Parent Relationship": "Outer","Parallel Aware": false,"Async Capable": false,"Relation Name": "lineitem","Alias": "lineitem","Startup Cost": 5939.50,"Total Cost": 121912.36,"Plan Rows": 231324,"Plan Width": 16,"Actual Startup Time": 54.706,"Actual Total Time": 926.482,"Actual Rows": 226918,"Actual Loops": 1,"Recheck Cond": "((l_shipdate >= '1994-09-01'::date) AND (l_shipdate < '1994-12-01 00:00:00'::timestamp without time zone))","Rows Removed by Index Recheck": 0,"Exact Heap Blocks": 67096,"Lossy Heap Blocks": 0,"Plans": [{"Node Type": "Bitmap Index Scan","Parent Relationship": "Outer","Parallel Aware": false,"Async Capable": false,"Index Name": "idx_lineitem_shipdate","Startup Cost": 0.00,"Total Cost": 5881.67,"Plan Rows": 231324,"Plan Width": 0,"Actual Startup Time": 41.081,"Actual Total Time": 41.084,"Actual Rows": 226918,"Actual Loops": 1,"Index Cond": "((l_shipdate >= '1994-09-01'::date) AND (l_shipdate < '1994-12-01 00:00:00'::timestamp without time zone))"}]}]}]}]}]},"Planning Time": 4.073,"Triggers": [],"Execution Time": 2075.054}]
[{"Plan": {"Node Type": "Merge Join","Parallel Aware": false,"Async Capable": false,"Join Type": "Inner","Startup Cost": 248906.53,"Total Cost": 249427.43,"Plan Rows": 50,"Plan Width": 103,"Actual Startup Time": 2120.338,"Actual Total Time": 2120.405,"Actual Rows": 1,"Actual Loops": 1,"Inner Unique": true,"Merge Cond": "(supplier.s_suppkey = revenue0.supplier_no)","Plans": [{"Node Type": "Aggregate","Strategy": "Plain","Partial Mode": "Simple","Parent Relationship": "InitPlan","Subplan Name": "InitPlan 1 (returns $0)","Parallel Aware": false,"Async Capable": false,"Startup Cost": 124502.20,"Total Cost": 124502.21,"Plan Rows": 1,"Plan Width": 32,"Actual Startup Time": 995.653,"Actual Total Time": 995.675,"Actual Rows": 1,"Actual Loops": 1,"Plans": [{"Node Type": "Aggregate","Strategy": "Hashed","Partial Mode": "Simple","Parent Relationship": "Outer","Parallel Aware": false,"Async Capable": false,"Startup Cost": 124252.02,"Total Cost": 124377.11,"Plan Rows": 10007,"Plan Width": 36,"Actual Startup Time": 988.573,"Actual Total Time": 995.015,"Actual Rows": 10000,"Actual Loops": 1,"Group Key": ["lineitem_1.l_suppkey"],"Planned Partitions": 0,"HashAgg Batches": 1,"Peak Memory Usage": 4497,"Disk Usage": 0,"Plans": [{"Node Type": "Bitmap Heap Scan","Parent Relationship": "Outer","Parallel Aware": false,"Async Capable": false,"Relation Name": "lineitem","Alias": "lineitem_1","Startup Cost": 5658.18,"Total Cost": 122049.35,"Plan Rows": 220268,"Plan Width": 16,"Actual Startup Time": 64.084,"Actual Total Time": 782.585,"Actual Rows": 229188,"Actual Loops": 1,"Recheck Cond": "((l_shipdate >= '1996-06-01'::date) AND (l_shipdate < '1996-09-01 00:00:00'::timestamp without time zone))","Rows Removed by Index Recheck": 0,"Exact Heap Blocks": 67237,"Lossy Heap Blocks": 0,"Plans": [{"Node Type": "Bitmap Index Scan","Parent Relationship": "Outer","Parallel Aware": false,"Async Capable": false,"Index Name": "idx_lineitem_shipdate","Startup Cost": 0.00,"Total Cost": 5603.11,"Plan Rows": 220268,"Plan Width": 0,"Actual Startup Time": 50.249,"Actual Total Time": 50.261,"Actual Rows": 229188,"Actual Loops": 1,"Index Cond": "((l_shipdate >= '1996-06-01'::date) AND (l_shipdate < '1996-09-01 00:00:00'::timestamp without time zone))"}]}]}]},{"Node Type": "Index Scan","Parent Relationship": "Outer","Parallel Aware": false,"Async Capable": false,"Scan Direction": "Forward","Index Name": "supplier_pkey","Relation Name": "supplier","Alias": "supplier","Startup Cost": 0.29,"Total Cost": 495.43,"Plan Rows": 10000,"Plan Width": 71,"Actual Startup Time": 0.111,"Actual Total Time": 6.155,"Actual Rows": 3498,"Actual Loops": 1},{"Node Type": "Sort","Parent Relationship": "Inner","Parallel Aware": false,"Async Capable": false,"Startup Cost": 124404.04,"Total Cost": 124404.16,"Plan Rows": 50,"Plan Width": 36,"Actual Startup Time": 2113.926,"Actual Total Time": 2113.963,"Actual Rows": 1,"Actual Loops": 1,"Sort Key": ["revenue0.supplier_no"],"Sort Method": "quicksort","Sort Space Used": 25,"Sort Space Type": "Memory","Plans": [{"Node Type": "Subquery Scan","Parent Relationship": "Outer","Parallel Aware": false,"Async Capable": false,"Alias": "revenue0","Startup Cost": 124252.02,"Total Cost": 124402.63,"Plan Rows": 50,"Plan Width": 36,"Actual Startup Time": 2110.361,"Actual Total Time": 2113.880,"Actual Rows": 1,"Actual Loops": 1,"Plans": [{"Node Type": "Aggregate","Strategy": "Hashed","Partial Mode": "Simple","Parent Relationship": "Subquery","Parallel Aware": false,"Async Capable": false,"Startup Cost": 124252.02,"Total Cost": 124402.13,"Plan Rows": 50,"Plan Width": 36,"Actual Startup Time": 2110.349,"Actual Total Time": 2113.833,"Actual Rows": 1,"Actual Loops": 1,"Group Key": ["lineitem.l_suppkey"],"Filter": "(sum((lineitem.l_extendedprice * ('1'::numeric - lineitem.l_discount))) = $0)","Planned Partitions": 0,"HashAgg Batches": 1,"Peak Memory Usage": 4497,"Disk Usage": 0,"Rows Removed by Filter": 9999,"Plans": [{"Node Type": "Bitmap Heap Scan","Parent Relationship": "Outer","Parallel Aware": false,"Async Capable": false,"Relation Name": "lineitem","Alias": "lineitem","Startup Cost": 5658.18,"Total Cost": 122049.35,"Plan Rows": 220268,"Plan Width": 16,"Actual Startup Time": 61.436,"Actual Total Time": 938.941,"Actual Rows": 229188,"Actual Loops": 1,"Recheck Cond": "((l_shipdate >= '1996-06-01'::date) AND (l_shipdate < '1996-09-01 00:00:00'::timestamp without time zone))","Rows Removed by Index Recheck": 0,"Exact Heap Blocks": 67237,"Lossy Heap Blocks": 0,"Plans": [{"Node Type": "Bitmap Index Scan","Parent Relationship": "Outer","Parallel Aware": false,"Async Capable": false,"Index Name": "idx_lineitem_shipdate","Startup Cost": 0.00,"Total Cost": 5603.11,"Plan Rows": 220268,"Plan Width": 0,"Actual Startup Time": 47.976,"Actual Total Time": 47.995,"Actual Rows": 229188,"Actual Loops": 1,"Index Cond": "((l_shipdate >= '1996-06-01'::date) AND (l_shipdate < '1996-09-01 00:00:00'::timestamp without time zone))"}]}]}]}]}]},"Planning Time": 3.999,"Triggers": [],"Execution Time": 2125.477}]
[{"Plan": {"Node Type": "Merge Join","Parallel Aware": false,"Async Capable": false,"Join Type": "Inner","Startup Cost": 249007.37,"Total Cost": 249528.27,"Plan Rows": 50,"Plan Width": 103,"Actual Startup Time": 1950.290,"Actual Total Time": 1950.325,"Actual Rows": 1,"Actual Loops": 1,"Inner Unique": true,"Merge Cond": "(supplier.s_suppkey = revenue0.supplier_no)","Plans": [{"Node Type": "Aggregate","Strategy": "Plain","Partial Mode": "Simple","Parent Relationship": "InitPlan","Subplan Name": "InitPlan 1 (returns $0)","Parallel Aware": false,"Async Capable": false,"Startup Cost": 124552.62,"Total Cost": 124552.63,"Plan Rows": 1,"Plan Width": 32,"Actual Startup Time": 860.884,"Actual Total Time": 860.896,"Actual Rows": 1,"Actual Loops": 1,"Plans": [{"Node Type": "Aggregate","Strategy": "Hashed","Partial Mode": "Simple","Parent Relationship": "Outer","Parallel Aware": false,"Async Capable": false,"Startup Cost": 124302.44,"Total Cost": 124427.53,"Plan Rows": 10007,"Plan Width": 36,"Actual Startup Time": 850.275,"Actual Total Time": 860.310,"Actual Rows": 10000,"Actual Loops": 1,"Group Key": ["lineitem_1.l_suppkey"],"Planned Partitions": 0,"HashAgg Batches": 1,"Peak Memory Usage": 4497,"Disk Usage": 0,"Plans": [{"Node Type": "Bitmap Heap Scan","Parent Relationship": "Outer","Parallel Aware": false,"Async Capable": false,"Relation Name": "lineitem","Alias": "lineitem_1","Startup Cost": 5978.87,"Total Cost": 121974.21,"Plan Rows": 232823,"Plan Width": 16,"Actual Startup Time": 57.996,"Actual Total Time": 682.359,"Actual Rows": 230989,"Actual Loops": 1,"Recheck Cond": "((l_shipdate >= '1996-11-01'::date) AND (l_shipdate < '1997-02-01 00:00:00'::timestamp without time zone))","Rows Removed by Index Recheck": 0,"Exact Heap Blocks": 67204,"Lossy Heap Blocks": 0,"Plans": [{"Node Type": "Bitmap Index Scan","Parent Relationship": "Outer","Parallel Aware": false,"Async Capable": false,"Index Name": "idx_lineitem_shipdate","Startup Cost": 0.00,"Total Cost": 5920.66,"Plan Rows": 232823,"Plan Width": 0,"Actual Startup Time": 43.736,"Actual Total Time": 43.740,"Actual Rows": 230989,"Actual Loops": 1,"Index Cond": "((l_shipdate >= '1996-11-01'::date) AND (l_shipdate < '1997-02-01 00:00:00'::timestamp without time zone))"}]}]}]},{"Node Type": "Index Scan","Parent Relationship": "Outer","Parallel Aware": false,"Async Capable": false,"Scan Direction": "Forward","Index Name": "supplier_pkey","Relation Name": "supplier","Alias": "supplier","Startup Cost": 0.29,"Total Cost": 495.43,"Plan Rows": 10000,"Plan Width": 71,"Actual Startup Time": 0.101,"Actual Total Time": 0.973,"Actual Rows": 483,"Actual Loops": 1},{"Node Type": "Sort","Parent Relationship": "Inner","Parallel Aware": false,"Async Capable": false,"Startup Cost": 124454.46,"Total Cost": 124454.58,"Plan Rows": 50,"Plan Width": 36,"Actual Startup Time": 1949.248,"Actual Total Time": 1949.262,"Actual Rows": 1,"Actual Loops": 1,"Sort Key": ["revenue0.supplier_no"],"Sort Method": "quicksort","Sort Space Used": 25,"Sort Space Type": "Memory","Plans": [{"Node Type": "Subquery Scan","Parent Relationship": "Outer","Parallel Aware": false,"Async Capable": false,"Alias": "revenue0","Startup Cost": 124302.44,"Total Cost": 124453.05,"Plan Rows": 50,"Plan Width": 36,"Actual Startup Time": 1948.543,"Actual Total Time": 1949.217,"Actual Rows": 1,"Actual Loops": 1,"Plans": [{"Node Type": "Aggregate","Strategy": "Hashed","Partial Mode": "Simple","Parent Relationship": "Subquery","Parallel Aware": false,"Async Capable": false,"Startup Cost": 124302.44,"Total Cost": 124452.55,"Plan Rows": 50,"Plan Width": 36,"Actual Startup Time": 1948.534,"Actual Total Time": 1949.205,"Actual Rows": 1,"Actual Loops": 1,"Group Key": ["lineitem.l_suppkey"],"Filter": "(sum((lineitem.l_extendedprice * ('1'::numeric - lineitem.l_discount))) = $0)","Planned Partitions": 0,"HashAgg Batches": 1,"Peak Memory Usage": 4497,"Disk Usage": 0,"Rows Removed by Filter": 9999,"Plans": [{"Node Type": "Bitmap Heap Scan","Parent Relationship": "Outer","Parallel Aware": false,"Async Capable": false,"Relation Name": "lineitem","Alias": "lineitem","Startup Cost": 5978.87,"Total Cost": 121974.21,"Plan Rows": 232823,"Plan Width": 16,"Actual Startup Time": 57.232,"Actual Total Time": 886.042,"Actual Rows": 230989,"Actual Loops": 1,"Recheck Cond": "((l_shipdate >= '1996-11-01'::date) AND (l_shipdate < '1997-02-01 00:00:00'::timestamp without time zone))","Rows Removed by Index Recheck": 0,"Exact Heap Blocks": 67204,"Lossy Heap Blocks": 0,"Plans": [{"Node Type": "Bitmap Index Scan","Parent Relationship": "Outer","Parallel Aware": false,"Async Capable": false,"Index Name": "idx_lineitem_shipdate","Startup Cost": 0.00,"Total Cost": 5920.66,"Plan Rows": 232823,"Plan Width": 0,"Actual Startup Time": 43.557,"Actual Total Time": 43.561,"Actual Rows": 230989,"Actual Loops": 1,"Index Cond": "((l_shipdate >= '1996-11-01'::date) AND (l_shipdate < '1997-02-01 00:00:00'::timestamp without time zone))"}]}]}]}]}]},"Planning Time": 4.611,"Triggers": [],"Execution Time": 1953.473}]
[{"Plan": {"Node Type": "Merge Join","Parallel Aware": false,"Async Capable": false,"Join Type": "Inner","Startup Cost": 249919.13,"Total Cost": 250440.03,"Plan Rows": 50,"Plan Width": 103,"Actual Startup Time": 1938.438,"Actual Total Time": 1938.484,"Actual Rows": 1,"Actual Loops": 1,"Inner Unique": true,"Merge Cond": "(supplier.s_suppkey = revenue0.supplier_no)","Plans": [{"Node Type": "Aggregate","Strategy": "Plain","Partial Mode": "Simple","Parent Relationship": "InitPlan","Subplan Name": "InitPlan 1 (returns $0)","Parallel Aware": false,"Async Capable": false,"Startup Cost": 125008.50,"Total Cost": 125008.51,"Plan Rows": 1,"Plan Width": 32,"Actual Startup Time": 846.218,"Actual Total Time": 846.240,"Actual Rows": 1,"Actual Loops": 1,"Plans": [{"Node Type": "Aggregate","Strategy": "Hashed","Partial Mode": "Simple","Parent Relationship": "Outer","Parallel Aware": false,"Async Capable": false,"Startup Cost": 124758.32,"Total Cost": 124883.41,"Plan Rows": 10007,"Plan Width": 36,"Actual Startup Time": 837.029,"Actual Total Time": 845.645,"Actual Rows": 10000,"Actual Loops": 1,"Group Key": ["lineitem_1.l_suppkey"],"Planned Partitions": 0,"HashAgg Batches": 1,"Peak Memory Usage": 4497,"Disk Usage": 0,"Plans": [{"Node Type": "Bitmap Heap Scan","Parent Relationship": "Outer","Parallel Aware": false,"Async Capable": false,"Relation Name": "lineitem","Alias": "lineitem_1","Startup Cost": 6210.72,"Total Cost": 122340.48,"Plan Rows": 241784,"Plan Width": 16,"Actual Startup Time": 57.576,"Actual Total Time": 672.754,"Actual Rows": 227694,"Actual Loops": 1,"Recheck Cond": "((l_shipdate >= '1993-05-01'::date) AND (l_shipdate < '1993-08-01 00:00:00'::timestamp without time zone))","Rows Removed by Index Recheck": 0,"Exact Heap Blocks": 66876,"Lossy Heap Blocks": 0,"Plans": [{"Node Type": "Bitmap Index Scan","Parent Relationship": "Outer","Parallel Aware": false,"Async Capable": false,"Index Name": "idx_lineitem_shipdate","Startup Cost": 0.00,"Total Cost": 6150.27,"Plan Rows": 241784,"Plan Width": 0,"Actual Startup Time": 44.048,"Actual Total Time": 44.059,"Actual Rows": 227694,"Actual Loops": 1,"Index Cond": "((l_shipdate >= '1993-05-01'::date) AND (l_shipdate < '1993-08-01 00:00:00'::timestamp without time zone))"}]}]}]},{"Node Type": "Index Scan","Parent Relationship": "Outer","Parallel Aware": false,"Async Capable": false,"Scan Direction": "Forward","Index Name": "supplier_pkey","Relation Name": "supplier","Alias": "supplier","Startup Cost": 0.29,"Total Cost": 495.43,"Plan Rows": 10000,"Plan Width": 71,"Actual Startup Time": 0.103,"Actual Total Time": 9.443,"Actual Rows": 5891,"Actual Loops": 1},{"Node Type": "Sort","Parent Relationship": "Inner","Parallel Aware": false,"Async Capable": false,"Startup Cost": 124910.34,"Total Cost": 124910.46,"Plan Rows": 50,"Plan Width": 36,"Actual Startup Time": 1928.643,"Actual Total Time": 1928.657,"Actual Rows": 1,"Actual Loops": 1,"Sort Key": ["revenue0.supplier_no"],"Sort Method": "quicksort","Sort Space Used": 25,"Sort Space Type": "Memory","Plans": [{"Node Type": "Subquery Scan","Parent Relationship": "Outer","Parallel Aware": false,"Async Capable": false,"Alias": "revenue0","Startup Cost": 124758.32,"Total Cost": 124908.93,"Plan Rows": 50,"Plan Width": 36,"Actual Startup Time": 1917.063,"Actual Total Time": 1928.619,"Actual Rows": 1,"Actual Loops": 1,"Plans": [{"Node Type": "Aggregate","Strategy": "Hashed","Partial Mode": "Simple","Parent Relationship": "Subquery","Parallel Aware": false,"Async Capable": false,"Startup Cost": 124758.32,"Total Cost": 124908.43,"Plan Rows": 50,"Plan Width": 36,"Actual Startup Time": 1917.055,"Actual Total Time": 1928.608,"Actual Rows": 1,"Actual Loops": 1,"Group Key": ["lineitem.l_suppkey"],"Filter": "(sum((lineitem.l_extendedprice * ('1'::numeric - lineitem.l_discount))) = $0)","Planned Partitions": 0,"HashAgg Batches": 1,"Peak Memory Usage": 4497,"Disk Usage": 0,"Rows Removed by Filter": 9999,"Plans": [{"Node Type": "Bitmap Heap Scan","Parent Relationship": "Outer","Parallel Aware": false,"Async Capable": false,"Relation Name": "lineitem","Alias": "lineitem","Startup Cost": 6210.72,"Total Cost": 122340.48,"Plan Rows": 241784,"Plan Width": 16,"Actual Startup Time": 59.880,"Actual Total Time": 887.270,"Actual Rows": 227694,"Actual Loops": 1,"Recheck Cond": "((l_shipdate >= '1993-05-01'::date) AND (l_shipdate < '1993-08-01 00:00:00'::timestamp without time zone))","Rows Removed by Index Recheck": 0,"Exact Heap Blocks": 66876,"Lossy Heap Blocks": 0,"Plans": [{"Node Type": "Bitmap Index Scan","Parent Relationship": "Outer","Parallel Aware": false,"Async Capable": false,"Index Name": "idx_lineitem_shipdate","Startup Cost": 0.00,"Total Cost": 6150.27,"Plan Rows": 241784,"Plan Width": 0,"Actual Startup Time": 46.380,"Actual Total Time": 46.383,"Actual Rows": 227694,"Actual Loops": 1,"Index Cond": "((l_shipdate >= '1993-05-01'::date) AND (l_shipdate < '1993-08-01 00:00:00'::timestamp without time zone))"}]}]}]}]}]},"Planning Time": 5.126,"Triggers": [],"Execution Time": 1942.320}]
[{"Plan": {"Node Type": "Merge Join","Parallel Aware": false,"Async Capable": false,"Join Type": "Inner","Startup Cost": 248749.22,"Total Cost": 249270.12,"Plan Rows": 50,"Plan Width": 103,"Actual Startup Time": 1931.389,"Actual Total Time": 1931.417,"Actual Rows": 1,"Actual Loops": 1,"Inner Unique": true,"Merge Cond": "(supplier.s_suppkey = revenue0.supplier_no)","Plans": [{"Node Type": "Aggregate","Strategy": "Plain","Partial Mode": "Simple","Parent Relationship": "InitPlan","Subplan Name": "InitPlan 1 (returns $0)","Parallel Aware": false,"Async Capable": false,"Startup Cost": 124423.54,"Total Cost": 124423.55,"Plan Rows": 1,"Plan Width": 32,"Actual Startup Time": 829.182,"Actual Total Time": 829.192,"Actual Rows": 1,"Actual Loops": 1,"Plans": [{"Node Type": "Aggregate","Strategy": "Hashed","Partial Mode": "Simple","Parent Relationship": "Outer","Parallel Aware": false,"Async Capable": false,"Startup Cost": 124173.37,"Total Cost": 124298.46,"Plan Rows": 10007,"Plan Width": 36,"Actual Startup Time": 816.902,"Actual Total Time": 828.607,"Actual Rows": 10000,"Actual Loops": 1,"Group Key": ["lineitem_1.l_suppkey"],"Planned Partitions": 0,"HashAgg Batches": 1,"Peak Memory Usage": 4497,"Disk Usage": 0,"Plans": [{"Node Type": "Bitmap Heap Scan","Parent Relationship": "Outer","Parallel Aware": false,"Async Capable": false,"Relation Name": "lineitem","Alias": "lineitem_1","Startup Cost": 5912.97,"Total Cost": 121870.41,"Plan Rows": 230296,"Plan Width": 16,"Actual Startup Time": 50.257,"Actual Total Time": 644.900,"Actual Rows": 230072,"Actual Loops": 1,"Recheck Cond": "((l_shipdate >= '1995-10-01'::date) AND (l_shipdate < '1996-01-01 00:00:00'::timestamp without time zone))","Rows Removed by Index Recheck": 0,"Exact Heap Blocks": 67245,"Lossy Heap Blocks": 0,"Plans": [{"Node Type": "Bitmap Index Scan","Parent Relationship": "Outer","Parallel Aware": false,"Async Capable": false,"Index Name": "idx_lineitem_shipdate","Startup Cost": 0.00,"Total Cost": 5855.39,"Plan Rows": 230296,"Plan Width": 0,"Actual Startup Time": 36.768,"Actual Total Time": 36.770,"Actual Rows": 230072,"Actual Loops": 1,"Index Cond": "((l_shipdate >= '1995-10-01'::date) AND (l_shipdate < '1996-01-01 00:00:00'::timestamp without time zone))"}]}]}]},{"Node Type": "Index Scan","Parent Relationship": "Outer","Parallel Aware": false,"Async Capable": false,"Scan Direction": "Forward","Index Name": "supplier_pkey","Relation Name": "supplier","Alias": "supplier","Startup Cost": 0.29,"Total Cost": 495.43,"Plan Rows": 10000,"Plan Width": 71,"Actual Startup Time": 0.086,"Actual Total Time": 4.053,"Actual Rows": 2388,"Actual Loops": 1},{"Node Type": "Sort","Parent Relationship": "Inner","Parallel Aware": false,"Async Capable": false,"Startup Cost": 124325.38,"Total Cost": 124325.51,"Plan Rows": 50,"Plan Width": 36,"Actual Startup Time": 1927.160,"Actual Total Time": 1927.170,"Actual Rows": 1,"Actual Loops": 1,"Sort Key": ["revenue0.supplier_no"],"Sort Method": "quicksort","Sort Space Used": 25,"Sort Space Type": "Memory","Plans": [{"Node Type": "Subquery Scan","Parent Relationship": "Outer","Parallel Aware": false,"Async Capable": false,"Alias": "revenue0","Startup Cost": 124173.37,"Total Cost": 124323.97,"Plan Rows": 50,"Plan Width": 36,"Actual Startup Time": 1921.461,"Actual Total Time": 1927.124,"Actual Rows": 1,"Actual Loops": 1,"Plans": [{"Node Type": "Aggregate","Strategy": "Hashed","Partial Mode": "Simple","Parent Relationship": "Subquery","Parallel Aware": false,"Async Capable": false,"Startup Cost": 124173.37,"Total Cost": 124323.47,"Plan Rows": 50,"Plan Width": 36,"Actual Startup Time": 1921.452,"Actual Total Time": 1927.108,"Actual Rows": 1,"Actual Loops": 1,"Group Key": ["lineitem.l_suppkey"],"Filter": "(sum((lineitem.l_extendedprice * ('1'::numeric - lineitem.l_discount))) = $0)","Planned Partitions": 0,"HashAgg Batches": 1,"Peak Memory Usage": 4497,"Disk Usage": 0,"Rows Removed by Filter": 9999,"Plans": [{"Node Type": "Bitmap Heap Scan","Parent Relationship": "Outer","Parallel Aware": false,"Async Capable": false,"Relation Name": "lineitem","Alias": "lineitem","Startup Cost": 5912.97,"Total Cost": 121870.41,"Plan Rows": 230296,"Plan Width": 16,"Actual Startup Time": 50.046,"Actual Total Time": 890.624,"Actual Rows": 230072,"Actual Loops": 1,"Recheck Cond": "((l_shipdate >= '1995-10-01'::date) AND (l_shipdate < '1996-01-01 00:00:00'::timestamp without time zone))","Rows Removed by Index Recheck": 0,"Exact Heap Blocks": 67245,"Lossy Heap Blocks": 0,"Plans": [{"Node Type": "Bitmap Index Scan","Parent Relationship": "Outer","Parallel Aware": false,"Async Capable": false,"Index Name": "idx_lineitem_shipdate","Startup Cost": 0.00,"Total Cost": 5855.39,"Plan Rows": 230296,"Plan Width": 0,"Actual Startup Time": 36.694,"Actual Total Time": 36.694,"Actual Rows": 230072,"Actual Loops": 1,"Index Cond": "((l_shipdate >= '1995-10-01'::date) AND (l_shipdate < '1996-01-01 00:00:00'::timestamp without time zone))"}]}]}]}]}]},"Planning Time": 4.561,"Triggers": [],"Execution Time": 1934.601}]
[{"Plan": {"Node Type": "Merge Join","Parallel Aware": false,"Async Capable": false,"Join Type": "Inner","Startup Cost": 249258.26,"Total Cost": 249779.16,"Plan Rows": 50,"Plan Width": 103,"Actual Startup Time": 2049.284,"Actual Total Time": 2049.315,"Actual Rows": 1,"Actual Loops": 1,"Inner Unique": true,"Merge Cond": "(supplier.s_suppkey = revenue0.supplier_no)","Plans": [{"Node Type": "Aggregate","Strategy": "Plain","Partial Mode": "Simple","Parent Relationship": "InitPlan","Subplan Name": "InitPlan 1 (returns $0)","Parallel Aware": false,"Async Capable": false,"Startup Cost": 124678.06,"Total Cost": 124678.07,"Plan Rows": 1,"Plan Width": 32,"Actual Startup Time": 930.818,"Actual Total Time": 930.829,"Actual Rows": 1,"Actual Loops": 1,"Plans": [{"Node Type": "Aggregate","Strategy": "Hashed","Partial Mode": "Simple","Parent Relationship": "Outer","Parallel Aware": false,"Async Capable": false,"Startup Cost": 124427.89,"Total Cost": 124552.98,"Plan Rows": 10007,"Plan Width": 36,"Actual Startup Time": 924.477,"Actual Total Time": 930.237,"Actual Rows": 10000,"Actual Loops": 1,"Group Key": ["lineitem_1.l_suppkey"],"Planned Partitions": 0,"HashAgg Batches": 1,"Peak Memory Usage": 4497,"Disk Usage": 0,"Plans": [{"Node Type": "Bitmap Heap Scan","Parent Relationship": "Outer","Parallel Aware": false,"Async Capable": false,"Relation Name": "lineitem","Alias": "lineitem_1","Startup Cost": 5592.22,"Total Cost": 122250.53,"Plan Rows": 217735,"Plan Width": 16,"Actual Startup Time": 64.565,"Actual Total Time": 777.964,"Actual Rows": 222319,"Actual Loops": 1,"Recheck Cond": "((l_shipdate >= '1997-02-01'::date) AND (l_shipdate < '1997-05-01 00:00:00'::timestamp without time zone))","Rows Removed by Index Recheck": 0,"Exact Heap Blocks": 66311,"Lossy Heap Blocks": 0,"Plans": [{"Node Type": "Bitmap Index Scan","Parent Relationship": "Outer","Parallel Aware": false,"Async Capable": false,"Index Name": "idx_lineitem_shipdate","Startup Cost": 0.00,"Total Cost": 5537.78,"Plan Rows": 217735,"Plan Width": 0,"Actual Startup Time": 50.700,"Actual Total Time": 50.704,"Actual Rows": 222319,"Actual Loops": 1,"Index Cond": "((l_shipdate >= '1997-02-01'::date) AND (l_shipdate < '1997-05-01 00:00:00'::timestamp without time zone))"}]}]}]},{"Node Type": "Index Scan","Parent Relationship": "Outer","Parallel Aware": false,"Async Capable": false,"Scan Direction": "Forward","Index Name": "supplier_pkey","Relation Name": "supplier","Alias": "supplier","Startup Cost": 0.29,"Total Cost": 495.43,"Plan Rows": 10000,"Plan Width": 71,"Actual Startup Time": 0.105,"Actual Total Time": 1.005,"Actual Rows": 435,"Actual Loops": 1},{"Node Type": "Sort","Parent Relationship": "Inner","Parallel Aware": false,"Async Capable": false,"Startup Cost": 124579.90,"Total Cost": 124580.03,"Plan Rows": 50,"Plan Width": 36,"Actual Startup Time": 2048.234,"Actual Total Time": 2048.243,"Actual Rows": 1,"Actual Loops": 1,"Sort Key": ["revenue0.supplier_no"],"Sort Method": "quicksort","Sort Space Used": 25,"Sort Space Type": "Memory","Plans": [{"Node Type": "Subquery Scan","Parent Relationship": "Outer","Parallel Aware": false,"Async Capable": false,"Alias": "revenue0","Startup Cost": 124427.89,"Total Cost": 124578.49,"Plan Rows": 50,"Plan Width": 36,"Actual Startup Time": 2038.148,"Actual Total Time": 2048.197,"Actual Rows": 1,"Actual Loops": 1,"Plans": [{"Node Type": "Aggregate","Strategy": "Hashed","Partial Mode": "Simple","Parent Relationship": "Subquery","Parallel Aware": false,"Async Capable": false,"Startup Cost": 124427.89,"Total Cost": 124577.99,"Plan Rows": 50,"Plan Width": 36,"Actual Startup Time": 2038.142,"Actual Total Time": 2048.186,"Actual Rows": 1,"Actual Loops": 1,"Group Key": ["lineitem.l_suppkey"],"Filter": "(sum((lineitem.l_extendedprice * ('1'::numeric - lineitem.l_discount))) = $0)","Planned Partitions": 0,"HashAgg Batches": 1,"Peak Memory Usage": 4497,"Disk Usage": 0,"Rows Removed by Filter": 9999,"Plans": [{"Node Type": "Bitmap Heap Scan","Parent Relationship": "Outer","Parallel Aware": false,"Async Capable": false,"Relation Name": "lineitem","Alias": "lineitem","Startup Cost": 5592.22,"Total Cost": 122250.53,"Plan Rows": 217735,"Plan Width": 16,"Actual Startup Time": 61.157,"Actual Total Time": 924.315,"Actual Rows": 222319,"Actual Loops": 1,"Recheck Cond": "((l_shipdate >= '1997-02-01'::date) AND (l_shipdate < '1997-05-01 00:00:00'::timestamp without time zone))","Rows Removed by Index Recheck": 0,"Exact Heap Blocks": 66311,"Lossy Heap Blocks": 0,"Plans": [{"Node Type": "Bitmap Index Scan","Parent Relationship": "Outer","Parallel Aware": false,"Async Capable": false,"Index Name": "idx_lineitem_shipdate","Startup Cost": 0.00,"Total Cost": 5537.78,"Plan Rows": 217735,"Plan Width": 0,"Actual Startup Time": 47.523,"Actual Total Time": 47.523,"Actual Rows": 222319,"Actual Loops": 1,"Index Cond": "((l_shipdate >= '1997-02-01'::date) AND (l_shipdate < '1997-05-01 00:00:00'::timestamp without time zone))"}]}]}]}]}]},"Planning Time": 4.276,"Triggers": [],"Execution Time": 2055.156}]
[{"Plan": {"Node Type": "Merge Join","Parallel Aware": false,"Async Capable": false,"Join Type": "Inner","Startup Cost": 249457.74,"Total Cost": 249978.63,"Plan Rows": 50,"Plan Width": 103,"Actual Startup Time": 2127.109,"Actual Total Time": 2127.171,"Actual Rows": 1,"Actual Loops": 1,"Inner Unique": true,"Merge Cond": "(supplier.s_suppkey = revenue0.supplier_no)","Plans": [{"Node Type": "Aggregate","Strategy": "Plain","Partial Mode": "Simple","Parent Relationship": "InitPlan","Subplan Name": "InitPlan 1 (returns $0)","Parallel Aware": false,"Async Capable": false,"Startup Cost": 124777.80,"Total Cost": 124777.81,"Plan Rows": 1,"Plan Width": 32,"Actual Startup Time": 997.906,"Actual Total Time": 997.926,"Actual Rows": 1,"Actual Loops": 1,"Plans": [{"Node Type": "Aggregate","Strategy": "Hashed","Partial Mode": "Simple","Parent Relationship": "Outer","Parallel Aware": false,"Async Capable": false,"Startup Cost": 124527.62,"Total Cost": 124652.71,"Plan Rows": 10007,"Plan Width": 36,"Actual Startup Time": 989.617,"Actual Total Time": 997.244,"Actual Rows": 10000,"Actual Loops": 1,"Group Key": ["lineitem_1.l_suppkey"],"Planned Partitions": 0,"HashAgg Batches": 1,"Peak Memory Usage": 4497,"Disk Usage": 0,"Plans": [{"Node Type": "Bitmap Heap Scan","Parent Relationship": "Outer","Parallel Aware": false,"Async Capable": false,"Relation Name": "lineitem","Alias": "lineitem_1","Startup Cost": 6092.57,"Total Cost": 122154.80,"Plan Rows": 237282,"Plan Width": 16,"Actual Startup Time": 59.269,"Actual Total Time": 782.096,"Actual Rows": 230274,"Actual Loops": 1,"Recheck Cond": "((l_shipdate >= '1997-07-01'::date) AND (l_shipdate < '1997-10-01 00:00:00'::timestamp without time zone))","Rows Removed by Index Recheck": 0,"Exact Heap Blocks": 67274,"Lossy Heap Blocks": 0,"Plans": [{"Node Type": "Bitmap Index Scan","Parent Relationship": "Outer","Parallel Aware": false,"Async Capable": false,"Index Name": "idx_lineitem_shipdate","Startup Cost": 0.00,"Total Cost": 6033.25,"Plan Rows": 237282,"Plan Width": 0,"Actual Startup Time": 45.354,"Actual Total Time": 45.368,"Actual Rows": 230274,"Actual Loops": 1,"Index Cond": "((l_shipdate >= '1997-07-01'::date) AND (l_shipdate < '1997-10-01 00:00:00'::timestamp without time zone))"}]}]}]},{"Node Type": "Index Scan","Parent Relationship": "Outer","Parallel Aware": false,"Async Capable": false,"Scan Direction": "Forward","Index Name": "supplier_pkey","Relation Name": "supplier","Alias": "supplier","Startup Cost": 0.29,"Total Cost": 495.43,"Plan Rows": 10000,"Plan Width": 71,"Actual Startup Time": 0.082,"Actual Total Time": 9.953,"Actual Rows": 5903,"Actual Loops": 1},{"Node Type": "Sort","Parent Relationship": "Inner","Parallel Aware": false,"Async Capable": false,"Startup Cost": 124679.64,"Total Cost": 124679.77,"Plan Rows": 50,"Plan Width": 36,"Actual Startup Time": 2116.784,"Actual Total Time": 2116.821,"Actual Rows": 1,"Actual Loops": 1,"Sort Key": ["revenue0.supplier_no"],"Sort Method": "quicksort","Sort Space Used": 25,"Sort Space Type": "Memory","Plans": [{"Node Type": "Subquery Scan","Parent Relationship": "Outer","Parallel Aware": false,"Async Capable": false,"Alias": "revenue0","Startup Cost": 124527.62,"Total Cost": 124678.23,"Plan Rows": 50,"Plan Width": 36,"Actual Startup Time": 2113.870,"Actual Total Time": 2116.736,"Actual Rows": 1,"Actual Loops": 1,"Plans": [{"Node Type": "Aggregate","Strategy": "Hashed","Partial Mode": "Simple","Parent Relationship": "Subquery","Parallel Aware": false,"Async Capable": false,"Startup Cost": 124527.62,"Total Cost": 124677.73,"Plan Rows": 50,"Plan Width": 36,"Actual Startup Time": 2113.854,"Actual Total Time": 2116.701,"Actual Rows": 1,"Actual Loops": 1,"Group Key": ["lineitem.l_suppkey"],"Filter": "(sum((lineitem.l_extendedprice * ('1'::numeric - lineitem.l_discount))) = $0)","Planned Partitions": 0,"HashAgg Batches": 1,"Peak Memory Usage": 4497,"Disk Usage": 0,"Rows Removed by Filter": 9999,"Plans": [{"Node Type": "Bitmap Heap Scan","Parent Relationship": "Outer","Parallel Aware": false,"Async Capable": false,"Relation Name": "lineitem","Alias": "lineitem","Startup Cost": 6092.57,"Total Cost": 122154.80,"Plan Rows": 237282,"Plan Width": 16,"Actual Startup Time": 54.610,"Actual Total Time": 936.260,"Actual Rows": 230274,"Actual Loops": 1,"Recheck Cond": "((l_shipdate >= '1997-07-01'::date) AND (l_shipdate < '1997-10-01 00:00:00'::timestamp without time zone))","Rows Removed by Index Recheck": 0,"Exact Heap Blocks": 67274,"Lossy Heap Blocks": 0,"Plans": [{"Node Type": "Bitmap Index Scan","Parent Relationship": "Outer","Parallel Aware": false,"Async Capable": false,"Index Name": "idx_lineitem_shipdate","Startup Cost": 0.00,"Total Cost": 6033.25,"Plan Rows": 237282,"Plan Width": 0,"Actual Startup Time": 40.982,"Actual Total Time": 41.009,"Actual Rows": 230274,"Actual Loops": 1,"Index Cond": "((l_shipdate >= '1997-07-01'::date) AND (l_shipdate < '1997-10-01 00:00:00'::timestamp without time zone))"}]}]}]}]}]},"Planning Time": 4.364,"Triggers": [],"Execution Time": 2132.001}]
[{"Plan": {"Node Type": "Merge Join","Parallel Aware": false,"Async Capable": false,"Join Type": "Inner","Startup Cost": 248577.74,"Total Cost": 249098.63,"Plan Rows": 50,"Plan Width": 103,"Actual Startup Time": 1920.263,"Actual Total Time": 1920.303,"Actual Rows": 1,"Actual Loops": 1,"Inner Unique": true,"Merge Cond": "(supplier.s_suppkey = revenue0.supplier_no)","Plans": [{"Node Type": "Aggregate","Strategy": "Plain","Partial Mode": "Simple","Parent Relationship": "InitPlan","Subplan Name": "InitPlan 1 (returns $0)","Parallel Aware": false,"Async Capable": false,"Startup Cost": 124337.80,"Total Cost": 124337.81,"Plan Rows": 1,"Plan Width": 32,"Actual Startup Time": 838.704,"Actual Total Time": 838.723,"Actual Rows": 1,"Actual Loops": 1,"Plans": [{"Node Type": "Aggregate","Strategy": "Hashed","Partial Mode": "Simple","Parent Relationship": "Outer","Parallel Aware": false,"Async Capable": false,"Startup Cost": 124087.63,"Total Cost": 124212.71,"Plan Rows": 10007,"Plan Width": 36,"Actual Startup Time": 829.393,"Actual Total Time": 838.134,"Actual Rows": 10000,"Actual Loops": 1,"Group Key": ["lineitem_1.l_suppkey"],"Planned Partitions": 0,"HashAgg Batches": 1,"Peak Memory Usage": 4497,"Disk Usage": 0,"Plans": [{"Node Type": "Bitmap Heap Scan","Parent Relationship": "Outer","Parallel Aware": false,"Async Capable": false,"Relation Name": "lineitem","Alias": "lineitem_1","Startup Cost": 5717.73,"Total Cost": 121861.96,"Plan Rows": 222566,"Plan Width": 16,"Actual Startup Time": 56.600,"Actual Total Time": 670.411,"Actual Rows": 225419,"Actual Loops": 1,"Recheck Cond": "((l_shipdate >= '1997-01-01'::date) AND (l_shipdate < '1997-04-01 00:00:00'::timestamp without time zone))","Rows Removed by Index Recheck": 0,"Exact Heap Blocks": 66824,"Lossy Heap Blocks": 0,"Plans": [{"Node Type": "Bitmap Index Scan","Parent Relationship": "Outer","Parallel Aware": false,"Async Capable": false,"Index Name": "idx_lineitem_shipdate","Startup Cost": 0.00,"Total Cost": 5662.09,"Plan Rows": 222566,"Plan Width": 0,"Actual Startup Time": 43.115,"Actual Total Time": 43.121,"Actual Rows": 225419,"Actual Loops": 1,"Index Cond": "((l_shipdate >= '1997-01-01'::date) AND (l_shipdate < '1997-04-01 00:00:00'::timestamp without time zone))"}]}]}]},{"Node Type": "Index Scan","Parent Relationship": "Outer","Parallel Aware": false,"Async Capable": false,"Scan Direction": "Forward","Index Name": "supplier_pkey","Relation Name": "supplier","Alias": "supplier","Startup Cost": 0.29,"Total Cost": 495.43,"Plan Rows": 10000,"Plan Width": 71,"Actual Startup Time": 0.104,"Actual Total Time": 0.867,"Actual Rows": 435,"Actual Loops": 1},{"Node Type": "Sort","Parent Relationship": "Inner","Parallel Aware": false,"Async Capable": false,"Startup Cost": 124239.64,"Total Cost": 124239.77,"Plan Rows": 50,"Plan Width": 36,"Actual Startup Time": 1919.330,"Actual Total Time": 1919.343,"Actual Rows": 1,"Actual Loops": 1,"Sort Key": ["revenue0.supplier_no"],"Sort Method": "quicksort","Sort Space Used": 25,"Sort Space Type": "Memory","Plans": [{"Node Type": "Subquery Scan","Parent Relationship": "Outer","Parallel Aware": false,"Async Capable": false,"Alias": "revenue0","Startup Cost": 124087.63,"Total Cost": 124238.23,"Plan Rows": 50,"Plan Width": 36,"Actual Startup Time": 1908.436,"Actual Total Time": 1919.306,"Actual Rows": 1,"Actual Loops": 1,"Plans": [{"Node Type": "Aggregate","Strategy": "Hashed","Partial Mode": "Simple","Parent Relationship": "Subquery","Parallel Aware": false,"Async Capable": false,"Startup Cost": 124087.63,"Total Cost": 124237.73,"Plan Rows": 50,"Plan Width": 36,"Actual Startup Time": 1908.431,"Actual Total Time": 1919.298,"Actual Rows": 1,"Actual Loops": 1,"Group Key": ["lineitem.l_suppkey"],"Filter": "(sum((lineitem.l_extendedprice * ('1'::numeric - lineitem.l_discount))) = $0)","Planned Partitions": 0,"HashAgg Batches": 1,"Peak Memory Usage": 4497,"Disk Usage": 0,"Rows Removed by Filter": 9999,"Plans": [{"Node Type": "Bitmap Heap Scan","Parent Relationship": "Outer","Parallel Aware": false,"Async Capable": false,"Relation Name": "lineitem","Alias": "lineitem","Startup Cost": 5717.73,"Total Cost": 121861.96,"Plan Rows": 222566,"Plan Width": 16,"Actual Startup Time": 57.810,"Actual Total Time": 882.414,"Actual Rows": 225419,"Actual Loops": 1,"Recheck Cond": "((l_shipdate >= '1997-01-01'::date) AND (l_shipdate < '1997-04-01 00:00:00'::timestamp without time zone))","Rows Removed by Index Recheck": 0,"Exact Heap Blocks": 66824,"Lossy Heap Blocks": 0,"Plans": [{"Node Type": "Bitmap Index Scan","Parent Relationship": "Outer","Parallel Aware": false,"Async Capable": false,"Index Name": "idx_lineitem_shipdate","Startup Cost": 0.00,"Total Cost": 5662.09,"Plan Rows": 222566,"Plan Width": 0,"Actual Startup Time": 44.647,"Actual Total Time": 44.649,"Actual Rows": 225419,"Actual Loops": 1,"Index Cond": "((l_shipdate >= '1997-01-01'::date) AND (l_shipdate < '1997-04-01 00:00:00'::timestamp without time zone))"}]}]}]}]}]},"Planning Time": 5.470,"Triggers": [],"Execution Time": 1924.065}]
[{"Plan": {"Node Type": "Merge Join","Parallel Aware": false,"Async Capable": false,"Join Type": "Inner","Startup Cost": 248950.69,"Total Cost": 249471.59,"Plan Rows": 50,"Plan Width": 103,"Actual Startup Time": 2077.217,"Actual Total Time": 2077.254,"Actual Rows": 1,"Actual Loops": 1,"Inner Unique": true,"Merge Cond": "(supplier.s_suppkey = revenue0.supplier_no)","Plans": [{"Node Type": "Aggregate","Strategy": "Plain","Partial Mode": "Simple","Parent Relationship": "InitPlan","Subplan Name": "InitPlan 1 (returns $0)","Parallel Aware": false,"Async Capable": false,"Startup Cost": 124524.28,"Total Cost": 124524.29,"Plan Rows": 1,"Plan Width": 32,"Actual Startup Time": 944.226,"Actual Total Time": 944.239,"Actual Rows": 1,"Actual Loops": 1,"Plans": [{"Node Type": "Aggregate","Strategy": "Hashed","Partial Mode": "Simple","Parent Relationship": "Outer","Parallel Aware": false,"Async Capable": false,"Startup Cost": 124274.10,"Total Cost": 124399.19,"Plan Rows": 10007,"Plan Width": 36,"Actual Startup Time": 935.667,"Actual Total Time": 943.640,"Actual Rows": 10000,"Actual Loops": 1,"Group Key": ["lineitem_1.l_suppkey"],"Planned Partitions": 0,"HashAgg Batches": 1,"Peak Memory Usage": 4497,"Disk Usage": 0,"Plans": [{"Node Type": "Bitmap Heap Scan","Parent Relationship": "Outer","Parallel Aware": false,"Async Capable": false,"Relation Name": "lineitem","Alias": "lineitem_1","Startup Cost": 5964.95,"Total Cost": 121951.64,"Plan Rows": 232246,"Plan Width": 16,"Actual Startup Time": 58.195,"Actual Total Time": 787.901,"Actual Rows": 228485,"Actual Loops": 1,"Recheck Cond": "((l_shipdate >= '1994-10-01'::date) AND (l_shipdate < '1995-01-01 00:00:00'::timestamp without time zone))","Rows Removed by Index Recheck": 0,"Exact Heap Blocks": 67254,"Lossy Heap Blocks": 0,"Plans": [{"Node Type": "Bitmap Index Scan","Parent Relationship": "Outer","Parallel Aware": false,"Async Capable": false,"Index Name": "idx_lineitem_shipdate","Startup Cost": 0.00,"Total Cost": 5906.89,"Plan Rows": 232246,"Plan Width": 0,"Actual Startup Time": 44.283,"Actual Total Time": 44.290,"Actual Rows": 228485,"Actual Loops": 1,"Index Cond": "((l_shipdate >= '1994-10-01'::date) AND (l_shipdate < '1995-01-01 00:00:00'::timestamp without time zone))"}]}]}]},{"Node Type": "Index Scan","Parent Relationship": "Outer","Parallel Aware": false,"Async Capable": false,"Scan Direction": "Forward","Index Name": "supplier_pkey","Relation Name": "supplier","Alias": "supplier","Startup Cost": 0.29,"Total Cost": 495.43,"Plan Rows": 10000,"Plan Width": 71,"Actual Startup Time": 0.119,"Actual Total Time": 5.877,"Actual Rows": 3489,"Actual Loops": 1},{"Node Type": "Sort","Parent Relationship": "Inner","Parallel Aware": false,"Async Capable": false,"Startup Cost": 124426.12,"Total Cost": 124426.24,"Plan Rows": 50,"Plan Width": 36,"Actual Startup Time": 2071.109,"Actual Total Time": 2071.122,"Actual Rows": 1,"Actual Loops": 1,"Sort Key": ["revenue0.supplier_no"],"Sort Method": "quicksort","Sort Space Used": 25,"Sort Space Type": "Memory","Plans": [{"Node Type": "Subquery Scan","Parent Relationship": "Outer","Parallel Aware": false,"Async Capable": false,"Alias": "revenue0","Startup Cost": 124274.10,"Total Cost": 124424.71,"Plan Rows": 50,"Plan Width": 36,"Actual Startup Time": 2068.547,"Actual Total Time": 2071.053,"Actual Rows": 1,"Actual Loops": 1,"Plans": [{"Node Type": "Aggregate","Strategy": "Hashed","Partial Mode": "Simple","Parent Relationship": "Subquery","Parallel Aware": false,"Async Capable": false,"Startup Cost": 124274.10,"Total Cost": 124424.21,"Plan Rows": 50,"Plan Width": 36,"Actual Startup Time": 2068.539,"Actual Total Time": 2071.037,"Actual Rows": 1,"Actual Loops": 1,"Group Key": ["lineitem.l_suppkey"],"Filter": "(sum((lineitem.l_extendedprice * ('1'::numeric - lineitem.l_discount))) = $0)","Planned Partitions": 0,"HashAgg Batches": 1,"Peak Memory Usage": 4497,"Disk Usage": 0,"Rows Removed by Filter": 9999,"Plans": [{"Node Type": "Bitmap Heap Scan","Parent Relationship": "Outer","Parallel Aware": false,"Async Capable": false,"Relation Name": "lineitem","Alias": "lineitem","Startup Cost": 5964.95,"Total Cost": 121951.64,"Plan Rows": 232246,"Plan Width": 16,"Actual Startup Time": 55.484,"Actual Total Time": 929.289,"Actual Rows": 228485,"Actual Loops": 1,"Recheck Cond": "((l_shipdate >= '1994-10-01'::date) AND (l_shipdate < '1995-01-01 00:00:00'::timestamp without time zone))","Rows Removed by Index Recheck": 0,"Exact Heap Blocks": 67254,"Lossy Heap Blocks": 0,"Plans": [{"Node Type": "Bitmap Index Scan","Parent Relationship": "Outer","Parallel Aware": false,"Async Capable": false,"Index Name": "idx_lineitem_shipdate","Startup Cost": 0.00,"Total Cost": 5906.89,"Plan Rows": 232246,"Plan Width": 0,"Actual Startup Time": 41.691,"Actual Total Time": 41.696,"Actual Rows": 228485,"Actual Loops": 1,"Index Cond": "((l_shipdate >= '1994-10-01'::date) AND (l_shipdate < '1995-01-01 00:00:00'::timestamp without time zone))"}]}]}]}]}]},"Planning Time": 4.532,"Triggers": [],"Execution Time": 2082.904}]
[{"Plan": {"Node Type": "Merge Join","Parallel Aware": false,"Async Capable": false,"Join Type": "Inner","Startup Cost": 248249.45,"Total Cost": 248770.35,"Plan Rows": 50,"Plan Width": 103,"Actual Startup Time": 1933.210,"Actual Total Time": 1933.238,"Actual Rows": 1,"Actual Loops": 1,"Inner Unique": true,"Merge Cond": "(supplier.s_suppkey = revenue0.supplier_no)","Plans": [{"Node Type": "Aggregate","Strategy": "Plain","Partial Mode": "Simple","Parent Relationship": "InitPlan","Subplan Name": "InitPlan 1 (returns $0)","Parallel Aware": false,"Async Capable": false,"Startup Cost": 124173.66,"Total Cost": 124173.67,"Plan Rows": 1,"Plan Width": 32,"Actual Startup Time": 840.754,"Actual Total Time": 840.766,"Actual Rows": 1,"Actual Loops": 1,"Plans": [{"Node Type": "Aggregate","Strategy": "Hashed","Partial Mode": "Simple","Parent Relationship": "Outer","Parallel Aware": false,"Async Capable": false,"Startup Cost": 123923.48,"Total Cost": 124048.57,"Plan Rows": 10007,"Plan Width": 36,"Actual Startup Time": 831.124,"Actual Total Time": 840.175,"Actual Rows": 10000,"Actual Loops": 1,"Group Key": ["lineitem_1.l_suppkey"],"Planned Partitions": 0,"HashAgg Batches": 1,"Peak Memory Usage": 4497,"Disk Usage": 0,"Plans": [{"Node Type": "Bitmap Heap Scan","Parent Relationship": "Outer","Parallel Aware": false,"Async Capable": false,"Relation Name": "lineitem","Alias": "lineitem_1","Startup Cost": 5786.40,"Total Cost": 121669.85,"Plan Rows": 225363,"Plan Width": 16,"Actual Startup Time": 50.816,"Actual Total Time": 670.813,"Actual Rows": 229315,"Actual Loops": 1,"Recheck Cond": "((l_shipdate >= '1994-05-01'::date) AND (l_shipdate < '1994-08-01 00:00:00'::timestamp without time zone))","Rows Removed by Index Recheck": 0,"Exact Heap Blocks": 67035,"Lossy Heap Blocks": 0,"Plans": [{"Node Type": "Bitmap Index Scan","Parent Relationship": "Outer","Parallel Aware": false,"Async Capable": false,"Index Name": "idx_lineitem_shipdate","Startup Cost": 0.00,"Total Cost": 5730.06,"Plan Rows": 225363,"Plan Width": 0,"Actual Startup Time": 37.324,"Actual Total Time": 37.329,"Actual Rows": 229315,"Actual Loops": 1,"Index Cond": "((l_shipdate >= '1994-05-01'::date) AND (l_shipdate < '1994-08-01 00:00:00'::timestamp without time zone))"}]}]}]},{"Node Type": "Index Scan","Parent Relationship": "Outer","Parallel Aware": false,"Async Capable": false,"Scan Direction": "Forward","Index Name": "supplier_pkey","Relation Name": "supplier","Alias": "supplier","Startup Cost": 0.29,"Total Cost": 495.43,"Plan Rows": 10000,"Plan Width": 71,"Actual Startup Time": 0.122,"Actual Total Time": 5.559,"Actual Rows": 3302,"Actual Loops": 1},{"Node Type": "Sort","Parent Relationship": "Inner","Parallel Aware": false,"Async Capable": false,"Startup Cost": 124075.50,"Total Cost": 124075.62,"Plan Rows": 50,"Plan Width": 36,"Actual Startup Time": 1927.428,"Actual Total Time": 1927.436,"Actual Rows": 1,"Actual Loops": 1,"Sort Key": ["revenue0.supplier_no"],"Sort Method": "quicksort","Sort Space Used": 25,"Sort Space Type": "Memory","Plans": [{"Node Type": "Subquery Scan","Parent Relationship": "Outer","Parallel Aware": false,"Async Capable": false,"Alias": "revenue0","Startup Cost": 123923.48,"Total Cost": 124074.09,"Plan Rows": 50,"Plan Width": 36,"Actual Startup Time": 1920.770,"Actual Total Time": 1927.389,"Actual Rows": 1,"Actual Loops": 1,"Plans": [{"Node Type": "Aggregate","Strategy": "Hashed","Partial Mode": "Simple","Parent Relationship": "Subquery","Parallel Aware": false,"Async Capable": false,"Startup Cost": 123923.48,"Total Cost": 124073.59,"Plan Rows": 50,"Plan Width": 36,"Actual Startup Time": 1920.765,"Actual Total Time": 1927.379,"Actual Rows": 1,"Actual Loops": 1,"Group Key": ["lineitem.l_suppkey"],"Filter": "(sum((lineitem.l_extendedprice * ('1'::numeric - lineitem.l_discount))) = $0)","Planned Partitions": 0,"HashAgg Batches": 1,"Peak Memory Usage": 4497,"Disk Usage": 0,"Rows Removed by Filter": 9999,"Plans": [{"Node Type": "Bitmap Heap Scan","Parent Relationship": "Outer","Parallel Aware": false,"Async Capable": false,"Relation Name": "lineitem","Alias": "lineitem","Startup Cost": 5786.40,"Total Cost": 121669.85,"Plan Rows": 225363,"Plan Width": 16,"Actual Startup Time": 48.974,"Actual Total Time": 887.234,"Actual Rows": 229315,"Actual Loops": 1,"Recheck Cond": "((l_shipdate >= '1994-05-01'::date) AND (l_shipdate < '1994-08-01 00:00:00'::timestamp without time zone))","Rows Removed by Index Recheck": 0,"Exact Heap Blocks": 67035,"Lossy Heap Blocks": 0,"Plans": [{"Node Type": "Bitmap Index Scan","Parent Relationship": "Outer","Parallel Aware": false,"Async Capable": false,"Index Name": "idx_lineitem_shipdate","Startup Cost": 0.00,"Total Cost": 5730.06,"Plan Rows": 225363,"Plan Width": 0,"Actual Startup Time": 35.843,"Actual Total Time": 35.843,"Actual Rows": 229315,"Actual Loops": 1,"Index Cond": "((l_shipdate >= '1994-05-01'::date) AND (l_shipdate < '1994-08-01 00:00:00'::timestamp without time zone))"}]}]}]}]}]},"Planning Time": 4.354,"Triggers": [],"Execution Time": 1936.888}]
[{"Plan": {"Node Type": "Merge Join","Parallel Aware": false,"Async Capable": false,"Join Type": "Inner","Startup Cost": 248243.53,"Total Cost": 248764.43,"Plan Rows": 50,"Plan Width": 103,"Actual Startup Time": 1915.884,"Actual Total Time": 1915.929,"Actual Rows": 1,"Actual Loops": 1,"Inner Unique": true,"Merge Cond": "(supplier.s_suppkey = revenue0.supplier_no)","Plans": [{"Node Type": "Aggregate","Strategy": "Plain","Partial Mode": "Simple","Parent Relationship": "InitPlan","Subplan Name": "InitPlan 1 (returns $0)","Parallel Aware": false,"Async Capable": false,"Startup Cost": 124170.70,"Total Cost": 124170.71,"Plan Rows": 1,"Plan Width": 32,"Actual Startup Time": 821.081,"Actual Total Time": 821.096,"Actual Rows": 1,"Actual Loops": 1,"Plans": [{"Node Type": "Aggregate","Strategy": "Hashed","Partial Mode": "Simple","Parent Relationship": "Outer","Parallel Aware": false,"Async Capable": false,"Startup Cost": 123920.52,"Total Cost": 124045.61,"Plan Rows": 10007,"Plan Width": 36,"Actual Startup Time": 813.173,"Actual Total Time": 820.503,"Actual Rows": 10000,"Actual Loops": 1,"Group Key": ["lineitem_1.l_suppkey"],"Planned Partitions": 0,"HashAgg Batches": 1,"Peak Memory Usage": 4497,"Disk Usage": 0,"Plans": [{"Node Type": "Bitmap Heap Scan","Parent Relationship": "Outer","Parallel Aware": false,"Async Capable": false,"Relation Name": "lineitem","Alias": "lineitem_1","Startup Cost": 5785.54,"Total Cost": 121667.73,"Plan Rows": 225279,"Plan Width": 16,"Actual Startup Time": 53.465,"Actual Total Time": 668.418,"Actual Rows": 228688,"Actual Loops": 1,"Recheck Cond": "((l_shipdate >= '1997-10-01'::date) AND (l_shipdate < '1998-01-01 00:00:00'::timestamp without time zone))","Rows Removed by Index Recheck": 0,"Exact Heap Blocks": 67089,"Lossy Heap Blocks": 0,"Plans": [{"Node Type": "Bitmap Index Scan","Parent Relationship": "Outer","Parallel Aware": false,"Async Capable": false,"Index Name": "idx_lineitem_shipdate","Startup Cost": 0.00,"Total Cost": 5729.22,"Plan Rows": 225279,"Plan Width": 0,"Actual Startup Time": 39.849,"Actual Total Time": 39.857,"Actual Rows": 228688,"Actual Loops": 1,"Index Cond": "((l_shipdate >= '1997-10-01'::date) AND (l_shipdate < '1998-01-01 00:00:00'::timestamp without time zone))"}]}]}]},{"Node Type": "Index Scan","Parent Relationship": "Outer","Parallel Aware": false,"Async Capable": false,"Scan Direction": "Forward","Index Name": "supplier_pkey","Relation Name": "supplier","Alias": "supplier","Startup Cost": 0.29,"Total Cost": 495.43,"Plan Rows": 10000,"Plan Width": 71,"Actual Startup Time": 0.114,"Actual Total Time": 13.613,"Actual Rows": 8489,"Actual Loops": 1},{"Node Type": "Sort","Parent Relationship": "Inner","Parallel Aware": false,"Async Capable": false,"Startup Cost": 124072.54,"Total Cost": 124072.66,"Plan Rows": 50,"Plan Width": 36,"Actual Startup Time": 1901.761,"Actual Total Time": 1901.777,"Actual Rows": 1,"Actual Loops": 1,"Sort Key": ["revenue0.supplier_no"],"Sort Method": "quicksort","Sort Space Used": 25,"Sort Space Type": "Memory","Plans": [{"Node Type": "Subquery Scan","Parent Relationship": "Outer","Parallel Aware": false,"Async Capable": false,"Alias": "revenue0","Startup Cost": 123920.52,"Total Cost": 124071.13,"Plan Rows": 50,"Plan Width": 36,"Actual Startup Time": 1891.664,"Actual Total Time": 1901.731,"Actual Rows": 1,"Actual Loops": 1,"Plans": [{"Node Type": "Aggregate","Strategy": "Hashed","Partial Mode": "Simple","Parent Relationship": "Subquery","Parallel Aware": false,"Async Capable": false,"Startup Cost": 123920.52,"Total Cost": 124070.63,"Plan Rows": 50,"Plan Width": 36,"Actual Startup Time": 1891.658,"Actual Total Time": 1901.722,"Actual Rows": 1,"Actual Loops": 1,"Group Key": ["lineitem.l_suppkey"],"Filter": "(sum((lineitem.l_extendedprice * ('1'::numeric - lineitem.l_discount))) = $0)","Planned Partitions": 0,"HashAgg Batches": 1,"Peak Memory Usage": 4497,"Disk Usage": 0,"Rows Removed by Filter": 9999,"Plans": [{"Node Type": "Bitmap Heap Scan","Parent Relationship": "Outer","Parallel Aware": false,"Async Capable": false,"Relation Name": "lineitem","Alias": "lineitem","Startup Cost": 5785.54,"Total Cost": 121667.73,"Plan Rows": 225279,"Plan Width": 16,"Actual Startup Time": 53.563,"Actual Total Time": 882.400,"Actual Rows": 228688,"Actual Loops": 1,"Recheck Cond": "((l_shipdate >= '1997-10-01'::date) AND (l_shipdate < '1998-01-01 00:00:00'::timestamp without time zone))","Rows Removed by Index Recheck": 0,"Exact Heap Blocks": 67089,"Lossy Heap Blocks": 0,"Plans": [{"Node Type": "Bitmap Index Scan","Parent Relationship": "Outer","Parallel Aware": false,"Async Capable": false,"Index Name": "idx_lineitem_shipdate","Startup Cost": 0.00,"Total Cost": 5729.22,"Plan Rows": 225279,"Plan Width": 0,"Actual Startup Time": 40.246,"Actual Total Time": 40.250,"Actual Rows": 228688,"Actual Loops": 1,"Index Cond": "((l_shipdate >= '1997-10-01'::date) AND (l_shipdate < '1998-01-01 00:00:00'::timestamp without time zone))"}]}]}]}]}]},"Planning Time": 3.944,"Triggers": [],"Execution Time": 1917.936}]
[{"Plan": {"Node Type": "Merge Join","Parallel Aware": false,"Async Capable": false,"Join Type": "Inner","Startup Cost": 248950.69,"Total Cost": 249471.59,"Plan Rows": 50,"Plan Width": 103,"Actual Startup Time": 2077.217,"Actual Total Time": 2077.254,"Actual Rows": 1,"Actual Loops": 1,"Inner Unique": true,"Merge Cond": "(supplier.s_suppkey = revenue0.supplier_no)","Plans": [{"Node Type": "Aggregate","Strategy": "Plain","Partial Mode": "Simple","Parent Relationship": "InitPlan","Subplan Name": "InitPlan 1 (returns $0)","Parallel Aware": false,"Async Capable": false,"Startup Cost": 124524.28,"Total Cost": 124524.29,"Plan Rows": 1,"Plan Width": 32,"Actual Startup Time": 944.226,"Actual Total Time": 944.239,"Actual Rows": 1,"Actual Loops": 1,"Plans": [{"Node Type": "Aggregate","Strategy": "Hashed","Partial Mode": "Simple","Parent Relationship": "Outer","Parallel Aware": false,"Async Capable": false,"Startup Cost": 124274.10,"Total Cost": 124399.19,"Plan Rows": 10007,"Plan Width": 36,"Actual Startup Time": 935.667,"Actual Total Time": 943.640,"Actual Rows": 10000,"Actual Loops": 1,"Group Key": ["lineitem_1.l_suppkey"],"Planned Partitions": 0,"HashAgg Batches": 1,"Peak Memory Usage": 4497,"Disk Usage": 0,"Plans": [{"Node Type": "Bitmap Heap Scan","Parent Relationship": "Outer","Parallel Aware": false,"Async Capable": false,"Relation Name": "lineitem","Alias": "lineitem_1","Startup Cost": 5964.95,"Total Cost": 121951.64,"Plan Rows": 232246,"Plan Width": 16,"Actual Startup Time": 58.195,"Actual Total Time": 787.901,"Actual Rows": 228485,"Actual Loops": 1,"Recheck Cond": "((l_shipdate >= '1994-10-01'::date) AND (l_shipdate < '1995-01-01 00:00:00'::timestamp without time zone))","Rows Removed by Index Recheck": 0,"Exact Heap Blocks": 67254,"Lossy Heap Blocks": 0,"Plans": [{"Node Type": "Bitmap Index Scan","Parent Relationship": "Outer","Parallel Aware": false,"Async Capable": false,"Index Name": "idx_lineitem_shipdate","Startup Cost": 0.00,"Total Cost": 5906.89,"Plan Rows": 232246,"Plan Width": 0,"Actual Startup Time": 44.283,"Actual Total Time": 44.290,"Actual Rows": 228485,"Actual Loops": 1,"Index Cond": "((l_shipdate >= '1994-10-01'::date) AND (l_shipdate < '1995-01-01 00:00:00'::timestamp without time zone))"}]}]}]},{"Node Type": "Index Scan","Parent Relationship": "Outer","Parallel Aware": false,"Async Capable": false,"Scan Direction": "Forward","Index Name": "supplier_pkey","Relation Name": "supplier","Alias": "supplier","Startup Cost": 0.29,"Total Cost": 495.43,"Plan Rows": 10000,"Plan Width": 71,"Actual Startup Time": 0.119,"Actual Total Time": 5.877,"Actual Rows": 3489,"Actual Loops": 1},{"Node Type": "Sort","Parent Relationship": "Inner","Parallel Aware": false,"Async Capable": false,"Startup Cost": 124426.12,"Total Cost": 124426.24,"Plan Rows": 50,"Plan Width": 36,"Actual Startup Time": 2071.109,"Actual Total Time": 2071.122,"Actual Rows": 1,"Actual Loops": 1,"Sort Key": ["revenue0.supplier_no"],"Sort Method": "quicksort","Sort Space Used": 25,"Sort Space Type": "Memory","Plans": [{"Node Type": "Subquery Scan","Parent Relationship": "Outer","Parallel Aware": false,"Async Capable": false,"Alias": "revenue0","Startup Cost": 124274.10,"Total Cost": 124424.71,"Plan Rows": 50,"Plan Width": 36,"Actual Startup Time": 2068.547,"Actual Total Time": 2071.053,"Actual Rows": 1,"Actual Loops": 1,"Plans": [{"Node Type": "Aggregate","Strategy": "Hashed","Partial Mode": "Simple","Parent Relationship": "Subquery","Parallel Aware": false,"Async Capable": false,"Startup Cost": 124274.10,"Total Cost": 124424.21,"Plan Rows": 50,"Plan Width": 36,"Actual Startup Time": 2068.539,"Actual Total Time": 2071.037,"Actual Rows": 1,"Actual Loops": 1,"Group Key": ["lineitem.l_suppkey"],"Filter": "(sum((lineitem.l_extendedprice * ('1'::numeric - lineitem.l_discount))) = $0)","Planned Partitions": 0,"HashAgg Batches": 1,"Peak Memory Usage": 4497,"Disk Usage": 0,"Rows Removed by Filter": 9999,"Plans": [{"Node Type": "Bitmap Heap Scan","Parent Relationship": "Outer","Parallel Aware": false,"Async Capable": false,"Relation Name": "lineitem","Alias": "lineitem","Startup Cost": 5964.95,"Total Cost": 121951.64,"Plan Rows": 232246,"Plan Width": 16,"Actual Startup Time": 55.484,"Actual Total Time": 929.289,"Actual Rows": 228485,"Actual Loops": 1,"Recheck Cond": "((l_shipdate >= '1994-10-01'::date) AND (l_shipdate < '1995-01-01 00:00:00'::timestamp without time zone))","Rows Removed by Index Recheck": 0,"Exact Heap Blocks": 67254,"Lossy Heap Blocks": 0,"Plans": [{"Node Type": "Bitmap Index Scan","Parent Relationship": "Outer","Parallel Aware": false,"Async Capable": false,"Index Name": "idx_lineitem_shipdate","Startup Cost": 0.00,"Total Cost": 5906.89,"Plan Rows": 232246,"Plan Width": 0,"Actual Startup Time": 41.691,"Actual Total Time": 41.696,"Actual Rows": 228485,"Actual Loops": 1,"Index Cond": "((l_shipdate >= '1994-10-01'::date) AND (l_shipdate < '1995-01-01 00:00:00'::timestamp without time zone))"}]}]}]}]}]},"Planning Time": 4.532,"Triggers": [],"Execution Time": 2082.904}]
[{"Plan": {"Node Type": "Merge Join","Parallel Aware": false,"Async Capable": false,"Join Type": "Inner","Startup Cost": 249444.62,"Total Cost": 249965.52,"Plan Rows": 50,"Plan Width": 103,"Actual Startup Time": 2087.809,"Actual Total Time": 2087.855,"Actual Rows": 1,"Actual Loops": 1,"Inner Unique": true,"Merge Cond": "(supplier.s_suppkey = revenue0.supplier_no)","Plans": [{"Node Type": "Aggregate","Strategy": "Plain","Partial Mode": "Simple","Parent Relationship": "InitPlan","Subplan Name": "InitPlan 1 (returns $0)","Parallel Aware": false,"Async Capable": false,"Startup Cost": 124771.24,"Total Cost": 124771.25,"Plan Rows": 1,"Plan Width": 32,"Actual Startup Time": 947.517,"Actual Total Time": 947.530,"Actual Rows": 1,"Actual Loops": 1,"Plans": [{"Node Type": "Aggregate","Strategy": "Hashed","Partial Mode": "Simple","Parent Relationship": "Outer","Parallel Aware": false,"Async Capable": false,"Startup Cost": 124521.07,"Total Cost": 124646.15,"Plan Rows": 10007,"Plan Width": 36,"Actual Startup Time": 940.365,"Actual Total Time": 946.934,"Actual Rows": 10000,"Actual Loops": 1,"Group Key": ["lineitem_1.l_suppkey"],"Planned Partitions": 0,"HashAgg Batches": 1,"Peak Memory Usage": 4497,"Disk Usage": 0,"Plans": [{"Node Type": "Bitmap Heap Scan","Parent Relationship": "Outer","Parallel Aware": false,"Async Capable": false,"Relation Name": "lineitem","Alias": "lineitem_1","Startup Cost": 6090.67,"Total Cost": 122150.11,"Plan Rows": 237096,"Plan Width": 16,"Actual Startup Time": 58.913,"Actual Total Time": 793.107,"Actual Rows": 230437,"Actual Loops": 1,"Recheck Cond": "((l_shipdate >= '1997-06-01'::date) AND (l_shipdate < '1997-09-01 00:00:00'::timestamp without time zone))","Rows Removed by Index Recheck": 0,"Exact Heap Blocks": 67249,"Lossy Heap Blocks": 0,"Plans": [{"Node Type": "Bitmap Index Scan","Parent Relationship": "Outer","Parallel Aware": false,"Async Capable": false,"Index Name": "idx_lineitem_shipdate","Startup Cost": 0.00,"Total Cost": 6031.39,"Plan Rows": 237096,"Plan Width": 0,"Actual Startup Time": 45.234,"Actual Total Time": 45.241,"Actual Rows": 230437,"Actual Loops": 1,"Index Cond": "((l_shipdate >= '1997-06-01'::date) AND (l_shipdate < '1997-09-01 00:00:00'::timestamp without time zone))"}]}]}]},{"Node Type": "Index Scan","Parent Relationship": "Outer","Parallel Aware": false,"Async Capable": false,"Scan Direction": "Forward","Index Name": "supplier_pkey","Relation Name": "supplier","Alias": "supplier","Startup Cost": 0.29,"Total Cost": 495.43,"Plan Rows": 10000,"Plan Width": 71,"Actual Startup Time": 0.071,"Actual Total Time": 8.069,"Actual Rows": 4963,"Actual Loops": 1},{"Node Type": "Sort","Parent Relationship": "Inner","Parallel Aware": false,"Async Capable": false,"Startup Cost": 124673.08,"Total Cost": 124673.21,"Plan Rows": 50,"Plan Width": 36,"Actual Startup Time": 2079.426,"Actual Total Time": 2079.438,"Actual Rows": 1,"Actual Loops": 1,"Sort Key": ["revenue0.supplier_no"],"Sort Method": "quicksort","Sort Space Used": 25,"Sort Space Type": "Memory","Plans": [{"Node Type": "Subquery Scan","Parent Relationship": "Outer","Parallel Aware": false,"Async Capable": false,"Alias": "revenue0","Startup Cost": 124521.07,"Total Cost": 124671.67,"Plan Rows": 50,"Plan Width": 36,"Actual Startup Time": 2064.256,"Actual Total Time": 2079.384,"Actual Rows": 1,"Actual Loops": 1,"Plans": [{"Node Type": "Aggregate","Strategy": "Hashed","Partial Mode": "Simple","Parent Relationship": "Subquery","Parallel Aware": false,"Async Capable": false,"Startup Cost": 124521.07,"Total Cost": 124671.17,"Plan Rows": 50,"Plan Width": 36,"Actual Startup Time": 2064.247,"Actual Total Time": 2079.364,"Actual Rows": 1,"Actual Loops": 1,"Group Key": ["lineitem.l_suppkey"],"Filter": "(sum((lineitem.l_extendedprice * ('1'::numeric - lineitem.l_discount))) = $0)","Planned Partitions": 0,"HashAgg Batches": 1,"Peak Memory Usage": 4497,"Disk Usage": 0,"Rows Removed by Filter": 9999,"Plans": [{"Node Type": "Bitmap Heap Scan","Parent Relationship": "Outer","Parallel Aware": false,"Async Capable": false,"Relation Name": "lineitem","Alias": "lineitem","Startup Cost": 6090.67,"Total Cost": 122150.11,"Plan Rows": 237096,"Plan Width": 16,"Actual Startup Time": 55.721,"Actual Total Time": 936.714,"Actual Rows": 230437,"Actual Loops": 1,"Recheck Cond": "((l_shipdate >= '1997-06-01'::date) AND (l_shipdate < '1997-09-01 00:00:00'::timestamp without time zone))","Rows Removed by Index Recheck": 0,"Exact Heap Blocks": 67249,"Lossy Heap Blocks": 0,"Plans": [{"Node Type": "Bitmap Index Scan","Parent Relationship": "Outer","Parallel Aware": false,"Async Capable": false,"Index Name": "idx_lineitem_shipdate","Startup Cost": 0.00,"Total Cost": 6031.39,"Plan Rows": 237096,"Plan Width": 0,"Actual Startup Time": 42.178,"Actual Total Time": 42.181,"Actual Rows": 230437,"Actual Loops": 1,"Index Cond": "((l_shipdate >= '1997-06-01'::date) AND (l_shipdate < '1997-09-01 00:00:00'::timestamp without time zone))"}]}]}]}]}]},"Planning Time": 4.884,"Triggers": [],"Execution Time": 2093.730}]
[{"Plan": {"Node Type": "Merge Join","Parallel Aware": false,"Async Capable": false,"Join Type": "Inner","Startup Cost": 248243.53,"Total Cost": 248764.43,"Plan Rows": 50,"Plan Width": 103,"Actual Startup Time": 1915.884,"Actual Total Time": 1915.929,"Actual Rows": 1,"Actual Loops": 1,"Inner Unique": true,"Merge Cond": "(supplier.s_suppkey = revenue0.supplier_no)","Plans": [{"Node Type": "Aggregate","Strategy": "Plain","Partial Mode": "Simple","Parent Relationship": "InitPlan","Subplan Name": "InitPlan 1 (returns $0)","Parallel Aware": false,"Async Capable": false,"Startup Cost": 124170.70,"Total Cost": 124170.71,"Plan Rows": 1,"Plan Width": 32,"Actual Startup Time": 821.081,"Actual Total Time": 821.096,"Actual Rows": 1,"Actual Loops": 1,"Plans": [{"Node Type": "Aggregate","Strategy": "Hashed","Partial Mode": "Simple","Parent Relationship": "Outer","Parallel Aware": false,"Async Capable": false,"Startup Cost": 123920.52,"Total Cost": 124045.61,"Plan Rows": 10007,"Plan Width": 36,"Actual Startup Time": 813.173,"Actual Total Time": 820.503,"Actual Rows": 10000,"Actual Loops": 1,"Group Key": ["lineitem_1.l_suppkey"],"Planned Partitions": 0,"HashAgg Batches": 1,"Peak Memory Usage": 4497,"Disk Usage": 0,"Plans": [{"Node Type": "Bitmap Heap Scan","Parent Relationship": "Outer","Parallel Aware": false,"Async Capable": false,"Relation Name": "lineitem","Alias": "lineitem_1","Startup Cost": 5785.54,"Total Cost": 121667.73,"Plan Rows": 225279,"Plan Width": 16,"Actual Startup Time": 53.465,"Actual Total Time": 668.418,"Actual Rows": 228688,"Actual Loops": 1,"Recheck Cond": "((l_shipdate >= '1997-10-01'::date) AND (l_shipdate < '1998-01-01 00:00:00'::timestamp without time zone))","Rows Removed by Index Recheck": 0,"Exact Heap Blocks": 67089,"Lossy Heap Blocks": 0,"Plans": [{"Node Type": "Bitmap Index Scan","Parent Relationship": "Outer","Parallel Aware": false,"Async Capable": false,"Index Name": "idx_lineitem_shipdate","Startup Cost": 0.00,"Total Cost": 5729.22,"Plan Rows": 225279,"Plan Width": 0,"Actual Startup Time": 39.849,"Actual Total Time": 39.857,"Actual Rows": 228688,"Actual Loops": 1,"Index Cond": "((l_shipdate >= '1997-10-01'::date) AND (l_shipdate < '1998-01-01 00:00:00'::timestamp without time zone))"}]}]}]},{"Node Type": "Index Scan","Parent Relationship": "Outer","Parallel Aware": false,"Async Capable": false,"Scan Direction": "Forward","Index Name": "supplier_pkey","Relation Name": "supplier","Alias": "supplier","Startup Cost": 0.29,"Total Cost": 495.43,"Plan Rows": 10000,"Plan Width": 71,"Actual Startup Time": 0.114,"Actual Total Time": 13.613,"Actual Rows": 8489,"Actual Loops": 1},{"Node Type": "Sort","Parent Relationship": "Inner","Parallel Aware": false,"Async Capable": false,"Startup Cost": 124072.54,"Total Cost": 124072.66,"Plan Rows": 50,"Plan Width": 36,"Actual Startup Time": 1901.761,"Actual Total Time": 1901.777,"Actual Rows": 1,"Actual Loops": 1,"Sort Key": ["revenue0.supplier_no"],"Sort Method": "quicksort","Sort Space Used": 25,"Sort Space Type": "Memory","Plans": [{"Node Type": "Subquery Scan","Parent Relationship": "Outer","Parallel Aware": false,"Async Capable": false,"Alias": "revenue0","Startup Cost": 123920.52,"Total Cost": 124071.13,"Plan Rows": 50,"Plan Width": 36,"Actual Startup Time": 1891.664,"Actual Total Time": 1901.731,"Actual Rows": 1,"Actual Loops": 1,"Plans": [{"Node Type": "Aggregate","Strategy": "Hashed","Partial Mode": "Simple","Parent Relationship": "Subquery","Parallel Aware": false,"Async Capable": false,"Startup Cost": 123920.52,"Total Cost": 124070.63,"Plan Rows": 50,"Plan Width": 36,"Actual Startup Time": 1891.658,"Actual Total Time": 1901.722,"Actual Rows": 1,"Actual Loops": 1,"Group Key": ["lineitem.l_suppkey"],"Filter": "(sum((lineitem.l_extendedprice * ('1'::numeric - lineitem.l_discount))) = $0)","Planned Partitions": 0,"HashAgg Batches": 1,"Peak Memory Usage": 4497,"Disk Usage": 0,"Rows Removed by Filter": 9999,"Plans": [{"Node Type": "Bitmap Heap Scan","Parent Relationship": "Outer","Parallel Aware": false,"Async Capable": false,"Relation Name": "lineitem","Alias": "lineitem","Startup Cost": 5785.54,"Total Cost": 121667.73,"Plan Rows": 225279,"Plan Width": 16,"Actual Startup Time": 53.563,"Actual Total Time": 882.400,"Actual Rows": 228688,"Actual Loops": 1,"Recheck Cond": "((l_shipdate >= '1997-10-01'::date) AND (l_shipdate < '1998-01-01 00:00:00'::timestamp without time zone))","Rows Removed by Index Recheck": 0,"Exact Heap Blocks": 67089,"Lossy Heap Blocks": 0,"Plans": [{"Node Type": "Bitmap Index Scan","Parent Relationship": "Outer","Parallel Aware": false,"Async Capable": false,"Index Name": "idx_lineitem_shipdate","Startup Cost": 0.00,"Total Cost": 5729.22,"Plan Rows": 225279,"Plan Width": 0,"Actual Startup Time": 40.246,"Actual Total Time": 40.250,"Actual Rows": 228688,"Actual Loops": 1,"Index Cond": "((l_shipdate >= '1997-10-01'::date) AND (l_shipdate < '1998-01-01 00:00:00'::timestamp without time zone))"}]}]}]}]}]},"Planning Time": 3.944,"Triggers": [],"Execution Time": 1917.936}]
[{"Plan": {"Node Type": "Merge Join","Parallel Aware": false,"Async Capable": false,"Join Type": "Inner","Startup Cost": 249067.58,"Total Cost": 249588.48,"Plan Rows": 50,"Plan Width": 103,"Actual Startup Time": 1943.314,"Actual Total Time": 1943.349,"Actual Rows": 1,"Actual Loops": 1,"Inner Unique": true,"Merge Cond": "(supplier.s_suppkey = revenue0.supplier_no)","Plans": [{"Node Type": "Aggregate","Strategy": "Plain","Partial Mode": "Simple","Parent Relationship": "InitPlan","Subplan Name": "InitPlan 1 (returns $0)","Parallel Aware": false,"Async Capable": false,"Startup Cost": 124582.72,"Total Cost": 124582.73,"Plan Rows": 1,"Plan Width": 32,"Actual Startup Time": 848.418,"Actual Total Time": 848.429,"Actual Rows": 1,"Actual Loops": 1,"Plans": [{"Node Type": "Aggregate","Strategy": "Hashed","Partial Mode": "Simple","Parent Relationship": "Outer","Parallel Aware": false,"Async Capable": false,"Startup Cost": 124332.55,"Total Cost": 124457.64,"Plan Rows": 10007,"Plan Width": 36,"Actual Startup Time": 837.964,"Actual Total Time": 847.834,"Actual Rows": 10000,"Actual Loops": 1,"Group Key": ["lineitem_1.l_suppkey"],"Planned Partitions": 0,"HashAgg Batches": 1,"Peak Memory Usage": 4497,"Disk Usage": 0,"Plans": [{"Node Type": "Bitmap Heap Scan","Parent Relationship": "Outer","Parallel Aware": false,"Async Capable": false,"Relation Name": "lineitem","Alias": "lineitem_1","Startup Cost": 5993.30,"Total Cost": 121998.05,"Plan Rows": 233450,"Plan Width": 16,"Actual Startup Time": 50.617,"Actual Total Time": 672.114,"Actual Rows": 230363,"Actual Loops": 1,"Recheck Cond": "((l_shipdate >= '1995-05-01'::date) AND (l_shipdate < '1995-08-01 00:00:00'::timestamp without time zone))","Rows Removed by Index Recheck": 0,"Exact Heap Blocks": 67561,"Lossy Heap Blocks": 0,"Plans": [{"Node Type": "Bitmap Index Scan","Parent Relationship": "Outer","Parallel Aware": false,"Async Capable": false,"Index Name": "idx_lineitem_shipdate","Startup Cost": 0.00,"Total Cost": 5934.93,"Plan Rows": 233450,"Plan Width": 0,"Actual Startup Time": 37.100,"Actual Total Time": 37.103,"Actual Rows": 230363,"Actual Loops": 1,"Index Cond": "((l_shipdate >= '1995-05-01'::date) AND (l_shipdate < '1995-08-01 00:00:00'::timestamp without time zone))"}]}]}]},{"Node Type": "Index Scan","Parent Relationship": "Outer","Parallel Aware": false,"Async Capable": false,"Scan Direction": "Forward","Index Name": "supplier_pkey","Relation Name": "supplier","Alias": "supplier","Startup Cost": 0.29,"Total Cost": 495.43,"Plan Rows": 10000,"Plan Width": 71,"Actual Startup Time": 0.105,"Actual Total Time": 6.996,"Actual Rows": 4313,"Actual Loops": 1},{"Node Type": "Sort","Parent Relationship": "Inner","Parallel Aware": false,"Async Capable": false,"Startup Cost": 124484.57,"Total Cost": 124484.69,"Plan Rows": 50,"Plan Width": 36,"Actual Startup Time": 1936.037,"Actual Total Time": 1936.050,"Actual Rows": 1,"Actual Loops": 1,"Sort Key": ["revenue0.supplier_no"],"Sort Method": "quicksort","Sort Space Used": 25,"Sort Space Type": "Memory","Plans": [{"Node Type": "Subquery Scan","Parent Relationship": "Outer","Parallel Aware": false,"Async Capable": false,"Alias": "revenue0","Startup Cost": 124332.55,"Total Cost": 124483.15,"Plan Rows": 50,"Plan Width": 36,"Actual Startup Time": 1918.349,"Actual Total Time": 1936.015,"Actual Rows": 1,"Actual Loops": 1,"Plans": [{"Node Type": "Aggregate","Strategy": "Hashed","Partial Mode": "Simple","Parent Relationship": "Subquery","Parallel Aware": false,"Async Capable": false,"Startup Cost": 124332.55,"Total Cost": 124482.65,"Plan Rows": 50,"Plan Width": 36,"Actual Startup Time": 1918.345,"Actual Total Time": 1936.006,"Actual Rows": 1,"Actual Loops": 1,"Group Key": ["lineitem.l_suppkey"],"Filter": "(sum((lineitem.l_extendedprice * ('1'::numeric - lineitem.l_discount))) = $0)","Planned Partitions": 0,"HashAgg Batches": 1,"Peak Memory Usage": 4497,"Disk Usage": 0,"Rows Removed by Filter": 9999,"Plans": [{"Node Type": "Bitmap Heap Scan","Parent Relationship": "Outer","Parallel Aware": false,"Async Capable": false,"Relation Name": "lineitem","Alias": "lineitem","Startup Cost": 5993.30,"Total Cost": 121998.05,"Plan Rows": 233450,"Plan Width": 16,"Actual Startup Time": 50.872,"Actual Total Time": 888.924,"Actual Rows": 230363,"Actual Loops": 1,"Recheck Cond": "((l_shipdate >= '1995-05-01'::date) AND (l_shipdate < '1995-08-01 00:00:00'::timestamp without time zone))","Rows Removed by Index Recheck": 0,"Exact Heap Blocks": 67561,"Lossy Heap Blocks": 0,"Plans": [{"Node Type": "Bitmap Index Scan","Parent Relationship": "Outer","Parallel Aware": false,"Async Capable": false,"Index Name": "idx_lineitem_shipdate","Startup Cost": 0.00,"Total Cost": 5934.93,"Plan Rows": 233450,"Plan Width": 0,"Actual Startup Time": 37.359,"Actual Total Time": 37.360,"Actual Rows": 230363,"Actual Loops": 1,"Index Cond": "((l_shipdate >= '1995-05-01'::date) AND (l_shipdate < '1995-08-01 00:00:00'::timestamp without time zone))"}]}]}]}]}]},"Planning Time": 4.245,"Triggers": [],"Execution Time": 1946.397}]
[{"Plan": {"Node Type": "Merge Join","Parallel Aware": false,"Async Capable": false,"Join Type": "Inner","Startup Cost": 248646.16,"Total Cost": 249167.06,"Plan Rows": 50,"Plan Width": 103,"Actual Startup Time": 2067.824,"Actual Total Time": 2067.872,"Actual Rows": 1,"Actual Loops": 1,"Inner Unique": true,"Merge Cond": "(supplier.s_suppkey = revenue0.supplier_no)","Plans": [{"Node Type": "Aggregate","Strategy": "Plain","Partial Mode": "Simple","Parent Relationship": "InitPlan","Subplan Name": "InitPlan 1 (returns $0)","Parallel Aware": false,"Async Capable": false,"Startup Cost": 124372.01,"Total Cost": 124372.02,"Plan Rows": 1,"Plan Width": 32,"Actual Startup Time": 931.824,"Actual Total Time": 931.838,"Actual Rows": 1,"Actual Loops": 1,"Plans": [{"Node Type": "Aggregate","Strategy": "Hashed","Partial Mode": "Simple","Parent Relationship": "Outer","Parallel Aware": false,"Async Capable": false,"Startup Cost": 124121.84,"Total Cost": 124246.93,"Plan Rows": 10007,"Plan Width": 36,"Actual Startup Time": 922.356,"Actual Total Time": 931.242,"Actual Rows": 10000,"Actual Loops": 1,"Group Key": ["lineitem_1.l_suppkey"],"Planned Partitions": 0,"HashAgg Batches": 1,"Peak Memory Usage": 4497,"Disk Usage": 0,"Plans": [{"Node Type": "Bitmap Heap Scan","Parent Relationship": "Outer","Parallel Aware": false,"Async Capable": false,"Relation Name": "lineitem","Alias": "lineitem_1","Startup Cost": 5886.63,"Total Cost": 121828.95,"Plan Rows": 229288,"Plan Width": 16,"Actual Startup Time": 58.527,"Actual Total Time": 775.769,"Actual Rows": 229065,"Actual Loops": 1,"Recheck Cond": "((l_shipdate >= '1994-08-01'::date) AND (l_shipdate < '1994-11-01 00:00:00'::timestamp without time zone))","Rows Removed by Index Recheck": 0,"Exact Heap Blocks": 67202,"Lossy Heap Blocks": 0,"Plans": [{"Node Type": "Bitmap Index Scan","Parent Relationship": "Outer","Parallel Aware": false,"Async Capable": false,"Index Name": "idx_lineitem_shipdate","Startup Cost": 0.00,"Total Cost": 5829.31,"Plan Rows": 229288,"Plan Width": 0,"Actual Startup Time": 45.025,"Actual Total Time": 45.031,"Actual Rows": 229065,"Actual Loops": 1,"Index Cond": "((l_shipdate >= '1994-08-01'::date) AND (l_shipdate < '1994-11-01 00:00:00'::timestamp without time zone))"}]}]}]},{"Node Type": "Index Scan","Parent Relationship": "Outer","Parallel Aware": false,"Async Capable": false,"Scan Direction": "Forward","Index Name": "supplier_pkey","Relation Name": "supplier","Alias": "supplier","Startup Cost": 0.29,"Total Cost": 495.43,"Plan Rows": 10000,"Plan Width": 71,"Actual Startup Time": 0.106,"Actual Total Time": 14.913,"Actual Rows": 9980,"Actual Loops": 1},{"Node Type": "Sort","Parent Relationship": "Inner","Parallel Aware": false,"Async Capable": false,"Startup Cost": 124273.86,"Total Cost": 124273.98,"Plan Rows": 50,"Plan Width": 36,"Actual Startup Time": 2052.345,"Actual Total Time": 2052.360,"Actual Rows": 1,"Actual Loops": 1,"Sort Key": ["revenue0.supplier_no"],"Sort Method": "quicksort","Sort Space Used": 25,"Sort Space Type": "Memory","Plans": [{"Node Type": "Subquery Scan","Parent Relationship": "Outer","Parallel Aware": false,"Async Capable": false,"Alias": "revenue0","Startup Cost": 124121.84,"Total Cost": 124272.44,"Plan Rows": 50,"Plan Width": 36,"Actual Startup Time": 2031.394,"Actual Total Time": 2052.312,"Actual Rows": 1,"Actual Loops": 1,"Plans": [{"Node Type": "Aggregate","Strategy": "Hashed","Partial Mode": "Simple","Parent Relationship": "Subquery","Parallel Aware": false,"Async Capable": false,"Startup Cost": 124121.84,"Total Cost": 124271.94,"Plan Rows": 50,"Plan Width": 36,"Actual Startup Time": 2031.385,"Actual Total Time": 2052.295,"Actual Rows": 1,"Actual Loops": 1,"Group Key": ["lineitem.l_suppkey"],"Filter": "(sum((lineitem.l_extendedprice * ('1'::numeric - lineitem.l_discount))) = $0)","Planned Partitions": 0,"HashAgg Batches": 1,"Peak Memory Usage": 4497,"Disk Usage": 0,"Rows Removed by Filter": 9999,"Plans": [{"Node Type": "Bitmap Heap Scan","Parent Relationship": "Outer","Parallel Aware": false,"Async Capable": false,"Relation Name": "lineitem","Alias": "lineitem","Startup Cost": 5886.63,"Total Cost": 121828.95,"Plan Rows": 229288,"Plan Width": 16,"Actual Startup Time": 54.472,"Actual Total Time": 926.953,"Actual Rows": 229065,"Actual Loops": 1,"Recheck Cond": "((l_shipdate >= '1994-08-01'::date) AND (l_shipdate < '1994-11-01 00:00:00'::timestamp without time zone))","Rows Removed by Index Recheck": 0,"Exact Heap Blocks": 67202,"Lossy Heap Blocks": 0,"Plans": [{"Node Type": "Bitmap Index Scan","Parent Relationship": "Outer","Parallel Aware": false,"Async Capable": false,"Index Name": "idx_lineitem_shipdate","Startup Cost": 0.00,"Total Cost": 5829.31,"Plan Rows": 229288,"Plan Width": 0,"Actual Startup Time": 41.071,"Actual Total Time": 41.073,"Actual Rows": 229065,"Actual Loops": 1,"Index Cond": "((l_shipdate >= '1994-08-01'::date) AND (l_shipdate < '1994-11-01 00:00:00'::timestamp without time zone))"}]}]}]}]}]},"Planning Time": 4.637,"Triggers": [],"Execution Time": 2073.259}]
[{"Plan": {"Node Type": "Merge Join","Parallel Aware": false,"Async Capable": false,"Join Type": "Inner","Startup Cost": 248479.68,"Total Cost": 249000.57,"Plan Rows": 50,"Plan Width": 103,"Actual Startup Time": 2053.100,"Actual Total Time": 2053.133,"Actual Rows": 1,"Actual Loops": 1,"Inner Unique": true,"Merge Cond": "(supplier.s_suppkey = revenue0.supplier_no)","Plans": [{"Node Type": "Aggregate","Strategy": "Plain","Partial Mode": "Simple","Parent Relationship": "InitPlan","Subplan Name": "InitPlan 1 (returns $0)","Parallel Aware": false,"Async Capable": false,"Startup Cost": 124288.77,"Total Cost": 124288.78,"Plan Rows": 1,"Plan Width": 32,"Actual Startup Time": 929.631,"Actual Total Time": 929.645,"Actual Rows": 1,"Actual Loops": 1,"Plans": [{"Node Type": "Aggregate","Strategy": "Hashed","Partial Mode": "Simple","Parent Relationship": "Outer","Parallel Aware": false,"Async Capable": false,"Startup Cost": 124038.60,"Total Cost": 124163.68,"Plan Rows": 10007,"Plan Width": 36,"Actual Startup Time": 921.618,"Actual Total Time": 929.055,"Actual Rows": 10000,"Actual Loops": 1,"Group Key": ["lineitem_1.l_suppkey"],"Planned Partitions": 0,"HashAgg Batches": 1,"Peak Memory Usage": 4497,"Disk Usage": 0,"Plans": [{"Node Type": "Bitmap Heap Scan","Parent Relationship": "Outer","Parallel Aware": false,"Async Capable": false,"Relation Name": "lineitem","Alias": "lineitem_1","Startup Cost": 5732.35,"Total Cost": 121806.48,"Plan Rows": 223211,"Plan Width": 16,"Actual Startup Time": 58.729,"Actual Total Time": 776.902,"Actual Rows": 224122,"Actual Loops": 1,"Recheck Cond": "((l_shipdate >= '1994-01-01'::date) AND (l_shipdate < '1994-04-01 00:00:00'::timestamp without time zone))","Rows Removed by Index Recheck": 0,"Exact Heap Blocks": 66544,"Lossy Heap Blocks": 0,"Plans": [{"Node Type": "Bitmap Index Scan","Parent Relationship": "Outer","Parallel Aware": false,"Async Capable": false,"Index Name": "idx_lineitem_shipdate","Startup Cost": 0.00,"Total Cost": 5676.54,"Plan Rows": 223211,"Plan Width": 0,"Actual Startup Time": 44.999,"Actual Total Time": 45.004,"Actual Rows": 224122,"Actual Loops": 1,"Index Cond": "((l_shipdate >= '1994-01-01'::date) AND (l_shipdate < '1994-04-01 00:00:00'::timestamp without time zone))"}]}]}]},{"Node Type": "Index Scan","Parent Relationship": "Outer","Parallel Aware": false,"Async Capable": false,"Scan Direction": "Forward","Index Name": "supplier_pkey","Relation Name": "supplier","Alias": "supplier","Startup Cost": 0.29,"Total Cost": 495.43,"Plan Rows": 10000,"Plan Width": 71,"Actual Startup Time": 0.106,"Actual Total Time": 4.039,"Actual Rows": 2328,"Actual Loops": 1},{"Node Type": "Sort","Parent Relationship": "Inner","Parallel Aware": false,"Async Capable": false,"Startup Cost": 124190.61,"Total Cost": 124190.74,"Plan Rows": 50,"Plan Width": 36,"Actual Startup Time": 2048.905,"Actual Total Time": 2048.913,"Actual Rows": 1,"Actual Loops": 1,"Sort Key": ["revenue0.supplier_no"],"Sort Method": "quicksort","Sort Space Used": 25,"Sort Space Type": "Memory","Plans": [{"Node Type": "Subquery Scan","Parent Relationship": "Outer","Parallel Aware": false,"Async Capable": false,"Alias": "revenue0","Startup Cost": 124038.60,"Total Cost": 124189.20,"Plan Rows": 50,"Plan Width": 36,"Actual Startup Time": 2034.594,"Actual Total Time": 2048.883,"Actual Rows": 1,"Actual Loops": 1,"Plans": [{"Node Type": "Aggregate","Strategy": "Hashed","Partial Mode": "Simple","Parent Relationship": "Subquery","Parallel Aware": false,"Async Capable": false,"Startup Cost": 124038.60,"Total Cost": 124188.70,"Plan Rows": 50,"Plan Width": 36,"Actual Startup Time": 2034.588,"Actual Total Time": 2048.875,"Actual Rows": 1,"Actual Loops": 1,"Group Key": ["lineitem.l_suppkey"],"Filter": "(sum((lineitem.l_extendedprice * ('1'::numeric - lineitem.l_discount))) = $0)","Planned Partitions": 0,"HashAgg Batches": 1,"Peak Memory Usage": 4497,"Disk Usage": 0,"Rows Removed by Filter": 9999,"Plans": [{"Node Type": "Bitmap Heap Scan","Parent Relationship": "Outer","Parallel Aware": false,"Async Capable": false,"Relation Name": "lineitem","Alias": "lineitem","Startup Cost": 5732.35,"Total Cost": 121806.48,"Plan Rows": 223211,"Plan Width": 16,"Actual Startup Time": 54.443,"Actual Total Time": 924.226,"Actual Rows": 224122,"Actual Loops": 1,"Recheck Cond": "((l_shipdate >= '1994-01-01'::date) AND (l_shipdate < '1994-04-01 00:00:00'::timestamp without time zone))","Rows Removed by Index Recheck": 0,"Exact Heap Blocks": 66544,"Lossy Heap Blocks": 0,"Plans": [{"Node Type": "Bitmap Index Scan","Parent Relationship": "Outer","Parallel Aware": false,"Async Capable": false,"Index Name": "idx_lineitem_shipdate","Startup Cost": 0.00,"Total Cost": 5676.54,"Plan Rows": 223211,"Plan Width": 0,"Actual Startup Time": 40.756,"Actual Total Time": 40.756,"Actual Rows": 224122,"Actual Loops": 1,"Index Cond": "((l_shipdate >= '1994-01-01'::date) AND (l_shipdate < '1994-04-01 00:00:00'::timestamp without time zone))"}]}]}]}]}]},"Planning Time": 4.844,"Triggers": [],"Execution Time": 2058.211}]
[{"Plan": {"Node Type": "Merge Join","Parallel Aware": false,"Async Capable": false,"Join Type": "Inner","Startup Cost": 249429.21,"Total Cost": 249950.11,"Plan Rows": 50,"Plan Width": 103,"Actual Startup Time": 1898.287,"Actual Total Time": 1898.337,"Actual Rows": 1,"Actual Loops": 1,"Inner Unique": true,"Merge Cond": "(supplier.s_suppkey = revenue0.supplier_no)","Plans": [{"Node Type": "Aggregate","Strategy": "Plain","Partial Mode": "Simple","Parent Relationship": "InitPlan","Subplan Name": "InitPlan 1 (returns $0)","Parallel Aware": false,"Async Capable": false,"Startup Cost": 124763.54,"Total Cost": 124763.55,"Plan Rows": 1,"Plan Width": 32,"Actual Startup Time": 815.553,"Actual Total Time": 815.566,"Actual Rows": 1,"Actual Loops": 1,"Plans": [{"Node Type": "Aggregate","Strategy": "Hashed","Partial Mode": "Simple","Parent Relationship": "Outer","Parallel Aware": false,"Async Capable": false,"Startup Cost": 124513.36,"Total Cost": 124638.45,"Plan Rows": 10007,"Plan Width": 36,"Actual Startup Time": 809.471,"Actual Total Time": 814.969,"Actual Rows": 10000,"Actual Loops": 1,"Group Key": ["lineitem_1.l_suppkey"],"Planned Partitions": 0,"HashAgg Batches": 1,"Peak Memory Usage": 4497,"Disk Usage": 0,"Plans": [{"Node Type": "Bitmap Heap Scan","Parent Relationship": "Outer","Parallel Aware": false,"Async Capable": false,"Relation Name": "lineitem","Alias": "lineitem_1","Startup Cost": 6085.59,"Total Cost": 122143.46,"Plan Rows": 236991,"Plan Width": 16,"Actual Startup Time": 49.104,"Actual Total Time": 665.753,"Actual Rows": 225457,"Actual Loops": 1,"Recheck Cond": "((l_shipdate >= '1993-04-01'::date) AND (l_shipdate < '1993-07-01 00:00:00'::timestamp without time zone))","Rows Removed by Index Recheck": 0,"Exact Heap Blocks": 66507,"Lossy Heap Blocks": 0,"Plans": [{"Node Type": "Bitmap Index Scan","Parent Relationship": "Outer","Parallel Aware": false,"Async Capable": false,"Index Name": "idx_lineitem_shipdate","Startup Cost": 0.00,"Total Cost": 6026.34,"Plan Rows": 236991,"Plan Width": 0,"Actual Startup Time": 35.669,"Actual Total Time": 35.673,"Actual Rows": 225457,"Actual Loops": 1,"Index Cond": "((l_shipdate >= '1993-04-01'::date) AND (l_shipdate < '1993-07-01 00:00:00'::timestamp without time zone))"}]}]}]},{"Node Type": "Index Scan","Parent Relationship": "Outer","Parallel Aware": false,"Async Capable": false,"Scan Direction": "Forward","Index Name": "supplier_pkey","Relation Name": "supplier","Alias": "supplier","Startup Cost": 0.29,"Total Cost": 495.43,"Plan Rows": 10000,"Plan Width": 71,"Actual Startup Time": 0.093,"Actual Total Time": 12.333,"Actual Rows": 7478,"Actual Loops": 1},{"Node Type": "Sort","Parent Relationship": "Inner","Parallel Aware": false,"Async Capable": false,"Startup Cost": 124665.38,"Total Cost": 124665.50,"Plan Rows": 50,"Plan Width": 36,"Actual Startup Time": 1885.515,"Actual Total Time": 1885.531,"Actual Rows": 1,"Actual Loops": 1,"Sort Key": ["revenue0.supplier_no"],"Sort Method": "quicksort","Sort Space Used": 25,"Sort Space Type": "Memory","Plans": [{"Node Type": "Subquery Scan","Parent Relationship": "Outer","Parallel Aware": false,"Async Capable": false,"Alias": "revenue0","Startup Cost": 124513.36,"Total Cost": 124663.97,"Plan Rows": 50,"Plan Width": 36,"Actual Startup Time": 1880.649,"Actual Total Time": 1885.498,"Actual Rows": 1,"Actual Loops": 1,"Plans": [{"Node Type": "Aggregate","Strategy": "Hashed","Partial Mode": "Simple","Parent Relationship": "Subquery","Parallel Aware": false,"Async Capable": false,"Startup Cost": 124513.36,"Total Cost": 124663.47,"Plan Rows": 50,"Plan Width": 36,"Actual Startup Time": 1880.643,"Actual Total Time": 1885.490,"Actual Rows": 1,"Actual Loops": 1,"Group Key": ["lineitem.l_suppkey"],"Filter": "(sum((lineitem.l_extendedprice * ('1'::numeric - lineitem.l_discount))) = $0)","Planned Partitions": 0,"HashAgg Batches": 1,"Peak Memory Usage": 4497,"Disk Usage": 0,"Rows Removed by Filter": 9999,"Plans": [{"Node Type": "Bitmap Heap Scan","Parent Relationship": "Outer","Parallel Aware": false,"Async Capable": false,"Relation Name": "lineitem","Alias": "lineitem","Startup Cost": 6085.59,"Total Cost": 122143.46,"Plan Rows": 236991,"Plan Width": 16,"Actual Startup Time": 49.990,"Actual Total Time": 876.930,"Actual Rows": 225457,"Actual Loops": 1,"Recheck Cond": "((l_shipdate >= '1993-04-01'::date) AND (l_shipdate < '1993-07-01 00:00:00'::timestamp without time zone))","Rows Removed by Index Recheck": 0,"Exact Heap Blocks": 66507,"Lossy Heap Blocks": 0,"Plans": [{"Node Type": "Bitmap Index Scan","Parent Relationship": "Outer","Parallel Aware": false,"Async Capable": false,"Index Name": "idx_lineitem_shipdate","Startup Cost": 0.00,"Total Cost": 6026.34,"Plan Rows": 236991,"Plan Width": 0,"Actual Startup Time": 36.697,"Actual Total Time": 36.700,"Actual Rows": 225457,"Actual Loops": 1,"Index Cond": "((l_shipdate >= '1993-04-01'::date) AND (l_shipdate < '1993-07-01 00:00:00'::timestamp without time zone))"}]}]}]}]}]},"Planning Time": 4.174,"Triggers": [],"Execution Time": 1900.156}]
[{"Plan": {"Node Type": "Merge Join","Parallel Aware": false,"Async Capable": false,"Join Type": "Inner","Startup Cost": 248366.65,"Total Cost": 248887.54,"Plan Rows": 50,"Plan Width": 103,"Actual Startup Time": 2072.372,"Actual Total Time": 2072.404,"Actual Rows": 1,"Actual Loops": 1,"Inner Unique": true,"Merge Cond": "(supplier.s_suppkey = revenue0.supplier_no)","Plans": [{"Node Type": "Aggregate","Strategy": "Plain","Partial Mode": "Simple","Parent Relationship": "InitPlan","Subplan Name": "InitPlan 1 (returns $0)","Parallel Aware": false,"Async Capable": false,"Startup Cost": 124232.26,"Total Cost": 124232.27,"Plan Rows": 1,"Plan Width": 32,"Actual Startup Time": 935.409,"Actual Total Time": 935.422,"Actual Rows": 1,"Actual Loops": 1,"Plans": [{"Node Type": "Aggregate","Strategy": "Hashed","Partial Mode": "Simple","Parent Relationship": "Outer","Parallel Aware": false,"Async Capable": false,"Startup Cost": 123982.08,"Total Cost": 124107.17,"Plan Rows": 10007,"Plan Width": 36,"Actual Startup Time": 927.998,"Actual Total Time": 934.834,"Actual Rows": 10000,"Actual Loops": 1,"Group Key": ["lineitem_1.l_suppkey"],"Planned Partitions": 0,"HashAgg Batches": 1,"Peak Memory Usage": 4497,"Disk Usage": 0,"Plans": [{"Node Type": "Bitmap Heap Scan","Parent Relationship": "Outer","Parallel Aware": false,"Async Capable": false,"Relation Name": "lineitem","Alias": "lineitem_1","Startup Cost": 5817.63,"Total Cost": 121717.50,"Plan Rows": 226458,"Plan Width": 16,"Actual Startup Time": 58.327,"Actual Total Time": 782.071,"Actual Rows": 225975,"Actual Loops": 1,"Recheck Cond": "((l_shipdate >= '1995-12-01'::date) AND (l_shipdate < '1996-03-01 00:00:00'::timestamp without time zone))","Rows Removed by Index Recheck": 0,"Exact Heap Blocks": 66957,"Lossy Heap Blocks": 0,"Plans": [{"Node Type": "Bitmap Index Scan","Parent Relationship": "Outer","Parallel Aware": false,"Async Capable": false,"Index Name": "idx_lineitem_shipdate","Startup Cost": 0.00,"Total Cost": 5761.01,"Plan Rows": 226458,"Plan Width": 0,"Actual Startup Time": 44.649,"Actual Total Time": 44.657,"Actual Rows": 225975,"Actual Loops": 1,"Index Cond": "((l_shipdate >= '1995-12-01'::date) AND (l_shipdate < '1996-03-01 00:00:00'::timestamp without time zone))"}]}]}]},{"Node Type": "Index Scan","Parent Relationship": "Outer","Parallel Aware": false,"Async Capable": false,"Scan Direction": "Forward","Index Name": "supplier_pkey","Relation Name": "supplier","Alias": "supplier","Startup Cost": 0.29,"Total Cost": 495.43,"Plan Rows": 10000,"Plan Width": 71,"Actual Startup Time": 0.094,"Actual Total Time": 12.061,"Actual Rows": 7896,"Actual Loops": 1},{"Node Type": "Sort","Parent Relationship": "Inner","Parallel Aware": false,"Async Capable": false,"Startup Cost": 124134.10,"Total Cost": 124134.22,"Plan Rows": 50,"Plan Width": 36,"Actual Startup Time": 2059.847,"Actual Total Time": 2059.860,"Actual Rows": 1,"Actual Loops": 1,"Sort Key": ["revenue0.supplier_no"],"Sort Method": "quicksort","Sort Space Used": 25,"Sort Space Type": "Memory","Plans": [{"Node Type": "Subquery Scan","Parent Relationship": "Outer","Parallel Aware": false,"Async Capable": false,"Alias": "revenue0","Startup Cost": 123982.08,"Total Cost": 124132.69,"Plan Rows": 50,"Plan Width": 36,"Actual Startup Time": 2034.699,"Actual Total Time": 2059.773,"Actual Rows": 1,"Actual Loops": 1,"Plans": [{"Node Type": "Aggregate","Strategy": "Hashed","Partial Mode": "Simple","Parent Relationship": "Subquery","Parallel Aware": false,"Async Capable": false,"Startup Cost": 123982.08,"Total Cost": 124132.19,"Plan Rows": 50,"Plan Width": 36,"Actual Startup Time": 2034.689,"Actual Total Time": 2059.753,"Actual Rows": 1,"Actual Loops": 1,"Group Key": ["lineitem.l_suppkey"],"Filter": "(sum((lineitem.l_extendedprice * ('1'::numeric - lineitem.l_discount))) = $0)","Planned Partitions": 0,"HashAgg Batches": 1,"Peak Memory Usage": 4497,"Disk Usage": 0,"Rows Removed by Filter": 9999,"Plans": [{"Node Type": "Bitmap Heap Scan","Parent Relationship": "Outer","Parallel Aware": false,"Async Capable": false,"Relation Name": "lineitem","Alias": "lineitem","Startup Cost": 5817.63,"Total Cost": 121717.50,"Plan Rows": 226458,"Plan Width": 16,"Actual Startup Time": 55.797,"Actual Total Time": 930.171,"Actual Rows": 225975,"Actual Loops": 1,"Recheck Cond": "((l_shipdate >= '1995-12-01'::date) AND (l_shipdate < '1996-03-01 00:00:00'::timestamp without time zone))","Rows Removed by Index Recheck": 0,"Exact Heap Blocks": 66957,"Lossy Heap Blocks": 0,"Plans": [{"Node Type": "Bitmap Index Scan","Parent Relationship": "Outer","Parallel Aware": false,"Async Capable": false,"Index Name": "idx_lineitem_shipdate","Startup Cost": 0.00,"Total Cost": 5761.01,"Plan Rows": 226458,"Plan Width": 0,"Actual Startup Time": 42.303,"Actual Total Time": 42.304,"Actual Rows": 225975,"Actual Loops": 1,"Index Cond": "((l_shipdate >= '1995-12-01'::date) AND (l_shipdate < '1996-03-01 00:00:00'::timestamp without time zone))"}]}]}]}]}]},"Planning Time": 4.024,"Triggers": [],"Execution Time": 2078.117}]
[{"Plan": {"Node Type": "Merge Join","Parallel Aware": false,"Async Capable": false,"Join Type": "Inner","Startup Cost": 249108.95,"Total Cost": 249629.85,"Plan Rows": 50,"Plan Width": 103,"Actual Startup Time": 2087.724,"Actual Total Time": 2087.761,"Actual Rows": 1,"Actual Loops": 1,"Inner Unique": true,"Merge Cond": "(supplier.s_suppkey = revenue0.supplier_no)","Plans": [{"Node Type": "Aggregate","Strategy": "Plain","Partial Mode": "Simple","Parent Relationship": "InitPlan","Subplan Name": "InitPlan 1 (returns $0)","Parallel Aware": false,"Async Capable": false,"Startup Cost": 124603.41,"Total Cost": 124603.42,"Plan Rows": 1,"Plan Width": 32,"Actual Startup Time": 943.876,"Actual Total Time": 943.892,"Actual Rows": 1,"Actual Loops": 1,"Plans": [{"Node Type": "Aggregate","Strategy": "Hashed","Partial Mode": "Simple","Parent Relationship": "Outer","Parallel Aware": false,"Async Capable": false,"Startup Cost": 124353.23,"Total Cost": 124478.32,"Plan Rows": 10007,"Plan Width": 36,"Actual Startup Time": 936.828,"Actual Total Time": 943.290,"Actual Rows": 10000,"Actual Loops": 1,"Group Key": ["lineitem_1.l_suppkey"],"Planned Partitions": 0,"HashAgg Batches": 1,"Peak Memory Usage": 4497,"Disk Usage": 0,"Plans": [{"Node Type": "Bitmap Heap Scan","Parent Relationship": "Outer","Parallel Aware": false,"Async Capable": false,"Relation Name": "lineitem","Alias": "lineitem_1","Startup Cost": 6004.98,"Total Cost": 122015.13,"Plan Rows": 233810,"Plan Width": 16,"Actual Startup Time": 58.797,"Actual Total Time": 790.100,"Actual Rows": 229794,"Actual Loops": 1,"Recheck Cond": "((l_shipdate >= '1997-08-01'::date) AND (l_shipdate < '1997-11-01 00:00:00'::timestamp without time zone))","Rows Removed by Index Recheck": 0,"Exact Heap Blocks": 67334,"Lossy Heap Blocks": 0,"Plans": [{"Node Type": "Bitmap Index Scan","Parent Relationship": "Outer","Parallel Aware": false,"Async Capable": false,"Index Name": "idx_lineitem_shipdate","Startup Cost": 0.00,"Total Cost": 5946.53,"Plan Rows": 233810,"Plan Width": 0,"Actual Startup Time": 45.013,"Actual Total Time": 45.020,"Actual Rows": 229794,"Actual Loops": 1,"Index Cond": "((l_shipdate >= '1997-08-01'::date) AND (l_shipdate < '1997-11-01 00:00:00'::timestamp without time zone))"}]}]}]},{"Node Type": "Index Scan","Parent Relationship": "Outer","Parallel Aware": false,"Async Capable": false,"Scan Direction": "Forward","Index Name": "supplier_pkey","Relation Name": "supplier","Alias": "supplier","Startup Cost": 0.29,"Total Cost": 495.43,"Plan Rows": 10000,"Plan Width": 71,"Actual Startup Time": 0.109,"Actual Total Time": 13.835,"Actual Rows": 8863,"Actual Loops": 1},{"Node Type": "Sort","Parent Relationship": "Inner","Parallel Aware": false,"Async Capable": false,"Startup Cost": 124505.25,"Total Cost": 124505.37,"Plan Rows": 50,"Plan Width": 36,"Actual Startup Time": 2073.397,"Actual Total Time": 2073.405,"Actual Rows": 1,"Actual Loops": 1,"Sort Key": ["revenue0.supplier_no"],"Sort Method": "quicksort","Sort Space Used": 25,"Sort Space Type": "Memory","Plans": [{"Node Type": "Subquery Scan","Parent Relationship": "Outer","Parallel Aware": false,"Async Capable": false,"Alias": "revenue0","Startup Cost": 124353.23,"Total Cost": 124503.84,"Plan Rows": 50,"Plan Width": 36,"Actual Startup Time": 2063.613,"Actual Total Time": 2073.361,"Actual Rows": 1,"Actual Loops": 1,"Plans": [{"Node Type": "Aggregate","Strategy": "Hashed","Partial Mode": "Simple","Parent Relationship": "Subquery","Parallel Aware": false,"Async Capable": false,"Startup Cost": 124353.23,"Total Cost": 124503.34,"Plan Rows": 50,"Plan Width": 36,"Actual Startup Time": 2063.607,"Actual Total Time": 2073.353,"Actual Rows": 1,"Actual Loops": 1,"Group Key": ["lineitem.l_suppkey"],"Filter": "(sum((lineitem.l_extendedprice * ('1'::numeric - lineitem.l_discount))) = $0)","Planned Partitions": 0,"HashAgg Batches": 1,"Peak Memory Usage": 4497,"Disk Usage": 0,"Rows Removed by Filter": 9999,"Plans": [{"Node Type": "Bitmap Heap Scan","Parent Relationship": "Outer","Parallel Aware": false,"Async Capable": false,"Relation Name": "lineitem","Alias": "lineitem","Startup Cost": 6004.98,"Total Cost": 122015.13,"Plan Rows": 233810,"Plan Width": 16,"Actual Startup Time": 55.239,"Actual Total Time": 931.307,"Actual Rows": 229794,"Actual Loops": 1,"Recheck Cond": "((l_shipdate >= '1997-08-01'::date) AND (l_shipdate < '1997-11-01 00:00:00'::timestamp without time zone))","Rows Removed by Index Recheck": 0,"Exact Heap Blocks": 67334,"Lossy Heap Blocks": 0,"Plans": [{"Node Type": "Bitmap Index Scan","Parent Relationship": "Outer","Parallel Aware": false,"Async Capable": false,"Index Name": "idx_lineitem_shipdate","Startup Cost": 0.00,"Total Cost": 5946.53,"Plan Rows": 233810,"Plan Width": 0,"Actual Startup Time": 41.454,"Actual Total Time": 41.455,"Actual Rows": 229794,"Actual Loops": 1,"Index Cond": "((l_shipdate >= '1997-08-01'::date) AND (l_shipdate < '1997-11-01 00:00:00'::timestamp without time zone))"}]}]}]}]}]},"Planning Time": 5.207,"Triggers": [],"Execution Time": 2094.251}]
[{"Plan": {"Node Type": "Merge Join","Parallel Aware": false,"Async Capable": false,"Join Type": "Inner","Startup Cost": 249118.89,"Total Cost": 249639.79,"Plan Rows": 50,"Plan Width": 103,"Actual Startup Time": 2101.709,"Actual Total Time": 2101.748,"Actual Rows": 1,"Actual Loops": 1,"Inner Unique": true,"Merge Cond": "(supplier.s_suppkey = revenue0.supplier_no)","Plans": [{"Node Type": "Aggregate","Strategy": "Plain","Partial Mode": "Simple","Parent Relationship": "InitPlan","Subplan Name": "InitPlan 1 (returns $0)","Parallel Aware": false,"Async Capable": false,"Startup Cost": 124608.38,"Total Cost": 124608.39,"Plan Rows": 1,"Plan Width": 32,"Actual Startup Time": 954.180,"Actual Total Time": 954.190,"Actual Rows": 1,"Actual Loops": 1,"Plans": [{"Node Type": "Aggregate","Strategy": "Hashed","Partial Mode": "Simple","Parent Relationship": "Outer","Parallel Aware": false,"Async Capable": false,"Startup Cost": 124358.20,"Total Cost": 124483.29,"Plan Rows": 10007,"Plan Width": 36,"Actual Startup Time": 944.717,"Actual Total Time": 953.609,"Actual Rows": 10000,"Actual Loops": 1,"Group Key": ["lineitem_1.l_suppkey"],"Planned Partitions": 0,"HashAgg Batches": 1,"Peak Memory Usage": 4497,"Disk Usage": 0,"Plans": [{"Node Type": "Bitmap Heap Scan","Parent Relationship": "Outer","Parallel Aware": false,"Async Capable": false,"Relation Name": "lineitem","Alias": "lineitem_1","Startup Cost": 6006.43,"Total Cost": 122018.70,"Plan Rows": 233951,"Plan Width": 16,"Actual Startup Time": 66.327,"Actual Total Time": 795.231,"Actual Rows": 229338,"Actual Loops": 1,"Recheck Cond": "((l_shipdate >= '1993-07-01'::date) AND (l_shipdate < '1993-10-01 00:00:00'::timestamp without time zone))","Rows Removed by Index Recheck": 0,"Exact Heap Blocks": 67061,"Lossy Heap Blocks": 0,"Plans": [{"Node Type": "Bitmap Index Scan","Parent Relationship": "Outer","Parallel Aware": false,"Async Capable": false,"Index Name": "idx_lineitem_shipdate","Startup Cost": 0.00,"Total Cost": 5947.94,"Plan Rows": 233951,"Plan Width": 0,"Actual Startup Time": 52.411,"Actual Total Time": 52.417,"Actual Rows": 229338,"Actual Loops": 1,"Index Cond": "((l_shipdate >= '1993-07-01'::date) AND (l_shipdate < '1993-10-01 00:00:00'::timestamp without time zone))"}]}]}]},{"Node Type": "Index Scan","Parent Relationship": "Outer","Parallel Aware": false,"Async Capable": false,"Scan Direction": "Forward","Index Name": "supplier_pkey","Relation Name": "supplier","Alias": "supplier","Startup Cost": 0.29,"Total Cost": 495.43,"Plan Rows": 10000,"Plan Width": 71,"Actual Startup Time": 0.105,"Actual Total Time": 12.941,"Actual Rows": 8280,"Actual Loops": 1},{"Node Type": "Sort","Parent Relationship": "Inner","Parallel Aware": false,"Async Capable": false,"Startup Cost": 124510.22,"Total Cost": 124510.34,"Plan Rows": 50,"Plan Width": 36,"Actual Startup Time": 2088.290,"Actual Total Time": 2088.302,"Actual Rows": 1,"Actual Loops": 1,"Sort Key": ["revenue0.supplier_no"],"Sort Method": "quicksort","Sort Space Used": 25,"Sort Space Type": "Memory","Plans": [{"Node Type": "Subquery Scan","Parent Relationship": "Outer","Parallel Aware": false,"Async Capable": false,"Alias": "revenue0","Startup Cost": 124358.20,"Total Cost": 124508.81,"Plan Rows": 50,"Plan Width": 36,"Actual Startup Time": 2064.473,"Actual Total Time": 2088.234,"Actual Rows": 1,"Actual Loops": 1,"Plans": [{"Node Type": "Aggregate","Strategy": "Hashed","Partial Mode": "Simple","Parent Relationship": "Subquery","Parallel Aware": false,"Async Capable": false,"Startup Cost": 124358.20,"Total Cost": 124508.31,"Plan Rows": 50,"Plan Width": 36,"Actual Startup Time": 2064.468,"Actual Total Time": 2088.223,"Actual Rows": 1,"Actual Loops": 1,"Group Key": ["lineitem.l_suppkey"],"Filter": "(sum((lineitem.l_extendedprice * ('1'::numeric - lineitem.l_discount))) = $0)","Planned Partitions": 0,"HashAgg Batches": 1,"Peak Memory Usage": 4497,"Disk Usage": 0,"Rows Removed by Filter": 9999,"Plans": [{"Node Type": "Bitmap Heap Scan","Parent Relationship": "Outer","Parallel Aware": false,"Async Capable": false,"Relation Name": "lineitem","Alias": "lineitem","Startup Cost": 6006.43,"Total Cost": 122018.70,"Plan Rows": 233951,"Plan Width": 16,"Actual Startup Time": 62.518,"Actual Total Time": 939.412,"Actual Rows": 229338,"Actual Loops": 1,"Recheck Cond": "((l_shipdate >= '1993-07-01'::date) AND (l_shipdate < '1993-10-01 00:00:00'::timestamp without time zone))","Rows Removed by Index Recheck": 0,"Exact Heap Blocks": 67061,"Lossy Heap Blocks": 0,"Plans": [{"Node Type": "Bitmap Index Scan","Parent Relationship": "Outer","Parallel Aware": false,"Async Capable": false,"Index Name": "idx_lineitem_shipdate","Startup Cost": 0.00,"Total Cost": 5947.94,"Plan Rows": 233951,"Plan Width": 0,"Actual Startup Time": 48.803,"Actual Total Time": 48.804,"Actual Rows": 229338,"Actual Loops": 1,"Index Cond": "((l_shipdate >= '1993-07-01'::date) AND (l_shipdate < '1993-10-01 00:00:00'::timestamp without time zone))"}]}]}]}]}]},"Planning Time": 4.394,"Triggers": [],"Execution Time": 2106.441}]
[{"Plan": {"Node Type": "Merge Join","Parallel Aware": false,"Async Capable": false,"Join Type": "Inner","Startup Cost": 249457.74,"Total Cost": 249978.63,"Plan Rows": 50,"Plan Width": 103,"Actual Startup Time": 2127.109,"Actual Total Time": 2127.171,"Actual Rows": 1,"Actual Loops": 1,"Inner Unique": true,"Merge Cond": "(supplier.s_suppkey = revenue0.supplier_no)","Plans": [{"Node Type": "Aggregate","Strategy": "Plain","Partial Mode": "Simple","Parent Relationship": "InitPlan","Subplan Name": "InitPlan 1 (returns $0)","Parallel Aware": false,"Async Capable": false,"Startup Cost": 124777.80,"Total Cost": 124777.81,"Plan Rows": 1,"Plan Width": 32,"Actual Startup Time": 997.906,"Actual Total Time": 997.926,"Actual Rows": 1,"Actual Loops": 1,"Plans": [{"Node Type": "Aggregate","Strategy": "Hashed","Partial Mode": "Simple","Parent Relationship": "Outer","Parallel Aware": false,"Async Capable": false,"Startup Cost": 124527.62,"Total Cost": 124652.71,"Plan Rows": 10007,"Plan Width": 36,"Actual Startup Time": 989.617,"Actual Total Time": 997.244,"Actual Rows": 10000,"Actual Loops": 1,"Group Key": ["lineitem_1.l_suppkey"],"Planned Partitions": 0,"HashAgg Batches": 1,"Peak Memory Usage": 4497,"Disk Usage": 0,"Plans": [{"Node Type": "Bitmap Heap Scan","Parent Relationship": "Outer","Parallel Aware": false,"Async Capable": false,"Relation Name": "lineitem","Alias": "lineitem_1","Startup Cost": 6092.57,"Total Cost": 122154.80,"Plan Rows": 237282,"Plan Width": 16,"Actual Startup Time": 59.269,"Actual Total Time": 782.096,"Actual Rows": 230274,"Actual Loops": 1,"Recheck Cond": "((l_shipdate >= '1997-07-01'::date) AND (l_shipdate < '1997-10-01 00:00:00'::timestamp without time zone))","Rows Removed by Index Recheck": 0,"Exact Heap Blocks": 67274,"Lossy Heap Blocks": 0,"Plans": [{"Node Type": "Bitmap Index Scan","Parent Relationship": "Outer","Parallel Aware": false,"Async Capable": false,"Index Name": "idx_lineitem_shipdate","Startup Cost": 0.00,"Total Cost": 6033.25,"Plan Rows": 237282,"Plan Width": 0,"Actual Startup Time": 45.354,"Actual Total Time": 45.368,"Actual Rows": 230274,"Actual Loops": 1,"Index Cond": "((l_shipdate >= '1997-07-01'::date) AND (l_shipdate < '1997-10-01 00:00:00'::timestamp without time zone))"}]}]}]},{"Node Type": "Index Scan","Parent Relationship": "Outer","Parallel Aware": false,"Async Capable": false,"Scan Direction": "Forward","Index Name": "supplier_pkey","Relation Name": "supplier","Alias": "supplier","Startup Cost": 0.29,"Total Cost": 495.43,"Plan Rows": 10000,"Plan Width": 71,"Actual Startup Time": 0.082,"Actual Total Time": 9.953,"Actual Rows": 5903,"Actual Loops": 1},{"Node Type": "Sort","Parent Relationship": "Inner","Parallel Aware": false,"Async Capable": false,"Startup Cost": 124679.64,"Total Cost": 124679.77,"Plan Rows": 50,"Plan Width": 36,"Actual Startup Time": 2116.784,"Actual Total Time": 2116.821,"Actual Rows": 1,"Actual Loops": 1,"Sort Key": ["revenue0.supplier_no"],"Sort Method": "quicksort","Sort Space Used": 25,"Sort Space Type": "Memory","Plans": [{"Node Type": "Subquery Scan","Parent Relationship": "Outer","Parallel Aware": false,"Async Capable": false,"Alias": "revenue0","Startup Cost": 124527.62,"Total Cost": 124678.23,"Plan Rows": 50,"Plan Width": 36,"Actual Startup Time": 2113.870,"Actual Total Time": 2116.736,"Actual Rows": 1,"Actual Loops": 1,"Plans": [{"Node Type": "Aggregate","Strategy": "Hashed","Partial Mode": "Simple","Parent Relationship": "Subquery","Parallel Aware": false,"Async Capable": false,"Startup Cost": 124527.62,"Total Cost": 124677.73,"Plan Rows": 50,"Plan Width": 36,"Actual Startup Time": 2113.854,"Actual Total Time": 2116.701,"Actual Rows": 1,"Actual Loops": 1,"Group Key": ["lineitem.l_suppkey"],"Filter": "(sum((lineitem.l_extendedprice * ('1'::numeric - lineitem.l_discount))) = $0)","Planned Partitions": 0,"HashAgg Batches": 1,"Peak Memory Usage": 4497,"Disk Usage": 0,"Rows Removed by Filter": 9999,"Plans": [{"Node Type": "Bitmap Heap Scan","Parent Relationship": "Outer","Parallel Aware": false,"Async Capable": false,"Relation Name": "lineitem","Alias": "lineitem","Startup Cost": 6092.57,"Total Cost": 122154.80,"Plan Rows": 237282,"Plan Width": 16,"Actual Startup Time": 54.610,"Actual Total Time": 936.260,"Actual Rows": 230274,"Actual Loops": 1,"Recheck Cond": "((l_shipdate >= '1997-07-01'::date) AND (l_shipdate < '1997-10-01 00:00:00'::timestamp without time zone))","Rows Removed by Index Recheck": 0,"Exact Heap Blocks": 67274,"Lossy Heap Blocks": 0,"Plans": [{"Node Type": "Bitmap Index Scan","Parent Relationship": "Outer","Parallel Aware": false,"Async Capable": false,"Index Name": "idx_lineitem_shipdate","Startup Cost": 0.00,"Total Cost": 6033.25,"Plan Rows": 237282,"Plan Width": 0,"Actual Startup Time": 40.982,"Actual Total Time": 41.009,"Actual Rows": 230274,"Actual Loops": 1,"Index Cond": "((l_shipdate >= '1997-07-01'::date) AND (l_shipdate < '1997-10-01 00:00:00'::timestamp without time zone))"}]}]}]}]}]},"Planning Time": 4.364,"Triggers": [],"Execution Time": 2132.001}]
[{"Plan": {"Node Type": "Merge Join","Parallel Aware": false,"Async Capable": false,"Join Type": "Inner","Startup Cost": 248589.82,"Total Cost": 249110.72,"Plan Rows": 50,"Plan Width": 103,"Actual Startup Time": 1987.373,"Actual Total Time": 1987.432,"Actual Rows": 1,"Actual Loops": 1,"Inner Unique": true,"Merge Cond": "(supplier.s_suppkey = revenue0.supplier_no)","Plans": [{"Node Type": "Aggregate","Strategy": "Plain","Partial Mode": "Simple","Parent Relationship": "InitPlan","Subplan Name": "InitPlan 1 (returns $0)","Parallel Aware": false,"Async Capable": false,"Startup Cost": 124343.84,"Total Cost": 124343.85,"Plan Rows": 1,"Plan Width": 32,"Actual Startup Time": 910.258,"Actual Total Time": 910.282,"Actual Rows": 1,"Actual Loops": 1,"Plans": [{"Node Type": "Aggregate","Strategy": "Hashed","Partial Mode": "Simple","Parent Relationship": "Outer","Parallel Aware": false,"Async Capable": false,"Startup Cost": 124093.67,"Total Cost": 124218.76,"Plan Rows": 10007,"Plan Width": 36,"Actual Startup Time": 902.249,"Actual Total Time": 909.620,"Actual Rows": 10000,"Actual Loops": 1,"Group Key": ["lineitem_1.l_suppkey"],"Planned Partitions": 0,"HashAgg Batches": 1,"Peak Memory Usage": 4497,"Disk Usage": 0,"Plans": [{"Node Type": "Bitmap Heap Scan","Parent Relationship": "Outer","Parallel Aware": false,"Async Capable": false,"Relation Name": "lineitem","Alias": "lineitem_1","Startup Cost": 5872.77,"Total Cost": 121806.51,"Plan Rows": 228716,"Plan Width": 16,"Actual Startup Time": 52.917,"Actual Total Time": 689.706,"Actual Rows": 226297,"Actual Loops": 1,"Recheck Cond": "((l_shipdate >= '1997-09-01'::date) AND (l_shipdate < '1997-12-01 00:00:00'::timestamp without time zone))","Rows Removed by Index Recheck": 0,"Exact Heap Blocks": 66850,"Lossy Heap Blocks": 0,"Plans": [{"Node Type": "Bitmap Index Scan","Parent Relationship": "Outer","Parallel Aware": false,"Async Capable": false,"Index Name": "idx_lineitem_shipdate","Startup Cost": 0.00,"Total Cost": 5815.59,"Plan Rows": 228716,"Plan Width": 0,"Actual Startup Time": 39.420,"Actual Total Time": 39.436,"Actual Rows": 226297,"Actual Loops": 1,"Index Cond": "((l_shipdate >= '1997-09-01'::date) AND (l_shipdate < '1997-12-01 00:00:00'::timestamp without time zone))"}]}]}]},{"Node Type": "Index Scan","Parent Relationship": "Outer","Parallel Aware": false,"Async Capable": false,"Scan Direction": "Forward","Index Name": "supplier_pkey","Relation Name": "supplier","Alias": "supplier","Startup Cost": 0.29,"Total Cost": 495.43,"Plan Rows": 10000,"Plan Width": 71,"Actual Startup Time": 0.106,"Actual Total Time": 8.664,"Actual Rows": 5353,"Actual Loops": 1},{"Node Type": "Sort","Parent Relationship": "Inner","Parallel Aware": false,"Async Capable": false,"Startup Cost": 124245.69,"Total Cost": 124245.81,"Plan Rows": 50,"Plan Width": 36,"Actual Startup Time": 1978.350,"Actual Total Time": 1978.371,"Actual Rows": 1,"Actual Loops": 1,"Sort Key": ["revenue0.supplier_no"],"Sort Method": "quicksort","Sort Space Used": 25,"Sort Space Type": "Memory","Plans": [{"Node Type": "Subquery Scan","Parent Relationship": "Outer","Parallel Aware": false,"Async Capable": false,"Alias": "revenue0","Startup Cost": 124093.67,"Total Cost": 124244.27,"Plan Rows": 50,"Plan Width": 36,"Actual Startup Time": 1964.852,"Actual Total Time": 1978.305,"Actual Rows": 1,"Actual Loops": 1,"Plans": [{"Node Type": "Aggregate","Strategy": "Hashed","Partial Mode": "Simple","Parent Relationship": "Subquery","Parallel Aware": false,"Async Capable": false,"Startup Cost": 124093.67,"Total Cost": 124243.77,"Plan Rows": 50,"Plan Width": 36,"Actual Startup Time": 1964.839,"Actual Total Time": 1978.262,"Actual Rows": 1,"Actual Loops": 1,"Group Key": ["lineitem.l_suppkey"],"Filter": "(sum((lineitem.l_extendedprice * ('1'::numeric - lineitem.l_discount))) = $0)","Planned Partitions": 0,"HashAgg Batches": 1,"Peak Memory Usage": 4497,"Disk Usage": 0,"Rows Removed by Filter": 9999,"Plans": [{"Node Type": "Bitmap Heap Scan","Parent Relationship": "Outer","Parallel Aware": false,"Async Capable": false,"Relation Name": "lineitem","Alias": "lineitem","Startup Cost": 5872.77,"Total Cost": 121806.51,"Plan Rows": 228716,"Plan Width": 16,"Actual Startup Time": 51.286,"Actual Total Time": 878.790,"Actual Rows": 226297,"Actual Loops": 1,"Recheck Cond": "((l_shipdate >= '1997-09-01'::date) AND (l_shipdate < '1997-12-01 00:00:00'::timestamp without time zone))","Rows Removed by Index Recheck": 0,"Exact Heap Blocks": 66850,"Lossy Heap Blocks": 0,"Plans": [{"Node Type": "Bitmap Index Scan","Parent Relationship": "Outer","Parallel Aware": false,"Async Capable": false,"Index Name": "idx_lineitem_shipdate","Startup Cost": 0.00,"Total Cost": 5815.59,"Plan Rows": 228716,"Plan Width": 0,"Actual Startup Time": 37.772,"Actual Total Time": 37.772,"Actual Rows": 226297,"Actual Loops": 1,"Index Cond": "((l_shipdate >= '1997-09-01'::date) AND (l_shipdate < '1997-12-01 00:00:00'::timestamp without time zone))"}]}]}]}]}]},"Planning Time": 4.702,"Triggers": [],"Execution Time": 1993.549}]
[{"Plan": {"Node Type": "Merge Join","Parallel Aware": false,"Async Capable": false,"Join Type": "Inner","Startup Cost": 249118.89,"Total Cost": 249639.79,"Plan Rows": 50,"Plan Width": 103,"Actual Startup Time": 2101.709,"Actual Total Time": 2101.748,"Actual Rows": 1,"Actual Loops": 1,"Inner Unique": true,"Merge Cond": "(supplier.s_suppkey = revenue0.supplier_no)","Plans": [{"Node Type": "Aggregate","Strategy": "Plain","Partial Mode": "Simple","Parent Relationship": "InitPlan","Subplan Name": "InitPlan 1 (returns $0)","Parallel Aware": false,"Async Capable": false,"Startup Cost": 124608.38,"Total Cost": 124608.39,"Plan Rows": 1,"Plan Width": 32,"Actual Startup Time": 954.180,"Actual Total Time": 954.190,"Actual Rows": 1,"Actual Loops": 1,"Plans": [{"Node Type": "Aggregate","Strategy": "Hashed","Partial Mode": "Simple","Parent Relationship": "Outer","Parallel Aware": false,"Async Capable": false,"Startup Cost": 124358.20,"Total Cost": 124483.29,"Plan Rows": 10007,"Plan Width": 36,"Actual Startup Time": 944.717,"Actual Total Time": 953.609,"Actual Rows": 10000,"Actual Loops": 1,"Group Key": ["lineitem_1.l_suppkey"],"Planned Partitions": 0,"HashAgg Batches": 1,"Peak Memory Usage": 4497,"Disk Usage": 0,"Plans": [{"Node Type": "Bitmap Heap Scan","Parent Relationship": "Outer","Parallel Aware": false,"Async Capable": false,"Relation Name": "lineitem","Alias": "lineitem_1","Startup Cost": 6006.43,"Total Cost": 122018.70,"Plan Rows": 233951,"Plan Width": 16,"Actual Startup Time": 66.327,"Actual Total Time": 795.231,"Actual Rows": 229338,"Actual Loops": 1,"Recheck Cond": "((l_shipdate >= '1993-07-01'::date) AND (l_shipdate < '1993-10-01 00:00:00'::timestamp without time zone))","Rows Removed by Index Recheck": 0,"Exact Heap Blocks": 67061,"Lossy Heap Blocks": 0,"Plans": [{"Node Type": "Bitmap Index Scan","Parent Relationship": "Outer","Parallel Aware": false,"Async Capable": false,"Index Name": "idx_lineitem_shipdate","Startup Cost": 0.00,"Total Cost": 5947.94,"Plan Rows": 233951,"Plan Width": 0,"Actual Startup Time": 52.411,"Actual Total Time": 52.417,"Actual Rows": 229338,"Actual Loops": 1,"Index Cond": "((l_shipdate >= '1993-07-01'::date) AND (l_shipdate < '1993-10-01 00:00:00'::timestamp without time zone))"}]}]}]},{"Node Type": "Index Scan","Parent Relationship": "Outer","Parallel Aware": false,"Async Capable": false,"Scan Direction": "Forward","Index Name": "supplier_pkey","Relation Name": "supplier","Alias": "supplier","Startup Cost": 0.29,"Total Cost": 495.43,"Plan Rows": 10000,"Plan Width": 71,"Actual Startup Time": 0.105,"Actual Total Time": 12.941,"Actual Rows": 8280,"Actual Loops": 1},{"Node Type": "Sort","Parent Relationship": "Inner","Parallel Aware": false,"Async Capable": false,"Startup Cost": 124510.22,"Total Cost": 124510.34,"Plan Rows": 50,"Plan Width": 36,"Actual Startup Time": 2088.290,"Actual Total Time": 2088.302,"Actual Rows": 1,"Actual Loops": 1,"Sort Key": ["revenue0.supplier_no"],"Sort Method": "quicksort","Sort Space Used": 25,"Sort Space Type": "Memory","Plans": [{"Node Type": "Subquery Scan","Parent Relationship": "Outer","Parallel Aware": false,"Async Capable": false,"Alias": "revenue0","Startup Cost": 124358.20,"Total Cost": 124508.81,"Plan Rows": 50,"Plan Width": 36,"Actual Startup Time": 2064.473,"Actual Total Time": 2088.234,"Actual Rows": 1,"Actual Loops": 1,"Plans": [{"Node Type": "Aggregate","Strategy": "Hashed","Partial Mode": "Simple","Parent Relationship": "Subquery","Parallel Aware": false,"Async Capable": false,"Startup Cost": 124358.20,"Total Cost": 124508.31,"Plan Rows": 50,"Plan Width": 36,"Actual Startup Time": 2064.468,"Actual Total Time": 2088.223,"Actual Rows": 1,"Actual Loops": 1,"Group Key": ["lineitem.l_suppkey"],"Filter": "(sum((lineitem.l_extendedprice * ('1'::numeric - lineitem.l_discount))) = $0)","Planned Partitions": 0,"HashAgg Batches": 1,"Peak Memory Usage": 4497,"Disk Usage": 0,"Rows Removed by Filter": 9999,"Plans": [{"Node Type": "Bitmap Heap Scan","Parent Relationship": "Outer","Parallel Aware": false,"Async Capable": false,"Relation Name": "lineitem","Alias": "lineitem","Startup Cost": 6006.43,"Total Cost": 122018.70,"Plan Rows": 233951,"Plan Width": 16,"Actual Startup Time": 62.518,"Actual Total Time": 939.412,"Actual Rows": 229338,"Actual Loops": 1,"Recheck Cond": "((l_shipdate >= '1993-07-01'::date) AND (l_shipdate < '1993-10-01 00:00:00'::timestamp without time zone))","Rows Removed by Index Recheck": 0,"Exact Heap Blocks": 67061,"Lossy Heap Blocks": 0,"Plans": [{"Node Type": "Bitmap Index Scan","Parent Relationship": "Outer","Parallel Aware": false,"Async Capable": false,"Index Name": "idx_lineitem_shipdate","Startup Cost": 0.00,"Total Cost": 5947.94,"Plan Rows": 233951,"Plan Width": 0,"Actual Startup Time": 48.803,"Actual Total Time": 48.804,"Actual Rows": 229338,"Actual Loops": 1,"Index Cond": "((l_shipdate >= '1993-07-01'::date) AND (l_shipdate < '1993-10-01 00:00:00'::timestamp without time zone))"}]}]}]}]}]},"Planning Time": 4.394,"Triggers": [],"Execution Time": 2106.441}]
[{"Plan": {"Node Type": "Merge Join","Parallel Aware": false,"Async Capable": false,"Join Type": "Inner","Startup Cost": 249067.58,"Total Cost": 249588.48,"Plan Rows": 50,"Plan Width": 103,"Actual Startup Time": 1943.314,"Actual Total Time": 1943.349,"Actual Rows": 1,"Actual Loops": 1,"Inner Unique": true,"Merge Cond": "(supplier.s_suppkey = revenue0.supplier_no)","Plans": [{"Node Type": "Aggregate","Strategy": "Plain","Partial Mode": "Simple","Parent Relationship": "InitPlan","Subplan Name": "InitPlan 1 (returns $0)","Parallel Aware": false,"Async Capable": false,"Startup Cost": 124582.72,"Total Cost": 124582.73,"Plan Rows": 1,"Plan Width": 32,"Actual Startup Time": 848.418,"Actual Total Time": 848.429,"Actual Rows": 1,"Actual Loops": 1,"Plans": [{"Node Type": "Aggregate","Strategy": "Hashed","Partial Mode": "Simple","Parent Relationship": "Outer","Parallel Aware": false,"Async Capable": false,"Startup Cost": 124332.55,"Total Cost": 124457.64,"Plan Rows": 10007,"Plan Width": 36,"Actual Startup Time": 837.964,"Actual Total Time": 847.834,"Actual Rows": 10000,"Actual Loops": 1,"Group Key": ["lineitem_1.l_suppkey"],"Planned Partitions": 0,"HashAgg Batches": 1,"Peak Memory Usage": 4497,"Disk Usage": 0,"Plans": [{"Node Type": "Bitmap Heap Scan","Parent Relationship": "Outer","Parallel Aware": false,"Async Capable": false,"Relation Name": "lineitem","Alias": "lineitem_1","Startup Cost": 5993.30,"Total Cost": 121998.05,"Plan Rows": 233450,"Plan Width": 16,"Actual Startup Time": 50.617,"Actual Total Time": 672.114,"Actual Rows": 230363,"Actual Loops": 1,"Recheck Cond": "((l_shipdate >= '1995-05-01'::date) AND (l_shipdate < '1995-08-01 00:00:00'::timestamp without time zone))","Rows Removed by Index Recheck": 0,"Exact Heap Blocks": 67561,"Lossy Heap Blocks": 0,"Plans": [{"Node Type": "Bitmap Index Scan","Parent Relationship": "Outer","Parallel Aware": false,"Async Capable": false,"Index Name": "idx_lineitem_shipdate","Startup Cost": 0.00,"Total Cost": 5934.93,"Plan Rows": 233450,"Plan Width": 0,"Actual Startup Time": 37.100,"Actual Total Time": 37.103,"Actual Rows": 230363,"Actual Loops": 1,"Index Cond": "((l_shipdate >= '1995-05-01'::date) AND (l_shipdate < '1995-08-01 00:00:00'::timestamp without time zone))"}]}]}]},{"Node Type": "Index Scan","Parent Relationship": "Outer","Parallel Aware": false,"Async Capable": false,"Scan Direction": "Forward","Index Name": "supplier_pkey","Relation Name": "supplier","Alias": "supplier","Startup Cost": 0.29,"Total Cost": 495.43,"Plan Rows": 10000,"Plan Width": 71,"Actual Startup Time": 0.105,"Actual Total Time": 6.996,"Actual Rows": 4313,"Actual Loops": 1},{"Node Type": "Sort","Parent Relationship": "Inner","Parallel Aware": false,"Async Capable": false,"Startup Cost": 124484.57,"Total Cost": 124484.69,"Plan Rows": 50,"Plan Width": 36,"Actual Startup Time": 1936.037,"Actual Total Time": 1936.050,"Actual Rows": 1,"Actual Loops": 1,"Sort Key": ["revenue0.supplier_no"],"Sort Method": "quicksort","Sort Space Used": 25,"Sort Space Type": "Memory","Plans": [{"Node Type": "Subquery Scan","Parent Relationship": "Outer","Parallel Aware": false,"Async Capable": false,"Alias": "revenue0","Startup Cost": 124332.55,"Total Cost": 124483.15,"Plan Rows": 50,"Plan Width": 36,"Actual Startup Time": 1918.349,"Actual Total Time": 1936.015,"Actual Rows": 1,"Actual Loops": 1,"Plans": [{"Node Type": "Aggregate","Strategy": "Hashed","Partial Mode": "Simple","Parent Relationship": "Subquery","Parallel Aware": false,"Async Capable": false,"Startup Cost": 124332.55,"Total Cost": 124482.65,"Plan Rows": 50,"Plan Width": 36,"Actual Startup Time": 1918.345,"Actual Total Time": 1936.006,"Actual Rows": 1,"Actual Loops": 1,"Group Key": ["lineitem.l_suppkey"],"Filter": "(sum((lineitem.l_extendedprice * ('1'::numeric - lineitem.l_discount))) = $0)","Planned Partitions": 0,"HashAgg Batches": 1,"Peak Memory Usage": 4497,"Disk Usage": 0,"Rows Removed by Filter": 9999,"Plans": [{"Node Type": "Bitmap Heap Scan","Parent Relationship": "Outer","Parallel Aware": false,"Async Capable": false,"Relation Name": "lineitem","Alias": "lineitem","Startup Cost": 5993.30,"Total Cost": 121998.05,"Plan Rows": 233450,"Plan Width": 16,"Actual Startup Time": 50.872,"Actual Total Time": 888.924,"Actual Rows": 230363,"Actual Loops": 1,"Recheck Cond": "((l_shipdate >= '1995-05-01'::date) AND (l_shipdate < '1995-08-01 00:00:00'::timestamp without time zone))","Rows Removed by Index Recheck": 0,"Exact Heap Blocks": 67561,"Lossy Heap Blocks": 0,"Plans": [{"Node Type": "Bitmap Index Scan","Parent Relationship": "Outer","Parallel Aware": false,"Async Capable": false,"Index Name": "idx_lineitem_shipdate","Startup Cost": 0.00,"Total Cost": 5934.93,"Plan Rows": 233450,"Plan Width": 0,"Actual Startup Time": 37.359,"Actual Total Time": 37.360,"Actual Rows": 230363,"Actual Loops": 1,"Index Cond": "((l_shipdate >= '1995-05-01'::date) AND (l_shipdate < '1995-08-01 00:00:00'::timestamp without time zone))"}]}]}]}]}]},"Planning Time": 4.245,"Triggers": [],"Execution Time": 1946.397}]
[{"Plan": {"Node Type": "Merge Join","Parallel Aware": false,"Async Capable": false,"Join Type": "Inner","Startup Cost": 248983.50,"Total Cost": 249504.39,"Plan Rows": 50,"Plan Width": 103,"Actual Startup Time": 1938.743,"Actual Total Time": 1938.793,"Actual Rows": 1,"Actual Loops": 1,"Inner Unique": true,"Merge Cond": "(supplier.s_suppkey = revenue0.supplier_no)","Plans": [{"Node Type": "Aggregate","Strategy": "Plain","Partial Mode": "Simple","Parent Relationship": "InitPlan","Subplan Name": "InitPlan 1 (returns $0)","Parallel Aware": false,"Async Capable": false,"Startup Cost": 124540.68,"Total Cost": 124540.69,"Plan Rows": 1,"Plan Width": 32,"Actual Startup Time": 839.155,"Actual Total Time": 839.170,"Actual Rows": 1,"Actual Loops": 1,"Plans": [{"Node Type": "Aggregate","Strategy": "Hashed","Partial Mode": "Simple","Parent Relationship": "Outer","Parallel Aware": false,"Async Capable": false,"Startup Cost": 124290.50,"Total Cost": 124415.59,"Plan Rows": 10007,"Plan Width": 36,"Actual Startup Time": 829.011,"Actual Total Time": 838.572,"Actual Rows": 10000,"Actual Loops": 1,"Group Key": ["lineitem_1.l_suppkey"],"Planned Partitions": 0,"HashAgg Batches": 1,"Peak Memory Usage": 4497,"Disk Usage": 0,"Plans": [{"Node Type": "Bitmap Heap Scan","Parent Relationship": "Outer","Parallel Aware": false,"Async Capable": false,"Relation Name": "lineitem","Alias": "lineitem_1","Startup Cost": 5640.16,"Total Cost": 122093.70,"Plan Rows": 219681,"Plan Width": 16,"Actual Startup Time": 57.904,"Actual Total Time": 668.211,"Actual Rows": 225815,"Actual Loops": 1,"Recheck Cond": "((l_shipdate >= '1996-12-01'::date) AND (l_shipdate < '1997-03-01 00:00:00'::timestamp without time zone))","Rows Removed by Index Recheck": 0,"Exact Heap Blocks": 66669,"Lossy Heap Blocks": 0,"Plans": [{"Node Type": "Bitmap Index Scan","Parent Relationship": "Outer","Parallel Aware": false,"Async Capable": false,"Index Name": "idx_lineitem_shipdate","Startup Cost": 0.00,"Total Cost": 5585.24,"Plan Rows": 219681,"Plan Width": 0,"Actual Startup Time": 44.432,"Actual Total Time": 44.435,"Actual Rows": 225815,"Actual Loops": 1,"Index Cond": "((l_shipdate >= '1996-12-01'::date) AND (l_shipdate < '1997-03-01 00:00:00'::timestamp without time zone))"}]}]}]},{"Node Type": "Index Scan","Parent Relationship": "Outer","Parallel Aware": false,"Async Capable": false,"Scan Direction": "Forward","Index Name": "supplier_pkey","Relation Name": "supplier","Alias": "supplier","Startup Cost": 0.29,"Total Cost": 495.43,"Plan Rows": 10000,"Plan Width": 71,"Actual Startup Time": 0.092,"Actual Total Time": 9.144,"Actual Rows": 5992,"Actual Loops": 1},{"Node Type": "Sort","Parent Relationship": "Inner","Parallel Aware": false,"Async Capable": false,"Startup Cost": 124442.52,"Total Cost": 124442.65,"Plan Rows": 50,"Plan Width": 36,"Actual Startup Time": 1929.238,"Actual Total Time": 1929.255,"Actual Rows": 1,"Actual Loops": 1,"Sort Key": ["revenue0.supplier_no"],"Sort Method": "quicksort","Sort Space Used": 25,"Sort Space Type": "Memory","Plans": [{"Node Type": "Subquery Scan","Parent Relationship": "Outer","Parallel Aware": false,"Async Capable": false,"Alias": "revenue0","Startup Cost": 124290.50,"Total Cost": 124441.11,"Plan Rows": 50,"Plan Width": 36,"Actual Startup Time": 1899.450,"Actual Total Time": 1929.215,"Actual Rows": 1,"Actual Loops": 1,"Plans": [{"Node Type": "Aggregate","Strategy": "Hashed","Partial Mode": "Simple","Parent Relationship": "Subquery","Parallel Aware": false,"Async Capable": false,"Startup Cost": 124290.50,"Total Cost": 124440.61,"Plan Rows": 50,"Plan Width": 36,"Actual Startup Time": 1899.446,"Actual Total Time": 1929.206,"Actual Rows": 1,"Actual Loops": 1,"Group Key": ["lineitem.l_suppkey"],"Filter": "(sum((lineitem.l_extendedprice * ('1'::numeric - lineitem.l_discount))) = $0)","Planned Partitions": 0,"HashAgg Batches": 1,"Peak Memory Usage": 4497,"Disk Usage": 0,"Rows Removed by Filter": 9999,"Plans": [{"Node Type": "Bitmap Heap Scan","Parent Relationship": "Outer","Parallel Aware": false,"Async Capable": false,"Relation Name": "lineitem","Alias": "lineitem","Startup Cost": 5640.16,"Total Cost": 122093.70,"Plan Rows": 219681,"Plan Width": 16,"Actual Startup Time": 57.890,"Actual Total Time": 893.942,"Actual Rows": 225815,"Actual Loops": 1,"Recheck Cond": "((l_shipdate >= '1996-12-01'::date) AND (l_shipdate < '1997-03-01 00:00:00'::timestamp without time zone))","Rows Removed by Index Recheck": 0,"Exact Heap Blocks": 66669,"Lossy Heap Blocks": 0,"Plans": [{"Node Type": "Bitmap Index Scan","Parent Relationship": "Outer","Parallel Aware": false,"Async Capable": false,"Index Name": "idx_lineitem_shipdate","Startup Cost": 0.00,"Total Cost": 5585.24,"Plan Rows": 219681,"Plan Width": 0,"Actual Startup Time": 44.501,"Actual Total Time": 44.501,"Actual Rows": 225815,"Actual Loops": 1,"Index Cond": "((l_shipdate >= '1996-12-01'::date) AND (l_shipdate < '1997-03-01 00:00:00'::timestamp without time zone))"}]}]}]}]}]},"Planning Time": 4.317,"Triggers": [],"Execution Time": 1941.817}]
[{"Plan": {"Node Type": "Merge Join","Parallel Aware": false,"Async Capable": false,"Join Type": "Inner","Startup Cost": 248749.22,"Total Cost": 249270.12,"Plan Rows": 50,"Plan Width": 103,"Actual Startup Time": 1931.389,"Actual Total Time": 1931.417,"Actual Rows": 1,"Actual Loops": 1,"Inner Unique": true,"Merge Cond": "(supplier.s_suppkey = revenue0.supplier_no)","Plans": [{"Node Type": "Aggregate","Strategy": "Plain","Partial Mode": "Simple","Parent Relationship": "InitPlan","Subplan Name": "InitPlan 1 (returns $0)","Parallel Aware": false,"Async Capable": false,"Startup Cost": 124423.54,"Total Cost": 124423.55,"Plan Rows": 1,"Plan Width": 32,"Actual Startup Time": 829.182,"Actual Total Time": 829.192,"Actual Rows": 1,"Actual Loops": 1,"Plans": [{"Node Type": "Aggregate","Strategy": "Hashed","Partial Mode": "Simple","Parent Relationship": "Outer","Parallel Aware": false,"Async Capable": false,"Startup Cost": 124173.37,"Total Cost": 124298.46,"Plan Rows": 10007,"Plan Width": 36,"Actual Startup Time": 816.902,"Actual Total Time": 828.607,"Actual Rows": 10000,"Actual Loops": 1,"Group Key": ["lineitem_1.l_suppkey"],"Planned Partitions": 0,"HashAgg Batches": 1,"Peak Memory Usage": 4497,"Disk Usage": 0,"Plans": [{"Node Type": "Bitmap Heap Scan","Parent Relationship": "Outer","Parallel Aware": false,"Async Capable": false,"Relation Name": "lineitem","Alias": "lineitem_1","Startup Cost": 5912.97,"Total Cost": 121870.41,"Plan Rows": 230296,"Plan Width": 16,"Actual Startup Time": 50.257,"Actual Total Time": 644.900,"Actual Rows": 230072,"Actual Loops": 1,"Recheck Cond": "((l_shipdate >= '1995-10-01'::date) AND (l_shipdate < '1996-01-01 00:00:00'::timestamp without time zone))","Rows Removed by Index Recheck": 0,"Exact Heap Blocks": 67245,"Lossy Heap Blocks": 0,"Plans": [{"Node Type": "Bitmap Index Scan","Parent Relationship": "Outer","Parallel Aware": false,"Async Capable": false,"Index Name": "idx_lineitem_shipdate","Startup Cost": 0.00,"Total Cost": 5855.39,"Plan Rows": 230296,"Plan Width": 0,"Actual Startup Time": 36.768,"Actual Total Time": 36.770,"Actual Rows": 230072,"Actual Loops": 1,"Index Cond": "((l_shipdate >= '1995-10-01'::date) AND (l_shipdate < '1996-01-01 00:00:00'::timestamp without time zone))"}]}]}]},{"Node Type": "Index Scan","Parent Relationship": "Outer","Parallel Aware": false,"Async Capable": false,"Scan Direction": "Forward","Index Name": "supplier_pkey","Relation Name": "supplier","Alias": "supplier","Startup Cost": 0.29,"Total Cost": 495.43,"Plan Rows": 10000,"Plan Width": 71,"Actual Startup Time": 0.086,"Actual Total Time": 4.053,"Actual Rows": 2388,"Actual Loops": 1},{"Node Type": "Sort","Parent Relationship": "Inner","Parallel Aware": false,"Async Capable": false,"Startup Cost": 124325.38,"Total Cost": 124325.51,"Plan Rows": 50,"Plan Width": 36,"Actual Startup Time": 1927.160,"Actual Total Time": 1927.170,"Actual Rows": 1,"Actual Loops": 1,"Sort Key": ["revenue0.supplier_no"],"Sort Method": "quicksort","Sort Space Used": 25,"Sort Space Type": "Memory","Plans": [{"Node Type": "Subquery Scan","Parent Relationship": "Outer","Parallel Aware": false,"Async Capable": false,"Alias": "revenue0","Startup Cost": 124173.37,"Total Cost": 124323.97,"Plan Rows": 50,"Plan Width": 36,"Actual Startup Time": 1921.461,"Actual Total Time": 1927.124,"Actual Rows": 1,"Actual Loops": 1,"Plans": [{"Node Type": "Aggregate","Strategy": "Hashed","Partial Mode": "Simple","Parent Relationship": "Subquery","Parallel Aware": false,"Async Capable": false,"Startup Cost": 124173.37,"Total Cost": 124323.47,"Plan Rows": 50,"Plan Width": 36,"Actual Startup Time": 1921.452,"Actual Total Time": 1927.108,"Actual Rows": 1,"Actual Loops": 1,"Group Key": ["lineitem.l_suppkey"],"Filter": "(sum((lineitem.l_extendedprice * ('1'::numeric - lineitem.l_discount))) = $0)","Planned Partitions": 0,"HashAgg Batches": 1,"Peak Memory Usage": 4497,"Disk Usage": 0,"Rows Removed by Filter": 9999,"Plans": [{"Node Type": "Bitmap Heap Scan","Parent Relationship": "Outer","Parallel Aware": false,"Async Capable": false,"Relation Name": "lineitem","Alias": "lineitem","Startup Cost": 5912.97,"Total Cost": 121870.41,"Plan Rows": 230296,"Plan Width": 16,"Actual Startup Time": 50.046,"Actual Total Time": 890.624,"Actual Rows": 230072,"Actual Loops": 1,"Recheck Cond": "((l_shipdate >= '1995-10-01'::date) AND (l_shipdate < '1996-01-01 00:00:00'::timestamp without time zone))","Rows Removed by Index Recheck": 0,"Exact Heap Blocks": 67245,"Lossy Heap Blocks": 0,"Plans": [{"Node Type": "Bitmap Index Scan","Parent Relationship": "Outer","Parallel Aware": false,"Async Capable": false,"Index Name": "idx_lineitem_shipdate","Startup Cost": 0.00,"Total Cost": 5855.39,"Plan Rows": 230296,"Plan Width": 0,"Actual Startup Time": 36.694,"Actual Total Time": 36.694,"Actual Rows": 230072,"Actual Loops": 1,"Index Cond": "((l_shipdate >= '1995-10-01'::date) AND (l_shipdate < '1996-01-01 00:00:00'::timestamp without time zone))"}]}]}]}]}]},"Planning Time": 4.561,"Triggers": [],"Execution Time": 1934.601}]
[{"Plan": {"Node Type": "Merge Join","Parallel Aware": false,"Async Capable": false,"Join Type": "Inner","Startup Cost": 248219.14,"Total Cost": 248740.03,"Plan Rows": 50,"Plan Width": 103,"Actual Startup Time": 2054.866,"Actual Total Time": 2054.924,"Actual Rows": 1,"Actual Loops": 1,"Inner Unique": true,"Merge Cond": "(supplier.s_suppkey = revenue0.supplier_no)","Plans": [{"Node Type": "Aggregate","Strategy": "Plain","Partial Mode": "Simple","Parent Relationship": "InitPlan","Subplan Name": "InitPlan 1 (returns $0)","Parallel Aware": false,"Async Capable": false,"Startup Cost": 124158.50,"Total Cost": 124158.51,"Plan Rows": 1,"Plan Width": 32,"Actual Startup Time": 912.132,"Actual Total Time": 912.157,"Actual Rows": 1,"Actual Loops": 1,"Plans": [{"Node Type": "Aggregate","Strategy": "Hashed","Partial Mode": "Simple","Parent Relationship": "Outer","Parallel Aware": false,"Async Capable": false,"Startup Cost": 123908.32,"Total Cost": 124033.41,"Plan Rows": 10007,"Plan Width": 36,"Actual Startup Time": 904.470,"Actual Total Time": 911.507,"Actual Rows": 10000,"Actual Loops": 1,"Group Key": ["lineitem_1.l_suppkey"],"Planned Partitions": 0,"HashAgg Batches": 1,"Peak Memory Usage": 4497,"Disk Usage": 0,"Plans": [{"Node Type": "Bitmap Heap Scan","Parent Relationship": "Outer","Parallel Aware": false,"Async Capable": false,"Relation Name": "lineitem","Alias": "lineitem_1","Startup Cost": 5778.58,"Total Cost": 121658.43,"Plan Rows": 224990,"Plan Width": 16,"Actual Startup Time": 51.201,"Actual Total Time": 704.457,"Actual Rows": 225954,"Actual Loops": 1,"Recheck Cond": "((l_shipdate >= '1996-01-01'::date) AND (l_shipdate < '1996-04-01 00:00:00'::timestamp without time zone))","Rows Removed by Index Recheck": 0,"Exact Heap Blocks": 66894,"Lossy Heap Blocks": 0,"Plans": [{"Node Type": "Bitmap Index Scan","Parent Relationship": "Outer","Parallel Aware": false,"Async Capable": false,"Index Name": "idx_lineitem_shipdate","Startup Cost": 0.00,"Total Cost": 5722.33,"Plan Rows": 224990,"Plan Width": 0,"Actual Startup Time": 37.658,"Actual Total Time": 37.675,"Actual Rows": 225954,"Actual Loops": 1,"Index Cond": "((l_shipdate >= '1996-01-01'::date) AND (l_shipdate < '1996-04-01 00:00:00'::timestamp without time zone))"}]}]}]},{"Node Type": "Index Scan","Parent Relationship": "Outer","Parallel Aware": false,"Async Capable": false,"Scan Direction": "Forward","Index Name": "supplier_pkey","Relation Name": "supplier","Alias": "supplier","Startup Cost": 0.29,"Total Cost": 495.43,"Plan Rows": 10000,"Plan Width": 71,"Actual Startup Time": 0.122,"Actual Total Time": 14.191,"Actual Rows": 8450,"Actual Loops": 1},{"Node Type": "Sort","Parent Relationship": "Inner","Parallel Aware": false,"Async Capable": false,"Startup Cost": 124060.34,"Total Cost": 124060.47,"Plan Rows": 50,"Plan Width": 36,"Actual Startup Time": 2040.148,"Actual Total Time": 2040.163,"Actual Rows": 1,"Actual Loops": 1,"Sort Key": ["revenue0.supplier_no"],"Sort Method": "quicksort","Sort Space Used": 25,"Sort Space Type": "Memory","Plans": [{"Node Type": "Subquery Scan","Parent Relationship": "Outer","Parallel Aware": false,"Async Capable": false,"Alias": "revenue0","Startup Cost": 123908.32,"Total Cost": 124058.93,"Plan Rows": 50,"Plan Width": 36,"Actual Startup Time": 2033.928,"Actual Total Time": 2040.084,"Actual Rows": 1,"Actual Loops": 1,"Plans": [{"Node Type": "Aggregate","Strategy": "Hashed","Partial Mode": "Simple","Parent Relationship": "Subquery","Parallel Aware": false,"Async Capable": false,"Startup Cost": 123908.32,"Total Cost": 124058.43,"Plan Rows": 50,"Plan Width": 36,"Actual Startup Time": 2033.913,"Actual Total Time": 2040.046,"Actual Rows": 1,"Actual Loops": 1,"Group Key": ["lineitem.l_suppkey"],"Filter": "(sum((lineitem.l_extendedprice * ('1'::numeric - lineitem.l_discount))) = $0)","Planned Partitions": 0,"HashAgg Batches": 1,"Peak Memory Usage": 4497,"Disk Usage": 0,"Rows Removed by Filter": 9999,"Plans": [{"Node Type": "Bitmap Heap Scan","Parent Relationship": "Outer","Parallel Aware": false,"Async Capable": false,"Relation Name": "lineitem","Alias": "lineitem","Startup Cost": 5778.58,"Total Cost": 121658.43,"Plan Rows": 224990,"Plan Width": 16,"Actual Startup Time": 51.509,"Actual Total Time": 899.433,"Actual Rows": 225954,"Actual Loops": 1,"Recheck Cond": "((l_shipdate >= '1996-01-01'::date) AND (l_shipdate < '1996-04-01 00:00:00'::timestamp without time zone))","Rows Removed by Index Recheck": 0,"Exact Heap Blocks": 66894,"Lossy Heap Blocks": 0,"Plans": [{"Node Type": "Bitmap Index Scan","Parent Relationship": "Outer","Parallel Aware": false,"Async Capable": false,"Index Name": "idx_lineitem_shipdate","Startup Cost": 0.00,"Total Cost": 5722.33,"Plan Rows": 224990,"Plan Width": 0,"Actual Startup Time": 38.031,"Actual Total Time": 38.032,"Actual Rows": 225954,"Actual Loops": 1,"Index Cond": "((l_shipdate >= '1996-01-01'::date) AND (l_shipdate < '1996-04-01 00:00:00'::timestamp without time zone))"}]}]}]}]}]},"Planning Time": 4.188,"Triggers": [],"Execution Time": 2060.031}]
[{"Plan": {"Node Type": "Merge Join","Parallel Aware": false,"Async Capable": false,"Join Type": "Inner","Startup Cost": 248950.69,"Total Cost": 249471.59,"Plan Rows": 50,"Plan Width": 103,"Actual Startup Time": 2077.217,"Actual Total Time": 2077.254,"Actual Rows": 1,"Actual Loops": 1,"Inner Unique": true,"Merge Cond": "(supplier.s_suppkey = revenue0.supplier_no)","Plans": [{"Node Type": "Aggregate","Strategy": "Plain","Partial Mode": "Simple","Parent Relationship": "InitPlan","Subplan Name": "InitPlan 1 (returns $0)","Parallel Aware": false,"Async Capable": false,"Startup Cost": 124524.28,"Total Cost": 124524.29,"Plan Rows": 1,"Plan Width": 32,"Actual Startup Time": 944.226,"Actual Total Time": 944.239,"Actual Rows": 1,"Actual Loops": 1,"Plans": [{"Node Type": "Aggregate","Strategy": "Hashed","Partial Mode": "Simple","Parent Relationship": "Outer","Parallel Aware": false,"Async Capable": false,"Startup Cost": 124274.10,"Total Cost": 124399.19,"Plan Rows": 10007,"Plan Width": 36,"Actual Startup Time": 935.667,"Actual Total Time": 943.640,"Actual Rows": 10000,"Actual Loops": 1,"Group Key": ["lineitem_1.l_suppkey"],"Planned Partitions": 0,"HashAgg Batches": 1,"Peak Memory Usage": 4497,"Disk Usage": 0,"Plans": [{"Node Type": "Bitmap Heap Scan","Parent Relationship": "Outer","Parallel Aware": false,"Async Capable": false,"Relation Name": "lineitem","Alias": "lineitem_1","Startup Cost": 5964.95,"Total Cost": 121951.64,"Plan Rows": 232246,"Plan Width": 16,"Actual Startup Time": 58.195,"Actual Total Time": 787.901,"Actual Rows": 228485,"Actual Loops": 1,"Recheck Cond": "((l_shipdate >= '1994-10-01'::date) AND (l_shipdate < '1995-01-01 00:00:00'::timestamp without time zone))","Rows Removed by Index Recheck": 0,"Exact Heap Blocks": 67254,"Lossy Heap Blocks": 0,"Plans": [{"Node Type": "Bitmap Index Scan","Parent Relationship": "Outer","Parallel Aware": false,"Async Capable": false,"Index Name": "idx_lineitem_shipdate","Startup Cost": 0.00,"Total Cost": 5906.89,"Plan Rows": 232246,"Plan Width": 0,"Actual Startup Time": 44.283,"Actual Total Time": 44.290,"Actual Rows": 228485,"Actual Loops": 1,"Index Cond": "((l_shipdate >= '1994-10-01'::date) AND (l_shipdate < '1995-01-01 00:00:00'::timestamp without time zone))"}]}]}]},{"Node Type": "Index Scan","Parent Relationship": "Outer","Parallel Aware": false,"Async Capable": false,"Scan Direction": "Forward","Index Name": "supplier_pkey","Relation Name": "supplier","Alias": "supplier","Startup Cost": 0.29,"Total Cost": 495.43,"Plan Rows": 10000,"Plan Width": 71,"Actual Startup Time": 0.119,"Actual Total Time": 5.877,"Actual Rows": 3489,"Actual Loops": 1},{"Node Type": "Sort","Parent Relationship": "Inner","Parallel Aware": false,"Async Capable": false,"Startup Cost": 124426.12,"Total Cost": 124426.24,"Plan Rows": 50,"Plan Width": 36,"Actual Startup Time": 2071.109,"Actual Total Time": 2071.122,"Actual Rows": 1,"Actual Loops": 1,"Sort Key": ["revenue0.supplier_no"],"Sort Method": "quicksort","Sort Space Used": 25,"Sort Space Type": "Memory","Plans": [{"Node Type": "Subquery Scan","Parent Relationship": "Outer","Parallel Aware": false,"Async Capable": false,"Alias": "revenue0","Startup Cost": 124274.10,"Total Cost": 124424.71,"Plan Rows": 50,"Plan Width": 36,"Actual Startup Time": 2068.547,"Actual Total Time": 2071.053,"Actual Rows": 1,"Actual Loops": 1,"Plans": [{"Node Type": "Aggregate","Strategy": "Hashed","Partial Mode": "Simple","Parent Relationship": "Subquery","Parallel Aware": false,"Async Capable": false,"Startup Cost": 124274.10,"Total Cost": 124424.21,"Plan Rows": 50,"Plan Width": 36,"Actual Startup Time": 2068.539,"Actual Total Time": 2071.037,"Actual Rows": 1,"Actual Loops": 1,"Group Key": ["lineitem.l_suppkey"],"Filter": "(sum((lineitem.l_extendedprice * ('1'::numeric - lineitem.l_discount))) = $0)","Planned Partitions": 0,"HashAgg Batches": 1,"Peak Memory Usage": 4497,"Disk Usage": 0,"Rows Removed by Filter": 9999,"Plans": [{"Node Type": "Bitmap Heap Scan","Parent Relationship": "Outer","Parallel Aware": false,"Async Capable": false,"Relation Name": "lineitem","Alias": "lineitem","Startup Cost": 5964.95,"Total Cost": 121951.64,"Plan Rows": 232246,"Plan Width": 16,"Actual Startup Time": 55.484,"Actual Total Time": 929.289,"Actual Rows": 228485,"Actual Loops": 1,"Recheck Cond": "((l_shipdate >= '1994-10-01'::date) AND (l_shipdate < '1995-01-01 00:00:00'::timestamp without time zone))","Rows Removed by Index Recheck": 0,"Exact Heap Blocks": 67254,"Lossy Heap Blocks": 0,"Plans": [{"Node Type": "Bitmap Index Scan","Parent Relationship": "Outer","Parallel Aware": false,"Async Capable": false,"Index Name": "idx_lineitem_shipdate","Startup Cost": 0.00,"Total Cost": 5906.89,"Plan Rows": 232246,"Plan Width": 0,"Actual Startup Time": 41.691,"Actual Total Time": 41.696,"Actual Rows": 228485,"Actual Loops": 1,"Index Cond": "((l_shipdate >= '1994-10-01'::date) AND (l_shipdate < '1995-01-01 00:00:00'::timestamp without time zone))"}]}]}]}]}]},"Planning Time": 4.532,"Triggers": [],"Execution Time": 2082.904}]
[{"Plan": {"Node Type": "Merge Join","Parallel Aware": false,"Async Capable": false,"Join Type": "Inner","Startup Cost": 249261.15,"Total Cost": 249782.05,"Plan Rows": 50,"Plan Width": 103,"Actual Startup Time": 1929.470,"Actual Total Time": 1929.497,"Actual Rows": 1,"Actual Loops": 1,"Inner Unique": true,"Merge Cond": "(supplier.s_suppkey = revenue0.supplier_no)","Plans": [{"Node Type": "Aggregate","Strategy": "Plain","Partial Mode": "Simple","Parent Relationship": "InitPlan","Subplan Name": "InitPlan 1 (returns $0)","Parallel Aware": false,"Async Capable": false,"Startup Cost": 124679.51,"Total Cost": 124679.52,"Plan Rows": 1,"Plan Width": 32,"Actual Startup Time": 838.041,"Actual Total Time": 838.049,"Actual Rows": 1,"Actual Loops": 1,"Plans": [{"Node Type": "Aggregate","Strategy": "Hashed","Partial Mode": "Simple","Parent Relationship": "Outer","Parallel Aware": false,"Async Capable": false,"Startup Cost": 124429.33,"Total Cost": 124554.42,"Plan Rows": 10007,"Plan Width": 36,"Actual Startup Time": 828.279,"Actual Total Time": 837.462,"Actual Rows": 10000,"Actual Loops": 1,"Group Key": ["lineitem_1.l_suppkey"],"Planned Partitions": 0,"HashAgg Batches": 1,"Peak Memory Usage": 4497,"Disk Usage": 0,"Plans": [{"Node Type": "Bitmap Heap Scan","Parent Relationship": "Outer","Parallel Aware": false,"Async Capable": false,"Relation Name": "lineitem","Alias": "lineitem_1","Startup Cost": 6044.13,"Total Cost": 122076.45,"Plan Rows": 235288,"Plan Width": 16,"Actual Startup Time": 49.284,"Actual Total Time": 665.852,"Actual Rows": 228512,"Actual Loops": 1,"Recheck Cond": "((l_shipdate >= '1993-03-01'::date) AND (l_shipdate < '1993-06-01 00:00:00'::timestamp without time zone))","Rows Removed by Index Recheck": 0,"Exact Heap Blocks": 66961,"Lossy Heap Blocks": 0,"Plans": [{"Node Type": "Bitmap Index Scan","Parent Relationship": "Outer","Parallel Aware": false,"Async Capable": false,"Index Name": "idx_lineitem_shipdate","Startup Cost": 0.00,"Total Cost": 5985.31,"Plan Rows": 235288,"Plan Width": 0,"Actual Startup Time": 35.887,"Actual Total Time": 35.889,"Actual Rows": 228512,"Actual Loops": 1,"Index Cond": "((l_shipdate >= '1993-03-01'::date) AND (l_shipdate < '1993-06-01 00:00:00'::timestamp without time zone))"}]}]}]},{"Node Type": "Index Scan","Parent Relationship": "Outer","Parallel Aware": false,"Async Capable": false,"Scan Direction": "Forward","Index Name": "supplier_pkey","Relation Name": "supplier","Alias": "supplier","Startup Cost": 0.29,"Total Cost": 495.43,"Plan Rows": 10000,"Plan Width": 71,"Actual Startup Time": 0.092,"Actual Total Time": 11.430,"Actual Rows": 7478,"Actual Loops": 1},{"Node Type": "Sort","Parent Relationship": "Inner","Parallel Aware": false,"Async Capable": false,"Startup Cost": 124581.35,"Total Cost": 124581.47,"Plan Rows": 50,"Plan Width": 36,"Actual Startup Time": 1917.596,"Actual Total Time": 1917.609,"Actual Rows": 1,"Actual Loops": 1,"Sort Key": ["revenue0.supplier_no"],"Sort Method": "quicksort","Sort Space Used": 25,"Sort Space Type": "Memory","Plans": [{"Node Type": "Subquery Scan","Parent Relationship": "Outer","Parallel Aware": false,"Async Capable": false,"Alias": "revenue0","Startup Cost": 124429.33,"Total Cost": 124579.94,"Plan Rows": 50,"Plan Width": 36,"Actual Startup Time": 1912.416,"Actual Total Time": 1917.562,"Actual Rows": 1,"Actual Loops": 1,"Plans": [{"Node Type": "Aggregate","Strategy": "Hashed","Partial Mode": "Simple","Parent Relationship": "Subquery","Parallel Aware": false,"Async Capable": false,"Startup Cost": 124429.33,"Total Cost": 124579.44,"Plan Rows": 50,"Plan Width": 36,"Actual Startup Time": 1912.411,"Actual Total Time": 1917.553,"Actual Rows": 1,"Actual Loops": 1,"Group Key": ["lineitem.l_suppkey"],"Filter": "(sum((lineitem.l_extendedprice * ('1'::numeric - lineitem.l_discount))) = $0)","Planned Partitions": 0,"HashAgg Batches": 1,"Peak Memory Usage": 4497,"Disk Usage": 0,"Rows Removed by Filter": 9999,"Plans": [{"Node Type": "Bitmap Heap Scan","Parent Relationship": "Outer","Parallel Aware": false,"Async Capable": false,"Relation Name": "lineitem","Alias": "lineitem","Startup Cost": 6044.13,"Total Cost": 122076.45,"Plan Rows": 235288,"Plan Width": 16,"Actual Startup Time": 49.634,"Actual Total Time": 880.645,"Actual Rows": 228512,"Actual Loops": 1,"Recheck Cond": "((l_shipdate >= '1993-03-01'::date) AND (l_shipdate < '1993-06-01 00:00:00'::timestamp without time zone))","Rows Removed by Index Recheck": 0,"Exact Heap Blocks": 66961,"Lossy Heap Blocks": 0,"Plans": [{"Node Type": "Bitmap Index Scan","Parent Relationship": "Outer","Parallel Aware": false,"Async Capable": false,"Index Name": "idx_lineitem_shipdate","Startup Cost": 0.00,"Total Cost": 5985.31,"Plan Rows": 235288,"Plan Width": 0,"Actual Startup Time": 36.198,"Actual Total Time": 36.201,"Actual Rows": 228512,"Actual Loops": 1,"Index Cond": "((l_shipdate >= '1993-03-01'::date) AND (l_shipdate < '1993-06-01 00:00:00'::timestamp without time zone))"}]}]}]}]}]},"Planning Time": 3.978,"Triggers": [],"Execution Time": 1932.775}]
[{"Plan": {"Node Type": "Merge Join","Parallel Aware": false,"Async Capable": false,"Join Type": "Inner","Startup Cost": 248551.02,"Total Cost": 249071.91,"Plan Rows": 50,"Plan Width": 103,"Actual Startup Time": 2077.002,"Actual Total Time": 2077.041,"Actual Rows": 1,"Actual Loops": 1,"Inner Unique": true,"Merge Cond": "(supplier.s_suppkey = revenue0.supplier_no)","Plans": [{"Node Type": "Aggregate","Strategy": "Plain","Partial Mode": "Simple","Parent Relationship": "InitPlan","Subplan Name": "InitPlan 1 (returns $0)","Parallel Aware": false,"Async Capable": false,"Startup Cost": 124324.44,"Total Cost": 124324.45,"Plan Rows": 1,"Plan Width": 32,"Actual Startup Time": 940.828,"Actual Total Time": 940.836,"Actual Rows": 1,"Actual Loops": 1,"Plans": [{"Node Type": "Aggregate","Strategy": "Hashed","Partial Mode": "Simple","Parent Relationship": "Outer","Parallel Aware": false,"Async Capable": false,"Startup Cost": 124074.27,"Total Cost": 124199.35,"Plan Rows": 10007,"Plan Width": 36,"Actual Startup Time": 933.956,"Actual Total Time": 940.235,"Actual Rows": 10000,"Actual Loops": 1,"Group Key": ["lineitem_1.l_suppkey"],"Planned Partitions": 0,"HashAgg Batches": 1,"Peak Memory Usage": 4497,"Disk Usage": 0,"Plans": [{"Node Type": "Bitmap Heap Scan","Parent Relationship": "Outer","Parallel Aware": false,"Async Capable": false,"Relation Name": "lineitem","Alias": "lineitem_1","Startup Cost": 5864.29,"Total Cost": 121791.48,"Plan Rows": 228279,"Plan Width": 16,"Actual Startup Time": 57.693,"Actual Total Time": 782.351,"Actual Rows": 227548,"Actual Loops": 1,"Recheck Cond": "((l_shipdate >= '1993-09-01'::date) AND (l_shipdate < '1993-12-01 00:00:00'::timestamp without time zone))","Rows Removed by Index Recheck": 0,"Exact Heap Blocks": 67057,"Lossy Heap Blocks": 0,"Plans": [{"Node Type": "Bitmap Index Scan","Parent Relationship": "Outer","Parallel Aware": false,"Async Capable": false,"Index Name": "idx_lineitem_shipdate","Startup Cost": 0.00,"Total Cost": 5807.22,"Plan Rows": 228279,"Plan Width": 0,"Actual Startup Time": 43.540,"Actual Total Time": 43.543,"Actual Rows": 227548,"Actual Loops": 1,"Index Cond": "((l_shipdate >= '1993-09-01'::date) AND (l_shipdate < '1993-12-01 00:00:00'::timestamp without time zone))"}]}]}]},{"Node Type": "Index Scan","Parent Relationship": "Outer","Parallel Aware": false,"Async Capable": false,"Scan Direction": "Forward","Index Name": "supplier_pkey","Relation Name": "supplier","Alias": "supplier","Startup Cost": 0.29,"Total Cost": 495.43,"Plan Rows": 10000,"Plan Width": 71,"Actual Startup Time": 0.062,"Actual Total Time": 10.969,"Actual Rows": 6952,"Actual Loops": 1},{"Node Type": "Sort","Parent Relationship": "Inner","Parallel Aware": false,"Async Capable": false,"Startup Cost": 124226.28,"Total Cost": 124226.41,"Plan Rows": 50,"Plan Width": 36,"Actual Startup Time": 2065.641,"Actual Total Time": 2065.657,"Actual Rows": 1,"Actual Loops": 1,"Sort Key": ["revenue0.supplier_no"],"Sort Method": "quicksort","Sort Space Used": 25,"Sort Space Type": "Memory","Plans": [{"Node Type": "Subquery Scan","Parent Relationship": "Outer","Parallel Aware": false,"Async Capable": false,"Alias": "revenue0","Startup Cost": 124074.27,"Total Cost": 124224.87,"Plan Rows": 50,"Plan Width": 36,"Actual Startup Time": 2050.272,"Actual Total Time": 2065.610,"Actual Rows": 1,"Actual Loops": 1,"Plans": [{"Node Type": "Aggregate","Strategy": "Hashed","Partial Mode": "Simple","Parent Relationship": "Subquery","Parallel Aware": false,"Async Capable": false,"Startup Cost": 124074.27,"Total Cost": 124224.37,"Plan Rows": 50,"Plan Width": 36,"Actual Startup Time": 2050.266,"Actual Total Time": 2065.591,"Actual Rows": 1,"Actual Loops": 1,"Group Key": ["lineitem.l_suppkey"],"Filter": "(sum((lineitem.l_extendedprice * ('1'::numeric - lineitem.l_discount))) = $0)","Planned Partitions": 0,"HashAgg Batches": 1,"Peak Memory Usage": 4497,"Disk Usage": 0,"Rows Removed by Filter": 9999,"Plans": [{"Node Type": "Bitmap Heap Scan","Parent Relationship": "Outer","Parallel Aware": false,"Async Capable": false,"Relation Name": "lineitem","Alias": "lineitem","Startup Cost": 5864.29,"Total Cost": 121791.48,"Plan Rows": 228279,"Plan Width": 16,"Actual Startup Time": 56.453,"Actual Total Time": 929.176,"Actual Rows": 227548,"Actual Loops": 1,"Recheck Cond": "((l_shipdate >= '1993-09-01'::date) AND (l_shipdate < '1993-12-01 00:00:00'::timestamp without time zone))","Rows Removed by Index Recheck": 0,"Exact Heap Blocks": 67057,"Lossy Heap Blocks": 0,"Plans": [{"Node Type": "Bitmap Index Scan","Parent Relationship": "Outer","Parallel Aware": false,"Async Capable": false,"Index Name": "idx_lineitem_shipdate","Startup Cost": 0.00,"Total Cost": 5807.22,"Plan Rows": 228279,"Plan Width": 0,"Actual Startup Time": 42.721,"Actual Total Time": 42.723,"Actual Rows": 227548,"Actual Loops": 1,"Index Cond": "((l_shipdate >= '1993-09-01'::date) AND (l_shipdate < '1993-12-01 00:00:00'::timestamp without time zone))"}]}]}]}]}]},"Planning Time": 4.464,"Triggers": [],"Execution Time": 2081.593}]
[{"Plan": {"Node Type": "Merge Join","Parallel Aware": false,"Async Capable": false,"Join Type": "Inner","Startup Cost": 248906.53,"Total Cost": 249427.43,"Plan Rows": 50,"Plan Width": 103,"Actual Startup Time": 2120.338,"Actual Total Time": 2120.405,"Actual Rows": 1,"Actual Loops": 1,"Inner Unique": true,"Merge Cond": "(supplier.s_suppkey = revenue0.supplier_no)","Plans": [{"Node Type": "Aggregate","Strategy": "Plain","Partial Mode": "Simple","Parent Relationship": "InitPlan","Subplan Name": "InitPlan 1 (returns $0)","Parallel Aware": false,"Async Capable": false,"Startup Cost": 124502.20,"Total Cost": 124502.21,"Plan Rows": 1,"Plan Width": 32,"Actual Startup Time": 995.653,"Actual Total Time": 995.675,"Actual Rows": 1,"Actual Loops": 1,"Plans": [{"Node Type": "Aggregate","Strategy": "Hashed","Partial Mode": "Simple","Parent Relationship": "Outer","Parallel Aware": false,"Async Capable": false,"Startup Cost": 124252.02,"Total Cost": 124377.11,"Plan Rows": 10007,"Plan Width": 36,"Actual Startup Time": 988.573,"Actual Total Time": 995.015,"Actual Rows": 10000,"Actual Loops": 1,"Group Key": ["lineitem_1.l_suppkey"],"Planned Partitions": 0,"HashAgg Batches": 1,"Peak Memory Usage": 4497,"Disk Usage": 0,"Plans": [{"Node Type": "Bitmap Heap Scan","Parent Relationship": "Outer","Parallel Aware": false,"Async Capable": false,"Relation Name": "lineitem","Alias": "lineitem_1","Startup Cost": 5658.18,"Total Cost": 122049.35,"Plan Rows": 220268,"Plan Width": 16,"Actual Startup Time": 64.084,"Actual Total Time": 782.585,"Actual Rows": 229188,"Actual Loops": 1,"Recheck Cond": "((l_shipdate >= '1996-06-01'::date) AND (l_shipdate < '1996-09-01 00:00:00'::timestamp without time zone))","Rows Removed by Index Recheck": 0,"Exact Heap Blocks": 67237,"Lossy Heap Blocks": 0,"Plans": [{"Node Type": "Bitmap Index Scan","Parent Relationship": "Outer","Parallel Aware": false,"Async Capable": false,"Index Name": "idx_lineitem_shipdate","Startup Cost": 0.00,"Total Cost": 5603.11,"Plan Rows": 220268,"Plan Width": 0,"Actual Startup Time": 50.249,"Actual Total Time": 50.261,"Actual Rows": 229188,"Actual Loops": 1,"Index Cond": "((l_shipdate >= '1996-06-01'::date) AND (l_shipdate < '1996-09-01 00:00:00'::timestamp without time zone))"}]}]}]},{"Node Type": "Index Scan","Parent Relationship": "Outer","Parallel Aware": false,"Async Capable": false,"Scan Direction": "Forward","Index Name": "supplier_pkey","Relation Name": "supplier","Alias": "supplier","Startup Cost": 0.29,"Total Cost": 495.43,"Plan Rows": 10000,"Plan Width": 71,"Actual Startup Time": 0.111,"Actual Total Time": 6.155,"Actual Rows": 3498,"Actual Loops": 1},{"Node Type": "Sort","Parent Relationship": "Inner","Parallel Aware": false,"Async Capable": false,"Startup Cost": 124404.04,"Total Cost": 124404.16,"Plan Rows": 50,"Plan Width": 36,"Actual Startup Time": 2113.926,"Actual Total Time": 2113.963,"Actual Rows": 1,"Actual Loops": 1,"Sort Key": ["revenue0.supplier_no"],"Sort Method": "quicksort","Sort Space Used": 25,"Sort Space Type": "Memory","Plans": [{"Node Type": "Subquery Scan","Parent Relationship": "Outer","Parallel Aware": false,"Async Capable": false,"Alias": "revenue0","Startup Cost": 124252.02,"Total Cost": 124402.63,"Plan Rows": 50,"Plan Width": 36,"Actual Startup Time": 2110.361,"Actual Total Time": 2113.880,"Actual Rows": 1,"Actual Loops": 1,"Plans": [{"Node Type": "Aggregate","Strategy": "Hashed","Partial Mode": "Simple","Parent Relationship": "Subquery","Parallel Aware": false,"Async Capable": false,"Startup Cost": 124252.02,"Total Cost": 124402.13,"Plan Rows": 50,"Plan Width": 36,"Actual Startup Time": 2110.349,"Actual Total Time": 2113.833,"Actual Rows": 1,"Actual Loops": 1,"Group Key": ["lineitem.l_suppkey"],"Filter": "(sum((lineitem.l_extendedprice * ('1'::numeric - lineitem.l_discount))) = $0)","Planned Partitions": 0,"HashAgg Batches": 1,"Peak Memory Usage": 4497,"Disk Usage": 0,"Rows Removed by Filter": 9999,"Plans": [{"Node Type": "Bitmap Heap Scan","Parent Relationship": "Outer","Parallel Aware": false,"Async Capable": false,"Relation Name": "lineitem","Alias": "lineitem","Startup Cost": 5658.18,"Total Cost": 122049.35,"Plan Rows": 220268,"Plan Width": 16,"Actual Startup Time": 61.436,"Actual Total Time": 938.941,"Actual Rows": 229188,"Actual Loops": 1,"Recheck Cond": "((l_shipdate >= '1996-06-01'::date) AND (l_shipdate < '1996-09-01 00:00:00'::timestamp without time zone))","Rows Removed by Index Recheck": 0,"Exact Heap Blocks": 67237,"Lossy Heap Blocks": 0,"Plans": [{"Node Type": "Bitmap Index Scan","Parent Relationship": "Outer","Parallel Aware": false,"Async Capable": false,"Index Name": "idx_lineitem_shipdate","Startup Cost": 0.00,"Total Cost": 5603.11,"Plan Rows": 220268,"Plan Width": 0,"Actual Startup Time": 47.976,"Actual Total Time": 47.995,"Actual Rows": 229188,"Actual Loops": 1,"Index Cond": "((l_shipdate >= '1996-06-01'::date) AND (l_shipdate < '1996-09-01 00:00:00'::timestamp without time zone))"}]}]}]}]}]},"Planning Time": 3.999,"Triggers": [],"Execution Time": 2125.477}]
[{"Plan": {"Node Type": "Merge Join","Parallel Aware": false,"Async Capable": false,"Join Type": "Inner","Startup Cost": 248878.98,"Total Cost": 249399.87,"Plan Rows": 50,"Plan Width": 103,"Actual Startup Time": 1926.035,"Actual Total Time": 1926.074,"Actual Rows": 1,"Actual Loops": 1,"Inner Unique": true,"Merge Cond": "(supplier.s_suppkey = revenue0.supplier_no)","Plans": [{"Node Type": "Aggregate","Strategy": "Plain","Partial Mode": "Simple","Parent Relationship": "InitPlan","Subplan Name": "InitPlan 1 (returns $0)","Parallel Aware": false,"Async Capable": false,"Startup Cost": 124488.42,"Total Cost": 124488.43,"Plan Rows": 1,"Plan Width": 32,"Actual Startup Time": 836.881,"Actual Total Time": 836.892,"Actual Rows": 1,"Actual Loops": 1,"Plans": [{"Node Type": "Aggregate","Strategy": "Hashed","Partial Mode": "Simple","Parent Relationship": "Outer","Parallel Aware": false,"Async Capable": false,"Startup Cost": 124238.24,"Total Cost": 124363.33,"Plan Rows": 10007,"Plan Width": 36,"Actual Startup Time": 829.174,"Actual Total Time": 836.298,"Actual Rows": 10000,"Actual Loops": 1,"Group Key": ["lineitem_1.l_suppkey"],"Planned Partitions": 0,"HashAgg Batches": 1,"Peak Memory Usage": 4497,"Disk Usage": 0,"Plans": [{"Node Type": "Bitmap Heap Scan","Parent Relationship": "Outer","Parallel Aware": false,"Async Capable": false,"Relation Name": "lineitem","Alias": "lineitem_1","Startup Cost": 5946.01,"Total Cost": 121922.55,"Plan Rows": 231569,"Plan Width": 16,"Actual Startup Time": 58.548,"Actual Total Time": 683.907,"Actual Rows": 231305,"Actual Loops": 1,"Recheck Cond": "((l_shipdate >= '1995-08-01'::date) AND (l_shipdate < '1995-11-01 00:00:00'::timestamp without time zone))","Rows Removed by Index Recheck": 0,"Exact Heap Blocks": 67198,"Lossy Heap Blocks": 0,"Plans": [{"Node Type": "Bitmap Index Scan","Parent Relationship": "Outer","Parallel Aware": false,"Async Capable": false,"Index Name": "idx_lineitem_shipdate","Startup Cost": 0.00,"Total Cost": 5888.12,"Plan Rows": 231569,"Plan Width": 0,"Actual Startup Time": 44.811,"Actual Total Time": 44.815,"Actual Rows": 231305,"Actual Loops": 1,"Index Cond": "((l_shipdate >= '1995-08-01'::date) AND (l_shipdate < '1995-11-01 00:00:00'::timestamp without time zone))"}]}]}]},{"Node Type": "Index Scan","Parent Relationship": "Outer","Parallel Aware": false,"Async Capable": false,"Scan Direction": "Forward","Index Name": "supplier_pkey","Relation Name": "supplier","Alias": "supplier","Startup Cost": 0.29,"Total Cost": 495.43,"Plan Rows": 10000,"Plan Width": 71,"Actual Startup Time": 0.102,"Actual Total Time": 3.125,"Actual Rows": 1822,"Actual Loops": 1},{"Node Type": "Sort","Parent Relationship": "Inner","Parallel Aware": false,"Async Capable": false,"Startup Cost": 124390.26,"Total Cost": 124390.39,"Plan Rows": 50,"Plan Width": 36,"Actual Startup Time": 1922.770,"Actual Total Time": 1922.783,"Actual Rows": 1,"Actual Loops": 1,"Sort Key": ["revenue0.supplier_no"],"Sort Method": "quicksort","Sort Space Used": 25,"Sort Space Type": "Memory","Plans": [{"Node Type": "Subquery Scan","Parent Relationship": "Outer","Parallel Aware": false,"Async Capable": false,"Alias": "revenue0","Startup Cost": 124238.24,"Total Cost": 124388.85,"Plan Rows": 50,"Plan Width": 36,"Actual Startup Time": 1898.789,"Actual Total Time": 1922.734,"Actual Rows": 1,"Actual Loops": 1,"Plans": [{"Node Type": "Aggregate","Strategy": "Hashed","Partial Mode": "Simple","Parent Relationship": "Subquery","Parallel Aware": false,"Async Capable": false,"Startup Cost": 124238.24,"Total Cost": 124388.35,"Plan Rows": 50,"Plan Width": 36,"Actual Startup Time": 1898.783,"Actual Total Time": 1922.722,"Actual Rows": 1,"Actual Loops": 1,"Group Key": ["lineitem.l_suppkey"],"Filter": "(sum((lineitem.l_extendedprice * ('1'::numeric - lineitem.l_discount))) = $0)","Planned Partitions": 0,"HashAgg Batches": 1,"Peak Memory Usage": 4497,"Disk Usage": 0,"Rows Removed by Filter": 9999,"Plans": [{"Node Type": "Bitmap Heap Scan","Parent Relationship": "Outer","Parallel Aware": false,"Async Capable": false,"Relation Name": "lineitem","Alias": "lineitem","Startup Cost": 5946.01,"Total Cost": 121922.55,"Plan Rows": 231569,"Plan Width": 16,"Actual Startup Time": 58.467,"Actual Total Time": 886.844,"Actual Rows": 231305,"Actual Loops": 1,"Recheck Cond": "((l_shipdate >= '1995-08-01'::date) AND (l_shipdate < '1995-11-01 00:00:00'::timestamp without time zone))","Rows Removed by Index Recheck": 0,"Exact Heap Blocks": 67198,"Lossy Heap Blocks": 0,"Plans": [{"Node Type": "Bitmap Index Scan","Parent Relationship": "Outer","Parallel Aware": false,"Async Capable": false,"Index Name": "idx_lineitem_shipdate","Startup Cost": 0.00,"Total Cost": 5888.12,"Plan Rows": 231569,"Plan Width": 0,"Actual Startup Time": 45.062,"Actual Total Time": 45.065,"Actual Rows": 231305,"Actual Loops": 1,"Index Cond": "((l_shipdate >= '1995-08-01'::date) AND (l_shipdate < '1995-11-01 00:00:00'::timestamp without time zone))"}]}]}]}]}]},"Planning Time": 4.599,"Triggers": [],"Execution Time": 1928.090}]
[{"Plan": {"Node Type": "Merge Join","Parallel Aware": false,"Async Capable": false,"Join Type": "Inner","Startup Cost": 248233.16,"Total Cost": 248754.06,"Plan Rows": 50,"Plan Width": 103,"Actual Startup Time": 2105.260,"Actual Total Time": 2105.296,"Actual Rows": 1,"Actual Loops": 1,"Inner Unique": true,"Merge Cond": "(supplier.s_suppkey = revenue0.supplier_no)","Plans": [{"Node Type": "Aggregate","Strategy": "Plain","Partial Mode": "Simple","Parent Relationship": "InitPlan","Subplan Name": "InitPlan 1 (returns $0)","Parallel Aware": false,"Async Capable": false,"Startup Cost": 124165.51,"Total Cost": 124165.52,"Plan Rows": 1,"Plan Width": 32,"Actual Startup Time": 961.388,"Actual Total Time": 961.403,"Actual Rows": 1,"Actual Loops": 1,"Plans": [{"Node Type": "Aggregate","Strategy": "Hashed","Partial Mode": "Simple","Parent Relationship": "Outer","Parallel Aware": false,"Async Capable": false,"Startup Cost": 123915.34,"Total Cost": 124040.43,"Plan Rows": 10007,"Plan Width": 36,"Actual Startup Time": 954.808,"Actual Total Time": 960.810,"Actual Rows": 10000,"Actual Loops": 1,"Group Key": ["lineitem_1.l_suppkey"],"Planned Partitions": 0,"HashAgg Batches": 1,"Peak Memory Usage": 4497,"Disk Usage": 0,"Plans": [{"Node Type": "Bitmap Heap Scan","Parent Relationship": "Outer","Parallel Aware": false,"Async Capable": false,"Relation Name": "lineitem","Alias": "lineitem_1","Startup Cost": 5773.28,"Total Cost": 121666.71,"Plan Rows": 224863,"Plan Width": 16,"Actual Startup Time": 71.714,"Actual Total Time": 807.278,"Actual Rows": 229559,"Actual Loops": 1,"Recheck Cond": "((l_shipdate >= '1996-07-01'::date) AND (l_shipdate < '1996-10-01 00:00:00'::timestamp without time zone))","Rows Removed by Index Recheck": 0,"Exact Heap Blocks": 67366,"Lossy Heap Blocks": 0,"Plans": [{"Node Type": "Bitmap Index Scan","Parent Relationship": "Outer","Parallel Aware": false,"Async Capable": false,"Index Name": "idx_lineitem_shipdate","Startup Cost": 0.00,"Total Cost": 5717.06,"Plan Rows": 224863,"Plan Width": 0,"Actual Startup Time": 57.516,"Actual Total Time": 57.524,"Actual Rows": 229559,"Actual Loops": 1,"Index Cond": "((l_shipdate >= '1996-07-01'::date) AND (l_shipdate < '1996-10-01 00:00:00'::timestamp without time zone))"}]}]}]},{"Node Type": "Index Scan","Parent Relationship": "Outer","Parallel Aware": false,"Async Capable": false,"Scan Direction": "Forward","Index Name": "supplier_pkey","Relation Name": "supplier","Alias": "supplier","Startup Cost": 0.29,"Total Cost": 495.43,"Plan Rows": 10000,"Plan Width": 71,"Actual Startup Time": 0.107,"Actual Total Time": 1.132,"Actual Rows": 494,"Actual Loops": 1},{"Node Type": "Sort","Parent Relationship": "Inner","Parallel Aware": false,"Async Capable": false,"Startup Cost": 124067.35,"Total Cost": 124067.48,"Plan Rows": 50,"Plan Width": 36,"Actual Startup Time": 2104.066,"Actual Total Time": 2104.076,"Actual Rows": 1,"Actual Loops": 1,"Sort Key": ["revenue0.supplier_no"],"Sort Method": "quicksort","Sort Space Used": 25,"Sort Space Type": "Memory","Plans": [{"Node Type": "Subquery Scan","Parent Relationship": "Outer","Parallel Aware": false,"Async Capable": false,"Alias": "revenue0","Startup Cost": 123915.34,"Total Cost": 124065.94,"Plan Rows": 50,"Plan Width": 36,"Actual Startup Time": 2096.785,"Actual Total Time": 2104.011,"Actual Rows": 1,"Actual Loops": 1,"Plans": [{"Node Type": "Aggregate","Strategy": "Hashed","Partial Mode": "Simple","Parent Relationship": "Subquery","Parallel Aware": false,"Async Capable": false,"Startup Cost": 123915.34,"Total Cost": 124065.44,"Plan Rows": 50,"Plan Width": 36,"Actual Startup Time": 2096.781,"Actual Total Time": 2104.004,"Actual Rows": 1,"Actual Loops": 1,"Group Key": ["lineitem.l_suppkey"],"Filter": "(sum((lineitem.l_extendedprice * ('1'::numeric - lineitem.l_discount))) = $0)","Planned Partitions": 0,"HashAgg Batches": 1,"Peak Memory Usage": 4497,"Disk Usage": 0,"Rows Removed by Filter": 9999,"Plans": [{"Node Type": "Bitmap Heap Scan","Parent Relationship": "Outer","Parallel Aware": false,"Async Capable": false,"Relation Name": "lineitem","Alias": "lineitem","Startup Cost": 5773.28,"Total Cost": 121666.71,"Plan Rows": 224863,"Plan Width": 16,"Actual Startup Time": 68.917,"Actual Total Time": 948.187,"Actual Rows": 229559,"Actual Loops": 1,"Recheck Cond": "((l_shipdate >= '1996-07-01'::date) AND (l_shipdate < '1996-10-01 00:00:00'::timestamp without time zone))","Rows Removed by Index Recheck": 0,"Exact Heap Blocks": 67366,"Lossy Heap Blocks": 0,"Plans": [{"Node Type": "Bitmap Index Scan","Parent Relationship": "Outer","Parallel Aware": false,"Async Capable": false,"Index Name": "idx_lineitem_shipdate","Startup Cost": 0.00,"Total Cost": 5717.06,"Plan Rows": 224863,"Plan Width": 0,"Actual Startup Time": 55.144,"Actual Total Time": 55.147,"Actual Rows": 229559,"Actual Loops": 1,"Index Cond": "((l_shipdate >= '1996-07-01'::date) AND (l_shipdate < '1996-10-01 00:00:00'::timestamp without time zone))"}]}]}]}]}]},"Planning Time": 4.946,"Triggers": [],"Execution Time": 2110.202}]
[{"Plan": {"Node Type": "Merge Join","Parallel Aware": false,"Async Capable": false,"Join Type": "Inner","Startup Cost": 248749.22,"Total Cost": 249270.12,"Plan Rows": 50,"Plan Width": 103,"Actual Startup Time": 1931.389,"Actual Total Time": 1931.417,"Actual Rows": 1,"Actual Loops": 1,"Inner Unique": true,"Merge Cond": "(supplier.s_suppkey = revenue0.supplier_no)","Plans": [{"Node Type": "Aggregate","Strategy": "Plain","Partial Mode": "Simple","Parent Relationship": "InitPlan","Subplan Name": "InitPlan 1 (returns $0)","Parallel Aware": false,"Async Capable": false,"Startup Cost": 124423.54,"Total Cost": 124423.55,"Plan Rows": 1,"Plan Width": 32,"Actual Startup Time": 829.182,"Actual Total Time": 829.192,"Actual Rows": 1,"Actual Loops": 1,"Plans": [{"Node Type": "Aggregate","Strategy": "Hashed","Partial Mode": "Simple","Parent Relationship": "Outer","Parallel Aware": false,"Async Capable": false,"Startup Cost": 124173.37,"Total Cost": 124298.46,"Plan Rows": 10007,"Plan Width": 36,"Actual Startup Time": 816.902,"Actual Total Time": 828.607,"Actual Rows": 10000,"Actual Loops": 1,"Group Key": ["lineitem_1.l_suppkey"],"Planned Partitions": 0,"HashAgg Batches": 1,"Peak Memory Usage": 4497,"Disk Usage": 0,"Plans": [{"Node Type": "Bitmap Heap Scan","Parent Relationship": "Outer","Parallel Aware": false,"Async Capable": false,"Relation Name": "lineitem","Alias": "lineitem_1","Startup Cost": 5912.97,"Total Cost": 121870.41,"Plan Rows": 230296,"Plan Width": 16,"Actual Startup Time": 50.257,"Actual Total Time": 644.900,"Actual Rows": 230072,"Actual Loops": 1,"Recheck Cond": "((l_shipdate >= '1995-10-01'::date) AND (l_shipdate < '1996-01-01 00:00:00'::timestamp without time zone))","Rows Removed by Index Recheck": 0,"Exact Heap Blocks": 67245,"Lossy Heap Blocks": 0,"Plans": [{"Node Type": "Bitmap Index Scan","Parent Relationship": "Outer","Parallel Aware": false,"Async Capable": false,"Index Name": "idx_lineitem_shipdate","Startup Cost": 0.00,"Total Cost": 5855.39,"Plan Rows": 230296,"Plan Width": 0,"Actual Startup Time": 36.768,"Actual Total Time": 36.770,"Actual Rows": 230072,"Actual Loops": 1,"Index Cond": "((l_shipdate >= '1995-10-01'::date) AND (l_shipdate < '1996-01-01 00:00:00'::timestamp without time zone))"}]}]}]},{"Node Type": "Index Scan","Parent Relationship": "Outer","Parallel Aware": false,"Async Capable": false,"Scan Direction": "Forward","Index Name": "supplier_pkey","Relation Name": "supplier","Alias": "supplier","Startup Cost": 0.29,"Total Cost": 495.43,"Plan Rows": 10000,"Plan Width": 71,"Actual Startup Time": 0.086,"Actual Total Time": 4.053,"Actual Rows": 2388,"Actual Loops": 1},{"Node Type": "Sort","Parent Relationship": "Inner","Parallel Aware": false,"Async Capable": false,"Startup Cost": 124325.38,"Total Cost": 124325.51,"Plan Rows": 50,"Plan Width": 36,"Actual Startup Time": 1927.160,"Actual Total Time": 1927.170,"Actual Rows": 1,"Actual Loops": 1,"Sort Key": ["revenue0.supplier_no"],"Sort Method": "quicksort","Sort Space Used": 25,"Sort Space Type": "Memory","Plans": [{"Node Type": "Subquery Scan","Parent Relationship": "Outer","Parallel Aware": false,"Async Capable": false,"Alias": "revenue0","Startup Cost": 124173.37,"Total Cost": 124323.97,"Plan Rows": 50,"Plan Width": 36,"Actual Startup Time": 1921.461,"Actual Total Time": 1927.124,"Actual Rows": 1,"Actual Loops": 1,"Plans": [{"Node Type": "Aggregate","Strategy": "Hashed","Partial Mode": "Simple","Parent Relationship": "Subquery","Parallel Aware": false,"Async Capable": false,"Startup Cost": 124173.37,"Total Cost": 124323.47,"Plan Rows": 50,"Plan Width": 36,"Actual Startup Time": 1921.452,"Actual Total Time": 1927.108,"Actual Rows": 1,"Actual Loops": 1,"Group Key": ["lineitem.l_suppkey"],"Filter": "(sum((lineitem.l_extendedprice * ('1'::numeric - lineitem.l_discount))) = $0)","Planned Partitions": 0,"HashAgg Batches": 1,"Peak Memory Usage": 4497,"Disk Usage": 0,"Rows Removed by Filter": 9999,"Plans": [{"Node Type": "Bitmap Heap Scan","Parent Relationship": "Outer","Parallel Aware": false,"Async Capable": false,"Relation Name": "lineitem","Alias": "lineitem","Startup Cost": 5912.97,"Total Cost": 121870.41,"Plan Rows": 230296,"Plan Width": 16,"Actual Startup Time": 50.046,"Actual Total Time": 890.624,"Actual Rows": 230072,"Actual Loops": 1,"Recheck Cond": "((l_shipdate >= '1995-10-01'::date) AND (l_shipdate < '1996-01-01 00:00:00'::timestamp without time zone))","Rows Removed by Index Recheck": 0,"Exact Heap Blocks": 67245,"Lossy Heap Blocks": 0,"Plans": [{"Node Type": "Bitmap Index Scan","Parent Relationship": "Outer","Parallel Aware": false,"Async Capable": false,"Index Name": "idx_lineitem_shipdate","Startup Cost": 0.00,"Total Cost": 5855.39,"Plan Rows": 230296,"Plan Width": 0,"Actual Startup Time": 36.694,"Actual Total Time": 36.694,"Actual Rows": 230072,"Actual Loops": 1,"Index Cond": "((l_shipdate >= '1995-10-01'::date) AND (l_shipdate < '1996-01-01 00:00:00'::timestamp without time zone))"}]}]}]}]}]},"Planning Time": 4.561,"Triggers": [],"Execution Time": 1934.601}]
[{"Plan": {"Node Type": "Merge Join","Parallel Aware": false,"Async Capable": false,"Join Type": "Inner","Startup Cost": 248718.93,"Total Cost": 249239.83,"Plan Rows": 50,"Plan Width": 103,"Actual Startup Time": 2107.161,"Actual Total Time": 2107.228,"Actual Rows": 1,"Actual Loops": 1,"Inner Unique": true,"Merge Cond": "(supplier.s_suppkey = revenue0.supplier_no)","Plans": [{"Node Type": "Aggregate","Strategy": "Plain","Partial Mode": "Simple","Parent Relationship": "InitPlan","Subplan Name": "InitPlan 1 (returns $0)","Parallel Aware": false,"Async Capable": false,"Startup Cost": 124408.40,"Total Cost": 124408.41,"Plan Rows": 1,"Plan Width": 32,"Actual Startup Time": 1002.061,"Actual Total Time": 1002.085,"Actual Rows": 1,"Actual Loops": 1,"Plans": [{"Node Type": "Aggregate","Strategy": "Hashed","Partial Mode": "Simple","Parent Relationship": "Outer","Parallel Aware": false,"Async Capable": false,"Startup Cost": 124158.22,"Total Cost": 124283.31,"Plan Rows": 10007,"Plan Width": 36,"Actual Startup Time": 992.934,"Actual Total Time": 1001.412,"Actual Rows": 10000,"Actual Loops": 1,"Group Key": ["lineitem_1.l_suppkey"],"Planned Partitions": 0,"HashAgg Batches": 1,"Peak Memory Usage": 4497,"Disk Usage": 0,"Plans": [{"Node Type": "Bitmap Heap Scan","Parent Relationship": "Outer","Parallel Aware": false,"Async Capable": false,"Relation Name": "lineitem","Alias": "lineitem_1","Startup Cost": 5905.73,"Total Cost": 121858.43,"Plan Rows": 229980,"Plan Width": 16,"Actual Startup Time": 59.024,"Actual Total Time": 766.380,"Actual Rows": 223495,"Actual Loops": 1,"Recheck Cond": "((l_shipdate >= '1996-02-01'::date) AND (l_shipdate < '1996-05-01 00:00:00'::timestamp without time zone))","Rows Removed by Index Recheck": 0,"Exact Heap Blocks": 66629,"Lossy Heap Blocks": 0,"Plans": [{"Node Type": "Bitmap Index Scan","Parent Relationship": "Outer","Parallel Aware": false,"Async Capable": false,"Index Name": "idx_lineitem_shipdate","Startup Cost": 0.00,"Total Cost": 5848.23,"Plan Rows": 229980,"Plan Width": 0,"Actual Startup Time": 45.099,"Actual Total Time": 45.117,"Actual Rows": 223495,"Actual Loops": 1,"Index Cond": "((l_shipdate >= '1996-02-01'::date) AND (l_shipdate < '1996-05-01 00:00:00'::timestamp without time zone))"}]}]}]},{"Node Type": "Index Scan","Parent Relationship": "Outer","Parallel Aware": false,"Async Capable": false,"Scan Direction": "Forward","Index Name": "supplier_pkey","Relation Name": "supplier","Alias": "supplier","Startup Cost": 0.29,"Total Cost": 495.43,"Plan Rows": 10000,"Plan Width": 71,"Actual Startup Time": 0.089,"Actual Total Time": 1.935,"Actual Rows": 939,"Actual Loops": 1},{"Node Type": "Sort","Parent Relationship": "Inner","Parallel Aware": false,"Async Capable": false,"Startup Cost": 124310.24,"Total Cost": 124310.37,"Plan Rows": 50,"Plan Width": 36,"Actual Startup Time": 2105.094,"Actual Total Time": 2105.129,"Actual Rows": 1,"Actual Loops": 1,"Sort Key": ["revenue0.supplier_no"],"Sort Method": "quicksort","Sort Space Used": 25,"Sort Space Type": "Memory","Plans": [{"Node Type": "Subquery Scan","Parent Relationship": "Outer","Parallel Aware": false,"Async Capable": false,"Alias": "revenue0","Startup Cost": 124158.22,"Total Cost": 124308.83,"Plan Rows": 50,"Plan Width": 36,"Actual Startup Time": 2102.538,"Actual Total Time": 2105.041,"Actual Rows": 1,"Actual Loops": 1,"Plans": [{"Node Type": "Aggregate","Strategy": "Hashed","Partial Mode": "Simple","Parent Relationship": "Subquery","Parallel Aware": false,"Async Capable": false,"Startup Cost": 124158.22,"Total Cost": 124308.33,"Plan Rows": 50,"Plan Width": 36,"Actual Startup Time": 2102.523,"Actual Total Time": 2105.002,"Actual Rows": 1,"Actual Loops": 1,"Group Key": ["lineitem.l_suppkey"],"Filter": "(sum((lineitem.l_extendedprice * ('1'::numeric - lineitem.l_discount))) = $0)","Planned Partitions": 0,"HashAgg Batches": 1,"Peak Memory Usage": 4497,"Disk Usage": 0,"Rows Removed by Filter": 9999,"Plans": [{"Node Type": "Bitmap Heap Scan","Parent Relationship": "Outer","Parallel Aware": false,"Async Capable": false,"Relation Name": "lineitem","Alias": "lineitem","Startup Cost": 5905.73,"Total Cost": 121858.43,"Plan Rows": 229980,"Plan Width": 16,"Actual Startup Time": 54.609,"Actual Total Time": 923.384,"Actual Rows": 223495,"Actual Loops": 1,"Recheck Cond": "((l_shipdate >= '1996-02-01'::date) AND (l_shipdate < '1996-05-01 00:00:00'::timestamp without time zone))","Rows Removed by Index Recheck": 0,"Exact Heap Blocks": 66629,"Lossy Heap Blocks": 0,"Plans": [{"Node Type": "Bitmap Index Scan","Parent Relationship": "Outer","Parallel Aware": false,"Async Capable": false,"Index Name": "idx_lineitem_shipdate","Startup Cost": 0.00,"Total Cost": 5848.23,"Plan Rows": 229980,"Plan Width": 0,"Actual Startup Time": 41.080,"Actual Total Time": 41.096,"Actual Rows": 223495,"Actual Loops": 1,"Index Cond": "((l_shipdate >= '1996-02-01'::date) AND (l_shipdate < '1996-05-01 00:00:00'::timestamp without time zone))"}]}]}]}]}]},"Planning Time": 5.322,"Triggers": [],"Execution Time": 2112.257}]
[{"Plan": {"Node Type": "Merge Join","Parallel Aware": false,"Async Capable": false,"Join Type": "Inner","Startup Cost": 248749.22,"Total Cost": 249270.12,"Plan Rows": 50,"Plan Width": 103,"Actual Startup Time": 1931.389,"Actual Total Time": 1931.417,"Actual Rows": 1,"Actual Loops": 1,"Inner Unique": true,"Merge Cond": "(supplier.s_suppkey = revenue0.supplier_no)","Plans": [{"Node Type": "Aggregate","Strategy": "Plain","Partial Mode": "Simple","Parent Relationship": "InitPlan","Subplan Name": "InitPlan 1 (returns $0)","Parallel Aware": false,"Async Capable": false,"Startup Cost": 124423.54,"Total Cost": 124423.55,"Plan Rows": 1,"Plan Width": 32,"Actual Startup Time": 829.182,"Actual Total Time": 829.192,"Actual Rows": 1,"Actual Loops": 1,"Plans": [{"Node Type": "Aggregate","Strategy": "Hashed","Partial Mode": "Simple","Parent Relationship": "Outer","Parallel Aware": false,"Async Capable": false,"Startup Cost": 124173.37,"Total Cost": 124298.46,"Plan Rows": 10007,"Plan Width": 36,"Actual Startup Time": 816.902,"Actual Total Time": 828.607,"Actual Rows": 10000,"Actual Loops": 1,"Group Key": ["lineitem_1.l_suppkey"],"Planned Partitions": 0,"HashAgg Batches": 1,"Peak Memory Usage": 4497,"Disk Usage": 0,"Plans": [{"Node Type": "Bitmap Heap Scan","Parent Relationship": "Outer","Parallel Aware": false,"Async Capable": false,"Relation Name": "lineitem","Alias": "lineitem_1","Startup Cost": 5912.97,"Total Cost": 121870.41,"Plan Rows": 230296,"Plan Width": 16,"Actual Startup Time": 50.257,"Actual Total Time": 644.900,"Actual Rows": 230072,"Actual Loops": 1,"Recheck Cond": "((l_shipdate >= '1995-10-01'::date) AND (l_shipdate < '1996-01-01 00:00:00'::timestamp without time zone))","Rows Removed by Index Recheck": 0,"Exact Heap Blocks": 67245,"Lossy Heap Blocks": 0,"Plans": [{"Node Type": "Bitmap Index Scan","Parent Relationship": "Outer","Parallel Aware": false,"Async Capable": false,"Index Name": "idx_lineitem_shipdate","Startup Cost": 0.00,"Total Cost": 5855.39,"Plan Rows": 230296,"Plan Width": 0,"Actual Startup Time": 36.768,"Actual Total Time": 36.770,"Actual Rows": 230072,"Actual Loops": 1,"Index Cond": "((l_shipdate >= '1995-10-01'::date) AND (l_shipdate < '1996-01-01 00:00:00'::timestamp without time zone))"}]}]}]},{"Node Type": "Index Scan","Parent Relationship": "Outer","Parallel Aware": false,"Async Capable": false,"Scan Direction": "Forward","Index Name": "supplier_pkey","Relation Name": "supplier","Alias": "supplier","Startup Cost": 0.29,"Total Cost": 495.43,"Plan Rows": 10000,"Plan Width": 71,"Actual Startup Time": 0.086,"Actual Total Time": 4.053,"Actual Rows": 2388,"Actual Loops": 1},{"Node Type": "Sort","Parent Relationship": "Inner","Parallel Aware": false,"Async Capable": false,"Startup Cost": 124325.38,"Total Cost": 124325.51,"Plan Rows": 50,"Plan Width": 36,"Actual Startup Time": 1927.160,"Actual Total Time": 1927.170,"Actual Rows": 1,"Actual Loops": 1,"Sort Key": ["revenue0.supplier_no"],"Sort Method": "quicksort","Sort Space Used": 25,"Sort Space Type": "Memory","Plans": [{"Node Type": "Subquery Scan","Parent Relationship": "Outer","Parallel Aware": false,"Async Capable": false,"Alias": "revenue0","Startup Cost": 124173.37,"Total Cost": 124323.97,"Plan Rows": 50,"Plan Width": 36,"Actual Startup Time": 1921.461,"Actual Total Time": 1927.124,"Actual Rows": 1,"Actual Loops": 1,"Plans": [{"Node Type": "Aggregate","Strategy": "Hashed","Partial Mode": "Simple","Parent Relationship": "Subquery","Parallel Aware": false,"Async Capable": false,"Startup Cost": 124173.37,"Total Cost": 124323.47,"Plan Rows": 50,"Plan Width": 36,"Actual Startup Time": 1921.452,"Actual Total Time": 1927.108,"Actual Rows": 1,"Actual Loops": 1,"Group Key": ["lineitem.l_suppkey"],"Filter": "(sum((lineitem.l_extendedprice * ('1'::numeric - lineitem.l_discount))) = $0)","Planned Partitions": 0,"HashAgg Batches": 1,"Peak Memory Usage": 4497,"Disk Usage": 0,"Rows Removed by Filter": 9999,"Plans": [{"Node Type": "Bitmap Heap Scan","Parent Relationship": "Outer","Parallel Aware": false,"Async Capable": false,"Relation Name": "lineitem","Alias": "lineitem","Startup Cost": 5912.97,"Total Cost": 121870.41,"Plan Rows": 230296,"Plan Width": 16,"Actual Startup Time": 50.046,"Actual Total Time": 890.624,"Actual Rows": 230072,"Actual Loops": 1,"Recheck Cond": "((l_shipdate >= '1995-10-01'::date) AND (l_shipdate < '1996-01-01 00:00:00'::timestamp without time zone))","Rows Removed by Index Recheck": 0,"Exact Heap Blocks": 67245,"Lossy Heap Blocks": 0,"Plans": [{"Node Type": "Bitmap Index Scan","Parent Relationship": "Outer","Parallel Aware": false,"Async Capable": false,"Index Name": "idx_lineitem_shipdate","Startup Cost": 0.00,"Total Cost": 5855.39,"Plan Rows": 230296,"Plan Width": 0,"Actual Startup Time": 36.694,"Actual Total Time": 36.694,"Actual Rows": 230072,"Actual Loops": 1,"Index Cond": "((l_shipdate >= '1995-10-01'::date) AND (l_shipdate < '1996-01-01 00:00:00'::timestamp without time zone))"}]}]}]}]}]},"Planning Time": 4.561,"Triggers": [],"Execution Time": 1934.601}]
[{"Plan": {"Node Type": "Merge Join","Parallel Aware": false,"Async Capable": false,"Join Type": "Inner","Startup Cost": 248577.74,"Total Cost": 249098.63,"Plan Rows": 50,"Plan Width": 103,"Actual Startup Time": 1920.263,"Actual Total Time": 1920.303,"Actual Rows": 1,"Actual Loops": 1,"Inner Unique": true,"Merge Cond": "(supplier.s_suppkey = revenue0.supplier_no)","Plans": [{"Node Type": "Aggregate","Strategy": "Plain","Partial Mode": "Simple","Parent Relationship": "InitPlan","Subplan Name": "InitPlan 1 (returns $0)","Parallel Aware": false,"Async Capable": false,"Startup Cost": 124337.80,"Total Cost": 124337.81,"Plan Rows": 1,"Plan Width": 32,"Actual Startup Time": 838.704,"Actual Total Time": 838.723,"Actual Rows": 1,"Actual Loops": 1,"Plans": [{"Node Type": "Aggregate","Strategy": "Hashed","Partial Mode": "Simple","Parent Relationship": "Outer","Parallel Aware": false,"Async Capable": false,"Startup Cost": 124087.63,"Total Cost": 124212.71,"Plan Rows": 10007,"Plan Width": 36,"Actual Startup Time": 829.393,"Actual Total Time": 838.134,"Actual Rows": 10000,"Actual Loops": 1,"Group Key": ["lineitem_1.l_suppkey"],"Planned Partitions": 0,"HashAgg Batches": 1,"Peak Memory Usage": 4497,"Disk Usage": 0,"Plans": [{"Node Type": "Bitmap Heap Scan","Parent Relationship": "Outer","Parallel Aware": false,"Async Capable": false,"Relation Name": "lineitem","Alias": "lineitem_1","Startup Cost": 5717.73,"Total Cost": 121861.96,"Plan Rows": 222566,"Plan Width": 16,"Actual Startup Time": 56.600,"Actual Total Time": 670.411,"Actual Rows": 225419,"Actual Loops": 1,"Recheck Cond": "((l_shipdate >= '1997-01-01'::date) AND (l_shipdate < '1997-04-01 00:00:00'::timestamp without time zone))","Rows Removed by Index Recheck": 0,"Exact Heap Blocks": 66824,"Lossy Heap Blocks": 0,"Plans": [{"Node Type": "Bitmap Index Scan","Parent Relationship": "Outer","Parallel Aware": false,"Async Capable": false,"Index Name": "idx_lineitem_shipdate","Startup Cost": 0.00,"Total Cost": 5662.09,"Plan Rows": 222566,"Plan Width": 0,"Actual Startup Time": 43.115,"Actual Total Time": 43.121,"Actual Rows": 225419,"Actual Loops": 1,"Index Cond": "((l_shipdate >= '1997-01-01'::date) AND (l_shipdate < '1997-04-01 00:00:00'::timestamp without time zone))"}]}]}]},{"Node Type": "Index Scan","Parent Relationship": "Outer","Parallel Aware": false,"Async Capable": false,"Scan Direction": "Forward","Index Name": "supplier_pkey","Relation Name": "supplier","Alias": "supplier","Startup Cost": 0.29,"Total Cost": 495.43,"Plan Rows": 10000,"Plan Width": 71,"Actual Startup Time": 0.104,"Actual Total Time": 0.867,"Actual Rows": 435,"Actual Loops": 1},{"Node Type": "Sort","Parent Relationship": "Inner","Parallel Aware": false,"Async Capable": false,"Startup Cost": 124239.64,"Total Cost": 124239.77,"Plan Rows": 50,"Plan Width": 36,"Actual Startup Time": 1919.330,"Actual Total Time": 1919.343,"Actual Rows": 1,"Actual Loops": 1,"Sort Key": ["revenue0.supplier_no"],"Sort Method": "quicksort","Sort Space Used": 25,"Sort Space Type": "Memory","Plans": [{"Node Type": "Subquery Scan","Parent Relationship": "Outer","Parallel Aware": false,"Async Capable": false,"Alias": "revenue0","Startup Cost": 124087.63,"Total Cost": 124238.23,"Plan Rows": 50,"Plan Width": 36,"Actual Startup Time": 1908.436,"Actual Total Time": 1919.306,"Actual Rows": 1,"Actual Loops": 1,"Plans": [{"Node Type": "Aggregate","Strategy": "Hashed","Partial Mode": "Simple","Parent Relationship": "Subquery","Parallel Aware": false,"Async Capable": false,"Startup Cost": 124087.63,"Total Cost": 124237.73,"Plan Rows": 50,"Plan Width": 36,"Actual Startup Time": 1908.431,"Actual Total Time": 1919.298,"Actual Rows": 1,"Actual Loops": 1,"Group Key": ["lineitem.l_suppkey"],"Filter": "(sum((lineitem.l_extendedprice * ('1'::numeric - lineitem.l_discount))) = $0)","Planned Partitions": 0,"HashAgg Batches": 1,"Peak Memory Usage": 4497,"Disk Usage": 0,"Rows Removed by Filter": 9999,"Plans": [{"Node Type": "Bitmap Heap Scan","Parent Relationship": "Outer","Parallel Aware": false,"Async Capable": false,"Relation Name": "lineitem","Alias": "lineitem","Startup Cost": 5717.73,"Total Cost": 121861.96,"Plan Rows": 222566,"Plan Width": 16,"Actual Startup Time": 57.810,"Actual Total Time": 882.414,"Actual Rows": 225419,"Actual Loops": 1,"Recheck Cond": "((l_shipdate >= '1997-01-01'::date) AND (l_shipdate < '1997-04-01 00:00:00'::timestamp without time zone))","Rows Removed by Index Recheck": 0,"Exact Heap Blocks": 66824,"Lossy Heap Blocks": 0,"Plans": [{"Node Type": "Bitmap Index Scan","Parent Relationship": "Outer","Parallel Aware": false,"Async Capable": false,"Index Name": "idx_lineitem_shipdate","Startup Cost": 0.00,"Total Cost": 5662.09,"Plan Rows": 222566,"Plan Width": 0,"Actual Startup Time": 44.647,"Actual Total Time": 44.649,"Actual Rows": 225419,"Actual Loops": 1,"Index Cond": "((l_shipdate >= '1997-01-01'::date) AND (l_shipdate < '1997-04-01 00:00:00'::timestamp without time zone))"}]}]}]}]}]},"Planning Time": 5.470,"Triggers": [],"Execution Time": 1924.065}]
[{"Plan": {"Node Type": "Merge Join","Parallel Aware": false,"Async Capable": false,"Join Type": "Inner","Startup Cost": 248837.06,"Total Cost": 249357.95,"Plan Rows": 50,"Plan Width": 103,"Actual Startup Time": 1969.246,"Actual Total Time": 1969.306,"Actual Rows": 1,"Actual Loops": 1,"Inner Unique": true,"Merge Cond": "(supplier.s_suppkey = revenue0.supplier_no)","Plans": [{"Node Type": "Aggregate","Strategy": "Plain","Partial Mode": "Simple","Parent Relationship": "InitPlan","Subplan Name": "InitPlan 1 (returns $0)","Parallel Aware": false,"Async Capable": false,"Startup Cost": 124467.46,"Total Cost": 124467.47,"Plan Rows": 1,"Plan Width": 32,"Actual Startup Time": 899.835,"Actual Total Time": 899.853,"Actual Rows": 1,"Actual Loops": 1,"Plans": [{"Node Type": "Aggregate","Strategy": "Hashed","Partial Mode": "Simple","Parent Relationship": "Outer","Parallel Aware": false,"Async Capable": false,"Startup Cost": 124217.29,"Total Cost": 124342.37,"Plan Rows": 10007,"Plan Width": 36,"Actual Startup Time": 888.951,"Actual Total Time": 899.159,"Actual Rows": 10000,"Actual Loops": 1,"Group Key": ["lineitem_1.l_suppkey"],"Planned Partitions": 0,"HashAgg Batches": 1,"Peak Memory Usage": 4497,"Disk Usage": 0,"Plans": [{"Node Type": "Bitmap Heap Scan","Parent Relationship": "Outer","Parallel Aware": false,"Async Capable": false,"Relation Name": "lineitem","Alias": "lineitem_1","Startup Cost": 5666.73,"Total Cost": 122010.16,"Plan Rows": 220712,"Plan Width": 16,"Actual Startup Time": 50.799,"Actual Total Time": 691.660,"Actual Rows": 227315,"Actual Loops": 1,"Recheck Cond": "((l_shipdate >= '1994-04-01'::date) AND (l_shipdate < '1994-07-01 00:00:00'::timestamp without time zone))","Rows Removed by Index Recheck": 0,"Exact Heap Blocks": 67016,"Lossy Heap Blocks": 0,"Plans": [{"Node Type": "Bitmap Index Scan","Parent Relationship": "Outer","Parallel Aware": false,"Async Capable": false,"Index Name": "idx_lineitem_shipdate","Startup Cost": 0.00,"Total Cost": 5611.55,"Plan Rows": 220712,"Plan Width": 0,"Actual Startup Time": 36.979,"Actual Total Time": 36.992,"Actual Rows": 227315,"Actual Loops": 1,"Index Cond": "((l_shipdate >= '1994-04-01'::date) AND (l_shipdate < '1994-07-01 00:00:00'::timestamp without time zone))"}]}]}]},{"Node Type": "Index Scan","Parent Relationship": "Outer","Parallel Aware": false,"Async Capable": false,"Scan Direction": "Forward","Index Name": "supplier_pkey","Relation Name": "supplier","Alias": "supplier","Startup Cost": 0.29,"Total Cost": 495.43,"Plan Rows": 10000,"Plan Width": 71,"Actual Startup Time": 0.084,"Actual Total Time": 2.331,"Actual Rows": 1360,"Actual Loops": 1},{"Node Type": "Sort","Parent Relationship": "Inner","Parallel Aware": false,"Async Capable": false,"Startup Cost": 124369.30,"Total Cost": 124369.43,"Plan Rows": 50,"Plan Width": 36,"Actual Startup Time": 1966.772,"Actual Total Time": 1966.788,"Actual Rows": 1,"Actual Loops": 1,"Sort Key": ["revenue0.supplier_no"],"Sort Method": "quicksort","Sort Space Used": 25,"Sort Space Type": "Memory","Plans": [{"Node Type": "Subquery Scan","Parent Relationship": "Outer","Parallel Aware": false,"Async Capable": false,"Alias": "revenue0","Startup Cost": 124217.29,"Total Cost": 124367.89,"Plan Rows": 50,"Plan Width": 36,"Actual Startup Time": 1963.574,"Actual Total Time": 1966.737,"Actual Rows": 1,"Actual Loops": 1,"Plans": [{"Node Type": "Aggregate","Strategy": "Hashed","Partial Mode": "Simple","Parent Relationship": "Subquery","Parallel Aware": false,"Async Capable": false,"Startup Cost": 124217.29,"Total Cost": 124367.39,"Plan Rows": 50,"Plan Width": 36,"Actual Startup Time": 1963.555,"Actual Total Time": 1966.695,"Actual Rows": 1,"Actual Loops": 1,"Group Key": ["lineitem.l_suppkey"],"Filter": "(sum((lineitem.l_extendedprice * ('1'::numeric - lineitem.l_discount))) = $0)","Planned Partitions": 0,"HashAgg Batches": 1,"Peak Memory Usage": 4497,"Disk Usage": 0,"Rows Removed by Filter": 9999,"Plans": [{"Node Type": "Bitmap Heap Scan","Parent Relationship": "Outer","Parallel Aware": false,"Async Capable": false,"Relation Name": "lineitem","Alias": "lineitem","Startup Cost": 5666.73,"Total Cost": 122010.16,"Plan Rows": 220712,"Plan Width": 16,"Actual Startup Time": 49.894,"Actual Total Time": 881.952,"Actual Rows": 227315,"Actual Loops": 1,"Recheck Cond": "((l_shipdate >= '1994-04-01'::date) AND (l_shipdate < '1994-07-01 00:00:00'::timestamp without time zone))","Rows Removed by Index Recheck": 0,"Exact Heap Blocks": 67016,"Lossy Heap Blocks": 0,"Plans": [{"Node Type": "Bitmap Index Scan","Parent Relationship": "Outer","Parallel Aware": false,"Async Capable": false,"Index Name": "idx_lineitem_shipdate","Startup Cost": 0.00,"Total Cost": 5611.55,"Plan Rows": 220712,"Plan Width": 0,"Actual Startup Time": 36.453,"Actual Total Time": 36.453,"Actual Rows": 227315,"Actual Loops": 1,"Index Cond": "((l_shipdate >= '1994-04-01'::date) AND (l_shipdate < '1994-07-01 00:00:00'::timestamp without time zone))"}]}]}]}]}]},"Planning Time": 4.191,"Triggers": [],"Execution Time": 1974.742}]
[{"Plan": {"Node Type": "Merge Join","Parallel Aware": false,"Async Capable": false,"Join Type": "Inner","Startup Cost": 248233.16,"Total Cost": 248754.06,"Plan Rows": 50,"Plan Width": 103,"Actual Startup Time": 2105.260,"Actual Total Time": 2105.296,"Actual Rows": 1,"Actual Loops": 1,"Inner Unique": true,"Merge Cond": "(supplier.s_suppkey = revenue0.supplier_no)","Plans": [{"Node Type": "Aggregate","Strategy": "Plain","Partial Mode": "Simple","Parent Relationship": "InitPlan","Subplan Name": "InitPlan 1 (returns $0)","Parallel Aware": false,"Async Capable": false,"Startup Cost": 124165.51,"Total Cost": 124165.52,"Plan Rows": 1,"Plan Width": 32,"Actual Startup Time": 961.388,"Actual Total Time": 961.403,"Actual Rows": 1,"Actual Loops": 1,"Plans": [{"Node Type": "Aggregate","Strategy": "Hashed","Partial Mode": "Simple","Parent Relationship": "Outer","Parallel Aware": false,"Async Capable": false,"Startup Cost": 123915.34,"Total Cost": 124040.43,"Plan Rows": 10007,"Plan Width": 36,"Actual Startup Time": 954.808,"Actual Total Time": 960.810,"Actual Rows": 10000,"Actual Loops": 1,"Group Key": ["lineitem_1.l_suppkey"],"Planned Partitions": 0,"HashAgg Batches": 1,"Peak Memory Usage": 4497,"Disk Usage": 0,"Plans": [{"Node Type": "Bitmap Heap Scan","Parent Relationship": "Outer","Parallel Aware": false,"Async Capable": false,"Relation Name": "lineitem","Alias": "lineitem_1","Startup Cost": 5773.28,"Total Cost": 121666.71,"Plan Rows": 224863,"Plan Width": 16,"Actual Startup Time": 71.714,"Actual Total Time": 807.278,"Actual Rows": 229559,"Actual Loops": 1,"Recheck Cond": "((l_shipdate >= '1996-07-01'::date) AND (l_shipdate < '1996-10-01 00:00:00'::timestamp without time zone))","Rows Removed by Index Recheck": 0,"Exact Heap Blocks": 67366,"Lossy Heap Blocks": 0,"Plans": [{"Node Type": "Bitmap Index Scan","Parent Relationship": "Outer","Parallel Aware": false,"Async Capable": false,"Index Name": "idx_lineitem_shipdate","Startup Cost": 0.00,"Total Cost": 5717.06,"Plan Rows": 224863,"Plan Width": 0,"Actual Startup Time": 57.516,"Actual Total Time": 57.524,"Actual Rows": 229559,"Actual Loops": 1,"Index Cond": "((l_shipdate >= '1996-07-01'::date) AND (l_shipdate < '1996-10-01 00:00:00'::timestamp without time zone))"}]}]}]},{"Node Type": "Index Scan","Parent Relationship": "Outer","Parallel Aware": false,"Async Capable": false,"Scan Direction": "Forward","Index Name": "supplier_pkey","Relation Name": "supplier","Alias": "supplier","Startup Cost": 0.29,"Total Cost": 495.43,"Plan Rows": 10000,"Plan Width": 71,"Actual Startup Time": 0.107,"Actual Total Time": 1.132,"Actual Rows": 494,"Actual Loops": 1},{"Node Type": "Sort","Parent Relationship": "Inner","Parallel Aware": false,"Async Capable": false,"Startup Cost": 124067.35,"Total Cost": 124067.48,"Plan Rows": 50,"Plan Width": 36,"Actual Startup Time": 2104.066,"Actual Total Time": 2104.076,"Actual Rows": 1,"Actual Loops": 1,"Sort Key": ["revenue0.supplier_no"],"Sort Method": "quicksort","Sort Space Used": 25,"Sort Space Type": "Memory","Plans": [{"Node Type": "Subquery Scan","Parent Relationship": "Outer","Parallel Aware": false,"Async Capable": false,"Alias": "revenue0","Startup Cost": 123915.34,"Total Cost": 124065.94,"Plan Rows": 50,"Plan Width": 36,"Actual Startup Time": 2096.785,"Actual Total Time": 2104.011,"Actual Rows": 1,"Actual Loops": 1,"Plans": [{"Node Type": "Aggregate","Strategy": "Hashed","Partial Mode": "Simple","Parent Relationship": "Subquery","Parallel Aware": false,"Async Capable": false,"Startup Cost": 123915.34,"Total Cost": 124065.44,"Plan Rows": 50,"Plan Width": 36,"Actual Startup Time": 2096.781,"Actual Total Time": 2104.004,"Actual Rows": 1,"Actual Loops": 1,"Group Key": ["lineitem.l_suppkey"],"Filter": "(sum((lineitem.l_extendedprice * ('1'::numeric - lineitem.l_discount))) = $0)","Planned Partitions": 0,"HashAgg Batches": 1,"Peak Memory Usage": 4497,"Disk Usage": 0,"Rows Removed by Filter": 9999,"Plans": [{"Node Type": "Bitmap Heap Scan","Parent Relationship": "Outer","Parallel Aware": false,"Async Capable": false,"Relation Name": "lineitem","Alias": "lineitem","Startup Cost": 5773.28,"Total Cost": 121666.71,"Plan Rows": 224863,"Plan Width": 16,"Actual Startup Time": 68.917,"Actual Total Time": 948.187,"Actual Rows": 229559,"Actual Loops": 1,"Recheck Cond": "((l_shipdate >= '1996-07-01'::date) AND (l_shipdate < '1996-10-01 00:00:00'::timestamp without time zone))","Rows Removed by Index Recheck": 0,"Exact Heap Blocks": 67366,"Lossy Heap Blocks": 0,"Plans": [{"Node Type": "Bitmap Index Scan","Parent Relationship": "Outer","Parallel Aware": false,"Async Capable": false,"Index Name": "idx_lineitem_shipdate","Startup Cost": 0.00,"Total Cost": 5717.06,"Plan Rows": 224863,"Plan Width": 0,"Actual Startup Time": 55.144,"Actual Total Time": 55.147,"Actual Rows": 229559,"Actual Loops": 1,"Index Cond": "((l_shipdate >= '1996-07-01'::date) AND (l_shipdate < '1996-10-01 00:00:00'::timestamp without time zone))"}]}]}]}]}]},"Planning Time": 4.946,"Triggers": [],"Execution Time": 2110.202}]
[{"Plan": {"Node Type": "Merge Join","Parallel Aware": false,"Async Capable": false,"Join Type": "Inner","Startup Cost": 249118.89,"Total Cost": 249639.79,"Plan Rows": 50,"Plan Width": 103,"Actual Startup Time": 2101.709,"Actual Total Time": 2101.748,"Actual Rows": 1,"Actual Loops": 1,"Inner Unique": true,"Merge Cond": "(supplier.s_suppkey = revenue0.supplier_no)","Plans": [{"Node Type": "Aggregate","Strategy": "Plain","Partial Mode": "Simple","Parent Relationship": "InitPlan","Subplan Name": "InitPlan 1 (returns $0)","Parallel Aware": false,"Async Capable": false,"Startup Cost": 124608.38,"Total Cost": 124608.39,"Plan Rows": 1,"Plan Width": 32,"Actual Startup Time": 954.180,"Actual Total Time": 954.190,"Actual Rows": 1,"Actual Loops": 1,"Plans": [{"Node Type": "Aggregate","Strategy": "Hashed","Partial Mode": "Simple","Parent Relationship": "Outer","Parallel Aware": false,"Async Capable": false,"Startup Cost": 124358.20,"Total Cost": 124483.29,"Plan Rows": 10007,"Plan Width": 36,"Actual Startup Time": 944.717,"Actual Total Time": 953.609,"Actual Rows": 10000,"Actual Loops": 1,"Group Key": ["lineitem_1.l_suppkey"],"Planned Partitions": 0,"HashAgg Batches": 1,"Peak Memory Usage": 4497,"Disk Usage": 0,"Plans": [{"Node Type": "Bitmap Heap Scan","Parent Relationship": "Outer","Parallel Aware": false,"Async Capable": false,"Relation Name": "lineitem","Alias": "lineitem_1","Startup Cost": 6006.43,"Total Cost": 122018.70,"Plan Rows": 233951,"Plan Width": 16,"Actual Startup Time": 66.327,"Actual Total Time": 795.231,"Actual Rows": 229338,"Actual Loops": 1,"Recheck Cond": "((l_shipdate >= '1993-07-01'::date) AND (l_shipdate < '1993-10-01 00:00:00'::timestamp without time zone))","Rows Removed by Index Recheck": 0,"Exact Heap Blocks": 67061,"Lossy Heap Blocks": 0,"Plans": [{"Node Type": "Bitmap Index Scan","Parent Relationship": "Outer","Parallel Aware": false,"Async Capable": false,"Index Name": "idx_lineitem_shipdate","Startup Cost": 0.00,"Total Cost": 5947.94,"Plan Rows": 233951,"Plan Width": 0,"Actual Startup Time": 52.411,"Actual Total Time": 52.417,"Actual Rows": 229338,"Actual Loops": 1,"Index Cond": "((l_shipdate >= '1993-07-01'::date) AND (l_shipdate < '1993-10-01 00:00:00'::timestamp without time zone))"}]}]}]},{"Node Type": "Index Scan","Parent Relationship": "Outer","Parallel Aware": false,"Async Capable": false,"Scan Direction": "Forward","Index Name": "supplier_pkey","Relation Name": "supplier","Alias": "supplier","Startup Cost": 0.29,"Total Cost": 495.43,"Plan Rows": 10000,"Plan Width": 71,"Actual Startup Time": 0.105,"Actual Total Time": 12.941,"Actual Rows": 8280,"Actual Loops": 1},{"Node Type": "Sort","Parent Relationship": "Inner","Parallel Aware": false,"Async Capable": false,"Startup Cost": 124510.22,"Total Cost": 124510.34,"Plan Rows": 50,"Plan Width": 36,"Actual Startup Time": 2088.290,"Actual Total Time": 2088.302,"Actual Rows": 1,"Actual Loops": 1,"Sort Key": ["revenue0.supplier_no"],"Sort Method": "quicksort","Sort Space Used": 25,"Sort Space Type": "Memory","Plans": [{"Node Type": "Subquery Scan","Parent Relationship": "Outer","Parallel Aware": false,"Async Capable": false,"Alias": "revenue0","Startup Cost": 124358.20,"Total Cost": 124508.81,"Plan Rows": 50,"Plan Width": 36,"Actual Startup Time": 2064.473,"Actual Total Time": 2088.234,"Actual Rows": 1,"Actual Loops": 1,"Plans": [{"Node Type": "Aggregate","Strategy": "Hashed","Partial Mode": "Simple","Parent Relationship": "Subquery","Parallel Aware": false,"Async Capable": false,"Startup Cost": 124358.20,"Total Cost": 124508.31,"Plan Rows": 50,"Plan Width": 36,"Actual Startup Time": 2064.468,"Actual Total Time": 2088.223,"Actual Rows": 1,"Actual Loops": 1,"Group Key": ["lineitem.l_suppkey"],"Filter": "(sum((lineitem.l_extendedprice * ('1'::numeric - lineitem.l_discount))) = $0)","Planned Partitions": 0,"HashAgg Batches": 1,"Peak Memory Usage": 4497,"Disk Usage": 0,"Rows Removed by Filter": 9999,"Plans": [{"Node Type": "Bitmap Heap Scan","Parent Relationship": "Outer","Parallel Aware": false,"Async Capable": false,"Relation Name": "lineitem","Alias": "lineitem","Startup Cost": 6006.43,"Total Cost": 122018.70,"Plan Rows": 233951,"Plan Width": 16,"Actual Startup Time": 62.518,"Actual Total Time": 939.412,"Actual Rows": 229338,"Actual Loops": 1,"Recheck Cond": "((l_shipdate >= '1993-07-01'::date) AND (l_shipdate < '1993-10-01 00:00:00'::timestamp without time zone))","Rows Removed by Index Recheck": 0,"Exact Heap Blocks": 67061,"Lossy Heap Blocks": 0,"Plans": [{"Node Type": "Bitmap Index Scan","Parent Relationship": "Outer","Parallel Aware": false,"Async Capable": false,"Index Name": "idx_lineitem_shipdate","Startup Cost": 0.00,"Total Cost": 5947.94,"Plan Rows": 233951,"Plan Width": 0,"Actual Startup Time": 48.803,"Actual Total Time": 48.804,"Actual Rows": 229338,"Actual Loops": 1,"Index Cond": "((l_shipdate >= '1993-07-01'::date) AND (l_shipdate < '1993-10-01 00:00:00'::timestamp without time zone))"}]}]}]}]}]},"Planning Time": 4.394,"Triggers": [],"Execution Time": 2106.441}]
[{"Plan": {"Node Type": "Merge Join","Parallel Aware": false,"Async Capable": false,"Join Type": "Inner","Startup Cost": 248837.06,"Total Cost": 249357.95,"Plan Rows": 50,"Plan Width": 103,"Actual Startup Time": 1969.246,"Actual Total Time": 1969.306,"Actual Rows": 1,"Actual Loops": 1,"Inner Unique": true,"Merge Cond": "(supplier.s_suppkey = revenue0.supplier_no)","Plans": [{"Node Type": "Aggregate","Strategy": "Plain","Partial Mode": "Simple","Parent Relationship": "InitPlan","Subplan Name": "InitPlan 1 (returns $0)","Parallel Aware": false,"Async Capable": false,"Startup Cost": 124467.46,"Total Cost": 124467.47,"Plan Rows": 1,"Plan Width": 32,"Actual Startup Time": 899.835,"Actual Total Time": 899.853,"Actual Rows": 1,"Actual Loops": 1,"Plans": [{"Node Type": "Aggregate","Strategy": "Hashed","Partial Mode": "Simple","Parent Relationship": "Outer","Parallel Aware": false,"Async Capable": false,"Startup Cost": 124217.29,"Total Cost": 124342.37,"Plan Rows": 10007,"Plan Width": 36,"Actual Startup Time": 888.951,"Actual Total Time": 899.159,"Actual Rows": 10000,"Actual Loops": 1,"Group Key": ["lineitem_1.l_suppkey"],"Planned Partitions": 0,"HashAgg Batches": 1,"Peak Memory Usage": 4497,"Disk Usage": 0,"Plans": [{"Node Type": "Bitmap Heap Scan","Parent Relationship": "Outer","Parallel Aware": false,"Async Capable": false,"Relation Name": "lineitem","Alias": "lineitem_1","Startup Cost": 5666.73,"Total Cost": 122010.16,"Plan Rows": 220712,"Plan Width": 16,"Actual Startup Time": 50.799,"Actual Total Time": 691.660,"Actual Rows": 227315,"Actual Loops": 1,"Recheck Cond": "((l_shipdate >= '1994-04-01'::date) AND (l_shipdate < '1994-07-01 00:00:00'::timestamp without time zone))","Rows Removed by Index Recheck": 0,"Exact Heap Blocks": 67016,"Lossy Heap Blocks": 0,"Plans": [{"Node Type": "Bitmap Index Scan","Parent Relationship": "Outer","Parallel Aware": false,"Async Capable": false,"Index Name": "idx_lineitem_shipdate","Startup Cost": 0.00,"Total Cost": 5611.55,"Plan Rows": 220712,"Plan Width": 0,"Actual Startup Time": 36.979,"Actual Total Time": 36.992,"Actual Rows": 227315,"Actual Loops": 1,"Index Cond": "((l_shipdate >= '1994-04-01'::date) AND (l_shipdate < '1994-07-01 00:00:00'::timestamp without time zone))"}]}]}]},{"Node Type": "Index Scan","Parent Relationship": "Outer","Parallel Aware": false,"Async Capable": false,"Scan Direction": "Forward","Index Name": "supplier_pkey","Relation Name": "supplier","Alias": "supplier","Startup Cost": 0.29,"Total Cost": 495.43,"Plan Rows": 10000,"Plan Width": 71,"Actual Startup Time": 0.084,"Actual Total Time": 2.331,"Actual Rows": 1360,"Actual Loops": 1},{"Node Type": "Sort","Parent Relationship": "Inner","Parallel Aware": false,"Async Capable": false,"Startup Cost": 124369.30,"Total Cost": 124369.43,"Plan Rows": 50,"Plan Width": 36,"Actual Startup Time": 1966.772,"Actual Total Time": 1966.788,"Actual Rows": 1,"Actual Loops": 1,"Sort Key": ["revenue0.supplier_no"],"Sort Method": "quicksort","Sort Space Used": 25,"Sort Space Type": "Memory","Plans": [{"Node Type": "Subquery Scan","Parent Relationship": "Outer","Parallel Aware": false,"Async Capable": false,"Alias": "revenue0","Startup Cost": 124217.29,"Total Cost": 124367.89,"Plan Rows": 50,"Plan Width": 36,"Actual Startup Time": 1963.574,"Actual Total Time": 1966.737,"Actual Rows": 1,"Actual Loops": 1,"Plans": [{"Node Type": "Aggregate","Strategy": "Hashed","Partial Mode": "Simple","Parent Relationship": "Subquery","Parallel Aware": false,"Async Capable": false,"Startup Cost": 124217.29,"Total Cost": 124367.39,"Plan Rows": 50,"Plan Width": 36,"Actual Startup Time": 1963.555,"Actual Total Time": 1966.695,"Actual Rows": 1,"Actual Loops": 1,"Group Key": ["lineitem.l_suppkey"],"Filter": "(sum((lineitem.l_extendedprice * ('1'::numeric - lineitem.l_discount))) = $0)","Planned Partitions": 0,"HashAgg Batches": 1,"Peak Memory Usage": 4497,"Disk Usage": 0,"Rows Removed by Filter": 9999,"Plans": [{"Node Type": "Bitmap Heap Scan","Parent Relationship": "Outer","Parallel Aware": false,"Async Capable": false,"Relation Name": "lineitem","Alias": "lineitem","Startup Cost": 5666.73,"Total Cost": 122010.16,"Plan Rows": 220712,"Plan Width": 16,"Actual Startup Time": 49.894,"Actual Total Time": 881.952,"Actual Rows": 227315,"Actual Loops": 1,"Recheck Cond": "((l_shipdate >= '1994-04-01'::date) AND (l_shipdate < '1994-07-01 00:00:00'::timestamp without time zone))","Rows Removed by Index Recheck": 0,"Exact Heap Blocks": 67016,"Lossy Heap Blocks": 0,"Plans": [{"Node Type": "Bitmap Index Scan","Parent Relationship": "Outer","Parallel Aware": false,"Async Capable": false,"Index Name": "idx_lineitem_shipdate","Startup Cost": 0.00,"Total Cost": 5611.55,"Plan Rows": 220712,"Plan Width": 0,"Actual Startup Time": 36.453,"Actual Total Time": 36.453,"Actual Rows": 227315,"Actual Loops": 1,"Index Cond": "((l_shipdate >= '1994-04-01'::date) AND (l_shipdate < '1994-07-01 00:00:00'::timestamp without time zone))"}]}]}]}]}]},"Planning Time": 4.191,"Triggers": [],"Execution Time": 1974.742}]
[{"Plan": {"Node Type": "Merge Join","Parallel Aware": false,"Async Capable": false,"Join Type": "Inner","Startup Cost": 249118.89,"Total Cost": 249639.79,"Plan Rows": 50,"Plan Width": 103,"Actual Startup Time": 2101.709,"Actual Total Time": 2101.748,"Actual Rows": 1,"Actual Loops": 1,"Inner Unique": true,"Merge Cond": "(supplier.s_suppkey = revenue0.supplier_no)","Plans": [{"Node Type": "Aggregate","Strategy": "Plain","Partial Mode": "Simple","Parent Relationship": "InitPlan","Subplan Name": "InitPlan 1 (returns $0)","Parallel Aware": false,"Async Capable": false,"Startup Cost": 124608.38,"Total Cost": 124608.39,"Plan Rows": 1,"Plan Width": 32,"Actual Startup Time": 954.180,"Actual Total Time": 954.190,"Actual Rows": 1,"Actual Loops": 1,"Plans": [{"Node Type": "Aggregate","Strategy": "Hashed","Partial Mode": "Simple","Parent Relationship": "Outer","Parallel Aware": false,"Async Capable": false,"Startup Cost": 124358.20,"Total Cost": 124483.29,"Plan Rows": 10007,"Plan Width": 36,"Actual Startup Time": 944.717,"Actual Total Time": 953.609,"Actual Rows": 10000,"Actual Loops": 1,"Group Key": ["lineitem_1.l_suppkey"],"Planned Partitions": 0,"HashAgg Batches": 1,"Peak Memory Usage": 4497,"Disk Usage": 0,"Plans": [{"Node Type": "Bitmap Heap Scan","Parent Relationship": "Outer","Parallel Aware": false,"Async Capable": false,"Relation Name": "lineitem","Alias": "lineitem_1","Startup Cost": 6006.43,"Total Cost": 122018.70,"Plan Rows": 233951,"Plan Width": 16,"Actual Startup Time": 66.327,"Actual Total Time": 795.231,"Actual Rows": 229338,"Actual Loops": 1,"Recheck Cond": "((l_shipdate >= '1993-07-01'::date) AND (l_shipdate < '1993-10-01 00:00:00'::timestamp without time zone))","Rows Removed by Index Recheck": 0,"Exact Heap Blocks": 67061,"Lossy Heap Blocks": 0,"Plans": [{"Node Type": "Bitmap Index Scan","Parent Relationship": "Outer","Parallel Aware": false,"Async Capable": false,"Index Name": "idx_lineitem_shipdate","Startup Cost": 0.00,"Total Cost": 5947.94,"Plan Rows": 233951,"Plan Width": 0,"Actual Startup Time": 52.411,"Actual Total Time": 52.417,"Actual Rows": 229338,"Actual Loops": 1,"Index Cond": "((l_shipdate >= '1993-07-01'::date) AND (l_shipdate < '1993-10-01 00:00:00'::timestamp without time zone))"}]}]}]},{"Node Type": "Index Scan","Parent Relationship": "Outer","Parallel Aware": false,"Async Capable": false,"Scan Direction": "Forward","Index Name": "supplier_pkey","Relation Name": "supplier","Alias": "supplier","Startup Cost": 0.29,"Total Cost": 495.43,"Plan Rows": 10000,"Plan Width": 71,"Actual Startup Time": 0.105,"Actual Total Time": 12.941,"Actual Rows": 8280,"Actual Loops": 1},{"Node Type": "Sort","Parent Relationship": "Inner","Parallel Aware": false,"Async Capable": false,"Startup Cost": 124510.22,"Total Cost": 124510.34,"Plan Rows": 50,"Plan Width": 36,"Actual Startup Time": 2088.290,"Actual Total Time": 2088.302,"Actual Rows": 1,"Actual Loops": 1,"Sort Key": ["revenue0.supplier_no"],"Sort Method": "quicksort","Sort Space Used": 25,"Sort Space Type": "Memory","Plans": [{"Node Type": "Subquery Scan","Parent Relationship": "Outer","Parallel Aware": false,"Async Capable": false,"Alias": "revenue0","Startup Cost": 124358.20,"Total Cost": 124508.81,"Plan Rows": 50,"Plan Width": 36,"Actual Startup Time": 2064.473,"Actual Total Time": 2088.234,"Actual Rows": 1,"Actual Loops": 1,"Plans": [{"Node Type": "Aggregate","Strategy": "Hashed","Partial Mode": "Simple","Parent Relationship": "Subquery","Parallel Aware": false,"Async Capable": false,"Startup Cost": 124358.20,"Total Cost": 124508.31,"Plan Rows": 50,"Plan Width": 36,"Actual Startup Time": 2064.468,"Actual Total Time": 2088.223,"Actual Rows": 1,"Actual Loops": 1,"Group Key": ["lineitem.l_suppkey"],"Filter": "(sum((lineitem.l_extendedprice * ('1'::numeric - lineitem.l_discount))) = $0)","Planned Partitions": 0,"HashAgg Batches": 1,"Peak Memory Usage": 4497,"Disk Usage": 0,"Rows Removed by Filter": 9999,"Plans": [{"Node Type": "Bitmap Heap Scan","Parent Relationship": "Outer","Parallel Aware": false,"Async Capable": false,"Relation Name": "lineitem","Alias": "lineitem","Startup Cost": 6006.43,"Total Cost": 122018.70,"Plan Rows": 233951,"Plan Width": 16,"Actual Startup Time": 62.518,"Actual Total Time": 939.412,"Actual Rows": 229338,"Actual Loops": 1,"Recheck Cond": "((l_shipdate >= '1993-07-01'::date) AND (l_shipdate < '1993-10-01 00:00:00'::timestamp without time zone))","Rows Removed by Index Recheck": 0,"Exact Heap Blocks": 67061,"Lossy Heap Blocks": 0,"Plans": [{"Node Type": "Bitmap Index Scan","Parent Relationship": "Outer","Parallel Aware": false,"Async Capable": false,"Index Name": "idx_lineitem_shipdate","Startup Cost": 0.00,"Total Cost": 5947.94,"Plan Rows": 233951,"Plan Width": 0,"Actual Startup Time": 48.803,"Actual Total Time": 48.804,"Actual Rows": 229338,"Actual Loops": 1,"Index Cond": "((l_shipdate >= '1993-07-01'::date) AND (l_shipdate < '1993-10-01 00:00:00'::timestamp without time zone))"}]}]}]}]}]},"Planning Time": 4.394,"Triggers": [],"Execution Time": 2106.441}]
[{"Plan": {"Node Type": "Merge Join","Parallel Aware": false,"Async Capable": false,"Join Type": "Inner","Startup Cost": 248983.50,"Total Cost": 249504.39,"Plan Rows": 50,"Plan Width": 103,"Actual Startup Time": 1938.743,"Actual Total Time": 1938.793,"Actual Rows": 1,"Actual Loops": 1,"Inner Unique": true,"Merge Cond": "(supplier.s_suppkey = revenue0.supplier_no)","Plans": [{"Node Type": "Aggregate","Strategy": "Plain","Partial Mode": "Simple","Parent Relationship": "InitPlan","Subplan Name": "InitPlan 1 (returns $0)","Parallel Aware": false,"Async Capable": false,"Startup Cost": 124540.68,"Total Cost": 124540.69,"Plan Rows": 1,"Plan Width": 32,"Actual Startup Time": 839.155,"Actual Total Time": 839.170,"Actual Rows": 1,"Actual Loops": 1,"Plans": [{"Node Type": "Aggregate","Strategy": "Hashed","Partial Mode": "Simple","Parent Relationship": "Outer","Parallel Aware": false,"Async Capable": false,"Startup Cost": 124290.50,"Total Cost": 124415.59,"Plan Rows": 10007,"Plan Width": 36,"Actual Startup Time": 829.011,"Actual Total Time": 838.572,"Actual Rows": 10000,"Actual Loops": 1,"Group Key": ["lineitem_1.l_suppkey"],"Planned Partitions": 0,"HashAgg Batches": 1,"Peak Memory Usage": 4497,"Disk Usage": 0,"Plans": [{"Node Type": "Bitmap Heap Scan","Parent Relationship": "Outer","Parallel Aware": false,"Async Capable": false,"Relation Name": "lineitem","Alias": "lineitem_1","Startup Cost": 5640.16,"Total Cost": 122093.70,"Plan Rows": 219681,"Plan Width": 16,"Actual Startup Time": 57.904,"Actual Total Time": 668.211,"Actual Rows": 225815,"Actual Loops": 1,"Recheck Cond": "((l_shipdate >= '1996-12-01'::date) AND (l_shipdate < '1997-03-01 00:00:00'::timestamp without time zone))","Rows Removed by Index Recheck": 0,"Exact Heap Blocks": 66669,"Lossy Heap Blocks": 0,"Plans": [{"Node Type": "Bitmap Index Scan","Parent Relationship": "Outer","Parallel Aware": false,"Async Capable": false,"Index Name": "idx_lineitem_shipdate","Startup Cost": 0.00,"Total Cost": 5585.24,"Plan Rows": 219681,"Plan Width": 0,"Actual Startup Time": 44.432,"Actual Total Time": 44.435,"Actual Rows": 225815,"Actual Loops": 1,"Index Cond": "((l_shipdate >= '1996-12-01'::date) AND (l_shipdate < '1997-03-01 00:00:00'::timestamp without time zone))"}]}]}]},{"Node Type": "Index Scan","Parent Relationship": "Outer","Parallel Aware": false,"Async Capable": false,"Scan Direction": "Forward","Index Name": "supplier_pkey","Relation Name": "supplier","Alias": "supplier","Startup Cost": 0.29,"Total Cost": 495.43,"Plan Rows": 10000,"Plan Width": 71,"Actual Startup Time": 0.092,"Actual Total Time": 9.144,"Actual Rows": 5992,"Actual Loops": 1},{"Node Type": "Sort","Parent Relationship": "Inner","Parallel Aware": false,"Async Capable": false,"Startup Cost": 124442.52,"Total Cost": 124442.65,"Plan Rows": 50,"Plan Width": 36,"Actual Startup Time": 1929.238,"Actual Total Time": 1929.255,"Actual Rows": 1,"Actual Loops": 1,"Sort Key": ["revenue0.supplier_no"],"Sort Method": "quicksort","Sort Space Used": 25,"Sort Space Type": "Memory","Plans": [{"Node Type": "Subquery Scan","Parent Relationship": "Outer","Parallel Aware": false,"Async Capable": false,"Alias": "revenue0","Startup Cost": 124290.50,"Total Cost": 124441.11,"Plan Rows": 50,"Plan Width": 36,"Actual Startup Time": 1899.450,"Actual Total Time": 1929.215,"Actual Rows": 1,"Actual Loops": 1,"Plans": [{"Node Type": "Aggregate","Strategy": "Hashed","Partial Mode": "Simple","Parent Relationship": "Subquery","Parallel Aware": false,"Async Capable": false,"Startup Cost": 124290.50,"Total Cost": 124440.61,"Plan Rows": 50,"Plan Width": 36,"Actual Startup Time": 1899.446,"Actual Total Time": 1929.206,"Actual Rows": 1,"Actual Loops": 1,"Group Key": ["lineitem.l_suppkey"],"Filter": "(sum((lineitem.l_extendedprice * ('1'::numeric - lineitem.l_discount))) = $0)","Planned Partitions": 0,"HashAgg Batches": 1,"Peak Memory Usage": 4497,"Disk Usage": 0,"Rows Removed by Filter": 9999,"Plans": [{"Node Type": "Bitmap Heap Scan","Parent Relationship": "Outer","Parallel Aware": false,"Async Capable": false,"Relation Name": "lineitem","Alias": "lineitem","Startup Cost": 5640.16,"Total Cost": 122093.70,"Plan Rows": 219681,"Plan Width": 16,"Actual Startup Time": 57.890,"Actual Total Time": 893.942,"Actual Rows": 225815,"Actual Loops": 1,"Recheck Cond": "((l_shipdate >= '1996-12-01'::date) AND (l_shipdate < '1997-03-01 00:00:00'::timestamp without time zone))","Rows Removed by Index Recheck": 0,"Exact Heap Blocks": 66669,"Lossy Heap Blocks": 0,"Plans": [{"Node Type": "Bitmap Index Scan","Parent Relationship": "Outer","Parallel Aware": false,"Async Capable": false,"Index Name": "idx_lineitem_shipdate","Startup Cost": 0.00,"Total Cost": 5585.24,"Plan Rows": 219681,"Plan Width": 0,"Actual Startup Time": 44.501,"Actual Total Time": 44.501,"Actual Rows": 225815,"Actual Loops": 1,"Index Cond": "((l_shipdate >= '1996-12-01'::date) AND (l_shipdate < '1997-03-01 00:00:00'::timestamp without time zone))"}]}]}]}]}]},"Planning Time": 4.317,"Triggers": [],"Execution Time": 1941.817}]
[{"Plan": {"Node Type": "Merge Join","Parallel Aware": false,"Async Capable": false,"Join Type": "Inner","Startup Cost": 248749.22,"Total Cost": 249270.12,"Plan Rows": 50,"Plan Width": 103,"Actual Startup Time": 1931.389,"Actual Total Time": 1931.417,"Actual Rows": 1,"Actual Loops": 1,"Inner Unique": true,"Merge Cond": "(supplier.s_suppkey = revenue0.supplier_no)","Plans": [{"Node Type": "Aggregate","Strategy": "Plain","Partial Mode": "Simple","Parent Relationship": "InitPlan","Subplan Name": "InitPlan 1 (returns $0)","Parallel Aware": false,"Async Capable": false,"Startup Cost": 124423.54,"Total Cost": 124423.55,"Plan Rows": 1,"Plan Width": 32,"Actual Startup Time": 829.182,"Actual Total Time": 829.192,"Actual Rows": 1,"Actual Loops": 1,"Plans": [{"Node Type": "Aggregate","Strategy": "Hashed","Partial Mode": "Simple","Parent Relationship": "Outer","Parallel Aware": false,"Async Capable": false,"Startup Cost": 124173.37,"Total Cost": 124298.46,"Plan Rows": 10007,"Plan Width": 36,"Actual Startup Time": 816.902,"Actual Total Time": 828.607,"Actual Rows": 10000,"Actual Loops": 1,"Group Key": ["lineitem_1.l_suppkey"],"Planned Partitions": 0,"HashAgg Batches": 1,"Peak Memory Usage": 4497,"Disk Usage": 0,"Plans": [{"Node Type": "Bitmap Heap Scan","Parent Relationship": "Outer","Parallel Aware": false,"Async Capable": false,"Relation Name": "lineitem","Alias": "lineitem_1","Startup Cost": 5912.97,"Total Cost": 121870.41,"Plan Rows": 230296,"Plan Width": 16,"Actual Startup Time": 50.257,"Actual Total Time": 644.900,"Actual Rows": 230072,"Actual Loops": 1,"Recheck Cond": "((l_shipdate >= '1995-10-01'::date) AND (l_shipdate < '1996-01-01 00:00:00'::timestamp without time zone))","Rows Removed by Index Recheck": 0,"Exact Heap Blocks": 67245,"Lossy Heap Blocks": 0,"Plans": [{"Node Type": "Bitmap Index Scan","Parent Relationship": "Outer","Parallel Aware": false,"Async Capable": false,"Index Name": "idx_lineitem_shipdate","Startup Cost": 0.00,"Total Cost": 5855.39,"Plan Rows": 230296,"Plan Width": 0,"Actual Startup Time": 36.768,"Actual Total Time": 36.770,"Actual Rows": 230072,"Actual Loops": 1,"Index Cond": "((l_shipdate >= '1995-10-01'::date) AND (l_shipdate < '1996-01-01 00:00:00'::timestamp without time zone))"}]}]}]},{"Node Type": "Index Scan","Parent Relationship": "Outer","Parallel Aware": false,"Async Capable": false,"Scan Direction": "Forward","Index Name": "supplier_pkey","Relation Name": "supplier","Alias": "supplier","Startup Cost": 0.29,"Total Cost": 495.43,"Plan Rows": 10000,"Plan Width": 71,"Actual Startup Time": 0.086,"Actual Total Time": 4.053,"Actual Rows": 2388,"Actual Loops": 1},{"Node Type": "Sort","Parent Relationship": "Inner","Parallel Aware": false,"Async Capable": false,"Startup Cost": 124325.38,"Total Cost": 124325.51,"Plan Rows": 50,"Plan Width": 36,"Actual Startup Time": 1927.160,"Actual Total Time": 1927.170,"Actual Rows": 1,"Actual Loops": 1,"Sort Key": ["revenue0.supplier_no"],"Sort Method": "quicksort","Sort Space Used": 25,"Sort Space Type": "Memory","Plans": [{"Node Type": "Subquery Scan","Parent Relationship": "Outer","Parallel Aware": false,"Async Capable": false,"Alias": "revenue0","Startup Cost": 124173.37,"Total Cost": 124323.97,"Plan Rows": 50,"Plan Width": 36,"Actual Startup Time": 1921.461,"Actual Total Time": 1927.124,"Actual Rows": 1,"Actual Loops": 1,"Plans": [{"Node Type": "Aggregate","Strategy": "Hashed","Partial Mode": "Simple","Parent Relationship": "Subquery","Parallel Aware": false,"Async Capable": false,"Startup Cost": 124173.37,"Total Cost": 124323.47,"Plan Rows": 50,"Plan Width": 36,"Actual Startup Time": 1921.452,"Actual Total Time": 1927.108,"Actual Rows": 1,"Actual Loops": 1,"Group Key": ["lineitem.l_suppkey"],"Filter": "(sum((lineitem.l_extendedprice * ('1'::numeric - lineitem.l_discount))) = $0)","Planned Partitions": 0,"HashAgg Batches": 1,"Peak Memory Usage": 4497,"Disk Usage": 0,"Rows Removed by Filter": 9999,"Plans": [{"Node Type": "Bitmap Heap Scan","Parent Relationship": "Outer","Parallel Aware": false,"Async Capable": false,"Relation Name": "lineitem","Alias": "lineitem","Startup Cost": 5912.97,"Total Cost": 121870.41,"Plan Rows": 230296,"Plan Width": 16,"Actual Startup Time": 50.046,"Actual Total Time": 890.624,"Actual Rows": 230072,"Actual Loops": 1,"Recheck Cond": "((l_shipdate >= '1995-10-01'::date) AND (l_shipdate < '1996-01-01 00:00:00'::timestamp without time zone))","Rows Removed by Index Recheck": 0,"Exact Heap Blocks": 67245,"Lossy Heap Blocks": 0,"Plans": [{"Node Type": "Bitmap Index Scan","Parent Relationship": "Outer","Parallel Aware": false,"Async Capable": false,"Index Name": "idx_lineitem_shipdate","Startup Cost": 0.00,"Total Cost": 5855.39,"Plan Rows": 230296,"Plan Width": 0,"Actual Startup Time": 36.694,"Actual Total Time": 36.694,"Actual Rows": 230072,"Actual Loops": 1,"Index Cond": "((l_shipdate >= '1995-10-01'::date) AND (l_shipdate < '1996-01-01 00:00:00'::timestamp without time zone))"}]}]}]}]}]},"Planning Time": 4.561,"Triggers": [],"Execution Time": 1934.601}]
[{"Plan": {"Node Type": "Merge Join","Parallel Aware": false,"Async Capable": false,"Join Type": "Inner","Startup Cost": 249160.41,"Total Cost": 249681.31,"Plan Rows": 50,"Plan Width": 103,"Actual Startup Time": 2073.279,"Actual Total Time": 2073.319,"Actual Rows": 1,"Actual Loops": 1,"Inner Unique": true,"Merge Cond": "(supplier.s_suppkey = revenue0.supplier_no)","Plans": [{"Node Type": "Aggregate","Strategy": "Plain","Partial Mode": "Simple","Parent Relationship": "InitPlan","Subplan Name": "InitPlan 1 (returns $0)","Parallel Aware": false,"Async Capable": false,"Startup Cost": 124629.14,"Total Cost": 124629.15,"Plan Rows": 1,"Plan Width": 32,"Actual Startup Time": 939.006,"Actual Total Time": 939.018,"Actual Rows": 1,"Actual Loops": 1,"Plans": [{"Node Type": "Aggregate","Strategy": "Hashed","Partial Mode": "Simple","Parent Relationship": "Outer","Parallel Aware": false,"Async Capable": false,"Startup Cost": 124378.96,"Total Cost": 124504.05,"Plan Rows": 10007,"Plan Width": 36,"Actual Startup Time": 931.108,"Actual Total Time": 938.419,"Actual Rows": 10000,"Actual Loops": 1,"Group Key": ["lineitem_1.l_suppkey"],"Planned Partitions": 0,"HashAgg Batches": 1,"Peak Memory Usage": 4497,"Disk Usage": 0,"Plans": [{"Node Type": "Bitmap Heap Scan","Parent Relationship": "Outer","Parallel Aware": false,"Async Capable": false,"Relation Name": "lineitem","Alias": "lineitem_1","Startup Cost": 6018.14,"Total Cost": 122035.84,"Plan Rows": 234313,"Plan Width": 16,"Actual Startup Time": 52.989,"Actual Total Time": 776.177,"Actual Rows": 229123,"Actual Loops": 1,"Recheck Cond": "((l_shipdate >= '1994-11-01'::date) AND (l_shipdate < '1995-02-01 00:00:00'::timestamp without time zone))","Rows Removed by Index Recheck": 0,"Exact Heap Blocks": 67216,"Lossy Heap Blocks": 0,"Plans": [{"Node Type": "Bitmap Index Scan","Parent Relationship": "Outer","Parallel Aware": false,"Async Capable": false,"Index Name": "idx_lineitem_shipdate","Startup Cost": 0.00,"Total Cost": 5959.56,"Plan Rows": 234313,"Plan Width": 0,"Actual Startup Time": 39.328,"Actual Total Time": 39.335,"Actual Rows": 229123,"Actual Loops": 1,"Index Cond": "((l_shipdate >= '1994-11-01'::date) AND (l_shipdate < '1995-02-01 00:00:00'::timestamp without time zone))"}]}]}]},{"Node Type": "Index Scan","Parent Relationship": "Outer","Parallel Aware": false,"Async Capable": false,"Scan Direction": "Forward","Index Name": "supplier_pkey","Relation Name": "supplier","Alias": "supplier","Startup Cost": 0.29,"Total Cost": 495.43,"Plan Rows": 10000,"Plan Width": 71,"Actual Startup Time": 0.068,"Actual Total Time": 3.400,"Actual Rows": 1942,"Actual Loops": 1},{"Node Type": "Sort","Parent Relationship": "Inner","Parallel Aware": false,"Async Capable": false,"Startup Cost": 124530.98,"Total Cost": 124531.10,"Plan Rows": 50,"Plan Width": 36,"Actual Startup Time": 2069.742,"Actual Total Time": 2069.754,"Actual Rows": 1,"Actual Loops": 1,"Sort Key": ["revenue0.supplier_no"],"Sort Method": "quicksort","Sort Space Used": 25,"Sort Space Type": "Memory","Plans": [{"Node Type": "Subquery Scan","Parent Relationship": "Outer","Parallel Aware": false,"Async Capable": false,"Alias": "revenue0","Startup Cost": 124378.96,"Total Cost": 124529.57,"Plan Rows": 50,"Plan Width": 36,"Actual Startup Time": 2038.680,"Actual Total Time": 2069.702,"Actual Rows": 1,"Actual Loops": 1,"Plans": [{"Node Type": "Aggregate","Strategy": "Hashed","Partial Mode": "Simple","Parent Relationship": "Subquery","Parallel Aware": false,"Async Capable": false,"Startup Cost": 124378.96,"Total Cost": 124529.07,"Plan Rows": 50,"Plan Width": 36,"Actual Startup Time": 2038.671,"Actual Total Time": 2069.682,"Actual Rows": 1,"Actual Loops": 1,"Group Key": ["lineitem.l_suppkey"],"Filter": "(sum((lineitem.l_extendedprice * ('1'::numeric - lineitem.l_discount))) = $0)","Planned Partitions": 0,"HashAgg Batches": 1,"Peak Memory Usage": 4497,"Disk Usage": 0,"Rows Removed by Filter": 9999,"Plans": [{"Node Type": "Bitmap Heap Scan","Parent Relationship": "Outer","Parallel Aware": false,"Async Capable": false,"Relation Name": "lineitem","Alias": "lineitem","Startup Cost": 6018.14,"Total Cost": 122035.84,"Plan Rows": 234313,"Plan Width": 16,"Actual Startup Time": 55.954,"Actual Total Time": 934.360,"Actual Rows": 229123,"Actual Loops": 1,"Recheck Cond": "((l_shipdate >= '1994-11-01'::date) AND (l_shipdate < '1995-02-01 00:00:00'::timestamp without time zone))","Rows Removed by Index Recheck": 0,"Exact Heap Blocks": 67216,"Lossy Heap Blocks": 0,"Plans": [{"Node Type": "Bitmap Index Scan","Parent Relationship": "Outer","Parallel Aware": false,"Async Capable": false,"Index Name": "idx_lineitem_shipdate","Startup Cost": 0.00,"Total Cost": 5959.56,"Plan Rows": 234313,"Plan Width": 0,"Actual Startup Time": 42.235,"Actual Total Time": 42.239,"Actual Rows": 229123,"Actual Loops": 1,"Index Cond": "((l_shipdate >= '1994-11-01'::date) AND (l_shipdate < '1995-02-01 00:00:00'::timestamp without time zone))"}]}]}]}]}]},"Planning Time": 5.241,"Triggers": [],"Execution Time": 2077.503}]
[{"Plan": {"Node Type": "Merge Join","Parallel Aware": false,"Async Capable": false,"Join Type": "Inner","Startup Cost": 250128.21,"Total Cost": 250649.11,"Plan Rows": 50,"Plan Width": 103,"Actual Startup Time": 2022.562,"Actual Total Time": 2022.614,"Actual Rows": 1,"Actual Loops": 1,"Inner Unique": true,"Merge Cond": "(supplier.s_suppkey = revenue0.supplier_no)","Plans": [{"Node Type": "Aggregate","Strategy": "Plain","Partial Mode": "Simple","Parent Relationship": "InitPlan","Subplan Name": "InitPlan 1 (returns $0)","Parallel Aware": false,"Async Capable": false,"Startup Cost": 125113.04,"Total Cost": 125113.05,"Plan Rows": 1,"Plan Width": 32,"Actual Startup Time": 928.683,"Actual Total Time": 928.707,"Actual Rows": 1,"Actual Loops": 1,"Plans": [{"Node Type": "Aggregate","Strategy": "Hashed","Partial Mode": "Simple","Parent Relationship": "Outer","Parallel Aware": false,"Async Capable": false,"Startup Cost": 124862.86,"Total Cost": 124987.95,"Plan Rows": 10007,"Plan Width": 36,"Actual Startup Time": 922.246,"Actual Total Time": 928.037,"Actual Rows": 10000,"Actual Loops": 1,"Group Key": ["lineitem_1.l_suppkey"],"Planned Partitions": 0,"HashAgg Batches": 1,"Peak Memory Usage": 4497,"Disk Usage": 0,"Plans": [{"Node Type": "Bitmap Heap Scan","Parent Relationship": "Outer","Parallel Aware": false,"Async Capable": false,"Relation Name": "lineitem","Alias": "lineitem_1","Startup Cost": 6263.81,"Total Cost": 122424.44,"Plan Rows": 243842,"Plan Width": 16,"Actual Startup Time": 48.690,"Actual Total Time": 710.961,"Actual Rows": 231712,"Actual Loops": 1,"Recheck Cond": "((l_shipdate >= '1995-03-01'::date) AND (l_shipdate < '1995-06-01 00:00:00'::timestamp without time zone))","Rows Removed by Index Recheck": 0,"Exact Heap Blocks": 67567,"Lossy Heap Blocks": 0,"Plans": [{"Node Type": "Bitmap Index Scan","Parent Relationship": "Outer","Parallel Aware": false,"Async Capable": false,"Index Name": "idx_lineitem_shipdate","Startup Cost": 0.00,"Total Cost": 6202.85,"Plan Rows": 243842,"Plan Width": 0,"Actual Startup Time": 35.293,"Actual Total Time": 35.308,"Actual Rows": 231712,"Actual Loops": 1,"Index Cond": "((l_shipdate >= '1995-03-01'::date) AND (l_shipdate < '1995-06-01 00:00:00'::timestamp without time zone))"}]}]}]},{"Node Type": "Index Scan","Parent Relationship": "Outer","Parallel Aware": false,"Async Capable": false,"Scan Direction": "Forward","Index Name": "supplier_pkey","Relation Name": "supplier","Alias": "supplier","Startup Cost": 0.29,"Total Cost": 495.43,"Plan Rows": 10000,"Plan Width": 71,"Actual Startup Time": 0.085,"Actual Total Time": 4.032,"Actual Rows": 2389,"Actual Loops": 1},{"Node Type": "Sort","Parent Relationship": "Inner","Parallel Aware": false,"Async Capable": false,"Startup Cost": 125014.88,"Total Cost": 125015.00,"Plan Rows": 50,"Plan Width": 36,"Actual Startup Time": 2018.326,"Actual Total Time": 2018.343,"Actual Rows": 1,"Actual Loops": 1,"Sort Key": ["revenue0.supplier_no"],"Sort Method": "quicksort","Sort Space Used": 25,"Sort Space Type": "Memory","Plans": [{"Node Type": "Subquery Scan","Parent Relationship": "Outer","Parallel Aware": false,"Async Capable": false,"Alias": "revenue0","Startup Cost": 124862.86,"Total Cost": 125013.47,"Plan Rows": 50,"Plan Width": 36,"Actual Startup Time": 2012.310,"Actual Total Time": 2018.289,"Actual Rows": 1,"Actual Loops": 1,"Plans": [{"Node Type": "Aggregate","Strategy": "Hashed","Partial Mode": "Simple","Parent Relationship": "Subquery","Parallel Aware": false,"Async Capable": false,"Startup Cost": 124862.86,"Total Cost": 125012.97,"Plan Rows": 50,"Plan Width": 36,"Actual Startup Time": 2012.297,"Actual Total Time": 2018.253,"Actual Rows": 1,"Actual Loops": 1,"Group Key": ["lineitem.l_suppkey"],"Filter": "(sum((lineitem.l_extendedprice * ('1'::numeric - lineitem.l_discount))) = $0)","Planned Partitions": 0,"HashAgg Batches": 1,"Peak Memory Usage": 4497,"Disk Usage": 0,"Rows Removed by Filter": 9999,"Plans": [{"Node Type": "Bitmap Heap Scan","Parent Relationship": "Outer","Parallel Aware": false,"Async Capable": false,"Relation Name": "lineitem","Alias": "lineitem","Startup Cost": 6263.81,"Total Cost": 122424.44,"Plan Rows": 243842,"Plan Width": 16,"Actual Startup Time": 47.520,"Actual Total Time": 900.245,"Actual Rows": 231712,"Actual Loops": 1,"Recheck Cond": "((l_shipdate >= '1995-03-01'::date) AND (l_shipdate < '1995-06-01 00:00:00'::timestamp without time zone))","Rows Removed by Index Recheck": 0,"Exact Heap Blocks": 67567,"Lossy Heap Blocks": 0,"Plans": [{"Node Type": "Bitmap Index Scan","Parent Relationship": "Outer","Parallel Aware": false,"Async Capable": false,"Index Name": "idx_lineitem_shipdate","Startup Cost": 0.00,"Total Cost": 6202.85,"Plan Rows": 243842,"Plan Width": 0,"Actual Startup Time": 34.598,"Actual Total Time": 34.600,"Actual Rows": 231712,"Actual Loops": 1,"Index Cond": "((l_shipdate >= '1995-03-01'::date) AND (l_shipdate < '1995-06-01 00:00:00'::timestamp without time zone))"}]}]}]}]}]},"Planning Time": 4.581,"Triggers": [],"Execution Time": 2027.411}]
[{"Plan": {"Node Type": "Merge Join","Parallel Aware": false,"Async Capable": false,"Join Type": "Inner","Startup Cost": 248749.22,"Total Cost": 249270.12,"Plan Rows": 50,"Plan Width": 103,"Actual Startup Time": 1931.389,"Actual Total Time": 1931.417,"Actual Rows": 1,"Actual Loops": 1,"Inner Unique": true,"Merge Cond": "(supplier.s_suppkey = revenue0.supplier_no)","Plans": [{"Node Type": "Aggregate","Strategy": "Plain","Partial Mode": "Simple","Parent Relationship": "InitPlan","Subplan Name": "InitPlan 1 (returns $0)","Parallel Aware": false,"Async Capable": false,"Startup Cost": 124423.54,"Total Cost": 124423.55,"Plan Rows": 1,"Plan Width": 32,"Actual Startup Time": 829.182,"Actual Total Time": 829.192,"Actual Rows": 1,"Actual Loops": 1,"Plans": [{"Node Type": "Aggregate","Strategy": "Hashed","Partial Mode": "Simple","Parent Relationship": "Outer","Parallel Aware": false,"Async Capable": false,"Startup Cost": 124173.37,"Total Cost": 124298.46,"Plan Rows": 10007,"Plan Width": 36,"Actual Startup Time": 816.902,"Actual Total Time": 828.607,"Actual Rows": 10000,"Actual Loops": 1,"Group Key": ["lineitem_1.l_suppkey"],"Planned Partitions": 0,"HashAgg Batches": 1,"Peak Memory Usage": 4497,"Disk Usage": 0,"Plans": [{"Node Type": "Bitmap Heap Scan","Parent Relationship": "Outer","Parallel Aware": false,"Async Capable": false,"Relation Name": "lineitem","Alias": "lineitem_1","Startup Cost": 5912.97,"Total Cost": 121870.41,"Plan Rows": 230296,"Plan Width": 16,"Actual Startup Time": 50.257,"Actual Total Time": 644.900,"Actual Rows": 230072,"Actual Loops": 1,"Recheck Cond": "((l_shipdate >= '1995-10-01'::date) AND (l_shipdate < '1996-01-01 00:00:00'::timestamp without time zone))","Rows Removed by Index Recheck": 0,"Exact Heap Blocks": 67245,"Lossy Heap Blocks": 0,"Plans": [{"Node Type": "Bitmap Index Scan","Parent Relationship": "Outer","Parallel Aware": false,"Async Capable": false,"Index Name": "idx_lineitem_shipdate","Startup Cost": 0.00,"Total Cost": 5855.39,"Plan Rows": 230296,"Plan Width": 0,"Actual Startup Time": 36.768,"Actual Total Time": 36.770,"Actual Rows": 230072,"Actual Loops": 1,"Index Cond": "((l_shipdate >= '1995-10-01'::date) AND (l_shipdate < '1996-01-01 00:00:00'::timestamp without time zone))"}]}]}]},{"Node Type": "Index Scan","Parent Relationship": "Outer","Parallel Aware": false,"Async Capable": false,"Scan Direction": "Forward","Index Name": "supplier_pkey","Relation Name": "supplier","Alias": "supplier","Startup Cost": 0.29,"Total Cost": 495.43,"Plan Rows": 10000,"Plan Width": 71,"Actual Startup Time": 0.086,"Actual Total Time": 4.053,"Actual Rows": 2388,"Actual Loops": 1},{"Node Type": "Sort","Parent Relationship": "Inner","Parallel Aware": false,"Async Capable": false,"Startup Cost": 124325.38,"Total Cost": 124325.51,"Plan Rows": 50,"Plan Width": 36,"Actual Startup Time": 1927.160,"Actual Total Time": 1927.170,"Actual Rows": 1,"Actual Loops": 1,"Sort Key": ["revenue0.supplier_no"],"Sort Method": "quicksort","Sort Space Used": 25,"Sort Space Type": "Memory","Plans": [{"Node Type": "Subquery Scan","Parent Relationship": "Outer","Parallel Aware": false,"Async Capable": false,"Alias": "revenue0","Startup Cost": 124173.37,"Total Cost": 124323.97,"Plan Rows": 50,"Plan Width": 36,"Actual Startup Time": 1921.461,"Actual Total Time": 1927.124,"Actual Rows": 1,"Actual Loops": 1,"Plans": [{"Node Type": "Aggregate","Strategy": "Hashed","Partial Mode": "Simple","Parent Relationship": "Subquery","Parallel Aware": false,"Async Capable": false,"Startup Cost": 124173.37,"Total Cost": 124323.47,"Plan Rows": 50,"Plan Width": 36,"Actual Startup Time": 1921.452,"Actual Total Time": 1927.108,"Actual Rows": 1,"Actual Loops": 1,"Group Key": ["lineitem.l_suppkey"],"Filter": "(sum((lineitem.l_extendedprice * ('1'::numeric - lineitem.l_discount))) = $0)","Planned Partitions": 0,"HashAgg Batches": 1,"Peak Memory Usage": 4497,"Disk Usage": 0,"Rows Removed by Filter": 9999,"Plans": [{"Node Type": "Bitmap Heap Scan","Parent Relationship": "Outer","Parallel Aware": false,"Async Capable": false,"Relation Name": "lineitem","Alias": "lineitem","Startup Cost": 5912.97,"Total Cost": 121870.41,"Plan Rows": 230296,"Plan Width": 16,"Actual Startup Time": 50.046,"Actual Total Time": 890.624,"Actual Rows": 230072,"Actual Loops": 1,"Recheck Cond": "((l_shipdate >= '1995-10-01'::date) AND (l_shipdate < '1996-01-01 00:00:00'::timestamp without time zone))","Rows Removed by Index Recheck": 0,"Exact Heap Blocks": 67245,"Lossy Heap Blocks": 0,"Plans": [{"Node Type": "Bitmap Index Scan","Parent Relationship": "Outer","Parallel Aware": false,"Async Capable": false,"Index Name": "idx_lineitem_shipdate","Startup Cost": 0.00,"Total Cost": 5855.39,"Plan Rows": 230296,"Plan Width": 0,"Actual Startup Time": 36.694,"Actual Total Time": 36.694,"Actual Rows": 230072,"Actual Loops": 1,"Index Cond": "((l_shipdate >= '1995-10-01'::date) AND (l_shipdate < '1996-01-01 00:00:00'::timestamp without time zone))"}]}]}]}]}]},"Planning Time": 4.561,"Triggers": [],"Execution Time": 1934.601}]
[{"Plan": {"Node Type": "Merge Join","Parallel Aware": false,"Async Capable": false,"Join Type": "Inner","Startup Cost": 248589.82,"Total Cost": 249110.72,"Plan Rows": 50,"Plan Width": 103,"Actual Startup Time": 1987.373,"Actual Total Time": 1987.432,"Actual Rows": 1,"Actual Loops": 1,"Inner Unique": true,"Merge Cond": "(supplier.s_suppkey = revenue0.supplier_no)","Plans": [{"Node Type": "Aggregate","Strategy": "Plain","Partial Mode": "Simple","Parent Relationship": "InitPlan","Subplan Name": "InitPlan 1 (returns $0)","Parallel Aware": false,"Async Capable": false,"Startup Cost": 124343.84,"Total Cost": 124343.85,"Plan Rows": 1,"Plan Width": 32,"Actual Startup Time": 910.258,"Actual Total Time": 910.282,"Actual Rows": 1,"Actual Loops": 1,"Plans": [{"Node Type": "Aggregate","Strategy": "Hashed","Partial Mode": "Simple","Parent Relationship": "Outer","Parallel Aware": false,"Async Capable": false,"Startup Cost": 124093.67,"Total Cost": 124218.76,"Plan Rows": 10007,"Plan Width": 36,"Actual Startup Time": 902.249,"Actual Total Time": 909.620,"Actual Rows": 10000,"Actual Loops": 1,"Group Key": ["lineitem_1.l_suppkey"],"Planned Partitions": 0,"HashAgg Batches": 1,"Peak Memory Usage": 4497,"Disk Usage": 0,"Plans": [{"Node Type": "Bitmap Heap Scan","Parent Relationship": "Outer","Parallel Aware": false,"Async Capable": false,"Relation Name": "lineitem","Alias": "lineitem_1","Startup Cost": 5872.77,"Total Cost": 121806.51,"Plan Rows": 228716,"Plan Width": 16,"Actual Startup Time": 52.917,"Actual Total Time": 689.706,"Actual Rows": 226297,"Actual Loops": 1,"Recheck Cond": "((l_shipdate >= '1997-09-01'::date) AND (l_shipdate < '1997-12-01 00:00:00'::timestamp without time zone))","Rows Removed by Index Recheck": 0,"Exact Heap Blocks": 66850,"Lossy Heap Blocks": 0,"Plans": [{"Node Type": "Bitmap Index Scan","Parent Relationship": "Outer","Parallel Aware": false,"Async Capable": false,"Index Name": "idx_lineitem_shipdate","Startup Cost": 0.00,"Total Cost": 5815.59,"Plan Rows": 228716,"Plan Width": 0,"Actual Startup Time": 39.420,"Actual Total Time": 39.436,"Actual Rows": 226297,"Actual Loops": 1,"Index Cond": "((l_shipdate >= '1997-09-01'::date) AND (l_shipdate < '1997-12-01 00:00:00'::timestamp without time zone))"}]}]}]},{"Node Type": "Index Scan","Parent Relationship": "Outer","Parallel Aware": false,"Async Capable": false,"Scan Direction": "Forward","Index Name": "supplier_pkey","Relation Name": "supplier","Alias": "supplier","Startup Cost": 0.29,"Total Cost": 495.43,"Plan Rows": 10000,"Plan Width": 71,"Actual Startup Time": 0.106,"Actual Total Time": 8.664,"Actual Rows": 5353,"Actual Loops": 1},{"Node Type": "Sort","Parent Relationship": "Inner","Parallel Aware": false,"Async Capable": false,"Startup Cost": 124245.69,"Total Cost": 124245.81,"Plan Rows": 50,"Plan Width": 36,"Actual Startup Time": 1978.350,"Actual Total Time": 1978.371,"Actual Rows": 1,"Actual Loops": 1,"Sort Key": ["revenue0.supplier_no"],"Sort Method": "quicksort","Sort Space Used": 25,"Sort Space Type": "Memory","Plans": [{"Node Type": "Subquery Scan","Parent Relationship": "Outer","Parallel Aware": false,"Async Capable": false,"Alias": "revenue0","Startup Cost": 124093.67,"Total Cost": 124244.27,"Plan Rows": 50,"Plan Width": 36,"Actual Startup Time": 1964.852,"Actual Total Time": 1978.305,"Actual Rows": 1,"Actual Loops": 1,"Plans": [{"Node Type": "Aggregate","Strategy": "Hashed","Partial Mode": "Simple","Parent Relationship": "Subquery","Parallel Aware": false,"Async Capable": false,"Startup Cost": 124093.67,"Total Cost": 124243.77,"Plan Rows": 50,"Plan Width": 36,"Actual Startup Time": 1964.839,"Actual Total Time": 1978.262,"Actual Rows": 1,"Actual Loops": 1,"Group Key": ["lineitem.l_suppkey"],"Filter": "(sum((lineitem.l_extendedprice * ('1'::numeric - lineitem.l_discount))) = $0)","Planned Partitions": 0,"HashAgg Batches": 1,"Peak Memory Usage": 4497,"Disk Usage": 0,"Rows Removed by Filter": 9999,"Plans": [{"Node Type": "Bitmap Heap Scan","Parent Relationship": "Outer","Parallel Aware": false,"Async Capable": false,"Relation Name": "lineitem","Alias": "lineitem","Startup Cost": 5872.77,"Total Cost": 121806.51,"Plan Rows": 228716,"Plan Width": 16,"Actual Startup Time": 51.286,"Actual Total Time": 878.790,"Actual Rows": 226297,"Actual Loops": 1,"Recheck Cond": "((l_shipdate >= '1997-09-01'::date) AND (l_shipdate < '1997-12-01 00:00:00'::timestamp without time zone))","Rows Removed by Index Recheck": 0,"Exact Heap Blocks": 66850,"Lossy Heap Blocks": 0,"Plans": [{"Node Type": "Bitmap Index Scan","Parent Relationship": "Outer","Parallel Aware": false,"Async Capable": false,"Index Name": "idx_lineitem_shipdate","Startup Cost": 0.00,"Total Cost": 5815.59,"Plan Rows": 228716,"Plan Width": 0,"Actual Startup Time": 37.772,"Actual Total Time": 37.772,"Actual Rows": 226297,"Actual Loops": 1,"Index Cond": "((l_shipdate >= '1997-09-01'::date) AND (l_shipdate < '1997-12-01 00:00:00'::timestamp without time zone))"}]}]}]}]}]},"Planning Time": 4.702,"Triggers": [],"Execution Time": 1993.549}]
[{"Plan": {"Node Type": "Merge Join","Parallel Aware": false,"Async Capable": false,"Join Type": "Inner","Startup Cost": 249919.13,"Total Cost": 250440.03,"Plan Rows": 50,"Plan Width": 103,"Actual Startup Time": 1938.438,"Actual Total Time": 1938.484,"Actual Rows": 1,"Actual Loops": 1,"Inner Unique": true,"Merge Cond": "(supplier.s_suppkey = revenue0.supplier_no)","Plans": [{"Node Type": "Aggregate","Strategy": "Plain","Partial Mode": "Simple","Parent Relationship": "InitPlan","Subplan Name": "InitPlan 1 (returns $0)","Parallel Aware": false,"Async Capable": false,"Startup Cost": 125008.50,"Total Cost": 125008.51,"Plan Rows": 1,"Plan Width": 32,"Actual Startup Time": 846.218,"Actual Total Time": 846.240,"Actual Rows": 1,"Actual Loops": 1,"Plans": [{"Node Type": "Aggregate","Strategy": "Hashed","Partial Mode": "Simple","Parent Relationship": "Outer","Parallel Aware": false,"Async Capable": false,"Startup Cost": 124758.32,"Total Cost": 124883.41,"Plan Rows": 10007,"Plan Width": 36,"Actual Startup Time": 837.029,"Actual Total Time": 845.645,"Actual Rows": 10000,"Actual Loops": 1,"Group Key": ["lineitem_1.l_suppkey"],"Planned Partitions": 0,"HashAgg Batches": 1,"Peak Memory Usage": 4497,"Disk Usage": 0,"Plans": [{"Node Type": "Bitmap Heap Scan","Parent Relationship": "Outer","Parallel Aware": false,"Async Capable": false,"Relation Name": "lineitem","Alias": "lineitem_1","Startup Cost": 6210.72,"Total Cost": 122340.48,"Plan Rows": 241784,"Plan Width": 16,"Actual Startup Time": 57.576,"Actual Total Time": 672.754,"Actual Rows": 227694,"Actual Loops": 1,"Recheck Cond": "((l_shipdate >= '1993-05-01'::date) AND (l_shipdate < '1993-08-01 00:00:00'::timestamp without time zone))","Rows Removed by Index Recheck": 0,"Exact Heap Blocks": 66876,"Lossy Heap Blocks": 0,"Plans": [{"Node Type": "Bitmap Index Scan","Parent Relationship": "Outer","Parallel Aware": false,"Async Capable": false,"Index Name": "idx_lineitem_shipdate","Startup Cost": 0.00,"Total Cost": 6150.27,"Plan Rows": 241784,"Plan Width": 0,"Actual Startup Time": 44.048,"Actual Total Time": 44.059,"Actual Rows": 227694,"Actual Loops": 1,"Index Cond": "((l_shipdate >= '1993-05-01'::date) AND (l_shipdate < '1993-08-01 00:00:00'::timestamp without time zone))"}]}]}]},{"Node Type": "Index Scan","Parent Relationship": "Outer","Parallel Aware": false,"Async Capable": false,"Scan Direction": "Forward","Index Name": "supplier_pkey","Relation Name": "supplier","Alias": "supplier","Startup Cost": 0.29,"Total Cost": 495.43,"Plan Rows": 10000,"Plan Width": 71,"Actual Startup Time": 0.103,"Actual Total Time": 9.443,"Actual Rows": 5891,"Actual Loops": 1},{"Node Type": "Sort","Parent Relationship": "Inner","Parallel Aware": false,"Async Capable": false,"Startup Cost": 124910.34,"Total Cost": 124910.46,"Plan Rows": 50,"Plan Width": 36,"Actual Startup Time": 1928.643,"Actual Total Time": 1928.657,"Actual Rows": 1,"Actual Loops": 1,"Sort Key": ["revenue0.supplier_no"],"Sort Method": "quicksort","Sort Space Used": 25,"Sort Space Type": "Memory","Plans": [{"Node Type": "Subquery Scan","Parent Relationship": "Outer","Parallel Aware": false,"Async Capable": false,"Alias": "revenue0","Startup Cost": 124758.32,"Total Cost": 124908.93,"Plan Rows": 50,"Plan Width": 36,"Actual Startup Time": 1917.063,"Actual Total Time": 1928.619,"Actual Rows": 1,"Actual Loops": 1,"Plans": [{"Node Type": "Aggregate","Strategy": "Hashed","Partial Mode": "Simple","Parent Relationship": "Subquery","Parallel Aware": false,"Async Capable": false,"Startup Cost": 124758.32,"Total Cost": 124908.43,"Plan Rows": 50,"Plan Width": 36,"Actual Startup Time": 1917.055,"Actual Total Time": 1928.608,"Actual Rows": 1,"Actual Loops": 1,"Group Key": ["lineitem.l_suppkey"],"Filter": "(sum((lineitem.l_extendedprice * ('1'::numeric - lineitem.l_discount))) = $0)","Planned Partitions": 0,"HashAgg Batches": 1,"Peak Memory Usage": 4497,"Disk Usage": 0,"Rows Removed by Filter": 9999,"Plans": [{"Node Type": "Bitmap Heap Scan","Parent Relationship": "Outer","Parallel Aware": false,"Async Capable": false,"Relation Name": "lineitem","Alias": "lineitem","Startup Cost": 6210.72,"Total Cost": 122340.48,"Plan Rows": 241784,"Plan Width": 16,"Actual Startup Time": 59.880,"Actual Total Time": 887.270,"Actual Rows": 227694,"Actual Loops": 1,"Recheck Cond": "((l_shipdate >= '1993-05-01'::date) AND (l_shipdate < '1993-08-01 00:00:00'::timestamp without time zone))","Rows Removed by Index Recheck": 0,"Exact Heap Blocks": 66876,"Lossy Heap Blocks": 0,"Plans": [{"Node Type": "Bitmap Index Scan","Parent Relationship": "Outer","Parallel Aware": false,"Async Capable": false,"Index Name": "idx_lineitem_shipdate","Startup Cost": 0.00,"Total Cost": 6150.27,"Plan Rows": 241784,"Plan Width": 0,"Actual Startup Time": 46.380,"Actual Total Time": 46.383,"Actual Rows": 227694,"Actual Loops": 1,"Index Cond": "((l_shipdate >= '1993-05-01'::date) AND (l_shipdate < '1993-08-01 00:00:00'::timestamp without time zone))"}]}]}]}]}]},"Planning Time": 5.126,"Triggers": [],"Execution Time": 1942.320}]
[{"Plan": {"Node Type": "Merge Join","Parallel Aware": false,"Async Capable": false,"Join Type": "Inner","Startup Cost": 248878.98,"Total Cost": 249399.87,"Plan Rows": 50,"Plan Width": 103,"Actual Startup Time": 1926.035,"Actual Total Time": 1926.074,"Actual Rows": 1,"Actual Loops": 1,"Inner Unique": true,"Merge Cond": "(supplier.s_suppkey = revenue0.supplier_no)","Plans": [{"Node Type": "Aggregate","Strategy": "Plain","Partial Mode": "Simple","Parent Relationship": "InitPlan","Subplan Name": "InitPlan 1 (returns $0)","Parallel Aware": false,"Async Capable": false,"Startup Cost": 124488.42,"Total Cost": 124488.43,"Plan Rows": 1,"Plan Width": 32,"Actual Startup Time": 836.881,"Actual Total Time": 836.892,"Actual Rows": 1,"Actual Loops": 1,"Plans": [{"Node Type": "Aggregate","Strategy": "Hashed","Partial Mode": "Simple","Parent Relationship": "Outer","Parallel Aware": false,"Async Capable": false,"Startup Cost": 124238.24,"Total Cost": 124363.33,"Plan Rows": 10007,"Plan Width": 36,"Actual Startup Time": 829.174,"Actual Total Time": 836.298,"Actual Rows": 10000,"Actual Loops": 1,"Group Key": ["lineitem_1.l_suppkey"],"Planned Partitions": 0,"HashAgg Batches": 1,"Peak Memory Usage": 4497,"Disk Usage": 0,"Plans": [{"Node Type": "Bitmap Heap Scan","Parent Relationship": "Outer","Parallel Aware": false,"Async Capable": false,"Relation Name": "lineitem","Alias": "lineitem_1","Startup Cost": 5946.01,"Total Cost": 121922.55,"Plan Rows": 231569,"Plan Width": 16,"Actual Startup Time": 58.548,"Actual Total Time": 683.907,"Actual Rows": 231305,"Actual Loops": 1,"Recheck Cond": "((l_shipdate >= '1995-08-01'::date) AND (l_shipdate < '1995-11-01 00:00:00'::timestamp without time zone))","Rows Removed by Index Recheck": 0,"Exact Heap Blocks": 67198,"Lossy Heap Blocks": 0,"Plans": [{"Node Type": "Bitmap Index Scan","Parent Relationship": "Outer","Parallel Aware": false,"Async Capable": false,"Index Name": "idx_lineitem_shipdate","Startup Cost": 0.00,"Total Cost": 5888.12,"Plan Rows": 231569,"Plan Width": 0,"Actual Startup Time": 44.811,"Actual Total Time": 44.815,"Actual Rows": 231305,"Actual Loops": 1,"Index Cond": "((l_shipdate >= '1995-08-01'::date) AND (l_shipdate < '1995-11-01 00:00:00'::timestamp without time zone))"}]}]}]},{"Node Type": "Index Scan","Parent Relationship": "Outer","Parallel Aware": false,"Async Capable": false,"Scan Direction": "Forward","Index Name": "supplier_pkey","Relation Name": "supplier","Alias": "supplier","Startup Cost": 0.29,"Total Cost": 495.43,"Plan Rows": 10000,"Plan Width": 71,"Actual Startup Time": 0.102,"Actual Total Time": 3.125,"Actual Rows": 1822,"Actual Loops": 1},{"Node Type": "Sort","Parent Relationship": "Inner","Parallel Aware": false,"Async Capable": false,"Startup Cost": 124390.26,"Total Cost": 124390.39,"Plan Rows": 50,"Plan Width": 36,"Actual Startup Time": 1922.770,"Actual Total Time": 1922.783,"Actual Rows": 1,"Actual Loops": 1,"Sort Key": ["revenue0.supplier_no"],"Sort Method": "quicksort","Sort Space Used": 25,"Sort Space Type": "Memory","Plans": [{"Node Type": "Subquery Scan","Parent Relationship": "Outer","Parallel Aware": false,"Async Capable": false,"Alias": "revenue0","Startup Cost": 124238.24,"Total Cost": 124388.85,"Plan Rows": 50,"Plan Width": 36,"Actual Startup Time": 1898.789,"Actual Total Time": 1922.734,"Actual Rows": 1,"Actual Loops": 1,"Plans": [{"Node Type": "Aggregate","Strategy": "Hashed","Partial Mode": "Simple","Parent Relationship": "Subquery","Parallel Aware": false,"Async Capable": false,"Startup Cost": 124238.24,"Total Cost": 124388.35,"Plan Rows": 50,"Plan Width": 36,"Actual Startup Time": 1898.783,"Actual Total Time": 1922.722,"Actual Rows": 1,"Actual Loops": 1,"Group Key": ["lineitem.l_suppkey"],"Filter": "(sum((lineitem.l_extendedprice * ('1'::numeric - lineitem.l_discount))) = $0)","Planned Partitions": 0,"HashAgg Batches": 1,"Peak Memory Usage": 4497,"Disk Usage": 0,"Rows Removed by Filter": 9999,"Plans": [{"Node Type": "Bitmap Heap Scan","Parent Relationship": "Outer","Parallel Aware": false,"Async Capable": false,"Relation Name": "lineitem","Alias": "lineitem","Startup Cost": 5946.01,"Total Cost": 121922.55,"Plan Rows": 231569,"Plan Width": 16,"Actual Startup Time": 58.467,"Actual Total Time": 886.844,"Actual Rows": 231305,"Actual Loops": 1,"Recheck Cond": "((l_shipdate >= '1995-08-01'::date) AND (l_shipdate < '1995-11-01 00:00:00'::timestamp without time zone))","Rows Removed by Index Recheck": 0,"Exact Heap Blocks": 67198,"Lossy Heap Blocks": 0,"Plans": [{"Node Type": "Bitmap Index Scan","Parent Relationship": "Outer","Parallel Aware": false,"Async Capable": false,"Index Name": "idx_lineitem_shipdate","Startup Cost": 0.00,"Total Cost": 5888.12,"Plan Rows": 231569,"Plan Width": 0,"Actual Startup Time": 45.062,"Actual Total Time": 45.065,"Actual Rows": 231305,"Actual Loops": 1,"Index Cond": "((l_shipdate >= '1995-08-01'::date) AND (l_shipdate < '1995-11-01 00:00:00'::timestamp without time zone))"}]}]}]}]}]},"Planning Time": 4.599,"Triggers": [],"Execution Time": 1928.090}]
[{"Plan": {"Node Type": "Merge Join","Parallel Aware": false,"Async Capable": false,"Join Type": "Inner","Startup Cost": 249472.28,"Total Cost": 249993.18,"Plan Rows": 50,"Plan Width": 103,"Actual Startup Time": 1952.751,"Actual Total Time": 1952.805,"Actual Rows": 1,"Actual Loops": 1,"Inner Unique": true,"Merge Cond": "(supplier.s_suppkey = revenue0.supplier_no)","Plans": [{"Node Type": "Aggregate","Strategy": "Plain","Partial Mode": "Simple","Parent Relationship": "InitPlan","Subplan Name": "InitPlan 1 (returns $0)","Parallel Aware": false,"Async Capable": false,"Startup Cost": 124785.07,"Total Cost": 124785.08,"Plan Rows": 1,"Plan Width": 32,"Actual Startup Time": 847.271,"Actual Total Time": 847.290,"Actual Rows": 1,"Actual Loops": 1,"Plans": [{"Node Type": "Aggregate","Strategy": "Hashed","Partial Mode": "Simple","Parent Relationship": "Outer","Parallel Aware": false,"Async Capable": false,"Startup Cost": 124534.90,"Total Cost": 124659.99,"Plan Rows": 10007,"Plan Width": 36,"Actual Startup Time": 836.378,"Actual Total Time": 846.694,"Actual Rows": 10000,"Actual Loops": 1,"Group Key": ["lineitem_1.l_suppkey"],"Planned Partitions": 0,"HashAgg Batches": 1,"Peak Memory Usage": 4497,"Disk Usage": 0,"Plans": [{"Node Type": "Bitmap Heap Scan","Parent Relationship": "Outer","Parallel Aware": false,"Async Capable": false,"Relation Name": "lineitem","Alias": "lineitem_1","Startup Cost": 6097.53,"Total Cost": 122161.15,"Plan Rows": 237375,"Plan Width": 16,"Actual Startup Time": 58.987,"Actual Total Time": 672.968,"Actual Rows": 228539,"Actual Loops": 1,"Recheck Cond": "((l_shipdate >= '1993-06-01'::date) AND (l_shipdate < '1993-09-01 00:00:00'::timestamp without time zone))","Rows Removed by Index Recheck": 0,"Exact Heap Blocks": 66999,"Lossy Heap Blocks": 0,"Plans": [{"Node Type": "Bitmap Index Scan","Parent Relationship": "Outer","Parallel Aware": false,"Async Capable": false,"Index Name": "idx_lineitem_shipdate","Startup Cost": 0.00,"Total Cost": 6038.18,"Plan Rows": 237375,"Plan Width": 0,"Actual Startup Time": 45.413,"Actual Total Time": 45.423,"Actual Rows": 228539,"Actual Loops": 1,"Index Cond": "((l_shipdate >= '1993-06-01'::date) AND (l_shipdate < '1993-09-01 00:00:00'::timestamp without time zone))"}]}]}]},{"Node Type": "Index Scan","Parent Relationship": "Outer","Parallel Aware": false,"Async Capable": false,"Scan Direction": "Forward","Index Name": "supplier_pkey","Relation Name": "supplier","Alias": "supplier","Startup Cost": 0.29,"Total Cost": 495.43,"Plan Rows": 10000,"Plan Width": 71,"Actual Startup Time": 0.104,"Actual Total Time": 12.098,"Actual Rows": 7980,"Actual Loops": 1},{"Node Type": "Sort","Parent Relationship": "Inner","Parallel Aware": false,"Async Capable": false,"Startup Cost": 124686.92,"Total Cost": 124687.04,"Plan Rows": 50,"Plan Width": 36,"Actual Startup Time": 1940.190,"Actual Total Time": 1940.213,"Actual Rows": 1,"Actual Loops": 1,"Sort Key": ["revenue0.supplier_no"],"Sort Method": "quicksort","Sort Space Used": 25,"Sort Space Type": "Memory","Plans": [{"Node Type": "Subquery Scan","Parent Relationship": "Outer","Parallel Aware": false,"Async Capable": false,"Alias": "revenue0","Startup Cost": 124534.90,"Total Cost": 124685.50,"Plan Rows": 50,"Plan Width": 36,"Actual Startup Time": 1939.057,"Actual Total Time": 1940.171,"Actual Rows": 1,"Actual Loops": 1,"Plans": [{"Node Type": "Aggregate","Strategy": "Hashed","Partial Mode": "Simple","Parent Relationship": "Subquery","Parallel Aware": false,"Async Capable": false,"Startup Cost": 124534.90,"Total Cost": 124685.00,"Plan Rows": 50,"Plan Width": 36,"Actual Startup Time": 1939.051,"Actual Total Time": 1940.160,"Actual Rows": 1,"Actual Loops": 1,"Group Key": ["lineitem.l_suppkey"],"Filter": "(sum((lineitem.l_extendedprice * ('1'::numeric - lineitem.l_discount))) = $0)","Planned Partitions": 0,"HashAgg Batches": 1,"Peak Memory Usage": 4497,"Disk Usage": 0,"Rows Removed by Filter": 9999,"Plans": [{"Node Type": "Bitmap Heap Scan","Parent Relationship": "Outer","Parallel Aware": false,"Async Capable": false,"Relation Name": "lineitem","Alias": "lineitem","Startup Cost": 6097.53,"Total Cost": 122161.15,"Plan Rows": 237375,"Plan Width": 16,"Actual Startup Time": 58.682,"Actual Total Time": 894.513,"Actual Rows": 228539,"Actual Loops": 1,"Recheck Cond": "((l_shipdate >= '1993-06-01'::date) AND (l_shipdate < '1993-09-01 00:00:00'::timestamp without time zone))","Rows Removed by Index Recheck": 0,"Exact Heap Blocks": 66999,"Lossy Heap Blocks": 0,"Plans": [{"Node Type": "Bitmap Index Scan","Parent Relationship": "Outer","Parallel Aware": false,"Async Capable": false,"Index Name": "idx_lineitem_shipdate","Startup Cost": 0.00,"Total Cost": 6038.18,"Plan Rows": 237375,"Plan Width": 0,"Actual Startup Time": 45.375,"Actual Total Time": 45.379,"Actual Rows": 228539,"Actual Loops": 1,"Index Cond": "((l_shipdate >= '1993-06-01'::date) AND (l_shipdate < '1993-09-01 00:00:00'::timestamp without time zone))"}]}]}]}]}]},"Planning Time": 5.432,"Triggers": [],"Execution Time": 1956.101}]
[{"Plan": {"Node Type": "Merge Join","Parallel Aware": false,"Async Capable": false,"Join Type": "Inner","Startup Cost": 248506.89,"Total Cost": 249027.79,"Plan Rows": 50,"Plan Width": 103,"Actual Startup Time": 2084.454,"Actual Total Time": 2084.489,"Actual Rows": 1,"Actual Loops": 1,"Inner Unique": true,"Merge Cond": "(supplier.s_suppkey = revenue0.supplier_no)","Plans": [{"Node Type": "Aggregate","Strategy": "Plain","Partial Mode": "Simple","Parent Relationship": "InitPlan","Subplan Name": "InitPlan 1 (returns $0)","Parallel Aware": false,"Async Capable": false,"Startup Cost": 124302.38,"Total Cost": 124302.39,"Plan Rows": 1,"Plan Width": 32,"Actual Startup Time": 949.807,"Actual Total Time": 949.821,"Actual Rows": 1,"Actual Loops": 1,"Plans": [{"Node Type": "Aggregate","Strategy": "Hashed","Partial Mode": "Simple","Parent Relationship": "Outer","Parallel Aware": false,"Async Capable": false,"Startup Cost": 124052.20,"Total Cost": 124177.29,"Plan Rows": 10007,"Plan Width": 36,"Actual Startup Time": 942.227,"Actual Total Time": 949.217,"Actual Rows": 10000,"Actual Loops": 1,"Group Key": ["lineitem_1.l_suppkey"],"Planned Partitions": 0,"HashAgg Batches": 1,"Peak Memory Usage": 4497,"Disk Usage": 0,"Plans": [{"Node Type": "Bitmap Heap Scan","Parent Relationship": "Outer","Parallel Aware": false,"Async Capable": false,"Relation Name": "lineitem","Alias": "lineitem_1","Startup Cost": 5852.20,"Total Cost": 121773.40,"Plan Rows": 227880,"Plan Width": 16,"Actual Startup Time": 60.518,"Actual Total Time": 792.932,"Actual Rows": 229533,"Actual Loops": 1,"Recheck Cond": "((l_shipdate >= '1994-07-01'::date) AND (l_shipdate < '1994-10-01 00:00:00'::timestamp without time zone))","Rows Removed by Index Recheck": 0,"Exact Heap Blocks": 67313,"Lossy Heap Blocks": 0,"Plans": [{"Node Type": "Bitmap Index Scan","Parent Relationship": "Outer","Parallel Aware": false,"Async Capable": false,"Index Name": "idx_lineitem_shipdate","Startup Cost": 0.00,"Total Cost": 5795.23,"Plan Rows": 227880,"Plan Width": 0,"Actual Startup Time": 46.388,"Actual Total Time": 46.392,"Actual Rows": 229533,"Actual Loops": 1,"Index Cond": "((l_shipdate >= '1994-07-01'::date) AND (l_shipdate < '1994-10-01 00:00:00'::timestamp without time zone))"}]}]}]},{"Node Type": "Index Scan","Parent Relationship": "Outer","Parallel Aware": false,"Async Capable": false,"Scan Direction": "Forward","Index Name": "supplier_pkey","Relation Name": "supplier","Alias": "supplier","Startup Cost": 0.29,"Total Cost": 495.43,"Plan Rows": 10000,"Plan Width": 71,"Actual Startup Time": 0.078,"Actual Total Time": 4.242,"Actual Rows": 2492,"Actual Loops": 1},{"Node Type": "Sort","Parent Relationship": "Inner","Parallel Aware": false,"Async Capable": false,"Startup Cost": 124204.22,"Total Cost": 124204.35,"Plan Rows": 50,"Plan Width": 36,"Actual Startup Time": 2080.035,"Actual Total Time": 2080.045,"Actual Rows": 1,"Actual Loops": 1,"Sort Key": ["revenue0.supplier_no"],"Sort Method": "quicksort","Sort Space Used": 25,"Sort Space Type": "Memory","Plans": [{"Node Type": "Subquery Scan","Parent Relationship": "Outer","Parallel Aware": false,"Async Capable": false,"Alias": "revenue0","Startup Cost": 124052.20,"Total Cost": 124202.81,"Plan Rows": 50,"Plan Width": 36,"Actual Startup Time": 2071.764,"Actual Total Time": 2079.996,"Actual Rows": 1,"Actual Loops": 1,"Plans": [{"Node Type": "Aggregate","Strategy": "Hashed","Partial Mode": "Simple","Parent Relationship": "Subquery","Parallel Aware": false,"Async Capable": false,"Startup Cost": 124052.20,"Total Cost": 124202.31,"Plan Rows": 50,"Plan Width": 36,"Actual Startup Time": 2071.758,"Actual Total Time": 2079.989,"Actual Rows": 1,"Actual Loops": 1,"Group Key": ["lineitem.l_suppkey"],"Filter": "(sum((lineitem.l_extendedprice * ('1'::numeric - lineitem.l_discount))) = $0)","Planned Partitions": 0,"HashAgg Batches": 1,"Peak Memory Usage": 4497,"Disk Usage": 0,"Rows Removed by Filter": 9999,"Plans": [{"Node Type": "Bitmap Heap Scan","Parent Relationship": "Outer","Parallel Aware": false,"Async Capable": false,"Relation Name": "lineitem","Alias": "lineitem","Startup Cost": 5852.20,"Total Cost": 121773.40,"Plan Rows": 227880,"Plan Width": 16,"Actual Startup Time": 54.242,"Actual Total Time": 934.940,"Actual Rows": 229533,"Actual Loops": 1,"Recheck Cond": "((l_shipdate >= '1994-07-01'::date) AND (l_shipdate < '1994-10-01 00:00:00'::timestamp without time zone))","Rows Removed by Index Recheck": 0,"Exact Heap Blocks": 67313,"Lossy Heap Blocks": 0,"Plans": [{"Node Type": "Bitmap Index Scan","Parent Relationship": "Outer","Parallel Aware": false,"Async Capable": false,"Index Name": "idx_lineitem_shipdate","Startup Cost": 0.00,"Total Cost": 5795.23,"Plan Rows": 227880,"Plan Width": 0,"Actual Startup Time": 40.585,"Actual Total Time": 40.586,"Actual Rows": 229533,"Actual Loops": 1,"Index Cond": "((l_shipdate >= '1994-07-01'::date) AND (l_shipdate < '1994-10-01 00:00:00'::timestamp without time zone))"}]}]}]}]}]},"Planning Time": 4.544,"Triggers": [],"Execution Time": 2088.902}]
[{"Plan": {"Node Type": "Merge Join","Parallel Aware": false,"Async Capable": false,"Join Type": "Inner","Startup Cost": 248343.83,"Total Cost": 248864.72,"Plan Rows": 50,"Plan Width": 103,"Actual Startup Time": 1973.395,"Actual Total Time": 1973.462,"Actual Rows": 1,"Actual Loops": 1,"Inner Unique": true,"Merge Cond": "(supplier.s_suppkey = revenue0.supplier_no)","Plans": [{"Node Type": "Aggregate","Strategy": "Plain","Partial Mode": "Simple","Parent Relationship": "InitPlan","Subplan Name": "InitPlan 1 (returns $0)","Parallel Aware": false,"Async Capable": false,"Startup Cost": 124220.85,"Total Cost": 124220.86,"Plan Rows": 1,"Plan Width": 32,"Actual Startup Time": 908.782,"Actual Total Time": 908.807,"Actual Rows": 1,"Actual Loops": 1,"Plans": [{"Node Type": "Aggregate","Strategy": "Hashed","Partial Mode": "Simple","Parent Relationship": "Outer","Parallel Aware": false,"Async Capable": false,"Startup Cost": 123970.67,"Total Cost": 124095.76,"Plan Rows": 10007,"Plan Width": 36,"Actual Startup Time": 900.063,"Actual Total Time": 908.145,"Actual Rows": 10000,"Actual Loops": 1,"Group Key": ["lineitem_1.l_suppkey"],"Planned Partitions": 0,"HashAgg Batches": 1,"Peak Memory Usage": 4497,"Disk Usage": 0,"Plans": [{"Node Type": "Bitmap Heap Scan","Parent Relationship": "Outer","Parallel Aware": false,"Async Capable": false,"Relation Name": "lineitem","Alias": "lineitem_1","Startup Cost": 5811.47,"Total Cost": 121708.19,"Plan Rows": 226248,"Plan Width": 16,"Actual Startup Time": 49.217,"Actual Total Time": 692.336,"Actual Rows": 229039,"Actual Loops": 1,"Recheck Cond": "((l_shipdate >= '1994-06-01'::date) AND (l_shipdate < '1994-09-01 00:00:00'::timestamp without time zone))","Rows Removed by Index Recheck": 0,"Exact Heap Blocks": 67238,"Lossy Heap Blocks": 0,"Plans": [{"Node Type": "Bitmap Index Scan","Parent Relationship": "Outer","Parallel Aware": false,"Async Capable": false,"Index Name": "idx_lineitem_shipdate","Startup Cost": 0.00,"Total Cost": 5754.91,"Plan Rows": 226248,"Plan Width": 0,"Actual Startup Time": 35.633,"Actual Total Time": 35.648,"Actual Rows": 229039,"Actual Loops": 1,"Index Cond": "((l_shipdate >= '1994-06-01'::date) AND (l_shipdate < '1994-09-01 00:00:00'::timestamp without time zone))"}]}]}]},{"Node Type": "Index Scan","Parent Relationship": "Outer","Parallel Aware": false,"Async Capable": false,"Scan Direction": "Forward","Index Name": "supplier_pkey","Relation Name": "supplier","Alias": "supplier","Startup Cost": 0.29,"Total Cost": 495.43,"Plan Rows": 10000,"Plan Width": 71,"Actual Startup Time": 0.121,"Actual Total Time": 12.024,"Actual Rows": 7946,"Actual Loops": 1},{"Node Type": "Sort","Parent Relationship": "Inner","Parallel Aware": false,"Async Capable": false,"Startup Cost": 124122.69,"Total Cost": 124122.81,"Plan Rows": 50,"Plan Width": 36,"Actual Startup Time": 1960.894,"Actual Total Time": 1960.930,"Actual Rows": 1,"Actual Loops": 1,"Sort Key": ["revenue0.supplier_no"],"Sort Method": "quicksort","Sort Space Used": 25,"Sort Space Type": "Memory","Plans": [{"Node Type": "Subquery Scan","Parent Relationship": "Outer","Parallel Aware": false,"Async Capable": false,"Alias": "revenue0","Startup Cost": 123970.67,"Total Cost": 124121.28,"Plan Rows": 50,"Plan Width": 36,"Actual Startup Time": 1956.612,"Actual Total Time": 1960.848,"Actual Rows": 1,"Actual Loops": 1,"Plans": [{"Node Type": "Aggregate","Strategy": "Hashed","Partial Mode": "Simple","Parent Relationship": "Subquery","Parallel Aware": false,"Async Capable": false,"Startup Cost": 123970.67,"Total Cost": 124120.78,"Plan Rows": 50,"Plan Width": 36,"Actual Startup Time": 1956.600,"Actual Total Time": 1960.810,"Actual Rows": 1,"Actual Loops": 1,"Group Key": ["lineitem.l_suppkey"],"Filter": "(sum((lineitem.l_extendedprice * ('1'::numeric - lineitem.l_discount))) = $0)","Planned Partitions": 0,"HashAgg Batches": 1,"Peak Memory Usage": 4497,"Disk Usage": 0,"Rows Removed by Filter": 9999,"Plans": [{"Node Type": "Bitmap Heap Scan","Parent Relationship": "Outer","Parallel Aware": false,"Async Capable": false,"Relation Name": "lineitem","Alias": "lineitem","Startup Cost": 5811.47,"Total Cost": 121708.19,"Plan Rows": 226248,"Plan Width": 16,"Actual Startup Time": 51.748,"Actual Total Time": 872.040,"Actual Rows": 229039,"Actual Loops": 1,"Recheck Cond": "((l_shipdate >= '1994-06-01'::date) AND (l_shipdate < '1994-09-01 00:00:00'::timestamp without time zone))","Rows Removed by Index Recheck": 0,"Exact Heap Blocks": 67238,"Lossy Heap Blocks": 0,"Plans": [{"Node Type": "Bitmap Index Scan","Parent Relationship": "Outer","Parallel Aware": false,"Async Capable": false,"Index Name": "idx_lineitem_shipdate","Startup Cost": 0.00,"Total Cost": 5754.91,"Plan Rows": 226248,"Plan Width": 0,"Actual Startup Time": 38.292,"Actual Total Time": 38.307,"Actual Rows": 229039,"Actual Loops": 1,"Index Cond": "((l_shipdate >= '1994-06-01'::date) AND (l_shipdate < '1994-09-01 00:00:00'::timestamp without time zone))"}]}]}]}]}]},"Planning Time": 5.138,"Triggers": [],"Execution Time": 1979.821}]
[{"Plan": {"Node Type": "Merge Join","Parallel Aware": false,"Async Capable": false,"Join Type": "Inner","Startup Cost": 248643.56,"Total Cost": 249164.46,"Plan Rows": 50,"Plan Width": 103,"Actual Startup Time": 2051.080,"Actual Total Time": 2051.125,"Actual Rows": 1,"Actual Loops": 1,"Inner Unique": true,"Merge Cond": "(supplier.s_suppkey = revenue0.supplier_no)","Plans": [{"Node Type": "Aggregate","Strategy": "Plain","Partial Mode": "Simple","Parent Relationship": "InitPlan","Subplan Name": "InitPlan 1 (returns $0)","Parallel Aware": false,"Async Capable": false,"Startup Cost": 124370.71,"Total Cost": 124370.72,"Plan Rows": 1,"Plan Width": 32,"Actual Startup Time": 925.866,"Actual Total Time": 925.883,"Actual Rows": 1,"Actual Loops": 1,"Plans": [{"Node Type": "Aggregate","Strategy": "Hashed","Partial Mode": "Simple","Parent Relationship": "Outer","Parallel Aware": false,"Async Capable": false,"Startup Cost": 124120.54,"Total Cost": 124245.62,"Plan Rows": 10007,"Plan Width": 36,"Actual Startup Time": 919.658,"Actual Total Time": 925.281,"Actual Rows": 10000,"Actual Loops": 1,"Group Key": ["lineitem_1.l_suppkey"],"Planned Partitions": 0,"HashAgg Batches": 1,"Peak Memory Usage": 4497,"Disk Usage": 0,"Plans": [{"Node Type": "Bitmap Heap Scan","Parent Relationship": "Outer","Parallel Aware": false,"Async Capable": false,"Relation Name": "lineitem","Alias": "lineitem_1","Startup Cost": 5704.94,"Total Cost": 121899.56,"Plan Rows": 222098,"Plan Width": 16,"Actual Startup Time": 58.148,"Actual Total Time": 772.764,"Actual Rows": 223616,"Actual Loops": 1,"Recheck Cond": "((l_shipdate >= '1993-12-01'::date) AND (l_shipdate < '1994-03-01 00:00:00'::timestamp without time zone))","Rows Removed by Index Recheck": 0,"Exact Heap Blocks": 66445,"Lossy Heap Blocks": 0,"Plans": [{"Node Type": "Bitmap Index Scan","Parent Relationship": "Outer","Parallel Aware": false,"Async Capable": false,"Index Name": "idx_lineitem_shipdate","Startup Cost": 0.00,"Total Cost": 5649.41,"Plan Rows": 222098,"Plan Width": 0,"Actual Startup Time": 44.427,"Actual Total Time": 44.430,"Actual Rows": 223616,"Actual Loops": 1,"Index Cond": "((l_shipdate >= '1993-12-01'::date) AND (l_shipdate < '1994-03-01 00:00:00'::timestamp without time zone))"}]}]}]},{"Node Type": "Index Scan","Parent Relationship": "Outer","Parallel Aware": false,"Async Capable": false,"Scan Direction": "Forward","Index Name": "supplier_pkey","Relation Name": "supplier","Alias": "supplier","Startup Cost": 0.29,"Total Cost": 495.43,"Plan Rows": 10000,"Plan Width": 71,"Actual Startup Time": 0.103,"Actual Total Time": 8.477,"Actual Rows": 5450,"Actual Loops": 1},{"Node Type": "Sort","Parent Relationship": "Inner","Parallel Aware": false,"Async Capable": false,"Startup Cost": 124272.55,"Total Cost": 124272.68,"Plan Rows": 50,"Plan Width": 36,"Actual Startup Time": 2042.272,"Actual Total Time": 2042.286,"Actual Rows": 1,"Actual Loops": 1,"Sort Key": ["revenue0.supplier_no"],"Sort Method": "quicksort","Sort Space Used": 25,"Sort Space Type": "Memory","Plans": [{"Node Type": "Subquery Scan","Parent Relationship": "Outer","Parallel Aware": false,"Async Capable": false,"Alias": "revenue0","Startup Cost": 124120.54,"Total Cost": 124271.14,"Plan Rows": 50,"Plan Width": 36,"Actual Startup Time": 2038.275,"Actual Total Time": 2042.231,"Actual Rows": 1,"Actual Loops": 1,"Plans": [{"Node Type": "Aggregate","Strategy": "Hashed","Partial Mode": "Simple","Parent Relationship": "Subquery","Parallel Aware": false,"Async Capable": false,"Startup Cost": 124120.54,"Total Cost": 124270.64,"Plan Rows": 50,"Plan Width": 36,"Actual Startup Time": 2038.266,"Actual Total Time": 2042.216,"Actual Rows": 1,"Actual Loops": 1,"Group Key": ["lineitem.l_suppkey"],"Filter": "(sum((lineitem.l_extendedprice * ('1'::numeric - lineitem.l_discount))) = $0)","Planned Partitions": 0,"HashAgg Batches": 1,"Peak Memory Usage": 4497,"Disk Usage": 0,"Rows Removed by Filter": 9999,"Plans": [{"Node Type": "Bitmap Heap Scan","Parent Relationship": "Outer","Parallel Aware": false,"Async Capable": false,"Relation Name": "lineitem","Alias": "lineitem","Startup Cost": 5704.94,"Total Cost": 121899.56,"Plan Rows": 222098,"Plan Width": 16,"Actual Startup Time": 55.253,"Actual Total Time": 922.575,"Actual Rows": 223616,"Actual Loops": 1,"Recheck Cond": "((l_shipdate >= '1993-12-01'::date) AND (l_shipdate < '1994-03-01 00:00:00'::timestamp without time zone))","Rows Removed by Index Recheck": 0,"Exact Heap Blocks": 66445,"Lossy Heap Blocks": 0,"Plans": [{"Node Type": "Bitmap Index Scan","Parent Relationship": "Outer","Parallel Aware": false,"Async Capable": false,"Index Name": "idx_lineitem_shipdate","Startup Cost": 0.00,"Total Cost": 5649.41,"Plan Rows": 222098,"Plan Width": 0,"Actual Startup Time": 41.648,"Actual Total Time": 41.651,"Actual Rows": 223616,"Actual Loops": 1,"Index Cond": "((l_shipdate >= '1993-12-01'::date) AND (l_shipdate < '1994-03-01 00:00:00'::timestamp without time zone))"}]}]}]}]}]},"Planning Time": 3.986,"Triggers": [],"Execution Time": 2056.157}]
[{"Plan": {"Node Type": "Merge Join","Parallel Aware": false,"Async Capable": false,"Join Type": "Inner","Startup Cost": 248983.50,"Total Cost": 249504.39,"Plan Rows": 50,"Plan Width": 103,"Actual Startup Time": 1938.743,"Actual Total Time": 1938.793,"Actual Rows": 1,"Actual Loops": 1,"Inner Unique": true,"Merge Cond": "(supplier.s_suppkey = revenue0.supplier_no)","Plans": [{"Node Type": "Aggregate","Strategy": "Plain","Partial Mode": "Simple","Parent Relationship": "InitPlan","Subplan Name": "InitPlan 1 (returns $0)","Parallel Aware": false,"Async Capable": false,"Startup Cost": 124540.68,"Total Cost": 124540.69,"Plan Rows": 1,"Plan Width": 32,"Actual Startup Time": 839.155,"Actual Total Time": 839.170,"Actual Rows": 1,"Actual Loops": 1,"Plans": [{"Node Type": "Aggregate","Strategy": "Hashed","Partial Mode": "Simple","Parent Relationship": "Outer","Parallel Aware": false,"Async Capable": false,"Startup Cost": 124290.50,"Total Cost": 124415.59,"Plan Rows": 10007,"Plan Width": 36,"Actual Startup Time": 829.011,"Actual Total Time": 838.572,"Actual Rows": 10000,"Actual Loops": 1,"Group Key": ["lineitem_1.l_suppkey"],"Planned Partitions": 0,"HashAgg Batches": 1,"Peak Memory Usage": 4497,"Disk Usage": 0,"Plans": [{"Node Type": "Bitmap Heap Scan","Parent Relationship": "Outer","Parallel Aware": false,"Async Capable": false,"Relation Name": "lineitem","Alias": "lineitem_1","Startup Cost": 5640.16,"Total Cost": 122093.70,"Plan Rows": 219681,"Plan Width": 16,"Actual Startup Time": 57.904,"Actual Total Time": 668.211,"Actual Rows": 225815,"Actual Loops": 1,"Recheck Cond": "((l_shipdate >= '1996-12-01'::date) AND (l_shipdate < '1997-03-01 00:00:00'::timestamp without time zone))","Rows Removed by Index Recheck": 0,"Exact Heap Blocks": 66669,"Lossy Heap Blocks": 0,"Plans": [{"Node Type": "Bitmap Index Scan","Parent Relationship": "Outer","Parallel Aware": false,"Async Capable": false,"Index Name": "idx_lineitem_shipdate","Startup Cost": 0.00,"Total Cost": 5585.24,"Plan Rows": 219681,"Plan Width": 0,"Actual Startup Time": 44.432,"Actual Total Time": 44.435,"Actual Rows": 225815,"Actual Loops": 1,"Index Cond": "((l_shipdate >= '1996-12-01'::date) AND (l_shipdate < '1997-03-01 00:00:00'::timestamp without time zone))"}]}]}]},{"Node Type": "Index Scan","Parent Relationship": "Outer","Parallel Aware": false,"Async Capable": false,"Scan Direction": "Forward","Index Name": "supplier_pkey","Relation Name": "supplier","Alias": "supplier","Startup Cost": 0.29,"Total Cost": 495.43,"Plan Rows": 10000,"Plan Width": 71,"Actual Startup Time": 0.092,"Actual Total Time": 9.144,"Actual Rows": 5992,"Actual Loops": 1},{"Node Type": "Sort","Parent Relationship": "Inner","Parallel Aware": false,"Async Capable": false,"Startup Cost": 124442.52,"Total Cost": 124442.65,"Plan Rows": 50,"Plan Width": 36,"Actual Startup Time": 1929.238,"Actual Total Time": 1929.255,"Actual Rows": 1,"Actual Loops": 1,"Sort Key": ["revenue0.supplier_no"],"Sort Method": "quicksort","Sort Space Used": 25,"Sort Space Type": "Memory","Plans": [{"Node Type": "Subquery Scan","Parent Relationship": "Outer","Parallel Aware": false,"Async Capable": false,"Alias": "revenue0","Startup Cost": 124290.50,"Total Cost": 124441.11,"Plan Rows": 50,"Plan Width": 36,"Actual Startup Time": 1899.450,"Actual Total Time": 1929.215,"Actual Rows": 1,"Actual Loops": 1,"Plans": [{"Node Type": "Aggregate","Strategy": "Hashed","Partial Mode": "Simple","Parent Relationship": "Subquery","Parallel Aware": false,"Async Capable": false,"Startup Cost": 124290.50,"Total Cost": 124440.61,"Plan Rows": 50,"Plan Width": 36,"Actual Startup Time": 1899.446,"Actual Total Time": 1929.206,"Actual Rows": 1,"Actual Loops": 1,"Group Key": ["lineitem.l_suppkey"],"Filter": "(sum((lineitem.l_extendedprice * ('1'::numeric - lineitem.l_discount))) = $0)","Planned Partitions": 0,"HashAgg Batches": 1,"Peak Memory Usage": 4497,"Disk Usage": 0,"Rows Removed by Filter": 9999,"Plans": [{"Node Type": "Bitmap Heap Scan","Parent Relationship": "Outer","Parallel Aware": false,"Async Capable": false,"Relation Name": "lineitem","Alias": "lineitem","Startup Cost": 5640.16,"Total Cost": 122093.70,"Plan Rows": 219681,"Plan Width": 16,"Actual Startup Time": 57.890,"Actual Total Time": 893.942,"Actual Rows": 225815,"Actual Loops": 1,"Recheck Cond": "((l_shipdate >= '1996-12-01'::date) AND (l_shipdate < '1997-03-01 00:00:00'::timestamp without time zone))","Rows Removed by Index Recheck": 0,"Exact Heap Blocks": 66669,"Lossy Heap Blocks": 0,"Plans": [{"Node Type": "Bitmap Index Scan","Parent Relationship": "Outer","Parallel Aware": false,"Async Capable": false,"Index Name": "idx_lineitem_shipdate","Startup Cost": 0.00,"Total Cost": 5585.24,"Plan Rows": 219681,"Plan Width": 0,"Actual Startup Time": 44.501,"Actual Total Time": 44.501,"Actual Rows": 225815,"Actual Loops": 1,"Index Cond": "((l_shipdate >= '1996-12-01'::date) AND (l_shipdate < '1997-03-01 00:00:00'::timestamp without time zone))"}]}]}]}]}]},"Planning Time": 4.317,"Triggers": [],"Execution Time": 1941.817}]
[{"Plan": {"Node Type": "Merge Join","Parallel Aware": false,"Async Capable": false,"Join Type": "Inner","Startup Cost": 249118.89,"Total Cost": 249639.79,"Plan Rows": 50,"Plan Width": 103,"Actual Startup Time": 2101.709,"Actual Total Time": 2101.748,"Actual Rows": 1,"Actual Loops": 1,"Inner Unique": true,"Merge Cond": "(supplier.s_suppkey = revenue0.supplier_no)","Plans": [{"Node Type": "Aggregate","Strategy": "Plain","Partial Mode": "Simple","Parent Relationship": "InitPlan","Subplan Name": "InitPlan 1 (returns $0)","Parallel Aware": false,"Async Capable": false,"Startup Cost": 124608.38,"Total Cost": 124608.39,"Plan Rows": 1,"Plan Width": 32,"Actual Startup Time": 954.180,"Actual Total Time": 954.190,"Actual Rows": 1,"Actual Loops": 1,"Plans": [{"Node Type": "Aggregate","Strategy": "Hashed","Partial Mode": "Simple","Parent Relationship": "Outer","Parallel Aware": false,"Async Capable": false,"Startup Cost": 124358.20,"Total Cost": 124483.29,"Plan Rows": 10007,"Plan Width": 36,"Actual Startup Time": 944.717,"Actual Total Time": 953.609,"Actual Rows": 10000,"Actual Loops": 1,"Group Key": ["lineitem_1.l_suppkey"],"Planned Partitions": 0,"HashAgg Batches": 1,"Peak Memory Usage": 4497,"Disk Usage": 0,"Plans": [{"Node Type": "Bitmap Heap Scan","Parent Relationship": "Outer","Parallel Aware": false,"Async Capable": false,"Relation Name": "lineitem","Alias": "lineitem_1","Startup Cost": 6006.43,"Total Cost": 122018.70,"Plan Rows": 233951,"Plan Width": 16,"Actual Startup Time": 66.327,"Actual Total Time": 795.231,"Actual Rows": 229338,"Actual Loops": 1,"Recheck Cond": "((l_shipdate >= '1993-07-01'::date) AND (l_shipdate < '1993-10-01 00:00:00'::timestamp without time zone))","Rows Removed by Index Recheck": 0,"Exact Heap Blocks": 67061,"Lossy Heap Blocks": 0,"Plans": [{"Node Type": "Bitmap Index Scan","Parent Relationship": "Outer","Parallel Aware": false,"Async Capable": false,"Index Name": "idx_lineitem_shipdate","Startup Cost": 0.00,"Total Cost": 5947.94,"Plan Rows": 233951,"Plan Width": 0,"Actual Startup Time": 52.411,"Actual Total Time": 52.417,"Actual Rows": 229338,"Actual Loops": 1,"Index Cond": "((l_shipdate >= '1993-07-01'::date) AND (l_shipdate < '1993-10-01 00:00:00'::timestamp without time zone))"}]}]}]},{"Node Type": "Index Scan","Parent Relationship": "Outer","Parallel Aware": false,"Async Capable": false,"Scan Direction": "Forward","Index Name": "supplier_pkey","Relation Name": "supplier","Alias": "supplier","Startup Cost": 0.29,"Total Cost": 495.43,"Plan Rows": 10000,"Plan Width": 71,"Actual Startup Time": 0.105,"Actual Total Time": 12.941,"Actual Rows": 8280,"Actual Loops": 1},{"Node Type": "Sort","Parent Relationship": "Inner","Parallel Aware": false,"Async Capable": false,"Startup Cost": 124510.22,"Total Cost": 124510.34,"Plan Rows": 50,"Plan Width": 36,"Actual Startup Time": 2088.290,"Actual Total Time": 2088.302,"Actual Rows": 1,"Actual Loops": 1,"Sort Key": ["revenue0.supplier_no"],"Sort Method": "quicksort","Sort Space Used": 25,"Sort Space Type": "Memory","Plans": [{"Node Type": "Subquery Scan","Parent Relationship": "Outer","Parallel Aware": false,"Async Capable": false,"Alias": "revenue0","Startup Cost": 124358.20,"Total Cost": 124508.81,"Plan Rows": 50,"Plan Width": 36,"Actual Startup Time": 2064.473,"Actual Total Time": 2088.234,"Actual Rows": 1,"Actual Loops": 1,"Plans": [{"Node Type": "Aggregate","Strategy": "Hashed","Partial Mode": "Simple","Parent Relationship": "Subquery","Parallel Aware": false,"Async Capable": false,"Startup Cost": 124358.20,"Total Cost": 124508.31,"Plan Rows": 50,"Plan Width": 36,"Actual Startup Time": 2064.468,"Actual Total Time": 2088.223,"Actual Rows": 1,"Actual Loops": 1,"Group Key": ["lineitem.l_suppkey"],"Filter": "(sum((lineitem.l_extendedprice * ('1'::numeric - lineitem.l_discount))) = $0)","Planned Partitions": 0,"HashAgg Batches": 1,"Peak Memory Usage": 4497,"Disk Usage": 0,"Rows Removed by Filter": 9999,"Plans": [{"Node Type": "Bitmap Heap Scan","Parent Relationship": "Outer","Parallel Aware": false,"Async Capable": false,"Relation Name": "lineitem","Alias": "lineitem","Startup Cost": 6006.43,"Total Cost": 122018.70,"Plan Rows": 233951,"Plan Width": 16,"Actual Startup Time": 62.518,"Actual Total Time": 939.412,"Actual Rows": 229338,"Actual Loops": 1,"Recheck Cond": "((l_shipdate >= '1993-07-01'::date) AND (l_shipdate < '1993-10-01 00:00:00'::timestamp without time zone))","Rows Removed by Index Recheck": 0,"Exact Heap Blocks": 67061,"Lossy Heap Blocks": 0,"Plans": [{"Node Type": "Bitmap Index Scan","Parent Relationship": "Outer","Parallel Aware": false,"Async Capable": false,"Index Name": "idx_lineitem_shipdate","Startup Cost": 0.00,"Total Cost": 5947.94,"Plan Rows": 233951,"Plan Width": 0,"Actual Startup Time": 48.803,"Actual Total Time": 48.804,"Actual Rows": 229338,"Actual Loops": 1,"Index Cond": "((l_shipdate >= '1993-07-01'::date) AND (l_shipdate < '1993-10-01 00:00:00'::timestamp without time zone))"}]}]}]}]}]},"Planning Time": 4.394,"Triggers": [],"Execution Time": 2106.441}]
[{"Plan": {"Node Type": "Merge Join","Parallel Aware": false,"Async Capable": false,"Join Type": "Inner","Startup Cost": 248396.78,"Total Cost": 248917.68,"Plan Rows": 50,"Plan Width": 103,"Actual Startup Time": 2095.850,"Actual Total Time": 2095.890,"Actual Rows": 1,"Actual Loops": 1,"Inner Unique": true,"Merge Cond": "(supplier.s_suppkey = revenue0.supplier_no)","Plans": [{"Node Type": "Aggregate","Strategy": "Plain","Partial Mode": "Simple","Parent Relationship": "InitPlan","Subplan Name": "InitPlan 1 (returns $0)","Parallel Aware": false,"Async Capable": false,"Startup Cost": 124247.32,"Total Cost": 124247.33,"Plan Rows": 1,"Plan Width": 32,"Actual Startup Time": 948.091,"Actual Total Time": 948.105,"Actual Rows": 1,"Actual Loops": 1,"Plans": [{"Node Type": "Aggregate","Strategy": "Hashed","Partial Mode": "Simple","Parent Relationship": "Outer","Parallel Aware": false,"Async Capable": false,"Startup Cost": 123997.15,"Total Cost": 124122.24,"Plan Rows": 10007,"Plan Width": 36,"Actual Startup Time": 942.301,"Actual Total Time": 947.490,"Actual Rows": 10000,"Actual Loops": 1,"Group Key": ["lineitem_1.l_suppkey"],"Planned Partitions": 0,"HashAgg Batches": 1,"Peak Memory Usage": 4497,"Disk Usage": 0,"Plans": [{"Node Type": "Bitmap Heap Scan","Parent Relationship": "Outer","Parallel Aware": false,"Async Capable": false,"Relation Name": "lineitem","Alias": "lineitem_1","Startup Cost": 5824.85,"Total Cost": 121729.43,"Plan Rows": 226772,"Plan Width": 16,"Actual Startup Time": 65.919,"Actual Total Time": 796.903,"Actual Rows": 228852,"Actual Loops": 1,"Recheck Cond": "((l_shipdate >= '1995-09-01'::date) AND (l_shipdate < '1995-12-01 00:00:00'::timestamp without time zone))","Rows Removed by Index Recheck": 0,"Exact Heap Blocks": 67143,"Lossy Heap Blocks": 0,"Plans": [{"Node Type": "Bitmap Index Scan","Parent Relationship": "Outer","Parallel Aware": false,"Async Capable": false,"Index Name": "idx_lineitem_shipdate","Startup Cost": 0.00,"Total Cost": 5768.15,"Plan Rows": 226772,"Plan Width": 0,"Actual Startup Time": 51.856,"Actual Total Time": 51.860,"Actual Rows": 228852,"Actual Loops": 1,"Index Cond": "((l_shipdate >= '1995-09-01'::date) AND (l_shipdate < '1995-12-01 00:00:00'::timestamp without time zone))"}]}]}]},{"Node Type": "Index Scan","Parent Relationship": "Outer","Parallel Aware": false,"Async Capable": false,"Scan Direction": "Forward","Index Name": "supplier_pkey","Relation Name": "supplier","Alias": "supplier","Startup Cost": 0.29,"Total Cost": 495.43,"Plan Rows": 10000,"Plan Width": 71,"Actual Startup Time": 0.115,"Actual Total Time": 10.908,"Actual Rows": 6981,"Actual Loops": 1},{"Node Type": "Sort","Parent Relationship": "Inner","Parallel Aware": false,"Async Capable": false,"Startup Cost": 124149.17,"Total Cost": 124149.29,"Plan Rows": 50,"Plan Width": 36,"Actual Startup Time": 2084.538,"Actual Total Time": 2084.549,"Actual Rows": 1,"Actual Loops": 1,"Sort Key": ["revenue0.supplier_no"],"Sort Method": "quicksort","Sort Space Used": 25,"Sort Space Type": "Memory","Plans": [{"Node Type": "Subquery Scan","Parent Relationship": "Outer","Parallel Aware": false,"Async Capable": false,"Alias": "revenue0","Startup Cost": 123997.15,"Total Cost": 124147.75,"Plan Rows": 50,"Plan Width": 36,"Actual Startup Time": 2063.527,"Actual Total Time": 2084.498,"Actual Rows": 1,"Actual Loops": 1,"Plans": [{"Node Type": "Aggregate","Strategy": "Hashed","Partial Mode": "Simple","Parent Relationship": "Subquery","Parallel Aware": false,"Async Capable": false,"Startup Cost": 123997.15,"Total Cost": 124147.25,"Plan Rows": 50,"Plan Width": 36,"Actual Startup Time": 2063.519,"Actual Total Time": 2084.488,"Actual Rows": 1,"Actual Loops": 1,"Group Key": ["lineitem.l_suppkey"],"Filter": "(sum((lineitem.l_extendedprice * ('1'::numeric - lineitem.l_discount))) = $0)","Planned Partitions": 0,"HashAgg Batches": 1,"Peak Memory Usage": 4497,"Disk Usage": 0,"Rows Removed by Filter": 9999,"Plans": [{"Node Type": "Bitmap Heap Scan","Parent Relationship": "Outer","Parallel Aware": false,"Async Capable": false,"Relation Name": "lineitem","Alias": "lineitem","Startup Cost": 5824.85,"Total Cost": 121729.43,"Plan Rows": 226772,"Plan Width": 16,"Actual Startup Time": 62.224,"Actual Total Time": 938.636,"Actual Rows": 228852,"Actual Loops": 1,"Recheck Cond": "((l_shipdate >= '1995-09-01'::date) AND (l_shipdate < '1995-12-01 00:00:00'::timestamp without time zone))","Rows Removed by Index Recheck": 0,"Exact Heap Blocks": 67143,"Lossy Heap Blocks": 0,"Plans": [{"Node Type": "Bitmap Index Scan","Parent Relationship": "Outer","Parallel Aware": false,"Async Capable": false,"Index Name": "idx_lineitem_shipdate","Startup Cost": 0.00,"Total Cost": 5768.15,"Plan Rows": 226772,"Plan Width": 0,"Actual Startup Time": 48.458,"Actual Total Time": 48.459,"Actual Rows": 228852,"Actual Loops": 1,"Index Cond": "((l_shipdate >= '1995-09-01'::date) AND (l_shipdate < '1995-12-01 00:00:00'::timestamp without time zone))"}]}]}]}]}]},"Planning Time": 4.958,"Triggers": [],"Execution Time": 2102.199}]
[{"Plan": {"Node Type": "Merge Join","Parallel Aware": false,"Async Capable": false,"Join Type": "Inner","Startup Cost": 249295.94,"Total Cost": 249816.84,"Plan Rows": 50,"Plan Width": 103,"Actual Startup Time": 2107.893,"Actual Total Time": 2107.941,"Actual Rows": 1,"Actual Loops": 1,"Inner Unique": true,"Merge Cond": "(supplier.s_suppkey = revenue0.supplier_no)","Plans": [{"Node Type": "Aggregate","Strategy": "Plain","Partial Mode": "Simple","Parent Relationship": "InitPlan","Subplan Name": "InitPlan 1 (returns $0)","Parallel Aware": false,"Async Capable": false,"Startup Cost": 124696.90,"Total Cost": 124696.91,"Plan Rows": 1,"Plan Width": 32,"Actual Startup Time": 955.446,"Actual Total Time": 955.454,"Actual Rows": 1,"Actual Loops": 1,"Plans": [{"Node Type": "Aggregate","Strategy": "Hashed","Partial Mode": "Simple","Parent Relationship": "Outer","Parallel Aware": false,"Async Capable": false,"Startup Cost": 124446.73,"Total Cost": 124571.81,"Plan Rows": 10007,"Plan Width": 36,"Actual Startup Time": 947.982,"Actual Total Time": 954.846,"Actual Rows": 10000,"Actual Loops": 1,"Group Key": ["lineitem_1.l_suppkey"],"Planned Partitions": 0,"HashAgg Batches": 1,"Peak Memory Usage": 4497,"Disk Usage": 0,"Plans": [{"Node Type": "Bitmap Heap Scan","Parent Relationship": "Outer","Parallel Aware": false,"Async Capable": false,"Relation Name": "lineitem","Alias": "lineitem_1","Startup Cost": 6052.03,"Total Cost": 122090.05,"Plan Rows": 235668,"Plan Width": 16,"Actual Startup Time": 70.238,"Actual Total Time": 801.015,"Actual Rows": 228673,"Actual Loops": 1,"Recheck Cond": "((l_shipdate >= '1996-09-01'::date) AND (l_shipdate < '1996-12-01 00:00:00'::timestamp without time zone))","Rows Removed by Index Recheck": 0,"Exact Heap Blocks": 67144,"Lossy Heap Blocks": 0,"Plans": [{"Node Type": "Bitmap Index Scan","Parent Relationship": "Outer","Parallel Aware": false,"Async Capable": false,"Index Name": "idx_lineitem_shipdate","Startup Cost": 0.00,"Total Cost": 5993.11,"Plan Rows": 235668,"Plan Width": 0,"Actual Startup Time": 56.242,"Actual Total Time": 56.247,"Actual Rows": 228673,"Actual Loops": 1,"Index Cond": "((l_shipdate >= '1996-09-01'::date) AND (l_shipdate < '1996-12-01 00:00:00'::timestamp without time zone))"}]}]}]},{"Node Type": "Index Scan","Parent Relationship": "Outer","Parallel Aware": false,"Async Capable": false,"Scan Direction": "Forward","Index Name": "supplier_pkey","Relation Name": "supplier","Alias": "supplier","Startup Cost": 0.29,"Total Cost": 495.43,"Plan Rows": 10000,"Plan Width": 71,"Actual Startup Time": 0.093,"Actual Total Time": 7.858,"Actual Rows": 4994,"Actual Loops": 1},{"Node Type": "Sort","Parent Relationship": "Inner","Parallel Aware": false,"Async Capable": false,"Startup Cost": 124598.74,"Total Cost": 124598.87,"Plan Rows": 50,"Plan Width": 36,"Actual Startup Time": 2099.718,"Actual Total Time": 2099.739,"Actual Rows": 1,"Actual Loops": 1,"Sort Key": ["revenue0.supplier_no"],"Sort Method": "quicksort","Sort Space Used": 25,"Sort Space Type": "Memory","Plans": [{"Node Type": "Subquery Scan","Parent Relationship": "Outer","Parallel Aware": false,"Async Capable": false,"Alias": "revenue0","Startup Cost": 124446.73,"Total Cost": 124597.33,"Plan Rows": 50,"Plan Width": 36,"Actual Startup Time": 2069.111,"Actual Total Time": 2099.684,"Actual Rows": 1,"Actual Loops": 1,"Plans": [{"Node Type": "Aggregate","Strategy": "Hashed","Partial Mode": "Simple","Parent Relationship": "Subquery","Parallel Aware": false,"Async Capable": false,"Startup Cost": 124446.73,"Total Cost": 124596.83,"Plan Rows": 50,"Plan Width": 36,"Actual Startup Time": 2069.102,"Actual Total Time": 2099.662,"Actual Rows": 1,"Actual Loops": 1,"Group Key": ["lineitem.l_suppkey"],"Filter": "(sum((lineitem.l_extendedprice * ('1'::numeric - lineitem.l_discount))) = $0)","Planned Partitions": 0,"HashAgg Batches": 1,"Peak Memory Usage": 4497,"Disk Usage": 0,"Rows Removed by Filter": 9999,"Plans": [{"Node Type": "Bitmap Heap Scan","Parent Relationship": "Outer","Parallel Aware": false,"Async Capable": false,"Relation Name": "lineitem","Alias": "lineitem","Startup Cost": 6052.03,"Total Cost": 122090.05,"Plan Rows": 235668,"Plan Width": 16,"Actual Startup Time": 68.656,"Actual Total Time": 947.522,"Actual Rows": 228673,"Actual Loops": 1,"Recheck Cond": "((l_shipdate >= '1996-09-01'::date) AND (l_shipdate < '1996-12-01 00:00:00'::timestamp without time zone))","Rows Removed by Index Recheck": 0,"Exact Heap Blocks": 67144,"Lossy Heap Blocks": 0,"Plans": [{"Node Type": "Bitmap Index Scan","Parent Relationship": "Outer","Parallel Aware": false,"Async Capable": false,"Index Name": "idx_lineitem_shipdate","Startup Cost": 0.00,"Total Cost": 5993.11,"Plan Rows": 235668,"Plan Width": 0,"Actual Startup Time": 54.893,"Actual Total Time": 54.895,"Actual Rows": 228673,"Actual Loops": 1,"Index Cond": "((l_shipdate >= '1996-09-01'::date) AND (l_shipdate < '1996-12-01 00:00:00'::timestamp without time zone))"}]}]}]}]}]},"Planning Time": 5.183,"Triggers": [],"Execution Time": 2113.434}]
[{"Plan": {"Node Type": "Merge Join","Parallel Aware": false,"Async Capable": false,"Join Type": "Inner","Startup Cost": 248837.06,"Total Cost": 249357.95,"Plan Rows": 50,"Plan Width": 103,"Actual Startup Time": 1969.246,"Actual Total Time": 1969.306,"Actual Rows": 1,"Actual Loops": 1,"Inner Unique": true,"Merge Cond": "(supplier.s_suppkey = revenue0.supplier_no)","Plans": [{"Node Type": "Aggregate","Strategy": "Plain","Partial Mode": "Simple","Parent Relationship": "InitPlan","Subplan Name": "InitPlan 1 (returns $0)","Parallel Aware": false,"Async Capable": false,"Startup Cost": 124467.46,"Total Cost": 124467.47,"Plan Rows": 1,"Plan Width": 32,"Actual Startup Time": 899.835,"Actual Total Time": 899.853,"Actual Rows": 1,"Actual Loops": 1,"Plans": [{"Node Type": "Aggregate","Strategy": "Hashed","Partial Mode": "Simple","Parent Relationship": "Outer","Parallel Aware": false,"Async Capable": false,"Startup Cost": 124217.29,"Total Cost": 124342.37,"Plan Rows": 10007,"Plan Width": 36,"Actual Startup Time": 888.951,"Actual Total Time": 899.159,"Actual Rows": 10000,"Actual Loops": 1,"Group Key": ["lineitem_1.l_suppkey"],"Planned Partitions": 0,"HashAgg Batches": 1,"Peak Memory Usage": 4497,"Disk Usage": 0,"Plans": [{"Node Type": "Bitmap Heap Scan","Parent Relationship": "Outer","Parallel Aware": false,"Async Capable": false,"Relation Name": "lineitem","Alias": "lineitem_1","Startup Cost": 5666.73,"Total Cost": 122010.16,"Plan Rows": 220712,"Plan Width": 16,"Actual Startup Time": 50.799,"Actual Total Time": 691.660,"Actual Rows": 227315,"Actual Loops": 1,"Recheck Cond": "((l_shipdate >= '1994-04-01'::date) AND (l_shipdate < '1994-07-01 00:00:00'::timestamp without time zone))","Rows Removed by Index Recheck": 0,"Exact Heap Blocks": 67016,"Lossy Heap Blocks": 0,"Plans": [{"Node Type": "Bitmap Index Scan","Parent Relationship": "Outer","Parallel Aware": false,"Async Capable": false,"Index Name": "idx_lineitem_shipdate","Startup Cost": 0.00,"Total Cost": 5611.55,"Plan Rows": 220712,"Plan Width": 0,"Actual Startup Time": 36.979,"Actual Total Time": 36.992,"Actual Rows": 227315,"Actual Loops": 1,"Index Cond": "((l_shipdate >= '1994-04-01'::date) AND (l_shipdate < '1994-07-01 00:00:00'::timestamp without time zone))"}]}]}]},{"Node Type": "Index Scan","Parent Relationship": "Outer","Parallel Aware": false,"Async Capable": false,"Scan Direction": "Forward","Index Name": "supplier_pkey","Relation Name": "supplier","Alias": "supplier","Startup Cost": 0.29,"Total Cost": 495.43,"Plan Rows": 10000,"Plan Width": 71,"Actual Startup Time": 0.084,"Actual Total Time": 2.331,"Actual Rows": 1360,"Actual Loops": 1},{"Node Type": "Sort","Parent Relationship": "Inner","Parallel Aware": false,"Async Capable": false,"Startup Cost": 124369.30,"Total Cost": 124369.43,"Plan Rows": 50,"Plan Width": 36,"Actual Startup Time": 1966.772,"Actual Total Time": 1966.788,"Actual Rows": 1,"Actual Loops": 1,"Sort Key": ["revenue0.supplier_no"],"Sort Method": "quicksort","Sort Space Used": 25,"Sort Space Type": "Memory","Plans": [{"Node Type": "Subquery Scan","Parent Relationship": "Outer","Parallel Aware": false,"Async Capable": false,"Alias": "revenue0","Startup Cost": 124217.29,"Total Cost": 124367.89,"Plan Rows": 50,"Plan Width": 36,"Actual Startup Time": 1963.574,"Actual Total Time": 1966.737,"Actual Rows": 1,"Actual Loops": 1,"Plans": [{"Node Type": "Aggregate","Strategy": "Hashed","Partial Mode": "Simple","Parent Relationship": "Subquery","Parallel Aware": false,"Async Capable": false,"Startup Cost": 124217.29,"Total Cost": 124367.39,"Plan Rows": 50,"Plan Width": 36,"Actual Startup Time": 1963.555,"Actual Total Time": 1966.695,"Actual Rows": 1,"Actual Loops": 1,"Group Key": ["lineitem.l_suppkey"],"Filter": "(sum((lineitem.l_extendedprice * ('1'::numeric - lineitem.l_discount))) = $0)","Planned Partitions": 0,"HashAgg Batches": 1,"Peak Memory Usage": 4497,"Disk Usage": 0,"Rows Removed by Filter": 9999,"Plans": [{"Node Type": "Bitmap Heap Scan","Parent Relationship": "Outer","Parallel Aware": false,"Async Capable": false,"Relation Name": "lineitem","Alias": "lineitem","Startup Cost": 5666.73,"Total Cost": 122010.16,"Plan Rows": 220712,"Plan Width": 16,"Actual Startup Time": 49.894,"Actual Total Time": 881.952,"Actual Rows": 227315,"Actual Loops": 1,"Recheck Cond": "((l_shipdate >= '1994-04-01'::date) AND (l_shipdate < '1994-07-01 00:00:00'::timestamp without time zone))","Rows Removed by Index Recheck": 0,"Exact Heap Blocks": 67016,"Lossy Heap Blocks": 0,"Plans": [{"Node Type": "Bitmap Index Scan","Parent Relationship": "Outer","Parallel Aware": false,"Async Capable": false,"Index Name": "idx_lineitem_shipdate","Startup Cost": 0.00,"Total Cost": 5611.55,"Plan Rows": 220712,"Plan Width": 0,"Actual Startup Time": 36.453,"Actual Total Time": 36.453,"Actual Rows": 227315,"Actual Loops": 1,"Index Cond": "((l_shipdate >= '1994-04-01'::date) AND (l_shipdate < '1994-07-01 00:00:00'::timestamp without time zone))"}]}]}]}]}]},"Planning Time": 4.191,"Triggers": [],"Execution Time": 1974.742}]
[{"Plan": {"Node Type": "Merge Join","Parallel Aware": false,"Async Capable": false,"Join Type": "Inner","Startup Cost": 248366.65,"Total Cost": 248887.54,"Plan Rows": 50,"Plan Width": 103,"Actual Startup Time": 2072.372,"Actual Total Time": 2072.404,"Actual Rows": 1,"Actual Loops": 1,"Inner Unique": true,"Merge Cond": "(supplier.s_suppkey = revenue0.supplier_no)","Plans": [{"Node Type": "Aggregate","Strategy": "Plain","Partial Mode": "Simple","Parent Relationship": "InitPlan","Subplan Name": "InitPlan 1 (returns $0)","Parallel Aware": false,"Async Capable": false,"Startup Cost": 124232.26,"Total Cost": 124232.27,"Plan Rows": 1,"Plan Width": 32,"Actual Startup Time": 935.409,"Actual Total Time": 935.422,"Actual Rows": 1,"Actual Loops": 1,"Plans": [{"Node Type": "Aggregate","Strategy": "Hashed","Partial Mode": "Simple","Parent Relationship": "Outer","Parallel Aware": false,"Async Capable": false,"Startup Cost": 123982.08,"Total Cost": 124107.17,"Plan Rows": 10007,"Plan Width": 36,"Actual Startup Time": 927.998,"Actual Total Time": 934.834,"Actual Rows": 10000,"Actual Loops": 1,"Group Key": ["lineitem_1.l_suppkey"],"Planned Partitions": 0,"HashAgg Batches": 1,"Peak Memory Usage": 4497,"Disk Usage": 0,"Plans": [{"Node Type": "Bitmap Heap Scan","Parent Relationship": "Outer","Parallel Aware": false,"Async Capable": false,"Relation Name": "lineitem","Alias": "lineitem_1","Startup Cost": 5817.63,"Total Cost": 121717.50,"Plan Rows": 226458,"Plan Width": 16,"Actual Startup Time": 58.327,"Actual Total Time": 782.071,"Actual Rows": 225975,"Actual Loops": 1,"Recheck Cond": "((l_shipdate >= '1995-12-01'::date) AND (l_shipdate < '1996-03-01 00:00:00'::timestamp without time zone))","Rows Removed by Index Recheck": 0,"Exact Heap Blocks": 66957,"Lossy Heap Blocks": 0,"Plans": [{"Node Type": "Bitmap Index Scan","Parent Relationship": "Outer","Parallel Aware": false,"Async Capable": false,"Index Name": "idx_lineitem_shipdate","Startup Cost": 0.00,"Total Cost": 5761.01,"Plan Rows": 226458,"Plan Width": 0,"Actual Startup Time": 44.649,"Actual Total Time": 44.657,"Actual Rows": 225975,"Actual Loops": 1,"Index Cond": "((l_shipdate >= '1995-12-01'::date) AND (l_shipdate < '1996-03-01 00:00:00'::timestamp without time zone))"}]}]}]},{"Node Type": "Index Scan","Parent Relationship": "Outer","Parallel Aware": false,"Async Capable": false,"Scan Direction": "Forward","Index Name": "supplier_pkey","Relation Name": "supplier","Alias": "supplier","Startup Cost": 0.29,"Total Cost": 495.43,"Plan Rows": 10000,"Plan Width": 71,"Actual Startup Time": 0.094,"Actual Total Time": 12.061,"Actual Rows": 7896,"Actual Loops": 1},{"Node Type": "Sort","Parent Relationship": "Inner","Parallel Aware": false,"Async Capable": false,"Startup Cost": 124134.10,"Total Cost": 124134.22,"Plan Rows": 50,"Plan Width": 36,"Actual Startup Time": 2059.847,"Actual Total Time": 2059.860,"Actual Rows": 1,"Actual Loops": 1,"Sort Key": ["revenue0.supplier_no"],"Sort Method": "quicksort","Sort Space Used": 25,"Sort Space Type": "Memory","Plans": [{"Node Type": "Subquery Scan","Parent Relationship": "Outer","Parallel Aware": false,"Async Capable": false,"Alias": "revenue0","Startup Cost": 123982.08,"Total Cost": 124132.69,"Plan Rows": 50,"Plan Width": 36,"Actual Startup Time": 2034.699,"Actual Total Time": 2059.773,"Actual Rows": 1,"Actual Loops": 1,"Plans": [{"Node Type": "Aggregate","Strategy": "Hashed","Partial Mode": "Simple","Parent Relationship": "Subquery","Parallel Aware": false,"Async Capable": false,"Startup Cost": 123982.08,"Total Cost": 124132.19,"Plan Rows": 50,"Plan Width": 36,"Actual Startup Time": 2034.689,"Actual Total Time": 2059.753,"Actual Rows": 1,"Actual Loops": 1,"Group Key": ["lineitem.l_suppkey"],"Filter": "(sum((lineitem.l_extendedprice * ('1'::numeric - lineitem.l_discount))) = $0)","Planned Partitions": 0,"HashAgg Batches": 1,"Peak Memory Usage": 4497,"Disk Usage": 0,"Rows Removed by Filter": 9999,"Plans": [{"Node Type": "Bitmap Heap Scan","Parent Relationship": "Outer","Parallel Aware": false,"Async Capable": false,"Relation Name": "lineitem","Alias": "lineitem","Startup Cost": 5817.63,"Total Cost": 121717.50,"Plan Rows": 226458,"Plan Width": 16,"Actual Startup Time": 55.797,"Actual Total Time": 930.171,"Actual Rows": 225975,"Actual Loops": 1,"Recheck Cond": "((l_shipdate >= '1995-12-01'::date) AND (l_shipdate < '1996-03-01 00:00:00'::timestamp without time zone))","Rows Removed by Index Recheck": 0,"Exact Heap Blocks": 66957,"Lossy Heap Blocks": 0,"Plans": [{"Node Type": "Bitmap Index Scan","Parent Relationship": "Outer","Parallel Aware": false,"Async Capable": false,"Index Name": "idx_lineitem_shipdate","Startup Cost": 0.00,"Total Cost": 5761.01,"Plan Rows": 226458,"Plan Width": 0,"Actual Startup Time": 42.303,"Actual Total Time": 42.304,"Actual Rows": 225975,"Actual Loops": 1,"Index Cond": "((l_shipdate >= '1995-12-01'::date) AND (l_shipdate < '1996-03-01 00:00:00'::timestamp without time zone))"}]}]}]}]}]},"Planning Time": 4.024,"Triggers": [],"Execution Time": 2078.117}]
[{"Plan": {"Node Type": "Merge Join","Parallel Aware": false,"Async Capable": false,"Join Type": "Inner","Startup Cost": 248790.52,"Total Cost": 249311.42,"Plan Rows": 50,"Plan Width": 103,"Actual Startup Time": 1983.963,"Actual Total Time": 1983.999,"Actual Rows": 1,"Actual Loops": 1,"Inner Unique": true,"Merge Cond": "(supplier.s_suppkey = revenue0.supplier_no)","Plans": [{"Node Type": "Aggregate","Strategy": "Plain","Partial Mode": "Simple","Parent Relationship": "InitPlan","Subplan Name": "InitPlan 1 (returns $0)","Parallel Aware": false,"Async Capable": false,"Startup Cost": 124444.19,"Total Cost": 124444.20,"Plan Rows": 1,"Plan Width": 32,"Actual Startup Time": 870.346,"Actual Total Time": 870.363,"Actual Rows": 1,"Actual Loops": 1,"Plans": [{"Node Type": "Aggregate","Strategy": "Hashed","Partial Mode": "Simple","Parent Relationship": "Outer","Parallel Aware": false,"Async Capable": false,"Startup Cost": 124194.02,"Total Cost": 124319.10,"Plan Rows": 10007,"Plan Width": 36,"Actual Startup Time": 861.387,"Actual Total Time": 869.774,"Actual Rows": 10000,"Actual Loops": 1,"Group Key": ["lineitem_1.l_suppkey"],"Planned Partitions": 0,"HashAgg Batches": 1,"Peak Memory Usage": 4497,"Disk Usage": 0,"Plans": [{"Node Type": "Bitmap Heap Scan","Parent Relationship": "Outer","Parallel Aware": false,"Async Capable": false,"Relation Name": "lineitem","Alias": "lineitem_1","Startup Cost": 5924.65,"Total Cost": 121887.47,"Plan Rows": 230655,"Plan Width": 16,"Actual Startup Time": 48.641,"Actual Total Time": 688.563,"Actual Rows": 229970,"Actual Loops": 1,"Recheck Cond": "((l_shipdate >= '1997-05-01'::date) AND (l_shipdate < '1997-08-01 00:00:00'::timestamp without time zone))","Rows Removed by Index Recheck": 0,"Exact Heap Blocks": 67328,"Lossy Heap Blocks": 0,"Plans": [{"Node Type": "Bitmap Index Scan","Parent Relationship": "Outer","Parallel Aware": false,"Async Capable": false,"Index Name": "idx_lineitem_shipdate","Startup Cost": 0.00,"Total Cost": 5866.98,"Plan Rows": 230655,"Plan Width": 0,"Actual Startup Time": 35.373,"Actual Total Time": 35.379,"Actual Rows": 229970,"Actual Loops": 1,"Index Cond": "((l_shipdate >= '1997-05-01'::date) AND (l_shipdate < '1997-08-01 00:00:00'::timestamp without time zone))"}]}]}]},{"Node Type": "Index Scan","Parent Relationship": "Outer","Parallel Aware": false,"Async Capable": false,"Scan Direction": "Forward","Index Name": "supplier_pkey","Relation Name": "supplier","Alias": "supplier","Startup Cost": 0.29,"Total Cost": 495.43,"Plan Rows": 10000,"Plan Width": 71,"Actual Startup Time": 0.081,"Actual Total Time": 1.818,"Actual Rows": 977,"Actual Loops": 1},{"Node Type": "Sort","Parent Relationship": "Inner","Parallel Aware": false,"Async Capable": false,"Startup Cost": 124346.03,"Total Cost": 124346.16,"Plan Rows": 50,"Plan Width": 36,"Actual Startup Time": 1982.064,"Actual Total Time": 1982.074,"Actual Rows": 1,"Actual Loops": 1,"Sort Key": ["revenue0.supplier_no"],"Sort Method": "quicksort","Sort Space Used": 25,"Sort Space Type": "Memory","Plans": [{"Node Type": "Subquery Scan","Parent Relationship": "Outer","Parallel Aware": false,"Async Capable": false,"Alias": "revenue0","Startup Cost": 124194.02,"Total Cost": 124344.62,"Plan Rows": 50,"Plan Width": 36,"Actual Startup Time": 1977.425,"Actual Total Time": 1982.032,"Actual Rows": 1,"Actual Loops": 1,"Plans": [{"Node Type": "Aggregate","Strategy": "Hashed","Partial Mode": "Simple","Parent Relationship": "Subquery","Parallel Aware": false,"Async Capable": false,"Startup Cost": 124194.02,"Total Cost": 124344.12,"Plan Rows": 50,"Plan Width": 36,"Actual Startup Time": 1977.416,"Actual Total Time": 1982.019,"Actual Rows": 1,"Actual Loops": 1,"Group Key": ["lineitem.l_suppkey"],"Filter": "(sum((lineitem.l_extendedprice * ('1'::numeric - lineitem.l_discount))) = $0)","Planned Partitions": 0,"HashAgg Batches": 1,"Peak Memory Usage": 4497,"Disk Usage": 0,"Rows Removed by Filter": 9999,"Plans": [{"Node Type": "Bitmap Heap Scan","Parent Relationship": "Outer","Parallel Aware": false,"Async Capable": false,"Relation Name": "lineitem","Alias": "lineitem","Startup Cost": 5924.65,"Total Cost": 121887.47,"Plan Rows": 230655,"Plan Width": 16,"Actual Startup Time": 49.950,"Actual Total Time": 900.000,"Actual Rows": 229970,"Actual Loops": 1,"Recheck Cond": "((l_shipdate >= '1997-05-01'::date) AND (l_shipdate < '1997-08-01 00:00:00'::timestamp without time zone))","Rows Removed by Index Recheck": 0,"Exact Heap Blocks": 67328,"Lossy Heap Blocks": 0,"Plans": [{"Node Type": "Bitmap Index Scan","Parent Relationship": "Outer","Parallel Aware": false,"Async Capable": false,"Index Name": "idx_lineitem_shipdate","Startup Cost": 0.00,"Total Cost": 5866.98,"Plan Rows": 230655,"Plan Width": 0,"Actual Startup Time": 36.810,"Actual Total Time": 36.810,"Actual Rows": 229970,"Actual Loops": 1,"Index Cond": "((l_shipdate >= '1997-05-01'::date) AND (l_shipdate < '1997-08-01 00:00:00'::timestamp without time zone))"}]}]}]}]}]},"Planning Time": 5.469,"Triggers": [],"Execution Time": 1986.524}]
[{"Plan": {"Node Type": "Merge Join","Parallel Aware": false,"Async Capable": false,"Join Type": "Inner","Startup Cost": 248249.45,"Total Cost": 248770.35,"Plan Rows": 50,"Plan Width": 103,"Actual Startup Time": 1933.210,"Actual Total Time": 1933.238,"Actual Rows": 1,"Actual Loops": 1,"Inner Unique": true,"Merge Cond": "(supplier.s_suppkey = revenue0.supplier_no)","Plans": [{"Node Type": "Aggregate","Strategy": "Plain","Partial Mode": "Simple","Parent Relationship": "InitPlan","Subplan Name": "InitPlan 1 (returns $0)","Parallel Aware": false,"Async Capable": false,"Startup Cost": 124173.66,"Total Cost": 124173.67,"Plan Rows": 1,"Plan Width": 32,"Actual Startup Time": 840.754,"Actual Total Time": 840.766,"Actual Rows": 1,"Actual Loops": 1,"Plans": [{"Node Type": "Aggregate","Strategy": "Hashed","Partial Mode": "Simple","Parent Relationship": "Outer","Parallel Aware": false,"Async Capable": false,"Startup Cost": 123923.48,"Total Cost": 124048.57,"Plan Rows": 10007,"Plan Width": 36,"Actual Startup Time": 831.124,"Actual Total Time": 840.175,"Actual Rows": 10000,"Actual Loops": 1,"Group Key": ["lineitem_1.l_suppkey"],"Planned Partitions": 0,"HashAgg Batches": 1,"Peak Memory Usage": 4497,"Disk Usage": 0,"Plans": [{"Node Type": "Bitmap Heap Scan","Parent Relationship": "Outer","Parallel Aware": false,"Async Capable": false,"Relation Name": "lineitem","Alias": "lineitem_1","Startup Cost": 5786.40,"Total Cost": 121669.85,"Plan Rows": 225363,"Plan Width": 16,"Actual Startup Time": 50.816,"Actual Total Time": 670.813,"Actual Rows": 229315,"Actual Loops": 1,"Recheck Cond": "((l_shipdate >= '1994-05-01'::date) AND (l_shipdate < '1994-08-01 00:00:00'::timestamp without time zone))","Rows Removed by Index Recheck": 0,"Exact Heap Blocks": 67035,"Lossy Heap Blocks": 0,"Plans": [{"Node Type": "Bitmap Index Scan","Parent Relationship": "Outer","Parallel Aware": false,"Async Capable": false,"Index Name": "idx_lineitem_shipdate","Startup Cost": 0.00,"Total Cost": 5730.06,"Plan Rows": 225363,"Plan Width": 0,"Actual Startup Time": 37.324,"Actual Total Time": 37.329,"Actual Rows": 229315,"Actual Loops": 1,"Index Cond": "((l_shipdate >= '1994-05-01'::date) AND (l_shipdate < '1994-08-01 00:00:00'::timestamp without time zone))"}]}]}]},{"Node Type": "Index Scan","Parent Relationship": "Outer","Parallel Aware": false,"Async Capable": false,"Scan Direction": "Forward","Index Name": "supplier_pkey","Relation Name": "supplier","Alias": "supplier","Startup Cost": 0.29,"Total Cost": 495.43,"Plan Rows": 10000,"Plan Width": 71,"Actual Startup Time": 0.122,"Actual Total Time": 5.559,"Actual Rows": 3302,"Actual Loops": 1},{"Node Type": "Sort","Parent Relationship": "Inner","Parallel Aware": false,"Async Capable": false,"Startup Cost": 124075.50,"Total Cost": 124075.62,"Plan Rows": 50,"Plan Width": 36,"Actual Startup Time": 1927.428,"Actual Total Time": 1927.436,"Actual Rows": 1,"Actual Loops": 1,"Sort Key": ["revenue0.supplier_no"],"Sort Method": "quicksort","Sort Space Used": 25,"Sort Space Type": "Memory","Plans": [{"Node Type": "Subquery Scan","Parent Relationship": "Outer","Parallel Aware": false,"Async Capable": false,"Alias": "revenue0","Startup Cost": 123923.48,"Total Cost": 124074.09,"Plan Rows": 50,"Plan Width": 36,"Actual Startup Time": 1920.770,"Actual Total Time": 1927.389,"Actual Rows": 1,"Actual Loops": 1,"Plans": [{"Node Type": "Aggregate","Strategy": "Hashed","Partial Mode": "Simple","Parent Relationship": "Subquery","Parallel Aware": false,"Async Capable": false,"Startup Cost": 123923.48,"Total Cost": 124073.59,"Plan Rows": 50,"Plan Width": 36,"Actual Startup Time": 1920.765,"Actual Total Time": 1927.379,"Actual Rows": 1,"Actual Loops": 1,"Group Key": ["lineitem.l_suppkey"],"Filter": "(sum((lineitem.l_extendedprice * ('1'::numeric - lineitem.l_discount))) = $0)","Planned Partitions": 0,"HashAgg Batches": 1,"Peak Memory Usage": 4497,"Disk Usage": 0,"Rows Removed by Filter": 9999,"Plans": [{"Node Type": "Bitmap Heap Scan","Parent Relationship": "Outer","Parallel Aware": false,"Async Capable": false,"Relation Name": "lineitem","Alias": "lineitem","Startup Cost": 5786.40,"Total Cost": 121669.85,"Plan Rows": 225363,"Plan Width": 16,"Actual Startup Time": 48.974,"Actual Total Time": 887.234,"Actual Rows": 229315,"Actual Loops": 1,"Recheck Cond": "((l_shipdate >= '1994-05-01'::date) AND (l_shipdate < '1994-08-01 00:00:00'::timestamp without time zone))","Rows Removed by Index Recheck": 0,"Exact Heap Blocks": 67035,"Lossy Heap Blocks": 0,"Plans": [{"Node Type": "Bitmap Index Scan","Parent Relationship": "Outer","Parallel Aware": false,"Async Capable": false,"Index Name": "idx_lineitem_shipdate","Startup Cost": 0.00,"Total Cost": 5730.06,"Plan Rows": 225363,"Plan Width": 0,"Actual Startup Time": 35.843,"Actual Total Time": 35.843,"Actual Rows": 229315,"Actual Loops": 1,"Index Cond": "((l_shipdate >= '1994-05-01'::date) AND (l_shipdate < '1994-08-01 00:00:00'::timestamp without time zone))"}]}]}]}]}]},"Planning Time": 4.354,"Triggers": [],"Execution Time": 1936.888}]
[{"Plan": {"Node Type": "Merge Join","Parallel Aware": false,"Async Capable": false,"Join Type": "Inner","Startup Cost": 248230.62,"Total Cost": 248751.52,"Plan Rows": 50,"Plan Width": 103,"Actual Startup Time": 2088.035,"Actual Total Time": 2088.078,"Actual Rows": 1,"Actual Loops": 1,"Inner Unique": true,"Merge Cond": "(supplier.s_suppkey = revenue0.supplier_no)","Plans": [{"Node Type": "Aggregate","Strategy": "Plain","Partial Mode": "Simple","Parent Relationship": "InitPlan","Subplan Name": "InitPlan 1 (returns $0)","Parallel Aware": false,"Async Capable": false,"Startup Cost": 124164.24,"Total Cost": 124164.25,"Plan Rows": 1,"Plan Width": 32,"Actual Startup Time": 950.841,"Actual Total Time": 950.857,"Actual Rows": 1,"Actual Loops": 1,"Plans": [{"Node Type": "Aggregate","Strategy": "Hashed","Partial Mode": "Simple","Parent Relationship": "Outer","Parallel Aware": false,"Async Capable": false,"Startup Cost": 123914.07,"Total Cost": 124039.16,"Plan Rows": 10007,"Plan Width": 36,"Actual Startup Time": 943.496,"Actual Total Time": 950.271,"Actual Rows": 10000,"Actual Loops": 1,"Group Key": ["lineitem_1.l_suppkey"],"Planned Partitions": 0,"HashAgg Batches": 1,"Peak Memory Usage": 4497,"Disk Usage": 0,"Plans": [{"Node Type": "Bitmap Heap Scan","Parent Relationship": "Outer","Parallel Aware": false,"Async Capable": false,"Relation Name": "lineitem","Alias": "lineitem_1","Startup Cost": 5777.92,"Total Cost": 121664.81,"Plan Rows": 224926,"Plan Width": 16,"Actual Startup Time": 60.846,"Actual Total Time": 795.969,"Actual Rows": 226622,"Actual Loops": 1,"Recheck Cond": "((l_shipdate >= '1996-04-01'::date) AND (l_shipdate < '1996-07-01 00:00:00'::timestamp without time zone))","Rows Removed by Index Recheck": 0,"Exact Heap Blocks": 66749,"Lossy Heap Blocks": 0,"Plans": [{"Node Type": "Bitmap Index Scan","Parent Relationship": "Outer","Parallel Aware": false,"Async Capable": false,"Index Name": "idx_lineitem_shipdate","Startup Cost": 0.00,"Total Cost": 5721.69,"Plan Rows": 224926,"Plan Width": 0,"Actual Startup Time": 47.031,"Actual Total Time": 47.038,"Actual Rows": 226622,"Actual Loops": 1,"Index Cond": "((l_shipdate >= '1996-04-01'::date) AND (l_shipdate < '1996-07-01 00:00:00'::timestamp without time zone))"}]}]}]},{"Node Type": "Index Scan","Parent Relationship": "Outer","Parallel Aware": false,"Async Capable": false,"Scan Direction": "Forward","Index Name": "supplier_pkey","Relation Name": "supplier","Alias": "supplier","Startup Cost": 0.29,"Total Cost": 495.43,"Plan Rows": 10000,"Plan Width": 71,"Actual Startup Time": 0.101,"Actual Total Time": 10.656,"Actual Rows": 6942,"Actual Loops": 1},{"Node Type": "Sort","Parent Relationship": "Inner","Parallel Aware": false,"Async Capable": false,"Startup Cost": 124066.08,"Total Cost": 124066.21,"Plan Rows": 50,"Plan Width": 36,"Actual Startup Time": 2076.966,"Actual Total Time": 2076.978,"Actual Rows": 1,"Actual Loops": 1,"Sort Key": ["revenue0.supplier_no"],"Sort Method": "quicksort","Sort Space Used": 25,"Sort Space Type": "Memory","Plans": [{"Node Type": "Subquery Scan","Parent Relationship": "Outer","Parallel Aware": false,"Async Capable": false,"Alias": "revenue0","Startup Cost": 123914.07,"Total Cost": 124064.67,"Plan Rows": 50,"Plan Width": 36,"Actual Startup Time": 2058.150,"Actual Total Time": 2076.927,"Actual Rows": 1,"Actual Loops": 1,"Plans": [{"Node Type": "Aggregate","Strategy": "Hashed","Partial Mode": "Simple","Parent Relationship": "Subquery","Parallel Aware": false,"Async Capable": false,"Startup Cost": 123914.07,"Total Cost": 124064.17,"Plan Rows": 50,"Plan Width": 36,"Actual Startup Time": 2058.141,"Actual Total Time": 2076.909,"Actual Rows": 1,"Actual Loops": 1,"Group Key": ["lineitem.l_suppkey"],"Filter": "(sum((lineitem.l_extendedprice * ('1'::numeric - lineitem.l_discount))) = $0)","Planned Partitions": 0,"HashAgg Batches": 1,"Peak Memory Usage": 4497,"Disk Usage": 0,"Rows Removed by Filter": 9999,"Plans": [{"Node Type": "Bitmap Heap Scan","Parent Relationship": "Outer","Parallel Aware": false,"Async Capable": false,"Relation Name": "lineitem","Alias": "lineitem","Startup Cost": 5777.92,"Total Cost": 121664.81,"Plan Rows": 224926,"Plan Width": 16,"Actual Startup Time": 54.640,"Actual Total Time": 931.835,"Actual Rows": 226622,"Actual Loops": 1,"Recheck Cond": "((l_shipdate >= '1996-04-01'::date) AND (l_shipdate < '1996-07-01 00:00:00'::timestamp without time zone))","Rows Removed by Index Recheck": 0,"Exact Heap Blocks": 66749,"Lossy Heap Blocks": 0,"Plans": [{"Node Type": "Bitmap Index Scan","Parent Relationship": "Outer","Parallel Aware": false,"Async Capable": false,"Index Name": "idx_lineitem_shipdate","Startup Cost": 0.00,"Total Cost": 5721.69,"Plan Rows": 224926,"Plan Width": 0,"Actual Startup Time": 41.150,"Actual Total Time": 41.151,"Actual Rows": 226622,"Actual Loops": 1,"Index Cond": "((l_shipdate >= '1996-04-01'::date) AND (l_shipdate < '1996-07-01 00:00:00'::timestamp without time zone))"}]}]}]}]}]},"Planning Time": 4.002,"Triggers": [],"Execution Time": 2092.348}]
[{"Plan": {"Node Type": "Merge Join","Parallel Aware": false,"Async Capable": false,"Join Type": "Inner","Startup Cost": 248718.93,"Total Cost": 249239.83,"Plan Rows": 50,"Plan Width": 103,"Actual Startup Time": 2107.161,"Actual Total Time": 2107.228,"Actual Rows": 1,"Actual Loops": 1,"Inner Unique": true,"Merge Cond": "(supplier.s_suppkey = revenue0.supplier_no)","Plans": [{"Node Type": "Aggregate","Strategy": "Plain","Partial Mode": "Simple","Parent Relationship": "InitPlan","Subplan Name": "InitPlan 1 (returns $0)","Parallel Aware": false,"Async Capable": false,"Startup Cost": 124408.40,"Total Cost": 124408.41,"Plan Rows": 1,"Plan Width": 32,"Actual Startup Time": 1002.061,"Actual Total Time": 1002.085,"Actual Rows": 1,"Actual Loops": 1,"Plans": [{"Node Type": "Aggregate","Strategy": "Hashed","Partial Mode": "Simple","Parent Relationship": "Outer","Parallel Aware": false,"Async Capable": false,"Startup Cost": 124158.22,"Total Cost": 124283.31,"Plan Rows": 10007,"Plan Width": 36,"Actual Startup Time": 992.934,"Actual Total Time": 1001.412,"Actual Rows": 10000,"Actual Loops": 1,"Group Key": ["lineitem_1.l_suppkey"],"Planned Partitions": 0,"HashAgg Batches": 1,"Peak Memory Usage": 4497,"Disk Usage": 0,"Plans": [{"Node Type": "Bitmap Heap Scan","Parent Relationship": "Outer","Parallel Aware": false,"Async Capable": false,"Relation Name": "lineitem","Alias": "lineitem_1","Startup Cost": 5905.73,"Total Cost": 121858.43,"Plan Rows": 229980,"Plan Width": 16,"Actual Startup Time": 59.024,"Actual Total Time": 766.380,"Actual Rows": 223495,"Actual Loops": 1,"Recheck Cond": "((l_shipdate >= '1996-02-01'::date) AND (l_shipdate < '1996-05-01 00:00:00'::timestamp without time zone))","Rows Removed by Index Recheck": 0,"Exact Heap Blocks": 66629,"Lossy Heap Blocks": 0,"Plans": [{"Node Type": "Bitmap Index Scan","Parent Relationship": "Outer","Parallel Aware": false,"Async Capable": false,"Index Name": "idx_lineitem_shipdate","Startup Cost": 0.00,"Total Cost": 5848.23,"Plan Rows": 229980,"Plan Width": 0,"Actual Startup Time": 45.099,"Actual Total Time": 45.117,"Actual Rows": 223495,"Actual Loops": 1,"Index Cond": "((l_shipdate >= '1996-02-01'::date) AND (l_shipdate < '1996-05-01 00:00:00'::timestamp without time zone))"}]}]}]},{"Node Type": "Index Scan","Parent Relationship": "Outer","Parallel Aware": false,"Async Capable": false,"Scan Direction": "Forward","Index Name": "supplier_pkey","Relation Name": "supplier","Alias": "supplier","Startup Cost": 0.29,"Total Cost": 495.43,"Plan Rows": 10000,"Plan Width": 71,"Actual Startup Time": 0.089,"Actual Total Time": 1.935,"Actual Rows": 939,"Actual Loops": 1},{"Node Type": "Sort","Parent Relationship": "Inner","Parallel Aware": false,"Async Capable": false,"Startup Cost": 124310.24,"Total Cost": 124310.37,"Plan Rows": 50,"Plan Width": 36,"Actual Startup Time": 2105.094,"Actual Total Time": 2105.129,"Actual Rows": 1,"Actual Loops": 1,"Sort Key": ["revenue0.supplier_no"],"Sort Method": "quicksort","Sort Space Used": 25,"Sort Space Type": "Memory","Plans": [{"Node Type": "Subquery Scan","Parent Relationship": "Outer","Parallel Aware": false,"Async Capable": false,"Alias": "revenue0","Startup Cost": 124158.22,"Total Cost": 124308.83,"Plan Rows": 50,"Plan Width": 36,"Actual Startup Time": 2102.538,"Actual Total Time": 2105.041,"Actual Rows": 1,"Actual Loops": 1,"Plans": [{"Node Type": "Aggregate","Strategy": "Hashed","Partial Mode": "Simple","Parent Relationship": "Subquery","Parallel Aware": false,"Async Capable": false,"Startup Cost": 124158.22,"Total Cost": 124308.33,"Plan Rows": 50,"Plan Width": 36,"Actual Startup Time": 2102.523,"Actual Total Time": 2105.002,"Actual Rows": 1,"Actual Loops": 1,"Group Key": ["lineitem.l_suppkey"],"Filter": "(sum((lineitem.l_extendedprice * ('1'::numeric - lineitem.l_discount))) = $0)","Planned Partitions": 0,"HashAgg Batches": 1,"Peak Memory Usage": 4497,"Disk Usage": 0,"Rows Removed by Filter": 9999,"Plans": [{"Node Type": "Bitmap Heap Scan","Parent Relationship": "Outer","Parallel Aware": false,"Async Capable": false,"Relation Name": "lineitem","Alias": "lineitem","Startup Cost": 5905.73,"Total Cost": 121858.43,"Plan Rows": 229980,"Plan Width": 16,"Actual Startup Time": 54.609,"Actual Total Time": 923.384,"Actual Rows": 223495,"Actual Loops": 1,"Recheck Cond": "((l_shipdate >= '1996-02-01'::date) AND (l_shipdate < '1996-05-01 00:00:00'::timestamp without time zone))","Rows Removed by Index Recheck": 0,"Exact Heap Blocks": 66629,"Lossy Heap Blocks": 0,"Plans": [{"Node Type": "Bitmap Index Scan","Parent Relationship": "Outer","Parallel Aware": false,"Async Capable": false,"Index Name": "idx_lineitem_shipdate","Startup Cost": 0.00,"Total Cost": 5848.23,"Plan Rows": 229980,"Plan Width": 0,"Actual Startup Time": 41.080,"Actual Total Time": 41.096,"Actual Rows": 223495,"Actual Loops": 1,"Index Cond": "((l_shipdate >= '1996-02-01'::date) AND (l_shipdate < '1996-05-01 00:00:00'::timestamp without time zone))"}]}]}]}]}]},"Planning Time": 5.322,"Triggers": [],"Execution Time": 2112.257}]
[{"Plan": {"Node Type": "Merge Join","Parallel Aware": false,"Async Capable": false,"Join Type": "Inner","Startup Cost": 248718.93,"Total Cost": 249239.83,"Plan Rows": 50,"Plan Width": 103,"Actual Startup Time": 2107.161,"Actual Total Time": 2107.228,"Actual Rows": 1,"Actual Loops": 1,"Inner Unique": true,"Merge Cond": "(supplier.s_suppkey = revenue0.supplier_no)","Plans": [{"Node Type": "Aggregate","Strategy": "Plain","Partial Mode": "Simple","Parent Relationship": "InitPlan","Subplan Name": "InitPlan 1 (returns $0)","Parallel Aware": false,"Async Capable": false,"Startup Cost": 124408.40,"Total Cost": 124408.41,"Plan Rows": 1,"Plan Width": 32,"Actual Startup Time": 1002.061,"Actual Total Time": 1002.085,"Actual Rows": 1,"Actual Loops": 1,"Plans": [{"Node Type": "Aggregate","Strategy": "Hashed","Partial Mode": "Simple","Parent Relationship": "Outer","Parallel Aware": false,"Async Capable": false,"Startup Cost": 124158.22,"Total Cost": 124283.31,"Plan Rows": 10007,"Plan Width": 36,"Actual Startup Time": 992.934,"Actual Total Time": 1001.412,"Actual Rows": 10000,"Actual Loops": 1,"Group Key": ["lineitem_1.l_suppkey"],"Planned Partitions": 0,"HashAgg Batches": 1,"Peak Memory Usage": 4497,"Disk Usage": 0,"Plans": [{"Node Type": "Bitmap Heap Scan","Parent Relationship": "Outer","Parallel Aware": false,"Async Capable": false,"Relation Name": "lineitem","Alias": "lineitem_1","Startup Cost": 5905.73,"Total Cost": 121858.43,"Plan Rows": 229980,"Plan Width": 16,"Actual Startup Time": 59.024,"Actual Total Time": 766.380,"Actual Rows": 223495,"Actual Loops": 1,"Recheck Cond": "((l_shipdate >= '1996-02-01'::date) AND (l_shipdate < '1996-05-01 00:00:00'::timestamp without time zone))","Rows Removed by Index Recheck": 0,"Exact Heap Blocks": 66629,"Lossy Heap Blocks": 0,"Plans": [{"Node Type": "Bitmap Index Scan","Parent Relationship": "Outer","Parallel Aware": false,"Async Capable": false,"Index Name": "idx_lineitem_shipdate","Startup Cost": 0.00,"Total Cost": 5848.23,"Plan Rows": 229980,"Plan Width": 0,"Actual Startup Time": 45.099,"Actual Total Time": 45.117,"Actual Rows": 223495,"Actual Loops": 1,"Index Cond": "((l_shipdate >= '1996-02-01'::date) AND (l_shipdate < '1996-05-01 00:00:00'::timestamp without time zone))"}]}]}]},{"Node Type": "Index Scan","Parent Relationship": "Outer","Parallel Aware": false,"Async Capable": false,"Scan Direction": "Forward","Index Name": "supplier_pkey","Relation Name": "supplier","Alias": "supplier","Startup Cost": 0.29,"Total Cost": 495.43,"Plan Rows": 10000,"Plan Width": 71,"Actual Startup Time": 0.089,"Actual Total Time": 1.935,"Actual Rows": 939,"Actual Loops": 1},{"Node Type": "Sort","Parent Relationship": "Inner","Parallel Aware": false,"Async Capable": false,"Startup Cost": 124310.24,"Total Cost": 124310.37,"Plan Rows": 50,"Plan Width": 36,"Actual Startup Time": 2105.094,"Actual Total Time": 2105.129,"Actual Rows": 1,"Actual Loops": 1,"Sort Key": ["revenue0.supplier_no"],"Sort Method": "quicksort","Sort Space Used": 25,"Sort Space Type": "Memory","Plans": [{"Node Type": "Subquery Scan","Parent Relationship": "Outer","Parallel Aware": false,"Async Capable": false,"Alias": "revenue0","Startup Cost": 124158.22,"Total Cost": 124308.83,"Plan Rows": 50,"Plan Width": 36,"Actual Startup Time": 2102.538,"Actual Total Time": 2105.041,"Actual Rows": 1,"Actual Loops": 1,"Plans": [{"Node Type": "Aggregate","Strategy": "Hashed","Partial Mode": "Simple","Parent Relationship": "Subquery","Parallel Aware": false,"Async Capable": false,"Startup Cost": 124158.22,"Total Cost": 124308.33,"Plan Rows": 50,"Plan Width": 36,"Actual Startup Time": 2102.523,"Actual Total Time": 2105.002,"Actual Rows": 1,"Actual Loops": 1,"Group Key": ["lineitem.l_suppkey"],"Filter": "(sum((lineitem.l_extendedprice * ('1'::numeric - lineitem.l_discount))) = $0)","Planned Partitions": 0,"HashAgg Batches": 1,"Peak Memory Usage": 4497,"Disk Usage": 0,"Rows Removed by Filter": 9999,"Plans": [{"Node Type": "Bitmap Heap Scan","Parent Relationship": "Outer","Parallel Aware": false,"Async Capable": false,"Relation Name": "lineitem","Alias": "lineitem","Startup Cost": 5905.73,"Total Cost": 121858.43,"Plan Rows": 229980,"Plan Width": 16,"Actual Startup Time": 54.609,"Actual Total Time": 923.384,"Actual Rows": 223495,"Actual Loops": 1,"Recheck Cond": "((l_shipdate >= '1996-02-01'::date) AND (l_shipdate < '1996-05-01 00:00:00'::timestamp without time zone))","Rows Removed by Index Recheck": 0,"Exact Heap Blocks": 66629,"Lossy Heap Blocks": 0,"Plans": [{"Node Type": "Bitmap Index Scan","Parent Relationship": "Outer","Parallel Aware": false,"Async Capable": false,"Index Name": "idx_lineitem_shipdate","Startup Cost": 0.00,"Total Cost": 5848.23,"Plan Rows": 229980,"Plan Width": 0,"Actual Startup Time": 41.080,"Actual Total Time": 41.096,"Actual Rows": 223495,"Actual Loops": 1,"Index Cond": "((l_shipdate >= '1996-02-01'::date) AND (l_shipdate < '1996-05-01 00:00:00'::timestamp without time zone))"}]}]}]}]}]},"Planning Time": 5.322,"Triggers": [],"Execution Time": 2112.257}]
[{"Plan": {"Node Type": "Merge Join","Parallel Aware": false,"Async Capable": false,"Join Type": "Inner","Startup Cost": 249012.02,"Total Cost": 249532.92,"Plan Rows": 50,"Plan Width": 103,"Actual Startup Time": 2119.244,"Actual Total Time": 2119.296,"Actual Rows": 1,"Actual Loops": 1,"Inner Unique": true,"Merge Cond": "(supplier.s_suppkey = revenue0.supplier_no)","Plans": [{"Node Type": "Aggregate","Strategy": "Plain","Partial Mode": "Simple","Parent Relationship": "InitPlan","Subplan Name": "InitPlan 1 (returns $0)","Parallel Aware": false,"Async Capable": false,"Startup Cost": 124554.94,"Total Cost": 124554.95,"Plan Rows": 1,"Plan Width": 32,"Actual Startup Time": 992.757,"Actual Total Time": 992.777,"Actual Rows": 1,"Actual Loops": 1,"Plans": [{"Node Type": "Aggregate","Strategy": "Hashed","Partial Mode": "Simple","Parent Relationship": "Outer","Parallel Aware": false,"Async Capable": false,"Startup Cost": 124304.77,"Total Cost": 124429.86,"Plan Rows": 10007,"Plan Width": 36,"Actual Startup Time": 985.158,"Actual Total Time": 992.112,"Actual Rows": 10000,"Actual Loops": 1,"Group Key": ["lineitem_1.l_suppkey"],"Planned Partitions": 0,"HashAgg Batches": 1,"Peak Memory Usage": 4497,"Disk Usage": 0,"Plans": [{"Node Type": "Bitmap Heap Scan","Parent Relationship": "Outer","Parallel Aware": false,"Async Capable": false,"Relation Name": "lineitem","Alias": "lineitem_1","Startup Cost": 5979.54,"Total Cost": 121975.88,"Plan Rows": 232889,"Plan Width": 16,"Actual Startup Time": 58.676,"Actual Total Time": 780.634,"Actual Rows": 229796,"Actual Loops": 1,"Recheck Cond": "((l_shipdate >= '1993-08-01'::date) AND (l_shipdate < '1993-11-01 00:00:00'::timestamp without time zone))","Rows Removed by Index Recheck": 0,"Exact Heap Blocks": 67184,"Lossy Heap Blocks": 0,"Plans": [{"Node Type": "Bitmap Index Scan","Parent Relationship": "Outer","Parallel Aware": false,"Async Capable": false,"Index Name": "idx_lineitem_shipdate","Startup Cost": 0.00,"Total Cost": 5921.32,"Plan Rows": 232889,"Plan Width": 0,"Actual Startup Time": 44.964,"Actual Total Time": 44.978,"Actual Rows": 229796,"Actual Loops": 1,"Index Cond": "((l_shipdate >= '1993-08-01'::date) AND (l_shipdate < '1993-11-01 00:00:00'::timestamp without time zone))"}]}]}]},{"Node Type": "Index Scan","Parent Relationship": "Outer","Parallel Aware": false,"Async Capable": false,"Scan Direction": "Forward","Index Name": "supplier_pkey","Relation Name": "supplier","Alias": "supplier","Startup Cost": 0.29,"Total Cost": 495.43,"Plan Rows": 10000,"Plan Width": 71,"Actual Startup Time": 0.109,"Actual Total Time": 11.654,"Actual Rows": 6952,"Actual Loops": 1},{"Node Type": "Sort","Parent Relationship": "Inner","Parallel Aware": false,"Async Capable": false,"Startup Cost": 124456.78,"Total Cost": 124456.91,"Plan Rows": 50,"Plan Width": 36,"Actual Startup Time": 2107.151,"Actual Total Time": 2107.177,"Actual Rows": 1,"Actual Loops": 1,"Sort Key": ["revenue0.supplier_no"],"Sort Method": "quicksort","Sort Space Used": 25,"Sort Space Type": "Memory","Plans": [{"Node Type": "Subquery Scan","Parent Relationship": "Outer","Parallel Aware": false,"Async Capable": false,"Alias": "revenue0","Startup Cost": 124304.77,"Total Cost": 124455.37,"Plan Rows": 50,"Plan Width": 36,"Actual Startup Time": 2103.069,"Actual Total Time": 2107.067,"Actual Rows": 1,"Actual Loops": 1,"Plans": [{"Node Type": "Aggregate","Strategy": "Hashed","Partial Mode": "Simple","Parent Relationship": "Subquery","Parallel Aware": false,"Async Capable": false,"Startup Cost": 124304.77,"Total Cost": 124454.87,"Plan Rows": 50,"Plan Width": 36,"Actual Startup Time": 2103.055,"Actual Total Time": 2107.034,"Actual Rows": 1,"Actual Loops": 1,"Group Key": ["lineitem.l_suppkey"],"Filter": "(sum((lineitem.l_extendedprice * ('1'::numeric - lineitem.l_discount))) = $0)","Planned Partitions": 0,"HashAgg Batches": 1,"Peak Memory Usage": 4497,"Disk Usage": 0,"Rows Removed by Filter": 9999,"Plans": [{"Node Type": "Bitmap Heap Scan","Parent Relationship": "Outer","Parallel Aware": false,"Async Capable": false,"Relation Name": "lineitem","Alias": "lineitem","Startup Cost": 5979.54,"Total Cost": 121975.88,"Plan Rows": 232889,"Plan Width": 16,"Actual Startup Time": 55.870,"Actual Total Time": 932.576,"Actual Rows": 229796,"Actual Loops": 1,"Recheck Cond": "((l_shipdate >= '1993-08-01'::date) AND (l_shipdate < '1993-11-01 00:00:00'::timestamp without time zone))","Rows Removed by Index Recheck": 0,"Exact Heap Blocks": 67184,"Lossy Heap Blocks": 0,"Plans": [{"Node Type": "Bitmap Index Scan","Parent Relationship": "Outer","Parallel Aware": false,"Async Capable": false,"Index Name": "idx_lineitem_shipdate","Startup Cost": 0.00,"Total Cost": 5921.32,"Plan Rows": 232889,"Plan Width": 0,"Actual Startup Time": 41.935,"Actual Total Time": 41.948,"Actual Rows": 229796,"Actual Loops": 1,"Index Cond": "((l_shipdate >= '1993-08-01'::date) AND (l_shipdate < '1993-11-01 00:00:00'::timestamp without time zone))"}]}]}]}]}]},"Planning Time": 4.203,"Triggers": [],"Execution Time": 2124.103}]
[{"Plan": {"Node Type": "Merge Join","Parallel Aware": false,"Async Capable": false,"Join Type": "Inner","Startup Cost": 248978.65,"Total Cost": 249499.55,"Plan Rows": 50,"Plan Width": 103,"Actual Startup Time": 2096.212,"Actual Total Time": 2096.274,"Actual Rows": 1,"Actual Loops": 1,"Inner Unique": true,"Merge Cond": "(supplier.s_suppkey = revenue0.supplier_no)","Plans": [{"Node Type": "Aggregate","Strategy": "Plain","Partial Mode": "Simple","Parent Relationship": "InitPlan","Subplan Name": "InitPlan 1 (returns $0)","Parallel Aware": false,"Async Capable": false,"Startup Cost": 124538.26,"Total Cost": 124538.27,"Plan Rows": 1,"Plan Width": 32,"Actual Startup Time": 983.907,"Actual Total Time": 983.932,"Actual Rows": 1,"Actual Loops": 1,"Plans": [{"Node Type": "Aggregate","Strategy": "Hashed","Partial Mode": "Simple","Parent Relationship": "Outer","Parallel Aware": false,"Async Capable": false,"Startup Cost": 124288.08,"Total Cost": 124413.17,"Plan Rows": 10007,"Plan Width": 36,"Actual Startup Time": 975.922,"Actual Total Time": 983.270,"Actual Rows": 10000,"Actual Loops": 1,"Group Key": ["lineitem_1.l_suppkey"],"Planned Partitions": 0,"HashAgg Batches": 1,"Peak Memory Usage": 4497,"Disk Usage": 0,"Plans": [{"Node Type": "Bitmap Heap Scan","Parent Relationship": "Outer","Parallel Aware": false,"Async Capable": false,"Relation Name": "lineitem","Alias": "lineitem_1","Startup Cost": 5640.42,"Total Cost": 122091.02,"Plan Rows": 219706,"Plan Width": 16,"Actual Startup Time": 58.372,"Actual Total Time": 769.400,"Actual Rows": 224003,"Actual Loops": 1,"Recheck Cond": "((l_shipdate >= '1993-01-01'::date) AND (l_shipdate < '1993-04-01 00:00:00'::timestamp without time zone))","Rows Removed by Index Recheck": 0,"Exact Heap Blocks": 66450,"Lossy Heap Blocks": 0,"Plans": [{"Node Type": "Bitmap Index Scan","Parent Relationship": "Outer","Parallel Aware": false,"Async Capable": false,"Index Name": "idx_lineitem_shipdate","Startup Cost": 0.00,"Total Cost": 5585.49,"Plan Rows": 219706,"Plan Width": 0,"Actual Startup Time": 44.700,"Actual Total Time": 44.716,"Actual Rows": 224003,"Actual Loops": 1,"Index Cond": "((l_shipdate >= '1993-01-01'::date) AND (l_shipdate < '1993-04-01 00:00:00'::timestamp without time zone))"}]}]}]},{"Node Type": "Index Scan","Parent Relationship": "Outer","Parallel Aware": false,"Async Capable": false,"Scan Direction": "Forward","Index Name": "supplier_pkey","Relation Name": "supplier","Alias": "supplier","Startup Cost": 0.29,"Total Cost": 495.43,"Plan Rows": 10000,"Plan Width": 71,"Actual Startup Time": 0.093,"Actual Total Time": 9.121,"Actual Rows": 5369,"Actual Loops": 1},{"Node Type": "Sort","Parent Relationship": "Inner","Parallel Aware": false,"Async Capable": false,"Startup Cost": 124440.10,"Total Cost": 124440.22,"Plan Rows": 50,"Plan Width": 36,"Actual Startup Time": 2086.718,"Actual Total Time": 2086.732,"Actual Rows": 1,"Actual Loops": 1,"Sort Key": ["revenue0.supplier_no"],"Sort Method": "quicksort","Sort Space Used": 25,"Sort Space Type": "Memory","Plans": [{"Node Type": "Subquery Scan","Parent Relationship": "Outer","Parallel Aware": false,"Async Capable": false,"Alias": "revenue0","Startup Cost": 124288.08,"Total Cost": 124438.69,"Plan Rows": 50,"Plan Width": 36,"Actual Startup Time": 2085.226,"Actual Total Time": 2086.666,"Actual Rows": 1,"Actual Loops": 1,"Plans": [{"Node Type": "Aggregate","Strategy": "Hashed","Partial Mode": "Simple","Parent Relationship": "Subquery","Parallel Aware": false,"Async Capable": false,"Startup Cost": 124288.08,"Total Cost": 124438.19,"Plan Rows": 50,"Plan Width": 36,"Actual Startup Time": 2085.209,"Actual Total Time": 2086.627,"Actual Rows": 1,"Actual Loops": 1,"Group Key": ["lineitem.l_suppkey"],"Filter": "(sum((lineitem.l_extendedprice * ('1'::numeric - lineitem.l_discount))) = $0)","Planned Partitions": 0,"HashAgg Batches": 1,"Peak Memory Usage": 4497,"Disk Usage": 0,"Rows Removed by Filter": 9999,"Plans": [{"Node Type": "Bitmap Heap Scan","Parent Relationship": "Outer","Parallel Aware": false,"Async Capable": false,"Relation Name": "lineitem","Alias": "lineitem","Startup Cost": 5640.42,"Total Cost": 122091.02,"Plan Rows": 219706,"Plan Width": 16,"Actual Startup Time": 54.479,"Actual Total Time": 923.475,"Actual Rows": 224003,"Actual Loops": 1,"Recheck Cond": "((l_shipdate >= '1993-01-01'::date) AND (l_shipdate < '1993-04-01 00:00:00'::timestamp without time zone))","Rows Removed by Index Recheck": 0,"Exact Heap Blocks": 66450,"Lossy Heap Blocks": 0,"Plans": [{"Node Type": "Bitmap Index Scan","Parent Relationship": "Outer","Parallel Aware": false,"Async Capable": false,"Index Name": "idx_lineitem_shipdate","Startup Cost": 0.00,"Total Cost": 5585.49,"Plan Rows": 219706,"Plan Width": 0,"Actual Startup Time": 41.018,"Actual Total Time": 41.018,"Actual Rows": 224003,"Actual Loops": 1,"Index Cond": "((l_shipdate >= '1993-01-01'::date) AND (l_shipdate < '1993-04-01 00:00:00'::timestamp without time zone))"}]}]}]}]}]},"Planning Time": 5.332,"Triggers": [],"Execution Time": 2101.239}]
[{"Plan": {"Node Type": "Merge Join","Parallel Aware": false,"Async Capable": false,"Join Type": "Inner","Startup Cost": 248716.76,"Total Cost": 249237.66,"Plan Rows": 50,"Plan Width": 103,"Actual Startup Time": 1990.692,"Actual Total Time": 1990.747,"Actual Rows": 1,"Actual Loops": 1,"Inner Unique": true,"Merge Cond": "(supplier.s_suppkey = revenue0.supplier_no)","Plans": [{"Node Type": "Aggregate","Strategy": "Plain","Partial Mode": "Simple","Parent Relationship": "InitPlan","Subplan Name": "InitPlan 1 (returns $0)","Parallel Aware": false,"Async Capable": false,"Startup Cost": 124407.31,"Total Cost": 124407.32,"Plan Rows": 1,"Plan Width": 32,"Actual Startup Time": 912.658,"Actual Total Time": 912.682,"Actual Rows": 1,"Actual Loops": 1,"Plans": [{"Node Type": "Aggregate","Strategy": "Hashed","Partial Mode": "Simple","Parent Relationship": "Outer","Parallel Aware": false,"Async Capable": false,"Startup Cost": 124157.14,"Total Cost": 124282.22,"Plan Rows": 10007,"Plan Width": 36,"Actual Startup Time": 906.053,"Actual Total Time": 912.012,"Actual Rows": 10000,"Actual Loops": 1,"Group Key": ["lineitem_1.l_suppkey"],"Planned Partitions": 0,"HashAgg Batches": 1,"Peak Memory Usage": 4497,"Disk Usage": 0,"Plans": [{"Node Type": "Bitmap Heap Scan","Parent Relationship": "Outer","Parallel Aware": false,"Async Capable": false,"Relation Name": "lineitem","Alias": "lineitem_1","Startup Cost": 5905.41,"Total Cost": 121857.64,"Plan Rows": 229949,"Plan Width": 16,"Actual Startup Time": 50.167,"Actual Total Time": 694.084,"Actual Rows": 228979,"Actual Loops": 1,"Recheck Cond": "((l_shipdate >= '1995-04-01'::date) AND (l_shipdate < '1995-07-01 00:00:00'::timestamp without time zone))","Rows Removed by Index Recheck": 0,"Exact Heap Blocks": 67322,"Lossy Heap Blocks": 0,"Plans": [{"Node Type": "Bitmap Index Scan","Parent Relationship": "Outer","Parallel Aware": false,"Async Capable": false,"Index Name": "idx_lineitem_shipdate","Startup Cost": 0.00,"Total Cost": 5847.92,"Plan Rows": 229949,"Plan Width": 0,"Actual Startup Time": 36.579,"Actual Total Time": 36.594,"Actual Rows": 228979,"Actual Loops": 1,"Index Cond": "((l_shipdate >= '1995-04-01'::date) AND (l_shipdate < '1995-07-01 00:00:00'::timestamp without time zone))"}]}]}]},{"Node Type": "Index Scan","Parent Relationship": "Outer","Parallel Aware": false,"Async Capable": false,"Scan Direction": "Forward","Index Name": "supplier_pkey","Relation Name": "supplier","Alias": "supplier","Startup Cost": 0.29,"Total Cost": 495.43,"Plan Rows": 10000,"Plan Width": 71,"Actual Startup Time": 0.097,"Actual Total Time": 1.843,"Actual Rows": 983,"Actual Loops": 1},{"Node Type": "Sort","Parent Relationship": "Inner","Parallel Aware": false,"Async Capable": false,"Startup Cost": 124309.15,"Total Cost": 124309.28,"Plan Rows": 50,"Plan Width": 36,"Actual Startup Time": 1988.729,"Actual Total Time": 1988.742,"Actual Rows": 1,"Actual Loops": 1,"Sort Key": ["revenue0.supplier_no"],"Sort Method": "quicksort","Sort Space Used": 25,"Sort Space Type": "Memory","Plans": [{"Node Type": "Subquery Scan","Parent Relationship": "Outer","Parallel Aware": false,"Async Capable": false,"Alias": "revenue0","Startup Cost": 124157.14,"Total Cost": 124307.74,"Plan Rows": 50,"Plan Width": 36,"Actual Startup Time": 1987.287,"Actual Total Time": 1988.674,"Actual Rows": 1,"Actual Loops": 1,"Plans": [{"Node Type": "Aggregate","Strategy": "Hashed","Partial Mode": "Simple","Parent Relationship": "Subquery","Parallel Aware": false,"Async Capable": false,"Startup Cost": 124157.14,"Total Cost": 124307.24,"Plan Rows": 50,"Plan Width": 36,"Actual Startup Time": 1987.273,"Actual Total Time": 1988.637,"Actual Rows": 1,"Actual Loops": 1,"Group Key": ["lineitem.l_suppkey"],"Filter": "(sum((lineitem.l_extendedprice * ('1'::numeric - lineitem.l_discount))) = $0)","Planned Partitions": 0,"HashAgg Batches": 1,"Peak Memory Usage": 4497,"Disk Usage": 0,"Rows Removed by Filter": 9999,"Plans": [{"Node Type": "Bitmap Heap Scan","Parent Relationship": "Outer","Parallel Aware": false,"Async Capable": false,"Relation Name": "lineitem","Alias": "lineitem","Startup Cost": 5905.41,"Total Cost": 121857.64,"Plan Rows": 229949,"Plan Width": 16,"Actual Startup Time": 50.252,"Actual Total Time": 888.847,"Actual Rows": 228979,"Actual Loops": 1,"Recheck Cond": "((l_shipdate >= '1995-04-01'::date) AND (l_shipdate < '1995-07-01 00:00:00'::timestamp without time zone))","Rows Removed by Index Recheck": 0,"Exact Heap Blocks": 67322,"Lossy Heap Blocks": 0,"Plans": [{"Node Type": "Bitmap Index Scan","Parent Relationship": "Outer","Parallel Aware": false,"Async Capable": false,"Index Name": "idx_lineitem_shipdate","Startup Cost": 0.00,"Total Cost": 5847.92,"Plan Rows": 229949,"Plan Width": 0,"Actual Startup Time": 36.820,"Actual Total Time": 36.820,"Actual Rows": 228979,"Actual Loops": 1,"Index Cond": "((l_shipdate >= '1995-04-01'::date) AND (l_shipdate < '1995-07-01 00:00:00'::timestamp without time zone))"}]}]}]}]}]},"Planning Time": 4.044,"Triggers": [],"Execution Time": 1996.677}]
[{"Plan": {"Node Type": "Merge Join","Parallel Aware": false,"Async Capable": false,"Join Type": "Inner","Startup Cost": 249071.51,"Total Cost": 249592.41,"Plan Rows": 50,"Plan Width": 103,"Actual Startup Time": 2110.599,"Actual Total Time": 2110.677,"Actual Rows": 1,"Actual Loops": 1,"Inner Unique": true,"Merge Cond": "(supplier.s_suppkey = revenue0.supplier_no)","Plans": [{"Node Type": "Aggregate","Strategy": "Plain","Partial Mode": "Simple","Parent Relationship": "InitPlan","Subplan Name": "InitPlan 1 (returns $0)","Parallel Aware": false,"Async Capable": false,"Startup Cost": 124584.69,"Total Cost": 124584.70,"Plan Rows": 1,"Plan Width": 32,"Actual Startup Time": 993.769,"Actual Total Time": 993.795,"Actual Rows": 1,"Actual Loops": 1,"Plans": [{"Node Type": "Aggregate","Strategy": "Hashed","Partial Mode": "Simple","Parent Relationship": "Outer","Parallel Aware": false,"Async Capable": false,"Startup Cost": 124334.51,"Total Cost": 124459.60,"Plan Rows": 10007,"Plan Width": 36,"Actual Startup Time": 986.871,"Actual Total Time": 993.109,"Actual Rows": 10000,"Actual Loops": 1,"Group Key": ["lineitem_1.l_suppkey"],"Planned Partitions": 0,"HashAgg Batches": 1,"Peak Memory Usage": 4497,"Disk Usage": 0,"Plans": [{"Node Type": "Bitmap Heap Scan","Parent Relationship": "Outer","Parallel Aware": false,"Async Capable": false,"Relation Name": "lineitem","Alias": "lineitem_1","Startup Cost": 5625.90,"Total Cost": 122143.81,"Plan Rows": 219070,"Plan Width": 16,"Actual Startup Time": 58.722,"Actual Total Time": 774.337,"Actual Rows": 229004,"Actual Loops": 1,"Recheck Cond": "((l_shipdate >= '1993-11-01'::date) AND (l_shipdate < '1994-02-01 00:00:00'::timestamp without time zone))","Rows Removed by Index Recheck": 0,"Exact Heap Blocks": 67131,"Lossy Heap Blocks": 0,"Plans": [{"Node Type": "Bitmap Index Scan","Parent Relationship": "Outer","Parallel Aware": false,"Async Capable": false,"Index Name": "idx_lineitem_shipdate","Startup Cost": 0.00,"Total Cost": 5571.13,"Plan Rows": 219070,"Plan Width": 0,"Actual Startup Time": 44.914,"Actual Total Time": 44.935,"Actual Rows": 229004,"Actual Loops": 1,"Index Cond": "((l_shipdate >= '1993-11-01'::date) AND (l_shipdate < '1994-02-01 00:00:00'::timestamp without time zone))"}]}]}]},{"Node Type": "Index Scan","Parent Relationship": "Outer","Parallel Aware": false,"Async Capable": false,"Scan Direction": "Forward","Index Name": "supplier_pkey","Relation Name": "supplier","Alias": "supplier","Startup Cost": 0.29,"Total Cost": 495.43,"Plan Rows": 10000,"Plan Width": 71,"Actual Startup Time": 0.107,"Actual Total Time": 9.434,"Actual Rows": 5487,"Actual Loops": 1},{"Node Type": "Sort","Parent Relationship": "Inner","Parallel Aware": false,"Async Capable": false,"Startup Cost": 124486.53,"Total Cost": 124486.65,"Plan Rows": 50,"Plan Width": 36,"Actual Startup Time": 2100.793,"Actual Total Time": 2100.813,"Actual Rows": 1,"Actual Loops": 1,"Sort Key": ["revenue0.supplier_no"],"Sort Method": "quicksort","Sort Space Used": 25,"Sort Space Type": "Memory","Plans": [{"Node Type": "Subquery Scan","Parent Relationship": "Outer","Parallel Aware": false,"Async Capable": false,"Alias": "revenue0","Startup Cost": 124334.51,"Total Cost": 124485.12,"Plan Rows": 50,"Plan Width": 36,"Actual Startup Time": 2097.633,"Actual Total Time": 2100.707,"Actual Rows": 1,"Actual Loops": 1,"Plans": [{"Node Type": "Aggregate","Strategy": "Hashed","Partial Mode": "Simple","Parent Relationship": "Subquery","Parallel Aware": false,"Async Capable": false,"Startup Cost": 124334.51,"Total Cost": 124484.62,"Plan Rows": 50,"Plan Width": 36,"Actual Startup Time": 2097.616,"Actual Total Time": 2100.659,"Actual Rows": 1,"Actual Loops": 1,"Group Key": ["lineitem.l_suppkey"],"Filter": "(sum((lineitem.l_extendedprice * ('1'::numeric - lineitem.l_discount))) = $0)","Planned Partitions": 0,"HashAgg Batches": 1,"Peak Memory Usage": 4497,"Disk Usage": 0,"Rows Removed by Filter": 9999,"Plans": [{"Node Type": "Bitmap Heap Scan","Parent Relationship": "Outer","Parallel Aware": false,"Async Capable": false,"Relation Name": "lineitem","Alias": "lineitem","Startup Cost": 5625.90,"Total Cost": 122143.81,"Plan Rows": 219070,"Plan Width": 16,"Actual Startup Time": 54.544,"Actual Total Time": 928.571,"Actual Rows": 229004,"Actual Loops": 1,"Recheck Cond": "((l_shipdate >= '1993-11-01'::date) AND (l_shipdate < '1994-02-01 00:00:00'::timestamp without time zone))","Rows Removed by Index Recheck": 0,"Exact Heap Blocks": 67131,"Lossy Heap Blocks": 0,"Plans": [{"Node Type": "Bitmap Index Scan","Parent Relationship": "Outer","Parallel Aware": false,"Async Capable": false,"Index Name": "idx_lineitem_shipdate","Startup Cost": 0.00,"Total Cost": 5571.13,"Plan Rows": 219070,"Plan Width": 0,"Actual Startup Time": 41.027,"Actual Total Time": 41.029,"Actual Rows": 229004,"Actual Loops": 1,"Index Cond": "((l_shipdate >= '1993-11-01'::date) AND (l_shipdate < '1994-02-01 00:00:00'::timestamp without time zone))"}]}]}]}]}]},"Planning Time": 4.907,"Triggers": [],"Execution Time": 2115.877}]
[{"Plan": {"Node Type": "Merge Join","Parallel Aware": false,"Async Capable": false,"Join Type": "Inner","Startup Cost": 248397.34,"Total Cost": 248918.24,"Plan Rows": 50,"Plan Width": 103,"Actual Startup Time": 2132.561,"Actual Total Time": 2132.611,"Actual Rows": 1,"Actual Loops": 1,"Inner Unique": true,"Merge Cond": "(supplier.s_suppkey = revenue0.supplier_no)","Plans": [{"Node Type": "Aggregate","Strategy": "Plain","Partial Mode": "Simple","Parent Relationship": "InitPlan","Subplan Name": "InitPlan 1 (returns $0)","Parallel Aware": false,"Async Capable": false,"Startup Cost": 124247.60,"Total Cost": 124247.61,"Plan Rows": 1,"Plan Width": 32,"Actual Startup Time": 1004.511,"Actual Total Time": 1004.530,"Actual Rows": 1,"Actual Loops": 1,"Plans": [{"Node Type": "Aggregate","Strategy": "Hashed","Partial Mode": "Simple","Parent Relationship": "Outer","Parallel Aware": false,"Async Capable": false,"Startup Cost": 123997.43,"Total Cost": 124122.51,"Plan Rows": 10007,"Plan Width": 36,"Actual Startup Time": 997.133,"Actual Total Time": 1003.860,"Actual Rows": 10000,"Actual Loops": 1,"Group Key": ["lineitem_1.l_suppkey"],"Planned Partitions": 0,"HashAgg Batches": 1,"Peak Memory Usage": 4497,"Disk Usage": 0,"Plans": [{"Node Type": "Bitmap Heap Scan","Parent Relationship": "Outer","Parallel Aware": false,"Async Capable": false,"Relation Name": "lineitem","Alias": "lineitem_1","Startup Cost": 5824.93,"Total Cost": 121729.63,"Plan Rows": 226780,"Plan Width": 16,"Actual Startup Time": 65.404,"Actual Total Time": 789.488,"Actual Rows": 230659,"Actual Loops": 1,"Recheck Cond": "((l_shipdate >= '1995-07-01'::date) AND (l_shipdate < '1995-10-01 00:00:00'::timestamp without time zone))","Rows Removed by Index Recheck": 0,"Exact Heap Blocks": 67431,"Lossy Heap Blocks": 0,"Plans": [{"Node Type": "Bitmap Index Scan","Parent Relationship": "Outer","Parallel Aware": false,"Async Capable": false,"Index Name": "idx_lineitem_shipdate","Startup Cost": 0.00,"Total Cost": 5768.23,"Plan Rows": 226780,"Plan Width": 0,"Actual Startup Time": 51.481,"Actual Total Time": 51.496,"Actual Rows": 230659,"Actual Loops": 1,"Index Cond": "((l_shipdate >= '1995-07-01'::date) AND (l_shipdate < '1995-10-01 00:00:00'::timestamp without time zone))"}]}]}]},{"Node Type": "Index Scan","Parent Relationship": "Outer","Parallel Aware": false,"Async Capable": false,"Scan Direction": "Forward","Index Name": "supplier_pkey","Relation Name": "supplier","Alias": "supplier","Startup Cost": 0.29,"Total Cost": 495.43,"Plan Rows": 10000,"Plan Width": 71,"Actual Startup Time": 0.120,"Actual Total Time": 0.700,"Actual Rows": 264,"Actual Loops": 1},{"Node Type": "Sort","Parent Relationship": "Inner","Parallel Aware": false,"Async Capable": false,"Startup Cost": 124149.44,"Total Cost": 124149.57,"Plan Rows": 50,"Plan Width": 36,"Actual Startup Time": 2131.781,"Actual Total Time": 2131.792,"Actual Rows": 1,"Actual Loops": 1,"Sort Key": ["revenue0.supplier_no"],"Sort Method": "quicksort","Sort Space Used": 25,"Sort Space Type": "Memory","Plans": [{"Node Type": "Subquery Scan","Parent Relationship": "Outer","Parallel Aware": false,"Async Capable": false,"Alias": "revenue0","Startup Cost": 123997.43,"Total Cost": 124148.03,"Plan Rows": 50,"Plan Width": 36,"Actual Startup Time": 2129.290,"Actual Total Time": 2131.723,"Actual Rows": 1,"Actual Loops": 1,"Plans": [{"Node Type": "Aggregate","Strategy": "Hashed","Partial Mode": "Simple","Parent Relationship": "Subquery","Parallel Aware": false,"Async Capable": false,"Startup Cost": 123997.43,"Total Cost": 124147.53,"Plan Rows": 50,"Plan Width": 36,"Actual Startup Time": 2129.272,"Actual Total Time": 2131.683,"Actual Rows": 1,"Actual Loops": 1,"Group Key": ["lineitem.l_suppkey"],"Filter": "(sum((lineitem.l_extendedprice * ('1'::numeric - lineitem.l_discount))) = $0)","Planned Partitions": 0,"HashAgg Batches": 1,"Peak Memory Usage": 4497,"Disk Usage": 0,"Rows Removed by Filter": 9999,"Plans": [{"Node Type": "Bitmap Heap Scan","Parent Relationship": "Outer","Parallel Aware": false,"Async Capable": false,"Relation Name": "lineitem","Alias": "lineitem","Startup Cost": 5824.93,"Total Cost": 121729.63,"Plan Rows": 226780,"Plan Width": 16,"Actual Startup Time": 62.757,"Actual Total Time": 945.261,"Actual Rows": 230659,"Actual Loops": 1,"Recheck Cond": "((l_shipdate >= '1995-07-01'::date) AND (l_shipdate < '1995-10-01 00:00:00'::timestamp without time zone))","Rows Removed by Index Recheck": 0,"Exact Heap Blocks": 67431,"Lossy Heap Blocks": 0,"Plans": [{"Node Type": "Bitmap Index Scan","Parent Relationship": "Outer","Parallel Aware": false,"Async Capable": false,"Index Name": "idx_lineitem_shipdate","Startup Cost": 0.00,"Total Cost": 5768.23,"Plan Rows": 226780,"Plan Width": 0,"Actual Startup Time": 49.243,"Actual Total Time": 49.243,"Actual Rows": 230659,"Actual Loops": 1,"Index Cond": "((l_shipdate >= '1995-07-01'::date) AND (l_shipdate < '1995-10-01 00:00:00'::timestamp without time zone))"}]}]}]}]}]},"Planning Time": 3.858,"Triggers": [],"Execution Time": 2137.592}]
[{"Plan": {"Node Type": "Merge Join","Parallel Aware": false,"Async Capable": false,"Join Type": "Inner","Startup Cost": 248790.52,"Total Cost": 249311.42,"Plan Rows": 50,"Plan Width": 103,"Actual Startup Time": 1983.963,"Actual Total Time": 1983.999,"Actual Rows": 1,"Actual Loops": 1,"Inner Unique": true,"Merge Cond": "(supplier.s_suppkey = revenue0.supplier_no)","Plans": [{"Node Type": "Aggregate","Strategy": "Plain","Partial Mode": "Simple","Parent Relationship": "InitPlan","Subplan Name": "InitPlan 1 (returns $0)","Parallel Aware": false,"Async Capable": false,"Startup Cost": 124444.19,"Total Cost": 124444.20,"Plan Rows": 1,"Plan Width": 32,"Actual Startup Time": 870.346,"Actual Total Time": 870.363,"Actual Rows": 1,"Actual Loops": 1,"Plans": [{"Node Type": "Aggregate","Strategy": "Hashed","Partial Mode": "Simple","Parent Relationship": "Outer","Parallel Aware": false,"Async Capable": false,"Startup Cost": 124194.02,"Total Cost": 124319.10,"Plan Rows": 10007,"Plan Width": 36,"Actual Startup Time": 861.387,"Actual Total Time": 869.774,"Actual Rows": 10000,"Actual Loops": 1,"Group Key": ["lineitem_1.l_suppkey"],"Planned Partitions": 0,"HashAgg Batches": 1,"Peak Memory Usage": 4497,"Disk Usage": 0,"Plans": [{"Node Type": "Bitmap Heap Scan","Parent Relationship": "Outer","Parallel Aware": false,"Async Capable": false,"Relation Name": "lineitem","Alias": "lineitem_1","Startup Cost": 5924.65,"Total Cost": 121887.47,"Plan Rows": 230655,"Plan Width": 16,"Actual Startup Time": 48.641,"Actual Total Time": 688.563,"Actual Rows": 229970,"Actual Loops": 1,"Recheck Cond": "((l_shipdate >= '1997-05-01'::date) AND (l_shipdate < '1997-08-01 00:00:00'::timestamp without time zone))","Rows Removed by Index Recheck": 0,"Exact Heap Blocks": 67328,"Lossy Heap Blocks": 0,"Plans": [{"Node Type": "Bitmap Index Scan","Parent Relationship": "Outer","Parallel Aware": false,"Async Capable": false,"Index Name": "idx_lineitem_shipdate","Startup Cost": 0.00,"Total Cost": 5866.98,"Plan Rows": 230655,"Plan Width": 0,"Actual Startup Time": 35.373,"Actual Total Time": 35.379,"Actual Rows": 229970,"Actual Loops": 1,"Index Cond": "((l_shipdate >= '1997-05-01'::date) AND (l_shipdate < '1997-08-01 00:00:00'::timestamp without time zone))"}]}]}]},{"Node Type": "Index Scan","Parent Relationship": "Outer","Parallel Aware": false,"Async Capable": false,"Scan Direction": "Forward","Index Name": "supplier_pkey","Relation Name": "supplier","Alias": "supplier","Startup Cost": 0.29,"Total Cost": 495.43,"Plan Rows": 10000,"Plan Width": 71,"Actual Startup Time": 0.081,"Actual Total Time": 1.818,"Actual Rows": 977,"Actual Loops": 1},{"Node Type": "Sort","Parent Relationship": "Inner","Parallel Aware": false,"Async Capable": false,"Startup Cost": 124346.03,"Total Cost": 124346.16,"Plan Rows": 50,"Plan Width": 36,"Actual Startup Time": 1982.064,"Actual Total Time": 1982.074,"Actual Rows": 1,"Actual Loops": 1,"Sort Key": ["revenue0.supplier_no"],"Sort Method": "quicksort","Sort Space Used": 25,"Sort Space Type": "Memory","Plans": [{"Node Type": "Subquery Scan","Parent Relationship": "Outer","Parallel Aware": false,"Async Capable": false,"Alias": "revenue0","Startup Cost": 124194.02,"Total Cost": 124344.62,"Plan Rows": 50,"Plan Width": 36,"Actual Startup Time": 1977.425,"Actual Total Time": 1982.032,"Actual Rows": 1,"Actual Loops": 1,"Plans": [{"Node Type": "Aggregate","Strategy": "Hashed","Partial Mode": "Simple","Parent Relationship": "Subquery","Parallel Aware": false,"Async Capable": false,"Startup Cost": 124194.02,"Total Cost": 124344.12,"Plan Rows": 50,"Plan Width": 36,"Actual Startup Time": 1977.416,"Actual Total Time": 1982.019,"Actual Rows": 1,"Actual Loops": 1,"Group Key": ["lineitem.l_suppkey"],"Filter": "(sum((lineitem.l_extendedprice * ('1'::numeric - lineitem.l_discount))) = $0)","Planned Partitions": 0,"HashAgg Batches": 1,"Peak Memory Usage": 4497,"Disk Usage": 0,"Rows Removed by Filter": 9999,"Plans": [{"Node Type": "Bitmap Heap Scan","Parent Relationship": "Outer","Parallel Aware": false,"Async Capable": false,"Relation Name": "lineitem","Alias": "lineitem","Startup Cost": 5924.65,"Total Cost": 121887.47,"Plan Rows": 230655,"Plan Width": 16,"Actual Startup Time": 49.950,"Actual Total Time": 900.000,"Actual Rows": 229970,"Actual Loops": 1,"Recheck Cond": "((l_shipdate >= '1997-05-01'::date) AND (l_shipdate < '1997-08-01 00:00:00'::timestamp without time zone))","Rows Removed by Index Recheck": 0,"Exact Heap Blocks": 67328,"Lossy Heap Blocks": 0,"Plans": [{"Node Type": "Bitmap Index Scan","Parent Relationship": "Outer","Parallel Aware": false,"Async Capable": false,"Index Name": "idx_lineitem_shipdate","Startup Cost": 0.00,"Total Cost": 5866.98,"Plan Rows": 230655,"Plan Width": 0,"Actual Startup Time": 36.810,"Actual Total Time": 36.810,"Actual Rows": 229970,"Actual Loops": 1,"Index Cond": "((l_shipdate >= '1997-05-01'::date) AND (l_shipdate < '1997-08-01 00:00:00'::timestamp without time zone))"}]}]}]}]}]},"Planning Time": 5.469,"Triggers": [],"Execution Time": 1986.524}]
[{"Plan": {"Node Type": "Merge Join","Parallel Aware": false,"Async Capable": false,"Join Type": "Inner","Startup Cost": 248612.43,"Total Cost": 249133.33,"Plan Rows": 50,"Plan Width": 103,"Actual Startup Time": 2128.903,"Actual Total Time": 2128.970,"Actual Rows": 1,"Actual Loops": 1,"Inner Unique": true,"Merge Cond": "(supplier.s_suppkey = revenue0.supplier_no)","Plans": [{"Node Type": "Aggregate","Strategy": "Plain","Partial Mode": "Simple","Parent Relationship": "InitPlan","Subplan Name": "InitPlan 1 (returns $0)","Parallel Aware": false,"Async Capable": false,"Startup Cost": 124355.15,"Total Cost": 124355.16,"Plan Rows": 1,"Plan Width": 32,"Actual Startup Time": 997.040,"Actual Total Time": 997.066,"Actual Rows": 1,"Actual Loops": 1,"Plans": [{"Node Type": "Aggregate","Strategy": "Hashed","Partial Mode": "Simple","Parent Relationship": "Outer","Parallel Aware": false,"Async Capable": false,"Startup Cost": 124104.97,"Total Cost": 124230.06,"Plan Rows": 10007,"Plan Width": 36,"Actual Startup Time": 989.503,"Actual Total Time": 996.378,"Actual Rows": 10000,"Actual Loops": 1,"Group Key": ["lineitem_1.l_suppkey"],"Planned Partitions": 0,"HashAgg Batches": 1,"Peak Memory Usage": 4497,"Disk Usage": 0,"Plans": [{"Node Type": "Bitmap Heap Scan","Parent Relationship": "Outer","Parallel Aware": false,"Async Capable": false,"Relation Name": "lineitem","Alias": "lineitem_1","Startup Cost": 5878.89,"Total Cost": 121815.74,"Plan Rows": 228923,"Plan Width": 16,"Actual Startup Time": 65.977,"Actual Total Time": 786.278,"Actual Rows": 230590,"Actual Loops": 1,"Recheck Cond": "((l_shipdate >= '1996-08-01'::date) AND (l_shipdate < '1996-11-01 00:00:00'::timestamp without time zone))","Rows Removed by Index Recheck": 0,"Exact Heap Blocks": 67243,"Lossy Heap Blocks": 0,"Plans": [{"Node Type": "Bitmap Index Scan","Parent Relationship": "Outer","Parallel Aware": false,"Async Capable": false,"Index Name": "idx_lineitem_shipdate","Startup Cost": 0.00,"Total Cost": 5821.66,"Plan Rows": 228923,"Plan Width": 0,"Actual Startup Time": 52.072,"Actual Total Time": 52.087,"Actual Rows": 230590,"Actual Loops": 1,"Index Cond": "((l_shipdate >= '1996-08-01'::date) AND (l_shipdate < '1996-11-01 00:00:00'::timestamp without time zone))"}]}]}]},{"Node Type": "Index Scan","Parent Relationship": "Outer","Parallel Aware": false,"Async Capable": false,"Scan Direction": "Forward","Index Name": "supplier_pkey","Relation Name": "supplier","Alias": "supplier","Startup Cost": 0.29,"Total Cost": 495.43,"Plan Rows": 10000,"Plan Width": 71,"Actual Startup Time": 0.125,"Actual Total Time": 9.409,"Actual Rows": 5473,"Actual Loops": 1},{"Node Type": "Sort","Parent Relationship": "Inner","Parallel Aware": false,"Async Capable": false,"Startup Cost": 124256.99,"Total Cost": 124257.11,"Plan Rows": 50,"Plan Width": 36,"Actual Startup Time": 2119.130,"Actual Total Time": 2119.154,"Actual Rows": 1,"Actual Loops": 1,"Sort Key": ["revenue0.supplier_no"],"Sort Method": "quicksort","Sort Space Used": 25,"Sort Space Type": "Memory","Plans": [{"Node Type": "Subquery Scan","Parent Relationship": "Outer","Parallel Aware": false,"Async Capable": false,"Alias": "revenue0","Startup Cost": 124104.97,"Total Cost": 124255.58,"Plan Rows": 50,"Plan Width": 36,"Actual Startup Time": 2117.072,"Actual Total Time": 2119.050,"Actual Rows": 1,"Actual Loops": 1,"Plans": [{"Node Type": "Aggregate","Strategy": "Hashed","Partial Mode": "Simple","Parent Relationship": "Subquery","Parallel Aware": false,"Async Capable": false,"Startup Cost": 124104.97,"Total Cost": 124255.08,"Plan Rows": 50,"Plan Width": 36,"Actual Startup Time": 2117.050,"Actual Total Time": 2118.993,"Actual Rows": 1,"Actual Loops": 1,"Group Key": ["lineitem.l_suppkey"],"Filter": "(sum((lineitem.l_extendedprice * ('1'::numeric - lineitem.l_discount))) = $0)","Planned Partitions": 0,"HashAgg Batches": 1,"Peak Memory Usage": 4497,"Disk Usage": 0,"Rows Removed by Filter": 9999,"Plans": [{"Node Type": "Bitmap Heap Scan","Parent Relationship": "Outer","Parallel Aware": false,"Async Capable": false,"Relation Name": "lineitem","Alias": "lineitem","Startup Cost": 5878.89,"Total Cost": 121815.74,"Plan Rows": 228923,"Plan Width": 16,"Actual Startup Time": 62.576,"Actual Total Time": 942.310,"Actual Rows": 230590,"Actual Loops": 1,"Recheck Cond": "((l_shipdate >= '1996-08-01'::date) AND (l_shipdate < '1996-11-01 00:00:00'::timestamp without time zone))","Rows Removed by Index Recheck": 0,"Exact Heap Blocks": 67243,"Lossy Heap Blocks": 0,"Plans": [{"Node Type": "Bitmap Index Scan","Parent Relationship": "Outer","Parallel Aware": false,"Async Capable": false,"Index Name": "idx_lineitem_shipdate","Startup Cost": 0.00,"Total Cost": 5821.66,"Plan Rows": 228923,"Plan Width": 0,"Actual Startup Time": 48.784,"Actual Total Time": 48.785,"Actual Rows": 230590,"Actual Loops": 1,"Index Cond": "((l_shipdate >= '1996-08-01'::date) AND (l_shipdate < '1996-11-01 00:00:00'::timestamp without time zone))"}]}]}]}]}]},"Planning Time": 4.845,"Triggers": [],"Execution Time": 2134.422}]
[{"Plan": {"Node Type": "Merge Join","Parallel Aware": false,"Async Capable": false,"Join Type": "Inner","Startup Cost": 248579.05,"Total Cost": 249099.95,"Plan Rows": 50,"Plan Width": 103,"Actual Startup Time": 1976.935,"Actual Total Time": 1976.985,"Actual Rows": 1,"Actual Loops": 1,"Inner Unique": true,"Merge Cond": "(supplier.s_suppkey = revenue0.supplier_no)","Plans": [{"Node Type": "Aggregate","Strategy": "Plain","Partial Mode": "Simple","Parent Relationship": "InitPlan","Subplan Name": "InitPlan 1 (returns $0)","Parallel Aware": false,"Async Capable": false,"Startup Cost": 124338.46,"Total Cost": 124338.47,"Plan Rows": 1,"Plan Width": 32,"Actual Startup Time": 904.220,"Actual Total Time": 904.239,"Actual Rows": 1,"Actual Loops": 1,"Plans": [{"Node Type": "Aggregate","Strategy": "Hashed","Partial Mode": "Simple","Parent Relationship": "Outer","Parallel Aware": false,"Async Capable": false,"Startup Cost": 124088.28,"Total Cost": 124213.37,"Plan Rows": 10007,"Plan Width": 36,"Actual Startup Time": 892.707,"Actual Total Time": 903.575,"Actual Rows": 10000,"Actual Loops": 1,"Group Key": ["lineitem_1.l_suppkey"],"Planned Partitions": 0,"HashAgg Batches": 1,"Peak Memory Usage": 4497,"Disk Usage": 0,"Plans": [{"Node Type": "Bitmap Heap Scan","Parent Relationship": "Outer","Parallel Aware": false,"Async Capable": false,"Relation Name": "lineitem","Alias": "lineitem_1","Startup Cost": 5871.20,"Total Cost": 121802.65,"Plan Rows": 228563,"Plan Width": 16,"Actual Startup Time": 49.074,"Actual Total Time": 688.668,"Actual Rows": 229923,"Actual Loops": 1,"Recheck Cond": "((l_shipdate >= '1993-10-01'::date) AND (l_shipdate < '1994-01-01 00:00:00'::timestamp without time zone))","Rows Removed by Index Recheck": 0,"Exact Heap Blocks": 67189,"Lossy Heap Blocks": 0,"Plans": [{"Node Type": "Bitmap Index Scan","Parent Relationship": "Outer","Parallel Aware": false,"Async Capable": false,"Index Name": "idx_lineitem_shipdate","Startup Cost": 0.00,"Total Cost": 5814.06,"Plan Rows": 228563,"Plan Width": 0,"Actual Startup Time": 35.482,"Actual Total Time": 35.494,"Actual Rows": 229923,"Actual Loops": 1,"Index Cond": "((l_shipdate >= '1993-10-01'::date) AND (l_shipdate < '1994-01-01 00:00:00'::timestamp without time zone))"}]}]}]},{"Node Type": "Index Scan","Parent Relationship": "Outer","Parallel Aware": false,"Async Capable": false,"Scan Direction": "Forward","Index Name": "supplier_pkey","Relation Name": "supplier","Alias": "supplier","Startup Cost": 0.29,"Total Cost": 495.43,"Plan Rows": 10000,"Plan Width": 71,"Actual Startup Time": 0.088,"Actual Total Time": 5.655,"Actual Rows": 3497,"Actual Loops": 1},{"Node Type": "Sort","Parent Relationship": "Inner","Parallel Aware": false,"Async Capable": false,"Startup Cost": 124240.30,"Total Cost": 124240.42,"Plan Rows": 50,"Plan Width": 36,"Actual Startup Time": 1971.016,"Actual Total Time": 1971.036,"Actual Rows": 1,"Actual Loops": 1,"Sort Key": ["revenue0.supplier_no"],"Sort Method": "quicksort","Sort Space Used": 25,"Sort Space Type": "Memory","Plans": [{"Node Type": "Subquery Scan","Parent Relationship": "Outer","Parallel Aware": false,"Async Capable": false,"Alias": "revenue0","Startup Cost": 124088.28,"Total Cost": 124238.89,"Plan Rows": 50,"Plan Width": 36,"Actual Startup Time": 1964.632,"Actual Total Time": 1970.939,"Actual Rows": 1,"Actual Loops": 1,"Plans": [{"Node Type": "Aggregate","Strategy": "Hashed","Partial Mode": "Simple","Parent Relationship": "Subquery","Parallel Aware": false,"Async Capable": false,"Startup Cost": 124088.28,"Total Cost": 124238.39,"Plan Rows": 50,"Plan Width": 36,"Actual Startup Time": 1964.613,"Actual Total Time": 1970.893,"Actual Rows": 1,"Actual Loops": 1,"Group Key": ["lineitem.l_suppkey"],"Filter": "(sum((lineitem.l_extendedprice * ('1'::numeric - lineitem.l_discount))) = $0)","Planned Partitions": 0,"HashAgg Batches": 1,"Peak Memory Usage": 4497,"Disk Usage": 0,"Rows Removed by Filter": 9999,"Plans": [{"Node Type": "Bitmap Heap Scan","Parent Relationship": "Outer","Parallel Aware": false,"Async Capable": false,"Relation Name": "lineitem","Alias": "lineitem","Startup Cost": 5871.20,"Total Cost": 121802.65,"Plan Rows": 228563,"Plan Width": 16,"Actual Startup Time": 49.258,"Actual Total Time": 883.520,"Actual Rows": 229923,"Actual Loops": 1,"Recheck Cond": "((l_shipdate >= '1993-10-01'::date) AND (l_shipdate < '1994-01-01 00:00:00'::timestamp without time zone))","Rows Removed by Index Recheck": 0,"Exact Heap Blocks": 67189,"Lossy Heap Blocks": 0,"Plans": [{"Node Type": "Bitmap Index Scan","Parent Relationship": "Outer","Parallel Aware": false,"Async Capable": false,"Index Name": "idx_lineitem_shipdate","Startup Cost": 0.00,"Total Cost": 5814.06,"Plan Rows": 228563,"Plan Width": 0,"Actual Startup Time": 35.850,"Actual Total Time": 35.850,"Actual Rows": 229923,"Actual Loops": 1,"Index Cond": "((l_shipdate >= '1993-10-01'::date) AND (l_shipdate < '1994-01-01 00:00:00'::timestamp without time zone))"}]}]}]}]}]},"Planning Time": 4.959,"Triggers": [],"Execution Time": 1982.579}]
[{"Plan": {"Node Type": "Merge Join","Parallel Aware": false,"Async Capable": false,"Join Type": "Inner","Startup Cost": 248906.53,"Total Cost": 249427.43,"Plan Rows": 50,"Plan Width": 103,"Actual Startup Time": 2120.338,"Actual Total Time": 2120.405,"Actual Rows": 1,"Actual Loops": 1,"Inner Unique": true,"Merge Cond": "(supplier.s_suppkey = revenue0.supplier_no)","Plans": [{"Node Type": "Aggregate","Strategy": "Plain","Partial Mode": "Simple","Parent Relationship": "InitPlan","Subplan Name": "InitPlan 1 (returns $0)","Parallel Aware": false,"Async Capable": false,"Startup Cost": 124502.20,"Total Cost": 124502.21,"Plan Rows": 1,"Plan Width": 32,"Actual Startup Time": 995.653,"Actual Total Time": 995.675,"Actual Rows": 1,"Actual Loops": 1,"Plans": [{"Node Type": "Aggregate","Strategy": "Hashed","Partial Mode": "Simple","Parent Relationship": "Outer","Parallel Aware": false,"Async Capable": false,"Startup Cost": 124252.02,"Total Cost": 124377.11,"Plan Rows": 10007,"Plan Width": 36,"Actual Startup Time": 988.573,"Actual Total Time": 995.015,"Actual Rows": 10000,"Actual Loops": 1,"Group Key": ["lineitem_1.l_suppkey"],"Planned Partitions": 0,"HashAgg Batches": 1,"Peak Memory Usage": 4497,"Disk Usage": 0,"Plans": [{"Node Type": "Bitmap Heap Scan","Parent Relationship": "Outer","Parallel Aware": false,"Async Capable": false,"Relation Name": "lineitem","Alias": "lineitem_1","Startup Cost": 5658.18,"Total Cost": 122049.35,"Plan Rows": 220268,"Plan Width": 16,"Actual Startup Time": 64.084,"Actual Total Time": 782.585,"Actual Rows": 229188,"Actual Loops": 1,"Recheck Cond": "((l_shipdate >= '1996-06-01'::date) AND (l_shipdate < '1996-09-01 00:00:00'::timestamp without time zone))","Rows Removed by Index Recheck": 0,"Exact Heap Blocks": 67237,"Lossy Heap Blocks": 0,"Plans": [{"Node Type": "Bitmap Index Scan","Parent Relationship": "Outer","Parallel Aware": false,"Async Capable": false,"Index Name": "idx_lineitem_shipdate","Startup Cost": 0.00,"Total Cost": 5603.11,"Plan Rows": 220268,"Plan Width": 0,"Actual Startup Time": 50.249,"Actual Total Time": 50.261,"Actual Rows": 229188,"Actual Loops": 1,"Index Cond": "((l_shipdate >= '1996-06-01'::date) AND (l_shipdate < '1996-09-01 00:00:00'::timestamp without time zone))"}]}]}]},{"Node Type": "Index Scan","Parent Relationship": "Outer","Parallel Aware": false,"Async Capable": false,"Scan Direction": "Forward","Index Name": "supplier_pkey","Relation Name": "supplier","Alias": "supplier","Startup Cost": 0.29,"Total Cost": 495.43,"Plan Rows": 10000,"Plan Width": 71,"Actual Startup Time": 0.111,"Actual Total Time": 6.155,"Actual Rows": 3498,"Actual Loops": 1},{"Node Type": "Sort","Parent Relationship": "Inner","Parallel Aware": false,"Async Capable": false,"Startup Cost": 124404.04,"Total Cost": 124404.16,"Plan Rows": 50,"Plan Width": 36,"Actual Startup Time": 2113.926,"Actual Total Time": 2113.963,"Actual Rows": 1,"Actual Loops": 1,"Sort Key": ["revenue0.supplier_no"],"Sort Method": "quicksort","Sort Space Used": 25,"Sort Space Type": "Memory","Plans": [{"Node Type": "Subquery Scan","Parent Relationship": "Outer","Parallel Aware": false,"Async Capable": false,"Alias": "revenue0","Startup Cost": 124252.02,"Total Cost": 124402.63,"Plan Rows": 50,"Plan Width": 36,"Actual Startup Time": 2110.361,"Actual Total Time": 2113.880,"Actual Rows": 1,"Actual Loops": 1,"Plans": [{"Node Type": "Aggregate","Strategy": "Hashed","Partial Mode": "Simple","Parent Relationship": "Subquery","Parallel Aware": false,"Async Capable": false,"Startup Cost": 124252.02,"Total Cost": 124402.13,"Plan Rows": 50,"Plan Width": 36,"Actual Startup Time": 2110.349,"Actual Total Time": 2113.833,"Actual Rows": 1,"Actual Loops": 1,"Group Key": ["lineitem.l_suppkey"],"Filter": "(sum((lineitem.l_extendedprice * ('1'::numeric - lineitem.l_discount))) = $0)","Planned Partitions": 0,"HashAgg Batches": 1,"Peak Memory Usage": 4497,"Disk Usage": 0,"Rows Removed by Filter": 9999,"Plans": [{"Node Type": "Bitmap Heap Scan","Parent Relationship": "Outer","Parallel Aware": false,"Async Capable": false,"Relation Name": "lineitem","Alias": "lineitem","Startup Cost": 5658.18,"Total Cost": 122049.35,"Plan Rows": 220268,"Plan Width": 16,"Actual Startup Time": 61.436,"Actual Total Time": 938.941,"Actual Rows": 229188,"Actual Loops": 1,"Recheck Cond": "((l_shipdate >= '1996-06-01'::date) AND (l_shipdate < '1996-09-01 00:00:00'::timestamp without time zone))","Rows Removed by Index Recheck": 0,"Exact Heap Blocks": 67237,"Lossy Heap Blocks": 0,"Plans": [{"Node Type": "Bitmap Index Scan","Parent Relationship": "Outer","Parallel Aware": false,"Async Capable": false,"Index Name": "idx_lineitem_shipdate","Startup Cost": 0.00,"Total Cost": 5603.11,"Plan Rows": 220268,"Plan Width": 0,"Actual Startup Time": 47.976,"Actual Total Time": 47.995,"Actual Rows": 229188,"Actual Loops": 1,"Index Cond": "((l_shipdate >= '1996-06-01'::date) AND (l_shipdate < '1996-09-01 00:00:00'::timestamp without time zone))"}]}]}]}]}]},"Planning Time": 3.999,"Triggers": [],"Execution Time": 2125.477}]
[{"Plan": {"Node Type": "Merge Join","Parallel Aware": false,"Async Capable": false,"Join Type": "Inner","Startup Cost": 248506.89,"Total Cost": 249027.79,"Plan Rows": 50,"Plan Width": 103,"Actual Startup Time": 2084.454,"Actual Total Time": 2084.489,"Actual Rows": 1,"Actual Loops": 1,"Inner Unique": true,"Merge Cond": "(supplier.s_suppkey = revenue0.supplier_no)","Plans": [{"Node Type": "Aggregate","Strategy": "Plain","Partial Mode": "Simple","Parent Relationship": "InitPlan","Subplan Name": "InitPlan 1 (returns $0)","Parallel Aware": false,"Async Capable": false,"Startup Cost": 124302.38,"Total Cost": 124302.39,"Plan Rows": 1,"Plan Width": 32,"Actual Startup Time": 949.807,"Actual Total Time": 949.821,"Actual Rows": 1,"Actual Loops": 1,"Plans": [{"Node Type": "Aggregate","Strategy": "Hashed","Partial Mode": "Simple","Parent Relationship": "Outer","Parallel Aware": false,"Async Capable": false,"Startup Cost": 124052.20,"Total Cost": 124177.29,"Plan Rows": 10007,"Plan Width": 36,"Actual Startup Time": 942.227,"Actual Total Time": 949.217,"Actual Rows": 10000,"Actual Loops": 1,"Group Key": ["lineitem_1.l_suppkey"],"Planned Partitions": 0,"HashAgg Batches": 1,"Peak Memory Usage": 4497,"Disk Usage": 0,"Plans": [{"Node Type": "Bitmap Heap Scan","Parent Relationship": "Outer","Parallel Aware": false,"Async Capable": false,"Relation Name": "lineitem","Alias": "lineitem_1","Startup Cost": 5852.20,"Total Cost": 121773.40,"Plan Rows": 227880,"Plan Width": 16,"Actual Startup Time": 60.518,"Actual Total Time": 792.932,"Actual Rows": 229533,"Actual Loops": 1,"Recheck Cond": "((l_shipdate >= '1994-07-01'::date) AND (l_shipdate < '1994-10-01 00:00:00'::timestamp without time zone))","Rows Removed by Index Recheck": 0,"Exact Heap Blocks": 67313,"Lossy Heap Blocks": 0,"Plans": [{"Node Type": "Bitmap Index Scan","Parent Relationship": "Outer","Parallel Aware": false,"Async Capable": false,"Index Name": "idx_lineitem_shipdate","Startup Cost": 0.00,"Total Cost": 5795.23,"Plan Rows": 227880,"Plan Width": 0,"Actual Startup Time": 46.388,"Actual Total Time": 46.392,"Actual Rows": 229533,"Actual Loops": 1,"Index Cond": "((l_shipdate >= '1994-07-01'::date) AND (l_shipdate < '1994-10-01 00:00:00'::timestamp without time zone))"}]}]}]},{"Node Type": "Index Scan","Parent Relationship": "Outer","Parallel Aware": false,"Async Capable": false,"Scan Direction": "Forward","Index Name": "supplier_pkey","Relation Name": "supplier","Alias": "supplier","Startup Cost": 0.29,"Total Cost": 495.43,"Plan Rows": 10000,"Plan Width": 71,"Actual Startup Time": 0.078,"Actual Total Time": 4.242,"Actual Rows": 2492,"Actual Loops": 1},{"Node Type": "Sort","Parent Relationship": "Inner","Parallel Aware": false,"Async Capable": false,"Startup Cost": 124204.22,"Total Cost": 124204.35,"Plan Rows": 50,"Plan Width": 36,"Actual Startup Time": 2080.035,"Actual Total Time": 2080.045,"Actual Rows": 1,"Actual Loops": 1,"Sort Key": ["revenue0.supplier_no"],"Sort Method": "quicksort","Sort Space Used": 25,"Sort Space Type": "Memory","Plans": [{"Node Type": "Subquery Scan","Parent Relationship": "Outer","Parallel Aware": false,"Async Capable": false,"Alias": "revenue0","Startup Cost": 124052.20,"Total Cost": 124202.81,"Plan Rows": 50,"Plan Width": 36,"Actual Startup Time": 2071.764,"Actual Total Time": 2079.996,"Actual Rows": 1,"Actual Loops": 1,"Plans": [{"Node Type": "Aggregate","Strategy": "Hashed","Partial Mode": "Simple","Parent Relationship": "Subquery","Parallel Aware": false,"Async Capable": false,"Startup Cost": 124052.20,"Total Cost": 124202.31,"Plan Rows": 50,"Plan Width": 36,"Actual Startup Time": 2071.758,"Actual Total Time": 2079.989,"Actual Rows": 1,"Actual Loops": 1,"Group Key": ["lineitem.l_suppkey"],"Filter": "(sum((lineitem.l_extendedprice * ('1'::numeric - lineitem.l_discount))) = $0)","Planned Partitions": 0,"HashAgg Batches": 1,"Peak Memory Usage": 4497,"Disk Usage": 0,"Rows Removed by Filter": 9999,"Plans": [{"Node Type": "Bitmap Heap Scan","Parent Relationship": "Outer","Parallel Aware": false,"Async Capable": false,"Relation Name": "lineitem","Alias": "lineitem","Startup Cost": 5852.20,"Total Cost": 121773.40,"Plan Rows": 227880,"Plan Width": 16,"Actual Startup Time": 54.242,"Actual Total Time": 934.940,"Actual Rows": 229533,"Actual Loops": 1,"Recheck Cond": "((l_shipdate >= '1994-07-01'::date) AND (l_shipdate < '1994-10-01 00:00:00'::timestamp without time zone))","Rows Removed by Index Recheck": 0,"Exact Heap Blocks": 67313,"Lossy Heap Blocks": 0,"Plans": [{"Node Type": "Bitmap Index Scan","Parent Relationship": "Outer","Parallel Aware": false,"Async Capable": false,"Index Name": "idx_lineitem_shipdate","Startup Cost": 0.00,"Total Cost": 5795.23,"Plan Rows": 227880,"Plan Width": 0,"Actual Startup Time": 40.585,"Actual Total Time": 40.586,"Actual Rows": 229533,"Actual Loops": 1,"Index Cond": "((l_shipdate >= '1994-07-01'::date) AND (l_shipdate < '1994-10-01 00:00:00'::timestamp without time zone))"}]}]}]}]}]},"Planning Time": 4.544,"Triggers": [],"Execution Time": 2088.902}]
[{"Plan": {"Node Type": "Merge Join","Parallel Aware": false,"Async Capable": false,"Join Type": "Inner","Startup Cost": 248646.16,"Total Cost": 249167.06,"Plan Rows": 50,"Plan Width": 103,"Actual Startup Time": 2067.824,"Actual Total Time": 2067.872,"Actual Rows": 1,"Actual Loops": 1,"Inner Unique": true,"Merge Cond": "(supplier.s_suppkey = revenue0.supplier_no)","Plans": [{"Node Type": "Aggregate","Strategy": "Plain","Partial Mode": "Simple","Parent Relationship": "InitPlan","Subplan Name": "InitPlan 1 (returns $0)","Parallel Aware": false,"Async Capable": false,"Startup Cost": 124372.01,"Total Cost": 124372.02,"Plan Rows": 1,"Plan Width": 32,"Actual Startup Time": 931.824,"Actual Total Time": 931.838,"Actual Rows": 1,"Actual Loops": 1,"Plans": [{"Node Type": "Aggregate","Strategy": "Hashed","Partial Mode": "Simple","Parent Relationship": "Outer","Parallel Aware": false,"Async Capable": false,"Startup Cost": 124121.84,"Total Cost": 124246.93,"Plan Rows": 10007,"Plan Width": 36,"Actual Startup Time": 922.356,"Actual Total Time": 931.242,"Actual Rows": 10000,"Actual Loops": 1,"Group Key": ["lineitem_1.l_suppkey"],"Planned Partitions": 0,"HashAgg Batches": 1,"Peak Memory Usage": 4497,"Disk Usage": 0,"Plans": [{"Node Type": "Bitmap Heap Scan","Parent Relationship": "Outer","Parallel Aware": false,"Async Capable": false,"Relation Name": "lineitem","Alias": "lineitem_1","Startup Cost": 5886.63,"Total Cost": 121828.95,"Plan Rows": 229288,"Plan Width": 16,"Actual Startup Time": 58.527,"Actual Total Time": 775.769,"Actual Rows": 229065,"Actual Loops": 1,"Recheck Cond": "((l_shipdate >= '1994-08-01'::date) AND (l_shipdate < '1994-11-01 00:00:00'::timestamp without time zone))","Rows Removed by Index Recheck": 0,"Exact Heap Blocks": 67202,"Lossy Heap Blocks": 0,"Plans": [{"Node Type": "Bitmap Index Scan","Parent Relationship": "Outer","Parallel Aware": false,"Async Capable": false,"Index Name": "idx_lineitem_shipdate","Startup Cost": 0.00,"Total Cost": 5829.31,"Plan Rows": 229288,"Plan Width": 0,"Actual Startup Time": 45.025,"Actual Total Time": 45.031,"Actual Rows": 229065,"Actual Loops": 1,"Index Cond": "((l_shipdate >= '1994-08-01'::date) AND (l_shipdate < '1994-11-01 00:00:00'::timestamp without time zone))"}]}]}]},{"Node Type": "Index Scan","Parent Relationship": "Outer","Parallel Aware": false,"Async Capable": false,"Scan Direction": "Forward","Index Name": "supplier_pkey","Relation Name": "supplier","Alias": "supplier","Startup Cost": 0.29,"Total Cost": 495.43,"Plan Rows": 10000,"Plan Width": 71,"Actual Startup Time": 0.106,"Actual Total Time": 14.913,"Actual Rows": 9980,"Actual Loops": 1},{"Node Type": "Sort","Parent Relationship": "Inner","Parallel Aware": false,"Async Capable": false,"Startup Cost": 124273.86,"Total Cost": 124273.98,"Plan Rows": 50,"Plan Width": 36,"Actual Startup Time": 2052.345,"Actual Total Time": 2052.360,"Actual Rows": 1,"Actual Loops": 1,"Sort Key": ["revenue0.supplier_no"],"Sort Method": "quicksort","Sort Space Used": 25,"Sort Space Type": "Memory","Plans": [{"Node Type": "Subquery Scan","Parent Relationship": "Outer","Parallel Aware": false,"Async Capable": false,"Alias": "revenue0","Startup Cost": 124121.84,"Total Cost": 124272.44,"Plan Rows": 50,"Plan Width": 36,"Actual Startup Time": 2031.394,"Actual Total Time": 2052.312,"Actual Rows": 1,"Actual Loops": 1,"Plans": [{"Node Type": "Aggregate","Strategy": "Hashed","Partial Mode": "Simple","Parent Relationship": "Subquery","Parallel Aware": false,"Async Capable": false,"Startup Cost": 124121.84,"Total Cost": 124271.94,"Plan Rows": 50,"Plan Width": 36,"Actual Startup Time": 2031.385,"Actual Total Time": 2052.295,"Actual Rows": 1,"Actual Loops": 1,"Group Key": ["lineitem.l_suppkey"],"Filter": "(sum((lineitem.l_extendedprice * ('1'::numeric - lineitem.l_discount))) = $0)","Planned Partitions": 0,"HashAgg Batches": 1,"Peak Memory Usage": 4497,"Disk Usage": 0,"Rows Removed by Filter": 9999,"Plans": [{"Node Type": "Bitmap Heap Scan","Parent Relationship": "Outer","Parallel Aware": false,"Async Capable": false,"Relation Name": "lineitem","Alias": "lineitem","Startup Cost": 5886.63,"Total Cost": 121828.95,"Plan Rows": 229288,"Plan Width": 16,"Actual Startup Time": 54.472,"Actual Total Time": 926.953,"Actual Rows": 229065,"Actual Loops": 1,"Recheck Cond": "((l_shipdate >= '1994-08-01'::date) AND (l_shipdate < '1994-11-01 00:00:00'::timestamp without time zone))","Rows Removed by Index Recheck": 0,"Exact Heap Blocks": 67202,"Lossy Heap Blocks": 0,"Plans": [{"Node Type": "Bitmap Index Scan","Parent Relationship": "Outer","Parallel Aware": false,"Async Capable": false,"Index Name": "idx_lineitem_shipdate","Startup Cost": 0.00,"Total Cost": 5829.31,"Plan Rows": 229288,"Plan Width": 0,"Actual Startup Time": 41.071,"Actual Total Time": 41.073,"Actual Rows": 229065,"Actual Loops": 1,"Index Cond": "((l_shipdate >= '1994-08-01'::date) AND (l_shipdate < '1994-11-01 00:00:00'::timestamp without time zone))"}]}]}]}]}]},"Planning Time": 4.637,"Triggers": [],"Execution Time": 2073.259}]
[{"Plan": {"Node Type": "Merge Join","Parallel Aware": false,"Async Capable": false,"Join Type": "Inner","Startup Cost": 248589.82,"Total Cost": 249110.72,"Plan Rows": 50,"Plan Width": 103,"Actual Startup Time": 1987.373,"Actual Total Time": 1987.432,"Actual Rows": 1,"Actual Loops": 1,"Inner Unique": true,"Merge Cond": "(supplier.s_suppkey = revenue0.supplier_no)","Plans": [{"Node Type": "Aggregate","Strategy": "Plain","Partial Mode": "Simple","Parent Relationship": "InitPlan","Subplan Name": "InitPlan 1 (returns $0)","Parallel Aware": false,"Async Capable": false,"Startup Cost": 124343.84,"Total Cost": 124343.85,"Plan Rows": 1,"Plan Width": 32,"Actual Startup Time": 910.258,"Actual Total Time": 910.282,"Actual Rows": 1,"Actual Loops": 1,"Plans": [{"Node Type": "Aggregate","Strategy": "Hashed","Partial Mode": "Simple","Parent Relationship": "Outer","Parallel Aware": false,"Async Capable": false,"Startup Cost": 124093.67,"Total Cost": 124218.76,"Plan Rows": 10007,"Plan Width": 36,"Actual Startup Time": 902.249,"Actual Total Time": 909.620,"Actual Rows": 10000,"Actual Loops": 1,"Group Key": ["lineitem_1.l_suppkey"],"Planned Partitions": 0,"HashAgg Batches": 1,"Peak Memory Usage": 4497,"Disk Usage": 0,"Plans": [{"Node Type": "Bitmap Heap Scan","Parent Relationship": "Outer","Parallel Aware": false,"Async Capable": false,"Relation Name": "lineitem","Alias": "lineitem_1","Startup Cost": 5872.77,"Total Cost": 121806.51,"Plan Rows": 228716,"Plan Width": 16,"Actual Startup Time": 52.917,"Actual Total Time": 689.706,"Actual Rows": 226297,"Actual Loops": 1,"Recheck Cond": "((l_shipdate >= '1997-09-01'::date) AND (l_shipdate < '1997-12-01 00:00:00'::timestamp without time zone))","Rows Removed by Index Recheck": 0,"Exact Heap Blocks": 66850,"Lossy Heap Blocks": 0,"Plans": [{"Node Type": "Bitmap Index Scan","Parent Relationship": "Outer","Parallel Aware": false,"Async Capable": false,"Index Name": "idx_lineitem_shipdate","Startup Cost": 0.00,"Total Cost": 5815.59,"Plan Rows": 228716,"Plan Width": 0,"Actual Startup Time": 39.420,"Actual Total Time": 39.436,"Actual Rows": 226297,"Actual Loops": 1,"Index Cond": "((l_shipdate >= '1997-09-01'::date) AND (l_shipdate < '1997-12-01 00:00:00'::timestamp without time zone))"}]}]}]},{"Node Type": "Index Scan","Parent Relationship": "Outer","Parallel Aware": false,"Async Capable": false,"Scan Direction": "Forward","Index Name": "supplier_pkey","Relation Name": "supplier","Alias": "supplier","Startup Cost": 0.29,"Total Cost": 495.43,"Plan Rows": 10000,"Plan Width": 71,"Actual Startup Time": 0.106,"Actual Total Time": 8.664,"Actual Rows": 5353,"Actual Loops": 1},{"Node Type": "Sort","Parent Relationship": "Inner","Parallel Aware": false,"Async Capable": false,"Startup Cost": 124245.69,"Total Cost": 124245.81,"Plan Rows": 50,"Plan Width": 36,"Actual Startup Time": 1978.350,"Actual Total Time": 1978.371,"Actual Rows": 1,"Actual Loops": 1,"Sort Key": ["revenue0.supplier_no"],"Sort Method": "quicksort","Sort Space Used": 25,"Sort Space Type": "Memory","Plans": [{"Node Type": "Subquery Scan","Parent Relationship": "Outer","Parallel Aware": false,"Async Capable": false,"Alias": "revenue0","Startup Cost": 124093.67,"Total Cost": 124244.27,"Plan Rows": 50,"Plan Width": 36,"Actual Startup Time": 1964.852,"Actual Total Time": 1978.305,"Actual Rows": 1,"Actual Loops": 1,"Plans": [{"Node Type": "Aggregate","Strategy": "Hashed","Partial Mode": "Simple","Parent Relationship": "Subquery","Parallel Aware": false,"Async Capable": false,"Startup Cost": 124093.67,"Total Cost": 124243.77,"Plan Rows": 50,"Plan Width": 36,"Actual Startup Time": 1964.839,"Actual Total Time": 1978.262,"Actual Rows": 1,"Actual Loops": 1,"Group Key": ["lineitem.l_suppkey"],"Filter": "(sum((lineitem.l_extendedprice * ('1'::numeric - lineitem.l_discount))) = $0)","Planned Partitions": 0,"HashAgg Batches": 1,"Peak Memory Usage": 4497,"Disk Usage": 0,"Rows Removed by Filter": 9999,"Plans": [{"Node Type": "Bitmap Heap Scan","Parent Relationship": "Outer","Parallel Aware": false,"Async Capable": false,"Relation Name": "lineitem","Alias": "lineitem","Startup Cost": 5872.77,"Total Cost": 121806.51,"Plan Rows": 228716,"Plan Width": 16,"Actual Startup Time": 51.286,"Actual Total Time": 878.790,"Actual Rows": 226297,"Actual Loops": 1,"Recheck Cond": "((l_shipdate >= '1997-09-01'::date) AND (l_shipdate < '1997-12-01 00:00:00'::timestamp without time zone))","Rows Removed by Index Recheck": 0,"Exact Heap Blocks": 66850,"Lossy Heap Blocks": 0,"Plans": [{"Node Type": "Bitmap Index Scan","Parent Relationship": "Outer","Parallel Aware": false,"Async Capable": false,"Index Name": "idx_lineitem_shipdate","Startup Cost": 0.00,"Total Cost": 5815.59,"Plan Rows": 228716,"Plan Width": 0,"Actual Startup Time": 37.772,"Actual Total Time": 37.772,"Actual Rows": 226297,"Actual Loops": 1,"Index Cond": "((l_shipdate >= '1997-09-01'::date) AND (l_shipdate < '1997-12-01 00:00:00'::timestamp without time zone))"}]}]}]}]}]},"Planning Time": 4.702,"Triggers": [],"Execution Time": 1993.549}]
[{"Plan": {"Node Type": "Merge Join","Parallel Aware": false,"Async Capable": false,"Join Type": "Inner","Startup Cost": 248230.62,"Total Cost": 248751.52,"Plan Rows": 50,"Plan Width": 103,"Actual Startup Time": 2088.035,"Actual Total Time": 2088.078,"Actual Rows": 1,"Actual Loops": 1,"Inner Unique": true,"Merge Cond": "(supplier.s_suppkey = revenue0.supplier_no)","Plans": [{"Node Type": "Aggregate","Strategy": "Plain","Partial Mode": "Simple","Parent Relationship": "InitPlan","Subplan Name": "InitPlan 1 (returns $0)","Parallel Aware": false,"Async Capable": false,"Startup Cost": 124164.24,"Total Cost": 124164.25,"Plan Rows": 1,"Plan Width": 32,"Actual Startup Time": 950.841,"Actual Total Time": 950.857,"Actual Rows": 1,"Actual Loops": 1,"Plans": [{"Node Type": "Aggregate","Strategy": "Hashed","Partial Mode": "Simple","Parent Relationship": "Outer","Parallel Aware": false,"Async Capable": false,"Startup Cost": 123914.07,"Total Cost": 124039.16,"Plan Rows": 10007,"Plan Width": 36,"Actual Startup Time": 943.496,"Actual Total Time": 950.271,"Actual Rows": 10000,"Actual Loops": 1,"Group Key": ["lineitem_1.l_suppkey"],"Planned Partitions": 0,"HashAgg Batches": 1,"Peak Memory Usage": 4497,"Disk Usage": 0,"Plans": [{"Node Type": "Bitmap Heap Scan","Parent Relationship": "Outer","Parallel Aware": false,"Async Capable": false,"Relation Name": "lineitem","Alias": "lineitem_1","Startup Cost": 5777.92,"Total Cost": 121664.81,"Plan Rows": 224926,"Plan Width": 16,"Actual Startup Time": 60.846,"Actual Total Time": 795.969,"Actual Rows": 226622,"Actual Loops": 1,"Recheck Cond": "((l_shipdate >= '1996-04-01'::date) AND (l_shipdate < '1996-07-01 00:00:00'::timestamp without time zone))","Rows Removed by Index Recheck": 0,"Exact Heap Blocks": 66749,"Lossy Heap Blocks": 0,"Plans": [{"Node Type": "Bitmap Index Scan","Parent Relationship": "Outer","Parallel Aware": false,"Async Capable": false,"Index Name": "idx_lineitem_shipdate","Startup Cost": 0.00,"Total Cost": 5721.69,"Plan Rows": 224926,"Plan Width": 0,"Actual Startup Time": 47.031,"Actual Total Time": 47.038,"Actual Rows": 226622,"Actual Loops": 1,"Index Cond": "((l_shipdate >= '1996-04-01'::date) AND (l_shipdate < '1996-07-01 00:00:00'::timestamp without time zone))"}]}]}]},{"Node Type": "Index Scan","Parent Relationship": "Outer","Parallel Aware": false,"Async Capable": false,"Scan Direction": "Forward","Index Name": "supplier_pkey","Relation Name": "supplier","Alias": "supplier","Startup Cost": 0.29,"Total Cost": 495.43,"Plan Rows": 10000,"Plan Width": 71,"Actual Startup Time": 0.101,"Actual Total Time": 10.656,"Actual Rows": 6942,"Actual Loops": 1},{"Node Type": "Sort","Parent Relationship": "Inner","Parallel Aware": false,"Async Capable": false,"Startup Cost": 124066.08,"Total Cost": 124066.21,"Plan Rows": 50,"Plan Width": 36,"Actual Startup Time": 2076.966,"Actual Total Time": 2076.978,"Actual Rows": 1,"Actual Loops": 1,"Sort Key": ["revenue0.supplier_no"],"Sort Method": "quicksort","Sort Space Used": 25,"Sort Space Type": "Memory","Plans": [{"Node Type": "Subquery Scan","Parent Relationship": "Outer","Parallel Aware": false,"Async Capable": false,"Alias": "revenue0","Startup Cost": 123914.07,"Total Cost": 124064.67,"Plan Rows": 50,"Plan Width": 36,"Actual Startup Time": 2058.150,"Actual Total Time": 2076.927,"Actual Rows": 1,"Actual Loops": 1,"Plans": [{"Node Type": "Aggregate","Strategy": "Hashed","Partial Mode": "Simple","Parent Relationship": "Subquery","Parallel Aware": false,"Async Capable": false,"Startup Cost": 123914.07,"Total Cost": 124064.17,"Plan Rows": 50,"Plan Width": 36,"Actual Startup Time": 2058.141,"Actual Total Time": 2076.909,"Actual Rows": 1,"Actual Loops": 1,"Group Key": ["lineitem.l_suppkey"],"Filter": "(sum((lineitem.l_extendedprice * ('1'::numeric - lineitem.l_discount))) = $0)","Planned Partitions": 0,"HashAgg Batches": 1,"Peak Memory Usage": 4497,"Disk Usage": 0,"Rows Removed by Filter": 9999,"Plans": [{"Node Type": "Bitmap Heap Scan","Parent Relationship": "Outer","Parallel Aware": false,"Async Capable": false,"Relation Name": "lineitem","Alias": "lineitem","Startup Cost": 5777.92,"Total Cost": 121664.81,"Plan Rows": 224926,"Plan Width": 16,"Actual Startup Time": 54.640,"Actual Total Time": 931.835,"Actual Rows": 226622,"Actual Loops": 1,"Recheck Cond": "((l_shipdate >= '1996-04-01'::date) AND (l_shipdate < '1996-07-01 00:00:00'::timestamp without time zone))","Rows Removed by Index Recheck": 0,"Exact Heap Blocks": 66749,"Lossy Heap Blocks": 0,"Plans": [{"Node Type": "Bitmap Index Scan","Parent Relationship": "Outer","Parallel Aware": false,"Async Capable": false,"Index Name": "idx_lineitem_shipdate","Startup Cost": 0.00,"Total Cost": 5721.69,"Plan Rows": 224926,"Plan Width": 0,"Actual Startup Time": 41.150,"Actual Total Time": 41.151,"Actual Rows": 226622,"Actual Loops": 1,"Index Cond": "((l_shipdate >= '1996-04-01'::date) AND (l_shipdate < '1996-07-01 00:00:00'::timestamp without time zone))"}]}]}]}]}]},"Planning Time": 4.002,"Triggers": [],"Execution Time": 2092.348}]
[{"Plan": {"Node Type": "Merge Join","Parallel Aware": false,"Async Capable": false,"Join Type": "Inner","Startup Cost": 248343.83,"Total Cost": 248864.72,"Plan Rows": 50,"Plan Width": 103,"Actual Startup Time": 1973.395,"Actual Total Time": 1973.462,"Actual Rows": 1,"Actual Loops": 1,"Inner Unique": true,"Merge Cond": "(supplier.s_suppkey = revenue0.supplier_no)","Plans": [{"Node Type": "Aggregate","Strategy": "Plain","Partial Mode": "Simple","Parent Relationship": "InitPlan","Subplan Name": "InitPlan 1 (returns $0)","Parallel Aware": false,"Async Capable": false,"Startup Cost": 124220.85,"Total Cost": 124220.86,"Plan Rows": 1,"Plan Width": 32,"Actual Startup Time": 908.782,"Actual Total Time": 908.807,"Actual Rows": 1,"Actual Loops": 1,"Plans": [{"Node Type": "Aggregate","Strategy": "Hashed","Partial Mode": "Simple","Parent Relationship": "Outer","Parallel Aware": false,"Async Capable": false,"Startup Cost": 123970.67,"Total Cost": 124095.76,"Plan Rows": 10007,"Plan Width": 36,"Actual Startup Time": 900.063,"Actual Total Time": 908.145,"Actual Rows": 10000,"Actual Loops": 1,"Group Key": ["lineitem_1.l_suppkey"],"Planned Partitions": 0,"HashAgg Batches": 1,"Peak Memory Usage": 4497,"Disk Usage": 0,"Plans": [{"Node Type": "Bitmap Heap Scan","Parent Relationship": "Outer","Parallel Aware": false,"Async Capable": false,"Relation Name": "lineitem","Alias": "lineitem_1","Startup Cost": 5811.47,"Total Cost": 121708.19,"Plan Rows": 226248,"Plan Width": 16,"Actual Startup Time": 49.217,"Actual Total Time": 692.336,"Actual Rows": 229039,"Actual Loops": 1,"Recheck Cond": "((l_shipdate >= '1994-06-01'::date) AND (l_shipdate < '1994-09-01 00:00:00'::timestamp without time zone))","Rows Removed by Index Recheck": 0,"Exact Heap Blocks": 67238,"Lossy Heap Blocks": 0,"Plans": [{"Node Type": "Bitmap Index Scan","Parent Relationship": "Outer","Parallel Aware": false,"Async Capable": false,"Index Name": "idx_lineitem_shipdate","Startup Cost": 0.00,"Total Cost": 5754.91,"Plan Rows": 226248,"Plan Width": 0,"Actual Startup Time": 35.633,"Actual Total Time": 35.648,"Actual Rows": 229039,"Actual Loops": 1,"Index Cond": "((l_shipdate >= '1994-06-01'::date) AND (l_shipdate < '1994-09-01 00:00:00'::timestamp without time zone))"}]}]}]},{"Node Type": "Index Scan","Parent Relationship": "Outer","Parallel Aware": false,"Async Capable": false,"Scan Direction": "Forward","Index Name": "supplier_pkey","Relation Name": "supplier","Alias": "supplier","Startup Cost": 0.29,"Total Cost": 495.43,"Plan Rows": 10000,"Plan Width": 71,"Actual Startup Time": 0.121,"Actual Total Time": 12.024,"Actual Rows": 7946,"Actual Loops": 1},{"Node Type": "Sort","Parent Relationship": "Inner","Parallel Aware": false,"Async Capable": false,"Startup Cost": 124122.69,"Total Cost": 124122.81,"Plan Rows": 50,"Plan Width": 36,"Actual Startup Time": 1960.894,"Actual Total Time": 1960.930,"Actual Rows": 1,"Actual Loops": 1,"Sort Key": ["revenue0.supplier_no"],"Sort Method": "quicksort","Sort Space Used": 25,"Sort Space Type": "Memory","Plans": [{"Node Type": "Subquery Scan","Parent Relationship": "Outer","Parallel Aware": false,"Async Capable": false,"Alias": "revenue0","Startup Cost": 123970.67,"Total Cost": 124121.28,"Plan Rows": 50,"Plan Width": 36,"Actual Startup Time": 1956.612,"Actual Total Time": 1960.848,"Actual Rows": 1,"Actual Loops": 1,"Plans": [{"Node Type": "Aggregate","Strategy": "Hashed","Partial Mode": "Simple","Parent Relationship": "Subquery","Parallel Aware": false,"Async Capable": false,"Startup Cost": 123970.67,"Total Cost": 124120.78,"Plan Rows": 50,"Plan Width": 36,"Actual Startup Time": 1956.600,"Actual Total Time": 1960.810,"Actual Rows": 1,"Actual Loops": 1,"Group Key": ["lineitem.l_suppkey"],"Filter": "(sum((lineitem.l_extendedprice * ('1'::numeric - lineitem.l_discount))) = $0)","Planned Partitions": 0,"HashAgg Batches": 1,"Peak Memory Usage": 4497,"Disk Usage": 0,"Rows Removed by Filter": 9999,"Plans": [{"Node Type": "Bitmap Heap Scan","Parent Relationship": "Outer","Parallel Aware": false,"Async Capable": false,"Relation Name": "lineitem","Alias": "lineitem","Startup Cost": 5811.47,"Total Cost": 121708.19,"Plan Rows": 226248,"Plan Width": 16,"Actual Startup Time": 51.748,"Actual Total Time": 872.040,"Actual Rows": 229039,"Actual Loops": 1,"Recheck Cond": "((l_shipdate >= '1994-06-01'::date) AND (l_shipdate < '1994-09-01 00:00:00'::timestamp without time zone))","Rows Removed by Index Recheck": 0,"Exact Heap Blocks": 67238,"Lossy Heap Blocks": 0,"Plans": [{"Node Type": "Bitmap Index Scan","Parent Relationship": "Outer","Parallel Aware": false,"Async Capable": false,"Index Name": "idx_lineitem_shipdate","Startup Cost": 0.00,"Total Cost": 5754.91,"Plan Rows": 226248,"Plan Width": 0,"Actual Startup Time": 38.292,"Actual Total Time": 38.307,"Actual Rows": 229039,"Actual Loops": 1,"Index Cond": "((l_shipdate >= '1994-06-01'::date) AND (l_shipdate < '1994-09-01 00:00:00'::timestamp without time zone))"}]}]}]}]}]},"Planning Time": 5.138,"Triggers": [],"Execution Time": 1979.821}]
[{"Plan": {"Node Type": "Merge Join","Parallel Aware": false,"Async Capable": false,"Join Type": "Inner","Startup Cost": 248853.69,"Total Cost": 249374.58,"Plan Rows": 50,"Plan Width": 103,"Actual Startup Time": 2069.794,"Actual Total Time": 2069.839,"Actual Rows": 1,"Actual Loops": 1,"Inner Unique": true,"Merge Cond": "(supplier.s_suppkey = revenue0.supplier_no)","Plans": [{"Node Type": "Aggregate","Strategy": "Plain","Partial Mode": "Simple","Parent Relationship": "InitPlan","Subplan Name": "InitPlan 1 (returns $0)","Parallel Aware": false,"Async Capable": false,"Startup Cost": 124475.78,"Total Cost": 124475.79,"Plan Rows": 1,"Plan Width": 32,"Actual Startup Time": 939.556,"Actual Total Time": 939.568,"Actual Rows": 1,"Actual Loops": 1,"Plans": [{"Node Type": "Aggregate","Strategy": "Hashed","Partial Mode": "Simple","Parent Relationship": "Outer","Parallel Aware": false,"Async Capable": false,"Startup Cost": 124225.60,"Total Cost": 124350.69,"Plan Rows": 10007,"Plan Width": 36,"Actual Startup Time": 931.775,"Actual Total Time": 938.967,"Actual Rows": 10000,"Actual Loops": 1,"Group Key": ["lineitem_1.l_suppkey"],"Planned Partitions": 0,"HashAgg Batches": 1,"Peak Memory Usage": 4497,"Disk Usage": 0,"Plans": [{"Node Type": "Bitmap Heap Scan","Parent Relationship": "Outer","Parallel Aware": false,"Async Capable": false,"Relation Name": "lineitem","Alias": "lineitem_1","Startup Cost": 5939.50,"Total Cost": 121912.36,"Plan Rows": 231324,"Plan Width": 16,"Actual Startup Time": 57.879,"Actual Total Time": 785.253,"Actual Rows": 226918,"Actual Loops": 1,"Recheck Cond": "((l_shipdate >= '1994-09-01'::date) AND (l_shipdate < '1994-12-01 00:00:00'::timestamp without time zone))","Rows Removed by Index Recheck": 0,"Exact Heap Blocks": 67096,"Lossy Heap Blocks": 0,"Plans": [{"Node Type": "Bitmap Index Scan","Parent Relationship": "Outer","Parallel Aware": false,"Async Capable": false,"Index Name": "idx_lineitem_shipdate","Startup Cost": 0.00,"Total Cost": 5881.67,"Plan Rows": 231324,"Plan Width": 0,"Actual Startup Time": 44.092,"Actual Total Time": 44.094,"Actual Rows": 226918,"Actual Loops": 1,"Index Cond": "((l_shipdate >= '1994-09-01'::date) AND (l_shipdate < '1994-12-01 00:00:00'::timestamp without time zone))"}]}]}]},{"Node Type": "Index Scan","Parent Relationship": "Outer","Parallel Aware": false,"Async Capable": false,"Scan Direction": "Forward","Index Name": "supplier_pkey","Relation Name": "supplier","Alias": "supplier","Startup Cost": 0.29,"Total Cost": 495.43,"Plan Rows": 10000,"Plan Width": 71,"Actual Startup Time": 0.128,"Actual Total Time": 7.377,"Actual Rows": 4443,"Actual Loops": 1},{"Node Type": "Sort","Parent Relationship": "Inner","Parallel Aware": false,"Async Capable": false,"Startup Cost": 124377.62,"Total Cost": 124377.74,"Plan Rows": 50,"Plan Width": 36,"Actual Startup Time": 2062.143,"Actual Total Time": 2062.163,"Actual Rows": 1,"Actual Loops": 1,"Sort Key": ["revenue0.supplier_no"],"Sort Method": "quicksort","Sort Space Used": 25,"Sort Space Type": "Memory","Plans": [{"Node Type": "Subquery Scan","Parent Relationship": "Outer","Parallel Aware": false,"Async Capable": false,"Alias": "revenue0","Startup Cost": 124225.60,"Total Cost": 124376.21,"Plan Rows": 50,"Plan Width": 36,"Actual Startup Time": 2040.368,"Actual Total Time": 2062.123,"Actual Rows": 1,"Actual Loops": 1,"Plans": [{"Node Type": "Aggregate","Strategy": "Hashed","Partial Mode": "Simple","Parent Relationship": "Subquery","Parallel Aware": false,"Async Capable": false,"Startup Cost": 124225.60,"Total Cost": 124375.71,"Plan Rows": 50,"Plan Width": 36,"Actual Startup Time": 2040.362,"Actual Total Time": 2062.108,"Actual Rows": 1,"Actual Loops": 1,"Group Key": ["lineitem.l_suppkey"],"Filter": "(sum((lineitem.l_extendedprice * ('1'::numeric - lineitem.l_discount))) = $0)","Planned Partitions": 0,"HashAgg Batches": 1,"Peak Memory Usage": 4497,"Disk Usage": 0,"Rows Removed by Filter": 9999,"Plans": [{"Node Type": "Bitmap Heap Scan","Parent Relationship": "Outer","Parallel Aware": false,"Async Capable": false,"Relation Name": "lineitem","Alias": "lineitem","Startup Cost": 5939.50,"Total Cost": 121912.36,"Plan Rows": 231324,"Plan Width": 16,"Actual Startup Time": 54.706,"Actual Total Time": 926.482,"Actual Rows": 226918,"Actual Loops": 1,"Recheck Cond": "((l_shipdate >= '1994-09-01'::date) AND (l_shipdate < '1994-12-01 00:00:00'::timestamp without time zone))","Rows Removed by Index Recheck": 0,"Exact Heap Blocks": 67096,"Lossy Heap Blocks": 0,"Plans": [{"Node Type": "Bitmap Index Scan","Parent Relationship": "Outer","Parallel Aware": false,"Async Capable": false,"Index Name": "idx_lineitem_shipdate","Startup Cost": 0.00,"Total Cost": 5881.67,"Plan Rows": 231324,"Plan Width": 0,"Actual Startup Time": 41.081,"Actual Total Time": 41.084,"Actual Rows": 226918,"Actual Loops": 1,"Index Cond": "((l_shipdate >= '1994-09-01'::date) AND (l_shipdate < '1994-12-01 00:00:00'::timestamp without time zone))"}]}]}]}]}]},"Planning Time": 4.073,"Triggers": [],"Execution Time": 2075.054}]
[{"Plan": {"Node Type": "Merge Join","Parallel Aware": false,"Async Capable": false,"Join Type": "Inner","Startup Cost": 248479.68,"Total Cost": 249000.57,"Plan Rows": 50,"Plan Width": 103,"Actual Startup Time": 2053.100,"Actual Total Time": 2053.133,"Actual Rows": 1,"Actual Loops": 1,"Inner Unique": true,"Merge Cond": "(supplier.s_suppkey = revenue0.supplier_no)","Plans": [{"Node Type": "Aggregate","Strategy": "Plain","Partial Mode": "Simple","Parent Relationship": "InitPlan","Subplan Name": "InitPlan 1 (returns $0)","Parallel Aware": false,"Async Capable": false,"Startup Cost": 124288.77,"Total Cost": 124288.78,"Plan Rows": 1,"Plan Width": 32,"Actual Startup Time": 929.631,"Actual Total Time": 929.645,"Actual Rows": 1,"Actual Loops": 1,"Plans": [{"Node Type": "Aggregate","Strategy": "Hashed","Partial Mode": "Simple","Parent Relationship": "Outer","Parallel Aware": false,"Async Capable": false,"Startup Cost": 124038.60,"Total Cost": 124163.68,"Plan Rows": 10007,"Plan Width": 36,"Actual Startup Time": 921.618,"Actual Total Time": 929.055,"Actual Rows": 10000,"Actual Loops": 1,"Group Key": ["lineitem_1.l_suppkey"],"Planned Partitions": 0,"HashAgg Batches": 1,"Peak Memory Usage": 4497,"Disk Usage": 0,"Plans": [{"Node Type": "Bitmap Heap Scan","Parent Relationship": "Outer","Parallel Aware": false,"Async Capable": false,"Relation Name": "lineitem","Alias": "lineitem_1","Startup Cost": 5732.35,"Total Cost": 121806.48,"Plan Rows": 223211,"Plan Width": 16,"Actual Startup Time": 58.729,"Actual Total Time": 776.902,"Actual Rows": 224122,"Actual Loops": 1,"Recheck Cond": "((l_shipdate >= '1994-01-01'::date) AND (l_shipdate < '1994-04-01 00:00:00'::timestamp without time zone))","Rows Removed by Index Recheck": 0,"Exact Heap Blocks": 66544,"Lossy Heap Blocks": 0,"Plans": [{"Node Type": "Bitmap Index Scan","Parent Relationship": "Outer","Parallel Aware": false,"Async Capable": false,"Index Name": "idx_lineitem_shipdate","Startup Cost": 0.00,"Total Cost": 5676.54,"Plan Rows": 223211,"Plan Width": 0,"Actual Startup Time": 44.999,"Actual Total Time": 45.004,"Actual Rows": 224122,"Actual Loops": 1,"Index Cond": "((l_shipdate >= '1994-01-01'::date) AND (l_shipdate < '1994-04-01 00:00:00'::timestamp without time zone))"}]}]}]},{"Node Type": "Index Scan","Parent Relationship": "Outer","Parallel Aware": false,"Async Capable": false,"Scan Direction": "Forward","Index Name": "supplier_pkey","Relation Name": "supplier","Alias": "supplier","Startup Cost": 0.29,"Total Cost": 495.43,"Plan Rows": 10000,"Plan Width": 71,"Actual Startup Time": 0.106,"Actual Total Time": 4.039,"Actual Rows": 2328,"Actual Loops": 1},{"Node Type": "Sort","Parent Relationship": "Inner","Parallel Aware": false,"Async Capable": false,"Startup Cost": 124190.61,"Total Cost": 124190.74,"Plan Rows": 50,"Plan Width": 36,"Actual Startup Time": 2048.905,"Actual Total Time": 2048.913,"Actual Rows": 1,"Actual Loops": 1,"Sort Key": ["revenue0.supplier_no"],"Sort Method": "quicksort","Sort Space Used": 25,"Sort Space Type": "Memory","Plans": [{"Node Type": "Subquery Scan","Parent Relationship": "Outer","Parallel Aware": false,"Async Capable": false,"Alias": "revenue0","Startup Cost": 124038.60,"Total Cost": 124189.20,"Plan Rows": 50,"Plan Width": 36,"Actual Startup Time": 2034.594,"Actual Total Time": 2048.883,"Actual Rows": 1,"Actual Loops": 1,"Plans": [{"Node Type": "Aggregate","Strategy": "Hashed","Partial Mode": "Simple","Parent Relationship": "Subquery","Parallel Aware": false,"Async Capable": false,"Startup Cost": 124038.60,"Total Cost": 124188.70,"Plan Rows": 50,"Plan Width": 36,"Actual Startup Time": 2034.588,"Actual Total Time": 2048.875,"Actual Rows": 1,"Actual Loops": 1,"Group Key": ["lineitem.l_suppkey"],"Filter": "(sum((lineitem.l_extendedprice * ('1'::numeric - lineitem.l_discount))) = $0)","Planned Partitions": 0,"HashAgg Batches": 1,"Peak Memory Usage": 4497,"Disk Usage": 0,"Rows Removed by Filter": 9999,"Plans": [{"Node Type": "Bitmap Heap Scan","Parent Relationship": "Outer","Parallel Aware": false,"Async Capable": false,"Relation Name": "lineitem","Alias": "lineitem","Startup Cost": 5732.35,"Total Cost": 121806.48,"Plan Rows": 223211,"Plan Width": 16,"Actual Startup Time": 54.443,"Actual Total Time": 924.226,"Actual Rows": 224122,"Actual Loops": 1,"Recheck Cond": "((l_shipdate >= '1994-01-01'::date) AND (l_shipdate < '1994-04-01 00:00:00'::timestamp without time zone))","Rows Removed by Index Recheck": 0,"Exact Heap Blocks": 66544,"Lossy Heap Blocks": 0,"Plans": [{"Node Type": "Bitmap Index Scan","Parent Relationship": "Outer","Parallel Aware": false,"Async Capable": false,"Index Name": "idx_lineitem_shipdate","Startup Cost": 0.00,"Total Cost": 5676.54,"Plan Rows": 223211,"Plan Width": 0,"Actual Startup Time": 40.756,"Actual Total Time": 40.756,"Actual Rows": 224122,"Actual Loops": 1,"Index Cond": "((l_shipdate >= '1994-01-01'::date) AND (l_shipdate < '1994-04-01 00:00:00'::timestamp without time zone))"}]}]}]}]}]},"Planning Time": 4.844,"Triggers": [],"Execution Time": 2058.211}]
[{"Plan": {"Node Type": "Merge Join","Parallel Aware": false,"Async Capable": false,"Join Type": "Inner","Startup Cost": 249071.51,"Total Cost": 249592.41,"Plan Rows": 50,"Plan Width": 103,"Actual Startup Time": 2110.599,"Actual Total Time": 2110.677,"Actual Rows": 1,"Actual Loops": 1,"Inner Unique": true,"Merge Cond": "(supplier.s_suppkey = revenue0.supplier_no)","Plans": [{"Node Type": "Aggregate","Strategy": "Plain","Partial Mode": "Simple","Parent Relationship": "InitPlan","Subplan Name": "InitPlan 1 (returns $0)","Parallel Aware": false,"Async Capable": false,"Startup Cost": 124584.69,"Total Cost": 124584.70,"Plan Rows": 1,"Plan Width": 32,"Actual Startup Time": 993.769,"Actual Total Time": 993.795,"Actual Rows": 1,"Actual Loops": 1,"Plans": [{"Node Type": "Aggregate","Strategy": "Hashed","Partial Mode": "Simple","Parent Relationship": "Outer","Parallel Aware": false,"Async Capable": false,"Startup Cost": 124334.51,"Total Cost": 124459.60,"Plan Rows": 10007,"Plan Width": 36,"Actual Startup Time": 986.871,"Actual Total Time": 993.109,"Actual Rows": 10000,"Actual Loops": 1,"Group Key": ["lineitem_1.l_suppkey"],"Planned Partitions": 0,"HashAgg Batches": 1,"Peak Memory Usage": 4497,"Disk Usage": 0,"Plans": [{"Node Type": "Bitmap Heap Scan","Parent Relationship": "Outer","Parallel Aware": false,"Async Capable": false,"Relation Name": "lineitem","Alias": "lineitem_1","Startup Cost": 5625.90,"Total Cost": 122143.81,"Plan Rows": 219070,"Plan Width": 16,"Actual Startup Time": 58.722,"Actual Total Time": 774.337,"Actual Rows": 229004,"Actual Loops": 1,"Recheck Cond": "((l_shipdate >= '1993-11-01'::date) AND (l_shipdate < '1994-02-01 00:00:00'::timestamp without time zone))","Rows Removed by Index Recheck": 0,"Exact Heap Blocks": 67131,"Lossy Heap Blocks": 0,"Plans": [{"Node Type": "Bitmap Index Scan","Parent Relationship": "Outer","Parallel Aware": false,"Async Capable": false,"Index Name": "idx_lineitem_shipdate","Startup Cost": 0.00,"Total Cost": 5571.13,"Plan Rows": 219070,"Plan Width": 0,"Actual Startup Time": 44.914,"Actual Total Time": 44.935,"Actual Rows": 229004,"Actual Loops": 1,"Index Cond": "((l_shipdate >= '1993-11-01'::date) AND (l_shipdate < '1994-02-01 00:00:00'::timestamp without time zone))"}]}]}]},{"Node Type": "Index Scan","Parent Relationship": "Outer","Parallel Aware": false,"Async Capable": false,"Scan Direction": "Forward","Index Name": "supplier_pkey","Relation Name": "supplier","Alias": "supplier","Startup Cost": 0.29,"Total Cost": 495.43,"Plan Rows": 10000,"Plan Width": 71,"Actual Startup Time": 0.107,"Actual Total Time": 9.434,"Actual Rows": 5487,"Actual Loops": 1},{"Node Type": "Sort","Parent Relationship": "Inner","Parallel Aware": false,"Async Capable": false,"Startup Cost": 124486.53,"Total Cost": 124486.65,"Plan Rows": 50,"Plan Width": 36,"Actual Startup Time": 2100.793,"Actual Total Time": 2100.813,"Actual Rows": 1,"Actual Loops": 1,"Sort Key": ["revenue0.supplier_no"],"Sort Method": "quicksort","Sort Space Used": 25,"Sort Space Type": "Memory","Plans": [{"Node Type": "Subquery Scan","Parent Relationship": "Outer","Parallel Aware": false,"Async Capable": false,"Alias": "revenue0","Startup Cost": 124334.51,"Total Cost": 124485.12,"Plan Rows": 50,"Plan Width": 36,"Actual Startup Time": 2097.633,"Actual Total Time": 2100.707,"Actual Rows": 1,"Actual Loops": 1,"Plans": [{"Node Type": "Aggregate","Strategy": "Hashed","Partial Mode": "Simple","Parent Relationship": "Subquery","Parallel Aware": false,"Async Capable": false,"Startup Cost": 124334.51,"Total Cost": 124484.62,"Plan Rows": 50,"Plan Width": 36,"Actual Startup Time": 2097.616,"Actual Total Time": 2100.659,"Actual Rows": 1,"Actual Loops": 1,"Group Key": ["lineitem.l_suppkey"],"Filter": "(sum((lineitem.l_extendedprice * ('1'::numeric - lineitem.l_discount))) = $0)","Planned Partitions": 0,"HashAgg Batches": 1,"Peak Memory Usage": 4497,"Disk Usage": 0,"Rows Removed by Filter": 9999,"Plans": [{"Node Type": "Bitmap Heap Scan","Parent Relationship": "Outer","Parallel Aware": false,"Async Capable": false,"Relation Name": "lineitem","Alias": "lineitem","Startup Cost": 5625.90,"Total Cost": 122143.81,"Plan Rows": 219070,"Plan Width": 16,"Actual Startup Time": 54.544,"Actual Total Time": 928.571,"Actual Rows": 229004,"Actual Loops": 1,"Recheck Cond": "((l_shipdate >= '1993-11-01'::date) AND (l_shipdate < '1994-02-01 00:00:00'::timestamp without time zone))","Rows Removed by Index Recheck": 0,"Exact Heap Blocks": 67131,"Lossy Heap Blocks": 0,"Plans": [{"Node Type": "Bitmap Index Scan","Parent Relationship": "Outer","Parallel Aware": false,"Async Capable": false,"Index Name": "idx_lineitem_shipdate","Startup Cost": 0.00,"Total Cost": 5571.13,"Plan Rows": 219070,"Plan Width": 0,"Actual Startup Time": 41.027,"Actual Total Time": 41.029,"Actual Rows": 229004,"Actual Loops": 1,"Index Cond": "((l_shipdate >= '1993-11-01'::date) AND (l_shipdate < '1994-02-01 00:00:00'::timestamp without time zone))"}]}]}]}]}]},"Planning Time": 4.907,"Triggers": [],"Execution Time": 2115.877}]
[{"Plan": {"Node Type": "Merge Join","Parallel Aware": false,"Async Capable": false,"Join Type": "Inner","Startup Cost": 248230.62,"Total Cost": 248751.52,"Plan Rows": 50,"Plan Width": 103,"Actual Startup Time": 2088.035,"Actual Total Time": 2088.078,"Actual Rows": 1,"Actual Loops": 1,"Inner Unique": true,"Merge Cond": "(supplier.s_suppkey = revenue0.supplier_no)","Plans": [{"Node Type": "Aggregate","Strategy": "Plain","Partial Mode": "Simple","Parent Relationship": "InitPlan","Subplan Name": "InitPlan 1 (returns $0)","Parallel Aware": false,"Async Capable": false,"Startup Cost": 124164.24,"Total Cost": 124164.25,"Plan Rows": 1,"Plan Width": 32,"Actual Startup Time": 950.841,"Actual Total Time": 950.857,"Actual Rows": 1,"Actual Loops": 1,"Plans": [{"Node Type": "Aggregate","Strategy": "Hashed","Partial Mode": "Simple","Parent Relationship": "Outer","Parallel Aware": false,"Async Capable": false,"Startup Cost": 123914.07,"Total Cost": 124039.16,"Plan Rows": 10007,"Plan Width": 36,"Actual Startup Time": 943.496,"Actual Total Time": 950.271,"Actual Rows": 10000,"Actual Loops": 1,"Group Key": ["lineitem_1.l_suppkey"],"Planned Partitions": 0,"HashAgg Batches": 1,"Peak Memory Usage": 4497,"Disk Usage": 0,"Plans": [{"Node Type": "Bitmap Heap Scan","Parent Relationship": "Outer","Parallel Aware": false,"Async Capable": false,"Relation Name": "lineitem","Alias": "lineitem_1","Startup Cost": 5777.92,"Total Cost": 121664.81,"Plan Rows": 224926,"Plan Width": 16,"Actual Startup Time": 60.846,"Actual Total Time": 795.969,"Actual Rows": 226622,"Actual Loops": 1,"Recheck Cond": "((l_shipdate >= '1996-04-01'::date) AND (l_shipdate < '1996-07-01 00:00:00'::timestamp without time zone))","Rows Removed by Index Recheck": 0,"Exact Heap Blocks": 66749,"Lossy Heap Blocks": 0,"Plans": [{"Node Type": "Bitmap Index Scan","Parent Relationship": "Outer","Parallel Aware": false,"Async Capable": false,"Index Name": "idx_lineitem_shipdate","Startup Cost": 0.00,"Total Cost": 5721.69,"Plan Rows": 224926,"Plan Width": 0,"Actual Startup Time": 47.031,"Actual Total Time": 47.038,"Actual Rows": 226622,"Actual Loops": 1,"Index Cond": "((l_shipdate >= '1996-04-01'::date) AND (l_shipdate < '1996-07-01 00:00:00'::timestamp without time zone))"}]}]}]},{"Node Type": "Index Scan","Parent Relationship": "Outer","Parallel Aware": false,"Async Capable": false,"Scan Direction": "Forward","Index Name": "supplier_pkey","Relation Name": "supplier","Alias": "supplier","Startup Cost": 0.29,"Total Cost": 495.43,"Plan Rows": 10000,"Plan Width": 71,"Actual Startup Time": 0.101,"Actual Total Time": 10.656,"Actual Rows": 6942,"Actual Loops": 1},{"Node Type": "Sort","Parent Relationship": "Inner","Parallel Aware": false,"Async Capable": false,"Startup Cost": 124066.08,"Total Cost": 124066.21,"Plan Rows": 50,"Plan Width": 36,"Actual Startup Time": 2076.966,"Actual Total Time": 2076.978,"Actual Rows": 1,"Actual Loops": 1,"Sort Key": ["revenue0.supplier_no"],"Sort Method": "quicksort","Sort Space Used": 25,"Sort Space Type": "Memory","Plans": [{"Node Type": "Subquery Scan","Parent Relationship": "Outer","Parallel Aware": false,"Async Capable": false,"Alias": "revenue0","Startup Cost": 123914.07,"Total Cost": 124064.67,"Plan Rows": 50,"Plan Width": 36,"Actual Startup Time": 2058.150,"Actual Total Time": 2076.927,"Actual Rows": 1,"Actual Loops": 1,"Plans": [{"Node Type": "Aggregate","Strategy": "Hashed","Partial Mode": "Simple","Parent Relationship": "Subquery","Parallel Aware": false,"Async Capable": false,"Startup Cost": 123914.07,"Total Cost": 124064.17,"Plan Rows": 50,"Plan Width": 36,"Actual Startup Time": 2058.141,"Actual Total Time": 2076.909,"Actual Rows": 1,"Actual Loops": 1,"Group Key": ["lineitem.l_suppkey"],"Filter": "(sum((lineitem.l_extendedprice * ('1'::numeric - lineitem.l_discount))) = $0)","Planned Partitions": 0,"HashAgg Batches": 1,"Peak Memory Usage": 4497,"Disk Usage": 0,"Rows Removed by Filter": 9999,"Plans": [{"Node Type": "Bitmap Heap Scan","Parent Relationship": "Outer","Parallel Aware": false,"Async Capable": false,"Relation Name": "lineitem","Alias": "lineitem","Startup Cost": 5777.92,"Total Cost": 121664.81,"Plan Rows": 224926,"Plan Width": 16,"Actual Startup Time": 54.640,"Actual Total Time": 931.835,"Actual Rows": 226622,"Actual Loops": 1,"Recheck Cond": "((l_shipdate >= '1996-04-01'::date) AND (l_shipdate < '1996-07-01 00:00:00'::timestamp without time zone))","Rows Removed by Index Recheck": 0,"Exact Heap Blocks": 66749,"Lossy Heap Blocks": 0,"Plans": [{"Node Type": "Bitmap Index Scan","Parent Relationship": "Outer","Parallel Aware": false,"Async Capable": false,"Index Name": "idx_lineitem_shipdate","Startup Cost": 0.00,"Total Cost": 5721.69,"Plan Rows": 224926,"Plan Width": 0,"Actual Startup Time": 41.150,"Actual Total Time": 41.151,"Actual Rows": 226622,"Actual Loops": 1,"Index Cond": "((l_shipdate >= '1996-04-01'::date) AND (l_shipdate < '1996-07-01 00:00:00'::timestamp without time zone))"}]}]}]}]}]},"Planning Time": 4.002,"Triggers": [],"Execution Time": 2092.348}]
[{"Plan": {"Node Type": "Merge Join","Parallel Aware": false,"Async Capable": false,"Join Type": "Inner","Startup Cost": 249429.21,"Total Cost": 249950.11,"Plan Rows": 50,"Plan Width": 103,"Actual Startup Time": 1898.287,"Actual Total Time": 1898.337,"Actual Rows": 1,"Actual Loops": 1,"Inner Unique": true,"Merge Cond": "(supplier.s_suppkey = revenue0.supplier_no)","Plans": [{"Node Type": "Aggregate","Strategy": "Plain","Partial Mode": "Simple","Parent Relationship": "InitPlan","Subplan Name": "InitPlan 1 (returns $0)","Parallel Aware": false,"Async Capable": false,"Startup Cost": 124763.54,"Total Cost": 124763.55,"Plan Rows": 1,"Plan Width": 32,"Actual Startup Time": 815.553,"Actual Total Time": 815.566,"Actual Rows": 1,"Actual Loops": 1,"Plans": [{"Node Type": "Aggregate","Strategy": "Hashed","Partial Mode": "Simple","Parent Relationship": "Outer","Parallel Aware": false,"Async Capable": false,"Startup Cost": 124513.36,"Total Cost": 124638.45,"Plan Rows": 10007,"Plan Width": 36,"Actual Startup Time": 809.471,"Actual Total Time": 814.969,"Actual Rows": 10000,"Actual Loops": 1,"Group Key": ["lineitem_1.l_suppkey"],"Planned Partitions": 0,"HashAgg Batches": 1,"Peak Memory Usage": 4497,"Disk Usage": 0,"Plans": [{"Node Type": "Bitmap Heap Scan","Parent Relationship": "Outer","Parallel Aware": false,"Async Capable": false,"Relation Name": "lineitem","Alias": "lineitem_1","Startup Cost": 6085.59,"Total Cost": 122143.46,"Plan Rows": 236991,"Plan Width": 16,"Actual Startup Time": 49.104,"Actual Total Time": 665.753,"Actual Rows": 225457,"Actual Loops": 1,"Recheck Cond": "((l_shipdate >= '1993-04-01'::date) AND (l_shipdate < '1993-07-01 00:00:00'::timestamp without time zone))","Rows Removed by Index Recheck": 0,"Exact Heap Blocks": 66507,"Lossy Heap Blocks": 0,"Plans": [{"Node Type": "Bitmap Index Scan","Parent Relationship": "Outer","Parallel Aware": false,"Async Capable": false,"Index Name": "idx_lineitem_shipdate","Startup Cost": 0.00,"Total Cost": 6026.34,"Plan Rows": 236991,"Plan Width": 0,"Actual Startup Time": 35.669,"Actual Total Time": 35.673,"Actual Rows": 225457,"Actual Loops": 1,"Index Cond": "((l_shipdate >= '1993-04-01'::date) AND (l_shipdate < '1993-07-01 00:00:00'::timestamp without time zone))"}]}]}]},{"Node Type": "Index Scan","Parent Relationship": "Outer","Parallel Aware": false,"Async Capable": false,"Scan Direction": "Forward","Index Name": "supplier_pkey","Relation Name": "supplier","Alias": "supplier","Startup Cost": 0.29,"Total Cost": 495.43,"Plan Rows": 10000,"Plan Width": 71,"Actual Startup Time": 0.093,"Actual Total Time": 12.333,"Actual Rows": 7478,"Actual Loops": 1},{"Node Type": "Sort","Parent Relationship": "Inner","Parallel Aware": false,"Async Capable": false,"Startup Cost": 124665.38,"Total Cost": 124665.50,"Plan Rows": 50,"Plan Width": 36,"Actual Startup Time": 1885.515,"Actual Total Time": 1885.531,"Actual Rows": 1,"Actual Loops": 1,"Sort Key": ["revenue0.supplier_no"],"Sort Method": "quicksort","Sort Space Used": 25,"Sort Space Type": "Memory","Plans": [{"Node Type": "Subquery Scan","Parent Relationship": "Outer","Parallel Aware": false,"Async Capable": false,"Alias": "revenue0","Startup Cost": 124513.36,"Total Cost": 124663.97,"Plan Rows": 50,"Plan Width": 36,"Actual Startup Time": 1880.649,"Actual Total Time": 1885.498,"Actual Rows": 1,"Actual Loops": 1,"Plans": [{"Node Type": "Aggregate","Strategy": "Hashed","Partial Mode": "Simple","Parent Relationship": "Subquery","Parallel Aware": false,"Async Capable": false,"Startup Cost": 124513.36,"Total Cost": 124663.47,"Plan Rows": 50,"Plan Width": 36,"Actual Startup Time": 1880.643,"Actual Total Time": 1885.490,"Actual Rows": 1,"Actual Loops": 1,"Group Key": ["lineitem.l_suppkey"],"Filter": "(sum((lineitem.l_extendedprice * ('1'::numeric - lineitem.l_discount))) = $0)","Planned Partitions": 0,"HashAgg Batches": 1,"Peak Memory Usage": 4497,"Disk Usage": 0,"Rows Removed by Filter": 9999,"Plans": [{"Node Type": "Bitmap Heap Scan","Parent Relationship": "Outer","Parallel Aware": false,"Async Capable": false,"Relation Name": "lineitem","Alias": "lineitem","Startup Cost": 6085.59,"Total Cost": 122143.46,"Plan Rows": 236991,"Plan Width": 16,"Actual Startup Time": 49.990,"Actual Total Time": 876.930,"Actual Rows": 225457,"Actual Loops": 1,"Recheck Cond": "((l_shipdate >= '1993-04-01'::date) AND (l_shipdate < '1993-07-01 00:00:00'::timestamp without time zone))","Rows Removed by Index Recheck": 0,"Exact Heap Blocks": 66507,"Lossy Heap Blocks": 0,"Plans": [{"Node Type": "Bitmap Index Scan","Parent Relationship": "Outer","Parallel Aware": false,"Async Capable": false,"Index Name": "idx_lineitem_shipdate","Startup Cost": 0.00,"Total Cost": 6026.34,"Plan Rows": 236991,"Plan Width": 0,"Actual Startup Time": 36.697,"Actual Total Time": 36.700,"Actual Rows": 225457,"Actual Loops": 1,"Index Cond": "((l_shipdate >= '1993-04-01'::date) AND (l_shipdate < '1993-07-01 00:00:00'::timestamp without time zone))"}]}]}]}]}]},"Planning Time": 4.174,"Triggers": [],"Execution Time": 1900.156}]
[{"Plan": {"Node Type": "Merge Join","Parallel Aware": false,"Async Capable": false,"Join Type": "Inner","Startup Cost": 249277.04,"Total Cost": 249797.93,"Plan Rows": 50,"Plan Width": 103,"Actual Startup Time": 2090.773,"Actual Total Time": 2090.807,"Actual Rows": 1,"Actual Loops": 1,"Inner Unique": true,"Merge Cond": "(supplier.s_suppkey = revenue0.supplier_no)","Plans": [{"Node Type": "Aggregate","Strategy": "Plain","Partial Mode": "Simple","Parent Relationship": "InitPlan","Subplan Name": "InitPlan 1 (returns $0)","Parallel Aware": false,"Async Capable": false,"Startup Cost": 124687.45,"Total Cost": 124687.46,"Plan Rows": 1,"Plan Width": 32,"Actual Startup Time": 953.148,"Actual Total Time": 953.160,"Actual Rows": 1,"Actual Loops": 1,"Plans": [{"Node Type": "Aggregate","Strategy": "Hashed","Partial Mode": "Simple","Parent Relationship": "Outer","Parallel Aware": false,"Async Capable": false,"Startup Cost": 124437.28,"Total Cost": 124562.36,"Plan Rows": 10007,"Plan Width": 36,"Actual Startup Time": 945.306,"Actual Total Time": 952.561,"Actual Rows": 10000,"Actual Loops": 1,"Group Key": ["lineitem_1.l_suppkey"],"Planned Partitions": 0,"HashAgg Batches": 1,"Peak Memory Usage": 4497,"Disk Usage": 0,"Plans": [{"Node Type": "Bitmap Heap Scan","Parent Relationship": "Outer","Parallel Aware": false,"Async Capable": false,"Relation Name": "lineitem","Alias": "lineitem_1","Startup Cost": 5586.60,"Total Cost": 122261.51,"Plan Rows": 217577,"Plan Width": 16,"Actual Startup Time": 66.133,"Actual Total Time": 797.959,"Actual Rows": 228914,"Actual Loops": 1,"Recheck Cond": "((l_shipdate >= '1996-05-01'::date) AND (l_shipdate < '1996-08-01 00:00:00'::timestamp without time zone))","Rows Removed by Index Recheck": 0,"Exact Heap Blocks": 66981,"Lossy Heap Blocks": 0,"Plans": [{"Node Type": "Bitmap Index Scan","Parent Relationship": "Outer","Parallel Aware": false,"Async Capable": false,"Index Name": "idx_lineitem_shipdate","Startup Cost": 0.00,"Total Cost": 5532.20,"Plan Rows": 217577,"Plan Width": 0,"Actual Startup Time": 52.240,"Actual Total Time": 52.246,"Actual Rows": 228914,"Actual Loops": 1,"Index Cond": "((l_shipdate >= '1996-05-01'::date) AND (l_shipdate < '1996-08-01 00:00:00'::timestamp without time zone))"}]}]}]},{"Node Type": "Index Scan","Parent Relationship": "Outer","Parallel Aware": false,"Async Capable": false,"Scan Direction": "Forward","Index Name": "supplier_pkey","Relation Name": "supplier","Alias": "supplier","Startup Cost": 0.29,"Total Cost": 495.43,"Plan Rows": 10000,"Plan Width": 71,"Actual Startup Time": 0.097,"Actual Total Time": 1.857,"Actual Rows": 985,"Actual Loops": 1},{"Node Type": "Sort","Parent Relationship": "Inner","Parallel Aware": false,"Async Capable": false,"Startup Cost": 124589.29,"Total Cost": 124589.42,"Plan Rows": 50,"Plan Width": 36,"Actual Startup Time": 2088.839,"Actual Total Time": 2088.851,"Actual Rows": 1,"Actual Loops": 1,"Sort Key": ["revenue0.supplier_no"],"Sort Method": "quicksort","Sort Space Used": 25,"Sort Space Type": "Memory","Plans": [{"Node Type": "Subquery Scan","Parent Relationship": "Outer","Parallel Aware": false,"Async Capable": false,"Alias": "revenue0","Startup Cost": 124437.28,"Total Cost": 124587.88,"Plan Rows": 50,"Plan Width": 36,"Actual Startup Time": 2064.047,"Actual Total Time": 2088.796,"Actual Rows": 1,"Actual Loops": 1,"Plans": [{"Node Type": "Aggregate","Strategy": "Hashed","Partial Mode": "Simple","Parent Relationship": "Subquery","Parallel Aware": false,"Async Capable": false,"Startup Cost": 124437.28,"Total Cost": 124587.38,"Plan Rows": 50,"Plan Width": 36,"Actual Startup Time": 2064.039,"Actual Total Time": 2088.776,"Actual Rows": 1,"Actual Loops": 1,"Group Key": ["lineitem.l_suppkey"],"Filter": "(sum((lineitem.l_extendedprice * ('1'::numeric - lineitem.l_discount))) = $0)","Planned Partitions": 0,"HashAgg Batches": 1,"Peak Memory Usage": 4497,"Disk Usage": 0,"Rows Removed by Filter": 9999,"Plans": [{"Node Type": "Bitmap Heap Scan","Parent Relationship": "Outer","Parallel Aware": false,"Async Capable": false,"Relation Name": "lineitem","Alias": "lineitem","Startup Cost": 5586.60,"Total Cost": 122261.51,"Plan Rows": 217577,"Plan Width": 16,"Actual Startup Time": 62.509,"Actual Total Time": 940.636,"Actual Rows": 228914,"Actual Loops": 1,"Recheck Cond": "((l_shipdate >= '1996-05-01'::date) AND (l_shipdate < '1996-08-01 00:00:00'::timestamp without time zone))","Rows Removed by Index Recheck": 0,"Exact Heap Blocks": 66981,"Lossy Heap Blocks": 0,"Plans": [{"Node Type": "Bitmap Index Scan","Parent Relationship": "Outer","Parallel Aware": false,"Async Capable": false,"Index Name": "idx_lineitem_shipdate","Startup Cost": 0.00,"Total Cost": 5532.20,"Plan Rows": 217577,"Plan Width": 0,"Actual Startup Time": 48.884,"Actual Total Time": 48.886,"Actual Rows": 228914,"Actual Loops": 1,"Index Cond": "((l_shipdate >= '1996-05-01'::date) AND (l_shipdate < '1996-08-01 00:00:00'::timestamp without time zone))"}]}]}]}]}]},"Planning Time": 4.074,"Triggers": [],"Execution Time": 2095.321}]
[{"Plan": {"Node Type": "Merge Join","Parallel Aware": false,"Async Capable": false,"Join Type": "Inner","Startup Cost": 248249.45,"Total Cost": 248770.35,"Plan Rows": 50,"Plan Width": 103,"Actual Startup Time": 1933.210,"Actual Total Time": 1933.238,"Actual Rows": 1,"Actual Loops": 1,"Inner Unique": true,"Merge Cond": "(supplier.s_suppkey = revenue0.supplier_no)","Plans": [{"Node Type": "Aggregate","Strategy": "Plain","Partial Mode": "Simple","Parent Relationship": "InitPlan","Subplan Name": "InitPlan 1 (returns $0)","Parallel Aware": false,"Async Capable": false,"Startup Cost": 124173.66,"Total Cost": 124173.67,"Plan Rows": 1,"Plan Width": 32,"Actual Startup Time": 840.754,"Actual Total Time": 840.766,"Actual Rows": 1,"Actual Loops": 1,"Plans": [{"Node Type": "Aggregate","Strategy": "Hashed","Partial Mode": "Simple","Parent Relationship": "Outer","Parallel Aware": false,"Async Capable": false,"Startup Cost": 123923.48,"Total Cost": 124048.57,"Plan Rows": 10007,"Plan Width": 36,"Actual Startup Time": 831.124,"Actual Total Time": 840.175,"Actual Rows": 10000,"Actual Loops": 1,"Group Key": ["lineitem_1.l_suppkey"],"Planned Partitions": 0,"HashAgg Batches": 1,"Peak Memory Usage": 4497,"Disk Usage": 0,"Plans": [{"Node Type": "Bitmap Heap Scan","Parent Relationship": "Outer","Parallel Aware": false,"Async Capable": false,"Relation Name": "lineitem","Alias": "lineitem_1","Startup Cost": 5786.40,"Total Cost": 121669.85,"Plan Rows": 225363,"Plan Width": 16,"Actual Startup Time": 50.816,"Actual Total Time": 670.813,"Actual Rows": 229315,"Actual Loops": 1,"Recheck Cond": "((l_shipdate >= '1994-05-01'::date) AND (l_shipdate < '1994-08-01 00:00:00'::timestamp without time zone))","Rows Removed by Index Recheck": 0,"Exact Heap Blocks": 67035,"Lossy Heap Blocks": 0,"Plans": [{"Node Type": "Bitmap Index Scan","Parent Relationship": "Outer","Parallel Aware": false,"Async Capable": false,"Index Name": "idx_lineitem_shipdate","Startup Cost": 0.00,"Total Cost": 5730.06,"Plan Rows": 225363,"Plan Width": 0,"Actual Startup Time": 37.324,"Actual Total Time": 37.329,"Actual Rows": 229315,"Actual Loops": 1,"Index Cond": "((l_shipdate >= '1994-05-01'::date) AND (l_shipdate < '1994-08-01 00:00:00'::timestamp without time zone))"}]}]}]},{"Node Type": "Index Scan","Parent Relationship": "Outer","Parallel Aware": false,"Async Capable": false,"Scan Direction": "Forward","Index Name": "supplier_pkey","Relation Name": "supplier","Alias": "supplier","Startup Cost": 0.29,"Total Cost": 495.43,"Plan Rows": 10000,"Plan Width": 71,"Actual Startup Time": 0.122,"Actual Total Time": 5.559,"Actual Rows": 3302,"Actual Loops": 1},{"Node Type": "Sort","Parent Relationship": "Inner","Parallel Aware": false,"Async Capable": false,"Startup Cost": 124075.50,"Total Cost": 124075.62,"Plan Rows": 50,"Plan Width": 36,"Actual Startup Time": 1927.428,"Actual Total Time": 1927.436,"Actual Rows": 1,"Actual Loops": 1,"Sort Key": ["revenue0.supplier_no"],"Sort Method": "quicksort","Sort Space Used": 25,"Sort Space Type": "Memory","Plans": [{"Node Type": "Subquery Scan","Parent Relationship": "Outer","Parallel Aware": false,"Async Capable": false,"Alias": "revenue0","Startup Cost": 123923.48,"Total Cost": 124074.09,"Plan Rows": 50,"Plan Width": 36,"Actual Startup Time": 1920.770,"Actual Total Time": 1927.389,"Actual Rows": 1,"Actual Loops": 1,"Plans": [{"Node Type": "Aggregate","Strategy": "Hashed","Partial Mode": "Simple","Parent Relationship": "Subquery","Parallel Aware": false,"Async Capable": false,"Startup Cost": 123923.48,"Total Cost": 124073.59,"Plan Rows": 50,"Plan Width": 36,"Actual Startup Time": 1920.765,"Actual Total Time": 1927.379,"Actual Rows": 1,"Actual Loops": 1,"Group Key": ["lineitem.l_suppkey"],"Filter": "(sum((lineitem.l_extendedprice * ('1'::numeric - lineitem.l_discount))) = $0)","Planned Partitions": 0,"HashAgg Batches": 1,"Peak Memory Usage": 4497,"Disk Usage": 0,"Rows Removed by Filter": 9999,"Plans": [{"Node Type": "Bitmap Heap Scan","Parent Relationship": "Outer","Parallel Aware": false,"Async Capable": false,"Relation Name": "lineitem","Alias": "lineitem","Startup Cost": 5786.40,"Total Cost": 121669.85,"Plan Rows": 225363,"Plan Width": 16,"Actual Startup Time": 48.974,"Actual Total Time": 887.234,"Actual Rows": 229315,"Actual Loops": 1,"Recheck Cond": "((l_shipdate >= '1994-05-01'::date) AND (l_shipdate < '1994-08-01 00:00:00'::timestamp without time zone))","Rows Removed by Index Recheck": 0,"Exact Heap Blocks": 67035,"Lossy Heap Blocks": 0,"Plans": [{"Node Type": "Bitmap Index Scan","Parent Relationship": "Outer","Parallel Aware": false,"Async Capable": false,"Index Name": "idx_lineitem_shipdate","Startup Cost": 0.00,"Total Cost": 5730.06,"Plan Rows": 225363,"Plan Width": 0,"Actual Startup Time": 35.843,"Actual Total Time": 35.843,"Actual Rows": 229315,"Actual Loops": 1,"Index Cond": "((l_shipdate >= '1994-05-01'::date) AND (l_shipdate < '1994-08-01 00:00:00'::timestamp without time zone))"}]}]}]}]}]},"Planning Time": 4.354,"Triggers": [],"Execution Time": 1936.888}]
[{"Plan": {"Node Type": "Merge Join","Parallel Aware": false,"Async Capable": false,"Join Type": "Inner","Startup Cost": 249108.95,"Total Cost": 249629.85,"Plan Rows": 50,"Plan Width": 103,"Actual Startup Time": 2087.724,"Actual Total Time": 2087.761,"Actual Rows": 1,"Actual Loops": 1,"Inner Unique": true,"Merge Cond": "(supplier.s_suppkey = revenue0.supplier_no)","Plans": [{"Node Type": "Aggregate","Strategy": "Plain","Partial Mode": "Simple","Parent Relationship": "InitPlan","Subplan Name": "InitPlan 1 (returns $0)","Parallel Aware": false,"Async Capable": false,"Startup Cost": 124603.41,"Total Cost": 124603.42,"Plan Rows": 1,"Plan Width": 32,"Actual Startup Time": 943.876,"Actual Total Time": 943.892,"Actual Rows": 1,"Actual Loops": 1,"Plans": [{"Node Type": "Aggregate","Strategy": "Hashed","Partial Mode": "Simple","Parent Relationship": "Outer","Parallel Aware": false,"Async Capable": false,"Startup Cost": 124353.23,"Total Cost": 124478.32,"Plan Rows": 10007,"Plan Width": 36,"Actual Startup Time": 936.828,"Actual Total Time": 943.290,"Actual Rows": 10000,"Actual Loops": 1,"Group Key": ["lineitem_1.l_suppkey"],"Planned Partitions": 0,"HashAgg Batches": 1,"Peak Memory Usage": 4497,"Disk Usage": 0,"Plans": [{"Node Type": "Bitmap Heap Scan","Parent Relationship": "Outer","Parallel Aware": false,"Async Capable": false,"Relation Name": "lineitem","Alias": "lineitem_1","Startup Cost": 6004.98,"Total Cost": 122015.13,"Plan Rows": 233810,"Plan Width": 16,"Actual Startup Time": 58.797,"Actual Total Time": 790.100,"Actual Rows": 229794,"Actual Loops": 1,"Recheck Cond": "((l_shipdate >= '1997-08-01'::date) AND (l_shipdate < '1997-11-01 00:00:00'::timestamp without time zone))","Rows Removed by Index Recheck": 0,"Exact Heap Blocks": 67334,"Lossy Heap Blocks": 0,"Plans": [{"Node Type": "Bitmap Index Scan","Parent Relationship": "Outer","Parallel Aware": false,"Async Capable": false,"Index Name": "idx_lineitem_shipdate","Startup Cost": 0.00,"Total Cost": 5946.53,"Plan Rows": 233810,"Plan Width": 0,"Actual Startup Time": 45.013,"Actual Total Time": 45.020,"Actual Rows": 229794,"Actual Loops": 1,"Index Cond": "((l_shipdate >= '1997-08-01'::date) AND (l_shipdate < '1997-11-01 00:00:00'::timestamp without time zone))"}]}]}]},{"Node Type": "Index Scan","Parent Relationship": "Outer","Parallel Aware": false,"Async Capable": false,"Scan Direction": "Forward","Index Name": "supplier_pkey","Relation Name": "supplier","Alias": "supplier","Startup Cost": 0.29,"Total Cost": 495.43,"Plan Rows": 10000,"Plan Width": 71,"Actual Startup Time": 0.109,"Actual Total Time": 13.835,"Actual Rows": 8863,"Actual Loops": 1},{"Node Type": "Sort","Parent Relationship": "Inner","Parallel Aware": false,"Async Capable": false,"Startup Cost": 124505.25,"Total Cost": 124505.37,"Plan Rows": 50,"Plan Width": 36,"Actual Startup Time": 2073.397,"Actual Total Time": 2073.405,"Actual Rows": 1,"Actual Loops": 1,"Sort Key": ["revenue0.supplier_no"],"Sort Method": "quicksort","Sort Space Used": 25,"Sort Space Type": "Memory","Plans": [{"Node Type": "Subquery Scan","Parent Relationship": "Outer","Parallel Aware": false,"Async Capable": false,"Alias": "revenue0","Startup Cost": 124353.23,"Total Cost": 124503.84,"Plan Rows": 50,"Plan Width": 36,"Actual Startup Time": 2063.613,"Actual Total Time": 2073.361,"Actual Rows": 1,"Actual Loops": 1,"Plans": [{"Node Type": "Aggregate","Strategy": "Hashed","Partial Mode": "Simple","Parent Relationship": "Subquery","Parallel Aware": false,"Async Capable": false,"Startup Cost": 124353.23,"Total Cost": 124503.34,"Plan Rows": 50,"Plan Width": 36,"Actual Startup Time": 2063.607,"Actual Total Time": 2073.353,"Actual Rows": 1,"Actual Loops": 1,"Group Key": ["lineitem.l_suppkey"],"Filter": "(sum((lineitem.l_extendedprice * ('1'::numeric - lineitem.l_discount))) = $0)","Planned Partitions": 0,"HashAgg Batches": 1,"Peak Memory Usage": 4497,"Disk Usage": 0,"Rows Removed by Filter": 9999,"Plans": [{"Node Type": "Bitmap Heap Scan","Parent Relationship": "Outer","Parallel Aware": false,"Async Capable": false,"Relation Name": "lineitem","Alias": "lineitem","Startup Cost": 6004.98,"Total Cost": 122015.13,"Plan Rows": 233810,"Plan Width": 16,"Actual Startup Time": 55.239,"Actual Total Time": 931.307,"Actual Rows": 229794,"Actual Loops": 1,"Recheck Cond": "((l_shipdate >= '1997-08-01'::date) AND (l_shipdate < '1997-11-01 00:00:00'::timestamp without time zone))","Rows Removed by Index Recheck": 0,"Exact Heap Blocks": 67334,"Lossy Heap Blocks": 0,"Plans": [{"Node Type": "Bitmap Index Scan","Parent Relationship": "Outer","Parallel Aware": false,"Async Capable": false,"Index Name": "idx_lineitem_shipdate","Startup Cost": 0.00,"Total Cost": 5946.53,"Plan Rows": 233810,"Plan Width": 0,"Actual Startup Time": 41.454,"Actual Total Time": 41.455,"Actual Rows": 229794,"Actual Loops": 1,"Index Cond": "((l_shipdate >= '1997-08-01'::date) AND (l_shipdate < '1997-11-01 00:00:00'::timestamp without time zone))"}]}]}]}]}]},"Planning Time": 5.207,"Triggers": [],"Execution Time": 2094.251}]
[{"Plan": {"Node Type": "Merge Join","Parallel Aware": false,"Async Capable": false,"Join Type": "Inner","Startup Cost": 248837.06,"Total Cost": 249357.95,"Plan Rows": 50,"Plan Width": 103,"Actual Startup Time": 1969.246,"Actual Total Time": 1969.306,"Actual Rows": 1,"Actual Loops": 1,"Inner Unique": true,"Merge Cond": "(supplier.s_suppkey = revenue0.supplier_no)","Plans": [{"Node Type": "Aggregate","Strategy": "Plain","Partial Mode": "Simple","Parent Relationship": "InitPlan","Subplan Name": "InitPlan 1 (returns $0)","Parallel Aware": false,"Async Capable": false,"Startup Cost": 124467.46,"Total Cost": 124467.47,"Plan Rows": 1,"Plan Width": 32,"Actual Startup Time": 899.835,"Actual Total Time": 899.853,"Actual Rows": 1,"Actual Loops": 1,"Plans": [{"Node Type": "Aggregate","Strategy": "Hashed","Partial Mode": "Simple","Parent Relationship": "Outer","Parallel Aware": false,"Async Capable": false,"Startup Cost": 124217.29,"Total Cost": 124342.37,"Plan Rows": 10007,"Plan Width": 36,"Actual Startup Time": 888.951,"Actual Total Time": 899.159,"Actual Rows": 10000,"Actual Loops": 1,"Group Key": ["lineitem_1.l_suppkey"],"Planned Partitions": 0,"HashAgg Batches": 1,"Peak Memory Usage": 4497,"Disk Usage": 0,"Plans": [{"Node Type": "Bitmap Heap Scan","Parent Relationship": "Outer","Parallel Aware": false,"Async Capable": false,"Relation Name": "lineitem","Alias": "lineitem_1","Startup Cost": 5666.73,"Total Cost": 122010.16,"Plan Rows": 220712,"Plan Width": 16,"Actual Startup Time": 50.799,"Actual Total Time": 691.660,"Actual Rows": 227315,"Actual Loops": 1,"Recheck Cond": "((l_shipdate >= '1994-04-01'::date) AND (l_shipdate < '1994-07-01 00:00:00'::timestamp without time zone))","Rows Removed by Index Recheck": 0,"Exact Heap Blocks": 67016,"Lossy Heap Blocks": 0,"Plans": [{"Node Type": "Bitmap Index Scan","Parent Relationship": "Outer","Parallel Aware": false,"Async Capable": false,"Index Name": "idx_lineitem_shipdate","Startup Cost": 0.00,"Total Cost": 5611.55,"Plan Rows": 220712,"Plan Width": 0,"Actual Startup Time": 36.979,"Actual Total Time": 36.992,"Actual Rows": 227315,"Actual Loops": 1,"Index Cond": "((l_shipdate >= '1994-04-01'::date) AND (l_shipdate < '1994-07-01 00:00:00'::timestamp without time zone))"}]}]}]},{"Node Type": "Index Scan","Parent Relationship": "Outer","Parallel Aware": false,"Async Capable": false,"Scan Direction": "Forward","Index Name": "supplier_pkey","Relation Name": "supplier","Alias": "supplier","Startup Cost": 0.29,"Total Cost": 495.43,"Plan Rows": 10000,"Plan Width": 71,"Actual Startup Time": 0.084,"Actual Total Time": 2.331,"Actual Rows": 1360,"Actual Loops": 1},{"Node Type": "Sort","Parent Relationship": "Inner","Parallel Aware": false,"Async Capable": false,"Startup Cost": 124369.30,"Total Cost": 124369.43,"Plan Rows": 50,"Plan Width": 36,"Actual Startup Time": 1966.772,"Actual Total Time": 1966.788,"Actual Rows": 1,"Actual Loops": 1,"Sort Key": ["revenue0.supplier_no"],"Sort Method": "quicksort","Sort Space Used": 25,"Sort Space Type": "Memory","Plans": [{"Node Type": "Subquery Scan","Parent Relationship": "Outer","Parallel Aware": false,"Async Capable": false,"Alias": "revenue0","Startup Cost": 124217.29,"Total Cost": 124367.89,"Plan Rows": 50,"Plan Width": 36,"Actual Startup Time": 1963.574,"Actual Total Time": 1966.737,"Actual Rows": 1,"Actual Loops": 1,"Plans": [{"Node Type": "Aggregate","Strategy": "Hashed","Partial Mode": "Simple","Parent Relationship": "Subquery","Parallel Aware": false,"Async Capable": false,"Startup Cost": 124217.29,"Total Cost": 124367.39,"Plan Rows": 50,"Plan Width": 36,"Actual Startup Time": 1963.555,"Actual Total Time": 1966.695,"Actual Rows": 1,"Actual Loops": 1,"Group Key": ["lineitem.l_suppkey"],"Filter": "(sum((lineitem.l_extendedprice * ('1'::numeric - lineitem.l_discount))) = $0)","Planned Partitions": 0,"HashAgg Batches": 1,"Peak Memory Usage": 4497,"Disk Usage": 0,"Rows Removed by Filter": 9999,"Plans": [{"Node Type": "Bitmap Heap Scan","Parent Relationship": "Outer","Parallel Aware": false,"Async Capable": false,"Relation Name": "lineitem","Alias": "lineitem","Startup Cost": 5666.73,"Total Cost": 122010.16,"Plan Rows": 220712,"Plan Width": 16,"Actual Startup Time": 49.894,"Actual Total Time": 881.952,"Actual Rows": 227315,"Actual Loops": 1,"Recheck Cond": "((l_shipdate >= '1994-04-01'::date) AND (l_shipdate < '1994-07-01 00:00:00'::timestamp without time zone))","Rows Removed by Index Recheck": 0,"Exact Heap Blocks": 67016,"Lossy Heap Blocks": 0,"Plans": [{"Node Type": "Bitmap Index Scan","Parent Relationship": "Outer","Parallel Aware": false,"Async Capable": false,"Index Name": "idx_lineitem_shipdate","Startup Cost": 0.00,"Total Cost": 5611.55,"Plan Rows": 220712,"Plan Width": 0,"Actual Startup Time": 36.453,"Actual Total Time": 36.453,"Actual Rows": 227315,"Actual Loops": 1,"Index Cond": "((l_shipdate >= '1994-04-01'::date) AND (l_shipdate < '1994-07-01 00:00:00'::timestamp without time zone))"}]}]}]}]}]},"Planning Time": 4.191,"Triggers": [],"Execution Time": 1974.742}]
[{"Plan": {"Node Type": "Merge Join","Parallel Aware": false,"Async Capable": false,"Join Type": "Inner","Startup Cost": 248983.50,"Total Cost": 249504.39,"Plan Rows": 50,"Plan Width": 103,"Actual Startup Time": 1938.743,"Actual Total Time": 1938.793,"Actual Rows": 1,"Actual Loops": 1,"Inner Unique": true,"Merge Cond": "(supplier.s_suppkey = revenue0.supplier_no)","Plans": [{"Node Type": "Aggregate","Strategy": "Plain","Partial Mode": "Simple","Parent Relationship": "InitPlan","Subplan Name": "InitPlan 1 (returns $0)","Parallel Aware": false,"Async Capable": false,"Startup Cost": 124540.68,"Total Cost": 124540.69,"Plan Rows": 1,"Plan Width": 32,"Actual Startup Time": 839.155,"Actual Total Time": 839.170,"Actual Rows": 1,"Actual Loops": 1,"Plans": [{"Node Type": "Aggregate","Strategy": "Hashed","Partial Mode": "Simple","Parent Relationship": "Outer","Parallel Aware": false,"Async Capable": false,"Startup Cost": 124290.50,"Total Cost": 124415.59,"Plan Rows": 10007,"Plan Width": 36,"Actual Startup Time": 829.011,"Actual Total Time": 838.572,"Actual Rows": 10000,"Actual Loops": 1,"Group Key": ["lineitem_1.l_suppkey"],"Planned Partitions": 0,"HashAgg Batches": 1,"Peak Memory Usage": 4497,"Disk Usage": 0,"Plans": [{"Node Type": "Bitmap Heap Scan","Parent Relationship": "Outer","Parallel Aware": false,"Async Capable": false,"Relation Name": "lineitem","Alias": "lineitem_1","Startup Cost": 5640.16,"Total Cost": 122093.70,"Plan Rows": 219681,"Plan Width": 16,"Actual Startup Time": 57.904,"Actual Total Time": 668.211,"Actual Rows": 225815,"Actual Loops": 1,"Recheck Cond": "((l_shipdate >= '1996-12-01'::date) AND (l_shipdate < '1997-03-01 00:00:00'::timestamp without time zone))","Rows Removed by Index Recheck": 0,"Exact Heap Blocks": 66669,"Lossy Heap Blocks": 0,"Plans": [{"Node Type": "Bitmap Index Scan","Parent Relationship": "Outer","Parallel Aware": false,"Async Capable": false,"Index Name": "idx_lineitem_shipdate","Startup Cost": 0.00,"Total Cost": 5585.24,"Plan Rows": 219681,"Plan Width": 0,"Actual Startup Time": 44.432,"Actual Total Time": 44.435,"Actual Rows": 225815,"Actual Loops": 1,"Index Cond": "((l_shipdate >= '1996-12-01'::date) AND (l_shipdate < '1997-03-01 00:00:00'::timestamp without time zone))"}]}]}]},{"Node Type": "Index Scan","Parent Relationship": "Outer","Parallel Aware": false,"Async Capable": false,"Scan Direction": "Forward","Index Name": "supplier_pkey","Relation Name": "supplier","Alias": "supplier","Startup Cost": 0.29,"Total Cost": 495.43,"Plan Rows": 10000,"Plan Width": 71,"Actual Startup Time": 0.092,"Actual Total Time": 9.144,"Actual Rows": 5992,"Actual Loops": 1},{"Node Type": "Sort","Parent Relationship": "Inner","Parallel Aware": false,"Async Capable": false,"Startup Cost": 124442.52,"Total Cost": 124442.65,"Plan Rows": 50,"Plan Width": 36,"Actual Startup Time": 1929.238,"Actual Total Time": 1929.255,"Actual Rows": 1,"Actual Loops": 1,"Sort Key": ["revenue0.supplier_no"],"Sort Method": "quicksort","Sort Space Used": 25,"Sort Space Type": "Memory","Plans": [{"Node Type": "Subquery Scan","Parent Relationship": "Outer","Parallel Aware": false,"Async Capable": false,"Alias": "revenue0","Startup Cost": 124290.50,"Total Cost": 124441.11,"Plan Rows": 50,"Plan Width": 36,"Actual Startup Time": 1899.450,"Actual Total Time": 1929.215,"Actual Rows": 1,"Actual Loops": 1,"Plans": [{"Node Type": "Aggregate","Strategy": "Hashed","Partial Mode": "Simple","Parent Relationship": "Subquery","Parallel Aware": false,"Async Capable": false,"Startup Cost": 124290.50,"Total Cost": 124440.61,"Plan Rows": 50,"Plan Width": 36,"Actual Startup Time": 1899.446,"Actual Total Time": 1929.206,"Actual Rows": 1,"Actual Loops": 1,"Group Key": ["lineitem.l_suppkey"],"Filter": "(sum((lineitem.l_extendedprice * ('1'::numeric - lineitem.l_discount))) = $0)","Planned Partitions": 0,"HashAgg Batches": 1,"Peak Memory Usage": 4497,"Disk Usage": 0,"Rows Removed by Filter": 9999,"Plans": [{"Node Type": "Bitmap Heap Scan","Parent Relationship": "Outer","Parallel Aware": false,"Async Capable": false,"Relation Name": "lineitem","Alias": "lineitem","Startup Cost": 5640.16,"Total Cost": 122093.70,"Plan Rows": 219681,"Plan Width": 16,"Actual Startup Time": 57.890,"Actual Total Time": 893.942,"Actual Rows": 225815,"Actual Loops": 1,"Recheck Cond": "((l_shipdate >= '1996-12-01'::date) AND (l_shipdate < '1997-03-01 00:00:00'::timestamp without time zone))","Rows Removed by Index Recheck": 0,"Exact Heap Blocks": 66669,"Lossy Heap Blocks": 0,"Plans": [{"Node Type": "Bitmap Index Scan","Parent Relationship": "Outer","Parallel Aware": false,"Async Capable": false,"Index Name": "idx_lineitem_shipdate","Startup Cost": 0.00,"Total Cost": 5585.24,"Plan Rows": 219681,"Plan Width": 0,"Actual Startup Time": 44.501,"Actual Total Time": 44.501,"Actual Rows": 225815,"Actual Loops": 1,"Index Cond": "((l_shipdate >= '1996-12-01'::date) AND (l_shipdate < '1997-03-01 00:00:00'::timestamp without time zone))"}]}]}]}]}]},"Planning Time": 4.317,"Triggers": [],"Execution Time": 1941.817}]
[{"Plan": {"Node Type": "Merge Join","Parallel Aware": false,"Async Capable": false,"Join Type": "Inner","Startup Cost": 248612.43,"Total Cost": 249133.33,"Plan Rows": 50,"Plan Width": 103,"Actual Startup Time": 2128.903,"Actual Total Time": 2128.970,"Actual Rows": 1,"Actual Loops": 1,"Inner Unique": true,"Merge Cond": "(supplier.s_suppkey = revenue0.supplier_no)","Plans": [{"Node Type": "Aggregate","Strategy": "Plain","Partial Mode": "Simple","Parent Relationship": "InitPlan","Subplan Name": "InitPlan 1 (returns $0)","Parallel Aware": false,"Async Capable": false,"Startup Cost": 124355.15,"Total Cost": 124355.16,"Plan Rows": 1,"Plan Width": 32,"Actual Startup Time": 997.040,"Actual Total Time": 997.066,"Actual Rows": 1,"Actual Loops": 1,"Plans": [{"Node Type": "Aggregate","Strategy": "Hashed","Partial Mode": "Simple","Parent Relationship": "Outer","Parallel Aware": false,"Async Capable": false,"Startup Cost": 124104.97,"Total Cost": 124230.06,"Plan Rows": 10007,"Plan Width": 36,"Actual Startup Time": 989.503,"Actual Total Time": 996.378,"Actual Rows": 10000,"Actual Loops": 1,"Group Key": ["lineitem_1.l_suppkey"],"Planned Partitions": 0,"HashAgg Batches": 1,"Peak Memory Usage": 4497,"Disk Usage": 0,"Plans": [{"Node Type": "Bitmap Heap Scan","Parent Relationship": "Outer","Parallel Aware": false,"Async Capable": false,"Relation Name": "lineitem","Alias": "lineitem_1","Startup Cost": 5878.89,"Total Cost": 121815.74,"Plan Rows": 228923,"Plan Width": 16,"Actual Startup Time": 65.977,"Actual Total Time": 786.278,"Actual Rows": 230590,"Actual Loops": 1,"Recheck Cond": "((l_shipdate >= '1996-08-01'::date) AND (l_shipdate < '1996-11-01 00:00:00'::timestamp without time zone))","Rows Removed by Index Recheck": 0,"Exact Heap Blocks": 67243,"Lossy Heap Blocks": 0,"Plans": [{"Node Type": "Bitmap Index Scan","Parent Relationship": "Outer","Parallel Aware": false,"Async Capable": false,"Index Name": "idx_lineitem_shipdate","Startup Cost": 0.00,"Total Cost": 5821.66,"Plan Rows": 228923,"Plan Width": 0,"Actual Startup Time": 52.072,"Actual Total Time": 52.087,"Actual Rows": 230590,"Actual Loops": 1,"Index Cond": "((l_shipdate >= '1996-08-01'::date) AND (l_shipdate < '1996-11-01 00:00:00'::timestamp without time zone))"}]}]}]},{"Node Type": "Index Scan","Parent Relationship": "Outer","Parallel Aware": false,"Async Capable": false,"Scan Direction": "Forward","Index Name": "supplier_pkey","Relation Name": "supplier","Alias": "supplier","Startup Cost": 0.29,"Total Cost": 495.43,"Plan Rows": 10000,"Plan Width": 71,"Actual Startup Time": 0.125,"Actual Total Time": 9.409,"Actual Rows": 5473,"Actual Loops": 1},{"Node Type": "Sort","Parent Relationship": "Inner","Parallel Aware": false,"Async Capable": false,"Startup Cost": 124256.99,"Total Cost": 124257.11,"Plan Rows": 50,"Plan Width": 36,"Actual Startup Time": 2119.130,"Actual Total Time": 2119.154,"Actual Rows": 1,"Actual Loops": 1,"Sort Key": ["revenue0.supplier_no"],"Sort Method": "quicksort","Sort Space Used": 25,"Sort Space Type": "Memory","Plans": [{"Node Type": "Subquery Scan","Parent Relationship": "Outer","Parallel Aware": false,"Async Capable": false,"Alias": "revenue0","Startup Cost": 124104.97,"Total Cost": 124255.58,"Plan Rows": 50,"Plan Width": 36,"Actual Startup Time": 2117.072,"Actual Total Time": 2119.050,"Actual Rows": 1,"Actual Loops": 1,"Plans": [{"Node Type": "Aggregate","Strategy": "Hashed","Partial Mode": "Simple","Parent Relationship": "Subquery","Parallel Aware": false,"Async Capable": false,"Startup Cost": 124104.97,"Total Cost": 124255.08,"Plan Rows": 50,"Plan Width": 36,"Actual Startup Time": 2117.050,"Actual Total Time": 2118.993,"Actual Rows": 1,"Actual Loops": 1,"Group Key": ["lineitem.l_suppkey"],"Filter": "(sum((lineitem.l_extendedprice * ('1'::numeric - lineitem.l_discount))) = $0)","Planned Partitions": 0,"HashAgg Batches": 1,"Peak Memory Usage": 4497,"Disk Usage": 0,"Rows Removed by Filter": 9999,"Plans": [{"Node Type": "Bitmap Heap Scan","Parent Relationship": "Outer","Parallel Aware": false,"Async Capable": false,"Relation Name": "lineitem","Alias": "lineitem","Startup Cost": 5878.89,"Total Cost": 121815.74,"Plan Rows": 228923,"Plan Width": 16,"Actual Startup Time": 62.576,"Actual Total Time": 942.310,"Actual Rows": 230590,"Actual Loops": 1,"Recheck Cond": "((l_shipdate >= '1996-08-01'::date) AND (l_shipdate < '1996-11-01 00:00:00'::timestamp without time zone))","Rows Removed by Index Recheck": 0,"Exact Heap Blocks": 67243,"Lossy Heap Blocks": 0,"Plans": [{"Node Type": "Bitmap Index Scan","Parent Relationship": "Outer","Parallel Aware": false,"Async Capable": false,"Index Name": "idx_lineitem_shipdate","Startup Cost": 0.00,"Total Cost": 5821.66,"Plan Rows": 228923,"Plan Width": 0,"Actual Startup Time": 48.784,"Actual Total Time": 48.785,"Actual Rows": 230590,"Actual Loops": 1,"Index Cond": "((l_shipdate >= '1996-08-01'::date) AND (l_shipdate < '1996-11-01 00:00:00'::timestamp without time zone))"}]}]}]}]}]},"Planning Time": 4.845,"Triggers": [],"Execution Time": 2134.422}]
[{"Plan": {"Node Type": "Merge Join","Parallel Aware": false,"Async Capable": false,"Join Type": "Inner","Startup Cost": 249071.51,"Total Cost": 249592.41,"Plan Rows": 50,"Plan Width": 103,"Actual Startup Time": 2110.599,"Actual Total Time": 2110.677,"Actual Rows": 1,"Actual Loops": 1,"Inner Unique": true,"Merge Cond": "(supplier.s_suppkey = revenue0.supplier_no)","Plans": [{"Node Type": "Aggregate","Strategy": "Plain","Partial Mode": "Simple","Parent Relationship": "InitPlan","Subplan Name": "InitPlan 1 (returns $0)","Parallel Aware": false,"Async Capable": false,"Startup Cost": 124584.69,"Total Cost": 124584.70,"Plan Rows": 1,"Plan Width": 32,"Actual Startup Time": 993.769,"Actual Total Time": 993.795,"Actual Rows": 1,"Actual Loops": 1,"Plans": [{"Node Type": "Aggregate","Strategy": "Hashed","Partial Mode": "Simple","Parent Relationship": "Outer","Parallel Aware": false,"Async Capable": false,"Startup Cost": 124334.51,"Total Cost": 124459.60,"Plan Rows": 10007,"Plan Width": 36,"Actual Startup Time": 986.871,"Actual Total Time": 993.109,"Actual Rows": 10000,"Actual Loops": 1,"Group Key": ["lineitem_1.l_suppkey"],"Planned Partitions": 0,"HashAgg Batches": 1,"Peak Memory Usage": 4497,"Disk Usage": 0,"Plans": [{"Node Type": "Bitmap Heap Scan","Parent Relationship": "Outer","Parallel Aware": false,"Async Capable": false,"Relation Name": "lineitem","Alias": "lineitem_1","Startup Cost": 5625.90,"Total Cost": 122143.81,"Plan Rows": 219070,"Plan Width": 16,"Actual Startup Time": 58.722,"Actual Total Time": 774.337,"Actual Rows": 229004,"Actual Loops": 1,"Recheck Cond": "((l_shipdate >= '1993-11-01'::date) AND (l_shipdate < '1994-02-01 00:00:00'::timestamp without time zone))","Rows Removed by Index Recheck": 0,"Exact Heap Blocks": 67131,"Lossy Heap Blocks": 0,"Plans": [{"Node Type": "Bitmap Index Scan","Parent Relationship": "Outer","Parallel Aware": false,"Async Capable": false,"Index Name": "idx_lineitem_shipdate","Startup Cost": 0.00,"Total Cost": 5571.13,"Plan Rows": 219070,"Plan Width": 0,"Actual Startup Time": 44.914,"Actual Total Time": 44.935,"Actual Rows": 229004,"Actual Loops": 1,"Index Cond": "((l_shipdate >= '1993-11-01'::date) AND (l_shipdate < '1994-02-01 00:00:00'::timestamp without time zone))"}]}]}]},{"Node Type": "Index Scan","Parent Relationship": "Outer","Parallel Aware": false,"Async Capable": false,"Scan Direction": "Forward","Index Name": "supplier_pkey","Relation Name": "supplier","Alias": "supplier","Startup Cost": 0.29,"Total Cost": 495.43,"Plan Rows": 10000,"Plan Width": 71,"Actual Startup Time": 0.107,"Actual Total Time": 9.434,"Actual Rows": 5487,"Actual Loops": 1},{"Node Type": "Sort","Parent Relationship": "Inner","Parallel Aware": false,"Async Capable": false,"Startup Cost": 124486.53,"Total Cost": 124486.65,"Plan Rows": 50,"Plan Width": 36,"Actual Startup Time": 2100.793,"Actual Total Time": 2100.813,"Actual Rows": 1,"Actual Loops": 1,"Sort Key": ["revenue0.supplier_no"],"Sort Method": "quicksort","Sort Space Used": 25,"Sort Space Type": "Memory","Plans": [{"Node Type": "Subquery Scan","Parent Relationship": "Outer","Parallel Aware": false,"Async Capable": false,"Alias": "revenue0","Startup Cost": 124334.51,"Total Cost": 124485.12,"Plan Rows": 50,"Plan Width": 36,"Actual Startup Time": 2097.633,"Actual Total Time": 2100.707,"Actual Rows": 1,"Actual Loops": 1,"Plans": [{"Node Type": "Aggregate","Strategy": "Hashed","Partial Mode": "Simple","Parent Relationship": "Subquery","Parallel Aware": false,"Async Capable": false,"Startup Cost": 124334.51,"Total Cost": 124484.62,"Plan Rows": 50,"Plan Width": 36,"Actual Startup Time": 2097.616,"Actual Total Time": 2100.659,"Actual Rows": 1,"Actual Loops": 1,"Group Key": ["lineitem.l_suppkey"],"Filter": "(sum((lineitem.l_extendedprice * ('1'::numeric - lineitem.l_discount))) = $0)","Planned Partitions": 0,"HashAgg Batches": 1,"Peak Memory Usage": 4497,"Disk Usage": 0,"Rows Removed by Filter": 9999,"Plans": [{"Node Type": "Bitmap Heap Scan","Parent Relationship": "Outer","Parallel Aware": false,"Async Capable": false,"Relation Name": "lineitem","Alias": "lineitem","Startup Cost": 5625.90,"Total Cost": 122143.81,"Plan Rows": 219070,"Plan Width": 16,"Actual Startup Time": 54.544,"Actual Total Time": 928.571,"Actual Rows": 229004,"Actual Loops": 1,"Recheck Cond": "((l_shipdate >= '1993-11-01'::date) AND (l_shipdate < '1994-02-01 00:00:00'::timestamp without time zone))","Rows Removed by Index Recheck": 0,"Exact Heap Blocks": 67131,"Lossy Heap Blocks": 0,"Plans": [{"Node Type": "Bitmap Index Scan","Parent Relationship": "Outer","Parallel Aware": false,"Async Capable": false,"Index Name": "idx_lineitem_shipdate","Startup Cost": 0.00,"Total Cost": 5571.13,"Plan Rows": 219070,"Plan Width": 0,"Actual Startup Time": 41.027,"Actual Total Time": 41.029,"Actual Rows": 229004,"Actual Loops": 1,"Index Cond": "((l_shipdate >= '1993-11-01'::date) AND (l_shipdate < '1994-02-01 00:00:00'::timestamp without time zone))"}]}]}]}]}]},"Planning Time": 4.907,"Triggers": [],"Execution Time": 2115.877}]
[{"Plan": {"Node Type": "Merge Join","Parallel Aware": false,"Async Capable": false,"Join Type": "Inner","Startup Cost": 248233.16,"Total Cost": 248754.06,"Plan Rows": 50,"Plan Width": 103,"Actual Startup Time": 2105.260,"Actual Total Time": 2105.296,"Actual Rows": 1,"Actual Loops": 1,"Inner Unique": true,"Merge Cond": "(supplier.s_suppkey = revenue0.supplier_no)","Plans": [{"Node Type": "Aggregate","Strategy": "Plain","Partial Mode": "Simple","Parent Relationship": "InitPlan","Subplan Name": "InitPlan 1 (returns $0)","Parallel Aware": false,"Async Capable": false,"Startup Cost": 124165.51,"Total Cost": 124165.52,"Plan Rows": 1,"Plan Width": 32,"Actual Startup Time": 961.388,"Actual Total Time": 961.403,"Actual Rows": 1,"Actual Loops": 1,"Plans": [{"Node Type": "Aggregate","Strategy": "Hashed","Partial Mode": "Simple","Parent Relationship": "Outer","Parallel Aware": false,"Async Capable": false,"Startup Cost": 123915.34,"Total Cost": 124040.43,"Plan Rows": 10007,"Plan Width": 36,"Actual Startup Time": 954.808,"Actual Total Time": 960.810,"Actual Rows": 10000,"Actual Loops": 1,"Group Key": ["lineitem_1.l_suppkey"],"Planned Partitions": 0,"HashAgg Batches": 1,"Peak Memory Usage": 4497,"Disk Usage": 0,"Plans": [{"Node Type": "Bitmap Heap Scan","Parent Relationship": "Outer","Parallel Aware": false,"Async Capable": false,"Relation Name": "lineitem","Alias": "lineitem_1","Startup Cost": 5773.28,"Total Cost": 121666.71,"Plan Rows": 224863,"Plan Width": 16,"Actual Startup Time": 71.714,"Actual Total Time": 807.278,"Actual Rows": 229559,"Actual Loops": 1,"Recheck Cond": "((l_shipdate >= '1996-07-01'::date) AND (l_shipdate < '1996-10-01 00:00:00'::timestamp without time zone))","Rows Removed by Index Recheck": 0,"Exact Heap Blocks": 67366,"Lossy Heap Blocks": 0,"Plans": [{"Node Type": "Bitmap Index Scan","Parent Relationship": "Outer","Parallel Aware": false,"Async Capable": false,"Index Name": "idx_lineitem_shipdate","Startup Cost": 0.00,"Total Cost": 5717.06,"Plan Rows": 224863,"Plan Width": 0,"Actual Startup Time": 57.516,"Actual Total Time": 57.524,"Actual Rows": 229559,"Actual Loops": 1,"Index Cond": "((l_shipdate >= '1996-07-01'::date) AND (l_shipdate < '1996-10-01 00:00:00'::timestamp without time zone))"}]}]}]},{"Node Type": "Index Scan","Parent Relationship": "Outer","Parallel Aware": false,"Async Capable": false,"Scan Direction": "Forward","Index Name": "supplier_pkey","Relation Name": "supplier","Alias": "supplier","Startup Cost": 0.29,"Total Cost": 495.43,"Plan Rows": 10000,"Plan Width": 71,"Actual Startup Time": 0.107,"Actual Total Time": 1.132,"Actual Rows": 494,"Actual Loops": 1},{"Node Type": "Sort","Parent Relationship": "Inner","Parallel Aware": false,"Async Capable": false,"Startup Cost": 124067.35,"Total Cost": 124067.48,"Plan Rows": 50,"Plan Width": 36,"Actual Startup Time": 2104.066,"Actual Total Time": 2104.076,"Actual Rows": 1,"Actual Loops": 1,"Sort Key": ["revenue0.supplier_no"],"Sort Method": "quicksort","Sort Space Used": 25,"Sort Space Type": "Memory","Plans": [{"Node Type": "Subquery Scan","Parent Relationship": "Outer","Parallel Aware": false,"Async Capable": false,"Alias": "revenue0","Startup Cost": 123915.34,"Total Cost": 124065.94,"Plan Rows": 50,"Plan Width": 36,"Actual Startup Time": 2096.785,"Actual Total Time": 2104.011,"Actual Rows": 1,"Actual Loops": 1,"Plans": [{"Node Type": "Aggregate","Strategy": "Hashed","Partial Mode": "Simple","Parent Relationship": "Subquery","Parallel Aware": false,"Async Capable": false,"Startup Cost": 123915.34,"Total Cost": 124065.44,"Plan Rows": 50,"Plan Width": 36,"Actual Startup Time": 2096.781,"Actual Total Time": 2104.004,"Actual Rows": 1,"Actual Loops": 1,"Group Key": ["lineitem.l_suppkey"],"Filter": "(sum((lineitem.l_extendedprice * ('1'::numeric - lineitem.l_discount))) = $0)","Planned Partitions": 0,"HashAgg Batches": 1,"Peak Memory Usage": 4497,"Disk Usage": 0,"Rows Removed by Filter": 9999,"Plans": [{"Node Type": "Bitmap Heap Scan","Parent Relationship": "Outer","Parallel Aware": false,"Async Capable": false,"Relation Name": "lineitem","Alias": "lineitem","Startup Cost": 5773.28,"Total Cost": 121666.71,"Plan Rows": 224863,"Plan Width": 16,"Actual Startup Time": 68.917,"Actual Total Time": 948.187,"Actual Rows": 229559,"Actual Loops": 1,"Recheck Cond": "((l_shipdate >= '1996-07-01'::date) AND (l_shipdate < '1996-10-01 00:00:00'::timestamp without time zone))","Rows Removed by Index Recheck": 0,"Exact Heap Blocks": 67366,"Lossy Heap Blocks": 0,"Plans": [{"Node Type": "Bitmap Index Scan","Parent Relationship": "Outer","Parallel Aware": false,"Async Capable": false,"Index Name": "idx_lineitem_shipdate","Startup Cost": 0.00,"Total Cost": 5717.06,"Plan Rows": 224863,"Plan Width": 0,"Actual Startup Time": 55.144,"Actual Total Time": 55.147,"Actual Rows": 229559,"Actual Loops": 1,"Index Cond": "((l_shipdate >= '1996-07-01'::date) AND (l_shipdate < '1996-10-01 00:00:00'::timestamp without time zone))"}]}]}]}]}]},"Planning Time": 4.946,"Triggers": [],"Execution Time": 2110.202}]
[{"Plan": {"Node Type": "Merge Join","Parallel Aware": false,"Async Capable": false,"Join Type": "Inner","Startup Cost": 248983.50,"Total Cost": 249504.39,"Plan Rows": 50,"Plan Width": 103,"Actual Startup Time": 1938.743,"Actual Total Time": 1938.793,"Actual Rows": 1,"Actual Loops": 1,"Inner Unique": true,"Merge Cond": "(supplier.s_suppkey = revenue0.supplier_no)","Plans": [{"Node Type": "Aggregate","Strategy": "Plain","Partial Mode": "Simple","Parent Relationship": "InitPlan","Subplan Name": "InitPlan 1 (returns $0)","Parallel Aware": false,"Async Capable": false,"Startup Cost": 124540.68,"Total Cost": 124540.69,"Plan Rows": 1,"Plan Width": 32,"Actual Startup Time": 839.155,"Actual Total Time": 839.170,"Actual Rows": 1,"Actual Loops": 1,"Plans": [{"Node Type": "Aggregate","Strategy": "Hashed","Partial Mode": "Simple","Parent Relationship": "Outer","Parallel Aware": false,"Async Capable": false,"Startup Cost": 124290.50,"Total Cost": 124415.59,"Plan Rows": 10007,"Plan Width": 36,"Actual Startup Time": 829.011,"Actual Total Time": 838.572,"Actual Rows": 10000,"Actual Loops": 1,"Group Key": ["lineitem_1.l_suppkey"],"Planned Partitions": 0,"HashAgg Batches": 1,"Peak Memory Usage": 4497,"Disk Usage": 0,"Plans": [{"Node Type": "Bitmap Heap Scan","Parent Relationship": "Outer","Parallel Aware": false,"Async Capable": false,"Relation Name": "lineitem","Alias": "lineitem_1","Startup Cost": 5640.16,"Total Cost": 122093.70,"Plan Rows": 219681,"Plan Width": 16,"Actual Startup Time": 57.904,"Actual Total Time": 668.211,"Actual Rows": 225815,"Actual Loops": 1,"Recheck Cond": "((l_shipdate >= '1996-12-01'::date) AND (l_shipdate < '1997-03-01 00:00:00'::timestamp without time zone))","Rows Removed by Index Recheck": 0,"Exact Heap Blocks": 66669,"Lossy Heap Blocks": 0,"Plans": [{"Node Type": "Bitmap Index Scan","Parent Relationship": "Outer","Parallel Aware": false,"Async Capable": false,"Index Name": "idx_lineitem_shipdate","Startup Cost": 0.00,"Total Cost": 5585.24,"Plan Rows": 219681,"Plan Width": 0,"Actual Startup Time": 44.432,"Actual Total Time": 44.435,"Actual Rows": 225815,"Actual Loops": 1,"Index Cond": "((l_shipdate >= '1996-12-01'::date) AND (l_shipdate < '1997-03-01 00:00:00'::timestamp without time zone))"}]}]}]},{"Node Type": "Index Scan","Parent Relationship": "Outer","Parallel Aware": false,"Async Capable": false,"Scan Direction": "Forward","Index Name": "supplier_pkey","Relation Name": "supplier","Alias": "supplier","Startup Cost": 0.29,"Total Cost": 495.43,"Plan Rows": 10000,"Plan Width": 71,"Actual Startup Time": 0.092,"Actual Total Time": 9.144,"Actual Rows": 5992,"Actual Loops": 1},{"Node Type": "Sort","Parent Relationship": "Inner","Parallel Aware": false,"Async Capable": false,"Startup Cost": 124442.52,"Total Cost": 124442.65,"Plan Rows": 50,"Plan Width": 36,"Actual Startup Time": 1929.238,"Actual Total Time": 1929.255,"Actual Rows": 1,"Actual Loops": 1,"Sort Key": ["revenue0.supplier_no"],"Sort Method": "quicksort","Sort Space Used": 25,"Sort Space Type": "Memory","Plans": [{"Node Type": "Subquery Scan","Parent Relationship": "Outer","Parallel Aware": false,"Async Capable": false,"Alias": "revenue0","Startup Cost": 124290.50,"Total Cost": 124441.11,"Plan Rows": 50,"Plan Width": 36,"Actual Startup Time": 1899.450,"Actual Total Time": 1929.215,"Actual Rows": 1,"Actual Loops": 1,"Plans": [{"Node Type": "Aggregate","Strategy": "Hashed","Partial Mode": "Simple","Parent Relationship": "Subquery","Parallel Aware": false,"Async Capable": false,"Startup Cost": 124290.50,"Total Cost": 124440.61,"Plan Rows": 50,"Plan Width": 36,"Actual Startup Time": 1899.446,"Actual Total Time": 1929.206,"Actual Rows": 1,"Actual Loops": 1,"Group Key": ["lineitem.l_suppkey"],"Filter": "(sum((lineitem.l_extendedprice * ('1'::numeric - lineitem.l_discount))) = $0)","Planned Partitions": 0,"HashAgg Batches": 1,"Peak Memory Usage": 4497,"Disk Usage": 0,"Rows Removed by Filter": 9999,"Plans": [{"Node Type": "Bitmap Heap Scan","Parent Relationship": "Outer","Parallel Aware": false,"Async Capable": false,"Relation Name": "lineitem","Alias": "lineitem","Startup Cost": 5640.16,"Total Cost": 122093.70,"Plan Rows": 219681,"Plan Width": 16,"Actual Startup Time": 57.890,"Actual Total Time": 893.942,"Actual Rows": 225815,"Actual Loops": 1,"Recheck Cond": "((l_shipdate >= '1996-12-01'::date) AND (l_shipdate < '1997-03-01 00:00:00'::timestamp without time zone))","Rows Removed by Index Recheck": 0,"Exact Heap Blocks": 66669,"Lossy Heap Blocks": 0,"Plans": [{"Node Type": "Bitmap Index Scan","Parent Relationship": "Outer","Parallel Aware": false,"Async Capable": false,"Index Name": "idx_lineitem_shipdate","Startup Cost": 0.00,"Total Cost": 5585.24,"Plan Rows": 219681,"Plan Width": 0,"Actual Startup Time": 44.501,"Actual Total Time": 44.501,"Actual Rows": 225815,"Actual Loops": 1,"Index Cond": "((l_shipdate >= '1996-12-01'::date) AND (l_shipdate < '1997-03-01 00:00:00'::timestamp without time zone))"}]}]}]}]}]},"Planning Time": 4.317,"Triggers": [],"Execution Time": 1941.817}]
[{"Plan": {"Node Type": "Merge Join","Parallel Aware": false,"Async Capable": false,"Join Type": "Inner","Startup Cost": 248718.93,"Total Cost": 249239.83,"Plan Rows": 50,"Plan Width": 103,"Actual Startup Time": 2107.161,"Actual Total Time": 2107.228,"Actual Rows": 1,"Actual Loops": 1,"Inner Unique": true,"Merge Cond": "(supplier.s_suppkey = revenue0.supplier_no)","Plans": [{"Node Type": "Aggregate","Strategy": "Plain","Partial Mode": "Simple","Parent Relationship": "InitPlan","Subplan Name": "InitPlan 1 (returns $0)","Parallel Aware": false,"Async Capable": false,"Startup Cost": 124408.40,"Total Cost": 124408.41,"Plan Rows": 1,"Plan Width": 32,"Actual Startup Time": 1002.061,"Actual Total Time": 1002.085,"Actual Rows": 1,"Actual Loops": 1,"Plans": [{"Node Type": "Aggregate","Strategy": "Hashed","Partial Mode": "Simple","Parent Relationship": "Outer","Parallel Aware": false,"Async Capable": false,"Startup Cost": 124158.22,"Total Cost": 124283.31,"Plan Rows": 10007,"Plan Width": 36,"Actual Startup Time": 992.934,"Actual Total Time": 1001.412,"Actual Rows": 10000,"Actual Loops": 1,"Group Key": ["lineitem_1.l_suppkey"],"Planned Partitions": 0,"HashAgg Batches": 1,"Peak Memory Usage": 4497,"Disk Usage": 0,"Plans": [{"Node Type": "Bitmap Heap Scan","Parent Relationship": "Outer","Parallel Aware": false,"Async Capable": false,"Relation Name": "lineitem","Alias": "lineitem_1","Startup Cost": 5905.73,"Total Cost": 121858.43,"Plan Rows": 229980,"Plan Width": 16,"Actual Startup Time": 59.024,"Actual Total Time": 766.380,"Actual Rows": 223495,"Actual Loops": 1,"Recheck Cond": "((l_shipdate >= '1996-02-01'::date) AND (l_shipdate < '1996-05-01 00:00:00'::timestamp without time zone))","Rows Removed by Index Recheck": 0,"Exact Heap Blocks": 66629,"Lossy Heap Blocks": 0,"Plans": [{"Node Type": "Bitmap Index Scan","Parent Relationship": "Outer","Parallel Aware": false,"Async Capable": false,"Index Name": "idx_lineitem_shipdate","Startup Cost": 0.00,"Total Cost": 5848.23,"Plan Rows": 229980,"Plan Width": 0,"Actual Startup Time": 45.099,"Actual Total Time": 45.117,"Actual Rows": 223495,"Actual Loops": 1,"Index Cond": "((l_shipdate >= '1996-02-01'::date) AND (l_shipdate < '1996-05-01 00:00:00'::timestamp without time zone))"}]}]}]},{"Node Type": "Index Scan","Parent Relationship": "Outer","Parallel Aware": false,"Async Capable": false,"Scan Direction": "Forward","Index Name": "supplier_pkey","Relation Name": "supplier","Alias": "supplier","Startup Cost": 0.29,"Total Cost": 495.43,"Plan Rows": 10000,"Plan Width": 71,"Actual Startup Time": 0.089,"Actual Total Time": 1.935,"Actual Rows": 939,"Actual Loops": 1},{"Node Type": "Sort","Parent Relationship": "Inner","Parallel Aware": false,"Async Capable": false,"Startup Cost": 124310.24,"Total Cost": 124310.37,"Plan Rows": 50,"Plan Width": 36,"Actual Startup Time": 2105.094,"Actual Total Time": 2105.129,"Actual Rows": 1,"Actual Loops": 1,"Sort Key": ["revenue0.supplier_no"],"Sort Method": "quicksort","Sort Space Used": 25,"Sort Space Type": "Memory","Plans": [{"Node Type": "Subquery Scan","Parent Relationship": "Outer","Parallel Aware": false,"Async Capable": false,"Alias": "revenue0","Startup Cost": 124158.22,"Total Cost": 124308.83,"Plan Rows": 50,"Plan Width": 36,"Actual Startup Time": 2102.538,"Actual Total Time": 2105.041,"Actual Rows": 1,"Actual Loops": 1,"Plans": [{"Node Type": "Aggregate","Strategy": "Hashed","Partial Mode": "Simple","Parent Relationship": "Subquery","Parallel Aware": false,"Async Capable": false,"Startup Cost": 124158.22,"Total Cost": 124308.33,"Plan Rows": 50,"Plan Width": 36,"Actual Startup Time": 2102.523,"Actual Total Time": 2105.002,"Actual Rows": 1,"Actual Loops": 1,"Group Key": ["lineitem.l_suppkey"],"Filter": "(sum((lineitem.l_extendedprice * ('1'::numeric - lineitem.l_discount))) = $0)","Planned Partitions": 0,"HashAgg Batches": 1,"Peak Memory Usage": 4497,"Disk Usage": 0,"Rows Removed by Filter": 9999,"Plans": [{"Node Type": "Bitmap Heap Scan","Parent Relationship": "Outer","Parallel Aware": false,"Async Capable": false,"Relation Name": "lineitem","Alias": "lineitem","Startup Cost": 5905.73,"Total Cost": 121858.43,"Plan Rows": 229980,"Plan Width": 16,"Actual Startup Time": 54.609,"Actual Total Time": 923.384,"Actual Rows": 223495,"Actual Loops": 1,"Recheck Cond": "((l_shipdate >= '1996-02-01'::date) AND (l_shipdate < '1996-05-01 00:00:00'::timestamp without time zone))","Rows Removed by Index Recheck": 0,"Exact Heap Blocks": 66629,"Lossy Heap Blocks": 0,"Plans": [{"Node Type": "Bitmap Index Scan","Parent Relationship": "Outer","Parallel Aware": false,"Async Capable": false,"Index Name": "idx_lineitem_shipdate","Startup Cost": 0.00,"Total Cost": 5848.23,"Plan Rows": 229980,"Plan Width": 0,"Actual Startup Time": 41.080,"Actual Total Time": 41.096,"Actual Rows": 223495,"Actual Loops": 1,"Index Cond": "((l_shipdate >= '1996-02-01'::date) AND (l_shipdate < '1996-05-01 00:00:00'::timestamp without time zone))"}]}]}]}]}]},"Planning Time": 5.322,"Triggers": [],"Execution Time": 2112.257}]
[{"Plan": {"Node Type": "Merge Join","Parallel Aware": false,"Async Capable": false,"Join Type": "Inner","Startup Cost": 248551.02,"Total Cost": 249071.91,"Plan Rows": 50,"Plan Width": 103,"Actual Startup Time": 2077.002,"Actual Total Time": 2077.041,"Actual Rows": 1,"Actual Loops": 1,"Inner Unique": true,"Merge Cond": "(supplier.s_suppkey = revenue0.supplier_no)","Plans": [{"Node Type": "Aggregate","Strategy": "Plain","Partial Mode": "Simple","Parent Relationship": "InitPlan","Subplan Name": "InitPlan 1 (returns $0)","Parallel Aware": false,"Async Capable": false,"Startup Cost": 124324.44,"Total Cost": 124324.45,"Plan Rows": 1,"Plan Width": 32,"Actual Startup Time": 940.828,"Actual Total Time": 940.836,"Actual Rows": 1,"Actual Loops": 1,"Plans": [{"Node Type": "Aggregate","Strategy": "Hashed","Partial Mode": "Simple","Parent Relationship": "Outer","Parallel Aware": false,"Async Capable": false,"Startup Cost": 124074.27,"Total Cost": 124199.35,"Plan Rows": 10007,"Plan Width": 36,"Actual Startup Time": 933.956,"Actual Total Time": 940.235,"Actual Rows": 10000,"Actual Loops": 1,"Group Key": ["lineitem_1.l_suppkey"],"Planned Partitions": 0,"HashAgg Batches": 1,"Peak Memory Usage": 4497,"Disk Usage": 0,"Plans": [{"Node Type": "Bitmap Heap Scan","Parent Relationship": "Outer","Parallel Aware": false,"Async Capable": false,"Relation Name": "lineitem","Alias": "lineitem_1","Startup Cost": 5864.29,"Total Cost": 121791.48,"Plan Rows": 228279,"Plan Width": 16,"Actual Startup Time": 57.693,"Actual Total Time": 782.351,"Actual Rows": 227548,"Actual Loops": 1,"Recheck Cond": "((l_shipdate >= '1993-09-01'::date) AND (l_shipdate < '1993-12-01 00:00:00'::timestamp without time zone))","Rows Removed by Index Recheck": 0,"Exact Heap Blocks": 67057,"Lossy Heap Blocks": 0,"Plans": [{"Node Type": "Bitmap Index Scan","Parent Relationship": "Outer","Parallel Aware": false,"Async Capable": false,"Index Name": "idx_lineitem_shipdate","Startup Cost": 0.00,"Total Cost": 5807.22,"Plan Rows": 228279,"Plan Width": 0,"Actual Startup Time": 43.540,"Actual Total Time": 43.543,"Actual Rows": 227548,"Actual Loops": 1,"Index Cond": "((l_shipdate >= '1993-09-01'::date) AND (l_shipdate < '1993-12-01 00:00:00'::timestamp without time zone))"}]}]}]},{"Node Type": "Index Scan","Parent Relationship": "Outer","Parallel Aware": false,"Async Capable": false,"Scan Direction": "Forward","Index Name": "supplier_pkey","Relation Name": "supplier","Alias": "supplier","Startup Cost": 0.29,"Total Cost": 495.43,"Plan Rows": 10000,"Plan Width": 71,"Actual Startup Time": 0.062,"Actual Total Time": 10.969,"Actual Rows": 6952,"Actual Loops": 1},{"Node Type": "Sort","Parent Relationship": "Inner","Parallel Aware": false,"Async Capable": false,"Startup Cost": 124226.28,"Total Cost": 124226.41,"Plan Rows": 50,"Plan Width": 36,"Actual Startup Time": 2065.641,"Actual Total Time": 2065.657,"Actual Rows": 1,"Actual Loops": 1,"Sort Key": ["revenue0.supplier_no"],"Sort Method": "quicksort","Sort Space Used": 25,"Sort Space Type": "Memory","Plans": [{"Node Type": "Subquery Scan","Parent Relationship": "Outer","Parallel Aware": false,"Async Capable": false,"Alias": "revenue0","Startup Cost": 124074.27,"Total Cost": 124224.87,"Plan Rows": 50,"Plan Width": 36,"Actual Startup Time": 2050.272,"Actual Total Time": 2065.610,"Actual Rows": 1,"Actual Loops": 1,"Plans": [{"Node Type": "Aggregate","Strategy": "Hashed","Partial Mode": "Simple","Parent Relationship": "Subquery","Parallel Aware": false,"Async Capable": false,"Startup Cost": 124074.27,"Total Cost": 124224.37,"Plan Rows": 50,"Plan Width": 36,"Actual Startup Time": 2050.266,"Actual Total Time": 2065.591,"Actual Rows": 1,"Actual Loops": 1,"Group Key": ["lineitem.l_suppkey"],"Filter": "(sum((lineitem.l_extendedprice * ('1'::numeric - lineitem.l_discount))) = $0)","Planned Partitions": 0,"HashAgg Batches": 1,"Peak Memory Usage": 4497,"Disk Usage": 0,"Rows Removed by Filter": 9999,"Plans": [{"Node Type": "Bitmap Heap Scan","Parent Relationship": "Outer","Parallel Aware": false,"Async Capable": false,"Relation Name": "lineitem","Alias": "lineitem","Startup Cost": 5864.29,"Total Cost": 121791.48,"Plan Rows": 228279,"Plan Width": 16,"Actual Startup Time": 56.453,"Actual Total Time": 929.176,"Actual Rows": 227548,"Actual Loops": 1,"Recheck Cond": "((l_shipdate >= '1993-09-01'::date) AND (l_shipdate < '1993-12-01 00:00:00'::timestamp without time zone))","Rows Removed by Index Recheck": 0,"Exact Heap Blocks": 67057,"Lossy Heap Blocks": 0,"Plans": [{"Node Type": "Bitmap Index Scan","Parent Relationship": "Outer","Parallel Aware": false,"Async Capable": false,"Index Name": "idx_lineitem_shipdate","Startup Cost": 0.00,"Total Cost": 5807.22,"Plan Rows": 228279,"Plan Width": 0,"Actual Startup Time": 42.721,"Actual Total Time": 42.723,"Actual Rows": 227548,"Actual Loops": 1,"Index Cond": "((l_shipdate >= '1993-09-01'::date) AND (l_shipdate < '1993-12-01 00:00:00'::timestamp without time zone))"}]}]}]}]}]},"Planning Time": 4.464,"Triggers": [],"Execution Time": 2081.593}]
[{"Plan": {"Node Type": "Merge Join","Parallel Aware": false,"Async Capable": false,"Join Type": "Inner","Startup Cost": 248716.76,"Total Cost": 249237.66,"Plan Rows": 50,"Plan Width": 103,"Actual Startup Time": 1990.692,"Actual Total Time": 1990.747,"Actual Rows": 1,"Actual Loops": 1,"Inner Unique": true,"Merge Cond": "(supplier.s_suppkey = revenue0.supplier_no)","Plans": [{"Node Type": "Aggregate","Strategy": "Plain","Partial Mode": "Simple","Parent Relationship": "InitPlan","Subplan Name": "InitPlan 1 (returns $0)","Parallel Aware": false,"Async Capable": false,"Startup Cost": 124407.31,"Total Cost": 124407.32,"Plan Rows": 1,"Plan Width": 32,"Actual Startup Time": 912.658,"Actual Total Time": 912.682,"Actual Rows": 1,"Actual Loops": 1,"Plans": [{"Node Type": "Aggregate","Strategy": "Hashed","Partial Mode": "Simple","Parent Relationship": "Outer","Parallel Aware": false,"Async Capable": false,"Startup Cost": 124157.14,"Total Cost": 124282.22,"Plan Rows": 10007,"Plan Width": 36,"Actual Startup Time": 906.053,"Actual Total Time": 912.012,"Actual Rows": 10000,"Actual Loops": 1,"Group Key": ["lineitem_1.l_suppkey"],"Planned Partitions": 0,"HashAgg Batches": 1,"Peak Memory Usage": 4497,"Disk Usage": 0,"Plans": [{"Node Type": "Bitmap Heap Scan","Parent Relationship": "Outer","Parallel Aware": false,"Async Capable": false,"Relation Name": "lineitem","Alias": "lineitem_1","Startup Cost": 5905.41,"Total Cost": 121857.64,"Plan Rows": 229949,"Plan Width": 16,"Actual Startup Time": 50.167,"Actual Total Time": 694.084,"Actual Rows": 228979,"Actual Loops": 1,"Recheck Cond": "((l_shipdate >= '1995-04-01'::date) AND (l_shipdate < '1995-07-01 00:00:00'::timestamp without time zone))","Rows Removed by Index Recheck": 0,"Exact Heap Blocks": 67322,"Lossy Heap Blocks": 0,"Plans": [{"Node Type": "Bitmap Index Scan","Parent Relationship": "Outer","Parallel Aware": false,"Async Capable": false,"Index Name": "idx_lineitem_shipdate","Startup Cost": 0.00,"Total Cost": 5847.92,"Plan Rows": 229949,"Plan Width": 0,"Actual Startup Time": 36.579,"Actual Total Time": 36.594,"Actual Rows": 228979,"Actual Loops": 1,"Index Cond": "((l_shipdate >= '1995-04-01'::date) AND (l_shipdate < '1995-07-01 00:00:00'::timestamp without time zone))"}]}]}]},{"Node Type": "Index Scan","Parent Relationship": "Outer","Parallel Aware": false,"Async Capable": false,"Scan Direction": "Forward","Index Name": "supplier_pkey","Relation Name": "supplier","Alias": "supplier","Startup Cost": 0.29,"Total Cost": 495.43,"Plan Rows": 10000,"Plan Width": 71,"Actual Startup Time": 0.097,"Actual Total Time": 1.843,"Actual Rows": 983,"Actual Loops": 1},{"Node Type": "Sort","Parent Relationship": "Inner","Parallel Aware": false,"Async Capable": false,"Startup Cost": 124309.15,"Total Cost": 124309.28,"Plan Rows": 50,"Plan Width": 36,"Actual Startup Time": 1988.729,"Actual Total Time": 1988.742,"Actual Rows": 1,"Actual Loops": 1,"Sort Key": ["revenue0.supplier_no"],"Sort Method": "quicksort","Sort Space Used": 25,"Sort Space Type": "Memory","Plans": [{"Node Type": "Subquery Scan","Parent Relationship": "Outer","Parallel Aware": false,"Async Capable": false,"Alias": "revenue0","Startup Cost": 124157.14,"Total Cost": 124307.74,"Plan Rows": 50,"Plan Width": 36,"Actual Startup Time": 1987.287,"Actual Total Time": 1988.674,"Actual Rows": 1,"Actual Loops": 1,"Plans": [{"Node Type": "Aggregate","Strategy": "Hashed","Partial Mode": "Simple","Parent Relationship": "Subquery","Parallel Aware": false,"Async Capable": false,"Startup Cost": 124157.14,"Total Cost": 124307.24,"Plan Rows": 50,"Plan Width": 36,"Actual Startup Time": 1987.273,"Actual Total Time": 1988.637,"Actual Rows": 1,"Actual Loops": 1,"Group Key": ["lineitem.l_suppkey"],"Filter": "(sum((lineitem.l_extendedprice * ('1'::numeric - lineitem.l_discount))) = $0)","Planned Partitions": 0,"HashAgg Batches": 1,"Peak Memory Usage": 4497,"Disk Usage": 0,"Rows Removed by Filter": 9999,"Plans": [{"Node Type": "Bitmap Heap Scan","Parent Relationship": "Outer","Parallel Aware": false,"Async Capable": false,"Relation Name": "lineitem","Alias": "lineitem","Startup Cost": 5905.41,"Total Cost": 121857.64,"Plan Rows": 229949,"Plan Width": 16,"Actual Startup Time": 50.252,"Actual Total Time": 888.847,"Actual Rows": 228979,"Actual Loops": 1,"Recheck Cond": "((l_shipdate >= '1995-04-01'::date) AND (l_shipdate < '1995-07-01 00:00:00'::timestamp without time zone))","Rows Removed by Index Recheck": 0,"Exact Heap Blocks": 67322,"Lossy Heap Blocks": 0,"Plans": [{"Node Type": "Bitmap Index Scan","Parent Relationship": "Outer","Parallel Aware": false,"Async Capable": false,"Index Name": "idx_lineitem_shipdate","Startup Cost": 0.00,"Total Cost": 5847.92,"Plan Rows": 229949,"Plan Width": 0,"Actual Startup Time": 36.820,"Actual Total Time": 36.820,"Actual Rows": 228979,"Actual Loops": 1,"Index Cond": "((l_shipdate >= '1995-04-01'::date) AND (l_shipdate < '1995-07-01 00:00:00'::timestamp without time zone))"}]}]}]}]}]},"Planning Time": 4.044,"Triggers": [],"Execution Time": 1996.677}]
[{"Plan": {"Node Type": "Merge Join","Parallel Aware": false,"Async Capable": false,"Join Type": "Inner","Startup Cost": 249295.94,"Total Cost": 249816.84,"Plan Rows": 50,"Plan Width": 103,"Actual Startup Time": 2107.893,"Actual Total Time": 2107.941,"Actual Rows": 1,"Actual Loops": 1,"Inner Unique": true,"Merge Cond": "(supplier.s_suppkey = revenue0.supplier_no)","Plans": [{"Node Type": "Aggregate","Strategy": "Plain","Partial Mode": "Simple","Parent Relationship": "InitPlan","Subplan Name": "InitPlan 1 (returns $0)","Parallel Aware": false,"Async Capable": false,"Startup Cost": 124696.90,"Total Cost": 124696.91,"Plan Rows": 1,"Plan Width": 32,"Actual Startup Time": 955.446,"Actual Total Time": 955.454,"Actual Rows": 1,"Actual Loops": 1,"Plans": [{"Node Type": "Aggregate","Strategy": "Hashed","Partial Mode": "Simple","Parent Relationship": "Outer","Parallel Aware": false,"Async Capable": false,"Startup Cost": 124446.73,"Total Cost": 124571.81,"Plan Rows": 10007,"Plan Width": 36,"Actual Startup Time": 947.982,"Actual Total Time": 954.846,"Actual Rows": 10000,"Actual Loops": 1,"Group Key": ["lineitem_1.l_suppkey"],"Planned Partitions": 0,"HashAgg Batches": 1,"Peak Memory Usage": 4497,"Disk Usage": 0,"Plans": [{"Node Type": "Bitmap Heap Scan","Parent Relationship": "Outer","Parallel Aware": false,"Async Capable": false,"Relation Name": "lineitem","Alias": "lineitem_1","Startup Cost": 6052.03,"Total Cost": 122090.05,"Plan Rows": 235668,"Plan Width": 16,"Actual Startup Time": 70.238,"Actual Total Time": 801.015,"Actual Rows": 228673,"Actual Loops": 1,"Recheck Cond": "((l_shipdate >= '1996-09-01'::date) AND (l_shipdate < '1996-12-01 00:00:00'::timestamp without time zone))","Rows Removed by Index Recheck": 0,"Exact Heap Blocks": 67144,"Lossy Heap Blocks": 0,"Plans": [{"Node Type": "Bitmap Index Scan","Parent Relationship": "Outer","Parallel Aware": false,"Async Capable": false,"Index Name": "idx_lineitem_shipdate","Startup Cost": 0.00,"Total Cost": 5993.11,"Plan Rows": 235668,"Plan Width": 0,"Actual Startup Time": 56.242,"Actual Total Time": 56.247,"Actual Rows": 228673,"Actual Loops": 1,"Index Cond": "((l_shipdate >= '1996-09-01'::date) AND (l_shipdate < '1996-12-01 00:00:00'::timestamp without time zone))"}]}]}]},{"Node Type": "Index Scan","Parent Relationship": "Outer","Parallel Aware": false,"Async Capable": false,"Scan Direction": "Forward","Index Name": "supplier_pkey","Relation Name": "supplier","Alias": "supplier","Startup Cost": 0.29,"Total Cost": 495.43,"Plan Rows": 10000,"Plan Width": 71,"Actual Startup Time": 0.093,"Actual Total Time": 7.858,"Actual Rows": 4994,"Actual Loops": 1},{"Node Type": "Sort","Parent Relationship": "Inner","Parallel Aware": false,"Async Capable": false,"Startup Cost": 124598.74,"Total Cost": 124598.87,"Plan Rows": 50,"Plan Width": 36,"Actual Startup Time": 2099.718,"Actual Total Time": 2099.739,"Actual Rows": 1,"Actual Loops": 1,"Sort Key": ["revenue0.supplier_no"],"Sort Method": "quicksort","Sort Space Used": 25,"Sort Space Type": "Memory","Plans": [{"Node Type": "Subquery Scan","Parent Relationship": "Outer","Parallel Aware": false,"Async Capable": false,"Alias": "revenue0","Startup Cost": 124446.73,"Total Cost": 124597.33,"Plan Rows": 50,"Plan Width": 36,"Actual Startup Time": 2069.111,"Actual Total Time": 2099.684,"Actual Rows": 1,"Actual Loops": 1,"Plans": [{"Node Type": "Aggregate","Strategy": "Hashed","Partial Mode": "Simple","Parent Relationship": "Subquery","Parallel Aware": false,"Async Capable": false,"Startup Cost": 124446.73,"Total Cost": 124596.83,"Plan Rows": 50,"Plan Width": 36,"Actual Startup Time": 2069.102,"Actual Total Time": 2099.662,"Actual Rows": 1,"Actual Loops": 1,"Group Key": ["lineitem.l_suppkey"],"Filter": "(sum((lineitem.l_extendedprice * ('1'::numeric - lineitem.l_discount))) = $0)","Planned Partitions": 0,"HashAgg Batches": 1,"Peak Memory Usage": 4497,"Disk Usage": 0,"Rows Removed by Filter": 9999,"Plans": [{"Node Type": "Bitmap Heap Scan","Parent Relationship": "Outer","Parallel Aware": false,"Async Capable": false,"Relation Name": "lineitem","Alias": "lineitem","Startup Cost": 6052.03,"Total Cost": 122090.05,"Plan Rows": 235668,"Plan Width": 16,"Actual Startup Time": 68.656,"Actual Total Time": 947.522,"Actual Rows": 228673,"Actual Loops": 1,"Recheck Cond": "((l_shipdate >= '1996-09-01'::date) AND (l_shipdate < '1996-12-01 00:00:00'::timestamp without time zone))","Rows Removed by Index Recheck": 0,"Exact Heap Blocks": 67144,"Lossy Heap Blocks": 0,"Plans": [{"Node Type": "Bitmap Index Scan","Parent Relationship": "Outer","Parallel Aware": false,"Async Capable": false,"Index Name": "idx_lineitem_shipdate","Startup Cost": 0.00,"Total Cost": 5993.11,"Plan Rows": 235668,"Plan Width": 0,"Actual Startup Time": 54.893,"Actual Total Time": 54.895,"Actual Rows": 228673,"Actual Loops": 1,"Index Cond": "((l_shipdate >= '1996-09-01'::date) AND (l_shipdate < '1996-12-01 00:00:00'::timestamp without time zone))"}]}]}]}]}]},"Planning Time": 5.183,"Triggers": [],"Execution Time": 2113.434}]
[{"Plan": {"Node Type": "Merge Join","Parallel Aware": false,"Async Capable": false,"Join Type": "Inner","Startup Cost": 249457.74,"Total Cost": 249978.63,"Plan Rows": 50,"Plan Width": 103,"Actual Startup Time": 2127.109,"Actual Total Time": 2127.171,"Actual Rows": 1,"Actual Loops": 1,"Inner Unique": true,"Merge Cond": "(supplier.s_suppkey = revenue0.supplier_no)","Plans": [{"Node Type": "Aggregate","Strategy": "Plain","Partial Mode": "Simple","Parent Relationship": "InitPlan","Subplan Name": "InitPlan 1 (returns $0)","Parallel Aware": false,"Async Capable": false,"Startup Cost": 124777.80,"Total Cost": 124777.81,"Plan Rows": 1,"Plan Width": 32,"Actual Startup Time": 997.906,"Actual Total Time": 997.926,"Actual Rows": 1,"Actual Loops": 1,"Plans": [{"Node Type": "Aggregate","Strategy": "Hashed","Partial Mode": "Simple","Parent Relationship": "Outer","Parallel Aware": false,"Async Capable": false,"Startup Cost": 124527.62,"Total Cost": 124652.71,"Plan Rows": 10007,"Plan Width": 36,"Actual Startup Time": 989.617,"Actual Total Time": 997.244,"Actual Rows": 10000,"Actual Loops": 1,"Group Key": ["lineitem_1.l_suppkey"],"Planned Partitions": 0,"HashAgg Batches": 1,"Peak Memory Usage": 4497,"Disk Usage": 0,"Plans": [{"Node Type": "Bitmap Heap Scan","Parent Relationship": "Outer","Parallel Aware": false,"Async Capable": false,"Relation Name": "lineitem","Alias": "lineitem_1","Startup Cost": 6092.57,"Total Cost": 122154.80,"Plan Rows": 237282,"Plan Width": 16,"Actual Startup Time": 59.269,"Actual Total Time": 782.096,"Actual Rows": 230274,"Actual Loops": 1,"Recheck Cond": "((l_shipdate >= '1997-07-01'::date) AND (l_shipdate < '1997-10-01 00:00:00'::timestamp without time zone))","Rows Removed by Index Recheck": 0,"Exact Heap Blocks": 67274,"Lossy Heap Blocks": 0,"Plans": [{"Node Type": "Bitmap Index Scan","Parent Relationship": "Outer","Parallel Aware": false,"Async Capable": false,"Index Name": "idx_lineitem_shipdate","Startup Cost": 0.00,"Total Cost": 6033.25,"Plan Rows": 237282,"Plan Width": 0,"Actual Startup Time": 45.354,"Actual Total Time": 45.368,"Actual Rows": 230274,"Actual Loops": 1,"Index Cond": "((l_shipdate >= '1997-07-01'::date) AND (l_shipdate < '1997-10-01 00:00:00'::timestamp without time zone))"}]}]}]},{"Node Type": "Index Scan","Parent Relationship": "Outer","Parallel Aware": false,"Async Capable": false,"Scan Direction": "Forward","Index Name": "supplier_pkey","Relation Name": "supplier","Alias": "supplier","Startup Cost": 0.29,"Total Cost": 495.43,"Plan Rows": 10000,"Plan Width": 71,"Actual Startup Time": 0.082,"Actual Total Time": 9.953,"Actual Rows": 5903,"Actual Loops": 1},{"Node Type": "Sort","Parent Relationship": "Inner","Parallel Aware": false,"Async Capable": false,"Startup Cost": 124679.64,"Total Cost": 124679.77,"Plan Rows": 50,"Plan Width": 36,"Actual Startup Time": 2116.784,"Actual Total Time": 2116.821,"Actual Rows": 1,"Actual Loops": 1,"Sort Key": ["revenue0.supplier_no"],"Sort Method": "quicksort","Sort Space Used": 25,"Sort Space Type": "Memory","Plans": [{"Node Type": "Subquery Scan","Parent Relationship": "Outer","Parallel Aware": false,"Async Capable": false,"Alias": "revenue0","Startup Cost": 124527.62,"Total Cost": 124678.23,"Plan Rows": 50,"Plan Width": 36,"Actual Startup Time": 2113.870,"Actual Total Time": 2116.736,"Actual Rows": 1,"Actual Loops": 1,"Plans": [{"Node Type": "Aggregate","Strategy": "Hashed","Partial Mode": "Simple","Parent Relationship": "Subquery","Parallel Aware": false,"Async Capable": false,"Startup Cost": 124527.62,"Total Cost": 124677.73,"Plan Rows": 50,"Plan Width": 36,"Actual Startup Time": 2113.854,"Actual Total Time": 2116.701,"Actual Rows": 1,"Actual Loops": 1,"Group Key": ["lineitem.l_suppkey"],"Filter": "(sum((lineitem.l_extendedprice * ('1'::numeric - lineitem.l_discount))) = $0)","Planned Partitions": 0,"HashAgg Batches": 1,"Peak Memory Usage": 4497,"Disk Usage": 0,"Rows Removed by Filter": 9999,"Plans": [{"Node Type": "Bitmap Heap Scan","Parent Relationship": "Outer","Parallel Aware": false,"Async Capable": false,"Relation Name": "lineitem","Alias": "lineitem","Startup Cost": 6092.57,"Total Cost": 122154.80,"Plan Rows": 237282,"Plan Width": 16,"Actual Startup Time": 54.610,"Actual Total Time": 936.260,"Actual Rows": 230274,"Actual Loops": 1,"Recheck Cond": "((l_shipdate >= '1997-07-01'::date) AND (l_shipdate < '1997-10-01 00:00:00'::timestamp without time zone))","Rows Removed by Index Recheck": 0,"Exact Heap Blocks": 67274,"Lossy Heap Blocks": 0,"Plans": [{"Node Type": "Bitmap Index Scan","Parent Relationship": "Outer","Parallel Aware": false,"Async Capable": false,"Index Name": "idx_lineitem_shipdate","Startup Cost": 0.00,"Total Cost": 6033.25,"Plan Rows": 237282,"Plan Width": 0,"Actual Startup Time": 40.982,"Actual Total Time": 41.009,"Actual Rows": 230274,"Actual Loops": 1,"Index Cond": "((l_shipdate >= '1997-07-01'::date) AND (l_shipdate < '1997-10-01 00:00:00'::timestamp without time zone))"}]}]}]}]}]},"Planning Time": 4.364,"Triggers": [],"Execution Time": 2132.001}]
[{"Plan": {"Node Type": "Merge Join","Parallel Aware": false,"Async Capable": false,"Join Type": "Inner","Startup Cost": 248837.06,"Total Cost": 249357.95,"Plan Rows": 50,"Plan Width": 103,"Actual Startup Time": 1969.246,"Actual Total Time": 1969.306,"Actual Rows": 1,"Actual Loops": 1,"Inner Unique": true,"Merge Cond": "(supplier.s_suppkey = revenue0.supplier_no)","Plans": [{"Node Type": "Aggregate","Strategy": "Plain","Partial Mode": "Simple","Parent Relationship": "InitPlan","Subplan Name": "InitPlan 1 (returns $0)","Parallel Aware": false,"Async Capable": false,"Startup Cost": 124467.46,"Total Cost": 124467.47,"Plan Rows": 1,"Plan Width": 32,"Actual Startup Time": 899.835,"Actual Total Time": 899.853,"Actual Rows": 1,"Actual Loops": 1,"Plans": [{"Node Type": "Aggregate","Strategy": "Hashed","Partial Mode": "Simple","Parent Relationship": "Outer","Parallel Aware": false,"Async Capable": false,"Startup Cost": 124217.29,"Total Cost": 124342.37,"Plan Rows": 10007,"Plan Width": 36,"Actual Startup Time": 888.951,"Actual Total Time": 899.159,"Actual Rows": 10000,"Actual Loops": 1,"Group Key": ["lineitem_1.l_suppkey"],"Planned Partitions": 0,"HashAgg Batches": 1,"Peak Memory Usage": 4497,"Disk Usage": 0,"Plans": [{"Node Type": "Bitmap Heap Scan","Parent Relationship": "Outer","Parallel Aware": false,"Async Capable": false,"Relation Name": "lineitem","Alias": "lineitem_1","Startup Cost": 5666.73,"Total Cost": 122010.16,"Plan Rows": 220712,"Plan Width": 16,"Actual Startup Time": 50.799,"Actual Total Time": 691.660,"Actual Rows": 227315,"Actual Loops": 1,"Recheck Cond": "((l_shipdate >= '1994-04-01'::date) AND (l_shipdate < '1994-07-01 00:00:00'::timestamp without time zone))","Rows Removed by Index Recheck": 0,"Exact Heap Blocks": 67016,"Lossy Heap Blocks": 0,"Plans": [{"Node Type": "Bitmap Index Scan","Parent Relationship": "Outer","Parallel Aware": false,"Async Capable": false,"Index Name": "idx_lineitem_shipdate","Startup Cost": 0.00,"Total Cost": 5611.55,"Plan Rows": 220712,"Plan Width": 0,"Actual Startup Time": 36.979,"Actual Total Time": 36.992,"Actual Rows": 227315,"Actual Loops": 1,"Index Cond": "((l_shipdate >= '1994-04-01'::date) AND (l_shipdate < '1994-07-01 00:00:00'::timestamp without time zone))"}]}]}]},{"Node Type": "Index Scan","Parent Relationship": "Outer","Parallel Aware": false,"Async Capable": false,"Scan Direction": "Forward","Index Name": "supplier_pkey","Relation Name": "supplier","Alias": "supplier","Startup Cost": 0.29,"Total Cost": 495.43,"Plan Rows": 10000,"Plan Width": 71,"Actual Startup Time": 0.084,"Actual Total Time": 2.331,"Actual Rows": 1360,"Actual Loops": 1},{"Node Type": "Sort","Parent Relationship": "Inner","Parallel Aware": false,"Async Capable": false,"Startup Cost": 124369.30,"Total Cost": 124369.43,"Plan Rows": 50,"Plan Width": 36,"Actual Startup Time": 1966.772,"Actual Total Time": 1966.788,"Actual Rows": 1,"Actual Loops": 1,"Sort Key": ["revenue0.supplier_no"],"Sort Method": "quicksort","Sort Space Used": 25,"Sort Space Type": "Memory","Plans": [{"Node Type": "Subquery Scan","Parent Relationship": "Outer","Parallel Aware": false,"Async Capable": false,"Alias": "revenue0","Startup Cost": 124217.29,"Total Cost": 124367.89,"Plan Rows": 50,"Plan Width": 36,"Actual Startup Time": 1963.574,"Actual Total Time": 1966.737,"Actual Rows": 1,"Actual Loops": 1,"Plans": [{"Node Type": "Aggregate","Strategy": "Hashed","Partial Mode": "Simple","Parent Relationship": "Subquery","Parallel Aware": false,"Async Capable": false,"Startup Cost": 124217.29,"Total Cost": 124367.39,"Plan Rows": 50,"Plan Width": 36,"Actual Startup Time": 1963.555,"Actual Total Time": 1966.695,"Actual Rows": 1,"Actual Loops": 1,"Group Key": ["lineitem.l_suppkey"],"Filter": "(sum((lineitem.l_extendedprice * ('1'::numeric - lineitem.l_discount))) = $0)","Planned Partitions": 0,"HashAgg Batches": 1,"Peak Memory Usage": 4497,"Disk Usage": 0,"Rows Removed by Filter": 9999,"Plans": [{"Node Type": "Bitmap Heap Scan","Parent Relationship": "Outer","Parallel Aware": false,"Async Capable": false,"Relation Name": "lineitem","Alias": "lineitem","Startup Cost": 5666.73,"Total Cost": 122010.16,"Plan Rows": 220712,"Plan Width": 16,"Actual Startup Time": 49.894,"Actual Total Time": 881.952,"Actual Rows": 227315,"Actual Loops": 1,"Recheck Cond": "((l_shipdate >= '1994-04-01'::date) AND (l_shipdate < '1994-07-01 00:00:00'::timestamp without time zone))","Rows Removed by Index Recheck": 0,"Exact Heap Blocks": 67016,"Lossy Heap Blocks": 0,"Plans": [{"Node Type": "Bitmap Index Scan","Parent Relationship": "Outer","Parallel Aware": false,"Async Capable": false,"Index Name": "idx_lineitem_shipdate","Startup Cost": 0.00,"Total Cost": 5611.55,"Plan Rows": 220712,"Plan Width": 0,"Actual Startup Time": 36.453,"Actual Total Time": 36.453,"Actual Rows": 227315,"Actual Loops": 1,"Index Cond": "((l_shipdate >= '1994-04-01'::date) AND (l_shipdate < '1994-07-01 00:00:00'::timestamp without time zone))"}]}]}]}]}]},"Planning Time": 4.191,"Triggers": [],"Execution Time": 1974.742}]
[{"Plan": {"Node Type": "Merge Join","Parallel Aware": false,"Async Capable": false,"Join Type": "Inner","Startup Cost": 248233.16,"Total Cost": 248754.06,"Plan Rows": 50,"Plan Width": 103,"Actual Startup Time": 2105.260,"Actual Total Time": 2105.296,"Actual Rows": 1,"Actual Loops": 1,"Inner Unique": true,"Merge Cond": "(supplier.s_suppkey = revenue0.supplier_no)","Plans": [{"Node Type": "Aggregate","Strategy": "Plain","Partial Mode": "Simple","Parent Relationship": "InitPlan","Subplan Name": "InitPlan 1 (returns $0)","Parallel Aware": false,"Async Capable": false,"Startup Cost": 124165.51,"Total Cost": 124165.52,"Plan Rows": 1,"Plan Width": 32,"Actual Startup Time": 961.388,"Actual Total Time": 961.403,"Actual Rows": 1,"Actual Loops": 1,"Plans": [{"Node Type": "Aggregate","Strategy": "Hashed","Partial Mode": "Simple","Parent Relationship": "Outer","Parallel Aware": false,"Async Capable": false,"Startup Cost": 123915.34,"Total Cost": 124040.43,"Plan Rows": 10007,"Plan Width": 36,"Actual Startup Time": 954.808,"Actual Total Time": 960.810,"Actual Rows": 10000,"Actual Loops": 1,"Group Key": ["lineitem_1.l_suppkey"],"Planned Partitions": 0,"HashAgg Batches": 1,"Peak Memory Usage": 4497,"Disk Usage": 0,"Plans": [{"Node Type": "Bitmap Heap Scan","Parent Relationship": "Outer","Parallel Aware": false,"Async Capable": false,"Relation Name": "lineitem","Alias": "lineitem_1","Startup Cost": 5773.28,"Total Cost": 121666.71,"Plan Rows": 224863,"Plan Width": 16,"Actual Startup Time": 71.714,"Actual Total Time": 807.278,"Actual Rows": 229559,"Actual Loops": 1,"Recheck Cond": "((l_shipdate >= '1996-07-01'::date) AND (l_shipdate < '1996-10-01 00:00:00'::timestamp without time zone))","Rows Removed by Index Recheck": 0,"Exact Heap Blocks": 67366,"Lossy Heap Blocks": 0,"Plans": [{"Node Type": "Bitmap Index Scan","Parent Relationship": "Outer","Parallel Aware": false,"Async Capable": false,"Index Name": "idx_lineitem_shipdate","Startup Cost": 0.00,"Total Cost": 5717.06,"Plan Rows": 224863,"Plan Width": 0,"Actual Startup Time": 57.516,"Actual Total Time": 57.524,"Actual Rows": 229559,"Actual Loops": 1,"Index Cond": "((l_shipdate >= '1996-07-01'::date) AND (l_shipdate < '1996-10-01 00:00:00'::timestamp without time zone))"}]}]}]},{"Node Type": "Index Scan","Parent Relationship": "Outer","Parallel Aware": false,"Async Capable": false,"Scan Direction": "Forward","Index Name": "supplier_pkey","Relation Name": "supplier","Alias": "supplier","Startup Cost": 0.29,"Total Cost": 495.43,"Plan Rows": 10000,"Plan Width": 71,"Actual Startup Time": 0.107,"Actual Total Time": 1.132,"Actual Rows": 494,"Actual Loops": 1},{"Node Type": "Sort","Parent Relationship": "Inner","Parallel Aware": false,"Async Capable": false,"Startup Cost": 124067.35,"Total Cost": 124067.48,"Plan Rows": 50,"Plan Width": 36,"Actual Startup Time": 2104.066,"Actual Total Time": 2104.076,"Actual Rows": 1,"Actual Loops": 1,"Sort Key": ["revenue0.supplier_no"],"Sort Method": "quicksort","Sort Space Used": 25,"Sort Space Type": "Memory","Plans": [{"Node Type": "Subquery Scan","Parent Relationship": "Outer","Parallel Aware": false,"Async Capable": false,"Alias": "revenue0","Startup Cost": 123915.34,"Total Cost": 124065.94,"Plan Rows": 50,"Plan Width": 36,"Actual Startup Time": 2096.785,"Actual Total Time": 2104.011,"Actual Rows": 1,"Actual Loops": 1,"Plans": [{"Node Type": "Aggregate","Strategy": "Hashed","Partial Mode": "Simple","Parent Relationship": "Subquery","Parallel Aware": false,"Async Capable": false,"Startup Cost": 123915.34,"Total Cost": 124065.44,"Plan Rows": 50,"Plan Width": 36,"Actual Startup Time": 2096.781,"Actual Total Time": 2104.004,"Actual Rows": 1,"Actual Loops": 1,"Group Key": ["lineitem.l_suppkey"],"Filter": "(sum((lineitem.l_extendedprice * ('1'::numeric - lineitem.l_discount))) = $0)","Planned Partitions": 0,"HashAgg Batches": 1,"Peak Memory Usage": 4497,"Disk Usage": 0,"Rows Removed by Filter": 9999,"Plans": [{"Node Type": "Bitmap Heap Scan","Parent Relationship": "Outer","Parallel Aware": false,"Async Capable": false,"Relation Name": "lineitem","Alias": "lineitem","Startup Cost": 5773.28,"Total Cost": 121666.71,"Plan Rows": 224863,"Plan Width": 16,"Actual Startup Time": 68.917,"Actual Total Time": 948.187,"Actual Rows": 229559,"Actual Loops": 1,"Recheck Cond": "((l_shipdate >= '1996-07-01'::date) AND (l_shipdate < '1996-10-01 00:00:00'::timestamp without time zone))","Rows Removed by Index Recheck": 0,"Exact Heap Blocks": 67366,"Lossy Heap Blocks": 0,"Plans": [{"Node Type": "Bitmap Index Scan","Parent Relationship": "Outer","Parallel Aware": false,"Async Capable": false,"Index Name": "idx_lineitem_shipdate","Startup Cost": 0.00,"Total Cost": 5717.06,"Plan Rows": 224863,"Plan Width": 0,"Actual Startup Time": 55.144,"Actual Total Time": 55.147,"Actual Rows": 229559,"Actual Loops": 1,"Index Cond": "((l_shipdate >= '1996-07-01'::date) AND (l_shipdate < '1996-10-01 00:00:00'::timestamp without time zone))"}]}]}]}]}]},"Planning Time": 4.946,"Triggers": [],"Execution Time": 2110.202}]
[{"Plan": {"Node Type": "Merge Join","Parallel Aware": false,"Async Capable": false,"Join Type": "Inner","Startup Cost": 248978.65,"Total Cost": 249499.55,"Plan Rows": 50,"Plan Width": 103,"Actual Startup Time": 2096.212,"Actual Total Time": 2096.274,"Actual Rows": 1,"Actual Loops": 1,"Inner Unique": true,"Merge Cond": "(supplier.s_suppkey = revenue0.supplier_no)","Plans": [{"Node Type": "Aggregate","Strategy": "Plain","Partial Mode": "Simple","Parent Relationship": "InitPlan","Subplan Name": "InitPlan 1 (returns $0)","Parallel Aware": false,"Async Capable": false,"Startup Cost": 124538.26,"Total Cost": 124538.27,"Plan Rows": 1,"Plan Width": 32,"Actual Startup Time": 983.907,"Actual Total Time": 983.932,"Actual Rows": 1,"Actual Loops": 1,"Plans": [{"Node Type": "Aggregate","Strategy": "Hashed","Partial Mode": "Simple","Parent Relationship": "Outer","Parallel Aware": false,"Async Capable": false,"Startup Cost": 124288.08,"Total Cost": 124413.17,"Plan Rows": 10007,"Plan Width": 36,"Actual Startup Time": 975.922,"Actual Total Time": 983.270,"Actual Rows": 10000,"Actual Loops": 1,"Group Key": ["lineitem_1.l_suppkey"],"Planned Partitions": 0,"HashAgg Batches": 1,"Peak Memory Usage": 4497,"Disk Usage": 0,"Plans": [{"Node Type": "Bitmap Heap Scan","Parent Relationship": "Outer","Parallel Aware": false,"Async Capable": false,"Relation Name": "lineitem","Alias": "lineitem_1","Startup Cost": 5640.42,"Total Cost": 122091.02,"Plan Rows": 219706,"Plan Width": 16,"Actual Startup Time": 58.372,"Actual Total Time": 769.400,"Actual Rows": 224003,"Actual Loops": 1,"Recheck Cond": "((l_shipdate >= '1993-01-01'::date) AND (l_shipdate < '1993-04-01 00:00:00'::timestamp without time zone))","Rows Removed by Index Recheck": 0,"Exact Heap Blocks": 66450,"Lossy Heap Blocks": 0,"Plans": [{"Node Type": "Bitmap Index Scan","Parent Relationship": "Outer","Parallel Aware": false,"Async Capable": false,"Index Name": "idx_lineitem_shipdate","Startup Cost": 0.00,"Total Cost": 5585.49,"Plan Rows": 219706,"Plan Width": 0,"Actual Startup Time": 44.700,"Actual Total Time": 44.716,"Actual Rows": 224003,"Actual Loops": 1,"Index Cond": "((l_shipdate >= '1993-01-01'::date) AND (l_shipdate < '1993-04-01 00:00:00'::timestamp without time zone))"}]}]}]},{"Node Type": "Index Scan","Parent Relationship": "Outer","Parallel Aware": false,"Async Capable": false,"Scan Direction": "Forward","Index Name": "supplier_pkey","Relation Name": "supplier","Alias": "supplier","Startup Cost": 0.29,"Total Cost": 495.43,"Plan Rows": 10000,"Plan Width": 71,"Actual Startup Time": 0.093,"Actual Total Time": 9.121,"Actual Rows": 5369,"Actual Loops": 1},{"Node Type": "Sort","Parent Relationship": "Inner","Parallel Aware": false,"Async Capable": false,"Startup Cost": 124440.10,"Total Cost": 124440.22,"Plan Rows": 50,"Plan Width": 36,"Actual Startup Time": 2086.718,"Actual Total Time": 2086.732,"Actual Rows": 1,"Actual Loops": 1,"Sort Key": ["revenue0.supplier_no"],"Sort Method": "quicksort","Sort Space Used": 25,"Sort Space Type": "Memory","Plans": [{"Node Type": "Subquery Scan","Parent Relationship": "Outer","Parallel Aware": false,"Async Capable": false,"Alias": "revenue0","Startup Cost": 124288.08,"Total Cost": 124438.69,"Plan Rows": 50,"Plan Width": 36,"Actual Startup Time": 2085.226,"Actual Total Time": 2086.666,"Actual Rows": 1,"Actual Loops": 1,"Plans": [{"Node Type": "Aggregate","Strategy": "Hashed","Partial Mode": "Simple","Parent Relationship": "Subquery","Parallel Aware": false,"Async Capable": false,"Startup Cost": 124288.08,"Total Cost": 124438.19,"Plan Rows": 50,"Plan Width": 36,"Actual Startup Time": 2085.209,"Actual Total Time": 2086.627,"Actual Rows": 1,"Actual Loops": 1,"Group Key": ["lineitem.l_suppkey"],"Filter": "(sum((lineitem.l_extendedprice * ('1'::numeric - lineitem.l_discount))) = $0)","Planned Partitions": 0,"HashAgg Batches": 1,"Peak Memory Usage": 4497,"Disk Usage": 0,"Rows Removed by Filter": 9999,"Plans": [{"Node Type": "Bitmap Heap Scan","Parent Relationship": "Outer","Parallel Aware": false,"Async Capable": false,"Relation Name": "lineitem","Alias": "lineitem","Startup Cost": 5640.42,"Total Cost": 122091.02,"Plan Rows": 219706,"Plan Width": 16,"Actual Startup Time": 54.479,"Actual Total Time": 923.475,"Actual Rows": 224003,"Actual Loops": 1,"Recheck Cond": "((l_shipdate >= '1993-01-01'::date) AND (l_shipdate < '1993-04-01 00:00:00'::timestamp without time zone))","Rows Removed by Index Recheck": 0,"Exact Heap Blocks": 66450,"Lossy Heap Blocks": 0,"Plans": [{"Node Type": "Bitmap Index Scan","Parent Relationship": "Outer","Parallel Aware": false,"Async Capable": false,"Index Name": "idx_lineitem_shipdate","Startup Cost": 0.00,"Total Cost": 5585.49,"Plan Rows": 219706,"Plan Width": 0,"Actual Startup Time": 41.018,"Actual Total Time": 41.018,"Actual Rows": 224003,"Actual Loops": 1,"Index Cond": "((l_shipdate >= '1993-01-01'::date) AND (l_shipdate < '1993-04-01 00:00:00'::timestamp without time zone))"}]}]}]}]}]},"Planning Time": 5.332,"Triggers": [],"Execution Time": 2101.239}]
[{"Plan": {"Node Type": "Merge Join","Parallel Aware": false,"Async Capable": false,"Join Type": "Inner","Startup Cost": 248579.05,"Total Cost": 249099.95,"Plan Rows": 50,"Plan Width": 103,"Actual Startup Time": 1976.935,"Actual Total Time": 1976.985,"Actual Rows": 1,"Actual Loops": 1,"Inner Unique": true,"Merge Cond": "(supplier.s_suppkey = revenue0.supplier_no)","Plans": [{"Node Type": "Aggregate","Strategy": "Plain","Partial Mode": "Simple","Parent Relationship": "InitPlan","Subplan Name": "InitPlan 1 (returns $0)","Parallel Aware": false,"Async Capable": false,"Startup Cost": 124338.46,"Total Cost": 124338.47,"Plan Rows": 1,"Plan Width": 32,"Actual Startup Time": 904.220,"Actual Total Time": 904.239,"Actual Rows": 1,"Actual Loops": 1,"Plans": [{"Node Type": "Aggregate","Strategy": "Hashed","Partial Mode": "Simple","Parent Relationship": "Outer","Parallel Aware": false,"Async Capable": false,"Startup Cost": 124088.28,"Total Cost": 124213.37,"Plan Rows": 10007,"Plan Width": 36,"Actual Startup Time": 892.707,"Actual Total Time": 903.575,"Actual Rows": 10000,"Actual Loops": 1,"Group Key": ["lineitem_1.l_suppkey"],"Planned Partitions": 0,"HashAgg Batches": 1,"Peak Memory Usage": 4497,"Disk Usage": 0,"Plans": [{"Node Type": "Bitmap Heap Scan","Parent Relationship": "Outer","Parallel Aware": false,"Async Capable": false,"Relation Name": "lineitem","Alias": "lineitem_1","Startup Cost": 5871.20,"Total Cost": 121802.65,"Plan Rows": 228563,"Plan Width": 16,"Actual Startup Time": 49.074,"Actual Total Time": 688.668,"Actual Rows": 229923,"Actual Loops": 1,"Recheck Cond": "((l_shipdate >= '1993-10-01'::date) AND (l_shipdate < '1994-01-01 00:00:00'::timestamp without time zone))","Rows Removed by Index Recheck": 0,"Exact Heap Blocks": 67189,"Lossy Heap Blocks": 0,"Plans": [{"Node Type": "Bitmap Index Scan","Parent Relationship": "Outer","Parallel Aware": false,"Async Capable": false,"Index Name": "idx_lineitem_shipdate","Startup Cost": 0.00,"Total Cost": 5814.06,"Plan Rows": 228563,"Plan Width": 0,"Actual Startup Time": 35.482,"Actual Total Time": 35.494,"Actual Rows": 229923,"Actual Loops": 1,"Index Cond": "((l_shipdate >= '1993-10-01'::date) AND (l_shipdate < '1994-01-01 00:00:00'::timestamp without time zone))"}]}]}]},{"Node Type": "Index Scan","Parent Relationship": "Outer","Parallel Aware": false,"Async Capable": false,"Scan Direction": "Forward","Index Name": "supplier_pkey","Relation Name": "supplier","Alias": "supplier","Startup Cost": 0.29,"Total Cost": 495.43,"Plan Rows": 10000,"Plan Width": 71,"Actual Startup Time": 0.088,"Actual Total Time": 5.655,"Actual Rows": 3497,"Actual Loops": 1},{"Node Type": "Sort","Parent Relationship": "Inner","Parallel Aware": false,"Async Capable": false,"Startup Cost": 124240.30,"Total Cost": 124240.42,"Plan Rows": 50,"Plan Width": 36,"Actual Startup Time": 1971.016,"Actual Total Time": 1971.036,"Actual Rows": 1,"Actual Loops": 1,"Sort Key": ["revenue0.supplier_no"],"Sort Method": "quicksort","Sort Space Used": 25,"Sort Space Type": "Memory","Plans": [{"Node Type": "Subquery Scan","Parent Relationship": "Outer","Parallel Aware": false,"Async Capable": false,"Alias": "revenue0","Startup Cost": 124088.28,"Total Cost": 124238.89,"Plan Rows": 50,"Plan Width": 36,"Actual Startup Time": 1964.632,"Actual Total Time": 1970.939,"Actual Rows": 1,"Actual Loops": 1,"Plans": [{"Node Type": "Aggregate","Strategy": "Hashed","Partial Mode": "Simple","Parent Relationship": "Subquery","Parallel Aware": false,"Async Capable": false,"Startup Cost": 124088.28,"Total Cost": 124238.39,"Plan Rows": 50,"Plan Width": 36,"Actual Startup Time": 1964.613,"Actual Total Time": 1970.893,"Actual Rows": 1,"Actual Loops": 1,"Group Key": ["lineitem.l_suppkey"],"Filter": "(sum((lineitem.l_extendedprice * ('1'::numeric - lineitem.l_discount))) = $0)","Planned Partitions": 0,"HashAgg Batches": 1,"Peak Memory Usage": 4497,"Disk Usage": 0,"Rows Removed by Filter": 9999,"Plans": [{"Node Type": "Bitmap Heap Scan","Parent Relationship": "Outer","Parallel Aware": false,"Async Capable": false,"Relation Name": "lineitem","Alias": "lineitem","Startup Cost": 5871.20,"Total Cost": 121802.65,"Plan Rows": 228563,"Plan Width": 16,"Actual Startup Time": 49.258,"Actual Total Time": 883.520,"Actual Rows": 229923,"Actual Loops": 1,"Recheck Cond": "((l_shipdate >= '1993-10-01'::date) AND (l_shipdate < '1994-01-01 00:00:00'::timestamp without time zone))","Rows Removed by Index Recheck": 0,"Exact Heap Blocks": 67189,"Lossy Heap Blocks": 0,"Plans": [{"Node Type": "Bitmap Index Scan","Parent Relationship": "Outer","Parallel Aware": false,"Async Capable": false,"Index Name": "idx_lineitem_shipdate","Startup Cost": 0.00,"Total Cost": 5814.06,"Plan Rows": 228563,"Plan Width": 0,"Actual Startup Time": 35.850,"Actual Total Time": 35.850,"Actual Rows": 229923,"Actual Loops": 1,"Index Cond": "((l_shipdate >= '1993-10-01'::date) AND (l_shipdate < '1994-01-01 00:00:00'::timestamp without time zone))"}]}]}]}]}]},"Planning Time": 4.959,"Triggers": [],"Execution Time": 1982.579}]
[{"Plan": {"Node Type": "Merge Join","Parallel Aware": false,"Async Capable": false,"Join Type": "Inner","Startup Cost": 249067.58,"Total Cost": 249588.48,"Plan Rows": 50,"Plan Width": 103,"Actual Startup Time": 1943.314,"Actual Total Time": 1943.349,"Actual Rows": 1,"Actual Loops": 1,"Inner Unique": true,"Merge Cond": "(supplier.s_suppkey = revenue0.supplier_no)","Plans": [{"Node Type": "Aggregate","Strategy": "Plain","Partial Mode": "Simple","Parent Relationship": "InitPlan","Subplan Name": "InitPlan 1 (returns $0)","Parallel Aware": false,"Async Capable": false,"Startup Cost": 124582.72,"Total Cost": 124582.73,"Plan Rows": 1,"Plan Width": 32,"Actual Startup Time": 848.418,"Actual Total Time": 848.429,"Actual Rows": 1,"Actual Loops": 1,"Plans": [{"Node Type": "Aggregate","Strategy": "Hashed","Partial Mode": "Simple","Parent Relationship": "Outer","Parallel Aware": false,"Async Capable": false,"Startup Cost": 124332.55,"Total Cost": 124457.64,"Plan Rows": 10007,"Plan Width": 36,"Actual Startup Time": 837.964,"Actual Total Time": 847.834,"Actual Rows": 10000,"Actual Loops": 1,"Group Key": ["lineitem_1.l_suppkey"],"Planned Partitions": 0,"HashAgg Batches": 1,"Peak Memory Usage": 4497,"Disk Usage": 0,"Plans": [{"Node Type": "Bitmap Heap Scan","Parent Relationship": "Outer","Parallel Aware": false,"Async Capable": false,"Relation Name": "lineitem","Alias": "lineitem_1","Startup Cost": 5993.30,"Total Cost": 121998.05,"Plan Rows": 233450,"Plan Width": 16,"Actual Startup Time": 50.617,"Actual Total Time": 672.114,"Actual Rows": 230363,"Actual Loops": 1,"Recheck Cond": "((l_shipdate >= '1995-05-01'::date) AND (l_shipdate < '1995-08-01 00:00:00'::timestamp without time zone))","Rows Removed by Index Recheck": 0,"Exact Heap Blocks": 67561,"Lossy Heap Blocks": 0,"Plans": [{"Node Type": "Bitmap Index Scan","Parent Relationship": "Outer","Parallel Aware": false,"Async Capable": false,"Index Name": "idx_lineitem_shipdate","Startup Cost": 0.00,"Total Cost": 5934.93,"Plan Rows": 233450,"Plan Width": 0,"Actual Startup Time": 37.100,"Actual Total Time": 37.103,"Actual Rows": 230363,"Actual Loops": 1,"Index Cond": "((l_shipdate >= '1995-05-01'::date) AND (l_shipdate < '1995-08-01 00:00:00'::timestamp without time zone))"}]}]}]},{"Node Type": "Index Scan","Parent Relationship": "Outer","Parallel Aware": false,"Async Capable": false,"Scan Direction": "Forward","Index Name": "supplier_pkey","Relation Name": "supplier","Alias": "supplier","Startup Cost": 0.29,"Total Cost": 495.43,"Plan Rows": 10000,"Plan Width": 71,"Actual Startup Time": 0.105,"Actual Total Time": 6.996,"Actual Rows": 4313,"Actual Loops": 1},{"Node Type": "Sort","Parent Relationship": "Inner","Parallel Aware": false,"Async Capable": false,"Startup Cost": 124484.57,"Total Cost": 124484.69,"Plan Rows": 50,"Plan Width": 36,"Actual Startup Time": 1936.037,"Actual Total Time": 1936.050,"Actual Rows": 1,"Actual Loops": 1,"Sort Key": ["revenue0.supplier_no"],"Sort Method": "quicksort","Sort Space Used": 25,"Sort Space Type": "Memory","Plans": [{"Node Type": "Subquery Scan","Parent Relationship": "Outer","Parallel Aware": false,"Async Capable": false,"Alias": "revenue0","Startup Cost": 124332.55,"Total Cost": 124483.15,"Plan Rows": 50,"Plan Width": 36,"Actual Startup Time": 1918.349,"Actual Total Time": 1936.015,"Actual Rows": 1,"Actual Loops": 1,"Plans": [{"Node Type": "Aggregate","Strategy": "Hashed","Partial Mode": "Simple","Parent Relationship": "Subquery","Parallel Aware": false,"Async Capable": false,"Startup Cost": 124332.55,"Total Cost": 124482.65,"Plan Rows": 50,"Plan Width": 36,"Actual Startup Time": 1918.345,"Actual Total Time": 1936.006,"Actual Rows": 1,"Actual Loops": 1,"Group Key": ["lineitem.l_suppkey"],"Filter": "(sum((lineitem.l_extendedprice * ('1'::numeric - lineitem.l_discount))) = $0)","Planned Partitions": 0,"HashAgg Batches": 1,"Peak Memory Usage": 4497,"Disk Usage": 0,"Rows Removed by Filter": 9999,"Plans": [{"Node Type": "Bitmap Heap Scan","Parent Relationship": "Outer","Parallel Aware": false,"Async Capable": false,"Relation Name": "lineitem","Alias": "lineitem","Startup Cost": 5993.30,"Total Cost": 121998.05,"Plan Rows": 233450,"Plan Width": 16,"Actual Startup Time": 50.872,"Actual Total Time": 888.924,"Actual Rows": 230363,"Actual Loops": 1,"Recheck Cond": "((l_shipdate >= '1995-05-01'::date) AND (l_shipdate < '1995-08-01 00:00:00'::timestamp without time zone))","Rows Removed by Index Recheck": 0,"Exact Heap Blocks": 67561,"Lossy Heap Blocks": 0,"Plans": [{"Node Type": "Bitmap Index Scan","Parent Relationship": "Outer","Parallel Aware": false,"Async Capable": false,"Index Name": "idx_lineitem_shipdate","Startup Cost": 0.00,"Total Cost": 5934.93,"Plan Rows": 233450,"Plan Width": 0,"Actual Startup Time": 37.359,"Actual Total Time": 37.360,"Actual Rows": 230363,"Actual Loops": 1,"Index Cond": "((l_shipdate >= '1995-05-01'::date) AND (l_shipdate < '1995-08-01 00:00:00'::timestamp without time zone))"}]}]}]}]}]},"Planning Time": 4.245,"Triggers": [],"Execution Time": 1946.397}]
[{"Plan": {"Node Type": "Merge Join","Parallel Aware": false,"Async Capable": false,"Join Type": "Inner","Startup Cost": 249108.95,"Total Cost": 249629.85,"Plan Rows": 50,"Plan Width": 103,"Actual Startup Time": 2087.724,"Actual Total Time": 2087.761,"Actual Rows": 1,"Actual Loops": 1,"Inner Unique": true,"Merge Cond": "(supplier.s_suppkey = revenue0.supplier_no)","Plans": [{"Node Type": "Aggregate","Strategy": "Plain","Partial Mode": "Simple","Parent Relationship": "InitPlan","Subplan Name": "InitPlan 1 (returns $0)","Parallel Aware": false,"Async Capable": false,"Startup Cost": 124603.41,"Total Cost": 124603.42,"Plan Rows": 1,"Plan Width": 32,"Actual Startup Time": 943.876,"Actual Total Time": 943.892,"Actual Rows": 1,"Actual Loops": 1,"Plans": [{"Node Type": "Aggregate","Strategy": "Hashed","Partial Mode": "Simple","Parent Relationship": "Outer","Parallel Aware": false,"Async Capable": false,"Startup Cost": 124353.23,"Total Cost": 124478.32,"Plan Rows": 10007,"Plan Width": 36,"Actual Startup Time": 936.828,"Actual Total Time": 943.290,"Actual Rows": 10000,"Actual Loops": 1,"Group Key": ["lineitem_1.l_suppkey"],"Planned Partitions": 0,"HashAgg Batches": 1,"Peak Memory Usage": 4497,"Disk Usage": 0,"Plans": [{"Node Type": "Bitmap Heap Scan","Parent Relationship": "Outer","Parallel Aware": false,"Async Capable": false,"Relation Name": "lineitem","Alias": "lineitem_1","Startup Cost": 6004.98,"Total Cost": 122015.13,"Plan Rows": 233810,"Plan Width": 16,"Actual Startup Time": 58.797,"Actual Total Time": 790.100,"Actual Rows": 229794,"Actual Loops": 1,"Recheck Cond": "((l_shipdate >= '1997-08-01'::date) AND (l_shipdate < '1997-11-01 00:00:00'::timestamp without time zone))","Rows Removed by Index Recheck": 0,"Exact Heap Blocks": 67334,"Lossy Heap Blocks": 0,"Plans": [{"Node Type": "Bitmap Index Scan","Parent Relationship": "Outer","Parallel Aware": false,"Async Capable": false,"Index Name": "idx_lineitem_shipdate","Startup Cost": 0.00,"Total Cost": 5946.53,"Plan Rows": 233810,"Plan Width": 0,"Actual Startup Time": 45.013,"Actual Total Time": 45.020,"Actual Rows": 229794,"Actual Loops": 1,"Index Cond": "((l_shipdate >= '1997-08-01'::date) AND (l_shipdate < '1997-11-01 00:00:00'::timestamp without time zone))"}]}]}]},{"Node Type": "Index Scan","Parent Relationship": "Outer","Parallel Aware": false,"Async Capable": false,"Scan Direction": "Forward","Index Name": "supplier_pkey","Relation Name": "supplier","Alias": "supplier","Startup Cost": 0.29,"Total Cost": 495.43,"Plan Rows": 10000,"Plan Width": 71,"Actual Startup Time": 0.109,"Actual Total Time": 13.835,"Actual Rows": 8863,"Actual Loops": 1},{"Node Type": "Sort","Parent Relationship": "Inner","Parallel Aware": false,"Async Capable": false,"Startup Cost": 124505.25,"Total Cost": 124505.37,"Plan Rows": 50,"Plan Width": 36,"Actual Startup Time": 2073.397,"Actual Total Time": 2073.405,"Actual Rows": 1,"Actual Loops": 1,"Sort Key": ["revenue0.supplier_no"],"Sort Method": "quicksort","Sort Space Used": 25,"Sort Space Type": "Memory","Plans": [{"Node Type": "Subquery Scan","Parent Relationship": "Outer","Parallel Aware": false,"Async Capable": false,"Alias": "revenue0","Startup Cost": 124353.23,"Total Cost": 124503.84,"Plan Rows": 50,"Plan Width": 36,"Actual Startup Time": 2063.613,"Actual Total Time": 2073.361,"Actual Rows": 1,"Actual Loops": 1,"Plans": [{"Node Type": "Aggregate","Strategy": "Hashed","Partial Mode": "Simple","Parent Relationship": "Subquery","Parallel Aware": false,"Async Capable": false,"Startup Cost": 124353.23,"Total Cost": 124503.34,"Plan Rows": 50,"Plan Width": 36,"Actual Startup Time": 2063.607,"Actual Total Time": 2073.353,"Actual Rows": 1,"Actual Loops": 1,"Group Key": ["lineitem.l_suppkey"],"Filter": "(sum((lineitem.l_extendedprice * ('1'::numeric - lineitem.l_discount))) = $0)","Planned Partitions": 0,"HashAgg Batches": 1,"Peak Memory Usage": 4497,"Disk Usage": 0,"Rows Removed by Filter": 9999,"Plans": [{"Node Type": "Bitmap Heap Scan","Parent Relationship": "Outer","Parallel Aware": false,"Async Capable": false,"Relation Name": "lineitem","Alias": "lineitem","Startup Cost": 6004.98,"Total Cost": 122015.13,"Plan Rows": 233810,"Plan Width": 16,"Actual Startup Time": 55.239,"Actual Total Time": 931.307,"Actual Rows": 229794,"Actual Loops": 1,"Recheck Cond": "((l_shipdate >= '1997-08-01'::date) AND (l_shipdate < '1997-11-01 00:00:00'::timestamp without time zone))","Rows Removed by Index Recheck": 0,"Exact Heap Blocks": 67334,"Lossy Heap Blocks": 0,"Plans": [{"Node Type": "Bitmap Index Scan","Parent Relationship": "Outer","Parallel Aware": false,"Async Capable": false,"Index Name": "idx_lineitem_shipdate","Startup Cost": 0.00,"Total Cost": 5946.53,"Plan Rows": 233810,"Plan Width": 0,"Actual Startup Time": 41.454,"Actual Total Time": 41.455,"Actual Rows": 229794,"Actual Loops": 1,"Index Cond": "((l_shipdate >= '1997-08-01'::date) AND (l_shipdate < '1997-11-01 00:00:00'::timestamp without time zone))"}]}]}]}]}]},"Planning Time": 5.207,"Triggers": [],"Execution Time": 2094.251}]
[{"Plan": {"Node Type": "Merge Join","Parallel Aware": false,"Async Capable": false,"Join Type": "Inner","Startup Cost": 248230.62,"Total Cost": 248751.52,"Plan Rows": 50,"Plan Width": 103,"Actual Startup Time": 2088.035,"Actual Total Time": 2088.078,"Actual Rows": 1,"Actual Loops": 1,"Inner Unique": true,"Merge Cond": "(supplier.s_suppkey = revenue0.supplier_no)","Plans": [{"Node Type": "Aggregate","Strategy": "Plain","Partial Mode": "Simple","Parent Relationship": "InitPlan","Subplan Name": "InitPlan 1 (returns $0)","Parallel Aware": false,"Async Capable": false,"Startup Cost": 124164.24,"Total Cost": 124164.25,"Plan Rows": 1,"Plan Width": 32,"Actual Startup Time": 950.841,"Actual Total Time": 950.857,"Actual Rows": 1,"Actual Loops": 1,"Plans": [{"Node Type": "Aggregate","Strategy": "Hashed","Partial Mode": "Simple","Parent Relationship": "Outer","Parallel Aware": false,"Async Capable": false,"Startup Cost": 123914.07,"Total Cost": 124039.16,"Plan Rows": 10007,"Plan Width": 36,"Actual Startup Time": 943.496,"Actual Total Time": 950.271,"Actual Rows": 10000,"Actual Loops": 1,"Group Key": ["lineitem_1.l_suppkey"],"Planned Partitions": 0,"HashAgg Batches": 1,"Peak Memory Usage": 4497,"Disk Usage": 0,"Plans": [{"Node Type": "Bitmap Heap Scan","Parent Relationship": "Outer","Parallel Aware": false,"Async Capable": false,"Relation Name": "lineitem","Alias": "lineitem_1","Startup Cost": 5777.92,"Total Cost": 121664.81,"Plan Rows": 224926,"Plan Width": 16,"Actual Startup Time": 60.846,"Actual Total Time": 795.969,"Actual Rows": 226622,"Actual Loops": 1,"Recheck Cond": "((l_shipdate >= '1996-04-01'::date) AND (l_shipdate < '1996-07-01 00:00:00'::timestamp without time zone))","Rows Removed by Index Recheck": 0,"Exact Heap Blocks": 66749,"Lossy Heap Blocks": 0,"Plans": [{"Node Type": "Bitmap Index Scan","Parent Relationship": "Outer","Parallel Aware": false,"Async Capable": false,"Index Name": "idx_lineitem_shipdate","Startup Cost": 0.00,"Total Cost": 5721.69,"Plan Rows": 224926,"Plan Width": 0,"Actual Startup Time": 47.031,"Actual Total Time": 47.038,"Actual Rows": 226622,"Actual Loops": 1,"Index Cond": "((l_shipdate >= '1996-04-01'::date) AND (l_shipdate < '1996-07-01 00:00:00'::timestamp without time zone))"}]}]}]},{"Node Type": "Index Scan","Parent Relationship": "Outer","Parallel Aware": false,"Async Capable": false,"Scan Direction": "Forward","Index Name": "supplier_pkey","Relation Name": "supplier","Alias": "supplier","Startup Cost": 0.29,"Total Cost": 495.43,"Plan Rows": 10000,"Plan Width": 71,"Actual Startup Time": 0.101,"Actual Total Time": 10.656,"Actual Rows": 6942,"Actual Loops": 1},{"Node Type": "Sort","Parent Relationship": "Inner","Parallel Aware": false,"Async Capable": false,"Startup Cost": 124066.08,"Total Cost": 124066.21,"Plan Rows": 50,"Plan Width": 36,"Actual Startup Time": 2076.966,"Actual Total Time": 2076.978,"Actual Rows": 1,"Actual Loops": 1,"Sort Key": ["revenue0.supplier_no"],"Sort Method": "quicksort","Sort Space Used": 25,"Sort Space Type": "Memory","Plans": [{"Node Type": "Subquery Scan","Parent Relationship": "Outer","Parallel Aware": false,"Async Capable": false,"Alias": "revenue0","Startup Cost": 123914.07,"Total Cost": 124064.67,"Plan Rows": 50,"Plan Width": 36,"Actual Startup Time": 2058.150,"Actual Total Time": 2076.927,"Actual Rows": 1,"Actual Loops": 1,"Plans": [{"Node Type": "Aggregate","Strategy": "Hashed","Partial Mode": "Simple","Parent Relationship": "Subquery","Parallel Aware": false,"Async Capable": false,"Startup Cost": 123914.07,"Total Cost": 124064.17,"Plan Rows": 50,"Plan Width": 36,"Actual Startup Time": 2058.141,"Actual Total Time": 2076.909,"Actual Rows": 1,"Actual Loops": 1,"Group Key": ["lineitem.l_suppkey"],"Filter": "(sum((lineitem.l_extendedprice * ('1'::numeric - lineitem.l_discount))) = $0)","Planned Partitions": 0,"HashAgg Batches": 1,"Peak Memory Usage": 4497,"Disk Usage": 0,"Rows Removed by Filter": 9999,"Plans": [{"Node Type": "Bitmap Heap Scan","Parent Relationship": "Outer","Parallel Aware": false,"Async Capable": false,"Relation Name": "lineitem","Alias": "lineitem","Startup Cost": 5777.92,"Total Cost": 121664.81,"Plan Rows": 224926,"Plan Width": 16,"Actual Startup Time": 54.640,"Actual Total Time": 931.835,"Actual Rows": 226622,"Actual Loops": 1,"Recheck Cond": "((l_shipdate >= '1996-04-01'::date) AND (l_shipdate < '1996-07-01 00:00:00'::timestamp without time zone))","Rows Removed by Index Recheck": 0,"Exact Heap Blocks": 66749,"Lossy Heap Blocks": 0,"Plans": [{"Node Type": "Bitmap Index Scan","Parent Relationship": "Outer","Parallel Aware": false,"Async Capable": false,"Index Name": "idx_lineitem_shipdate","Startup Cost": 0.00,"Total Cost": 5721.69,"Plan Rows": 224926,"Plan Width": 0,"Actual Startup Time": 41.150,"Actual Total Time": 41.151,"Actual Rows": 226622,"Actual Loops": 1,"Index Cond": "((l_shipdate >= '1996-04-01'::date) AND (l_shipdate < '1996-07-01 00:00:00'::timestamp without time zone))"}]}]}]}]}]},"Planning Time": 4.002,"Triggers": [],"Execution Time": 2092.348}]
[{"Plan": {"Node Type": "Merge Join","Parallel Aware": false,"Async Capable": false,"Join Type": "Inner","Startup Cost": 248394.89,"Total Cost": 248915.78,"Plan Rows": 50,"Plan Width": 103,"Actual Startup Time": 2089.409,"Actual Total Time": 2089.441,"Actual Rows": 1,"Actual Loops": 1,"Inner Unique": true,"Merge Cond": "(supplier.s_suppkey = revenue0.supplier_no)","Plans": [{"Node Type": "Aggregate","Strategy": "Plain","Partial Mode": "Simple","Parent Relationship": "InitPlan","Subplan Name": "InitPlan 1 (returns $0)","Parallel Aware": false,"Async Capable": false,"Startup Cost": 124246.37,"Total Cost": 124246.38,"Plan Rows": 1,"Plan Width": 32,"Actual Startup Time": 948.769,"Actual Total Time": 948.777,"Actual Rows": 1,"Actual Loops": 1,"Plans": [{"Node Type": "Aggregate","Strategy": "Hashed","Partial Mode": "Simple","Parent Relationship": "Outer","Parallel Aware": false,"Async Capable": false,"Startup Cost": 123996.20,"Total Cost": 124121.29,"Plan Rows": 10007,"Plan Width": 36,"Actual Startup Time": 940.788,"Actual Total Time": 948.181,"Actual Rows": 10000,"Actual Loops": 1,"Group Key": ["lineitem_1.l_suppkey"],"Planned Partitions": 0,"HashAgg Batches": 1,"Peak Memory Usage": 4497,"Disk Usage": 0,"Plans": [{"Node Type": "Bitmap Heap Scan","Parent Relationship": "Outer","Parallel Aware": false,"Async Capable": false,"Relation Name": "lineitem","Alias": "lineitem_1","Startup Cost": 5746.17,"Total Cost": 121758.41,"Plan Rows": 223779,"Plan Width": 16,"Actual Startup Time": 59.844,"Actual Total Time": 791.139,"Actual Rows": 229391,"Actual Loops": 1,"Recheck Cond": "((l_shipdate >= '1995-11-01'::date) AND (l_shipdate < '1996-02-01 00:00:00'::timestamp without time zone))","Rows Removed by Index Recheck": 0,"Exact Heap Blocks": 67359,"Lossy Heap Blocks": 0,"Plans": [{"Node Type": "Bitmap Index Scan","Parent Relationship": "Outer","Parallel Aware": false,"Async Capable": false,"Index Name": "idx_lineitem_shipdate","Startup Cost": 0.00,"Total Cost": 5690.22,"Plan Rows": 223779,"Plan Width": 0,"Actual Startup Time": 45.751,"Actual Total Time": 45.753,"Actual Rows": 229391,"Actual Loops": 1,"Index Cond": "((l_shipdate >= '1995-11-01'::date) AND (l_shipdate < '1996-02-01 00:00:00'::timestamp without time zone))"}]}]}]},{"Node Type": "Index Scan","Parent Relationship": "Outer","Parallel Aware": false,"Async Capable": false,"Scan Direction": "Forward","Index Name": "supplier_pkey","Relation Name": "supplier","Alias": "supplier","Startup Cost": 0.29,"Total Cost": 495.43,"Plan Rows": 10000,"Plan Width": 71,"Actual Startup Time": 0.110,"Actual Total Time": 8.010,"Actual Rows": 4886,"Actual Loops": 1},{"Node Type": "Sort","Parent Relationship": "Inner","Parallel Aware": false,"Async Capable": false,"Startup Cost": 124148.22,"Total Cost": 124148.34,"Plan Rows": 50,"Plan Width": 36,"Actual Startup Time": 2081.101,"Actual Total Time": 2081.114,"Actual Rows": 1,"Actual Loops": 1,"Sort Key": ["revenue0.supplier_no"],"Sort Method": "quicksort","Sort Space Used": 25,"Sort Space Type": "Memory","Plans": [{"Node Type": "Subquery Scan","Parent Relationship": "Outer","Parallel Aware": false,"Async Capable": false,"Alias": "revenue0","Startup Cost": 123996.20,"Total Cost": 124146.80,"Plan Rows": 50,"Plan Width": 36,"Actual Startup Time": 2074.974,"Actual Total Time": 2081.065,"Actual Rows": 1,"Actual Loops": 1,"Plans": [{"Node Type": "Aggregate","Strategy": "Hashed","Partial Mode": "Simple","Parent Relationship": "Subquery","Parallel Aware": false,"Async Capable": false,"Startup Cost": 123996.20,"Total Cost": 124146.30,"Plan Rows": 50,"Plan Width": 36,"Actual Startup Time": 2074.966,"Actual Total Time": 2081.051,"Actual Rows": 1,"Actual Loops": 1,"Group Key": ["lineitem.l_suppkey"],"Filter": "(sum((lineitem.l_extendedprice * ('1'::numeric - lineitem.l_discount))) = $0)","Planned Partitions": 0,"HashAgg Batches": 1,"Peak Memory Usage": 4497,"Disk Usage": 0,"Rows Removed by Filter": 9999,"Plans": [{"Node Type": "Bitmap Heap Scan","Parent Relationship": "Outer","Parallel Aware": false,"Async Capable": false,"Relation Name": "lineitem","Alias": "lineitem","Startup Cost": 5746.17,"Total Cost": 121758.41,"Plan Rows": 223779,"Plan Width": 16,"Actual Startup Time": 56.964,"Actual Total Time": 937.159,"Actual Rows": 229391,"Actual Loops": 1,"Recheck Cond": "((l_shipdate >= '1995-11-01'::date) AND (l_shipdate < '1996-02-01 00:00:00'::timestamp without time zone))","Rows Removed by Index Recheck": 0,"Exact Heap Blocks": 67359,"Lossy Heap Blocks": 0,"Plans": [{"Node Type": "Bitmap Index Scan","Parent Relationship": "Outer","Parallel Aware": false,"Async Capable": false,"Index Name": "idx_lineitem_shipdate","Startup Cost": 0.00,"Total Cost": 5690.22,"Plan Rows": 223779,"Plan Width": 0,"Actual Startup Time": 43.201,"Actual Total Time": 43.205,"Actual Rows": 229391,"Actual Loops": 1,"Index Cond": "((l_shipdate >= '1995-11-01'::date) AND (l_shipdate < '1996-02-01 00:00:00'::timestamp without time zone))"}]}]}]}]}]},"Planning Time": 5.341,"Triggers": [],"Execution Time": 2095.570}]
[{"Plan": {"Node Type": "Merge Join","Parallel Aware": false,"Async Capable": false,"Join Type": "Inner","Startup Cost": 249919.13,"Total Cost": 250440.03,"Plan Rows": 50,"Plan Width": 103,"Actual Startup Time": 1938.438,"Actual Total Time": 1938.484,"Actual Rows": 1,"Actual Loops": 1,"Inner Unique": true,"Merge Cond": "(supplier.s_suppkey = revenue0.supplier_no)","Plans": [{"Node Type": "Aggregate","Strategy": "Plain","Partial Mode": "Simple","Parent Relationship": "InitPlan","Subplan Name": "InitPlan 1 (returns $0)","Parallel Aware": false,"Async Capable": false,"Startup Cost": 125008.50,"Total Cost": 125008.51,"Plan Rows": 1,"Plan Width": 32,"Actual Startup Time": 846.218,"Actual Total Time": 846.240,"Actual Rows": 1,"Actual Loops": 1,"Plans": [{"Node Type": "Aggregate","Strategy": "Hashed","Partial Mode": "Simple","Parent Relationship": "Outer","Parallel Aware": false,"Async Capable": false,"Startup Cost": 124758.32,"Total Cost": 124883.41,"Plan Rows": 10007,"Plan Width": 36,"Actual Startup Time": 837.029,"Actual Total Time": 845.645,"Actual Rows": 10000,"Actual Loops": 1,"Group Key": ["lineitem_1.l_suppkey"],"Planned Partitions": 0,"HashAgg Batches": 1,"Peak Memory Usage": 4497,"Disk Usage": 0,"Plans": [{"Node Type": "Bitmap Heap Scan","Parent Relationship": "Outer","Parallel Aware": false,"Async Capable": false,"Relation Name": "lineitem","Alias": "lineitem_1","Startup Cost": 6210.72,"Total Cost": 122340.48,"Plan Rows": 241784,"Plan Width": 16,"Actual Startup Time": 57.576,"Actual Total Time": 672.754,"Actual Rows": 227694,"Actual Loops": 1,"Recheck Cond": "((l_shipdate >= '1993-05-01'::date) AND (l_shipdate < '1993-08-01 00:00:00'::timestamp without time zone))","Rows Removed by Index Recheck": 0,"Exact Heap Blocks": 66876,"Lossy Heap Blocks": 0,"Plans": [{"Node Type": "Bitmap Index Scan","Parent Relationship": "Outer","Parallel Aware": false,"Async Capable": false,"Index Name": "idx_lineitem_shipdate","Startup Cost": 0.00,"Total Cost": 6150.27,"Plan Rows": 241784,"Plan Width": 0,"Actual Startup Time": 44.048,"Actual Total Time": 44.059,"Actual Rows": 227694,"Actual Loops": 1,"Index Cond": "((l_shipdate >= '1993-05-01'::date) AND (l_shipdate < '1993-08-01 00:00:00'::timestamp without time zone))"}]}]}]},{"Node Type": "Index Scan","Parent Relationship": "Outer","Parallel Aware": false,"Async Capable": false,"Scan Direction": "Forward","Index Name": "supplier_pkey","Relation Name": "supplier","Alias": "supplier","Startup Cost": 0.29,"Total Cost": 495.43,"Plan Rows": 10000,"Plan Width": 71,"Actual Startup Time": 0.103,"Actual Total Time": 9.443,"Actual Rows": 5891,"Actual Loops": 1},{"Node Type": "Sort","Parent Relationship": "Inner","Parallel Aware": false,"Async Capable": false,"Startup Cost": 124910.34,"Total Cost": 124910.46,"Plan Rows": 50,"Plan Width": 36,"Actual Startup Time": 1928.643,"Actual Total Time": 1928.657,"Actual Rows": 1,"Actual Loops": 1,"Sort Key": ["revenue0.supplier_no"],"Sort Method": "quicksort","Sort Space Used": 25,"Sort Space Type": "Memory","Plans": [{"Node Type": "Subquery Scan","Parent Relationship": "Outer","Parallel Aware": false,"Async Capable": false,"Alias": "revenue0","Startup Cost": 124758.32,"Total Cost": 124908.93,"Plan Rows": 50,"Plan Width": 36,"Actual Startup Time": 1917.063,"Actual Total Time": 1928.619,"Actual Rows": 1,"Actual Loops": 1,"Plans": [{"Node Type": "Aggregate","Strategy": "Hashed","Partial Mode": "Simple","Parent Relationship": "Subquery","Parallel Aware": false,"Async Capable": false,"Startup Cost": 124758.32,"Total Cost": 124908.43,"Plan Rows": 50,"Plan Width": 36,"Actual Startup Time": 1917.055,"Actual Total Time": 1928.608,"Actual Rows": 1,"Actual Loops": 1,"Group Key": ["lineitem.l_suppkey"],"Filter": "(sum((lineitem.l_extendedprice * ('1'::numeric - lineitem.l_discount))) = $0)","Planned Partitions": 0,"HashAgg Batches": 1,"Peak Memory Usage": 4497,"Disk Usage": 0,"Rows Removed by Filter": 9999,"Plans": [{"Node Type": "Bitmap Heap Scan","Parent Relationship": "Outer","Parallel Aware": false,"Async Capable": false,"Relation Name": "lineitem","Alias": "lineitem","Startup Cost": 6210.72,"Total Cost": 122340.48,"Plan Rows": 241784,"Plan Width": 16,"Actual Startup Time": 59.880,"Actual Total Time": 887.270,"Actual Rows": 227694,"Actual Loops": 1,"Recheck Cond": "((l_shipdate >= '1993-05-01'::date) AND (l_shipdate < '1993-08-01 00:00:00'::timestamp without time zone))","Rows Removed by Index Recheck": 0,"Exact Heap Blocks": 66876,"Lossy Heap Blocks": 0,"Plans": [{"Node Type": "Bitmap Index Scan","Parent Relationship": "Outer","Parallel Aware": false,"Async Capable": false,"Index Name": "idx_lineitem_shipdate","Startup Cost": 0.00,"Total Cost": 6150.27,"Plan Rows": 241784,"Plan Width": 0,"Actual Startup Time": 46.380,"Actual Total Time": 46.383,"Actual Rows": 227694,"Actual Loops": 1,"Index Cond": "((l_shipdate >= '1993-05-01'::date) AND (l_shipdate < '1993-08-01 00:00:00'::timestamp without time zone))"}]}]}]}]}]},"Planning Time": 5.126,"Triggers": [],"Execution Time": 1942.320}]
[{"Plan": {"Node Type": "Merge Join","Parallel Aware": false,"Async Capable": false,"Join Type": "Inner","Startup Cost": 248579.05,"Total Cost": 249099.95,"Plan Rows": 50,"Plan Width": 103,"Actual Startup Time": 1976.935,"Actual Total Time": 1976.985,"Actual Rows": 1,"Actual Loops": 1,"Inner Unique": true,"Merge Cond": "(supplier.s_suppkey = revenue0.supplier_no)","Plans": [{"Node Type": "Aggregate","Strategy": "Plain","Partial Mode": "Simple","Parent Relationship": "InitPlan","Subplan Name": "InitPlan 1 (returns $0)","Parallel Aware": false,"Async Capable": false,"Startup Cost": 124338.46,"Total Cost": 124338.47,"Plan Rows": 1,"Plan Width": 32,"Actual Startup Time": 904.220,"Actual Total Time": 904.239,"Actual Rows": 1,"Actual Loops": 1,"Plans": [{"Node Type": "Aggregate","Strategy": "Hashed","Partial Mode": "Simple","Parent Relationship": "Outer","Parallel Aware": false,"Async Capable": false,"Startup Cost": 124088.28,"Total Cost": 124213.37,"Plan Rows": 10007,"Plan Width": 36,"Actual Startup Time": 892.707,"Actual Total Time": 903.575,"Actual Rows": 10000,"Actual Loops": 1,"Group Key": ["lineitem_1.l_suppkey"],"Planned Partitions": 0,"HashAgg Batches": 1,"Peak Memory Usage": 4497,"Disk Usage": 0,"Plans": [{"Node Type": "Bitmap Heap Scan","Parent Relationship": "Outer","Parallel Aware": false,"Async Capable": false,"Relation Name": "lineitem","Alias": "lineitem_1","Startup Cost": 5871.20,"Total Cost": 121802.65,"Plan Rows": 228563,"Plan Width": 16,"Actual Startup Time": 49.074,"Actual Total Time": 688.668,"Actual Rows": 229923,"Actual Loops": 1,"Recheck Cond": "((l_shipdate >= '1993-10-01'::date) AND (l_shipdate < '1994-01-01 00:00:00'::timestamp without time zone))","Rows Removed by Index Recheck": 0,"Exact Heap Blocks": 67189,"Lossy Heap Blocks": 0,"Plans": [{"Node Type": "Bitmap Index Scan","Parent Relationship": "Outer","Parallel Aware": false,"Async Capable": false,"Index Name": "idx_lineitem_shipdate","Startup Cost": 0.00,"Total Cost": 5814.06,"Plan Rows": 228563,"Plan Width": 0,"Actual Startup Time": 35.482,"Actual Total Time": 35.494,"Actual Rows": 229923,"Actual Loops": 1,"Index Cond": "((l_shipdate >= '1993-10-01'::date) AND (l_shipdate < '1994-01-01 00:00:00'::timestamp without time zone))"}]}]}]},{"Node Type": "Index Scan","Parent Relationship": "Outer","Parallel Aware": false,"Async Capable": false,"Scan Direction": "Forward","Index Name": "supplier_pkey","Relation Name": "supplier","Alias": "supplier","Startup Cost": 0.29,"Total Cost": 495.43,"Plan Rows": 10000,"Plan Width": 71,"Actual Startup Time": 0.088,"Actual Total Time": 5.655,"Actual Rows": 3497,"Actual Loops": 1},{"Node Type": "Sort","Parent Relationship": "Inner","Parallel Aware": false,"Async Capable": false,"Startup Cost": 124240.30,"Total Cost": 124240.42,"Plan Rows": 50,"Plan Width": 36,"Actual Startup Time": 1971.016,"Actual Total Time": 1971.036,"Actual Rows": 1,"Actual Loops": 1,"Sort Key": ["revenue0.supplier_no"],"Sort Method": "quicksort","Sort Space Used": 25,"Sort Space Type": "Memory","Plans": [{"Node Type": "Subquery Scan","Parent Relationship": "Outer","Parallel Aware": false,"Async Capable": false,"Alias": "revenue0","Startup Cost": 124088.28,"Total Cost": 124238.89,"Plan Rows": 50,"Plan Width": 36,"Actual Startup Time": 1964.632,"Actual Total Time": 1970.939,"Actual Rows": 1,"Actual Loops": 1,"Plans": [{"Node Type": "Aggregate","Strategy": "Hashed","Partial Mode": "Simple","Parent Relationship": "Subquery","Parallel Aware": false,"Async Capable": false,"Startup Cost": 124088.28,"Total Cost": 124238.39,"Plan Rows": 50,"Plan Width": 36,"Actual Startup Time": 1964.613,"Actual Total Time": 1970.893,"Actual Rows": 1,"Actual Loops": 1,"Group Key": ["lineitem.l_suppkey"],"Filter": "(sum((lineitem.l_extendedprice * ('1'::numeric - lineitem.l_discount))) = $0)","Planned Partitions": 0,"HashAgg Batches": 1,"Peak Memory Usage": 4497,"Disk Usage": 0,"Rows Removed by Filter": 9999,"Plans": [{"Node Type": "Bitmap Heap Scan","Parent Relationship": "Outer","Parallel Aware": false,"Async Capable": false,"Relation Name": "lineitem","Alias": "lineitem","Startup Cost": 5871.20,"Total Cost": 121802.65,"Plan Rows": 228563,"Plan Width": 16,"Actual Startup Time": 49.258,"Actual Total Time": 883.520,"Actual Rows": 229923,"Actual Loops": 1,"Recheck Cond": "((l_shipdate >= '1993-10-01'::date) AND (l_shipdate < '1994-01-01 00:00:00'::timestamp without time zone))","Rows Removed by Index Recheck": 0,"Exact Heap Blocks": 67189,"Lossy Heap Blocks": 0,"Plans": [{"Node Type": "Bitmap Index Scan","Parent Relationship": "Outer","Parallel Aware": false,"Async Capable": false,"Index Name": "idx_lineitem_shipdate","Startup Cost": 0.00,"Total Cost": 5814.06,"Plan Rows": 228563,"Plan Width": 0,"Actual Startup Time": 35.850,"Actual Total Time": 35.850,"Actual Rows": 229923,"Actual Loops": 1,"Index Cond": "((l_shipdate >= '1993-10-01'::date) AND (l_shipdate < '1994-01-01 00:00:00'::timestamp without time zone))"}]}]}]}]}]},"Planning Time": 4.959,"Triggers": [],"Execution Time": 1982.579}]
[{"Plan": {"Node Type": "Merge Join","Parallel Aware": false,"Async Capable": false,"Join Type": "Inner","Startup Cost": 248837.06,"Total Cost": 249357.95,"Plan Rows": 50,"Plan Width": 103,"Actual Startup Time": 1969.246,"Actual Total Time": 1969.306,"Actual Rows": 1,"Actual Loops": 1,"Inner Unique": true,"Merge Cond": "(supplier.s_suppkey = revenue0.supplier_no)","Plans": [{"Node Type": "Aggregate","Strategy": "Plain","Partial Mode": "Simple","Parent Relationship": "InitPlan","Subplan Name": "InitPlan 1 (returns $0)","Parallel Aware": false,"Async Capable": false,"Startup Cost": 124467.46,"Total Cost": 124467.47,"Plan Rows": 1,"Plan Width": 32,"Actual Startup Time": 899.835,"Actual Total Time": 899.853,"Actual Rows": 1,"Actual Loops": 1,"Plans": [{"Node Type": "Aggregate","Strategy": "Hashed","Partial Mode": "Simple","Parent Relationship": "Outer","Parallel Aware": false,"Async Capable": false,"Startup Cost": 124217.29,"Total Cost": 124342.37,"Plan Rows": 10007,"Plan Width": 36,"Actual Startup Time": 888.951,"Actual Total Time": 899.159,"Actual Rows": 10000,"Actual Loops": 1,"Group Key": ["lineitem_1.l_suppkey"],"Planned Partitions": 0,"HashAgg Batches": 1,"Peak Memory Usage": 4497,"Disk Usage": 0,"Plans": [{"Node Type": "Bitmap Heap Scan","Parent Relationship": "Outer","Parallel Aware": false,"Async Capable": false,"Relation Name": "lineitem","Alias": "lineitem_1","Startup Cost": 5666.73,"Total Cost": 122010.16,"Plan Rows": 220712,"Plan Width": 16,"Actual Startup Time": 50.799,"Actual Total Time": 691.660,"Actual Rows": 227315,"Actual Loops": 1,"Recheck Cond": "((l_shipdate >= '1994-04-01'::date) AND (l_shipdate < '1994-07-01 00:00:00'::timestamp without time zone))","Rows Removed by Index Recheck": 0,"Exact Heap Blocks": 67016,"Lossy Heap Blocks": 0,"Plans": [{"Node Type": "Bitmap Index Scan","Parent Relationship": "Outer","Parallel Aware": false,"Async Capable": false,"Index Name": "idx_lineitem_shipdate","Startup Cost": 0.00,"Total Cost": 5611.55,"Plan Rows": 220712,"Plan Width": 0,"Actual Startup Time": 36.979,"Actual Total Time": 36.992,"Actual Rows": 227315,"Actual Loops": 1,"Index Cond": "((l_shipdate >= '1994-04-01'::date) AND (l_shipdate < '1994-07-01 00:00:00'::timestamp without time zone))"}]}]}]},{"Node Type": "Index Scan","Parent Relationship": "Outer","Parallel Aware": false,"Async Capable": false,"Scan Direction": "Forward","Index Name": "supplier_pkey","Relation Name": "supplier","Alias": "supplier","Startup Cost": 0.29,"Total Cost": 495.43,"Plan Rows": 10000,"Plan Width": 71,"Actual Startup Time": 0.084,"Actual Total Time": 2.331,"Actual Rows": 1360,"Actual Loops": 1},{"Node Type": "Sort","Parent Relationship": "Inner","Parallel Aware": false,"Async Capable": false,"Startup Cost": 124369.30,"Total Cost": 124369.43,"Plan Rows": 50,"Plan Width": 36,"Actual Startup Time": 1966.772,"Actual Total Time": 1966.788,"Actual Rows": 1,"Actual Loops": 1,"Sort Key": ["revenue0.supplier_no"],"Sort Method": "quicksort","Sort Space Used": 25,"Sort Space Type": "Memory","Plans": [{"Node Type": "Subquery Scan","Parent Relationship": "Outer","Parallel Aware": false,"Async Capable": false,"Alias": "revenue0","Startup Cost": 124217.29,"Total Cost": 124367.89,"Plan Rows": 50,"Plan Width": 36,"Actual Startup Time": 1963.574,"Actual Total Time": 1966.737,"Actual Rows": 1,"Actual Loops": 1,"Plans": [{"Node Type": "Aggregate","Strategy": "Hashed","Partial Mode": "Simple","Parent Relationship": "Subquery","Parallel Aware": false,"Async Capable": false,"Startup Cost": 124217.29,"Total Cost": 124367.39,"Plan Rows": 50,"Plan Width": 36,"Actual Startup Time": 1963.555,"Actual Total Time": 1966.695,"Actual Rows": 1,"Actual Loops": 1,"Group Key": ["lineitem.l_suppkey"],"Filter": "(sum((lineitem.l_extendedprice * ('1'::numeric - lineitem.l_discount))) = $0)","Planned Partitions": 0,"HashAgg Batches": 1,"Peak Memory Usage": 4497,"Disk Usage": 0,"Rows Removed by Filter": 9999,"Plans": [{"Node Type": "Bitmap Heap Scan","Parent Relationship": "Outer","Parallel Aware": false,"Async Capable": false,"Relation Name": "lineitem","Alias": "lineitem","Startup Cost": 5666.73,"Total Cost": 122010.16,"Plan Rows": 220712,"Plan Width": 16,"Actual Startup Time": 49.894,"Actual Total Time": 881.952,"Actual Rows": 227315,"Actual Loops": 1,"Recheck Cond": "((l_shipdate >= '1994-04-01'::date) AND (l_shipdate < '1994-07-01 00:00:00'::timestamp without time zone))","Rows Removed by Index Recheck": 0,"Exact Heap Blocks": 67016,"Lossy Heap Blocks": 0,"Plans": [{"Node Type": "Bitmap Index Scan","Parent Relationship": "Outer","Parallel Aware": false,"Async Capable": false,"Index Name": "idx_lineitem_shipdate","Startup Cost": 0.00,"Total Cost": 5611.55,"Plan Rows": 220712,"Plan Width": 0,"Actual Startup Time": 36.453,"Actual Total Time": 36.453,"Actual Rows": 227315,"Actual Loops": 1,"Index Cond": "((l_shipdate >= '1994-04-01'::date) AND (l_shipdate < '1994-07-01 00:00:00'::timestamp without time zone))"}]}]}]}]}]},"Planning Time": 4.191,"Triggers": [],"Execution Time": 1974.742}]
[{"Plan": {"Node Type": "Merge Join","Parallel Aware": false,"Async Capable": false,"Join Type": "Inner","Startup Cost": 249277.04,"Total Cost": 249797.93,"Plan Rows": 50,"Plan Width": 103,"Actual Startup Time": 2090.773,"Actual Total Time": 2090.807,"Actual Rows": 1,"Actual Loops": 1,"Inner Unique": true,"Merge Cond": "(supplier.s_suppkey = revenue0.supplier_no)","Plans": [{"Node Type": "Aggregate","Strategy": "Plain","Partial Mode": "Simple","Parent Relationship": "InitPlan","Subplan Name": "InitPlan 1 (returns $0)","Parallel Aware": false,"Async Capable": false,"Startup Cost": 124687.45,"Total Cost": 124687.46,"Plan Rows": 1,"Plan Width": 32,"Actual Startup Time": 953.148,"Actual Total Time": 953.160,"Actual Rows": 1,"Actual Loops": 1,"Plans": [{"Node Type": "Aggregate","Strategy": "Hashed","Partial Mode": "Simple","Parent Relationship": "Outer","Parallel Aware": false,"Async Capable": false,"Startup Cost": 124437.28,"Total Cost": 124562.36,"Plan Rows": 10007,"Plan Width": 36,"Actual Startup Time": 945.306,"Actual Total Time": 952.561,"Actual Rows": 10000,"Actual Loops": 1,"Group Key": ["lineitem_1.l_suppkey"],"Planned Partitions": 0,"HashAgg Batches": 1,"Peak Memory Usage": 4497,"Disk Usage": 0,"Plans": [{"Node Type": "Bitmap Heap Scan","Parent Relationship": "Outer","Parallel Aware": false,"Async Capable": false,"Relation Name": "lineitem","Alias": "lineitem_1","Startup Cost": 5586.60,"Total Cost": 122261.51,"Plan Rows": 217577,"Plan Width": 16,"Actual Startup Time": 66.133,"Actual Total Time": 797.959,"Actual Rows": 228914,"Actual Loops": 1,"Recheck Cond": "((l_shipdate >= '1996-05-01'::date) AND (l_shipdate < '1996-08-01 00:00:00'::timestamp without time zone))","Rows Removed by Index Recheck": 0,"Exact Heap Blocks": 66981,"Lossy Heap Blocks": 0,"Plans": [{"Node Type": "Bitmap Index Scan","Parent Relationship": "Outer","Parallel Aware": false,"Async Capable": false,"Index Name": "idx_lineitem_shipdate","Startup Cost": 0.00,"Total Cost": 5532.20,"Plan Rows": 217577,"Plan Width": 0,"Actual Startup Time": 52.240,"Actual Total Time": 52.246,"Actual Rows": 228914,"Actual Loops": 1,"Index Cond": "((l_shipdate >= '1996-05-01'::date) AND (l_shipdate < '1996-08-01 00:00:00'::timestamp without time zone))"}]}]}]},{"Node Type": "Index Scan","Parent Relationship": "Outer","Parallel Aware": false,"Async Capable": false,"Scan Direction": "Forward","Index Name": "supplier_pkey","Relation Name": "supplier","Alias": "supplier","Startup Cost": 0.29,"Total Cost": 495.43,"Plan Rows": 10000,"Plan Width": 71,"Actual Startup Time": 0.097,"Actual Total Time": 1.857,"Actual Rows": 985,"Actual Loops": 1},{"Node Type": "Sort","Parent Relationship": "Inner","Parallel Aware": false,"Async Capable": false,"Startup Cost": 124589.29,"Total Cost": 124589.42,"Plan Rows": 50,"Plan Width": 36,"Actual Startup Time": 2088.839,"Actual Total Time": 2088.851,"Actual Rows": 1,"Actual Loops": 1,"Sort Key": ["revenue0.supplier_no"],"Sort Method": "quicksort","Sort Space Used": 25,"Sort Space Type": "Memory","Plans": [{"Node Type": "Subquery Scan","Parent Relationship": "Outer","Parallel Aware": false,"Async Capable": false,"Alias": "revenue0","Startup Cost": 124437.28,"Total Cost": 124587.88,"Plan Rows": 50,"Plan Width": 36,"Actual Startup Time": 2064.047,"Actual Total Time": 2088.796,"Actual Rows": 1,"Actual Loops": 1,"Plans": [{"Node Type": "Aggregate","Strategy": "Hashed","Partial Mode": "Simple","Parent Relationship": "Subquery","Parallel Aware": false,"Async Capable": false,"Startup Cost": 124437.28,"Total Cost": 124587.38,"Plan Rows": 50,"Plan Width": 36,"Actual Startup Time": 2064.039,"Actual Total Time": 2088.776,"Actual Rows": 1,"Actual Loops": 1,"Group Key": ["lineitem.l_suppkey"],"Filter": "(sum((lineitem.l_extendedprice * ('1'::numeric - lineitem.l_discount))) = $0)","Planned Partitions": 0,"HashAgg Batches": 1,"Peak Memory Usage": 4497,"Disk Usage": 0,"Rows Removed by Filter": 9999,"Plans": [{"Node Type": "Bitmap Heap Scan","Parent Relationship": "Outer","Parallel Aware": false,"Async Capable": false,"Relation Name": "lineitem","Alias": "lineitem","Startup Cost": 5586.60,"Total Cost": 122261.51,"Plan Rows": 217577,"Plan Width": 16,"Actual Startup Time": 62.509,"Actual Total Time": 940.636,"Actual Rows": 228914,"Actual Loops": 1,"Recheck Cond": "((l_shipdate >= '1996-05-01'::date) AND (l_shipdate < '1996-08-01 00:00:00'::timestamp without time zone))","Rows Removed by Index Recheck": 0,"Exact Heap Blocks": 66981,"Lossy Heap Blocks": 0,"Plans": [{"Node Type": "Bitmap Index Scan","Parent Relationship": "Outer","Parallel Aware": false,"Async Capable": false,"Index Name": "idx_lineitem_shipdate","Startup Cost": 0.00,"Total Cost": 5532.20,"Plan Rows": 217577,"Plan Width": 0,"Actual Startup Time": 48.884,"Actual Total Time": 48.886,"Actual Rows": 228914,"Actual Loops": 1,"Index Cond": "((l_shipdate >= '1996-05-01'::date) AND (l_shipdate < '1996-08-01 00:00:00'::timestamp without time zone))"}]}]}]}]}]},"Planning Time": 4.074,"Triggers": [],"Execution Time": 2095.321}]
[{"Plan": {"Node Type": "Merge Join","Parallel Aware": false,"Async Capable": false,"Join Type": "Inner","Startup Cost": 248397.34,"Total Cost": 248918.24,"Plan Rows": 50,"Plan Width": 103,"Actual Startup Time": 2132.561,"Actual Total Time": 2132.611,"Actual Rows": 1,"Actual Loops": 1,"Inner Unique": true,"Merge Cond": "(supplier.s_suppkey = revenue0.supplier_no)","Plans": [{"Node Type": "Aggregate","Strategy": "Plain","Partial Mode": "Simple","Parent Relationship": "InitPlan","Subplan Name": "InitPlan 1 (returns $0)","Parallel Aware": false,"Async Capable": false,"Startup Cost": 124247.60,"Total Cost": 124247.61,"Plan Rows": 1,"Plan Width": 32,"Actual Startup Time": 1004.511,"Actual Total Time": 1004.530,"Actual Rows": 1,"Actual Loops": 1,"Plans": [{"Node Type": "Aggregate","Strategy": "Hashed","Partial Mode": "Simple","Parent Relationship": "Outer","Parallel Aware": false,"Async Capable": false,"Startup Cost": 123997.43,"Total Cost": 124122.51,"Plan Rows": 10007,"Plan Width": 36,"Actual Startup Time": 997.133,"Actual Total Time": 1003.860,"Actual Rows": 10000,"Actual Loops": 1,"Group Key": ["lineitem_1.l_suppkey"],"Planned Partitions": 0,"HashAgg Batches": 1,"Peak Memory Usage": 4497,"Disk Usage": 0,"Plans": [{"Node Type": "Bitmap Heap Scan","Parent Relationship": "Outer","Parallel Aware": false,"Async Capable": false,"Relation Name": "lineitem","Alias": "lineitem_1","Startup Cost": 5824.93,"Total Cost": 121729.63,"Plan Rows": 226780,"Plan Width": 16,"Actual Startup Time": 65.404,"Actual Total Time": 789.488,"Actual Rows": 230659,"Actual Loops": 1,"Recheck Cond": "((l_shipdate >= '1995-07-01'::date) AND (l_shipdate < '1995-10-01 00:00:00'::timestamp without time zone))","Rows Removed by Index Recheck": 0,"Exact Heap Blocks": 67431,"Lossy Heap Blocks": 0,"Plans": [{"Node Type": "Bitmap Index Scan","Parent Relationship": "Outer","Parallel Aware": false,"Async Capable": false,"Index Name": "idx_lineitem_shipdate","Startup Cost": 0.00,"Total Cost": 5768.23,"Plan Rows": 226780,"Plan Width": 0,"Actual Startup Time": 51.481,"Actual Total Time": 51.496,"Actual Rows": 230659,"Actual Loops": 1,"Index Cond": "((l_shipdate >= '1995-07-01'::date) AND (l_shipdate < '1995-10-01 00:00:00'::timestamp without time zone))"}]}]}]},{"Node Type": "Index Scan","Parent Relationship": "Outer","Parallel Aware": false,"Async Capable": false,"Scan Direction": "Forward","Index Name": "supplier_pkey","Relation Name": "supplier","Alias": "supplier","Startup Cost": 0.29,"Total Cost": 495.43,"Plan Rows": 10000,"Plan Width": 71,"Actual Startup Time": 0.120,"Actual Total Time": 0.700,"Actual Rows": 264,"Actual Loops": 1},{"Node Type": "Sort","Parent Relationship": "Inner","Parallel Aware": false,"Async Capable": false,"Startup Cost": 124149.44,"Total Cost": 124149.57,"Plan Rows": 50,"Plan Width": 36,"Actual Startup Time": 2131.781,"Actual Total Time": 2131.792,"Actual Rows": 1,"Actual Loops": 1,"Sort Key": ["revenue0.supplier_no"],"Sort Method": "quicksort","Sort Space Used": 25,"Sort Space Type": "Memory","Plans": [{"Node Type": "Subquery Scan","Parent Relationship": "Outer","Parallel Aware": false,"Async Capable": false,"Alias": "revenue0","Startup Cost": 123997.43,"Total Cost": 124148.03,"Plan Rows": 50,"Plan Width": 36,"Actual Startup Time": 2129.290,"Actual Total Time": 2131.723,"Actual Rows": 1,"Actual Loops": 1,"Plans": [{"Node Type": "Aggregate","Strategy": "Hashed","Partial Mode": "Simple","Parent Relationship": "Subquery","Parallel Aware": false,"Async Capable": false,"Startup Cost": 123997.43,"Total Cost": 124147.53,"Plan Rows": 50,"Plan Width": 36,"Actual Startup Time": 2129.272,"Actual Total Time": 2131.683,"Actual Rows": 1,"Actual Loops": 1,"Group Key": ["lineitem.l_suppkey"],"Filter": "(sum((lineitem.l_extendedprice * ('1'::numeric - lineitem.l_discount))) = $0)","Planned Partitions": 0,"HashAgg Batches": 1,"Peak Memory Usage": 4497,"Disk Usage": 0,"Rows Removed by Filter": 9999,"Plans": [{"Node Type": "Bitmap Heap Scan","Parent Relationship": "Outer","Parallel Aware": false,"Async Capable": false,"Relation Name": "lineitem","Alias": "lineitem","Startup Cost": 5824.93,"Total Cost": 121729.63,"Plan Rows": 226780,"Plan Width": 16,"Actual Startup Time": 62.757,"Actual Total Time": 945.261,"Actual Rows": 230659,"Actual Loops": 1,"Recheck Cond": "((l_shipdate >= '1995-07-01'::date) AND (l_shipdate < '1995-10-01 00:00:00'::timestamp without time zone))","Rows Removed by Index Recheck": 0,"Exact Heap Blocks": 67431,"Lossy Heap Blocks": 0,"Plans": [{"Node Type": "Bitmap Index Scan","Parent Relationship": "Outer","Parallel Aware": false,"Async Capable": false,"Index Name": "idx_lineitem_shipdate","Startup Cost": 0.00,"Total Cost": 5768.23,"Plan Rows": 226780,"Plan Width": 0,"Actual Startup Time": 49.243,"Actual Total Time": 49.243,"Actual Rows": 230659,"Actual Loops": 1,"Index Cond": "((l_shipdate >= '1995-07-01'::date) AND (l_shipdate < '1995-10-01 00:00:00'::timestamp without time zone))"}]}]}]}]}]},"Planning Time": 3.858,"Triggers": [],"Execution Time": 2137.592}]
[{"Plan": {"Node Type": "Merge Join","Parallel Aware": false,"Async Capable": false,"Join Type": "Inner","Startup Cost": 249129.82,"Total Cost": 249650.72,"Plan Rows": 50,"Plan Width": 103,"Actual Startup Time": 2040.373,"Actual Total Time": 2040.424,"Actual Rows": 1,"Actual Loops": 1,"Inner Unique": true,"Merge Cond": "(supplier.s_suppkey = revenue0.supplier_no)","Plans": [{"Node Type": "Aggregate","Strategy": "Plain","Partial Mode": "Simple","Parent Relationship": "InitPlan","Subplan Name": "InitPlan 1 (returns $0)","Parallel Aware": false,"Async Capable": false,"Startup Cost": 124613.84,"Total Cost": 124613.85,"Plan Rows": 1,"Plan Width": 32,"Actual Startup Time": 918.752,"Actual Total Time": 918.766,"Actual Rows": 1,"Actual Loops": 1,"Plans": [{"Node Type": "Aggregate","Strategy": "Hashed","Partial Mode": "Simple","Parent Relationship": "Outer","Parallel Aware": false,"Async Capable": false,"Startup Cost": 124363.67,"Total Cost": 124488.76,"Plan Rows": 10007,"Plan Width": 36,"Actual Startup Time": 912.515,"Actual Total Time": 918.159,"Actual Rows": 10000,"Actual Loops": 1,"Group Key": ["lineitem_1.l_suppkey"],"Planned Partitions": 0,"HashAgg Batches": 1,"Peak Memory Usage": 4497,"Disk Usage": 0,"Plans": [{"Node Type": "Bitmap Heap Scan","Parent Relationship": "Outer","Parallel Aware": false,"Async Capable": false,"Relation Name": "lineitem","Alias": "lineitem_1","Startup Cost": 5613.44,"Total Cost": 122177.32,"Plan Rows": 218635,"Plan Width": 16,"Actual Startup Time": 56.617,"Actual Total Time": 768.840,"Actual Rows": 222109,"Actual Loops": 1,"Recheck Cond": "((l_shipdate >= '1993-02-01'::date) AND (l_shipdate < '1993-05-01 00:00:00'::timestamp without time zone))","Rows Removed by Index Recheck": 0,"Exact Heap Blocks": 66260,"Lossy Heap Blocks": 0,"Plans": [{"Node Type": "Bitmap Index Scan","Parent Relationship": "Outer","Parallel Aware": false,"Async Capable": false,"Index Name": "idx_lineitem_shipdate","Startup Cost": 0.00,"Total Cost": 5558.78,"Plan Rows": 218635,"Plan Width": 0,"Actual Startup Time": 43.062,"Actual Total Time": 43.067,"Actual Rows": 222109,"Actual Loops": 1,"Index Cond": "((l_shipdate >= '1993-02-01'::date) AND (l_shipdate < '1993-05-01 00:00:00'::timestamp without time zone))"}]}]}]},{"Node Type": "Index Scan","Parent Relationship": "Outer","Parallel Aware": false,"Async Capable": false,"Scan Direction": "Forward","Index Name": "supplier_pkey","Relation Name": "supplier","Alias": "supplier","Startup Cost": 0.29,"Total Cost": 495.43,"Plan Rows": 10000,"Plan Width": 71,"Actual Startup Time": 0.102,"Actual Total Time": 14.495,"Actual Rows": 9462,"Actual Loops": 1},{"Node Type": "Sort","Parent Relationship": "Inner","Parallel Aware": false,"Async Capable": false,"Startup Cost": 124515.68,"Total Cost": 124515.81,"Plan Rows": 50,"Plan Width": 36,"Actual Startup Time": 2025.337,"Actual Total Time": 2025.356,"Actual Rows": 1,"Actual Loops": 1,"Sort Key": ["revenue0.supplier_no"],"Sort Method": "quicksort","Sort Space Used": 25,"Sort Space Type": "Memory","Plans": [{"Node Type": "Subquery Scan","Parent Relationship": "Outer","Parallel Aware": false,"Async Capable": false,"Alias": "revenue0","Startup Cost": 124363.67,"Total Cost": 124514.27,"Plan Rows": 50,"Plan Width": 36,"Actual Startup Time": 2023.327,"Actual Total Time": 2025.299,"Actual Rows": 1,"Actual Loops": 1,"Plans": [{"Node Type": "Aggregate","Strategy": "Hashed","Partial Mode": "Simple","Parent Relationship": "Subquery","Parallel Aware": false,"Async Capable": false,"Startup Cost": 124363.67,"Total Cost": 124513.77,"Plan Rows": 50,"Plan Width": 36,"Actual Startup Time": 2023.320,"Actual Total Time": 2025.281,"Actual Rows": 1,"Actual Loops": 1,"Group Key": ["lineitem.l_suppkey"],"Filter": "(sum((lineitem.l_extendedprice * ('1'::numeric - lineitem.l_discount))) = $0)","Planned Partitions": 0,"HashAgg Batches": 1,"Peak Memory Usage": 4497,"Disk Usage": 0,"Rows Removed by Filter": 9999,"Plans": [{"Node Type": "Bitmap Heap Scan","Parent Relationship": "Outer","Parallel Aware": false,"Async Capable": false,"Relation Name": "lineitem","Alias": "lineitem","Startup Cost": 5613.44,"Total Cost": 122177.32,"Plan Rows": 218635,"Plan Width": 16,"Actual Startup Time": 53.952,"Actual Total Time": 912.955,"Actual Rows": 222109,"Actual Loops": 1,"Recheck Cond": "((l_shipdate >= '1993-02-01'::date) AND (l_shipdate < '1993-05-01 00:00:00'::timestamp without time zone))","Rows Removed by Index Recheck": 0,"Exact Heap Blocks": 66260,"Lossy Heap Blocks": 0,"Plans": [{"Node Type": "Bitmap Index Scan","Parent Relationship": "Outer","Parallel Aware": false,"Async Capable": false,"Index Name": "idx_lineitem_shipdate","Startup Cost": 0.00,"Total Cost": 5558.78,"Plan Rows": 218635,"Plan Width": 0,"Actual Startup Time": 40.555,"Actual Total Time": 40.556,"Actual Rows": 222109,"Actual Loops": 1,"Index Cond": "((l_shipdate >= '1993-02-01'::date) AND (l_shipdate < '1993-05-01 00:00:00'::timestamp without time zone))"}]}]}]}]}]},"Planning Time": 4.191,"Triggers": [],"Execution Time": 2046.034}]
[{"Plan": {"Node Type": "Merge Join","Parallel Aware": false,"Async Capable": false,"Join Type": "Inner","Startup Cost": 248318.66,"Total Cost": 248839.56,"Plan Rows": 50,"Plan Width": 103,"Actual Startup Time": 1910.643,"Actual Total Time": 1910.686,"Actual Rows": 1,"Actual Loops": 1,"Inner Unique": true,"Merge Cond": "(supplier.s_suppkey = revenue0.supplier_no)","Plans": [{"Node Type": "Aggregate","Strategy": "Plain","Partial Mode": "Simple","Parent Relationship": "InitPlan","Subplan Name": "InitPlan 1 (returns $0)","Parallel Aware": false,"Async Capable": false,"Startup Cost": 124208.26,"Total Cost": 124208.27,"Plan Rows": 1,"Plan Width": 32,"Actual Startup Time": 821.670,"Actual Total Time": 821.683,"Actual Rows": 1,"Actual Loops": 1,"Plans": [{"Node Type": "Aggregate","Strategy": "Hashed","Partial Mode": "Simple","Parent Relationship": "Outer","Parallel Aware": false,"Async Capable": false,"Startup Cost": 123958.09,"Total Cost": 124083.18,"Plan Rows": 10007,"Plan Width": 36,"Actual Startup Time": 815.842,"Actual Total Time": 821.087,"Actual Rows": 10000,"Actual Loops": 1,"Group Key": ["lineitem_1.l_suppkey"],"Planned Partitions": 0,"HashAgg Batches": 1,"Peak Memory Usage": 4497,"Disk Usage": 0,"Plans": [{"Node Type": "Bitmap Heap Scan","Parent Relationship": "Outer","Parallel Aware": false,"Async Capable": false,"Relation Name": "lineitem","Alias": "lineitem_1","Startup Cost": 5759.48,"Total Cost": 121715.12,"Plan Rows": 224297,"Plan Width": 16,"Actual Startup Time": 50.117,"Actual Total Time": 672.213,"Actual Rows": 227014,"Actual Loops": 1,"Recheck Cond": "((l_shipdate >= '1997-04-01'::date) AND (l_shipdate < '1997-07-01 00:00:00'::timestamp without time zone))","Rows Removed by Index Recheck": 0,"Exact Heap Blocks": 66860,"Lossy Heap Blocks": 0,"Plans": [{"Node Type": "Bitmap Index Scan","Parent Relationship": "Outer","Parallel Aware": false,"Async Capable": false,"Index Name": "idx_lineitem_shipdate","Startup Cost": 0.00,"Total Cost": 5703.40,"Plan Rows": 224297,"Plan Width": 0,"Actual Startup Time": 36.622,"Actual Total Time": 36.629,"Actual Rows": 227014,"Actual Loops": 1,"Index Cond": "((l_shipdate >= '1997-04-01'::date) AND (l_shipdate < '1997-07-01 00:00:00'::timestamp without time zone))"}]}]}]},{"Node Type": "Index Scan","Parent Relationship": "Outer","Parallel Aware": false,"Async Capable": false,"Scan Direction": "Forward","Index Name": "supplier_pkey","Relation Name": "supplier","Alias": "supplier","Startup Cost": 0.29,"Total Cost": 495.43,"Plan Rows": 10000,"Plan Width": 71,"Actual Startup Time": 0.097,"Actual Total Time": 9.942,"Actual Rows": 5930,"Actual Loops": 1},{"Node Type": "Sort","Parent Relationship": "Inner","Parallel Aware": false,"Async Capable": false,"Startup Cost": 124110.11,"Total Cost": 124110.23,"Plan Rows": 50,"Plan Width": 36,"Actual Startup Time": 1900.329,"Actual Total Time": 1900.348,"Actual Rows": 1,"Actual Loops": 1,"Sort Key": ["revenue0.supplier_no"],"Sort Method": "quicksort","Sort Space Used": 25,"Sort Space Type": "Memory","Plans": [{"Node Type": "Subquery Scan","Parent Relationship": "Outer","Parallel Aware": false,"Async Capable": false,"Alias": "revenue0","Startup Cost": 123958.09,"Total Cost": 124108.69,"Plan Rows": 50,"Plan Width": 36,"Actual Startup Time": 1881.723,"Actual Total Time": 1900.298,"Actual Rows": 1,"Actual Loops": 1,"Plans": [{"Node Type": "Aggregate","Strategy": "Hashed","Partial Mode": "Simple","Parent Relationship": "Subquery","Parallel Aware": false,"Async Capable": false,"Startup Cost": 123958.09,"Total Cost": 124108.19,"Plan Rows": 50,"Plan Width": 36,"Actual Startup Time": 1881.719,"Actual Total Time": 1900.288,"Actual Rows": 1,"Actual Loops": 1,"Group Key": ["lineitem.l_suppkey"],"Filter": "(sum((lineitem.l_extendedprice * ('1'::numeric - lineitem.l_discount))) = $0)","Planned Partitions": 0,"HashAgg Batches": 1,"Peak Memory Usage": 4497,"Disk Usage": 0,"Rows Removed by Filter": 9999,"Plans": [{"Node Type": "Bitmap Heap Scan","Parent Relationship": "Outer","Parallel Aware": false,"Async Capable": false,"Relation Name": "lineitem","Alias": "lineitem","Startup Cost": 5759.48,"Total Cost": 121715.12,"Plan Rows": 224297,"Plan Width": 16,"Actual Startup Time": 48.813,"Actual Total Time": 884.760,"Actual Rows": 227014,"Actual Loops": 1,"Recheck Cond": "((l_shipdate >= '1997-04-01'::date) AND (l_shipdate < '1997-07-01 00:00:00'::timestamp without time zone))","Rows Removed by Index Recheck": 0,"Exact Heap Blocks": 66860,"Lossy Heap Blocks": 0,"Plans": [{"Node Type": "Bitmap Index Scan","Parent Relationship": "Outer","Parallel Aware": false,"Async Capable": false,"Index Name": "idx_lineitem_shipdate","Startup Cost": 0.00,"Total Cost": 5703.40,"Plan Rows": 224297,"Plan Width": 0,"Actual Startup Time": 35.388,"Actual Total Time": 35.392,"Actual Rows": 227014,"Actual Loops": 1,"Index Cond": "((l_shipdate >= '1997-04-01'::date) AND (l_shipdate < '1997-07-01 00:00:00'::timestamp without time zone))"}]}]}]}]}]},"Planning Time": 4.444,"Triggers": [],"Execution Time": 1913.029}]
[{"Plan": {"Node Type": "Merge Join","Parallel Aware": false,"Async Capable": false,"Join Type": "Inner","Startup Cost": 248243.53,"Total Cost": 248764.43,"Plan Rows": 50,"Plan Width": 103,"Actual Startup Time": 1915.884,"Actual Total Time": 1915.929,"Actual Rows": 1,"Actual Loops": 1,"Inner Unique": true,"Merge Cond": "(supplier.s_suppkey = revenue0.supplier_no)","Plans": [{"Node Type": "Aggregate","Strategy": "Plain","Partial Mode": "Simple","Parent Relationship": "InitPlan","Subplan Name": "InitPlan 1 (returns $0)","Parallel Aware": false,"Async Capable": false,"Startup Cost": 124170.70,"Total Cost": 124170.71,"Plan Rows": 1,"Plan Width": 32,"Actual Startup Time": 821.081,"Actual Total Time": 821.096,"Actual Rows": 1,"Actual Loops": 1,"Plans": [{"Node Type": "Aggregate","Strategy": "Hashed","Partial Mode": "Simple","Parent Relationship": "Outer","Parallel Aware": false,"Async Capable": false,"Startup Cost": 123920.52,"Total Cost": 124045.61,"Plan Rows": 10007,"Plan Width": 36,"Actual Startup Time": 813.173,"Actual Total Time": 820.503,"Actual Rows": 10000,"Actual Loops": 1,"Group Key": ["lineitem_1.l_suppkey"],"Planned Partitions": 0,"HashAgg Batches": 1,"Peak Memory Usage": 4497,"Disk Usage": 0,"Plans": [{"Node Type": "Bitmap Heap Scan","Parent Relationship": "Outer","Parallel Aware": false,"Async Capable": false,"Relation Name": "lineitem","Alias": "lineitem_1","Startup Cost": 5785.54,"Total Cost": 121667.73,"Plan Rows": 225279,"Plan Width": 16,"Actual Startup Time": 53.465,"Actual Total Time": 668.418,"Actual Rows": 228688,"Actual Loops": 1,"Recheck Cond": "((l_shipdate >= '1997-10-01'::date) AND (l_shipdate < '1998-01-01 00:00:00'::timestamp without time zone))","Rows Removed by Index Recheck": 0,"Exact Heap Blocks": 67089,"Lossy Heap Blocks": 0,"Plans": [{"Node Type": "Bitmap Index Scan","Parent Relationship": "Outer","Parallel Aware": false,"Async Capable": false,"Index Name": "idx_lineitem_shipdate","Startup Cost": 0.00,"Total Cost": 5729.22,"Plan Rows": 225279,"Plan Width": 0,"Actual Startup Time": 39.849,"Actual Total Time": 39.857,"Actual Rows": 228688,"Actual Loops": 1,"Index Cond": "((l_shipdate >= '1997-10-01'::date) AND (l_shipdate < '1998-01-01 00:00:00'::timestamp without time zone))"}]}]}]},{"Node Type": "Index Scan","Parent Relationship": "Outer","Parallel Aware": false,"Async Capable": false,"Scan Direction": "Forward","Index Name": "supplier_pkey","Relation Name": "supplier","Alias": "supplier","Startup Cost": 0.29,"Total Cost": 495.43,"Plan Rows": 10000,"Plan Width": 71,"Actual Startup Time": 0.114,"Actual Total Time": 13.613,"Actual Rows": 8489,"Actual Loops": 1},{"Node Type": "Sort","Parent Relationship": "Inner","Parallel Aware": false,"Async Capable": false,"Startup Cost": 124072.54,"Total Cost": 124072.66,"Plan Rows": 50,"Plan Width": 36,"Actual Startup Time": 1901.761,"Actual Total Time": 1901.777,"Actual Rows": 1,"Actual Loops": 1,"Sort Key": ["revenue0.supplier_no"],"Sort Method": "quicksort","Sort Space Used": 25,"Sort Space Type": "Memory","Plans": [{"Node Type": "Subquery Scan","Parent Relationship": "Outer","Parallel Aware": false,"Async Capable": false,"Alias": "revenue0","Startup Cost": 123920.52,"Total Cost": 124071.13,"Plan Rows": 50,"Plan Width": 36,"Actual Startup Time": 1891.664,"Actual Total Time": 1901.731,"Actual Rows": 1,"Actual Loops": 1,"Plans": [{"Node Type": "Aggregate","Strategy": "Hashed","Partial Mode": "Simple","Parent Relationship": "Subquery","Parallel Aware": false,"Async Capable": false,"Startup Cost": 123920.52,"Total Cost": 124070.63,"Plan Rows": 50,"Plan Width": 36,"Actual Startup Time": 1891.658,"Actual Total Time": 1901.722,"Actual Rows": 1,"Actual Loops": 1,"Group Key": ["lineitem.l_suppkey"],"Filter": "(sum((lineitem.l_extendedprice * ('1'::numeric - lineitem.l_discount))) = $0)","Planned Partitions": 0,"HashAgg Batches": 1,"Peak Memory Usage": 4497,"Disk Usage": 0,"Rows Removed by Filter": 9999,"Plans": [{"Node Type": "Bitmap Heap Scan","Parent Relationship": "Outer","Parallel Aware": false,"Async Capable": false,"Relation Name": "lineitem","Alias": "lineitem","Startup Cost": 5785.54,"Total Cost": 121667.73,"Plan Rows": 225279,"Plan Width": 16,"Actual Startup Time": 53.563,"Actual Total Time": 882.400,"Actual Rows": 228688,"Actual Loops": 1,"Recheck Cond": "((l_shipdate >= '1997-10-01'::date) AND (l_shipdate < '1998-01-01 00:00:00'::timestamp without time zone))","Rows Removed by Index Recheck": 0,"Exact Heap Blocks": 67089,"Lossy Heap Blocks": 0,"Plans": [{"Node Type": "Bitmap Index Scan","Parent Relationship": "Outer","Parallel Aware": false,"Async Capable": false,"Index Name": "idx_lineitem_shipdate","Startup Cost": 0.00,"Total Cost": 5729.22,"Plan Rows": 225279,"Plan Width": 0,"Actual Startup Time": 40.246,"Actual Total Time": 40.250,"Actual Rows": 228688,"Actual Loops": 1,"Index Cond": "((l_shipdate >= '1997-10-01'::date) AND (l_shipdate < '1998-01-01 00:00:00'::timestamp without time zone))"}]}]}]}]}]},"Planning Time": 3.944,"Triggers": [],"Execution Time": 1917.936}]
[{"Plan": {"Node Type": "Merge Join","Parallel Aware": false,"Async Capable": false,"Join Type": "Inner","Startup Cost": 248679.90,"Total Cost": 249200.80,"Plan Rows": 50,"Plan Width": 103,"Actual Startup Time": 2088.450,"Actual Total Time": 2088.494,"Actual Rows": 1,"Actual Loops": 1,"Inner Unique": true,"Merge Cond": "(supplier.s_suppkey = revenue0.supplier_no)","Plans": [{"Node Type": "Aggregate","Strategy": "Plain","Partial Mode": "Simple","Parent Relationship": "InitPlan","Subplan Name": "InitPlan 1 (returns $0)","Parallel Aware": false,"Async Capable": false,"Startup Cost": 124388.88,"Total Cost": 124388.89,"Plan Rows": 1,"Plan Width": 32,"Actual Startup Time": 944.259,"Actual Total Time": 944.274,"Actual Rows": 1,"Actual Loops": 1,"Plans": [{"Node Type": "Aggregate","Strategy": "Hashed","Partial Mode": "Simple","Parent Relationship": "Outer","Parallel Aware": false,"Async Capable": false,"Startup Cost": 124138.71,"Total Cost": 124263.80,"Plan Rows": 10007,"Plan Width": 36,"Actual Startup Time": 936.768,"Actual Total Time": 943.679,"Actual Rows": 10000,"Actual Loops": 1,"Group Key": ["lineitem_1.l_suppkey"],"Planned Partitions": 0,"HashAgg Batches": 1,"Peak Memory Usage": 4497,"Disk Usage": 0,"Plans": [{"Node Type": "Bitmap Heap Scan","Parent Relationship": "Outer","Parallel Aware": false,"Async Capable": false,"Relation Name": "lineitem","Alias": "lineitem_1","Startup Cost": 5698.36,"Total Cost": 121920.24,"Plan Rows": 221847,"Plan Width": 16,"Actual Startup Time": 58.200,"Actual Total Time": 789.243,"Actual Rows": 229512,"Actual Loops": 1,"Recheck Cond": "((l_shipdate >= '1997-03-01'::date) AND (l_shipdate < '1997-06-01 00:00:00'::timestamp without time zone))","Rows Removed by Index Recheck": 0,"Exact Heap Blocks": 67095,"Lossy Heap Blocks": 0,"Plans": [{"Node Type": "Bitmap Index Scan","Parent Relationship": "Outer","Parallel Aware": false,"Async Capable": false,"Index Name": "idx_lineitem_shipdate","Startup Cost": 0.00,"Total Cost": 5642.90,"Plan Rows": 221847,"Plan Width": 0,"Actual Startup Time": 44.354,"Actual Total Time": 44.359,"Actual Rows": 229512,"Actual Loops": 1,"Index Cond": "((l_shipdate >= '1997-03-01'::date) AND (l_shipdate < '1997-06-01 00:00:00'::timestamp without time zone))"}]}]}]},{"Node Type": "Index Scan","Parent Relationship": "Outer","Parallel Aware": false,"Async Capable": false,"Scan Direction": "Forward","Index Name": "supplier_pkey","Relation Name": "supplier","Alias": "supplier","Startup Cost": 0.29,"Total Cost": 495.43,"Plan Rows": 10000,"Plan Width": 71,"Actual Startup Time": 0.093,"Actual Total Time": 14.023,"Actual Rows": 9474,"Actual Loops": 1},{"Node Type": "Sort","Parent Relationship": "Inner","Parallel Aware": false,"Async Capable": false,"Startup Cost": 124290.72,"Total Cost": 124290.85,"Plan Rows": 50,"Plan Width": 36,"Actual Startup Time": 2073.892,"Actual Total Time": 2073.908,"Actual Rows": 1,"Actual Loops": 1,"Sort Key": ["revenue0.supplier_no"],"Sort Method": "quicksort","Sort Space Used": 25,"Sort Space Type": "Memory","Plans": [{"Node Type": "Subquery Scan","Parent Relationship": "Outer","Parallel Aware": false,"Async Capable": false,"Alias": "revenue0","Startup Cost": 124138.71,"Total Cost": 124289.31,"Plan Rows": 50,"Plan Width": 36,"Actual Startup Time": 2060.592,"Actual Total Time": 2073.855,"Actual Rows": 1,"Actual Loops": 1,"Plans": [{"Node Type": "Aggregate","Strategy": "Hashed","Partial Mode": "Simple","Parent Relationship": "Subquery","Parallel Aware": false,"Async Capable": false,"Startup Cost": 124138.71,"Total Cost": 124288.81,"Plan Rows": 50,"Plan Width": 36,"Actual Startup Time": 2060.589,"Actual Total Time": 2073.846,"Actual Rows": 1,"Actual Loops": 1,"Group Key": ["lineitem.l_suppkey"],"Filter": "(sum((lineitem.l_extendedprice * ('1'::numeric - lineitem.l_discount))) = $0)","Planned Partitions": 0,"HashAgg Batches": 1,"Peak Memory Usage": 4497,"Disk Usage": 0,"Rows Removed by Filter": 9999,"Plans": [{"Node Type": "Bitmap Heap Scan","Parent Relationship": "Outer","Parallel Aware": false,"Async Capable": false,"Relation Name": "lineitem","Alias": "lineitem","Startup Cost": 5698.36,"Total Cost": 121920.24,"Plan Rows": 221847,"Plan Width": 16,"Actual Startup Time": 54.794,"Actual Total Time": 933.095,"Actual Rows": 229512,"Actual Loops": 1,"Recheck Cond": "((l_shipdate >= '1997-03-01'::date) AND (l_shipdate < '1997-06-01 00:00:00'::timestamp without time zone))","Rows Removed by Index Recheck": 0,"Exact Heap Blocks": 67095,"Lossy Heap Blocks": 0,"Plans": [{"Node Type": "Bitmap Index Scan","Parent Relationship": "Outer","Parallel Aware": false,"Async Capable": false,"Index Name": "idx_lineitem_shipdate","Startup Cost": 0.00,"Total Cost": 5642.90,"Plan Rows": 221847,"Plan Width": 0,"Actual Startup Time": 41.319,"Actual Total Time": 41.321,"Actual Rows": 229512,"Actual Loops": 1,"Index Cond": "((l_shipdate >= '1997-03-01'::date) AND (l_shipdate < '1997-06-01 00:00:00'::timestamp without time zone))"}]}]}]}]}]},"Planning Time": 4.209,"Triggers": [],"Execution Time": 2093.733}]
[{"Plan": {"Node Type": "Merge Join","Parallel Aware": false,"Async Capable": false,"Join Type": "Inner","Startup Cost": 248749.22,"Total Cost": 249270.12,"Plan Rows": 50,"Plan Width": 103,"Actual Startup Time": 1931.389,"Actual Total Time": 1931.417,"Actual Rows": 1,"Actual Loops": 1,"Inner Unique": true,"Merge Cond": "(supplier.s_suppkey = revenue0.supplier_no)","Plans": [{"Node Type": "Aggregate","Strategy": "Plain","Partial Mode": "Simple","Parent Relationship": "InitPlan","Subplan Name": "InitPlan 1 (returns $0)","Parallel Aware": false,"Async Capable": false,"Startup Cost": 124423.54,"Total Cost": 124423.55,"Plan Rows": 1,"Plan Width": 32,"Actual Startup Time": 829.182,"Actual Total Time": 829.192,"Actual Rows": 1,"Actual Loops": 1,"Plans": [{"Node Type": "Aggregate","Strategy": "Hashed","Partial Mode": "Simple","Parent Relationship": "Outer","Parallel Aware": false,"Async Capable": false,"Startup Cost": 124173.37,"Total Cost": 124298.46,"Plan Rows": 10007,"Plan Width": 36,"Actual Startup Time": 816.902,"Actual Total Time": 828.607,"Actual Rows": 10000,"Actual Loops": 1,"Group Key": ["lineitem_1.l_suppkey"],"Planned Partitions": 0,"HashAgg Batches": 1,"Peak Memory Usage": 4497,"Disk Usage": 0,"Plans": [{"Node Type": "Bitmap Heap Scan","Parent Relationship": "Outer","Parallel Aware": false,"Async Capable": false,"Relation Name": "lineitem","Alias": "lineitem_1","Startup Cost": 5912.97,"Total Cost": 121870.41,"Plan Rows": 230296,"Plan Width": 16,"Actual Startup Time": 50.257,"Actual Total Time": 644.900,"Actual Rows": 230072,"Actual Loops": 1,"Recheck Cond": "((l_shipdate >= '1995-10-01'::date) AND (l_shipdate < '1996-01-01 00:00:00'::timestamp without time zone))","Rows Removed by Index Recheck": 0,"Exact Heap Blocks": 67245,"Lossy Heap Blocks": 0,"Plans": [{"Node Type": "Bitmap Index Scan","Parent Relationship": "Outer","Parallel Aware": false,"Async Capable": false,"Index Name": "idx_lineitem_shipdate","Startup Cost": 0.00,"Total Cost": 5855.39,"Plan Rows": 230296,"Plan Width": 0,"Actual Startup Time": 36.768,"Actual Total Time": 36.770,"Actual Rows": 230072,"Actual Loops": 1,"Index Cond": "((l_shipdate >= '1995-10-01'::date) AND (l_shipdate < '1996-01-01 00:00:00'::timestamp without time zone))"}]}]}]},{"Node Type": "Index Scan","Parent Relationship": "Outer","Parallel Aware": false,"Async Capable": false,"Scan Direction": "Forward","Index Name": "supplier_pkey","Relation Name": "supplier","Alias": "supplier","Startup Cost": 0.29,"Total Cost": 495.43,"Plan Rows": 10000,"Plan Width": 71,"Actual Startup Time": 0.086,"Actual Total Time": 4.053,"Actual Rows": 2388,"Actual Loops": 1},{"Node Type": "Sort","Parent Relationship": "Inner","Parallel Aware": false,"Async Capable": false,"Startup Cost": 124325.38,"Total Cost": 124325.51,"Plan Rows": 50,"Plan Width": 36,"Actual Startup Time": 1927.160,"Actual Total Time": 1927.170,"Actual Rows": 1,"Actual Loops": 1,"Sort Key": ["revenue0.supplier_no"],"Sort Method": "quicksort","Sort Space Used": 25,"Sort Space Type": "Memory","Plans": [{"Node Type": "Subquery Scan","Parent Relationship": "Outer","Parallel Aware": false,"Async Capable": false,"Alias": "revenue0","Startup Cost": 124173.37,"Total Cost": 124323.97,"Plan Rows": 50,"Plan Width": 36,"Actual Startup Time": 1921.461,"Actual Total Time": 1927.124,"Actual Rows": 1,"Actual Loops": 1,"Plans": [{"Node Type": "Aggregate","Strategy": "Hashed","Partial Mode": "Simple","Parent Relationship": "Subquery","Parallel Aware": false,"Async Capable": false,"Startup Cost": 124173.37,"Total Cost": 124323.47,"Plan Rows": 50,"Plan Width": 36,"Actual Startup Time": 1921.452,"Actual Total Time": 1927.108,"Actual Rows": 1,"Actual Loops": 1,"Group Key": ["lineitem.l_suppkey"],"Filter": "(sum((lineitem.l_extendedprice * ('1'::numeric - lineitem.l_discount))) = $0)","Planned Partitions": 0,"HashAgg Batches": 1,"Peak Memory Usage": 4497,"Disk Usage": 0,"Rows Removed by Filter": 9999,"Plans": [{"Node Type": "Bitmap Heap Scan","Parent Relationship": "Outer","Parallel Aware": false,"Async Capable": false,"Relation Name": "lineitem","Alias": "lineitem","Startup Cost": 5912.97,"Total Cost": 121870.41,"Plan Rows": 230296,"Plan Width": 16,"Actual Startup Time": 50.046,"Actual Total Time": 890.624,"Actual Rows": 230072,"Actual Loops": 1,"Recheck Cond": "((l_shipdate >= '1995-10-01'::date) AND (l_shipdate < '1996-01-01 00:00:00'::timestamp without time zone))","Rows Removed by Index Recheck": 0,"Exact Heap Blocks": 67245,"Lossy Heap Blocks": 0,"Plans": [{"Node Type": "Bitmap Index Scan","Parent Relationship": "Outer","Parallel Aware": false,"Async Capable": false,"Index Name": "idx_lineitem_shipdate","Startup Cost": 0.00,"Total Cost": 5855.39,"Plan Rows": 230296,"Plan Width": 0,"Actual Startup Time": 36.694,"Actual Total Time": 36.694,"Actual Rows": 230072,"Actual Loops": 1,"Index Cond": "((l_shipdate >= '1995-10-01'::date) AND (l_shipdate < '1996-01-01 00:00:00'::timestamp without time zone))"}]}]}]}]}]},"Planning Time": 4.561,"Triggers": [],"Execution Time": 1934.601}]
[{"Plan": {"Node Type": "Merge Join","Parallel Aware": false,"Async Capable": false,"Join Type": "Inner","Startup Cost": 249429.21,"Total Cost": 249950.11,"Plan Rows": 50,"Plan Width": 103,"Actual Startup Time": 1898.287,"Actual Total Time": 1898.337,"Actual Rows": 1,"Actual Loops": 1,"Inner Unique": true,"Merge Cond": "(supplier.s_suppkey = revenue0.supplier_no)","Plans": [{"Node Type": "Aggregate","Strategy": "Plain","Partial Mode": "Simple","Parent Relationship": "InitPlan","Subplan Name": "InitPlan 1 (returns $0)","Parallel Aware": false,"Async Capable": false,"Startup Cost": 124763.54,"Total Cost": 124763.55,"Plan Rows": 1,"Plan Width": 32,"Actual Startup Time": 815.553,"Actual Total Time": 815.566,"Actual Rows": 1,"Actual Loops": 1,"Plans": [{"Node Type": "Aggregate","Strategy": "Hashed","Partial Mode": "Simple","Parent Relationship": "Outer","Parallel Aware": false,"Async Capable": false,"Startup Cost": 124513.36,"Total Cost": 124638.45,"Plan Rows": 10007,"Plan Width": 36,"Actual Startup Time": 809.471,"Actual Total Time": 814.969,"Actual Rows": 10000,"Actual Loops": 1,"Group Key": ["lineitem_1.l_suppkey"],"Planned Partitions": 0,"HashAgg Batches": 1,"Peak Memory Usage": 4497,"Disk Usage": 0,"Plans": [{"Node Type": "Bitmap Heap Scan","Parent Relationship": "Outer","Parallel Aware": false,"Async Capable": false,"Relation Name": "lineitem","Alias": "lineitem_1","Startup Cost": 6085.59,"Total Cost": 122143.46,"Plan Rows": 236991,"Plan Width": 16,"Actual Startup Time": 49.104,"Actual Total Time": 665.753,"Actual Rows": 225457,"Actual Loops": 1,"Recheck Cond": "((l_shipdate >= '1993-04-01'::date) AND (l_shipdate < '1993-07-01 00:00:00'::timestamp without time zone))","Rows Removed by Index Recheck": 0,"Exact Heap Blocks": 66507,"Lossy Heap Blocks": 0,"Plans": [{"Node Type": "Bitmap Index Scan","Parent Relationship": "Outer","Parallel Aware": false,"Async Capable": false,"Index Name": "idx_lineitem_shipdate","Startup Cost": 0.00,"Total Cost": 6026.34,"Plan Rows": 236991,"Plan Width": 0,"Actual Startup Time": 35.669,"Actual Total Time": 35.673,"Actual Rows": 225457,"Actual Loops": 1,"Index Cond": "((l_shipdate >= '1993-04-01'::date) AND (l_shipdate < '1993-07-01 00:00:00'::timestamp without time zone))"}]}]}]},{"Node Type": "Index Scan","Parent Relationship": "Outer","Parallel Aware": false,"Async Capable": false,"Scan Direction": "Forward","Index Name": "supplier_pkey","Relation Name": "supplier","Alias": "supplier","Startup Cost": 0.29,"Total Cost": 495.43,"Plan Rows": 10000,"Plan Width": 71,"Actual Startup Time": 0.093,"Actual Total Time": 12.333,"Actual Rows": 7478,"Actual Loops": 1},{"Node Type": "Sort","Parent Relationship": "Inner","Parallel Aware": false,"Async Capable": false,"Startup Cost": 124665.38,"Total Cost": 124665.50,"Plan Rows": 50,"Plan Width": 36,"Actual Startup Time": 1885.515,"Actual Total Time": 1885.531,"Actual Rows": 1,"Actual Loops": 1,"Sort Key": ["revenue0.supplier_no"],"Sort Method": "quicksort","Sort Space Used": 25,"Sort Space Type": "Memory","Plans": [{"Node Type": "Subquery Scan","Parent Relationship": "Outer","Parallel Aware": false,"Async Capable": false,"Alias": "revenue0","Startup Cost": 124513.36,"Total Cost": 124663.97,"Plan Rows": 50,"Plan Width": 36,"Actual Startup Time": 1880.649,"Actual Total Time": 1885.498,"Actual Rows": 1,"Actual Loops": 1,"Plans": [{"Node Type": "Aggregate","Strategy": "Hashed","Partial Mode": "Simple","Parent Relationship": "Subquery","Parallel Aware": false,"Async Capable": false,"Startup Cost": 124513.36,"Total Cost": 124663.47,"Plan Rows": 50,"Plan Width": 36,"Actual Startup Time": 1880.643,"Actual Total Time": 1885.490,"Actual Rows": 1,"Actual Loops": 1,"Group Key": ["lineitem.l_suppkey"],"Filter": "(sum((lineitem.l_extendedprice * ('1'::numeric - lineitem.l_discount))) = $0)","Planned Partitions": 0,"HashAgg Batches": 1,"Peak Memory Usage": 4497,"Disk Usage": 0,"Rows Removed by Filter": 9999,"Plans": [{"Node Type": "Bitmap Heap Scan","Parent Relationship": "Outer","Parallel Aware": false,"Async Capable": false,"Relation Name": "lineitem","Alias": "lineitem","Startup Cost": 6085.59,"Total Cost": 122143.46,"Plan Rows": 236991,"Plan Width": 16,"Actual Startup Time": 49.990,"Actual Total Time": 876.930,"Actual Rows": 225457,"Actual Loops": 1,"Recheck Cond": "((l_shipdate >= '1993-04-01'::date) AND (l_shipdate < '1993-07-01 00:00:00'::timestamp without time zone))","Rows Removed by Index Recheck": 0,"Exact Heap Blocks": 66507,"Lossy Heap Blocks": 0,"Plans": [{"Node Type": "Bitmap Index Scan","Parent Relationship": "Outer","Parallel Aware": false,"Async Capable": false,"Index Name": "idx_lineitem_shipdate","Startup Cost": 0.00,"Total Cost": 6026.34,"Plan Rows": 236991,"Plan Width": 0,"Actual Startup Time": 36.697,"Actual Total Time": 36.700,"Actual Rows": 225457,"Actual Loops": 1,"Index Cond": "((l_shipdate >= '1993-04-01'::date) AND (l_shipdate < '1993-07-01 00:00:00'::timestamp without time zone))"}]}]}]}]}]},"Planning Time": 4.174,"Triggers": [],"Execution Time": 1900.156}]
[{"Plan": {"Node Type": "Merge Join","Parallel Aware": false,"Async Capable": false,"Join Type": "Inner","Startup Cost": 248983.50,"Total Cost": 249504.39,"Plan Rows": 50,"Plan Width": 103,"Actual Startup Time": 1938.743,"Actual Total Time": 1938.793,"Actual Rows": 1,"Actual Loops": 1,"Inner Unique": true,"Merge Cond": "(supplier.s_suppkey = revenue0.supplier_no)","Plans": [{"Node Type": "Aggregate","Strategy": "Plain","Partial Mode": "Simple","Parent Relationship": "InitPlan","Subplan Name": "InitPlan 1 (returns $0)","Parallel Aware": false,"Async Capable": false,"Startup Cost": 124540.68,"Total Cost": 124540.69,"Plan Rows": 1,"Plan Width": 32,"Actual Startup Time": 839.155,"Actual Total Time": 839.170,"Actual Rows": 1,"Actual Loops": 1,"Plans": [{"Node Type": "Aggregate","Strategy": "Hashed","Partial Mode": "Simple","Parent Relationship": "Outer","Parallel Aware": false,"Async Capable": false,"Startup Cost": 124290.50,"Total Cost": 124415.59,"Plan Rows": 10007,"Plan Width": 36,"Actual Startup Time": 829.011,"Actual Total Time": 838.572,"Actual Rows": 10000,"Actual Loops": 1,"Group Key": ["lineitem_1.l_suppkey"],"Planned Partitions": 0,"HashAgg Batches": 1,"Peak Memory Usage": 4497,"Disk Usage": 0,"Plans": [{"Node Type": "Bitmap Heap Scan","Parent Relationship": "Outer","Parallel Aware": false,"Async Capable": false,"Relation Name": "lineitem","Alias": "lineitem_1","Startup Cost": 5640.16,"Total Cost": 122093.70,"Plan Rows": 219681,"Plan Width": 16,"Actual Startup Time": 57.904,"Actual Total Time": 668.211,"Actual Rows": 225815,"Actual Loops": 1,"Recheck Cond": "((l_shipdate >= '1996-12-01'::date) AND (l_shipdate < '1997-03-01 00:00:00'::timestamp without time zone))","Rows Removed by Index Recheck": 0,"Exact Heap Blocks": 66669,"Lossy Heap Blocks": 0,"Plans": [{"Node Type": "Bitmap Index Scan","Parent Relationship": "Outer","Parallel Aware": false,"Async Capable": false,"Index Name": "idx_lineitem_shipdate","Startup Cost": 0.00,"Total Cost": 5585.24,"Plan Rows": 219681,"Plan Width": 0,"Actual Startup Time": 44.432,"Actual Total Time": 44.435,"Actual Rows": 225815,"Actual Loops": 1,"Index Cond": "((l_shipdate >= '1996-12-01'::date) AND (l_shipdate < '1997-03-01 00:00:00'::timestamp without time zone))"}]}]}]},{"Node Type": "Index Scan","Parent Relationship": "Outer","Parallel Aware": false,"Async Capable": false,"Scan Direction": "Forward","Index Name": "supplier_pkey","Relation Name": "supplier","Alias": "supplier","Startup Cost": 0.29,"Total Cost": 495.43,"Plan Rows": 10000,"Plan Width": 71,"Actual Startup Time": 0.092,"Actual Total Time": 9.144,"Actual Rows": 5992,"Actual Loops": 1},{"Node Type": "Sort","Parent Relationship": "Inner","Parallel Aware": false,"Async Capable": false,"Startup Cost": 124442.52,"Total Cost": 124442.65,"Plan Rows": 50,"Plan Width": 36,"Actual Startup Time": 1929.238,"Actual Total Time": 1929.255,"Actual Rows": 1,"Actual Loops": 1,"Sort Key": ["revenue0.supplier_no"],"Sort Method": "quicksort","Sort Space Used": 25,"Sort Space Type": "Memory","Plans": [{"Node Type": "Subquery Scan","Parent Relationship": "Outer","Parallel Aware": false,"Async Capable": false,"Alias": "revenue0","Startup Cost": 124290.50,"Total Cost": 124441.11,"Plan Rows": 50,"Plan Width": 36,"Actual Startup Time": 1899.450,"Actual Total Time": 1929.215,"Actual Rows": 1,"Actual Loops": 1,"Plans": [{"Node Type": "Aggregate","Strategy": "Hashed","Partial Mode": "Simple","Parent Relationship": "Subquery","Parallel Aware": false,"Async Capable": false,"Startup Cost": 124290.50,"Total Cost": 124440.61,"Plan Rows": 50,"Plan Width": 36,"Actual Startup Time": 1899.446,"Actual Total Time": 1929.206,"Actual Rows": 1,"Actual Loops": 1,"Group Key": ["lineitem.l_suppkey"],"Filter": "(sum((lineitem.l_extendedprice * ('1'::numeric - lineitem.l_discount))) = $0)","Planned Partitions": 0,"HashAgg Batches": 1,"Peak Memory Usage": 4497,"Disk Usage": 0,"Rows Removed by Filter": 9999,"Plans": [{"Node Type": "Bitmap Heap Scan","Parent Relationship": "Outer","Parallel Aware": false,"Async Capable": false,"Relation Name": "lineitem","Alias": "lineitem","Startup Cost": 5640.16,"Total Cost": 122093.70,"Plan Rows": 219681,"Plan Width": 16,"Actual Startup Time": 57.890,"Actual Total Time": 893.942,"Actual Rows": 225815,"Actual Loops": 1,"Recheck Cond": "((l_shipdate >= '1996-12-01'::date) AND (l_shipdate < '1997-03-01 00:00:00'::timestamp without time zone))","Rows Removed by Index Recheck": 0,"Exact Heap Blocks": 66669,"Lossy Heap Blocks": 0,"Plans": [{"Node Type": "Bitmap Index Scan","Parent Relationship": "Outer","Parallel Aware": false,"Async Capable": false,"Index Name": "idx_lineitem_shipdate","Startup Cost": 0.00,"Total Cost": 5585.24,"Plan Rows": 219681,"Plan Width": 0,"Actual Startup Time": 44.501,"Actual Total Time": 44.501,"Actual Rows": 225815,"Actual Loops": 1,"Index Cond": "((l_shipdate >= '1996-12-01'::date) AND (l_shipdate < '1997-03-01 00:00:00'::timestamp without time zone))"}]}]}]}]}]},"Planning Time": 4.317,"Triggers": [],"Execution Time": 1941.817}]
[{"Plan": {"Node Type": "Merge Join","Parallel Aware": false,"Async Capable": false,"Join Type": "Inner","Startup Cost": 248579.05,"Total Cost": 249099.95,"Plan Rows": 50,"Plan Width": 103,"Actual Startup Time": 1976.935,"Actual Total Time": 1976.985,"Actual Rows": 1,"Actual Loops": 1,"Inner Unique": true,"Merge Cond": "(supplier.s_suppkey = revenue0.supplier_no)","Plans": [{"Node Type": "Aggregate","Strategy": "Plain","Partial Mode": "Simple","Parent Relationship": "InitPlan","Subplan Name": "InitPlan 1 (returns $0)","Parallel Aware": false,"Async Capable": false,"Startup Cost": 124338.46,"Total Cost": 124338.47,"Plan Rows": 1,"Plan Width": 32,"Actual Startup Time": 904.220,"Actual Total Time": 904.239,"Actual Rows": 1,"Actual Loops": 1,"Plans": [{"Node Type": "Aggregate","Strategy": "Hashed","Partial Mode": "Simple","Parent Relationship": "Outer","Parallel Aware": false,"Async Capable": false,"Startup Cost": 124088.28,"Total Cost": 124213.37,"Plan Rows": 10007,"Plan Width": 36,"Actual Startup Time": 892.707,"Actual Total Time": 903.575,"Actual Rows": 10000,"Actual Loops": 1,"Group Key": ["lineitem_1.l_suppkey"],"Planned Partitions": 0,"HashAgg Batches": 1,"Peak Memory Usage": 4497,"Disk Usage": 0,"Plans": [{"Node Type": "Bitmap Heap Scan","Parent Relationship": "Outer","Parallel Aware": false,"Async Capable": false,"Relation Name": "lineitem","Alias": "lineitem_1","Startup Cost": 5871.20,"Total Cost": 121802.65,"Plan Rows": 228563,"Plan Width": 16,"Actual Startup Time": 49.074,"Actual Total Time": 688.668,"Actual Rows": 229923,"Actual Loops": 1,"Recheck Cond": "((l_shipdate >= '1993-10-01'::date) AND (l_shipdate < '1994-01-01 00:00:00'::timestamp without time zone))","Rows Removed by Index Recheck": 0,"Exact Heap Blocks": 67189,"Lossy Heap Blocks": 0,"Plans": [{"Node Type": "Bitmap Index Scan","Parent Relationship": "Outer","Parallel Aware": false,"Async Capable": false,"Index Name": "idx_lineitem_shipdate","Startup Cost": 0.00,"Total Cost": 5814.06,"Plan Rows": 228563,"Plan Width": 0,"Actual Startup Time": 35.482,"Actual Total Time": 35.494,"Actual Rows": 229923,"Actual Loops": 1,"Index Cond": "((l_shipdate >= '1993-10-01'::date) AND (l_shipdate < '1994-01-01 00:00:00'::timestamp without time zone))"}]}]}]},{"Node Type": "Index Scan","Parent Relationship": "Outer","Parallel Aware": false,"Async Capable": false,"Scan Direction": "Forward","Index Name": "supplier_pkey","Relation Name": "supplier","Alias": "supplier","Startup Cost": 0.29,"Total Cost": 495.43,"Plan Rows": 10000,"Plan Width": 71,"Actual Startup Time": 0.088,"Actual Total Time": 5.655,"Actual Rows": 3497,"Actual Loops": 1},{"Node Type": "Sort","Parent Relationship": "Inner","Parallel Aware": false,"Async Capable": false,"Startup Cost": 124240.30,"Total Cost": 124240.42,"Plan Rows": 50,"Plan Width": 36,"Actual Startup Time": 1971.016,"Actual Total Time": 1971.036,"Actual Rows": 1,"Actual Loops": 1,"Sort Key": ["revenue0.supplier_no"],"Sort Method": "quicksort","Sort Space Used": 25,"Sort Space Type": "Memory","Plans": [{"Node Type": "Subquery Scan","Parent Relationship": "Outer","Parallel Aware": false,"Async Capable": false,"Alias": "revenue0","Startup Cost": 124088.28,"Total Cost": 124238.89,"Plan Rows": 50,"Plan Width": 36,"Actual Startup Time": 1964.632,"Actual Total Time": 1970.939,"Actual Rows": 1,"Actual Loops": 1,"Plans": [{"Node Type": "Aggregate","Strategy": "Hashed","Partial Mode": "Simple","Parent Relationship": "Subquery","Parallel Aware": false,"Async Capable": false,"Startup Cost": 124088.28,"Total Cost": 124238.39,"Plan Rows": 50,"Plan Width": 36,"Actual Startup Time": 1964.613,"Actual Total Time": 1970.893,"Actual Rows": 1,"Actual Loops": 1,"Group Key": ["lineitem.l_suppkey"],"Filter": "(sum((lineitem.l_extendedprice * ('1'::numeric - lineitem.l_discount))) = $0)","Planned Partitions": 0,"HashAgg Batches": 1,"Peak Memory Usage": 4497,"Disk Usage": 0,"Rows Removed by Filter": 9999,"Plans": [{"Node Type": "Bitmap Heap Scan","Parent Relationship": "Outer","Parallel Aware": false,"Async Capable": false,"Relation Name": "lineitem","Alias": "lineitem","Startup Cost": 5871.20,"Total Cost": 121802.65,"Plan Rows": 228563,"Plan Width": 16,"Actual Startup Time": 49.258,"Actual Total Time": 883.520,"Actual Rows": 229923,"Actual Loops": 1,"Recheck Cond": "((l_shipdate >= '1993-10-01'::date) AND (l_shipdate < '1994-01-01 00:00:00'::timestamp without time zone))","Rows Removed by Index Recheck": 0,"Exact Heap Blocks": 67189,"Lossy Heap Blocks": 0,"Plans": [{"Node Type": "Bitmap Index Scan","Parent Relationship": "Outer","Parallel Aware": false,"Async Capable": false,"Index Name": "idx_lineitem_shipdate","Startup Cost": 0.00,"Total Cost": 5814.06,"Plan Rows": 228563,"Plan Width": 0,"Actual Startup Time": 35.850,"Actual Total Time": 35.850,"Actual Rows": 229923,"Actual Loops": 1,"Index Cond": "((l_shipdate >= '1993-10-01'::date) AND (l_shipdate < '1994-01-01 00:00:00'::timestamp without time zone))"}]}]}]}]}]},"Planning Time": 4.959,"Triggers": [],"Execution Time": 1982.579}]
[{"Plan": {"Node Type": "Merge Join","Parallel Aware": false,"Async Capable": false,"Join Type": "Inner","Startup Cost": 249448.72,"Total Cost": 249969.61,"Plan Rows": 50,"Plan Width": 103,"Actual Startup Time": 1952.448,"Actual Total Time": 1952.508,"Actual Rows": 1,"Actual Loops": 1,"Inner Unique": true,"Merge Cond": "(supplier.s_suppkey = revenue0.supplier_no)","Plans": [{"Node Type": "Aggregate","Strategy": "Plain","Partial Mode": "Simple","Parent Relationship": "InitPlan","Subplan Name": "InitPlan 1 (returns $0)","Parallel Aware": false,"Async Capable": false,"Startup Cost": 124773.29,"Total Cost": 124773.30,"Plan Rows": 1,"Plan Width": 32,"Actual Startup Time": 900.052,"Actual Total Time": 900.075,"Actual Rows": 1,"Actual Loops": 1,"Plans": [{"Node Type": "Aggregate","Strategy": "Hashed","Partial Mode": "Simple","Parent Relationship": "Outer","Parallel Aware": false,"Async Capable": false,"Startup Cost": 124523.11,"Total Cost": 124648.20,"Plan Rows": 10007,"Plan Width": 36,"Actual Startup Time": 890.849,"Actual Total Time": 899.431,"Actual Rows": 10000,"Actual Loops": 1,"Group Key": ["lineitem_1.l_suppkey"],"Planned Partitions": 0,"HashAgg Batches": 1,"Peak Memory Usage": 4497,"Disk Usage": 0,"Plans": [{"Node Type": "Bitmap Heap Scan","Parent Relationship": "Outer","Parallel Aware": false,"Async Capable": false,"Relation Name": "lineitem","Alias": "lineitem_1","Startup Cost": 6091.26,"Total Cost": 122151.57,"Plan Rows": 237154,"Plan Width": 16,"Actual Startup Time": 48.844,"Actual Total Time": 683.550,"Actual Rows": 224101,"Actual Loops": 1,"Recheck Cond": "((l_shipdate >= '1994-12-01'::date) AND (l_shipdate < '1995-03-01 00:00:00'::timestamp without time zone))","Rows Removed by Index Recheck": 0,"Exact Heap Blocks": 66615,"Lossy Heap Blocks": 0,"Plans": [{"Node Type": "Bitmap Index Scan","Parent Relationship": "Outer","Parallel Aware": false,"Async Capable": false,"Index Name": "idx_lineitem_shipdate","Startup Cost": 0.00,"Total Cost": 6031.97,"Plan Rows": 237154,"Plan Width": 0,"Actual Startup Time": 35.547,"Actual Total Time": 35.567,"Actual Rows": 224101,"Actual Loops": 1,"Index Cond": "((l_shipdate >= '1994-12-01'::date) AND (l_shipdate < '1995-03-01 00:00:00'::timestamp without time zone))"}]}]}]},{"Node Type": "Index Scan","Parent Relationship": "Outer","Parallel Aware": false,"Async Capable": false,"Scan Direction": "Forward","Index Name": "supplier_pkey","Relation Name": "supplier","Alias": "supplier","Startup Cost": 0.29,"Total Cost": 495.43,"Plan Rows": 10000,"Plan Width": 71,"Actual Startup Time": 0.085,"Actual Total Time": 12.935,"Actual Rows": 8423,"Actual Loops": 1},{"Node Type": "Sort","Parent Relationship": "Inner","Parallel Aware": false,"Async Capable": false,"Startup Cost": 124675.13,"Total Cost": 124675.26,"Plan Rows": 50,"Plan Width": 36,"Actual Startup Time": 1938.983,"Actual Total Time": 1938.999,"Actual Rows": 1,"Actual Loops": 1,"Sort Key": ["revenue0.supplier_no"],"Sort Method": "quicksort","Sort Space Used": 25,"Sort Space Type": "Memory","Plans": [{"Node Type": "Subquery Scan","Parent Relationship": "Outer","Parallel Aware": false,"Async Capable": false,"Alias": "revenue0","Startup Cost": 124523.11,"Total Cost": 124673.72,"Plan Rows": 50,"Plan Width": 36,"Actual Startup Time": 1938.890,"Actual Total Time": 1938.948,"Actual Rows": 1,"Actual Loops": 1,"Plans": [{"Node Type": "Aggregate","Strategy": "Hashed","Partial Mode": "Simple","Parent Relationship": "Subquery","Parallel Aware": false,"Async Capable": false,"Startup Cost": 124523.11,"Total Cost": 124673.22,"Plan Rows": 50,"Plan Width": 36,"Actual Startup Time": 1938.875,"Actual Total Time": 1938.909,"Actual Rows": 1,"Actual Loops": 1,"Group Key": ["lineitem.l_suppkey"],"Filter": "(sum((lineitem.l_extendedprice * ('1'::numeric - lineitem.l_discount))) = $0)","Planned Partitions": 0,"HashAgg Batches": 1,"Peak Memory Usage": 4497,"Disk Usage": 0,"Rows Removed by Filter": 9999,"Plans": [{"Node Type": "Bitmap Heap Scan","Parent Relationship": "Outer","Parallel Aware": false,"Async Capable": false,"Relation Name": "lineitem","Alias": "lineitem","Startup Cost": 6091.26,"Total Cost": 122151.57,"Plan Rows": 237154,"Plan Width": 16,"Actual Startup Time": 49.105,"Actual Total Time": 856.632,"Actual Rows": 224101,"Actual Loops": 1,"Recheck Cond": "((l_shipdate >= '1994-12-01'::date) AND (l_shipdate < '1995-03-01 00:00:00'::timestamp without time zone))","Rows Removed by Index Recheck": 0,"Exact Heap Blocks": 66615,"Lossy Heap Blocks": 0,"Plans": [{"Node Type": "Bitmap Index Scan","Parent Relationship": "Outer","Parallel Aware": false,"Async Capable": false,"Index Name": "idx_lineitem_shipdate","Startup Cost": 0.00,"Total Cost": 6031.97,"Plan Rows": 237154,"Plan Width": 0,"Actual Startup Time": 35.803,"Actual Total Time": 35.803,"Actual Rows": 224101,"Actual Loops": 1,"Index Cond": "((l_shipdate >= '1994-12-01'::date) AND (l_shipdate < '1995-03-01 00:00:00'::timestamp without time zone))"}]}]}]}]}]},"Planning Time": 5.356,"Triggers": [],"Execution Time": 1958.420}]
[{"Plan": {"Node Type": "Merge Join","Parallel Aware": false,"Async Capable": false,"Join Type": "Inner","Startup Cost": 248853.69,"Total Cost": 249374.58,"Plan Rows": 50,"Plan Width": 103,"Actual Startup Time": 2069.794,"Actual Total Time": 2069.839,"Actual Rows": 1,"Actual Loops": 1,"Inner Unique": true,"Merge Cond": "(supplier.s_suppkey = revenue0.supplier_no)","Plans": [{"Node Type": "Aggregate","Strategy": "Plain","Partial Mode": "Simple","Parent Relationship": "InitPlan","Subplan Name": "InitPlan 1 (returns $0)","Parallel Aware": false,"Async Capable": false,"Startup Cost": 124475.78,"Total Cost": 124475.79,"Plan Rows": 1,"Plan Width": 32,"Actual Startup Time": 939.556,"Actual Total Time": 939.568,"Actual Rows": 1,"Actual Loops": 1,"Plans": [{"Node Type": "Aggregate","Strategy": "Hashed","Partial Mode": "Simple","Parent Relationship": "Outer","Parallel Aware": false,"Async Capable": false,"Startup Cost": 124225.60,"Total Cost": 124350.69,"Plan Rows": 10007,"Plan Width": 36,"Actual Startup Time": 931.775,"Actual Total Time": 938.967,"Actual Rows": 10000,"Actual Loops": 1,"Group Key": ["lineitem_1.l_suppkey"],"Planned Partitions": 0,"HashAgg Batches": 1,"Peak Memory Usage": 4497,"Disk Usage": 0,"Plans": [{"Node Type": "Bitmap Heap Scan","Parent Relationship": "Outer","Parallel Aware": false,"Async Capable": false,"Relation Name": "lineitem","Alias": "lineitem_1","Startup Cost": 5939.50,"Total Cost": 121912.36,"Plan Rows": 231324,"Plan Width": 16,"Actual Startup Time": 57.879,"Actual Total Time": 785.253,"Actual Rows": 226918,"Actual Loops": 1,"Recheck Cond": "((l_shipdate >= '1994-09-01'::date) AND (l_shipdate < '1994-12-01 00:00:00'::timestamp without time zone))","Rows Removed by Index Recheck": 0,"Exact Heap Blocks": 67096,"Lossy Heap Blocks": 0,"Plans": [{"Node Type": "Bitmap Index Scan","Parent Relationship": "Outer","Parallel Aware": false,"Async Capable": false,"Index Name": "idx_lineitem_shipdate","Startup Cost": 0.00,"Total Cost": 5881.67,"Plan Rows": 231324,"Plan Width": 0,"Actual Startup Time": 44.092,"Actual Total Time": 44.094,"Actual Rows": 226918,"Actual Loops": 1,"Index Cond": "((l_shipdate >= '1994-09-01'::date) AND (l_shipdate < '1994-12-01 00:00:00'::timestamp without time zone))"}]}]}]},{"Node Type": "Index Scan","Parent Relationship": "Outer","Parallel Aware": false,"Async Capable": false,"Scan Direction": "Forward","Index Name": "supplier_pkey","Relation Name": "supplier","Alias": "supplier","Startup Cost": 0.29,"Total Cost": 495.43,"Plan Rows": 10000,"Plan Width": 71,"Actual Startup Time": 0.128,"Actual Total Time": 7.377,"Actual Rows": 4443,"Actual Loops": 1},{"Node Type": "Sort","Parent Relationship": "Inner","Parallel Aware": false,"Async Capable": false,"Startup Cost": 124377.62,"Total Cost": 124377.74,"Plan Rows": 50,"Plan Width": 36,"Actual Startup Time": 2062.143,"Actual Total Time": 2062.163,"Actual Rows": 1,"Actual Loops": 1,"Sort Key": ["revenue0.supplier_no"],"Sort Method": "quicksort","Sort Space Used": 25,"Sort Space Type": "Memory","Plans": [{"Node Type": "Subquery Scan","Parent Relationship": "Outer","Parallel Aware": false,"Async Capable": false,"Alias": "revenue0","Startup Cost": 124225.60,"Total Cost": 124376.21,"Plan Rows": 50,"Plan Width": 36,"Actual Startup Time": 2040.368,"Actual Total Time": 2062.123,"Actual Rows": 1,"Actual Loops": 1,"Plans": [{"Node Type": "Aggregate","Strategy": "Hashed","Partial Mode": "Simple","Parent Relationship": "Subquery","Parallel Aware": false,"Async Capable": false,"Startup Cost": 124225.60,"Total Cost": 124375.71,"Plan Rows": 50,"Plan Width": 36,"Actual Startup Time": 2040.362,"Actual Total Time": 2062.108,"Actual Rows": 1,"Actual Loops": 1,"Group Key": ["lineitem.l_suppkey"],"Filter": "(sum((lineitem.l_extendedprice * ('1'::numeric - lineitem.l_discount))) = $0)","Planned Partitions": 0,"HashAgg Batches": 1,"Peak Memory Usage": 4497,"Disk Usage": 0,"Rows Removed by Filter": 9999,"Plans": [{"Node Type": "Bitmap Heap Scan","Parent Relationship": "Outer","Parallel Aware": false,"Async Capable": false,"Relation Name": "lineitem","Alias": "lineitem","Startup Cost": 5939.50,"Total Cost": 121912.36,"Plan Rows": 231324,"Plan Width": 16,"Actual Startup Time": 54.706,"Actual Total Time": 926.482,"Actual Rows": 226918,"Actual Loops": 1,"Recheck Cond": "((l_shipdate >= '1994-09-01'::date) AND (l_shipdate < '1994-12-01 00:00:00'::timestamp without time zone))","Rows Removed by Index Recheck": 0,"Exact Heap Blocks": 67096,"Lossy Heap Blocks": 0,"Plans": [{"Node Type": "Bitmap Index Scan","Parent Relationship": "Outer","Parallel Aware": false,"Async Capable": false,"Index Name": "idx_lineitem_shipdate","Startup Cost": 0.00,"Total Cost": 5881.67,"Plan Rows": 231324,"Plan Width": 0,"Actual Startup Time": 41.081,"Actual Total Time": 41.084,"Actual Rows": 226918,"Actual Loops": 1,"Index Cond": "((l_shipdate >= '1994-09-01'::date) AND (l_shipdate < '1994-12-01 00:00:00'::timestamp without time zone))"}]}]}]}]}]},"Planning Time": 4.073,"Triggers": [],"Execution Time": 2075.054}]
[{"Plan": {"Node Type": "Merge Join","Parallel Aware": false,"Async Capable": false,"Join Type": "Inner","Startup Cost": 248646.16,"Total Cost": 249167.06,"Plan Rows": 50,"Plan Width": 103,"Actual Startup Time": 2067.824,"Actual Total Time": 2067.872,"Actual Rows": 1,"Actual Loops": 1,"Inner Unique": true,"Merge Cond": "(supplier.s_suppkey = revenue0.supplier_no)","Plans": [{"Node Type": "Aggregate","Strategy": "Plain","Partial Mode": "Simple","Parent Relationship": "InitPlan","Subplan Name": "InitPlan 1 (returns $0)","Parallel Aware": false,"Async Capable": false,"Startup Cost": 124372.01,"Total Cost": 124372.02,"Plan Rows": 1,"Plan Width": 32,"Actual Startup Time": 931.824,"Actual Total Time": 931.838,"Actual Rows": 1,"Actual Loops": 1,"Plans": [{"Node Type": "Aggregate","Strategy": "Hashed","Partial Mode": "Simple","Parent Relationship": "Outer","Parallel Aware": false,"Async Capable": false,"Startup Cost": 124121.84,"Total Cost": 124246.93,"Plan Rows": 10007,"Plan Width": 36,"Actual Startup Time": 922.356,"Actual Total Time": 931.242,"Actual Rows": 10000,"Actual Loops": 1,"Group Key": ["lineitem_1.l_suppkey"],"Planned Partitions": 0,"HashAgg Batches": 1,"Peak Memory Usage": 4497,"Disk Usage": 0,"Plans": [{"Node Type": "Bitmap Heap Scan","Parent Relationship": "Outer","Parallel Aware": false,"Async Capable": false,"Relation Name": "lineitem","Alias": "lineitem_1","Startup Cost": 5886.63,"Total Cost": 121828.95,"Plan Rows": 229288,"Plan Width": 16,"Actual Startup Time": 58.527,"Actual Total Time": 775.769,"Actual Rows": 229065,"Actual Loops": 1,"Recheck Cond": "((l_shipdate >= '1994-08-01'::date) AND (l_shipdate < '1994-11-01 00:00:00'::timestamp without time zone))","Rows Removed by Index Recheck": 0,"Exact Heap Blocks": 67202,"Lossy Heap Blocks": 0,"Plans": [{"Node Type": "Bitmap Index Scan","Parent Relationship": "Outer","Parallel Aware": false,"Async Capable": false,"Index Name": "idx_lineitem_shipdate","Startup Cost": 0.00,"Total Cost": 5829.31,"Plan Rows": 229288,"Plan Width": 0,"Actual Startup Time": 45.025,"Actual Total Time": 45.031,"Actual Rows": 229065,"Actual Loops": 1,"Index Cond": "((l_shipdate >= '1994-08-01'::date) AND (l_shipdate < '1994-11-01 00:00:00'::timestamp without time zone))"}]}]}]},{"Node Type": "Index Scan","Parent Relationship": "Outer","Parallel Aware": false,"Async Capable": false,"Scan Direction": "Forward","Index Name": "supplier_pkey","Relation Name": "supplier","Alias": "supplier","Startup Cost": 0.29,"Total Cost": 495.43,"Plan Rows": 10000,"Plan Width": 71,"Actual Startup Time": 0.106,"Actual Total Time": 14.913,"Actual Rows": 9980,"Actual Loops": 1},{"Node Type": "Sort","Parent Relationship": "Inner","Parallel Aware": false,"Async Capable": false,"Startup Cost": 124273.86,"Total Cost": 124273.98,"Plan Rows": 50,"Plan Width": 36,"Actual Startup Time": 2052.345,"Actual Total Time": 2052.360,"Actual Rows": 1,"Actual Loops": 1,"Sort Key": ["revenue0.supplier_no"],"Sort Method": "quicksort","Sort Space Used": 25,"Sort Space Type": "Memory","Plans": [{"Node Type": "Subquery Scan","Parent Relationship": "Outer","Parallel Aware": false,"Async Capable": false,"Alias": "revenue0","Startup Cost": 124121.84,"Total Cost": 124272.44,"Plan Rows": 50,"Plan Width": 36,"Actual Startup Time": 2031.394,"Actual Total Time": 2052.312,"Actual Rows": 1,"Actual Loops": 1,"Plans": [{"Node Type": "Aggregate","Strategy": "Hashed","Partial Mode": "Simple","Parent Relationship": "Subquery","Parallel Aware": false,"Async Capable": false,"Startup Cost": 124121.84,"Total Cost": 124271.94,"Plan Rows": 50,"Plan Width": 36,"Actual Startup Time": 2031.385,"Actual Total Time": 2052.295,"Actual Rows": 1,"Actual Loops": 1,"Group Key": ["lineitem.l_suppkey"],"Filter": "(sum((lineitem.l_extendedprice * ('1'::numeric - lineitem.l_discount))) = $0)","Planned Partitions": 0,"HashAgg Batches": 1,"Peak Memory Usage": 4497,"Disk Usage": 0,"Rows Removed by Filter": 9999,"Plans": [{"Node Type": "Bitmap Heap Scan","Parent Relationship": "Outer","Parallel Aware": false,"Async Capable": false,"Relation Name": "lineitem","Alias": "lineitem","Startup Cost": 5886.63,"Total Cost": 121828.95,"Plan Rows": 229288,"Plan Width": 16,"Actual Startup Time": 54.472,"Actual Total Time": 926.953,"Actual Rows": 229065,"Actual Loops": 1,"Recheck Cond": "((l_shipdate >= '1994-08-01'::date) AND (l_shipdate < '1994-11-01 00:00:00'::timestamp without time zone))","Rows Removed by Index Recheck": 0,"Exact Heap Blocks": 67202,"Lossy Heap Blocks": 0,"Plans": [{"Node Type": "Bitmap Index Scan","Parent Relationship": "Outer","Parallel Aware": false,"Async Capable": false,"Index Name": "idx_lineitem_shipdate","Startup Cost": 0.00,"Total Cost": 5829.31,"Plan Rows": 229288,"Plan Width": 0,"Actual Startup Time": 41.071,"Actual Total Time": 41.073,"Actual Rows": 229065,"Actual Loops": 1,"Index Cond": "((l_shipdate >= '1994-08-01'::date) AND (l_shipdate < '1994-11-01 00:00:00'::timestamp without time zone))"}]}]}]}]}]},"Planning Time": 4.637,"Triggers": [],"Execution Time": 2073.259}]
[{"Plan": {"Node Type": "Merge Join","Parallel Aware": false,"Async Capable": false,"Join Type": "Inner","Startup Cost": 249444.62,"Total Cost": 249965.52,"Plan Rows": 50,"Plan Width": 103,"Actual Startup Time": 2087.809,"Actual Total Time": 2087.855,"Actual Rows": 1,"Actual Loops": 1,"Inner Unique": true,"Merge Cond": "(supplier.s_suppkey = revenue0.supplier_no)","Plans": [{"Node Type": "Aggregate","Strategy": "Plain","Partial Mode": "Simple","Parent Relationship": "InitPlan","Subplan Name": "InitPlan 1 (returns $0)","Parallel Aware": false,"Async Capable": false,"Startup Cost": 124771.24,"Total Cost": 124771.25,"Plan Rows": 1,"Plan Width": 32,"Actual Startup Time": 947.517,"Actual Total Time": 947.530,"Actual Rows": 1,"Actual Loops": 1,"Plans": [{"Node Type": "Aggregate","Strategy": "Hashed","Partial Mode": "Simple","Parent Relationship": "Outer","Parallel Aware": false,"Async Capable": false,"Startup Cost": 124521.07,"Total Cost": 124646.15,"Plan Rows": 10007,"Plan Width": 36,"Actual Startup Time": 940.365,"Actual Total Time": 946.934,"Actual Rows": 10000,"Actual Loops": 1,"Group Key": ["lineitem_1.l_suppkey"],"Planned Partitions": 0,"HashAgg Batches": 1,"Peak Memory Usage": 4497,"Disk Usage": 0,"Plans": [{"Node Type": "Bitmap Heap Scan","Parent Relationship": "Outer","Parallel Aware": false,"Async Capable": false,"Relation Name": "lineitem","Alias": "lineitem_1","Startup Cost": 6090.67,"Total Cost": 122150.11,"Plan Rows": 237096,"Plan Width": 16,"Actual Startup Time": 58.913,"Actual Total Time": 793.107,"Actual Rows": 230437,"Actual Loops": 1,"Recheck Cond": "((l_shipdate >= '1997-06-01'::date) AND (l_shipdate < '1997-09-01 00:00:00'::timestamp without time zone))","Rows Removed by Index Recheck": 0,"Exact Heap Blocks": 67249,"Lossy Heap Blocks": 0,"Plans": [{"Node Type": "Bitmap Index Scan","Parent Relationship": "Outer","Parallel Aware": false,"Async Capable": false,"Index Name": "idx_lineitem_shipdate","Startup Cost": 0.00,"Total Cost": 6031.39,"Plan Rows": 237096,"Plan Width": 0,"Actual Startup Time": 45.234,"Actual Total Time": 45.241,"Actual Rows": 230437,"Actual Loops": 1,"Index Cond": "((l_shipdate >= '1997-06-01'::date) AND (l_shipdate < '1997-09-01 00:00:00'::timestamp without time zone))"}]}]}]},{"Node Type": "Index Scan","Parent Relationship": "Outer","Parallel Aware": false,"Async Capable": false,"Scan Direction": "Forward","Index Name": "supplier_pkey","Relation Name": "supplier","Alias": "supplier","Startup Cost": 0.29,"Total Cost": 495.43,"Plan Rows": 10000,"Plan Width": 71,"Actual Startup Time": 0.071,"Actual Total Time": 8.069,"Actual Rows": 4963,"Actual Loops": 1},{"Node Type": "Sort","Parent Relationship": "Inner","Parallel Aware": false,"Async Capable": false,"Startup Cost": 124673.08,"Total Cost": 124673.21,"Plan Rows": 50,"Plan Width": 36,"Actual Startup Time": 2079.426,"Actual Total Time": 2079.438,"Actual Rows": 1,"Actual Loops": 1,"Sort Key": ["revenue0.supplier_no"],"Sort Method": "quicksort","Sort Space Used": 25,"Sort Space Type": "Memory","Plans": [{"Node Type": "Subquery Scan","Parent Relationship": "Outer","Parallel Aware": false,"Async Capable": false,"Alias": "revenue0","Startup Cost": 124521.07,"Total Cost": 124671.67,"Plan Rows": 50,"Plan Width": 36,"Actual Startup Time": 2064.256,"Actual Total Time": 2079.384,"Actual Rows": 1,"Actual Loops": 1,"Plans": [{"Node Type": "Aggregate","Strategy": "Hashed","Partial Mode": "Simple","Parent Relationship": "Subquery","Parallel Aware": false,"Async Capable": false,"Startup Cost": 124521.07,"Total Cost": 124671.17,"Plan Rows": 50,"Plan Width": 36,"Actual Startup Time": 2064.247,"Actual Total Time": 2079.364,"Actual Rows": 1,"Actual Loops": 1,"Group Key": ["lineitem.l_suppkey"],"Filter": "(sum((lineitem.l_extendedprice * ('1'::numeric - lineitem.l_discount))) = $0)","Planned Partitions": 0,"HashAgg Batches": 1,"Peak Memory Usage": 4497,"Disk Usage": 0,"Rows Removed by Filter": 9999,"Plans": [{"Node Type": "Bitmap Heap Scan","Parent Relationship": "Outer","Parallel Aware": false,"Async Capable": false,"Relation Name": "lineitem","Alias": "lineitem","Startup Cost": 6090.67,"Total Cost": 122150.11,"Plan Rows": 237096,"Plan Width": 16,"Actual Startup Time": 55.721,"Actual Total Time": 936.714,"Actual Rows": 230437,"Actual Loops": 1,"Recheck Cond": "((l_shipdate >= '1997-06-01'::date) AND (l_shipdate < '1997-09-01 00:00:00'::timestamp without time zone))","Rows Removed by Index Recheck": 0,"Exact Heap Blocks": 67249,"Lossy Heap Blocks": 0,"Plans": [{"Node Type": "Bitmap Index Scan","Parent Relationship": "Outer","Parallel Aware": false,"Async Capable": false,"Index Name": "idx_lineitem_shipdate","Startup Cost": 0.00,"Total Cost": 6031.39,"Plan Rows": 237096,"Plan Width": 0,"Actual Startup Time": 42.178,"Actual Total Time": 42.181,"Actual Rows": 230437,"Actual Loops": 1,"Index Cond": "((l_shipdate >= '1997-06-01'::date) AND (l_shipdate < '1997-09-01 00:00:00'::timestamp without time zone))"}]}]}]}]}]},"Planning Time": 4.884,"Triggers": [],"Execution Time": 2093.730}]
[{"Plan": {"Node Type": "Merge Join","Parallel Aware": false,"Async Capable": false,"Join Type": "Inner","Startup Cost": 249071.51,"Total Cost": 249592.41,"Plan Rows": 50,"Plan Width": 103,"Actual Startup Time": 2110.599,"Actual Total Time": 2110.677,"Actual Rows": 1,"Actual Loops": 1,"Inner Unique": true,"Merge Cond": "(supplier.s_suppkey = revenue0.supplier_no)","Plans": [{"Node Type": "Aggregate","Strategy": "Plain","Partial Mode": "Simple","Parent Relationship": "InitPlan","Subplan Name": "InitPlan 1 (returns $0)","Parallel Aware": false,"Async Capable": false,"Startup Cost": 124584.69,"Total Cost": 124584.70,"Plan Rows": 1,"Plan Width": 32,"Actual Startup Time": 993.769,"Actual Total Time": 993.795,"Actual Rows": 1,"Actual Loops": 1,"Plans": [{"Node Type": "Aggregate","Strategy": "Hashed","Partial Mode": "Simple","Parent Relationship": "Outer","Parallel Aware": false,"Async Capable": false,"Startup Cost": 124334.51,"Total Cost": 124459.60,"Plan Rows": 10007,"Plan Width": 36,"Actual Startup Time": 986.871,"Actual Total Time": 993.109,"Actual Rows": 10000,"Actual Loops": 1,"Group Key": ["lineitem_1.l_suppkey"],"Planned Partitions": 0,"HashAgg Batches": 1,"Peak Memory Usage": 4497,"Disk Usage": 0,"Plans": [{"Node Type": "Bitmap Heap Scan","Parent Relationship": "Outer","Parallel Aware": false,"Async Capable": false,"Relation Name": "lineitem","Alias": "lineitem_1","Startup Cost": 5625.90,"Total Cost": 122143.81,"Plan Rows": 219070,"Plan Width": 16,"Actual Startup Time": 58.722,"Actual Total Time": 774.337,"Actual Rows": 229004,"Actual Loops": 1,"Recheck Cond": "((l_shipdate >= '1993-11-01'::date) AND (l_shipdate < '1994-02-01 00:00:00'::timestamp without time zone))","Rows Removed by Index Recheck": 0,"Exact Heap Blocks": 67131,"Lossy Heap Blocks": 0,"Plans": [{"Node Type": "Bitmap Index Scan","Parent Relationship": "Outer","Parallel Aware": false,"Async Capable": false,"Index Name": "idx_lineitem_shipdate","Startup Cost": 0.00,"Total Cost": 5571.13,"Plan Rows": 219070,"Plan Width": 0,"Actual Startup Time": 44.914,"Actual Total Time": 44.935,"Actual Rows": 229004,"Actual Loops": 1,"Index Cond": "((l_shipdate >= '1993-11-01'::date) AND (l_shipdate < '1994-02-01 00:00:00'::timestamp without time zone))"}]}]}]},{"Node Type": "Index Scan","Parent Relationship": "Outer","Parallel Aware": false,"Async Capable": false,"Scan Direction": "Forward","Index Name": "supplier_pkey","Relation Name": "supplier","Alias": "supplier","Startup Cost": 0.29,"Total Cost": 495.43,"Plan Rows": 10000,"Plan Width": 71,"Actual Startup Time": 0.107,"Actual Total Time": 9.434,"Actual Rows": 5487,"Actual Loops": 1},{"Node Type": "Sort","Parent Relationship": "Inner","Parallel Aware": false,"Async Capable": false,"Startup Cost": 124486.53,"Total Cost": 124486.65,"Plan Rows": 50,"Plan Width": 36,"Actual Startup Time": 2100.793,"Actual Total Time": 2100.813,"Actual Rows": 1,"Actual Loops": 1,"Sort Key": ["revenue0.supplier_no"],"Sort Method": "quicksort","Sort Space Used": 25,"Sort Space Type": "Memory","Plans": [{"Node Type": "Subquery Scan","Parent Relationship": "Outer","Parallel Aware": false,"Async Capable": false,"Alias": "revenue0","Startup Cost": 124334.51,"Total Cost": 124485.12,"Plan Rows": 50,"Plan Width": 36,"Actual Startup Time": 2097.633,"Actual Total Time": 2100.707,"Actual Rows": 1,"Actual Loops": 1,"Plans": [{"Node Type": "Aggregate","Strategy": "Hashed","Partial Mode": "Simple","Parent Relationship": "Subquery","Parallel Aware": false,"Async Capable": false,"Startup Cost": 124334.51,"Total Cost": 124484.62,"Plan Rows": 50,"Plan Width": 36,"Actual Startup Time": 2097.616,"Actual Total Time": 2100.659,"Actual Rows": 1,"Actual Loops": 1,"Group Key": ["lineitem.l_suppkey"],"Filter": "(sum((lineitem.l_extendedprice * ('1'::numeric - lineitem.l_discount))) = $0)","Planned Partitions": 0,"HashAgg Batches": 1,"Peak Memory Usage": 4497,"Disk Usage": 0,"Rows Removed by Filter": 9999,"Plans": [{"Node Type": "Bitmap Heap Scan","Parent Relationship": "Outer","Parallel Aware": false,"Async Capable": false,"Relation Name": "lineitem","Alias": "lineitem","Startup Cost": 5625.90,"Total Cost": 122143.81,"Plan Rows": 219070,"Plan Width": 16,"Actual Startup Time": 54.544,"Actual Total Time": 928.571,"Actual Rows": 229004,"Actual Loops": 1,"Recheck Cond": "((l_shipdate >= '1993-11-01'::date) AND (l_shipdate < '1994-02-01 00:00:00'::timestamp without time zone))","Rows Removed by Index Recheck": 0,"Exact Heap Blocks": 67131,"Lossy Heap Blocks": 0,"Plans": [{"Node Type": "Bitmap Index Scan","Parent Relationship": "Outer","Parallel Aware": false,"Async Capable": false,"Index Name": "idx_lineitem_shipdate","Startup Cost": 0.00,"Total Cost": 5571.13,"Plan Rows": 219070,"Plan Width": 0,"Actual Startup Time": 41.027,"Actual Total Time": 41.029,"Actual Rows": 229004,"Actual Loops": 1,"Index Cond": "((l_shipdate >= '1993-11-01'::date) AND (l_shipdate < '1994-02-01 00:00:00'::timestamp without time zone))"}]}]}]}]}]},"Planning Time": 4.907,"Triggers": [],"Execution Time": 2115.877}]
[{"Plan": {"Node Type": "Merge Join","Parallel Aware": false,"Async Capable": false,"Join Type": "Inner","Startup Cost": 248243.53,"Total Cost": 248764.43,"Plan Rows": 50,"Plan Width": 103,"Actual Startup Time": 1915.884,"Actual Total Time": 1915.929,"Actual Rows": 1,"Actual Loops": 1,"Inner Unique": true,"Merge Cond": "(supplier.s_suppkey = revenue0.supplier_no)","Plans": [{"Node Type": "Aggregate","Strategy": "Plain","Partial Mode": "Simple","Parent Relationship": "InitPlan","Subplan Name": "InitPlan 1 (returns $0)","Parallel Aware": false,"Async Capable": false,"Startup Cost": 124170.70,"Total Cost": 124170.71,"Plan Rows": 1,"Plan Width": 32,"Actual Startup Time": 821.081,"Actual Total Time": 821.096,"Actual Rows": 1,"Actual Loops": 1,"Plans": [{"Node Type": "Aggregate","Strategy": "Hashed","Partial Mode": "Simple","Parent Relationship": "Outer","Parallel Aware": false,"Async Capable": false,"Startup Cost": 123920.52,"Total Cost": 124045.61,"Plan Rows": 10007,"Plan Width": 36,"Actual Startup Time": 813.173,"Actual Total Time": 820.503,"Actual Rows": 10000,"Actual Loops": 1,"Group Key": ["lineitem_1.l_suppkey"],"Planned Partitions": 0,"HashAgg Batches": 1,"Peak Memory Usage": 4497,"Disk Usage": 0,"Plans": [{"Node Type": "Bitmap Heap Scan","Parent Relationship": "Outer","Parallel Aware": false,"Async Capable": false,"Relation Name": "lineitem","Alias": "lineitem_1","Startup Cost": 5785.54,"Total Cost": 121667.73,"Plan Rows": 225279,"Plan Width": 16,"Actual Startup Time": 53.465,"Actual Total Time": 668.418,"Actual Rows": 228688,"Actual Loops": 1,"Recheck Cond": "((l_shipdate >= '1997-10-01'::date) AND (l_shipdate < '1998-01-01 00:00:00'::timestamp without time zone))","Rows Removed by Index Recheck": 0,"Exact Heap Blocks": 67089,"Lossy Heap Blocks": 0,"Plans": [{"Node Type": "Bitmap Index Scan","Parent Relationship": "Outer","Parallel Aware": false,"Async Capable": false,"Index Name": "idx_lineitem_shipdate","Startup Cost": 0.00,"Total Cost": 5729.22,"Plan Rows": 225279,"Plan Width": 0,"Actual Startup Time": 39.849,"Actual Total Time": 39.857,"Actual Rows": 228688,"Actual Loops": 1,"Index Cond": "((l_shipdate >= '1997-10-01'::date) AND (l_shipdate < '1998-01-01 00:00:00'::timestamp without time zone))"}]}]}]},{"Node Type": "Index Scan","Parent Relationship": "Outer","Parallel Aware": false,"Async Capable": false,"Scan Direction": "Forward","Index Name": "supplier_pkey","Relation Name": "supplier","Alias": "supplier","Startup Cost": 0.29,"Total Cost": 495.43,"Plan Rows": 10000,"Plan Width": 71,"Actual Startup Time": 0.114,"Actual Total Time": 13.613,"Actual Rows": 8489,"Actual Loops": 1},{"Node Type": "Sort","Parent Relationship": "Inner","Parallel Aware": false,"Async Capable": false,"Startup Cost": 124072.54,"Total Cost": 124072.66,"Plan Rows": 50,"Plan Width": 36,"Actual Startup Time": 1901.761,"Actual Total Time": 1901.777,"Actual Rows": 1,"Actual Loops": 1,"Sort Key": ["revenue0.supplier_no"],"Sort Method": "quicksort","Sort Space Used": 25,"Sort Space Type": "Memory","Plans": [{"Node Type": "Subquery Scan","Parent Relationship": "Outer","Parallel Aware": false,"Async Capable": false,"Alias": "revenue0","Startup Cost": 123920.52,"Total Cost": 124071.13,"Plan Rows": 50,"Plan Width": 36,"Actual Startup Time": 1891.664,"Actual Total Time": 1901.731,"Actual Rows": 1,"Actual Loops": 1,"Plans": [{"Node Type": "Aggregate","Strategy": "Hashed","Partial Mode": "Simple","Parent Relationship": "Subquery","Parallel Aware": false,"Async Capable": false,"Startup Cost": 123920.52,"Total Cost": 124070.63,"Plan Rows": 50,"Plan Width": 36,"Actual Startup Time": 1891.658,"Actual Total Time": 1901.722,"Actual Rows": 1,"Actual Loops": 1,"Group Key": ["lineitem.l_suppkey"],"Filter": "(sum((lineitem.l_extendedprice * ('1'::numeric - lineitem.l_discount))) = $0)","Planned Partitions": 0,"HashAgg Batches": 1,"Peak Memory Usage": 4497,"Disk Usage": 0,"Rows Removed by Filter": 9999,"Plans": [{"Node Type": "Bitmap Heap Scan","Parent Relationship": "Outer","Parallel Aware": false,"Async Capable": false,"Relation Name": "lineitem","Alias": "lineitem","Startup Cost": 5785.54,"Total Cost": 121667.73,"Plan Rows": 225279,"Plan Width": 16,"Actual Startup Time": 53.563,"Actual Total Time": 882.400,"Actual Rows": 228688,"Actual Loops": 1,"Recheck Cond": "((l_shipdate >= '1997-10-01'::date) AND (l_shipdate < '1998-01-01 00:00:00'::timestamp without time zone))","Rows Removed by Index Recheck": 0,"Exact Heap Blocks": 67089,"Lossy Heap Blocks": 0,"Plans": [{"Node Type": "Bitmap Index Scan","Parent Relationship": "Outer","Parallel Aware": false,"Async Capable": false,"Index Name": "idx_lineitem_shipdate","Startup Cost": 0.00,"Total Cost": 5729.22,"Plan Rows": 225279,"Plan Width": 0,"Actual Startup Time": 40.246,"Actual Total Time": 40.250,"Actual Rows": 228688,"Actual Loops": 1,"Index Cond": "((l_shipdate >= '1997-10-01'::date) AND (l_shipdate < '1998-01-01 00:00:00'::timestamp without time zone))"}]}]}]}]}]},"Planning Time": 3.944,"Triggers": [],"Execution Time": 1917.936}]
[{"Plan": {"Node Type": "Merge Join","Parallel Aware": false,"Async Capable": false,"Join Type": "Inner","Startup Cost": 249160.41,"Total Cost": 249681.31,"Plan Rows": 50,"Plan Width": 103,"Actual Startup Time": 2073.279,"Actual Total Time": 2073.319,"Actual Rows": 1,"Actual Loops": 1,"Inner Unique": true,"Merge Cond": "(supplier.s_suppkey = revenue0.supplier_no)","Plans": [{"Node Type": "Aggregate","Strategy": "Plain","Partial Mode": "Simple","Parent Relationship": "InitPlan","Subplan Name": "InitPlan 1 (returns $0)","Parallel Aware": false,"Async Capable": false,"Startup Cost": 124629.14,"Total Cost": 124629.15,"Plan Rows": 1,"Plan Width": 32,"Actual Startup Time": 939.006,"Actual Total Time": 939.018,"Actual Rows": 1,"Actual Loops": 1,"Plans": [{"Node Type": "Aggregate","Strategy": "Hashed","Partial Mode": "Simple","Parent Relationship": "Outer","Parallel Aware": false,"Async Capable": false,"Startup Cost": 124378.96,"Total Cost": 124504.05,"Plan Rows": 10007,"Plan Width": 36,"Actual Startup Time": 931.108,"Actual Total Time": 938.419,"Actual Rows": 10000,"Actual Loops": 1,"Group Key": ["lineitem_1.l_suppkey"],"Planned Partitions": 0,"HashAgg Batches": 1,"Peak Memory Usage": 4497,"Disk Usage": 0,"Plans": [{"Node Type": "Bitmap Heap Scan","Parent Relationship": "Outer","Parallel Aware": false,"Async Capable": false,"Relation Name": "lineitem","Alias": "lineitem_1","Startup Cost": 6018.14,"Total Cost": 122035.84,"Plan Rows": 234313,"Plan Width": 16,"Actual Startup Time": 52.989,"Actual Total Time": 776.177,"Actual Rows": 229123,"Actual Loops": 1,"Recheck Cond": "((l_shipdate >= '1994-11-01'::date) AND (l_shipdate < '1995-02-01 00:00:00'::timestamp without time zone))","Rows Removed by Index Recheck": 0,"Exact Heap Blocks": 67216,"Lossy Heap Blocks": 0,"Plans": [{"Node Type": "Bitmap Index Scan","Parent Relationship": "Outer","Parallel Aware": false,"Async Capable": false,"Index Name": "idx_lineitem_shipdate","Startup Cost": 0.00,"Total Cost": 5959.56,"Plan Rows": 234313,"Plan Width": 0,"Actual Startup Time": 39.328,"Actual Total Time": 39.335,"Actual Rows": 229123,"Actual Loops": 1,"Index Cond": "((l_shipdate >= '1994-11-01'::date) AND (l_shipdate < '1995-02-01 00:00:00'::timestamp without time zone))"}]}]}]},{"Node Type": "Index Scan","Parent Relationship": "Outer","Parallel Aware": false,"Async Capable": false,"Scan Direction": "Forward","Index Name": "supplier_pkey","Relation Name": "supplier","Alias": "supplier","Startup Cost": 0.29,"Total Cost": 495.43,"Plan Rows": 10000,"Plan Width": 71,"Actual Startup Time": 0.068,"Actual Total Time": 3.400,"Actual Rows": 1942,"Actual Loops": 1},{"Node Type": "Sort","Parent Relationship": "Inner","Parallel Aware": false,"Async Capable": false,"Startup Cost": 124530.98,"Total Cost": 124531.10,"Plan Rows": 50,"Plan Width": 36,"Actual Startup Time": 2069.742,"Actual Total Time": 2069.754,"Actual Rows": 1,"Actual Loops": 1,"Sort Key": ["revenue0.supplier_no"],"Sort Method": "quicksort","Sort Space Used": 25,"Sort Space Type": "Memory","Plans": [{"Node Type": "Subquery Scan","Parent Relationship": "Outer","Parallel Aware": false,"Async Capable": false,"Alias": "revenue0","Startup Cost": 124378.96,"Total Cost": 124529.57,"Plan Rows": 50,"Plan Width": 36,"Actual Startup Time": 2038.680,"Actual Total Time": 2069.702,"Actual Rows": 1,"Actual Loops": 1,"Plans": [{"Node Type": "Aggregate","Strategy": "Hashed","Partial Mode": "Simple","Parent Relationship": "Subquery","Parallel Aware": false,"Async Capable": false,"Startup Cost": 124378.96,"Total Cost": 124529.07,"Plan Rows": 50,"Plan Width": 36,"Actual Startup Time": 2038.671,"Actual Total Time": 2069.682,"Actual Rows": 1,"Actual Loops": 1,"Group Key": ["lineitem.l_suppkey"],"Filter": "(sum((lineitem.l_extendedprice * ('1'::numeric - lineitem.l_discount))) = $0)","Planned Partitions": 0,"HashAgg Batches": 1,"Peak Memory Usage": 4497,"Disk Usage": 0,"Rows Removed by Filter": 9999,"Plans": [{"Node Type": "Bitmap Heap Scan","Parent Relationship": "Outer","Parallel Aware": false,"Async Capable": false,"Relation Name": "lineitem","Alias": "lineitem","Startup Cost": 6018.14,"Total Cost": 122035.84,"Plan Rows": 234313,"Plan Width": 16,"Actual Startup Time": 55.954,"Actual Total Time": 934.360,"Actual Rows": 229123,"Actual Loops": 1,"Recheck Cond": "((l_shipdate >= '1994-11-01'::date) AND (l_shipdate < '1995-02-01 00:00:00'::timestamp without time zone))","Rows Removed by Index Recheck": 0,"Exact Heap Blocks": 67216,"Lossy Heap Blocks": 0,"Plans": [{"Node Type": "Bitmap Index Scan","Parent Relationship": "Outer","Parallel Aware": false,"Async Capable": false,"Index Name": "idx_lineitem_shipdate","Startup Cost": 0.00,"Total Cost": 5959.56,"Plan Rows": 234313,"Plan Width": 0,"Actual Startup Time": 42.235,"Actual Total Time": 42.239,"Actual Rows": 229123,"Actual Loops": 1,"Index Cond": "((l_shipdate >= '1994-11-01'::date) AND (l_shipdate < '1995-02-01 00:00:00'::timestamp without time zone))"}]}]}]}]}]},"Planning Time": 5.241,"Triggers": [],"Execution Time": 2077.503}]
[{"Plan": {"Node Type": "Merge Join","Parallel Aware": false,"Async Capable": false,"Join Type": "Inner","Startup Cost": 249108.95,"Total Cost": 249629.85,"Plan Rows": 50,"Plan Width": 103,"Actual Startup Time": 2087.724,"Actual Total Time": 2087.761,"Actual Rows": 1,"Actual Loops": 1,"Inner Unique": true,"Merge Cond": "(supplier.s_suppkey = revenue0.supplier_no)","Plans": [{"Node Type": "Aggregate","Strategy": "Plain","Partial Mode": "Simple","Parent Relationship": "InitPlan","Subplan Name": "InitPlan 1 (returns $0)","Parallel Aware": false,"Async Capable": false,"Startup Cost": 124603.41,"Total Cost": 124603.42,"Plan Rows": 1,"Plan Width": 32,"Actual Startup Time": 943.876,"Actual Total Time": 943.892,"Actual Rows": 1,"Actual Loops": 1,"Plans": [{"Node Type": "Aggregate","Strategy": "Hashed","Partial Mode": "Simple","Parent Relationship": "Outer","Parallel Aware": false,"Async Capable": false,"Startup Cost": 124353.23,"Total Cost": 124478.32,"Plan Rows": 10007,"Plan Width": 36,"Actual Startup Time": 936.828,"Actual Total Time": 943.290,"Actual Rows": 10000,"Actual Loops": 1,"Group Key": ["lineitem_1.l_suppkey"],"Planned Partitions": 0,"HashAgg Batches": 1,"Peak Memory Usage": 4497,"Disk Usage": 0,"Plans": [{"Node Type": "Bitmap Heap Scan","Parent Relationship": "Outer","Parallel Aware": false,"Async Capable": false,"Relation Name": "lineitem","Alias": "lineitem_1","Startup Cost": 6004.98,"Total Cost": 122015.13,"Plan Rows": 233810,"Plan Width": 16,"Actual Startup Time": 58.797,"Actual Total Time": 790.100,"Actual Rows": 229794,"Actual Loops": 1,"Recheck Cond": "((l_shipdate >= '1997-08-01'::date) AND (l_shipdate < '1997-11-01 00:00:00'::timestamp without time zone))","Rows Removed by Index Recheck": 0,"Exact Heap Blocks": 67334,"Lossy Heap Blocks": 0,"Plans": [{"Node Type": "Bitmap Index Scan","Parent Relationship": "Outer","Parallel Aware": false,"Async Capable": false,"Index Name": "idx_lineitem_shipdate","Startup Cost": 0.00,"Total Cost": 5946.53,"Plan Rows": 233810,"Plan Width": 0,"Actual Startup Time": 45.013,"Actual Total Time": 45.020,"Actual Rows": 229794,"Actual Loops": 1,"Index Cond": "((l_shipdate >= '1997-08-01'::date) AND (l_shipdate < '1997-11-01 00:00:00'::timestamp without time zone))"}]}]}]},{"Node Type": "Index Scan","Parent Relationship": "Outer","Parallel Aware": false,"Async Capable": false,"Scan Direction": "Forward","Index Name": "supplier_pkey","Relation Name": "supplier","Alias": "supplier","Startup Cost": 0.29,"Total Cost": 495.43,"Plan Rows": 10000,"Plan Width": 71,"Actual Startup Time": 0.109,"Actual Total Time": 13.835,"Actual Rows": 8863,"Actual Loops": 1},{"Node Type": "Sort","Parent Relationship": "Inner","Parallel Aware": false,"Async Capable": false,"Startup Cost": 124505.25,"Total Cost": 124505.37,"Plan Rows": 50,"Plan Width": 36,"Actual Startup Time": 2073.397,"Actual Total Time": 2073.405,"Actual Rows": 1,"Actual Loops": 1,"Sort Key": ["revenue0.supplier_no"],"Sort Method": "quicksort","Sort Space Used": 25,"Sort Space Type": "Memory","Plans": [{"Node Type": "Subquery Scan","Parent Relationship": "Outer","Parallel Aware": false,"Async Capable": false,"Alias": "revenue0","Startup Cost": 124353.23,"Total Cost": 124503.84,"Plan Rows": 50,"Plan Width": 36,"Actual Startup Time": 2063.613,"Actual Total Time": 2073.361,"Actual Rows": 1,"Actual Loops": 1,"Plans": [{"Node Type": "Aggregate","Strategy": "Hashed","Partial Mode": "Simple","Parent Relationship": "Subquery","Parallel Aware": false,"Async Capable": false,"Startup Cost": 124353.23,"Total Cost": 124503.34,"Plan Rows": 50,"Plan Width": 36,"Actual Startup Time": 2063.607,"Actual Total Time": 2073.353,"Actual Rows": 1,"Actual Loops": 1,"Group Key": ["lineitem.l_suppkey"],"Filter": "(sum((lineitem.l_extendedprice * ('1'::numeric - lineitem.l_discount))) = $0)","Planned Partitions": 0,"HashAgg Batches": 1,"Peak Memory Usage": 4497,"Disk Usage": 0,"Rows Removed by Filter": 9999,"Plans": [{"Node Type": "Bitmap Heap Scan","Parent Relationship": "Outer","Parallel Aware": false,"Async Capable": false,"Relation Name": "lineitem","Alias": "lineitem","Startup Cost": 6004.98,"Total Cost": 122015.13,"Plan Rows": 233810,"Plan Width": 16,"Actual Startup Time": 55.239,"Actual Total Time": 931.307,"Actual Rows": 229794,"Actual Loops": 1,"Recheck Cond": "((l_shipdate >= '1997-08-01'::date) AND (l_shipdate < '1997-11-01 00:00:00'::timestamp without time zone))","Rows Removed by Index Recheck": 0,"Exact Heap Blocks": 67334,"Lossy Heap Blocks": 0,"Plans": [{"Node Type": "Bitmap Index Scan","Parent Relationship": "Outer","Parallel Aware": false,"Async Capable": false,"Index Name": "idx_lineitem_shipdate","Startup Cost": 0.00,"Total Cost": 5946.53,"Plan Rows": 233810,"Plan Width": 0,"Actual Startup Time": 41.454,"Actual Total Time": 41.455,"Actual Rows": 229794,"Actual Loops": 1,"Index Cond": "((l_shipdate >= '1997-08-01'::date) AND (l_shipdate < '1997-11-01 00:00:00'::timestamp without time zone))"}]}]}]}]}]},"Planning Time": 5.207,"Triggers": [],"Execution Time": 2094.251}]
[{"Plan": {"Node Type": "Merge Join","Parallel Aware": false,"Async Capable": false,"Join Type": "Inner","Startup Cost": 248878.98,"Total Cost": 249399.87,"Plan Rows": 50,"Plan Width": 103,"Actual Startup Time": 1926.035,"Actual Total Time": 1926.074,"Actual Rows": 1,"Actual Loops": 1,"Inner Unique": true,"Merge Cond": "(supplier.s_suppkey = revenue0.supplier_no)","Plans": [{"Node Type": "Aggregate","Strategy": "Plain","Partial Mode": "Simple","Parent Relationship": "InitPlan","Subplan Name": "InitPlan 1 (returns $0)","Parallel Aware": false,"Async Capable": false,"Startup Cost": 124488.42,"Total Cost": 124488.43,"Plan Rows": 1,"Plan Width": 32,"Actual Startup Time": 836.881,"Actual Total Time": 836.892,"Actual Rows": 1,"Actual Loops": 1,"Plans": [{"Node Type": "Aggregate","Strategy": "Hashed","Partial Mode": "Simple","Parent Relationship": "Outer","Parallel Aware": false,"Async Capable": false,"Startup Cost": 124238.24,"Total Cost": 124363.33,"Plan Rows": 10007,"Plan Width": 36,"Actual Startup Time": 829.174,"Actual Total Time": 836.298,"Actual Rows": 10000,"Actual Loops": 1,"Group Key": ["lineitem_1.l_suppkey"],"Planned Partitions": 0,"HashAgg Batches": 1,"Peak Memory Usage": 4497,"Disk Usage": 0,"Plans": [{"Node Type": "Bitmap Heap Scan","Parent Relationship": "Outer","Parallel Aware": false,"Async Capable": false,"Relation Name": "lineitem","Alias": "lineitem_1","Startup Cost": 5946.01,"Total Cost": 121922.55,"Plan Rows": 231569,"Plan Width": 16,"Actual Startup Time": 58.548,"Actual Total Time": 683.907,"Actual Rows": 231305,"Actual Loops": 1,"Recheck Cond": "((l_shipdate >= '1995-08-01'::date) AND (l_shipdate < '1995-11-01 00:00:00'::timestamp without time zone))","Rows Removed by Index Recheck": 0,"Exact Heap Blocks": 67198,"Lossy Heap Blocks": 0,"Plans": [{"Node Type": "Bitmap Index Scan","Parent Relationship": "Outer","Parallel Aware": false,"Async Capable": false,"Index Name": "idx_lineitem_shipdate","Startup Cost": 0.00,"Total Cost": 5888.12,"Plan Rows": 231569,"Plan Width": 0,"Actual Startup Time": 44.811,"Actual Total Time": 44.815,"Actual Rows": 231305,"Actual Loops": 1,"Index Cond": "((l_shipdate >= '1995-08-01'::date) AND (l_shipdate < '1995-11-01 00:00:00'::timestamp without time zone))"}]}]}]},{"Node Type": "Index Scan","Parent Relationship": "Outer","Parallel Aware": false,"Async Capable": false,"Scan Direction": "Forward","Index Name": "supplier_pkey","Relation Name": "supplier","Alias": "supplier","Startup Cost": 0.29,"Total Cost": 495.43,"Plan Rows": 10000,"Plan Width": 71,"Actual Startup Time": 0.102,"Actual Total Time": 3.125,"Actual Rows": 1822,"Actual Loops": 1},{"Node Type": "Sort","Parent Relationship": "Inner","Parallel Aware": false,"Async Capable": false,"Startup Cost": 124390.26,"Total Cost": 124390.39,"Plan Rows": 50,"Plan Width": 36,"Actual Startup Time": 1922.770,"Actual Total Time": 1922.783,"Actual Rows": 1,"Actual Loops": 1,"Sort Key": ["revenue0.supplier_no"],"Sort Method": "quicksort","Sort Space Used": 25,"Sort Space Type": "Memory","Plans": [{"Node Type": "Subquery Scan","Parent Relationship": "Outer","Parallel Aware": false,"Async Capable": false,"Alias": "revenue0","Startup Cost": 124238.24,"Total Cost": 124388.85,"Plan Rows": 50,"Plan Width": 36,"Actual Startup Time": 1898.789,"Actual Total Time": 1922.734,"Actual Rows": 1,"Actual Loops": 1,"Plans": [{"Node Type": "Aggregate","Strategy": "Hashed","Partial Mode": "Simple","Parent Relationship": "Subquery","Parallel Aware": false,"Async Capable": false,"Startup Cost": 124238.24,"Total Cost": 124388.35,"Plan Rows": 50,"Plan Width": 36,"Actual Startup Time": 1898.783,"Actual Total Time": 1922.722,"Actual Rows": 1,"Actual Loops": 1,"Group Key": ["lineitem.l_suppkey"],"Filter": "(sum((lineitem.l_extendedprice * ('1'::numeric - lineitem.l_discount))) = $0)","Planned Partitions": 0,"HashAgg Batches": 1,"Peak Memory Usage": 4497,"Disk Usage": 0,"Rows Removed by Filter": 9999,"Plans": [{"Node Type": "Bitmap Heap Scan","Parent Relationship": "Outer","Parallel Aware": false,"Async Capable": false,"Relation Name": "lineitem","Alias": "lineitem","Startup Cost": 5946.01,"Total Cost": 121922.55,"Plan Rows": 231569,"Plan Width": 16,"Actual Startup Time": 58.467,"Actual Total Time": 886.844,"Actual Rows": 231305,"Actual Loops": 1,"Recheck Cond": "((l_shipdate >= '1995-08-01'::date) AND (l_shipdate < '1995-11-01 00:00:00'::timestamp without time zone))","Rows Removed by Index Recheck": 0,"Exact Heap Blocks": 67198,"Lossy Heap Blocks": 0,"Plans": [{"Node Type": "Bitmap Index Scan","Parent Relationship": "Outer","Parallel Aware": false,"Async Capable": false,"Index Name": "idx_lineitem_shipdate","Startup Cost": 0.00,"Total Cost": 5888.12,"Plan Rows": 231569,"Plan Width": 0,"Actual Startup Time": 45.062,"Actual Total Time": 45.065,"Actual Rows": 231305,"Actual Loops": 1,"Index Cond": "((l_shipdate >= '1995-08-01'::date) AND (l_shipdate < '1995-11-01 00:00:00'::timestamp without time zone))"}]}]}]}]}]},"Planning Time": 4.599,"Triggers": [],"Execution Time": 1928.090}]
[{"Plan": {"Node Type": "Merge Join","Parallel Aware": false,"Async Capable": false,"Join Type": "Inner","Startup Cost": 249118.89,"Total Cost": 249639.79,"Plan Rows": 50,"Plan Width": 103,"Actual Startup Time": 2101.709,"Actual Total Time": 2101.748,"Actual Rows": 1,"Actual Loops": 1,"Inner Unique": true,"Merge Cond": "(supplier.s_suppkey = revenue0.supplier_no)","Plans": [{"Node Type": "Aggregate","Strategy": "Plain","Partial Mode": "Simple","Parent Relationship": "InitPlan","Subplan Name": "InitPlan 1 (returns $0)","Parallel Aware": false,"Async Capable": false,"Startup Cost": 124608.38,"Total Cost": 124608.39,"Plan Rows": 1,"Plan Width": 32,"Actual Startup Time": 954.180,"Actual Total Time": 954.190,"Actual Rows": 1,"Actual Loops": 1,"Plans": [{"Node Type": "Aggregate","Strategy": "Hashed","Partial Mode": "Simple","Parent Relationship": "Outer","Parallel Aware": false,"Async Capable": false,"Startup Cost": 124358.20,"Total Cost": 124483.29,"Plan Rows": 10007,"Plan Width": 36,"Actual Startup Time": 944.717,"Actual Total Time": 953.609,"Actual Rows": 10000,"Actual Loops": 1,"Group Key": ["lineitem_1.l_suppkey"],"Planned Partitions": 0,"HashAgg Batches": 1,"Peak Memory Usage": 4497,"Disk Usage": 0,"Plans": [{"Node Type": "Bitmap Heap Scan","Parent Relationship": "Outer","Parallel Aware": false,"Async Capable": false,"Relation Name": "lineitem","Alias": "lineitem_1","Startup Cost": 6006.43,"Total Cost": 122018.70,"Plan Rows": 233951,"Plan Width": 16,"Actual Startup Time": 66.327,"Actual Total Time": 795.231,"Actual Rows": 229338,"Actual Loops": 1,"Recheck Cond": "((l_shipdate >= '1993-07-01'::date) AND (l_shipdate < '1993-10-01 00:00:00'::timestamp without time zone))","Rows Removed by Index Recheck": 0,"Exact Heap Blocks": 67061,"Lossy Heap Blocks": 0,"Plans": [{"Node Type": "Bitmap Index Scan","Parent Relationship": "Outer","Parallel Aware": false,"Async Capable": false,"Index Name": "idx_lineitem_shipdate","Startup Cost": 0.00,"Total Cost": 5947.94,"Plan Rows": 233951,"Plan Width": 0,"Actual Startup Time": 52.411,"Actual Total Time": 52.417,"Actual Rows": 229338,"Actual Loops": 1,"Index Cond": "((l_shipdate >= '1993-07-01'::date) AND (l_shipdate < '1993-10-01 00:00:00'::timestamp without time zone))"}]}]}]},{"Node Type": "Index Scan","Parent Relationship": "Outer","Parallel Aware": false,"Async Capable": false,"Scan Direction": "Forward","Index Name": "supplier_pkey","Relation Name": "supplier","Alias": "supplier","Startup Cost": 0.29,"Total Cost": 495.43,"Plan Rows": 10000,"Plan Width": 71,"Actual Startup Time": 0.105,"Actual Total Time": 12.941,"Actual Rows": 8280,"Actual Loops": 1},{"Node Type": "Sort","Parent Relationship": "Inner","Parallel Aware": false,"Async Capable": false,"Startup Cost": 124510.22,"Total Cost": 124510.34,"Plan Rows": 50,"Plan Width": 36,"Actual Startup Time": 2088.290,"Actual Total Time": 2088.302,"Actual Rows": 1,"Actual Loops": 1,"Sort Key": ["revenue0.supplier_no"],"Sort Method": "quicksort","Sort Space Used": 25,"Sort Space Type": "Memory","Plans": [{"Node Type": "Subquery Scan","Parent Relationship": "Outer","Parallel Aware": false,"Async Capable": false,"Alias": "revenue0","Startup Cost": 124358.20,"Total Cost": 124508.81,"Plan Rows": 50,"Plan Width": 36,"Actual Startup Time": 2064.473,"Actual Total Time": 2088.234,"Actual Rows": 1,"Actual Loops": 1,"Plans": [{"Node Type": "Aggregate","Strategy": "Hashed","Partial Mode": "Simple","Parent Relationship": "Subquery","Parallel Aware": false,"Async Capable": false,"Startup Cost": 124358.20,"Total Cost": 124508.31,"Plan Rows": 50,"Plan Width": 36,"Actual Startup Time": 2064.468,"Actual Total Time": 2088.223,"Actual Rows": 1,"Actual Loops": 1,"Group Key": ["lineitem.l_suppkey"],"Filter": "(sum((lineitem.l_extendedprice * ('1'::numeric - lineitem.l_discount))) = $0)","Planned Partitions": 0,"HashAgg Batches": 1,"Peak Memory Usage": 4497,"Disk Usage": 0,"Rows Removed by Filter": 9999,"Plans": [{"Node Type": "Bitmap Heap Scan","Parent Relationship": "Outer","Parallel Aware": false,"Async Capable": false,"Relation Name": "lineitem","Alias": "lineitem","Startup Cost": 6006.43,"Total Cost": 122018.70,"Plan Rows": 233951,"Plan Width": 16,"Actual Startup Time": 62.518,"Actual Total Time": 939.412,"Actual Rows": 229338,"Actual Loops": 1,"Recheck Cond": "((l_shipdate >= '1993-07-01'::date) AND (l_shipdate < '1993-10-01 00:00:00'::timestamp without time zone))","Rows Removed by Index Recheck": 0,"Exact Heap Blocks": 67061,"Lossy Heap Blocks": 0,"Plans": [{"Node Type": "Bitmap Index Scan","Parent Relationship": "Outer","Parallel Aware": false,"Async Capable": false,"Index Name": "idx_lineitem_shipdate","Startup Cost": 0.00,"Total Cost": 5947.94,"Plan Rows": 233951,"Plan Width": 0,"Actual Startup Time": 48.803,"Actual Total Time": 48.804,"Actual Rows": 229338,"Actual Loops": 1,"Index Cond": "((l_shipdate >= '1993-07-01'::date) AND (l_shipdate < '1993-10-01 00:00:00'::timestamp without time zone))"}]}]}]}]}]},"Planning Time": 4.394,"Triggers": [],"Execution Time": 2106.441}]
[{"Plan": {"Node Type": "Merge Join","Parallel Aware": false,"Async Capable": false,"Join Type": "Inner","Startup Cost": 248524.21,"Total Cost": 249045.10,"Plan Rows": 50,"Plan Width": 103,"Actual Startup Time": 2079.423,"Actual Total Time": 2079.492,"Actual Rows": 1,"Actual Loops": 1,"Inner Unique": true,"Merge Cond": "(supplier.s_suppkey = revenue0.supplier_no)","Plans": [{"Node Type": "Aggregate","Strategy": "Plain","Partial Mode": "Simple","Parent Relationship": "InitPlan","Subplan Name": "InitPlan 1 (returns $0)","Parallel Aware": false,"Async Capable": false,"Startup Cost": 124311.04,"Total Cost": 124311.05,"Plan Rows": 1,"Plan Width": 32,"Actual Startup Time": 980.693,"Actual Total Time": 980.722,"Actual Rows": 1,"Actual Loops": 1,"Plans": [{"Node Type": "Aggregate","Strategy": "Hashed","Partial Mode": "Simple","Parent Relationship": "Outer","Parallel Aware": false,"Async Capable": false,"Startup Cost": 124060.86,"Total Cost": 124185.95,"Plan Rows": 10007,"Plan Width": 36,"Actual Startup Time": 972.593,"Actual Total Time": 980.068,"Actual Rows": 10000,"Actual Loops": 1,"Group Key": ["lineitem_1.l_suppkey"],"Planned Partitions": 0,"HashAgg Batches": 1,"Peak Memory Usage": 4497,"Disk Usage": 0,"Plans": [{"Node Type": "Bitmap Heap Scan","Parent Relationship": "Outer","Parallel Aware": false,"Async Capable": false,"Relation Name": "lineitem","Alias": "lineitem_1","Startup Cost": 5725.29,"Total Cost": 121831.73,"Plan Rows": 222913,"Plan Width": 16,"Actual Startup Time": 57.312,"Actual Total Time": 766.290,"Actual Rows": 222566,"Actual Loops": 1,"Recheck Cond": "((l_shipdate >= '1994-02-01'::date) AND (l_shipdate < '1994-05-01 00:00:00'::timestamp without time zone))","Rows Removed by Index Recheck": 0,"Exact Heap Blocks": 66315,"Lossy Heap Blocks": 0,"Plans": [{"Node Type": "Bitmap Index Scan","Parent Relationship": "Outer","Parallel Aware": false,"Async Capable": false,"Index Name": "idx_lineitem_shipdate","Startup Cost": 0.00,"Total Cost": 5669.56,"Plan Rows": 222913,"Plan Width": 0,"Actual Startup Time": 43.664,"Actual Total Time": 43.688,"Actual Rows": 222566,"Actual Loops": 1,"Index Cond": "((l_shipdate >= '1994-02-01'::date) AND (l_shipdate < '1994-05-01 00:00:00'::timestamp without time zone))"}]}]}]},{"Node Type": "Index Scan","Parent Relationship": "Outer","Parallel Aware": false,"Async Capable": false,"Scan Direction": "Forward","Index Name": "supplier_pkey","Relation Name": "supplier","Alias": "supplier","Startup Cost": 0.29,"Total Cost": 495.43,"Plan Rows": 10000,"Plan Width": 71,"Actual Startup Time": 0.097,"Actual Total Time": 2.547,"Actual Rows": 1344,"Actual Loops": 1},{"Node Type": "Sort","Parent Relationship": "Inner","Parallel Aware": false,"Async Capable": false,"Startup Cost": 124212.88,"Total Cost": 124213.00,"Plan Rows": 50,"Plan Width": 36,"Actual Startup Time": 2076.735,"Actual Total Time": 2076.768,"Actual Rows": 1,"Actual Loops": 1,"Sort Key": ["revenue0.supplier_no"],"Sort Method": "quicksort","Sort Space Used": 25,"Sort Space Type": "Memory","Plans": [{"Node Type": "Subquery Scan","Parent Relationship": "Outer","Parallel Aware": false,"Async Capable": false,"Alias": "revenue0","Startup Cost": 124060.86,"Total Cost": 124211.47,"Plan Rows": 50,"Plan Width": 36,"Actual Startup Time": 2071.927,"Actual Total Time": 2076.661,"Actual Rows": 1,"Actual Loops": 1,"Plans": [{"Node Type": "Aggregate","Strategy": "Hashed","Partial Mode": "Simple","Parent Relationship": "Subquery","Parallel Aware": false,"Async Capable": false,"Startup Cost": 124060.86,"Total Cost": 124210.97,"Plan Rows": 50,"Plan Width": 36,"Actual Startup Time": 2071.917,"Actual Total Time": 2076.627,"Actual Rows": 1,"Actual Loops": 1,"Group Key": ["lineitem.l_suppkey"],"Filter": "(sum((lineitem.l_extendedprice * ('1'::numeric - lineitem.l_discount))) = $0)","Planned Partitions": 0,"HashAgg Batches": 1,"Peak Memory Usage": 4497,"Disk Usage": 0,"Rows Removed by Filter": 9999,"Plans": [{"Node Type": "Bitmap Heap Scan","Parent Relationship": "Outer","Parallel Aware": false,"Async Capable": false,"Relation Name": "lineitem","Alias": "lineitem","Startup Cost": 5725.29,"Total Cost": 121831.73,"Plan Rows": 222913,"Plan Width": 16,"Actual Startup Time": 54.472,"Actual Total Time": 918.417,"Actual Rows": 222566,"Actual Loops": 1,"Recheck Cond": "((l_shipdate >= '1994-02-01'::date) AND (l_shipdate < '1994-05-01 00:00:00'::timestamp without time zone))","Rows Removed by Index Recheck": 0,"Exact Heap Blocks": 66315,"Lossy Heap Blocks": 0,"Plans": [{"Node Type": "Bitmap Index Scan","Parent Relationship": "Outer","Parallel Aware": false,"Async Capable": false,"Index Name": "idx_lineitem_shipdate","Startup Cost": 0.00,"Total Cost": 5669.56,"Plan Rows": 222913,"Plan Width": 0,"Actual Startup Time": 40.835,"Actual Total Time": 40.850,"Actual Rows": 222566,"Actual Loops": 1,"Index Cond": "((l_shipdate >= '1994-02-01'::date) AND (l_shipdate < '1994-05-01 00:00:00'::timestamp without time zone))"}]}]}]}]}]},"Planning Time": 4.834,"Triggers": [],"Execution Time": 2084.411}]
[{"Plan": {"Node Type": "Merge Join","Parallel Aware": false,"Async Capable": false,"Join Type": "Inner","Startup Cost": 248249.45,"Total Cost": 248770.35,"Plan Rows": 50,"Plan Width": 103,"Actual Startup Time": 1933.210,"Actual Total Time": 1933.238,"Actual Rows": 1,"Actual Loops": 1,"Inner Unique": true,"Merge Cond": "(supplier.s_suppkey = revenue0.supplier_no)","Plans": [{"Node Type": "Aggregate","Strategy": "Plain","Partial Mode": "Simple","Parent Relationship": "InitPlan","Subplan Name": "InitPlan 1 (returns $0)","Parallel Aware": false,"Async Capable": false,"Startup Cost": 124173.66,"Total Cost": 124173.67,"Plan Rows": 1,"Plan Width": 32,"Actual Startup Time": 840.754,"Actual Total Time": 840.766,"Actual Rows": 1,"Actual Loops": 1,"Plans": [{"Node Type": "Aggregate","Strategy": "Hashed","Partial Mode": "Simple","Parent Relationship": "Outer","Parallel Aware": false,"Async Capable": false,"Startup Cost": 123923.48,"Total Cost": 124048.57,"Plan Rows": 10007,"Plan Width": 36,"Actual Startup Time": 831.124,"Actual Total Time": 840.175,"Actual Rows": 10000,"Actual Loops": 1,"Group Key": ["lineitem_1.l_suppkey"],"Planned Partitions": 0,"HashAgg Batches": 1,"Peak Memory Usage": 4497,"Disk Usage": 0,"Plans": [{"Node Type": "Bitmap Heap Scan","Parent Relationship": "Outer","Parallel Aware": false,"Async Capable": false,"Relation Name": "lineitem","Alias": "lineitem_1","Startup Cost": 5786.40,"Total Cost": 121669.85,"Plan Rows": 225363,"Plan Width": 16,"Actual Startup Time": 50.816,"Actual Total Time": 670.813,"Actual Rows": 229315,"Actual Loops": 1,"Recheck Cond": "((l_shipdate >= '1994-05-01'::date) AND (l_shipdate < '1994-08-01 00:00:00'::timestamp without time zone))","Rows Removed by Index Recheck": 0,"Exact Heap Blocks": 67035,"Lossy Heap Blocks": 0,"Plans": [{"Node Type": "Bitmap Index Scan","Parent Relationship": "Outer","Parallel Aware": false,"Async Capable": false,"Index Name": "idx_lineitem_shipdate","Startup Cost": 0.00,"Total Cost": 5730.06,"Plan Rows": 225363,"Plan Width": 0,"Actual Startup Time": 37.324,"Actual Total Time": 37.329,"Actual Rows": 229315,"Actual Loops": 1,"Index Cond": "((l_shipdate >= '1994-05-01'::date) AND (l_shipdate < '1994-08-01 00:00:00'::timestamp without time zone))"}]}]}]},{"Node Type": "Index Scan","Parent Relationship": "Outer","Parallel Aware": false,"Async Capable": false,"Scan Direction": "Forward","Index Name": "supplier_pkey","Relation Name": "supplier","Alias": "supplier","Startup Cost": 0.29,"Total Cost": 495.43,"Plan Rows": 10000,"Plan Width": 71,"Actual Startup Time": 0.122,"Actual Total Time": 5.559,"Actual Rows": 3302,"Actual Loops": 1},{"Node Type": "Sort","Parent Relationship": "Inner","Parallel Aware": false,"Async Capable": false,"Startup Cost": 124075.50,"Total Cost": 124075.62,"Plan Rows": 50,"Plan Width": 36,"Actual Startup Time": 1927.428,"Actual Total Time": 1927.436,"Actual Rows": 1,"Actual Loops": 1,"Sort Key": ["revenue0.supplier_no"],"Sort Method": "quicksort","Sort Space Used": 25,"Sort Space Type": "Memory","Plans": [{"Node Type": "Subquery Scan","Parent Relationship": "Outer","Parallel Aware": false,"Async Capable": false,"Alias": "revenue0","Startup Cost": 123923.48,"Total Cost": 124074.09,"Plan Rows": 50,"Plan Width": 36,"Actual Startup Time": 1920.770,"Actual Total Time": 1927.389,"Actual Rows": 1,"Actual Loops": 1,"Plans": [{"Node Type": "Aggregate","Strategy": "Hashed","Partial Mode": "Simple","Parent Relationship": "Subquery","Parallel Aware": false,"Async Capable": false,"Startup Cost": 123923.48,"Total Cost": 124073.59,"Plan Rows": 50,"Plan Width": 36,"Actual Startup Time": 1920.765,"Actual Total Time": 1927.379,"Actual Rows": 1,"Actual Loops": 1,"Group Key": ["lineitem.l_suppkey"],"Filter": "(sum((lineitem.l_extendedprice * ('1'::numeric - lineitem.l_discount))) = $0)","Planned Partitions": 0,"HashAgg Batches": 1,"Peak Memory Usage": 4497,"Disk Usage": 0,"Rows Removed by Filter": 9999,"Plans": [{"Node Type": "Bitmap Heap Scan","Parent Relationship": "Outer","Parallel Aware": false,"Async Capable": false,"Relation Name": "lineitem","Alias": "lineitem","Startup Cost": 5786.40,"Total Cost": 121669.85,"Plan Rows": 225363,"Plan Width": 16,"Actual Startup Time": 48.974,"Actual Total Time": 887.234,"Actual Rows": 229315,"Actual Loops": 1,"Recheck Cond": "((l_shipdate >= '1994-05-01'::date) AND (l_shipdate < '1994-08-01 00:00:00'::timestamp without time zone))","Rows Removed by Index Recheck": 0,"Exact Heap Blocks": 67035,"Lossy Heap Blocks": 0,"Plans": [{"Node Type": "Bitmap Index Scan","Parent Relationship": "Outer","Parallel Aware": false,"Async Capable": false,"Index Name": "idx_lineitem_shipdate","Startup Cost": 0.00,"Total Cost": 5730.06,"Plan Rows": 225363,"Plan Width": 0,"Actual Startup Time": 35.843,"Actual Total Time": 35.843,"Actual Rows": 229315,"Actual Loops": 1,"Index Cond": "((l_shipdate >= '1994-05-01'::date) AND (l_shipdate < '1994-08-01 00:00:00'::timestamp without time zone))"}]}]}]}]}]},"Planning Time": 4.354,"Triggers": [],"Execution Time": 1936.888}]
[{"Plan": {"Node Type": "Merge Join","Parallel Aware": false,"Async Capable": false,"Join Type": "Inner","Startup Cost": 248790.52,"Total Cost": 249311.42,"Plan Rows": 50,"Plan Width": 103,"Actual Startup Time": 1983.963,"Actual Total Time": 1983.999,"Actual Rows": 1,"Actual Loops": 1,"Inner Unique": true,"Merge Cond": "(supplier.s_suppkey = revenue0.supplier_no)","Plans": [{"Node Type": "Aggregate","Strategy": "Plain","Partial Mode": "Simple","Parent Relationship": "InitPlan","Subplan Name": "InitPlan 1 (returns $0)","Parallel Aware": false,"Async Capable": false,"Startup Cost": 124444.19,"Total Cost": 124444.20,"Plan Rows": 1,"Plan Width": 32,"Actual Startup Time": 870.346,"Actual Total Time": 870.363,"Actual Rows": 1,"Actual Loops": 1,"Plans": [{"Node Type": "Aggregate","Strategy": "Hashed","Partial Mode": "Simple","Parent Relationship": "Outer","Parallel Aware": false,"Async Capable": false,"Startup Cost": 124194.02,"Total Cost": 124319.10,"Plan Rows": 10007,"Plan Width": 36,"Actual Startup Time": 861.387,"Actual Total Time": 869.774,"Actual Rows": 10000,"Actual Loops": 1,"Group Key": ["lineitem_1.l_suppkey"],"Planned Partitions": 0,"HashAgg Batches": 1,"Peak Memory Usage": 4497,"Disk Usage": 0,"Plans": [{"Node Type": "Bitmap Heap Scan","Parent Relationship": "Outer","Parallel Aware": false,"Async Capable": false,"Relation Name": "lineitem","Alias": "lineitem_1","Startup Cost": 5924.65,"Total Cost": 121887.47,"Plan Rows": 230655,"Plan Width": 16,"Actual Startup Time": 48.641,"Actual Total Time": 688.563,"Actual Rows": 229970,"Actual Loops": 1,"Recheck Cond": "((l_shipdate >= '1997-05-01'::date) AND (l_shipdate < '1997-08-01 00:00:00'::timestamp without time zone))","Rows Removed by Index Recheck": 0,"Exact Heap Blocks": 67328,"Lossy Heap Blocks": 0,"Plans": [{"Node Type": "Bitmap Index Scan","Parent Relationship": "Outer","Parallel Aware": false,"Async Capable": false,"Index Name": "idx_lineitem_shipdate","Startup Cost": 0.00,"Total Cost": 5866.98,"Plan Rows": 230655,"Plan Width": 0,"Actual Startup Time": 35.373,"Actual Total Time": 35.379,"Actual Rows": 229970,"Actual Loops": 1,"Index Cond": "((l_shipdate >= '1997-05-01'::date) AND (l_shipdate < '1997-08-01 00:00:00'::timestamp without time zone))"}]}]}]},{"Node Type": "Index Scan","Parent Relationship": "Outer","Parallel Aware": false,"Async Capable": false,"Scan Direction": "Forward","Index Name": "supplier_pkey","Relation Name": "supplier","Alias": "supplier","Startup Cost": 0.29,"Total Cost": 495.43,"Plan Rows": 10000,"Plan Width": 71,"Actual Startup Time": 0.081,"Actual Total Time": 1.818,"Actual Rows": 977,"Actual Loops": 1},{"Node Type": "Sort","Parent Relationship": "Inner","Parallel Aware": false,"Async Capable": false,"Startup Cost": 124346.03,"Total Cost": 124346.16,"Plan Rows": 50,"Plan Width": 36,"Actual Startup Time": 1982.064,"Actual Total Time": 1982.074,"Actual Rows": 1,"Actual Loops": 1,"Sort Key": ["revenue0.supplier_no"],"Sort Method": "quicksort","Sort Space Used": 25,"Sort Space Type": "Memory","Plans": [{"Node Type": "Subquery Scan","Parent Relationship": "Outer","Parallel Aware": false,"Async Capable": false,"Alias": "revenue0","Startup Cost": 124194.02,"Total Cost": 124344.62,"Plan Rows": 50,"Plan Width": 36,"Actual Startup Time": 1977.425,"Actual Total Time": 1982.032,"Actual Rows": 1,"Actual Loops": 1,"Plans": [{"Node Type": "Aggregate","Strategy": "Hashed","Partial Mode": "Simple","Parent Relationship": "Subquery","Parallel Aware": false,"Async Capable": false,"Startup Cost": 124194.02,"Total Cost": 124344.12,"Plan Rows": 50,"Plan Width": 36,"Actual Startup Time": 1977.416,"Actual Total Time": 1982.019,"Actual Rows": 1,"Actual Loops": 1,"Group Key": ["lineitem.l_suppkey"],"Filter": "(sum((lineitem.l_extendedprice * ('1'::numeric - lineitem.l_discount))) = $0)","Planned Partitions": 0,"HashAgg Batches": 1,"Peak Memory Usage": 4497,"Disk Usage": 0,"Rows Removed by Filter": 9999,"Plans": [{"Node Type": "Bitmap Heap Scan","Parent Relationship": "Outer","Parallel Aware": false,"Async Capable": false,"Relation Name": "lineitem","Alias": "lineitem","Startup Cost": 5924.65,"Total Cost": 121887.47,"Plan Rows": 230655,"Plan Width": 16,"Actual Startup Time": 49.950,"Actual Total Time": 900.000,"Actual Rows": 229970,"Actual Loops": 1,"Recheck Cond": "((l_shipdate >= '1997-05-01'::date) AND (l_shipdate < '1997-08-01 00:00:00'::timestamp without time zone))","Rows Removed by Index Recheck": 0,"Exact Heap Blocks": 67328,"Lossy Heap Blocks": 0,"Plans": [{"Node Type": "Bitmap Index Scan","Parent Relationship": "Outer","Parallel Aware": false,"Async Capable": false,"Index Name": "idx_lineitem_shipdate","Startup Cost": 0.00,"Total Cost": 5866.98,"Plan Rows": 230655,"Plan Width": 0,"Actual Startup Time": 36.810,"Actual Total Time": 36.810,"Actual Rows": 229970,"Actual Loops": 1,"Index Cond": "((l_shipdate >= '1997-05-01'::date) AND (l_shipdate < '1997-08-01 00:00:00'::timestamp without time zone))"}]}]}]}]}]},"Planning Time": 5.469,"Triggers": [],"Execution Time": 1986.524}]
[{"Plan": {"Node Type": "Merge Join","Parallel Aware": false,"Async Capable": false,"Join Type": "Inner","Startup Cost": 249071.51,"Total Cost": 249592.41,"Plan Rows": 50,"Plan Width": 103,"Actual Startup Time": 2110.599,"Actual Total Time": 2110.677,"Actual Rows": 1,"Actual Loops": 1,"Inner Unique": true,"Merge Cond": "(supplier.s_suppkey = revenue0.supplier_no)","Plans": [{"Node Type": "Aggregate","Strategy": "Plain","Partial Mode": "Simple","Parent Relationship": "InitPlan","Subplan Name": "InitPlan 1 (returns $0)","Parallel Aware": false,"Async Capable": false,"Startup Cost": 124584.69,"Total Cost": 124584.70,"Plan Rows": 1,"Plan Width": 32,"Actual Startup Time": 993.769,"Actual Total Time": 993.795,"Actual Rows": 1,"Actual Loops": 1,"Plans": [{"Node Type": "Aggregate","Strategy": "Hashed","Partial Mode": "Simple","Parent Relationship": "Outer","Parallel Aware": false,"Async Capable": false,"Startup Cost": 124334.51,"Total Cost": 124459.60,"Plan Rows": 10007,"Plan Width": 36,"Actual Startup Time": 986.871,"Actual Total Time": 993.109,"Actual Rows": 10000,"Actual Loops": 1,"Group Key": ["lineitem_1.l_suppkey"],"Planned Partitions": 0,"HashAgg Batches": 1,"Peak Memory Usage": 4497,"Disk Usage": 0,"Plans": [{"Node Type": "Bitmap Heap Scan","Parent Relationship": "Outer","Parallel Aware": false,"Async Capable": false,"Relation Name": "lineitem","Alias": "lineitem_1","Startup Cost": 5625.90,"Total Cost": 122143.81,"Plan Rows": 219070,"Plan Width": 16,"Actual Startup Time": 58.722,"Actual Total Time": 774.337,"Actual Rows": 229004,"Actual Loops": 1,"Recheck Cond": "((l_shipdate >= '1993-11-01'::date) AND (l_shipdate < '1994-02-01 00:00:00'::timestamp without time zone))","Rows Removed by Index Recheck": 0,"Exact Heap Blocks": 67131,"Lossy Heap Blocks": 0,"Plans": [{"Node Type": "Bitmap Index Scan","Parent Relationship": "Outer","Parallel Aware": false,"Async Capable": false,"Index Name": "idx_lineitem_shipdate","Startup Cost": 0.00,"Total Cost": 5571.13,"Plan Rows": 219070,"Plan Width": 0,"Actual Startup Time": 44.914,"Actual Total Time": 44.935,"Actual Rows": 229004,"Actual Loops": 1,"Index Cond": "((l_shipdate >= '1993-11-01'::date) AND (l_shipdate < '1994-02-01 00:00:00'::timestamp without time zone))"}]}]}]},{"Node Type": "Index Scan","Parent Relationship": "Outer","Parallel Aware": false,"Async Capable": false,"Scan Direction": "Forward","Index Name": "supplier_pkey","Relation Name": "supplier","Alias": "supplier","Startup Cost": 0.29,"Total Cost": 495.43,"Plan Rows": 10000,"Plan Width": 71,"Actual Startup Time": 0.107,"Actual Total Time": 9.434,"Actual Rows": 5487,"Actual Loops": 1},{"Node Type": "Sort","Parent Relationship": "Inner","Parallel Aware": false,"Async Capable": false,"Startup Cost": 124486.53,"Total Cost": 124486.65,"Plan Rows": 50,"Plan Width": 36,"Actual Startup Time": 2100.793,"Actual Total Time": 2100.813,"Actual Rows": 1,"Actual Loops": 1,"Sort Key": ["revenue0.supplier_no"],"Sort Method": "quicksort","Sort Space Used": 25,"Sort Space Type": "Memory","Plans": [{"Node Type": "Subquery Scan","Parent Relationship": "Outer","Parallel Aware": false,"Async Capable": false,"Alias": "revenue0","Startup Cost": 124334.51,"Total Cost": 124485.12,"Plan Rows": 50,"Plan Width": 36,"Actual Startup Time": 2097.633,"Actual Total Time": 2100.707,"Actual Rows": 1,"Actual Loops": 1,"Plans": [{"Node Type": "Aggregate","Strategy": "Hashed","Partial Mode": "Simple","Parent Relationship": "Subquery","Parallel Aware": false,"Async Capable": false,"Startup Cost": 124334.51,"Total Cost": 124484.62,"Plan Rows": 50,"Plan Width": 36,"Actual Startup Time": 2097.616,"Actual Total Time": 2100.659,"Actual Rows": 1,"Actual Loops": 1,"Group Key": ["lineitem.l_suppkey"],"Filter": "(sum((lineitem.l_extendedprice * ('1'::numeric - lineitem.l_discount))) = $0)","Planned Partitions": 0,"HashAgg Batches": 1,"Peak Memory Usage": 4497,"Disk Usage": 0,"Rows Removed by Filter": 9999,"Plans": [{"Node Type": "Bitmap Heap Scan","Parent Relationship": "Outer","Parallel Aware": false,"Async Capable": false,"Relation Name": "lineitem","Alias": "lineitem","Startup Cost": 5625.90,"Total Cost": 122143.81,"Plan Rows": 219070,"Plan Width": 16,"Actual Startup Time": 54.544,"Actual Total Time": 928.571,"Actual Rows": 229004,"Actual Loops": 1,"Recheck Cond": "((l_shipdate >= '1993-11-01'::date) AND (l_shipdate < '1994-02-01 00:00:00'::timestamp without time zone))","Rows Removed by Index Recheck": 0,"Exact Heap Blocks": 67131,"Lossy Heap Blocks": 0,"Plans": [{"Node Type": "Bitmap Index Scan","Parent Relationship": "Outer","Parallel Aware": false,"Async Capable": false,"Index Name": "idx_lineitem_shipdate","Startup Cost": 0.00,"Total Cost": 5571.13,"Plan Rows": 219070,"Plan Width": 0,"Actual Startup Time": 41.027,"Actual Total Time": 41.029,"Actual Rows": 229004,"Actual Loops": 1,"Index Cond": "((l_shipdate >= '1993-11-01'::date) AND (l_shipdate < '1994-02-01 00:00:00'::timestamp without time zone))"}]}]}]}]}]},"Planning Time": 4.907,"Triggers": [],"Execution Time": 2115.877}]
[{"Plan": {"Node Type": "Merge Join","Parallel Aware": false,"Async Capable": false,"Join Type": "Inner","Startup Cost": 249919.13,"Total Cost": 250440.03,"Plan Rows": 50,"Plan Width": 103,"Actual Startup Time": 1938.438,"Actual Total Time": 1938.484,"Actual Rows": 1,"Actual Loops": 1,"Inner Unique": true,"Merge Cond": "(supplier.s_suppkey = revenue0.supplier_no)","Plans": [{"Node Type": "Aggregate","Strategy": "Plain","Partial Mode": "Simple","Parent Relationship": "InitPlan","Subplan Name": "InitPlan 1 (returns $0)","Parallel Aware": false,"Async Capable": false,"Startup Cost": 125008.50,"Total Cost": 125008.51,"Plan Rows": 1,"Plan Width": 32,"Actual Startup Time": 846.218,"Actual Total Time": 846.240,"Actual Rows": 1,"Actual Loops": 1,"Plans": [{"Node Type": "Aggregate","Strategy": "Hashed","Partial Mode": "Simple","Parent Relationship": "Outer","Parallel Aware": false,"Async Capable": false,"Startup Cost": 124758.32,"Total Cost": 124883.41,"Plan Rows": 10007,"Plan Width": 36,"Actual Startup Time": 837.029,"Actual Total Time": 845.645,"Actual Rows": 10000,"Actual Loops": 1,"Group Key": ["lineitem_1.l_suppkey"],"Planned Partitions": 0,"HashAgg Batches": 1,"Peak Memory Usage": 4497,"Disk Usage": 0,"Plans": [{"Node Type": "Bitmap Heap Scan","Parent Relationship": "Outer","Parallel Aware": false,"Async Capable": false,"Relation Name": "lineitem","Alias": "lineitem_1","Startup Cost": 6210.72,"Total Cost": 122340.48,"Plan Rows": 241784,"Plan Width": 16,"Actual Startup Time": 57.576,"Actual Total Time": 672.754,"Actual Rows": 227694,"Actual Loops": 1,"Recheck Cond": "((l_shipdate >= '1993-05-01'::date) AND (l_shipdate < '1993-08-01 00:00:00'::timestamp without time zone))","Rows Removed by Index Recheck": 0,"Exact Heap Blocks": 66876,"Lossy Heap Blocks": 0,"Plans": [{"Node Type": "Bitmap Index Scan","Parent Relationship": "Outer","Parallel Aware": false,"Async Capable": false,"Index Name": "idx_lineitem_shipdate","Startup Cost": 0.00,"Total Cost": 6150.27,"Plan Rows": 241784,"Plan Width": 0,"Actual Startup Time": 44.048,"Actual Total Time": 44.059,"Actual Rows": 227694,"Actual Loops": 1,"Index Cond": "((l_shipdate >= '1993-05-01'::date) AND (l_shipdate < '1993-08-01 00:00:00'::timestamp without time zone))"}]}]}]},{"Node Type": "Index Scan","Parent Relationship": "Outer","Parallel Aware": false,"Async Capable": false,"Scan Direction": "Forward","Index Name": "supplier_pkey","Relation Name": "supplier","Alias": "supplier","Startup Cost": 0.29,"Total Cost": 495.43,"Plan Rows": 10000,"Plan Width": 71,"Actual Startup Time": 0.103,"Actual Total Time": 9.443,"Actual Rows": 5891,"Actual Loops": 1},{"Node Type": "Sort","Parent Relationship": "Inner","Parallel Aware": false,"Async Capable": false,"Startup Cost": 124910.34,"Total Cost": 124910.46,"Plan Rows": 50,"Plan Width": 36,"Actual Startup Time": 1928.643,"Actual Total Time": 1928.657,"Actual Rows": 1,"Actual Loops": 1,"Sort Key": ["revenue0.supplier_no"],"Sort Method": "quicksort","Sort Space Used": 25,"Sort Space Type": "Memory","Plans": [{"Node Type": "Subquery Scan","Parent Relationship": "Outer","Parallel Aware": false,"Async Capable": false,"Alias": "revenue0","Startup Cost": 124758.32,"Total Cost": 124908.93,"Plan Rows": 50,"Plan Width": 36,"Actual Startup Time": 1917.063,"Actual Total Time": 1928.619,"Actual Rows": 1,"Actual Loops": 1,"Plans": [{"Node Type": "Aggregate","Strategy": "Hashed","Partial Mode": "Simple","Parent Relationship": "Subquery","Parallel Aware": false,"Async Capable": false,"Startup Cost": 124758.32,"Total Cost": 124908.43,"Plan Rows": 50,"Plan Width": 36,"Actual Startup Time": 1917.055,"Actual Total Time": 1928.608,"Actual Rows": 1,"Actual Loops": 1,"Group Key": ["lineitem.l_suppkey"],"Filter": "(sum((lineitem.l_extendedprice * ('1'::numeric - lineitem.l_discount))) = $0)","Planned Partitions": 0,"HashAgg Batches": 1,"Peak Memory Usage": 4497,"Disk Usage": 0,"Rows Removed by Filter": 9999,"Plans": [{"Node Type": "Bitmap Heap Scan","Parent Relationship": "Outer","Parallel Aware": false,"Async Capable": false,"Relation Name": "lineitem","Alias": "lineitem","Startup Cost": 6210.72,"Total Cost": 122340.48,"Plan Rows": 241784,"Plan Width": 16,"Actual Startup Time": 59.880,"Actual Total Time": 887.270,"Actual Rows": 227694,"Actual Loops": 1,"Recheck Cond": "((l_shipdate >= '1993-05-01'::date) AND (l_shipdate < '1993-08-01 00:00:00'::timestamp without time zone))","Rows Removed by Index Recheck": 0,"Exact Heap Blocks": 66876,"Lossy Heap Blocks": 0,"Plans": [{"Node Type": "Bitmap Index Scan","Parent Relationship": "Outer","Parallel Aware": false,"Async Capable": false,"Index Name": "idx_lineitem_shipdate","Startup Cost": 0.00,"Total Cost": 6150.27,"Plan Rows": 241784,"Plan Width": 0,"Actual Startup Time": 46.380,"Actual Total Time": 46.383,"Actual Rows": 227694,"Actual Loops": 1,"Index Cond": "((l_shipdate >= '1993-05-01'::date) AND (l_shipdate < '1993-08-01 00:00:00'::timestamp without time zone))"}]}]}]}]}]},"Planning Time": 5.126,"Triggers": [],"Execution Time": 1942.320}]
[{"Plan": {"Node Type": "Merge Join","Parallel Aware": false,"Async Capable": false,"Join Type": "Inner","Startup Cost": 248219.14,"Total Cost": 248740.03,"Plan Rows": 50,"Plan Width": 103,"Actual Startup Time": 2054.866,"Actual Total Time": 2054.924,"Actual Rows": 1,"Actual Loops": 1,"Inner Unique": true,"Merge Cond": "(supplier.s_suppkey = revenue0.supplier_no)","Plans": [{"Node Type": "Aggregate","Strategy": "Plain","Partial Mode": "Simple","Parent Relationship": "InitPlan","Subplan Name": "InitPlan 1 (returns $0)","Parallel Aware": false,"Async Capable": false,"Startup Cost": 124158.50,"Total Cost": 124158.51,"Plan Rows": 1,"Plan Width": 32,"Actual Startup Time": 912.132,"Actual Total Time": 912.157,"Actual Rows": 1,"Actual Loops": 1,"Plans": [{"Node Type": "Aggregate","Strategy": "Hashed","Partial Mode": "Simple","Parent Relationship": "Outer","Parallel Aware": false,"Async Capable": false,"Startup Cost": 123908.32,"Total Cost": 124033.41,"Plan Rows": 10007,"Plan Width": 36,"Actual Startup Time": 904.470,"Actual Total Time": 911.507,"Actual Rows": 10000,"Actual Loops": 1,"Group Key": ["lineitem_1.l_suppkey"],"Planned Partitions": 0,"HashAgg Batches": 1,"Peak Memory Usage": 4497,"Disk Usage": 0,"Plans": [{"Node Type": "Bitmap Heap Scan","Parent Relationship": "Outer","Parallel Aware": false,"Async Capable": false,"Relation Name": "lineitem","Alias": "lineitem_1","Startup Cost": 5778.58,"Total Cost": 121658.43,"Plan Rows": 224990,"Plan Width": 16,"Actual Startup Time": 51.201,"Actual Total Time": 704.457,"Actual Rows": 225954,"Actual Loops": 1,"Recheck Cond": "((l_shipdate >= '1996-01-01'::date) AND (l_shipdate < '1996-04-01 00:00:00'::timestamp without time zone))","Rows Removed by Index Recheck": 0,"Exact Heap Blocks": 66894,"Lossy Heap Blocks": 0,"Plans": [{"Node Type": "Bitmap Index Scan","Parent Relationship": "Outer","Parallel Aware": false,"Async Capable": false,"Index Name": "idx_lineitem_shipdate","Startup Cost": 0.00,"Total Cost": 5722.33,"Plan Rows": 224990,"Plan Width": 0,"Actual Startup Time": 37.658,"Actual Total Time": 37.675,"Actual Rows": 225954,"Actual Loops": 1,"Index Cond": "((l_shipdate >= '1996-01-01'::date) AND (l_shipdate < '1996-04-01 00:00:00'::timestamp without time zone))"}]}]}]},{"Node Type": "Index Scan","Parent Relationship": "Outer","Parallel Aware": false,"Async Capable": false,"Scan Direction": "Forward","Index Name": "supplier_pkey","Relation Name": "supplier","Alias": "supplier","Startup Cost": 0.29,"Total Cost": 495.43,"Plan Rows": 10000,"Plan Width": 71,"Actual Startup Time": 0.122,"Actual Total Time": 14.191,"Actual Rows": 8450,"Actual Loops": 1},{"Node Type": "Sort","Parent Relationship": "Inner","Parallel Aware": false,"Async Capable": false,"Startup Cost": 124060.34,"Total Cost": 124060.47,"Plan Rows": 50,"Plan Width": 36,"Actual Startup Time": 2040.148,"Actual Total Time": 2040.163,"Actual Rows": 1,"Actual Loops": 1,"Sort Key": ["revenue0.supplier_no"],"Sort Method": "quicksort","Sort Space Used": 25,"Sort Space Type": "Memory","Plans": [{"Node Type": "Subquery Scan","Parent Relationship": "Outer","Parallel Aware": false,"Async Capable": false,"Alias": "revenue0","Startup Cost": 123908.32,"Total Cost": 124058.93,"Plan Rows": 50,"Plan Width": 36,"Actual Startup Time": 2033.928,"Actual Total Time": 2040.084,"Actual Rows": 1,"Actual Loops": 1,"Plans": [{"Node Type": "Aggregate","Strategy": "Hashed","Partial Mode": "Simple","Parent Relationship": "Subquery","Parallel Aware": false,"Async Capable": false,"Startup Cost": 123908.32,"Total Cost": 124058.43,"Plan Rows": 50,"Plan Width": 36,"Actual Startup Time": 2033.913,"Actual Total Time": 2040.046,"Actual Rows": 1,"Actual Loops": 1,"Group Key": ["lineitem.l_suppkey"],"Filter": "(sum((lineitem.l_extendedprice * ('1'::numeric - lineitem.l_discount))) = $0)","Planned Partitions": 0,"HashAgg Batches": 1,"Peak Memory Usage": 4497,"Disk Usage": 0,"Rows Removed by Filter": 9999,"Plans": [{"Node Type": "Bitmap Heap Scan","Parent Relationship": "Outer","Parallel Aware": false,"Async Capable": false,"Relation Name": "lineitem","Alias": "lineitem","Startup Cost": 5778.58,"Total Cost": 121658.43,"Plan Rows": 224990,"Plan Width": 16,"Actual Startup Time": 51.509,"Actual Total Time": 899.433,"Actual Rows": 225954,"Actual Loops": 1,"Recheck Cond": "((l_shipdate >= '1996-01-01'::date) AND (l_shipdate < '1996-04-01 00:00:00'::timestamp without time zone))","Rows Removed by Index Recheck": 0,"Exact Heap Blocks": 66894,"Lossy Heap Blocks": 0,"Plans": [{"Node Type": "Bitmap Index Scan","Parent Relationship": "Outer","Parallel Aware": false,"Async Capable": false,"Index Name": "idx_lineitem_shipdate","Startup Cost": 0.00,"Total Cost": 5722.33,"Plan Rows": 224990,"Plan Width": 0,"Actual Startup Time": 38.031,"Actual Total Time": 38.032,"Actual Rows": 225954,"Actual Loops": 1,"Index Cond": "((l_shipdate >= '1996-01-01'::date) AND (l_shipdate < '1996-04-01 00:00:00'::timestamp without time zone))"}]}]}]}]}]},"Planning Time": 4.188,"Triggers": [],"Execution Time": 2060.031}]
[{"Plan": {"Node Type": "Merge Join","Parallel Aware": false,"Async Capable": false,"Join Type": "Inner","Startup Cost": 249258.26,"Total Cost": 249779.16,"Plan Rows": 50,"Plan Width": 103,"Actual Startup Time": 2049.284,"Actual Total Time": 2049.315,"Actual Rows": 1,"Actual Loops": 1,"Inner Unique": true,"Merge Cond": "(supplier.s_suppkey = revenue0.supplier_no)","Plans": [{"Node Type": "Aggregate","Strategy": "Plain","Partial Mode": "Simple","Parent Relationship": "InitPlan","Subplan Name": "InitPlan 1 (returns $0)","Parallel Aware": false,"Async Capable": false,"Startup Cost": 124678.06,"Total Cost": 124678.07,"Plan Rows": 1,"Plan Width": 32,"Actual Startup Time": 930.818,"Actual Total Time": 930.829,"Actual Rows": 1,"Actual Loops": 1,"Plans": [{"Node Type": "Aggregate","Strategy": "Hashed","Partial Mode": "Simple","Parent Relationship": "Outer","Parallel Aware": false,"Async Capable": false,"Startup Cost": 124427.89,"Total Cost": 124552.98,"Plan Rows": 10007,"Plan Width": 36,"Actual Startup Time": 924.477,"Actual Total Time": 930.237,"Actual Rows": 10000,"Actual Loops": 1,"Group Key": ["lineitem_1.l_suppkey"],"Planned Partitions": 0,"HashAgg Batches": 1,"Peak Memory Usage": 4497,"Disk Usage": 0,"Plans": [{"Node Type": "Bitmap Heap Scan","Parent Relationship": "Outer","Parallel Aware": false,"Async Capable": false,"Relation Name": "lineitem","Alias": "lineitem_1","Startup Cost": 5592.22,"Total Cost": 122250.53,"Plan Rows": 217735,"Plan Width": 16,"Actual Startup Time": 64.565,"Actual Total Time": 777.964,"Actual Rows": 222319,"Actual Loops": 1,"Recheck Cond": "((l_shipdate >= '1997-02-01'::date) AND (l_shipdate < '1997-05-01 00:00:00'::timestamp without time zone))","Rows Removed by Index Recheck": 0,"Exact Heap Blocks": 66311,"Lossy Heap Blocks": 0,"Plans": [{"Node Type": "Bitmap Index Scan","Parent Relationship": "Outer","Parallel Aware": false,"Async Capable": false,"Index Name": "idx_lineitem_shipdate","Startup Cost": 0.00,"Total Cost": 5537.78,"Plan Rows": 217735,"Plan Width": 0,"Actual Startup Time": 50.700,"Actual Total Time": 50.704,"Actual Rows": 222319,"Actual Loops": 1,"Index Cond": "((l_shipdate >= '1997-02-01'::date) AND (l_shipdate < '1997-05-01 00:00:00'::timestamp without time zone))"}]}]}]},{"Node Type": "Index Scan","Parent Relationship": "Outer","Parallel Aware": false,"Async Capable": false,"Scan Direction": "Forward","Index Name": "supplier_pkey","Relation Name": "supplier","Alias": "supplier","Startup Cost": 0.29,"Total Cost": 495.43,"Plan Rows": 10000,"Plan Width": 71,"Actual Startup Time": 0.105,"Actual Total Time": 1.005,"Actual Rows": 435,"Actual Loops": 1},{"Node Type": "Sort","Parent Relationship": "Inner","Parallel Aware": false,"Async Capable": false,"Startup Cost": 124579.90,"Total Cost": 124580.03,"Plan Rows": 50,"Plan Width": 36,"Actual Startup Time": 2048.234,"Actual Total Time": 2048.243,"Actual Rows": 1,"Actual Loops": 1,"Sort Key": ["revenue0.supplier_no"],"Sort Method": "quicksort","Sort Space Used": 25,"Sort Space Type": "Memory","Plans": [{"Node Type": "Subquery Scan","Parent Relationship": "Outer","Parallel Aware": false,"Async Capable": false,"Alias": "revenue0","Startup Cost": 124427.89,"Total Cost": 124578.49,"Plan Rows": 50,"Plan Width": 36,"Actual Startup Time": 2038.148,"Actual Total Time": 2048.197,"Actual Rows": 1,"Actual Loops": 1,"Plans": [{"Node Type": "Aggregate","Strategy": "Hashed","Partial Mode": "Simple","Parent Relationship": "Subquery","Parallel Aware": false,"Async Capable": false,"Startup Cost": 124427.89,"Total Cost": 124577.99,"Plan Rows": 50,"Plan Width": 36,"Actual Startup Time": 2038.142,"Actual Total Time": 2048.186,"Actual Rows": 1,"Actual Loops": 1,"Group Key": ["lineitem.l_suppkey"],"Filter": "(sum((lineitem.l_extendedprice * ('1'::numeric - lineitem.l_discount))) = $0)","Planned Partitions": 0,"HashAgg Batches": 1,"Peak Memory Usage": 4497,"Disk Usage": 0,"Rows Removed by Filter": 9999,"Plans": [{"Node Type": "Bitmap Heap Scan","Parent Relationship": "Outer","Parallel Aware": false,"Async Capable": false,"Relation Name": "lineitem","Alias": "lineitem","Startup Cost": 5592.22,"Total Cost": 122250.53,"Plan Rows": 217735,"Plan Width": 16,"Actual Startup Time": 61.157,"Actual Total Time": 924.315,"Actual Rows": 222319,"Actual Loops": 1,"Recheck Cond": "((l_shipdate >= '1997-02-01'::date) AND (l_shipdate < '1997-05-01 00:00:00'::timestamp without time zone))","Rows Removed by Index Recheck": 0,"Exact Heap Blocks": 66311,"Lossy Heap Blocks": 0,"Plans": [{"Node Type": "Bitmap Index Scan","Parent Relationship": "Outer","Parallel Aware": false,"Async Capable": false,"Index Name": "idx_lineitem_shipdate","Startup Cost": 0.00,"Total Cost": 5537.78,"Plan Rows": 217735,"Plan Width": 0,"Actual Startup Time": 47.523,"Actual Total Time": 47.523,"Actual Rows": 222319,"Actual Loops": 1,"Index Cond": "((l_shipdate >= '1997-02-01'::date) AND (l_shipdate < '1997-05-01 00:00:00'::timestamp without time zone))"}]}]}]}]}]},"Planning Time": 4.276,"Triggers": [],"Execution Time": 2055.156}]
[{"Plan": {"Node Type": "Merge Join","Parallel Aware": false,"Async Capable": false,"Join Type": "Inner","Startup Cost": 248695.00,"Total Cost": 249215.90,"Plan Rows": 50,"Plan Width": 103,"Actual Startup Time": 2082.592,"Actual Total Time": 2082.640,"Actual Rows": 1,"Actual Loops": 1,"Inner Unique": true,"Merge Cond": "(supplier.s_suppkey = revenue0.supplier_no)","Plans": [{"Node Type": "Aggregate","Strategy": "Plain","Partial Mode": "Simple","Parent Relationship": "InitPlan","Subplan Name": "InitPlan 1 (returns $0)","Parallel Aware": false,"Async Capable": false,"Startup Cost": 124396.43,"Total Cost": 124396.44,"Plan Rows": 1,"Plan Width": 32,"Actual Startup Time": 946.403,"Actual Total Time": 946.419,"Actual Rows": 1,"Actual Loops": 1,"Plans": [{"Node Type": "Aggregate","Strategy": "Hashed","Partial Mode": "Simple","Parent Relationship": "Outer","Parallel Aware": false,"Async Capable": false,"Startup Cost": 124146.26,"Total Cost": 124271.35,"Plan Rows": 10007,"Plan Width": 36,"Actual Startup Time": 938.935,"Actual Total Time": 945.817,"Actual Rows": 10000,"Actual Loops": 1,"Group Key": ["lineitem_1.l_suppkey"],"Planned Partitions": 0,"HashAgg Batches": 1,"Peak Memory Usage": 4497,"Disk Usage": 0,"Plans": [{"Node Type": "Bitmap Heap Scan","Parent Relationship": "Outer","Parallel Aware": false,"Async Capable": false,"Relation Name": "lineitem","Alias": "lineitem_1","Startup Cost": 5899.41,"Total Cost": 121848.72,"Plan Rows": 229754,"Plan Width": 16,"Actual Startup Time": 59.759,"Actual Total Time": 793.376,"Actual Rows": 228921,"Actual Loops": 1,"Recheck Cond": "((l_shipdate >= '1996-03-01'::date) AND (l_shipdate < '1996-06-01 00:00:00'::timestamp without time zone))","Rows Removed by Index Recheck": 0,"Exact Heap Blocks": 67056,"Lossy Heap Blocks": 0,"Plans": [{"Node Type": "Bitmap Index Scan","Parent Relationship": "Outer","Parallel Aware": false,"Async Capable": false,"Index Name": "idx_lineitem_shipdate","Startup Cost": 0.00,"Total Cost": 5841.97,"Plan Rows": 229754,"Plan Width": 0,"Actual Startup Time": 45.910,"Actual Total Time": 45.916,"Actual Rows": 228921,"Actual Loops": 1,"Index Cond": "((l_shipdate >= '1996-03-01'::date) AND (l_shipdate < '1996-06-01 00:00:00'::timestamp without time zone))"}]}]}]},{"Node Type": "Index Scan","Parent Relationship": "Outer","Parallel Aware": false,"Async Capable": false,"Scan Direction": "Forward","Index Name": "supplier_pkey","Relation Name": "supplier","Alias": "supplier","Startup Cost": 0.29,"Total Cost": 495.43,"Plan Rows": 10000,"Plan Width": 71,"Actual Startup Time": 0.102,"Actual Total Time": 2.838,"Actual Rows": 1506,"Actual Loops": 1},{"Node Type": "Sort","Parent Relationship": "Inner","Parallel Aware": false,"Async Capable": false,"Startup Cost": 124298.27,"Total Cost": 124298.40,"Plan Rows": 50,"Plan Width": 36,"Actual Startup Time": 2079.634,"Actual Total Time": 2079.648,"Actual Rows": 1,"Actual Loops": 1,"Sort Key": ["revenue0.supplier_no"],"Sort Method": "quicksort","Sort Space Used": 25,"Sort Space Type": "Memory","Plans": [{"Node Type": "Subquery Scan","Parent Relationship": "Outer","Parallel Aware": false,"Async Capable": false,"Alias": "revenue0","Startup Cost": 124146.26,"Total Cost": 124296.86,"Plan Rows": 50,"Plan Width": 36,"Actual Startup Time": 2064.713,"Actual Total Time": 2079.612,"Actual Rows": 1,"Actual Loops": 1,"Plans": [{"Node Type": "Aggregate","Strategy": "Hashed","Partial Mode": "Simple","Parent Relationship": "Subquery","Parallel Aware": false,"Async Capable": false,"Startup Cost": 124146.26,"Total Cost": 124296.36,"Plan Rows": 50,"Plan Width": 36,"Actual Startup Time": 2064.706,"Actual Total Time": 2079.603,"Actual Rows": 1,"Actual Loops": 1,"Group Key": ["lineitem.l_suppkey"],"Filter": "(sum((lineitem.l_extendedprice * ('1'::numeric - lineitem.l_discount))) = $0)","Planned Partitions": 0,"HashAgg Batches": 1,"Peak Memory Usage": 4497,"Disk Usage": 0,"Rows Removed by Filter": 9999,"Plans": [{"Node Type": "Bitmap Heap Scan","Parent Relationship": "Outer","Parallel Aware": false,"Async Capable": false,"Relation Name": "lineitem","Alias": "lineitem","Startup Cost": 5899.41,"Total Cost": 121848.72,"Plan Rows": 229754,"Plan Width": 16,"Actual Startup Time": 56.873,"Actual Total Time": 935.993,"Actual Rows": 228921,"Actual Loops": 1,"Recheck Cond": "((l_shipdate >= '1996-03-01'::date) AND (l_shipdate < '1996-06-01 00:00:00'::timestamp without time zone))","Rows Removed by Index Recheck": 0,"Exact Heap Blocks": 67056,"Lossy Heap Blocks": 0,"Plans": [{"Node Type": "Bitmap Index Scan","Parent Relationship": "Outer","Parallel Aware": false,"Async Capable": false,"Index Name": "idx_lineitem_shipdate","Startup Cost": 0.00,"Total Cost": 5841.97,"Plan Rows": 229754,"Plan Width": 0,"Actual Startup Time": 43.119,"Actual Total Time": 43.123,"Actual Rows": 228921,"Actual Loops": 1,"Index Cond": "((l_shipdate >= '1996-03-01'::date) AND (l_shipdate < '1996-06-01 00:00:00'::timestamp without time zone))"}]}]}]}]}]},"Planning Time": 4.992,"Triggers": [],"Execution Time": 2086.750}]
[{"Plan": {"Node Type": "Merge Join","Parallel Aware": false,"Async Capable": false,"Join Type": "Inner","Startup Cost": 248524.21,"Total Cost": 249045.10,"Plan Rows": 50,"Plan Width": 103,"Actual Startup Time": 2079.423,"Actual Total Time": 2079.492,"Actual Rows": 1,"Actual Loops": 1,"Inner Unique": true,"Merge Cond": "(supplier.s_suppkey = revenue0.supplier_no)","Plans": [{"Node Type": "Aggregate","Strategy": "Plain","Partial Mode": "Simple","Parent Relationship": "InitPlan","Subplan Name": "InitPlan 1 (returns $0)","Parallel Aware": false,"Async Capable": false,"Startup Cost": 124311.04,"Total Cost": 124311.05,"Plan Rows": 1,"Plan Width": 32,"Actual Startup Time": 980.693,"Actual Total Time": 980.722,"Actual Rows": 1,"Actual Loops": 1,"Plans": [{"Node Type": "Aggregate","Strategy": "Hashed","Partial Mode": "Simple","Parent Relationship": "Outer","Parallel Aware": false,"Async Capable": false,"Startup Cost": 124060.86,"Total Cost": 124185.95,"Plan Rows": 10007,"Plan Width": 36,"Actual Startup Time": 972.593,"Actual Total Time": 980.068,"Actual Rows": 10000,"Actual Loops": 1,"Group Key": ["lineitem_1.l_suppkey"],"Planned Partitions": 0,"HashAgg Batches": 1,"Peak Memory Usage": 4497,"Disk Usage": 0,"Plans": [{"Node Type": "Bitmap Heap Scan","Parent Relationship": "Outer","Parallel Aware": false,"Async Capable": false,"Relation Name": "lineitem","Alias": "lineitem_1","Startup Cost": 5725.29,"Total Cost": 121831.73,"Plan Rows": 222913,"Plan Width": 16,"Actual Startup Time": 57.312,"Actual Total Time": 766.290,"Actual Rows": 222566,"Actual Loops": 1,"Recheck Cond": "((l_shipdate >= '1994-02-01'::date) AND (l_shipdate < '1994-05-01 00:00:00'::timestamp without time zone))","Rows Removed by Index Recheck": 0,"Exact Heap Blocks": 66315,"Lossy Heap Blocks": 0,"Plans": [{"Node Type": "Bitmap Index Scan","Parent Relationship": "Outer","Parallel Aware": false,"Async Capable": false,"Index Name": "idx_lineitem_shipdate","Startup Cost": 0.00,"Total Cost": 5669.56,"Plan Rows": 222913,"Plan Width": 0,"Actual Startup Time": 43.664,"Actual Total Time": 43.688,"Actual Rows": 222566,"Actual Loops": 1,"Index Cond": "((l_shipdate >= '1994-02-01'::date) AND (l_shipdate < '1994-05-01 00:00:00'::timestamp without time zone))"}]}]}]},{"Node Type": "Index Scan","Parent Relationship": "Outer","Parallel Aware": false,"Async Capable": false,"Scan Direction": "Forward","Index Name": "supplier_pkey","Relation Name": "supplier","Alias": "supplier","Startup Cost": 0.29,"Total Cost": 495.43,"Plan Rows": 10000,"Plan Width": 71,"Actual Startup Time": 0.097,"Actual Total Time": 2.547,"Actual Rows": 1344,"Actual Loops": 1},{"Node Type": "Sort","Parent Relationship": "Inner","Parallel Aware": false,"Async Capable": false,"Startup Cost": 124212.88,"Total Cost": 124213.00,"Plan Rows": 50,"Plan Width": 36,"Actual Startup Time": 2076.735,"Actual Total Time": 2076.768,"Actual Rows": 1,"Actual Loops": 1,"Sort Key": ["revenue0.supplier_no"],"Sort Method": "quicksort","Sort Space Used": 25,"Sort Space Type": "Memory","Plans": [{"Node Type": "Subquery Scan","Parent Relationship": "Outer","Parallel Aware": false,"Async Capable": false,"Alias": "revenue0","Startup Cost": 124060.86,"Total Cost": 124211.47,"Plan Rows": 50,"Plan Width": 36,"Actual Startup Time": 2071.927,"Actual Total Time": 2076.661,"Actual Rows": 1,"Actual Loops": 1,"Plans": [{"Node Type": "Aggregate","Strategy": "Hashed","Partial Mode": "Simple","Parent Relationship": "Subquery","Parallel Aware": false,"Async Capable": false,"Startup Cost": 124060.86,"Total Cost": 124210.97,"Plan Rows": 50,"Plan Width": 36,"Actual Startup Time": 2071.917,"Actual Total Time": 2076.627,"Actual Rows": 1,"Actual Loops": 1,"Group Key": ["lineitem.l_suppkey"],"Filter": "(sum((lineitem.l_extendedprice * ('1'::numeric - lineitem.l_discount))) = $0)","Planned Partitions": 0,"HashAgg Batches": 1,"Peak Memory Usage": 4497,"Disk Usage": 0,"Rows Removed by Filter": 9999,"Plans": [{"Node Type": "Bitmap Heap Scan","Parent Relationship": "Outer","Parallel Aware": false,"Async Capable": false,"Relation Name": "lineitem","Alias": "lineitem","Startup Cost": 5725.29,"Total Cost": 121831.73,"Plan Rows": 222913,"Plan Width": 16,"Actual Startup Time": 54.472,"Actual Total Time": 918.417,"Actual Rows": 222566,"Actual Loops": 1,"Recheck Cond": "((l_shipdate >= '1994-02-01'::date) AND (l_shipdate < '1994-05-01 00:00:00'::timestamp without time zone))","Rows Removed by Index Recheck": 0,"Exact Heap Blocks": 66315,"Lossy Heap Blocks": 0,"Plans": [{"Node Type": "Bitmap Index Scan","Parent Relationship": "Outer","Parallel Aware": false,"Async Capable": false,"Index Name": "idx_lineitem_shipdate","Startup Cost": 0.00,"Total Cost": 5669.56,"Plan Rows": 222913,"Plan Width": 0,"Actual Startup Time": 40.835,"Actual Total Time": 40.850,"Actual Rows": 222566,"Actual Loops": 1,"Index Cond": "((l_shipdate >= '1994-02-01'::date) AND (l_shipdate < '1994-05-01 00:00:00'::timestamp without time zone))"}]}]}]}]}]},"Planning Time": 4.834,"Triggers": [],"Execution Time": 2084.411}]
[{"Plan": {"Node Type": "Merge Join","Parallel Aware": false,"Async Capable": false,"Join Type": "Inner","Startup Cost": 248983.50,"Total Cost": 249504.39,"Plan Rows": 50,"Plan Width": 103,"Actual Startup Time": 1938.743,"Actual Total Time": 1938.793,"Actual Rows": 1,"Actual Loops": 1,"Inner Unique": true,"Merge Cond": "(supplier.s_suppkey = revenue0.supplier_no)","Plans": [{"Node Type": "Aggregate","Strategy": "Plain","Partial Mode": "Simple","Parent Relationship": "InitPlan","Subplan Name": "InitPlan 1 (returns $0)","Parallel Aware": false,"Async Capable": false,"Startup Cost": 124540.68,"Total Cost": 124540.69,"Plan Rows": 1,"Plan Width": 32,"Actual Startup Time": 839.155,"Actual Total Time": 839.170,"Actual Rows": 1,"Actual Loops": 1,"Plans": [{"Node Type": "Aggregate","Strategy": "Hashed","Partial Mode": "Simple","Parent Relationship": "Outer","Parallel Aware": false,"Async Capable": false,"Startup Cost": 124290.50,"Total Cost": 124415.59,"Plan Rows": 10007,"Plan Width": 36,"Actual Startup Time": 829.011,"Actual Total Time": 838.572,"Actual Rows": 10000,"Actual Loops": 1,"Group Key": ["lineitem_1.l_suppkey"],"Planned Partitions": 0,"HashAgg Batches": 1,"Peak Memory Usage": 4497,"Disk Usage": 0,"Plans": [{"Node Type": "Bitmap Heap Scan","Parent Relationship": "Outer","Parallel Aware": false,"Async Capable": false,"Relation Name": "lineitem","Alias": "lineitem_1","Startup Cost": 5640.16,"Total Cost": 122093.70,"Plan Rows": 219681,"Plan Width": 16,"Actual Startup Time": 57.904,"Actual Total Time": 668.211,"Actual Rows": 225815,"Actual Loops": 1,"Recheck Cond": "((l_shipdate >= '1996-12-01'::date) AND (l_shipdate < '1997-03-01 00:00:00'::timestamp without time zone))","Rows Removed by Index Recheck": 0,"Exact Heap Blocks": 66669,"Lossy Heap Blocks": 0,"Plans": [{"Node Type": "Bitmap Index Scan","Parent Relationship": "Outer","Parallel Aware": false,"Async Capable": false,"Index Name": "idx_lineitem_shipdate","Startup Cost": 0.00,"Total Cost": 5585.24,"Plan Rows": 219681,"Plan Width": 0,"Actual Startup Time": 44.432,"Actual Total Time": 44.435,"Actual Rows": 225815,"Actual Loops": 1,"Index Cond": "((l_shipdate >= '1996-12-01'::date) AND (l_shipdate < '1997-03-01 00:00:00'::timestamp without time zone))"}]}]}]},{"Node Type": "Index Scan","Parent Relationship": "Outer","Parallel Aware": false,"Async Capable": false,"Scan Direction": "Forward","Index Name": "supplier_pkey","Relation Name": "supplier","Alias": "supplier","Startup Cost": 0.29,"Total Cost": 495.43,"Plan Rows": 10000,"Plan Width": 71,"Actual Startup Time": 0.092,"Actual Total Time": 9.144,"Actual Rows": 5992,"Actual Loops": 1},{"Node Type": "Sort","Parent Relationship": "Inner","Parallel Aware": false,"Async Capable": false,"Startup Cost": 124442.52,"Total Cost": 124442.65,"Plan Rows": 50,"Plan Width": 36,"Actual Startup Time": 1929.238,"Actual Total Time": 1929.255,"Actual Rows": 1,"Actual Loops": 1,"Sort Key": ["revenue0.supplier_no"],"Sort Method": "quicksort","Sort Space Used": 25,"Sort Space Type": "Memory","Plans": [{"Node Type": "Subquery Scan","Parent Relationship": "Outer","Parallel Aware": false,"Async Capable": false,"Alias": "revenue0","Startup Cost": 124290.50,"Total Cost": 124441.11,"Plan Rows": 50,"Plan Width": 36,"Actual Startup Time": 1899.450,"Actual Total Time": 1929.215,"Actual Rows": 1,"Actual Loops": 1,"Plans": [{"Node Type": "Aggregate","Strategy": "Hashed","Partial Mode": "Simple","Parent Relationship": "Subquery","Parallel Aware": false,"Async Capable": false,"Startup Cost": 124290.50,"Total Cost": 124440.61,"Plan Rows": 50,"Plan Width": 36,"Actual Startup Time": 1899.446,"Actual Total Time": 1929.206,"Actual Rows": 1,"Actual Loops": 1,"Group Key": ["lineitem.l_suppkey"],"Filter": "(sum((lineitem.l_extendedprice * ('1'::numeric - lineitem.l_discount))) = $0)","Planned Partitions": 0,"HashAgg Batches": 1,"Peak Memory Usage": 4497,"Disk Usage": 0,"Rows Removed by Filter": 9999,"Plans": [{"Node Type": "Bitmap Heap Scan","Parent Relationship": "Outer","Parallel Aware": false,"Async Capable": false,"Relation Name": "lineitem","Alias": "lineitem","Startup Cost": 5640.16,"Total Cost": 122093.70,"Plan Rows": 219681,"Plan Width": 16,"Actual Startup Time": 57.890,"Actual Total Time": 893.942,"Actual Rows": 225815,"Actual Loops": 1,"Recheck Cond": "((l_shipdate >= '1996-12-01'::date) AND (l_shipdate < '1997-03-01 00:00:00'::timestamp without time zone))","Rows Removed by Index Recheck": 0,"Exact Heap Blocks": 66669,"Lossy Heap Blocks": 0,"Plans": [{"Node Type": "Bitmap Index Scan","Parent Relationship": "Outer","Parallel Aware": false,"Async Capable": false,"Index Name": "idx_lineitem_shipdate","Startup Cost": 0.00,"Total Cost": 5585.24,"Plan Rows": 219681,"Plan Width": 0,"Actual Startup Time": 44.501,"Actual Total Time": 44.501,"Actual Rows": 225815,"Actual Loops": 1,"Index Cond": "((l_shipdate >= '1996-12-01'::date) AND (l_shipdate < '1997-03-01 00:00:00'::timestamp without time zone))"}]}]}]}]}]},"Planning Time": 4.317,"Triggers": [],"Execution Time": 1941.817}]
[{"Plan": {"Node Type": "Merge Join","Parallel Aware": false,"Async Capable": false,"Join Type": "Inner","Startup Cost": 248837.06,"Total Cost": 249357.95,"Plan Rows": 50,"Plan Width": 103,"Actual Startup Time": 1969.246,"Actual Total Time": 1969.306,"Actual Rows": 1,"Actual Loops": 1,"Inner Unique": true,"Merge Cond": "(supplier.s_suppkey = revenue0.supplier_no)","Plans": [{"Node Type": "Aggregate","Strategy": "Plain","Partial Mode": "Simple","Parent Relationship": "InitPlan","Subplan Name": "InitPlan 1 (returns $0)","Parallel Aware": false,"Async Capable": false,"Startup Cost": 124467.46,"Total Cost": 124467.47,"Plan Rows": 1,"Plan Width": 32,"Actual Startup Time": 899.835,"Actual Total Time": 899.853,"Actual Rows": 1,"Actual Loops": 1,"Plans": [{"Node Type": "Aggregate","Strategy": "Hashed","Partial Mode": "Simple","Parent Relationship": "Outer","Parallel Aware": false,"Async Capable": false,"Startup Cost": 124217.29,"Total Cost": 124342.37,"Plan Rows": 10007,"Plan Width": 36,"Actual Startup Time": 888.951,"Actual Total Time": 899.159,"Actual Rows": 10000,"Actual Loops": 1,"Group Key": ["lineitem_1.l_suppkey"],"Planned Partitions": 0,"HashAgg Batches": 1,"Peak Memory Usage": 4497,"Disk Usage": 0,"Plans": [{"Node Type": "Bitmap Heap Scan","Parent Relationship": "Outer","Parallel Aware": false,"Async Capable": false,"Relation Name": "lineitem","Alias": "lineitem_1","Startup Cost": 5666.73,"Total Cost": 122010.16,"Plan Rows": 220712,"Plan Width": 16,"Actual Startup Time": 50.799,"Actual Total Time": 691.660,"Actual Rows": 227315,"Actual Loops": 1,"Recheck Cond": "((l_shipdate >= '1994-04-01'::date) AND (l_shipdate < '1994-07-01 00:00:00'::timestamp without time zone))","Rows Removed by Index Recheck": 0,"Exact Heap Blocks": 67016,"Lossy Heap Blocks": 0,"Plans": [{"Node Type": "Bitmap Index Scan","Parent Relationship": "Outer","Parallel Aware": false,"Async Capable": false,"Index Name": "idx_lineitem_shipdate","Startup Cost": 0.00,"Total Cost": 5611.55,"Plan Rows": 220712,"Plan Width": 0,"Actual Startup Time": 36.979,"Actual Total Time": 36.992,"Actual Rows": 227315,"Actual Loops": 1,"Index Cond": "((l_shipdate >= '1994-04-01'::date) AND (l_shipdate < '1994-07-01 00:00:00'::timestamp without time zone))"}]}]}]},{"Node Type": "Index Scan","Parent Relationship": "Outer","Parallel Aware": false,"Async Capable": false,"Scan Direction": "Forward","Index Name": "supplier_pkey","Relation Name": "supplier","Alias": "supplier","Startup Cost": 0.29,"Total Cost": 495.43,"Plan Rows": 10000,"Plan Width": 71,"Actual Startup Time": 0.084,"Actual Total Time": 2.331,"Actual Rows": 1360,"Actual Loops": 1},{"Node Type": "Sort","Parent Relationship": "Inner","Parallel Aware": false,"Async Capable": false,"Startup Cost": 124369.30,"Total Cost": 124369.43,"Plan Rows": 50,"Plan Width": 36,"Actual Startup Time": 1966.772,"Actual Total Time": 1966.788,"Actual Rows": 1,"Actual Loops": 1,"Sort Key": ["revenue0.supplier_no"],"Sort Method": "quicksort","Sort Space Used": 25,"Sort Space Type": "Memory","Plans": [{"Node Type": "Subquery Scan","Parent Relationship": "Outer","Parallel Aware": false,"Async Capable": false,"Alias": "revenue0","Startup Cost": 124217.29,"Total Cost": 124367.89,"Plan Rows": 50,"Plan Width": 36,"Actual Startup Time": 1963.574,"Actual Total Time": 1966.737,"Actual Rows": 1,"Actual Loops": 1,"Plans": [{"Node Type": "Aggregate","Strategy": "Hashed","Partial Mode": "Simple","Parent Relationship": "Subquery","Parallel Aware": false,"Async Capable": false,"Startup Cost": 124217.29,"Total Cost": 124367.39,"Plan Rows": 50,"Plan Width": 36,"Actual Startup Time": 1963.555,"Actual Total Time": 1966.695,"Actual Rows": 1,"Actual Loops": 1,"Group Key": ["lineitem.l_suppkey"],"Filter": "(sum((lineitem.l_extendedprice * ('1'::numeric - lineitem.l_discount))) = $0)","Planned Partitions": 0,"HashAgg Batches": 1,"Peak Memory Usage": 4497,"Disk Usage": 0,"Rows Removed by Filter": 9999,"Plans": [{"Node Type": "Bitmap Heap Scan","Parent Relationship": "Outer","Parallel Aware": false,"Async Capable": false,"Relation Name": "lineitem","Alias": "lineitem","Startup Cost": 5666.73,"Total Cost": 122010.16,"Plan Rows": 220712,"Plan Width": 16,"Actual Startup Time": 49.894,"Actual Total Time": 881.952,"Actual Rows": 227315,"Actual Loops": 1,"Recheck Cond": "((l_shipdate >= '1994-04-01'::date) AND (l_shipdate < '1994-07-01 00:00:00'::timestamp without time zone))","Rows Removed by Index Recheck": 0,"Exact Heap Blocks": 67016,"Lossy Heap Blocks": 0,"Plans": [{"Node Type": "Bitmap Index Scan","Parent Relationship": "Outer","Parallel Aware": false,"Async Capable": false,"Index Name": "idx_lineitem_shipdate","Startup Cost": 0.00,"Total Cost": 5611.55,"Plan Rows": 220712,"Plan Width": 0,"Actual Startup Time": 36.453,"Actual Total Time": 36.453,"Actual Rows": 227315,"Actual Loops": 1,"Index Cond": "((l_shipdate >= '1994-04-01'::date) AND (l_shipdate < '1994-07-01 00:00:00'::timestamp without time zone))"}]}]}]}]}]},"Planning Time": 4.191,"Triggers": [],"Execution Time": 1974.742}]
[{"Plan": {"Node Type": "Merge Join","Parallel Aware": false,"Async Capable": false,"Join Type": "Inner","Startup Cost": 249457.74,"Total Cost": 249978.63,"Plan Rows": 50,"Plan Width": 103,"Actual Startup Time": 2127.109,"Actual Total Time": 2127.171,"Actual Rows": 1,"Actual Loops": 1,"Inner Unique": true,"Merge Cond": "(supplier.s_suppkey = revenue0.supplier_no)","Plans": [{"Node Type": "Aggregate","Strategy": "Plain","Partial Mode": "Simple","Parent Relationship": "InitPlan","Subplan Name": "InitPlan 1 (returns $0)","Parallel Aware": false,"Async Capable": false,"Startup Cost": 124777.80,"Total Cost": 124777.81,"Plan Rows": 1,"Plan Width": 32,"Actual Startup Time": 997.906,"Actual Total Time": 997.926,"Actual Rows": 1,"Actual Loops": 1,"Plans": [{"Node Type": "Aggregate","Strategy": "Hashed","Partial Mode": "Simple","Parent Relationship": "Outer","Parallel Aware": false,"Async Capable": false,"Startup Cost": 124527.62,"Total Cost": 124652.71,"Plan Rows": 10007,"Plan Width": 36,"Actual Startup Time": 989.617,"Actual Total Time": 997.244,"Actual Rows": 10000,"Actual Loops": 1,"Group Key": ["lineitem_1.l_suppkey"],"Planned Partitions": 0,"HashAgg Batches": 1,"Peak Memory Usage": 4497,"Disk Usage": 0,"Plans": [{"Node Type": "Bitmap Heap Scan","Parent Relationship": "Outer","Parallel Aware": false,"Async Capable": false,"Relation Name": "lineitem","Alias": "lineitem_1","Startup Cost": 6092.57,"Total Cost": 122154.80,"Plan Rows": 237282,"Plan Width": 16,"Actual Startup Time": 59.269,"Actual Total Time": 782.096,"Actual Rows": 230274,"Actual Loops": 1,"Recheck Cond": "((l_shipdate >= '1997-07-01'::date) AND (l_shipdate < '1997-10-01 00:00:00'::timestamp without time zone))","Rows Removed by Index Recheck": 0,"Exact Heap Blocks": 67274,"Lossy Heap Blocks": 0,"Plans": [{"Node Type": "Bitmap Index Scan","Parent Relationship": "Outer","Parallel Aware": false,"Async Capable": false,"Index Name": "idx_lineitem_shipdate","Startup Cost": 0.00,"Total Cost": 6033.25,"Plan Rows": 237282,"Plan Width": 0,"Actual Startup Time": 45.354,"Actual Total Time": 45.368,"Actual Rows": 230274,"Actual Loops": 1,"Index Cond": "((l_shipdate >= '1997-07-01'::date) AND (l_shipdate < '1997-10-01 00:00:00'::timestamp without time zone))"}]}]}]},{"Node Type": "Index Scan","Parent Relationship": "Outer","Parallel Aware": false,"Async Capable": false,"Scan Direction": "Forward","Index Name": "supplier_pkey","Relation Name": "supplier","Alias": "supplier","Startup Cost": 0.29,"Total Cost": 495.43,"Plan Rows": 10000,"Plan Width": 71,"Actual Startup Time": 0.082,"Actual Total Time": 9.953,"Actual Rows": 5903,"Actual Loops": 1},{"Node Type": "Sort","Parent Relationship": "Inner","Parallel Aware": false,"Async Capable": false,"Startup Cost": 124679.64,"Total Cost": 124679.77,"Plan Rows": 50,"Plan Width": 36,"Actual Startup Time": 2116.784,"Actual Total Time": 2116.821,"Actual Rows": 1,"Actual Loops": 1,"Sort Key": ["revenue0.supplier_no"],"Sort Method": "quicksort","Sort Space Used": 25,"Sort Space Type": "Memory","Plans": [{"Node Type": "Subquery Scan","Parent Relationship": "Outer","Parallel Aware": false,"Async Capable": false,"Alias": "revenue0","Startup Cost": 124527.62,"Total Cost": 124678.23,"Plan Rows": 50,"Plan Width": 36,"Actual Startup Time": 2113.870,"Actual Total Time": 2116.736,"Actual Rows": 1,"Actual Loops": 1,"Plans": [{"Node Type": "Aggregate","Strategy": "Hashed","Partial Mode": "Simple","Parent Relationship": "Subquery","Parallel Aware": false,"Async Capable": false,"Startup Cost": 124527.62,"Total Cost": 124677.73,"Plan Rows": 50,"Plan Width": 36,"Actual Startup Time": 2113.854,"Actual Total Time": 2116.701,"Actual Rows": 1,"Actual Loops": 1,"Group Key": ["lineitem.l_suppkey"],"Filter": "(sum((lineitem.l_extendedprice * ('1'::numeric - lineitem.l_discount))) = $0)","Planned Partitions": 0,"HashAgg Batches": 1,"Peak Memory Usage": 4497,"Disk Usage": 0,"Rows Removed by Filter": 9999,"Plans": [{"Node Type": "Bitmap Heap Scan","Parent Relationship": "Outer","Parallel Aware": false,"Async Capable": false,"Relation Name": "lineitem","Alias": "lineitem","Startup Cost": 6092.57,"Total Cost": 122154.80,"Plan Rows": 237282,"Plan Width": 16,"Actual Startup Time": 54.610,"Actual Total Time": 936.260,"Actual Rows": 230274,"Actual Loops": 1,"Recheck Cond": "((l_shipdate >= '1997-07-01'::date) AND (l_shipdate < '1997-10-01 00:00:00'::timestamp without time zone))","Rows Removed by Index Recheck": 0,"Exact Heap Blocks": 67274,"Lossy Heap Blocks": 0,"Plans": [{"Node Type": "Bitmap Index Scan","Parent Relationship": "Outer","Parallel Aware": false,"Async Capable": false,"Index Name": "idx_lineitem_shipdate","Startup Cost": 0.00,"Total Cost": 6033.25,"Plan Rows": 237282,"Plan Width": 0,"Actual Startup Time": 40.982,"Actual Total Time": 41.009,"Actual Rows": 230274,"Actual Loops": 1,"Index Cond": "((l_shipdate >= '1997-07-01'::date) AND (l_shipdate < '1997-10-01 00:00:00'::timestamp without time zone))"}]}]}]}]}]},"Planning Time": 4.364,"Triggers": [],"Execution Time": 2132.001}]
[{"Plan": {"Node Type": "Merge Join","Parallel Aware": false,"Async Capable": false,"Join Type": "Inner","Startup Cost": 248646.16,"Total Cost": 249167.06,"Plan Rows": 50,"Plan Width": 103,"Actual Startup Time": 2067.824,"Actual Total Time": 2067.872,"Actual Rows": 1,"Actual Loops": 1,"Inner Unique": true,"Merge Cond": "(supplier.s_suppkey = revenue0.supplier_no)","Plans": [{"Node Type": "Aggregate","Strategy": "Plain","Partial Mode": "Simple","Parent Relationship": "InitPlan","Subplan Name": "InitPlan 1 (returns $0)","Parallel Aware": false,"Async Capable": false,"Startup Cost": 124372.01,"Total Cost": 124372.02,"Plan Rows": 1,"Plan Width": 32,"Actual Startup Time": 931.824,"Actual Total Time": 931.838,"Actual Rows": 1,"Actual Loops": 1,"Plans": [{"Node Type": "Aggregate","Strategy": "Hashed","Partial Mode": "Simple","Parent Relationship": "Outer","Parallel Aware": false,"Async Capable": false,"Startup Cost": 124121.84,"Total Cost": 124246.93,"Plan Rows": 10007,"Plan Width": 36,"Actual Startup Time": 922.356,"Actual Total Time": 931.242,"Actual Rows": 10000,"Actual Loops": 1,"Group Key": ["lineitem_1.l_suppkey"],"Planned Partitions": 0,"HashAgg Batches": 1,"Peak Memory Usage": 4497,"Disk Usage": 0,"Plans": [{"Node Type": "Bitmap Heap Scan","Parent Relationship": "Outer","Parallel Aware": false,"Async Capable": false,"Relation Name": "lineitem","Alias": "lineitem_1","Startup Cost": 5886.63,"Total Cost": 121828.95,"Plan Rows": 229288,"Plan Width": 16,"Actual Startup Time": 58.527,"Actual Total Time": 775.769,"Actual Rows": 229065,"Actual Loops": 1,"Recheck Cond": "((l_shipdate >= '1994-08-01'::date) AND (l_shipdate < '1994-11-01 00:00:00'::timestamp without time zone))","Rows Removed by Index Recheck": 0,"Exact Heap Blocks": 67202,"Lossy Heap Blocks": 0,"Plans": [{"Node Type": "Bitmap Index Scan","Parent Relationship": "Outer","Parallel Aware": false,"Async Capable": false,"Index Name": "idx_lineitem_shipdate","Startup Cost": 0.00,"Total Cost": 5829.31,"Plan Rows": 229288,"Plan Width": 0,"Actual Startup Time": 45.025,"Actual Total Time": 45.031,"Actual Rows": 229065,"Actual Loops": 1,"Index Cond": "((l_shipdate >= '1994-08-01'::date) AND (l_shipdate < '1994-11-01 00:00:00'::timestamp without time zone))"}]}]}]},{"Node Type": "Index Scan","Parent Relationship": "Outer","Parallel Aware": false,"Async Capable": false,"Scan Direction": "Forward","Index Name": "supplier_pkey","Relation Name": "supplier","Alias": "supplier","Startup Cost": 0.29,"Total Cost": 495.43,"Plan Rows": 10000,"Plan Width": 71,"Actual Startup Time": 0.106,"Actual Total Time": 14.913,"Actual Rows": 9980,"Actual Loops": 1},{"Node Type": "Sort","Parent Relationship": "Inner","Parallel Aware": false,"Async Capable": false,"Startup Cost": 124273.86,"Total Cost": 124273.98,"Plan Rows": 50,"Plan Width": 36,"Actual Startup Time": 2052.345,"Actual Total Time": 2052.360,"Actual Rows": 1,"Actual Loops": 1,"Sort Key": ["revenue0.supplier_no"],"Sort Method": "quicksort","Sort Space Used": 25,"Sort Space Type": "Memory","Plans": [{"Node Type": "Subquery Scan","Parent Relationship": "Outer","Parallel Aware": false,"Async Capable": false,"Alias": "revenue0","Startup Cost": 124121.84,"Total Cost": 124272.44,"Plan Rows": 50,"Plan Width": 36,"Actual Startup Time": 2031.394,"Actual Total Time": 2052.312,"Actual Rows": 1,"Actual Loops": 1,"Plans": [{"Node Type": "Aggregate","Strategy": "Hashed","Partial Mode": "Simple","Parent Relationship": "Subquery","Parallel Aware": false,"Async Capable": false,"Startup Cost": 124121.84,"Total Cost": 124271.94,"Plan Rows": 50,"Plan Width": 36,"Actual Startup Time": 2031.385,"Actual Total Time": 2052.295,"Actual Rows": 1,"Actual Loops": 1,"Group Key": ["lineitem.l_suppkey"],"Filter": "(sum((lineitem.l_extendedprice * ('1'::numeric - lineitem.l_discount))) = $0)","Planned Partitions": 0,"HashAgg Batches": 1,"Peak Memory Usage": 4497,"Disk Usage": 0,"Rows Removed by Filter": 9999,"Plans": [{"Node Type": "Bitmap Heap Scan","Parent Relationship": "Outer","Parallel Aware": false,"Async Capable": false,"Relation Name": "lineitem","Alias": "lineitem","Startup Cost": 5886.63,"Total Cost": 121828.95,"Plan Rows": 229288,"Plan Width": 16,"Actual Startup Time": 54.472,"Actual Total Time": 926.953,"Actual Rows": 229065,"Actual Loops": 1,"Recheck Cond": "((l_shipdate >= '1994-08-01'::date) AND (l_shipdate < '1994-11-01 00:00:00'::timestamp without time zone))","Rows Removed by Index Recheck": 0,"Exact Heap Blocks": 67202,"Lossy Heap Blocks": 0,"Plans": [{"Node Type": "Bitmap Index Scan","Parent Relationship": "Outer","Parallel Aware": false,"Async Capable": false,"Index Name": "idx_lineitem_shipdate","Startup Cost": 0.00,"Total Cost": 5829.31,"Plan Rows": 229288,"Plan Width": 0,"Actual Startup Time": 41.071,"Actual Total Time": 41.073,"Actual Rows": 229065,"Actual Loops": 1,"Index Cond": "((l_shipdate >= '1994-08-01'::date) AND (l_shipdate < '1994-11-01 00:00:00'::timestamp without time zone))"}]}]}]}]}]},"Planning Time": 4.637,"Triggers": [],"Execution Time": 2073.259}]
[{"Plan": {"Node Type": "Merge Join","Parallel Aware": false,"Async Capable": false,"Join Type": "Inner","Startup Cost": 249429.21,"Total Cost": 249950.11,"Plan Rows": 50,"Plan Width": 103,"Actual Startup Time": 1898.287,"Actual Total Time": 1898.337,"Actual Rows": 1,"Actual Loops": 1,"Inner Unique": true,"Merge Cond": "(supplier.s_suppkey = revenue0.supplier_no)","Plans": [{"Node Type": "Aggregate","Strategy": "Plain","Partial Mode": "Simple","Parent Relationship": "InitPlan","Subplan Name": "InitPlan 1 (returns $0)","Parallel Aware": false,"Async Capable": false,"Startup Cost": 124763.54,"Total Cost": 124763.55,"Plan Rows": 1,"Plan Width": 32,"Actual Startup Time": 815.553,"Actual Total Time": 815.566,"Actual Rows": 1,"Actual Loops": 1,"Plans": [{"Node Type": "Aggregate","Strategy": "Hashed","Partial Mode": "Simple","Parent Relationship": "Outer","Parallel Aware": false,"Async Capable": false,"Startup Cost": 124513.36,"Total Cost": 124638.45,"Plan Rows": 10007,"Plan Width": 36,"Actual Startup Time": 809.471,"Actual Total Time": 814.969,"Actual Rows": 10000,"Actual Loops": 1,"Group Key": ["lineitem_1.l_suppkey"],"Planned Partitions": 0,"HashAgg Batches": 1,"Peak Memory Usage": 4497,"Disk Usage": 0,"Plans": [{"Node Type": "Bitmap Heap Scan","Parent Relationship": "Outer","Parallel Aware": false,"Async Capable": false,"Relation Name": "lineitem","Alias": "lineitem_1","Startup Cost": 6085.59,"Total Cost": 122143.46,"Plan Rows": 236991,"Plan Width": 16,"Actual Startup Time": 49.104,"Actual Total Time": 665.753,"Actual Rows": 225457,"Actual Loops": 1,"Recheck Cond": "((l_shipdate >= '1993-04-01'::date) AND (l_shipdate < '1993-07-01 00:00:00'::timestamp without time zone))","Rows Removed by Index Recheck": 0,"Exact Heap Blocks": 66507,"Lossy Heap Blocks": 0,"Plans": [{"Node Type": "Bitmap Index Scan","Parent Relationship": "Outer","Parallel Aware": false,"Async Capable": false,"Index Name": "idx_lineitem_shipdate","Startup Cost": 0.00,"Total Cost": 6026.34,"Plan Rows": 236991,"Plan Width": 0,"Actual Startup Time": 35.669,"Actual Total Time": 35.673,"Actual Rows": 225457,"Actual Loops": 1,"Index Cond": "((l_shipdate >= '1993-04-01'::date) AND (l_shipdate < '1993-07-01 00:00:00'::timestamp without time zone))"}]}]}]},{"Node Type": "Index Scan","Parent Relationship": "Outer","Parallel Aware": false,"Async Capable": false,"Scan Direction": "Forward","Index Name": "supplier_pkey","Relation Name": "supplier","Alias": "supplier","Startup Cost": 0.29,"Total Cost": 495.43,"Plan Rows": 10000,"Plan Width": 71,"Actual Startup Time": 0.093,"Actual Total Time": 12.333,"Actual Rows": 7478,"Actual Loops": 1},{"Node Type": "Sort","Parent Relationship": "Inner","Parallel Aware": false,"Async Capable": false,"Startup Cost": 124665.38,"Total Cost": 124665.50,"Plan Rows": 50,"Plan Width": 36,"Actual Startup Time": 1885.515,"Actual Total Time": 1885.531,"Actual Rows": 1,"Actual Loops": 1,"Sort Key": ["revenue0.supplier_no"],"Sort Method": "quicksort","Sort Space Used": 25,"Sort Space Type": "Memory","Plans": [{"Node Type": "Subquery Scan","Parent Relationship": "Outer","Parallel Aware": false,"Async Capable": false,"Alias": "revenue0","Startup Cost": 124513.36,"Total Cost": 124663.97,"Plan Rows": 50,"Plan Width": 36,"Actual Startup Time": 1880.649,"Actual Total Time": 1885.498,"Actual Rows": 1,"Actual Loops": 1,"Plans": [{"Node Type": "Aggregate","Strategy": "Hashed","Partial Mode": "Simple","Parent Relationship": "Subquery","Parallel Aware": false,"Async Capable": false,"Startup Cost": 124513.36,"Total Cost": 124663.47,"Plan Rows": 50,"Plan Width": 36,"Actual Startup Time": 1880.643,"Actual Total Time": 1885.490,"Actual Rows": 1,"Actual Loops": 1,"Group Key": ["lineitem.l_suppkey"],"Filter": "(sum((lineitem.l_extendedprice * ('1'::numeric - lineitem.l_discount))) = $0)","Planned Partitions": 0,"HashAgg Batches": 1,"Peak Memory Usage": 4497,"Disk Usage": 0,"Rows Removed by Filter": 9999,"Plans": [{"Node Type": "Bitmap Heap Scan","Parent Relationship": "Outer","Parallel Aware": false,"Async Capable": false,"Relation Name": "lineitem","Alias": "lineitem","Startup Cost": 6085.59,"Total Cost": 122143.46,"Plan Rows": 236991,"Plan Width": 16,"Actual Startup Time": 49.990,"Actual Total Time": 876.930,"Actual Rows": 225457,"Actual Loops": 1,"Recheck Cond": "((l_shipdate >= '1993-04-01'::date) AND (l_shipdate < '1993-07-01 00:00:00'::timestamp without time zone))","Rows Removed by Index Recheck": 0,"Exact Heap Blocks": 66507,"Lossy Heap Blocks": 0,"Plans": [{"Node Type": "Bitmap Index Scan","Parent Relationship": "Outer","Parallel Aware": false,"Async Capable": false,"Index Name": "idx_lineitem_shipdate","Startup Cost": 0.00,"Total Cost": 6026.34,"Plan Rows": 236991,"Plan Width": 0,"Actual Startup Time": 36.697,"Actual Total Time": 36.700,"Actual Rows": 225457,"Actual Loops": 1,"Index Cond": "((l_shipdate >= '1993-04-01'::date) AND (l_shipdate < '1993-07-01 00:00:00'::timestamp without time zone))"}]}]}]}]}]},"Planning Time": 4.174,"Triggers": [],"Execution Time": 1900.156}]
[{"Plan": {"Node Type": "Merge Join","Parallel Aware": false,"Async Capable": false,"Join Type": "Inner","Startup Cost": 248394.89,"Total Cost": 248915.78,"Plan Rows": 50,"Plan Width": 103,"Actual Startup Time": 2089.409,"Actual Total Time": 2089.441,"Actual Rows": 1,"Actual Loops": 1,"Inner Unique": true,"Merge Cond": "(supplier.s_suppkey = revenue0.supplier_no)","Plans": [{"Node Type": "Aggregate","Strategy": "Plain","Partial Mode": "Simple","Parent Relationship": "InitPlan","Subplan Name": "InitPlan 1 (returns $0)","Parallel Aware": false,"Async Capable": false,"Startup Cost": 124246.37,"Total Cost": 124246.38,"Plan Rows": 1,"Plan Width": 32,"Actual Startup Time": 948.769,"Actual Total Time": 948.777,"Actual Rows": 1,"Actual Loops": 1,"Plans": [{"Node Type": "Aggregate","Strategy": "Hashed","Partial Mode": "Simple","Parent Relationship": "Outer","Parallel Aware": false,"Async Capable": false,"Startup Cost": 123996.20,"Total Cost": 124121.29,"Plan Rows": 10007,"Plan Width": 36,"Actual Startup Time": 940.788,"Actual Total Time": 948.181,"Actual Rows": 10000,"Actual Loops": 1,"Group Key": ["lineitem_1.l_suppkey"],"Planned Partitions": 0,"HashAgg Batches": 1,"Peak Memory Usage": 4497,"Disk Usage": 0,"Plans": [{"Node Type": "Bitmap Heap Scan","Parent Relationship": "Outer","Parallel Aware": false,"Async Capable": false,"Relation Name": "lineitem","Alias": "lineitem_1","Startup Cost": 5746.17,"Total Cost": 121758.41,"Plan Rows": 223779,"Plan Width": 16,"Actual Startup Time": 59.844,"Actual Total Time": 791.139,"Actual Rows": 229391,"Actual Loops": 1,"Recheck Cond": "((l_shipdate >= '1995-11-01'::date) AND (l_shipdate < '1996-02-01 00:00:00'::timestamp without time zone))","Rows Removed by Index Recheck": 0,"Exact Heap Blocks": 67359,"Lossy Heap Blocks": 0,"Plans": [{"Node Type": "Bitmap Index Scan","Parent Relationship": "Outer","Parallel Aware": false,"Async Capable": false,"Index Name": "idx_lineitem_shipdate","Startup Cost": 0.00,"Total Cost": 5690.22,"Plan Rows": 223779,"Plan Width": 0,"Actual Startup Time": 45.751,"Actual Total Time": 45.753,"Actual Rows": 229391,"Actual Loops": 1,"Index Cond": "((l_shipdate >= '1995-11-01'::date) AND (l_shipdate < '1996-02-01 00:00:00'::timestamp without time zone))"}]}]}]},{"Node Type": "Index Scan","Parent Relationship": "Outer","Parallel Aware": false,"Async Capable": false,"Scan Direction": "Forward","Index Name": "supplier_pkey","Relation Name": "supplier","Alias": "supplier","Startup Cost": 0.29,"Total Cost": 495.43,"Plan Rows": 10000,"Plan Width": 71,"Actual Startup Time": 0.110,"Actual Total Time": 8.010,"Actual Rows": 4886,"Actual Loops": 1},{"Node Type": "Sort","Parent Relationship": "Inner","Parallel Aware": false,"Async Capable": false,"Startup Cost": 124148.22,"Total Cost": 124148.34,"Plan Rows": 50,"Plan Width": 36,"Actual Startup Time": 2081.101,"Actual Total Time": 2081.114,"Actual Rows": 1,"Actual Loops": 1,"Sort Key": ["revenue0.supplier_no"],"Sort Method": "quicksort","Sort Space Used": 25,"Sort Space Type": "Memory","Plans": [{"Node Type": "Subquery Scan","Parent Relationship": "Outer","Parallel Aware": false,"Async Capable": false,"Alias": "revenue0","Startup Cost": 123996.20,"Total Cost": 124146.80,"Plan Rows": 50,"Plan Width": 36,"Actual Startup Time": 2074.974,"Actual Total Time": 2081.065,"Actual Rows": 1,"Actual Loops": 1,"Plans": [{"Node Type": "Aggregate","Strategy": "Hashed","Partial Mode": "Simple","Parent Relationship": "Subquery","Parallel Aware": false,"Async Capable": false,"Startup Cost": 123996.20,"Total Cost": 124146.30,"Plan Rows": 50,"Plan Width": 36,"Actual Startup Time": 2074.966,"Actual Total Time": 2081.051,"Actual Rows": 1,"Actual Loops": 1,"Group Key": ["lineitem.l_suppkey"],"Filter": "(sum((lineitem.l_extendedprice * ('1'::numeric - lineitem.l_discount))) = $0)","Planned Partitions": 0,"HashAgg Batches": 1,"Peak Memory Usage": 4497,"Disk Usage": 0,"Rows Removed by Filter": 9999,"Plans": [{"Node Type": "Bitmap Heap Scan","Parent Relationship": "Outer","Parallel Aware": false,"Async Capable": false,"Relation Name": "lineitem","Alias": "lineitem","Startup Cost": 5746.17,"Total Cost": 121758.41,"Plan Rows": 223779,"Plan Width": 16,"Actual Startup Time": 56.964,"Actual Total Time": 937.159,"Actual Rows": 229391,"Actual Loops": 1,"Recheck Cond": "((l_shipdate >= '1995-11-01'::date) AND (l_shipdate < '1996-02-01 00:00:00'::timestamp without time zone))","Rows Removed by Index Recheck": 0,"Exact Heap Blocks": 67359,"Lossy Heap Blocks": 0,"Plans": [{"Node Type": "Bitmap Index Scan","Parent Relationship": "Outer","Parallel Aware": false,"Async Capable": false,"Index Name": "idx_lineitem_shipdate","Startup Cost": 0.00,"Total Cost": 5690.22,"Plan Rows": 223779,"Plan Width": 0,"Actual Startup Time": 43.201,"Actual Total Time": 43.205,"Actual Rows": 229391,"Actual Loops": 1,"Index Cond": "((l_shipdate >= '1995-11-01'::date) AND (l_shipdate < '1996-02-01 00:00:00'::timestamp without time zone))"}]}]}]}]}]},"Planning Time": 5.341,"Triggers": [],"Execution Time": 2095.570}]
[{"Plan": {"Node Type": "Merge Join","Parallel Aware": false,"Async Capable": false,"Join Type": "Inner","Startup Cost": 249118.89,"Total Cost": 249639.79,"Plan Rows": 50,"Plan Width": 103,"Actual Startup Time": 2101.709,"Actual Total Time": 2101.748,"Actual Rows": 1,"Actual Loops": 1,"Inner Unique": true,"Merge Cond": "(supplier.s_suppkey = revenue0.supplier_no)","Plans": [{"Node Type": "Aggregate","Strategy": "Plain","Partial Mode": "Simple","Parent Relationship": "InitPlan","Subplan Name": "InitPlan 1 (returns $0)","Parallel Aware": false,"Async Capable": false,"Startup Cost": 124608.38,"Total Cost": 124608.39,"Plan Rows": 1,"Plan Width": 32,"Actual Startup Time": 954.180,"Actual Total Time": 954.190,"Actual Rows": 1,"Actual Loops": 1,"Plans": [{"Node Type": "Aggregate","Strategy": "Hashed","Partial Mode": "Simple","Parent Relationship": "Outer","Parallel Aware": false,"Async Capable": false,"Startup Cost": 124358.20,"Total Cost": 124483.29,"Plan Rows": 10007,"Plan Width": 36,"Actual Startup Time": 944.717,"Actual Total Time": 953.609,"Actual Rows": 10000,"Actual Loops": 1,"Group Key": ["lineitem_1.l_suppkey"],"Planned Partitions": 0,"HashAgg Batches": 1,"Peak Memory Usage": 4497,"Disk Usage": 0,"Plans": [{"Node Type": "Bitmap Heap Scan","Parent Relationship": "Outer","Parallel Aware": false,"Async Capable": false,"Relation Name": "lineitem","Alias": "lineitem_1","Startup Cost": 6006.43,"Total Cost": 122018.70,"Plan Rows": 233951,"Plan Width": 16,"Actual Startup Time": 66.327,"Actual Total Time": 795.231,"Actual Rows": 229338,"Actual Loops": 1,"Recheck Cond": "((l_shipdate >= '1993-07-01'::date) AND (l_shipdate < '1993-10-01 00:00:00'::timestamp without time zone))","Rows Removed by Index Recheck": 0,"Exact Heap Blocks": 67061,"Lossy Heap Blocks": 0,"Plans": [{"Node Type": "Bitmap Index Scan","Parent Relationship": "Outer","Parallel Aware": false,"Async Capable": false,"Index Name": "idx_lineitem_shipdate","Startup Cost": 0.00,"Total Cost": 5947.94,"Plan Rows": 233951,"Plan Width": 0,"Actual Startup Time": 52.411,"Actual Total Time": 52.417,"Actual Rows": 229338,"Actual Loops": 1,"Index Cond": "((l_shipdate >= '1993-07-01'::date) AND (l_shipdate < '1993-10-01 00:00:00'::timestamp without time zone))"}]}]}]},{"Node Type": "Index Scan","Parent Relationship": "Outer","Parallel Aware": false,"Async Capable": false,"Scan Direction": "Forward","Index Name": "supplier_pkey","Relation Name": "supplier","Alias": "supplier","Startup Cost": 0.29,"Total Cost": 495.43,"Plan Rows": 10000,"Plan Width": 71,"Actual Startup Time": 0.105,"Actual Total Time": 12.941,"Actual Rows": 8280,"Actual Loops": 1},{"Node Type": "Sort","Parent Relationship": "Inner","Parallel Aware": false,"Async Capable": false,"Startup Cost": 124510.22,"Total Cost": 124510.34,"Plan Rows": 50,"Plan Width": 36,"Actual Startup Time": 2088.290,"Actual Total Time": 2088.302,"Actual Rows": 1,"Actual Loops": 1,"Sort Key": ["revenue0.supplier_no"],"Sort Method": "quicksort","Sort Space Used": 25,"Sort Space Type": "Memory","Plans": [{"Node Type": "Subquery Scan","Parent Relationship": "Outer","Parallel Aware": false,"Async Capable": false,"Alias": "revenue0","Startup Cost": 124358.20,"Total Cost": 124508.81,"Plan Rows": 50,"Plan Width": 36,"Actual Startup Time": 2064.473,"Actual Total Time": 2088.234,"Actual Rows": 1,"Actual Loops": 1,"Plans": [{"Node Type": "Aggregate","Strategy": "Hashed","Partial Mode": "Simple","Parent Relationship": "Subquery","Parallel Aware": false,"Async Capable": false,"Startup Cost": 124358.20,"Total Cost": 124508.31,"Plan Rows": 50,"Plan Width": 36,"Actual Startup Time": 2064.468,"Actual Total Time": 2088.223,"Actual Rows": 1,"Actual Loops": 1,"Group Key": ["lineitem.l_suppkey"],"Filter": "(sum((lineitem.l_extendedprice * ('1'::numeric - lineitem.l_discount))) = $0)","Planned Partitions": 0,"HashAgg Batches": 1,"Peak Memory Usage": 4497,"Disk Usage": 0,"Rows Removed by Filter": 9999,"Plans": [{"Node Type": "Bitmap Heap Scan","Parent Relationship": "Outer","Parallel Aware": false,"Async Capable": false,"Relation Name": "lineitem","Alias": "lineitem","Startup Cost": 6006.43,"Total Cost": 122018.70,"Plan Rows": 233951,"Plan Width": 16,"Actual Startup Time": 62.518,"Actual Total Time": 939.412,"Actual Rows": 229338,"Actual Loops": 1,"Recheck Cond": "((l_shipdate >= '1993-07-01'::date) AND (l_shipdate < '1993-10-01 00:00:00'::timestamp without time zone))","Rows Removed by Index Recheck": 0,"Exact Heap Blocks": 67061,"Lossy Heap Blocks": 0,"Plans": [{"Node Type": "Bitmap Index Scan","Parent Relationship": "Outer","Parallel Aware": false,"Async Capable": false,"Index Name": "idx_lineitem_shipdate","Startup Cost": 0.00,"Total Cost": 5947.94,"Plan Rows": 233951,"Plan Width": 0,"Actual Startup Time": 48.803,"Actual Total Time": 48.804,"Actual Rows": 229338,"Actual Loops": 1,"Index Cond": "((l_shipdate >= '1993-07-01'::date) AND (l_shipdate < '1993-10-01 00:00:00'::timestamp without time zone))"}]}]}]}]}]},"Planning Time": 4.394,"Triggers": [],"Execution Time": 2106.441}]
[{"Plan": {"Node Type": "Merge Join","Parallel Aware": false,"Async Capable": false,"Join Type": "Inner","Startup Cost": 249444.62,"Total Cost": 249965.52,"Plan Rows": 50,"Plan Width": 103,"Actual Startup Time": 2087.809,"Actual Total Time": 2087.855,"Actual Rows": 1,"Actual Loops": 1,"Inner Unique": true,"Merge Cond": "(supplier.s_suppkey = revenue0.supplier_no)","Plans": [{"Node Type": "Aggregate","Strategy": "Plain","Partial Mode": "Simple","Parent Relationship": "InitPlan","Subplan Name": "InitPlan 1 (returns $0)","Parallel Aware": false,"Async Capable": false,"Startup Cost": 124771.24,"Total Cost": 124771.25,"Plan Rows": 1,"Plan Width": 32,"Actual Startup Time": 947.517,"Actual Total Time": 947.530,"Actual Rows": 1,"Actual Loops": 1,"Plans": [{"Node Type": "Aggregate","Strategy": "Hashed","Partial Mode": "Simple","Parent Relationship": "Outer","Parallel Aware": false,"Async Capable": false,"Startup Cost": 124521.07,"Total Cost": 124646.15,"Plan Rows": 10007,"Plan Width": 36,"Actual Startup Time": 940.365,"Actual Total Time": 946.934,"Actual Rows": 10000,"Actual Loops": 1,"Group Key": ["lineitem_1.l_suppkey"],"Planned Partitions": 0,"HashAgg Batches": 1,"Peak Memory Usage": 4497,"Disk Usage": 0,"Plans": [{"Node Type": "Bitmap Heap Scan","Parent Relationship": "Outer","Parallel Aware": false,"Async Capable": false,"Relation Name": "lineitem","Alias": "lineitem_1","Startup Cost": 6090.67,"Total Cost": 122150.11,"Plan Rows": 237096,"Plan Width": 16,"Actual Startup Time": 58.913,"Actual Total Time": 793.107,"Actual Rows": 230437,"Actual Loops": 1,"Recheck Cond": "((l_shipdate >= '1997-06-01'::date) AND (l_shipdate < '1997-09-01 00:00:00'::timestamp without time zone))","Rows Removed by Index Recheck": 0,"Exact Heap Blocks": 67249,"Lossy Heap Blocks": 0,"Plans": [{"Node Type": "Bitmap Index Scan","Parent Relationship": "Outer","Parallel Aware": false,"Async Capable": false,"Index Name": "idx_lineitem_shipdate","Startup Cost": 0.00,"Total Cost": 6031.39,"Plan Rows": 237096,"Plan Width": 0,"Actual Startup Time": 45.234,"Actual Total Time": 45.241,"Actual Rows": 230437,"Actual Loops": 1,"Index Cond": "((l_shipdate >= '1997-06-01'::date) AND (l_shipdate < '1997-09-01 00:00:00'::timestamp without time zone))"}]}]}]},{"Node Type": "Index Scan","Parent Relationship": "Outer","Parallel Aware": false,"Async Capable": false,"Scan Direction": "Forward","Index Name": "supplier_pkey","Relation Name": "supplier","Alias": "supplier","Startup Cost": 0.29,"Total Cost": 495.43,"Plan Rows": 10000,"Plan Width": 71,"Actual Startup Time": 0.071,"Actual Total Time": 8.069,"Actual Rows": 4963,"Actual Loops": 1},{"Node Type": "Sort","Parent Relationship": "Inner","Parallel Aware": false,"Async Capable": false,"Startup Cost": 124673.08,"Total Cost": 124673.21,"Plan Rows": 50,"Plan Width": 36,"Actual Startup Time": 2079.426,"Actual Total Time": 2079.438,"Actual Rows": 1,"Actual Loops": 1,"Sort Key": ["revenue0.supplier_no"],"Sort Method": "quicksort","Sort Space Used": 25,"Sort Space Type": "Memory","Plans": [{"Node Type": "Subquery Scan","Parent Relationship": "Outer","Parallel Aware": false,"Async Capable": false,"Alias": "revenue0","Startup Cost": 124521.07,"Total Cost": 124671.67,"Plan Rows": 50,"Plan Width": 36,"Actual Startup Time": 2064.256,"Actual Total Time": 2079.384,"Actual Rows": 1,"Actual Loops": 1,"Plans": [{"Node Type": "Aggregate","Strategy": "Hashed","Partial Mode": "Simple","Parent Relationship": "Subquery","Parallel Aware": false,"Async Capable": false,"Startup Cost": 124521.07,"Total Cost": 124671.17,"Plan Rows": 50,"Plan Width": 36,"Actual Startup Time": 2064.247,"Actual Total Time": 2079.364,"Actual Rows": 1,"Actual Loops": 1,"Group Key": ["lineitem.l_suppkey"],"Filter": "(sum((lineitem.l_extendedprice * ('1'::numeric - lineitem.l_discount))) = $0)","Planned Partitions": 0,"HashAgg Batches": 1,"Peak Memory Usage": 4497,"Disk Usage": 0,"Rows Removed by Filter": 9999,"Plans": [{"Node Type": "Bitmap Heap Scan","Parent Relationship": "Outer","Parallel Aware": false,"Async Capable": false,"Relation Name": "lineitem","Alias": "lineitem","Startup Cost": 6090.67,"Total Cost": 122150.11,"Plan Rows": 237096,"Plan Width": 16,"Actual Startup Time": 55.721,"Actual Total Time": 936.714,"Actual Rows": 230437,"Actual Loops": 1,"Recheck Cond": "((l_shipdate >= '1997-06-01'::date) AND (l_shipdate < '1997-09-01 00:00:00'::timestamp without time zone))","Rows Removed by Index Recheck": 0,"Exact Heap Blocks": 67249,"Lossy Heap Blocks": 0,"Plans": [{"Node Type": "Bitmap Index Scan","Parent Relationship": "Outer","Parallel Aware": false,"Async Capable": false,"Index Name": "idx_lineitem_shipdate","Startup Cost": 0.00,"Total Cost": 6031.39,"Plan Rows": 237096,"Plan Width": 0,"Actual Startup Time": 42.178,"Actual Total Time": 42.181,"Actual Rows": 230437,"Actual Loops": 1,"Index Cond": "((l_shipdate >= '1997-06-01'::date) AND (l_shipdate < '1997-09-01 00:00:00'::timestamp without time zone))"}]}]}]}]}]},"Planning Time": 4.884,"Triggers": [],"Execution Time": 2093.730}]
[{"Plan": {"Node Type": "Merge Join","Parallel Aware": false,"Async Capable": false,"Join Type": "Inner","Startup Cost": 249067.58,"Total Cost": 249588.48,"Plan Rows": 50,"Plan Width": 103,"Actual Startup Time": 1943.314,"Actual Total Time": 1943.349,"Actual Rows": 1,"Actual Loops": 1,"Inner Unique": true,"Merge Cond": "(supplier.s_suppkey = revenue0.supplier_no)","Plans": [{"Node Type": "Aggregate","Strategy": "Plain","Partial Mode": "Simple","Parent Relationship": "InitPlan","Subplan Name": "InitPlan 1 (returns $0)","Parallel Aware": false,"Async Capable": false,"Startup Cost": 124582.72,"Total Cost": 124582.73,"Plan Rows": 1,"Plan Width": 32,"Actual Startup Time": 848.418,"Actual Total Time": 848.429,"Actual Rows": 1,"Actual Loops": 1,"Plans": [{"Node Type": "Aggregate","Strategy": "Hashed","Partial Mode": "Simple","Parent Relationship": "Outer","Parallel Aware": false,"Async Capable": false,"Startup Cost": 124332.55,"Total Cost": 124457.64,"Plan Rows": 10007,"Plan Width": 36,"Actual Startup Time": 837.964,"Actual Total Time": 847.834,"Actual Rows": 10000,"Actual Loops": 1,"Group Key": ["lineitem_1.l_suppkey"],"Planned Partitions": 0,"HashAgg Batches": 1,"Peak Memory Usage": 4497,"Disk Usage": 0,"Plans": [{"Node Type": "Bitmap Heap Scan","Parent Relationship": "Outer","Parallel Aware": false,"Async Capable": false,"Relation Name": "lineitem","Alias": "lineitem_1","Startup Cost": 5993.30,"Total Cost": 121998.05,"Plan Rows": 233450,"Plan Width": 16,"Actual Startup Time": 50.617,"Actual Total Time": 672.114,"Actual Rows": 230363,"Actual Loops": 1,"Recheck Cond": "((l_shipdate >= '1995-05-01'::date) AND (l_shipdate < '1995-08-01 00:00:00'::timestamp without time zone))","Rows Removed by Index Recheck": 0,"Exact Heap Blocks": 67561,"Lossy Heap Blocks": 0,"Plans": [{"Node Type": "Bitmap Index Scan","Parent Relationship": "Outer","Parallel Aware": false,"Async Capable": false,"Index Name": "idx_lineitem_shipdate","Startup Cost": 0.00,"Total Cost": 5934.93,"Plan Rows": 233450,"Plan Width": 0,"Actual Startup Time": 37.100,"Actual Total Time": 37.103,"Actual Rows": 230363,"Actual Loops": 1,"Index Cond": "((l_shipdate >= '1995-05-01'::date) AND (l_shipdate < '1995-08-01 00:00:00'::timestamp without time zone))"}]}]}]},{"Node Type": "Index Scan","Parent Relationship": "Outer","Parallel Aware": false,"Async Capable": false,"Scan Direction": "Forward","Index Name": "supplier_pkey","Relation Name": "supplier","Alias": "supplier","Startup Cost": 0.29,"Total Cost": 495.43,"Plan Rows": 10000,"Plan Width": 71,"Actual Startup Time": 0.105,"Actual Total Time": 6.996,"Actual Rows": 4313,"Actual Loops": 1},{"Node Type": "Sort","Parent Relationship": "Inner","Parallel Aware": false,"Async Capable": false,"Startup Cost": 124484.57,"Total Cost": 124484.69,"Plan Rows": 50,"Plan Width": 36,"Actual Startup Time": 1936.037,"Actual Total Time": 1936.050,"Actual Rows": 1,"Actual Loops": 1,"Sort Key": ["revenue0.supplier_no"],"Sort Method": "quicksort","Sort Space Used": 25,"Sort Space Type": "Memory","Plans": [{"Node Type": "Subquery Scan","Parent Relationship": "Outer","Parallel Aware": false,"Async Capable": false,"Alias": "revenue0","Startup Cost": 124332.55,"Total Cost": 124483.15,"Plan Rows": 50,"Plan Width": 36,"Actual Startup Time": 1918.349,"Actual Total Time": 1936.015,"Actual Rows": 1,"Actual Loops": 1,"Plans": [{"Node Type": "Aggregate","Strategy": "Hashed","Partial Mode": "Simple","Parent Relationship": "Subquery","Parallel Aware": false,"Async Capable": false,"Startup Cost": 124332.55,"Total Cost": 124482.65,"Plan Rows": 50,"Plan Width": 36,"Actual Startup Time": 1918.345,"Actual Total Time": 1936.006,"Actual Rows": 1,"Actual Loops": 1,"Group Key": ["lineitem.l_suppkey"],"Filter": "(sum((lineitem.l_extendedprice * ('1'::numeric - lineitem.l_discount))) = $0)","Planned Partitions": 0,"HashAgg Batches": 1,"Peak Memory Usage": 4497,"Disk Usage": 0,"Rows Removed by Filter": 9999,"Plans": [{"Node Type": "Bitmap Heap Scan","Parent Relationship": "Outer","Parallel Aware": false,"Async Capable": false,"Relation Name": "lineitem","Alias": "lineitem","Startup Cost": 5993.30,"Total Cost": 121998.05,"Plan Rows": 233450,"Plan Width": 16,"Actual Startup Time": 50.872,"Actual Total Time": 888.924,"Actual Rows": 230363,"Actual Loops": 1,"Recheck Cond": "((l_shipdate >= '1995-05-01'::date) AND (l_shipdate < '1995-08-01 00:00:00'::timestamp without time zone))","Rows Removed by Index Recheck": 0,"Exact Heap Blocks": 67561,"Lossy Heap Blocks": 0,"Plans": [{"Node Type": "Bitmap Index Scan","Parent Relationship": "Outer","Parallel Aware": false,"Async Capable": false,"Index Name": "idx_lineitem_shipdate","Startup Cost": 0.00,"Total Cost": 5934.93,"Plan Rows": 233450,"Plan Width": 0,"Actual Startup Time": 37.359,"Actual Total Time": 37.360,"Actual Rows": 230363,"Actual Loops": 1,"Index Cond": "((l_shipdate >= '1995-05-01'::date) AND (l_shipdate < '1995-08-01 00:00:00'::timestamp without time zone))"}]}]}]}]}]},"Planning Time": 4.245,"Triggers": [],"Execution Time": 1946.397}]
[{"Plan": {"Node Type": "Merge Join","Parallel Aware": false,"Async Capable": false,"Join Type": "Inner","Startup Cost": 248716.76,"Total Cost": 249237.66,"Plan Rows": 50,"Plan Width": 103,"Actual Startup Time": 1990.692,"Actual Total Time": 1990.747,"Actual Rows": 1,"Actual Loops": 1,"Inner Unique": true,"Merge Cond": "(supplier.s_suppkey = revenue0.supplier_no)","Plans": [{"Node Type": "Aggregate","Strategy": "Plain","Partial Mode": "Simple","Parent Relationship": "InitPlan","Subplan Name": "InitPlan 1 (returns $0)","Parallel Aware": false,"Async Capable": false,"Startup Cost": 124407.31,"Total Cost": 124407.32,"Plan Rows": 1,"Plan Width": 32,"Actual Startup Time": 912.658,"Actual Total Time": 912.682,"Actual Rows": 1,"Actual Loops": 1,"Plans": [{"Node Type": "Aggregate","Strategy": "Hashed","Partial Mode": "Simple","Parent Relationship": "Outer","Parallel Aware": false,"Async Capable": false,"Startup Cost": 124157.14,"Total Cost": 124282.22,"Plan Rows": 10007,"Plan Width": 36,"Actual Startup Time": 906.053,"Actual Total Time": 912.012,"Actual Rows": 10000,"Actual Loops": 1,"Group Key": ["lineitem_1.l_suppkey"],"Planned Partitions": 0,"HashAgg Batches": 1,"Peak Memory Usage": 4497,"Disk Usage": 0,"Plans": [{"Node Type": "Bitmap Heap Scan","Parent Relationship": "Outer","Parallel Aware": false,"Async Capable": false,"Relation Name": "lineitem","Alias": "lineitem_1","Startup Cost": 5905.41,"Total Cost": 121857.64,"Plan Rows": 229949,"Plan Width": 16,"Actual Startup Time": 50.167,"Actual Total Time": 694.084,"Actual Rows": 228979,"Actual Loops": 1,"Recheck Cond": "((l_shipdate >= '1995-04-01'::date) AND (l_shipdate < '1995-07-01 00:00:00'::timestamp without time zone))","Rows Removed by Index Recheck": 0,"Exact Heap Blocks": 67322,"Lossy Heap Blocks": 0,"Plans": [{"Node Type": "Bitmap Index Scan","Parent Relationship": "Outer","Parallel Aware": false,"Async Capable": false,"Index Name": "idx_lineitem_shipdate","Startup Cost": 0.00,"Total Cost": 5847.92,"Plan Rows": 229949,"Plan Width": 0,"Actual Startup Time": 36.579,"Actual Total Time": 36.594,"Actual Rows": 228979,"Actual Loops": 1,"Index Cond": "((l_shipdate >= '1995-04-01'::date) AND (l_shipdate < '1995-07-01 00:00:00'::timestamp without time zone))"}]}]}]},{"Node Type": "Index Scan","Parent Relationship": "Outer","Parallel Aware": false,"Async Capable": false,"Scan Direction": "Forward","Index Name": "supplier_pkey","Relation Name": "supplier","Alias": "supplier","Startup Cost": 0.29,"Total Cost": 495.43,"Plan Rows": 10000,"Plan Width": 71,"Actual Startup Time": 0.097,"Actual Total Time": 1.843,"Actual Rows": 983,"Actual Loops": 1},{"Node Type": "Sort","Parent Relationship": "Inner","Parallel Aware": false,"Async Capable": false,"Startup Cost": 124309.15,"Total Cost": 124309.28,"Plan Rows": 50,"Plan Width": 36,"Actual Startup Time": 1988.729,"Actual Total Time": 1988.742,"Actual Rows": 1,"Actual Loops": 1,"Sort Key": ["revenue0.supplier_no"],"Sort Method": "quicksort","Sort Space Used": 25,"Sort Space Type": "Memory","Plans": [{"Node Type": "Subquery Scan","Parent Relationship": "Outer","Parallel Aware": false,"Async Capable": false,"Alias": "revenue0","Startup Cost": 124157.14,"Total Cost": 124307.74,"Plan Rows": 50,"Plan Width": 36,"Actual Startup Time": 1987.287,"Actual Total Time": 1988.674,"Actual Rows": 1,"Actual Loops": 1,"Plans": [{"Node Type": "Aggregate","Strategy": "Hashed","Partial Mode": "Simple","Parent Relationship": "Subquery","Parallel Aware": false,"Async Capable": false,"Startup Cost": 124157.14,"Total Cost": 124307.24,"Plan Rows": 50,"Plan Width": 36,"Actual Startup Time": 1987.273,"Actual Total Time": 1988.637,"Actual Rows": 1,"Actual Loops": 1,"Group Key": ["lineitem.l_suppkey"],"Filter": "(sum((lineitem.l_extendedprice * ('1'::numeric - lineitem.l_discount))) = $0)","Planned Partitions": 0,"HashAgg Batches": 1,"Peak Memory Usage": 4497,"Disk Usage": 0,"Rows Removed by Filter": 9999,"Plans": [{"Node Type": "Bitmap Heap Scan","Parent Relationship": "Outer","Parallel Aware": false,"Async Capable": false,"Relation Name": "lineitem","Alias": "lineitem","Startup Cost": 5905.41,"Total Cost": 121857.64,"Plan Rows": 229949,"Plan Width": 16,"Actual Startup Time": 50.252,"Actual Total Time": 888.847,"Actual Rows": 228979,"Actual Loops": 1,"Recheck Cond": "((l_shipdate >= '1995-04-01'::date) AND (l_shipdate < '1995-07-01 00:00:00'::timestamp without time zone))","Rows Removed by Index Recheck": 0,"Exact Heap Blocks": 67322,"Lossy Heap Blocks": 0,"Plans": [{"Node Type": "Bitmap Index Scan","Parent Relationship": "Outer","Parallel Aware": false,"Async Capable": false,"Index Name": "idx_lineitem_shipdate","Startup Cost": 0.00,"Total Cost": 5847.92,"Plan Rows": 229949,"Plan Width": 0,"Actual Startup Time": 36.820,"Actual Total Time": 36.820,"Actual Rows": 228979,"Actual Loops": 1,"Index Cond": "((l_shipdate >= '1995-04-01'::date) AND (l_shipdate < '1995-07-01 00:00:00'::timestamp without time zone))"}]}]}]}]}]},"Planning Time": 4.044,"Triggers": [],"Execution Time": 1996.677}]
[{"Plan": {"Node Type": "Merge Join","Parallel Aware": false,"Async Capable": false,"Join Type": "Inner","Startup Cost": 248612.43,"Total Cost": 249133.33,"Plan Rows": 50,"Plan Width": 103,"Actual Startup Time": 2128.903,"Actual Total Time": 2128.970,"Actual Rows": 1,"Actual Loops": 1,"Inner Unique": true,"Merge Cond": "(supplier.s_suppkey = revenue0.supplier_no)","Plans": [{"Node Type": "Aggregate","Strategy": "Plain","Partial Mode": "Simple","Parent Relationship": "InitPlan","Subplan Name": "InitPlan 1 (returns $0)","Parallel Aware": false,"Async Capable": false,"Startup Cost": 124355.15,"Total Cost": 124355.16,"Plan Rows": 1,"Plan Width": 32,"Actual Startup Time": 997.040,"Actual Total Time": 997.066,"Actual Rows": 1,"Actual Loops": 1,"Plans": [{"Node Type": "Aggregate","Strategy": "Hashed","Partial Mode": "Simple","Parent Relationship": "Outer","Parallel Aware": false,"Async Capable": false,"Startup Cost": 124104.97,"Total Cost": 124230.06,"Plan Rows": 10007,"Plan Width": 36,"Actual Startup Time": 989.503,"Actual Total Time": 996.378,"Actual Rows": 10000,"Actual Loops": 1,"Group Key": ["lineitem_1.l_suppkey"],"Planned Partitions": 0,"HashAgg Batches": 1,"Peak Memory Usage": 4497,"Disk Usage": 0,"Plans": [{"Node Type": "Bitmap Heap Scan","Parent Relationship": "Outer","Parallel Aware": false,"Async Capable": false,"Relation Name": "lineitem","Alias": "lineitem_1","Startup Cost": 5878.89,"Total Cost": 121815.74,"Plan Rows": 228923,"Plan Width": 16,"Actual Startup Time": 65.977,"Actual Total Time": 786.278,"Actual Rows": 230590,"Actual Loops": 1,"Recheck Cond": "((l_shipdate >= '1996-08-01'::date) AND (l_shipdate < '1996-11-01 00:00:00'::timestamp without time zone))","Rows Removed by Index Recheck": 0,"Exact Heap Blocks": 67243,"Lossy Heap Blocks": 0,"Plans": [{"Node Type": "Bitmap Index Scan","Parent Relationship": "Outer","Parallel Aware": false,"Async Capable": false,"Index Name": "idx_lineitem_shipdate","Startup Cost": 0.00,"Total Cost": 5821.66,"Plan Rows": 228923,"Plan Width": 0,"Actual Startup Time": 52.072,"Actual Total Time": 52.087,"Actual Rows": 230590,"Actual Loops": 1,"Index Cond": "((l_shipdate >= '1996-08-01'::date) AND (l_shipdate < '1996-11-01 00:00:00'::timestamp without time zone))"}]}]}]},{"Node Type": "Index Scan","Parent Relationship": "Outer","Parallel Aware": false,"Async Capable": false,"Scan Direction": "Forward","Index Name": "supplier_pkey","Relation Name": "supplier","Alias": "supplier","Startup Cost": 0.29,"Total Cost": 495.43,"Plan Rows": 10000,"Plan Width": 71,"Actual Startup Time": 0.125,"Actual Total Time": 9.409,"Actual Rows": 5473,"Actual Loops": 1},{"Node Type": "Sort","Parent Relationship": "Inner","Parallel Aware": false,"Async Capable": false,"Startup Cost": 124256.99,"Total Cost": 124257.11,"Plan Rows": 50,"Plan Width": 36,"Actual Startup Time": 2119.130,"Actual Total Time": 2119.154,"Actual Rows": 1,"Actual Loops": 1,"Sort Key": ["revenue0.supplier_no"],"Sort Method": "quicksort","Sort Space Used": 25,"Sort Space Type": "Memory","Plans": [{"Node Type": "Subquery Scan","Parent Relationship": "Outer","Parallel Aware": false,"Async Capable": false,"Alias": "revenue0","Startup Cost": 124104.97,"Total Cost": 124255.58,"Plan Rows": 50,"Plan Width": 36,"Actual Startup Time": 2117.072,"Actual Total Time": 2119.050,"Actual Rows": 1,"Actual Loops": 1,"Plans": [{"Node Type": "Aggregate","Strategy": "Hashed","Partial Mode": "Simple","Parent Relationship": "Subquery","Parallel Aware": false,"Async Capable": false,"Startup Cost": 124104.97,"Total Cost": 124255.08,"Plan Rows": 50,"Plan Width": 36,"Actual Startup Time": 2117.050,"Actual Total Time": 2118.993,"Actual Rows": 1,"Actual Loops": 1,"Group Key": ["lineitem.l_suppkey"],"Filter": "(sum((lineitem.l_extendedprice * ('1'::numeric - lineitem.l_discount))) = $0)","Planned Partitions": 0,"HashAgg Batches": 1,"Peak Memory Usage": 4497,"Disk Usage": 0,"Rows Removed by Filter": 9999,"Plans": [{"Node Type": "Bitmap Heap Scan","Parent Relationship": "Outer","Parallel Aware": false,"Async Capable": false,"Relation Name": "lineitem","Alias": "lineitem","Startup Cost": 5878.89,"Total Cost": 121815.74,"Plan Rows": 228923,"Plan Width": 16,"Actual Startup Time": 62.576,"Actual Total Time": 942.310,"Actual Rows": 230590,"Actual Loops": 1,"Recheck Cond": "((l_shipdate >= '1996-08-01'::date) AND (l_shipdate < '1996-11-01 00:00:00'::timestamp without time zone))","Rows Removed by Index Recheck": 0,"Exact Heap Blocks": 67243,"Lossy Heap Blocks": 0,"Plans": [{"Node Type": "Bitmap Index Scan","Parent Relationship": "Outer","Parallel Aware": false,"Async Capable": false,"Index Name": "idx_lineitem_shipdate","Startup Cost": 0.00,"Total Cost": 5821.66,"Plan Rows": 228923,"Plan Width": 0,"Actual Startup Time": 48.784,"Actual Total Time": 48.785,"Actual Rows": 230590,"Actual Loops": 1,"Index Cond": "((l_shipdate >= '1996-08-01'::date) AND (l_shipdate < '1996-11-01 00:00:00'::timestamp without time zone))"}]}]}]}]}]},"Planning Time": 4.845,"Triggers": [],"Execution Time": 2134.422}]
[{"Plan": {"Node Type": "Merge Join","Parallel Aware": false,"Async Capable": false,"Join Type": "Inner","Startup Cost": 248718.93,"Total Cost": 249239.83,"Plan Rows": 50,"Plan Width": 103,"Actual Startup Time": 2107.161,"Actual Total Time": 2107.228,"Actual Rows": 1,"Actual Loops": 1,"Inner Unique": true,"Merge Cond": "(supplier.s_suppkey = revenue0.supplier_no)","Plans": [{"Node Type": "Aggregate","Strategy": "Plain","Partial Mode": "Simple","Parent Relationship": "InitPlan","Subplan Name": "InitPlan 1 (returns $0)","Parallel Aware": false,"Async Capable": false,"Startup Cost": 124408.40,"Total Cost": 124408.41,"Plan Rows": 1,"Plan Width": 32,"Actual Startup Time": 1002.061,"Actual Total Time": 1002.085,"Actual Rows": 1,"Actual Loops": 1,"Plans": [{"Node Type": "Aggregate","Strategy": "Hashed","Partial Mode": "Simple","Parent Relationship": "Outer","Parallel Aware": false,"Async Capable": false,"Startup Cost": 124158.22,"Total Cost": 124283.31,"Plan Rows": 10007,"Plan Width": 36,"Actual Startup Time": 992.934,"Actual Total Time": 1001.412,"Actual Rows": 10000,"Actual Loops": 1,"Group Key": ["lineitem_1.l_suppkey"],"Planned Partitions": 0,"HashAgg Batches": 1,"Peak Memory Usage": 4497,"Disk Usage": 0,"Plans": [{"Node Type": "Bitmap Heap Scan","Parent Relationship": "Outer","Parallel Aware": false,"Async Capable": false,"Relation Name": "lineitem","Alias": "lineitem_1","Startup Cost": 5905.73,"Total Cost": 121858.43,"Plan Rows": 229980,"Plan Width": 16,"Actual Startup Time": 59.024,"Actual Total Time": 766.380,"Actual Rows": 223495,"Actual Loops": 1,"Recheck Cond": "((l_shipdate >= '1996-02-01'::date) AND (l_shipdate < '1996-05-01 00:00:00'::timestamp without time zone))","Rows Removed by Index Recheck": 0,"Exact Heap Blocks": 66629,"Lossy Heap Blocks": 0,"Plans": [{"Node Type": "Bitmap Index Scan","Parent Relationship": "Outer","Parallel Aware": false,"Async Capable": false,"Index Name": "idx_lineitem_shipdate","Startup Cost": 0.00,"Total Cost": 5848.23,"Plan Rows": 229980,"Plan Width": 0,"Actual Startup Time": 45.099,"Actual Total Time": 45.117,"Actual Rows": 223495,"Actual Loops": 1,"Index Cond": "((l_shipdate >= '1996-02-01'::date) AND (l_shipdate < '1996-05-01 00:00:00'::timestamp without time zone))"}]}]}]},{"Node Type": "Index Scan","Parent Relationship": "Outer","Parallel Aware": false,"Async Capable": false,"Scan Direction": "Forward","Index Name": "supplier_pkey","Relation Name": "supplier","Alias": "supplier","Startup Cost": 0.29,"Total Cost": 495.43,"Plan Rows": 10000,"Plan Width": 71,"Actual Startup Time": 0.089,"Actual Total Time": 1.935,"Actual Rows": 939,"Actual Loops": 1},{"Node Type": "Sort","Parent Relationship": "Inner","Parallel Aware": false,"Async Capable": false,"Startup Cost": 124310.24,"Total Cost": 124310.37,"Plan Rows": 50,"Plan Width": 36,"Actual Startup Time": 2105.094,"Actual Total Time": 2105.129,"Actual Rows": 1,"Actual Loops": 1,"Sort Key": ["revenue0.supplier_no"],"Sort Method": "quicksort","Sort Space Used": 25,"Sort Space Type": "Memory","Plans": [{"Node Type": "Subquery Scan","Parent Relationship": "Outer","Parallel Aware": false,"Async Capable": false,"Alias": "revenue0","Startup Cost": 124158.22,"Total Cost": 124308.83,"Plan Rows": 50,"Plan Width": 36,"Actual Startup Time": 2102.538,"Actual Total Time": 2105.041,"Actual Rows": 1,"Actual Loops": 1,"Plans": [{"Node Type": "Aggregate","Strategy": "Hashed","Partial Mode": "Simple","Parent Relationship": "Subquery","Parallel Aware": false,"Async Capable": false,"Startup Cost": 124158.22,"Total Cost": 124308.33,"Plan Rows": 50,"Plan Width": 36,"Actual Startup Time": 2102.523,"Actual Total Time": 2105.002,"Actual Rows": 1,"Actual Loops": 1,"Group Key": ["lineitem.l_suppkey"],"Filter": "(sum((lineitem.l_extendedprice * ('1'::numeric - lineitem.l_discount))) = $0)","Planned Partitions": 0,"HashAgg Batches": 1,"Peak Memory Usage": 4497,"Disk Usage": 0,"Rows Removed by Filter": 9999,"Plans": [{"Node Type": "Bitmap Heap Scan","Parent Relationship": "Outer","Parallel Aware": false,"Async Capable": false,"Relation Name": "lineitem","Alias": "lineitem","Startup Cost": 5905.73,"Total Cost": 121858.43,"Plan Rows": 229980,"Plan Width": 16,"Actual Startup Time": 54.609,"Actual Total Time": 923.384,"Actual Rows": 223495,"Actual Loops": 1,"Recheck Cond": "((l_shipdate >= '1996-02-01'::date) AND (l_shipdate < '1996-05-01 00:00:00'::timestamp without time zone))","Rows Removed by Index Recheck": 0,"Exact Heap Blocks": 66629,"Lossy Heap Blocks": 0,"Plans": [{"Node Type": "Bitmap Index Scan","Parent Relationship": "Outer","Parallel Aware": false,"Async Capable": false,"Index Name": "idx_lineitem_shipdate","Startup Cost": 0.00,"Total Cost": 5848.23,"Plan Rows": 229980,"Plan Width": 0,"Actual Startup Time": 41.080,"Actual Total Time": 41.096,"Actual Rows": 223495,"Actual Loops": 1,"Index Cond": "((l_shipdate >= '1996-02-01'::date) AND (l_shipdate < '1996-05-01 00:00:00'::timestamp without time zone))"}]}]}]}]}]},"Planning Time": 5.322,"Triggers": [],"Execution Time": 2112.257}]
[{"Plan": {"Node Type": "Merge Join","Parallel Aware": false,"Async Capable": false,"Join Type": "Inner","Startup Cost": 248318.66,"Total Cost": 248839.56,"Plan Rows": 50,"Plan Width": 103,"Actual Startup Time": 1910.643,"Actual Total Time": 1910.686,"Actual Rows": 1,"Actual Loops": 1,"Inner Unique": true,"Merge Cond": "(supplier.s_suppkey = revenue0.supplier_no)","Plans": [{"Node Type": "Aggregate","Strategy": "Plain","Partial Mode": "Simple","Parent Relationship": "InitPlan","Subplan Name": "InitPlan 1 (returns $0)","Parallel Aware": false,"Async Capable": false,"Startup Cost": 124208.26,"Total Cost": 124208.27,"Plan Rows": 1,"Plan Width": 32,"Actual Startup Time": 821.670,"Actual Total Time": 821.683,"Actual Rows": 1,"Actual Loops": 1,"Plans": [{"Node Type": "Aggregate","Strategy": "Hashed","Partial Mode": "Simple","Parent Relationship": "Outer","Parallel Aware": false,"Async Capable": false,"Startup Cost": 123958.09,"Total Cost": 124083.18,"Plan Rows": 10007,"Plan Width": 36,"Actual Startup Time": 815.842,"Actual Total Time": 821.087,"Actual Rows": 10000,"Actual Loops": 1,"Group Key": ["lineitem_1.l_suppkey"],"Planned Partitions": 0,"HashAgg Batches": 1,"Peak Memory Usage": 4497,"Disk Usage": 0,"Plans": [{"Node Type": "Bitmap Heap Scan","Parent Relationship": "Outer","Parallel Aware": false,"Async Capable": false,"Relation Name": "lineitem","Alias": "lineitem_1","Startup Cost": 5759.48,"Total Cost": 121715.12,"Plan Rows": 224297,"Plan Width": 16,"Actual Startup Time": 50.117,"Actual Total Time": 672.213,"Actual Rows": 227014,"Actual Loops": 1,"Recheck Cond": "((l_shipdate >= '1997-04-01'::date) AND (l_shipdate < '1997-07-01 00:00:00'::timestamp without time zone))","Rows Removed by Index Recheck": 0,"Exact Heap Blocks": 66860,"Lossy Heap Blocks": 0,"Plans": [{"Node Type": "Bitmap Index Scan","Parent Relationship": "Outer","Parallel Aware": false,"Async Capable": false,"Index Name": "idx_lineitem_shipdate","Startup Cost": 0.00,"Total Cost": 5703.40,"Plan Rows": 224297,"Plan Width": 0,"Actual Startup Time": 36.622,"Actual Total Time": 36.629,"Actual Rows": 227014,"Actual Loops": 1,"Index Cond": "((l_shipdate >= '1997-04-01'::date) AND (l_shipdate < '1997-07-01 00:00:00'::timestamp without time zone))"}]}]}]},{"Node Type": "Index Scan","Parent Relationship": "Outer","Parallel Aware": false,"Async Capable": false,"Scan Direction": "Forward","Index Name": "supplier_pkey","Relation Name": "supplier","Alias": "supplier","Startup Cost": 0.29,"Total Cost": 495.43,"Plan Rows": 10000,"Plan Width": 71,"Actual Startup Time": 0.097,"Actual Total Time": 9.942,"Actual Rows": 5930,"Actual Loops": 1},{"Node Type": "Sort","Parent Relationship": "Inner","Parallel Aware": false,"Async Capable": false,"Startup Cost": 124110.11,"Total Cost": 124110.23,"Plan Rows": 50,"Plan Width": 36,"Actual Startup Time": 1900.329,"Actual Total Time": 1900.348,"Actual Rows": 1,"Actual Loops": 1,"Sort Key": ["revenue0.supplier_no"],"Sort Method": "quicksort","Sort Space Used": 25,"Sort Space Type": "Memory","Plans": [{"Node Type": "Subquery Scan","Parent Relationship": "Outer","Parallel Aware": false,"Async Capable": false,"Alias": "revenue0","Startup Cost": 123958.09,"Total Cost": 124108.69,"Plan Rows": 50,"Plan Width": 36,"Actual Startup Time": 1881.723,"Actual Total Time": 1900.298,"Actual Rows": 1,"Actual Loops": 1,"Plans": [{"Node Type": "Aggregate","Strategy": "Hashed","Partial Mode": "Simple","Parent Relationship": "Subquery","Parallel Aware": false,"Async Capable": false,"Startup Cost": 123958.09,"Total Cost": 124108.19,"Plan Rows": 50,"Plan Width": 36,"Actual Startup Time": 1881.719,"Actual Total Time": 1900.288,"Actual Rows": 1,"Actual Loops": 1,"Group Key": ["lineitem.l_suppkey"],"Filter": "(sum((lineitem.l_extendedprice * ('1'::numeric - lineitem.l_discount))) = $0)","Planned Partitions": 0,"HashAgg Batches": 1,"Peak Memory Usage": 4497,"Disk Usage": 0,"Rows Removed by Filter": 9999,"Plans": [{"Node Type": "Bitmap Heap Scan","Parent Relationship": "Outer","Parallel Aware": false,"Async Capable": false,"Relation Name": "lineitem","Alias": "lineitem","Startup Cost": 5759.48,"Total Cost": 121715.12,"Plan Rows": 224297,"Plan Width": 16,"Actual Startup Time": 48.813,"Actual Total Time": 884.760,"Actual Rows": 227014,"Actual Loops": 1,"Recheck Cond": "((l_shipdate >= '1997-04-01'::date) AND (l_shipdate < '1997-07-01 00:00:00'::timestamp without time zone))","Rows Removed by Index Recheck": 0,"Exact Heap Blocks": 66860,"Lossy Heap Blocks": 0,"Plans": [{"Node Type": "Bitmap Index Scan","Parent Relationship": "Outer","Parallel Aware": false,"Async Capable": false,"Index Name": "idx_lineitem_shipdate","Startup Cost": 0.00,"Total Cost": 5703.40,"Plan Rows": 224297,"Plan Width": 0,"Actual Startup Time": 35.388,"Actual Total Time": 35.392,"Actual Rows": 227014,"Actual Loops": 1,"Index Cond": "((l_shipdate >= '1997-04-01'::date) AND (l_shipdate < '1997-07-01 00:00:00'::timestamp without time zone))"}]}]}]}]}]},"Planning Time": 4.444,"Triggers": [],"Execution Time": 1913.029}]
[{"Plan": {"Node Type": "Merge Join","Parallel Aware": false,"Async Capable": false,"Join Type": "Inner","Startup Cost": 250575.74,"Total Cost": 251096.64,"Plan Rows": 50,"Plan Width": 103,"Actual Startup Time": 1927.149,"Actual Total Time": 1927.196,"Actual Rows": 1,"Actual Loops": 1,"Inner Unique": true,"Merge Cond": "(supplier.s_suppkey = revenue0.supplier_no)","Plans": [{"Node Type": "Aggregate","Strategy": "Plain","Partial Mode": "Simple","Parent Relationship": "InitPlan","Subplan Name": "InitPlan 1 (returns $0)","Parallel Aware": false,"Async Capable": false,"Startup Cost": 125336.80,"Total Cost": 125336.81,"Plan Rows": 1,"Plan Width": 32,"Actual Startup Time": 839.260,"Actual Total Time": 839.275,"Actual Rows": 1,"Actual Loops": 1,"Plans": [{"Node Type": "Aggregate","Strategy": "Hashed","Partial Mode": "Simple","Parent Relationship": "Outer","Parallel Aware": false,"Async Capable": false,"Startup Cost": 125086.63,"Total Cost": 125211.72,"Plan Rows": 10007,"Plan Width": 36,"Actual Startup Time": 831.257,"Actual Total Time": 838.688,"Actual Rows": 10000,"Actual Loops": 1,"Group Key": ["lineitem_1.l_suppkey"],"Planned Partitions": 0,"HashAgg Batches": 1,"Peak Memory Usage": 4497,"Disk Usage": 0,"Plans": [{"Node Type": "Bitmap Heap Scan","Parent Relationship": "Outer","Parallel Aware": false,"Async Capable": false,"Relation Name": "lineitem","Alias": "lineitem_1","Startup Cost": 6377.11,"Total Cost": 122604.02,"Plan Rows": 248261,"Plan Width": 16,"Actual Startup Time": 50.230,"Actual Total Time": 663.119,"Actual Rows": 225253,"Actual Loops": 1,"Recheck Cond": "((l_shipdate >= '1995-01-01'::date) AND (l_shipdate < '1995-04-01 00:00:00'::timestamp without time zone))","Rows Removed by Index Recheck": 0,"Exact Heap Blocks": 66731,"Lossy Heap Blocks": 0,"Plans": [{"Node Type": "Bitmap Index Scan","Parent Relationship": "Outer","Parallel Aware": false,"Async Capable": false,"Index Name": "idx_lineitem_shipdate","Startup Cost": 0.00,"Total Cost": 6315.04,"Plan Rows": 248261,"Plan Width": 0,"Actual Startup Time": 36.910,"Actual Total Time": 36.918,"Actual Rows": 225253,"Actual Loops": 1,"Index Cond": "((l_shipdate >= '1995-01-01'::date) AND (l_shipdate < '1995-04-01 00:00:00'::timestamp without time zone))"}]}]}]},{"Node Type": "Index Scan","Parent Relationship": "Outer","Parallel Aware": false,"Async Capable": false,"Scan Direction": "Forward","Index Name": "supplier_pkey","Relation Name": "supplier","Alias": "supplier","Startup Cost": 0.29,"Total Cost": 495.43,"Plan Rows": 10000,"Plan Width": 71,"Actual Startup Time": 0.115,"Actual Total Time": 13.787,"Actual Rows": 9493,"Actual Loops": 1},{"Node Type": "Sort","Parent Relationship": "Inner","Parallel Aware": false,"Async Capable": false,"Startup Cost": 125238.64,"Total Cost": 125238.77,"Plan Rows": 50,"Plan Width": 36,"Actual Startup Time": 1912.779,"Actual Total Time": 1912.800,"Actual Rows": 1,"Actual Loops": 1,"Sort Key": ["revenue0.supplier_no"],"Sort Method": "quicksort","Sort Space Used": 25,"Sort Space Type": "Memory","Plans": [{"Node Type": "Subquery Scan","Parent Relationship": "Outer","Parallel Aware": false,"Async Capable": false,"Alias": "revenue0","Startup Cost": 125086.63,"Total Cost": 125237.23,"Plan Rows": 50,"Plan Width": 36,"Actual Startup Time": 1882.072,"Actual Total Time": 1912.738,"Actual Rows": 1,"Actual Loops": 1,"Plans": [{"Node Type": "Aggregate","Strategy": "Hashed","Partial Mode": "Simple","Parent Relationship": "Subquery","Parallel Aware": false,"Async Capable": false,"Startup Cost": 125086.63,"Total Cost": 125236.73,"Plan Rows": 50,"Plan Width": 36,"Actual Startup Time": 1882.058,"Actual Total Time": 1912.709,"Actual Rows": 1,"Actual Loops": 1,"Group Key": ["lineitem.l_suppkey"],"Filter": "(sum((lineitem.l_extendedprice * ('1'::numeric - lineitem.l_discount))) = $0)","Planned Partitions": 0,"HashAgg Batches": 1,"Peak Memory Usage": 4497,"Disk Usage": 0,"Rows Removed by Filter": 9999,"Plans": [{"Node Type": "Bitmap Heap Scan","Parent Relationship": "Outer","Parallel Aware": false,"Async Capable": false,"Relation Name": "lineitem","Alias": "lineitem","Startup Cost": 6377.11,"Total Cost": 122604.02,"Plan Rows": 248261,"Plan Width": 16,"Actual Startup Time": 50.168,"Actual Total Time": 877.547,"Actual Rows": 225253,"Actual Loops": 1,"Recheck Cond": "((l_shipdate >= '1995-01-01'::date) AND (l_shipdate < '1995-04-01 00:00:00'::timestamp without time zone))","Rows Removed by Index Recheck": 0,"Exact Heap Blocks": 66731,"Lossy Heap Blocks": 0,"Plans": [{"Node Type": "Bitmap Index Scan","Parent Relationship": "Outer","Parallel Aware": false,"Async Capable": false,"Index Name": "idx_lineitem_shipdate","Startup Cost": 0.00,"Total Cost": 6315.04,"Plan Rows": 248261,"Plan Width": 0,"Actual Startup Time": 36.311,"Actual Total Time": 36.314,"Actual Rows": 225253,"Actual Loops": 1,"Index Cond": "((l_shipdate >= '1995-01-01'::date) AND (l_shipdate < '1995-04-01 00:00:00'::timestamp without time zone))"}]}]}]}]}]},"Planning Time": 5.118,"Triggers": [],"Execution Time": 1930.953}]
[{"Plan": {"Node Type": "Merge Join","Parallel Aware": false,"Async Capable": false,"Join Type": "Inner","Startup Cost": 249146.21,"Total Cost": 249667.11,"Plan Rows": 50,"Plan Width": 103,"Actual Startup Time": 2028.234,"Actual Total Time": 2028.282,"Actual Rows": 1,"Actual Loops": 1,"Inner Unique": true,"Merge Cond": "(supplier.s_suppkey = revenue0.supplier_no)","Plans": [{"Node Type": "Aggregate","Strategy": "Plain","Partial Mode": "Simple","Parent Relationship": "InitPlan","Subplan Name": "InitPlan 1 (returns $0)","Parallel Aware": false,"Async Capable": false,"Startup Cost": 124622.04,"Total Cost": 124622.05,"Plan Rows": 1,"Plan Width": 32,"Actual Startup Time": 930.480,"Actual Total Time": 930.506,"Actual Rows": 1,"Actual Loops": 1,"Plans": [{"Node Type": "Aggregate","Strategy": "Hashed","Partial Mode": "Simple","Parent Relationship": "Outer","Parallel Aware": false,"Async Capable": false,"Startup Cost": 124371.86,"Total Cost": 124496.95,"Plan Rows": 10007,"Plan Width": 36,"Actual Startup Time": 921.451,"Actual Total Time": 929.857,"Actual Rows": 10000,"Actual Loops": 1,"Group Key": ["lineitem_1.l_suppkey"],"Planned Partitions": 0,"HashAgg Batches": 1,"Peak Memory Usage": 4497,"Disk Usage": 0,"Plans": [{"Node Type": "Bitmap Heap Scan","Parent Relationship": "Outer","Parallel Aware": false,"Async Capable": false,"Relation Name": "lineitem","Alias": "lineitem_1","Startup Cost": 6013.24,"Total Cost": 122029.61,"Plan Rows": 234225,"Plan Width": 16,"Actual Startup Time": 55.960,"Actual Total Time": 717.488,"Actual Rows": 231352,"Actual Loops": 1,"Recheck Cond": "((l_shipdate >= '1996-10-01'::date) AND (l_shipdate < '1997-01-01 00:00:00'::timestamp without time zone))","Rows Removed by Index Recheck": 0,"Exact Heap Blocks": 67396,"Lossy Heap Blocks": 0,"Plans": [{"Node Type": "Bitmap Index Scan","Parent Relationship": "Outer","Parallel Aware": false,"Async Capable": false,"Index Name": "idx_lineitem_shipdate","Startup Cost": 0.00,"Total Cost": 5954.68,"Plan Rows": 234225,"Plan Width": 0,"Actual Startup Time": 42.612,"Actual Total Time": 42.627,"Actual Rows": 231352,"Actual Loops": 1,"Index Cond": "((l_shipdate >= '1996-10-01'::date) AND (l_shipdate < '1997-01-01 00:00:00'::timestamp without time zone))"}]}]}]},{"Node Type": "Index Scan","Parent Relationship": "Outer","Parallel Aware": false,"Async Capable": false,"Scan Direction": "Forward","Index Name": "supplier_pkey","Relation Name": "supplier","Alias": "supplier","Startup Cost": 0.29,"Total Cost": 495.43,"Plan Rows": 10000,"Plan Width": 71,"Actual Startup Time": 0.137,"Actual Total Time": 5.844,"Actual Rows": 3442,"Actual Loops": 1},{"Node Type": "Sort","Parent Relationship": "Inner","Parallel Aware": false,"Async Capable": false,"Startup Cost": 124523.88,"Total Cost": 124524.01,"Plan Rows": 50,"Plan Width": 36,"Actual Startup Time": 2022.134,"Actual Total Time": 2022.146,"Actual Rows": 1,"Actual Loops": 1,"Sort Key": ["revenue0.supplier_no"],"Sort Method": "quicksort","Sort Space Used": 25,"Sort Space Type": "Memory","Plans": [{"Node Type": "Subquery Scan","Parent Relationship": "Outer","Parallel Aware": false,"Async Capable": false,"Alias": "revenue0","Startup Cost": 124371.86,"Total Cost": 124522.47,"Plan Rows": 50,"Plan Width": 36,"Actual Startup Time": 2010.890,"Actual Total Time": 2022.087,"Actual Rows": 1,"Actual Loops": 1,"Plans": [{"Node Type": "Aggregate","Strategy": "Hashed","Partial Mode": "Simple","Parent Relationship": "Subquery","Parallel Aware": false,"Async Capable": false,"Startup Cost": 124371.86,"Total Cost": 124521.97,"Plan Rows": 50,"Plan Width": 36,"Actual Startup Time": 2010.873,"Actual Total Time": 2022.049,"Actual Rows": 1,"Actual Loops": 1,"Group Key": ["lineitem.l_suppkey"],"Filter": "(sum((lineitem.l_extendedprice * ('1'::numeric - lineitem.l_discount))) = $0)","Planned Partitions": 0,"HashAgg Batches": 1,"Peak Memory Usage": 4497,"Disk Usage": 0,"Rows Removed by Filter": 9999,"Plans": [{"Node Type": "Bitmap Heap Scan","Parent Relationship": "Outer","Parallel Aware": false,"Async Capable": false,"Relation Name": "lineitem","Alias": "lineitem","Startup Cost": 6013.24,"Total Cost": 122029.61,"Plan Rows": 234225,"Plan Width": 16,"Actual Startup Time": 57.882,"Actual Total Time": 902.129,"Actual Rows": 231352,"Actual Loops": 1,"Recheck Cond": "((l_shipdate >= '1996-10-01'::date) AND (l_shipdate < '1997-01-01 00:00:00'::timestamp without time zone))","Rows Removed by Index Recheck": 0,"Exact Heap Blocks": 67396,"Lossy Heap Blocks": 0,"Plans": [{"Node Type": "Bitmap Index Scan","Parent Relationship": "Outer","Parallel Aware": false,"Async Capable": false,"Index Name": "idx_lineitem_shipdate","Startup Cost": 0.00,"Total Cost": 5954.68,"Plan Rows": 234225,"Plan Width": 0,"Actual Startup Time": 44.484,"Actual Total Time": 44.484,"Actual Rows": 231352,"Actual Loops": 1,"Index Cond": "((l_shipdate >= '1996-10-01'::date) AND (l_shipdate < '1997-01-01 00:00:00'::timestamp without time zone))"}]}]}]}]}]},"Planning Time": 5.220,"Triggers": [],"Execution Time": 2034.122}]
[{"Plan": {"Node Type": "Merge Join","Parallel Aware": false,"Async Capable": false,"Join Type": "Inner","Startup Cost": 248394.89,"Total Cost": 248915.78,"Plan Rows": 50,"Plan Width": 103,"Actual Startup Time": 2089.409,"Actual Total Time": 2089.441,"Actual Rows": 1,"Actual Loops": 1,"Inner Unique": true,"Merge Cond": "(supplier.s_suppkey = revenue0.supplier_no)","Plans": [{"Node Type": "Aggregate","Strategy": "Plain","Partial Mode": "Simple","Parent Relationship": "InitPlan","Subplan Name": "InitPlan 1 (returns $0)","Parallel Aware": false,"Async Capable": false,"Startup Cost": 124246.37,"Total Cost": 124246.38,"Plan Rows": 1,"Plan Width": 32,"Actual Startup Time": 948.769,"Actual Total Time": 948.777,"Actual Rows": 1,"Actual Loops": 1,"Plans": [{"Node Type": "Aggregate","Strategy": "Hashed","Partial Mode": "Simple","Parent Relationship": "Outer","Parallel Aware": false,"Async Capable": false,"Startup Cost": 123996.20,"Total Cost": 124121.29,"Plan Rows": 10007,"Plan Width": 36,"Actual Startup Time": 940.788,"Actual Total Time": 948.181,"Actual Rows": 10000,"Actual Loops": 1,"Group Key": ["lineitem_1.l_suppkey"],"Planned Partitions": 0,"HashAgg Batches": 1,"Peak Memory Usage": 4497,"Disk Usage": 0,"Plans": [{"Node Type": "Bitmap Heap Scan","Parent Relationship": "Outer","Parallel Aware": false,"Async Capable": false,"Relation Name": "lineitem","Alias": "lineitem_1","Startup Cost": 5746.17,"Total Cost": 121758.41,"Plan Rows": 223779,"Plan Width": 16,"Actual Startup Time": 59.844,"Actual Total Time": 791.139,"Actual Rows": 229391,"Actual Loops": 1,"Recheck Cond": "((l_shipdate >= '1995-11-01'::date) AND (l_shipdate < '1996-02-01 00:00:00'::timestamp without time zone))","Rows Removed by Index Recheck": 0,"Exact Heap Blocks": 67359,"Lossy Heap Blocks": 0,"Plans": [{"Node Type": "Bitmap Index Scan","Parent Relationship": "Outer","Parallel Aware": false,"Async Capable": false,"Index Name": "idx_lineitem_shipdate","Startup Cost": 0.00,"Total Cost": 5690.22,"Plan Rows": 223779,"Plan Width": 0,"Actual Startup Time": 45.751,"Actual Total Time": 45.753,"Actual Rows": 229391,"Actual Loops": 1,"Index Cond": "((l_shipdate >= '1995-11-01'::date) AND (l_shipdate < '1996-02-01 00:00:00'::timestamp without time zone))"}]}]}]},{"Node Type": "Index Scan","Parent Relationship": "Outer","Parallel Aware": false,"Async Capable": false,"Scan Direction": "Forward","Index Name": "supplier_pkey","Relation Name": "supplier","Alias": "supplier","Startup Cost": 0.29,"Total Cost": 495.43,"Plan Rows": 10000,"Plan Width": 71,"Actual Startup Time": 0.110,"Actual Total Time": 8.010,"Actual Rows": 4886,"Actual Loops": 1},{"Node Type": "Sort","Parent Relationship": "Inner","Parallel Aware": false,"Async Capable": false,"Startup Cost": 124148.22,"Total Cost": 124148.34,"Plan Rows": 50,"Plan Width": 36,"Actual Startup Time": 2081.101,"Actual Total Time": 2081.114,"Actual Rows": 1,"Actual Loops": 1,"Sort Key": ["revenue0.supplier_no"],"Sort Method": "quicksort","Sort Space Used": 25,"Sort Space Type": "Memory","Plans": [{"Node Type": "Subquery Scan","Parent Relationship": "Outer","Parallel Aware": false,"Async Capable": false,"Alias": "revenue0","Startup Cost": 123996.20,"Total Cost": 124146.80,"Plan Rows": 50,"Plan Width": 36,"Actual Startup Time": 2074.974,"Actual Total Time": 2081.065,"Actual Rows": 1,"Actual Loops": 1,"Plans": [{"Node Type": "Aggregate","Strategy": "Hashed","Partial Mode": "Simple","Parent Relationship": "Subquery","Parallel Aware": false,"Async Capable": false,"Startup Cost": 123996.20,"Total Cost": 124146.30,"Plan Rows": 50,"Plan Width": 36,"Actual Startup Time": 2074.966,"Actual Total Time": 2081.051,"Actual Rows": 1,"Actual Loops": 1,"Group Key": ["lineitem.l_suppkey"],"Filter": "(sum((lineitem.l_extendedprice * ('1'::numeric - lineitem.l_discount))) = $0)","Planned Partitions": 0,"HashAgg Batches": 1,"Peak Memory Usage": 4497,"Disk Usage": 0,"Rows Removed by Filter": 9999,"Plans": [{"Node Type": "Bitmap Heap Scan","Parent Relationship": "Outer","Parallel Aware": false,"Async Capable": false,"Relation Name": "lineitem","Alias": "lineitem","Startup Cost": 5746.17,"Total Cost": 121758.41,"Plan Rows": 223779,"Plan Width": 16,"Actual Startup Time": 56.964,"Actual Total Time": 937.159,"Actual Rows": 229391,"Actual Loops": 1,"Recheck Cond": "((l_shipdate >= '1995-11-01'::date) AND (l_shipdate < '1996-02-01 00:00:00'::timestamp without time zone))","Rows Removed by Index Recheck": 0,"Exact Heap Blocks": 67359,"Lossy Heap Blocks": 0,"Plans": [{"Node Type": "Bitmap Index Scan","Parent Relationship": "Outer","Parallel Aware": false,"Async Capable": false,"Index Name": "idx_lineitem_shipdate","Startup Cost": 0.00,"Total Cost": 5690.22,"Plan Rows": 223779,"Plan Width": 0,"Actual Startup Time": 43.201,"Actual Total Time": 43.205,"Actual Rows": 229391,"Actual Loops": 1,"Index Cond": "((l_shipdate >= '1995-11-01'::date) AND (l_shipdate < '1996-02-01 00:00:00'::timestamp without time zone))"}]}]}]}]}]},"Planning Time": 5.341,"Triggers": [],"Execution Time": 2095.570}]
[{"Plan": {"Node Type": "Merge Join","Parallel Aware": false,"Async Capable": false,"Join Type": "Inner","Startup Cost": 248394.89,"Total Cost": 248915.78,"Plan Rows": 50,"Plan Width": 103,"Actual Startup Time": 2089.409,"Actual Total Time": 2089.441,"Actual Rows": 1,"Actual Loops": 1,"Inner Unique": true,"Merge Cond": "(supplier.s_suppkey = revenue0.supplier_no)","Plans": [{"Node Type": "Aggregate","Strategy": "Plain","Partial Mode": "Simple","Parent Relationship": "InitPlan","Subplan Name": "InitPlan 1 (returns $0)","Parallel Aware": false,"Async Capable": false,"Startup Cost": 124246.37,"Total Cost": 124246.38,"Plan Rows": 1,"Plan Width": 32,"Actual Startup Time": 948.769,"Actual Total Time": 948.777,"Actual Rows": 1,"Actual Loops": 1,"Plans": [{"Node Type": "Aggregate","Strategy": "Hashed","Partial Mode": "Simple","Parent Relationship": "Outer","Parallel Aware": false,"Async Capable": false,"Startup Cost": 123996.20,"Total Cost": 124121.29,"Plan Rows": 10007,"Plan Width": 36,"Actual Startup Time": 940.788,"Actual Total Time": 948.181,"Actual Rows": 10000,"Actual Loops": 1,"Group Key": ["lineitem_1.l_suppkey"],"Planned Partitions": 0,"HashAgg Batches": 1,"Peak Memory Usage": 4497,"Disk Usage": 0,"Plans": [{"Node Type": "Bitmap Heap Scan","Parent Relationship": "Outer","Parallel Aware": false,"Async Capable": false,"Relation Name": "lineitem","Alias": "lineitem_1","Startup Cost": 5746.17,"Total Cost": 121758.41,"Plan Rows": 223779,"Plan Width": 16,"Actual Startup Time": 59.844,"Actual Total Time": 791.139,"Actual Rows": 229391,"Actual Loops": 1,"Recheck Cond": "((l_shipdate >= '1995-11-01'::date) AND (l_shipdate < '1996-02-01 00:00:00'::timestamp without time zone))","Rows Removed by Index Recheck": 0,"Exact Heap Blocks": 67359,"Lossy Heap Blocks": 0,"Plans": [{"Node Type": "Bitmap Index Scan","Parent Relationship": "Outer","Parallel Aware": false,"Async Capable": false,"Index Name": "idx_lineitem_shipdate","Startup Cost": 0.00,"Total Cost": 5690.22,"Plan Rows": 223779,"Plan Width": 0,"Actual Startup Time": 45.751,"Actual Total Time": 45.753,"Actual Rows": 229391,"Actual Loops": 1,"Index Cond": "((l_shipdate >= '1995-11-01'::date) AND (l_shipdate < '1996-02-01 00:00:00'::timestamp without time zone))"}]}]}]},{"Node Type": "Index Scan","Parent Relationship": "Outer","Parallel Aware": false,"Async Capable": false,"Scan Direction": "Forward","Index Name": "supplier_pkey","Relation Name": "supplier","Alias": "supplier","Startup Cost": 0.29,"Total Cost": 495.43,"Plan Rows": 10000,"Plan Width": 71,"Actual Startup Time": 0.110,"Actual Total Time": 8.010,"Actual Rows": 4886,"Actual Loops": 1},{"Node Type": "Sort","Parent Relationship": "Inner","Parallel Aware": false,"Async Capable": false,"Startup Cost": 124148.22,"Total Cost": 124148.34,"Plan Rows": 50,"Plan Width": 36,"Actual Startup Time": 2081.101,"Actual Total Time": 2081.114,"Actual Rows": 1,"Actual Loops": 1,"Sort Key": ["revenue0.supplier_no"],"Sort Method": "quicksort","Sort Space Used": 25,"Sort Space Type": "Memory","Plans": [{"Node Type": "Subquery Scan","Parent Relationship": "Outer","Parallel Aware": false,"Async Capable": false,"Alias": "revenue0","Startup Cost": 123996.20,"Total Cost": 124146.80,"Plan Rows": 50,"Plan Width": 36,"Actual Startup Time": 2074.974,"Actual Total Time": 2081.065,"Actual Rows": 1,"Actual Loops": 1,"Plans": [{"Node Type": "Aggregate","Strategy": "Hashed","Partial Mode": "Simple","Parent Relationship": "Subquery","Parallel Aware": false,"Async Capable": false,"Startup Cost": 123996.20,"Total Cost": 124146.30,"Plan Rows": 50,"Plan Width": 36,"Actual Startup Time": 2074.966,"Actual Total Time": 2081.051,"Actual Rows": 1,"Actual Loops": 1,"Group Key": ["lineitem.l_suppkey"],"Filter": "(sum((lineitem.l_extendedprice * ('1'::numeric - lineitem.l_discount))) = $0)","Planned Partitions": 0,"HashAgg Batches": 1,"Peak Memory Usage": 4497,"Disk Usage": 0,"Rows Removed by Filter": 9999,"Plans": [{"Node Type": "Bitmap Heap Scan","Parent Relationship": "Outer","Parallel Aware": false,"Async Capable": false,"Relation Name": "lineitem","Alias": "lineitem","Startup Cost": 5746.17,"Total Cost": 121758.41,"Plan Rows": 223779,"Plan Width": 16,"Actual Startup Time": 56.964,"Actual Total Time": 937.159,"Actual Rows": 229391,"Actual Loops": 1,"Recheck Cond": "((l_shipdate >= '1995-11-01'::date) AND (l_shipdate < '1996-02-01 00:00:00'::timestamp without time zone))","Rows Removed by Index Recheck": 0,"Exact Heap Blocks": 67359,"Lossy Heap Blocks": 0,"Plans": [{"Node Type": "Bitmap Index Scan","Parent Relationship": "Outer","Parallel Aware": false,"Async Capable": false,"Index Name": "idx_lineitem_shipdate","Startup Cost": 0.00,"Total Cost": 5690.22,"Plan Rows": 223779,"Plan Width": 0,"Actual Startup Time": 43.201,"Actual Total Time": 43.205,"Actual Rows": 229391,"Actual Loops": 1,"Index Cond": "((l_shipdate >= '1995-11-01'::date) AND (l_shipdate < '1996-02-01 00:00:00'::timestamp without time zone))"}]}]}]}]}]},"Planning Time": 5.341,"Triggers": [],"Execution Time": 2095.570}]
[{"Plan": {"Node Type": "Merge Join","Parallel Aware": false,"Async Capable": false,"Join Type": "Inner","Startup Cost": 248396.78,"Total Cost": 248917.68,"Plan Rows": 50,"Plan Width": 103,"Actual Startup Time": 2095.850,"Actual Total Time": 2095.890,"Actual Rows": 1,"Actual Loops": 1,"Inner Unique": true,"Merge Cond": "(supplier.s_suppkey = revenue0.supplier_no)","Plans": [{"Node Type": "Aggregate","Strategy": "Plain","Partial Mode": "Simple","Parent Relationship": "InitPlan","Subplan Name": "InitPlan 1 (returns $0)","Parallel Aware": false,"Async Capable": false,"Startup Cost": 124247.32,"Total Cost": 124247.33,"Plan Rows": 1,"Plan Width": 32,"Actual Startup Time": 948.091,"Actual Total Time": 948.105,"Actual Rows": 1,"Actual Loops": 1,"Plans": [{"Node Type": "Aggregate","Strategy": "Hashed","Partial Mode": "Simple","Parent Relationship": "Outer","Parallel Aware": false,"Async Capable": false,"Startup Cost": 123997.15,"Total Cost": 124122.24,"Plan Rows": 10007,"Plan Width": 36,"Actual Startup Time": 942.301,"Actual Total Time": 947.490,"Actual Rows": 10000,"Actual Loops": 1,"Group Key": ["lineitem_1.l_suppkey"],"Planned Partitions": 0,"HashAgg Batches": 1,"Peak Memory Usage": 4497,"Disk Usage": 0,"Plans": [{"Node Type": "Bitmap Heap Scan","Parent Relationship": "Outer","Parallel Aware": false,"Async Capable": false,"Relation Name": "lineitem","Alias": "lineitem_1","Startup Cost": 5824.85,"Total Cost": 121729.43,"Plan Rows": 226772,"Plan Width": 16,"Actual Startup Time": 65.919,"Actual Total Time": 796.903,"Actual Rows": 228852,"Actual Loops": 1,"Recheck Cond": "((l_shipdate >= '1995-09-01'::date) AND (l_shipdate < '1995-12-01 00:00:00'::timestamp without time zone))","Rows Removed by Index Recheck": 0,"Exact Heap Blocks": 67143,"Lossy Heap Blocks": 0,"Plans": [{"Node Type": "Bitmap Index Scan","Parent Relationship": "Outer","Parallel Aware": false,"Async Capable": false,"Index Name": "idx_lineitem_shipdate","Startup Cost": 0.00,"Total Cost": 5768.15,"Plan Rows": 226772,"Plan Width": 0,"Actual Startup Time": 51.856,"Actual Total Time": 51.860,"Actual Rows": 228852,"Actual Loops": 1,"Index Cond": "((l_shipdate >= '1995-09-01'::date) AND (l_shipdate < '1995-12-01 00:00:00'::timestamp without time zone))"}]}]}]},{"Node Type": "Index Scan","Parent Relationship": "Outer","Parallel Aware": false,"Async Capable": false,"Scan Direction": "Forward","Index Name": "supplier_pkey","Relation Name": "supplier","Alias": "supplier","Startup Cost": 0.29,"Total Cost": 495.43,"Plan Rows": 10000,"Plan Width": 71,"Actual Startup Time": 0.115,"Actual Total Time": 10.908,"Actual Rows": 6981,"Actual Loops": 1},{"Node Type": "Sort","Parent Relationship": "Inner","Parallel Aware": false,"Async Capable": false,"Startup Cost": 124149.17,"Total Cost": 124149.29,"Plan Rows": 50,"Plan Width": 36,"Actual Startup Time": 2084.538,"Actual Total Time": 2084.549,"Actual Rows": 1,"Actual Loops": 1,"Sort Key": ["revenue0.supplier_no"],"Sort Method": "quicksort","Sort Space Used": 25,"Sort Space Type": "Memory","Plans": [{"Node Type": "Subquery Scan","Parent Relationship": "Outer","Parallel Aware": false,"Async Capable": false,"Alias": "revenue0","Startup Cost": 123997.15,"Total Cost": 124147.75,"Plan Rows": 50,"Plan Width": 36,"Actual Startup Time": 2063.527,"Actual Total Time": 2084.498,"Actual Rows": 1,"Actual Loops": 1,"Plans": [{"Node Type": "Aggregate","Strategy": "Hashed","Partial Mode": "Simple","Parent Relationship": "Subquery","Parallel Aware": false,"Async Capable": false,"Startup Cost": 123997.15,"Total Cost": 124147.25,"Plan Rows": 50,"Plan Width": 36,"Actual Startup Time": 2063.519,"Actual Total Time": 2084.488,"Actual Rows": 1,"Actual Loops": 1,"Group Key": ["lineitem.l_suppkey"],"Filter": "(sum((lineitem.l_extendedprice * ('1'::numeric - lineitem.l_discount))) = $0)","Planned Partitions": 0,"HashAgg Batches": 1,"Peak Memory Usage": 4497,"Disk Usage": 0,"Rows Removed by Filter": 9999,"Plans": [{"Node Type": "Bitmap Heap Scan","Parent Relationship": "Outer","Parallel Aware": false,"Async Capable": false,"Relation Name": "lineitem","Alias": "lineitem","Startup Cost": 5824.85,"Total Cost": 121729.43,"Plan Rows": 226772,"Plan Width": 16,"Actual Startup Time": 62.224,"Actual Total Time": 938.636,"Actual Rows": 228852,"Actual Loops": 1,"Recheck Cond": "((l_shipdate >= '1995-09-01'::date) AND (l_shipdate < '1995-12-01 00:00:00'::timestamp without time zone))","Rows Removed by Index Recheck": 0,"Exact Heap Blocks": 67143,"Lossy Heap Blocks": 0,"Plans": [{"Node Type": "Bitmap Index Scan","Parent Relationship": "Outer","Parallel Aware": false,"Async Capable": false,"Index Name": "idx_lineitem_shipdate","Startup Cost": 0.00,"Total Cost": 5768.15,"Plan Rows": 226772,"Plan Width": 0,"Actual Startup Time": 48.458,"Actual Total Time": 48.459,"Actual Rows": 228852,"Actual Loops": 1,"Index Cond": "((l_shipdate >= '1995-09-01'::date) AND (l_shipdate < '1995-12-01 00:00:00'::timestamp without time zone))"}]}]}]}]}]},"Planning Time": 4.958,"Triggers": [],"Execution Time": 2102.199}]
[{"Plan": {"Node Type": "Merge Join","Parallel Aware": false,"Async Capable": false,"Join Type": "Inner","Startup Cost": 248612.43,"Total Cost": 249133.33,"Plan Rows": 50,"Plan Width": 103,"Actual Startup Time": 2128.903,"Actual Total Time": 2128.970,"Actual Rows": 1,"Actual Loops": 1,"Inner Unique": true,"Merge Cond": "(supplier.s_suppkey = revenue0.supplier_no)","Plans": [{"Node Type": "Aggregate","Strategy": "Plain","Partial Mode": "Simple","Parent Relationship": "InitPlan","Subplan Name": "InitPlan 1 (returns $0)","Parallel Aware": false,"Async Capable": false,"Startup Cost": 124355.15,"Total Cost": 124355.16,"Plan Rows": 1,"Plan Width": 32,"Actual Startup Time": 997.040,"Actual Total Time": 997.066,"Actual Rows": 1,"Actual Loops": 1,"Plans": [{"Node Type": "Aggregate","Strategy": "Hashed","Partial Mode": "Simple","Parent Relationship": "Outer","Parallel Aware": false,"Async Capable": false,"Startup Cost": 124104.97,"Total Cost": 124230.06,"Plan Rows": 10007,"Plan Width": 36,"Actual Startup Time": 989.503,"Actual Total Time": 996.378,"Actual Rows": 10000,"Actual Loops": 1,"Group Key": ["lineitem_1.l_suppkey"],"Planned Partitions": 0,"HashAgg Batches": 1,"Peak Memory Usage": 4497,"Disk Usage": 0,"Plans": [{"Node Type": "Bitmap Heap Scan","Parent Relationship": "Outer","Parallel Aware": false,"Async Capable": false,"Relation Name": "lineitem","Alias": "lineitem_1","Startup Cost": 5878.89,"Total Cost": 121815.74,"Plan Rows": 228923,"Plan Width": 16,"Actual Startup Time": 65.977,"Actual Total Time": 786.278,"Actual Rows": 230590,"Actual Loops": 1,"Recheck Cond": "((l_shipdate >= '1996-08-01'::date) AND (l_shipdate < '1996-11-01 00:00:00'::timestamp without time zone))","Rows Removed by Index Recheck": 0,"Exact Heap Blocks": 67243,"Lossy Heap Blocks": 0,"Plans": [{"Node Type": "Bitmap Index Scan","Parent Relationship": "Outer","Parallel Aware": false,"Async Capable": false,"Index Name": "idx_lineitem_shipdate","Startup Cost": 0.00,"Total Cost": 5821.66,"Plan Rows": 228923,"Plan Width": 0,"Actual Startup Time": 52.072,"Actual Total Time": 52.087,"Actual Rows": 230590,"Actual Loops": 1,"Index Cond": "((l_shipdate >= '1996-08-01'::date) AND (l_shipdate < '1996-11-01 00:00:00'::timestamp without time zone))"}]}]}]},{"Node Type": "Index Scan","Parent Relationship": "Outer","Parallel Aware": false,"Async Capable": false,"Scan Direction": "Forward","Index Name": "supplier_pkey","Relation Name": "supplier","Alias": "supplier","Startup Cost": 0.29,"Total Cost": 495.43,"Plan Rows": 10000,"Plan Width": 71,"Actual Startup Time": 0.125,"Actual Total Time": 9.409,"Actual Rows": 5473,"Actual Loops": 1},{"Node Type": "Sort","Parent Relationship": "Inner","Parallel Aware": false,"Async Capable": false,"Startup Cost": 124256.99,"Total Cost": 124257.11,"Plan Rows": 50,"Plan Width": 36,"Actual Startup Time": 2119.130,"Actual Total Time": 2119.154,"Actual Rows": 1,"Actual Loops": 1,"Sort Key": ["revenue0.supplier_no"],"Sort Method": "quicksort","Sort Space Used": 25,"Sort Space Type": "Memory","Plans": [{"Node Type": "Subquery Scan","Parent Relationship": "Outer","Parallel Aware": false,"Async Capable": false,"Alias": "revenue0","Startup Cost": 124104.97,"Total Cost": 124255.58,"Plan Rows": 50,"Plan Width": 36,"Actual Startup Time": 2117.072,"Actual Total Time": 2119.050,"Actual Rows": 1,"Actual Loops": 1,"Plans": [{"Node Type": "Aggregate","Strategy": "Hashed","Partial Mode": "Simple","Parent Relationship": "Subquery","Parallel Aware": false,"Async Capable": false,"Startup Cost": 124104.97,"Total Cost": 124255.08,"Plan Rows": 50,"Plan Width": 36,"Actual Startup Time": 2117.050,"Actual Total Time": 2118.993,"Actual Rows": 1,"Actual Loops": 1,"Group Key": ["lineitem.l_suppkey"],"Filter": "(sum((lineitem.l_extendedprice * ('1'::numeric - lineitem.l_discount))) = $0)","Planned Partitions": 0,"HashAgg Batches": 1,"Peak Memory Usage": 4497,"Disk Usage": 0,"Rows Removed by Filter": 9999,"Plans": [{"Node Type": "Bitmap Heap Scan","Parent Relationship": "Outer","Parallel Aware": false,"Async Capable": false,"Relation Name": "lineitem","Alias": "lineitem","Startup Cost": 5878.89,"Total Cost": 121815.74,"Plan Rows": 228923,"Plan Width": 16,"Actual Startup Time": 62.576,"Actual Total Time": 942.310,"Actual Rows": 230590,"Actual Loops": 1,"Recheck Cond": "((l_shipdate >= '1996-08-01'::date) AND (l_shipdate < '1996-11-01 00:00:00'::timestamp without time zone))","Rows Removed by Index Recheck": 0,"Exact Heap Blocks": 67243,"Lossy Heap Blocks": 0,"Plans": [{"Node Type": "Bitmap Index Scan","Parent Relationship": "Outer","Parallel Aware": false,"Async Capable": false,"Index Name": "idx_lineitem_shipdate","Startup Cost": 0.00,"Total Cost": 5821.66,"Plan Rows": 228923,"Plan Width": 0,"Actual Startup Time": 48.784,"Actual Total Time": 48.785,"Actual Rows": 230590,"Actual Loops": 1,"Index Cond": "((l_shipdate >= '1996-08-01'::date) AND (l_shipdate < '1996-11-01 00:00:00'::timestamp without time zone))"}]}]}]}]}]},"Planning Time": 4.845,"Triggers": [],"Execution Time": 2134.422}]
[{"Plan": {"Node Type": "Merge Join","Parallel Aware": false,"Async Capable": false,"Join Type": "Inner","Startup Cost": 248646.16,"Total Cost": 249167.06,"Plan Rows": 50,"Plan Width": 103,"Actual Startup Time": 2067.824,"Actual Total Time": 2067.872,"Actual Rows": 1,"Actual Loops": 1,"Inner Unique": true,"Merge Cond": "(supplier.s_suppkey = revenue0.supplier_no)","Plans": [{"Node Type": "Aggregate","Strategy": "Plain","Partial Mode": "Simple","Parent Relationship": "InitPlan","Subplan Name": "InitPlan 1 (returns $0)","Parallel Aware": false,"Async Capable": false,"Startup Cost": 124372.01,"Total Cost": 124372.02,"Plan Rows": 1,"Plan Width": 32,"Actual Startup Time": 931.824,"Actual Total Time": 931.838,"Actual Rows": 1,"Actual Loops": 1,"Plans": [{"Node Type": "Aggregate","Strategy": "Hashed","Partial Mode": "Simple","Parent Relationship": "Outer","Parallel Aware": false,"Async Capable": false,"Startup Cost": 124121.84,"Total Cost": 124246.93,"Plan Rows": 10007,"Plan Width": 36,"Actual Startup Time": 922.356,"Actual Total Time": 931.242,"Actual Rows": 10000,"Actual Loops": 1,"Group Key": ["lineitem_1.l_suppkey"],"Planned Partitions": 0,"HashAgg Batches": 1,"Peak Memory Usage": 4497,"Disk Usage": 0,"Plans": [{"Node Type": "Bitmap Heap Scan","Parent Relationship": "Outer","Parallel Aware": false,"Async Capable": false,"Relation Name": "lineitem","Alias": "lineitem_1","Startup Cost": 5886.63,"Total Cost": 121828.95,"Plan Rows": 229288,"Plan Width": 16,"Actual Startup Time": 58.527,"Actual Total Time": 775.769,"Actual Rows": 229065,"Actual Loops": 1,"Recheck Cond": "((l_shipdate >= '1994-08-01'::date) AND (l_shipdate < '1994-11-01 00:00:00'::timestamp without time zone))","Rows Removed by Index Recheck": 0,"Exact Heap Blocks": 67202,"Lossy Heap Blocks": 0,"Plans": [{"Node Type": "Bitmap Index Scan","Parent Relationship": "Outer","Parallel Aware": false,"Async Capable": false,"Index Name": "idx_lineitem_shipdate","Startup Cost": 0.00,"Total Cost": 5829.31,"Plan Rows": 229288,"Plan Width": 0,"Actual Startup Time": 45.025,"Actual Total Time": 45.031,"Actual Rows": 229065,"Actual Loops": 1,"Index Cond": "((l_shipdate >= '1994-08-01'::date) AND (l_shipdate < '1994-11-01 00:00:00'::timestamp without time zone))"}]}]}]},{"Node Type": "Index Scan","Parent Relationship": "Outer","Parallel Aware": false,"Async Capable": false,"Scan Direction": "Forward","Index Name": "supplier_pkey","Relation Name": "supplier","Alias": "supplier","Startup Cost": 0.29,"Total Cost": 495.43,"Plan Rows": 10000,"Plan Width": 71,"Actual Startup Time": 0.106,"Actual Total Time": 14.913,"Actual Rows": 9980,"Actual Loops": 1},{"Node Type": "Sort","Parent Relationship": "Inner","Parallel Aware": false,"Async Capable": false,"Startup Cost": 124273.86,"Total Cost": 124273.98,"Plan Rows": 50,"Plan Width": 36,"Actual Startup Time": 2052.345,"Actual Total Time": 2052.360,"Actual Rows": 1,"Actual Loops": 1,"Sort Key": ["revenue0.supplier_no"],"Sort Method": "quicksort","Sort Space Used": 25,"Sort Space Type": "Memory","Plans": [{"Node Type": "Subquery Scan","Parent Relationship": "Outer","Parallel Aware": false,"Async Capable": false,"Alias": "revenue0","Startup Cost": 124121.84,"Total Cost": 124272.44,"Plan Rows": 50,"Plan Width": 36,"Actual Startup Time": 2031.394,"Actual Total Time": 2052.312,"Actual Rows": 1,"Actual Loops": 1,"Plans": [{"Node Type": "Aggregate","Strategy": "Hashed","Partial Mode": "Simple","Parent Relationship": "Subquery","Parallel Aware": false,"Async Capable": false,"Startup Cost": 124121.84,"Total Cost": 124271.94,"Plan Rows": 50,"Plan Width": 36,"Actual Startup Time": 2031.385,"Actual Total Time": 2052.295,"Actual Rows": 1,"Actual Loops": 1,"Group Key": ["lineitem.l_suppkey"],"Filter": "(sum((lineitem.l_extendedprice * ('1'::numeric - lineitem.l_discount))) = $0)","Planned Partitions": 0,"HashAgg Batches": 1,"Peak Memory Usage": 4497,"Disk Usage": 0,"Rows Removed by Filter": 9999,"Plans": [{"Node Type": "Bitmap Heap Scan","Parent Relationship": "Outer","Parallel Aware": false,"Async Capable": false,"Relation Name": "lineitem","Alias": "lineitem","Startup Cost": 5886.63,"Total Cost": 121828.95,"Plan Rows": 229288,"Plan Width": 16,"Actual Startup Time": 54.472,"Actual Total Time": 926.953,"Actual Rows": 229065,"Actual Loops": 1,"Recheck Cond": "((l_shipdate >= '1994-08-01'::date) AND (l_shipdate < '1994-11-01 00:00:00'::timestamp without time zone))","Rows Removed by Index Recheck": 0,"Exact Heap Blocks": 67202,"Lossy Heap Blocks": 0,"Plans": [{"Node Type": "Bitmap Index Scan","Parent Relationship": "Outer","Parallel Aware": false,"Async Capable": false,"Index Name": "idx_lineitem_shipdate","Startup Cost": 0.00,"Total Cost": 5829.31,"Plan Rows": 229288,"Plan Width": 0,"Actual Startup Time": 41.071,"Actual Total Time": 41.073,"Actual Rows": 229065,"Actual Loops": 1,"Index Cond": "((l_shipdate >= '1994-08-01'::date) AND (l_shipdate < '1994-11-01 00:00:00'::timestamp without time zone))"}]}]}]}]}]},"Planning Time": 4.637,"Triggers": [],"Execution Time": 2073.259}]
[{"Plan": {"Node Type": "Merge Join","Parallel Aware": false,"Async Capable": false,"Join Type": "Inner","Startup Cost": 249118.89,"Total Cost": 249639.79,"Plan Rows": 50,"Plan Width": 103,"Actual Startup Time": 2101.709,"Actual Total Time": 2101.748,"Actual Rows": 1,"Actual Loops": 1,"Inner Unique": true,"Merge Cond": "(supplier.s_suppkey = revenue0.supplier_no)","Plans": [{"Node Type": "Aggregate","Strategy": "Plain","Partial Mode": "Simple","Parent Relationship": "InitPlan","Subplan Name": "InitPlan 1 (returns $0)","Parallel Aware": false,"Async Capable": false,"Startup Cost": 124608.38,"Total Cost": 124608.39,"Plan Rows": 1,"Plan Width": 32,"Actual Startup Time": 954.180,"Actual Total Time": 954.190,"Actual Rows": 1,"Actual Loops": 1,"Plans": [{"Node Type": "Aggregate","Strategy": "Hashed","Partial Mode": "Simple","Parent Relationship": "Outer","Parallel Aware": false,"Async Capable": false,"Startup Cost": 124358.20,"Total Cost": 124483.29,"Plan Rows": 10007,"Plan Width": 36,"Actual Startup Time": 944.717,"Actual Total Time": 953.609,"Actual Rows": 10000,"Actual Loops": 1,"Group Key": ["lineitem_1.l_suppkey"],"Planned Partitions": 0,"HashAgg Batches": 1,"Peak Memory Usage": 4497,"Disk Usage": 0,"Plans": [{"Node Type": "Bitmap Heap Scan","Parent Relationship": "Outer","Parallel Aware": false,"Async Capable": false,"Relation Name": "lineitem","Alias": "lineitem_1","Startup Cost": 6006.43,"Total Cost": 122018.70,"Plan Rows": 233951,"Plan Width": 16,"Actual Startup Time": 66.327,"Actual Total Time": 795.231,"Actual Rows": 229338,"Actual Loops": 1,"Recheck Cond": "((l_shipdate >= '1993-07-01'::date) AND (l_shipdate < '1993-10-01 00:00:00'::timestamp without time zone))","Rows Removed by Index Recheck": 0,"Exact Heap Blocks": 67061,"Lossy Heap Blocks": 0,"Plans": [{"Node Type": "Bitmap Index Scan","Parent Relationship": "Outer","Parallel Aware": false,"Async Capable": false,"Index Name": "idx_lineitem_shipdate","Startup Cost": 0.00,"Total Cost": 5947.94,"Plan Rows": 233951,"Plan Width": 0,"Actual Startup Time": 52.411,"Actual Total Time": 52.417,"Actual Rows": 229338,"Actual Loops": 1,"Index Cond": "((l_shipdate >= '1993-07-01'::date) AND (l_shipdate < '1993-10-01 00:00:00'::timestamp without time zone))"}]}]}]},{"Node Type": "Index Scan","Parent Relationship": "Outer","Parallel Aware": false,"Async Capable": false,"Scan Direction": "Forward","Index Name": "supplier_pkey","Relation Name": "supplier","Alias": "supplier","Startup Cost": 0.29,"Total Cost": 495.43,"Plan Rows": 10000,"Plan Width": 71,"Actual Startup Time": 0.105,"Actual Total Time": 12.941,"Actual Rows": 8280,"Actual Loops": 1},{"Node Type": "Sort","Parent Relationship": "Inner","Parallel Aware": false,"Async Capable": false,"Startup Cost": 124510.22,"Total Cost": 124510.34,"Plan Rows": 50,"Plan Width": 36,"Actual Startup Time": 2088.290,"Actual Total Time": 2088.302,"Actual Rows": 1,"Actual Loops": 1,"Sort Key": ["revenue0.supplier_no"],"Sort Method": "quicksort","Sort Space Used": 25,"Sort Space Type": "Memory","Plans": [{"Node Type": "Subquery Scan","Parent Relationship": "Outer","Parallel Aware": false,"Async Capable": false,"Alias": "revenue0","Startup Cost": 124358.20,"Total Cost": 124508.81,"Plan Rows": 50,"Plan Width": 36,"Actual Startup Time": 2064.473,"Actual Total Time": 2088.234,"Actual Rows": 1,"Actual Loops": 1,"Plans": [{"Node Type": "Aggregate","Strategy": "Hashed","Partial Mode": "Simple","Parent Relationship": "Subquery","Parallel Aware": false,"Async Capable": false,"Startup Cost": 124358.20,"Total Cost": 124508.31,"Plan Rows": 50,"Plan Width": 36,"Actual Startup Time": 2064.468,"Actual Total Time": 2088.223,"Actual Rows": 1,"Actual Loops": 1,"Group Key": ["lineitem.l_suppkey"],"Filter": "(sum((lineitem.l_extendedprice * ('1'::numeric - lineitem.l_discount))) = $0)","Planned Partitions": 0,"HashAgg Batches": 1,"Peak Memory Usage": 4497,"Disk Usage": 0,"Rows Removed by Filter": 9999,"Plans": [{"Node Type": "Bitmap Heap Scan","Parent Relationship": "Outer","Parallel Aware": false,"Async Capable": false,"Relation Name": "lineitem","Alias": "lineitem","Startup Cost": 6006.43,"Total Cost": 122018.70,"Plan Rows": 233951,"Plan Width": 16,"Actual Startup Time": 62.518,"Actual Total Time": 939.412,"Actual Rows": 229338,"Actual Loops": 1,"Recheck Cond": "((l_shipdate >= '1993-07-01'::date) AND (l_shipdate < '1993-10-01 00:00:00'::timestamp without time zone))","Rows Removed by Index Recheck": 0,"Exact Heap Blocks": 67061,"Lossy Heap Blocks": 0,"Plans": [{"Node Type": "Bitmap Index Scan","Parent Relationship": "Outer","Parallel Aware": false,"Async Capable": false,"Index Name": "idx_lineitem_shipdate","Startup Cost": 0.00,"Total Cost": 5947.94,"Plan Rows": 233951,"Plan Width": 0,"Actual Startup Time": 48.803,"Actual Total Time": 48.804,"Actual Rows": 229338,"Actual Loops": 1,"Index Cond": "((l_shipdate >= '1993-07-01'::date) AND (l_shipdate < '1993-10-01 00:00:00'::timestamp without time zone))"}]}]}]}]}]},"Planning Time": 4.394,"Triggers": [],"Execution Time": 2106.441}]
[{"Plan": {"Node Type": "Merge Join","Parallel Aware": false,"Async Capable": false,"Join Type": "Inner","Startup Cost": 249160.41,"Total Cost": 249681.31,"Plan Rows": 50,"Plan Width": 103,"Actual Startup Time": 2073.279,"Actual Total Time": 2073.319,"Actual Rows": 1,"Actual Loops": 1,"Inner Unique": true,"Merge Cond": "(supplier.s_suppkey = revenue0.supplier_no)","Plans": [{"Node Type": "Aggregate","Strategy": "Plain","Partial Mode": "Simple","Parent Relationship": "InitPlan","Subplan Name": "InitPlan 1 (returns $0)","Parallel Aware": false,"Async Capable": false,"Startup Cost": 124629.14,"Total Cost": 124629.15,"Plan Rows": 1,"Plan Width": 32,"Actual Startup Time": 939.006,"Actual Total Time": 939.018,"Actual Rows": 1,"Actual Loops": 1,"Plans": [{"Node Type": "Aggregate","Strategy": "Hashed","Partial Mode": "Simple","Parent Relationship": "Outer","Parallel Aware": false,"Async Capable": false,"Startup Cost": 124378.96,"Total Cost": 124504.05,"Plan Rows": 10007,"Plan Width": 36,"Actual Startup Time": 931.108,"Actual Total Time": 938.419,"Actual Rows": 10000,"Actual Loops": 1,"Group Key": ["lineitem_1.l_suppkey"],"Planned Partitions": 0,"HashAgg Batches": 1,"Peak Memory Usage": 4497,"Disk Usage": 0,"Plans": [{"Node Type": "Bitmap Heap Scan","Parent Relationship": "Outer","Parallel Aware": false,"Async Capable": false,"Relation Name": "lineitem","Alias": "lineitem_1","Startup Cost": 6018.14,"Total Cost": 122035.84,"Plan Rows": 234313,"Plan Width": 16,"Actual Startup Time": 52.989,"Actual Total Time": 776.177,"Actual Rows": 229123,"Actual Loops": 1,"Recheck Cond": "((l_shipdate >= '1994-11-01'::date) AND (l_shipdate < '1995-02-01 00:00:00'::timestamp without time zone))","Rows Removed by Index Recheck": 0,"Exact Heap Blocks": 67216,"Lossy Heap Blocks": 0,"Plans": [{"Node Type": "Bitmap Index Scan","Parent Relationship": "Outer","Parallel Aware": false,"Async Capable": false,"Index Name": "idx_lineitem_shipdate","Startup Cost": 0.00,"Total Cost": 5959.56,"Plan Rows": 234313,"Plan Width": 0,"Actual Startup Time": 39.328,"Actual Total Time": 39.335,"Actual Rows": 229123,"Actual Loops": 1,"Index Cond": "((l_shipdate >= '1994-11-01'::date) AND (l_shipdate < '1995-02-01 00:00:00'::timestamp without time zone))"}]}]}]},{"Node Type": "Index Scan","Parent Relationship": "Outer","Parallel Aware": false,"Async Capable": false,"Scan Direction": "Forward","Index Name": "supplier_pkey","Relation Name": "supplier","Alias": "supplier","Startup Cost": 0.29,"Total Cost": 495.43,"Plan Rows": 10000,"Plan Width": 71,"Actual Startup Time": 0.068,"Actual Total Time": 3.400,"Actual Rows": 1942,"Actual Loops": 1},{"Node Type": "Sort","Parent Relationship": "Inner","Parallel Aware": false,"Async Capable": false,"Startup Cost": 124530.98,"Total Cost": 124531.10,"Plan Rows": 50,"Plan Width": 36,"Actual Startup Time": 2069.742,"Actual Total Time": 2069.754,"Actual Rows": 1,"Actual Loops": 1,"Sort Key": ["revenue0.supplier_no"],"Sort Method": "quicksort","Sort Space Used": 25,"Sort Space Type": "Memory","Plans": [{"Node Type": "Subquery Scan","Parent Relationship": "Outer","Parallel Aware": false,"Async Capable": false,"Alias": "revenue0","Startup Cost": 124378.96,"Total Cost": 124529.57,"Plan Rows": 50,"Plan Width": 36,"Actual Startup Time": 2038.680,"Actual Total Time": 2069.702,"Actual Rows": 1,"Actual Loops": 1,"Plans": [{"Node Type": "Aggregate","Strategy": "Hashed","Partial Mode": "Simple","Parent Relationship": "Subquery","Parallel Aware": false,"Async Capable": false,"Startup Cost": 124378.96,"Total Cost": 124529.07,"Plan Rows": 50,"Plan Width": 36,"Actual Startup Time": 2038.671,"Actual Total Time": 2069.682,"Actual Rows": 1,"Actual Loops": 1,"Group Key": ["lineitem.l_suppkey"],"Filter": "(sum((lineitem.l_extendedprice * ('1'::numeric - lineitem.l_discount))) = $0)","Planned Partitions": 0,"HashAgg Batches": 1,"Peak Memory Usage": 4497,"Disk Usage": 0,"Rows Removed by Filter": 9999,"Plans": [{"Node Type": "Bitmap Heap Scan","Parent Relationship": "Outer","Parallel Aware": false,"Async Capable": false,"Relation Name": "lineitem","Alias": "lineitem","Startup Cost": 6018.14,"Total Cost": 122035.84,"Plan Rows": 234313,"Plan Width": 16,"Actual Startup Time": 55.954,"Actual Total Time": 934.360,"Actual Rows": 229123,"Actual Loops": 1,"Recheck Cond": "((l_shipdate >= '1994-11-01'::date) AND (l_shipdate < '1995-02-01 00:00:00'::timestamp without time zone))","Rows Removed by Index Recheck": 0,"Exact Heap Blocks": 67216,"Lossy Heap Blocks": 0,"Plans": [{"Node Type": "Bitmap Index Scan","Parent Relationship": "Outer","Parallel Aware": false,"Async Capable": false,"Index Name": "idx_lineitem_shipdate","Startup Cost": 0.00,"Total Cost": 5959.56,"Plan Rows": 234313,"Plan Width": 0,"Actual Startup Time": 42.235,"Actual Total Time": 42.239,"Actual Rows": 229123,"Actual Loops": 1,"Index Cond": "((l_shipdate >= '1994-11-01'::date) AND (l_shipdate < '1995-02-01 00:00:00'::timestamp without time zone))"}]}]}]}]}]},"Planning Time": 5.241,"Triggers": [],"Execution Time": 2077.503}]
[{"Plan": {"Node Type": "Merge Join","Parallel Aware": false,"Async Capable": false,"Join Type": "Inner","Startup Cost": 248749.22,"Total Cost": 249270.12,"Plan Rows": 50,"Plan Width": 103,"Actual Startup Time": 1931.389,"Actual Total Time": 1931.417,"Actual Rows": 1,"Actual Loops": 1,"Inner Unique": true,"Merge Cond": "(supplier.s_suppkey = revenue0.supplier_no)","Plans": [{"Node Type": "Aggregate","Strategy": "Plain","Partial Mode": "Simple","Parent Relationship": "InitPlan","Subplan Name": "InitPlan 1 (returns $0)","Parallel Aware": false,"Async Capable": false,"Startup Cost": 124423.54,"Total Cost": 124423.55,"Plan Rows": 1,"Plan Width": 32,"Actual Startup Time": 829.182,"Actual Total Time": 829.192,"Actual Rows": 1,"Actual Loops": 1,"Plans": [{"Node Type": "Aggregate","Strategy": "Hashed","Partial Mode": "Simple","Parent Relationship": "Outer","Parallel Aware": false,"Async Capable": false,"Startup Cost": 124173.37,"Total Cost": 124298.46,"Plan Rows": 10007,"Plan Width": 36,"Actual Startup Time": 816.902,"Actual Total Time": 828.607,"Actual Rows": 10000,"Actual Loops": 1,"Group Key": ["lineitem_1.l_suppkey"],"Planned Partitions": 0,"HashAgg Batches": 1,"Peak Memory Usage": 4497,"Disk Usage": 0,"Plans": [{"Node Type": "Bitmap Heap Scan","Parent Relationship": "Outer","Parallel Aware": false,"Async Capable": false,"Relation Name": "lineitem","Alias": "lineitem_1","Startup Cost": 5912.97,"Total Cost": 121870.41,"Plan Rows": 230296,"Plan Width": 16,"Actual Startup Time": 50.257,"Actual Total Time": 644.900,"Actual Rows": 230072,"Actual Loops": 1,"Recheck Cond": "((l_shipdate >= '1995-10-01'::date) AND (l_shipdate < '1996-01-01 00:00:00'::timestamp without time zone))","Rows Removed by Index Recheck": 0,"Exact Heap Blocks": 67245,"Lossy Heap Blocks": 0,"Plans": [{"Node Type": "Bitmap Index Scan","Parent Relationship": "Outer","Parallel Aware": false,"Async Capable": false,"Index Name": "idx_lineitem_shipdate","Startup Cost": 0.00,"Total Cost": 5855.39,"Plan Rows": 230296,"Plan Width": 0,"Actual Startup Time": 36.768,"Actual Total Time": 36.770,"Actual Rows": 230072,"Actual Loops": 1,"Index Cond": "((l_shipdate >= '1995-10-01'::date) AND (l_shipdate < '1996-01-01 00:00:00'::timestamp without time zone))"}]}]}]},{"Node Type": "Index Scan","Parent Relationship": "Outer","Parallel Aware": false,"Async Capable": false,"Scan Direction": "Forward","Index Name": "supplier_pkey","Relation Name": "supplier","Alias": "supplier","Startup Cost": 0.29,"Total Cost": 495.43,"Plan Rows": 10000,"Plan Width": 71,"Actual Startup Time": 0.086,"Actual Total Time": 4.053,"Actual Rows": 2388,"Actual Loops": 1},{"Node Type": "Sort","Parent Relationship": "Inner","Parallel Aware": false,"Async Capable": false,"Startup Cost": 124325.38,"Total Cost": 124325.51,"Plan Rows": 50,"Plan Width": 36,"Actual Startup Time": 1927.160,"Actual Total Time": 1927.170,"Actual Rows": 1,"Actual Loops": 1,"Sort Key": ["revenue0.supplier_no"],"Sort Method": "quicksort","Sort Space Used": 25,"Sort Space Type": "Memory","Plans": [{"Node Type": "Subquery Scan","Parent Relationship": "Outer","Parallel Aware": false,"Async Capable": false,"Alias": "revenue0","Startup Cost": 124173.37,"Total Cost": 124323.97,"Plan Rows": 50,"Plan Width": 36,"Actual Startup Time": 1921.461,"Actual Total Time": 1927.124,"Actual Rows": 1,"Actual Loops": 1,"Plans": [{"Node Type": "Aggregate","Strategy": "Hashed","Partial Mode": "Simple","Parent Relationship": "Subquery","Parallel Aware": false,"Async Capable": false,"Startup Cost": 124173.37,"Total Cost": 124323.47,"Plan Rows": 50,"Plan Width": 36,"Actual Startup Time": 1921.452,"Actual Total Time": 1927.108,"Actual Rows": 1,"Actual Loops": 1,"Group Key": ["lineitem.l_suppkey"],"Filter": "(sum((lineitem.l_extendedprice * ('1'::numeric - lineitem.l_discount))) = $0)","Planned Partitions": 0,"HashAgg Batches": 1,"Peak Memory Usage": 4497,"Disk Usage": 0,"Rows Removed by Filter": 9999,"Plans": [{"Node Type": "Bitmap Heap Scan","Parent Relationship": "Outer","Parallel Aware": false,"Async Capable": false,"Relation Name": "lineitem","Alias": "lineitem","Startup Cost": 5912.97,"Total Cost": 121870.41,"Plan Rows": 230296,"Plan Width": 16,"Actual Startup Time": 50.046,"Actual Total Time": 890.624,"Actual Rows": 230072,"Actual Loops": 1,"Recheck Cond": "((l_shipdate >= '1995-10-01'::date) AND (l_shipdate < '1996-01-01 00:00:00'::timestamp without time zone))","Rows Removed by Index Recheck": 0,"Exact Heap Blocks": 67245,"Lossy Heap Blocks": 0,"Plans": [{"Node Type": "Bitmap Index Scan","Parent Relationship": "Outer","Parallel Aware": false,"Async Capable": false,"Index Name": "idx_lineitem_shipdate","Startup Cost": 0.00,"Total Cost": 5855.39,"Plan Rows": 230296,"Plan Width": 0,"Actual Startup Time": 36.694,"Actual Total Time": 36.694,"Actual Rows": 230072,"Actual Loops": 1,"Index Cond": "((l_shipdate >= '1995-10-01'::date) AND (l_shipdate < '1996-01-01 00:00:00'::timestamp without time zone))"}]}]}]}]}]},"Planning Time": 4.561,"Triggers": [],"Execution Time": 1934.601}]
[{"Plan": {"Node Type": "Merge Join","Parallel Aware": false,"Async Capable": false,"Join Type": "Inner","Startup Cost": 248579.05,"Total Cost": 249099.95,"Plan Rows": 50,"Plan Width": 103,"Actual Startup Time": 1976.935,"Actual Total Time": 1976.985,"Actual Rows": 1,"Actual Loops": 1,"Inner Unique": true,"Merge Cond": "(supplier.s_suppkey = revenue0.supplier_no)","Plans": [{"Node Type": "Aggregate","Strategy": "Plain","Partial Mode": "Simple","Parent Relationship": "InitPlan","Subplan Name": "InitPlan 1 (returns $0)","Parallel Aware": false,"Async Capable": false,"Startup Cost": 124338.46,"Total Cost": 124338.47,"Plan Rows": 1,"Plan Width": 32,"Actual Startup Time": 904.220,"Actual Total Time": 904.239,"Actual Rows": 1,"Actual Loops": 1,"Plans": [{"Node Type": "Aggregate","Strategy": "Hashed","Partial Mode": "Simple","Parent Relationship": "Outer","Parallel Aware": false,"Async Capable": false,"Startup Cost": 124088.28,"Total Cost": 124213.37,"Plan Rows": 10007,"Plan Width": 36,"Actual Startup Time": 892.707,"Actual Total Time": 903.575,"Actual Rows": 10000,"Actual Loops": 1,"Group Key": ["lineitem_1.l_suppkey"],"Planned Partitions": 0,"HashAgg Batches": 1,"Peak Memory Usage": 4497,"Disk Usage": 0,"Plans": [{"Node Type": "Bitmap Heap Scan","Parent Relationship": "Outer","Parallel Aware": false,"Async Capable": false,"Relation Name": "lineitem","Alias": "lineitem_1","Startup Cost": 5871.20,"Total Cost": 121802.65,"Plan Rows": 228563,"Plan Width": 16,"Actual Startup Time": 49.074,"Actual Total Time": 688.668,"Actual Rows": 229923,"Actual Loops": 1,"Recheck Cond": "((l_shipdate >= '1993-10-01'::date) AND (l_shipdate < '1994-01-01 00:00:00'::timestamp without time zone))","Rows Removed by Index Recheck": 0,"Exact Heap Blocks": 67189,"Lossy Heap Blocks": 0,"Plans": [{"Node Type": "Bitmap Index Scan","Parent Relationship": "Outer","Parallel Aware": false,"Async Capable": false,"Index Name": "idx_lineitem_shipdate","Startup Cost": 0.00,"Total Cost": 5814.06,"Plan Rows": 228563,"Plan Width": 0,"Actual Startup Time": 35.482,"Actual Total Time": 35.494,"Actual Rows": 229923,"Actual Loops": 1,"Index Cond": "((l_shipdate >= '1993-10-01'::date) AND (l_shipdate < '1994-01-01 00:00:00'::timestamp without time zone))"}]}]}]},{"Node Type": "Index Scan","Parent Relationship": "Outer","Parallel Aware": false,"Async Capable": false,"Scan Direction": "Forward","Index Name": "supplier_pkey","Relation Name": "supplier","Alias": "supplier","Startup Cost": 0.29,"Total Cost": 495.43,"Plan Rows": 10000,"Plan Width": 71,"Actual Startup Time": 0.088,"Actual Total Time": 5.655,"Actual Rows": 3497,"Actual Loops": 1},{"Node Type": "Sort","Parent Relationship": "Inner","Parallel Aware": false,"Async Capable": false,"Startup Cost": 124240.30,"Total Cost": 124240.42,"Plan Rows": 50,"Plan Width": 36,"Actual Startup Time": 1971.016,"Actual Total Time": 1971.036,"Actual Rows": 1,"Actual Loops": 1,"Sort Key": ["revenue0.supplier_no"],"Sort Method": "quicksort","Sort Space Used": 25,"Sort Space Type": "Memory","Plans": [{"Node Type": "Subquery Scan","Parent Relationship": "Outer","Parallel Aware": false,"Async Capable": false,"Alias": "revenue0","Startup Cost": 124088.28,"Total Cost": 124238.89,"Plan Rows": 50,"Plan Width": 36,"Actual Startup Time": 1964.632,"Actual Total Time": 1970.939,"Actual Rows": 1,"Actual Loops": 1,"Plans": [{"Node Type": "Aggregate","Strategy": "Hashed","Partial Mode": "Simple","Parent Relationship": "Subquery","Parallel Aware": false,"Async Capable": false,"Startup Cost": 124088.28,"Total Cost": 124238.39,"Plan Rows": 50,"Plan Width": 36,"Actual Startup Time": 1964.613,"Actual Total Time": 1970.893,"Actual Rows": 1,"Actual Loops": 1,"Group Key": ["lineitem.l_suppkey"],"Filter": "(sum((lineitem.l_extendedprice * ('1'::numeric - lineitem.l_discount))) = $0)","Planned Partitions": 0,"HashAgg Batches": 1,"Peak Memory Usage": 4497,"Disk Usage": 0,"Rows Removed by Filter": 9999,"Plans": [{"Node Type": "Bitmap Heap Scan","Parent Relationship": "Outer","Parallel Aware": false,"Async Capable": false,"Relation Name": "lineitem","Alias": "lineitem","Startup Cost": 5871.20,"Total Cost": 121802.65,"Plan Rows": 228563,"Plan Width": 16,"Actual Startup Time": 49.258,"Actual Total Time": 883.520,"Actual Rows": 229923,"Actual Loops": 1,"Recheck Cond": "((l_shipdate >= '1993-10-01'::date) AND (l_shipdate < '1994-01-01 00:00:00'::timestamp without time zone))","Rows Removed by Index Recheck": 0,"Exact Heap Blocks": 67189,"Lossy Heap Blocks": 0,"Plans": [{"Node Type": "Bitmap Index Scan","Parent Relationship": "Outer","Parallel Aware": false,"Async Capable": false,"Index Name": "idx_lineitem_shipdate","Startup Cost": 0.00,"Total Cost": 5814.06,"Plan Rows": 228563,"Plan Width": 0,"Actual Startup Time": 35.850,"Actual Total Time": 35.850,"Actual Rows": 229923,"Actual Loops": 1,"Index Cond": "((l_shipdate >= '1993-10-01'::date) AND (l_shipdate < '1994-01-01 00:00:00'::timestamp without time zone))"}]}]}]}]}]},"Planning Time": 4.959,"Triggers": [],"Execution Time": 1982.579}]
[{"Plan": {"Node Type": "Merge Join","Parallel Aware": false,"Async Capable": false,"Join Type": "Inner","Startup Cost": 248249.45,"Total Cost": 248770.35,"Plan Rows": 50,"Plan Width": 103,"Actual Startup Time": 1933.210,"Actual Total Time": 1933.238,"Actual Rows": 1,"Actual Loops": 1,"Inner Unique": true,"Merge Cond": "(supplier.s_suppkey = revenue0.supplier_no)","Plans": [{"Node Type": "Aggregate","Strategy": "Plain","Partial Mode": "Simple","Parent Relationship": "InitPlan","Subplan Name": "InitPlan 1 (returns $0)","Parallel Aware": false,"Async Capable": false,"Startup Cost": 124173.66,"Total Cost": 124173.67,"Plan Rows": 1,"Plan Width": 32,"Actual Startup Time": 840.754,"Actual Total Time": 840.766,"Actual Rows": 1,"Actual Loops": 1,"Plans": [{"Node Type": "Aggregate","Strategy": "Hashed","Partial Mode": "Simple","Parent Relationship": "Outer","Parallel Aware": false,"Async Capable": false,"Startup Cost": 123923.48,"Total Cost": 124048.57,"Plan Rows": 10007,"Plan Width": 36,"Actual Startup Time": 831.124,"Actual Total Time": 840.175,"Actual Rows": 10000,"Actual Loops": 1,"Group Key": ["lineitem_1.l_suppkey"],"Planned Partitions": 0,"HashAgg Batches": 1,"Peak Memory Usage": 4497,"Disk Usage": 0,"Plans": [{"Node Type": "Bitmap Heap Scan","Parent Relationship": "Outer","Parallel Aware": false,"Async Capable": false,"Relation Name": "lineitem","Alias": "lineitem_1","Startup Cost": 5786.40,"Total Cost": 121669.85,"Plan Rows": 225363,"Plan Width": 16,"Actual Startup Time": 50.816,"Actual Total Time": 670.813,"Actual Rows": 229315,"Actual Loops": 1,"Recheck Cond": "((l_shipdate >= '1994-05-01'::date) AND (l_shipdate < '1994-08-01 00:00:00'::timestamp without time zone))","Rows Removed by Index Recheck": 0,"Exact Heap Blocks": 67035,"Lossy Heap Blocks": 0,"Plans": [{"Node Type": "Bitmap Index Scan","Parent Relationship": "Outer","Parallel Aware": false,"Async Capable": false,"Index Name": "idx_lineitem_shipdate","Startup Cost": 0.00,"Total Cost": 5730.06,"Plan Rows": 225363,"Plan Width": 0,"Actual Startup Time": 37.324,"Actual Total Time": 37.329,"Actual Rows": 229315,"Actual Loops": 1,"Index Cond": "((l_shipdate >= '1994-05-01'::date) AND (l_shipdate < '1994-08-01 00:00:00'::timestamp without time zone))"}]}]}]},{"Node Type": "Index Scan","Parent Relationship": "Outer","Parallel Aware": false,"Async Capable": false,"Scan Direction": "Forward","Index Name": "supplier_pkey","Relation Name": "supplier","Alias": "supplier","Startup Cost": 0.29,"Total Cost": 495.43,"Plan Rows": 10000,"Plan Width": 71,"Actual Startup Time": 0.122,"Actual Total Time": 5.559,"Actual Rows": 3302,"Actual Loops": 1},{"Node Type": "Sort","Parent Relationship": "Inner","Parallel Aware": false,"Async Capable": false,"Startup Cost": 124075.50,"Total Cost": 124075.62,"Plan Rows": 50,"Plan Width": 36,"Actual Startup Time": 1927.428,"Actual Total Time": 1927.436,"Actual Rows": 1,"Actual Loops": 1,"Sort Key": ["revenue0.supplier_no"],"Sort Method": "quicksort","Sort Space Used": 25,"Sort Space Type": "Memory","Plans": [{"Node Type": "Subquery Scan","Parent Relationship": "Outer","Parallel Aware": false,"Async Capable": false,"Alias": "revenue0","Startup Cost": 123923.48,"Total Cost": 124074.09,"Plan Rows": 50,"Plan Width": 36,"Actual Startup Time": 1920.770,"Actual Total Time": 1927.389,"Actual Rows": 1,"Actual Loops": 1,"Plans": [{"Node Type": "Aggregate","Strategy": "Hashed","Partial Mode": "Simple","Parent Relationship": "Subquery","Parallel Aware": false,"Async Capable": false,"Startup Cost": 123923.48,"Total Cost": 124073.59,"Plan Rows": 50,"Plan Width": 36,"Actual Startup Time": 1920.765,"Actual Total Time": 1927.379,"Actual Rows": 1,"Actual Loops": 1,"Group Key": ["lineitem.l_suppkey"],"Filter": "(sum((lineitem.l_extendedprice * ('1'::numeric - lineitem.l_discount))) = $0)","Planned Partitions": 0,"HashAgg Batches": 1,"Peak Memory Usage": 4497,"Disk Usage": 0,"Rows Removed by Filter": 9999,"Plans": [{"Node Type": "Bitmap Heap Scan","Parent Relationship": "Outer","Parallel Aware": false,"Async Capable": false,"Relation Name": "lineitem","Alias": "lineitem","Startup Cost": 5786.40,"Total Cost": 121669.85,"Plan Rows": 225363,"Plan Width": 16,"Actual Startup Time": 48.974,"Actual Total Time": 887.234,"Actual Rows": 229315,"Actual Loops": 1,"Recheck Cond": "((l_shipdate >= '1994-05-01'::date) AND (l_shipdate < '1994-08-01 00:00:00'::timestamp without time zone))","Rows Removed by Index Recheck": 0,"Exact Heap Blocks": 67035,"Lossy Heap Blocks": 0,"Plans": [{"Node Type": "Bitmap Index Scan","Parent Relationship": "Outer","Parallel Aware": false,"Async Capable": false,"Index Name": "idx_lineitem_shipdate","Startup Cost": 0.00,"Total Cost": 5730.06,"Plan Rows": 225363,"Plan Width": 0,"Actual Startup Time": 35.843,"Actual Total Time": 35.843,"Actual Rows": 229315,"Actual Loops": 1,"Index Cond": "((l_shipdate >= '1994-05-01'::date) AND (l_shipdate < '1994-08-01 00:00:00'::timestamp without time zone))"}]}]}]}]}]},"Planning Time": 4.354,"Triggers": [],"Execution Time": 1936.888}]
[{"Plan": {"Node Type": "Merge Join","Parallel Aware": false,"Async Capable": false,"Join Type": "Inner","Startup Cost": 249295.94,"Total Cost": 249816.84,"Plan Rows": 50,"Plan Width": 103,"Actual Startup Time": 2107.893,"Actual Total Time": 2107.941,"Actual Rows": 1,"Actual Loops": 1,"Inner Unique": true,"Merge Cond": "(supplier.s_suppkey = revenue0.supplier_no)","Plans": [{"Node Type": "Aggregate","Strategy": "Plain","Partial Mode": "Simple","Parent Relationship": "InitPlan","Subplan Name": "InitPlan 1 (returns $0)","Parallel Aware": false,"Async Capable": false,"Startup Cost": 124696.90,"Total Cost": 124696.91,"Plan Rows": 1,"Plan Width": 32,"Actual Startup Time": 955.446,"Actual Total Time": 955.454,"Actual Rows": 1,"Actual Loops": 1,"Plans": [{"Node Type": "Aggregate","Strategy": "Hashed","Partial Mode": "Simple","Parent Relationship": "Outer","Parallel Aware": false,"Async Capable": false,"Startup Cost": 124446.73,"Total Cost": 124571.81,"Plan Rows": 10007,"Plan Width": 36,"Actual Startup Time": 947.982,"Actual Total Time": 954.846,"Actual Rows": 10000,"Actual Loops": 1,"Group Key": ["lineitem_1.l_suppkey"],"Planned Partitions": 0,"HashAgg Batches": 1,"Peak Memory Usage": 4497,"Disk Usage": 0,"Plans": [{"Node Type": "Bitmap Heap Scan","Parent Relationship": "Outer","Parallel Aware": false,"Async Capable": false,"Relation Name": "lineitem","Alias": "lineitem_1","Startup Cost": 6052.03,"Total Cost": 122090.05,"Plan Rows": 235668,"Plan Width": 16,"Actual Startup Time": 70.238,"Actual Total Time": 801.015,"Actual Rows": 228673,"Actual Loops": 1,"Recheck Cond": "((l_shipdate >= '1996-09-01'::date) AND (l_shipdate < '1996-12-01 00:00:00'::timestamp without time zone))","Rows Removed by Index Recheck": 0,"Exact Heap Blocks": 67144,"Lossy Heap Blocks": 0,"Plans": [{"Node Type": "Bitmap Index Scan","Parent Relationship": "Outer","Parallel Aware": false,"Async Capable": false,"Index Name": "idx_lineitem_shipdate","Startup Cost": 0.00,"Total Cost": 5993.11,"Plan Rows": 235668,"Plan Width": 0,"Actual Startup Time": 56.242,"Actual Total Time": 56.247,"Actual Rows": 228673,"Actual Loops": 1,"Index Cond": "((l_shipdate >= '1996-09-01'::date) AND (l_shipdate < '1996-12-01 00:00:00'::timestamp without time zone))"}]}]}]},{"Node Type": "Index Scan","Parent Relationship": "Outer","Parallel Aware": false,"Async Capable": false,"Scan Direction": "Forward","Index Name": "supplier_pkey","Relation Name": "supplier","Alias": "supplier","Startup Cost": 0.29,"Total Cost": 495.43,"Plan Rows": 10000,"Plan Width": 71,"Actual Startup Time": 0.093,"Actual Total Time": 7.858,"Actual Rows": 4994,"Actual Loops": 1},{"Node Type": "Sort","Parent Relationship": "Inner","Parallel Aware": false,"Async Capable": false,"Startup Cost": 124598.74,"Total Cost": 124598.87,"Plan Rows": 50,"Plan Width": 36,"Actual Startup Time": 2099.718,"Actual Total Time": 2099.739,"Actual Rows": 1,"Actual Loops": 1,"Sort Key": ["revenue0.supplier_no"],"Sort Method": "quicksort","Sort Space Used": 25,"Sort Space Type": "Memory","Plans": [{"Node Type": "Subquery Scan","Parent Relationship": "Outer","Parallel Aware": false,"Async Capable": false,"Alias": "revenue0","Startup Cost": 124446.73,"Total Cost": 124597.33,"Plan Rows": 50,"Plan Width": 36,"Actual Startup Time": 2069.111,"Actual Total Time": 2099.684,"Actual Rows": 1,"Actual Loops": 1,"Plans": [{"Node Type": "Aggregate","Strategy": "Hashed","Partial Mode": "Simple","Parent Relationship": "Subquery","Parallel Aware": false,"Async Capable": false,"Startup Cost": 124446.73,"Total Cost": 124596.83,"Plan Rows": 50,"Plan Width": 36,"Actual Startup Time": 2069.102,"Actual Total Time": 2099.662,"Actual Rows": 1,"Actual Loops": 1,"Group Key": ["lineitem.l_suppkey"],"Filter": "(sum((lineitem.l_extendedprice * ('1'::numeric - lineitem.l_discount))) = $0)","Planned Partitions": 0,"HashAgg Batches": 1,"Peak Memory Usage": 4497,"Disk Usage": 0,"Rows Removed by Filter": 9999,"Plans": [{"Node Type": "Bitmap Heap Scan","Parent Relationship": "Outer","Parallel Aware": false,"Async Capable": false,"Relation Name": "lineitem","Alias": "lineitem","Startup Cost": 6052.03,"Total Cost": 122090.05,"Plan Rows": 235668,"Plan Width": 16,"Actual Startup Time": 68.656,"Actual Total Time": 947.522,"Actual Rows": 228673,"Actual Loops": 1,"Recheck Cond": "((l_shipdate >= '1996-09-01'::date) AND (l_shipdate < '1996-12-01 00:00:00'::timestamp without time zone))","Rows Removed by Index Recheck": 0,"Exact Heap Blocks": 67144,"Lossy Heap Blocks": 0,"Plans": [{"Node Type": "Bitmap Index Scan","Parent Relationship": "Outer","Parallel Aware": false,"Async Capable": false,"Index Name": "idx_lineitem_shipdate","Startup Cost": 0.00,"Total Cost": 5993.11,"Plan Rows": 235668,"Plan Width": 0,"Actual Startup Time": 54.893,"Actual Total Time": 54.895,"Actual Rows": 228673,"Actual Loops": 1,"Index Cond": "((l_shipdate >= '1996-09-01'::date) AND (l_shipdate < '1996-12-01 00:00:00'::timestamp without time zone))"}]}]}]}]}]},"Planning Time": 5.183,"Triggers": [],"Execution Time": 2113.434}]
[{"Plan": {"Node Type": "Merge Join","Parallel Aware": false,"Async Capable": false,"Join Type": "Inner","Startup Cost": 249261.15,"Total Cost": 249782.05,"Plan Rows": 50,"Plan Width": 103,"Actual Startup Time": 1929.470,"Actual Total Time": 1929.497,"Actual Rows": 1,"Actual Loops": 1,"Inner Unique": true,"Merge Cond": "(supplier.s_suppkey = revenue0.supplier_no)","Plans": [{"Node Type": "Aggregate","Strategy": "Plain","Partial Mode": "Simple","Parent Relationship": "InitPlan","Subplan Name": "InitPlan 1 (returns $0)","Parallel Aware": false,"Async Capable": false,"Startup Cost": 124679.51,"Total Cost": 124679.52,"Plan Rows": 1,"Plan Width": 32,"Actual Startup Time": 838.041,"Actual Total Time": 838.049,"Actual Rows": 1,"Actual Loops": 1,"Plans": [{"Node Type": "Aggregate","Strategy": "Hashed","Partial Mode": "Simple","Parent Relationship": "Outer","Parallel Aware": false,"Async Capable": false,"Startup Cost": 124429.33,"Total Cost": 124554.42,"Plan Rows": 10007,"Plan Width": 36,"Actual Startup Time": 828.279,"Actual Total Time": 837.462,"Actual Rows": 10000,"Actual Loops": 1,"Group Key": ["lineitem_1.l_suppkey"],"Planned Partitions": 0,"HashAgg Batches": 1,"Peak Memory Usage": 4497,"Disk Usage": 0,"Plans": [{"Node Type": "Bitmap Heap Scan","Parent Relationship": "Outer","Parallel Aware": false,"Async Capable": false,"Relation Name": "lineitem","Alias": "lineitem_1","Startup Cost": 6044.13,"Total Cost": 122076.45,"Plan Rows": 235288,"Plan Width": 16,"Actual Startup Time": 49.284,"Actual Total Time": 665.852,"Actual Rows": 228512,"Actual Loops": 1,"Recheck Cond": "((l_shipdate >= '1993-03-01'::date) AND (l_shipdate < '1993-06-01 00:00:00'::timestamp without time zone))","Rows Removed by Index Recheck": 0,"Exact Heap Blocks": 66961,"Lossy Heap Blocks": 0,"Plans": [{"Node Type": "Bitmap Index Scan","Parent Relationship": "Outer","Parallel Aware": false,"Async Capable": false,"Index Name": "idx_lineitem_shipdate","Startup Cost": 0.00,"Total Cost": 5985.31,"Plan Rows": 235288,"Plan Width": 0,"Actual Startup Time": 35.887,"Actual Total Time": 35.889,"Actual Rows": 228512,"Actual Loops": 1,"Index Cond": "((l_shipdate >= '1993-03-01'::date) AND (l_shipdate < '1993-06-01 00:00:00'::timestamp without time zone))"}]}]}]},{"Node Type": "Index Scan","Parent Relationship": "Outer","Parallel Aware": false,"Async Capable": false,"Scan Direction": "Forward","Index Name": "supplier_pkey","Relation Name": "supplier","Alias": "supplier","Startup Cost": 0.29,"Total Cost": 495.43,"Plan Rows": 10000,"Plan Width": 71,"Actual Startup Time": 0.092,"Actual Total Time": 11.430,"Actual Rows": 7478,"Actual Loops": 1},{"Node Type": "Sort","Parent Relationship": "Inner","Parallel Aware": false,"Async Capable": false,"Startup Cost": 124581.35,"Total Cost": 124581.47,"Plan Rows": 50,"Plan Width": 36,"Actual Startup Time": 1917.596,"Actual Total Time": 1917.609,"Actual Rows": 1,"Actual Loops": 1,"Sort Key": ["revenue0.supplier_no"],"Sort Method": "quicksort","Sort Space Used": 25,"Sort Space Type": "Memory","Plans": [{"Node Type": "Subquery Scan","Parent Relationship": "Outer","Parallel Aware": false,"Async Capable": false,"Alias": "revenue0","Startup Cost": 124429.33,"Total Cost": 124579.94,"Plan Rows": 50,"Plan Width": 36,"Actual Startup Time": 1912.416,"Actual Total Time": 1917.562,"Actual Rows": 1,"Actual Loops": 1,"Plans": [{"Node Type": "Aggregate","Strategy": "Hashed","Partial Mode": "Simple","Parent Relationship": "Subquery","Parallel Aware": false,"Async Capable": false,"Startup Cost": 124429.33,"Total Cost": 124579.44,"Plan Rows": 50,"Plan Width": 36,"Actual Startup Time": 1912.411,"Actual Total Time": 1917.553,"Actual Rows": 1,"Actual Loops": 1,"Group Key": ["lineitem.l_suppkey"],"Filter": "(sum((lineitem.l_extendedprice * ('1'::numeric - lineitem.l_discount))) = $0)","Planned Partitions": 0,"HashAgg Batches": 1,"Peak Memory Usage": 4497,"Disk Usage": 0,"Rows Removed by Filter": 9999,"Plans": [{"Node Type": "Bitmap Heap Scan","Parent Relationship": "Outer","Parallel Aware": false,"Async Capable": false,"Relation Name": "lineitem","Alias": "lineitem","Startup Cost": 6044.13,"Total Cost": 122076.45,"Plan Rows": 235288,"Plan Width": 16,"Actual Startup Time": 49.634,"Actual Total Time": 880.645,"Actual Rows": 228512,"Actual Loops": 1,"Recheck Cond": "((l_shipdate >= '1993-03-01'::date) AND (l_shipdate < '1993-06-01 00:00:00'::timestamp without time zone))","Rows Removed by Index Recheck": 0,"Exact Heap Blocks": 66961,"Lossy Heap Blocks": 0,"Plans": [{"Node Type": "Bitmap Index Scan","Parent Relationship": "Outer","Parallel Aware": false,"Async Capable": false,"Index Name": "idx_lineitem_shipdate","Startup Cost": 0.00,"Total Cost": 5985.31,"Plan Rows": 235288,"Plan Width": 0,"Actual Startup Time": 36.198,"Actual Total Time": 36.201,"Actual Rows": 228512,"Actual Loops": 1,"Index Cond": "((l_shipdate >= '1993-03-01'::date) AND (l_shipdate < '1993-06-01 00:00:00'::timestamp without time zone))"}]}]}]}]}]},"Planning Time": 3.978,"Triggers": [],"Execution Time": 1932.775}]
[{"Plan": {"Node Type": "Merge Join","Parallel Aware": false,"Async Capable": false,"Join Type": "Inner","Startup Cost": 250128.21,"Total Cost": 250649.11,"Plan Rows": 50,"Plan Width": 103,"Actual Startup Time": 2022.562,"Actual Total Time": 2022.614,"Actual Rows": 1,"Actual Loops": 1,"Inner Unique": true,"Merge Cond": "(supplier.s_suppkey = revenue0.supplier_no)","Plans": [{"Node Type": "Aggregate","Strategy": "Plain","Partial Mode": "Simple","Parent Relationship": "InitPlan","Subplan Name": "InitPlan 1 (returns $0)","Parallel Aware": false,"Async Capable": false,"Startup Cost": 125113.04,"Total Cost": 125113.05,"Plan Rows": 1,"Plan Width": 32,"Actual Startup Time": 928.683,"Actual Total Time": 928.707,"Actual Rows": 1,"Actual Loops": 1,"Plans": [{"Node Type": "Aggregate","Strategy": "Hashed","Partial Mode": "Simple","Parent Relationship": "Outer","Parallel Aware": false,"Async Capable": false,"Startup Cost": 124862.86,"Total Cost": 124987.95,"Plan Rows": 10007,"Plan Width": 36,"Actual Startup Time": 922.246,"Actual Total Time": 928.037,"Actual Rows": 10000,"Actual Loops": 1,"Group Key": ["lineitem_1.l_suppkey"],"Planned Partitions": 0,"HashAgg Batches": 1,"Peak Memory Usage": 4497,"Disk Usage": 0,"Plans": [{"Node Type": "Bitmap Heap Scan","Parent Relationship": "Outer","Parallel Aware": false,"Async Capable": false,"Relation Name": "lineitem","Alias": "lineitem_1","Startup Cost": 6263.81,"Total Cost": 122424.44,"Plan Rows": 243842,"Plan Width": 16,"Actual Startup Time": 48.690,"Actual Total Time": 710.961,"Actual Rows": 231712,"Actual Loops": 1,"Recheck Cond": "((l_shipdate >= '1995-03-01'::date) AND (l_shipdate < '1995-06-01 00:00:00'::timestamp without time zone))","Rows Removed by Index Recheck": 0,"Exact Heap Blocks": 67567,"Lossy Heap Blocks": 0,"Plans": [{"Node Type": "Bitmap Index Scan","Parent Relationship": "Outer","Parallel Aware": false,"Async Capable": false,"Index Name": "idx_lineitem_shipdate","Startup Cost": 0.00,"Total Cost": 6202.85,"Plan Rows": 243842,"Plan Width": 0,"Actual Startup Time": 35.293,"Actual Total Time": 35.308,"Actual Rows": 231712,"Actual Loops": 1,"Index Cond": "((l_shipdate >= '1995-03-01'::date) AND (l_shipdate < '1995-06-01 00:00:00'::timestamp without time zone))"}]}]}]},{"Node Type": "Index Scan","Parent Relationship": "Outer","Parallel Aware": false,"Async Capable": false,"Scan Direction": "Forward","Index Name": "supplier_pkey","Relation Name": "supplier","Alias": "supplier","Startup Cost": 0.29,"Total Cost": 495.43,"Plan Rows": 10000,"Plan Width": 71,"Actual Startup Time": 0.085,"Actual Total Time": 4.032,"Actual Rows": 2389,"Actual Loops": 1},{"Node Type": "Sort","Parent Relationship": "Inner","Parallel Aware": false,"Async Capable": false,"Startup Cost": 125014.88,"Total Cost": 125015.00,"Plan Rows": 50,"Plan Width": 36,"Actual Startup Time": 2018.326,"Actual Total Time": 2018.343,"Actual Rows": 1,"Actual Loops": 1,"Sort Key": ["revenue0.supplier_no"],"Sort Method": "quicksort","Sort Space Used": 25,"Sort Space Type": "Memory","Plans": [{"Node Type": "Subquery Scan","Parent Relationship": "Outer","Parallel Aware": false,"Async Capable": false,"Alias": "revenue0","Startup Cost": 124862.86,"Total Cost": 125013.47,"Plan Rows": 50,"Plan Width": 36,"Actual Startup Time": 2012.310,"Actual Total Time": 2018.289,"Actual Rows": 1,"Actual Loops": 1,"Plans": [{"Node Type": "Aggregate","Strategy": "Hashed","Partial Mode": "Simple","Parent Relationship": "Subquery","Parallel Aware": false,"Async Capable": false,"Startup Cost": 124862.86,"Total Cost": 125012.97,"Plan Rows": 50,"Plan Width": 36,"Actual Startup Time": 2012.297,"Actual Total Time": 2018.253,"Actual Rows": 1,"Actual Loops": 1,"Group Key": ["lineitem.l_suppkey"],"Filter": "(sum((lineitem.l_extendedprice * ('1'::numeric - lineitem.l_discount))) = $0)","Planned Partitions": 0,"HashAgg Batches": 1,"Peak Memory Usage": 4497,"Disk Usage": 0,"Rows Removed by Filter": 9999,"Plans": [{"Node Type": "Bitmap Heap Scan","Parent Relationship": "Outer","Parallel Aware": false,"Async Capable": false,"Relation Name": "lineitem","Alias": "lineitem","Startup Cost": 6263.81,"Total Cost": 122424.44,"Plan Rows": 243842,"Plan Width": 16,"Actual Startup Time": 47.520,"Actual Total Time": 900.245,"Actual Rows": 231712,"Actual Loops": 1,"Recheck Cond": "((l_shipdate >= '1995-03-01'::date) AND (l_shipdate < '1995-06-01 00:00:00'::timestamp without time zone))","Rows Removed by Index Recheck": 0,"Exact Heap Blocks": 67567,"Lossy Heap Blocks": 0,"Plans": [{"Node Type": "Bitmap Index Scan","Parent Relationship": "Outer","Parallel Aware": false,"Async Capable": false,"Index Name": "idx_lineitem_shipdate","Startup Cost": 0.00,"Total Cost": 6202.85,"Plan Rows": 243842,"Plan Width": 0,"Actual Startup Time": 34.598,"Actual Total Time": 34.600,"Actual Rows": 231712,"Actual Loops": 1,"Index Cond": "((l_shipdate >= '1995-03-01'::date) AND (l_shipdate < '1995-06-01 00:00:00'::timestamp without time zone))"}]}]}]}]}]},"Planning Time": 4.581,"Triggers": [],"Execution Time": 2027.411}]
[{"Plan": {"Node Type": "Merge Join","Parallel Aware": false,"Async Capable": false,"Join Type": "Inner","Startup Cost": 249457.74,"Total Cost": 249978.63,"Plan Rows": 50,"Plan Width": 103,"Actual Startup Time": 2127.109,"Actual Total Time": 2127.171,"Actual Rows": 1,"Actual Loops": 1,"Inner Unique": true,"Merge Cond": "(supplier.s_suppkey = revenue0.supplier_no)","Plans": [{"Node Type": "Aggregate","Strategy": "Plain","Partial Mode": "Simple","Parent Relationship": "InitPlan","Subplan Name": "InitPlan 1 (returns $0)","Parallel Aware": false,"Async Capable": false,"Startup Cost": 124777.80,"Total Cost": 124777.81,"Plan Rows": 1,"Plan Width": 32,"Actual Startup Time": 997.906,"Actual Total Time": 997.926,"Actual Rows": 1,"Actual Loops": 1,"Plans": [{"Node Type": "Aggregate","Strategy": "Hashed","Partial Mode": "Simple","Parent Relationship": "Outer","Parallel Aware": false,"Async Capable": false,"Startup Cost": 124527.62,"Total Cost": 124652.71,"Plan Rows": 10007,"Plan Width": 36,"Actual Startup Time": 989.617,"Actual Total Time": 997.244,"Actual Rows": 10000,"Actual Loops": 1,"Group Key": ["lineitem_1.l_suppkey"],"Planned Partitions": 0,"HashAgg Batches": 1,"Peak Memory Usage": 4497,"Disk Usage": 0,"Plans": [{"Node Type": "Bitmap Heap Scan","Parent Relationship": "Outer","Parallel Aware": false,"Async Capable": false,"Relation Name": "lineitem","Alias": "lineitem_1","Startup Cost": 6092.57,"Total Cost": 122154.80,"Plan Rows": 237282,"Plan Width": 16,"Actual Startup Time": 59.269,"Actual Total Time": 782.096,"Actual Rows": 230274,"Actual Loops": 1,"Recheck Cond": "((l_shipdate >= '1997-07-01'::date) AND (l_shipdate < '1997-10-01 00:00:00'::timestamp without time zone))","Rows Removed by Index Recheck": 0,"Exact Heap Blocks": 67274,"Lossy Heap Blocks": 0,"Plans": [{"Node Type": "Bitmap Index Scan","Parent Relationship": "Outer","Parallel Aware": false,"Async Capable": false,"Index Name": "idx_lineitem_shipdate","Startup Cost": 0.00,"Total Cost": 6033.25,"Plan Rows": 237282,"Plan Width": 0,"Actual Startup Time": 45.354,"Actual Total Time": 45.368,"Actual Rows": 230274,"Actual Loops": 1,"Index Cond": "((l_shipdate >= '1997-07-01'::date) AND (l_shipdate < '1997-10-01 00:00:00'::timestamp without time zone))"}]}]}]},{"Node Type": "Index Scan","Parent Relationship": "Outer","Parallel Aware": false,"Async Capable": false,"Scan Direction": "Forward","Index Name": "supplier_pkey","Relation Name": "supplier","Alias": "supplier","Startup Cost": 0.29,"Total Cost": 495.43,"Plan Rows": 10000,"Plan Width": 71,"Actual Startup Time": 0.082,"Actual Total Time": 9.953,"Actual Rows": 5903,"Actual Loops": 1},{"Node Type": "Sort","Parent Relationship": "Inner","Parallel Aware": false,"Async Capable": false,"Startup Cost": 124679.64,"Total Cost": 124679.77,"Plan Rows": 50,"Plan Width": 36,"Actual Startup Time": 2116.784,"Actual Total Time": 2116.821,"Actual Rows": 1,"Actual Loops": 1,"Sort Key": ["revenue0.supplier_no"],"Sort Method": "quicksort","Sort Space Used": 25,"Sort Space Type": "Memory","Plans": [{"Node Type": "Subquery Scan","Parent Relationship": "Outer","Parallel Aware": false,"Async Capable": false,"Alias": "revenue0","Startup Cost": 124527.62,"Total Cost": 124678.23,"Plan Rows": 50,"Plan Width": 36,"Actual Startup Time": 2113.870,"Actual Total Time": 2116.736,"Actual Rows": 1,"Actual Loops": 1,"Plans": [{"Node Type": "Aggregate","Strategy": "Hashed","Partial Mode": "Simple","Parent Relationship": "Subquery","Parallel Aware": false,"Async Capable": false,"Startup Cost": 124527.62,"Total Cost": 124677.73,"Plan Rows": 50,"Plan Width": 36,"Actual Startup Time": 2113.854,"Actual Total Time": 2116.701,"Actual Rows": 1,"Actual Loops": 1,"Group Key": ["lineitem.l_suppkey"],"Filter": "(sum((lineitem.l_extendedprice * ('1'::numeric - lineitem.l_discount))) = $0)","Planned Partitions": 0,"HashAgg Batches": 1,"Peak Memory Usage": 4497,"Disk Usage": 0,"Rows Removed by Filter": 9999,"Plans": [{"Node Type": "Bitmap Heap Scan","Parent Relationship": "Outer","Parallel Aware": false,"Async Capable": false,"Relation Name": "lineitem","Alias": "lineitem","Startup Cost": 6092.57,"Total Cost": 122154.80,"Plan Rows": 237282,"Plan Width": 16,"Actual Startup Time": 54.610,"Actual Total Time": 936.260,"Actual Rows": 230274,"Actual Loops": 1,"Recheck Cond": "((l_shipdate >= '1997-07-01'::date) AND (l_shipdate < '1997-10-01 00:00:00'::timestamp without time zone))","Rows Removed by Index Recheck": 0,"Exact Heap Blocks": 67274,"Lossy Heap Blocks": 0,"Plans": [{"Node Type": "Bitmap Index Scan","Parent Relationship": "Outer","Parallel Aware": false,"Async Capable": false,"Index Name": "idx_lineitem_shipdate","Startup Cost": 0.00,"Total Cost": 6033.25,"Plan Rows": 237282,"Plan Width": 0,"Actual Startup Time": 40.982,"Actual Total Time": 41.009,"Actual Rows": 230274,"Actual Loops": 1,"Index Cond": "((l_shipdate >= '1997-07-01'::date) AND (l_shipdate < '1997-10-01 00:00:00'::timestamp without time zone))"}]}]}]}]}]},"Planning Time": 4.364,"Triggers": [],"Execution Time": 2132.001}]
[{"Plan": {"Node Type": "Merge Join","Parallel Aware": false,"Async Capable": false,"Join Type": "Inner","Startup Cost": 248524.21,"Total Cost": 249045.10,"Plan Rows": 50,"Plan Width": 103,"Actual Startup Time": 2079.423,"Actual Total Time": 2079.492,"Actual Rows": 1,"Actual Loops": 1,"Inner Unique": true,"Merge Cond": "(supplier.s_suppkey = revenue0.supplier_no)","Plans": [{"Node Type": "Aggregate","Strategy": "Plain","Partial Mode": "Simple","Parent Relationship": "InitPlan","Subplan Name": "InitPlan 1 (returns $0)","Parallel Aware": false,"Async Capable": false,"Startup Cost": 124311.04,"Total Cost": 124311.05,"Plan Rows": 1,"Plan Width": 32,"Actual Startup Time": 980.693,"Actual Total Time": 980.722,"Actual Rows": 1,"Actual Loops": 1,"Plans": [{"Node Type": "Aggregate","Strategy": "Hashed","Partial Mode": "Simple","Parent Relationship": "Outer","Parallel Aware": false,"Async Capable": false,"Startup Cost": 124060.86,"Total Cost": 124185.95,"Plan Rows": 10007,"Plan Width": 36,"Actual Startup Time": 972.593,"Actual Total Time": 980.068,"Actual Rows": 10000,"Actual Loops": 1,"Group Key": ["lineitem_1.l_suppkey"],"Planned Partitions": 0,"HashAgg Batches": 1,"Peak Memory Usage": 4497,"Disk Usage": 0,"Plans": [{"Node Type": "Bitmap Heap Scan","Parent Relationship": "Outer","Parallel Aware": false,"Async Capable": false,"Relation Name": "lineitem","Alias": "lineitem_1","Startup Cost": 5725.29,"Total Cost": 121831.73,"Plan Rows": 222913,"Plan Width": 16,"Actual Startup Time": 57.312,"Actual Total Time": 766.290,"Actual Rows": 222566,"Actual Loops": 1,"Recheck Cond": "((l_shipdate >= '1994-02-01'::date) AND (l_shipdate < '1994-05-01 00:00:00'::timestamp without time zone))","Rows Removed by Index Recheck": 0,"Exact Heap Blocks": 66315,"Lossy Heap Blocks": 0,"Plans": [{"Node Type": "Bitmap Index Scan","Parent Relationship": "Outer","Parallel Aware": false,"Async Capable": false,"Index Name": "idx_lineitem_shipdate","Startup Cost": 0.00,"Total Cost": 5669.56,"Plan Rows": 222913,"Plan Width": 0,"Actual Startup Time": 43.664,"Actual Total Time": 43.688,"Actual Rows": 222566,"Actual Loops": 1,"Index Cond": "((l_shipdate >= '1994-02-01'::date) AND (l_shipdate < '1994-05-01 00:00:00'::timestamp without time zone))"}]}]}]},{"Node Type": "Index Scan","Parent Relationship": "Outer","Parallel Aware": false,"Async Capable": false,"Scan Direction": "Forward","Index Name": "supplier_pkey","Relation Name": "supplier","Alias": "supplier","Startup Cost": 0.29,"Total Cost": 495.43,"Plan Rows": 10000,"Plan Width": 71,"Actual Startup Time": 0.097,"Actual Total Time": 2.547,"Actual Rows": 1344,"Actual Loops": 1},{"Node Type": "Sort","Parent Relationship": "Inner","Parallel Aware": false,"Async Capable": false,"Startup Cost": 124212.88,"Total Cost": 124213.00,"Plan Rows": 50,"Plan Width": 36,"Actual Startup Time": 2076.735,"Actual Total Time": 2076.768,"Actual Rows": 1,"Actual Loops": 1,"Sort Key": ["revenue0.supplier_no"],"Sort Method": "quicksort","Sort Space Used": 25,"Sort Space Type": "Memory","Plans": [{"Node Type": "Subquery Scan","Parent Relationship": "Outer","Parallel Aware": false,"Async Capable": false,"Alias": "revenue0","Startup Cost": 124060.86,"Total Cost": 124211.47,"Plan Rows": 50,"Plan Width": 36,"Actual Startup Time": 2071.927,"Actual Total Time": 2076.661,"Actual Rows": 1,"Actual Loops": 1,"Plans": [{"Node Type": "Aggregate","Strategy": "Hashed","Partial Mode": "Simple","Parent Relationship": "Subquery","Parallel Aware": false,"Async Capable": false,"Startup Cost": 124060.86,"Total Cost": 124210.97,"Plan Rows": 50,"Plan Width": 36,"Actual Startup Time": 2071.917,"Actual Total Time": 2076.627,"Actual Rows": 1,"Actual Loops": 1,"Group Key": ["lineitem.l_suppkey"],"Filter": "(sum((lineitem.l_extendedprice * ('1'::numeric - lineitem.l_discount))) = $0)","Planned Partitions": 0,"HashAgg Batches": 1,"Peak Memory Usage": 4497,"Disk Usage": 0,"Rows Removed by Filter": 9999,"Plans": [{"Node Type": "Bitmap Heap Scan","Parent Relationship": "Outer","Parallel Aware": false,"Async Capable": false,"Relation Name": "lineitem","Alias": "lineitem","Startup Cost": 5725.29,"Total Cost": 121831.73,"Plan Rows": 222913,"Plan Width": 16,"Actual Startup Time": 54.472,"Actual Total Time": 918.417,"Actual Rows": 222566,"Actual Loops": 1,"Recheck Cond": "((l_shipdate >= '1994-02-01'::date) AND (l_shipdate < '1994-05-01 00:00:00'::timestamp without time zone))","Rows Removed by Index Recheck": 0,"Exact Heap Blocks": 66315,"Lossy Heap Blocks": 0,"Plans": [{"Node Type": "Bitmap Index Scan","Parent Relationship": "Outer","Parallel Aware": false,"Async Capable": false,"Index Name": "idx_lineitem_shipdate","Startup Cost": 0.00,"Total Cost": 5669.56,"Plan Rows": 222913,"Plan Width": 0,"Actual Startup Time": 40.835,"Actual Total Time": 40.850,"Actual Rows": 222566,"Actual Loops": 1,"Index Cond": "((l_shipdate >= '1994-02-01'::date) AND (l_shipdate < '1994-05-01 00:00:00'::timestamp without time zone))"}]}]}]}]}]},"Planning Time": 4.834,"Triggers": [],"Execution Time": 2084.411}]
[{"Plan": {"Node Type": "Merge Join","Parallel Aware": false,"Async Capable": false,"Join Type": "Inner","Startup Cost": 248716.76,"Total Cost": 249237.66,"Plan Rows": 50,"Plan Width": 103,"Actual Startup Time": 1990.692,"Actual Total Time": 1990.747,"Actual Rows": 1,"Actual Loops": 1,"Inner Unique": true,"Merge Cond": "(supplier.s_suppkey = revenue0.supplier_no)","Plans": [{"Node Type": "Aggregate","Strategy": "Plain","Partial Mode": "Simple","Parent Relationship": "InitPlan","Subplan Name": "InitPlan 1 (returns $0)","Parallel Aware": false,"Async Capable": false,"Startup Cost": 124407.31,"Total Cost": 124407.32,"Plan Rows": 1,"Plan Width": 32,"Actual Startup Time": 912.658,"Actual Total Time": 912.682,"Actual Rows": 1,"Actual Loops": 1,"Plans": [{"Node Type": "Aggregate","Strategy": "Hashed","Partial Mode": "Simple","Parent Relationship": "Outer","Parallel Aware": false,"Async Capable": false,"Startup Cost": 124157.14,"Total Cost": 124282.22,"Plan Rows": 10007,"Plan Width": 36,"Actual Startup Time": 906.053,"Actual Total Time": 912.012,"Actual Rows": 10000,"Actual Loops": 1,"Group Key": ["lineitem_1.l_suppkey"],"Planned Partitions": 0,"HashAgg Batches": 1,"Peak Memory Usage": 4497,"Disk Usage": 0,"Plans": [{"Node Type": "Bitmap Heap Scan","Parent Relationship": "Outer","Parallel Aware": false,"Async Capable": false,"Relation Name": "lineitem","Alias": "lineitem_1","Startup Cost": 5905.41,"Total Cost": 121857.64,"Plan Rows": 229949,"Plan Width": 16,"Actual Startup Time": 50.167,"Actual Total Time": 694.084,"Actual Rows": 228979,"Actual Loops": 1,"Recheck Cond": "((l_shipdate >= '1995-04-01'::date) AND (l_shipdate < '1995-07-01 00:00:00'::timestamp without time zone))","Rows Removed by Index Recheck": 0,"Exact Heap Blocks": 67322,"Lossy Heap Blocks": 0,"Plans": [{"Node Type": "Bitmap Index Scan","Parent Relationship": "Outer","Parallel Aware": false,"Async Capable": false,"Index Name": "idx_lineitem_shipdate","Startup Cost": 0.00,"Total Cost": 5847.92,"Plan Rows": 229949,"Plan Width": 0,"Actual Startup Time": 36.579,"Actual Total Time": 36.594,"Actual Rows": 228979,"Actual Loops": 1,"Index Cond": "((l_shipdate >= '1995-04-01'::date) AND (l_shipdate < '1995-07-01 00:00:00'::timestamp without time zone))"}]}]}]},{"Node Type": "Index Scan","Parent Relationship": "Outer","Parallel Aware": false,"Async Capable": false,"Scan Direction": "Forward","Index Name": "supplier_pkey","Relation Name": "supplier","Alias": "supplier","Startup Cost": 0.29,"Total Cost": 495.43,"Plan Rows": 10000,"Plan Width": 71,"Actual Startup Time": 0.097,"Actual Total Time": 1.843,"Actual Rows": 983,"Actual Loops": 1},{"Node Type": "Sort","Parent Relationship": "Inner","Parallel Aware": false,"Async Capable": false,"Startup Cost": 124309.15,"Total Cost": 124309.28,"Plan Rows": 50,"Plan Width": 36,"Actual Startup Time": 1988.729,"Actual Total Time": 1988.742,"Actual Rows": 1,"Actual Loops": 1,"Sort Key": ["revenue0.supplier_no"],"Sort Method": "quicksort","Sort Space Used": 25,"Sort Space Type": "Memory","Plans": [{"Node Type": "Subquery Scan","Parent Relationship": "Outer","Parallel Aware": false,"Async Capable": false,"Alias": "revenue0","Startup Cost": 124157.14,"Total Cost": 124307.74,"Plan Rows": 50,"Plan Width": 36,"Actual Startup Time": 1987.287,"Actual Total Time": 1988.674,"Actual Rows": 1,"Actual Loops": 1,"Plans": [{"Node Type": "Aggregate","Strategy": "Hashed","Partial Mode": "Simple","Parent Relationship": "Subquery","Parallel Aware": false,"Async Capable": false,"Startup Cost": 124157.14,"Total Cost": 124307.24,"Plan Rows": 50,"Plan Width": 36,"Actual Startup Time": 1987.273,"Actual Total Time": 1988.637,"Actual Rows": 1,"Actual Loops": 1,"Group Key": ["lineitem.l_suppkey"],"Filter": "(sum((lineitem.l_extendedprice * ('1'::numeric - lineitem.l_discount))) = $0)","Planned Partitions": 0,"HashAgg Batches": 1,"Peak Memory Usage": 4497,"Disk Usage": 0,"Rows Removed by Filter": 9999,"Plans": [{"Node Type": "Bitmap Heap Scan","Parent Relationship": "Outer","Parallel Aware": false,"Async Capable": false,"Relation Name": "lineitem","Alias": "lineitem","Startup Cost": 5905.41,"Total Cost": 121857.64,"Plan Rows": 229949,"Plan Width": 16,"Actual Startup Time": 50.252,"Actual Total Time": 888.847,"Actual Rows": 228979,"Actual Loops": 1,"Recheck Cond": "((l_shipdate >= '1995-04-01'::date) AND (l_shipdate < '1995-07-01 00:00:00'::timestamp without time zone))","Rows Removed by Index Recheck": 0,"Exact Heap Blocks": 67322,"Lossy Heap Blocks": 0,"Plans": [{"Node Type": "Bitmap Index Scan","Parent Relationship": "Outer","Parallel Aware": false,"Async Capable": false,"Index Name": "idx_lineitem_shipdate","Startup Cost": 0.00,"Total Cost": 5847.92,"Plan Rows": 229949,"Plan Width": 0,"Actual Startup Time": 36.820,"Actual Total Time": 36.820,"Actual Rows": 228979,"Actual Loops": 1,"Index Cond": "((l_shipdate >= '1995-04-01'::date) AND (l_shipdate < '1995-07-01 00:00:00'::timestamp without time zone))"}]}]}]}]}]},"Planning Time": 4.044,"Triggers": [],"Execution Time": 1996.677}]
[{"Plan": {"Node Type": "Merge Join","Parallel Aware": false,"Async Capable": false,"Join Type": "Inner","Startup Cost": 248612.43,"Total Cost": 249133.33,"Plan Rows": 50,"Plan Width": 103,"Actual Startup Time": 2128.903,"Actual Total Time": 2128.970,"Actual Rows": 1,"Actual Loops": 1,"Inner Unique": true,"Merge Cond": "(supplier.s_suppkey = revenue0.supplier_no)","Plans": [{"Node Type": "Aggregate","Strategy": "Plain","Partial Mode": "Simple","Parent Relationship": "InitPlan","Subplan Name": "InitPlan 1 (returns $0)","Parallel Aware": false,"Async Capable": false,"Startup Cost": 124355.15,"Total Cost": 124355.16,"Plan Rows": 1,"Plan Width": 32,"Actual Startup Time": 997.040,"Actual Total Time": 997.066,"Actual Rows": 1,"Actual Loops": 1,"Plans": [{"Node Type": "Aggregate","Strategy": "Hashed","Partial Mode": "Simple","Parent Relationship": "Outer","Parallel Aware": false,"Async Capable": false,"Startup Cost": 124104.97,"Total Cost": 124230.06,"Plan Rows": 10007,"Plan Width": 36,"Actual Startup Time": 989.503,"Actual Total Time": 996.378,"Actual Rows": 10000,"Actual Loops": 1,"Group Key": ["lineitem_1.l_suppkey"],"Planned Partitions": 0,"HashAgg Batches": 1,"Peak Memory Usage": 4497,"Disk Usage": 0,"Plans": [{"Node Type": "Bitmap Heap Scan","Parent Relationship": "Outer","Parallel Aware": false,"Async Capable": false,"Relation Name": "lineitem","Alias": "lineitem_1","Startup Cost": 5878.89,"Total Cost": 121815.74,"Plan Rows": 228923,"Plan Width": 16,"Actual Startup Time": 65.977,"Actual Total Time": 786.278,"Actual Rows": 230590,"Actual Loops": 1,"Recheck Cond": "((l_shipdate >= '1996-08-01'::date) AND (l_shipdate < '1996-11-01 00:00:00'::timestamp without time zone))","Rows Removed by Index Recheck": 0,"Exact Heap Blocks": 67243,"Lossy Heap Blocks": 0,"Plans": [{"Node Type": "Bitmap Index Scan","Parent Relationship": "Outer","Parallel Aware": false,"Async Capable": false,"Index Name": "idx_lineitem_shipdate","Startup Cost": 0.00,"Total Cost": 5821.66,"Plan Rows": 228923,"Plan Width": 0,"Actual Startup Time": 52.072,"Actual Total Time": 52.087,"Actual Rows": 230590,"Actual Loops": 1,"Index Cond": "((l_shipdate >= '1996-08-01'::date) AND (l_shipdate < '1996-11-01 00:00:00'::timestamp without time zone))"}]}]}]},{"Node Type": "Index Scan","Parent Relationship": "Outer","Parallel Aware": false,"Async Capable": false,"Scan Direction": "Forward","Index Name": "supplier_pkey","Relation Name": "supplier","Alias": "supplier","Startup Cost": 0.29,"Total Cost": 495.43,"Plan Rows": 10000,"Plan Width": 71,"Actual Startup Time": 0.125,"Actual Total Time": 9.409,"Actual Rows": 5473,"Actual Loops": 1},{"Node Type": "Sort","Parent Relationship": "Inner","Parallel Aware": false,"Async Capable": false,"Startup Cost": 124256.99,"Total Cost": 124257.11,"Plan Rows": 50,"Plan Width": 36,"Actual Startup Time": 2119.130,"Actual Total Time": 2119.154,"Actual Rows": 1,"Actual Loops": 1,"Sort Key": ["revenue0.supplier_no"],"Sort Method": "quicksort","Sort Space Used": 25,"Sort Space Type": "Memory","Plans": [{"Node Type": "Subquery Scan","Parent Relationship": "Outer","Parallel Aware": false,"Async Capable": false,"Alias": "revenue0","Startup Cost": 124104.97,"Total Cost": 124255.58,"Plan Rows": 50,"Plan Width": 36,"Actual Startup Time": 2117.072,"Actual Total Time": 2119.050,"Actual Rows": 1,"Actual Loops": 1,"Plans": [{"Node Type": "Aggregate","Strategy": "Hashed","Partial Mode": "Simple","Parent Relationship": "Subquery","Parallel Aware": false,"Async Capable": false,"Startup Cost": 124104.97,"Total Cost": 124255.08,"Plan Rows": 50,"Plan Width": 36,"Actual Startup Time": 2117.050,"Actual Total Time": 2118.993,"Actual Rows": 1,"Actual Loops": 1,"Group Key": ["lineitem.l_suppkey"],"Filter": "(sum((lineitem.l_extendedprice * ('1'::numeric - lineitem.l_discount))) = $0)","Planned Partitions": 0,"HashAgg Batches": 1,"Peak Memory Usage": 4497,"Disk Usage": 0,"Rows Removed by Filter": 9999,"Plans": [{"Node Type": "Bitmap Heap Scan","Parent Relationship": "Outer","Parallel Aware": false,"Async Capable": false,"Relation Name": "lineitem","Alias": "lineitem","Startup Cost": 5878.89,"Total Cost": 121815.74,"Plan Rows": 228923,"Plan Width": 16,"Actual Startup Time": 62.576,"Actual Total Time": 942.310,"Actual Rows": 230590,"Actual Loops": 1,"Recheck Cond": "((l_shipdate >= '1996-08-01'::date) AND (l_shipdate < '1996-11-01 00:00:00'::timestamp without time zone))","Rows Removed by Index Recheck": 0,"Exact Heap Blocks": 67243,"Lossy Heap Blocks": 0,"Plans": [{"Node Type": "Bitmap Index Scan","Parent Relationship": "Outer","Parallel Aware": false,"Async Capable": false,"Index Name": "idx_lineitem_shipdate","Startup Cost": 0.00,"Total Cost": 5821.66,"Plan Rows": 228923,"Plan Width": 0,"Actual Startup Time": 48.784,"Actual Total Time": 48.785,"Actual Rows": 230590,"Actual Loops": 1,"Index Cond": "((l_shipdate >= '1996-08-01'::date) AND (l_shipdate < '1996-11-01 00:00:00'::timestamp without time zone))"}]}]}]}]}]},"Planning Time": 4.845,"Triggers": [],"Execution Time": 2134.422}]
[{"Plan": {"Node Type": "Merge Join","Parallel Aware": false,"Async Capable": false,"Join Type": "Inner","Startup Cost": 248249.45,"Total Cost": 248770.35,"Plan Rows": 50,"Plan Width": 103,"Actual Startup Time": 1933.210,"Actual Total Time": 1933.238,"Actual Rows": 1,"Actual Loops": 1,"Inner Unique": true,"Merge Cond": "(supplier.s_suppkey = revenue0.supplier_no)","Plans": [{"Node Type": "Aggregate","Strategy": "Plain","Partial Mode": "Simple","Parent Relationship": "InitPlan","Subplan Name": "InitPlan 1 (returns $0)","Parallel Aware": false,"Async Capable": false,"Startup Cost": 124173.66,"Total Cost": 124173.67,"Plan Rows": 1,"Plan Width": 32,"Actual Startup Time": 840.754,"Actual Total Time": 840.766,"Actual Rows": 1,"Actual Loops": 1,"Plans": [{"Node Type": "Aggregate","Strategy": "Hashed","Partial Mode": "Simple","Parent Relationship": "Outer","Parallel Aware": false,"Async Capable": false,"Startup Cost": 123923.48,"Total Cost": 124048.57,"Plan Rows": 10007,"Plan Width": 36,"Actual Startup Time": 831.124,"Actual Total Time": 840.175,"Actual Rows": 10000,"Actual Loops": 1,"Group Key": ["lineitem_1.l_suppkey"],"Planned Partitions": 0,"HashAgg Batches": 1,"Peak Memory Usage": 4497,"Disk Usage": 0,"Plans": [{"Node Type": "Bitmap Heap Scan","Parent Relationship": "Outer","Parallel Aware": false,"Async Capable": false,"Relation Name": "lineitem","Alias": "lineitem_1","Startup Cost": 5786.40,"Total Cost": 121669.85,"Plan Rows": 225363,"Plan Width": 16,"Actual Startup Time": 50.816,"Actual Total Time": 670.813,"Actual Rows": 229315,"Actual Loops": 1,"Recheck Cond": "((l_shipdate >= '1994-05-01'::date) AND (l_shipdate < '1994-08-01 00:00:00'::timestamp without time zone))","Rows Removed by Index Recheck": 0,"Exact Heap Blocks": 67035,"Lossy Heap Blocks": 0,"Plans": [{"Node Type": "Bitmap Index Scan","Parent Relationship": "Outer","Parallel Aware": false,"Async Capable": false,"Index Name": "idx_lineitem_shipdate","Startup Cost": 0.00,"Total Cost": 5730.06,"Plan Rows": 225363,"Plan Width": 0,"Actual Startup Time": 37.324,"Actual Total Time": 37.329,"Actual Rows": 229315,"Actual Loops": 1,"Index Cond": "((l_shipdate >= '1994-05-01'::date) AND (l_shipdate < '1994-08-01 00:00:00'::timestamp without time zone))"}]}]}]},{"Node Type": "Index Scan","Parent Relationship": "Outer","Parallel Aware": false,"Async Capable": false,"Scan Direction": "Forward","Index Name": "supplier_pkey","Relation Name": "supplier","Alias": "supplier","Startup Cost": 0.29,"Total Cost": 495.43,"Plan Rows": 10000,"Plan Width": 71,"Actual Startup Time": 0.122,"Actual Total Time": 5.559,"Actual Rows": 3302,"Actual Loops": 1},{"Node Type": "Sort","Parent Relationship": "Inner","Parallel Aware": false,"Async Capable": false,"Startup Cost": 124075.50,"Total Cost": 124075.62,"Plan Rows": 50,"Plan Width": 36,"Actual Startup Time": 1927.428,"Actual Total Time": 1927.436,"Actual Rows": 1,"Actual Loops": 1,"Sort Key": ["revenue0.supplier_no"],"Sort Method": "quicksort","Sort Space Used": 25,"Sort Space Type": "Memory","Plans": [{"Node Type": "Subquery Scan","Parent Relationship": "Outer","Parallel Aware": false,"Async Capable": false,"Alias": "revenue0","Startup Cost": 123923.48,"Total Cost": 124074.09,"Plan Rows": 50,"Plan Width": 36,"Actual Startup Time": 1920.770,"Actual Total Time": 1927.389,"Actual Rows": 1,"Actual Loops": 1,"Plans": [{"Node Type": "Aggregate","Strategy": "Hashed","Partial Mode": "Simple","Parent Relationship": "Subquery","Parallel Aware": false,"Async Capable": false,"Startup Cost": 123923.48,"Total Cost": 124073.59,"Plan Rows": 50,"Plan Width": 36,"Actual Startup Time": 1920.765,"Actual Total Time": 1927.379,"Actual Rows": 1,"Actual Loops": 1,"Group Key": ["lineitem.l_suppkey"],"Filter": "(sum((lineitem.l_extendedprice * ('1'::numeric - lineitem.l_discount))) = $0)","Planned Partitions": 0,"HashAgg Batches": 1,"Peak Memory Usage": 4497,"Disk Usage": 0,"Rows Removed by Filter": 9999,"Plans": [{"Node Type": "Bitmap Heap Scan","Parent Relationship": "Outer","Parallel Aware": false,"Async Capable": false,"Relation Name": "lineitem","Alias": "lineitem","Startup Cost": 5786.40,"Total Cost": 121669.85,"Plan Rows": 225363,"Plan Width": 16,"Actual Startup Time": 48.974,"Actual Total Time": 887.234,"Actual Rows": 229315,"Actual Loops": 1,"Recheck Cond": "((l_shipdate >= '1994-05-01'::date) AND (l_shipdate < '1994-08-01 00:00:00'::timestamp without time zone))","Rows Removed by Index Recheck": 0,"Exact Heap Blocks": 67035,"Lossy Heap Blocks": 0,"Plans": [{"Node Type": "Bitmap Index Scan","Parent Relationship": "Outer","Parallel Aware": false,"Async Capable": false,"Index Name": "idx_lineitem_shipdate","Startup Cost": 0.00,"Total Cost": 5730.06,"Plan Rows": 225363,"Plan Width": 0,"Actual Startup Time": 35.843,"Actual Total Time": 35.843,"Actual Rows": 229315,"Actual Loops": 1,"Index Cond": "((l_shipdate >= '1994-05-01'::date) AND (l_shipdate < '1994-08-01 00:00:00'::timestamp without time zone))"}]}]}]}]}]},"Planning Time": 4.354,"Triggers": [],"Execution Time": 1936.888}]
[{"Plan": {"Node Type": "Merge Join","Parallel Aware": false,"Async Capable": false,"Join Type": "Inner","Startup Cost": 250575.74,"Total Cost": 251096.64,"Plan Rows": 50,"Plan Width": 103,"Actual Startup Time": 1927.149,"Actual Total Time": 1927.196,"Actual Rows": 1,"Actual Loops": 1,"Inner Unique": true,"Merge Cond": "(supplier.s_suppkey = revenue0.supplier_no)","Plans": [{"Node Type": "Aggregate","Strategy": "Plain","Partial Mode": "Simple","Parent Relationship": "InitPlan","Subplan Name": "InitPlan 1 (returns $0)","Parallel Aware": false,"Async Capable": false,"Startup Cost": 125336.80,"Total Cost": 125336.81,"Plan Rows": 1,"Plan Width": 32,"Actual Startup Time": 839.260,"Actual Total Time": 839.275,"Actual Rows": 1,"Actual Loops": 1,"Plans": [{"Node Type": "Aggregate","Strategy": "Hashed","Partial Mode": "Simple","Parent Relationship": "Outer","Parallel Aware": false,"Async Capable": false,"Startup Cost": 125086.63,"Total Cost": 125211.72,"Plan Rows": 10007,"Plan Width": 36,"Actual Startup Time": 831.257,"Actual Total Time": 838.688,"Actual Rows": 10000,"Actual Loops": 1,"Group Key": ["lineitem_1.l_suppkey"],"Planned Partitions": 0,"HashAgg Batches": 1,"Peak Memory Usage": 4497,"Disk Usage": 0,"Plans": [{"Node Type": "Bitmap Heap Scan","Parent Relationship": "Outer","Parallel Aware": false,"Async Capable": false,"Relation Name": "lineitem","Alias": "lineitem_1","Startup Cost": 6377.11,"Total Cost": 122604.02,"Plan Rows": 248261,"Plan Width": 16,"Actual Startup Time": 50.230,"Actual Total Time": 663.119,"Actual Rows": 225253,"Actual Loops": 1,"Recheck Cond": "((l_shipdate >= '1995-01-01'::date) AND (l_shipdate < '1995-04-01 00:00:00'::timestamp without time zone))","Rows Removed by Index Recheck": 0,"Exact Heap Blocks": 66731,"Lossy Heap Blocks": 0,"Plans": [{"Node Type": "Bitmap Index Scan","Parent Relationship": "Outer","Parallel Aware": false,"Async Capable": false,"Index Name": "idx_lineitem_shipdate","Startup Cost": 0.00,"Total Cost": 6315.04,"Plan Rows": 248261,"Plan Width": 0,"Actual Startup Time": 36.910,"Actual Total Time": 36.918,"Actual Rows": 225253,"Actual Loops": 1,"Index Cond": "((l_shipdate >= '1995-01-01'::date) AND (l_shipdate < '1995-04-01 00:00:00'::timestamp without time zone))"}]}]}]},{"Node Type": "Index Scan","Parent Relationship": "Outer","Parallel Aware": false,"Async Capable": false,"Scan Direction": "Forward","Index Name": "supplier_pkey","Relation Name": "supplier","Alias": "supplier","Startup Cost": 0.29,"Total Cost": 495.43,"Plan Rows": 10000,"Plan Width": 71,"Actual Startup Time": 0.115,"Actual Total Time": 13.787,"Actual Rows": 9493,"Actual Loops": 1},{"Node Type": "Sort","Parent Relationship": "Inner","Parallel Aware": false,"Async Capable": false,"Startup Cost": 125238.64,"Total Cost": 125238.77,"Plan Rows": 50,"Plan Width": 36,"Actual Startup Time": 1912.779,"Actual Total Time": 1912.800,"Actual Rows": 1,"Actual Loops": 1,"Sort Key": ["revenue0.supplier_no"],"Sort Method": "quicksort","Sort Space Used": 25,"Sort Space Type": "Memory","Plans": [{"Node Type": "Subquery Scan","Parent Relationship": "Outer","Parallel Aware": false,"Async Capable": false,"Alias": "revenue0","Startup Cost": 125086.63,"Total Cost": 125237.23,"Plan Rows": 50,"Plan Width": 36,"Actual Startup Time": 1882.072,"Actual Total Time": 1912.738,"Actual Rows": 1,"Actual Loops": 1,"Plans": [{"Node Type": "Aggregate","Strategy": "Hashed","Partial Mode": "Simple","Parent Relationship": "Subquery","Parallel Aware": false,"Async Capable": false,"Startup Cost": 125086.63,"Total Cost": 125236.73,"Plan Rows": 50,"Plan Width": 36,"Actual Startup Time": 1882.058,"Actual Total Time": 1912.709,"Actual Rows": 1,"Actual Loops": 1,"Group Key": ["lineitem.l_suppkey"],"Filter": "(sum((lineitem.l_extendedprice * ('1'::numeric - lineitem.l_discount))) = $0)","Planned Partitions": 0,"HashAgg Batches": 1,"Peak Memory Usage": 4497,"Disk Usage": 0,"Rows Removed by Filter": 9999,"Plans": [{"Node Type": "Bitmap Heap Scan","Parent Relationship": "Outer","Parallel Aware": false,"Async Capable": false,"Relation Name": "lineitem","Alias": "lineitem","Startup Cost": 6377.11,"Total Cost": 122604.02,"Plan Rows": 248261,"Plan Width": 16,"Actual Startup Time": 50.168,"Actual Total Time": 877.547,"Actual Rows": 225253,"Actual Loops": 1,"Recheck Cond": "((l_shipdate >= '1995-01-01'::date) AND (l_shipdate < '1995-04-01 00:00:00'::timestamp without time zone))","Rows Removed by Index Recheck": 0,"Exact Heap Blocks": 66731,"Lossy Heap Blocks": 0,"Plans": [{"Node Type": "Bitmap Index Scan","Parent Relationship": "Outer","Parallel Aware": false,"Async Capable": false,"Index Name": "idx_lineitem_shipdate","Startup Cost": 0.00,"Total Cost": 6315.04,"Plan Rows": 248261,"Plan Width": 0,"Actual Startup Time": 36.311,"Actual Total Time": 36.314,"Actual Rows": 225253,"Actual Loops": 1,"Index Cond": "((l_shipdate >= '1995-01-01'::date) AND (l_shipdate < '1995-04-01 00:00:00'::timestamp without time zone))"}]}]}]}]}]},"Planning Time": 5.118,"Triggers": [],"Execution Time": 1930.953}]
[{"Plan": {"Node Type": "Merge Join","Parallel Aware": false,"Async Capable": false,"Join Type": "Inner","Startup Cost": 249448.72,"Total Cost": 249969.61,"Plan Rows": 50,"Plan Width": 103,"Actual Startup Time": 1952.448,"Actual Total Time": 1952.508,"Actual Rows": 1,"Actual Loops": 1,"Inner Unique": true,"Merge Cond": "(supplier.s_suppkey = revenue0.supplier_no)","Plans": [{"Node Type": "Aggregate","Strategy": "Plain","Partial Mode": "Simple","Parent Relationship": "InitPlan","Subplan Name": "InitPlan 1 (returns $0)","Parallel Aware": false,"Async Capable": false,"Startup Cost": 124773.29,"Total Cost": 124773.30,"Plan Rows": 1,"Plan Width": 32,"Actual Startup Time": 900.052,"Actual Total Time": 900.075,"Actual Rows": 1,"Actual Loops": 1,"Plans": [{"Node Type": "Aggregate","Strategy": "Hashed","Partial Mode": "Simple","Parent Relationship": "Outer","Parallel Aware": false,"Async Capable": false,"Startup Cost": 124523.11,"Total Cost": 124648.20,"Plan Rows": 10007,"Plan Width": 36,"Actual Startup Time": 890.849,"Actual Total Time": 899.431,"Actual Rows": 10000,"Actual Loops": 1,"Group Key": ["lineitem_1.l_suppkey"],"Planned Partitions": 0,"HashAgg Batches": 1,"Peak Memory Usage": 4497,"Disk Usage": 0,"Plans": [{"Node Type": "Bitmap Heap Scan","Parent Relationship": "Outer","Parallel Aware": false,"Async Capable": false,"Relation Name": "lineitem","Alias": "lineitem_1","Startup Cost": 6091.26,"Total Cost": 122151.57,"Plan Rows": 237154,"Plan Width": 16,"Actual Startup Time": 48.844,"Actual Total Time": 683.550,"Actual Rows": 224101,"Actual Loops": 1,"Recheck Cond": "((l_shipdate >= '1994-12-01'::date) AND (l_shipdate < '1995-03-01 00:00:00'::timestamp without time zone))","Rows Removed by Index Recheck": 0,"Exact Heap Blocks": 66615,"Lossy Heap Blocks": 0,"Plans": [{"Node Type": "Bitmap Index Scan","Parent Relationship": "Outer","Parallel Aware": false,"Async Capable": false,"Index Name": "idx_lineitem_shipdate","Startup Cost": 0.00,"Total Cost": 6031.97,"Plan Rows": 237154,"Plan Width": 0,"Actual Startup Time": 35.547,"Actual Total Time": 35.567,"Actual Rows": 224101,"Actual Loops": 1,"Index Cond": "((l_shipdate >= '1994-12-01'::date) AND (l_shipdate < '1995-03-01 00:00:00'::timestamp without time zone))"}]}]}]},{"Node Type": "Index Scan","Parent Relationship": "Outer","Parallel Aware": false,"Async Capable": false,"Scan Direction": "Forward","Index Name": "supplier_pkey","Relation Name": "supplier","Alias": "supplier","Startup Cost": 0.29,"Total Cost": 495.43,"Plan Rows": 10000,"Plan Width": 71,"Actual Startup Time": 0.085,"Actual Total Time": 12.935,"Actual Rows": 8423,"Actual Loops": 1},{"Node Type": "Sort","Parent Relationship": "Inner","Parallel Aware": false,"Async Capable": false,"Startup Cost": 124675.13,"Total Cost": 124675.26,"Plan Rows": 50,"Plan Width": 36,"Actual Startup Time": 1938.983,"Actual Total Time": 1938.999,"Actual Rows": 1,"Actual Loops": 1,"Sort Key": ["revenue0.supplier_no"],"Sort Method": "quicksort","Sort Space Used": 25,"Sort Space Type": "Memory","Plans": [{"Node Type": "Subquery Scan","Parent Relationship": "Outer","Parallel Aware": false,"Async Capable": false,"Alias": "revenue0","Startup Cost": 124523.11,"Total Cost": 124673.72,"Plan Rows": 50,"Plan Width": 36,"Actual Startup Time": 1938.890,"Actual Total Time": 1938.948,"Actual Rows": 1,"Actual Loops": 1,"Plans": [{"Node Type": "Aggregate","Strategy": "Hashed","Partial Mode": "Simple","Parent Relationship": "Subquery","Parallel Aware": false,"Async Capable": false,"Startup Cost": 124523.11,"Total Cost": 124673.22,"Plan Rows": 50,"Plan Width": 36,"Actual Startup Time": 1938.875,"Actual Total Time": 1938.909,"Actual Rows": 1,"Actual Loops": 1,"Group Key": ["lineitem.l_suppkey"],"Filter": "(sum((lineitem.l_extendedprice * ('1'::numeric - lineitem.l_discount))) = $0)","Planned Partitions": 0,"HashAgg Batches": 1,"Peak Memory Usage": 4497,"Disk Usage": 0,"Rows Removed by Filter": 9999,"Plans": [{"Node Type": "Bitmap Heap Scan","Parent Relationship": "Outer","Parallel Aware": false,"Async Capable": false,"Relation Name": "lineitem","Alias": "lineitem","Startup Cost": 6091.26,"Total Cost": 122151.57,"Plan Rows": 237154,"Plan Width": 16,"Actual Startup Time": 49.105,"Actual Total Time": 856.632,"Actual Rows": 224101,"Actual Loops": 1,"Recheck Cond": "((l_shipdate >= '1994-12-01'::date) AND (l_shipdate < '1995-03-01 00:00:00'::timestamp without time zone))","Rows Removed by Index Recheck": 0,"Exact Heap Blocks": 66615,"Lossy Heap Blocks": 0,"Plans": [{"Node Type": "Bitmap Index Scan","Parent Relationship": "Outer","Parallel Aware": false,"Async Capable": false,"Index Name": "idx_lineitem_shipdate","Startup Cost": 0.00,"Total Cost": 6031.97,"Plan Rows": 237154,"Plan Width": 0,"Actual Startup Time": 35.803,"Actual Total Time": 35.803,"Actual Rows": 224101,"Actual Loops": 1,"Index Cond": "((l_shipdate >= '1994-12-01'::date) AND (l_shipdate < '1995-03-01 00:00:00'::timestamp without time zone))"}]}]}]}]}]},"Planning Time": 5.356,"Triggers": [],"Execution Time": 1958.420}]
[{"Plan": {"Node Type": "Merge Join","Parallel Aware": false,"Async Capable": false,"Join Type": "Inner","Startup Cost": 248853.69,"Total Cost": 249374.58,"Plan Rows": 50,"Plan Width": 103,"Actual Startup Time": 2069.794,"Actual Total Time": 2069.839,"Actual Rows": 1,"Actual Loops": 1,"Inner Unique": true,"Merge Cond": "(supplier.s_suppkey = revenue0.supplier_no)","Plans": [{"Node Type": "Aggregate","Strategy": "Plain","Partial Mode": "Simple","Parent Relationship": "InitPlan","Subplan Name": "InitPlan 1 (returns $0)","Parallel Aware": false,"Async Capable": false,"Startup Cost": 124475.78,"Total Cost": 124475.79,"Plan Rows": 1,"Plan Width": 32,"Actual Startup Time": 939.556,"Actual Total Time": 939.568,"Actual Rows": 1,"Actual Loops": 1,"Plans": [{"Node Type": "Aggregate","Strategy": "Hashed","Partial Mode": "Simple","Parent Relationship": "Outer","Parallel Aware": false,"Async Capable": false,"Startup Cost": 124225.60,"Total Cost": 124350.69,"Plan Rows": 10007,"Plan Width": 36,"Actual Startup Time": 931.775,"Actual Total Time": 938.967,"Actual Rows": 10000,"Actual Loops": 1,"Group Key": ["lineitem_1.l_suppkey"],"Planned Partitions": 0,"HashAgg Batches": 1,"Peak Memory Usage": 4497,"Disk Usage": 0,"Plans": [{"Node Type": "Bitmap Heap Scan","Parent Relationship": "Outer","Parallel Aware": false,"Async Capable": false,"Relation Name": "lineitem","Alias": "lineitem_1","Startup Cost": 5939.50,"Total Cost": 121912.36,"Plan Rows": 231324,"Plan Width": 16,"Actual Startup Time": 57.879,"Actual Total Time": 785.253,"Actual Rows": 226918,"Actual Loops": 1,"Recheck Cond": "((l_shipdate >= '1994-09-01'::date) AND (l_shipdate < '1994-12-01 00:00:00'::timestamp without time zone))","Rows Removed by Index Recheck": 0,"Exact Heap Blocks": 67096,"Lossy Heap Blocks": 0,"Plans": [{"Node Type": "Bitmap Index Scan","Parent Relationship": "Outer","Parallel Aware": false,"Async Capable": false,"Index Name": "idx_lineitem_shipdate","Startup Cost": 0.00,"Total Cost": 5881.67,"Plan Rows": 231324,"Plan Width": 0,"Actual Startup Time": 44.092,"Actual Total Time": 44.094,"Actual Rows": 226918,"Actual Loops": 1,"Index Cond": "((l_shipdate >= '1994-09-01'::date) AND (l_shipdate < '1994-12-01 00:00:00'::timestamp without time zone))"}]}]}]},{"Node Type": "Index Scan","Parent Relationship": "Outer","Parallel Aware": false,"Async Capable": false,"Scan Direction": "Forward","Index Name": "supplier_pkey","Relation Name": "supplier","Alias": "supplier","Startup Cost": 0.29,"Total Cost": 495.43,"Plan Rows": 10000,"Plan Width": 71,"Actual Startup Time": 0.128,"Actual Total Time": 7.377,"Actual Rows": 4443,"Actual Loops": 1},{"Node Type": "Sort","Parent Relationship": "Inner","Parallel Aware": false,"Async Capable": false,"Startup Cost": 124377.62,"Total Cost": 124377.74,"Plan Rows": 50,"Plan Width": 36,"Actual Startup Time": 2062.143,"Actual Total Time": 2062.163,"Actual Rows": 1,"Actual Loops": 1,"Sort Key": ["revenue0.supplier_no"],"Sort Method": "quicksort","Sort Space Used": 25,"Sort Space Type": "Memory","Plans": [{"Node Type": "Subquery Scan","Parent Relationship": "Outer","Parallel Aware": false,"Async Capable": false,"Alias": "revenue0","Startup Cost": 124225.60,"Total Cost": 124376.21,"Plan Rows": 50,"Plan Width": 36,"Actual Startup Time": 2040.368,"Actual Total Time": 2062.123,"Actual Rows": 1,"Actual Loops": 1,"Plans": [{"Node Type": "Aggregate","Strategy": "Hashed","Partial Mode": "Simple","Parent Relationship": "Subquery","Parallel Aware": false,"Async Capable": false,"Startup Cost": 124225.60,"Total Cost": 124375.71,"Plan Rows": 50,"Plan Width": 36,"Actual Startup Time": 2040.362,"Actual Total Time": 2062.108,"Actual Rows": 1,"Actual Loops": 1,"Group Key": ["lineitem.l_suppkey"],"Filter": "(sum((lineitem.l_extendedprice * ('1'::numeric - lineitem.l_discount))) = $0)","Planned Partitions": 0,"HashAgg Batches": 1,"Peak Memory Usage": 4497,"Disk Usage": 0,"Rows Removed by Filter": 9999,"Plans": [{"Node Type": "Bitmap Heap Scan","Parent Relationship": "Outer","Parallel Aware": false,"Async Capable": false,"Relation Name": "lineitem","Alias": "lineitem","Startup Cost": 5939.50,"Total Cost": 121912.36,"Plan Rows": 231324,"Plan Width": 16,"Actual Startup Time": 54.706,"Actual Total Time": 926.482,"Actual Rows": 226918,"Actual Loops": 1,"Recheck Cond": "((l_shipdate >= '1994-09-01'::date) AND (l_shipdate < '1994-12-01 00:00:00'::timestamp without time zone))","Rows Removed by Index Recheck": 0,"Exact Heap Blocks": 67096,"Lossy Heap Blocks": 0,"Plans": [{"Node Type": "Bitmap Index Scan","Parent Relationship": "Outer","Parallel Aware": false,"Async Capable": false,"Index Name": "idx_lineitem_shipdate","Startup Cost": 0.00,"Total Cost": 5881.67,"Plan Rows": 231324,"Plan Width": 0,"Actual Startup Time": 41.081,"Actual Total Time": 41.084,"Actual Rows": 226918,"Actual Loops": 1,"Index Cond": "((l_shipdate >= '1994-09-01'::date) AND (l_shipdate < '1994-12-01 00:00:00'::timestamp without time zone))"}]}]}]}]}]},"Planning Time": 4.073,"Triggers": [],"Execution Time": 2075.054}]
[{"Plan": {"Node Type": "Merge Join","Parallel Aware": false,"Async Capable": false,"Join Type": "Inner","Startup Cost": 248978.65,"Total Cost": 249499.55,"Plan Rows": 50,"Plan Width": 103,"Actual Startup Time": 2096.212,"Actual Total Time": 2096.274,"Actual Rows": 1,"Actual Loops": 1,"Inner Unique": true,"Merge Cond": "(supplier.s_suppkey = revenue0.supplier_no)","Plans": [{"Node Type": "Aggregate","Strategy": "Plain","Partial Mode": "Simple","Parent Relationship": "InitPlan","Subplan Name": "InitPlan 1 (returns $0)","Parallel Aware": false,"Async Capable": false,"Startup Cost": 124538.26,"Total Cost": 124538.27,"Plan Rows": 1,"Plan Width": 32,"Actual Startup Time": 983.907,"Actual Total Time": 983.932,"Actual Rows": 1,"Actual Loops": 1,"Plans": [{"Node Type": "Aggregate","Strategy": "Hashed","Partial Mode": "Simple","Parent Relationship": "Outer","Parallel Aware": false,"Async Capable": false,"Startup Cost": 124288.08,"Total Cost": 124413.17,"Plan Rows": 10007,"Plan Width": 36,"Actual Startup Time": 975.922,"Actual Total Time": 983.270,"Actual Rows": 10000,"Actual Loops": 1,"Group Key": ["lineitem_1.l_suppkey"],"Planned Partitions": 0,"HashAgg Batches": 1,"Peak Memory Usage": 4497,"Disk Usage": 0,"Plans": [{"Node Type": "Bitmap Heap Scan","Parent Relationship": "Outer","Parallel Aware": false,"Async Capable": false,"Relation Name": "lineitem","Alias": "lineitem_1","Startup Cost": 5640.42,"Total Cost": 122091.02,"Plan Rows": 219706,"Plan Width": 16,"Actual Startup Time": 58.372,"Actual Total Time": 769.400,"Actual Rows": 224003,"Actual Loops": 1,"Recheck Cond": "((l_shipdate >= '1993-01-01'::date) AND (l_shipdate < '1993-04-01 00:00:00'::timestamp without time zone))","Rows Removed by Index Recheck": 0,"Exact Heap Blocks": 66450,"Lossy Heap Blocks": 0,"Plans": [{"Node Type": "Bitmap Index Scan","Parent Relationship": "Outer","Parallel Aware": false,"Async Capable": false,"Index Name": "idx_lineitem_shipdate","Startup Cost": 0.00,"Total Cost": 5585.49,"Plan Rows": 219706,"Plan Width": 0,"Actual Startup Time": 44.700,"Actual Total Time": 44.716,"Actual Rows": 224003,"Actual Loops": 1,"Index Cond": "((l_shipdate >= '1993-01-01'::date) AND (l_shipdate < '1993-04-01 00:00:00'::timestamp without time zone))"}]}]}]},{"Node Type": "Index Scan","Parent Relationship": "Outer","Parallel Aware": false,"Async Capable": false,"Scan Direction": "Forward","Index Name": "supplier_pkey","Relation Name": "supplier","Alias": "supplier","Startup Cost": 0.29,"Total Cost": 495.43,"Plan Rows": 10000,"Plan Width": 71,"Actual Startup Time": 0.093,"Actual Total Time": 9.121,"Actual Rows": 5369,"Actual Loops": 1},{"Node Type": "Sort","Parent Relationship": "Inner","Parallel Aware": false,"Async Capable": false,"Startup Cost": 124440.10,"Total Cost": 124440.22,"Plan Rows": 50,"Plan Width": 36,"Actual Startup Time": 2086.718,"Actual Total Time": 2086.732,"Actual Rows": 1,"Actual Loops": 1,"Sort Key": ["revenue0.supplier_no"],"Sort Method": "quicksort","Sort Space Used": 25,"Sort Space Type": "Memory","Plans": [{"Node Type": "Subquery Scan","Parent Relationship": "Outer","Parallel Aware": false,"Async Capable": false,"Alias": "revenue0","Startup Cost": 124288.08,"Total Cost": 124438.69,"Plan Rows": 50,"Plan Width": 36,"Actual Startup Time": 2085.226,"Actual Total Time": 2086.666,"Actual Rows": 1,"Actual Loops": 1,"Plans": [{"Node Type": "Aggregate","Strategy": "Hashed","Partial Mode": "Simple","Parent Relationship": "Subquery","Parallel Aware": false,"Async Capable": false,"Startup Cost": 124288.08,"Total Cost": 124438.19,"Plan Rows": 50,"Plan Width": 36,"Actual Startup Time": 2085.209,"Actual Total Time": 2086.627,"Actual Rows": 1,"Actual Loops": 1,"Group Key": ["lineitem.l_suppkey"],"Filter": "(sum((lineitem.l_extendedprice * ('1'::numeric - lineitem.l_discount))) = $0)","Planned Partitions": 0,"HashAgg Batches": 1,"Peak Memory Usage": 4497,"Disk Usage": 0,"Rows Removed by Filter": 9999,"Plans": [{"Node Type": "Bitmap Heap Scan","Parent Relationship": "Outer","Parallel Aware": false,"Async Capable": false,"Relation Name": "lineitem","Alias": "lineitem","Startup Cost": 5640.42,"Total Cost": 122091.02,"Plan Rows": 219706,"Plan Width": 16,"Actual Startup Time": 54.479,"Actual Total Time": 923.475,"Actual Rows": 224003,"Actual Loops": 1,"Recheck Cond": "((l_shipdate >= '1993-01-01'::date) AND (l_shipdate < '1993-04-01 00:00:00'::timestamp without time zone))","Rows Removed by Index Recheck": 0,"Exact Heap Blocks": 66450,"Lossy Heap Blocks": 0,"Plans": [{"Node Type": "Bitmap Index Scan","Parent Relationship": "Outer","Parallel Aware": false,"Async Capable": false,"Index Name": "idx_lineitem_shipdate","Startup Cost": 0.00,"Total Cost": 5585.49,"Plan Rows": 219706,"Plan Width": 0,"Actual Startup Time": 41.018,"Actual Total Time": 41.018,"Actual Rows": 224003,"Actual Loops": 1,"Index Cond": "((l_shipdate >= '1993-01-01'::date) AND (l_shipdate < '1993-04-01 00:00:00'::timestamp without time zone))"}]}]}]}]}]},"Planning Time": 5.332,"Triggers": [],"Execution Time": 2101.239}]
[{"Plan": {"Node Type": "Merge Join","Parallel Aware": false,"Async Capable": false,"Join Type": "Inner","Startup Cost": 248512.46,"Total Cost": 249033.35,"Plan Rows": 50,"Plan Width": 103,"Actual Startup Time": 1933.150,"Actual Total Time": 1933.206,"Actual Rows": 1,"Actual Loops": 1,"Inner Unique": true,"Merge Cond": "(supplier.s_suppkey = revenue0.supplier_no)","Plans": [{"Node Type": "Aggregate","Strategy": "Plain","Partial Mode": "Simple","Parent Relationship": "InitPlan","Subplan Name": "InitPlan 1 (returns $0)","Parallel Aware": false,"Async Capable": false,"Startup Cost": 124305.16,"Total Cost": 124305.17,"Plan Rows": 1,"Plan Width": 32,"Actual Startup Time": 870.174,"Actual Total Time": 870.194,"Actual Rows": 1,"Actual Loops": 1,"Plans": [{"Node Type": "Aggregate","Strategy": "Hashed","Partial Mode": "Simple","Parent Relationship": "Outer","Parallel Aware": false,"Async Capable": false,"Startup Cost": 124054.99,"Total Cost": 124180.07,"Plan Rows": 10007,"Plan Width": 36,"Actual Startup Time": 862.742,"Actual Total Time": 869.556,"Actual Rows": 10000,"Actual Loops": 1,"Group Key": ["lineitem_1.l_suppkey"],"Planned Partitions": 0,"HashAgg Batches": 1,"Peak Memory Usage": 4497,"Disk Usage": 0,"Plans": [{"Node Type": "Bitmap Heap Scan","Parent Relationship": "Outer","Parallel Aware": false,"Async Capable": false,"Relation Name": "lineitem","Alias": "lineitem_1","Startup Cost": 5853.01,"Total Cost": 121775.40,"Plan Rows": 227959,"Plan Width": 16,"Actual Startup Time": 40.844,"Actual Total Time": 627.508,"Actual Rows": 229968,"Actual Loops": 1,"Recheck Cond": "((l_shipdate >= '1995-06-01'::date) AND (l_shipdate < '1995-09-01 00:00:00'::timestamp without time zone))","Rows Removed by Index Recheck": 0,"Exact Heap Blocks": 67407,"Lossy Heap Blocks": 0,"Plans": [{"Node Type": "Bitmap Index Scan","Parent Relationship": "Outer","Parallel Aware": false,"Async Capable": false,"Index Name": "idx_lineitem_shipdate","Startup Cost": 0.00,"Total Cost": 5796.02,"Plan Rows": 227959,"Plan Width": 0,"Actual Startup Time": 28.150,"Actual Total Time": 28.164,"Actual Rows": 229968,"Actual Loops": 1,"Index Cond": "((l_shipdate >= '1995-06-01'::date) AND (l_shipdate < '1995-09-01 00:00:00'::timestamp without time zone))"}]}]}]},{"Node Type": "Index Scan","Parent Relationship": "Outer","Parallel Aware": false,"Async Capable": false,"Scan Direction": "Forward","Index Name": "supplier_pkey","Relation Name": "supplier","Alias": "supplier","Startup Cost": 0.29,"Total Cost": 495.43,"Plan Rows": 10000,"Plan Width": 71,"Actual Startup Time": 0.101,"Actual Total Time": 2.514,"Actual Rows": 2933,"Actual Loops": 1},{"Node Type": "Sort","Parent Relationship": "Inner","Parallel Aware": false,"Async Capable": false,"Startup Cost": 124207.00,"Total Cost": 124207.13,"Plan Rows": 50,"Plan Width": 36,"Actual Startup Time": 1930.459,"Actual Total Time": 1930.480,"Actual Rows": 1,"Actual Loops": 1,"Sort Key": ["revenue0.supplier_no"],"Sort Method": "quicksort","Sort Space Used": 25,"Sort Space Type": "Memory","Plans": [{"Node Type": "Subquery Scan","Parent Relationship": "Outer","Parallel Aware": false,"Async Capable": false,"Alias": "revenue0","Startup Cost": 124054.99,"Total Cost": 124205.59,"Plan Rows": 50,"Plan Width": 36,"Actual Startup Time": 1925.907,"Actual Total Time": 1930.384,"Actual Rows": 1,"Actual Loops": 1,"Plans": [{"Node Type": "Aggregate","Strategy": "Hashed","Partial Mode": "Simple","Parent Relationship": "Subquery","Parallel Aware": false,"Async Capable": false,"Startup Cost": 124054.99,"Total Cost": 124205.09,"Plan Rows": 50,"Plan Width": 36,"Actual Startup Time": 1925.899,"Actual Total Time": 1930.352,"Actual Rows": 1,"Actual Loops": 1,"Group Key": ["lineitem.l_suppkey"],"Filter": "(sum((lineitem.l_extendedprice * ('1'::numeric - lineitem.l_discount))) = $0)","Planned Partitions": 0,"HashAgg Batches": 1,"Peak Memory Usage": 4497,"Disk Usage": 0,"Rows Removed by Filter": 9999,"Plans": [{"Node Type": "Bitmap Heap Scan","Parent Relationship": "Outer","Parallel Aware": false,"Async Capable": false,"Relation Name": "lineitem","Alias": "lineitem","Startup Cost": 5853.01,"Total Cost": 121775.40,"Plan Rows": 227959,"Plan Width": 16,"Actual Startup Time": 51.555,"Actual Total Time": 823.671,"Actual Rows": 229968,"Actual Loops": 1,"Recheck Cond": "((l_shipdate >= '1995-06-01'::date) AND (l_shipdate < '1995-09-01 00:00:00'::timestamp without time zone))","Rows Removed by Index Recheck": 0,"Exact Heap Blocks": 67407,"Lossy Heap Blocks": 0,"Plans": [{"Node Type": "Bitmap Index Scan","Parent Relationship": "Outer","Parallel Aware": false,"Async Capable": false,"Index Name": "idx_lineitem_shipdate","Startup Cost": 0.00,"Total Cost": 5796.02,"Plan Rows": 227959,"Plan Width": 0,"Actual Startup Time": 38.034,"Actual Total Time": 38.041,"Actual Rows": 229968,"Actual Loops": 1,"Index Cond": "((l_shipdate >= '1995-06-01'::date) AND (l_shipdate < '1995-09-01 00:00:00'::timestamp without time zone))"}]}]}]}]}]},"Planning Time": 4.159,"Triggers": [],"Execution Time": 1935.928}]
[{"Plan": {"Node Type": "Merge Join","Parallel Aware": false,"Async Capable": false,"Join Type": "Inner","Startup Cost": 248837.06,"Total Cost": 249357.95,"Plan Rows": 50,"Plan Width": 103,"Actual Startup Time": 1969.246,"Actual Total Time": 1969.306,"Actual Rows": 1,"Actual Loops": 1,"Inner Unique": true,"Merge Cond": "(supplier.s_suppkey = revenue0.supplier_no)","Plans": [{"Node Type": "Aggregate","Strategy": "Plain","Partial Mode": "Simple","Parent Relationship": "InitPlan","Subplan Name": "InitPlan 1 (returns $0)","Parallel Aware": false,"Async Capable": false,"Startup Cost": 124467.46,"Total Cost": 124467.47,"Plan Rows": 1,"Plan Width": 32,"Actual Startup Time": 899.835,"Actual Total Time": 899.853,"Actual Rows": 1,"Actual Loops": 1,"Plans": [{"Node Type": "Aggregate","Strategy": "Hashed","Partial Mode": "Simple","Parent Relationship": "Outer","Parallel Aware": false,"Async Capable": false,"Startup Cost": 124217.29,"Total Cost": 124342.37,"Plan Rows": 10007,"Plan Width": 36,"Actual Startup Time": 888.951,"Actual Total Time": 899.159,"Actual Rows": 10000,"Actual Loops": 1,"Group Key": ["lineitem_1.l_suppkey"],"Planned Partitions": 0,"HashAgg Batches": 1,"Peak Memory Usage": 4497,"Disk Usage": 0,"Plans": [{"Node Type": "Bitmap Heap Scan","Parent Relationship": "Outer","Parallel Aware": false,"Async Capable": false,"Relation Name": "lineitem","Alias": "lineitem_1","Startup Cost": 5666.73,"Total Cost": 122010.16,"Plan Rows": 220712,"Plan Width": 16,"Actual Startup Time": 50.799,"Actual Total Time": 691.660,"Actual Rows": 227315,"Actual Loops": 1,"Recheck Cond": "((l_shipdate >= '1994-04-01'::date) AND (l_shipdate < '1994-07-01 00:00:00'::timestamp without time zone))","Rows Removed by Index Recheck": 0,"Exact Heap Blocks": 67016,"Lossy Heap Blocks": 0,"Plans": [{"Node Type": "Bitmap Index Scan","Parent Relationship": "Outer","Parallel Aware": false,"Async Capable": false,"Index Name": "idx_lineitem_shipdate","Startup Cost": 0.00,"Total Cost": 5611.55,"Plan Rows": 220712,"Plan Width": 0,"Actual Startup Time": 36.979,"Actual Total Time": 36.992,"Actual Rows": 227315,"Actual Loops": 1,"Index Cond": "((l_shipdate >= '1994-04-01'::date) AND (l_shipdate < '1994-07-01 00:00:00'::timestamp without time zone))"}]}]}]},{"Node Type": "Index Scan","Parent Relationship": "Outer","Parallel Aware": false,"Async Capable": false,"Scan Direction": "Forward","Index Name": "supplier_pkey","Relation Name": "supplier","Alias": "supplier","Startup Cost": 0.29,"Total Cost": 495.43,"Plan Rows": 10000,"Plan Width": 71,"Actual Startup Time": 0.084,"Actual Total Time": 2.331,"Actual Rows": 1360,"Actual Loops": 1},{"Node Type": "Sort","Parent Relationship": "Inner","Parallel Aware": false,"Async Capable": false,"Startup Cost": 124369.30,"Total Cost": 124369.43,"Plan Rows": 50,"Plan Width": 36,"Actual Startup Time": 1966.772,"Actual Total Time": 1966.788,"Actual Rows": 1,"Actual Loops": 1,"Sort Key": ["revenue0.supplier_no"],"Sort Method": "quicksort","Sort Space Used": 25,"Sort Space Type": "Memory","Plans": [{"Node Type": "Subquery Scan","Parent Relationship": "Outer","Parallel Aware": false,"Async Capable": false,"Alias": "revenue0","Startup Cost": 124217.29,"Total Cost": 124367.89,"Plan Rows": 50,"Plan Width": 36,"Actual Startup Time": 1963.574,"Actual Total Time": 1966.737,"Actual Rows": 1,"Actual Loops": 1,"Plans": [{"Node Type": "Aggregate","Strategy": "Hashed","Partial Mode": "Simple","Parent Relationship": "Subquery","Parallel Aware": false,"Async Capable": false,"Startup Cost": 124217.29,"Total Cost": 124367.39,"Plan Rows": 50,"Plan Width": 36,"Actual Startup Time": 1963.555,"Actual Total Time": 1966.695,"Actual Rows": 1,"Actual Loops": 1,"Group Key": ["lineitem.l_suppkey"],"Filter": "(sum((lineitem.l_extendedprice * ('1'::numeric - lineitem.l_discount))) = $0)","Planned Partitions": 0,"HashAgg Batches": 1,"Peak Memory Usage": 4497,"Disk Usage": 0,"Rows Removed by Filter": 9999,"Plans": [{"Node Type": "Bitmap Heap Scan","Parent Relationship": "Outer","Parallel Aware": false,"Async Capable": false,"Relation Name": "lineitem","Alias": "lineitem","Startup Cost": 5666.73,"Total Cost": 122010.16,"Plan Rows": 220712,"Plan Width": 16,"Actual Startup Time": 49.894,"Actual Total Time": 881.952,"Actual Rows": 227315,"Actual Loops": 1,"Recheck Cond": "((l_shipdate >= '1994-04-01'::date) AND (l_shipdate < '1994-07-01 00:00:00'::timestamp without time zone))","Rows Removed by Index Recheck": 0,"Exact Heap Blocks": 67016,"Lossy Heap Blocks": 0,"Plans": [{"Node Type": "Bitmap Index Scan","Parent Relationship": "Outer","Parallel Aware": false,"Async Capable": false,"Index Name": "idx_lineitem_shipdate","Startup Cost": 0.00,"Total Cost": 5611.55,"Plan Rows": 220712,"Plan Width": 0,"Actual Startup Time": 36.453,"Actual Total Time": 36.453,"Actual Rows": 227315,"Actual Loops": 1,"Index Cond": "((l_shipdate >= '1994-04-01'::date) AND (l_shipdate < '1994-07-01 00:00:00'::timestamp without time zone))"}]}]}]}]}]},"Planning Time": 4.191,"Triggers": [],"Execution Time": 1974.742}]
[{"Plan": {"Node Type": "Merge Join","Parallel Aware": false,"Async Capable": false,"Join Type": "Inner","Startup Cost": 248512.46,"Total Cost": 249033.35,"Plan Rows": 50,"Plan Width": 103,"Actual Startup Time": 1933.150,"Actual Total Time": 1933.206,"Actual Rows": 1,"Actual Loops": 1,"Inner Unique": true,"Merge Cond": "(supplier.s_suppkey = revenue0.supplier_no)","Plans": [{"Node Type": "Aggregate","Strategy": "Plain","Partial Mode": "Simple","Parent Relationship": "InitPlan","Subplan Name": "InitPlan 1 (returns $0)","Parallel Aware": false,"Async Capable": false,"Startup Cost": 124305.16,"Total Cost": 124305.17,"Plan Rows": 1,"Plan Width": 32,"Actual Startup Time": 870.174,"Actual Total Time": 870.194,"Actual Rows": 1,"Actual Loops": 1,"Plans": [{"Node Type": "Aggregate","Strategy": "Hashed","Partial Mode": "Simple","Parent Relationship": "Outer","Parallel Aware": false,"Async Capable": false,"Startup Cost": 124054.99,"Total Cost": 124180.07,"Plan Rows": 10007,"Plan Width": 36,"Actual Startup Time": 862.742,"Actual Total Time": 869.556,"Actual Rows": 10000,"Actual Loops": 1,"Group Key": ["lineitem_1.l_suppkey"],"Planned Partitions": 0,"HashAgg Batches": 1,"Peak Memory Usage": 4497,"Disk Usage": 0,"Plans": [{"Node Type": "Bitmap Heap Scan","Parent Relationship": "Outer","Parallel Aware": false,"Async Capable": false,"Relation Name": "lineitem","Alias": "lineitem_1","Startup Cost": 5853.01,"Total Cost": 121775.40,"Plan Rows": 227959,"Plan Width": 16,"Actual Startup Time": 40.844,"Actual Total Time": 627.508,"Actual Rows": 229968,"Actual Loops": 1,"Recheck Cond": "((l_shipdate >= '1995-06-01'::date) AND (l_shipdate < '1995-09-01 00:00:00'::timestamp without time zone))","Rows Removed by Index Recheck": 0,"Exact Heap Blocks": 67407,"Lossy Heap Blocks": 0,"Plans": [{"Node Type": "Bitmap Index Scan","Parent Relationship": "Outer","Parallel Aware": false,"Async Capable": false,"Index Name": "idx_lineitem_shipdate","Startup Cost": 0.00,"Total Cost": 5796.02,"Plan Rows": 227959,"Plan Width": 0,"Actual Startup Time": 28.150,"Actual Total Time": 28.164,"Actual Rows": 229968,"Actual Loops": 1,"Index Cond": "((l_shipdate >= '1995-06-01'::date) AND (l_shipdate < '1995-09-01 00:00:00'::timestamp without time zone))"}]}]}]},{"Node Type": "Index Scan","Parent Relationship": "Outer","Parallel Aware": false,"Async Capable": false,"Scan Direction": "Forward","Index Name": "supplier_pkey","Relation Name": "supplier","Alias": "supplier","Startup Cost": 0.29,"Total Cost": 495.43,"Plan Rows": 10000,"Plan Width": 71,"Actual Startup Time": 0.101,"Actual Total Time": 2.514,"Actual Rows": 2933,"Actual Loops": 1},{"Node Type": "Sort","Parent Relationship": "Inner","Parallel Aware": false,"Async Capable": false,"Startup Cost": 124207.00,"Total Cost": 124207.13,"Plan Rows": 50,"Plan Width": 36,"Actual Startup Time": 1930.459,"Actual Total Time": 1930.480,"Actual Rows": 1,"Actual Loops": 1,"Sort Key": ["revenue0.supplier_no"],"Sort Method": "quicksort","Sort Space Used": 25,"Sort Space Type": "Memory","Plans": [{"Node Type": "Subquery Scan","Parent Relationship": "Outer","Parallel Aware": false,"Async Capable": false,"Alias": "revenue0","Startup Cost": 124054.99,"Total Cost": 124205.59,"Plan Rows": 50,"Plan Width": 36,"Actual Startup Time": 1925.907,"Actual Total Time": 1930.384,"Actual Rows": 1,"Actual Loops": 1,"Plans": [{"Node Type": "Aggregate","Strategy": "Hashed","Partial Mode": "Simple","Parent Relationship": "Subquery","Parallel Aware": false,"Async Capable": false,"Startup Cost": 124054.99,"Total Cost": 124205.09,"Plan Rows": 50,"Plan Width": 36,"Actual Startup Time": 1925.899,"Actual Total Time": 1930.352,"Actual Rows": 1,"Actual Loops": 1,"Group Key": ["lineitem.l_suppkey"],"Filter": "(sum((lineitem.l_extendedprice * ('1'::numeric - lineitem.l_discount))) = $0)","Planned Partitions": 0,"HashAgg Batches": 1,"Peak Memory Usage": 4497,"Disk Usage": 0,"Rows Removed by Filter": 9999,"Plans": [{"Node Type": "Bitmap Heap Scan","Parent Relationship": "Outer","Parallel Aware": false,"Async Capable": false,"Relation Name": "lineitem","Alias": "lineitem","Startup Cost": 5853.01,"Total Cost": 121775.40,"Plan Rows": 227959,"Plan Width": 16,"Actual Startup Time": 51.555,"Actual Total Time": 823.671,"Actual Rows": 229968,"Actual Loops": 1,"Recheck Cond": "((l_shipdate >= '1995-06-01'::date) AND (l_shipdate < '1995-09-01 00:00:00'::timestamp without time zone))","Rows Removed by Index Recheck": 0,"Exact Heap Blocks": 67407,"Lossy Heap Blocks": 0,"Plans": [{"Node Type": "Bitmap Index Scan","Parent Relationship": "Outer","Parallel Aware": false,"Async Capable": false,"Index Name": "idx_lineitem_shipdate","Startup Cost": 0.00,"Total Cost": 5796.02,"Plan Rows": 227959,"Plan Width": 0,"Actual Startup Time": 38.034,"Actual Total Time": 38.041,"Actual Rows": 229968,"Actual Loops": 1,"Index Cond": "((l_shipdate >= '1995-06-01'::date) AND (l_shipdate < '1995-09-01 00:00:00'::timestamp without time zone))"}]}]}]}]}]},"Planning Time": 4.159,"Triggers": [],"Execution Time": 1935.928}]
[{"Plan": {"Node Type": "Merge Join","Parallel Aware": false,"Async Capable": false,"Join Type": "Inner","Startup Cost": 249146.21,"Total Cost": 249667.11,"Plan Rows": 50,"Plan Width": 103,"Actual Startup Time": 2028.234,"Actual Total Time": 2028.282,"Actual Rows": 1,"Actual Loops": 1,"Inner Unique": true,"Merge Cond": "(supplier.s_suppkey = revenue0.supplier_no)","Plans": [{"Node Type": "Aggregate","Strategy": "Plain","Partial Mode": "Simple","Parent Relationship": "InitPlan","Subplan Name": "InitPlan 1 (returns $0)","Parallel Aware": false,"Async Capable": false,"Startup Cost": 124622.04,"Total Cost": 124622.05,"Plan Rows": 1,"Plan Width": 32,"Actual Startup Time": 930.480,"Actual Total Time": 930.506,"Actual Rows": 1,"Actual Loops": 1,"Plans": [{"Node Type": "Aggregate","Strategy": "Hashed","Partial Mode": "Simple","Parent Relationship": "Outer","Parallel Aware": false,"Async Capable": false,"Startup Cost": 124371.86,"Total Cost": 124496.95,"Plan Rows": 10007,"Plan Width": 36,"Actual Startup Time": 921.451,"Actual Total Time": 929.857,"Actual Rows": 10000,"Actual Loops": 1,"Group Key": ["lineitem_1.l_suppkey"],"Planned Partitions": 0,"HashAgg Batches": 1,"Peak Memory Usage": 4497,"Disk Usage": 0,"Plans": [{"Node Type": "Bitmap Heap Scan","Parent Relationship": "Outer","Parallel Aware": false,"Async Capable": false,"Relation Name": "lineitem","Alias": "lineitem_1","Startup Cost": 6013.24,"Total Cost": 122029.61,"Plan Rows": 234225,"Plan Width": 16,"Actual Startup Time": 55.960,"Actual Total Time": 717.488,"Actual Rows": 231352,"Actual Loops": 1,"Recheck Cond": "((l_shipdate >= '1996-10-01'::date) AND (l_shipdate < '1997-01-01 00:00:00'::timestamp without time zone))","Rows Removed by Index Recheck": 0,"Exact Heap Blocks": 67396,"Lossy Heap Blocks": 0,"Plans": [{"Node Type": "Bitmap Index Scan","Parent Relationship": "Outer","Parallel Aware": false,"Async Capable": false,"Index Name": "idx_lineitem_shipdate","Startup Cost": 0.00,"Total Cost": 5954.68,"Plan Rows": 234225,"Plan Width": 0,"Actual Startup Time": 42.612,"Actual Total Time": 42.627,"Actual Rows": 231352,"Actual Loops": 1,"Index Cond": "((l_shipdate >= '1996-10-01'::date) AND (l_shipdate < '1997-01-01 00:00:00'::timestamp without time zone))"}]}]}]},{"Node Type": "Index Scan","Parent Relationship": "Outer","Parallel Aware": false,"Async Capable": false,"Scan Direction": "Forward","Index Name": "supplier_pkey","Relation Name": "supplier","Alias": "supplier","Startup Cost": 0.29,"Total Cost": 495.43,"Plan Rows": 10000,"Plan Width": 71,"Actual Startup Time": 0.137,"Actual Total Time": 5.844,"Actual Rows": 3442,"Actual Loops": 1},{"Node Type": "Sort","Parent Relationship": "Inner","Parallel Aware": false,"Async Capable": false,"Startup Cost": 124523.88,"Total Cost": 124524.01,"Plan Rows": 50,"Plan Width": 36,"Actual Startup Time": 2022.134,"Actual Total Time": 2022.146,"Actual Rows": 1,"Actual Loops": 1,"Sort Key": ["revenue0.supplier_no"],"Sort Method": "quicksort","Sort Space Used": 25,"Sort Space Type": "Memory","Plans": [{"Node Type": "Subquery Scan","Parent Relationship": "Outer","Parallel Aware": false,"Async Capable": false,"Alias": "revenue0","Startup Cost": 124371.86,"Total Cost": 124522.47,"Plan Rows": 50,"Plan Width": 36,"Actual Startup Time": 2010.890,"Actual Total Time": 2022.087,"Actual Rows": 1,"Actual Loops": 1,"Plans": [{"Node Type": "Aggregate","Strategy": "Hashed","Partial Mode": "Simple","Parent Relationship": "Subquery","Parallel Aware": false,"Async Capable": false,"Startup Cost": 124371.86,"Total Cost": 124521.97,"Plan Rows": 50,"Plan Width": 36,"Actual Startup Time": 2010.873,"Actual Total Time": 2022.049,"Actual Rows": 1,"Actual Loops": 1,"Group Key": ["lineitem.l_suppkey"],"Filter": "(sum((lineitem.l_extendedprice * ('1'::numeric - lineitem.l_discount))) = $0)","Planned Partitions": 0,"HashAgg Batches": 1,"Peak Memory Usage": 4497,"Disk Usage": 0,"Rows Removed by Filter": 9999,"Plans": [{"Node Type": "Bitmap Heap Scan","Parent Relationship": "Outer","Parallel Aware": false,"Async Capable": false,"Relation Name": "lineitem","Alias": "lineitem","Startup Cost": 6013.24,"Total Cost": 122029.61,"Plan Rows": 234225,"Plan Width": 16,"Actual Startup Time": 57.882,"Actual Total Time": 902.129,"Actual Rows": 231352,"Actual Loops": 1,"Recheck Cond": "((l_shipdate >= '1996-10-01'::date) AND (l_shipdate < '1997-01-01 00:00:00'::timestamp without time zone))","Rows Removed by Index Recheck": 0,"Exact Heap Blocks": 67396,"Lossy Heap Blocks": 0,"Plans": [{"Node Type": "Bitmap Index Scan","Parent Relationship": "Outer","Parallel Aware": false,"Async Capable": false,"Index Name": "idx_lineitem_shipdate","Startup Cost": 0.00,"Total Cost": 5954.68,"Plan Rows": 234225,"Plan Width": 0,"Actual Startup Time": 44.484,"Actual Total Time": 44.484,"Actual Rows": 231352,"Actual Loops": 1,"Index Cond": "((l_shipdate >= '1996-10-01'::date) AND (l_shipdate < '1997-01-01 00:00:00'::timestamp without time zone))"}]}]}]}]}]},"Planning Time": 5.220,"Triggers": [],"Execution Time": 2034.122}]
[{"Plan": {"Node Type": "Merge Join","Parallel Aware": false,"Async Capable": false,"Join Type": "Inner","Startup Cost": 249007.37,"Total Cost": 249528.27,"Plan Rows": 50,"Plan Width": 103,"Actual Startup Time": 1950.290,"Actual Total Time": 1950.325,"Actual Rows": 1,"Actual Loops": 1,"Inner Unique": true,"Merge Cond": "(supplier.s_suppkey = revenue0.supplier_no)","Plans": [{"Node Type": "Aggregate","Strategy": "Plain","Partial Mode": "Simple","Parent Relationship": "InitPlan","Subplan Name": "InitPlan 1 (returns $0)","Parallel Aware": false,"Async Capable": false,"Startup Cost": 124552.62,"Total Cost": 124552.63,"Plan Rows": 1,"Plan Width": 32,"Actual Startup Time": 860.884,"Actual Total Time": 860.896,"Actual Rows": 1,"Actual Loops": 1,"Plans": [{"Node Type": "Aggregate","Strategy": "Hashed","Partial Mode": "Simple","Parent Relationship": "Outer","Parallel Aware": false,"Async Capable": false,"Startup Cost": 124302.44,"Total Cost": 124427.53,"Plan Rows": 10007,"Plan Width": 36,"Actual Startup Time": 850.275,"Actual Total Time": 860.310,"Actual Rows": 10000,"Actual Loops": 1,"Group Key": ["lineitem_1.l_suppkey"],"Planned Partitions": 0,"HashAgg Batches": 1,"Peak Memory Usage": 4497,"Disk Usage": 0,"Plans": [{"Node Type": "Bitmap Heap Scan","Parent Relationship": "Outer","Parallel Aware": false,"Async Capable": false,"Relation Name": "lineitem","Alias": "lineitem_1","Startup Cost": 5978.87,"Total Cost": 121974.21,"Plan Rows": 232823,"Plan Width": 16,"Actual Startup Time": 57.996,"Actual Total Time": 682.359,"Actual Rows": 230989,"Actual Loops": 1,"Recheck Cond": "((l_shipdate >= '1996-11-01'::date) AND (l_shipdate < '1997-02-01 00:00:00'::timestamp without time zone))","Rows Removed by Index Recheck": 0,"Exact Heap Blocks": 67204,"Lossy Heap Blocks": 0,"Plans": [{"Node Type": "Bitmap Index Scan","Parent Relationship": "Outer","Parallel Aware": false,"Async Capable": false,"Index Name": "idx_lineitem_shipdate","Startup Cost": 0.00,"Total Cost": 5920.66,"Plan Rows": 232823,"Plan Width": 0,"Actual Startup Time": 43.736,"Actual Total Time": 43.740,"Actual Rows": 230989,"Actual Loops": 1,"Index Cond": "((l_shipdate >= '1996-11-01'::date) AND (l_shipdate < '1997-02-01 00:00:00'::timestamp without time zone))"}]}]}]},{"Node Type": "Index Scan","Parent Relationship": "Outer","Parallel Aware": false,"Async Capable": false,"Scan Direction": "Forward","Index Name": "supplier_pkey","Relation Name": "supplier","Alias": "supplier","Startup Cost": 0.29,"Total Cost": 495.43,"Plan Rows": 10000,"Plan Width": 71,"Actual Startup Time": 0.101,"Actual Total Time": 0.973,"Actual Rows": 483,"Actual Loops": 1},{"Node Type": "Sort","Parent Relationship": "Inner","Parallel Aware": false,"Async Capable": false,"Startup Cost": 124454.46,"Total Cost": 124454.58,"Plan Rows": 50,"Plan Width": 36,"Actual Startup Time": 1949.248,"Actual Total Time": 1949.262,"Actual Rows": 1,"Actual Loops": 1,"Sort Key": ["revenue0.supplier_no"],"Sort Method": "quicksort","Sort Space Used": 25,"Sort Space Type": "Memory","Plans": [{"Node Type": "Subquery Scan","Parent Relationship": "Outer","Parallel Aware": false,"Async Capable": false,"Alias": "revenue0","Startup Cost": 124302.44,"Total Cost": 124453.05,"Plan Rows": 50,"Plan Width": 36,"Actual Startup Time": 1948.543,"Actual Total Time": 1949.217,"Actual Rows": 1,"Actual Loops": 1,"Plans": [{"Node Type": "Aggregate","Strategy": "Hashed","Partial Mode": "Simple","Parent Relationship": "Subquery","Parallel Aware": false,"Async Capable": false,"Startup Cost": 124302.44,"Total Cost": 124452.55,"Plan Rows": 50,"Plan Width": 36,"Actual Startup Time": 1948.534,"Actual Total Time": 1949.205,"Actual Rows": 1,"Actual Loops": 1,"Group Key": ["lineitem.l_suppkey"],"Filter": "(sum((lineitem.l_extendedprice * ('1'::numeric - lineitem.l_discount))) = $0)","Planned Partitions": 0,"HashAgg Batches": 1,"Peak Memory Usage": 4497,"Disk Usage": 0,"Rows Removed by Filter": 9999,"Plans": [{"Node Type": "Bitmap Heap Scan","Parent Relationship": "Outer","Parallel Aware": false,"Async Capable": false,"Relation Name": "lineitem","Alias": "lineitem","Startup Cost": 5978.87,"Total Cost": 121974.21,"Plan Rows": 232823,"Plan Width": 16,"Actual Startup Time": 57.232,"Actual Total Time": 886.042,"Actual Rows": 230989,"Actual Loops": 1,"Recheck Cond": "((l_shipdate >= '1996-11-01'::date) AND (l_shipdate < '1997-02-01 00:00:00'::timestamp without time zone))","Rows Removed by Index Recheck": 0,"Exact Heap Blocks": 67204,"Lossy Heap Blocks": 0,"Plans": [{"Node Type": "Bitmap Index Scan","Parent Relationship": "Outer","Parallel Aware": false,"Async Capable": false,"Index Name": "idx_lineitem_shipdate","Startup Cost": 0.00,"Total Cost": 5920.66,"Plan Rows": 232823,"Plan Width": 0,"Actual Startup Time": 43.557,"Actual Total Time": 43.561,"Actual Rows": 230989,"Actual Loops": 1,"Index Cond": "((l_shipdate >= '1996-11-01'::date) AND (l_shipdate < '1997-02-01 00:00:00'::timestamp without time zone))"}]}]}]}]}]},"Planning Time": 4.611,"Triggers": [],"Execution Time": 1953.473}]
[{"Plan": {"Node Type": "Merge Join","Parallel Aware": false,"Async Capable": false,"Join Type": "Inner","Startup Cost": 249457.74,"Total Cost": 249978.63,"Plan Rows": 50,"Plan Width": 103,"Actual Startup Time": 2127.109,"Actual Total Time": 2127.171,"Actual Rows": 1,"Actual Loops": 1,"Inner Unique": true,"Merge Cond": "(supplier.s_suppkey = revenue0.supplier_no)","Plans": [{"Node Type": "Aggregate","Strategy": "Plain","Partial Mode": "Simple","Parent Relationship": "InitPlan","Subplan Name": "InitPlan 1 (returns $0)","Parallel Aware": false,"Async Capable": false,"Startup Cost": 124777.80,"Total Cost": 124777.81,"Plan Rows": 1,"Plan Width": 32,"Actual Startup Time": 997.906,"Actual Total Time": 997.926,"Actual Rows": 1,"Actual Loops": 1,"Plans": [{"Node Type": "Aggregate","Strategy": "Hashed","Partial Mode": "Simple","Parent Relationship": "Outer","Parallel Aware": false,"Async Capable": false,"Startup Cost": 124527.62,"Total Cost": 124652.71,"Plan Rows": 10007,"Plan Width": 36,"Actual Startup Time": 989.617,"Actual Total Time": 997.244,"Actual Rows": 10000,"Actual Loops": 1,"Group Key": ["lineitem_1.l_suppkey"],"Planned Partitions": 0,"HashAgg Batches": 1,"Peak Memory Usage": 4497,"Disk Usage": 0,"Plans": [{"Node Type": "Bitmap Heap Scan","Parent Relationship": "Outer","Parallel Aware": false,"Async Capable": false,"Relation Name": "lineitem","Alias": "lineitem_1","Startup Cost": 6092.57,"Total Cost": 122154.80,"Plan Rows": 237282,"Plan Width": 16,"Actual Startup Time": 59.269,"Actual Total Time": 782.096,"Actual Rows": 230274,"Actual Loops": 1,"Recheck Cond": "((l_shipdate >= '1997-07-01'::date) AND (l_shipdate < '1997-10-01 00:00:00'::timestamp without time zone))","Rows Removed by Index Recheck": 0,"Exact Heap Blocks": 67274,"Lossy Heap Blocks": 0,"Plans": [{"Node Type": "Bitmap Index Scan","Parent Relationship": "Outer","Parallel Aware": false,"Async Capable": false,"Index Name": "idx_lineitem_shipdate","Startup Cost": 0.00,"Total Cost": 6033.25,"Plan Rows": 237282,"Plan Width": 0,"Actual Startup Time": 45.354,"Actual Total Time": 45.368,"Actual Rows": 230274,"Actual Loops": 1,"Index Cond": "((l_shipdate >= '1997-07-01'::date) AND (l_shipdate < '1997-10-01 00:00:00'::timestamp without time zone))"}]}]}]},{"Node Type": "Index Scan","Parent Relationship": "Outer","Parallel Aware": false,"Async Capable": false,"Scan Direction": "Forward","Index Name": "supplier_pkey","Relation Name": "supplier","Alias": "supplier","Startup Cost": 0.29,"Total Cost": 495.43,"Plan Rows": 10000,"Plan Width": 71,"Actual Startup Time": 0.082,"Actual Total Time": 9.953,"Actual Rows": 5903,"Actual Loops": 1},{"Node Type": "Sort","Parent Relationship": "Inner","Parallel Aware": false,"Async Capable": false,"Startup Cost": 124679.64,"Total Cost": 124679.77,"Plan Rows": 50,"Plan Width": 36,"Actual Startup Time": 2116.784,"Actual Total Time": 2116.821,"Actual Rows": 1,"Actual Loops": 1,"Sort Key": ["revenue0.supplier_no"],"Sort Method": "quicksort","Sort Space Used": 25,"Sort Space Type": "Memory","Plans": [{"Node Type": "Subquery Scan","Parent Relationship": "Outer","Parallel Aware": false,"Async Capable": false,"Alias": "revenue0","Startup Cost": 124527.62,"Total Cost": 124678.23,"Plan Rows": 50,"Plan Width": 36,"Actual Startup Time": 2113.870,"Actual Total Time": 2116.736,"Actual Rows": 1,"Actual Loops": 1,"Plans": [{"Node Type": "Aggregate","Strategy": "Hashed","Partial Mode": "Simple","Parent Relationship": "Subquery","Parallel Aware": false,"Async Capable": false,"Startup Cost": 124527.62,"Total Cost": 124677.73,"Plan Rows": 50,"Plan Width": 36,"Actual Startup Time": 2113.854,"Actual Total Time": 2116.701,"Actual Rows": 1,"Actual Loops": 1,"Group Key": ["lineitem.l_suppkey"],"Filter": "(sum((lineitem.l_extendedprice * ('1'::numeric - lineitem.l_discount))) = $0)","Planned Partitions": 0,"HashAgg Batches": 1,"Peak Memory Usage": 4497,"Disk Usage": 0,"Rows Removed by Filter": 9999,"Plans": [{"Node Type": "Bitmap Heap Scan","Parent Relationship": "Outer","Parallel Aware": false,"Async Capable": false,"Relation Name": "lineitem","Alias": "lineitem","Startup Cost": 6092.57,"Total Cost": 122154.80,"Plan Rows": 237282,"Plan Width": 16,"Actual Startup Time": 54.610,"Actual Total Time": 936.260,"Actual Rows": 230274,"Actual Loops": 1,"Recheck Cond": "((l_shipdate >= '1997-07-01'::date) AND (l_shipdate < '1997-10-01 00:00:00'::timestamp without time zone))","Rows Removed by Index Recheck": 0,"Exact Heap Blocks": 67274,"Lossy Heap Blocks": 0,"Plans": [{"Node Type": "Bitmap Index Scan","Parent Relationship": "Outer","Parallel Aware": false,"Async Capable": false,"Index Name": "idx_lineitem_shipdate","Startup Cost": 0.00,"Total Cost": 6033.25,"Plan Rows": 237282,"Plan Width": 0,"Actual Startup Time": 40.982,"Actual Total Time": 41.009,"Actual Rows": 230274,"Actual Loops": 1,"Index Cond": "((l_shipdate >= '1997-07-01'::date) AND (l_shipdate < '1997-10-01 00:00:00'::timestamp without time zone))"}]}]}]}]}]},"Planning Time": 4.364,"Triggers": [],"Execution Time": 2132.001}]
[{"Plan": {"Node Type": "Merge Join","Parallel Aware": false,"Async Capable": false,"Join Type": "Inner","Startup Cost": 250128.21,"Total Cost": 250649.11,"Plan Rows": 50,"Plan Width": 103,"Actual Startup Time": 2022.562,"Actual Total Time": 2022.614,"Actual Rows": 1,"Actual Loops": 1,"Inner Unique": true,"Merge Cond": "(supplier.s_suppkey = revenue0.supplier_no)","Plans": [{"Node Type": "Aggregate","Strategy": "Plain","Partial Mode": "Simple","Parent Relationship": "InitPlan","Subplan Name": "InitPlan 1 (returns $0)","Parallel Aware": false,"Async Capable": false,"Startup Cost": 125113.04,"Total Cost": 125113.05,"Plan Rows": 1,"Plan Width": 32,"Actual Startup Time": 928.683,"Actual Total Time": 928.707,"Actual Rows": 1,"Actual Loops": 1,"Plans": [{"Node Type": "Aggregate","Strategy": "Hashed","Partial Mode": "Simple","Parent Relationship": "Outer","Parallel Aware": false,"Async Capable": false,"Startup Cost": 124862.86,"Total Cost": 124987.95,"Plan Rows": 10007,"Plan Width": 36,"Actual Startup Time": 922.246,"Actual Total Time": 928.037,"Actual Rows": 10000,"Actual Loops": 1,"Group Key": ["lineitem_1.l_suppkey"],"Planned Partitions": 0,"HashAgg Batches": 1,"Peak Memory Usage": 4497,"Disk Usage": 0,"Plans": [{"Node Type": "Bitmap Heap Scan","Parent Relationship": "Outer","Parallel Aware": false,"Async Capable": false,"Relation Name": "lineitem","Alias": "lineitem_1","Startup Cost": 6263.81,"Total Cost": 122424.44,"Plan Rows": 243842,"Plan Width": 16,"Actual Startup Time": 48.690,"Actual Total Time": 710.961,"Actual Rows": 231712,"Actual Loops": 1,"Recheck Cond": "((l_shipdate >= '1995-03-01'::date) AND (l_shipdate < '1995-06-01 00:00:00'::timestamp without time zone))","Rows Removed by Index Recheck": 0,"Exact Heap Blocks": 67567,"Lossy Heap Blocks": 0,"Plans": [{"Node Type": "Bitmap Index Scan","Parent Relationship": "Outer","Parallel Aware": false,"Async Capable": false,"Index Name": "idx_lineitem_shipdate","Startup Cost": 0.00,"Total Cost": 6202.85,"Plan Rows": 243842,"Plan Width": 0,"Actual Startup Time": 35.293,"Actual Total Time": 35.308,"Actual Rows": 231712,"Actual Loops": 1,"Index Cond": "((l_shipdate >= '1995-03-01'::date) AND (l_shipdate < '1995-06-01 00:00:00'::timestamp without time zone))"}]}]}]},{"Node Type": "Index Scan","Parent Relationship": "Outer","Parallel Aware": false,"Async Capable": false,"Scan Direction": "Forward","Index Name": "supplier_pkey","Relation Name": "supplier","Alias": "supplier","Startup Cost": 0.29,"Total Cost": 495.43,"Plan Rows": 10000,"Plan Width": 71,"Actual Startup Time": 0.085,"Actual Total Time": 4.032,"Actual Rows": 2389,"Actual Loops": 1},{"Node Type": "Sort","Parent Relationship": "Inner","Parallel Aware": false,"Async Capable": false,"Startup Cost": 125014.88,"Total Cost": 125015.00,"Plan Rows": 50,"Plan Width": 36,"Actual Startup Time": 2018.326,"Actual Total Time": 2018.343,"Actual Rows": 1,"Actual Loops": 1,"Sort Key": ["revenue0.supplier_no"],"Sort Method": "quicksort","Sort Space Used": 25,"Sort Space Type": "Memory","Plans": [{"Node Type": "Subquery Scan","Parent Relationship": "Outer","Parallel Aware": false,"Async Capable": false,"Alias": "revenue0","Startup Cost": 124862.86,"Total Cost": 125013.47,"Plan Rows": 50,"Plan Width": 36,"Actual Startup Time": 2012.310,"Actual Total Time": 2018.289,"Actual Rows": 1,"Actual Loops": 1,"Plans": [{"Node Type": "Aggregate","Strategy": "Hashed","Partial Mode": "Simple","Parent Relationship": "Subquery","Parallel Aware": false,"Async Capable": false,"Startup Cost": 124862.86,"Total Cost": 125012.97,"Plan Rows": 50,"Plan Width": 36,"Actual Startup Time": 2012.297,"Actual Total Time": 2018.253,"Actual Rows": 1,"Actual Loops": 1,"Group Key": ["lineitem.l_suppkey"],"Filter": "(sum((lineitem.l_extendedprice * ('1'::numeric - lineitem.l_discount))) = $0)","Planned Partitions": 0,"HashAgg Batches": 1,"Peak Memory Usage": 4497,"Disk Usage": 0,"Rows Removed by Filter": 9999,"Plans": [{"Node Type": "Bitmap Heap Scan","Parent Relationship": "Outer","Parallel Aware": false,"Async Capable": false,"Relation Name": "lineitem","Alias": "lineitem","Startup Cost": 6263.81,"Total Cost": 122424.44,"Plan Rows": 243842,"Plan Width": 16,"Actual Startup Time": 47.520,"Actual Total Time": 900.245,"Actual Rows": 231712,"Actual Loops": 1,"Recheck Cond": "((l_shipdate >= '1995-03-01'::date) AND (l_shipdate < '1995-06-01 00:00:00'::timestamp without time zone))","Rows Removed by Index Recheck": 0,"Exact Heap Blocks": 67567,"Lossy Heap Blocks": 0,"Plans": [{"Node Type": "Bitmap Index Scan","Parent Relationship": "Outer","Parallel Aware": false,"Async Capable": false,"Index Name": "idx_lineitem_shipdate","Startup Cost": 0.00,"Total Cost": 6202.85,"Plan Rows": 243842,"Plan Width": 0,"Actual Startup Time": 34.598,"Actual Total Time": 34.600,"Actual Rows": 231712,"Actual Loops": 1,"Index Cond": "((l_shipdate >= '1995-03-01'::date) AND (l_shipdate < '1995-06-01 00:00:00'::timestamp without time zone))"}]}]}]}]}]},"Planning Time": 4.581,"Triggers": [],"Execution Time": 2027.411}]
[{"Plan": {"Node Type": "Merge Join","Parallel Aware": false,"Async Capable": false,"Join Type": "Inner","Startup Cost": 248479.68,"Total Cost": 249000.57,"Plan Rows": 50,"Plan Width": 103,"Actual Startup Time": 2053.100,"Actual Total Time": 2053.133,"Actual Rows": 1,"Actual Loops": 1,"Inner Unique": true,"Merge Cond": "(supplier.s_suppkey = revenue0.supplier_no)","Plans": [{"Node Type": "Aggregate","Strategy": "Plain","Partial Mode": "Simple","Parent Relationship": "InitPlan","Subplan Name": "InitPlan 1 (returns $0)","Parallel Aware": false,"Async Capable": false,"Startup Cost": 124288.77,"Total Cost": 124288.78,"Plan Rows": 1,"Plan Width": 32,"Actual Startup Time": 929.631,"Actual Total Time": 929.645,"Actual Rows": 1,"Actual Loops": 1,"Plans": [{"Node Type": "Aggregate","Strategy": "Hashed","Partial Mode": "Simple","Parent Relationship": "Outer","Parallel Aware": false,"Async Capable": false,"Startup Cost": 124038.60,"Total Cost": 124163.68,"Plan Rows": 10007,"Plan Width": 36,"Actual Startup Time": 921.618,"Actual Total Time": 929.055,"Actual Rows": 10000,"Actual Loops": 1,"Group Key": ["lineitem_1.l_suppkey"],"Planned Partitions": 0,"HashAgg Batches": 1,"Peak Memory Usage": 4497,"Disk Usage": 0,"Plans": [{"Node Type": "Bitmap Heap Scan","Parent Relationship": "Outer","Parallel Aware": false,"Async Capable": false,"Relation Name": "lineitem","Alias": "lineitem_1","Startup Cost": 5732.35,"Total Cost": 121806.48,"Plan Rows": 223211,"Plan Width": 16,"Actual Startup Time": 58.729,"Actual Total Time": 776.902,"Actual Rows": 224122,"Actual Loops": 1,"Recheck Cond": "((l_shipdate >= '1994-01-01'::date) AND (l_shipdate < '1994-04-01 00:00:00'::timestamp without time zone))","Rows Removed by Index Recheck": 0,"Exact Heap Blocks": 66544,"Lossy Heap Blocks": 0,"Plans": [{"Node Type": "Bitmap Index Scan","Parent Relationship": "Outer","Parallel Aware": false,"Async Capable": false,"Index Name": "idx_lineitem_shipdate","Startup Cost": 0.00,"Total Cost": 5676.54,"Plan Rows": 223211,"Plan Width": 0,"Actual Startup Time": 44.999,"Actual Total Time": 45.004,"Actual Rows": 224122,"Actual Loops": 1,"Index Cond": "((l_shipdate >= '1994-01-01'::date) AND (l_shipdate < '1994-04-01 00:00:00'::timestamp without time zone))"}]}]}]},{"Node Type": "Index Scan","Parent Relationship": "Outer","Parallel Aware": false,"Async Capable": false,"Scan Direction": "Forward","Index Name": "supplier_pkey","Relation Name": "supplier","Alias": "supplier","Startup Cost": 0.29,"Total Cost": 495.43,"Plan Rows": 10000,"Plan Width": 71,"Actual Startup Time": 0.106,"Actual Total Time": 4.039,"Actual Rows": 2328,"Actual Loops": 1},{"Node Type": "Sort","Parent Relationship": "Inner","Parallel Aware": false,"Async Capable": false,"Startup Cost": 124190.61,"Total Cost": 124190.74,"Plan Rows": 50,"Plan Width": 36,"Actual Startup Time": 2048.905,"Actual Total Time": 2048.913,"Actual Rows": 1,"Actual Loops": 1,"Sort Key": ["revenue0.supplier_no"],"Sort Method": "quicksort","Sort Space Used": 25,"Sort Space Type": "Memory","Plans": [{"Node Type": "Subquery Scan","Parent Relationship": "Outer","Parallel Aware": false,"Async Capable": false,"Alias": "revenue0","Startup Cost": 124038.60,"Total Cost": 124189.20,"Plan Rows": 50,"Plan Width": 36,"Actual Startup Time": 2034.594,"Actual Total Time": 2048.883,"Actual Rows": 1,"Actual Loops": 1,"Plans": [{"Node Type": "Aggregate","Strategy": "Hashed","Partial Mode": "Simple","Parent Relationship": "Subquery","Parallel Aware": false,"Async Capable": false,"Startup Cost": 124038.60,"Total Cost": 124188.70,"Plan Rows": 50,"Plan Width": 36,"Actual Startup Time": 2034.588,"Actual Total Time": 2048.875,"Actual Rows": 1,"Actual Loops": 1,"Group Key": ["lineitem.l_suppkey"],"Filter": "(sum((lineitem.l_extendedprice * ('1'::numeric - lineitem.l_discount))) = $0)","Planned Partitions": 0,"HashAgg Batches": 1,"Peak Memory Usage": 4497,"Disk Usage": 0,"Rows Removed by Filter": 9999,"Plans": [{"Node Type": "Bitmap Heap Scan","Parent Relationship": "Outer","Parallel Aware": false,"Async Capable": false,"Relation Name": "lineitem","Alias": "lineitem","Startup Cost": 5732.35,"Total Cost": 121806.48,"Plan Rows": 223211,"Plan Width": 16,"Actual Startup Time": 54.443,"Actual Total Time": 924.226,"Actual Rows": 224122,"Actual Loops": 1,"Recheck Cond": "((l_shipdate >= '1994-01-01'::date) AND (l_shipdate < '1994-04-01 00:00:00'::timestamp without time zone))","Rows Removed by Index Recheck": 0,"Exact Heap Blocks": 66544,"Lossy Heap Blocks": 0,"Plans": [{"Node Type": "Bitmap Index Scan","Parent Relationship": "Outer","Parallel Aware": false,"Async Capable": false,"Index Name": "idx_lineitem_shipdate","Startup Cost": 0.00,"Total Cost": 5676.54,"Plan Rows": 223211,"Plan Width": 0,"Actual Startup Time": 40.756,"Actual Total Time": 40.756,"Actual Rows": 224122,"Actual Loops": 1,"Index Cond": "((l_shipdate >= '1994-01-01'::date) AND (l_shipdate < '1994-04-01 00:00:00'::timestamp without time zone))"}]}]}]}]}]},"Planning Time": 4.844,"Triggers": [],"Execution Time": 2058.211}]
[{"Plan": {"Node Type": "Merge Join","Parallel Aware": false,"Async Capable": false,"Join Type": "Inner","Startup Cost": 248233.16,"Total Cost": 248754.06,"Plan Rows": 50,"Plan Width": 103,"Actual Startup Time": 2105.260,"Actual Total Time": 2105.296,"Actual Rows": 1,"Actual Loops": 1,"Inner Unique": true,"Merge Cond": "(supplier.s_suppkey = revenue0.supplier_no)","Plans": [{"Node Type": "Aggregate","Strategy": "Plain","Partial Mode": "Simple","Parent Relationship": "InitPlan","Subplan Name": "InitPlan 1 (returns $0)","Parallel Aware": false,"Async Capable": false,"Startup Cost": 124165.51,"Total Cost": 124165.52,"Plan Rows": 1,"Plan Width": 32,"Actual Startup Time": 961.388,"Actual Total Time": 961.403,"Actual Rows": 1,"Actual Loops": 1,"Plans": [{"Node Type": "Aggregate","Strategy": "Hashed","Partial Mode": "Simple","Parent Relationship": "Outer","Parallel Aware": false,"Async Capable": false,"Startup Cost": 123915.34,"Total Cost": 124040.43,"Plan Rows": 10007,"Plan Width": 36,"Actual Startup Time": 954.808,"Actual Total Time": 960.810,"Actual Rows": 10000,"Actual Loops": 1,"Group Key": ["lineitem_1.l_suppkey"],"Planned Partitions": 0,"HashAgg Batches": 1,"Peak Memory Usage": 4497,"Disk Usage": 0,"Plans": [{"Node Type": "Bitmap Heap Scan","Parent Relationship": "Outer","Parallel Aware": false,"Async Capable": false,"Relation Name": "lineitem","Alias": "lineitem_1","Startup Cost": 5773.28,"Total Cost": 121666.71,"Plan Rows": 224863,"Plan Width": 16,"Actual Startup Time": 71.714,"Actual Total Time": 807.278,"Actual Rows": 229559,"Actual Loops": 1,"Recheck Cond": "((l_shipdate >= '1996-07-01'::date) AND (l_shipdate < '1996-10-01 00:00:00'::timestamp without time zone))","Rows Removed by Index Recheck": 0,"Exact Heap Blocks": 67366,"Lossy Heap Blocks": 0,"Plans": [{"Node Type": "Bitmap Index Scan","Parent Relationship": "Outer","Parallel Aware": false,"Async Capable": false,"Index Name": "idx_lineitem_shipdate","Startup Cost": 0.00,"Total Cost": 5717.06,"Plan Rows": 224863,"Plan Width": 0,"Actual Startup Time": 57.516,"Actual Total Time": 57.524,"Actual Rows": 229559,"Actual Loops": 1,"Index Cond": "((l_shipdate >= '1996-07-01'::date) AND (l_shipdate < '1996-10-01 00:00:00'::timestamp without time zone))"}]}]}]},{"Node Type": "Index Scan","Parent Relationship": "Outer","Parallel Aware": false,"Async Capable": false,"Scan Direction": "Forward","Index Name": "supplier_pkey","Relation Name": "supplier","Alias": "supplier","Startup Cost": 0.29,"Total Cost": 495.43,"Plan Rows": 10000,"Plan Width": 71,"Actual Startup Time": 0.107,"Actual Total Time": 1.132,"Actual Rows": 494,"Actual Loops": 1},{"Node Type": "Sort","Parent Relationship": "Inner","Parallel Aware": false,"Async Capable": false,"Startup Cost": 124067.35,"Total Cost": 124067.48,"Plan Rows": 50,"Plan Width": 36,"Actual Startup Time": 2104.066,"Actual Total Time": 2104.076,"Actual Rows": 1,"Actual Loops": 1,"Sort Key": ["revenue0.supplier_no"],"Sort Method": "quicksort","Sort Space Used": 25,"Sort Space Type": "Memory","Plans": [{"Node Type": "Subquery Scan","Parent Relationship": "Outer","Parallel Aware": false,"Async Capable": false,"Alias": "revenue0","Startup Cost": 123915.34,"Total Cost": 124065.94,"Plan Rows": 50,"Plan Width": 36,"Actual Startup Time": 2096.785,"Actual Total Time": 2104.011,"Actual Rows": 1,"Actual Loops": 1,"Plans": [{"Node Type": "Aggregate","Strategy": "Hashed","Partial Mode": "Simple","Parent Relationship": "Subquery","Parallel Aware": false,"Async Capable": false,"Startup Cost": 123915.34,"Total Cost": 124065.44,"Plan Rows": 50,"Plan Width": 36,"Actual Startup Time": 2096.781,"Actual Total Time": 2104.004,"Actual Rows": 1,"Actual Loops": 1,"Group Key": ["lineitem.l_suppkey"],"Filter": "(sum((lineitem.l_extendedprice * ('1'::numeric - lineitem.l_discount))) = $0)","Planned Partitions": 0,"HashAgg Batches": 1,"Peak Memory Usage": 4497,"Disk Usage": 0,"Rows Removed by Filter": 9999,"Plans": [{"Node Type": "Bitmap Heap Scan","Parent Relationship": "Outer","Parallel Aware": false,"Async Capable": false,"Relation Name": "lineitem","Alias": "lineitem","Startup Cost": 5773.28,"Total Cost": 121666.71,"Plan Rows": 224863,"Plan Width": 16,"Actual Startup Time": 68.917,"Actual Total Time": 948.187,"Actual Rows": 229559,"Actual Loops": 1,"Recheck Cond": "((l_shipdate >= '1996-07-01'::date) AND (l_shipdate < '1996-10-01 00:00:00'::timestamp without time zone))","Rows Removed by Index Recheck": 0,"Exact Heap Blocks": 67366,"Lossy Heap Blocks": 0,"Plans": [{"Node Type": "Bitmap Index Scan","Parent Relationship": "Outer","Parallel Aware": false,"Async Capable": false,"Index Name": "idx_lineitem_shipdate","Startup Cost": 0.00,"Total Cost": 5717.06,"Plan Rows": 224863,"Plan Width": 0,"Actual Startup Time": 55.144,"Actual Total Time": 55.147,"Actual Rows": 229559,"Actual Loops": 1,"Index Cond": "((l_shipdate >= '1996-07-01'::date) AND (l_shipdate < '1996-10-01 00:00:00'::timestamp without time zone))"}]}]}]}]}]},"Planning Time": 4.946,"Triggers": [],"Execution Time": 2110.202}]
[{"Plan": {"Node Type": "Merge Join","Parallel Aware": false,"Async Capable": false,"Join Type": "Inner","Startup Cost": 248396.78,"Total Cost": 248917.68,"Plan Rows": 50,"Plan Width": 103,"Actual Startup Time": 2095.850,"Actual Total Time": 2095.890,"Actual Rows": 1,"Actual Loops": 1,"Inner Unique": true,"Merge Cond": "(supplier.s_suppkey = revenue0.supplier_no)","Plans": [{"Node Type": "Aggregate","Strategy": "Plain","Partial Mode": "Simple","Parent Relationship": "InitPlan","Subplan Name": "InitPlan 1 (returns $0)","Parallel Aware": false,"Async Capable": false,"Startup Cost": 124247.32,"Total Cost": 124247.33,"Plan Rows": 1,"Plan Width": 32,"Actual Startup Time": 948.091,"Actual Total Time": 948.105,"Actual Rows": 1,"Actual Loops": 1,"Plans": [{"Node Type": "Aggregate","Strategy": "Hashed","Partial Mode": "Simple","Parent Relationship": "Outer","Parallel Aware": false,"Async Capable": false,"Startup Cost": 123997.15,"Total Cost": 124122.24,"Plan Rows": 10007,"Plan Width": 36,"Actual Startup Time": 942.301,"Actual Total Time": 947.490,"Actual Rows": 10000,"Actual Loops": 1,"Group Key": ["lineitem_1.l_suppkey"],"Planned Partitions": 0,"HashAgg Batches": 1,"Peak Memory Usage": 4497,"Disk Usage": 0,"Plans": [{"Node Type": "Bitmap Heap Scan","Parent Relationship": "Outer","Parallel Aware": false,"Async Capable": false,"Relation Name": "lineitem","Alias": "lineitem_1","Startup Cost": 5824.85,"Total Cost": 121729.43,"Plan Rows": 226772,"Plan Width": 16,"Actual Startup Time": 65.919,"Actual Total Time": 796.903,"Actual Rows": 228852,"Actual Loops": 1,"Recheck Cond": "((l_shipdate >= '1995-09-01'::date) AND (l_shipdate < '1995-12-01 00:00:00'::timestamp without time zone))","Rows Removed by Index Recheck": 0,"Exact Heap Blocks": 67143,"Lossy Heap Blocks": 0,"Plans": [{"Node Type": "Bitmap Index Scan","Parent Relationship": "Outer","Parallel Aware": false,"Async Capable": false,"Index Name": "idx_lineitem_shipdate","Startup Cost": 0.00,"Total Cost": 5768.15,"Plan Rows": 226772,"Plan Width": 0,"Actual Startup Time": 51.856,"Actual Total Time": 51.860,"Actual Rows": 228852,"Actual Loops": 1,"Index Cond": "((l_shipdate >= '1995-09-01'::date) AND (l_shipdate < '1995-12-01 00:00:00'::timestamp without time zone))"}]}]}]},{"Node Type": "Index Scan","Parent Relationship": "Outer","Parallel Aware": false,"Async Capable": false,"Scan Direction": "Forward","Index Name": "supplier_pkey","Relation Name": "supplier","Alias": "supplier","Startup Cost": 0.29,"Total Cost": 495.43,"Plan Rows": 10000,"Plan Width": 71,"Actual Startup Time": 0.115,"Actual Total Time": 10.908,"Actual Rows": 6981,"Actual Loops": 1},{"Node Type": "Sort","Parent Relationship": "Inner","Parallel Aware": false,"Async Capable": false,"Startup Cost": 124149.17,"Total Cost": 124149.29,"Plan Rows": 50,"Plan Width": 36,"Actual Startup Time": 2084.538,"Actual Total Time": 2084.549,"Actual Rows": 1,"Actual Loops": 1,"Sort Key": ["revenue0.supplier_no"],"Sort Method": "quicksort","Sort Space Used": 25,"Sort Space Type": "Memory","Plans": [{"Node Type": "Subquery Scan","Parent Relationship": "Outer","Parallel Aware": false,"Async Capable": false,"Alias": "revenue0","Startup Cost": 123997.15,"Total Cost": 124147.75,"Plan Rows": 50,"Plan Width": 36,"Actual Startup Time": 2063.527,"Actual Total Time": 2084.498,"Actual Rows": 1,"Actual Loops": 1,"Plans": [{"Node Type": "Aggregate","Strategy": "Hashed","Partial Mode": "Simple","Parent Relationship": "Subquery","Parallel Aware": false,"Async Capable": false,"Startup Cost": 123997.15,"Total Cost": 124147.25,"Plan Rows": 50,"Plan Width": 36,"Actual Startup Time": 2063.519,"Actual Total Time": 2084.488,"Actual Rows": 1,"Actual Loops": 1,"Group Key": ["lineitem.l_suppkey"],"Filter": "(sum((lineitem.l_extendedprice * ('1'::numeric - lineitem.l_discount))) = $0)","Planned Partitions": 0,"HashAgg Batches": 1,"Peak Memory Usage": 4497,"Disk Usage": 0,"Rows Removed by Filter": 9999,"Plans": [{"Node Type": "Bitmap Heap Scan","Parent Relationship": "Outer","Parallel Aware": false,"Async Capable": false,"Relation Name": "lineitem","Alias": "lineitem","Startup Cost": 5824.85,"Total Cost": 121729.43,"Plan Rows": 226772,"Plan Width": 16,"Actual Startup Time": 62.224,"Actual Total Time": 938.636,"Actual Rows": 228852,"Actual Loops": 1,"Recheck Cond": "((l_shipdate >= '1995-09-01'::date) AND (l_shipdate < '1995-12-01 00:00:00'::timestamp without time zone))","Rows Removed by Index Recheck": 0,"Exact Heap Blocks": 67143,"Lossy Heap Blocks": 0,"Plans": [{"Node Type": "Bitmap Index Scan","Parent Relationship": "Outer","Parallel Aware": false,"Async Capable": false,"Index Name": "idx_lineitem_shipdate","Startup Cost": 0.00,"Total Cost": 5768.15,"Plan Rows": 226772,"Plan Width": 0,"Actual Startup Time": 48.458,"Actual Total Time": 48.459,"Actual Rows": 228852,"Actual Loops": 1,"Index Cond": "((l_shipdate >= '1995-09-01'::date) AND (l_shipdate < '1995-12-01 00:00:00'::timestamp without time zone))"}]}]}]}]}]},"Planning Time": 4.958,"Triggers": [],"Execution Time": 2102.199}]
[{"Plan": {"Node Type": "Merge Join","Parallel Aware": false,"Async Capable": false,"Join Type": "Inner","Startup Cost": 248853.69,"Total Cost": 249374.58,"Plan Rows": 50,"Plan Width": 103,"Actual Startup Time": 2069.794,"Actual Total Time": 2069.839,"Actual Rows": 1,"Actual Loops": 1,"Inner Unique": true,"Merge Cond": "(supplier.s_suppkey = revenue0.supplier_no)","Plans": [{"Node Type": "Aggregate","Strategy": "Plain","Partial Mode": "Simple","Parent Relationship": "InitPlan","Subplan Name": "InitPlan 1 (returns $0)","Parallel Aware": false,"Async Capable": false,"Startup Cost": 124475.78,"Total Cost": 124475.79,"Plan Rows": 1,"Plan Width": 32,"Actual Startup Time": 939.556,"Actual Total Time": 939.568,"Actual Rows": 1,"Actual Loops": 1,"Plans": [{"Node Type": "Aggregate","Strategy": "Hashed","Partial Mode": "Simple","Parent Relationship": "Outer","Parallel Aware": false,"Async Capable": false,"Startup Cost": 124225.60,"Total Cost": 124350.69,"Plan Rows": 10007,"Plan Width": 36,"Actual Startup Time": 931.775,"Actual Total Time": 938.967,"Actual Rows": 10000,"Actual Loops": 1,"Group Key": ["lineitem_1.l_suppkey"],"Planned Partitions": 0,"HashAgg Batches": 1,"Peak Memory Usage": 4497,"Disk Usage": 0,"Plans": [{"Node Type": "Bitmap Heap Scan","Parent Relationship": "Outer","Parallel Aware": false,"Async Capable": false,"Relation Name": "lineitem","Alias": "lineitem_1","Startup Cost": 5939.50,"Total Cost": 121912.36,"Plan Rows": 231324,"Plan Width": 16,"Actual Startup Time": 57.879,"Actual Total Time": 785.253,"Actual Rows": 226918,"Actual Loops": 1,"Recheck Cond": "((l_shipdate >= '1994-09-01'::date) AND (l_shipdate < '1994-12-01 00:00:00'::timestamp without time zone))","Rows Removed by Index Recheck": 0,"Exact Heap Blocks": 67096,"Lossy Heap Blocks": 0,"Plans": [{"Node Type": "Bitmap Index Scan","Parent Relationship": "Outer","Parallel Aware": false,"Async Capable": false,"Index Name": "idx_lineitem_shipdate","Startup Cost": 0.00,"Total Cost": 5881.67,"Plan Rows": 231324,"Plan Width": 0,"Actual Startup Time": 44.092,"Actual Total Time": 44.094,"Actual Rows": 226918,"Actual Loops": 1,"Index Cond": "((l_shipdate >= '1994-09-01'::date) AND (l_shipdate < '1994-12-01 00:00:00'::timestamp without time zone))"}]}]}]},{"Node Type": "Index Scan","Parent Relationship": "Outer","Parallel Aware": false,"Async Capable": false,"Scan Direction": "Forward","Index Name": "supplier_pkey","Relation Name": "supplier","Alias": "supplier","Startup Cost": 0.29,"Total Cost": 495.43,"Plan Rows": 10000,"Plan Width": 71,"Actual Startup Time": 0.128,"Actual Total Time": 7.377,"Actual Rows": 4443,"Actual Loops": 1},{"Node Type": "Sort","Parent Relationship": "Inner","Parallel Aware": false,"Async Capable": false,"Startup Cost": 124377.62,"Total Cost": 124377.74,"Plan Rows": 50,"Plan Width": 36,"Actual Startup Time": 2062.143,"Actual Total Time": 2062.163,"Actual Rows": 1,"Actual Loops": 1,"Sort Key": ["revenue0.supplier_no"],"Sort Method": "quicksort","Sort Space Used": 25,"Sort Space Type": "Memory","Plans": [{"Node Type": "Subquery Scan","Parent Relationship": "Outer","Parallel Aware": false,"Async Capable": false,"Alias": "revenue0","Startup Cost": 124225.60,"Total Cost": 124376.21,"Plan Rows": 50,"Plan Width": 36,"Actual Startup Time": 2040.368,"Actual Total Time": 2062.123,"Actual Rows": 1,"Actual Loops": 1,"Plans": [{"Node Type": "Aggregate","Strategy": "Hashed","Partial Mode": "Simple","Parent Relationship": "Subquery","Parallel Aware": false,"Async Capable": false,"Startup Cost": 124225.60,"Total Cost": 124375.71,"Plan Rows": 50,"Plan Width": 36,"Actual Startup Time": 2040.362,"Actual Total Time": 2062.108,"Actual Rows": 1,"Actual Loops": 1,"Group Key": ["lineitem.l_suppkey"],"Filter": "(sum((lineitem.l_extendedprice * ('1'::numeric - lineitem.l_discount))) = $0)","Planned Partitions": 0,"HashAgg Batches": 1,"Peak Memory Usage": 4497,"Disk Usage": 0,"Rows Removed by Filter": 9999,"Plans": [{"Node Type": "Bitmap Heap Scan","Parent Relationship": "Outer","Parallel Aware": false,"Async Capable": false,"Relation Name": "lineitem","Alias": "lineitem","Startup Cost": 5939.50,"Total Cost": 121912.36,"Plan Rows": 231324,"Plan Width": 16,"Actual Startup Time": 54.706,"Actual Total Time": 926.482,"Actual Rows": 226918,"Actual Loops": 1,"Recheck Cond": "((l_shipdate >= '1994-09-01'::date) AND (l_shipdate < '1994-12-01 00:00:00'::timestamp without time zone))","Rows Removed by Index Recheck": 0,"Exact Heap Blocks": 67096,"Lossy Heap Blocks": 0,"Plans": [{"Node Type": "Bitmap Index Scan","Parent Relationship": "Outer","Parallel Aware": false,"Async Capable": false,"Index Name": "idx_lineitem_shipdate","Startup Cost": 0.00,"Total Cost": 5881.67,"Plan Rows": 231324,"Plan Width": 0,"Actual Startup Time": 41.081,"Actual Total Time": 41.084,"Actual Rows": 226918,"Actual Loops": 1,"Index Cond": "((l_shipdate >= '1994-09-01'::date) AND (l_shipdate < '1994-12-01 00:00:00'::timestamp without time zone))"}]}]}]}]}]},"Planning Time": 4.073,"Triggers": [],"Execution Time": 2075.054}]
[{"Plan": {"Node Type": "Merge Join","Parallel Aware": false,"Async Capable": false,"Join Type": "Inner","Startup Cost": 248249.45,"Total Cost": 248770.35,"Plan Rows": 50,"Plan Width": 103,"Actual Startup Time": 1933.210,"Actual Total Time": 1933.238,"Actual Rows": 1,"Actual Loops": 1,"Inner Unique": true,"Merge Cond": "(supplier.s_suppkey = revenue0.supplier_no)","Plans": [{"Node Type": "Aggregate","Strategy": "Plain","Partial Mode": "Simple","Parent Relationship": "InitPlan","Subplan Name": "InitPlan 1 (returns $0)","Parallel Aware": false,"Async Capable": false,"Startup Cost": 124173.66,"Total Cost": 124173.67,"Plan Rows": 1,"Plan Width": 32,"Actual Startup Time": 840.754,"Actual Total Time": 840.766,"Actual Rows": 1,"Actual Loops": 1,"Plans": [{"Node Type": "Aggregate","Strategy": "Hashed","Partial Mode": "Simple","Parent Relationship": "Outer","Parallel Aware": false,"Async Capable": false,"Startup Cost": 123923.48,"Total Cost": 124048.57,"Plan Rows": 10007,"Plan Width": 36,"Actual Startup Time": 831.124,"Actual Total Time": 840.175,"Actual Rows": 10000,"Actual Loops": 1,"Group Key": ["lineitem_1.l_suppkey"],"Planned Partitions": 0,"HashAgg Batches": 1,"Peak Memory Usage": 4497,"Disk Usage": 0,"Plans": [{"Node Type": "Bitmap Heap Scan","Parent Relationship": "Outer","Parallel Aware": false,"Async Capable": false,"Relation Name": "lineitem","Alias": "lineitem_1","Startup Cost": 5786.40,"Total Cost": 121669.85,"Plan Rows": 225363,"Plan Width": 16,"Actual Startup Time": 50.816,"Actual Total Time": 670.813,"Actual Rows": 229315,"Actual Loops": 1,"Recheck Cond": "((l_shipdate >= '1994-05-01'::date) AND (l_shipdate < '1994-08-01 00:00:00'::timestamp without time zone))","Rows Removed by Index Recheck": 0,"Exact Heap Blocks": 67035,"Lossy Heap Blocks": 0,"Plans": [{"Node Type": "Bitmap Index Scan","Parent Relationship": "Outer","Parallel Aware": false,"Async Capable": false,"Index Name": "idx_lineitem_shipdate","Startup Cost": 0.00,"Total Cost": 5730.06,"Plan Rows": 225363,"Plan Width": 0,"Actual Startup Time": 37.324,"Actual Total Time": 37.329,"Actual Rows": 229315,"Actual Loops": 1,"Index Cond": "((l_shipdate >= '1994-05-01'::date) AND (l_shipdate < '1994-08-01 00:00:00'::timestamp without time zone))"}]}]}]},{"Node Type": "Index Scan","Parent Relationship": "Outer","Parallel Aware": false,"Async Capable": false,"Scan Direction": "Forward","Index Name": "supplier_pkey","Relation Name": "supplier","Alias": "supplier","Startup Cost": 0.29,"Total Cost": 495.43,"Plan Rows": 10000,"Plan Width": 71,"Actual Startup Time": 0.122,"Actual Total Time": 5.559,"Actual Rows": 3302,"Actual Loops": 1},{"Node Type": "Sort","Parent Relationship": "Inner","Parallel Aware": false,"Async Capable": false,"Startup Cost": 124075.50,"Total Cost": 124075.62,"Plan Rows": 50,"Plan Width": 36,"Actual Startup Time": 1927.428,"Actual Total Time": 1927.436,"Actual Rows": 1,"Actual Loops": 1,"Sort Key": ["revenue0.supplier_no"],"Sort Method": "quicksort","Sort Space Used": 25,"Sort Space Type": "Memory","Plans": [{"Node Type": "Subquery Scan","Parent Relationship": "Outer","Parallel Aware": false,"Async Capable": false,"Alias": "revenue0","Startup Cost": 123923.48,"Total Cost": 124074.09,"Plan Rows": 50,"Plan Width": 36,"Actual Startup Time": 1920.770,"Actual Total Time": 1927.389,"Actual Rows": 1,"Actual Loops": 1,"Plans": [{"Node Type": "Aggregate","Strategy": "Hashed","Partial Mode": "Simple","Parent Relationship": "Subquery","Parallel Aware": false,"Async Capable": false,"Startup Cost": 123923.48,"Total Cost": 124073.59,"Plan Rows": 50,"Plan Width": 36,"Actual Startup Time": 1920.765,"Actual Total Time": 1927.379,"Actual Rows": 1,"Actual Loops": 1,"Group Key": ["lineitem.l_suppkey"],"Filter": "(sum((lineitem.l_extendedprice * ('1'::numeric - lineitem.l_discount))) = $0)","Planned Partitions": 0,"HashAgg Batches": 1,"Peak Memory Usage": 4497,"Disk Usage": 0,"Rows Removed by Filter": 9999,"Plans": [{"Node Type": "Bitmap Heap Scan","Parent Relationship": "Outer","Parallel Aware": false,"Async Capable": false,"Relation Name": "lineitem","Alias": "lineitem","Startup Cost": 5786.40,"Total Cost": 121669.85,"Plan Rows": 225363,"Plan Width": 16,"Actual Startup Time": 48.974,"Actual Total Time": 887.234,"Actual Rows": 229315,"Actual Loops": 1,"Recheck Cond": "((l_shipdate >= '1994-05-01'::date) AND (l_shipdate < '1994-08-01 00:00:00'::timestamp without time zone))","Rows Removed by Index Recheck": 0,"Exact Heap Blocks": 67035,"Lossy Heap Blocks": 0,"Plans": [{"Node Type": "Bitmap Index Scan","Parent Relationship": "Outer","Parallel Aware": false,"Async Capable": false,"Index Name": "idx_lineitem_shipdate","Startup Cost": 0.00,"Total Cost": 5730.06,"Plan Rows": 225363,"Plan Width": 0,"Actual Startup Time": 35.843,"Actual Total Time": 35.843,"Actual Rows": 229315,"Actual Loops": 1,"Index Cond": "((l_shipdate >= '1994-05-01'::date) AND (l_shipdate < '1994-08-01 00:00:00'::timestamp without time zone))"}]}]}]}]}]},"Planning Time": 4.354,"Triggers": [],"Execution Time": 1936.888}]
[{"Plan": {"Node Type": "Merge Join","Parallel Aware": false,"Async Capable": false,"Join Type": "Inner","Startup Cost": 249118.89,"Total Cost": 249639.79,"Plan Rows": 50,"Plan Width": 103,"Actual Startup Time": 2101.709,"Actual Total Time": 2101.748,"Actual Rows": 1,"Actual Loops": 1,"Inner Unique": true,"Merge Cond": "(supplier.s_suppkey = revenue0.supplier_no)","Plans": [{"Node Type": "Aggregate","Strategy": "Plain","Partial Mode": "Simple","Parent Relationship": "InitPlan","Subplan Name": "InitPlan 1 (returns $0)","Parallel Aware": false,"Async Capable": false,"Startup Cost": 124608.38,"Total Cost": 124608.39,"Plan Rows": 1,"Plan Width": 32,"Actual Startup Time": 954.180,"Actual Total Time": 954.190,"Actual Rows": 1,"Actual Loops": 1,"Plans": [{"Node Type": "Aggregate","Strategy": "Hashed","Partial Mode": "Simple","Parent Relationship": "Outer","Parallel Aware": false,"Async Capable": false,"Startup Cost": 124358.20,"Total Cost": 124483.29,"Plan Rows": 10007,"Plan Width": 36,"Actual Startup Time": 944.717,"Actual Total Time": 953.609,"Actual Rows": 10000,"Actual Loops": 1,"Group Key": ["lineitem_1.l_suppkey"],"Planned Partitions": 0,"HashAgg Batches": 1,"Peak Memory Usage": 4497,"Disk Usage": 0,"Plans": [{"Node Type": "Bitmap Heap Scan","Parent Relationship": "Outer","Parallel Aware": false,"Async Capable": false,"Relation Name": "lineitem","Alias": "lineitem_1","Startup Cost": 6006.43,"Total Cost": 122018.70,"Plan Rows": 233951,"Plan Width": 16,"Actual Startup Time": 66.327,"Actual Total Time": 795.231,"Actual Rows": 229338,"Actual Loops": 1,"Recheck Cond": "((l_shipdate >= '1993-07-01'::date) AND (l_shipdate < '1993-10-01 00:00:00'::timestamp without time zone))","Rows Removed by Index Recheck": 0,"Exact Heap Blocks": 67061,"Lossy Heap Blocks": 0,"Plans": [{"Node Type": "Bitmap Index Scan","Parent Relationship": "Outer","Parallel Aware": false,"Async Capable": false,"Index Name": "idx_lineitem_shipdate","Startup Cost": 0.00,"Total Cost": 5947.94,"Plan Rows": 233951,"Plan Width": 0,"Actual Startup Time": 52.411,"Actual Total Time": 52.417,"Actual Rows": 229338,"Actual Loops": 1,"Index Cond": "((l_shipdate >= '1993-07-01'::date) AND (l_shipdate < '1993-10-01 00:00:00'::timestamp without time zone))"}]}]}]},{"Node Type": "Index Scan","Parent Relationship": "Outer","Parallel Aware": false,"Async Capable": false,"Scan Direction": "Forward","Index Name": "supplier_pkey","Relation Name": "supplier","Alias": "supplier","Startup Cost": 0.29,"Total Cost": 495.43,"Plan Rows": 10000,"Plan Width": 71,"Actual Startup Time": 0.105,"Actual Total Time": 12.941,"Actual Rows": 8280,"Actual Loops": 1},{"Node Type": "Sort","Parent Relationship": "Inner","Parallel Aware": false,"Async Capable": false,"Startup Cost": 124510.22,"Total Cost": 124510.34,"Plan Rows": 50,"Plan Width": 36,"Actual Startup Time": 2088.290,"Actual Total Time": 2088.302,"Actual Rows": 1,"Actual Loops": 1,"Sort Key": ["revenue0.supplier_no"],"Sort Method": "quicksort","Sort Space Used": 25,"Sort Space Type": "Memory","Plans": [{"Node Type": "Subquery Scan","Parent Relationship": "Outer","Parallel Aware": false,"Async Capable": false,"Alias": "revenue0","Startup Cost": 124358.20,"Total Cost": 124508.81,"Plan Rows": 50,"Plan Width": 36,"Actual Startup Time": 2064.473,"Actual Total Time": 2088.234,"Actual Rows": 1,"Actual Loops": 1,"Plans": [{"Node Type": "Aggregate","Strategy": "Hashed","Partial Mode": "Simple","Parent Relationship": "Subquery","Parallel Aware": false,"Async Capable": false,"Startup Cost": 124358.20,"Total Cost": 124508.31,"Plan Rows": 50,"Plan Width": 36,"Actual Startup Time": 2064.468,"Actual Total Time": 2088.223,"Actual Rows": 1,"Actual Loops": 1,"Group Key": ["lineitem.l_suppkey"],"Filter": "(sum((lineitem.l_extendedprice * ('1'::numeric - lineitem.l_discount))) = $0)","Planned Partitions": 0,"HashAgg Batches": 1,"Peak Memory Usage": 4497,"Disk Usage": 0,"Rows Removed by Filter": 9999,"Plans": [{"Node Type": "Bitmap Heap Scan","Parent Relationship": "Outer","Parallel Aware": false,"Async Capable": false,"Relation Name": "lineitem","Alias": "lineitem","Startup Cost": 6006.43,"Total Cost": 122018.70,"Plan Rows": 233951,"Plan Width": 16,"Actual Startup Time": 62.518,"Actual Total Time": 939.412,"Actual Rows": 229338,"Actual Loops": 1,"Recheck Cond": "((l_shipdate >= '1993-07-01'::date) AND (l_shipdate < '1993-10-01 00:00:00'::timestamp without time zone))","Rows Removed by Index Recheck": 0,"Exact Heap Blocks": 67061,"Lossy Heap Blocks": 0,"Plans": [{"Node Type": "Bitmap Index Scan","Parent Relationship": "Outer","Parallel Aware": false,"Async Capable": false,"Index Name": "idx_lineitem_shipdate","Startup Cost": 0.00,"Total Cost": 5947.94,"Plan Rows": 233951,"Plan Width": 0,"Actual Startup Time": 48.803,"Actual Total Time": 48.804,"Actual Rows": 229338,"Actual Loops": 1,"Index Cond": "((l_shipdate >= '1993-07-01'::date) AND (l_shipdate < '1993-10-01 00:00:00'::timestamp without time zone))"}]}]}]}]}]},"Planning Time": 4.394,"Triggers": [],"Execution Time": 2106.441}]
[{"Plan": {"Node Type": "Merge Join","Parallel Aware": false,"Async Capable": false,"Join Type": "Inner","Startup Cost": 248716.76,"Total Cost": 249237.66,"Plan Rows": 50,"Plan Width": 103,"Actual Startup Time": 1990.692,"Actual Total Time": 1990.747,"Actual Rows": 1,"Actual Loops": 1,"Inner Unique": true,"Merge Cond": "(supplier.s_suppkey = revenue0.supplier_no)","Plans": [{"Node Type": "Aggregate","Strategy": "Plain","Partial Mode": "Simple","Parent Relationship": "InitPlan","Subplan Name": "InitPlan 1 (returns $0)","Parallel Aware": false,"Async Capable": false,"Startup Cost": 124407.31,"Total Cost": 124407.32,"Plan Rows": 1,"Plan Width": 32,"Actual Startup Time": 912.658,"Actual Total Time": 912.682,"Actual Rows": 1,"Actual Loops": 1,"Plans": [{"Node Type": "Aggregate","Strategy": "Hashed","Partial Mode": "Simple","Parent Relationship": "Outer","Parallel Aware": false,"Async Capable": false,"Startup Cost": 124157.14,"Total Cost": 124282.22,"Plan Rows": 10007,"Plan Width": 36,"Actual Startup Time": 906.053,"Actual Total Time": 912.012,"Actual Rows": 10000,"Actual Loops": 1,"Group Key": ["lineitem_1.l_suppkey"],"Planned Partitions": 0,"HashAgg Batches": 1,"Peak Memory Usage": 4497,"Disk Usage": 0,"Plans": [{"Node Type": "Bitmap Heap Scan","Parent Relationship": "Outer","Parallel Aware": false,"Async Capable": false,"Relation Name": "lineitem","Alias": "lineitem_1","Startup Cost": 5905.41,"Total Cost": 121857.64,"Plan Rows": 229949,"Plan Width": 16,"Actual Startup Time": 50.167,"Actual Total Time": 694.084,"Actual Rows": 228979,"Actual Loops": 1,"Recheck Cond": "((l_shipdate >= '1995-04-01'::date) AND (l_shipdate < '1995-07-01 00:00:00'::timestamp without time zone))","Rows Removed by Index Recheck": 0,"Exact Heap Blocks": 67322,"Lossy Heap Blocks": 0,"Plans": [{"Node Type": "Bitmap Index Scan","Parent Relationship": "Outer","Parallel Aware": false,"Async Capable": false,"Index Name": "idx_lineitem_shipdate","Startup Cost": 0.00,"Total Cost": 5847.92,"Plan Rows": 229949,"Plan Width": 0,"Actual Startup Time": 36.579,"Actual Total Time": 36.594,"Actual Rows": 228979,"Actual Loops": 1,"Index Cond": "((l_shipdate >= '1995-04-01'::date) AND (l_shipdate < '1995-07-01 00:00:00'::timestamp without time zone))"}]}]}]},{"Node Type": "Index Scan","Parent Relationship": "Outer","Parallel Aware": false,"Async Capable": false,"Scan Direction": "Forward","Index Name": "supplier_pkey","Relation Name": "supplier","Alias": "supplier","Startup Cost": 0.29,"Total Cost": 495.43,"Plan Rows": 10000,"Plan Width": 71,"Actual Startup Time": 0.097,"Actual Total Time": 1.843,"Actual Rows": 983,"Actual Loops": 1},{"Node Type": "Sort","Parent Relationship": "Inner","Parallel Aware": false,"Async Capable": false,"Startup Cost": 124309.15,"Total Cost": 124309.28,"Plan Rows": 50,"Plan Width": 36,"Actual Startup Time": 1988.729,"Actual Total Time": 1988.742,"Actual Rows": 1,"Actual Loops": 1,"Sort Key": ["revenue0.supplier_no"],"Sort Method": "quicksort","Sort Space Used": 25,"Sort Space Type": "Memory","Plans": [{"Node Type": "Subquery Scan","Parent Relationship": "Outer","Parallel Aware": false,"Async Capable": false,"Alias": "revenue0","Startup Cost": 124157.14,"Total Cost": 124307.74,"Plan Rows": 50,"Plan Width": 36,"Actual Startup Time": 1987.287,"Actual Total Time": 1988.674,"Actual Rows": 1,"Actual Loops": 1,"Plans": [{"Node Type": "Aggregate","Strategy": "Hashed","Partial Mode": "Simple","Parent Relationship": "Subquery","Parallel Aware": false,"Async Capable": false,"Startup Cost": 124157.14,"Total Cost": 124307.24,"Plan Rows": 50,"Plan Width": 36,"Actual Startup Time": 1987.273,"Actual Total Time": 1988.637,"Actual Rows": 1,"Actual Loops": 1,"Group Key": ["lineitem.l_suppkey"],"Filter": "(sum((lineitem.l_extendedprice * ('1'::numeric - lineitem.l_discount))) = $0)","Planned Partitions": 0,"HashAgg Batches": 1,"Peak Memory Usage": 4497,"Disk Usage": 0,"Rows Removed by Filter": 9999,"Plans": [{"Node Type": "Bitmap Heap Scan","Parent Relationship": "Outer","Parallel Aware": false,"Async Capable": false,"Relation Name": "lineitem","Alias": "lineitem","Startup Cost": 5905.41,"Total Cost": 121857.64,"Plan Rows": 229949,"Plan Width": 16,"Actual Startup Time": 50.252,"Actual Total Time": 888.847,"Actual Rows": 228979,"Actual Loops": 1,"Recheck Cond": "((l_shipdate >= '1995-04-01'::date) AND (l_shipdate < '1995-07-01 00:00:00'::timestamp without time zone))","Rows Removed by Index Recheck": 0,"Exact Heap Blocks": 67322,"Lossy Heap Blocks": 0,"Plans": [{"Node Type": "Bitmap Index Scan","Parent Relationship": "Outer","Parallel Aware": false,"Async Capable": false,"Index Name": "idx_lineitem_shipdate","Startup Cost": 0.00,"Total Cost": 5847.92,"Plan Rows": 229949,"Plan Width": 0,"Actual Startup Time": 36.820,"Actual Total Time": 36.820,"Actual Rows": 228979,"Actual Loops": 1,"Index Cond": "((l_shipdate >= '1995-04-01'::date) AND (l_shipdate < '1995-07-01 00:00:00'::timestamp without time zone))"}]}]}]}]}]},"Planning Time": 4.044,"Triggers": [],"Execution Time": 1996.677}]
[{"Plan": {"Node Type": "Merge Join","Parallel Aware": false,"Async Capable": false,"Join Type": "Inner","Startup Cost": 249071.51,"Total Cost": 249592.41,"Plan Rows": 50,"Plan Width": 103,"Actual Startup Time": 2110.599,"Actual Total Time": 2110.677,"Actual Rows": 1,"Actual Loops": 1,"Inner Unique": true,"Merge Cond": "(supplier.s_suppkey = revenue0.supplier_no)","Plans": [{"Node Type": "Aggregate","Strategy": "Plain","Partial Mode": "Simple","Parent Relationship": "InitPlan","Subplan Name": "InitPlan 1 (returns $0)","Parallel Aware": false,"Async Capable": false,"Startup Cost": 124584.69,"Total Cost": 124584.70,"Plan Rows": 1,"Plan Width": 32,"Actual Startup Time": 993.769,"Actual Total Time": 993.795,"Actual Rows": 1,"Actual Loops": 1,"Plans": [{"Node Type": "Aggregate","Strategy": "Hashed","Partial Mode": "Simple","Parent Relationship": "Outer","Parallel Aware": false,"Async Capable": false,"Startup Cost": 124334.51,"Total Cost": 124459.60,"Plan Rows": 10007,"Plan Width": 36,"Actual Startup Time": 986.871,"Actual Total Time": 993.109,"Actual Rows": 10000,"Actual Loops": 1,"Group Key": ["lineitem_1.l_suppkey"],"Planned Partitions": 0,"HashAgg Batches": 1,"Peak Memory Usage": 4497,"Disk Usage": 0,"Plans": [{"Node Type": "Bitmap Heap Scan","Parent Relationship": "Outer","Parallel Aware": false,"Async Capable": false,"Relation Name": "lineitem","Alias": "lineitem_1","Startup Cost": 5625.90,"Total Cost": 122143.81,"Plan Rows": 219070,"Plan Width": 16,"Actual Startup Time": 58.722,"Actual Total Time": 774.337,"Actual Rows": 229004,"Actual Loops": 1,"Recheck Cond": "((l_shipdate >= '1993-11-01'::date) AND (l_shipdate < '1994-02-01 00:00:00'::timestamp without time zone))","Rows Removed by Index Recheck": 0,"Exact Heap Blocks": 67131,"Lossy Heap Blocks": 0,"Plans": [{"Node Type": "Bitmap Index Scan","Parent Relationship": "Outer","Parallel Aware": false,"Async Capable": false,"Index Name": "idx_lineitem_shipdate","Startup Cost": 0.00,"Total Cost": 5571.13,"Plan Rows": 219070,"Plan Width": 0,"Actual Startup Time": 44.914,"Actual Total Time": 44.935,"Actual Rows": 229004,"Actual Loops": 1,"Index Cond": "((l_shipdate >= '1993-11-01'::date) AND (l_shipdate < '1994-02-01 00:00:00'::timestamp without time zone))"}]}]}]},{"Node Type": "Index Scan","Parent Relationship": "Outer","Parallel Aware": false,"Async Capable": false,"Scan Direction": "Forward","Index Name": "supplier_pkey","Relation Name": "supplier","Alias": "supplier","Startup Cost": 0.29,"Total Cost": 495.43,"Plan Rows": 10000,"Plan Width": 71,"Actual Startup Time": 0.107,"Actual Total Time": 9.434,"Actual Rows": 5487,"Actual Loops": 1},{"Node Type": "Sort","Parent Relationship": "Inner","Parallel Aware": false,"Async Capable": false,"Startup Cost": 124486.53,"Total Cost": 124486.65,"Plan Rows": 50,"Plan Width": 36,"Actual Startup Time": 2100.793,"Actual Total Time": 2100.813,"Actual Rows": 1,"Actual Loops": 1,"Sort Key": ["revenue0.supplier_no"],"Sort Method": "quicksort","Sort Space Used": 25,"Sort Space Type": "Memory","Plans": [{"Node Type": "Subquery Scan","Parent Relationship": "Outer","Parallel Aware": false,"Async Capable": false,"Alias": "revenue0","Startup Cost": 124334.51,"Total Cost": 124485.12,"Plan Rows": 50,"Plan Width": 36,"Actual Startup Time": 2097.633,"Actual Total Time": 2100.707,"Actual Rows": 1,"Actual Loops": 1,"Plans": [{"Node Type": "Aggregate","Strategy": "Hashed","Partial Mode": "Simple","Parent Relationship": "Subquery","Parallel Aware": false,"Async Capable": false,"Startup Cost": 124334.51,"Total Cost": 124484.62,"Plan Rows": 50,"Plan Width": 36,"Actual Startup Time": 2097.616,"Actual Total Time": 2100.659,"Actual Rows": 1,"Actual Loops": 1,"Group Key": ["lineitem.l_suppkey"],"Filter": "(sum((lineitem.l_extendedprice * ('1'::numeric - lineitem.l_discount))) = $0)","Planned Partitions": 0,"HashAgg Batches": 1,"Peak Memory Usage": 4497,"Disk Usage": 0,"Rows Removed by Filter": 9999,"Plans": [{"Node Type": "Bitmap Heap Scan","Parent Relationship": "Outer","Parallel Aware": false,"Async Capable": false,"Relation Name": "lineitem","Alias": "lineitem","Startup Cost": 5625.90,"Total Cost": 122143.81,"Plan Rows": 219070,"Plan Width": 16,"Actual Startup Time": 54.544,"Actual Total Time": 928.571,"Actual Rows": 229004,"Actual Loops": 1,"Recheck Cond": "((l_shipdate >= '1993-11-01'::date) AND (l_shipdate < '1994-02-01 00:00:00'::timestamp without time zone))","Rows Removed by Index Recheck": 0,"Exact Heap Blocks": 67131,"Lossy Heap Blocks": 0,"Plans": [{"Node Type": "Bitmap Index Scan","Parent Relationship": "Outer","Parallel Aware": false,"Async Capable": false,"Index Name": "idx_lineitem_shipdate","Startup Cost": 0.00,"Total Cost": 5571.13,"Plan Rows": 219070,"Plan Width": 0,"Actual Startup Time": 41.027,"Actual Total Time": 41.029,"Actual Rows": 229004,"Actual Loops": 1,"Index Cond": "((l_shipdate >= '1993-11-01'::date) AND (l_shipdate < '1994-02-01 00:00:00'::timestamp without time zone))"}]}]}]}]}]},"Planning Time": 4.907,"Triggers": [],"Execution Time": 2115.877}]
[{"Plan": {"Node Type": "Merge Join","Parallel Aware": false,"Async Capable": false,"Join Type": "Inner","Startup Cost": 249067.58,"Total Cost": 249588.48,"Plan Rows": 50,"Plan Width": 103,"Actual Startup Time": 1943.314,"Actual Total Time": 1943.349,"Actual Rows": 1,"Actual Loops": 1,"Inner Unique": true,"Merge Cond": "(supplier.s_suppkey = revenue0.supplier_no)","Plans": [{"Node Type": "Aggregate","Strategy": "Plain","Partial Mode": "Simple","Parent Relationship": "InitPlan","Subplan Name": "InitPlan 1 (returns $0)","Parallel Aware": false,"Async Capable": false,"Startup Cost": 124582.72,"Total Cost": 124582.73,"Plan Rows": 1,"Plan Width": 32,"Actual Startup Time": 848.418,"Actual Total Time": 848.429,"Actual Rows": 1,"Actual Loops": 1,"Plans": [{"Node Type": "Aggregate","Strategy": "Hashed","Partial Mode": "Simple","Parent Relationship": "Outer","Parallel Aware": false,"Async Capable": false,"Startup Cost": 124332.55,"Total Cost": 124457.64,"Plan Rows": 10007,"Plan Width": 36,"Actual Startup Time": 837.964,"Actual Total Time": 847.834,"Actual Rows": 10000,"Actual Loops": 1,"Group Key": ["lineitem_1.l_suppkey"],"Planned Partitions": 0,"HashAgg Batches": 1,"Peak Memory Usage": 4497,"Disk Usage": 0,"Plans": [{"Node Type": "Bitmap Heap Scan","Parent Relationship": "Outer","Parallel Aware": false,"Async Capable": false,"Relation Name": "lineitem","Alias": "lineitem_1","Startup Cost": 5993.30,"Total Cost": 121998.05,"Plan Rows": 233450,"Plan Width": 16,"Actual Startup Time": 50.617,"Actual Total Time": 672.114,"Actual Rows": 230363,"Actual Loops": 1,"Recheck Cond": "((l_shipdate >= '1995-05-01'::date) AND (l_shipdate < '1995-08-01 00:00:00'::timestamp without time zone))","Rows Removed by Index Recheck": 0,"Exact Heap Blocks": 67561,"Lossy Heap Blocks": 0,"Plans": [{"Node Type": "Bitmap Index Scan","Parent Relationship": "Outer","Parallel Aware": false,"Async Capable": false,"Index Name": "idx_lineitem_shipdate","Startup Cost": 0.00,"Total Cost": 5934.93,"Plan Rows": 233450,"Plan Width": 0,"Actual Startup Time": 37.100,"Actual Total Time": 37.103,"Actual Rows": 230363,"Actual Loops": 1,"Index Cond": "((l_shipdate >= '1995-05-01'::date) AND (l_shipdate < '1995-08-01 00:00:00'::timestamp without time zone))"}]}]}]},{"Node Type": "Index Scan","Parent Relationship": "Outer","Parallel Aware": false,"Async Capable": false,"Scan Direction": "Forward","Index Name": "supplier_pkey","Relation Name": "supplier","Alias": "supplier","Startup Cost": 0.29,"Total Cost": 495.43,"Plan Rows": 10000,"Plan Width": 71,"Actual Startup Time": 0.105,"Actual Total Time": 6.996,"Actual Rows": 4313,"Actual Loops": 1},{"Node Type": "Sort","Parent Relationship": "Inner","Parallel Aware": false,"Async Capable": false,"Startup Cost": 124484.57,"Total Cost": 124484.69,"Plan Rows": 50,"Plan Width": 36,"Actual Startup Time": 1936.037,"Actual Total Time": 1936.050,"Actual Rows": 1,"Actual Loops": 1,"Sort Key": ["revenue0.supplier_no"],"Sort Method": "quicksort","Sort Space Used": 25,"Sort Space Type": "Memory","Plans": [{"Node Type": "Subquery Scan","Parent Relationship": "Outer","Parallel Aware": false,"Async Capable": false,"Alias": "revenue0","Startup Cost": 124332.55,"Total Cost": 124483.15,"Plan Rows": 50,"Plan Width": 36,"Actual Startup Time": 1918.349,"Actual Total Time": 1936.015,"Actual Rows": 1,"Actual Loops": 1,"Plans": [{"Node Type": "Aggregate","Strategy": "Hashed","Partial Mode": "Simple","Parent Relationship": "Subquery","Parallel Aware": false,"Async Capable": false,"Startup Cost": 124332.55,"Total Cost": 124482.65,"Plan Rows": 50,"Plan Width": 36,"Actual Startup Time": 1918.345,"Actual Total Time": 1936.006,"Actual Rows": 1,"Actual Loops": 1,"Group Key": ["lineitem.l_suppkey"],"Filter": "(sum((lineitem.l_extendedprice * ('1'::numeric - lineitem.l_discount))) = $0)","Planned Partitions": 0,"HashAgg Batches": 1,"Peak Memory Usage": 4497,"Disk Usage": 0,"Rows Removed by Filter": 9999,"Plans": [{"Node Type": "Bitmap Heap Scan","Parent Relationship": "Outer","Parallel Aware": false,"Async Capable": false,"Relation Name": "lineitem","Alias": "lineitem","Startup Cost": 5993.30,"Total Cost": 121998.05,"Plan Rows": 233450,"Plan Width": 16,"Actual Startup Time": 50.872,"Actual Total Time": 888.924,"Actual Rows": 230363,"Actual Loops": 1,"Recheck Cond": "((l_shipdate >= '1995-05-01'::date) AND (l_shipdate < '1995-08-01 00:00:00'::timestamp without time zone))","Rows Removed by Index Recheck": 0,"Exact Heap Blocks": 67561,"Lossy Heap Blocks": 0,"Plans": [{"Node Type": "Bitmap Index Scan","Parent Relationship": "Outer","Parallel Aware": false,"Async Capable": false,"Index Name": "idx_lineitem_shipdate","Startup Cost": 0.00,"Total Cost": 5934.93,"Plan Rows": 233450,"Plan Width": 0,"Actual Startup Time": 37.359,"Actual Total Time": 37.360,"Actual Rows": 230363,"Actual Loops": 1,"Index Cond": "((l_shipdate >= '1995-05-01'::date) AND (l_shipdate < '1995-08-01 00:00:00'::timestamp without time zone))"}]}]}]}]}]},"Planning Time": 4.245,"Triggers": [],"Execution Time": 1946.397}]
[{"Plan": {"Node Type": "Merge Join","Parallel Aware": false,"Async Capable": false,"Join Type": "Inner","Startup Cost": 248749.22,"Total Cost": 249270.12,"Plan Rows": 50,"Plan Width": 103,"Actual Startup Time": 1931.389,"Actual Total Time": 1931.417,"Actual Rows": 1,"Actual Loops": 1,"Inner Unique": true,"Merge Cond": "(supplier.s_suppkey = revenue0.supplier_no)","Plans": [{"Node Type": "Aggregate","Strategy": "Plain","Partial Mode": "Simple","Parent Relationship": "InitPlan","Subplan Name": "InitPlan 1 (returns $0)","Parallel Aware": false,"Async Capable": false,"Startup Cost": 124423.54,"Total Cost": 124423.55,"Plan Rows": 1,"Plan Width": 32,"Actual Startup Time": 829.182,"Actual Total Time": 829.192,"Actual Rows": 1,"Actual Loops": 1,"Plans": [{"Node Type": "Aggregate","Strategy": "Hashed","Partial Mode": "Simple","Parent Relationship": "Outer","Parallel Aware": false,"Async Capable": false,"Startup Cost": 124173.37,"Total Cost": 124298.46,"Plan Rows": 10007,"Plan Width": 36,"Actual Startup Time": 816.902,"Actual Total Time": 828.607,"Actual Rows": 10000,"Actual Loops": 1,"Group Key": ["lineitem_1.l_suppkey"],"Planned Partitions": 0,"HashAgg Batches": 1,"Peak Memory Usage": 4497,"Disk Usage": 0,"Plans": [{"Node Type": "Bitmap Heap Scan","Parent Relationship": "Outer","Parallel Aware": false,"Async Capable": false,"Relation Name": "lineitem","Alias": "lineitem_1","Startup Cost": 5912.97,"Total Cost": 121870.41,"Plan Rows": 230296,"Plan Width": 16,"Actual Startup Time": 50.257,"Actual Total Time": 644.900,"Actual Rows": 230072,"Actual Loops": 1,"Recheck Cond": "((l_shipdate >= '1995-10-01'::date) AND (l_shipdate < '1996-01-01 00:00:00'::timestamp without time zone))","Rows Removed by Index Recheck": 0,"Exact Heap Blocks": 67245,"Lossy Heap Blocks": 0,"Plans": [{"Node Type": "Bitmap Index Scan","Parent Relationship": "Outer","Parallel Aware": false,"Async Capable": false,"Index Name": "idx_lineitem_shipdate","Startup Cost": 0.00,"Total Cost": 5855.39,"Plan Rows": 230296,"Plan Width": 0,"Actual Startup Time": 36.768,"Actual Total Time": 36.770,"Actual Rows": 230072,"Actual Loops": 1,"Index Cond": "((l_shipdate >= '1995-10-01'::date) AND (l_shipdate < '1996-01-01 00:00:00'::timestamp without time zone))"}]}]}]},{"Node Type": "Index Scan","Parent Relationship": "Outer","Parallel Aware": false,"Async Capable": false,"Scan Direction": "Forward","Index Name": "supplier_pkey","Relation Name": "supplier","Alias": "supplier","Startup Cost": 0.29,"Total Cost": 495.43,"Plan Rows": 10000,"Plan Width": 71,"Actual Startup Time": 0.086,"Actual Total Time": 4.053,"Actual Rows": 2388,"Actual Loops": 1},{"Node Type": "Sort","Parent Relationship": "Inner","Parallel Aware": false,"Async Capable": false,"Startup Cost": 124325.38,"Total Cost": 124325.51,"Plan Rows": 50,"Plan Width": 36,"Actual Startup Time": 1927.160,"Actual Total Time": 1927.170,"Actual Rows": 1,"Actual Loops": 1,"Sort Key": ["revenue0.supplier_no"],"Sort Method": "quicksort","Sort Space Used": 25,"Sort Space Type": "Memory","Plans": [{"Node Type": "Subquery Scan","Parent Relationship": "Outer","Parallel Aware": false,"Async Capable": false,"Alias": "revenue0","Startup Cost": 124173.37,"Total Cost": 124323.97,"Plan Rows": 50,"Plan Width": 36,"Actual Startup Time": 1921.461,"Actual Total Time": 1927.124,"Actual Rows": 1,"Actual Loops": 1,"Plans": [{"Node Type": "Aggregate","Strategy": "Hashed","Partial Mode": "Simple","Parent Relationship": "Subquery","Parallel Aware": false,"Async Capable": false,"Startup Cost": 124173.37,"Total Cost": 124323.47,"Plan Rows": 50,"Plan Width": 36,"Actual Startup Time": 1921.452,"Actual Total Time": 1927.108,"Actual Rows": 1,"Actual Loops": 1,"Group Key": ["lineitem.l_suppkey"],"Filter": "(sum((lineitem.l_extendedprice * ('1'::numeric - lineitem.l_discount))) = $0)","Planned Partitions": 0,"HashAgg Batches": 1,"Peak Memory Usage": 4497,"Disk Usage": 0,"Rows Removed by Filter": 9999,"Plans": [{"Node Type": "Bitmap Heap Scan","Parent Relationship": "Outer","Parallel Aware": false,"Async Capable": false,"Relation Name": "lineitem","Alias": "lineitem","Startup Cost": 5912.97,"Total Cost": 121870.41,"Plan Rows": 230296,"Plan Width": 16,"Actual Startup Time": 50.046,"Actual Total Time": 890.624,"Actual Rows": 230072,"Actual Loops": 1,"Recheck Cond": "((l_shipdate >= '1995-10-01'::date) AND (l_shipdate < '1996-01-01 00:00:00'::timestamp without time zone))","Rows Removed by Index Recheck": 0,"Exact Heap Blocks": 67245,"Lossy Heap Blocks": 0,"Plans": [{"Node Type": "Bitmap Index Scan","Parent Relationship": "Outer","Parallel Aware": false,"Async Capable": false,"Index Name": "idx_lineitem_shipdate","Startup Cost": 0.00,"Total Cost": 5855.39,"Plan Rows": 230296,"Plan Width": 0,"Actual Startup Time": 36.694,"Actual Total Time": 36.694,"Actual Rows": 230072,"Actual Loops": 1,"Index Cond": "((l_shipdate >= '1995-10-01'::date) AND (l_shipdate < '1996-01-01 00:00:00'::timestamp without time zone))"}]}]}]}]}]},"Planning Time": 4.561,"Triggers": [],"Execution Time": 1934.601}]
[{"Plan": {"Node Type": "Merge Join","Parallel Aware": false,"Async Capable": false,"Join Type": "Inner","Startup Cost": 248695.00,"Total Cost": 249215.90,"Plan Rows": 50,"Plan Width": 103,"Actual Startup Time": 2082.592,"Actual Total Time": 2082.640,"Actual Rows": 1,"Actual Loops": 1,"Inner Unique": true,"Merge Cond": "(supplier.s_suppkey = revenue0.supplier_no)","Plans": [{"Node Type": "Aggregate","Strategy": "Plain","Partial Mode": "Simple","Parent Relationship": "InitPlan","Subplan Name": "InitPlan 1 (returns $0)","Parallel Aware": false,"Async Capable": false,"Startup Cost": 124396.43,"Total Cost": 124396.44,"Plan Rows": 1,"Plan Width": 32,"Actual Startup Time": 946.403,"Actual Total Time": 946.419,"Actual Rows": 1,"Actual Loops": 1,"Plans": [{"Node Type": "Aggregate","Strategy": "Hashed","Partial Mode": "Simple","Parent Relationship": "Outer","Parallel Aware": false,"Async Capable": false,"Startup Cost": 124146.26,"Total Cost": 124271.35,"Plan Rows": 10007,"Plan Width": 36,"Actual Startup Time": 938.935,"Actual Total Time": 945.817,"Actual Rows": 10000,"Actual Loops": 1,"Group Key": ["lineitem_1.l_suppkey"],"Planned Partitions": 0,"HashAgg Batches": 1,"Peak Memory Usage": 4497,"Disk Usage": 0,"Plans": [{"Node Type": "Bitmap Heap Scan","Parent Relationship": "Outer","Parallel Aware": false,"Async Capable": false,"Relation Name": "lineitem","Alias": "lineitem_1","Startup Cost": 5899.41,"Total Cost": 121848.72,"Plan Rows": 229754,"Plan Width": 16,"Actual Startup Time": 59.759,"Actual Total Time": 793.376,"Actual Rows": 228921,"Actual Loops": 1,"Recheck Cond": "((l_shipdate >= '1996-03-01'::date) AND (l_shipdate < '1996-06-01 00:00:00'::timestamp without time zone))","Rows Removed by Index Recheck": 0,"Exact Heap Blocks": 67056,"Lossy Heap Blocks": 0,"Plans": [{"Node Type": "Bitmap Index Scan","Parent Relationship": "Outer","Parallel Aware": false,"Async Capable": false,"Index Name": "idx_lineitem_shipdate","Startup Cost": 0.00,"Total Cost": 5841.97,"Plan Rows": 229754,"Plan Width": 0,"Actual Startup Time": 45.910,"Actual Total Time": 45.916,"Actual Rows": 228921,"Actual Loops": 1,"Index Cond": "((l_shipdate >= '1996-03-01'::date) AND (l_shipdate < '1996-06-01 00:00:00'::timestamp without time zone))"}]}]}]},{"Node Type": "Index Scan","Parent Relationship": "Outer","Parallel Aware": false,"Async Capable": false,"Scan Direction": "Forward","Index Name": "supplier_pkey","Relation Name": "supplier","Alias": "supplier","Startup Cost": 0.29,"Total Cost": 495.43,"Plan Rows": 10000,"Plan Width": 71,"Actual Startup Time": 0.102,"Actual Total Time": 2.838,"Actual Rows": 1506,"Actual Loops": 1},{"Node Type": "Sort","Parent Relationship": "Inner","Parallel Aware": false,"Async Capable": false,"Startup Cost": 124298.27,"Total Cost": 124298.40,"Plan Rows": 50,"Plan Width": 36,"Actual Startup Time": 2079.634,"Actual Total Time": 2079.648,"Actual Rows": 1,"Actual Loops": 1,"Sort Key": ["revenue0.supplier_no"],"Sort Method": "quicksort","Sort Space Used": 25,"Sort Space Type": "Memory","Plans": [{"Node Type": "Subquery Scan","Parent Relationship": "Outer","Parallel Aware": false,"Async Capable": false,"Alias": "revenue0","Startup Cost": 124146.26,"Total Cost": 124296.86,"Plan Rows": 50,"Plan Width": 36,"Actual Startup Time": 2064.713,"Actual Total Time": 2079.612,"Actual Rows": 1,"Actual Loops": 1,"Plans": [{"Node Type": "Aggregate","Strategy": "Hashed","Partial Mode": "Simple","Parent Relationship": "Subquery","Parallel Aware": false,"Async Capable": false,"Startup Cost": 124146.26,"Total Cost": 124296.36,"Plan Rows": 50,"Plan Width": 36,"Actual Startup Time": 2064.706,"Actual Total Time": 2079.603,"Actual Rows": 1,"Actual Loops": 1,"Group Key": ["lineitem.l_suppkey"],"Filter": "(sum((lineitem.l_extendedprice * ('1'::numeric - lineitem.l_discount))) = $0)","Planned Partitions": 0,"HashAgg Batches": 1,"Peak Memory Usage": 4497,"Disk Usage": 0,"Rows Removed by Filter": 9999,"Plans": [{"Node Type": "Bitmap Heap Scan","Parent Relationship": "Outer","Parallel Aware": false,"Async Capable": false,"Relation Name": "lineitem","Alias": "lineitem","Startup Cost": 5899.41,"Total Cost": 121848.72,"Plan Rows": 229754,"Plan Width": 16,"Actual Startup Time": 56.873,"Actual Total Time": 935.993,"Actual Rows": 228921,"Actual Loops": 1,"Recheck Cond": "((l_shipdate >= '1996-03-01'::date) AND (l_shipdate < '1996-06-01 00:00:00'::timestamp without time zone))","Rows Removed by Index Recheck": 0,"Exact Heap Blocks": 67056,"Lossy Heap Blocks": 0,"Plans": [{"Node Type": "Bitmap Index Scan","Parent Relationship": "Outer","Parallel Aware": false,"Async Capable": false,"Index Name": "idx_lineitem_shipdate","Startup Cost": 0.00,"Total Cost": 5841.97,"Plan Rows": 229754,"Plan Width": 0,"Actual Startup Time": 43.119,"Actual Total Time": 43.123,"Actual Rows": 228921,"Actual Loops": 1,"Index Cond": "((l_shipdate >= '1996-03-01'::date) AND (l_shipdate < '1996-06-01 00:00:00'::timestamp without time zone))"}]}]}]}]}]},"Planning Time": 4.992,"Triggers": [],"Execution Time": 2086.750}]
[{"Plan": {"Node Type": "Merge Join","Parallel Aware": false,"Async Capable": false,"Join Type": "Inner","Startup Cost": 249472.28,"Total Cost": 249993.18,"Plan Rows": 50,"Plan Width": 103,"Actual Startup Time": 1952.751,"Actual Total Time": 1952.805,"Actual Rows": 1,"Actual Loops": 1,"Inner Unique": true,"Merge Cond": "(supplier.s_suppkey = revenue0.supplier_no)","Plans": [{"Node Type": "Aggregate","Strategy": "Plain","Partial Mode": "Simple","Parent Relationship": "InitPlan","Subplan Name": "InitPlan 1 (returns $0)","Parallel Aware": false,"Async Capable": false,"Startup Cost": 124785.07,"Total Cost": 124785.08,"Plan Rows": 1,"Plan Width": 32,"Actual Startup Time": 847.271,"Actual Total Time": 847.290,"Actual Rows": 1,"Actual Loops": 1,"Plans": [{"Node Type": "Aggregate","Strategy": "Hashed","Partial Mode": "Simple","Parent Relationship": "Outer","Parallel Aware": false,"Async Capable": false,"Startup Cost": 124534.90,"Total Cost": 124659.99,"Plan Rows": 10007,"Plan Width": 36,"Actual Startup Time": 836.378,"Actual Total Time": 846.694,"Actual Rows": 10000,"Actual Loops": 1,"Group Key": ["lineitem_1.l_suppkey"],"Planned Partitions": 0,"HashAgg Batches": 1,"Peak Memory Usage": 4497,"Disk Usage": 0,"Plans": [{"Node Type": "Bitmap Heap Scan","Parent Relationship": "Outer","Parallel Aware": false,"Async Capable": false,"Relation Name": "lineitem","Alias": "lineitem_1","Startup Cost": 6097.53,"Total Cost": 122161.15,"Plan Rows": 237375,"Plan Width": 16,"Actual Startup Time": 58.987,"Actual Total Time": 672.968,"Actual Rows": 228539,"Actual Loops": 1,"Recheck Cond": "((l_shipdate >= '1993-06-01'::date) AND (l_shipdate < '1993-09-01 00:00:00'::timestamp without time zone))","Rows Removed by Index Recheck": 0,"Exact Heap Blocks": 66999,"Lossy Heap Blocks": 0,"Plans": [{"Node Type": "Bitmap Index Scan","Parent Relationship": "Outer","Parallel Aware": false,"Async Capable": false,"Index Name": "idx_lineitem_shipdate","Startup Cost": 0.00,"Total Cost": 6038.18,"Plan Rows": 237375,"Plan Width": 0,"Actual Startup Time": 45.413,"Actual Total Time": 45.423,"Actual Rows": 228539,"Actual Loops": 1,"Index Cond": "((l_shipdate >= '1993-06-01'::date) AND (l_shipdate < '1993-09-01 00:00:00'::timestamp without time zone))"}]}]}]},{"Node Type": "Index Scan","Parent Relationship": "Outer","Parallel Aware": false,"Async Capable": false,"Scan Direction": "Forward","Index Name": "supplier_pkey","Relation Name": "supplier","Alias": "supplier","Startup Cost": 0.29,"Total Cost": 495.43,"Plan Rows": 10000,"Plan Width": 71,"Actual Startup Time": 0.104,"Actual Total Time": 12.098,"Actual Rows": 7980,"Actual Loops": 1},{"Node Type": "Sort","Parent Relationship": "Inner","Parallel Aware": false,"Async Capable": false,"Startup Cost": 124686.92,"Total Cost": 124687.04,"Plan Rows": 50,"Plan Width": 36,"Actual Startup Time": 1940.190,"Actual Total Time": 1940.213,"Actual Rows": 1,"Actual Loops": 1,"Sort Key": ["revenue0.supplier_no"],"Sort Method": "quicksort","Sort Space Used": 25,"Sort Space Type": "Memory","Plans": [{"Node Type": "Subquery Scan","Parent Relationship": "Outer","Parallel Aware": false,"Async Capable": false,"Alias": "revenue0","Startup Cost": 124534.90,"Total Cost": 124685.50,"Plan Rows": 50,"Plan Width": 36,"Actual Startup Time": 1939.057,"Actual Total Time": 1940.171,"Actual Rows": 1,"Actual Loops": 1,"Plans": [{"Node Type": "Aggregate","Strategy": "Hashed","Partial Mode": "Simple","Parent Relationship": "Subquery","Parallel Aware": false,"Async Capable": false,"Startup Cost": 124534.90,"Total Cost": 124685.00,"Plan Rows": 50,"Plan Width": 36,"Actual Startup Time": 1939.051,"Actual Total Time": 1940.160,"Actual Rows": 1,"Actual Loops": 1,"Group Key": ["lineitem.l_suppkey"],"Filter": "(sum((lineitem.l_extendedprice * ('1'::numeric - lineitem.l_discount))) = $0)","Planned Partitions": 0,"HashAgg Batches": 1,"Peak Memory Usage": 4497,"Disk Usage": 0,"Rows Removed by Filter": 9999,"Plans": [{"Node Type": "Bitmap Heap Scan","Parent Relationship": "Outer","Parallel Aware": false,"Async Capable": false,"Relation Name": "lineitem","Alias": "lineitem","Startup Cost": 6097.53,"Total Cost": 122161.15,"Plan Rows": 237375,"Plan Width": 16,"Actual Startup Time": 58.682,"Actual Total Time": 894.513,"Actual Rows": 228539,"Actual Loops": 1,"Recheck Cond": "((l_shipdate >= '1993-06-01'::date) AND (l_shipdate < '1993-09-01 00:00:00'::timestamp without time zone))","Rows Removed by Index Recheck": 0,"Exact Heap Blocks": 66999,"Lossy Heap Blocks": 0,"Plans": [{"Node Type": "Bitmap Index Scan","Parent Relationship": "Outer","Parallel Aware": false,"Async Capable": false,"Index Name": "idx_lineitem_shipdate","Startup Cost": 0.00,"Total Cost": 6038.18,"Plan Rows": 237375,"Plan Width": 0,"Actual Startup Time": 45.375,"Actual Total Time": 45.379,"Actual Rows": 228539,"Actual Loops": 1,"Index Cond": "((l_shipdate >= '1993-06-01'::date) AND (l_shipdate < '1993-09-01 00:00:00'::timestamp without time zone))"}]}]}]}]}]},"Planning Time": 5.432,"Triggers": [],"Execution Time": 1956.101}]
[{"Plan": {"Node Type": "Merge Join","Parallel Aware": false,"Async Capable": false,"Join Type": "Inner","Startup Cost": 249012.02,"Total Cost": 249532.92,"Plan Rows": 50,"Plan Width": 103,"Actual Startup Time": 2119.244,"Actual Total Time": 2119.296,"Actual Rows": 1,"Actual Loops": 1,"Inner Unique": true,"Merge Cond": "(supplier.s_suppkey = revenue0.supplier_no)","Plans": [{"Node Type": "Aggregate","Strategy": "Plain","Partial Mode": "Simple","Parent Relationship": "InitPlan","Subplan Name": "InitPlan 1 (returns $0)","Parallel Aware": false,"Async Capable": false,"Startup Cost": 124554.94,"Total Cost": 124554.95,"Plan Rows": 1,"Plan Width": 32,"Actual Startup Time": 992.757,"Actual Total Time": 992.777,"Actual Rows": 1,"Actual Loops": 1,"Plans": [{"Node Type": "Aggregate","Strategy": "Hashed","Partial Mode": "Simple","Parent Relationship": "Outer","Parallel Aware": false,"Async Capable": false,"Startup Cost": 124304.77,"Total Cost": 124429.86,"Plan Rows": 10007,"Plan Width": 36,"Actual Startup Time": 985.158,"Actual Total Time": 992.112,"Actual Rows": 10000,"Actual Loops": 1,"Group Key": ["lineitem_1.l_suppkey"],"Planned Partitions": 0,"HashAgg Batches": 1,"Peak Memory Usage": 4497,"Disk Usage": 0,"Plans": [{"Node Type": "Bitmap Heap Scan","Parent Relationship": "Outer","Parallel Aware": false,"Async Capable": false,"Relation Name": "lineitem","Alias": "lineitem_1","Startup Cost": 5979.54,"Total Cost": 121975.88,"Plan Rows": 232889,"Plan Width": 16,"Actual Startup Time": 58.676,"Actual Total Time": 780.634,"Actual Rows": 229796,"Actual Loops": 1,"Recheck Cond": "((l_shipdate >= '1993-08-01'::date) AND (l_shipdate < '1993-11-01 00:00:00'::timestamp without time zone))","Rows Removed by Index Recheck": 0,"Exact Heap Blocks": 67184,"Lossy Heap Blocks": 0,"Plans": [{"Node Type": "Bitmap Index Scan","Parent Relationship": "Outer","Parallel Aware": false,"Async Capable": false,"Index Name": "idx_lineitem_shipdate","Startup Cost": 0.00,"Total Cost": 5921.32,"Plan Rows": 232889,"Plan Width": 0,"Actual Startup Time": 44.964,"Actual Total Time": 44.978,"Actual Rows": 229796,"Actual Loops": 1,"Index Cond": "((l_shipdate >= '1993-08-01'::date) AND (l_shipdate < '1993-11-01 00:00:00'::timestamp without time zone))"}]}]}]},{"Node Type": "Index Scan","Parent Relationship": "Outer","Parallel Aware": false,"Async Capable": false,"Scan Direction": "Forward","Index Name": "supplier_pkey","Relation Name": "supplier","Alias": "supplier","Startup Cost": 0.29,"Total Cost": 495.43,"Plan Rows": 10000,"Plan Width": 71,"Actual Startup Time": 0.109,"Actual Total Time": 11.654,"Actual Rows": 6952,"Actual Loops": 1},{"Node Type": "Sort","Parent Relationship": "Inner","Parallel Aware": false,"Async Capable": false,"Startup Cost": 124456.78,"Total Cost": 124456.91,"Plan Rows": 50,"Plan Width": 36,"Actual Startup Time": 2107.151,"Actual Total Time": 2107.177,"Actual Rows": 1,"Actual Loops": 1,"Sort Key": ["revenue0.supplier_no"],"Sort Method": "quicksort","Sort Space Used": 25,"Sort Space Type": "Memory","Plans": [{"Node Type": "Subquery Scan","Parent Relationship": "Outer","Parallel Aware": false,"Async Capable": false,"Alias": "revenue0","Startup Cost": 124304.77,"Total Cost": 124455.37,"Plan Rows": 50,"Plan Width": 36,"Actual Startup Time": 2103.069,"Actual Total Time": 2107.067,"Actual Rows": 1,"Actual Loops": 1,"Plans": [{"Node Type": "Aggregate","Strategy": "Hashed","Partial Mode": "Simple","Parent Relationship": "Subquery","Parallel Aware": false,"Async Capable": false,"Startup Cost": 124304.77,"Total Cost": 124454.87,"Plan Rows": 50,"Plan Width": 36,"Actual Startup Time": 2103.055,"Actual Total Time": 2107.034,"Actual Rows": 1,"Actual Loops": 1,"Group Key": ["lineitem.l_suppkey"],"Filter": "(sum((lineitem.l_extendedprice * ('1'::numeric - lineitem.l_discount))) = $0)","Planned Partitions": 0,"HashAgg Batches": 1,"Peak Memory Usage": 4497,"Disk Usage": 0,"Rows Removed by Filter": 9999,"Plans": [{"Node Type": "Bitmap Heap Scan","Parent Relationship": "Outer","Parallel Aware": false,"Async Capable": false,"Relation Name": "lineitem","Alias": "lineitem","Startup Cost": 5979.54,"Total Cost": 121975.88,"Plan Rows": 232889,"Plan Width": 16,"Actual Startup Time": 55.870,"Actual Total Time": 932.576,"Actual Rows": 229796,"Actual Loops": 1,"Recheck Cond": "((l_shipdate >= '1993-08-01'::date) AND (l_shipdate < '1993-11-01 00:00:00'::timestamp without time zone))","Rows Removed by Index Recheck": 0,"Exact Heap Blocks": 67184,"Lossy Heap Blocks": 0,"Plans": [{"Node Type": "Bitmap Index Scan","Parent Relationship": "Outer","Parallel Aware": false,"Async Capable": false,"Index Name": "idx_lineitem_shipdate","Startup Cost": 0.00,"Total Cost": 5921.32,"Plan Rows": 232889,"Plan Width": 0,"Actual Startup Time": 41.935,"Actual Total Time": 41.948,"Actual Rows": 229796,"Actual Loops": 1,"Index Cond": "((l_shipdate >= '1993-08-01'::date) AND (l_shipdate < '1993-11-01 00:00:00'::timestamp without time zone))"}]}]}]}]}]},"Planning Time": 4.203,"Triggers": [],"Execution Time": 2124.103}]
[{"Plan": {"Node Type": "Merge Join","Parallel Aware": false,"Async Capable": false,"Join Type": "Inner","Startup Cost": 249277.04,"Total Cost": 249797.93,"Plan Rows": 50,"Plan Width": 103,"Actual Startup Time": 2090.773,"Actual Total Time": 2090.807,"Actual Rows": 1,"Actual Loops": 1,"Inner Unique": true,"Merge Cond": "(supplier.s_suppkey = revenue0.supplier_no)","Plans": [{"Node Type": "Aggregate","Strategy": "Plain","Partial Mode": "Simple","Parent Relationship": "InitPlan","Subplan Name": "InitPlan 1 (returns $0)","Parallel Aware": false,"Async Capable": false,"Startup Cost": 124687.45,"Total Cost": 124687.46,"Plan Rows": 1,"Plan Width": 32,"Actual Startup Time": 953.148,"Actual Total Time": 953.160,"Actual Rows": 1,"Actual Loops": 1,"Plans": [{"Node Type": "Aggregate","Strategy": "Hashed","Partial Mode": "Simple","Parent Relationship": "Outer","Parallel Aware": false,"Async Capable": false,"Startup Cost": 124437.28,"Total Cost": 124562.36,"Plan Rows": 10007,"Plan Width": 36,"Actual Startup Time": 945.306,"Actual Total Time": 952.561,"Actual Rows": 10000,"Actual Loops": 1,"Group Key": ["lineitem_1.l_suppkey"],"Planned Partitions": 0,"HashAgg Batches": 1,"Peak Memory Usage": 4497,"Disk Usage": 0,"Plans": [{"Node Type": "Bitmap Heap Scan","Parent Relationship": "Outer","Parallel Aware": false,"Async Capable": false,"Relation Name": "lineitem","Alias": "lineitem_1","Startup Cost": 5586.60,"Total Cost": 122261.51,"Plan Rows": 217577,"Plan Width": 16,"Actual Startup Time": 66.133,"Actual Total Time": 797.959,"Actual Rows": 228914,"Actual Loops": 1,"Recheck Cond": "((l_shipdate >= '1996-05-01'::date) AND (l_shipdate < '1996-08-01 00:00:00'::timestamp without time zone))","Rows Removed by Index Recheck": 0,"Exact Heap Blocks": 66981,"Lossy Heap Blocks": 0,"Plans": [{"Node Type": "Bitmap Index Scan","Parent Relationship": "Outer","Parallel Aware": false,"Async Capable": false,"Index Name": "idx_lineitem_shipdate","Startup Cost": 0.00,"Total Cost": 5532.20,"Plan Rows": 217577,"Plan Width": 0,"Actual Startup Time": 52.240,"Actual Total Time": 52.246,"Actual Rows": 228914,"Actual Loops": 1,"Index Cond": "((l_shipdate >= '1996-05-01'::date) AND (l_shipdate < '1996-08-01 00:00:00'::timestamp without time zone))"}]}]}]},{"Node Type": "Index Scan","Parent Relationship": "Outer","Parallel Aware": false,"Async Capable": false,"Scan Direction": "Forward","Index Name": "supplier_pkey","Relation Name": "supplier","Alias": "supplier","Startup Cost": 0.29,"Total Cost": 495.43,"Plan Rows": 10000,"Plan Width": 71,"Actual Startup Time": 0.097,"Actual Total Time": 1.857,"Actual Rows": 985,"Actual Loops": 1},{"Node Type": "Sort","Parent Relationship": "Inner","Parallel Aware": false,"Async Capable": false,"Startup Cost": 124589.29,"Total Cost": 124589.42,"Plan Rows": 50,"Plan Width": 36,"Actual Startup Time": 2088.839,"Actual Total Time": 2088.851,"Actual Rows": 1,"Actual Loops": 1,"Sort Key": ["revenue0.supplier_no"],"Sort Method": "quicksort","Sort Space Used": 25,"Sort Space Type": "Memory","Plans": [{"Node Type": "Subquery Scan","Parent Relationship": "Outer","Parallel Aware": false,"Async Capable": false,"Alias": "revenue0","Startup Cost": 124437.28,"Total Cost": 124587.88,"Plan Rows": 50,"Plan Width": 36,"Actual Startup Time": 2064.047,"Actual Total Time": 2088.796,"Actual Rows": 1,"Actual Loops": 1,"Plans": [{"Node Type": "Aggregate","Strategy": "Hashed","Partial Mode": "Simple","Parent Relationship": "Subquery","Parallel Aware": false,"Async Capable": false,"Startup Cost": 124437.28,"Total Cost": 124587.38,"Plan Rows": 50,"Plan Width": 36,"Actual Startup Time": 2064.039,"Actual Total Time": 2088.776,"Actual Rows": 1,"Actual Loops": 1,"Group Key": ["lineitem.l_suppkey"],"Filter": "(sum((lineitem.l_extendedprice * ('1'::numeric - lineitem.l_discount))) = $0)","Planned Partitions": 0,"HashAgg Batches": 1,"Peak Memory Usage": 4497,"Disk Usage": 0,"Rows Removed by Filter": 9999,"Plans": [{"Node Type": "Bitmap Heap Scan","Parent Relationship": "Outer","Parallel Aware": false,"Async Capable": false,"Relation Name": "lineitem","Alias": "lineitem","Startup Cost": 5586.60,"Total Cost": 122261.51,"Plan Rows": 217577,"Plan Width": 16,"Actual Startup Time": 62.509,"Actual Total Time": 940.636,"Actual Rows": 228914,"Actual Loops": 1,"Recheck Cond": "((l_shipdate >= '1996-05-01'::date) AND (l_shipdate < '1996-08-01 00:00:00'::timestamp without time zone))","Rows Removed by Index Recheck": 0,"Exact Heap Blocks": 66981,"Lossy Heap Blocks": 0,"Plans": [{"Node Type": "Bitmap Index Scan","Parent Relationship": "Outer","Parallel Aware": false,"Async Capable": false,"Index Name": "idx_lineitem_shipdate","Startup Cost": 0.00,"Total Cost": 5532.20,"Plan Rows": 217577,"Plan Width": 0,"Actual Startup Time": 48.884,"Actual Total Time": 48.886,"Actual Rows": 228914,"Actual Loops": 1,"Index Cond": "((l_shipdate >= '1996-05-01'::date) AND (l_shipdate < '1996-08-01 00:00:00'::timestamp without time zone))"}]}]}]}]}]},"Planning Time": 4.074,"Triggers": [],"Execution Time": 2095.321}]
[{"Plan": {"Node Type": "Merge Join","Parallel Aware": false,"Async Capable": false,"Join Type": "Inner","Startup Cost": 248646.16,"Total Cost": 249167.06,"Plan Rows": 50,"Plan Width": 103,"Actual Startup Time": 2067.824,"Actual Total Time": 2067.872,"Actual Rows": 1,"Actual Loops": 1,"Inner Unique": true,"Merge Cond": "(supplier.s_suppkey = revenue0.supplier_no)","Plans": [{"Node Type": "Aggregate","Strategy": "Plain","Partial Mode": "Simple","Parent Relationship": "InitPlan","Subplan Name": "InitPlan 1 (returns $0)","Parallel Aware": false,"Async Capable": false,"Startup Cost": 124372.01,"Total Cost": 124372.02,"Plan Rows": 1,"Plan Width": 32,"Actual Startup Time": 931.824,"Actual Total Time": 931.838,"Actual Rows": 1,"Actual Loops": 1,"Plans": [{"Node Type": "Aggregate","Strategy": "Hashed","Partial Mode": "Simple","Parent Relationship": "Outer","Parallel Aware": false,"Async Capable": false,"Startup Cost": 124121.84,"Total Cost": 124246.93,"Plan Rows": 10007,"Plan Width": 36,"Actual Startup Time": 922.356,"Actual Total Time": 931.242,"Actual Rows": 10000,"Actual Loops": 1,"Group Key": ["lineitem_1.l_suppkey"],"Planned Partitions": 0,"HashAgg Batches": 1,"Peak Memory Usage": 4497,"Disk Usage": 0,"Plans": [{"Node Type": "Bitmap Heap Scan","Parent Relationship": "Outer","Parallel Aware": false,"Async Capable": false,"Relation Name": "lineitem","Alias": "lineitem_1","Startup Cost": 5886.63,"Total Cost": 121828.95,"Plan Rows": 229288,"Plan Width": 16,"Actual Startup Time": 58.527,"Actual Total Time": 775.769,"Actual Rows": 229065,"Actual Loops": 1,"Recheck Cond": "((l_shipdate >= '1994-08-01'::date) AND (l_shipdate < '1994-11-01 00:00:00'::timestamp without time zone))","Rows Removed by Index Recheck": 0,"Exact Heap Blocks": 67202,"Lossy Heap Blocks": 0,"Plans": [{"Node Type": "Bitmap Index Scan","Parent Relationship": "Outer","Parallel Aware": false,"Async Capable": false,"Index Name": "idx_lineitem_shipdate","Startup Cost": 0.00,"Total Cost": 5829.31,"Plan Rows": 229288,"Plan Width": 0,"Actual Startup Time": 45.025,"Actual Total Time": 45.031,"Actual Rows": 229065,"Actual Loops": 1,"Index Cond": "((l_shipdate >= '1994-08-01'::date) AND (l_shipdate < '1994-11-01 00:00:00'::timestamp without time zone))"}]}]}]},{"Node Type": "Index Scan","Parent Relationship": "Outer","Parallel Aware": false,"Async Capable": false,"Scan Direction": "Forward","Index Name": "supplier_pkey","Relation Name": "supplier","Alias": "supplier","Startup Cost": 0.29,"Total Cost": 495.43,"Plan Rows": 10000,"Plan Width": 71,"Actual Startup Time": 0.106,"Actual Total Time": 14.913,"Actual Rows": 9980,"Actual Loops": 1},{"Node Type": "Sort","Parent Relationship": "Inner","Parallel Aware": false,"Async Capable": false,"Startup Cost": 124273.86,"Total Cost": 124273.98,"Plan Rows": 50,"Plan Width": 36,"Actual Startup Time": 2052.345,"Actual Total Time": 2052.360,"Actual Rows": 1,"Actual Loops": 1,"Sort Key": ["revenue0.supplier_no"],"Sort Method": "quicksort","Sort Space Used": 25,"Sort Space Type": "Memory","Plans": [{"Node Type": "Subquery Scan","Parent Relationship": "Outer","Parallel Aware": false,"Async Capable": false,"Alias": "revenue0","Startup Cost": 124121.84,"Total Cost": 124272.44,"Plan Rows": 50,"Plan Width": 36,"Actual Startup Time": 2031.394,"Actual Total Time": 2052.312,"Actual Rows": 1,"Actual Loops": 1,"Plans": [{"Node Type": "Aggregate","Strategy": "Hashed","Partial Mode": "Simple","Parent Relationship": "Subquery","Parallel Aware": false,"Async Capable": false,"Startup Cost": 124121.84,"Total Cost": 124271.94,"Plan Rows": 50,"Plan Width": 36,"Actual Startup Time": 2031.385,"Actual Total Time": 2052.295,"Actual Rows": 1,"Actual Loops": 1,"Group Key": ["lineitem.l_suppkey"],"Filter": "(sum((lineitem.l_extendedprice * ('1'::numeric - lineitem.l_discount))) = $0)","Planned Partitions": 0,"HashAgg Batches": 1,"Peak Memory Usage": 4497,"Disk Usage": 0,"Rows Removed by Filter": 9999,"Plans": [{"Node Type": "Bitmap Heap Scan","Parent Relationship": "Outer","Parallel Aware": false,"Async Capable": false,"Relation Name": "lineitem","Alias": "lineitem","Startup Cost": 5886.63,"Total Cost": 121828.95,"Plan Rows": 229288,"Plan Width": 16,"Actual Startup Time": 54.472,"Actual Total Time": 926.953,"Actual Rows": 229065,"Actual Loops": 1,"Recheck Cond": "((l_shipdate >= '1994-08-01'::date) AND (l_shipdate < '1994-11-01 00:00:00'::timestamp without time zone))","Rows Removed by Index Recheck": 0,"Exact Heap Blocks": 67202,"Lossy Heap Blocks": 0,"Plans": [{"Node Type": "Bitmap Index Scan","Parent Relationship": "Outer","Parallel Aware": false,"Async Capable": false,"Index Name": "idx_lineitem_shipdate","Startup Cost": 0.00,"Total Cost": 5829.31,"Plan Rows": 229288,"Plan Width": 0,"Actual Startup Time": 41.071,"Actual Total Time": 41.073,"Actual Rows": 229065,"Actual Loops": 1,"Index Cond": "((l_shipdate >= '1994-08-01'::date) AND (l_shipdate < '1994-11-01 00:00:00'::timestamp without time zone))"}]}]}]}]}]},"Planning Time": 4.637,"Triggers": [],"Execution Time": 2073.259}]
[{"Plan": {"Node Type": "Merge Join","Parallel Aware": false,"Async Capable": false,"Join Type": "Inner","Startup Cost": 249429.21,"Total Cost": 249950.11,"Plan Rows": 50,"Plan Width": 103,"Actual Startup Time": 1898.287,"Actual Total Time": 1898.337,"Actual Rows": 1,"Actual Loops": 1,"Inner Unique": true,"Merge Cond": "(supplier.s_suppkey = revenue0.supplier_no)","Plans": [{"Node Type": "Aggregate","Strategy": "Plain","Partial Mode": "Simple","Parent Relationship": "InitPlan","Subplan Name": "InitPlan 1 (returns $0)","Parallel Aware": false,"Async Capable": false,"Startup Cost": 124763.54,"Total Cost": 124763.55,"Plan Rows": 1,"Plan Width": 32,"Actual Startup Time": 815.553,"Actual Total Time": 815.566,"Actual Rows": 1,"Actual Loops": 1,"Plans": [{"Node Type": "Aggregate","Strategy": "Hashed","Partial Mode": "Simple","Parent Relationship": "Outer","Parallel Aware": false,"Async Capable": false,"Startup Cost": 124513.36,"Total Cost": 124638.45,"Plan Rows": 10007,"Plan Width": 36,"Actual Startup Time": 809.471,"Actual Total Time": 814.969,"Actual Rows": 10000,"Actual Loops": 1,"Group Key": ["lineitem_1.l_suppkey"],"Planned Partitions": 0,"HashAgg Batches": 1,"Peak Memory Usage": 4497,"Disk Usage": 0,"Plans": [{"Node Type": "Bitmap Heap Scan","Parent Relationship": "Outer","Parallel Aware": false,"Async Capable": false,"Relation Name": "lineitem","Alias": "lineitem_1","Startup Cost": 6085.59,"Total Cost": 122143.46,"Plan Rows": 236991,"Plan Width": 16,"Actual Startup Time": 49.104,"Actual Total Time": 665.753,"Actual Rows": 225457,"Actual Loops": 1,"Recheck Cond": "((l_shipdate >= '1993-04-01'::date) AND (l_shipdate < '1993-07-01 00:00:00'::timestamp without time zone))","Rows Removed by Index Recheck": 0,"Exact Heap Blocks": 66507,"Lossy Heap Blocks": 0,"Plans": [{"Node Type": "Bitmap Index Scan","Parent Relationship": "Outer","Parallel Aware": false,"Async Capable": false,"Index Name": "idx_lineitem_shipdate","Startup Cost": 0.00,"Total Cost": 6026.34,"Plan Rows": 236991,"Plan Width": 0,"Actual Startup Time": 35.669,"Actual Total Time": 35.673,"Actual Rows": 225457,"Actual Loops": 1,"Index Cond": "((l_shipdate >= '1993-04-01'::date) AND (l_shipdate < '1993-07-01 00:00:00'::timestamp without time zone))"}]}]}]},{"Node Type": "Index Scan","Parent Relationship": "Outer","Parallel Aware": false,"Async Capable": false,"Scan Direction": "Forward","Index Name": "supplier_pkey","Relation Name": "supplier","Alias": "supplier","Startup Cost": 0.29,"Total Cost": 495.43,"Plan Rows": 10000,"Plan Width": 71,"Actual Startup Time": 0.093,"Actual Total Time": 12.333,"Actual Rows": 7478,"Actual Loops": 1},{"Node Type": "Sort","Parent Relationship": "Inner","Parallel Aware": false,"Async Capable": false,"Startup Cost": 124665.38,"Total Cost": 124665.50,"Plan Rows": 50,"Plan Width": 36,"Actual Startup Time": 1885.515,"Actual Total Time": 1885.531,"Actual Rows": 1,"Actual Loops": 1,"Sort Key": ["revenue0.supplier_no"],"Sort Method": "quicksort","Sort Space Used": 25,"Sort Space Type": "Memory","Plans": [{"Node Type": "Subquery Scan","Parent Relationship": "Outer","Parallel Aware": false,"Async Capable": false,"Alias": "revenue0","Startup Cost": 124513.36,"Total Cost": 124663.97,"Plan Rows": 50,"Plan Width": 36,"Actual Startup Time": 1880.649,"Actual Total Time": 1885.498,"Actual Rows": 1,"Actual Loops": 1,"Plans": [{"Node Type": "Aggregate","Strategy": "Hashed","Partial Mode": "Simple","Parent Relationship": "Subquery","Parallel Aware": false,"Async Capable": false,"Startup Cost": 124513.36,"Total Cost": 124663.47,"Plan Rows": 50,"Plan Width": 36,"Actual Startup Time": 1880.643,"Actual Total Time": 1885.490,"Actual Rows": 1,"Actual Loops": 1,"Group Key": ["lineitem.l_suppkey"],"Filter": "(sum((lineitem.l_extendedprice * ('1'::numeric - lineitem.l_discount))) = $0)","Planned Partitions": 0,"HashAgg Batches": 1,"Peak Memory Usage": 4497,"Disk Usage": 0,"Rows Removed by Filter": 9999,"Plans": [{"Node Type": "Bitmap Heap Scan","Parent Relationship": "Outer","Parallel Aware": false,"Async Capable": false,"Relation Name": "lineitem","Alias": "lineitem","Startup Cost": 6085.59,"Total Cost": 122143.46,"Plan Rows": 236991,"Plan Width": 16,"Actual Startup Time": 49.990,"Actual Total Time": 876.930,"Actual Rows": 225457,"Actual Loops": 1,"Recheck Cond": "((l_shipdate >= '1993-04-01'::date) AND (l_shipdate < '1993-07-01 00:00:00'::timestamp without time zone))","Rows Removed by Index Recheck": 0,"Exact Heap Blocks": 66507,"Lossy Heap Blocks": 0,"Plans": [{"Node Type": "Bitmap Index Scan","Parent Relationship": "Outer","Parallel Aware": false,"Async Capable": false,"Index Name": "idx_lineitem_shipdate","Startup Cost": 0.00,"Total Cost": 6026.34,"Plan Rows": 236991,"Plan Width": 0,"Actual Startup Time": 36.697,"Actual Total Time": 36.700,"Actual Rows": 225457,"Actual Loops": 1,"Index Cond": "((l_shipdate >= '1993-04-01'::date) AND (l_shipdate < '1993-07-01 00:00:00'::timestamp without time zone))"}]}]}]}]}]},"Planning Time": 4.174,"Triggers": [],"Execution Time": 1900.156}]
[{"Plan": {"Node Type": "Merge Join","Parallel Aware": false,"Async Capable": false,"Join Type": "Inner","Startup Cost": 248906.53,"Total Cost": 249427.43,"Plan Rows": 50,"Plan Width": 103,"Actual Startup Time": 2120.338,"Actual Total Time": 2120.405,"Actual Rows": 1,"Actual Loops": 1,"Inner Unique": true,"Merge Cond": "(supplier.s_suppkey = revenue0.supplier_no)","Plans": [{"Node Type": "Aggregate","Strategy": "Plain","Partial Mode": "Simple","Parent Relationship": "InitPlan","Subplan Name": "InitPlan 1 (returns $0)","Parallel Aware": false,"Async Capable": false,"Startup Cost": 124502.20,"Total Cost": 124502.21,"Plan Rows": 1,"Plan Width": 32,"Actual Startup Time": 995.653,"Actual Total Time": 995.675,"Actual Rows": 1,"Actual Loops": 1,"Plans": [{"Node Type": "Aggregate","Strategy": "Hashed","Partial Mode": "Simple","Parent Relationship": "Outer","Parallel Aware": false,"Async Capable": false,"Startup Cost": 124252.02,"Total Cost": 124377.11,"Plan Rows": 10007,"Plan Width": 36,"Actual Startup Time": 988.573,"Actual Total Time": 995.015,"Actual Rows": 10000,"Actual Loops": 1,"Group Key": ["lineitem_1.l_suppkey"],"Planned Partitions": 0,"HashAgg Batches": 1,"Peak Memory Usage": 4497,"Disk Usage": 0,"Plans": [{"Node Type": "Bitmap Heap Scan","Parent Relationship": "Outer","Parallel Aware": false,"Async Capable": false,"Relation Name": "lineitem","Alias": "lineitem_1","Startup Cost": 5658.18,"Total Cost": 122049.35,"Plan Rows": 220268,"Plan Width": 16,"Actual Startup Time": 64.084,"Actual Total Time": 782.585,"Actual Rows": 229188,"Actual Loops": 1,"Recheck Cond": "((l_shipdate >= '1996-06-01'::date) AND (l_shipdate < '1996-09-01 00:00:00'::timestamp without time zone))","Rows Removed by Index Recheck": 0,"Exact Heap Blocks": 67237,"Lossy Heap Blocks": 0,"Plans": [{"Node Type": "Bitmap Index Scan","Parent Relationship": "Outer","Parallel Aware": false,"Async Capable": false,"Index Name": "idx_lineitem_shipdate","Startup Cost": 0.00,"Total Cost": 5603.11,"Plan Rows": 220268,"Plan Width": 0,"Actual Startup Time": 50.249,"Actual Total Time": 50.261,"Actual Rows": 229188,"Actual Loops": 1,"Index Cond": "((l_shipdate >= '1996-06-01'::date) AND (l_shipdate < '1996-09-01 00:00:00'::timestamp without time zone))"}]}]}]},{"Node Type": "Index Scan","Parent Relationship": "Outer","Parallel Aware": false,"Async Capable": false,"Scan Direction": "Forward","Index Name": "supplier_pkey","Relation Name": "supplier","Alias": "supplier","Startup Cost": 0.29,"Total Cost": 495.43,"Plan Rows": 10000,"Plan Width": 71,"Actual Startup Time": 0.111,"Actual Total Time": 6.155,"Actual Rows": 3498,"Actual Loops": 1},{"Node Type": "Sort","Parent Relationship": "Inner","Parallel Aware": false,"Async Capable": false,"Startup Cost": 124404.04,"Total Cost": 124404.16,"Plan Rows": 50,"Plan Width": 36,"Actual Startup Time": 2113.926,"Actual Total Time": 2113.963,"Actual Rows": 1,"Actual Loops": 1,"Sort Key": ["revenue0.supplier_no"],"Sort Method": "quicksort","Sort Space Used": 25,"Sort Space Type": "Memory","Plans": [{"Node Type": "Subquery Scan","Parent Relationship": "Outer","Parallel Aware": false,"Async Capable": false,"Alias": "revenue0","Startup Cost": 124252.02,"Total Cost": 124402.63,"Plan Rows": 50,"Plan Width": 36,"Actual Startup Time": 2110.361,"Actual Total Time": 2113.880,"Actual Rows": 1,"Actual Loops": 1,"Plans": [{"Node Type": "Aggregate","Strategy": "Hashed","Partial Mode": "Simple","Parent Relationship": "Subquery","Parallel Aware": false,"Async Capable": false,"Startup Cost": 124252.02,"Total Cost": 124402.13,"Plan Rows": 50,"Plan Width": 36,"Actual Startup Time": 2110.349,"Actual Total Time": 2113.833,"Actual Rows": 1,"Actual Loops": 1,"Group Key": ["lineitem.l_suppkey"],"Filter": "(sum((lineitem.l_extendedprice * ('1'::numeric - lineitem.l_discount))) = $0)","Planned Partitions": 0,"HashAgg Batches": 1,"Peak Memory Usage": 4497,"Disk Usage": 0,"Rows Removed by Filter": 9999,"Plans": [{"Node Type": "Bitmap Heap Scan","Parent Relationship": "Outer","Parallel Aware": false,"Async Capable": false,"Relation Name": "lineitem","Alias": "lineitem","Startup Cost": 5658.18,"Total Cost": 122049.35,"Plan Rows": 220268,"Plan Width": 16,"Actual Startup Time": 61.436,"Actual Total Time": 938.941,"Actual Rows": 229188,"Actual Loops": 1,"Recheck Cond": "((l_shipdate >= '1996-06-01'::date) AND (l_shipdate < '1996-09-01 00:00:00'::timestamp without time zone))","Rows Removed by Index Recheck": 0,"Exact Heap Blocks": 67237,"Lossy Heap Blocks": 0,"Plans": [{"Node Type": "Bitmap Index Scan","Parent Relationship": "Outer","Parallel Aware": false,"Async Capable": false,"Index Name": "idx_lineitem_shipdate","Startup Cost": 0.00,"Total Cost": 5603.11,"Plan Rows": 220268,"Plan Width": 0,"Actual Startup Time": 47.976,"Actual Total Time": 47.995,"Actual Rows": 229188,"Actual Loops": 1,"Index Cond": "((l_shipdate >= '1996-06-01'::date) AND (l_shipdate < '1996-09-01 00:00:00'::timestamp without time zone))"}]}]}]}]}]},"Planning Time": 3.999,"Triggers": [],"Execution Time": 2125.477}]
[{"Plan": {"Node Type": "Merge Join","Parallel Aware": false,"Async Capable": false,"Join Type": "Inner","Startup Cost": 248983.50,"Total Cost": 249504.39,"Plan Rows": 50,"Plan Width": 103,"Actual Startup Time": 1938.743,"Actual Total Time": 1938.793,"Actual Rows": 1,"Actual Loops": 1,"Inner Unique": true,"Merge Cond": "(supplier.s_suppkey = revenue0.supplier_no)","Plans": [{"Node Type": "Aggregate","Strategy": "Plain","Partial Mode": "Simple","Parent Relationship": "InitPlan","Subplan Name": "InitPlan 1 (returns $0)","Parallel Aware": false,"Async Capable": false,"Startup Cost": 124540.68,"Total Cost": 124540.69,"Plan Rows": 1,"Plan Width": 32,"Actual Startup Time": 839.155,"Actual Total Time": 839.170,"Actual Rows": 1,"Actual Loops": 1,"Plans": [{"Node Type": "Aggregate","Strategy": "Hashed","Partial Mode": "Simple","Parent Relationship": "Outer","Parallel Aware": false,"Async Capable": false,"Startup Cost": 124290.50,"Total Cost": 124415.59,"Plan Rows": 10007,"Plan Width": 36,"Actual Startup Time": 829.011,"Actual Total Time": 838.572,"Actual Rows": 10000,"Actual Loops": 1,"Group Key": ["lineitem_1.l_suppkey"],"Planned Partitions": 0,"HashAgg Batches": 1,"Peak Memory Usage": 4497,"Disk Usage": 0,"Plans": [{"Node Type": "Bitmap Heap Scan","Parent Relationship": "Outer","Parallel Aware": false,"Async Capable": false,"Relation Name": "lineitem","Alias": "lineitem_1","Startup Cost": 5640.16,"Total Cost": 122093.70,"Plan Rows": 219681,"Plan Width": 16,"Actual Startup Time": 57.904,"Actual Total Time": 668.211,"Actual Rows": 225815,"Actual Loops": 1,"Recheck Cond": "((l_shipdate >= '1996-12-01'::date) AND (l_shipdate < '1997-03-01 00:00:00'::timestamp without time zone))","Rows Removed by Index Recheck": 0,"Exact Heap Blocks": 66669,"Lossy Heap Blocks": 0,"Plans": [{"Node Type": "Bitmap Index Scan","Parent Relationship": "Outer","Parallel Aware": false,"Async Capable": false,"Index Name": "idx_lineitem_shipdate","Startup Cost": 0.00,"Total Cost": 5585.24,"Plan Rows": 219681,"Plan Width": 0,"Actual Startup Time": 44.432,"Actual Total Time": 44.435,"Actual Rows": 225815,"Actual Loops": 1,"Index Cond": "((l_shipdate >= '1996-12-01'::date) AND (l_shipdate < '1997-03-01 00:00:00'::timestamp without time zone))"}]}]}]},{"Node Type": "Index Scan","Parent Relationship": "Outer","Parallel Aware": false,"Async Capable": false,"Scan Direction": "Forward","Index Name": "supplier_pkey","Relation Name": "supplier","Alias": "supplier","Startup Cost": 0.29,"Total Cost": 495.43,"Plan Rows": 10000,"Plan Width": 71,"Actual Startup Time": 0.092,"Actual Total Time": 9.144,"Actual Rows": 5992,"Actual Loops": 1},{"Node Type": "Sort","Parent Relationship": "Inner","Parallel Aware": false,"Async Capable": false,"Startup Cost": 124442.52,"Total Cost": 124442.65,"Plan Rows": 50,"Plan Width": 36,"Actual Startup Time": 1929.238,"Actual Total Time": 1929.255,"Actual Rows": 1,"Actual Loops": 1,"Sort Key": ["revenue0.supplier_no"],"Sort Method": "quicksort","Sort Space Used": 25,"Sort Space Type": "Memory","Plans": [{"Node Type": "Subquery Scan","Parent Relationship": "Outer","Parallel Aware": false,"Async Capable": false,"Alias": "revenue0","Startup Cost": 124290.50,"Total Cost": 124441.11,"Plan Rows": 50,"Plan Width": 36,"Actual Startup Time": 1899.450,"Actual Total Time": 1929.215,"Actual Rows": 1,"Actual Loops": 1,"Plans": [{"Node Type": "Aggregate","Strategy": "Hashed","Partial Mode": "Simple","Parent Relationship": "Subquery","Parallel Aware": false,"Async Capable": false,"Startup Cost": 124290.50,"Total Cost": 124440.61,"Plan Rows": 50,"Plan Width": 36,"Actual Startup Time": 1899.446,"Actual Total Time": 1929.206,"Actual Rows": 1,"Actual Loops": 1,"Group Key": ["lineitem.l_suppkey"],"Filter": "(sum((lineitem.l_extendedprice * ('1'::numeric - lineitem.l_discount))) = $0)","Planned Partitions": 0,"HashAgg Batches": 1,"Peak Memory Usage": 4497,"Disk Usage": 0,"Rows Removed by Filter": 9999,"Plans": [{"Node Type": "Bitmap Heap Scan","Parent Relationship": "Outer","Parallel Aware": false,"Async Capable": false,"Relation Name": "lineitem","Alias": "lineitem","Startup Cost": 5640.16,"Total Cost": 122093.70,"Plan Rows": 219681,"Plan Width": 16,"Actual Startup Time": 57.890,"Actual Total Time": 893.942,"Actual Rows": 225815,"Actual Loops": 1,"Recheck Cond": "((l_shipdate >= '1996-12-01'::date) AND (l_shipdate < '1997-03-01 00:00:00'::timestamp without time zone))","Rows Removed by Index Recheck": 0,"Exact Heap Blocks": 66669,"Lossy Heap Blocks": 0,"Plans": [{"Node Type": "Bitmap Index Scan","Parent Relationship": "Outer","Parallel Aware": false,"Async Capable": false,"Index Name": "idx_lineitem_shipdate","Startup Cost": 0.00,"Total Cost": 5585.24,"Plan Rows": 219681,"Plan Width": 0,"Actual Startup Time": 44.501,"Actual Total Time": 44.501,"Actual Rows": 225815,"Actual Loops": 1,"Index Cond": "((l_shipdate >= '1996-12-01'::date) AND (l_shipdate < '1997-03-01 00:00:00'::timestamp without time zone))"}]}]}]}]}]},"Planning Time": 4.317,"Triggers": [],"Execution Time": 1941.817}]
[{"Plan": {"Node Type": "Merge Join","Parallel Aware": false,"Async Capable": false,"Join Type": "Inner","Startup Cost": 248646.16,"Total Cost": 249167.06,"Plan Rows": 50,"Plan Width": 103,"Actual Startup Time": 2067.824,"Actual Total Time": 2067.872,"Actual Rows": 1,"Actual Loops": 1,"Inner Unique": true,"Merge Cond": "(supplier.s_suppkey = revenue0.supplier_no)","Plans": [{"Node Type": "Aggregate","Strategy": "Plain","Partial Mode": "Simple","Parent Relationship": "InitPlan","Subplan Name": "InitPlan 1 (returns $0)","Parallel Aware": false,"Async Capable": false,"Startup Cost": 124372.01,"Total Cost": 124372.02,"Plan Rows": 1,"Plan Width": 32,"Actual Startup Time": 931.824,"Actual Total Time": 931.838,"Actual Rows": 1,"Actual Loops": 1,"Plans": [{"Node Type": "Aggregate","Strategy": "Hashed","Partial Mode": "Simple","Parent Relationship": "Outer","Parallel Aware": false,"Async Capable": false,"Startup Cost": 124121.84,"Total Cost": 124246.93,"Plan Rows": 10007,"Plan Width": 36,"Actual Startup Time": 922.356,"Actual Total Time": 931.242,"Actual Rows": 10000,"Actual Loops": 1,"Group Key": ["lineitem_1.l_suppkey"],"Planned Partitions": 0,"HashAgg Batches": 1,"Peak Memory Usage": 4497,"Disk Usage": 0,"Plans": [{"Node Type": "Bitmap Heap Scan","Parent Relationship": "Outer","Parallel Aware": false,"Async Capable": false,"Relation Name": "lineitem","Alias": "lineitem_1","Startup Cost": 5886.63,"Total Cost": 121828.95,"Plan Rows": 229288,"Plan Width": 16,"Actual Startup Time": 58.527,"Actual Total Time": 775.769,"Actual Rows": 229065,"Actual Loops": 1,"Recheck Cond": "((l_shipdate >= '1994-08-01'::date) AND (l_shipdate < '1994-11-01 00:00:00'::timestamp without time zone))","Rows Removed by Index Recheck": 0,"Exact Heap Blocks": 67202,"Lossy Heap Blocks": 0,"Plans": [{"Node Type": "Bitmap Index Scan","Parent Relationship": "Outer","Parallel Aware": false,"Async Capable": false,"Index Name": "idx_lineitem_shipdate","Startup Cost": 0.00,"Total Cost": 5829.31,"Plan Rows": 229288,"Plan Width": 0,"Actual Startup Time": 45.025,"Actual Total Time": 45.031,"Actual Rows": 229065,"Actual Loops": 1,"Index Cond": "((l_shipdate >= '1994-08-01'::date) AND (l_shipdate < '1994-11-01 00:00:00'::timestamp without time zone))"}]}]}]},{"Node Type": "Index Scan","Parent Relationship": "Outer","Parallel Aware": false,"Async Capable": false,"Scan Direction": "Forward","Index Name": "supplier_pkey","Relation Name": "supplier","Alias": "supplier","Startup Cost": 0.29,"Total Cost": 495.43,"Plan Rows": 10000,"Plan Width": 71,"Actual Startup Time": 0.106,"Actual Total Time": 14.913,"Actual Rows": 9980,"Actual Loops": 1},{"Node Type": "Sort","Parent Relationship": "Inner","Parallel Aware": false,"Async Capable": false,"Startup Cost": 124273.86,"Total Cost": 124273.98,"Plan Rows": 50,"Plan Width": 36,"Actual Startup Time": 2052.345,"Actual Total Time": 2052.360,"Actual Rows": 1,"Actual Loops": 1,"Sort Key": ["revenue0.supplier_no"],"Sort Method": "quicksort","Sort Space Used": 25,"Sort Space Type": "Memory","Plans": [{"Node Type": "Subquery Scan","Parent Relationship": "Outer","Parallel Aware": false,"Async Capable": false,"Alias": "revenue0","Startup Cost": 124121.84,"Total Cost": 124272.44,"Plan Rows": 50,"Plan Width": 36,"Actual Startup Time": 2031.394,"Actual Total Time": 2052.312,"Actual Rows": 1,"Actual Loops": 1,"Plans": [{"Node Type": "Aggregate","Strategy": "Hashed","Partial Mode": "Simple","Parent Relationship": "Subquery","Parallel Aware": false,"Async Capable": false,"Startup Cost": 124121.84,"Total Cost": 124271.94,"Plan Rows": 50,"Plan Width": 36,"Actual Startup Time": 2031.385,"Actual Total Time": 2052.295,"Actual Rows": 1,"Actual Loops": 1,"Group Key": ["lineitem.l_suppkey"],"Filter": "(sum((lineitem.l_extendedprice * ('1'::numeric - lineitem.l_discount))) = $0)","Planned Partitions": 0,"HashAgg Batches": 1,"Peak Memory Usage": 4497,"Disk Usage": 0,"Rows Removed by Filter": 9999,"Plans": [{"Node Type": "Bitmap Heap Scan","Parent Relationship": "Outer","Parallel Aware": false,"Async Capable": false,"Relation Name": "lineitem","Alias": "lineitem","Startup Cost": 5886.63,"Total Cost": 121828.95,"Plan Rows": 229288,"Plan Width": 16,"Actual Startup Time": 54.472,"Actual Total Time": 926.953,"Actual Rows": 229065,"Actual Loops": 1,"Recheck Cond": "((l_shipdate >= '1994-08-01'::date) AND (l_shipdate < '1994-11-01 00:00:00'::timestamp without time zone))","Rows Removed by Index Recheck": 0,"Exact Heap Blocks": 67202,"Lossy Heap Blocks": 0,"Plans": [{"Node Type": "Bitmap Index Scan","Parent Relationship": "Outer","Parallel Aware": false,"Async Capable": false,"Index Name": "idx_lineitem_shipdate","Startup Cost": 0.00,"Total Cost": 5829.31,"Plan Rows": 229288,"Plan Width": 0,"Actual Startup Time": 41.071,"Actual Total Time": 41.073,"Actual Rows": 229065,"Actual Loops": 1,"Index Cond": "((l_shipdate >= '1994-08-01'::date) AND (l_shipdate < '1994-11-01 00:00:00'::timestamp without time zone))"}]}]}]}]}]},"Planning Time": 4.637,"Triggers": [],"Execution Time": 2073.259}]
[{"Plan": {"Node Type": "Merge Join","Parallel Aware": false,"Async Capable": false,"Join Type": "Inner","Startup Cost": 248243.53,"Total Cost": 248764.43,"Plan Rows": 50,"Plan Width": 103,"Actual Startup Time": 1915.884,"Actual Total Time": 1915.929,"Actual Rows": 1,"Actual Loops": 1,"Inner Unique": true,"Merge Cond": "(supplier.s_suppkey = revenue0.supplier_no)","Plans": [{"Node Type": "Aggregate","Strategy": "Plain","Partial Mode": "Simple","Parent Relationship": "InitPlan","Subplan Name": "InitPlan 1 (returns $0)","Parallel Aware": false,"Async Capable": false,"Startup Cost": 124170.70,"Total Cost": 124170.71,"Plan Rows": 1,"Plan Width": 32,"Actual Startup Time": 821.081,"Actual Total Time": 821.096,"Actual Rows": 1,"Actual Loops": 1,"Plans": [{"Node Type": "Aggregate","Strategy": "Hashed","Partial Mode": "Simple","Parent Relationship": "Outer","Parallel Aware": false,"Async Capable": false,"Startup Cost": 123920.52,"Total Cost": 124045.61,"Plan Rows": 10007,"Plan Width": 36,"Actual Startup Time": 813.173,"Actual Total Time": 820.503,"Actual Rows": 10000,"Actual Loops": 1,"Group Key": ["lineitem_1.l_suppkey"],"Planned Partitions": 0,"HashAgg Batches": 1,"Peak Memory Usage": 4497,"Disk Usage": 0,"Plans": [{"Node Type": "Bitmap Heap Scan","Parent Relationship": "Outer","Parallel Aware": false,"Async Capable": false,"Relation Name": "lineitem","Alias": "lineitem_1","Startup Cost": 5785.54,"Total Cost": 121667.73,"Plan Rows": 225279,"Plan Width": 16,"Actual Startup Time": 53.465,"Actual Total Time": 668.418,"Actual Rows": 228688,"Actual Loops": 1,"Recheck Cond": "((l_shipdate >= '1997-10-01'::date) AND (l_shipdate < '1998-01-01 00:00:00'::timestamp without time zone))","Rows Removed by Index Recheck": 0,"Exact Heap Blocks": 67089,"Lossy Heap Blocks": 0,"Plans": [{"Node Type": "Bitmap Index Scan","Parent Relationship": "Outer","Parallel Aware": false,"Async Capable": false,"Index Name": "idx_lineitem_shipdate","Startup Cost": 0.00,"Total Cost": 5729.22,"Plan Rows": 225279,"Plan Width": 0,"Actual Startup Time": 39.849,"Actual Total Time": 39.857,"Actual Rows": 228688,"Actual Loops": 1,"Index Cond": "((l_shipdate >= '1997-10-01'::date) AND (l_shipdate < '1998-01-01 00:00:00'::timestamp without time zone))"}]}]}]},{"Node Type": "Index Scan","Parent Relationship": "Outer","Parallel Aware": false,"Async Capable": false,"Scan Direction": "Forward","Index Name": "supplier_pkey","Relation Name": "supplier","Alias": "supplier","Startup Cost": 0.29,"Total Cost": 495.43,"Plan Rows": 10000,"Plan Width": 71,"Actual Startup Time": 0.114,"Actual Total Time": 13.613,"Actual Rows": 8489,"Actual Loops": 1},{"Node Type": "Sort","Parent Relationship": "Inner","Parallel Aware": false,"Async Capable": false,"Startup Cost": 124072.54,"Total Cost": 124072.66,"Plan Rows": 50,"Plan Width": 36,"Actual Startup Time": 1901.761,"Actual Total Time": 1901.777,"Actual Rows": 1,"Actual Loops": 1,"Sort Key": ["revenue0.supplier_no"],"Sort Method": "quicksort","Sort Space Used": 25,"Sort Space Type": "Memory","Plans": [{"Node Type": "Subquery Scan","Parent Relationship": "Outer","Parallel Aware": false,"Async Capable": false,"Alias": "revenue0","Startup Cost": 123920.52,"Total Cost": 124071.13,"Plan Rows": 50,"Plan Width": 36,"Actual Startup Time": 1891.664,"Actual Total Time": 1901.731,"Actual Rows": 1,"Actual Loops": 1,"Plans": [{"Node Type": "Aggregate","Strategy": "Hashed","Partial Mode": "Simple","Parent Relationship": "Subquery","Parallel Aware": false,"Async Capable": false,"Startup Cost": 123920.52,"Total Cost": 124070.63,"Plan Rows": 50,"Plan Width": 36,"Actual Startup Time": 1891.658,"Actual Total Time": 1901.722,"Actual Rows": 1,"Actual Loops": 1,"Group Key": ["lineitem.l_suppkey"],"Filter": "(sum((lineitem.l_extendedprice * ('1'::numeric - lineitem.l_discount))) = $0)","Planned Partitions": 0,"HashAgg Batches": 1,"Peak Memory Usage": 4497,"Disk Usage": 0,"Rows Removed by Filter": 9999,"Plans": [{"Node Type": "Bitmap Heap Scan","Parent Relationship": "Outer","Parallel Aware": false,"Async Capable": false,"Relation Name": "lineitem","Alias": "lineitem","Startup Cost": 5785.54,"Total Cost": 121667.73,"Plan Rows": 225279,"Plan Width": 16,"Actual Startup Time": 53.563,"Actual Total Time": 882.400,"Actual Rows": 228688,"Actual Loops": 1,"Recheck Cond": "((l_shipdate >= '1997-10-01'::date) AND (l_shipdate < '1998-01-01 00:00:00'::timestamp without time zone))","Rows Removed by Index Recheck": 0,"Exact Heap Blocks": 67089,"Lossy Heap Blocks": 0,"Plans": [{"Node Type": "Bitmap Index Scan","Parent Relationship": "Outer","Parallel Aware": false,"Async Capable": false,"Index Name": "idx_lineitem_shipdate","Startup Cost": 0.00,"Total Cost": 5729.22,"Plan Rows": 225279,"Plan Width": 0,"Actual Startup Time": 40.246,"Actual Total Time": 40.250,"Actual Rows": 228688,"Actual Loops": 1,"Index Cond": "((l_shipdate >= '1997-10-01'::date) AND (l_shipdate < '1998-01-01 00:00:00'::timestamp without time zone))"}]}]}]}]}]},"Planning Time": 3.944,"Triggers": [],"Execution Time": 1917.936}]
[{"Plan": {"Node Type": "Merge Join","Parallel Aware": false,"Async Capable": false,"Join Type": "Inner","Startup Cost": 249129.82,"Total Cost": 249650.72,"Plan Rows": 50,"Plan Width": 103,"Actual Startup Time": 2040.373,"Actual Total Time": 2040.424,"Actual Rows": 1,"Actual Loops": 1,"Inner Unique": true,"Merge Cond": "(supplier.s_suppkey = revenue0.supplier_no)","Plans": [{"Node Type": "Aggregate","Strategy": "Plain","Partial Mode": "Simple","Parent Relationship": "InitPlan","Subplan Name": "InitPlan 1 (returns $0)","Parallel Aware": false,"Async Capable": false,"Startup Cost": 124613.84,"Total Cost": 124613.85,"Plan Rows": 1,"Plan Width": 32,"Actual Startup Time": 918.752,"Actual Total Time": 918.766,"Actual Rows": 1,"Actual Loops": 1,"Plans": [{"Node Type": "Aggregate","Strategy": "Hashed","Partial Mode": "Simple","Parent Relationship": "Outer","Parallel Aware": false,"Async Capable": false,"Startup Cost": 124363.67,"Total Cost": 124488.76,"Plan Rows": 10007,"Plan Width": 36,"Actual Startup Time": 912.515,"Actual Total Time": 918.159,"Actual Rows": 10000,"Actual Loops": 1,"Group Key": ["lineitem_1.l_suppkey"],"Planned Partitions": 0,"HashAgg Batches": 1,"Peak Memory Usage": 4497,"Disk Usage": 0,"Plans": [{"Node Type": "Bitmap Heap Scan","Parent Relationship": "Outer","Parallel Aware": false,"Async Capable": false,"Relation Name": "lineitem","Alias": "lineitem_1","Startup Cost": 5613.44,"Total Cost": 122177.32,"Plan Rows": 218635,"Plan Width": 16,"Actual Startup Time": 56.617,"Actual Total Time": 768.840,"Actual Rows": 222109,"Actual Loops": 1,"Recheck Cond": "((l_shipdate >= '1993-02-01'::date) AND (l_shipdate < '1993-05-01 00:00:00'::timestamp without time zone))","Rows Removed by Index Recheck": 0,"Exact Heap Blocks": 66260,"Lossy Heap Blocks": 0,"Plans": [{"Node Type": "Bitmap Index Scan","Parent Relationship": "Outer","Parallel Aware": false,"Async Capable": false,"Index Name": "idx_lineitem_shipdate","Startup Cost": 0.00,"Total Cost": 5558.78,"Plan Rows": 218635,"Plan Width": 0,"Actual Startup Time": 43.062,"Actual Total Time": 43.067,"Actual Rows": 222109,"Actual Loops": 1,"Index Cond": "((l_shipdate >= '1993-02-01'::date) AND (l_shipdate < '1993-05-01 00:00:00'::timestamp without time zone))"}]}]}]},{"Node Type": "Index Scan","Parent Relationship": "Outer","Parallel Aware": false,"Async Capable": false,"Scan Direction": "Forward","Index Name": "supplier_pkey","Relation Name": "supplier","Alias": "supplier","Startup Cost": 0.29,"Total Cost": 495.43,"Plan Rows": 10000,"Plan Width": 71,"Actual Startup Time": 0.102,"Actual Total Time": 14.495,"Actual Rows": 9462,"Actual Loops": 1},{"Node Type": "Sort","Parent Relationship": "Inner","Parallel Aware": false,"Async Capable": false,"Startup Cost": 124515.68,"Total Cost": 124515.81,"Plan Rows": 50,"Plan Width": 36,"Actual Startup Time": 2025.337,"Actual Total Time": 2025.356,"Actual Rows": 1,"Actual Loops": 1,"Sort Key": ["revenue0.supplier_no"],"Sort Method": "quicksort","Sort Space Used": 25,"Sort Space Type": "Memory","Plans": [{"Node Type": "Subquery Scan","Parent Relationship": "Outer","Parallel Aware": false,"Async Capable": false,"Alias": "revenue0","Startup Cost": 124363.67,"Total Cost": 124514.27,"Plan Rows": 50,"Plan Width": 36,"Actual Startup Time": 2023.327,"Actual Total Time": 2025.299,"Actual Rows": 1,"Actual Loops": 1,"Plans": [{"Node Type": "Aggregate","Strategy": "Hashed","Partial Mode": "Simple","Parent Relationship": "Subquery","Parallel Aware": false,"Async Capable": false,"Startup Cost": 124363.67,"Total Cost": 124513.77,"Plan Rows": 50,"Plan Width": 36,"Actual Startup Time": 2023.320,"Actual Total Time": 2025.281,"Actual Rows": 1,"Actual Loops": 1,"Group Key": ["lineitem.l_suppkey"],"Filter": "(sum((lineitem.l_extendedprice * ('1'::numeric - lineitem.l_discount))) = $0)","Planned Partitions": 0,"HashAgg Batches": 1,"Peak Memory Usage": 4497,"Disk Usage": 0,"Rows Removed by Filter": 9999,"Plans": [{"Node Type": "Bitmap Heap Scan","Parent Relationship": "Outer","Parallel Aware": false,"Async Capable": false,"Relation Name": "lineitem","Alias": "lineitem","Startup Cost": 5613.44,"Total Cost": 122177.32,"Plan Rows": 218635,"Plan Width": 16,"Actual Startup Time": 53.952,"Actual Total Time": 912.955,"Actual Rows": 222109,"Actual Loops": 1,"Recheck Cond": "((l_shipdate >= '1993-02-01'::date) AND (l_shipdate < '1993-05-01 00:00:00'::timestamp without time zone))","Rows Removed by Index Recheck": 0,"Exact Heap Blocks": 66260,"Lossy Heap Blocks": 0,"Plans": [{"Node Type": "Bitmap Index Scan","Parent Relationship": "Outer","Parallel Aware": false,"Async Capable": false,"Index Name": "idx_lineitem_shipdate","Startup Cost": 0.00,"Total Cost": 5558.78,"Plan Rows": 218635,"Plan Width": 0,"Actual Startup Time": 40.555,"Actual Total Time": 40.556,"Actual Rows": 222109,"Actual Loops": 1,"Index Cond": "((l_shipdate >= '1993-02-01'::date) AND (l_shipdate < '1993-05-01 00:00:00'::timestamp without time zone))"}]}]}]}]}]},"Planning Time": 4.191,"Triggers": [],"Execution Time": 2046.034}]
